<?xml version="1.0" encoding="UTF-8"?>
<testsuite name="de.uka.ilkd.key.parser.TestTacletParser" tests="20" skipped="0" failures="0" errors="0" timestamp="2023-05-27T17:10:39" hostname="fv-az464-622" time="0.071">
  <properties/>
  <testcase name="testAllRight()" classname="de.uka.ilkd.key.parser.TestTacletParser" time="0.005"/>
  <testcase name="testSchemaJava0()" classname="de.uka.ilkd.key.parser.TestTacletParser" time="0.007"/>
  <testcase name="testSchemaJava1()" classname="de.uka.ilkd.key.parser.TestTacletParser" time="0.024"/>
  <testcase name="testSchemaJava2()" classname="de.uka.ilkd.key.parser.TestTacletParser" time="0.004"/>
  <testcase name="testSchemaJava4()" classname="de.uka.ilkd.key.parser.TestTacletParser" time="0.007"/>
  <testcase name="testSchemaJava6()" classname="de.uka.ilkd.key.parser.TestTacletParser" time="0.003"/>
  <testcase name="testSchemaJava8()" classname="de.uka.ilkd.key.parser.TestTacletParser" time="0.001"/>
  <testcase name="testCut()" classname="de.uka.ilkd.key.parser.TestTacletParser" time="0.001"/>
  <testcase name="testMakeInsertEq()" classname="de.uka.ilkd.key.parser.TestTacletParser" time="0.001"/>
  <testcase name="testAllLeft()" classname="de.uka.ilkd.key.parser.TestTacletParser" time="0.001"/>
  <testcase name="testClose()" classname="de.uka.ilkd.key.parser.TestTacletParser" time="0.001"/>
  <testcase name="testSchemaJava10()" classname="de.uka.ilkd.key.parser.TestTacletParser" time="0.001"/>
  <testcase name="testSchemaJava11()" classname="de.uka.ilkd.key.parser.TestTacletParser" time="0.003"/>
  <testcase name="testFIdempotent()" classname="de.uka.ilkd.key.parser.TestTacletParser" time="0.001"/>
  <testcase name="testImpRight()" classname="de.uka.ilkd.key.parser.TestTacletParser" time="0.001"/>
  <testcase name="testVarcondNew()" classname="de.uka.ilkd.key.parser.TestTacletParser" time="0.001"/>
  <testcase name="testFreeReplacewithVariables()" classname="de.uka.ilkd.key.parser.TestTacletParser" time="0.002"/>
  <testcase name="testImpLeft()" classname="de.uka.ilkd.key.parser.TestTacletParser" time="0.001"/>
  <testcase name="testContraposition()" classname="de.uka.ilkd.key.parser.TestTacletParser" time="0.001"/>
  <testcase name="testExConjSplit()" classname="de.uka.ilkd.key.parser.TestTacletParser" time="0.001"/>
  <system-out><![CDATA[261990     INFO  Test worker     d.u.i.k.n.KeyIO           Parsing took 0 ms 
261990     DEBUG Test worker     d.u.i.k.n.KeyIO           Load declarations of de.uka.ilkd.key.nparser.KeyAst$File:  <unknown>:1#1 
261990     INFO  Test worker     d.u.i.k.n.KeyIO           MODE: declarations took 0 ms 
261990     DEBUG Test worker     d.u.i.k.n.KeyIO           MODE: 2nd degree decls took 0 
261990     DEBUG Test worker     d.u.i.k.n.KeyIO           MODE: taclets took 0ms 
261990     INFO  Test worker     d.u.i.k.n.KeyIO           Parsing took 0 ms 
261990     DEBUG Test worker     d.u.i.k.n.KeyIO           Load declarations of de.uka.ilkd.key.nparser.KeyAst$File:  <unknown>:2#1 
261990     INFO  Test worker     d.u.i.k.n.KeyIO           MODE: declarations took 0 ms 
261990     DEBUG Test worker     d.u.i.k.n.KeyIO           MODE: 2nd degree decls took 0 
261990     DEBUG Test worker     d.u.i.k.n.KeyIO           MODE: taclets took 0ms 
261990     INFO  Test worker     d.u.i.k.n.KeyIO           Parsing took 0 ms 
261990     DEBUG Test worker     d.u.i.k.n.KeyIO           Load declarations of de.uka.ilkd.key.nparser.KeyAst$File:  <unknown>:1#1 
261990     INFO  Test worker     d.u.i.k.n.KeyIO           MODE: declarations took 0 ms 
261990     DEBUG Test worker     d.u.i.k.n.KeyIO           MODE: 2nd degree decls took 0 
261990     DEBUG Test worker     d.u.i.k.n.KeyIO           MODE: taclets took 0ms 
261990     INFO  Test worker     d.u.i.k.n.KeyIO           Parsing took 0 ms 
261990     DEBUG Test worker     d.u.i.k.n.KeyIO           Load declarations of de.uka.ilkd.key.nparser.KeyAst$File:  <unknown>:2#1 
261990     INFO  Test worker     d.u.i.k.n.KeyIO           MODE: declarations took 0 ms 
261990     DEBUG Test worker     d.u.i.k.n.KeyIO           MODE: 2nd degree decls took 0 
261990     DEBUG Test worker     d.u.i.k.n.KeyIO           MODE: taclets took 0ms 
261990     INFO  Test worker     d.u.i.k.n.KeyIO           Parsing took 0 ms 
261990     DEBUG Test worker     d.u.i.k.n.KeyIO           Load declarations of de.uka.ilkd.key.nparser.KeyAst$File:  <unknown>:1#1 
261990     INFO  Test worker     d.u.i.k.n.KeyIO           MODE: declarations took 0 ms 
261990     DEBUG Test worker     d.u.i.k.n.KeyIO           MODE: 2nd degree decls took 0 
261990     DEBUG Test worker     d.u.i.k.n.KeyIO           MODE: taclets took 0ms 
262022     WARN  Test worker     d.u.i.k.n.ParsingFacade   SLL was not enough 
262022     WARN  Test worker     d.u.i.k.n.KeYParser       [syntax-error] <unknown>:1:0: mismatched input '{' expecting {<EOF>, '\sorts', '\schemaVariables', '\programVariables', '\include', '\includeLDTs', '\classpath', '\bootclasspath', '\javaSource', '\withOptions', '\optionsDecl', '\settings', '\profile', '\heuristicsDecl', '\predicates', '\functions', '\transformers', '\rules', '\axioms', '\problem', '\chooseContract', '\proofObligation', '\proof', '\contracts', '\invariants', '/*!'} [@0,23:23='{',<148>,1:0] (file) 
262022     INFO  Test worker     d.u.i.k.n.KeyIO           Parsing took 0 ms 
262022     DEBUG Test worker     d.u.i.k.n.KeyIO           Load declarations of de.uka.ilkd.key.nparser.KeyAst$File:  <unknown>:1#1 
262022     INFO  Test worker     d.u.i.k.n.KeyIO           MODE: declarations took 0 ms 
262022     DEBUG Test worker     d.u.i.k.n.KeyIO           MODE: 2nd degree decls took 0 
262022     DEBUG Test worker     d.u.i.k.n.KeyIO           MODE: taclets took 0ms 
262022     WARN  Test worker     d.u.i.k.n.ParsingFacade   SLL was not enough 
262022     WARN  Test worker     d.u.i.k.n.KeYParser       [syntax-error] <unknown>:1:0: mismatched input '{' expecting {<EOF>, '\sorts', '\schemaVariables', '\programVariables', '\include', '\includeLDTs', '\classpath', '\bootclasspath', '\javaSource', '\withOptions', '\optionsDecl', '\settings', '\profile', '\heuristicsDecl', '\predicates', '\functions', '\transformers', '\rules', '\axioms', '\problem', '\chooseContract', '\proofObligation', '\proof', '\contracts', '\invariants', '/*!'} [@0,23:23='{',<148>,1:0] (file) 
262022     INFO  Test worker     d.u.i.k.n.KeyIO           Parsing took 0 ms 
262022     DEBUG Test worker     d.u.i.k.n.KeyIO           Load declarations of de.uka.ilkd.key.nparser.KeyAst$File:  <unknown>:1#1 
262022     INFO  Test worker     d.u.i.k.n.KeyIO           MODE: declarations took 0 ms 
262022     DEBUG Test worker     d.u.i.k.n.KeyIO           MODE: 2nd degree decls took 0 
262022     DEBUG Test worker     d.u.i.k.n.KeyIO           MODE: taclets took 0ms 
262022     INFO  Test worker     d.u.i.k.n.KeyIO           Parsing took 0 ms 
262022     DEBUG Test worker     d.u.i.k.n.KeyIO           Load declarations of de.uka.ilkd.key.nparser.KeyAst$File:  <unknown>:2#1 
262022     INFO  Test worker     d.u.i.k.n.KeyIO           MODE: declarations took 0 ms 
262022     DEBUG Test worker     d.u.i.k.n.KeyIO           MODE: 2nd degree decls took 0 
262037     DEBUG Test worker     d.u.i.k.n.KeyIO           MODE: taclets took 0ms 
262037     INFO  Test worker     d.u.i.k.n.KeyIO           Parsing took 0 ms 
262037     DEBUG Test worker     d.u.i.k.n.KeyIO           Load declarations of de.uka.ilkd.key.nparser.KeyAst$File:  <unknown>:1#1 
262037     INFO  Test worker     d.u.i.k.n.KeyIO           MODE: declarations took 0 ms 
262037     DEBUG Test worker     d.u.i.k.n.KeyIO           MODE: 2nd degree decls took 0 
262037     DEBUG Test worker     d.u.i.k.n.KeyIO           MODE: taclets took 0ms 
262037     INFO  Test worker     d.u.i.k.n.KeyIO           Parsing took 0 ms 
262037     DEBUG Test worker     d.u.i.k.n.KeyIO           Load declarations of de.uka.ilkd.key.nparser.KeyAst$File:  <unknown>:2#1 
262037     INFO  Test worker     d.u.i.k.n.KeyIO           MODE: declarations took 0 ms 
262037     DEBUG Test worker     d.u.i.k.n.KeyIO           MODE: 2nd degree decls took 0 
262037     DEBUG Test worker     d.u.i.k.n.KeyIO           MODE: taclets took 0ms 
262037     INFO  Test worker     d.u.i.k.n.KeyIO           Parsing took 0 ms 
262037     DEBUG Test worker     d.u.i.k.n.KeyIO           Load declarations of de.uka.ilkd.key.nparser.KeyAst$File:  <unknown>:1#1 
262037     INFO  Test worker     d.u.i.k.n.KeyIO           MODE: declarations took 0 ms 
262037     DEBUG Test worker     d.u.i.k.n.KeyIO           MODE: 2nd degree decls took 0 
262037     DEBUG Test worker     d.u.i.k.n.KeyIO           MODE: taclets took 0ms 
262037     INFO  Test worker     d.u.i.k.n.KeyIO           Parsing took 0 ms 
262037     DEBUG Test worker     d.u.i.k.n.KeyIO           Load declarations of de.uka.ilkd.key.nparser.KeyAst$File:  <unknown>:2#1 
262037     INFO  Test worker     d.u.i.k.n.KeyIO           MODE: declarations took 0 ms 
262037     DEBUG Test worker     d.u.i.k.n.KeyIO           MODE: 2nd degree decls took 0 
262037     DEBUG Test worker     d.u.i.k.n.KeyIO           MODE: taclets took 0ms 
262037     INFO  Test worker     d.u.i.k.n.KeyIO           Parsing took 0 ms 
262037     DEBUG Test worker     d.u.i.k.n.KeyIO           Load declarations of de.uka.ilkd.key.nparser.KeyAst$File:  <unknown>:1#1 
262037     INFO  Test worker     d.u.i.k.n.KeyIO           MODE: declarations took 0 ms 
262037     DEBUG Test worker     d.u.i.k.n.KeyIO           MODE: 2nd degree decls took 0 
262037     DEBUG Test worker     d.u.i.k.n.KeyIO           MODE: taclets took 0ms 
262037     INFO  Test worker     d.u.i.k.n.KeyIO           Parsing took 0 ms 
262037     DEBUG Test worker     d.u.i.k.n.KeyIO           Load declarations of de.uka.ilkd.key.nparser.KeyAst$File:  <unknown>:2#1 
262037     INFO  Test worker     d.u.i.k.n.KeyIO           MODE: declarations took 0 ms 
262037     DEBUG Test worker     d.u.i.k.n.KeyIO           MODE: 2nd degree decls took 0 
262037     DEBUG Test worker     d.u.i.k.n.KeyIO           MODE: taclets took 0ms 
262037     INFO  Test worker     d.u.i.k.n.KeyIO           Parsing took 0 ms 
262037     DEBUG Test worker     d.u.i.k.n.KeyIO           Load declarations of de.uka.ilkd.key.nparser.KeyAst$File:  <unknown>:1#1 
262037     INFO  Test worker     d.u.i.k.n.KeyIO           MODE: declarations took 0 ms 
262037     DEBUG Test worker     d.u.i.k.n.KeyIO           MODE: 2nd degree decls took 0 
262037     DEBUG Test worker     d.u.i.k.n.KeyIO           MODE: taclets took 0ms 
262037     INFO  Test worker     d.u.i.k.n.KeyIO           Parsing took 0 ms 
262037     DEBUG Test worker     d.u.i.k.n.KeyIO           Load declarations of de.uka.ilkd.key.nparser.KeyAst$File:  <unknown>:2#1 
262037     INFO  Test worker     d.u.i.k.n.KeyIO           MODE: declarations took 0 ms 
262037     DEBUG Test worker     d.u.i.k.n.KeyIO           MODE: 2nd degree decls took 0 
262037     DEBUG Test worker     d.u.i.k.n.KeyIO           MODE: taclets took 0ms 
262037     INFO  Test worker     d.u.i.k.n.KeyIO           Parsing took 0 ms 
262037     DEBUG Test worker     d.u.i.k.n.KeyIO           Load declarations of de.uka.ilkd.key.nparser.KeyAst$File:  <unknown>:1#1 
262037     INFO  Test worker     d.u.i.k.n.KeyIO           MODE: declarations took 0 ms 
262037     DEBUG Test worker     d.u.i.k.n.KeyIO           MODE: 2nd degree decls took 0 
262037     DEBUG Test worker     d.u.i.k.n.KeyIO           MODE: taclets took 0ms 
262037     INFO  Test worker     d.u.i.k.n.KeyIO           Parsing took 0 ms 
262037     DEBUG Test worker     d.u.i.k.n.KeyIO           Load declarations of de.uka.ilkd.key.nparser.KeyAst$File:  <unknown>:2#1 
262037     INFO  Test worker     d.u.i.k.n.KeyIO           MODE: declarations took 0 ms 
262037     DEBUG Test worker     d.u.i.k.n.KeyIO           MODE: 2nd degree decls took 0 
262037     DEBUG Test worker     d.u.i.k.n.KeyIO           MODE: taclets took 0ms 
262037     INFO  Test worker     d.u.i.k.n.KeyIO           Parsing took 0 ms 
262037     DEBUG Test worker     d.u.i.k.n.KeyIO           Load declarations of de.uka.ilkd.key.nparser.KeyAst$File:  <unknown>:1#1 
262037     INFO  Test worker     d.u.i.k.n.KeyIO           MODE: declarations took 0 ms 
262037     DEBUG Test worker     d.u.i.k.n.KeyIO           MODE: 2nd degree decls took 0 
262037     DEBUG Test worker     d.u.i.k.n.KeyIO           MODE: taclets took 0ms 
262037     INFO  Test worker     d.u.i.k.n.KeyIO           Parsing took 0 ms 
262037     DEBUG Test worker     d.u.i.k.n.KeyIO           Load declarations of de.uka.ilkd.key.nparser.KeyAst$File:  <unknown>:2#1 
262037     INFO  Test worker     d.u.i.k.n.KeyIO           MODE: declarations took 0 ms 
262037     DEBUG Test worker     d.u.i.k.n.KeyIO           MODE: 2nd degree decls took 0 
262037     DEBUG Test worker     d.u.i.k.n.KeyIO           MODE: taclets took 0ms 
262037     INFO  Test worker     d.u.i.k.n.KeyIO           Parsing took 0 ms 
262037     DEBUG Test worker     d.u.i.k.n.KeyIO           Load declarations of de.uka.ilkd.key.nparser.KeyAst$File:  <unknown>:1#1 
262037     INFO  Test worker     d.u.i.k.n.KeyIO           MODE: declarations took 0 ms 
262037     DEBUG Test worker     d.u.i.k.n.KeyIO           MODE: 2nd degree decls took 0 
262037     DEBUG Test worker     d.u.i.k.n.KeyIO           MODE: taclets took 0ms 
262037     INFO  Test worker     d.u.i.k.n.KeyIO           Parsing took 0 ms 
262037     DEBUG Test worker     d.u.i.k.n.KeyIO           Load declarations of de.uka.ilkd.key.nparser.KeyAst$File:  <unknown>:2#1 
262037     INFO  Test worker     d.u.i.k.n.KeyIO           MODE: declarations took 0 ms 
262037     DEBUG Test worker     d.u.i.k.n.KeyIO           MODE: 2nd degree decls took 0 
262037     DEBUG Test worker     d.u.i.k.n.KeyIO           MODE: taclets took 0ms 
262037     INFO  Test worker     d.u.i.k.n.KeyIO           Parsing took 0 ms 
262037     DEBUG Test worker     d.u.i.k.n.KeyIO           Load declarations of de.uka.ilkd.key.nparser.KeyAst$File:  <unknown>:1#1 
262037     INFO  Test worker     d.u.i.k.n.KeyIO           MODE: declarations took 0 ms 
262037     DEBUG Test worker     d.u.i.k.n.KeyIO           MODE: 2nd degree decls took 0 
262037     DEBUG Test worker     d.u.i.k.n.KeyIO           MODE: taclets took 0ms 
262037     INFO  Test worker     d.u.i.k.n.KeyIO           Parsing took 0 ms 
262037     DEBUG Test worker     d.u.i.k.n.KeyIO           Load declarations of de.uka.ilkd.key.nparser.KeyAst$File:  <unknown>:2#1 
262037     INFO  Test worker     d.u.i.k.n.KeyIO           MODE: declarations took 0 ms 
262037     DEBUG Test worker     d.u.i.k.n.KeyIO           MODE: 2nd degree decls took 0 
262053     DEBUG Test worker     d.u.i.k.n.KeyIO           MODE: taclets took 16ms 
262053     INFO  Test worker     d.u.i.k.n.KeyIO           Parsing took 0 ms 
262053     DEBUG Test worker     d.u.i.k.n.KeyIO           Load declarations of de.uka.ilkd.key.nparser.KeyAst$File:  <unknown>:1#1 
262053     INFO  Test worker     d.u.i.k.n.KeyIO           MODE: declarations took 0 ms 
262053     DEBUG Test worker     d.u.i.k.n.KeyIO           MODE: 2nd degree decls took 0 
262053     DEBUG Test worker     d.u.i.k.n.KeyIO           MODE: taclets took 0ms 
262053     INFO  Test worker     d.u.i.k.n.KeyIO           Parsing took 0 ms 
262053     DEBUG Test worker     d.u.i.k.n.KeyIO           Load declarations of de.uka.ilkd.key.nparser.KeyAst$File:  <unknown>:2#1 
262053     INFO  Test worker     d.u.i.k.n.KeyIO           MODE: declarations took 0 ms 
262053     DEBUG Test worker     d.u.i.k.n.KeyIO           MODE: 2nd degree decls took 0 
262053     DEBUG Test worker     d.u.i.k.n.KeyIO           MODE: taclets took 0ms 
262053     INFO  Test worker     d.u.i.k.n.KeyIO           Parsing took 0 ms 
262053     DEBUG Test worker     d.u.i.k.n.KeyIO           Load declarations of de.uka.ilkd.key.nparser.KeyAst$File:  <unknown>:1#1 
262053     INFO  Test worker     d.u.i.k.n.KeyIO           MODE: declarations took 0 ms 
262053     DEBUG Test worker     d.u.i.k.n.KeyIO           MODE: 2nd degree decls took 0 
262053     DEBUG Test worker     d.u.i.k.n.KeyIO           MODE: taclets took 0ms 
262053     INFO  Test worker     d.u.i.k.n.KeyIO           Parsing took 0 ms 
262053     DEBUG Test worker     d.u.i.k.n.KeyIO           Load declarations of de.uka.ilkd.key.nparser.KeyAst$File:  <unknown>:2#1 
262053     INFO  Test worker     d.u.i.k.n.KeyIO           MODE: declarations took 0 ms 
262053     DEBUG Test worker     d.u.i.k.n.KeyIO           MODE: 2nd degree decls took 0 
262053     DEBUG Test worker     d.u.i.k.n.KeyIO           MODE: taclets took 0ms 
262053     INFO  Test worker     d.u.i.k.n.KeyIO           Parsing took 0 ms 
262053     DEBUG Test worker     d.u.i.k.n.KeyIO           Load declarations of de.uka.ilkd.key.nparser.KeyAst$File:  <unknown>:1#1 
262053     INFO  Test worker     d.u.i.k.n.KeyIO           MODE: declarations took 0 ms 
262053     DEBUG Test worker     d.u.i.k.n.KeyIO           MODE: 2nd degree decls took 0 
262053     DEBUG Test worker     d.u.i.k.n.KeyIO           MODE: taclets took 0ms 
262053     INFO  Test worker     d.u.i.k.n.KeyIO           Parsing took 0 ms 
262053     DEBUG Test worker     d.u.i.k.n.KeyIO           Load declarations of de.uka.ilkd.key.nparser.KeyAst$File:  <unknown>:2#1 
262053     INFO  Test worker     d.u.i.k.n.KeyIO           MODE: declarations took 0 ms 
262053     DEBUG Test worker     d.u.i.k.n.KeyIO           MODE: 2nd degree decls took 0 
262053     DEBUG Test worker     d.u.i.k.n.KeyIO           MODE: taclets took 0ms 
262053     INFO  Test worker     d.u.i.k.n.KeyIO           Parsing took 0 ms 
262053     DEBUG Test worker     d.u.i.k.n.KeyIO           Load declarations of de.uka.ilkd.key.nparser.KeyAst$File:  <unknown>:2#1 
262053     INFO  Test worker     d.u.i.k.n.KeyIO           MODE: declarations took 0 ms 
262053     DEBUG Test worker     d.u.i.k.n.KeyIO           MODE: 2nd degree decls took 0 
262053     DEBUG Test worker     d.u.i.k.n.KeyIO           MODE: taclets took 0ms 
262053     INFO  Test worker     d.u.i.k.n.KeyIO           Parsing took 0 ms 
262053     DEBUG Test worker     d.u.i.k.n.KeyIO           Load declarations of de.uka.ilkd.key.nparser.KeyAst$File:  <unknown>:1#1 
262053     INFO  Test worker     d.u.i.k.n.KeyIO           MODE: declarations took 0 ms 
262053     DEBUG Test worker     d.u.i.k.n.KeyIO           MODE: 2nd degree decls took 0 
262053     DEBUG Test worker     d.u.i.k.n.KeyIO           MODE: taclets took 0ms 
262053     INFO  Test worker     d.u.i.k.n.KeyIO           Parsing took 0 ms 
262053     DEBUG Test worker     d.u.i.k.n.KeyIO           Load declarations of de.uka.ilkd.key.nparser.KeyAst$File:  <unknown>:2#1 
262053     INFO  Test worker     d.u.i.k.n.KeyIO           MODE: declarations took 0 ms 
262053     DEBUG Test worker     d.u.i.k.n.KeyIO           MODE: 2nd degree decls took 0 
262053     INFO  Test worker     d.u.i.k.n.KeyIO           Parsing took 0 ms 
262053     DEBUG Test worker     d.u.i.k.n.KeyIO           Load declarations of de.uka.ilkd.key.nparser.KeyAst$File:  <unknown>:1#1 
262053     INFO  Test worker     d.u.i.k.n.KeyIO           MODE: declarations took 0 ms 
262053     DEBUG Test worker     d.u.i.k.n.KeyIO           MODE: 2nd degree decls took 0 
262053     DEBUG Test worker     d.u.i.k.n.KeyIO           MODE: taclets took 0ms 
262053     INFO  Test worker     d.u.i.k.n.KeyIO           Parsing took 0 ms 
262053     DEBUG Test worker     d.u.i.k.n.KeyIO           Load declarations of de.uka.ilkd.key.nparser.KeyAst$File:  <unknown>:2#1 
262053     INFO  Test worker     d.u.i.k.n.KeyIO           MODE: declarations took 0 ms 
262053     DEBUG Test worker     d.u.i.k.n.KeyIO           MODE: 2nd degree decls took 0 
262053     DEBUG Test worker     d.u.i.k.n.KeyIO           MODE: taclets took 0ms 
262053     INFO  Test worker     d.u.i.k.n.KeyIO           Parsing took 0 ms 
262053     DEBUG Test worker     d.u.i.k.n.KeyIO           Load declarations of de.uka.ilkd.key.nparser.KeyAst$File:  <unknown>:1#1 
262053     INFO  Test worker     d.u.i.k.n.KeyIO           MODE: declarations took 0 ms 
262053     DEBUG Test worker     d.u.i.k.n.KeyIO           MODE: 2nd degree decls took 0 
262053     DEBUG Test worker     d.u.i.k.n.KeyIO           MODE: taclets took 0ms 
262053     INFO  Test worker     d.u.i.k.n.KeyIO           Parsing took 0 ms 
262053     DEBUG Test worker     d.u.i.k.n.KeyIO           Load declarations of de.uka.ilkd.key.nparser.KeyAst$File:  <unknown>:2#1 
262053     INFO  Test worker     d.u.i.k.n.KeyIO           MODE: declarations took 0 ms 
262053     DEBUG Test worker     d.u.i.k.n.KeyIO           MODE: 2nd degree decls took 0 
262053     DEBUG Test worker     d.u.i.k.n.KeyIO           MODE: taclets took 0ms 
262053     INFO  Test worker     d.u.i.k.n.KeyIO           Parsing took 0 ms 
262053     DEBUG Test worker     d.u.i.k.n.KeyIO           Load declarations of de.uka.ilkd.key.nparser.KeyAst$File:  <unknown>:1#1 
262053     INFO  Test worker     d.u.i.k.n.KeyIO           MODE: declarations took 0 ms 
262053     DEBUG Test worker     d.u.i.k.n.KeyIO           MODE: 2nd degree decls took 0 
262053     DEBUG Test worker     d.u.i.k.n.KeyIO           MODE: taclets took 0ms 
262053     INFO  Test worker     d.u.i.k.n.KeyIO           Parsing took 0 ms 
262053     DEBUG Test worker     d.u.i.k.n.KeyIO           Load declarations of de.uka.ilkd.key.nparser.KeyAst$File:  <unknown>:2#1 
262053     INFO  Test worker     d.u.i.k.n.KeyIO           MODE: declarations took 0 ms 
262053     DEBUG Test worker     d.u.i.k.n.KeyIO           MODE: 2nd degree decls took 0 
262053     DEBUG Test worker     d.u.i.k.n.KeyIO           MODE: taclets took 0ms 
]]></system-out>
  <system-err><![CDATA[]]></system-err>
</testsuite>
