<?xml version="1.0" encoding="UTF-8"?>
<testsuite name="de.uka.ilkd.key.parser.TestTermParserHeap" tests="39" skipped="0" failures="0" errors="0" timestamp="2023-05-27T17:10:45" hostname="fv-az464-622" time="93.68">
  <properties/>
  <testcase name="testBracketHeapUpdate()" classname="de.uka.ilkd.key.parser.TestTermParserHeap" time="0.012"/>
  <testcase name="testStore()" classname="de.uka.ilkd.key.parser.TestTermParserHeap" time="0.009"/>
  <testcase name="testUnknownConstant()" classname="de.uka.ilkd.key.parser.TestTermParserHeap" time="0.004"/>
  <testcase name="testAllFieldsSelector()" classname="de.uka.ilkd.key.parser.TestTermParserHeap" time="0.002"/>
  <testcase name="testParsePrettyPrintedSelect()" classname="de.uka.ilkd.key.parser.TestTermParserHeap" time="0.003"/>
  <testcase name="testAccessStaticMembers()" classname="de.uka.ilkd.key.parser.TestTermParserHeap" time="0.006"/>
  <testcase name="testAtOperator_1()" classname="de.uka.ilkd.key.parser.TestTermParserHeap" time="0.002"/>
  <testcase name="testAtOperator_2()" classname="de.uka.ilkd.key.parser.TestTermParserHeap" time="0.003"/>
  <testcase name="testAtOperator_3()" classname="de.uka.ilkd.key.parser.TestTermParserHeap" time="0.003"/>
  <testcase name="testAtOperator_4()" classname="de.uka.ilkd.key.parser.TestTermParserHeap" time="0.011"/>
  <testcase name="testAtOperator_5()" classname="de.uka.ilkd.key.parser.TestTermParserHeap" time="0.002"/>
  <testcase name="testAtOperator_6()" classname="de.uka.ilkd.key.parser.TestTermParserHeap" time="0.003"/>
  <testcase name="testAtOperator_7()" classname="de.uka.ilkd.key.parser.TestTermParserHeap" time="0.002"/>
  <testcase name="testAtOperator_8()" classname="de.uka.ilkd.key.parser.TestTermParserHeap" time="0.008"/>
  <testcase name="testVerifyExceptionIfAtOperatorNotPreceededBySelectTerm()" classname="de.uka.ilkd.key.parser.TestTermParserHeap" time="0.007"/>
  <testcase name="testBugResettingCounter()" classname="de.uka.ilkd.key.parser.TestTermParserHeap" time="0.005"/>
  <testcase name="testLocationSets()" classname="de.uka.ilkd.key.parser.TestTermParserHeap" time="0.002"/>
  <testcase name="testQuantifiedSelect()" classname="de.uka.ilkd.key.parser.TestTermParserHeap" time="0.005"/>
  <testcase name="testGenericObjectProperties()" classname="de.uka.ilkd.key.parser.TestTermParserHeap" time="0.003"/>
  <testcase name="testQueryInheritance_1()" classname="de.uka.ilkd.key.parser.TestTermParserHeap" time="0.004"/>
  <testcase name="testQueryInheritance_2()" classname="de.uka.ilkd.key.parser.TestTermParserHeap" time="0.003"/>
  <testcase name="testQueryInheritance_3()" classname="de.uka.ilkd.key.parser.TestTermParserHeap" time="0.002"/>
  <testcase name="testQueryInheritance_4()" classname="de.uka.ilkd.key.parser.TestTermParserHeap" time="0.002"/>
  <testcase name="testQueryInheritance_5()" classname="de.uka.ilkd.key.parser.TestTermParserHeap" time="0.004"/>
  <testcase name="testQueryInheritance_6()" classname="de.uka.ilkd.key.parser.TestTermParserHeap" time="0.002"/>
  <testcase name="testQueryInheritance_7()" classname="de.uka.ilkd.key.parser.TestTermParserHeap" time="0.003"/>
  <testcase name="testQueryInheritance_8()" classname="de.uka.ilkd.key.parser.TestTermParserHeap" time="0.005"/>
  <testcase name="testQueryInheritance_9()" classname="de.uka.ilkd.key.parser.TestTermParserHeap" time="0.003"/>
  <testcase name="testQueryBasic_10()" classname="de.uka.ilkd.key.parser.TestTermParserHeap" time="0.002"/>
  <testcase name="testQueryBasic_11()" classname="de.uka.ilkd.key.parser.TestTermParserHeap" time="0.004"/>
  <testcase name="testQueryBasic_1()" classname="de.uka.ilkd.key.parser.TestTermParserHeap" time="0.001"/>
  <testcase name="testQueryBasic_2()" classname="de.uka.ilkd.key.parser.TestTermParserHeap" time="0.003"/>
  <testcase name="testQueryBasic_3()" classname="de.uka.ilkd.key.parser.TestTermParserHeap" time="0.004"/>
  <testcase name="testQueryBasic_4()" classname="de.uka.ilkd.key.parser.TestTermParserHeap" time="0.004"/>
  <testcase name="testQueryBasic_5()" classname="de.uka.ilkd.key.parser.TestTermParserHeap" time="0.004"/>
  <testcase name="testQueryBasic_6()" classname="de.uka.ilkd.key.parser.TestTermParserHeap" time="0.003"/>
  <testcase name="testQueryBasic_7()" classname="de.uka.ilkd.key.parser.TestTermParserHeap" time="0.004"/>
  <testcase name="testQueryBasic_8()" classname="de.uka.ilkd.key.parser.TestTermParserHeap" time="0.003"/>
  <testcase name="testQueryBasic_9()" classname="de.uka.ilkd.key.parser.TestTermParserHeap" time="0.002"/>
  <system-out><![CDATA[267841     INFO  Test worker     d.u.i.k.n.KeyIO           Parsing took 0 ms 
267841     DEBUG Test worker     d.u.i.k.n.KeyIO           Load declarations of de.uka.ilkd.key.nparser.KeyAst$File:  <unknown>:1#1 
267841     INFO  Test worker     d.u.i.k.n.KeyIO           MODE: declarations took 0 ms 
267841     DEBUG Test worker     d.u.i.k.n.KeyIO           MODE: 2nd degree decls took 0 
267841     INFO  Test worker     d.u.i.k.n.KeyIO           Parsing took 0 ms 
267841     DEBUG Test worker     d.u.i.k.n.KeyIO           Load declarations of de.uka.ilkd.key.nparser.KeyAst$File:  <unknown>:1#1 
267841     INFO  Test worker     d.u.i.k.n.KeyIO           MODE: declarations took 0 ms 
267841     DEBUG Test worker     d.u.i.k.n.KeyIO           MODE: 2nd degree decls took 0 
267841     INFO  Test worker     d.u.i.k.n.KeyIO           Parsing took 0 ms 
267841     DEBUG Test worker     d.u.i.k.n.KeyIO           Load declarations of de.uka.ilkd.key.nparser.KeyAst$File:  <unknown>:1#1 
267841     INFO  Test worker     d.u.i.k.n.KeyIO           MODE: declarations took 0 ms 
267841     DEBUG Test worker     d.u.i.k.n.KeyIO           MODE: 2nd degree decls took 0 
267841     INFO  Test worker     d.u.i.k.n.KeyIO           Parsing took 0 ms 
267841     DEBUG Test worker     d.u.i.k.n.KeyIO           Load declarations of de.uka.ilkd.key.nparser.KeyAst$File:  <unknown>:1#1 
267841     INFO  Test worker     d.u.i.k.n.KeyIO           MODE: declarations took 0 ms 
267841     DEBUG Test worker     d.u.i.k.n.KeyIO           MODE: 2nd degree decls took 0 
267841     INFO  Test worker     d.u.i.k.n.KeyIO           Parsing took 0 ms 
267841     DEBUG Test worker     d.u.i.k.n.KeyIO           Load declarations of de.uka.ilkd.key.nparser.KeyAst$File:  <unknown>:1#1 
267841     INFO  Test worker     d.u.i.k.n.KeyIO           MODE: declarations took 0 ms 
267841     DEBUG Test worker     d.u.i.k.n.KeyIO           MODE: 2nd degree decls took 0 
270397     INFO  Test worker     d.u.i.k.n.KeyIO           Parsing took 0 ms 
270397     DEBUG Test worker     d.u.i.k.n.KeyIO           Load declarations of de.uka.ilkd.key.nparser.KeyAst$File:  <unknown>:1#1 
270397     INFO  Test worker     d.u.i.k.n.KeyIO           MODE: declarations took 0 ms 
270397     DEBUG Test worker     d.u.i.k.n.KeyIO           MODE: 2nd degree decls took 0 
270397     INFO  Test worker     d.u.i.k.n.KeyIO           Parsing took 0 ms 
270397     DEBUG Test worker     d.u.i.k.n.KeyIO           Load declarations of de.uka.ilkd.key.nparser.KeyAst$File:  <unknown>:1#1 
270397     INFO  Test worker     d.u.i.k.n.KeyIO           MODE: declarations took 0 ms 
270397     DEBUG Test worker     d.u.i.k.n.KeyIO           MODE: 2nd degree decls took 0 
270397     INFO  Test worker     d.u.i.k.n.KeyIO           Parsing took 0 ms 
270397     DEBUG Test worker     d.u.i.k.n.KeyIO           Load declarations of de.uka.ilkd.key.nparser.KeyAst$File:  <unknown>:1#1 
270397     INFO  Test worker     d.u.i.k.n.KeyIO           MODE: declarations took 0 ms 
270397     DEBUG Test worker     d.u.i.k.n.KeyIO           MODE: 2nd degree decls took 0 
270397     INFO  Test worker     d.u.i.k.n.KeyIO           Parsing took 0 ms 
270397     DEBUG Test worker     d.u.i.k.n.KeyIO           Load declarations of de.uka.ilkd.key.nparser.KeyAst$File:  <unknown>:1#1 
270397     INFO  Test worker     d.u.i.k.n.KeyIO           MODE: declarations took 0 ms 
270397     DEBUG Test worker     d.u.i.k.n.KeyIO           MODE: 2nd degree decls took 0 
270397     INFO  Test worker     d.u.i.k.n.KeyIO           Parsing took 0 ms 
270397     DEBUG Test worker     d.u.i.k.n.KeyIO           Load declarations of de.uka.ilkd.key.nparser.KeyAst$File:  <unknown>:1#1 
270397     INFO  Test worker     d.u.i.k.n.KeyIO           MODE: declarations took 0 ms 
270397     DEBUG Test worker     d.u.i.k.n.KeyIO           MODE: 2nd degree decls took 0 
272877     INFO  Test worker     d.u.i.k.n.KeyIO           Parsing took 0 ms 
272877     DEBUG Test worker     d.u.i.k.n.KeyIO           Load declarations of de.uka.ilkd.key.nparser.KeyAst$File:  <unknown>:1#1 
272877     INFO  Test worker     d.u.i.k.n.KeyIO           MODE: declarations took 0 ms 
272877     DEBUG Test worker     d.u.i.k.n.KeyIO           MODE: 2nd degree decls took 0 
272877     INFO  Test worker     d.u.i.k.n.KeyIO           Parsing took 0 ms 
272877     DEBUG Test worker     d.u.i.k.n.KeyIO           Load declarations of de.uka.ilkd.key.nparser.KeyAst$File:  <unknown>:1#1 
272877     INFO  Test worker     d.u.i.k.n.KeyIO           MODE: declarations took 0 ms 
272877     DEBUG Test worker     d.u.i.k.n.KeyIO           MODE: 2nd degree decls took 0 
272877     INFO  Test worker     d.u.i.k.n.KeyIO           Parsing took 0 ms 
272877     DEBUG Test worker     d.u.i.k.n.KeyIO           Load declarations of de.uka.ilkd.key.nparser.KeyAst$File:  <unknown>:1#1 
272877     INFO  Test worker     d.u.i.k.n.KeyIO           MODE: declarations took 0 ms 
272877     DEBUG Test worker     d.u.i.k.n.KeyIO           MODE: 2nd degree decls took 0 
272877     INFO  Test worker     d.u.i.k.n.KeyIO           Parsing took 0 ms 
272877     DEBUG Test worker     d.u.i.k.n.KeyIO           Load declarations of de.uka.ilkd.key.nparser.KeyAst$File:  <unknown>:1#1 
272877     INFO  Test worker     d.u.i.k.n.KeyIO           MODE: declarations took 0 ms 
272877     DEBUG Test worker     d.u.i.k.n.KeyIO           MODE: 2nd degree decls took 0 
272877     INFO  Test worker     d.u.i.k.n.KeyIO           Parsing took 0 ms 
272877     DEBUG Test worker     d.u.i.k.n.KeyIO           Load declarations of de.uka.ilkd.key.nparser.KeyAst$File:  <unknown>:1#1 
272877     INFO  Test worker     d.u.i.k.n.KeyIO           MODE: declarations took 0 ms 
272877     DEBUG Test worker     d.u.i.k.n.KeyIO           MODE: 2nd degree decls took 0 
272877     INFO  Test worker     d.u.i.k.n.KeyIO           Parsing took 0 ms 
272877     DEBUG Test worker     d.u.i.k.n.KeyIO           Load declarations of de.uka.ilkd.key.nparser.KeyAst$File:  <unknown>:1#1 
272877     INFO  Test worker     d.u.i.k.n.KeyIO           MODE: declarations took 0 ms 
272877     DEBUG Test worker     d.u.i.k.n.KeyIO           MODE: 2nd degree decls took 0 
275390     INFO  Test worker     d.u.i.k.n.KeyIO           Parsing took 0 ms 
275390     DEBUG Test worker     d.u.i.k.n.KeyIO           Load declarations of de.uka.ilkd.key.nparser.KeyAst$File:  <unknown>:1#1 
275390     INFO  Test worker     d.u.i.k.n.KeyIO           MODE: declarations took 0 ms 
275390     DEBUG Test worker     d.u.i.k.n.KeyIO           MODE: 2nd degree decls took 0 
275390     INFO  Test worker     d.u.i.k.n.KeyIO           Parsing took 0 ms 
275390     DEBUG Test worker     d.u.i.k.n.KeyIO           Load declarations of de.uka.ilkd.key.nparser.KeyAst$File:  <unknown>:1#1 
275390     INFO  Test worker     d.u.i.k.n.KeyIO           MODE: declarations took 0 ms 
275390     DEBUG Test worker     d.u.i.k.n.KeyIO           MODE: 2nd degree decls took 0 
275390     INFO  Test worker     d.u.i.k.n.KeyIO           Parsing took 0 ms 
275390     DEBUG Test worker     d.u.i.k.n.KeyIO           Load declarations of de.uka.ilkd.key.nparser.KeyAst$File:  <unknown>:1#1 
275390     INFO  Test worker     d.u.i.k.n.KeyIO           MODE: declarations took 0 ms 
275390     DEBUG Test worker     d.u.i.k.n.KeyIO           MODE: 2nd degree decls took 0 
275390     INFO  Test worker     d.u.i.k.n.KeyIO           Parsing took 0 ms 
275390     DEBUG Test worker     d.u.i.k.n.KeyIO           Load declarations of de.uka.ilkd.key.nparser.KeyAst$File:  <unknown>:1#1 
275390     INFO  Test worker     d.u.i.k.n.KeyIO           MODE: declarations took 0 ms 
275390     DEBUG Test worker     d.u.i.k.n.KeyIO           MODE: 2nd degree decls took 0 
275390     INFO  Test worker     d.u.i.k.n.KeyIO           Parsing took 0 ms 
275390     DEBUG Test worker     d.u.i.k.n.KeyIO           Load declarations of de.uka.ilkd.key.nparser.KeyAst$File:  <unknown>:1#1 
275390     INFO  Test worker     d.u.i.k.n.KeyIO           MODE: declarations took 0 ms 
275390     DEBUG Test worker     d.u.i.k.n.KeyIO           MODE: 2nd degree decls took 0 
277891     INFO  Test worker     d.u.i.k.n.KeyIO           Parsing took 0 ms 
277891     DEBUG Test worker     d.u.i.k.n.KeyIO           Load declarations of de.uka.ilkd.key.nparser.KeyAst$File:  <unknown>:1#1 
277891     INFO  Test worker     d.u.i.k.n.KeyIO           MODE: declarations took 0 ms 
277891     DEBUG Test worker     d.u.i.k.n.KeyIO           MODE: 2nd degree decls took 0 
277891     INFO  Test worker     d.u.i.k.n.KeyIO           Parsing took 0 ms 
277891     DEBUG Test worker     d.u.i.k.n.KeyIO           Load declarations of de.uka.ilkd.key.nparser.KeyAst$File:  <unknown>:1#1 
277891     INFO  Test worker     d.u.i.k.n.KeyIO           MODE: declarations took 0 ms 
277891     DEBUG Test worker     d.u.i.k.n.KeyIO           MODE: 2nd degree decls took 0 
277891     INFO  Test worker     d.u.i.k.n.KeyIO           Parsing took 0 ms 
277891     DEBUG Test worker     d.u.i.k.n.KeyIO           Load declarations of de.uka.ilkd.key.nparser.KeyAst$File:  <unknown>:1#1 
277891     INFO  Test worker     d.u.i.k.n.KeyIO           MODE: declarations took 0 ms 
277891     DEBUG Test worker     d.u.i.k.n.KeyIO           MODE: 2nd degree decls took 0 
277891     INFO  Test worker     d.u.i.k.n.KeyIO           Parsing took 0 ms 
277891     DEBUG Test worker     d.u.i.k.n.KeyIO           Load declarations of de.uka.ilkd.key.nparser.KeyAst$File:  <unknown>:1#1 
277891     INFO  Test worker     d.u.i.k.n.KeyIO           MODE: declarations took 0 ms 
277891     DEBUG Test worker     d.u.i.k.n.KeyIO           MODE: 2nd degree decls took 0 
277891     INFO  Test worker     d.u.i.k.n.KeyIO           Parsing took 0 ms 
277891     DEBUG Test worker     d.u.i.k.n.KeyIO           Load declarations of de.uka.ilkd.key.nparser.KeyAst$File:  <unknown>:1#1 
277891     INFO  Test worker     d.u.i.k.n.KeyIO           MODE: declarations took 0 ms 
277891     DEBUG Test worker     d.u.i.k.n.KeyIO           MODE: 2nd degree decls took 0 
280361     INFO  Test worker     d.u.i.k.n.KeyIO           Parsing took 0 ms 
280361     DEBUG Test worker     d.u.i.k.n.KeyIO           Load declarations of de.uka.ilkd.key.nparser.KeyAst$File:  <unknown>:1#1 
280361     INFO  Test worker     d.u.i.k.n.KeyIO           MODE: declarations took 0 ms 
280361     DEBUG Test worker     d.u.i.k.n.KeyIO           MODE: 2nd degree decls took 0 
280361     INFO  Test worker     d.u.i.k.n.KeyIO           Parsing took 0 ms 
280361     DEBUG Test worker     d.u.i.k.n.KeyIO           Load declarations of de.uka.ilkd.key.nparser.KeyAst$File:  <unknown>:1#1 
280361     INFO  Test worker     d.u.i.k.n.KeyIO           MODE: declarations took 0 ms 
280361     DEBUG Test worker     d.u.i.k.n.KeyIO           MODE: 2nd degree decls took 0 
280361     INFO  Test worker     d.u.i.k.n.KeyIO           Parsing took 0 ms 
280361     DEBUG Test worker     d.u.i.k.n.KeyIO           Load declarations of de.uka.ilkd.key.nparser.KeyAst$File:  <unknown>:1#1 
280361     INFO  Test worker     d.u.i.k.n.KeyIO           MODE: declarations took 0 ms 
280361     DEBUG Test worker     d.u.i.k.n.KeyIO           MODE: 2nd degree decls took 0 
280361     INFO  Test worker     d.u.i.k.n.KeyIO           Parsing took 0 ms 
280361     DEBUG Test worker     d.u.i.k.n.KeyIO           Load declarations of de.uka.ilkd.key.nparser.KeyAst$File:  <unknown>:1#1 
280361     INFO  Test worker     d.u.i.k.n.KeyIO           MODE: declarations took 0 ms 
280361     DEBUG Test worker     d.u.i.k.n.KeyIO           MODE: 2nd degree decls took 0 
280361     INFO  Test worker     d.u.i.k.n.KeyIO           Parsing took 0 ms 
280361     DEBUG Test worker     d.u.i.k.n.KeyIO           Load declarations of de.uka.ilkd.key.nparser.KeyAst$File:  <unknown>:1#1 
280361     INFO  Test worker     d.u.i.k.n.KeyIO           MODE: declarations took 0 ms 
280361     DEBUG Test worker     d.u.i.k.n.KeyIO           MODE: 2nd degree decls took 0 
282820     INFO  Test worker     d.u.i.k.n.KeyIO           Parsing took 0 ms 
282820     DEBUG Test worker     d.u.i.k.n.KeyIO           Load declarations of de.uka.ilkd.key.nparser.KeyAst$File:  <unknown>:1#1 
282820     INFO  Test worker     d.u.i.k.n.KeyIO           MODE: declarations took 0 ms 
282820     DEBUG Test worker     d.u.i.k.n.KeyIO           MODE: 2nd degree decls took 0 
282820     INFO  Test worker     d.u.i.k.n.KeyIO           Parsing took 0 ms 
282820     DEBUG Test worker     d.u.i.k.n.KeyIO           Load declarations of de.uka.ilkd.key.nparser.KeyAst$File:  <unknown>:1#1 
282820     INFO  Test worker     d.u.i.k.n.KeyIO           MODE: declarations took 0 ms 
282820     DEBUG Test worker     d.u.i.k.n.KeyIO           MODE: 2nd degree decls took 0 
282820     INFO  Test worker     d.u.i.k.n.KeyIO           Parsing took 0 ms 
282820     DEBUG Test worker     d.u.i.k.n.KeyIO           Load declarations of de.uka.ilkd.key.nparser.KeyAst$File:  <unknown>:1#1 
282820     INFO  Test worker     d.u.i.k.n.KeyIO           MODE: declarations took 0 ms 
282820     DEBUG Test worker     d.u.i.k.n.KeyIO           MODE: 2nd degree decls took 0 
282820     INFO  Test worker     d.u.i.k.n.KeyIO           Parsing took 0 ms 
282820     DEBUG Test worker     d.u.i.k.n.KeyIO           Load declarations of de.uka.ilkd.key.nparser.KeyAst$File:  <unknown>:1#1 
282820     INFO  Test worker     d.u.i.k.n.KeyIO           MODE: declarations took 0 ms 
282820     DEBUG Test worker     d.u.i.k.n.KeyIO           MODE: 2nd degree decls took 0 
282820     INFO  Test worker     d.u.i.k.n.KeyIO           Parsing took 0 ms 
282820     DEBUG Test worker     d.u.i.k.n.KeyIO           Load declarations of de.uka.ilkd.key.nparser.KeyAst$File:  <unknown>:1#1 
282820     INFO  Test worker     d.u.i.k.n.KeyIO           MODE: declarations took 0 ms 
282820     DEBUG Test worker     d.u.i.k.n.KeyIO           MODE: 2nd degree decls took 0 
285270     INFO  Test worker     d.u.i.k.n.KeyIO           Parsing took 0 ms 
285270     DEBUG Test worker     d.u.i.k.n.KeyIO           Load declarations of de.uka.ilkd.key.nparser.KeyAst$File:  <unknown>:1#1 
285270     INFO  Test worker     d.u.i.k.n.KeyIO           MODE: declarations took 0 ms 
285270     DEBUG Test worker     d.u.i.k.n.KeyIO           MODE: 2nd degree decls took 0 
285270     INFO  Test worker     d.u.i.k.n.KeyIO           Parsing took 0 ms 
285270     DEBUG Test worker     d.u.i.k.n.KeyIO           Load declarations of de.uka.ilkd.key.nparser.KeyAst$File:  <unknown>:1#1 
285270     INFO  Test worker     d.u.i.k.n.KeyIO           MODE: declarations took 0 ms 
285270     DEBUG Test worker     d.u.i.k.n.KeyIO           MODE: 2nd degree decls took 0 
285270     INFO  Test worker     d.u.i.k.n.KeyIO           Parsing took 0 ms 
285270     DEBUG Test worker     d.u.i.k.n.KeyIO           Load declarations of de.uka.ilkd.key.nparser.KeyAst$File:  <unknown>:1#1 
285270     INFO  Test worker     d.u.i.k.n.KeyIO           MODE: declarations took 0 ms 
285270     DEBUG Test worker     d.u.i.k.n.KeyIO           MODE: 2nd degree decls took 0 
285270     INFO  Test worker     d.u.i.k.n.KeyIO           Parsing took 0 ms 
285270     DEBUG Test worker     d.u.i.k.n.KeyIO           Load declarations of de.uka.ilkd.key.nparser.KeyAst$File:  <unknown>:1#1 
285270     INFO  Test worker     d.u.i.k.n.KeyIO           MODE: declarations took 0 ms 
285270     DEBUG Test worker     d.u.i.k.n.KeyIO           MODE: 2nd degree decls took 0 
285270     INFO  Test worker     d.u.i.k.n.KeyIO           Parsing took 0 ms 
285270     DEBUG Test worker     d.u.i.k.n.KeyIO           Load declarations of de.uka.ilkd.key.nparser.KeyAst$File:  <unknown>:1#1 
285270     INFO  Test worker     d.u.i.k.n.KeyIO           MODE: declarations took 0 ms 
285270     DEBUG Test worker     d.u.i.k.n.KeyIO           MODE: 2nd degree decls took 0 
287702     INFO  Test worker     d.u.i.k.n.KeyIO           Parsing took 0 ms 
287702     DEBUG Test worker     d.u.i.k.n.KeyIO           Load declarations of de.uka.ilkd.key.nparser.KeyAst$File:  <unknown>:1#1 
287702     INFO  Test worker     d.u.i.k.n.KeyIO           MODE: declarations took 0 ms 
287702     DEBUG Test worker     d.u.i.k.n.KeyIO           MODE: 2nd degree decls took 0 
287702     INFO  Test worker     d.u.i.k.n.KeyIO           Parsing took 0 ms 
287702     DEBUG Test worker     d.u.i.k.n.KeyIO           Load declarations of de.uka.ilkd.key.nparser.KeyAst$File:  <unknown>:1#1 
287702     INFO  Test worker     d.u.i.k.n.KeyIO           MODE: declarations took 0 ms 
287702     DEBUG Test worker     d.u.i.k.n.KeyIO           MODE: 2nd degree decls took 0 
287702     INFO  Test worker     d.u.i.k.n.KeyIO           Parsing took 0 ms 
287702     DEBUG Test worker     d.u.i.k.n.KeyIO           Load declarations of de.uka.ilkd.key.nparser.KeyAst$File:  <unknown>:1#1 
287702     INFO  Test worker     d.u.i.k.n.KeyIO           MODE: declarations took 0 ms 
287702     DEBUG Test worker     d.u.i.k.n.KeyIO           MODE: 2nd degree decls took 0 
287702     INFO  Test worker     d.u.i.k.n.KeyIO           Parsing took 0 ms 
287702     DEBUG Test worker     d.u.i.k.n.KeyIO           Load declarations of de.uka.ilkd.key.nparser.KeyAst$File:  <unknown>:1#1 
287702     INFO  Test worker     d.u.i.k.n.KeyIO           MODE: declarations took 0 ms 
287702     DEBUG Test worker     d.u.i.k.n.KeyIO           MODE: 2nd degree decls took 0 
287702     INFO  Test worker     d.u.i.k.n.KeyIO           Parsing took 0 ms 
287702     DEBUG Test worker     d.u.i.k.n.KeyIO           Load declarations of de.uka.ilkd.key.nparser.KeyAst$File:  <unknown>:1#1 
287702     INFO  Test worker     d.u.i.k.n.KeyIO           MODE: declarations took 0 ms 
287702     DEBUG Test worker     d.u.i.k.n.KeyIO           MODE: 2nd degree decls took 0 
290141     INFO  Test worker     d.u.i.k.n.KeyIO           Parsing took 0 ms 
290141     DEBUG Test worker     d.u.i.k.n.KeyIO           Load declarations of de.uka.ilkd.key.nparser.KeyAst$File:  <unknown>:1#1 
290141     INFO  Test worker     d.u.i.k.n.KeyIO           MODE: declarations took 0 ms 
290141     DEBUG Test worker     d.u.i.k.n.KeyIO           MODE: 2nd degree decls took 0 
290141     INFO  Test worker     d.u.i.k.n.KeyIO           Parsing took 0 ms 
290141     DEBUG Test worker     d.u.i.k.n.KeyIO           Load declarations of de.uka.ilkd.key.nparser.KeyAst$File:  <unknown>:1#1 
290141     INFO  Test worker     d.u.i.k.n.KeyIO           MODE: declarations took 0 ms 
290141     DEBUG Test worker     d.u.i.k.n.KeyIO           MODE: 2nd degree decls took 0 
290141     INFO  Test worker     d.u.i.k.n.KeyIO           Parsing took 0 ms 
290141     DEBUG Test worker     d.u.i.k.n.KeyIO           Load declarations of de.uka.ilkd.key.nparser.KeyAst$File:  <unknown>:1#1 
290141     INFO  Test worker     d.u.i.k.n.KeyIO           MODE: declarations took 0 ms 
290141     DEBUG Test worker     d.u.i.k.n.KeyIO           MODE: 2nd degree decls took 0 
290141     INFO  Test worker     d.u.i.k.n.KeyIO           Parsing took 0 ms 
290157     DEBUG Test worker     d.u.i.k.n.KeyIO           Load declarations of de.uka.ilkd.key.nparser.KeyAst$File:  <unknown>:1#1 
290157     INFO  Test worker     d.u.i.k.n.KeyIO           MODE: declarations took 0 ms 
290157     DEBUG Test worker     d.u.i.k.n.KeyIO           MODE: 2nd degree decls took 0 
290157     INFO  Test worker     d.u.i.k.n.KeyIO           Parsing took 0 ms 
290157     DEBUG Test worker     d.u.i.k.n.KeyIO           Load declarations of de.uka.ilkd.key.nparser.KeyAst$File:  <unknown>:1#1 
290157     INFO  Test worker     d.u.i.k.n.KeyIO           MODE: declarations took 0 ms 
290157     DEBUG Test worker     d.u.i.k.n.KeyIO           MODE: 2nd degree decls took 0 
292872     INFO  Test worker     d.u.i.k.n.KeyIO           Parsing took 0 ms 
292872     DEBUG Test worker     d.u.i.k.n.KeyIO           Load declarations of de.uka.ilkd.key.nparser.KeyAst$File:  <unknown>:1#1 
292872     INFO  Test worker     d.u.i.k.n.KeyIO           MODE: declarations took 0 ms 
292872     DEBUG Test worker     d.u.i.k.n.KeyIO           MODE: 2nd degree decls took 0 
292872     INFO  Test worker     d.u.i.k.n.KeyIO           Parsing took 0 ms 
292872     DEBUG Test worker     d.u.i.k.n.KeyIO           Load declarations of de.uka.ilkd.key.nparser.KeyAst$File:  <unknown>:1#1 
292872     INFO  Test worker     d.u.i.k.n.KeyIO           MODE: declarations took 0 ms 
292872     DEBUG Test worker     d.u.i.k.n.KeyIO           MODE: 2nd degree decls took 0 
292872     INFO  Test worker     d.u.i.k.n.KeyIO           Parsing took 0 ms 
292872     DEBUG Test worker     d.u.i.k.n.KeyIO           Load declarations of de.uka.ilkd.key.nparser.KeyAst$File:  <unknown>:1#1 
292872     INFO  Test worker     d.u.i.k.n.KeyIO           MODE: declarations took 0 ms 
292872     DEBUG Test worker     d.u.i.k.n.KeyIO           MODE: 2nd degree decls took 0 
292872     INFO  Test worker     d.u.i.k.n.KeyIO           Parsing took 0 ms 
292872     DEBUG Test worker     d.u.i.k.n.KeyIO           Load declarations of de.uka.ilkd.key.nparser.KeyAst$File:  <unknown>:1#1 
292872     INFO  Test worker     d.u.i.k.n.KeyIO           MODE: declarations took 0 ms 
292872     DEBUG Test worker     d.u.i.k.n.KeyIO           MODE: 2nd degree decls took 0 
292872     INFO  Test worker     d.u.i.k.n.KeyIO           Parsing took 0 ms 
292872     DEBUG Test worker     d.u.i.k.n.KeyIO           Load declarations of de.uka.ilkd.key.nparser.KeyAst$File:  <unknown>:1#1 
292872     INFO  Test worker     d.u.i.k.n.KeyIO           MODE: declarations took 0 ms 
292872     DEBUG Test worker     d.u.i.k.n.KeyIO           MODE: 2nd degree decls took 0 
295289     INFO  Test worker     d.u.i.k.n.KeyIO           Parsing took 0 ms 
295289     DEBUG Test worker     d.u.i.k.n.KeyIO           Load declarations of de.uka.ilkd.key.nparser.KeyAst$File:  <unknown>:1#1 
295289     INFO  Test worker     d.u.i.k.n.KeyIO           MODE: declarations took 0 ms 
295289     DEBUG Test worker     d.u.i.k.n.KeyIO           MODE: 2nd degree decls took 0 
295289     INFO  Test worker     d.u.i.k.n.KeyIO           Parsing took 0 ms 
295289     DEBUG Test worker     d.u.i.k.n.KeyIO           Load declarations of de.uka.ilkd.key.nparser.KeyAst$File:  <unknown>:1#1 
295289     INFO  Test worker     d.u.i.k.n.KeyIO           MODE: declarations took 0 ms 
295289     DEBUG Test worker     d.u.i.k.n.KeyIO           MODE: 2nd degree decls took 0 
295289     INFO  Test worker     d.u.i.k.n.KeyIO           Parsing took 0 ms 
295289     DEBUG Test worker     d.u.i.k.n.KeyIO           Load declarations of de.uka.ilkd.key.nparser.KeyAst$File:  <unknown>:1#1 
295289     INFO  Test worker     d.u.i.k.n.KeyIO           MODE: declarations took 0 ms 
295289     DEBUG Test worker     d.u.i.k.n.KeyIO           MODE: 2nd degree decls took 0 
295289     INFO  Test worker     d.u.i.k.n.KeyIO           Parsing took 0 ms 
295289     DEBUG Test worker     d.u.i.k.n.KeyIO           Load declarations of de.uka.ilkd.key.nparser.KeyAst$File:  <unknown>:1#1 
295289     INFO  Test worker     d.u.i.k.n.KeyIO           MODE: declarations took 0 ms 
295289     DEBUG Test worker     d.u.i.k.n.KeyIO           MODE: 2nd degree decls took 0 
295289     INFO  Test worker     d.u.i.k.n.KeyIO           Parsing took 0 ms 
295289     DEBUG Test worker     d.u.i.k.n.KeyIO           Load declarations of de.uka.ilkd.key.nparser.KeyAst$File:  <unknown>:1#1 
295289     INFO  Test worker     d.u.i.k.n.KeyIO           MODE: declarations took 0 ms 
295289     DEBUG Test worker     d.u.i.k.n.KeyIO           MODE: 2nd degree decls took 0 
297722     INFO  Test worker     d.u.i.k.n.KeyIO           Parsing took 0 ms 
297722     DEBUG Test worker     d.u.i.k.n.KeyIO           Load declarations of de.uka.ilkd.key.nparser.KeyAst$File:  <unknown>:1#1 
297722     INFO  Test worker     d.u.i.k.n.KeyIO           MODE: declarations took 0 ms 
297722     DEBUG Test worker     d.u.i.k.n.KeyIO           MODE: 2nd degree decls took 0 
297722     INFO  Test worker     d.u.i.k.n.KeyIO           Parsing took 0 ms 
297722     DEBUG Test worker     d.u.i.k.n.KeyIO           Load declarations of de.uka.ilkd.key.nparser.KeyAst$File:  <unknown>:1#1 
297722     INFO  Test worker     d.u.i.k.n.KeyIO           MODE: declarations took 0 ms 
297722     DEBUG Test worker     d.u.i.k.n.KeyIO           MODE: 2nd degree decls took 0 
297722     INFO  Test worker     d.u.i.k.n.KeyIO           Parsing took 0 ms 
297722     DEBUG Test worker     d.u.i.k.n.KeyIO           Load declarations of de.uka.ilkd.key.nparser.KeyAst$File:  <unknown>:1#1 
297722     INFO  Test worker     d.u.i.k.n.KeyIO           MODE: declarations took 0 ms 
297722     DEBUG Test worker     d.u.i.k.n.KeyIO           MODE: 2nd degree decls took 0 
297722     INFO  Test worker     d.u.i.k.n.KeyIO           Parsing took 0 ms 
297722     DEBUG Test worker     d.u.i.k.n.KeyIO           Load declarations of de.uka.ilkd.key.nparser.KeyAst$File:  <unknown>:1#1 
297722     INFO  Test worker     d.u.i.k.n.KeyIO           MODE: declarations took 0 ms 
297722     DEBUG Test worker     d.u.i.k.n.KeyIO           MODE: 2nd degree decls took 0 
297722     INFO  Test worker     d.u.i.k.n.KeyIO           Parsing took 0 ms 
297722     DEBUG Test worker     d.u.i.k.n.KeyIO           Load declarations of de.uka.ilkd.key.nparser.KeyAst$File:  <unknown>:1#1 
297722     INFO  Test worker     d.u.i.k.n.KeyIO           MODE: declarations took 0 ms 
297722     DEBUG Test worker     d.u.i.k.n.KeyIO           MODE: 2nd degree decls took 0 
300155     INFO  Test worker     d.u.i.k.n.KeyIO           Parsing took 0 ms 
300155     DEBUG Test worker     d.u.i.k.n.KeyIO           Load declarations of de.uka.ilkd.key.nparser.KeyAst$File:  <unknown>:1#1 
300155     INFO  Test worker     d.u.i.k.n.KeyIO           MODE: declarations took 0 ms 
300155     DEBUG Test worker     d.u.i.k.n.KeyIO           MODE: 2nd degree decls took 0 
300155     INFO  Test worker     d.u.i.k.n.KeyIO           Parsing took 0 ms 
300155     DEBUG Test worker     d.u.i.k.n.KeyIO           Load declarations of de.uka.ilkd.key.nparser.KeyAst$File:  <unknown>:1#1 
300155     INFO  Test worker     d.u.i.k.n.KeyIO           MODE: declarations took 0 ms 
300155     DEBUG Test worker     d.u.i.k.n.KeyIO           MODE: 2nd degree decls took 0 
300171     INFO  Test worker     d.u.i.k.n.KeyIO           Parsing took 0 ms 
300171     DEBUG Test worker     d.u.i.k.n.KeyIO           Load declarations of de.uka.ilkd.key.nparser.KeyAst$File:  <unknown>:1#1 
300171     INFO  Test worker     d.u.i.k.n.KeyIO           MODE: declarations took 0 ms 
300171     DEBUG Test worker     d.u.i.k.n.KeyIO           MODE: 2nd degree decls took 0 
300171     INFO  Test worker     d.u.i.k.n.KeyIO           Parsing took 0 ms 
300171     DEBUG Test worker     d.u.i.k.n.KeyIO           Load declarations of de.uka.ilkd.key.nparser.KeyAst$File:  <unknown>:1#1 
300171     INFO  Test worker     d.u.i.k.n.KeyIO           MODE: declarations took 0 ms 
300171     DEBUG Test worker     d.u.i.k.n.KeyIO           MODE: 2nd degree decls took 0 
300171     INFO  Test worker     d.u.i.k.n.KeyIO           Parsing took 0 ms 
300171     DEBUG Test worker     d.u.i.k.n.KeyIO           Load declarations of de.uka.ilkd.key.nparser.KeyAst$File:  <unknown>:1#1 
300171     INFO  Test worker     d.u.i.k.n.KeyIO           MODE: declarations took 0 ms 
300171     DEBUG Test worker     d.u.i.k.n.KeyIO           MODE: 2nd degree decls took 0 
302601     INFO  Test worker     d.u.i.k.n.KeyIO           Parsing took 0 ms 
302601     DEBUG Test worker     d.u.i.k.n.KeyIO           Load declarations of de.uka.ilkd.key.nparser.KeyAst$File:  <unknown>:1#1 
302601     INFO  Test worker     d.u.i.k.n.KeyIO           MODE: declarations took 0 ms 
302601     DEBUG Test worker     d.u.i.k.n.KeyIO           MODE: 2nd degree decls took 0 
302601     INFO  Test worker     d.u.i.k.n.KeyIO           Parsing took 0 ms 
302601     DEBUG Test worker     d.u.i.k.n.KeyIO           Load declarations of de.uka.ilkd.key.nparser.KeyAst$File:  <unknown>:1#1 
302601     INFO  Test worker     d.u.i.k.n.KeyIO           MODE: declarations took 0 ms 
302601     DEBUG Test worker     d.u.i.k.n.KeyIO           MODE: 2nd degree decls took 0 
302601     INFO  Test worker     d.u.i.k.n.KeyIO           Parsing took 0 ms 
302601     DEBUG Test worker     d.u.i.k.n.KeyIO           Load declarations of de.uka.ilkd.key.nparser.KeyAst$File:  <unknown>:1#1 
302601     INFO  Test worker     d.u.i.k.n.KeyIO           MODE: declarations took 0 ms 
302601     DEBUG Test worker     d.u.i.k.n.KeyIO           MODE: 2nd degree decls took 0 
302601     INFO  Test worker     d.u.i.k.n.KeyIO           Parsing took 0 ms 
302601     DEBUG Test worker     d.u.i.k.n.KeyIO           Load declarations of de.uka.ilkd.key.nparser.KeyAst$File:  <unknown>:1#1 
302601     INFO  Test worker     d.u.i.k.n.KeyIO           MODE: declarations took 0 ms 
302601     DEBUG Test worker     d.u.i.k.n.KeyIO           MODE: 2nd degree decls took 0 
302601     INFO  Test worker     d.u.i.k.n.KeyIO           Parsing took 0 ms 
302601     DEBUG Test worker     d.u.i.k.n.KeyIO           Load declarations of de.uka.ilkd.key.nparser.KeyAst$File:  <unknown>:1#1 
302601     INFO  Test worker     d.u.i.k.n.KeyIO           MODE: declarations took 0 ms 
302601     DEBUG Test worker     d.u.i.k.n.KeyIO           MODE: 2nd degree decls took 0 
302601     WARN  Test worker     d.u.i.k.n.KeYParser       [syntax-error] <unknown>:1:11: mismatched input '@' expecting {'/', ':=', '.', '(', ')', '{', '[', '@', PARALLEL, OR, AND, IMP, '=', NOT_EQUALS, '%', '*', '-', '+', '>', GREATEREQUAL, '<', LESSEQUAL, LGUILLEMETS, EQV} [@11,11:11='@',<153>,1:11] (termEOF) 
305065     INFO  Test worker     d.u.i.k.n.KeyIO           Parsing took 0 ms 
305065     DEBUG Test worker     d.u.i.k.n.KeyIO           Load declarations of de.uka.ilkd.key.nparser.KeyAst$File:  <unknown>:1#1 
305065     INFO  Test worker     d.u.i.k.n.KeyIO           MODE: declarations took 0 ms 
305065     DEBUG Test worker     d.u.i.k.n.KeyIO           MODE: 2nd degree decls took 0 
305065     INFO  Test worker     d.u.i.k.n.KeyIO           Parsing took 0 ms 
305065     DEBUG Test worker     d.u.i.k.n.KeyIO           Load declarations of de.uka.ilkd.key.nparser.KeyAst$File:  <unknown>:1#1 
305065     INFO  Test worker     d.u.i.k.n.KeyIO           MODE: declarations took 0 ms 
305065     DEBUG Test worker     d.u.i.k.n.KeyIO           MODE: 2nd degree decls took 0 
305065     INFO  Test worker     d.u.i.k.n.KeyIO           Parsing took 0 ms 
305065     DEBUG Test worker     d.u.i.k.n.KeyIO           Load declarations of de.uka.ilkd.key.nparser.KeyAst$File:  <unknown>:1#1 
305065     INFO  Test worker     d.u.i.k.n.KeyIO           MODE: declarations took 0 ms 
305065     DEBUG Test worker     d.u.i.k.n.KeyIO           MODE: 2nd degree decls took 0 
305065     INFO  Test worker     d.u.i.k.n.KeyIO           Parsing took 0 ms 
305065     DEBUG Test worker     d.u.i.k.n.KeyIO           Load declarations of de.uka.ilkd.key.nparser.KeyAst$File:  <unknown>:1#1 
305065     INFO  Test worker     d.u.i.k.n.KeyIO           MODE: declarations took 0 ms 
305065     DEBUG Test worker     d.u.i.k.n.KeyIO           MODE: 2nd degree decls took 0 
305065     INFO  Test worker     d.u.i.k.n.KeyIO           Parsing took 0 ms 
305065     DEBUG Test worker     d.u.i.k.n.KeyIO           Load declarations of de.uka.ilkd.key.nparser.KeyAst$File:  <unknown>:1#1 
305065     INFO  Test worker     d.u.i.k.n.KeyIO           MODE: declarations took 0 ms 
305065     DEBUG Test worker     d.u.i.k.n.KeyIO           MODE: 2nd degree decls took 0 
307536     INFO  Test worker     d.u.i.k.n.KeyIO           Parsing took 0 ms 
307536     DEBUG Test worker     d.u.i.k.n.KeyIO           Load declarations of de.uka.ilkd.key.nparser.KeyAst$File:  <unknown>:1#1 
307536     INFO  Test worker     d.u.i.k.n.KeyIO           MODE: declarations took 0 ms 
307536     DEBUG Test worker     d.u.i.k.n.KeyIO           MODE: 2nd degree decls took 0 
307536     INFO  Test worker     d.u.i.k.n.KeyIO           Parsing took 0 ms 
307536     DEBUG Test worker     d.u.i.k.n.KeyIO           Load declarations of de.uka.ilkd.key.nparser.KeyAst$File:  <unknown>:1#1 
307536     INFO  Test worker     d.u.i.k.n.KeyIO           MODE: declarations took 0 ms 
307536     DEBUG Test worker     d.u.i.k.n.KeyIO           MODE: 2nd degree decls took 0 
307536     INFO  Test worker     d.u.i.k.n.KeyIO           Parsing took 0 ms 
307536     DEBUG Test worker     d.u.i.k.n.KeyIO           Load declarations of de.uka.ilkd.key.nparser.KeyAst$File:  <unknown>:1#1 
307536     INFO  Test worker     d.u.i.k.n.KeyIO           MODE: declarations took 0 ms 
307536     DEBUG Test worker     d.u.i.k.n.KeyIO           MODE: 2nd degree decls took 0 
307536     INFO  Test worker     d.u.i.k.n.KeyIO           Parsing took 0 ms 
307536     DEBUG Test worker     d.u.i.k.n.KeyIO           Load declarations of de.uka.ilkd.key.nparser.KeyAst$File:  <unknown>:1#1 
307536     INFO  Test worker     d.u.i.k.n.KeyIO           MODE: declarations took 0 ms 
307536     DEBUG Test worker     d.u.i.k.n.KeyIO           MODE: 2nd degree decls took 0 
307536     INFO  Test worker     d.u.i.k.n.KeyIO           Parsing took 0 ms 
307536     DEBUG Test worker     d.u.i.k.n.KeyIO           Load declarations of de.uka.ilkd.key.nparser.KeyAst$File:  <unknown>:1#1 
307536     INFO  Test worker     d.u.i.k.n.KeyIO           MODE: declarations took 0 ms 
307536     DEBUG Test worker     d.u.i.k.n.KeyIO           MODE: 2nd degree decls took 0 
309989     INFO  Test worker     d.u.i.k.n.KeyIO           Parsing took 0 ms 
309989     DEBUG Test worker     d.u.i.k.n.KeyIO           Load declarations of de.uka.ilkd.key.nparser.KeyAst$File:  <unknown>:1#1 
309989     INFO  Test worker     d.u.i.k.n.KeyIO           MODE: declarations took 0 ms 
309989     DEBUG Test worker     d.u.i.k.n.KeyIO           MODE: 2nd degree decls took 0 
309989     INFO  Test worker     d.u.i.k.n.KeyIO           Parsing took 0 ms 
309989     DEBUG Test worker     d.u.i.k.n.KeyIO           Load declarations of de.uka.ilkd.key.nparser.KeyAst$File:  <unknown>:1#1 
309989     INFO  Test worker     d.u.i.k.n.KeyIO           MODE: declarations took 0 ms 
309989     DEBUG Test worker     d.u.i.k.n.KeyIO           MODE: 2nd degree decls took 0 
309989     INFO  Test worker     d.u.i.k.n.KeyIO           Parsing took 0 ms 
309989     DEBUG Test worker     d.u.i.k.n.KeyIO           Load declarations of de.uka.ilkd.key.nparser.KeyAst$File:  <unknown>:1#1 
309989     INFO  Test worker     d.u.i.k.n.KeyIO           MODE: declarations took 0 ms 
309989     DEBUG Test worker     d.u.i.k.n.KeyIO           MODE: 2nd degree decls took 0 
309989     INFO  Test worker     d.u.i.k.n.KeyIO           Parsing took 0 ms 
309989     DEBUG Test worker     d.u.i.k.n.KeyIO           Load declarations of de.uka.ilkd.key.nparser.KeyAst$File:  <unknown>:1#1 
309989     INFO  Test worker     d.u.i.k.n.KeyIO           MODE: declarations took 0 ms 
309989     DEBUG Test worker     d.u.i.k.n.KeyIO           MODE: 2nd degree decls took 0 
309989     INFO  Test worker     d.u.i.k.n.KeyIO           Parsing took 0 ms 
309989     DEBUG Test worker     d.u.i.k.n.KeyIO           Load declarations of de.uka.ilkd.key.nparser.KeyAst$File:  <unknown>:1#1 
309989     INFO  Test worker     d.u.i.k.n.KeyIO           MODE: declarations took 0 ms 
309989     DEBUG Test worker     d.u.i.k.n.KeyIO           MODE: 2nd degree decls took 0 
312448     INFO  Test worker     d.u.i.k.n.KeyIO           Parsing took 0 ms 
312448     DEBUG Test worker     d.u.i.k.n.KeyIO           Load declarations of de.uka.ilkd.key.nparser.KeyAst$File:  <unknown>:1#1 
312448     INFO  Test worker     d.u.i.k.n.KeyIO           MODE: declarations took 0 ms 
312448     DEBUG Test worker     d.u.i.k.n.KeyIO           MODE: 2nd degree decls took 0 
312448     INFO  Test worker     d.u.i.k.n.KeyIO           Parsing took 0 ms 
312448     DEBUG Test worker     d.u.i.k.n.KeyIO           Load declarations of de.uka.ilkd.key.nparser.KeyAst$File:  <unknown>:1#1 
312448     INFO  Test worker     d.u.i.k.n.KeyIO           MODE: declarations took 0 ms 
312448     DEBUG Test worker     d.u.i.k.n.KeyIO           MODE: 2nd degree decls took 0 
312448     INFO  Test worker     d.u.i.k.n.KeyIO           Parsing took 0 ms 
312448     DEBUG Test worker     d.u.i.k.n.KeyIO           Load declarations of de.uka.ilkd.key.nparser.KeyAst$File:  <unknown>:1#1 
312448     INFO  Test worker     d.u.i.k.n.KeyIO           MODE: declarations took 0 ms 
312448     DEBUG Test worker     d.u.i.k.n.KeyIO           MODE: 2nd degree decls took 0 
312448     INFO  Test worker     d.u.i.k.n.KeyIO           Parsing took 0 ms 
312448     DEBUG Test worker     d.u.i.k.n.KeyIO           Load declarations of de.uka.ilkd.key.nparser.KeyAst$File:  <unknown>:1#1 
312448     INFO  Test worker     d.u.i.k.n.KeyIO           MODE: declarations took 0 ms 
312448     DEBUG Test worker     d.u.i.k.n.KeyIO           MODE: 2nd degree decls took 0 
312448     INFO  Test worker     d.u.i.k.n.KeyIO           Parsing took 0 ms 
312448     DEBUG Test worker     d.u.i.k.n.KeyIO           Load declarations of de.uka.ilkd.key.nparser.KeyAst$File:  <unknown>:1#1 
312448     INFO  Test worker     d.u.i.k.n.KeyIO           MODE: declarations took 0 ms 
312448     DEBUG Test worker     d.u.i.k.n.KeyIO           MODE: 2nd degree decls took 0 
314875     INFO  Test worker     d.u.i.k.n.KeyIO           Parsing took 0 ms 
314875     DEBUG Test worker     d.u.i.k.n.KeyIO           Load declarations of de.uka.ilkd.key.nparser.KeyAst$File:  <unknown>:1#1 
314875     INFO  Test worker     d.u.i.k.n.KeyIO           MODE: declarations took 0 ms 
314875     DEBUG Test worker     d.u.i.k.n.KeyIO           MODE: 2nd degree decls took 0 
314875     INFO  Test worker     d.u.i.k.n.KeyIO           Parsing took 0 ms 
314875     DEBUG Test worker     d.u.i.k.n.KeyIO           Load declarations of de.uka.ilkd.key.nparser.KeyAst$File:  <unknown>:1#1 
314875     INFO  Test worker     d.u.i.k.n.KeyIO           MODE: declarations took 0 ms 
314875     DEBUG Test worker     d.u.i.k.n.KeyIO           MODE: 2nd degree decls took 0 
314875     INFO  Test worker     d.u.i.k.n.KeyIO           Parsing took 0 ms 
314875     DEBUG Test worker     d.u.i.k.n.KeyIO           Load declarations of de.uka.ilkd.key.nparser.KeyAst$File:  <unknown>:1#1 
314875     INFO  Test worker     d.u.i.k.n.KeyIO           MODE: declarations took 0 ms 
314875     DEBUG Test worker     d.u.i.k.n.KeyIO           MODE: 2nd degree decls took 0 
314875     INFO  Test worker     d.u.i.k.n.KeyIO           Parsing took 0 ms 
314875     DEBUG Test worker     d.u.i.k.n.KeyIO           Load declarations of de.uka.ilkd.key.nparser.KeyAst$File:  <unknown>:1#1 
314875     INFO  Test worker     d.u.i.k.n.KeyIO           MODE: declarations took 0 ms 
314875     DEBUG Test worker     d.u.i.k.n.KeyIO           MODE: 2nd degree decls took 0 
314875     INFO  Test worker     d.u.i.k.n.KeyIO           Parsing took 0 ms 
314875     DEBUG Test worker     d.u.i.k.n.KeyIO           Load declarations of de.uka.ilkd.key.nparser.KeyAst$File:  <unknown>:1#1 
314875     INFO  Test worker     d.u.i.k.n.KeyIO           MODE: declarations took 0 ms 
314875     DEBUG Test worker     d.u.i.k.n.KeyIO           MODE: 2nd degree decls took 0 
317335     INFO  Test worker     d.u.i.k.n.KeyIO           Parsing took 0 ms 
317335     DEBUG Test worker     d.u.i.k.n.KeyIO           Load declarations of de.uka.ilkd.key.nparser.KeyAst$File:  <unknown>:1#1 
317335     INFO  Test worker     d.u.i.k.n.KeyIO           MODE: declarations took 0 ms 
317335     DEBUG Test worker     d.u.i.k.n.KeyIO           MODE: 2nd degree decls took 0 
317335     INFO  Test worker     d.u.i.k.n.KeyIO           Parsing took 0 ms 
317335     DEBUG Test worker     d.u.i.k.n.KeyIO           Load declarations of de.uka.ilkd.key.nparser.KeyAst$File:  <unknown>:1#1 
317335     INFO  Test worker     d.u.i.k.n.KeyIO           MODE: declarations took 0 ms 
317335     DEBUG Test worker     d.u.i.k.n.KeyIO           MODE: 2nd degree decls took 0 
317335     INFO  Test worker     d.u.i.k.n.KeyIO           Parsing took 0 ms 
317335     DEBUG Test worker     d.u.i.k.n.KeyIO           Load declarations of de.uka.ilkd.key.nparser.KeyAst$File:  <unknown>:1#1 
317335     INFO  Test worker     d.u.i.k.n.KeyIO           MODE: declarations took 0 ms 
317335     DEBUG Test worker     d.u.i.k.n.KeyIO           MODE: 2nd degree decls took 0 
317335     INFO  Test worker     d.u.i.k.n.KeyIO           Parsing took 0 ms 
317335     DEBUG Test worker     d.u.i.k.n.KeyIO           Load declarations of de.uka.ilkd.key.nparser.KeyAst$File:  <unknown>:1#1 
317335     INFO  Test worker     d.u.i.k.n.KeyIO           MODE: declarations took 0 ms 
317335     DEBUG Test worker     d.u.i.k.n.KeyIO           MODE: 2nd degree decls took 0 
317335     INFO  Test worker     d.u.i.k.n.KeyIO           Parsing took 0 ms 
317335     DEBUG Test worker     d.u.i.k.n.KeyIO           Load declarations of de.uka.ilkd.key.nparser.KeyAst$File:  <unknown>:1#1 
317335     INFO  Test worker     d.u.i.k.n.KeyIO           MODE: declarations took 0 ms 
317335     DEBUG Test worker     d.u.i.k.n.KeyIO           MODE: 2nd degree decls took 0 
319798     INFO  Test worker     d.u.i.k.n.KeyIO           Parsing took 0 ms 
319798     DEBUG Test worker     d.u.i.k.n.KeyIO           Load declarations of de.uka.ilkd.key.nparser.KeyAst$File:  <unknown>:1#1 
319798     INFO  Test worker     d.u.i.k.n.KeyIO           MODE: declarations took 0 ms 
319798     DEBUG Test worker     d.u.i.k.n.KeyIO           MODE: 2nd degree decls took 0 
319798     INFO  Test worker     d.u.i.k.n.KeyIO           Parsing took 0 ms 
319798     DEBUG Test worker     d.u.i.k.n.KeyIO           Load declarations of de.uka.ilkd.key.nparser.KeyAst$File:  <unknown>:1#1 
319798     INFO  Test worker     d.u.i.k.n.KeyIO           MODE: declarations took 0 ms 
319798     DEBUG Test worker     d.u.i.k.n.KeyIO           MODE: 2nd degree decls took 0 
319798     INFO  Test worker     d.u.i.k.n.KeyIO           Parsing took 0 ms 
319798     DEBUG Test worker     d.u.i.k.n.KeyIO           Load declarations of de.uka.ilkd.key.nparser.KeyAst$File:  <unknown>:1#1 
319798     INFO  Test worker     d.u.i.k.n.KeyIO           MODE: declarations took 0 ms 
319798     DEBUG Test worker     d.u.i.k.n.KeyIO           MODE: 2nd degree decls took 0 
319798     INFO  Test worker     d.u.i.k.n.KeyIO           Parsing took 0 ms 
319798     DEBUG Test worker     d.u.i.k.n.KeyIO           Load declarations of de.uka.ilkd.key.nparser.KeyAst$File:  <unknown>:1#1 
319798     INFO  Test worker     d.u.i.k.n.KeyIO           MODE: declarations took 0 ms 
319798     DEBUG Test worker     d.u.i.k.n.KeyIO           MODE: 2nd degree decls took 0 
319798     INFO  Test worker     d.u.i.k.n.KeyIO           Parsing took 0 ms 
319798     DEBUG Test worker     d.u.i.k.n.KeyIO           Load declarations of de.uka.ilkd.key.nparser.KeyAst$File:  <unknown>:1#1 
319798     INFO  Test worker     d.u.i.k.n.KeyIO           MODE: declarations took 0 ms 
319798     DEBUG Test worker     d.u.i.k.n.KeyIO           MODE: 2nd degree decls took 0 
322252     INFO  Test worker     d.u.i.k.n.KeyIO           Parsing took 0 ms 
322252     DEBUG Test worker     d.u.i.k.n.KeyIO           Load declarations of de.uka.ilkd.key.nparser.KeyAst$File:  <unknown>:1#1 
322252     INFO  Test worker     d.u.i.k.n.KeyIO           MODE: declarations took 0 ms 
322252     DEBUG Test worker     d.u.i.k.n.KeyIO           MODE: 2nd degree decls took 0 
322252     INFO  Test worker     d.u.i.k.n.KeyIO           Parsing took 0 ms 
322252     DEBUG Test worker     d.u.i.k.n.KeyIO           Load declarations of de.uka.ilkd.key.nparser.KeyAst$File:  <unknown>:1#1 
322252     INFO  Test worker     d.u.i.k.n.KeyIO           MODE: declarations took 0 ms 
322252     DEBUG Test worker     d.u.i.k.n.KeyIO           MODE: 2nd degree decls took 0 
322252     INFO  Test worker     d.u.i.k.n.KeyIO           Parsing took 0 ms 
322252     DEBUG Test worker     d.u.i.k.n.KeyIO           Load declarations of de.uka.ilkd.key.nparser.KeyAst$File:  <unknown>:1#1 
322252     INFO  Test worker     d.u.i.k.n.KeyIO           MODE: declarations took 0 ms 
322252     DEBUG Test worker     d.u.i.k.n.KeyIO           MODE: 2nd degree decls took 0 
322252     INFO  Test worker     d.u.i.k.n.KeyIO           Parsing took 0 ms 
322252     DEBUG Test worker     d.u.i.k.n.KeyIO           Load declarations of de.uka.ilkd.key.nparser.KeyAst$File:  <unknown>:1#1 
322252     INFO  Test worker     d.u.i.k.n.KeyIO           MODE: declarations took 0 ms 
322252     DEBUG Test worker     d.u.i.k.n.KeyIO           MODE: 2nd degree decls took 0 
322252     INFO  Test worker     d.u.i.k.n.KeyIO           Parsing took 0 ms 
322252     DEBUG Test worker     d.u.i.k.n.KeyIO           Load declarations of de.uka.ilkd.key.nparser.KeyAst$File:  <unknown>:1#1 
322252     INFO  Test worker     d.u.i.k.n.KeyIO           MODE: declarations took 0 ms 
322252     DEBUG Test worker     d.u.i.k.n.KeyIO           MODE: 2nd degree decls took 0 
324703     INFO  Test worker     d.u.i.k.n.KeyIO           Parsing took 0 ms 
324703     DEBUG Test worker     d.u.i.k.n.KeyIO           Load declarations of de.uka.ilkd.key.nparser.KeyAst$File:  <unknown>:1#1 
324703     INFO  Test worker     d.u.i.k.n.KeyIO           MODE: declarations took 0 ms 
324703     DEBUG Test worker     d.u.i.k.n.KeyIO           MODE: 2nd degree decls took 0 
324703     INFO  Test worker     d.u.i.k.n.KeyIO           Parsing took 0 ms 
324703     DEBUG Test worker     d.u.i.k.n.KeyIO           Load declarations of de.uka.ilkd.key.nparser.KeyAst$File:  <unknown>:1#1 
324703     INFO  Test worker     d.u.i.k.n.KeyIO           MODE: declarations took 0 ms 
324703     DEBUG Test worker     d.u.i.k.n.KeyIO           MODE: 2nd degree decls took 0 
324703     INFO  Test worker     d.u.i.k.n.KeyIO           Parsing took 0 ms 
324703     DEBUG Test worker     d.u.i.k.n.KeyIO           Load declarations of de.uka.ilkd.key.nparser.KeyAst$File:  <unknown>:1#1 
324703     INFO  Test worker     d.u.i.k.n.KeyIO           MODE: declarations took 0 ms 
324703     DEBUG Test worker     d.u.i.k.n.KeyIO           MODE: 2nd degree decls took 0 
324703     INFO  Test worker     d.u.i.k.n.KeyIO           Parsing took 0 ms 
324703     DEBUG Test worker     d.u.i.k.n.KeyIO           Load declarations of de.uka.ilkd.key.nparser.KeyAst$File:  <unknown>:1#1 
324703     INFO  Test worker     d.u.i.k.n.KeyIO           MODE: declarations took 0 ms 
324703     DEBUG Test worker     d.u.i.k.n.KeyIO           MODE: 2nd degree decls took 0 
324703     INFO  Test worker     d.u.i.k.n.KeyIO           Parsing took 0 ms 
324703     DEBUG Test worker     d.u.i.k.n.KeyIO           Load declarations of de.uka.ilkd.key.nparser.KeyAst$File:  <unknown>:1#1 
324703     INFO  Test worker     d.u.i.k.n.KeyIO           MODE: declarations took 0 ms 
324703     DEBUG Test worker     d.u.i.k.n.KeyIO           MODE: 2nd degree decls took 0 
327150     INFO  Test worker     d.u.i.k.n.KeyIO           Parsing took 0 ms 
327150     DEBUG Test worker     d.u.i.k.n.KeyIO           Load declarations of de.uka.ilkd.key.nparser.KeyAst$File:  <unknown>:1#1 
327150     INFO  Test worker     d.u.i.k.n.KeyIO           MODE: declarations took 0 ms 
327150     DEBUG Test worker     d.u.i.k.n.KeyIO           MODE: 2nd degree decls took 0 
327150     INFO  Test worker     d.u.i.k.n.KeyIO           Parsing took 0 ms 
327150     DEBUG Test worker     d.u.i.k.n.KeyIO           Load declarations of de.uka.ilkd.key.nparser.KeyAst$File:  <unknown>:1#1 
327150     INFO  Test worker     d.u.i.k.n.KeyIO           MODE: declarations took 0 ms 
327150     DEBUG Test worker     d.u.i.k.n.KeyIO           MODE: 2nd degree decls took 0 
327150     INFO  Test worker     d.u.i.k.n.KeyIO           Parsing took 0 ms 
327150     DEBUG Test worker     d.u.i.k.n.KeyIO           Load declarations of de.uka.ilkd.key.nparser.KeyAst$File:  <unknown>:1#1 
327150     INFO  Test worker     d.u.i.k.n.KeyIO           MODE: declarations took 0 ms 
327150     DEBUG Test worker     d.u.i.k.n.KeyIO           MODE: 2nd degree decls took 0 
327150     INFO  Test worker     d.u.i.k.n.KeyIO           Parsing took 0 ms 
327150     DEBUG Test worker     d.u.i.k.n.KeyIO           Load declarations of de.uka.ilkd.key.nparser.KeyAst$File:  <unknown>:1#1 
327150     INFO  Test worker     d.u.i.k.n.KeyIO           MODE: declarations took 0 ms 
327150     DEBUG Test worker     d.u.i.k.n.KeyIO           MODE: 2nd degree decls took 0 
327150     INFO  Test worker     d.u.i.k.n.KeyIO           Parsing took 0 ms 
327150     DEBUG Test worker     d.u.i.k.n.KeyIO           Load declarations of de.uka.ilkd.key.nparser.KeyAst$File:  <unknown>:1#1 
327150     INFO  Test worker     d.u.i.k.n.KeyIO           MODE: declarations took 0 ms 
327150     DEBUG Test worker     d.u.i.k.n.KeyIO           MODE: 2nd degree decls took 0 
329627     INFO  Test worker     d.u.i.k.n.KeyIO           Parsing took 0 ms 
329627     DEBUG Test worker     d.u.i.k.n.KeyIO           Load declarations of de.uka.ilkd.key.nparser.KeyAst$File:  <unknown>:1#1 
329627     INFO  Test worker     d.u.i.k.n.KeyIO           MODE: declarations took 0 ms 
329627     DEBUG Test worker     d.u.i.k.n.KeyIO           MODE: 2nd degree decls took 0 
329627     INFO  Test worker     d.u.i.k.n.KeyIO           Parsing took 0 ms 
329627     DEBUG Test worker     d.u.i.k.n.KeyIO           Load declarations of de.uka.ilkd.key.nparser.KeyAst$File:  <unknown>:1#1 
329627     INFO  Test worker     d.u.i.k.n.KeyIO           MODE: declarations took 0 ms 
329627     DEBUG Test worker     d.u.i.k.n.KeyIO           MODE: 2nd degree decls took 0 
329627     INFO  Test worker     d.u.i.k.n.KeyIO           Parsing took 0 ms 
329627     DEBUG Test worker     d.u.i.k.n.KeyIO           Load declarations of de.uka.ilkd.key.nparser.KeyAst$File:  <unknown>:1#1 
329627     INFO  Test worker     d.u.i.k.n.KeyIO           MODE: declarations took 0 ms 
329627     DEBUG Test worker     d.u.i.k.n.KeyIO           MODE: 2nd degree decls took 0 
329627     INFO  Test worker     d.u.i.k.n.KeyIO           Parsing took 0 ms 
329627     DEBUG Test worker     d.u.i.k.n.KeyIO           Load declarations of de.uka.ilkd.key.nparser.KeyAst$File:  <unknown>:1#1 
329627     INFO  Test worker     d.u.i.k.n.KeyIO           MODE: declarations took 0 ms 
329627     DEBUG Test worker     d.u.i.k.n.KeyIO           MODE: 2nd degree decls took 0 
329627     INFO  Test worker     d.u.i.k.n.KeyIO           Parsing took 0 ms 
329627     DEBUG Test worker     d.u.i.k.n.KeyIO           Load declarations of de.uka.ilkd.key.nparser.KeyAst$File:  <unknown>:1#1 
329627     INFO  Test worker     d.u.i.k.n.KeyIO           MODE: declarations took 0 ms 
329627     DEBUG Test worker     d.u.i.k.n.KeyIO           MODE: 2nd degree decls took 0 
332095     INFO  Test worker     d.u.i.k.n.KeyIO           Parsing took 0 ms 
332095     DEBUG Test worker     d.u.i.k.n.KeyIO           Load declarations of de.uka.ilkd.key.nparser.KeyAst$File:  <unknown>:1#1 
332095     INFO  Test worker     d.u.i.k.n.KeyIO           MODE: declarations took 0 ms 
332095     DEBUG Test worker     d.u.i.k.n.KeyIO           MODE: 2nd degree decls took 0 
332095     INFO  Test worker     d.u.i.k.n.KeyIO           Parsing took 0 ms 
332095     DEBUG Test worker     d.u.i.k.n.KeyIO           Load declarations of de.uka.ilkd.key.nparser.KeyAst$File:  <unknown>:1#1 
332095     INFO  Test worker     d.u.i.k.n.KeyIO           MODE: declarations took 0 ms 
332095     DEBUG Test worker     d.u.i.k.n.KeyIO           MODE: 2nd degree decls took 0 
332095     INFO  Test worker     d.u.i.k.n.KeyIO           Parsing took 0 ms 
332095     DEBUG Test worker     d.u.i.k.n.KeyIO           Load declarations of de.uka.ilkd.key.nparser.KeyAst$File:  <unknown>:1#1 
332095     INFO  Test worker     d.u.i.k.n.KeyIO           MODE: declarations took 0 ms 
332095     DEBUG Test worker     d.u.i.k.n.KeyIO           MODE: 2nd degree decls took 0 
332095     INFO  Test worker     d.u.i.k.n.KeyIO           Parsing took 0 ms 
332095     DEBUG Test worker     d.u.i.k.n.KeyIO           Load declarations of de.uka.ilkd.key.nparser.KeyAst$File:  <unknown>:1#1 
332095     INFO  Test worker     d.u.i.k.n.KeyIO           MODE: declarations took 0 ms 
332095     DEBUG Test worker     d.u.i.k.n.KeyIO           MODE: 2nd degree decls took 0 
332095     INFO  Test worker     d.u.i.k.n.KeyIO           Parsing took 0 ms 
332095     DEBUG Test worker     d.u.i.k.n.KeyIO           Load declarations of de.uka.ilkd.key.nparser.KeyAst$File:  <unknown>:1#1 
332095     INFO  Test worker     d.u.i.k.n.KeyIO           MODE: declarations took 0 ms 
332095     DEBUG Test worker     d.u.i.k.n.KeyIO           MODE: 2nd degree decls took 0 
334534     INFO  Test worker     d.u.i.k.n.KeyIO           Parsing took 0 ms 
334534     DEBUG Test worker     d.u.i.k.n.KeyIO           Load declarations of de.uka.ilkd.key.nparser.KeyAst$File:  <unknown>:1#1 
334534     INFO  Test worker     d.u.i.k.n.KeyIO           MODE: declarations took 0 ms 
334534     DEBUG Test worker     d.u.i.k.n.KeyIO           MODE: 2nd degree decls took 0 
334534     INFO  Test worker     d.u.i.k.n.KeyIO           Parsing took 0 ms 
334534     DEBUG Test worker     d.u.i.k.n.KeyIO           Load declarations of de.uka.ilkd.key.nparser.KeyAst$File:  <unknown>:1#1 
334534     INFO  Test worker     d.u.i.k.n.KeyIO           MODE: declarations took 0 ms 
334534     DEBUG Test worker     d.u.i.k.n.KeyIO           MODE: 2nd degree decls took 0 
334534     INFO  Test worker     d.u.i.k.n.KeyIO           Parsing took 0 ms 
334534     DEBUG Test worker     d.u.i.k.n.KeyIO           Load declarations of de.uka.ilkd.key.nparser.KeyAst$File:  <unknown>:1#1 
334534     INFO  Test worker     d.u.i.k.n.KeyIO           MODE: declarations took 0 ms 
334534     DEBUG Test worker     d.u.i.k.n.KeyIO           MODE: 2nd degree decls took 0 
334534     INFO  Test worker     d.u.i.k.n.KeyIO           Parsing took 0 ms 
334534     DEBUG Test worker     d.u.i.k.n.KeyIO           Load declarations of de.uka.ilkd.key.nparser.KeyAst$File:  <unknown>:1#1 
334534     INFO  Test worker     d.u.i.k.n.KeyIO           MODE: declarations took 0 ms 
334534     DEBUG Test worker     d.u.i.k.n.KeyIO           MODE: 2nd degree decls took 0 
334534     INFO  Test worker     d.u.i.k.n.KeyIO           Parsing took 0 ms 
334534     DEBUG Test worker     d.u.i.k.n.KeyIO           Load declarations of de.uka.ilkd.key.nparser.KeyAst$File:  <unknown>:1#1 
334534     INFO  Test worker     d.u.i.k.n.KeyIO           MODE: declarations took 0 ms 
334534     DEBUG Test worker     d.u.i.k.n.KeyIO           MODE: 2nd degree decls took 0 
336994     INFO  Test worker     d.u.i.k.n.KeyIO           Parsing took 0 ms 
336994     DEBUG Test worker     d.u.i.k.n.KeyIO           Load declarations of de.uka.ilkd.key.nparser.KeyAst$File:  <unknown>:1#1 
336994     INFO  Test worker     d.u.i.k.n.KeyIO           MODE: declarations took 0 ms 
336994     DEBUG Test worker     d.u.i.k.n.KeyIO           MODE: 2nd degree decls took 0 
336994     INFO  Test worker     d.u.i.k.n.KeyIO           Parsing took 0 ms 
336994     DEBUG Test worker     d.u.i.k.n.KeyIO           Load declarations of de.uka.ilkd.key.nparser.KeyAst$File:  <unknown>:1#1 
336994     INFO  Test worker     d.u.i.k.n.KeyIO           MODE: declarations took 0 ms 
336994     DEBUG Test worker     d.u.i.k.n.KeyIO           MODE: 2nd degree decls took 0 
336994     INFO  Test worker     d.u.i.k.n.KeyIO           Parsing took 0 ms 
336994     DEBUG Test worker     d.u.i.k.n.KeyIO           Load declarations of de.uka.ilkd.key.nparser.KeyAst$File:  <unknown>:1#1 
336994     INFO  Test worker     d.u.i.k.n.KeyIO           MODE: declarations took 0 ms 
336994     DEBUG Test worker     d.u.i.k.n.KeyIO           MODE: 2nd degree decls took 0 
336994     INFO  Test worker     d.u.i.k.n.KeyIO           Parsing took 0 ms 
336994     DEBUG Test worker     d.u.i.k.n.KeyIO           Load declarations of de.uka.ilkd.key.nparser.KeyAst$File:  <unknown>:1#1 
336994     INFO  Test worker     d.u.i.k.n.KeyIO           MODE: declarations took 0 ms 
336994     DEBUG Test worker     d.u.i.k.n.KeyIO           MODE: 2nd degree decls took 0 
336994     INFO  Test worker     d.u.i.k.n.KeyIO           Parsing took 0 ms 
336994     DEBUG Test worker     d.u.i.k.n.KeyIO           Load declarations of de.uka.ilkd.key.nparser.KeyAst$File:  <unknown>:1#1 
336994     INFO  Test worker     d.u.i.k.n.KeyIO           MODE: declarations took 0 ms 
336994     DEBUG Test worker     d.u.i.k.n.KeyIO           MODE: 2nd degree decls took 0 
339437     INFO  Test worker     d.u.i.k.n.KeyIO           Parsing took 0 ms 
339437     DEBUG Test worker     d.u.i.k.n.KeyIO           Load declarations of de.uka.ilkd.key.nparser.KeyAst$File:  <unknown>:1#1 
339437     INFO  Test worker     d.u.i.k.n.KeyIO           MODE: declarations took 0 ms 
339437     DEBUG Test worker     d.u.i.k.n.KeyIO           MODE: 2nd degree decls took 0 
339437     INFO  Test worker     d.u.i.k.n.KeyIO           Parsing took 0 ms 
339437     DEBUG Test worker     d.u.i.k.n.KeyIO           Load declarations of de.uka.ilkd.key.nparser.KeyAst$File:  <unknown>:1#1 
339437     INFO  Test worker     d.u.i.k.n.KeyIO           MODE: declarations took 0 ms 
339437     DEBUG Test worker     d.u.i.k.n.KeyIO           MODE: 2nd degree decls took 0 
339437     INFO  Test worker     d.u.i.k.n.KeyIO           Parsing took 0 ms 
339452     DEBUG Test worker     d.u.i.k.n.KeyIO           Load declarations of de.uka.ilkd.key.nparser.KeyAst$File:  <unknown>:1#1 
339452     INFO  Test worker     d.u.i.k.n.KeyIO           MODE: declarations took 0 ms 
339452     DEBUG Test worker     d.u.i.k.n.KeyIO           MODE: 2nd degree decls took 0 
339452     INFO  Test worker     d.u.i.k.n.KeyIO           Parsing took 0 ms 
339452     DEBUG Test worker     d.u.i.k.n.KeyIO           Load declarations of de.uka.ilkd.key.nparser.KeyAst$File:  <unknown>:1#1 
339452     INFO  Test worker     d.u.i.k.n.KeyIO           MODE: declarations took 0 ms 
339452     DEBUG Test worker     d.u.i.k.n.KeyIO           MODE: 2nd degree decls took 0 
339452     INFO  Test worker     d.u.i.k.n.KeyIO           Parsing took 0 ms 
339452     DEBUG Test worker     d.u.i.k.n.KeyIO           Load declarations of de.uka.ilkd.key.nparser.KeyAst$File:  <unknown>:1#1 
339452     INFO  Test worker     d.u.i.k.n.KeyIO           MODE: declarations took 0 ms 
339452     DEBUG Test worker     d.u.i.k.n.KeyIO           MODE: 2nd degree decls took 0 
341917     INFO  Test worker     d.u.i.k.n.KeyIO           Parsing took 0 ms 
341917     DEBUG Test worker     d.u.i.k.n.KeyIO           Load declarations of de.uka.ilkd.key.nparser.KeyAst$File:  <unknown>:1#1 
341917     INFO  Test worker     d.u.i.k.n.KeyIO           MODE: declarations took 0 ms 
341917     DEBUG Test worker     d.u.i.k.n.KeyIO           MODE: 2nd degree decls took 0 
341917     INFO  Test worker     d.u.i.k.n.KeyIO           Parsing took 0 ms 
341917     DEBUG Test worker     d.u.i.k.n.KeyIO           Load declarations of de.uka.ilkd.key.nparser.KeyAst$File:  <unknown>:1#1 
341917     INFO  Test worker     d.u.i.k.n.KeyIO           MODE: declarations took 0 ms 
341917     DEBUG Test worker     d.u.i.k.n.KeyIO           MODE: 2nd degree decls took 0 
341917     INFO  Test worker     d.u.i.k.n.KeyIO           Parsing took 0 ms 
341917     DEBUG Test worker     d.u.i.k.n.KeyIO           Load declarations of de.uka.ilkd.key.nparser.KeyAst$File:  <unknown>:1#1 
341917     INFO  Test worker     d.u.i.k.n.KeyIO           MODE: declarations took 0 ms 
341917     DEBUG Test worker     d.u.i.k.n.KeyIO           MODE: 2nd degree decls took 0 
341917     INFO  Test worker     d.u.i.k.n.KeyIO           Parsing took 0 ms 
341917     DEBUG Test worker     d.u.i.k.n.KeyIO           Load declarations of de.uka.ilkd.key.nparser.KeyAst$File:  <unknown>:1#1 
341917     INFO  Test worker     d.u.i.k.n.KeyIO           MODE: declarations took 0 ms 
341917     DEBUG Test worker     d.u.i.k.n.KeyIO           MODE: 2nd degree decls took 0 
341917     INFO  Test worker     d.u.i.k.n.KeyIO           Parsing took 0 ms 
341917     DEBUG Test worker     d.u.i.k.n.KeyIO           Load declarations of de.uka.ilkd.key.nparser.KeyAst$File:  <unknown>:1#1 
341917     INFO  Test worker     d.u.i.k.n.KeyIO           MODE: declarations took 0 ms 
341917     DEBUG Test worker     d.u.i.k.n.KeyIO           MODE: 2nd degree decls took 0 
344380     INFO  Test worker     d.u.i.k.n.KeyIO           Parsing took 0 ms 
344380     DEBUG Test worker     d.u.i.k.n.KeyIO           Load declarations of de.uka.ilkd.key.nparser.KeyAst$File:  <unknown>:1#1 
344380     INFO  Test worker     d.u.i.k.n.KeyIO           MODE: declarations took 0 ms 
344380     DEBUG Test worker     d.u.i.k.n.KeyIO           MODE: 2nd degree decls took 0 
344380     INFO  Test worker     d.u.i.k.n.KeyIO           Parsing took 0 ms 
344380     DEBUG Test worker     d.u.i.k.n.KeyIO           Load declarations of de.uka.ilkd.key.nparser.KeyAst$File:  <unknown>:1#1 
344380     INFO  Test worker     d.u.i.k.n.KeyIO           MODE: declarations took 0 ms 
344380     DEBUG Test worker     d.u.i.k.n.KeyIO           MODE: 2nd degree decls took 0 
344380     INFO  Test worker     d.u.i.k.n.KeyIO           Parsing took 0 ms 
344380     DEBUG Test worker     d.u.i.k.n.KeyIO           Load declarations of de.uka.ilkd.key.nparser.KeyAst$File:  <unknown>:1#1 
344380     INFO  Test worker     d.u.i.k.n.KeyIO           MODE: declarations took 0 ms 
344380     DEBUG Test worker     d.u.i.k.n.KeyIO           MODE: 2nd degree decls took 0 
344380     INFO  Test worker     d.u.i.k.n.KeyIO           Parsing took 0 ms 
344380     DEBUG Test worker     d.u.i.k.n.KeyIO           Load declarations of de.uka.ilkd.key.nparser.KeyAst$File:  <unknown>:1#1 
344380     INFO  Test worker     d.u.i.k.n.KeyIO           MODE: declarations took 0 ms 
344380     DEBUG Test worker     d.u.i.k.n.KeyIO           MODE: 2nd degree decls took 0 
344380     INFO  Test worker     d.u.i.k.n.KeyIO           Parsing took 0 ms 
344380     DEBUG Test worker     d.u.i.k.n.KeyIO           Load declarations of de.uka.ilkd.key.nparser.KeyAst$File:  <unknown>:1#1 
344380     INFO  Test worker     d.u.i.k.n.KeyIO           MODE: declarations took 0 ms 
344380     DEBUG Test worker     d.u.i.k.n.KeyIO           MODE: 2nd degree decls took 0 
346822     INFO  Test worker     d.u.i.k.n.KeyIO           Parsing took 0 ms 
346822     DEBUG Test worker     d.u.i.k.n.KeyIO           Load declarations of de.uka.ilkd.key.nparser.KeyAst$File:  <unknown>:1#1 
346822     INFO  Test worker     d.u.i.k.n.KeyIO           MODE: declarations took 0 ms 
346822     DEBUG Test worker     d.u.i.k.n.KeyIO           MODE: 2nd degree decls took 0 
346822     INFO  Test worker     d.u.i.k.n.KeyIO           Parsing took 0 ms 
346822     DEBUG Test worker     d.u.i.k.n.KeyIO           Load declarations of de.uka.ilkd.key.nparser.KeyAst$File:  <unknown>:1#1 
346822     INFO  Test worker     d.u.i.k.n.KeyIO           MODE: declarations took 0 ms 
346822     DEBUG Test worker     d.u.i.k.n.KeyIO           MODE: 2nd degree decls took 0 
346822     INFO  Test worker     d.u.i.k.n.KeyIO           Parsing took 0 ms 
346822     DEBUG Test worker     d.u.i.k.n.KeyIO           Load declarations of de.uka.ilkd.key.nparser.KeyAst$File:  <unknown>:1#1 
346822     INFO  Test worker     d.u.i.k.n.KeyIO           MODE: declarations took 0 ms 
346822     DEBUG Test worker     d.u.i.k.n.KeyIO           MODE: 2nd degree decls took 0 
346822     INFO  Test worker     d.u.i.k.n.KeyIO           Parsing took 0 ms 
346822     DEBUG Test worker     d.u.i.k.n.KeyIO           Load declarations of de.uka.ilkd.key.nparser.KeyAst$File:  <unknown>:1#1 
346822     INFO  Test worker     d.u.i.k.n.KeyIO           MODE: declarations took 0 ms 
346822     DEBUG Test worker     d.u.i.k.n.KeyIO           MODE: 2nd degree decls took 0 
346822     INFO  Test worker     d.u.i.k.n.KeyIO           Parsing took 0 ms 
346822     DEBUG Test worker     d.u.i.k.n.KeyIO           Load declarations of de.uka.ilkd.key.nparser.KeyAst$File:  <unknown>:1#1 
346822     INFO  Test worker     d.u.i.k.n.KeyIO           MODE: declarations took 0 ms 
346822     DEBUG Test worker     d.u.i.k.n.KeyIO           MODE: 2nd degree decls took 0 
349276     INFO  Test worker     d.u.i.k.n.KeyIO           Parsing took 0 ms 
349276     DEBUG Test worker     d.u.i.k.n.KeyIO           Load declarations of de.uka.ilkd.key.nparser.KeyAst$File:  <unknown>:1#1 
349276     INFO  Test worker     d.u.i.k.n.KeyIO           MODE: declarations took 0 ms 
349276     DEBUG Test worker     d.u.i.k.n.KeyIO           MODE: 2nd degree decls took 0 
349276     INFO  Test worker     d.u.i.k.n.KeyIO           Parsing took 0 ms 
349276     DEBUG Test worker     d.u.i.k.n.KeyIO           Load declarations of de.uka.ilkd.key.nparser.KeyAst$File:  <unknown>:1#1 
349276     INFO  Test worker     d.u.i.k.n.KeyIO           MODE: declarations took 0 ms 
349276     DEBUG Test worker     d.u.i.k.n.KeyIO           MODE: 2nd degree decls took 0 
349276     INFO  Test worker     d.u.i.k.n.KeyIO           Parsing took 0 ms 
349276     DEBUG Test worker     d.u.i.k.n.KeyIO           Load declarations of de.uka.ilkd.key.nparser.KeyAst$File:  <unknown>:1#1 
349276     INFO  Test worker     d.u.i.k.n.KeyIO           MODE: declarations took 0 ms 
349276     DEBUG Test worker     d.u.i.k.n.KeyIO           MODE: 2nd degree decls took 0 
349276     INFO  Test worker     d.u.i.k.n.KeyIO           Parsing took 0 ms 
349276     DEBUG Test worker     d.u.i.k.n.KeyIO           Load declarations of de.uka.ilkd.key.nparser.KeyAst$File:  <unknown>:1#1 
349276     INFO  Test worker     d.u.i.k.n.KeyIO           MODE: declarations took 0 ms 
349276     DEBUG Test worker     d.u.i.k.n.KeyIO           MODE: 2nd degree decls took 0 
349276     INFO  Test worker     d.u.i.k.n.KeyIO           Parsing took 0 ms 
349276     DEBUG Test worker     d.u.i.k.n.KeyIO           Load declarations of de.uka.ilkd.key.nparser.KeyAst$File:  <unknown>:1#1 
349276     INFO  Test worker     d.u.i.k.n.KeyIO           MODE: declarations took 0 ms 
349276     DEBUG Test worker     d.u.i.k.n.KeyIO           MODE: 2nd degree decls took 0 
351723     INFO  Test worker     d.u.i.k.n.KeyIO           Parsing took 0 ms 
351723     DEBUG Test worker     d.u.i.k.n.KeyIO           Load declarations of de.uka.ilkd.key.nparser.KeyAst$File:  <unknown>:1#1 
351723     INFO  Test worker     d.u.i.k.n.KeyIO           MODE: declarations took 0 ms 
351723     DEBUG Test worker     d.u.i.k.n.KeyIO           MODE: 2nd degree decls took 0 
351723     INFO  Test worker     d.u.i.k.n.KeyIO           Parsing took 0 ms 
351723     DEBUG Test worker     d.u.i.k.n.KeyIO           Load declarations of de.uka.ilkd.key.nparser.KeyAst$File:  <unknown>:1#1 
351723     INFO  Test worker     d.u.i.k.n.KeyIO           MODE: declarations took 0 ms 
351723     DEBUG Test worker     d.u.i.k.n.KeyIO           MODE: 2nd degree decls took 0 
351723     INFO  Test worker     d.u.i.k.n.KeyIO           Parsing took 0 ms 
351723     DEBUG Test worker     d.u.i.k.n.KeyIO           Load declarations of de.uka.ilkd.key.nparser.KeyAst$File:  <unknown>:1#1 
351723     INFO  Test worker     d.u.i.k.n.KeyIO           MODE: declarations took 0 ms 
351723     DEBUG Test worker     d.u.i.k.n.KeyIO           MODE: 2nd degree decls took 0 
351723     INFO  Test worker     d.u.i.k.n.KeyIO           Parsing took 0 ms 
351723     DEBUG Test worker     d.u.i.k.n.KeyIO           Load declarations of de.uka.ilkd.key.nparser.KeyAst$File:  <unknown>:1#1 
351723     INFO  Test worker     d.u.i.k.n.KeyIO           MODE: declarations took 0 ms 
351723     DEBUG Test worker     d.u.i.k.n.KeyIO           MODE: 2nd degree decls took 0 
351723     INFO  Test worker     d.u.i.k.n.KeyIO           Parsing took 0 ms 
351723     DEBUG Test worker     d.u.i.k.n.KeyIO           Load declarations of de.uka.ilkd.key.nparser.KeyAst$File:  <unknown>:1#1 
351723     INFO  Test worker     d.u.i.k.n.KeyIO           MODE: declarations took 0 ms 
351723     DEBUG Test worker     d.u.i.k.n.KeyIO           MODE: 2nd degree decls took 0 
354182     INFO  Test worker     d.u.i.k.n.KeyIO           Parsing took 0 ms 
354182     DEBUG Test worker     d.u.i.k.n.KeyIO           Load declarations of de.uka.ilkd.key.nparser.KeyAst$File:  <unknown>:1#1 
354182     INFO  Test worker     d.u.i.k.n.KeyIO           MODE: declarations took 0 ms 
354182     DEBUG Test worker     d.u.i.k.n.KeyIO           MODE: 2nd degree decls took 0 
354182     INFO  Test worker     d.u.i.k.n.KeyIO           Parsing took 0 ms 
354182     DEBUG Test worker     d.u.i.k.n.KeyIO           Load declarations of de.uka.ilkd.key.nparser.KeyAst$File:  <unknown>:1#1 
354182     INFO  Test worker     d.u.i.k.n.KeyIO           MODE: declarations took 0 ms 
354182     DEBUG Test worker     d.u.i.k.n.KeyIO           MODE: 2nd degree decls took 0 
354182     INFO  Test worker     d.u.i.k.n.KeyIO           Parsing took 0 ms 
354182     DEBUG Test worker     d.u.i.k.n.KeyIO           Load declarations of de.uka.ilkd.key.nparser.KeyAst$File:  <unknown>:1#1 
354182     INFO  Test worker     d.u.i.k.n.KeyIO           MODE: declarations took 0 ms 
354182     DEBUG Test worker     d.u.i.k.n.KeyIO           MODE: 2nd degree decls took 0 
354182     INFO  Test worker     d.u.i.k.n.KeyIO           Parsing took 0 ms 
354182     DEBUG Test worker     d.u.i.k.n.KeyIO           Load declarations of de.uka.ilkd.key.nparser.KeyAst$File:  <unknown>:1#1 
354182     INFO  Test worker     d.u.i.k.n.KeyIO           MODE: declarations took 0 ms 
354182     DEBUG Test worker     d.u.i.k.n.KeyIO           MODE: 2nd degree decls took 0 
354182     INFO  Test worker     d.u.i.k.n.KeyIO           Parsing took 0 ms 
354182     DEBUG Test worker     d.u.i.k.n.KeyIO           Load declarations of de.uka.ilkd.key.nparser.KeyAst$File:  <unknown>:1#1 
354182     INFO  Test worker     d.u.i.k.n.KeyIO           MODE: declarations took 0 ms 
354182     DEBUG Test worker     d.u.i.k.n.KeyIO           MODE: 2nd degree decls took 0 
356619     INFO  Test worker     d.u.i.k.n.KeyIO           Parsing took 0 ms 
356619     DEBUG Test worker     d.u.i.k.n.KeyIO           Load declarations of de.uka.ilkd.key.nparser.KeyAst$File:  <unknown>:1#1 
356619     INFO  Test worker     d.u.i.k.n.KeyIO           MODE: declarations took 0 ms 
356619     DEBUG Test worker     d.u.i.k.n.KeyIO           MODE: 2nd degree decls took 0 
356619     INFO  Test worker     d.u.i.k.n.KeyIO           Parsing took 0 ms 
356619     DEBUG Test worker     d.u.i.k.n.KeyIO           Load declarations of de.uka.ilkd.key.nparser.KeyAst$File:  <unknown>:1#1 
356619     INFO  Test worker     d.u.i.k.n.KeyIO           MODE: declarations took 0 ms 
356619     DEBUG Test worker     d.u.i.k.n.KeyIO           MODE: 2nd degree decls took 0 
356619     INFO  Test worker     d.u.i.k.n.KeyIO           Parsing took 0 ms 
356619     DEBUG Test worker     d.u.i.k.n.KeyIO           Load declarations of de.uka.ilkd.key.nparser.KeyAst$File:  <unknown>:1#1 
356619     INFO  Test worker     d.u.i.k.n.KeyIO           MODE: declarations took 0 ms 
356619     DEBUG Test worker     d.u.i.k.n.KeyIO           MODE: 2nd degree decls took 0 
356619     INFO  Test worker     d.u.i.k.n.KeyIO           Parsing took 0 ms 
356619     DEBUG Test worker     d.u.i.k.n.KeyIO           Load declarations of de.uka.ilkd.key.nparser.KeyAst$File:  <unknown>:1#1 
356619     INFO  Test worker     d.u.i.k.n.KeyIO           MODE: declarations took 0 ms 
356619     DEBUG Test worker     d.u.i.k.n.KeyIO           MODE: 2nd degree decls took 0 
356619     INFO  Test worker     d.u.i.k.n.KeyIO           Parsing took 0 ms 
356619     DEBUG Test worker     d.u.i.k.n.KeyIO           Load declarations of de.uka.ilkd.key.nparser.KeyAst$File:  <unknown>:1#1 
356619     INFO  Test worker     d.u.i.k.n.KeyIO           MODE: declarations took 0 ms 
356619     DEBUG Test worker     d.u.i.k.n.KeyIO           MODE: 2nd degree decls took 0 
359079     INFO  Test worker     d.u.i.k.n.KeyIO           Parsing took 0 ms 
359079     DEBUG Test worker     d.u.i.k.n.KeyIO           Load declarations of de.uka.ilkd.key.nparser.KeyAst$File:  <unknown>:1#1 
359079     INFO  Test worker     d.u.i.k.n.KeyIO           MODE: declarations took 0 ms 
359079     DEBUG Test worker     d.u.i.k.n.KeyIO           MODE: 2nd degree decls took 0 
359079     INFO  Test worker     d.u.i.k.n.KeyIO           Parsing took 0 ms 
359079     DEBUG Test worker     d.u.i.k.n.KeyIO           Load declarations of de.uka.ilkd.key.nparser.KeyAst$File:  <unknown>:1#1 
359079     INFO  Test worker     d.u.i.k.n.KeyIO           MODE: declarations took 0 ms 
359079     DEBUG Test worker     d.u.i.k.n.KeyIO           MODE: 2nd degree decls took 0 
359079     INFO  Test worker     d.u.i.k.n.KeyIO           Parsing took 0 ms 
359079     DEBUG Test worker     d.u.i.k.n.KeyIO           Load declarations of de.uka.ilkd.key.nparser.KeyAst$File:  <unknown>:1#1 
359079     INFO  Test worker     d.u.i.k.n.KeyIO           MODE: declarations took 0 ms 
359079     DEBUG Test worker     d.u.i.k.n.KeyIO           MODE: 2nd degree decls took 0 
359079     INFO  Test worker     d.u.i.k.n.KeyIO           Parsing took 0 ms 
359079     DEBUG Test worker     d.u.i.k.n.KeyIO           Load declarations of de.uka.ilkd.key.nparser.KeyAst$File:  <unknown>:1#1 
359079     INFO  Test worker     d.u.i.k.n.KeyIO           MODE: declarations took 0 ms 
359079     DEBUG Test worker     d.u.i.k.n.KeyIO           MODE: 2nd degree decls took 0 
359079     INFO  Test worker     d.u.i.k.n.KeyIO           Parsing took 0 ms 
359079     DEBUG Test worker     d.u.i.k.n.KeyIO           Load declarations of de.uka.ilkd.key.nparser.KeyAst$File:  <unknown>:1#1 
359079     INFO  Test worker     d.u.i.k.n.KeyIO           MODE: declarations took 0 ms 
359079     DEBUG Test worker     d.u.i.k.n.KeyIO           MODE: 2nd degree decls took 0 
361519     INFO  Test worker     d.u.i.k.n.KeyIO           Parsing took 0 ms 
361519     DEBUG Test worker     d.u.i.k.n.KeyIO           Load declarations of de.uka.ilkd.key.nparser.KeyAst$File:  <unknown>:1#1 
361519     INFO  Test worker     d.u.i.k.n.KeyIO           MODE: declarations took 0 ms 
361519     DEBUG Test worker     d.u.i.k.n.KeyIO           MODE: 2nd degree decls took 0 
361519     INFO  Test worker     d.u.i.k.n.KeyIO           Parsing took 0 ms 
361519     DEBUG Test worker     d.u.i.k.n.KeyIO           Load declarations of de.uka.ilkd.key.nparser.KeyAst$File:  <unknown>:1#1 
361519     INFO  Test worker     d.u.i.k.n.KeyIO           MODE: declarations took 0 ms 
361519     DEBUG Test worker     d.u.i.k.n.KeyIO           MODE: 2nd degree decls took 0 
361519     INFO  Test worker     d.u.i.k.n.KeyIO           Parsing took 0 ms 
361519     DEBUG Test worker     d.u.i.k.n.KeyIO           Load declarations of de.uka.ilkd.key.nparser.KeyAst$File:  <unknown>:1#1 
361519     INFO  Test worker     d.u.i.k.n.KeyIO           MODE: declarations took 0 ms 
361519     DEBUG Test worker     d.u.i.k.n.KeyIO           MODE: 2nd degree decls took 0 
361519     INFO  Test worker     d.u.i.k.n.KeyIO           Parsing took 0 ms 
361519     DEBUG Test worker     d.u.i.k.n.KeyIO           Load declarations of de.uka.ilkd.key.nparser.KeyAst$File:  <unknown>:1#1 
361519     INFO  Test worker     d.u.i.k.n.KeyIO           MODE: declarations took 0 ms 
361519     DEBUG Test worker     d.u.i.k.n.KeyIO           MODE: 2nd degree decls took 0 
361519     INFO  Test worker     d.u.i.k.n.KeyIO           Parsing took 0 ms 
361519     DEBUG Test worker     d.u.i.k.n.KeyIO           Load declarations of de.uka.ilkd.key.nparser.KeyAst$File:  <unknown>:1#1 
361519     INFO  Test worker     d.u.i.k.n.KeyIO           MODE: declarations took 0 ms 
361519     DEBUG Test worker     d.u.i.k.n.KeyIO           MODE: 2nd degree decls took 0 
]]></system-out>
  <system-err><![CDATA[]]></system-err>
</testsuite>
