<?xml version="1.0" encoding="UTF-8"?>
<testsuite name="de.uka.ilkd.key.parser.TestDeclParser" tests="14" skipped="2" failures="0" errors="0" timestamp="2023-05-27T17:09:23" hostname="fv-az464-622" time="9.58">
  <properties/>
  <testcase name="testGenericSortDecl1()" classname="de.uka.ilkd.key.parser.TestDeclParser" time="0.88"/>
  <testcase name="testGenericSortDecl2()" classname="de.uka.ilkd.key.parser.TestDeclParser" time="0.816"/>
  <testcase name="testGenericSortDecl3()" classname="de.uka.ilkd.key.parser.TestDeclParser" time="0.786"/>
  <testcase name="testGenericSortDecl4()" classname="de.uka.ilkd.key.parser.TestDeclParser" time="0.739"/>
  <testcase name="testGenericSortDecl5()" classname="de.uka.ilkd.key.parser.TestDeclParser" time="0.0">
    <skipped/>
  </testcase>
  <testcase name="testGenericSortDecl6()" classname="de.uka.ilkd.key.parser.TestDeclParser" time="0.815"/>
  <testcase name="testSortDecl()" classname="de.uka.ilkd.key.parser.TestDeclParser" time="0.797"/>
  <testcase name="testProxySortDecl()" classname="de.uka.ilkd.key.parser.TestDeclParser" time="0.798"/>
  <testcase name="testArrayDecl()" classname="de.uka.ilkd.key.parser.TestDeclParser" time="0.743"/>
  <testcase name="testAmbiguousDecls()" classname="de.uka.ilkd.key.parser.TestDeclParser" time="0.0">
    <skipped/>
  </testcase>
  <testcase name="testHeurDecl()" classname="de.uka.ilkd.key.parser.TestDeclParser" time="0.843"/>
  <testcase name="testFunctionDecl()" classname="de.uka.ilkd.key.parser.TestDeclParser" time="0.807"/>
  <testcase name="testPredicateDecl()" classname="de.uka.ilkd.key.parser.TestDeclParser" time="0.758"/>
  <testcase name="testSVDecl()" classname="de.uka.ilkd.key.parser.TestDeclParser" time="0.794"/>
  <system-out><![CDATA[186462     INFO  Test worker     d.u.i.k.n.KeyIO           Parsing took 0 ms 
186462     DEBUG Test worker     d.u.i.k.n.KeyIO           Load declarations of de.uka.ilkd.key.nparser.KeyAst$File:  <unknown>:1#1 
186462     INFO  Test worker     d.u.i.k.n.KeyIO           MODE: declarations took 0 ms 
186462     DEBUG Test worker     d.u.i.k.n.KeyIO           MODE: 2nd degree decls took 0 
186462     DEBUG Test worker     d.u.i.k.n.KeyIO           MODE: taclets took 0ms 
187285     INFO  Test worker     d.u.i.k.n.KeyIO           Parsing took 0 ms 
187285     DEBUG Test worker     d.u.i.k.n.KeyIO           Load declarations of de.uka.ilkd.key.nparser.KeyAst$File:  <unknown>:1#1 
187285     INFO  Test worker     d.u.i.k.n.KeyIO           MODE: declarations took 0 ms 
187285     DEBUG Test worker     d.u.i.k.n.KeyIO           MODE: 2nd degree decls took 0 
187285     DEBUG Test worker     d.u.i.k.n.KeyIO           MODE: taclets took 0ms 
188077     INFO  Test worker     d.u.i.k.n.KeyIO           Parsing took 0 ms 
188077     DEBUG Test worker     d.u.i.k.n.KeyIO           Load declarations of de.uka.ilkd.key.nparser.KeyAst$File:  <unknown>:1#1 
188077     INFO  Test worker     d.u.i.k.n.KeyIO           MODE: declarations took 0 ms 
188077     DEBUG Test worker     d.u.i.k.n.KeyIO           MODE: 2nd degree decls took 0 
188077     DEBUG Test worker     d.u.i.k.n.KeyIO           MODE: taclets took 0ms 
188827     INFO  Test worker     d.u.i.k.n.KeyIO           Parsing took 0 ms 
188827     DEBUG Test worker     d.u.i.k.n.KeyIO           Load declarations of de.uka.ilkd.key.nparser.KeyAst$File:  <unknown>:1#1 
188827     INFO  Test worker     d.u.i.k.n.KeyIO           MODE: declarations took 0 ms 
188827     DEBUG Test worker     d.u.i.k.n.KeyIO           MODE: 2nd degree decls took 0 
188827     DEBUG Test worker     d.u.i.k.n.KeyIO           MODE: taclets took 0ms 
189640     INFO  Test worker     d.u.i.k.n.KeyIO           Parsing took 0 ms 
189640     DEBUG Test worker     d.u.i.k.n.KeyIO           Load declarations of de.uka.ilkd.key.nparser.KeyAst$File:  <unknown>:1#1 
189640     INFO  Test worker     d.u.i.k.n.KeyIO           MODE: declarations took 0 ms 
189640     DEBUG Test worker     d.u.i.k.n.KeyIO           MODE: 2nd degree decls took 0 
189640     DEBUG Test worker     d.u.i.k.n.KeyIO           MODE: taclets took 0ms 
190437     INFO  Test worker     d.u.i.k.n.KeyIO           Parsing took 0 ms 
190437     DEBUG Test worker     d.u.i.k.n.KeyIO           Load declarations of de.uka.ilkd.key.nparser.KeyAst$File:  <unknown>:1#1 
190437     INFO  Test worker     d.u.i.k.n.KeyIO           MODE: declarations took 0 ms 
190437     DEBUG Test worker     d.u.i.k.n.KeyIO           MODE: 2nd degree decls took 0 
190437     DEBUG Test worker     d.u.i.k.n.KeyIO           MODE: taclets took 0ms 
191228     INFO  Test worker     d.u.i.k.n.KeyIO           Parsing took 0 ms 
191228     DEBUG Test worker     d.u.i.k.n.KeyIO           Load declarations of de.uka.ilkd.key.nparser.KeyAst$File:  <unknown>:1#1 
191228     INFO  Test worker     d.u.i.k.n.KeyIO           MODE: declarations took 0 ms 
191228     DEBUG Test worker     d.u.i.k.n.KeyIO           MODE: 2nd degree decls took 0 
191228     DEBUG Test worker     d.u.i.k.n.KeyIO           MODE: taclets took 0ms 
191983     INFO  Test worker     d.u.i.k.n.KeyIO           Parsing took 0 ms 
191983     DEBUG Test worker     d.u.i.k.n.KeyIO           Load declarations of de.uka.ilkd.key.nparser.KeyAst$File:  <unknown>:1#1 
191983     INFO  Test worker     d.u.i.k.n.KeyIO           MODE: declarations took 0 ms 
191983     DEBUG Test worker     d.u.i.k.n.KeyIO           MODE: 2nd degree decls took 0 
191983     DEBUG Test worker     d.u.i.k.n.KeyIO           MODE: taclets took 0ms 
192824     INFO  Test worker     d.u.i.k.n.KeyIO           Parsing took 0 ms 
192824     DEBUG Test worker     d.u.i.k.n.KeyIO           Load declarations of de.uka.ilkd.key.nparser.KeyAst$File:  <unknown>:1#1 
192824     INFO  Test worker     d.u.i.k.n.KeyIO           MODE: declarations took 0 ms 
192824     DEBUG Test worker     d.u.i.k.n.KeyIO           MODE: 2nd degree decls took 0 
192824     DEBUG Test worker     d.u.i.k.n.KeyIO           MODE: taclets took 0ms 
193634     INFO  Test worker     d.u.i.k.n.KeyIO           Parsing took 0 ms 
193634     DEBUG Test worker     d.u.i.k.n.KeyIO           Load declarations of de.uka.ilkd.key.nparser.KeyAst$File:  <unknown>:1#1 
193634     INFO  Test worker     d.u.i.k.n.KeyIO           MODE: declarations took 0 ms 
193634     DEBUG Test worker     d.u.i.k.n.KeyIO           MODE: 2nd degree decls took 0 
193634     DEBUG Test worker     d.u.i.k.n.KeyIO           MODE: taclets took 0ms 
194380     INFO  Test worker     d.u.i.k.n.KeyIO           Parsing took 0 ms 
194380     DEBUG Test worker     d.u.i.k.n.KeyIO           Load declarations of de.uka.ilkd.key.nparser.KeyAst$File:  <unknown>:1#1 
194380     INFO  Test worker     d.u.i.k.n.KeyIO           MODE: declarations took 0 ms 
194380     DEBUG Test worker     d.u.i.k.n.KeyIO           MODE: 2nd degree decls took 0 
194380     DEBUG Test worker     d.u.i.k.n.KeyIO           MODE: taclets took 0ms 
195177     INFO  Test worker     d.u.i.k.n.KeyIO           Parsing took 0 ms 
195177     DEBUG Test worker     d.u.i.k.n.KeyIO           Load declarations of de.uka.ilkd.key.nparser.KeyAst$File:  <unknown>:1#1 
195177     INFO  Test worker     d.u.i.k.n.KeyIO           MODE: declarations took 0 ms 
195177     DEBUG Test worker     d.u.i.k.n.KeyIO           MODE: 2nd degree decls took 0 
195177     DEBUG Test worker     d.u.i.k.n.KeyIO           MODE: taclets took 0ms 
]]></system-out>
  <system-err><![CDATA[]]></system-err>
</testsuite>
