<?xml version="1.0" encoding="UTF-8"?>
<testsuite name="de.uka.ilkd.key.logic.TestLocalSymbols" tests="2" skipped="0" failures="0" errors="0" timestamp="2023-05-27T17:07:34" hostname="fv-az464-622" time="4.732">
  <properties/>
  <testcase name="testSkolemization()" classname="de.uka.ilkd.key.logic.TestLocalSymbols" time="0.031"/>
  <testcase name="testDoubleInstantiation()" classname="de.uka.ilkd.key.logic.TestLocalSymbols" time="4.701"/>
  <system-out><![CDATA[77247      DEBUG Test worker     d.u.i.k.p.m.ProofCorrectnessMgt No justification found for rule and_right 
77247      DEBUG Test worker     d.u.i.k.p.m.ProofCorrectnessMgt No justification found for rule or_right 
77247      DEBUG Test worker     d.u.i.k.p.m.ProofCorrectnessMgt No justification found for rule all_right 
77247      DEBUG Test worker     d.u.i.k.p.m.ProofCorrectnessMgt No justification found for rule all_right 
77247      DEBUG Test worker     d.u.i.k.p.m.ProofCorrectnessMgt No justification found for rule or_right 
77247      DEBUG Test worker     d.u.i.k.p.m.ProofCorrectnessMgt No justification found for rule all_right 
77263      DEBUG Test worker     d.u.i.k.p.m.ProofCorrectnessMgt No justification found for rule all_right 
77268      DEBUG Test worker     d.u.i.k.p.m.ProofCorrectnessMgt No justification found for rule and_right 
77268      DEBUG Test worker     d.u.i.k.p.m.ProofCorrectnessMgt No justification found for rule or_right 
77269      DEBUG Test worker     d.u.i.k.p.m.ProofCorrectnessMgt No justification found for rule all_right 
77270      DEBUG Test worker     d.u.i.k.p.m.ProofCorrectnessMgt No justification found for rule all_right 
77270      DEBUG Test worker     d.u.i.k.p.m.ProofCorrectnessMgt No justification found for rule or_right 
77271      DEBUG Test worker     d.u.i.k.p.m.ProofCorrectnessMgt No justification found for rule all_right 
77272      DEBUG Test worker     d.u.i.k.p.m.ProofCorrectnessMgt No justification found for rule all_right 
77292      INFO  Test worker     d.u.i.k.p.i.AbstractProblemLoader Loading environment from src\test\resources\testcase\localSymbols\doubleSkolem.key 
77292      DEBUG Test worker     d.u.i.k.p.i.AbstractProblemLoader Environment load took 390.7ns 
77307      INFO  Test worker     d.u.i.k.p.i.AbstractProblemLoader Creating init config 
77526      DEBUG Test worker     d.u.i.k.j.TypeConverter   No LDT found for Meta 
77526      DEBUG Test worker     d.u.i.k.j.TypeConverter   No LDT found for Meta 
77526      DEBUG Test worker     d.u.i.k.j.TypeConverter   No LDT found for Meta 
77526      DEBUG Test worker     d.u.i.k.j.TypeConverter   No LDT found for Meta 
78276      DEBUG Test worker     d.u.i.k.j.TypeConverter   No LDT found for JavaBigintExpression 
81271      DEBUG Test worker     d.u.i.k.p.i.AbstractProblemLoader Init config took 3.96s 
81334      INFO  Test worker     d.u.i.k.p.i.AbstractProblemLoader Replaying proof doubleSkolem.key 
81381      DEBUG Test worker     d.u.i.k.p.i.IntermediateProofReplayer Proof replay took 33.6ns 
81438      DEBUG Test worker     d.u.i.k.m.s.ProofScriptEngine 1: 'rule orRight' 
81844      DEBUG Test worker     d.u.i.k.m.s.ProofScriptEngine 2: 'rule allRight formula='\forall int i; i > 0'' 
81969      DEBUG Test worker     d.u.i.k.m.s.ProofScriptEngine 3: 'rule allRight formula='\forall int i; i < 0'' 
]]></system-out>
  <system-err><![CDATA[]]></system-err>
</testsuite>
