<?xml version="1.0" encoding="UTF-8"?>
<testsuite name="de.uka.ilkd.key.proof.TestOneStepSimplifier" tests="1" skipped="0" failures="0" errors="0" timestamp="2023-05-27T17:12:24" hostname="fv-az464-622" time="3.173">
  <properties/>
  <testcase name="loadWithRestriction()" classname="de.uka.ilkd.key.proof.TestOneStepSimplifier" time="3.173"/>
  <system-out><![CDATA[366453     INFO  Test worker     d.u.i.k.p.i.AbstractProblemLoader Loading environment from src\test\resources\testcase\ossRestriction.proof 
366453     DEBUG Test worker     d.u.i.k.p.i.AbstractProblemLoader Environment load took 100.2ns 
366468     INFO  Test worker     d.u.i.k.p.i.AbstractProblemLoader Creating init config 
366578     DEBUG Test worker     d.u.i.k.j.TypeConverter   No LDT found for Meta 
366578     DEBUG Test worker     d.u.i.k.j.TypeConverter   No LDT found for Meta 
366578     DEBUG Test worker     d.u.i.k.j.TypeConverter   No LDT found for Meta 
366578     DEBUG Test worker     d.u.i.k.j.TypeConverter   No LDT found for Meta 
366924     DEBUG Test worker     d.u.i.k.j.TypeConverter   No LDT found for JavaBigintExpression 
369599     DEBUG Test worker     d.u.i.k.p.i.AbstractProblemLoader Init config took 3.13s 
369615     INFO  Test worker     d.u.i.k.p.i.AbstractProblemLoader Replaying proof ossRestriction.proof 
369615     DEBUG Test worker     d.u.i.k.p.i.IntermediateProofReplayer Proof replay took 733.7ns 
]]></system-out>
  <system-err><![CDATA[]]></system-err>
</testsuite>
