<?xml version="1.0" encoding="UTF-8"?>
<testsuite name="de.uka.ilkd.key.pp.PrettyPrinterTest" tests="1" skipped="0" failures="0" errors="0" timestamp="2023-05-27T17:12:24" hostname="fv-az464-622" time="0.001">
  <properties/>
  <testcase name="printLocationVariable()" classname="de.uka.ilkd.key.pp.PrettyPrinterTest" time="0.001"/>
  <system-out><![CDATA[]]></system-out>
  <system-err><![CDATA[]]></system-err>
</testsuite>
