<?xml version="1.0" encoding="UTF-8"?>
<testsuite name="de.uka.ilkd.key.parser.TestTermParserSorts" tests="2" skipped="0" failures="0" errors="0" timestamp="2023-05-27T17:12:21" hostname="fv-az464-622" time="2.454">
  <properties/>
  <testcase name="testParseIntegerArgs()" classname="de.uka.ilkd.key.parser.TestTermParserSorts" time="0.015"/>
  <testcase name="testParseSequencePrettySyntax()" classname="de.uka.ilkd.key.parser.TestTermParserSorts" time="0.001"/>
  <system-out><![CDATA[363958     INFO  Test worker     d.u.i.k.n.KeyIO           Parsing took 0 ms 
363958     DEBUG Test worker     d.u.i.k.n.KeyIO           Load declarations of de.uka.ilkd.key.nparser.KeyAst$File:  <unknown>:1#1 
363958     INFO  Test worker     d.u.i.k.n.KeyIO           MODE: declarations took 0 ms 
363958     DEBUG Test worker     d.u.i.k.n.KeyIO           MODE: 2nd degree decls took 0 
363958     INFO  Test worker     d.u.i.k.n.KeyIO           Parsing took 0 ms 
363958     DEBUG Test worker     d.u.i.k.n.KeyIO           Load declarations of de.uka.ilkd.key.nparser.KeyAst$File:  <unknown>:1#1 
363958     INFO  Test worker     d.u.i.k.n.KeyIO           MODE: declarations took 0 ms 
363958     DEBUG Test worker     d.u.i.k.n.KeyIO           MODE: 2nd degree decls took 0 
363958     INFO  Test worker     d.u.i.k.n.KeyIO           Parsing took 0 ms 
363958     DEBUG Test worker     d.u.i.k.n.KeyIO           Load declarations of de.uka.ilkd.key.nparser.KeyAst$File:  <unknown>:1#1 
363958     INFO  Test worker     d.u.i.k.n.KeyIO           MODE: declarations took 0 ms 
363958     DEBUG Test worker     d.u.i.k.n.KeyIO           MODE: 2nd degree decls took 0 
366406     INFO  Test worker     d.u.i.k.n.KeyIO           Parsing took 0 ms 
366406     DEBUG Test worker     d.u.i.k.n.KeyIO           Load declarations of de.uka.ilkd.key.nparser.KeyAst$File:  <unknown>:1#1 
366406     INFO  Test worker     d.u.i.k.n.KeyIO           MODE: declarations took 0 ms 
366406     DEBUG Test worker     d.u.i.k.n.KeyIO           MODE: 2nd degree decls took 0 
366406     INFO  Test worker     d.u.i.k.n.KeyIO           Parsing took 0 ms 
366406     DEBUG Test worker     d.u.i.k.n.KeyIO           Load declarations of de.uka.ilkd.key.nparser.KeyAst$File:  <unknown>:1#1 
366406     INFO  Test worker     d.u.i.k.n.KeyIO           MODE: declarations took 0 ms 
366406     DEBUG Test worker     d.u.i.k.n.KeyIO           MODE: 2nd degree decls took 0 
366406     INFO  Test worker     d.u.i.k.n.KeyIO           Parsing took 0 ms 
366406     DEBUG Test worker     d.u.i.k.n.KeyIO           Load declarations of de.uka.ilkd.key.nparser.KeyAst$File:  <unknown>:1#1 
366406     INFO  Test worker     d.u.i.k.n.KeyIO           MODE: declarations took 0 ms 
366406     DEBUG Test worker     d.u.i.k.n.KeyIO           MODE: 2nd degree decls took 0 
]]></system-out>
  <system-err><![CDATA[]]></system-err>
</testsuite>
