<?xml version="1.0" encoding="UTF-8"?>
<testsuite name="de.uka.ilkd.key.proof_references.testcase.analyst.TestMethodCallProofReferencesAnalyst" tests="10" skipped="0" failures="0" errors="0" timestamp="2023-02-01T22:19:59" hostname="fv-az574-956" time="32.396">
  <properties/>
  <testcase name="testConstructorTest()" classname="de.uka.ilkd.key.proof_references.testcase.analyst.TestMethodCallProofReferencesAnalyst" time="3.669"/>
  <testcase name="testMethodCallWithinClass()" classname="de.uka.ilkd.key.proof_references.testcase.analyst.TestMethodCallProofReferencesAnalyst" time="3.274"/>
  <testcase name="testMethodCallWithAssignmentSuper()" classname="de.uka.ilkd.key.proof_references.testcase.analyst.TestMethodCallProofReferencesAnalyst" time="3.181"/>
  <testcase name="testMethodCall()" classname="de.uka.ilkd.key.proof_references.testcase.analyst.TestMethodCallProofReferencesAnalyst" time="3.176"/>
  <testcase name="testStaticMethodCallStaticViaTypereference()" classname="de.uka.ilkd.key.proof_references.testcase.analyst.TestMethodCallProofReferencesAnalyst" time="3.278"/>
  <testcase name="testMethodCallWithAssignment()" classname="de.uka.ilkd.key.proof_references.testcase.analyst.TestMethodCallProofReferencesAnalyst" time="3.149"/>
  <testcase name="testMethodCallSuper()" classname="de.uka.ilkd.key.proof_references.testcase.analyst.TestMethodCallProofReferencesAnalyst" time="3.223"/>
  <testcase name="testMethodCallWithAssignmentWithinClass()" classname="de.uka.ilkd.key.proof_references.testcase.analyst.TestMethodCallProofReferencesAnalyst" time="3.07"/>
  <testcase name="testStaticMethodCallStaticWithAssignmentViaTypereference()" classname="de.uka.ilkd.key.proof_references.testcase.analyst.TestMethodCallProofReferencesAnalyst" time="3.179"/>
  <testcase name="testStaticMethodCall()" classname="de.uka.ilkd.key.proof_references.testcase.analyst.TestMethodCallProofReferencesAnalyst" time="3.18"/>
  <system-out><![CDATA[]]></system-out>
  <system-err><![CDATA[]]></system-err>
</testsuite>
