<?xml version="1.0" encoding="UTF-8"?>
<testsuite name="de.uka.ilkd.key.rule.TestSchemaModalOperators" tests="4" skipped="0" failures="0" errors="0" timestamp="2023-05-26T21:14:58" hostname="fv-az627-608" time="0.895">
  <properties/>
  <testcase name="testSchemaModalities1()" classname="de.uka.ilkd.key.rule.TestSchemaModalOperators" time="0.87"/>
  <testcase name="testSchemaModalities2()" classname="de.uka.ilkd.key.rule.TestSchemaModalOperators" time="0.007"/>
  <testcase name="testSchemaModalities3()" classname="de.uka.ilkd.key.rule.TestSchemaModalOperators" time="0.008"/>
  <testcase name="testSchemaModalities4()" classname="de.uka.ilkd.key.rule.TestSchemaModalOperators" time="0.008"/>
  <system-out><![CDATA[382781     INFO  Test worker     d.u.i.k.n.KeyIO           Parsing took 2 ms 
382781     DEBUG Test worker     d.u.i.k.n.KeyIO           Load declarations of de.uka.ilkd.key.nparser.KeyAst$File:  /home/runner/work/key/key/key.core/src/test/resources/testcase/testrules.key:9#1 
382782     INFO  Test worker     d.u.i.k.n.KeyIO           MODE: declarations took 1 ms 
382782     DEBUG Test worker     d.u.i.k.n.KeyIO           MODE: 2nd degree decls took 0 
382804     DEBUG Test worker     d.u.i.k.n.KeyIO           MODE: taclets took 22ms 
]]></system-out>
  <system-err><![CDATA[]]></system-err>
</testsuite>
