<?xml version="1.0" encoding="UTF-8"?>
<testsuite name="de.uka.ilkd.key.taclettranslation.TestTacletTranslator" tests="5" skipped="0" failures="0" errors="0" timestamp="2023-05-26T21:20:04" hostname="fv-az627-608" time="0.007">
  <properties/>
  <testcase name="testPropositional1()" classname="de.uka.ilkd.key.taclettranslation.TestTacletTranslator" time="0.003"/>
  <testcase name="testPropositional2()" classname="de.uka.ilkd.key.taclettranslation.TestTacletTranslator" time="0.001"/>
  <testcase name="testNegativePolarity()" classname="de.uka.ilkd.key.taclettranslation.TestTacletTranslator" time="0.001"/>
  <testcase name="testNoPolarity()" classname="de.uka.ilkd.key.taclettranslation.TestTacletTranslator" time="0.001"/>
  <testcase name="testPositivePolarity()" classname="de.uka.ilkd.key.taclettranslation.TestTacletTranslator" time="0.001"/>
  <system-out><![CDATA[688095     INFO  Test worker     d.u.i.k.n.KeyIO           Parsing took 0 ms 
688095     DEBUG Test worker     d.u.i.k.n.KeyIO           Load declarations of de.uka.ilkd.key.nparser.KeyAst$File:  <unknown>:1#1 
688095     INFO  Test worker     d.u.i.k.n.KeyIO           MODE: declarations took 0 ms 
688095     DEBUG Test worker     d.u.i.k.n.KeyIO           MODE: 2nd degree decls took 0 
688095     DEBUG Test worker     d.u.i.k.n.KeyIO           MODE: taclets took 0ms 
688097     INFO  Test worker     d.u.i.k.n.KeyIO           Parsing took 0 ms 
688098     DEBUG Test worker     d.u.i.k.n.KeyIO           Load declarations of de.uka.ilkd.key.nparser.KeyAst$File:  <unknown>:1#1 
688098     INFO  Test worker     d.u.i.k.n.KeyIO           MODE: declarations took 0 ms 
688098     DEBUG Test worker     d.u.i.k.n.KeyIO           MODE: 2nd degree decls took 0 
688098     DEBUG Test worker     d.u.i.k.n.KeyIO           MODE: taclets took 0ms 
688099     INFO  Test worker     d.u.i.k.n.KeyIO           Parsing took 0 ms 
688099     DEBUG Test worker     d.u.i.k.n.KeyIO           Load declarations of de.uka.ilkd.key.nparser.KeyAst$File:  <unknown>:1#1 
688099     INFO  Test worker     d.u.i.k.n.KeyIO           MODE: declarations took 0 ms 
688099     DEBUG Test worker     d.u.i.k.n.KeyIO           MODE: 2nd degree decls took 0 
688099     DEBUG Test worker     d.u.i.k.n.KeyIO           MODE: taclets took 0ms 
688100     INFO  Test worker     d.u.i.k.n.KeyIO           Parsing took 0 ms 
688100     DEBUG Test worker     d.u.i.k.n.KeyIO           Load declarations of de.uka.ilkd.key.nparser.KeyAst$File:  <unknown>:1#1 
688100     INFO  Test worker     d.u.i.k.n.KeyIO           MODE: declarations took 0 ms 
688100     DEBUG Test worker     d.u.i.k.n.KeyIO           MODE: 2nd degree decls took 0 
688100     DEBUG Test worker     d.u.i.k.n.KeyIO           MODE: taclets took 0ms 
688101     INFO  Test worker     d.u.i.k.n.KeyIO           Parsing took 1 ms 
688101     DEBUG Test worker     d.u.i.k.n.KeyIO           Load declarations of de.uka.ilkd.key.nparser.KeyAst$File:  <unknown>:1#1 
688101     INFO  Test worker     d.u.i.k.n.KeyIO           MODE: declarations took 0 ms 
688101     DEBUG Test worker     d.u.i.k.n.KeyIO           MODE: 2nd degree decls took 0 
688101     DEBUG Test worker     d.u.i.k.n.KeyIO           MODE: taclets took 0ms 
]]></system-out>
  <system-err><![CDATA[]]></system-err>
</testsuite>
