<?xml version="1.0" encoding="UTF-8"?>
<testsuite name="de.uka.ilkd.key.parser.TestTacletParser" tests="20" skipped="0" failures="0" errors="0" timestamp="2023-05-26T21:12:53" hostname="fv-az627-608" time="0.082">
  <properties/>
  <testcase name="testAllRight()" classname="de.uka.ilkd.key.parser.TestTacletParser" time="0.002"/>
  <testcase name="testSchemaJava0()" classname="de.uka.ilkd.key.parser.TestTacletParser" time="0.001"/>
  <testcase name="testSchemaJava1()" classname="de.uka.ilkd.key.parser.TestTacletParser" time="0.007"/>
  <testcase name="testSchemaJava2()" classname="de.uka.ilkd.key.parser.TestTacletParser" time="0.002"/>
  <testcase name="testSchemaJava4()" classname="de.uka.ilkd.key.parser.TestTacletParser" time="0.002"/>
  <testcase name="testSchemaJava6()" classname="de.uka.ilkd.key.parser.TestTacletParser" time="0.002"/>
  <testcase name="testSchemaJava8()" classname="de.uka.ilkd.key.parser.TestTacletParser" time="0.001"/>
  <testcase name="testCut()" classname="de.uka.ilkd.key.parser.TestTacletParser" time="0.001"/>
  <testcase name="testMakeInsertEq()" classname="de.uka.ilkd.key.parser.TestTacletParser" time="0.002"/>
  <testcase name="testAllLeft()" classname="de.uka.ilkd.key.parser.TestTacletParser" time="0.001"/>
  <testcase name="testClose()" classname="de.uka.ilkd.key.parser.TestTacletParser" time="0.001"/>
  <testcase name="testSchemaJava10()" classname="de.uka.ilkd.key.parser.TestTacletParser" time="0.008"/>
  <testcase name="testSchemaJava11()" classname="de.uka.ilkd.key.parser.TestTacletParser" time="0.009"/>
  <testcase name="testFIdempotent()" classname="de.uka.ilkd.key.parser.TestTacletParser" time="0.003"/>
  <testcase name="testImpRight()" classname="de.uka.ilkd.key.parser.TestTacletParser" time="0.002"/>
  <testcase name="testVarcondNew()" classname="de.uka.ilkd.key.parser.TestTacletParser" time="0.013"/>
  <testcase name="testFreeReplacewithVariables()" classname="de.uka.ilkd.key.parser.TestTacletParser" time="0.002"/>
  <testcase name="testImpLeft()" classname="de.uka.ilkd.key.parser.TestTacletParser" time="0.002"/>
  <testcase name="testContraposition()" classname="de.uka.ilkd.key.parser.TestTacletParser" time="0.003"/>
  <testcase name="testExConjSplit()" classname="de.uka.ilkd.key.parser.TestTacletParser" time="0.003"/>
  <system-out><![CDATA[256662     INFO  Test worker     d.u.i.k.n.KeyIO           Parsing took 0 ms 
256662     DEBUG Test worker     d.u.i.k.n.KeyIO           Load declarations of de.uka.ilkd.key.nparser.KeyAst$File:  <unknown>:1#1 
256662     INFO  Test worker     d.u.i.k.n.KeyIO           MODE: declarations took 0 ms 
256662     DEBUG Test worker     d.u.i.k.n.KeyIO           MODE: 2nd degree decls took 0 
256663     DEBUG Test worker     d.u.i.k.n.KeyIO           MODE: taclets took 1ms 
256663     INFO  Test worker     d.u.i.k.n.KeyIO           Parsing took 0 ms 
256663     DEBUG Test worker     d.u.i.k.n.KeyIO           Load declarations of de.uka.ilkd.key.nparser.KeyAst$File:  <unknown>:2#1 
256663     INFO  Test worker     d.u.i.k.n.KeyIO           MODE: declarations took 0 ms 
256663     DEBUG Test worker     d.u.i.k.n.KeyIO           MODE: 2nd degree decls took 0 
256664     DEBUG Test worker     d.u.i.k.n.KeyIO           MODE: taclets took 0ms 
256664     INFO  Test worker     d.u.i.k.n.KeyIO           Parsing took 0 ms 
256664     DEBUG Test worker     d.u.i.k.n.KeyIO           Load declarations of de.uka.ilkd.key.nparser.KeyAst$File:  <unknown>:1#1 
256664     INFO  Test worker     d.u.i.k.n.KeyIO           MODE: declarations took 0 ms 
256664     DEBUG Test worker     d.u.i.k.n.KeyIO           MODE: 2nd degree decls took 0 
256665     DEBUG Test worker     d.u.i.k.n.KeyIO           MODE: taclets took 1ms 
256665     INFO  Test worker     d.u.i.k.n.KeyIO           Parsing took 0 ms 
256665     DEBUG Test worker     d.u.i.k.n.KeyIO           Load declarations of de.uka.ilkd.key.nparser.KeyAst$File:  <unknown>:2#1 
256665     INFO  Test worker     d.u.i.k.n.KeyIO           MODE: declarations took 0 ms 
256665     DEBUG Test worker     d.u.i.k.n.KeyIO           MODE: 2nd degree decls took 0 
256665     DEBUG Test worker     d.u.i.k.n.KeyIO           MODE: taclets took 0ms 
256666     INFO  Test worker     d.u.i.k.n.KeyIO           Parsing took 1 ms 
256666     DEBUG Test worker     d.u.i.k.n.KeyIO           Load declarations of de.uka.ilkd.key.nparser.KeyAst$File:  <unknown>:1#1 
256666     INFO  Test worker     d.u.i.k.n.KeyIO           MODE: declarations took 0 ms 
256666     DEBUG Test worker     d.u.i.k.n.KeyIO           MODE: 2nd degree decls took 0 
256666     DEBUG Test worker     d.u.i.k.n.KeyIO           MODE: taclets took 0ms 
256666     WARN  Test worker     d.u.i.k.n.KeYParser       [syntax-error] <unknown>:2:21: extraneous input '<' expecting {MODALITY, FORALL, EXISTS, '\if', '\ifEx', 'true', 'false', '(', ')', '{', '@', NOT, '-', STRING_LITERAL, CHAR_LITERAL, BIN_LITERAL, HEX_LITERAL, IDENT, INT_LITERAL, FLOAT_LITERAL, DOUBLE_LITERAL, REAL_LITERAL} [@12,22:22='<',<173>,2:21] (argument_list, call, accessterm, primitive_term, primitive_labeled_term, bracket_term, atom_prefix, strong_arith_term_2, strong_arith_term_1, weak_arith_term, comparison_term, equality_term, term60, conjunction_term, disjunction_term, implication_term, equivalence_term, elementary_update_term, parallel_term, term, taclet, rulesOrAxioms, decls, file) 
256669     WARN  Test worker     d.u.i.k.n.KeYParser       [syntax-error] <unknown>:2:23: no viable alternative at input '{..' [@14,24:25='..',<144>,2:23] (atom_prefix, strong_arith_term_2, strong_arith_term_1, weak_arith_term, comparison_term, equality_term, term60, conjunction_term, disjunction_term, implication_term, equivalence_term, elementary_update_term, parallel_term, term, argument_list, call, accessterm, primitive_term, primitive_labeled_term, bracket_term, atom_prefix, strong_arith_term_2, strong_arith_term_1, weak_arith_term, comparison_term, equality_term, term60, conjunction_term, disjunction_term, implication_term, equivalence_term, elementary_update_term, parallel_term, term, taclet, rulesOrAxioms, decls, file) 
256671     WARN  Test worker     d.u.i.k.n.KeYParser       [syntax-error] <unknown>:2:33: mismatched input ';' expecting {',', ')'} [@21,34:34=';',<138>,2:33] (argument_list, call, accessterm, primitive_term, primitive_labeled_term, bracket_term, atom_prefix, strong_arith_term_2, strong_arith_term_1, weak_arith_term, comparison_term, equality_term, term60, conjunction_term, disjunction_term, implication_term, equivalence_term, elementary_update_term, parallel_term, term, taclet, rulesOrAxioms, decls, file) 
256672     WARN  Test worker     d.u.i.k.n.KeYParser       [syntax-error] <unknown>:2:41: no viable alternative at input '#i;' [@26,42:42=';',<138>,2:41] (option_list, taclet, rulesOrAxioms, decls, file) 
256672     WARN  Test worker     d.u.i.k.n.KeYParser       [syntax-error] <unknown>:2:43: mismatched input '<' expecting {'(', '{'} [@28,44:44='<',<173>,2:43] (taclet, rulesOrAxioms, decls, file) 
256672     WARN  Test worker     d.u.i.k.n.KeYParser       [syntax-error] <unknown>:2:47: mismatched input '+' expecting {'(', '{'} [@32,48:48='+',<167>,2:47] (taclet, rulesOrAxioms, decls, file) 
256672     WARN  Test worker     d.u.i.k.n.KeYParser       [syntax-error] <unknown>:2:52: extraneous input '..' expecting {'\lemma', '}', IDENT, '/*!'} [@37,53:54='..',<144>,2:52] (rulesOrAxioms, decls, file) 
256672     WARN  Test worker     d.u.i.k.n.KeYParser       [syntax-error] <unknown>:2:56: mismatched input '>' expecting {<EOF>, '\problem', '\chooseContract', '\proofObligation', '\proof'} [@40,57:57='>',<168>,2:56] (file) 
256673     INFO  Test worker     d.u.i.k.n.KeyIO           Parsing took 1 ms 
256673     DEBUG Test worker     d.u.i.k.n.KeyIO           Load declarations of de.uka.ilkd.key.nparser.KeyAst$File:  <unknown>:1#1 
256673     INFO  Test worker     d.u.i.k.n.KeyIO           MODE: declarations took 0 ms 
256673     DEBUG Test worker     d.u.i.k.n.KeyIO           MODE: 2nd degree decls took 0 
256673     DEBUG Test worker     d.u.i.k.n.KeyIO           MODE: taclets took 0ms 
256674     WARN  Test worker     d.u.i.k.n.KeYParser       [syntax-error] <unknown>:2:21: extraneous input '<' expecting {MODALITY, FORALL, EXISTS, '\if', '\ifEx', 'true', 'false', '(', ')', '{', '@', NOT, '-', STRING_LITERAL, CHAR_LITERAL, BIN_LITERAL, HEX_LITERAL, IDENT, INT_LITERAL, FLOAT_LITERAL, DOUBLE_LITERAL, REAL_LITERAL} [@12,22:22='<',<173>,2:21] (argument_list, call, accessterm, primitive_term, primitive_labeled_term, bracket_term, atom_prefix, strong_arith_term_2, strong_arith_term_1, weak_arith_term, comparison_term, equality_term, term60, conjunction_term, disjunction_term, implication_term, equivalence_term, elementary_update_term, parallel_term, term, taclet, rulesOrAxioms, decls, file) 
256674     WARN  Test worker     d.u.i.k.n.KeYParser       [syntax-error] <unknown>:2:23: no viable alternative at input '{..' [@14,24:25='..',<144>,2:23] (atom_prefix, strong_arith_term_2, strong_arith_term_1, weak_arith_term, comparison_term, equality_term, term60, conjunction_term, disjunction_term, implication_term, equivalence_term, elementary_update_term, parallel_term, term, argument_list, call, accessterm, primitive_term, primitive_labeled_term, bracket_term, atom_prefix, strong_arith_term_2, strong_arith_term_1, weak_arith_term, comparison_term, equality_term, term60, conjunction_term, disjunction_term, implication_term, equivalence_term, elementary_update_term, parallel_term, term, taclet, rulesOrAxioms, decls, file) 
256674     WARN  Test worker     d.u.i.k.n.KeYParser       [syntax-error] <unknown>:2:33: mismatched input ';' expecting {',', ')'} [@21,34:34=';',<138>,2:33] (argument_list, call, accessterm, primitive_term, primitive_labeled_term, bracket_term, atom_prefix, strong_arith_term_2, strong_arith_term_1, weak_arith_term, comparison_term, equality_term, term60, conjunction_term, disjunction_term, implication_term, equivalence_term, elementary_update_term, parallel_term, term, taclet, rulesOrAxioms, decls, file) 
256674     WARN  Test worker     d.u.i.k.n.KeYParser       [syntax-error] <unknown>:2:43: no viable alternative at input '#lab;' [@26,44:44=';',<138>,2:43] (option_list, taclet, rulesOrAxioms, decls, file) 
256674     WARN  Test worker     d.u.i.k.n.KeYParser       [syntax-error] <unknown>:2:45: mismatched input '<' expecting {'(', '{'} [@28,46:46='<',<173>,2:45] (taclet, rulesOrAxioms, decls, file) 
256674     WARN  Test worker     d.u.i.k.n.KeYParser       [syntax-error] <unknown>:2:50: mismatched input '+' expecting {'(', '{'} [@32,51:51='+',<167>,2:50] (taclet, rulesOrAxioms, decls, file) 
256674     WARN  Test worker     d.u.i.k.n.KeYParser       [syntax-error] <unknown>:2:56: extraneous input '..' expecting {'\lemma', '}', IDENT, '/*!'} [@38,57:58='..',<144>,2:56] (rulesOrAxioms, decls, file) 
256674     WARN  Test worker     d.u.i.k.n.KeYParser       [syntax-error] <unknown>:2:60: mismatched input '>' expecting {<EOF>, '\problem', '\chooseContract', '\proofObligation', '\proof'} [@41,61:61='>',<168>,2:60] (file) 
256675     INFO  Test worker     d.u.i.k.n.KeyIO           Parsing took 0 ms 
256675     DEBUG Test worker     d.u.i.k.n.KeyIO           Load declarations of de.uka.ilkd.key.nparser.KeyAst$File:  <unknown>:1#1 
256675     INFO  Test worker     d.u.i.k.n.KeyIO           MODE: declarations took 0 ms 
256675     DEBUG Test worker     d.u.i.k.n.KeyIO           MODE: 2nd degree decls took 0 
256675     DEBUG Test worker     d.u.i.k.n.KeyIO           MODE: taclets took 0ms 
256676     INFO  Test worker     d.u.i.k.n.KeyIO           Parsing took 1 ms 
256676     DEBUG Test worker     d.u.i.k.n.KeyIO           Load declarations of de.uka.ilkd.key.nparser.KeyAst$File:  <unknown>:2#1 
256676     INFO  Test worker     d.u.i.k.n.KeyIO           MODE: declarations took 0 ms 
256676     DEBUG Test worker     d.u.i.k.n.KeyIO           MODE: 2nd degree decls took 0 
256677     DEBUG Test worker     d.u.i.k.n.KeyIO           MODE: taclets took 1ms 
256677     INFO  Test worker     d.u.i.k.n.KeyIO           Parsing took 0 ms 
256677     DEBUG Test worker     d.u.i.k.n.KeyIO           Load declarations of de.uka.ilkd.key.nparser.KeyAst$File:  <unknown>:1#1 
256677     INFO  Test worker     d.u.i.k.n.KeyIO           MODE: declarations took 0 ms 
256677     DEBUG Test worker     d.u.i.k.n.KeyIO           MODE: 2nd degree decls took 0 
256678     DEBUG Test worker     d.u.i.k.n.KeyIO           MODE: taclets took 1ms 
256678     INFO  Test worker     d.u.i.k.n.KeyIO           Parsing took 0 ms 
256678     DEBUG Test worker     d.u.i.k.n.KeyIO           Load declarations of de.uka.ilkd.key.nparser.KeyAst$File:  <unknown>:2#1 
256678     INFO  Test worker     d.u.i.k.n.KeyIO           MODE: declarations took 0 ms 
256678     DEBUG Test worker     d.u.i.k.n.KeyIO           MODE: 2nd degree decls took 0 
256679     DEBUG Test worker     d.u.i.k.n.KeyIO           MODE: taclets took 1ms 
256679     INFO  Test worker     d.u.i.k.n.KeyIO           Parsing took 0 ms 
256679     DEBUG Test worker     d.u.i.k.n.KeyIO           Load declarations of de.uka.ilkd.key.nparser.KeyAst$File:  <unknown>:1#1 
256679     INFO  Test worker     d.u.i.k.n.KeyIO           MODE: declarations took 0 ms 
256679     DEBUG Test worker     d.u.i.k.n.KeyIO           MODE: 2nd degree decls took 0 
256680     DEBUG Test worker     d.u.i.k.n.KeyIO           MODE: taclets took 1ms 
256680     INFO  Test worker     d.u.i.k.n.KeyIO           Parsing took 0 ms 
256680     DEBUG Test worker     d.u.i.k.n.KeyIO           Load declarations of de.uka.ilkd.key.nparser.KeyAst$File:  <unknown>:2#1 
256680     INFO  Test worker     d.u.i.k.n.KeyIO           MODE: declarations took 0 ms 
256680     DEBUG Test worker     d.u.i.k.n.KeyIO           MODE: 2nd degree decls took 0 
256680     DEBUG Test worker     d.u.i.k.n.KeyIO           MODE: taclets took 0ms 
256691     INFO  Test worker     d.u.i.k.n.KeyIO           Parsing took 0 ms 
256691     DEBUG Test worker     d.u.i.k.n.KeyIO           Load declarations of de.uka.ilkd.key.nparser.KeyAst$File:  <unknown>:1#1 
256691     INFO  Test worker     d.u.i.k.n.KeyIO           MODE: declarations took 0 ms 
256691     DEBUG Test worker     d.u.i.k.n.KeyIO           MODE: 2nd degree decls took 0 
256692     DEBUG Test worker     d.u.i.k.n.KeyIO           MODE: taclets took 0ms 
256692     INFO  Test worker     d.u.i.k.n.KeyIO           Parsing took 0 ms 
256692     DEBUG Test worker     d.u.i.k.n.KeyIO           Load declarations of de.uka.ilkd.key.nparser.KeyAst$File:  <unknown>:2#1 
256692     INFO  Test worker     d.u.i.k.n.KeyIO           MODE: declarations took 0 ms 
256692     DEBUG Test worker     d.u.i.k.n.KeyIO           MODE: 2nd degree decls took 0 
256692     DEBUG Test worker     d.u.i.k.n.KeyIO           MODE: taclets took 0ms 
256693     INFO  Test worker     d.u.i.k.n.KeyIO           Parsing took 0 ms 
256693     DEBUG Test worker     d.u.i.k.n.KeyIO           Load declarations of de.uka.ilkd.key.nparser.KeyAst$File:  <unknown>:1#1 
256693     INFO  Test worker     d.u.i.k.n.KeyIO           MODE: declarations took 0 ms 
256693     DEBUG Test worker     d.u.i.k.n.KeyIO           MODE: 2nd degree decls took 0 
256693     DEBUG Test worker     d.u.i.k.n.KeyIO           MODE: taclets took 0ms 
256694     INFO  Test worker     d.u.i.k.n.KeyIO           Parsing took 1 ms 
256694     DEBUG Test worker     d.u.i.k.n.KeyIO           Load declarations of de.uka.ilkd.key.nparser.KeyAst$File:  <unknown>:2#1 
256694     INFO  Test worker     d.u.i.k.n.KeyIO           MODE: declarations took 0 ms 
256694     DEBUG Test worker     d.u.i.k.n.KeyIO           MODE: 2nd degree decls took 0 
256694     DEBUG Test worker     d.u.i.k.n.KeyIO           MODE: taclets took 0ms 
256694     INFO  Test worker     d.u.i.k.n.KeyIO           Parsing took 0 ms 
256694     DEBUG Test worker     d.u.i.k.n.KeyIO           Load declarations of de.uka.ilkd.key.nparser.KeyAst$File:  <unknown>:1#1 
256694     INFO  Test worker     d.u.i.k.n.KeyIO           MODE: declarations took 0 ms 
256694     DEBUG Test worker     d.u.i.k.n.KeyIO           MODE: 2nd degree decls took 0 
256695     DEBUG Test worker     d.u.i.k.n.KeyIO           MODE: taclets took 0ms 
256695     INFO  Test worker     d.u.i.k.n.KeyIO           Parsing took 0 ms 
256695     DEBUG Test worker     d.u.i.k.n.KeyIO           Load declarations of de.uka.ilkd.key.nparser.KeyAst$File:  <unknown>:2#1 
256695     INFO  Test worker     d.u.i.k.n.KeyIO           MODE: declarations took 0 ms 
256695     DEBUG Test worker     d.u.i.k.n.KeyIO           MODE: 2nd degree decls took 0 
256695     DEBUG Test worker     d.u.i.k.n.KeyIO           MODE: taclets took 0ms 
256696     INFO  Test worker     d.u.i.k.n.KeyIO           Parsing took 1 ms 
256696     DEBUG Test worker     d.u.i.k.n.KeyIO           Load declarations of de.uka.ilkd.key.nparser.KeyAst$File:  <unknown>:1#1 
256696     INFO  Test worker     d.u.i.k.n.KeyIO           MODE: declarations took 0 ms 
256696     DEBUG Test worker     d.u.i.k.n.KeyIO           MODE: 2nd degree decls took 0 
256696     DEBUG Test worker     d.u.i.k.n.KeyIO           MODE: taclets took 0ms 
256696     INFO  Test worker     d.u.i.k.n.KeyIO           Parsing took 0 ms 
256696     DEBUG Test worker     d.u.i.k.n.KeyIO           Load declarations of de.uka.ilkd.key.nparser.KeyAst$File:  <unknown>:2#1 
256696     INFO  Test worker     d.u.i.k.n.KeyIO           MODE: declarations took 0 ms 
256696     DEBUG Test worker     d.u.i.k.n.KeyIO           MODE: 2nd degree decls took 0 
256696     DEBUG Test worker     d.u.i.k.n.KeyIO           MODE: taclets took 0ms 
256697     INFO  Test worker     d.u.i.k.n.KeyIO           Parsing took 0 ms 
256697     DEBUG Test worker     d.u.i.k.n.KeyIO           Load declarations of de.uka.ilkd.key.nparser.KeyAst$File:  <unknown>:1#1 
256698     INFO  Test worker     d.u.i.k.n.KeyIO           MODE: declarations took 1 ms 
256700     DEBUG Test worker     d.u.i.k.n.KeyIO           MODE: 2nd degree decls took 0 
256700     DEBUG Test worker     d.u.i.k.n.KeyIO           MODE: taclets took 0ms 
256701     INFO  Test worker     d.u.i.k.n.KeyIO           Parsing took 1 ms 
256701     DEBUG Test worker     d.u.i.k.n.KeyIO           Load declarations of de.uka.ilkd.key.nparser.KeyAst$File:  <unknown>:2#1 
256701     INFO  Test worker     d.u.i.k.n.KeyIO           MODE: declarations took 0 ms 
256701     DEBUG Test worker     d.u.i.k.n.KeyIO           MODE: 2nd degree decls took 0 
256704     DEBUG Test worker     d.u.i.k.n.KeyIO           MODE: taclets took 3ms 
256705     INFO  Test worker     d.u.i.k.n.KeyIO           Parsing took 0 ms 
256706     DEBUG Test worker     d.u.i.k.n.KeyIO           Load declarations of de.uka.ilkd.key.nparser.KeyAst$File:  <unknown>:1#1 
256706     INFO  Test worker     d.u.i.k.n.KeyIO           MODE: declarations took 0 ms 
256706     DEBUG Test worker     d.u.i.k.n.KeyIO           MODE: 2nd degree decls took 0 
256707     DEBUG Test worker     d.u.i.k.n.KeyIO           MODE: taclets took 0ms 
256708     INFO  Test worker     d.u.i.k.n.KeyIO           Parsing took 1 ms 
256712     DEBUG Test worker     d.u.i.k.n.KeyIO           Load declarations of de.uka.ilkd.key.nparser.KeyAst$File:  <unknown>:2#1 
256712     INFO  Test worker     d.u.i.k.n.KeyIO           MODE: declarations took 0 ms 
256712     DEBUG Test worker     d.u.i.k.n.KeyIO           MODE: 2nd degree decls took 0 
256714     DEBUG Test worker     d.u.i.k.n.KeyIO           MODE: taclets took 2ms 
256715     INFO  Test worker     d.u.i.k.n.KeyIO           Parsing took 0 ms 
256715     DEBUG Test worker     d.u.i.k.n.KeyIO           Load declarations of de.uka.ilkd.key.nparser.KeyAst$File:  <unknown>:1#1 
256715     INFO  Test worker     d.u.i.k.n.KeyIO           MODE: declarations took 0 ms 
256715     DEBUG Test worker     d.u.i.k.n.KeyIO           MODE: 2nd degree decls took 0 
256716     DEBUG Test worker     d.u.i.k.n.KeyIO           MODE: taclets took 1ms 
256716     INFO  Test worker     d.u.i.k.n.KeyIO           Parsing took 0 ms 
256716     DEBUG Test worker     d.u.i.k.n.KeyIO           Load declarations of de.uka.ilkd.key.nparser.KeyAst$File:  <unknown>:2#1 
256716     INFO  Test worker     d.u.i.k.n.KeyIO           MODE: declarations took 0 ms 
256716     DEBUG Test worker     d.u.i.k.n.KeyIO           MODE: 2nd degree decls took 0 
256717     DEBUG Test worker     d.u.i.k.n.KeyIO           MODE: taclets took 0ms 
256717     INFO  Test worker     d.u.i.k.n.KeyIO           Parsing took 0 ms 
256718     DEBUG Test worker     d.u.i.k.n.KeyIO           Load declarations of de.uka.ilkd.key.nparser.KeyAst$File:  <unknown>:1#1 
256718     INFO  Test worker     d.u.i.k.n.KeyIO           MODE: declarations took 0 ms 
256718     DEBUG Test worker     d.u.i.k.n.KeyIO           MODE: 2nd degree decls took 0 
256718     DEBUG Test worker     d.u.i.k.n.KeyIO           MODE: taclets took 0ms 
256719     INFO  Test worker     d.u.i.k.n.KeyIO           Parsing took 1 ms 
256719     DEBUG Test worker     d.u.i.k.n.KeyIO           Load declarations of de.uka.ilkd.key.nparser.KeyAst$File:  <unknown>:2#1 
256719     INFO  Test worker     d.u.i.k.n.KeyIO           MODE: declarations took 0 ms 
256719     DEBUG Test worker     d.u.i.k.n.KeyIO           MODE: 2nd degree decls took 0 
256719     DEBUG Test worker     d.u.i.k.n.KeyIO           MODE: taclets took 0ms 
256721     INFO  Test worker     d.u.i.k.n.KeyIO           Parsing took 0 ms 
256721     DEBUG Test worker     d.u.i.k.n.KeyIO           Load declarations of de.uka.ilkd.key.nparser.KeyAst$File:  <unknown>:1#1 
256721     INFO  Test worker     d.u.i.k.n.KeyIO           MODE: declarations took 0 ms 
256721     DEBUG Test worker     d.u.i.k.n.KeyIO           MODE: 2nd degree decls took 0 
256729     DEBUG Test worker     d.u.i.k.n.KeyIO           MODE: taclets took 1ms 
256729     INFO  Test worker     d.u.i.k.n.KeyIO           Parsing took 0 ms 
256729     DEBUG Test worker     d.u.i.k.n.KeyIO           Load declarations of de.uka.ilkd.key.nparser.KeyAst$File:  <unknown>:2#1 
256729     INFO  Test worker     d.u.i.k.n.KeyIO           MODE: declarations took 0 ms 
256730     DEBUG Test worker     d.u.i.k.n.KeyIO           MODE: 2nd degree decls took 0 
256730     DEBUG Test worker     d.u.i.k.n.KeyIO           MODE: taclets took 0ms 
256732     INFO  Test worker     d.u.i.k.n.KeyIO           Parsing took 0 ms 
256732     DEBUG Test worker     d.u.i.k.n.KeyIO           Load declarations of de.uka.ilkd.key.nparser.KeyAst$File:  <unknown>:2#1 
256732     INFO  Test worker     d.u.i.k.n.KeyIO           MODE: declarations took 0 ms 
256732     DEBUG Test worker     d.u.i.k.n.KeyIO           MODE: 2nd degree decls took 0 
256733     DEBUG Test worker     d.u.i.k.n.KeyIO           MODE: taclets took 0ms 
256734     INFO  Test worker     d.u.i.k.n.KeyIO           Parsing took 1 ms 
256734     DEBUG Test worker     d.u.i.k.n.KeyIO           Load declarations of de.uka.ilkd.key.nparser.KeyAst$File:  <unknown>:1#1 
256734     INFO  Test worker     d.u.i.k.n.KeyIO           MODE: declarations took 0 ms 
256734     DEBUG Test worker     d.u.i.k.n.KeyIO           MODE: 2nd degree decls took 0 
256734     DEBUG Test worker     d.u.i.k.n.KeyIO           MODE: taclets took 0ms 
256735     INFO  Test worker     d.u.i.k.n.KeyIO           Parsing took 0 ms 
256735     DEBUG Test worker     d.u.i.k.n.KeyIO           Load declarations of de.uka.ilkd.key.nparser.KeyAst$File:  <unknown>:2#1 
256735     INFO  Test worker     d.u.i.k.n.KeyIO           MODE: declarations took 0 ms 
256735     DEBUG Test worker     d.u.i.k.n.KeyIO           MODE: 2nd degree decls took 0 
256736     INFO  Test worker     d.u.i.k.n.KeyIO           Parsing took 0 ms 
256737     DEBUG Test worker     d.u.i.k.n.KeyIO           Load declarations of de.uka.ilkd.key.nparser.KeyAst$File:  <unknown>:1#1 
256737     INFO  Test worker     d.u.i.k.n.KeyIO           MODE: declarations took 0 ms 
256737     DEBUG Test worker     d.u.i.k.n.KeyIO           MODE: 2nd degree decls took 0 
256737     DEBUG Test worker     d.u.i.k.n.KeyIO           MODE: taclets took 0ms 
256738     INFO  Test worker     d.u.i.k.n.KeyIO           Parsing took 1 ms 
256738     DEBUG Test worker     d.u.i.k.n.KeyIO           Load declarations of de.uka.ilkd.key.nparser.KeyAst$File:  <unknown>:2#1 
256738     INFO  Test worker     d.u.i.k.n.KeyIO           MODE: declarations took 0 ms 
256738     DEBUG Test worker     d.u.i.k.n.KeyIO           MODE: 2nd degree decls took 0 
256738     DEBUG Test worker     d.u.i.k.n.KeyIO           MODE: taclets took 0ms 
256739     INFO  Test worker     d.u.i.k.n.KeyIO           Parsing took 0 ms 
256739     DEBUG Test worker     d.u.i.k.n.KeyIO           Load declarations of de.uka.ilkd.key.nparser.KeyAst$File:  <unknown>:1#1 
256739     INFO  Test worker     d.u.i.k.n.KeyIO           MODE: declarations took 0 ms 
256739     DEBUG Test worker     d.u.i.k.n.KeyIO           MODE: 2nd degree decls took 0 
256740     DEBUG Test worker     d.u.i.k.n.KeyIO           MODE: taclets took 0ms 
256740     INFO  Test worker     d.u.i.k.n.KeyIO           Parsing took 0 ms 
256740     DEBUG Test worker     d.u.i.k.n.KeyIO           Load declarations of de.uka.ilkd.key.nparser.KeyAst$File:  <unknown>:2#1 
256740     INFO  Test worker     d.u.i.k.n.KeyIO           MODE: declarations took 0 ms 
256741     DEBUG Test worker     d.u.i.k.n.KeyIO           MODE: 2nd degree decls took 0 
256741     DEBUG Test worker     d.u.i.k.n.KeyIO           MODE: taclets took 0ms 
256741     INFO  Test worker     d.u.i.k.n.KeyIO           Parsing took 0 ms 
256742     DEBUG Test worker     d.u.i.k.n.KeyIO           Load declarations of de.uka.ilkd.key.nparser.KeyAst$File:  <unknown>:1#1 
256742     INFO  Test worker     d.u.i.k.n.KeyIO           MODE: declarations took 0 ms 
256742     DEBUG Test worker     d.u.i.k.n.KeyIO           MODE: 2nd degree decls took 0 
256742     DEBUG Test worker     d.u.i.k.n.KeyIO           MODE: taclets took 0ms 
256743     INFO  Test worker     d.u.i.k.n.KeyIO           Parsing took 0 ms 
256743     DEBUG Test worker     d.u.i.k.n.KeyIO           Load declarations of de.uka.ilkd.key.nparser.KeyAst$File:  <unknown>:2#1 
256743     INFO  Test worker     d.u.i.k.n.KeyIO           MODE: declarations took 0 ms 
256743     DEBUG Test worker     d.u.i.k.n.KeyIO           MODE: 2nd degree decls took 0 
256744     DEBUG Test worker     d.u.i.k.n.KeyIO           MODE: taclets took 0ms 
]]></system-out>
  <system-err><![CDATA[]]></system-err>
</testsuite>
