<?xml version="1.0" encoding="UTF-8"?>
<testsuite name="de.uka.ilkd.key.java.TestContextStatementBlock" tests="1" skipped="0" failures="0" errors="0" timestamp="2023-05-26T21:08:55" hostname="fv-az627-608" time="0.937">
  <properties/>
  <testcase name="testContextTermInstantiation()" classname="de.uka.ilkd.key.java.TestContextStatementBlock" time="0.937"/>
  <system-out><![CDATA[19670      INFO  Test worker     d.u.i.k.n.KeyIO           Parsing took 3 ms 
19670      DEBUG Test worker     d.u.i.k.n.KeyIO           Load declarations of de.uka.ilkd.key.nparser.KeyAst$File:  /home/runner/work/key/key/key.core/src/test/resources/testcase/testrules.key:9#1 
19671      INFO  Test worker     d.u.i.k.n.KeyIO           MODE: declarations took 1 ms 
19671      DEBUG Test worker     d.u.i.k.n.KeyIO           MODE: 2nd degree decls took 0 
19728      DEBUG Test worker     d.u.i.k.n.KeyIO           MODE: taclets took 56ms 
]]></system-out>
  <system-err><![CDATA[]]></system-err>
</testsuite>
