<?xml version="1.0" encoding="UTF-8"?>
<testsuite name="de.uka.ilkd.key.parser.TestDeclParser" tests="14" skipped="2" failures="0" errors="0" timestamp="2023-05-26T21:11:35" hostname="fv-az627-608" time="9.528">
  <properties/>
  <testcase name="testGenericSortDecl1()" classname="de.uka.ilkd.key.parser.TestDeclParser" time="0.851"/>
  <testcase name="testGenericSortDecl2()" classname="de.uka.ilkd.key.parser.TestDeclParser" time="0.806"/>
  <testcase name="testGenericSortDecl3()" classname="de.uka.ilkd.key.parser.TestDeclParser" time="0.75"/>
  <testcase name="testGenericSortDecl4()" classname="de.uka.ilkd.key.parser.TestDeclParser" time="0.799"/>
  <testcase name="testGenericSortDecl5()" classname="de.uka.ilkd.key.parser.TestDeclParser" time="0.0">
    <skipped/>
  </testcase>
  <testcase name="testGenericSortDecl6()" classname="de.uka.ilkd.key.parser.TestDeclParser" time="0.797"/>
  <testcase name="testSortDecl()" classname="de.uka.ilkd.key.parser.TestDeclParser" time="0.793"/>
  <testcase name="testProxySortDecl()" classname="de.uka.ilkd.key.parser.TestDeclParser" time="0.796"/>
  <testcase name="testArrayDecl()" classname="de.uka.ilkd.key.parser.TestDeclParser" time="0.748"/>
  <testcase name="testAmbiguousDecls()" classname="de.uka.ilkd.key.parser.TestDeclParser" time="0.001">
    <skipped/>
  </testcase>
  <testcase name="testHeurDecl()" classname="de.uka.ilkd.key.parser.TestDeclParser" time="0.795"/>
  <testcase name="testFunctionDecl()" classname="de.uka.ilkd.key.parser.TestDeclParser" time="0.798"/>
  <testcase name="testPredicateDecl()" classname="de.uka.ilkd.key.parser.TestDeclParser" time="0.794"/>
  <testcase name="testSVDecl()" classname="de.uka.ilkd.key.parser.TestDeclParser" time="0.798"/>
  <system-out><![CDATA[180339     INFO  Test worker     d.u.i.k.n.KeyIO           Parsing took 0 ms 
180339     DEBUG Test worker     d.u.i.k.n.KeyIO           Load declarations of de.uka.ilkd.key.nparser.KeyAst$File:  <unknown>:1#1 
180340     INFO  Test worker     d.u.i.k.n.KeyIO           MODE: declarations took 1 ms 
180340     DEBUG Test worker     d.u.i.k.n.KeyIO           MODE: 2nd degree decls took 0 
180340     DEBUG Test worker     d.u.i.k.n.KeyIO           MODE: taclets took 0ms 
181146     INFO  Test worker     d.u.i.k.n.KeyIO           Parsing took 0 ms 
181146     DEBUG Test worker     d.u.i.k.n.KeyIO           Load declarations of de.uka.ilkd.key.nparser.KeyAst$File:  <unknown>:1#1 
181147     INFO  Test worker     d.u.i.k.n.KeyIO           MODE: declarations took 1 ms 
181147     DEBUG Test worker     d.u.i.k.n.KeyIO           MODE: 2nd degree decls took 0 
181147     DEBUG Test worker     d.u.i.k.n.KeyIO           MODE: taclets took 0ms 
181896     INFO  Test worker     d.u.i.k.n.KeyIO           Parsing took 0 ms 
181896     DEBUG Test worker     d.u.i.k.n.KeyIO           Load declarations of de.uka.ilkd.key.nparser.KeyAst$File:  <unknown>:1#1 
181896     INFO  Test worker     d.u.i.k.n.KeyIO           MODE: declarations took 0 ms 
181896     DEBUG Test worker     d.u.i.k.n.KeyIO           MODE: 2nd degree decls took 0 
181897     DEBUG Test worker     d.u.i.k.n.KeyIO           MODE: taclets took 0ms 
182696     INFO  Test worker     d.u.i.k.n.KeyIO           Parsing took 0 ms 
182696     DEBUG Test worker     d.u.i.k.n.KeyIO           Load declarations of de.uka.ilkd.key.nparser.KeyAst$File:  <unknown>:1#1 
182696     INFO  Test worker     d.u.i.k.n.KeyIO           MODE: declarations took 0 ms 
182696     DEBUG Test worker     d.u.i.k.n.KeyIO           MODE: 2nd degree decls took 0 
182696     DEBUG Test worker     d.u.i.k.n.KeyIO           MODE: taclets took 0ms 
183493     INFO  Test worker     d.u.i.k.n.KeyIO           Parsing took 0 ms 
183493     DEBUG Test worker     d.u.i.k.n.KeyIO           Load declarations of de.uka.ilkd.key.nparser.KeyAst$File:  <unknown>:1#1 
183494     INFO  Test worker     d.u.i.k.n.KeyIO           MODE: declarations took 1 ms 
183494     DEBUG Test worker     d.u.i.k.n.KeyIO           MODE: 2nd degree decls took 0 
183494     DEBUG Test worker     d.u.i.k.n.KeyIO           MODE: taclets took 0ms 
184288     INFO  Test worker     d.u.i.k.n.KeyIO           Parsing took 0 ms 
184288     DEBUG Test worker     d.u.i.k.n.KeyIO           Load declarations of de.uka.ilkd.key.nparser.KeyAst$File:  <unknown>:1#1 
184288     INFO  Test worker     d.u.i.k.n.KeyIO           MODE: declarations took 0 ms 
184288     DEBUG Test worker     d.u.i.k.n.KeyIO           MODE: 2nd degree decls took 0 
184288     DEBUG Test worker     d.u.i.k.n.KeyIO           MODE: taclets took 0ms 
185084     INFO  Test worker     d.u.i.k.n.KeyIO           Parsing took 0 ms 
185084     DEBUG Test worker     d.u.i.k.n.KeyIO           Load declarations of de.uka.ilkd.key.nparser.KeyAst$File:  <unknown>:1#1 
185084     INFO  Test worker     d.u.i.k.n.KeyIO           MODE: declarations took 0 ms 
185084     DEBUG Test worker     d.u.i.k.n.KeyIO           MODE: 2nd degree decls took 0 
185084     DEBUG Test worker     d.u.i.k.n.KeyIO           MODE: taclets took 0ms 
185832     INFO  Test worker     d.u.i.k.n.KeyIO           Parsing took 0 ms 
185832     DEBUG Test worker     d.u.i.k.n.KeyIO           Load declarations of de.uka.ilkd.key.nparser.KeyAst$File:  <unknown>:1#1 
185832     INFO  Test worker     d.u.i.k.n.KeyIO           MODE: declarations took 0 ms 
185832     DEBUG Test worker     d.u.i.k.n.KeyIO           MODE: 2nd degree decls took 0 
185833     DEBUG Test worker     d.u.i.k.n.KeyIO           MODE: taclets took 0ms 
186628     INFO  Test worker     d.u.i.k.n.KeyIO           Parsing took 0 ms 
186628     DEBUG Test worker     d.u.i.k.n.KeyIO           Load declarations of de.uka.ilkd.key.nparser.KeyAst$File:  <unknown>:1#1 
186628     INFO  Test worker     d.u.i.k.n.KeyIO           MODE: declarations took 0 ms 
186628     DEBUG Test worker     d.u.i.k.n.KeyIO           MODE: 2nd degree decls took 0 
186628     DEBUG Test worker     d.u.i.k.n.KeyIO           MODE: taclets took 0ms 
187426     INFO  Test worker     d.u.i.k.n.KeyIO           Parsing took 1 ms 
187426     DEBUG Test worker     d.u.i.k.n.KeyIO           Load declarations of de.uka.ilkd.key.nparser.KeyAst$File:  <unknown>:1#1 
187426     INFO  Test worker     d.u.i.k.n.KeyIO           MODE: declarations took 0 ms 
187426     DEBUG Test worker     d.u.i.k.n.KeyIO           MODE: 2nd degree decls took 0 
187426     DEBUG Test worker     d.u.i.k.n.KeyIO           MODE: taclets took 0ms 
188220     INFO  Test worker     d.u.i.k.n.KeyIO           Parsing took 0 ms 
188220     DEBUG Test worker     d.u.i.k.n.KeyIO           Load declarations of de.uka.ilkd.key.nparser.KeyAst$File:  <unknown>:1#1 
188220     INFO  Test worker     d.u.i.k.n.KeyIO           MODE: declarations took 0 ms 
188220     DEBUG Test worker     d.u.i.k.n.KeyIO           MODE: 2nd degree decls took 0 
188220     DEBUG Test worker     d.u.i.k.n.KeyIO           MODE: taclets took 0ms 
189018     INFO  Test worker     d.u.i.k.n.KeyIO           Parsing took 0 ms 
189018     DEBUG Test worker     d.u.i.k.n.KeyIO           Load declarations of de.uka.ilkd.key.nparser.KeyAst$File:  <unknown>:1#1 
189018     INFO  Test worker     d.u.i.k.n.KeyIO           MODE: declarations took 0 ms 
189018     DEBUG Test worker     d.u.i.k.n.KeyIO           MODE: 2nd degree decls took 0 
189018     DEBUG Test worker     d.u.i.k.n.KeyIO           MODE: taclets took 0ms 
]]></system-out>
  <system-err><![CDATA[]]></system-err>
</testsuite>
