<?xml version="1.0" encoding="UTF-8"?>
<testsuite name="de.uka.ilkd.key.rule.loop.LoopScopeInvRuleTests" tests="1" skipped="0" failures="0" errors="0" timestamp="2023-05-26T21:14:59" hostname="fv-az627-608" time="4.326">
  <properties/>
  <testcase name="testDoAutomaticProofOfBenchmarkWithLabeledBreaksAndContinues()" classname="de.uka.ilkd.key.rule.loop.LoopScopeInvRuleTests" time="4.326"/>
  <system-out><![CDATA[382867     INFO  Test worker     d.u.i.k.p.i.AbstractProblemLoader Loading environment from src/test/resources/testcase/loopScopeInvRule/Test.key 
382867     DEBUG Test worker     d.u.i.k.p.i.AbstractProblemLoader Environment load took 287.8ns 
382868     INFO  Test worker     d.u.i.k.p.i.AbstractProblemLoader Creating init config 
383055     DEBUG Test worker     d.u.i.k.j.TypeConverter   No LDT found for Meta 
383055     DEBUG Test worker     d.u.i.k.j.TypeConverter   No LDT found for Meta 
383056     DEBUG Test worker     d.u.i.k.j.TypeConverter   No LDT found for Meta 
383056     DEBUG Test worker     d.u.i.k.j.TypeConverter   No LDT found for Meta 
383610     DEBUG Test worker     d.u.i.k.j.TypeConverter   No LDT found for JavaBigintExpression 
386580     DEBUG Test worker     d.u.i.k.p.i.AbstractProblemLoader Init config took 3.71s 
386656     INFO  Test worker     d.u.i.k.p.i.AbstractProblemLoader Replaying proof Test[Test::loopScopeRuleBenchmark(int,boolean)].JML normal_behavior operation contract.0 
386659     DEBUG Test worker     d.u.i.k.p.i.IntermediateProofReplayer Proof replay took 10.9ns 
]]></system-out>
  <system-err><![CDATA[]]></system-err>
</testsuite>
