<?xml version="1.0" encoding="UTF-8"?>
<testsuite name="de.uka.ilkd.key.parser.TestTermParserSorts" tests="2" skipped="0" failures="0" errors="0" timestamp="2023-05-26T21:14:35" hostname="fv-az627-608" time="2.494">
  <properties/>
  <testcase name="testParseIntegerArgs()" classname="de.uka.ilkd.key.parser.TestTermParserSorts" time="0.017"/>
  <testcase name="testParseSequencePrettySyntax()" classname="de.uka.ilkd.key.parser.TestTermParserSorts" time="0.001"/>
  <system-out><![CDATA[359295     INFO  Test worker     d.u.i.k.n.KeyIO           Parsing took 0 ms 
359295     DEBUG Test worker     d.u.i.k.n.KeyIO           Load declarations of de.uka.ilkd.key.nparser.KeyAst$File:  <unknown>:1#1 
359295     INFO  Test worker     d.u.i.k.n.KeyIO           MODE: declarations took 0 ms 
359295     DEBUG Test worker     d.u.i.k.n.KeyIO           MODE: 2nd degree decls took 0 
359295     INFO  Test worker     d.u.i.k.n.KeyIO           Parsing took 0 ms 
359295     DEBUG Test worker     d.u.i.k.n.KeyIO           Load declarations of de.uka.ilkd.key.nparser.KeyAst$File:  <unknown>:1#1 
359295     INFO  Test worker     d.u.i.k.n.KeyIO           MODE: declarations took 0 ms 
359295     DEBUG Test worker     d.u.i.k.n.KeyIO           MODE: 2nd degree decls took 0 
359295     INFO  Test worker     d.u.i.k.n.KeyIO           Parsing took 0 ms 
359295     DEBUG Test worker     d.u.i.k.n.KeyIO           Load declarations of de.uka.ilkd.key.nparser.KeyAst$File:  <unknown>:1#1 
359295     INFO  Test worker     d.u.i.k.n.KeyIO           MODE: declarations took 0 ms 
359295     DEBUG Test worker     d.u.i.k.n.KeyIO           MODE: 2nd degree decls took 0 
361788     INFO  Test worker     d.u.i.k.n.KeyIO           Parsing took 0 ms 
361788     DEBUG Test worker     d.u.i.k.n.KeyIO           Load declarations of de.uka.ilkd.key.nparser.KeyAst$File:  <unknown>:1#1 
361788     INFO  Test worker     d.u.i.k.n.KeyIO           MODE: declarations took 0 ms 
361788     DEBUG Test worker     d.u.i.k.n.KeyIO           MODE: 2nd degree decls took 0 
361788     INFO  Test worker     d.u.i.k.n.KeyIO           Parsing took 0 ms 
361788     DEBUG Test worker     d.u.i.k.n.KeyIO           Load declarations of de.uka.ilkd.key.nparser.KeyAst$File:  <unknown>:1#1 
361788     INFO  Test worker     d.u.i.k.n.KeyIO           MODE: declarations took 0 ms 
361788     DEBUG Test worker     d.u.i.k.n.KeyIO           MODE: 2nd degree decls took 0 
361788     INFO  Test worker     d.u.i.k.n.KeyIO           Parsing took 0 ms 
361788     DEBUG Test worker     d.u.i.k.n.KeyIO           Load declarations of de.uka.ilkd.key.nparser.KeyAst$File:  <unknown>:1#1 
361788     INFO  Test worker     d.u.i.k.n.KeyIO           MODE: declarations took 0 ms 
361788     DEBUG Test worker     d.u.i.k.n.KeyIO           MODE: 2nd degree decls took 0 
]]></system-out>
  <system-err><![CDATA[]]></system-err>
</testsuite>
