<?xml version="1.0" encoding="UTF-8"?>
<testsuite name="de.uka.ilkd.key.rule.merge.PredicateAbstractionLatticeTests" tests="3" skipped="0" failures="0" errors="0" timestamp="2023-05-26T21:16:14" hostname="fv-az627-608" time="5.313">
  <properties/>
  <testcase name="testToAndFromString()" classname="de.uka.ilkd.key.rule.merge.PredicateAbstractionLatticeTests" time="2.765"/>
  <testcase name="testCreateSignLatticeWithPredicates()" classname="de.uka.ilkd.key.rule.merge.PredicateAbstractionLatticeTests" time="2.546"/>
  <testcase name="testTrivialPredicatesLattice()" classname="de.uka.ilkd.key.rule.merge.PredicateAbstractionLatticeTests" time="0.001"/>
  <system-out><![CDATA[458061     INFO  Test worker     d.u.i.k.p.i.AbstractProblemLoader Loading environment from src/test/resources/testcase/merge/dummy.key 
458061     DEBUG Test worker     d.u.i.k.p.i.AbstractProblemLoader Environment load took 69.9ns 
458061     INFO  Test worker     d.u.i.k.p.i.AbstractProblemLoader Creating init config 
460806     DEBUG Test worker     d.u.i.k.p.i.AbstractProblemLoader Init config took 2.75s 
460824     INFO  Test worker     d.u.i.k.p.i.AbstractProblemLoader Replaying proof dummy.key 
460825     DEBUG Test worker     d.u.i.k.p.i.IntermediateProofReplayer Proof replay took 5.4ns 
460826     INFO  Test worker     d.u.i.k.p.i.AbstractProblemLoader Loading environment from src/test/resources/testcase/merge/dummy.key 
460826     DEBUG Test worker     d.u.i.k.p.i.AbstractProblemLoader Environment load took 43.7ns 
460826     INFO  Test worker     d.u.i.k.p.i.AbstractProblemLoader Creating init config 
463343     DEBUG Test worker     d.u.i.k.p.i.AbstractProblemLoader Init config took 2.52s 
463361     INFO  Test worker     d.u.i.k.p.i.AbstractProblemLoader Replaying proof dummy.key 
463370     DEBUG Test worker     d.u.i.k.p.i.IntermediateProofReplayer Proof replay took 6.2ns 
]]></system-out>
  <system-err><![CDATA[]]></system-err>
</testsuite>
