<?xml version="1.0" encoding="UTF-8"?>
<testsuite name="org.key_project.exploration.ProofExplorationServiceTest" tests="3" skipped="0" failures="0" errors="0" timestamp="2023-02-05T13:35:00" hostname="fv-az583-70" time="14.721">
  <properties/>
  <testcase name="testAdditionAntec()" classname="org.key_project.exploration.ProofExplorationServiceTest" time="8.642"/>
  <testcase name="testChangeFormula()" classname="org.key_project.exploration.ProofExplorationServiceTest" time="3.142"/>
  <testcase name="testAdditionSucc()" classname="org.key_project.exploration.ProofExplorationServiceTest" time="2.936"/>
  <system-out><![CDATA[[13:35:00.760] ?[31mWARN ?[0;39m ?[36mProofIndependentSettings?[0;39m - The settings in /home/runner/.key/proofIndependentSettings.props are *not* read due to flag 'key.disregardSettings'
[13:35:01.097] ?[31mWARN ?[0;39m ?[36mProofSettings?[0;39m - The settings in /home/runner/.key/proof-settings.props are *not* read.
]]></system-out>
  <system-err><![CDATA[]]></system-err>
</testsuite>
