<?xml version="1.0" encoding="UTF-8"?>
<testsuite name="de.uka.ilkd.key.parser.TestTermParser" tests="47" skipped="4" failures="0" errors="0" timestamp="2023-04-13T17:13:12" hostname="fv-az449-78" time="3.419">
  <properties/>
  <testcase name="testNotEqual()" classname="de.uka.ilkd.key.parser.TestTermParser" time="0.003"/>
  <testcase name="testProgramVariables()" classname="de.uka.ilkd.key.parser.TestTermParser" time="0.058"/>
  <testcase name="testAttributeWithSpecifiedSortOnObject()" classname="de.uka.ilkd.key.parser.TestTermParser" time="0.02"/>
  <testcase name="testCast()" classname="de.uka.ilkd.key.parser.TestTermParser" time="0.002"/>
  <testcase name="testJavaQueryAndAttribute_all()" classname="de.uka.ilkd.key.parser.TestTermParser" time="0.0">
    <skipped/>
  </testcase>
  <testcase name="test10()" classname="de.uka.ilkd.key.parser.TestTermParser" time="0.005"/>
  <testcase name="test11()" classname="de.uka.ilkd.key.parser.TestTermParser" time="0.006"/>
  <testcase name="test12()" classname="de.uka.ilkd.key.parser.TestTermParser" time="0.0">
    <skipped/>
  </testcase>
  <testcase name="test13()" classname="de.uka.ilkd.key.parser.TestTermParser" time="0.006"/>
  <testcase name="test14()" classname="de.uka.ilkd.key.parser.TestTermParser" time="0.006"/>
  <testcase name="test1a()" classname="de.uka.ilkd.key.parser.TestTermParser" time="0.002"/>
  <testcase name="testJavaAttributeAccess_4()" classname="de.uka.ilkd.key.parser.TestTermParser" time="0.003"/>
  <testcase name="testAttributeOnObject()" classname="de.uka.ilkd.key.parser.TestTermParser" time="0.004"/>
  <testcase name="testNegativeLiteralParsing1()" classname="de.uka.ilkd.key.parser.TestTermParser" time="0.002"/>
  <testcase name="testNegativeLiteralParsing2()" classname="de.uka.ilkd.key.parser.TestTermParser" time="0.002"/>
  <testcase name="testNegativeLiteralParsing3()" classname="de.uka.ilkd.key.parser.TestTermParser" time="0.002"/>
  <testcase name="xtestParsingArrayWithSpaces()" classname="de.uka.ilkd.key.parser.TestTermParser" time="0.0">
    <skipped/>
  </testcase>
  <testcase name="testAmbigiousFuncVarPred()" classname="de.uka.ilkd.key.parser.TestTermParser" time="0.001"/>
  <testcase name="test1()" classname="de.uka.ilkd.key.parser.TestTermParser" time="0.002"/>
  <testcase name="test2()" classname="de.uka.ilkd.key.parser.TestTermParser" time="0.002"/>
  <testcase name="test3()" classname="de.uka.ilkd.key.parser.TestTermParser" time="0.003"/>
  <testcase name="test5()" classname="de.uka.ilkd.key.parser.TestTermParser" time="0.003"/>
  <testcase name="test6()" classname="de.uka.ilkd.key.parser.TestTermParser" time="0.003"/>
  <testcase name="test7()" classname="de.uka.ilkd.key.parser.TestTermParser" time="0.002"/>
  <testcase name="test8()" classname="de.uka.ilkd.key.parser.TestTermParser" time="0.002"/>
  <testcase name="test9()" classname="de.uka.ilkd.key.parser.TestTermParser" time="0.002"/>
  <testcase name="testBindingUpdateTerm()" classname="de.uka.ilkd.key.parser.TestTermParser" time="0.003"/>
  <testcase name="testJavaStaticQuery()" classname="de.uka.ilkd.key.parser.TestTermParser" time="0.008"/>
  <testcase name="testInfix1()" classname="de.uka.ilkd.key.parser.TestTermParser" time="0.004"/>
  <testcase name="testInfix2()" classname="de.uka.ilkd.key.parser.TestTermParser" time="0.003"/>
  <testcase name="testInfix3()" classname="de.uka.ilkd.key.parser.TestTermParser" time="0.003"/>
  <testcase name="testInfix4()" classname="de.uka.ilkd.key.parser.TestTermParser" time="0.003"/>
  <testcase name="testIfThenElse()" classname="de.uka.ilkd.key.parser.TestTermParser" time="0.007"/>
  <testcase name="testJavaAttributeAccessBoth_1()" classname="de.uka.ilkd.key.parser.TestTermParser" time="0.004"/>
  <testcase name="testJavaAttributeAccessBoth_2()" classname="de.uka.ilkd.key.parser.TestTermParser" time="0.004"/>
  <testcase name="testJavaAttributeAccessBoth_3()" classname="de.uka.ilkd.key.parser.TestTermParser" time="0.002"/>
  <testcase name="testBindingUpdateTerm_1()" classname="de.uka.ilkd.key.parser.TestTermParser" time="0.003"/>
  <testcase name="testBindingUpdateTerm_3()" classname="de.uka.ilkd.key.parser.TestTermParser" time="0.018"/>
  <testcase name="testBindingUpdateTerm_4()" classname="de.uka.ilkd.key.parser.TestTermParser" time="0.001"/>
  <testcase name="testBindingUpdateTerm_5()" classname="de.uka.ilkd.key.parser.TestTermParser" time="0.003"/>
  <testcase name="testBindingUpdateTerm_6()" classname="de.uka.ilkd.key.parser.TestTermParser" time="0.01"/>
  <testcase name="testBindingUpdateTerm_7()" classname="de.uka.ilkd.key.parser.TestTermParser" time="0.003"/>
  <testcase name="testBindingUpdateTerm_8()" classname="de.uka.ilkd.key.parser.TestTermParser" time="0.003"/>
  <testcase name="testParsingArray()" classname="de.uka.ilkd.key.parser.TestTermParser" time="0.005"/>
  <testcase name="xtestBindingUpdateTermOldBindingAlternative()" classname="de.uka.ilkd.key.parser.TestTermParser" time="0.0">
    <skipped/>
  </testcase>
  <testcase name="testJavaStaticQueryWithParameter()" classname="de.uka.ilkd.key.parser.TestTermParser" time="0.048"/>
  <testcase name="testParsingArrayCombination()" classname="de.uka.ilkd.key.parser.TestTermParser" time="0.004"/>
  <system-out><![CDATA[344362     INFO  Test worker     d.u.i.k.n.KeyIO           Parsing took 0 ms 
344362     INFO  Test worker     d.u.i.k.n.KeyIO           MODE: declarations took 0 ms 
344378     WARN  Test worker     d.u.i.k.j.r.KeYCrossReferenceNameInfo Datatype T declared twice: Once in UNKNOWN:unknown and once in UNKNOWN:unknown, Keeping one from UNKNOWN:unknown 
344440     INFO  Test worker     d.u.i.k.n.KeyIO           Parsing took 0 ms 
344440     INFO  Test worker     d.u.i.k.n.KeyIO           MODE: declarations took 0 ms 
344503     WARN  Test worker     d.u.i.k.j.r.KeYCrossReferenceNameInfo Datatype T declared twice: Once in UNKNOWN:unknown and once in UNKNOWN:unknown, Keeping one from UNKNOWN:unknown 
344596     INFO  Test worker     d.u.i.k.n.KeyIO           Parsing took 0 ms 
344596     INFO  Test worker     d.u.i.k.n.KeyIO           MODE: declarations took 0 ms 
344612     WARN  Test worker     d.u.i.k.j.r.KeYCrossReferenceNameInfo Datatype T declared twice: Once in UNKNOWN:unknown and once in UNKNOWN:unknown, Keeping one from UNKNOWN:unknown 
344675     INFO  Test worker     d.u.i.k.n.KeyIO           Parsing took 0 ms 
344675     INFO  Test worker     d.u.i.k.n.KeyIO           MODE: declarations took 0 ms 
344675     WARN  Test worker     d.u.i.k.j.r.KeYCrossReferenceNameInfo Datatype T declared twice: Once in UNKNOWN:unknown and once in UNKNOWN:unknown, Keeping one from UNKNOWN:unknown 
344746     WARN  Test worker     d.u.i.k.j.r.KeYCrossReferenceNameInfo Datatype T declared twice: Once in UNKNOWN:unknown and once in UNKNOWN:unknown, Keeping one from UNKNOWN:unknown 
344815     INFO  Test worker     d.u.i.k.n.KeyIO           Parsing took 15 ms 
344815     INFO  Test worker     d.u.i.k.n.KeyIO           MODE: declarations took 0 ms 
344815     INFO  Test worker     d.u.i.k.p.TestTermParser  Out: \<{
  int x = 1;
  {
    int s = 2;
  }
}\> (equals(x,x)) 
344815     WARN  Test worker     d.u.i.k.j.r.KeYCrossReferenceNameInfo Datatype T declared twice: Once in UNKNOWN:unknown and once in UNKNOWN:unknown, Keeping one from UNKNOWN:unknown 
344878     INFO  Test worker     d.u.i.k.n.KeyIO           Parsing took 0 ms 
344878     INFO  Test worker     d.u.i.k.n.KeyIO           MODE: declarations took 0 ms 
344878     INFO  Test worker     d.u.i.k.p.TestTermParser  Out: \[{
  int x = 2;
  {
    String s = ""}";
  }
}\] (true) 
344878     WARN  Test worker     d.u.i.k.j.r.KeYCrossReferenceNameInfo Datatype T declared twice: Once in UNKNOWN:unknown and once in UNKNOWN:unknown, Keeping one from UNKNOWN:unknown 
344956     WARN  Test worker     d.u.i.k.j.r.KeYCrossReferenceNameInfo Datatype T declared twice: Once in UNKNOWN:unknown and once in UNKNOWN:unknown, Keeping one from UNKNOWN:unknown 
345018     INFO  Test worker     d.u.i.k.n.KeyIO           Parsing took 0 ms 
345018     INFO  Test worker     d.u.i.k.n.KeyIO           MODE: declarations took 0 ms 
345018     WARN  Test worker     d.u.i.k.j.r.KeYCrossReferenceNameInfo Datatype T declared twice: Once in UNKNOWN:unknown and once in UNKNOWN:unknown, Keeping one from UNKNOWN:unknown 
345097     INFO  Test worker     d.u.i.k.n.KeyIO           Parsing took 0 ms 
345097     INFO  Test worker     d.u.i.k.n.KeyIO           MODE: declarations took 0 ms 
345097     INFO  Test worker     d.u.i.k.p.TestTermParser  Out: \<{
  int[] i;
}\> (diamond(true)) 
345097     WARN  Test worker     d.u.i.k.j.r.KeYCrossReferenceNameInfo Datatype T declared twice: Once in UNKNOWN:unknown and once in UNKNOWN:unknown, Keeping one from UNKNOWN:unknown 
345160     INFO  Test worker     d.u.i.k.n.KeyIO           Parsing took 0 ms 
345160     INFO  Test worker     d.u.i.k.n.KeyIO           MODE: declarations took 0 ms 
345160     WARN  Test worker     d.u.i.k.j.r.KeYCrossReferenceNameInfo Datatype T declared twice: Once in UNKNOWN:unknown and once in UNKNOWN:unknown, Keeping one from UNKNOWN:unknown 
345238     INFO  Test worker     d.u.i.k.n.KeyIO           Parsing took 0 ms 
345238     INFO  Test worker     d.u.i.k.n.KeyIO           MODE: declarations took 0 ms 
345238     WARN  Test worker     d.u.i.k.j.r.KeYCrossReferenceNameInfo Datatype T declared twice: Once in UNKNOWN:unknown and once in UNKNOWN:unknown, Keeping one from UNKNOWN:unknown 
345301     INFO  Test worker     d.u.i.k.n.KeyIO           Parsing took 0 ms 
345301     INFO  Test worker     d.u.i.k.n.KeyIO           MODE: declarations took 0 ms 
345301     WARN  Test worker     d.u.i.k.j.r.KeYCrossReferenceNameInfo Datatype T declared twice: Once in UNKNOWN:unknown and once in UNKNOWN:unknown, Keeping one from UNKNOWN:unknown 
345379     INFO  Test worker     d.u.i.k.n.KeyIO           Parsing took 16 ms 
345379     INFO  Test worker     d.u.i.k.n.KeyIO           MODE: declarations took 0 ms 
345379     WARN  Test worker     d.u.i.k.j.r.KeYCrossReferenceNameInfo Datatype T declared twice: Once in UNKNOWN:unknown and once in UNKNOWN:unknown, Keeping one from UNKNOWN:unknown 
345441     INFO  Test worker     d.u.i.k.n.KeyIO           Parsing took 0 ms 
345441     INFO  Test worker     d.u.i.k.n.KeyIO           MODE: declarations took 0 ms 
345441     WARN  Test worker     d.u.i.k.j.r.KeYCrossReferenceNameInfo Datatype T declared twice: Once in UNKNOWN:unknown and once in UNKNOWN:unknown, Keeping one from UNKNOWN:unknown 
345504     INFO  Test worker     d.u.i.k.n.KeyIO           Parsing took 0 ms 
345504     INFO  Test worker     d.u.i.k.n.KeyIO           MODE: declarations took 0 ms 
345504     WARN  Test worker     d.u.i.k.j.r.KeYCrossReferenceNameInfo Datatype T declared twice: Once in UNKNOWN:unknown and once in UNKNOWN:unknown, Keeping one from UNKNOWN:unknown 
345582     WARN  Test worker     d.u.i.k.j.r.KeYCrossReferenceNameInfo Datatype T declared twice: Once in UNKNOWN:unknown and once in UNKNOWN:unknown, Keeping one from UNKNOWN:unknown 
345645     INFO  Test worker     d.u.i.k.n.KeyIO           Parsing took 0 ms 
345645     INFO  Test worker     d.u.i.k.n.KeyIO           MODE: declarations took 0 ms 
345645     WARN  Test worker     d.u.i.k.j.r.KeYCrossReferenceNameInfo Datatype T declared twice: Once in UNKNOWN:unknown and once in UNKNOWN:unknown, Keeping one from UNKNOWN:unknown 
345707     INFO  Test worker     d.u.i.k.n.KeyIO           Parsing took 0 ms 
345707     INFO  Test worker     d.u.i.k.n.KeyIO           MODE: declarations took 0 ms 
345707     WARN  Test worker     d.u.i.k.j.r.KeYCrossReferenceNameInfo Datatype T declared twice: Once in UNKNOWN:unknown and once in UNKNOWN:unknown, Keeping one from UNKNOWN:unknown 
345785     INFO  Test worker     d.u.i.k.n.KeyIO           Parsing took 0 ms 
345785     INFO  Test worker     d.u.i.k.n.KeyIO           MODE: declarations took 0 ms 
345785     WARN  Test worker     d.u.i.k.j.r.KeYCrossReferenceNameInfo Datatype T declared twice: Once in UNKNOWN:unknown and once in UNKNOWN:unknown, Keeping one from UNKNOWN:unknown 
345848     INFO  Test worker     d.u.i.k.n.KeyIO           Parsing took 0 ms 
345848     INFO  Test worker     d.u.i.k.n.KeyIO           MODE: declarations took 0 ms 
345848     WARN  Test worker     d.u.i.k.j.r.KeYCrossReferenceNameInfo Datatype T declared twice: Once in UNKNOWN:unknown and once in UNKNOWN:unknown, Keeping one from UNKNOWN:unknown 
345926     INFO  Test worker     d.u.i.k.n.KeyIO           Parsing took 0 ms 
345926     INFO  Test worker     d.u.i.k.n.KeyIO           MODE: declarations took 0 ms 
345926     WARN  Test worker     d.u.i.k.j.r.KeYCrossReferenceNameInfo Datatype T declared twice: Once in UNKNOWN:unknown and once in UNKNOWN:unknown, Keeping one from UNKNOWN:unknown 
345989     INFO  Test worker     d.u.i.k.n.KeyIO           Parsing took 0 ms 
345989     INFO  Test worker     d.u.i.k.n.KeyIO           MODE: declarations took 0 ms 
345989     WARN  Test worker     d.u.i.k.j.r.KeYCrossReferenceNameInfo Datatype T declared twice: Once in UNKNOWN:unknown and once in UNKNOWN:unknown, Keeping one from UNKNOWN:unknown 
346051     INFO  Test worker     d.u.i.k.n.KeyIO           Parsing took 0 ms 
346051     INFO  Test worker     d.u.i.k.n.KeyIO           MODE: declarations took 0 ms 
346051     WARN  Test worker     d.u.i.k.j.r.KeYCrossReferenceNameInfo Datatype T declared twice: Once in UNKNOWN:unknown and once in UNKNOWN:unknown, Keeping one from UNKNOWN:unknown 
346129     INFO  Test worker     d.u.i.k.n.KeyIO           Parsing took 0 ms 
346129     INFO  Test worker     d.u.i.k.n.KeyIO           MODE: declarations took 0 ms 
346129     WARN  Test worker     d.u.i.k.j.r.KeYCrossReferenceNameInfo Datatype T declared twice: Once in UNKNOWN:unknown and once in UNKNOWN:unknown, Keeping one from UNKNOWN:unknown 
346192     INFO  Test worker     d.u.i.k.n.KeyIO           Parsing took 0 ms 
346192     INFO  Test worker     d.u.i.k.n.KeyIO           MODE: declarations took 0 ms 
346192     WARN  Test worker     d.u.i.k.j.r.KeYCrossReferenceNameInfo Datatype T declared twice: Once in UNKNOWN:unknown and once in UNKNOWN:unknown, Keeping one from UNKNOWN:unknown 
346270     INFO  Test worker     d.u.i.k.n.KeyIO           Parsing took 0 ms 
346270     INFO  Test worker     d.u.i.k.n.KeyIO           MODE: declarations took 0 ms 
346270     WARN  Test worker     d.u.i.k.j.r.KeYCrossReferenceNameInfo Datatype T declared twice: Once in UNKNOWN:unknown and once in UNKNOWN:unknown, Keeping one from UNKNOWN:unknown 
346348     INFO  Test worker     d.u.i.k.n.KeyIO           Parsing took 0 ms 
346348     INFO  Test worker     d.u.i.k.n.KeyIO           MODE: declarations took 0 ms 
346348     WARN  Test worker     d.u.i.k.j.r.KeYCrossReferenceNameInfo Datatype T declared twice: Once in UNKNOWN:unknown and once in UNKNOWN:unknown, Keeping one from UNKNOWN:unknown 
346410     INFO  Test worker     d.u.i.k.n.KeyIO           Parsing took 0 ms 
346426     INFO  Test worker     d.u.i.k.n.KeyIO           MODE: declarations took 0 ms 
346426     WARN  Test worker     d.u.i.k.j.r.KeYCrossReferenceNameInfo Datatype T declared twice: Once in UNKNOWN:unknown and once in UNKNOWN:unknown, Keeping one from UNKNOWN:unknown 
346489     INFO  Test worker     d.u.i.k.n.KeyIO           Parsing took 0 ms 
346489     INFO  Test worker     d.u.i.k.n.KeyIO           MODE: declarations took 0 ms 
346489     WARN  Test worker     d.u.i.k.j.r.KeYCrossReferenceNameInfo Datatype T declared twice: Once in UNKNOWN:unknown and once in UNKNOWN:unknown, Keeping one from UNKNOWN:unknown 
346551     INFO  Test worker     d.u.i.k.n.KeyIO           Parsing took 0 ms 
346551     INFO  Test worker     d.u.i.k.n.KeyIO           MODE: declarations took 0 ms 
346567     WARN  Test worker     d.u.i.k.j.r.KeYCrossReferenceNameInfo Datatype T declared twice: Once in UNKNOWN:unknown and once in UNKNOWN:unknown, Keeping one from UNKNOWN:unknown 
346629     INFO  Test worker     d.u.i.k.n.KeyIO           Parsing took 0 ms 
346629     INFO  Test worker     d.u.i.k.n.KeyIO           MODE: declarations took 0 ms 
346629     WARN  Test worker     d.u.i.k.j.r.KeYCrossReferenceNameInfo Datatype T declared twice: Once in UNKNOWN:unknown and once in UNKNOWN:unknown, Keeping one from UNKNOWN:unknown 
346692     INFO  Test worker     d.u.i.k.n.KeyIO           Parsing took 0 ms 
346692     INFO  Test worker     d.u.i.k.n.KeyIO           MODE: declarations took 0 ms 
346708     WARN  Test worker     d.u.i.k.j.r.KeYCrossReferenceNameInfo Datatype T declared twice: Once in UNKNOWN:unknown and once in UNKNOWN:unknown, Keeping one from UNKNOWN:unknown 
346770     INFO  Test worker     d.u.i.k.n.KeyIO           Parsing took 0 ms 
346770     INFO  Test worker     d.u.i.k.n.KeyIO           MODE: declarations took 0 ms 
346770     WARN  Test worker     d.u.i.k.j.r.KeYCrossReferenceNameInfo Datatype T declared twice: Once in UNKNOWN:unknown and once in UNKNOWN:unknown, Keeping one from UNKNOWN:unknown 
346849     INFO  Test worker     d.u.i.k.n.KeyIO           Parsing took 0 ms 
346849     INFO  Test worker     d.u.i.k.n.KeyIO           MODE: declarations took 0 ms 
346849     WARN  Test worker     d.u.i.k.j.r.KeYCrossReferenceNameInfo Datatype T declared twice: Once in UNKNOWN:unknown and once in UNKNOWN:unknown, Keeping one from UNKNOWN:unknown 
346911     INFO  Test worker     d.u.i.k.n.KeyIO           Parsing took 0 ms 
346911     INFO  Test worker     d.u.i.k.n.KeyIO           MODE: declarations took 0 ms 
346911     WARN  Test worker     d.u.i.k.j.r.KeYCrossReferenceNameInfo Datatype T declared twice: Once in UNKNOWN:unknown and once in UNKNOWN:unknown, Keeping one from UNKNOWN:unknown 
346989     INFO  Test worker     d.u.i.k.n.KeyIO           Parsing took 0 ms 
346989     INFO  Test worker     d.u.i.k.n.KeyIO           MODE: declarations took 0 ms 
346989     WARN  Test worker     d.u.i.k.j.r.KeYCrossReferenceNameInfo Datatype T declared twice: Once in UNKNOWN:unknown and once in UNKNOWN:unknown, Keeping one from UNKNOWN:unknown 
347068     INFO  Test worker     d.u.i.k.n.KeyIO           Parsing took 0 ms 
347068     INFO  Test worker     d.u.i.k.n.KeyIO           MODE: declarations took 0 ms 
347083     WARN  Test worker     d.u.i.k.j.r.KeYCrossReferenceNameInfo Datatype T declared twice: Once in UNKNOWN:unknown and once in UNKNOWN:unknown, Keeping one from UNKNOWN:unknown 
347146     INFO  Test worker     d.u.i.k.n.KeyIO           Parsing took 0 ms 
347146     INFO  Test worker     d.u.i.k.n.KeyIO           MODE: declarations took 0 ms 
347146     WARN  Test worker     d.u.i.k.j.r.KeYCrossReferenceNameInfo Datatype T declared twice: Once in UNKNOWN:unknown and once in UNKNOWN:unknown, Keeping one from UNKNOWN:unknown 
347224     INFO  Test worker     d.u.i.k.n.KeyIO           Parsing took 0 ms 
347224     INFO  Test worker     d.u.i.k.n.KeyIO           MODE: declarations took 0 ms 
347224     WARN  Test worker     d.u.i.k.j.r.KeYCrossReferenceNameInfo Datatype T declared twice: Once in UNKNOWN:unknown and once in UNKNOWN:unknown, Keeping one from UNKNOWN:unknown 
347302     INFO  Test worker     d.u.i.k.n.KeyIO           Parsing took 0 ms 
347302     INFO  Test worker     d.u.i.k.n.KeyIO           MODE: declarations took 0 ms 
347302     WARN  Test worker     d.u.i.k.j.r.KeYCrossReferenceNameInfo Datatype T declared twice: Once in UNKNOWN:unknown and once in UNKNOWN:unknown, Keeping one from UNKNOWN:unknown 
347380     INFO  Test worker     d.u.i.k.n.KeyIO           Parsing took 0 ms 
347380     INFO  Test worker     d.u.i.k.n.KeyIO           MODE: declarations took 0 ms 
347380     WARN  Test worker     d.u.i.k.j.r.KeYCrossReferenceNameInfo Datatype T declared twice: Once in UNKNOWN:unknown and once in UNKNOWN:unknown, Keeping one from UNKNOWN:unknown 
347443     INFO  Test worker     d.u.i.k.n.KeyIO           Parsing took 0 ms 
347443     INFO  Test worker     d.u.i.k.n.KeyIO           MODE: declarations took 0 ms 
347458     WARN  Test worker     d.u.i.k.j.r.KeYCrossReferenceNameInfo Datatype T declared twice: Once in UNKNOWN:unknown and once in UNKNOWN:unknown, Keeping one from UNKNOWN:unknown 
347521     INFO  Test worker     d.u.i.k.n.KeyIO           Parsing took 0 ms 
347521     INFO  Test worker     d.u.i.k.n.KeyIO           MODE: declarations took 0 ms 
347521     WARN  Test worker     d.u.i.k.j.r.KeYCrossReferenceNameInfo Datatype T declared twice: Once in UNKNOWN:unknown and once in UNKNOWN:unknown, Keeping one from UNKNOWN:unknown 
347615     WARN  Test worker     d.u.i.k.j.r.KeYCrossReferenceNameInfo Datatype T declared twice: Once in UNKNOWN:unknown and once in UNKNOWN:unknown, Keeping one from UNKNOWN:unknown 
347677     INFO  Test worker     d.u.i.k.n.KeyIO           Parsing took 0 ms 
347677     INFO  Test worker     d.u.i.k.n.KeyIO           MODE: declarations took 0 ms 
347724     WARN  Test worker     d.u.i.k.j.r.KeYCrossReferenceNameInfo Datatype T declared twice: Once in UNKNOWN:unknown and once in UNKNOWN:unknown, Keeping one from UNKNOWN:unknown 
347787     INFO  Test worker     d.u.i.k.n.KeyIO           Parsing took 0 ms 
347787     INFO  Test worker     d.u.i.k.n.KeyIO           MODE: declarations took 0 ms 
]]></system-out>
  <system-err><![CDATA[]]></system-err>
</testsuite>
