<?xml version="1.0" encoding="UTF-8"?>
<testsuite name="de.uka.ilkd.key.util.removegenerics.TestMultipleBounds" tests="6" skipped="0" failures="0" errors="0" timestamp="2023-02-08T10:47:53" hostname="fv-az934-999" time="0.038">
  <properties/>
  <testcase name="testJLS1()" classname="de.uka.ilkd.key.util.removegenerics.TestMultipleBounds" time="0.002"/>
  <testcase name="testRecursiveBounds()" classname="de.uka.ilkd.key.util.removegenerics.TestMultipleBounds" time="0.002"/>
  <testcase name="testAttributes()" classname="de.uka.ilkd.key.util.removegenerics.TestMultipleBounds" time="0.001"/>
  <testcase name="testAsArguments()" classname="de.uka.ilkd.key.util.removegenerics.TestMultipleBounds" time="0.002"/>
  <testcase name="testMethods()" classname="de.uka.ilkd.key.util.removegenerics.TestMultipleBounds" time="0.014"/>
  <testcase name="testTricky2Supertypes()" classname="de.uka.ilkd.key.util.removegenerics.TestMultipleBounds" time="0.002"/>
  <system-out><![CDATA[]]></system-out>
  <system-err><![CDATA[]]></system-err>
</testsuite>
