<?xml version="1.0" encoding="UTF-8"?>
<testsuite name="recoder.testsuite.basic.analysis.TypeXReferenceCompletenessTest" tests="1" skipped="0" failures="0" errors="0" timestamp="2023-05-01T14:13:22" hostname="fv-az282-660" time="0.0">
  <properties/>
  <testcase name="testTypeXReferenceCompleteness" classname="recoder.testsuite.basic.analysis.TypeXReferenceCompletenessTest" time="0.0"/>
  <system-out><![CDATA[]]></system-out>
  <system-err><![CDATA[]]></system-err>
</testsuite>
