<?xml version="1.0" encoding="UTF-8"?>
<testsuite name="de.uka.ilkd.key.proof.runallproofs.RunAllProofsFunctional" tests="34" skipped="0" failures="0" errors="0" timestamp="2023-05-31T09:26:46" hostname="fv-az577-103" time="6108.644">
  <properties/>
  <testcase name="newBook" classname="de.uka.ilkd.key.proof.runallproofs.RunAllProofsFunctional" time="71.024"/>
  <testcase name="oldBook" classname="de.uka.ilkd.key.proof.runallproofs.RunAllProofsFunctional" time="21.418"/>
  <testcase name="comprehensions" classname="de.uka.ilkd.key.proof.runallproofs.RunAllProofsFunctional" time="74.677"/>
  <testcase name="performance" classname="de.uka.ilkd.key.proof.runallproofs.RunAllProofsFunctional" time="250.332"/>
  <testcase name="performancePOConstruction" classname="de.uka.ilkd.key.proof.runallproofs.RunAllProofsFunctional" time="85.11"/>
  <testcase name="applicationRestrictions" classname="de.uka.ilkd.key.proof.runallproofs.RunAllProofsFunctional" time="57.919"/>
  <testcase name="blockContracts" classname="de.uka.ilkd.key.proof.runallproofs.RunAllProofsFunctional" time="155.848"/>
  <testcase name="jmlAsserts" classname="de.uka.ilkd.key.proof.runallproofs.RunAllProofsFunctional" time="103.036"/>
  <testcase name="javaCard" classname="de.uka.ilkd.key.proof.runallproofs.RunAllProofsFunctional" time="152.572"/>
  <testcase name="list" classname="de.uka.ilkd.key.proof.runallproofs.RunAllProofsFunctional" time="315.514"/>
  <testcase name="list_ghost" classname="de.uka.ilkd.key.proof.runallproofs.RunAllProofsFunctional" time="79.152"/>
  <testcase name="list_recursive" classname="de.uka.ilkd.key.proof.runallproofs.RunAllProofsFunctional" time="26.578"/>
  <testcase name="list_seq" classname="de.uka.ilkd.key.proof.runallproofs.RunAllProofsFunctional" time="198.443"/>
  <testcase name="observer" classname="de.uka.ilkd.key.proof.runallproofs.RunAllProofsFunctional" time="114.357"/>
  <testcase name="removeDups" classname="de.uka.ilkd.key.proof.runallproofs.RunAllProofsFunctional" time="161.22"/>
  <testcase name="quicksort" classname="de.uka.ilkd.key.proof.runallproofs.RunAllProofsFunctional" time="125.676"/>
  <testcase name="simpleTests" classname="de.uka.ilkd.key.proof.runallproofs.RunAllProofsFunctional" time="177.806"/>
  <testcase name="SmansEtAl" classname="de.uka.ilkd.key.proof.runallproofs.RunAllProofsFunctional" time="226.516"/>
  <testcase name="VACID0" classname="de.uka.ilkd.key.proof.runallproofs.RunAllProofsFunctional" time="94.131"/>
  <testcase name="VSTTE10" classname="de.uka.ilkd.key.proof.runallproofs.RunAllProofsFunctional" time="211.108"/>
  <testcase name="WeideEtAl" classname="de.uka.ilkd.key.proof.runallproofs.RunAllProofsFunctional" time="36.678"/>
  <testcase name="arithmetic" classname="de.uka.ilkd.key.proof.runallproofs.RunAllProofsFunctional" time="558.616"/>
  <testcase name="arrays" classname="de.uka.ilkd.key.proof.runallproofs.RunAllProofsFunctional" time="66.308"/>
  <testcase name="javadl" classname="de.uka.ilkd.key.proof.runallproofs.RunAllProofsFunctional" time="698.074"/>
  <testcase name="FOL" classname="de.uka.ilkd.key.proof.runallproofs.RunAllProofsFunctional" time="316.456"/>
  <testcase name="strings" classname="de.uka.ilkd.key.proof.runallproofs.RunAllProofsFunctional" time="175.53"/>
  <testcase name="simple_info_flow" classname="de.uka.ilkd.key.proof.runallproofs.RunAllProofsFunctional" time="15.122"/>
  <testcase name="modelMethods" classname="de.uka.ilkd.key.proof.runallproofs.RunAllProofsFunctional" time="206.465"/>
  <testcase name="permissionHeap" classname="de.uka.ilkd.key.proof.runallproofs.RunAllProofsFunctional" time="976.519"/>
  <testcase name="completionScopes" classname="de.uka.ilkd.key.proof.runallproofs.RunAllProofsFunctional" time="60.929"/>
  <testcase name="reload_examples" classname="de.uka.ilkd.key.proof.runallproofs.RunAllProofsFunctional" time="51.95"/>
  <testcase name="proofLoadRepair" classname="de.uka.ilkd.key.proof.runallproofs.RunAllProofsFunctional" time="22.253"/>
  <testcase name="switch" classname="de.uka.ilkd.key.proof.runallproofs.RunAllProofsFunctional" time="73.352"/>
  <testcase name="redux" classname="de.uka.ilkd.key.proof.runallproofs.RunAllProofsFunctional" time="147.938"/>
  <system-out><![CDATA[297        INFO  Test worker     d.u.i.k.p.r.RunAllProofsTestUnit Running test newBook 
465        INFO  Timeout watchdog d.u.i.k.p.r.p.ForkedTestFileRunner Timeout watcher launched (2000 secs.) 
492        WARN  main            d.u.i.k.s.ProofSettings   No proof-settings could be loaded, using defaults java.io.FileNotFoundException: /home/runner/.key/proof-settings.props (No such file or directory)
	at java.base/java.io.FileInputStream.open0(Native Method)

555        INFO  main            d.u.i.k.p.r.p.TestFile    Now processing file /home/runner/work/key/key/key.core/../key.ui/examples/newBook/09.list_modelfield/ArrayList.add.key 
716        INFO  main            d.u.i.k.p.i.AbstractProblemLoader Loading environment from /home/runner/work/key/key/key.core/../key.ui/examples/newBook/09.list_modelfield/ArrayList.add.key 
738        DEBUG main            d.u.i.k.p.i.AbstractProblemLoader Environment load took 3.54ms 
1040       INFO  main            d.u.i.k.p.i.AbstractProblemLoader Creating init config 
2271       DEBUG main            d.u.i.k.j.TypeConverter   No LDT found for Meta 
2274       DEBUG main            d.u.i.k.j.TypeConverter   No LDT found for Meta 
2276       DEBUG main            d.u.i.k.j.TypeConverter   No LDT found for Meta 
2278       DEBUG main            d.u.i.k.j.TypeConverter   No LDT found for Meta 
3950       DEBUG main            d.u.i.k.j.TypeConverter   No LDT found for JavaBigintExpression 
10006      DEBUG main            d.u.i.k.p.i.AbstractProblemLoader Init config took 8.97s 
10152      INFO  main            d.u.i.k.p.i.AbstractProblemLoader Replaying proof ArrayList[List::add(int)].JML normal_behavior operation contract.0 
10192      DEBUG main            d.u.i.k.p.i.IntermediateProofReplayer Proof replay took 29.6ns 
30130      INFO  main            d.u.i.k.p.r.p.TestFile    ... finished proof: closed. 
30425      INFO  main            d.u.i.k.p.i.AbstractProblemLoader Loading environment from /home/runner/work/key/key/key.core/../key.ui/examples/newBook/09.list_modelfield/ArrayList.add.key.proof 
30426      DEBUG main            d.u.i.k.p.i.AbstractProblemLoader Environment load took 177.81ns 
30438      INFO  main            d.u.i.k.p.i.AbstractProblemLoader Creating init config 
33734      DEBUG main            d.u.i.k.p.i.AbstractProblemLoader Init config took 3.3s 
33806      INFO  main            d.u.i.k.p.i.AbstractProblemLoader Replaying proof ArrayList[List::add(int)].JML normal_behavior operation contract.0 
35681      DEBUG main            d.u.i.k.p.i.IntermediateProofReplayer Proof replay took 1.8s 
35700      DEBUG main            d.u.i.k.p.r.p.TestFile    ... success: reloaded. 
35713      INFO  main            d.u.i.k.p.r.p.TestFile    Now processing file /home/runner/work/key/key/key.core/../key.ui/examples/newBook/09.list_modelfield/ArrayList.remFirst.key 
35713      INFO  main            d.u.i.k.p.i.AbstractProblemLoader Loading environment from /home/runner/work/key/key/key.core/../key.ui/examples/newBook/09.list_modelfield/ArrayList.remFirst.key 
35714      DEBUG main            d.u.i.k.p.i.AbstractProblemLoader Environment load took 88ns 
35718      INFO  main            d.u.i.k.p.i.AbstractProblemLoader Creating init config 
39050      DEBUG main            d.u.i.k.p.i.AbstractProblemLoader Init config took 3.33s 
39111      INFO  main            d.u.i.k.p.i.AbstractProblemLoader Replaying proof ArrayList[List::remFirst()].JML normal_behavior operation contract.0 
39114      DEBUG main            d.u.i.k.p.i.IntermediateProofReplayer Proof replay took 5.4ns 
43998      INFO  main            d.u.i.k.p.r.p.TestFile    ... finished proof: closed. 
44235      INFO  main            d.u.i.k.p.i.AbstractProblemLoader Loading environment from /home/runner/work/key/key/key.core/../key.ui/examples/newBook/09.list_modelfield/ArrayList.remFirst.key.proof 
44236      DEBUG main            d.u.i.k.p.i.AbstractProblemLoader Environment load took 925.63ns 
44240      INFO  main            d.u.i.k.p.i.AbstractProblemLoader Creating init config 
47385      DEBUG main            d.u.i.k.p.i.AbstractProblemLoader Init config took 3.14s 
47439      INFO  main            d.u.i.k.p.i.AbstractProblemLoader Replaying proof ArrayList[List::remFirst()].JML normal_behavior operation contract.0 
48213      DEBUG main            d.u.i.k.p.i.IntermediateProofReplayer Proof replay took 753.61ms 
48214      DEBUG main            d.u.i.k.p.r.p.TestFile    ... success: reloaded. 
48215      INFO  main            d.u.i.k.p.r.p.TestFile    Now processing file /home/runner/work/key/key/key.core/../key.ui/examples/newBook/09.list_modelfield/ArrayList.empty.key 
48216      INFO  main            d.u.i.k.p.i.AbstractProblemLoader Loading environment from /home/runner/work/key/key/key.core/../key.ui/examples/newBook/09.list_modelfield/ArrayList.empty.key 
48216      DEBUG main            d.u.i.k.p.i.AbstractProblemLoader Environment load took 73.7ns 
48217      INFO  main            d.u.i.k.p.i.AbstractProblemLoader Creating init config 
51395      DEBUG main            d.u.i.k.p.i.AbstractProblemLoader Init config took 3.18s 
51456      INFO  main            d.u.i.k.p.i.AbstractProblemLoader Replaying proof ArrayList[List::empty()].JML normal_behavior operation contract.0 
51458      DEBUG main            d.u.i.k.p.i.IntermediateProofReplayer Proof replay took 5.6ns 
52604      INFO  main            d.u.i.k.p.r.p.TestFile    ... finished proof: closed. 
52793      INFO  main            d.u.i.k.p.i.AbstractProblemLoader Loading environment from /home/runner/work/key/key/key.core/../key.ui/examples/newBook/09.list_modelfield/ArrayList.empty.key.proof 
52794      DEBUG main            d.u.i.k.p.i.AbstractProblemLoader Environment load took 1.49ms 
52798      INFO  main            d.u.i.k.p.i.AbstractProblemLoader Creating init config 
55764      DEBUG main            d.u.i.k.p.i.AbstractProblemLoader Init config took 2.97s 
55845      INFO  main            d.u.i.k.p.i.AbstractProblemLoader Replaying proof ArrayList[List::empty()].JML normal_behavior operation contract.0 
56020      DEBUG main            d.u.i.k.p.i.IntermediateProofReplayer Proof replay took 165.73ms 
56022      DEBUG main            d.u.i.k.p.r.p.TestFile    ... success: reloaded. 
56023      INFO  main            d.u.i.k.p.r.p.TestFile    Now processing file /home/runner/work/key/key/key.core/../key.ui/examples/newBook/09.list_modelfield/ArrayList.size.key 
56023      INFO  main            d.u.i.k.p.i.AbstractProblemLoader Loading environment from /home/runner/work/key/key/key.core/../key.ui/examples/newBook/09.list_modelfield/ArrayList.size.key 
56023      DEBUG main            d.u.i.k.p.i.AbstractProblemLoader Environment load took 90.4ns 
56024      INFO  main            d.u.i.k.p.i.AbstractProblemLoader Creating init config 
59032      DEBUG main            d.u.i.k.p.i.AbstractProblemLoader Init config took 3.01s 
59100      INFO  main            d.u.i.k.p.i.AbstractProblemLoader Replaying proof ArrayList[List::size()].JML normal_behavior operation contract.0 
59102      DEBUG main            d.u.i.k.p.i.IntermediateProofReplayer Proof replay took 5.7ns 
59611      INFO  main            d.u.i.k.p.r.p.TestFile    ... finished proof: closed. 
59787      INFO  main            d.u.i.k.p.i.AbstractProblemLoader Loading environment from /home/runner/work/key/key/key.core/../key.ui/examples/newBook/09.list_modelfield/ArrayList.size.key.proof 
59789      DEBUG main            d.u.i.k.p.i.AbstractProblemLoader Environment load took 1.51ms 
59791      INFO  main            d.u.i.k.p.i.AbstractProblemLoader Creating init config 
62760      DEBUG main            d.u.i.k.p.i.AbstractProblemLoader Init config took 2.97s 
62811      INFO  main            d.u.i.k.p.i.AbstractProblemLoader Replaying proof ArrayList[List::size()].JML normal_behavior operation contract.0 
62884      DEBUG main            d.u.i.k.p.i.IntermediateProofReplayer Proof replay took 68.97ms 
62886      DEBUG main            d.u.i.k.p.r.p.TestFile    ... success: reloaded. 
62887      INFO  main            d.u.i.k.p.r.p.TestFile    Now processing file /home/runner/work/key/key/key.core/../key.ui/examples/newBook/09.list_modelfield/ArrayList.get.key 
62887      INFO  main            d.u.i.k.p.i.AbstractProblemLoader Loading environment from /home/runner/work/key/key/key.core/../key.ui/examples/newBook/09.list_modelfield/ArrayList.get.key 
62887      DEBUG main            d.u.i.k.p.i.AbstractProblemLoader Environment load took 73.8ns 
62888      INFO  main            d.u.i.k.p.i.AbstractProblemLoader Creating init config 
65957      DEBUG main            d.u.i.k.p.i.AbstractProblemLoader Init config took 3.07s 
66017      INFO  main            d.u.i.k.p.i.AbstractProblemLoader Replaying proof ArrayList[List::get(int)].JML normal_behavior operation contract.0 
66021      DEBUG main            d.u.i.k.p.i.IntermediateProofReplayer Proof replay took 6ns 
67226      INFO  main            d.u.i.k.p.r.p.TestFile    ... finished proof: closed. 
67508      INFO  main            d.u.i.k.p.i.AbstractProblemLoader Loading environment from /home/runner/work/key/key/key.core/../key.ui/examples/newBook/09.list_modelfield/ArrayList.get.key.proof 
67517      DEBUG main            d.u.i.k.p.i.AbstractProblemLoader Environment load took 8.78ms 
67521      INFO  main            d.u.i.k.p.i.AbstractProblemLoader Creating init config 
70545      DEBUG main            d.u.i.k.p.i.AbstractProblemLoader Init config took 3.02s 
70593      INFO  main            d.u.i.k.p.i.AbstractProblemLoader Replaying proof ArrayList[List::get(int)].JML normal_behavior operation contract.0 
70735      DEBUG main            d.u.i.k.p.i.IntermediateProofReplayer Proof replay took 136.87ms 
70736      DEBUG main            d.u.i.k.p.r.p.TestFile    ... success: reloaded. 
71314      INFO  Test worker     d.u.i.k.p.r.RunAllProofsTestUnit Returning from test newBook 
71322      INFO  Test worker     d.u.i.k.p.r.RunAllProofsTestUnit Running test oldBook 
370        INFO  Timeout watchdog d.u.i.k.p.r.p.ForkedTestFileRunner Timeout watcher launched (2000 secs.) 
398        WARN  main            d.u.i.k.s.ProofSettings   The settings in /home/runner/.key/proof-settings.props are *not* read. 
449        INFO  main            d.u.i.k.p.r.p.TestFile    Now processing file /home/runner/work/key/key/key.core/../key.ui/examples/standard_key/BookExamples/02FirstOrderLogic/Ex2.58.key 
616        INFO  main            d.u.i.k.p.i.AbstractProblemLoader Loading environment from /home/runner/work/key/key/key.core/../key.ui/examples/standard_key/BookExamples/02FirstOrderLogic/Ex2.58.key 
637        DEBUG main            d.u.i.k.p.i.AbstractProblemLoader Environment load took 2.49ms 
913        INFO  main            d.u.i.k.p.i.AbstractProblemLoader Creating init config 
1983       DEBUG main            d.u.i.k.j.TypeConverter   No LDT found for Meta 
1984       DEBUG main            d.u.i.k.j.TypeConverter   No LDT found for Meta 
1987       DEBUG main            d.u.i.k.j.TypeConverter   No LDT found for Meta 
1988       DEBUG main            d.u.i.k.j.TypeConverter   No LDT found for Meta 
3568       DEBUG main            d.u.i.k.j.TypeConverter   No LDT found for JavaBigintExpression 
9610       DEBUG main            d.u.i.k.p.i.AbstractProblemLoader Init config took 8.7s 
9697       INFO  main            d.u.i.k.p.i.AbstractProblemLoader Replaying proof Ex2.58.key 
9749       DEBUG main            d.u.i.k.p.i.IntermediateProofReplayer Proof replay took 36.9ns 
9930       INFO  main            d.u.i.k.p.r.p.TestFile    ... finished proof: closed. 
10075      INFO  main            d.u.i.k.p.i.AbstractProblemLoader Loading environment from /home/runner/work/key/key/key.core/../key.ui/examples/standard_key/BookExamples/02FirstOrderLogic/Ex2.58.key.proof 
10077      DEBUG main            d.u.i.k.p.i.AbstractProblemLoader Environment load took 2.17ms 
10083      INFO  main            d.u.i.k.p.i.AbstractProblemLoader Creating init config 
13555      DEBUG main            d.u.i.k.p.i.AbstractProblemLoader Init config took 3.47s 
13608      INFO  main            d.u.i.k.p.i.AbstractProblemLoader Replaying proof Ex2.58.key.proof 
13618      DEBUG main            d.u.i.k.p.i.IntermediateProofReplayer Proof replay took 3.9ms 
13631      DEBUG main            d.u.i.k.p.r.p.TestFile    ... success: reloaded. 
13633      INFO  main            d.u.i.k.p.r.p.TestFile    Now processing file /home/runner/work/key/key/key.core/../key.ui/examples/standard_key/BookExamples/03DynamicLogic/Sect3.3.1.key 
13633      INFO  main            d.u.i.k.p.i.AbstractProblemLoader Loading environment from /home/runner/work/key/key/key.core/../key.ui/examples/standard_key/BookExamples/03DynamicLogic/Sect3.3.1.key 
13634      DEBUG main            d.u.i.k.p.i.AbstractProblemLoader Environment load took 446.31ns 
13636      INFO  main            d.u.i.k.p.i.AbstractProblemLoader Creating init config 
16882      DEBUG main            d.u.i.k.p.i.AbstractProblemLoader Init config took 3.25s 
16931      INFO  main            d.u.i.k.p.i.AbstractProblemLoader Replaying proof Sect3.3.1.key 
16937      DEBUG main            d.u.i.k.p.i.IntermediateProofReplayer Proof replay took 8ns 
17651      INFO  main            d.u.i.k.p.r.p.TestFile    ... finished proof: closed. 
17808      INFO  main            d.u.i.k.p.i.AbstractProblemLoader Loading environment from /home/runner/work/key/key/key.core/../key.ui/examples/standard_key/BookExamples/03DynamicLogic/Sect3.3.1.key.proof 
17809      DEBUG main            d.u.i.k.p.i.AbstractProblemLoader Environment load took 870.33ns 
17818      INFO  main            d.u.i.k.p.i.AbstractProblemLoader Creating init config 
21066      DEBUG main            d.u.i.k.p.i.AbstractProblemLoader Init config took 3.25s 
21104      INFO  main            d.u.i.k.p.i.AbstractProblemLoader Replaying proof Sect3.3.1.key.proof 
21214      DEBUG main            d.u.i.k.p.i.IntermediateProofReplayer Proof replay took 104.83ms 
21216      DEBUG main            d.u.i.k.p.r.p.TestFile    ... success: reloaded. 
92739      INFO  Test worker     d.u.i.k.p.r.RunAllProofsTestUnit Returning from test oldBook 
92744      INFO  Test worker     d.u.i.k.p.r.RunAllProofsTestUnit Running test comprehensions 
411        INFO  Timeout watchdog d.u.i.k.p.r.p.ForkedTestFileRunner Timeout watcher launched (2000 secs.) 
440        WARN  main            d.u.i.k.s.ProofSettings   The settings in /home/runner/.key/proof-settings.props are *not* read. 
496        INFO  main            d.u.i.k.p.r.p.TestFile    Now processing file /home/runner/work/key/key/key.core/../key.ui/examples/heap/comprehensions/general_sum.key 
644        INFO  main            d.u.i.k.p.i.AbstractProblemLoader Loading environment from /home/runner/work/key/key/key.core/../key.ui/examples/heap/comprehensions/general_sum.key 
672        DEBUG main            d.u.i.k.p.i.AbstractProblemLoader Environment load took 2.13ms 
943        INFO  main            d.u.i.k.p.i.AbstractProblemLoader Creating init config 
2024       DEBUG main            d.u.i.k.j.TypeConverter   No LDT found for Meta 
2025       DEBUG main            d.u.i.k.j.TypeConverter   No LDT found for Meta 
2029       DEBUG main            d.u.i.k.j.TypeConverter   No LDT found for Meta 
2030       DEBUG main            d.u.i.k.j.TypeConverter   No LDT found for Meta 
3784       DEBUG main            d.u.i.k.j.TypeConverter   No LDT found for JavaBigintExpression 
9654       DEBUG main            d.u.i.k.p.i.AbstractProblemLoader Init config took 8.71s 
9825       INFO  main            d.u.i.k.p.i.AbstractProblemLoader Replaying proof GSum[GSum::doNothing()].JML operation contract.0 
9865       DEBUG main            d.u.i.k.p.i.IntermediateProofReplayer Proof replay took 34.9ns 
10322      INFO  main            d.u.i.k.p.r.p.TestFile    ... finished proof: closed. 
10439      INFO  main            d.u.i.k.p.i.AbstractProblemLoader Loading environment from /home/runner/work/key/key/key.core/../key.ui/examples/heap/comprehensions/general_sum.key.proof 
10439      DEBUG main            d.u.i.k.p.i.AbstractProblemLoader Environment load took 158.31ns 
10442      INFO  main            d.u.i.k.p.i.AbstractProblemLoader Creating init config 
13793      DEBUG main            d.u.i.k.p.i.AbstractProblemLoader Init config took 3.35s 
13909      INFO  main            d.u.i.k.p.i.AbstractProblemLoader Replaying proof GSum[GSum::doNothing()].JML operation contract.0 
13931      DEBUG main            d.u.i.k.p.i.IntermediateProofReplayer Proof replay took 17.93ms 
13940      DEBUG main            d.u.i.k.p.r.p.TestFile    ... success: reloaded. 
13944      INFO  main            d.u.i.k.p.r.p.TestFile    Now processing file /home/runner/work/key/key/key.core/../key.ui/examples/heap/comprehensions/sum0.key 
13945      INFO  main            d.u.i.k.p.i.AbstractProblemLoader Loading environment from /home/runner/work/key/key/key.core/../key.ui/examples/heap/comprehensions/sum0.key 
13945      DEBUG main            d.u.i.k.p.i.AbstractProblemLoader Environment load took 408.61ns 
13951      INFO  main            d.u.i.k.p.i.AbstractProblemLoader Creating init config 
17118      DEBUG main            d.u.i.k.p.i.AbstractProblemLoader Init config took 3.17s 
17185      INFO  main            d.u.i.k.p.i.AbstractProblemLoader Replaying proof Sum[Sum::sum0([I)].JML normal_behavior operation contract.0 
17188      DEBUG main            d.u.i.k.p.i.IntermediateProofReplayer Proof replay took 5.9ns 
17310      DEBUG Thread-4        d.u.i.k.l.l.OriginTermLabel commonFileName is null! 
17311      DEBUG Thread-4        d.u.i.k.l.l.OriginTermLabel commonFileName is null! 
17522      DEBUG Thread-4        d.u.i.k.l.l.OriginTermLabel commonFileName is null! 
17523      DEBUG Thread-4        d.u.i.k.l.l.OriginTermLabel commonFileName is null! 
17731      DEBUG Thread-4        d.u.i.k.l.l.OriginTermLabel commonFileName is null! 
17908      INFO  main            d.u.i.k.p.r.p.TestFile    ... finished proof: closed. 
18088      INFO  main            d.u.i.k.p.i.AbstractProblemLoader Loading environment from /home/runner/work/key/key/key.core/../key.ui/examples/heap/comprehensions/sum0.key.proof 
18091      DEBUG main            d.u.i.k.p.i.AbstractProblemLoader Environment load took 2.4ms 
18093      INFO  main            d.u.i.k.p.i.AbstractProblemLoader Creating init config 
21109      DEBUG main            d.u.i.k.p.i.AbstractProblemLoader Init config took 3.02s 
21190      INFO  main            d.u.i.k.p.i.AbstractProblemLoader Replaying proof Sum[Sum::sum0([I)].JML normal_behavior operation contract.0 
21251      DEBUG main            d.u.i.k.l.l.OriginTermLabel commonFileName is null! 
21252      DEBUG main            d.u.i.k.l.l.OriginTermLabel commonFileName is null! 
21344      DEBUG main            d.u.i.k.l.l.OriginTermLabel commonFileName is null! 
21408      DEBUG main            d.u.i.k.l.l.OriginTermLabel commonFileName is null! 
21409      DEBUG main            d.u.i.k.l.l.OriginTermLabel commonFileName is null! 
21412      DEBUG main            d.u.i.k.p.i.IntermediateProofReplayer Proof replay took 208.92ms 
21413      DEBUG main            d.u.i.k.p.r.p.TestFile    ... success: reloaded. 
21415      INFO  main            d.u.i.k.p.r.p.TestFile    Now processing file /home/runner/work/key/key/key.core/../key.ui/examples/heap/comprehensions/sum1.key 
21416      INFO  main            d.u.i.k.p.i.AbstractProblemLoader Loading environment from /home/runner/work/key/key/key.core/../key.ui/examples/heap/comprehensions/sum1.key 
21416      DEBUG main            d.u.i.k.p.i.AbstractProblemLoader Environment load took 295.81ns 
21418      INFO  main            d.u.i.k.p.i.AbstractProblemLoader Creating init config 
24465      DEBUG main            d.u.i.k.p.i.AbstractProblemLoader Init config took 3.05s 
24522      INFO  main            d.u.i.k.p.i.AbstractProblemLoader Replaying proof Sum[Sum::sum1([I)].JML normal_behavior operation contract.0 
24524      DEBUG main            d.u.i.k.p.i.IntermediateProofReplayer Proof replay took 5.9ns 
24589      DEBUG Thread-7        d.u.i.k.l.l.OriginTermLabel commonFileName is null! 
24589      DEBUG Thread-7        d.u.i.k.l.l.OriginTermLabel commonFileName is null! 
24755      DEBUG Thread-7        d.u.i.k.l.l.OriginTermLabel commonFileName is null! 
24756      DEBUG Thread-7        d.u.i.k.l.l.OriginTermLabel commonFileName is null! 
24897      DEBUG Thread-7        d.u.i.k.l.l.OriginTermLabel commonFileName is null! 
25128      INFO  main            d.u.i.k.p.r.p.TestFile    ... finished proof: closed. 
25383      INFO  main            d.u.i.k.p.i.AbstractProblemLoader Loading environment from /home/runner/work/key/key/key.core/../key.ui/examples/heap/comprehensions/sum1.key.proof 
25384      DEBUG main            d.u.i.k.p.i.AbstractProblemLoader Environment load took 768.92ns 
25385      INFO  main            d.u.i.k.p.i.AbstractProblemLoader Creating init config 
28429      DEBUG main            d.u.i.k.p.i.AbstractProblemLoader Init config took 3.04s 
28480      INFO  main            d.u.i.k.p.i.AbstractProblemLoader Replaying proof Sum[Sum::sum1([I)].JML normal_behavior operation contract.0 
28514      DEBUG main            d.u.i.k.l.l.OriginTermLabel commonFileName is null! 
28515      DEBUG main            d.u.i.k.l.l.OriginTermLabel commonFileName is null! 
28584      DEBUG main            d.u.i.k.l.l.OriginTermLabel commonFileName is null! 
28629      DEBUG main            d.u.i.k.l.l.OriginTermLabel commonFileName is null! 
28630      DEBUG main            d.u.i.k.l.l.OriginTermLabel commonFileName is null! 
28633      DEBUG main            d.u.i.k.p.i.IntermediateProofReplayer Proof replay took 149.26ms 
28635      DEBUG main            d.u.i.k.p.r.p.TestFile    ... success: reloaded. 
28636      INFO  main            d.u.i.k.p.r.p.TestFile    Now processing file /home/runner/work/key/key/key.core/../key.ui/examples/heap/comprehensions/sum2.key 
28637      INFO  main            d.u.i.k.p.i.AbstractProblemLoader Loading environment from /home/runner/work/key/key/key.core/../key.ui/examples/heap/comprehensions/sum2.key 
28637      DEBUG main            d.u.i.k.p.i.AbstractProblemLoader Environment load took 312.31ns 
28639      INFO  main            d.u.i.k.p.i.AbstractProblemLoader Creating init config 
31592      DEBUG main            d.u.i.k.p.i.AbstractProblemLoader Init config took 2.95s 
31646      INFO  main            d.u.i.k.p.i.AbstractProblemLoader Replaying proof Sum[Sum::sum2([I)].JML normal_behavior operation contract.0 
31648      DEBUG main            d.u.i.k.p.i.IntermediateProofReplayer Proof replay took 5.8ns 
31700      DEBUG Thread-10       d.u.i.k.l.l.OriginTermLabel commonFileName is null! 
31701      DEBUG Thread-10       d.u.i.k.l.l.OriginTermLabel commonFileName is null! 
31829      DEBUG Thread-10       d.u.i.k.l.l.OriginTermLabel commonFileName is null! 
31830      DEBUG Thread-10       d.u.i.k.l.l.OriginTermLabel commonFileName is null! 
31917      DEBUG Thread-10       d.u.i.k.l.l.OriginTermLabel commonFileName is null! 
32051      INFO  main            d.u.i.k.p.r.p.TestFile    ... finished proof: closed. 
32239      INFO  main            d.u.i.k.p.i.AbstractProblemLoader Loading environment from /home/runner/work/key/key/key.core/../key.ui/examples/heap/comprehensions/sum2.key.proof 
32240      DEBUG main            d.u.i.k.p.i.AbstractProblemLoader Environment load took 778.92ns 
32242      INFO  main            d.u.i.k.p.i.AbstractProblemLoader Creating init config 
35413      DEBUG main            d.u.i.k.p.i.AbstractProblemLoader Init config took 3.17s 
35474      INFO  main            d.u.i.k.p.i.AbstractProblemLoader Replaying proof Sum[Sum::sum2([I)].JML normal_behavior operation contract.0 
35511      DEBUG main            d.u.i.k.l.l.OriginTermLabel commonFileName is null! 
35512      DEBUG main            d.u.i.k.l.l.OriginTermLabel commonFileName is null! 
35583      DEBUG main            d.u.i.k.l.l.OriginTermLabel commonFileName is null! 
35625      DEBUG main            d.u.i.k.l.l.OriginTermLabel commonFileName is null! 
35626      DEBUG main            d.u.i.k.l.l.OriginTermLabel commonFileName is null! 
35629      DEBUG main            d.u.i.k.p.i.IntermediateProofReplayer Proof replay took 149.24ms 
35630      DEBUG main            d.u.i.k.p.r.p.TestFile    ... success: reloaded. 
35632      INFO  main            d.u.i.k.p.r.p.TestFile    Now processing file /home/runner/work/key/key/key.core/../key.ui/examples/heap/comprehensions/sum3.key 
35632      INFO  main            d.u.i.k.p.i.AbstractProblemLoader Loading environment from /home/runner/work/key/key/key.core/../key.ui/examples/heap/comprehensions/sum3.key 
35632      DEBUG main            d.u.i.k.p.i.AbstractProblemLoader Environment load took 154ns 
35633      INFO  main            d.u.i.k.p.i.AbstractProblemLoader Creating init config 
38647      DEBUG main            d.u.i.k.p.i.AbstractProblemLoader Init config took 3.01s 
38695      INFO  main            d.u.i.k.p.i.AbstractProblemLoader Replaying proof Sum[Sum::sum3([I)].JML normal_behavior operation contract.0 
38697      DEBUG main            d.u.i.k.p.i.IntermediateProofReplayer Proof replay took 6.4ns 
38752      DEBUG Thread-13       d.u.i.k.l.l.OriginTermLabel commonFileName is null! 
38752      DEBUG Thread-13       d.u.i.k.l.l.OriginTermLabel commonFileName is null! 
38878      DEBUG Thread-13       d.u.i.k.l.l.OriginTermLabel commonFileName is null! 
38878      DEBUG Thread-13       d.u.i.k.l.l.OriginTermLabel commonFileName is null! 
38963      DEBUG Thread-13       d.u.i.k.l.l.OriginTermLabel commonFileName is null! 
39101      INFO  main            d.u.i.k.p.r.p.TestFile    ... finished proof: closed. 
39290      INFO  main            d.u.i.k.p.i.AbstractProblemLoader Loading environment from /home/runner/work/key/key/key.core/../key.ui/examples/heap/comprehensions/sum3.key.proof 
39291      DEBUG main            d.u.i.k.p.i.AbstractProblemLoader Environment load took 1.01ms 
39297      INFO  main            d.u.i.k.p.i.AbstractProblemLoader Creating init config 
42141      DEBUG main            d.u.i.k.p.i.AbstractProblemLoader Init config took 2.84s 
42185      INFO  main            d.u.i.k.p.i.AbstractProblemLoader Replaying proof Sum[Sum::sum3([I)].JML normal_behavior operation contract.0 
42216      DEBUG main            d.u.i.k.l.l.OriginTermLabel commonFileName is null! 
42217      DEBUG main            d.u.i.k.l.l.OriginTermLabel commonFileName is null! 
42264      DEBUG main            d.u.i.k.l.l.OriginTermLabel commonFileName is null! 
42299      DEBUG main            d.u.i.k.l.l.OriginTermLabel commonFileName is null! 
42300      DEBUG main            d.u.i.k.l.l.OriginTermLabel commonFileName is null! 
42304      DEBUG main            d.u.i.k.p.i.IntermediateProofReplayer Proof replay took 115.67ms 
42306      DEBUG main            d.u.i.k.p.r.p.TestFile    ... success: reloaded. 
42309      INFO  main            d.u.i.k.p.r.p.TestFile    Now processing file /home/runner/work/key/key/key.core/../key.ui/examples/heap/comprehensions/segsum.key 
42310      INFO  main            d.u.i.k.p.i.AbstractProblemLoader Loading environment from /home/runner/work/key/key/key.core/../key.ui/examples/heap/comprehensions/segsum.key 
42311      DEBUG main            d.u.i.k.p.i.AbstractProblemLoader Environment load took 1.06ms 
42313      INFO  main            d.u.i.k.p.i.AbstractProblemLoader Creating init config 
45308      DEBUG main            d.u.i.k.p.i.AbstractProblemLoader Init config took 3s 
45351      INFO  main            d.u.i.k.p.i.AbstractProblemLoader Replaying proof SegSum[SegSum::segSum([I,int,int)].JML normal_behavior operation contract.0 
45352      DEBUG main            d.u.i.k.p.i.IntermediateProofReplayer Proof replay took 6.2ns 
45858      INFO  main            d.u.i.k.p.r.p.TestFile    ... finished proof: closed. 
46066      INFO  main            d.u.i.k.p.i.AbstractProblemLoader Loading environment from /home/runner/work/key/key/key.core/../key.ui/examples/heap/comprehensions/segsum.key.proof 
46066      DEBUG main            d.u.i.k.p.i.AbstractProblemLoader Environment load took 125.1ns 
46067      INFO  main            d.u.i.k.p.i.AbstractProblemLoader Creating init config 
48803      DEBUG main            d.u.i.k.p.i.AbstractProblemLoader Init config took 2.74s 
48853      INFO  main            d.u.i.k.p.i.AbstractProblemLoader Replaying proof SegSum[SegSum::segSum([I,int,int)].JML normal_behavior operation contract.0 
48961      DEBUG main            d.u.i.k.p.i.IntermediateProofReplayer Proof replay took 103.81ms 
48962      DEBUG main            d.u.i.k.p.r.p.TestFile    ... success: reloaded. 
48963      INFO  main            d.u.i.k.p.r.p.TestFile    Now processing file /home/runner/work/key/key/key.core/../key.ui/examples/heap/comprehensions/bsum_negative.key 
48963      INFO  main            d.u.i.k.p.i.AbstractProblemLoader Loading environment from /home/runner/work/key/key/key.core/../key.ui/examples/heap/comprehensions/bsum_negative.key 
48963      DEBUG main            d.u.i.k.p.i.AbstractProblemLoader Environment load took 69.7ns 
48964      INFO  main            d.u.i.k.p.i.AbstractProblemLoader Creating init config 
51582      DEBUG main            d.u.i.k.p.i.AbstractProblemLoader Init config took 2.62s 
51603      INFO  main            d.u.i.k.p.i.AbstractProblemLoader Replaying proof bsum_negative.key 
51604      DEBUG main            d.u.i.k.p.i.IntermediateProofReplayer Proof replay took 6.4ns 
51708      INFO  main            d.u.i.k.p.r.p.TestFile    ... finished proof: closed. 
51905      INFO  main            d.u.i.k.p.i.AbstractProblemLoader Loading environment from /home/runner/work/key/key/key.core/../key.ui/examples/heap/comprehensions/bsum_negative.key.proof 
51905      DEBUG main            d.u.i.k.p.i.AbstractProblemLoader Environment load took 123.1ns 
51906      INFO  main            d.u.i.k.p.i.AbstractProblemLoader Creating init config 
54572      DEBUG main            d.u.i.k.p.i.AbstractProblemLoader Init config took 2.67s 
54591      INFO  main            d.u.i.k.p.i.AbstractProblemLoader Replaying proof bsum_negative.key.proof 
54596      DEBUG main            d.u.i.k.p.i.IntermediateProofReplayer Proof replay took 1.93ms 
54597      DEBUG main            d.u.i.k.p.r.p.TestFile    ... success: reloaded. 
54598      INFO  main            d.u.i.k.p.r.p.TestFile    Now processing file /home/runner/work/key/key/key.core/../key.ui/examples/heap/comprehensions/bsum_neg2.key 
54598      INFO  main            d.u.i.k.p.i.AbstractProblemLoader Loading environment from /home/runner/work/key/key/key.core/../key.ui/examples/heap/comprehensions/bsum_neg2.key 
54599      DEBUG main            d.u.i.k.p.i.AbstractProblemLoader Environment load took 369.11ns 
54600      INFO  main            d.u.i.k.p.i.AbstractProblemLoader Creating init config 
57168      DEBUG main            d.u.i.k.p.i.AbstractProblemLoader Init config took 2.57s 
57188      INFO  main            d.u.i.k.p.i.AbstractProblemLoader Replaying proof bsum_neg2.key 
57190      DEBUG main            d.u.i.k.p.i.IntermediateProofReplayer Proof replay took 6.6ns 
57294      INFO  main            d.u.i.k.p.r.p.TestFile    ... finished proof: closed. 
57474      INFO  main            d.u.i.k.p.i.AbstractProblemLoader Loading environment from /home/runner/work/key/key/key.core/../key.ui/examples/heap/comprehensions/bsum_neg2.key.proof 
57474      DEBUG main            d.u.i.k.p.i.AbstractProblemLoader Environment load took 114.7ns 
57476      INFO  main            d.u.i.k.p.i.AbstractProblemLoader Creating init config 
60144      DEBUG main            d.u.i.k.p.i.AbstractProblemLoader Init config took 2.67s 
60160      INFO  main            d.u.i.k.p.i.AbstractProblemLoader Replaying proof bsum_neg2.key.proof 
60162      DEBUG main            d.u.i.k.p.i.IntermediateProofReplayer Proof replay took 1.05ms 
60163      DEBUG main            d.u.i.k.p.r.p.TestFile    ... success: reloaded. 
60164      INFO  main            d.u.i.k.p.r.p.TestFile    Now processing file /home/runner/work/key/key/key.core/../key.ui/examples/heap/comprehensions/bsumSplit.key 
60164      INFO  main            d.u.i.k.p.i.AbstractProblemLoader Loading environment from /home/runner/work/key/key/key.core/../key.ui/examples/heap/comprehensions/bsumSplit.key 
60164      DEBUG main            d.u.i.k.p.i.AbstractProblemLoader Environment load took 134.41ns 
60165      INFO  main            d.u.i.k.p.i.AbstractProblemLoader Creating init config 
62783      DEBUG main            d.u.i.k.p.i.AbstractProblemLoader Init config took 2.62s 
62799      INFO  main            d.u.i.k.p.i.AbstractProblemLoader Replaying proof bsumSplit.key 
62801      DEBUG main            d.u.i.k.p.i.IntermediateProofReplayer Proof replay took 6.6ns 
62903      INFO  main            d.u.i.k.p.r.p.TestFile    ... finished proof: closed. 
63097      INFO  main            d.u.i.k.p.i.AbstractProblemLoader Loading environment from /home/runner/work/key/key/key.core/../key.ui/examples/heap/comprehensions/bsumSplit.key.proof 
63097      DEBUG main            d.u.i.k.p.i.AbstractProblemLoader Environment load took 229.51ns 
63098      INFO  main            d.u.i.k.p.i.AbstractProblemLoader Creating init config 
65699      DEBUG main            d.u.i.k.p.i.AbstractProblemLoader Init config took 2.6s 
65716      INFO  main            d.u.i.k.p.i.AbstractProblemLoader Replaying proof bsumSplit.key.proof 
65723      DEBUG main            d.u.i.k.p.i.IntermediateProofReplayer Proof replay took 4.79ms 
65724      DEBUG main            d.u.i.k.p.r.p.TestFile    ... success: reloaded. 
65725      INFO  main            d.u.i.k.p.r.p.TestFile    Now processing file /home/runner/work/key/key/key.core/../key.ui/examples/heap/comprehensions/bprodSplit.key 
65725      INFO  main            d.u.i.k.p.i.AbstractProblemLoader Loading environment from /home/runner/work/key/key/key.core/../key.ui/examples/heap/comprehensions/bprodSplit.key 
65726      DEBUG main            d.u.i.k.p.i.AbstractProblemLoader Environment load took 390.01ns 
65727      INFO  main            d.u.i.k.p.i.AbstractProblemLoader Creating init config 
68297      DEBUG main            d.u.i.k.p.i.AbstractProblemLoader Init config took 2.57s 
68315      INFO  main            d.u.i.k.p.i.AbstractProblemLoader Replaying proof bprodSplit.key 
68316      DEBUG main            d.u.i.k.p.i.IntermediateProofReplayer Proof replay took 7.5ns 
68420      INFO  main            d.u.i.k.p.r.p.TestFile    ... finished proof: closed. 
68642      INFO  main            d.u.i.k.p.i.AbstractProblemLoader Loading environment from /home/runner/work/key/key/key.core/../key.ui/examples/heap/comprehensions/bprodSplit.key.proof 
68642      DEBUG main            d.u.i.k.p.i.AbstractProblemLoader Environment load took 129.2ns 
68645      INFO  main            d.u.i.k.p.i.AbstractProblemLoader Creating init config 
71316      DEBUG main            d.u.i.k.p.i.AbstractProblemLoader Init config took 2.67s 
71335      INFO  main            d.u.i.k.p.i.AbstractProblemLoader Replaying proof bprodSplit.key.proof 
71344      DEBUG main            d.u.i.k.p.i.IntermediateProofReplayer Proof replay took 5.92ms 
71346      DEBUG main            d.u.i.k.p.r.p.TestFile    ... success: reloaded. 
71347      INFO  main            d.u.i.k.p.r.p.TestFile    Now processing file /home/runner/work/key/key/key.core/../key.ui/examples/heap/comprehensions/bsumSplitInvalid.key 
71347      INFO  main            d.u.i.k.p.i.AbstractProblemLoader Loading environment from /home/runner/work/key/key/key.core/../key.ui/examples/heap/comprehensions/bsumSplitInvalid.key 
71347      DEBUG main            d.u.i.k.p.i.AbstractProblemLoader Environment load took 149.71ns 
71348      INFO  main            d.u.i.k.p.i.AbstractProblemLoader Creating init config 
74123      DEBUG main            d.u.i.k.p.i.AbstractProblemLoader Init config took 2.77s 
74146      INFO  main            d.u.i.k.p.i.AbstractProblemLoader Replaying proof bsumSplitInvalid.key 
74147      DEBUG main            d.u.i.k.p.i.IntermediateProofReplayer Proof replay took 7.3ns 
74252      INFO  main            d.u.i.k.p.r.p.TestFile    ... finished proof: open goal(s) 
167420     INFO  Test worker     d.u.i.k.p.r.RunAllProofsTestUnit Returning from test comprehensions 
167421     INFO  Test worker     d.u.i.k.p.r.RunAllProofsTestUnit Running test performance 
432        INFO  Timeout watchdog d.u.i.k.p.r.p.ForkedTestFileRunner Timeout watcher launched (2000 secs.) 
458        WARN  main            d.u.i.k.s.ProofSettings   The settings in /home/runner/.key/proof-settings.props are *not* read. 
512        INFO  main            d.u.i.k.p.r.p.TestFile    Now processing file /home/runner/work/key/key/key.core/../key.ui/examples/performance-test/Disjoint(Disjoint__disjoint_08()).JML_operation_contract.0.key 
678        INFO  main            d.u.i.k.p.i.AbstractProblemLoader Loading environment from /home/runner/work/key/key/key.core/../key.ui/examples/performance-test/Disjoint(Disjoint__disjoint_08()).JML_operation_contract.0.key 
700        DEBUG main            d.u.i.k.p.i.AbstractProblemLoader Environment load took 2.15ms 
959        INFO  main            d.u.i.k.p.i.AbstractProblemLoader Creating init config 
2016       DEBUG main            d.u.i.k.j.TypeConverter   No LDT found for Meta 
2019       DEBUG main            d.u.i.k.j.TypeConverter   No LDT found for Meta 
2023       DEBUG main            d.u.i.k.j.TypeConverter   No LDT found for Meta 
2023       DEBUG main            d.u.i.k.j.TypeConverter   No LDT found for Meta 
3477       DEBUG main            d.u.i.k.j.TypeConverter   No LDT found for JavaBigintExpression 
10078      DEBUG main            d.u.i.k.j.r.ClassPreparationMethodBuilder clPrepBuilder: Inner Class detected. Reject building class initialisation methods. 
19283      DEBUG main            d.u.i.k.p.i.AbstractProblemLoader Init config took 18.32s 
19509      INFO  main            d.u.i.k.p.i.AbstractProblemLoader Replaying proof Disjoint[Disjoint::disjoint_8()].JML operation contract.0 
19588      DEBUG main            d.u.i.k.p.i.IntermediateProofReplayer Proof replay took 394.41ns 
22857      INFO  main            d.u.i.k.p.r.p.TestFile    ... finished proof: closed. 
23062      INFO  main            d.u.i.k.p.i.AbstractProblemLoader Loading environment from /home/runner/work/key/key/key.core/../key.ui/examples/performance-test/Disjoint(Disjoint__disjoint_08()).JML_operation_contract.0.key.proof 
23069      DEBUG main            d.u.i.k.p.i.AbstractProblemLoader Environment load took 6.13ms 
23072      INFO  main            d.u.i.k.p.i.AbstractProblemLoader Creating init config 
26756      DEBUG main            d.u.i.k.j.r.ClassPreparationMethodBuilder clPrepBuilder: Inner Class detected. Reject building class initialisation methods. 
35012      DEBUG main            d.u.i.k.p.i.AbstractProblemLoader Init config took 11.94s 
35176      INFO  main            d.u.i.k.p.i.AbstractProblemLoader Replaying proof Disjoint[Disjoint::disjoint_8()].JML operation contract.0 
35579      DEBUG main            d.u.i.k.p.i.IntermediateProofReplayer Proof replay took 389.16ms 
35588      DEBUG main            d.u.i.k.p.r.p.TestFile    ... success: reloaded. 
35590      INFO  main            d.u.i.k.p.r.p.TestFile    Now processing file /home/runner/work/key/key/key.core/../key.ui/examples/performance-test/Disjoint(Disjoint__disjoint2_08()).JML_operation_contract.0.key 
35591      INFO  main            d.u.i.k.p.i.AbstractProblemLoader Loading environment from /home/runner/work/key/key/key.core/../key.ui/examples/performance-test/Disjoint(Disjoint__disjoint2_08()).JML_operation_contract.0.key 
35591      DEBUG main            d.u.i.k.p.i.AbstractProblemLoader Environment load took 317.81ns 
35593      INFO  main            d.u.i.k.p.i.AbstractProblemLoader Creating init config 
39110      DEBUG main            d.u.i.k.j.r.ClassPreparationMethodBuilder clPrepBuilder: Inner Class detected. Reject building class initialisation methods. 
47091      DEBUG main            d.u.i.k.p.i.AbstractProblemLoader Init config took 11.5s 
47214      INFO  main            d.u.i.k.p.i.AbstractProblemLoader Replaying proof Disjoint[Disjoint::disjoint2_8()].JML operation contract.0 
47217      DEBUG main            d.u.i.k.p.i.IntermediateProofReplayer Proof replay took 20.8ns 
48422      INFO  main            d.u.i.k.p.r.p.TestFile    ... finished proof: closed. 
48757      INFO  main            d.u.i.k.p.i.AbstractProblemLoader Loading environment from /home/runner/work/key/key/key.core/../key.ui/examples/performance-test/Disjoint(Disjoint__disjoint2_08()).JML_operation_contract.0.key.proof 
48763      DEBUG main            d.u.i.k.p.i.AbstractProblemLoader Environment load took 5.81ms 
48765      INFO  main            d.u.i.k.p.i.AbstractProblemLoader Creating init config 
52188      DEBUG main            d.u.i.k.j.r.ClassPreparationMethodBuilder clPrepBuilder: Inner Class detected. Reject building class initialisation methods. 
60059      DEBUG main            d.u.i.k.p.i.AbstractProblemLoader Init config took 11.29s 
60177      INFO  main            d.u.i.k.p.i.AbstractProblemLoader Replaying proof Disjoint[Disjoint::disjoint2_8()].JML operation contract.0 
60290      DEBUG main            d.u.i.k.p.i.IntermediateProofReplayer Proof replay took 108.6ms 
60291      DEBUG main            d.u.i.k.p.r.p.TestFile    ... success: reloaded. 
60293      INFO  main            d.u.i.k.p.r.p.TestFile    Now processing file /home/runner/work/key/key/key.core/../key.ui/examples/performance-test/AccessChain1(AccessChain1__foo_08()).JML_operation_contract.0.key 
60293      INFO  main            d.u.i.k.p.i.AbstractProblemLoader Loading environment from /home/runner/work/key/key/key.core/../key.ui/examples/performance-test/AccessChain1(AccessChain1__foo_08()).JML_operation_contract.0.key 
60293      DEBUG main            d.u.i.k.p.i.AbstractProblemLoader Environment load took 74.6ns 
60294      INFO  main            d.u.i.k.p.i.AbstractProblemLoader Creating init config 
63643      DEBUG main            d.u.i.k.j.r.ClassPreparationMethodBuilder clPrepBuilder: Inner Class detected. Reject building class initialisation methods. 
71473      DEBUG main            d.u.i.k.p.i.AbstractProblemLoader Init config took 11.18s 
71607      INFO  main            d.u.i.k.p.i.AbstractProblemLoader Replaying proof AccessChain1[AccessChain1::foo_8()].JML operation contract.0 
71609      DEBUG main            d.u.i.k.p.i.IntermediateProofReplayer Proof replay took 11.1ns 
74322      INFO  main            d.u.i.k.p.r.p.TestFile    ... finished proof: closed. 
74744      INFO  main            d.u.i.k.p.i.AbstractProblemLoader Loading environment from /home/runner/work/key/key/key.core/../key.ui/examples/performance-test/AccessChain1(AccessChain1__foo_08()).JML_operation_contract.0.key.proof 
74751      DEBUG main            d.u.i.k.p.i.AbstractProblemLoader Environment load took 6.69ms 
74754      INFO  main            d.u.i.k.p.i.AbstractProblemLoader Creating init config 
78060      DEBUG main            d.u.i.k.j.r.ClassPreparationMethodBuilder clPrepBuilder: Inner Class detected. Reject building class initialisation methods. 
85734      DEBUG main            d.u.i.k.p.i.AbstractProblemLoader Init config took 10.98s 
85860      INFO  main            d.u.i.k.p.i.AbstractProblemLoader Replaying proof AccessChain1[AccessChain1::foo_8()].JML operation contract.0 
86472      DEBUG main            d.u.i.k.p.i.IntermediateProofReplayer Proof replay took 576.47ms 
86474      DEBUG main            d.u.i.k.p.r.p.TestFile    ... success: reloaded. 
86475      INFO  main            d.u.i.k.p.r.p.TestFile    Now processing file /home/runner/work/key/key/key.core/../key.ui/examples/performance-test/AccessChain4(AccessChain4__foo_08()).JML_operation_contract.0.key 
86476      INFO  main            d.u.i.k.p.i.AbstractProblemLoader Loading environment from /home/runner/work/key/key/key.core/../key.ui/examples/performance-test/AccessChain4(AccessChain4__foo_08()).JML_operation_contract.0.key 
86476      DEBUG main            d.u.i.k.p.i.AbstractProblemLoader Environment load took 84.5ns 
86477      INFO  main            d.u.i.k.p.i.AbstractProblemLoader Creating init config 
89855      DEBUG main            d.u.i.k.j.r.ClassPreparationMethodBuilder clPrepBuilder: Inner Class detected. Reject building class initialisation methods. 
97496      DEBUG main            d.u.i.k.p.i.AbstractProblemLoader Init config took 11.02s 
97598      INFO  main            d.u.i.k.p.i.AbstractProblemLoader Replaying proof AccessChain4[AccessChain4::foo_8()].JML operation contract.0 
97616      DEBUG main            d.u.i.k.p.i.IntermediateProofReplayer Proof replay took 16.1ns 
104078     INFO  main            d.u.i.k.p.r.p.TestFile    ... finished proof: closed. 
104521     INFO  main            d.u.i.k.p.i.AbstractProblemLoader Loading environment from /home/runner/work/key/key/key.core/../key.ui/examples/performance-test/AccessChain4(AccessChain4__foo_08()).JML_operation_contract.0.key.proof 
104531     DEBUG main            d.u.i.k.p.i.AbstractProblemLoader Environment load took 9.57ms 
104534     INFO  main            d.u.i.k.p.i.AbstractProblemLoader Creating init config 
107774     DEBUG main            d.u.i.k.j.r.ClassPreparationMethodBuilder clPrepBuilder: Inner Class detected. Reject building class initialisation methods. 
115469     DEBUG main            d.u.i.k.p.i.AbstractProblemLoader Init config took 10.93s 
115572     INFO  main            d.u.i.k.p.i.AbstractProblemLoader Replaying proof AccessChain4[AccessChain4::foo_8()].JML operation contract.0 
116811     DEBUG main            d.u.i.k.p.i.IntermediateProofReplayer Proof replay took 1.21s 
116814     DEBUG main            d.u.i.k.p.r.p.TestFile    ... success: reloaded. 
116816     INFO  main            d.u.i.k.p.r.p.TestFile    Now processing file /home/runner/work/key/key/key.core/../key.ui/examples/performance-test/Disjoint(Disjoint__xZero_08()).JML_operation_contract.0.key 
116816     INFO  main            d.u.i.k.p.i.AbstractProblemLoader Loading environment from /home/runner/work/key/key/key.core/../key.ui/examples/performance-test/Disjoint(Disjoint__xZero_08()).JML_operation_contract.0.key 
116816     DEBUG main            d.u.i.k.p.i.AbstractProblemLoader Environment load took 134.4ns 
116817     INFO  main            d.u.i.k.p.i.AbstractProblemLoader Creating init config 
120280     DEBUG main            d.u.i.k.j.r.ClassPreparationMethodBuilder clPrepBuilder: Inner Class detected. Reject building class initialisation methods. 
128081     DEBUG main            d.u.i.k.p.i.AbstractProblemLoader Init config took 11.26s 
128184     INFO  main            d.u.i.k.p.i.AbstractProblemLoader Replaying proof Disjoint[Disjoint::xZero_8()].JML operation contract.0 
128186     DEBUG main            d.u.i.k.p.i.IntermediateProofReplayer Proof replay took 10.8ns 
129334     INFO  main            d.u.i.k.p.r.p.TestFile    ... finished proof: closed. 
129762     INFO  main            d.u.i.k.p.i.AbstractProblemLoader Loading environment from /home/runner/work/key/key/key.core/../key.ui/examples/performance-test/Disjoint(Disjoint__xZero_08()).JML_operation_contract.0.key.proof 
129763     DEBUG main            d.u.i.k.p.i.AbstractProblemLoader Environment load took 635.92ns 
129764     INFO  main            d.u.i.k.p.i.AbstractProblemLoader Creating init config 
133020     DEBUG main            d.u.i.k.j.r.ClassPreparationMethodBuilder clPrepBuilder: Inner Class detected. Reject building class initialisation methods. 
140611     DEBUG main            d.u.i.k.p.i.AbstractProblemLoader Init config took 10.85s 
140717     INFO  main            d.u.i.k.p.i.AbstractProblemLoader Replaying proof Disjoint[Disjoint::xZero_8()].JML operation contract.0 
140967     DEBUG main            d.u.i.k.p.i.IntermediateProofReplayer Proof replay took 241.63ms 
140969     DEBUG main            d.u.i.k.p.r.p.TestFile    ... success: reloaded. 
140970     INFO  main            d.u.i.k.p.r.p.TestFile    Now processing file /home/runner/work/key/key/key.core/../key.ui/examples/performance-test/Dynamic(Dynamic__foo_08()).JML_operation_contract.0.key 
140971     INFO  main            d.u.i.k.p.i.AbstractProblemLoader Loading environment from /home/runner/work/key/key/key.core/../key.ui/examples/performance-test/Dynamic(Dynamic__foo_08()).JML_operation_contract.0.key 
140971     DEBUG main            d.u.i.k.p.i.AbstractProblemLoader Environment load took 310.91ns 
140972     INFO  main            d.u.i.k.p.i.AbstractProblemLoader Creating init config 
144355     DEBUG main            d.u.i.k.j.r.ClassPreparationMethodBuilder clPrepBuilder: Inner Class detected. Reject building class initialisation methods. 
152080     DEBUG main            d.u.i.k.p.i.AbstractProblemLoader Init config took 11.11s 
152201     INFO  main            d.u.i.k.p.i.AbstractProblemLoader Replaying proof Dynamic[Dynamic::foo_8()].JML operation contract.0 
152204     DEBUG main            d.u.i.k.p.i.IntermediateProofReplayer Proof replay took 11.8ns 
157649     INFO  main            d.u.i.k.p.r.p.TestFile    ... finished proof: closed. 
158102     INFO  main            d.u.i.k.p.i.AbstractProblemLoader Loading environment from /home/runner/work/key/key/key.core/../key.ui/examples/performance-test/Dynamic(Dynamic__foo_08()).JML_operation_contract.0.key.proof 
158103     DEBUG main            d.u.i.k.p.i.AbstractProblemLoader Environment load took 685.12ns 
158105     INFO  main            d.u.i.k.p.i.AbstractProblemLoader Creating init config 
161328     DEBUG main            d.u.i.k.j.r.ClassPreparationMethodBuilder clPrepBuilder: Inner Class detected. Reject building class initialisation methods. 
169029     DEBUG main            d.u.i.k.p.i.AbstractProblemLoader Init config took 10.92s 
169132     INFO  main            d.u.i.k.p.i.AbstractProblemLoader Replaying proof Dynamic[Dynamic::foo_8()].JML operation contract.0 
169854     DEBUG main            d.u.i.k.p.i.IntermediateProofReplayer Proof replay took 688.97ms 
169857     DEBUG main            d.u.i.k.p.r.p.TestFile    ... success: reloaded. 
169858     INFO  main            d.u.i.k.p.r.p.TestFile    Now processing file /home/runner/work/key/key/key.core/../key.ui/examples/performance-test/DynamicGhost(DynamicGhost__dynamicGhost_08()).JML_normal_behavior_operation_contract.0.key 
169859     INFO  main            d.u.i.k.p.i.AbstractProblemLoader Loading environment from /home/runner/work/key/key/key.core/../key.ui/examples/performance-test/DynamicGhost(DynamicGhost__dynamicGhost_08()).JML_normal_behavior_operation_contract.0.key 
169859     DEBUG main            d.u.i.k.p.i.AbstractProblemLoader Environment load took 328.01ns 
169861     INFO  main            d.u.i.k.p.i.AbstractProblemLoader Creating init config 
173247     DEBUG main            d.u.i.k.j.r.ClassPreparationMethodBuilder clPrepBuilder: Inner Class detected. Reject building class initialisation methods. 
181181     DEBUG main            d.u.i.k.p.i.AbstractProblemLoader Init config took 11.32s 
181286     INFO  main            d.u.i.k.p.i.AbstractProblemLoader Replaying proof DynamicGhost[DynamicGhost::dynamicGhost_8()].JML normal_behavior operation contract.0 
181288     DEBUG main            d.u.i.k.p.i.IntermediateProofReplayer Proof replay took 27.1ns 
185612     INFO  main            d.u.i.k.p.r.p.TestFile    ... finished proof: closed. 
186116     INFO  main            d.u.i.k.p.i.AbstractProblemLoader Loading environment from /home/runner/work/key/key/key.core/../key.ui/examples/performance-test/DynamicGhost(DynamicGhost__dynamicGhost_08()).JML_normal_behavior_operation_contract.0.key.proof 
186117     DEBUG main            d.u.i.k.p.i.AbstractProblemLoader Environment load took 249.71ns 
186119     INFO  main            d.u.i.k.p.i.AbstractProblemLoader Creating init config 
189431     DEBUG main            d.u.i.k.j.r.ClassPreparationMethodBuilder clPrepBuilder: Inner Class detected. Reject building class initialisation methods. 
197539     DEBUG main            d.u.i.k.p.i.AbstractProblemLoader Init config took 11.42s 
197660     INFO  main            d.u.i.k.p.i.AbstractProblemLoader Replaying proof DynamicGhost[DynamicGhost::dynamicGhost_8()].JML normal_behavior operation contract.0 
198434     DEBUG main            d.u.i.k.p.i.IntermediateProofReplayer Proof replay took 751.02ms 
198437     DEBUG main            d.u.i.k.p.r.p.TestFile    ... success: reloaded. 
198440     INFO  main            d.u.i.k.p.r.p.TestFile    Now processing file /home/runner/work/key/key/key.core/../key.ui/examples/performance-test/GhostFrame(GhostFrame__foo_08()).JML_operation_contract.0.key 
198440     INFO  main            d.u.i.k.p.i.AbstractProblemLoader Loading environment from /home/runner/work/key/key/key.core/../key.ui/examples/performance-test/GhostFrame(GhostFrame__foo_08()).JML_operation_contract.0.key 
198441     DEBUG main            d.u.i.k.p.i.AbstractProblemLoader Environment load took 360.91ns 
198442     INFO  main            d.u.i.k.p.i.AbstractProblemLoader Creating init config 
201778     DEBUG main            d.u.i.k.j.r.ClassPreparationMethodBuilder clPrepBuilder: Inner Class detected. Reject building class initialisation methods. 
209626     DEBUG main            d.u.i.k.p.i.AbstractProblemLoader Init config took 11.18s 
209730     INFO  main            d.u.i.k.p.i.AbstractProblemLoader Replaying proof GhostFrame[GhostFrame::foo_8()].JML operation contract.0 
209733     DEBUG main            d.u.i.k.p.i.IntermediateProofReplayer Proof replay took 13.7ns 
211742     INFO  main            d.u.i.k.p.r.p.TestFile    ... finished proof: closed. 
212273     INFO  main            d.u.i.k.p.i.AbstractProblemLoader Loading environment from /home/runner/work/key/key/key.core/../key.ui/examples/performance-test/GhostFrame(GhostFrame__foo_08()).JML_operation_contract.0.key.proof 
212274     DEBUG main            d.u.i.k.p.i.AbstractProblemLoader Environment load took 143.3ns 
212275     INFO  main            d.u.i.k.p.i.AbstractProblemLoader Creating init config 
215629     DEBUG main            d.u.i.k.j.r.ClassPreparationMethodBuilder clPrepBuilder: Inner Class detected. Reject building class initialisation methods. 
223422     DEBUG main            d.u.i.k.p.i.AbstractProblemLoader Init config took 11.15s 
223537     INFO  main            d.u.i.k.p.i.AbstractProblemLoader Replaying proof GhostFrame[GhostFrame::foo_8()].JML operation contract.0 
223978     DEBUG main            d.u.i.k.p.i.IntermediateProofReplayer Proof replay took 428.58ms 
223980     DEBUG main            d.u.i.k.p.r.p.TestFile    ... success: reloaded. 
223983     INFO  main            d.u.i.k.p.r.p.TestFile    Now processing file /home/runner/work/key/key/key.core/../key.ui/examples/performance-test/Modelfield(Modelfield__foo_08()).JML_operation_contract.0.key 
223983     INFO  main            d.u.i.k.p.i.AbstractProblemLoader Loading environment from /home/runner/work/key/key/key.core/../key.ui/examples/performance-test/Modelfield(Modelfield__foo_08()).JML_operation_contract.0.key 
223984     DEBUG main            d.u.i.k.p.i.AbstractProblemLoader Environment load took 336.61ns 
223986     INFO  main            d.u.i.k.p.i.AbstractProblemLoader Creating init config 
227351     DEBUG main            d.u.i.k.j.r.ClassPreparationMethodBuilder clPrepBuilder: Inner Class detected. Reject building class initialisation methods. 
234955     DEBUG main            d.u.i.k.p.i.AbstractProblemLoader Init config took 10.97s 
235067     INFO  main            d.u.i.k.p.i.AbstractProblemLoader Replaying proof Modelfield[Modelfield::foo_8()].JML operation contract.0 
235069     DEBUG main            d.u.i.k.p.i.IntermediateProofReplayer Proof replay took 5.6ns 
238201     INFO  main            d.u.i.k.p.r.p.TestFile    ... finished proof: closed. 
238715     INFO  main            d.u.i.k.p.i.AbstractProblemLoader Loading environment from /home/runner/work/key/key/key.core/../key.ui/examples/performance-test/Modelfield(Modelfield__foo_08()).JML_operation_contract.0.key.proof 
238715     DEBUG main            d.u.i.k.p.i.AbstractProblemLoader Environment load took 226.91ns 
238717     INFO  main            d.u.i.k.p.i.AbstractProblemLoader Creating init config 
241899     DEBUG main            d.u.i.k.j.r.ClassPreparationMethodBuilder clPrepBuilder: Inner Class detected. Reject building class initialisation methods. 
249454     DEBUG main            d.u.i.k.p.i.AbstractProblemLoader Init config took 10.74s 
249548     INFO  main            d.u.i.k.p.i.AbstractProblemLoader Replaying proof Modelfield[Modelfield::foo_8()].JML operation contract.0 
250123     DEBUG main            d.u.i.k.p.i.IntermediateProofReplayer Proof replay took 560.89ms 
250125     DEBUG main            d.u.i.k.p.r.p.TestFile    ... success: reloaded. 
417752     INFO  Test worker     d.u.i.k.p.r.RunAllProofsTestUnit Returning from test performance 
417754     INFO  Test worker     d.u.i.k.p.r.RunAllProofsTestUnit Running test performancePOConstruction 
381        INFO  Timeout watchdog d.u.i.k.p.r.p.ForkedTestFileRunner Timeout watcher launched (2000 secs.) 
394        WARN  main            d.u.i.k.s.ProofSettings   The settings in /home/runner/.key/proof-settings.props are *not* read. 
431        INFO  main            d.u.i.k.p.r.p.TestFile    Now processing file /home/runner/work/key/key/key.core/../key.ui/examples/performance-test/Test(Test__a0(int)).JML_normal_behavior_operation_contract.0.key 
623        INFO  main            d.u.i.k.p.i.AbstractProblemLoader Loading environment from /home/runner/work/key/key/key.core/../key.ui/examples/performance-test/Test(Test__a0(int)).JML_normal_behavior_operation_contract.0.key 
653        DEBUG main            d.u.i.k.p.i.AbstractProblemLoader Environment load took 2.42ms 
974        INFO  main            d.u.i.k.p.i.AbstractProblemLoader Creating init config 
2118       DEBUG main            d.u.i.k.j.TypeConverter   No LDT found for Meta 
2119       DEBUG main            d.u.i.k.j.TypeConverter   No LDT found for Meta 
2123       DEBUG main            d.u.i.k.j.TypeConverter   No LDT found for Meta 
2123       DEBUG main            d.u.i.k.j.TypeConverter   No LDT found for Meta 
3799       DEBUG main            d.u.i.k.j.TypeConverter   No LDT found for JavaBigintExpression 
10370      DEBUG main            d.u.i.k.j.r.ClassPreparationMethodBuilder clPrepBuilder: Inner Class detected. Reject building class initialisation methods. 
19627      DEBUG main            d.u.i.k.p.i.AbstractProblemLoader Init config took 18.65s 
20932      INFO  main            d.u.i.k.p.i.AbstractProblemLoader Replaying proof Test[Test::a0(int)].JML normal_behavior operation contract.0 
21015      DEBUG main            d.u.i.k.p.i.IntermediateProofReplayer Proof replay took 36.9ns 
21485      INFO  main            d.u.i.k.p.r.p.TestFile    ... finished proof: closed. 
21713      INFO  main            d.u.i.k.p.i.AbstractProblemLoader Loading environment from /home/runner/work/key/key/key.core/../key.ui/examples/performance-test/Test(Test__a0(int)).JML_normal_behavior_operation_contract.0.key.proof 
21717      DEBUG main            d.u.i.k.p.i.AbstractProblemLoader Environment load took 4ms 
21720      INFO  main            d.u.i.k.p.i.AbstractProblemLoader Creating init config 
25277      DEBUG main            d.u.i.k.j.r.ClassPreparationMethodBuilder clPrepBuilder: Inner Class detected. Reject building class initialisation methods. 
33478      DEBUG main            d.u.i.k.p.i.AbstractProblemLoader Init config took 11.76s 
34589      INFO  main            d.u.i.k.p.i.AbstractProblemLoader Replaying proof Test[Test::a0(int)].JML normal_behavior operation contract.0 
34618      DEBUG main            d.u.i.k.p.i.IntermediateProofReplayer Proof replay took 23.9ms 
34631      DEBUG main            d.u.i.k.p.r.p.TestFile    ... success: reloaded. 
34637      INFO  main            d.u.i.k.p.r.p.TestFile    Now processing file /home/runner/work/key/key/key.core/../key.ui/examples/performance-test/Test(Test__a1(int)).JML_normal_behavior_operation_contract.0.key 
34638      INFO  main            d.u.i.k.p.i.AbstractProblemLoader Loading environment from /home/runner/work/key/key/key.core/../key.ui/examples/performance-test/Test(Test__a1(int)).JML_normal_behavior_operation_contract.0.key 
34638      DEBUG main            d.u.i.k.p.i.AbstractProblemLoader Environment load took 292.01ns 
34640      INFO  main            d.u.i.k.p.i.AbstractProblemLoader Creating init config 
38171      DEBUG main            d.u.i.k.j.r.ClassPreparationMethodBuilder clPrepBuilder: Inner Class detected. Reject building class initialisation methods. 
46184      DEBUG main            d.u.i.k.p.i.AbstractProblemLoader Init config took 11.54s 
47275      INFO  main            d.u.i.k.p.i.AbstractProblemLoader Replaying proof Test[Test::a1(int)].JML normal_behavior operation contract.0 
47277      DEBUG main            d.u.i.k.p.i.IntermediateProofReplayer Proof replay took 6.9ns 
47685      INFO  main            d.u.i.k.p.r.p.TestFile    ... finished proof: closed. 
47971      INFO  main            d.u.i.k.p.i.AbstractProblemLoader Loading environment from /home/runner/work/key/key/key.core/../key.ui/examples/performance-test/Test(Test__a1(int)).JML_normal_behavior_operation_contract.0.key.proof 
47971      DEBUG main            d.u.i.k.p.i.AbstractProblemLoader Environment load took 239.11ns 
47973      INFO  main            d.u.i.k.p.i.AbstractProblemLoader Creating init config 
51330      DEBUG main            d.u.i.k.j.r.ClassPreparationMethodBuilder clPrepBuilder: Inner Class detected. Reject building class initialisation methods. 
59011      DEBUG main            d.u.i.k.p.i.AbstractProblemLoader Init config took 11.04s 
60034      INFO  main            d.u.i.k.p.i.AbstractProblemLoader Replaying proof Test[Test::a1(int)].JML normal_behavior operation contract.0 
60113      DEBUG main            d.u.i.k.p.i.IntermediateProofReplayer Proof replay took 74.79ms 
60116      DEBUG main            d.u.i.k.p.r.p.TestFile    ... success: reloaded. 
60129      INFO  main            d.u.i.k.p.r.p.TestFile    Now processing file /home/runner/work/key/key/key.core/../key.ui/examples/performance-test/Test(Test__f1(int)).JML_normal_behavior_operation_contract.0.key 
60130      INFO  main            d.u.i.k.p.i.AbstractProblemLoader Loading environment from /home/runner/work/key/key/key.core/../key.ui/examples/performance-test/Test(Test__f1(int)).JML_normal_behavior_operation_contract.0.key 
60130      DEBUG main            d.u.i.k.p.i.AbstractProblemLoader Environment load took 255.61ns 
60131      INFO  main            d.u.i.k.p.i.AbstractProblemLoader Creating init config 
63566      DEBUG main            d.u.i.k.j.r.ClassPreparationMethodBuilder clPrepBuilder: Inner Class detected. Reject building class initialisation methods. 
71243      DEBUG main            d.u.i.k.p.i.AbstractProblemLoader Init config took 11.11s 
72365      INFO  main            d.u.i.k.p.i.AbstractProblemLoader Replaying proof Test[Test::f1(int)].JML normal_behavior operation contract.0 
72368      DEBUG main            d.u.i.k.p.i.IntermediateProofReplayer Proof replay took 6.3ns 
72571      INFO  main            d.u.i.k.p.r.p.TestFile    ... finished proof: closed. 
72934      INFO  main            d.u.i.k.p.i.AbstractProblemLoader Loading environment from /home/runner/work/key/key/key.core/../key.ui/examples/performance-test/Test(Test__f1(int)).JML_normal_behavior_operation_contract.0.key.proof 
72934      DEBUG main            d.u.i.k.p.i.AbstractProblemLoader Environment load took 529.42ns 
72935      INFO  main            d.u.i.k.p.i.AbstractProblemLoader Creating init config 
76180      DEBUG main            d.u.i.k.j.r.ClassPreparationMethodBuilder clPrepBuilder: Inner Class detected. Reject building class initialisation methods. 
83754      DEBUG main            d.u.i.k.p.i.AbstractProblemLoader Init config took 10.82s 
84840      INFO  main            d.u.i.k.p.i.AbstractProblemLoader Replaying proof Test[Test::f1(int)].JML normal_behavior operation contract.0 
84903      DEBUG main            d.u.i.k.p.i.IntermediateProofReplayer Proof replay took 59.85ms 
84905      DEBUG main            d.u.i.k.p.r.p.TestFile    ... success: reloaded. 
502864     INFO  Test worker     d.u.i.k.p.r.RunAllProofsTestUnit Returning from test performancePOConstruction 
502865     INFO  Test worker     d.u.i.k.p.r.RunAllProofsTestUnit Running test applicationRestrictions 
425        INFO  Timeout watchdog d.u.i.k.p.r.p.ForkedTestFileRunner Timeout watcher launched (2000 secs.) 
446        WARN  main            d.u.i.k.s.ProofSettings   The settings in /home/runner/.key/proof-settings.props are *not* read. 
503        INFO  main            d.u.i.k.p.r.p.TestFile    Now processing file /home/runner/work/key/key/key.core/../key.ui/examples/heap/polarity_tests/wellformed1.key 
654        INFO  main            d.u.i.k.p.i.AbstractProblemLoader Loading environment from /home/runner/work/key/key/key.core/../key.ui/examples/heap/polarity_tests/wellformed1.key 
673        DEBUG main            d.u.i.k.p.i.AbstractProblemLoader Environment load took 1.84ms 
930        INFO  main            d.u.i.k.p.i.AbstractProblemLoader Creating init config 
2067       DEBUG main            d.u.i.k.j.TypeConverter   No LDT found for Meta 
2068       DEBUG main            d.u.i.k.j.TypeConverter   No LDT found for Meta 
2071       DEBUG main            d.u.i.k.j.TypeConverter   No LDT found for Meta 
2072       DEBUG main            d.u.i.k.j.TypeConverter   No LDT found for Meta 
3858       DEBUG main            d.u.i.k.j.TypeConverter   No LDT found for JavaBigintExpression 
9510       DEBUG main            d.u.i.k.p.i.AbstractProblemLoader Init config took 8.58s 
9579       INFO  main            d.u.i.k.p.i.AbstractProblemLoader Replaying proof wellformed1.key 
9621       DEBUG main            d.u.i.k.p.i.IntermediateProofReplayer Proof replay took 38.1ns 
9800       INFO  main            d.u.i.k.p.r.p.TestFile    ... finished proof: closed. 
9935       INFO  main            d.u.i.k.p.i.AbstractProblemLoader Loading environment from /home/runner/work/key/key/key.core/../key.ui/examples/heap/polarity_tests/wellformed1.key.proof 
9935       DEBUG main            d.u.i.k.p.i.AbstractProblemLoader Environment load took 363.51ns 
9939       INFO  main            d.u.i.k.p.i.AbstractProblemLoader Creating init config 
13100      DEBUG main            d.u.i.k.p.i.AbstractProblemLoader Init config took 3.16s 
13133      INFO  main            d.u.i.k.p.i.AbstractProblemLoader Replaying proof wellformed1.key.proof 
13141      DEBUG main            d.u.i.k.p.i.IntermediateProofReplayer Proof replay took 2.53ms 
13155      DEBUG main            d.u.i.k.p.r.p.TestFile    ... success: reloaded. 
13156      INFO  main            d.u.i.k.p.r.p.TestFile    Now processing file /home/runner/work/key/key/key.core/../key.ui/examples/heap/polarity_tests/wellformed2.key 
13157      INFO  main            d.u.i.k.p.i.AbstractProblemLoader Loading environment from /home/runner/work/key/key/key.core/../key.ui/examples/heap/polarity_tests/wellformed2.key 
13157      DEBUG main            d.u.i.k.p.i.AbstractProblemLoader Environment load took 258.11ns 
13159      INFO  main            d.u.i.k.p.i.AbstractProblemLoader Creating init config 
16375      DEBUG main            d.u.i.k.p.i.AbstractProblemLoader Init config took 3.22s 
16410      INFO  main            d.u.i.k.p.i.AbstractProblemLoader Replaying proof wellformed2.key 
16413      DEBUG main            d.u.i.k.p.i.IntermediateProofReplayer Proof replay took 6.9ns 
16515      INFO  main            d.u.i.k.p.r.p.TestFile    ... finished proof: open goal(s) 
16656      INFO  main            d.u.i.k.p.r.p.TestFile    Now processing file /home/runner/work/key/key/key.core/../key.ui/examples/heap/polarity_tests/wellformed3.key 
16657      INFO  main            d.u.i.k.p.i.AbstractProblemLoader Loading environment from /home/runner/work/key/key/key.core/../key.ui/examples/heap/polarity_tests/wellformed3.key 
16657      DEBUG main            d.u.i.k.p.i.AbstractProblemLoader Environment load took 83ns 
16658      INFO  main            d.u.i.k.p.i.AbstractProblemLoader Creating init config 
19864      DEBUG main            d.u.i.k.p.i.AbstractProblemLoader Init config took 3.21s 
19890      INFO  main            d.u.i.k.p.i.AbstractProblemLoader Replaying proof wellformed3.key 
19892      DEBUG main            d.u.i.k.p.i.IntermediateProofReplayer Proof replay took 7ns 
19995      INFO  main            d.u.i.k.p.r.p.TestFile    ... finished proof: closed. 
20121      INFO  main            d.u.i.k.p.i.AbstractProblemLoader Loading environment from /home/runner/work/key/key/key.core/../key.ui/examples/heap/polarity_tests/wellformed3.key.proof 
20121      DEBUG main            d.u.i.k.p.i.AbstractProblemLoader Environment load took 157.1ns 
20123      INFO  main            d.u.i.k.p.i.AbstractProblemLoader Creating init config 
23167      DEBUG main            d.u.i.k.p.i.AbstractProblemLoader Init config took 3.04s 
23195      INFO  main            d.u.i.k.p.i.AbstractProblemLoader Replaying proof wellformed3.key.proof 
23200      DEBUG main            d.u.i.k.p.i.IntermediateProofReplayer Proof replay took 2.73ms 
23201      DEBUG main            d.u.i.k.p.r.p.TestFile    ... success: reloaded. 
23203      INFO  main            d.u.i.k.p.r.p.TestFile    Now processing file /home/runner/work/key/key/key.core/../key.ui/examples/heap/polarity_tests/wellformed4.key 
23203      INFO  main            d.u.i.k.p.i.AbstractProblemLoader Loading environment from /home/runner/work/key/key/key.core/../key.ui/examples/heap/polarity_tests/wellformed4.key 
23204      DEBUG main            d.u.i.k.p.i.AbstractProblemLoader Environment load took 313.31ns 
23205      INFO  main            d.u.i.k.p.i.AbstractProblemLoader Creating init config 
26215      DEBUG main            d.u.i.k.p.i.AbstractProblemLoader Init config took 3.01s 
26236      INFO  main            d.u.i.k.p.i.AbstractProblemLoader Replaying proof wellformed4.key 
26238      DEBUG main            d.u.i.k.p.i.IntermediateProofReplayer Proof replay took 6.4ns 
26341      INFO  main            d.u.i.k.p.r.p.TestFile    ... finished proof: open goal(s) 
26479      INFO  main            d.u.i.k.p.r.p.TestFile    Now processing file /home/runner/work/key/key/key.core/../key.ui/examples/heap/polarity_tests/wellformed5.key 
26479      INFO  main            d.u.i.k.p.i.AbstractProblemLoader Loading environment from /home/runner/work/key/key/key.core/../key.ui/examples/heap/polarity_tests/wellformed5.key 
26479      DEBUG main            d.u.i.k.p.i.AbstractProblemLoader Environment load took 69.8ns 
26480      INFO  main            d.u.i.k.p.i.AbstractProblemLoader Creating init config 
29408      DEBUG main            d.u.i.k.p.i.AbstractProblemLoader Init config took 2.93s 
29432      INFO  main            d.u.i.k.p.i.AbstractProblemLoader Replaying proof wellformed5.key 
29434      DEBUG main            d.u.i.k.p.i.IntermediateProofReplayer Proof replay took 6.3ns 
29538      INFO  main            d.u.i.k.p.r.p.TestFile    ... finished proof: closed. 
29712      INFO  main            d.u.i.k.p.i.AbstractProblemLoader Loading environment from /home/runner/work/key/key/key.core/../key.ui/examples/heap/polarity_tests/wellformed5.key.proof 
29712      DEBUG main            d.u.i.k.p.i.AbstractProblemLoader Environment load took 129.7ns 
29713      INFO  main            d.u.i.k.p.i.AbstractProblemLoader Creating init config 
32603      DEBUG main            d.u.i.k.p.i.AbstractProblemLoader Init config took 2.89s 
32624      INFO  main            d.u.i.k.p.i.AbstractProblemLoader Replaying proof wellformed5.key.proof 
32627      DEBUG main            d.u.i.k.p.i.IntermediateProofReplayer Proof replay took 1.3ms 
32629      DEBUG main            d.u.i.k.p.r.p.TestFile    ... success: reloaded. 
32630      INFO  main            d.u.i.k.p.r.p.TestFile    Now processing file /home/runner/work/key/key/key.core/../key.ui/examples/heap/polarity_tests/wellformed6.key 
32630      INFO  main            d.u.i.k.p.i.AbstractProblemLoader Loading environment from /home/runner/work/key/key/key.core/../key.ui/examples/heap/polarity_tests/wellformed6.key 
32631      DEBUG main            d.u.i.k.p.i.AbstractProblemLoader Environment load took 256.11ns 
32632      INFO  main            d.u.i.k.p.i.AbstractProblemLoader Creating init config 
35544      DEBUG main            d.u.i.k.p.i.AbstractProblemLoader Init config took 2.91s 
35564      INFO  main            d.u.i.k.p.i.AbstractProblemLoader Replaying proof wellformed6.key 
35566      DEBUG main            d.u.i.k.p.i.IntermediateProofReplayer Proof replay took 5.9ns 
35669      INFO  main            d.u.i.k.p.r.p.TestFile    ... finished proof: open goal(s) 
35847      INFO  main            d.u.i.k.p.r.p.TestFile    Now processing file /home/runner/work/key/key/key.core/../key.ui/examples/heap/polarity_tests/wellformed7.key 
35848      INFO  main            d.u.i.k.p.i.AbstractProblemLoader Loading environment from /home/runner/work/key/key/key.core/../key.ui/examples/heap/polarity_tests/wellformed7.key 
35848      DEBUG main            d.u.i.k.p.i.AbstractProblemLoader Environment load took 88.5ns 
35849      INFO  main            d.u.i.k.p.i.AbstractProblemLoader Creating init config 
38807      DEBUG main            d.u.i.k.p.i.AbstractProblemLoader Init config took 2.96s 
38836      INFO  main            d.u.i.k.p.i.AbstractProblemLoader Replaying proof wellformed7.key 
38840      DEBUG main            d.u.i.k.p.i.IntermediateProofReplayer Proof replay took 7.3ns 
38943      INFO  main            d.u.i.k.p.r.p.TestFile    ... finished proof: closed. 
39094      INFO  main            d.u.i.k.p.i.AbstractProblemLoader Loading environment from /home/runner/work/key/key/key.core/../key.ui/examples/heap/polarity_tests/wellformed7.key.proof 
39094      DEBUG main            d.u.i.k.p.i.AbstractProblemLoader Environment load took 123.9ns 
39095      INFO  main            d.u.i.k.p.i.AbstractProblemLoader Creating init config 
42061      DEBUG main            d.u.i.k.p.i.AbstractProblemLoader Init config took 2.97s 
42081      INFO  main            d.u.i.k.p.i.AbstractProblemLoader Replaying proof wellformed7.key.proof 
42084      DEBUG main            d.u.i.k.p.i.IntermediateProofReplayer Proof replay took 1.61ms 
42085      DEBUG main            d.u.i.k.p.r.p.TestFile    ... success: reloaded. 
42086      INFO  main            d.u.i.k.p.r.p.TestFile    Now processing file /home/runner/work/key/key/key.core/../key.ui/examples/heap/polarity_tests/wellformed8.key 
42087      INFO  main            d.u.i.k.p.i.AbstractProblemLoader Loading environment from /home/runner/work/key/key/key.core/../key.ui/examples/heap/polarity_tests/wellformed8.key 
42087      DEBUG main            d.u.i.k.p.i.AbstractProblemLoader Environment load took 238.01ns 
42088      INFO  main            d.u.i.k.p.i.AbstractProblemLoader Creating init config 
44988      DEBUG main            d.u.i.k.p.i.AbstractProblemLoader Init config took 2.9s 
45010      INFO  main            d.u.i.k.p.i.AbstractProblemLoader Replaying proof wellformed8.key 
45011      DEBUG main            d.u.i.k.p.i.IntermediateProofReplayer Proof replay took 7.2ns 
45114      INFO  main            d.u.i.k.p.r.p.TestFile    ... finished proof: open goal(s) 
45284      INFO  main            d.u.i.k.p.r.p.TestFile    Now processing file /home/runner/work/key/key/key.core/../key.ui/examples/heap/polarity_tests/wellformed9.key 
45284      INFO  main            d.u.i.k.p.i.AbstractProblemLoader Loading environment from /home/runner/work/key/key/key.core/../key.ui/examples/heap/polarity_tests/wellformed9.key 
45284      DEBUG main            d.u.i.k.p.i.AbstractProblemLoader Environment load took 70.2ns 
45286      INFO  main            d.u.i.k.p.i.AbstractProblemLoader Creating init config 
48183      DEBUG main            d.u.i.k.p.i.AbstractProblemLoader Init config took 2.9s 
48213      INFO  main            d.u.i.k.p.i.AbstractProblemLoader Replaying proof wellformed9.key 
48214      DEBUG main            d.u.i.k.p.i.IntermediateProofReplayer Proof replay took 7ns 
48318      INFO  main            d.u.i.k.p.r.p.TestFile    ... finished proof: closed. 
48475      INFO  main            d.u.i.k.p.i.AbstractProblemLoader Loading environment from /home/runner/work/key/key/key.core/../key.ui/examples/heap/polarity_tests/wellformed9.key.proof 
48475      DEBUG main            d.u.i.k.p.i.AbstractProblemLoader Environment load took 125ns 
48477      INFO  main            d.u.i.k.p.i.AbstractProblemLoader Creating init config 
51309      DEBUG main            d.u.i.k.p.i.AbstractProblemLoader Init config took 2.83s 
51333      INFO  main            d.u.i.k.p.i.AbstractProblemLoader Replaying proof wellformed9.key.proof 
51336      DEBUG main            d.u.i.k.p.i.IntermediateProofReplayer Proof replay took 1.47ms 
51337      DEBUG main            d.u.i.k.p.r.p.TestFile    ... success: reloaded. 
51338      INFO  main            d.u.i.k.p.r.p.TestFile    Now processing file /home/runner/work/key/key/key.core/../key.ui/examples/heap/polarity_tests/wellformed10.key 
51338      INFO  main            d.u.i.k.p.i.AbstractProblemLoader Loading environment from /home/runner/work/key/key/key.core/../key.ui/examples/heap/polarity_tests/wellformed10.key 
51338      DEBUG main            d.u.i.k.p.i.AbstractProblemLoader Environment load took 130.41ns 
51339      INFO  main            d.u.i.k.p.i.AbstractProblemLoader Creating init config 
54273      DEBUG main            d.u.i.k.p.i.AbstractProblemLoader Init config took 2.93s 
54292      INFO  main            d.u.i.k.p.i.AbstractProblemLoader Replaying proof wellformed10.key 
54293      DEBUG main            d.u.i.k.p.i.IntermediateProofReplayer Proof replay took 6.4ns 
54399      INFO  main            d.u.i.k.p.r.p.TestFile    ... finished proof: open goal(s) 
54568      INFO  main            d.u.i.k.p.r.p.TestFile    Now processing file /home/runner/work/key/key/key.core/../key.ui/examples/heap/polarity_tests/wellformed11.key 
54568      INFO  main            d.u.i.k.p.i.AbstractProblemLoader Loading environment from /home/runner/work/key/key/key.core/../key.ui/examples/heap/polarity_tests/wellformed11.key 
54568      DEBUG main            d.u.i.k.p.i.AbstractProblemLoader Environment load took 77.9ns 
54572      INFO  main            d.u.i.k.p.i.AbstractProblemLoader Creating init config 
57414      DEBUG main            d.u.i.k.p.i.AbstractProblemLoader Init config took 2.84s 
57435      INFO  main            d.u.i.k.p.i.AbstractProblemLoader Replaying proof wellformed11.key 
57446      DEBUG main            d.u.i.k.p.i.IntermediateProofReplayer Proof replay took 7.1ns 
57548      INFO  main            d.u.i.k.p.r.p.TestFile    ... finished proof: open goal(s) 
560783     INFO  Test worker     d.u.i.k.p.r.RunAllProofsTestUnit Returning from test applicationRestrictions 
560785     INFO  Test worker     d.u.i.k.p.r.RunAllProofsTestUnit Running test blockContracts 
397        INFO  Timeout watchdog d.u.i.k.p.r.p.ForkedTestFileRunner Timeout watcher launched (2000 secs.) 
412        WARN  main            d.u.i.k.s.ProofSettings   The settings in /home/runner/.key/proof-settings.props are *not* read. 
447        INFO  main            d.u.i.k.p.r.p.TestFile    Now processing file /home/runner/work/key/key/key.core/../key.ui/examples/heap/block_contracts/Simple__add.key 
572        INFO  main            d.u.i.k.p.i.AbstractProblemLoader Loading environment from /home/runner/work/key/key/key.core/../key.ui/examples/heap/block_contracts/Simple__add.key 
590        DEBUG main            d.u.i.k.p.i.AbstractProblemLoader Environment load took 2.26ms 
861        INFO  main            d.u.i.k.p.i.AbstractProblemLoader Creating init config 
2074       DEBUG main            d.u.i.k.j.TypeConverter   No LDT found for Meta 
2074       DEBUG main            d.u.i.k.j.TypeConverter   No LDT found for Meta 
2076       DEBUG main            d.u.i.k.j.TypeConverter   No LDT found for Meta 
2076       DEBUG main            d.u.i.k.j.TypeConverter   No LDT found for Meta 
3847       DEBUG main            d.u.i.k.j.TypeConverter   No LDT found for JavaBigintExpression 
10285      DEBUG main            d.u.i.k.p.i.AbstractProblemLoader Init config took 9.42s 
10489      INFO  main            d.u.i.k.p.i.AbstractProblemLoader Replaying proof Simple[Simple::add(int,int)].JML operation contract.0 
10603      DEBUG main            d.u.i.k.p.i.IntermediateProofReplayer Proof replay took 360.11ns 
11463      INFO  main            d.u.i.k.p.r.p.TestFile    ... finished proof: closed. 
11602      INFO  main            d.u.i.k.p.i.AbstractProblemLoader Loading environment from /home/runner/work/key/key/key.core/../key.ui/examples/heap/block_contracts/Simple__add.key.proof 
11603      DEBUG main            d.u.i.k.p.i.AbstractProblemLoader Environment load took 1.22ms 
11608      INFO  main            d.u.i.k.p.i.AbstractProblemLoader Creating init config 
15365      DEBUG main            d.u.i.k.p.i.AbstractProblemLoader Init config took 3.76s 
15469      INFO  main            d.u.i.k.p.i.AbstractProblemLoader Replaying proof Simple[Simple::add(int,int)].JML operation contract.0 
15612      DEBUG main            d.u.i.k.p.i.IntermediateProofReplayer Proof replay took 138.41ms 
15622      DEBUG main            d.u.i.k.p.r.p.TestFile    ... success: reloaded. 
15627      INFO  main            d.u.i.k.p.r.p.TestFile    Now processing file /home/runner/work/key/key/key.core/../key.ui/examples/heap/block_contracts/Simple__addAbsoluteValues.key 
15627      INFO  main            d.u.i.k.p.i.AbstractProblemLoader Loading environment from /home/runner/work/key/key/key.core/../key.ui/examples/heap/block_contracts/Simple__addAbsoluteValues.key 
15627      DEBUG main            d.u.i.k.p.i.AbstractProblemLoader Environment load took 273.31ns 
15639      INFO  main            d.u.i.k.p.i.AbstractProblemLoader Creating init config 
19226      DEBUG main            d.u.i.k.p.i.AbstractProblemLoader Init config took 3.59s 
19333      INFO  main            d.u.i.k.p.i.AbstractProblemLoader Replaying proof Simple[Simple::addAbsoluteValues(int,int)].JML normal_behavior operation contract.0 
19336      DEBUG main            d.u.i.k.p.i.IntermediateProofReplayer Proof replay took 13.4ns 
20548      INFO  main            d.u.i.k.p.r.p.TestFile    ... finished proof: closed. 
20763      INFO  main            d.u.i.k.p.i.AbstractProblemLoader Loading environment from /home/runner/work/key/key/key.core/../key.ui/examples/heap/block_contracts/Simple__addAbsoluteValues.key.proof 
20763      DEBUG main            d.u.i.k.p.i.AbstractProblemLoader Environment load took 143.6ns 
20765      INFO  main            d.u.i.k.p.i.AbstractProblemLoader Creating init config 
24295      DEBUG main            d.u.i.k.p.i.AbstractProblemLoader Init config took 3.53s 
24379      INFO  main            d.u.i.k.p.i.AbstractProblemLoader Replaying proof Simple[Simple::addAbsoluteValues(int,int)].JML normal_behavior operation contract.0 
24663      DEBUG main            d.u.i.k.p.i.IntermediateProofReplayer Proof replay took 274.65ms 
24665      DEBUG main            d.u.i.k.p.r.p.TestFile    ... success: reloaded. 
24667      INFO  main            d.u.i.k.p.r.p.TestFile    Now processing file /home/runner/work/key/key/key.core/../key.ui/examples/heap/block_contracts/Simple__addWithJump.key 
24667      INFO  main            d.u.i.k.p.i.AbstractProblemLoader Loading environment from /home/runner/work/key/key/key.core/../key.ui/examples/heap/block_contracts/Simple__addWithJump.key 
24667      DEBUG main            d.u.i.k.p.i.AbstractProblemLoader Environment load took 134.3ns 
24670      INFO  main            d.u.i.k.p.i.AbstractProblemLoader Creating init config 
28223      DEBUG main            d.u.i.k.p.i.AbstractProblemLoader Init config took 3.55s 
28284      INFO  main            d.u.i.k.p.i.AbstractProblemLoader Replaying proof Simple[Simple::addWithJump(int,int,int)].JML operation contract.0 
28304      DEBUG main            d.u.i.k.p.i.IntermediateProofReplayer Proof replay took 27.5ns 
28512      INFO  main            d.u.i.k.p.r.p.TestFile    ... finished proof: closed. 
28708      INFO  main            d.u.i.k.p.i.AbstractProblemLoader Loading environment from /home/runner/work/key/key/key.core/../key.ui/examples/heap/block_contracts/Simple__addWithJump.key.proof 
28709      DEBUG main            d.u.i.k.p.i.AbstractProblemLoader Environment load took 591.52ns 
28710      INFO  main            d.u.i.k.p.i.AbstractProblemLoader Creating init config 
32126      DEBUG main            d.u.i.k.p.i.AbstractProblemLoader Init config took 3.42s 
32179      INFO  main            d.u.i.k.p.i.AbstractProblemLoader Replaying proof Simple[Simple::addWithJump(int,int,int)].JML operation contract.0 
32239      DEBUG main            d.u.i.k.p.i.IntermediateProofReplayer Proof replay took 56.29ms 
32240      DEBUG main            d.u.i.k.p.r.p.TestFile    ... success: reloaded. 
32242      INFO  main            d.u.i.k.p.r.p.TestFile    Now processing file /home/runner/work/key/key/key.core/../key.ui/examples/heap/block_contracts/Simple__addWithTwoBlockContracts.key 
32242      INFO  main            d.u.i.k.p.i.AbstractProblemLoader Loading environment from /home/runner/work/key/key/key.core/../key.ui/examples/heap/block_contracts/Simple__addWithTwoBlockContracts.key 
32243      DEBUG main            d.u.i.k.p.i.AbstractProblemLoader Environment load took 272.91ns 
32244      INFO  main            d.u.i.k.p.i.AbstractProblemLoader Creating init config 
35671      DEBUG main            d.u.i.k.p.i.AbstractProblemLoader Init config took 3.43s 
35734      INFO  main            d.u.i.k.p.i.AbstractProblemLoader Replaying proof Simple[Simple::addWithTwoBlockContracts(int,int,int)].JML operation contract.0 
35738      DEBUG main            d.u.i.k.p.i.IntermediateProofReplayer Proof replay took 11.9ns 
36042      INFO  main            d.u.i.k.p.r.p.TestFile    ... finished proof: closed. 
36236      INFO  main            d.u.i.k.p.i.AbstractProblemLoader Loading environment from /home/runner/work/key/key/key.core/../key.ui/examples/heap/block_contracts/Simple__addWithTwoBlockContracts.key.proof 
36236      DEBUG main            d.u.i.k.p.i.AbstractProblemLoader Environment load took 613.82ns 
36238      INFO  main            d.u.i.k.p.i.AbstractProblemLoader Creating init config 
39591      DEBUG main            d.u.i.k.p.i.AbstractProblemLoader Init config took 3.35s 
39662      INFO  main            d.u.i.k.p.i.AbstractProblemLoader Replaying proof Simple[Simple::addWithTwoBlockContracts(int,int,int)].JML operation contract.0 
39738      DEBUG main            d.u.i.k.p.i.IntermediateProofReplayer Proof replay took 73.14ms 
39740      DEBUG main            d.u.i.k.p.r.p.TestFile    ... success: reloaded. 
39741      INFO  main            d.u.i.k.p.r.p.TestFile    Now processing file /home/runner/work/key/key/key.core/../key.ui/examples/heap/block_contracts/Simple__generateByteArray.key 
39742      INFO  main            d.u.i.k.p.i.AbstractProblemLoader Loading environment from /home/runner/work/key/key/key.core/../key.ui/examples/heap/block_contracts/Simple__generateByteArray.key 
39742      DEBUG main            d.u.i.k.p.i.AbstractProblemLoader Environment load took 291.51ns 
39743      INFO  main            d.u.i.k.p.i.AbstractProblemLoader Creating init config 
43201      DEBUG main            d.u.i.k.p.i.AbstractProblemLoader Init config took 3.46s 
43251      INFO  main            d.u.i.k.p.i.AbstractProblemLoader Replaying proof Simple[Simple::generateByteArray()].JML normal_behavior operation contract.0 
43254      DEBUG main            d.u.i.k.p.i.IntermediateProofReplayer Proof replay took 11.9ns 
45472      INFO  main            d.u.i.k.p.r.p.TestFile    ... finished proof: closed. 
45701      INFO  main            d.u.i.k.p.i.AbstractProblemLoader Loading environment from /home/runner/work/key/key/key.core/../key.ui/examples/heap/block_contracts/Simple__generateByteArray.key.proof 
45702      DEBUG main            d.u.i.k.p.i.AbstractProblemLoader Environment load took 945.33ns 
45704      INFO  main            d.u.i.k.p.i.AbstractProblemLoader Creating init config 
49101      DEBUG main            d.u.i.k.p.i.AbstractProblemLoader Init config took 3.4s 
49150      INFO  main            d.u.i.k.p.i.AbstractProblemLoader Replaying proof Simple[Simple::generateByteArray()].JML normal_behavior operation contract.0 
49514      DEBUG main            d.u.i.k.p.i.IntermediateProofReplayer Proof replay took 348.84ms 
49516      DEBUG main            d.u.i.k.p.r.p.TestFile    ... success: reloaded. 
49518      INFO  main            d.u.i.k.p.r.p.TestFile    Now processing file /home/runner/work/key/key/key.core/../key.ui/examples/heap/block_contracts/Simple__getLength.key 
49518      INFO  main            d.u.i.k.p.i.AbstractProblemLoader Loading environment from /home/runner/work/key/key/key.core/../key.ui/examples/heap/block_contracts/Simple__getLength.key 
49518      DEBUG main            d.u.i.k.p.i.AbstractProblemLoader Environment load took 266.51ns 
49520      INFO  main            d.u.i.k.p.i.AbstractProblemLoader Creating init config 
52905      DEBUG main            d.u.i.k.p.i.AbstractProblemLoader Init config took 3.38s 
52956      INFO  main            d.u.i.k.p.i.AbstractProblemLoader Replaying proof Simple[Simple::getLength()].JML normal_behavior operation contract.0 
52958      DEBUG main            d.u.i.k.p.i.IntermediateProofReplayer Proof replay took 15.3ns 
53064      INFO  main            d.u.i.k.p.r.p.TestFile    ... finished proof: closed. 
53317      INFO  main            d.u.i.k.p.i.AbstractProblemLoader Loading environment from /home/runner/work/key/key/key.core/../key.ui/examples/heap/block_contracts/Simple__getLength.key.proof 
53317      DEBUG main            d.u.i.k.p.i.AbstractProblemLoader Environment load took 131.4ns 
53318      INFO  main            d.u.i.k.p.i.AbstractProblemLoader Creating init config 
56616      DEBUG main            d.u.i.k.p.i.AbstractProblemLoader Init config took 3.3s 
56666      INFO  main            d.u.i.k.p.i.AbstractProblemLoader Replaying proof Simple[Simple::getLength()].JML normal_behavior operation contract.0 
56677      DEBUG main            d.u.i.k.p.i.IntermediateProofReplayer Proof replay took 9.07ms 
56678      DEBUG main            d.u.i.k.p.r.p.TestFile    ... success: reloaded. 
56679      INFO  main            d.u.i.k.p.r.p.TestFile    Now processing file /home/runner/work/key/key/key.core/../key.ui/examples/heap/block_contracts/Simple__square.key 
56679      INFO  main            d.u.i.k.p.i.AbstractProblemLoader Loading environment from /home/runner/work/key/key/key.core/../key.ui/examples/heap/block_contracts/Simple__square.key 
56680      DEBUG main            d.u.i.k.p.i.AbstractProblemLoader Environment load took 129.7ns 
56681      INFO  main            d.u.i.k.p.i.AbstractProblemLoader Creating init config 
60074      DEBUG main            d.u.i.k.p.i.AbstractProblemLoader Init config took 3.39s 
60119      INFO  main            d.u.i.k.p.i.AbstractProblemLoader Replaying proof Simple[Simple::square(int)].JML operation contract.0 
60121      DEBUG main            d.u.i.k.p.i.IntermediateProofReplayer Proof replay took 12.8ns 
60524      INFO  main            d.u.i.k.p.r.p.TestFile    ... finished proof: closed. 
60758      INFO  main            d.u.i.k.p.i.AbstractProblemLoader Loading environment from /home/runner/work/key/key/key.core/../key.ui/examples/heap/block_contracts/Simple__square.key.proof 
60759      DEBUG main            d.u.i.k.p.i.AbstractProblemLoader Environment load took 782.32ns 
60760      INFO  main            d.u.i.k.p.i.AbstractProblemLoader Creating init config 
64009      DEBUG main            d.u.i.k.p.i.AbstractProblemLoader Init config took 3.25s 
64055      INFO  main            d.u.i.k.p.i.AbstractProblemLoader Replaying proof Simple[Simple::square(int)].JML operation contract.0 
64172      DEBUG main            d.u.i.k.p.i.IntermediateProofReplayer Proof replay took 112.44ms 
64173      DEBUG main            d.u.i.k.p.r.p.TestFile    ... success: reloaded. 
64175      INFO  main            d.u.i.k.p.r.p.TestFile    Now processing file /home/runner/work/key/key/key.core/../key.ui/examples/heap/block_contracts/Simple__unnecessaryBlockContract.key 
64175      INFO  main            d.u.i.k.p.i.AbstractProblemLoader Loading environment from /home/runner/work/key/key/key.core/../key.ui/examples/heap/block_contracts/Simple__unnecessaryBlockContract.key 
64175      DEBUG main            d.u.i.k.p.i.AbstractProblemLoader Environment load took 290.31ns 
64177      INFO  main            d.u.i.k.p.i.AbstractProblemLoader Creating init config 
67506      DEBUG main            d.u.i.k.p.i.AbstractProblemLoader Init config took 3.33s 
67555      INFO  main            d.u.i.k.p.i.AbstractProblemLoader Replaying proof Simple[Simple::unnecessaryBlockContract()].JML operation contract.0 
67557      DEBUG main            d.u.i.k.p.i.IntermediateProofReplayer Proof replay took 15.5ns 
67659      INFO  main            d.u.i.k.p.r.p.TestFile    ... finished proof: closed. 
67908      INFO  main            d.u.i.k.p.i.AbstractProblemLoader Loading environment from /home/runner/work/key/key/key.core/../key.ui/examples/heap/block_contracts/Simple__unnecessaryBlockContract.key.proof 
67908      DEBUG main            d.u.i.k.p.i.AbstractProblemLoader Environment load took 145.6ns 
67909      INFO  main            d.u.i.k.p.i.AbstractProblemLoader Creating init config 
71310      DEBUG main            d.u.i.k.p.i.AbstractProblemLoader Init config took 3.4s 
71357      INFO  main            d.u.i.k.p.i.AbstractProblemLoader Replaying proof Simple[Simple::unnecessaryBlockContract()].JML operation contract.0 
71389      DEBUG main            d.u.i.k.p.i.IntermediateProofReplayer Proof replay took 28.87ms 
71390      DEBUG main            d.u.i.k.p.r.p.TestFile    ... success: reloaded. 
71391      INFO  main            d.u.i.k.p.r.p.TestFile    Now processing file /home/runner/work/key/key/key.core/../key.ui/examples/heap/block_contracts/Simple__unnecessaryLoopInvariant.key 
71392      INFO  main            d.u.i.k.p.i.AbstractProblemLoader Loading environment from /home/runner/work/key/key/key.core/../key.ui/examples/heap/block_contracts/Simple__unnecessaryLoopInvariant.key 
71392      DEBUG main            d.u.i.k.p.i.AbstractProblemLoader Environment load took 284.61ns 
71393      INFO  main            d.u.i.k.p.i.AbstractProblemLoader Creating init config 
74747      DEBUG main            d.u.i.k.p.i.AbstractProblemLoader Init config took 3.35s 
74789      INFO  main            d.u.i.k.p.i.AbstractProblemLoader Replaying proof Simple[Simple::unnecessaryLoopInvariant()].JML operation contract.0 
74792      DEBUG main            d.u.i.k.p.i.IntermediateProofReplayer Proof replay took 11.1ns 
74894      INFO  main            d.u.i.k.p.r.p.TestFile    ... finished proof: closed. 
75118      INFO  main            d.u.i.k.p.i.AbstractProblemLoader Loading environment from /home/runner/work/key/key/key.core/../key.ui/examples/heap/block_contracts/Simple__unnecessaryLoopInvariant.key.proof 
75118      DEBUG main            d.u.i.k.p.i.AbstractProblemLoader Environment load took 131ns 
75120      INFO  main            d.u.i.k.p.i.AbstractProblemLoader Creating init config 
78425      DEBUG main            d.u.i.k.p.i.AbstractProblemLoader Init config took 3.3s 
78484      INFO  main            d.u.i.k.p.i.AbstractProblemLoader Replaying proof Simple[Simple::unnecessaryLoopInvariant()].JML operation contract.0 
78506      DEBUG main            d.u.i.k.p.i.IntermediateProofReplayer Proof replay took 15.13ms 
78507      DEBUG main            d.u.i.k.p.r.p.TestFile    ... success: reloaded. 
78509      INFO  main            d.u.i.k.p.r.p.TestFile    Now processing file /home/runner/work/key/key/key.core/../key.ui/examples/standard_key/java_dl/jml-assert/assert.key 
78509      INFO  main            d.u.i.k.p.i.AbstractProblemLoader Loading environment from /home/runner/work/key/key/key.core/../key.ui/examples/standard_key/java_dl/jml-assert/assert.key 
78509      DEBUG main            d.u.i.k.p.i.AbstractProblemLoader Environment load took 231.71ns 
78510      INFO  main            d.u.i.k.p.i.AbstractProblemLoader Creating init config 
81502      DEBUG main            d.u.i.k.p.i.AbstractProblemLoader Init config took 2.99s 
81544      INFO  main            d.u.i.k.p.i.AbstractProblemLoader Replaying proof Assert[Assert::createArray(int)].JML normal_behavior operation contract.0 
81546      DEBUG main            d.u.i.k.p.i.IntermediateProofReplayer Proof replay took 6.6ns 
81748      INFO  main            d.u.i.k.p.r.p.TestFile    ... finished proof: closed. 
82035      INFO  main            d.u.i.k.p.i.AbstractProblemLoader Loading environment from /home/runner/work/key/key/key.core/../key.ui/examples/standard_key/java_dl/jml-assert/assert.key.proof 
82035      DEBUG main            d.u.i.k.p.i.AbstractProblemLoader Environment load took 139.21ns 
82037      INFO  main            d.u.i.k.p.i.AbstractProblemLoader Creating init config 
85160      DEBUG main            d.u.i.k.p.i.AbstractProblemLoader Init config took 3.12s 
85207      INFO  main            d.u.i.k.p.i.AbstractProblemLoader Replaying proof Assert[Assert::createArray(int)].JML normal_behavior operation contract.0 
85275      DEBUG main            d.u.i.k.p.i.IntermediateProofReplayer Proof replay took 65.46ms 
85277      DEBUG main            d.u.i.k.p.r.p.TestFile    ... success: reloaded. 
85278      INFO  main            d.u.i.k.p.r.p.TestFile    Now processing file /home/runner/work/key/key/key.core/../key.ui/examples/standard_key/java_dl/jml-assert/assert_assume_order.key 
85279      INFO  main            d.u.i.k.p.i.AbstractProblemLoader Loading environment from /home/runner/work/key/key/key.core/../key.ui/examples/standard_key/java_dl/jml-assert/assert_assume_order.key 
85279      DEBUG main            d.u.i.k.p.i.AbstractProblemLoader Environment load took 310.61ns 
85281      INFO  main            d.u.i.k.p.i.AbstractProblemLoader Creating init config 
88226      DEBUG main            d.u.i.k.p.i.AbstractProblemLoader Init config took 2.95s 
88270      INFO  main            d.u.i.k.p.i.AbstractProblemLoader Replaying proof AssertAssume[AssertAssume::singleAssumeAssert(int)].JML normal_behavior operation contract.0 
88272      DEBUG main            d.u.i.k.p.i.IntermediateProofReplayer Proof replay took 6.6ns 
88376      INFO  main            d.u.i.k.p.r.p.TestFile    ... finished proof: closed. 
88669      INFO  main            d.u.i.k.p.i.AbstractProblemLoader Loading environment from /home/runner/work/key/key/key.core/../key.ui/examples/standard_key/java_dl/jml-assert/assert_assume_order.key.proof 
88670      DEBUG main            d.u.i.k.p.i.AbstractProblemLoader Environment load took 130.9ns 
88671      INFO  main            d.u.i.k.p.i.AbstractProblemLoader Creating init config 
91511      DEBUG main            d.u.i.k.p.i.AbstractProblemLoader Init config took 2.84s 
91553      INFO  main            d.u.i.k.p.i.AbstractProblemLoader Replaying proof AssertAssume[AssertAssume::singleAssumeAssert(int)].JML normal_behavior operation contract.0 
91566      DEBUG main            d.u.i.k.p.i.IntermediateProofReplayer Proof replay took 10.99ms 
91568      DEBUG main            d.u.i.k.p.r.p.TestFile    ... success: reloaded. 
91569      INFO  main            d.u.i.k.p.r.p.TestFile    Now processing file /home/runner/work/key/key/key.core/../key.ui/examples/heap/block_loop_contracts/SimpleVariants/sum_onBlock_external.key 
91570      INFO  main            d.u.i.k.p.i.AbstractProblemLoader Loading environment from /home/runner/work/key/key/key.core/../key.ui/examples/heap/block_loop_contracts/SimpleVariants/sum_onBlock_external.key 
91570      DEBUG main            d.u.i.k.p.i.AbstractProblemLoader Environment load took 196.61ns 
91571      INFO  main            d.u.i.k.p.i.AbstractProblemLoader Creating init config 
94811      DEBUG main            d.u.i.k.p.i.AbstractProblemLoader Init config took 3.24s 
94850      INFO  main            d.u.i.k.p.i.AbstractProblemLoader Replaying proof LoopContractExamplesAll[LoopContractExamplesAll::sum_loopContract_onBlock([I)].JML normal_behavior operation contract.0 
94853      DEBUG main            d.u.i.k.p.i.IntermediateProofReplayer Proof replay took 12.4ns 
95055      INFO  main            d.u.i.k.p.r.p.TestFile    ... finished proof: closed. 
95306      INFO  main            d.u.i.k.p.i.AbstractProblemLoader Loading environment from /home/runner/work/key/key/key.core/../key.ui/examples/heap/block_loop_contracts/SimpleVariants/sum_onBlock_external.key.proof 
95307      DEBUG main            d.u.i.k.p.i.AbstractProblemLoader Environment load took 266.71ns 
95308      INFO  main            d.u.i.k.p.i.AbstractProblemLoader Creating init config 
98377      DEBUG main            d.u.i.k.p.i.AbstractProblemLoader Init config took 3.07s 
98420      INFO  main            d.u.i.k.p.i.AbstractProblemLoader Replaying proof LoopContractExamplesAll[LoopContractExamplesAll::sum_loopContract_onBlock([I)].JML normal_behavior operation contract.0 
98465      DEBUG main            d.u.i.k.p.i.IntermediateProofReplayer Proof replay took 42.51ms 
98467      DEBUG main            d.u.i.k.p.r.p.TestFile    ... success: reloaded. 
98468      INFO  main            d.u.i.k.p.r.p.TestFile    Now processing file /home/runner/work/key/key/key.core/../key.ui/examples/heap/block_loop_contracts/SimpleVariants/sum_onBlock_internal.key 
98468      INFO  main            d.u.i.k.p.i.AbstractProblemLoader Loading environment from /home/runner/work/key/key/key.core/../key.ui/examples/heap/block_loop_contracts/SimpleVariants/sum_onBlock_internal.key 
98469      DEBUG main            d.u.i.k.p.i.AbstractProblemLoader Environment load took 257.21ns 
98470      INFO  main            d.u.i.k.p.i.AbstractProblemLoader Creating init config 
101701     DEBUG main            d.u.i.k.p.i.AbstractProblemLoader Init config took 3.23s 
101744     INFO  main            d.u.i.k.p.i.AbstractProblemLoader Replaying proof LoopContractExamplesAll[LoopContractExamplesAll::sum_loopContract_onBlock([I)].JML normal_behavior operation contract.0 
101747     DEBUG main            d.u.i.k.p.i.IntermediateProofReplayer Proof replay took 11.9ns 
102554     INFO  main            d.u.i.k.p.r.p.TestFile    ... finished proof: closed. 
102829     INFO  main            d.u.i.k.p.i.AbstractProblemLoader Loading environment from /home/runner/work/key/key/key.core/../key.ui/examples/heap/block_loop_contracts/SimpleVariants/sum_onBlock_internal.key.proof 
102829     DEBUG main            d.u.i.k.p.i.AbstractProblemLoader Environment load took 121.2ns 
102830     INFO  main            d.u.i.k.p.i.AbstractProblemLoader Creating init config 
105874     DEBUG main            d.u.i.k.p.i.AbstractProblemLoader Init config took 3.04s 
105914     INFO  main            d.u.i.k.p.i.AbstractProblemLoader Replaying proof LoopContractExamplesAll[LoopContractExamplesAll::sum_loopContract_onBlock([I)].JML normal_behavior operation contract.0 
106217     DEBUG main            d.u.i.k.p.i.IntermediateProofReplayer Proof replay took 299.32ms 
106218     DEBUG main            d.u.i.k.p.r.p.TestFile    ... success: reloaded. 
106220     INFO  main            d.u.i.k.p.r.p.TestFile    Now processing file /home/runner/work/key/key/key.core/../key.ui/examples/heap/block_loop_contracts/SimpleVariants/sum_onBlock_loop.key 
106220     INFO  main            d.u.i.k.p.i.AbstractProblemLoader Loading environment from /home/runner/work/key/key/key.core/../key.ui/examples/heap/block_loop_contracts/SimpleVariants/sum_onBlock_loop.key 
106220     DEBUG main            d.u.i.k.p.i.AbstractProblemLoader Environment load took 245.41ns 
106221     INFO  main            d.u.i.k.p.i.AbstractProblemLoader Creating init config 
109486     DEBUG main            d.u.i.k.p.i.AbstractProblemLoader Init config took 3.26s 
109530     INFO  main            d.u.i.k.p.i.AbstractProblemLoader Replaying proof LoopContractExamplesAll[LoopContractExamplesAll::sum_loopContract_onBlock([I)].JML normal_behavior loop contract.0 
109532     DEBUG main            d.u.i.k.p.i.IntermediateProofReplayer Proof replay took 35.4ns 
110440     INFO  main            d.u.i.k.p.r.p.TestFile    ... finished proof: closed. 
110745     INFO  main            d.u.i.k.p.i.AbstractProblemLoader Loading environment from /home/runner/work/key/key/key.core/../key.ui/examples/heap/block_loop_contracts/SimpleVariants/sum_onBlock_loop.key.proof 
110746     DEBUG main            d.u.i.k.p.i.AbstractProblemLoader Environment load took 625.22ns 
110747     INFO  main            d.u.i.k.p.i.AbstractProblemLoader Creating init config 
113838     DEBUG main            d.u.i.k.p.i.AbstractProblemLoader Init config took 3.09s 
113876     INFO  main            d.u.i.k.p.i.AbstractProblemLoader Replaying proof LoopContractExamplesAll[LoopContractExamplesAll::sum_loopContract_onBlock([I)].JML normal_behavior loop contract.0 
114188     DEBUG main            d.u.i.k.p.i.IntermediateProofReplayer Proof replay took 307.37ms 
114189     DEBUG main            d.u.i.k.p.r.p.TestFile    ... success: reloaded. 
114190     INFO  main            d.u.i.k.p.r.p.TestFile    Now processing file /home/runner/work/key/key/key.core/../key.ui/examples/heap/block_loop_contracts/SimpleVariants/sum_onLoop_external.key 
114191     INFO  main            d.u.i.k.p.i.AbstractProblemLoader Loading environment from /home/runner/work/key/key/key.core/../key.ui/examples/heap/block_loop_contracts/SimpleVariants/sum_onLoop_external.key 
114191     DEBUG main            d.u.i.k.p.i.AbstractProblemLoader Environment load took 292.31ns 
114192     INFO  main            d.u.i.k.p.i.AbstractProblemLoader Creating init config 
117442     DEBUG main            d.u.i.k.p.i.AbstractProblemLoader Init config took 3.25s 
117478     INFO  main            d.u.i.k.p.i.AbstractProblemLoader Replaying proof LoopContractExamplesAll[LoopContractExamplesAll::sum_loopContract_onLoop([I)].JML normal_behavior operation contract.0 
117480     DEBUG main            d.u.i.k.p.i.IntermediateProofReplayer Proof replay took 11.8ns 
117582     INFO  main            d.u.i.k.p.r.p.TestFile    ... finished proof: closed. 
117902     INFO  main            d.u.i.k.p.i.AbstractProblemLoader Loading environment from /home/runner/work/key/key/key.core/../key.ui/examples/heap/block_loop_contracts/SimpleVariants/sum_onLoop_external.key.proof 
117902     DEBUG main            d.u.i.k.p.i.AbstractProblemLoader Environment load took 121.3ns 
117904     INFO  main            d.u.i.k.p.i.AbstractProblemLoader Creating init config 
120955     DEBUG main            d.u.i.k.p.i.AbstractProblemLoader Init config took 3.05s 
121002     INFO  main            d.u.i.k.p.i.AbstractProblemLoader Replaying proof LoopContractExamplesAll[LoopContractExamplesAll::sum_loopContract_onLoop([I)].JML normal_behavior operation contract.0 
121039     DEBUG main            d.u.i.k.p.i.IntermediateProofReplayer Proof replay took 33.8ms 
121040     DEBUG main            d.u.i.k.p.r.p.TestFile    ... success: reloaded. 
121041     INFO  main            d.u.i.k.p.r.p.TestFile    Now processing file /home/runner/work/key/key/key.core/../key.ui/examples/heap/block_loop_contracts/SimpleVariants/sum_onLoop_internal.key 
121042     INFO  main            d.u.i.k.p.i.AbstractProblemLoader Loading environment from /home/runner/work/key/key/key.core/../key.ui/examples/heap/block_loop_contracts/SimpleVariants/sum_onLoop_internal.key 
121042     DEBUG main            d.u.i.k.p.i.AbstractProblemLoader Environment load took 267.51ns 
121043     INFO  main            d.u.i.k.p.i.AbstractProblemLoader Creating init config 
124199     DEBUG main            d.u.i.k.p.i.AbstractProblemLoader Init config took 3.16s 
124238     INFO  main            d.u.i.k.p.i.AbstractProblemLoader Replaying proof LoopContractExamplesAll[LoopContractExamplesAll::sum_loopContract_onLoop([I)].JML normal_behavior operation contract.0 
124241     DEBUG main            d.u.i.k.p.i.IntermediateProofReplayer Proof replay took 13.1ns 
124944     INFO  main            d.u.i.k.p.r.p.TestFile    ... finished proof: closed. 
125227     INFO  main            d.u.i.k.p.i.AbstractProblemLoader Loading environment from /home/runner/work/key/key/key.core/../key.ui/examples/heap/block_loop_contracts/SimpleVariants/sum_onLoop_internal.key.proof 
125228     DEBUG main            d.u.i.k.p.i.AbstractProblemLoader Environment load took 116.2ns 
125229     INFO  main            d.u.i.k.p.i.AbstractProblemLoader Creating init config 
128325     DEBUG main            d.u.i.k.p.i.AbstractProblemLoader Init config took 3.1s 
128368     INFO  main            d.u.i.k.p.i.AbstractProblemLoader Replaying proof LoopContractExamplesAll[LoopContractExamplesAll::sum_loopContract_onLoop([I)].JML normal_behavior operation contract.0 
128659     DEBUG main            d.u.i.k.p.i.IntermediateProofReplayer Proof replay took 282.47ms 
128660     DEBUG main            d.u.i.k.p.r.p.TestFile    ... success: reloaded. 
128661     INFO  main            d.u.i.k.p.r.p.TestFile    Now processing file /home/runner/work/key/key/key.core/../key.ui/examples/heap/block_loop_contracts/SimpleVariants/sum_onLoop_loop.key 
128662     INFO  main            d.u.i.k.p.i.AbstractProblemLoader Loading environment from /home/runner/work/key/key/key.core/../key.ui/examples/heap/block_loop_contracts/SimpleVariants/sum_onLoop_loop.key 
128662     DEBUG main            d.u.i.k.p.i.AbstractProblemLoader Environment load took 229.81ns 
128663     INFO  main            d.u.i.k.p.i.AbstractProblemLoader Creating init config 
131842     DEBUG main            d.u.i.k.p.i.AbstractProblemLoader Init config took 3.18s 
131881     INFO  main            d.u.i.k.p.i.AbstractProblemLoader Replaying proof LoopContractExamplesAll[LoopContractExamplesAll::sum_loopContract_onLoop([I)].JML normal_behavior loop contract.0 
131884     DEBUG main            d.u.i.k.p.i.IntermediateProofReplayer Proof replay took 12.8ns 
132687     INFO  main            d.u.i.k.p.r.p.TestFile    ... finished proof: closed. 
133064     INFO  main            d.u.i.k.p.i.AbstractProblemLoader Loading environment from /home/runner/work/key/key/key.core/../key.ui/examples/heap/block_loop_contracts/SimpleVariants/sum_onLoop_loop.key.proof 
133065     DEBUG main            d.u.i.k.p.i.AbstractProblemLoader Environment load took 842.83ns 
133066     INFO  main            d.u.i.k.p.i.AbstractProblemLoader Creating init config 
136173     DEBUG main            d.u.i.k.p.i.AbstractProblemLoader Init config took 3.11s 
136222     INFO  main            d.u.i.k.p.i.AbstractProblemLoader Replaying proof LoopContractExamplesAll[LoopContractExamplesAll::sum_loopContract_onLoop([I)].JML normal_behavior loop contract.0 
136539     DEBUG main            d.u.i.k.p.i.IntermediateProofReplayer Proof replay took 311.87ms 
136542     DEBUG main            d.u.i.k.p.r.p.TestFile    ... success: reloaded. 
136544     INFO  main            d.u.i.k.p.r.p.TestFile    Now processing file /home/runner/work/key/key/key.core/../key.ui/examples/heap/block_loop_contracts/Free/blockContracts0.key 
136544     INFO  main            d.u.i.k.p.i.AbstractProblemLoader Loading environment from /home/runner/work/key/key/key.core/../key.ui/examples/heap/block_loop_contracts/Free/blockContracts0.key 
136544     DEBUG main            d.u.i.k.p.i.AbstractProblemLoader Environment load took 255.41ns 
136545     INFO  main            d.u.i.k.p.i.AbstractProblemLoader Creating init config 
139265     DEBUG main            d.u.i.k.p.i.AbstractProblemLoader Init config took 2.72s 
139302     INFO  main            d.u.i.k.p.i.AbstractProblemLoader Replaying proof FreeConditions[FreeConditions::blockContract0()].JML normal_behavior operation contract.0 
139304     DEBUG main            d.u.i.k.p.i.IntermediateProofReplayer Proof replay took 35.9ns 
139407     INFO  main            d.u.i.k.p.r.p.TestFile    ... finished proof: closed. 
139743     INFO  main            d.u.i.k.p.i.AbstractProblemLoader Loading environment from /home/runner/work/key/key/key.core/../key.ui/examples/heap/block_loop_contracts/Free/blockContracts0.key.proof 
139743     DEBUG main            d.u.i.k.p.i.AbstractProblemLoader Environment load took 107.7ns 
139744     INFO  main            d.u.i.k.p.i.AbstractProblemLoader Creating init config 
142410     DEBUG main            d.u.i.k.p.i.AbstractProblemLoader Init config took 2.67s 
142447     INFO  main            d.u.i.k.p.i.AbstractProblemLoader Replaying proof FreeConditions[FreeConditions::blockContract0()].JML normal_behavior operation contract.0 
142474     DEBUG main            d.u.i.k.p.i.IntermediateProofReplayer Proof replay took 24.67ms 
142475     DEBUG main            d.u.i.k.p.r.p.TestFile    ... success: reloaded. 
142476     INFO  main            d.u.i.k.p.r.p.TestFile    Now processing file /home/runner/work/key/key/key.core/../key.ui/examples/heap/block_loop_contracts/Free/blockContracts1.key 
142476     INFO  main            d.u.i.k.p.i.AbstractProblemLoader Loading environment from /home/runner/work/key/key/key.core/../key.ui/examples/heap/block_loop_contracts/Free/blockContracts1.key 
142476     DEBUG main            d.u.i.k.p.i.AbstractProblemLoader Environment load took 116.7ns 
142477     INFO  main            d.u.i.k.p.i.AbstractProblemLoader Creating init config 
145194     DEBUG main            d.u.i.k.p.i.AbstractProblemLoader Init config took 2.72s 
145228     INFO  main            d.u.i.k.p.i.AbstractProblemLoader Replaying proof FreeConditions[FreeConditions::blockContract1()].JML normal_behavior operation contract.0 
145230     DEBUG main            d.u.i.k.p.i.IntermediateProofReplayer Proof replay took 11.8ns 
145332     INFO  main            d.u.i.k.p.r.p.TestFile    ... finished proof: closed. 
145628     INFO  main            d.u.i.k.p.i.AbstractProblemLoader Loading environment from /home/runner/work/key/key/key.core/../key.ui/examples/heap/block_loop_contracts/Free/blockContracts1.key.proof 
145628     DEBUG main            d.u.i.k.p.i.AbstractProblemLoader Environment load took 118.21ns 
145629     INFO  main            d.u.i.k.p.i.AbstractProblemLoader Creating init config 
148271     DEBUG main            d.u.i.k.p.i.AbstractProblemLoader Init config took 2.64s 
148307     INFO  main            d.u.i.k.p.i.AbstractProblemLoader Replaying proof FreeConditions[FreeConditions::blockContract1()].JML normal_behavior operation contract.0 
148329     DEBUG main            d.u.i.k.p.i.IntermediateProofReplayer Proof replay took 18.9ms 
148330     DEBUG main            d.u.i.k.p.r.p.TestFile    ... success: reloaded. 
148331     INFO  main            d.u.i.k.p.r.p.TestFile    Now processing file /home/runner/work/key/key/key.core/../key.ui/examples/heap/block_loop_contracts/Finally/block_finally.key 
148332     INFO  main            d.u.i.k.p.i.AbstractProblemLoader Loading environment from /home/runner/work/key/key/key.core/../key.ui/examples/heap/block_loop_contracts/Finally/block_finally.key 
148332     DEBUG main            d.u.i.k.p.i.AbstractProblemLoader Environment load took 250.41ns 
148333     INFO  main            d.u.i.k.p.i.AbstractProblemLoader Creating init config 
151063     DEBUG main            d.u.i.k.p.i.AbstractProblemLoader Init config took 2.73s 
151100     INFO  main            d.u.i.k.p.i.AbstractProblemLoader Replaying proof AuxiliaryContractsFinally[AuxiliaryContractsFinally::breakThrowContinueBlockContract(java.lang.Exception)].JML block contract.0 
151102     DEBUG main            d.u.i.k.p.i.IntermediateProofReplayer Proof replay took 11.6ns 
151705     INFO  main            d.u.i.k.p.r.p.TestFile    ... finished proof: open goal(s) 
152026     INFO  main            d.u.i.k.p.r.p.TestFile    Now processing file /home/runner/work/key/key/key.core/../key.ui/examples/heap/block_loop_contracts/Finally/loop_finally.key 
152026     INFO  main            d.u.i.k.p.i.AbstractProblemLoader Loading environment from /home/runner/work/key/key/key.core/../key.ui/examples/heap/block_loop_contracts/Finally/loop_finally.key 
152026     DEBUG main            d.u.i.k.p.i.AbstractProblemLoader Environment load took 61.8ns 
152027     INFO  main            d.u.i.k.p.i.AbstractProblemLoader Creating init config 
154628     DEBUG main            d.u.i.k.p.i.AbstractProblemLoader Init config took 2.6s 
154669     INFO  main            d.u.i.k.p.i.AbstractProblemLoader Replaying proof AuxiliaryContractsFinally[AuxiliaryContractsFinally::breakThrowContinueLoopContract(java.lang.Exception)].JML normal_behavior loop contract.0 
154671     DEBUG main            d.u.i.k.p.i.IntermediateProofReplayer Proof replay took 11.4ns 
155309     INFO  main            d.u.i.k.p.r.p.TestFile    ... finished proof: open goal(s) 
716630     INFO  Test worker     d.u.i.k.p.r.RunAllProofsTestUnit Returning from test blockContracts 
716633     INFO  Test worker     d.u.i.k.p.r.RunAllProofsTestUnit Running test jmlAsserts 
435        INFO  Timeout watchdog d.u.i.k.p.r.p.ForkedTestFileRunner Timeout watcher launched (2000 secs.) 
440        WARN  main            d.u.i.k.s.ProofSettings   The settings in /home/runner/.key/proof-settings.props are *not* read. 
479        INFO  main            d.u.i.k.p.r.p.TestFile    Now processing file /home/runner/work/key/key/key.core/../key.ui/examples/standard_key/java_dl/jml-assert/assert.key 
620        INFO  main            d.u.i.k.p.i.AbstractProblemLoader Loading environment from /home/runner/work/key/key/key.core/../key.ui/examples/standard_key/java_dl/jml-assert/assert.key 
643        DEBUG main            d.u.i.k.p.i.AbstractProblemLoader Environment load took 2.74ms 
908        INFO  main            d.u.i.k.p.i.AbstractProblemLoader Creating init config 
2058       DEBUG main            d.u.i.k.j.TypeConverter   No LDT found for Meta 
2059       DEBUG main            d.u.i.k.j.TypeConverter   No LDT found for Meta 
2061       DEBUG main            d.u.i.k.j.TypeConverter   No LDT found for Meta 
2062       DEBUG main            d.u.i.k.j.TypeConverter   No LDT found for Meta 
3485       DEBUG main            d.u.i.k.j.TypeConverter   No LDT found for JavaBigintExpression 
9564       DEBUG main            d.u.i.k.p.i.AbstractProblemLoader Init config took 8.65s 
9699       INFO  main            d.u.i.k.p.i.AbstractProblemLoader Replaying proof Assert[Assert::createArray(int)].JML normal_behavior operation contract.0 
9740       DEBUG main            d.u.i.k.p.i.IntermediateProofReplayer Proof replay took 34.5ns 
10675      INFO  main            d.u.i.k.p.r.p.TestFile    ... finished proof: closed. 
10803      INFO  main            d.u.i.k.p.i.AbstractProblemLoader Loading environment from /home/runner/work/key/key/key.core/../key.ui/examples/standard_key/java_dl/jml-assert/assert.key.proof 
10805      DEBUG main            d.u.i.k.p.i.AbstractProblemLoader Environment load took 2.08ms 
10808      INFO  main            d.u.i.k.p.i.AbstractProblemLoader Creating init config 
14212      DEBUG main            d.u.i.k.p.i.AbstractProblemLoader Init config took 3.4s 
14312      INFO  main            d.u.i.k.p.i.AbstractProblemLoader Replaying proof Assert[Assert::createArray(int)].JML normal_behavior operation contract.0 
14458      DEBUG main            d.u.i.k.p.i.IntermediateProofReplayer Proof replay took 132.01ms 
14465      DEBUG main            d.u.i.k.p.r.p.TestFile    ... success: reloaded. 
14467      INFO  main            d.u.i.k.p.r.p.TestFile    Now processing file /home/runner/work/key/key/key.core/../key.ui/examples/heap/block_loop_contracts/Free/assertions0.key 
14468      INFO  main            d.u.i.k.p.i.AbstractProblemLoader Loading environment from /home/runner/work/key/key/key.core/../key.ui/examples/heap/block_loop_contracts/Free/assertions0.key 
14468      DEBUG main            d.u.i.k.p.i.AbstractProblemLoader Environment load took 243.31ns 
14470      INFO  main            d.u.i.k.p.i.AbstractProblemLoader Creating init config 
17519      DEBUG main            d.u.i.k.p.i.AbstractProblemLoader Init config took 3.05s 
17613      INFO  main            d.u.i.k.p.i.AbstractProblemLoader Replaying proof FreeConditions[FreeConditions::assertions0()].JML normal_behavior operation contract.0 
17618      DEBUG main            d.u.i.k.p.i.IntermediateProofReplayer Proof replay took 14.3ns 
17821      INFO  main            d.u.i.k.p.r.p.TestFile    ... finished proof: closed. 
17966      INFO  main            d.u.i.k.p.i.AbstractProblemLoader Loading environment from /home/runner/work/key/key/key.core/../key.ui/examples/heap/block_loop_contracts/Free/assertions0.key.proof 
17967      DEBUG main            d.u.i.k.p.i.AbstractProblemLoader Environment load took 242.41ns 
17971      INFO  main            d.u.i.k.p.i.AbstractProblemLoader Creating init config 
20992      DEBUG main            d.u.i.k.p.i.AbstractProblemLoader Init config took 3.02s 
21052      INFO  main            d.u.i.k.p.i.AbstractProblemLoader Replaying proof FreeConditions[FreeConditions::assertions0()].JML normal_behavior operation contract.0 
21082      DEBUG main            d.u.i.k.p.i.IntermediateProofReplayer Proof replay took 26.93ms 
21084      DEBUG main            d.u.i.k.p.r.p.TestFile    ... success: reloaded. 
21085      INFO  main            d.u.i.k.p.r.p.TestFile    Now processing file /home/runner/work/key/key/key.core/../key.ui/examples/heap/block_loop_contracts/Free/assertions1.key 
21086      INFO  main            d.u.i.k.p.i.AbstractProblemLoader Loading environment from /home/runner/work/key/key/key.core/../key.ui/examples/heap/block_loop_contracts/Free/assertions1.key 
21086      DEBUG main            d.u.i.k.p.i.AbstractProblemLoader Environment load took 291.81ns 
21087      INFO  main            d.u.i.k.p.i.AbstractProblemLoader Creating init config 
23974      DEBUG main            d.u.i.k.p.i.AbstractProblemLoader Init config took 2.89s 
24025      INFO  main            d.u.i.k.p.i.AbstractProblemLoader Replaying proof FreeConditions[FreeConditions::assertions1()].JML normal_behavior operation contract.0 
24028      DEBUG main            d.u.i.k.p.i.IntermediateProofReplayer Proof replay took 24ns 
24130      INFO  main            d.u.i.k.p.r.p.TestFile    ... finished proof: closed. 
24323      INFO  main            d.u.i.k.p.i.AbstractProblemLoader Loading environment from /home/runner/work/key/key/key.core/../key.ui/examples/heap/block_loop_contracts/Free/assertions1.key.proof 
24323      DEBUG main            d.u.i.k.p.i.AbstractProblemLoader Environment load took 130.4ns 
24324      INFO  main            d.u.i.k.p.i.AbstractProblemLoader Creating init config 
27346      DEBUG main            d.u.i.k.p.i.AbstractProblemLoader Init config took 3.02s 
27397      INFO  main            d.u.i.k.p.i.AbstractProblemLoader Replaying proof FreeConditions[FreeConditions::assertions1()].JML normal_behavior operation contract.0 
27408      DEBUG main            d.u.i.k.p.i.IntermediateProofReplayer Proof replay took 7.64ms 
27409      DEBUG main            d.u.i.k.p.r.p.TestFile    ... success: reloaded. 
27410      INFO  main            d.u.i.k.p.r.p.TestFile    Now processing file /home/runner/work/key/key/key.core/../key.ui/examples/standard_key/java_dl/jml-assert/recursion-assert.key 
27411      INFO  main            d.u.i.k.p.i.AbstractProblemLoader Loading environment from /home/runner/work/key/key/key.core/../key.ui/examples/standard_key/java_dl/jml-assert/recursion-assert.key 
27411      DEBUG main            d.u.i.k.p.i.AbstractProblemLoader Environment load took 270.51ns 
27413      INFO  main            d.u.i.k.p.i.AbstractProblemLoader Creating init config 
30548      DEBUG main            d.u.i.k.p.i.AbstractProblemLoader Init config took 3.14s 
30608      INFO  main            d.u.i.k.p.i.AbstractProblemLoader Replaying proof RecursiveMethod[RecursiveMethod::fac1(int)].JML normal_behavior operation contract.0 
30610      DEBUG main            d.u.i.k.p.i.IntermediateProofReplayer Proof replay took 5.6ns 
30913      INFO  main            d.u.i.k.p.r.p.TestFile    ... finished proof: closed. 
31098      INFO  main            d.u.i.k.p.i.AbstractProblemLoader Loading environment from /home/runner/work/key/key/key.core/../key.ui/examples/standard_key/java_dl/jml-assert/recursion-assert.key.proof 
31098      DEBUG main            d.u.i.k.p.i.AbstractProblemLoader Environment load took 530.62ns 
31100      INFO  main            d.u.i.k.p.i.AbstractProblemLoader Creating init config 
34070      DEBUG main            d.u.i.k.p.i.AbstractProblemLoader Init config took 2.97s 
34124      INFO  main            d.u.i.k.p.i.AbstractProblemLoader Replaying proof RecursiveMethod[RecursiveMethod::fac1(int)].JML normal_behavior operation contract.0 
34194      DEBUG main            d.u.i.k.p.i.IntermediateProofReplayer Proof replay took 66.81ms 
34196      DEBUG main            d.u.i.k.p.r.p.TestFile    ... success: reloaded. 
34198      INFO  main            d.u.i.k.p.r.p.TestFile    Now processing file /home/runner/work/key/key/key.core/../key.ui/examples/standard_key/java_dl/jml-assert/recursion-assume.key 
34198      INFO  main            d.u.i.k.p.i.AbstractProblemLoader Loading environment from /home/runner/work/key/key/key.core/../key.ui/examples/standard_key/java_dl/jml-assert/recursion-assume.key 
34199      DEBUG main            d.u.i.k.p.i.AbstractProblemLoader Environment load took 531.42ns 
34200      INFO  main            d.u.i.k.p.i.AbstractProblemLoader Creating init config 
37303      DEBUG main            d.u.i.k.p.i.AbstractProblemLoader Init config took 3.1s 
37351      INFO  main            d.u.i.k.p.i.AbstractProblemLoader Replaying proof RecursiveMethod[RecursiveMethod::fac2(int)].JML normal_behavior operation contract.0 
37353      DEBUG main            d.u.i.k.p.i.IntermediateProofReplayer Proof replay took 5.8ns 
37557      INFO  main            d.u.i.k.p.r.p.TestFile    ... finished proof: closed. 
37769      INFO  main            d.u.i.k.p.i.AbstractProblemLoader Loading environment from /home/runner/work/key/key/key.core/../key.ui/examples/standard_key/java_dl/jml-assert/recursion-assume.key.proof 
37769      DEBUG main            d.u.i.k.p.i.AbstractProblemLoader Environment load took 128.21ns 
37770      INFO  main            d.u.i.k.p.i.AbstractProblemLoader Creating init config 
40712      DEBUG main            d.u.i.k.p.i.AbstractProblemLoader Init config took 2.94s 
40762      INFO  main            d.u.i.k.p.i.AbstractProblemLoader Replaying proof RecursiveMethod[RecursiveMethod::fac2(int)].JML normal_behavior operation contract.0 
40811      DEBUG main            d.u.i.k.p.i.IntermediateProofReplayer Proof replay took 45.38ms 
40812      DEBUG main            d.u.i.k.p.r.p.TestFile    ... success: reloaded. 
40813      INFO  main            d.u.i.k.p.r.p.TestFile    Now processing file /home/runner/work/key/key/key.core/../key.ui/examples/standard_key/java_dl/jml-assert/quantor-assert.key 
40813      INFO  main            d.u.i.k.p.i.AbstractProblemLoader Loading environment from /home/runner/work/key/key/key.core/../key.ui/examples/standard_key/java_dl/jml-assert/quantor-assert.key 
40813      DEBUG main            d.u.i.k.p.i.AbstractProblemLoader Environment load took 100ns 
40814      INFO  main            d.u.i.k.p.i.AbstractProblemLoader Creating init config 
43842      DEBUG main            d.u.i.k.p.i.AbstractProblemLoader Init config took 3.03s 
43889      INFO  main            d.u.i.k.p.i.AbstractProblemLoader Replaying proof Quantor[Quantor::square1(int)].JML normal_behavior operation contract.0 
43891      DEBUG main            d.u.i.k.p.i.IntermediateProofReplayer Proof replay took 6.3ns 
43993      INFO  main            d.u.i.k.p.r.p.TestFile    ... finished proof: closed. 
44192      INFO  main            d.u.i.k.p.i.AbstractProblemLoader Loading environment from /home/runner/work/key/key/key.core/../key.ui/examples/standard_key/java_dl/jml-assert/quantor-assert.key.proof 
44192      DEBUG main            d.u.i.k.p.i.AbstractProblemLoader Environment load took 142.81ns 
44193      INFO  main            d.u.i.k.p.i.AbstractProblemLoader Creating init config 
47166      DEBUG main            d.u.i.k.p.i.AbstractProblemLoader Init config took 2.97s 
47216      INFO  main            d.u.i.k.p.i.AbstractProblemLoader Replaying proof Quantor[Quantor::square1(int)].JML normal_behavior operation contract.0 
47238      DEBUG main            d.u.i.k.p.i.IntermediateProofReplayer Proof replay took 19.47ms 
47240      DEBUG main            d.u.i.k.p.r.p.TestFile    ... success: reloaded. 
47241      INFO  main            d.u.i.k.p.r.p.TestFile    Now processing file /home/runner/work/key/key/key.core/../key.ui/examples/standard_key/java_dl/jml-assert/quantor-assume.key 
47241      INFO  main            d.u.i.k.p.i.AbstractProblemLoader Loading environment from /home/runner/work/key/key/key.core/../key.ui/examples/standard_key/java_dl/jml-assert/quantor-assume.key 
47241      DEBUG main            d.u.i.k.p.i.AbstractProblemLoader Environment load took 249.91ns 
47242      INFO  main            d.u.i.k.p.i.AbstractProblemLoader Creating init config 
50193      DEBUG main            d.u.i.k.p.i.AbstractProblemLoader Init config took 2.95s 
50237      INFO  main            d.u.i.k.p.i.AbstractProblemLoader Replaying proof Quantor[Quantor::square2(int)].JML normal_behavior operation contract.0 
50238      DEBUG main            d.u.i.k.p.i.IntermediateProofReplayer Proof replay took 5.7ns 
50344      INFO  main            d.u.i.k.p.r.p.TestFile    ... finished proof: closed. 
50542      INFO  main            d.u.i.k.p.i.AbstractProblemLoader Loading environment from /home/runner/work/key/key/key.core/../key.ui/examples/standard_key/java_dl/jml-assert/quantor-assume.key.proof 
50542      DEBUG main            d.u.i.k.p.i.AbstractProblemLoader Environment load took 120.5ns 
50544      INFO  main            d.u.i.k.p.i.AbstractProblemLoader Creating init config 
53381      DEBUG main            d.u.i.k.p.i.AbstractProblemLoader Init config took 2.84s 
53426      INFO  main            d.u.i.k.p.i.AbstractProblemLoader Replaying proof Quantor[Quantor::square2(int)].JML normal_behavior operation contract.0 
53446      DEBUG main            d.u.i.k.p.i.IntermediateProofReplayer Proof replay took 17.27ms 
53447      DEBUG main            d.u.i.k.p.r.p.TestFile    ... success: reloaded. 
53449      INFO  main            d.u.i.k.p.r.p.TestFile    Now processing file /home/runner/work/key/key/key.core/../key.ui/examples/standard_key/java_dl/jml-assert/model-methods-static-static.key 
53449      INFO  main            d.u.i.k.p.i.AbstractProblemLoader Loading environment from /home/runner/work/key/key/key.core/../key.ui/examples/standard_key/java_dl/jml-assert/model-methods-static-static.key 
53449      DEBUG main            d.u.i.k.p.i.AbstractProblemLoader Environment load took 241.41ns 
53450      INFO  main            d.u.i.k.p.i.AbstractProblemLoader Creating init config 
56355      DEBUG main            d.u.i.k.p.i.AbstractProblemLoader Init config took 2.91s 
56397      INFO  main            d.u.i.k.p.i.AbstractProblemLoader Replaying proof ModelMethods[ModelMethods::test1()].JML normal_behavior operation contract.0 
56398      DEBUG main            d.u.i.k.p.i.IntermediateProofReplayer Proof replay took 5.8ns 
56500      INFO  main            d.u.i.k.p.r.p.TestFile    ... finished proof: closed. 
56736      INFO  main            d.u.i.k.p.i.AbstractProblemLoader Loading environment from /home/runner/work/key/key/key.core/../key.ui/examples/standard_key/java_dl/jml-assert/model-methods-static-static.key.proof 
56736      DEBUG main            d.u.i.k.p.i.AbstractProblemLoader Environment load took 129.7ns 
56737      INFO  main            d.u.i.k.p.i.AbstractProblemLoader Creating init config 
59530      DEBUG main            d.u.i.k.p.i.AbstractProblemLoader Init config took 2.79s 
59578      INFO  main            d.u.i.k.p.i.AbstractProblemLoader Replaying proof ModelMethods[ModelMethods::test1()].JML normal_behavior operation contract.0 
59587      DEBUG main            d.u.i.k.p.i.IntermediateProofReplayer Proof replay took 6.76ms 
59588      DEBUG main            d.u.i.k.p.r.p.TestFile    ... success: reloaded. 
59589      INFO  main            d.u.i.k.p.r.p.TestFile    Now processing file /home/runner/work/key/key/key.core/../key.ui/examples/standard_key/java_dl/jml-assert/model-methods-instance-static.key 
59589      INFO  main            d.u.i.k.p.i.AbstractProblemLoader Loading environment from /home/runner/work/key/key/key.core/../key.ui/examples/standard_key/java_dl/jml-assert/model-methods-instance-static.key 
59589      DEBUG main            d.u.i.k.p.i.AbstractProblemLoader Environment load took 99.6ns 
59590      INFO  main            d.u.i.k.p.i.AbstractProblemLoader Creating init config 
62545      DEBUG main            d.u.i.k.p.i.AbstractProblemLoader Init config took 2.96s 
62588      INFO  main            d.u.i.k.p.i.AbstractProblemLoader Replaying proof ModelMethods[ModelMethods::test2()].JML normal_behavior operation contract.0 
62590      DEBUG main            d.u.i.k.p.i.IntermediateProofReplayer Proof replay took 6.7ns 
62692      INFO  main            d.u.i.k.p.r.p.TestFile    ... finished proof: closed. 
62899      INFO  main            d.u.i.k.p.i.AbstractProblemLoader Loading environment from /home/runner/work/key/key/key.core/../key.ui/examples/standard_key/java_dl/jml-assert/model-methods-instance-static.key.proof 
62899      DEBUG main            d.u.i.k.p.i.AbstractProblemLoader Environment load took 119.1ns 
62900      INFO  main            d.u.i.k.p.i.AbstractProblemLoader Creating init config 
65724      DEBUG main            d.u.i.k.p.i.AbstractProblemLoader Init config took 2.82s 
65764      INFO  main            d.u.i.k.p.i.AbstractProblemLoader Replaying proof ModelMethods[ModelMethods::test2()].JML normal_behavior operation contract.0 
65776      DEBUG main            d.u.i.k.p.i.IntermediateProofReplayer Proof replay took 10.18ms 
65778      DEBUG main            d.u.i.k.p.r.p.TestFile    ... success: reloaded. 
65779      INFO  main            d.u.i.k.p.r.p.TestFile    Now processing file /home/runner/work/key/key/key.core/../key.ui/examples/standard_key/java_dl/jml-assert/model-methods-instance-instance.key 
65780      INFO  main            d.u.i.k.p.i.AbstractProblemLoader Loading environment from /home/runner/work/key/key/key.core/../key.ui/examples/standard_key/java_dl/jml-assert/model-methods-instance-instance.key 
65780      DEBUG main            d.u.i.k.p.i.AbstractProblemLoader Environment load took 242.71ns 
65781      INFO  main            d.u.i.k.p.i.AbstractProblemLoader Creating init config 
68726      DEBUG main            d.u.i.k.p.i.AbstractProblemLoader Init config took 2.95s 
68772      INFO  main            d.u.i.k.p.i.AbstractProblemLoader Replaying proof ModelMethods[ModelMethods::test3()].JML normal_behavior operation contract.0 
68774      DEBUG main            d.u.i.k.p.i.IntermediateProofReplayer Proof replay took 6.7ns 
68877      INFO  main            d.u.i.k.p.r.p.TestFile    ... finished proof: closed. 
69101      INFO  main            d.u.i.k.p.i.AbstractProblemLoader Loading environment from /home/runner/work/key/key/key.core/../key.ui/examples/standard_key/java_dl/jml-assert/model-methods-instance-instance.key.proof 
69101      DEBUG main            d.u.i.k.p.i.AbstractProblemLoader Environment load took 149ns 
69102      INFO  main            d.u.i.k.p.i.AbstractProblemLoader Creating init config 
71996      DEBUG main            d.u.i.k.p.i.AbstractProblemLoader Init config took 2.89s 
72039      INFO  main            d.u.i.k.p.i.AbstractProblemLoader Replaying proof ModelMethods[ModelMethods::test3()].JML normal_behavior operation contract.0 
72062      DEBUG main            d.u.i.k.p.i.IntermediateProofReplayer Proof replay took 20.3ms 
72063      DEBUG main            d.u.i.k.p.r.p.TestFile    ... success: reloaded. 
72069      INFO  main            d.u.i.k.p.r.p.TestFile    Now processing file /home/runner/work/key/key/key.core/../key.ui/examples/standard_key/java_dl/jml-assert/model-methods-static-instance.key 
72069      INFO  main            d.u.i.k.p.i.AbstractProblemLoader Loading environment from /home/runner/work/key/key/key.core/../key.ui/examples/standard_key/java_dl/jml-assert/model-methods-static-instance.key 
72069      DEBUG main            d.u.i.k.p.i.AbstractProblemLoader Environment load took 150.9ns 
72070      INFO  main            d.u.i.k.p.i.AbstractProblemLoader Creating init config 
75021      DEBUG main            d.u.i.k.p.i.AbstractProblemLoader Init config took 2.95s 
75063      INFO  main            d.u.i.k.p.i.AbstractProblemLoader Replaying proof ModelMethods[ModelMethods::test4()].JML normal_behavior operation contract.0 
75064      DEBUG main            d.u.i.k.p.i.IntermediateProofReplayer Proof replay took 6ns 
75268      INFO  main            d.u.i.k.p.r.p.TestFile    ... finished proof: closed. 
75540      INFO  main            d.u.i.k.p.i.AbstractProblemLoader Loading environment from /home/runner/work/key/key/key.core/../key.ui/examples/standard_key/java_dl/jml-assert/model-methods-static-instance.key.proof 
75540      DEBUG main            d.u.i.k.p.i.AbstractProblemLoader Environment load took 119.41ns 
75541      INFO  main            d.u.i.k.p.i.AbstractProblemLoader Creating init config 
78377      DEBUG main            d.u.i.k.p.i.AbstractProblemLoader Init config took 2.84s 
78416      INFO  main            d.u.i.k.p.i.AbstractProblemLoader Replaying proof ModelMethods[ModelMethods::test4()].JML normal_behavior operation contract.0 
78455      DEBUG main            d.u.i.k.p.i.IntermediateProofReplayer Proof replay took 37.05ms 
78457      DEBUG main            d.u.i.k.p.r.p.TestFile    ... success: reloaded. 
78458      INFO  main            d.u.i.k.p.r.p.TestFile    Now processing file /home/runner/work/key/key/key.core/../key.ui/examples/standard_key/java_dl/jml-assert/assert-old/inc-field.key 
78458      INFO  main            d.u.i.k.p.i.AbstractProblemLoader Loading environment from /home/runner/work/key/key/key.core/../key.ui/examples/standard_key/java_dl/jml-assert/assert-old/inc-field.key 
78458      DEBUG main            d.u.i.k.p.i.AbstractProblemLoader Environment load took 76.3ns 
78459      INFO  main            d.u.i.k.p.i.AbstractProblemLoader Creating init config 
81281      DEBUG main            d.u.i.k.p.i.AbstractProblemLoader Init config took 2.82s 
81318      INFO  main            d.u.i.k.p.i.AbstractProblemLoader Replaying proof Inc[Inc::inc_field()].JML normal_behavior operation contract.0 
81319      DEBUG main            d.u.i.k.p.i.IntermediateProofReplayer Proof replay took 6.2ns 
81521      INFO  main            d.u.i.k.p.r.p.TestFile    ... finished proof: closed. 
81758      INFO  main            d.u.i.k.p.i.AbstractProblemLoader Loading environment from /home/runner/work/key/key/key.core/../key.ui/examples/standard_key/java_dl/jml-assert/assert-old/inc-field.key.proof 
81758      DEBUG main            d.u.i.k.p.i.AbstractProblemLoader Environment load took 128.5ns 
81759      INFO  main            d.u.i.k.p.i.AbstractProblemLoader Creating init config 
84451      DEBUG main            d.u.i.k.p.i.AbstractProblemLoader Init config took 2.69s 
84491      INFO  main            d.u.i.k.p.i.AbstractProblemLoader Replaying proof Inc[Inc::inc_field()].JML normal_behavior operation contract.0 
84530      DEBUG main            d.u.i.k.p.i.IntermediateProofReplayer Proof replay took 36.4ms 
84531      DEBUG main            d.u.i.k.p.r.p.TestFile    ... success: reloaded. 
84532      INFO  main            d.u.i.k.p.r.p.TestFile    Now processing file /home/runner/work/key/key/key.core/../key.ui/examples/standard_key/java_dl/jml-assert/assert-old/inc-parameter.key 
84532      INFO  main            d.u.i.k.p.i.AbstractProblemLoader Loading environment from /home/runner/work/key/key/key.core/../key.ui/examples/standard_key/java_dl/jml-assert/assert-old/inc-parameter.key 
84532      DEBUG main            d.u.i.k.p.i.AbstractProblemLoader Environment load took 124.8ns 
84533      INFO  main            d.u.i.k.p.i.AbstractProblemLoader Creating init config 
87321      DEBUG main            d.u.i.k.p.i.AbstractProblemLoader Init config took 2.79s 
87370      INFO  main            d.u.i.k.p.i.AbstractProblemLoader Replaying proof Inc[Inc::inc_parameter(int)].JML normal_behavior operation contract.0 
87371      DEBUG main            d.u.i.k.p.i.IntermediateProofReplayer Proof replay took 6.9ns 
87474      INFO  main            d.u.i.k.p.r.p.TestFile    ... finished proof: closed. 
87734      INFO  main            d.u.i.k.p.i.AbstractProblemLoader Loading environment from /home/runner/work/key/key/key.core/../key.ui/examples/standard_key/java_dl/jml-assert/assert-old/inc-parameter.key.proof 
87734      DEBUG main            d.u.i.k.p.i.AbstractProblemLoader Environment load took 134.81ns 
87736      INFO  main            d.u.i.k.p.i.AbstractProblemLoader Creating init config 
90433      DEBUG main            d.u.i.k.p.i.AbstractProblemLoader Init config took 2.7s 
90467      INFO  main            d.u.i.k.p.i.AbstractProblemLoader Replaying proof Inc[Inc::inc_parameter(int)].JML normal_behavior operation contract.0 
90486      DEBUG main            d.u.i.k.p.i.IntermediateProofReplayer Proof replay took 17ms 
90487      DEBUG main            d.u.i.k.p.r.p.TestFile    ... success: reloaded. 
90487      INFO  main            d.u.i.k.p.r.p.TestFile    Now processing file /home/runner/work/key/key/key.core/../key.ui/examples/standard_key/java_dl/jml-assert/assert-old/inc-parameter-field.key 
90488      INFO  main            d.u.i.k.p.i.AbstractProblemLoader Loading environment from /home/runner/work/key/key/key.core/../key.ui/examples/standard_key/java_dl/jml-assert/assert-old/inc-parameter-field.key 
90488      DEBUG main            d.u.i.k.p.i.AbstractProblemLoader Environment load took 120.4ns 
90489      INFO  main            d.u.i.k.p.i.AbstractProblemLoader Creating init config 
93301      DEBUG main            d.u.i.k.p.i.AbstractProblemLoader Init config took 2.81s 
93339      INFO  main            d.u.i.k.p.i.AbstractProblemLoader Replaying proof Inc[Inc::inc_parameter_field(Inc)].JML normal_behavior operation contract.0 
93341      DEBUG main            d.u.i.k.p.i.IntermediateProofReplayer Proof replay took 6.1ns 
93544      INFO  main            d.u.i.k.p.r.p.TestFile    ... finished proof: closed. 
93817      INFO  main            d.u.i.k.p.i.AbstractProblemLoader Loading environment from /home/runner/work/key/key/key.core/../key.ui/examples/standard_key/java_dl/jml-assert/assert-old/inc-parameter-field.key.proof 
93817      DEBUG main            d.u.i.k.p.i.AbstractProblemLoader Environment load took 339.61ns 
93818      INFO  main            d.u.i.k.p.i.AbstractProblemLoader Creating init config 
96520      DEBUG main            d.u.i.k.p.i.AbstractProblemLoader Init config took 2.7s 
96579      INFO  main            d.u.i.k.p.i.AbstractProblemLoader Replaying proof Inc[Inc::inc_parameter_field(Inc)].JML normal_behavior operation contract.0 
96627      DEBUG main            d.u.i.k.p.i.IntermediateProofReplayer Proof replay took 45.02ms 
96627      DEBUG main            d.u.i.k.p.r.p.TestFile    ... success: reloaded. 
96629      INFO  main            d.u.i.k.p.r.p.TestFile    Now processing file /home/runner/work/key/key/key.core/../key.ui/examples/standard_key/java_dl/jml-assert/assert-old/inc-ghost-field.key 
96630      INFO  main            d.u.i.k.p.i.AbstractProblemLoader Loading environment from /home/runner/work/key/key/key.core/../key.ui/examples/standard_key/java_dl/jml-assert/assert-old/inc-ghost-field.key 
96630      DEBUG main            d.u.i.k.p.i.AbstractProblemLoader Environment load took 117.5ns 
96631      INFO  main            d.u.i.k.p.i.AbstractProblemLoader Creating init config 
99526      DEBUG main            d.u.i.k.p.i.AbstractProblemLoader Init config took 2.9s 
99564      INFO  main            d.u.i.k.p.i.AbstractProblemLoader Replaying proof Inc[Inc::inc_ghost_field()].JML normal_behavior operation contract.0 
99566      DEBUG main            d.u.i.k.p.i.IntermediateProofReplayer Proof replay took 6.6ns 
99773      INFO  main            d.u.i.k.p.r.p.TestFile    ... finished proof: closed. 
100044     INFO  main            d.u.i.k.p.i.AbstractProblemLoader Loading environment from /home/runner/work/key/key/key.core/../key.ui/examples/standard_key/java_dl/jml-assert/assert-old/inc-ghost-field.key.proof 
100044     DEBUG main            d.u.i.k.p.i.AbstractProblemLoader Environment load took 129.4ns 
100045     INFO  main            d.u.i.k.p.i.AbstractProblemLoader Creating init config 
102746     DEBUG main            d.u.i.k.p.i.AbstractProblemLoader Init config took 2.7s 
102797     INFO  main            d.u.i.k.p.i.AbstractProblemLoader Replaying proof Inc[Inc::inc_ghost_field()].JML normal_behavior operation contract.0 
102843     DEBUG main            d.u.i.k.p.i.IntermediateProofReplayer Proof replay took 42.98ms 
102845     DEBUG main            d.u.i.k.p.r.p.TestFile    ... success: reloaded. 
819669     INFO  Test worker     d.u.i.k.p.r.RunAllProofsTestUnit Returning from test jmlAsserts 
819672     INFO  Test worker     d.u.i.k.p.r.RunAllProofsTestUnit Running test javaCard 
454        INFO  Timeout watchdog d.u.i.k.p.r.p.ForkedTestFileRunner Timeout watcher launched (2000 secs.) 
478        WARN  main            d.u.i.k.s.ProofSettings   The settings in /home/runner/.key/proof-settings.props are *not* read. 
535        INFO  main            d.u.i.k.p.r.p.TestFile    Now processing file /home/runner/work/key/key/key.core/../key.ui/examples/heap/javacard/updateBalance0.key 
663        INFO  main            d.u.i.k.p.i.AbstractProblemLoader Loading environment from /home/runner/work/key/key/key.core/../key.ui/examples/heap/javacard/updateBalance0.key 
683        DEBUG main            d.u.i.k.p.i.AbstractProblemLoader Environment load took 2.38ms 
945        INFO  main            d.u.i.k.p.i.AbstractProblemLoader Creating init config 
1959       DEBUG main            d.u.i.k.j.TypeConverter   No LDT found for Meta 
1959       DEBUG main            d.u.i.k.j.TypeConverter   No LDT found for Meta 
1961       DEBUG main            d.u.i.k.j.TypeConverter   No LDT found for Meta 
1961       DEBUG main            d.u.i.k.j.TypeConverter   No LDT found for Meta 
3575       DEBUG main            d.u.i.k.j.TypeConverter   No LDT found for JavaBigintExpression 
7697       DEBUG main            d.u.i.k.p.i.AbstractProblemLoader Init config took 6.75s 
7885       INFO  main            d.u.i.k.p.i.AbstractProblemLoader Replaying proof Examples[Examples::updateBalance(short)].JML normal_behavior operation contract.0 
7936       DEBUG main            d.u.i.k.p.i.IntermediateProofReplayer Proof replay took 48.6ns 
9492       INFO  main            d.u.i.k.p.r.p.TestFile    ... finished proof: closed. 
9620       INFO  main            d.u.i.k.p.i.AbstractProblemLoader Loading environment from /home/runner/work/key/key/key.core/../key.ui/examples/heap/javacard/updateBalance0.key.proof 
9620       DEBUG main            d.u.i.k.p.i.AbstractProblemLoader Environment load took 179.1ns 
9627       INFO  main            d.u.i.k.p.i.AbstractProblemLoader Creating init config 
11750      DEBUG main            d.u.i.k.p.i.AbstractProblemLoader Init config took 2.12s 
11842      INFO  main            d.u.i.k.p.i.AbstractProblemLoader Replaying proof Examples[Examples::updateBalance(short)].JML normal_behavior operation contract.0 
12133      DEBUG main            d.u.i.k.p.i.IntermediateProofReplayer Proof replay took 270.38ms 
12143      DEBUG main            d.u.i.k.p.r.p.TestFile    ... success: reloaded. 
12146      INFO  main            d.u.i.k.p.r.p.TestFile    Now processing file /home/runner/work/key/key/key.core/../key.ui/examples/heap/javacard/updateBalance1.key 
12147      INFO  main            d.u.i.k.p.i.AbstractProblemLoader Loading environment from /home/runner/work/key/key/key.core/../key.ui/examples/heap/javacard/updateBalance1.key 
12147      DEBUG main            d.u.i.k.p.i.AbstractProblemLoader Environment load took 294.61ns 
12149      INFO  main            d.u.i.k.p.i.AbstractProblemLoader Creating init config 
14131      DEBUG main            d.u.i.k.p.i.AbstractProblemLoader Init config took 1.98s 
14185      INFO  main            d.u.i.k.p.i.AbstractProblemLoader Replaying proof Examples[Examples::updateBalance(short)].JML normal_behavior operation contract.1 
14188      DEBUG main            d.u.i.k.p.i.IntermediateProofReplayer Proof replay took 6.1ns 
14898      INFO  main            d.u.i.k.p.r.p.TestFile    ... finished proof: closed. 
15046      INFO  main            d.u.i.k.p.i.AbstractProblemLoader Loading environment from /home/runner/work/key/key/key.core/../key.ui/examples/heap/javacard/updateBalance1.key.proof 
15047      DEBUG main            d.u.i.k.p.i.AbstractProblemLoader Environment load took 1.18ms 
15052      INFO  main            d.u.i.k.p.i.AbstractProblemLoader Creating init config 
16929      DEBUG main            d.u.i.k.p.i.AbstractProblemLoader Init config took 1.88s 
16980      INFO  main            d.u.i.k.p.i.AbstractProblemLoader Replaying proof Examples[Examples::updateBalance(short)].JML normal_behavior operation contract.1 
17158      DEBUG main            d.u.i.k.p.i.IntermediateProofReplayer Proof replay took 172.81ms 
17161      DEBUG main            d.u.i.k.p.r.p.TestFile    ... success: reloaded. 
17164      INFO  main            d.u.i.k.p.r.p.TestFile    Now processing file /home/runner/work/key/key/key.core/../key.ui/examples/heap/javacard/setArray1.key 
17164      INFO  main            d.u.i.k.p.i.AbstractProblemLoader Loading environment from /home/runner/work/key/key/key.core/../key.ui/examples/heap/javacard/setArray1.key 
17165      DEBUG main            d.u.i.k.p.i.AbstractProblemLoader Environment load took 284.41ns 
17166      INFO  main            d.u.i.k.p.i.AbstractProblemLoader Creating init config 
18950      DEBUG main            d.u.i.k.p.i.AbstractProblemLoader Init config took 1.78s 
18996      INFO  main            d.u.i.k.p.i.AbstractProblemLoader Replaying proof Examples[Examples::setArray1([B)].JML normal_behavior operation contract.0 
18999      DEBUG main            d.u.i.k.p.i.IntermediateProofReplayer Proof replay took 6.9ns 
20105      INFO  main            d.u.i.k.p.r.p.TestFile    ... finished proof: closed. 
20284      INFO  main            d.u.i.k.p.i.AbstractProblemLoader Loading environment from /home/runner/work/key/key/key.core/../key.ui/examples/heap/javacard/setArray1.key.proof 
20284      DEBUG main            d.u.i.k.p.i.AbstractProblemLoader Environment load took 513.62ns 
20287      INFO  main            d.u.i.k.p.i.AbstractProblemLoader Creating init config 
22119      DEBUG main            d.u.i.k.p.i.AbstractProblemLoader Init config took 1.83s 
22165      INFO  main            d.u.i.k.p.i.AbstractProblemLoader Replaying proof Examples[Examples::setArray1([B)].JML normal_behavior operation contract.0 
22428      DEBUG main            d.u.i.k.p.i.IntermediateProofReplayer Proof replay took 257.14ms 
22431      DEBUG main            d.u.i.k.p.r.p.TestFile    ... success: reloaded. 
22433      INFO  main            d.u.i.k.p.r.p.TestFile    Now processing file /home/runner/work/key/key/key.core/../key.ui/examples/heap/javacard/setArray2.key 
22434      INFO  main            d.u.i.k.p.i.AbstractProblemLoader Loading environment from /home/runner/work/key/key/key.core/../key.ui/examples/heap/javacard/setArray2.key 
22434      DEBUG main            d.u.i.k.p.i.AbstractProblemLoader Environment load took 249.01ns 
22435      INFO  main            d.u.i.k.p.i.AbstractProblemLoader Creating init config 
24253      DEBUG main            d.u.i.k.p.i.AbstractProblemLoader Init config took 1.82s 
24300      INFO  main            d.u.i.k.p.i.AbstractProblemLoader Replaying proof Examples[Examples::setArray2([B)].JML normal_behavior operation contract.0 
24305      DEBUG main            d.u.i.k.p.i.IntermediateProofReplayer Proof replay took 6.2ns 
25412      INFO  main            d.u.i.k.p.r.p.TestFile    ... finished proof: closed. 
25545      INFO  main            d.u.i.k.p.i.AbstractProblemLoader Loading environment from /home/runner/work/key/key/key.core/../key.ui/examples/heap/javacard/setArray2.key.proof 
25546      DEBUG main            d.u.i.k.p.i.AbstractProblemLoader Environment load took 1.48ms 
25548      INFO  main            d.u.i.k.p.i.AbstractProblemLoader Creating init config 
27353      DEBUG main            d.u.i.k.p.i.AbstractProblemLoader Init config took 1.8s 
27404      INFO  main            d.u.i.k.p.i.AbstractProblemLoader Replaying proof Examples[Examples::setArray2([B)].JML normal_behavior operation contract.0 
27703      DEBUG main            d.u.i.k.p.i.IntermediateProofReplayer Proof replay took 290.08ms 
27706      DEBUG main            d.u.i.k.p.r.p.TestFile    ... success: reloaded. 
27708      INFO  main            d.u.i.k.p.r.p.TestFile    Now processing file /home/runner/work/key/key/key.core/../key.ui/examples/heap/javacard/arrayFillNonAtomic.key 
27708      INFO  main            d.u.i.k.p.i.AbstractProblemLoader Loading environment from /home/runner/work/key/key/key.core/../key.ui/examples/heap/javacard/arrayFillNonAtomic.key 
27708      DEBUG main            d.u.i.k.p.i.AbstractProblemLoader Environment load took 297.81ns 
27710      INFO  main            d.u.i.k.p.i.AbstractProblemLoader Creating init config 
29487      DEBUG main            d.u.i.k.p.i.AbstractProblemLoader Init config took 1.78s 
29550      INFO  main            d.u.i.k.p.i.AbstractProblemLoader Replaying proof javacard.framework.Util[javacard.framework.Util::arrayFillNonAtomic([B,short,short,byte)].JML behavior operation contract.0.transaction_inactive 
29552      DEBUG main            d.u.i.k.p.i.IntermediateProofReplayer Proof replay took 6.5ns 
30526      DEBUG Thread-13       d.u.i.k.l.o.ProgramSV     Match failed: Former match of  SchemaVariable incompatible with  the current match. 
30527      DEBUG Thread-13       d.u.i.k.l.o.ProgramSV     Match failed: Former match of  SchemaVariable incompatible with  the current match. 
32022      DEBUG Thread-13       d.u.i.k.l.o.ProgramSV     Match failed: Former match of  SchemaVariable incompatible with  the current match. 
32023      DEBUG Thread-13       d.u.i.k.l.o.ProgramSV     Match failed: Former match of  SchemaVariable incompatible with  the current match. 
33716      INFO  main            d.u.i.k.p.r.p.TestFile    ... finished proof: closed. 
33901      INFO  main            d.u.i.k.p.i.AbstractProblemLoader Loading environment from /home/runner/work/key/key/key.core/../key.ui/examples/heap/javacard/arrayFillNonAtomic.key.proof 
33902      DEBUG main            d.u.i.k.p.i.AbstractProblemLoader Environment load took 537.82ns 
33904      INFO  main            d.u.i.k.p.i.AbstractProblemLoader Creating init config 
35597      DEBUG main            d.u.i.k.p.i.AbstractProblemLoader Init config took 1.69s 
35670      INFO  main            d.u.i.k.p.i.AbstractProblemLoader Replaying proof javacard.framework.Util[javacard.framework.Util::arrayFillNonAtomic([B,short,short,byte)].JML behavior operation contract.0.transaction_inactive 
36831      DEBUG main            d.u.i.k.p.i.IntermediateProofReplayer Proof replay took 1.14s 
36832      DEBUG main            d.u.i.k.p.r.p.TestFile    ... success: reloaded. 
36834      INFO  main            d.u.i.k.p.r.p.TestFile    Now processing file /home/runner/work/key/key/key.core/../key.ui/examples/heap/coincidence_count/project.key 
36834      INFO  main            d.u.i.k.p.i.AbstractProblemLoader Loading environment from /home/runner/work/key/key/key.core/../key.ui/examples/heap/coincidence_count/project.key 
36834      DEBUG main            d.u.i.k.p.i.AbstractProblemLoader Environment load took 253.31ns 
36836      INFO  main            d.u.i.k.p.i.AbstractProblemLoader Creating init config 
40714      DEBUG main            d.u.i.k.p.i.AbstractProblemLoader Init config took 3.88s 
40774      INFO  main            d.u.i.k.p.i.AbstractProblemLoader Replaying proof CC[CC::calcCoinIndex([I,[I)].JML normal_behavior operation contract.0 
40779      DEBUG main            d.u.i.k.p.i.IntermediateProofReplayer Proof replay took 7ns 
61531      INFO  main            d.u.i.k.p.r.p.TestFile    ... finished proof: closed. 
61988      INFO  main            d.u.i.k.p.i.AbstractProblemLoader Loading environment from /home/runner/work/key/key/key.core/../key.ui/examples/heap/coincidence_count/project.key.proof 
61989      DEBUG main            d.u.i.k.p.i.AbstractProblemLoader Environment load took 552.91ns 
61993      INFO  main            d.u.i.k.p.i.AbstractProblemLoader Creating init config 
65048      DEBUG main            d.u.i.k.p.i.AbstractProblemLoader Init config took 3.05s 
65092      INFO  main            d.u.i.k.p.i.AbstractProblemLoader Replaying proof CC[CC::calcCoinIndex([I,[I)].JML normal_behavior operation contract.0 
66406      DEBUG main            d.u.i.k.p.i.IntermediateProofReplayer Proof replay took 1.24s 
66410      DEBUG main            d.u.i.k.p.r.p.TestFile    ... success: reloaded. 
66411      INFO  main            d.u.i.k.p.r.p.TestFile    Now processing file /home/runner/work/key/key/key.core/../key.ui/examples/heap/verifyThis11_1_Maximum/project.key 
66411      INFO  main            d.u.i.k.p.i.AbstractProblemLoader Loading environment from /home/runner/work/key/key/key.core/../key.ui/examples/heap/verifyThis11_1_Maximum/project.key 
66411      DEBUG main            d.u.i.k.p.i.AbstractProblemLoader Environment load took 135.1ns 
66412      INFO  main            d.u.i.k.p.i.AbstractProblemLoader Creating init config 
69598      DEBUG main            d.u.i.k.p.i.AbstractProblemLoader Init config took 3.19s 
69645      INFO  main            d.u.i.k.p.i.AbstractProblemLoader Replaying proof Maximum[Maximum::maxIndex([I)].JML normal_behavior operation contract.0 
69647      DEBUG main            d.u.i.k.p.i.IntermediateProofReplayer Proof replay took 7.2ns 
70696      INFO  main            d.u.i.k.p.r.p.TestFile    ... finished proof: closed. 
70971      INFO  main            d.u.i.k.p.i.AbstractProblemLoader Loading environment from /home/runner/work/key/key/key.core/../key.ui/examples/heap/verifyThis11_1_Maximum/project.key.proof 
70971      DEBUG main            d.u.i.k.p.i.AbstractProblemLoader Environment load took 671.32ns 
70973      INFO  main            d.u.i.k.p.i.AbstractProblemLoader Creating init config 
73933      DEBUG main            d.u.i.k.p.i.AbstractProblemLoader Init config took 2.96s 
73983      INFO  main            d.u.i.k.p.i.AbstractProblemLoader Replaying proof Maximum[Maximum::maxIndex([I)].JML normal_behavior operation contract.0 
74183      DEBUG main            d.u.i.k.p.i.IntermediateProofReplayer Proof replay took 193.97ms 
74185      DEBUG main            d.u.i.k.p.r.p.TestFile    ... success: reloaded. 
74186      INFO  main            d.u.i.k.p.r.p.TestFile    Now processing file /home/runner/work/key/key/key.core/../key.ui/examples/heap/fm12_01_LRS/lcp.key 
74186      INFO  main            d.u.i.k.p.i.AbstractProblemLoader Loading environment from /home/runner/work/key/key/key.core/../key.ui/examples/heap/fm12_01_LRS/lcp.key 
74187      DEBUG main            d.u.i.k.p.i.AbstractProblemLoader Environment load took 278.91ns 
74190      INFO  main            d.u.i.k.p.i.AbstractProblemLoader Creating init config 
78159      DEBUG main            d.u.i.k.p.i.AbstractProblemLoader Init config took 3.97s 
78234      INFO  main            d.u.i.k.p.i.AbstractProblemLoader Replaying proof LCP[LCP::lcp([I,int,int)].JML normal_behavior operation contract.0 
78238      DEBUG main            d.u.i.k.p.i.IntermediateProofReplayer Proof replay took 6.4ns 
79350      INFO  main            d.u.i.k.p.r.p.TestFile    ... finished proof: closed. 
79640      INFO  main            d.u.i.k.p.i.AbstractProblemLoader Loading environment from /home/runner/work/key/key/key.core/../key.ui/examples/heap/fm12_01_LRS/lcp.key.proof 
79641      DEBUG main            d.u.i.k.p.i.AbstractProblemLoader Environment load took 555.82ns 
79643      INFO  main            d.u.i.k.p.i.AbstractProblemLoader Creating init config 
83218      DEBUG main            d.u.i.k.p.i.AbstractProblemLoader Init config took 3.58s 
83290      INFO  main            d.u.i.k.p.i.AbstractProblemLoader Replaying proof LCP[LCP::lcp([I,int,int)].JML normal_behavior operation contract.0 
83563      DEBUG main            d.u.i.k.p.i.IntermediateProofReplayer Proof replay took 267.36ms 
83565      DEBUG main            d.u.i.k.p.r.p.TestFile    ... success: reloaded. 
83566      INFO  main            d.u.i.k.p.r.p.TestFile    Now processing file /home/runner/work/key/key/key.core/../key.ui/examples/heap/SemanticSlicing/project.key 
83566      INFO  main            d.u.i.k.p.i.AbstractProblemLoader Loading environment from /home/runner/work/key/key/key.core/../key.ui/examples/heap/SemanticSlicing/project.key 
83567      DEBUG main            d.u.i.k.p.i.AbstractProblemLoader Environment load took 431.81ns 
83568      INFO  main            d.u.i.k.p.i.AbstractProblemLoader Creating init config 
86765      DEBUG main            d.u.i.k.p.i.AbstractProblemLoader Init config took 3.2s 
86848      INFO  main            d.u.i.k.p.i.AbstractProblemLoader Replaying proof unsatcore_after.competition.postcond5.scope333.LRS[unsatcore_after.competition.postcond5.scope333.LRS::doLRS()].JML operation contract.0 
86851      DEBUG main            d.u.i.k.p.i.IntermediateProofReplayer Proof replay took 7.1ns 
91189      INFO  main            d.u.i.k.p.r.p.TestFile    ... finished proof: closed. 
91509      INFO  main            d.u.i.k.p.i.AbstractProblemLoader Loading environment from /home/runner/work/key/key/key.core/../key.ui/examples/heap/SemanticSlicing/project.key.proof 
91510      DEBUG main            d.u.i.k.p.i.AbstractProblemLoader Environment load took 534.72ns 
91512      INFO  main            d.u.i.k.p.i.AbstractProblemLoader Creating init config 
94473      DEBUG main            d.u.i.k.p.i.AbstractProblemLoader Init config took 2.96s 
94533      INFO  main            d.u.i.k.p.i.AbstractProblemLoader Replaying proof unsatcore_after.competition.postcond5.scope333.LRS[unsatcore_after.competition.postcond5.scope333.LRS::doLRS()].JML operation contract.0 
95606      DEBUG main            d.u.i.k.p.i.IntermediateProofReplayer Proof replay took 1.05s 
95608      DEBUG main            d.u.i.k.p.r.p.TestFile    ... success: reloaded. 
95609      INFO  main            d.u.i.k.p.r.p.TestFile    Now processing file /home/runner/work/key/key/key.core/../key.ui/examples/heap/information_flow/ArrayList_contains.key 
95610      INFO  main            d.u.i.k.p.i.AbstractProblemLoader Loading environment from /home/runner/work/key/key/key.core/../key.ui/examples/heap/information_flow/ArrayList_contains.key 
95610      DEBUG main            d.u.i.k.p.i.AbstractProblemLoader Environment load took 270.51ns 
95611      INFO  main            d.u.i.k.p.i.AbstractProblemLoader Creating init config 
98911      DEBUG main            d.u.i.k.p.i.AbstractProblemLoader Init config took 3.3s 
98960      INFO  main            d.u.i.k.p.i.AbstractProblemLoader Replaying proof ArrayList[ArrayList::get(int)].JML normal_behavior operation contract.0 
98962      DEBUG main            d.u.i.k.p.i.IntermediateProofReplayer Proof replay took 7.7ns 
99264      INFO  main            d.u.i.k.p.r.p.TestFile    ... finished proof: closed. 
99588      INFO  main            d.u.i.k.p.i.AbstractProblemLoader Loading environment from /home/runner/work/key/key/key.core/../key.ui/examples/heap/information_flow/ArrayList_contains.key.proof 
99588      DEBUG main            d.u.i.k.p.i.AbstractProblemLoader Environment load took 120.8ns 
99589      INFO  main            d.u.i.k.p.i.AbstractProblemLoader Creating init config 
102558     DEBUG main            d.u.i.k.p.i.AbstractProblemLoader Init config took 2.97s 
102606     INFO  main            d.u.i.k.p.i.AbstractProblemLoader Replaying proof ArrayList[ArrayList::get(int)].JML normal_behavior operation contract.0 
102686     DEBUG main            d.u.i.k.p.i.IntermediateProofReplayer Proof replay took 73.2ms 
102687     DEBUG main            d.u.i.k.p.r.p.TestFile    ... success: reloaded. 
102688     INFO  main            d.u.i.k.p.r.p.TestFile    Now processing file /home/runner/work/key/key/key.core/../key.ui/examples/heap/information_flow/ArrayList_get.key 
102688     INFO  main            d.u.i.k.p.i.AbstractProblemLoader Loading environment from /home/runner/work/key/key/key.core/../key.ui/examples/heap/information_flow/ArrayList_get.key 
102688     DEBUG main            d.u.i.k.p.i.AbstractProblemLoader Environment load took 127.7ns 
102689     INFO  main            d.u.i.k.p.i.AbstractProblemLoader Creating init config 
105715     DEBUG main            d.u.i.k.p.i.AbstractProblemLoader Init config took 3.03s 
105754     INFO  main            d.u.i.k.p.i.AbstractProblemLoader Replaying proof ArrayList[ArrayList::contains(java.lang.Object)].JML normal_behavior operation contract.0 
105755     DEBUG main            d.u.i.k.p.i.IntermediateProofReplayer Proof replay took 5.5ns 
106662     INFO  main            d.u.i.k.p.r.p.TestFile    ... finished proof: closed. 
106967     INFO  main            d.u.i.k.p.i.AbstractProblemLoader Loading environment from /home/runner/work/key/key/key.core/../key.ui/examples/heap/information_flow/ArrayList_get.key.proof 
106967     DEBUG main            d.u.i.k.p.i.AbstractProblemLoader Environment load took 586.02ns 
106969     INFO  main            d.u.i.k.p.i.AbstractProblemLoader Creating init config 
109959     DEBUG main            d.u.i.k.p.i.AbstractProblemLoader Init config took 2.99s 
110012     INFO  main            d.u.i.k.p.i.AbstractProblemLoader Replaying proof ArrayList[ArrayList::contains(java.lang.Object)].JML normal_behavior operation contract.0 
110203     DEBUG main            d.u.i.k.p.i.IntermediateProofReplayer Proof replay took 184.49ms 
110209     DEBUG main            d.u.i.k.p.r.p.TestFile    ... success: reloaded. 
110210     INFO  main            d.u.i.k.p.r.p.TestFile    Now processing file /home/runner/work/key/key/key.core/../key.ui/examples/heap/information_flow/ArrayList_size.key 
110210     INFO  main            d.u.i.k.p.i.AbstractProblemLoader Loading environment from /home/runner/work/key/key/key.core/../key.ui/examples/heap/information_flow/ArrayList_size.key 
110210     DEBUG main            d.u.i.k.p.i.AbstractProblemLoader Environment load took 206.21ns 
110211     INFO  main            d.u.i.k.p.i.AbstractProblemLoader Creating init config 
113251     DEBUG main            d.u.i.k.p.i.AbstractProblemLoader Init config took 3.04s 
113312     INFO  main            d.u.i.k.p.i.AbstractProblemLoader Replaying proof ArrayList[ArrayList::size()].JML normal_behavior operation contract.0 
113314     DEBUG main            d.u.i.k.p.i.IntermediateProofReplayer Proof replay took 6.9ns 
113420     INFO  main            d.u.i.k.p.r.p.TestFile    ... finished proof: closed. 
113787     INFO  main            d.u.i.k.p.i.AbstractProblemLoader Loading environment from /home/runner/work/key/key/key.core/../key.ui/examples/heap/information_flow/ArrayList_size.key.proof 
113787     DEBUG main            d.u.i.k.p.i.AbstractProblemLoader Environment load took 154.91ns 
113788     INFO  main            d.u.i.k.p.i.AbstractProblemLoader Creating init config 
116818     DEBUG main            d.u.i.k.p.i.AbstractProblemLoader Init config took 3.03s 
116860     INFO  main            d.u.i.k.p.i.AbstractProblemLoader Replaying proof ArrayList[ArrayList::size()].JML normal_behavior operation contract.0 
116878     DEBUG main            d.u.i.k.p.i.IntermediateProofReplayer Proof replay took 15.75ms 
116879     DEBUG main            d.u.i.k.p.r.p.TestFile    ... success: reloaded. 
116880     INFO  main            d.u.i.k.p.r.p.TestFile    Now processing file /home/runner/work/key/key/key.core/../key.ui/examples/heap/information_flow/UpdateAbstraction_ex7_3_secure.key 
116880     INFO  main            d.u.i.k.p.i.AbstractProblemLoader Loading environment from /home/runner/work/key/key/key.core/../key.ui/examples/heap/information_flow/UpdateAbstraction_ex7_3_secure.key 
116880     DEBUG main            d.u.i.k.p.i.AbstractProblemLoader Environment load took 103.8ns 
116881     INFO  main            d.u.i.k.p.i.AbstractProblemLoader Creating init config 
120085     DEBUG main            d.u.i.k.p.i.AbstractProblemLoader Init config took 3.2s 
120147     INFO  main            d.u.i.k.p.i.AbstractProblemLoader Replaying proof UpdateAbstraction[UpdateAbstraction::ex7_3_secure()].JML operation contract.0 
120148     DEBUG main            d.u.i.k.p.i.IntermediateProofReplayer Proof replay took 6.6ns 
120350     INFO  main            d.u.i.k.p.r.p.TestFile    ... finished proof: closed. 
120663     INFO  main            d.u.i.k.p.i.AbstractProblemLoader Loading environment from /home/runner/work/key/key/key.core/../key.ui/examples/heap/information_flow/UpdateAbstraction_ex7_3_secure.key.proof 
120663     DEBUG main            d.u.i.k.p.i.AbstractProblemLoader Environment load took 121.4ns 
120664     INFO  main            d.u.i.k.p.i.AbstractProblemLoader Creating init config 
123801     DEBUG main            d.u.i.k.p.i.AbstractProblemLoader Init config took 3.14s 
123844     INFO  main            d.u.i.k.p.i.AbstractProblemLoader Replaying proof UpdateAbstraction[UpdateAbstraction::ex7_3_secure()].JML operation contract.0 
123894     DEBUG main            d.u.i.k.p.i.IntermediateProofReplayer Proof replay took 42.75ms 
123895     DEBUG main            d.u.i.k.p.r.p.TestFile    ... success: reloaded. 
123897     INFO  main            d.u.i.k.p.r.p.TestFile    Now processing file /home/runner/work/key/key/key.core/../key.ui/examples/heap/information_flow/UpdateAbstraction_ex7_4_secure.key 
123898     INFO  main            d.u.i.k.p.i.AbstractProblemLoader Loading environment from /home/runner/work/key/key/key.core/../key.ui/examples/heap/information_flow/UpdateAbstraction_ex7_4_secure.key 
123898     DEBUG main            d.u.i.k.p.i.AbstractProblemLoader Environment load took 182.41ns 
123899     INFO  main            d.u.i.k.p.i.AbstractProblemLoader Creating init config 
127074     DEBUG main            d.u.i.k.p.i.AbstractProblemLoader Init config took 3.17s 
127113     INFO  main            d.u.i.k.p.i.AbstractProblemLoader Replaying proof UpdateAbstraction[UpdateAbstraction::ex7_4_secure()].JML operation contract.0 
127114     DEBUG main            d.u.i.k.p.i.IntermediateProofReplayer Proof replay took 6.2ns 
127316     INFO  main            d.u.i.k.p.r.p.TestFile    ... finished proof: closed. 
127658     INFO  main            d.u.i.k.p.i.AbstractProblemLoader Loading environment from /home/runner/work/key/key/key.core/../key.ui/examples/heap/information_flow/UpdateAbstraction_ex7_4_secure.key.proof 
127658     DEBUG main            d.u.i.k.p.i.AbstractProblemLoader Environment load took 151.91ns 
127659     INFO  main            d.u.i.k.p.i.AbstractProblemLoader Creating init config 
130776     DEBUG main            d.u.i.k.p.i.AbstractProblemLoader Init config took 3.12s 
130816     INFO  main            d.u.i.k.p.i.AbstractProblemLoader Replaying proof UpdateAbstraction[UpdateAbstraction::ex7_4_secure()].JML operation contract.0 
130870     DEBUG main            d.u.i.k.p.i.IntermediateProofReplayer Proof replay took 52.14ms 
130871     DEBUG main            d.u.i.k.p.r.p.TestFile    ... success: reloaded. 
130872     INFO  main            d.u.i.k.p.r.p.TestFile    Now processing file /home/runner/work/key/key/key.core/../key.ui/examples/heap/information_flow/UpdateAbstraction_ex7_5_secure.key 
130872     INFO  main            d.u.i.k.p.i.AbstractProblemLoader Loading environment from /home/runner/work/key/key/key.core/../key.ui/examples/heap/information_flow/UpdateAbstraction_ex7_5_secure.key 
130872     DEBUG main            d.u.i.k.p.i.AbstractProblemLoader Environment load took 127.4ns 
130873     INFO  main            d.u.i.k.p.i.AbstractProblemLoader Creating init config 
134020     DEBUG main            d.u.i.k.p.i.AbstractProblemLoader Init config took 3.15s 
134059     INFO  main            d.u.i.k.p.i.AbstractProblemLoader Replaying proof UpdateAbstraction[UpdateAbstraction::ex7_5_secure()].JML operation contract.0 
134060     DEBUG main            d.u.i.k.p.i.IntermediateProofReplayer Proof replay took 6ns 
134162     INFO  main            d.u.i.k.p.r.p.TestFile    ... finished proof: closed. 
134499     INFO  main            d.u.i.k.p.i.AbstractProblemLoader Loading environment from /home/runner/work/key/key/key.core/../key.ui/examples/heap/information_flow/UpdateAbstraction_ex7_5_secure.key.proof 
134500     DEBUG main            d.u.i.k.p.i.AbstractProblemLoader Environment load took 122.31ns 
134501     INFO  main            d.u.i.k.p.i.AbstractProblemLoader Creating init config 
137512     DEBUG main            d.u.i.k.p.i.AbstractProblemLoader Init config took 3.01s 
137552     INFO  main            d.u.i.k.p.i.AbstractProblemLoader Replaying proof UpdateAbstraction[UpdateAbstraction::ex7_5_secure()].JML operation contract.0 
137575     DEBUG main            d.u.i.k.p.i.IntermediateProofReplayer Proof replay took 21.45ms 
137576     DEBUG main            d.u.i.k.p.r.p.TestFile    ... success: reloaded. 
137576     INFO  main            d.u.i.k.p.r.p.TestFile    Now processing file /home/runner/work/key/key/key.core/../key.ui/examples/heap/information_flow/UpdateAbstraction_ex7_6_secure.key 
137577     INFO  main            d.u.i.k.p.i.AbstractProblemLoader Loading environment from /home/runner/work/key/key/key.core/../key.ui/examples/heap/information_flow/UpdateAbstraction_ex7_6_secure.key 
137577     DEBUG main            d.u.i.k.p.i.AbstractProblemLoader Environment load took 140.71ns 
137578     INFO  main            d.u.i.k.p.i.AbstractProblemLoader Creating init config 
140709     DEBUG main            d.u.i.k.p.i.AbstractProblemLoader Init config took 3.13s 
140749     INFO  main            d.u.i.k.p.i.AbstractProblemLoader Replaying proof UpdateAbstraction[UpdateAbstraction::ex7_6_secure()].JML operation contract.0 
140750     DEBUG main            d.u.i.k.p.i.IntermediateProofReplayer Proof replay took 7.2ns 
141052     INFO  main            d.u.i.k.p.r.p.TestFile    ... finished proof: closed. 
141404     INFO  main            d.u.i.k.p.i.AbstractProblemLoader Loading environment from /home/runner/work/key/key/key.core/../key.ui/examples/heap/information_flow/UpdateAbstraction_ex7_6_secure.key.proof 
141404     DEBUG main            d.u.i.k.p.i.AbstractProblemLoader Environment load took 128.31ns 
141405     INFO  main            d.u.i.k.p.i.AbstractProblemLoader Creating init config 
144436     DEBUG main            d.u.i.k.p.i.AbstractProblemLoader Init config took 3.03s 
144477     INFO  main            d.u.i.k.p.i.AbstractProblemLoader Replaying proof UpdateAbstraction[UpdateAbstraction::ex7_6_secure()].JML operation contract.0 
144553     DEBUG main            d.u.i.k.p.i.IntermediateProofReplayer Proof replay took 73.31ms 
144554     DEBUG main            d.u.i.k.p.r.p.TestFile    ... success: reloaded. 
144555     INFO  main            d.u.i.k.p.r.p.TestFile    Now processing file /home/runner/work/key/key/key.core/../key.ui/examples/heap/information_flow/UpdateAbstraction_ex9_secure.key 
144555     INFO  main            d.u.i.k.p.i.AbstractProblemLoader Loading environment from /home/runner/work/key/key/key.core/../key.ui/examples/heap/information_flow/UpdateAbstraction_ex9_secure.key 
144555     DEBUG main            d.u.i.k.p.i.AbstractProblemLoader Environment load took 154ns 
144556     INFO  main            d.u.i.k.p.i.AbstractProblemLoader Creating init config 
147634     DEBUG main            d.u.i.k.p.i.AbstractProblemLoader Init config took 3.08s 
147674     INFO  main            d.u.i.k.p.i.AbstractProblemLoader Replaying proof UpdateAbstraction[UpdateAbstraction::ex9_secure()].JML operation contract.0 
147675     DEBUG main            d.u.i.k.p.i.IntermediateProofReplayer Proof replay took 6.6ns 
148680     INFO  main            d.u.i.k.p.r.p.TestFile    ... finished proof: closed. 
149072     INFO  main            d.u.i.k.p.i.AbstractProblemLoader Loading environment from /home/runner/work/key/key/key.core/../key.ui/examples/heap/information_flow/UpdateAbstraction_ex9_secure.key.proof 
149072     DEBUG main            d.u.i.k.p.i.AbstractProblemLoader Environment load took 121.8ns 
149073     INFO  main            d.u.i.k.p.i.AbstractProblemLoader Creating init config 
152061     DEBUG main            d.u.i.k.p.i.AbstractProblemLoader Init config took 2.99s 
152097     INFO  main            d.u.i.k.p.i.AbstractProblemLoader Replaying proof UpdateAbstraction[UpdateAbstraction::ex9_secure()].JML operation contract.0 
152350     DEBUG main            d.u.i.k.p.i.IntermediateProofReplayer Proof replay took 248.3ms 
152351     DEBUG main            d.u.i.k.p.r.p.TestFile    ... success: reloaded. 
972243     INFO  Test worker     d.u.i.k.p.r.RunAllProofsTestUnit Returning from test javaCard 
972245     INFO  Test worker     d.u.i.k.p.r.RunAllProofsTestUnit Running test list 
385        INFO  Timeout watchdog d.u.i.k.p.r.p.ForkedTestFileRunner Timeout watcher launched (2000 secs.) 
400        WARN  main            d.u.i.k.s.ProofSettings   The settings in /home/runner/.key/proof-settings.props are *not* read. 
436        INFO  main            d.u.i.k.p.r.p.TestFile    Now processing file /home/runner/work/key/key/key.core/../key.ui/examples/heap/list/ArrayList_add.key 
571        INFO  main            d.u.i.k.p.i.AbstractProblemLoader Loading environment from /home/runner/work/key/key/key.core/../key.ui/examples/heap/list/ArrayList_add.key 
590        DEBUG main            d.u.i.k.p.i.AbstractProblemLoader Environment load took 2.6ms 
859        INFO  main            d.u.i.k.p.i.AbstractProblemLoader Creating init config 
2093       DEBUG main            d.u.i.k.j.TypeConverter   No LDT found for Meta 
2093       DEBUG main            d.u.i.k.j.TypeConverter   No LDT found for Meta 
2096       DEBUG main            d.u.i.k.j.TypeConverter   No LDT found for Meta 
2096       DEBUG main            d.u.i.k.j.TypeConverter   No LDT found for Meta 
4049       DEBUG main            d.u.i.k.j.TypeConverter   No LDT found for JavaBigintExpression 
7863       DEBUG main            d.u.i.k.j.r.ClassPreparationMethodBuilder clPrepBuilder: Inner Class detected. Reject building class initialisation methods. 
11061      DEBUG main            d.u.i.k.p.i.AbstractProblemLoader Init config took 10.2s 
11222      INFO  main            d.u.i.k.p.i.AbstractProblemLoader Replaying proof ArrayList[List::add(java.lang.Object)].JML normal_behavior operation contract.0 
11301      DEBUG main            d.u.i.k.p.i.IntermediateProofReplayer Proof replay took 43.9ns 
17874      INFO  main            d.u.i.k.p.r.p.TestFile    ... finished proof: closed. 
18085      INFO  main            d.u.i.k.p.i.AbstractProblemLoader Loading environment from /home/runner/work/key/key/key.core/../key.ui/examples/heap/list/ArrayList_add.key.proof 
18091      DEBUG main            d.u.i.k.p.i.AbstractProblemLoader Environment load took 6.7ms 
18098      INFO  main            d.u.i.k.p.i.AbstractProblemLoader Creating init config 
19599      DEBUG main            d.u.i.k.j.r.ClassPreparationMethodBuilder clPrepBuilder: Inner Class detected. Reject building class initialisation methods. 
22433      DEBUG main            d.u.i.k.p.i.AbstractProblemLoader Init config took 4.33s 
22574      INFO  main            d.u.i.k.p.i.AbstractProblemLoader Replaying proof ArrayList[List::add(java.lang.Object)].JML normal_behavior operation contract.0 
23999      DEBUG main            d.u.i.k.p.i.IntermediateProofReplayer Proof replay took 1.38s 
24011      DEBUG main            d.u.i.k.p.r.p.TestFile    ... success: reloaded. 
24018      INFO  main            d.u.i.k.p.r.p.TestFile    Now processing file /home/runner/work/key/key/key.core/../key.ui/examples/heap/list/ArrayList_ArrayList.key 
24019      INFO  main            d.u.i.k.p.i.AbstractProblemLoader Loading environment from /home/runner/work/key/key/key.core/../key.ui/examples/heap/list/ArrayList_ArrayList.key 
24020      DEBUG main            d.u.i.k.p.i.AbstractProblemLoader Environment load took 510.82ns 
24023      INFO  main            d.u.i.k.p.i.AbstractProblemLoader Creating init config 
25356      DEBUG main            d.u.i.k.j.r.ClassPreparationMethodBuilder clPrepBuilder: Inner Class detected. Reject building class initialisation methods. 
28103      DEBUG main            d.u.i.k.p.i.AbstractProblemLoader Init config took 4.08s 
28194      INFO  main            d.u.i.k.p.i.AbstractProblemLoader Replaying proof ArrayList[ArrayList::ArrayList()].JML normal_behavior operation contract.0 
28198      DEBUG main            d.u.i.k.p.i.IntermediateProofReplayer Proof replay took 6ns 
29910      INFO  main            d.u.i.k.p.r.p.TestFile    ... finished proof: closed. 
30133      INFO  main            d.u.i.k.p.i.AbstractProblemLoader Loading environment from /home/runner/work/key/key/key.core/../key.ui/examples/heap/list/ArrayList_ArrayList.key.proof 
30134      DEBUG main            d.u.i.k.p.i.AbstractProblemLoader Environment load took 536.52ns 
30142      INFO  main            d.u.i.k.p.i.AbstractProblemLoader Creating init config 
31415      DEBUG main            d.u.i.k.j.r.ClassPreparationMethodBuilder clPrepBuilder: Inner Class detected. Reject building class initialisation methods. 
34098      DEBUG main            d.u.i.k.p.i.AbstractProblemLoader Init config took 3.96s 
34171      INFO  main            d.u.i.k.p.i.AbstractProblemLoader Replaying proof ArrayList[ArrayList::ArrayList()].JML normal_behavior operation contract.0 
34466      DEBUG main            d.u.i.k.p.i.IntermediateProofReplayer Proof replay took 284.11ms 
34468      DEBUG main            d.u.i.k.p.r.p.TestFile    ... success: reloaded. 
34470      INFO  main            d.u.i.k.p.r.p.TestFile    Now processing file /home/runner/work/key/key/key.core/../key.ui/examples/heap/list/ArrayList_concatenate.key 
34470      INFO  main            d.u.i.k.p.i.AbstractProblemLoader Loading environment from /home/runner/work/key/key/key.core/../key.ui/examples/heap/list/ArrayList_concatenate.key 
34470      DEBUG main            d.u.i.k.p.i.AbstractProblemLoader Environment load took 280.21ns 
34472      INFO  main            d.u.i.k.p.i.AbstractProblemLoader Creating init config 
35722      DEBUG main            d.u.i.k.j.r.ClassPreparationMethodBuilder clPrepBuilder: Inner Class detected. Reject building class initialisation methods. 
38266      DEBUG main            d.u.i.k.p.i.AbstractProblemLoader Init config took 3.79s 
38333      INFO  main            d.u.i.k.p.i.AbstractProblemLoader Replaying proof ArrayList[List::concatenate(List)].JML normal_behavior operation contract.0 
38336      DEBUG main            d.u.i.k.p.i.IntermediateProofReplayer Proof replay took 6.1ns 
66992      INFO  main            d.u.i.k.p.r.p.TestFile    ... finished proof: closed. 
67314      INFO  main            d.u.i.k.p.i.AbstractProblemLoader Loading environment from /home/runner/work/key/key/key.core/../key.ui/examples/heap/list/ArrayList_concatenate.key.proof 
67314      DEBUG main            d.u.i.k.p.i.AbstractProblemLoader Environment load took 716.72ns 
67322      INFO  main            d.u.i.k.p.i.AbstractProblemLoader Creating init config 
68568      DEBUG main            d.u.i.k.j.r.ClassPreparationMethodBuilder clPrepBuilder: Inner Class detected. Reject building class initialisation methods. 
71130      DEBUG main            d.u.i.k.p.i.AbstractProblemLoader Init config took 3.81s 
71198      INFO  main            d.u.i.k.p.i.AbstractProblemLoader Replaying proof ArrayList[List::concatenate(List)].JML normal_behavior operation contract.0 
74014      DEBUG main            d.u.i.k.p.i.IntermediateProofReplayer Proof replay took 2.72s 
74019      DEBUG main            d.u.i.k.p.r.p.TestFile    ... success: reloaded. 
74020      INFO  main            d.u.i.k.p.r.p.TestFile    Now processing file /home/runner/work/key/key/key.core/../key.ui/examples/heap/list/ArrayList_contains_dep.key 
74020      INFO  main            d.u.i.k.p.i.AbstractProblemLoader Loading environment from /home/runner/work/key/key/key.core/../key.ui/examples/heap/list/ArrayList_contains_dep.key 
74021      DEBUG main            d.u.i.k.p.i.AbstractProblemLoader Environment load took 271.71ns 
74022      INFO  main            d.u.i.k.p.i.AbstractProblemLoader Creating init config 
75252      DEBUG main            d.u.i.k.j.r.ClassPreparationMethodBuilder clPrepBuilder: Inner Class detected. Reject building class initialisation methods. 
77956      DEBUG main            d.u.i.k.p.i.AbstractProblemLoader Init config took 3.93s 
78024      INFO  main            d.u.i.k.p.i.AbstractProblemLoader Replaying proof ArrayList[List::contains(java.lang.Object)].JML accessible clause.0 
78026      DEBUG main            d.u.i.k.p.i.IntermediateProofReplayer Proof replay took 5.6ns 
81375      INFO  main            d.u.i.k.p.r.p.TestFile    ... finished proof: closed. 
81598      INFO  main            d.u.i.k.p.i.AbstractProblemLoader Loading environment from /home/runner/work/key/key/key.core/../key.ui/examples/heap/list/ArrayList_contains_dep.key.proof 
81599      DEBUG main            d.u.i.k.p.i.AbstractProblemLoader Environment load took 595.12ns 
81602      INFO  main            d.u.i.k.p.i.AbstractProblemLoader Creating init config 
82779      DEBUG main            d.u.i.k.j.r.ClassPreparationMethodBuilder clPrepBuilder: Inner Class detected. Reject building class initialisation methods. 
85367      DEBUG main            d.u.i.k.p.i.AbstractProblemLoader Init config took 3.77s 
85427      INFO  main            d.u.i.k.p.i.AbstractProblemLoader Replaying proof ArrayList[List::contains(java.lang.Object)].JML accessible clause.0 
86044      DEBUG main            d.u.i.k.p.i.IntermediateProofReplayer Proof replay took 589.83ms 
86046      DEBUG main            d.u.i.k.p.r.p.TestFile    ... success: reloaded. 
86047      INFO  main            d.u.i.k.p.r.p.TestFile    Now processing file /home/runner/work/key/key/key.core/../key.ui/examples/heap/list/ArrayList_enlarge.key 
86048      INFO  main            d.u.i.k.p.i.AbstractProblemLoader Loading environment from /home/runner/work/key/key/key.core/../key.ui/examples/heap/list/ArrayList_enlarge.key 
86048      DEBUG main            d.u.i.k.p.i.AbstractProblemLoader Environment load took 246.11ns 
86049      INFO  main            d.u.i.k.p.i.AbstractProblemLoader Creating init config 
87226      DEBUG main            d.u.i.k.j.r.ClassPreparationMethodBuilder clPrepBuilder: Inner Class detected. Reject building class initialisation methods. 
90095      DEBUG main            d.u.i.k.p.i.AbstractProblemLoader Init config took 4.05s 
90163      INFO  main            d.u.i.k.p.i.AbstractProblemLoader Replaying proof ArrayList[ArrayList::enlarge()].JML normal_behavior operation contract.0 
90165      DEBUG main            d.u.i.k.p.i.IntermediateProofReplayer Proof replay took 5.9ns 
92817      INFO  main            d.u.i.k.p.r.p.TestFile    ... finished proof: closed. 
93061      INFO  main            d.u.i.k.p.i.AbstractProblemLoader Loading environment from /home/runner/work/key/key/key.core/../key.ui/examples/heap/list/ArrayList_enlarge.key.proof 
93061      DEBUG main            d.u.i.k.p.i.AbstractProblemLoader Environment load took 320.11ns 
93063      INFO  main            d.u.i.k.p.i.AbstractProblemLoader Creating init config 
94271      DEBUG main            d.u.i.k.j.r.ClassPreparationMethodBuilder clPrepBuilder: Inner Class detected. Reject building class initialisation methods. 
96963      DEBUG main            d.u.i.k.p.i.AbstractProblemLoader Init config took 3.9s 
97055      INFO  main            d.u.i.k.p.i.AbstractProblemLoader Replaying proof ArrayList[ArrayList::enlarge()].JML normal_behavior operation contract.0 
97555      DEBUG main            d.u.i.k.p.i.IntermediateProofReplayer Proof replay took 488.99ms 
97557      DEBUG main            d.u.i.k.p.r.p.TestFile    ... success: reloaded. 
97558      INFO  main            d.u.i.k.p.r.p.TestFile    Now processing file /home/runner/work/key/key/key.core/../key.ui/examples/heap/list/ArrayList_footprint.key 
97559      INFO  main            d.u.i.k.p.i.AbstractProblemLoader Loading environment from /home/runner/work/key/key/key.core/../key.ui/examples/heap/list/ArrayList_footprint.key 
97559      DEBUG main            d.u.i.k.p.i.AbstractProblemLoader Environment load took 251.21ns 
97560      INFO  main            d.u.i.k.p.i.AbstractProblemLoader Creating init config 
98713      DEBUG main            d.u.i.k.j.r.ClassPreparationMethodBuilder clPrepBuilder: Inner Class detected. Reject building class initialisation methods. 
101197     DEBUG main            d.u.i.k.p.i.AbstractProblemLoader Init config took 3.64s 
101251     INFO  main            d.u.i.k.p.i.AbstractProblemLoader Replaying proof List[List::$footprint()].JML accessible clause.0 
101253     DEBUG main            d.u.i.k.p.i.IntermediateProofReplayer Proof replay took 5.7ns 
101355     INFO  main            d.u.i.k.p.r.p.TestFile    ... finished proof: closed. 
101561     INFO  main            d.u.i.k.p.i.AbstractProblemLoader Loading environment from /home/runner/work/key/key/key.core/../key.ui/examples/heap/list/ArrayList_footprint.key.proof 
101561     DEBUG main            d.u.i.k.p.i.AbstractProblemLoader Environment load took 128.5ns 
101562     INFO  main            d.u.i.k.p.i.AbstractProblemLoader Creating init config 
102716     DEBUG main            d.u.i.k.j.r.ClassPreparationMethodBuilder clPrepBuilder: Inner Class detected. Reject building class initialisation methods. 
105251     DEBUG main            d.u.i.k.p.i.AbstractProblemLoader Init config took 3.69s 
105301     INFO  main            d.u.i.k.p.i.AbstractProblemLoader Replaying proof List[List::$footprint()].JML accessible clause.0 
105304     DEBUG main            d.u.i.k.p.i.IntermediateProofReplayer Proof replay took 1.3ms 
105305     DEBUG main            d.u.i.k.p.r.p.TestFile    ... success: reloaded. 
105306     INFO  main            d.u.i.k.p.r.p.TestFile    Now processing file /home/runner/work/key/key/key.core/../key.ui/examples/heap/list/ArrayList_get_dep.key 
105306     INFO  main            d.u.i.k.p.i.AbstractProblemLoader Loading environment from /home/runner/work/key/key/key.core/../key.ui/examples/heap/list/ArrayList_get_dep.key 
105306     DEBUG main            d.u.i.k.p.i.AbstractProblemLoader Environment load took 123.5ns 
105307     INFO  main            d.u.i.k.p.i.AbstractProblemLoader Creating init config 
106507     DEBUG main            d.u.i.k.j.r.ClassPreparationMethodBuilder clPrepBuilder: Inner Class detected. Reject building class initialisation methods. 
109011     DEBUG main            d.u.i.k.p.i.AbstractProblemLoader Init config took 3.7s 
109085     INFO  main            d.u.i.k.p.i.AbstractProblemLoader Replaying proof ArrayList[List::get(int)].JML accessible clause.0 
109088     DEBUG main            d.u.i.k.p.i.IntermediateProofReplayer Proof replay took 5.3ns 
109601     INFO  main            d.u.i.k.p.r.p.TestFile    ... finished proof: closed. 
109845     INFO  main            d.u.i.k.p.i.AbstractProblemLoader Loading environment from /home/runner/work/key/key/key.core/../key.ui/examples/heap/list/ArrayList_get_dep.key.proof 
109845     DEBUG main            d.u.i.k.p.i.AbstractProblemLoader Environment load took 132.7ns 
109846     INFO  main            d.u.i.k.p.i.AbstractProblemLoader Creating init config 
111004     DEBUG main            d.u.i.k.j.r.ClassPreparationMethodBuilder clPrepBuilder: Inner Class detected. Reject building class initialisation methods. 
113479     DEBUG main            d.u.i.k.p.i.AbstractProblemLoader Init config took 3.63s 
113536     INFO  main            d.u.i.k.p.i.AbstractProblemLoader Replaying proof ArrayList[List::get(int)].JML accessible clause.0 
113638     DEBUG main            d.u.i.k.p.i.IntermediateProofReplayer Proof replay took 97.92ms 
113639     DEBUG main            d.u.i.k.p.r.p.TestFile    ... success: reloaded. 
113640     INFO  main            d.u.i.k.p.r.p.TestFile    Now processing file /home/runner/work/key/key/key.core/../key.ui/examples/heap/list/ArrayList_get_exceptional.key 
113641     INFO  main            d.u.i.k.p.i.AbstractProblemLoader Loading environment from /home/runner/work/key/key/key.core/../key.ui/examples/heap/list/ArrayList_get_exceptional.key 
113641     DEBUG main            d.u.i.k.p.i.AbstractProblemLoader Environment load took 299.41ns 
113642     INFO  main            d.u.i.k.p.i.AbstractProblemLoader Creating init config 
114833     DEBUG main            d.u.i.k.j.r.ClassPreparationMethodBuilder clPrepBuilder: Inner Class detected. Reject building class initialisation methods. 
117407     DEBUG main            d.u.i.k.p.i.AbstractProblemLoader Init config took 3.77s 
117467     INFO  main            d.u.i.k.p.i.AbstractProblemLoader Replaying proof ArrayList[List::get(int)].JML exceptional_behavior operation contract.0 
117469     DEBUG main            d.u.i.k.p.i.IntermediateProofReplayer Proof replay took 6.4ns 
118804     INFO  main            d.u.i.k.p.r.p.TestFile    ... finished proof: closed. 
119079     INFO  main            d.u.i.k.p.i.AbstractProblemLoader Loading environment from /home/runner/work/key/key/key.core/../key.ui/examples/heap/list/ArrayList_get_exceptional.key.proof 
119079     DEBUG main            d.u.i.k.p.i.AbstractProblemLoader Environment load took 228.41ns 
119081     INFO  main            d.u.i.k.p.i.AbstractProblemLoader Creating init config 
120250     DEBUG main            d.u.i.k.j.r.ClassPreparationMethodBuilder clPrepBuilder: Inner Class detected. Reject building class initialisation methods. 
122735     DEBUG main            d.u.i.k.p.i.AbstractProblemLoader Init config took 3.65s 
122788     INFO  main            d.u.i.k.p.i.AbstractProblemLoader Replaying proof ArrayList[List::get(int)].JML exceptional_behavior operation contract.0 
123087     DEBUG main            d.u.i.k.p.i.IntermediateProofReplayer Proof replay took 292.01ms 
123092     DEBUG main            d.u.i.k.p.r.p.TestFile    ... success: reloaded. 
123094     INFO  main            d.u.i.k.p.r.p.TestFile    Now processing file /home/runner/work/key/key/key.core/../key.ui/examples/heap/list/ArrayList_get_normal.key 
123095     INFO  main            d.u.i.k.p.i.AbstractProblemLoader Loading environment from /home/runner/work/key/key/key.core/../key.ui/examples/heap/list/ArrayList_get_normal.key 
123095     DEBUG main            d.u.i.k.p.i.AbstractProblemLoader Environment load took 283.11ns 
123096     INFO  main            d.u.i.k.p.i.AbstractProblemLoader Creating init config 
124302     DEBUG main            d.u.i.k.j.r.ClassPreparationMethodBuilder clPrepBuilder: Inner Class detected. Reject building class initialisation methods. 
126838     DEBUG main            d.u.i.k.p.i.AbstractProblemLoader Init config took 3.74s 
126896     INFO  main            d.u.i.k.p.i.AbstractProblemLoader Replaying proof ArrayList[List::get(int)].JML normal_behavior operation contract.0 
126897     DEBUG main            d.u.i.k.p.i.IntermediateProofReplayer Proof replay took 5.3ns 
127400     INFO  main            d.u.i.k.p.r.p.TestFile    ... finished proof: closed. 
127728     INFO  main            d.u.i.k.p.i.AbstractProblemLoader Loading environment from /home/runner/work/key/key/key.core/../key.ui/examples/heap/list/ArrayList_get_normal.key.proof 
127729     DEBUG main            d.u.i.k.p.i.AbstractProblemLoader Environment load took 531.32ns 
127730     INFO  main            d.u.i.k.p.i.AbstractProblemLoader Creating init config 
128855     DEBUG main            d.u.i.k.j.r.ClassPreparationMethodBuilder clPrepBuilder: Inner Class detected. Reject building class initialisation methods. 
131357     DEBUG main            d.u.i.k.p.i.AbstractProblemLoader Init config took 3.63s 
131409     INFO  main            d.u.i.k.p.i.AbstractProblemLoader Replaying proof ArrayList[List::get(int)].JML normal_behavior operation contract.0 
131508     DEBUG main            d.u.i.k.p.i.IntermediateProofReplayer Proof replay took 93.25ms 
131509     DEBUG main            d.u.i.k.p.r.p.TestFile    ... success: reloaded. 
131510     INFO  main            d.u.i.k.p.r.p.TestFile    Now processing file /home/runner/work/key/key/key.core/../key.ui/examples/heap/list/ArrayList_inv.key 
131511     INFO  main            d.u.i.k.p.i.AbstractProblemLoader Loading environment from /home/runner/work/key/key/key.core/../key.ui/examples/heap/list/ArrayList_inv.key 
131511     DEBUG main            d.u.i.k.p.i.AbstractProblemLoader Environment load took 158.41ns 
131512     INFO  main            d.u.i.k.p.i.AbstractProblemLoader Creating init config 
132676     DEBUG main            d.u.i.k.j.r.ClassPreparationMethodBuilder clPrepBuilder: Inner Class detected. Reject building class initialisation methods. 
135176     DEBUG main            d.u.i.k.p.i.AbstractProblemLoader Init config took 3.66s 
135229     INFO  main            d.u.i.k.p.i.AbstractProblemLoader Replaying proof ArrayList[java.lang.Object::<inv>()].JML accessible clause.0 
135231     DEBUG main            d.u.i.k.p.i.IntermediateProofReplayer Proof replay took 5.6ns 
135634     INFO  main            d.u.i.k.p.r.p.TestFile    ... finished proof: closed. 
135904     INFO  main            d.u.i.k.p.i.AbstractProblemLoader Loading environment from /home/runner/work/key/key/key.core/../key.ui/examples/heap/list/ArrayList_inv.key.proof 
135905     DEBUG main            d.u.i.k.p.i.AbstractProblemLoader Environment load took 948.83ns 
135907     INFO  main            d.u.i.k.p.i.AbstractProblemLoader Creating init config 
137111     DEBUG main            d.u.i.k.j.r.ClassPreparationMethodBuilder clPrepBuilder: Inner Class detected. Reject building class initialisation methods. 
139602     DEBUG main            d.u.i.k.p.i.AbstractProblemLoader Init config took 3.69s 
139659     INFO  main            d.u.i.k.p.i.AbstractProblemLoader Replaying proof ArrayList[java.lang.Object::<inv>()].JML accessible clause.0 
139717     DEBUG main            d.u.i.k.p.i.IntermediateProofReplayer Proof replay took 54.22ms 
139719     DEBUG main            d.u.i.k.p.r.p.TestFile    ... success: reloaded. 
139720     INFO  main            d.u.i.k.p.r.p.TestFile    Now processing file /home/runner/work/key/key/key.core/../key.ui/examples/heap/list/ArrayList_iterator.key 
139721     INFO  main            d.u.i.k.p.i.AbstractProblemLoader Loading environment from /home/runner/work/key/key/key.core/../key.ui/examples/heap/list/ArrayList_iterator.key 
139721     DEBUG main            d.u.i.k.p.i.AbstractProblemLoader Environment load took 289.31ns 
139722     INFO  main            d.u.i.k.p.i.AbstractProblemLoader Creating init config 
140884     DEBUG main            d.u.i.k.j.r.ClassPreparationMethodBuilder clPrepBuilder: Inner Class detected. Reject building class initialisation methods. 
143302     DEBUG main            d.u.i.k.p.i.AbstractProblemLoader Init config took 3.58s 
143354     INFO  main            d.u.i.k.p.i.AbstractProblemLoader Replaying proof ArrayList[List::iterator()].JML normal_behavior operation contract.0 
143356     DEBUG main            d.u.i.k.p.i.IntermediateProofReplayer Proof replay took 5.9ns 
143964     INFO  main            d.u.i.k.p.r.p.TestFile    ... finished proof: closed. 
144216     INFO  main            d.u.i.k.p.i.AbstractProblemLoader Loading environment from /home/runner/work/key/key/key.core/../key.ui/examples/heap/list/ArrayList_iterator.key.proof 
144217     DEBUG main            d.u.i.k.p.i.AbstractProblemLoader Environment load took 846.03ns 
144218     INFO  main            d.u.i.k.p.i.AbstractProblemLoader Creating init config 
145411     DEBUG main            d.u.i.k.j.r.ClassPreparationMethodBuilder clPrepBuilder: Inner Class detected. Reject building class initialisation methods. 
147832     DEBUG main            d.u.i.k.p.i.AbstractProblemLoader Init config took 3.61s 
147901     INFO  main            d.u.i.k.p.i.AbstractProblemLoader Replaying proof ArrayList[List::iterator()].JML normal_behavior operation contract.0 
148010     DEBUG main            d.u.i.k.p.i.IntermediateProofReplayer Proof replay took 103.06ms 
148011     DEBUG main            d.u.i.k.p.r.p.TestFile    ... success: reloaded. 
148013     INFO  main            d.u.i.k.p.r.p.TestFile    Now processing file /home/runner/work/key/key/key.core/../key.ui/examples/heap/list/ArrayList_size_dep.key 
148013     INFO  main            d.u.i.k.p.i.AbstractProblemLoader Loading environment from /home/runner/work/key/key/key.core/../key.ui/examples/heap/list/ArrayList_size_dep.key 
148013     DEBUG main            d.u.i.k.p.i.AbstractProblemLoader Environment load took 78.1ns 
148014     INFO  main            d.u.i.k.p.i.AbstractProblemLoader Creating init config 
149282     DEBUG main            d.u.i.k.j.r.ClassPreparationMethodBuilder clPrepBuilder: Inner Class detected. Reject building class initialisation methods. 
151792     DEBUG main            d.u.i.k.p.i.AbstractProblemLoader Init config took 3.78s 
151860     INFO  main            d.u.i.k.p.i.AbstractProblemLoader Replaying proof ArrayList[List::size()].JML accessible clause.0 
151863     DEBUG main            d.u.i.k.p.i.IntermediateProofReplayer Proof replay took 5.4ns 
152065     INFO  main            d.u.i.k.p.r.p.TestFile    ... finished proof: closed. 
152324     INFO  main            d.u.i.k.p.i.AbstractProblemLoader Loading environment from /home/runner/work/key/key/key.core/../key.ui/examples/heap/list/ArrayList_size_dep.key.proof 
152324     DEBUG main            d.u.i.k.p.i.AbstractProblemLoader Environment load took 125.7ns 
152326     INFO  main            d.u.i.k.p.i.AbstractProblemLoader Creating init config 
153481     DEBUG main            d.u.i.k.j.r.ClassPreparationMethodBuilder clPrepBuilder: Inner Class detected. Reject building class initialisation methods. 
155940     DEBUG main            d.u.i.k.p.i.AbstractProblemLoader Init config took 3.61s 
156011     INFO  main            d.u.i.k.p.i.AbstractProblemLoader Replaying proof ArrayList[List::size()].JML accessible clause.0 
156044     DEBUG main            d.u.i.k.p.i.IntermediateProofReplayer Proof replay took 30.49ms 
156046     DEBUG main            d.u.i.k.p.r.p.TestFile    ... success: reloaded. 
156047     INFO  main            d.u.i.k.p.r.p.TestFile    Now processing file /home/runner/work/key/key/key.core/../key.ui/examples/heap/list/ArrayList_size.key 
156048     INFO  main            d.u.i.k.p.i.AbstractProblemLoader Loading environment from /home/runner/work/key/key/key.core/../key.ui/examples/heap/list/ArrayList_size.key 
156048     DEBUG main            d.u.i.k.p.i.AbstractProblemLoader Environment load took 290.81ns 
156049     INFO  main            d.u.i.k.p.i.AbstractProblemLoader Creating init config 
157245     DEBUG main            d.u.i.k.j.r.ClassPreparationMethodBuilder clPrepBuilder: Inner Class detected. Reject building class initialisation methods. 
159710     DEBUG main            d.u.i.k.p.i.AbstractProblemLoader Init config took 3.66s 
159766     INFO  main            d.u.i.k.p.i.AbstractProblemLoader Replaying proof ArrayList[List::size()].JML normal_behavior operation contract.0 
159769     DEBUG main            d.u.i.k.p.i.IntermediateProofReplayer Proof replay took 6.5ns 
160072     INFO  main            d.u.i.k.p.r.p.TestFile    ... finished proof: closed. 
160338     INFO  main            d.u.i.k.p.i.AbstractProblemLoader Loading environment from /home/runner/work/key/key/key.core/../key.ui/examples/heap/list/ArrayList_size.key.proof 
160338     DEBUG main            d.u.i.k.p.i.AbstractProblemLoader Environment load took 119.6ns 
160339     INFO  main            d.u.i.k.p.i.AbstractProblemLoader Creating init config 
161457     DEBUG main            d.u.i.k.j.r.ClassPreparationMethodBuilder clPrepBuilder: Inner Class detected. Reject building class initialisation methods. 
163902     DEBUG main            d.u.i.k.p.i.AbstractProblemLoader Init config took 3.56s 
163964     INFO  main            d.u.i.k.p.i.AbstractProblemLoader Replaying proof ArrayList[List::size()].JML normal_behavior operation contract.0 
164010     DEBUG main            d.u.i.k.p.i.IntermediateProofReplayer Proof replay took 42.44ms 
164012     DEBUG main            d.u.i.k.p.r.p.TestFile    ... success: reloaded. 
164013     INFO  main            d.u.i.k.p.r.p.TestFile    Now processing file /home/runner/work/key/key/key.core/../key.ui/examples/heap/list/ArrayList.ArrayListIterator_ArrayListIterator.key 
164014     INFO  main            d.u.i.k.p.i.AbstractProblemLoader Loading environment from /home/runner/work/key/key/key.core/../key.ui/examples/heap/list/ArrayList.ArrayListIterator_ArrayListIterator.key 
164014     DEBUG main            d.u.i.k.p.i.AbstractProblemLoader Environment load took 241.21ns 
164015     INFO  main            d.u.i.k.p.i.AbstractProblemLoader Creating init config 
165200     DEBUG main            d.u.i.k.j.r.ClassPreparationMethodBuilder clPrepBuilder: Inner Class detected. Reject building class initialisation methods. 
167646     DEBUG main            d.u.i.k.p.i.AbstractProblemLoader Init config took 3.63s 
167707     INFO  main            d.u.i.k.p.i.AbstractProblemLoader Replaying proof ArrayList.ArrayListIterator[ArrayList.ArrayListIterator::ArrayListIterator(ArrayList)].JML normal_behavior operation contract.0 
167709     DEBUG main            d.u.i.k.p.i.IntermediateProofReplayer Proof replay took 5.9ns 
168420     INFO  main            d.u.i.k.p.r.p.TestFile    ... finished proof: closed. 
168682     INFO  main            d.u.i.k.p.i.AbstractProblemLoader Loading environment from /home/runner/work/key/key/key.core/../key.ui/examples/heap/list/ArrayList.ArrayListIterator_ArrayListIterator.key.proof 
168683     DEBUG main            d.u.i.k.p.i.AbstractProblemLoader Environment load took 812.03ns 
168684     INFO  main            d.u.i.k.p.i.AbstractProblemLoader Creating init config 
169811     DEBUG main            d.u.i.k.j.r.ClassPreparationMethodBuilder clPrepBuilder: Inner Class detected. Reject building class initialisation methods. 
172213     DEBUG main            d.u.i.k.p.i.AbstractProblemLoader Init config took 3.53s 
172276     INFO  main            d.u.i.k.p.i.AbstractProblemLoader Replaying proof ArrayList.ArrayListIterator[ArrayList.ArrayListIterator::ArrayListIterator(ArrayList)].JML normal_behavior operation contract.0 
172411     DEBUG main            d.u.i.k.p.i.IntermediateProofReplayer Proof replay took 130.77ms 
172413     DEBUG main            d.u.i.k.p.r.p.TestFile    ... success: reloaded. 
172415     INFO  main            d.u.i.k.p.r.p.TestFile    Now processing file /home/runner/work/key/key/key.core/../key.ui/examples/heap/list/ArrayList.ArrayListIterator_hasNext_dep.key 
172415     INFO  main            d.u.i.k.p.i.AbstractProblemLoader Loading environment from /home/runner/work/key/key/key.core/../key.ui/examples/heap/list/ArrayList.ArrayListIterator_hasNext_dep.key 
172415     DEBUG main            d.u.i.k.p.i.AbstractProblemLoader Environment load took 249.91ns 
172417     INFO  main            d.u.i.k.p.i.AbstractProblemLoader Creating init config 
173581     DEBUG main            d.u.i.k.j.r.ClassPreparationMethodBuilder clPrepBuilder: Inner Class detected. Reject building class initialisation methods. 
176137     DEBUG main            d.u.i.k.p.i.AbstractProblemLoader Init config took 3.72s 
176219     INFO  main            d.u.i.k.p.i.AbstractProblemLoader Replaying proof ArrayList.ArrayListIterator[ListIterator::hasNext()].JML accessible clause.0 
176223     DEBUG main            d.u.i.k.p.i.IntermediateProofReplayer Proof replay took 5.8ns 
176627     INFO  main            d.u.i.k.p.r.p.TestFile    ... finished proof: closed. 
176914     INFO  main            d.u.i.k.p.i.AbstractProblemLoader Loading environment from /home/runner/work/key/key/key.core/../key.ui/examples/heap/list/ArrayList.ArrayListIterator_hasNext_dep.key.proof 
176914     DEBUG main            d.u.i.k.p.i.AbstractProblemLoader Environment load took 133.5ns 
176916     INFO  main            d.u.i.k.p.i.AbstractProblemLoader Creating init config 
178114     DEBUG main            d.u.i.k.j.r.ClassPreparationMethodBuilder clPrepBuilder: Inner Class detected. Reject building class initialisation methods. 
180523     DEBUG main            d.u.i.k.p.i.AbstractProblemLoader Init config took 3.61s 
180587     INFO  main            d.u.i.k.p.i.AbstractProblemLoader Replaying proof ArrayList.ArrayListIterator[ListIterator::hasNext()].JML accessible clause.0 
180658     DEBUG main            d.u.i.k.p.i.IntermediateProofReplayer Proof replay took 68.09ms 
180660     DEBUG main            d.u.i.k.p.r.p.TestFile    ... success: reloaded. 
180661     INFO  main            d.u.i.k.p.r.p.TestFile    Now processing file /home/runner/work/key/key/key.core/../key.ui/examples/heap/list/ArrayList.ArrayListIterator_hasNext.key 
180662     INFO  main            d.u.i.k.p.i.AbstractProblemLoader Loading environment from /home/runner/work/key/key/key.core/../key.ui/examples/heap/list/ArrayList.ArrayListIterator_hasNext.key 
180662     DEBUG main            d.u.i.k.p.i.AbstractProblemLoader Environment load took 258.81ns 
180663     INFO  main            d.u.i.k.p.i.AbstractProblemLoader Creating init config 
181881     DEBUG main            d.u.i.k.j.r.ClassPreparationMethodBuilder clPrepBuilder: Inner Class detected. Reject building class initialisation methods. 
184340     DEBUG main            d.u.i.k.p.i.AbstractProblemLoader Init config took 3.68s 
184398     INFO  main            d.u.i.k.p.i.AbstractProblemLoader Replaying proof ArrayList.ArrayListIterator[ListIterator::hasNext()].JML normal_behavior operation contract.0 
184399     DEBUG main            d.u.i.k.p.i.IntermediateProofReplayer Proof replay took 5.3ns 
184802     INFO  main            d.u.i.k.p.r.p.TestFile    ... finished proof: closed. 
185080     INFO  main            d.u.i.k.p.i.AbstractProblemLoader Loading environment from /home/runner/work/key/key/key.core/../key.ui/examples/heap/list/ArrayList.ArrayListIterator_hasNext.key.proof 
185080     DEBUG main            d.u.i.k.p.i.AbstractProblemLoader Environment load took 117.1ns 
185081     INFO  main            d.u.i.k.p.i.AbstractProblemLoader Creating init config 
186250     DEBUG main            d.u.i.k.j.r.ClassPreparationMethodBuilder clPrepBuilder: Inner Class detected. Reject building class initialisation methods. 
188686     DEBUG main            d.u.i.k.p.i.AbstractProblemLoader Init config took 3.6s 
188742     INFO  main            d.u.i.k.p.i.AbstractProblemLoader Replaying proof ArrayList.ArrayListIterator[ListIterator::hasNext()].JML normal_behavior operation contract.0 
188806     DEBUG main            d.u.i.k.p.i.IntermediateProofReplayer Proof replay took 61.72ms 
188810     DEBUG main            d.u.i.k.p.r.p.TestFile    ... success: reloaded. 
188811     INFO  main            d.u.i.k.p.r.p.TestFile    Now processing file /home/runner/work/key/key/key.core/../key.ui/examples/heap/list/ArrayList.ArrayListIterator_inv.key 
188814     INFO  main            d.u.i.k.p.i.AbstractProblemLoader Loading environment from /home/runner/work/key/key/key.core/../key.ui/examples/heap/list/ArrayList.ArrayListIterator_inv.key 
188815     DEBUG main            d.u.i.k.p.i.AbstractProblemLoader Environment load took 199.51ns 
188816     INFO  main            d.u.i.k.p.i.AbstractProblemLoader Creating init config 
189954     DEBUG main            d.u.i.k.j.r.ClassPreparationMethodBuilder clPrepBuilder: Inner Class detected. Reject building class initialisation methods. 
192426     DEBUG main            d.u.i.k.p.i.AbstractProblemLoader Init config took 3.61s 
192491     INFO  main            d.u.i.k.p.i.AbstractProblemLoader Replaying proof ArrayList.ArrayListIterator[java.lang.Object::<inv>()].JML accessible clause.0 
192493     DEBUG main            d.u.i.k.p.i.IntermediateProofReplayer Proof replay took 6ns 
193497     INFO  main            d.u.i.k.p.r.p.TestFile    ... finished proof: closed. 
193801     INFO  main            d.u.i.k.p.i.AbstractProblemLoader Loading environment from /home/runner/work/key/key/key.core/../key.ui/examples/heap/list/ArrayList.ArrayListIterator_inv.key.proof 
193802     DEBUG main            d.u.i.k.p.i.AbstractProblemLoader Environment load took 146.6ns 
193804     INFO  main            d.u.i.k.p.i.AbstractProblemLoader Creating init config 
194960     DEBUG main            d.u.i.k.j.r.ClassPreparationMethodBuilder clPrepBuilder: Inner Class detected. Reject building class initialisation methods. 
197315     DEBUG main            d.u.i.k.p.i.AbstractProblemLoader Init config took 3.51s 
197372     INFO  main            d.u.i.k.p.i.AbstractProblemLoader Replaying proof ArrayList.ArrayListIterator[java.lang.Object::<inv>()].JML accessible clause.0 
197516     DEBUG main            d.u.i.k.p.i.IntermediateProofReplayer Proof replay took 139.11ms 
197518     DEBUG main            d.u.i.k.p.r.p.TestFile    ... success: reloaded. 
197519     INFO  main            d.u.i.k.p.r.p.TestFile    Now processing file /home/runner/work/key/key/key.core/../key.ui/examples/heap/list/ArrayList.ArrayListIterator_list.key 
197519     INFO  main            d.u.i.k.p.i.AbstractProblemLoader Loading environment from /home/runner/work/key/key/key.core/../key.ui/examples/heap/list/ArrayList.ArrayListIterator_list.key 
197520     DEBUG main            d.u.i.k.p.i.AbstractProblemLoader Environment load took 241.31ns 
197521     INFO  main            d.u.i.k.p.i.AbstractProblemLoader Creating init config 
198665     DEBUG main            d.u.i.k.j.r.ClassPreparationMethodBuilder clPrepBuilder: Inner Class detected. Reject building class initialisation methods. 
201110     DEBUG main            d.u.i.k.p.i.AbstractProblemLoader Init config took 3.59s 
201156     INFO  main            d.u.i.k.p.i.AbstractProblemLoader Replaying proof ListIterator[ListIterator::$list()].JML accessible clause.0 
201157     DEBUG main            d.u.i.k.p.i.IntermediateProofReplayer Proof replay took 5.7ns 
201259     INFO  main            d.u.i.k.p.r.p.TestFile    ... finished proof: closed. 
201556     INFO  main            d.u.i.k.p.i.AbstractProblemLoader Loading environment from /home/runner/work/key/key/key.core/../key.ui/examples/heap/list/ArrayList.ArrayListIterator_list.key.proof 
201556     DEBUG main            d.u.i.k.p.i.AbstractProblemLoader Environment load took 129.7ns 
201558     INFO  main            d.u.i.k.p.i.AbstractProblemLoader Creating init config 
202712     DEBUG main            d.u.i.k.j.r.ClassPreparationMethodBuilder clPrepBuilder: Inner Class detected. Reject building class initialisation methods. 
205177     DEBUG main            d.u.i.k.p.i.AbstractProblemLoader Init config took 3.62s 
205224     INFO  main            d.u.i.k.p.i.AbstractProblemLoader Replaying proof ListIterator[ListIterator::$list()].JML accessible clause.0 
205227     DEBUG main            d.u.i.k.p.i.IntermediateProofReplayer Proof replay took 1.36ms 
205228     DEBUG main            d.u.i.k.p.r.p.TestFile    ... success: reloaded. 
205229     INFO  main            d.u.i.k.p.r.p.TestFile    Now processing file /home/runner/work/key/key/key.core/../key.ui/examples/heap/list/ArrayList.ArrayListIterator_next_exceptional.key 
205229     INFO  main            d.u.i.k.p.i.AbstractProblemLoader Loading environment from /home/runner/work/key/key/key.core/../key.ui/examples/heap/list/ArrayList.ArrayListIterator_next_exceptional.key 
205229     DEBUG main            d.u.i.k.p.i.AbstractProblemLoader Environment load took 144.41ns 
205230     INFO  main            d.u.i.k.p.i.AbstractProblemLoader Creating init config 
206460     DEBUG main            d.u.i.k.j.r.ClassPreparationMethodBuilder clPrepBuilder: Inner Class detected. Reject building class initialisation methods. 
208987     DEBUG main            d.u.i.k.p.i.AbstractProblemLoader Init config took 3.76s 
209048     INFO  main            d.u.i.k.p.i.AbstractProblemLoader Replaying proof ArrayList.ArrayListIterator[ListIterator::next()].JML exceptional_behavior operation contract.0 
209049     DEBUG main            d.u.i.k.p.i.IntermediateProofReplayer Proof replay took 5.7ns 
210055     INFO  main            d.u.i.k.p.r.p.TestFile    ... finished proof: closed. 
210392     INFO  main            d.u.i.k.p.i.AbstractProblemLoader Loading environment from /home/runner/work/key/key/key.core/../key.ui/examples/heap/list/ArrayList.ArrayListIterator_next_exceptional.key.proof 
210392     DEBUG main            d.u.i.k.p.i.AbstractProblemLoader Environment load took 566.72ns 
210394     INFO  main            d.u.i.k.p.i.AbstractProblemLoader Creating init config 
211614     DEBUG main            d.u.i.k.j.r.ClassPreparationMethodBuilder clPrepBuilder: Inner Class detected. Reject building class initialisation methods. 
214227     DEBUG main            d.u.i.k.p.i.AbstractProblemLoader Init config took 3.83s 
214290     INFO  main            d.u.i.k.p.i.AbstractProblemLoader Replaying proof ArrayList.ArrayListIterator[ListIterator::next()].JML exceptional_behavior operation contract.0 
214500     DEBUG main            d.u.i.k.p.i.IntermediateProofReplayer Proof replay took 203.69ms 
214502     DEBUG main            d.u.i.k.p.r.p.TestFile    ... success: reloaded. 
214503     INFO  main            d.u.i.k.p.r.p.TestFile    Now processing file /home/runner/work/key/key/key.core/../key.ui/examples/heap/list/ArrayList.ArrayListIterator_next_normal.key 
214504     INFO  main            d.u.i.k.p.i.AbstractProblemLoader Loading environment from /home/runner/work/key/key/key.core/../key.ui/examples/heap/list/ArrayList.ArrayListIterator_next_normal.key 
214504     DEBUG main            d.u.i.k.p.i.AbstractProblemLoader Environment load took 258.71ns 
214505     INFO  main            d.u.i.k.p.i.AbstractProblemLoader Creating init config 
215853     DEBUG main            d.u.i.k.j.r.ClassPreparationMethodBuilder clPrepBuilder: Inner Class detected. Reject building class initialisation methods. 
218398     DEBUG main            d.u.i.k.p.i.AbstractProblemLoader Init config took 3.89s 
218456     INFO  main            d.u.i.k.p.i.AbstractProblemLoader Replaying proof ArrayList.ArrayListIterator[ListIterator::next()].JML normal_behavior operation contract.0 
218458     DEBUG main            d.u.i.k.p.i.IntermediateProofReplayer Proof replay took 5.6ns 
219463     INFO  main            d.u.i.k.p.r.p.TestFile    ... finished proof: closed. 
219790     INFO  main            d.u.i.k.p.i.AbstractProblemLoader Loading environment from /home/runner/work/key/key/key.core/../key.ui/examples/heap/list/ArrayList.ArrayListIterator_next_normal.key.proof 
219791     DEBUG main            d.u.i.k.p.i.AbstractProblemLoader Environment load took 657.82ns 
219792     INFO  main            d.u.i.k.p.i.AbstractProblemLoader Creating init config 
220948     DEBUG main            d.u.i.k.j.r.ClassPreparationMethodBuilder clPrepBuilder: Inner Class detected. Reject building class initialisation methods. 
223335     DEBUG main            d.u.i.k.p.i.AbstractProblemLoader Init config took 3.54s 
223390     INFO  main            d.u.i.k.p.i.AbstractProblemLoader Replaying proof ArrayList.ArrayListIterator[ListIterator::next()].JML normal_behavior operation contract.0 
223636     DEBUG main            d.u.i.k.p.i.IntermediateProofReplayer Proof replay took 241.3ms 
223637     DEBUG main            d.u.i.k.p.r.p.TestFile    ... success: reloaded. 
223638     INFO  main            d.u.i.k.p.r.p.TestFile    Now processing file /home/runner/work/key/key/key.core/../key.ui/examples/heap/list/ArrayList.ArrayListIterator_pos.key 
223638     INFO  main            d.u.i.k.p.i.AbstractProblemLoader Loading environment from /home/runner/work/key/key/key.core/../key.ui/examples/heap/list/ArrayList.ArrayListIterator_pos.key 
223639     DEBUG main            d.u.i.k.p.i.AbstractProblemLoader Environment load took 136.3ns 
223640     INFO  main            d.u.i.k.p.i.AbstractProblemLoader Creating init config 
224798     DEBUG main            d.u.i.k.j.r.ClassPreparationMethodBuilder clPrepBuilder: Inner Class detected. Reject building class initialisation methods. 
227216     DEBUG main            d.u.i.k.p.i.AbstractProblemLoader Init config took 3.58s 
227260     INFO  main            d.u.i.k.p.i.AbstractProblemLoader Replaying proof ListIterator[ListIterator::$pos()].JML accessible clause.0 
227261     DEBUG main            d.u.i.k.p.i.IntermediateProofReplayer Proof replay took 6.1ns 
227364     INFO  main            d.u.i.k.p.r.p.TestFile    ... finished proof: closed. 
227679     INFO  main            d.u.i.k.p.i.AbstractProblemLoader Loading environment from /home/runner/work/key/key/key.core/../key.ui/examples/heap/list/ArrayList.ArrayListIterator_pos.key.proof 
227680     DEBUG main            d.u.i.k.p.i.AbstractProblemLoader Environment load took 127.9ns 
227681     INFO  main            d.u.i.k.p.i.AbstractProblemLoader Creating init config 
228793     DEBUG main            d.u.i.k.j.r.ClassPreparationMethodBuilder clPrepBuilder: Inner Class detected. Reject building class initialisation methods. 
231208     DEBUG main            d.u.i.k.p.i.AbstractProblemLoader Init config took 3.53s 
231251     INFO  main            d.u.i.k.p.i.AbstractProblemLoader Replaying proof ListIterator[ListIterator::$pos()].JML accessible clause.0 
231254     DEBUG main            d.u.i.k.p.i.IntermediateProofReplayer Proof replay took 1.11ms 
231255     DEBUG main            d.u.i.k.p.r.p.TestFile    ... success: reloaded. 
231256     INFO  main            d.u.i.k.p.r.p.TestFile    Now processing file /home/runner/work/key/key/key.core/../key.ui/examples/heap/list/Client_m.key 
231256     INFO  main            d.u.i.k.p.i.AbstractProblemLoader Loading environment from /home/runner/work/key/key/key.core/../key.ui/examples/heap/list/Client_m.key 
231256     DEBUG main            d.u.i.k.p.i.AbstractProblemLoader Environment load took 97.9ns 
231257     INFO  main            d.u.i.k.p.i.AbstractProblemLoader Creating init config 
232417     DEBUG main            d.u.i.k.j.r.ClassPreparationMethodBuilder clPrepBuilder: Inner Class detected. Reject building class initialisation methods. 
234871     DEBUG main            d.u.i.k.p.i.AbstractProblemLoader Init config took 3.61s 
234916     INFO  main            d.u.i.k.p.i.AbstractProblemLoader Replaying proof Client[Client::m(List)].JML normal_behavior operation contract.0 
234917     DEBUG main            d.u.i.k.p.i.IntermediateProofReplayer Proof replay took 5.9ns 
235220     INFO  main            d.u.i.k.p.r.p.TestFile    ... finished proof: closed. 
235564     INFO  main            d.u.i.k.p.i.AbstractProblemLoader Loading environment from /home/runner/work/key/key/key.core/../key.ui/examples/heap/list/Client_m.key.proof 
235564     DEBUG main            d.u.i.k.p.i.AbstractProblemLoader Environment load took 122.1ns 
235566     INFO  main            d.u.i.k.p.i.AbstractProblemLoader Creating init config 
236718     DEBUG main            d.u.i.k.j.r.ClassPreparationMethodBuilder clPrepBuilder: Inner Class detected. Reject building class initialisation methods. 
239147     DEBUG main            d.u.i.k.p.i.AbstractProblemLoader Init config took 3.58s 
239195     INFO  main            d.u.i.k.p.i.AbstractProblemLoader Replaying proof Client[Client::m(List)].JML normal_behavior operation contract.0 
239287     DEBUG main            d.u.i.k.p.i.IntermediateProofReplayer Proof replay took 87.89ms 
239288     DEBUG main            d.u.i.k.p.r.p.TestFile    ... success: reloaded. 
239289     INFO  main            d.u.i.k.p.r.p.TestFile    Now processing file /home/runner/work/key/key/key.core/../key.ui/examples/heap/list/Client_n.key 
239290     INFO  main            d.u.i.k.p.i.AbstractProblemLoader Loading environment from /home/runner/work/key/key/key.core/../key.ui/examples/heap/list/Client_n.key 
239290     DEBUG main            d.u.i.k.p.i.AbstractProblemLoader Environment load took 142.3ns 
239291     INFO  main            d.u.i.k.p.i.AbstractProblemLoader Creating init config 
240444     DEBUG main            d.u.i.k.j.r.ClassPreparationMethodBuilder clPrepBuilder: Inner Class detected. Reject building class initialisation methods. 
242896     DEBUG main            d.u.i.k.p.i.AbstractProblemLoader Init config took 3.6s 
242941     INFO  main            d.u.i.k.p.i.AbstractProblemLoader Replaying proof Client[Client::n(List)].JML normal_behavior operation contract.0 
242943     DEBUG main            d.u.i.k.p.i.IntermediateProofReplayer Proof replay took 6.2ns 
243048     INFO  main            d.u.i.k.p.r.p.TestFile    ... finished proof: closed. 
243391     INFO  main            d.u.i.k.p.i.AbstractProblemLoader Loading environment from /home/runner/work/key/key/key.core/../key.ui/examples/heap/list/Client_n.key.proof 
243391     DEBUG main            d.u.i.k.p.i.AbstractProblemLoader Environment load took 108.2ns 
243392     INFO  main            d.u.i.k.p.i.AbstractProblemLoader Creating init config 
244539     DEBUG main            d.u.i.k.j.r.ClassPreparationMethodBuilder clPrepBuilder: Inner Class detected. Reject building class initialisation methods. 
246993     DEBUG main            d.u.i.k.p.i.AbstractProblemLoader Init config took 3.6s 
247043     INFO  main            d.u.i.k.p.i.AbstractProblemLoader Replaying proof Client[Client::n(List)].JML normal_behavior operation contract.0 
247067     DEBUG main            d.u.i.k.p.i.IntermediateProofReplayer Proof replay took 22.3ms 
247068     DEBUG main            d.u.i.k.p.r.p.TestFile    ... success: reloaded. 
247069     INFO  main            d.u.i.k.p.r.p.TestFile    Now processing file /home/runner/work/key/key/key.core/../key.ui/examples/heap/list/LinkedList_get_exceptional.key 
247069     INFO  main            d.u.i.k.p.i.AbstractProblemLoader Loading environment from /home/runner/work/key/key/key.core/../key.ui/examples/heap/list/LinkedList_get_exceptional.key 
247069     DEBUG main            d.u.i.k.p.i.AbstractProblemLoader Environment load took 117.9ns 
247070     INFO  main            d.u.i.k.p.i.AbstractProblemLoader Creating init config 
248234     DEBUG main            d.u.i.k.j.r.ClassPreparationMethodBuilder clPrepBuilder: Inner Class detected. Reject building class initialisation methods. 
250636     DEBUG main            d.u.i.k.p.i.AbstractProblemLoader Init config took 3.57s 
250708     INFO  main            d.u.i.k.p.i.AbstractProblemLoader Replaying proof LinkedList[List::get(int)].JML exceptional_behavior operation contract.0 
250710     DEBUG main            d.u.i.k.p.i.IntermediateProofReplayer Proof replay took 5.9ns 
253020     INFO  main            d.u.i.k.p.r.p.TestFile    ... finished proof: closed. 
253475     INFO  main            d.u.i.k.p.i.AbstractProblemLoader Loading environment from /home/runner/work/key/key/key.core/../key.ui/examples/heap/list/LinkedList_get_exceptional.key.proof 
253476     DEBUG main            d.u.i.k.p.i.AbstractProblemLoader Environment load took 505.42ns 
253477     INFO  main            d.u.i.k.p.i.AbstractProblemLoader Creating init config 
254578     DEBUG main            d.u.i.k.j.r.ClassPreparationMethodBuilder clPrepBuilder: Inner Class detected. Reject building class initialisation methods. 
256939     DEBUG main            d.u.i.k.p.i.AbstractProblemLoader Init config took 3.46s 
257010     INFO  main            d.u.i.k.p.i.AbstractProblemLoader Replaying proof LinkedList[List::get(int)].JML exceptional_behavior operation contract.0 
257395     DEBUG main            d.u.i.k.p.i.IntermediateProofReplayer Proof replay took 374.73ms 
257396     DEBUG main            d.u.i.k.p.r.p.TestFile    ... success: reloaded. 
257398     INFO  main            d.u.i.k.p.r.p.TestFile    Now processing file /home/runner/work/key/key/key.core/../key.ui/examples/heap/list/LinkedList_get_normal.key 
257398     INFO  main            d.u.i.k.p.i.AbstractProblemLoader Loading environment from /home/runner/work/key/key/key.core/../key.ui/examples/heap/list/LinkedList_get_normal.key 
257398     DEBUG main            d.u.i.k.p.i.AbstractProblemLoader Environment load took 99.2ns 
257399     INFO  main            d.u.i.k.p.i.AbstractProblemLoader Creating init config 
258518     DEBUG main            d.u.i.k.j.r.ClassPreparationMethodBuilder clPrepBuilder: Inner Class detected. Reject building class initialisation methods. 
260970     DEBUG main            d.u.i.k.p.i.AbstractProblemLoader Init config took 3.57s 
261022     INFO  main            d.u.i.k.p.i.AbstractProblemLoader Replaying proof LinkedList[List::get(int)].JML normal_behavior operation contract.0 
261024     DEBUG main            d.u.i.k.p.i.IntermediateProofReplayer Proof replay took 6.4ns 
266896     INFO  main            d.u.i.k.p.r.p.TestFile    ... finished proof: closed. 
267338     INFO  main            d.u.i.k.p.i.AbstractProblemLoader Loading environment from /home/runner/work/key/key/key.core/../key.ui/examples/heap/list/LinkedList_get_normal.key.proof 
267338     DEBUG main            d.u.i.k.p.i.AbstractProblemLoader Environment load took 611.32ns 
267341     INFO  main            d.u.i.k.p.i.AbstractProblemLoader Creating init config 
268463     DEBUG main            d.u.i.k.j.r.ClassPreparationMethodBuilder clPrepBuilder: Inner Class detected. Reject building class initialisation methods. 
270894     DEBUG main            d.u.i.k.p.i.AbstractProblemLoader Init config took 3.55s 
270945     INFO  main            d.u.i.k.p.i.AbstractProblemLoader Replaying proof LinkedList[List::get(int)].JML normal_behavior operation contract.0 
271507     DEBUG main            d.u.i.k.p.i.IntermediateProofReplayer Proof replay took 538.33ms 
271510     DEBUG main            d.u.i.k.p.r.p.TestFile    ... success: reloaded. 
271510     INFO  main            d.u.i.k.p.r.p.TestFile    Now processing file /home/runner/work/key/key/key.core/../key.ui/examples/heap/list/LinkedList_LinkedList.key 
271511     INFO  main            d.u.i.k.p.i.AbstractProblemLoader Loading environment from /home/runner/work/key/key/key.core/../key.ui/examples/heap/list/LinkedList_LinkedList.key 
271511     DEBUG main            d.u.i.k.p.i.AbstractProblemLoader Environment load took 94.9ns 
271512     INFO  main            d.u.i.k.p.i.AbstractProblemLoader Creating init config 
272672     DEBUG main            d.u.i.k.j.r.ClassPreparationMethodBuilder clPrepBuilder: Inner Class detected. Reject building class initialisation methods. 
275104     DEBUG main            d.u.i.k.p.i.AbstractProblemLoader Init config took 3.59s 
275160     INFO  main            d.u.i.k.p.i.AbstractProblemLoader Replaying proof LinkedList[LinkedList::LinkedList()].JML normal_behavior operation contract.0 
275162     DEBUG main            d.u.i.k.p.i.IntermediateProofReplayer Proof replay took 6.7ns 
275665     INFO  main            d.u.i.k.p.r.p.TestFile    ... finished proof: closed. 
276059     INFO  main            d.u.i.k.p.i.AbstractProblemLoader Loading environment from /home/runner/work/key/key/key.core/../key.ui/examples/heap/list/LinkedList_LinkedList.key.proof 
276061     DEBUG main            d.u.i.k.p.i.AbstractProblemLoader Environment load took 1.66ms 
276062     INFO  main            d.u.i.k.p.i.AbstractProblemLoader Creating init config 
277167     DEBUG main            d.u.i.k.j.r.ClassPreparationMethodBuilder clPrepBuilder: Inner Class detected. Reject building class initialisation methods. 
279534     DEBUG main            d.u.i.k.p.i.AbstractProblemLoader Init config took 3.47s 
279582     INFO  main            d.u.i.k.p.i.AbstractProblemLoader Replaying proof LinkedList[LinkedList::LinkedList()].JML normal_behavior operation contract.0 
279699     DEBUG main            d.u.i.k.p.i.IntermediateProofReplayer Proof replay took 113.54ms 
279700     DEBUG main            d.u.i.k.p.r.p.TestFile    ... success: reloaded. 
279702     INFO  main            d.u.i.k.p.r.p.TestFile    Now processing file /home/runner/work/key/key/key.core/../key.ui/examples/heap/list/LinkedList_size_dep.key 
279702     INFO  main            d.u.i.k.p.i.AbstractProblemLoader Loading environment from /home/runner/work/key/key/key.core/../key.ui/examples/heap/list/LinkedList_size_dep.key 
279702     DEBUG main            d.u.i.k.p.i.AbstractProblemLoader Environment load took 88.2ns 
279703     INFO  main            d.u.i.k.p.i.AbstractProblemLoader Creating init config 
280831     DEBUG main            d.u.i.k.j.r.ClassPreparationMethodBuilder clPrepBuilder: Inner Class detected. Reject building class initialisation methods. 
283299     DEBUG main            d.u.i.k.p.i.AbstractProblemLoader Init config took 3.6s 
283351     INFO  main            d.u.i.k.p.i.AbstractProblemLoader Replaying proof LinkedList[List::size()].JML accessible clause.0 
283353     DEBUG main            d.u.i.k.p.i.IntermediateProofReplayer Proof replay took 6.8ns 
283955     INFO  main            d.u.i.k.p.r.p.TestFile    ... finished proof: closed. 
284322     INFO  main            d.u.i.k.p.i.AbstractProblemLoader Loading environment from /home/runner/work/key/key/key.core/../key.ui/examples/heap/list/LinkedList_size_dep.key.proof 
284322     DEBUG main            d.u.i.k.p.i.AbstractProblemLoader Environment load took 120.1ns 
284323     INFO  main            d.u.i.k.p.i.AbstractProblemLoader Creating init config 
285476     DEBUG main            d.u.i.k.j.r.ClassPreparationMethodBuilder clPrepBuilder: Inner Class detected. Reject building class initialisation methods. 
287849     DEBUG main            d.u.i.k.p.i.AbstractProblemLoader Init config took 3.53s 
287901     INFO  main            d.u.i.k.p.i.AbstractProblemLoader Replaying proof LinkedList[List::size()].JML accessible clause.0 
287969     DEBUG main            d.u.i.k.p.i.IntermediateProofReplayer Proof replay took 64.22ms 
287970     DEBUG main            d.u.i.k.p.r.p.TestFile    ... success: reloaded. 
287971     INFO  main            d.u.i.k.p.r.p.TestFile    Now processing file /home/runner/work/key/key/key.core/../key.ui/examples/heap/list/LinkedList_size.key 
287972     INFO  main            d.u.i.k.p.i.AbstractProblemLoader Loading environment from /home/runner/work/key/key/key.core/../key.ui/examples/heap/list/LinkedList_size.key 
287972     DEBUG main            d.u.i.k.p.i.AbstractProblemLoader Environment load took 119.7ns 
287973     INFO  main            d.u.i.k.p.i.AbstractProblemLoader Creating init config 
289163     DEBUG main            d.u.i.k.j.r.ClassPreparationMethodBuilder clPrepBuilder: Inner Class detected. Reject building class initialisation methods. 
291600     DEBUG main            d.u.i.k.p.i.AbstractProblemLoader Init config took 3.63s 
291645     INFO  main            d.u.i.k.p.i.AbstractProblemLoader Replaying proof LinkedList[List::size()].JML normal_behavior operation contract.0 
291646     DEBUG main            d.u.i.k.p.i.IntermediateProofReplayer Proof replay took 6.1ns 
292149     INFO  main            d.u.i.k.p.r.p.TestFile    ... finished proof: closed. 
292507     INFO  main            d.u.i.k.p.i.AbstractProblemLoader Loading environment from /home/runner/work/key/key/key.core/../key.ui/examples/heap/list/LinkedList_size.key.proof 
292508     DEBUG main            d.u.i.k.p.i.AbstractProblemLoader Environment load took 143.31ns 
292509     INFO  main            d.u.i.k.p.i.AbstractProblemLoader Creating init config 
293621     DEBUG main            d.u.i.k.j.r.ClassPreparationMethodBuilder clPrepBuilder: Inner Class detected. Reject building class initialisation methods. 
296038     DEBUG main            d.u.i.k.p.i.AbstractProblemLoader Init config took 3.53s 
296086     INFO  main            d.u.i.k.p.i.AbstractProblemLoader Replaying proof LinkedList[List::size()].JML normal_behavior operation contract.0 
296137     DEBUG main            d.u.i.k.p.i.IntermediateProofReplayer Proof replay took 47.99ms 
296138     DEBUG main            d.u.i.k.p.r.p.TestFile    ... success: reloaded. 
296139     INFO  main            d.u.i.k.p.r.p.TestFile    Now processing file /home/runner/work/key/key/key.core/../key.ui/examples/heap/list/MySet_footprint.key 
296139     INFO  main            d.u.i.k.p.i.AbstractProblemLoader Loading environment from /home/runner/work/key/key/key.core/../key.ui/examples/heap/list/MySet_footprint.key 
296139     DEBUG main            d.u.i.k.p.i.AbstractProblemLoader Environment load took 64.4ns 
296140     INFO  main            d.u.i.k.p.i.AbstractProblemLoader Creating init config 
297346     DEBUG main            d.u.i.k.j.r.ClassPreparationMethodBuilder clPrepBuilder: Inner Class detected. Reject building class initialisation methods. 
299758     DEBUG main            d.u.i.k.p.i.AbstractProblemLoader Init config took 3.62s 
299833     INFO  main            d.u.i.k.p.i.AbstractProblemLoader Replaying proof MySet[MySet::$footprint()].JML accessible clause.0 
299834     DEBUG main            d.u.i.k.p.i.IntermediateProofReplayer Proof replay took 6ns 
300137     INFO  main            d.u.i.k.p.r.p.TestFile    ... finished proof: closed. 
300517     INFO  main            d.u.i.k.p.i.AbstractProblemLoader Loading environment from /home/runner/work/key/key/key.core/../key.ui/examples/heap/list/MySet_footprint.key.proof 
300517     DEBUG main            d.u.i.k.p.i.AbstractProblemLoader Environment load took 121.6ns 
300518     INFO  main            d.u.i.k.p.i.AbstractProblemLoader Creating init config 
301636     DEBUG main            d.u.i.k.j.r.ClassPreparationMethodBuilder clPrepBuilder: Inner Class detected. Reject building class initialisation methods. 
304064     DEBUG main            d.u.i.k.p.i.AbstractProblemLoader Init config took 3.55s 
304130     INFO  main            d.u.i.k.p.i.AbstractProblemLoader Replaying proof MySet[MySet::$footprint()].JML accessible clause.0 
304169     DEBUG main            d.u.i.k.p.i.IntermediateProofReplayer Proof replay took 36.18ms 
304170     DEBUG main            d.u.i.k.p.r.p.TestFile    ... success: reloaded. 
304171     INFO  main            d.u.i.k.p.r.p.TestFile    Now processing file /home/runner/work/key/key/key.core/../key.ui/examples/heap/list/MySet_MySet.key 
304171     INFO  main            d.u.i.k.p.i.AbstractProblemLoader Loading environment from /home/runner/work/key/key/key.core/../key.ui/examples/heap/list/MySet_MySet.key 
304171     DEBUG main            d.u.i.k.p.i.AbstractProblemLoader Environment load took 88.4ns 
304172     INFO  main            d.u.i.k.p.i.AbstractProblemLoader Creating init config 
305327     DEBUG main            d.u.i.k.j.r.ClassPreparationMethodBuilder clPrepBuilder: Inner Class detected. Reject building class initialisation methods. 
307828     DEBUG main            d.u.i.k.p.i.AbstractProblemLoader Init config took 3.66s 
307885     INFO  main            d.u.i.k.p.i.AbstractProblemLoader Replaying proof MySet[MySet::MySet()].JML normal_behavior operation contract.0 
307886     DEBUG main            d.u.i.k.p.i.IntermediateProofReplayer Proof replay took 6.3ns 
310707     INFO  main            d.u.i.k.p.r.p.TestFile    ... finished proof: closed. 
311125     INFO  main            d.u.i.k.p.i.AbstractProblemLoader Loading environment from /home/runner/work/key/key/key.core/../key.ui/examples/heap/list/MySet_MySet.key.proof 
311126     DEBUG main            d.u.i.k.p.i.AbstractProblemLoader Environment load took 477.92ns 
311127     INFO  main            d.u.i.k.p.i.AbstractProblemLoader Creating init config 
312283     DEBUG main            d.u.i.k.j.r.ClassPreparationMethodBuilder clPrepBuilder: Inner Class detected. Reject building class initialisation methods. 
314769     DEBUG main            d.u.i.k.p.i.AbstractProblemLoader Init config took 3.64s 
314825     INFO  main            d.u.i.k.p.i.AbstractProblemLoader Replaying proof MySet[MySet::MySet()].JML normal_behavior operation contract.0 
315301     DEBUG main            d.u.i.k.p.i.IntermediateProofReplayer Proof replay took 462.27ms 
315303     DEBUG main            d.u.i.k.p.r.p.TestFile    ... success: reloaded. 
1287758    INFO  Test worker     d.u.i.k.p.r.RunAllProofsTestUnit Returning from test list 
1287759    INFO  Test worker     d.u.i.k.p.r.RunAllProofsTestUnit Running test list_ghost 
409        INFO  Timeout watchdog d.u.i.k.p.r.p.ForkedTestFileRunner Timeout watcher launched (2000 secs.) 
436        WARN  main            d.u.i.k.s.ProofSettings   The settings in /home/runner/.key/proof-settings.props are *not* read. 
492        INFO  main            d.u.i.k.p.r.p.TestFile    Now processing file /home/runner/work/key/key/key.core/../key.ui/examples/heap/list_ghost/ArrayList_add.key 
644        INFO  main            d.u.i.k.p.i.AbstractProblemLoader Loading environment from /home/runner/work/key/key/key.core/../key.ui/examples/heap/list_ghost/ArrayList_add.key 
662        DEBUG main            d.u.i.k.p.i.AbstractProblemLoader Environment load took 2.22ms 
945        INFO  main            d.u.i.k.p.i.AbstractProblemLoader Creating init config 
2181       DEBUG main            d.u.i.k.j.TypeConverter   No LDT found for Meta 
2182       DEBUG main            d.u.i.k.j.TypeConverter   No LDT found for Meta 
2185       DEBUG main            d.u.i.k.j.TypeConverter   No LDT found for Meta 
2185       DEBUG main            d.u.i.k.j.TypeConverter   No LDT found for Meta 
3814       DEBUG main            d.u.i.k.j.TypeConverter   No LDT found for JavaBigintExpression 
10033      DEBUG main            d.u.i.k.p.i.AbstractProblemLoader Init config took 9.09s 
10256      INFO  main            d.u.i.k.p.i.AbstractProblemLoader Replaying proof ArrayList[List::add(java.lang.Object)].JML normal_behavior operation contract.0 
10307      DEBUG main            d.u.i.k.p.i.IntermediateProofReplayer Proof replay took 43.6ns 
16385      INFO  main            d.u.i.k.p.r.p.TestFile    ... finished proof: closed. 
16611      INFO  main            d.u.i.k.p.i.AbstractProblemLoader Loading environment from /home/runner/work/key/key/key.core/../key.ui/examples/heap/list_ghost/ArrayList_add.key.proof 
16611      DEBUG main            d.u.i.k.p.i.AbstractProblemLoader Environment load took 255.61ns 
16618      INFO  main            d.u.i.k.p.i.AbstractProblemLoader Creating init config 
20041      DEBUG main            d.u.i.k.p.i.AbstractProblemLoader Init config took 3.42s 
20114      INFO  main            d.u.i.k.p.i.AbstractProblemLoader Replaying proof ArrayList[List::add(java.lang.Object)].JML normal_behavior operation contract.0 
21062      DEBUG main            d.u.i.k.p.i.IntermediateProofReplayer Proof replay took 922.33ms 
21072      DEBUG main            d.u.i.k.p.r.p.TestFile    ... success: reloaded. 
21079      INFO  main            d.u.i.k.p.r.p.TestFile    Now processing file /home/runner/work/key/key/key.core/../key.ui/examples/heap/list_ghost/ArrayList_ArrayList.key 
21080      INFO  main            d.u.i.k.p.i.AbstractProblemLoader Loading environment from /home/runner/work/key/key/key.core/../key.ui/examples/heap/list_ghost/ArrayList_ArrayList.key 
21080      DEBUG main            d.u.i.k.p.i.AbstractProblemLoader Environment load took 287.11ns 
21085      INFO  main            d.u.i.k.p.i.AbstractProblemLoader Creating init config 
24286      DEBUG main            d.u.i.k.p.i.AbstractProblemLoader Init config took 3.2s 
24370      INFO  main            d.u.i.k.p.i.AbstractProblemLoader Replaying proof ArrayList[ArrayList::ArrayList()].JML normal_behavior operation contract.0 
24378      DEBUG main            d.u.i.k.p.i.IntermediateProofReplayer Proof replay took 7.5ns 
25685      INFO  main            d.u.i.k.p.r.p.TestFile    ... finished proof: closed. 
25878      INFO  main            d.u.i.k.p.i.AbstractProblemLoader Loading environment from /home/runner/work/key/key/key.core/../key.ui/examples/heap/list_ghost/ArrayList_ArrayList.key.proof 
25878      DEBUG main            d.u.i.k.p.i.AbstractProblemLoader Environment load took 168.61ns 
25883      INFO  main            d.u.i.k.p.i.AbstractProblemLoader Creating init config 
28846      DEBUG main            d.u.i.k.p.i.AbstractProblemLoader Init config took 2.96s 
28904      INFO  main            d.u.i.k.p.i.AbstractProblemLoader Replaying proof ArrayList[ArrayList::ArrayList()].JML normal_behavior operation contract.0 
29169      DEBUG main            d.u.i.k.p.i.IntermediateProofReplayer Proof replay took 256.21ms 
29172      DEBUG main            d.u.i.k.p.r.p.TestFile    ... success: reloaded. 
29175      INFO  main            d.u.i.k.p.r.p.TestFile    Now processing file /home/runner/work/key/key/key.core/../key.ui/examples/heap/list_ghost/ArrayList_enlarge.key 
29175      INFO  main            d.u.i.k.p.i.AbstractProblemLoader Loading environment from /home/runner/work/key/key/key.core/../key.ui/examples/heap/list_ghost/ArrayList_enlarge.key 
29176      DEBUG main            d.u.i.k.p.i.AbstractProblemLoader Environment load took 268.11ns 
29178      INFO  main            d.u.i.k.p.i.AbstractProblemLoader Creating init config 
32213      DEBUG main            d.u.i.k.p.i.AbstractProblemLoader Init config took 3.03s 
32298      INFO  main            d.u.i.k.p.i.AbstractProblemLoader Replaying proof ArrayList[ArrayList::enlarge()].JML normal_behavior operation contract.0 
32301      DEBUG main            d.u.i.k.p.i.IntermediateProofReplayer Proof replay took 7.5ns 
34944      INFO  main            d.u.i.k.p.r.p.TestFile    ... finished proof: closed. 
35142      INFO  main            d.u.i.k.p.i.AbstractProblemLoader Loading environment from /home/runner/work/key/key/key.core/../key.ui/examples/heap/list_ghost/ArrayList_enlarge.key.proof 
35143      DEBUG main            d.u.i.k.p.i.AbstractProblemLoader Environment load took 599.82ns 
35144      INFO  main            d.u.i.k.p.i.AbstractProblemLoader Creating init config 
38200      DEBUG main            d.u.i.k.p.i.AbstractProblemLoader Init config took 3.06s 
38269      INFO  main            d.u.i.k.p.i.AbstractProblemLoader Replaying proof ArrayList[ArrayList::enlarge()].JML normal_behavior operation contract.0 
38880      DEBUG main            d.u.i.k.p.i.IntermediateProofReplayer Proof replay took 591.3ms 
38882      DEBUG main            d.u.i.k.p.r.p.TestFile    ... success: reloaded. 
38883      INFO  main            d.u.i.k.p.r.p.TestFile    Now processing file /home/runner/work/key/key/key.core/../key.ui/examples/heap/list_ghost/ArrayList_get_dep.key 
38883      INFO  main            d.u.i.k.p.i.AbstractProblemLoader Loading environment from /home/runner/work/key/key/key.core/../key.ui/examples/heap/list_ghost/ArrayList_get_dep.key 
38884      DEBUG main            d.u.i.k.p.i.AbstractProblemLoader Environment load took 252.91ns 
38885      INFO  main            d.u.i.k.p.i.AbstractProblemLoader Creating init config 
41997      DEBUG main            d.u.i.k.p.i.AbstractProblemLoader Init config took 3.11s 
42053      INFO  main            d.u.i.k.p.i.AbstractProblemLoader Replaying proof ArrayList[List::get(int)].JML accessible clause.0 
42055      DEBUG main            d.u.i.k.p.i.IntermediateProofReplayer Proof replay took 6.3ns 
42465      INFO  main            d.u.i.k.p.r.p.TestFile    ... finished proof: closed. 
42660      INFO  main            d.u.i.k.p.i.AbstractProblemLoader Loading environment from /home/runner/work/key/key/key.core/../key.ui/examples/heap/list_ghost/ArrayList_get_dep.key.proof 
42660      DEBUG main            d.u.i.k.p.i.AbstractProblemLoader Environment load took 508.42ns 
42662      INFO  main            d.u.i.k.p.i.AbstractProblemLoader Creating init config 
45661      DEBUG main            d.u.i.k.p.i.AbstractProblemLoader Init config took 3s 
45712      INFO  main            d.u.i.k.p.i.AbstractProblemLoader Replaying proof ArrayList[List::get(int)].JML accessible clause.0 
45819      DEBUG main            d.u.i.k.p.i.IntermediateProofReplayer Proof replay took 103.78ms 
45821      DEBUG main            d.u.i.k.p.r.p.TestFile    ... success: reloaded. 
45823      INFO  main            d.u.i.k.p.r.p.TestFile    Now processing file /home/runner/work/key/key/key.core/../key.ui/examples/heap/list_ghost/ArrayList_get_exceptional.key 
45823      INFO  main            d.u.i.k.p.i.AbstractProblemLoader Loading environment from /home/runner/work/key/key/key.core/../key.ui/examples/heap/list_ghost/ArrayList_get_exceptional.key 
45823      DEBUG main            d.u.i.k.p.i.AbstractProblemLoader Environment load took 257.11ns 
45825      INFO  main            d.u.i.k.p.i.AbstractProblemLoader Creating init config 
48779      DEBUG main            d.u.i.k.p.i.AbstractProblemLoader Init config took 2.95s 
48833      INFO  main            d.u.i.k.p.i.AbstractProblemLoader Replaying proof ArrayList[List::get(int)].JML exceptional_behavior operation contract.0 
48835      DEBUG main            d.u.i.k.p.i.IntermediateProofReplayer Proof replay took 5.7ns 
49742      INFO  main            d.u.i.k.p.r.p.TestFile    ... finished proof: closed. 
49948      INFO  main            d.u.i.k.p.i.AbstractProblemLoader Loading environment from /home/runner/work/key/key/key.core/../key.ui/examples/heap/list_ghost/ArrayList_get_exceptional.key.proof 
49949      DEBUG main            d.u.i.k.p.i.AbstractProblemLoader Environment load took 919.73ns 
49951      INFO  main            d.u.i.k.p.i.AbstractProblemLoader Creating init config 
52890      DEBUG main            d.u.i.k.p.i.AbstractProblemLoader Init config took 2.94s 
52943      INFO  main            d.u.i.k.p.i.AbstractProblemLoader Replaying proof ArrayList[List::get(int)].JML exceptional_behavior operation contract.0 
53143      DEBUG main            d.u.i.k.p.i.IntermediateProofReplayer Proof replay took 194.31ms 
53144      DEBUG main            d.u.i.k.p.r.p.TestFile    ... success: reloaded. 
53145      INFO  main            d.u.i.k.p.r.p.TestFile    Now processing file /home/runner/work/key/key/key.core/../key.ui/examples/heap/list_ghost/ArrayList_get_normal.key 
53146      INFO  main            d.u.i.k.p.i.AbstractProblemLoader Loading environment from /home/runner/work/key/key/key.core/../key.ui/examples/heap/list_ghost/ArrayList_get_normal.key 
53146      DEBUG main            d.u.i.k.p.i.AbstractProblemLoader Environment load took 323.51ns 
53147      INFO  main            d.u.i.k.p.i.AbstractProblemLoader Creating init config 
56129      DEBUG main            d.u.i.k.p.i.AbstractProblemLoader Init config took 2.98s 
56181      INFO  main            d.u.i.k.p.i.AbstractProblemLoader Replaying proof ArrayList[List::get(int)].JML normal_behavior operation contract.0 
56184      DEBUG main            d.u.i.k.p.i.IntermediateProofReplayer Proof replay took 6.4ns 
56487      INFO  main            d.u.i.k.p.r.p.TestFile    ... finished proof: closed. 
56742      INFO  main            d.u.i.k.p.i.AbstractProblemLoader Loading environment from /home/runner/work/key/key/key.core/../key.ui/examples/heap/list_ghost/ArrayList_get_normal.key.proof 
56742      DEBUG main            d.u.i.k.p.i.AbstractProblemLoader Environment load took 585.82ns 
56743      INFO  main            d.u.i.k.p.i.AbstractProblemLoader Creating init config 
59666      DEBUG main            d.u.i.k.p.i.AbstractProblemLoader Init config took 2.92s 
59716      INFO  main            d.u.i.k.p.i.AbstractProblemLoader Replaying proof ArrayList[List::get(int)].JML normal_behavior operation contract.0 
59781      DEBUG main            d.u.i.k.p.i.IntermediateProofReplayer Proof replay took 62.33ms 
59782      DEBUG main            d.u.i.k.p.r.p.TestFile    ... success: reloaded. 
59783      INFO  main            d.u.i.k.p.r.p.TestFile    Now processing file /home/runner/work/key/key/key.core/../key.ui/examples/heap/list_ghost/ArrayList_inv.key 
59784      INFO  main            d.u.i.k.p.i.AbstractProblemLoader Loading environment from /home/runner/work/key/key/key.core/../key.ui/examples/heap/list_ghost/ArrayList_inv.key 
59784      DEBUG main            d.u.i.k.p.i.AbstractProblemLoader Environment load took 242.11ns 
59785      INFO  main            d.u.i.k.p.i.AbstractProblemLoader Creating init config 
62700      DEBUG main            d.u.i.k.p.i.AbstractProblemLoader Init config took 2.91s 
62749      INFO  main            d.u.i.k.p.i.AbstractProblemLoader Replaying proof ArrayList[java.lang.Object::<inv>()].JML accessible clause.0 
62750      DEBUG main            d.u.i.k.p.i.IntermediateProofReplayer Proof replay took 6.3ns 
62855      INFO  main            d.u.i.k.p.r.p.TestFile    ... finished proof: closed. 
63085      INFO  main            d.u.i.k.p.i.AbstractProblemLoader Loading environment from /home/runner/work/key/key/key.core/../key.ui/examples/heap/list_ghost/ArrayList_inv.key.proof 
63085      DEBUG main            d.u.i.k.p.i.AbstractProblemLoader Environment load took 130ns 
63087      INFO  main            d.u.i.k.p.i.AbstractProblemLoader Creating init config 
66020      DEBUG main            d.u.i.k.p.i.AbstractProblemLoader Init config took 2.93s 
66075      INFO  main            d.u.i.k.p.i.AbstractProblemLoader Replaying proof ArrayList[java.lang.Object::<inv>()].JML accessible clause.0 
66090      DEBUG main            d.u.i.k.p.i.IntermediateProofReplayer Proof replay took 11.9ms 
66091      DEBUG main            d.u.i.k.p.r.p.TestFile    ... success: reloaded. 
66092      INFO  main            d.u.i.k.p.r.p.TestFile    Now processing file /home/runner/work/key/key/key.core/../key.ui/examples/heap/list_ghost/ArrayList_size_dep.key 
66093      INFO  main            d.u.i.k.p.i.AbstractProblemLoader Loading environment from /home/runner/work/key/key/key.core/../key.ui/examples/heap/list_ghost/ArrayList_size_dep.key 
66093      DEBUG main            d.u.i.k.p.i.AbstractProblemLoader Environment load took 129.8ns 
66094      INFO  main            d.u.i.k.p.i.AbstractProblemLoader Creating init config 
69045      DEBUG main            d.u.i.k.p.i.AbstractProblemLoader Init config took 2.95s 
69093      INFO  main            d.u.i.k.p.i.AbstractProblemLoader Replaying proof ArrayList[List::size()].JML accessible clause.0 
69094      DEBUG main            d.u.i.k.p.i.IntermediateProofReplayer Proof replay took 6.6ns 
69200      INFO  main            d.u.i.k.p.r.p.TestFile    ... finished proof: closed. 
69408      INFO  main            d.u.i.k.p.i.AbstractProblemLoader Loading environment from /home/runner/work/key/key/key.core/../key.ui/examples/heap/list_ghost/ArrayList_size_dep.key.proof 
69409      DEBUG main            d.u.i.k.p.i.AbstractProblemLoader Environment load took 141ns 
69410      INFO  main            d.u.i.k.p.i.AbstractProblemLoader Creating init config 
72318      DEBUG main            d.u.i.k.p.i.AbstractProblemLoader Init config took 2.91s 
72373      INFO  main            d.u.i.k.p.i.AbstractProblemLoader Replaying proof ArrayList[List::size()].JML accessible clause.0 
72395      DEBUG main            d.u.i.k.p.i.IntermediateProofReplayer Proof replay took 17.16ms 
72397      DEBUG main            d.u.i.k.p.r.p.TestFile    ... success: reloaded. 
72402      INFO  main            d.u.i.k.p.r.p.TestFile    Now processing file /home/runner/work/key/key/key.core/../key.ui/examples/heap/list_ghost/ArrayList_size.key 
72404      INFO  main            d.u.i.k.p.i.AbstractProblemLoader Loading environment from /home/runner/work/key/key/key.core/../key.ui/examples/heap/list_ghost/ArrayList_size.key 
72405      DEBUG main            d.u.i.k.p.i.AbstractProblemLoader Environment load took 781.83ns 
72406      INFO  main            d.u.i.k.p.i.AbstractProblemLoader Creating init config 
75459      DEBUG main            d.u.i.k.p.i.AbstractProblemLoader Init config took 3.05s 
75506      INFO  main            d.u.i.k.p.i.AbstractProblemLoader Replaying proof ArrayList[List::size()].JML normal_behavior operation contract.0 
75508      DEBUG main            d.u.i.k.p.i.IntermediateProofReplayer Proof replay took 6.8ns 
75611      INFO  main            d.u.i.k.p.r.p.TestFile    ... finished proof: closed. 
75838      INFO  main            d.u.i.k.p.i.AbstractProblemLoader Loading environment from /home/runner/work/key/key/key.core/../key.ui/examples/heap/list_ghost/ArrayList_size.key.proof 
75838      DEBUG main            d.u.i.k.p.i.AbstractProblemLoader Environment load took 131.1ns 
75839      INFO  main            d.u.i.k.p.i.AbstractProblemLoader Creating init config 
78870      DEBUG main            d.u.i.k.p.i.AbstractProblemLoader Init config took 3.03s 
78917      INFO  main            d.u.i.k.p.i.AbstractProblemLoader Replaying proof ArrayList[List::size()].JML normal_behavior operation contract.0 
78937      DEBUG main            d.u.i.k.p.i.IntermediateProofReplayer Proof replay took 18.21ms 
78938      DEBUG main            d.u.i.k.p.r.p.TestFile    ... success: reloaded. 
1366910    INFO  Test worker     d.u.i.k.p.r.RunAllProofsTestUnit Returning from test list_ghost 
1366911    INFO  Test worker     d.u.i.k.p.r.RunAllProofsTestUnit Running test list_recursive 
455        INFO  Timeout watchdog d.u.i.k.p.r.p.ForkedTestFileRunner Timeout watcher launched (2000 secs.) 
473        WARN  main            d.u.i.k.s.ProofSettings   The settings in /home/runner/.key/proof-settings.props are *not* read. 
517        INFO  main            d.u.i.k.p.r.p.TestFile    Now processing file /home/runner/work/key/key/key.core/../key.ui/examples/heap/list_recursiveSpec/ListOperationsNonNull_getNextNN_normal_behavior.key 
679        INFO  main            d.u.i.k.p.i.AbstractProblemLoader Loading environment from /home/runner/work/key/key/key.core/../key.ui/examples/heap/list_recursiveSpec/ListOperationsNonNull_getNextNN_normal_behavior.key 
703        DEBUG main            d.u.i.k.p.i.AbstractProblemLoader Environment load took 2.61ms 
1022       INFO  main            d.u.i.k.p.i.AbstractProblemLoader Creating init config 
2344       DEBUG main            d.u.i.k.j.TypeConverter   No LDT found for Meta 
2345       DEBUG main            d.u.i.k.j.TypeConverter   No LDT found for Meta 
2349       DEBUG main            d.u.i.k.j.TypeConverter   No LDT found for Meta 
2349       DEBUG main            d.u.i.k.j.TypeConverter   No LDT found for Meta 
4082       DEBUG main            d.u.i.k.j.TypeConverter   No LDT found for JavaBigintExpression 
10424      DEBUG main            d.u.i.k.p.i.AbstractProblemLoader Init config took 9.4s 
10644      INFO  main            d.u.i.k.p.i.AbstractProblemLoader Replaying proof ListOperationsNonNull[ListOperationsNonNull::getNextNN(ListNN,int)].JML normal_behavior operation contract.0 
10692      DEBUG main            d.u.i.k.p.i.IntermediateProofReplayer Proof replay took 37.3ns 
12326      INFO  main            d.u.i.k.p.r.p.TestFile    ... finished proof: closed. 
12467      INFO  main            d.u.i.k.p.i.AbstractProblemLoader Loading environment from /home/runner/work/key/key/key.core/../key.ui/examples/heap/list_recursiveSpec/ListOperationsNonNull_getNextNN_normal_behavior.key.proof 
12468      DEBUG main            d.u.i.k.p.i.AbstractProblemLoader Environment load took 731.22ns 
12470      INFO  main            d.u.i.k.p.i.AbstractProblemLoader Creating init config 
15889      DEBUG main            d.u.i.k.p.i.AbstractProblemLoader Init config took 3.42s 
16016      INFO  main            d.u.i.k.p.i.AbstractProblemLoader Replaying proof ListOperationsNonNull[ListOperationsNonNull::getNextNN(ListNN,int)].JML normal_behavior operation contract.0 
16331      DEBUG main            d.u.i.k.p.i.IntermediateProofReplayer Proof replay took 294.34ms 
16341      DEBUG main            d.u.i.k.p.r.p.TestFile    ... success: reloaded. 
16348      INFO  main            d.u.i.k.p.r.p.TestFile    Now processing file /home/runner/work/key/key/key.core/../key.ui/examples/heap/list_recursiveSpec/ListOperationsNonNull_setValueAt_normal_behavior.key 
16350      INFO  main            d.u.i.k.p.i.AbstractProblemLoader Loading environment from /home/runner/work/key/key/key.core/../key.ui/examples/heap/list_recursiveSpec/ListOperationsNonNull_setValueAt_normal_behavior.key 
16350      DEBUG main            d.u.i.k.p.i.AbstractProblemLoader Environment load took 293.31ns 
16355      INFO  main            d.u.i.k.p.i.AbstractProblemLoader Creating init config 
19503      DEBUG main            d.u.i.k.p.i.AbstractProblemLoader Init config took 3.15s 
19575      INFO  main            d.u.i.k.p.i.AbstractProblemLoader Replaying proof ListOperationsNonNull[ListOperationsNonNull::setValueAt_NN(ListNN,int,int)].JML normal_behavior operation contract.0 
19578      DEBUG main            d.u.i.k.p.i.IntermediateProofReplayer Proof replay took 7.2ns 
19613      DEBUG main            d.u.i.k.m.s.ProofScriptEngine 1: 'macro autopilot' 
22709      DEBUG main            d.u.i.k.m.s.ProofScriptEngine 2: 'macro simp-upd' 
22718      DEBUG main            d.u.i.k.m.s.ProofScriptEngine 3: 'rule observerDependencyEQ' 
22747      DEBUG main            d.u.i.k.m.s.ProofScriptEngine 4: 'tryclose' 
22788      INFO  main            d.u.i.k.p.r.p.TestFile    ... finished proof: closed. 
22969      INFO  main            d.u.i.k.p.i.AbstractProblemLoader Loading environment from /home/runner/work/key/key/key.core/../key.ui/examples/heap/list_recursiveSpec/ListOperationsNonNull_setValueAt_normal_behavior.key.proof 
22970      DEBUG main            d.u.i.k.p.i.AbstractProblemLoader Environment load took 140.8ns 
22972      INFO  main            d.u.i.k.p.i.AbstractProblemLoader Creating init config 
26135      DEBUG main            d.u.i.k.p.i.AbstractProblemLoader Init config took 3.16s 
26206      INFO  main            d.u.i.k.p.i.AbstractProblemLoader Replaying proof ListOperationsNonNull[ListOperationsNonNull::setValueAt_NN(ListNN,int,int)].JML normal_behavior operation contract.0 
26371      DEBUG main            d.u.i.k.p.i.IntermediateProofReplayer Proof replay took 159.48ms 
26373      DEBUG main            d.u.i.k.p.r.p.TestFile    ... success: reloaded. 
1393488    INFO  Test worker     d.u.i.k.p.r.RunAllProofsTestUnit Returning from test list_recursive 
1393489    INFO  Test worker     d.u.i.k.p.r.RunAllProofsTestUnit Running test list_seq 
470        INFO  Timeout watchdog d.u.i.k.p.r.p.ForkedTestFileRunner Timeout watcher launched (2000 secs.) 
482        WARN  main            d.u.i.k.s.ProofSettings   The settings in /home/runner/.key/proof-settings.props are *not* read. 
522        INFO  main            d.u.i.k.p.r.p.TestFile    Now processing file /home/runner/work/key/key/key.core/../key.ui/examples/heap/list_seq/SimplifiedLinkedList.remove.key 
650        INFO  main            d.u.i.k.p.i.AbstractProblemLoader Loading environment from /home/runner/work/key/key/key.core/../key.ui/examples/heap/list_seq/SimplifiedLinkedList.remove.key 
668        DEBUG main            d.u.i.k.p.i.AbstractProblemLoader Environment load took 1.89ms 
938        INFO  main            d.u.i.k.p.i.AbstractProblemLoader Creating init config 
2076       DEBUG main            d.u.i.k.j.TypeConverter   No LDT found for Meta 
2077       DEBUG main            d.u.i.k.j.TypeConverter   No LDT found for Meta 
2078       DEBUG main            d.u.i.k.j.TypeConverter   No LDT found for Meta 
2078       DEBUG main            d.u.i.k.j.TypeConverter   No LDT found for Meta 
4048       DEBUG main            d.u.i.k.j.TypeConverter   No LDT found for JavaBigintExpression 
11107      DEBUG main            d.u.i.k.p.i.AbstractProblemLoader Init config took 10.17s 
11381      INFO  main            d.u.i.k.p.i.AbstractProblemLoader Replaying proof SimplifiedLinkedList[SimplifiedLinkedList::remove(int)].JML normal_behavior operation contract.0 
11463      DEBUG main            d.u.i.k.p.i.IntermediateProofReplayer Proof replay took 58.7ns 
98852      INFO  main            d.u.i.k.p.r.p.TestFile    ... finished proof: closed. 
99328      INFO  main            d.u.i.k.p.i.AbstractProblemLoader Loading environment from /home/runner/work/key/key/key.core/../key.ui/examples/heap/list_seq/SimplifiedLinkedList.remove.key.proof 
99328      DEBUG main            d.u.i.k.p.i.AbstractProblemLoader Environment load took 304.31ns 
99341      INFO  main            d.u.i.k.p.i.AbstractProblemLoader Creating init config 
103248     DEBUG main            d.u.i.k.p.i.AbstractProblemLoader Init config took 3.91s 
103373     INFO  main            d.u.i.k.p.i.AbstractProblemLoader Replaying proof SimplifiedLinkedList[SimplifiedLinkedList::remove(int)].JML normal_behavior operation contract.0 
108837     DEBUG main            d.u.i.k.p.i.IntermediateProofReplayer Proof replay took 5.2s 
108858     DEBUG main            d.u.i.k.p.r.p.TestFile    ... success: reloaded. 
108860     INFO  main            d.u.i.k.p.r.p.TestFile    Now processing file /home/runner/work/key/key/key.core/../key.ui/examples/heap/list_seq/ArrayList.ArrayList.key 
108861     INFO  main            d.u.i.k.p.i.AbstractProblemLoader Loading environment from /home/runner/work/key/key/key.core/../key.ui/examples/heap/list_seq/ArrayList.ArrayList.key 
108861     DEBUG main            d.u.i.k.p.i.AbstractProblemLoader Environment load took 253.71ns 
108863     INFO  main            d.u.i.k.p.i.AbstractProblemLoader Creating init config 
112671     DEBUG main            d.u.i.k.p.i.AbstractProblemLoader Init config took 3.81s 
112779     INFO  main            d.u.i.k.p.i.AbstractProblemLoader Replaying proof ArrayList[ArrayList::ArrayList()].JML normal_behavior operation contract.0 
112782     DEBUG main            d.u.i.k.p.i.IntermediateProofReplayer Proof replay took 5.6ns 
113687     INFO  main            d.u.i.k.p.r.p.TestFile    ... finished proof: closed. 
113976     INFO  main            d.u.i.k.p.i.AbstractProblemLoader Loading environment from /home/runner/work/key/key/key.core/../key.ui/examples/heap/list_seq/ArrayList.ArrayList.key.proof 
113976     DEBUG main            d.u.i.k.p.i.AbstractProblemLoader Environment load took 491.22ns 
113978     INFO  main            d.u.i.k.p.i.AbstractProblemLoader Creating init config 
117710     DEBUG main            d.u.i.k.p.i.AbstractProblemLoader Init config took 3.73s 
117813     INFO  main            d.u.i.k.p.i.AbstractProblemLoader Replaying proof ArrayList[ArrayList::ArrayList()].JML normal_behavior operation contract.0 
118002     DEBUG main            d.u.i.k.p.i.IntermediateProofReplayer Proof replay took 182.95ms 
118004     DEBUG main            d.u.i.k.p.r.p.TestFile    ... success: reloaded. 
118006     INFO  main            d.u.i.k.p.r.p.TestFile    Now processing file /home/runner/work/key/key/key.core/../key.ui/examples/heap/list_seq/ArrayList.add.key 
118006     INFO  main            d.u.i.k.p.i.AbstractProblemLoader Loading environment from /home/runner/work/key/key/key.core/../key.ui/examples/heap/list_seq/ArrayList.add.key 
118007     DEBUG main            d.u.i.k.p.i.AbstractProblemLoader Environment load took 257.21ns 
118008     INFO  main            d.u.i.k.p.i.AbstractProblemLoader Creating init config 
121668     DEBUG main            d.u.i.k.p.i.AbstractProblemLoader Init config took 3.66s 
121757     INFO  main            d.u.i.k.p.i.AbstractProblemLoader Replaying proof ArrayList[List::add(java.lang.Object)].JML normal_behavior operation contract.0 
121759     DEBUG main            d.u.i.k.p.i.IntermediateProofReplayer Proof replay took 6.1ns 
125369     INFO  main            d.u.i.k.p.r.p.TestFile    ... finished proof: closed. 
125592     INFO  main            d.u.i.k.p.i.AbstractProblemLoader Loading environment from /home/runner/work/key/key/key.core/../key.ui/examples/heap/list_seq/ArrayList.add.key.proof 
125593     DEBUG main            d.u.i.k.p.i.AbstractProblemLoader Environment load took 489.92ns 
125594     INFO  main            d.u.i.k.p.i.AbstractProblemLoader Creating init config 
129184     DEBUG main            d.u.i.k.p.i.AbstractProblemLoader Init config took 3.59s 
129297     INFO  main            d.u.i.k.p.i.AbstractProblemLoader Replaying proof ArrayList[List::add(java.lang.Object)].JML normal_behavior operation contract.0 
129859     DEBUG main            d.u.i.k.p.i.IntermediateProofReplayer Proof replay took 545.72ms 
129868     DEBUG main            d.u.i.k.p.r.p.TestFile    ... success: reloaded. 
129874     INFO  main            d.u.i.k.p.r.p.TestFile    Now processing file /home/runner/work/key/key/key.core/../key.ui/examples/heap/list_seq/ArrayList.contains.key 
129875     INFO  main            d.u.i.k.p.i.AbstractProblemLoader Loading environment from /home/runner/work/key/key/key.core/../key.ui/examples/heap/list_seq/ArrayList.contains.key 
129875     DEBUG main            d.u.i.k.p.i.AbstractProblemLoader Environment load took 147.41ns 
129876     INFO  main            d.u.i.k.p.i.AbstractProblemLoader Creating init config 
133513     DEBUG main            d.u.i.k.p.i.AbstractProblemLoader Init config took 3.64s 
133603     INFO  main            d.u.i.k.p.i.AbstractProblemLoader Replaying proof ArrayList[List::contains(java.lang.Object)].JML normal_behavior operation contract.0 
133605     DEBUG main            d.u.i.k.p.i.IntermediateProofReplayer Proof replay took 6.7ns 
135315     INFO  main            d.u.i.k.p.r.p.TestFile    ... finished proof: closed. 
135559     INFO  main            d.u.i.k.p.i.AbstractProblemLoader Loading environment from /home/runner/work/key/key/key.core/../key.ui/examples/heap/list_seq/ArrayList.contains.key.proof 
135559     DEBUG main            d.u.i.k.p.i.AbstractProblemLoader Environment load took 517.32ns 
135561     INFO  main            d.u.i.k.p.i.AbstractProblemLoader Creating init config 
139279     DEBUG main            d.u.i.k.p.i.AbstractProblemLoader Init config took 3.72s 
139372     INFO  main            d.u.i.k.p.i.AbstractProblemLoader Replaying proof ArrayList[List::contains(java.lang.Object)].JML normal_behavior operation contract.0 
139696     DEBUG main            d.u.i.k.p.i.IntermediateProofReplayer Proof replay took 315.86ms 
139697     DEBUG main            d.u.i.k.p.r.p.TestFile    ... success: reloaded. 
139698     INFO  main            d.u.i.k.p.r.p.TestFile    Now processing file /home/runner/work/key/key/key.core/../key.ui/examples/heap/list_seq/ArrayList.enlarge.key 
139699     INFO  main            d.u.i.k.p.i.AbstractProblemLoader Loading environment from /home/runner/work/key/key/key.core/../key.ui/examples/heap/list_seq/ArrayList.enlarge.key 
139699     DEBUG main            d.u.i.k.p.i.AbstractProblemLoader Environment load took 258.41ns 
139700     INFO  main            d.u.i.k.p.i.AbstractProblemLoader Creating init config 
143360     DEBUG main            d.u.i.k.p.i.AbstractProblemLoader Init config took 3.66s 
143442     INFO  main            d.u.i.k.p.i.AbstractProblemLoader Replaying proof ArrayList[ArrayList::enlarge()].JML normal_behavior operation contract.0 
143444     DEBUG main            d.u.i.k.p.i.IntermediateProofReplayer Proof replay took 5.7ns 
145760     INFO  main            d.u.i.k.p.r.p.TestFile    ... finished proof: closed. 
145993     INFO  main            d.u.i.k.p.i.AbstractProblemLoader Loading environment from /home/runner/work/key/key/key.core/../key.ui/examples/heap/list_seq/ArrayList.enlarge.key.proof 
145993     DEBUG main            d.u.i.k.p.i.AbstractProblemLoader Environment load took 486.01ns 
145995     INFO  main            d.u.i.k.p.i.AbstractProblemLoader Creating init config 
149454     DEBUG main            d.u.i.k.p.i.AbstractProblemLoader Init config took 3.46s 
149559     INFO  main            d.u.i.k.p.i.AbstractProblemLoader Replaying proof ArrayList[ArrayList::enlarge()].JML normal_behavior operation contract.0 
149952     DEBUG main            d.u.i.k.p.i.IntermediateProofReplayer Proof replay took 381.34ms 
149954     DEBUG main            d.u.i.k.p.r.p.TestFile    ... success: reloaded. 
149955     INFO  main            d.u.i.k.p.r.p.TestFile    Now processing file /home/runner/work/key/key/key.core/../key.ui/examples/heap/list_seq/ArrayList.get.key 
149956     INFO  main            d.u.i.k.p.i.AbstractProblemLoader Loading environment from /home/runner/work/key/key/key.core/../key.ui/examples/heap/list_seq/ArrayList.get.key 
149956     DEBUG main            d.u.i.k.p.i.AbstractProblemLoader Environment load took 241.91ns 
149957     INFO  main            d.u.i.k.p.i.AbstractProblemLoader Creating init config 
153600     DEBUG main            d.u.i.k.p.i.AbstractProblemLoader Init config took 3.64s 
153682     INFO  main            d.u.i.k.p.i.AbstractProblemLoader Replaying proof ArrayList[List::get(int)].JML normal_behavior operation contract.0 
153684     DEBUG main            d.u.i.k.p.i.IntermediateProofReplayer Proof replay took 6.8ns 
154287     INFO  main            d.u.i.k.p.r.p.TestFile    ... finished proof: closed. 
154510     INFO  main            d.u.i.k.p.i.AbstractProblemLoader Loading environment from /home/runner/work/key/key/key.core/../key.ui/examples/heap/list_seq/ArrayList.get.key.proof 
154510     DEBUG main            d.u.i.k.p.i.AbstractProblemLoader Environment load took 537.62ns 
154512     INFO  main            d.u.i.k.p.i.AbstractProblemLoader Creating init config 
158010     DEBUG main            d.u.i.k.p.i.AbstractProblemLoader Init config took 3.5s 
158105     INFO  main            d.u.i.k.p.i.AbstractProblemLoader Replaying proof ArrayList[List::get(int)].JML normal_behavior operation contract.0 
158193     DEBUG main            d.u.i.k.p.i.IntermediateProofReplayer Proof replay took 82.47ms 
158194     DEBUG main            d.u.i.k.p.r.p.TestFile    ... success: reloaded. 
158195     INFO  main            d.u.i.k.p.r.p.TestFile    Now processing file /home/runner/work/key/key/key.core/../key.ui/examples/heap/list_seq/ArrayList.newArray.key 
158196     INFO  main            d.u.i.k.p.i.AbstractProblemLoader Loading environment from /home/runner/work/key/key/key.core/../key.ui/examples/heap/list_seq/ArrayList.newArray.key 
158196     DEBUG main            d.u.i.k.p.i.AbstractProblemLoader Environment load took 134.81ns 
158197     INFO  main            d.u.i.k.p.i.AbstractProblemLoader Creating init config 
161748     DEBUG main            d.u.i.k.p.i.AbstractProblemLoader Init config took 3.55s 
161832     INFO  main            d.u.i.k.p.i.AbstractProblemLoader Replaying proof ArrayList[ArrayList::newArray(int)].JML normal_behavior operation contract.0 
161834     DEBUG main            d.u.i.k.p.i.IntermediateProofReplayer Proof replay took 6.9ns 
162140     INFO  main            d.u.i.k.p.r.p.TestFile    ... finished proof: closed. 
162356     INFO  main            d.u.i.k.p.i.AbstractProblemLoader Loading environment from /home/runner/work/key/key/key.core/../key.ui/examples/heap/list_seq/ArrayList.newArray.key.proof 
162356     DEBUG main            d.u.i.k.p.i.AbstractProblemLoader Environment load took 126ns 
162357     INFO  main            d.u.i.k.p.i.AbstractProblemLoader Creating init config 
165897     DEBUG main            d.u.i.k.p.i.AbstractProblemLoader Init config took 3.54s 
165994     INFO  main            d.u.i.k.p.i.AbstractProblemLoader Replaying proof ArrayList[ArrayList::newArray(int)].JML normal_behavior operation contract.0 
166069     DEBUG main            d.u.i.k.p.i.IntermediateProofReplayer Proof replay took 71.46ms 
166070     DEBUG main            d.u.i.k.p.r.p.TestFile    ... success: reloaded. 
166072     INFO  main            d.u.i.k.p.r.p.TestFile    Now processing file /home/runner/work/key/key/key.core/../key.ui/examples/heap/list_seq/ArrayList.remove.0.key 
166072     INFO  main            d.u.i.k.p.i.AbstractProblemLoader Loading environment from /home/runner/work/key/key/key.core/../key.ui/examples/heap/list_seq/ArrayList.remove.0.key 
166072     DEBUG main            d.u.i.k.p.i.AbstractProblemLoader Environment load took 156.71ns 
166076     INFO  main            d.u.i.k.p.i.AbstractProblemLoader Creating init config 
169625     DEBUG main            d.u.i.k.p.i.AbstractProblemLoader Init config took 3.55s 
169706     INFO  main            d.u.i.k.p.i.AbstractProblemLoader Replaying proof ArrayList[List::remove(java.lang.Object)].JML normal_behavior operation contract.0 
169707     DEBUG main            d.u.i.k.p.i.IntermediateProofReplayer Proof replay took 6.2ns 
171914     INFO  main            d.u.i.k.p.r.p.TestFile    ... finished proof: closed. 
172149     INFO  main            d.u.i.k.p.i.AbstractProblemLoader Loading environment from /home/runner/work/key/key/key.core/../key.ui/examples/heap/list_seq/ArrayList.remove.0.key.proof 
172149     DEBUG main            d.u.i.k.p.i.AbstractProblemLoader Environment load took 135.3ns 
172150     INFO  main            d.u.i.k.p.i.AbstractProblemLoader Creating init config 
175679     DEBUG main            d.u.i.k.p.i.AbstractProblemLoader Init config took 3.53s 
175768     INFO  main            d.u.i.k.p.i.AbstractProblemLoader Replaying proof ArrayList[List::remove(java.lang.Object)].JML normal_behavior operation contract.0 
176442     DEBUG main            d.u.i.k.p.i.IntermediateProofReplayer Proof replay took 644.54ms 
176446     DEBUG main            d.u.i.k.p.r.p.TestFile    ... success: reloaded. 
176448     INFO  main            d.u.i.k.p.r.p.TestFile    Now processing file /home/runner/work/key/key/key.core/../key.ui/examples/heap/list_seq/ArrayList.remove.1.key 
176451     INFO  main            d.u.i.k.p.i.AbstractProblemLoader Loading environment from /home/runner/work/key/key/key.core/../key.ui/examples/heap/list_seq/ArrayList.remove.1.key 
176452     DEBUG main            d.u.i.k.p.i.AbstractProblemLoader Environment load took 499.31ns 
176453     INFO  main            d.u.i.k.p.i.AbstractProblemLoader Creating init config 
180035     DEBUG main            d.u.i.k.p.i.AbstractProblemLoader Init config took 3.58s 
180155     INFO  main            d.u.i.k.p.i.AbstractProblemLoader Replaying proof ArrayList[List::remove(java.lang.Object)].JML normal_behavior operation contract.1 
180158     DEBUG main            d.u.i.k.p.i.IntermediateProofReplayer Proof replay took 6.6ns 
192559     INFO  main            d.u.i.k.p.r.p.TestFile    ... finished proof: closed. 
192893     INFO  main            d.u.i.k.p.i.AbstractProblemLoader Loading environment from /home/runner/work/key/key/key.core/../key.ui/examples/heap/list_seq/ArrayList.remove.1.key.proof 
192893     DEBUG main            d.u.i.k.p.i.AbstractProblemLoader Environment load took 549.22ns 
192896     INFO  main            d.u.i.k.p.i.AbstractProblemLoader Creating init config 
196382     DEBUG main            d.u.i.k.p.i.AbstractProblemLoader Init config took 3.49s 
196467     INFO  main            d.u.i.k.p.i.AbstractProblemLoader Replaying proof ArrayList[List::remove(java.lang.Object)].JML normal_behavior operation contract.1 
198203     DEBUG main            d.u.i.k.p.i.IntermediateProofReplayer Proof replay took 1.69s 
198206     DEBUG main            d.u.i.k.p.r.p.TestFile    ... success: reloaded. 
1591931    INFO  Test worker     d.u.i.k.p.r.RunAllProofsTestUnit Returning from test list_seq 
1591932    INFO  Test worker     d.u.i.k.p.r.RunAllProofsTestUnit Running test observer 
459        INFO  Timeout watchdog d.u.i.k.p.r.p.ForkedTestFileRunner Timeout watcher launched (2000 secs.) 
472        WARN  main            d.u.i.k.s.ProofSettings   The settings in /home/runner/.key/proof-settings.props are *not* read. 
510        INFO  main            d.u.i.k.p.r.p.TestFile    Now processing file /home/runner/work/key/key/key.core/../key.ui/examples/heap/observer/ExampleObserver_ExampleObserver.key 
690        INFO  main            d.u.i.k.p.i.AbstractProblemLoader Loading environment from /home/runner/work/key/key/key.core/../key.ui/examples/heap/observer/ExampleObserver_ExampleObserver.key 
712        DEBUG main            d.u.i.k.p.i.AbstractProblemLoader Environment load took 2.2ms 
1001       INFO  main            d.u.i.k.p.i.AbstractProblemLoader Creating init config 
2196       DEBUG main            d.u.i.k.j.TypeConverter   No LDT found for Meta 
2196       DEBUG main            d.u.i.k.j.TypeConverter   No LDT found for Meta 
2198       DEBUG main            d.u.i.k.j.TypeConverter   No LDT found for Meta 
2198       DEBUG main            d.u.i.k.j.TypeConverter   No LDT found for Meta 
4038       DEBUG main            d.u.i.k.j.TypeConverter   No LDT found for JavaBigintExpression 
10074      DEBUG main            d.u.i.k.p.i.AbstractProblemLoader Init config took 9.07s 
10241      INFO  main            d.u.i.k.p.i.AbstractProblemLoader Replaying proof ExampleObserver[ExampleObserver::ExampleObserver(ExampleSubject)].JML normal_behavior operation contract.0 
10290      DEBUG main            d.u.i.k.p.i.IntermediateProofReplayer Proof replay took 35ns 
11528      INFO  main            d.u.i.k.p.r.p.TestFile    ... finished proof: closed. 
11701      INFO  main            d.u.i.k.p.i.AbstractProblemLoader Loading environment from /home/runner/work/key/key/key.core/../key.ui/examples/heap/observer/ExampleObserver_ExampleObserver.key.proof 
11704      DEBUG main            d.u.i.k.p.i.AbstractProblemLoader Environment load took 2.69ms 
11707      INFO  main            d.u.i.k.p.i.AbstractProblemLoader Creating init config 
15376      DEBUG main            d.u.i.k.p.i.AbstractProblemLoader Init config took 3.67s 
15479      INFO  main            d.u.i.k.p.i.AbstractProblemLoader Replaying proof ExampleObserver[ExampleObserver::ExampleObserver(ExampleSubject)].JML normal_behavior operation contract.0 
15711      DEBUG main            d.u.i.k.p.i.IntermediateProofReplayer Proof replay took 215.77ms 
15721      DEBUG main            d.u.i.k.p.r.p.TestFile    ... success: reloaded. 
15725      INFO  main            d.u.i.k.p.r.p.TestFile    Now processing file /home/runner/work/key/key/key.core/../key.ui/examples/heap/observer/ExampleObserver_inv.key 
15725      INFO  main            d.u.i.k.p.i.AbstractProblemLoader Loading environment from /home/runner/work/key/key/key.core/../key.ui/examples/heap/observer/ExampleObserver_inv.key 
15725      DEBUG main            d.u.i.k.p.i.AbstractProblemLoader Environment load took 164.41ns 
15730      INFO  main            d.u.i.k.p.i.AbstractProblemLoader Creating init config 
19254      DEBUG main            d.u.i.k.p.i.AbstractProblemLoader Init config took 3.52s 
19326      INFO  main            d.u.i.k.p.i.AbstractProblemLoader Replaying proof ExampleObserver[java.lang.Object::<inv>()].JML accessible clause.0 
19329      DEBUG main            d.u.i.k.p.i.IntermediateProofReplayer Proof replay took 7.3ns 
19432      INFO  main            d.u.i.k.p.r.p.TestFile    ... finished proof: closed. 
19597      INFO  main            d.u.i.k.p.i.AbstractProblemLoader Loading environment from /home/runner/work/key/key/key.core/../key.ui/examples/heap/observer/ExampleObserver_inv.key.proof 
19597      DEBUG main            d.u.i.k.p.i.AbstractProblemLoader Environment load took 132.7ns 
19598      INFO  main            d.u.i.k.p.i.AbstractProblemLoader Creating init config 
23001      DEBUG main            d.u.i.k.p.i.AbstractProblemLoader Init config took 3.4s 
23068      INFO  main            d.u.i.k.p.i.AbstractProblemLoader Replaying proof ExampleObserver[java.lang.Object::<inv>()].JML accessible clause.0 
23089      DEBUG main            d.u.i.k.p.i.IntermediateProofReplayer Proof replay took 17.52ms 
23090      DEBUG main            d.u.i.k.p.r.p.TestFile    ... success: reloaded. 
23092      INFO  main            d.u.i.k.p.r.p.TestFile    Now processing file /home/runner/work/key/key/key.core/../key.ui/examples/heap/observer/ExampleObserver_subject.key 
23092      INFO  main            d.u.i.k.p.i.AbstractProblemLoader Loading environment from /home/runner/work/key/key/key.core/../key.ui/examples/heap/observer/ExampleObserver_subject.key 
23092      DEBUG main            d.u.i.k.p.i.AbstractProblemLoader Environment load took 254.41ns 
23094      INFO  main            d.u.i.k.p.i.AbstractProblemLoader Creating init config 
26250      DEBUG main            d.u.i.k.p.i.AbstractProblemLoader Init config took 3.16s 
26307      INFO  main            d.u.i.k.p.i.AbstractProblemLoader Replaying proof Observer[Observer::$subject()].JML accessible clause.0 
26310      DEBUG main            d.u.i.k.p.i.IntermediateProofReplayer Proof replay took 5.8ns 
26412      INFO  main            d.u.i.k.p.r.p.TestFile    ... finished proof: closed. 
26573      INFO  main            d.u.i.k.p.i.AbstractProblemLoader Loading environment from /home/runner/work/key/key/key.core/../key.ui/examples/heap/observer/ExampleObserver_subject.key.proof 
26573      DEBUG main            d.u.i.k.p.i.AbstractProblemLoader Environment load took 133.81ns 
26574      INFO  main            d.u.i.k.p.i.AbstractProblemLoader Creating init config 
29692      DEBUG main            d.u.i.k.p.i.AbstractProblemLoader Init config took 3.12s 
29757      INFO  main            d.u.i.k.p.i.AbstractProblemLoader Replaying proof Observer[Observer::$subject()].JML accessible clause.0 
29764      DEBUG main            d.u.i.k.p.i.IntermediateProofReplayer Proof replay took 2.6ms 
29765      DEBUG main            d.u.i.k.p.r.p.TestFile    ... success: reloaded. 
29767      INFO  main            d.u.i.k.p.r.p.TestFile    Now processing file /home/runner/work/key/key/key.core/../key.ui/examples/heap/observer/ExampleObserver_update.key 
29767      INFO  main            d.u.i.k.p.i.AbstractProblemLoader Loading environment from /home/runner/work/key/key/key.core/../key.ui/examples/heap/observer/ExampleObserver_update.key 
29767      DEBUG main            d.u.i.k.p.i.AbstractProblemLoader Environment load took 130.2ns 
29768      INFO  main            d.u.i.k.p.i.AbstractProblemLoader Creating init config 
32972      DEBUG main            d.u.i.k.p.i.AbstractProblemLoader Init config took 3.2s 
33027      INFO  main            d.u.i.k.p.i.AbstractProblemLoader Replaying proof ExampleObserver[Observer::update()].JML normal_behavior operation contract.0 
33029      DEBUG main            d.u.i.k.p.i.IntermediateProofReplayer Proof replay took 6.3ns 
33334      INFO  main            d.u.i.k.p.r.p.TestFile    ... finished proof: closed. 
33525      INFO  main            d.u.i.k.p.i.AbstractProblemLoader Loading environment from /home/runner/work/key/key/key.core/../key.ui/examples/heap/observer/ExampleObserver_update.key.proof 
33525      DEBUG main            d.u.i.k.p.i.AbstractProblemLoader Environment load took 138.81ns 
33526      INFO  main            d.u.i.k.p.i.AbstractProblemLoader Creating init config 
36724      DEBUG main            d.u.i.k.p.i.AbstractProblemLoader Init config took 3.2s 
36785      INFO  main            d.u.i.k.p.i.AbstractProblemLoader Replaying proof ExampleObserver[Observer::update()].JML normal_behavior operation contract.0 
36874      DEBUG main            d.u.i.k.p.i.IntermediateProofReplayer Proof replay took 84.82ms 
36878      DEBUG main            d.u.i.k.p.r.p.TestFile    ... success: reloaded. 
36880      INFO  main            d.u.i.k.p.r.p.TestFile    Now processing file /home/runner/work/key/key/key.core/../key.ui/examples/heap/observer/ExampleObserver_upToDate.key 
36881      INFO  main            d.u.i.k.p.i.AbstractProblemLoader Loading environment from /home/runner/work/key/key/key.core/../key.ui/examples/heap/observer/ExampleObserver_upToDate.key 
36881      DEBUG main            d.u.i.k.p.i.AbstractProblemLoader Environment load took 318.21ns 
36882      INFO  main            d.u.i.k.p.i.AbstractProblemLoader Creating init config 
40196      DEBUG main            d.u.i.k.p.i.AbstractProblemLoader Init config took 3.31s 
40248      INFO  main            d.u.i.k.p.i.AbstractProblemLoader Replaying proof ExampleObserver[Observer::$upToDate()].JML accessible clause.0 
40250      DEBUG main            d.u.i.k.p.i.IntermediateProofReplayer Proof replay took 6.1ns 
40453      INFO  main            d.u.i.k.p.r.p.TestFile    ... finished proof: closed. 
40635      INFO  main            d.u.i.k.p.i.AbstractProblemLoader Loading environment from /home/runner/work/key/key/key.core/../key.ui/examples/heap/observer/ExampleObserver_upToDate.key.proof 
40640      DEBUG main            d.u.i.k.p.i.AbstractProblemLoader Environment load took 4.4ms 
40641      INFO  main            d.u.i.k.p.i.AbstractProblemLoader Creating init config 
43709      DEBUG main            d.u.i.k.p.i.AbstractProblemLoader Init config took 3.07s 
43760      INFO  main            d.u.i.k.p.i.AbstractProblemLoader Replaying proof ExampleObserver[Observer::$upToDate()].JML accessible clause.0 
43785      DEBUG main            d.u.i.k.p.i.IntermediateProofReplayer Proof replay took 22.42ms 
43786      DEBUG main            d.u.i.k.p.r.p.TestFile    ... success: reloaded. 
43788      INFO  main            d.u.i.k.p.r.p.TestFile    Now processing file /home/runner/work/key/key/key.core/../key.ui/examples/heap/observer/ExampleObserver_value.key 
43788      INFO  main            d.u.i.k.p.i.AbstractProblemLoader Loading environment from /home/runner/work/key/key/key.core/../key.ui/examples/heap/observer/ExampleObserver_value.key 
43788      DEBUG main            d.u.i.k.p.i.AbstractProblemLoader Environment load took 165ns 
43789      INFO  main            d.u.i.k.p.i.AbstractProblemLoader Creating init config 
46963      DEBUG main            d.u.i.k.p.i.AbstractProblemLoader Init config took 3.17s 
47015      INFO  main            d.u.i.k.p.i.AbstractProblemLoader Replaying proof ExampleObserver[ExampleObserver::value()].JML normal_behavior operation contract.0 
47017      DEBUG main            d.u.i.k.p.i.IntermediateProofReplayer Proof replay took 6.2ns 
47119      INFO  main            d.u.i.k.p.r.p.TestFile    ... finished proof: closed. 
47355      INFO  main            d.u.i.k.p.i.AbstractProblemLoader Loading environment from /home/runner/work/key/key/key.core/../key.ui/examples/heap/observer/ExampleObserver_value.key.proof 
47355      DEBUG main            d.u.i.k.p.i.AbstractProblemLoader Environment load took 132.91ns 
47358      INFO  main            d.u.i.k.p.i.AbstractProblemLoader Creating init config 
50402      DEBUG main            d.u.i.k.p.i.AbstractProblemLoader Init config took 3.04s 
50455      INFO  main            d.u.i.k.p.i.AbstractProblemLoader Replaying proof ExampleObserver[ExampleObserver::value()].JML normal_behavior operation contract.0 
50482      DEBUG main            d.u.i.k.p.i.IntermediateProofReplayer Proof replay took 24.9ms 
50483      DEBUG main            d.u.i.k.p.r.p.TestFile    ... success: reloaded. 
50485      INFO  main            d.u.i.k.p.r.p.TestFile    Now processing file /home/runner/work/key/key/key.core/../key.ui/examples/heap/observer/ExampleSubject_addObserver.key 
50485      INFO  main            d.u.i.k.p.i.AbstractProblemLoader Loading environment from /home/runner/work/key/key/key.core/../key.ui/examples/heap/observer/ExampleSubject_addObserver.key 
50492      DEBUG main            d.u.i.k.p.i.AbstractProblemLoader Environment load took 6.39ms 
50493      INFO  main            d.u.i.k.p.i.AbstractProblemLoader Creating init config 
53643      DEBUG main            d.u.i.k.p.i.AbstractProblemLoader Init config took 3.15s 
53698      INFO  main            d.u.i.k.p.i.AbstractProblemLoader Replaying proof ExampleSubject[Subject::addObserver(Observer)].JML normal_behavior operation contract.0 
53700      DEBUG main            d.u.i.k.p.i.IntermediateProofReplayer Proof replay took 7ns 
59890      INFO  main            d.u.i.k.p.r.p.TestFile    ... finished proof: closed. 
60237      INFO  main            d.u.i.k.p.i.AbstractProblemLoader Loading environment from /home/runner/work/key/key/key.core/../key.ui/examples/heap/observer/ExampleSubject_addObserver.key.proof 
60238      DEBUG main            d.u.i.k.p.i.AbstractProblemLoader Environment load took 1.17ms 
60240      INFO  main            d.u.i.k.p.i.AbstractProblemLoader Creating init config 
63262      DEBUG main            d.u.i.k.p.i.AbstractProblemLoader Init config took 3.02s 
63313      INFO  main            d.u.i.k.p.i.AbstractProblemLoader Replaying proof ExampleSubject[Subject::addObserver(Observer)].JML normal_behavior operation contract.0 
64253      DEBUG main            d.u.i.k.p.i.IntermediateProofReplayer Proof replay took 910.64ms 
64255      DEBUG main            d.u.i.k.p.r.p.TestFile    ... success: reloaded. 
64256      INFO  main            d.u.i.k.p.r.p.TestFile    Now processing file /home/runner/work/key/key/key.core/../key.ui/examples/heap/observer/ExampleSubject_change.key 
64257      INFO  main            d.u.i.k.p.i.AbstractProblemLoader Loading environment from /home/runner/work/key/key/key.core/../key.ui/examples/heap/observer/ExampleSubject_change.key 
64257      DEBUG main            d.u.i.k.p.i.AbstractProblemLoader Environment load took 247.11ns 
64258      INFO  main            d.u.i.k.p.i.AbstractProblemLoader Creating init config 
67431      DEBUG main            d.u.i.k.p.i.AbstractProblemLoader Init config took 3.17s 
67487      INFO  main            d.u.i.k.p.i.AbstractProblemLoader Replaying proof ExampleSubject[ExampleSubject::change()].JML normal_behavior operation contract.0 
67489      DEBUG main            d.u.i.k.p.i.IntermediateProofReplayer Proof replay took 7.2ns 
68095      INFO  main            d.u.i.k.p.r.p.TestFile    ... finished proof: closed. 
68330      INFO  main            d.u.i.k.p.i.AbstractProblemLoader Loading environment from /home/runner/work/key/key/key.core/../key.ui/examples/heap/observer/ExampleSubject_change.key.proof 
68333      DEBUG main            d.u.i.k.p.i.AbstractProblemLoader Environment load took 2.46ms 
68334      INFO  main            d.u.i.k.p.i.AbstractProblemLoader Creating init config 
71429      DEBUG main            d.u.i.k.p.i.AbstractProblemLoader Init config took 3.09s 
71477      INFO  main            d.u.i.k.p.i.AbstractProblemLoader Replaying proof ExampleSubject[ExampleSubject::change()].JML normal_behavior operation contract.0 
71592      DEBUG main            d.u.i.k.p.i.IntermediateProofReplayer Proof replay took 109.59ms 
71593      DEBUG main            d.u.i.k.p.r.p.TestFile    ... success: reloaded. 
71595      INFO  main            d.u.i.k.p.r.p.TestFile    Now processing file /home/runner/work/key/key/key.core/../key.ui/examples/heap/observer/ExampleSubject_ExampleSubject.key 
71595      INFO  main            d.u.i.k.p.i.AbstractProblemLoader Loading environment from /home/runner/work/key/key/key.core/../key.ui/examples/heap/observer/ExampleSubject_ExampleSubject.key 
71596      DEBUG main            d.u.i.k.p.i.AbstractProblemLoader Environment load took 265.21ns 
71597      INFO  main            d.u.i.k.p.i.AbstractProblemLoader Creating init config 
74643      DEBUG main            d.u.i.k.p.i.AbstractProblemLoader Init config took 3.05s 
74695      INFO  main            d.u.i.k.p.i.AbstractProblemLoader Replaying proof ExampleSubject[ExampleSubject::ExampleSubject()].JML normal_behavior operation contract.0 
74697      DEBUG main            d.u.i.k.p.i.IntermediateProofReplayer Proof replay took 6.4ns 
75822      INFO  main            d.u.i.k.p.r.p.TestFile    ... finished proof: closed. 
76047      INFO  main            d.u.i.k.p.i.AbstractProblemLoader Loading environment from /home/runner/work/key/key/key.core/../key.ui/examples/heap/observer/ExampleSubject_ExampleSubject.key.proof 
76050      DEBUG main            d.u.i.k.p.i.AbstractProblemLoader Environment load took 2.96ms 
76052      INFO  main            d.u.i.k.p.i.AbstractProblemLoader Creating init config 
79039      DEBUG main            d.u.i.k.p.i.AbstractProblemLoader Init config took 2.99s 
79094      INFO  main            d.u.i.k.p.i.AbstractProblemLoader Replaying proof ExampleSubject[ExampleSubject::ExampleSubject()].JML normal_behavior operation contract.0 
79408      DEBUG main            d.u.i.k.p.i.IntermediateProofReplayer Proof replay took 305.26ms 
79410      DEBUG main            d.u.i.k.p.r.p.TestFile    ... success: reloaded. 
79412      INFO  main            d.u.i.k.p.r.p.TestFile    Now processing file /home/runner/work/key/key/key.core/../key.ui/examples/heap/observer/ExampleSubject_footprint.key 
79412      INFO  main            d.u.i.k.p.i.AbstractProblemLoader Loading environment from /home/runner/work/key/key/key.core/../key.ui/examples/heap/observer/ExampleSubject_footprint.key 
79413      DEBUG main            d.u.i.k.p.i.AbstractProblemLoader Environment load took 235.21ns 
79414      INFO  main            d.u.i.k.p.i.AbstractProblemLoader Creating init config 
82630      DEBUG main            d.u.i.k.p.i.AbstractProblemLoader Init config took 3.22s 
82678      INFO  main            d.u.i.k.p.i.AbstractProblemLoader Replaying proof ExampleSubject[Subject::$footprint()].JML accessible clause.0 
82681      DEBUG main            d.u.i.k.p.i.IntermediateProofReplayer Proof replay took 7.5ns 
82783      INFO  main            d.u.i.k.p.r.p.TestFile    ... finished proof: closed. 
83078      INFO  main            d.u.i.k.p.i.AbstractProblemLoader Loading environment from /home/runner/work/key/key/key.core/../key.ui/examples/heap/observer/ExampleSubject_footprint.key.proof 
83078      DEBUG main            d.u.i.k.p.i.AbstractProblemLoader Environment load took 138.6ns 
83079      INFO  main            d.u.i.k.p.i.AbstractProblemLoader Creating init config 
86200      DEBUG main            d.u.i.k.p.i.AbstractProblemLoader Init config took 3.12s 
86252      INFO  main            d.u.i.k.p.i.AbstractProblemLoader Replaying proof ExampleSubject[Subject::$footprint()].JML accessible clause.0 
86279      DEBUG main            d.u.i.k.p.i.IntermediateProofReplayer Proof replay took 23.11ms 
86282      DEBUG main            d.u.i.k.p.r.p.TestFile    ... success: reloaded. 
86284      INFO  main            d.u.i.k.p.r.p.TestFile    Now processing file /home/runner/work/key/key/key.core/../key.ui/examples/heap/observer/ExampleSubject_inv.key 
86285      INFO  main            d.u.i.k.p.i.AbstractProblemLoader Loading environment from /home/runner/work/key/key/key.core/../key.ui/examples/heap/observer/ExampleSubject_inv.key 
86285      DEBUG main            d.u.i.k.p.i.AbstractProblemLoader Environment load took 253.11ns 
86286      INFO  main            d.u.i.k.p.i.AbstractProblemLoader Creating init config 
89441      DEBUG main            d.u.i.k.p.i.AbstractProblemLoader Init config took 3.15s 
89489      INFO  main            d.u.i.k.p.i.AbstractProblemLoader Replaying proof ExampleSubject[java.lang.Object::<inv>()].JML accessible clause.0 
89491      DEBUG main            d.u.i.k.p.i.IntermediateProofReplayer Proof replay took 6.2ns 
90823      INFO  main            d.u.i.k.p.r.p.TestFile    ... finished proof: closed. 
91117      INFO  main            d.u.i.k.p.i.AbstractProblemLoader Loading environment from /home/runner/work/key/key/key.core/../key.ui/examples/heap/observer/ExampleSubject_inv.key.proof 
91117      DEBUG main            d.u.i.k.p.i.AbstractProblemLoader Environment load took 467.71ns 
91119      INFO  main            d.u.i.k.p.i.AbstractProblemLoader Creating init config 
94070      DEBUG main            d.u.i.k.p.i.AbstractProblemLoader Init config took 2.95s 
94127      INFO  main            d.u.i.k.p.i.AbstractProblemLoader Replaying proof ExampleSubject[java.lang.Object::<inv>()].JML accessible clause.0 
94289      DEBUG main            d.u.i.k.p.i.IntermediateProofReplayer Proof replay took 154.38ms 
94291      DEBUG main            d.u.i.k.p.r.p.TestFile    ... success: reloaded. 
94292      INFO  main            d.u.i.k.p.r.p.TestFile    Now processing file /home/runner/work/key/key/key.core/../key.ui/examples/heap/observer/ExampleSubject_notifyObservers.key 
94293      INFO  main            d.u.i.k.p.i.AbstractProblemLoader Loading environment from /home/runner/work/key/key/key.core/../key.ui/examples/heap/observer/ExampleSubject_notifyObservers.key 
94293      DEBUG main            d.u.i.k.p.i.AbstractProblemLoader Environment load took 258.01ns 
94294      INFO  main            d.u.i.k.p.i.AbstractProblemLoader Creating init config 
97353      DEBUG main            d.u.i.k.p.i.AbstractProblemLoader Init config took 3.06s 
97402      INFO  main            d.u.i.k.p.i.AbstractProblemLoader Replaying proof Subject[Subject::notifyObservers()].JML normal_behavior operation contract.0 
97404      DEBUG main            d.u.i.k.p.i.IntermediateProofReplayer Proof replay took 29.4ns 
97506      INFO  main            d.u.i.k.p.r.p.TestFile    ... finished proof: closed. 
97798      INFO  main            d.u.i.k.p.i.AbstractProblemLoader Loading environment from /home/runner/work/key/key/key.core/../key.ui/examples/heap/observer/ExampleSubject_notifyObservers.key.proof 
97798      DEBUG main            d.u.i.k.p.i.AbstractProblemLoader Environment load took 140.6ns 
97799      INFO  main            d.u.i.k.p.i.AbstractProblemLoader Creating init config 
100911     DEBUG main            d.u.i.k.p.i.AbstractProblemLoader Init config took 3.11s 
100956     INFO  main            d.u.i.k.p.i.AbstractProblemLoader Replaying proof Subject[Subject::notifyObservers()].JML normal_behavior operation contract.0 
100961     DEBUG main            d.u.i.k.p.i.IntermediateProofReplayer Proof replay took 3.59ms 
100962     DEBUG main            d.u.i.k.p.r.p.TestFile    ... success: reloaded. 
100964     INFO  main            d.u.i.k.p.r.p.TestFile    Now processing file /home/runner/work/key/key/key.core/../key.ui/examples/heap/observer/ExampleSubject_value_dep.key 
100964     INFO  main            d.u.i.k.p.i.AbstractProblemLoader Loading environment from /home/runner/work/key/key/key.core/../key.ui/examples/heap/observer/ExampleSubject_value_dep.key 
100965     DEBUG main            d.u.i.k.p.i.AbstractProblemLoader Environment load took 1.03ms 
100966     INFO  main            d.u.i.k.p.i.AbstractProblemLoader Creating init config 
103985     DEBUG main            d.u.i.k.p.i.AbstractProblemLoader Init config took 3.02s 
104050     INFO  main            d.u.i.k.p.i.AbstractProblemLoader Replaying proof ExampleSubject[ExampleSubject::value()].JML accessible clause.0 
104052     DEBUG main            d.u.i.k.p.i.IntermediateProofReplayer Proof replay took 6.3ns 
104154     INFO  main            d.u.i.k.p.r.p.TestFile    ... finished proof: closed. 
104420     INFO  main            d.u.i.k.p.i.AbstractProblemLoader Loading environment from /home/runner/work/key/key/key.core/../key.ui/examples/heap/observer/ExampleSubject_value_dep.key.proof 
104421     DEBUG main            d.u.i.k.p.i.AbstractProblemLoader Environment load took 132ns 
104422     INFO  main            d.u.i.k.p.i.AbstractProblemLoader Creating init config 
107429     DEBUG main            d.u.i.k.p.i.AbstractProblemLoader Init config took 3.01s 
107478     INFO  main            d.u.i.k.p.i.AbstractProblemLoader Replaying proof ExampleSubject[ExampleSubject::value()].JML accessible clause.0 
107500     DEBUG main            d.u.i.k.p.i.IntermediateProofReplayer Proof replay took 18.13ms 
107501     DEBUG main            d.u.i.k.p.r.p.TestFile    ... success: reloaded. 
107503     INFO  main            d.u.i.k.p.r.p.TestFile    Now processing file /home/runner/work/key/key/key.core/../key.ui/examples/heap/observer/ExampleSubject_value.key 
107503     INFO  main            d.u.i.k.p.i.AbstractProblemLoader Loading environment from /home/runner/work/key/key/key.core/../key.ui/examples/heap/observer/ExampleSubject_value.key 
107504     DEBUG main            d.u.i.k.p.i.AbstractProblemLoader Environment load took 262.31ns 
107505     INFO  main            d.u.i.k.p.i.AbstractProblemLoader Creating init config 
110630     DEBUG main            d.u.i.k.p.i.AbstractProblemLoader Init config took 3.13s 
110681     INFO  main            d.u.i.k.p.i.AbstractProblemLoader Replaying proof ExampleSubject[ExampleSubject::value()].JML normal_behavior operation contract.0 
110682     DEBUG main            d.u.i.k.p.i.IntermediateProofReplayer Proof replay took 7ns 
110787     INFO  main            d.u.i.k.p.r.p.TestFile    ... finished proof: closed. 
111039     INFO  main            d.u.i.k.p.i.AbstractProblemLoader Loading environment from /home/runner/work/key/key/key.core/../key.ui/examples/heap/observer/ExampleSubject_value.key.proof 
111039     DEBUG main            d.u.i.k.p.i.AbstractProblemLoader Environment load took 128.6ns 
111040     INFO  main            d.u.i.k.p.i.AbstractProblemLoader Creating init config 
114043     DEBUG main            d.u.i.k.p.i.AbstractProblemLoader Init config took 3s 
114118     INFO  main            d.u.i.k.p.i.AbstractProblemLoader Replaying proof ExampleSubject[ExampleSubject::value()].JML normal_behavior operation contract.0 
114134     DEBUG main            d.u.i.k.p.i.IntermediateProofReplayer Proof replay took 14.46ms 
114136     DEBUG main            d.u.i.k.p.r.p.TestFile    ... success: reloaded. 
1706287    INFO  Test worker     d.u.i.k.p.r.RunAllProofsTestUnit Returning from test observer 
1706289    INFO  Test worker     d.u.i.k.p.r.RunAllProofsTestUnit Running test removeDups 
446        INFO  Timeout watchdog d.u.i.k.p.r.p.ForkedTestFileRunner Timeout watcher launched (2000 secs.) 
460        WARN  main            d.u.i.k.s.ProofSettings   The settings in /home/runner/.key/proof-settings.props are *not* read. 
509        INFO  main            d.u.i.k.p.r.p.TestFile    Now processing file /home/runner/work/key/key/key.core/../key.ui/examples/heap/removeDups/arrayPart.key 
645        INFO  main            d.u.i.k.p.i.AbstractProblemLoader Loading environment from /home/runner/work/key/key/key.core/../key.ui/examples/heap/removeDups/arrayPart.key 
667        DEBUG main            d.u.i.k.p.i.AbstractProblemLoader Environment load took 2.4ms 
947        INFO  main            d.u.i.k.p.i.AbstractProblemLoader Creating init config 
2039       DEBUG main            d.u.i.k.j.TypeConverter   No LDT found for Meta 
2040       DEBUG main            d.u.i.k.j.TypeConverter   No LDT found for Meta 
2043       DEBUG main            d.u.i.k.j.TypeConverter   No LDT found for Meta 
2044       DEBUG main            d.u.i.k.j.TypeConverter   No LDT found for Meta 
3584       DEBUG main            d.u.i.k.j.TypeConverter   No LDT found for JavaBigintExpression 
10303      DEBUG main            d.u.i.k.p.i.AbstractProblemLoader Init config took 9.36s 
10522      INFO  main            d.u.i.k.p.i.AbstractProblemLoader Replaying proof RemoveDup[RemoveDup::arrayPart([I,int)].JML normal_behavior operation contract.0 
10585      DEBUG main            d.u.i.k.p.i.IntermediateProofReplayer Proof replay took 40.3ns 
13991      INFO  main            d.u.i.k.p.r.p.TestFile    ... finished proof: closed. 
14168      INFO  main            d.u.i.k.p.i.AbstractProblemLoader Loading environment from /home/runner/work/key/key/key.core/../key.ui/examples/heap/removeDups/arrayPart.key.proof 
14168      DEBUG main            d.u.i.k.p.i.AbstractProblemLoader Environment load took 160.41ns 
14175      INFO  main            d.u.i.k.p.i.AbstractProblemLoader Creating init config 
17817      DEBUG main            d.u.i.k.p.i.AbstractProblemLoader Init config took 3.64s 
17906      INFO  main            d.u.i.k.p.i.AbstractProblemLoader Replaying proof RemoveDup[RemoveDup::arrayPart([I,int)].JML normal_behavior operation contract.0 
18311      DEBUG main            d.u.i.k.p.i.IntermediateProofReplayer Proof replay took 388.98ms 
18319      DEBUG main            d.u.i.k.p.r.p.TestFile    ... success: reloaded. 
18325      INFO  main            d.u.i.k.p.r.p.TestFile    Now processing file /home/runner/work/key/key/key.core/../key.ui/examples/heap/removeDups/contains.key 
18325      INFO  main            d.u.i.k.p.i.AbstractProblemLoader Loading environment from /home/runner/work/key/key/key.core/../key.ui/examples/heap/removeDups/contains.key 
18326      DEBUG main            d.u.i.k.p.i.AbstractProblemLoader Environment load took 212.01ns 
18329      INFO  main            d.u.i.k.p.i.AbstractProblemLoader Creating init config 
21855      DEBUG main            d.u.i.k.p.i.AbstractProblemLoader Init config took 3.53s 
21918      INFO  main            d.u.i.k.p.i.AbstractProblemLoader Replaying proof RemoveDup[RemoveDup::contains([I,int,int)].JML normal_behavior operation contract.0 
21920      DEBUG main            d.u.i.k.p.i.IntermediateProofReplayer Proof replay took 5.3ns 
22525      INFO  main            d.u.i.k.p.r.p.TestFile    ... finished proof: closed. 
22691      INFO  main            d.u.i.k.p.i.AbstractProblemLoader Loading environment from /home/runner/work/key/key/key.core/../key.ui/examples/heap/removeDups/contains.key.proof 
22691      DEBUG main            d.u.i.k.p.i.AbstractProblemLoader Environment load took 507.32ns 
22693      INFO  main            d.u.i.k.p.i.AbstractProblemLoader Creating init config 
25899      DEBUG main            d.u.i.k.p.i.AbstractProblemLoader Init config took 3.21s 
25971      INFO  main            d.u.i.k.p.i.AbstractProblemLoader Replaying proof RemoveDup[RemoveDup::contains([I,int,int)].JML normal_behavior operation contract.0 
26179      DEBUG main            d.u.i.k.p.i.IntermediateProofReplayer Proof replay took 202.04ms 
26180      DEBUG main            d.u.i.k.p.r.p.TestFile    ... success: reloaded. 
26181      INFO  main            d.u.i.k.p.r.p.TestFile    Now processing file /home/runner/work/key/key/key.core/../key.ui/examples/heap/removeDups/removeDup.key 
26182      INFO  main            d.u.i.k.p.i.AbstractProblemLoader Loading environment from /home/runner/work/key/key/key.core/../key.ui/examples/heap/removeDups/removeDup.key 
26182      DEBUG main            d.u.i.k.p.i.AbstractProblemLoader Environment load took 235.31ns 
26184      INFO  main            d.u.i.k.p.i.AbstractProblemLoader Creating init config 
29397      DEBUG main            d.u.i.k.p.i.AbstractProblemLoader Init config took 3.21s 
29455      INFO  main            d.u.i.k.p.i.AbstractProblemLoader Replaying proof RemoveDup[RemoveDup::removeDup([I)].JML normal_behavior operation contract.0 
29458      DEBUG main            d.u.i.k.p.i.IntermediateProofReplayer Proof replay took 5.9ns 
35101      DEBUG Thread-7        d.u.i.k.j.d.VariableSpecification Program match. Variables have different dimension (template #v0 = #vi;, source a#11[] = var;) 
58437      INFO  main            d.u.i.k.p.r.p.TestFile    ... finished proof: closed. 
58737      INFO  main            d.u.i.k.p.i.AbstractProblemLoader Loading environment from /home/runner/work/key/key/key.core/../key.ui/examples/heap/removeDups/removeDup.key.proof 
58738      DEBUG main            d.u.i.k.p.i.AbstractProblemLoader Environment load took 583.72ns 
58743      INFO  main            d.u.i.k.p.i.AbstractProblemLoader Creating init config 
61876      DEBUG main            d.u.i.k.p.i.AbstractProblemLoader Init config took 3.13s 
61931      INFO  main            d.u.i.k.p.i.AbstractProblemLoader Replaying proof RemoveDup[RemoveDup::removeDup([I)].JML normal_behavior operation contract.0 
64282      DEBUG main            d.u.i.k.p.i.IntermediateProofReplayer Proof replay took 2.21s 
64286      DEBUG main            d.u.i.k.p.r.p.TestFile    ... success: reloaded. 
64288      INFO  main            d.u.i.k.p.r.p.TestFile    Now processing file /home/runner/work/key/key/key.core/../key.ui/examples/heap/saddleback_search/Saddleback_search.key 
64290      INFO  main            d.u.i.k.p.i.AbstractProblemLoader Loading environment from /home/runner/work/key/key/key.core/../key.ui/examples/heap/saddleback_search/Saddleback_search.key 
64290      DEBUG main            d.u.i.k.p.i.AbstractProblemLoader Environment load took 266.61ns 
64291      INFO  main            d.u.i.k.p.i.AbstractProblemLoader Creating init config 
67526      DEBUG main            d.u.i.k.p.i.AbstractProblemLoader Init config took 3.23s 
67567      INFO  main            d.u.i.k.p.i.AbstractProblemLoader Replaying proof Saddleback[Saddleback::search([[I,int)].JML normal_behavior operation contract.0 
67577      DEBUG main            d.u.i.k.p.i.IntermediateProofReplayer Proof replay took 4.7ns 
153398     INFO  main            d.u.i.k.p.r.p.TestFile    ... finished proof: closed. 
153824     INFO  main            d.u.i.k.p.i.AbstractProblemLoader Loading environment from /home/runner/work/key/key/key.core/../key.ui/examples/heap/saddleback_search/Saddleback_search.key.proof 
153824     DEBUG main            d.u.i.k.p.i.AbstractProblemLoader Environment load took 322.51ns 
153835     INFO  main            d.u.i.k.p.i.AbstractProblemLoader Creating init config 
156850     DEBUG main            d.u.i.k.p.i.AbstractProblemLoader Init config took 3.01s 
156892     INFO  main            d.u.i.k.p.i.AbstractProblemLoader Replaying proof Saddleback[Saddleback::search([[I,int)].JML normal_behavior operation contract.0 
160103     DEBUG main            d.u.i.k.p.i.IntermediateProofReplayer Proof replay took 2.96s 
160158     DEBUG main            d.u.i.k.p.r.p.TestFile    ... success: reloaded. 
1867507    INFO  Test worker     d.u.i.k.p.r.RunAllProofsTestUnit Returning from test removeDups 
1867508    INFO  Test worker     d.u.i.k.p.r.RunAllProofsTestUnit Running test quicksort 
353        INFO  Timeout watchdog d.u.i.k.p.r.p.ForkedTestFileRunner Timeout watcher launched (2000 secs.) 
370        WARN  main            d.u.i.k.s.ProofSettings   The settings in /home/runner/.key/proof-settings.props are *not* read. 
407        INFO  main            d.u.i.k.p.r.p.TestFile    Now processing file /home/runner/work/key/key/key.core/../key.ui/examples/heap/quicksort/toplevel.key 
542        INFO  main            d.u.i.k.p.i.AbstractProblemLoader Loading environment from /home/runner/work/key/key/key.core/../key.ui/examples/heap/quicksort/toplevel.key 
560        DEBUG main            d.u.i.k.p.i.AbstractProblemLoader Environment load took 2.14ms 
814        INFO  main            d.u.i.k.p.i.AbstractProblemLoader Creating init config 
1991       DEBUG main            d.u.i.k.j.TypeConverter   No LDT found for Meta 
1992       DEBUG main            d.u.i.k.j.TypeConverter   No LDT found for Meta 
1995       DEBUG main            d.u.i.k.j.TypeConverter   No LDT found for Meta 
1995       DEBUG main            d.u.i.k.j.TypeConverter   No LDT found for Meta 
3435       DEBUG main            d.u.i.k.j.TypeConverter   No LDT found for JavaBigintExpression 
9138       DEBUG main            d.u.i.k.p.i.AbstractProblemLoader Init config took 8.32s 
9291       INFO  main            d.u.i.k.p.i.AbstractProblemLoader Replaying proof Quicksort[Quicksort::sort([I)].JML normal_behavior operation contract.0 
9341       DEBUG main            d.u.i.k.p.i.IntermediateProofReplayer Proof replay took 34.6ns 
10686      INFO  main            d.u.i.k.p.r.p.TestFile    ... finished proof: closed. 
10832      INFO  main            d.u.i.k.p.i.AbstractProblemLoader Loading environment from /home/runner/work/key/key/key.core/../key.ui/examples/heap/quicksort/toplevel.key.proof 
10833      DEBUG main            d.u.i.k.p.i.AbstractProblemLoader Environment load took 1.13ms 
10836      INFO  main            d.u.i.k.p.i.AbstractProblemLoader Creating init config 
14203      DEBUG main            d.u.i.k.p.i.AbstractProblemLoader Init config took 3.37s 
14278      INFO  main            d.u.i.k.p.i.AbstractProblemLoader Replaying proof Quicksort[Quicksort::sort([I)].JML normal_behavior operation contract.0 
14507      DEBUG main            d.u.i.k.p.i.IntermediateProofReplayer Proof replay took 220.25ms 
14516      DEBUG main            d.u.i.k.p.r.p.TestFile    ... success: reloaded. 
14519      INFO  main            d.u.i.k.p.r.p.TestFile    Now processing file /home/runner/work/key/key/key.core/../key.ui/examples/heap/quicksort/sort.key 
14519      INFO  main            d.u.i.k.p.i.AbstractProblemLoader Loading environment from /home/runner/work/key/key/key.core/../key.ui/examples/heap/quicksort/sort.key 
14520      DEBUG main            d.u.i.k.p.i.AbstractProblemLoader Environment load took 297.41ns 
14522      INFO  main            d.u.i.k.p.i.AbstractProblemLoader Creating init config 
17747      DEBUG main            d.u.i.k.p.i.AbstractProblemLoader Init config took 3.22s 
17813      INFO  main            d.u.i.k.p.i.AbstractProblemLoader Replaying proof Quicksort[Quicksort::sort([I,int,int)].JML normal_behavior operation contract.0 
17817      DEBUG main            d.u.i.k.p.i.IntermediateProofReplayer Proof replay took 6.1ns 
17862      DEBUG main            d.u.i.k.m.s.ProofScriptEngine 1: 'script 'sort.script'' 
17866      INFO  main            d.u.i.k.m.s.ProofScriptCommand Included script /home/runner/work/key/key/key.core/../key.ui/examples/heap/quicksort/sort.script 
17870      DEBUG main            d.u.i.k.m.s.ProofScriptEngine 1: 'macro autopilot-prep' 
19138      DEBUG main            d.u.i.k.m.s.ProofScriptEngine 2: 'select formula="{heapAtPre:=heap || exc:=null || heap:=heapAfter_sort_0}
   seq ...' 
19142      DEBUG main            d.u.i.k.m.s.ProofScriptEngine 3: 'macro simp-upd' 
19156      DEBUG main            d.u.i.k.m.s.ProofScriptEngine 4: 'let   @seqPre="seqDef{int u;}(0, array.length, array[u])"
    @seqSplit="seqDef ...' 
19160      DEBUG main            d.u.i.k.m.s.ProofScriptEngine 5: 'rule seqPermSym 
  formula="seqPerm(@seqSplit, @seqPre)"' 
19183      DEBUG main            d.u.i.k.m.s.ProofScriptEngine 6: 'rule seqPermSym
  formula="seqPerm(@seqSort, @seqSplit)"' 
19185      DEBUG main            d.u.i.k.m.s.ProofScriptEngine 7: 'rule seqPermSym
  formula="seqPerm(@seqSort0, @seqSort)"' 
19186      DEBUG main            d.u.i.k.m.s.ProofScriptEngine 8: 'rule seqPermTrans
  formula="seqPerm(@seqPre, @seqSplit)"' 
19187      DEBUG main            d.u.i.k.m.s.ProofScriptEngine 9: 'rule seqPermTrans
  formula="seqPerm(@seqPre, @seqSort)"' 
19189      DEBUG main            d.u.i.k.m.s.ProofScriptEngine 10: 'rule seqPermSym
  formula="seqPerm(@seqPre, @seqSort0)"' 
19191      DEBUG main            d.u.i.k.m.s.ProofScriptEngine 11: 'tryclose' 
48750      INFO  main            d.u.i.k.p.r.p.TestFile    ... finished proof: closed. 
49115      INFO  main            d.u.i.k.p.i.AbstractProblemLoader Loading environment from /home/runner/work/key/key/key.core/../key.ui/examples/heap/quicksort/sort.key.proof 
49116      DEBUG main            d.u.i.k.p.i.AbstractProblemLoader Environment load took 308.71ns 
49123      INFO  main            d.u.i.k.p.i.AbstractProblemLoader Creating init config 
52190      DEBUG main            d.u.i.k.p.i.AbstractProblemLoader Init config took 3.07s 
52257      INFO  main            d.u.i.k.p.i.AbstractProblemLoader Replaying proof Quicksort[Quicksort::sort([I,int,int)].JML normal_behavior operation contract.0 
54831      DEBUG main            d.u.i.k.p.i.IntermediateProofReplayer Proof replay took 2.43s 
54837      DEBUG main            d.u.i.k.p.r.p.TestFile    ... success: reloaded. 
54841      INFO  main            d.u.i.k.p.r.p.TestFile    Now processing file /home/runner/work/key/key/key.core/../key.ui/examples/heap/quicksort/split.key 
54843      INFO  main            d.u.i.k.p.i.AbstractProblemLoader Loading environment from /home/runner/work/key/key/key.core/../key.ui/examples/heap/quicksort/split.key 
54843      DEBUG main            d.u.i.k.p.i.AbstractProblemLoader Environment load took 255.81ns 
54844      INFO  main            d.u.i.k.p.i.AbstractProblemLoader Creating init config 
58116      DEBUG main            d.u.i.k.p.i.AbstractProblemLoader Init config took 3.27s 
58167      INFO  main            d.u.i.k.p.i.AbstractProblemLoader Replaying proof Quicksort[Quicksort::split([I,int,int)].JML normal_behavior operation contract.0 
58171      DEBUG main            d.u.i.k.p.i.IntermediateProofReplayer Proof replay took 5.1ns 
58172      DEBUG main            d.u.i.k.m.s.ProofScriptEngine 1: 'macro autopilot-prep' 
59730      DEBUG main            d.u.i.k.m.s.ProofScriptEngine 2: 'tryclose' 
103259     DEBUG main            d.u.i.k.m.s.ProofScriptEngine 3: 'macro simp-upd' 
103359     DEBUG main            d.u.i.k.m.s.ProofScriptEngine 4: 'rule seqPermFromSwap' 
103378     DEBUG main            d.u.i.k.m.s.ProofScriptEngine 5: 'rule andRight' 
103380     DEBUG main            d.u.i.k.m.s.ProofScriptEngine 6: 'auto' 
103407     DEBUG main            d.u.i.k.m.s.ProofScriptEngine 7: 'instantiate hide var=iv with=i_0' 
103412     DEBUG main            d.u.i.k.m.s.ProofScriptEngine 8: 'instantiate hide var=jv with=j_0' 
103413     DEBUG main            d.u.i.k.m.s.ProofScriptEngine 9: 'auto' 
110714     DEBUG main            d.u.i.k.m.s.ProofScriptEngine 10: 'macro simp-upd' 
110800     DEBUG main            d.u.i.k.m.s.ProofScriptEngine 11: 'rule seqPermFromSwap' 
110804     DEBUG main            d.u.i.k.m.s.ProofScriptEngine 12: 'rule andRight' 
110806     DEBUG main            d.u.i.k.m.s.ProofScriptEngine 13: 'auto' 
110822     DEBUG main            d.u.i.k.m.s.ProofScriptEngine 14: 'instantiate hide var=iv with=i_0' 
110826     DEBUG main            d.u.i.k.m.s.ProofScriptEngine 15: 'instantiate hide var=jv with=to' 
110828     DEBUG main            d.u.i.k.m.s.ProofScriptEngine 16: 'auto' 
116480     INFO  main            d.u.i.k.p.r.p.TestFile    ... finished proof: closed. 
117165     INFO  main            d.u.i.k.p.i.AbstractProblemLoader Loading environment from /home/runner/work/key/key/key.core/../key.ui/examples/heap/quicksort/split.key.proof 
117165     DEBUG main            d.u.i.k.p.i.AbstractProblemLoader Environment load took 165.1ns 
117182     INFO  main            d.u.i.k.p.i.AbstractProblemLoader Creating init config 
120231     DEBUG main            d.u.i.k.p.i.AbstractProblemLoader Init config took 3.05s 
120286     INFO  main            d.u.i.k.p.i.AbstractProblemLoader Replaying proof Quicksort[Quicksort::split([I,int,int)].JML normal_behavior operation contract.0 
125441     DEBUG main            d.u.i.k.p.i.IntermediateProofReplayer Proof replay took 4.84s 
125457     DEBUG main            d.u.i.k.p.r.p.TestFile    ... success: reloaded. 
1993183    INFO  Test worker     d.u.i.k.p.r.RunAllProofsTestUnit Returning from test quicksort 
1993185    INFO  Test worker     d.u.i.k.p.r.RunAllProofsTestUnit Running test simpleTests 
419        INFO  Timeout watchdog d.u.i.k.p.r.p.ForkedTestFileRunner Timeout watcher launched (2000 secs.) 
438        WARN  main            d.u.i.k.s.ProofSettings   The settings in /home/runner/.key/proof-settings.props are *not* read. 
491        INFO  main            d.u.i.k.p.r.p.TestFile    Now processing file /home/runner/work/key/key/key.core/../key.ui/examples/heap/simple/anonymise_datagroup.key 
648        INFO  main            d.u.i.k.p.i.AbstractProblemLoader Loading environment from /home/runner/work/key/key/key.core/../key.ui/examples/heap/simple/anonymise_datagroup.key 
666        DEBUG main            d.u.i.k.p.i.AbstractProblemLoader Environment load took 2.22ms 
1000       INFO  main            d.u.i.k.p.i.AbstractProblemLoader Creating init config 
2026       DEBUG main            d.u.i.k.j.TypeConverter   No LDT found for Meta 
2033       DEBUG main            d.u.i.k.j.TypeConverter   No LDT found for Meta 
2037       DEBUG main            d.u.i.k.j.TypeConverter   No LDT found for Meta 
2037       DEBUG main            d.u.i.k.j.TypeConverter   No LDT found for Meta 
3740       DEBUG main            d.u.i.k.j.TypeConverter   No LDT found for JavaBigintExpression 
9071       DEBUG main            d.u.i.k.p.i.AbstractProblemLoader Init config took 8.07s 
9154       INFO  main            d.u.i.k.p.i.AbstractProblemLoader Replaying proof anonymise_datagroup.key 
9201       DEBUG main            d.u.i.k.p.i.IntermediateProofReplayer Proof replay took 36.5ns 
9476       INFO  main            d.u.i.k.p.r.p.TestFile    ... finished proof: closed. 
9590       INFO  main            d.u.i.k.p.i.AbstractProblemLoader Loading environment from /home/runner/work/key/key/key.core/../key.ui/examples/heap/simple/anonymise_datagroup.key.proof 
9591       DEBUG main            d.u.i.k.p.i.AbstractProblemLoader Environment load took 773.22ns 
9596       INFO  main            d.u.i.k.p.i.AbstractProblemLoader Creating init config 
12666      DEBUG main            d.u.i.k.p.i.AbstractProblemLoader Init config took 3.07s 
12702      INFO  main            d.u.i.k.p.i.AbstractProblemLoader Replaying proof anonymise_datagroup.key.proof 
12719      DEBUG main            d.u.i.k.p.i.IntermediateProofReplayer Proof replay took 11.76ms 
12733      DEBUG main            d.u.i.k.p.r.p.TestFile    ... success: reloaded. 
12734      INFO  main            d.u.i.k.p.r.p.TestFile    Now processing file /home/runner/work/key/key/key.core/../key.ui/examples/heap/simple/array_creation.key 
12737      INFO  main            d.u.i.k.p.i.AbstractProblemLoader Loading environment from /home/runner/work/key/key/key.core/../key.ui/examples/heap/simple/array_creation.key 
12737      DEBUG main            d.u.i.k.p.i.AbstractProblemLoader Environment load took 280.21ns 
12740      INFO  main            d.u.i.k.p.i.AbstractProblemLoader Creating init config 
15641      DEBUG main            d.u.i.k.p.i.AbstractProblemLoader Init config took 2.9s 
15678      INFO  main            d.u.i.k.p.i.AbstractProblemLoader Replaying proof array_creation.key 
15685      DEBUG main            d.u.i.k.p.i.IntermediateProofReplayer Proof replay took 7ns 
16595      INFO  main            d.u.i.k.p.r.p.TestFile    ... finished proof: closed. 
16795      INFO  main            d.u.i.k.p.i.AbstractProblemLoader Loading environment from /home/runner/work/key/key/key.core/../key.ui/examples/heap/simple/array_creation.key.proof 
16796      DEBUG main            d.u.i.k.p.i.AbstractProblemLoader Environment load took 152.81ns 
16801      INFO  main            d.u.i.k.p.i.AbstractProblemLoader Creating init config 
19822      DEBUG main            d.u.i.k.p.i.AbstractProblemLoader Init config took 3.02s 
19855      INFO  main            d.u.i.k.p.i.AbstractProblemLoader Replaying proof array_creation.key.proof 
19996      DEBUG main            d.u.i.k.p.i.IntermediateProofReplayer Proof replay took 134.13ms 
19998      DEBUG main            d.u.i.k.p.r.p.TestFile    ... success: reloaded. 
19999      INFO  main            d.u.i.k.p.r.p.TestFile    Now processing file /home/runner/work/key/key/key.core/../key.ui/examples/heap/simple/arrays_with_disjoint_sorts.key 
20000      INFO  main            d.u.i.k.p.i.AbstractProblemLoader Loading environment from /home/runner/work/key/key/key.core/../key.ui/examples/heap/simple/arrays_with_disjoint_sorts.key 
20000      DEBUG main            d.u.i.k.p.i.AbstractProblemLoader Environment load took 249.91ns 
20002      INFO  main            d.u.i.k.p.i.AbstractProblemLoader Creating init config 
23104      DEBUG main            d.u.i.k.p.i.AbstractProblemLoader Init config took 3.1s 
23131      INFO  main            d.u.i.k.p.i.AbstractProblemLoader Replaying proof arrays_with_disjoint_sorts.key 
23134      DEBUG main            d.u.i.k.p.i.IntermediateProofReplayer Proof replay took 7.4ns 
23338      INFO  main            d.u.i.k.p.r.p.TestFile    ... finished proof: closed. 
23520      INFO  main            d.u.i.k.p.i.AbstractProblemLoader Loading environment from /home/runner/work/key/key/key.core/../key.ui/examples/heap/simple/arrays_with_disjoint_sorts.key.proof 
23520      DEBUG main            d.u.i.k.p.i.AbstractProblemLoader Environment load took 462.91ns 
23522      INFO  main            d.u.i.k.p.i.AbstractProblemLoader Creating init config 
26664      DEBUG main            d.u.i.k.p.i.AbstractProblemLoader Init config took 3.14s 
26691      INFO  main            d.u.i.k.p.i.AbstractProblemLoader Replaying proof arrays_with_disjoint_sorts.key.proof 
26728      DEBUG main            d.u.i.k.p.i.IntermediateProofReplayer Proof replay took 33.25ms 
26730      DEBUG main            d.u.i.k.p.r.p.TestFile    ... success: reloaded. 
26731      INFO  main            d.u.i.k.p.r.p.TestFile    Now processing file /home/runner/work/key/key/key.core/../key.ui/examples/heap/simple/arrays.key 
26732      INFO  main            d.u.i.k.p.i.AbstractProblemLoader Loading environment from /home/runner/work/key/key/key.core/../key.ui/examples/heap/simple/arrays.key 
26732      DEBUG main            d.u.i.k.p.i.AbstractProblemLoader Environment load took 238.61ns 
26734      INFO  main            d.u.i.k.p.i.AbstractProblemLoader Creating init config 
29704      DEBUG main            d.u.i.k.p.i.AbstractProblemLoader Init config took 2.97s 
29729      INFO  main            d.u.i.k.p.i.AbstractProblemLoader Replaying proof arrays.key 
29732      DEBUG main            d.u.i.k.p.i.IntermediateProofReplayer Proof replay took 6.4ns 
29939      INFO  main            d.u.i.k.p.r.p.TestFile    ... finished proof: closed. 
30127      INFO  main            d.u.i.k.p.i.AbstractProblemLoader Loading environment from /home/runner/work/key/key/key.core/../key.ui/examples/heap/simple/arrays.key.proof 
30128      DEBUG main            d.u.i.k.p.i.AbstractProblemLoader Environment load took 475.21ns 
30129      INFO  main            d.u.i.k.p.i.AbstractProblemLoader Creating init config 
32973      DEBUG main            d.u.i.k.p.i.AbstractProblemLoader Init config took 2.84s 
33000      INFO  main            d.u.i.k.p.i.AbstractProblemLoader Replaying proof arrays.key.proof 
33043      DEBUG main            d.u.i.k.p.i.IntermediateProofReplayer Proof replay took 39.32ms 
33045      DEBUG main            d.u.i.k.p.r.p.TestFile    ... success: reloaded. 
33047      INFO  main            d.u.i.k.p.r.p.TestFile    Now processing file /home/runner/work/key/key/key.core/../key.ui/examples/heap/simple/attributes.key 
33047      INFO  main            d.u.i.k.p.i.AbstractProblemLoader Loading environment from /home/runner/work/key/key/key.core/../key.ui/examples/heap/simple/attributes.key 
33048      DEBUG main            d.u.i.k.p.i.AbstractProblemLoader Environment load took 244.71ns 
33062      INFO  main            d.u.i.k.p.i.AbstractProblemLoader Creating init config 
35962      DEBUG main            d.u.i.k.p.i.AbstractProblemLoader Init config took 2.9s 
35989      INFO  main            d.u.i.k.p.i.AbstractProblemLoader Replaying proof attributes.key 
35991      DEBUG main            d.u.i.k.p.i.IntermediateProofReplayer Proof replay took 6.3ns 
36095      INFO  main            d.u.i.k.p.r.p.TestFile    ... finished proof: closed. 
36278      INFO  main            d.u.i.k.p.i.AbstractProblemLoader Loading environment from /home/runner/work/key/key/key.core/../key.ui/examples/heap/simple/attributes.key.proof 
36278      DEBUG main            d.u.i.k.p.i.AbstractProblemLoader Environment load took 132ns 
36279      INFO  main            d.u.i.k.p.i.AbstractProblemLoader Creating init config 
39084      DEBUG main            d.u.i.k.p.i.AbstractProblemLoader Init config took 2.8s 
39111      INFO  main            d.u.i.k.p.i.AbstractProblemLoader Replaying proof attributes.key.proof 
39117      DEBUG main            d.u.i.k.p.i.IntermediateProofReplayer Proof replay took 2.99ms 
39118      DEBUG main            d.u.i.k.p.r.p.TestFile    ... success: reloaded. 
39119      INFO  main            d.u.i.k.p.r.p.TestFile    Now processing file /home/runner/work/key/key/key.core/../key.ui/examples/heap/simple/constructor_contracts.key 
39119      INFO  main            d.u.i.k.p.i.AbstractProblemLoader Loading environment from /home/runner/work/key/key/key.core/../key.ui/examples/heap/simple/constructor_contracts.key 
39120      DEBUG main            d.u.i.k.p.i.AbstractProblemLoader Environment load took 240.01ns 
39123      INFO  main            d.u.i.k.p.i.AbstractProblemLoader Creating init config 
42397      DEBUG main            d.u.i.k.p.i.AbstractProblemLoader Init config took 3.27s 
42422      INFO  main            d.u.i.k.p.i.AbstractProblemLoader Replaying proof constructor_contracts.key 
42424      DEBUG main            d.u.i.k.p.i.IntermediateProofReplayer Proof replay took 6.8ns 
43137      INFO  main            d.u.i.k.p.r.p.TestFile    ... finished proof: closed. 
43339      INFO  main            d.u.i.k.p.i.AbstractProblemLoader Loading environment from /home/runner/work/key/key/key.core/../key.ui/examples/heap/simple/constructor_contracts.key.proof 
43342      DEBUG main            d.u.i.k.p.i.AbstractProblemLoader Environment load took 3.44ms 
43344      INFO  main            d.u.i.k.p.i.AbstractProblemLoader Creating init config 
46400      DEBUG main            d.u.i.k.p.i.AbstractProblemLoader Init config took 3.06s 
46423      INFO  main            d.u.i.k.p.i.AbstractProblemLoader Replaying proof constructor_contracts.key.proof 
46559      DEBUG main            d.u.i.k.p.i.IntermediateProofReplayer Proof replay took 129.31ms 
46562      DEBUG main            d.u.i.k.p.r.p.TestFile    ... success: reloaded. 
46564      INFO  main            d.u.i.k.p.r.p.TestFile    Now processing file /home/runner/work/key/key/key.core/../key.ui/examples/heap/simple/dependencies.key 
46564      INFO  main            d.u.i.k.p.i.AbstractProblemLoader Loading environment from /home/runner/work/key/key/key.core/../key.ui/examples/heap/simple/dependencies.key 
46564      DEBUG main            d.u.i.k.p.i.AbstractProblemLoader Environment load took 225.51ns 
46566      INFO  main            d.u.i.k.p.i.AbstractProblemLoader Creating init config 
49352      DEBUG main            d.u.i.k.p.i.AbstractProblemLoader Init config took 2.79s 
49381      INFO  main            d.u.i.k.p.i.AbstractProblemLoader Replaying proof dependencies.key 
49383      DEBUG main            d.u.i.k.p.i.IntermediateProofReplayer Proof replay took 7.6ns 
49486      INFO  main            d.u.i.k.p.r.p.TestFile    ... finished proof: closed. 
49683      INFO  main            d.u.i.k.p.i.AbstractProblemLoader Loading environment from /home/runner/work/key/key/key.core/../key.ui/examples/heap/simple/dependencies.key.proof 
49683      DEBUG main            d.u.i.k.p.i.AbstractProblemLoader Environment load took 121.9ns 
49685      INFO  main            d.u.i.k.p.i.AbstractProblemLoader Creating init config 
52401      DEBUG main            d.u.i.k.p.i.AbstractProblemLoader Init config took 2.72s 
52422      INFO  main            d.u.i.k.p.i.AbstractProblemLoader Replaying proof dependencies.key.proof 
52433      DEBUG main            d.u.i.k.p.i.IntermediateProofReplayer Proof replay took 9.35ms 
52435      DEBUG main            d.u.i.k.p.r.p.TestFile    ... success: reloaded. 
52436      INFO  main            d.u.i.k.p.r.p.TestFile    Now processing file /home/runner/work/key/key/key.core/../key.ui/examples/heap/simple/dependency_contracts.key 
52436      INFO  main            d.u.i.k.p.i.AbstractProblemLoader Loading environment from /home/runner/work/key/key/key.core/../key.ui/examples/heap/simple/dependency_contracts.key 
52436      DEBUG main            d.u.i.k.p.i.AbstractProblemLoader Environment load took 239.61ns 
52438      INFO  main            d.u.i.k.p.i.AbstractProblemLoader Creating init config 
55447      DEBUG main            d.u.i.k.p.i.AbstractProblemLoader Init config took 3.01s 
55473      INFO  main            d.u.i.k.p.i.AbstractProblemLoader Replaying proof dependency_contracts.key 
55476      DEBUG main            d.u.i.k.p.i.IntermediateProofReplayer Proof replay took 7.3ns 
56885      INFO  main            d.u.i.k.p.r.p.TestFile    ... finished proof: closed. 
57119      INFO  main            d.u.i.k.p.i.AbstractProblemLoader Loading environment from /home/runner/work/key/key/key.core/../key.ui/examples/heap/simple/dependency_contracts.key.proof 
57119      DEBUG main            d.u.i.k.p.i.AbstractProblemLoader Environment load took 731.12ns 
57122      INFO  main            d.u.i.k.p.i.AbstractProblemLoader Creating init config 
60087      DEBUG main            d.u.i.k.p.i.AbstractProblemLoader Init config took 2.97s 
60110      INFO  main            d.u.i.k.p.i.AbstractProblemLoader Replaying proof dependency_contracts.key.proof 
60356      DEBUG main            d.u.i.k.p.i.IntermediateProofReplayer Proof replay took 236.04ms 
60361      DEBUG main            d.u.i.k.p.r.p.TestFile    ... success: reloaded. 
60362      INFO  main            d.u.i.k.p.r.p.TestFile    Now processing file /home/runner/work/key/key/key.core/../key.ui/examples/heap/simple/invariant_preservation.key 
60363      INFO  main            d.u.i.k.p.i.AbstractProblemLoader Loading environment from /home/runner/work/key/key/key.core/../key.ui/examples/heap/simple/invariant_preservation.key 
60363      DEBUG main            d.u.i.k.p.i.AbstractProblemLoader Environment load took 251.91ns 
60365      INFO  main            d.u.i.k.p.i.AbstractProblemLoader Creating init config 
63272      DEBUG main            d.u.i.k.p.i.AbstractProblemLoader Init config took 2.91s 
63296      INFO  main            d.u.i.k.p.i.AbstractProblemLoader Replaying proof invariant_preservation.key 
63298      DEBUG main            d.u.i.k.p.i.IntermediateProofReplayer Proof replay took 7.6ns 
63502      INFO  main            d.u.i.k.p.r.p.TestFile    ... finished proof: closed. 
63754      INFO  main            d.u.i.k.p.i.AbstractProblemLoader Loading environment from /home/runner/work/key/key/key.core/../key.ui/examples/heap/simple/invariant_preservation.key.proof 
63754      DEBUG main            d.u.i.k.p.i.AbstractProblemLoader Environment load took 118.6ns 
63755      INFO  main            d.u.i.k.p.i.AbstractProblemLoader Creating init config 
66685      DEBUG main            d.u.i.k.p.i.AbstractProblemLoader Init config took 2.93s 
66708      INFO  main            d.u.i.k.p.i.AbstractProblemLoader Replaying proof invariant_preservation.key.proof 
66747      DEBUG main            d.u.i.k.p.i.IntermediateProofReplayer Proof replay took 36.93ms 
66749      DEBUG main            d.u.i.k.p.r.p.TestFile    ... success: reloaded. 
66751      INFO  main            d.u.i.k.p.r.p.TestFile    Now processing file /home/runner/work/key/key/key.core/../key.ui/examples/heap/simple/locsets.key 
66751      INFO  main            d.u.i.k.p.i.AbstractProblemLoader Loading environment from /home/runner/work/key/key/key.core/../key.ui/examples/heap/simple/locsets.key 
66751      DEBUG main            d.u.i.k.p.i.AbstractProblemLoader Environment load took 176.5ns 
66752      INFO  main            d.u.i.k.p.i.AbstractProblemLoader Creating init config 
69563      DEBUG main            d.u.i.k.p.i.AbstractProblemLoader Init config took 2.81s 
69583      INFO  main            d.u.i.k.p.i.AbstractProblemLoader Replaying proof locsets.key 
69584      DEBUG main            d.u.i.k.p.i.IntermediateProofReplayer Proof replay took 6.8ns 
69690      INFO  main            d.u.i.k.p.r.p.TestFile    ... finished proof: closed. 
69926      INFO  main            d.u.i.k.p.i.AbstractProblemLoader Loading environment from /home/runner/work/key/key/key.core/../key.ui/examples/heap/simple/locsets.key.proof 
69926      DEBUG main            d.u.i.k.p.i.AbstractProblemLoader Environment load took 124.3ns 
69927      INFO  main            d.u.i.k.p.i.AbstractProblemLoader Creating init config 
72470      DEBUG main            d.u.i.k.p.i.AbstractProblemLoader Init config took 2.54s 
72489      INFO  main            d.u.i.k.p.i.AbstractProblemLoader Replaying proof locsets.key.proof 
72493      DEBUG main            d.u.i.k.p.i.IntermediateProofReplayer Proof replay took 2.03ms 
72494      DEBUG main            d.u.i.k.p.r.p.TestFile    ... success: reloaded. 
72495      INFO  main            d.u.i.k.p.r.p.TestFile    Now processing file /home/runner/work/key/key/key.core/../key.ui/examples/heap/simple/loop1.key 
72495      INFO  main            d.u.i.k.p.i.AbstractProblemLoader Loading environment from /home/runner/work/key/key/key.core/../key.ui/examples/heap/simple/loop1.key 
72495      DEBUG main            d.u.i.k.p.i.AbstractProblemLoader Environment load took 216.51ns 
72497      INFO  main            d.u.i.k.p.i.AbstractProblemLoader Creating init config 
75346      DEBUG main            d.u.i.k.p.i.AbstractProblemLoader Init config took 2.85s 
75365      INFO  main            d.u.i.k.p.i.AbstractProblemLoader Replaying proof loop1.key 
75367      DEBUG main            d.u.i.k.p.i.IntermediateProofReplayer Proof replay took 8.4ns 
75570      INFO  main            d.u.i.k.p.r.p.TestFile    ... finished proof: closed. 
75795      INFO  main            d.u.i.k.p.i.AbstractProblemLoader Loading environment from /home/runner/work/key/key/key.core/../key.ui/examples/heap/simple/loop1.key.proof 
75796      DEBUG main            d.u.i.k.p.i.AbstractProblemLoader Environment load took 132.1ns 
75798      INFO  main            d.u.i.k.p.i.AbstractProblemLoader Creating init config 
78605      DEBUG main            d.u.i.k.p.i.AbstractProblemLoader Init config took 2.81s 
78626      INFO  main            d.u.i.k.p.i.AbstractProblemLoader Replaying proof loop1.key.proof 
78711      DEBUG main            d.u.i.k.p.i.IntermediateProofReplayer Proof replay took 82.59ms 
78713      DEBUG main            d.u.i.k.p.r.p.TestFile    ... success: reloaded. 
78714      INFO  main            d.u.i.k.p.r.p.TestFile    Now processing file /home/runner/work/key/key/key.core/../key.ui/examples/heap/simple/loop2.key 
78714      INFO  main            d.u.i.k.p.i.AbstractProblemLoader Loading environment from /home/runner/work/key/key/key.core/../key.ui/examples/heap/simple/loop2.key 
78714      DEBUG main            d.u.i.k.p.i.AbstractProblemLoader Environment load took 116.7ns 
78715      INFO  main            d.u.i.k.p.i.AbstractProblemLoader Creating init config 
81623      DEBUG main            d.u.i.k.p.i.AbstractProblemLoader Init config took 2.91s 
81643      INFO  main            d.u.i.k.p.i.AbstractProblemLoader Replaying proof loop2.key 
81646      DEBUG main            d.u.i.k.p.i.IntermediateProofReplayer Proof replay took 8.3ns 
82252      INFO  main            d.u.i.k.p.r.p.TestFile    ... finished proof: closed. 
82528      INFO  main            d.u.i.k.p.i.AbstractProblemLoader Loading environment from /home/runner/work/key/key/key.core/../key.ui/examples/heap/simple/loop2.key.proof 
82528      DEBUG main            d.u.i.k.p.i.AbstractProblemLoader Environment load took 788.12ns 
82530      INFO  main            d.u.i.k.p.i.AbstractProblemLoader Creating init config 
85377      DEBUG main            d.u.i.k.p.i.AbstractProblemLoader Init config took 2.85s 
85395      INFO  main            d.u.i.k.p.i.AbstractProblemLoader Replaying proof loop2.key.proof 
85540      DEBUG main            d.u.i.k.p.i.IntermediateProofReplayer Proof replay took 140.36ms 
85542      DEBUG main            d.u.i.k.p.r.p.TestFile    ... success: reloaded. 
85543      INFO  main            d.u.i.k.p.r.p.TestFile    Now processing file /home/runner/work/key/key/key.core/../key.ui/examples/heap/simple/modifies_datagroup.key 
85544      INFO  main            d.u.i.k.p.i.AbstractProblemLoader Loading environment from /home/runner/work/key/key/key.core/../key.ui/examples/heap/simple/modifies_datagroup.key 
85544      DEBUG main            d.u.i.k.p.i.AbstractProblemLoader Environment load took 254.81ns 
85545      INFO  main            d.u.i.k.p.i.AbstractProblemLoader Creating init config 
88127      DEBUG main            d.u.i.k.p.i.AbstractProblemLoader Init config took 2.58s 
88144      INFO  main            d.u.i.k.p.i.AbstractProblemLoader Replaying proof modifies_datagroup.key 
88145      DEBUG main            d.u.i.k.p.i.IntermediateProofReplayer Proof replay took 7.5ns 
88247      INFO  main            d.u.i.k.p.r.p.TestFile    ... finished proof: closed. 
88505      INFO  main            d.u.i.k.p.i.AbstractProblemLoader Loading environment from /home/runner/work/key/key/key.core/../key.ui/examples/heap/simple/modifies_datagroup.key.proof 
88505      DEBUG main            d.u.i.k.p.i.AbstractProblemLoader Environment load took 118.9ns 
88506      INFO  main            d.u.i.k.p.i.AbstractProblemLoader Creating init config 
91128      DEBUG main            d.u.i.k.p.i.AbstractProblemLoader Init config took 2.62s 
91146      INFO  main            d.u.i.k.p.i.AbstractProblemLoader Replaying proof modifies_datagroup.key.proof 
91154      DEBUG main            d.u.i.k.p.i.IntermediateProofReplayer Proof replay took 5.59ms 
91156      DEBUG main            d.u.i.k.p.r.p.TestFile    ... success: reloaded. 
91157      INFO  main            d.u.i.k.p.r.p.TestFile    Now processing file /home/runner/work/key/key/key.core/../key.ui/examples/heap/simple/modifies.key 
91157      INFO  main            d.u.i.k.p.i.AbstractProblemLoader Loading environment from /home/runner/work/key/key/key.core/../key.ui/examples/heap/simple/modifies.key 
91157      DEBUG main            d.u.i.k.p.i.AbstractProblemLoader Environment load took 176.41ns 
91160      INFO  main            d.u.i.k.p.i.AbstractProblemLoader Creating init config 
93739      DEBUG main            d.u.i.k.p.i.AbstractProblemLoader Init config took 2.58s 
93755      INFO  main            d.u.i.k.p.i.AbstractProblemLoader Replaying proof modifies.key 
93756      DEBUG main            d.u.i.k.p.i.IntermediateProofReplayer Proof replay took 18.1ns 
93862      INFO  main            d.u.i.k.p.r.p.TestFile    ... finished proof: closed. 
94130      INFO  main            d.u.i.k.p.i.AbstractProblemLoader Loading environment from /home/runner/work/key/key/key.core/../key.ui/examples/heap/simple/modifies.key.proof 
94130      DEBUG main            d.u.i.k.p.i.AbstractProblemLoader Environment load took 125.4ns 
94133      INFO  main            d.u.i.k.p.i.AbstractProblemLoader Creating init config 
96651      DEBUG main            d.u.i.k.p.i.AbstractProblemLoader Init config took 2.52s 
96668      INFO  main            d.u.i.k.p.i.AbstractProblemLoader Replaying proof modifies.key.proof 
96686      DEBUG main            d.u.i.k.p.i.IntermediateProofReplayer Proof replay took 16.34ms 
96687      DEBUG main            d.u.i.k.p.r.p.TestFile    ... success: reloaded. 
96688      INFO  main            d.u.i.k.p.r.p.TestFile    Now processing file /home/runner/work/key/key/key.core/../key.ui/examples/heap/simple/object_creation.key 
96688      INFO  main            d.u.i.k.p.i.AbstractProblemLoader Loading environment from /home/runner/work/key/key/key.core/../key.ui/examples/heap/simple/object_creation.key 
96688      DEBUG main            d.u.i.k.p.i.AbstractProblemLoader Environment load took 115.7ns 
96689      INFO  main            d.u.i.k.p.i.AbstractProblemLoader Creating init config 
99361      DEBUG main            d.u.i.k.p.i.AbstractProblemLoader Init config took 2.67s 
99378      INFO  main            d.u.i.k.p.i.AbstractProblemLoader Replaying proof object_creation.key 
99381      DEBUG main            d.u.i.k.p.i.IntermediateProofReplayer Proof replay took 8.1ns 
99687      INFO  main            d.u.i.k.p.r.p.TestFile    ... finished proof: closed. 
99987      INFO  main            d.u.i.k.p.i.AbstractProblemLoader Loading environment from /home/runner/work/key/key/key.core/../key.ui/examples/heap/simple/object_creation.key.proof 
99987      DEBUG main            d.u.i.k.p.i.AbstractProblemLoader Environment load took 807.02ns 
99989      INFO  main            d.u.i.k.p.i.AbstractProblemLoader Creating init config 
102479     DEBUG main            d.u.i.k.p.i.AbstractProblemLoader Init config took 2.49s 
102496     INFO  main            d.u.i.k.p.i.AbstractProblemLoader Replaying proof object_creation.key.proof 
102562     DEBUG main            d.u.i.k.p.i.IntermediateProofReplayer Proof replay took 61.59ms 
102563     DEBUG main            d.u.i.k.p.r.p.TestFile    ... success: reloaded. 
102564     INFO  main            d.u.i.k.p.r.p.TestFile    Now processing file /home/runner/work/key/key/key.core/../key.ui/examples/heap/simple/operation_contracts.key 
102564     INFO  main            d.u.i.k.p.i.AbstractProblemLoader Loading environment from /home/runner/work/key/key/key.core/../key.ui/examples/heap/simple/operation_contracts.key 
102564     DEBUG main            d.u.i.k.p.i.AbstractProblemLoader Environment load took 115.5ns 
102566     INFO  main            d.u.i.k.p.i.AbstractProblemLoader Creating init config 
105400     DEBUG main            d.u.i.k.p.i.AbstractProblemLoader Init config took 2.83s 
105419     INFO  main            d.u.i.k.p.i.AbstractProblemLoader Replaying proof operation_contracts.key 
105421     DEBUG main            d.u.i.k.p.i.IntermediateProofReplayer Proof replay took 8.5ns 
106328     INFO  main            d.u.i.k.p.r.p.TestFile    ... finished proof: closed. 
106620     INFO  main            d.u.i.k.p.i.AbstractProblemLoader Loading environment from /home/runner/work/key/key/key.core/../key.ui/examples/heap/simple/operation_contracts.key.proof 
106621     DEBUG main            d.u.i.k.p.i.AbstractProblemLoader Environment load took 484.92ns 
106623     INFO  main            d.u.i.k.p.i.AbstractProblemLoader Creating init config 
109446     DEBUG main            d.u.i.k.p.i.AbstractProblemLoader Init config took 2.82s 
109463     INFO  main            d.u.i.k.p.i.AbstractProblemLoader Replaying proof operation_contracts.key.proof 
109654     DEBUG main            d.u.i.k.p.i.IntermediateProofReplayer Proof replay took 184.09ms 
109656     DEBUG main            d.u.i.k.p.r.p.TestFile    ... success: reloaded. 
109658     INFO  main            d.u.i.k.p.r.p.TestFile    Now processing file /home/runner/work/key/key/key.core/../key.ui/examples/heap/simple/select_store.key 
109658     INFO  main            d.u.i.k.p.i.AbstractProblemLoader Loading environment from /home/runner/work/key/key/key.core/../key.ui/examples/heap/simple/select_store.key 
109658     DEBUG main            d.u.i.k.p.i.AbstractProblemLoader Environment load took 251.31ns 
109659     INFO  main            d.u.i.k.p.i.AbstractProblemLoader Creating init config 
112287     DEBUG main            d.u.i.k.p.i.AbstractProblemLoader Init config took 2.63s 
112322     INFO  main            d.u.i.k.p.i.AbstractProblemLoader Replaying proof select_store.key 
112323     DEBUG main            d.u.i.k.p.i.IntermediateProofReplayer Proof replay took 16.6ns 
112426     INFO  main            d.u.i.k.p.r.p.TestFile    ... finished proof: closed. 
112711     INFO  main            d.u.i.k.p.i.AbstractProblemLoader Loading environment from /home/runner/work/key/key/key.core/../key.ui/examples/heap/simple/select_store.key.proof 
112712     DEBUG main            d.u.i.k.p.i.AbstractProblemLoader Environment load took 179.01ns 
112713     INFO  main            d.u.i.k.p.i.AbstractProblemLoader Creating init config 
115348     DEBUG main            d.u.i.k.p.i.AbstractProblemLoader Init config took 2.64s 
115363     INFO  main            d.u.i.k.p.i.AbstractProblemLoader Replaying proof select_store.key.proof 
115368     DEBUG main            d.u.i.k.p.i.IntermediateProofReplayer Proof replay took 2.86ms 
115369     DEBUG main            d.u.i.k.p.r.p.TestFile    ... success: reloaded. 
115370     INFO  main            d.u.i.k.p.r.p.TestFile    Now processing file /home/runner/work/key/key/key.core/../key.ui/examples/heap/simple/selection_sort.key 
115370     INFO  main            d.u.i.k.p.i.AbstractProblemLoader Loading environment from /home/runner/work/key/key/key.core/../key.ui/examples/heap/simple/selection_sort.key 
115370     DEBUG main            d.u.i.k.p.i.AbstractProblemLoader Environment load took 59.5ns 
115371     INFO  main            d.u.i.k.p.i.AbstractProblemLoader Creating init config 
118302     DEBUG main            d.u.i.k.p.i.AbstractProblemLoader Init config took 2.93s 
118317     INFO  main            d.u.i.k.p.i.AbstractProblemLoader Replaying proof selection_sort.key 
118320     DEBUG main            d.u.i.k.p.i.IntermediateProofReplayer Proof replay took 6.3ns 
122495     INFO  main            d.u.i.k.p.r.p.TestFile    ... finished proof: closed. 
122876     INFO  main            d.u.i.k.p.i.AbstractProblemLoader Loading environment from /home/runner/work/key/key/key.core/../key.ui/examples/heap/simple/selection_sort.key.proof 
122878     DEBUG main            d.u.i.k.p.i.AbstractProblemLoader Environment load took 1.36ms 
122880     INFO  main            d.u.i.k.p.i.AbstractProblemLoader Creating init config 
125698     DEBUG main            d.u.i.k.p.i.AbstractProblemLoader Init config took 2.82s 
125713     INFO  main            d.u.i.k.p.i.AbstractProblemLoader Replaying proof selection_sort.key.proof 
126526     DEBUG main            d.u.i.k.p.i.IntermediateProofReplayer Proof replay took 788.3ms 
126528     DEBUG main            d.u.i.k.p.r.p.TestFile    ... success: reloaded. 
126530     INFO  main            d.u.i.k.p.r.p.TestFile    Now processing file /home/runner/work/key/key/key.core/../key.ui/examples/heap/simple/seq.key 
126531     INFO  main            d.u.i.k.p.i.AbstractProblemLoader Loading environment from /home/runner/work/key/key/key.core/../key.ui/examples/heap/simple/seq.key 
126531     DEBUG main            d.u.i.k.p.i.AbstractProblemLoader Environment load took 269.71ns 
126532     INFO  main            d.u.i.k.p.i.AbstractProblemLoader Creating init config 
129152     DEBUG main            d.u.i.k.p.i.AbstractProblemLoader Init config took 2.62s 
129167     INFO  main            d.u.i.k.p.i.AbstractProblemLoader Replaying proof seq.key 
129168     DEBUG main            d.u.i.k.p.i.IntermediateProofReplayer Proof replay took 7.2ns 
129571     INFO  main            d.u.i.k.p.r.p.TestFile    ... finished proof: closed. 
129926     INFO  main            d.u.i.k.p.i.AbstractProblemLoader Loading environment from /home/runner/work/key/key/key.core/../key.ui/examples/heap/simple/seq.key.proof 
129927     DEBUG main            d.u.i.k.p.i.AbstractProblemLoader Environment load took 452.31ns 
129928     INFO  main            d.u.i.k.p.i.AbstractProblemLoader Creating init config 
132400     DEBUG main            d.u.i.k.p.i.AbstractProblemLoader Init config took 2.47s 
132424     INFO  main            d.u.i.k.p.i.AbstractProblemLoader Replaying proof seq.key.proof 
132499     DEBUG main            d.u.i.k.p.i.IntermediateProofReplayer Proof replay took 70.19ms 
132500     DEBUG main            d.u.i.k.p.r.p.TestFile    ... success: reloaded. 
132501     INFO  main            d.u.i.k.p.r.p.TestFile    Now processing file /home/runner/work/key/key/key.core/../key.ui/examples/heap/simple/oldForParams.key 
132501     INFO  main            d.u.i.k.p.i.AbstractProblemLoader Loading environment from /home/runner/work/key/key/key.core/../key.ui/examples/heap/simple/oldForParams.key 
132501     DEBUG main            d.u.i.k.p.i.AbstractProblemLoader Environment load took 106.6ns 
132502     INFO  main            d.u.i.k.p.i.AbstractProblemLoader Creating init config 
135305     DEBUG main            d.u.i.k.p.i.AbstractProblemLoader Init config took 2.8s 
135375     INFO  main            d.u.i.k.p.i.AbstractProblemLoader Replaying proof OldForParameters[OldForParameters::method(int)].JML operation contract.0 
135378     DEBUG main            d.u.i.k.p.i.IntermediateProofReplayer Proof replay took 6.3ns 
135583     INFO  main            d.u.i.k.p.r.p.TestFile    ... finished proof: closed. 
135947     INFO  main            d.u.i.k.p.i.AbstractProblemLoader Loading environment from /home/runner/work/key/key/key.core/../key.ui/examples/heap/simple/oldForParams.key.proof 
135947     DEBUG main            d.u.i.k.p.i.AbstractProblemLoader Environment load took 115.9ns 
135949     INFO  main            d.u.i.k.p.i.AbstractProblemLoader Creating init config 
138685     DEBUG main            d.u.i.k.p.i.AbstractProblemLoader Init config took 2.74s 
138743     INFO  main            d.u.i.k.p.i.AbstractProblemLoader Replaying proof OldForParameters[OldForParameters::method(int)].JML operation contract.0 
138811     DEBUG main            d.u.i.k.p.i.IntermediateProofReplayer Proof replay took 64.94ms 
138812     DEBUG main            d.u.i.k.p.r.p.TestFile    ... success: reloaded. 
138813     INFO  main            d.u.i.k.p.r.p.TestFile    Now processing file /home/runner/work/key/key/key.core/../key.ui/examples/heap/simple/parse_lmtd.key 
138814     INFO  main            d.u.i.k.p.i.AbstractProblemLoader Loading environment from /home/runner/work/key/key/key.core/../key.ui/examples/heap/simple/parse_lmtd.key 
138814     DEBUG main            d.u.i.k.p.i.AbstractProblemLoader Environment load took 213.71ns 
138815     INFO  main            d.u.i.k.p.i.AbstractProblemLoader Creating init config 
141701     DEBUG main            d.u.i.k.p.i.AbstractProblemLoader Init config took 2.89s 
141754     INFO  main            d.u.i.k.p.i.AbstractProblemLoader Replaying proof ParseLmtd[ParseLmtd::simple(int)].JML normal_behavior operation contract.0 
141756     DEBUG main            d.u.i.k.p.i.IntermediateProofReplayer Proof replay took 7.3ns 
141959     INFO  main            d.u.i.k.p.r.p.TestFile    ... finished proof: closed. 
142266     INFO  main            d.u.i.k.p.i.AbstractProblemLoader Loading environment from /home/runner/work/key/key/key.core/../key.ui/examples/heap/simple/parse_lmtd.key.proof 
142266     DEBUG main            d.u.i.k.p.i.AbstractProblemLoader Environment load took 129.4ns 
142268     INFO  main            d.u.i.k.p.i.AbstractProblemLoader Creating init config 
145048     DEBUG main            d.u.i.k.p.i.AbstractProblemLoader Init config took 2.78s 
145096     INFO  main            d.u.i.k.p.i.AbstractProblemLoader Replaying proof ParseLmtd[ParseLmtd::simple(int)].JML normal_behavior operation contract.0 
145134     DEBUG main            d.u.i.k.p.i.IntermediateProofReplayer Proof replay took 34.71ms 
145135     DEBUG main            d.u.i.k.p.r.p.TestFile    ... success: reloaded. 
145137     INFO  main            d.u.i.k.p.r.p.TestFile    Now processing file /home/runner/work/key/key/key.core/../key.ui/examples/heap/strictly_pure/strictlyPureMethod.key 
145137     INFO  main            d.u.i.k.p.i.AbstractProblemLoader Loading environment from /home/runner/work/key/key/key.core/../key.ui/examples/heap/strictly_pure/strictlyPureMethod.key 
145137     DEBUG main            d.u.i.k.p.i.AbstractProblemLoader Environment load took 240.71ns 
145138     INFO  main            d.u.i.k.p.i.AbstractProblemLoader Creating init config 
147771     DEBUG main            d.u.i.k.p.i.AbstractProblemLoader Init config took 2.63s 
147818     INFO  main            d.u.i.k.p.i.AbstractProblemLoader Replaying proof StrictlyPure[StrictlyPure::strictlyPureMethod()].JML operation contract.0 
147820     DEBUG main            d.u.i.k.p.i.IntermediateProofReplayer Proof replay took 7ns 
148027     INFO  main            d.u.i.k.p.r.p.TestFile    ... finished proof: closed. 
148348     INFO  main            d.u.i.k.p.i.AbstractProblemLoader Loading environment from /home/runner/work/key/key/key.core/../key.ui/examples/heap/strictly_pure/strictlyPureMethod.key.proof 
148348     DEBUG main            d.u.i.k.p.i.AbstractProblemLoader Environment load took 113ns 
148350     INFO  main            d.u.i.k.p.i.AbstractProblemLoader Creating init config 
150912     DEBUG main            d.u.i.k.p.i.AbstractProblemLoader Init config took 2.56s 
150951     INFO  main            d.u.i.k.p.i.AbstractProblemLoader Replaying proof StrictlyPure[StrictlyPure::strictlyPureMethod()].JML operation contract.0 
151000     DEBUG main            d.u.i.k.p.i.IntermediateProofReplayer Proof replay took 46.14ms 
151001     DEBUG main            d.u.i.k.p.r.p.TestFile    ... success: reloaded. 
151002     INFO  main            d.u.i.k.p.r.p.TestFile    Now processing file /home/runner/work/key/key/key.core/../key.ui/examples/heap/strictly_pure/useStrictlyPureMethod.key 
151002     INFO  main            d.u.i.k.p.i.AbstractProblemLoader Loading environment from /home/runner/work/key/key/key.core/../key.ui/examples/heap/strictly_pure/useStrictlyPureMethod.key 
151002     DEBUG main            d.u.i.k.p.i.AbstractProblemLoader Environment load took 110.1ns 
151003     INFO  main            d.u.i.k.p.i.AbstractProblemLoader Creating init config 
153660     DEBUG main            d.u.i.k.p.i.AbstractProblemLoader Init config took 2.66s 
153702     INFO  main            d.u.i.k.p.i.AbstractProblemLoader Replaying proof StrictlyPure[StrictlyPure::useStrictlyPureMethod(StrictlyPureClass)].JML operation contract.0 
153704     DEBUG main            d.u.i.k.p.i.IntermediateProofReplayer Proof replay took 8ns 
154007     INFO  main            d.u.i.k.p.r.p.TestFile    ... finished proof: closed. 
154335     INFO  main            d.u.i.k.p.i.AbstractProblemLoader Loading environment from /home/runner/work/key/key/key.core/../key.ui/examples/heap/strictly_pure/useStrictlyPureMethod.key.proof 
154337     DEBUG main            d.u.i.k.p.i.AbstractProblemLoader Environment load took 1.49ms 
154338     INFO  main            d.u.i.k.p.i.AbstractProblemLoader Creating init config 
156884     DEBUG main            d.u.i.k.p.i.AbstractProblemLoader Init config took 2.55s 
156923     INFO  main            d.u.i.k.p.i.AbstractProblemLoader Replaying proof StrictlyPure[StrictlyPure::useStrictlyPureMethod(StrictlyPureClass)].JML operation contract.0 
156990     DEBUG main            d.u.i.k.p.i.IntermediateProofReplayer Proof replay took 64.41ms 
156992     DEBUG main            d.u.i.k.p.r.p.TestFile    ... success: reloaded. 
156993     INFO  main            d.u.i.k.p.r.p.TestFile    Now processing file /home/runner/work/key/key/key.core/../key.ui/examples/heap/Wellfounded/ackermann.key 
156993     INFO  main            d.u.i.k.p.i.AbstractProblemLoader Loading environment from /home/runner/work/key/key/key.core/../key.ui/examples/heap/Wellfounded/ackermann.key 
156993     DEBUG main            d.u.i.k.p.i.AbstractProblemLoader Environment load took 106.3ns 
156994     INFO  main            d.u.i.k.p.i.AbstractProblemLoader Creating init config 
159724     DEBUG main            d.u.i.k.p.i.AbstractProblemLoader Init config took 2.73s 
159766     INFO  main            d.u.i.k.p.i.AbstractProblemLoader Replaying proof Ackermann[Ackermann::a(int,int)].JML normal_behavior operation contract.0 
159769     DEBUG main            d.u.i.k.p.i.IntermediateProofReplayer Proof replay took 7.1ns 
160072     INFO  main            d.u.i.k.p.r.p.TestFile    ... finished proof: closed. 
160500     INFO  main            d.u.i.k.p.i.AbstractProblemLoader Loading environment from /home/runner/work/key/key/key.core/../key.ui/examples/heap/Wellfounded/ackermann.key.proof 
160501     DEBUG main            d.u.i.k.p.i.AbstractProblemLoader Environment load took 494.62ns 
160502     INFO  main            d.u.i.k.p.i.AbstractProblemLoader Creating init config 
163086     DEBUG main            d.u.i.k.p.i.AbstractProblemLoader Init config took 2.58s 
163126     INFO  main            d.u.i.k.p.i.AbstractProblemLoader Replaying proof Ackermann[Ackermann::a(int,int)].JML normal_behavior operation contract.0 
163209     DEBUG main            d.u.i.k.p.i.IntermediateProofReplayer Proof replay took 79.89ms 
163210     DEBUG main            d.u.i.k.p.r.p.TestFile    ... success: reloaded. 
163211     INFO  main            d.u.i.k.p.r.p.TestFile    Now processing file /home/runner/work/key/key/key.core/../key.ui/examples/standard_key/unicode_test.key 
163212     INFO  main            d.u.i.k.p.i.AbstractProblemLoader Loading environment from /home/runner/work/key/key/key.core/../key.ui/examples/standard_key/unicode_test.key 
163212     DEBUG main            d.u.i.k.p.i.AbstractProblemLoader Environment load took 261.21ns 
163214     INFO  main            d.u.i.k.p.i.AbstractProblemLoader Creating init config 
165760     DEBUG main            d.u.i.k.p.i.AbstractProblemLoader Init config took 2.55s 
165774     INFO  main            d.u.i.k.p.i.AbstractProblemLoader Replaying proof unicode_test.key 
165776     DEBUG main            d.u.i.k.p.i.IntermediateProofReplayer Proof replay took 7.7ns 
165878     INFO  main            d.u.i.k.p.r.p.TestFile    ... finished proof: closed. 
166207     INFO  main            d.u.i.k.p.i.AbstractProblemLoader Loading environment from /home/runner/work/key/key/key.core/../key.ui/examples/standard_key/unicode_test.key.proof 
166208     DEBUG main            d.u.i.k.p.i.AbstractProblemLoader Environment load took 122.1ns 
166209     INFO  main            d.u.i.k.p.i.AbstractProblemLoader Creating init config 
168696     DEBUG main            d.u.i.k.p.i.AbstractProblemLoader Init config took 2.49s 
168712     INFO  main            d.u.i.k.p.i.AbstractProblemLoader Replaying proof unicode_test.key.proof 
168714     DEBUG main            d.u.i.k.p.i.IntermediateProofReplayer Proof replay took 414.91ns 
168715     DEBUG main            d.u.i.k.p.r.p.TestFile    ... success: reloaded. 
168716     INFO  main            d.u.i.k.p.r.p.TestFile    Now processing file /home/runner/work/key/key/key.core/../key.ui/examples/heap/strictlyModular/mayExpand.key 
168717     INFO  main            d.u.i.k.p.i.AbstractProblemLoader Loading environment from /home/runner/work/key/key/key.core/../key.ui/examples/heap/strictlyModular/mayExpand.key 
168717     DEBUG main            d.u.i.k.p.i.AbstractProblemLoader Environment load took 260.11ns 
168718     INFO  main            d.u.i.k.p.i.AbstractProblemLoader Creating init config 
171335     DEBUG main            d.u.i.k.p.i.AbstractProblemLoader Init config took 2.62s 
171375     INFO  main            d.u.i.k.p.i.AbstractProblemLoader Replaying proof Modular[Modular::m()].JML operation contract.0 
171377     DEBUG main            d.u.i.k.p.i.IntermediateProofReplayer Proof replay took 6.9ns 
171479     INFO  main            d.u.i.k.p.r.p.TestFile    ... finished proof: closed. 
171808     INFO  main            d.u.i.k.p.i.AbstractProblemLoader Loading environment from /home/runner/work/key/key/key.core/../key.ui/examples/heap/strictlyModular/mayExpand.key.proof 
171808     DEBUG main            d.u.i.k.p.i.AbstractProblemLoader Environment load took 111.9ns 
171810     INFO  main            d.u.i.k.p.i.AbstractProblemLoader Creating init config 
174353     DEBUG main            d.u.i.k.p.i.AbstractProblemLoader Init config took 2.54s 
174394     INFO  main            d.u.i.k.p.i.AbstractProblemLoader Replaying proof Modular[Modular::m()].JML operation contract.0 
174418     DEBUG main            d.u.i.k.p.i.IntermediateProofReplayer Proof replay took 21.23ms 
174419     DEBUG main            d.u.i.k.p.r.p.TestFile    ... success: reloaded. 
174421     INFO  main            d.u.i.k.p.r.p.TestFile    Now processing file /home/runner/work/key/key/key.core/../key.ui/examples/heap/strictlyModular/modularOnly.key 
174421     INFO  main            d.u.i.k.p.i.AbstractProblemLoader Loading environment from /home/runner/work/key/key/key.core/../key.ui/examples/heap/strictlyModular/modularOnly.key 
174421     DEBUG main            d.u.i.k.p.i.AbstractProblemLoader Environment load took 240.11ns 
174423     INFO  main            d.u.i.k.p.i.AbstractProblemLoader Creating init config 
177088     DEBUG main            d.u.i.k.p.i.AbstractProblemLoader Init config took 2.67s 
177126     INFO  main            d.u.i.k.p.i.AbstractProblemLoader Replaying proof Modular[Modular::m()].JML operation contract.0 
177127     DEBUG main            d.u.i.k.p.i.IntermediateProofReplayer Proof replay took 6.9ns 
177231     INFO  main            d.u.i.k.p.r.p.TestFile    ... finished proof: open goal(s) 
2170990    INFO  Test worker     d.u.i.k.p.r.RunAllProofsTestUnit Returning from test simpleTests 
2170991    INFO  Test worker     d.u.i.k.p.r.RunAllProofsTestUnit Running test SmansEtAl 
452        INFO  Timeout watchdog d.u.i.k.p.r.p.ForkedTestFileRunner Timeout watcher launched (2000 secs.) 
465        WARN  main            d.u.i.k.s.ProofSettings   The settings in /home/runner/.key/proof-settings.props are *not* read. 
527        INFO  main            d.u.i.k.p.r.p.TestFile    Now processing file /home/runner/work/key/key/key.core/../key.ui/examples/heap/SmansEtAl/ArrayList_add.key 
721        INFO  main            d.u.i.k.p.i.AbstractProblemLoader Loading environment from /home/runner/work/key/key/key.core/../key.ui/examples/heap/SmansEtAl/ArrayList_add.key 
741        DEBUG main            d.u.i.k.p.i.AbstractProblemLoader Environment load took 2.12ms 
992        INFO  main            d.u.i.k.p.i.AbstractProblemLoader Creating init config 
2162       DEBUG main            d.u.i.k.j.TypeConverter   No LDT found for Meta 
2163       DEBUG main            d.u.i.k.j.TypeConverter   No LDT found for Meta 
2167       DEBUG main            d.u.i.k.j.TypeConverter   No LDT found for Meta 
2167       DEBUG main            d.u.i.k.j.TypeConverter   No LDT found for Meta 
4290       DEBUG main            d.u.i.k.j.TypeConverter   No LDT found for JavaBigintExpression 
10996      DEBUG main            d.u.i.k.p.i.AbstractProblemLoader Init config took 10s 
11242      INFO  main            d.u.i.k.p.i.AbstractProblemLoader Replaying proof ArrayList[ArrayList::add(java.lang.Object)].JML normal_behavior operation contract.0 
11292      DEBUG main            d.u.i.k.p.i.IntermediateProofReplayer Proof replay took 42.5ns 
19779      INFO  main            d.u.i.k.p.r.p.TestFile    ... finished proof: closed. 
20025      INFO  main            d.u.i.k.p.i.AbstractProblemLoader Loading environment from /home/runner/work/key/key/key.core/../key.ui/examples/heap/SmansEtAl/ArrayList_add.key.proof 
20027      DEBUG main            d.u.i.k.p.i.AbstractProblemLoader Environment load took 1.21ms 
20032      INFO  main            d.u.i.k.p.i.AbstractProblemLoader Creating init config 
23576      DEBUG main            d.u.i.k.p.i.AbstractProblemLoader Init config took 3.54s 
23678      INFO  main            d.u.i.k.p.i.AbstractProblemLoader Replaying proof ArrayList[ArrayList::add(java.lang.Object)].JML normal_behavior operation contract.0 
25095      DEBUG main            d.u.i.k.p.i.IntermediateProofReplayer Proof replay took 1.37s 
25105      DEBUG main            d.u.i.k.p.r.p.TestFile    ... success: reloaded. 
25107      INFO  main            d.u.i.k.p.r.p.TestFile    Now processing file /home/runner/work/key/key/key.core/../key.ui/examples/heap/SmansEtAl/ArrayList_ArrayList.key 
25108      INFO  main            d.u.i.k.p.i.AbstractProblemLoader Loading environment from /home/runner/work/key/key/key.core/../key.ui/examples/heap/SmansEtAl/ArrayList_ArrayList.key 
25108      DEBUG main            d.u.i.k.p.i.AbstractProblemLoader Environment load took 256.21ns 
25110      INFO  main            d.u.i.k.p.i.AbstractProblemLoader Creating init config 
28544      DEBUG main            d.u.i.k.p.i.AbstractProblemLoader Init config took 3.43s 
28604      INFO  main            d.u.i.k.p.i.AbstractProblemLoader Replaying proof ArrayList[ArrayList::ArrayList()].JML normal_behavior operation contract.0 
28607      DEBUG main            d.u.i.k.p.i.IntermediateProofReplayer Proof replay took 17.8ns 
29714      INFO  main            d.u.i.k.p.r.p.TestFile    ... finished proof: closed. 
29933      INFO  main            d.u.i.k.p.i.AbstractProblemLoader Loading environment from /home/runner/work/key/key/key.core/../key.ui/examples/heap/SmansEtAl/ArrayList_ArrayList.key.proof 
29933      DEBUG main            d.u.i.k.p.i.AbstractProblemLoader Environment load took 498.72ns 
29935      INFO  main            d.u.i.k.p.i.AbstractProblemLoader Creating init config 
33293      DEBUG main            d.u.i.k.p.i.AbstractProblemLoader Init config took 3.36s 
33368      INFO  main            d.u.i.k.p.i.AbstractProblemLoader Replaying proof ArrayList[ArrayList::ArrayList()].JML normal_behavior operation contract.0 
33603      DEBUG main            d.u.i.k.p.i.IntermediateProofReplayer Proof replay took 218.73ms 
33605      DEBUG main            d.u.i.k.p.r.p.TestFile    ... success: reloaded. 
33608      INFO  main            d.u.i.k.p.r.p.TestFile    Now processing file /home/runner/work/key/key/key.core/../key.ui/examples/heap/SmansEtAl/ArrayList_footprint.key 
33608      INFO  main            d.u.i.k.p.i.AbstractProblemLoader Loading environment from /home/runner/work/key/key/key.core/../key.ui/examples/heap/SmansEtAl/ArrayList_footprint.key 
33609      DEBUG main            d.u.i.k.p.i.AbstractProblemLoader Environment load took 292.31ns 
33610      INFO  main            d.u.i.k.p.i.AbstractProblemLoader Creating init config 
36855      DEBUG main            d.u.i.k.p.i.AbstractProblemLoader Init config took 3.24s 
36907      INFO  main            d.u.i.k.p.i.AbstractProblemLoader Replaying proof ArrayList[ArrayList::$footprint()].JML accessible clause.0 
36909      DEBUG main            d.u.i.k.p.i.IntermediateProofReplayer Proof replay took 6.4ns 
37012      INFO  main            d.u.i.k.p.r.p.TestFile    ... finished proof: closed. 
37205      INFO  main            d.u.i.k.p.i.AbstractProblemLoader Loading environment from /home/runner/work/key/key/key.core/../key.ui/examples/heap/SmansEtAl/ArrayList_footprint.key.proof 
37205      DEBUG main            d.u.i.k.p.i.AbstractProblemLoader Environment load took 142.2ns 
37206      INFO  main            d.u.i.k.p.i.AbstractProblemLoader Creating init config 
40363      DEBUG main            d.u.i.k.p.i.AbstractProblemLoader Init config took 3.16s 
40416      INFO  main            d.u.i.k.p.i.AbstractProblemLoader Replaying proof ArrayList[ArrayList::$footprint()].JML accessible clause.0 
40431      DEBUG main            d.u.i.k.p.i.IntermediateProofReplayer Proof replay took 12.3ms 
40432      DEBUG main            d.u.i.k.p.r.p.TestFile    ... success: reloaded. 
40433      INFO  main            d.u.i.k.p.r.p.TestFile    Now processing file /home/runner/work/key/key/key.core/../key.ui/examples/heap/SmansEtAl/ArrayList_get_dep.key 
40434      INFO  main            d.u.i.k.p.i.AbstractProblemLoader Loading environment from /home/runner/work/key/key/key.core/../key.ui/examples/heap/SmansEtAl/ArrayList_get_dep.key 
40434      DEBUG main            d.u.i.k.p.i.AbstractProblemLoader Environment load took 300.71ns 
40435      INFO  main            d.u.i.k.p.i.AbstractProblemLoader Creating init config 
43686      DEBUG main            d.u.i.k.p.i.AbstractProblemLoader Init config took 3.25s 
43734      INFO  main            d.u.i.k.p.i.AbstractProblemLoader Replaying proof ArrayList[ArrayList::get(int)].JML accessible clause.0 
43736      DEBUG main            d.u.i.k.p.i.IntermediateProofReplayer Proof replay took 7.1ns 
44039      INFO  main            d.u.i.k.p.r.p.TestFile    ... finished proof: closed. 
44247      INFO  main            d.u.i.k.p.i.AbstractProblemLoader Loading environment from /home/runner/work/key/key/key.core/../key.ui/examples/heap/SmansEtAl/ArrayList_get_dep.key.proof 
44248      DEBUG main            d.u.i.k.p.i.AbstractProblemLoader Environment load took 1.24ms 
44250      INFO  main            d.u.i.k.p.i.AbstractProblemLoader Creating init config 
47388      DEBUG main            d.u.i.k.p.i.AbstractProblemLoader Init config took 3.14s 
47435      INFO  main            d.u.i.k.p.i.AbstractProblemLoader Replaying proof ArrayList[ArrayList::get(int)].JML accessible clause.0 
47508      DEBUG main            d.u.i.k.p.i.IntermediateProofReplayer Proof replay took 69.4ms 
47509      DEBUG main            d.u.i.k.p.r.p.TestFile    ... success: reloaded. 
47510      INFO  main            d.u.i.k.p.r.p.TestFile    Now processing file /home/runner/work/key/key/key.core/../key.ui/examples/heap/SmansEtAl/ArrayList_get.key 
47510      INFO  main            d.u.i.k.p.i.AbstractProblemLoader Loading environment from /home/runner/work/key/key/key.core/../key.ui/examples/heap/SmansEtAl/ArrayList_get.key 
47510      DEBUG main            d.u.i.k.p.i.AbstractProblemLoader Environment load took 78.7ns 
47511      INFO  main            d.u.i.k.p.i.AbstractProblemLoader Creating init config 
50700      DEBUG main            d.u.i.k.p.i.AbstractProblemLoader Init config took 3.19s 
50749      INFO  main            d.u.i.k.p.i.AbstractProblemLoader Replaying proof ArrayList[ArrayList::get(int)].JML normal_behavior operation contract.0 
50751      DEBUG main            d.u.i.k.p.i.IntermediateProofReplayer Proof replay took 6.4ns 
50954      INFO  main            d.u.i.k.p.r.p.TestFile    ... finished proof: closed. 
51178      INFO  main            d.u.i.k.p.i.AbstractProblemLoader Loading environment from /home/runner/work/key/key/key.core/../key.ui/examples/heap/SmansEtAl/ArrayList_get.key.proof 
51179      DEBUG main            d.u.i.k.p.i.AbstractProblemLoader Environment load took 149.21ns 
51180      INFO  main            d.u.i.k.p.i.AbstractProblemLoader Creating init config 
54206      DEBUG main            d.u.i.k.p.i.AbstractProblemLoader Init config took 3.03s 
54254      INFO  main            d.u.i.k.p.i.AbstractProblemLoader Replaying proof ArrayList[ArrayList::get(int)].JML normal_behavior operation contract.0 
54293      DEBUG main            d.u.i.k.p.i.IntermediateProofReplayer Proof replay took 37.02ms 
54295      DEBUG main            d.u.i.k.p.r.p.TestFile    ... success: reloaded. 
54296      INFO  main            d.u.i.k.p.r.p.TestFile    Now processing file /home/runner/work/key/key/key.core/../key.ui/examples/heap/SmansEtAl/ArrayList_inv.key 
54296      INFO  main            d.u.i.k.p.i.AbstractProblemLoader Loading environment from /home/runner/work/key/key/key.core/../key.ui/examples/heap/SmansEtAl/ArrayList_inv.key 
54297      DEBUG main            d.u.i.k.p.i.AbstractProblemLoader Environment load took 266.71ns 
54298      INFO  main            d.u.i.k.p.i.AbstractProblemLoader Creating init config 
57545      DEBUG main            d.u.i.k.p.i.AbstractProblemLoader Init config took 3.25s 
57598      INFO  main            d.u.i.k.p.i.AbstractProblemLoader Replaying proof ArrayList[java.lang.Object::<inv>()].JML accessible clause.0 
57600      DEBUG main            d.u.i.k.p.i.IntermediateProofReplayer Proof replay took 6.7ns 
57702      INFO  main            d.u.i.k.p.r.p.TestFile    ... finished proof: closed. 
57894      INFO  main            d.u.i.k.p.i.AbstractProblemLoader Loading environment from /home/runner/work/key/key/key.core/../key.ui/examples/heap/SmansEtAl/ArrayList_inv.key.proof 
57894      DEBUG main            d.u.i.k.p.i.AbstractProblemLoader Environment load took 128.4ns 
57895      INFO  main            d.u.i.k.p.i.AbstractProblemLoader Creating init config 
61035      DEBUG main            d.u.i.k.p.i.AbstractProblemLoader Init config took 3.14s 
61097      INFO  main            d.u.i.k.p.i.AbstractProblemLoader Replaying proof ArrayList[java.lang.Object::<inv>()].JML accessible clause.0 
61112      DEBUG main            d.u.i.k.p.i.IntermediateProofReplayer Proof replay took 12.81ms 
61113      DEBUG main            d.u.i.k.p.r.p.TestFile    ... success: reloaded. 
61115      INFO  main            d.u.i.k.p.r.p.TestFile    Now processing file /home/runner/work/key/key/key.core/../key.ui/examples/heap/SmansEtAl/ArrayList_size_dep.key 
61115      INFO  main            d.u.i.k.p.i.AbstractProblemLoader Loading environment from /home/runner/work/key/key/key.core/../key.ui/examples/heap/SmansEtAl/ArrayList_size_dep.key 
61115      DEBUG main            d.u.i.k.p.i.AbstractProblemLoader Environment load took 128.4ns 
61116      INFO  main            d.u.i.k.p.i.AbstractProblemLoader Creating init config 
64234      DEBUG main            d.u.i.k.p.i.AbstractProblemLoader Init config took 3.12s 
64282      INFO  main            d.u.i.k.p.i.AbstractProblemLoader Replaying proof ArrayList[ArrayList::size()].JML accessible clause.0 
64285      DEBUG main            d.u.i.k.p.i.IntermediateProofReplayer Proof replay took 7.9ns 
64390      INFO  main            d.u.i.k.p.r.p.TestFile    ... finished proof: closed. 
64641      INFO  main            d.u.i.k.p.i.AbstractProblemLoader Loading environment from /home/runner/work/key/key/key.core/../key.ui/examples/heap/SmansEtAl/ArrayList_size_dep.key.proof 
64641      DEBUG main            d.u.i.k.p.i.AbstractProblemLoader Environment load took 138.3ns 
64643      INFO  main            d.u.i.k.p.i.AbstractProblemLoader Creating init config 
67665      DEBUG main            d.u.i.k.p.i.AbstractProblemLoader Init config took 3.02s 
67709      INFO  main            d.u.i.k.p.i.AbstractProblemLoader Replaying proof ArrayList[ArrayList::size()].JML accessible clause.0 
67731      DEBUG main            d.u.i.k.p.i.IntermediateProofReplayer Proof replay took 19.36ms 
67732      DEBUG main            d.u.i.k.p.r.p.TestFile    ... success: reloaded. 
67733      INFO  main            d.u.i.k.p.r.p.TestFile    Now processing file /home/runner/work/key/key/key.core/../key.ui/examples/heap/SmansEtAl/ArrayList_size.key 
67733      INFO  main            d.u.i.k.p.i.AbstractProblemLoader Loading environment from /home/runner/work/key/key/key.core/../key.ui/examples/heap/SmansEtAl/ArrayList_size.key 
67734      DEBUG main            d.u.i.k.p.i.AbstractProblemLoader Environment load took 122.2ns 
67735      INFO  main            d.u.i.k.p.i.AbstractProblemLoader Creating init config 
70833      DEBUG main            d.u.i.k.p.i.AbstractProblemLoader Init config took 3.1s 
70878      INFO  main            d.u.i.k.p.i.AbstractProblemLoader Replaying proof ArrayList[ArrayList::size()].JML normal_behavior operation contract.0 
70880      DEBUG main            d.u.i.k.p.i.IntermediateProofReplayer Proof replay took 6.9ns 
70990      INFO  main            d.u.i.k.p.r.p.TestFile    ... finished proof: closed. 
71220      INFO  main            d.u.i.k.p.i.AbstractProblemLoader Loading environment from /home/runner/work/key/key/key.core/../key.ui/examples/heap/SmansEtAl/ArrayList_size.key.proof 
71220      DEBUG main            d.u.i.k.p.i.AbstractProblemLoader Environment load took 132.5ns 
71222      INFO  main            d.u.i.k.p.i.AbstractProblemLoader Creating init config 
74291      DEBUG main            d.u.i.k.p.i.AbstractProblemLoader Init config took 3.07s 
74334      INFO  main            d.u.i.k.p.i.AbstractProblemLoader Replaying proof ArrayList[ArrayList::size()].JML normal_behavior operation contract.0 
74353      DEBUG main            d.u.i.k.p.i.IntermediateProofReplayer Proof replay took 17.17ms 
74355      DEBUG main            d.u.i.k.p.r.p.TestFile    ... success: reloaded. 
74356      INFO  main            d.u.i.k.p.r.p.TestFile    Now processing file /home/runner/work/key/key/key.core/../key.ui/examples/heap/SmansEtAl/Cell_Cell.key 
74356      INFO  main            d.u.i.k.p.i.AbstractProblemLoader Loading environment from /home/runner/work/key/key/key.core/../key.ui/examples/heap/SmansEtAl/Cell_Cell.key 
74356      DEBUG main            d.u.i.k.p.i.AbstractProblemLoader Environment load took 115.3ns 
74358      INFO  main            d.u.i.k.p.i.AbstractProblemLoader Creating init config 
77314      DEBUG main            d.u.i.k.p.i.AbstractProblemLoader Init config took 2.96s 
77353      INFO  main            d.u.i.k.p.i.AbstractProblemLoader Replaying proof Cell[Cell::Cell()].JML normal_behavior operation contract.0 
77355      DEBUG main            d.u.i.k.p.i.IntermediateProofReplayer Proof replay took 7.1ns 
77557      INFO  main            d.u.i.k.p.r.p.TestFile    ... finished proof: closed. 
77835      INFO  main            d.u.i.k.p.i.AbstractProblemLoader Loading environment from /home/runner/work/key/key/key.core/../key.ui/examples/heap/SmansEtAl/Cell_Cell.key.proof 
77835      DEBUG main            d.u.i.k.p.i.AbstractProblemLoader Environment load took 513.82ns 
77836      INFO  main            d.u.i.k.p.i.AbstractProblemLoader Creating init config 
80901      DEBUG main            d.u.i.k.p.i.AbstractProblemLoader Init config took 3.07s 
80941      INFO  main            d.u.i.k.p.i.AbstractProblemLoader Replaying proof Cell[Cell::Cell()].JML normal_behavior operation contract.0 
80994      DEBUG main            d.u.i.k.p.i.IntermediateProofReplayer Proof replay took 49.49ms 
80996      DEBUG main            d.u.i.k.p.r.p.TestFile    ... success: reloaded. 
80998      INFO  main            d.u.i.k.p.r.p.TestFile    Now processing file /home/runner/work/key/key/key.core/../key.ui/examples/heap/SmansEtAl/Cell_footprint.key 
80999      INFO  main            d.u.i.k.p.i.AbstractProblemLoader Loading environment from /home/runner/work/key/key/key.core/../key.ui/examples/heap/SmansEtAl/Cell_footprint.key 
80999      DEBUG main            d.u.i.k.p.i.AbstractProblemLoader Environment load took 300.91ns 
81000      INFO  main            d.u.i.k.p.i.AbstractProblemLoader Creating init config 
83985      DEBUG main            d.u.i.k.p.i.AbstractProblemLoader Init config took 2.99s 
84029      INFO  main            d.u.i.k.p.i.AbstractProblemLoader Replaying proof Cell[Cell::$footprint()].JML accessible clause.0 
84031      DEBUG main            d.u.i.k.p.i.IntermediateProofReplayer Proof replay took 7.4ns 
84134      INFO  main            d.u.i.k.p.r.p.TestFile    ... finished proof: closed. 
84366      INFO  main            d.u.i.k.p.i.AbstractProblemLoader Loading environment from /home/runner/work/key/key/key.core/../key.ui/examples/heap/SmansEtAl/Cell_footprint.key.proof 
84367      DEBUG main            d.u.i.k.p.i.AbstractProblemLoader Environment load took 131.8ns 
84368      INFO  main            d.u.i.k.p.i.AbstractProblemLoader Creating init config 
87417      DEBUG main            d.u.i.k.p.i.AbstractProblemLoader Init config took 3.05s 
87459      INFO  main            d.u.i.k.p.i.AbstractProblemLoader Replaying proof Cell[Cell::$footprint()].JML accessible clause.0 
87468      DEBUG main            d.u.i.k.p.i.IntermediateProofReplayer Proof replay took 6.02ms 
87470      DEBUG main            d.u.i.k.p.r.p.TestFile    ... success: reloaded. 
87473      INFO  main            d.u.i.k.p.r.p.TestFile    Now processing file /home/runner/work/key/key/key.core/../key.ui/examples/heap/SmansEtAl/Cell_getX_dep.key 
87473      INFO  main            d.u.i.k.p.i.AbstractProblemLoader Loading environment from /home/runner/work/key/key/key.core/../key.ui/examples/heap/SmansEtAl/Cell_getX_dep.key 
87473      DEBUG main            d.u.i.k.p.i.AbstractProblemLoader Environment load took 253.31ns 
87475      INFO  main            d.u.i.k.p.i.AbstractProblemLoader Creating init config 
90487      DEBUG main            d.u.i.k.p.i.AbstractProblemLoader Init config took 3.01s 
90527      INFO  main            d.u.i.k.p.i.AbstractProblemLoader Replaying proof Cell[Cell::getX()].JML accessible clause.0 
90528      DEBUG main            d.u.i.k.p.i.IntermediateProofReplayer Proof replay took 6.7ns 
90630      INFO  main            d.u.i.k.p.r.p.TestFile    ... finished proof: closed. 
90891      INFO  main            d.u.i.k.p.i.AbstractProblemLoader Loading environment from /home/runner/work/key/key/key.core/../key.ui/examples/heap/SmansEtAl/Cell_getX_dep.key.proof 
90891      DEBUG main            d.u.i.k.p.i.AbstractProblemLoader Environment load took 144.6ns 
90892      INFO  main            d.u.i.k.p.i.AbstractProblemLoader Creating init config 
94013      DEBUG main            d.u.i.k.p.i.AbstractProblemLoader Init config took 3.12s 
94057      INFO  main            d.u.i.k.p.i.AbstractProblemLoader Replaying proof Cell[Cell::getX()].JML accessible clause.0 
94076      DEBUG main            d.u.i.k.p.i.IntermediateProofReplayer Proof replay took 17.28ms 
94077      DEBUG main            d.u.i.k.p.r.p.TestFile    ... success: reloaded. 
94078      INFO  main            d.u.i.k.p.r.p.TestFile    Now processing file /home/runner/work/key/key/key.core/../key.ui/examples/heap/SmansEtAl/Cell_getX.key 
94079      INFO  main            d.u.i.k.p.i.AbstractProblemLoader Loading environment from /home/runner/work/key/key/key.core/../key.ui/examples/heap/SmansEtAl/Cell_getX.key 
94079      DEBUG main            d.u.i.k.p.i.AbstractProblemLoader Environment load took 137.6ns 
94080      INFO  main            d.u.i.k.p.i.AbstractProblemLoader Creating init config 
97094      DEBUG main            d.u.i.k.p.i.AbstractProblemLoader Init config took 3.01s 
97132      INFO  main            d.u.i.k.p.i.AbstractProblemLoader Replaying proof Cell[Cell::getX()].JML normal_behavior operation contract.0 
97134      DEBUG main            d.u.i.k.p.i.IntermediateProofReplayer Proof replay took 7.3ns 
97236      INFO  main            d.u.i.k.p.r.p.TestFile    ... finished proof: closed. 
97470      INFO  main            d.u.i.k.p.i.AbstractProblemLoader Loading environment from /home/runner/work/key/key/key.core/../key.ui/examples/heap/SmansEtAl/Cell_getX.key.proof 
97470      DEBUG main            d.u.i.k.p.i.AbstractProblemLoader Environment load took 124ns 
97471      INFO  main            d.u.i.k.p.i.AbstractProblemLoader Creating init config 
100511     DEBUG main            d.u.i.k.p.i.AbstractProblemLoader Init config took 3.04s 
100552     INFO  main            d.u.i.k.p.i.AbstractProblemLoader Replaying proof Cell[Cell::getX()].JML normal_behavior operation contract.0 
100569     DEBUG main            d.u.i.k.p.i.IntermediateProofReplayer Proof replay took 14.74ms 
100570     DEBUG main            d.u.i.k.p.r.p.TestFile    ... success: reloaded. 
100572     INFO  main            d.u.i.k.p.r.p.TestFile    Now processing file /home/runner/work/key/key/key.core/../key.ui/examples/heap/SmansEtAl/Cell_inv.key 
100572     INFO  main            d.u.i.k.p.i.AbstractProblemLoader Loading environment from /home/runner/work/key/key/key.core/../key.ui/examples/heap/SmansEtAl/Cell_inv.key 
100572     DEBUG main            d.u.i.k.p.i.AbstractProblemLoader Environment load took 233.71ns 
100573     INFO  main            d.u.i.k.p.i.AbstractProblemLoader Creating init config 
103595     DEBUG main            d.u.i.k.p.i.AbstractProblemLoader Init config took 3.02s 
103631     INFO  main            d.u.i.k.p.i.AbstractProblemLoader Replaying proof Cell[java.lang.Object::<inv>()].JML accessible clause.0 
103633     DEBUG main            d.u.i.k.p.i.IntermediateProofReplayer Proof replay took 6.7ns 
103738     INFO  main            d.u.i.k.p.r.p.TestFile    ... finished proof: closed. 
103970     INFO  main            d.u.i.k.p.i.AbstractProblemLoader Loading environment from /home/runner/work/key/key/key.core/../key.ui/examples/heap/SmansEtAl/Cell_inv.key.proof 
103971     DEBUG main            d.u.i.k.p.i.AbstractProblemLoader Environment load took 121.12ns 
103972     INFO  main            d.u.i.k.p.i.AbstractProblemLoader Creating init config 
106969     DEBUG main            d.u.i.k.p.i.AbstractProblemLoader Init config took 3s 
107009     INFO  main            d.u.i.k.p.i.AbstractProblemLoader Replaying proof Cell[java.lang.Object::<inv>()].JML accessible clause.0 
107013     DEBUG main            d.u.i.k.p.i.IntermediateProofReplayer Proof replay took 1.82ms 
107013     DEBUG main            d.u.i.k.p.r.p.TestFile    ... success: reloaded. 
107015     INFO  main            d.u.i.k.p.r.p.TestFile    Now processing file /home/runner/work/key/key/key.core/../key.ui/examples/heap/SmansEtAl/Cell_setX.key 
107015     INFO  main            d.u.i.k.p.i.AbstractProblemLoader Loading environment from /home/runner/work/key/key/key.core/../key.ui/examples/heap/SmansEtAl/Cell_setX.key 
107015     DEBUG main            d.u.i.k.p.i.AbstractProblemLoader Environment load took 244.21ns 
107017     INFO  main            d.u.i.k.p.i.AbstractProblemLoader Creating init config 
110033     DEBUG main            d.u.i.k.p.i.AbstractProblemLoader Init config took 3.02s 
110072     INFO  main            d.u.i.k.p.i.AbstractProblemLoader Replaying proof Cell[Cell::setX(int)].JML normal_behavior operation contract.0 
110073     DEBUG main            d.u.i.k.p.i.IntermediateProofReplayer Proof replay took 7ns 
110178     INFO  main            d.u.i.k.p.r.p.TestFile    ... finished proof: closed. 
110425     INFO  main            d.u.i.k.p.i.AbstractProblemLoader Loading environment from /home/runner/work/key/key/key.core/../key.ui/examples/heap/SmansEtAl/Cell_setX.key.proof 
110425     DEBUG main            d.u.i.k.p.i.AbstractProblemLoader Environment load took 128ns 
110426     INFO  main            d.u.i.k.p.i.AbstractProblemLoader Creating init config 
113435     DEBUG main            d.u.i.k.p.i.AbstractProblemLoader Init config took 3.01s 
113470     INFO  main            d.u.i.k.p.i.AbstractProblemLoader Replaying proof Cell[Cell::setX(int)].JML normal_behavior operation contract.0 
113511     DEBUG main            d.u.i.k.p.i.IntermediateProofReplayer Proof replay took 39.18ms 
113512     DEBUG main            d.u.i.k.p.r.p.TestFile    ... success: reloaded. 
113514     INFO  main            d.u.i.k.p.r.p.TestFile    Now processing file /home/runner/work/key/key/key.core/../key.ui/examples/heap/SmansEtAl/CellClient_m.key 
113514     INFO  main            d.u.i.k.p.i.AbstractProblemLoader Loading environment from /home/runner/work/key/key/key.core/../key.ui/examples/heap/SmansEtAl/CellClient_m.key 
113514     DEBUG main            d.u.i.k.p.i.AbstractProblemLoader Environment load took 77.6ns 
113515     INFO  main            d.u.i.k.p.i.AbstractProblemLoader Creating init config 
116601     DEBUG main            d.u.i.k.p.i.AbstractProblemLoader Init config took 3.09s 
116639     INFO  main            d.u.i.k.p.i.AbstractProblemLoader Replaying proof CellClient[CellClient::m()].JML operation contract.0 
116641     DEBUG main            d.u.i.k.p.i.IntermediateProofReplayer Proof replay took 8.3ns 
117144     INFO  main            d.u.i.k.p.r.p.TestFile    ... finished proof: closed. 
117473     INFO  main            d.u.i.k.p.i.AbstractProblemLoader Loading environment from /home/runner/work/key/key/key.core/../key.ui/examples/heap/SmansEtAl/CellClient_m.key.proof 
117473     DEBUG main            d.u.i.k.p.i.AbstractProblemLoader Environment load took 124.1ns 
117474     INFO  main            d.u.i.k.p.i.AbstractProblemLoader Creating init config 
120607     DEBUG main            d.u.i.k.p.i.AbstractProblemLoader Init config took 3.13s 
120644     INFO  main            d.u.i.k.p.i.AbstractProblemLoader Replaying proof CellClient[CellClient::m()].JML operation contract.0 
120764     DEBUG main            d.u.i.k.p.i.IntermediateProofReplayer Proof replay took 116.69ms 
120766     DEBUG main            d.u.i.k.p.r.p.TestFile    ... success: reloaded. 
120767     INFO  main            d.u.i.k.p.r.p.TestFile    Now processing file /home/runner/work/key/key/key.core/../key.ui/examples/heap/SmansEtAl/Iterator_footprint.key 
120767     INFO  main            d.u.i.k.p.i.AbstractProblemLoader Loading environment from /home/runner/work/key/key/key.core/../key.ui/examples/heap/SmansEtAl/Iterator_footprint.key 
120767     DEBUG main            d.u.i.k.p.i.AbstractProblemLoader Environment load took 121.41ns 
120768     INFO  main            d.u.i.k.p.i.AbstractProblemLoader Creating init config 
123827     DEBUG main            d.u.i.k.p.i.AbstractProblemLoader Init config took 3.06s 
123892     INFO  main            d.u.i.k.p.i.AbstractProblemLoader Replaying proof Iterator[Iterator::$footprint()].JML accessible clause.0 
123894     DEBUG main            d.u.i.k.p.i.IntermediateProofReplayer Proof replay took 7.6ns 
123998     INFO  main            d.u.i.k.p.r.p.TestFile    ... finished proof: closed. 
124263     INFO  main            d.u.i.k.p.i.AbstractProblemLoader Loading environment from /home/runner/work/key/key/key.core/../key.ui/examples/heap/SmansEtAl/Iterator_footprint.key.proof 
124264     DEBUG main            d.u.i.k.p.i.AbstractProblemLoader Environment load took 128.81ns 
124265     INFO  main            d.u.i.k.p.i.AbstractProblemLoader Creating init config 
127162     DEBUG main            d.u.i.k.p.i.AbstractProblemLoader Init config took 2.9s 
127200     INFO  main            d.u.i.k.p.i.AbstractProblemLoader Replaying proof Iterator[Iterator::$footprint()].JML accessible clause.0 
127210     DEBUG main            d.u.i.k.p.i.IntermediateProofReplayer Proof replay took 7.35ms 
127211     DEBUG main            d.u.i.k.p.r.p.TestFile    ... success: reloaded. 
127212     INFO  main            d.u.i.k.p.r.p.TestFile    Now processing file /home/runner/work/key/key/key.core/../key.ui/examples/heap/SmansEtAl/Iterator_hasNext_dep.key 
127212     INFO  main            d.u.i.k.p.i.AbstractProblemLoader Loading environment from /home/runner/work/key/key/key.core/../key.ui/examples/heap/SmansEtAl/Iterator_hasNext_dep.key 
127212     DEBUG main            d.u.i.k.p.i.AbstractProblemLoader Environment load took 111.1ns 
127213     INFO  main            d.u.i.k.p.i.AbstractProblemLoader Creating init config 
130157     DEBUG main            d.u.i.k.p.i.AbstractProblemLoader Init config took 2.94s 
130195     INFO  main            d.u.i.k.p.i.AbstractProblemLoader Replaying proof Iterator[Iterator::hasNext()].JML accessible clause.0 
130197     DEBUG main            d.u.i.k.p.i.IntermediateProofReplayer Proof replay took 7.7ns 
130804     INFO  main            d.u.i.k.p.r.p.TestFile    ... finished proof: closed. 
131126     INFO  main            d.u.i.k.p.i.AbstractProblemLoader Loading environment from /home/runner/work/key/key/key.core/../key.ui/examples/heap/SmansEtAl/Iterator_hasNext_dep.key.proof 
131129     DEBUG main            d.u.i.k.p.i.AbstractProblemLoader Environment load took 3.12ms 
131131     INFO  main            d.u.i.k.p.i.AbstractProblemLoader Creating init config 
133977     DEBUG main            d.u.i.k.p.i.AbstractProblemLoader Init config took 2.85s 
134030     INFO  main            d.u.i.k.p.i.AbstractProblemLoader Replaying proof Iterator[Iterator::hasNext()].JML accessible clause.0 
134149     DEBUG main            d.u.i.k.p.i.IntermediateProofReplayer Proof replay took 113.01ms 
134151     DEBUG main            d.u.i.k.p.r.p.TestFile    ... success: reloaded. 
134152     INFO  main            d.u.i.k.p.r.p.TestFile    Now processing file /home/runner/work/key/key/key.core/../key.ui/examples/heap/SmansEtAl/Iterator_hasNext.key 
134152     INFO  main            d.u.i.k.p.i.AbstractProblemLoader Loading environment from /home/runner/work/key/key/key.core/../key.ui/examples/heap/SmansEtAl/Iterator_hasNext.key 
134152     DEBUG main            d.u.i.k.p.i.AbstractProblemLoader Environment load took 214.41ns 
134154     INFO  main            d.u.i.k.p.i.AbstractProblemLoader Creating init config 
137051     DEBUG main            d.u.i.k.p.i.AbstractProblemLoader Init config took 2.9s 
137095     INFO  main            d.u.i.k.p.i.AbstractProblemLoader Replaying proof Iterator[Iterator::hasNext()].JML normal_behavior operation contract.0 
137097     DEBUG main            d.u.i.k.p.i.IntermediateProofReplayer Proof replay took 6.9ns 
137604     INFO  main            d.u.i.k.p.r.p.TestFile    ... finished proof: closed. 
137908     INFO  main            d.u.i.k.p.i.AbstractProblemLoader Loading environment from /home/runner/work/key/key/key.core/../key.ui/examples/heap/SmansEtAl/Iterator_hasNext.key.proof 
137908     DEBUG main            d.u.i.k.p.i.AbstractProblemLoader Environment load took 523.52ns 
137909     INFO  main            d.u.i.k.p.i.AbstractProblemLoader Creating init config 
140770     DEBUG main            d.u.i.k.p.i.AbstractProblemLoader Init config took 2.86s 
140807     INFO  main            d.u.i.k.p.i.AbstractProblemLoader Replaying proof Iterator[Iterator::hasNext()].JML normal_behavior operation contract.0 
140921     DEBUG main            d.u.i.k.p.i.IntermediateProofReplayer Proof replay took 108.24ms 
140923     DEBUG main            d.u.i.k.p.r.p.TestFile    ... success: reloaded. 
140924     INFO  main            d.u.i.k.p.r.p.TestFile    Now processing file /home/runner/work/key/key/key.core/../key.ui/examples/heap/SmansEtAl/Iterator_inv.key 
140925     INFO  main            d.u.i.k.p.i.AbstractProblemLoader Loading environment from /home/runner/work/key/key/key.core/../key.ui/examples/heap/SmansEtAl/Iterator_inv.key 
140925     DEBUG main            d.u.i.k.p.i.AbstractProblemLoader Environment load took 121.8ns 
140926     INFO  main            d.u.i.k.p.i.AbstractProblemLoader Creating init config 
143841     DEBUG main            d.u.i.k.p.i.AbstractProblemLoader Init config took 2.92s 
143884     INFO  main            d.u.i.k.p.i.AbstractProblemLoader Replaying proof Iterator[java.lang.Object::<inv>()].JML accessible clause.0 
143886     DEBUG main            d.u.i.k.p.i.IntermediateProofReplayer Proof replay took 7.8ns 
144088     INFO  main            d.u.i.k.p.r.p.TestFile    ... finished proof: closed. 
144382     INFO  main            d.u.i.k.p.i.AbstractProblemLoader Loading environment from /home/runner/work/key/key/key.core/../key.ui/examples/heap/SmansEtAl/Iterator_inv.key.proof 
144383     DEBUG main            d.u.i.k.p.i.AbstractProblemLoader Environment load took 126.2ns 
144384     INFO  main            d.u.i.k.p.i.AbstractProblemLoader Creating init config 
147263     DEBUG main            d.u.i.k.p.i.AbstractProblemLoader Init config took 2.88s 
147305     INFO  main            d.u.i.k.p.i.AbstractProblemLoader Replaying proof Iterator[java.lang.Object::<inv>()].JML accessible clause.0 
147344     DEBUG main            d.u.i.k.p.i.IntermediateProofReplayer Proof replay took 34.91ms 
147352     DEBUG main            d.u.i.k.p.r.p.TestFile    ... success: reloaded. 
147353     INFO  main            d.u.i.k.p.r.p.TestFile    Now processing file /home/runner/work/key/key/key.core/../key.ui/examples/heap/SmansEtAl/Iterator_Iterator.key 
147355     INFO  main            d.u.i.k.p.i.AbstractProblemLoader Loading environment from /home/runner/work/key/key/key.core/../key.ui/examples/heap/SmansEtAl/Iterator_Iterator.key 
147355     DEBUG main            d.u.i.k.p.i.AbstractProblemLoader Environment load took 237.21ns 
147356     INFO  main            d.u.i.k.p.i.AbstractProblemLoader Creating init config 
150318     DEBUG main            d.u.i.k.p.i.AbstractProblemLoader Init config took 2.96s 
150360     INFO  main            d.u.i.k.p.i.AbstractProblemLoader Replaying proof Iterator[Iterator::Iterator(ArrayList)].JML normal_behavior operation contract.0 
150362     DEBUG main            d.u.i.k.p.i.IntermediateProofReplayer Proof replay took 6.8ns 
151771     INFO  main            d.u.i.k.p.r.p.TestFile    ... finished proof: closed. 
152101     INFO  main            d.u.i.k.p.i.AbstractProblemLoader Loading environment from /home/runner/work/key/key/key.core/../key.ui/examples/heap/SmansEtAl/Iterator_Iterator.key.proof 
152102     DEBUG main            d.u.i.k.p.i.AbstractProblemLoader Environment load took 488.62ns 
152103     INFO  main            d.u.i.k.p.i.AbstractProblemLoader Creating init config 
155004     DEBUG main            d.u.i.k.p.i.AbstractProblemLoader Init config took 2.9s 
155042     INFO  main            d.u.i.k.p.i.AbstractProblemLoader Replaying proof Iterator[Iterator::Iterator(ArrayList)].JML normal_behavior operation contract.0 
155309     DEBUG main            d.u.i.k.p.i.IntermediateProofReplayer Proof replay took 249.26ms 
155311     DEBUG main            d.u.i.k.p.r.p.TestFile    ... success: reloaded. 
155312     INFO  main            d.u.i.k.p.r.p.TestFile    Now processing file /home/runner/work/key/key/key.core/../key.ui/examples/heap/SmansEtAl/Iterator_list_dep.key 
155312     INFO  main            d.u.i.k.p.i.AbstractProblemLoader Loading environment from /home/runner/work/key/key/key.core/../key.ui/examples/heap/SmansEtAl/Iterator_list_dep.key 
155312     DEBUG main            d.u.i.k.p.i.AbstractProblemLoader Environment load took 206.51ns 
155314     INFO  main            d.u.i.k.p.i.AbstractProblemLoader Creating init config 
158287     DEBUG main            d.u.i.k.p.i.AbstractProblemLoader Init config took 2.97s 
158328     INFO  main            d.u.i.k.p.i.AbstractProblemLoader Replaying proof Iterator[Iterator::list()].JML accessible clause.0 
158330     DEBUG main            d.u.i.k.p.i.IntermediateProofReplayer Proof replay took 6.7ns 
158432     INFO  main            d.u.i.k.p.r.p.TestFile    ... finished proof: closed. 
158737     INFO  main            d.u.i.k.p.i.AbstractProblemLoader Loading environment from /home/runner/work/key/key/key.core/../key.ui/examples/heap/SmansEtAl/Iterator_list_dep.key.proof 
158737     DEBUG main            d.u.i.k.p.i.AbstractProblemLoader Environment load took 121.5ns 
158738     INFO  main            d.u.i.k.p.i.AbstractProblemLoader Creating init config 
161657     DEBUG main            d.u.i.k.p.i.AbstractProblemLoader Init config took 2.92s 
161695     INFO  main            d.u.i.k.p.i.AbstractProblemLoader Replaying proof Iterator[Iterator::list()].JML accessible clause.0 
161718     DEBUG main            d.u.i.k.p.i.IntermediateProofReplayer Proof replay took 20.78ms 
161719     DEBUG main            d.u.i.k.p.r.p.TestFile    ... success: reloaded. 
161720     INFO  main            d.u.i.k.p.r.p.TestFile    Now processing file /home/runner/work/key/key/key.core/../key.ui/examples/heap/SmansEtAl/Iterator_list.key 
161720     INFO  main            d.u.i.k.p.i.AbstractProblemLoader Loading environment from /home/runner/work/key/key/key.core/../key.ui/examples/heap/SmansEtAl/Iterator_list.key 
161720     DEBUG main            d.u.i.k.p.i.AbstractProblemLoader Environment load took 114.3ns 
161721     INFO  main            d.u.i.k.p.i.AbstractProblemLoader Creating init config 
164876     DEBUG main            d.u.i.k.p.i.AbstractProblemLoader Init config took 3.15s 
164917     INFO  main            d.u.i.k.p.i.AbstractProblemLoader Replaying proof Iterator[Iterator::list()].JML normal_behavior operation contract.0 
164919     DEBUG main            d.u.i.k.p.i.IntermediateProofReplayer Proof replay took 6.9ns 
165021     INFO  main            d.u.i.k.p.r.p.TestFile    ... finished proof: closed. 
165348     INFO  main            d.u.i.k.p.i.AbstractProblemLoader Loading environment from /home/runner/work/key/key/key.core/../key.ui/examples/heap/SmansEtAl/Iterator_list.key.proof 
165349     DEBUG main            d.u.i.k.p.i.AbstractProblemLoader Environment load took 331.61ns 
165350     INFO  main            d.u.i.k.p.i.AbstractProblemLoader Creating init config 
168341     DEBUG main            d.u.i.k.p.i.AbstractProblemLoader Init config took 2.99s 
168390     INFO  main            d.u.i.k.p.i.AbstractProblemLoader Replaying proof Iterator[Iterator::list()].JML normal_behavior operation contract.0 
168410     DEBUG main            d.u.i.k.p.i.IntermediateProofReplayer Proof replay took 18.54ms 
168411     DEBUG main            d.u.i.k.p.r.p.TestFile    ... success: reloaded. 
168412     INFO  main            d.u.i.k.p.r.p.TestFile    Now processing file /home/runner/work/key/key/key.core/../key.ui/examples/heap/SmansEtAl/Iterator_next.key 
168413     INFO  main            d.u.i.k.p.i.AbstractProblemLoader Loading environment from /home/runner/work/key/key/key.core/../key.ui/examples/heap/SmansEtAl/Iterator_next.key 
168413     DEBUG main            d.u.i.k.p.i.AbstractProblemLoader Environment load took 122.3ns 
168414     INFO  main            d.u.i.k.p.i.AbstractProblemLoader Creating init config 
171596     DEBUG main            d.u.i.k.p.i.AbstractProblemLoader Init config took 3.18s 
171644     INFO  main            d.u.i.k.p.i.AbstractProblemLoader Replaying proof Iterator[Iterator::next()].JML normal_behavior operation contract.0 
171646     DEBUG main            d.u.i.k.p.i.IntermediateProofReplayer Proof replay took 7.6ns 
174757     INFO  main            d.u.i.k.p.r.p.TestFile    ... finished proof: closed. 
175098     INFO  main            d.u.i.k.p.i.AbstractProblemLoader Loading environment from /home/runner/work/key/key/key.core/../key.ui/examples/heap/SmansEtAl/Iterator_next.key.proof 
175099     DEBUG main            d.u.i.k.p.i.AbstractProblemLoader Environment load took 475.82ns 
175101     INFO  main            d.u.i.k.p.i.AbstractProblemLoader Creating init config 
178139     DEBUG main            d.u.i.k.p.i.AbstractProblemLoader Init config took 3.04s 
178182     INFO  main            d.u.i.k.p.i.AbstractProblemLoader Replaying proof Iterator[Iterator::next()].JML normal_behavior operation contract.0 
178578     DEBUG main            d.u.i.k.p.i.IntermediateProofReplayer Proof replay took 378.98ms 
178580     DEBUG main            d.u.i.k.p.r.p.TestFile    ... success: reloaded. 
178581     INFO  main            d.u.i.k.p.r.p.TestFile    Now processing file /home/runner/work/key/key/key.core/../key.ui/examples/heap/SmansEtAl/Stack_footprint.key 
178582     INFO  main            d.u.i.k.p.i.AbstractProblemLoader Loading environment from /home/runner/work/key/key/key.core/../key.ui/examples/heap/SmansEtAl/Stack_footprint.key 
178582     DEBUG main            d.u.i.k.p.i.AbstractProblemLoader Environment load took 211.01ns 
178583     INFO  main            d.u.i.k.p.i.AbstractProblemLoader Creating init config 
181722     DEBUG main            d.u.i.k.p.i.AbstractProblemLoader Init config took 3.14s 
181759     INFO  main            d.u.i.k.p.i.AbstractProblemLoader Replaying proof Stack[Stack::$footprint()].JML accessible clause.0 
181761     DEBUG main            d.u.i.k.p.i.IntermediateProofReplayer Proof replay took 7.3ns 
181963     INFO  main            d.u.i.k.p.r.p.TestFile    ... finished proof: closed. 
182315     INFO  main            d.u.i.k.p.i.AbstractProblemLoader Loading environment from /home/runner/work/key/key/key.core/../key.ui/examples/heap/SmansEtAl/Stack_footprint.key.proof 
182315     DEBUG main            d.u.i.k.p.i.AbstractProblemLoader Environment load took 650.02ns 
182317     INFO  main            d.u.i.k.p.i.AbstractProblemLoader Creating init config 
185340     DEBUG main            d.u.i.k.p.i.AbstractProblemLoader Init config took 3.02s 
185380     INFO  main            d.u.i.k.p.i.AbstractProblemLoader Replaying proof Stack[Stack::$footprint()].JML accessible clause.0 
185420     DEBUG main            d.u.i.k.p.i.IntermediateProofReplayer Proof replay took 36.29ms 
185421     DEBUG main            d.u.i.k.p.r.p.TestFile    ... success: reloaded. 
185424     INFO  main            d.u.i.k.p.r.p.TestFile    Now processing file /home/runner/work/key/key/key.core/../key.ui/examples/heap/SmansEtAl/Stack_inv.key 
185424     INFO  main            d.u.i.k.p.i.AbstractProblemLoader Loading environment from /home/runner/work/key/key/key.core/../key.ui/examples/heap/SmansEtAl/Stack_inv.key 
185424     DEBUG main            d.u.i.k.p.i.AbstractProblemLoader Environment load took 239.51ns 
185425     INFO  main            d.u.i.k.p.i.AbstractProblemLoader Creating init config 
188587     DEBUG main            d.u.i.k.p.i.AbstractProblemLoader Init config took 3.16s 
188621     INFO  main            d.u.i.k.p.i.AbstractProblemLoader Replaying proof Stack[java.lang.Object::<inv>()].JML accessible clause.0 
188623     DEBUG main            d.u.i.k.p.i.IntermediateProofReplayer Proof replay took 7.2ns 
188726     INFO  main            d.u.i.k.p.r.p.TestFile    ... finished proof: closed. 
189061     INFO  main            d.u.i.k.p.i.AbstractProblemLoader Loading environment from /home/runner/work/key/key/key.core/../key.ui/examples/heap/SmansEtAl/Stack_inv.key.proof 
189061     DEBUG main            d.u.i.k.p.i.AbstractProblemLoader Environment load took 122.1ns 
189062     INFO  main            d.u.i.k.p.i.AbstractProblemLoader Creating init config 
192162     DEBUG main            d.u.i.k.p.i.AbstractProblemLoader Init config took 3.1s 
192197     INFO  main            d.u.i.k.p.i.AbstractProblemLoader Replaying proof Stack[java.lang.Object::<inv>()].JML accessible clause.0 
192210     DEBUG main            d.u.i.k.p.i.IntermediateProofReplayer Proof replay took 10.81ms 
192210     DEBUG main            d.u.i.k.p.r.p.TestFile    ... success: reloaded. 
192211     INFO  main            d.u.i.k.p.r.p.TestFile    Now processing file /home/runner/work/key/key/key.core/../key.ui/examples/heap/SmansEtAl/Stack_push.key 
192211     INFO  main            d.u.i.k.p.i.AbstractProblemLoader Loading environment from /home/runner/work/key/key/key.core/../key.ui/examples/heap/SmansEtAl/Stack_push.key 
192212     DEBUG main            d.u.i.k.p.i.AbstractProblemLoader Environment load took 105.4ns 
192212     INFO  main            d.u.i.k.p.i.AbstractProblemLoader Creating init config 
195345     DEBUG main            d.u.i.k.p.i.AbstractProblemLoader Init config took 3.13s 
195384     INFO  main            d.u.i.k.p.i.AbstractProblemLoader Replaying proof Stack[Stack::push(java.lang.Object)].JML normal_behavior operation contract.0 
195385     DEBUG main            d.u.i.k.p.i.IntermediateProofReplayer Proof replay took 7.4ns 
196189     INFO  main            d.u.i.k.p.r.p.TestFile    ... finished proof: closed. 
196529     INFO  main            d.u.i.k.p.i.AbstractProblemLoader Loading environment from /home/runner/work/key/key/key.core/../key.ui/examples/heap/SmansEtAl/Stack_push.key.proof 
196530     DEBUG main            d.u.i.k.p.i.AbstractProblemLoader Environment load took 605.52ns 
196531     INFO  main            d.u.i.k.p.i.AbstractProblemLoader Creating init config 
199448     DEBUG main            d.u.i.k.p.i.AbstractProblemLoader Init config took 2.92s 
199485     INFO  main            d.u.i.k.p.i.AbstractProblemLoader Replaying proof Stack[Stack::push(java.lang.Object)].JML normal_behavior operation contract.0 
199636     DEBUG main            d.u.i.k.p.i.IntermediateProofReplayer Proof replay took 146.66ms 
199640     DEBUG main            d.u.i.k.p.r.p.TestFile    ... success: reloaded. 
199643     INFO  main            d.u.i.k.p.r.p.TestFile    Now processing file /home/runner/work/key/key/key.core/../key.ui/examples/heap/SmansEtAl/Stack_size.key 
199643     INFO  main            d.u.i.k.p.i.AbstractProblemLoader Loading environment from /home/runner/work/key/key/key.core/../key.ui/examples/heap/SmansEtAl/Stack_size.key 
199644     DEBUG main            d.u.i.k.p.i.AbstractProblemLoader Environment load took 252.71ns 
199645     INFO  main            d.u.i.k.p.i.AbstractProblemLoader Creating init config 
202709     DEBUG main            d.u.i.k.p.i.AbstractProblemLoader Init config took 3.06s 
202744     INFO  main            d.u.i.k.p.i.AbstractProblemLoader Replaying proof Stack[Stack::size()].JML accessible clause.0 
202746     DEBUG main            d.u.i.k.p.i.IntermediateProofReplayer Proof replay took 6.8ns 
203048     INFO  main            d.u.i.k.p.r.p.TestFile    ... finished proof: closed. 
203410     INFO  main            d.u.i.k.p.i.AbstractProblemLoader Loading environment from /home/runner/work/key/key/key.core/../key.ui/examples/heap/SmansEtAl/Stack_size.key.proof 
203410     DEBUG main            d.u.i.k.p.i.AbstractProblemLoader Environment load took 112.1ns 
203411     INFO  main            d.u.i.k.p.i.AbstractProblemLoader Creating init config 
206489     DEBUG main            d.u.i.k.p.i.AbstractProblemLoader Init config took 3.08s 
206524     INFO  main            d.u.i.k.p.i.AbstractProblemLoader Replaying proof Stack[Stack::size()].JML accessible clause.0 
206577     DEBUG main            d.u.i.k.p.i.IntermediateProofReplayer Proof replay took 50.17ms 
206578     DEBUG main            d.u.i.k.p.r.p.TestFile    ... success: reloaded. 
206579     INFO  main            d.u.i.k.p.r.p.TestFile    Now processing file /home/runner/work/key/key/key.core/../key.ui/examples/heap/SmansEtAl/Stack_Stack.key 
206580     INFO  main            d.u.i.k.p.i.AbstractProblemLoader Loading environment from /home/runner/work/key/key/key.core/../key.ui/examples/heap/SmansEtAl/Stack_Stack.key 
206580     DEBUG main            d.u.i.k.p.i.AbstractProblemLoader Environment load took 261.41ns 
206581     INFO  main            d.u.i.k.p.i.AbstractProblemLoader Creating init config 
209619     DEBUG main            d.u.i.k.p.i.AbstractProblemLoader Init config took 3.04s 
209656     INFO  main            d.u.i.k.p.i.AbstractProblemLoader Replaying proof Stack[Stack::Stack()].JML normal_behavior operation contract.0 
209657     DEBUG main            d.u.i.k.p.i.IntermediateProofReplayer Proof replay took 7ns 
210773     INFO  main            d.u.i.k.p.r.p.TestFile    ... finished proof: closed. 
211145     INFO  main            d.u.i.k.p.i.AbstractProblemLoader Loading environment from /home/runner/work/key/key/key.core/../key.ui/examples/heap/SmansEtAl/Stack_Stack.key.proof 
211145     DEBUG main            d.u.i.k.p.i.AbstractProblemLoader Environment load took 544.22ns 
211147     INFO  main            d.u.i.k.p.i.AbstractProblemLoader Creating init config 
214084     DEBUG main            d.u.i.k.p.i.AbstractProblemLoader Init config took 2.94s 
214134     INFO  main            d.u.i.k.p.i.AbstractProblemLoader Replaying proof Stack[Stack::Stack()].JML normal_behavior operation contract.0 
214385     DEBUG main            d.u.i.k.p.i.IntermediateProofReplayer Proof replay took 227.7ms 
214388     DEBUG main            d.u.i.k.p.r.p.TestFile    ... success: reloaded. 
214389     INFO  main            d.u.i.k.p.r.p.TestFile    Now processing file /home/runner/work/key/key/key.core/../key.ui/examples/heap/SmansEtAl/Stack_switchContents.key 
214389     INFO  main            d.u.i.k.p.i.AbstractProblemLoader Loading environment from /home/runner/work/key/key/key.core/../key.ui/examples/heap/SmansEtAl/Stack_switchContents.key 
214389     DEBUG main            d.u.i.k.p.i.AbstractProblemLoader Environment load took 83.7ns 
214390     INFO  main            d.u.i.k.p.i.AbstractProblemLoader Creating init config 
217352     DEBUG main            d.u.i.k.p.i.AbstractProblemLoader Init config took 2.96s 
217387     INFO  main            d.u.i.k.p.i.AbstractProblemLoader Replaying proof Stack[Stack::switchContents(Stack)].JML normal_behavior operation contract.0 
217389     DEBUG main            d.u.i.k.p.i.IntermediateProofReplayer Proof replay took 6.6ns 
222442     INFO  main            d.u.i.k.p.r.p.TestFile    ... finished proof: closed. 
222845     INFO  main            d.u.i.k.p.i.AbstractProblemLoader Loading environment from /home/runner/work/key/key/key.core/../key.ui/examples/heap/SmansEtAl/Stack_switchContents.key.proof 
222846     DEBUG main            d.u.i.k.p.i.AbstractProblemLoader Environment load took 119.2ns 
222848     INFO  main            d.u.i.k.p.i.AbstractProblemLoader Creating init config 
225728     DEBUG main            d.u.i.k.p.i.AbstractProblemLoader Init config took 2.88s 
225763     INFO  main            d.u.i.k.p.i.AbstractProblemLoader Replaying proof Stack[Stack::switchContents(Stack)].JML normal_behavior operation contract.0 
226301     DEBUG main            d.u.i.k.p.i.IntermediateProofReplayer Proof replay took 524.14ms 
226304     DEBUG main            d.u.i.k.p.r.p.TestFile    ... success: reloaded. 
2397505    INFO  Test worker     d.u.i.k.p.r.RunAllProofsTestUnit Returning from test SmansEtAl 
2397506    INFO  Test worker     d.u.i.k.p.r.RunAllProofsTestUnit Running test VACID0 
421        INFO  Timeout watchdog d.u.i.k.p.r.p.ForkedTestFileRunner Timeout watcher launched (2000 secs.) 
432        WARN  main            d.u.i.k.s.ProofSettings   The settings in /home/runner/.key/proof-settings.props are *not* read. 
462        INFO  main            d.u.i.k.p.r.p.TestFile    Now processing file /home/runner/work/key/key/key.core/../key.ui/examples/heap/vacid0_01_SparseArray/Harness_sparseArrayTestHarness1.key 
589        INFO  main            d.u.i.k.p.i.AbstractProblemLoader Loading environment from /home/runner/work/key/key/key.core/../key.ui/examples/heap/vacid0_01_SparseArray/Harness_sparseArrayTestHarness1.key 
607        DEBUG main            d.u.i.k.p.i.AbstractProblemLoader Environment load took 2.15ms 
870        INFO  main            d.u.i.k.p.i.AbstractProblemLoader Creating init config 
1921       DEBUG main            d.u.i.k.j.TypeConverter   No LDT found for Meta 
1922       DEBUG main            d.u.i.k.j.TypeConverter   No LDT found for Meta 
1924       DEBUG main            d.u.i.k.j.TypeConverter   No LDT found for Meta 
1925       DEBUG main            d.u.i.k.j.TypeConverter   No LDT found for Meta 
3647       DEBUG main            d.u.i.k.j.TypeConverter   No LDT found for JavaBigintExpression 
9642       DEBUG main            d.u.i.k.p.i.AbstractProblemLoader Init config took 8.77s 
9883       INFO  main            d.u.i.k.p.i.AbstractProblemLoader Replaying proof Harness[Harness::sparseArrayTestHarness1()].JML normal_behavior operation contract.0 
9925       DEBUG main            d.u.i.k.p.i.IntermediateProofReplayer Proof replay took 32.7ns 
11592      INFO  main            d.u.i.k.p.r.p.TestFile    ... finished proof: closed. 
11746      INFO  main            d.u.i.k.p.i.AbstractProblemLoader Loading environment from /home/runner/work/key/key/key.core/../key.ui/examples/heap/vacid0_01_SparseArray/Harness_sparseArrayTestHarness1.key.proof 
11746      DEBUG main            d.u.i.k.p.i.AbstractProblemLoader Environment load took 158ns 
11755      INFO  main            d.u.i.k.p.i.AbstractProblemLoader Creating init config 
15340      DEBUG main            d.u.i.k.p.i.AbstractProblemLoader Init config took 3.59s 
15423      INFO  main            d.u.i.k.p.i.AbstractProblemLoader Replaying proof Harness[Harness::sparseArrayTestHarness1()].JML normal_behavior operation contract.0 
15648      DEBUG main            d.u.i.k.p.i.IntermediateProofReplayer Proof replay took 215.08ms 
15656      DEBUG main            d.u.i.k.p.r.p.TestFile    ... success: reloaded. 
15658      INFO  main            d.u.i.k.p.r.p.TestFile    Now processing file /home/runner/work/key/key/key.core/../key.ui/examples/heap/vacid0_01_SparseArray/Harness_sparseArrayTestHarness2.key 
15659      INFO  main            d.u.i.k.p.i.AbstractProblemLoader Loading environment from /home/runner/work/key/key/key.core/../key.ui/examples/heap/vacid0_01_SparseArray/Harness_sparseArrayTestHarness2.key 
15659      DEBUG main            d.u.i.k.p.i.AbstractProblemLoader Environment load took 644.62ns 
15661      INFO  main            d.u.i.k.p.i.AbstractProblemLoader Creating init config 
19095      DEBUG main            d.u.i.k.p.i.AbstractProblemLoader Init config took 3.43s 
19155      INFO  main            d.u.i.k.p.i.AbstractProblemLoader Replaying proof Harness[Harness::sparseArrayTestHarness2()].JML normal_behavior operation contract.0 
19159      DEBUG main            d.u.i.k.p.i.IntermediateProofReplayer Proof replay took 5.5ns 
30118      INFO  main            d.u.i.k.p.r.p.TestFile    ... finished proof: closed. 
30353      INFO  main            d.u.i.k.p.i.AbstractProblemLoader Loading environment from /home/runner/work/key/key/key.core/../key.ui/examples/heap/vacid0_01_SparseArray/Harness_sparseArrayTestHarness2.key.proof 
30353      DEBUG main            d.u.i.k.p.i.AbstractProblemLoader Environment load took 247.61ns 
30363      INFO  main            d.u.i.k.p.i.AbstractProblemLoader Creating init config 
33606      DEBUG main            d.u.i.k.p.i.AbstractProblemLoader Init config took 3.24s 
33666      INFO  main            d.u.i.k.p.i.AbstractProblemLoader Replaying proof Harness[Harness::sparseArrayTestHarness2()].JML normal_behavior operation contract.0 
35202      DEBUG main            d.u.i.k.p.i.IntermediateProofReplayer Proof replay took 1.49s 
35204      DEBUG main            d.u.i.k.p.r.p.TestFile    ... success: reloaded. 
35206      INFO  main            d.u.i.k.p.r.p.TestFile    Now processing file /home/runner/work/key/key/key.core/../key.ui/examples/heap/vacid0_01_SparseArray/MemoryAllocator_alloc_unsigned.key 
35207      INFO  main            d.u.i.k.p.i.AbstractProblemLoader Loading environment from /home/runner/work/key/key/key.core/../key.ui/examples/heap/vacid0_01_SparseArray/MemoryAllocator_alloc_unsigned.key 
35207      DEBUG main            d.u.i.k.p.i.AbstractProblemLoader Environment load took 124.2ns 
35209      INFO  main            d.u.i.k.p.i.AbstractProblemLoader Creating init config 
38636      DEBUG main            d.u.i.k.p.i.AbstractProblemLoader Init config took 3.43s 
38690      INFO  main            d.u.i.k.p.i.AbstractProblemLoader Replaying proof MemoryAllocator[MemoryAllocator::alloc_unsigned(int)].JML normal_behavior operation contract.0 
38693      DEBUG main            d.u.i.k.p.i.IntermediateProofReplayer Proof replay took 5.9ns 
39799      INFO  main            d.u.i.k.p.r.p.TestFile    ... finished proof: closed. 
39987      INFO  main            d.u.i.k.p.i.AbstractProblemLoader Loading environment from /home/runner/work/key/key/key.core/../key.ui/examples/heap/vacid0_01_SparseArray/MemoryAllocator_alloc_unsigned.key.proof 
39988      DEBUG main            d.u.i.k.p.i.AbstractProblemLoader Environment load took 635.22ns 
39989      INFO  main            d.u.i.k.p.i.AbstractProblemLoader Creating init config 
43260      DEBUG main            d.u.i.k.p.i.AbstractProblemLoader Init config took 3.27s 
43316      INFO  main            d.u.i.k.p.i.AbstractProblemLoader Replaying proof MemoryAllocator[MemoryAllocator::alloc_unsigned(int)].JML normal_behavior operation contract.0 
43628      DEBUG main            d.u.i.k.p.i.IntermediateProofReplayer Proof replay took 305.22ms 
43629      DEBUG main            d.u.i.k.p.r.p.TestFile    ... success: reloaded. 
43631      INFO  main            d.u.i.k.p.r.p.TestFile    Now processing file /home/runner/work/key/key/key.core/../key.ui/examples/heap/vacid0_01_SparseArray/MemoryAllocator_alloc.key 
43631      INFO  main            d.u.i.k.p.i.AbstractProblemLoader Loading environment from /home/runner/work/key/key/key.core/../key.ui/examples/heap/vacid0_01_SparseArray/MemoryAllocator_alloc.key 
43632      DEBUG main            d.u.i.k.p.i.AbstractProblemLoader Environment load took 239.41ns 
43633      INFO  main            d.u.i.k.p.i.AbstractProblemLoader Creating init config 
47123      DEBUG main            d.u.i.k.p.i.AbstractProblemLoader Init config took 3.49s 
47171      INFO  main            d.u.i.k.p.i.AbstractProblemLoader Replaying proof MemoryAllocator[MemoryAllocator::alloc(int)].JML normal_behavior operation contract.0 
47173      DEBUG main            d.u.i.k.p.i.IntermediateProofReplayer Proof replay took 4.9ns 
47881      INFO  main            d.u.i.k.p.r.p.TestFile    ... finished proof: closed. 
48089      INFO  main            d.u.i.k.p.i.AbstractProblemLoader Loading environment from /home/runner/work/key/key/key.core/../key.ui/examples/heap/vacid0_01_SparseArray/MemoryAllocator_alloc.key.proof 
48090      DEBUG main            d.u.i.k.p.i.AbstractProblemLoader Environment load took 489.51ns 
48091      INFO  main            d.u.i.k.p.i.AbstractProblemLoader Creating init config 
51549      DEBUG main            d.u.i.k.p.i.AbstractProblemLoader Init config took 3.46s 
51618      INFO  main            d.u.i.k.p.i.AbstractProblemLoader Replaying proof MemoryAllocator[MemoryAllocator::alloc(int)].JML normal_behavior operation contract.0 
51865      DEBUG main            d.u.i.k.p.i.IntermediateProofReplayer Proof replay took 239.6ms 
51866      DEBUG main            d.u.i.k.p.r.p.TestFile    ... success: reloaded. 
51868      INFO  main            d.u.i.k.p.r.p.TestFile    Now processing file /home/runner/work/key/key/key.core/../key.ui/examples/heap/vacid0_01_SparseArray/SparseArray_get_dep.key 
51868      INFO  main            d.u.i.k.p.i.AbstractProblemLoader Loading environment from /home/runner/work/key/key/key.core/../key.ui/examples/heap/vacid0_01_SparseArray/SparseArray_get_dep.key 
51870      DEBUG main            d.u.i.k.p.i.AbstractProblemLoader Environment load took 1.21ms 
51871      INFO  main            d.u.i.k.p.i.AbstractProblemLoader Creating init config 
55387      DEBUG main            d.u.i.k.p.i.AbstractProblemLoader Init config took 3.52s 
55469      INFO  main            d.u.i.k.p.i.AbstractProblemLoader Replaying proof SparseArray[SparseArray::get(int)].JML accessible clause.0 
55472      DEBUG main            d.u.i.k.p.i.IntermediateProofReplayer Proof replay took 5.8ns 
59159      INFO  main            d.u.i.k.p.r.p.TestFile    ... finished proof: closed. 
59385      INFO  main            d.u.i.k.p.i.AbstractProblemLoader Loading environment from /home/runner/work/key/key/key.core/../key.ui/examples/heap/vacid0_01_SparseArray/SparseArray_get_dep.key.proof 
59385      DEBUG main            d.u.i.k.p.i.AbstractProblemLoader Environment load took 492.02ns 
59387      INFO  main            d.u.i.k.p.i.AbstractProblemLoader Creating init config 
62659      DEBUG main            d.u.i.k.p.i.AbstractProblemLoader Init config took 3.27s 
62733      INFO  main            d.u.i.k.p.i.AbstractProblemLoader Replaying proof SparseArray[SparseArray::get(int)].JML accessible clause.0 
63203      DEBUG main            d.u.i.k.p.i.IntermediateProofReplayer Proof replay took 452.51ms 
63204      DEBUG main            d.u.i.k.p.r.p.TestFile    ... success: reloaded. 
63206      INFO  main            d.u.i.k.p.r.p.TestFile    Now processing file /home/runner/work/key/key/key.core/../key.ui/examples/heap/vacid0_01_SparseArray/SparseArray_get.key 
63206      INFO  main            d.u.i.k.p.i.AbstractProblemLoader Loading environment from /home/runner/work/key/key/key.core/../key.ui/examples/heap/vacid0_01_SparseArray/SparseArray_get.key 
63206      DEBUG main            d.u.i.k.p.i.AbstractProblemLoader Environment load took 278.31ns 
63207      INFO  main            d.u.i.k.p.i.AbstractProblemLoader Creating init config 
66490      DEBUG main            d.u.i.k.p.i.AbstractProblemLoader Init config took 3.28s 
66560      INFO  main            d.u.i.k.p.i.AbstractProblemLoader Replaying proof SparseArray[SparseArray::get(int)].JML normal_behavior operation contract.0 
66562      DEBUG main            d.u.i.k.p.i.IntermediateProofReplayer Proof replay took 6.7ns 
69141      INFO  main            d.u.i.k.p.r.p.TestFile    ... finished proof: closed. 
69432      INFO  main            d.u.i.k.p.i.AbstractProblemLoader Loading environment from /home/runner/work/key/key/key.core/../key.ui/examples/heap/vacid0_01_SparseArray/SparseArray_get.key.proof 
69433      DEBUG main            d.u.i.k.p.i.AbstractProblemLoader Environment load took 503.11ns 
69434      INFO  main            d.u.i.k.p.i.AbstractProblemLoader Creating init config 
72728      DEBUG main            d.u.i.k.p.i.AbstractProblemLoader Init config took 3.29s 
72812      INFO  main            d.u.i.k.p.i.AbstractProblemLoader Replaying proof SparseArray[SparseArray::get(int)].JML normal_behavior operation contract.0 
73181      DEBUG main            d.u.i.k.p.i.IntermediateProofReplayer Proof replay took 358.43ms 
73183      DEBUG main            d.u.i.k.p.r.p.TestFile    ... success: reloaded. 
73185      INFO  main            d.u.i.k.p.r.p.TestFile    Now processing file /home/runner/work/key/key/key.core/../key.ui/examples/heap/vacid0_01_SparseArray/SparseArray_inv.key 
73185      INFO  main            d.u.i.k.p.i.AbstractProblemLoader Loading environment from /home/runner/work/key/key/key.core/../key.ui/examples/heap/vacid0_01_SparseArray/SparseArray_inv.key 
73185      DEBUG main            d.u.i.k.p.i.AbstractProblemLoader Environment load took 227.31ns 
73186      INFO  main            d.u.i.k.p.i.AbstractProblemLoader Creating init config 
76445      DEBUG main            d.u.i.k.p.i.AbstractProblemLoader Init config took 3.26s 
76525      INFO  main            d.u.i.k.p.i.AbstractProblemLoader Replaying proof SparseArray[java.lang.Object::<inv>()].JML accessible clause.0 
76527      DEBUG main            d.u.i.k.p.i.IntermediateProofReplayer Proof replay took 7.3ns 
78590      INFO  main            d.u.i.k.p.r.p.TestFile    ... finished proof: closed. 
78900      INFO  main            d.u.i.k.p.i.AbstractProblemLoader Loading environment from /home/runner/work/key/key/key.core/../key.ui/examples/heap/vacid0_01_SparseArray/SparseArray_inv.key.proof 
78900      DEBUG main            d.u.i.k.p.i.AbstractProblemLoader Environment load took 528.32ns 
78902      INFO  main            d.u.i.k.p.i.AbstractProblemLoader Creating init config 
82110      DEBUG main            d.u.i.k.p.i.AbstractProblemLoader Init config took 3.21s 
82189      INFO  main            d.u.i.k.p.i.AbstractProblemLoader Replaying proof SparseArray[java.lang.Object::<inv>()].JML accessible clause.0 
82382      DEBUG main            d.u.i.k.p.i.IntermediateProofReplayer Proof replay took 184.7ms 
82384      DEBUG main            d.u.i.k.p.r.p.TestFile    ... success: reloaded. 
82385      INFO  main            d.u.i.k.p.r.p.TestFile    Now processing file /home/runner/work/key/key/key.core/../key.ui/examples/heap/vacid0_01_SparseArray/SparseArray_SparseArray.key 
82386      INFO  main            d.u.i.k.p.i.AbstractProblemLoader Loading environment from /home/runner/work/key/key/key.core/../key.ui/examples/heap/vacid0_01_SparseArray/SparseArray_SparseArray.key 
82386      DEBUG main            d.u.i.k.p.i.AbstractProblemLoader Environment load took 337.11ns 
82387      INFO  main            d.u.i.k.p.i.AbstractProblemLoader Creating init config 
85693      DEBUG main            d.u.i.k.p.i.AbstractProblemLoader Init config took 3.31s 
85774      INFO  main            d.u.i.k.p.i.AbstractProblemLoader Replaying proof SparseArray[SparseArray::SparseArray(int)].JML normal_behavior operation contract.0 
85776      DEBUG main            d.u.i.k.p.i.IntermediateProofReplayer Proof replay took 6.6ns 
89585      INFO  main            d.u.i.k.p.r.p.TestFile    ... finished proof: closed. 
89986      INFO  main            d.u.i.k.p.i.AbstractProblemLoader Loading environment from /home/runner/work/key/key/key.core/../key.ui/examples/heap/vacid0_01_SparseArray/SparseArray_SparseArray.key.proof 
89994      DEBUG main            d.u.i.k.p.i.AbstractProblemLoader Environment load took 7.91ms 
89997      INFO  main            d.u.i.k.p.i.AbstractProblemLoader Creating init config 
93250      DEBUG main            d.u.i.k.p.i.AbstractProblemLoader Init config took 3.25s 
93318      INFO  main            d.u.i.k.p.i.AbstractProblemLoader Replaying proof SparseArray[SparseArray::SparseArray(int)].JML normal_behavior operation contract.0 
93911      DEBUG main            d.u.i.k.p.i.IntermediateProofReplayer Proof replay took 583.56ms 
93913      DEBUG main            d.u.i.k.p.r.p.TestFile    ... success: reloaded. 
2491637    INFO  Test worker     d.u.i.k.p.r.RunAllProofsTestUnit Returning from test VACID0 
2491638    INFO  Test worker     d.u.i.k.p.r.RunAllProofsTestUnit Running test VSTTE10 
443        INFO  Timeout watchdog d.u.i.k.p.r.p.ForkedTestFileRunner Timeout watcher launched (2000 secs.) 
469        WARN  main            d.u.i.k.s.ProofSettings   The settings in /home/runner/.key/proof-settings.props are *not* read. 
504        INFO  main            d.u.i.k.p.r.p.TestFile    Now processing file /home/runner/work/key/key/key.core/../key.ui/examples/heap/vstte10_01_SumAndMax/SumAndMax_sumAndMax.key 
659        INFO  main            d.u.i.k.p.i.AbstractProblemLoader Loading environment from /home/runner/work/key/key/key.core/../key.ui/examples/heap/vstte10_01_SumAndMax/SumAndMax_sumAndMax.key 
679        DEBUG main            d.u.i.k.p.i.AbstractProblemLoader Environment load took 2.57ms 
938        INFO  main            d.u.i.k.p.i.AbstractProblemLoader Creating init config 
2067       DEBUG main            d.u.i.k.j.TypeConverter   No LDT found for Meta 
2068       DEBUG main            d.u.i.k.j.TypeConverter   No LDT found for Meta 
2072       DEBUG main            d.u.i.k.j.TypeConverter   No LDT found for Meta 
2072       DEBUG main            d.u.i.k.j.TypeConverter   No LDT found for Meta 
3870       DEBUG main            d.u.i.k.j.TypeConverter   No LDT found for JavaBigintExpression 
10322      DEBUG main            d.u.i.k.p.i.AbstractProblemLoader Init config took 9.38s 
10511      INFO  main            d.u.i.k.p.i.AbstractProblemLoader Replaying proof SumAndMax[SumAndMax::sumAndMax([I)].JML normal_behavior operation contract.0 
10565      DEBUG main            d.u.i.k.p.i.IntermediateProofReplayer Proof replay took 40.8ns 
17008      INFO  main            d.u.i.k.p.r.p.TestFile    ... finished proof: closed. 
17213      INFO  main            d.u.i.k.p.i.AbstractProblemLoader Loading environment from /home/runner/work/key/key/key.core/../key.ui/examples/heap/vstte10_01_SumAndMax/SumAndMax_sumAndMax.key.proof 
17214      DEBUG main            d.u.i.k.p.i.AbstractProblemLoader Environment load took 679.02ns 
17217      INFO  main            d.u.i.k.p.i.AbstractProblemLoader Creating init config 
20674      DEBUG main            d.u.i.k.p.i.AbstractProblemLoader Init config took 3.46s 
20747      INFO  main            d.u.i.k.p.i.AbstractProblemLoader Replaying proof SumAndMax[SumAndMax::sumAndMax([I)].JML normal_behavior operation contract.0 
21652      DEBUG main            d.u.i.k.p.i.IntermediateProofReplayer Proof replay took 877.69ms 
21663      DEBUG main            d.u.i.k.p.r.p.TestFile    ... success: reloaded. 
21665      INFO  main            d.u.i.k.p.r.p.TestFile    Now processing file /home/runner/work/key/key/key.core/../key.ui/examples/heap/vstte10_03_LinkedList/Node_cons.key 
21665      INFO  main            d.u.i.k.p.i.AbstractProblemLoader Loading environment from /home/runner/work/key/key/key.core/../key.ui/examples/heap/vstte10_03_LinkedList/Node_cons.key 
21666      DEBUG main            d.u.i.k.p.i.AbstractProblemLoader Environment load took 289.71ns 
21668      INFO  main            d.u.i.k.p.i.AbstractProblemLoader Creating init config 
25222      DEBUG main            d.u.i.k.p.i.AbstractProblemLoader Init config took 3.55s 
25293      INFO  main            d.u.i.k.p.i.AbstractProblemLoader Replaying proof Node[Node::cons(int,Node)].JML normal_behavior operation contract.0 
25297      DEBUG main            d.u.i.k.p.i.IntermediateProofReplayer Proof replay took 6.8ns 
27408      INFO  main            d.u.i.k.p.r.p.TestFile    ... finished proof: closed. 
27623      INFO  main            d.u.i.k.p.i.AbstractProblemLoader Loading environment from /home/runner/work/key/key/key.core/../key.ui/examples/heap/vstte10_03_LinkedList/Node_cons.key.proof 
27623      DEBUG main            d.u.i.k.p.i.AbstractProblemLoader Environment load took 159.81ns 
27625      INFO  main            d.u.i.k.p.i.AbstractProblemLoader Creating init config 
30831      DEBUG main            d.u.i.k.p.i.AbstractProblemLoader Init config took 3.21s 
30903      INFO  main            d.u.i.k.p.i.AbstractProblemLoader Replaying proof Node[Node::cons(int,Node)].JML normal_behavior operation contract.0 
31367      DEBUG main            d.u.i.k.p.i.IntermediateProofReplayer Proof replay took 443.4ms 
31370      DEBUG main            d.u.i.k.p.r.p.TestFile    ... success: reloaded. 
31372      INFO  main            d.u.i.k.p.r.p.TestFile    Now processing file /home/runner/work/key/key/key.core/../key.ui/examples/heap/vstte10_03_LinkedList/Node_inv.key 
31372      INFO  main            d.u.i.k.p.i.AbstractProblemLoader Loading environment from /home/runner/work/key/key/key.core/../key.ui/examples/heap/vstte10_03_LinkedList/Node_inv.key 
31373      DEBUG main            d.u.i.k.p.i.AbstractProblemLoader Environment load took 135.9ns 
31375      INFO  main            d.u.i.k.p.i.AbstractProblemLoader Creating init config 
34617      DEBUG main            d.u.i.k.p.i.AbstractProblemLoader Init config took 3.24s 
34693      INFO  main            d.u.i.k.p.i.AbstractProblemLoader Replaying proof Node[java.lang.Object::<inv>()].JML accessible clause.0 
34698      DEBUG main            d.u.i.k.p.i.IntermediateProofReplayer Proof replay took 6.1ns 
35101      INFO  main            d.u.i.k.p.r.p.TestFile    ... finished proof: closed. 
35295      INFO  main            d.u.i.k.p.i.AbstractProblemLoader Loading environment from /home/runner/work/key/key/key.core/../key.ui/examples/heap/vstte10_03_LinkedList/Node_inv.key.proof 
35296      DEBUG main            d.u.i.k.p.i.AbstractProblemLoader Environment load took 552.32ns 
35299      INFO  main            d.u.i.k.p.i.AbstractProblemLoader Creating init config 
38454      DEBUG main            d.u.i.k.p.i.AbstractProblemLoader Init config took 3.15s 
38543      INFO  main            d.u.i.k.p.i.AbstractProblemLoader Replaying proof Node[java.lang.Object::<inv>()].JML accessible clause.0 
38609      DEBUG main            d.u.i.k.p.i.IntermediateProofReplayer Proof replay took 57.94ms 
38611      DEBUG main            d.u.i.k.p.r.p.TestFile    ... success: reloaded. 
38613      INFO  main            d.u.i.k.p.r.p.TestFile    Now processing file /home/runner/work/key/key/key.core/../key.ui/examples/heap/vstte10_03_LinkedList/Node_search.key 
38613      INFO  main            d.u.i.k.p.i.AbstractProblemLoader Loading environment from /home/runner/work/key/key/key.core/../key.ui/examples/heap/vstte10_03_LinkedList/Node_search.key 
38614      DEBUG main            d.u.i.k.p.i.AbstractProblemLoader Environment load took 238.51ns 
38615      INFO  main            d.u.i.k.p.i.AbstractProblemLoader Creating init config 
41632      DEBUG main            d.u.i.k.p.i.AbstractProblemLoader Init config took 3.02s 
41690      INFO  main            d.u.i.k.p.i.AbstractProblemLoader Replaying proof Node[Node::search()].JML normal_behavior operation contract.0 
41692      DEBUG main            d.u.i.k.p.i.IntermediateProofReplayer Proof replay took 6.4ns 
48940      INFO  main            d.u.i.k.p.r.p.TestFile    ... finished proof: closed. 
49216      INFO  main            d.u.i.k.p.i.AbstractProblemLoader Loading environment from /home/runner/work/key/key/key.core/../key.ui/examples/heap/vstte10_03_LinkedList/Node_search.key.proof 
49217      DEBUG main            d.u.i.k.p.i.AbstractProblemLoader Environment load took 271.21ns 
49222      INFO  main            d.u.i.k.p.i.AbstractProblemLoader Creating init config 
52291      DEBUG main            d.u.i.k.p.i.AbstractProblemLoader Init config took 3.07s 
52355      INFO  main            d.u.i.k.p.i.AbstractProblemLoader Replaying proof Node[Node::search()].JML normal_behavior operation contract.0 
53374      DEBUG main            d.u.i.k.p.i.IntermediateProofReplayer Proof replay took 961.54ms 
53378      DEBUG main            d.u.i.k.p.r.p.TestFile    ... success: reloaded. 
53379      INFO  main            d.u.i.k.p.r.p.TestFile    Now processing file /home/runner/work/key/key/key.core/../key.ui/examples/heap/vstte10_04_Queens/Queens_isConsistent.key 
53379      INFO  main            d.u.i.k.p.i.AbstractProblemLoader Loading environment from /home/runner/work/key/key/key.core/../key.ui/examples/heap/vstte10_04_Queens/Queens_isConsistent.key 
53379      DEBUG main            d.u.i.k.p.i.AbstractProblemLoader Environment load took 165.81ns 
53381      INFO  main            d.u.i.k.p.i.AbstractProblemLoader Creating init config 
57068      DEBUG main            d.u.i.k.p.i.AbstractProblemLoader Init config took 3.69s 
57118      INFO  main            d.u.i.k.p.i.AbstractProblemLoader Replaying proof Queens[Queens::isConsistent([I,int)].JML normal_behavior operation contract.0 
57120      DEBUG main            d.u.i.k.p.i.IntermediateProofReplayer Proof replay took 6.5ns 
59182      INFO  main            d.u.i.k.p.r.p.TestFile    ... finished proof: closed. 
59421      INFO  main            d.u.i.k.p.i.AbstractProblemLoader Loading environment from /home/runner/work/key/key/key.core/../key.ui/examples/heap/vstte10_04_Queens/Queens_isConsistent.key.proof 
59422      DEBUG main            d.u.i.k.p.i.AbstractProblemLoader Environment load took 502.72ns 
59423      INFO  main            d.u.i.k.p.i.AbstractProblemLoader Creating init config 
62492      DEBUG main            d.u.i.k.p.i.AbstractProblemLoader Init config took 3.07s 
62538      INFO  main            d.u.i.k.p.i.AbstractProblemLoader Replaying proof Queens[Queens::isConsistent([I,int)].JML normal_behavior operation contract.0 
63008      DEBUG main            d.u.i.k.p.i.IntermediateProofReplayer Proof replay took 459.09ms 
63009      DEBUG main            d.u.i.k.p.r.p.TestFile    ... success: reloaded. 
63010      INFO  main            d.u.i.k.p.r.p.TestFile    Now processing file /home/runner/work/key/key/key.core/../key.ui/examples/heap/vstte10_04_Queens/Queens_nQueens.key 
63016      INFO  main            d.u.i.k.p.i.AbstractProblemLoader Loading environment from /home/runner/work/key/key/key.core/../key.ui/examples/heap/vstte10_04_Queens/Queens_nQueens.key 
63016      DEBUG main            d.u.i.k.p.i.AbstractProblemLoader Environment load took 244.61ns 
63017      INFO  main            d.u.i.k.p.i.AbstractProblemLoader Creating init config 
66103      DEBUG main            d.u.i.k.p.i.AbstractProblemLoader Init config took 3.09s 
66165      INFO  main            d.u.i.k.p.i.AbstractProblemLoader Replaying proof Queens[Queens::nQueens(int)].JML normal_behavior operation contract.0 
66167      DEBUG main            d.u.i.k.p.i.IntermediateProofReplayer Proof replay took 6.3ns 
81129      INFO  main            d.u.i.k.p.r.p.TestFile    ... finished proof: closed. 
81397      INFO  main            d.u.i.k.p.i.AbstractProblemLoader Loading environment from /home/runner/work/key/key/key.core/../key.ui/examples/heap/vstte10_04_Queens/Queens_nQueens.key.proof 
81398      DEBUG main            d.u.i.k.p.i.AbstractProblemLoader Environment load took 447.71ns 
81400      INFO  main            d.u.i.k.p.i.AbstractProblemLoader Creating init config 
84447      DEBUG main            d.u.i.k.p.i.AbstractProblemLoader Init config took 3.05s 
84495      INFO  main            d.u.i.k.p.i.AbstractProblemLoader Replaying proof Queens[Queens::nQueens(int)].JML normal_behavior operation contract.0 
85699      DEBUG main            d.u.i.k.p.i.IntermediateProofReplayer Proof replay took 1.18s 
85700      DEBUG main            d.u.i.k.p.r.p.TestFile    ... success: reloaded. 
85701      INFO  main            d.u.i.k.p.r.p.TestFile    Now processing file /home/runner/work/key/key/key.core/../key.ui/examples/heap/vstte10_05_Queue/AmortizedQueue_AmortizedQueue.key 
85702      INFO  main            d.u.i.k.p.i.AbstractProblemLoader Loading environment from /home/runner/work/key/key/key.core/../key.ui/examples/heap/vstte10_05_Queue/AmortizedQueue_AmortizedQueue.key 
85702      DEBUG main            d.u.i.k.p.i.AbstractProblemLoader Environment load took 117.2ns 
85703      INFO  main            d.u.i.k.p.i.AbstractProblemLoader Creating init config 
88842      DEBUG main            d.u.i.k.p.i.AbstractProblemLoader Init config took 3.14s 
88910      INFO  main            d.u.i.k.p.i.AbstractProblemLoader Replaying proof AmortizedQueue[AmortizedQueue::AmortizedQueue()].JML normal_behavior operation contract.0 
88912      DEBUG main            d.u.i.k.p.i.IntermediateProofReplayer Proof replay took 6.8ns 
90436      INFO  main            d.u.i.k.p.r.p.TestFile    ... finished proof: closed. 
90693      INFO  main            d.u.i.k.p.i.AbstractProblemLoader Loading environment from /home/runner/work/key/key/key.core/../key.ui/examples/heap/vstte10_05_Queue/AmortizedQueue_AmortizedQueue.key.proof 
90694      DEBUG main            d.u.i.k.p.i.AbstractProblemLoader Environment load took 486.01ns 
90695      INFO  main            d.u.i.k.p.i.AbstractProblemLoader Creating init config 
93776      DEBUG main            d.u.i.k.p.i.AbstractProblemLoader Init config took 3.08s 
93833      INFO  main            d.u.i.k.p.i.AbstractProblemLoader Replaying proof AmortizedQueue[AmortizedQueue::AmortizedQueue()].JML normal_behavior operation contract.0 
94137      DEBUG main            d.u.i.k.p.i.IntermediateProofReplayer Proof replay took 296.39ms 
94139      DEBUG main            d.u.i.k.p.r.p.TestFile    ... success: reloaded. 
94140      INFO  main            d.u.i.k.p.r.p.TestFile    Now processing file /home/runner/work/key/key/key.core/../key.ui/examples/heap/vstte10_05_Queue/AmortizedQueue_front.key 
94140      INFO  main            d.u.i.k.p.i.AbstractProblemLoader Loading environment from /home/runner/work/key/key/key.core/../key.ui/examples/heap/vstte10_05_Queue/AmortizedQueue_front.key 
94141      DEBUG main            d.u.i.k.p.i.AbstractProblemLoader Environment load took 214.01ns 
94142      INFO  main            d.u.i.k.p.i.AbstractProblemLoader Creating init config 
97185      DEBUG main            d.u.i.k.p.i.AbstractProblemLoader Init config took 3.04s 
97234      INFO  main            d.u.i.k.p.i.AbstractProblemLoader Replaying proof AmortizedQueue[AmortizedQueue::front()].JML normal_behavior operation contract.0 
97236      DEBUG main            d.u.i.k.p.i.IntermediateProofReplayer Proof replay took 6.3ns 
97748      INFO  main            d.u.i.k.p.r.p.TestFile    ... finished proof: closed. 
97981      INFO  main            d.u.i.k.p.i.AbstractProblemLoader Loading environment from /home/runner/work/key/key/key.core/../key.ui/examples/heap/vstte10_05_Queue/AmortizedQueue_front.key.proof 
97982      DEBUG main            d.u.i.k.p.i.AbstractProblemLoader Environment load took 1.01ms 
97989      INFO  main            d.u.i.k.p.i.AbstractProblemLoader Creating init config 
101013     DEBUG main            d.u.i.k.p.i.AbstractProblemLoader Init config took 3.02s 
101060     INFO  main            d.u.i.k.p.i.AbstractProblemLoader Replaying proof AmortizedQueue[AmortizedQueue::front()].JML normal_behavior operation contract.0 
101123     DEBUG main            d.u.i.k.p.i.IntermediateProofReplayer Proof replay took 60.34ms 
101125     DEBUG main            d.u.i.k.p.r.p.TestFile    ... success: reloaded. 
101126     INFO  main            d.u.i.k.p.r.p.TestFile    Now processing file /home/runner/work/key/key/key.core/../key.ui/examples/heap/vstte10_05_Queue/LinkedList_concat.key 
101127     INFO  main            d.u.i.k.p.i.AbstractProblemLoader Loading environment from /home/runner/work/key/key/key.core/../key.ui/examples/heap/vstte10_05_Queue/LinkedList_concat.key 
101127     DEBUG main            d.u.i.k.p.i.AbstractProblemLoader Environment load took 289.81ns 
101128     INFO  main            d.u.i.k.p.i.AbstractProblemLoader Creating init config 
104128     DEBUG main            d.u.i.k.p.i.AbstractProblemLoader Init config took 3s 
104199     INFO  main            d.u.i.k.p.i.AbstractProblemLoader Replaying proof LinkedList[LinkedList::concat(LinkedList)].JML normal_behavior operation contract.0 
104201     DEBUG main            d.u.i.k.p.i.IntermediateProofReplayer Proof replay took 6.6ns 
113285     INFO  main            d.u.i.k.p.r.p.TestFile    ... finished proof: closed. 
113598     INFO  main            d.u.i.k.p.i.AbstractProblemLoader Loading environment from /home/runner/work/key/key/key.core/../key.ui/examples/heap/vstte10_05_Queue/LinkedList_concat.key.proof 
113599     DEBUG main            d.u.i.k.p.i.AbstractProblemLoader Environment load took 483.81ns 
113602     INFO  main            d.u.i.k.p.i.AbstractProblemLoader Creating init config 
116583     DEBUG main            d.u.i.k.p.i.AbstractProblemLoader Init config took 2.98s 
116632     INFO  main            d.u.i.k.p.i.AbstractProblemLoader Replaying proof LinkedList[LinkedList::concat(LinkedList)].JML normal_behavior operation contract.0 
117605     DEBUG main            d.u.i.k.p.i.IntermediateProofReplayer Proof replay took 936ms 
117613     DEBUG main            d.u.i.k.p.r.p.TestFile    ... success: reloaded. 
117615     INFO  main            d.u.i.k.p.r.p.TestFile    Now processing file /home/runner/work/key/key/key.core/../key.ui/examples/heap/vstte10_05_Queue/LinkedList_cons.key 
117615     INFO  main            d.u.i.k.p.i.AbstractProblemLoader Loading environment from /home/runner/work/key/key/key.core/../key.ui/examples/heap/vstte10_05_Queue/LinkedList_cons.key 
117615     DEBUG main            d.u.i.k.p.i.AbstractProblemLoader Environment load took 255.31ns 
117617     INFO  main            d.u.i.k.p.i.AbstractProblemLoader Creating init config 
120615     DEBUG main            d.u.i.k.p.i.AbstractProblemLoader Init config took 3s 
120666     INFO  main            d.u.i.k.p.i.AbstractProblemLoader Replaying proof LinkedList[LinkedList::cons(int)].JML normal_behavior operation contract.0 
120667     DEBUG main            d.u.i.k.p.i.IntermediateProofReplayer Proof replay took 5.9ns 
123111     INFO  main            d.u.i.k.p.r.p.TestFile    ... finished proof: closed. 
123407     INFO  main            d.u.i.k.p.i.AbstractProblemLoader Loading environment from /home/runner/work/key/key/key.core/../key.ui/examples/heap/vstte10_05_Queue/LinkedList_cons.key.proof 
123407     DEBUG main            d.u.i.k.p.i.AbstractProblemLoader Environment load took 141.41ns 
123408     INFO  main            d.u.i.k.p.i.AbstractProblemLoader Creating init config 
126401     DEBUG main            d.u.i.k.p.i.AbstractProblemLoader Init config took 2.99s 
126452     INFO  main            d.u.i.k.p.i.AbstractProblemLoader Replaying proof LinkedList[LinkedList::cons(int)].JML normal_behavior operation contract.0 
126789     DEBUG main            d.u.i.k.p.i.IntermediateProofReplayer Proof replay took 324.32ms 
126791     DEBUG main            d.u.i.k.p.r.p.TestFile    ... success: reloaded. 
126792     INFO  main            d.u.i.k.p.r.p.TestFile    Now processing file /home/runner/work/key/key/key.core/../key.ui/examples/heap/vstte10_05_Queue/LinkedList_head.key 
126792     INFO  main            d.u.i.k.p.i.AbstractProblemLoader Loading environment from /home/runner/work/key/key/key.core/../key.ui/examples/heap/vstte10_05_Queue/LinkedList_head.key 
126792     DEBUG main            d.u.i.k.p.i.AbstractProblemLoader Environment load took 258.21ns 
126793     INFO  main            d.u.i.k.p.i.AbstractProblemLoader Creating init config 
129779     DEBUG main            d.u.i.k.p.i.AbstractProblemLoader Init config took 2.99s 
129832     INFO  main            d.u.i.k.p.i.AbstractProblemLoader Replaying proof LinkedList[LinkedList::head()].JML normal_behavior operation contract.0 
129834     DEBUG main            d.u.i.k.p.i.IntermediateProofReplayer Proof replay took 6.8ns 
129936     INFO  main            d.u.i.k.p.r.p.TestFile    ... finished proof: closed. 
130220     INFO  main            d.u.i.k.p.i.AbstractProblemLoader Loading environment from /home/runner/work/key/key/key.core/../key.ui/examples/heap/vstte10_05_Queue/LinkedList_head.key.proof 
130220     DEBUG main            d.u.i.k.p.i.AbstractProblemLoader Environment load took 144.71ns 
130221     INFO  main            d.u.i.k.p.i.AbstractProblemLoader Creating init config 
133178     DEBUG main            d.u.i.k.p.i.AbstractProblemLoader Init config took 2.96s 
133224     INFO  main            d.u.i.k.p.i.AbstractProblemLoader Replaying proof LinkedList[LinkedList::head()].JML normal_behavior operation contract.0 
133241     DEBUG main            d.u.i.k.p.i.IntermediateProofReplayer Proof replay took 14.63ms 
133242     DEBUG main            d.u.i.k.p.r.p.TestFile    ... success: reloaded. 
133244     INFO  main            d.u.i.k.p.r.p.TestFile    Now processing file /home/runner/work/key/key/key.core/../key.ui/examples/heap/vstte10_05_Queue/LinkedList_inv.key 
133244     INFO  main            d.u.i.k.p.i.AbstractProblemLoader Loading environment from /home/runner/work/key/key/key.core/../key.ui/examples/heap/vstte10_05_Queue/LinkedList_inv.key 
133244     DEBUG main            d.u.i.k.p.i.AbstractProblemLoader Environment load took 278.41ns 
133245     INFO  main            d.u.i.k.p.i.AbstractProblemLoader Creating init config 
136255     DEBUG main            d.u.i.k.p.i.AbstractProblemLoader Init config took 3.01s 
136302     INFO  main            d.u.i.k.p.i.AbstractProblemLoader Replaying proof LinkedList[java.lang.Object::<inv>()].JML accessible clause.0 
136304     DEBUG main            d.u.i.k.p.i.IntermediateProofReplayer Proof replay took 6.8ns 
136609     INFO  main            d.u.i.k.p.r.p.TestFile    ... finished proof: closed. 
136847     INFO  main            d.u.i.k.p.i.AbstractProblemLoader Loading environment from /home/runner/work/key/key/key.core/../key.ui/examples/heap/vstte10_05_Queue/LinkedList_inv.key.proof 
136847     DEBUG main            d.u.i.k.p.i.AbstractProblemLoader Environment load took 129.09ns 
136848     INFO  main            d.u.i.k.p.i.AbstractProblemLoader Creating init config 
139795     DEBUG main            d.u.i.k.p.i.AbstractProblemLoader Init config took 2.95s 
139842     INFO  main            d.u.i.k.p.i.AbstractProblemLoader Replaying proof LinkedList[java.lang.Object::<inv>()].JML accessible clause.0 
139884     DEBUG main            d.u.i.k.p.i.IntermediateProofReplayer Proof replay took 39.2ms 
139885     DEBUG main            d.u.i.k.p.r.p.TestFile    ... success: reloaded. 
139886     INFO  main            d.u.i.k.p.r.p.TestFile    Now processing file /home/runner/work/key/key/key.core/../key.ui/examples/heap/vstte10_05_Queue/LinkedList_length.key 
139887     INFO  main            d.u.i.k.p.i.AbstractProblemLoader Loading environment from /home/runner/work/key/key/key.core/../key.ui/examples/heap/vstte10_05_Queue/LinkedList_length.key 
139887     DEBUG main            d.u.i.k.p.i.AbstractProblemLoader Environment load took 122.5ns 
139888     INFO  main            d.u.i.k.p.i.AbstractProblemLoader Creating init config 
143022     DEBUG main            d.u.i.k.p.i.AbstractProblemLoader Init config took 3.13s 
143084     INFO  main            d.u.i.k.p.i.AbstractProblemLoader Replaying proof LinkedList[LinkedList::length()].JML normal_behavior operation contract.0 
143085     DEBUG main            d.u.i.k.p.i.IntermediateProofReplayer Proof replay took 6.6ns 
143187     INFO  main            d.u.i.k.p.r.p.TestFile    ... finished proof: closed. 
143437     INFO  main            d.u.i.k.p.i.AbstractProblemLoader Loading environment from /home/runner/work/key/key/key.core/../key.ui/examples/heap/vstte10_05_Queue/LinkedList_length.key.proof 
143437     DEBUG main            d.u.i.k.p.i.AbstractProblemLoader Environment load took 145.91ns 
143438     INFO  main            d.u.i.k.p.i.AbstractProblemLoader Creating init config 
146359     DEBUG main            d.u.i.k.p.i.AbstractProblemLoader Init config took 2.92s 
146405     INFO  main            d.u.i.k.p.i.AbstractProblemLoader Replaying proof LinkedList[LinkedList::length()].JML normal_behavior operation contract.0 
146422     DEBUG main            d.u.i.k.p.i.IntermediateProofReplayer Proof replay took 15.35ms 
146423     DEBUG main            d.u.i.k.p.r.p.TestFile    ... success: reloaded. 
146425     INFO  main            d.u.i.k.p.r.p.TestFile    Now processing file /home/runner/work/key/key/key.core/../key.ui/examples/heap/vstte10_05_Queue/LinkedList_LinkedList1.key 
146425     INFO  main            d.u.i.k.p.i.AbstractProblemLoader Loading environment from /home/runner/work/key/key/key.core/../key.ui/examples/heap/vstte10_05_Queue/LinkedList_LinkedList1.key 
146425     DEBUG main            d.u.i.k.p.i.AbstractProblemLoader Environment load took 223.31ns 
146426     INFO  main            d.u.i.k.p.i.AbstractProblemLoader Creating init config 
149412     DEBUG main            d.u.i.k.p.i.AbstractProblemLoader Init config took 2.99s 
149460     INFO  main            d.u.i.k.p.i.AbstractProblemLoader Replaying proof LinkedList[LinkedList::LinkedList(int,LinkedList)].JML normal_behavior operation contract.0 
149462     DEBUG main            d.u.i.k.p.i.IntermediateProofReplayer Proof replay took 6.3ns 
151414     INFO  main            d.u.i.k.p.r.p.TestFile    ... finished proof: closed. 
151702     INFO  main            d.u.i.k.p.i.AbstractProblemLoader Loading environment from /home/runner/work/key/key/key.core/../key.ui/examples/heap/vstte10_05_Queue/LinkedList_LinkedList1.key.proof 
151702     DEBUG main            d.u.i.k.p.i.AbstractProblemLoader Environment load took 121.61ns 
151704     INFO  main            d.u.i.k.p.i.AbstractProblemLoader Creating init config 
154648     DEBUG main            d.u.i.k.p.i.AbstractProblemLoader Init config took 2.94s 
154693     INFO  main            d.u.i.k.p.i.AbstractProblemLoader Replaying proof LinkedList[LinkedList::LinkedList(int,LinkedList)].JML normal_behavior operation contract.0 
154996     DEBUG main            d.u.i.k.p.i.IntermediateProofReplayer Proof replay took 293.69ms 
154997     DEBUG main            d.u.i.k.p.r.p.TestFile    ... success: reloaded. 
154999     INFO  main            d.u.i.k.p.r.p.TestFile    Now processing file /home/runner/work/key/key/key.core/../key.ui/examples/heap/vstte10_05_Queue/LinkedList_LinkedList2.key 
154999     INFO  main            d.u.i.k.p.i.AbstractProblemLoader Loading environment from /home/runner/work/key/key/key.core/../key.ui/examples/heap/vstte10_05_Queue/LinkedList_LinkedList2.key 
154999     DEBUG main            d.u.i.k.p.i.AbstractProblemLoader Environment load took 122.91ns 
155000     INFO  main            d.u.i.k.p.i.AbstractProblemLoader Creating init config 
158145     DEBUG main            d.u.i.k.p.i.AbstractProblemLoader Init config took 3.14s 
158191     INFO  main            d.u.i.k.p.i.AbstractProblemLoader Replaying proof LinkedList[LinkedList::LinkedList(int,LinkedList)].JML normal_behavior operation contract.0 
158193     DEBUG main            d.u.i.k.p.i.IntermediateProofReplayer Proof replay took 6.1ns 
160204     INFO  main            d.u.i.k.p.r.p.TestFile    ... finished proof: closed. 
160514     INFO  main            d.u.i.k.p.i.AbstractProblemLoader Loading environment from /home/runner/work/key/key/key.core/../key.ui/examples/heap/vstte10_05_Queue/LinkedList_LinkedList2.key.proof 
160516     DEBUG main            d.u.i.k.p.i.AbstractProblemLoader Environment load took 2.75ms 
160518     INFO  main            d.u.i.k.p.i.AbstractProblemLoader Creating init config 
163512     DEBUG main            d.u.i.k.p.i.AbstractProblemLoader Init config took 2.99s 
163563     INFO  main            d.u.i.k.p.i.AbstractProblemLoader Replaying proof LinkedList[LinkedList::LinkedList(int,LinkedList)].JML normal_behavior operation contract.0 
163863     DEBUG main            d.u.i.k.p.i.IntermediateProofReplayer Proof replay took 292.37ms 
163864     DEBUG main            d.u.i.k.p.r.p.TestFile    ... success: reloaded. 
163865     INFO  main            d.u.i.k.p.r.p.TestFile    Now processing file /home/runner/work/key/key/key.core/../key.ui/examples/heap/vstte10_05_Queue/LinkedList_LinkedList3.key 
163865     INFO  main            d.u.i.k.p.i.AbstractProblemLoader Loading environment from /home/runner/work/key/key/key.core/../key.ui/examples/heap/vstte10_05_Queue/LinkedList_LinkedList3.key 
163865     DEBUG main            d.u.i.k.p.i.AbstractProblemLoader Environment load took 75.9ns 
163866     INFO  main            d.u.i.k.p.i.AbstractProblemLoader Creating init config 
166933     DEBUG main            d.u.i.k.p.i.AbstractProblemLoader Init config took 3.07s 
166986     INFO  main            d.u.i.k.p.i.AbstractProblemLoader Replaying proof LinkedList[LinkedList::LinkedList(int,LinkedList)].JML normal_behavior operation contract.0 
166988     DEBUG main            d.u.i.k.p.i.IntermediateProofReplayer Proof replay took 6.3ns 
181585     INFO  main            d.u.i.k.p.r.p.TestFile    ... finished proof: closed. 
181967     INFO  main            d.u.i.k.p.i.AbstractProblemLoader Loading environment from /home/runner/work/key/key/key.core/../key.ui/examples/heap/vstte10_05_Queue/LinkedList_LinkedList3.key.proof 
181968     DEBUG main            d.u.i.k.p.i.AbstractProblemLoader Environment load took 342.71ns 
181974     INFO  main            d.u.i.k.p.i.AbstractProblemLoader Creating init config 
184864     DEBUG main            d.u.i.k.p.i.AbstractProblemLoader Init config took 2.89s 
184910     INFO  main            d.u.i.k.p.i.AbstractProblemLoader Replaying proof LinkedList[LinkedList::LinkedList(int,LinkedList)].JML normal_behavior operation contract.0 
186499     DEBUG main            d.u.i.k.p.i.IntermediateProofReplayer Proof replay took 1.47s 
186504     DEBUG main            d.u.i.k.p.r.p.TestFile    ... success: reloaded. 
186505     INFO  main            d.u.i.k.p.r.p.TestFile    Now processing file /home/runner/work/key/key/key.core/../key.ui/examples/heap/vstte10_05_Queue/LinkedList_reverse.key 
186506     INFO  main            d.u.i.k.p.i.AbstractProblemLoader Loading environment from /home/runner/work/key/key/key.core/../key.ui/examples/heap/vstte10_05_Queue/LinkedList_reverse.key 
186506     DEBUG main            d.u.i.k.p.i.AbstractProblemLoader Environment load took 260.51ns 
186507     INFO  main            d.u.i.k.p.i.AbstractProblemLoader Creating init config 
189641     DEBUG main            d.u.i.k.p.i.AbstractProblemLoader Init config took 3.13s 
189713     INFO  main            d.u.i.k.p.i.AbstractProblemLoader Replaying proof LinkedList[LinkedList::reverse()].JML normal_behavior operation contract.0 
189717     DEBUG main            d.u.i.k.p.i.IntermediateProofReplayer Proof replay took 6.3ns 
199366     INFO  main            d.u.i.k.p.r.p.TestFile    ... finished proof: closed. 
199733     INFO  main            d.u.i.k.p.i.AbstractProblemLoader Loading environment from /home/runner/work/key/key/key.core/../key.ui/examples/heap/vstte10_05_Queue/LinkedList_reverse.key.proof 
199734     DEBUG main            d.u.i.k.p.i.AbstractProblemLoader Environment load took 527.31ns 
199736     INFO  main            d.u.i.k.p.i.AbstractProblemLoader Creating init config 
202685     DEBUG main            d.u.i.k.p.i.AbstractProblemLoader Init config took 2.95s 
202739     INFO  main            d.u.i.k.p.i.AbstractProblemLoader Replaying proof LinkedList[LinkedList::reverse()].JML normal_behavior operation contract.0 
203724     DEBUG main            d.u.i.k.p.i.IntermediateProofReplayer Proof replay took 948.64ms 
203727     DEBUG main            d.u.i.k.p.r.p.TestFile    ... success: reloaded. 
203728     INFO  main            d.u.i.k.p.r.p.TestFile    Now processing file /home/runner/work/key/key/key.core/../key.ui/examples/heap/vstte10_05_Queue/LinkedList_tail.key 
203728     INFO  main            d.u.i.k.p.i.AbstractProblemLoader Loading environment from /home/runner/work/key/key/key.core/../key.ui/examples/heap/vstte10_05_Queue/LinkedList_tail.key 
203728     DEBUG main            d.u.i.k.p.i.AbstractProblemLoader Environment load took 118.9ns 
203729     INFO  main            d.u.i.k.p.i.AbstractProblemLoader Creating init config 
206833     DEBUG main            d.u.i.k.p.i.AbstractProblemLoader Init config took 3.1s 
206903     INFO  main            d.u.i.k.p.i.AbstractProblemLoader Replaying proof LinkedList[LinkedList::tail()].JML normal_behavior operation contract.0 
206908     DEBUG main            d.u.i.k.p.i.IntermediateProofReplayer Proof replay took 42.9ns 
207514     INFO  main            d.u.i.k.p.r.p.TestFile    ... finished proof: closed. 
207836     INFO  main            d.u.i.k.p.i.AbstractProblemLoader Loading environment from /home/runner/work/key/key/key.core/../key.ui/examples/heap/vstte10_05_Queue/LinkedList_tail.key.proof 
207836     DEBUG main            d.u.i.k.p.i.AbstractProblemLoader Environment load took 122.31ns 
207837     INFO  main            d.u.i.k.p.i.AbstractProblemLoader Creating init config 
210755     DEBUG main            d.u.i.k.p.i.AbstractProblemLoader Init config took 2.92s 
210800     INFO  main            d.u.i.k.p.i.AbstractProblemLoader Replaying proof LinkedList[LinkedList::tail()].JML normal_behavior operation contract.0 
210915     DEBUG main            d.u.i.k.p.i.IntermediateProofReplayer Proof replay took 111.27ms 
210916     DEBUG main            d.u.i.k.p.r.p.TestFile    ... success: reloaded. 
2702745    INFO  Test worker     d.u.i.k.p.r.RunAllProofsTestUnit Returning from test VSTTE10 
2702746    INFO  Test worker     d.u.i.k.p.r.RunAllProofsTestUnit Running test WeideEtAl 
441        INFO  Timeout watchdog d.u.i.k.p.r.p.ForkedTestFileRunner Timeout watcher launched (2000 secs.) 
459        WARN  main            d.u.i.k.s.ProofSettings   The settings in /home/runner/.key/proof-settings.props are *not* read. 
495        INFO  main            d.u.i.k.p.r.p.TestFile    Now processing file /home/runner/work/key/key/key.core/../key.ui/examples/heap/WeideEtAl_01_AddAndMultiply/AddAndMultiply_add.key 
627        INFO  main            d.u.i.k.p.i.AbstractProblemLoader Loading environment from /home/runner/work/key/key/key.core/../key.ui/examples/heap/WeideEtAl_01_AddAndMultiply/AddAndMultiply_add.key 
644        DEBUG main            d.u.i.k.p.i.AbstractProblemLoader Environment load took 2.35ms 
890        INFO  main            d.u.i.k.p.i.AbstractProblemLoader Creating init config 
1951       DEBUG main            d.u.i.k.j.TypeConverter   No LDT found for Meta 
1953       DEBUG main            d.u.i.k.j.TypeConverter   No LDT found for Meta 
1956       DEBUG main            d.u.i.k.j.TypeConverter   No LDT found for Meta 
1958       DEBUG main            d.u.i.k.j.TypeConverter   No LDT found for Meta 
3663       DEBUG main            d.u.i.k.j.TypeConverter   No LDT found for JavaBigintExpression 
9955       DEBUG main            d.u.i.k.p.i.AbstractProblemLoader Init config took 9.06s 
10186      INFO  main            d.u.i.k.p.i.AbstractProblemLoader Replaying proof AddAndMultiply[AddAndMultiply::add(int,int)].JML normal_behavior operation contract.0 
10240      DEBUG main            d.u.i.k.p.i.IntermediateProofReplayer Proof replay took 47.8ns 
12394      INFO  main            d.u.i.k.p.r.p.TestFile    ... finished proof: closed. 
12619      INFO  main            d.u.i.k.p.i.AbstractProblemLoader Loading environment from /home/runner/work/key/key/key.core/../key.ui/examples/heap/WeideEtAl_01_AddAndMultiply/AddAndMultiply_add.key.proof 
12626      DEBUG main            d.u.i.k.p.i.AbstractProblemLoader Environment load took 7.07ms 
12630      INFO  main            d.u.i.k.p.i.AbstractProblemLoader Creating init config 
16347      DEBUG main            d.u.i.k.p.i.AbstractProblemLoader Init config took 3.72s 
16422      INFO  main            d.u.i.k.p.i.AbstractProblemLoader Replaying proof AddAndMultiply[AddAndMultiply::add(int,int)].JML normal_behavior operation contract.0 
16839      DEBUG main            d.u.i.k.p.i.IntermediateProofReplayer Proof replay took 406.14ms 
16850      DEBUG main            d.u.i.k.p.r.p.TestFile    ... success: reloaded. 
16855      INFO  main            d.u.i.k.p.r.p.TestFile    Now processing file /home/runner/work/key/key/key.core/../key.ui/examples/heap/WeideEtAl_01_AddAndMultiply/AddAndMultiply_mul.key 
16855      INFO  main            d.u.i.k.p.i.AbstractProblemLoader Loading environment from /home/runner/work/key/key/key.core/../key.ui/examples/heap/WeideEtAl_01_AddAndMultiply/AddAndMultiply_mul.key 
16856      DEBUG main            d.u.i.k.p.i.AbstractProblemLoader Environment load took 289.61ns 
16859      INFO  main            d.u.i.k.p.i.AbstractProblemLoader Creating init config 
20322      DEBUG main            d.u.i.k.p.i.AbstractProblemLoader Init config took 3.46s 
20393      INFO  main            d.u.i.k.p.i.AbstractProblemLoader Replaying proof AddAndMultiply[AddAndMultiply::mul(int,int)].JML normal_behavior operation contract.0 
20397      DEBUG main            d.u.i.k.p.i.IntermediateProofReplayer Proof replay took 6.7ns 
21004      INFO  main            d.u.i.k.p.r.p.TestFile    ... finished proof: closed. 
21192      INFO  main            d.u.i.k.p.i.AbstractProblemLoader Loading environment from /home/runner/work/key/key/key.core/../key.ui/examples/heap/WeideEtAl_01_AddAndMultiply/AddAndMultiply_mul.key.proof 
21192      DEBUG main            d.u.i.k.p.i.AbstractProblemLoader Environment load took 230.51ns 
21194      INFO  main            d.u.i.k.p.i.AbstractProblemLoader Creating init config 
24565      DEBUG main            d.u.i.k.p.i.AbstractProblemLoader Init config took 3.37s 
24626      INFO  main            d.u.i.k.p.i.AbstractProblemLoader Replaying proof AddAndMultiply[AddAndMultiply::mul(int,int)].JML normal_behavior operation contract.0 
24785      DEBUG main            d.u.i.k.p.i.IntermediateProofReplayer Proof replay took 152.32ms 
24786      DEBUG main            d.u.i.k.p.r.p.TestFile    ... success: reloaded. 
24788      INFO  main            d.u.i.k.p.r.p.TestFile    Now processing file /home/runner/work/key/key/key.core/../key.ui/examples/heap/WeideEtAl_02_BinarySearch/BinarySearch_search.key 
24788      INFO  main            d.u.i.k.p.i.AbstractProblemLoader Loading environment from /home/runner/work/key/key/key.core/../key.ui/examples/heap/WeideEtAl_02_BinarySearch/BinarySearch_search.key 
24789      DEBUG main            d.u.i.k.p.i.AbstractProblemLoader Environment load took 256.21ns 
24790      INFO  main            d.u.i.k.p.i.AbstractProblemLoader Creating init config 
28085      DEBUG main            d.u.i.k.p.i.AbstractProblemLoader Init config took 3.29s 
28149      INFO  main            d.u.i.k.p.i.AbstractProblemLoader Replaying proof BinarySearch[BinarySearch::search([I,int)].JML normal_behavior operation contract.0 
28155      DEBUG main            d.u.i.k.p.i.IntermediateProofReplayer Proof replay took 5.9ns 
32227      INFO  main            d.u.i.k.p.r.p.TestFile    ... finished proof: closed. 
32486      INFO  main            d.u.i.k.p.i.AbstractProblemLoader Loading environment from /home/runner/work/key/key/key.core/../key.ui/examples/heap/WeideEtAl_02_BinarySearch/BinarySearch_search.key.proof 
32489      DEBUG main            d.u.i.k.p.i.AbstractProblemLoader Environment load took 3.16ms 
32493      INFO  main            d.u.i.k.p.i.AbstractProblemLoader Creating init config 
35613      DEBUG main            d.u.i.k.p.i.AbstractProblemLoader Init config took 3.12s 
35665      INFO  main            d.u.i.k.p.i.AbstractProblemLoader Replaying proof BinarySearch[BinarySearch::search([I,int)].JML normal_behavior operation contract.0 
36482      DEBUG main            d.u.i.k.p.i.IntermediateProofReplayer Proof replay took 795.98ms 
36484      DEBUG main            d.u.i.k.p.r.p.TestFile    ... success: reloaded. 
2739423    INFO  Test worker     d.u.i.k.p.r.RunAllProofsTestUnit Returning from test WeideEtAl 
2739424    INFO  Test worker     d.u.i.k.p.r.RunAllProofsTestUnit Running test arithmetic 
407        INFO  Timeout watchdog d.u.i.k.p.r.p.ForkedTestFileRunner Timeout watcher launched (2000 secs.) 
423        WARN  main            d.u.i.k.s.ProofSettings   The settings in /home/runner/.key/proof-settings.props are *not* read. 
464        INFO  main            d.u.i.k.p.r.p.TestFile    Now processing file /home/runner/work/key/key/key.core/../key.ui/examples/standard_key/arith/binomial1.key 
627        INFO  main            d.u.i.k.p.i.AbstractProblemLoader Loading environment from /home/runner/work/key/key/key.core/../key.ui/examples/standard_key/arith/binomial1.key 
654        DEBUG main            d.u.i.k.p.i.AbstractProblemLoader Environment load took 2.94ms 
1023       INFO  main            d.u.i.k.p.i.AbstractProblemLoader Creating init config 
2274       DEBUG main            d.u.i.k.j.TypeConverter   No LDT found for Meta 
2275       DEBUG main            d.u.i.k.j.TypeConverter   No LDT found for Meta 
2276       DEBUG main            d.u.i.k.j.TypeConverter   No LDT found for Meta 
2276       DEBUG main            d.u.i.k.j.TypeConverter   No LDT found for Meta 
4147       DEBUG main            d.u.i.k.j.TypeConverter   No LDT found for JavaBigintExpression 
10012      DEBUG main            d.u.i.k.p.i.AbstractProblemLoader Init config took 8.99s 
10093      INFO  main            d.u.i.k.p.i.AbstractProblemLoader Replaying proof binomial1.key 
10143      DEBUG main            d.u.i.k.p.i.IntermediateProofReplayer Proof replay took 36.4ns 
10435      INFO  main            d.u.i.k.p.r.p.TestFile    ... finished proof: closed. 
10554      INFO  main            d.u.i.k.p.i.AbstractProblemLoader Loading environment from /home/runner/work/key/key/key.core/../key.ui/examples/standard_key/arith/binomial1.key.proof 
10555      DEBUG main            d.u.i.k.p.i.AbstractProblemLoader Environment load took 558.02ns 
10560      INFO  main            d.u.i.k.p.i.AbstractProblemLoader Creating init config 
13718      DEBUG main            d.u.i.k.p.i.AbstractProblemLoader Init config took 3.16s 
13753      INFO  main            d.u.i.k.p.i.AbstractProblemLoader Replaying proof binomial1.key.proof 
13774      DEBUG main            d.u.i.k.p.i.IntermediateProofReplayer Proof replay took 15.55ms 
13795      DEBUG main            d.u.i.k.p.r.p.TestFile    ... success: reloaded. 
13799      INFO  main            d.u.i.k.p.r.p.TestFile    Now processing file /home/runner/work/key/key/key.core/../key.ui/examples/standard_key/arith/binomial2.key 
13800      INFO  main            d.u.i.k.p.i.AbstractProblemLoader Loading environment from /home/runner/work/key/key/key.core/../key.ui/examples/standard_key/arith/binomial2.key 
13800      DEBUG main            d.u.i.k.p.i.AbstractProblemLoader Environment load took 268.71ns 
13805      INFO  main            d.u.i.k.p.i.AbstractProblemLoader Creating init config 
16940      DEBUG main            d.u.i.k.p.i.AbstractProblemLoader Init config took 3.14s 
16974      INFO  main            d.u.i.k.p.i.AbstractProblemLoader Replaying proof binomial2.key 
16978      DEBUG main            d.u.i.k.p.i.IntermediateProofReplayer Proof replay took 8.1ns 
17082      INFO  main            d.u.i.k.p.r.p.TestFile    ... finished proof: closed. 
17252      INFO  main            d.u.i.k.p.i.AbstractProblemLoader Loading environment from /home/runner/work/key/key/key.core/../key.ui/examples/standard_key/arith/binomial2.key.proof 
17254      DEBUG main            d.u.i.k.p.i.AbstractProblemLoader Environment load took 1.18ms 
17258      INFO  main            d.u.i.k.p.i.AbstractProblemLoader Creating init config 
20363      DEBUG main            d.u.i.k.p.i.AbstractProblemLoader Init config took 3.1s 
20390      INFO  main            d.u.i.k.p.i.AbstractProblemLoader Replaying proof binomial2.key.proof 
20406      DEBUG main            d.u.i.k.p.i.IntermediateProofReplayer Proof replay took 12.87ms 
20407      DEBUG main            d.u.i.k.p.r.p.TestFile    ... success: reloaded. 
20408      INFO  main            d.u.i.k.p.r.p.TestFile    Now processing file /home/runner/work/key/key/key.core/../key.ui/examples/standard_key/arith/check_jdiv.key 
20409      INFO  main            d.u.i.k.p.i.AbstractProblemLoader Loading environment from /home/runner/work/key/key/key.core/../key.ui/examples/standard_key/arith/check_jdiv.key 
20409      DEBUG main            d.u.i.k.p.i.AbstractProblemLoader Environment load took 272.51ns 
20411      INFO  main            d.u.i.k.p.i.AbstractProblemLoader Creating init config 
23493      DEBUG main            d.u.i.k.p.i.AbstractProblemLoader Init config took 3.08s 
23521      INFO  main            d.u.i.k.p.i.AbstractProblemLoader Replaying proof check_jdiv.key 
23526      DEBUG main            d.u.i.k.p.i.IntermediateProofReplayer Proof replay took 7.1ns 
29929      INFO  main            d.u.i.k.p.r.p.TestFile    ... finished proof: closed. 
30201      INFO  main            d.u.i.k.p.i.AbstractProblemLoader Loading environment from /home/runner/work/key/key/key.core/../key.ui/examples/standard_key/arith/check_jdiv.key.proof 
30201      DEBUG main            d.u.i.k.p.i.AbstractProblemLoader Environment load took 474.71ns 
30204      INFO  main            d.u.i.k.p.i.AbstractProblemLoader Creating init config 
33155      DEBUG main            d.u.i.k.p.i.AbstractProblemLoader Init config took 2.95s 
33180      INFO  main            d.u.i.k.p.i.AbstractProblemLoader Replaying proof check_jdiv.key.proof 
33726      DEBUG main            d.u.i.k.p.i.IntermediateProofReplayer Proof replay took 507.82ms 
33728      DEBUG main            d.u.i.k.p.r.p.TestFile    ... success: reloaded. 
33730      INFO  main            d.u.i.k.p.r.p.TestFile    Now processing file /home/runner/work/key/key/key.core/../key.ui/examples/standard_key/arith/check_jdiv_concrete.key 
33731      INFO  main            d.u.i.k.p.i.AbstractProblemLoader Loading environment from /home/runner/work/key/key/key.core/../key.ui/examples/standard_key/arith/check_jdiv_concrete.key 
33734      DEBUG main            d.u.i.k.p.i.AbstractProblemLoader Environment load took 3.27ms 
33737      INFO  main            d.u.i.k.p.i.AbstractProblemLoader Creating init config 
36556      DEBUG main            d.u.i.k.p.i.AbstractProblemLoader Init config took 2.82s 
36578      INFO  main            d.u.i.k.p.i.AbstractProblemLoader Replaying proof check_jdiv_concrete.key 
36581      DEBUG main            d.u.i.k.p.i.IntermediateProofReplayer Proof replay took 5.7ns 
36684      INFO  main            d.u.i.k.p.r.p.TestFile    ... finished proof: closed. 
36917      INFO  main            d.u.i.k.p.i.AbstractProblemLoader Loading environment from /home/runner/work/key/key/key.core/../key.ui/examples/standard_key/arith/check_jdiv_concrete.key.proof 
36917      DEBUG main            d.u.i.k.p.i.AbstractProblemLoader Environment load took 138.5ns 
36918      INFO  main            d.u.i.k.p.i.AbstractProblemLoader Creating init config 
39816      DEBUG main            d.u.i.k.p.i.AbstractProblemLoader Init config took 2.9s 
39839      INFO  main            d.u.i.k.p.i.AbstractProblemLoader Replaying proof check_jdiv_concrete.key.proof 
39846      DEBUG main            d.u.i.k.p.i.IntermediateProofReplayer Proof replay took 4.64ms 
39847      DEBUG main            d.u.i.k.p.r.p.TestFile    ... success: reloaded. 
39848      INFO  main            d.u.i.k.p.r.p.TestFile    Now processing file /home/runner/work/key/key/key.core/../key.ui/examples/standard_key/arith/check_jdiv_instantiated.key 
39848      INFO  main            d.u.i.k.p.i.AbstractProblemLoader Loading environment from /home/runner/work/key/key/key.core/../key.ui/examples/standard_key/arith/check_jdiv_instantiated.key 
39849      DEBUG main            d.u.i.k.p.i.AbstractProblemLoader Environment load took 120.5ns 
39850      INFO  main            d.u.i.k.p.i.AbstractProblemLoader Creating init config 
42577      DEBUG main            d.u.i.k.p.i.AbstractProblemLoader Init config took 2.73s 
42599      INFO  main            d.u.i.k.p.i.AbstractProblemLoader Replaying proof check_jdiv_instantiated.key 
42601      DEBUG main            d.u.i.k.p.i.IntermediateProofReplayer Proof replay took 6.1ns 
46478      INFO  main            d.u.i.k.p.r.p.TestFile    ... finished proof: closed. 
46762      INFO  main            d.u.i.k.p.i.AbstractProblemLoader Loading environment from /home/runner/work/key/key/key.core/../key.ui/examples/standard_key/arith/check_jdiv_instantiated.key.proof 
46763      DEBUG main            d.u.i.k.p.i.AbstractProblemLoader Environment load took 1.08ms 
46766      INFO  main            d.u.i.k.p.i.AbstractProblemLoader Creating init config 
49504      DEBUG main            d.u.i.k.p.i.AbstractProblemLoader Init config took 2.74s 
49529      INFO  main            d.u.i.k.p.i.AbstractProblemLoader Replaying proof check_jdiv_instantiated.key.proof 
49848      DEBUG main            d.u.i.k.p.i.IntermediateProofReplayer Proof replay took 289.96ms 
49850      DEBUG main            d.u.i.k.p.r.p.TestFile    ... success: reloaded. 
49851      INFO  main            d.u.i.k.p.r.p.TestFile    Now processing file /home/runner/work/key/key/key.core/../key.ui/examples/standard_key/arith/check_jmod.key 
49851      INFO  main            d.u.i.k.p.i.AbstractProblemLoader Loading environment from /home/runner/work/key/key/key.core/../key.ui/examples/standard_key/arith/check_jmod.key 
49851      DEBUG main            d.u.i.k.p.i.AbstractProblemLoader Environment load took 211.91ns 
49853      INFO  main            d.u.i.k.p.i.AbstractProblemLoader Creating init config 
52653      DEBUG main            d.u.i.k.p.i.AbstractProblemLoader Init config took 2.8s 
52677      INFO  main            d.u.i.k.p.i.AbstractProblemLoader Replaying proof check_jmod.key 
52681      DEBUG main            d.u.i.k.p.i.IntermediateProofReplayer Proof replay took 7.1ns 
53285      INFO  main            d.u.i.k.p.r.p.TestFile    ... finished proof: closed. 
53562      INFO  main            d.u.i.k.p.i.AbstractProblemLoader Loading environment from /home/runner/work/key/key/key.core/../key.ui/examples/standard_key/arith/check_jmod.key.proof 
53562      DEBUG main            d.u.i.k.p.i.AbstractProblemLoader Environment load took 155.1ns 
53564      INFO  main            d.u.i.k.p.i.AbstractProblemLoader Creating init config 
56173      DEBUG main            d.u.i.k.p.i.AbstractProblemLoader Init config took 2.61s 
56194      INFO  main            d.u.i.k.p.i.AbstractProblemLoader Replaying proof check_jmod.key.proof 
56256      DEBUG main            d.u.i.k.p.i.IntermediateProofReplayer Proof replay took 57.15ms 
56258      DEBUG main            d.u.i.k.p.r.p.TestFile    ... success: reloaded. 
56259      INFO  main            d.u.i.k.p.r.p.TestFile    Now processing file /home/runner/work/key/key/key.core/../key.ui/examples/standard_key/arith/complexExpressions.key 
56259      INFO  main            d.u.i.k.p.i.AbstractProblemLoader Loading environment from /home/runner/work/key/key/key.core/../key.ui/examples/standard_key/arith/complexExpressions.key 
56260      DEBUG main            d.u.i.k.p.i.AbstractProblemLoader Environment load took 265.61ns 
56261      INFO  main            d.u.i.k.p.i.AbstractProblemLoader Creating init config 
58931      DEBUG main            d.u.i.k.p.i.AbstractProblemLoader Init config took 2.67s 
58956      INFO  main            d.u.i.k.p.i.AbstractProblemLoader Replaying proof complexExpressions.key 
58958      DEBUG main            d.u.i.k.p.i.IntermediateProofReplayer Proof replay took 6.7ns 
59065      INFO  main            d.u.i.k.p.r.p.TestFile    ... finished proof: closed. 
59257      INFO  main            d.u.i.k.p.i.AbstractProblemLoader Loading environment from /home/runner/work/key/key/key.core/../key.ui/examples/standard_key/arith/complexExpressions.key.proof 
59257      DEBUG main            d.u.i.k.p.i.AbstractProblemLoader Environment load took 124.4ns 
59258      INFO  main            d.u.i.k.p.i.AbstractProblemLoader Creating init config 
61968      DEBUG main            d.u.i.k.p.i.AbstractProblemLoader Init config took 2.71s 
61989      INFO  main            d.u.i.k.p.i.AbstractProblemLoader Replaying proof complexExpressions.key.proof 
62002      DEBUG main            d.u.i.k.p.i.IntermediateProofReplayer Proof replay took 10.46ms 
62003      DEBUG main            d.u.i.k.p.r.p.TestFile    ... success: reloaded. 
62003      INFO  main            d.u.i.k.p.r.p.TestFile    Now processing file /home/runner/work/key/key/key.core/../key.ui/examples/standard_key/arith/compound_unaryMinus.key 
62003      INFO  main            d.u.i.k.p.i.AbstractProblemLoader Loading environment from /home/runner/work/key/key/key.core/../key.ui/examples/standard_key/arith/compound_unaryMinus.key 
62004      DEBUG main            d.u.i.k.p.i.AbstractProblemLoader Environment load took 118.3ns 
62005      INFO  main            d.u.i.k.p.i.AbstractProblemLoader Creating init config 
64677      DEBUG main            d.u.i.k.p.i.AbstractProblemLoader Init config took 2.67s 
64696      INFO  main            d.u.i.k.p.i.AbstractProblemLoader Replaying proof compound_unaryMinus.key 
64698      DEBUG main            d.u.i.k.p.i.IntermediateProofReplayer Proof replay took 6.7ns 
64799      INFO  main            d.u.i.k.p.r.p.TestFile    ... finished proof: closed. 
64980      INFO  main            d.u.i.k.p.i.AbstractProblemLoader Loading environment from /home/runner/work/key/key/key.core/../key.ui/examples/standard_key/arith/compound_unaryMinus.key.proof 
64980      DEBUG main            d.u.i.k.p.i.AbstractProblemLoader Environment load took 125.1ns 
64981      INFO  main            d.u.i.k.p.i.AbstractProblemLoader Creating init config 
67595      DEBUG main            d.u.i.k.p.i.AbstractProblemLoader Init config took 2.61s 
67614      INFO  main            d.u.i.k.p.i.AbstractProblemLoader Replaying proof compound_unaryMinus.key.proof 
67624      DEBUG main            d.u.i.k.p.i.IntermediateProofReplayer Proof replay took 8.28ms 
67625      DEBUG main            d.u.i.k.p.r.p.TestFile    ... success: reloaded. 
67626      INFO  main            d.u.i.k.p.r.p.TestFile    Now processing file /home/runner/work/key/key/key.core/../key.ui/examples/standard_key/arith/computation.key 
67626      INFO  main            d.u.i.k.p.i.AbstractProblemLoader Loading environment from /home/runner/work/key/key/key.core/../key.ui/examples/standard_key/arith/computation.key 
67626      DEBUG main            d.u.i.k.p.i.AbstractProblemLoader Environment load took 127.8ns 
67628      INFO  main            d.u.i.k.p.i.AbstractProblemLoader Creating init config 
70296      DEBUG main            d.u.i.k.p.i.AbstractProblemLoader Init config took 2.67s 
70318      INFO  main            d.u.i.k.p.i.AbstractProblemLoader Replaying proof computation.key 
70320      DEBUG main            d.u.i.k.p.i.IntermediateProofReplayer Proof replay took 6.1ns 
72025      INFO  main            d.u.i.k.p.r.p.TestFile    ... finished proof: closed. 
72356      INFO  main            d.u.i.k.p.i.AbstractProblemLoader Loading environment from /home/runner/work/key/key/key.core/../key.ui/examples/standard_key/arith/computation.key.proof 
72356      DEBUG main            d.u.i.k.p.i.AbstractProblemLoader Environment load took 475.71ns 
72358      INFO  main            d.u.i.k.p.i.AbstractProblemLoader Creating init config 
74882      DEBUG main            d.u.i.k.p.i.AbstractProblemLoader Init config took 2.52s 
74905      INFO  main            d.u.i.k.p.i.AbstractProblemLoader Replaying proof computation.key.proof 
75079      DEBUG main            d.u.i.k.p.i.IntermediateProofReplayer Proof replay took 168.83ms 
75080      DEBUG main            d.u.i.k.p.r.p.TestFile    ... success: reloaded. 
75082      INFO  main            d.u.i.k.p.r.p.TestFile    Now processing file /home/runner/work/key/key/key.core/../key.ui/examples/standard_key/arith/cubicSum.key 
75082      INFO  main            d.u.i.k.p.i.AbstractProblemLoader Loading environment from /home/runner/work/key/key/key.core/../key.ui/examples/standard_key/arith/cubicSum.key 
75082      DEBUG main            d.u.i.k.p.i.AbstractProblemLoader Environment load took 257.81ns 
75084      INFO  main            d.u.i.k.p.i.AbstractProblemLoader Creating init config 
77986      DEBUG main            d.u.i.k.p.i.AbstractProblemLoader Init config took 2.9s 
78004      INFO  main            d.u.i.k.p.i.AbstractProblemLoader Replaying proof cubicSum.key 
78007      DEBUG main            d.u.i.k.p.i.IntermediateProofReplayer Proof replay took 20.6ns 
79215      INFO  main            d.u.i.k.p.r.p.TestFile    ... finished proof: closed. 
79510      INFO  main            d.u.i.k.p.i.AbstractProblemLoader Loading environment from /home/runner/work/key/key/key.core/../key.ui/examples/standard_key/arith/cubicSum.key.proof 
79511      DEBUG main            d.u.i.k.p.i.AbstractProblemLoader Environment load took 665.22ns 
79512      INFO  main            d.u.i.k.p.i.AbstractProblemLoader Creating init config 
82195      DEBUG main            d.u.i.k.p.i.AbstractProblemLoader Init config took 2.68s 
82218      INFO  main            d.u.i.k.p.i.AbstractProblemLoader Replaying proof cubicSum.key.proof 
82439      DEBUG main            d.u.i.k.p.i.IntermediateProofReplayer Proof replay took 213.92ms 
82441      DEBUG main            d.u.i.k.p.r.p.TestFile    ... success: reloaded. 
82442      INFO  main            d.u.i.k.p.r.p.TestFile    Now processing file /home/runner/work/key/key/key.core/../key.ui/examples/standard_key/arith/divByZero.key 
82443      INFO  main            d.u.i.k.p.i.AbstractProblemLoader Loading environment from /home/runner/work/key/key/key.core/../key.ui/examples/standard_key/arith/divByZero.key 
82446      DEBUG main            d.u.i.k.p.i.AbstractProblemLoader Environment load took 269.51ns 
82447      INFO  main            d.u.i.k.p.i.AbstractProblemLoader Creating init config 
85205      DEBUG main            d.u.i.k.p.i.AbstractProblemLoader Init config took 2.76s 
85222      INFO  main            d.u.i.k.p.i.AbstractProblemLoader Replaying proof divByZero.key 
85224      DEBUG main            d.u.i.k.p.i.IntermediateProofReplayer Proof replay took 6ns 
85426      INFO  main            d.u.i.k.p.r.p.TestFile    ... finished proof: closed. 
85727      INFO  main            d.u.i.k.p.i.AbstractProblemLoader Loading environment from /home/runner/work/key/key/key.core/../key.ui/examples/standard_key/arith/divByZero.key.proof 
85728      DEBUG main            d.u.i.k.p.i.AbstractProblemLoader Environment load took 169.01ns 
85730      INFO  main            d.u.i.k.p.i.AbstractProblemLoader Creating init config 
88410      DEBUG main            d.u.i.k.p.i.AbstractProblemLoader Init config took 2.68s 
88428      INFO  main            d.u.i.k.p.i.AbstractProblemLoader Replaying proof divByZero.key.proof 
88481      DEBUG main            d.u.i.k.p.i.IntermediateProofReplayer Proof replay took 50.64ms 
88483      DEBUG main            d.u.i.k.p.r.p.TestFile    ... success: reloaded. 
88485      INFO  main            d.u.i.k.p.r.p.TestFile    Now processing file /home/runner/work/key/key/key.core/../key.ui/examples/standard_key/arith/divisionAssoc.key 
88485      INFO  main            d.u.i.k.p.i.AbstractProblemLoader Loading environment from /home/runner/work/key/key/key.core/../key.ui/examples/standard_key/arith/divisionAssoc.key 
88485      DEBUG main            d.u.i.k.p.i.AbstractProblemLoader Environment load took 228.91ns 
88486      INFO  main            d.u.i.k.p.i.AbstractProblemLoader Creating init config 
91106      DEBUG main            d.u.i.k.p.i.AbstractProblemLoader Init config took 2.62s 
91127      INFO  main            d.u.i.k.p.i.AbstractProblemLoader Replaying proof divisionAssoc.key 
91129      DEBUG main            d.u.i.k.p.i.IntermediateProofReplayer Proof replay took 6.8ns 
91937      INFO  main            d.u.i.k.p.r.p.TestFile    ... finished proof: closed. 
92202      INFO  main            d.u.i.k.p.i.AbstractProblemLoader Loading environment from /home/runner/work/key/key/key.core/../key.ui/examples/standard_key/arith/divisionAssoc.key.proof 
92203      DEBUG main            d.u.i.k.p.i.AbstractProblemLoader Environment load took 818.93ns 
92205      INFO  main            d.u.i.k.p.i.AbstractProblemLoader Creating init config 
94835      DEBUG main            d.u.i.k.p.i.AbstractProblemLoader Init config took 2.63s 
94853      INFO  main            d.u.i.k.p.i.AbstractProblemLoader Replaying proof divisionAssoc.key.proof 
94926      DEBUG main            d.u.i.k.p.i.IntermediateProofReplayer Proof replay took 66.9ms 
94927      DEBUG main            d.u.i.k.p.r.p.TestFile    ... success: reloaded. 
94929      INFO  main            d.u.i.k.p.r.p.TestFile    Now processing file /home/runner/work/key/key/key.core/../key.ui/examples/standard_key/arith/divisionBy2.key 
94929      INFO  main            d.u.i.k.p.i.AbstractProblemLoader Loading environment from /home/runner/work/key/key/key.core/../key.ui/examples/standard_key/arith/divisionBy2.key 
94929      DEBUG main            d.u.i.k.p.i.AbstractProblemLoader Environment load took 246.21ns 
94930      INFO  main            d.u.i.k.p.i.AbstractProblemLoader Creating init config 
97732      DEBUG main            d.u.i.k.p.i.AbstractProblemLoader Init config took 2.8s 
97747      INFO  main            d.u.i.k.p.i.AbstractProblemLoader Replaying proof divisionBy2.key 
97749      DEBUG main            d.u.i.k.p.i.IntermediateProofReplayer Proof replay took 6.3ns 
97852      INFO  main            d.u.i.k.p.r.p.TestFile    ... finished proof: closed. 
98129      INFO  main            d.u.i.k.p.i.AbstractProblemLoader Loading environment from /home/runner/work/key/key/key.core/../key.ui/examples/standard_key/arith/divisionBy2.key.proof 
98129      DEBUG main            d.u.i.k.p.i.AbstractProblemLoader Environment load took 133.5ns 
98130      INFO  main            d.u.i.k.p.i.AbstractProblemLoader Creating init config 
100982     DEBUG main            d.u.i.k.p.i.AbstractProblemLoader Init config took 2.85s 
100997     INFO  main            d.u.i.k.p.i.AbstractProblemLoader Replaying proof divisionBy2.key.proof 
101009     DEBUG main            d.u.i.k.p.i.IntermediateProofReplayer Proof replay took 9.87ms 
101010     DEBUG main            d.u.i.k.p.r.p.TestFile    ... success: reloaded. 
101011     INFO  main            d.u.i.k.p.r.p.TestFile    Now processing file /home/runner/work/key/key/key.core/../key.ui/examples/standard_key/arith/euclidean/gcdHelp-post.key 
101011     INFO  main            d.u.i.k.p.i.AbstractProblemLoader Loading environment from /home/runner/work/key/key/key.core/../key.ui/examples/standard_key/arith/euclidean/gcdHelp-post.key 
101012     DEBUG main            d.u.i.k.p.i.AbstractProblemLoader Environment load took 963.93ns 
101013     INFO  main            d.u.i.k.p.i.AbstractProblemLoader Creating init config 
103818     DEBUG main            d.u.i.k.p.i.AbstractProblemLoader Init config took 2.81s 
103835     INFO  main            d.u.i.k.p.i.AbstractProblemLoader Replaying proof gcdHelp-post.key 
103837     DEBUG main            d.u.i.k.p.i.IntermediateProofReplayer Proof replay took 6.7ns 
107561     INFO  main            d.u.i.k.p.r.p.TestFile    ... finished proof: closed. 
107859     INFO  main            d.u.i.k.p.i.AbstractProblemLoader Loading environment from /home/runner/work/key/key/key.core/../key.ui/examples/standard_key/arith/euclidean/gcdHelp-post.key.proof 
107860     DEBUG main            d.u.i.k.p.i.AbstractProblemLoader Environment load took 546.82ns 
107862     INFO  main            d.u.i.k.p.i.AbstractProblemLoader Creating init config 
110580     DEBUG main            d.u.i.k.p.i.AbstractProblemLoader Init config took 2.72s 
110597     INFO  main            d.u.i.k.p.i.AbstractProblemLoader Replaying proof gcdHelp-post.key.proof 
110875     DEBUG main            d.u.i.k.p.i.IntermediateProofReplayer Proof replay took 268.67ms 
110877     DEBUG main            d.u.i.k.p.r.p.TestFile    ... success: reloaded. 
110879     INFO  main            d.u.i.k.p.r.p.TestFile    Now processing file /home/runner/work/key/key/key.core/../key.ui/examples/standard_key/arith/gemplusDecimal/add.key 
110879     INFO  main            d.u.i.k.p.i.AbstractProblemLoader Loading environment from /home/runner/work/key/key/key.core/../key.ui/examples/standard_key/arith/gemplusDecimal/add.key 
110880     DEBUG main            d.u.i.k.p.i.AbstractProblemLoader Environment load took 285.61ns 
110882     INFO  main            d.u.i.k.p.i.AbstractProblemLoader Creating init config 
113744     DEBUG main            d.u.i.k.p.i.AbstractProblemLoader Init config took 2.86s 
113763     INFO  main            d.u.i.k.p.i.AbstractProblemLoader Replaying proof add.key 
113765     DEBUG main            d.u.i.k.p.i.IntermediateProofReplayer Proof replay took 17.9ns 
163435     INFO  main            d.u.i.k.p.r.p.TestFile    ... finished proof: closed. 
163906     INFO  main            d.u.i.k.p.i.AbstractProblemLoader Loading environment from /home/runner/work/key/key/key.core/../key.ui/examples/standard_key/arith/gemplusDecimal/add.key.proof 
163906     DEBUG main            d.u.i.k.p.i.AbstractProblemLoader Environment load took 260.61ns 
163915     INFO  main            d.u.i.k.p.i.AbstractProblemLoader Creating init config 
166522     DEBUG main            d.u.i.k.p.i.AbstractProblemLoader Init config took 2.61s 
166541     INFO  main            d.u.i.k.p.i.AbstractProblemLoader Replaying proof add.key.proof 
171594     DEBUG main            d.u.i.k.p.i.IntermediateProofReplayer Proof replay took 4.92s 
171603     DEBUG main            d.u.i.k.p.r.p.TestFile    ... success: reloaded. 
171604     INFO  main            d.u.i.k.p.r.p.TestFile    Now processing file /home/runner/work/key/key/key.core/../key.ui/examples/standard_key/arith/jdivevenodd.key 
171604     INFO  main            d.u.i.k.p.i.AbstractProblemLoader Loading environment from /home/runner/work/key/key/key.core/../key.ui/examples/standard_key/arith/jdivevenodd.key 
171605     DEBUG main            d.u.i.k.p.i.AbstractProblemLoader Environment load took 256.81ns 
171606     INFO  main            d.u.i.k.p.i.AbstractProblemLoader Creating init config 
174373     DEBUG main            d.u.i.k.p.i.AbstractProblemLoader Init config took 2.77s 
174417     INFO  main            d.u.i.k.p.i.AbstractProblemLoader Replaying proof jdivevenodd.key 
174419     DEBUG main            d.u.i.k.p.i.IntermediateProofReplayer Proof replay took 7.3ns 
174623     INFO  main            d.u.i.k.p.r.p.TestFile    ... finished proof: closed. 
175036     INFO  main            d.u.i.k.p.i.AbstractProblemLoader Loading environment from /home/runner/work/key/key/key.core/../key.ui/examples/standard_key/arith/jdivevenodd.key.proof 
175037     DEBUG main            d.u.i.k.p.i.AbstractProblemLoader Environment load took 129.4ns 
175038     INFO  main            d.u.i.k.p.i.AbstractProblemLoader Creating init config 
177770     DEBUG main            d.u.i.k.p.i.AbstractProblemLoader Init config took 2.73s 
177787     INFO  main            d.u.i.k.p.i.AbstractProblemLoader Replaying proof jdivevenodd.key.proof 
177813     DEBUG main            d.u.i.k.p.i.IntermediateProofReplayer Proof replay took 22.58ms 
177814     DEBUG main            d.u.i.k.p.r.p.TestFile    ... success: reloaded. 
177815     INFO  main            d.u.i.k.p.r.p.TestFile    Now processing file /home/runner/work/key/key/key.core/../key.ui/examples/standard_key/arith/median.key 
177816     INFO  main            d.u.i.k.p.i.AbstractProblemLoader Loading environment from /home/runner/work/key/key/key.core/../key.ui/examples/standard_key/arith/median.key 
177816     DEBUG main            d.u.i.k.p.i.AbstractProblemLoader Environment load took 235.51ns 
177817     INFO  main            d.u.i.k.p.i.AbstractProblemLoader Creating init config 
180444     DEBUG main            d.u.i.k.p.i.AbstractProblemLoader Init config took 2.63s 
180467     INFO  main            d.u.i.k.p.i.AbstractProblemLoader Replaying proof median.key 
180471     DEBUG main            d.u.i.k.p.i.IntermediateProofReplayer Proof replay took 6.3ns 
198415     INFO  main            d.u.i.k.p.r.p.TestFile    ... finished proof: closed. 
198805     INFO  main            d.u.i.k.p.i.AbstractProblemLoader Loading environment from /home/runner/work/key/key/key.core/../key.ui/examples/standard_key/arith/median.key.proof 
198805     DEBUG main            d.u.i.k.p.i.AbstractProblemLoader Environment load took 2.01ms 
198809     INFO  main            d.u.i.k.p.i.AbstractProblemLoader Creating init config 
201381     DEBUG main            d.u.i.k.p.i.AbstractProblemLoader Init config took 2.57s 
201399     INFO  main            d.u.i.k.p.i.AbstractProblemLoader Replaying proof median.key.proof 
202911     DEBUG main            d.u.i.k.p.i.IntermediateProofReplayer Proof replay took 1.44s 
202915     DEBUG main            d.u.i.k.p.r.p.TestFile    ... success: reloaded. 
202916     INFO  main            d.u.i.k.p.r.p.TestFile    Now processing file /home/runner/work/key/key/key.core/../key.ui/examples/standard_key/arith/mod1.key 
202916     INFO  main            d.u.i.k.p.i.AbstractProblemLoader Loading environment from /home/runner/work/key/key/key.core/../key.ui/examples/standard_key/arith/mod1.key 
202916     DEBUG main            d.u.i.k.p.i.AbstractProblemLoader Environment load took 75ns 
202918     INFO  main            d.u.i.k.p.i.AbstractProblemLoader Creating init config 
205523     DEBUG main            d.u.i.k.p.i.AbstractProblemLoader Init config took 2.61s 
205541     INFO  main            d.u.i.k.p.i.AbstractProblemLoader Replaying proof mod1.key 
205543     DEBUG main            d.u.i.k.p.i.IntermediateProofReplayer Proof replay took 11.4ns 
205645     INFO  main            d.u.i.k.p.r.p.TestFile    ... finished proof: closed. 
205997     INFO  main            d.u.i.k.p.i.AbstractProblemLoader Loading environment from /home/runner/work/key/key/key.core/../key.ui/examples/standard_key/arith/mod1.key.proof 
205997     DEBUG main            d.u.i.k.p.i.AbstractProblemLoader Environment load took 116.1ns 
205998     INFO  main            d.u.i.k.p.i.AbstractProblemLoader Creating init config 
208544     DEBUG main            d.u.i.k.p.i.AbstractProblemLoader Init config took 2.55s 
208559     INFO  main            d.u.i.k.p.i.AbstractProblemLoader Replaying proof mod1.key.proof 
208563     DEBUG main            d.u.i.k.p.i.IntermediateProofReplayer Proof replay took 2.54ms 
208564     DEBUG main            d.u.i.k.p.r.p.TestFile    ... success: reloaded. 
208565     INFO  main            d.u.i.k.p.r.p.TestFile    Now processing file /home/runner/work/key/key/key.core/../key.ui/examples/standard_key/arith/mod2.key 
208565     INFO  main            d.u.i.k.p.i.AbstractProblemLoader Loading environment from /home/runner/work/key/key/key.core/../key.ui/examples/standard_key/arith/mod2.key 
208565     DEBUG main            d.u.i.k.p.i.AbstractProblemLoader Environment load took 107.3ns 
208566     INFO  main            d.u.i.k.p.i.AbstractProblemLoader Creating init config 
211177     DEBUG main            d.u.i.k.p.i.AbstractProblemLoader Init config took 2.61s 
211210     INFO  main            d.u.i.k.p.i.AbstractProblemLoader Replaying proof mod2.key 
211212     DEBUG main            d.u.i.k.p.i.IntermediateProofReplayer Proof replay took 6.4ns 
211315     INFO  main            d.u.i.k.p.r.p.TestFile    ... finished proof: closed. 
211587     INFO  main            d.u.i.k.p.i.AbstractProblemLoader Loading environment from /home/runner/work/key/key/key.core/../key.ui/examples/standard_key/arith/mod2.key.proof 
211587     DEBUG main            d.u.i.k.p.i.AbstractProblemLoader Environment load took 131.3ns 
211588     INFO  main            d.u.i.k.p.i.AbstractProblemLoader Creating init config 
214129     DEBUG main            d.u.i.k.p.i.AbstractProblemLoader Init config took 2.54s 
214143     INFO  main            d.u.i.k.p.i.AbstractProblemLoader Replaying proof mod2.key.proof 
214146     DEBUG main            d.u.i.k.p.i.IntermediateProofReplayer Proof replay took 1.86ms 
214147     DEBUG main            d.u.i.k.p.r.p.TestFile    ... success: reloaded. 
214148     INFO  main            d.u.i.k.p.r.p.TestFile    Now processing file /home/runner/work/key/key/key.core/../key.ui/examples/standard_key/arith/mod7.key 
214148     INFO  main            d.u.i.k.p.i.AbstractProblemLoader Loading environment from /home/runner/work/key/key/key.core/../key.ui/examples/standard_key/arith/mod7.key 
214148     DEBUG main            d.u.i.k.p.i.AbstractProblemLoader Environment load took 111.7ns 
214149     INFO  main            d.u.i.k.p.i.AbstractProblemLoader Creating init config 
216739     DEBUG main            d.u.i.k.p.i.AbstractProblemLoader Init config took 2.59s 
216753     INFO  main            d.u.i.k.p.i.AbstractProblemLoader Replaying proof mod7.key 
216754     DEBUG main            d.u.i.k.p.i.IntermediateProofReplayer Proof replay took 6ns 
216861     INFO  main            d.u.i.k.p.r.p.TestFile    ... finished proof: closed. 
217135     INFO  main            d.u.i.k.p.i.AbstractProblemLoader Loading environment from /home/runner/work/key/key/key.core/../key.ui/examples/standard_key/arith/mod7.key.proof 
217135     DEBUG main            d.u.i.k.p.i.AbstractProblemLoader Environment load took 110.6ns 
217137     INFO  main            d.u.i.k.p.i.AbstractProblemLoader Creating init config 
219731     DEBUG main            d.u.i.k.p.i.AbstractProblemLoader Init config took 2.59s 
219744     INFO  main            d.u.i.k.p.i.AbstractProblemLoader Replaying proof mod7.key.proof 
219754     DEBUG main            d.u.i.k.p.i.IntermediateProofReplayer Proof replay took 7.48ms 
219754     DEBUG main            d.u.i.k.p.r.p.TestFile    ... success: reloaded. 
219755     INFO  main            d.u.i.k.p.r.p.TestFile    Now processing file /home/runner/work/key/key/key.core/../key.ui/examples/standard_key/arith/overflow_hija.key 
219755     INFO  main            d.u.i.k.p.i.AbstractProblemLoader Loading environment from /home/runner/work/key/key/key.core/../key.ui/examples/standard_key/arith/overflow_hija.key 
219755     DEBUG main            d.u.i.k.p.i.AbstractProblemLoader Environment load took 68.9ns 
219757     INFO  main            d.u.i.k.p.i.AbstractProblemLoader Creating init config 
222372     DEBUG main            d.u.i.k.p.i.AbstractProblemLoader Init config took 2.62s 
222389     INFO  main            d.u.i.k.p.i.AbstractProblemLoader Replaying proof overflow_hija.key 
222390     DEBUG main            d.u.i.k.p.i.IntermediateProofReplayer Proof replay took 6.1ns 
227605     INFO  main            d.u.i.k.p.r.p.TestFile    ... finished proof: closed. 
227951     INFO  main            d.u.i.k.p.i.AbstractProblemLoader Loading environment from /home/runner/work/key/key/key.core/../key.ui/examples/standard_key/arith/overflow_hija.key.proof 
227951     DEBUG main            d.u.i.k.p.i.AbstractProblemLoader Environment load took 537.42ns 
227954     INFO  main            d.u.i.k.p.i.AbstractProblemLoader Creating init config 
230505     DEBUG main            d.u.i.k.p.i.AbstractProblemLoader Init config took 2.55s 
230524     INFO  main            d.u.i.k.p.i.AbstractProblemLoader Replaying proof overflow_hija.key.proof 
230980     DEBUG main            d.u.i.k.p.i.IntermediateProofReplayer Proof replay took 448ms 
230982     DEBUG main            d.u.i.k.p.r.p.TestFile    ... success: reloaded. 
230983     INFO  main            d.u.i.k.p.r.p.TestFile    Now processing file /home/runner/work/key/key/key.core/../key.ui/examples/standard_key/arith/poly_division0.key 
230984     INFO  main            d.u.i.k.p.i.AbstractProblemLoader Loading environment from /home/runner/work/key/key/key.core/../key.ui/examples/standard_key/arith/poly_division0.key 
230984     DEBUG main            d.u.i.k.p.i.AbstractProblemLoader Environment load took 315.61ns 
230986     INFO  main            d.u.i.k.p.i.AbstractProblemLoader Creating init config 
233679     DEBUG main            d.u.i.k.p.i.AbstractProblemLoader Init config took 2.69s 
233694     INFO  main            d.u.i.k.p.i.AbstractProblemLoader Replaying proof poly_division0.key 
233696     DEBUG main            d.u.i.k.p.i.IntermediateProofReplayer Proof replay took 6.6ns 
233805     INFO  main            d.u.i.k.p.r.p.TestFile    ... finished proof: closed. 
234171     INFO  main            d.u.i.k.p.i.AbstractProblemLoader Loading environment from /home/runner/work/key/key/key.core/../key.ui/examples/standard_key/arith/poly_division0.key.proof 
234171     DEBUG main            d.u.i.k.p.i.AbstractProblemLoader Environment load took 132.9ns 
234173     INFO  main            d.u.i.k.p.i.AbstractProblemLoader Creating init config 
236742     DEBUG main            d.u.i.k.p.i.AbstractProblemLoader Init config took 2.57s 
236757     INFO  main            d.u.i.k.p.i.AbstractProblemLoader Replaying proof poly_division0.key.proof 
236769     DEBUG main            d.u.i.k.p.i.IntermediateProofReplayer Proof replay took 10.3ms 
236770     DEBUG main            d.u.i.k.p.r.p.TestFile    ... success: reloaded. 
236771     INFO  main            d.u.i.k.p.r.p.TestFile    Now processing file /home/runner/work/key/key/key.core/../key.ui/examples/standard_key/arith/poly_division1.key 
236771     INFO  main            d.u.i.k.p.i.AbstractProblemLoader Loading environment from /home/runner/work/key/key/key.core/../key.ui/examples/standard_key/arith/poly_division1.key 
236771     DEBUG main            d.u.i.k.p.i.AbstractProblemLoader Environment load took 648.52ns 
236773     INFO  main            d.u.i.k.p.i.AbstractProblemLoader Creating init config 
239445     DEBUG main            d.u.i.k.p.i.AbstractProblemLoader Init config took 2.67s 
239459     INFO  main            d.u.i.k.p.i.AbstractProblemLoader Replaying proof poly_division1.key 
239460     DEBUG main            d.u.i.k.p.i.IntermediateProofReplayer Proof replay took 6.7ns 
239562     INFO  main            d.u.i.k.p.r.p.TestFile    ... finished proof: closed. 
239887     INFO  main            d.u.i.k.p.i.AbstractProblemLoader Loading environment from /home/runner/work/key/key/key.core/../key.ui/examples/standard_key/arith/poly_division1.key.proof 
239888     DEBUG main            d.u.i.k.p.i.AbstractProblemLoader Environment load took 115.9ns 
239889     INFO  main            d.u.i.k.p.i.AbstractProblemLoader Creating init config 
242492     DEBUG main            d.u.i.k.p.i.AbstractProblemLoader Init config took 2.6s 
242505     INFO  main            d.u.i.k.p.i.AbstractProblemLoader Replaying proof poly_division1.key.proof 
242515     DEBUG main            d.u.i.k.p.i.IntermediateProofReplayer Proof replay took 7.75ms 
242516     DEBUG main            d.u.i.k.p.r.p.TestFile    ... success: reloaded. 
242516     INFO  main            d.u.i.k.p.r.p.TestFile    Now processing file /home/runner/work/key/key/key.core/../key.ui/examples/standard_key/inEqSimp/division.key 
242516     INFO  main            d.u.i.k.p.i.AbstractProblemLoader Loading environment from /home/runner/work/key/key/key.core/../key.ui/examples/standard_key/inEqSimp/division.key 
242517     DEBUG main            d.u.i.k.p.i.AbstractProblemLoader Environment load took 117.6ns 
242518     INFO  main            d.u.i.k.p.i.AbstractProblemLoader Creating init config 
245281     DEBUG main            d.u.i.k.p.i.AbstractProblemLoader Init config took 2.76s 
245305     INFO  main            d.u.i.k.p.i.AbstractProblemLoader Replaying proof division.key 
245307     DEBUG main            d.u.i.k.p.i.IntermediateProofReplayer Proof replay took 8ns 
247634     INFO  main            d.u.i.k.p.r.p.TestFile    ... finished proof: closed. 
247963     INFO  main            d.u.i.k.p.i.AbstractProblemLoader Loading environment from /home/runner/work/key/key/key.core/../key.ui/examples/standard_key/inEqSimp/division.key.proof 
247964     DEBUG main            d.u.i.k.p.i.AbstractProblemLoader Environment load took 503.32ns 
247966     INFO  main            d.u.i.k.p.i.AbstractProblemLoader Creating init config 
250527     DEBUG main            d.u.i.k.p.i.AbstractProblemLoader Init config took 2.56s 
250540     INFO  main            d.u.i.k.p.i.AbstractProblemLoader Replaying proof division.key.proof 
250631     DEBUG main            d.u.i.k.p.i.IntermediateProofReplayer Proof replay took 83.78ms 
250632     DEBUG main            d.u.i.k.p.r.p.TestFile    ... success: reloaded. 
250633     INFO  main            d.u.i.k.p.r.p.TestFile    Now processing file /home/runner/work/key/key/key.core/../key.ui/examples/standard_key/inEqSimp/inequations0.key 
250633     INFO  main            d.u.i.k.p.i.AbstractProblemLoader Loading environment from /home/runner/work/key/key/key.core/../key.ui/examples/standard_key/inEqSimp/inequations0.key 
250633     DEBUG main            d.u.i.k.p.i.AbstractProblemLoader Environment load took 76.5ns 
250634     INFO  main            d.u.i.k.p.i.AbstractProblemLoader Creating init config 
253280     DEBUG main            d.u.i.k.p.i.AbstractProblemLoader Init config took 2.65s 
253295     INFO  main            d.u.i.k.p.i.AbstractProblemLoader Replaying proof inequations0.key 
253296     DEBUG main            d.u.i.k.p.i.IntermediateProofReplayer Proof replay took 44.1ns 
253398     INFO  main            d.u.i.k.p.r.p.TestFile    ... finished proof: closed. 
253759     INFO  main            d.u.i.k.p.i.AbstractProblemLoader Loading environment from /home/runner/work/key/key/key.core/../key.ui/examples/standard_key/inEqSimp/inequations0.key.proof 
253759     DEBUG main            d.u.i.k.p.i.AbstractProblemLoader Environment load took 278.31ns 
253760     INFO  main            d.u.i.k.p.i.AbstractProblemLoader Creating init config 
256386     DEBUG main            d.u.i.k.p.i.AbstractProblemLoader Init config took 2.63s 
256400     INFO  main            d.u.i.k.p.i.AbstractProblemLoader Replaying proof inequations0.key.proof 
256404     DEBUG main            d.u.i.k.p.i.IntermediateProofReplayer Proof replay took 2.67ms 
256405     DEBUG main            d.u.i.k.p.r.p.TestFile    ... success: reloaded. 
256405     INFO  main            d.u.i.k.p.r.p.TestFile    Now processing file /home/runner/work/key/key/key.core/../key.ui/examples/standard_key/inEqSimp/inequations1.key 
256405     INFO  main            d.u.i.k.p.i.AbstractProblemLoader Loading environment from /home/runner/work/key/key/key.core/../key.ui/examples/standard_key/inEqSimp/inequations1.key 
256406     DEBUG main            d.u.i.k.p.i.AbstractProblemLoader Environment load took 126.6ns 
256407     INFO  main            d.u.i.k.p.i.AbstractProblemLoader Creating init config 
259041     DEBUG main            d.u.i.k.p.i.AbstractProblemLoader Init config took 2.63s 
259054     INFO  main            d.u.i.k.p.i.AbstractProblemLoader Replaying proof inequations1.key 
259055     DEBUG main            d.u.i.k.p.i.IntermediateProofReplayer Proof replay took 3.5ns 
259161     INFO  main            d.u.i.k.p.r.p.TestFile    ... finished proof: closed. 
259483     INFO  main            d.u.i.k.p.i.AbstractProblemLoader Loading environment from /home/runner/work/key/key/key.core/../key.ui/examples/standard_key/inEqSimp/inequations1.key.proof 
259483     DEBUG main            d.u.i.k.p.i.AbstractProblemLoader Environment load took 113.6ns 
259485     INFO  main            d.u.i.k.p.i.AbstractProblemLoader Creating init config 
262032     DEBUG main            d.u.i.k.p.i.AbstractProblemLoader Init config took 2.55s 
262047     INFO  main            d.u.i.k.p.i.AbstractProblemLoader Replaying proof inequations1.key.proof 
262050     DEBUG main            d.u.i.k.p.i.IntermediateProofReplayer Proof replay took 1.5ms 
262051     DEBUG main            d.u.i.k.p.r.p.TestFile    ... success: reloaded. 
262052     INFO  main            d.u.i.k.p.r.p.TestFile    Now processing file /home/runner/work/key/key/key.core/../key.ui/examples/standard_key/inEqSimp/inequations2.key 
262052     INFO  main            d.u.i.k.p.i.AbstractProblemLoader Loading environment from /home/runner/work/key/key/key.core/../key.ui/examples/standard_key/inEqSimp/inequations2.key 
262052     DEBUG main            d.u.i.k.p.i.AbstractProblemLoader Environment load took 108.3ns 
262053     INFO  main            d.u.i.k.p.i.AbstractProblemLoader Creating init config 
264679     DEBUG main            d.u.i.k.p.i.AbstractProblemLoader Init config took 2.63s 
264695     INFO  main            d.u.i.k.p.i.AbstractProblemLoader Replaying proof inequations2.key 
264696     DEBUG main            d.u.i.k.p.i.IntermediateProofReplayer Proof replay took 3.3ns 
264798     INFO  main            d.u.i.k.p.r.p.TestFile    ... finished proof: closed. 
265112     INFO  main            d.u.i.k.p.i.AbstractProblemLoader Loading environment from /home/runner/work/key/key/key.core/../key.ui/examples/standard_key/inEqSimp/inequations2.key.proof 
265112     DEBUG main            d.u.i.k.p.i.AbstractProblemLoader Environment load took 130.5ns 
265113     INFO  main            d.u.i.k.p.i.AbstractProblemLoader Creating init config 
267624     DEBUG main            d.u.i.k.p.i.AbstractProblemLoader Init config took 2.51s 
267639     INFO  main            d.u.i.k.p.i.AbstractProblemLoader Replaying proof inequations2.key.proof 
267643     DEBUG main            d.u.i.k.p.i.IntermediateProofReplayer Proof replay took 1.88ms 
267643     DEBUG main            d.u.i.k.p.r.p.TestFile    ... success: reloaded. 
267644     INFO  main            d.u.i.k.p.r.p.TestFile    Now processing file /home/runner/work/key/key/key.core/../key.ui/examples/standard_key/inEqSimp/linApprox.key 
267644     INFO  main            d.u.i.k.p.i.AbstractProblemLoader Loading environment from /home/runner/work/key/key/key.core/../key.ui/examples/standard_key/inEqSimp/linApprox.key 
267645     DEBUG main            d.u.i.k.p.i.AbstractProblemLoader Environment load took 216.61ns 
267646     INFO  main            d.u.i.k.p.i.AbstractProblemLoader Creating init config 
270204     DEBUG main            d.u.i.k.p.i.AbstractProblemLoader Init config took 2.56s 
270219     INFO  main            d.u.i.k.p.i.AbstractProblemLoader Replaying proof linApprox.key 
270220     DEBUG main            d.u.i.k.p.i.IntermediateProofReplayer Proof replay took 3.6ns 
270322     INFO  main            d.u.i.k.p.r.p.TestFile    ... finished proof: closed. 
270646     INFO  main            d.u.i.k.p.i.AbstractProblemLoader Loading environment from /home/runner/work/key/key/key.core/../key.ui/examples/standard_key/inEqSimp/linApprox.key.proof 
270646     DEBUG main            d.u.i.k.p.i.AbstractProblemLoader Environment load took 101.9ns 
270647     INFO  main            d.u.i.k.p.i.AbstractProblemLoader Creating init config 
273090     DEBUG main            d.u.i.k.p.i.AbstractProblemLoader Init config took 2.44s 
273104     INFO  main            d.u.i.k.p.i.AbstractProblemLoader Replaying proof linApprox.key.proof 
273109     DEBUG main            d.u.i.k.p.i.IntermediateProofReplayer Proof replay took 3.06ms 
273109     DEBUG main            d.u.i.k.p.r.p.TestFile    ... success: reloaded. 
273110     INFO  main            d.u.i.k.p.r.p.TestFile    Now processing file /home/runner/work/key/key/key.core/../key.ui/examples/standard_key/inEqSimp/nonLinInEqExample0.key 
273111     INFO  main            d.u.i.k.p.i.AbstractProblemLoader Loading environment from /home/runner/work/key/key/key.core/../key.ui/examples/standard_key/inEqSimp/nonLinInEqExample0.key 
273111     DEBUG main            d.u.i.k.p.i.AbstractProblemLoader Environment load took 75.5ns 
273112     INFO  main            d.u.i.k.p.i.AbstractProblemLoader Creating init config 
275647     DEBUG main            d.u.i.k.p.i.AbstractProblemLoader Init config took 2.54s 
275662     INFO  main            d.u.i.k.p.i.AbstractProblemLoader Replaying proof nonLinInEqExample0.key 
275664     DEBUG main            d.u.i.k.p.i.IntermediateProofReplayer Proof replay took 13.5ns 
275766     INFO  main            d.u.i.k.p.r.p.TestFile    ... finished proof: closed. 
276099     INFO  main            d.u.i.k.p.i.AbstractProblemLoader Loading environment from /home/runner/work/key/key/key.core/../key.ui/examples/standard_key/inEqSimp/nonLinInEqExample0.key.proof 
276099     DEBUG main            d.u.i.k.p.i.AbstractProblemLoader Environment load took 117.7ns 
276100     INFO  main            d.u.i.k.p.i.AbstractProblemLoader Creating init config 
278559     DEBUG main            d.u.i.k.p.i.AbstractProblemLoader Init config took 2.46s 
278573     INFO  main            d.u.i.k.p.i.AbstractProblemLoader Replaying proof nonLinInEqExample0.key.proof 
278576     DEBUG main            d.u.i.k.p.i.IntermediateProofReplayer Proof replay took 1.08ms 
278577     DEBUG main            d.u.i.k.p.r.p.TestFile    ... success: reloaded. 
278577     INFO  main            d.u.i.k.p.r.p.TestFile    Now processing file /home/runner/work/key/key/key.core/../key.ui/examples/standard_key/inEqSimp/nonLinInEqExample2.key 
278577     INFO  main            d.u.i.k.p.i.AbstractProblemLoader Loading environment from /home/runner/work/key/key/key.core/../key.ui/examples/standard_key/inEqSimp/nonLinInEqExample2.key 
278578     DEBUG main            d.u.i.k.p.i.AbstractProblemLoader Environment load took 101.9ns 
278579     INFO  main            d.u.i.k.p.i.AbstractProblemLoader Creating init config 
281141     DEBUG main            d.u.i.k.p.i.AbstractProblemLoader Init config took 2.56s 
281155     INFO  main            d.u.i.k.p.i.AbstractProblemLoader Replaying proof nonLinInEqExample2.key 
281157     DEBUG main            d.u.i.k.p.i.IntermediateProofReplayer Proof replay took 3.4ns 
281560     INFO  main            d.u.i.k.p.r.p.TestFile    ... finished proof: closed. 
281911     INFO  main            d.u.i.k.p.i.AbstractProblemLoader Loading environment from /home/runner/work/key/key/key.core/../key.ui/examples/standard_key/inEqSimp/nonLinInEqExample2.key.proof 
281911     DEBUG main            d.u.i.k.p.i.AbstractProblemLoader Environment load took 428.31ns 
281913     INFO  main            d.u.i.k.p.i.AbstractProblemLoader Creating init config 
284379     DEBUG main            d.u.i.k.p.i.AbstractProblemLoader Init config took 2.47s 
284396     INFO  main            d.u.i.k.p.i.AbstractProblemLoader Replaying proof nonLinInEqExample2.key.proof 
284432     DEBUG main            d.u.i.k.p.i.IntermediateProofReplayer Proof replay took 32.56ms 
284433     DEBUG main            d.u.i.k.p.r.p.TestFile    ... success: reloaded. 
284433     INFO  main            d.u.i.k.p.r.p.TestFile    Now processing file /home/runner/work/key/key/key.core/../key.ui/examples/standard_key/inEqSimp/nonLinInEqExample3.key 
284434     INFO  main            d.u.i.k.p.i.AbstractProblemLoader Loading environment from /home/runner/work/key/key/key.core/../key.ui/examples/standard_key/inEqSimp/nonLinInEqExample3.key 
284434     DEBUG main            d.u.i.k.p.i.AbstractProblemLoader Environment load took 66.2ns 
284435     INFO  main            d.u.i.k.p.i.AbstractProblemLoader Creating init config 
287045     DEBUG main            d.u.i.k.p.i.AbstractProblemLoader Init config took 2.61s 
287058     INFO  main            d.u.i.k.p.i.AbstractProblemLoader Replaying proof nonLinInEqExample3.key 
287060     DEBUG main            d.u.i.k.p.i.IntermediateProofReplayer Proof replay took 2.8ns 
287262     INFO  main            d.u.i.k.p.r.p.TestFile    ... finished proof: closed. 
287616     INFO  main            d.u.i.k.p.i.AbstractProblemLoader Loading environment from /home/runner/work/key/key/key.core/../key.ui/examples/standard_key/inEqSimp/nonLinInEqExample3.key.proof 
287616     DEBUG main            d.u.i.k.p.i.AbstractProblemLoader Environment load took 120ns 
287618     INFO  main            d.u.i.k.p.i.AbstractProblemLoader Creating init config 
290116     DEBUG main            d.u.i.k.p.i.AbstractProblemLoader Init config took 2.5s 
290131     INFO  main            d.u.i.k.p.i.AbstractProblemLoader Replaying proof nonLinInEqExample3.key.proof 
290154     DEBUG main            d.u.i.k.p.i.IntermediateProofReplayer Proof replay took 21.02ms 
290155     DEBUG main            d.u.i.k.p.r.p.TestFile    ... success: reloaded. 
290156     INFO  main            d.u.i.k.p.r.p.TestFile    Now processing file /home/runner/work/key/key/key.core/../key.ui/examples/standard_key/inEqSimp/nonLinInEqExample4.key 
290157     INFO  main            d.u.i.k.p.i.AbstractProblemLoader Loading environment from /home/runner/work/key/key/key.core/../key.ui/examples/standard_key/inEqSimp/nonLinInEqExample4.key 
290157     DEBUG main            d.u.i.k.p.i.AbstractProblemLoader Environment load took 113.5ns 
290158     INFO  main            d.u.i.k.p.i.AbstractProblemLoader Creating init config 
292678     DEBUG main            d.u.i.k.p.i.AbstractProblemLoader Init config took 2.52s 
292691     INFO  main            d.u.i.k.p.i.AbstractProblemLoader Replaying proof nonLinInEqExample4.key 
292693     DEBUG main            d.u.i.k.p.i.IntermediateProofReplayer Proof replay took 2.9ns 
292796     INFO  main            d.u.i.k.p.r.p.TestFile    ... finished proof: closed. 
293173     INFO  main            d.u.i.k.p.i.AbstractProblemLoader Loading environment from /home/runner/work/key/key/key.core/../key.ui/examples/standard_key/inEqSimp/nonLinInEqExample4.key.proof 
293174     DEBUG main            d.u.i.k.p.i.AbstractProblemLoader Environment load took 518.12ns 
293177     INFO  main            d.u.i.k.p.i.AbstractProblemLoader Creating init config 
295667     DEBUG main            d.u.i.k.p.i.AbstractProblemLoader Init config took 2.49s 
295682     INFO  main            d.u.i.k.p.i.AbstractProblemLoader Replaying proof nonLinInEqExample4.key.proof 
295688     DEBUG main            d.u.i.k.p.i.IntermediateProofReplayer Proof replay took 4.69ms 
295689     DEBUG main            d.u.i.k.p.r.p.TestFile    ... success: reloaded. 
295690     INFO  main            d.u.i.k.p.r.p.TestFile    Now processing file /home/runner/work/key/key/key.core/../key.ui/examples/standard_key/inEqSimp/quadraticInEq.key 
295690     INFO  main            d.u.i.k.p.i.AbstractProblemLoader Loading environment from /home/runner/work/key/key/key.core/../key.ui/examples/standard_key/inEqSimp/quadraticInEq.key 
295690     DEBUG main            d.u.i.k.p.i.AbstractProblemLoader Environment load took 100.7ns 
295692     INFO  main            d.u.i.k.p.i.AbstractProblemLoader Creating init config 
298187     DEBUG main            d.u.i.k.p.i.AbstractProblemLoader Init config took 2.5s 
298201     INFO  main            d.u.i.k.p.i.AbstractProblemLoader Replaying proof quadraticInEq.key 
298202     DEBUG main            d.u.i.k.p.i.IntermediateProofReplayer Proof replay took 3.4ns 
298607     INFO  main            d.u.i.k.p.r.p.TestFile    ... finished proof: closed. 
298985     INFO  main            d.u.i.k.p.i.AbstractProblemLoader Loading environment from /home/runner/work/key/key/key.core/../key.ui/examples/standard_key/inEqSimp/quadraticInEq.key.proof 
298985     DEBUG main            d.u.i.k.p.i.AbstractProblemLoader Environment load took 180.21ns 
298986     INFO  main            d.u.i.k.p.i.AbstractProblemLoader Creating init config 
301443     DEBUG main            d.u.i.k.p.i.AbstractProblemLoader Init config took 2.46s 
301457     INFO  main            d.u.i.k.p.i.AbstractProblemLoader Replaying proof quadraticInEq.key.proof 
301511     DEBUG main            d.u.i.k.p.i.IntermediateProofReplayer Proof replay took 49.79ms 
301512     DEBUG main            d.u.i.k.p.r.p.TestFile    ... success: reloaded. 
301513     INFO  main            d.u.i.k.p.r.p.TestFile    Now processing file /home/runner/work/key/key/key.core/../key.ui/examples/standard_key/inEqSimp/quadraticInEq10.key 
301513     INFO  main            d.u.i.k.p.i.AbstractProblemLoader Loading environment from /home/runner/work/key/key/key.core/../key.ui/examples/standard_key/inEqSimp/quadraticInEq10.key 
301514     DEBUG main            d.u.i.k.p.i.AbstractProblemLoader Environment load took 415.31ns 
301515     INFO  main            d.u.i.k.p.i.AbstractProblemLoader Creating init config 
304035     DEBUG main            d.u.i.k.p.i.AbstractProblemLoader Init config took 2.52s 
304048     INFO  main            d.u.i.k.p.i.AbstractProblemLoader Replaying proof quadraticInEq10.key 
304049     DEBUG main            d.u.i.k.p.i.IntermediateProofReplayer Proof replay took 2.9ns 
304256     INFO  main            d.u.i.k.p.r.p.TestFile    ... finished proof: closed. 
304623     INFO  main            d.u.i.k.p.i.AbstractProblemLoader Loading environment from /home/runner/work/key/key/key.core/../key.ui/examples/standard_key/inEqSimp/quadraticInEq10.key.proof 
304623     DEBUG main            d.u.i.k.p.i.AbstractProblemLoader Environment load took 124.4ns 
304624     INFO  main            d.u.i.k.p.i.AbstractProblemLoader Creating init config 
307131     DEBUG main            d.u.i.k.p.i.AbstractProblemLoader Init config took 2.51s 
307145     INFO  main            d.u.i.k.p.i.AbstractProblemLoader Replaying proof quadraticInEq10.key.proof 
307162     DEBUG main            d.u.i.k.p.i.IntermediateProofReplayer Proof replay took 14.82ms 
307163     DEBUG main            d.u.i.k.p.r.p.TestFile    ... success: reloaded. 
307164     INFO  main            d.u.i.k.p.r.p.TestFile    Now processing file /home/runner/work/key/key/key.core/../key.ui/examples/standard_key/inEqSimp/quadraticInEq13.key 
307164     INFO  main            d.u.i.k.p.i.AbstractProblemLoader Loading environment from /home/runner/work/key/key/key.core/../key.ui/examples/standard_key/inEqSimp/quadraticInEq13.key 
307164     DEBUG main            d.u.i.k.p.i.AbstractProblemLoader Environment load took 61.8ns 
307166     INFO  main            d.u.i.k.p.i.AbstractProblemLoader Creating init config 
309704     DEBUG main            d.u.i.k.p.i.AbstractProblemLoader Init config took 2.54s 
309717     INFO  main            d.u.i.k.p.i.AbstractProblemLoader Replaying proof quadraticInEq13.key 
309718     DEBUG main            d.u.i.k.p.i.IntermediateProofReplayer Proof replay took 3.1ns 
310023     INFO  main            d.u.i.k.p.r.p.TestFile    ... finished proof: closed. 
310397     INFO  main            d.u.i.k.p.i.AbstractProblemLoader Loading environment from /home/runner/work/key/key/key.core/../key.ui/examples/standard_key/inEqSimp/quadraticInEq13.key.proof 
310398     DEBUG main            d.u.i.k.p.i.AbstractProblemLoader Environment load took 94.5ns 
310399     INFO  main            d.u.i.k.p.i.AbstractProblemLoader Creating init config 
312928     DEBUG main            d.u.i.k.p.i.AbstractProblemLoader Init config took 2.53s 
312946     INFO  main            d.u.i.k.p.i.AbstractProblemLoader Replaying proof quadraticInEq13.key.proof 
312969     DEBUG main            d.u.i.k.p.i.IntermediateProofReplayer Proof replay took 19.99ms 
312970     DEBUG main            d.u.i.k.p.r.p.TestFile    ... success: reloaded. 
312971     INFO  main            d.u.i.k.p.r.p.TestFile    Now processing file /home/runner/work/key/key/key.core/../key.ui/examples/standard_key/inEqSimp/quadraticInEq14.key 
312971     INFO  main            d.u.i.k.p.i.AbstractProblemLoader Loading environment from /home/runner/work/key/key/key.core/../key.ui/examples/standard_key/inEqSimp/quadraticInEq14.key 
312971     DEBUG main            d.u.i.k.p.i.AbstractProblemLoader Environment load took 64.3ns 
312972     INFO  main            d.u.i.k.p.i.AbstractProblemLoader Creating init config 
315497     DEBUG main            d.u.i.k.p.i.AbstractProblemLoader Init config took 2.52s 
315510     INFO  main            d.u.i.k.p.i.AbstractProblemLoader Replaying proof quadraticInEq14.key 
315512     DEBUG main            d.u.i.k.p.i.IntermediateProofReplayer Proof replay took 3.1ns 
315817     INFO  main            d.u.i.k.p.r.p.TestFile    ... finished proof: closed. 
316214     INFO  main            d.u.i.k.p.i.AbstractProblemLoader Loading environment from /home/runner/work/key/key/key.core/../key.ui/examples/standard_key/inEqSimp/quadraticInEq14.key.proof 
316214     DEBUG main            d.u.i.k.p.i.AbstractProblemLoader Environment load took 90.7ns 
316215     INFO  main            d.u.i.k.p.i.AbstractProblemLoader Creating init config 
318716     DEBUG main            d.u.i.k.p.i.AbstractProblemLoader Init config took 2.5s 
318730     INFO  main            d.u.i.k.p.i.AbstractProblemLoader Replaying proof quadraticInEq14.key.proof 
318756     DEBUG main            d.u.i.k.p.i.IntermediateProofReplayer Proof replay took 23.56ms 
318757     DEBUG main            d.u.i.k.p.r.p.TestFile    ... success: reloaded. 
318758     INFO  main            d.u.i.k.p.r.p.TestFile    Now processing file /home/runner/work/key/key/key.core/../key.ui/examples/standard_key/inEqSimp/quadraticInEq2.key 
318758     INFO  main            d.u.i.k.p.i.AbstractProblemLoader Loading environment from /home/runner/work/key/key/key.core/../key.ui/examples/standard_key/inEqSimp/quadraticInEq2.key 
318758     DEBUG main            d.u.i.k.p.i.AbstractProblemLoader Environment load took 97.3ns 
318759     INFO  main            d.u.i.k.p.i.AbstractProblemLoader Creating init config 
321301     DEBUG main            d.u.i.k.p.i.AbstractProblemLoader Init config took 2.54s 
321315     INFO  main            d.u.i.k.p.i.AbstractProblemLoader Replaying proof quadraticInEq2.key 
321317     DEBUG main            d.u.i.k.p.i.IntermediateProofReplayer Proof replay took 2.9ns 
321419     INFO  main            d.u.i.k.p.r.p.TestFile    ... finished proof: closed. 
321809     INFO  main            d.u.i.k.p.i.AbstractProblemLoader Loading environment from /home/runner/work/key/key/key.core/../key.ui/examples/standard_key/inEqSimp/quadraticInEq2.key.proof 
321809     DEBUG main            d.u.i.k.p.i.AbstractProblemLoader Environment load took 94.1ns 
321810     INFO  main            d.u.i.k.p.i.AbstractProblemLoader Creating init config 
324356     DEBUG main            d.u.i.k.p.i.AbstractProblemLoader Init config took 2.55s 
324369     INFO  main            d.u.i.k.p.i.AbstractProblemLoader Replaying proof quadraticInEq2.key.proof 
324373     DEBUG main            d.u.i.k.p.i.IntermediateProofReplayer Proof replay took 2.43ms 
324375     DEBUG main            d.u.i.k.p.r.p.TestFile    ... success: reloaded. 
324375     INFO  main            d.u.i.k.p.r.p.TestFile    Now processing file /home/runner/work/key/key/key.core/../key.ui/examples/standard_key/inEqSimp/quadraticInEq3.key 
324375     INFO  main            d.u.i.k.p.i.AbstractProblemLoader Loading environment from /home/runner/work/key/key/key.core/../key.ui/examples/standard_key/inEqSimp/quadraticInEq3.key 
324376     DEBUG main            d.u.i.k.p.i.AbstractProblemLoader Environment load took 58.3ns 
324376     INFO  main            d.u.i.k.p.i.AbstractProblemLoader Creating init config 
326920     DEBUG main            d.u.i.k.p.i.AbstractProblemLoader Init config took 2.54s 
326934     INFO  main            d.u.i.k.p.i.AbstractProblemLoader Replaying proof quadraticInEq3.key 
326935     DEBUG main            d.u.i.k.p.i.IntermediateProofReplayer Proof replay took 3ns 
327042     INFO  main            d.u.i.k.p.r.p.TestFile    ... finished proof: closed. 
327416     INFO  main            d.u.i.k.p.i.AbstractProblemLoader Loading environment from /home/runner/work/key/key/key.core/../key.ui/examples/standard_key/inEqSimp/quadraticInEq3.key.proof 
327416     DEBUG main            d.u.i.k.p.i.AbstractProblemLoader Environment load took 92.8ns 
327417     INFO  main            d.u.i.k.p.i.AbstractProblemLoader Creating init config 
329945     DEBUG main            d.u.i.k.p.i.AbstractProblemLoader Init config took 2.53s 
329959     INFO  main            d.u.i.k.p.i.AbstractProblemLoader Replaying proof quadraticInEq3.key.proof 
329968     DEBUG main            d.u.i.k.p.i.IntermediateProofReplayer Proof replay took 7.21ms 
329969     DEBUG main            d.u.i.k.p.r.p.TestFile    ... success: reloaded. 
329969     INFO  main            d.u.i.k.p.r.p.TestFile    Now processing file /home/runner/work/key/key/key.core/../key.ui/examples/standard_key/inEqSimp/quadraticInEq4.key 
329970     INFO  main            d.u.i.k.p.i.AbstractProblemLoader Loading environment from /home/runner/work/key/key/key.core/../key.ui/examples/standard_key/inEqSimp/quadraticInEq4.key 
329970     DEBUG main            d.u.i.k.p.i.AbstractProblemLoader Environment load took 102.2ns 
329971     INFO  main            d.u.i.k.p.i.AbstractProblemLoader Creating init config 
332516     DEBUG main            d.u.i.k.p.i.AbstractProblemLoader Init config took 2.55s 
332531     INFO  main            d.u.i.k.p.i.AbstractProblemLoader Replaying proof quadraticInEq4.key 
332532     DEBUG main            d.u.i.k.p.i.IntermediateProofReplayer Proof replay took 3.3ns 
332634     INFO  main            d.u.i.k.p.r.p.TestFile    ... finished proof: closed. 
333049     INFO  main            d.u.i.k.p.i.AbstractProblemLoader Loading environment from /home/runner/work/key/key/key.core/../key.ui/examples/standard_key/inEqSimp/quadraticInEq4.key.proof 
333049     DEBUG main            d.u.i.k.p.i.AbstractProblemLoader Environment load took 101.6ns 
333050     INFO  main            d.u.i.k.p.i.AbstractProblemLoader Creating init config 
335590     DEBUG main            d.u.i.k.p.i.AbstractProblemLoader Init config took 2.54s 
335604     INFO  main            d.u.i.k.p.i.AbstractProblemLoader Replaying proof quadraticInEq4.key.proof 
335611     DEBUG main            d.u.i.k.p.i.IntermediateProofReplayer Proof replay took 4.74ms 
335612     DEBUG main            d.u.i.k.p.r.p.TestFile    ... success: reloaded. 
335613     INFO  main            d.u.i.k.p.r.p.TestFile    Now processing file /home/runner/work/key/key/key.core/../key.ui/examples/standard_key/inEqSimp/quadraticInEq5.key 
335614     INFO  main            d.u.i.k.p.i.AbstractProblemLoader Loading environment from /home/runner/work/key/key/key.core/../key.ui/examples/standard_key/inEqSimp/quadraticInEq5.key 
335615     DEBUG main            d.u.i.k.p.i.AbstractProblemLoader Environment load took 667.92ns 
335617     INFO  main            d.u.i.k.p.i.AbstractProblemLoader Creating init config 
338181     DEBUG main            d.u.i.k.p.i.AbstractProblemLoader Init config took 2.56s 
338194     INFO  main            d.u.i.k.p.i.AbstractProblemLoader Replaying proof quadraticInEq5.key 
338196     DEBUG main            d.u.i.k.p.i.IntermediateProofReplayer Proof replay took 3.6ns 
338301     INFO  main            d.u.i.k.p.r.p.TestFile    ... finished proof: closed. 
338697     INFO  main            d.u.i.k.p.i.AbstractProblemLoader Loading environment from /home/runner/work/key/key/key.core/../key.ui/examples/standard_key/inEqSimp/quadraticInEq5.key.proof 
338697     DEBUG main            d.u.i.k.p.i.AbstractProblemLoader Environment load took 96.2ns 
338698     INFO  main            d.u.i.k.p.i.AbstractProblemLoader Creating init config 
341174     DEBUG main            d.u.i.k.p.i.AbstractProblemLoader Init config took 2.48s 
341188     INFO  main            d.u.i.k.p.i.AbstractProblemLoader Replaying proof quadraticInEq5.key.proof 
341195     DEBUG main            d.u.i.k.p.i.IntermediateProofReplayer Proof replay took 5.14ms 
341196     DEBUG main            d.u.i.k.p.r.p.TestFile    ... success: reloaded. 
341197     INFO  main            d.u.i.k.p.r.p.TestFile    Now processing file /home/runner/work/key/key/key.core/../key.ui/examples/standard_key/inEqSimp/quadraticInEq6.key 
341197     INFO  main            d.u.i.k.p.i.AbstractProblemLoader Loading environment from /home/runner/work/key/key/key.core/../key.ui/examples/standard_key/inEqSimp/quadraticInEq6.key 
341197     DEBUG main            d.u.i.k.p.i.AbstractProblemLoader Environment load took 139.8ns 
341198     INFO  main            d.u.i.k.p.i.AbstractProblemLoader Creating init config 
343760     DEBUG main            d.u.i.k.p.i.AbstractProblemLoader Init config took 2.56s 
343773     INFO  main            d.u.i.k.p.i.AbstractProblemLoader Replaying proof quadraticInEq6.key 
343775     DEBUG main            d.u.i.k.p.i.IntermediateProofReplayer Proof replay took 3.4ns 
343878     INFO  main            d.u.i.k.p.r.p.TestFile    ... finished proof: closed. 
344292     INFO  main            d.u.i.k.p.i.AbstractProblemLoader Loading environment from /home/runner/work/key/key/key.core/../key.ui/examples/standard_key/inEqSimp/quadraticInEq6.key.proof 
344292     DEBUG main            d.u.i.k.p.i.AbstractProblemLoader Environment load took 112.5ns 
344295     INFO  main            d.u.i.k.p.i.AbstractProblemLoader Creating init config 
346889     DEBUG main            d.u.i.k.p.i.AbstractProblemLoader Init config took 2.59s 
346902     INFO  main            d.u.i.k.p.i.AbstractProblemLoader Replaying proof quadraticInEq6.key.proof 
346909     DEBUG main            d.u.i.k.p.i.IntermediateProofReplayer Proof replay took 5.13ms 
346910     DEBUG main            d.u.i.k.p.r.p.TestFile    ... success: reloaded. 
346910     INFO  main            d.u.i.k.p.r.p.TestFile    Now processing file /home/runner/work/key/key/key.core/../key.ui/examples/standard_key/inEqSimp/quadraticInEq7.key 
346911     INFO  main            d.u.i.k.p.i.AbstractProblemLoader Loading environment from /home/runner/work/key/key/key.core/../key.ui/examples/standard_key/inEqSimp/quadraticInEq7.key 
346911     DEBUG main            d.u.i.k.p.i.AbstractProblemLoader Environment load took 102.5ns 
346912     INFO  main            d.u.i.k.p.i.AbstractProblemLoader Creating init config 
349520     DEBUG main            d.u.i.k.p.i.AbstractProblemLoader Init config took 2.61s 
349535     INFO  main            d.u.i.k.p.i.AbstractProblemLoader Replaying proof quadraticInEq7.key 
349536     DEBUG main            d.u.i.k.p.i.IntermediateProofReplayer Proof replay took 3.8ns 
349638     INFO  main            d.u.i.k.p.r.p.TestFile    ... finished proof: closed. 
350053     INFO  main            d.u.i.k.p.i.AbstractProblemLoader Loading environment from /home/runner/work/key/key/key.core/../key.ui/examples/standard_key/inEqSimp/quadraticInEq7.key.proof 
350053     DEBUG main            d.u.i.k.p.i.AbstractProblemLoader Environment load took 95.9ns 
350054     INFO  main            d.u.i.k.p.i.AbstractProblemLoader Creating init config 
352540     DEBUG main            d.u.i.k.p.i.AbstractProblemLoader Init config took 2.49s 
352555     INFO  main            d.u.i.k.p.i.AbstractProblemLoader Replaying proof quadraticInEq7.key.proof 
352559     DEBUG main            d.u.i.k.p.i.IntermediateProofReplayer Proof replay took 2.66ms 
352559     DEBUG main            d.u.i.k.p.r.p.TestFile    ... success: reloaded. 
352560     INFO  main            d.u.i.k.p.r.p.TestFile    Now processing file /home/runner/work/key/key/key.core/../key.ui/examples/standard_key/inEqSimp/quadraticInEq8.key 
352561     INFO  main            d.u.i.k.p.i.AbstractProblemLoader Loading environment from /home/runner/work/key/key/key.core/../key.ui/examples/standard_key/inEqSimp/quadraticInEq8.key 
352561     DEBUG main            d.u.i.k.p.i.AbstractProblemLoader Environment load took 89.9ns 
352562     INFO  main            d.u.i.k.p.i.AbstractProblemLoader Creating init config 
355105     DEBUG main            d.u.i.k.p.i.AbstractProblemLoader Init config took 2.54s 
355119     INFO  main            d.u.i.k.p.i.AbstractProblemLoader Replaying proof quadraticInEq8.key 
355121     DEBUG main            d.u.i.k.p.i.IntermediateProofReplayer Proof replay took 3.2ns 
355223     INFO  main            d.u.i.k.p.r.p.TestFile    ... finished proof: closed. 
355633     INFO  main            d.u.i.k.p.i.AbstractProblemLoader Loading environment from /home/runner/work/key/key/key.core/../key.ui/examples/standard_key/inEqSimp/quadraticInEq8.key.proof 
355633     DEBUG main            d.u.i.k.p.i.AbstractProblemLoader Environment load took 82.4ns 
355634     INFO  main            d.u.i.k.p.i.AbstractProblemLoader Creating init config 
358150     DEBUG main            d.u.i.k.p.i.AbstractProblemLoader Init config took 2.52s 
358164     INFO  main            d.u.i.k.p.i.AbstractProblemLoader Replaying proof quadraticInEq8.key.proof 
358174     DEBUG main            d.u.i.k.p.i.IntermediateProofReplayer Proof replay took 8.49ms 
358175     DEBUG main            d.u.i.k.p.r.p.TestFile    ... success: reloaded. 
358176     INFO  main            d.u.i.k.p.r.p.TestFile    Now processing file /home/runner/work/key/key/key.core/../key.ui/examples/standard_key/inEqSimp/simplify0.key 
358176     INFO  main            d.u.i.k.p.i.AbstractProblemLoader Loading environment from /home/runner/work/key/key/key.core/../key.ui/examples/standard_key/inEqSimp/simplify0.key 
358176     DEBUG main            d.u.i.k.p.i.AbstractProblemLoader Environment load took 92.1ns 
358177     INFO  main            d.u.i.k.p.i.AbstractProblemLoader Creating init config 
360746     DEBUG main            d.u.i.k.p.i.AbstractProblemLoader Init config took 2.57s 
360760     INFO  main            d.u.i.k.p.i.AbstractProblemLoader Replaying proof simplify0.key 
360761     DEBUG main            d.u.i.k.p.i.IntermediateProofReplayer Proof replay took 2.8ns 
360863     INFO  main            d.u.i.k.p.r.p.TestFile    ... finished proof: closed. 
361293     INFO  main            d.u.i.k.p.i.AbstractProblemLoader Loading environment from /home/runner/work/key/key/key.core/../key.ui/examples/standard_key/inEqSimp/simplify0.key.proof 
361293     DEBUG main            d.u.i.k.p.i.AbstractProblemLoader Environment load took 96ns 
361294     INFO  main            d.u.i.k.p.i.AbstractProblemLoader Creating init config 
363836     DEBUG main            d.u.i.k.p.i.AbstractProblemLoader Init config took 2.54s 
363850     INFO  main            d.u.i.k.p.i.AbstractProblemLoader Replaying proof simplify0.key.proof 
363855     DEBUG main            d.u.i.k.p.i.IntermediateProofReplayer Proof replay took 3.87ms 
363858     DEBUG main            d.u.i.k.p.r.p.TestFile    ... success: reloaded. 
363858     INFO  main            d.u.i.k.p.r.p.TestFile    Now processing file /home/runner/work/key/key/key.core/../key.ui/examples/standard_key/inEqSimp/simplify1.key 
363859     INFO  main            d.u.i.k.p.i.AbstractProblemLoader Loading environment from /home/runner/work/key/key/key.core/../key.ui/examples/standard_key/inEqSimp/simplify1.key 
363859     DEBUG main            d.u.i.k.p.i.AbstractProblemLoader Environment load took 57ns 
363859     INFO  main            d.u.i.k.p.i.AbstractProblemLoader Creating init config 
366429     DEBUG main            d.u.i.k.p.i.AbstractProblemLoader Init config took 2.57s 
366444     INFO  main            d.u.i.k.p.i.AbstractProblemLoader Replaying proof simplify1.key 
366445     DEBUG main            d.u.i.k.p.i.IntermediateProofReplayer Proof replay took 3.3ns 
366547     INFO  main            d.u.i.k.p.r.p.TestFile    ... finished proof: closed. 
366973     INFO  main            d.u.i.k.p.i.AbstractProblemLoader Loading environment from /home/runner/work/key/key/key.core/../key.ui/examples/standard_key/inEqSimp/simplify1.key.proof 
366973     DEBUG main            d.u.i.k.p.i.AbstractProblemLoader Environment load took 98ns 
366974     INFO  main            d.u.i.k.p.i.AbstractProblemLoader Creating init config 
369439     DEBUG main            d.u.i.k.p.i.AbstractProblemLoader Init config took 2.47s 
369453     INFO  main            d.u.i.k.p.i.AbstractProblemLoader Replaying proof simplify1.key.proof 
369455     DEBUG main            d.u.i.k.p.i.IntermediateProofReplayer Proof replay took 1.29ms 
369456     DEBUG main            d.u.i.k.p.r.p.TestFile    ... success: reloaded. 
369456     INFO  main            d.u.i.k.p.r.p.TestFile    Now processing file /home/runner/work/key/key/key.core/../key.ui/examples/standard_key/inEqSimp/simplify2.key 
369456     INFO  main            d.u.i.k.p.i.AbstractProblemLoader Loading environment from /home/runner/work/key/key/key.core/../key.ui/examples/standard_key/inEqSimp/simplify2.key 
369456     DEBUG main            d.u.i.k.p.i.AbstractProblemLoader Environment load took 59.4ns 
369457     INFO  main            d.u.i.k.p.i.AbstractProblemLoader Creating init config 
372050     DEBUG main            d.u.i.k.p.i.AbstractProblemLoader Init config took 2.59s 
372064     INFO  main            d.u.i.k.p.i.AbstractProblemLoader Replaying proof simplify2.key 
372065     DEBUG main            d.u.i.k.p.i.IntermediateProofReplayer Proof replay took 3.4ns 
372267     INFO  main            d.u.i.k.p.r.p.TestFile    ... finished proof: closed. 
372715     INFO  main            d.u.i.k.p.i.AbstractProblemLoader Loading environment from /home/runner/work/key/key/key.core/../key.ui/examples/standard_key/inEqSimp/simplify2.key.proof 
372715     DEBUG main            d.u.i.k.p.i.AbstractProblemLoader Environment load took 84.6ns 
372716     INFO  main            d.u.i.k.p.i.AbstractProblemLoader Creating init config 
375320     DEBUG main            d.u.i.k.p.i.AbstractProblemLoader Init config took 2.6s 
375334     INFO  main            d.u.i.k.p.i.AbstractProblemLoader Replaying proof simplify2.key.proof 
375348     DEBUG main            d.u.i.k.p.i.IntermediateProofReplayer Proof replay took 12.42ms 
375349     DEBUG main            d.u.i.k.p.r.p.TestFile    ... success: reloaded. 
375349     INFO  main            d.u.i.k.p.r.p.TestFile    Now processing file /home/runner/work/key/key/key.core/../key.ui/examples/standard_key/inEqSimp/simplify3.key 
375350     INFO  main            d.u.i.k.p.i.AbstractProblemLoader Loading environment from /home/runner/work/key/key/key.core/../key.ui/examples/standard_key/inEqSimp/simplify3.key 
375350     DEBUG main            d.u.i.k.p.i.AbstractProblemLoader Environment load took 59.3ns 
375351     INFO  main            d.u.i.k.p.i.AbstractProblemLoader Creating init config 
378009     DEBUG main            d.u.i.k.p.i.AbstractProblemLoader Init config took 2.66s 
378025     INFO  main            d.u.i.k.p.i.AbstractProblemLoader Replaying proof simplify3.key 
378026     DEBUG main            d.u.i.k.p.i.IntermediateProofReplayer Proof replay took 3.8ns 
378127     INFO  main            d.u.i.k.p.r.p.TestFile    ... finished proof: closed. 
378627     INFO  main            d.u.i.k.p.i.AbstractProblemLoader Loading environment from /home/runner/work/key/key/key.core/../key.ui/examples/standard_key/inEqSimp/simplify3.key.proof 
378627     DEBUG main            d.u.i.k.p.i.AbstractProblemLoader Environment load took 101.4ns 
378628     INFO  main            d.u.i.k.p.i.AbstractProblemLoader Creating init config 
381277     DEBUG main            d.u.i.k.p.i.AbstractProblemLoader Init config took 2.65s 
381291     INFO  main            d.u.i.k.p.i.AbstractProblemLoader Replaying proof simplify3.key.proof 
381294     DEBUG main            d.u.i.k.p.i.IntermediateProofReplayer Proof replay took 1.98ms 
381295     DEBUG main            d.u.i.k.p.r.p.TestFile    ... success: reloaded. 
381295     INFO  main            d.u.i.k.p.r.p.TestFile    Now processing file /home/runner/work/key/key/key.core/../key.ui/examples/standard_key/inEqSimp/simplify4.key 
381295     INFO  main            d.u.i.k.p.i.AbstractProblemLoader Loading environment from /home/runner/work/key/key/key.core/../key.ui/examples/standard_key/inEqSimp/simplify4.key 
381296     DEBUG main            d.u.i.k.p.i.AbstractProblemLoader Environment load took 112.4ns 
381297     INFO  main            d.u.i.k.p.i.AbstractProblemLoader Creating init config 
383869     DEBUG main            d.u.i.k.p.i.AbstractProblemLoader Init config took 2.57s 
383889     INFO  main            d.u.i.k.p.i.AbstractProblemLoader Replaying proof simplify4.key 
383890     DEBUG main            d.u.i.k.p.i.IntermediateProofReplayer Proof replay took 3.3ns 
383993     INFO  main            d.u.i.k.p.r.p.TestFile    ... finished proof: closed. 
384470     INFO  main            d.u.i.k.p.i.AbstractProblemLoader Loading environment from /home/runner/work/key/key/key.core/../key.ui/examples/standard_key/inEqSimp/simplify4.key.proof 
384470     DEBUG main            d.u.i.k.p.i.AbstractProblemLoader Environment load took 81.4ns 
384471     INFO  main            d.u.i.k.p.i.AbstractProblemLoader Creating init config 
386958     DEBUG main            d.u.i.k.p.i.AbstractProblemLoader Init config took 2.49s 
386975     INFO  main            d.u.i.k.p.i.AbstractProblemLoader Replaying proof simplify4.key.proof 
386994     DEBUG main            d.u.i.k.p.i.IntermediateProofReplayer Proof replay took 16.74ms 
386995     DEBUG main            d.u.i.k.p.r.p.TestFile    ... success: reloaded. 
386995     INFO  main            d.u.i.k.p.r.p.TestFile    Now processing file /home/runner/work/key/key/key.core/../key.ui/examples/standard_key/inEqSimp/simplify5.key 
386995     INFO  main            d.u.i.k.p.i.AbstractProblemLoader Loading environment from /home/runner/work/key/key/key.core/../key.ui/examples/standard_key/inEqSimp/simplify5.key 
386996     DEBUG main            d.u.i.k.p.i.AbstractProblemLoader Environment load took 117.8ns 
386997     INFO  main            d.u.i.k.p.i.AbstractProblemLoader Creating init config 
389551     DEBUG main            d.u.i.k.p.i.AbstractProblemLoader Init config took 2.55s 
389564     INFO  main            d.u.i.k.p.i.AbstractProblemLoader Replaying proof simplify5.key 
389566     DEBUG main            d.u.i.k.p.i.IntermediateProofReplayer Proof replay took 3.1ns 
390170     INFO  main            d.u.i.k.p.r.p.TestFile    ... finished proof: closed. 
390650     INFO  main            d.u.i.k.p.i.AbstractProblemLoader Loading environment from /home/runner/work/key/key/key.core/../key.ui/examples/standard_key/inEqSimp/simplify5.key.proof 
390650     DEBUG main            d.u.i.k.p.i.AbstractProblemLoader Environment load took 86.6ns 
390653     INFO  main            d.u.i.k.p.i.AbstractProblemLoader Creating init config 
393100     DEBUG main            d.u.i.k.p.i.AbstractProblemLoader Init config took 2.45s 
393114     INFO  main            d.u.i.k.p.i.AbstractProblemLoader Replaying proof simplify5.key.proof 
393174     DEBUG main            d.u.i.k.p.i.IntermediateProofReplayer Proof replay took 54.97ms 
393175     DEBUG main            d.u.i.k.p.r.p.TestFile    ... success: reloaded. 
393176     INFO  main            d.u.i.k.p.r.p.TestFile    Now processing file /home/runner/work/key/key/key.core/../key.ui/examples/standard_key/inEqSimp/subsumptionExample.key 
393176     INFO  main            d.u.i.k.p.i.AbstractProblemLoader Loading environment from /home/runner/work/key/key/key.core/../key.ui/examples/standard_key/inEqSimp/subsumptionExample.key 
393176     DEBUG main            d.u.i.k.p.i.AbstractProblemLoader Environment load took 78.5ns 
393177     INFO  main            d.u.i.k.p.i.AbstractProblemLoader Creating init config 
395710     DEBUG main            d.u.i.k.p.i.AbstractProblemLoader Init config took 2.53s 
395733     INFO  main            d.u.i.k.p.i.AbstractProblemLoader Replaying proof subsumptionExample.key 
395734     DEBUG main            d.u.i.k.p.i.IntermediateProofReplayer Proof replay took 2.9ns 
395836     INFO  main            d.u.i.k.p.r.p.TestFile    ... finished proof: closed. 
396299     INFO  main            d.u.i.k.p.i.AbstractProblemLoader Loading environment from /home/runner/work/key/key/key.core/../key.ui/examples/standard_key/inEqSimp/subsumptionExample.key.proof 
396299     DEBUG main            d.u.i.k.p.i.AbstractProblemLoader Environment load took 82.2ns 
396300     INFO  main            d.u.i.k.p.i.AbstractProblemLoader Creating init config 
398764     DEBUG main            d.u.i.k.p.i.AbstractProblemLoader Init config took 2.46s 
398777     INFO  main            d.u.i.k.p.i.AbstractProblemLoader Replaying proof subsumptionExample.key.proof 
398779     DEBUG main            d.u.i.k.p.i.IntermediateProofReplayer Proof replay took 830.23ns 
398780     DEBUG main            d.u.i.k.p.r.p.TestFile    ... success: reloaded. 
398780     INFO  main            d.u.i.k.p.r.p.TestFile    Now processing file /home/runner/work/key/key/key.core/../key.ui/examples/standard_key/polySimp/simplify0.key 
398780     INFO  main            d.u.i.k.p.i.AbstractProblemLoader Loading environment from /home/runner/work/key/key/key.core/../key.ui/examples/standard_key/polySimp/simplify0.key 
398780     DEBUG main            d.u.i.k.p.i.AbstractProblemLoader Environment load took 81.3ns 
398781     INFO  main            d.u.i.k.p.i.AbstractProblemLoader Creating init config 
401294     DEBUG main            d.u.i.k.p.i.AbstractProblemLoader Init config took 2.51s 
401311     INFO  main            d.u.i.k.p.i.AbstractProblemLoader Replaying proof simplify0.key 
401312     DEBUG main            d.u.i.k.p.i.IntermediateProofReplayer Proof replay took 3.6ns 
401515     INFO  main            d.u.i.k.p.r.p.TestFile    ... finished proof: closed. 
402017     INFO  main            d.u.i.k.p.i.AbstractProblemLoader Loading environment from /home/runner/work/key/key/key.core/../key.ui/examples/standard_key/polySimp/simplify0.key.proof 
402017     DEBUG main            d.u.i.k.p.i.AbstractProblemLoader Environment load took 93.1ns 
402018     INFO  main            d.u.i.k.p.i.AbstractProblemLoader Creating init config 
404550     DEBUG main            d.u.i.k.p.i.AbstractProblemLoader Init config took 2.53s 
404565     INFO  main            d.u.i.k.p.i.AbstractProblemLoader Replaying proof simplify0.key.proof 
404590     DEBUG main            d.u.i.k.p.i.IntermediateProofReplayer Proof replay took 20.3ms 
404591     DEBUG main            d.u.i.k.p.r.p.TestFile    ... success: reloaded. 
404592     INFO  main            d.u.i.k.p.r.p.TestFile    Now processing file /home/runner/work/key/key/key.core/../key.ui/examples/standard_key/polySimp/simplify1.key 
404592     INFO  main            d.u.i.k.p.i.AbstractProblemLoader Loading environment from /home/runner/work/key/key/key.core/../key.ui/examples/standard_key/polySimp/simplify1.key 
404592     DEBUG main            d.u.i.k.p.i.AbstractProblemLoader Environment load took 116.3ns 
404593     INFO  main            d.u.i.k.p.i.AbstractProblemLoader Creating init config 
407213     DEBUG main            d.u.i.k.p.i.AbstractProblemLoader Init config took 2.62s 
407228     INFO  main            d.u.i.k.p.i.AbstractProblemLoader Replaying proof simplify1.key 
407229     DEBUG main            d.u.i.k.p.i.IntermediateProofReplayer Proof replay took 3.4ns 
407533     INFO  main            d.u.i.k.p.r.p.TestFile    ... finished proof: closed. 
408061     INFO  main            d.u.i.k.p.i.AbstractProblemLoader Loading environment from /home/runner/work/key/key/key.core/../key.ui/examples/standard_key/polySimp/simplify1.key.proof 
408061     DEBUG main            d.u.i.k.p.i.AbstractProblemLoader Environment load took 89.9ns 
408062     INFO  main            d.u.i.k.p.i.AbstractProblemLoader Creating init config 
410623     DEBUG main            d.u.i.k.p.i.AbstractProblemLoader Init config took 2.56s 
410638     INFO  main            d.u.i.k.p.i.AbstractProblemLoader Replaying proof simplify1.key.proof 
410666     DEBUG main            d.u.i.k.p.i.IntermediateProofReplayer Proof replay took 26.34ms 
410667     DEBUG main            d.u.i.k.p.r.p.TestFile    ... success: reloaded. 
410668     INFO  main            d.u.i.k.p.r.p.TestFile    Now processing file /home/runner/work/key/key/key.core/../key.ui/examples/standard_key/polySimp/simplify10.key 
410668     INFO  main            d.u.i.k.p.i.AbstractProblemLoader Loading environment from /home/runner/work/key/key/key.core/../key.ui/examples/standard_key/polySimp/simplify10.key 
410668     DEBUG main            d.u.i.k.p.i.AbstractProblemLoader Environment load took 56.6ns 
410670     INFO  main            d.u.i.k.p.i.AbstractProblemLoader Creating init config 
413256     DEBUG main            d.u.i.k.p.i.AbstractProblemLoader Init config took 2.59s 
413271     INFO  main            d.u.i.k.p.i.AbstractProblemLoader Replaying proof simplify10.key 
413273     DEBUG main            d.u.i.k.p.i.IntermediateProofReplayer Proof replay took 2.7ns 
413576     INFO  main            d.u.i.k.p.r.p.TestFile    ... finished proof: closed. 
414101     INFO  main            d.u.i.k.p.i.AbstractProblemLoader Loading environment from /home/runner/work/key/key/key.core/../key.ui/examples/standard_key/polySimp/simplify10.key.proof 
414101     DEBUG main            d.u.i.k.p.i.AbstractProblemLoader Environment load took 85.7ns 
414106     INFO  main            d.u.i.k.p.i.AbstractProblemLoader Creating init config 
416687     DEBUG main            d.u.i.k.p.i.AbstractProblemLoader Init config took 2.58s 
416710     INFO  main            d.u.i.k.p.i.AbstractProblemLoader Replaying proof simplify10.key.proof 
416750     DEBUG main            d.u.i.k.p.i.IntermediateProofReplayer Proof replay took 37.49ms 
416751     DEBUG main            d.u.i.k.p.r.p.TestFile    ... success: reloaded. 
416752     INFO  main            d.u.i.k.p.r.p.TestFile    Now processing file /home/runner/work/key/key/key.core/../key.ui/examples/standard_key/polySimp/simplify11.key 
416752     INFO  main            d.u.i.k.p.i.AbstractProblemLoader Loading environment from /home/runner/work/key/key/key.core/../key.ui/examples/standard_key/polySimp/simplify11.key 
416752     DEBUG main            d.u.i.k.p.i.AbstractProblemLoader Environment load took 89.7ns 
416753     INFO  main            d.u.i.k.p.i.AbstractProblemLoader Creating init config 
419314     DEBUG main            d.u.i.k.p.i.AbstractProblemLoader Init config took 2.56s 
419328     INFO  main            d.u.i.k.p.i.AbstractProblemLoader Replaying proof simplify11.key 
419329     DEBUG main            d.u.i.k.p.i.IntermediateProofReplayer Proof replay took 2.8ns 
419631     INFO  main            d.u.i.k.p.r.p.TestFile    ... finished proof: closed. 
420158     INFO  main            d.u.i.k.p.i.AbstractProblemLoader Loading environment from /home/runner/work/key/key/key.core/../key.ui/examples/standard_key/polySimp/simplify11.key.proof 
420158     DEBUG main            d.u.i.k.p.i.AbstractProblemLoader Environment load took 153.31ns 
420159     INFO  main            d.u.i.k.p.i.AbstractProblemLoader Creating init config 
422728     DEBUG main            d.u.i.k.p.i.AbstractProblemLoader Init config took 2.57s 
422745     INFO  main            d.u.i.k.p.i.AbstractProblemLoader Replaying proof simplify11.key.proof 
422769     DEBUG main            d.u.i.k.p.i.IntermediateProofReplayer Proof replay took 21.78ms 
422770     DEBUG main            d.u.i.k.p.r.p.TestFile    ... success: reloaded. 
422771     INFO  main            d.u.i.k.p.r.p.TestFile    Now processing file /home/runner/work/key/key/key.core/../key.ui/examples/standard_key/polySimp/simplify12.key 
422771     INFO  main            d.u.i.k.p.i.AbstractProblemLoader Loading environment from /home/runner/work/key/key/key.core/../key.ui/examples/standard_key/polySimp/simplify12.key 
422771     DEBUG main            d.u.i.k.p.i.AbstractProblemLoader Environment load took 55.6ns 
422773     INFO  main            d.u.i.k.p.i.AbstractProblemLoader Creating init config 
425296     DEBUG main            d.u.i.k.p.i.AbstractProblemLoader Init config took 2.52s 
425312     INFO  main            d.u.i.k.p.i.AbstractProblemLoader Replaying proof simplify12.key 
425313     DEBUG main            d.u.i.k.p.i.IntermediateProofReplayer Proof replay took 3.2ns 
425415     INFO  main            d.u.i.k.p.r.p.TestFile    ... finished proof: closed. 
425940     INFO  main            d.u.i.k.p.i.AbstractProblemLoader Loading environment from /home/runner/work/key/key/key.core/../key.ui/examples/standard_key/polySimp/simplify12.key.proof 
425940     DEBUG main            d.u.i.k.p.i.AbstractProblemLoader Environment load took 105.6ns 
425942     INFO  main            d.u.i.k.p.i.AbstractProblemLoader Creating init config 
428490     DEBUG main            d.u.i.k.p.i.AbstractProblemLoader Init config took 2.55s 
428504     INFO  main            d.u.i.k.p.i.AbstractProblemLoader Replaying proof simplify12.key.proof 
428517     DEBUG main            d.u.i.k.p.i.IntermediateProofReplayer Proof replay took 11.16ms 
428518     DEBUG main            d.u.i.k.p.r.p.TestFile    ... success: reloaded. 
428519     INFO  main            d.u.i.k.p.r.p.TestFile    Now processing file /home/runner/work/key/key/key.core/../key.ui/examples/standard_key/polySimp/simplify13.key 
428519     INFO  main            d.u.i.k.p.i.AbstractProblemLoader Loading environment from /home/runner/work/key/key/key.core/../key.ui/examples/standard_key/polySimp/simplify13.key 
428519     DEBUG main            d.u.i.k.p.i.AbstractProblemLoader Environment load took 59.6ns 
428520     INFO  main            d.u.i.k.p.i.AbstractProblemLoader Creating init config 
431096     DEBUG main            d.u.i.k.p.i.AbstractProblemLoader Init config took 2.58s 
431109     INFO  main            d.u.i.k.p.i.AbstractProblemLoader Replaying proof simplify13.key 
431110     DEBUG main            d.u.i.k.p.i.IntermediateProofReplayer Proof replay took 2.7ns 
431212     INFO  main            d.u.i.k.p.r.p.TestFile    ... finished proof: closed. 
431731     INFO  main            d.u.i.k.p.i.AbstractProblemLoader Loading environment from /home/runner/work/key/key/key.core/../key.ui/examples/standard_key/polySimp/simplify13.key.proof 
431732     DEBUG main            d.u.i.k.p.i.AbstractProblemLoader Environment load took 130.5ns 
431733     INFO  main            d.u.i.k.p.i.AbstractProblemLoader Creating init config 
434266     DEBUG main            d.u.i.k.p.i.AbstractProblemLoader Init config took 2.53s 
434282     INFO  main            d.u.i.k.p.i.AbstractProblemLoader Replaying proof simplify13.key.proof 
434289     DEBUG main            d.u.i.k.p.i.IntermediateProofReplayer Proof replay took 5.83ms 
434290     DEBUG main            d.u.i.k.p.r.p.TestFile    ... success: reloaded. 
434291     INFO  main            d.u.i.k.p.r.p.TestFile    Now processing file /home/runner/work/key/key/key.core/../key.ui/examples/standard_key/polySimp/simplify14.key 
434291     INFO  main            d.u.i.k.p.i.AbstractProblemLoader Loading environment from /home/runner/work/key/key/key.core/../key.ui/examples/standard_key/polySimp/simplify14.key 
434291     DEBUG main            d.u.i.k.p.i.AbstractProblemLoader Environment load took 53.8ns 
434292     INFO  main            d.u.i.k.p.i.AbstractProblemLoader Creating init config 
436878     DEBUG main            d.u.i.k.p.i.AbstractProblemLoader Init config took 2.59s 
436893     INFO  main            d.u.i.k.p.i.AbstractProblemLoader Replaying proof simplify14.key 
436894     DEBUG main            d.u.i.k.p.i.IntermediateProofReplayer Proof replay took 3ns 
436996     INFO  main            d.u.i.k.p.r.p.TestFile    ... finished proof: closed. 
437526     INFO  main            d.u.i.k.p.i.AbstractProblemLoader Loading environment from /home/runner/work/key/key/key.core/../key.ui/examples/standard_key/polySimp/simplify14.key.proof 
437526     DEBUG main            d.u.i.k.p.i.AbstractProblemLoader Environment load took 84ns 
437527     INFO  main            d.u.i.k.p.i.AbstractProblemLoader Creating init config 
440056     DEBUG main            d.u.i.k.p.i.AbstractProblemLoader Init config took 2.53s 
440071     INFO  main            d.u.i.k.p.i.AbstractProblemLoader Replaying proof simplify14.key.proof 
440074     DEBUG main            d.u.i.k.p.i.IntermediateProofReplayer Proof replay took 1.66ms 
440075     DEBUG main            d.u.i.k.p.r.p.TestFile    ... success: reloaded. 
440075     INFO  main            d.u.i.k.p.r.p.TestFile    Now processing file /home/runner/work/key/key/key.core/../key.ui/examples/standard_key/polySimp/simplify15.key 
440075     INFO  main            d.u.i.k.p.i.AbstractProblemLoader Loading environment from /home/runner/work/key/key/key.core/../key.ui/examples/standard_key/polySimp/simplify15.key 
440075     DEBUG main            d.u.i.k.p.i.AbstractProblemLoader Environment load took 79.5ns 
440076     INFO  main            d.u.i.k.p.i.AbstractProblemLoader Creating init config 
442708     DEBUG main            d.u.i.k.p.i.AbstractProblemLoader Init config took 2.63s 
442726     INFO  main            d.u.i.k.p.i.AbstractProblemLoader Replaying proof simplify15.key 
442727     DEBUG main            d.u.i.k.p.i.IntermediateProofReplayer Proof replay took 3ns 
442828     INFO  main            d.u.i.k.p.r.p.TestFile    ... finished proof: closed. 
443381     INFO  main            d.u.i.k.p.i.AbstractProblemLoader Loading environment from /home/runner/work/key/key/key.core/../key.ui/examples/standard_key/polySimp/simplify15.key.proof 
443381     DEBUG main            d.u.i.k.p.i.AbstractProblemLoader Environment load took 95.7ns 
443382     INFO  main            d.u.i.k.p.i.AbstractProblemLoader Creating init config 
445931     DEBUG main            d.u.i.k.p.i.AbstractProblemLoader Init config took 2.55s 
445945     INFO  main            d.u.i.k.p.i.AbstractProblemLoader Replaying proof simplify15.key.proof 
445947     DEBUG main            d.u.i.k.p.i.IntermediateProofReplayer Proof replay took 815.93ns 
445948     DEBUG main            d.u.i.k.p.r.p.TestFile    ... success: reloaded. 
445948     INFO  main            d.u.i.k.p.r.p.TestFile    Now processing file /home/runner/work/key/key/key.core/../key.ui/examples/standard_key/polySimp/simplify16.key 
445948     INFO  main            d.u.i.k.p.i.AbstractProblemLoader Loading environment from /home/runner/work/key/key/key.core/../key.ui/examples/standard_key/polySimp/simplify16.key 
445948     DEBUG main            d.u.i.k.p.i.AbstractProblemLoader Environment load took 80.2ns 
445949     INFO  main            d.u.i.k.p.i.AbstractProblemLoader Creating init config 
448480     DEBUG main            d.u.i.k.p.i.AbstractProblemLoader Init config took 2.53s 
448493     INFO  main            d.u.i.k.p.i.AbstractProblemLoader Replaying proof simplify16.key 
448495     DEBUG main            d.u.i.k.p.i.IntermediateProofReplayer Proof replay took 3.3ns 
448596     INFO  main            d.u.i.k.p.r.p.TestFile    ... finished proof: closed. 
449112     INFO  main            d.u.i.k.p.i.AbstractProblemLoader Loading environment from /home/runner/work/key/key/key.core/../key.ui/examples/standard_key/polySimp/simplify16.key.proof 
449112     DEBUG main            d.u.i.k.p.i.AbstractProblemLoader Environment load took 79.2ns 
449113     INFO  main            d.u.i.k.p.i.AbstractProblemLoader Creating init config 
451643     DEBUG main            d.u.i.k.p.i.AbstractProblemLoader Init config took 2.53s 
451656     INFO  main            d.u.i.k.p.i.AbstractProblemLoader Replaying proof simplify16.key.proof 
451658     DEBUG main            d.u.i.k.p.i.IntermediateProofReplayer Proof replay took 596.22ns 
451659     DEBUG main            d.u.i.k.p.r.p.TestFile    ... success: reloaded. 
451660     INFO  main            d.u.i.k.p.r.p.TestFile    Now processing file /home/runner/work/key/key/key.core/../key.ui/examples/standard_key/polySimp/simplify17.key 
451660     INFO  main            d.u.i.k.p.i.AbstractProblemLoader Loading environment from /home/runner/work/key/key/key.core/../key.ui/examples/standard_key/polySimp/simplify17.key 
451660     DEBUG main            d.u.i.k.p.i.AbstractProblemLoader Environment load took 55.3ns 
451661     INFO  main            d.u.i.k.p.i.AbstractProblemLoader Creating init config 
454129     DEBUG main            d.u.i.k.p.i.AbstractProblemLoader Init config took 2.47s 
454143     INFO  main            d.u.i.k.p.i.AbstractProblemLoader Replaying proof simplify17.key 
454144     DEBUG main            d.u.i.k.p.i.IntermediateProofReplayer Proof replay took 3.1ns 
454246     INFO  main            d.u.i.k.p.r.p.TestFile    ... finished proof: closed. 
454778     INFO  main            d.u.i.k.p.i.AbstractProblemLoader Loading environment from /home/runner/work/key/key/key.core/../key.ui/examples/standard_key/polySimp/simplify17.key.proof 
454778     DEBUG main            d.u.i.k.p.i.AbstractProblemLoader Environment load took 80.2ns 
454779     INFO  main            d.u.i.k.p.i.AbstractProblemLoader Creating init config 
457233     DEBUG main            d.u.i.k.p.i.AbstractProblemLoader Init config took 2.45s 
457247     INFO  main            d.u.i.k.p.i.AbstractProblemLoader Replaying proof simplify17.key.proof 
457258     DEBUG main            d.u.i.k.p.i.IntermediateProofReplayer Proof replay took 6.68ms 
457259     DEBUG main            d.u.i.k.p.r.p.TestFile    ... success: reloaded. 
457259     INFO  main            d.u.i.k.p.r.p.TestFile    Now processing file /home/runner/work/key/key/key.core/../key.ui/examples/standard_key/polySimp/simplify18.key 
457259     INFO  main            d.u.i.k.p.i.AbstractProblemLoader Loading environment from /home/runner/work/key/key/key.core/../key.ui/examples/standard_key/polySimp/simplify18.key 
457259     DEBUG main            d.u.i.k.p.i.AbstractProblemLoader Environment load took 56.7ns 
457260     INFO  main            d.u.i.k.p.i.AbstractProblemLoader Creating init config 
459763     DEBUG main            d.u.i.k.p.i.AbstractProblemLoader Init config took 2.5s 
459777     INFO  main            d.u.i.k.p.i.AbstractProblemLoader Replaying proof simplify18.key 
459778     DEBUG main            d.u.i.k.p.i.IntermediateProofReplayer Proof replay took 2.9ns 
459980     INFO  main            d.u.i.k.p.r.p.TestFile    ... finished proof: closed. 
460517     INFO  main            d.u.i.k.p.i.AbstractProblemLoader Loading environment from /home/runner/work/key/key/key.core/../key.ui/examples/standard_key/polySimp/simplify18.key.proof 
460517     DEBUG main            d.u.i.k.p.i.AbstractProblemLoader Environment load took 88.8ns 
460518     INFO  main            d.u.i.k.p.i.AbstractProblemLoader Creating init config 
462967     DEBUG main            d.u.i.k.p.i.AbstractProblemLoader Init config took 2.45s 
462982     INFO  main            d.u.i.k.p.i.AbstractProblemLoader Replaying proof simplify18.key.proof 
463001     DEBUG main            d.u.i.k.p.i.IntermediateProofReplayer Proof replay took 17.48ms 
463002     DEBUG main            d.u.i.k.p.r.p.TestFile    ... success: reloaded. 
463003     INFO  main            d.u.i.k.p.r.p.TestFile    Now processing file /home/runner/work/key/key/key.core/../key.ui/examples/standard_key/polySimp/simplify19.key 
463003     INFO  main            d.u.i.k.p.i.AbstractProblemLoader Loading environment from /home/runner/work/key/key/key.core/../key.ui/examples/standard_key/polySimp/simplify19.key 
463003     DEBUG main            d.u.i.k.p.i.AbstractProblemLoader Environment load took 88.6ns 
463004     INFO  main            d.u.i.k.p.i.AbstractProblemLoader Creating init config 
465453     DEBUG main            d.u.i.k.p.i.AbstractProblemLoader Init config took 2.45s 
465466     INFO  main            d.u.i.k.p.i.AbstractProblemLoader Replaying proof simplify19.key 
465467     DEBUG main            d.u.i.k.p.i.IntermediateProofReplayer Proof replay took 3.2ns 
468847     INFO  main            d.u.i.k.p.r.p.TestFile    ... finished proof: closed. 
469455     INFO  main            d.u.i.k.p.i.AbstractProblemLoader Loading environment from /home/runner/work/key/key/key.core/../key.ui/examples/standard_key/polySimp/simplify19.key.proof 
469455     DEBUG main            d.u.i.k.p.i.AbstractProblemLoader Environment load took 82.3ns 
469456     INFO  main            d.u.i.k.p.i.AbstractProblemLoader Creating init config 
471921     DEBUG main            d.u.i.k.p.i.AbstractProblemLoader Init config took 2.46s 
471936     INFO  main            d.u.i.k.p.i.AbstractProblemLoader Replaying proof simplify19.key.proof 
472222     DEBUG main            d.u.i.k.p.i.IntermediateProofReplayer Proof replay took 276.3ms 
472223     DEBUG main            d.u.i.k.p.r.p.TestFile    ... success: reloaded. 
472224     INFO  main            d.u.i.k.p.r.p.TestFile    Now processing file /home/runner/work/key/key/key.core/../key.ui/examples/standard_key/polySimp/simplify2.key 
472224     INFO  main            d.u.i.k.p.i.AbstractProblemLoader Loading environment from /home/runner/work/key/key/key.core/../key.ui/examples/standard_key/polySimp/simplify2.key 
472224     DEBUG main            d.u.i.k.p.i.AbstractProblemLoader Environment load took 80.6ns 
472225     INFO  main            d.u.i.k.p.i.AbstractProblemLoader Creating init config 
474772     DEBUG main            d.u.i.k.p.i.AbstractProblemLoader Init config took 2.55s 
474786     INFO  main            d.u.i.k.p.i.AbstractProblemLoader Replaying proof simplify2.key 
474787     DEBUG main            d.u.i.k.p.i.IntermediateProofReplayer Proof replay took 3ns 
474888     INFO  main            d.u.i.k.p.r.p.TestFile    ... finished proof: closed. 
475481     INFO  main            d.u.i.k.p.i.AbstractProblemLoader Loading environment from /home/runner/work/key/key/key.core/../key.ui/examples/standard_key/polySimp/simplify2.key.proof 
475481     DEBUG main            d.u.i.k.p.i.AbstractProblemLoader Environment load took 75ns 
475482     INFO  main            d.u.i.k.p.i.AbstractProblemLoader Creating init config 
478025     DEBUG main            d.u.i.k.p.i.AbstractProblemLoader Init config took 2.54s 
478039     INFO  main            d.u.i.k.p.i.AbstractProblemLoader Replaying proof simplify2.key.proof 
478041     DEBUG main            d.u.i.k.p.i.IntermediateProofReplayer Proof replay took 875.33ns 
478042     DEBUG main            d.u.i.k.p.r.p.TestFile    ... success: reloaded. 
478042     INFO  main            d.u.i.k.p.r.p.TestFile    Now processing file /home/runner/work/key/key/key.core/../key.ui/examples/standard_key/polySimp/simplify20.key 
478042     INFO  main            d.u.i.k.p.i.AbstractProblemLoader Loading environment from /home/runner/work/key/key/key.core/../key.ui/examples/standard_key/polySimp/simplify20.key 
478042     DEBUG main            d.u.i.k.p.i.AbstractProblemLoader Environment load took 48ns 
478043     INFO  main            d.u.i.k.p.i.AbstractProblemLoader Creating init config 
480561     DEBUG main            d.u.i.k.p.i.AbstractProblemLoader Init config took 2.52s 
480574     INFO  main            d.u.i.k.p.i.AbstractProblemLoader Replaying proof simplify20.key 
480576     DEBUG main            d.u.i.k.p.i.IntermediateProofReplayer Proof replay took 2.7ns 
481280     INFO  main            d.u.i.k.p.r.p.TestFile    ... finished proof: closed. 
481909     INFO  main            d.u.i.k.p.i.AbstractProblemLoader Loading environment from /home/runner/work/key/key/key.core/../key.ui/examples/standard_key/polySimp/simplify20.key.proof 
481909     DEBUG main            d.u.i.k.p.i.AbstractProblemLoader Environment load took 449.01ns 
481910     INFO  main            d.u.i.k.p.i.AbstractProblemLoader Creating init config 
484427     DEBUG main            d.u.i.k.p.i.AbstractProblemLoader Init config took 2.52s 
484441     INFO  main            d.u.i.k.p.i.AbstractProblemLoader Replaying proof simplify20.key.proof 
484517     DEBUG main            d.u.i.k.p.i.IntermediateProofReplayer Proof replay took 71.4ms 
484518     DEBUG main            d.u.i.k.p.r.p.TestFile    ... success: reloaded. 
484518     INFO  main            d.u.i.k.p.r.p.TestFile    Now processing file /home/runner/work/key/key/key.core/../key.ui/examples/standard_key/polySimp/simplify21.key 
484519     INFO  main            d.u.i.k.p.i.AbstractProblemLoader Loading environment from /home/runner/work/key/key/key.core/../key.ui/examples/standard_key/polySimp/simplify21.key 
484519     DEBUG main            d.u.i.k.p.i.AbstractProblemLoader Environment load took 57.1ns 
484521     INFO  main            d.u.i.k.p.i.AbstractProblemLoader Creating init config 
487070     DEBUG main            d.u.i.k.p.i.AbstractProblemLoader Init config took 2.55s 
487086     INFO  main            d.u.i.k.p.i.AbstractProblemLoader Replaying proof simplify21.key 
487087     DEBUG main            d.u.i.k.p.i.IntermediateProofReplayer Proof replay took 3.4ns 
487693     INFO  main            d.u.i.k.p.r.p.TestFile    ... finished proof: closed. 
488340     INFO  main            d.u.i.k.p.i.AbstractProblemLoader Loading environment from /home/runner/work/key/key/key.core/../key.ui/examples/standard_key/polySimp/simplify21.key.proof 
488340     DEBUG main            d.u.i.k.p.i.AbstractProblemLoader Environment load took 287.71ns 
488343     INFO  main            d.u.i.k.p.i.AbstractProblemLoader Creating init config 
490781     DEBUG main            d.u.i.k.p.i.AbstractProblemLoader Init config took 2.44s 
490796     INFO  main            d.u.i.k.p.i.AbstractProblemLoader Replaying proof simplify21.key.proof 
490854     DEBUG main            d.u.i.k.p.i.IntermediateProofReplayer Proof replay took 54.98ms 
490856     DEBUG main            d.u.i.k.p.r.p.TestFile    ... success: reloaded. 
490857     INFO  main            d.u.i.k.p.r.p.TestFile    Now processing file /home/runner/work/key/key/key.core/../key.ui/examples/standard_key/polySimp/simplify22.key 
490857     INFO  main            d.u.i.k.p.i.AbstractProblemLoader Loading environment from /home/runner/work/key/key/key.core/../key.ui/examples/standard_key/polySimp/simplify22.key 
490857     DEBUG main            d.u.i.k.p.i.AbstractProblemLoader Environment load took 51.5ns 
490858     INFO  main            d.u.i.k.p.i.AbstractProblemLoader Creating init config 
493322     DEBUG main            d.u.i.k.p.i.AbstractProblemLoader Init config took 2.46s 
493336     INFO  main            d.u.i.k.p.i.AbstractProblemLoader Replaying proof simplify22.key 
493337     DEBUG main            d.u.i.k.p.i.IntermediateProofReplayer Proof replay took 3.1ns 
493438     INFO  main            d.u.i.k.p.r.p.TestFile    ... finished proof: closed. 
494035     INFO  main            d.u.i.k.p.i.AbstractProblemLoader Loading environment from /home/runner/work/key/key/key.core/../key.ui/examples/standard_key/polySimp/simplify22.key.proof 
494035     DEBUG main            d.u.i.k.p.i.AbstractProblemLoader Environment load took 79.3ns 
494036     INFO  main            d.u.i.k.p.i.AbstractProblemLoader Creating init config 
496467     DEBUG main            d.u.i.k.p.i.AbstractProblemLoader Init config took 2.43s 
496480     INFO  main            d.u.i.k.p.i.AbstractProblemLoader Replaying proof simplify22.key.proof 
496484     DEBUG main            d.u.i.k.p.i.IntermediateProofReplayer Proof replay took 2.63ms 
496484     DEBUG main            d.u.i.k.p.r.p.TestFile    ... success: reloaded. 
496485     INFO  main            d.u.i.k.p.r.p.TestFile    Now processing file /home/runner/work/key/key/key.core/../key.ui/examples/standard_key/polySimp/simplify23.key 
496485     INFO  main            d.u.i.k.p.i.AbstractProblemLoader Loading environment from /home/runner/work/key/key/key.core/../key.ui/examples/standard_key/polySimp/simplify23.key 
496485     DEBUG main            d.u.i.k.p.i.AbstractProblemLoader Environment load took 100.9ns 
496486     INFO  main            d.u.i.k.p.i.AbstractProblemLoader Creating init config 
498934     DEBUG main            d.u.i.k.p.i.AbstractProblemLoader Init config took 2.45s 
498947     INFO  main            d.u.i.k.p.i.AbstractProblemLoader Replaying proof simplify23.key 
498948     DEBUG main            d.u.i.k.p.i.IntermediateProofReplayer Proof replay took 2.9ns 
499052     INFO  main            d.u.i.k.p.r.p.TestFile    ... finished proof: closed. 
499637     INFO  main            d.u.i.k.p.i.AbstractProblemLoader Loading environment from /home/runner/work/key/key/key.core/../key.ui/examples/standard_key/polySimp/simplify23.key.proof 
499637     DEBUG main            d.u.i.k.p.i.AbstractProblemLoader Environment load took 95ns 
499638     INFO  main            d.u.i.k.p.i.AbstractProblemLoader Creating init config 
502093     DEBUG main            d.u.i.k.p.i.AbstractProblemLoader Init config took 2.46s 
502107     INFO  main            d.u.i.k.p.i.AbstractProblemLoader Replaying proof simplify23.key.proof 
502121     DEBUG main            d.u.i.k.p.i.IntermediateProofReplayer Proof replay took 12.68ms 
502122     DEBUG main            d.u.i.k.p.r.p.TestFile    ... success: reloaded. 
502122     INFO  main            d.u.i.k.p.r.p.TestFile    Now processing file /home/runner/work/key/key/key.core/../key.ui/examples/standard_key/polySimp/simplify24.key 
502123     INFO  main            d.u.i.k.p.i.AbstractProblemLoader Loading environment from /home/runner/work/key/key/key.core/../key.ui/examples/standard_key/polySimp/simplify24.key 
502123     DEBUG main            d.u.i.k.p.i.AbstractProblemLoader Environment load took 55.6ns 
502124     INFO  main            d.u.i.k.p.i.AbstractProblemLoader Creating init config 
504653     DEBUG main            d.u.i.k.p.i.AbstractProblemLoader Init config took 2.53s 
504666     INFO  main            d.u.i.k.p.i.AbstractProblemLoader Replaying proof simplify24.key 
504667     DEBUG main            d.u.i.k.p.i.IntermediateProofReplayer Proof replay took 2.6ns 
504768     INFO  main            d.u.i.k.p.r.p.TestFile    ... finished proof: closed. 
505340     INFO  main            d.u.i.k.p.i.AbstractProblemLoader Loading environment from /home/runner/work/key/key/key.core/../key.ui/examples/standard_key/polySimp/simplify24.key.proof 
505340     DEBUG main            d.u.i.k.p.i.AbstractProblemLoader Environment load took 95.4ns 
505341     INFO  main            d.u.i.k.p.i.AbstractProblemLoader Creating init config 
507776     DEBUG main            d.u.i.k.p.i.AbstractProblemLoader Init config took 2.44s 
507789     INFO  main            d.u.i.k.p.i.AbstractProblemLoader Replaying proof simplify24.key.proof 
507793     DEBUG main            d.u.i.k.p.i.IntermediateProofReplayer Proof replay took 2.71ms 
507794     DEBUG main            d.u.i.k.p.r.p.TestFile    ... success: reloaded. 
507796     INFO  main            d.u.i.k.p.r.p.TestFile    Now processing file /home/runner/work/key/key/key.core/../key.ui/examples/standard_key/polySimp/simplify25.key 
507796     INFO  main            d.u.i.k.p.i.AbstractProblemLoader Loading environment from /home/runner/work/key/key/key.core/../key.ui/examples/standard_key/polySimp/simplify25.key 
507797     DEBUG main            d.u.i.k.p.i.AbstractProblemLoader Environment load took 192.91ns 
507797     INFO  main            d.u.i.k.p.i.AbstractProblemLoader Creating init config 
510315     DEBUG main            d.u.i.k.p.i.AbstractProblemLoader Init config took 2.52s 
510329     INFO  main            d.u.i.k.p.i.AbstractProblemLoader Replaying proof simplify25.key 
510330     DEBUG main            d.u.i.k.p.i.IntermediateProofReplayer Proof replay took 2.6ns 
510433     INFO  main            d.u.i.k.p.r.p.TestFile    ... finished proof: closed. 
511004     INFO  main            d.u.i.k.p.i.AbstractProblemLoader Loading environment from /home/runner/work/key/key/key.core/../key.ui/examples/standard_key/polySimp/simplify25.key.proof 
511004     DEBUG main            d.u.i.k.p.i.AbstractProblemLoader Environment load took 66ns 
511005     INFO  main            d.u.i.k.p.i.AbstractProblemLoader Creating init config 
513453     DEBUG main            d.u.i.k.p.i.AbstractProblemLoader Init config took 2.45s 
513467     INFO  main            d.u.i.k.p.i.AbstractProblemLoader Replaying proof simplify25.key.proof 
513472     DEBUG main            d.u.i.k.p.i.IntermediateProofReplayer Proof replay took 3.4ms 
513472     DEBUG main            d.u.i.k.p.r.p.TestFile    ... success: reloaded. 
513473     INFO  main            d.u.i.k.p.r.p.TestFile    Now processing file /home/runner/work/key/key/key.core/../key.ui/examples/standard_key/polySimp/simplify3.key 
513473     INFO  main            d.u.i.k.p.i.AbstractProblemLoader Loading environment from /home/runner/work/key/key/key.core/../key.ui/examples/standard_key/polySimp/simplify3.key 
513473     DEBUG main            d.u.i.k.p.i.AbstractProblemLoader Environment load took 52.4ns 
513474     INFO  main            d.u.i.k.p.i.AbstractProblemLoader Creating init config 
516041     DEBUG main            d.u.i.k.p.i.AbstractProblemLoader Init config took 2.57s 
516055     INFO  main            d.u.i.k.p.i.AbstractProblemLoader Replaying proof simplify3.key 
516056     DEBUG main            d.u.i.k.p.i.IntermediateProofReplayer Proof replay took 2.9ns 
516160     INFO  main            d.u.i.k.p.r.p.TestFile    ... finished proof: closed. 
516725     INFO  main            d.u.i.k.p.i.AbstractProblemLoader Loading environment from /home/runner/work/key/key/key.core/../key.ui/examples/standard_key/polySimp/simplify3.key.proof 
516725     DEBUG main            d.u.i.k.p.i.AbstractProblemLoader Environment load took 69.7ns 
516726     INFO  main            d.u.i.k.p.i.AbstractProblemLoader Creating init config 
519153     DEBUG main            d.u.i.k.p.i.AbstractProblemLoader Init config took 2.43s 
519166     INFO  main            d.u.i.k.p.i.AbstractProblemLoader Replaying proof simplify3.key.proof 
519168     DEBUG main            d.u.i.k.p.i.IntermediateProofReplayer Proof replay took 934.73ns 
519169     DEBUG main            d.u.i.k.p.r.p.TestFile    ... success: reloaded. 
519169     INFO  main            d.u.i.k.p.r.p.TestFile    Now processing file /home/runner/work/key/key/key.core/../key.ui/examples/standard_key/polySimp/simplify4.key 
519169     INFO  main            d.u.i.k.p.i.AbstractProblemLoader Loading environment from /home/runner/work/key/key/key.core/../key.ui/examples/standard_key/polySimp/simplify4.key 
519169     DEBUG main            d.u.i.k.p.i.AbstractProblemLoader Environment load took 46.4ns 
519170     INFO  main            d.u.i.k.p.i.AbstractProblemLoader Creating init config 
521672     DEBUG main            d.u.i.k.p.i.AbstractProblemLoader Init config took 2.5s 
521688     INFO  main            d.u.i.k.p.i.AbstractProblemLoader Replaying proof simplify4.key 
521689     DEBUG main            d.u.i.k.p.i.IntermediateProofReplayer Proof replay took 3.4ns 
521790     INFO  main            d.u.i.k.p.r.p.TestFile    ... finished proof: closed. 
522414     INFO  main            d.u.i.k.p.i.AbstractProblemLoader Loading environment from /home/runner/work/key/key/key.core/../key.ui/examples/standard_key/polySimp/simplify4.key.proof 
522414     DEBUG main            d.u.i.k.p.i.AbstractProblemLoader Environment load took 75.7ns 
522415     INFO  main            d.u.i.k.p.i.AbstractProblemLoader Creating init config 
524873     DEBUG main            d.u.i.k.p.i.AbstractProblemLoader Init config took 2.46s 
524887     INFO  main            d.u.i.k.p.i.AbstractProblemLoader Replaying proof simplify4.key.proof 
524889     DEBUG main            d.u.i.k.p.i.IntermediateProofReplayer Proof replay took 1.29ms 
524890     DEBUG main            d.u.i.k.p.r.p.TestFile    ... success: reloaded. 
524890     INFO  main            d.u.i.k.p.r.p.TestFile    Now processing file /home/runner/work/key/key/key.core/../key.ui/examples/standard_key/polySimp/simplify5.key 
524891     INFO  main            d.u.i.k.p.i.AbstractProblemLoader Loading environment from /home/runner/work/key/key/key.core/../key.ui/examples/standard_key/polySimp/simplify5.key 
524891     DEBUG main            d.u.i.k.p.i.AbstractProblemLoader Environment load took 74.1ns 
524891     INFO  main            d.u.i.k.p.i.AbstractProblemLoader Creating init config 
527369     DEBUG main            d.u.i.k.p.i.AbstractProblemLoader Init config took 2.48s 
527384     INFO  main            d.u.i.k.p.i.AbstractProblemLoader Replaying proof simplify5.key 
527385     DEBUG main            d.u.i.k.p.i.IntermediateProofReplayer Proof replay took 3.2ns 
527488     INFO  main            d.u.i.k.p.r.p.TestFile    ... finished proof: closed. 
528097     INFO  main            d.u.i.k.p.i.AbstractProblemLoader Loading environment from /home/runner/work/key/key/key.core/../key.ui/examples/standard_key/polySimp/simplify5.key.proof 
528097     DEBUG main            d.u.i.k.p.i.AbstractProblemLoader Environment load took 68.8ns 
528098     INFO  main            d.u.i.k.p.i.AbstractProblemLoader Creating init config 
530674     DEBUG main            d.u.i.k.p.i.AbstractProblemLoader Init config took 2.58s 
530688     INFO  main            d.u.i.k.p.i.AbstractProblemLoader Replaying proof simplify5.key.proof 
530696     DEBUG main            d.u.i.k.p.i.IntermediateProofReplayer Proof replay took 6.74ms 
530697     DEBUG main            d.u.i.k.p.r.p.TestFile    ... success: reloaded. 
530697     INFO  main            d.u.i.k.p.r.p.TestFile    Now processing file /home/runner/work/key/key/key.core/../key.ui/examples/standard_key/polySimp/simplify6.key 
530697     INFO  main            d.u.i.k.p.i.AbstractProblemLoader Loading environment from /home/runner/work/key/key/key.core/../key.ui/examples/standard_key/polySimp/simplify6.key 
530697     DEBUG main            d.u.i.k.p.i.AbstractProblemLoader Environment load took 45.9ns 
530698     INFO  main            d.u.i.k.p.i.AbstractProblemLoader Creating init config 
533201     DEBUG main            d.u.i.k.p.i.AbstractProblemLoader Init config took 2.5s 
533215     INFO  main            d.u.i.k.p.i.AbstractProblemLoader Replaying proof simplify6.key 
533217     DEBUG main            d.u.i.k.p.i.IntermediateProofReplayer Proof replay took 3.4ns 
533318     INFO  main            d.u.i.k.p.r.p.TestFile    ... finished proof: closed. 
533930     INFO  main            d.u.i.k.p.i.AbstractProblemLoader Loading environment from /home/runner/work/key/key/key.core/../key.ui/examples/standard_key/polySimp/simplify6.key.proof 
533930     DEBUG main            d.u.i.k.p.i.AbstractProblemLoader Environment load took 71.8ns 
533931     INFO  main            d.u.i.k.p.i.AbstractProblemLoader Creating init config 
536406     DEBUG main            d.u.i.k.p.i.AbstractProblemLoader Init config took 2.48s 
536419     INFO  main            d.u.i.k.p.i.AbstractProblemLoader Replaying proof simplify6.key.proof 
536423     DEBUG main            d.u.i.k.p.i.IntermediateProofReplayer Proof replay took 317.41ns 
536423     DEBUG main            d.u.i.k.p.r.p.TestFile    ... success: reloaded. 
536424     INFO  main            d.u.i.k.p.r.p.TestFile    Now processing file /home/runner/work/key/key/key.core/../key.ui/examples/standard_key/polySimp/simplify7.key 
536424     INFO  main            d.u.i.k.p.i.AbstractProblemLoader Loading environment from /home/runner/work/key/key/key.core/../key.ui/examples/standard_key/polySimp/simplify7.key 
536424     DEBUG main            d.u.i.k.p.i.AbstractProblemLoader Environment load took 94.1ns 
536425     INFO  main            d.u.i.k.p.i.AbstractProblemLoader Creating init config 
538994     DEBUG main            d.u.i.k.p.i.AbstractProblemLoader Init config took 2.57s 
539008     INFO  main            d.u.i.k.p.i.AbstractProblemLoader Replaying proof simplify7.key 
539009     DEBUG main            d.u.i.k.p.i.IntermediateProofReplayer Proof replay took 14ns 
539110     INFO  main            d.u.i.k.p.r.p.TestFile    ... finished proof: closed. 
539717     INFO  main            d.u.i.k.p.i.AbstractProblemLoader Loading environment from /home/runner/work/key/key/key.core/../key.ui/examples/standard_key/polySimp/simplify7.key.proof 
539717     DEBUG main            d.u.i.k.p.i.AbstractProblemLoader Environment load took 83.9ns 
539718     INFO  main            d.u.i.k.p.i.AbstractProblemLoader Creating init config 
542238     DEBUG main            d.u.i.k.p.i.AbstractProblemLoader Init config took 2.52s 
542251     INFO  main            d.u.i.k.p.i.AbstractProblemLoader Replaying proof simplify7.key.proof 
542253     DEBUG main            d.u.i.k.p.i.IntermediateProofReplayer Proof replay took 606.42ns 
542254     DEBUG main            d.u.i.k.p.r.p.TestFile    ... success: reloaded. 
542254     INFO  main            d.u.i.k.p.r.p.TestFile    Now processing file /home/runner/work/key/key/key.core/../key.ui/examples/standard_key/polySimp/simplify8.key 
542254     INFO  main            d.u.i.k.p.i.AbstractProblemLoader Loading environment from /home/runner/work/key/key/key.core/../key.ui/examples/standard_key/polySimp/simplify8.key 
542254     DEBUG main            d.u.i.k.p.i.AbstractProblemLoader Environment load took 46.8ns 
542258     INFO  main            d.u.i.k.p.i.AbstractProblemLoader Creating init config 
544760     DEBUG main            d.u.i.k.p.i.AbstractProblemLoader Init config took 2.5s 
544774     INFO  main            d.u.i.k.p.i.AbstractProblemLoader Replaying proof simplify8.key 
544775     DEBUG main            d.u.i.k.p.i.IntermediateProofReplayer Proof replay took 3ns 
549149     INFO  main            d.u.i.k.p.r.p.TestFile    ... finished proof: closed. 
549779     INFO  main            d.u.i.k.p.i.AbstractProblemLoader Loading environment from /home/runner/work/key/key/key.core/../key.ui/examples/standard_key/polySimp/simplify8.key.proof 
549779     DEBUG main            d.u.i.k.p.i.AbstractProblemLoader Environment load took 70.6ns 
549782     INFO  main            d.u.i.k.p.i.AbstractProblemLoader Creating init config 
552271     DEBUG main            d.u.i.k.p.i.AbstractProblemLoader Init config took 2.49s 
552288     INFO  main            d.u.i.k.p.i.AbstractProblemLoader Replaying proof simplify8.key.proof 
552494     DEBUG main            d.u.i.k.p.i.IntermediateProofReplayer Proof replay took 201.03ms 
552496     DEBUG main            d.u.i.k.p.r.p.TestFile    ... success: reloaded. 
552496     INFO  main            d.u.i.k.p.r.p.TestFile    Now processing file /home/runner/work/key/key/key.core/../key.ui/examples/standard_key/polySimp/simplify9.key 
552497     INFO  main            d.u.i.k.p.i.AbstractProblemLoader Loading environment from /home/runner/work/key/key/key.core/../key.ui/examples/standard_key/polySimp/simplify9.key 
552497     DEBUG main            d.u.i.k.p.i.AbstractProblemLoader Environment load took 54.5ns 
552498     INFO  main            d.u.i.k.p.i.AbstractProblemLoader Creating init config 
555012     DEBUG main            d.u.i.k.p.i.AbstractProblemLoader Init config took 2.51s 
555026     INFO  main            d.u.i.k.p.i.AbstractProblemLoader Replaying proof simplify9.key 
555027     DEBUG main            d.u.i.k.p.i.IntermediateProofReplayer Proof replay took 3.2ns 
555229     INFO  main            d.u.i.k.p.r.p.TestFile    ... finished proof: closed. 
555908     INFO  main            d.u.i.k.p.i.AbstractProblemLoader Loading environment from /home/runner/work/key/key/key.core/../key.ui/examples/standard_key/polySimp/simplify9.key.proof 
555908     DEBUG main            d.u.i.k.p.i.AbstractProblemLoader Environment load took 73.3ns 
555909     INFO  main            d.u.i.k.p.i.AbstractProblemLoader Creating init config 
558373     DEBUG main            d.u.i.k.p.i.AbstractProblemLoader Init config took 2.46s 
558388     INFO  main            d.u.i.k.p.i.AbstractProblemLoader Replaying proof simplify9.key.proof 
558400     DEBUG main            d.u.i.k.p.i.IntermediateProofReplayer Proof replay took 10.51ms 
558401     DEBUG main            d.u.i.k.p.r.p.TestFile    ... success: reloaded. 
3298035    INFO  Test worker     d.u.i.k.p.r.RunAllProofsTestUnit Returning from test arithmetic 
3298040    INFO  Test worker     d.u.i.k.p.r.RunAllProofsTestUnit Running test arrays 
407        INFO  Timeout watchdog d.u.i.k.p.r.p.ForkedTestFileRunner Timeout watcher launched (2000 secs.) 
420        WARN  main            d.u.i.k.s.ProofSettings   The settings in /home/runner/.key/proof-settings.props are *not* read. 
452        INFO  main            d.u.i.k.p.r.p.TestFile    Now processing file /home/runner/work/key/key/key.core/../key.ui/examples/standard_key/arrays/arrayStoreException/array2DimPrim.key 
593        INFO  main            d.u.i.k.p.i.AbstractProblemLoader Loading environment from /home/runner/work/key/key/key.core/../key.ui/examples/standard_key/arrays/arrayStoreException/array2DimPrim.key 
617        DEBUG main            d.u.i.k.p.i.AbstractProblemLoader Environment load took 3ms 
913        INFO  main            d.u.i.k.p.i.AbstractProblemLoader Creating init config 
2045       DEBUG main            d.u.i.k.j.TypeConverter   No LDT found for Meta 
2046       DEBUG main            d.u.i.k.j.TypeConverter   No LDT found for Meta 
2047       DEBUG main            d.u.i.k.j.TypeConverter   No LDT found for Meta 
2047       DEBUG main            d.u.i.k.j.TypeConverter   No LDT found for Meta 
3944       DEBUG main            d.u.i.k.j.TypeConverter   No LDT found for JavaBigintExpression 
9493       DEBUG main            d.u.i.k.p.i.AbstractProblemLoader Init config took 8.58s 
9566       INFO  main            d.u.i.k.p.i.AbstractProblemLoader Replaying proof array2DimPrim.key 
9607       DEBUG main            d.u.i.k.p.i.IntermediateProofReplayer Proof replay took 32.7ns 
14206      INFO  main            d.u.i.k.p.r.p.TestFile    ... finished proof: closed. 
14432      INFO  main            d.u.i.k.p.i.AbstractProblemLoader Loading environment from /home/runner/work/key/key/key.core/../key.ui/examples/standard_key/arrays/arrayStoreException/array2DimPrim.key.proof 
14432      DEBUG main            d.u.i.k.p.i.AbstractProblemLoader Environment load took 236.31ns 
14442      INFO  main            d.u.i.k.p.i.AbstractProblemLoader Creating init config 
17414      DEBUG main            d.u.i.k.p.i.AbstractProblemLoader Init config took 2.97s 
17449      INFO  main            d.u.i.k.p.i.AbstractProblemLoader Replaying proof array2DimPrim.key.proof 
18121      DEBUG main            d.u.i.k.p.i.IntermediateProofReplayer Proof replay took 653.99ms 
18140      DEBUG main            d.u.i.k.p.r.p.TestFile    ... success: reloaded. 
18142      INFO  main            d.u.i.k.p.r.p.TestFile    Now processing file /home/runner/work/key/key/key.core/../key.ui/examples/standard_key/arrays/arrayStoreException/arrayStoreKnownDynType.key 
18142      INFO  main            d.u.i.k.p.i.AbstractProblemLoader Loading environment from /home/runner/work/key/key/key.core/../key.ui/examples/standard_key/arrays/arrayStoreException/arrayStoreKnownDynType.key 
18143      DEBUG main            d.u.i.k.p.i.AbstractProblemLoader Environment load took 255.41ns 
18146      INFO  main            d.u.i.k.p.i.AbstractProblemLoader Creating init config 
21129      DEBUG main            d.u.i.k.p.i.AbstractProblemLoader Init config took 2.98s 
21161      INFO  main            d.u.i.k.p.i.AbstractProblemLoader Replaying proof arrayStoreKnownDynType.key 
21163      DEBUG main            d.u.i.k.p.i.IntermediateProofReplayer Proof replay took 6.8ns 
21468      INFO  main            d.u.i.k.p.r.p.TestFile    ... finished proof: closed. 
21735      INFO  main            d.u.i.k.p.i.AbstractProblemLoader Loading environment from /home/runner/work/key/key/key.core/../key.ui/examples/standard_key/arrays/arrayStoreException/arrayStoreKnownDynType.key.proof 
21737      DEBUG main            d.u.i.k.p.i.AbstractProblemLoader Environment load took 1.93ms 
21739      INFO  main            d.u.i.k.p.i.AbstractProblemLoader Creating init config 
24575      DEBUG main            d.u.i.k.p.i.AbstractProblemLoader Init config took 2.84s 
24613      INFO  main            d.u.i.k.p.i.AbstractProblemLoader Replaying proof arrayStoreKnownDynType.key.proof 
24690      DEBUG main            d.u.i.k.p.i.IntermediateProofReplayer Proof replay took 64.88ms 
24692      DEBUG main            d.u.i.k.p.r.p.TestFile    ... success: reloaded. 
24694      INFO  main            d.u.i.k.p.r.p.TestFile    Now processing file /home/runner/work/key/key/key.core/../key.ui/examples/standard_key/arrays/arrayStoreException/reverseArray.key 
24694      INFO  main            d.u.i.k.p.i.AbstractProblemLoader Loading environment from /home/runner/work/key/key/key.core/../key.ui/examples/standard_key/arrays/arrayStoreException/reverseArray.key 
24694      DEBUG main            d.u.i.k.p.i.AbstractProblemLoader Environment load took 153.91ns 
24698      INFO  main            d.u.i.k.p.i.AbstractProblemLoader Creating init config 
27538      DEBUG main            d.u.i.k.p.i.AbstractProblemLoader Init config took 2.84s 
27561      INFO  main            d.u.i.k.p.i.AbstractProblemLoader Replaying proof reverseArray.key 
27565      DEBUG main            d.u.i.k.p.i.IntermediateProofReplayer Proof replay took 7.1ns 
28272      INFO  main            d.u.i.k.p.r.p.TestFile    ... finished proof: closed. 
28478      INFO  main            d.u.i.k.p.i.AbstractProblemLoader Loading environment from /home/runner/work/key/key/key.core/../key.ui/examples/standard_key/arrays/arrayStoreException/reverseArray.key.proof 
28478      DEBUG main            d.u.i.k.p.i.AbstractProblemLoader Environment load took 492.52ns 
28480      INFO  main            d.u.i.k.p.i.AbstractProblemLoader Creating init config 
31269      DEBUG main            d.u.i.k.p.i.AbstractProblemLoader Init config took 2.79s 
31292      INFO  main            d.u.i.k.p.i.AbstractProblemLoader Replaying proof reverseArray.key.proof 
31463      DEBUG main            d.u.i.k.p.i.IntermediateProofReplayer Proof replay took 163.2ms 
31464      DEBUG main            d.u.i.k.p.r.p.TestFile    ... success: reloaded. 
31466      INFO  main            d.u.i.k.p.r.p.TestFile    Now processing file /home/runner/work/key/key/key.core/../key.ui/examples/standard_key/arrays/arrayStoreException/throwArrayStoreException.key 
31466      INFO  main            d.u.i.k.p.i.AbstractProblemLoader Loading environment from /home/runner/work/key/key/key.core/../key.ui/examples/standard_key/arrays/arrayStoreException/throwArrayStoreException.key 
31467      DEBUG main            d.u.i.k.p.i.AbstractProblemLoader Environment load took 223.71ns 
31475      INFO  main            d.u.i.k.p.i.AbstractProblemLoader Creating init config 
34314      DEBUG main            d.u.i.k.p.i.AbstractProblemLoader Init config took 2.84s 
34339      INFO  main            d.u.i.k.p.i.AbstractProblemLoader Replaying proof throwArrayStoreException.key 
34342      DEBUG main            d.u.i.k.p.i.IntermediateProofReplayer Proof replay took 7.8ns 
34850      INFO  main            d.u.i.k.p.r.p.TestFile    ... finished proof: closed. 
35095      INFO  main            d.u.i.k.p.i.AbstractProblemLoader Loading environment from /home/runner/work/key/key/key.core/../key.ui/examples/standard_key/arrays/arrayStoreException/throwArrayStoreException.key.proof 
35097      DEBUG main            d.u.i.k.p.i.AbstractProblemLoader Environment load took 1.92ms 
35098      INFO  main            d.u.i.k.p.i.AbstractProblemLoader Creating init config 
37798      DEBUG main            d.u.i.k.p.i.AbstractProblemLoader Init config took 2.7s 
37824      INFO  main            d.u.i.k.p.i.AbstractProblemLoader Replaying proof throwArrayStoreException.key.proof 
37944      DEBUG main            d.u.i.k.p.i.IntermediateProofReplayer Proof replay took 115.3ms 
37945      DEBUG main            d.u.i.k.p.r.p.TestFile    ... success: reloaded. 
37947      INFO  main            d.u.i.k.p.r.p.TestFile    Now processing file /home/runner/work/key/key/key.core/../key.ui/examples/standard_key/arrays/creation/arrayCreation1.key 
37947      INFO  main            d.u.i.k.p.i.AbstractProblemLoader Loading environment from /home/runner/work/key/key/key.core/../key.ui/examples/standard_key/arrays/creation/arrayCreation1.key 
37947      DEBUG main            d.u.i.k.p.i.AbstractProblemLoader Environment load took 234.31ns 
37949      INFO  main            d.u.i.k.p.i.AbstractProblemLoader Creating init config 
40669      DEBUG main            d.u.i.k.p.i.AbstractProblemLoader Init config took 2.72s 
40692      INFO  main            d.u.i.k.p.i.AbstractProblemLoader Replaying proof arrayCreation1.key 
40694      DEBUG main            d.u.i.k.p.i.IntermediateProofReplayer Proof replay took 8.2ns 
40898      INFO  main            d.u.i.k.p.r.p.TestFile    ... finished proof: closed. 
41118      INFO  main            d.u.i.k.p.i.AbstractProblemLoader Loading environment from /home/runner/work/key/key/key.core/../key.ui/examples/standard_key/arrays/creation/arrayCreation1.key.proof 
41118      DEBUG main            d.u.i.k.p.i.AbstractProblemLoader Environment load took 1.23ms 
41120      INFO  main            d.u.i.k.p.i.AbstractProblemLoader Creating init config 
43978      DEBUG main            d.u.i.k.p.i.AbstractProblemLoader Init config took 2.86s 
44000      INFO  main            d.u.i.k.p.i.AbstractProblemLoader Replaying proof arrayCreation1.key.proof 
44041      DEBUG main            d.u.i.k.p.i.IntermediateProofReplayer Proof replay took 37.77ms 
44043      DEBUG main            d.u.i.k.p.r.p.TestFile    ... success: reloaded. 
44044      INFO  main            d.u.i.k.p.r.p.TestFile    Now processing file /home/runner/work/key/key/key.core/../key.ui/examples/standard_key/arrays/arrayStoreException/array2Dim.key 
44044      INFO  main            d.u.i.k.p.i.AbstractProblemLoader Loading environment from /home/runner/work/key/key/key.core/../key.ui/examples/standard_key/arrays/arrayStoreException/array2Dim.key 
44045      DEBUG main            d.u.i.k.p.i.AbstractProblemLoader Environment load took 256.11ns 
44046      INFO  main            d.u.i.k.p.i.AbstractProblemLoader Creating init config 
47065      DEBUG main            d.u.i.k.p.i.AbstractProblemLoader Init config took 3.02s 
47087      INFO  main            d.u.i.k.p.i.AbstractProblemLoader Replaying proof array2Dim.key 
47090      DEBUG main            d.u.i.k.p.i.IntermediateProofReplayer Proof replay took 19.9ns 
51354      INFO  main            d.u.i.k.p.r.p.TestFile    ... finished proof: open goal(s) 
51774      INFO  main            d.u.i.k.p.r.p.TestFile    Now processing file /home/runner/work/key/key/key.core/../key.ui/examples/standard_key/arrays/arrayStoreException/array2DimClose.key 
51775      INFO  main            d.u.i.k.p.i.AbstractProblemLoader Loading environment from /home/runner/work/key/key/key.core/../key.ui/examples/standard_key/arrays/arrayStoreException/array2DimClose.key 
51775      DEBUG main            d.u.i.k.p.i.AbstractProblemLoader Environment load took 644.22ns 
51777      INFO  main            d.u.i.k.p.i.AbstractProblemLoader Creating init config 
54610      DEBUG main            d.u.i.k.p.i.AbstractProblemLoader Init config took 2.83s 
54635      INFO  main            d.u.i.k.p.i.AbstractProblemLoader Replaying proof array2DimClose.key 
54637      DEBUG main            d.u.i.k.p.i.IntermediateProofReplayer Proof replay took 12.9ns 
57270      INFO  main            d.u.i.k.p.r.p.TestFile    ... finished proof: open goal(s) 
57705      INFO  main            d.u.i.k.p.r.p.TestFile    Now processing file /home/runner/work/key/key/key.core/../key.ui/examples/standard_key/arrays/arrayStoreException/throwASEForPrim.key 
57709      INFO  main            d.u.i.k.p.i.AbstractProblemLoader Loading environment from /home/runner/work/key/key/key.core/../key.ui/examples/standard_key/arrays/arrayStoreException/throwASEForPrim.key 
57709      DEBUG main            d.u.i.k.p.i.AbstractProblemLoader Environment load took 328.21ns 
57710      INFO  main            d.u.i.k.p.i.AbstractProblemLoader Creating init config 
60542      DEBUG main            d.u.i.k.p.i.AbstractProblemLoader Init config took 2.83s 
60564      INFO  main            d.u.i.k.p.i.AbstractProblemLoader Replaying proof throwASEForPrim.key 
60569      DEBUG main            d.u.i.k.p.i.IntermediateProofReplayer Proof replay took 7.8ns 
65701      INFO  main            d.u.i.k.p.r.p.TestFile    ... finished proof: open goal(s) 
3364347    INFO  Test worker     d.u.i.k.p.r.RunAllProofsTestUnit Returning from test arrays 
3364348    INFO  Test worker     d.u.i.k.p.r.RunAllProofsTestUnit Running test javadl 
441        INFO  Timeout watchdog d.u.i.k.p.r.p.ForkedTestFileRunner Timeout watcher launched (2000 secs.) 
452        WARN  main            d.u.i.k.s.ProofSettings   The settings in /home/runner/.key/proof-settings.props are *not* read. 
512        INFO  main            d.u.i.k.p.r.p.TestFile    Now processing file /home/runner/work/key/key/key.core/../key.ui/examples/standard_key/instanceCreation/instanceCreation1.key 
651        INFO  main            d.u.i.k.p.i.AbstractProblemLoader Loading environment from /home/runner/work/key/key/key.core/../key.ui/examples/standard_key/instanceCreation/instanceCreation1.key 
676        DEBUG main            d.u.i.k.p.i.AbstractProblemLoader Environment load took 3.23ms 
1019       INFO  main            d.u.i.k.p.i.AbstractProblemLoader Creating init config 
2220       DEBUG main            d.u.i.k.j.TypeConverter   No LDT found for Meta 
2221       DEBUG main            d.u.i.k.j.TypeConverter   No LDT found for Meta 
2225       DEBUG main            d.u.i.k.j.TypeConverter   No LDT found for Meta 
2225       DEBUG main            d.u.i.k.j.TypeConverter   No LDT found for Meta 
4128       DEBUG main            d.u.i.k.j.TypeConverter   No LDT found for JavaBigintExpression 
10063      DEBUG main            d.u.i.k.p.i.AbstractProblemLoader Init config took 9.04s 
10140      INFO  main            d.u.i.k.p.i.AbstractProblemLoader Replaying proof instanceCreation1.key 
10190      DEBUG main            d.u.i.k.p.i.IntermediateProofReplayer Proof replay took 42.9ns 
11437      INFO  main            d.u.i.k.p.r.p.TestFile    ... finished proof: closed. 
11587      INFO  main            d.u.i.k.p.i.AbstractProblemLoader Loading environment from /home/runner/work/key/key/key.core/../key.ui/examples/standard_key/instanceCreation/instanceCreation1.key.proof 
11587      DEBUG main            d.u.i.k.p.i.AbstractProblemLoader Environment load took 184.91ns 
11596      INFO  main            d.u.i.k.p.i.AbstractProblemLoader Creating init config 
15020      DEBUG main            d.u.i.k.p.i.AbstractProblemLoader Init config took 3.42s 
15069      INFO  main            d.u.i.k.p.i.AbstractProblemLoader Replaying proof instanceCreation1.key.proof 
15228      DEBUG main            d.u.i.k.p.i.IntermediateProofReplayer Proof replay took 140.86ms 
15243      DEBUG main            d.u.i.k.p.r.p.TestFile    ... success: reloaded. 
15246      INFO  main            d.u.i.k.p.r.p.TestFile    Now processing file /home/runner/work/key/key/key.core/../key.ui/examples/standard_key/instanceCreation/instanceCreation2.key 
15256      INFO  main            d.u.i.k.p.i.AbstractProblemLoader Loading environment from /home/runner/work/key/key/key.core/../key.ui/examples/standard_key/instanceCreation/instanceCreation2.key 
15256      DEBUG main            d.u.i.k.p.i.AbstractProblemLoader Environment load took 339.81ns 
15261      INFO  main            d.u.i.k.p.i.AbstractProblemLoader Creating init config 
18513      DEBUG main            d.u.i.k.p.i.AbstractProblemLoader Init config took 3.25s 
18550      INFO  main            d.u.i.k.p.i.AbstractProblemLoader Replaying proof instanceCreation2.key 
18556      DEBUG main            d.u.i.k.p.i.IntermediateProofReplayer Proof replay took 7.1ns 
19268      INFO  main            d.u.i.k.p.r.p.TestFile    ... finished proof: closed. 
19448      INFO  main            d.u.i.k.p.i.AbstractProblemLoader Loading environment from /home/runner/work/key/key/key.core/../key.ui/examples/standard_key/instanceCreation/instanceCreation2.key.proof 
19448      DEBUG main            d.u.i.k.p.i.AbstractProblemLoader Environment load took 249.71ns 
19450      INFO  main            d.u.i.k.p.i.AbstractProblemLoader Creating init config 
22488      DEBUG main            d.u.i.k.p.i.AbstractProblemLoader Init config took 3.04s 
22519      INFO  main            d.u.i.k.p.i.AbstractProblemLoader Replaying proof instanceCreation2.key.proof 
22698      DEBUG main            d.u.i.k.p.i.IntermediateProofReplayer Proof replay took 173.44ms 
22700      DEBUG main            d.u.i.k.p.r.p.TestFile    ... success: reloaded. 
22703      INFO  main            d.u.i.k.p.r.p.TestFile    Now processing file /home/runner/work/key/key/key.core/../key.ui/examples/standard_key/instanceCreation/interfacesAndAbstractClassesHaveNoInstances.key 
22703      INFO  main            d.u.i.k.p.i.AbstractProblemLoader Loading environment from /home/runner/work/key/key/key.core/../key.ui/examples/standard_key/instanceCreation/interfacesAndAbstractClassesHaveNoInstances.key 
22704      DEBUG main            d.u.i.k.p.i.AbstractProblemLoader Environment load took 135.41ns 
22706      INFO  main            d.u.i.k.p.i.AbstractProblemLoader Creating init config 
25839      DEBUG main            d.u.i.k.p.i.AbstractProblemLoader Init config took 3.13s 
25872      INFO  main            d.u.i.k.p.i.AbstractProblemLoader Replaying proof interfacesAndAbstractClassesHaveNoInstances.key 
25875      DEBUG main            d.u.i.k.p.i.IntermediateProofReplayer Proof replay took 20.2ns 
25981      INFO  main            d.u.i.k.p.r.p.TestFile    ... finished proof: closed. 
26174      INFO  main            d.u.i.k.p.i.AbstractProblemLoader Loading environment from /home/runner/work/key/key/key.core/../key.ui/examples/standard_key/instanceCreation/interfacesAndAbstractClassesHaveNoInstances.key.proof 
26174      DEBUG main            d.u.i.k.p.i.AbstractProblemLoader Environment load took 143.1ns 
26175      INFO  main            d.u.i.k.p.i.AbstractProblemLoader Creating init config 
29225      DEBUG main            d.u.i.k.p.i.AbstractProblemLoader Init config took 3.05s 
29253      INFO  main            d.u.i.k.p.i.AbstractProblemLoader Replaying proof interfacesAndAbstractClassesHaveNoInstances.key.proof 
29258      DEBUG main            d.u.i.k.p.i.IntermediateProofReplayer Proof replay took 2.16ms 
29259      DEBUG main            d.u.i.k.p.r.p.TestFile    ... success: reloaded. 
29261      INFO  main            d.u.i.k.p.r.p.TestFile    Now processing file /home/runner/work/key/key/key.core/../key.ui/examples/standard_key/instanceCreation/successiveCreatedObjectsAreDistinct.key 
29261      INFO  main            d.u.i.k.p.i.AbstractProblemLoader Loading environment from /home/runner/work/key/key/key.core/../key.ui/examples/standard_key/instanceCreation/successiveCreatedObjectsAreDistinct.key 
29261      DEBUG main            d.u.i.k.p.i.AbstractProblemLoader Environment load took 126.3ns 
29262      INFO  main            d.u.i.k.p.i.AbstractProblemLoader Creating init config 
32272      DEBUG main            d.u.i.k.p.i.AbstractProblemLoader Init config took 3.01s 
32298      INFO  main            d.u.i.k.p.i.AbstractProblemLoader Replaying proof successiveCreatedObjectsAreDistinct.key 
32300      DEBUG main            d.u.i.k.p.i.IntermediateProofReplayer Proof replay took 7.3ns 
32747      INFO  main            d.u.i.k.p.r.p.TestFile    ... finished proof: closed. 
33036      INFO  main            d.u.i.k.p.i.AbstractProblemLoader Loading environment from /home/runner/work/key/key/key.core/../key.ui/examples/standard_key/instanceCreation/successiveCreatedObjectsAreDistinct.key.proof 
33037      DEBUG main            d.u.i.k.p.i.AbstractProblemLoader Environment load took 447.81ns 
33039      INFO  main            d.u.i.k.p.i.AbstractProblemLoader Creating init config 
35907      DEBUG main            d.u.i.k.p.i.AbstractProblemLoader Init config took 2.87s 
35949      INFO  main            d.u.i.k.p.i.AbstractProblemLoader Replaying proof successiveCreatedObjectsAreDistinct.key.proof 
36027      DEBUG main            d.u.i.k.p.i.IntermediateProofReplayer Proof replay took 74.57ms 
36029      DEBUG main            d.u.i.k.p.r.p.TestFile    ... success: reloaded. 
36030      INFO  main            d.u.i.k.p.r.p.TestFile    Now processing file /home/runner/work/key/key/key.core/../key.ui/examples/standard_key/instanceCreation/testOverloadingConstructors.key 
36030      INFO  main            d.u.i.k.p.i.AbstractProblemLoader Loading environment from /home/runner/work/key/key/key.core/../key.ui/examples/standard_key/instanceCreation/testOverloadingConstructors.key 
36031      DEBUG main            d.u.i.k.p.i.AbstractProblemLoader Environment load took 238.51ns 
36032      INFO  main            d.u.i.k.p.i.AbstractProblemLoader Creating init config 
39077      DEBUG main            d.u.i.k.p.i.AbstractProblemLoader Init config took 3.05s 
39110      INFO  main            d.u.i.k.p.i.AbstractProblemLoader Replaying proof testOverloadingConstructors.key 
39112      DEBUG main            d.u.i.k.p.i.IntermediateProofReplayer Proof replay took 6.2ns 
39416      INFO  main            d.u.i.k.p.r.p.TestFile    ... finished proof: closed. 
39653      INFO  main            d.u.i.k.p.i.AbstractProblemLoader Loading environment from /home/runner/work/key/key/key.core/../key.ui/examples/standard_key/instanceCreation/testOverloadingConstructors.key.proof 
39656      DEBUG main            d.u.i.k.p.i.AbstractProblemLoader Environment load took 2.48ms 
39665      INFO  main            d.u.i.k.p.i.AbstractProblemLoader Creating init config 
42626      DEBUG main            d.u.i.k.p.i.AbstractProblemLoader Init config took 2.96s 
42650      INFO  main            d.u.i.k.p.i.AbstractProblemLoader Replaying proof testOverloadingConstructors.key.proof 
42743      DEBUG main            d.u.i.k.p.i.IntermediateProofReplayer Proof replay took 88.19ms 
42744      DEBUG main            d.u.i.k.p.r.p.TestFile    ... success: reloaded. 
42746      INFO  main            d.u.i.k.p.r.p.TestFile    Now processing file /home/runner/work/key/key/key.core/../key.ui/examples/standard_key/java_dl/SimpleAttributes.key 
42747      INFO  main            d.u.i.k.p.i.AbstractProblemLoader Loading environment from /home/runner/work/key/key/key.core/../key.ui/examples/standard_key/java_dl/SimpleAttributes.key 
42747      DEBUG main            d.u.i.k.p.i.AbstractProblemLoader Environment load took 230.51ns 
42748      INFO  main            d.u.i.k.p.i.AbstractProblemLoader Creating init config 
45618      DEBUG main            d.u.i.k.p.i.AbstractProblemLoader Init config took 2.87s 
45640      INFO  main            d.u.i.k.p.i.AbstractProblemLoader Replaying proof SimpleAttributes.key 
45642      DEBUG main            d.u.i.k.p.i.IntermediateProofReplayer Proof replay took 7.8ns 
45845      INFO  main            d.u.i.k.p.r.p.TestFile    ... finished proof: closed. 
46118      INFO  main            d.u.i.k.p.i.AbstractProblemLoader Loading environment from /home/runner/work/key/key/key.core/../key.ui/examples/standard_key/java_dl/SimpleAttributes.key.proof 
46118      DEBUG main            d.u.i.k.p.i.AbstractProblemLoader Environment load took 542.02ns 
46120      INFO  main            d.u.i.k.p.i.AbstractProblemLoader Creating init config 
48911      DEBUG main            d.u.i.k.p.i.AbstractProblemLoader Init config took 2.79s 
48940      INFO  main            d.u.i.k.p.i.AbstractProblemLoader Replaying proof SimpleAttributes.key.proof 
48977      DEBUG main            d.u.i.k.p.i.IntermediateProofReplayer Proof replay took 32.2ms 
48978      DEBUG main            d.u.i.k.p.r.p.TestFile    ... success: reloaded. 
48979      INFO  main            d.u.i.k.p.r.p.TestFile    Now processing file /home/runner/work/key/key/key.core/../key.ui/examples/standard_key/java_dl/arrayMax.key 
48979      INFO  main            d.u.i.k.p.i.AbstractProblemLoader Loading environment from /home/runner/work/key/key/key.core/../key.ui/examples/standard_key/java_dl/arrayMax.key 
48979      DEBUG main            d.u.i.k.p.i.AbstractProblemLoader Environment load took 212.41ns 
48982      INFO  main            d.u.i.k.p.i.AbstractProblemLoader Creating init config 
51978      DEBUG main            d.u.i.k.p.i.AbstractProblemLoader Init config took 3s 
52001      INFO  main            d.u.i.k.p.i.AbstractProblemLoader Replaying proof arrayMax.key 
52004      DEBUG main            d.u.i.k.p.i.IntermediateProofReplayer Proof replay took 7ns 
53528      INFO  main            d.u.i.k.p.r.p.TestFile    ... finished proof: closed. 
53873      INFO  main            d.u.i.k.p.i.AbstractProblemLoader Loading environment from /home/runner/work/key/key/key.core/../key.ui/examples/standard_key/java_dl/arrayMax.key.proof 
53874      DEBUG main            d.u.i.k.p.i.AbstractProblemLoader Environment load took 766.92ns 
53876      INFO  main            d.u.i.k.p.i.AbstractProblemLoader Creating init config 
56723      DEBUG main            d.u.i.k.p.i.AbstractProblemLoader Init config took 2.85s 
56757      INFO  main            d.u.i.k.p.i.AbstractProblemLoader Replaying proof arrayMax.key.proof 
57141      DEBUG main            d.u.i.k.p.i.IntermediateProofReplayer Proof replay took 372.88ms 
57143      DEBUG main            d.u.i.k.p.r.p.TestFile    ... success: reloaded. 
57144      INFO  main            d.u.i.k.p.r.p.TestFile    Now processing file /home/runner/work/key/key/key.core/../key.ui/examples/standard_key/java_dl/arrayUpdateSimp.key 
57145      INFO  main            d.u.i.k.p.i.AbstractProblemLoader Loading environment from /home/runner/work/key/key/key.core/../key.ui/examples/standard_key/java_dl/arrayUpdateSimp.key 
57145      DEBUG main            d.u.i.k.p.i.AbstractProblemLoader Environment load took 226.01ns 
57148      INFO  main            d.u.i.k.p.i.AbstractProblemLoader Creating init config 
57183      WARN  main            d.u.i.k.j.r.KeYCrossReferenceNameInfo Datatype java.io.InputStream declared twice: Once in FILE:/home/runner/work/key/key/key.core/../key.ui/examples/standard_key/java_dl/./classpath/InputStream.java and once in URL:file:/home/runner/work/key/key/key.core/build/resources/main/de/uka/ilkd/key/java/JavaRedux/java/io/InputStream.java, Keeping one from URL:file:/home/runner/work/key/key/key.core/build/resources/main/de/uka/ilkd/key/java/JavaRedux/java/io/InputStream.java 
57184      WARN  main            d.u.i.k.j.r.KeYCrossReferenceNameInfo Datatype java.lang.System declared twice: Once in FILE:/home/runner/work/key/key/key.core/../key.ui/examples/standard_key/java_dl/./classpath/System.java and once in URL:file:/home/runner/work/key/key/key.core/build/resources/main/de/uka/ilkd/key/java/JavaRedux/java/lang/System.java, Keeping one from URL:file:/home/runner/work/key/key/key.core/build/resources/main/de/uka/ilkd/key/java/JavaRedux/java/lang/System.java 
57184      WARN  main            d.u.i.k.j.r.KeYCrossReferenceNameInfo Datatype java.io.PrintStream declared twice: Once in FILE:/home/runner/work/key/key/key.core/../key.ui/examples/standard_key/java_dl/./classpath/PrintStream.java and once in URL:file:/home/runner/work/key/key/key.core/build/resources/main/de/uka/ilkd/key/java/JavaRedux/java/io/PrintStream.java, Keeping one from URL:file:/home/runner/work/key/key/key.core/build/resources/main/de/uka/ilkd/key/java/JavaRedux/java/io/PrintStream.java 
57190      DEBUG main            d.u.i.k.j.r.ClassFileDeclarationBuilder Parsing: package java.io; public class Closeable { } 
57191      DEBUG main            r.s.KeYCrossReferenceSourceInfo Dynamically created class: java.io.Closeable 
60050      DEBUG main            d.u.i.k.p.i.AbstractProblemLoader Init config took 2.9s 
60077      INFO  main            d.u.i.k.p.i.AbstractProblemLoader Replaying proof arrayUpdateSimp.key 
60079      DEBUG main            d.u.i.k.p.i.IntermediateProofReplayer Proof replay took 7.4ns 
60183      INFO  main            d.u.i.k.p.r.p.TestFile    ... finished proof: closed. 
60420      INFO  main            d.u.i.k.p.i.AbstractProblemLoader Loading environment from /home/runner/work/key/key/key.core/../key.ui/examples/standard_key/java_dl/arrayUpdateSimp.key.proof 
60420      DEBUG main            d.u.i.k.p.i.AbstractProblemLoader Environment load took 427.71ns 
60424      INFO  main            d.u.i.k.p.i.AbstractProblemLoader Creating init config 
60455      WARN  main            d.u.i.k.j.r.KeYCrossReferenceNameInfo Datatype java.io.InputStream declared twice: Once in FILE:/home/runner/work/key/key/key.core/../key.ui/examples/standard_key/java_dl/classpath/InputStream.java and once in URL:file:/home/runner/work/key/key/key.core/build/resources/main/de/uka/ilkd/key/java/JavaRedux/java/io/InputStream.java, Keeping one from URL:file:/home/runner/work/key/key/key.core/build/resources/main/de/uka/ilkd/key/java/JavaRedux/java/io/InputStream.java 
60456      WARN  main            d.u.i.k.j.r.KeYCrossReferenceNameInfo Datatype java.lang.System declared twice: Once in FILE:/home/runner/work/key/key/key.core/../key.ui/examples/standard_key/java_dl/classpath/System.java and once in URL:file:/home/runner/work/key/key/key.core/build/resources/main/de/uka/ilkd/key/java/JavaRedux/java/lang/System.java, Keeping one from URL:file:/home/runner/work/key/key/key.core/build/resources/main/de/uka/ilkd/key/java/JavaRedux/java/lang/System.java 
60456      WARN  main            d.u.i.k.j.r.KeYCrossReferenceNameInfo Datatype java.io.PrintStream declared twice: Once in FILE:/home/runner/work/key/key/key.core/../key.ui/examples/standard_key/java_dl/classpath/PrintStream.java and once in URL:file:/home/runner/work/key/key/key.core/build/resources/main/de/uka/ilkd/key/java/JavaRedux/java/io/PrintStream.java, Keeping one from URL:file:/home/runner/work/key/key/key.core/build/resources/main/de/uka/ilkd/key/java/JavaRedux/java/io/PrintStream.java 
60461      DEBUG main            d.u.i.k.j.r.ClassFileDeclarationBuilder Parsing: package java.io; public class Closeable { } 
60461      DEBUG main            r.s.KeYCrossReferenceSourceInfo Dynamically created class: java.io.Closeable 
63320      DEBUG main            d.u.i.k.p.i.AbstractProblemLoader Init config took 2.9s 
63344      INFO  main            d.u.i.k.p.i.AbstractProblemLoader Replaying proof arrayUpdateSimp.key.proof 
63347      DEBUG main            d.u.i.k.p.i.IntermediateProofReplayer Proof replay took 767.02ns 
63349      DEBUG main            d.u.i.k.p.r.p.TestFile    ... success: reloaded. 
63350      INFO  main            d.u.i.k.p.r.p.TestFile    Now processing file /home/runner/work/key/key/key.core/../key.ui/examples/standard_key/java_dl/attributes.key 
63350      INFO  main            d.u.i.k.p.i.AbstractProblemLoader Loading environment from /home/runner/work/key/key/key.core/../key.ui/examples/standard_key/java_dl/attributes.key 
63350      DEBUG main            d.u.i.k.p.i.AbstractProblemLoader Environment load took 212.91ns 
63352      INFO  main            d.u.i.k.p.i.AbstractProblemLoader Creating init config 
66205      DEBUG main            d.u.i.k.p.i.AbstractProblemLoader Init config took 2.85s 
66226      INFO  main            d.u.i.k.p.i.AbstractProblemLoader Replaying proof attributes.key 
66228      DEBUG main            d.u.i.k.p.i.IntermediateProofReplayer Proof replay took 7.1ns 
66431      INFO  main            d.u.i.k.p.r.p.TestFile    ... finished proof: closed. 
66645      INFO  main            d.u.i.k.p.i.AbstractProblemLoader Loading environment from /home/runner/work/key/key/key.core/../key.ui/examples/standard_key/java_dl/attributes.key.proof 
66645      DEBUG main            d.u.i.k.p.i.AbstractProblemLoader Environment load took 122.3ns 
66646      INFO  main            d.u.i.k.p.i.AbstractProblemLoader Creating init config 
69463      DEBUG main            d.u.i.k.p.i.AbstractProblemLoader Init config took 2.82s 
69483      INFO  main            d.u.i.k.p.i.AbstractProblemLoader Replaying proof attributes.key.proof 
69534      DEBUG main            d.u.i.k.p.i.IntermediateProofReplayer Proof replay took 47.67ms 
69535      DEBUG main            d.u.i.k.p.r.p.TestFile    ... success: reloaded. 
69536      INFO  main            d.u.i.k.p.r.p.TestFile    Now processing file /home/runner/work/key/key/key.core/../key.ui/examples/standard_key/java_dl/break.key 
69536      INFO  main            d.u.i.k.p.i.AbstractProblemLoader Loading environment from /home/runner/work/key/key/key.core/../key.ui/examples/standard_key/java_dl/break.key 
69536      DEBUG main            d.u.i.k.p.i.AbstractProblemLoader Environment load took 98.4ns 
69537      INFO  main            d.u.i.k.p.i.AbstractProblemLoader Creating init config 
69566      WARN  main            d.u.i.k.j.r.KeYCrossReferenceNameInfo Datatype java.io.InputStream declared twice: Once in FILE:/home/runner/work/key/key/key.core/../key.ui/examples/standard_key/java_dl/classpath/InputStream.java and once in URL:file:/home/runner/work/key/key/key.core/build/resources/main/de/uka/ilkd/key/java/JavaRedux/java/io/InputStream.java, Keeping one from URL:file:/home/runner/work/key/key/key.core/build/resources/main/de/uka/ilkd/key/java/JavaRedux/java/io/InputStream.java 
69567      WARN  main            d.u.i.k.j.r.KeYCrossReferenceNameInfo Datatype java.lang.System declared twice: Once in FILE:/home/runner/work/key/key/key.core/../key.ui/examples/standard_key/java_dl/classpath/System.java and once in URL:file:/home/runner/work/key/key/key.core/build/resources/main/de/uka/ilkd/key/java/JavaRedux/java/lang/System.java, Keeping one from URL:file:/home/runner/work/key/key/key.core/build/resources/main/de/uka/ilkd/key/java/JavaRedux/java/lang/System.java 
69567      WARN  main            d.u.i.k.j.r.KeYCrossReferenceNameInfo Datatype java.io.PrintStream declared twice: Once in FILE:/home/runner/work/key/key/key.core/../key.ui/examples/standard_key/java_dl/classpath/PrintStream.java and once in URL:file:/home/runner/work/key/key/key.core/build/resources/main/de/uka/ilkd/key/java/JavaRedux/java/io/PrintStream.java, Keeping one from URL:file:/home/runner/work/key/key/key.core/build/resources/main/de/uka/ilkd/key/java/JavaRedux/java/io/PrintStream.java 
69571      DEBUG main            d.u.i.k.j.r.ClassFileDeclarationBuilder Parsing: package java.io; public class Closeable { } 
69571      DEBUG main            r.s.KeYCrossReferenceSourceInfo Dynamically created class: java.io.Closeable 
72520      DEBUG main            d.u.i.k.p.i.AbstractProblemLoader Init config took 2.98s 
72539      INFO  main            d.u.i.k.p.i.AbstractProblemLoader Replaying proof break.key 
72541      DEBUG main            d.u.i.k.p.i.IntermediateProofReplayer Proof replay took 7.4ns 
72643      INFO  main            d.u.i.k.p.r.p.TestFile    ... finished proof: closed. 
72893      INFO  main            d.u.i.k.p.i.AbstractProblemLoader Loading environment from /home/runner/work/key/key/key.core/../key.ui/examples/standard_key/java_dl/break.key.proof 
72893      DEBUG main            d.u.i.k.p.i.AbstractProblemLoader Environment load took 125.3ns 
72894      INFO  main            d.u.i.k.p.i.AbstractProblemLoader Creating init config 
72922      WARN  main            d.u.i.k.j.r.KeYCrossReferenceNameInfo Datatype java.io.InputStream declared twice: Once in FILE:/home/runner/work/key/key/key.core/../key.ui/examples/standard_key/java_dl/classpath/InputStream.java and once in URL:file:/home/runner/work/key/key/key.core/build/resources/main/de/uka/ilkd/key/java/JavaRedux/java/io/InputStream.java, Keeping one from URL:file:/home/runner/work/key/key/key.core/build/resources/main/de/uka/ilkd/key/java/JavaRedux/java/io/InputStream.java 
72923      WARN  main            d.u.i.k.j.r.KeYCrossReferenceNameInfo Datatype java.lang.System declared twice: Once in FILE:/home/runner/work/key/key/key.core/../key.ui/examples/standard_key/java_dl/classpath/System.java and once in URL:file:/home/runner/work/key/key/key.core/build/resources/main/de/uka/ilkd/key/java/JavaRedux/java/lang/System.java, Keeping one from URL:file:/home/runner/work/key/key/key.core/build/resources/main/de/uka/ilkd/key/java/JavaRedux/java/lang/System.java 
72923      WARN  main            d.u.i.k.j.r.KeYCrossReferenceNameInfo Datatype java.io.PrintStream declared twice: Once in FILE:/home/runner/work/key/key/key.core/../key.ui/examples/standard_key/java_dl/classpath/PrintStream.java and once in URL:file:/home/runner/work/key/key/key.core/build/resources/main/de/uka/ilkd/key/java/JavaRedux/java/io/PrintStream.java, Keeping one from URL:file:/home/runner/work/key/key/key.core/build/resources/main/de/uka/ilkd/key/java/JavaRedux/java/io/PrintStream.java 
72926      DEBUG main            d.u.i.k.j.r.ClassFileDeclarationBuilder Parsing: package java.io; public class Closeable { } 
72927      DEBUG main            r.s.KeYCrossReferenceSourceInfo Dynamically created class: java.io.Closeable 
75714      DEBUG main            d.u.i.k.p.i.AbstractProblemLoader Init config took 2.82s 
75742      INFO  main            d.u.i.k.p.i.AbstractProblemLoader Replaying proof break.key.proof 
75767      DEBUG main            d.u.i.k.p.i.IntermediateProofReplayer Proof replay took 22.79ms 
75777      DEBUG main            d.u.i.k.p.r.p.TestFile    ... success: reloaded. 
75778      INFO  main            d.u.i.k.p.r.p.TestFile    Now processing file /home/runner/work/key/key/key.core/../key.ui/examples/standard_key/java_dl/char.key 
75779      INFO  main            d.u.i.k.p.i.AbstractProblemLoader Loading environment from /home/runner/work/key/key/key.core/../key.ui/examples/standard_key/java_dl/char.key 
75779      DEBUG main            d.u.i.k.p.i.AbstractProblemLoader Environment load took 218.01ns 
75780      INFO  main            d.u.i.k.p.i.AbstractProblemLoader Creating init config 
78635      DEBUG main            d.u.i.k.p.i.AbstractProblemLoader Init config took 2.86s 
78654      INFO  main            d.u.i.k.p.i.AbstractProblemLoader Replaying proof char.key 
78656      DEBUG main            d.u.i.k.p.i.IntermediateProofReplayer Proof replay took 7.3ns 
78758      INFO  main            d.u.i.k.p.r.p.TestFile    ... finished proof: closed. 
78983      INFO  main            d.u.i.k.p.i.AbstractProblemLoader Loading environment from /home/runner/work/key/key/key.core/../key.ui/examples/standard_key/java_dl/char.key.proof 
78983      DEBUG main            d.u.i.k.p.i.AbstractProblemLoader Environment load took 129.1ns 
78984      INFO  main            d.u.i.k.p.i.AbstractProblemLoader Creating init config 
81746      DEBUG main            d.u.i.k.p.i.AbstractProblemLoader Init config took 2.76s 
81768      INFO  main            d.u.i.k.p.i.AbstractProblemLoader Replaying proof char.key.proof 
81784      DEBUG main            d.u.i.k.p.i.IntermediateProofReplayer Proof replay took 10.61ms 
81785      DEBUG main            d.u.i.k.p.r.p.TestFile    ... success: reloaded. 
81787      INFO  main            d.u.i.k.p.r.p.TestFile    Now processing file /home/runner/work/key/key/key.core/../key.ui/examples/standard_key/java_dl/compileTimeConstants.key 
81787      INFO  main            d.u.i.k.p.i.AbstractProblemLoader Loading environment from /home/runner/work/key/key/key.core/../key.ui/examples/standard_key/java_dl/compileTimeConstants.key 
81787      DEBUG main            d.u.i.k.p.i.AbstractProblemLoader Environment load took 116.9ns 
81789      INFO  main            d.u.i.k.p.i.AbstractProblemLoader Creating init config 
84653      DEBUG main            d.u.i.k.p.i.AbstractProblemLoader Init config took 2.86s 
84675      INFO  main            d.u.i.k.p.i.AbstractProblemLoader Replaying proof compileTimeConstants.key 
84677      DEBUG main            d.u.i.k.p.i.IntermediateProofReplayer Proof replay took 19.1ns 
84780      INFO  main            d.u.i.k.p.r.p.TestFile    ... finished proof: closed. 
85103      INFO  main            d.u.i.k.p.i.AbstractProblemLoader Loading environment from /home/runner/work/key/key/key.core/../key.ui/examples/standard_key/java_dl/compileTimeConstants.key.proof 
85104      DEBUG main            d.u.i.k.p.i.AbstractProblemLoader Environment load took 149.31ns 
85105      INFO  main            d.u.i.k.p.i.AbstractProblemLoader Creating init config 
87982      DEBUG main            d.u.i.k.p.i.AbstractProblemLoader Init config took 2.88s 
88003      INFO  main            d.u.i.k.p.i.AbstractProblemLoader Replaying proof compileTimeConstants.key.proof 
88022      DEBUG main            d.u.i.k.p.i.IntermediateProofReplayer Proof replay took 16.39ms 
88023      DEBUG main            d.u.i.k.p.r.p.TestFile    ... success: reloaded. 
88024      INFO  main            d.u.i.k.p.r.p.TestFile    Now processing file /home/runner/work/key/key/key.core/../key.ui/examples/standard_key/java_dl/constructorException/test.key 
88024      INFO  main            d.u.i.k.p.i.AbstractProblemLoader Loading environment from /home/runner/work/key/key/key.core/../key.ui/examples/standard_key/java_dl/constructorException/test.key 
88024      DEBUG main            d.u.i.k.p.i.AbstractProblemLoader Environment load took 211.91ns 
88025      INFO  main            d.u.i.k.p.i.AbstractProblemLoader Creating init config 
90944      DEBUG main            d.u.i.k.p.i.AbstractProblemLoader Init config took 2.92s 
91036      INFO  main            d.u.i.k.p.i.AbstractProblemLoader Replaying proof Test[Test::Test(int)].JML operation contract.0 
91038      DEBUG main            d.u.i.k.p.i.IntermediateProofReplayer Proof replay took 7.7ns 
91341      INFO  main            d.u.i.k.p.r.p.TestFile    ... finished proof: closed. 
91594      INFO  main            d.u.i.k.p.i.AbstractProblemLoader Loading environment from /home/runner/work/key/key/key.core/../key.ui/examples/standard_key/java_dl/constructorException/test.key.proof 
91594      DEBUG main            d.u.i.k.p.i.AbstractProblemLoader Environment load took 148.81ns 
91595      INFO  main            d.u.i.k.p.i.AbstractProblemLoader Creating init config 
94418      DEBUG main            d.u.i.k.p.i.AbstractProblemLoader Init config took 2.82s 
94465      INFO  main            d.u.i.k.p.i.AbstractProblemLoader Replaying proof Test[Test::Test(int)].JML operation contract.0 
94546      DEBUG main            d.u.i.k.p.i.IntermediateProofReplayer Proof replay took 78.05ms 
94547      DEBUG main            d.u.i.k.p.r.p.TestFile    ... success: reloaded. 
94548      INFO  main            d.u.i.k.p.r.p.TestFile    Now processing file /home/runner/work/key/key/key.core/../key.ui/examples/standard_key/java_dl/constructorException/regressionTestBug1333.key 
94548      INFO  main            d.u.i.k.p.i.AbstractProblemLoader Loading environment from /home/runner/work/key/key/key.core/../key.ui/examples/standard_key/java_dl/constructorException/regressionTestBug1333.key 
94548      DEBUG main            d.u.i.k.p.i.AbstractProblemLoader Environment load took 202.61ns 
94549      INFO  main            d.u.i.k.p.i.AbstractProblemLoader Creating init config 
97488      DEBUG main            d.u.i.k.p.i.AbstractProblemLoader Init config took 2.94s 
97537      INFO  main            d.u.i.k.p.i.AbstractProblemLoader Replaying proof False[False::False()].JML normal_behavior operation contract.0 
97540      DEBUG main            d.u.i.k.p.i.IntermediateProofReplayer Proof replay took 7.2ns 
97643      INFO  main            d.u.i.k.p.r.p.TestFile    ... finished proof: open goal(s) 
97894      INFO  main            d.u.i.k.p.r.p.TestFile    Now processing file /home/runner/work/key/key/key.core/../key.ui/examples/standard_key/java_dl/continue1.key 
97895      INFO  main            d.u.i.k.p.i.AbstractProblemLoader Loading environment from /home/runner/work/key/key/key.core/../key.ui/examples/standard_key/java_dl/continue1.key 
97895      DEBUG main            d.u.i.k.p.i.AbstractProblemLoader Environment load took 84.3ns 
97896      INFO  main            d.u.i.k.p.i.AbstractProblemLoader Creating init config 
97931      WARN  main            d.u.i.k.j.r.KeYCrossReferenceNameInfo Datatype java.io.InputStream declared twice: Once in FILE:/home/runner/work/key/key/key.core/../key.ui/examples/standard_key/java_dl/classpath/InputStream.java and once in URL:file:/home/runner/work/key/key/key.core/build/resources/main/de/uka/ilkd/key/java/JavaRedux/java/io/InputStream.java, Keeping one from URL:file:/home/runner/work/key/key/key.core/build/resources/main/de/uka/ilkd/key/java/JavaRedux/java/io/InputStream.java 
97933      WARN  main            d.u.i.k.j.r.KeYCrossReferenceNameInfo Datatype java.lang.System declared twice: Once in FILE:/home/runner/work/key/key/key.core/../key.ui/examples/standard_key/java_dl/classpath/System.java and once in URL:file:/home/runner/work/key/key/key.core/build/resources/main/de/uka/ilkd/key/java/JavaRedux/java/lang/System.java, Keeping one from URL:file:/home/runner/work/key/key/key.core/build/resources/main/de/uka/ilkd/key/java/JavaRedux/java/lang/System.java 
97933      WARN  main            d.u.i.k.j.r.KeYCrossReferenceNameInfo Datatype java.io.PrintStream declared twice: Once in FILE:/home/runner/work/key/key/key.core/../key.ui/examples/standard_key/java_dl/classpath/PrintStream.java and once in URL:file:/home/runner/work/key/key/key.core/build/resources/main/de/uka/ilkd/key/java/JavaRedux/java/io/PrintStream.java, Keeping one from URL:file:/home/runner/work/key/key/key.core/build/resources/main/de/uka/ilkd/key/java/JavaRedux/java/io/PrintStream.java 
97936      DEBUG main            d.u.i.k.j.r.ClassFileDeclarationBuilder Parsing: package java.io; public class Closeable { } 
97936      DEBUG main            r.s.KeYCrossReferenceSourceInfo Dynamically created class: java.io.Closeable 
100873     DEBUG main            d.u.i.k.p.i.AbstractProblemLoader Init config took 2.98s 
100889     INFO  main            d.u.i.k.p.i.AbstractProblemLoader Replaying proof continue1.key 
100891     DEBUG main            d.u.i.k.p.i.IntermediateProofReplayer Proof replay took 19.6ns 
100997     INFO  main            d.u.i.k.p.r.p.TestFile    ... finished proof: closed. 
101237     INFO  main            d.u.i.k.p.i.AbstractProblemLoader Loading environment from /home/runner/work/key/key/key.core/../key.ui/examples/standard_key/java_dl/continue1.key.proof 
101237     DEBUG main            d.u.i.k.p.i.AbstractProblemLoader Environment load took 126.8ns 
101239     INFO  main            d.u.i.k.p.i.AbstractProblemLoader Creating init config 
101268     WARN  main            d.u.i.k.j.r.KeYCrossReferenceNameInfo Datatype java.io.InputStream declared twice: Once in FILE:/home/runner/work/key/key/key.core/../key.ui/examples/standard_key/java_dl/classpath/InputStream.java and once in URL:file:/home/runner/work/key/key/key.core/build/resources/main/de/uka/ilkd/key/java/JavaRedux/java/io/InputStream.java, Keeping one from URL:file:/home/runner/work/key/key/key.core/build/resources/main/de/uka/ilkd/key/java/JavaRedux/java/io/InputStream.java 
101269     WARN  main            d.u.i.k.j.r.KeYCrossReferenceNameInfo Datatype java.lang.System declared twice: Once in FILE:/home/runner/work/key/key/key.core/../key.ui/examples/standard_key/java_dl/classpath/System.java and once in URL:file:/home/runner/work/key/key/key.core/build/resources/main/de/uka/ilkd/key/java/JavaRedux/java/lang/System.java, Keeping one from URL:file:/home/runner/work/key/key/key.core/build/resources/main/de/uka/ilkd/key/java/JavaRedux/java/lang/System.java 
101269     WARN  main            d.u.i.k.j.r.KeYCrossReferenceNameInfo Datatype java.io.PrintStream declared twice: Once in FILE:/home/runner/work/key/key/key.core/../key.ui/examples/standard_key/java_dl/classpath/PrintStream.java and once in URL:file:/home/runner/work/key/key/key.core/build/resources/main/de/uka/ilkd/key/java/JavaRedux/java/io/PrintStream.java, Keeping one from URL:file:/home/runner/work/key/key/key.core/build/resources/main/de/uka/ilkd/key/java/JavaRedux/java/io/PrintStream.java 
101272     DEBUG main            d.u.i.k.j.r.ClassFileDeclarationBuilder Parsing: package java.io; public class Closeable { } 
101272     DEBUG main            r.s.KeYCrossReferenceSourceInfo Dynamically created class: java.io.Closeable 
104212     DEBUG main            d.u.i.k.p.i.AbstractProblemLoader Init config took 2.97s 
104228     INFO  main            d.u.i.k.p.i.AbstractProblemLoader Replaying proof continue1.key.proof 
104280     DEBUG main            d.u.i.k.p.i.IntermediateProofReplayer Proof replay took 47.07ms 
104282     DEBUG main            d.u.i.k.p.r.p.TestFile    ... success: reloaded. 
104283     INFO  main            d.u.i.k.p.r.p.TestFile    Now processing file /home/runner/work/key/key/key.core/../key.ui/examples/standard_key/java_dl/continue2.key 
104284     INFO  main            d.u.i.k.p.i.AbstractProblemLoader Loading environment from /home/runner/work/key/key/key.core/../key.ui/examples/standard_key/java_dl/continue2.key 
104284     DEBUG main            d.u.i.k.p.i.AbstractProblemLoader Environment load took 239.01ns 
104285     INFO  main            d.u.i.k.p.i.AbstractProblemLoader Creating init config 
104319     WARN  main            d.u.i.k.j.r.KeYCrossReferenceNameInfo Datatype java.io.InputStream declared twice: Once in FILE:/home/runner/work/key/key/key.core/../key.ui/examples/standard_key/java_dl/classpath/InputStream.java and once in URL:file:/home/runner/work/key/key/key.core/build/resources/main/de/uka/ilkd/key/java/JavaRedux/java/io/InputStream.java, Keeping one from URL:file:/home/runner/work/key/key/key.core/build/resources/main/de/uka/ilkd/key/java/JavaRedux/java/io/InputStream.java 
104319     WARN  main            d.u.i.k.j.r.KeYCrossReferenceNameInfo Datatype java.lang.System declared twice: Once in FILE:/home/runner/work/key/key/key.core/../key.ui/examples/standard_key/java_dl/classpath/System.java and once in URL:file:/home/runner/work/key/key/key.core/build/resources/main/de/uka/ilkd/key/java/JavaRedux/java/lang/System.java, Keeping one from URL:file:/home/runner/work/key/key/key.core/build/resources/main/de/uka/ilkd/key/java/JavaRedux/java/lang/System.java 
104319     WARN  main            d.u.i.k.j.r.KeYCrossReferenceNameInfo Datatype java.io.PrintStream declared twice: Once in FILE:/home/runner/work/key/key/key.core/../key.ui/examples/standard_key/java_dl/classpath/PrintStream.java and once in URL:file:/home/runner/work/key/key/key.core/build/resources/main/de/uka/ilkd/key/java/JavaRedux/java/io/PrintStream.java, Keeping one from URL:file:/home/runner/work/key/key/key.core/build/resources/main/de/uka/ilkd/key/java/JavaRedux/java/io/PrintStream.java 
104323     DEBUG main            d.u.i.k.j.r.ClassFileDeclarationBuilder Parsing: package java.io; public class Closeable { } 
104323     DEBUG main            r.s.KeYCrossReferenceSourceInfo Dynamically created class: java.io.Closeable 
107155     DEBUG main            d.u.i.k.p.i.AbstractProblemLoader Init config took 2.87s 
107171     INFO  main            d.u.i.k.p.i.AbstractProblemLoader Replaying proof continue2.key 
107174     DEBUG main            d.u.i.k.p.i.IntermediateProofReplayer Proof replay took 8.5ns 
107478     INFO  main            d.u.i.k.p.r.p.TestFile    ... finished proof: closed. 
107786     INFO  main            d.u.i.k.p.i.AbstractProblemLoader Loading environment from /home/runner/work/key/key/key.core/../key.ui/examples/standard_key/java_dl/continue2.key.proof 
107787     DEBUG main            d.u.i.k.p.i.AbstractProblemLoader Environment load took 584.82ns 
107788     INFO  main            d.u.i.k.p.i.AbstractProblemLoader Creating init config 
107816     WARN  main            d.u.i.k.j.r.KeYCrossReferenceNameInfo Datatype java.io.InputStream declared twice: Once in FILE:/home/runner/work/key/key/key.core/../key.ui/examples/standard_key/java_dl/classpath/InputStream.java and once in URL:file:/home/runner/work/key/key/key.core/build/resources/main/de/uka/ilkd/key/java/JavaRedux/java/io/InputStream.java, Keeping one from URL:file:/home/runner/work/key/key/key.core/build/resources/main/de/uka/ilkd/key/java/JavaRedux/java/io/InputStream.java 
107816     WARN  main            d.u.i.k.j.r.KeYCrossReferenceNameInfo Datatype java.lang.System declared twice: Once in FILE:/home/runner/work/key/key/key.core/../key.ui/examples/standard_key/java_dl/classpath/System.java and once in URL:file:/home/runner/work/key/key/key.core/build/resources/main/de/uka/ilkd/key/java/JavaRedux/java/lang/System.java, Keeping one from URL:file:/home/runner/work/key/key/key.core/build/resources/main/de/uka/ilkd/key/java/JavaRedux/java/lang/System.java 
107816     WARN  main            d.u.i.k.j.r.KeYCrossReferenceNameInfo Datatype java.io.PrintStream declared twice: Once in FILE:/home/runner/work/key/key/key.core/../key.ui/examples/standard_key/java_dl/classpath/PrintStream.java and once in URL:file:/home/runner/work/key/key/key.core/build/resources/main/de/uka/ilkd/key/java/JavaRedux/java/io/PrintStream.java, Keeping one from URL:file:/home/runner/work/key/key/key.core/build/resources/main/de/uka/ilkd/key/java/JavaRedux/java/io/PrintStream.java 
107819     DEBUG main            d.u.i.k.j.r.ClassFileDeclarationBuilder Parsing: package java.io; public class Closeable { } 
107820     DEBUG main            r.s.KeYCrossReferenceSourceInfo Dynamically created class: java.io.Closeable 
110562     DEBUG main            d.u.i.k.p.i.AbstractProblemLoader Init config took 2.77s 
110578     INFO  main            d.u.i.k.p.i.AbstractProblemLoader Replaying proof continue2.key.proof 
110703     DEBUG main            d.u.i.k.p.i.IntermediateProofReplayer Proof replay took 121.78ms 
110705     DEBUG main            d.u.i.k.p.r.p.TestFile    ... success: reloaded. 
110708     INFO  main            d.u.i.k.p.r.p.TestFile    Now processing file /home/runner/work/key/key/key.core/../key.ui/examples/standard_key/java_dl/complexAssignment.key 
110708     INFO  main            d.u.i.k.p.i.AbstractProblemLoader Loading environment from /home/runner/work/key/key/key.core/../key.ui/examples/standard_key/java_dl/complexAssignment.key 
110708     DEBUG main            d.u.i.k.p.i.AbstractProblemLoader Environment load took 188.41ns 
110717     INFO  main            d.u.i.k.p.i.AbstractProblemLoader Creating init config 
113501     DEBUG main            d.u.i.k.p.i.AbstractProblemLoader Init config took 2.78s 
113521     INFO  main            d.u.i.k.p.i.AbstractProblemLoader Replaying proof complexAssignment.key 
113523     DEBUG main            d.u.i.k.p.i.IntermediateProofReplayer Proof replay took 7.6ns 
113625     INFO  main            d.u.i.k.p.r.p.TestFile    ... finished proof: closed. 
113898     INFO  main            d.u.i.k.p.i.AbstractProblemLoader Loading environment from /home/runner/work/key/key/key.core/../key.ui/examples/standard_key/java_dl/complexAssignment.key.proof 
113898     DEBUG main            d.u.i.k.p.i.AbstractProblemLoader Environment load took 122.6ns 
113900     INFO  main            d.u.i.k.p.i.AbstractProblemLoader Creating init config 
116601     DEBUG main            d.u.i.k.p.i.AbstractProblemLoader Init config took 2.7s 
116617     INFO  main            d.u.i.k.p.i.AbstractProblemLoader Replaying proof complexAssignment.key.proof 
116628     DEBUG main            d.u.i.k.p.i.IntermediateProofReplayer Proof replay took 9.13ms 
116629     DEBUG main            d.u.i.k.p.r.p.TestFile    ... success: reloaded. 
116630     INFO  main            d.u.i.k.p.r.p.TestFile    Now processing file /home/runner/work/key/key/key.core/../key.ui/examples/standard_key/java_dl/danglingElseSolution1.key 
116630     INFO  main            d.u.i.k.p.i.AbstractProblemLoader Loading environment from /home/runner/work/key/key/key.core/../key.ui/examples/standard_key/java_dl/danglingElseSolution1.key 
116630     DEBUG main            d.u.i.k.p.i.AbstractProblemLoader Environment load took 125.61ns 
116631     INFO  main            d.u.i.k.p.i.AbstractProblemLoader Creating init config 
119409     DEBUG main            d.u.i.k.p.i.AbstractProblemLoader Init config took 2.78s 
119426     INFO  main            d.u.i.k.p.i.AbstractProblemLoader Replaying proof danglingElseSolution1.key 
119427     DEBUG main            d.u.i.k.p.i.IntermediateProofReplayer Proof replay took 7.8ns 
119530     INFO  main            d.u.i.k.p.r.p.TestFile    ... finished proof: closed. 
119847     INFO  main            d.u.i.k.p.i.AbstractProblemLoader Loading environment from /home/runner/work/key/key/key.core/../key.ui/examples/standard_key/java_dl/danglingElseSolution1.key.proof 
119847     DEBUG main            d.u.i.k.p.i.AbstractProblemLoader Environment load took 120.8ns 
119849     INFO  main            d.u.i.k.p.i.AbstractProblemLoader Creating init config 
122539     DEBUG main            d.u.i.k.p.i.AbstractProblemLoader Init config took 2.69s 
122558     INFO  main            d.u.i.k.p.i.AbstractProblemLoader Replaying proof danglingElseSolution1.key.proof 
122582     DEBUG main            d.u.i.k.p.i.IntermediateProofReplayer Proof replay took 20.57ms 
122585     DEBUG main            d.u.i.k.p.r.p.TestFile    ... success: reloaded. 
122586     INFO  main            d.u.i.k.p.r.p.TestFile    Now processing file /home/runner/work/key/key/key.core/../key.ui/examples/standard_key/java_dl/danglingElseSolution2.key 
122586     INFO  main            d.u.i.k.p.i.AbstractProblemLoader Loading environment from /home/runner/work/key/key/key.core/../key.ui/examples/standard_key/java_dl/danglingElseSolution2.key 
122586     DEBUG main            d.u.i.k.p.i.AbstractProblemLoader Environment load took 115ns 
122591     INFO  main            d.u.i.k.p.i.AbstractProblemLoader Creating init config 
125418     DEBUG main            d.u.i.k.p.i.AbstractProblemLoader Init config took 2.83s 
125434     INFO  main            d.u.i.k.p.i.AbstractProblemLoader Replaying proof danglingElseSolution2.key 
125436     DEBUG main            d.u.i.k.p.i.IntermediateProofReplayer Proof replay took 8.3ns 
125538     INFO  main            d.u.i.k.p.r.p.TestFile    ... finished proof: closed. 
125825     INFO  main            d.u.i.k.p.i.AbstractProblemLoader Loading environment from /home/runner/work/key/key/key.core/../key.ui/examples/standard_key/java_dl/danglingElseSolution2.key.proof 
125826     DEBUG main            d.u.i.k.p.i.AbstractProblemLoader Environment load took 118.9ns 
125827     INFO  main            d.u.i.k.p.i.AbstractProblemLoader Creating init config 
128593     DEBUG main            d.u.i.k.p.i.AbstractProblemLoader Init config took 2.77s 
128609     INFO  main            d.u.i.k.p.i.AbstractProblemLoader Replaying proof danglingElseSolution2.key.proof 
128625     DEBUG main            d.u.i.k.p.i.IntermediateProofReplayer Proof replay took 13.81ms 
128626     DEBUG main            d.u.i.k.p.r.p.TestFile    ... success: reloaded. 
128627     INFO  main            d.u.i.k.p.r.p.TestFile    Now processing file /home/runner/work/key/key/key.core/../key.ui/examples/standard_key/java_dl/deepNonNull/deepNonNull0.key 
128627     INFO  main            d.u.i.k.p.i.AbstractProblemLoader Loading environment from /home/runner/work/key/key/key.core/../key.ui/examples/standard_key/java_dl/deepNonNull/deepNonNull0.key 
128627     DEBUG main            d.u.i.k.p.i.AbstractProblemLoader Environment load took 212.01ns 
128628     INFO  main            d.u.i.k.p.i.AbstractProblemLoader Creating init config 
131424     DEBUG main            d.u.i.k.p.i.AbstractProblemLoader Init config took 2.8s 
131494     INFO  main            d.u.i.k.p.i.AbstractProblemLoader Replaying proof Arrays[Arrays::get()].JML operation contract.0 
131496     DEBUG main            d.u.i.k.p.i.IntermediateProofReplayer Proof replay took 7.3ns 
131798     INFO  main            d.u.i.k.p.r.p.TestFile    ... finished proof: closed. 
132193     INFO  main            d.u.i.k.p.i.AbstractProblemLoader Loading environment from /home/runner/work/key/key/key.core/../key.ui/examples/standard_key/java_dl/deepNonNull/deepNonNull0.key.proof 
132193     DEBUG main            d.u.i.k.p.i.AbstractProblemLoader Environment load took 116.7ns 
132194     INFO  main            d.u.i.k.p.i.AbstractProblemLoader Creating init config 
134953     DEBUG main            d.u.i.k.p.i.AbstractProblemLoader Init config took 2.76s 
135013     INFO  main            d.u.i.k.p.i.AbstractProblemLoader Replaying proof Arrays[Arrays::get()].JML operation contract.0 
135058     DEBUG main            d.u.i.k.p.i.IntermediateProofReplayer Proof replay took 41.9ms 
135059     DEBUG main            d.u.i.k.p.r.p.TestFile    ... success: reloaded. 
135060     INFO  main            d.u.i.k.p.r.p.TestFile    Now processing file /home/runner/work/key/key/key.core/../key.ui/examples/standard_key/java_dl/deepNonNull/deepNonNull1.key 
135060     INFO  main            d.u.i.k.p.i.AbstractProblemLoader Loading environment from /home/runner/work/key/key/key.core/../key.ui/examples/standard_key/java_dl/deepNonNull/deepNonNull1.key 
135060     DEBUG main            d.u.i.k.p.i.AbstractProblemLoader Environment load took 212.21ns 
135061     INFO  main            d.u.i.k.p.i.AbstractProblemLoader Creating init config 
137845     DEBUG main            d.u.i.k.p.i.AbstractProblemLoader Init config took 2.78s 
137890     INFO  main            d.u.i.k.p.i.AbstractProblemLoader Replaying proof Arrays[Arrays::head()].JML operation contract.0 
137891     DEBUG main            d.u.i.k.p.i.IntermediateProofReplayer Proof replay took 8.1ns 
138097     INFO  main            d.u.i.k.p.r.p.TestFile    ... finished proof: closed. 
138392     INFO  main            d.u.i.k.p.i.AbstractProblemLoader Loading environment from /home/runner/work/key/key/key.core/../key.ui/examples/standard_key/java_dl/deepNonNull/deepNonNull1.key.proof 
138392     DEBUG main            d.u.i.k.p.i.AbstractProblemLoader Environment load took 115ns 
138393     INFO  main            d.u.i.k.p.i.AbstractProblemLoader Creating init config 
141189     DEBUG main            d.u.i.k.p.i.AbstractProblemLoader Init config took 2.8s 
141234     INFO  main            d.u.i.k.p.i.AbstractProblemLoader Replaying proof Arrays[Arrays::head()].JML operation contract.0 
141275     DEBUG main            d.u.i.k.p.i.IntermediateProofReplayer Proof replay took 38.23ms 
141276     DEBUG main            d.u.i.k.p.r.p.TestFile    ... success: reloaded. 
141276     INFO  main            d.u.i.k.p.r.p.TestFile    Now processing file /home/runner/work/key/key/key.core/../key.ui/examples/standard_key/java_dl/deepNonNull/deepNonNull2.key 
141277     INFO  main            d.u.i.k.p.i.AbstractProblemLoader Loading environment from /home/runner/work/key/key/key.core/../key.ui/examples/standard_key/java_dl/deepNonNull/deepNonNull2.key 
141277     DEBUG main            d.u.i.k.p.i.AbstractProblemLoader Environment load took 117ns 
141278     INFO  main            d.u.i.k.p.i.AbstractProblemLoader Creating init config 
144106     DEBUG main            d.u.i.k.p.i.AbstractProblemLoader Init config took 2.83s 
144150     INFO  main            d.u.i.k.p.i.AbstractProblemLoader Replaying proof Arrays[Arrays::unprovable(java.lang.Object)].JML operation contract.0 
144151     DEBUG main            d.u.i.k.p.i.IntermediateProofReplayer Proof replay took 13.6ns 
144258     INFO  main            d.u.i.k.p.r.p.TestFile    ... finished proof: open goal(s) 
144652     INFO  main            d.u.i.k.p.r.p.TestFile    Now processing file /home/runner/work/key/key/key.core/../key.ui/examples/standard_key/java_dl/deepNonNull/deepNonNull3.key 
144653     INFO  main            d.u.i.k.p.i.AbstractProblemLoader Loading environment from /home/runner/work/key/key/key.core/../key.ui/examples/standard_key/java_dl/deepNonNull/deepNonNull3.key 
144653     DEBUG main            d.u.i.k.p.i.AbstractProblemLoader Environment load took 69.1ns 
144654     INFO  main            d.u.i.k.p.i.AbstractProblemLoader Creating init config 
147443     DEBUG main            d.u.i.k.p.i.AbstractProblemLoader Init config took 2.79s 
147485     INFO  main            d.u.i.k.p.i.AbstractProblemLoader Replaying proof Arrays[Arrays::head([[[[Ljava.lang.Object)].JML operation contract.0 
147489     DEBUG main            d.u.i.k.p.i.IntermediateProofReplayer Proof replay took 7ns 
148598     INFO  main            d.u.i.k.p.r.p.TestFile    ... finished proof: closed. 
148991     INFO  main            d.u.i.k.p.i.AbstractProblemLoader Loading environment from /home/runner/work/key/key/key.core/../key.ui/examples/standard_key/java_dl/deepNonNull/deepNonNull3.key.proof 
148991     DEBUG main            d.u.i.k.p.i.AbstractProblemLoader Environment load took 147.71ns 
148995     INFO  main            d.u.i.k.p.i.AbstractProblemLoader Creating init config 
151833     DEBUG main            d.u.i.k.p.i.AbstractProblemLoader Init config took 2.84s 
151895     INFO  main            d.u.i.k.p.i.AbstractProblemLoader Replaying proof Arrays[Arrays::head([[[[Ljava.lang.Object)].JML operation contract.0 
152052     DEBUG main            d.u.i.k.p.i.IntermediateProofReplayer Proof replay took 145.51ms 
152054     DEBUG main            d.u.i.k.p.r.p.TestFile    ... success: reloaded. 
152055     INFO  main            d.u.i.k.p.r.p.TestFile    Now processing file /home/runner/work/key/key/key.core/../key.ui/examples/standard_key/java_dl/exceptions.key 
152055     INFO  main            d.u.i.k.p.i.AbstractProblemLoader Loading environment from /home/runner/work/key/key/key.core/../key.ui/examples/standard_key/java_dl/exceptions.key 
152055     DEBUG main            d.u.i.k.p.i.AbstractProblemLoader Environment load took 220.01ns 
152056     INFO  main            d.u.i.k.p.i.AbstractProblemLoader Creating init config 
152082     WARN  main            d.u.i.k.j.r.KeYCrossReferenceNameInfo Datatype java.io.InputStream declared twice: Once in FILE:/home/runner/work/key/key/key.core/../key.ui/examples/standard_key/java_dl/classpath/InputStream.java and once in URL:file:/home/runner/work/key/key/key.core/build/resources/main/de/uka/ilkd/key/java/JavaRedux/java/io/InputStream.java, Keeping one from URL:file:/home/runner/work/key/key/key.core/build/resources/main/de/uka/ilkd/key/java/JavaRedux/java/io/InputStream.java 
152083     WARN  main            d.u.i.k.j.r.KeYCrossReferenceNameInfo Datatype java.lang.System declared twice: Once in FILE:/home/runner/work/key/key/key.core/../key.ui/examples/standard_key/java_dl/classpath/System.java and once in URL:file:/home/runner/work/key/key/key.core/build/resources/main/de/uka/ilkd/key/java/JavaRedux/java/lang/System.java, Keeping one from URL:file:/home/runner/work/key/key/key.core/build/resources/main/de/uka/ilkd/key/java/JavaRedux/java/lang/System.java 
152083     WARN  main            d.u.i.k.j.r.KeYCrossReferenceNameInfo Datatype java.io.PrintStream declared twice: Once in FILE:/home/runner/work/key/key/key.core/../key.ui/examples/standard_key/java_dl/classpath/PrintStream.java and once in URL:file:/home/runner/work/key/key/key.core/build/resources/main/de/uka/ilkd/key/java/JavaRedux/java/io/PrintStream.java, Keeping one from URL:file:/home/runner/work/key/key/key.core/build/resources/main/de/uka/ilkd/key/java/JavaRedux/java/io/PrintStream.java 
152086     DEBUG main            d.u.i.k.j.r.ClassFileDeclarationBuilder Parsing: package java.io; public class Closeable { } 
152086     DEBUG main            r.s.KeYCrossReferenceSourceInfo Dynamically created class: java.io.Closeable 
154807     DEBUG main            d.u.i.k.p.i.AbstractProblemLoader Init config took 2.75s 
154822     INFO  main            d.u.i.k.p.i.AbstractProblemLoader Replaying proof exceptions.key 
154824     DEBUG main            d.u.i.k.p.i.IntermediateProofReplayer Proof replay took 13.3ns 
155026     INFO  main            d.u.i.k.p.r.p.TestFile    ... finished proof: closed. 
155340     INFO  main            d.u.i.k.p.i.AbstractProblemLoader Loading environment from /home/runner/work/key/key/key.core/../key.ui/examples/standard_key/java_dl/exceptions.key.proof 
155340     DEBUG main            d.u.i.k.p.i.AbstractProblemLoader Environment load took 93.4ns 
155341     INFO  main            d.u.i.k.p.i.AbstractProblemLoader Creating init config 
155375     WARN  main            d.u.i.k.j.r.KeYCrossReferenceNameInfo Datatype java.io.InputStream declared twice: Once in FILE:/home/runner/work/key/key/key.core/../key.ui/examples/standard_key/java_dl/classpath/InputStream.java and once in URL:file:/home/runner/work/key/key/key.core/build/resources/main/de/uka/ilkd/key/java/JavaRedux/java/io/InputStream.java, Keeping one from URL:file:/home/runner/work/key/key/key.core/build/resources/main/de/uka/ilkd/key/java/JavaRedux/java/io/InputStream.java 
155375     WARN  main            d.u.i.k.j.r.KeYCrossReferenceNameInfo Datatype java.lang.System declared twice: Once in FILE:/home/runner/work/key/key/key.core/../key.ui/examples/standard_key/java_dl/classpath/System.java and once in URL:file:/home/runner/work/key/key/key.core/build/resources/main/de/uka/ilkd/key/java/JavaRedux/java/lang/System.java, Keeping one from URL:file:/home/runner/work/key/key/key.core/build/resources/main/de/uka/ilkd/key/java/JavaRedux/java/lang/System.java 
155375     WARN  main            d.u.i.k.j.r.KeYCrossReferenceNameInfo Datatype java.io.PrintStream declared twice: Once in FILE:/home/runner/work/key/key/key.core/../key.ui/examples/standard_key/java_dl/classpath/PrintStream.java and once in URL:file:/home/runner/work/key/key/key.core/build/resources/main/de/uka/ilkd/key/java/JavaRedux/java/io/PrintStream.java, Keeping one from URL:file:/home/runner/work/key/key/key.core/build/resources/main/de/uka/ilkd/key/java/JavaRedux/java/io/PrintStream.java 
155378     DEBUG main            d.u.i.k.j.r.ClassFileDeclarationBuilder Parsing: package java.io; public class Closeable { } 
155378     DEBUG main            r.s.KeYCrossReferenceSourceInfo Dynamically created class: java.io.Closeable 
158088     DEBUG main            d.u.i.k.p.i.AbstractProblemLoader Init config took 2.75s 
158106     INFO  main            d.u.i.k.p.i.AbstractProblemLoader Replaying proof exceptions.key.proof 
158163     DEBUG main            d.u.i.k.p.i.IntermediateProofReplayer Proof replay took 53.49ms 
158165     DEBUG main            d.u.i.k.p.r.p.TestFile    ... success: reloaded. 
158165     INFO  main            d.u.i.k.p.r.p.TestFile    Now processing file /home/runner/work/key/key/key.core/../key.ui/examples/standard_key/java_dl/exceptions1.key 
158166     INFO  main            d.u.i.k.p.i.AbstractProblemLoader Loading environment from /home/runner/work/key/key/key.core/../key.ui/examples/standard_key/java_dl/exceptions1.key 
158166     DEBUG main            d.u.i.k.p.i.AbstractProblemLoader Environment load took 104.1ns 
158167     INFO  main            d.u.i.k.p.i.AbstractProblemLoader Creating init config 
160928     DEBUG main            d.u.i.k.p.i.AbstractProblemLoader Init config took 2.76s 
160945     INFO  main            d.u.i.k.p.i.AbstractProblemLoader Replaying proof exceptions1.key 
160949     DEBUG main            d.u.i.k.p.i.IntermediateProofReplayer Proof replay took 9.2ns 
161161     INFO  main            d.u.i.k.p.r.p.TestFile    ... finished proof: closed. 
161489     INFO  main            d.u.i.k.p.i.AbstractProblemLoader Loading environment from /home/runner/work/key/key/key.core/../key.ui/examples/standard_key/java_dl/exceptions1.key.proof 
161489     DEBUG main            d.u.i.k.p.i.AbstractProblemLoader Environment load took 114.9ns 
161491     INFO  main            d.u.i.k.p.i.AbstractProblemLoader Creating init config 
164241     DEBUG main            d.u.i.k.p.i.AbstractProblemLoader Init config took 2.75s 
164258     INFO  main            d.u.i.k.p.i.AbstractProblemLoader Replaying proof exceptions1.key.proof 
164308     DEBUG main            d.u.i.k.p.i.IntermediateProofReplayer Proof replay took 45.74ms 
164309     DEBUG main            d.u.i.k.p.r.p.TestFile    ... success: reloaded. 
164310     INFO  main            d.u.i.k.p.r.p.TestFile    Now processing file /home/runner/work/key/key/key.core/../key.ui/examples/standard_key/java_dl/exceptions2.key 
164310     INFO  main            d.u.i.k.p.i.AbstractProblemLoader Loading environment from /home/runner/work/key/key/key.core/../key.ui/examples/standard_key/java_dl/exceptions2.key 
164310     DEBUG main            d.u.i.k.p.i.AbstractProblemLoader Environment load took 105.9ns 
164311     INFO  main            d.u.i.k.p.i.AbstractProblemLoader Creating init config 
167106     DEBUG main            d.u.i.k.p.i.AbstractProblemLoader Init config took 2.79s 
167122     INFO  main            d.u.i.k.p.i.AbstractProblemLoader Replaying proof exceptions2.key 
167125     DEBUG main            d.u.i.k.p.i.IntermediateProofReplayer Proof replay took 8.1ns 
167328     INFO  main            d.u.i.k.p.r.p.TestFile    ... finished proof: closed. 
167661     INFO  main            d.u.i.k.p.i.AbstractProblemLoader Loading environment from /home/runner/work/key/key/key.core/../key.ui/examples/standard_key/java_dl/exceptions2.key.proof 
167661     DEBUG main            d.u.i.k.p.i.AbstractProblemLoader Environment load took 117.1ns 
167663     INFO  main            d.u.i.k.p.i.AbstractProblemLoader Creating init config 
170221     DEBUG main            d.u.i.k.p.i.AbstractProblemLoader Init config took 2.56s 
170239     INFO  main            d.u.i.k.p.i.AbstractProblemLoader Replaying proof exceptions2.key.proof 
170287     DEBUG main            d.u.i.k.p.i.IntermediateProofReplayer Proof replay took 44.67ms 
170292     DEBUG main            d.u.i.k.p.r.p.TestFile    ... success: reloaded. 
170293     INFO  main            d.u.i.k.p.r.p.TestFile    Now processing file /home/runner/work/key/key/key.core/../key.ui/examples/standard_key/java_dl/exceptions3.key 
170294     INFO  main            d.u.i.k.p.i.AbstractProblemLoader Loading environment from /home/runner/work/key/key/key.core/../key.ui/examples/standard_key/java_dl/exceptions3.key 
170294     DEBUG main            d.u.i.k.p.i.AbstractProblemLoader Environment load took 208.21ns 
170295     INFO  main            d.u.i.k.p.i.AbstractProblemLoader Creating init config 
170321     WARN  main            d.u.i.k.j.r.KeYCrossReferenceNameInfo Datatype java.io.InputStream declared twice: Once in FILE:/home/runner/work/key/key/key.core/../key.ui/examples/standard_key/java_dl/classpath/InputStream.java and once in URL:file:/home/runner/work/key/key/key.core/build/resources/main/de/uka/ilkd/key/java/JavaRedux/java/io/InputStream.java, Keeping one from URL:file:/home/runner/work/key/key/key.core/build/resources/main/de/uka/ilkd/key/java/JavaRedux/java/io/InputStream.java 
170321     WARN  main            d.u.i.k.j.r.KeYCrossReferenceNameInfo Datatype java.lang.System declared twice: Once in FILE:/home/runner/work/key/key/key.core/../key.ui/examples/standard_key/java_dl/classpath/System.java and once in URL:file:/home/runner/work/key/key/key.core/build/resources/main/de/uka/ilkd/key/java/JavaRedux/java/lang/System.java, Keeping one from URL:file:/home/runner/work/key/key/key.core/build/resources/main/de/uka/ilkd/key/java/JavaRedux/java/lang/System.java 
170321     WARN  main            d.u.i.k.j.r.KeYCrossReferenceNameInfo Datatype java.io.PrintStream declared twice: Once in FILE:/home/runner/work/key/key/key.core/../key.ui/examples/standard_key/java_dl/classpath/PrintStream.java and once in URL:file:/home/runner/work/key/key/key.core/build/resources/main/de/uka/ilkd/key/java/JavaRedux/java/io/PrintStream.java, Keeping one from URL:file:/home/runner/work/key/key/key.core/build/resources/main/de/uka/ilkd/key/java/JavaRedux/java/io/PrintStream.java 
170332     DEBUG main            d.u.i.k.j.r.ClassFileDeclarationBuilder Parsing: package java.io; public class Closeable { } 
170333     DEBUG main            r.s.KeYCrossReferenceSourceInfo Dynamically created class: java.io.Closeable 
173072     DEBUG main            d.u.i.k.p.i.AbstractProblemLoader Init config took 2.78s 
173087     INFO  main            d.u.i.k.p.i.AbstractProblemLoader Replaying proof exceptions3.key 
173088     DEBUG main            d.u.i.k.p.i.IntermediateProofReplayer Proof replay took 7.3ns 
173191     INFO  main            d.u.i.k.p.r.p.TestFile    ... finished proof: closed. 
173519     INFO  main            d.u.i.k.p.i.AbstractProblemLoader Loading environment from /home/runner/work/key/key/key.core/../key.ui/examples/standard_key/java_dl/exceptions3.key.proof 
173519     DEBUG main            d.u.i.k.p.i.AbstractProblemLoader Environment load took 102.6ns 
173520     INFO  main            d.u.i.k.p.i.AbstractProblemLoader Creating init config 
173552     WARN  main            d.u.i.k.j.r.KeYCrossReferenceNameInfo Datatype java.io.InputStream declared twice: Once in FILE:/home/runner/work/key/key/key.core/../key.ui/examples/standard_key/java_dl/classpath/InputStream.java and once in URL:file:/home/runner/work/key/key/key.core/build/resources/main/de/uka/ilkd/key/java/JavaRedux/java/io/InputStream.java, Keeping one from URL:file:/home/runner/work/key/key/key.core/build/resources/main/de/uka/ilkd/key/java/JavaRedux/java/io/InputStream.java 
173552     WARN  main            d.u.i.k.j.r.KeYCrossReferenceNameInfo Datatype java.lang.System declared twice: Once in FILE:/home/runner/work/key/key/key.core/../key.ui/examples/standard_key/java_dl/classpath/System.java and once in URL:file:/home/runner/work/key/key/key.core/build/resources/main/de/uka/ilkd/key/java/JavaRedux/java/lang/System.java, Keeping one from URL:file:/home/runner/work/key/key/key.core/build/resources/main/de/uka/ilkd/key/java/JavaRedux/java/lang/System.java 
173553     WARN  main            d.u.i.k.j.r.KeYCrossReferenceNameInfo Datatype java.io.PrintStream declared twice: Once in FILE:/home/runner/work/key/key/key.core/../key.ui/examples/standard_key/java_dl/classpath/PrintStream.java and once in URL:file:/home/runner/work/key/key/key.core/build/resources/main/de/uka/ilkd/key/java/JavaRedux/java/io/PrintStream.java, Keeping one from URL:file:/home/runner/work/key/key/key.core/build/resources/main/de/uka/ilkd/key/java/JavaRedux/java/io/PrintStream.java 
173557     DEBUG main            d.u.i.k.j.r.ClassFileDeclarationBuilder Parsing: package java.io; public class Closeable { } 
173557     DEBUG main            r.s.KeYCrossReferenceSourceInfo Dynamically created class: java.io.Closeable 
176176     DEBUG main            d.u.i.k.p.i.AbstractProblemLoader Init config took 2.66s 
176192     INFO  main            d.u.i.k.p.i.AbstractProblemLoader Replaying proof exceptions3.key.proof 
176199     DEBUG main            d.u.i.k.p.i.IntermediateProofReplayer Proof replay took 5.11ms 
176200     DEBUG main            d.u.i.k.p.r.p.TestFile    ... success: reloaded. 
176201     INFO  main            d.u.i.k.p.r.p.TestFile    Now processing file /home/runner/work/key/key/key.core/../key.ui/examples/standard_key/java_dl/exchange.key 
176201     INFO  main            d.u.i.k.p.i.AbstractProblemLoader Loading environment from /home/runner/work/key/key/key.core/../key.ui/examples/standard_key/java_dl/exchange.key 
176201     DEBUG main            d.u.i.k.p.i.AbstractProblemLoader Environment load took 96.1ns 
176202     INFO  main            d.u.i.k.p.i.AbstractProblemLoader Creating init config 
178867     DEBUG main            d.u.i.k.p.i.AbstractProblemLoader Init config took 2.66s 
178883     INFO  main            d.u.i.k.p.i.AbstractProblemLoader Replaying proof exchange.key 
178885     DEBUG main            d.u.i.k.p.i.IntermediateProofReplayer Proof replay took 7.7ns 
178989     INFO  main            d.u.i.k.p.r.p.TestFile    ... finished proof: closed. 
179330     INFO  main            d.u.i.k.p.i.AbstractProblemLoader Loading environment from /home/runner/work/key/key/key.core/../key.ui/examples/standard_key/java_dl/exchange.key.proof 
179330     DEBUG main            d.u.i.k.p.i.AbstractProblemLoader Environment load took 122.6ns 
179331     INFO  main            d.u.i.k.p.i.AbstractProblemLoader Creating init config 
181920     DEBUG main            d.u.i.k.p.i.AbstractProblemLoader Init config took 2.59s 
181935     INFO  main            d.u.i.k.p.i.AbstractProblemLoader Replaying proof exchange.key.proof 
181944     DEBUG main            d.u.i.k.p.i.IntermediateProofReplayer Proof replay took 6.33ms 
181945     DEBUG main            d.u.i.k.p.r.p.TestFile    ... success: reloaded. 
181945     INFO  main            d.u.i.k.p.r.p.TestFile    Now processing file /home/runner/work/key/key/key.core/../key.ui/examples/standard_key/java_dl/if.key 
181946     INFO  main            d.u.i.k.p.i.AbstractProblemLoader Loading environment from /home/runner/work/key/key/key.core/../key.ui/examples/standard_key/java_dl/if.key 
181946     DEBUG main            d.u.i.k.p.i.AbstractProblemLoader Environment load took 183.51ns 
181947     INFO  main            d.u.i.k.p.i.AbstractProblemLoader Creating init config 
184608     DEBUG main            d.u.i.k.p.i.AbstractProblemLoader Init config took 2.66s 
184623     INFO  main            d.u.i.k.p.i.AbstractProblemLoader Replaying proof if.key 
184624     DEBUG main            d.u.i.k.p.i.IntermediateProofReplayer Proof replay took 7.5ns 
184727     INFO  main            d.u.i.k.p.r.p.TestFile    ... finished proof: closed. 
185069     INFO  main            d.u.i.k.p.i.AbstractProblemLoader Loading environment from /home/runner/work/key/key/key.core/../key.ui/examples/standard_key/java_dl/if.key.proof 
185069     DEBUG main            d.u.i.k.p.i.AbstractProblemLoader Environment load took 112.7ns 
185070     INFO  main            d.u.i.k.p.i.AbstractProblemLoader Creating init config 
187620     DEBUG main            d.u.i.k.p.i.AbstractProblemLoader Init config took 2.55s 
187635     INFO  main            d.u.i.k.p.i.AbstractProblemLoader Replaying proof if.key.proof 
187641     DEBUG main            d.u.i.k.p.i.IntermediateProofReplayer Proof replay took 3.84ms 
187642     DEBUG main            d.u.i.k.p.r.p.TestFile    ... success: reloaded. 
187642     INFO  main            d.u.i.k.p.r.p.TestFile    Now processing file /home/runner/work/key/key/key.core/../key.ui/examples/standard_key/java_dl/incrementcounter.key 
187642     INFO  main            d.u.i.k.p.i.AbstractProblemLoader Loading environment from /home/runner/work/key/key/key.core/../key.ui/examples/standard_key/java_dl/incrementcounter.key 
187642     DEBUG main            d.u.i.k.p.i.AbstractProblemLoader Environment load took 183.01ns 
187643     INFO  main            d.u.i.k.p.i.AbstractProblemLoader Creating init config 
190317     DEBUG main            d.u.i.k.p.i.AbstractProblemLoader Init config took 2.67s 
190331     INFO  main            d.u.i.k.p.i.AbstractProblemLoader Replaying proof incrementcounter.key 
190332     DEBUG main            d.u.i.k.p.i.IntermediateProofReplayer Proof replay took 7.5ns 
190434     INFO  main            d.u.i.k.p.r.p.TestFile    ... finished proof: closed. 
190772     INFO  main            d.u.i.k.p.i.AbstractProblemLoader Loading environment from /home/runner/work/key/key/key.core/../key.ui/examples/standard_key/java_dl/incrementcounter.key.proof 
190772     DEBUG main            d.u.i.k.p.i.AbstractProblemLoader Environment load took 118.1ns 
190773     INFO  main            d.u.i.k.p.i.AbstractProblemLoader Creating init config 
193388     DEBUG main            d.u.i.k.p.i.AbstractProblemLoader Init config took 2.61s 
193402     INFO  main            d.u.i.k.p.i.AbstractProblemLoader Replaying proof incrementcounter.key.proof 
193407     DEBUG main            d.u.i.k.p.i.IntermediateProofReplayer Proof replay took 3.2ms 
193408     DEBUG main            d.u.i.k.p.r.p.TestFile    ... success: reloaded. 
193408     INFO  main            d.u.i.k.p.r.p.TestFile    Now processing file /home/runner/work/key/key/key.core/../key.ui/examples/standard_key/java_dl/danglingElse.key 
193409     INFO  main            d.u.i.k.p.i.AbstractProblemLoader Loading environment from /home/runner/work/key/key/key.core/../key.ui/examples/standard_key/java_dl/danglingElse.key 
193409     DEBUG main            d.u.i.k.p.i.AbstractProblemLoader Environment load took 64.5ns 
193410     INFO  main            d.u.i.k.p.i.AbstractProblemLoader Creating init config 
196041     DEBUG main            d.u.i.k.p.i.AbstractProblemLoader Init config took 2.63s 
196056     INFO  main            d.u.i.k.p.i.AbstractProblemLoader Replaying proof danglingElse.key 
196058     DEBUG main            d.u.i.k.p.i.IntermediateProofReplayer Proof replay took 8.5ns 
196160     INFO  main            d.u.i.k.p.r.p.TestFile    ... finished proof: open goal(s) 
196534     INFO  main            d.u.i.k.p.r.p.TestFile    Now processing file /home/runner/work/key/key/key.core/../key.ui/examples/standard_key/java_dl/iteratedAssignment.key 
196535     INFO  main            d.u.i.k.p.i.AbstractProblemLoader Loading environment from /home/runner/work/key/key/key.core/../key.ui/examples/standard_key/java_dl/iteratedAssignment.key 
196535     DEBUG main            d.u.i.k.p.i.AbstractProblemLoader Environment load took 68.4ns 
196536     INFO  main            d.u.i.k.p.i.AbstractProblemLoader Creating init config 
199194     DEBUG main            d.u.i.k.p.i.AbstractProblemLoader Init config took 2.66s 
199229     INFO  main            d.u.i.k.p.i.AbstractProblemLoader Replaying proof iteratedAssignment.key 
199234     DEBUG main            d.u.i.k.p.i.IntermediateProofReplayer Proof replay took 8.6ns 
199639     INFO  main            d.u.i.k.p.r.p.TestFile    ... finished proof: closed. 
200006     INFO  main            d.u.i.k.p.i.AbstractProblemLoader Loading environment from /home/runner/work/key/key/key.core/../key.ui/examples/standard_key/java_dl/iteratedAssignment.key.proof 
200007     DEBUG main            d.u.i.k.p.i.AbstractProblemLoader Environment load took 979.43ns 
200008     INFO  main            d.u.i.k.p.i.AbstractProblemLoader Creating init config 
202675     DEBUG main            d.u.i.k.p.i.AbstractProblemLoader Init config took 2.67s 
202693     INFO  main            d.u.i.k.p.i.AbstractProblemLoader Replaying proof iteratedAssignment.key.proof 
202799     DEBUG main            d.u.i.k.p.i.IntermediateProofReplayer Proof replay took 101.6ms 
202800     DEBUG main            d.u.i.k.p.r.p.TestFile    ... success: reloaded. 
202801     INFO  main            d.u.i.k.p.r.p.TestFile    Now processing file /home/runner/work/key/key/key.core/../key.ui/examples/standard_key/java_dl/assert/assert1.key 
202801     INFO  main            d.u.i.k.p.i.AbstractProblemLoader Loading environment from /home/runner/work/key/key/key.core/../key.ui/examples/standard_key/java_dl/assert/assert1.key 
202802     DEBUG main            d.u.i.k.p.i.AbstractProblemLoader Environment load took 173.81ns 
202802     INFO  main            d.u.i.k.p.i.AbstractProblemLoader Creating init config 
205541     DEBUG main            d.u.i.k.p.i.AbstractProblemLoader Init config took 2.74s 
205579     INFO  main            d.u.i.k.p.i.AbstractProblemLoader Replaying proof C[C::foo()].JML normal_behavior operation contract.0 
205582     DEBUG main            d.u.i.k.p.i.IntermediateProofReplayer Proof replay took 8.2ns 
205784     INFO  main            d.u.i.k.p.r.p.TestFile    ... finished proof: open goal(s) 
206169     INFO  main            d.u.i.k.p.r.p.TestFile    Now processing file /home/runner/work/key/key/key.core/../key.ui/examples/standard_key/java_dl/assert/assert2.key 
206169     INFO  main            d.u.i.k.p.i.AbstractProblemLoader Loading environment from /home/runner/work/key/key/key.core/../key.ui/examples/standard_key/java_dl/assert/assert2.key 
206169     DEBUG main            d.u.i.k.p.i.AbstractProblemLoader Environment load took 62.9ns 
206171     INFO  main            d.u.i.k.p.i.AbstractProblemLoader Creating init config 
208832     DEBUG main            d.u.i.k.p.i.AbstractProblemLoader Init config took 2.66s 
208871     INFO  main            d.u.i.k.p.i.AbstractProblemLoader Replaying proof C[C::bar()].JML exceptional_behavior operation contract.0 
208873     DEBUG main            d.u.i.k.p.i.IntermediateProofReplayer Proof replay took 11.7ns 
209077     INFO  main            d.u.i.k.p.r.p.TestFile    ... finished proof: closed. 
209445     INFO  main            d.u.i.k.p.i.AbstractProblemLoader Loading environment from /home/runner/work/key/key/key.core/../key.ui/examples/standard_key/java_dl/assert/assert2.key.proof 
209445     DEBUG main            d.u.i.k.p.i.AbstractProblemLoader Environment load took 92.1ns 
209446     INFO  main            d.u.i.k.p.i.AbstractProblemLoader Creating init config 
212126     DEBUG main            d.u.i.k.p.i.AbstractProblemLoader Init config took 2.68s 
212171     INFO  main            d.u.i.k.p.i.AbstractProblemLoader Replaying proof C[C::bar()].JML exceptional_behavior operation contract.0 
212234     DEBUG main            d.u.i.k.p.i.IntermediateProofReplayer Proof replay took 60.96ms 
212235     DEBUG main            d.u.i.k.p.r.p.TestFile    ... success: reloaded. 
212236     INFO  main            d.u.i.k.p.r.p.TestFile    Now processing file /home/runner/work/key/key/key.core/../key.ui/examples/standard_key/java_dl/assert/assert3.key 
212237     INFO  main            d.u.i.k.p.i.AbstractProblemLoader Loading environment from /home/runner/work/key/key/key.core/../key.ui/examples/standard_key/java_dl/assert/assert3.key 
212237     DEBUG main            d.u.i.k.p.i.AbstractProblemLoader Environment load took 101.8ns 
212238     INFO  main            d.u.i.k.p.i.AbstractProblemLoader Creating init config 
215070     DEBUG main            d.u.i.k.p.i.AbstractProblemLoader Init config took 2.83s 
215111     INFO  main            d.u.i.k.p.i.AbstractProblemLoader Replaying proof C[C::foo()].JML normal_behavior operation contract.0 
215113     DEBUG main            d.u.i.k.p.i.IntermediateProofReplayer Proof replay took 7.9ns 
215221     INFO  main            d.u.i.k.p.r.p.TestFile    ... finished proof: open goal(s) 
215597     INFO  main            d.u.i.k.p.r.p.TestFile    Now processing file /home/runner/work/key/key/key.core/../key.ui/examples/standard_key/java_dl/java5/vararg.key 
215598     INFO  main            d.u.i.k.p.i.AbstractProblemLoader Loading environment from /home/runner/work/key/key/key.core/../key.ui/examples/standard_key/java_dl/java5/vararg.key 
215598     DEBUG main            d.u.i.k.p.i.AbstractProblemLoader Environment load took 81.2ns 
215601     INFO  main            d.u.i.k.p.i.AbstractProblemLoader Creating init config 
216550     DEBUG main            d.u.i.k.j.r.ClassPreparationMethodBuilder clPrepBuilder: Inner Class detected. Reject building class initialisation methods. 
218778     DEBUG main            d.u.i.k.p.i.AbstractProblemLoader Init config took 3.18s 
218813     INFO  main            d.u.i.k.p.i.AbstractProblemLoader Replaying proof vararg.key 
218815     DEBUG main            d.u.i.k.p.i.IntermediateProofReplayer Proof replay took 8.2ns 
219194     DEBUG Thread-101      d.u.i.k.j.d.VariableSpecification Program match. Variables have different dimension (template #v0 = #vi;, source var#17[] = new java.lang.Object[]{d1, d2};) 
219372     DEBUG Thread-101      d.u.i.k.j.d.VariableSpecification Program match. Variables have different dimension (template #v0 = #vi;, source var#24[] = new java.lang.Object[]{d1, d2};) 
219585     DEBUG Thread-101      d.u.i.k.j.d.VariableSpecification Program match. Variables have different dimension (template #v0 = #vi;, source var#33[] = new java.lang.Object[]{var_1};) 
219586     DEBUG Thread-101      d.u.i.k.j.d.VariableSpecification Program match. Variables have different dimension (template #v0 = #vi;, source var#33[] = new java.lang.Object[]{var_1};) 
219753     DEBUG Thread-101      d.u.i.k.j.d.VariableSpecification Program match. Variables have different dimension (template #v0 = #vi;, source var#39[] = new java.lang.Object[]{null, null};) 
219937     DEBUG Thread-101      d.u.i.k.j.d.VariableSpecification Program match. Variables have different dimension (template #v0 = #vi;, source var#46[] = new java.lang.Object[]{};) 
220423     INFO  main            d.u.i.k.p.r.p.TestFile    ... finished proof: closed. 
221022     INFO  main            d.u.i.k.p.i.AbstractProblemLoader Loading environment from /home/runner/work/key/key/key.core/../key.ui/examples/standard_key/java_dl/java5/vararg.key.proof 
221022     DEBUG main            d.u.i.k.p.i.AbstractProblemLoader Environment load took 106.5ns 
221023     INFO  main            d.u.i.k.p.i.AbstractProblemLoader Creating init config 
222022     DEBUG main            d.u.i.k.j.r.ClassPreparationMethodBuilder clPrepBuilder: Inner Class detected. Reject building class initialisation methods. 
224086     DEBUG main            d.u.i.k.p.i.AbstractProblemLoader Init config took 3.06s 
224115     INFO  main            d.u.i.k.p.i.AbstractProblemLoader Replaying proof vararg.key.proof 
224586     DEBUG main            d.u.i.k.p.i.IntermediateProofReplayer Proof replay took 458.7ms 
224588     DEBUG main            d.u.i.k.p.r.p.TestFile    ... success: reloaded. 
224589     INFO  main            d.u.i.k.p.r.p.TestFile    Now processing file /home/runner/work/key/key/key.core/../key.ui/examples/standard_key/java_dl/java5/for_Array.key 
224589     INFO  main            d.u.i.k.p.i.AbstractProblemLoader Loading environment from /home/runner/work/key/key/key.core/../key.ui/examples/standard_key/java_dl/java5/for_Array.key 
224589     DEBUG main            d.u.i.k.p.i.AbstractProblemLoader Environment load took 191.71ns 
224590     INFO  main            d.u.i.k.p.i.AbstractProblemLoader Creating init config 
225579     DEBUG main            d.u.i.k.j.r.ClassPreparationMethodBuilder clPrepBuilder: Inner Class detected. Reject building class initialisation methods. 
227653     DEBUG main            d.u.i.k.p.i.AbstractProblemLoader Init config took 3.06s 
227740     INFO  main            d.u.i.k.p.i.AbstractProblemLoader Replaying proof For[For::sum([I)].JML operation contract.0 
227742     DEBUG main            d.u.i.k.p.i.IntermediateProofReplayer Proof replay took 7.2ns 
228146     INFO  main            d.u.i.k.p.r.p.TestFile    ... finished proof: closed. 
228658     INFO  main            d.u.i.k.p.i.AbstractProblemLoader Loading environment from /home/runner/work/key/key/key.core/../key.ui/examples/standard_key/java_dl/java5/for_Array.key.proof 
228658     DEBUG main            d.u.i.k.p.i.AbstractProblemLoader Environment load took 93.5ns 
228659     INFO  main            d.u.i.k.p.i.AbstractProblemLoader Creating init config 
229598     DEBUG main            d.u.i.k.j.r.ClassPreparationMethodBuilder clPrepBuilder: Inner Class detected. Reject building class initialisation methods. 
231554     DEBUG main            d.u.i.k.p.i.AbstractProblemLoader Init config took 2.9s 
231623     INFO  main            d.u.i.k.p.i.AbstractProblemLoader Replaying proof For[For::sum([I)].JML operation contract.0 
231771     DEBUG main            d.u.i.k.p.i.IntermediateProofReplayer Proof replay took 143.62ms 
231772     DEBUG main            d.u.i.k.p.r.p.TestFile    ... success: reloaded. 
231774     INFO  main            d.u.i.k.p.r.p.TestFile    Now processing file /home/runner/work/key/key/key.core/../key.ui/examples/standard_key/java_dl/java5/for_Iterable.key 
231774     INFO  main            d.u.i.k.p.i.AbstractProblemLoader Loading environment from /home/runner/work/key/key/key.core/../key.ui/examples/standard_key/java_dl/java5/for_Iterable.key 
231774     DEBUG main            d.u.i.k.p.i.AbstractProblemLoader Environment load took 265.01ns 
231775     INFO  main            d.u.i.k.p.i.AbstractProblemLoader Creating init config 
232714     DEBUG main            d.u.i.k.j.r.ClassPreparationMethodBuilder clPrepBuilder: Inner Class detected. Reject building class initialisation methods. 
234710     DEBUG main            d.u.i.k.p.i.AbstractProblemLoader Init config took 2.93s 
234776     INFO  main            d.u.i.k.p.i.AbstractProblemLoader Replaying proof For[For::infiniteLoop(For)].JML operation contract.0 
234778     DEBUG main            d.u.i.k.p.i.IntermediateProofReplayer Proof replay took 7.3ns 
234981     INFO  main            d.u.i.k.p.r.p.TestFile    ... finished proof: closed. 
235402     INFO  main            d.u.i.k.p.i.AbstractProblemLoader Loading environment from /home/runner/work/key/key/key.core/../key.ui/examples/standard_key/java_dl/java5/for_Iterable.key.proof 
235402     DEBUG main            d.u.i.k.p.i.AbstractProblemLoader Environment load took 95ns 
235403     INFO  main            d.u.i.k.p.i.AbstractProblemLoader Creating init config 
236312     DEBUG main            d.u.i.k.j.r.ClassPreparationMethodBuilder clPrepBuilder: Inner Class detected. Reject building class initialisation methods. 
238335     DEBUG main            d.u.i.k.p.i.AbstractProblemLoader Init config took 2.93s 
238393     INFO  main            d.u.i.k.p.i.AbstractProblemLoader Replaying proof For[For::infiniteLoop(For)].JML operation contract.0 
238459     DEBUG main            d.u.i.k.p.i.IntermediateProofReplayer Proof replay took 63.54ms 
238460     DEBUG main            d.u.i.k.p.r.p.TestFile    ... success: reloaded. 
238461     INFO  main            d.u.i.k.p.r.p.TestFile    Now processing file /home/runner/work/key/key/key.core/../key.ui/examples/standard_key/java_dl/java5/for_ReferenceArray.key 
238462     INFO  main            d.u.i.k.p.i.AbstractProblemLoader Loading environment from /home/runner/work/key/key/key.core/../key.ui/examples/standard_key/java_dl/java5/for_ReferenceArray.key 
238462     DEBUG main            d.u.i.k.p.i.AbstractProblemLoader Environment load took 83ns 
238463     INFO  main            d.u.i.k.p.i.AbstractProblemLoader Creating init config 
239379     DEBUG main            d.u.i.k.j.r.ClassPreparationMethodBuilder clPrepBuilder: Inner Class detected. Reject building class initialisation methods. 
241346     DEBUG main            d.u.i.k.p.i.AbstractProblemLoader Init config took 2.88s 
241406     INFO  main            d.u.i.k.p.i.AbstractProblemLoader Replaying proof ForReferenceArray[ForReferenceArray::foo([Ljava.lang.Object)].JML operation contract.0 
241408     DEBUG main            d.u.i.k.p.i.IntermediateProofReplayer Proof replay took 7ns 
241711     INFO  main            d.u.i.k.p.r.p.TestFile    ... finished proof: closed. 
242135     INFO  main            d.u.i.k.p.i.AbstractProblemLoader Loading environment from /home/runner/work/key/key/key.core/../key.ui/examples/standard_key/java_dl/java5/for_ReferenceArray.key.proof 
242135     DEBUG main            d.u.i.k.p.i.AbstractProblemLoader Environment load took 107.2ns 
242136     INFO  main            d.u.i.k.p.i.AbstractProblemLoader Creating init config 
243012     DEBUG main            d.u.i.k.j.r.ClassPreparationMethodBuilder clPrepBuilder: Inner Class detected. Reject building class initialisation methods. 
244993     DEBUG main            d.u.i.k.p.i.AbstractProblemLoader Init config took 2.86s 
245054     INFO  main            d.u.i.k.p.i.AbstractProblemLoader Replaying proof ForReferenceArray[ForReferenceArray::foo([Ljava.lang.Object)].JML operation contract.0 
245139     DEBUG main            d.u.i.k.p.i.IntermediateProofReplayer Proof replay took 81.95ms 
245140     DEBUG main            d.u.i.k.p.r.p.TestFile    ... success: reloaded. 
245141     INFO  main            d.u.i.k.p.r.p.TestFile    Now processing file /home/runner/work/key/key/key.core/../key.ui/examples/standard_key/java_dl/jml-bigint/cast.key 
245142     INFO  main            d.u.i.k.p.i.AbstractProblemLoader Loading environment from /home/runner/work/key/key/key.core/../key.ui/examples/standard_key/java_dl/jml-bigint/cast.key 
245142     DEBUG main            d.u.i.k.p.i.AbstractProblemLoader Environment load took 90.7ns 
245143     INFO  main            d.u.i.k.p.i.AbstractProblemLoader Creating init config 
248015     DEBUG main            d.u.i.k.p.i.AbstractProblemLoader Init config took 2.87s 
248051     INFO  main            d.u.i.k.p.i.AbstractProblemLoader Replaying proof Mult[Mult::cast()].JML operation contract.0 
248053     DEBUG main            d.u.i.k.p.i.IntermediateProofReplayer Proof replay took 7ns 
248156     INFO  main            d.u.i.k.p.r.p.TestFile    ... finished proof: closed. 
248601     INFO  main            d.u.i.k.p.i.AbstractProblemLoader Loading environment from /home/runner/work/key/key/key.core/../key.ui/examples/standard_key/java_dl/jml-bigint/cast.key.proof 
248601     DEBUG main            d.u.i.k.p.i.AbstractProblemLoader Environment load took 111.3ns 
248602     INFO  main            d.u.i.k.p.i.AbstractProblemLoader Creating init config 
251420     DEBUG main            d.u.i.k.p.i.AbstractProblemLoader Init config took 2.82s 
251466     INFO  main            d.u.i.k.p.i.AbstractProblemLoader Replaying proof Mult[Mult::cast()].JML operation contract.0 
251484     DEBUG main            d.u.i.k.p.i.IntermediateProofReplayer Proof replay took 15.3ms 
251485     DEBUG main            d.u.i.k.p.r.p.TestFile    ... success: reloaded. 
251486     INFO  main            d.u.i.k.p.r.p.TestFile    Now processing file /home/runner/work/key/key/key.core/../key.ui/examples/standard_key/java_dl/jml-free/loopInvFree.key 
251486     INFO  main            d.u.i.k.p.i.AbstractProblemLoader Loading environment from /home/runner/work/key/key/key.core/../key.ui/examples/standard_key/java_dl/jml-free/loopInvFree.key 
251486     DEBUG main            d.u.i.k.p.i.AbstractProblemLoader Environment load took 172.91ns 
251487     INFO  main            d.u.i.k.p.i.AbstractProblemLoader Creating init config 
254160     DEBUG main            d.u.i.k.p.i.AbstractProblemLoader Init config took 2.67s 
254194     INFO  main            d.u.i.k.p.i.AbstractProblemLoader Replaying proof LoopInvFree[LoopInvFree::test()].JML operation contract.0 
254196     DEBUG main            d.u.i.k.p.i.IntermediateProofReplayer Proof replay took 6.7ns 
254398     INFO  main            d.u.i.k.p.r.p.TestFile    ... finished proof: closed. 
254837     INFO  main            d.u.i.k.p.i.AbstractProblemLoader Loading environment from /home/runner/work/key/key/key.core/../key.ui/examples/standard_key/java_dl/jml-free/loopInvFree.key.proof 
254837     DEBUG main            d.u.i.k.p.i.AbstractProblemLoader Environment load took 84.9ns 
254838     INFO  main            d.u.i.k.p.i.AbstractProblemLoader Creating init config 
257392     DEBUG main            d.u.i.k.p.i.AbstractProblemLoader Init config took 2.55s 
257429     INFO  main            d.u.i.k.p.i.AbstractProblemLoader Replaying proof LoopInvFree[LoopInvFree::test()].JML operation contract.0 
257483     DEBUG main            d.u.i.k.p.i.IntermediateProofReplayer Proof replay took 52.77ms 
257484     DEBUG main            d.u.i.k.p.r.p.TestFile    ... success: reloaded. 
257485     INFO  main            d.u.i.k.p.r.p.TestFile    Now processing file /home/runner/work/key/key/key.core/../key.ui/examples/standard_key/java_dl/jml-free/ensuresFree.key 
257486     INFO  main            d.u.i.k.p.i.AbstractProblemLoader Loading environment from /home/runner/work/key/key/key.core/../key.ui/examples/standard_key/java_dl/jml-free/ensuresFree.key 
257486     DEBUG main            d.u.i.k.p.i.AbstractProblemLoader Environment load took 109.6ns 
257487     INFO  main            d.u.i.k.p.i.AbstractProblemLoader Creating init config 
260094     DEBUG main            d.u.i.k.p.i.AbstractProblemLoader Init config took 2.61s 
260131     INFO  main            d.u.i.k.p.i.AbstractProblemLoader Replaying proof EnsuresFree[EnsuresFree::test()].JML operation contract.0 
260133     DEBUG main            d.u.i.k.p.i.IntermediateProofReplayer Proof replay took 7.6ns 
260234     INFO  main            d.u.i.k.p.r.p.TestFile    ... finished proof: closed. 
260641     INFO  main            d.u.i.k.p.i.AbstractProblemLoader Loading environment from /home/runner/work/key/key/key.core/../key.ui/examples/standard_key/java_dl/jml-free/ensuresFree.key.proof 
260641     DEBUG main            d.u.i.k.p.i.AbstractProblemLoader Environment load took 89.2ns 
260642     INFO  main            d.u.i.k.p.i.AbstractProblemLoader Creating init config 
263355     DEBUG main            d.u.i.k.p.i.AbstractProblemLoader Init config took 2.71s 
263392     INFO  main            d.u.i.k.p.i.AbstractProblemLoader Replaying proof EnsuresFree[EnsuresFree::test()].JML operation contract.0 
263414     DEBUG main            d.u.i.k.p.i.IntermediateProofReplayer Proof replay took 20.59ms 
263415     DEBUG main            d.u.i.k.p.r.p.TestFile    ... success: reloaded. 
263416     INFO  main            d.u.i.k.p.r.p.TestFile    Now processing file /home/runner/work/key/key/key.core/../key.ui/examples/standard_key/java_dl/jml-information-flow.key 
263417     INFO  main            d.u.i.k.p.i.AbstractProblemLoader Loading environment from /home/runner/work/key/key/key.core/../key.ui/examples/standard_key/java_dl/jml-information-flow.key 
263417     DEBUG main            d.u.i.k.p.i.AbstractProblemLoader Environment load took 655.22ns 
263424     INFO  main            d.u.i.k.p.i.AbstractProblemLoader Creating init config 
266288     DEBUG main            d.u.i.k.p.i.AbstractProblemLoader Init config took 2.86s 
266307     INFO  main            d.u.i.k.p.i.AbstractProblemLoader Replaying proof jml-information-flow.key 
266309     DEBUG main            d.u.i.k.p.i.IntermediateProofReplayer Proof replay took 7ns 
388227     INFO  main            d.u.i.k.p.r.p.TestFile    ... finished proof: closed. 
388883     INFO  main            d.u.i.k.p.i.AbstractProblemLoader Loading environment from /home/runner/work/key/key/key.core/../key.ui/examples/standard_key/java_dl/jml-information-flow.key.proof 
388883     DEBUG main            d.u.i.k.p.i.AbstractProblemLoader Environment load took 383.91ns 
388891     INFO  main            d.u.i.k.p.i.AbstractProblemLoader Creating init config 
391595     DEBUG main            d.u.i.k.p.i.AbstractProblemLoader Init config took 2.7s 
391614     INFO  main            d.u.i.k.p.i.AbstractProblemLoader Replaying proof jml-information-flow.key.proof 
395859     DEBUG main            d.u.i.k.p.i.IntermediateProofReplayer Proof replay took 4.15s 
395867     DEBUG main            d.u.i.k.p.r.p.TestFile    ... success: reloaded. 
395869     INFO  main            d.u.i.k.p.r.p.TestFile    Now processing file /home/runner/work/key/key/key.core/../key.ui/examples/standard_key/java_dl/jml-min/min-unprovable1.key 
395869     INFO  main            d.u.i.k.p.i.AbstractProblemLoader Loading environment from /home/runner/work/key/key/key.core/../key.ui/examples/standard_key/java_dl/jml-min/min-unprovable1.key 
395869     DEBUG main            d.u.i.k.p.i.AbstractProblemLoader Environment load took 205.91ns 
395870     INFO  main            d.u.i.k.p.i.AbstractProblemLoader Creating init config 
398832     DEBUG main            d.u.i.k.p.i.AbstractProblemLoader Init config took 2.96s 
398867     INFO  main            d.u.i.k.p.i.AbstractProblemLoader Replaying proof Min[Min::foo()].JML operation contract.0 
398868     DEBUG main            d.u.i.k.p.i.IntermediateProofReplayer Proof replay took 7.4ns 
398970     INFO  main            d.u.i.k.p.r.p.TestFile    ... finished proof: open goal(s) 
399414     INFO  main            d.u.i.k.p.r.p.TestFile    Now processing file /home/runner/work/key/key/key.core/../key.ui/examples/standard_key/java_dl/jml-min/min-unprovable2.key 
399414     INFO  main            d.u.i.k.p.i.AbstractProblemLoader Loading environment from /home/runner/work/key/key/key.core/../key.ui/examples/standard_key/java_dl/jml-min/min-unprovable2.key 
399414     DEBUG main            d.u.i.k.p.i.AbstractProblemLoader Environment load took 56.5ns 
399415     INFO  main            d.u.i.k.p.i.AbstractProblemLoader Creating init config 
402325     DEBUG main            d.u.i.k.p.i.AbstractProblemLoader Init config took 2.91s 
402362     INFO  main            d.u.i.k.p.i.AbstractProblemLoader Replaying proof Min[Min::foo2()].JML operation contract.0 
402364     DEBUG main            d.u.i.k.p.i.IntermediateProofReplayer Proof replay took 7.3ns 
402469     INFO  main            d.u.i.k.p.r.p.TestFile    ... finished proof: open goal(s) 
402940     INFO  main            d.u.i.k.p.r.p.TestFile    Now processing file /home/runner/work/key/key/key.core/../key.ui/examples/standard_key/java_dl/methodCall.key 
402941     INFO  main            d.u.i.k.p.i.AbstractProblemLoader Loading environment from /home/runner/work/key/key/key.core/../key.ui/examples/standard_key/java_dl/methodCall.key 
402941     DEBUG main            d.u.i.k.p.i.AbstractProblemLoader Environment load took 76.1ns 
402942     INFO  main            d.u.i.k.p.i.AbstractProblemLoader Creating init config 
405579     DEBUG main            d.u.i.k.p.i.AbstractProblemLoader Init config took 2.64s 
405594     INFO  main            d.u.i.k.p.i.AbstractProblemLoader Replaying proof methodCall.key 
405596     DEBUG main            d.u.i.k.p.i.IntermediateProofReplayer Proof replay took 7.4ns 
405698     INFO  main            d.u.i.k.p.r.p.TestFile    ... finished proof: closed. 
406161     INFO  main            d.u.i.k.p.i.AbstractProblemLoader Loading environment from /home/runner/work/key/key/key.core/../key.ui/examples/standard_key/java_dl/methodCall.key.proof 
406161     DEBUG main            d.u.i.k.p.i.AbstractProblemLoader Environment load took 102.9ns 
406162     INFO  main            d.u.i.k.p.i.AbstractProblemLoader Creating init config 
408819     DEBUG main            d.u.i.k.p.i.AbstractProblemLoader Init config took 2.66s 
408833     INFO  main            d.u.i.k.p.i.AbstractProblemLoader Replaying proof methodCall.key.proof 
408837     DEBUG main            d.u.i.k.p.i.IntermediateProofReplayer Proof replay took 2.49ms 
408838     DEBUG main            d.u.i.k.p.r.p.TestFile    ... success: reloaded. 
408839     INFO  main            d.u.i.k.p.r.p.TestFile    Now processing file /home/runner/work/key/key/key.core/../key.ui/examples/standard_key/java_dl/methodCall1.key 
408839     INFO  main            d.u.i.k.p.i.AbstractProblemLoader Loading environment from /home/runner/work/key/key/key.core/../key.ui/examples/standard_key/java_dl/methodCall1.key 
408839     DEBUG main            d.u.i.k.p.i.AbstractProblemLoader Environment load took 92.7ns 
408843     INFO  main            d.u.i.k.p.i.AbstractProblemLoader Creating init config 
411540     DEBUG main            d.u.i.k.p.i.AbstractProblemLoader Init config took 2.7s 
411554     INFO  main            d.u.i.k.p.i.AbstractProblemLoader Replaying proof methodCall1.key 
411555     DEBUG main            d.u.i.k.p.i.IntermediateProofReplayer Proof replay took 6.4ns 
411657     INFO  main            d.u.i.k.p.r.p.TestFile    ... finished proof: closed. 
412112     INFO  main            d.u.i.k.p.i.AbstractProblemLoader Loading environment from /home/runner/work/key/key/key.core/../key.ui/examples/standard_key/java_dl/methodCall1.key.proof 
412112     DEBUG main            d.u.i.k.p.i.AbstractProblemLoader Environment load took 81.4ns 
412114     INFO  main            d.u.i.k.p.i.AbstractProblemLoader Creating init config 
414641     DEBUG main            d.u.i.k.p.i.AbstractProblemLoader Init config took 2.53s 
414655     INFO  main            d.u.i.k.p.i.AbstractProblemLoader Replaying proof methodCall1.key.proof 
414672     DEBUG main            d.u.i.k.p.i.IntermediateProofReplayer Proof replay took 15.64ms 
414673     DEBUG main            d.u.i.k.p.r.p.TestFile    ... success: reloaded. 
414673     INFO  main            d.u.i.k.p.r.p.TestFile    Now processing file /home/runner/work/key/key/key.core/../key.ui/examples/standard_key/java_dl/methodCall1box.key 
414674     INFO  main            d.u.i.k.p.i.AbstractProblemLoader Loading environment from /home/runner/work/key/key/key.core/../key.ui/examples/standard_key/java_dl/methodCall1box.key 
414675     DEBUG main            d.u.i.k.p.i.AbstractProblemLoader Environment load took 749.62ns 
414676     INFO  main            d.u.i.k.p.i.AbstractProblemLoader Creating init config 
417255     DEBUG main            d.u.i.k.p.i.AbstractProblemLoader Init config took 2.58s 
417270     INFO  main            d.u.i.k.p.i.AbstractProblemLoader Replaying proof methodCall1box.key 
417271     DEBUG main            d.u.i.k.p.i.IntermediateProofReplayer Proof replay took 9.2ns 
417373     INFO  main            d.u.i.k.p.r.p.TestFile    ... finished proof: closed. 
417868     INFO  main            d.u.i.k.p.i.AbstractProblemLoader Loading environment from /home/runner/work/key/key/key.core/../key.ui/examples/standard_key/java_dl/methodCall1box.key.proof 
417868     DEBUG main            d.u.i.k.p.i.AbstractProblemLoader Environment load took 86.8ns 
417869     INFO  main            d.u.i.k.p.i.AbstractProblemLoader Creating init config 
420536     DEBUG main            d.u.i.k.p.i.AbstractProblemLoader Init config took 2.67s 
420550     INFO  main            d.u.i.k.p.i.AbstractProblemLoader Replaying proof methodCall1box.key.proof 
420573     DEBUG main            d.u.i.k.p.i.IntermediateProofReplayer Proof replay took 19.15ms 
420574     DEBUG main            d.u.i.k.p.r.p.TestFile    ... success: reloaded. 
420575     INFO  main            d.u.i.k.p.r.p.TestFile    Now processing file /home/runner/work/key/key/key.core/../key.ui/examples/standard_key/java_dl/methodCall3.key 
420576     INFO  main            d.u.i.k.p.i.AbstractProblemLoader Loading environment from /home/runner/work/key/key/key.core/../key.ui/examples/standard_key/java_dl/methodCall3.key 
420576     DEBUG main            d.u.i.k.p.i.AbstractProblemLoader Environment load took 95.5ns 
420577     INFO  main            d.u.i.k.p.i.AbstractProblemLoader Creating init config 
423452     DEBUG main            d.u.i.k.p.i.AbstractProblemLoader Init config took 2.88s 
423468     INFO  main            d.u.i.k.p.i.AbstractProblemLoader Replaying proof methodCall3.key 
423470     DEBUG main            d.u.i.k.p.i.IntermediateProofReplayer Proof replay took 7.1ns 
423572     INFO  main            d.u.i.k.p.r.p.TestFile    ... finished proof: closed. 
424074     INFO  main            d.u.i.k.p.i.AbstractProblemLoader Loading environment from /home/runner/work/key/key/key.core/../key.ui/examples/standard_key/java_dl/methodCall3.key.proof 
424074     DEBUG main            d.u.i.k.p.i.AbstractProblemLoader Environment load took 99ns 
424076     INFO  main            d.u.i.k.p.i.AbstractProblemLoader Creating init config 
426814     DEBUG main            d.u.i.k.p.i.AbstractProblemLoader Init config took 2.74s 
426829     INFO  main            d.u.i.k.p.i.AbstractProblemLoader Replaying proof methodCall3.key.proof 
426844     DEBUG main            d.u.i.k.p.i.IntermediateProofReplayer Proof replay took 12.09ms 
426845     DEBUG main            d.u.i.k.p.r.p.TestFile    ... success: reloaded. 
426846     INFO  main            d.u.i.k.p.r.p.TestFile    Now processing file /home/runner/work/key/key/key.core/../key.ui/examples/standard_key/java_dl/polishFlagSort.key 
426848     INFO  main            d.u.i.k.p.i.AbstractProblemLoader Loading environment from /home/runner/work/key/key/key.core/../key.ui/examples/standard_key/java_dl/polishFlagSort.key 
426848     DEBUG main            d.u.i.k.p.i.AbstractProblemLoader Environment load took 188.71ns 
426850     INFO  main            d.u.i.k.p.i.AbstractProblemLoader Creating init config 
429591     DEBUG main            d.u.i.k.p.i.AbstractProblemLoader Init config took 2.74s 
429607     INFO  main            d.u.i.k.p.i.AbstractProblemLoader Replaying proof polishFlagSort.key 
429608     DEBUG main            d.u.i.k.p.i.IntermediateProofReplayer Proof replay took 8ns 
432048     INFO  main            d.u.i.k.p.r.p.TestFile    ... finished proof: closed. 
432573     INFO  main            d.u.i.k.p.i.AbstractProblemLoader Loading environment from /home/runner/work/key/key/key.core/../key.ui/examples/standard_key/java_dl/polishFlagSort.key.proof 
432574     DEBUG main            d.u.i.k.p.i.AbstractProblemLoader Environment load took 349.61ns 
432576     INFO  main            d.u.i.k.p.i.AbstractProblemLoader Creating init config 
435289     DEBUG main            d.u.i.k.p.i.AbstractProblemLoader Init config took 2.71s 
435305     INFO  main            d.u.i.k.p.i.AbstractProblemLoader Replaying proof polishFlagSort.key.proof 
435801     DEBUG main            d.u.i.k.p.i.IntermediateProofReplayer Proof replay took 486.12ms 
435803     DEBUG main            d.u.i.k.p.r.p.TestFile    ... success: reloaded. 
435803     INFO  main            d.u.i.k.p.r.p.TestFile    Now processing file /home/runner/work/key/key/key.core/../key.ui/examples/standard_key/java_dl/postConditionTaclets1.key 
435804     INFO  main            d.u.i.k.p.i.AbstractProblemLoader Loading environment from /home/runner/work/key/key/key.core/../key.ui/examples/standard_key/java_dl/postConditionTaclets1.key 
435804     DEBUG main            d.u.i.k.p.i.AbstractProblemLoader Environment load took 244.61ns 
435805     INFO  main            d.u.i.k.p.i.AbstractProblemLoader Creating init config 
438471     DEBUG main            d.u.i.k.p.i.AbstractProblemLoader Init config took 2.67s 
438484     INFO  main            d.u.i.k.p.i.AbstractProblemLoader Replaying proof postConditionTaclets1.key 
438486     DEBUG main            d.u.i.k.p.i.IntermediateProofReplayer Proof replay took 6.3ns 
438590     INFO  main            d.u.i.k.p.r.p.TestFile    ... finished proof: closed. 
439157     INFO  main            d.u.i.k.p.i.AbstractProblemLoader Loading environment from /home/runner/work/key/key/key.core/../key.ui/examples/standard_key/java_dl/postConditionTaclets1.key.proof 
439157     DEBUG main            d.u.i.k.p.i.AbstractProblemLoader Environment load took 82.8ns 
439158     INFO  main            d.u.i.k.p.i.AbstractProblemLoader Creating init config 
441800     DEBUG main            d.u.i.k.p.i.AbstractProblemLoader Init config took 2.64s 
441815     INFO  main            d.u.i.k.p.i.AbstractProblemLoader Replaying proof postConditionTaclets1.key.proof 
441817     DEBUG main            d.u.i.k.p.i.IntermediateProofReplayer Proof replay took 497.42ns 
441818     DEBUG main            d.u.i.k.p.r.p.TestFile    ... success: reloaded. 
441819     INFO  main            d.u.i.k.p.r.p.TestFile    Now processing file /home/runner/work/key/key/key.core/../key.ui/examples/standard_key/java_dl/postConditionTaclets2.key 
441820     INFO  main            d.u.i.k.p.i.AbstractProblemLoader Loading environment from /home/runner/work/key/key/key.core/../key.ui/examples/standard_key/java_dl/postConditionTaclets2.key 
441820     DEBUG main            d.u.i.k.p.i.AbstractProblemLoader Environment load took 100.7ns 
441821     INFO  main            d.u.i.k.p.i.AbstractProblemLoader Creating init config 
444525     DEBUG main            d.u.i.k.p.i.AbstractProblemLoader Init config took 2.7s 
444539     INFO  main            d.u.i.k.p.i.AbstractProblemLoader Replaying proof postConditionTaclets2.key 
444540     DEBUG main            d.u.i.k.p.i.IntermediateProofReplayer Proof replay took 6.8ns 
444642     INFO  main            d.u.i.k.p.r.p.TestFile    ... finished proof: closed. 
445150     INFO  main            d.u.i.k.p.i.AbstractProblemLoader Loading environment from /home/runner/work/key/key/key.core/../key.ui/examples/standard_key/java_dl/postConditionTaclets2.key.proof 
445150     DEBUG main            d.u.i.k.p.i.AbstractProblemLoader Environment load took 129.7ns 
445152     INFO  main            d.u.i.k.p.i.AbstractProblemLoader Creating init config 
447747     DEBUG main            d.u.i.k.p.i.AbstractProblemLoader Init config took 2.59s 
447766     INFO  main            d.u.i.k.p.i.AbstractProblemLoader Replaying proof postConditionTaclets2.key.proof 
447768     DEBUG main            d.u.i.k.p.i.IntermediateProofReplayer Proof replay took 695.32ns 
447768     DEBUG main            d.u.i.k.p.r.p.TestFile    ... success: reloaded. 
447770     INFO  main            d.u.i.k.p.r.p.TestFile    Now processing file /home/runner/work/key/key/key.core/../key.ui/examples/standard_key/java_dl/quantifiedQuery.key 
447770     INFO  main            d.u.i.k.p.i.AbstractProblemLoader Loading environment from /home/runner/work/key/key/key.core/../key.ui/examples/standard_key/java_dl/quantifiedQuery.key 
447770     DEBUG main            d.u.i.k.p.i.AbstractProblemLoader Environment load took 58.5ns 
447771     INFO  main            d.u.i.k.p.i.AbstractProblemLoader Creating init config 
450412     DEBUG main            d.u.i.k.p.i.AbstractProblemLoader Init config took 2.64s 
450428     INFO  main            d.u.i.k.p.i.AbstractProblemLoader Replaying proof quantifiedQuery.key 
450429     DEBUG main            d.u.i.k.p.i.IntermediateProofReplayer Proof replay took 7.3ns 
450532     INFO  main            d.u.i.k.p.r.p.TestFile    ... finished proof: closed. 
451052     INFO  main            d.u.i.k.p.i.AbstractProblemLoader Loading environment from /home/runner/work/key/key/key.core/../key.ui/examples/standard_key/java_dl/quantifiedQuery.key.proof 
451052     DEBUG main            d.u.i.k.p.i.AbstractProblemLoader Environment load took 103.4ns 
451054     INFO  main            d.u.i.k.p.i.AbstractProblemLoader Creating init config 
453680     DEBUG main            d.u.i.k.p.i.AbstractProblemLoader Init config took 2.63s 
453699     INFO  main            d.u.i.k.p.i.AbstractProblemLoader Replaying proof quantifiedQuery.key.proof 
453724     DEBUG main            d.u.i.k.p.i.IntermediateProofReplayer Proof replay took 22.68ms 
453725     DEBUG main            d.u.i.k.p.r.p.TestFile    ... success: reloaded. 
453726     INFO  main            d.u.i.k.p.r.p.TestFile    Now processing file /home/runner/work/key/key/key.core/../key.ui/examples/standard_key/java_dl/recursion/triangular.key 
453726     INFO  main            d.u.i.k.p.i.AbstractProblemLoader Loading environment from /home/runner/work/key/key/key.core/../key.ui/examples/standard_key/java_dl/recursion/triangular.key 
453726     DEBUG main            d.u.i.k.p.i.AbstractProblemLoader Environment load took 95.3ns 
453727     INFO  main            d.u.i.k.p.i.AbstractProblemLoader Creating init config 
456328     DEBUG main            d.u.i.k.p.i.AbstractProblemLoader Init config took 2.6s 
456393     INFO  main            d.u.i.k.p.i.AbstractProblemLoader Replaying proof Triangular[Triangular::tria(int)].JML normal_behavior operation contract.0 
456394     DEBUG main            d.u.i.k.p.i.IntermediateProofReplayer Proof replay took 7.7ns 
456596     INFO  main            d.u.i.k.p.r.p.TestFile    ... finished proof: closed. 
457129     INFO  main            d.u.i.k.p.i.AbstractProblemLoader Loading environment from /home/runner/work/key/key/key.core/../key.ui/examples/standard_key/java_dl/recursion/triangular.key.proof 
457129     DEBUG main            d.u.i.k.p.i.AbstractProblemLoader Environment load took 75.6ns 
457130     INFO  main            d.u.i.k.p.i.AbstractProblemLoader Creating init config 
459762     DEBUG main            d.u.i.k.p.i.AbstractProblemLoader Init config took 2.63s 
459799     INFO  main            d.u.i.k.p.i.AbstractProblemLoader Replaying proof Triangular[Triangular::tria(int)].JML normal_behavior operation contract.0 
459851     DEBUG main            d.u.i.k.p.i.IntermediateProofReplayer Proof replay took 50.12ms 
459852     DEBUG main            d.u.i.k.p.r.p.TestFile    ... success: reloaded. 
459853     INFO  main            d.u.i.k.p.r.p.TestFile    Now processing file /home/runner/work/key/key/key.core/../key.ui/examples/standard_key/java_dl/reverseArray.key 
459853     INFO  main            d.u.i.k.p.i.AbstractProblemLoader Loading environment from /home/runner/work/key/key/key.core/../key.ui/examples/standard_key/java_dl/reverseArray.key 
459853     DEBUG main            d.u.i.k.p.i.AbstractProblemLoader Environment load took 102.3ns 
459856     INFO  main            d.u.i.k.p.i.AbstractProblemLoader Creating init config 
459882     WARN  main            d.u.i.k.j.r.KeYCrossReferenceNameInfo Datatype java.io.InputStream declared twice: Once in FILE:/home/runner/work/key/key/key.core/../key.ui/examples/standard_key/java_dl/./classpath/InputStream.java and once in URL:file:/home/runner/work/key/key/key.core/build/resources/main/de/uka/ilkd/key/java/JavaRedux/java/io/InputStream.java, Keeping one from URL:file:/home/runner/work/key/key/key.core/build/resources/main/de/uka/ilkd/key/java/JavaRedux/java/io/InputStream.java 
459882     WARN  main            d.u.i.k.j.r.KeYCrossReferenceNameInfo Datatype java.lang.System declared twice: Once in FILE:/home/runner/work/key/key/key.core/../key.ui/examples/standard_key/java_dl/./classpath/System.java and once in URL:file:/home/runner/work/key/key/key.core/build/resources/main/de/uka/ilkd/key/java/JavaRedux/java/lang/System.java, Keeping one from URL:file:/home/runner/work/key/key/key.core/build/resources/main/de/uka/ilkd/key/java/JavaRedux/java/lang/System.java 
459882     WARN  main            d.u.i.k.j.r.KeYCrossReferenceNameInfo Datatype java.io.PrintStream declared twice: Once in FILE:/home/runner/work/key/key/key.core/../key.ui/examples/standard_key/java_dl/./classpath/PrintStream.java and once in URL:file:/home/runner/work/key/key/key.core/build/resources/main/de/uka/ilkd/key/java/JavaRedux/java/io/PrintStream.java, Keeping one from URL:file:/home/runner/work/key/key/key.core/build/resources/main/de/uka/ilkd/key/java/JavaRedux/java/io/PrintStream.java 
459886     DEBUG main            d.u.i.k.j.r.ClassFileDeclarationBuilder Parsing: package java.io; public class Closeable { } 
459886     DEBUG main            r.s.KeYCrossReferenceSourceInfo Dynamically created class: java.io.Closeable 
462687     DEBUG main            d.u.i.k.p.i.AbstractProblemLoader Init config took 2.83s 
462708     INFO  main            d.u.i.k.p.i.AbstractProblemLoader Replaying proof reverseArray.key 
462710     DEBUG main            d.u.i.k.p.i.IntermediateProofReplayer Proof replay took 48.5ns 
467738     INFO  main            d.u.i.k.p.r.p.TestFile    ... finished proof: closed. 
468313     INFO  main            d.u.i.k.p.i.AbstractProblemLoader Loading environment from /home/runner/work/key/key/key.core/../key.ui/examples/standard_key/java_dl/reverseArray.key.proof 
468313     DEBUG main            d.u.i.k.p.i.AbstractProblemLoader Environment load took 148ns 
468315     INFO  main            d.u.i.k.p.i.AbstractProblemLoader Creating init config 
468340     WARN  main            d.u.i.k.j.r.KeYCrossReferenceNameInfo Datatype java.io.InputStream declared twice: Once in FILE:/home/runner/work/key/key/key.core/../key.ui/examples/standard_key/java_dl/classpath/InputStream.java and once in URL:file:/home/runner/work/key/key/key.core/build/resources/main/de/uka/ilkd/key/java/JavaRedux/java/io/InputStream.java, Keeping one from URL:file:/home/runner/work/key/key/key.core/build/resources/main/de/uka/ilkd/key/java/JavaRedux/java/io/InputStream.java 
468340     WARN  main            d.u.i.k.j.r.KeYCrossReferenceNameInfo Datatype java.lang.System declared twice: Once in FILE:/home/runner/work/key/key/key.core/../key.ui/examples/standard_key/java_dl/classpath/System.java and once in URL:file:/home/runner/work/key/key/key.core/build/resources/main/de/uka/ilkd/key/java/JavaRedux/java/lang/System.java, Keeping one from URL:file:/home/runner/work/key/key/key.core/build/resources/main/de/uka/ilkd/key/java/JavaRedux/java/lang/System.java 
468340     WARN  main            d.u.i.k.j.r.KeYCrossReferenceNameInfo Datatype java.io.PrintStream declared twice: Once in FILE:/home/runner/work/key/key/key.core/../key.ui/examples/standard_key/java_dl/classpath/PrintStream.java and once in URL:file:/home/runner/work/key/key/key.core/build/resources/main/de/uka/ilkd/key/java/JavaRedux/java/io/PrintStream.java, Keeping one from URL:file:/home/runner/work/key/key/key.core/build/resources/main/de/uka/ilkd/key/java/JavaRedux/java/io/PrintStream.java 
468343     DEBUG main            d.u.i.k.j.r.ClassFileDeclarationBuilder Parsing: package java.io; public class Closeable { } 
468343     DEBUG main            r.s.KeYCrossReferenceSourceInfo Dynamically created class: java.io.Closeable 
470940     DEBUG main            d.u.i.k.p.i.AbstractProblemLoader Init config took 2.63s 
470958     INFO  main            d.u.i.k.p.i.AbstractProblemLoader Replaying proof reverseArray.key.proof 
471767     DEBUG main            d.u.i.k.p.i.IntermediateProofReplayer Proof replay took 792.43ms 
471769     DEBUG main            d.u.i.k.p.r.p.TestFile    ... success: reloaded. 
471770     INFO  main            d.u.i.k.p.r.p.TestFile    Now processing file /home/runner/work/key/key/key.core/../key.ui/examples/standard_key/java_dl/reverseArray2.key 
471770     INFO  main            d.u.i.k.p.i.AbstractProblemLoader Loading environment from /home/runner/work/key/key/key.core/../key.ui/examples/standard_key/java_dl/reverseArray2.key 
471770     DEBUG main            d.u.i.k.p.i.AbstractProblemLoader Environment load took 122.1ns 
471773     INFO  main            d.u.i.k.p.i.AbstractProblemLoader Creating init config 
471799     WARN  main            d.u.i.k.j.r.KeYCrossReferenceNameInfo Datatype java.io.InputStream declared twice: Once in FILE:/home/runner/work/key/key/key.core/../key.ui/examples/standard_key/java_dl/classpath/InputStream.java and once in URL:file:/home/runner/work/key/key/key.core/build/resources/main/de/uka/ilkd/key/java/JavaRedux/java/io/InputStream.java, Keeping one from URL:file:/home/runner/work/key/key/key.core/build/resources/main/de/uka/ilkd/key/java/JavaRedux/java/io/InputStream.java 
471799     WARN  main            d.u.i.k.j.r.KeYCrossReferenceNameInfo Datatype java.lang.System declared twice: Once in FILE:/home/runner/work/key/key/key.core/../key.ui/examples/standard_key/java_dl/classpath/System.java and once in URL:file:/home/runner/work/key/key/key.core/build/resources/main/de/uka/ilkd/key/java/JavaRedux/java/lang/System.java, Keeping one from URL:file:/home/runner/work/key/key/key.core/build/resources/main/de/uka/ilkd/key/java/JavaRedux/java/lang/System.java 
471799     WARN  main            d.u.i.k.j.r.KeYCrossReferenceNameInfo Datatype java.io.PrintStream declared twice: Once in FILE:/home/runner/work/key/key/key.core/../key.ui/examples/standard_key/java_dl/classpath/PrintStream.java and once in URL:file:/home/runner/work/key/key/key.core/build/resources/main/de/uka/ilkd/key/java/JavaRedux/java/io/PrintStream.java, Keeping one from URL:file:/home/runner/work/key/key/key.core/build/resources/main/de/uka/ilkd/key/java/JavaRedux/java/io/PrintStream.java 
471802     DEBUG main            d.u.i.k.j.r.ClassFileDeclarationBuilder Parsing: package java.io; public class Closeable { } 
471802     DEBUG main            r.s.KeYCrossReferenceSourceInfo Dynamically created class: java.io.Closeable 
474526     DEBUG main            d.u.i.k.p.i.AbstractProblemLoader Init config took 2.75s 
474543     INFO  main            d.u.i.k.p.i.AbstractProblemLoader Replaying proof reverseArray2.key 
474544     DEBUG main            d.u.i.k.p.i.IntermediateProofReplayer Proof replay took 3ns 
476079     INFO  main            d.u.i.k.p.r.p.TestFile    ... finished proof: closed. 
476684     INFO  main            d.u.i.k.p.i.AbstractProblemLoader Loading environment from /home/runner/work/key/key/key.core/../key.ui/examples/standard_key/java_dl/reverseArray2.key.proof 
476684     DEBUG main            d.u.i.k.p.i.AbstractProblemLoader Environment load took 74.1ns 
476685     INFO  main            d.u.i.k.p.i.AbstractProblemLoader Creating init config 
476714     WARN  main            d.u.i.k.j.r.KeYCrossReferenceNameInfo Datatype java.io.InputStream declared twice: Once in FILE:/home/runner/work/key/key/key.core/../key.ui/examples/standard_key/java_dl/classpath/InputStream.java and once in URL:file:/home/runner/work/key/key/key.core/build/resources/main/de/uka/ilkd/key/java/JavaRedux/java/io/InputStream.java, Keeping one from URL:file:/home/runner/work/key/key/key.core/build/resources/main/de/uka/ilkd/key/java/JavaRedux/java/io/InputStream.java 
476714     WARN  main            d.u.i.k.j.r.KeYCrossReferenceNameInfo Datatype java.lang.System declared twice: Once in FILE:/home/runner/work/key/key/key.core/../key.ui/examples/standard_key/java_dl/classpath/System.java and once in URL:file:/home/runner/work/key/key/key.core/build/resources/main/de/uka/ilkd/key/java/JavaRedux/java/lang/System.java, Keeping one from URL:file:/home/runner/work/key/key/key.core/build/resources/main/de/uka/ilkd/key/java/JavaRedux/java/lang/System.java 
476715     WARN  main            d.u.i.k.j.r.KeYCrossReferenceNameInfo Datatype java.io.PrintStream declared twice: Once in FILE:/home/runner/work/key/key/key.core/../key.ui/examples/standard_key/java_dl/classpath/PrintStream.java and once in URL:file:/home/runner/work/key/key/key.core/build/resources/main/de/uka/ilkd/key/java/JavaRedux/java/io/PrintStream.java, Keeping one from URL:file:/home/runner/work/key/key/key.core/build/resources/main/de/uka/ilkd/key/java/JavaRedux/java/io/PrintStream.java 
476719     DEBUG main            d.u.i.k.j.r.ClassFileDeclarationBuilder Parsing: package java.io; public class Closeable { } 
476719     DEBUG main            r.s.KeYCrossReferenceSourceInfo Dynamically created class: java.io.Closeable 
479372     DEBUG main            d.u.i.k.p.i.AbstractProblemLoader Init config took 2.69s 
479389     INFO  main            d.u.i.k.p.i.AbstractProblemLoader Replaying proof reverseArray2.key.proof 
479679     DEBUG main            d.u.i.k.p.i.IntermediateProofReplayer Proof replay took 285.57ms 
479681     DEBUG main            d.u.i.k.p.r.p.TestFile    ... success: reloaded. 
479682     INFO  main            d.u.i.k.p.r.p.TestFile    Now processing file /home/runner/work/key/key/key.core/../key.ui/examples/standard_key/java_dl/simpleAssignment.key 
479682     INFO  main            d.u.i.k.p.i.AbstractProblemLoader Loading environment from /home/runner/work/key/key/key.core/../key.ui/examples/standard_key/java_dl/simpleAssignment.key 
479682     DEBUG main            d.u.i.k.p.i.AbstractProblemLoader Environment load took 103.9ns 
479683     INFO  main            d.u.i.k.p.i.AbstractProblemLoader Creating init config 
482354     DEBUG main            d.u.i.k.p.i.AbstractProblemLoader Init config took 2.67s 
482369     INFO  main            d.u.i.k.p.i.AbstractProblemLoader Replaying proof simpleAssignment.key 
482370     DEBUG main            d.u.i.k.p.i.IntermediateProofReplayer Proof replay took 3.2ns 
482472     INFO  main            d.u.i.k.p.r.p.TestFile    ... finished proof: closed. 
483047     INFO  main            d.u.i.k.p.i.AbstractProblemLoader Loading environment from /home/runner/work/key/key/key.core/../key.ui/examples/standard_key/java_dl/simpleAssignment.key.proof 
483047     DEBUG main            d.u.i.k.p.i.AbstractProblemLoader Environment load took 73.4ns 
483048     INFO  main            d.u.i.k.p.i.AbstractProblemLoader Creating init config 
485570     DEBUG main            d.u.i.k.p.i.AbstractProblemLoader Init config took 2.52s 
485585     INFO  main            d.u.i.k.p.i.AbstractProblemLoader Replaying proof simpleAssignment.key.proof 
485587     DEBUG main            d.u.i.k.p.i.IntermediateProofReplayer Proof replay took 760.02ns 
485587     DEBUG main            d.u.i.k.p.r.p.TestFile    ... success: reloaded. 
485588     INFO  main            d.u.i.k.p.r.p.TestFile    Now processing file /home/runner/work/key/key/key.core/../key.ui/examples/standard_key/java_dl/simpleAssignment2.key 
485588     INFO  main            d.u.i.k.p.i.AbstractProblemLoader Loading environment from /home/runner/work/key/key/key.core/../key.ui/examples/standard_key/java_dl/simpleAssignment2.key 
485588     DEBUG main            d.u.i.k.p.i.AbstractProblemLoader Environment load took 52ns 
485589     INFO  main            d.u.i.k.p.i.AbstractProblemLoader Creating init config 
488132     DEBUG main            d.u.i.k.p.i.AbstractProblemLoader Init config took 2.54s 
488145     INFO  main            d.u.i.k.p.i.AbstractProblemLoader Replaying proof simpleAssignment2.key 
488147     DEBUG main            d.u.i.k.p.i.IntermediateProofReplayer Proof replay took 2.7ns 
488250     INFO  main            d.u.i.k.p.r.p.TestFile    ... finished proof: closed. 
488768     INFO  main            d.u.i.k.p.i.AbstractProblemLoader Loading environment from /home/runner/work/key/key/key.core/../key.ui/examples/standard_key/java_dl/simpleAssignment2.key.proof 
488768     DEBUG main            d.u.i.k.p.i.AbstractProblemLoader Environment load took 84.5ns 
488769     INFO  main            d.u.i.k.p.i.AbstractProblemLoader Creating init config 
491228     DEBUG main            d.u.i.k.p.i.AbstractProblemLoader Init config took 2.46s 
491243     INFO  main            d.u.i.k.p.i.AbstractProblemLoader Replaying proof simpleAssignment2.key.proof 
491245     DEBUG main            d.u.i.k.p.i.IntermediateProofReplayer Proof replay took 438.61ns 
491245     DEBUG main            d.u.i.k.p.r.p.TestFile    ... success: reloaded. 
491245     INFO  main            d.u.i.k.p.r.p.TestFile    Now processing file /home/runner/work/key/key/key.core/../key.ui/examples/standard_key/java_dl/splittingWithQueries.key 
491246     INFO  main            d.u.i.k.p.i.AbstractProblemLoader Loading environment from /home/runner/work/key/key/key.core/../key.ui/examples/standard_key/java_dl/splittingWithQueries.key 
491246     DEBUG main            d.u.i.k.p.i.AbstractProblemLoader Environment load took 55.5ns 
491247     INFO  main            d.u.i.k.p.i.AbstractProblemLoader Creating init config 
493864     DEBUG main            d.u.i.k.p.i.AbstractProblemLoader Init config took 2.62s 
493878     INFO  main            d.u.i.k.p.i.AbstractProblemLoader Replaying proof splittingWithQueries.key 
493902     DEBUG main            d.u.i.k.p.i.IntermediateProofReplayer Proof replay took 3.7ns 
494004     INFO  main            d.u.i.k.p.r.p.TestFile    ... finished proof: closed. 
494532     INFO  main            d.u.i.k.p.i.AbstractProblemLoader Loading environment from /home/runner/work/key/key/key.core/../key.ui/examples/standard_key/java_dl/splittingWithQueries.key.proof 
494532     DEBUG main            d.u.i.k.p.i.AbstractProblemLoader Environment load took 99.1ns 
494534     INFO  main            d.u.i.k.p.i.AbstractProblemLoader Creating init config 
497179     DEBUG main            d.u.i.k.p.i.AbstractProblemLoader Init config took 2.65s 
497201     INFO  main            d.u.i.k.p.i.AbstractProblemLoader Replaying proof splittingWithQueries.key.proof 
497205     DEBUG main            d.u.i.k.p.i.IntermediateProofReplayer Proof replay took 2.35ms 
497206     DEBUG main            d.u.i.k.p.r.p.TestFile    ... success: reloaded. 
497207     INFO  main            d.u.i.k.p.r.p.TestFile    Now processing file /home/runner/work/key/key/key.core/../key.ui/examples/standard_key/java_dl/strassen/strassen.key 
497207     INFO  main            d.u.i.k.p.i.AbstractProblemLoader Loading environment from /home/runner/work/key/key/key.core/../key.ui/examples/standard_key/java_dl/strassen/strassen.key 
497207     DEBUG main            d.u.i.k.p.i.AbstractProblemLoader Environment load took 205.31ns 
497208     INFO  main            d.u.i.k.p.i.AbstractProblemLoader Creating init config 
499869     DEBUG main            d.u.i.k.p.i.AbstractProblemLoader Init config took 2.66s 
499911     INFO  main            d.u.i.k.p.i.AbstractProblemLoader Replaying proof Matrix22[Matrix22::strassen(Matrix22,Matrix22)].JML normal_behavior operation contract.0 
499912     DEBUG main            d.u.i.k.p.i.IntermediateProofReplayer Proof replay took 3.5ns 
505444     INFO  main            d.u.i.k.p.r.p.TestFile    ... finished proof: closed. 
506118     INFO  main            d.u.i.k.p.i.AbstractProblemLoader Loading environment from /home/runner/work/key/key/key.core/../key.ui/examples/standard_key/java_dl/strassen/strassen.key.proof 
506119     DEBUG main            d.u.i.k.p.i.AbstractProblemLoader Environment load took 331.21ns 
506120     INFO  main            d.u.i.k.p.i.AbstractProblemLoader Creating init config 
508842     DEBUG main            d.u.i.k.p.i.AbstractProblemLoader Init config took 2.72s 
508880     INFO  main            d.u.i.k.p.i.AbstractProblemLoader Replaying proof Matrix22[Matrix22::strassen(Matrix22,Matrix22)].JML normal_behavior operation contract.0 
509777     DEBUG main            d.u.i.k.p.i.IntermediateProofReplayer Proof replay took 888.42ms 
509779     DEBUG main            d.u.i.k.p.r.p.TestFile    ... success: reloaded. 
509780     INFO  main            d.u.i.k.p.r.p.TestFile    Now processing file /home/runner/work/key/key/key.core/../key.ui/examples/standard_key/java_dl/symmArray.key 
509780     INFO  main            d.u.i.k.p.i.AbstractProblemLoader Loading environment from /home/runner/work/key/key/key.core/../key.ui/examples/standard_key/java_dl/symmArray.key 
509780     DEBUG main            d.u.i.k.p.i.AbstractProblemLoader Environment load took 91.5ns 
509784     INFO  main            d.u.i.k.p.i.AbstractProblemLoader Creating init config 
512512     DEBUG main            d.u.i.k.p.i.AbstractProblemLoader Init config took 2.73s 
512527     INFO  main            d.u.i.k.p.i.AbstractProblemLoader Replaying proof symmArray.key 
512529     DEBUG main            d.u.i.k.p.i.IntermediateProofReplayer Proof replay took 2.6ns 
605039     INFO  main            d.u.i.k.p.r.p.TestFile    ... finished proof: closed. 
605802     INFO  main            d.u.i.k.p.i.AbstractProblemLoader Loading environment from /home/runner/work/key/key/key.core/../key.ui/examples/standard_key/java_dl/symmArray.key.proof 
605803     DEBUG main            d.u.i.k.p.i.AbstractProblemLoader Environment load took 354.81ns 
605809     INFO  main            d.u.i.k.p.i.AbstractProblemLoader Creating init config 
608475     DEBUG main            d.u.i.k.p.i.AbstractProblemLoader Init config took 2.67s 
608493     INFO  main            d.u.i.k.p.i.AbstractProblemLoader Replaying proof symmArray.key.proof 
609954     DEBUG main            d.u.i.k.p.i.IntermediateProofReplayer Proof replay took 1.41s 
609960     DEBUG main            d.u.i.k.p.r.p.TestFile    ... success: reloaded. 
609961     INFO  main            d.u.i.k.p.r.p.TestFile    Now processing file /home/runner/work/key/key/key.core/../key.ui/examples/standard_key/java_dl/testcontext.key 
609961     INFO  main            d.u.i.k.p.i.AbstractProblemLoader Loading environment from /home/runner/work/key/key/key.core/../key.ui/examples/standard_key/java_dl/testcontext.key 
609961     DEBUG main            d.u.i.k.p.i.AbstractProblemLoader Environment load took 92.4ns 
609962     INFO  main            d.u.i.k.p.i.AbstractProblemLoader Creating init config 
609987     WARN  main            d.u.i.k.j.r.KeYCrossReferenceNameInfo Datatype java.io.InputStream declared twice: Once in FILE:/home/runner/work/key/key/key.core/../key.ui/examples/standard_key/java_dl/classpath/InputStream.java and once in URL:file:/home/runner/work/key/key/key.core/build/resources/main/de/uka/ilkd/key/java/JavaRedux/java/io/InputStream.java, Keeping one from URL:file:/home/runner/work/key/key/key.core/build/resources/main/de/uka/ilkd/key/java/JavaRedux/java/io/InputStream.java 
609987     WARN  main            d.u.i.k.j.r.KeYCrossReferenceNameInfo Datatype java.lang.System declared twice: Once in FILE:/home/runner/work/key/key/key.core/../key.ui/examples/standard_key/java_dl/classpath/System.java and once in URL:file:/home/runner/work/key/key/key.core/build/resources/main/de/uka/ilkd/key/java/JavaRedux/java/lang/System.java, Keeping one from URL:file:/home/runner/work/key/key/key.core/build/resources/main/de/uka/ilkd/key/java/JavaRedux/java/lang/System.java 
609987     WARN  main            d.u.i.k.j.r.KeYCrossReferenceNameInfo Datatype java.io.PrintStream declared twice: Once in FILE:/home/runner/work/key/key/key.core/../key.ui/examples/standard_key/java_dl/classpath/PrintStream.java and once in URL:file:/home/runner/work/key/key/key.core/build/resources/main/de/uka/ilkd/key/java/JavaRedux/java/io/PrintStream.java, Keeping one from URL:file:/home/runner/work/key/key/key.core/build/resources/main/de/uka/ilkd/key/java/JavaRedux/java/io/PrintStream.java 
609990     DEBUG main            d.u.i.k.j.r.ClassFileDeclarationBuilder Parsing: package java.io; public class Closeable { } 
609990     DEBUG main            r.s.KeYCrossReferenceSourceInfo Dynamically created class: java.io.Closeable 
612899     DEBUG main            d.u.i.k.p.i.AbstractProblemLoader Init config took 2.94s 
612964     INFO  main            d.u.i.k.p.i.AbstractProblemLoader Replaying proof testcontext.key 
612965     DEBUG main            d.u.i.k.p.i.IntermediateProofReplayer Proof replay took 3.6ns 
613268     INFO  main            d.u.i.k.p.r.p.TestFile    ... finished proof: closed. 
614065     INFO  main            d.u.i.k.p.i.AbstractProblemLoader Loading environment from /home/runner/work/key/key/key.core/../key.ui/examples/standard_key/java_dl/testcontext.key.proof 
614065     DEBUG main            d.u.i.k.p.i.AbstractProblemLoader Environment load took 182.11ns 
614066     INFO  main            d.u.i.k.p.i.AbstractProblemLoader Creating init config 
614093     WARN  main            d.u.i.k.j.r.KeYCrossReferenceNameInfo Datatype java.io.InputStream declared twice: Once in FILE:/home/runner/work/key/key/key.core/../key.ui/examples/standard_key/java_dl/classpath/InputStream.java and once in URL:file:/home/runner/work/key/key/key.core/build/resources/main/de/uka/ilkd/key/java/JavaRedux/java/io/InputStream.java, Keeping one from URL:file:/home/runner/work/key/key/key.core/build/resources/main/de/uka/ilkd/key/java/JavaRedux/java/io/InputStream.java 
614093     WARN  main            d.u.i.k.j.r.KeYCrossReferenceNameInfo Datatype java.lang.System declared twice: Once in FILE:/home/runner/work/key/key/key.core/../key.ui/examples/standard_key/java_dl/classpath/System.java and once in URL:file:/home/runner/work/key/key/key.core/build/resources/main/de/uka/ilkd/key/java/JavaRedux/java/lang/System.java, Keeping one from URL:file:/home/runner/work/key/key/key.core/build/resources/main/de/uka/ilkd/key/java/JavaRedux/java/lang/System.java 
614093     WARN  main            d.u.i.k.j.r.KeYCrossReferenceNameInfo Datatype java.io.PrintStream declared twice: Once in FILE:/home/runner/work/key/key/key.core/../key.ui/examples/standard_key/java_dl/classpath/PrintStream.java and once in URL:file:/home/runner/work/key/key/key.core/build/resources/main/de/uka/ilkd/key/java/JavaRedux/java/io/PrintStream.java, Keeping one from URL:file:/home/runner/work/key/key/key.core/build/resources/main/de/uka/ilkd/key/java/JavaRedux/java/io/PrintStream.java 
614096     DEBUG main            d.u.i.k.j.r.ClassFileDeclarationBuilder Parsing: package java.io; public class Closeable { } 
614097     DEBUG main            r.s.KeYCrossReferenceSourceInfo Dynamically created class: java.io.Closeable 
616873     DEBUG main            d.u.i.k.p.i.AbstractProblemLoader Init config took 2.81s 
616888     INFO  main            d.u.i.k.p.i.AbstractProblemLoader Replaying proof testcontext.key.proof 
616967     DEBUG main            d.u.i.k.p.i.IntermediateProofReplayer Proof replay took 76.12ms 
616968     DEBUG main            d.u.i.k.p.r.p.TestFile    ... success: reloaded. 
616969     INFO  main            d.u.i.k.p.r.p.TestFile    Now processing file /home/runner/work/key/key/key.core/../key.ui/examples/standard_key/staticInitialisation/cascadeStaticInitialisation.key 
616969     INFO  main            d.u.i.k.p.i.AbstractProblemLoader Loading environment from /home/runner/work/key/key/key.core/../key.ui/examples/standard_key/staticInitialisation/cascadeStaticInitialisation.key 
616969     DEBUG main            d.u.i.k.p.i.AbstractProblemLoader Environment load took 63.2ns 
616972     INFO  main            d.u.i.k.p.i.AbstractProblemLoader Creating init config 
616996     WARN  main            d.u.i.k.j.r.KeYCrossReferenceNameInfo Datatype java.lang.System declared twice: Once in FILE:/home/runner/work/key/key/key.core/../key.ui/examples/standard_key/staticInitialisation/classpath/System.java and once in URL:file:/home/runner/work/key/key/key.core/build/resources/main/de/uka/ilkd/key/java/JavaRedux/java/lang/System.java, Keeping one from URL:file:/home/runner/work/key/key/key.core/build/resources/main/de/uka/ilkd/key/java/JavaRedux/java/lang/System.java 
616996     WARN  main            d.u.i.k.j.r.KeYCrossReferenceNameInfo Datatype java.io.PrintStream declared twice: Once in FILE:/home/runner/work/key/key/key.core/../key.ui/examples/standard_key/staticInitialisation/classpath/PrintStream.java and once in URL:file:/home/runner/work/key/key/key.core/build/resources/main/de/uka/ilkd/key/java/JavaRedux/java/io/PrintStream.java, Keeping one from URL:file:/home/runner/work/key/key/key.core/build/resources/main/de/uka/ilkd/key/java/JavaRedux/java/io/PrintStream.java 
619876     DEBUG main            d.u.i.k.p.i.AbstractProblemLoader Init config took 2.9s 
619892     INFO  main            d.u.i.k.p.i.AbstractProblemLoader Replaying proof cascadeStaticInitialisation.key 
619894     DEBUG main            d.u.i.k.p.i.IntermediateProofReplayer Proof replay took 3.5ns 
620707     INFO  main            d.u.i.k.p.r.p.TestFile    ... finished proof: closed. 
621381     INFO  main            d.u.i.k.p.i.AbstractProblemLoader Loading environment from /home/runner/work/key/key/key.core/../key.ui/examples/standard_key/staticInitialisation/cascadeStaticInitialisation.key.proof 
621381     DEBUG main            d.u.i.k.p.i.AbstractProblemLoader Environment load took 91ns 
621383     INFO  main            d.u.i.k.p.i.AbstractProblemLoader Creating init config 
621414     WARN  main            d.u.i.k.j.r.KeYCrossReferenceNameInfo Datatype java.lang.System declared twice: Once in FILE:/home/runner/work/key/key/key.core/../key.ui/examples/standard_key/staticInitialisation/classpath/System.java and once in URL:file:/home/runner/work/key/key/key.core/build/resources/main/de/uka/ilkd/key/java/JavaRedux/java/lang/System.java, Keeping one from URL:file:/home/runner/work/key/key/key.core/build/resources/main/de/uka/ilkd/key/java/JavaRedux/java/lang/System.java 
621414     WARN  main            d.u.i.k.j.r.KeYCrossReferenceNameInfo Datatype java.io.PrintStream declared twice: Once in FILE:/home/runner/work/key/key/key.core/../key.ui/examples/standard_key/staticInitialisation/classpath/PrintStream.java and once in URL:file:/home/runner/work/key/key/key.core/build/resources/main/de/uka/ilkd/key/java/JavaRedux/java/io/PrintStream.java, Keeping one from URL:file:/home/runner/work/key/key/key.core/build/resources/main/de/uka/ilkd/key/java/JavaRedux/java/io/PrintStream.java 
624116     DEBUG main            d.u.i.k.p.i.AbstractProblemLoader Init config took 2.73s 
624133     INFO  main            d.u.i.k.p.i.AbstractProblemLoader Replaying proof cascadeStaticInitialisation.key.proof 
624331     DEBUG main            d.u.i.k.p.i.IntermediateProofReplayer Proof replay took 194.34ms 
624333     DEBUG main            d.u.i.k.p.r.p.TestFile    ... success: reloaded. 
624334     INFO  main            d.u.i.k.p.r.p.TestFile    Now processing file /home/runner/work/key/key/key.core/../key.ui/examples/standard_key/staticInitialisation/erroneousClassImpliesErroneousSubclass.key 
624334     INFO  main            d.u.i.k.p.i.AbstractProblemLoader Loading environment from /home/runner/work/key/key/key.core/../key.ui/examples/standard_key/staticInitialisation/erroneousClassImpliesErroneousSubclass.key 
624334     DEBUG main            d.u.i.k.p.i.AbstractProblemLoader Environment load took 92.5ns 
624335     INFO  main            d.u.i.k.p.i.AbstractProblemLoader Creating init config 
624358     WARN  main            d.u.i.k.j.r.KeYCrossReferenceNameInfo Datatype java.lang.System declared twice: Once in FILE:/home/runner/work/key/key/key.core/../key.ui/examples/standard_key/staticInitialisation/classpath/System.java and once in URL:file:/home/runner/work/key/key/key.core/build/resources/main/de/uka/ilkd/key/java/JavaRedux/java/lang/System.java, Keeping one from URL:file:/home/runner/work/key/key/key.core/build/resources/main/de/uka/ilkd/key/java/JavaRedux/java/lang/System.java 
624359     WARN  main            d.u.i.k.j.r.KeYCrossReferenceNameInfo Datatype java.io.PrintStream declared twice: Once in FILE:/home/runner/work/key/key/key.core/../key.ui/examples/standard_key/staticInitialisation/classpath/PrintStream.java and once in URL:file:/home/runner/work/key/key/key.core/build/resources/main/de/uka/ilkd/key/java/JavaRedux/java/io/PrintStream.java, Keeping one from URL:file:/home/runner/work/key/key/key.core/build/resources/main/de/uka/ilkd/key/java/JavaRedux/java/io/PrintStream.java 
627012     DEBUG main            d.u.i.k.p.i.AbstractProblemLoader Init config took 2.68s 
627025     INFO  main            d.u.i.k.p.i.AbstractProblemLoader Replaying proof erroneousClassImpliesErroneousSubclass.key 
627026     DEBUG main            d.u.i.k.p.i.IntermediateProofReplayer Proof replay took 2.9ns 
627128     INFO  main            d.u.i.k.p.r.p.TestFile    ... finished proof: closed. 
627777     INFO  main            d.u.i.k.p.i.AbstractProblemLoader Loading environment from /home/runner/work/key/key/key.core/../key.ui/examples/standard_key/staticInitialisation/erroneousClassImpliesErroneousSubclass.key.proof 
627777     DEBUG main            d.u.i.k.p.i.AbstractProblemLoader Environment load took 91.7ns 
627778     INFO  main            d.u.i.k.p.i.AbstractProblemLoader Creating init config 
627806     WARN  main            d.u.i.k.j.r.KeYCrossReferenceNameInfo Datatype java.lang.System declared twice: Once in FILE:/home/runner/work/key/key/key.core/../key.ui/examples/standard_key/staticInitialisation/classpath/System.java and once in URL:file:/home/runner/work/key/key/key.core/build/resources/main/de/uka/ilkd/key/java/JavaRedux/java/lang/System.java, Keeping one from URL:file:/home/runner/work/key/key/key.core/build/resources/main/de/uka/ilkd/key/java/JavaRedux/java/lang/System.java 
627806     WARN  main            d.u.i.k.j.r.KeYCrossReferenceNameInfo Datatype java.io.PrintStream declared twice: Once in FILE:/home/runner/work/key/key/key.core/../key.ui/examples/standard_key/staticInitialisation/classpath/PrintStream.java and once in URL:file:/home/runner/work/key/key/key.core/build/resources/main/de/uka/ilkd/key/java/JavaRedux/java/io/PrintStream.java, Keeping one from URL:file:/home/runner/work/key/key/key.core/build/resources/main/de/uka/ilkd/key/java/JavaRedux/java/io/PrintStream.java 
630528     DEBUG main            d.u.i.k.p.i.AbstractProblemLoader Init config took 2.75s 
630543     INFO  main            d.u.i.k.p.i.AbstractProblemLoader Replaying proof erroneousClassImpliesErroneousSubclass.key.proof 
630545     DEBUG main            d.u.i.k.p.i.IntermediateProofReplayer Proof replay took 643.42ns 
630546     DEBUG main            d.u.i.k.p.r.p.TestFile    ... success: reloaded. 
630547     INFO  main            d.u.i.k.p.r.p.TestFile    Now processing file /home/runner/work/key/key/key.core/../key.ui/examples/standard_key/staticInitialisation/initializedSubclassImpliesInitializedSuperclass.key 
630547     INFO  main            d.u.i.k.p.i.AbstractProblemLoader Loading environment from /home/runner/work/key/key/key.core/../key.ui/examples/standard_key/staticInitialisation/initializedSubclassImpliesInitializedSuperclass.key 
630547     DEBUG main            d.u.i.k.p.i.AbstractProblemLoader Environment load took 64.8ns 
630548     INFO  main            d.u.i.k.p.i.AbstractProblemLoader Creating init config 
630571     WARN  main            d.u.i.k.j.r.KeYCrossReferenceNameInfo Datatype java.lang.System declared twice: Once in FILE:/home/runner/work/key/key/key.core/../key.ui/examples/standard_key/staticInitialisation/classpath/System.java and once in URL:file:/home/runner/work/key/key/key.core/build/resources/main/de/uka/ilkd/key/java/JavaRedux/java/lang/System.java, Keeping one from URL:file:/home/runner/work/key/key/key.core/build/resources/main/de/uka/ilkd/key/java/JavaRedux/java/lang/System.java 
630571     WARN  main            d.u.i.k.j.r.KeYCrossReferenceNameInfo Datatype java.io.PrintStream declared twice: Once in FILE:/home/runner/work/key/key/key.core/../key.ui/examples/standard_key/staticInitialisation/classpath/PrintStream.java and once in URL:file:/home/runner/work/key/key/key.core/build/resources/main/de/uka/ilkd/key/java/JavaRedux/java/io/PrintStream.java, Keeping one from URL:file:/home/runner/work/key/key/key.core/build/resources/main/de/uka/ilkd/key/java/JavaRedux/java/io/PrintStream.java 
633241     DEBUG main            d.u.i.k.p.i.AbstractProblemLoader Init config took 2.69s 
633253     INFO  main            d.u.i.k.p.i.AbstractProblemLoader Replaying proof initializedSubclassImpliesInitializedSuperclass.key 
633254     DEBUG main            d.u.i.k.p.i.IntermediateProofReplayer Proof replay took 3ns 
633356     INFO  main            d.u.i.k.p.r.p.TestFile    ... finished proof: closed. 
633954     INFO  main            d.u.i.k.p.i.AbstractProblemLoader Loading environment from /home/runner/work/key/key/key.core/../key.ui/examples/standard_key/staticInitialisation/initializedSubclassImpliesInitializedSuperclass.key.proof 
633954     DEBUG main            d.u.i.k.p.i.AbstractProblemLoader Environment load took 364.71ns 
633956     INFO  main            d.u.i.k.p.i.AbstractProblemLoader Creating init config 
633980     WARN  main            d.u.i.k.j.r.KeYCrossReferenceNameInfo Datatype java.lang.System declared twice: Once in FILE:/home/runner/work/key/key/key.core/../key.ui/examples/standard_key/staticInitialisation/classpath/System.java and once in URL:file:/home/runner/work/key/key/key.core/build/resources/main/de/uka/ilkd/key/java/JavaRedux/java/lang/System.java, Keeping one from URL:file:/home/runner/work/key/key/key.core/build/resources/main/de/uka/ilkd/key/java/JavaRedux/java/lang/System.java 
633980     WARN  main            d.u.i.k.j.r.KeYCrossReferenceNameInfo Datatype java.io.PrintStream declared twice: Once in FILE:/home/runner/work/key/key/key.core/../key.ui/examples/standard_key/staticInitialisation/classpath/PrintStream.java and once in URL:file:/home/runner/work/key/key/key.core/build/resources/main/de/uka/ilkd/key/java/JavaRedux/java/io/PrintStream.java, Keeping one from URL:file:/home/runner/work/key/key/key.core/build/resources/main/de/uka/ilkd/key/java/JavaRedux/java/io/PrintStream.java 
636548     DEBUG main            d.u.i.k.p.i.AbstractProblemLoader Init config took 2.59s 
636566     INFO  main            d.u.i.k.p.i.AbstractProblemLoader Replaying proof initializedSubclassImpliesInitializedSuperclass.key.proof 
636568     DEBUG main            d.u.i.k.p.i.IntermediateProofReplayer Proof replay took 625.62ns 
636569     DEBUG main            d.u.i.k.p.r.p.TestFile    ... success: reloaded. 
636570     INFO  main            d.u.i.k.p.r.p.TestFile    Now processing file /home/runner/work/key/key/key.core/../key.ui/examples/standard_key/staticInitialisation/localDeclared.key 
636570     INFO  main            d.u.i.k.p.i.AbstractProblemLoader Loading environment from /home/runner/work/key/key/key.core/../key.ui/examples/standard_key/staticInitialisation/localDeclared.key 
636570     DEBUG main            d.u.i.k.p.i.AbstractProblemLoader Environment load took 91.4ns 
636572     INFO  main            d.u.i.k.p.i.AbstractProblemLoader Creating init config 
636595     WARN  main            d.u.i.k.j.r.KeYCrossReferenceNameInfo Datatype java.lang.System declared twice: Once in FILE:/home/runner/work/key/key/key.core/../key.ui/examples/standard_key/staticInitialisation/classpath/System.java and once in URL:file:/home/runner/work/key/key/key.core/build/resources/main/de/uka/ilkd/key/java/JavaRedux/java/lang/System.java, Keeping one from URL:file:/home/runner/work/key/key/key.core/build/resources/main/de/uka/ilkd/key/java/JavaRedux/java/lang/System.java 
636595     WARN  main            d.u.i.k.j.r.KeYCrossReferenceNameInfo Datatype java.io.PrintStream declared twice: Once in FILE:/home/runner/work/key/key/key.core/../key.ui/examples/standard_key/staticInitialisation/classpath/PrintStream.java and once in URL:file:/home/runner/work/key/key/key.core/build/resources/main/de/uka/ilkd/key/java/JavaRedux/java/io/PrintStream.java, Keeping one from URL:file:/home/runner/work/key/key/key.core/build/resources/main/de/uka/ilkd/key/java/JavaRedux/java/io/PrintStream.java 
639338     DEBUG main            d.u.i.k.p.i.AbstractProblemLoader Init config took 2.77s 
639352     INFO  main            d.u.i.k.p.i.AbstractProblemLoader Replaying proof localDeclared.key 
639353     DEBUG main            d.u.i.k.p.i.IntermediateProofReplayer Proof replay took 2.9ns 
639656     INFO  main            d.u.i.k.p.r.p.TestFile    ... finished proof: closed. 
640307     INFO  main            d.u.i.k.p.i.AbstractProblemLoader Loading environment from /home/runner/work/key/key/key.core/../key.ui/examples/standard_key/staticInitialisation/localDeclared.key.proof 
640307     DEBUG main            d.u.i.k.p.i.AbstractProblemLoader Environment load took 76.4ns 
640308     INFO  main            d.u.i.k.p.i.AbstractProblemLoader Creating init config 
640331     WARN  main            d.u.i.k.j.r.KeYCrossReferenceNameInfo Datatype java.lang.System declared twice: Once in FILE:/home/runner/work/key/key/key.core/../key.ui/examples/standard_key/staticInitialisation/classpath/System.java and once in URL:file:/home/runner/work/key/key/key.core/build/resources/main/de/uka/ilkd/key/java/JavaRedux/java/lang/System.java, Keeping one from URL:file:/home/runner/work/key/key/key.core/build/resources/main/de/uka/ilkd/key/java/JavaRedux/java/lang/System.java 
640332     WARN  main            d.u.i.k.j.r.KeYCrossReferenceNameInfo Datatype java.io.PrintStream declared twice: Once in FILE:/home/runner/work/key/key/key.core/../key.ui/examples/standard_key/staticInitialisation/classpath/PrintStream.java and once in URL:file:/home/runner/work/key/key/key.core/build/resources/main/de/uka/ilkd/key/java/JavaRedux/java/io/PrintStream.java, Keeping one from URL:file:/home/runner/work/key/key/key.core/build/resources/main/de/uka/ilkd/key/java/JavaRedux/java/io/PrintStream.java 
642912     DEBUG main            d.u.i.k.p.i.AbstractProblemLoader Init config took 2.6s 
642927     INFO  main            d.u.i.k.p.i.AbstractProblemLoader Replaying proof localDeclared.key.proof 
643011     DEBUG main            d.u.i.k.p.i.IntermediateProofReplayer Proof replay took 81.61ms 
643013     DEBUG main            d.u.i.k.p.r.p.TestFile    ... success: reloaded. 
643013     INFO  main            d.u.i.k.p.r.p.TestFile    Now processing file /home/runner/work/key/key/key.core/../key.ui/examples/standard_key/staticInitialisation/localDeclaredMethod.key 
643013     INFO  main            d.u.i.k.p.i.AbstractProblemLoader Loading environment from /home/runner/work/key/key/key.core/../key.ui/examples/standard_key/staticInitialisation/localDeclaredMethod.key 
643013     DEBUG main            d.u.i.k.p.i.AbstractProblemLoader Environment load took 84.9ns 
643015     INFO  main            d.u.i.k.p.i.AbstractProblemLoader Creating init config 
643038     WARN  main            d.u.i.k.j.r.KeYCrossReferenceNameInfo Datatype java.lang.System declared twice: Once in FILE:/home/runner/work/key/key/key.core/../key.ui/examples/standard_key/staticInitialisation/classpath/System.java and once in URL:file:/home/runner/work/key/key/key.core/build/resources/main/de/uka/ilkd/key/java/JavaRedux/java/lang/System.java, Keeping one from URL:file:/home/runner/work/key/key/key.core/build/resources/main/de/uka/ilkd/key/java/JavaRedux/java/lang/System.java 
643038     WARN  main            d.u.i.k.j.r.KeYCrossReferenceNameInfo Datatype java.io.PrintStream declared twice: Once in FILE:/home/runner/work/key/key/key.core/../key.ui/examples/standard_key/staticInitialisation/classpath/PrintStream.java and once in URL:file:/home/runner/work/key/key/key.core/build/resources/main/de/uka/ilkd/key/java/JavaRedux/java/io/PrintStream.java, Keeping one from URL:file:/home/runner/work/key/key/key.core/build/resources/main/de/uka/ilkd/key/java/JavaRedux/java/io/PrintStream.java 
645621     DEBUG main            d.u.i.k.p.i.AbstractProblemLoader Init config took 2.61s 
645636     INFO  main            d.u.i.k.p.i.AbstractProblemLoader Replaying proof localDeclaredMethod.key 
645638     DEBUG main            d.u.i.k.p.i.IntermediateProofReplayer Proof replay took 3.3ns 
645941     INFO  main            d.u.i.k.p.r.p.TestFile    ... finished proof: closed. 
646579     INFO  main            d.u.i.k.p.i.AbstractProblemLoader Loading environment from /home/runner/work/key/key/key.core/../key.ui/examples/standard_key/staticInitialisation/localDeclaredMethod.key.proof 
646579     DEBUG main            d.u.i.k.p.i.AbstractProblemLoader Environment load took 80.4ns 
646580     INFO  main            d.u.i.k.p.i.AbstractProblemLoader Creating init config 
646602     WARN  main            d.u.i.k.j.r.KeYCrossReferenceNameInfo Datatype java.lang.System declared twice: Once in FILE:/home/runner/work/key/key/key.core/../key.ui/examples/standard_key/staticInitialisation/classpath/System.java and once in URL:file:/home/runner/work/key/key/key.core/build/resources/main/de/uka/ilkd/key/java/JavaRedux/java/lang/System.java, Keeping one from URL:file:/home/runner/work/key/key/key.core/build/resources/main/de/uka/ilkd/key/java/JavaRedux/java/lang/System.java 
646602     WARN  main            d.u.i.k.j.r.KeYCrossReferenceNameInfo Datatype java.io.PrintStream declared twice: Once in FILE:/home/runner/work/key/key/key.core/../key.ui/examples/standard_key/staticInitialisation/classpath/PrintStream.java and once in URL:file:/home/runner/work/key/key/key.core/build/resources/main/de/uka/ilkd/key/java/JavaRedux/java/io/PrintStream.java, Keeping one from URL:file:/home/runner/work/key/key/key.core/build/resources/main/de/uka/ilkd/key/java/JavaRedux/java/io/PrintStream.java 
649250     DEBUG main            d.u.i.k.p.i.AbstractProblemLoader Init config took 2.67s 
649264     INFO  main            d.u.i.k.p.i.AbstractProblemLoader Replaying proof localDeclaredMethod.key.proof 
649336     DEBUG main            d.u.i.k.p.i.IntermediateProofReplayer Proof replay took 69.81ms 
649338     DEBUG main            d.u.i.k.p.r.p.TestFile    ... success: reloaded. 
649338     INFO  main            d.u.i.k.p.r.p.TestFile    Now processing file /home/runner/work/key/key/key.core/../key.ui/examples/standard_key/staticInitialisation/objectOfErroneousClass.key 
649339     INFO  main            d.u.i.k.p.i.AbstractProblemLoader Loading environment from /home/runner/work/key/key/key.core/../key.ui/examples/standard_key/staticInitialisation/objectOfErroneousClass.key 
649339     DEBUG main            d.u.i.k.p.i.AbstractProblemLoader Environment load took 111.2ns 
649340     INFO  main            d.u.i.k.p.i.AbstractProblemLoader Creating init config 
649363     WARN  main            d.u.i.k.j.r.KeYCrossReferenceNameInfo Datatype java.lang.System declared twice: Once in FILE:/home/runner/work/key/key/key.core/../key.ui/examples/standard_key/staticInitialisation/classpath/System.java and once in URL:file:/home/runner/work/key/key/key.core/build/resources/main/de/uka/ilkd/key/java/JavaRedux/java/lang/System.java, Keeping one from URL:file:/home/runner/work/key/key/key.core/build/resources/main/de/uka/ilkd/key/java/JavaRedux/java/lang/System.java 
649363     WARN  main            d.u.i.k.j.r.KeYCrossReferenceNameInfo Datatype java.io.PrintStream declared twice: Once in FILE:/home/runner/work/key/key/key.core/../key.ui/examples/standard_key/staticInitialisation/classpath/PrintStream.java and once in URL:file:/home/runner/work/key/key/key.core/build/resources/main/de/uka/ilkd/key/java/JavaRedux/java/io/PrintStream.java, Keeping one from URL:file:/home/runner/work/key/key/key.core/build/resources/main/de/uka/ilkd/key/java/JavaRedux/java/io/PrintStream.java 
651969     DEBUG main            d.u.i.k.p.i.AbstractProblemLoader Init config took 2.63s 
651986     INFO  main            d.u.i.k.p.i.AbstractProblemLoader Replaying proof objectOfErroneousClass.key 
651989     DEBUG main            d.u.i.k.p.i.IntermediateProofReplayer Proof replay took 3.5ns 
665812     INFO  main            d.u.i.k.p.r.p.TestFile    ... finished proof: closed. 
666525     INFO  main            d.u.i.k.p.i.AbstractProblemLoader Loading environment from /home/runner/work/key/key/key.core/../key.ui/examples/standard_key/staticInitialisation/objectOfErroneousClass.key.proof 
666525     DEBUG main            d.u.i.k.p.i.AbstractProblemLoader Environment load took 319.61ns 
666529     INFO  main            d.u.i.k.p.i.AbstractProblemLoader Creating init config 
666554     WARN  main            d.u.i.k.j.r.KeYCrossReferenceNameInfo Datatype java.lang.System declared twice: Once in FILE:/home/runner/work/key/key/key.core/../key.ui/examples/standard_key/staticInitialisation/classpath/System.java and once in URL:file:/home/runner/work/key/key/key.core/build/resources/main/de/uka/ilkd/key/java/JavaRedux/java/lang/System.java, Keeping one from URL:file:/home/runner/work/key/key/key.core/build/resources/main/de/uka/ilkd/key/java/JavaRedux/java/lang/System.java 
666554     WARN  main            d.u.i.k.j.r.KeYCrossReferenceNameInfo Datatype java.io.PrintStream declared twice: Once in FILE:/home/runner/work/key/key/key.core/../key.ui/examples/standard_key/staticInitialisation/classpath/PrintStream.java and once in URL:file:/home/runner/work/key/key/key.core/build/resources/main/de/uka/ilkd/key/java/JavaRedux/java/io/PrintStream.java, Keeping one from URL:file:/home/runner/work/key/key/key.core/build/resources/main/de/uka/ilkd/key/java/JavaRedux/java/io/PrintStream.java 
669098     DEBUG main            d.u.i.k.p.i.AbstractProblemLoader Init config took 2.57s 
669114     INFO  main            d.u.i.k.p.i.AbstractProblemLoader Replaying proof objectOfErroneousClass.key.proof 
671672     DEBUG main            d.u.i.k.p.i.IntermediateProofReplayer Proof replay took 2.53s 
671676     DEBUG main            d.u.i.k.p.r.p.TestFile    ... success: reloaded. 
671677     INFO  main            d.u.i.k.p.r.p.TestFile    Now processing file /home/runner/work/key/key/key.core/../key.ui/examples/standard_key/staticInitialisation/staticInitialisersAreNonSimple.key 
671677     INFO  main            d.u.i.k.p.i.AbstractProblemLoader Loading environment from /home/runner/work/key/key/key.core/../key.ui/examples/standard_key/staticInitialisation/staticInitialisersAreNonSimple.key 
671677     DEBUG main            d.u.i.k.p.i.AbstractProblemLoader Environment load took 73.2ns 
671679     INFO  main            d.u.i.k.p.i.AbstractProblemLoader Creating init config 
671702     WARN  main            d.u.i.k.j.r.KeYCrossReferenceNameInfo Datatype java.lang.System declared twice: Once in FILE:/home/runner/work/key/key/key.core/../key.ui/examples/standard_key/staticInitialisation/classpath/System.java and once in URL:file:/home/runner/work/key/key/key.core/build/resources/main/de/uka/ilkd/key/java/JavaRedux/java/lang/System.java, Keeping one from URL:file:/home/runner/work/key/key/key.core/build/resources/main/de/uka/ilkd/key/java/JavaRedux/java/lang/System.java 
671702     WARN  main            d.u.i.k.j.r.KeYCrossReferenceNameInfo Datatype java.io.PrintStream declared twice: Once in FILE:/home/runner/work/key/key/key.core/../key.ui/examples/standard_key/staticInitialisation/classpath/PrintStream.java and once in URL:file:/home/runner/work/key/key/key.core/build/resources/main/de/uka/ilkd/key/java/JavaRedux/java/io/PrintStream.java, Keeping one from URL:file:/home/runner/work/key/key/key.core/build/resources/main/de/uka/ilkd/key/java/JavaRedux/java/io/PrintStream.java 
674598     DEBUG main            d.u.i.k.p.i.AbstractProblemLoader Init config took 2.92s 
674613     INFO  main            d.u.i.k.p.i.AbstractProblemLoader Replaying proof staticInitialisersAreNonSimple.key 
674614     DEBUG main            d.u.i.k.p.i.IntermediateProofReplayer Proof replay took 2.7ns 
675017     INFO  main            d.u.i.k.p.r.p.TestFile    ... finished proof: closed. 
675716     INFO  main            d.u.i.k.p.i.AbstractProblemLoader Loading environment from /home/runner/work/key/key/key.core/../key.ui/examples/standard_key/staticInitialisation/staticInitialisersAreNonSimple.key.proof 
675716     DEBUG main            d.u.i.k.p.i.AbstractProblemLoader Environment load took 91.5ns 
675718     INFO  main            d.u.i.k.p.i.AbstractProblemLoader Creating init config 
675747     WARN  main            d.u.i.k.j.r.KeYCrossReferenceNameInfo Datatype java.lang.System declared twice: Once in FILE:/home/runner/work/key/key/key.core/../key.ui/examples/standard_key/staticInitialisation/classpath/System.java and once in URL:file:/home/runner/work/key/key/key.core/build/resources/main/de/uka/ilkd/key/java/JavaRedux/java/lang/System.java, Keeping one from URL:file:/home/runner/work/key/key/key.core/build/resources/main/de/uka/ilkd/key/java/JavaRedux/java/lang/System.java 
675748     WARN  main            d.u.i.k.j.r.KeYCrossReferenceNameInfo Datatype java.io.PrintStream declared twice: Once in FILE:/home/runner/work/key/key/key.core/../key.ui/examples/standard_key/staticInitialisation/classpath/PrintStream.java and once in URL:file:/home/runner/work/key/key/key.core/build/resources/main/de/uka/ilkd/key/java/JavaRedux/java/io/PrintStream.java, Keeping one from URL:file:/home/runner/work/key/key/key.core/build/resources/main/de/uka/ilkd/key/java/JavaRedux/java/io/PrintStream.java 
678426     DEBUG main            d.u.i.k.p.i.AbstractProblemLoader Init config took 2.71s 
678444     INFO  main            d.u.i.k.p.i.AbstractProblemLoader Replaying proof staticInitialisersAreNonSimple.key.proof 
678546     DEBUG main            d.u.i.k.p.i.IntermediateProofReplayer Proof replay took 99.63ms 
678548     DEBUG main            d.u.i.k.p.r.p.TestFile    ... success: reloaded. 
678549     INFO  main            d.u.i.k.p.r.p.TestFile    Now processing file /home/runner/work/key/key/key.core/../key.ui/examples/standard_key/types/disjoint.key 
678549     INFO  main            d.u.i.k.p.i.AbstractProblemLoader Loading environment from /home/runner/work/key/key/key.core/../key.ui/examples/standard_key/types/disjoint.key 
678549     DEBUG main            d.u.i.k.p.i.AbstractProblemLoader Environment load took 91.3ns 
678550     INFO  main            d.u.i.k.p.i.AbstractProblemLoader Creating init config 
681337     DEBUG main            d.u.i.k.p.i.AbstractProblemLoader Init config took 2.79s 
681350     INFO  main            d.u.i.k.p.i.AbstractProblemLoader Replaying proof disjoint.key 
681351     DEBUG main            d.u.i.k.p.i.IntermediateProofReplayer Proof replay took 3.1ns 
681452     INFO  main            d.u.i.k.p.r.p.TestFile    ... finished proof: closed. 
682132     INFO  main            d.u.i.k.p.i.AbstractProblemLoader Loading environment from /home/runner/work/key/key/key.core/../key.ui/examples/standard_key/types/disjoint.key.proof 
682133     DEBUG main            d.u.i.k.p.i.AbstractProblemLoader Environment load took 79.7ns 
682133     INFO  main            d.u.i.k.p.i.AbstractProblemLoader Creating init config 
684764     DEBUG main            d.u.i.k.p.i.AbstractProblemLoader Init config took 2.63s 
684781     INFO  main            d.u.i.k.p.i.AbstractProblemLoader Replaying proof disjoint.key.proof 
684783     DEBUG main            d.u.i.k.p.i.IntermediateProofReplayer Proof replay took 593.92ns 
684784     DEBUG main            d.u.i.k.p.r.p.TestFile    ... success: reloaded. 
684784     INFO  main            d.u.i.k.p.r.p.TestFile    Now processing file /home/runner/work/key/key/key.core/../key.ui/examples/../../key.core/src/test/resources/testcase/classpath/classpath.key 
684785     INFO  main            d.u.i.k.p.i.AbstractProblemLoader Loading environment from /home/runner/work/key/key/key.core/../key.ui/examples/../../key.core/src/test/resources/testcase/classpath/classpath.key 
684785     DEBUG main            d.u.i.k.p.i.AbstractProblemLoader Environment load took 104.8ns 
684785     INFO  main            d.u.i.k.p.i.AbstractProblemLoader Creating init config 
684819     WARN  main            d.u.i.k.j.r.KeYCrossReferenceNameInfo Datatype cp.C declared twice: Once in FILE:/home/runner/work/key/key/key.core/../key.ui/examples/../../key.core/src/test/resources/testcase/classpath/classpath/C.class and once in FILE:/home/runner/work/key/key/key.core/../key.ui/examples/../../key.core/src/test/resources/testcase/classpath/classpath/C.jml, Keeping one from FILE:/home/runner/work/key/key/key.core/../key.ui/examples/../../key.core/src/test/resources/testcase/classpath/classpath/C.jml 
684823     DEBUG main            d.u.i.k.j.r.ClassFileDeclarationBuilder Parsing: package cp; public class Unresolved1 { } 
684823     DEBUG main            r.s.KeYCrossReferenceSourceInfo Dynamically created class: cp.Unresolved1 
684823     DEBUG main            d.u.i.k.j.r.ClassFileDeclarationBuilder Parsing: package cp; public class Unresolved2 { } 
684824     DEBUG main            r.s.KeYCrossReferenceSourceInfo Dynamically created class: cp.Unresolved2 
687553     DEBUG main            d.u.i.k.p.i.AbstractProblemLoader Init config took 2.77s 
687569     INFO  main            d.u.i.k.p.i.AbstractProblemLoader Replaying proof classpath.key 
687571     DEBUG main            d.u.i.k.p.i.IntermediateProofReplayer Proof replay took 3ns 
687672     INFO  main            d.u.i.k.p.r.p.TestFile    ... finished proof: closed. 
688337     INFO  main            d.u.i.k.p.i.AbstractProblemLoader Loading environment from /home/runner/work/key/key/key.core/../key.ui/examples/../../key.core/src/test/resources/testcase/classpath/classpath.key.proof 
688337     DEBUG main            d.u.i.k.p.i.AbstractProblemLoader Environment load took 80.3ns 
688338     INFO  main            d.u.i.k.p.i.AbstractProblemLoader Creating init config 
688365     WARN  main            d.u.i.k.j.r.KeYCrossReferenceNameInfo Datatype cp.C declared twice: Once in FILE:/home/runner/work/key/key/key.core/../key.ui/examples/../../key.core/src/test/resources/testcase/classpath/classpath/C.class and once in FILE:/home/runner/work/key/key/key.core/../key.ui/examples/../../key.core/src/test/resources/testcase/classpath/classpath/C.jml, Keeping one from FILE:/home/runner/work/key/key/key.core/../key.ui/examples/../../key.core/src/test/resources/testcase/classpath/classpath/C.jml 
688369     DEBUG main            d.u.i.k.j.r.ClassFileDeclarationBuilder Parsing: package cp; public class Unresolved1 { } 
688369     DEBUG main            r.s.KeYCrossReferenceSourceInfo Dynamically created class: cp.Unresolved1 
688370     DEBUG main            d.u.i.k.j.r.ClassFileDeclarationBuilder Parsing: package cp; public class Unresolved2 { } 
688370     DEBUG main            r.s.KeYCrossReferenceSourceInfo Dynamically created class: cp.Unresolved2 
691043     DEBUG main            d.u.i.k.p.i.AbstractProblemLoader Init config took 2.71s 
691058     INFO  main            d.u.i.k.p.i.AbstractProblemLoader Replaying proof classpath.key.proof 
691060     DEBUG main            d.u.i.k.p.i.IntermediateProofReplayer Proof replay took 649.92ns 
691061     DEBUG main            d.u.i.k.p.r.p.TestFile    ... success: reloaded. 
691062     INFO  main            d.u.i.k.p.r.p.TestFile    Now processing file /home/runner/work/key/key/key.core/../key.ui/examples/heap/inconsistent_represents/MyClass_m.key 
691062     INFO  main            d.u.i.k.p.i.AbstractProblemLoader Loading environment from /home/runner/work/key/key/key.core/../key.ui/examples/heap/inconsistent_represents/MyClass_m.key 
691062     DEBUG main            d.u.i.k.p.i.AbstractProblemLoader Environment load took 166.1ns 
691063     INFO  main            d.u.i.k.p.i.AbstractProblemLoader Creating init config 
693718     DEBUG main            d.u.i.k.p.i.AbstractProblemLoader Init config took 2.65s 
693760     INFO  main            d.u.i.k.p.i.AbstractProblemLoader Replaying proof MyClass[MyClass::m()].JML operation contract.0 
693761     DEBUG main            d.u.i.k.p.i.IntermediateProofReplayer Proof replay took 3.7ns 
693863     INFO  main            d.u.i.k.p.r.p.TestFile    ... finished proof: open goal(s) 
694497     INFO  main            d.u.i.k.p.r.p.TestFile    Now processing file /home/runner/work/key/key/key.core/../key.ui/examples/heap/inconsistent_represents/MyClass_n.key 
694497     INFO  main            d.u.i.k.p.i.AbstractProblemLoader Loading environment from /home/runner/work/key/key/key.core/../key.ui/examples/heap/inconsistent_represents/MyClass_n.key 
694497     DEBUG main            d.u.i.k.p.i.AbstractProblemLoader Environment load took 59.3ns 
694498     INFO  main            d.u.i.k.p.i.AbstractProblemLoader Creating init config 
697080     DEBUG main            d.u.i.k.p.i.AbstractProblemLoader Init config took 2.58s 
697116     INFO  main            d.u.i.k.p.i.AbstractProblemLoader Replaying proof MyClass[MyClass::n()].JML operation contract.0 
697118     DEBUG main            d.u.i.k.p.i.IntermediateProofReplayer Proof replay took 3.9ns 
697220     INFO  main            d.u.i.k.p.r.p.TestFile    ... finished proof: open goal(s) 
4062421    INFO  Test worker     d.u.i.k.p.r.RunAllProofsTestUnit Returning from test javadl 
4062422    INFO  Test worker     d.u.i.k.p.r.RunAllProofsTestUnit Running test FOL 
406        INFO  Timeout watchdog d.u.i.k.p.r.p.ForkedTestFileRunner Timeout watcher launched (2000 secs.) 
430        WARN  main            d.u.i.k.s.ProofSettings   The settings in /home/runner/.key/proof-settings.props are *not* read. 
466        INFO  main            d.u.i.k.p.r.p.TestFile    Now processing file /home/runner/work/key/key/key.core/../key.ui/examples/standard_key/pred_log/count.key 
592        INFO  main            d.u.i.k.p.i.AbstractProblemLoader Loading environment from /home/runner/work/key/key/key.core/../key.ui/examples/standard_key/pred_log/count.key 
626        DEBUG main            d.u.i.k.p.i.AbstractProblemLoader Environment load took 2.45ms 
923        INFO  main            d.u.i.k.p.i.AbstractProblemLoader Creating init config 
1920       DEBUG main            d.u.i.k.j.TypeConverter   No LDT found for Meta 
1920       DEBUG main            d.u.i.k.j.TypeConverter   No LDT found for Meta 
1926       DEBUG main            d.u.i.k.j.TypeConverter   No LDT found for Meta 
1926       DEBUG main            d.u.i.k.j.TypeConverter   No LDT found for Meta 
3811       DEBUG main            d.u.i.k.j.TypeConverter   No LDT found for JavaBigintExpression 
9059       DEBUG main            d.u.i.k.p.i.AbstractProblemLoader Init config took 8.13s 
9128       INFO  main            d.u.i.k.p.i.AbstractProblemLoader Replaying proof count.key 
9173       DEBUG main            d.u.i.k.p.i.IntermediateProofReplayer Proof replay took 34.7ns 
9454       INFO  main            d.u.i.k.p.r.p.TestFile    ... finished proof: closed. 
9592       INFO  main            d.u.i.k.p.i.AbstractProblemLoader Loading environment from /home/runner/work/key/key/key.core/../key.ui/examples/standard_key/pred_log/count.key.proof 
9592       DEBUG main            d.u.i.k.p.i.AbstractProblemLoader Environment load took 426.21ns 
9598       INFO  main            d.u.i.k.p.i.AbstractProblemLoader Creating init config 
12603      DEBUG main            d.u.i.k.p.i.AbstractProblemLoader Init config took 3.01s 
12644      INFO  main            d.u.i.k.p.i.AbstractProblemLoader Replaying proof count.key.proof 
12662      DEBUG main            d.u.i.k.p.i.IntermediateProofReplayer Proof replay took 12.68ms 
12679      DEBUG main            d.u.i.k.p.r.p.TestFile    ... success: reloaded. 
12681      INFO  main            d.u.i.k.p.r.p.TestFile    Now processing file /home/runner/work/key/key/key.core/../key.ui/examples/standard_key/pred_log/count2.key 
12681      INFO  main            d.u.i.k.p.i.AbstractProblemLoader Loading environment from /home/runner/work/key/key/key.core/../key.ui/examples/standard_key/pred_log/count2.key 
12681      DEBUG main            d.u.i.k.p.i.AbstractProblemLoader Environment load took 226.71ns 
12685      INFO  main            d.u.i.k.p.i.AbstractProblemLoader Creating init config 
15693      DEBUG main            d.u.i.k.p.i.AbstractProblemLoader Init config took 3.01s 
15722      INFO  main            d.u.i.k.p.i.AbstractProblemLoader Replaying proof count2.key 
15724      DEBUG main            d.u.i.k.p.i.IntermediateProofReplayer Proof replay took 6.3ns 
15827      INFO  main            d.u.i.k.p.r.p.TestFile    ... finished proof: closed. 
15992      INFO  main            d.u.i.k.p.i.AbstractProblemLoader Loading environment from /home/runner/work/key/key/key.core/../key.ui/examples/standard_key/pred_log/count2.key.proof 
15992      DEBUG main            d.u.i.k.p.i.AbstractProblemLoader Environment load took 132.2ns 
16002      INFO  main            d.u.i.k.p.i.AbstractProblemLoader Creating init config 
18880      DEBUG main            d.u.i.k.p.i.AbstractProblemLoader Init config took 2.88s 
18904      INFO  main            d.u.i.k.p.i.AbstractProblemLoader Replaying proof count2.key.proof 
18910      DEBUG main            d.u.i.k.p.i.IntermediateProofReplayer Proof replay took 3.97ms 
18911      DEBUG main            d.u.i.k.p.r.p.TestFile    ... success: reloaded. 
18912      INFO  main            d.u.i.k.p.r.p.TestFile    Now processing file /home/runner/work/key/key/key.core/../key.ui/examples/standard_key/pred_log/count3.key 
18913      INFO  main            d.u.i.k.p.i.AbstractProblemLoader Loading environment from /home/runner/work/key/key/key.core/../key.ui/examples/standard_key/pred_log/count3.key 
18913      DEBUG main            d.u.i.k.p.i.AbstractProblemLoader Environment load took 192.91ns 
18914      INFO  main            d.u.i.k.p.i.AbstractProblemLoader Creating init config 
21693      DEBUG main            d.u.i.k.p.i.AbstractProblemLoader Init config took 2.78s 
21716      INFO  main            d.u.i.k.p.i.AbstractProblemLoader Replaying proof count3.key 
21718      DEBUG main            d.u.i.k.p.i.IntermediateProofReplayer Proof replay took 6ns 
21822      INFO  main            d.u.i.k.p.r.p.TestFile    ... finished proof: closed. 
21990      INFO  main            d.u.i.k.p.i.AbstractProblemLoader Loading environment from /home/runner/work/key/key/key.core/../key.ui/examples/standard_key/pred_log/count3.key.proof 
21990      DEBUG main            d.u.i.k.p.i.AbstractProblemLoader Environment load took 132ns 
21991      INFO  main            d.u.i.k.p.i.AbstractProblemLoader Creating init config 
24745      DEBUG main            d.u.i.k.p.i.AbstractProblemLoader Init config took 2.75s 
24767      INFO  main            d.u.i.k.p.i.AbstractProblemLoader Replaying proof count3.key.proof 
24780      DEBUG main            d.u.i.k.p.i.IntermediateProofReplayer Proof replay took 6.81ms 
24781      DEBUG main            d.u.i.k.p.r.p.TestFile    ... success: reloaded. 
24783      INFO  main            d.u.i.k.p.r.p.TestFile    Now processing file /home/runner/work/key/key/key.core/../key.ui/examples/standard_key/pred_log/equalities.key 
24783      INFO  main            d.u.i.k.p.i.AbstractProblemLoader Loading environment from /home/runner/work/key/key/key.core/../key.ui/examples/standard_key/pred_log/equalities.key 
24784      DEBUG main            d.u.i.k.p.i.AbstractProblemLoader Environment load took 217.01ns 
24785      INFO  main            d.u.i.k.p.i.AbstractProblemLoader Creating init config 
27616      DEBUG main            d.u.i.k.p.i.AbstractProblemLoader Init config took 2.83s 
27640      INFO  main            d.u.i.k.p.i.AbstractProblemLoader Replaying proof equalities.key 
27642      DEBUG main            d.u.i.k.p.i.IntermediateProofReplayer Proof replay took 6.6ns 
27744      INFO  main            d.u.i.k.p.r.p.TestFile    ... finished proof: closed. 
27893      INFO  main            d.u.i.k.p.i.AbstractProblemLoader Loading environment from /home/runner/work/key/key/key.core/../key.ui/examples/standard_key/pred_log/equalities.key.proof 
27893      DEBUG main            d.u.i.k.p.i.AbstractProblemLoader Environment load took 127.7ns 
27894      INFO  main            d.u.i.k.p.i.AbstractProblemLoader Creating init config 
30566      DEBUG main            d.u.i.k.p.i.AbstractProblemLoader Init config took 2.67s 
30586      INFO  main            d.u.i.k.p.i.AbstractProblemLoader Replaying proof equalities.key.proof 
30590      DEBUG main            d.u.i.k.p.i.IntermediateProofReplayer Proof replay took 1.94ms 
30591      DEBUG main            d.u.i.k.p.r.p.TestFile    ... success: reloaded. 
30592      INFO  main            d.u.i.k.p.r.p.TestFile    Now processing file /home/runner/work/key/key/key.core/../key.ui/examples/standard_key/pred_log/equalities2.key 
30593      INFO  main            d.u.i.k.p.i.AbstractProblemLoader Loading environment from /home/runner/work/key/key/key.core/../key.ui/examples/standard_key/pred_log/equalities2.key 
30593      DEBUG main            d.u.i.k.p.i.AbstractProblemLoader Environment load took 199.01ns 
30594      INFO  main            d.u.i.k.p.i.AbstractProblemLoader Creating init config 
33289      DEBUG main            d.u.i.k.p.i.AbstractProblemLoader Init config took 2.7s 
33309      INFO  main            d.u.i.k.p.i.AbstractProblemLoader Replaying proof equalities2.key 
33310      DEBUG main            d.u.i.k.p.i.IntermediateProofReplayer Proof replay took 8ns 
33413      INFO  main            d.u.i.k.p.r.p.TestFile    ... finished proof: closed. 
33578      INFO  main            d.u.i.k.p.i.AbstractProblemLoader Loading environment from /home/runner/work/key/key/key.core/../key.ui/examples/standard_key/pred_log/equalities2.key.proof 
33579      DEBUG main            d.u.i.k.p.i.AbstractProblemLoader Environment load took 145.6ns 
33580      INFO  main            d.u.i.k.p.i.AbstractProblemLoader Creating init config 
36287      DEBUG main            d.u.i.k.p.i.AbstractProblemLoader Init config took 2.71s 
36307      INFO  main            d.u.i.k.p.i.AbstractProblemLoader Replaying proof equalities2.key.proof 
36315      DEBUG main            d.u.i.k.p.i.IntermediateProofReplayer Proof replay took 5.61ms 
36316      DEBUG main            d.u.i.k.p.r.p.TestFile    ... success: reloaded. 
36317      INFO  main            d.u.i.k.p.r.p.TestFile    Now processing file /home/runner/work/key/key/key.core/../key.ui/examples/standard_key/pred_log/equalities3.key 
36317      INFO  main            d.u.i.k.p.i.AbstractProblemLoader Loading environment from /home/runner/work/key/key/key.core/../key.ui/examples/standard_key/pred_log/equalities3.key 
36318      DEBUG main            d.u.i.k.p.i.AbstractProblemLoader Environment load took 161.81ns 
36319      INFO  main            d.u.i.k.p.i.AbstractProblemLoader Creating init config 
39051      DEBUG main            d.u.i.k.p.i.AbstractProblemLoader Init config took 2.73s 
39071      INFO  main            d.u.i.k.p.i.AbstractProblemLoader Replaying proof equalities3.key 
39072      DEBUG main            d.u.i.k.p.i.IntermediateProofReplayer Proof replay took 6.1ns 
39178      INFO  main            d.u.i.k.p.r.p.TestFile    ... finished proof: closed. 
39341      INFO  main            d.u.i.k.p.i.AbstractProblemLoader Loading environment from /home/runner/work/key/key/key.core/../key.ui/examples/standard_key/pred_log/equalities3.key.proof 
39341      DEBUG main            d.u.i.k.p.i.AbstractProblemLoader Environment load took 249.41ns 
39344      INFO  main            d.u.i.k.p.i.AbstractProblemLoader Creating init config 
42038      DEBUG main            d.u.i.k.p.i.AbstractProblemLoader Init config took 2.69s 
42061      INFO  main            d.u.i.k.p.i.AbstractProblemLoader Replaying proof equalities3.key.proof 
42072      DEBUG main            d.u.i.k.p.i.IntermediateProofReplayer Proof replay took 7.81ms 
42073      DEBUG main            d.u.i.k.p.r.p.TestFile    ... success: reloaded. 
42074      INFO  main            d.u.i.k.p.r.p.TestFile    Now processing file /home/runner/work/key/key/key.core/../key.ui/examples/standard_key/pred_log/functions.key 
42074      INFO  main            d.u.i.k.p.i.AbstractProblemLoader Loading environment from /home/runner/work/key/key/key.core/../key.ui/examples/standard_key/pred_log/functions.key 
42074      DEBUG main            d.u.i.k.p.i.AbstractProblemLoader Environment load took 198.11ns 
42075      INFO  main            d.u.i.k.p.i.AbstractProblemLoader Creating init config 
44880      DEBUG main            d.u.i.k.p.i.AbstractProblemLoader Init config took 2.8s 
44898      INFO  main            d.u.i.k.p.i.AbstractProblemLoader Replaying proof functions.key 
44900      DEBUG main            d.u.i.k.p.i.IntermediateProofReplayer Proof replay took 7.6ns 
45003      INFO  main            d.u.i.k.p.r.p.TestFile    ... finished proof: closed. 
45278      INFO  main            d.u.i.k.p.i.AbstractProblemLoader Loading environment from /home/runner/work/key/key/key.core/../key.ui/examples/standard_key/pred_log/functions.key.proof 
45278      DEBUG main            d.u.i.k.p.i.AbstractProblemLoader Environment load took 168.41ns 
45279      INFO  main            d.u.i.k.p.i.AbstractProblemLoader Creating init config 
48064      DEBUG main            d.u.i.k.p.i.AbstractProblemLoader Init config took 2.78s 
48084      INFO  main            d.u.i.k.p.i.AbstractProblemLoader Replaying proof functions.key.proof 
48089      DEBUG main            d.u.i.k.p.i.IntermediateProofReplayer Proof replay took 2.99ms 
48090      DEBUG main            d.u.i.k.p.r.p.TestFile    ... success: reloaded. 
48090      INFO  main            d.u.i.k.p.r.p.TestFile    Now processing file /home/runner/work/key/key/key.core/../key.ui/examples/standard_key/pred_log/mv1.key 
48091      INFO  main            d.u.i.k.p.i.AbstractProblemLoader Loading environment from /home/runner/work/key/key/key.core/../key.ui/examples/standard_key/pred_log/mv1.key 
48091      DEBUG main            d.u.i.k.p.i.AbstractProblemLoader Environment load took 193.21ns 
48092      INFO  main            d.u.i.k.p.i.AbstractProblemLoader Creating init config 
50882      DEBUG main            d.u.i.k.p.i.AbstractProblemLoader Init config took 2.79s 
50900      INFO  main            d.u.i.k.p.i.AbstractProblemLoader Replaying proof mv1.key 
50902      DEBUG main            d.u.i.k.p.i.IntermediateProofReplayer Proof replay took 26.6ns 
51005      INFO  main            d.u.i.k.p.r.p.TestFile    ... finished proof: closed. 
51218      INFO  main            d.u.i.k.p.i.AbstractProblemLoader Loading environment from /home/runner/work/key/key/key.core/../key.ui/examples/standard_key/pred_log/mv1.key.proof 
51218      DEBUG main            d.u.i.k.p.i.AbstractProblemLoader Environment load took 143.6ns 
51220      INFO  main            d.u.i.k.p.i.AbstractProblemLoader Creating init config 
54010      DEBUG main            d.u.i.k.p.i.AbstractProblemLoader Init config took 2.79s 
54050      INFO  main            d.u.i.k.p.i.AbstractProblemLoader Replaying proof mv1.key.proof 
54057      DEBUG main            d.u.i.k.p.i.IntermediateProofReplayer Proof replay took 5.56ms 
54060      DEBUG main            d.u.i.k.p.r.p.TestFile    ... success: reloaded. 
54062      INFO  main            d.u.i.k.p.r.p.TestFile    Now processing file /home/runner/work/key/key/key.core/../key.ui/examples/standard_key/pred_log/mv2.key 
54065      INFO  main            d.u.i.k.p.i.AbstractProblemLoader Loading environment from /home/runner/work/key/key/key.core/../key.ui/examples/standard_key/pred_log/mv2.key 
54065      DEBUG main            d.u.i.k.p.i.AbstractProblemLoader Environment load took 248.31ns 
54067      INFO  main            d.u.i.k.p.i.AbstractProblemLoader Creating init config 
56874      DEBUG main            d.u.i.k.p.i.AbstractProblemLoader Init config took 2.81s 
56891      INFO  main            d.u.i.k.p.i.AbstractProblemLoader Replaying proof mv2.key 
56893      DEBUG main            d.u.i.k.p.i.IntermediateProofReplayer Proof replay took 6.9ns 
56997      INFO  main            d.u.i.k.p.r.p.TestFile    ... finished proof: closed. 
57190      INFO  main            d.u.i.k.p.i.AbstractProblemLoader Loading environment from /home/runner/work/key/key/key.core/../key.ui/examples/standard_key/pred_log/mv2.key.proof 
57190      DEBUG main            d.u.i.k.p.i.AbstractProblemLoader Environment load took 124.8ns 
57192      INFO  main            d.u.i.k.p.i.AbstractProblemLoader Creating init config 
59822      DEBUG main            d.u.i.k.p.i.AbstractProblemLoader Init config took 2.63s 
59843      INFO  main            d.u.i.k.p.i.AbstractProblemLoader Replaying proof mv2.key.proof 
59847      DEBUG main            d.u.i.k.p.i.IntermediateProofReplayer Proof replay took 2.32ms 
59848      DEBUG main            d.u.i.k.p.r.p.TestFile    ... success: reloaded. 
59849      INFO  main            d.u.i.k.p.r.p.TestFile    Now processing file /home/runner/work/key/key/key.core/../key.ui/examples/standard_key/pred_log/quantifiers.key 
59849      INFO  main            d.u.i.k.p.i.AbstractProblemLoader Loading environment from /home/runner/work/key/key/key.core/../key.ui/examples/standard_key/pred_log/quantifiers.key 
59850      DEBUG main            d.u.i.k.p.i.AbstractProblemLoader Environment load took 159.71ns 
59851      INFO  main            d.u.i.k.p.i.AbstractProblemLoader Creating init config 
62578      DEBUG main            d.u.i.k.p.i.AbstractProblemLoader Init config took 2.73s 
62593      INFO  main            d.u.i.k.p.i.AbstractProblemLoader Replaying proof quantifiers.key 
62595      DEBUG main            d.u.i.k.p.i.IntermediateProofReplayer Proof replay took 8.2ns 
62698      INFO  main            d.u.i.k.p.r.p.TestFile    ... finished proof: closed. 
62909      INFO  main            d.u.i.k.p.i.AbstractProblemLoader Loading environment from /home/runner/work/key/key/key.core/../key.ui/examples/standard_key/pred_log/quantifiers.key.proof 
62909      DEBUG main            d.u.i.k.p.i.AbstractProblemLoader Environment load took 383.01ns 
62910      INFO  main            d.u.i.k.p.i.AbstractProblemLoader Creating init config 
65641      DEBUG main            d.u.i.k.p.i.AbstractProblemLoader Init config took 2.73s 
65658      INFO  main            d.u.i.k.p.i.AbstractProblemLoader Replaying proof quantifiers.key.proof 
65663      DEBUG main            d.u.i.k.p.i.IntermediateProofReplayer Proof replay took 3.32ms 
65664      DEBUG main            d.u.i.k.p.r.p.TestFile    ... success: reloaded. 
65665      INFO  main            d.u.i.k.p.r.p.TestFile    Now processing file /home/runner/work/key/key/key.core/../key.ui/examples/standard_key/pred_log/simpleEps.key 
65665      INFO  main            d.u.i.k.p.i.AbstractProblemLoader Loading environment from /home/runner/work/key/key/key.core/../key.ui/examples/standard_key/pred_log/simpleEps.key 
65666      DEBUG main            d.u.i.k.p.i.AbstractProblemLoader Environment load took 194.31ns 
65667      INFO  main            d.u.i.k.p.i.AbstractProblemLoader Creating init config 
68415      DEBUG main            d.u.i.k.p.i.AbstractProblemLoader Init config took 2.75s 
68431      INFO  main            d.u.i.k.p.i.AbstractProblemLoader Replaying proof simpleEps.key 
68432      DEBUG main            d.u.i.k.p.i.IntermediateProofReplayer Proof replay took 7.2ns 
68538      INFO  main            d.u.i.k.p.r.p.TestFile    ... finished proof: closed. 
68741      INFO  main            d.u.i.k.p.i.AbstractProblemLoader Loading environment from /home/runner/work/key/key/key.core/../key.ui/examples/standard_key/pred_log/simpleEps.key.proof 
68741      DEBUG main            d.u.i.k.p.i.AbstractProblemLoader Environment load took 123.4ns 
68743      INFO  main            d.u.i.k.p.i.AbstractProblemLoader Creating init config 
71482      DEBUG main            d.u.i.k.p.i.AbstractProblemLoader Init config took 2.74s 
71500      INFO  main            d.u.i.k.p.i.AbstractProblemLoader Replaying proof simpleEps.key.proof 
71504      DEBUG main            d.u.i.k.p.i.IntermediateProofReplayer Proof replay took 1.86ms 
71505      DEBUG main            d.u.i.k.p.r.p.TestFile    ... success: reloaded. 
71506      INFO  main            d.u.i.k.p.r.p.TestFile    Now processing file /home/runner/work/key/key/key.core/../key.ui/examples/standard_key/pred_log/steam1.key 
71507      INFO  main            d.u.i.k.p.i.AbstractProblemLoader Loading environment from /home/runner/work/key/key/key.core/../key.ui/examples/standard_key/pred_log/steam1.key 
71507      DEBUG main            d.u.i.k.p.i.AbstractProblemLoader Environment load took 250.51ns 
71510      INFO  main            d.u.i.k.p.i.AbstractProblemLoader Creating init config 
74288      DEBUG main            d.u.i.k.p.i.AbstractProblemLoader Init config took 2.78s 
74313      INFO  main            d.u.i.k.p.i.AbstractProblemLoader Replaying proof steam1.key 
74314      DEBUG main            d.u.i.k.p.i.IntermediateProofReplayer Proof replay took 7.8ns 
74722      INFO  main            d.u.i.k.p.r.p.TestFile    ... finished proof: closed. 
74949      INFO  main            d.u.i.k.p.i.AbstractProblemLoader Loading environment from /home/runner/work/key/key/key.core/../key.ui/examples/standard_key/pred_log/steam1.key.proof 
74961      DEBUG main            d.u.i.k.p.i.AbstractProblemLoader Environment load took 11.58ms 
74964      INFO  main            d.u.i.k.p.i.AbstractProblemLoader Creating init config 
77656      DEBUG main            d.u.i.k.p.i.AbstractProblemLoader Init config took 2.69s 
77684      INFO  main            d.u.i.k.p.i.AbstractProblemLoader Replaying proof steam1.key.proof 
77734      DEBUG main            d.u.i.k.p.i.IntermediateProofReplayer Proof replay took 44.79ms 
77736      DEBUG main            d.u.i.k.p.r.p.TestFile    ... success: reloaded. 
77737      INFO  main            d.u.i.k.p.r.p.TestFile    Now processing file /home/runner/work/key/key/key.core/../key.ui/examples/standard_key/pred_log/tptp/PUZ/PUZ001p1.key 
77737      INFO  main            d.u.i.k.p.i.AbstractProblemLoader Loading environment from /home/runner/work/key/key/key.core/../key.ui/examples/standard_key/pred_log/tptp/PUZ/PUZ001p1.key 
77737      DEBUG main            d.u.i.k.p.i.AbstractProblemLoader Environment load took 110.6ns 
77739      INFO  main            d.u.i.k.p.i.AbstractProblemLoader Creating init config 
80471      DEBUG main            d.u.i.k.p.i.AbstractProblemLoader Init config took 2.73s 
80490      INFO  main            d.u.i.k.p.i.AbstractProblemLoader Replaying proof PUZ001p1.key 
80492      DEBUG main            d.u.i.k.p.i.IntermediateProofReplayer Proof replay took 7.3ns 
83926      INFO  main            d.u.i.k.p.r.p.TestFile    ... finished proof: closed. 
84170      INFO  main            d.u.i.k.p.i.AbstractProblemLoader Loading environment from /home/runner/work/key/key/key.core/../key.ui/examples/standard_key/pred_log/tptp/PUZ/PUZ001p1.key.proof 
84175      DEBUG main            d.u.i.k.p.i.AbstractProblemLoader Environment load took 5ms 
84177      INFO  main            d.u.i.k.p.i.AbstractProblemLoader Creating init config 
86887      DEBUG main            d.u.i.k.p.i.AbstractProblemLoader Init config took 2.71s 
86907      INFO  main            d.u.i.k.p.i.AbstractProblemLoader Replaying proof PUZ001p1.key.proof 
87084      DEBUG main            d.u.i.k.p.i.IntermediateProofReplayer Proof replay took 166.31ms 
87086      DEBUG main            d.u.i.k.p.r.p.TestFile    ... success: reloaded. 
87087      INFO  main            d.u.i.k.p.r.p.TestFile    Now processing file /home/runner/work/key/key/key.core/../key.ui/examples/standard_key/pred_log/tptp/PUZ/PUZ001p1-eq.key 
87087      INFO  main            d.u.i.k.p.i.AbstractProblemLoader Loading environment from /home/runner/work/key/key/key.core/../key.ui/examples/standard_key/pred_log/tptp/PUZ/PUZ001p1-eq.key 
87087      DEBUG main            d.u.i.k.p.i.AbstractProblemLoader Environment load took 195.11ns 
87089      INFO  main            d.u.i.k.p.i.AbstractProblemLoader Creating init config 
89835      DEBUG main            d.u.i.k.p.i.AbstractProblemLoader Init config took 2.75s 
89855      INFO  main            d.u.i.k.p.i.AbstractProblemLoader Replaying proof PUZ001p1-eq.key 
89857      DEBUG main            d.u.i.k.p.i.IntermediateProofReplayer Proof replay took 8.2ns 
90060      INFO  main            d.u.i.k.p.r.p.TestFile    ... finished proof: closed. 
90356      INFO  main            d.u.i.k.p.i.AbstractProblemLoader Loading environment from /home/runner/work/key/key/key.core/../key.ui/examples/standard_key/pred_log/tptp/PUZ/PUZ001p1-eq.key.proof 
90357      DEBUG main            d.u.i.k.p.i.AbstractProblemLoader Environment load took 462.21ns 
90359      INFO  main            d.u.i.k.p.i.AbstractProblemLoader Creating init config 
93000      DEBUG main            d.u.i.k.p.i.AbstractProblemLoader Init config took 2.64s 
93018      INFO  main            d.u.i.k.p.i.AbstractProblemLoader Replaying proof PUZ001p1-eq.key.proof 
93049      DEBUG main            d.u.i.k.p.i.IntermediateProofReplayer Proof replay took 24.99ms 
93050      DEBUG main            d.u.i.k.p.r.p.TestFile    ... success: reloaded. 
93051      INFO  main            d.u.i.k.p.r.p.TestFile    Now processing file /home/runner/work/key/key/key.core/../key.ui/examples/standard_key/pred_log/tptp/PUZ/PUZ031p1.key 
93052      INFO  main            d.u.i.k.p.i.AbstractProblemLoader Loading environment from /home/runner/work/key/key/key.core/../key.ui/examples/standard_key/pred_log/tptp/PUZ/PUZ031p1.key 
93052      DEBUG main            d.u.i.k.p.i.AbstractProblemLoader Environment load took 237.91ns 
93054      INFO  main            d.u.i.k.p.i.AbstractProblemLoader Creating init config 
95770      DEBUG main            d.u.i.k.p.i.AbstractProblemLoader Init config took 2.72s 
95787      INFO  main            d.u.i.k.p.i.AbstractProblemLoader Replaying proof PUZ031p1.key 
95789      DEBUG main            d.u.i.k.p.i.IntermediateProofReplayer Proof replay took 7.4ns 
104831     INFO  main            d.u.i.k.p.r.p.TestFile    ... finished proof: closed. 
105088     INFO  main            d.u.i.k.p.i.AbstractProblemLoader Loading environment from /home/runner/work/key/key/key.core/../key.ui/examples/standard_key/pred_log/tptp/PUZ/PUZ031p1.key.proof 
105089     DEBUG main            d.u.i.k.p.i.AbstractProblemLoader Environment load took 815.23ns 
105091     INFO  main            d.u.i.k.p.i.AbstractProblemLoader Creating init config 
107821     DEBUG main            d.u.i.k.p.i.AbstractProblemLoader Init config took 2.73s 
107838     INFO  main            d.u.i.k.p.i.AbstractProblemLoader Replaying proof PUZ031p1.key.proof 
107924     DEBUG main            d.u.i.k.p.i.IntermediateProofReplayer Proof replay took 79.98ms 
107926     DEBUG main            d.u.i.k.p.r.p.TestFile    ... success: reloaded. 
107926     INFO  main            d.u.i.k.p.r.p.TestFile    Now processing file /home/runner/work/key/key/key.core/../key.ui/examples/standard_key/pred_log/tptp/SET/SET027p3.key 
107927     INFO  main            d.u.i.k.p.i.AbstractProblemLoader Loading environment from /home/runner/work/key/key/key.core/../key.ui/examples/standard_key/pred_log/tptp/SET/SET027p3.key 
107927     DEBUG main            d.u.i.k.p.i.AbstractProblemLoader Environment load took 122.7ns 
107928     INFO  main            d.u.i.k.p.i.AbstractProblemLoader Creating init config 
110702     DEBUG main            d.u.i.k.p.i.AbstractProblemLoader Init config took 2.77s 
110718     INFO  main            d.u.i.k.p.i.AbstractProblemLoader Replaying proof SET027p3.key 
110719     DEBUG main            d.u.i.k.p.i.IntermediateProofReplayer Proof replay took 7.5ns 
110822     INFO  main            d.u.i.k.p.r.p.TestFile    ... finished proof: closed. 
111102     INFO  main            d.u.i.k.p.i.AbstractProblemLoader Loading environment from /home/runner/work/key/key/key.core/../key.ui/examples/standard_key/pred_log/tptp/SET/SET027p3.key.proof 
111103     DEBUG main            d.u.i.k.p.i.AbstractProblemLoader Environment load took 142.6ns 
111104     INFO  main            d.u.i.k.p.i.AbstractProblemLoader Creating init config 
113775     DEBUG main            d.u.i.k.p.i.AbstractProblemLoader Init config took 2.67s 
113792     INFO  main            d.u.i.k.p.i.AbstractProblemLoader Replaying proof SET027p3.key.proof 
113803     DEBUG main            d.u.i.k.p.i.IntermediateProofReplayer Proof replay took 6.94ms 
113805     DEBUG main            d.u.i.k.p.r.p.TestFile    ... success: reloaded. 
113806     INFO  main            d.u.i.k.p.r.p.TestFile    Now processing file /home/runner/work/key/key/key.core/../key.ui/examples/standard_key/pred_log/tptp/SET/SET043p1.key 
113806     INFO  main            d.u.i.k.p.i.AbstractProblemLoader Loading environment from /home/runner/work/key/key/key.core/../key.ui/examples/standard_key/pred_log/tptp/SET/SET043p1.key 
113807     DEBUG main            d.u.i.k.p.i.AbstractProblemLoader Environment load took 216.31ns 
113808     INFO  main            d.u.i.k.p.i.AbstractProblemLoader Creating init config 
116431     DEBUG main            d.u.i.k.p.i.AbstractProblemLoader Init config took 2.62s 
116446     INFO  main            d.u.i.k.p.i.AbstractProblemLoader Replaying proof SET043p1.key 
116447     DEBUG main            d.u.i.k.p.i.IntermediateProofReplayer Proof replay took 8ns 
116549     INFO  main            d.u.i.k.p.r.p.TestFile    ... finished proof: closed. 
116816     INFO  main            d.u.i.k.p.i.AbstractProblemLoader Loading environment from /home/runner/work/key/key/key.core/../key.ui/examples/standard_key/pred_log/tptp/SET/SET043p1.key.proof 
116816     DEBUG main            d.u.i.k.p.i.AbstractProblemLoader Environment load took 173.71ns 
116817     INFO  main            d.u.i.k.p.i.AbstractProblemLoader Creating init config 
119372     DEBUG main            d.u.i.k.p.i.AbstractProblemLoader Init config took 2.55s 
119386     INFO  main            d.u.i.k.p.i.AbstractProblemLoader Replaying proof SET043p1.key.proof 
119389     DEBUG main            d.u.i.k.p.i.IntermediateProofReplayer Proof replay took 1.6ms 
119390     DEBUG main            d.u.i.k.p.r.p.TestFile    ... success: reloaded. 
119391     INFO  main            d.u.i.k.p.r.p.TestFile    Now processing file /home/runner/work/key/key/key.core/../key.ui/examples/standard_key/pred_log/tptp/SET/SET045p1.key 
119391     INFO  main            d.u.i.k.p.i.AbstractProblemLoader Loading environment from /home/runner/work/key/key/key.core/../key.ui/examples/standard_key/pred_log/tptp/SET/SET045p1.key 
119391     DEBUG main            d.u.i.k.p.i.AbstractProblemLoader Environment load took 195.51ns 
119392     INFO  main            d.u.i.k.p.i.AbstractProblemLoader Creating init config 
122066     DEBUG main            d.u.i.k.p.i.AbstractProblemLoader Init config took 2.67s 
122080     INFO  main            d.u.i.k.p.i.AbstractProblemLoader Replaying proof SET045p1.key 
122081     DEBUG main            d.u.i.k.p.i.IntermediateProofReplayer Proof replay took 8ns 
122184     INFO  main            d.u.i.k.p.r.p.TestFile    ... finished proof: closed. 
122480     INFO  main            d.u.i.k.p.i.AbstractProblemLoader Loading environment from /home/runner/work/key/key/key.core/../key.ui/examples/standard_key/pred_log/tptp/SET/SET045p1.key.proof 
122480     DEBUG main            d.u.i.k.p.i.AbstractProblemLoader Environment load took 135.1ns 
122483     INFO  main            d.u.i.k.p.i.AbstractProblemLoader Creating init config 
125124     DEBUG main            d.u.i.k.p.i.AbstractProblemLoader Init config took 2.64s 
125138     INFO  main            d.u.i.k.p.i.AbstractProblemLoader Replaying proof SET045p1.key.proof 
125145     DEBUG main            d.u.i.k.p.i.IntermediateProofReplayer Proof replay took 5.51ms 
125146     DEBUG main            d.u.i.k.p.r.p.TestFile    ... success: reloaded. 
125147     INFO  main            d.u.i.k.p.r.p.TestFile    Now processing file /home/runner/work/key/key/key.core/../key.ui/examples/standard_key/pred_log/tptp/SET/SET062p3.key 
125147     INFO  main            d.u.i.k.p.i.AbstractProblemLoader Loading environment from /home/runner/work/key/key/key.core/../key.ui/examples/standard_key/pred_log/tptp/SET/SET062p3.key 
125147     DEBUG main            d.u.i.k.p.i.AbstractProblemLoader Environment load took 211.91ns 
125148     INFO  main            d.u.i.k.p.i.AbstractProblemLoader Creating init config 
127749     DEBUG main            d.u.i.k.p.i.AbstractProblemLoader Init config took 2.6s 
127764     INFO  main            d.u.i.k.p.i.AbstractProblemLoader Replaying proof SET062p3.key 
127766     DEBUG main            d.u.i.k.p.i.IntermediateProofReplayer Proof replay took 7.7ns 
127868     INFO  main            d.u.i.k.p.r.p.TestFile    ... finished proof: closed. 
128115     INFO  main            d.u.i.k.p.i.AbstractProblemLoader Loading environment from /home/runner/work/key/key/key.core/../key.ui/examples/standard_key/pred_log/tptp/SET/SET062p3.key.proof 
128115     DEBUG main            d.u.i.k.p.i.AbstractProblemLoader Environment load took 118.5ns 
128116     INFO  main            d.u.i.k.p.i.AbstractProblemLoader Creating init config 
130626     DEBUG main            d.u.i.k.p.i.AbstractProblemLoader Init config took 2.51s 
130641     INFO  main            d.u.i.k.p.i.AbstractProblemLoader Replaying proof SET062p3.key.proof 
130648     DEBUG main            d.u.i.k.p.i.IntermediateProofReplayer Proof replay took 5.27ms 
130649     DEBUG main            d.u.i.k.p.r.p.TestFile    ... success: reloaded. 
130650     INFO  main            d.u.i.k.p.r.p.TestFile    Now processing file /home/runner/work/key/key/key.core/../key.ui/examples/standard_key/pred_log/tptp/SET/SET063p3.key 
130650     INFO  main            d.u.i.k.p.i.AbstractProblemLoader Loading environment from /home/runner/work/key/key/key.core/../key.ui/examples/standard_key/pred_log/tptp/SET/SET063p3.key 
130650     DEBUG main            d.u.i.k.p.i.AbstractProblemLoader Environment load took 99.5ns 
130651     INFO  main            d.u.i.k.p.i.AbstractProblemLoader Creating init config 
133327     DEBUG main            d.u.i.k.p.i.AbstractProblemLoader Init config took 2.68s 
133343     INFO  main            d.u.i.k.p.i.AbstractProblemLoader Replaying proof SET063p3.key 
133344     DEBUG main            d.u.i.k.p.i.IntermediateProofReplayer Proof replay took 7.3ns 
133446     INFO  main            d.u.i.k.p.r.p.TestFile    ... finished proof: closed. 
133712     INFO  main            d.u.i.k.p.i.AbstractProblemLoader Loading environment from /home/runner/work/key/key/key.core/../key.ui/examples/standard_key/pred_log/tptp/SET/SET063p3.key.proof 
133713     DEBUG main            d.u.i.k.p.i.AbstractProblemLoader Environment load took 1.17ms 
133716     INFO  main            d.u.i.k.p.i.AbstractProblemLoader Creating init config 
136250     DEBUG main            d.u.i.k.p.i.AbstractProblemLoader Init config took 2.53s 
136269     INFO  main            d.u.i.k.p.i.AbstractProblemLoader Replaying proof SET063p3.key.proof 
136278     DEBUG main            d.u.i.k.p.i.IntermediateProofReplayer Proof replay took 6.91ms 
136278     DEBUG main            d.u.i.k.p.r.p.TestFile    ... success: reloaded. 
136279     INFO  main            d.u.i.k.p.r.p.TestFile    Now processing file /home/runner/work/key/key/key.core/../key.ui/examples/standard_key/pred_log/tptp/SYN/SYN036p2.key 
136279     INFO  main            d.u.i.k.p.i.AbstractProblemLoader Loading environment from /home/runner/work/key/key/key.core/../key.ui/examples/standard_key/pred_log/tptp/SYN/SYN036p2.key 
136280     DEBUG main            d.u.i.k.p.i.AbstractProblemLoader Environment load took 181.91ns 
136281     INFO  main            d.u.i.k.p.i.AbstractProblemLoader Creating init config 
138872     DEBUG main            d.u.i.k.p.i.AbstractProblemLoader Init config took 2.59s 
138886     INFO  main            d.u.i.k.p.i.AbstractProblemLoader Replaying proof SYN036p2.key 
138887     DEBUG main            d.u.i.k.p.i.IntermediateProofReplayer Proof replay took 6.5ns 
139194     INFO  main            d.u.i.k.p.r.p.TestFile    ... finished proof: closed. 
139495     INFO  main            d.u.i.k.p.i.AbstractProblemLoader Loading environment from /home/runner/work/key/key/key.core/../key.ui/examples/standard_key/pred_log/tptp/SYN/SYN036p2.key.proof 
139495     DEBUG main            d.u.i.k.p.i.AbstractProblemLoader Environment load took 397.11ns 
139496     INFO  main            d.u.i.k.p.i.AbstractProblemLoader Creating init config 
142074     DEBUG main            d.u.i.k.p.i.AbstractProblemLoader Init config took 2.58s 
142093     INFO  main            d.u.i.k.p.i.AbstractProblemLoader Replaying proof SYN036p2.key.proof 
142211     DEBUG main            d.u.i.k.p.i.IntermediateProofReplayer Proof replay took 107.45ms 
142214     DEBUG main            d.u.i.k.p.r.p.TestFile    ... success: reloaded. 
142215     INFO  main            d.u.i.k.p.r.p.TestFile    Now processing file /home/runner/work/key/key/key.core/../key.ui/examples/standard_key/pred_log/tptp/SYN/SYN550p1.key 
142216     INFO  main            d.u.i.k.p.i.AbstractProblemLoader Loading environment from /home/runner/work/key/key/key.core/../key.ui/examples/standard_key/pred_log/tptp/SYN/SYN550p1.key 
142216     DEBUG main            d.u.i.k.p.i.AbstractProblemLoader Environment load took 115.8ns 
142217     INFO  main            d.u.i.k.p.i.AbstractProblemLoader Creating init config 
144804     DEBUG main            d.u.i.k.p.i.AbstractProblemLoader Init config took 2.59s 
144819     INFO  main            d.u.i.k.p.i.AbstractProblemLoader Replaying proof SYN550p1.key 
144820     DEBUG main            d.u.i.k.p.i.IntermediateProofReplayer Proof replay took 12.8ns 
147739     INFO  main            d.u.i.k.p.r.p.TestFile    ... finished proof: closed. 
148026     INFO  main            d.u.i.k.p.i.AbstractProblemLoader Loading environment from /home/runner/work/key/key/key.core/../key.ui/examples/standard_key/pred_log/tptp/SYN/SYN550p1.key.proof 
148027     DEBUG main            d.u.i.k.p.i.AbstractProblemLoader Environment load took 484.12ns 
148028     INFO  main            d.u.i.k.p.i.AbstractProblemLoader Creating init config 
150522     DEBUG main            d.u.i.k.p.i.AbstractProblemLoader Init config took 2.49s 
150537     INFO  main            d.u.i.k.p.i.AbstractProblemLoader Replaying proof SYN550p1.key.proof 
150637     DEBUG main            d.u.i.k.p.i.IntermediateProofReplayer Proof replay took 93.43ms 
150638     DEBUG main            d.u.i.k.p.r.p.TestFile    ... success: reloaded. 
150639     INFO  main            d.u.i.k.p.r.p.TestFile    Now processing file /home/runner/work/key/key/key.core/../key.ui/examples/standard_key/prop_log/reallySimple.key 
150639     INFO  main            d.u.i.k.p.i.AbstractProblemLoader Loading environment from /home/runner/work/key/key/key.core/../key.ui/examples/standard_key/prop_log/reallySimple.key 
150639     DEBUG main            d.u.i.k.p.i.AbstractProblemLoader Environment load took 178.21ns 
150640     INFO  main            d.u.i.k.p.i.AbstractProblemLoader Creating init config 
153238     DEBUG main            d.u.i.k.p.i.AbstractProblemLoader Init config took 2.6s 
153251     INFO  main            d.u.i.k.p.i.AbstractProblemLoader Replaying proof reallySimple.key 
153252     DEBUG main            d.u.i.k.p.i.IntermediateProofReplayer Proof replay took 7.1ns 
153358     INFO  main            d.u.i.k.p.r.p.TestFile    ... finished proof: open goal(s) 
153652     INFO  main            d.u.i.k.p.r.p.TestFile    Now processing file /home/runner/work/key/key/key.core/../key.ui/examples/standard_key/pred_log/sameName1.key 
153652     INFO  main            d.u.i.k.p.i.AbstractProblemLoader Loading environment from /home/runner/work/key/key/key.core/../key.ui/examples/standard_key/pred_log/sameName1.key 
153652     DEBUG main            d.u.i.k.p.i.AbstractProblemLoader Environment load took 66.8ns 
153653     INFO  main            d.u.i.k.p.i.AbstractProblemLoader Creating init config 
156162     DEBUG main            d.u.i.k.p.i.AbstractProblemLoader Init config took 2.51s 
156176     INFO  main            d.u.i.k.p.i.AbstractProblemLoader Replaying proof sameName1.key 
156177     DEBUG main            d.u.i.k.p.i.IntermediateProofReplayer Proof replay took 6.2ns 
156281     INFO  main            d.u.i.k.p.r.p.TestFile    ... finished proof: open goal(s) 
156543     INFO  main            d.u.i.k.p.r.p.TestFile    Now processing file /home/runner/work/key/key/key.core/../key.ui/examples/standard_key/pred_log/jbyteIfEx.key 
156543     INFO  main            d.u.i.k.p.i.AbstractProblemLoader Loading environment from /home/runner/work/key/key/key.core/../key.ui/examples/standard_key/pred_log/jbyteIfEx.key 
156543     DEBUG main            d.u.i.k.p.i.AbstractProblemLoader Environment load took 79.3ns 
156544     INFO  main            d.u.i.k.p.i.AbstractProblemLoader Creating init config 
159110     DEBUG main            d.u.i.k.p.i.AbstractProblemLoader Init config took 2.57s 
159126     INFO  main            d.u.i.k.p.i.AbstractProblemLoader Replaying proof jbyteIfEx.key 
159127     DEBUG main            d.u.i.k.p.i.IntermediateProofReplayer Proof replay took 7ns 
159230     INFO  main            d.u.i.k.p.r.p.TestFile    ... finished proof: closed. 
159529     INFO  main            d.u.i.k.p.i.AbstractProblemLoader Loading environment from /home/runner/work/key/key/key.core/../key.ui/examples/standard_key/pred_log/jbyteIfEx.key.proof 
159529     DEBUG main            d.u.i.k.p.i.AbstractProblemLoader Environment load took 116.5ns 
159530     INFO  main            d.u.i.k.p.i.AbstractProblemLoader Creating init config 
162045     DEBUG main            d.u.i.k.p.i.AbstractProblemLoader Init config took 2.52s 
162059     INFO  main            d.u.i.k.p.i.AbstractProblemLoader Replaying proof jbyteIfEx.key.proof 
162069     DEBUG main            d.u.i.k.p.i.IntermediateProofReplayer Proof replay took 7.52ms 
162073     DEBUG main            d.u.i.k.p.r.p.TestFile    ... success: reloaded. 
162074     INFO  main            d.u.i.k.p.r.p.TestFile    Now processing file /home/runner/work/key/key/key.core/../key.ui/examples/standard_key/prop_log/allClausesLength4.key 
162074     INFO  main            d.u.i.k.p.i.AbstractProblemLoader Loading environment from /home/runner/work/key/key/key.core/../key.ui/examples/standard_key/prop_log/allClausesLength4.key 
162074     DEBUG main            d.u.i.k.p.i.AbstractProblemLoader Environment load took 109.9ns 
162075     INFO  main            d.u.i.k.p.i.AbstractProblemLoader Creating init config 
164744     DEBUG main            d.u.i.k.p.i.AbstractProblemLoader Init config took 2.67s 
164758     INFO  main            d.u.i.k.p.i.AbstractProblemLoader Replaying proof allClausesLength4.key 
164759     DEBUG main            d.u.i.k.p.i.IntermediateProofReplayer Proof replay took 7ns 
164864     INFO  main            d.u.i.k.p.r.p.TestFile    ... finished proof: closed. 
165185     INFO  main            d.u.i.k.p.i.AbstractProblemLoader Loading environment from /home/runner/work/key/key/key.core/../key.ui/examples/standard_key/prop_log/allClausesLength4.key.proof 
165185     DEBUG main            d.u.i.k.p.i.AbstractProblemLoader Environment load took 115.8ns 
165187     INFO  main            d.u.i.k.p.i.AbstractProblemLoader Creating init config 
167709     DEBUG main            d.u.i.k.p.i.AbstractProblemLoader Init config took 2.52s 
167726     INFO  main            d.u.i.k.p.i.AbstractProblemLoader Replaying proof allClausesLength4.key.proof 
167745     DEBUG main            d.u.i.k.p.i.IntermediateProofReplayer Proof replay took 15.83ms 
167747     DEBUG main            d.u.i.k.p.r.p.TestFile    ... success: reloaded. 
167748     INFO  main            d.u.i.k.p.r.p.TestFile    Now processing file /home/runner/work/key/key/key.core/../key.ui/examples/standard_key/prop_log/allClausesLength5.key 
167748     INFO  main            d.u.i.k.p.i.AbstractProblemLoader Loading environment from /home/runner/work/key/key/key.core/../key.ui/examples/standard_key/prop_log/allClausesLength5.key 
167748     DEBUG main            d.u.i.k.p.i.AbstractProblemLoader Environment load took 264.01ns 
167750     INFO  main            d.u.i.k.p.i.AbstractProblemLoader Creating init config 
170359     DEBUG main            d.u.i.k.p.i.AbstractProblemLoader Init config took 2.61s 
170374     INFO  main            d.u.i.k.p.i.AbstractProblemLoader Replaying proof allClausesLength5.key 
170375     DEBUG main            d.u.i.k.p.i.IntermediateProofReplayer Proof replay took 7.1ns 
170679     INFO  main            d.u.i.k.p.r.p.TestFile    ... finished proof: closed. 
171005     INFO  main            d.u.i.k.p.i.AbstractProblemLoader Loading environment from /home/runner/work/key/key/key.core/../key.ui/examples/standard_key/prop_log/allClausesLength5.key.proof 
171005     DEBUG main            d.u.i.k.p.i.AbstractProblemLoader Environment load took 480.72ns 
171007     INFO  main            d.u.i.k.p.i.AbstractProblemLoader Creating init config 
173644     DEBUG main            d.u.i.k.p.i.AbstractProblemLoader Init config took 2.64s 
173660     INFO  main            d.u.i.k.p.i.AbstractProblemLoader Replaying proof allClausesLength5.key.proof 
173709     DEBUG main            d.u.i.k.p.i.IntermediateProofReplayer Proof replay took 42.79ms 
173711     DEBUG main            d.u.i.k.p.r.p.TestFile    ... success: reloaded. 
173712     INFO  main            d.u.i.k.p.r.p.TestFile    Now processing file /home/runner/work/key/key/key.core/../key.ui/examples/standard_key/prop_log/doubleNeg.key 
173712     INFO  main            d.u.i.k.p.i.AbstractProblemLoader Loading environment from /home/runner/work/key/key/key.core/../key.ui/examples/standard_key/prop_log/doubleNeg.key 
173712     DEBUG main            d.u.i.k.p.i.AbstractProblemLoader Environment load took 176ns 
173713     INFO  main            d.u.i.k.p.i.AbstractProblemLoader Creating init config 
176428     DEBUG main            d.u.i.k.p.i.AbstractProblemLoader Init config took 2.71s 
176441     INFO  main            d.u.i.k.p.i.AbstractProblemLoader Replaying proof doubleNeg.key 
176442     DEBUG main            d.u.i.k.p.i.IntermediateProofReplayer Proof replay took 13.1ns 
176544     INFO  main            d.u.i.k.p.r.p.TestFile    ... finished proof: closed. 
176873     INFO  main            d.u.i.k.p.i.AbstractProblemLoader Loading environment from /home/runner/work/key/key/key.core/../key.ui/examples/standard_key/prop_log/doubleNeg.key.proof 
176873     DEBUG main            d.u.i.k.p.i.AbstractProblemLoader Environment load took 108.2ns 
176874     INFO  main            d.u.i.k.p.i.AbstractProblemLoader Creating init config 
179488     DEBUG main            d.u.i.k.p.i.AbstractProblemLoader Init config took 2.61s 
179502     INFO  main            d.u.i.k.p.i.AbstractProblemLoader Replaying proof doubleNeg.key.proof 
179504     DEBUG main            d.u.i.k.p.i.IntermediateProofReplayer Proof replay took 395.81ns 
179505     DEBUG main            d.u.i.k.p.r.p.TestFile    ... success: reloaded. 
179506     INFO  main            d.u.i.k.p.r.p.TestFile    Now processing file /home/runner/work/key/key/key.core/../key.ui/examples/standard_key/prop_log/liarsville.key 
179506     INFO  main            d.u.i.k.p.i.AbstractProblemLoader Loading environment from /home/runner/work/key/key/key.core/../key.ui/examples/standard_key/prop_log/liarsville.key 
179506     DEBUG main            d.u.i.k.p.i.AbstractProblemLoader Environment load took 189.61ns 
179507     INFO  main            d.u.i.k.p.i.AbstractProblemLoader Creating init config 
182215     DEBUG main            d.u.i.k.p.i.AbstractProblemLoader Init config took 2.71s 
182229     INFO  main            d.u.i.k.p.i.AbstractProblemLoader Replaying proof liarsville.key 
182231     DEBUG main            d.u.i.k.p.i.IntermediateProofReplayer Proof replay took 6.9ns 
182334     INFO  main            d.u.i.k.p.r.p.TestFile    ... finished proof: closed. 
182662     INFO  main            d.u.i.k.p.i.AbstractProblemLoader Loading environment from /home/runner/work/key/key/key.core/../key.ui/examples/standard_key/prop_log/liarsville.key.proof 
182662     DEBUG main            d.u.i.k.p.i.AbstractProblemLoader Environment load took 106.2ns 
182663     INFO  main            d.u.i.k.p.i.AbstractProblemLoader Creating init config 
185299     DEBUG main            d.u.i.k.p.i.AbstractProblemLoader Init config took 2.64s 
185316     INFO  main            d.u.i.k.p.i.AbstractProblemLoader Replaying proof liarsville.key.proof 
185319     DEBUG main            d.u.i.k.p.i.IntermediateProofReplayer Proof replay took 1.21ms 
185319     DEBUG main            d.u.i.k.p.r.p.TestFile    ... success: reloaded. 
185320     INFO  main            d.u.i.k.p.r.p.TestFile    Now processing file /home/runner/work/key/key/key.core/../key.ui/examples/standard_key/prop_log/simplest.key 
185320     INFO  main            d.u.i.k.p.i.AbstractProblemLoader Loading environment from /home/runner/work/key/key/key.core/../key.ui/examples/standard_key/prop_log/simplest.key 
185320     DEBUG main            d.u.i.k.p.i.AbstractProblemLoader Environment load took 102.8ns 
185321     INFO  main            d.u.i.k.p.i.AbstractProblemLoader Creating init config 
187976     DEBUG main            d.u.i.k.p.i.AbstractProblemLoader Init config took 2.65s 
187991     INFO  main            d.u.i.k.p.i.AbstractProblemLoader Replaying proof simplest.key 
187992     DEBUG main            d.u.i.k.p.i.IntermediateProofReplayer Proof replay took 7.7ns 
188094     INFO  main            d.u.i.k.p.r.p.TestFile    ... finished proof: closed. 
188423     INFO  main            d.u.i.k.p.i.AbstractProblemLoader Loading environment from /home/runner/work/key/key/key.core/../key.ui/examples/standard_key/prop_log/simplest.key.proof 
188423     DEBUG main            d.u.i.k.p.i.AbstractProblemLoader Environment load took 115.4ns 
188424     INFO  main            d.u.i.k.p.i.AbstractProblemLoader Creating init config 
191047     DEBUG main            d.u.i.k.p.i.AbstractProblemLoader Init config took 2.62s 
191061     INFO  main            d.u.i.k.p.i.AbstractProblemLoader Replaying proof simplest.key.proof 
191062     DEBUG main            d.u.i.k.p.i.IntermediateProofReplayer Proof replay took 122.2ns 
191063     DEBUG main            d.u.i.k.p.r.p.TestFile    ... success: reloaded. 
191064     INFO  main            d.u.i.k.p.r.p.TestFile    Now processing file /home/runner/work/key/key/key.core/../key.ui/examples/standard_key/prop_log/contraposition.key 
191064     INFO  main            d.u.i.k.p.i.AbstractProblemLoader Loading environment from /home/runner/work/key/key/key.core/../key.ui/examples/standard_key/prop_log/contraposition.key 
191064     DEBUG main            d.u.i.k.p.i.AbstractProblemLoader Environment load took 62.2ns 
191065     INFO  main            d.u.i.k.p.i.AbstractProblemLoader Creating init config 
193623     DEBUG main            d.u.i.k.p.i.AbstractProblemLoader Init config took 2.56s 
193638     INFO  main            d.u.i.k.p.i.AbstractProblemLoader Replaying proof contraposition.key 
193639     DEBUG main            d.u.i.k.p.i.IntermediateProofReplayer Proof replay took 6.9ns 
193744     INFO  main            d.u.i.k.p.r.p.TestFile    ... finished proof: closed. 
194069     INFO  main            d.u.i.k.p.i.AbstractProblemLoader Loading environment from /home/runner/work/key/key/key.core/../key.ui/examples/standard_key/prop_log/contraposition.key.proof 
194069     DEBUG main            d.u.i.k.p.i.AbstractProblemLoader Environment load took 102.2ns 
194070     INFO  main            d.u.i.k.p.i.AbstractProblemLoader Creating init config 
196628     DEBUG main            d.u.i.k.p.i.AbstractProblemLoader Init config took 2.56s 
196642     INFO  main            d.u.i.k.p.i.AbstractProblemLoader Replaying proof contraposition.key.proof 
196644     DEBUG main            d.u.i.k.p.i.IntermediateProofReplayer Proof replay took 538.22ns 
196645     DEBUG main            d.u.i.k.p.r.p.TestFile    ... success: reloaded. 
196645     INFO  main            d.u.i.k.p.r.p.TestFile    Now processing file /home/runner/work/key/key/key.core/../key.ui/examples/standard_key/quantifiers/elimination0.key 
196645     INFO  main            d.u.i.k.p.i.AbstractProblemLoader Loading environment from /home/runner/work/key/key/key.core/../key.ui/examples/standard_key/quantifiers/elimination0.key 
196645     DEBUG main            d.u.i.k.p.i.AbstractProblemLoader Environment load took 64.3ns 
196646     INFO  main            d.u.i.k.p.i.AbstractProblemLoader Creating init config 
199146     DEBUG main            d.u.i.k.p.i.AbstractProblemLoader Init config took 2.5s 
199160     INFO  main            d.u.i.k.p.i.AbstractProblemLoader Replaying proof elimination0.key 
199162     DEBUG main            d.u.i.k.p.i.IntermediateProofReplayer Proof replay took 7.4ns 
199266     INFO  main            d.u.i.k.p.r.p.TestFile    ... finished proof: closed. 
199596     INFO  main            d.u.i.k.p.i.AbstractProblemLoader Loading environment from /home/runner/work/key/key/key.core/../key.ui/examples/standard_key/quantifiers/elimination0.key.proof 
199597     DEBUG main            d.u.i.k.p.i.AbstractProblemLoader Environment load took 108.3ns 
199598     INFO  main            d.u.i.k.p.i.AbstractProblemLoader Creating init config 
202131     DEBUG main            d.u.i.k.p.i.AbstractProblemLoader Init config took 2.53s 
202144     INFO  main            d.u.i.k.p.i.AbstractProblemLoader Replaying proof elimination0.key.proof 
202146     DEBUG main            d.u.i.k.p.i.IntermediateProofReplayer Proof replay took 1.28ms 
202147     DEBUG main            d.u.i.k.p.r.p.TestFile    ... success: reloaded. 
202148     INFO  main            d.u.i.k.p.r.p.TestFile    Now processing file /home/runner/work/key/key/key.core/../key.ui/examples/standard_key/quantifiers/heuristic_PUZ001p1-eq.key 
202148     INFO  main            d.u.i.k.p.i.AbstractProblemLoader Loading environment from /home/runner/work/key/key/key.core/../key.ui/examples/standard_key/quantifiers/heuristic_PUZ001p1-eq.key 
202148     DEBUG main            d.u.i.k.p.i.AbstractProblemLoader Environment load took 94.5ns 
202150     INFO  main            d.u.i.k.p.i.AbstractProblemLoader Creating init config 
204662     DEBUG main            d.u.i.k.p.i.AbstractProblemLoader Init config took 2.51s 
204680     INFO  main            d.u.i.k.p.i.AbstractProblemLoader Replaying proof heuristic_PUZ001p1-eq.key 
204683     DEBUG main            d.u.i.k.p.i.IntermediateProofReplayer Proof replay took 7.4ns 
204790     INFO  main            d.u.i.k.p.r.p.TestFile    ... finished proof: closed. 
205127     INFO  main            d.u.i.k.p.i.AbstractProblemLoader Loading environment from /home/runner/work/key/key/key.core/../key.ui/examples/standard_key/quantifiers/heuristic_PUZ001p1-eq.key.proof 
205127     DEBUG main            d.u.i.k.p.i.AbstractProblemLoader Environment load took 100.6ns 
205129     INFO  main            d.u.i.k.p.i.AbstractProblemLoader Creating init config 
207625     DEBUG main            d.u.i.k.p.i.AbstractProblemLoader Init config took 2.5s 
207638     INFO  main            d.u.i.k.p.i.AbstractProblemLoader Replaying proof heuristic_PUZ001p1-eq.key.proof 
207652     DEBUG main            d.u.i.k.p.i.IntermediateProofReplayer Proof replay took 11.5ms 
207653     DEBUG main            d.u.i.k.p.r.p.TestFile    ... success: reloaded. 
207654     INFO  main            d.u.i.k.p.r.p.TestFile    Now processing file /home/runner/work/key/key/key.core/../key.ui/examples/standard_key/quantifiers/heuristic_PUZ001p1.key 
207654     INFO  main            d.u.i.k.p.i.AbstractProblemLoader Loading environment from /home/runner/work/key/key/key.core/../key.ui/examples/standard_key/quantifiers/heuristic_PUZ001p1.key 
207654     DEBUG main            d.u.i.k.p.i.AbstractProblemLoader Environment load took 87ns 
207655     INFO  main            d.u.i.k.p.i.AbstractProblemLoader Creating init config 
210176     DEBUG main            d.u.i.k.p.i.AbstractProblemLoader Init config took 2.52s 
210192     INFO  main            d.u.i.k.p.i.AbstractProblemLoader Replaying proof heuristic_PUZ001p1.key 
210193     DEBUG main            d.u.i.k.p.i.IntermediateProofReplayer Proof replay took 6.6ns 
211613     INFO  main            d.u.i.k.p.r.p.TestFile    ... finished proof: closed. 
211989     INFO  main            d.u.i.k.p.i.AbstractProblemLoader Loading environment from /home/runner/work/key/key/key.core/../key.ui/examples/standard_key/quantifiers/heuristic_PUZ001p1.key.proof 
211989     DEBUG main            d.u.i.k.p.i.AbstractProblemLoader Environment load took 353.21ns 
211991     INFO  main            d.u.i.k.p.i.AbstractProblemLoader Creating init config 
214491     DEBUG main            d.u.i.k.p.i.AbstractProblemLoader Init config took 2.5s 
214522     INFO  main            d.u.i.k.p.i.AbstractProblemLoader Replaying proof heuristic_PUZ001p1.key.proof 
214582     DEBUG main            d.u.i.k.p.i.IntermediateProofReplayer Proof replay took 56.39ms 
214584     DEBUG main            d.u.i.k.p.r.p.TestFile    ... success: reloaded. 
214585     INFO  main            d.u.i.k.p.r.p.TestFile    Now processing file /home/runner/work/key/key/key.core/../key.ui/examples/standard_key/quantifiers/heuristic_PUZ031p1.key 
214585     INFO  main            d.u.i.k.p.i.AbstractProblemLoader Loading environment from /home/runner/work/key/key/key.core/../key.ui/examples/standard_key/quantifiers/heuristic_PUZ031p1.key 
214585     DEBUG main            d.u.i.k.p.i.AbstractProblemLoader Environment load took 101ns 
214587     INFO  main            d.u.i.k.p.i.AbstractProblemLoader Creating init config 
217115     DEBUG main            d.u.i.k.p.i.AbstractProblemLoader Init config took 2.53s 
217129     INFO  main            d.u.i.k.p.i.AbstractProblemLoader Replaying proof heuristic_PUZ031p1.key 
217131     DEBUG main            d.u.i.k.p.i.IntermediateProofReplayer Proof replay took 6ns 
222160     INFO  main            d.u.i.k.p.r.p.TestFile    ... finished proof: closed. 
222552     INFO  main            d.u.i.k.p.i.AbstractProblemLoader Loading environment from /home/runner/work/key/key/key.core/../key.ui/examples/standard_key/quantifiers/heuristic_PUZ031p1.key.proof 
222553     DEBUG main            d.u.i.k.p.i.AbstractProblemLoader Environment load took 334.51ns 
222554     INFO  main            d.u.i.k.p.i.AbstractProblemLoader Creating init config 
225090     DEBUG main            d.u.i.k.p.i.AbstractProblemLoader Init config took 2.54s 
225105     INFO  main            d.u.i.k.p.i.AbstractProblemLoader Replaying proof heuristic_PUZ031p1.key.proof 
225191     DEBUG main            d.u.i.k.p.i.IntermediateProofReplayer Proof replay took 81.24ms 
225192     DEBUG main            d.u.i.k.p.r.p.TestFile    ... success: reloaded. 
225193     INFO  main            d.u.i.k.p.r.p.TestFile    Now processing file /home/runner/work/key/key/key.core/../key.ui/examples/standard_key/quantifiers/heuristic_SYN036p2.key 
225194     INFO  main            d.u.i.k.p.i.AbstractProblemLoader Loading environment from /home/runner/work/key/key/key.core/../key.ui/examples/standard_key/quantifiers/heuristic_SYN036p2.key 
225194     DEBUG main            d.u.i.k.p.i.AbstractProblemLoader Environment load took 95.2ns 
225195     INFO  main            d.u.i.k.p.i.AbstractProblemLoader Creating init config 
227791     DEBUG main            d.u.i.k.p.i.AbstractProblemLoader Init config took 2.6s 
227805     INFO  main            d.u.i.k.p.i.AbstractProblemLoader Replaying proof heuristic_SYN036p2.key 
227806     DEBUG main            d.u.i.k.p.i.IntermediateProofReplayer Proof replay took 6.8ns 
228113     INFO  main            d.u.i.k.p.r.p.TestFile    ... finished proof: closed. 
228590     INFO  main            d.u.i.k.p.i.AbstractProblemLoader Loading environment from /home/runner/work/key/key/key.core/../key.ui/examples/standard_key/quantifiers/heuristic_SYN036p2.key.proof 
228591     DEBUG main            d.u.i.k.p.i.AbstractProblemLoader Environment load took 384.61ns 
228592     INFO  main            d.u.i.k.p.i.AbstractProblemLoader Creating init config 
231043     DEBUG main            d.u.i.k.p.i.AbstractProblemLoader Init config took 2.45s 
231057     INFO  main            d.u.i.k.p.i.AbstractProblemLoader Replaying proof heuristic_SYN036p2.key.proof 
231165     DEBUG main            d.u.i.k.p.i.IntermediateProofReplayer Proof replay took 100.16ms 
231166     DEBUG main            d.u.i.k.p.r.p.TestFile    ... success: reloaded. 
231167     INFO  main            d.u.i.k.p.r.p.TestFile    Now processing file /home/runner/work/key/key/key.core/../key.ui/examples/standard_key/quantifiers/injectivity.key 
231168     INFO  main            d.u.i.k.p.i.AbstractProblemLoader Loading environment from /home/runner/work/key/key/key.core/../key.ui/examples/standard_key/quantifiers/injectivity.key 
231168     DEBUG main            d.u.i.k.p.i.AbstractProblemLoader Environment load took 159.91ns 
231169     INFO  main            d.u.i.k.p.i.AbstractProblemLoader Creating init config 
233677     DEBUG main            d.u.i.k.p.i.AbstractProblemLoader Init config took 2.51s 
233690     INFO  main            d.u.i.k.p.i.AbstractProblemLoader Replaying proof injectivity.key 
233692     DEBUG main            d.u.i.k.p.i.IntermediateProofReplayer Proof replay took 7.4ns 
233794     INFO  main            d.u.i.k.p.r.p.TestFile    ... finished proof: closed. 
234176     INFO  main            d.u.i.k.p.i.AbstractProblemLoader Loading environment from /home/runner/work/key/key/key.core/../key.ui/examples/standard_key/quantifiers/injectivity.key.proof 
234176     DEBUG main            d.u.i.k.p.i.AbstractProblemLoader Environment load took 93.5ns 
234177     INFO  main            d.u.i.k.p.i.AbstractProblemLoader Creating init config 
236636     DEBUG main            d.u.i.k.p.i.AbstractProblemLoader Init config took 2.46s 
236649     INFO  main            d.u.i.k.p.i.AbstractProblemLoader Replaying proof injectivity.key.proof 
236652     DEBUG main            d.u.i.k.p.i.IntermediateProofReplayer Proof replay took 1.78ms 
236653     DEBUG main            d.u.i.k.p.r.p.TestFile    ... success: reloaded. 
236654     INFO  main            d.u.i.k.p.r.p.TestFile    Now processing file /home/runner/work/key/key/key.core/../key.ui/examples/standard_key/quantifiers/normalisation0.key 
236654     INFO  main            d.u.i.k.p.i.AbstractProblemLoader Loading environment from /home/runner/work/key/key/key.core/../key.ui/examples/standard_key/quantifiers/normalisation0.key 
236655     DEBUG main            d.u.i.k.p.i.AbstractProblemLoader Environment load took 89.6ns 
236656     INFO  main            d.u.i.k.p.i.AbstractProblemLoader Creating init config 
239156     DEBUG main            d.u.i.k.p.i.AbstractProblemLoader Init config took 2.5s 
239170     INFO  main            d.u.i.k.p.i.AbstractProblemLoader Replaying proof normalisation0.key 
239172     DEBUG main            d.u.i.k.p.i.IntermediateProofReplayer Proof replay took 6.7ns 
239277     INFO  main            d.u.i.k.p.r.p.TestFile    ... finished proof: closed. 
239628     INFO  main            d.u.i.k.p.i.AbstractProblemLoader Loading environment from /home/runner/work/key/key/key.core/../key.ui/examples/standard_key/quantifiers/normalisation0.key.proof 
239628     DEBUG main            d.u.i.k.p.i.AbstractProblemLoader Environment load took 91.3ns 
239630     INFO  main            d.u.i.k.p.i.AbstractProblemLoader Creating init config 
242118     DEBUG main            d.u.i.k.p.i.AbstractProblemLoader Init config took 2.49s 
242131     INFO  main            d.u.i.k.p.i.AbstractProblemLoader Replaying proof normalisation0.key.proof 
242134     DEBUG main            d.u.i.k.p.i.IntermediateProofReplayer Proof replay took 2.55ms 
242135     DEBUG main            d.u.i.k.p.r.p.TestFile    ... success: reloaded. 
242136     INFO  main            d.u.i.k.p.r.p.TestFile    Now processing file /home/runner/work/key/key/key.core/../key.ui/examples/standard_key/quantifiers/normalisation1.key 
242136     INFO  main            d.u.i.k.p.i.AbstractProblemLoader Loading environment from /home/runner/work/key/key/key.core/../key.ui/examples/standard_key/quantifiers/normalisation1.key 
242136     DEBUG main            d.u.i.k.p.i.AbstractProblemLoader Environment load took 73.4ns 
242137     INFO  main            d.u.i.k.p.i.AbstractProblemLoader Creating init config 
244653     DEBUG main            d.u.i.k.p.i.AbstractProblemLoader Init config took 2.52s 
244670     INFO  main            d.u.i.k.p.i.AbstractProblemLoader Replaying proof normalisation1.key 
244672     DEBUG main            d.u.i.k.p.i.IntermediateProofReplayer Proof replay took 6.4ns 
244777     INFO  main            d.u.i.k.p.r.p.TestFile    ... finished proof: closed. 
245190     INFO  main            d.u.i.k.p.i.AbstractProblemLoader Loading environment from /home/runner/work/key/key/key.core/../key.ui/examples/standard_key/quantifiers/normalisation1.key.proof 
245190     DEBUG main            d.u.i.k.p.i.AbstractProblemLoader Environment load took 87.1ns 
245192     INFO  main            d.u.i.k.p.i.AbstractProblemLoader Creating init config 
247680     DEBUG main            d.u.i.k.p.i.AbstractProblemLoader Init config took 2.49s 
247694     INFO  main            d.u.i.k.p.i.AbstractProblemLoader Replaying proof normalisation1.key.proof 
247699     DEBUG main            d.u.i.k.p.i.IntermediateProofReplayer Proof replay took 3.13ms 
247700     DEBUG main            d.u.i.k.p.r.p.TestFile    ... success: reloaded. 
247701     INFO  main            d.u.i.k.p.r.p.TestFile    Now processing file /home/runner/work/key/key/key.core/../key.ui/examples/standard_key/quantifiers/normalisation2.key 
247701     INFO  main            d.u.i.k.p.i.AbstractProblemLoader Loading environment from /home/runner/work/key/key/key.core/../key.ui/examples/standard_key/quantifiers/normalisation2.key 
247701     DEBUG main            d.u.i.k.p.i.AbstractProblemLoader Environment load took 82.4ns 
247702     INFO  main            d.u.i.k.p.i.AbstractProblemLoader Creating init config 
250218     DEBUG main            d.u.i.k.p.i.AbstractProblemLoader Init config took 2.52s 
250232     INFO  main            d.u.i.k.p.i.AbstractProblemLoader Replaying proof normalisation2.key 
250234     DEBUG main            d.u.i.k.p.i.IntermediateProofReplayer Proof replay took 6.9ns 
250335     INFO  main            d.u.i.k.p.r.p.TestFile    ... finished proof: closed. 
250700     INFO  main            d.u.i.k.p.i.AbstractProblemLoader Loading environment from /home/runner/work/key/key/key.core/../key.ui/examples/standard_key/quantifiers/normalisation2.key.proof 
250700     DEBUG main            d.u.i.k.p.i.AbstractProblemLoader Environment load took 84.4ns 
250701     INFO  main            d.u.i.k.p.i.AbstractProblemLoader Creating init config 
253130     DEBUG main            d.u.i.k.p.i.AbstractProblemLoader Init config took 2.43s 
253153     INFO  main            d.u.i.k.p.i.AbstractProblemLoader Replaying proof normalisation2.key.proof 
253157     DEBUG main            d.u.i.k.p.i.IntermediateProofReplayer Proof replay took 2.29ms 
253158     DEBUG main            d.u.i.k.p.r.p.TestFile    ... success: reloaded. 
253159     INFO  main            d.u.i.k.p.r.p.TestFile    Now processing file /home/runner/work/key/key/key.core/../key.ui/examples/standard_key/quantifiers/normalisation3.key 
253159     INFO  main            d.u.i.k.p.i.AbstractProblemLoader Loading environment from /home/runner/work/key/key/key.core/../key.ui/examples/standard_key/quantifiers/normalisation3.key 
253159     DEBUG main            d.u.i.k.p.i.AbstractProblemLoader Environment load took 60.4ns 
253160     INFO  main            d.u.i.k.p.i.AbstractProblemLoader Creating init config 
255659     DEBUG main            d.u.i.k.p.i.AbstractProblemLoader Init config took 2.5s 
255675     INFO  main            d.u.i.k.p.i.AbstractProblemLoader Replaying proof normalisation3.key 
255676     DEBUG main            d.u.i.k.p.i.IntermediateProofReplayer Proof replay took 7.1ns 
255778     INFO  main            d.u.i.k.p.r.p.TestFile    ... finished proof: closed. 
256172     INFO  main            d.u.i.k.p.i.AbstractProblemLoader Loading environment from /home/runner/work/key/key/key.core/../key.ui/examples/standard_key/quantifiers/normalisation3.key.proof 
256172     DEBUG main            d.u.i.k.p.i.AbstractProblemLoader Environment load took 92.11ns 
256174     INFO  main            d.u.i.k.p.i.AbstractProblemLoader Creating init config 
258691     DEBUG main            d.u.i.k.p.i.AbstractProblemLoader Init config took 2.52s 
258710     INFO  main            d.u.i.k.p.i.AbstractProblemLoader Replaying proof normalisation3.key.proof 
258716     DEBUG main            d.u.i.k.p.i.IntermediateProofReplayer Proof replay took 3.5ms 
258717     DEBUG main            d.u.i.k.p.r.p.TestFile    ... success: reloaded. 
258718     INFO  main            d.u.i.k.p.r.p.TestFile    Now processing file /home/runner/work/key/key/key.core/../key.ui/examples/standard_key/quantifiers/normalisation4.key 
258718     INFO  main            d.u.i.k.p.i.AbstractProblemLoader Loading environment from /home/runner/work/key/key/key.core/../key.ui/examples/standard_key/quantifiers/normalisation4.key 
258718     DEBUG main            d.u.i.k.p.i.AbstractProblemLoader Environment load took 106.3ns 
258719     INFO  main            d.u.i.k.p.i.AbstractProblemLoader Creating init config 
261334     DEBUG main            d.u.i.k.p.i.AbstractProblemLoader Init config took 2.61s 
261348     INFO  main            d.u.i.k.p.i.AbstractProblemLoader Replaying proof normalisation4.key 
261350     DEBUG main            d.u.i.k.p.i.IntermediateProofReplayer Proof replay took 6.6ns 
261452     INFO  main            d.u.i.k.p.r.p.TestFile    ... finished proof: closed. 
261858     INFO  main            d.u.i.k.p.i.AbstractProblemLoader Loading environment from /home/runner/work/key/key/key.core/../key.ui/examples/standard_key/quantifiers/normalisation4.key.proof 
261858     DEBUG main            d.u.i.k.p.i.AbstractProblemLoader Environment load took 93.9ns 
261859     INFO  main            d.u.i.k.p.i.AbstractProblemLoader Creating init config 
264431     DEBUG main            d.u.i.k.p.i.AbstractProblemLoader Init config took 2.57s 
264445     INFO  main            d.u.i.k.p.i.AbstractProblemLoader Replaying proof normalisation4.key.proof 
264452     DEBUG main            d.u.i.k.p.i.IntermediateProofReplayer Proof replay took 5.26ms 
264453     DEBUG main            d.u.i.k.p.r.p.TestFile    ... success: reloaded. 
264453     INFO  main            d.u.i.k.p.r.p.TestFile    Now processing file /home/runner/work/key/key/key.core/../key.ui/examples/standard_key/quantifiers/normalisation5.key 
264454     INFO  main            d.u.i.k.p.i.AbstractProblemLoader Loading environment from /home/runner/work/key/key/key.core/../key.ui/examples/standard_key/quantifiers/normalisation5.key 
264454     DEBUG main            d.u.i.k.p.i.AbstractProblemLoader Environment load took 104.4ns 
264455     INFO  main            d.u.i.k.p.i.AbstractProblemLoader Creating init config 
267075     DEBUG main            d.u.i.k.p.i.AbstractProblemLoader Init config took 2.62s 
267089     INFO  main            d.u.i.k.p.i.AbstractProblemLoader Replaying proof normalisation5.key 
267091     DEBUG main            d.u.i.k.p.i.IntermediateProofReplayer Proof replay took 7.1ns 
267193     INFO  main            d.u.i.k.p.r.p.TestFile    ... finished proof: closed. 
267634     INFO  main            d.u.i.k.p.i.AbstractProblemLoader Loading environment from /home/runner/work/key/key/key.core/../key.ui/examples/standard_key/quantifiers/normalisation5.key.proof 
267634     DEBUG main            d.u.i.k.p.i.AbstractProblemLoader Environment load took 96.3ns 
267635     INFO  main            d.u.i.k.p.i.AbstractProblemLoader Creating init config 
270152     DEBUG main            d.u.i.k.p.i.AbstractProblemLoader Init config took 2.52s 
270171     INFO  main            d.u.i.k.p.i.AbstractProblemLoader Replaying proof normalisation5.key.proof 
270176     DEBUG main            d.u.i.k.p.i.IntermediateProofReplayer Proof replay took 4.41ms 
270177     DEBUG main            d.u.i.k.p.r.p.TestFile    ... success: reloaded. 
270178     INFO  main            d.u.i.k.p.r.p.TestFile    Now processing file /home/runner/work/key/key/key.core/../key.ui/examples/standard_key/quantifiers/normalisation6.key 
270178     INFO  main            d.u.i.k.p.i.AbstractProblemLoader Loading environment from /home/runner/work/key/key/key.core/../key.ui/examples/standard_key/quantifiers/normalisation6.key 
270178     DEBUG main            d.u.i.k.p.i.AbstractProblemLoader Environment load took 125.2ns 
270179     INFO  main            d.u.i.k.p.i.AbstractProblemLoader Creating init config 
272777     DEBUG main            d.u.i.k.p.i.AbstractProblemLoader Init config took 2.6s 
272791     INFO  main            d.u.i.k.p.i.AbstractProblemLoader Replaying proof normalisation6.key 
272792     DEBUG main            d.u.i.k.p.i.IntermediateProofReplayer Proof replay took 6.3ns 
272894     INFO  main            d.u.i.k.p.r.p.TestFile    ... finished proof: closed. 
273319     INFO  main            d.u.i.k.p.i.AbstractProblemLoader Loading environment from /home/runner/work/key/key/key.core/../key.ui/examples/standard_key/quantifiers/normalisation6.key.proof 
273319     DEBUG main            d.u.i.k.p.i.AbstractProblemLoader Environment load took 88.8ns 
273320     INFO  main            d.u.i.k.p.i.AbstractProblemLoader Creating init config 
275954     DEBUG main            d.u.i.k.p.i.AbstractProblemLoader Init config took 2.63s 
275968     INFO  main            d.u.i.k.p.i.AbstractProblemLoader Replaying proof normalisation6.key.proof 
275972     DEBUG main            d.u.i.k.p.i.IntermediateProofReplayer Proof replay took 2.39ms 
275973     DEBUG main            d.u.i.k.p.r.p.TestFile    ... success: reloaded. 
275973     INFO  main            d.u.i.k.p.r.p.TestFile    Now processing file /home/runner/work/key/key/key.core/../key.ui/examples/standard_key/quantifiers/normalisation7.key 
275974     INFO  main            d.u.i.k.p.i.AbstractProblemLoader Loading environment from /home/runner/work/key/key/key.core/../key.ui/examples/standard_key/quantifiers/normalisation7.key 
275974     DEBUG main            d.u.i.k.p.i.AbstractProblemLoader Environment load took 82.4ns 
275975     INFO  main            d.u.i.k.p.i.AbstractProblemLoader Creating init config 
278546     DEBUG main            d.u.i.k.p.i.AbstractProblemLoader Init config took 2.57s 
278561     INFO  main            d.u.i.k.p.i.AbstractProblemLoader Replaying proof normalisation7.key 
278563     DEBUG main            d.u.i.k.p.i.IntermediateProofReplayer Proof replay took 6.2ns 
278665     INFO  main            d.u.i.k.p.r.p.TestFile    ... finished proof: closed. 
279150     INFO  main            d.u.i.k.p.i.AbstractProblemLoader Loading environment from /home/runner/work/key/key/key.core/../key.ui/examples/standard_key/quantifiers/normalisation7.key.proof 
279151     DEBUG main            d.u.i.k.p.i.AbstractProblemLoader Environment load took 104.3ns 
279151     INFO  main            d.u.i.k.p.i.AbstractProblemLoader Creating init config 
281762     DEBUG main            d.u.i.k.p.i.AbstractProblemLoader Init config took 2.61s 
281778     INFO  main            d.u.i.k.p.i.AbstractProblemLoader Replaying proof normalisation7.key.proof 
281781     DEBUG main            d.u.i.k.p.i.IntermediateProofReplayer Proof replay took 2.32ms 
281782     DEBUG main            d.u.i.k.p.r.p.TestFile    ... success: reloaded. 
281783     INFO  main            d.u.i.k.p.r.p.TestFile    Now processing file /home/runner/work/key/key/key.core/../key.ui/examples/standard_key/quantifiers/normalisation8.key 
281784     INFO  main            d.u.i.k.p.i.AbstractProblemLoader Loading environment from /home/runner/work/key/key/key.core/../key.ui/examples/standard_key/quantifiers/normalisation8.key 
281784     DEBUG main            d.u.i.k.p.i.AbstractProblemLoader Environment load took 124.1ns 
281785     INFO  main            d.u.i.k.p.i.AbstractProblemLoader Creating init config 
284472     DEBUG main            d.u.i.k.p.i.AbstractProblemLoader Init config took 2.69s 
284485     INFO  main            d.u.i.k.p.i.AbstractProblemLoader Replaying proof normalisation8.key 
284487     DEBUG main            d.u.i.k.p.i.IntermediateProofReplayer Proof replay took 6.3ns 
284588     INFO  main            d.u.i.k.p.r.p.TestFile    ... finished proof: closed. 
285019     INFO  main            d.u.i.k.p.i.AbstractProblemLoader Loading environment from /home/runner/work/key/key/key.core/../key.ui/examples/standard_key/quantifiers/normalisation8.key.proof 
285019     DEBUG main            d.u.i.k.p.i.AbstractProblemLoader Environment load took 99.3ns 
285020     INFO  main            d.u.i.k.p.i.AbstractProblemLoader Creating init config 
287635     DEBUG main            d.u.i.k.p.i.AbstractProblemLoader Init config took 2.61s 
287650     INFO  main            d.u.i.k.p.i.AbstractProblemLoader Replaying proof normalisation8.key.proof 
287658     DEBUG main            d.u.i.k.p.i.IntermediateProofReplayer Proof replay took 6.71ms 
287659     DEBUG main            d.u.i.k.p.r.p.TestFile    ... success: reloaded. 
287660     INFO  main            d.u.i.k.p.r.p.TestFile    Now processing file /home/runner/work/key/key/key.core/../key.ui/examples/standard_key/quantifiers/normalisation9.key 
287660     INFO  main            d.u.i.k.p.i.AbstractProblemLoader Loading environment from /home/runner/work/key/key/key.core/../key.ui/examples/standard_key/quantifiers/normalisation9.key 
287661     DEBUG main            d.u.i.k.p.i.AbstractProblemLoader Environment load took 131.3ns 
287662     INFO  main            d.u.i.k.p.i.AbstractProblemLoader Creating init config 
290308     DEBUG main            d.u.i.k.p.i.AbstractProblemLoader Init config took 2.65s 
290322     INFO  main            d.u.i.k.p.i.AbstractProblemLoader Replaying proof normalisation9.key 
290323     DEBUG main            d.u.i.k.p.i.IntermediateProofReplayer Proof replay took 6.3ns 
290425     INFO  main            d.u.i.k.p.r.p.TestFile    ... finished proof: closed. 
290882     INFO  main            d.u.i.k.p.i.AbstractProblemLoader Loading environment from /home/runner/work/key/key/key.core/../key.ui/examples/standard_key/quantifiers/normalisation9.key.proof 
290882     DEBUG main            d.u.i.k.p.i.AbstractProblemLoader Environment load took 83.2ns 
290883     INFO  main            d.u.i.k.p.i.AbstractProblemLoader Creating init config 
293478     DEBUG main            d.u.i.k.p.i.AbstractProblemLoader Init config took 2.59s 
293491     INFO  main            d.u.i.k.p.i.AbstractProblemLoader Replaying proof normalisation9.key.proof 
293500     DEBUG main            d.u.i.k.p.i.IntermediateProofReplayer Proof replay took 6.99ms 
293501     DEBUG main            d.u.i.k.p.r.p.TestFile    ... success: reloaded. 
293502     INFO  main            d.u.i.k.p.r.p.TestFile    Now processing file /home/runner/work/key/key/key.core/../key.ui/examples/standard_key/quantifiers/normalisation10.key 
293502     INFO  main            d.u.i.k.p.i.AbstractProblemLoader Loading environment from /home/runner/work/key/key/key.core/../key.ui/examples/standard_key/quantifiers/normalisation10.key 
293502     DEBUG main            d.u.i.k.p.i.AbstractProblemLoader Environment load took 97.8ns 
293503     INFO  main            d.u.i.k.p.i.AbstractProblemLoader Creating init config 
296186     DEBUG main            d.u.i.k.p.i.AbstractProblemLoader Init config took 2.68s 
296200     INFO  main            d.u.i.k.p.i.AbstractProblemLoader Replaying proof normalisation10.key 
296203     DEBUG main            d.u.i.k.p.i.IntermediateProofReplayer Proof replay took 7.3ns 
296306     INFO  main            d.u.i.k.p.r.p.TestFile    ... finished proof: closed. 
296799     INFO  main            d.u.i.k.p.i.AbstractProblemLoader Loading environment from /home/runner/work/key/key/key.core/../key.ui/examples/standard_key/quantifiers/normalisation10.key.proof 
296799     DEBUG main            d.u.i.k.p.i.AbstractProblemLoader Environment load took 96.6ns 
296802     INFO  main            d.u.i.k.p.i.AbstractProblemLoader Creating init config 
299279     DEBUG main            d.u.i.k.p.i.AbstractProblemLoader Init config took 2.48s 
299295     INFO  main            d.u.i.k.p.i.AbstractProblemLoader Replaying proof normalisation10.key.proof 
299302     DEBUG main            d.u.i.k.p.i.IntermediateProofReplayer Proof replay took 5.14ms 
299302     DEBUG main            d.u.i.k.p.r.p.TestFile    ... success: reloaded. 
299303     INFO  main            d.u.i.k.p.r.p.TestFile    Now processing file /home/runner/work/key/key/key.core/../key.ui/examples/standard_key/quantifiers/normalisation12.key 
299303     INFO  main            d.u.i.k.p.i.AbstractProblemLoader Loading environment from /home/runner/work/key/key/key.core/../key.ui/examples/standard_key/quantifiers/normalisation12.key 
299303     DEBUG main            d.u.i.k.p.i.AbstractProblemLoader Environment load took 101.5ns 
299304     INFO  main            d.u.i.k.p.i.AbstractProblemLoader Creating init config 
301945     DEBUG main            d.u.i.k.p.i.AbstractProblemLoader Init config took 2.64s 
301976     INFO  main            d.u.i.k.p.i.AbstractProblemLoader Replaying proof normalisation12.key 
301978     DEBUG main            d.u.i.k.p.i.IntermediateProofReplayer Proof replay took 6.8ns 
302080     INFO  main            d.u.i.k.p.r.p.TestFile    ... finished proof: closed. 
302518     INFO  main            d.u.i.k.p.i.AbstractProblemLoader Loading environment from /home/runner/work/key/key/key.core/../key.ui/examples/standard_key/quantifiers/normalisation12.key.proof 
302518     DEBUG main            d.u.i.k.p.i.AbstractProblemLoader Environment load took 78.9ns 
302519     INFO  main            d.u.i.k.p.i.AbstractProblemLoader Creating init config 
305004     DEBUG main            d.u.i.k.p.i.AbstractProblemLoader Init config took 2.48s 
305018     INFO  main            d.u.i.k.p.i.AbstractProblemLoader Replaying proof normalisation12.key.proof 
305021     DEBUG main            d.u.i.k.p.i.IntermediateProofReplayer Proof replay took 1.3ms 
305022     DEBUG main            d.u.i.k.p.r.p.TestFile    ... success: reloaded. 
305023     INFO  main            d.u.i.k.p.r.p.TestFile    Now processing file /home/runner/work/key/key/key.core/../key.ui/examples/standard_key/quantifiers/normalisation13.key 
305023     INFO  main            d.u.i.k.p.i.AbstractProblemLoader Loading environment from /home/runner/work/key/key/key.core/../key.ui/examples/standard_key/quantifiers/normalisation13.key 
305023     DEBUG main            d.u.i.k.p.i.AbstractProblemLoader Environment load took 87.9ns 
305024     INFO  main            d.u.i.k.p.i.AbstractProblemLoader Creating init config 
307588     DEBUG main            d.u.i.k.p.i.AbstractProblemLoader Init config took 2.56s 
307601     INFO  main            d.u.i.k.p.i.AbstractProblemLoader Replaying proof normalisation13.key 
307602     DEBUG main            d.u.i.k.p.i.IntermediateProofReplayer Proof replay took 6.1ns 
307704     INFO  main            d.u.i.k.p.r.p.TestFile    ... finished proof: closed. 
308139     INFO  main            d.u.i.k.p.i.AbstractProblemLoader Loading environment from /home/runner/work/key/key/key.core/../key.ui/examples/standard_key/quantifiers/normalisation13.key.proof 
308139     DEBUG main            d.u.i.k.p.i.AbstractProblemLoader Environment load took 93.8ns 
308140     INFO  main            d.u.i.k.p.i.AbstractProblemLoader Creating init config 
310590     DEBUG main            d.u.i.k.p.i.AbstractProblemLoader Init config took 2.45s 
310603     INFO  main            d.u.i.k.p.i.AbstractProblemLoader Replaying proof normalisation13.key.proof 
310605     DEBUG main            d.u.i.k.p.i.IntermediateProofReplayer Proof replay took 582.42ns 
310606     DEBUG main            d.u.i.k.p.r.p.TestFile    ... success: reloaded. 
310606     INFO  main            d.u.i.k.p.r.p.TestFile    Now processing file /home/runner/work/key/key/key.core/../key.ui/examples/standard_key/quantifiers/triggers0.key 
310607     INFO  main            d.u.i.k.p.i.AbstractProblemLoader Loading environment from /home/runner/work/key/key/key.core/../key.ui/examples/standard_key/quantifiers/triggers0.key 
310607     DEBUG main            d.u.i.k.p.i.AbstractProblemLoader Environment load took 54.8ns 
310607     INFO  main            d.u.i.k.p.i.AbstractProblemLoader Creating init config 
313136     DEBUG main            d.u.i.k.p.i.AbstractProblemLoader Init config took 2.53s 
313151     INFO  main            d.u.i.k.p.i.AbstractProblemLoader Replaying proof triggers0.key 
313152     DEBUG main            d.u.i.k.p.i.IntermediateProofReplayer Proof replay took 14.3ns 
313255     INFO  main            d.u.i.k.p.r.p.TestFile    ... finished proof: closed. 
313731     INFO  main            d.u.i.k.p.i.AbstractProblemLoader Loading environment from /home/runner/work/key/key/key.core/../key.ui/examples/standard_key/quantifiers/triggers0.key.proof 
313731     DEBUG main            d.u.i.k.p.i.AbstractProblemLoader Environment load took 87.7ns 
313732     INFO  main            d.u.i.k.p.i.AbstractProblemLoader Creating init config 
316225     DEBUG main            d.u.i.k.p.i.AbstractProblemLoader Init config took 2.49s 
316238     INFO  main            d.u.i.k.p.i.AbstractProblemLoader Replaying proof triggers0.key.proof 
316242     DEBUG main            d.u.i.k.p.i.IntermediateProofReplayer Proof replay took 1.87ms 
316242     DEBUG main            d.u.i.k.p.r.p.TestFile    ... success: reloaded. 
4378877    INFO  Test worker     d.u.i.k.p.r.RunAllProofsTestUnit Returning from test FOL 
4378880    INFO  Test worker     d.u.i.k.p.r.RunAllProofsTestUnit Running test strings 
404        INFO  Timeout watchdog d.u.i.k.p.r.p.ForkedTestFileRunner Timeout watcher launched (2000 secs.) 
432        WARN  main            d.u.i.k.s.ProofSettings   The settings in /home/runner/.key/proof-settings.props are *not* read. 
486        INFO  main            d.u.i.k.p.r.p.TestFile    Now processing file /home/runner/work/key/key/key.core/../key.ui/examples/standard_key/strings/charAt0.key 
637        INFO  main            d.u.i.k.p.i.AbstractProblemLoader Loading environment from /home/runner/work/key/key/key.core/../key.ui/examples/standard_key/strings/charAt0.key 
657        DEBUG main            d.u.i.k.p.i.AbstractProblemLoader Environment load took 2.52ms 
961        INFO  main            d.u.i.k.p.i.AbstractProblemLoader Creating init config 
2070       DEBUG main            d.u.i.k.j.TypeConverter   No LDT found for Meta 
2072       DEBUG main            d.u.i.k.j.TypeConverter   No LDT found for Meta 
2073       DEBUG main            d.u.i.k.j.TypeConverter   No LDT found for Meta 
2073       DEBUG main            d.u.i.k.j.TypeConverter   No LDT found for Meta 
3764       DEBUG main            d.u.i.k.j.TypeConverter   No LDT found for JavaBigintExpression 
9135       DEBUG main            d.u.i.k.p.i.AbstractProblemLoader Init config took 8.17s 
9203       INFO  main            d.u.i.k.p.i.AbstractProblemLoader Replaying proof charAt0.key 
9244       DEBUG main            d.u.i.k.p.i.IntermediateProofReplayer Proof replay took 34.1ns 
9635       INFO  main            d.u.i.k.p.r.p.TestFile    ... finished proof: closed. 
9778       INFO  main            d.u.i.k.p.i.AbstractProblemLoader Loading environment from /home/runner/work/key/key/key.core/../key.ui/examples/standard_key/strings/charAt0.key.proof 
9778       DEBUG main            d.u.i.k.p.i.AbstractProblemLoader Environment load took 159.31ns 
9783       INFO  main            d.u.i.k.p.i.AbstractProblemLoader Creating init config 
13172      DEBUG main            d.u.i.k.p.i.AbstractProblemLoader Init config took 3.39s 
13233      INFO  main            d.u.i.k.p.i.AbstractProblemLoader Replaying proof charAt0.key.proof 
13260      DEBUG main            d.u.i.k.p.i.IntermediateProofReplayer Proof replay took 21.7ms 
13275      DEBUG main            d.u.i.k.p.r.p.TestFile    ... success: reloaded. 
13277      INFO  main            d.u.i.k.p.r.p.TestFile    Now processing file /home/runner/work/key/key/key.core/../key.ui/examples/standard_key/strings/charAt1.key 
13277      INFO  main            d.u.i.k.p.i.AbstractProblemLoader Loading environment from /home/runner/work/key/key/key.core/../key.ui/examples/standard_key/strings/charAt1.key 
13278      DEBUG main            d.u.i.k.p.i.AbstractProblemLoader Environment load took 768.52ns 
13280      INFO  main            d.u.i.k.p.i.AbstractProblemLoader Creating init config 
16454      DEBUG main            d.u.i.k.p.i.AbstractProblemLoader Init config took 3.17s 
16488      INFO  main            d.u.i.k.p.i.AbstractProblemLoader Replaying proof charAt1.key 
16491      DEBUG main            d.u.i.k.p.i.IntermediateProofReplayer Proof replay took 6.9ns 
16797      INFO  main            d.u.i.k.p.r.p.TestFile    ... finished proof: closed. 
16974      INFO  main            d.u.i.k.p.i.AbstractProblemLoader Loading environment from /home/runner/work/key/key/key.core/../key.ui/examples/standard_key/strings/charAt1.key.proof 
16976      DEBUG main            d.u.i.k.p.i.AbstractProblemLoader Environment load took 2.36ms 
16980      INFO  main            d.u.i.k.p.i.AbstractProblemLoader Creating init config 
20013      DEBUG main            d.u.i.k.p.i.AbstractProblemLoader Init config took 3.03s 
20038      INFO  main            d.u.i.k.p.i.AbstractProblemLoader Replaying proof charAt1.key.proof 
20062      DEBUG main            d.u.i.k.p.i.IntermediateProofReplayer Proof replay took 20.53ms 
20064      DEBUG main            d.u.i.k.p.r.p.TestFile    ... success: reloaded. 
20065      INFO  main            d.u.i.k.p.r.p.TestFile    Now processing file /home/runner/work/key/key/key.core/../key.ui/examples/standard_key/strings/concat1.key 
20065      INFO  main            d.u.i.k.p.i.AbstractProblemLoader Loading environment from /home/runner/work/key/key/key.core/../key.ui/examples/standard_key/strings/concat1.key 
20065      DEBUG main            d.u.i.k.p.i.AbstractProblemLoader Environment load took 129.21ns 
20066      INFO  main            d.u.i.k.p.i.AbstractProblemLoader Creating init config 
23054      DEBUG main            d.u.i.k.p.i.AbstractProblemLoader Init config took 2.99s 
23079      INFO  main            d.u.i.k.p.i.AbstractProblemLoader Replaying proof concat1.key 
23088      DEBUG main            d.u.i.k.p.i.IntermediateProofReplayer Proof replay took 6.4ns 
23192      INFO  main            d.u.i.k.p.r.p.TestFile    ... finished proof: closed. 
23343      INFO  main            d.u.i.k.p.i.AbstractProblemLoader Loading environment from /home/runner/work/key/key/key.core/../key.ui/examples/standard_key/strings/concat1.key.proof 
23343      DEBUG main            d.u.i.k.p.i.AbstractProblemLoader Environment load took 178.81ns 
23345      INFO  main            d.u.i.k.p.i.AbstractProblemLoader Creating init config 
26242      DEBUG main            d.u.i.k.p.i.AbstractProblemLoader Init config took 2.9s 
26265      INFO  main            d.u.i.k.p.i.AbstractProblemLoader Replaying proof concat1.key.proof 
26269      DEBUG main            d.u.i.k.p.i.IntermediateProofReplayer Proof replay took 1.62ms 
26270      DEBUG main            d.u.i.k.p.r.p.TestFile    ... success: reloaded. 
26271      INFO  main            d.u.i.k.p.r.p.TestFile    Now processing file /home/runner/work/key/key/key.core/../key.ui/examples/standard_key/strings/concat2.key 
26271      INFO  main            d.u.i.k.p.i.AbstractProblemLoader Loading environment from /home/runner/work/key/key/key.core/../key.ui/examples/standard_key/strings/concat2.key 
26271      DEBUG main            d.u.i.k.p.i.AbstractProblemLoader Environment load took 121.8ns 
26273      INFO  main            d.u.i.k.p.i.AbstractProblemLoader Creating init config 
29254      DEBUG main            d.u.i.k.p.i.AbstractProblemLoader Init config took 2.98s 
29293      INFO  main            d.u.i.k.p.i.AbstractProblemLoader Replaying proof concat2.key 
29296      DEBUG main            d.u.i.k.p.i.IntermediateProofReplayer Proof replay took 6.3ns 
29399      INFO  main            d.u.i.k.p.r.p.TestFile    ... finished proof: closed. 
29569      INFO  main            d.u.i.k.p.i.AbstractProblemLoader Loading environment from /home/runner/work/key/key/key.core/../key.ui/examples/standard_key/strings/concat2.key.proof 
29570      DEBUG main            d.u.i.k.p.i.AbstractProblemLoader Environment load took 586.32ns 
29572      INFO  main            d.u.i.k.p.i.AbstractProblemLoader Creating init config 
32510      DEBUG main            d.u.i.k.p.i.AbstractProblemLoader Init config took 2.94s 
32535      INFO  main            d.u.i.k.p.i.AbstractProblemLoader Replaying proof concat2.key.proof 
32550      DEBUG main            d.u.i.k.p.i.IntermediateProofReplayer Proof replay took 11.78ms 
32551      DEBUG main            d.u.i.k.p.r.p.TestFile    ... success: reloaded. 
32551      INFO  main            d.u.i.k.p.r.p.TestFile    Now processing file /home/runner/work/key/key/key.core/../key.ui/examples/standard_key/strings/deriveLength1.key 
32552      INFO  main            d.u.i.k.p.i.AbstractProblemLoader Loading environment from /home/runner/work/key/key/key.core/../key.ui/examples/standard_key/strings/deriveLength1.key 
32552      DEBUG main            d.u.i.k.p.i.AbstractProblemLoader Environment load took 125.7ns 
32553      INFO  main            d.u.i.k.p.i.AbstractProblemLoader Creating init config 
35517      DEBUG main            d.u.i.k.p.i.AbstractProblemLoader Init config took 2.96s 
35538      INFO  main            d.u.i.k.p.i.AbstractProblemLoader Replaying proof deriveLength1.key 
35540      DEBUG main            d.u.i.k.p.i.IntermediateProofReplayer Proof replay took 7.6ns 
35643      INFO  main            d.u.i.k.p.r.p.TestFile    ... finished proof: closed. 
35813      INFO  main            d.u.i.k.p.i.AbstractProblemLoader Loading environment from /home/runner/work/key/key/key.core/../key.ui/examples/standard_key/strings/deriveLength1.key.proof 
35814      DEBUG main            d.u.i.k.p.i.AbstractProblemLoader Environment load took 1.08ms 
35816      INFO  main            d.u.i.k.p.i.AbstractProblemLoader Creating init config 
38717      DEBUG main            d.u.i.k.p.i.AbstractProblemLoader Init config took 2.9s 
38738      INFO  main            d.u.i.k.p.i.AbstractProblemLoader Replaying proof deriveLength1.key.proof 
38752      DEBUG main            d.u.i.k.p.i.IntermediateProofReplayer Proof replay took 11.44ms 
38752      DEBUG main            d.u.i.k.p.r.p.TestFile    ... success: reloaded. 
38753      INFO  main            d.u.i.k.p.r.p.TestFile    Now processing file /home/runner/work/key/key/key.core/../key.ui/examples/standard_key/strings/emptyStringLengthZero.key 
38754      INFO  main            d.u.i.k.p.i.AbstractProblemLoader Loading environment from /home/runner/work/key/key/key.core/../key.ui/examples/standard_key/strings/emptyStringLengthZero.key 
38754      DEBUG main            d.u.i.k.p.i.AbstractProblemLoader Environment load took 254.51ns 
38755      INFO  main            d.u.i.k.p.i.AbstractProblemLoader Creating init config 
41639      DEBUG main            d.u.i.k.p.i.AbstractProblemLoader Init config took 2.88s 
41665      INFO  main            d.u.i.k.p.i.AbstractProblemLoader Replaying proof emptyStringLengthZero.key 
41666      DEBUG main            d.u.i.k.p.i.IntermediateProofReplayer Proof replay took 7ns 
41773      INFO  main            d.u.i.k.p.r.p.TestFile    ... finished proof: closed. 
41945      INFO  main            d.u.i.k.p.i.AbstractProblemLoader Loading environment from /home/runner/work/key/key/key.core/../key.ui/examples/standard_key/strings/emptyStringLengthZero.key.proof 
41946      DEBUG main            d.u.i.k.p.i.AbstractProblemLoader Environment load took 410.11ns 
41947      INFO  main            d.u.i.k.p.i.AbstractProblemLoader Creating init config 
44782      DEBUG main            d.u.i.k.p.i.AbstractProblemLoader Init config took 2.84s 
44800      INFO  main            d.u.i.k.p.i.AbstractProblemLoader Replaying proof emptyStringLengthZero.key.proof 
44809      DEBUG main            d.u.i.k.p.i.IntermediateProofReplayer Proof replay took 7.21ms 
44811      DEBUG main            d.u.i.k.p.r.p.TestFile    ... success: reloaded. 
44811      INFO  main            d.u.i.k.p.r.p.TestFile    Now processing file /home/runner/work/key/key/key.core/../key.ui/examples/standard_key/strings/implicitBooleanStringConversion.key 
44812      INFO  main            d.u.i.k.p.i.AbstractProblemLoader Loading environment from /home/runner/work/key/key/key.core/../key.ui/examples/standard_key/strings/implicitBooleanStringConversion.key 
44812      DEBUG main            d.u.i.k.p.i.AbstractProblemLoader Environment load took 229.31ns 
44813      INFO  main            d.u.i.k.p.i.AbstractProblemLoader Creating init config 
47699      DEBUG main            d.u.i.k.p.i.AbstractProblemLoader Init config took 2.89s 
47720      INFO  main            d.u.i.k.p.i.AbstractProblemLoader Replaying proof implicitBooleanStringConversion.key 
47722      DEBUG main            d.u.i.k.p.i.IntermediateProofReplayer Proof replay took 6.2ns 
48737      INFO  main            d.u.i.k.p.r.p.TestFile    ... finished proof: closed. 
49014      INFO  main            d.u.i.k.p.i.AbstractProblemLoader Loading environment from /home/runner/work/key/key/key.core/../key.ui/examples/standard_key/strings/implicitBooleanStringConversion.key.proof 
49014      DEBUG main            d.u.i.k.p.i.AbstractProblemLoader Environment load took 406.91ns 
49016      INFO  main            d.u.i.k.p.i.AbstractProblemLoader Creating init config 
51822      DEBUG main            d.u.i.k.p.i.AbstractProblemLoader Init config took 2.81s 
51842      INFO  main            d.u.i.k.p.i.AbstractProblemLoader Replaying proof implicitBooleanStringConversion.key.proof 
51964      DEBUG main            d.u.i.k.p.i.IntermediateProofReplayer Proof replay took 115.94ms 
51966      DEBUG main            d.u.i.k.p.r.p.TestFile    ... success: reloaded. 
51966      INFO  main            d.u.i.k.p.r.p.TestFile    Now processing file /home/runner/work/key/key/key.core/../key.ui/examples/standard_key/strings/implicitBooleanStringConversion2.key 
51967      INFO  main            d.u.i.k.p.i.AbstractProblemLoader Loading environment from /home/runner/work/key/key/key.core/../key.ui/examples/standard_key/strings/implicitBooleanStringConversion2.key 
51967      DEBUG main            d.u.i.k.p.i.AbstractProblemLoader Environment load took 572.02ns 
51969      INFO  main            d.u.i.k.p.i.AbstractProblemLoader Creating init config 
54760      DEBUG main            d.u.i.k.p.i.AbstractProblemLoader Init config took 2.79s 
54778      INFO  main            d.u.i.k.p.i.AbstractProblemLoader Replaying proof implicitBooleanStringConversion2.key 
54780      DEBUG main            d.u.i.k.p.i.IntermediateProofReplayer Proof replay took 6.3ns 
55184      INFO  main            d.u.i.k.p.r.p.TestFile    ... finished proof: closed. 
55412      INFO  main            d.u.i.k.p.i.AbstractProblemLoader Loading environment from /home/runner/work/key/key/key.core/../key.ui/examples/standard_key/strings/implicitBooleanStringConversion2.key.proof 
55413      DEBUG main            d.u.i.k.p.i.AbstractProblemLoader Environment load took 1.04ms 
55415      INFO  main            d.u.i.k.p.i.AbstractProblemLoader Creating init config 
58098      DEBUG main            d.u.i.k.p.i.AbstractProblemLoader Init config took 2.68s 
58115      INFO  main            d.u.i.k.p.i.AbstractProblemLoader Replaying proof implicitBooleanStringConversion2.key.proof 
58162      DEBUG main            d.u.i.k.p.i.IntermediateProofReplayer Proof replay took 43.92ms 
58163      DEBUG main            d.u.i.k.p.r.p.TestFile    ... success: reloaded. 
58164      INFO  main            d.u.i.k.p.r.p.TestFile    Now processing file /home/runner/work/key/key/key.core/../key.ui/examples/standard_key/strings/implicitIntStringConversion.key 
58164      INFO  main            d.u.i.k.p.i.AbstractProblemLoader Loading environment from /home/runner/work/key/key/key.core/../key.ui/examples/standard_key/strings/implicitIntStringConversion.key 
58164      DEBUG main            d.u.i.k.p.i.AbstractProblemLoader Environment load took 189.41ns 
58165      INFO  main            d.u.i.k.p.i.AbstractProblemLoader Creating init config 
60909      DEBUG main            d.u.i.k.p.i.AbstractProblemLoader Init config took 2.74s 
60939      INFO  main            d.u.i.k.p.i.AbstractProblemLoader Replaying proof implicitIntStringConversion.key 
60942      DEBUG main            d.u.i.k.p.i.IntermediateProofReplayer Proof replay took 7.4ns 
61759      INFO  main            d.u.i.k.p.r.p.TestFile    ... finished proof: closed. 
62038      INFO  main            d.u.i.k.p.i.AbstractProblemLoader Loading environment from /home/runner/work/key/key/key.core/../key.ui/examples/standard_key/strings/implicitIntStringConversion.key.proof 
62038      DEBUG main            d.u.i.k.p.i.AbstractProblemLoader Environment load took 149.91ns 
62042      INFO  main            d.u.i.k.p.i.AbstractProblemLoader Creating init config 
64759      DEBUG main            d.u.i.k.p.i.AbstractProblemLoader Init config took 2.72s 
64778      INFO  main            d.u.i.k.p.i.AbstractProblemLoader Replaying proof implicitIntStringConversion.key.proof 
64882      DEBUG main            d.u.i.k.p.i.IntermediateProofReplayer Proof replay took 98.11ms 
64884      DEBUG main            d.u.i.k.p.r.p.TestFile    ... success: reloaded. 
64884      INFO  main            d.u.i.k.p.r.p.TestFile    Now processing file /home/runner/work/key/key/key.core/../key.ui/examples/standard_key/strings/implicitNullStringConversion.key 
64885      INFO  main            d.u.i.k.p.i.AbstractProblemLoader Loading environment from /home/runner/work/key/key/key.core/../key.ui/examples/standard_key/strings/implicitNullStringConversion.key 
64885      DEBUG main            d.u.i.k.p.i.AbstractProblemLoader Environment load took 190.81ns 
64886      INFO  main            d.u.i.k.p.i.AbstractProblemLoader Creating init config 
67581      DEBUG main            d.u.i.k.p.i.AbstractProblemLoader Init config took 2.7s 
67604      INFO  main            d.u.i.k.p.i.AbstractProblemLoader Replaying proof implicitNullStringConversion.key 
67606      DEBUG main            d.u.i.k.p.i.IntermediateProofReplayer Proof replay took 8.5ns 
67913      INFO  main            d.u.i.k.p.r.p.TestFile    ... finished proof: closed. 
68152      INFO  main            d.u.i.k.p.i.AbstractProblemLoader Loading environment from /home/runner/work/key/key/key.core/../key.ui/examples/standard_key/strings/implicitNullStringConversion.key.proof 
68153      DEBUG main            d.u.i.k.p.i.AbstractProblemLoader Environment load took 605.02ns 
68155      INFO  main            d.u.i.k.p.i.AbstractProblemLoader Creating init config 
71001      DEBUG main            d.u.i.k.p.i.AbstractProblemLoader Init config took 2.85s 
71023      INFO  main            d.u.i.k.p.i.AbstractProblemLoader Replaying proof implicitNullStringConversion.key.proof 
71081      DEBUG main            d.u.i.k.p.i.IntermediateProofReplayer Proof replay took 51.92ms 
71082      DEBUG main            d.u.i.k.p.r.p.TestFile    ... success: reloaded. 
71083      INFO  main            d.u.i.k.p.r.p.TestFile    Now processing file /home/runner/work/key/key/key.core/../key.ui/examples/standard_key/strings/implicitNullStringConversion2.key 
71083      INFO  main            d.u.i.k.p.i.AbstractProblemLoader Loading environment from /home/runner/work/key/key/key.core/../key.ui/examples/standard_key/strings/implicitNullStringConversion2.key 
71083      DEBUG main            d.u.i.k.p.i.AbstractProblemLoader Environment load took 181.01ns 
71084      INFO  main            d.u.i.k.p.i.AbstractProblemLoader Creating init config 
73741      DEBUG main            d.u.i.k.p.i.AbstractProblemLoader Init config took 2.66s 
73757      INFO  main            d.u.i.k.p.i.AbstractProblemLoader Replaying proof implicitNullStringConversion2.key 
73758      DEBUG main            d.u.i.k.p.i.IntermediateProofReplayer Proof replay took 7ns 
73961      INFO  main            d.u.i.k.p.r.p.TestFile    ... finished proof: closed. 
74274      INFO  main            d.u.i.k.p.i.AbstractProblemLoader Loading environment from /home/runner/work/key/key/key.core/../key.ui/examples/standard_key/strings/implicitNullStringConversion2.key.proof 
74274      DEBUG main            d.u.i.k.p.i.AbstractProblemLoader Environment load took 121.9ns 
74275      INFO  main            d.u.i.k.p.i.AbstractProblemLoader Creating init config 
76927      DEBUG main            d.u.i.k.p.i.AbstractProblemLoader Init config took 2.65s 
76944      INFO  main            d.u.i.k.p.i.AbstractProblemLoader Replaying proof implicitNullStringConversion2.key.proof 
76980      DEBUG main            d.u.i.k.p.i.IntermediateProofReplayer Proof replay took 32.31ms 
76981      DEBUG main            d.u.i.k.p.r.p.TestFile    ... success: reloaded. 
76982      INFO  main            d.u.i.k.p.r.p.TestFile    Now processing file /home/runner/work/key/key/key.core/../key.ui/examples/standard_key/strings/implicitObjectStringConversion.key 
76982      INFO  main            d.u.i.k.p.i.AbstractProblemLoader Loading environment from /home/runner/work/key/key/key.core/../key.ui/examples/standard_key/strings/implicitObjectStringConversion.key 
76983      DEBUG main            d.u.i.k.p.i.AbstractProblemLoader Environment load took 266.51ns 
76984      INFO  main            d.u.i.k.p.i.AbstractProblemLoader Creating init config 
80085      DEBUG main            d.u.i.k.p.i.AbstractProblemLoader Init config took 3.1s 
80104      INFO  main            d.u.i.k.p.i.AbstractProblemLoader Replaying proof implicitObjectStringConversion.key 
80106      DEBUG main            d.u.i.k.p.i.IntermediateProofReplayer Proof replay took 7.6ns 
80617      INFO  main            d.u.i.k.p.r.p.TestFile    ... finished proof: closed. 
80860      INFO  main            d.u.i.k.p.i.AbstractProblemLoader Loading environment from /home/runner/work/key/key/key.core/../key.ui/examples/standard_key/strings/implicitObjectStringConversion.key.proof 
80860      DEBUG main            d.u.i.k.p.i.AbstractProblemLoader Environment load took 371.21ns 
80862      INFO  main            d.u.i.k.p.i.AbstractProblemLoader Creating init config 
83850      DEBUG main            d.u.i.k.p.i.AbstractProblemLoader Init config took 2.99s 
83869      INFO  main            d.u.i.k.p.i.AbstractProblemLoader Replaying proof implicitObjectStringConversion.key.proof 
83942      DEBUG main            d.u.i.k.p.i.IntermediateProofReplayer Proof replay took 69.7ms 
83943      DEBUG main            d.u.i.k.p.r.p.TestFile    ... success: reloaded. 
83944      INFO  main            d.u.i.k.p.r.p.TestFile    Now processing file /home/runner/work/key/key/key.core/../key.ui/examples/standard_key/strings/literalEquality.key 
83944      INFO  main            d.u.i.k.p.i.AbstractProblemLoader Loading environment from /home/runner/work/key/key/key.core/../key.ui/examples/standard_key/strings/literalEquality.key 
83945      DEBUG main            d.u.i.k.p.i.AbstractProblemLoader Environment load took 108.5ns 
83945      INFO  main            d.u.i.k.p.i.AbstractProblemLoader Creating init config 
86734      DEBUG main            d.u.i.k.p.i.AbstractProblemLoader Init config took 2.79s 
86750      INFO  main            d.u.i.k.p.i.AbstractProblemLoader Replaying proof literalEquality.key 
86752      DEBUG main            d.u.i.k.p.i.IntermediateProofReplayer Proof replay took 7.6ns 
86854      INFO  main            d.u.i.k.p.r.p.TestFile    ... finished proof: closed. 
87100      INFO  main            d.u.i.k.p.i.AbstractProblemLoader Loading environment from /home/runner/work/key/key/key.core/../key.ui/examples/standard_key/strings/literalEquality.key.proof 
87100      DEBUG main            d.u.i.k.p.i.AbstractProblemLoader Environment load took 122.6ns 
87101      INFO  main            d.u.i.k.p.i.AbstractProblemLoader Creating init config 
89826      DEBUG main            d.u.i.k.p.i.AbstractProblemLoader Init config took 2.72s 
89843      INFO  main            d.u.i.k.p.i.AbstractProblemLoader Replaying proof literalEquality.key.proof 
89853      DEBUG main            d.u.i.k.p.i.IntermediateProofReplayer Proof replay took 6.23ms 
89854      DEBUG main            d.u.i.k.p.r.p.TestFile    ... success: reloaded. 
89855      INFO  main            d.u.i.k.p.r.p.TestFile    Now processing file /home/runner/work/key/key/key.core/../key.ui/examples/standard_key/strings/replace0.key 
89855      INFO  main            d.u.i.k.p.i.AbstractProblemLoader Loading environment from /home/runner/work/key/key/key.core/../key.ui/examples/standard_key/strings/replace0.key 
89855      DEBUG main            d.u.i.k.p.i.AbstractProblemLoader Environment load took 103.8ns 
89856      INFO  main            d.u.i.k.p.i.AbstractProblemLoader Creating init config 
92604      DEBUG main            d.u.i.k.p.i.AbstractProblemLoader Init config took 2.75s 
92617      INFO  main            d.u.i.k.p.i.AbstractProblemLoader Replaying proof replace0.key 
92619      DEBUG main            d.u.i.k.p.i.IntermediateProofReplayer Proof replay took 6.8ns 
92724      INFO  main            d.u.i.k.p.r.p.TestFile    ... finished proof: closed. 
92942      INFO  main            d.u.i.k.p.i.AbstractProblemLoader Loading environment from /home/runner/work/key/key/key.core/../key.ui/examples/standard_key/strings/replace0.key.proof 
92942      DEBUG main            d.u.i.k.p.i.AbstractProblemLoader Environment load took 115.3ns 
92944      INFO  main            d.u.i.k.p.i.AbstractProblemLoader Creating init config 
95676      DEBUG main            d.u.i.k.p.i.AbstractProblemLoader Init config took 2.73s 
95695      INFO  main            d.u.i.k.p.i.AbstractProblemLoader Replaying proof replace0.key.proof 
95703      DEBUG main            d.u.i.k.p.i.IntermediateProofReplayer Proof replay took 5.64ms 
95704      DEBUG main            d.u.i.k.p.r.p.TestFile    ... success: reloaded. 
95704      INFO  main            d.u.i.k.p.r.p.TestFile    Now processing file /home/runner/work/key/key/key.core/../key.ui/examples/standard_key/strings/replace1.key 
95705      INFO  main            d.u.i.k.p.i.AbstractProblemLoader Loading environment from /home/runner/work/key/key/key.core/../key.ui/examples/standard_key/strings/replace1.key 
95705      DEBUG main            d.u.i.k.p.i.AbstractProblemLoader Environment load took 204.21ns 
95706      INFO  main            d.u.i.k.p.i.AbstractProblemLoader Creating init config 
98409      DEBUG main            d.u.i.k.p.i.AbstractProblemLoader Init config took 2.7s 
98423      INFO  main            d.u.i.k.p.i.AbstractProblemLoader Replaying proof replace1.key 
98424      DEBUG main            d.u.i.k.p.i.IntermediateProofReplayer Proof replay took 7.3ns 
98529      INFO  main            d.u.i.k.p.r.p.TestFile    ... finished proof: closed. 
98792      INFO  main            d.u.i.k.p.i.AbstractProblemLoader Loading environment from /home/runner/work/key/key/key.core/../key.ui/examples/standard_key/strings/replace1.key.proof 
98792      DEBUG main            d.u.i.k.p.i.AbstractProblemLoader Environment load took 126.8ns 
98793      INFO  main            d.u.i.k.p.i.AbstractProblemLoader Creating init config 
101458     DEBUG main            d.u.i.k.p.i.AbstractProblemLoader Init config took 2.67s 
101474     INFO  main            d.u.i.k.p.i.AbstractProblemLoader Replaying proof replace1.key.proof 
101482     DEBUG main            d.u.i.k.p.i.IntermediateProofReplayer Proof replay took 6.17ms 
101482     DEBUG main            d.u.i.k.p.r.p.TestFile    ... success: reloaded. 
101483     INFO  main            d.u.i.k.p.r.p.TestFile    Now processing file /home/runner/work/key/key/key.core/../key.ui/examples/standard_key/strings/simpleAssignment.key 
101484     INFO  main            d.u.i.k.p.i.AbstractProblemLoader Loading environment from /home/runner/work/key/key/key.core/../key.ui/examples/standard_key/strings/simpleAssignment.key 
101484     DEBUG main            d.u.i.k.p.i.AbstractProblemLoader Environment load took 118.2ns 
101485     INFO  main            d.u.i.k.p.i.AbstractProblemLoader Creating init config 
104279     DEBUG main            d.u.i.k.p.i.AbstractProblemLoader Init config took 2.79s 
104294     INFO  main            d.u.i.k.p.i.AbstractProblemLoader Replaying proof simpleAssignment.key 
104295     DEBUG main            d.u.i.k.p.i.IntermediateProofReplayer Proof replay took 6.8ns 
104400     INFO  main            d.u.i.k.p.r.p.TestFile    ... finished proof: closed. 
104635     INFO  main            d.u.i.k.p.i.AbstractProblemLoader Loading environment from /home/runner/work/key/key/key.core/../key.ui/examples/standard_key/strings/simpleAssignment.key.proof 
104635     DEBUG main            d.u.i.k.p.i.AbstractProblemLoader Environment load took 111.3ns 
104636     INFO  main            d.u.i.k.p.i.AbstractProblemLoader Creating init config 
107348     DEBUG main            d.u.i.k.p.i.AbstractProblemLoader Init config took 2.71s 
107364     INFO  main            d.u.i.k.p.i.AbstractProblemLoader Replaying proof simpleAssignment.key.proof 
107368     DEBUG main            d.u.i.k.p.i.IntermediateProofReplayer Proof replay took 1.74ms 
107368     DEBUG main            d.u.i.k.p.r.p.TestFile    ... success: reloaded. 
107369     INFO  main            d.u.i.k.p.r.p.TestFile    Now processing file /home/runner/work/key/key/key.core/../key.ui/examples/standard_key/strings/simpleLengthComp.key 
107369     INFO  main            d.u.i.k.p.i.AbstractProblemLoader Loading environment from /home/runner/work/key/key/key.core/../key.ui/examples/standard_key/strings/simpleLengthComp.key 
107370     DEBUG main            d.u.i.k.p.i.AbstractProblemLoader Environment load took 177.41ns 
107371     INFO  main            d.u.i.k.p.i.AbstractProblemLoader Creating init config 
110062     DEBUG main            d.u.i.k.p.i.AbstractProblemLoader Init config took 2.69s 
110078     INFO  main            d.u.i.k.p.i.AbstractProblemLoader Replaying proof simpleLengthComp.key 
110081     DEBUG main            d.u.i.k.p.i.IntermediateProofReplayer Proof replay took 5.9ns 
110384     INFO  main            d.u.i.k.p.r.p.TestFile    ... finished proof: closed. 
110639     INFO  main            d.u.i.k.p.i.AbstractProblemLoader Loading environment from /home/runner/work/key/key/key.core/../key.ui/examples/standard_key/strings/simpleLengthComp.key.proof 
110639     DEBUG main            d.u.i.k.p.i.AbstractProblemLoader Environment load took 180.41ns 
110640     INFO  main            d.u.i.k.p.i.AbstractProblemLoader Creating init config 
113309     DEBUG main            d.u.i.k.p.i.AbstractProblemLoader Init config took 2.67s 
113325     INFO  main            d.u.i.k.p.i.AbstractProblemLoader Replaying proof simpleLengthComp.key.proof 
113356     DEBUG main            d.u.i.k.p.i.IntermediateProofReplayer Proof replay took 28.63ms 
113357     DEBUG main            d.u.i.k.p.r.p.TestFile    ... success: reloaded. 
113358     INFO  main            d.u.i.k.p.r.p.TestFile    Now processing file /home/runner/work/key/key/key.core/../key.ui/examples/standard_key/strings/stringCompileTimeConstant1.key 
113358     INFO  main            d.u.i.k.p.i.AbstractProblemLoader Loading environment from /home/runner/work/key/key/key.core/../key.ui/examples/standard_key/strings/stringCompileTimeConstant1.key 
113358     DEBUG main            d.u.i.k.p.i.AbstractProblemLoader Environment load took 179.31ns 
113359     INFO  main            d.u.i.k.p.i.AbstractProblemLoader Creating init config 
115958     DEBUG main            d.u.i.k.p.i.AbstractProblemLoader Init config took 2.6s 
115972     INFO  main            d.u.i.k.p.i.AbstractProblemLoader Replaying proof stringCompileTimeConstant1.key 
115974     DEBUG main            d.u.i.k.p.i.IntermediateProofReplayer Proof replay took 6.6ns 
116076     INFO  main            d.u.i.k.p.r.p.TestFile    ... finished proof: closed. 
116334     INFO  main            d.u.i.k.p.i.AbstractProblemLoader Loading environment from /home/runner/work/key/key/key.core/../key.ui/examples/standard_key/strings/stringCompileTimeConstant1.key.proof 
116334     DEBUG main            d.u.i.k.p.i.AbstractProblemLoader Environment load took 103ns 
116336     INFO  main            d.u.i.k.p.i.AbstractProblemLoader Creating init config 
118913     DEBUG main            d.u.i.k.p.i.AbstractProblemLoader Init config took 2.58s 
118928     INFO  main            d.u.i.k.p.i.AbstractProblemLoader Replaying proof stringCompileTimeConstant1.key.proof 
118933     DEBUG main            d.u.i.k.p.i.IntermediateProofReplayer Proof replay took 3.59ms 
118934     DEBUG main            d.u.i.k.p.r.p.TestFile    ... success: reloaded. 
118935     INFO  main            d.u.i.k.p.r.p.TestFile    Now processing file /home/runner/work/key/key/key.core/../key.ui/examples/standard_key/strings/stringCompileTimeConstant2.key 
118935     INFO  main            d.u.i.k.p.i.AbstractProblemLoader Loading environment from /home/runner/work/key/key/key.core/../key.ui/examples/standard_key/strings/stringCompileTimeConstant2.key 
118935     DEBUG main            d.u.i.k.p.i.AbstractProblemLoader Environment load took 69.8ns 
118936     INFO  main            d.u.i.k.p.i.AbstractProblemLoader Creating init config 
121756     DEBUG main            d.u.i.k.p.i.AbstractProblemLoader Init config took 2.82s 
121771     INFO  main            d.u.i.k.p.i.AbstractProblemLoader Replaying proof stringCompileTimeConstant2.key 
121773     DEBUG main            d.u.i.k.p.i.IntermediateProofReplayer Proof replay took 6.3ns 
124953     INFO  main            d.u.i.k.p.r.p.TestFile    ... finished proof: closed. 
125233     INFO  main            d.u.i.k.p.i.AbstractProblemLoader Loading environment from /home/runner/work/key/key/key.core/../key.ui/examples/standard_key/strings/stringCompileTimeConstant2.key.proof 
125234     DEBUG main            d.u.i.k.p.i.AbstractProblemLoader Environment load took 119.3ns 
125235     INFO  main            d.u.i.k.p.i.AbstractProblemLoader Creating init config 
127946     DEBUG main            d.u.i.k.p.i.AbstractProblemLoader Init config took 2.71s 
127962     INFO  main            d.u.i.k.p.i.AbstractProblemLoader Replaying proof stringCompileTimeConstant2.key.proof 
128374     DEBUG main            d.u.i.k.p.i.IntermediateProofReplayer Proof replay took 399.65ms 
128375     DEBUG main            d.u.i.k.p.r.p.TestFile    ... success: reloaded. 
128376     INFO  main            d.u.i.k.p.r.p.TestFile    Now processing file /home/runner/work/key/key/key.core/../key.ui/examples/standard_key/strings/stringEquality1.key 
128376     INFO  main            d.u.i.k.p.i.AbstractProblemLoader Loading environment from /home/runner/work/key/key/key.core/../key.ui/examples/standard_key/strings/stringEquality1.key 
128377     DEBUG main            d.u.i.k.p.i.AbstractProblemLoader Environment load took 197.01ns 
128378     INFO  main            d.u.i.k.p.i.AbstractProblemLoader Creating init config 
131044     DEBUG main            d.u.i.k.p.i.AbstractProblemLoader Init config took 2.67s 
131058     INFO  main            d.u.i.k.p.i.AbstractProblemLoader Replaying proof stringEquality1.key 
131059     DEBUG main            d.u.i.k.p.i.IntermediateProofReplayer Proof replay took 7.1ns 
131162     INFO  main            d.u.i.k.p.r.p.TestFile    ... finished proof: closed. 
131464     INFO  main            d.u.i.k.p.i.AbstractProblemLoader Loading environment from /home/runner/work/key/key/key.core/../key.ui/examples/standard_key/strings/stringEquality1.key.proof 
131464     DEBUG main            d.u.i.k.p.i.AbstractProblemLoader Environment load took 104.9ns 
131465     INFO  main            d.u.i.k.p.i.AbstractProblemLoader Creating init config 
134003     DEBUG main            d.u.i.k.p.i.AbstractProblemLoader Init config took 2.54s 
134017     INFO  main            d.u.i.k.p.i.AbstractProblemLoader Replaying proof stringEquality1.key.proof 
134029     DEBUG main            d.u.i.k.p.i.IntermediateProofReplayer Proof replay took 9.22ms 
134030     DEBUG main            d.u.i.k.p.r.p.TestFile    ... success: reloaded. 
134030     INFO  main            d.u.i.k.p.r.p.TestFile    Now processing file /home/runner/work/key/key/key.core/../key.ui/examples/standard_key/strings/stringEquality2.key 
134031     INFO  main            d.u.i.k.p.i.AbstractProblemLoader Loading environment from /home/runner/work/key/key/key.core/../key.ui/examples/standard_key/strings/stringEquality2.key 
134031     DEBUG main            d.u.i.k.p.i.AbstractProblemLoader Environment load took 107.3ns 
134033     INFO  main            d.u.i.k.p.i.AbstractProblemLoader Creating init config 
136720     DEBUG main            d.u.i.k.p.i.AbstractProblemLoader Init config took 2.69s 
136733     INFO  main            d.u.i.k.p.i.AbstractProblemLoader Replaying proof stringEquality2.key 
136735     DEBUG main            d.u.i.k.p.i.IntermediateProofReplayer Proof replay took 7.4ns 
137239     INFO  main            d.u.i.k.p.r.p.TestFile    ... finished proof: closed. 
137586     INFO  main            d.u.i.k.p.i.AbstractProblemLoader Loading environment from /home/runner/work/key/key/key.core/../key.ui/examples/standard_key/strings/stringEquality2.key.proof 
137586     DEBUG main            d.u.i.k.p.i.AbstractProblemLoader Environment load took 506.12ns 
137588     INFO  main            d.u.i.k.p.i.AbstractProblemLoader Creating init config 
140309     DEBUG main            d.u.i.k.p.i.AbstractProblemLoader Init config took 2.72s 
140323     INFO  main            d.u.i.k.p.i.AbstractProblemLoader Replaying proof stringEquality2.key.proof 
140392     DEBUG main            d.u.i.k.p.i.IntermediateProofReplayer Proof replay took 64.01ms 
140393     DEBUG main            d.u.i.k.p.r.p.TestFile    ... success: reloaded. 
140393     INFO  main            d.u.i.k.p.r.p.TestFile    Now processing file /home/runner/work/key/key/key.core/../key.ui/examples/standard_key/strings/substring0.key 
140394     INFO  main            d.u.i.k.p.i.AbstractProblemLoader Loading environment from /home/runner/work/key/key/key.core/../key.ui/examples/standard_key/strings/substring0.key 
140394     DEBUG main            d.u.i.k.p.i.AbstractProblemLoader Environment load took 88.3ns 
140395     INFO  main            d.u.i.k.p.i.AbstractProblemLoader Creating init config 
143212     DEBUG main            d.u.i.k.p.i.AbstractProblemLoader Init config took 2.82s 
143234     INFO  main            d.u.i.k.p.i.AbstractProblemLoader Replaying proof substring0.key 
143235     DEBUG main            d.u.i.k.p.i.IntermediateProofReplayer Proof replay took 8.6ns 
143338     INFO  main            d.u.i.k.p.r.p.TestFile    ... finished proof: closed. 
143648     INFO  main            d.u.i.k.p.i.AbstractProblemLoader Loading environment from /home/runner/work/key/key/key.core/../key.ui/examples/standard_key/strings/substring0.key.proof 
143648     DEBUG main            d.u.i.k.p.i.AbstractProblemLoader Environment load took 131.8ns 
143650     INFO  main            d.u.i.k.p.i.AbstractProblemLoader Creating init config 
146364     DEBUG main            d.u.i.k.p.i.AbstractProblemLoader Init config took 2.71s 
146380     INFO  main            d.u.i.k.p.i.AbstractProblemLoader Replaying proof substring0.key.proof 
146382     DEBUG main            d.u.i.k.p.i.IntermediateProofReplayer Proof replay took 518.92ns 
146383     DEBUG main            d.u.i.k.p.r.p.TestFile    ... success: reloaded. 
146383     INFO  main            d.u.i.k.p.r.p.TestFile    Now processing file /home/runner/work/key/key/key.core/../key.ui/examples/standard_key/strings/substring1.key 
146383     INFO  main            d.u.i.k.p.i.AbstractProblemLoader Loading environment from /home/runner/work/key/key/key.core/../key.ui/examples/standard_key/strings/substring1.key 
146384     DEBUG main            d.u.i.k.p.i.AbstractProblemLoader Environment load took 103.1ns 
146385     INFO  main            d.u.i.k.p.i.AbstractProblemLoader Creating init config 
149172     DEBUG main            d.u.i.k.p.i.AbstractProblemLoader Init config took 2.79s 
149186     INFO  main            d.u.i.k.p.i.AbstractProblemLoader Replaying proof substring1.key 
149188     DEBUG main            d.u.i.k.p.i.IntermediateProofReplayer Proof replay took 7.9ns 
149290     INFO  main            d.u.i.k.p.r.p.TestFile    ... finished proof: closed. 
149574     INFO  main            d.u.i.k.p.i.AbstractProblemLoader Loading environment from /home/runner/work/key/key/key.core/../key.ui/examples/standard_key/strings/substring1.key.proof 
149574     DEBUG main            d.u.i.k.p.i.AbstractProblemLoader Environment load took 110ns 
149575     INFO  main            d.u.i.k.p.i.AbstractProblemLoader Creating init config 
152291     DEBUG main            d.u.i.k.p.i.AbstractProblemLoader Init config took 2.72s 
152305     INFO  main            d.u.i.k.p.i.AbstractProblemLoader Replaying proof substring1.key.proof 
152307     DEBUG main            d.u.i.k.p.i.IntermediateProofReplayer Proof replay took 519.22ns 
152308     DEBUG main            d.u.i.k.p.r.p.TestFile    ... success: reloaded. 
152309     INFO  main            d.u.i.k.p.r.p.TestFile    Now processing file /home/runner/work/key/key/key.core/../key.ui/examples/standard_key/strings/substring2.key 
152309     INFO  main            d.u.i.k.p.i.AbstractProblemLoader Loading environment from /home/runner/work/key/key/key.core/../key.ui/examples/standard_key/strings/substring2.key 
152309     DEBUG main            d.u.i.k.p.i.AbstractProblemLoader Environment load took 108.3ns 
152310     INFO  main            d.u.i.k.p.i.AbstractProblemLoader Creating init config 
155057     DEBUG main            d.u.i.k.p.i.AbstractProblemLoader Init config took 2.75s 
155070     INFO  main            d.u.i.k.p.i.AbstractProblemLoader Replaying proof substring2.key 
155071     DEBUG main            d.u.i.k.p.i.IntermediateProofReplayer Proof replay took 7.7ns 
155173     INFO  main            d.u.i.k.p.r.p.TestFile    ... finished proof: closed. 
155474     INFO  main            d.u.i.k.p.i.AbstractProblemLoader Loading environment from /home/runner/work/key/key/key.core/../key.ui/examples/standard_key/strings/substring2.key.proof 
155474     DEBUG main            d.u.i.k.p.i.AbstractProblemLoader Environment load took 116.7ns 
155476     INFO  main            d.u.i.k.p.i.AbstractProblemLoader Creating init config 
158135     DEBUG main            d.u.i.k.p.i.AbstractProblemLoader Init config took 2.66s 
158149     INFO  main            d.u.i.k.p.i.AbstractProblemLoader Replaying proof substring2.key.proof 
158154     DEBUG main            d.u.i.k.p.i.IntermediateProofReplayer Proof replay took 1.21ms 
158155     DEBUG main            d.u.i.k.p.r.p.TestFile    ... success: reloaded. 
158157     INFO  main            d.u.i.k.p.r.p.TestFile    Now processing file /home/runner/work/key/key/key.core/../key.ui/examples/standard_key/strings/substring3.key 
158157     INFO  main            d.u.i.k.p.i.AbstractProblemLoader Loading environment from /home/runner/work/key/key/key.core/../key.ui/examples/standard_key/strings/substring3.key 
158157     DEBUG main            d.u.i.k.p.i.AbstractProblemLoader Environment load took 110.4ns 
158158     INFO  main            d.u.i.k.p.i.AbstractProblemLoader Creating init config 
160829     DEBUG main            d.u.i.k.p.i.AbstractProblemLoader Init config took 2.67s 
160842     INFO  main            d.u.i.k.p.i.AbstractProblemLoader Replaying proof substring3.key 
160843     DEBUG main            d.u.i.k.p.i.IntermediateProofReplayer Proof replay took 7.1ns 
160947     INFO  main            d.u.i.k.p.r.p.TestFile    ... finished proof: closed. 
161238     INFO  main            d.u.i.k.p.i.AbstractProblemLoader Loading environment from /home/runner/work/key/key/key.core/../key.ui/examples/standard_key/strings/substring3.key.proof 
161238     DEBUG main            d.u.i.k.p.i.AbstractProblemLoader Environment load took 110.2ns 
161239     INFO  main            d.u.i.k.p.i.AbstractProblemLoader Creating init config 
163794     DEBUG main            d.u.i.k.p.i.AbstractProblemLoader Init config took 2.55s 
163807     INFO  main            d.u.i.k.p.i.AbstractProblemLoader Replaying proof substring3.key.proof 
163812     DEBUG main            d.u.i.k.p.i.IntermediateProofReplayer Proof replay took 2.96ms 
163813     DEBUG main            d.u.i.k.p.r.p.TestFile    ... success: reloaded. 
163813     INFO  main            d.u.i.k.p.r.p.TestFile    Now processing file /home/runner/work/key/key/key.core/../key.ui/examples/standard_key/strings/substring4.key 
163813     INFO  main            d.u.i.k.p.i.AbstractProblemLoader Loading environment from /home/runner/work/key/key/key.core/../key.ui/examples/standard_key/strings/substring4.key 
163814     DEBUG main            d.u.i.k.p.i.AbstractProblemLoader Environment load took 230.91ns 
163815     INFO  main            d.u.i.k.p.i.AbstractProblemLoader Creating init config 
166544     DEBUG main            d.u.i.k.p.i.AbstractProblemLoader Init config took 2.73s 
166557     INFO  main            d.u.i.k.p.i.AbstractProblemLoader Replaying proof substring4.key 
166558     DEBUG main            d.u.i.k.p.i.IntermediateProofReplayer Proof replay took 6.8ns 
166660     INFO  main            d.u.i.k.p.r.p.TestFile    ... finished proof: closed. 
166972     INFO  main            d.u.i.k.p.i.AbstractProblemLoader Loading environment from /home/runner/work/key/key/key.core/../key.ui/examples/standard_key/strings/substring4.key.proof 
166972     DEBUG main            d.u.i.k.p.i.AbstractProblemLoader Environment load took 115.8ns 
166973     INFO  main            d.u.i.k.p.i.AbstractProblemLoader Creating init config 
169516     DEBUG main            d.u.i.k.p.i.AbstractProblemLoader Init config took 2.54s 
169531     INFO  main            d.u.i.k.p.i.AbstractProblemLoader Replaying proof substring4.key.proof 
169538     DEBUG main            d.u.i.k.p.i.IntermediateProofReplayer Proof replay took 4.96ms 
169539     DEBUG main            d.u.i.k.p.r.p.TestFile    ... success: reloaded. 
169539     INFO  main            d.u.i.k.p.r.p.TestFile    Now processing file /home/runner/work/key/key/key.core/../key.ui/examples/standard_key/strings/substring5.key 
169540     INFO  main            d.u.i.k.p.i.AbstractProblemLoader Loading environment from /home/runner/work/key/key/key.core/../key.ui/examples/standard_key/strings/substring5.key 
169540     DEBUG main            d.u.i.k.p.i.AbstractProblemLoader Environment load took 180.21ns 
169541     INFO  main            d.u.i.k.p.i.AbstractProblemLoader Creating init config 
172115     DEBUG main            d.u.i.k.p.i.AbstractProblemLoader Init config took 2.57s 
172130     INFO  main            d.u.i.k.p.i.AbstractProblemLoader Replaying proof substring5.key 
172131     DEBUG main            d.u.i.k.p.i.IntermediateProofReplayer Proof replay took 20.3ns 
172433     INFO  main            d.u.i.k.p.r.p.TestFile    ... finished proof: closed. 
172749     INFO  main            d.u.i.k.p.i.AbstractProblemLoader Loading environment from /home/runner/work/key/key/key.core/../key.ui/examples/standard_key/strings/substring5.key.proof 
172749     DEBUG main            d.u.i.k.p.i.AbstractProblemLoader Environment load took 104.4ns 
172750     INFO  main            d.u.i.k.p.i.AbstractProblemLoader Creating init config 
175275     DEBUG main            d.u.i.k.p.i.AbstractProblemLoader Init config took 2.52s 
175288     INFO  main            d.u.i.k.p.i.AbstractProblemLoader Replaying proof substring5.key.proof 
175327     DEBUG main            d.u.i.k.p.i.IntermediateProofReplayer Proof replay took 34.83ms 
175328     DEBUG main            d.u.i.k.p.r.p.TestFile    ... success: reloaded. 
4554408    INFO  Test worker     d.u.i.k.p.r.RunAllProofsTestUnit Returning from test strings 
4554410    INFO  Test worker     d.u.i.k.p.r.RunAllProofsTestUnit Running test simple_info_flow 
381        INFO  Timeout watchdog d.u.i.k.p.r.p.ForkedTestFileRunner Timeout watcher launched (2000 secs.) 
396        WARN  main            d.u.i.k.s.ProofSettings   The settings in /home/runner/.key/proof-settings.props are *not* read. 
427        INFO  main            d.u.i.k.p.r.p.TestFile    Now processing file /home/runner/work/key/key/key.core/../key.ui/examples/heap/information_flow/UpdateAbstraction_ex7_1_insecure.key 
549        INFO  main            d.u.i.k.p.i.AbstractProblemLoader Loading environment from /home/runner/work/key/key/key.core/../key.ui/examples/heap/information_flow/UpdateAbstraction_ex7_1_insecure.key 
573        DEBUG main            d.u.i.k.p.i.AbstractProblemLoader Environment load took 2.19ms 
826        INFO  main            d.u.i.k.p.i.AbstractProblemLoader Creating init config 
1985       DEBUG main            d.u.i.k.j.TypeConverter   No LDT found for Meta 
1986       DEBUG main            d.u.i.k.j.TypeConverter   No LDT found for Meta 
1990       DEBUG main            d.u.i.k.j.TypeConverter   No LDT found for Meta 
1990       DEBUG main            d.u.i.k.j.TypeConverter   No LDT found for Meta 
3606       DEBUG main            d.u.i.k.j.TypeConverter   No LDT found for JavaBigintExpression 
9455       DEBUG main            d.u.i.k.p.i.AbstractProblemLoader Init config took 8.63s 
9675       INFO  main            d.u.i.k.p.i.AbstractProblemLoader Replaying proof UpdateAbstraction[UpdateAbstraction::ex7_1_insecure()].JML operation contract.0 
9768       DEBUG main            d.u.i.k.p.i.IntermediateProofReplayer Proof replay took 43.7ns 
10520      INFO  main            d.u.i.k.p.r.p.TestFile    ... finished proof: open goal(s) 
10653      INFO  main            d.u.i.k.p.r.p.TestFile    Now processing file /home/runner/work/key/key/key.core/../key.ui/examples/heap/information_flow/UpdateAbstraction_ex7_2_insecure.key 
10654      INFO  main            d.u.i.k.p.i.AbstractProblemLoader Loading environment from /home/runner/work/key/key/key.core/../key.ui/examples/heap/information_flow/UpdateAbstraction_ex7_2_insecure.key 
10654      DEBUG main            d.u.i.k.p.i.AbstractProblemLoader Environment load took 104.6ns 
10660      INFO  main            d.u.i.k.p.i.AbstractProblemLoader Creating init config 
14159      DEBUG main            d.u.i.k.p.i.AbstractProblemLoader Init config took 3.5s 
14249      INFO  main            d.u.i.k.p.i.AbstractProblemLoader Replaying proof UpdateAbstraction[UpdateAbstraction::ex7_2_insecure()].JML operation contract.0 
14252      DEBUG main            d.u.i.k.p.i.IntermediateProofReplayer Proof replay took 6.4ns 
14760      INFO  main            d.u.i.k.p.r.p.TestFile    ... finished proof: open goal(s) 
4569530    INFO  Test worker     d.u.i.k.p.r.RunAllProofsTestUnit Returning from test simple_info_flow 
4569531    INFO  Test worker     d.u.i.k.p.r.RunAllProofsTestUnit Running test modelMethods 
427        INFO  Timeout watchdog d.u.i.k.p.r.p.ForkedTestFileRunner Timeout watcher launched (2000 secs.) 
438        WARN  main            d.u.i.k.s.ProofSettings   The settings in /home/runner/.key/proof-settings.props are *not* read. 
467        INFO  main            d.u.i.k.p.r.p.TestFile    Now processing file /home/runner/work/key/key/key.core/../key.ui/examples/heap/model_methods/Cell_footprint_acc.key 
606        INFO  main            d.u.i.k.p.i.AbstractProblemLoader Loading environment from /home/runner/work/key/key/key.core/../key.ui/examples/heap/model_methods/Cell_footprint_acc.key 
627        DEBUG main            d.u.i.k.p.i.AbstractProblemLoader Environment load took 2.44ms 
911        INFO  main            d.u.i.k.p.i.AbstractProblemLoader Creating init config 
2101       DEBUG main            d.u.i.k.j.TypeConverter   No LDT found for Meta 
2102       DEBUG main            d.u.i.k.j.TypeConverter   No LDT found for Meta 
2103       DEBUG main            d.u.i.k.j.TypeConverter   No LDT found for Meta 
2103       DEBUG main            d.u.i.k.j.TypeConverter   No LDT found for Meta 
3730       DEBUG main            d.u.i.k.j.TypeConverter   No LDT found for JavaBigintExpression 
9920       DEBUG main            d.u.i.k.p.i.AbstractProblemLoader Init config took 9.01s 
10142      INFO  main            d.u.i.k.p.i.AbstractProblemLoader Replaying proof Cell[Cell::footprint()].JML accessible clause.0 
10188      DEBUG main            d.u.i.k.p.i.IntermediateProofReplayer Proof replay took 39.2ns 
10744      INFO  main            d.u.i.k.p.r.p.TestFile    ... finished proof: closed. 
10871      INFO  main            d.u.i.k.p.i.AbstractProblemLoader Loading environment from /home/runner/work/key/key/key.core/../key.ui/examples/heap/model_methods/Cell_footprint_acc.key.proof 
10872      DEBUG main            d.u.i.k.p.i.AbstractProblemLoader Environment load took 160.31ns 
10876      INFO  main            d.u.i.k.p.i.AbstractProblemLoader Creating init config 
14328      DEBUG main            d.u.i.k.p.i.AbstractProblemLoader Init config took 3.45s 
14439      INFO  main            d.u.i.k.p.i.AbstractProblemLoader Replaying proof Cell[Cell::footprint()].JML accessible clause.0 
14485      DEBUG main            d.u.i.k.p.i.IntermediateProofReplayer Proof replay took 40.44ms 
14492      DEBUG main            d.u.i.k.p.r.p.TestFile    ... success: reloaded. 
14494      INFO  main            d.u.i.k.p.r.p.TestFile    Now processing file /home/runner/work/key/key/key.core/../key.ui/examples/heap/model_methods/Cell_footprint.key 
14494      INFO  main            d.u.i.k.p.i.AbstractProblemLoader Loading environment from /home/runner/work/key/key/key.core/../key.ui/examples/heap/model_methods/Cell_footprint.key 
14494      DEBUG main            d.u.i.k.p.i.AbstractProblemLoader Environment load took 197.81ns 
14496      INFO  main            d.u.i.k.p.i.AbstractProblemLoader Creating init config 
17675      DEBUG main            d.u.i.k.p.i.AbstractProblemLoader Init config took 3.18s 
17749      INFO  main            d.u.i.k.p.i.AbstractProblemLoader Replaying proof Cell[Cell::footprint()].JML model_behavior operation contract.0 
17752      DEBUG main            d.u.i.k.p.i.IntermediateProofReplayer Proof replay took 5.9ns 
17854      INFO  main            d.u.i.k.p.r.p.TestFile    ... finished proof: closed. 
18013      INFO  main            d.u.i.k.p.i.AbstractProblemLoader Loading environment from /home/runner/work/key/key/key.core/../key.ui/examples/heap/model_methods/Cell_footprint.key.proof 
18013      DEBUG main            d.u.i.k.p.i.AbstractProblemLoader Environment load took 137.6ns 
18015      INFO  main            d.u.i.k.p.i.AbstractProblemLoader Creating init config 
21071      DEBUG main            d.u.i.k.p.i.AbstractProblemLoader Init config took 3.06s 
21141      INFO  main            d.u.i.k.p.i.AbstractProblemLoader Replaying proof Cell[Cell::footprint()].JML model_behavior operation contract.0 
21158      DEBUG main            d.u.i.k.p.i.IntermediateProofReplayer Proof replay took 12.04ms 
21159      DEBUG main            d.u.i.k.p.r.p.TestFile    ... success: reloaded. 
21161      INFO  main            d.u.i.k.p.r.p.TestFile    Now processing file /home/runner/work/key/key/key.core/../key.ui/examples/heap/model_methods/Cell_get_acc.key 
21162      INFO  main            d.u.i.k.p.i.AbstractProblemLoader Loading environment from /home/runner/work/key/key/key.core/../key.ui/examples/heap/model_methods/Cell_get_acc.key 
21162      DEBUG main            d.u.i.k.p.i.AbstractProblemLoader Environment load took 223.41ns 
21166      INFO  main            d.u.i.k.p.i.AbstractProblemLoader Creating init config 
24318      DEBUG main            d.u.i.k.p.i.AbstractProblemLoader Init config took 3.15s 
24387      INFO  main            d.u.i.k.p.i.AbstractProblemLoader Replaying proof Cell[Cell::get()].JML accessible clause.0 
24392      DEBUG main            d.u.i.k.p.i.IntermediateProofReplayer Proof replay took 5.9ns 
24699      INFO  main            d.u.i.k.p.r.p.TestFile    ... finished proof: closed. 
24871      INFO  main            d.u.i.k.p.i.AbstractProblemLoader Loading environment from /home/runner/work/key/key/key.core/../key.ui/examples/heap/model_methods/Cell_get_acc.key.proof 
24871      DEBUG main            d.u.i.k.p.i.AbstractProblemLoader Environment load took 159.6ns 
24873      INFO  main            d.u.i.k.p.i.AbstractProblemLoader Creating init config 
27930      DEBUG main            d.u.i.k.p.i.AbstractProblemLoader Init config took 3.06s 
27989      INFO  main            d.u.i.k.p.i.AbstractProblemLoader Replaying proof Cell[Cell::get()].JML accessible clause.0 
28030      DEBUG main            d.u.i.k.p.i.IntermediateProofReplayer Proof replay took 37.93ms 
28031      DEBUG main            d.u.i.k.p.r.p.TestFile    ... success: reloaded. 
28033      INFO  main            d.u.i.k.p.r.p.TestFile    Now processing file /home/runner/work/key/key/key.core/../key.ui/examples/heap/model_methods/Cell_get.key 
28033      INFO  main            d.u.i.k.p.i.AbstractProblemLoader Loading environment from /home/runner/work/key/key/key.core/../key.ui/examples/heap/model_methods/Cell_get.key 
28033      DEBUG main            d.u.i.k.p.i.AbstractProblemLoader Environment load took 220.61ns 
28034      INFO  main            d.u.i.k.p.i.AbstractProblemLoader Creating init config 
31107      DEBUG main            d.u.i.k.p.i.AbstractProblemLoader Init config took 3.07s 
31165      INFO  main            d.u.i.k.p.i.AbstractProblemLoader Replaying proof Cell[Cell::get()].JML operation contract.0 
31167      DEBUG main            d.u.i.k.p.i.IntermediateProofReplayer Proof replay took 5.9ns 
31269      INFO  main            d.u.i.k.p.r.p.TestFile    ... finished proof: closed. 
31435      INFO  main            d.u.i.k.p.i.AbstractProblemLoader Loading environment from /home/runner/work/key/key/key.core/../key.ui/examples/heap/model_methods/Cell_get.key.proof 
31435      DEBUG main            d.u.i.k.p.i.AbstractProblemLoader Environment load took 141.6ns 
31436      INFO  main            d.u.i.k.p.i.AbstractProblemLoader Creating init config 
34596      DEBUG main            d.u.i.k.p.i.AbstractProblemLoader Init config took 3.16s 
34663      INFO  main            d.u.i.k.p.i.AbstractProblemLoader Replaying proof Cell[Cell::get()].JML operation contract.0 
34685      DEBUG main            d.u.i.k.p.i.IntermediateProofReplayer Proof replay took 19.48ms 
34686      DEBUG main            d.u.i.k.p.r.p.TestFile    ... success: reloaded. 
34687      INFO  main            d.u.i.k.p.r.p.TestFile    Now processing file /home/runner/work/key/key/key.core/../key.ui/examples/heap/model_methods/Cell_post_set.key 
34688      INFO  main            d.u.i.k.p.i.AbstractProblemLoader Loading environment from /home/runner/work/key/key/key.core/../key.ui/examples/heap/model_methods/Cell_post_set.key 
34688      DEBUG main            d.u.i.k.p.i.AbstractProblemLoader Environment load took 129.4ns 
34689      INFO  main            d.u.i.k.p.i.AbstractProblemLoader Creating init config 
37720      DEBUG main            d.u.i.k.p.i.AbstractProblemLoader Init config took 3.03s 
37775      INFO  main            d.u.i.k.p.i.AbstractProblemLoader Replaying proof Cell[Cell::post_set(int)].JML model_behavior operation contract.0 
37777      DEBUG main            d.u.i.k.p.i.IntermediateProofReplayer Proof replay took 5.5ns 
37879      INFO  main            d.u.i.k.p.r.p.TestFile    ... finished proof: closed. 
38056      INFO  main            d.u.i.k.p.i.AbstractProblemLoader Loading environment from /home/runner/work/key/key/key.core/../key.ui/examples/heap/model_methods/Cell_post_set.key.proof 
38056      DEBUG main            d.u.i.k.p.i.AbstractProblemLoader Environment load took 130.6ns 
38057      INFO  main            d.u.i.k.p.i.AbstractProblemLoader Creating init config 
41009      DEBUG main            d.u.i.k.p.i.AbstractProblemLoader Init config took 2.95s 
41066      INFO  main            d.u.i.k.p.i.AbstractProblemLoader Replaying proof Cell[Cell::post_set(int)].JML model_behavior operation contract.0 
41074      DEBUG main            d.u.i.k.p.i.IntermediateProofReplayer Proof replay took 6.45ms 
41075      DEBUG main            d.u.i.k.p.r.p.TestFile    ... success: reloaded. 
41076      INFO  main            d.u.i.k.p.r.p.TestFile    Now processing file /home/runner/work/key/key/key.core/../key.ui/examples/heap/model_methods/Cell_set.key 
41076      INFO  main            d.u.i.k.p.i.AbstractProblemLoader Loading environment from /home/runner/work/key/key/key.core/../key.ui/examples/heap/model_methods/Cell_set.key 
41076      DEBUG main            d.u.i.k.p.i.AbstractProblemLoader Environment load took 121.2ns 
41077      INFO  main            d.u.i.k.p.i.AbstractProblemLoader Creating init config 
44049      DEBUG main            d.u.i.k.p.i.AbstractProblemLoader Init config took 2.97s 
44114      INFO  main            d.u.i.k.p.i.AbstractProblemLoader Replaying proof Cell[Cell::set(int)].JML operation contract.0 
44116      DEBUG main            d.u.i.k.p.i.IntermediateProofReplayer Proof replay took 6.9ns 
50503      INFO  main            d.u.i.k.p.r.p.TestFile    ... finished proof: closed. 
50736      INFO  main            d.u.i.k.p.i.AbstractProblemLoader Loading environment from /home/runner/work/key/key/key.core/../key.ui/examples/heap/model_methods/Cell_set.key.proof 
50736      DEBUG main            d.u.i.k.p.i.AbstractProblemLoader Environment load took 194.71ns 
50738      INFO  main            d.u.i.k.p.i.AbstractProblemLoader Creating init config 
53656      DEBUG main            d.u.i.k.p.i.AbstractProblemLoader Init config took 2.92s 
53708      INFO  main            d.u.i.k.p.i.AbstractProblemLoader Replaying proof Cell[Cell::set(int)].JML operation contract.0 
54428      DEBUG main            d.u.i.k.p.i.IntermediateProofReplayer Proof replay took 703.61ms 
54429      DEBUG main            d.u.i.k.p.r.p.TestFile    ... success: reloaded. 
54431      INFO  main            d.u.i.k.p.r.p.TestFile    Now processing file /home/runner/work/key/key/key.core/../key.ui/examples/heap/model_methods/CellTest_callSet.key 
54431      INFO  main            d.u.i.k.p.i.AbstractProblemLoader Loading environment from /home/runner/work/key/key/key.core/../key.ui/examples/heap/model_methods/CellTest_callSet.key 
54431      DEBUG main            d.u.i.k.p.i.AbstractProblemLoader Environment load took 208.91ns 
54433      INFO  main            d.u.i.k.p.i.AbstractProblemLoader Creating init config 
57387      DEBUG main            d.u.i.k.p.i.AbstractProblemLoader Init config took 2.95s 
57440      INFO  main            d.u.i.k.p.i.AbstractProblemLoader Replaying proof CellTest[CellTest::callSet(Cell,int)].JML operation contract.0 
57442      DEBUG main            d.u.i.k.p.i.IntermediateProofReplayer Proof replay took 6.5ns 
57647      INFO  main            d.u.i.k.p.r.p.TestFile    ... finished proof: closed. 
57850      INFO  main            d.u.i.k.p.i.AbstractProblemLoader Loading environment from /home/runner/work/key/key/key.core/../key.ui/examples/heap/model_methods/CellTest_callSet.key.proof 
57851      DEBUG main            d.u.i.k.p.i.AbstractProblemLoader Environment load took 131.8ns 
57852      INFO  main            d.u.i.k.p.i.AbstractProblemLoader Creating init config 
60876      DEBUG main            d.u.i.k.p.i.AbstractProblemLoader Init config took 3.02s 
60939      INFO  main            d.u.i.k.p.i.AbstractProblemLoader Replaying proof CellTest[CellTest::callSet(Cell,int)].JML operation contract.0 
60997      DEBUG main            d.u.i.k.p.i.IntermediateProofReplayer Proof replay took 55ms 
60998      DEBUG main            d.u.i.k.p.r.p.TestFile    ... success: reloaded. 
61000      INFO  main            d.u.i.k.p.r.p.TestFile    Now processing file /home/runner/work/key/key/key.core/../key.ui/examples/heap/model_methods/CellTest_test2.key 
61000      INFO  main            d.u.i.k.p.i.AbstractProblemLoader Loading environment from /home/runner/work/key/key/key.core/../key.ui/examples/heap/model_methods/CellTest_test2.key 
61000      DEBUG main            d.u.i.k.p.i.AbstractProblemLoader Environment load took 112.8ns 
61001      INFO  main            d.u.i.k.p.i.AbstractProblemLoader Creating init config 
63939      DEBUG main            d.u.i.k.p.i.AbstractProblemLoader Init config took 2.94s 
63990      INFO  main            d.u.i.k.p.i.AbstractProblemLoader Replaying proof CellTest[CellTest::test2(Cell)].JML operation contract.0 
63993      DEBUG main            d.u.i.k.p.i.IntermediateProofReplayer Proof replay took 95.9ns 
64396      INFO  main            d.u.i.k.p.r.p.TestFile    ... finished proof: closed. 
64589      INFO  main            d.u.i.k.p.i.AbstractProblemLoader Loading environment from /home/runner/work/key/key/key.core/../key.ui/examples/heap/model_methods/CellTest_test2.key.proof 
64589      DEBUG main            d.u.i.k.p.i.AbstractProblemLoader Environment load took 134.2ns 
64590      INFO  main            d.u.i.k.p.i.AbstractProblemLoader Creating init config 
67472      DEBUG main            d.u.i.k.p.i.AbstractProblemLoader Init config took 2.88s 
67518      INFO  main            d.u.i.k.p.i.AbstractProblemLoader Replaying proof CellTest[CellTest::test2(Cell)].JML operation contract.0 
67650      DEBUG main            d.u.i.k.p.i.IntermediateProofReplayer Proof replay took 127.98ms 
67652      DEBUG main            d.u.i.k.p.r.p.TestFile    ... success: reloaded. 
67653      INFO  main            d.u.i.k.p.r.p.TestFile    Now processing file /home/runner/work/key/key/key.core/../key.ui/examples/heap/model_methods/CellTest_test.key 
67653      INFO  main            d.u.i.k.p.i.AbstractProblemLoader Loading environment from /home/runner/work/key/key/key.core/../key.ui/examples/heap/model_methods/CellTest_test.key 
67653      DEBUG main            d.u.i.k.p.i.AbstractProblemLoader Environment load took 188.31ns 
67655      INFO  main            d.u.i.k.p.i.AbstractProblemLoader Creating init config 
70676      DEBUG main            d.u.i.k.p.i.AbstractProblemLoader Init config took 3.02s 
70726      INFO  main            d.u.i.k.p.i.AbstractProblemLoader Replaying proof CellTest[CellTest::test(Recell)].JML operation contract.0 
70727      DEBUG main            d.u.i.k.p.i.IntermediateProofReplayer Proof replay took 6.9ns 
73170      INFO  main            d.u.i.k.p.r.p.TestFile    ... finished proof: closed. 
73445      INFO  main            d.u.i.k.p.i.AbstractProblemLoader Loading environment from /home/runner/work/key/key/key.core/../key.ui/examples/heap/model_methods/CellTest_test.key.proof 
73446      DEBUG main            d.u.i.k.p.i.AbstractProblemLoader Environment load took 532.62ns 
73448      INFO  main            d.u.i.k.p.i.AbstractProblemLoader Creating init config 
76590      DEBUG main            d.u.i.k.p.i.AbstractProblemLoader Init config took 3.14s 
76638      INFO  main            d.u.i.k.p.i.AbstractProblemLoader Replaying proof CellTest[CellTest::test(Recell)].JML operation contract.0 
77367      DEBUG main            d.u.i.k.p.i.IntermediateProofReplayer Proof replay took 706.38ms 
77368      DEBUG main            d.u.i.k.p.r.p.TestFile    ... success: reloaded. 
77370      INFO  main            d.u.i.k.p.r.p.TestFile    Now processing file /home/runner/work/key/key/key.core/../key.ui/examples/heap/model_methods/Coll1_add.key 
77370      INFO  main            d.u.i.k.p.i.AbstractProblemLoader Loading environment from /home/runner/work/key/key/key.core/../key.ui/examples/heap/model_methods/Coll1_add.key 
77370      DEBUG main            d.u.i.k.p.i.AbstractProblemLoader Environment load took 218.21ns 
77371      INFO  main            d.u.i.k.p.i.AbstractProblemLoader Creating init config 
80313      DEBUG main            d.u.i.k.p.i.AbstractProblemLoader Init config took 2.94s 
80360      INFO  main            d.u.i.k.p.i.AbstractProblemLoader Replaying proof Coll1[Coll::add(int)].JML operation contract.0 
80362      DEBUG main            d.u.i.k.p.i.IntermediateProofReplayer Proof replay took 6.7ns 
80467      INFO  main            d.u.i.k.p.r.p.TestFile    ... finished proof: closed. 
80692      INFO  main            d.u.i.k.p.i.AbstractProblemLoader Loading environment from /home/runner/work/key/key/key.core/../key.ui/examples/heap/model_methods/Coll1_add.key.proof 
80693      DEBUG main            d.u.i.k.p.i.AbstractProblemLoader Environment load took 150.8ns 
80694      INFO  main            d.u.i.k.p.i.AbstractProblemLoader Creating init config 
83600      DEBUG main            d.u.i.k.p.i.AbstractProblemLoader Init config took 2.91s 
83645      INFO  main            d.u.i.k.p.i.AbstractProblemLoader Replaying proof Coll1[Coll::add(int)].JML operation contract.0 
83655      DEBUG main            d.u.i.k.p.i.IntermediateProofReplayer Proof replay took 7.8ms 
83656      DEBUG main            d.u.i.k.p.r.p.TestFile    ... success: reloaded. 
83657      INFO  main            d.u.i.k.p.r.p.TestFile    Now processing file /home/runner/work/key/key/key.core/../key.ui/examples/heap/model_methods/Coll1_Coll1_add_pre.key 
83658      INFO  main            d.u.i.k.p.i.AbstractProblemLoader Loading environment from /home/runner/work/key/key/key.core/../key.ui/examples/heap/model_methods/Coll1_Coll1_add_pre.key 
83658      DEBUG main            d.u.i.k.p.i.AbstractProblemLoader Environment load took 182.81ns 
83659      INFO  main            d.u.i.k.p.i.AbstractProblemLoader Creating init config 
86684      DEBUG main            d.u.i.k.p.i.AbstractProblemLoader Init config took 3.03s 
86729      INFO  main            d.u.i.k.p.i.AbstractProblemLoader Replaying proof Coll1[Coll1::add_pre(int)].JML model_behavior operation contract.0 
86731      DEBUG main            d.u.i.k.p.i.IntermediateProofReplayer Proof replay took 6.5ns 
86833      INFO  main            d.u.i.k.p.r.p.TestFile    ... finished proof: closed. 
87041      INFO  main            d.u.i.k.p.i.AbstractProblemLoader Loading environment from /home/runner/work/key/key/key.core/../key.ui/examples/heap/model_methods/Coll1_Coll1_add_pre.key.proof 
87041      DEBUG main            d.u.i.k.p.i.AbstractProblemLoader Environment load took 128.8ns 
87043      INFO  main            d.u.i.k.p.i.AbstractProblemLoader Creating init config 
89899      DEBUG main            d.u.i.k.p.i.AbstractProblemLoader Init config took 2.86s 
89955      INFO  main            d.u.i.k.p.i.AbstractProblemLoader Replaying proof Coll1[Coll1::add_pre(int)].JML model_behavior operation contract.0 
89962      DEBUG main            d.u.i.k.p.i.IntermediateProofReplayer Proof replay took 2.25ms 
89964      DEBUG main            d.u.i.k.p.r.p.TestFile    ... success: reloaded. 
89969      INFO  main            d.u.i.k.p.r.p.TestFile    Now processing file /home/runner/work/key/key/key.core/../key.ui/examples/heap/model_methods/Coll1_Coll_add_pre.key 
89969      INFO  main            d.u.i.k.p.i.AbstractProblemLoader Loading environment from /home/runner/work/key/key/key.core/../key.ui/examples/heap/model_methods/Coll1_Coll_add_pre.key 
89969      DEBUG main            d.u.i.k.p.i.AbstractProblemLoader Environment load took 140.3ns 
89970      INFO  main            d.u.i.k.p.i.AbstractProblemLoader Creating init config 
92947      DEBUG main            d.u.i.k.p.i.AbstractProblemLoader Init config took 2.98s 
92989      INFO  main            d.u.i.k.p.i.AbstractProblemLoader Replaying proof Coll1[Coll::add_pre(int)].JML model_behavior operation contract.0 
92990      DEBUG main            d.u.i.k.p.i.IntermediateProofReplayer Proof replay took 6.3ns 
93092      INFO  main            d.u.i.k.p.r.p.TestFile    ... finished proof: closed. 
93317      INFO  main            d.u.i.k.p.i.AbstractProblemLoader Loading environment from /home/runner/work/key/key/key.core/../key.ui/examples/heap/model_methods/Coll1_Coll_add_pre.key.proof 
93317      DEBUG main            d.u.i.k.p.i.AbstractProblemLoader Environment load took 127.2ns 
93318      INFO  main            d.u.i.k.p.i.AbstractProblemLoader Creating init config 
96188      DEBUG main            d.u.i.k.p.i.AbstractProblemLoader Init config took 2.87s 
96233      INFO  main            d.u.i.k.p.i.AbstractProblemLoader Replaying proof Coll1[Coll::add_pre(int)].JML model_behavior operation contract.0 
96237      DEBUG main            d.u.i.k.p.i.IntermediateProofReplayer Proof replay took 2.3ms 
96238      DEBUG main            d.u.i.k.p.r.p.TestFile    ... success: reloaded. 
96239      INFO  main            d.u.i.k.p.r.p.TestFile    Now processing file /home/runner/work/key/key/key.core/../key.ui/examples/heap/model_methods/Coll2_add.key 
96239      INFO  main            d.u.i.k.p.i.AbstractProblemLoader Loading environment from /home/runner/work/key/key/key.core/../key.ui/examples/heap/model_methods/Coll2_add.key 
96239      DEBUG main            d.u.i.k.p.i.AbstractProblemLoader Environment load took 102.4ns 
96241      INFO  main            d.u.i.k.p.i.AbstractProblemLoader Creating init config 
99457      DEBUG main            d.u.i.k.p.i.AbstractProblemLoader Init config took 3.22s 
99499      INFO  main            d.u.i.k.p.i.AbstractProblemLoader Replaying proof Coll2[Coll::add(int)].JML operation contract.0 
99500      DEBUG main            d.u.i.k.p.i.IntermediateProofReplayer Proof replay took 6ns 
99603      INFO  main            d.u.i.k.p.r.p.TestFile    ... finished proof: closed. 
99817      INFO  main            d.u.i.k.p.i.AbstractProblemLoader Loading environment from /home/runner/work/key/key/key.core/../key.ui/examples/heap/model_methods/Coll2_add.key.proof 
99818      DEBUG main            d.u.i.k.p.i.AbstractProblemLoader Environment load took 156.7ns 
99819      INFO  main            d.u.i.k.p.i.AbstractProblemLoader Creating init config 
102714     DEBUG main            d.u.i.k.p.i.AbstractProblemLoader Init config took 2.9s 
102764     INFO  main            d.u.i.k.p.i.AbstractProblemLoader Replaying proof Coll2[Coll::add(int)].JML operation contract.0 
102778     DEBUG main            d.u.i.k.p.i.IntermediateProofReplayer Proof replay took 8.05ms 
102779     DEBUG main            d.u.i.k.p.r.p.TestFile    ... success: reloaded. 
102780     INFO  main            d.u.i.k.p.r.p.TestFile    Now processing file /home/runner/work/key/key/key.core/../key.ui/examples/heap/model_methods/Coll2_Coll2_add_pre.key 
102781     INFO  main            d.u.i.k.p.i.AbstractProblemLoader Loading environment from /home/runner/work/key/key/key.core/../key.ui/examples/heap/model_methods/Coll2_Coll2_add_pre.key 
102781     DEBUG main            d.u.i.k.p.i.AbstractProblemLoader Environment load took 350.31ns 
102783     INFO  main            d.u.i.k.p.i.AbstractProblemLoader Creating init config 
105657     DEBUG main            d.u.i.k.p.i.AbstractProblemLoader Init config took 2.87s 
105702     INFO  main            d.u.i.k.p.i.AbstractProblemLoader Replaying proof Coll2[Coll2::add_pre(int)].JML model_behavior operation contract.0 
105704     DEBUG main            d.u.i.k.p.i.IntermediateProofReplayer Proof replay took 5.7ns 
105811     INFO  main            d.u.i.k.p.r.p.TestFile    ... finished proof: closed. 
106061     INFO  main            d.u.i.k.p.i.AbstractProblemLoader Loading environment from /home/runner/work/key/key/key.core/../key.ui/examples/heap/model_methods/Coll2_Coll2_add_pre.key.proof 
106062     DEBUG main            d.u.i.k.p.i.AbstractProblemLoader Environment load took 142ns 
106063     INFO  main            d.u.i.k.p.i.AbstractProblemLoader Creating init config 
108909     DEBUG main            d.u.i.k.p.i.AbstractProblemLoader Init config took 2.85s 
108955     INFO  main            d.u.i.k.p.i.AbstractProblemLoader Replaying proof Coll2[Coll2::add_pre(int)].JML model_behavior operation contract.0 
108960     DEBUG main            d.u.i.k.p.i.IntermediateProofReplayer Proof replay took 2.01ms 
108961     DEBUG main            d.u.i.k.p.r.p.TestFile    ... success: reloaded. 
108963     INFO  main            d.u.i.k.p.r.p.TestFile    Now processing file /home/runner/work/key/key/key.core/../key.ui/examples/heap/model_methods/Coll2_Coll_add_pre.key 
108963     INFO  main            d.u.i.k.p.i.AbstractProblemLoader Loading environment from /home/runner/work/key/key/key.core/../key.ui/examples/heap/model_methods/Coll2_Coll_add_pre.key 
108963     DEBUG main            d.u.i.k.p.i.AbstractProblemLoader Environment load took 122ns 
108964     INFO  main            d.u.i.k.p.i.AbstractProblemLoader Creating init config 
111869     DEBUG main            d.u.i.k.p.i.AbstractProblemLoader Init config took 2.9s 
111910     INFO  main            d.u.i.k.p.i.AbstractProblemLoader Replaying proof Coll2[Coll::add_pre(int)].JML model_behavior operation contract.0 
111911     DEBUG main            d.u.i.k.p.i.IntermediateProofReplayer Proof replay took 6.1ns 
112014     INFO  main            d.u.i.k.p.r.p.TestFile    ... finished proof: closed. 
112272     INFO  main            d.u.i.k.p.i.AbstractProblemLoader Loading environment from /home/runner/work/key/key/key.core/../key.ui/examples/heap/model_methods/Coll2_Coll_add_pre.key.proof 
112272     DEBUG main            d.u.i.k.p.i.AbstractProblemLoader Environment load took 118.8ns 
112273     INFO  main            d.u.i.k.p.i.AbstractProblemLoader Creating init config 
115090     DEBUG main            d.u.i.k.p.i.AbstractProblemLoader Init config took 2.82s 
115131     INFO  main            d.u.i.k.p.i.AbstractProblemLoader Replaying proof Coll2[Coll::add_pre(int)].JML model_behavior operation contract.0 
115135     DEBUG main            d.u.i.k.p.i.IntermediateProofReplayer Proof replay took 2.43ms 
115136     DEBUG main            d.u.i.k.p.r.p.TestFile    ... success: reloaded. 
115138     INFO  main            d.u.i.k.p.r.p.TestFile    Now processing file /home/runner/work/key/key/key.core/../key.ui/examples/heap/model_methods/Coll_add.key 
115138     INFO  main            d.u.i.k.p.i.AbstractProblemLoader Loading environment from /home/runner/work/key/key/key.core/../key.ui/examples/heap/model_methods/Coll_add.key 
115138     DEBUG main            d.u.i.k.p.i.AbstractProblemLoader Environment load took 228.51ns 
115139     INFO  main            d.u.i.k.p.i.AbstractProblemLoader Creating init config 
118134     DEBUG main            d.u.i.k.p.i.AbstractProblemLoader Init config took 2.99s 
118200     INFO  main            d.u.i.k.p.i.AbstractProblemLoader Replaying proof Coll[Coll::add(int)].JML operation contract.0 
118202     DEBUG main            d.u.i.k.p.i.IntermediateProofReplayer Proof replay took 6.1ns 
118303     INFO  main            d.u.i.k.p.r.p.TestFile    ... finished proof: closed. 
118603     INFO  main            d.u.i.k.p.i.AbstractProblemLoader Loading environment from /home/runner/work/key/key/key.core/../key.ui/examples/heap/model_methods/Coll_add.key.proof 
118603     DEBUG main            d.u.i.k.p.i.AbstractProblemLoader Environment load took 122ns 
118604     INFO  main            d.u.i.k.p.i.AbstractProblemLoader Creating init config 
121573     DEBUG main            d.u.i.k.p.i.AbstractProblemLoader Init config took 2.97s 
121624     INFO  main            d.u.i.k.p.i.AbstractProblemLoader Replaying proof Coll[Coll::add(int)].JML operation contract.0 
121629     DEBUG main            d.u.i.k.p.i.IntermediateProofReplayer Proof replay took 2.52ms 
121630     DEBUG main            d.u.i.k.p.r.p.TestFile    ... success: reloaded. 
121632     INFO  main            d.u.i.k.p.r.p.TestFile    Now processing file /home/runner/work/key/key/key.core/../key.ui/examples/heap/model_methods/Coll_add_pre.key 
121632     INFO  main            d.u.i.k.p.i.AbstractProblemLoader Loading environment from /home/runner/work/key/key/key.core/../key.ui/examples/heap/model_methods/Coll_add_pre.key 
121632     DEBUG main            d.u.i.k.p.i.AbstractProblemLoader Environment load took 116.4ns 
121637     INFO  main            d.u.i.k.p.i.AbstractProblemLoader Creating init config 
124638     DEBUG main            d.u.i.k.p.i.AbstractProblemLoader Init config took 3s 
124692     INFO  main            d.u.i.k.p.i.AbstractProblemLoader Replaying proof Coll[Coll::add_pre(int)].JML model_behavior operation contract.0 
124695     DEBUG main            d.u.i.k.p.i.IntermediateProofReplayer Proof replay took 5.9ns 
124796     INFO  main            d.u.i.k.p.r.p.TestFile    ... finished proof: closed. 
125080     INFO  main            d.u.i.k.p.i.AbstractProblemLoader Loading environment from /home/runner/work/key/key/key.core/../key.ui/examples/heap/model_methods/Coll_add_pre.key.proof 
125080     DEBUG main            d.u.i.k.p.i.AbstractProblemLoader Environment load took 239.81ns 
125081     INFO  main            d.u.i.k.p.i.AbstractProblemLoader Creating init config 
128067     DEBUG main            d.u.i.k.p.i.AbstractProblemLoader Init config took 2.99s 
128110     INFO  main            d.u.i.k.p.i.AbstractProblemLoader Replaying proof Coll[Coll::add_pre(int)].JML model_behavior operation contract.0 
128115     DEBUG main            d.u.i.k.p.i.IntermediateProofReplayer Proof replay took 3.21ms 
128116     DEBUG main            d.u.i.k.p.r.p.TestFile    ... success: reloaded. 
128117     INFO  main            d.u.i.k.p.r.p.TestFile    Now processing file /home/runner/work/key/key/key.core/../key.ui/examples/heap/model_methods/Indirect_callAdd.key 
128117     INFO  main            d.u.i.k.p.i.AbstractProblemLoader Loading environment from /home/runner/work/key/key/key.core/../key.ui/examples/heap/model_methods/Indirect_callAdd.key 
128118     DEBUG main            d.u.i.k.p.i.AbstractProblemLoader Environment load took 311.81ns 
128119     INFO  main            d.u.i.k.p.i.AbstractProblemLoader Creating init config 
131165     DEBUG main            d.u.i.k.p.i.AbstractProblemLoader Init config took 3.05s 
131210     INFO  main            d.u.i.k.p.i.AbstractProblemLoader Replaying proof Indirect[Indirect::callAdd(Coll,int)].JML operation contract.0 
131212     DEBUG main            d.u.i.k.p.i.IntermediateProofReplayer Proof replay took 6.2ns 
131314     INFO  main            d.u.i.k.p.r.p.TestFile    ... finished proof: closed. 
131597     INFO  main            d.u.i.k.p.i.AbstractProblemLoader Loading environment from /home/runner/work/key/key/key.core/../key.ui/examples/heap/model_methods/Indirect_callAdd.key.proof 
131597     DEBUG main            d.u.i.k.p.i.AbstractProblemLoader Environment load took 113.7ns 
131598     INFO  main            d.u.i.k.p.i.AbstractProblemLoader Creating init config 
134513     DEBUG main            d.u.i.k.p.i.AbstractProblemLoader Init config took 2.91s 
134556     INFO  main            d.u.i.k.p.i.AbstractProblemLoader Replaying proof Indirect[Indirect::callAdd(Coll,int)].JML operation contract.0 
134602     DEBUG main            d.u.i.k.p.i.IntermediateProofReplayer Proof replay took 43.36ms 
134603     DEBUG main            d.u.i.k.p.r.p.TestFile    ... success: reloaded. 
134604     INFO  main            d.u.i.k.p.r.p.TestFile    Now processing file /home/runner/work/key/key/key.core/../key.ui/examples/heap/model_methods/Indirect_test.key 
134605     INFO  main            d.u.i.k.p.i.AbstractProblemLoader Loading environment from /home/runner/work/key/key/key.core/../key.ui/examples/heap/model_methods/Indirect_test.key 
134605     DEBUG main            d.u.i.k.p.i.AbstractProblemLoader Environment load took 209.31ns 
134606     INFO  main            d.u.i.k.p.i.AbstractProblemLoader Creating init config 
137665     DEBUG main            d.u.i.k.p.i.AbstractProblemLoader Init config took 3.06s 
137708     INFO  main            d.u.i.k.p.i.AbstractProblemLoader Replaying proof Indirect[Indirect::test(Coll1,Coll2)].JML operation contract.0 
137710     DEBUG main            d.u.i.k.p.i.IntermediateProofReplayer Proof replay took 6.2ns 
137915     INFO  main            d.u.i.k.p.r.p.TestFile    ... finished proof: closed. 
138211     INFO  main            d.u.i.k.p.i.AbstractProblemLoader Loading environment from /home/runner/work/key/key/key.core/../key.ui/examples/heap/model_methods/Indirect_test.key.proof 
138211     DEBUG main            d.u.i.k.p.i.AbstractProblemLoader Environment load took 118ns 
138212     INFO  main            d.u.i.k.p.i.AbstractProblemLoader Creating init config 
141257     DEBUG main            d.u.i.k.p.i.AbstractProblemLoader Init config took 3.05s 
141301     INFO  main            d.u.i.k.p.i.AbstractProblemLoader Replaying proof Indirect[Indirect::test(Coll1,Coll2)].JML operation contract.0 
141369     DEBUG main            d.u.i.k.p.i.IntermediateProofReplayer Proof replay took 64.47ms 
141370     DEBUG main            d.u.i.k.p.r.p.TestFile    ... success: reloaded. 
141371     INFO  main            d.u.i.k.p.r.p.TestFile    Now processing file /home/runner/work/key/key/key.core/../key.ui/examples/heap/model_methods/Recell_Cell_footprint.key 
141371     INFO  main            d.u.i.k.p.i.AbstractProblemLoader Loading environment from /home/runner/work/key/key/key.core/../key.ui/examples/heap/model_methods/Recell_Cell_footprint.key 
141371     DEBUG main            d.u.i.k.p.i.AbstractProblemLoader Environment load took 110.3ns 
141372     INFO  main            d.u.i.k.p.i.AbstractProblemLoader Creating init config 
144505     DEBUG main            d.u.i.k.p.i.AbstractProblemLoader Init config took 3.13s 
144556     INFO  main            d.u.i.k.p.i.AbstractProblemLoader Replaying proof Recell[Cell::footprint()].JML model_behavior operation contract.0 
144558     DEBUG main            d.u.i.k.p.i.IntermediateProofReplayer Proof replay took 7.3ns 
144660     INFO  main            d.u.i.k.p.r.p.TestFile    ... finished proof: closed. 
144947     INFO  main            d.u.i.k.p.i.AbstractProblemLoader Loading environment from /home/runner/work/key/key/key.core/../key.ui/examples/heap/model_methods/Recell_Cell_footprint.key.proof 
144947     DEBUG main            d.u.i.k.p.i.AbstractProblemLoader Environment load took 113.9ns 
144948     INFO  main            d.u.i.k.p.i.AbstractProblemLoader Creating init config 
147914     DEBUG main            d.u.i.k.p.i.AbstractProblemLoader Init config took 2.97s 
147976     INFO  main            d.u.i.k.p.i.AbstractProblemLoader Replaying proof Recell[Cell::footprint()].JML model_behavior operation contract.0 
147984     DEBUG main            d.u.i.k.p.i.IntermediateProofReplayer Proof replay took 5.24ms 
147985     DEBUG main            d.u.i.k.p.r.p.TestFile    ... success: reloaded. 
147986     INFO  main            d.u.i.k.p.r.p.TestFile    Now processing file /home/runner/work/key/key/key.core/../key.ui/examples/heap/model_methods/Recell_Cell_post_set.key 
147986     INFO  main            d.u.i.k.p.i.AbstractProblemLoader Loading environment from /home/runner/work/key/key/key.core/../key.ui/examples/heap/model_methods/Recell_Cell_post_set.key 
147986     DEBUG main            d.u.i.k.p.i.AbstractProblemLoader Environment load took 77.5ns 
147987     INFO  main            d.u.i.k.p.i.AbstractProblemLoader Creating init config 
151063     DEBUG main            d.u.i.k.p.i.AbstractProblemLoader Init config took 3.08s 
151109     INFO  main            d.u.i.k.p.i.AbstractProblemLoader Replaying proof Recell[Cell::post_set(int)].JML model_behavior operation contract.0 
151111     DEBUG main            d.u.i.k.p.i.IntermediateProofReplayer Proof replay took 6.7ns 
151212     INFO  main            d.u.i.k.p.r.p.TestFile    ... finished proof: closed. 
151501     INFO  main            d.u.i.k.p.i.AbstractProblemLoader Loading environment from /home/runner/work/key/key/key.core/../key.ui/examples/heap/model_methods/Recell_Cell_post_set.key.proof 
151501     DEBUG main            d.u.i.k.p.i.AbstractProblemLoader Environment load took 118.8ns 
151502     INFO  main            d.u.i.k.p.i.AbstractProblemLoader Creating init config 
154488     DEBUG main            d.u.i.k.p.i.AbstractProblemLoader Init config took 2.99s 
154536     INFO  main            d.u.i.k.p.i.AbstractProblemLoader Replaying proof Recell[Cell::post_set(int)].JML model_behavior operation contract.0 
154544     DEBUG main            d.u.i.k.p.i.IntermediateProofReplayer Proof replay took 4.77ms 
154545     DEBUG main            d.u.i.k.p.r.p.TestFile    ... success: reloaded. 
154546     INFO  main            d.u.i.k.p.r.p.TestFile    Now processing file /home/runner/work/key/key/key.core/../key.ui/examples/heap/model_methods/Recell_footprint_acc.key 
154546     INFO  main            d.u.i.k.p.i.AbstractProblemLoader Loading environment from /home/runner/work/key/key/key.core/../key.ui/examples/heap/model_methods/Recell_footprint_acc.key 
154546     DEBUG main            d.u.i.k.p.i.AbstractProblemLoader Environment load took 200.11ns 
154547     INFO  main            d.u.i.k.p.i.AbstractProblemLoader Creating init config 
157632     DEBUG main            d.u.i.k.p.i.AbstractProblemLoader Init config took 3.08s 
157674     INFO  main            d.u.i.k.p.i.AbstractProblemLoader Replaying proof Recell[Cell::footprint()].JML accessible clause.0 
157677     DEBUG main            d.u.i.k.p.i.IntermediateProofReplayer Proof replay took 7.4ns 
157784     INFO  main            d.u.i.k.p.r.p.TestFile    ... finished proof: closed. 
158096     INFO  main            d.u.i.k.p.i.AbstractProblemLoader Loading environment from /home/runner/work/key/key/key.core/../key.ui/examples/heap/model_methods/Recell_footprint_acc.key.proof 
158096     DEBUG main            d.u.i.k.p.i.AbstractProblemLoader Environment load took 117.2ns 
158097     INFO  main            d.u.i.k.p.i.AbstractProblemLoader Creating init config 
160971     DEBUG main            d.u.i.k.p.i.AbstractProblemLoader Init config took 2.87s 
161015     INFO  main            d.u.i.k.p.i.AbstractProblemLoader Replaying proof Recell[Cell::footprint()].JML accessible clause.0 
161054     DEBUG main            d.u.i.k.p.i.IntermediateProofReplayer Proof replay took 36.81ms 
161055     DEBUG main            d.u.i.k.p.r.p.TestFile    ... success: reloaded. 
161056     INFO  main            d.u.i.k.p.r.p.TestFile    Now processing file /home/runner/work/key/key/key.core/../key.ui/examples/heap/model_methods/Recell_get_acc.key 
161056     INFO  main            d.u.i.k.p.i.AbstractProblemLoader Loading environment from /home/runner/work/key/key/key.core/../key.ui/examples/heap/model_methods/Recell_get_acc.key 
161057     DEBUG main            d.u.i.k.p.i.AbstractProblemLoader Environment load took 117.6ns 
161058     INFO  main            d.u.i.k.p.i.AbstractProblemLoader Creating init config 
164011     DEBUG main            d.u.i.k.p.i.AbstractProblemLoader Init config took 2.95s 
164053     INFO  main            d.u.i.k.p.i.AbstractProblemLoader Replaying proof Recell[Cell::get()].JML accessible clause.0 
164054     DEBUG main            d.u.i.k.p.i.IntermediateProofReplayer Proof replay took 6.8ns 
164156     INFO  main            d.u.i.k.p.r.p.TestFile    ... finished proof: closed. 
164490     INFO  main            d.u.i.k.p.i.AbstractProblemLoader Loading environment from /home/runner/work/key/key/key.core/../key.ui/examples/heap/model_methods/Recell_get_acc.key.proof 
164490     DEBUG main            d.u.i.k.p.i.AbstractProblemLoader Environment load took 128.8ns 
164491     INFO  main            d.u.i.k.p.i.AbstractProblemLoader Creating init config 
167414     DEBUG main            d.u.i.k.p.i.AbstractProblemLoader Init config took 2.92s 
167457     INFO  main            d.u.i.k.p.i.AbstractProblemLoader Replaying proof Recell[Cell::get()].JML accessible clause.0 
167480     DEBUG main            d.u.i.k.p.i.IntermediateProofReplayer Proof replay took 20.96ms 
167481     DEBUG main            d.u.i.k.p.r.p.TestFile    ... success: reloaded. 
167482     INFO  main            d.u.i.k.p.r.p.TestFile    Now processing file /home/runner/work/key/key/key.core/../key.ui/examples/heap/model_methods/Recell_get.key 
167482     INFO  main            d.u.i.k.p.i.AbstractProblemLoader Loading environment from /home/runner/work/key/key/key.core/../key.ui/examples/heap/model_methods/Recell_get.key 
167483     DEBUG main            d.u.i.k.p.i.AbstractProblemLoader Environment load took 110.2ns 
167484     INFO  main            d.u.i.k.p.i.AbstractProblemLoader Creating init config 
170493     DEBUG main            d.u.i.k.p.i.AbstractProblemLoader Init config took 3.01s 
170542     INFO  main            d.u.i.k.p.i.AbstractProblemLoader Replaying proof Recell[Cell::get()].JML operation contract.0 
170543     DEBUG main            d.u.i.k.p.i.IntermediateProofReplayer Proof replay took 7.8ns 
170645     INFO  main            d.u.i.k.p.r.p.TestFile    ... finished proof: closed. 
170965     INFO  main            d.u.i.k.p.i.AbstractProblemLoader Loading environment from /home/runner/work/key/key/key.core/../key.ui/examples/heap/model_methods/Recell_get.key.proof 
170965     DEBUG main            d.u.i.k.p.i.AbstractProblemLoader Environment load took 111ns 
170966     INFO  main            d.u.i.k.p.i.AbstractProblemLoader Creating init config 
173833     DEBUG main            d.u.i.k.p.i.AbstractProblemLoader Init config took 2.87s 
173881     INFO  main            d.u.i.k.p.i.AbstractProblemLoader Replaying proof Recell[Cell::get()].JML operation contract.0 
173894     DEBUG main            d.u.i.k.p.i.IntermediateProofReplayer Proof replay took 11.77ms 
173895     DEBUG main            d.u.i.k.p.r.p.TestFile    ... success: reloaded. 
173896     INFO  main            d.u.i.k.p.r.p.TestFile    Now processing file /home/runner/work/key/key/key.core/../key.ui/examples/heap/model_methods/Recell_Recell_footprint.key 
173896     INFO  main            d.u.i.k.p.i.AbstractProblemLoader Loading environment from /home/runner/work/key/key/key.core/../key.ui/examples/heap/model_methods/Recell_Recell_footprint.key 
173896     DEBUG main            d.u.i.k.p.i.AbstractProblemLoader Environment load took 101.1ns 
173897     INFO  main            d.u.i.k.p.i.AbstractProblemLoader Creating init config 
176927     DEBUG main            d.u.i.k.p.i.AbstractProblemLoader Init config took 3.03s 
176971     INFO  main            d.u.i.k.p.i.AbstractProblemLoader Replaying proof Recell[Recell::footprint()].JML model_behavior operation contract.0 
176973     DEBUG main            d.u.i.k.p.i.IntermediateProofReplayer Proof replay took 6.8ns 
177074     INFO  main            d.u.i.k.p.r.p.TestFile    ... finished proof: closed. 
177436     INFO  main            d.u.i.k.p.i.AbstractProblemLoader Loading environment from /home/runner/work/key/key/key.core/../key.ui/examples/heap/model_methods/Recell_Recell_footprint.key.proof 
177436     DEBUG main            d.u.i.k.p.i.AbstractProblemLoader Environment load took 229.91ns 
177437     INFO  main            d.u.i.k.p.i.AbstractProblemLoader Creating init config 
180294     DEBUG main            d.u.i.k.p.i.AbstractProblemLoader Init config took 2.86s 
180335     INFO  main            d.u.i.k.p.i.AbstractProblemLoader Replaying proof Recell[Recell::footprint()].JML model_behavior operation contract.0 
180338     DEBUG main            d.u.i.k.p.i.IntermediateProofReplayer Proof replay took 1.54ms 
180339     DEBUG main            d.u.i.k.p.r.p.TestFile    ... success: reloaded. 
180340     INFO  main            d.u.i.k.p.r.p.TestFile    Now processing file /home/runner/work/key/key/key.core/../key.ui/examples/heap/model_methods/Recell_Recell_post_set.key 
180340     INFO  main            d.u.i.k.p.i.AbstractProblemLoader Loading environment from /home/runner/work/key/key/key.core/../key.ui/examples/heap/model_methods/Recell_Recell_post_set.key 
180340     DEBUG main            d.u.i.k.p.i.AbstractProblemLoader Environment load took 253.31ns 
180341     INFO  main            d.u.i.k.p.i.AbstractProblemLoader Creating init config 
183346     DEBUG main            d.u.i.k.p.i.AbstractProblemLoader Init config took 3.01s 
183386     INFO  main            d.u.i.k.p.i.AbstractProblemLoader Replaying proof Recell[Recell::post_set(int)].JML model_behavior operation contract.0 
183388     DEBUG main            d.u.i.k.p.i.IntermediateProofReplayer Proof replay took 6.4ns 
183492     INFO  main            d.u.i.k.p.r.p.TestFile    ... finished proof: closed. 
183814     INFO  main            d.u.i.k.p.i.AbstractProblemLoader Loading environment from /home/runner/work/key/key/key.core/../key.ui/examples/heap/model_methods/Recell_Recell_post_set.key.proof 
183814     DEBUG main            d.u.i.k.p.i.AbstractProblemLoader Environment load took 121ns 
183815     INFO  main            d.u.i.k.p.i.AbstractProblemLoader Creating init config 
186747     DEBUG main            d.u.i.k.p.i.AbstractProblemLoader Init config took 2.93s 
186790     INFO  main            d.u.i.k.p.i.AbstractProblemLoader Replaying proof Recell[Recell::post_set(int)].JML model_behavior operation contract.0 
186795     DEBUG main            d.u.i.k.p.i.IntermediateProofReplayer Proof replay took 2.62ms 
186796     DEBUG main            d.u.i.k.p.r.p.TestFile    ... success: reloaded. 
186797     INFO  main            d.u.i.k.p.r.p.TestFile    Now processing file /home/runner/work/key/key/key.core/../key.ui/examples/heap/model_methods/Recell_set.key 
186797     INFO  main            d.u.i.k.p.i.AbstractProblemLoader Loading environment from /home/runner/work/key/key/key.core/../key.ui/examples/heap/model_methods/Recell_set.key 
186797     DEBUG main            d.u.i.k.p.i.AbstractProblemLoader Environment load took 82.8ns 
186798     INFO  main            d.u.i.k.p.i.AbstractProblemLoader Creating init config 
189704     DEBUG main            d.u.i.k.p.i.AbstractProblemLoader Init config took 2.91s 
189750     INFO  main            d.u.i.k.p.i.AbstractProblemLoader Replaying proof Recell[Cell::set(int)].JML operation contract.0 
189751     DEBUG main            d.u.i.k.p.i.IntermediateProofReplayer Proof replay took 7.2ns 
195928     INFO  main            d.u.i.k.p.r.p.TestFile    ... finished proof: closed. 
196305     INFO  main            d.u.i.k.p.i.AbstractProblemLoader Loading environment from /home/runner/work/key/key/key.core/../key.ui/examples/heap/model_methods/Recell_set.key.proof 
196305     DEBUG main            d.u.i.k.p.i.AbstractProblemLoader Environment load took 381.11ns 
196307     INFO  main            d.u.i.k.p.i.AbstractProblemLoader Creating init config 
199199     DEBUG main            d.u.i.k.p.i.AbstractProblemLoader Init config took 2.89s 
199255     INFO  main            d.u.i.k.p.i.AbstractProblemLoader Replaying proof Recell[Cell::set(int)].JML operation contract.0 
199804     DEBUG main            d.u.i.k.p.i.IntermediateProofReplayer Proof replay took 529.83ms 
199806     DEBUG main            d.u.i.k.p.r.p.TestFile    ... success: reloaded. 
199806     INFO  main            d.u.i.k.p.r.p.TestFile    Now processing file /home/runner/work/key/key/key.core/../key.ui/examples/heap/model_methods/Recell_undo.key 
199807     INFO  main            d.u.i.k.p.i.AbstractProblemLoader Loading environment from /home/runner/work/key/key/key.core/../key.ui/examples/heap/model_methods/Recell_undo.key 
199807     DEBUG main            d.u.i.k.p.i.AbstractProblemLoader Environment load took 211.61ns 
199808     INFO  main            d.u.i.k.p.i.AbstractProblemLoader Creating init config 
202741     DEBUG main            d.u.i.k.p.i.AbstractProblemLoader Init config took 2.93s 
202785     INFO  main            d.u.i.k.p.i.AbstractProblemLoader Replaying proof Recell[Recell::undo()].JML operation contract.0 
202786     DEBUG main            d.u.i.k.p.i.IntermediateProofReplayer Proof replay took 7ns 
202991     INFO  main            d.u.i.k.p.r.p.TestFile    ... finished proof: closed. 
203326     INFO  main            d.u.i.k.p.i.AbstractProblemLoader Loading environment from /home/runner/work/key/key/key.core/../key.ui/examples/heap/model_methods/Recell_undo.key.proof 
203326     DEBUG main            d.u.i.k.p.i.AbstractProblemLoader Environment load took 103ns 
203327     INFO  main            d.u.i.k.p.i.AbstractProblemLoader Creating init config 
206170     DEBUG main            d.u.i.k.p.i.AbstractProblemLoader Init config took 2.84s 
206213     INFO  main            d.u.i.k.p.i.AbstractProblemLoader Replaying proof Recell[Recell::undo()].JML operation contract.0 
206252     DEBUG main            d.u.i.k.p.i.IntermediateProofReplayer Proof replay took 35.39ms 
206253     DEBUG main            d.u.i.k.p.r.p.TestFile    ... success: reloaded. 
4775995    INFO  Test worker     d.u.i.k.p.r.RunAllProofsTestUnit Returning from test modelMethods 
4775996    INFO  Test worker     d.u.i.k.p.r.RunAllProofsTestUnit Running test permissionHeap 
411        INFO  Timeout watchdog d.u.i.k.p.r.p.ForkedTestFileRunner Timeout watcher launched (2000 secs.) 
436        WARN  main            d.u.i.k.s.ProofSettings   The settings in /home/runner/.key/proof-settings.props are *not* read. 
493        INFO  main            d.u.i.k.p.r.p.TestFile    Now processing file /home/runner/work/key/key/key.core/../key.ui/examples/heap/permissions/permissions_method0.key 
699        INFO  main            d.u.i.k.p.i.AbstractProblemLoader Loading environment from /home/runner/work/key/key/key.core/../key.ui/examples/heap/permissions/permissions_method0.key 
716        DEBUG main            d.u.i.k.p.i.AbstractProblemLoader Environment load took 2.24ms 
972        INFO  main            d.u.i.k.p.i.AbstractProblemLoader Creating init config 
1940       DEBUG main            d.u.i.k.j.TypeConverter   No LDT found for Meta 
1940       DEBUG main            d.u.i.k.j.TypeConverter   No LDT found for Meta 
1942       DEBUG main            d.u.i.k.j.TypeConverter   No LDT found for Meta 
1942       DEBUG main            d.u.i.k.j.TypeConverter   No LDT found for Meta 
3770       DEBUG main            d.u.i.k.j.TypeConverter   No LDT found for JavaBigintExpression 
9479       DEBUG main            d.u.i.k.p.i.AbstractProblemLoader Init config took 8.51s 
9656       INFO  main            d.u.i.k.p.i.AbstractProblemLoader Replaying proof MyClass[MyClass::method0()].JML normal_behavior operation contract.0 
9699       DEBUG main            d.u.i.k.p.i.IntermediateProofReplayer Proof replay took 34.5ns 
11041      INFO  main            d.u.i.k.p.r.p.TestFile    ... finished proof: closed. 
11181      INFO  main            d.u.i.k.p.i.AbstractProblemLoader Loading environment from /home/runner/work/key/key/key.core/../key.ui/examples/heap/permissions/permissions_method0.key.proof 
11183      DEBUG main            d.u.i.k.p.i.AbstractProblemLoader Environment load took 1.58ms 
11187      INFO  main            d.u.i.k.p.i.AbstractProblemLoader Creating init config 
14642      DEBUG main            d.u.i.k.p.i.AbstractProblemLoader Init config took 3.46s 
14709      INFO  main            d.u.i.k.p.i.AbstractProblemLoader Replaying proof MyClass[MyClass::method0()].JML normal_behavior operation contract.0 
14838      DEBUG main            d.u.i.k.p.i.IntermediateProofReplayer Proof replay took 122.42ms 
14846      DEBUG main            d.u.i.k.p.r.p.TestFile    ... success: reloaded. 
14850      INFO  main            d.u.i.k.p.r.p.TestFile    Now processing file /home/runner/work/key/key/key.core/../key.ui/examples/heap/permissions/permissions_method1.key 
14850      INFO  main            d.u.i.k.p.i.AbstractProblemLoader Loading environment from /home/runner/work/key/key/key.core/../key.ui/examples/heap/permissions/permissions_method1.key 
14850      DEBUG main            d.u.i.k.p.i.AbstractProblemLoader Environment load took 158.61ns 
14853      INFO  main            d.u.i.k.p.i.AbstractProblemLoader Creating init config 
18277      DEBUG main            d.u.i.k.p.i.AbstractProblemLoader Init config took 3.42s 
18371      INFO  main            d.u.i.k.p.i.AbstractProblemLoader Replaying proof MyClass[MyClass::method1()].JML normal_behavior operation contract.0 
18379      DEBUG main            d.u.i.k.p.i.IntermediateProofReplayer Proof replay took 7ns 
18784      INFO  main            d.u.i.k.p.r.p.TestFile    ... finished proof: closed. 
18941      INFO  main            d.u.i.k.p.i.AbstractProblemLoader Loading environment from /home/runner/work/key/key/key.core/../key.ui/examples/heap/permissions/permissions_method1.key.proof 
18941      DEBUG main            d.u.i.k.p.i.AbstractProblemLoader Environment load took 196.01ns 
18943      INFO  main            d.u.i.k.p.i.AbstractProblemLoader Creating init config 
22146      DEBUG main            d.u.i.k.p.i.AbstractProblemLoader Init config took 3.2s 
22201      INFO  main            d.u.i.k.p.i.AbstractProblemLoader Replaying proof MyClass[MyClass::method1()].JML normal_behavior operation contract.0 
22276      DEBUG main            d.u.i.k.p.i.IntermediateProofReplayer Proof replay took 71.39ms 
22278      DEBUG main            d.u.i.k.p.r.p.TestFile    ... success: reloaded. 
22279      INFO  main            d.u.i.k.p.r.p.TestFile    Now processing file /home/runner/work/key/key/key.core/../key.ui/examples/heap/permissions/permissions_method3.key 
22280      INFO  main            d.u.i.k.p.i.AbstractProblemLoader Loading environment from /home/runner/work/key/key/key.core/../key.ui/examples/heap/permissions/permissions_method3.key 
22280      DEBUG main            d.u.i.k.p.i.AbstractProblemLoader Environment load took 221.91ns 
22281      INFO  main            d.u.i.k.p.i.AbstractProblemLoader Creating init config 
25279      DEBUG main            d.u.i.k.p.i.AbstractProblemLoader Init config took 3s 
25331      INFO  main            d.u.i.k.p.i.AbstractProblemLoader Replaying proof MyClass[MyClass::method3()].JML normal_behavior operation contract.0 
25334      DEBUG main            d.u.i.k.p.i.IntermediateProofReplayer Proof replay took 5.7ns 
26846      INFO  main            d.u.i.k.p.r.p.TestFile    ... finished proof: closed. 
27035      INFO  main            d.u.i.k.p.i.AbstractProblemLoader Loading environment from /home/runner/work/key/key/key.core/../key.ui/examples/heap/permissions/permissions_method3.key.proof 
27035      DEBUG main            d.u.i.k.p.i.AbstractProblemLoader Environment load took 415.61ns 
27036      INFO  main            d.u.i.k.p.i.AbstractProblemLoader Creating init config 
30017      DEBUG main            d.u.i.k.p.i.AbstractProblemLoader Init config took 2.98s 
30071      INFO  main            d.u.i.k.p.i.AbstractProblemLoader Replaying proof MyClass[MyClass::method3()].JML normal_behavior operation contract.0 
30385      DEBUG main            d.u.i.k.p.i.IntermediateProofReplayer Proof replay took 305.84ms 
30386      DEBUG main            d.u.i.k.p.r.p.TestFile    ... success: reloaded. 
30388      INFO  main            d.u.i.k.p.r.p.TestFile    Now processing file /home/runner/work/key/key/key.core/../key.ui/examples/heap/permissions/permissions_setAB.key 
30388      INFO  main            d.u.i.k.p.i.AbstractProblemLoader Loading environment from /home/runner/work/key/key/key.core/../key.ui/examples/heap/permissions/permissions_setAB.key 
30388      DEBUG main            d.u.i.k.p.i.AbstractProblemLoader Environment load took 218.41ns 
30389      INFO  main            d.u.i.k.p.i.AbstractProblemLoader Creating init config 
33540      DEBUG main            d.u.i.k.p.i.AbstractProblemLoader Init config took 3.15s 
33595      INFO  main            d.u.i.k.p.i.AbstractProblemLoader Replaying proof MyClass[MyClass::setAB()].JML normal_behavior operation contract.0 
33597      DEBUG main            d.u.i.k.p.i.IntermediateProofReplayer Proof replay took 6ns 
35328      INFO  main            d.u.i.k.p.r.p.TestFile    ... finished proof: closed. 
35527      INFO  main            d.u.i.k.p.i.AbstractProblemLoader Loading environment from /home/runner/work/key/key/key.core/../key.ui/examples/heap/permissions/permissions_setAB.key.proof 
35528      DEBUG main            d.u.i.k.p.i.AbstractProblemLoader Environment load took 374.51ns 
35529      INFO  main            d.u.i.k.p.i.AbstractProblemLoader Creating init config 
38561      DEBUG main            d.u.i.k.p.i.AbstractProblemLoader Init config took 3.03s 
38628      INFO  main            d.u.i.k.p.i.AbstractProblemLoader Replaying proof MyClass[MyClass::setAB()].JML normal_behavior operation contract.0 
38935      DEBUG main            d.u.i.k.p.i.IntermediateProofReplayer Proof replay took 299.46ms 
38937      DEBUG main            d.u.i.k.p.r.p.TestFile    ... success: reloaded. 
38939      INFO  main            d.u.i.k.p.r.p.TestFile    Now processing file /home/runner/work/key/key/key.core/../key.ui/examples/heap/permissions/permissionProperties.key 
38940      INFO  main            d.u.i.k.p.i.AbstractProblemLoader Loading environment from /home/runner/work/key/key/key.core/../key.ui/examples/heap/permissions/permissionProperties.key 
38940      DEBUG main            d.u.i.k.p.i.AbstractProblemLoader Environment load took 210.11ns 
38941      INFO  main            d.u.i.k.p.i.AbstractProblemLoader Creating init config 
39128      DEBUG main            d.u.i.k.j.TypeConverter   No LDT found for Meta 
39129      DEBUG main            d.u.i.k.j.TypeConverter   No LDT found for Meta 
39130      DEBUG main            d.u.i.k.j.TypeConverter   No LDT found for Meta 
39130      DEBUG main            d.u.i.k.j.TypeConverter   No LDT found for Meta 
39928      DEBUG main            d.u.i.k.j.TypeConverter   No LDT found for JavaBigintExpression 
43205      DEBUG main            d.u.i.k.p.i.AbstractProblemLoader Init config took 4.26s 
43230      INFO  main            d.u.i.k.p.i.AbstractProblemLoader Replaying proof permissionProperties.key 
43232      DEBUG main            d.u.i.k.p.i.IntermediateProofReplayer Proof replay took 7ns 
43336      INFO  main            d.u.i.k.p.r.p.TestFile    ... finished proof: closed. 
43532      INFO  main            d.u.i.k.p.i.AbstractProblemLoader Loading environment from /home/runner/work/key/key/key.core/../key.ui/examples/heap/permissions/permissionProperties.key.proof 
43532      DEBUG main            d.u.i.k.p.i.AbstractProblemLoader Environment load took 140.21ns 
43534      INFO  main            d.u.i.k.p.i.AbstractProblemLoader Creating init config 
46392      DEBUG main            d.u.i.k.p.i.AbstractProblemLoader Init config took 2.86s 
46416      INFO  main            d.u.i.k.p.i.AbstractProblemLoader Replaying proof permissionProperties.key.proof 
46441      DEBUG main            d.u.i.k.p.i.IntermediateProofReplayer Proof replay took 22ms 
46442      DEBUG main            d.u.i.k.p.r.p.TestFile    ... success: reloaded. 
46443      INFO  main            d.u.i.k.p.r.p.TestFile    Now processing file /home/runner/work/key/key/key.core/../key.ui/examples/heap/permissions/threads/AFilter_AFilter.key 
46444      INFO  main            d.u.i.k.p.i.AbstractProblemLoader Loading environment from /home/runner/work/key/key/key.core/../key.ui/examples/heap/permissions/threads/AFilter_AFilter.key 
46444      DEBUG main            d.u.i.k.p.i.AbstractProblemLoader Environment load took 221.21ns 
46445      INFO  main            d.u.i.k.p.i.AbstractProblemLoader Creating init config 
46619      DEBUG main            d.u.i.k.j.TypeConverter   No LDT found for Meta 
46619      DEBUG main            d.u.i.k.j.TypeConverter   No LDT found for Meta 
46620      DEBUG main            d.u.i.k.j.TypeConverter   No LDT found for Meta 
46620      DEBUG main            d.u.i.k.j.TypeConverter   No LDT found for Meta 
47393      DEBUG main            d.u.i.k.j.TypeConverter   No LDT found for JavaBigintExpression 
53463      DEBUG main            d.u.i.k.p.i.AbstractProblemLoader Init config took 7.02s 
53566      INFO  main            d.u.i.k.p.i.AbstractProblemLoader Replaying proof AFilter[AFilter::AFilter(Sampler,Buffer)].JML normal_behavior operation contract.0 
53568      DEBUG main            d.u.i.k.p.i.IntermediateProofReplayer Proof replay took 7.4ns 
54673      INFO  main            d.u.i.k.p.r.p.TestFile    ... finished proof: closed. 
54988      INFO  main            d.u.i.k.p.i.AbstractProblemLoader Loading environment from /home/runner/work/key/key/key.core/../key.ui/examples/heap/permissions/threads/AFilter_AFilter.key.proof 
54988      DEBUG main            d.u.i.k.p.i.AbstractProblemLoader Environment load took 373.31ns 
54989      INFO  main            d.u.i.k.p.i.AbstractProblemLoader Creating init config 
60315      DEBUG main            d.u.i.k.p.i.AbstractProblemLoader Init config took 5.33s 
60441      INFO  main            d.u.i.k.p.i.AbstractProblemLoader Replaying proof AFilter[AFilter::AFilter(Sampler,Buffer)].JML normal_behavior operation contract.0 
60636      DEBUG main            d.u.i.k.p.i.IntermediateProofReplayer Proof replay took 191.14ms 
60638      DEBUG main            d.u.i.k.p.r.p.TestFile    ... success: reloaded. 
60639      INFO  main            d.u.i.k.p.r.p.TestFile    Now processing file /home/runner/work/key/key/key.core/../key.ui/examples/heap/permissions/threads/AFilter_initPost_accessible.key 
60640      INFO  main            d.u.i.k.p.i.AbstractProblemLoader Loading environment from /home/runner/work/key/key/key.core/../key.ui/examples/heap/permissions/threads/AFilter_initPost_accessible.key 
60640      DEBUG main            d.u.i.k.p.i.AbstractProblemLoader Environment load took 203.71ns 
60642      INFO  main            d.u.i.k.p.i.AbstractProblemLoader Creating init config 
65923      DEBUG main            d.u.i.k.p.i.AbstractProblemLoader Init config took 5.28s 
66025      INFO  main            d.u.i.k.p.i.AbstractProblemLoader Replaying proof AFilter[ThreadSpec2::initPost()].JML accessible clause.0 
66027      DEBUG main            d.u.i.k.p.i.IntermediateProofReplayer Proof replay took 6.9ns 
66129      INFO  main            d.u.i.k.p.r.p.TestFile    ... finished proof: closed. 
66435      INFO  main            d.u.i.k.p.i.AbstractProblemLoader Loading environment from /home/runner/work/key/key/key.core/../key.ui/examples/heap/permissions/threads/AFilter_initPost_accessible.key.proof 
66435      DEBUG main            d.u.i.k.p.i.AbstractProblemLoader Environment load took 143.71ns 
66436      INFO  main            d.u.i.k.p.i.AbstractProblemLoader Creating init config 
71783      DEBUG main            d.u.i.k.p.i.AbstractProblemLoader Init config took 5.35s 
71887      INFO  main            d.u.i.k.p.i.AbstractProblemLoader Replaying proof AFilter[ThreadSpec2::initPost()].JML accessible clause.0 
71907      DEBUG main            d.u.i.k.p.i.IntermediateProofReplayer Proof replay took 16.92ms 
71908      DEBUG main            d.u.i.k.p.r.p.TestFile    ... success: reloaded. 
71909      INFO  main            d.u.i.k.p.r.p.TestFile    Now processing file /home/runner/work/key/key/key.core/../key.ui/examples/heap/permissions/threads/AFilter_inv_accessible1.key 
71910      INFO  main            d.u.i.k.p.i.AbstractProblemLoader Loading environment from /home/runner/work/key/key/key.core/../key.ui/examples/heap/permissions/threads/AFilter_inv_accessible1.key 
71910      DEBUG main            d.u.i.k.p.i.AbstractProblemLoader Environment load took 123.5ns 
71911      INFO  main            d.u.i.k.p.i.AbstractProblemLoader Creating init config 
77179      DEBUG main            d.u.i.k.p.i.AbstractProblemLoader Init config took 5.27s 
77283      INFO  main            d.u.i.k.p.i.AbstractProblemLoader Replaying proof AFilter[java.lang.Object::<inv>()].JML accessible clause.0 
77285      DEBUG main            d.u.i.k.p.i.IntermediateProofReplayer Proof replay took 7.5ns 
77387      INFO  main            d.u.i.k.p.r.p.TestFile    ... finished proof: closed. 
77637      INFO  main            d.u.i.k.p.i.AbstractProblemLoader Loading environment from /home/runner/work/key/key/key.core/../key.ui/examples/heap/permissions/threads/AFilter_inv_accessible1.key.proof 
77637      DEBUG main            d.u.i.k.p.i.AbstractProblemLoader Environment load took 505.12ns 
77638      INFO  main            d.u.i.k.p.i.AbstractProblemLoader Creating init config 
82875      DEBUG main            d.u.i.k.p.i.AbstractProblemLoader Init config took 5.24s 
82999      INFO  main            d.u.i.k.p.i.AbstractProblemLoader Replaying proof AFilter[java.lang.Object::<inv>()].JML accessible clause.0 
83006      DEBUG main            d.u.i.k.p.i.IntermediateProofReplayer Proof replay took 4.71ms 
83008      DEBUG main            d.u.i.k.p.r.p.TestFile    ... success: reloaded. 
83009      INFO  main            d.u.i.k.p.r.p.TestFile    Now processing file /home/runner/work/key/key/key.core/../key.ui/examples/heap/permissions/threads/AFilter_inv_accessible2.key 
83010      INFO  main            d.u.i.k.p.i.AbstractProblemLoader Loading environment from /home/runner/work/key/key/key.core/../key.ui/examples/heap/permissions/threads/AFilter_inv_accessible2.key 
83010      DEBUG main            d.u.i.k.p.i.AbstractProblemLoader Environment load took 276.71ns 
83011      INFO  main            d.u.i.k.p.i.AbstractProblemLoader Creating init config 
88256      DEBUG main            d.u.i.k.p.i.AbstractProblemLoader Init config took 5.25s 
88357      INFO  main            d.u.i.k.p.i.AbstractProblemLoader Replaying proof AFilter[java.lang.Object::<inv>()].JML accessible clause.1 
88359      DEBUG main            d.u.i.k.p.i.IntermediateProofReplayer Proof replay took 8.8ns 
88463      INFO  main            d.u.i.k.p.r.p.TestFile    ... finished proof: closed. 
88711      INFO  main            d.u.i.k.p.i.AbstractProblemLoader Loading environment from /home/runner/work/key/key/key.core/../key.ui/examples/heap/permissions/threads/AFilter_inv_accessible2.key.proof 
88711      DEBUG main            d.u.i.k.p.i.AbstractProblemLoader Environment load took 131.6ns 
88712      INFO  main            d.u.i.k.p.i.AbstractProblemLoader Creating init config 
93964      DEBUG main            d.u.i.k.p.i.AbstractProblemLoader Init config took 5.25s 
94084      INFO  main            d.u.i.k.p.i.AbstractProblemLoader Replaying proof AFilter[java.lang.Object::<inv>()].JML accessible clause.1 
94090      DEBUG main            d.u.i.k.p.i.IntermediateProofReplayer Proof replay took 4.01ms 
94092      DEBUG main            d.u.i.k.p.r.p.TestFile    ... success: reloaded. 
94095      INFO  main            d.u.i.k.p.r.p.TestFile    Now processing file /home/runner/work/key/key/key.core/../key.ui/examples/heap/permissions/threads/AFilter_joinTransfer_accessible.key 
94095      INFO  main            d.u.i.k.p.i.AbstractProblemLoader Loading environment from /home/runner/work/key/key/key.core/../key.ui/examples/heap/permissions/threads/AFilter_joinTransfer_accessible.key 
94095      DEBUG main            d.u.i.k.p.i.AbstractProblemLoader Environment load took 208.41ns 
94096      INFO  main            d.u.i.k.p.i.AbstractProblemLoader Creating init config 
99375      DEBUG main            d.u.i.k.p.i.AbstractProblemLoader Init config took 5.28s 
99477      INFO  main            d.u.i.k.p.i.AbstractProblemLoader Replaying proof AFilter[ThreadSpec2::joinTransfer()].JML accessible clause.0 
99481      DEBUG main            d.u.i.k.p.i.IntermediateProofReplayer Proof replay took 9.3ns 
100788     INFO  main            d.u.i.k.p.r.p.TestFile    ... finished proof: closed. 
101147     INFO  main            d.u.i.k.p.i.AbstractProblemLoader Loading environment from /home/runner/work/key/key/key.core/../key.ui/examples/heap/permissions/threads/AFilter_joinTransfer_accessible.key.proof 
101147     DEBUG main            d.u.i.k.p.i.AbstractProblemLoader Environment load took 389.21ns 
101149     INFO  main            d.u.i.k.p.i.AbstractProblemLoader Creating init config 
106382     DEBUG main            d.u.i.k.p.i.AbstractProblemLoader Init config took 5.23s 
106477     INFO  main            d.u.i.k.p.i.AbstractProblemLoader Replaying proof AFilter[ThreadSpec2::joinTransfer()].JML accessible clause.0 
106633     DEBUG main            d.u.i.k.p.i.IntermediateProofReplayer Proof replay took 150.73ms 
106634     DEBUG main            d.u.i.k.p.r.p.TestFile    ... success: reloaded. 
106636     INFO  main            d.u.i.k.p.r.p.TestFile    Now processing file /home/runner/work/key/key/key.core/../key.ui/examples/heap/permissions/threads/AFilter_joinTransfer_contract.key 
106636     INFO  main            d.u.i.k.p.i.AbstractProblemLoader Loading environment from /home/runner/work/key/key/key.core/../key.ui/examples/heap/permissions/threads/AFilter_joinTransfer_contract.key 
106636     DEBUG main            d.u.i.k.p.i.AbstractProblemLoader Environment load took 231.51ns 
106637     INFO  main            d.u.i.k.p.i.AbstractProblemLoader Creating init config 
111987     DEBUG main            d.u.i.k.p.i.AbstractProblemLoader Init config took 5.35s 
112094     INFO  main            d.u.i.k.p.i.AbstractProblemLoader Replaying proof AFilter[ThreadSpec2::joinTransfer()].JML model_behavior operation contract.0 
112096     DEBUG main            d.u.i.k.p.i.IntermediateProofReplayer Proof replay took 7.9ns 
112199     INFO  main            d.u.i.k.p.r.p.TestFile    ... finished proof: closed. 
112493     INFO  main            d.u.i.k.p.i.AbstractProblemLoader Loading environment from /home/runner/work/key/key/key.core/../key.ui/examples/heap/permissions/threads/AFilter_joinTransfer_contract.key.proof 
112493     DEBUG main            d.u.i.k.p.i.AbstractProblemLoader Environment load took 142ns 
112494     INFO  main            d.u.i.k.p.i.AbstractProblemLoader Creating init config 
117696     DEBUG main            d.u.i.k.p.i.AbstractProblemLoader Init config took 5.2s 
117803     INFO  main            d.u.i.k.p.i.AbstractProblemLoader Replaying proof AFilter[ThreadSpec2::joinTransfer()].JML model_behavior operation contract.0 
117814     DEBUG main            d.u.i.k.p.i.IntermediateProofReplayer Proof replay took 9.47ms 
117815     DEBUG main            d.u.i.k.p.r.p.TestFile    ... success: reloaded. 
117817     INFO  main            d.u.i.k.p.r.p.TestFile    Now processing file /home/runner/work/key/key/key.core/../key.ui/examples/heap/permissions/threads/AFilter_postJoin_accessible.key 
117817     INFO  main            d.u.i.k.p.i.AbstractProblemLoader Loading environment from /home/runner/work/key/key/key.core/../key.ui/examples/heap/permissions/threads/AFilter_postJoin_accessible.key 
117817     DEBUG main            d.u.i.k.p.i.AbstractProblemLoader Environment load took 115.4ns 
117818     INFO  main            d.u.i.k.p.i.AbstractProblemLoader Creating init config 
123054     DEBUG main            d.u.i.k.p.i.AbstractProblemLoader Init config took 5.24s 
123149     INFO  main            d.u.i.k.p.i.AbstractProblemLoader Replaying proof AFilter[ThreadSpec2::postJoin(java.lang.Object)].JML accessible clause.0 
123154     DEBUG main            d.u.i.k.p.i.IntermediateProofReplayer Proof replay took 7.2ns 
123256     INFO  main            d.u.i.k.p.r.p.TestFile    ... finished proof: closed. 
123584     INFO  main            d.u.i.k.p.i.AbstractProblemLoader Loading environment from /home/runner/work/key/key/key.core/../key.ui/examples/heap/permissions/threads/AFilter_postJoin_accessible.key.proof 
123584     DEBUG main            d.u.i.k.p.i.AbstractProblemLoader Environment load took 132ns 
123585     INFO  main            d.u.i.k.p.i.AbstractProblemLoader Creating init config 
128805     DEBUG main            d.u.i.k.p.i.AbstractProblemLoader Init config took 5.22s 
128899     INFO  main            d.u.i.k.p.i.AbstractProblemLoader Replaying proof AFilter[ThreadSpec2::postJoin(java.lang.Object)].JML accessible clause.0 
128909     DEBUG main            d.u.i.k.p.i.IntermediateProofReplayer Proof replay took 8.2ms 
128910     DEBUG main            d.u.i.k.p.r.p.TestFile    ... success: reloaded. 
128911     INFO  main            d.u.i.k.p.r.p.TestFile    Now processing file /home/runner/work/key/key/key.core/../key.ui/examples/heap/permissions/threads/AFilter_preStart_accessible.key 
128911     INFO  main            d.u.i.k.p.i.AbstractProblemLoader Loading environment from /home/runner/work/key/key/key.core/../key.ui/examples/heap/permissions/threads/AFilter_preStart_accessible.key 
128912     DEBUG main            d.u.i.k.p.i.AbstractProblemLoader Environment load took 200.61ns 
128913     INFO  main            d.u.i.k.p.i.AbstractProblemLoader Creating init config 
134225     DEBUG main            d.u.i.k.p.i.AbstractProblemLoader Init config took 5.31s 
134313     INFO  main            d.u.i.k.p.i.AbstractProblemLoader Replaying proof AFilter[ThreadSpec2::preStart(java.lang.Object)].JML accessible clause.0 
134315     DEBUG main            d.u.i.k.p.i.IntermediateProofReplayer Proof replay took 7.4ns 
134618     INFO  main            d.u.i.k.p.r.p.TestFile    ... finished proof: closed. 
134913     INFO  main            d.u.i.k.p.i.AbstractProblemLoader Loading environment from /home/runner/work/key/key/key.core/../key.ui/examples/heap/permissions/threads/AFilter_preStart_accessible.key.proof 
134914     DEBUG main            d.u.i.k.p.i.AbstractProblemLoader Environment load took 606.21ns 
134915     INFO  main            d.u.i.k.p.i.AbstractProblemLoader Creating init config 
140140     DEBUG main            d.u.i.k.p.i.AbstractProblemLoader Init config took 5.22s 
140257     INFO  main            d.u.i.k.p.i.AbstractProblemLoader Replaying proof AFilter[ThreadSpec2::preStart(java.lang.Object)].JML accessible clause.0 
140301     DEBUG main            d.u.i.k.p.i.IntermediateProofReplayer Proof replay took 41.17ms 
140302     DEBUG main            d.u.i.k.p.r.p.TestFile    ... success: reloaded. 
140303     INFO  main            d.u.i.k.p.r.p.TestFile    Now processing file /home/runner/work/key/key/key.core/../key.ui/examples/heap/permissions/threads/AFilter_startTransfer_accessible.key 
140304     INFO  main            d.u.i.k.p.i.AbstractProblemLoader Loading environment from /home/runner/work/key/key/key.core/../key.ui/examples/heap/permissions/threads/AFilter_startTransfer_accessible.key 
140304     DEBUG main            d.u.i.k.p.i.AbstractProblemLoader Environment load took 216.01ns 
140305     INFO  main            d.u.i.k.p.i.AbstractProblemLoader Creating init config 
145558     DEBUG main            d.u.i.k.p.i.AbstractProblemLoader Init config took 5.25s 
145662     INFO  main            d.u.i.k.p.i.AbstractProblemLoader Replaying proof AFilter[ThreadSpec2::startTransfer()].JML accessible clause.0 
145663     DEBUG main            d.u.i.k.p.i.IntermediateProofReplayer Proof replay took 8.3ns 
155689     INFO  main            d.u.i.k.p.r.p.TestFile    ... finished proof: closed. 
156154     INFO  main            d.u.i.k.p.i.AbstractProblemLoader Loading environment from /home/runner/work/key/key/key.core/../key.ui/examples/heap/permissions/threads/AFilter_startTransfer_accessible.key.proof 
156154     DEBUG main            d.u.i.k.p.i.AbstractProblemLoader Environment load took 378.51ns 
156156     INFO  main            d.u.i.k.p.i.AbstractProblemLoader Creating init config 
161228     DEBUG main            d.u.i.k.p.i.AbstractProblemLoader Init config took 5.07s 
161316     INFO  main            d.u.i.k.p.i.AbstractProblemLoader Replaying proof AFilter[ThreadSpec2::startTransfer()].JML accessible clause.0 
162266     DEBUG main            d.u.i.k.p.i.IntermediateProofReplayer Proof replay took 926.15ms 
162268     DEBUG main            d.u.i.k.p.r.p.TestFile    ... success: reloaded. 
162269     INFO  main            d.u.i.k.p.r.p.TestFile    Now processing file /home/runner/work/key/key/key.core/../key.ui/examples/heap/permissions/threads/AFilter_startTransfer_contract.key 
162270     INFO  main            d.u.i.k.p.i.AbstractProblemLoader Loading environment from /home/runner/work/key/key/key.core/../key.ui/examples/heap/permissions/threads/AFilter_startTransfer_contract.key 
162270     DEBUG main            d.u.i.k.p.i.AbstractProblemLoader Environment load took 233.21ns 
162271     INFO  main            d.u.i.k.p.i.AbstractProblemLoader Creating init config 
167417     DEBUG main            d.u.i.k.p.i.AbstractProblemLoader Init config took 5.15s 
167503     INFO  main            d.u.i.k.p.i.AbstractProblemLoader Replaying proof AFilter[ThreadSpec2::startTransfer()].JML model_behavior operation contract.0 
167505     DEBUG main            d.u.i.k.p.i.IntermediateProofReplayer Proof replay took 7.1ns 
167909     INFO  main            d.u.i.k.p.r.p.TestFile    ... finished proof: closed. 
168221     INFO  main            d.u.i.k.p.i.AbstractProblemLoader Loading environment from /home/runner/work/key/key/key.core/../key.ui/examples/heap/permissions/threads/AFilter_startTransfer_contract.key.proof 
168222     DEBUG main            d.u.i.k.p.i.AbstractProblemLoader Environment load took 1.07ms 
168223     INFO  main            d.u.i.k.p.i.AbstractProblemLoader Creating init config 
173310     DEBUG main            d.u.i.k.p.i.AbstractProblemLoader Init config took 5.09s 
173410     INFO  main            d.u.i.k.p.i.AbstractProblemLoader Replaying proof AFilter[ThreadSpec2::startTransfer()].JML model_behavior operation contract.0 
173474     DEBUG main            d.u.i.k.p.i.IntermediateProofReplayer Proof replay took 60.1ms 
173475     DEBUG main            d.u.i.k.p.r.p.TestFile    ... success: reloaded. 
173476     INFO  main            d.u.i.k.p.r.p.TestFile    Now processing file /home/runner/work/key/key/key.core/../key.ui/examples/heap/permissions/threads/AFilter_stateInv_accessible.key 
173477     INFO  main            d.u.i.k.p.i.AbstractProblemLoader Loading environment from /home/runner/work/key/key/key.core/../key.ui/examples/heap/permissions/threads/AFilter_stateInv_accessible.key 
173477     DEBUG main            d.u.i.k.p.i.AbstractProblemLoader Environment load took 121.7ns 
173478     INFO  main            d.u.i.k.p.i.AbstractProblemLoader Creating init config 
178658     DEBUG main            d.u.i.k.p.i.AbstractProblemLoader Init config took 5.18s 
178761     INFO  main            d.u.i.k.p.i.AbstractProblemLoader Replaying proof AFilter[ThreadSpec2::stateInv()].JML accessible clause.0 
178763     DEBUG main            d.u.i.k.p.i.IntermediateProofReplayer Proof replay took 7ns 
179166     INFO  main            d.u.i.k.p.r.p.TestFile    ... finished proof: closed. 
179467     INFO  main            d.u.i.k.p.i.AbstractProblemLoader Loading environment from /home/runner/work/key/key/key.core/../key.ui/examples/heap/permissions/threads/AFilter_stateInv_accessible.key.proof 
179467     DEBUG main            d.u.i.k.p.i.AbstractProblemLoader Environment load took 118.9ns 
179468     INFO  main            d.u.i.k.p.i.AbstractProblemLoader Creating init config 
184573     DEBUG main            d.u.i.k.p.i.AbstractProblemLoader Init config took 5.1s 
184658     INFO  main            d.u.i.k.p.i.AbstractProblemLoader Replaying proof AFilter[ThreadSpec2::stateInv()].JML accessible clause.0 
184707     DEBUG main            d.u.i.k.p.i.IntermediateProofReplayer Proof replay took 45.81ms 
184708     DEBUG main            d.u.i.k.p.r.p.TestFile    ... success: reloaded. 
184709     INFO  main            d.u.i.k.p.r.p.TestFile    Now processing file /home/runner/work/key/key/key.core/../key.ui/examples/heap/permissions/threads/AFilter_staticPermissions_accessible.key 
184709     INFO  main            d.u.i.k.p.i.AbstractProblemLoader Loading environment from /home/runner/work/key/key/key.core/../key.ui/examples/heap/permissions/threads/AFilter_staticPermissions_accessible.key 
184709     DEBUG main            d.u.i.k.p.i.AbstractProblemLoader Environment load took 110.4ns 
184710     INFO  main            d.u.i.k.p.i.AbstractProblemLoader Creating init config 
190018     DEBUG main            d.u.i.k.p.i.AbstractProblemLoader Init config took 5.31s 
190105     INFO  main            d.u.i.k.p.i.AbstractProblemLoader Replaying proof AFilter[ThreadSpec2::staticPermissions()].JML accessible clause.0 
190107     DEBUG main            d.u.i.k.p.i.IntermediateProofReplayer Proof replay took 7.1ns 
190211     INFO  main            d.u.i.k.p.r.p.TestFile    ... finished proof: closed. 
190523     INFO  main            d.u.i.k.p.i.AbstractProblemLoader Loading environment from /home/runner/work/key/key/key.core/../key.ui/examples/heap/permissions/threads/AFilter_staticPermissions_accessible.key.proof 
190523     DEBUG main            d.u.i.k.p.i.AbstractProblemLoader Environment load took 190.71ns 
190524     INFO  main            d.u.i.k.p.i.AbstractProblemLoader Creating init config 
195628     DEBUG main            d.u.i.k.p.i.AbstractProblemLoader Init config took 5.1s 
195712     INFO  main            d.u.i.k.p.i.AbstractProblemLoader Replaying proof AFilter[ThreadSpec2::staticPermissions()].JML accessible clause.0 
195726     DEBUG main            d.u.i.k.p.i.IntermediateProofReplayer Proof replay took 11.34ms 
195727     DEBUG main            d.u.i.k.p.r.p.TestFile    ... success: reloaded. 
195728     INFO  main            d.u.i.k.p.r.p.TestFile    Now processing file /home/runner/work/key/key/key.core/../key.ui/examples/heap/permissions/threads/AFilter_workingPermissions_accessible.key 
195728     INFO  main            d.u.i.k.p.i.AbstractProblemLoader Loading environment from /home/runner/work/key/key/key.core/../key.ui/examples/heap/permissions/threads/AFilter_workingPermissions_accessible.key 
195728     DEBUG main            d.u.i.k.p.i.AbstractProblemLoader Environment load took 106.2ns 
195729     INFO  main            d.u.i.k.p.i.AbstractProblemLoader Creating init config 
200936     DEBUG main            d.u.i.k.p.i.AbstractProblemLoader Init config took 5.21s 
201020     INFO  main            d.u.i.k.p.i.AbstractProblemLoader Replaying proof AFilter[ThreadSpec2::workingPermissions()].JML accessible clause.0 
201022     DEBUG main            d.u.i.k.p.i.IntermediateProofReplayer Proof replay took 7.2ns 
201124     INFO  main            d.u.i.k.p.r.p.TestFile    ... finished proof: closed. 
201435     INFO  main            d.u.i.k.p.i.AbstractProblemLoader Loading environment from /home/runner/work/key/key/key.core/../key.ui/examples/heap/permissions/threads/AFilter_workingPermissions_accessible.key.proof 
201435     DEBUG main            d.u.i.k.p.i.AbstractProblemLoader Environment load took 139.1ns 
201436     INFO  main            d.u.i.k.p.i.AbstractProblemLoader Creating init config 
206557     DEBUG main            d.u.i.k.p.i.AbstractProblemLoader Init config took 5.12s 
206640     INFO  main            d.u.i.k.p.i.AbstractProblemLoader Replaying proof AFilter[ThreadSpec2::workingPermissions()].JML accessible clause.0 
206652     DEBUG main            d.u.i.k.p.i.IntermediateProofReplayer Proof replay took 9.73ms 
206652     DEBUG main            d.u.i.k.p.r.p.TestFile    ... success: reloaded. 
206653     INFO  main            d.u.i.k.p.r.p.TestFile    Now processing file /home/runner/work/key/key/key.core/../key.ui/examples/heap/permissions/threads/BFilter_BFilter.key 
206654     INFO  main            d.u.i.k.p.i.AbstractProblemLoader Loading environment from /home/runner/work/key/key/key.core/../key.ui/examples/heap/permissions/threads/BFilter_BFilter.key 
206654     DEBUG main            d.u.i.k.p.i.AbstractProblemLoader Environment load took 133ns 
206655     INFO  main            d.u.i.k.p.i.AbstractProblemLoader Creating init config 
211837     DEBUG main            d.u.i.k.p.i.AbstractProblemLoader Init config took 5.18s 
211925     INFO  main            d.u.i.k.p.i.AbstractProblemLoader Replaying proof BFilter[BFilter::BFilter(Sampler,Buffer)].JML normal_behavior operation contract.0 
211927     DEBUG main            d.u.i.k.p.i.IntermediateProofReplayer Proof replay took 7.7ns 
212936     INFO  main            d.u.i.k.p.r.p.TestFile    ... finished proof: closed. 
213309     INFO  main            d.u.i.k.p.i.AbstractProblemLoader Loading environment from /home/runner/work/key/key/key.core/../key.ui/examples/heap/permissions/threads/BFilter_BFilter.key.proof 
213314     DEBUG main            d.u.i.k.p.i.AbstractProblemLoader Environment load took 4.45ms 
213315     INFO  main            d.u.i.k.p.i.AbstractProblemLoader Creating init config 
218424     DEBUG main            d.u.i.k.p.i.AbstractProblemLoader Init config took 5.11s 
218528     INFO  main            d.u.i.k.p.i.AbstractProblemLoader Replaying proof BFilter[BFilter::BFilter(Sampler,Buffer)].JML normal_behavior operation contract.0 
218717     DEBUG main            d.u.i.k.p.i.IntermediateProofReplayer Proof replay took 184.2ms 
218719     DEBUG main            d.u.i.k.p.r.p.TestFile    ... success: reloaded. 
218720     INFO  main            d.u.i.k.p.r.p.TestFile    Now processing file /home/runner/work/key/key/key.core/../key.ui/examples/heap/permissions/threads/BFilter_initPost_accessible.key 
218721     INFO  main            d.u.i.k.p.i.AbstractProblemLoader Loading environment from /home/runner/work/key/key/key.core/../key.ui/examples/heap/permissions/threads/BFilter_initPost_accessible.key 
218721     DEBUG main            d.u.i.k.p.i.AbstractProblemLoader Environment load took 220.51ns 
218722     INFO  main            d.u.i.k.p.i.AbstractProblemLoader Creating init config 
223971     DEBUG main            d.u.i.k.p.i.AbstractProblemLoader Init config took 5.25s 
224064     INFO  main            d.u.i.k.p.i.AbstractProblemLoader Replaying proof BFilter[ThreadSpec2::initPost()].JML accessible clause.0 
224065     DEBUG main            d.u.i.k.p.i.IntermediateProofReplayer Proof replay took 7.9ns 
224168     INFO  main            d.u.i.k.p.r.p.TestFile    ... finished proof: closed. 
224523     INFO  main            d.u.i.k.p.i.AbstractProblemLoader Loading environment from /home/runner/work/key/key/key.core/../key.ui/examples/heap/permissions/threads/BFilter_initPost_accessible.key.proof 
224524     DEBUG main            d.u.i.k.p.i.AbstractProblemLoader Environment load took 133.2ns 
224526     INFO  main            d.u.i.k.p.i.AbstractProblemLoader Creating init config 
229772     DEBUG main            d.u.i.k.p.i.AbstractProblemLoader Init config took 5.25s 
229876     INFO  main            d.u.i.k.p.i.AbstractProblemLoader Replaying proof BFilter[ThreadSpec2::initPost()].JML accessible clause.0 
229891     DEBUG main            d.u.i.k.p.i.IntermediateProofReplayer Proof replay took 12.29ms 
229892     DEBUG main            d.u.i.k.p.r.p.TestFile    ... success: reloaded. 
229893     INFO  main            d.u.i.k.p.r.p.TestFile    Now processing file /home/runner/work/key/key/key.core/../key.ui/examples/heap/permissions/threads/BFilter_inv_accessible1.key 
229893     INFO  main            d.u.i.k.p.i.AbstractProblemLoader Loading environment from /home/runner/work/key/key/key.core/../key.ui/examples/heap/permissions/threads/BFilter_inv_accessible1.key 
229894     DEBUG main            d.u.i.k.p.i.AbstractProblemLoader Environment load took 139.21ns 
229895     INFO  main            d.u.i.k.p.i.AbstractProblemLoader Creating init config 
235603     DEBUG main            d.u.i.k.p.i.AbstractProblemLoader Init config took 5.71s 
235692     INFO  main            d.u.i.k.p.i.AbstractProblemLoader Replaying proof BFilter[java.lang.Object::<inv>()].JML accessible clause.0 
235694     DEBUG main            d.u.i.k.p.i.IntermediateProofReplayer Proof replay took 7.3ns 
235796     INFO  main            d.u.i.k.p.r.p.TestFile    ... finished proof: closed. 
236151     INFO  main            d.u.i.k.p.i.AbstractProblemLoader Loading environment from /home/runner/work/key/key/key.core/../key.ui/examples/heap/permissions/threads/BFilter_inv_accessible1.key.proof 
236151     DEBUG main            d.u.i.k.p.i.AbstractProblemLoader Environment load took 113.6ns 
236152     INFO  main            d.u.i.k.p.i.AbstractProblemLoader Creating init config 
241904     DEBUG main            d.u.i.k.p.i.AbstractProblemLoader Init config took 5.75s 
242001     INFO  main            d.u.i.k.p.i.AbstractProblemLoader Replaying proof BFilter[java.lang.Object::<inv>()].JML accessible clause.0 
242005     DEBUG main            d.u.i.k.p.i.IntermediateProofReplayer Proof replay took 2.01ms 
242006     DEBUG main            d.u.i.k.p.r.p.TestFile    ... success: reloaded. 
242007     INFO  main            d.u.i.k.p.r.p.TestFile    Now processing file /home/runner/work/key/key/key.core/../key.ui/examples/heap/permissions/threads/BFilter_inv_accessible2.key 
242007     INFO  main            d.u.i.k.p.i.AbstractProblemLoader Loading environment from /home/runner/work/key/key/key.core/../key.ui/examples/heap/permissions/threads/BFilter_inv_accessible2.key 
242007     DEBUG main            d.u.i.k.p.i.AbstractProblemLoader Environment load took 105.3ns 
242009     INFO  main            d.u.i.k.p.i.AbstractProblemLoader Creating init config 
247416     DEBUG main            d.u.i.k.p.i.AbstractProblemLoader Init config took 5.41s 
247526     INFO  main            d.u.i.k.p.i.AbstractProblemLoader Replaying proof BFilter[java.lang.Object::<inv>()].JML accessible clause.1 
247528     DEBUG main            d.u.i.k.p.i.IntermediateProofReplayer Proof replay took 8ns 
247631     INFO  main            d.u.i.k.p.r.p.TestFile    ... finished proof: closed. 
247979     INFO  main            d.u.i.k.p.i.AbstractProblemLoader Loading environment from /home/runner/work/key/key/key.core/../key.ui/examples/heap/permissions/threads/BFilter_inv_accessible2.key.proof 
247979     DEBUG main            d.u.i.k.p.i.AbstractProblemLoader Environment load took 108.8ns 
247980     INFO  main            d.u.i.k.p.i.AbstractProblemLoader Creating init config 
253346     DEBUG main            d.u.i.k.p.i.AbstractProblemLoader Init config took 5.37s 
253440     INFO  main            d.u.i.k.p.i.AbstractProblemLoader Replaying proof BFilter[java.lang.Object::<inv>()].JML accessible clause.1 
253445     DEBUG main            d.u.i.k.p.i.IntermediateProofReplayer Proof replay took 2.2ms 
253450     DEBUG main            d.u.i.k.p.r.p.TestFile    ... success: reloaded. 
253451     INFO  main            d.u.i.k.p.r.p.TestFile    Now processing file /home/runner/work/key/key/key.core/../key.ui/examples/heap/permissions/threads/BFilter_joinTransfer_accessible.key 
253452     INFO  main            d.u.i.k.p.i.AbstractProblemLoader Loading environment from /home/runner/work/key/key/key.core/../key.ui/examples/heap/permissions/threads/BFilter_joinTransfer_accessible.key 
253452     DEBUG main            d.u.i.k.p.i.AbstractProblemLoader Environment load took 320.81ns 
253453     INFO  main            d.u.i.k.p.i.AbstractProblemLoader Creating init config 
258927     DEBUG main            d.u.i.k.p.i.AbstractProblemLoader Init config took 5.47s 
259019     INFO  main            d.u.i.k.p.i.AbstractProblemLoader Replaying proof BFilter[ThreadSpec2::joinTransfer()].JML accessible clause.0 
259020     DEBUG main            d.u.i.k.p.i.IntermediateProofReplayer Proof replay took 7.2ns 
260224     INFO  main            d.u.i.k.p.r.p.TestFile    ... finished proof: closed. 
260603     INFO  main            d.u.i.k.p.i.AbstractProblemLoader Loading environment from /home/runner/work/key/key/key.core/../key.ui/examples/heap/permissions/threads/BFilter_joinTransfer_accessible.key.proof 
260603     DEBUG main            d.u.i.k.p.i.AbstractProblemLoader Environment load took 439.21ns 
260605     INFO  main            d.u.i.k.p.i.AbstractProblemLoader Creating init config 
265929     DEBUG main            d.u.i.k.p.i.AbstractProblemLoader Init config took 5.32s 
266016     INFO  main            d.u.i.k.p.i.AbstractProblemLoader Replaying proof BFilter[ThreadSpec2::joinTransfer()].JML accessible clause.0 
266176     DEBUG main            d.u.i.k.p.i.IntermediateProofReplayer Proof replay took 154.85ms 
266178     DEBUG main            d.u.i.k.p.r.p.TestFile    ... success: reloaded. 
266182     INFO  main            d.u.i.k.p.r.p.TestFile    Now processing file /home/runner/work/key/key/key.core/../key.ui/examples/heap/permissions/threads/BFilter_joinTransfer_contract.key 
266182     INFO  main            d.u.i.k.p.i.AbstractProblemLoader Loading environment from /home/runner/work/key/key/key.core/../key.ui/examples/heap/permissions/threads/BFilter_joinTransfer_contract.key 
266182     DEBUG main            d.u.i.k.p.i.AbstractProblemLoader Environment load took 113.8ns 
266185     INFO  main            d.u.i.k.p.i.AbstractProblemLoader Creating init config 
271527     DEBUG main            d.u.i.k.p.i.AbstractProblemLoader Init config took 5.34s 
271623     INFO  main            d.u.i.k.p.i.AbstractProblemLoader Replaying proof BFilter[ThreadSpec2::joinTransfer()].JML model_behavior operation contract.0 
271625     DEBUG main            d.u.i.k.p.i.IntermediateProofReplayer Proof replay took 7.8ns 
271727     INFO  main            d.u.i.k.p.r.p.TestFile    ... finished proof: closed. 
272294     INFO  main            d.u.i.k.p.i.AbstractProblemLoader Loading environment from /home/runner/work/key/key/key.core/../key.ui/examples/heap/permissions/threads/BFilter_joinTransfer_contract.key.proof 
272294     DEBUG main            d.u.i.k.p.i.AbstractProblemLoader Environment load took 128.1ns 
272295     INFO  main            d.u.i.k.p.i.AbstractProblemLoader Creating init config 
277554     DEBUG main            d.u.i.k.p.i.AbstractProblemLoader Init config took 5.26s 
277657     INFO  main            d.u.i.k.p.i.AbstractProblemLoader Replaying proof BFilter[ThreadSpec2::joinTransfer()].JML model_behavior operation contract.0 
277668     DEBUG main            d.u.i.k.p.i.IntermediateProofReplayer Proof replay took 8.48ms 
277669     DEBUG main            d.u.i.k.p.r.p.TestFile    ... success: reloaded. 
277670     INFO  main            d.u.i.k.p.r.p.TestFile    Now processing file /home/runner/work/key/key/key.core/../key.ui/examples/heap/permissions/threads/BFilter_postJoin_accessible.key 
277670     INFO  main            d.u.i.k.p.i.AbstractProblemLoader Loading environment from /home/runner/work/key/key/key.core/../key.ui/examples/heap/permissions/threads/BFilter_postJoin_accessible.key 
277671     DEBUG main            d.u.i.k.p.i.AbstractProblemLoader Environment load took 270.11ns 
277672     INFO  main            d.u.i.k.p.i.AbstractProblemLoader Creating init config 
282969     DEBUG main            d.u.i.k.p.i.AbstractProblemLoader Init config took 5.3s 
283061     INFO  main            d.u.i.k.p.i.AbstractProblemLoader Replaying proof BFilter[ThreadSpec2::postJoin(java.lang.Object)].JML accessible clause.0 
283063     DEBUG main            d.u.i.k.p.i.IntermediateProofReplayer Proof replay took 8.2ns 
283175     INFO  main            d.u.i.k.p.r.p.TestFile    ... finished proof: closed. 
283631     INFO  main            d.u.i.k.p.i.AbstractProblemLoader Loading environment from /home/runner/work/key/key/key.core/../key.ui/examples/heap/permissions/threads/BFilter_postJoin_accessible.key.proof 
283631     DEBUG main            d.u.i.k.p.i.AbstractProblemLoader Environment load took 115.9ns 
283632     INFO  main            d.u.i.k.p.i.AbstractProblemLoader Creating init config 
288868     DEBUG main            d.u.i.k.p.i.AbstractProblemLoader Init config took 5.24s 
288966     INFO  main            d.u.i.k.p.i.AbstractProblemLoader Replaying proof BFilter[ThreadSpec2::postJoin(java.lang.Object)].JML accessible clause.0 
288975     DEBUG main            d.u.i.k.p.i.IntermediateProofReplayer Proof replay took 7.52ms 
288976     DEBUG main            d.u.i.k.p.r.p.TestFile    ... success: reloaded. 
288977     INFO  main            d.u.i.k.p.r.p.TestFile    Now processing file /home/runner/work/key/key/key.core/../key.ui/examples/heap/permissions/threads/BFilter_preStart_accessible.key 
288977     INFO  main            d.u.i.k.p.i.AbstractProblemLoader Loading environment from /home/runner/work/key/key/key.core/../key.ui/examples/heap/permissions/threads/BFilter_preStart_accessible.key 
288977     DEBUG main            d.u.i.k.p.i.AbstractProblemLoader Environment load took 115.1ns 
288978     INFO  main            d.u.i.k.p.i.AbstractProblemLoader Creating init config 
294337     DEBUG main            d.u.i.k.p.i.AbstractProblemLoader Init config took 5.36s 
294427     INFO  main            d.u.i.k.p.i.AbstractProblemLoader Replaying proof BFilter[ThreadSpec2::preStart(java.lang.Object)].JML accessible clause.0 
294429     DEBUG main            d.u.i.k.p.i.IntermediateProofReplayer Proof replay took 7.8ns 
294731     INFO  main            d.u.i.k.p.r.p.TestFile    ... finished proof: closed. 
295180     INFO  main            d.u.i.k.p.i.AbstractProblemLoader Loading environment from /home/runner/work/key/key/key.core/../key.ui/examples/heap/permissions/threads/BFilter_preStart_accessible.key.proof 
295180     DEBUG main            d.u.i.k.p.i.AbstractProblemLoader Environment load took 100.2ns 
295182     INFO  main            d.u.i.k.p.i.AbstractProblemLoader Creating init config 
300493     DEBUG main            d.u.i.k.p.i.AbstractProblemLoader Init config took 5.31s 
300578     INFO  main            d.u.i.k.p.i.AbstractProblemLoader Replaying proof BFilter[ThreadSpec2::preStart(java.lang.Object)].JML accessible clause.0 
300620     DEBUG main            d.u.i.k.p.i.IntermediateProofReplayer Proof replay took 39.05ms 
300621     DEBUG main            d.u.i.k.p.r.p.TestFile    ... success: reloaded. 
300622     INFO  main            d.u.i.k.p.r.p.TestFile    Now processing file /home/runner/work/key/key/key.core/../key.ui/examples/heap/permissions/threads/BFilter_startTransfer_accessible.key 
300623     INFO  main            d.u.i.k.p.i.AbstractProblemLoader Loading environment from /home/runner/work/key/key/key.core/../key.ui/examples/heap/permissions/threads/BFilter_startTransfer_accessible.key 
300623     DEBUG main            d.u.i.k.p.i.AbstractProblemLoader Environment load took 130.8ns 
300624     INFO  main            d.u.i.k.p.i.AbstractProblemLoader Creating init config 
306052     DEBUG main            d.u.i.k.p.i.AbstractProblemLoader Init config took 5.43s 
306154     INFO  main            d.u.i.k.p.i.AbstractProblemLoader Replaying proof BFilter[ThreadSpec2::startTransfer()].JML accessible clause.0 
306155     DEBUG main            d.u.i.k.p.i.IntermediateProofReplayer Proof replay took 7.7ns 
317038     INFO  main            d.u.i.k.p.r.p.TestFile    ... finished proof: closed. 
317471     INFO  main            d.u.i.k.p.i.AbstractProblemLoader Loading environment from /home/runner/work/key/key/key.core/../key.ui/examples/heap/permissions/threads/BFilter_startTransfer_accessible.key.proof 
317472     DEBUG main            d.u.i.k.p.i.AbstractProblemLoader Environment load took 346.31ns 
317473     INFO  main            d.u.i.k.p.i.AbstractProblemLoader Creating init config 
322709     DEBUG main            d.u.i.k.p.i.AbstractProblemLoader Init config took 5.24s 
322809     INFO  main            d.u.i.k.p.i.AbstractProblemLoader Replaying proof BFilter[ThreadSpec2::startTransfer()].JML accessible clause.0 
323738     DEBUG main            d.u.i.k.p.i.IntermediateProofReplayer Proof replay took 913.07ms 
323739     DEBUG main            d.u.i.k.p.r.p.TestFile    ... success: reloaded. 
323740     INFO  main            d.u.i.k.p.r.p.TestFile    Now processing file /home/runner/work/key/key/key.core/../key.ui/examples/heap/permissions/threads/BFilter_startTransfer_contract.key 
323741     INFO  main            d.u.i.k.p.i.AbstractProblemLoader Loading environment from /home/runner/work/key/key/key.core/../key.ui/examples/heap/permissions/threads/BFilter_startTransfer_contract.key 
323741     DEBUG main            d.u.i.k.p.i.AbstractProblemLoader Environment load took 98.9ns 
323742     INFO  main            d.u.i.k.p.i.AbstractProblemLoader Creating init config 
329232     DEBUG main            d.u.i.k.p.i.AbstractProblemLoader Init config took 5.49s 
329319     INFO  main            d.u.i.k.p.i.AbstractProblemLoader Replaying proof BFilter[ThreadSpec2::startTransfer()].JML model_behavior operation contract.0 
329321     DEBUG main            d.u.i.k.p.i.IntermediateProofReplayer Proof replay took 7.1ns 
330448     INFO  main            d.u.i.k.p.r.p.TestFile    ... finished proof: closed. 
330853     INFO  main            d.u.i.k.p.i.AbstractProblemLoader Loading environment from /home/runner/work/key/key/key.core/../key.ui/examples/heap/permissions/threads/BFilter_startTransfer_contract.key.proof 
330853     DEBUG main            d.u.i.k.p.i.AbstractProblemLoader Environment load took 107.5ns 
330854     INFO  main            d.u.i.k.p.i.AbstractProblemLoader Creating init config 
336194     DEBUG main            d.u.i.k.p.i.AbstractProblemLoader Init config took 5.34s 
336295     INFO  main            d.u.i.k.p.i.AbstractProblemLoader Replaying proof BFilter[ThreadSpec2::startTransfer()].JML model_behavior operation contract.0 
336426     DEBUG main            d.u.i.k.p.i.IntermediateProofReplayer Proof replay took 123.86ms 
336427     DEBUG main            d.u.i.k.p.r.p.TestFile    ... success: reloaded. 
336428     INFO  main            d.u.i.k.p.r.p.TestFile    Now processing file /home/runner/work/key/key/key.core/../key.ui/examples/heap/permissions/threads/BFilter_stateInv_accessible.key 
336429     INFO  main            d.u.i.k.p.i.AbstractProblemLoader Loading environment from /home/runner/work/key/key/key.core/../key.ui/examples/heap/permissions/threads/BFilter_stateInv_accessible.key 
336429     DEBUG main            d.u.i.k.p.i.AbstractProblemLoader Environment load took 97.7ns 
336430     INFO  main            d.u.i.k.p.i.AbstractProblemLoader Creating init config 
341950     DEBUG main            d.u.i.k.p.i.AbstractProblemLoader Init config took 5.52s 
342044     INFO  main            d.u.i.k.p.i.AbstractProblemLoader Replaying proof BFilter[ThreadSpec2::stateInv()].JML accessible clause.0 
342046     DEBUG main            d.u.i.k.p.i.IntermediateProofReplayer Proof replay took 8.2ns 
342348     INFO  main            d.u.i.k.p.r.p.TestFile    ... finished proof: closed. 
342774     INFO  main            d.u.i.k.p.i.AbstractProblemLoader Loading environment from /home/runner/work/key/key/key.core/../key.ui/examples/heap/permissions/threads/BFilter_stateInv_accessible.key.proof 
342775     DEBUG main            d.u.i.k.p.i.AbstractProblemLoader Environment load took 92.4ns 
342776     INFO  main            d.u.i.k.p.i.AbstractProblemLoader Creating init config 
348024     DEBUG main            d.u.i.k.p.i.AbstractProblemLoader Init config took 5.25s 
348124     INFO  main            d.u.i.k.p.i.AbstractProblemLoader Replaying proof BFilter[ThreadSpec2::stateInv()].JML accessible clause.0 
348171     DEBUG main            d.u.i.k.p.i.IntermediateProofReplayer Proof replay took 44.2ms 
348172     DEBUG main            d.u.i.k.p.r.p.TestFile    ... success: reloaded. 
348174     INFO  main            d.u.i.k.p.r.p.TestFile    Now processing file /home/runner/work/key/key/key.core/../key.ui/examples/heap/permissions/threads/BFilter_staticPermissions_accessible.key 
348174     INFO  main            d.u.i.k.p.i.AbstractProblemLoader Loading environment from /home/runner/work/key/key/key.core/../key.ui/examples/heap/permissions/threads/BFilter_staticPermissions_accessible.key 
348174     DEBUG main            d.u.i.k.p.i.AbstractProblemLoader Environment load took 102ns 
348175     INFO  main            d.u.i.k.p.i.AbstractProblemLoader Creating init config 
353538     DEBUG main            d.u.i.k.p.i.AbstractProblemLoader Init config took 5.36s 
353626     INFO  main            d.u.i.k.p.i.AbstractProblemLoader Replaying proof BFilter[ThreadSpec2::staticPermissions()].JML accessible clause.0 
353628     DEBUG main            d.u.i.k.p.i.IntermediateProofReplayer Proof replay took 7ns 
353731     INFO  main            d.u.i.k.p.r.p.TestFile    ... finished proof: closed. 
354163     INFO  main            d.u.i.k.p.i.AbstractProblemLoader Loading environment from /home/runner/work/key/key/key.core/../key.ui/examples/heap/permissions/threads/BFilter_staticPermissions_accessible.key.proof 
354163     DEBUG main            d.u.i.k.p.i.AbstractProblemLoader Environment load took 94.3ns 
354164     INFO  main            d.u.i.k.p.i.AbstractProblemLoader Creating init config 
359532     DEBUG main            d.u.i.k.p.i.AbstractProblemLoader Init config took 5.37s 
359619     INFO  main            d.u.i.k.p.i.AbstractProblemLoader Replaying proof BFilter[ThreadSpec2::staticPermissions()].JML accessible clause.0 
359631     DEBUG main            d.u.i.k.p.i.IntermediateProofReplayer Proof replay took 10.51ms 
359632     DEBUG main            d.u.i.k.p.r.p.TestFile    ... success: reloaded. 
359633     INFO  main            d.u.i.k.p.r.p.TestFile    Now processing file /home/runner/work/key/key/key.core/../key.ui/examples/heap/permissions/threads/BFilter_workingPermissions_accessible.key 
359633     INFO  main            d.u.i.k.p.i.AbstractProblemLoader Loading environment from /home/runner/work/key/key/key.core/../key.ui/examples/heap/permissions/threads/BFilter_workingPermissions_accessible.key 
359634     DEBUG main            d.u.i.k.p.i.AbstractProblemLoader Environment load took 116.1ns 
359635     INFO  main            d.u.i.k.p.i.AbstractProblemLoader Creating init config 
365101     DEBUG main            d.u.i.k.p.i.AbstractProblemLoader Init config took 5.47s 
365212     INFO  main            d.u.i.k.p.i.AbstractProblemLoader Replaying proof BFilter[ThreadSpec2::workingPermissions()].JML accessible clause.0 
365213     DEBUG main            d.u.i.k.p.i.IntermediateProofReplayer Proof replay took 8ns 
365318     INFO  main            d.u.i.k.p.r.p.TestFile    ... finished proof: closed. 
365748     INFO  main            d.u.i.k.p.i.AbstractProblemLoader Loading environment from /home/runner/work/key/key/key.core/../key.ui/examples/heap/permissions/threads/BFilter_workingPermissions_accessible.key.proof 
365748     DEBUG main            d.u.i.k.p.i.AbstractProblemLoader Environment load took 117ns 
365749     INFO  main            d.u.i.k.p.i.AbstractProblemLoader Creating init config 
371088     DEBUG main            d.u.i.k.p.i.AbstractProblemLoader Init config took 5.34s 
371185     INFO  main            d.u.i.k.p.i.AbstractProblemLoader Replaying proof BFilter[ThreadSpec2::workingPermissions()].JML accessible clause.0 
371200     DEBUG main            d.u.i.k.p.i.IntermediateProofReplayer Proof replay took 12.76ms 
371202     DEBUG main            d.u.i.k.p.r.p.TestFile    ... success: reloaded. 
371203     INFO  main            d.u.i.k.p.r.p.TestFile    Now processing file /home/runner/work/key/key/key.core/../key.ui/examples/heap/permissions/threads/Fib_Fib.key 
371203     INFO  main            d.u.i.k.p.i.AbstractProblemLoader Loading environment from /home/runner/work/key/key/key.core/../key.ui/examples/heap/permissions/threads/Fib_Fib.key 
371203     DEBUG main            d.u.i.k.p.i.AbstractProblemLoader Environment load took 106.6ns 
371204     INFO  main            d.u.i.k.p.i.AbstractProblemLoader Creating init config 
376683     DEBUG main            d.u.i.k.p.i.AbstractProblemLoader Init config took 5.48s 
376768     INFO  main            d.u.i.k.p.i.AbstractProblemLoader Replaying proof Fib[Fib::Fib(int)].JML normal_behavior operation contract.0 
376769     DEBUG main            d.u.i.k.p.i.IntermediateProofReplayer Proof replay took 7.6ns 
377472     INFO  main            d.u.i.k.p.r.p.TestFile    ... finished proof: closed. 
377947     INFO  main            d.u.i.k.p.i.AbstractProblemLoader Loading environment from /home/runner/work/key/key/key.core/../key.ui/examples/heap/permissions/threads/Fib_Fib.key.proof 
377947     DEBUG main            d.u.i.k.p.i.AbstractProblemLoader Environment load took 102.3ns 
377948     INFO  main            d.u.i.k.p.i.AbstractProblemLoader Creating init config 
383165     DEBUG main            d.u.i.k.p.i.AbstractProblemLoader Init config took 5.22s 
383252     INFO  main            d.u.i.k.p.i.AbstractProblemLoader Replaying proof Fib[Fib::Fib(int)].JML normal_behavior operation contract.0 
383394     DEBUG main            d.u.i.k.p.i.IntermediateProofReplayer Proof replay took 139.3ms 
383396     DEBUG main            d.u.i.k.p.r.p.TestFile    ... success: reloaded. 
383397     INFO  main            d.u.i.k.p.r.p.TestFile    Now processing file /home/runner/work/key/key/key.core/../key.ui/examples/heap/permissions/threads/Fib_initPost_accessible.key 
383397     INFO  main            d.u.i.k.p.i.AbstractProblemLoader Loading environment from /home/runner/work/key/key/key.core/../key.ui/examples/heap/permissions/threads/Fib_initPost_accessible.key 
383398     DEBUG main            d.u.i.k.p.i.AbstractProblemLoader Environment load took 213.81ns 
383399     INFO  main            d.u.i.k.p.i.AbstractProblemLoader Creating init config 
388736     DEBUG main            d.u.i.k.p.i.AbstractProblemLoader Init config took 5.34s 
388820     INFO  main            d.u.i.k.p.i.AbstractProblemLoader Replaying proof Fib[ThreadSpec::initPost()].JML accessible clause.0 
388822     DEBUG main            d.u.i.k.p.i.IntermediateProofReplayer Proof replay took 7.3ns 
388924     INFO  main            d.u.i.k.p.r.p.TestFile    ... finished proof: closed. 
389353     INFO  main            d.u.i.k.p.i.AbstractProblemLoader Loading environment from /home/runner/work/key/key/key.core/../key.ui/examples/heap/permissions/threads/Fib_initPost_accessible.key.proof 
389353     DEBUG main            d.u.i.k.p.i.AbstractProblemLoader Environment load took 95ns 
389354     INFO  main            d.u.i.k.p.i.AbstractProblemLoader Creating init config 
394694     DEBUG main            d.u.i.k.p.i.AbstractProblemLoader Init config took 5.34s 
394779     INFO  main            d.u.i.k.p.i.AbstractProblemLoader Replaying proof Fib[ThreadSpec::initPost()].JML accessible clause.0 
394787     DEBUG main            d.u.i.k.p.i.IntermediateProofReplayer Proof replay took 6.1ms 
394788     DEBUG main            d.u.i.k.p.r.p.TestFile    ... success: reloaded. 
394788     INFO  main            d.u.i.k.p.r.p.TestFile    Now processing file /home/runner/work/key/key/key.core/../key.ui/examples/heap/permissions/threads/Fib_inv1_accessible.key 
394789     INFO  main            d.u.i.k.p.i.AbstractProblemLoader Loading environment from /home/runner/work/key/key/key.core/../key.ui/examples/heap/permissions/threads/Fib_inv1_accessible.key 
394789     DEBUG main            d.u.i.k.p.i.AbstractProblemLoader Environment load took 111ns 
394790     INFO  main            d.u.i.k.p.i.AbstractProblemLoader Creating init config 
400059     DEBUG main            d.u.i.k.p.i.AbstractProblemLoader Init config took 5.27s 
400165     INFO  main            d.u.i.k.p.i.AbstractProblemLoader Replaying proof Fib[java.lang.Object::<inv>()].JML accessible clause.0 
400167     DEBUG main            d.u.i.k.p.i.IntermediateProofReplayer Proof replay took 7.1ns 
400269     INFO  main            d.u.i.k.p.r.p.TestFile    ... finished proof: closed. 
400707     INFO  main            d.u.i.k.p.i.AbstractProblemLoader Loading environment from /home/runner/work/key/key/key.core/../key.ui/examples/heap/permissions/threads/Fib_inv1_accessible.key.proof 
400707     DEBUG main            d.u.i.k.p.i.AbstractProblemLoader Environment load took 98.3ns 
400708     INFO  main            d.u.i.k.p.i.AbstractProblemLoader Creating init config 
405771     DEBUG main            d.u.i.k.p.i.AbstractProblemLoader Init config took 5.06s 
405854     INFO  main            d.u.i.k.p.i.AbstractProblemLoader Replaying proof Fib[java.lang.Object::<inv>()].JML accessible clause.0 
405857     DEBUG main            d.u.i.k.p.i.IntermediateProofReplayer Proof replay took 1.83ms 
405858     DEBUG main            d.u.i.k.p.r.p.TestFile    ... success: reloaded. 
405859     INFO  main            d.u.i.k.p.r.p.TestFile    Now processing file /home/runner/work/key/key/key.core/../key.ui/examples/heap/permissions/threads/Fib_inv2_accessible.key 
405859     INFO  main            d.u.i.k.p.i.AbstractProblemLoader Loading environment from /home/runner/work/key/key/key.core/../key.ui/examples/heap/permissions/threads/Fib_inv2_accessible.key 
405859     DEBUG main            d.u.i.k.p.i.AbstractProblemLoader Environment load took 92.8ns 
405860     INFO  main            d.u.i.k.p.i.AbstractProblemLoader Creating init config 
411031     DEBUG main            d.u.i.k.p.i.AbstractProblemLoader Init config took 5.17s 
411114     INFO  main            d.u.i.k.p.i.AbstractProblemLoader Replaying proof Fib[java.lang.Object::<inv>()].JML accessible clause.1 
411115     DEBUG main            d.u.i.k.p.i.IntermediateProofReplayer Proof replay took 6.9ns 
411217     INFO  main            d.u.i.k.p.r.p.TestFile    ... finished proof: closed. 
411663     INFO  main            d.u.i.k.p.i.AbstractProblemLoader Loading environment from /home/runner/work/key/key/key.core/../key.ui/examples/heap/permissions/threads/Fib_inv2_accessible.key.proof 
411663     DEBUG main            d.u.i.k.p.i.AbstractProblemLoader Environment load took 94.4ns 
411664     INFO  main            d.u.i.k.p.i.AbstractProblemLoader Creating init config 
416650     DEBUG main            d.u.i.k.p.i.AbstractProblemLoader Init config took 4.99s 
416745     INFO  main            d.u.i.k.p.i.AbstractProblemLoader Replaying proof Fib[java.lang.Object::<inv>()].JML accessible clause.1 
416749     DEBUG main            d.u.i.k.p.i.IntermediateProofReplayer Proof replay took 1.86ms 
416749     DEBUG main            d.u.i.k.p.r.p.TestFile    ... success: reloaded. 
416750     INFO  main            d.u.i.k.p.r.p.TestFile    Now processing file /home/runner/work/key/key/key.core/../key.ui/examples/heap/permissions/threads/Fib_joinTransfer_accessible.key 
416751     INFO  main            d.u.i.k.p.i.AbstractProblemLoader Loading environment from /home/runner/work/key/key/key.core/../key.ui/examples/heap/permissions/threads/Fib_joinTransfer_accessible.key 
416751     DEBUG main            d.u.i.k.p.i.AbstractProblemLoader Environment load took 73.7ns 
416752     INFO  main            d.u.i.k.p.i.AbstractProblemLoader Creating init config 
421906     DEBUG main            d.u.i.k.p.i.AbstractProblemLoader Init config took 5.15s 
421999     INFO  main            d.u.i.k.p.i.AbstractProblemLoader Replaying proof Fib[ThreadSpec::joinTransfer()].JML accessible clause.0 
422000     DEBUG main            d.u.i.k.p.i.IntermediateProofReplayer Proof replay took 7.3ns 
422202     INFO  main            d.u.i.k.p.r.p.TestFile    ... finished proof: closed. 
422697     INFO  main            d.u.i.k.p.i.AbstractProblemLoader Loading environment from /home/runner/work/key/key/key.core/../key.ui/examples/heap/permissions/threads/Fib_joinTransfer_accessible.key.proof 
422698     DEBUG main            d.u.i.k.p.i.AbstractProblemLoader Environment load took 104.9ns 
422699     INFO  main            d.u.i.k.p.i.AbstractProblemLoader Creating init config 
427993     DEBUG main            d.u.i.k.p.i.AbstractProblemLoader Init config took 5.29s 
428090     INFO  main            d.u.i.k.p.i.AbstractProblemLoader Replaying proof Fib[ThreadSpec::joinTransfer()].JML accessible clause.0 
428123     DEBUG main            d.u.i.k.p.i.IntermediateProofReplayer Proof replay took 30.46ms 
428124     DEBUG main            d.u.i.k.p.r.p.TestFile    ... success: reloaded. 
428125     INFO  main            d.u.i.k.p.r.p.TestFile    Now processing file /home/runner/work/key/key/key.core/../key.ui/examples/heap/permissions/threads/Fib_joinTransfer_contract.key 
428125     INFO  main            d.u.i.k.p.i.AbstractProblemLoader Loading environment from /home/runner/work/key/key/key.core/../key.ui/examples/heap/permissions/threads/Fib_joinTransfer_contract.key 
428125     DEBUG main            d.u.i.k.p.i.AbstractProblemLoader Environment load took 63.5ns 
428127     INFO  main            d.u.i.k.p.i.AbstractProblemLoader Creating init config 
433234     DEBUG main            d.u.i.k.p.i.AbstractProblemLoader Init config took 5.11s 
433337     INFO  main            d.u.i.k.p.i.AbstractProblemLoader Replaying proof Fib[ThreadSpec::joinTransfer()].JML model_behavior operation contract.0 
433339     DEBUG main            d.u.i.k.p.i.IntermediateProofReplayer Proof replay took 6.5ns 
433440     INFO  main            d.u.i.k.p.r.p.TestFile    ... finished proof: closed. 
433890     INFO  main            d.u.i.k.p.i.AbstractProblemLoader Loading environment from /home/runner/work/key/key/key.core/../key.ui/examples/heap/permissions/threads/Fib_joinTransfer_contract.key.proof 
433890     DEBUG main            d.u.i.k.p.i.AbstractProblemLoader Environment load took 95.5ns 
433891     INFO  main            d.u.i.k.p.i.AbstractProblemLoader Creating init config 
438892     DEBUG main            d.u.i.k.p.i.AbstractProblemLoader Init config took 5s 
438979     INFO  main            d.u.i.k.p.i.AbstractProblemLoader Replaying proof Fib[ThreadSpec::joinTransfer()].JML model_behavior operation contract.0 
438990     DEBUG main            d.u.i.k.p.i.IntermediateProofReplayer Proof replay took 8.04ms 
438991     DEBUG main            d.u.i.k.p.r.p.TestFile    ... success: reloaded. 
438992     INFO  main            d.u.i.k.p.r.p.TestFile    Now processing file /home/runner/work/key/key/key.core/../key.ui/examples/heap/permissions/threads/Fib_postJoin_accessible.key 
438992     INFO  main            d.u.i.k.p.i.AbstractProblemLoader Loading environment from /home/runner/work/key/key/key.core/../key.ui/examples/heap/permissions/threads/Fib_postJoin_accessible.key 
438993     DEBUG main            d.u.i.k.p.i.AbstractProblemLoader Environment load took 175.41ns 
438994     INFO  main            d.u.i.k.p.i.AbstractProblemLoader Creating init config 
444187     DEBUG main            d.u.i.k.p.i.AbstractProblemLoader Init config took 5.19s 
444283     INFO  main            d.u.i.k.p.i.AbstractProblemLoader Replaying proof Fib[ThreadSpec::postJoin(java.lang.Object)].JML accessible clause.0 
444284     DEBUG main            d.u.i.k.p.i.IntermediateProofReplayer Proof replay took 7.3ns 
444386     INFO  main            d.u.i.k.p.r.p.TestFile    ... finished proof: closed. 
444862     INFO  main            d.u.i.k.p.i.AbstractProblemLoader Loading environment from /home/runner/work/key/key/key.core/../key.ui/examples/heap/permissions/threads/Fib_postJoin_accessible.key.proof 
444862     DEBUG main            d.u.i.k.p.i.AbstractProblemLoader Environment load took 76.2ns 
444863     INFO  main            d.u.i.k.p.i.AbstractProblemLoader Creating init config 
449910     DEBUG main            d.u.i.k.p.i.AbstractProblemLoader Init config took 5.05s 
449992     INFO  main            d.u.i.k.p.i.AbstractProblemLoader Replaying proof Fib[ThreadSpec::postJoin(java.lang.Object)].JML accessible clause.0 
450000     DEBUG main            d.u.i.k.p.i.IntermediateProofReplayer Proof replay took 6.16ms 
450001     DEBUG main            d.u.i.k.p.r.p.TestFile    ... success: reloaded. 
450002     INFO  main            d.u.i.k.p.r.p.TestFile    Now processing file /home/runner/work/key/key/key.core/../key.ui/examples/heap/permissions/threads/Fib_preStart_accessible.key 
450003     INFO  main            d.u.i.k.p.i.AbstractProblemLoader Loading environment from /home/runner/work/key/key/key.core/../key.ui/examples/heap/permissions/threads/Fib_preStart_accessible.key 
450003     DEBUG main            d.u.i.k.p.i.AbstractProblemLoader Environment load took 83.6ns 
450004     INFO  main            d.u.i.k.p.i.AbstractProblemLoader Creating init config 
455169     DEBUG main            d.u.i.k.p.i.AbstractProblemLoader Init config took 5.17s 
455256     INFO  main            d.u.i.k.p.i.AbstractProblemLoader Replaying proof Fib[ThreadSpec::preStart(java.lang.Object)].JML accessible clause.0 
455257     DEBUG main            d.u.i.k.p.i.IntermediateProofReplayer Proof replay took 7.1ns 
455359     INFO  main            d.u.i.k.p.r.p.TestFile    ... finished proof: closed. 
455845     INFO  main            d.u.i.k.p.i.AbstractProblemLoader Loading environment from /home/runner/work/key/key/key.core/../key.ui/examples/heap/permissions/threads/Fib_preStart_accessible.key.proof 
455845     DEBUG main            d.u.i.k.p.i.AbstractProblemLoader Environment load took 79ns 
455846     INFO  main            d.u.i.k.p.i.AbstractProblemLoader Creating init config 
460860     DEBUG main            d.u.i.k.p.i.AbstractProblemLoader Init config took 5.01s 
460943     INFO  main            d.u.i.k.p.i.AbstractProblemLoader Replaying proof Fib[ThreadSpec::preStart(java.lang.Object)].JML accessible clause.0 
460950     DEBUG main            d.u.i.k.p.i.IntermediateProofReplayer Proof replay took 5.85ms 
460951     DEBUG main            d.u.i.k.p.r.p.TestFile    ... success: reloaded. 
460952     INFO  main            d.u.i.k.p.r.p.TestFile    Now processing file /home/runner/work/key/key/key.core/../key.ui/examples/heap/permissions/threads/Fib_startTransfer_accessible.key 
460952     INFO  main            d.u.i.k.p.i.AbstractProblemLoader Loading environment from /home/runner/work/key/key/key.core/../key.ui/examples/heap/permissions/threads/Fib_startTransfer_accessible.key 
460952     DEBUG main            d.u.i.k.p.i.AbstractProblemLoader Environment load took 91.1ns 
460953     INFO  main            d.u.i.k.p.i.AbstractProblemLoader Creating init config 
466124     DEBUG main            d.u.i.k.p.i.AbstractProblemLoader Init config took 5.17s 
466208     INFO  main            d.u.i.k.p.i.AbstractProblemLoader Replaying proof Fib[ThreadSpec::startTransfer()].JML accessible clause.0 
466210     DEBUG main            d.u.i.k.p.i.IntermediateProofReplayer Proof replay took 6.9ns 
466415     INFO  main            d.u.i.k.p.r.p.TestFile    ... finished proof: closed. 
466892     INFO  main            d.u.i.k.p.i.AbstractProblemLoader Loading environment from /home/runner/work/key/key/key.core/../key.ui/examples/heap/permissions/threads/Fib_startTransfer_accessible.key.proof 
466893     DEBUG main            d.u.i.k.p.i.AbstractProblemLoader Environment load took 79.1ns 
466893     INFO  main            d.u.i.k.p.i.AbstractProblemLoader Creating init config 
471869     DEBUG main            d.u.i.k.p.i.AbstractProblemLoader Init config took 4.98s 
471950     INFO  main            d.u.i.k.p.i.AbstractProblemLoader Replaying proof Fib[ThreadSpec::startTransfer()].JML accessible clause.0 
471998     DEBUG main            d.u.i.k.p.i.IntermediateProofReplayer Proof replay took 45.59ms 
471999     DEBUG main            d.u.i.k.p.r.p.TestFile    ... success: reloaded. 
472000     INFO  main            d.u.i.k.p.r.p.TestFile    Now processing file /home/runner/work/key/key/key.core/../key.ui/examples/heap/permissions/threads/Fib_startTransfer_contract.key 
472000     INFO  main            d.u.i.k.p.i.AbstractProblemLoader Loading environment from /home/runner/work/key/key/key.core/../key.ui/examples/heap/permissions/threads/Fib_startTransfer_contract.key 
472000     DEBUG main            d.u.i.k.p.i.AbstractProblemLoader Environment load took 110.1ns 
472002     INFO  main            d.u.i.k.p.i.AbstractProblemLoader Creating init config 
477077     DEBUG main            d.u.i.k.p.i.AbstractProblemLoader Init config took 5.08s 
477183     INFO  main            d.u.i.k.p.i.AbstractProblemLoader Replaying proof Fib[ThreadSpec::startTransfer()].JML model_behavior operation contract.0 
477184     DEBUG main            d.u.i.k.p.i.IntermediateProofReplayer Proof replay took 6.9ns 
477285     INFO  main            d.u.i.k.p.r.p.TestFile    ... finished proof: closed. 
477812     INFO  main            d.u.i.k.p.i.AbstractProblemLoader Loading environment from /home/runner/work/key/key/key.core/../key.ui/examples/heap/permissions/threads/Fib_startTransfer_contract.key.proof 
477812     DEBUG main            d.u.i.k.p.i.AbstractProblemLoader Environment load took 81.6ns 
477813     INFO  main            d.u.i.k.p.i.AbstractProblemLoader Creating init config 
482903     DEBUG main            d.u.i.k.p.i.AbstractProblemLoader Init config took 5.09s 
483018     INFO  main            d.u.i.k.p.i.AbstractProblemLoader Replaying proof Fib[ThreadSpec::startTransfer()].JML model_behavior operation contract.0 
483028     DEBUG main            d.u.i.k.p.i.IntermediateProofReplayer Proof replay took 8.32ms 
483029     DEBUG main            d.u.i.k.p.r.p.TestFile    ... success: reloaded. 
483030     INFO  main            d.u.i.k.p.r.p.TestFile    Now processing file /home/runner/work/key/key/key.core/../key.ui/examples/heap/permissions/threads/Fib_workingPermissions_accessible.key 
483030     INFO  main            d.u.i.k.p.i.AbstractProblemLoader Loading environment from /home/runner/work/key/key/key.core/../key.ui/examples/heap/permissions/threads/Fib_workingPermissions_accessible.key 
483030     DEBUG main            d.u.i.k.p.i.AbstractProblemLoader Environment load took 96.6ns 
483031     INFO  main            d.u.i.k.p.i.AbstractProblemLoader Creating init config 
488166     DEBUG main            d.u.i.k.p.i.AbstractProblemLoader Init config took 5.13s 
488253     INFO  main            d.u.i.k.p.i.AbstractProblemLoader Replaying proof Fib[ThreadSpec::workingPermissions()].JML accessible clause.0 
488255     DEBUG main            d.u.i.k.p.i.IntermediateProofReplayer Proof replay took 7ns 
488357     INFO  main            d.u.i.k.p.r.p.TestFile    ... finished proof: closed. 
488844     INFO  main            d.u.i.k.p.i.AbstractProblemLoader Loading environment from /home/runner/work/key/key/key.core/../key.ui/examples/heap/permissions/threads/Fib_workingPermissions_accessible.key.proof 
488844     DEBUG main            d.u.i.k.p.i.AbstractProblemLoader Environment load took 75.5ns 
488845     INFO  main            d.u.i.k.p.i.AbstractProblemLoader Creating init config 
493856     DEBUG main            d.u.i.k.p.i.AbstractProblemLoader Init config took 5.01s 
493949     INFO  main            d.u.i.k.p.i.AbstractProblemLoader Replaying proof Fib[ThreadSpec::workingPermissions()].JML accessible clause.0 
493953     DEBUG main            d.u.i.k.p.i.IntermediateProofReplayer Proof replay took 2.08ms 
493953     DEBUG main            d.u.i.k.p.r.p.TestFile    ... success: reloaded. 
493954     INFO  main            d.u.i.k.p.r.p.TestFile    Now processing file /home/runner/work/key/key/key.core/../key.ui/examples/heap/permissions/threads/Plotter_initPost_accessible.key 
493955     INFO  main            d.u.i.k.p.i.AbstractProblemLoader Loading environment from /home/runner/work/key/key/key.core/../key.ui/examples/heap/permissions/threads/Plotter_initPost_accessible.key 
493955     DEBUG main            d.u.i.k.p.i.AbstractProblemLoader Environment load took 87.4ns 
493955     INFO  main            d.u.i.k.p.i.AbstractProblemLoader Creating init config 
499057     DEBUG main            d.u.i.k.p.i.AbstractProblemLoader Init config took 5.1s 
499137     INFO  main            d.u.i.k.p.i.AbstractProblemLoader Replaying proof Plotter[ThreadSpec2::initPost()].JML accessible clause.0 
499139     DEBUG main            d.u.i.k.p.i.IntermediateProofReplayer Proof replay took 7.5ns 
499243     INFO  main            d.u.i.k.p.r.p.TestFile    ... finished proof: closed. 
499724     INFO  main            d.u.i.k.p.i.AbstractProblemLoader Loading environment from /home/runner/work/key/key/key.core/../key.ui/examples/heap/permissions/threads/Plotter_initPost_accessible.key.proof 
499724     DEBUG main            d.u.i.k.p.i.AbstractProblemLoader Environment load took 77.8ns 
499725     INFO  main            d.u.i.k.p.i.AbstractProblemLoader Creating init config 
504852     DEBUG main            d.u.i.k.p.i.AbstractProblemLoader Init config took 5.13s 
504937     INFO  main            d.u.i.k.p.i.AbstractProblemLoader Replaying proof Plotter[ThreadSpec2::initPost()].JML accessible clause.0 
504954     DEBUG main            d.u.i.k.p.i.IntermediateProofReplayer Proof replay took 15.22ms 
504954     DEBUG main            d.u.i.k.p.r.p.TestFile    ... success: reloaded. 
504955     INFO  main            d.u.i.k.p.r.p.TestFile    Now processing file /home/runner/work/key/key/key.core/../key.ui/examples/heap/permissions/threads/Plotter_inv_accessible1.key 
504955     INFO  main            d.u.i.k.p.i.AbstractProblemLoader Loading environment from /home/runner/work/key/key/key.core/../key.ui/examples/heap/permissions/threads/Plotter_inv_accessible1.key 
504955     DEBUG main            d.u.i.k.p.i.AbstractProblemLoader Environment load took 47.6ns 
504956     INFO  main            d.u.i.k.p.i.AbstractProblemLoader Creating init config 
510216     DEBUG main            d.u.i.k.p.i.AbstractProblemLoader Init config took 5.26s 
510305     INFO  main            d.u.i.k.p.i.AbstractProblemLoader Replaying proof Plotter[java.lang.Object::<inv>()].JML accessible clause.0 
510307     DEBUG main            d.u.i.k.p.i.IntermediateProofReplayer Proof replay took 8.5ns 
510409     INFO  main            d.u.i.k.p.r.p.TestFile    ... finished proof: closed. 
510928     INFO  main            d.u.i.k.p.i.AbstractProblemLoader Loading environment from /home/runner/work/key/key/key.core/../key.ui/examples/heap/permissions/threads/Plotter_inv_accessible1.key.proof 
510928     DEBUG main            d.u.i.k.p.i.AbstractProblemLoader Environment load took 102.2ns 
510929     INFO  main            d.u.i.k.p.i.AbstractProblemLoader Creating init config 
516149     DEBUG main            d.u.i.k.p.i.AbstractProblemLoader Init config took 5.22s 
516233     INFO  main            d.u.i.k.p.i.AbstractProblemLoader Replaying proof Plotter[java.lang.Object::<inv>()].JML accessible clause.0 
516237     DEBUG main            d.u.i.k.p.i.IntermediateProofReplayer Proof replay took 2ms 
516238     DEBUG main            d.u.i.k.p.r.p.TestFile    ... success: reloaded. 
516238     INFO  main            d.u.i.k.p.r.p.TestFile    Now processing file /home/runner/work/key/key/key.core/../key.ui/examples/heap/permissions/threads/Plotter_inv_accessible2.key 
516239     INFO  main            d.u.i.k.p.i.AbstractProblemLoader Loading environment from /home/runner/work/key/key/key.core/../key.ui/examples/heap/permissions/threads/Plotter_inv_accessible2.key 
516239     DEBUG main            d.u.i.k.p.i.AbstractProblemLoader Environment load took 84.4ns 
516240     INFO  main            d.u.i.k.p.i.AbstractProblemLoader Creating init config 
521528     DEBUG main            d.u.i.k.p.i.AbstractProblemLoader Init config took 5.29s 
521618     INFO  main            d.u.i.k.p.i.AbstractProblemLoader Replaying proof Plotter[java.lang.Object::<inv>()].JML accessible clause.1 
521620     DEBUG main            d.u.i.k.p.i.IntermediateProofReplayer Proof replay took 6.7ns 
521721     INFO  main            d.u.i.k.p.r.p.TestFile    ... finished proof: closed. 
522251     INFO  main            d.u.i.k.p.i.AbstractProblemLoader Loading environment from /home/runner/work/key/key/key.core/../key.ui/examples/heap/permissions/threads/Plotter_inv_accessible2.key.proof 
522251     DEBUG main            d.u.i.k.p.i.AbstractProblemLoader Environment load took 102.7ns 
522252     INFO  main            d.u.i.k.p.i.AbstractProblemLoader Creating init config 
527366     DEBUG main            d.u.i.k.p.i.AbstractProblemLoader Init config took 5.11s 
527450     INFO  main            d.u.i.k.p.i.AbstractProblemLoader Replaying proof Plotter[java.lang.Object::<inv>()].JML accessible clause.1 
527453     DEBUG main            d.u.i.k.p.i.IntermediateProofReplayer Proof replay took 1.72ms 
527454     DEBUG main            d.u.i.k.p.r.p.TestFile    ... success: reloaded. 
527455     INFO  main            d.u.i.k.p.r.p.TestFile    Now processing file /home/runner/work/key/key/key.core/../key.ui/examples/heap/permissions/threads/Plotter_joinTransfer_contract.key 
527455     INFO  main            d.u.i.k.p.i.AbstractProblemLoader Loading environment from /home/runner/work/key/key/key.core/../key.ui/examples/heap/permissions/threads/Plotter_joinTransfer_contract.key 
527455     DEBUG main            d.u.i.k.p.i.AbstractProblemLoader Environment load took 62.7ns 
527456     INFO  main            d.u.i.k.p.i.AbstractProblemLoader Creating init config 
532520     DEBUG main            d.u.i.k.p.i.AbstractProblemLoader Init config took 5.06s 
532611     INFO  main            d.u.i.k.p.i.AbstractProblemLoader Replaying proof Plotter[ThreadSpec2::joinTransfer()].JML model_behavior operation contract.0 
532613     DEBUG main            d.u.i.k.p.i.IntermediateProofReplayer Proof replay took 8.4ns 
532714     INFO  main            d.u.i.k.p.r.p.TestFile    ... finished proof: closed. 
533266     INFO  main            d.u.i.k.p.i.AbstractProblemLoader Loading environment from /home/runner/work/key/key/key.core/../key.ui/examples/heap/permissions/threads/Plotter_joinTransfer_contract.key.proof 
533266     DEBUG main            d.u.i.k.p.i.AbstractProblemLoader Environment load took 101.9ns 
533267     INFO  main            d.u.i.k.p.i.AbstractProblemLoader Creating init config 
538309     DEBUG main            d.u.i.k.p.i.AbstractProblemLoader Init config took 5.04s 
538397     INFO  main            d.u.i.k.p.i.AbstractProblemLoader Replaying proof Plotter[ThreadSpec2::joinTransfer()].JML model_behavior operation contract.0 
538408     DEBUG main            d.u.i.k.p.i.IntermediateProofReplayer Proof replay took 9.33ms 
538409     DEBUG main            d.u.i.k.p.r.p.TestFile    ... success: reloaded. 
538409     INFO  main            d.u.i.k.p.r.p.TestFile    Now processing file /home/runner/work/key/key/key.core/../key.ui/examples/heap/permissions/threads/Plotter_Plotter.key 
538411     INFO  main            d.u.i.k.p.i.AbstractProblemLoader Loading environment from /home/runner/work/key/key/key.core/../key.ui/examples/heap/permissions/threads/Plotter_Plotter.key 
538411     DEBUG main            d.u.i.k.p.i.AbstractProblemLoader Environment load took 62.8ns 
538412     INFO  main            d.u.i.k.p.i.AbstractProblemLoader Creating init config 
543637     DEBUG main            d.u.i.k.p.i.AbstractProblemLoader Init config took 5.23s 
543748     INFO  main            d.u.i.k.p.i.AbstractProblemLoader Replaying proof Plotter[Plotter::Plotter(AFilter,BFilter,Buffer)].JML normal_behavior operation contract.0 
543750     DEBUG main            d.u.i.k.p.i.IntermediateProofReplayer Proof replay took 7.2ns 
545610     INFO  main            d.u.i.k.p.r.p.TestFile    ... finished proof: closed. 
546174     INFO  main            d.u.i.k.p.i.AbstractProblemLoader Loading environment from /home/runner/work/key/key/key.core/../key.ui/examples/heap/permissions/threads/Plotter_Plotter.key.proof 
546174     DEBUG main            d.u.i.k.p.i.AbstractProblemLoader Environment load took 336.11ns 
546175     INFO  main            d.u.i.k.p.i.AbstractProblemLoader Creating init config 
551246     DEBUG main            d.u.i.k.p.i.AbstractProblemLoader Init config took 5.07s 
551334     INFO  main            d.u.i.k.p.i.AbstractProblemLoader Replaying proof Plotter[Plotter::Plotter(AFilter,BFilter,Buffer)].JML normal_behavior operation contract.0 
551650     DEBUG main            d.u.i.k.p.i.IntermediateProofReplayer Proof replay took 310.58ms 
551651     DEBUG main            d.u.i.k.p.r.p.TestFile    ... success: reloaded. 
551652     INFO  main            d.u.i.k.p.r.p.TestFile    Now processing file /home/runner/work/key/key/key.core/../key.ui/examples/heap/permissions/threads/Plotter_postJoin_accessible.key 
551652     INFO  main            d.u.i.k.p.i.AbstractProblemLoader Loading environment from /home/runner/work/key/key/key.core/../key.ui/examples/heap/permissions/threads/Plotter_postJoin_accessible.key 
551652     DEBUG main            d.u.i.k.p.i.AbstractProblemLoader Environment load took 66.5ns 
551653     INFO  main            d.u.i.k.p.i.AbstractProblemLoader Creating init config 
556747     DEBUG main            d.u.i.k.p.i.AbstractProblemLoader Init config took 5.09s 
556827     INFO  main            d.u.i.k.p.i.AbstractProblemLoader Replaying proof Plotter[ThreadSpec2::postJoin(java.lang.Object)].JML accessible clause.0 
556829     DEBUG main            d.u.i.k.p.i.IntermediateProofReplayer Proof replay took 6.9ns 
557030     INFO  main            d.u.i.k.p.r.p.TestFile    ... finished proof: closed. 
557580     INFO  main            d.u.i.k.p.i.AbstractProblemLoader Loading environment from /home/runner/work/key/key/key.core/../key.ui/examples/heap/permissions/threads/Plotter_postJoin_accessible.key.proof 
557580     DEBUG main            d.u.i.k.p.i.AbstractProblemLoader Environment load took 79.1ns 
557581     INFO  main            d.u.i.k.p.i.AbstractProblemLoader Creating init config 
562645     DEBUG main            d.u.i.k.p.i.AbstractProblemLoader Init config took 5.06s 
562731     INFO  main            d.u.i.k.p.i.AbstractProblemLoader Replaying proof Plotter[ThreadSpec2::postJoin(java.lang.Object)].JML accessible clause.0 
562754     DEBUG main            d.u.i.k.p.i.IntermediateProofReplayer Proof replay took 13.42ms 
562755     DEBUG main            d.u.i.k.p.r.p.TestFile    ... success: reloaded. 
562757     INFO  main            d.u.i.k.p.r.p.TestFile    Now processing file /home/runner/work/key/key/key.core/../key.ui/examples/heap/permissions/threads/Plotter_preStart_accessible.key 
562757     INFO  main            d.u.i.k.p.i.AbstractProblemLoader Loading environment from /home/runner/work/key/key/key.core/../key.ui/examples/heap/permissions/threads/Plotter_preStart_accessible.key 
562757     DEBUG main            d.u.i.k.p.i.AbstractProblemLoader Environment load took 92.3ns 
562758     INFO  main            d.u.i.k.p.i.AbstractProblemLoader Creating init config 
567890     DEBUG main            d.u.i.k.p.i.AbstractProblemLoader Init config took 5.13s 
567971     INFO  main            d.u.i.k.p.i.AbstractProblemLoader Replaying proof Plotter[ThreadSpec2::preStart(java.lang.Object)].JML accessible clause.0 
567972     DEBUG main            d.u.i.k.p.i.IntermediateProofReplayer Proof replay took 7.7ns 
569076     INFO  main            d.u.i.k.p.r.p.TestFile    ... finished proof: closed. 
569686     INFO  main            d.u.i.k.p.i.AbstractProblemLoader Loading environment from /home/runner/work/key/key/key.core/../key.ui/examples/heap/permissions/threads/Plotter_preStart_accessible.key.proof 
569686     DEBUG main            d.u.i.k.p.i.AbstractProblemLoader Environment load took 93.7ns 
569688     INFO  main            d.u.i.k.p.i.AbstractProblemLoader Creating init config 
574773     DEBUG main            d.u.i.k.p.i.AbstractProblemLoader Init config took 5.09s 
574861     INFO  main            d.u.i.k.p.i.AbstractProblemLoader Replaying proof Plotter[ThreadSpec2::preStart(java.lang.Object)].JML accessible clause.0 
574963     DEBUG main            d.u.i.k.p.i.IntermediateProofReplayer Proof replay took 98.68ms 
574964     DEBUG main            d.u.i.k.p.r.p.TestFile    ... success: reloaded. 
574965     INFO  main            d.u.i.k.p.r.p.TestFile    Now processing file /home/runner/work/key/key/key.core/../key.ui/examples/heap/permissions/threads/Plotter_stateInv_accessible.key 
574965     INFO  main            d.u.i.k.p.i.AbstractProblemLoader Loading environment from /home/runner/work/key/key/key.core/../key.ui/examples/heap/permissions/threads/Plotter_stateInv_accessible.key 
574966     DEBUG main            d.u.i.k.p.i.AbstractProblemLoader Environment load took 97ns 
574967     INFO  main            d.u.i.k.p.i.AbstractProblemLoader Creating init config 
580199     DEBUG main            d.u.i.k.p.i.AbstractProblemLoader Init config took 5.23s 
580301     INFO  main            d.u.i.k.p.i.AbstractProblemLoader Replaying proof Plotter[ThreadSpec2::stateInv()].JML accessible clause.0 
580303     DEBUG main            d.u.i.k.p.i.IntermediateProofReplayer Proof replay took 7ns 
588430     INFO  main            d.u.i.k.p.r.p.TestFile    ... finished proof: closed. 
589053     INFO  main            d.u.i.k.p.i.AbstractProblemLoader Loading environment from /home/runner/work/key/key/key.core/../key.ui/examples/heap/permissions/threads/Plotter_stateInv_accessible.key.proof 
589053     DEBUG main            d.u.i.k.p.i.AbstractProblemLoader Environment load took 95.1ns 
589055     INFO  main            d.u.i.k.p.i.AbstractProblemLoader Creating init config 
594375     DEBUG main            d.u.i.k.p.i.AbstractProblemLoader Init config took 5.32s 
594457     INFO  main            d.u.i.k.p.i.AbstractProblemLoader Replaying proof Plotter[ThreadSpec2::stateInv()].JML accessible clause.0 
595257     DEBUG main            d.u.i.k.p.i.IntermediateProofReplayer Proof replay took 787.78ms 
595259     DEBUG main            d.u.i.k.p.r.p.TestFile    ... success: reloaded. 
595260     INFO  main            d.u.i.k.p.r.p.TestFile    Now processing file /home/runner/work/key/key/key.core/../key.ui/examples/heap/permissions/threads/Plotter_staticPermissions_accessible.key 
595260     INFO  main            d.u.i.k.p.i.AbstractProblemLoader Loading environment from /home/runner/work/key/key/key.core/../key.ui/examples/heap/permissions/threads/Plotter_staticPermissions_accessible.key 
595260     DEBUG main            d.u.i.k.p.i.AbstractProblemLoader Environment load took 96.4ns 
595261     INFO  main            d.u.i.k.p.i.AbstractProblemLoader Creating init config 
600575     DEBUG main            d.u.i.k.p.i.AbstractProblemLoader Init config took 5.31s 
600668     INFO  main            d.u.i.k.p.i.AbstractProblemLoader Replaying proof Plotter[ThreadSpec2::staticPermissions()].JML accessible clause.0 
600669     DEBUG main            d.u.i.k.p.i.IntermediateProofReplayer Proof replay took 36.3ns 
601472     INFO  main            d.u.i.k.p.r.p.TestFile    ... finished proof: closed. 
602042     INFO  main            d.u.i.k.p.i.AbstractProblemLoader Loading environment from /home/runner/work/key/key/key.core/../key.ui/examples/heap/permissions/threads/Plotter_staticPermissions_accessible.key.proof 
602042     DEBUG main            d.u.i.k.p.i.AbstractProblemLoader Environment load took 112.9ns 
602043     INFO  main            d.u.i.k.p.i.AbstractProblemLoader Creating init config 
607211     DEBUG main            d.u.i.k.p.i.AbstractProblemLoader Init config took 5.17s 
607320     INFO  main            d.u.i.k.p.i.AbstractProblemLoader Replaying proof Plotter[ThreadSpec2::staticPermissions()].JML accessible clause.0 
607398     DEBUG main            d.u.i.k.p.i.IntermediateProofReplayer Proof replay took 74.92ms 
607399     DEBUG main            d.u.i.k.p.r.p.TestFile    ... success: reloaded. 
607400     INFO  main            d.u.i.k.p.r.p.TestFile    Now processing file /home/runner/work/key/key/key.core/../key.ui/examples/heap/permissions/threads/Plotter_workingPermissions_accessible.key 
607400     INFO  main            d.u.i.k.p.i.AbstractProblemLoader Loading environment from /home/runner/work/key/key/key.core/../key.ui/examples/heap/permissions/threads/Plotter_workingPermissions_accessible.key 
607400     DEBUG main            d.u.i.k.p.i.AbstractProblemLoader Environment load took 115.5ns 
607401     INFO  main            d.u.i.k.p.i.AbstractProblemLoader Creating init config 
612681     DEBUG main            d.u.i.k.p.i.AbstractProblemLoader Init config took 5.28s 
612766     INFO  main            d.u.i.k.p.i.AbstractProblemLoader Replaying proof Plotter[ThreadSpec2::workingPermissions()].JML accessible clause.0 
612768     DEBUG main            d.u.i.k.p.i.IntermediateProofReplayer Proof replay took 4.3ns 
612970     INFO  main            d.u.i.k.p.r.p.TestFile    ... finished proof: closed. 
613569     INFO  main            d.u.i.k.p.i.AbstractProblemLoader Loading environment from /home/runner/work/key/key/key.core/../key.ui/examples/heap/permissions/threads/Plotter_workingPermissions_accessible.key.proof 
613570     DEBUG main            d.u.i.k.p.i.AbstractProblemLoader Environment load took 110.3ns 
613571     INFO  main            d.u.i.k.p.i.AbstractProblemLoader Creating init config 
618775     DEBUG main            d.u.i.k.p.i.AbstractProblemLoader Init config took 5.2s 
618882     INFO  main            d.u.i.k.p.i.AbstractProblemLoader Replaying proof Plotter[ThreadSpec2::workingPermissions()].JML accessible clause.0 
618902     DEBUG main            d.u.i.k.p.i.IntermediateProofReplayer Proof replay took 18.12ms 
618903     DEBUG main            d.u.i.k.p.r.p.TestFile    ... success: reloaded. 
618904     INFO  main            d.u.i.k.p.r.p.TestFile    Now processing file /home/runner/work/key/key/key.core/../key.ui/examples/heap/permissions/threads/Sampler_initPost_accessible.key 
618904     INFO  main            d.u.i.k.p.i.AbstractProblemLoader Loading environment from /home/runner/work/key/key/key.core/../key.ui/examples/heap/permissions/threads/Sampler_initPost_accessible.key 
618904     DEBUG main            d.u.i.k.p.i.AbstractProblemLoader Environment load took 56.7ns 
618905     INFO  main            d.u.i.k.p.i.AbstractProblemLoader Creating init config 
624123     DEBUG main            d.u.i.k.p.i.AbstractProblemLoader Init config took 5.22s 
624210     INFO  main            d.u.i.k.p.i.AbstractProblemLoader Replaying proof Sampler[ThreadSpec2::initPost()].JML accessible clause.0 
624212     DEBUG main            d.u.i.k.p.i.IntermediateProofReplayer Proof replay took 4.4ns 
624313     INFO  main            d.u.i.k.p.r.p.TestFile    ... finished proof: closed. 
624916     INFO  main            d.u.i.k.p.i.AbstractProblemLoader Loading environment from /home/runner/work/key/key/key.core/../key.ui/examples/heap/permissions/threads/Sampler_initPost_accessible.key.proof 
624916     DEBUG main            d.u.i.k.p.i.AbstractProblemLoader Environment load took 88.9ns 
624917     INFO  main            d.u.i.k.p.i.AbstractProblemLoader Creating init config 
630115     DEBUG main            d.u.i.k.p.i.AbstractProblemLoader Init config took 5.2s 
630220     INFO  main            d.u.i.k.p.i.AbstractProblemLoader Replaying proof Sampler[ThreadSpec2::initPost()].JML accessible clause.0 
630229     DEBUG main            d.u.i.k.p.i.IntermediateProofReplayer Proof replay took 7ms 
630230     DEBUG main            d.u.i.k.p.r.p.TestFile    ... success: reloaded. 
630231     INFO  main            d.u.i.k.p.r.p.TestFile    Now processing file /home/runner/work/key/key/key.core/../key.ui/examples/heap/permissions/threads/Sampler_inv_accessible1.key 
630231     INFO  main            d.u.i.k.p.i.AbstractProblemLoader Loading environment from /home/runner/work/key/key/key.core/../key.ui/examples/heap/permissions/threads/Sampler_inv_accessible1.key 
630231     DEBUG main            d.u.i.k.p.i.AbstractProblemLoader Environment load took 58ns 
630232     INFO  main            d.u.i.k.p.i.AbstractProblemLoader Creating init config 
635698     DEBUG main            d.u.i.k.p.i.AbstractProblemLoader Init config took 5.47s 
635781     INFO  main            d.u.i.k.p.i.AbstractProblemLoader Replaying proof Sampler[java.lang.Object::<inv>()].JML accessible clause.0 
635782     DEBUG main            d.u.i.k.p.i.IntermediateProofReplayer Proof replay took 4.1ns 
635886     INFO  main            d.u.i.k.p.r.p.TestFile    ... finished proof: closed. 
636501     INFO  main            d.u.i.k.p.i.AbstractProblemLoader Loading environment from /home/runner/work/key/key/key.core/../key.ui/examples/heap/permissions/threads/Sampler_inv_accessible1.key.proof 
636501     DEBUG main            d.u.i.k.p.i.AbstractProblemLoader Environment load took 119.6ns 
636502     INFO  main            d.u.i.k.p.i.AbstractProblemLoader Creating init config 
641974     DEBUG main            d.u.i.k.p.i.AbstractProblemLoader Init config took 5.47s 
642067     INFO  main            d.u.i.k.p.i.AbstractProblemLoader Replaying proof Sampler[java.lang.Object::<inv>()].JML accessible clause.0 
642070     DEBUG main            d.u.i.k.p.i.IntermediateProofReplayer Proof replay took 1.74ms 
642070     DEBUG main            d.u.i.k.p.r.p.TestFile    ... success: reloaded. 
642071     INFO  main            d.u.i.k.p.r.p.TestFile    Now processing file /home/runner/work/key/key/key.core/../key.ui/examples/heap/permissions/threads/Sampler_inv_accessible2.key 
642071     INFO  main            d.u.i.k.p.i.AbstractProblemLoader Loading environment from /home/runner/work/key/key/key.core/../key.ui/examples/heap/permissions/threads/Sampler_inv_accessible2.key 
642072     DEBUG main            d.u.i.k.p.i.AbstractProblemLoader Environment load took 53.6ns 
642072     INFO  main            d.u.i.k.p.i.AbstractProblemLoader Creating init config 
647686     DEBUG main            d.u.i.k.p.i.AbstractProblemLoader Init config took 5.61s 
647770     INFO  main            d.u.i.k.p.i.AbstractProblemLoader Replaying proof Sampler[java.lang.Object::<inv>()].JML accessible clause.1 
647772     DEBUG main            d.u.i.k.p.i.IntermediateProofReplayer Proof replay took 4.1ns 
647873     INFO  main            d.u.i.k.p.r.p.TestFile    ... finished proof: closed. 
648483     INFO  main            d.u.i.k.p.i.AbstractProblemLoader Loading environment from /home/runner/work/key/key/key.core/../key.ui/examples/heap/permissions/threads/Sampler_inv_accessible2.key.proof 
648483     DEBUG main            d.u.i.k.p.i.AbstractProblemLoader Environment load took 82.9ns 
648484     INFO  main            d.u.i.k.p.i.AbstractProblemLoader Creating init config 
653736     DEBUG main            d.u.i.k.p.i.AbstractProblemLoader Init config took 5.25s 
653830     INFO  main            d.u.i.k.p.i.AbstractProblemLoader Replaying proof Sampler[java.lang.Object::<inv>()].JML accessible clause.1 
653833     DEBUG main            d.u.i.k.p.i.IntermediateProofReplayer Proof replay took 1.85ms 
653834     DEBUG main            d.u.i.k.p.r.p.TestFile    ... success: reloaded. 
653835     INFO  main            d.u.i.k.p.r.p.TestFile    Now processing file /home/runner/work/key/key/key.core/../key.ui/examples/heap/permissions/threads/Sampler_joinTransfer_accessible.key 
653835     INFO  main            d.u.i.k.p.i.AbstractProblemLoader Loading environment from /home/runner/work/key/key/key.core/../key.ui/examples/heap/permissions/threads/Sampler_joinTransfer_accessible.key 
653835     DEBUG main            d.u.i.k.p.i.AbstractProblemLoader Environment load took 83ns 
653836     INFO  main            d.u.i.k.p.i.AbstractProblemLoader Creating init config 
659123     DEBUG main            d.u.i.k.p.i.AbstractProblemLoader Init config took 5.29s 
659213     INFO  main            d.u.i.k.p.i.AbstractProblemLoader Replaying proof Sampler[ThreadSpec2::joinTransfer()].JML accessible clause.0 
659214     DEBUG main            d.u.i.k.p.i.IntermediateProofReplayer Proof replay took 4.2ns 
662948     INFO  main            d.u.i.k.p.r.p.TestFile    ... finished proof: closed. 
663563     INFO  main            d.u.i.k.p.i.AbstractProblemLoader Loading environment from /home/runner/work/key/key/key.core/../key.ui/examples/heap/permissions/threads/Sampler_joinTransfer_accessible.key.proof 
663563     DEBUG main            d.u.i.k.p.i.AbstractProblemLoader Environment load took 303.61ns 
663565     INFO  main            d.u.i.k.p.i.AbstractProblemLoader Creating init config 
668788     DEBUG main            d.u.i.k.p.i.AbstractProblemLoader Init config took 5.22s 
668874     INFO  main            d.u.i.k.p.i.AbstractProblemLoader Replaying proof Sampler[ThreadSpec2::joinTransfer()].JML accessible clause.0 
669534     DEBUG main            d.u.i.k.p.i.IntermediateProofReplayer Proof replay took 649.92ms 
669536     DEBUG main            d.u.i.k.p.r.p.TestFile    ... success: reloaded. 
669537     INFO  main            d.u.i.k.p.r.p.TestFile    Now processing file /home/runner/work/key/key/key.core/../key.ui/examples/heap/permissions/threads/Sampler_joinTransfer_contract.key 
669537     INFO  main            d.u.i.k.p.i.AbstractProblemLoader Loading environment from /home/runner/work/key/key/key.core/../key.ui/examples/heap/permissions/threads/Sampler_joinTransfer_contract.key 
669537     DEBUG main            d.u.i.k.p.i.AbstractProblemLoader Environment load took 88.4ns 
669538     INFO  main            d.u.i.k.p.i.AbstractProblemLoader Creating init config 
674933     DEBUG main            d.u.i.k.p.i.AbstractProblemLoader Init config took 5.39s 
675020     INFO  main            d.u.i.k.p.i.AbstractProblemLoader Replaying proof Sampler[ThreadSpec2::joinTransfer()].JML model_behavior operation contract.0 
675022     DEBUG main            d.u.i.k.p.i.IntermediateProofReplayer Proof replay took 4.1ns 
675123     INFO  main            d.u.i.k.p.r.p.TestFile    ... finished proof: closed. 
675752     INFO  main            d.u.i.k.p.i.AbstractProblemLoader Loading environment from /home/runner/work/key/key/key.core/../key.ui/examples/heap/permissions/threads/Sampler_joinTransfer_contract.key.proof 
675753     DEBUG main            d.u.i.k.p.i.AbstractProblemLoader Environment load took 88ns 
675753     INFO  main            d.u.i.k.p.i.AbstractProblemLoader Creating init config 
680945     DEBUG main            d.u.i.k.p.i.AbstractProblemLoader Init config took 5.19s 
681032     INFO  main            d.u.i.k.p.i.AbstractProblemLoader Replaying proof Sampler[ThreadSpec2::joinTransfer()].JML model_behavior operation contract.0 
681042     DEBUG main            d.u.i.k.p.i.IntermediateProofReplayer Proof replay took 9.05ms 
681043     DEBUG main            d.u.i.k.p.r.p.TestFile    ... success: reloaded. 
681044     INFO  main            d.u.i.k.p.r.p.TestFile    Now processing file /home/runner/work/key/key/key.core/../key.ui/examples/heap/permissions/threads/Sampler_postJoin_accessible.key 
681044     INFO  main            d.u.i.k.p.i.AbstractProblemLoader Loading environment from /home/runner/work/key/key/key.core/../key.ui/examples/heap/permissions/threads/Sampler_postJoin_accessible.key 
681044     DEBUG main            d.u.i.k.p.i.AbstractProblemLoader Environment load took 92ns 
681045     INFO  main            d.u.i.k.p.i.AbstractProblemLoader Creating init config 
686288     DEBUG main            d.u.i.k.p.i.AbstractProblemLoader Init config took 5.24s 
686374     INFO  main            d.u.i.k.p.i.AbstractProblemLoader Replaying proof Sampler[ThreadSpec2::postJoin(java.lang.Object)].JML accessible clause.0 
686375     DEBUG main            d.u.i.k.p.i.IntermediateProofReplayer Proof replay took 10.8ns 
686477     INFO  main            d.u.i.k.p.r.p.TestFile    ... finished proof: closed. 
687109     INFO  main            d.u.i.k.p.i.AbstractProblemLoader Loading environment from /home/runner/work/key/key/key.core/../key.ui/examples/heap/permissions/threads/Sampler_postJoin_accessible.key.proof 
687109     DEBUG main            d.u.i.k.p.i.AbstractProblemLoader Environment load took 75.9ns 
687110     INFO  main            d.u.i.k.p.i.AbstractProblemLoader Creating init config 
692221     DEBUG main            d.u.i.k.p.i.AbstractProblemLoader Init config took 5.11s 
692302     INFO  main            d.u.i.k.p.i.AbstractProblemLoader Replaying proof Sampler[ThreadSpec2::postJoin(java.lang.Object)].JML accessible clause.0 
692314     DEBUG main            d.u.i.k.p.i.IntermediateProofReplayer Proof replay took 9.99ms 
692315     DEBUG main            d.u.i.k.p.r.p.TestFile    ... success: reloaded. 
692316     INFO  main            d.u.i.k.p.r.p.TestFile    Now processing file /home/runner/work/key/key/key.core/../key.ui/examples/heap/permissions/threads/Sampler_preStart_accessible.key 
692316     INFO  main            d.u.i.k.p.i.AbstractProblemLoader Loading environment from /home/runner/work/key/key/key.core/../key.ui/examples/heap/permissions/threads/Sampler_preStart_accessible.key 
692316     DEBUG main            d.u.i.k.p.i.AbstractProblemLoader Environment load took 155.6ns 
692317     INFO  main            d.u.i.k.p.i.AbstractProblemLoader Creating init config 
697545     DEBUG main            d.u.i.k.p.i.AbstractProblemLoader Init config took 5.23s 
697626     INFO  main            d.u.i.k.p.i.AbstractProblemLoader Replaying proof Sampler[ThreadSpec2::preStart(java.lang.Object)].JML accessible clause.0 
697628     DEBUG main            d.u.i.k.p.i.IntermediateProofReplayer Proof replay took 4.2ns 
697730     INFO  main            d.u.i.k.p.r.p.TestFile    ... finished proof: closed. 
698369     INFO  main            d.u.i.k.p.i.AbstractProblemLoader Loading environment from /home/runner/work/key/key/key.core/../key.ui/examples/heap/permissions/threads/Sampler_preStart_accessible.key.proof 
698369     DEBUG main            d.u.i.k.p.i.AbstractProblemLoader Environment load took 83.2ns 
698370     INFO  main            d.u.i.k.p.i.AbstractProblemLoader Creating init config 
703663     DEBUG main            d.u.i.k.p.i.AbstractProblemLoader Init config took 5.29s 
703746     INFO  main            d.u.i.k.p.i.AbstractProblemLoader Replaying proof Sampler[ThreadSpec2::preStart(java.lang.Object)].JML accessible clause.0 
703757     DEBUG main            d.u.i.k.p.i.IntermediateProofReplayer Proof replay took 10.1ms 
703758     DEBUG main            d.u.i.k.p.r.p.TestFile    ... success: reloaded. 
703759     INFO  main            d.u.i.k.p.r.p.TestFile    Now processing file /home/runner/work/key/key/key.core/../key.ui/examples/heap/permissions/threads/Sampler_run.key 
703759     INFO  main            d.u.i.k.p.i.AbstractProblemLoader Loading environment from /home/runner/work/key/key/key.core/../key.ui/examples/heap/permissions/threads/Sampler_run.key 
703759     DEBUG main            d.u.i.k.p.i.AbstractProblemLoader Environment load took 95.1ns 
703760     INFO  main            d.u.i.k.p.i.AbstractProblemLoader Creating init config 
709113     DEBUG main            d.u.i.k.p.i.AbstractProblemLoader Init config took 5.35s 
709197     INFO  main            d.u.i.k.p.i.AbstractProblemLoader Replaying proof Sampler[ThreadSpec2::run()].JML normal_behavior operation contract.0 
709199     DEBUG main            d.u.i.k.p.i.IntermediateProofReplayer Proof replay took 4.9ns 
709403     INFO  main            d.u.i.k.p.r.p.TestFile    ... finished proof: closed. 
710076     INFO  main            d.u.i.k.p.i.AbstractProblemLoader Loading environment from /home/runner/work/key/key/key.core/../key.ui/examples/heap/permissions/threads/Sampler_run.key.proof 
710076     DEBUG main            d.u.i.k.p.i.AbstractProblemLoader Environment load took 80.3ns 
710077     INFO  main            d.u.i.k.p.i.AbstractProblemLoader Creating init config 
715238     DEBUG main            d.u.i.k.p.i.AbstractProblemLoader Init config took 5.16s 
715321     INFO  main            d.u.i.k.p.i.AbstractProblemLoader Replaying proof Sampler[ThreadSpec2::run()].JML normal_behavior operation contract.0 
715361     DEBUG main            d.u.i.k.p.i.IntermediateProofReplayer Proof replay took 38.01ms 
715363     DEBUG main            d.u.i.k.p.r.p.TestFile    ... success: reloaded. 
715364     INFO  main            d.u.i.k.p.r.p.TestFile    Now processing file /home/runner/work/key/key/key.core/../key.ui/examples/heap/permissions/threads/Sampler_Sampler.key 
715364     INFO  main            d.u.i.k.p.i.AbstractProblemLoader Loading environment from /home/runner/work/key/key/key.core/../key.ui/examples/heap/permissions/threads/Sampler_Sampler.key 
715364     DEBUG main            d.u.i.k.p.i.AbstractProblemLoader Environment load took 97.4ns 
715365     INFO  main            d.u.i.k.p.i.AbstractProblemLoader Creating init config 
720642     DEBUG main            d.u.i.k.p.i.AbstractProblemLoader Init config took 5.28s 
720741     INFO  main            d.u.i.k.p.i.AbstractProblemLoader Replaying proof Sampler[Sampler::Sampler(Buffer)].JML normal_behavior operation contract.0 
720742     DEBUG main            d.u.i.k.p.i.IntermediateProofReplayer Proof replay took 4.6ns 
721345     INFO  main            d.u.i.k.p.r.p.TestFile    ... finished proof: closed. 
722055     INFO  main            d.u.i.k.p.i.AbstractProblemLoader Loading environment from /home/runner/work/key/key/key.core/../key.ui/examples/heap/permissions/threads/Sampler_Sampler.key.proof 
722055     DEBUG main            d.u.i.k.p.i.AbstractProblemLoader Environment load took 179.81ns 
722056     INFO  main            d.u.i.k.p.i.AbstractProblemLoader Creating init config 
727335     DEBUG main            d.u.i.k.p.i.AbstractProblemLoader Init config took 5.28s 
727444     INFO  main            d.u.i.k.p.i.AbstractProblemLoader Replaying proof Sampler[Sampler::Sampler(Buffer)].JML normal_behavior operation contract.0 
727553     DEBUG main            d.u.i.k.p.i.IntermediateProofReplayer Proof replay took 106.19ms 
727555     DEBUG main            d.u.i.k.p.r.p.TestFile    ... success: reloaded. 
727556     INFO  main            d.u.i.k.p.r.p.TestFile    Now processing file /home/runner/work/key/key/key.core/../key.ui/examples/heap/permissions/threads/Sampler_startTransfer_accessible.key 
727556     INFO  main            d.u.i.k.p.i.AbstractProblemLoader Loading environment from /home/runner/work/key/key/key.core/../key.ui/examples/heap/permissions/threads/Sampler_startTransfer_accessible.key 
727556     DEBUG main            d.u.i.k.p.i.AbstractProblemLoader Environment load took 104.3ns 
727557     INFO  main            d.u.i.k.p.i.AbstractProblemLoader Creating init config 
732972     DEBUG main            d.u.i.k.p.i.AbstractProblemLoader Init config took 5.42s 
733062     INFO  main            d.u.i.k.p.i.AbstractProblemLoader Replaying proof Sampler[ThreadSpec2::startTransfer()].JML accessible clause.0 
733064     DEBUG main            d.u.i.k.p.i.IntermediateProofReplayer Proof replay took 5.2ns 
737697     INFO  main            d.u.i.k.p.r.p.TestFile    ... finished proof: closed. 
738384     INFO  main            d.u.i.k.p.i.AbstractProblemLoader Loading environment from /home/runner/work/key/key/key.core/../key.ui/examples/heap/permissions/threads/Sampler_startTransfer_accessible.key.proof 
738384     DEBUG main            d.u.i.k.p.i.AbstractProblemLoader Environment load took 86.8ns 
738386     INFO  main            d.u.i.k.p.i.AbstractProblemLoader Creating init config 
743618     DEBUG main            d.u.i.k.p.i.AbstractProblemLoader Init config took 5.23s 
743698     INFO  main            d.u.i.k.p.i.AbstractProblemLoader Replaying proof Sampler[ThreadSpec2::startTransfer()].JML accessible clause.0 
744372     DEBUG main            d.u.i.k.p.i.IntermediateProofReplayer Proof replay took 663.01ms 
744373     DEBUG main            d.u.i.k.p.r.p.TestFile    ... success: reloaded. 
744374     INFO  main            d.u.i.k.p.r.p.TestFile    Now processing file /home/runner/work/key/key/key.core/../key.ui/examples/heap/permissions/threads/Sampler_startTransfer_contract.key 
744374     INFO  main            d.u.i.k.p.i.AbstractProblemLoader Loading environment from /home/runner/work/key/key/key.core/../key.ui/examples/heap/permissions/threads/Sampler_startTransfer_contract.key 
744375     DEBUG main            d.u.i.k.p.i.AbstractProblemLoader Environment load took 54.2ns 
744375     INFO  main            d.u.i.k.p.i.AbstractProblemLoader Creating init config 
749799     DEBUG main            d.u.i.k.p.i.AbstractProblemLoader Init config took 5.42s 
749882     INFO  main            d.u.i.k.p.i.AbstractProblemLoader Replaying proof Sampler[ThreadSpec2::startTransfer()].JML model_behavior operation contract.0 
749883     DEBUG main            d.u.i.k.p.i.IntermediateProofReplayer Proof replay took 4.6ns 
749985     INFO  main            d.u.i.k.p.r.p.TestFile    ... finished proof: closed. 
750671     INFO  main            d.u.i.k.p.i.AbstractProblemLoader Loading environment from /home/runner/work/key/key/key.core/../key.ui/examples/heap/permissions/threads/Sampler_startTransfer_contract.key.proof 
750671     DEBUG main            d.u.i.k.p.i.AbstractProblemLoader Environment load took 79.7ns 
750672     INFO  main            d.u.i.k.p.i.AbstractProblemLoader Creating init config 
756010     DEBUG main            d.u.i.k.p.i.AbstractProblemLoader Init config took 5.34s 
756100     INFO  main            d.u.i.k.p.i.AbstractProblemLoader Replaying proof Sampler[ThreadSpec2::startTransfer()].JML model_behavior operation contract.0 
756109     DEBUG main            d.u.i.k.p.i.IntermediateProofReplayer Proof replay took 7.48ms 
756110     DEBUG main            d.u.i.k.p.r.p.TestFile    ... success: reloaded. 
756111     INFO  main            d.u.i.k.p.r.p.TestFile    Now processing file /home/runner/work/key/key/key.core/../key.ui/examples/heap/permissions/threads/Sampler_stateInv_accessible.key 
756111     INFO  main            d.u.i.k.p.i.AbstractProblemLoader Loading environment from /home/runner/work/key/key/key.core/../key.ui/examples/heap/permissions/threads/Sampler_stateInv_accessible.key 
756111     DEBUG main            d.u.i.k.p.i.AbstractProblemLoader Environment load took 54.4ns 
756112     INFO  main            d.u.i.k.p.i.AbstractProblemLoader Creating init config 
761579     DEBUG main            d.u.i.k.p.i.AbstractProblemLoader Init config took 5.47s 
761666     INFO  main            d.u.i.k.p.i.AbstractProblemLoader Replaying proof Sampler[ThreadSpec2::stateInv()].JML accessible clause.0 
761668     DEBUG main            d.u.i.k.p.i.IntermediateProofReplayer Proof replay took 4.1ns 
761769     INFO  main            d.u.i.k.p.r.p.TestFile    ... finished proof: closed. 
762441     INFO  main            d.u.i.k.p.i.AbstractProblemLoader Loading environment from /home/runner/work/key/key/key.core/../key.ui/examples/heap/permissions/threads/Sampler_stateInv_accessible.key.proof 
762441     DEBUG main            d.u.i.k.p.i.AbstractProblemLoader Environment load took 89.4ns 
762442     INFO  main            d.u.i.k.p.i.AbstractProblemLoader Creating init config 
767681     DEBUG main            d.u.i.k.p.i.AbstractProblemLoader Init config took 5.24s 
767764     INFO  main            d.u.i.k.p.i.AbstractProblemLoader Replaying proof Sampler[ThreadSpec2::stateInv()].JML accessible clause.0 
767774     DEBUG main            d.u.i.k.p.i.IntermediateProofReplayer Proof replay took 7.69ms 
767775     DEBUG main            d.u.i.k.p.r.p.TestFile    ... success: reloaded. 
767776     INFO  main            d.u.i.k.p.r.p.TestFile    Now processing file /home/runner/work/key/key/key.core/../key.ui/examples/heap/permissions/threads/Sampler_staticPermissions_accessible.key 
767776     INFO  main            d.u.i.k.p.i.AbstractProblemLoader Loading environment from /home/runner/work/key/key/key.core/../key.ui/examples/heap/permissions/threads/Sampler_staticPermissions_accessible.key 
767777     DEBUG main            d.u.i.k.p.i.AbstractProblemLoader Environment load took 174.6ns 
767777     INFO  main            d.u.i.k.p.i.AbstractProblemLoader Creating init config 
773310     DEBUG main            d.u.i.k.p.i.AbstractProblemLoader Init config took 5.53s 
773403     INFO  main            d.u.i.k.p.i.AbstractProblemLoader Replaying proof Sampler[ThreadSpec2::staticPermissions()].JML accessible clause.0 
773405     DEBUG main            d.u.i.k.p.i.IntermediateProofReplayer Proof replay took 4ns 
773506     INFO  main            d.u.i.k.p.r.p.TestFile    ... finished proof: closed. 
774209     INFO  main            d.u.i.k.p.i.AbstractProblemLoader Loading environment from /home/runner/work/key/key/key.core/../key.ui/examples/heap/permissions/threads/Sampler_staticPermissions_accessible.key.proof 
774209     DEBUG main            d.u.i.k.p.i.AbstractProblemLoader Environment load took 170.81ns 
774211     INFO  main            d.u.i.k.p.i.AbstractProblemLoader Creating init config 
779583     DEBUG main            d.u.i.k.p.i.AbstractProblemLoader Init config took 5.37s 
779664     INFO  main            d.u.i.k.p.i.AbstractProblemLoader Replaying proof Sampler[ThreadSpec2::staticPermissions()].JML accessible clause.0 
779670     DEBUG main            d.u.i.k.p.i.IntermediateProofReplayer Proof replay took 4.44ms 
779671     DEBUG main            d.u.i.k.p.r.p.TestFile    ... success: reloaded. 
779672     INFO  main            d.u.i.k.p.r.p.TestFile    Now processing file /home/runner/work/key/key/key.core/../key.ui/examples/heap/permissions/threads/Sampler_workingPermissions_accessible.key 
779672     INFO  main            d.u.i.k.p.i.AbstractProblemLoader Loading environment from /home/runner/work/key/key/key.core/../key.ui/examples/heap/permissions/threads/Sampler_workingPermissions_accessible.key 
779672     DEBUG main            d.u.i.k.p.i.AbstractProblemLoader Environment load took 96.8ns 
779673     INFO  main            d.u.i.k.p.i.AbstractProblemLoader Creating init config 
785060     DEBUG main            d.u.i.k.p.i.AbstractProblemLoader Init config took 5.39s 
785183     INFO  main            d.u.i.k.p.i.AbstractProblemLoader Replaying proof Sampler[ThreadSpec2::workingPermissions()].JML accessible clause.0 
785185     DEBUG main            d.u.i.k.p.i.IntermediateProofReplayer Proof replay took 4.7ns 
785287     INFO  main            d.u.i.k.p.r.p.TestFile    ... finished proof: closed. 
785961     INFO  main            d.u.i.k.p.i.AbstractProblemLoader Loading environment from /home/runner/work/key/key/key.core/../key.ui/examples/heap/permissions/threads/Sampler_workingPermissions_accessible.key.proof 
785961     DEBUG main            d.u.i.k.p.i.AbstractProblemLoader Environment load took 78ns 
785962     INFO  main            d.u.i.k.p.i.AbstractProblemLoader Creating init config 
791972     DEBUG main            d.u.i.k.p.i.AbstractProblemLoader Init config took 6.01s 
792071     INFO  main            d.u.i.k.p.i.AbstractProblemLoader Replaying proof Sampler[ThreadSpec2::workingPermissions()].JML accessible clause.0 
792080     DEBUG main            d.u.i.k.p.i.IntermediateProofReplayer Proof replay took 6.77ms 
792081     DEBUG main            d.u.i.k.p.r.p.TestFile    ... success: reloaded. 
792082     INFO  main            d.u.i.k.p.r.p.TestFile    Now processing file /home/runner/work/key/key/key.core/../key.ui/examples/heap/permissions/mulleretal/ReadWrite_doRead_contract.key 
792082     INFO  main            d.u.i.k.p.i.AbstractProblemLoader Loading environment from /home/runner/work/key/key/key.core/../key.ui/examples/heap/permissions/mulleretal/ReadWrite_doRead_contract.key 
792082     DEBUG main            d.u.i.k.p.i.AbstractProblemLoader Environment load took 91.8ns 
792084     INFO  main            d.u.i.k.p.i.AbstractProblemLoader Creating init config 
795332     DEBUG main            d.u.i.k.p.i.AbstractProblemLoader Init config took 3.25s 
795368     INFO  main            d.u.i.k.p.i.AbstractProblemLoader Replaying proof ReadWrite[ReadWrite::doRead()].JML normal_behavior operation contract.0 
795370     DEBUG main            d.u.i.k.p.i.IntermediateProofReplayer Proof replay took 4.7ns 
797176     INFO  main            d.u.i.k.p.r.p.TestFile    ... finished proof: closed. 
797937     INFO  main            d.u.i.k.p.i.AbstractProblemLoader Loading environment from /home/runner/work/key/key/key.core/../key.ui/examples/heap/permissions/mulleretal/ReadWrite_doRead_contract.key.proof 
797937     DEBUG main            d.u.i.k.p.i.AbstractProblemLoader Environment load took 338.81ns 
797939     INFO  main            d.u.i.k.p.i.AbstractProblemLoader Creating init config 
801052     DEBUG main            d.u.i.k.p.i.AbstractProblemLoader Init config took 3.11s 
801105     INFO  main            d.u.i.k.p.i.AbstractProblemLoader Replaying proof ReadWrite[ReadWrite::doRead()].JML normal_behavior operation contract.0 
801684     DEBUG main            d.u.i.k.p.i.IntermediateProofReplayer Proof replay took 556.99ms 
801685     DEBUG main            d.u.i.k.p.r.p.TestFile    ... success: reloaded. 
801686     INFO  main            d.u.i.k.p.r.p.TestFile    Now processing file /home/runner/work/key/key/key.core/../key.ui/examples/heap/permissions/mulleretal/ReadWrite_doWrite_contract.key 
801686     INFO  main            d.u.i.k.p.i.AbstractProblemLoader Loading environment from /home/runner/work/key/key/key.core/../key.ui/examples/heap/permissions/mulleretal/ReadWrite_doWrite_contract.key 
801687     DEBUG main            d.u.i.k.p.i.AbstractProblemLoader Environment load took 552.12ns 
801688     INFO  main            d.u.i.k.p.i.AbstractProblemLoader Creating init config 
804872     DEBUG main            d.u.i.k.p.i.AbstractProblemLoader Init config took 3.18s 
804908     INFO  main            d.u.i.k.p.i.AbstractProblemLoader Replaying proof ReadWrite[ReadWrite::doWrite()].JML normal_behavior operation contract.0 
804910     DEBUG main            d.u.i.k.p.i.IntermediateProofReplayer Proof replay took 3.9ns 
807055     INFO  main            d.u.i.k.p.r.p.TestFile    ... finished proof: closed. 
807782     INFO  main            d.u.i.k.p.i.AbstractProblemLoader Loading environment from /home/runner/work/key/key/key.core/../key.ui/examples/heap/permissions/mulleretal/ReadWrite_doWrite_contract.key.proof 
807782     DEBUG main            d.u.i.k.p.i.AbstractProblemLoader Environment load took 315.21ns 
807783     INFO  main            d.u.i.k.p.i.AbstractProblemLoader Creating init config 
811024     DEBUG main            d.u.i.k.p.i.AbstractProblemLoader Init config took 3.24s 
811072     INFO  main            d.u.i.k.p.i.AbstractProblemLoader Replaying proof ReadWrite[ReadWrite::doWrite()].JML normal_behavior operation contract.0 
811823     DEBUG main            d.u.i.k.p.i.IntermediateProofReplayer Proof replay took 734.6ms 
811824     DEBUG main            d.u.i.k.p.r.p.TestFile    ... success: reloaded. 
811825     INFO  main            d.u.i.k.p.r.p.TestFile    Now processing file /home/runner/work/key/key/key.core/../key.ui/examples/heap/permissions/mulleretal/ReadWrite_read_contract.key 
811826     INFO  main            d.u.i.k.p.i.AbstractProblemLoader Loading environment from /home/runner/work/key/key/key.core/../key.ui/examples/heap/permissions/mulleretal/ReadWrite_read_contract.key 
811826     DEBUG main            d.u.i.k.p.i.AbstractProblemLoader Environment load took 185.41ns 
811827     INFO  main            d.u.i.k.p.i.AbstractProblemLoader Creating init config 
815182     DEBUG main            d.u.i.k.p.i.AbstractProblemLoader Init config took 3.36s 
815216     INFO  main            d.u.i.k.p.i.AbstractProblemLoader Replaying proof ReadWrite[ReadWrite::read()].JML normal_behavior operation contract.0 
815218     DEBUG main            d.u.i.k.p.i.IntermediateProofReplayer Proof replay took 4.3ns 
815320     INFO  main            d.u.i.k.p.r.p.TestFile    ... finished proof: closed. 
816037     INFO  main            d.u.i.k.p.i.AbstractProblemLoader Loading environment from /home/runner/work/key/key/key.core/../key.ui/examples/heap/permissions/mulleretal/ReadWrite_read_contract.key.proof 
816038     DEBUG main            d.u.i.k.p.i.AbstractProblemLoader Environment load took 113.9ns 
816038     INFO  main            d.u.i.k.p.i.AbstractProblemLoader Creating init config 
818952     DEBUG main            d.u.i.k.p.i.AbstractProblemLoader Init config took 2.91s 
818987     INFO  main            d.u.i.k.p.i.AbstractProblemLoader Replaying proof ReadWrite[ReadWrite::read()].JML normal_behavior operation contract.0 
818997     DEBUG main            d.u.i.k.p.i.IntermediateProofReplayer Proof replay took 9.09ms 
818998     DEBUG main            d.u.i.k.p.r.p.TestFile    ... success: reloaded. 
818999     INFO  main            d.u.i.k.p.r.p.TestFile    Now processing file /home/runner/work/key/key/key.core/../key.ui/examples/heap/permissions/mulleretal/ReadWrite_write_contract.key 
818999     INFO  main            d.u.i.k.p.i.AbstractProblemLoader Loading environment from /home/runner/work/key/key/key.core/../key.ui/examples/heap/permissions/mulleretal/ReadWrite_write_contract.key 
818999     DEBUG main            d.u.i.k.p.i.AbstractProblemLoader Environment load took 85.6ns 
819000     INFO  main            d.u.i.k.p.i.AbstractProblemLoader Creating init config 
822025     DEBUG main            d.u.i.k.p.i.AbstractProblemLoader Init config took 3.03s 
822063     INFO  main            d.u.i.k.p.i.AbstractProblemLoader Replaying proof ReadWrite[ReadWrite::write()].JML normal_behavior operation contract.0 
822064     DEBUG main            d.u.i.k.p.i.IntermediateProofReplayer Proof replay took 4.2ns 
822167     INFO  main            d.u.i.k.p.r.p.TestFile    ... finished proof: closed. 
822911     INFO  main            d.u.i.k.p.i.AbstractProblemLoader Loading environment from /home/runner/work/key/key/key.core/../key.ui/examples/heap/permissions/mulleretal/ReadWrite_write_contract.key.proof 
822911     DEBUG main            d.u.i.k.p.i.AbstractProblemLoader Environment load took 116.7ns 
822912     INFO  main            d.u.i.k.p.i.AbstractProblemLoader Creating init config 
825807     DEBUG main            d.u.i.k.p.i.AbstractProblemLoader Init config took 2.9s 
825843     INFO  main            d.u.i.k.p.i.AbstractProblemLoader Replaying proof ReadWrite[ReadWrite::write()].JML normal_behavior operation contract.0 
825875     DEBUG main            d.u.i.k.p.i.IntermediateProofReplayer Proof replay took 30.47ms 
825876     DEBUG main            d.u.i.k.p.r.p.TestFile    ... success: reloaded. 
825877     INFO  main            d.u.i.k.p.r.p.TestFile    Now processing file /home/runner/work/key/key/key.core/../key.ui/examples/heap/permissions/mulleretal/ReadWrite_inv1_accessible.key 
825877     INFO  main            d.u.i.k.p.i.AbstractProblemLoader Loading environment from /home/runner/work/key/key/key.core/../key.ui/examples/heap/permissions/mulleretal/ReadWrite_inv1_accessible.key 
825877     DEBUG main            d.u.i.k.p.i.AbstractProblemLoader Environment load took 59.9ns 
825878     INFO  main            d.u.i.k.p.i.AbstractProblemLoader Creating init config 
828782     DEBUG main            d.u.i.k.p.i.AbstractProblemLoader Init config took 2.9s 
828816     INFO  main            d.u.i.k.p.i.AbstractProblemLoader Replaying proof ReadWrite[java.lang.Object::<inv>()].JML accessible clause.0 
828818     DEBUG main            d.u.i.k.p.i.IntermediateProofReplayer Proof replay took 4ns 
828919     INFO  main            d.u.i.k.p.r.p.TestFile    ... finished proof: closed. 
829642     INFO  main            d.u.i.k.p.i.AbstractProblemLoader Loading environment from /home/runner/work/key/key/key.core/../key.ui/examples/heap/permissions/mulleretal/ReadWrite_inv1_accessible.key.proof 
829642     DEBUG main            d.u.i.k.p.i.AbstractProblemLoader Environment load took 85.5ns 
829643     INFO  main            d.u.i.k.p.i.AbstractProblemLoader Creating init config 
832527     DEBUG main            d.u.i.k.p.i.AbstractProblemLoader Init config took 2.88s 
832561     INFO  main            d.u.i.k.p.i.AbstractProblemLoader Replaying proof ReadWrite[java.lang.Object::<inv>()].JML accessible clause.0 
832565     DEBUG main            d.u.i.k.p.i.IntermediateProofReplayer Proof replay took 1.7ms 
832565     DEBUG main            d.u.i.k.p.r.p.TestFile    ... success: reloaded. 
832566     INFO  main            d.u.i.k.p.r.p.TestFile    Now processing file /home/runner/work/key/key/key.core/../key.ui/examples/heap/permissions/mulleretal/ReadWrite_inv2_accessible.key 
832566     INFO  main            d.u.i.k.p.i.AbstractProblemLoader Loading environment from /home/runner/work/key/key/key.core/../key.ui/examples/heap/permissions/mulleretal/ReadWrite_inv2_accessible.key 
832566     DEBUG main            d.u.i.k.p.i.AbstractProblemLoader Environment load took 55.6ns 
832567     INFO  main            d.u.i.k.p.i.AbstractProblemLoader Creating init config 
835514     DEBUG main            d.u.i.k.p.i.AbstractProblemLoader Init config took 2.95s 
835549     INFO  main            d.u.i.k.p.i.AbstractProblemLoader Replaying proof ReadWrite[java.lang.Object::<inv>()].JML accessible clause.1 
835550     DEBUG main            d.u.i.k.p.i.IntermediateProofReplayer Proof replay took 5ns 
835652     INFO  main            d.u.i.k.p.r.p.TestFile    ... finished proof: closed. 
836394     INFO  main            d.u.i.k.p.i.AbstractProblemLoader Loading environment from /home/runner/work/key/key/key.core/../key.ui/examples/heap/permissions/mulleretal/ReadWrite_inv2_accessible.key.proof 
836394     DEBUG main            d.u.i.k.p.i.AbstractProblemLoader Environment load took 88.1ns 
836395     INFO  main            d.u.i.k.p.i.AbstractProblemLoader Creating init config 
839286     DEBUG main            d.u.i.k.p.i.AbstractProblemLoader Init config took 2.89s 
839323     INFO  main            d.u.i.k.p.i.AbstractProblemLoader Replaying proof ReadWrite[java.lang.Object::<inv>()].JML accessible clause.1 
839326     DEBUG main            d.u.i.k.p.i.IntermediateProofReplayer Proof replay took 1.93ms 
839327     DEBUG main            d.u.i.k.p.r.p.TestFile    ... success: reloaded. 
839328     INFO  main            d.u.i.k.p.r.p.TestFile    Now processing file /home/runner/work/key/key/key.core/../key.ui/examples/heap/permissions/lockspec/Counter_lockConsistent_contract.key 
839328     INFO  main            d.u.i.k.p.i.AbstractProblemLoader Loading environment from /home/runner/work/key/key/key.core/../key.ui/examples/heap/permissions/lockspec/Counter_lockConsistent_contract.key 
839328     DEBUG main            d.u.i.k.p.i.AbstractProblemLoader Environment load took 56.4ns 
839329     INFO  main            d.u.i.k.p.i.AbstractProblemLoader Creating init config 
842933     DEBUG main            d.u.i.k.p.i.AbstractProblemLoader Init config took 3.6s 
842989     INFO  main            d.u.i.k.p.i.AbstractProblemLoader Replaying proof Counter[LockSpec::lockConsistent()].JML model_behavior operation contract.0 
842991     DEBUG main            d.u.i.k.p.i.IntermediateProofReplayer Proof replay took 3.9ns 
844097     INFO  main            d.u.i.k.p.r.p.TestFile    ... finished proof: closed. 
844821     INFO  main            d.u.i.k.p.i.AbstractProblemLoader Loading environment from /home/runner/work/key/key/key.core/../key.ui/examples/heap/permissions/lockspec/Counter_lockConsistent_contract.key.proof 
844821     DEBUG main            d.u.i.k.p.i.AbstractProblemLoader Environment load took 118.7ns 
844822     INFO  main            d.u.i.k.p.i.AbstractProblemLoader Creating init config 
848367     DEBUG main            d.u.i.k.p.i.AbstractProblemLoader Init config took 3.54s 
848428     INFO  main            d.u.i.k.p.i.AbstractProblemLoader Replaying proof Counter[LockSpec::lockConsistent()].JML model_behavior operation contract.0 
848625     DEBUG main            d.u.i.k.p.i.IntermediateProofReplayer Proof replay took 189.39ms 
848626     DEBUG main            d.u.i.k.p.r.p.TestFile    ... success: reloaded. 
848627     INFO  main            d.u.i.k.p.r.p.TestFile    Now processing file /home/runner/work/key/key/key.core/../key.ui/examples/heap/permissions/lockspec/Counter_increase_contract.key 
848627     INFO  main            d.u.i.k.p.i.AbstractProblemLoader Loading environment from /home/runner/work/key/key/key.core/../key.ui/examples/heap/permissions/lockspec/Counter_increase_contract.key 
848627     DEBUG main            d.u.i.k.p.i.AbstractProblemLoader Environment load took 93ns 
848628     INFO  main            d.u.i.k.p.i.AbstractProblemLoader Creating init config 
852148     DEBUG main            d.u.i.k.p.i.AbstractProblemLoader Init config took 3.52s 
852199     INFO  main            d.u.i.k.p.i.AbstractProblemLoader Replaying proof Counter[Counter::increase()].JML normal_behavior operation contract.0 
852205     DEBUG main            d.u.i.k.p.i.IntermediateProofReplayer Proof replay took 4ns 
853916     INFO  main            d.u.i.k.p.r.p.TestFile    ... finished proof: closed. 
854678     INFO  main            d.u.i.k.p.i.AbstractProblemLoader Loading environment from /home/runner/work/key/key/key.core/../key.ui/examples/heap/permissions/lockspec/Counter_increase_contract.key.proof 
854678     DEBUG main            d.u.i.k.p.i.AbstractProblemLoader Environment load took 312.11ns 
854679     INFO  main            d.u.i.k.p.i.AbstractProblemLoader Creating init config 
858184     DEBUG main            d.u.i.k.p.i.AbstractProblemLoader Init config took 3.5s 
858232     INFO  main            d.u.i.k.p.i.AbstractProblemLoader Replaying proof Counter[Counter::increase()].JML normal_behavior operation contract.0 
858556     DEBUG main            d.u.i.k.p.i.IntermediateProofReplayer Proof replay took 310.46ms 
858559     DEBUG main            d.u.i.k.p.r.p.TestFile    ... success: reloaded. 
858559     INFO  main            d.u.i.k.p.r.p.TestFile    Now processing file /home/runner/work/key/key/key.core/../key.ui/examples/heap/permissions/lockspec/Counter_fp_accessible.key 
858560     INFO  main            d.u.i.k.p.i.AbstractProblemLoader Loading environment from /home/runner/work/key/key/key.core/../key.ui/examples/heap/permissions/lockspec/Counter_fp_accessible.key 
858560     DEBUG main            d.u.i.k.p.i.AbstractProblemLoader Environment load took 88.5ns 
858560     INFO  main            d.u.i.k.p.i.AbstractProblemLoader Creating init config 
861959     DEBUG main            d.u.i.k.p.i.AbstractProblemLoader Init config took 3.4s 
862029     INFO  main            d.u.i.k.p.i.AbstractProblemLoader Replaying proof Counter[LockSpec::fp()].JML accessible clause.0 
862030     DEBUG main            d.u.i.k.p.i.IntermediateProofReplayer Proof replay took 4.6ns 
862133     INFO  main            d.u.i.k.p.r.p.TestFile    ... finished proof: closed. 
862883     INFO  main            d.u.i.k.p.i.AbstractProblemLoader Loading environment from /home/runner/work/key/key/key.core/../key.ui/examples/heap/permissions/lockspec/Counter_fp_accessible.key.proof 
862883     DEBUG main            d.u.i.k.p.i.AbstractProblemLoader Environment load took 86.6ns 
862884     INFO  main            d.u.i.k.p.i.AbstractProblemLoader Creating init config 
866386     DEBUG main            d.u.i.k.p.i.AbstractProblemLoader Init config took 3.5s 
866441     INFO  main            d.u.i.k.p.i.AbstractProblemLoader Replaying proof Counter[LockSpec::fp()].JML accessible clause.0 
866452     DEBUG main            d.u.i.k.p.i.IntermediateProofReplayer Proof replay took 9.47ms 
866453     DEBUG main            d.u.i.k.p.r.p.TestFile    ... success: reloaded. 
866453     INFO  main            d.u.i.k.p.r.p.TestFile    Now processing file /home/runner/work/key/key/key.core/../key.ui/examples/heap/permissions/lockspec/Counter_fpLock_accessible.key 
866454     INFO  main            d.u.i.k.p.i.AbstractProblemLoader Loading environment from /home/runner/work/key/key/key.core/../key.ui/examples/heap/permissions/lockspec/Counter_fpLock_accessible.key 
866454     DEBUG main            d.u.i.k.p.i.AbstractProblemLoader Environment load took 95.2ns 
866455     INFO  main            d.u.i.k.p.i.AbstractProblemLoader Creating init config 
870038     DEBUG main            d.u.i.k.p.i.AbstractProblemLoader Init config took 3.58s 
870096     INFO  main            d.u.i.k.p.i.AbstractProblemLoader Replaying proof Counter[LockSpec::fpLock()].JML accessible clause.0 
870097     DEBUG main            d.u.i.k.p.i.IntermediateProofReplayer Proof replay took 4.7ns 
870207     INFO  main            d.u.i.k.p.r.p.TestFile    ... finished proof: closed. 
871018     INFO  main            d.u.i.k.p.i.AbstractProblemLoader Loading environment from /home/runner/work/key/key/key.core/../key.ui/examples/heap/permissions/lockspec/Counter_fpLock_accessible.key.proof 
871018     DEBUG main            d.u.i.k.p.i.AbstractProblemLoader Environment load took 84.5ns 
871019     INFO  main            d.u.i.k.p.i.AbstractProblemLoader Creating init config 
874481     DEBUG main            d.u.i.k.p.i.AbstractProblemLoader Init config took 3.46s 
874536     INFO  main            d.u.i.k.p.i.AbstractProblemLoader Replaying proof Counter[LockSpec::fpLock()].JML accessible clause.0 
874548     DEBUG main            d.u.i.k.p.i.IntermediateProofReplayer Proof replay took 10.38ms 
874549     DEBUG main            d.u.i.k.p.r.p.TestFile    ... success: reloaded. 
874550     INFO  main            d.u.i.k.p.r.p.TestFile    Now processing file /home/runner/work/key/key/key.core/../key.ui/examples/heap/permissions/lockspec/Counter_fpPerm_accessible.key 
874550     INFO  main            d.u.i.k.p.i.AbstractProblemLoader Loading environment from /home/runner/work/key/key/key.core/../key.ui/examples/heap/permissions/lockspec/Counter_fpPerm_accessible.key 
874550     DEBUG main            d.u.i.k.p.i.AbstractProblemLoader Environment load took 60.8ns 
874551     INFO  main            d.u.i.k.p.i.AbstractProblemLoader Creating init config 
877994     DEBUG main            d.u.i.k.p.i.AbstractProblemLoader Init config took 3.44s 
878055     INFO  main            d.u.i.k.p.i.AbstractProblemLoader Replaying proof Counter[LockSpec::fpPerm()].JML accessible clause.0 
878057     DEBUG main            d.u.i.k.p.i.IntermediateProofReplayer Proof replay took 4.3ns 
878162     INFO  main            d.u.i.k.p.r.p.TestFile    ... finished proof: closed. 
878934     INFO  main            d.u.i.k.p.i.AbstractProblemLoader Loading environment from /home/runner/work/key/key/key.core/../key.ui/examples/heap/permissions/lockspec/Counter_fpPerm_accessible.key.proof 
878934     DEBUG main            d.u.i.k.p.i.AbstractProblemLoader Environment load took 80.4ns 
878935     INFO  main            d.u.i.k.p.i.AbstractProblemLoader Creating init config 
882462     DEBUG main            d.u.i.k.p.i.AbstractProblemLoader Init config took 3.53s 
882518     INFO  main            d.u.i.k.p.i.AbstractProblemLoader Replaying proof Counter[LockSpec::fpPerm()].JML accessible clause.0 
882529     DEBUG main            d.u.i.k.p.i.IntermediateProofReplayer Proof replay took 9.09ms 
882529     DEBUG main            d.u.i.k.p.r.p.TestFile    ... success: reloaded. 
882531     INFO  main            d.u.i.k.p.r.p.TestFile    Now processing file /home/runner/work/key/key/key.core/../key.ui/examples/heap/permissions/lockspec/Counter_inv_accessible1.key 
882531     INFO  main            d.u.i.k.p.i.AbstractProblemLoader Loading environment from /home/runner/work/key/key/key.core/../key.ui/examples/heap/permissions/lockspec/Counter_inv_accessible1.key 
882531     DEBUG main            d.u.i.k.p.i.AbstractProblemLoader Environment load took 85.3ns 
882532     INFO  main            d.u.i.k.p.i.AbstractProblemLoader Creating init config 
886031     DEBUG main            d.u.i.k.p.i.AbstractProblemLoader Init config took 3.5s 
886085     INFO  main            d.u.i.k.p.i.AbstractProblemLoader Replaying proof Counter[java.lang.Object::<inv>()].JML accessible clause.0 
886086     DEBUG main            d.u.i.k.p.i.IntermediateProofReplayer Proof replay took 3.9ns 
886188     INFO  main            d.u.i.k.p.r.p.TestFile    ... finished proof: closed. 
886948     INFO  main            d.u.i.k.p.i.AbstractProblemLoader Loading environment from /home/runner/work/key/key/key.core/../key.ui/examples/heap/permissions/lockspec/Counter_inv_accessible1.key.proof 
886948     DEBUG main            d.u.i.k.p.i.AbstractProblemLoader Environment load took 82.6ns 
886948     INFO  main            d.u.i.k.p.i.AbstractProblemLoader Creating init config 
890428     DEBUG main            d.u.i.k.p.i.AbstractProblemLoader Init config took 3.48s 
890482     INFO  main            d.u.i.k.p.i.AbstractProblemLoader Replaying proof Counter[java.lang.Object::<inv>()].JML accessible clause.0 
890494     DEBUG main            d.u.i.k.p.i.IntermediateProofReplayer Proof replay took 11.19ms 
890495     DEBUG main            d.u.i.k.p.r.p.TestFile    ... success: reloaded. 
890496     INFO  main            d.u.i.k.p.r.p.TestFile    Now processing file /home/runner/work/key/key/key.core/../key.ui/examples/heap/permissions/lockspec/Counter_inv_accessible2.key 
890496     INFO  main            d.u.i.k.p.i.AbstractProblemLoader Loading environment from /home/runner/work/key/key/key.core/../key.ui/examples/heap/permissions/lockspec/Counter_inv_accessible2.key 
890496     DEBUG main            d.u.i.k.p.i.AbstractProblemLoader Environment load took 103.7ns 
890497     INFO  main            d.u.i.k.p.i.AbstractProblemLoader Creating init config 
894059     DEBUG main            d.u.i.k.p.i.AbstractProblemLoader Init config took 3.56s 
894135     INFO  main            d.u.i.k.p.i.AbstractProblemLoader Replaying proof Counter[java.lang.Object::<inv>()].JML accessible clause.1 
894136     DEBUG main            d.u.i.k.p.i.IntermediateProofReplayer Proof replay took 3.9ns 
894238     INFO  main            d.u.i.k.p.r.p.TestFile    ... finished proof: closed. 
895021     INFO  main            d.u.i.k.p.i.AbstractProblemLoader Loading environment from /home/runner/work/key/key/key.core/../key.ui/examples/heap/permissions/lockspec/Counter_inv_accessible2.key.proof 
895021     DEBUG main            d.u.i.k.p.i.AbstractProblemLoader Environment load took 123.7ns 
895022     INFO  main            d.u.i.k.p.i.AbstractProblemLoader Creating init config 
898487     DEBUG main            d.u.i.k.p.i.AbstractProblemLoader Init config took 3.46s 
898539     INFO  main            d.u.i.k.p.i.AbstractProblemLoader Replaying proof Counter[java.lang.Object::<inv>()].JML accessible clause.1 
898552     DEBUG main            d.u.i.k.p.i.IntermediateProofReplayer Proof replay took 11.12ms 
898553     DEBUG main            d.u.i.k.p.r.p.TestFile    ... success: reloaded. 
898553     INFO  main            d.u.i.k.p.r.p.TestFile    Now processing file /home/runner/work/key/key/key.core/../key.ui/examples/heap/permissions/lockspec/Counter_lockRef_accessible.key 
898554     INFO  main            d.u.i.k.p.i.AbstractProblemLoader Loading environment from /home/runner/work/key/key/key.core/../key.ui/examples/heap/permissions/lockspec/Counter_lockRef_accessible.key 
898554     DEBUG main            d.u.i.k.p.i.AbstractProblemLoader Environment load took 57.1ns 
898555     INFO  main            d.u.i.k.p.i.AbstractProblemLoader Creating init config 
902029     DEBUG main            d.u.i.k.p.i.AbstractProblemLoader Init config took 3.47s 
902092     INFO  main            d.u.i.k.p.i.AbstractProblemLoader Replaying proof Counter[LockSpec::lockRef()].JML accessible clause.0 
902094     DEBUG main            d.u.i.k.p.i.IntermediateProofReplayer Proof replay took 3.8ns 
902295     INFO  main            d.u.i.k.p.r.p.TestFile    ... finished proof: closed. 
903082     INFO  main            d.u.i.k.p.i.AbstractProblemLoader Loading environment from /home/runner/work/key/key/key.core/../key.ui/examples/heap/permissions/lockspec/Counter_lockRef_accessible.key.proof 
903082     DEBUG main            d.u.i.k.p.i.AbstractProblemLoader Environment load took 85.3ns 
903083     INFO  main            d.u.i.k.p.i.AbstractProblemLoader Creating init config 
906570     DEBUG main            d.u.i.k.p.i.AbstractProblemLoader Init config took 3.49s 
906627     INFO  main            d.u.i.k.p.i.AbstractProblemLoader Replaying proof Counter[LockSpec::lockRef()].JML accessible clause.0 
906667     DEBUG main            d.u.i.k.p.i.IntermediateProofReplayer Proof replay took 37.29ms 
906667     DEBUG main            d.u.i.k.p.r.p.TestFile    ... success: reloaded. 
906668     INFO  main            d.u.i.k.p.r.p.TestFile    Now processing file /home/runner/work/key/key/key.core/../key.ui/examples/heap/permissions/lockspec/Counter_lockRef_contract1.key 
906668     INFO  main            d.u.i.k.p.i.AbstractProblemLoader Loading environment from /home/runner/work/key/key/key.core/../key.ui/examples/heap/permissions/lockspec/Counter_lockRef_contract1.key 
906669     DEBUG main            d.u.i.k.p.i.AbstractProblemLoader Environment load took 868.53ns 
906670     INFO  main            d.u.i.k.p.i.AbstractProblemLoader Creating init config 
910286     DEBUG main            d.u.i.k.p.i.AbstractProblemLoader Init config took 3.62s 
910343     INFO  main            d.u.i.k.p.i.AbstractProblemLoader Replaying proof Counter[LockSpec::lockRef()].JML model_behavior operation contract.0 
910345     DEBUG main            d.u.i.k.p.i.IntermediateProofReplayer Proof replay took 4.2ns 
910446     INFO  main            d.u.i.k.p.r.p.TestFile    ... finished proof: closed. 
911243     INFO  main            d.u.i.k.p.i.AbstractProblemLoader Loading environment from /home/runner/work/key/key/key.core/../key.ui/examples/heap/permissions/lockspec/Counter_lockRef_contract1.key.proof 
911243     DEBUG main            d.u.i.k.p.i.AbstractProblemLoader Environment load took 87.8ns 
911244     INFO  main            d.u.i.k.p.i.AbstractProblemLoader Creating init config 
914665     DEBUG main            d.u.i.k.p.i.AbstractProblemLoader Init config took 3.42s 
914721     INFO  main            d.u.i.k.p.i.AbstractProblemLoader Replaying proof Counter[LockSpec::lockRef()].JML model_behavior operation contract.0 
914726     DEBUG main            d.u.i.k.p.i.IntermediateProofReplayer Proof replay took 4.47ms 
914727     DEBUG main            d.u.i.k.p.r.p.TestFile    ... success: reloaded. 
914728     INFO  main            d.u.i.k.p.r.p.TestFile    Now processing file /home/runner/work/key/key/key.core/../key.ui/examples/heap/permissions/lockspec/Counter_lockRef_contract2.key 
914728     INFO  main            d.u.i.k.p.i.AbstractProblemLoader Loading environment from /home/runner/work/key/key/key.core/../key.ui/examples/heap/permissions/lockspec/Counter_lockRef_contract2.key 
914728     DEBUG main            d.u.i.k.p.i.AbstractProblemLoader Environment load took 147.81ns 
914729     INFO  main            d.u.i.k.p.i.AbstractProblemLoader Creating init config 
918276     DEBUG main            d.u.i.k.p.i.AbstractProblemLoader Init config took 3.55s 
918329     INFO  main            d.u.i.k.p.i.AbstractProblemLoader Replaying proof Counter[Counter::lockRef()].JML model_behavior operation contract.0 
918331     DEBUG main            d.u.i.k.p.i.IntermediateProofReplayer Proof replay took 4.1ns 
918433     INFO  main            d.u.i.k.p.r.p.TestFile    ... finished proof: closed. 
919214     INFO  main            d.u.i.k.p.i.AbstractProblemLoader Loading environment from /home/runner/work/key/key/key.core/../key.ui/examples/heap/permissions/lockspec/Counter_lockRef_contract2.key.proof 
919214     DEBUG main            d.u.i.k.p.i.AbstractProblemLoader Environment load took 89.5ns 
919215     INFO  main            d.u.i.k.p.i.AbstractProblemLoader Creating init config 
922824     DEBUG main            d.u.i.k.p.i.AbstractProblemLoader Init config took 3.61s 
922932     INFO  main            d.u.i.k.p.i.AbstractProblemLoader Replaying proof Counter[Counter::lockRef()].JML model_behavior operation contract.0 
922939     DEBUG main            d.u.i.k.p.i.IntermediateProofReplayer Proof replay took 4.86ms 
922940     DEBUG main            d.u.i.k.p.r.p.TestFile    ... success: reloaded. 
922941     INFO  main            d.u.i.k.p.r.p.TestFile    Now processing file /home/runner/work/key/key/key.core/../key.ui/examples/heap/permissions/lockspec/Counter_lockState_accessible.key 
922941     INFO  main            d.u.i.k.p.i.AbstractProblemLoader Loading environment from /home/runner/work/key/key/key.core/../key.ui/examples/heap/permissions/lockspec/Counter_lockState_accessible.key 
922941     DEBUG main            d.u.i.k.p.i.AbstractProblemLoader Environment load took 196.81ns 
922942     INFO  main            d.u.i.k.p.i.AbstractProblemLoader Creating init config 
926716     DEBUG main            d.u.i.k.p.i.AbstractProblemLoader Init config took 3.77s 
926776     INFO  main            d.u.i.k.p.i.AbstractProblemLoader Replaying proof Counter[LockSpec::lockState(boolean)].JML accessible clause.0 
926777     DEBUG main            d.u.i.k.p.i.IntermediateProofReplayer Proof replay took 4ns 
927080     INFO  main            d.u.i.k.p.r.p.TestFile    ... finished proof: closed. 
927887     INFO  main            d.u.i.k.p.i.AbstractProblemLoader Loading environment from /home/runner/work/key/key/key.core/../key.ui/examples/heap/permissions/lockspec/Counter_lockState_accessible.key.proof 
927887     DEBUG main            d.u.i.k.p.i.AbstractProblemLoader Environment load took 83.7ns 
927888     INFO  main            d.u.i.k.p.i.AbstractProblemLoader Creating init config 
931617     DEBUG main            d.u.i.k.p.i.AbstractProblemLoader Init config took 3.73s 
931683     INFO  main            d.u.i.k.p.i.AbstractProblemLoader Replaying proof Counter[LockSpec::lockState(boolean)].JML accessible clause.0 
931773     DEBUG main            d.u.i.k.p.i.IntermediateProofReplayer Proof replay took 85.71ms 
931774     DEBUG main            d.u.i.k.p.r.p.TestFile    ... success: reloaded. 
931775     INFO  main            d.u.i.k.p.r.p.TestFile    Now processing file /home/runner/work/key/key/key.core/../key.ui/examples/heap/permissions/lockspec/Counter_lockStatus_accessible.key 
931777     INFO  main            d.u.i.k.p.i.AbstractProblemLoader Loading environment from /home/runner/work/key/key/key.core/../key.ui/examples/heap/permissions/lockspec/Counter_lockStatus_accessible.key 
931778     DEBUG main            d.u.i.k.p.i.AbstractProblemLoader Environment load took 194.31ns 
931779     INFO  main            d.u.i.k.p.i.AbstractProblemLoader Creating init config 
935597     DEBUG main            d.u.i.k.p.i.AbstractProblemLoader Init config took 3.82s 
935651     INFO  main            d.u.i.k.p.i.AbstractProblemLoader Replaying proof Counter[LockSpec::lockStatus(boolean)].JML accessible clause.0 
935652     DEBUG main            d.u.i.k.p.i.IntermediateProofReplayer Proof replay took 15.9ns 
935754     INFO  main            d.u.i.k.p.r.p.TestFile    ... finished proof: closed. 
936534     INFO  main            d.u.i.k.p.i.AbstractProblemLoader Loading environment from /home/runner/work/key/key/key.core/../key.ui/examples/heap/permissions/lockspec/Counter_lockStatus_accessible.key.proof 
936534     DEBUG main            d.u.i.k.p.i.AbstractProblemLoader Environment load took 79.3ns 
936535     INFO  main            d.u.i.k.p.i.AbstractProblemLoader Creating init config 
940151     DEBUG main            d.u.i.k.p.i.AbstractProblemLoader Init config took 3.62s 
940219     INFO  main            d.u.i.k.p.i.AbstractProblemLoader Replaying proof Counter[LockSpec::lockStatus(boolean)].JML accessible clause.0 
940250     DEBUG main            d.u.i.k.p.i.IntermediateProofReplayer Proof replay took 29.25ms 
940251     DEBUG main            d.u.i.k.p.r.p.TestFile    ... success: reloaded. 
940252     INFO  main            d.u.i.k.p.r.p.TestFile    Now processing file /home/runner/work/key/key/key.core/../key.ui/examples/heap/permissions/lockspec/Counter_lockTransfer_accessible.key 
940253     INFO  main            d.u.i.k.p.i.AbstractProblemLoader Loading environment from /home/runner/work/key/key/key.core/../key.ui/examples/heap/permissions/lockspec/Counter_lockTransfer_accessible.key 
940253     DEBUG main            d.u.i.k.p.i.AbstractProblemLoader Environment load took 181.21ns 
940254     INFO  main            d.u.i.k.p.i.AbstractProblemLoader Creating init config 
943996     DEBUG main            d.u.i.k.p.i.AbstractProblemLoader Init config took 3.74s 
944055     INFO  main            d.u.i.k.p.i.AbstractProblemLoader Replaying proof Counter[LockSpec::lockTransfer()].JML accessible clause.0 
944057     DEBUG main            d.u.i.k.p.i.IntermediateProofReplayer Proof replay took 4.1ns 
944359     INFO  main            d.u.i.k.p.r.p.TestFile    ... finished proof: closed. 
945153     INFO  main            d.u.i.k.p.i.AbstractProblemLoader Loading environment from /home/runner/work/key/key/key.core/../key.ui/examples/heap/permissions/lockspec/Counter_lockTransfer_accessible.key.proof 
945154     DEBUG main            d.u.i.k.p.i.AbstractProblemLoader Environment load took 105.8ns 
945154     INFO  main            d.u.i.k.p.i.AbstractProblemLoader Creating init config 
948782     DEBUG main            d.u.i.k.p.i.AbstractProblemLoader Init config took 3.63s 
948845     INFO  main            d.u.i.k.p.i.AbstractProblemLoader Replaying proof Counter[LockSpec::lockTransfer()].JML accessible clause.0 
948925     DEBUG main            d.u.i.k.p.i.IntermediateProofReplayer Proof replay took 75.87ms 
948926     DEBUG main            d.u.i.k.p.r.p.TestFile    ... success: reloaded. 
948927     INFO  main            d.u.i.k.p.r.p.TestFile    Now processing file /home/runner/work/key/key/key.core/../key.ui/examples/heap/permissions/lockspec/Counter_unlockTransfer_accessible.key 
948928     INFO  main            d.u.i.k.p.i.AbstractProblemLoader Loading environment from /home/runner/work/key/key/key.core/../key.ui/examples/heap/permissions/lockspec/Counter_unlockTransfer_accessible.key 
948928     DEBUG main            d.u.i.k.p.i.AbstractProblemLoader Environment load took 298.11ns 
948929     INFO  main            d.u.i.k.p.i.AbstractProblemLoader Creating init config 
952753     DEBUG main            d.u.i.k.p.i.AbstractProblemLoader Init config took 3.82s 
952807     INFO  main            d.u.i.k.p.i.AbstractProblemLoader Replaying proof Counter[LockSpec::unlockTransfer()].JML accessible clause.0 
952808     DEBUG main            d.u.i.k.p.i.IntermediateProofReplayer Proof replay took 4.4ns 
953111     INFO  main            d.u.i.k.p.r.p.TestFile    ... finished proof: closed. 
953957     INFO  main            d.u.i.k.p.i.AbstractProblemLoader Loading environment from /home/runner/work/key/key/key.core/../key.ui/examples/heap/permissions/lockspec/Counter_unlockTransfer_accessible.key.proof 
953957     DEBUG main            d.u.i.k.p.i.AbstractProblemLoader Environment load took 77.8ns 
953958     INFO  main            d.u.i.k.p.i.AbstractProblemLoader Creating init config 
957491     DEBUG main            d.u.i.k.p.i.AbstractProblemLoader Init config took 3.53s 
957564     INFO  main            d.u.i.k.p.i.AbstractProblemLoader Replaying proof Counter[LockSpec::unlockTransfer()].JML accessible clause.0 
957649     DEBUG main            d.u.i.k.p.i.IntermediateProofReplayer Proof replay took 81.51ms 
957650     DEBUG main            d.u.i.k.p.r.p.TestFile    ... success: reloaded. 
957651     INFO  main            d.u.i.k.p.r.p.TestFile    Now processing file /home/runner/work/key/key/key.core/../key.ui/examples/heap/permissions/threads/Plotter_startTransfer_contract.proof 
957651     INFO  main            d.u.i.k.p.i.AbstractProblemLoader Loading environment from /home/runner/work/key/key/key.core/../key.ui/examples/heap/permissions/threads/Plotter_startTransfer_contract.proof 
957651     DEBUG main            d.u.i.k.p.i.AbstractProblemLoader Environment load took 83.9ns 
957652     INFO  main            d.u.i.k.p.i.AbstractProblemLoader Creating init config 
963358     DEBUG main            d.u.i.k.p.i.AbstractProblemLoader Init config took 5.71s 
963497     INFO  main            d.u.i.k.p.i.AbstractProblemLoader Replaying proof Plotter[ThreadSpec2::startTransfer()].JML model_behavior operation contract.0 
963627     DEBUG main            d.u.i.k.p.i.IntermediateProofReplayer Proof replay took 121.76ms 
963628     INFO  main            d.u.i.k.p.r.p.TestFile    ... success: loaded 
963629     INFO  main            d.u.i.k.p.r.p.TestFile    Now processing file /home/runner/work/key/key/key.core/../key.ui/examples/heap/permissions/threads/Plotter_startTransfer_accessible.proof 
963629     INFO  main            d.u.i.k.p.i.AbstractProblemLoader Loading environment from /home/runner/work/key/key/key.core/../key.ui/examples/heap/permissions/threads/Plotter_startTransfer_accessible.proof 
963629     DEBUG main            d.u.i.k.p.i.AbstractProblemLoader Environment load took 181.81ns 
963630     INFO  main            d.u.i.k.p.i.AbstractProblemLoader Creating init config 
969391     DEBUG main            d.u.i.k.p.i.AbstractProblemLoader Init config took 5.76s 
969478     INFO  main            d.u.i.k.p.i.AbstractProblemLoader Replaying proof Plotter[ThreadSpec2::startTransfer()].JML accessible clause.0 
969595     DEBUG main            d.u.i.k.p.i.IntermediateProofReplayer Proof replay took 113.45ms 
969595     INFO  main            d.u.i.k.p.r.p.TestFile    ... success: loaded 
969596     INFO  main            d.u.i.k.p.r.p.TestFile    Now processing file /home/runner/work/key/key/key.core/../key.ui/examples/heap/permissions/threads/Plotter_joinTransfer_accessible.proof 
969597     INFO  main            d.u.i.k.p.i.AbstractProblemLoader Loading environment from /home/runner/work/key/key/key.core/../key.ui/examples/heap/permissions/threads/Plotter_joinTransfer_accessible.proof 
969597     DEBUG main            d.u.i.k.p.i.AbstractProblemLoader Environment load took 180.41ns 
969598     INFO  main            d.u.i.k.p.i.AbstractProblemLoader Creating init config 
975440     DEBUG main            d.u.i.k.p.i.AbstractProblemLoader Init config took 5.84s 
975545     INFO  main            d.u.i.k.p.i.AbstractProblemLoader Replaying proof Plotter[ThreadSpec2::joinTransfer()].JML accessible clause.0 
975565     WARN  main            d.u.i.k.p.i.IntermediateProofReplayer Proof contains wrong number of \assumes instatiations for Definition_axiom_for_stateInv_in_Plotter 
975582     WARN  main            d.u.i.k.p.i.IntermediateProofReplayer Proof contains wrong number of \assumes instatiations for Definition_axiom_for_stateInv_in_Plotter 
975585     WARN  main            d.u.i.k.p.i.IntermediateProofReplayer Proof contains wrong number of \assumes instatiations for Definition_axiom_for_workingPermissions_in_Plotter 
975590     WARN  main            d.u.i.k.p.i.IntermediateProofReplayer Proof contains wrong number of \assumes instatiations for Definition_axiom_for_staticPermissions_in_Plotter 
975591     WARN  main            d.u.i.k.p.i.IntermediateProofReplayer Proof contains wrong number of \assumes instatiations for Definition_axiom_for_joinTransfer_in_Plotter 
975593     WARN  main            d.u.i.k.p.i.IntermediateProofReplayer Proof contains wrong number of \assumes instatiations for Definition_axiom_for_stateInv_in_BFilter 
975606     WARN  main            d.u.i.k.p.i.IntermediateProofReplayer Proof contains wrong number of \assumes instatiations for Definition_axiom_for_stateInv_in_AFilter 
975609     WARN  main            d.u.i.k.p.i.IntermediateProofReplayer Proof contains wrong number of \assumes instatiations for Definition_axiom_for_stateInv_in_BFilter 
975612     WARN  main            d.u.i.k.p.i.IntermediateProofReplayer Proof contains wrong number of \assumes instatiations for Definition_axiom_for_stateInv_in_AFilter 
975621     WARN  main            d.u.i.k.p.i.IntermediateProofReplayer Proof contains wrong number of \assumes instatiations for Definition_axiom_for_staticPermissions_in_AFilter 
975622     WARN  main            d.u.i.k.p.i.IntermediateProofReplayer Proof contains wrong number of \assumes instatiations for Definition_axiom_for_staticPermissions_in_Plotter 
975624     WARN  main            d.u.i.k.p.i.IntermediateProofReplayer Proof contains wrong number of \assumes instatiations for Definition_axiom_for_staticPermissions_in_BFilter 
975625     WARN  main            d.u.i.k.p.i.IntermediateProofReplayer Proof contains wrong number of \assumes instatiations for Definition_axiom_for_workingPermissions_in_Plotter 
975630     WARN  main            d.u.i.k.p.i.IntermediateProofReplayer Proof contains wrong number of \assumes instatiations for Definition_axiom_for_stateInv_in_Sampler 
975631     WARN  main            d.u.i.k.p.i.IntermediateProofReplayer Proof contains wrong number of \assumes instatiations for Definition_axiom_for_stateInv_in_Sampler 
975632     WARN  main            d.u.i.k.p.i.IntermediateProofReplayer Proof contains wrong number of \assumes instatiations for Definition_axiom_for_staticPermissions_in_Sampler 
975632     WARN  main            d.u.i.k.p.i.IntermediateProofReplayer Proof contains wrong number of \assumes instatiations for Definition_axiom_for_staticPermissions_in_BFilter 
975633     WARN  main            d.u.i.k.p.i.IntermediateProofReplayer Proof contains wrong number of \assumes instatiations for Definition_axiom_for_staticPermissions_in_AFilter 
975639     WARN  main            d.u.i.k.p.i.IntermediateProofReplayer Proof contains wrong number of \assumes instatiations for Definition_axiom_for_staticPermissions_in_Sampler 
975639     WARN  main            d.u.i.k.p.i.IntermediateProofReplayer Proof contains wrong number of \assumes instatiations for Definition_axiom_for_staticPermissions_in_Sampler 
975640     WARN  main            d.u.i.k.p.i.IntermediateProofReplayer Proof contains wrong number of \assumes instatiations for Definition_axiom_for_staticPermissions_in_Sampler 
975641     WARN  main            d.u.i.k.p.i.IntermediateProofReplayer Proof contains wrong number of \assumes instatiations for Definition_axiom_for_joinTransfer_in_Plotter 
975767     DEBUG main            d.u.i.k.p.i.IntermediateProofReplayer Proof replay took 208.09ms 
975768     INFO  main            d.u.i.k.p.r.p.TestFile    ... success: loaded 
5752515    INFO  Test worker     d.u.i.k.p.r.RunAllProofsTestUnit Returning from test permissionHeap 
5752516    INFO  Test worker     d.u.i.k.p.r.RunAllProofsTestUnit Running test completionScopes 
419        INFO  Timeout watchdog d.u.i.k.p.r.p.ForkedTestFileRunner Timeout watcher launched (2000 secs.) 
435        WARN  main            d.u.i.k.s.ProofSettings   The settings in /home/runner/.key/proof-settings.props are *not* read. 
467        INFO  main            d.u.i.k.p.r.p.TestFile    Now processing file /home/runner/work/key/key/key.core/../key.ui/examples/completionscopes/testCcatchReturnVal.key 
608        INFO  main            d.u.i.k.p.i.AbstractProblemLoader Loading environment from /home/runner/work/key/key/key.core/../key.ui/examples/completionscopes/testCcatchReturnVal.key 
628        DEBUG main            d.u.i.k.p.i.AbstractProblemLoader Environment load took 2.91ms 
936        INFO  main            d.u.i.k.p.i.AbstractProblemLoader Creating init config 
2199       DEBUG main            d.u.i.k.j.TypeConverter   No LDT found for Meta 
2199       DEBUG main            d.u.i.k.j.TypeConverter   No LDT found for Meta 
2203       DEBUG main            d.u.i.k.j.TypeConverter   No LDT found for Meta 
2203       DEBUG main            d.u.i.k.j.TypeConverter   No LDT found for Meta 
3997       DEBUG main            d.u.i.k.j.TypeConverter   No LDT found for JavaBigintExpression 
9783       DEBUG main            d.u.i.k.p.i.AbstractProblemLoader Init config took 8.85s 
9933       INFO  main            d.u.i.k.p.i.AbstractProblemLoader Replaying proof CompletionScopes[CompletionScopes::testCcatchReturnVal()].JML normal_behavior operation contract.0 
9975       DEBUG main            d.u.i.k.p.i.IntermediateProofReplayer Proof replay took 39.3ns 
10616      INFO  main            d.u.i.k.p.r.p.TestFile    ... finished proof: closed. 
10741      INFO  main            d.u.i.k.p.i.AbstractProblemLoader Loading environment from /home/runner/work/key/key/key.core/../key.ui/examples/completionscopes/testCcatchReturnVal.key.proof 
10742      DEBUG main            d.u.i.k.p.i.AbstractProblemLoader Environment load took 580.42ns 
10745      INFO  main            d.u.i.k.p.i.AbstractProblemLoader Creating init config 
14085      DEBUG main            d.u.i.k.p.i.AbstractProblemLoader Init config took 3.34s 
14209      INFO  main            d.u.i.k.p.i.AbstractProblemLoader Replaying proof CompletionScopes[CompletionScopes::testCcatchReturnVal()].JML normal_behavior operation contract.0 
14304      DEBUG main            d.u.i.k.p.i.IntermediateProofReplayer Proof replay took 84.72ms 
14319      DEBUG main            d.u.i.k.p.r.p.TestFile    ... success: reloaded. 
14325      INFO  main            d.u.i.k.p.r.p.TestFile    Now processing file /home/runner/work/key/key/key.core/../key.ui/examples/completionscopes/testMultCcatchClauses.key 
14327      INFO  main            d.u.i.k.p.i.AbstractProblemLoader Loading environment from /home/runner/work/key/key/key.core/../key.ui/examples/completionscopes/testMultCcatchClauses.key 
14327      DEBUG main            d.u.i.k.p.i.AbstractProblemLoader Environment load took 102.9ns 
14331      INFO  main            d.u.i.k.p.i.AbstractProblemLoader Creating init config 
17636      DEBUG main            d.u.i.k.p.i.AbstractProblemLoader Init config took 3.3s 
17708      INFO  main            d.u.i.k.p.i.AbstractProblemLoader Replaying proof CompletionScopes[CompletionScopes::testMultCcatchClauses()].JML normal_behavior operation contract.0 
17715      DEBUG main            d.u.i.k.p.i.IntermediateProofReplayer Proof replay took 7.3ns 
18221      INFO  main            d.u.i.k.p.r.p.TestFile    ... finished proof: closed. 
18391      INFO  main            d.u.i.k.p.i.AbstractProblemLoader Loading environment from /home/runner/work/key/key/key.core/../key.ui/examples/completionscopes/testMultCcatchClauses.key.proof 
18394      DEBUG main            d.u.i.k.p.i.AbstractProblemLoader Environment load took 3.45ms 
18396      INFO  main            d.u.i.k.p.i.AbstractProblemLoader Creating init config 
21405      DEBUG main            d.u.i.k.p.i.AbstractProblemLoader Init config took 3.01s 
21466      INFO  main            d.u.i.k.p.i.AbstractProblemLoader Replaying proof CompletionScopes[CompletionScopes::testMultCcatchClauses()].JML normal_behavior operation contract.0 
21595      DEBUG main            d.u.i.k.p.i.IntermediateProofReplayer Proof replay took 124.55ms 
21597      DEBUG main            d.u.i.k.p.r.p.TestFile    ... success: reloaded. 
21598      INFO  main            d.u.i.k.p.r.p.TestFile    Now processing file /home/runner/work/key/key/key.core/../key.ui/examples/completionscopes/testNestedExec.key 
21599      INFO  main            d.u.i.k.p.i.AbstractProblemLoader Loading environment from /home/runner/work/key/key/key.core/../key.ui/examples/completionscopes/testNestedExec.key 
21599      DEBUG main            d.u.i.k.p.i.AbstractProblemLoader Environment load took 224.31ns 
21600      INFO  main            d.u.i.k.p.i.AbstractProblemLoader Creating init config 
24805      DEBUG main            d.u.i.k.p.i.AbstractProblemLoader Init config took 3.2s 
24870      INFO  main            d.u.i.k.p.i.AbstractProblemLoader Replaying proof CompletionScopes[CompletionScopes::testMultCcatchClauses()].JML normal_behavior operation contract.0 
24875      DEBUG main            d.u.i.k.p.i.IntermediateProofReplayer Proof replay took 7.2ns 
25284      INFO  main            d.u.i.k.p.r.p.TestFile    ... finished proof: closed. 
25435      INFO  main            d.u.i.k.p.i.AbstractProblemLoader Loading environment from /home/runner/work/key/key/key.core/../key.ui/examples/completionscopes/testNestedExec.key.proof 
25436      DEBUG main            d.u.i.k.p.i.AbstractProblemLoader Environment load took 319.41ns 
25438      INFO  main            d.u.i.k.p.i.AbstractProblemLoader Creating init config 
28395      DEBUG main            d.u.i.k.p.i.AbstractProblemLoader Init config took 2.96s 
28478      INFO  main            d.u.i.k.p.i.AbstractProblemLoader Replaying proof CompletionScopes[CompletionScopes::testMultCcatchClauses()].JML normal_behavior operation contract.0 
28603      DEBUG main            d.u.i.k.p.i.IntermediateProofReplayer Proof replay took 118.59ms 
28604      DEBUG main            d.u.i.k.p.r.p.TestFile    ... success: reloaded. 
28607      INFO  main            d.u.i.k.p.r.p.TestFile    Now processing file /home/runner/work/key/key/key.core/../key.ui/examples/completionscopes/testCcatchBreakLabel.key 
28607      INFO  main            d.u.i.k.p.i.AbstractProblemLoader Loading environment from /home/runner/work/key/key/key.core/../key.ui/examples/completionscopes/testCcatchBreakLabel.key 
28607      DEBUG main            d.u.i.k.p.i.AbstractProblemLoader Environment load took 115.5ns 
28609      INFO  main            d.u.i.k.p.i.AbstractProblemLoader Creating init config 
31597      DEBUG main            d.u.i.k.p.i.AbstractProblemLoader Init config took 2.99s 
31647      INFO  main            d.u.i.k.p.i.AbstractProblemLoader Replaying proof CompletionScopes[CompletionScopes::testBreakLabel()].JML normal_behavior operation contract.0 
31650      DEBUG main            d.u.i.k.p.i.IntermediateProofReplayer Proof replay took 6.5ns 
31671      DEBUG Thread-10       d.u.i.k.l.o.ProgramSV     Match failed: Former match of  SchemaVariable incompatible with  the current match. 
31753      INFO  main            d.u.i.k.p.r.p.TestFile    ... finished proof: closed. 
31919      INFO  main            d.u.i.k.p.i.AbstractProblemLoader Loading environment from /home/runner/work/key/key/key.core/../key.ui/examples/completionscopes/testCcatchBreakLabel.key.proof 
31919      DEBUG main            d.u.i.k.p.i.AbstractProblemLoader Environment load took 145.5ns 
31923      INFO  main            d.u.i.k.p.i.AbstractProblemLoader Creating init config 
34919      DEBUG main            d.u.i.k.p.i.AbstractProblemLoader Init config took 3s 
34989      INFO  main            d.u.i.k.p.i.AbstractProblemLoader Replaying proof CompletionScopes[CompletionScopes::testBreakLabel()].JML normal_behavior operation contract.0 
35003      DEBUG main            d.u.i.k.p.i.IntermediateProofReplayer Proof replay took 11.35ms 
35004      DEBUG main            d.u.i.k.p.r.p.TestFile    ... success: reloaded. 
35005      INFO  main            d.u.i.k.p.r.p.TestFile    Now processing file /home/runner/work/key/key/key.core/../key.ui/examples/completionscopes/testCcatchContinueLabel.key 
35006      INFO  main            d.u.i.k.p.i.AbstractProblemLoader Loading environment from /home/runner/work/key/key/key.core/../key.ui/examples/completionscopes/testCcatchContinueLabel.key 
35006      DEBUG main            d.u.i.k.p.i.AbstractProblemLoader Environment load took 198.51ns 
35007      INFO  main            d.u.i.k.p.i.AbstractProblemLoader Creating init config 
37949      DEBUG main            d.u.i.k.p.i.AbstractProblemLoader Init config took 2.94s 
38001      INFO  main            d.u.i.k.p.i.AbstractProblemLoader Replaying proof CompletionScopes[CompletionScopes::testContinueLabel()].JML normal_behavior operation contract.0 
38003      DEBUG main            d.u.i.k.p.i.IntermediateProofReplayer Proof replay took 6.7ns 
38025      DEBUG Thread-13       d.u.i.k.l.o.ProgramSV     Match failed: Former match of  SchemaVariable incompatible with  the current match. 
38106      INFO  main            d.u.i.k.p.r.p.TestFile    ... finished proof: closed. 
38326      INFO  main            d.u.i.k.p.i.AbstractProblemLoader Loading environment from /home/runner/work/key/key/key.core/../key.ui/examples/completionscopes/testCcatchContinueLabel.key.proof 
38326      DEBUG main            d.u.i.k.p.i.AbstractProblemLoader Environment load took 131.71ns 
38327      INFO  main            d.u.i.k.p.i.AbstractProblemLoader Creating init config 
41348      DEBUG main            d.u.i.k.p.i.AbstractProblemLoader Init config took 3.02s 
41398      INFO  main            d.u.i.k.p.i.AbstractProblemLoader Replaying proof CompletionScopes[CompletionScopes::testContinueLabel()].JML normal_behavior operation contract.0 
41411      DEBUG main            d.u.i.k.p.i.IntermediateProofReplayer Proof replay took 10.52ms 
41413      DEBUG main            d.u.i.k.p.r.p.TestFile    ... success: reloaded. 
41414      INFO  main            d.u.i.k.p.r.p.TestFile    Now processing file /home/runner/work/key/key/key.core/../key.ui/examples/completionscopes/testCcatchBreakLabelWildcard.key 
41414      INFO  main            d.u.i.k.p.i.AbstractProblemLoader Loading environment from /home/runner/work/key/key/key.core/../key.ui/examples/completionscopes/testCcatchBreakLabelWildcard.key 
41415      DEBUG main            d.u.i.k.p.i.AbstractProblemLoader Environment load took 204.71ns 
41416      INFO  main            d.u.i.k.p.i.AbstractProblemLoader Creating init config 
44328      DEBUG main            d.u.i.k.p.i.AbstractProblemLoader Init config took 2.91s 
44381      INFO  main            d.u.i.k.p.i.AbstractProblemLoader Replaying proof CompletionScopes[CompletionScopes::testBreakLabelWildcard()].JML normal_behavior operation contract.0 
44384      DEBUG main            d.u.i.k.p.i.IntermediateProofReplayer Proof replay took 7ns 
44407      DEBUG Thread-16       d.u.i.k.l.o.ProgramSV     Match failed: Former match of  SchemaVariable incompatible with  the current match. 
44408      DEBUG Thread-16       d.u.i.k.l.o.ProgramSV     Match failed: Former match of  SchemaVariable incompatible with  the current match. 
44492      INFO  main            d.u.i.k.p.r.p.TestFile    ... finished proof: closed. 
44685      INFO  main            d.u.i.k.p.i.AbstractProblemLoader Loading environment from /home/runner/work/key/key/key.core/../key.ui/examples/completionscopes/testCcatchBreakLabelWildcard.key.proof 
44685      DEBUG main            d.u.i.k.p.i.AbstractProblemLoader Environment load took 137.9ns 
44686      INFO  main            d.u.i.k.p.i.AbstractProblemLoader Creating init config 
47722      DEBUG main            d.u.i.k.p.i.AbstractProblemLoader Init config took 3.04s 
47786      INFO  main            d.u.i.k.p.i.AbstractProblemLoader Replaying proof CompletionScopes[CompletionScopes::testBreakLabelWildcard()].JML normal_behavior operation contract.0 
47811      DEBUG main            d.u.i.k.p.i.IntermediateProofReplayer Proof replay took 17.94ms 
47813      DEBUG main            d.u.i.k.p.r.p.TestFile    ... success: reloaded. 
47814      INFO  main            d.u.i.k.p.r.p.TestFile    Now processing file /home/runner/work/key/key/key.core/../key.ui/examples/completionscopes/testCcatchContinueLabelWildcard.key 
47815      INFO  main            d.u.i.k.p.i.AbstractProblemLoader Loading environment from /home/runner/work/key/key/key.core/../key.ui/examples/completionscopes/testCcatchContinueLabelWildcard.key 
47815      DEBUG main            d.u.i.k.p.i.AbstractProblemLoader Environment load took 227.21ns 
47817      INFO  main            d.u.i.k.p.i.AbstractProblemLoader Creating init config 
51019      DEBUG main            d.u.i.k.p.i.AbstractProblemLoader Init config took 3.2s 
51073      INFO  main            d.u.i.k.p.i.AbstractProblemLoader Replaying proof CompletionScopes[CompletionScopes::testContinueLabelWildcard()].JML normal_behavior operation contract.0 
51075      DEBUG main            d.u.i.k.p.i.IntermediateProofReplayer Proof replay took 8ns 
51099      DEBUG Thread-19       d.u.i.k.l.o.ProgramSV     Match failed: Former match of  SchemaVariable incompatible with  the current match. 
51101      DEBUG Thread-19       d.u.i.k.l.o.ProgramSV     Match failed: Former match of  SchemaVariable incompatible with  the current match. 
51202      INFO  main            d.u.i.k.p.r.p.TestFile    ... finished proof: closed. 
51394      INFO  main            d.u.i.k.p.i.AbstractProblemLoader Loading environment from /home/runner/work/key/key/key.core/../key.ui/examples/completionscopes/testCcatchContinueLabelWildcard.key.proof 
51395      DEBUG main            d.u.i.k.p.i.AbstractProblemLoader Environment load took 154.71ns 
51397      INFO  main            d.u.i.k.p.i.AbstractProblemLoader Creating init config 
54386      DEBUG main            d.u.i.k.p.i.AbstractProblemLoader Init config took 2.99s 
54442      INFO  main            d.u.i.k.p.i.AbstractProblemLoader Replaying proof CompletionScopes[CompletionScopes::testContinueLabelWildcard()].JML normal_behavior operation contract.0 
54455      DEBUG main            d.u.i.k.p.i.IntermediateProofReplayer Proof replay took 11.12ms 
54457      DEBUG main            d.u.i.k.p.r.p.TestFile    ... success: reloaded. 
54458      INFO  main            d.u.i.k.p.r.p.TestFile    Now processing file /home/runner/work/key/key/key.core/../key.ui/examples/completionscopes/testCcatchBreakLabelNonmatchingNested.key 
54458      INFO  main            d.u.i.k.p.i.AbstractProblemLoader Loading environment from /home/runner/work/key/key/key.core/../key.ui/examples/completionscopes/testCcatchBreakLabelNonmatchingNested.key 
54459      DEBUG main            d.u.i.k.p.i.AbstractProblemLoader Environment load took 117.3ns 
54460      INFO  main            d.u.i.k.p.i.AbstractProblemLoader Creating init config 
57387      DEBUG main            d.u.i.k.p.i.AbstractProblemLoader Init config took 2.93s 
57430      INFO  main            d.u.i.k.p.i.AbstractProblemLoader Replaying proof CompletionScopes[CompletionScopes::testBreakLabelNonmatchingNested()].JML normal_behavior operation contract.0 
57432      DEBUG main            d.u.i.k.p.i.IntermediateProofReplayer Proof replay took 7ns 
57449      DEBUG Thread-22       d.u.i.k.l.o.ProgramSV     Match failed: Former match of  SchemaVariable incompatible with  the current match. 
57451      DEBUG Thread-22       d.u.i.k.l.o.ProgramSV     Match failed: Former match of  SchemaVariable incompatible with  the current match. 
57534      INFO  main            d.u.i.k.p.r.p.TestFile    ... finished proof: closed. 
57779      INFO  main            d.u.i.k.p.i.AbstractProblemLoader Loading environment from /home/runner/work/key/key/key.core/../key.ui/examples/completionscopes/testCcatchBreakLabelNonmatchingNested.key.proof 
57779      DEBUG main            d.u.i.k.p.i.AbstractProblemLoader Environment load took 142.2ns 
57782      INFO  main            d.u.i.k.p.i.AbstractProblemLoader Creating init config 
60636      DEBUG main            d.u.i.k.p.i.AbstractProblemLoader Init config took 2.85s 
60697      INFO  main            d.u.i.k.p.i.AbstractProblemLoader Replaying proof CompletionScopes[CompletionScopes::testBreakLabelNonmatchingNested()].JML normal_behavior operation contract.0 
60710      DEBUG main            d.u.i.k.p.i.IntermediateProofReplayer Proof replay took 11.65ms 
60711      DEBUG main            d.u.i.k.p.r.p.TestFile    ... success: reloaded. 
5813444    INFO  Test worker     d.u.i.k.p.r.RunAllProofsTestUnit Returning from test completionScopes 
5813445    INFO  Test worker     d.u.i.k.p.r.RunAllProofsTestUnit Running test reload_examples 
446        INFO  Timeout watchdog d.u.i.k.p.r.p.ForkedTestFileRunner Timeout watcher launched (2000 secs.) 
455        WARN  main            d.u.i.k.s.ProofSettings   The settings in /home/runner/.key/proof-settings.props are *not* read. 
505        INFO  main            d.u.i.k.p.r.p.TestFile    Now processing file /home/runner/work/key/key/key.core/../key.ui/examples/firstTouch/05-ReverseArray/reverseArray.key 
651        INFO  main            d.u.i.k.p.i.AbstractProblemLoader Loading environment from /home/runner/work/key/key/key.core/../key.ui/examples/firstTouch/05-ReverseArray/reverseArray.key 
671        DEBUG main            d.u.i.k.p.i.AbstractProblemLoader Environment load took 2.41ms 
997        INFO  main            d.u.i.k.p.i.AbstractProblemLoader Creating init config 
2141       DEBUG main            d.u.i.k.j.TypeConverter   No LDT found for Meta 
2142       DEBUG main            d.u.i.k.j.TypeConverter   No LDT found for Meta 
2145       DEBUG main            d.u.i.k.j.TypeConverter   No LDT found for Meta 
2145       DEBUG main            d.u.i.k.j.TypeConverter   No LDT found for Meta 
3570       DEBUG main            d.u.i.k.j.TypeConverter   No LDT found for JavaBigintExpression 
9276       DEBUG main            d.u.i.k.p.i.AbstractProblemLoader Init config took 8.28s 
9399       INFO  main            d.u.i.k.p.i.AbstractProblemLoader Replaying proof ReverseArray[ReverseArray::reverse()].JML normal_behavior operation contract.0 
9463       DEBUG main            d.u.i.k.p.i.IntermediateProofReplayer Proof replay took 41.3ns 
21903      INFO  main            d.u.i.k.p.r.p.TestFile    ... finished proof: closed. 
22182      INFO  main            d.u.i.k.p.i.AbstractProblemLoader Loading environment from /home/runner/work/key/key/key.core/../key.ui/examples/firstTouch/05-ReverseArray/reverseArray.key.proof 
22182      DEBUG main            d.u.i.k.p.i.AbstractProblemLoader Environment load took 417.41ns 
22192      INFO  main            d.u.i.k.p.i.AbstractProblemLoader Creating init config 
25549      DEBUG main            d.u.i.k.p.i.AbstractProblemLoader Init config took 3.36s 
25604      INFO  main            d.u.i.k.p.i.AbstractProblemLoader Replaying proof ReverseArray[ReverseArray::reverse()].JML normal_behavior operation contract.0 
27221      DEBUG main            d.u.i.k.p.i.IntermediateProofReplayer Proof replay took 1.54s 
27233      DEBUG main            d.u.i.k.p.r.p.TestFile    ... success: reloaded. 
27235      INFO  main            d.u.i.k.p.r.p.TestFile    Now processing file /home/runner/work/key/key/key.core/../key.ui/examples/standard_key/arith/saveProofTest.key.proof 
27235      INFO  main            d.u.i.k.p.i.AbstractProblemLoader Loading environment from /home/runner/work/key/key/key.core/../key.ui/examples/standard_key/arith/saveProofTest.key.proof 
27235      DEBUG main            d.u.i.k.p.i.AbstractProblemLoader Environment load took 258.81ns 
27237      INFO  main            d.u.i.k.p.i.AbstractProblemLoader Creating init config 
30107      DEBUG main            d.u.i.k.p.i.AbstractProblemLoader Init config took 2.87s 
30135      INFO  main            d.u.i.k.p.i.AbstractProblemLoader Replaying proof saveProofTest.key.proof 
30143      DEBUG main            d.u.i.k.p.i.IntermediateProofReplayer Proof replay took 3.69ms 
30144      INFO  main            d.u.i.k.p.r.p.TestFile    ... success: loaded 
30145      INFO  main            d.u.i.k.p.r.p.TestFile    Now processing file /home/runner/work/key/key/key.core/../key.ui/examples/heap/permutedSum/perm.proof 
30146      INFO  main            d.u.i.k.p.i.AbstractProblemLoader Loading environment from /home/runner/work/key/key/key.core/../key.ui/examples/heap/permutedSum/perm.proof 
30146      DEBUG main            d.u.i.k.p.i.AbstractProblemLoader Environment load took 232.41ns 
30149      INFO  main            d.u.i.k.p.i.AbstractProblemLoader Creating init config 
33311      DEBUG main            d.u.i.k.p.i.AbstractProblemLoader Init config took 3.16s 
33391      INFO  main            d.u.i.k.p.i.AbstractProblemLoader Replaying proof Perm[Perm::foo()].JML normal_behavior operation contract.0 
34867      DEBUG main            d.u.i.k.p.i.IntermediateProofReplayer Proof replay took 1.42s 
34870      INFO  main            d.u.i.k.p.r.p.TestFile    ... success: loaded 
34871      INFO  main            d.u.i.k.p.r.p.TestFile    Now processing file /home/runner/work/key/key/key.core/../key.ui/examples/firstTouch/05-ReverseArray/reverseArray.proof 
34872      INFO  main            d.u.i.k.p.i.AbstractProblemLoader Loading environment from /home/runner/work/key/key/key.core/../key.ui/examples/firstTouch/05-ReverseArray/reverseArray.proof 
34872      DEBUG main            d.u.i.k.p.i.AbstractProblemLoader Environment load took 222.71ns 
34875      INFO  main            d.u.i.k.p.i.AbstractProblemLoader Creating init config 
38060      DEBUG main            d.u.i.k.p.i.AbstractProblemLoader Init config took 3.18s 
38120      INFO  main            d.u.i.k.p.i.AbstractProblemLoader Replaying proof ReverseArray[ReverseArray::reverse()].JML normal_behavior operation contract.0 
39441      DEBUG main            d.u.i.k.p.i.IntermediateProofReplayer Proof replay took 1.28s 
39444      INFO  main            d.u.i.k.p.r.p.TestFile    ... success: loaded 
39446      INFO  main            d.u.i.k.p.r.p.TestFile    Now processing file /home/runner/work/key/key/key.core/../key.ui/examples/heap/verifyThis15_1_RelaxedPrefix/relax.proof 
39446      INFO  main            d.u.i.k.p.i.AbstractProblemLoader Loading environment from /home/runner/work/key/key/key.core/../key.ui/examples/heap/verifyThis15_1_RelaxedPrefix/relax.proof 
39446      DEBUG main            d.u.i.k.p.i.AbstractProblemLoader Environment load took 196.61ns 
39449      INFO  main            d.u.i.k.p.i.AbstractProblemLoader Creating init config 
42537      DEBUG main            d.u.i.k.p.i.AbstractProblemLoader Init config took 3.09s 
42589      INFO  main            d.u.i.k.p.i.AbstractProblemLoader Replaying proof Relaxed[Relaxed::isRelaxedPrefix([I,[I)].JML operation contract.0 
43189      DEBUG main            d.u.i.k.p.i.IntermediateProofReplayer Proof replay took 577.2ms 
43191      INFO  main            d.u.i.k.p.r.p.TestFile    ... success: loaded 
43192      INFO  main            d.u.i.k.p.r.p.TestFile    Now processing file /home/runner/work/key/key/key.core/../key.ui/examples/heap/verifyThis15_3_DLL/doUndo.proof 
43193      INFO  main            d.u.i.k.p.i.AbstractProblemLoader Loading environment from /home/runner/work/key/key/key.core/../key.ui/examples/heap/verifyThis15_3_DLL/doUndo.proof 
43193      DEBUG main            d.u.i.k.p.i.AbstractProblemLoader Environment load took 250.51ns 
43195      INFO  main            d.u.i.k.p.i.AbstractProblemLoader Creating init config 
44275      DEBUG main            d.u.i.k.j.r.ClassPreparationMethodBuilder clPrepBuilder: Inner Class detected. Reject building class initialisation methods. 
46547      DEBUG main            d.u.i.k.p.i.AbstractProblemLoader Init config took 3.35s 
46648      INFO  main            d.u.i.k.p.i.AbstractProblemLoader Replaying proof DoubleLinkedList[DoubleLinkedList::doUndo(DoubleLinkedList.Node,int)].JML normal_behavior operation contract.0 
47720      DEBUG main            d.u.i.k.p.i.IntermediateProofReplayer Proof replay took 1.04s 
47722      INFO  main            d.u.i.k.p.r.p.TestFile    ... success: loaded 
47723      INFO  main            d.u.i.k.p.r.p.TestFile    Now processing file /home/runner/work/key/key/key.core/../key.ui/examples/heap/verifyThis15_2_ParallelGcd/parallelGcd.proof 
47724      INFO  main            d.u.i.k.p.i.AbstractProblemLoader Loading environment from /home/runner/work/key/key/key.core/../key.ui/examples/heap/verifyThis15_2_ParallelGcd/parallelGcd.proof 
47724      DEBUG main            d.u.i.k.p.i.AbstractProblemLoader Environment load took 119.2ns 
47731      INFO  main            d.u.i.k.p.i.AbstractProblemLoader Creating init config 
50943      DEBUG main            d.u.i.k.p.i.AbstractProblemLoader Init config took 3.21s 
51003      INFO  main            d.u.i.k.p.i.AbstractProblemLoader Replaying proof ParallelGcd[ParallelGcd::parallelGcd(int,int,[Z)].JML behavior operation contract.0 
51730      DEBUG main            d.u.i.k.p.i.IntermediateProofReplayer Proof replay took 710.29ms 
51731      INFO  main            d.u.i.k.p.r.p.TestFile    ... success: loaded 
5865394    INFO  Test worker     d.u.i.k.p.r.RunAllProofsTestUnit Returning from test reload_examples 
5865395    INFO  Test worker     d.u.i.k.p.r.RunAllProofsTestUnit Running test proofLoadRepair 
397        INFO  Timeout watchdog d.u.i.k.p.r.p.ForkedTestFileRunner Timeout watcher launched (2000 secs.) 
416        WARN  main            d.u.i.k.s.ProofSettings   The settings in /home/runner/.key/proof-settings.props are *not* read. 
448        INFO  main            d.u.i.k.p.r.p.TestFile    Now processing file /home/runner/work/key/key/key.core/../key.ui/examples/proofLoadRepair/disjConj-manipulated.proof 
634        INFO  main            d.u.i.k.p.i.AbstractProblemLoader Loading environment from /home/runner/work/key/key/key.core/../key.ui/examples/proofLoadRepair/disjConj-manipulated.proof 
658        DEBUG main            d.u.i.k.p.i.AbstractProblemLoader Environment load took 2.55ms 
968        INFO  main            d.u.i.k.p.i.AbstractProblemLoader Creating init config 
2285       DEBUG main            d.u.i.k.j.TypeConverter   No LDT found for Meta 
2286       DEBUG main            d.u.i.k.j.TypeConverter   No LDT found for Meta 
2289       DEBUG main            d.u.i.k.j.TypeConverter   No LDT found for Meta 
2289       DEBUG main            d.u.i.k.j.TypeConverter   No LDT found for Meta 
3975       DEBUG main            d.u.i.k.j.TypeConverter   No LDT found for JavaBigintExpression 
9633       DEBUG main            d.u.i.k.p.i.AbstractProblemLoader Init config took 8.67s 
9706       INFO  main            d.u.i.k.p.i.AbstractProblemLoader Replaying proof disjConj-manipulated.proof 
9762       WARN  main            d.u.i.k.p.i.IntermediateProofReplayer Proof contains wrong number of \assumes instatiations for andLeft 
9764       WARN  main            d.u.i.k.p.i.IntermediateProofReplayer Proof contains wrong number of \assumes instatiations for replace_known_right 
9767       WARN  main            d.u.i.k.p.i.IntermediateProofReplayer Proof contains wrong number of \assumes instatiations for close 
9768       DEBUG main            d.u.i.k.p.i.IntermediateProofReplayer Proof replay took 18.9ms 
9773       INFO  main            d.u.i.k.p.r.p.TestFile    ... success: loaded 
9777       INFO  main            d.u.i.k.p.r.p.TestFile    Now processing file /home/runner/work/key/key/key.core/../key.ui/examples/proofLoadRepair/insufficient-manipulated.proof 
9777       INFO  main            d.u.i.k.p.i.AbstractProblemLoader Loading environment from /home/runner/work/key/key/key.core/../key.ui/examples/proofLoadRepair/insufficient-manipulated.proof 
9777       DEBUG main            d.u.i.k.p.i.AbstractProblemLoader Environment load took 253.81ns 
9782       INFO  main            d.u.i.k.p.i.AbstractProblemLoader Creating init config 
13001      DEBUG main            d.u.i.k.p.i.AbstractProblemLoader Init config took 3.22s 
13029      INFO  main            d.u.i.k.p.i.AbstractProblemLoader Replaying proof insufficient-manipulated.proof 
13060      WARN  main            d.u.i.k.p.i.IntermediateProofReplayer Proof contains wrong number of \assumes instatiations for applyEq 
13082      DEBUG main            d.u.i.k.p.i.IntermediateProofReplayer Proof replay took 29.01ms 
13085      INFO  main            d.u.i.k.p.r.p.TestFile    ... success: loading failed 
13087      INFO  main            d.u.i.k.p.r.p.TestFile    Now processing file /home/runner/work/key/key/key.core/../key.ui/examples/../../key.core/src/test/resources/testcase/issues/1716/incorrectPolarity.proof 
13087      INFO  main            d.u.i.k.p.i.AbstractProblemLoader Loading environment from /home/runner/work/key/key/key.core/../key.ui/examples/../../key.core/src/test/resources/testcase/issues/1716/incorrectPolarity.proof 
13088      DEBUG main            d.u.i.k.p.i.AbstractProblemLoader Environment load took 262.91ns 
13090      INFO  main            d.u.i.k.p.i.AbstractProblemLoader Creating init config 
16285      DEBUG main            d.u.i.k.p.i.AbstractProblemLoader Init config took 3.19s 
16318      INFO  main            d.u.i.k.p.i.AbstractProblemLoader Replaying proof incorrectPolarity.proof 
16320      DEBUG main            d.u.i.k.p.i.IntermediateProofReplayer Proof replay took 211.91ns 
16321      INFO  main            d.u.i.k.p.r.p.TestFile    ... success: loading failed 
16322      INFO  main            d.u.i.k.p.r.p.TestFile    Now processing file /home/runner/work/key/key/key.core/../key.ui/examples/../../key.core/src/test/resources/testcase/issues/1716/incorrectPolarity2.proof 
16323      INFO  main            d.u.i.k.p.i.AbstractProblemLoader Loading environment from /home/runner/work/key/key/key.core/../key.ui/examples/../../key.core/src/test/resources/testcase/issues/1716/incorrectPolarity2.proof 
16323      DEBUG main            d.u.i.k.p.i.AbstractProblemLoader Environment load took 214.51ns 
16324      INFO  main            d.u.i.k.p.i.AbstractProblemLoader Creating init config 
19198      DEBUG main            d.u.i.k.p.i.AbstractProblemLoader Init config took 2.87s 
19224      INFO  main            d.u.i.k.p.i.AbstractProblemLoader Replaying proof incorrectPolarity2.proof 
19226      DEBUG main            d.u.i.k.p.i.IntermediateProofReplayer Proof replay took 374.91ns 
19227      INFO  main            d.u.i.k.p.r.p.TestFile    ... success: loading failed 
19228      INFO  main            d.u.i.k.p.r.p.TestFile    Now processing file /home/runner/work/key/key/key.core/../key.ui/examples/../../key.core/src/test/resources/testcase/issues/1716/incorrectPolarity3.proof 
19228      INFO  main            d.u.i.k.p.i.AbstractProblemLoader Loading environment from /home/runner/work/key/key/key.core/../key.ui/examples/../../key.core/src/test/resources/testcase/issues/1716/incorrectPolarity3.proof 
19229      DEBUG main            d.u.i.k.p.i.AbstractProblemLoader Environment load took 205.51ns 
19230      INFO  main            d.u.i.k.p.i.AbstractProblemLoader Creating init config 
22004      DEBUG main            d.u.i.k.p.i.AbstractProblemLoader Init config took 2.77s 
22030      INFO  main            d.u.i.k.p.i.AbstractProblemLoader Replaying proof incorrectPolarity3.proof 
22043      DEBUG main            d.u.i.k.p.i.IntermediateProofReplayer Proof replay took 5.69ms 
22050      INFO  main            d.u.i.k.p.r.p.TestFile    ... success: loading failed 
5887647    INFO  Test worker     d.u.i.k.p.r.RunAllProofsTestUnit Returning from test proofLoadRepair 
5887648    INFO  Test worker     d.u.i.k.p.r.RunAllProofsTestUnit Running test switch 
474        INFO  Timeout watchdog d.u.i.k.p.r.p.ForkedTestFileRunner Timeout watcher launched (2000 secs.) 
476        WARN  main            d.u.i.k.s.ProofSettings   The settings in /home/runner/.key/proof-settings.props are *not* read. 
520        INFO  main            d.u.i.k.p.r.p.TestFile    Now processing file /home/runner/work/key/key/key.core/../key.ui/examples/standard_key/java_dl/switch/labeled_case.key 
666        INFO  main            d.u.i.k.p.i.AbstractProblemLoader Loading environment from /home/runner/work/key/key/key.core/../key.ui/examples/standard_key/java_dl/switch/labeled_case.key 
690        DEBUG main            d.u.i.k.p.i.AbstractProblemLoader Environment load took 3.53ms 
966        INFO  main            d.u.i.k.p.i.AbstractProblemLoader Creating init config 
2292       DEBUG main            d.u.i.k.j.TypeConverter   No LDT found for Meta 
2293       DEBUG main            d.u.i.k.j.TypeConverter   No LDT found for Meta 
2296       DEBUG main            d.u.i.k.j.TypeConverter   No LDT found for Meta 
2296       DEBUG main            d.u.i.k.j.TypeConverter   No LDT found for Meta 
3916       DEBUG main            d.u.i.k.j.TypeConverter   No LDT found for JavaBigintExpression 
9703       DEBUG main            d.u.i.k.p.i.AbstractProblemLoader Init config took 8.74s 
9858       INFO  main            d.u.i.k.p.i.AbstractProblemLoader Replaying proof LabeledCase[LabeledCase::m(int)].JML normal_behavior operation contract.0 
9900       DEBUG main            d.u.i.k.p.i.IntermediateProofReplayer Proof replay took 45.8ns 
10724      INFO  main            d.u.i.k.p.r.p.TestFile    ... finished proof: closed. 
10907      INFO  main            d.u.i.k.p.i.AbstractProblemLoader Loading environment from /home/runner/work/key/key/key.core/../key.ui/examples/standard_key/java_dl/switch/labeled_case.key.proof 
10908      DEBUG main            d.u.i.k.p.i.AbstractProblemLoader Environment load took 429.11ns 
10911      INFO  main            d.u.i.k.p.i.AbstractProblemLoader Creating init config 
14274      DEBUG main            d.u.i.k.p.i.AbstractProblemLoader Init config took 3.36s 
14381      INFO  main            d.u.i.k.p.i.AbstractProblemLoader Replaying proof LabeledCase[LabeledCase::m(int)].JML normal_behavior operation contract.0 
14458      DEBUG main            d.u.i.k.p.i.IntermediateProofReplayer Proof replay took 70.65ms 
14475      DEBUG main            d.u.i.k.p.r.p.TestFile    ... success: reloaded. 
14480      INFO  main            d.u.i.k.p.r.p.TestFile    Now processing file /home/runner/work/key/key/key.core/../key.ui/examples/standard_key/java_dl/switch/empty_switch.key 
14481      INFO  main            d.u.i.k.p.i.AbstractProblemLoader Loading environment from /home/runner/work/key/key/key.core/../key.ui/examples/standard_key/java_dl/switch/empty_switch.key 
14481      DEBUG main            d.u.i.k.p.i.AbstractProblemLoader Environment load took 147.21ns 
14483      INFO  main            d.u.i.k.p.i.AbstractProblemLoader Creating init config 
17637      DEBUG main            d.u.i.k.p.i.AbstractProblemLoader Init config took 3.15s 
17677      INFO  main            d.u.i.k.p.i.AbstractProblemLoader Replaying proof empty_switch.key 
17687      DEBUG main            d.u.i.k.p.i.IntermediateProofReplayer Proof replay took 7.6ns 
17791      INFO  main            d.u.i.k.p.r.p.TestFile    ... finished proof: closed. 
17958      INFO  main            d.u.i.k.p.i.AbstractProblemLoader Loading environment from /home/runner/work/key/key/key.core/../key.ui/examples/standard_key/java_dl/switch/empty_switch.key.proof 
17959      DEBUG main            d.u.i.k.p.i.AbstractProblemLoader Environment load took 151ns 
17960      INFO  main            d.u.i.k.p.i.AbstractProblemLoader Creating init config 
20832      DEBUG main            d.u.i.k.p.i.AbstractProblemLoader Init config took 2.87s 
20862      INFO  main            d.u.i.k.p.i.AbstractProblemLoader Replaying proof empty_switch.key.proof 
20869      DEBUG main            d.u.i.k.p.i.IntermediateProofReplayer Proof replay took 3.02ms 
20870      DEBUG main            d.u.i.k.p.r.p.TestFile    ... success: reloaded. 
20870      INFO  main            d.u.i.k.p.r.p.TestFile    Now processing file /home/runner/work/key/key/key.core/../key.ui/examples/standard_key/java_dl/switch/empty_switch_null.key 
20871      INFO  main            d.u.i.k.p.i.AbstractProblemLoader Loading environment from /home/runner/work/key/key/key.core/../key.ui/examples/standard_key/java_dl/switch/empty_switch_null.key 
20871      DEBUG main            d.u.i.k.p.i.AbstractProblemLoader Environment load took 214.31ns 
20872      INFO  main            d.u.i.k.p.i.AbstractProblemLoader Creating init config 
23705      DEBUG main            d.u.i.k.p.i.AbstractProblemLoader Init config took 2.83s 
23728      INFO  main            d.u.i.k.p.i.AbstractProblemLoader Replaying proof empty_switch_null.key 
23730      DEBUG main            d.u.i.k.p.i.IntermediateProofReplayer Proof replay took 6.8ns 
23934      INFO  main            d.u.i.k.p.r.p.TestFile    ... finished proof: closed. 
24109      INFO  main            d.u.i.k.p.i.AbstractProblemLoader Loading environment from /home/runner/work/key/key/key.core/../key.ui/examples/standard_key/java_dl/switch/empty_switch_null.key.proof 
24110      DEBUG main            d.u.i.k.p.i.AbstractProblemLoader Environment load took 400.21ns 
24111      INFO  main            d.u.i.k.p.i.AbstractProblemLoader Creating init config 
26939      DEBUG main            d.u.i.k.p.i.AbstractProblemLoader Init config took 2.83s 
26963      INFO  main            d.u.i.k.p.i.AbstractProblemLoader Replaying proof empty_switch_null.key.proof 
27005      DEBUG main            d.u.i.k.p.i.IntermediateProofReplayer Proof replay took 39.26ms 
27007      DEBUG main            d.u.i.k.p.r.p.TestFile    ... success: reloaded. 
27008      INFO  main            d.u.i.k.p.r.p.TestFile    Now processing file /home/runner/work/key/key/key.core/../key.ui/examples/standard_key/java_dl/switch/empty_switch_null_catch.key 
27008      INFO  main            d.u.i.k.p.i.AbstractProblemLoader Loading environment from /home/runner/work/key/key/key.core/../key.ui/examples/standard_key/java_dl/switch/empty_switch_null_catch.key 
27008      DEBUG main            d.u.i.k.p.i.AbstractProblemLoader Environment load took 215.71ns 
27010      INFO  main            d.u.i.k.p.i.AbstractProblemLoader Creating init config 
29823      DEBUG main            d.u.i.k.p.i.AbstractProblemLoader Init config took 2.81s 
29847      INFO  main            d.u.i.k.p.i.AbstractProblemLoader Replaying proof empty_switch_null_catch.key 
29850      DEBUG main            d.u.i.k.p.i.IntermediateProofReplayer Proof replay took 7ns 
30056      INFO  main            d.u.i.k.p.r.p.TestFile    ... finished proof: closed. 
30233      INFO  main            d.u.i.k.p.i.AbstractProblemLoader Loading environment from /home/runner/work/key/key/key.core/../key.ui/examples/standard_key/java_dl/switch/empty_switch_null_catch.key.proof 
30233      DEBUG main            d.u.i.k.p.i.AbstractProblemLoader Environment load took 143.41ns 
30234      INFO  main            d.u.i.k.p.i.AbstractProblemLoader Creating init config 
32979      DEBUG main            d.u.i.k.p.i.AbstractProblemLoader Init config took 2.74s 
33026      INFO  main            d.u.i.k.p.i.AbstractProblemLoader Replaying proof empty_switch_null_catch.key.proof 
33077      DEBUG main            d.u.i.k.p.i.IntermediateProofReplayer Proof replay took 48.12ms 
33079      DEBUG main            d.u.i.k.p.r.p.TestFile    ... success: reloaded. 
33080      INFO  main            d.u.i.k.p.r.p.TestFile    Now processing file /home/runner/work/key/key/key.core/../key.ui/examples/standard_key/java_dl/switch/empty_switch_array_out_of_bounds.key 
33080      INFO  main            d.u.i.k.p.i.AbstractProblemLoader Loading environment from /home/runner/work/key/key/key.core/../key.ui/examples/standard_key/java_dl/switch/empty_switch_array_out_of_bounds.key 
33080      DEBUG main            d.u.i.k.p.i.AbstractProblemLoader Environment load took 200.81ns 
33081      INFO  main            d.u.i.k.p.i.AbstractProblemLoader Creating init config 
35883      DEBUG main            d.u.i.k.p.i.AbstractProblemLoader Init config took 2.8s 
35906      INFO  main            d.u.i.k.p.i.AbstractProblemLoader Replaying proof empty_switch_array_out_of_bounds.key 
35909      DEBUG main            d.u.i.k.p.i.IntermediateProofReplayer Proof replay took 18.2ns 
36213      INFO  main            d.u.i.k.p.r.p.TestFile    ... finished proof: closed. 
36448      INFO  main            d.u.i.k.p.i.AbstractProblemLoader Loading environment from /home/runner/work/key/key/key.core/../key.ui/examples/standard_key/java_dl/switch/empty_switch_array_out_of_bounds.key.proof 
36449      DEBUG main            d.u.i.k.p.i.AbstractProblemLoader Environment load took 589.22ns 
36450      INFO  main            d.u.i.k.p.i.AbstractProblemLoader Creating init config 
39350      DEBUG main            d.u.i.k.p.i.AbstractProblemLoader Init config took 2.9s 
39371      INFO  main            d.u.i.k.p.i.AbstractProblemLoader Replaying proof empty_switch_array_out_of_bounds.key.proof 
39466      DEBUG main            d.u.i.k.p.i.IntermediateProofReplayer Proof replay took 90.88ms 
39467      DEBUG main            d.u.i.k.p.r.p.TestFile    ... success: reloaded. 
39468      INFO  main            d.u.i.k.p.r.p.TestFile    Now processing file /home/runner/work/key/key/key.core/../key.ui/examples/standard_key/java_dl/switch/empty_switch_array_out_of_bounds_catch.key 
39468      INFO  main            d.u.i.k.p.i.AbstractProblemLoader Loading environment from /home/runner/work/key/key/key.core/../key.ui/examples/standard_key/java_dl/switch/empty_switch_array_out_of_bounds_catch.key 
39469      DEBUG main            d.u.i.k.p.i.AbstractProblemLoader Environment load took 599.02ns 
39470      INFO  main            d.u.i.k.p.i.AbstractProblemLoader Creating init config 
42236      DEBUG main            d.u.i.k.p.i.AbstractProblemLoader Init config took 2.77s 
42264      INFO  main            d.u.i.k.p.i.AbstractProblemLoader Replaying proof empty_switch_array_out_of_bounds_catch.key 
42269      DEBUG main            d.u.i.k.p.i.IntermediateProofReplayer Proof replay took 7.5ns 
42572      INFO  main            d.u.i.k.p.r.p.TestFile    ... finished proof: closed. 
42783      INFO  main            d.u.i.k.p.i.AbstractProblemLoader Loading environment from /home/runner/work/key/key/key.core/../key.ui/examples/standard_key/java_dl/switch/empty_switch_array_out_of_bounds_catch.key.proof 
42784      DEBUG main            d.u.i.k.p.i.AbstractProblemLoader Environment load took 851.63ns 
42785      INFO  main            d.u.i.k.p.i.AbstractProblemLoader Creating init config 
45617      DEBUG main            d.u.i.k.p.i.AbstractProblemLoader Init config took 2.83s 
45648      INFO  main            d.u.i.k.p.i.AbstractProblemLoader Replaying proof empty_switch_array_out_of_bounds_catch.key.proof 
45700      DEBUG main            d.u.i.k.p.i.IntermediateProofReplayer Proof replay took 47.41ms 
45701      DEBUG main            d.u.i.k.p.r.p.TestFile    ... success: reloaded. 
45703      INFO  main            d.u.i.k.p.r.p.TestFile    Now processing file /home/runner/work/key/key/key.core/../key.ui/examples/standard_key/java_dl/switch/switch_in_switch.key 
45703      INFO  main            d.u.i.k.p.i.AbstractProblemLoader Loading environment from /home/runner/work/key/key/key.core/../key.ui/examples/standard_key/java_dl/switch/switch_in_switch.key 
45703      DEBUG main            d.u.i.k.p.i.AbstractProblemLoader Environment load took 202.31ns 
45706      INFO  main            d.u.i.k.p.i.AbstractProblemLoader Creating init config 
48792      DEBUG main            d.u.i.k.p.i.AbstractProblemLoader Init config took 3.09s 
48846      INFO  main            d.u.i.k.p.i.AbstractProblemLoader Replaying proof SwitchInSwitch[SwitchInSwitch::m(int)].JML normal_behavior operation contract.0 
48848      DEBUG main            d.u.i.k.p.i.IntermediateProofReplayer Proof replay took 7.2ns 
54087      INFO  main            d.u.i.k.p.r.p.TestFile    ... finished proof: closed. 
54372      INFO  main            d.u.i.k.p.i.AbstractProblemLoader Loading environment from /home/runner/work/key/key/key.core/../key.ui/examples/standard_key/java_dl/switch/switch_in_switch.key.proof 
54372      DEBUG main            d.u.i.k.p.i.AbstractProblemLoader Environment load took 364.41ns 
54377      INFO  main            d.u.i.k.p.i.AbstractProblemLoader Creating init config 
57260      DEBUG main            d.u.i.k.p.i.AbstractProblemLoader Init config took 2.88s 
57312      INFO  main            d.u.i.k.p.i.AbstractProblemLoader Replaying proof SwitchInSwitch[SwitchInSwitch::m(int)].JML normal_behavior operation contract.0 
58021      DEBUG main            d.u.i.k.p.i.IntermediateProofReplayer Proof replay took 679.97ms 
58023      DEBUG main            d.u.i.k.p.r.p.TestFile    ... success: reloaded. 
58026      INFO  main            d.u.i.k.p.r.p.TestFile    Now processing file /home/runner/work/key/key/key.core/../key.ui/examples/standard_key/java_dl/switch/while_and_switch.key 
58027      INFO  main            d.u.i.k.p.i.AbstractProblemLoader Loading environment from /home/runner/work/key/key/key.core/../key.ui/examples/standard_key/java_dl/switch/while_and_switch.key 
58027      DEBUG main            d.u.i.k.p.i.AbstractProblemLoader Environment load took 399.11ns 
58028      INFO  main            d.u.i.k.p.i.AbstractProblemLoader Creating init config 
60853      DEBUG main            d.u.i.k.p.i.AbstractProblemLoader Init config took 2.82s 
60902      INFO  main            d.u.i.k.p.i.AbstractProblemLoader Replaying proof WhileAndSwitch[WhileAndSwitch::m(int)].JML normal_behavior operation contract.0 
60905      DEBUG main            d.u.i.k.p.i.IntermediateProofReplayer Proof replay took 14.8ns 
61730      INFO  main            d.u.i.k.p.r.p.TestFile    ... finished proof: closed. 
61975      INFO  main            d.u.i.k.p.i.AbstractProblemLoader Loading environment from /home/runner/work/key/key/key.core/../key.ui/examples/standard_key/java_dl/switch/while_and_switch.key.proof 
61976      DEBUG main            d.u.i.k.p.i.AbstractProblemLoader Environment load took 138.9ns 
61977      INFO  main            d.u.i.k.p.i.AbstractProblemLoader Creating init config 
64856      DEBUG main            d.u.i.k.p.i.AbstractProblemLoader Init config took 2.88s 
64912      INFO  main            d.u.i.k.p.i.AbstractProblemLoader Replaying proof WhileAndSwitch[WhileAndSwitch::m(int)].JML normal_behavior operation contract.0 
65113      DEBUG main            d.u.i.k.p.i.IntermediateProofReplayer Proof replay took 194.86ms 
65116      DEBUG main            d.u.i.k.p.r.p.TestFile    ... success: reloaded. 
65118      INFO  main            d.u.i.k.p.r.p.TestFile    Now processing file /home/runner/work/key/key/key.core/../key.ui/examples/standard_key/java_dl/switch/large_switch.key 
65119      INFO  main            d.u.i.k.p.i.AbstractProblemLoader Loading environment from /home/runner/work/key/key/key.core/../key.ui/examples/standard_key/java_dl/switch/large_switch.key 
65119      DEBUG main            d.u.i.k.p.i.AbstractProblemLoader Environment load took 205.31ns 
65120      INFO  main            d.u.i.k.p.i.AbstractProblemLoader Creating init config 
67960      DEBUG main            d.u.i.k.p.i.AbstractProblemLoader Init config took 2.84s 
68008      INFO  main            d.u.i.k.p.i.AbstractProblemLoader Replaying proof LargeSwitch[LargeSwitch::m(int)].JML normal_behavior operation contract.0 
68010      DEBUG main            d.u.i.k.p.i.IntermediateProofReplayer Proof replay took 6.2ns 
69636      INFO  main            d.u.i.k.p.r.p.TestFile    ... finished proof: closed. 
69883      INFO  main            d.u.i.k.p.i.AbstractProblemLoader Loading environment from /home/runner/work/key/key/key.core/../key.ui/examples/standard_key/java_dl/switch/large_switch.key.proof 
69884      DEBUG main            d.u.i.k.p.i.AbstractProblemLoader Environment load took 392.91ns 
69886      INFO  main            d.u.i.k.p.i.AbstractProblemLoader Creating init config 
72655      DEBUG main            d.u.i.k.p.i.AbstractProblemLoader Init config took 2.77s 
72701      INFO  main            d.u.i.k.p.i.AbstractProblemLoader Replaying proof LargeSwitch[LargeSwitch::m(int)].JML normal_behavior operation contract.0 
73160      DEBUG main            d.u.i.k.p.i.IntermediateProofReplayer Proof replay took 442.32ms 
73162      DEBUG main            d.u.i.k.p.r.p.TestFile    ... success: reloaded. 
5960999    INFO  Test worker     d.u.i.k.p.r.RunAllProofsTestUnit Returning from test switch 
5961000    INFO  Test worker     d.u.i.k.p.r.RunAllProofsTestUnit Running test redux 
406        INFO  Timeout watchdog d.u.i.k.p.r.p.ForkedTestFileRunner Timeout watcher launched (2000 secs.) 
421        WARN  main            d.u.i.k.s.ProofSettings   The settings in /home/runner/.key/proof-settings.props are *not* read. 
454        INFO  main            d.u.i.k.p.r.p.TestFile    Now processing file /home/runner/work/key/key/key.core/../key.ui/examples/redux/arrays/Arrays.copyOf.key 
597        INFO  main            d.u.i.k.p.i.AbstractProblemLoader Loading environment from /home/runner/work/key/key/key.core/../key.ui/examples/redux/arrays/Arrays.copyOf.key 
625        DEBUG main            d.u.i.k.p.i.AbstractProblemLoader Environment load took 3.18ms 
902        INFO  main            d.u.i.k.p.i.AbstractProblemLoader Creating init config 
2036       DEBUG main            d.u.i.k.j.TypeConverter   No LDT found for Meta 
2036       DEBUG main            d.u.i.k.j.TypeConverter   No LDT found for Meta 
2040       DEBUG main            d.u.i.k.j.TypeConverter   No LDT found for Meta 
2040       DEBUG main            d.u.i.k.j.TypeConverter   No LDT found for Meta 
3811       DEBUG main            d.u.i.k.j.TypeConverter   No LDT found for JavaBigintExpression 
10318      DEBUG main            d.u.i.k.p.i.AbstractProblemLoader Init config took 9.42s 
10542      INFO  main            d.u.i.k.p.i.AbstractProblemLoader Replaying proof Arrays[Arrays::copyOf([I,int)].JML normal_behavior operation contract.0 
10592      DEBUG main            d.u.i.k.p.i.IntermediateProofReplayer Proof replay took 40.4ns 
16448      INFO  main            d.u.i.k.p.r.p.TestFile    ... finished proof: closed. 
16700      INFO  main            d.u.i.k.p.i.AbstractProblemLoader Loading environment from /home/runner/work/key/key/key.core/../key.ui/examples/redux/arrays/Arrays.copyOf.key.proof 
16703      DEBUG main            d.u.i.k.p.i.AbstractProblemLoader Environment load took 2.34ms 
16708      INFO  main            d.u.i.k.p.i.AbstractProblemLoader Creating init config 
20544      DEBUG main            d.u.i.k.p.i.AbstractProblemLoader Init config took 3.84s 
20613      INFO  main            d.u.i.k.p.i.AbstractProblemLoader Replaying proof Arrays[Arrays::copyOf([I,int)].JML normal_behavior operation contract.0 
21268      DEBUG main            d.u.i.k.p.i.IntermediateProofReplayer Proof replay took 633.33ms 
21278      DEBUG main            d.u.i.k.p.r.p.TestFile    ... success: reloaded. 
21279      INFO  main            d.u.i.k.p.r.p.TestFile    Now processing file /home/runner/work/key/key/key.core/../key.ui/examples/redux/arrays/Arrays.copyOf.float.key 
21279      INFO  main            d.u.i.k.p.i.AbstractProblemLoader Loading environment from /home/runner/work/key/key/key.core/../key.ui/examples/redux/arrays/Arrays.copyOf.float.key 
21279      DEBUG main            d.u.i.k.p.i.AbstractProblemLoader Environment load took 219.01ns 
21281      INFO  main            d.u.i.k.p.i.AbstractProblemLoader Creating init config 
25085      DEBUG main            d.u.i.k.p.i.AbstractProblemLoader Init config took 3.8s 
25142      INFO  main            d.u.i.k.p.i.AbstractProblemLoader Replaying proof Arrays[Arrays::copyOf([F,int)].JML normal_behavior operation contract.0 
25145      DEBUG main            d.u.i.k.p.i.IntermediateProofReplayer Proof replay took 16ns 
25176      DEBUG main            d.u.i.k.m.s.ProofScriptEngine 1: 'macro autopilot' 
30390      DEBUG main            d.u.i.k.m.s.ProofScriptEngine 2: 'smt solver=Z3' 
30464      INFO  main            d.u.i.k.m.s.SMTCommand    Finished run on goal 17 in 48ms, result is valid 
30464      DEBUG main            d.u.i.k.m.s.ProofScriptEngine 3: 'tryclose' 
32388      INFO  main            d.u.i.k.p.r.p.TestFile    ... finished proof: closed. 
32603      INFO  main            d.u.i.k.p.i.AbstractProblemLoader Loading environment from /home/runner/work/key/key/key.core/../key.ui/examples/redux/arrays/Arrays.copyOf.float.key.proof 
32609      DEBUG main            d.u.i.k.p.i.AbstractProblemLoader Environment load took 5.54ms 
32619      INFO  main            d.u.i.k.p.i.AbstractProblemLoader Creating init config 
36155      DEBUG main            d.u.i.k.p.i.AbstractProblemLoader Init config took 3.54s 
36230      INFO  main            d.u.i.k.p.i.AbstractProblemLoader Replaying proof Arrays[Arrays::copyOf([F,int)].JML normal_behavior operation contract.0 
36319      INFO  main            d.u.i.k.s.SMTFocusResults Analyzing unsat core: (L_6) 
37176      DEBUG main            d.u.i.k.p.i.IntermediateProofReplayer Proof replay took 920.98ms 
37181      DEBUG main            d.u.i.k.p.r.p.TestFile    ... success: reloaded. 
37183      INFO  main            d.u.i.k.p.r.p.TestFile    Now processing file /home/runner/work/key/key/key.core/../key.ui/examples/redux/arrays/Arrays.copyOfRange.key 
37184      INFO  main            d.u.i.k.p.i.AbstractProblemLoader Loading environment from /home/runner/work/key/key/key.core/../key.ui/examples/redux/arrays/Arrays.copyOfRange.key 
37184      DEBUG main            d.u.i.k.p.i.AbstractProblemLoader Environment load took 205.21ns 
37186      INFO  main            d.u.i.k.p.i.AbstractProblemLoader Creating init config 
40853      DEBUG main            d.u.i.k.p.i.AbstractProblemLoader Init config took 3.67s 
40918      INFO  main            d.u.i.k.p.i.AbstractProblemLoader Replaying proof Arrays[Arrays::copyOfRange([I,int,int)].JML normal_behavior operation contract.0 
40925      DEBUG main            d.u.i.k.p.i.IntermediateProofReplayer Proof replay took 7.1ns 
45941      INFO  main            d.u.i.k.p.r.p.TestFile    ... finished proof: closed. 
46225      INFO  main            d.u.i.k.p.i.AbstractProblemLoader Loading environment from /home/runner/work/key/key/key.core/../key.ui/examples/redux/arrays/Arrays.copyOfRange.key.proof 
46225      DEBUG main            d.u.i.k.p.i.AbstractProblemLoader Environment load took 413.81ns 
46231      INFO  main            d.u.i.k.p.i.AbstractProblemLoader Creating init config 
49774      DEBUG main            d.u.i.k.p.i.AbstractProblemLoader Init config took 3.54s 
49822      INFO  main            d.u.i.k.p.i.AbstractProblemLoader Replaying proof Arrays[Arrays::copyOfRange([I,int,int)].JML normal_behavior operation contract.0 
50483      DEBUG main            d.u.i.k.p.i.IntermediateProofReplayer Proof replay took 638.73ms 
50485      DEBUG main            d.u.i.k.p.r.p.TestFile    ... success: reloaded. 
50486      INFO  main            d.u.i.k.p.r.p.TestFile    Now processing file /home/runner/work/key/key/key.core/../key.ui/examples/redux/arrays/Arrays.copyOfRange.float.key 
50487      INFO  main            d.u.i.k.p.i.AbstractProblemLoader Loading environment from /home/runner/work/key/key/key.core/../key.ui/examples/redux/arrays/Arrays.copyOfRange.float.key 
50487      DEBUG main            d.u.i.k.p.i.AbstractProblemLoader Environment load took 221.81ns 
50488      INFO  main            d.u.i.k.p.i.AbstractProblemLoader Creating init config 
54002      DEBUG main            d.u.i.k.p.i.AbstractProblemLoader Init config took 3.51s 
54053      INFO  main            d.u.i.k.p.i.AbstractProblemLoader Replaying proof Arrays[Arrays::copyOfRange([F,int,int)].JML normal_behavior operation contract.0 
54055      DEBUG main            d.u.i.k.p.i.IntermediateProofReplayer Proof replay took 6.6ns 
54056      DEBUG main            d.u.i.k.m.s.ProofScriptEngine 1: 'macro autopilot' 
60581      DEBUG main            d.u.i.k.m.s.ProofScriptEngine 2: 'smt solver=Z3' 
60626      INFO  main            d.u.i.k.m.s.SMTCommand    Finished run on goal 27 in 41ms, result is valid 
60626      DEBUG main            d.u.i.k.m.s.ProofScriptEngine 3: 'tryclose' 
64487      INFO  main            d.u.i.k.p.r.p.TestFile    ... finished proof: closed. 
64754      INFO  main            d.u.i.k.p.i.AbstractProblemLoader Loading environment from /home/runner/work/key/key/key.core/../key.ui/examples/redux/arrays/Arrays.copyOfRange.float.key.proof 
64754      DEBUG main            d.u.i.k.p.i.AbstractProblemLoader Environment load took 225.11ns 
64756      INFO  main            d.u.i.k.p.i.AbstractProblemLoader Creating init config 
68170      DEBUG main            d.u.i.k.p.i.AbstractProblemLoader Init config took 3.41s 
68218      INFO  main            d.u.i.k.p.i.AbstractProblemLoader Replaying proof Arrays[Arrays::copyOfRange([F,int,int)].JML normal_behavior operation contract.0 
68300      INFO  main            d.u.i.k.s.SMTFocusResults Analyzing unsat core: (L_8) 
69426      DEBUG main            d.u.i.k.p.i.IntermediateProofReplayer Proof replay took 1.18s 
69428      DEBUG main            d.u.i.k.p.r.p.TestFile    ... success: reloaded. 
69429      INFO  main            d.u.i.k.p.r.p.TestFile    Now processing file /home/runner/work/key/key/key.core/../key.ui/examples/redux/arrays/Arrays.equals.key 
69429      INFO  main            d.u.i.k.p.i.AbstractProblemLoader Loading environment from /home/runner/work/key/key/key.core/../key.ui/examples/redux/arrays/Arrays.equals.key 
69430      DEBUG main            d.u.i.k.p.i.AbstractProblemLoader Environment load took 554.52ns 
69431      INFO  main            d.u.i.k.p.i.AbstractProblemLoader Creating init config 
72948      DEBUG main            d.u.i.k.p.i.AbstractProblemLoader Init config took 3.52s 
73025      INFO  main            d.u.i.k.p.i.AbstractProblemLoader Replaying proof Arrays[Arrays::equals([B,[B)].JML normal_behavior operation contract.0 
73027      DEBUG main            d.u.i.k.p.i.IntermediateProofReplayer Proof replay took 5.7ns 
73632      INFO  main            d.u.i.k.p.r.p.TestFile    ... finished proof: closed. 
73936      INFO  main            d.u.i.k.p.i.AbstractProblemLoader Loading environment from /home/runner/work/key/key/key.core/../key.ui/examples/redux/arrays/Arrays.equals.key.proof 
73937      DEBUG main            d.u.i.k.p.i.AbstractProblemLoader Environment load took 583.22ns 
73938      INFO  main            d.u.i.k.p.i.AbstractProblemLoader Creating init config 
77389      DEBUG main            d.u.i.k.p.i.AbstractProblemLoader Init config took 3.45s 
77435      INFO  main            d.u.i.k.p.i.AbstractProblemLoader Replaying proof Arrays[Arrays::equals([B,[B)].JML normal_behavior operation contract.0 
77615      DEBUG main            d.u.i.k.p.i.IntermediateProofReplayer Proof replay took 176.49ms 
77616      DEBUG main            d.u.i.k.p.r.p.TestFile    ... success: reloaded. 
77617      INFO  main            d.u.i.k.p.r.p.TestFile    Now processing file /home/runner/work/key/key/key.core/../key.ui/examples/redux/arrays/Arrays.fill.key 
77617      INFO  main            d.u.i.k.p.i.AbstractProblemLoader Loading environment from /home/runner/work/key/key/key.core/../key.ui/examples/redux/arrays/Arrays.fill.key 
77618      DEBUG main            d.u.i.k.p.i.AbstractProblemLoader Environment load took 118.9ns 
77619      INFO  main            d.u.i.k.p.i.AbstractProblemLoader Creating init config 
81046      DEBUG main            d.u.i.k.p.i.AbstractProblemLoader Init config took 3.43s 
81093      INFO  main            d.u.i.k.p.i.AbstractProblemLoader Replaying proof Arrays[Arrays::fill([I,int)].JML normal_behavior operation contract.0 
81095      DEBUG main            d.u.i.k.p.i.IntermediateProofReplayer Proof replay took 6.7ns 
81299      INFO  main            d.u.i.k.p.r.p.TestFile    ... finished proof: closed. 
81524      INFO  main            d.u.i.k.p.i.AbstractProblemLoader Loading environment from /home/runner/work/key/key/key.core/../key.ui/examples/redux/arrays/Arrays.fill.key.proof 
81524      DEBUG main            d.u.i.k.p.i.AbstractProblemLoader Environment load took 132.5ns 
81526      INFO  main            d.u.i.k.p.i.AbstractProblemLoader Creating init config 
85012      DEBUG main            d.u.i.k.p.i.AbstractProblemLoader Init config took 3.49s 
85060      INFO  main            d.u.i.k.p.i.AbstractProblemLoader Replaying proof Arrays[Arrays::fill([I,int)].JML normal_behavior operation contract.0 
85108      DEBUG main            d.u.i.k.p.i.IntermediateProofReplayer Proof replay took 45.44ms 
85109      DEBUG main            d.u.i.k.p.r.p.TestFile    ... success: reloaded. 
85111      INFO  main            d.u.i.k.p.r.p.TestFile    Now processing file /home/runner/work/key/key/key.core/../key.ui/examples/redux/arrays/Arrays.fill.float.key 
85111      INFO  main            d.u.i.k.p.i.AbstractProblemLoader Loading environment from /home/runner/work/key/key/key.core/../key.ui/examples/redux/arrays/Arrays.fill.float.key 
85111      DEBUG main            d.u.i.k.p.i.AbstractProblemLoader Environment load took 123.5ns 
85113      INFO  main            d.u.i.k.p.i.AbstractProblemLoader Creating init config 
88583      DEBUG main            d.u.i.k.p.i.AbstractProblemLoader Init config took 3.47s 
88626      INFO  main            d.u.i.k.p.i.AbstractProblemLoader Replaying proof Arrays[Arrays::fill([F,float)].JML normal_behavior operation contract.0 
88628      DEBUG main            d.u.i.k.p.i.IntermediateProofReplayer Proof replay took 6.5ns 
88830      INFO  main            d.u.i.k.p.r.p.TestFile    ... finished proof: closed. 
89057      INFO  main            d.u.i.k.p.i.AbstractProblemLoader Loading environment from /home/runner/work/key/key/key.core/../key.ui/examples/redux/arrays/Arrays.fill.float.key.proof 
89057      DEBUG main            d.u.i.k.p.i.AbstractProblemLoader Environment load took 129.91ns 
89058      INFO  main            d.u.i.k.p.i.AbstractProblemLoader Creating init config 
92559      DEBUG main            d.u.i.k.p.i.AbstractProblemLoader Init config took 3.5s 
92599      INFO  main            d.u.i.k.p.i.AbstractProblemLoader Replaying proof Arrays[Arrays::fill([F,float)].JML normal_behavior operation contract.0 
92652      DEBUG main            d.u.i.k.p.i.IntermediateProofReplayer Proof replay took 50.34ms 
92653      DEBUG main            d.u.i.k.p.r.p.TestFile    ... success: reloaded. 
92654      INFO  main            d.u.i.k.p.r.p.TestFile    Now processing file /home/runner/work/key/key/key.core/../key.ui/examples/redux/arrays/Arrays.fillFromTo.key 
92654      INFO  main            d.u.i.k.p.i.AbstractProblemLoader Loading environment from /home/runner/work/key/key/key.core/../key.ui/examples/redux/arrays/Arrays.fillFromTo.key 
92654      DEBUG main            d.u.i.k.p.i.AbstractProblemLoader Environment load took 124.4ns 
92655      INFO  main            d.u.i.k.p.i.AbstractProblemLoader Creating init config 
96092      DEBUG main            d.u.i.k.p.i.AbstractProblemLoader Init config took 3.44s 
96149      INFO  main            d.u.i.k.p.i.AbstractProblemLoader Replaying proof Arrays[Arrays::fill([I,int,int,int)].JML normal_behavior operation contract.0 
96151      DEBUG main            d.u.i.k.p.i.IntermediateProofReplayer Proof replay took 6.9ns 
96755      INFO  main            d.u.i.k.p.r.p.TestFile    ... finished proof: closed. 
97051      INFO  main            d.u.i.k.p.i.AbstractProblemLoader Loading environment from /home/runner/work/key/key/key.core/../key.ui/examples/redux/arrays/Arrays.fillFromTo.key.proof 
97051      DEBUG main            d.u.i.k.p.i.AbstractProblemLoader Environment load took 172.61ns 
97053      INFO  main            d.u.i.k.p.i.AbstractProblemLoader Creating init config 
100461     DEBUG main            d.u.i.k.p.i.AbstractProblemLoader Init config took 3.41s 
100502     INFO  main            d.u.i.k.p.i.AbstractProblemLoader Replaying proof Arrays[Arrays::fill([I,int,int,int)].JML normal_behavior operation contract.0 
100644     DEBUG main            d.u.i.k.p.i.IntermediateProofReplayer Proof replay took 137.4ms 
100645     DEBUG main            d.u.i.k.p.r.p.TestFile    ... success: reloaded. 
100646     INFO  main            d.u.i.k.p.r.p.TestFile    Now processing file /home/runner/work/key/key/key.core/../key.ui/examples/redux/arrays/Arrays.fillFromTo.float.key 
100646     INFO  main            d.u.i.k.p.i.AbstractProblemLoader Loading environment from /home/runner/work/key/key/key.core/../key.ui/examples/redux/arrays/Arrays.fillFromTo.float.key 
100646     DEBUG main            d.u.i.k.p.i.AbstractProblemLoader Environment load took 122.7ns 
100647     INFO  main            d.u.i.k.p.i.AbstractProblemLoader Creating init config 
104071     DEBUG main            d.u.i.k.p.i.AbstractProblemLoader Init config took 3.42s 
104114     INFO  main            d.u.i.k.p.i.AbstractProblemLoader Replaying proof Arrays[Arrays::fill([F,int,int,float)].JML normal_behavior operation contract.0 
104116     DEBUG main            d.u.i.k.p.i.IntermediateProofReplayer Proof replay took 6.3ns 
104820     INFO  main            d.u.i.k.p.r.p.TestFile    ... finished proof: closed. 
105087     INFO  main            d.u.i.k.p.i.AbstractProblemLoader Loading environment from /home/runner/work/key/key/key.core/../key.ui/examples/redux/arrays/Arrays.fillFromTo.float.key.proof 
105087     DEBUG main            d.u.i.k.p.i.AbstractProblemLoader Environment load took 413.61ns 
105089     INFO  main            d.u.i.k.p.i.AbstractProblemLoader Creating init config 
108462     DEBUG main            d.u.i.k.p.i.AbstractProblemLoader Init config took 3.37s 
108504     INFO  main            d.u.i.k.p.i.AbstractProblemLoader Replaying proof Arrays[Arrays::fill([F,int,int,float)].JML normal_behavior operation contract.0 
108693     DEBUG main            d.u.i.k.p.i.IntermediateProofReplayer Proof replay took 182.47ms 
108696     DEBUG main            d.u.i.k.p.r.p.TestFile    ... success: reloaded. 
108697     INFO  main            d.u.i.k.p.r.p.TestFile    Now processing file /home/runner/work/key/key/key.core/../key.ui/examples/redux/arrays/ArrayCopy.arraycopy.normal.0.key 
108697     INFO  main            d.u.i.k.p.i.AbstractProblemLoader Loading environment from /home/runner/work/key/key/key.core/../key.ui/examples/redux/arrays/ArrayCopy.arraycopy.normal.0.key 
108698     DEBUG main            d.u.i.k.p.i.AbstractProblemLoader Environment load took 174.21ns 
108699     INFO  main            d.u.i.k.p.i.AbstractProblemLoader Creating init config 
112153     DEBUG main            d.u.i.k.p.i.AbstractProblemLoader Init config took 3.45s 
112190     INFO  main            d.u.i.k.p.i.AbstractProblemLoader Replaying proof ArrayCopy[ArrayCopy::arraycopy(java.lang.Object,int,java.lang.Object,int,int)].JML normal_behavior operation contract.0 
112191     DEBUG main            d.u.i.k.p.i.IntermediateProofReplayer Proof replay took 6.4ns 
119009     INFO  main            d.u.i.k.p.r.p.TestFile    ... finished proof: closed. 
119284     INFO  main            d.u.i.k.p.i.AbstractProblemLoader Loading environment from /home/runner/work/key/key/key.core/../key.ui/examples/redux/arrays/ArrayCopy.arraycopy.normal.0.key.proof 
119284     DEBUG main            d.u.i.k.p.i.AbstractProblemLoader Environment load took 377.31ns 
119286     INFO  main            d.u.i.k.p.i.AbstractProblemLoader Creating init config 
122658     DEBUG main            d.u.i.k.p.i.AbstractProblemLoader Init config took 3.37s 
122697     INFO  main            d.u.i.k.p.i.AbstractProblemLoader Replaying proof ArrayCopy[ArrayCopy::arraycopy(java.lang.Object,int,java.lang.Object,int,int)].JML normal_behavior operation contract.0 
123876     DEBUG main            d.u.i.k.p.i.IntermediateProofReplayer Proof replay took 1.16s 
123877     DEBUG main            d.u.i.k.p.r.p.TestFile    ... success: reloaded. 
123879     INFO  main            d.u.i.k.p.r.p.TestFile    Now processing file /home/runner/work/key/key/key.core/../key.ui/examples/redux/arrays/ArrayCopy.arraycopy.exceptional.0.key 
123879     INFO  main            d.u.i.k.p.i.AbstractProblemLoader Loading environment from /home/runner/work/key/key/key.core/../key.ui/examples/redux/arrays/ArrayCopy.arraycopy.exceptional.0.key 
123879     DEBUG main            d.u.i.k.p.i.AbstractProblemLoader Environment load took 134.7ns 
123880     INFO  main            d.u.i.k.p.i.AbstractProblemLoader Creating init config 
127425     DEBUG main            d.u.i.k.p.i.AbstractProblemLoader Init config took 3.54s 
127462     INFO  main            d.u.i.k.p.i.AbstractProblemLoader Replaying proof ArrayCopy[ArrayCopy::arraycopy(java.lang.Object,int,java.lang.Object,int,int)].JML exceptional_behavior operation contract.0 
127463     DEBUG main            d.u.i.k.p.i.IntermediateProofReplayer Proof replay took 5.9ns 
127867     INFO  main            d.u.i.k.p.r.p.TestFile    ... finished proof: closed. 
128139     INFO  main            d.u.i.k.p.i.AbstractProblemLoader Loading environment from /home/runner/work/key/key/key.core/../key.ui/examples/redux/arrays/ArrayCopy.arraycopy.exceptional.0.key.proof 
128139     DEBUG main            d.u.i.k.p.i.AbstractProblemLoader Environment load took 138.71ns 
128140     INFO  main            d.u.i.k.p.i.AbstractProblemLoader Creating init config 
131644     DEBUG main            d.u.i.k.p.i.AbstractProblemLoader Init config took 3.5s 
131684     INFO  main            d.u.i.k.p.i.AbstractProblemLoader Replaying proof ArrayCopy[ArrayCopy::arraycopy(java.lang.Object,int,java.lang.Object,int,int)].JML exceptional_behavior operation contract.0 
131831     DEBUG main            d.u.i.k.p.i.IntermediateProofReplayer Proof replay took 143.8ms 
131832     DEBUG main            d.u.i.k.p.r.p.TestFile    ... success: reloaded. 
131833     INFO  main            d.u.i.k.p.r.p.TestFile    Now processing file /home/runner/work/key/key/key.core/../key.ui/examples/redux/arrays/ArrayCopy.arraycopy.exceptional.1.key 
131834     INFO  main            d.u.i.k.p.i.AbstractProblemLoader Loading environment from /home/runner/work/key/key/key.core/../key.ui/examples/redux/arrays/ArrayCopy.arraycopy.exceptional.1.key 
131834     DEBUG main            d.u.i.k.p.i.AbstractProblemLoader Environment load took 196.31ns 
131835     INFO  main            d.u.i.k.p.i.AbstractProblemLoader Creating init config 
135388     DEBUG main            d.u.i.k.p.i.AbstractProblemLoader Init config took 3.55s 
135424     INFO  main            d.u.i.k.p.i.AbstractProblemLoader Replaying proof ArrayCopy[ArrayCopy::arraycopy(java.lang.Object,int,java.lang.Object,int,int)].JML exceptional_behavior operation contract.1 
135425     DEBUG main            d.u.i.k.p.i.IntermediateProofReplayer Proof replay took 5.8ns 
142101     INFO  main            d.u.i.k.p.r.p.TestFile    ... finished proof: closed. 
142396     INFO  main            d.u.i.k.p.i.AbstractProblemLoader Loading environment from /home/runner/work/key/key/key.core/../key.ui/examples/redux/arrays/ArrayCopy.arraycopy.exceptional.1.key.proof 
142397     DEBUG main            d.u.i.k.p.i.AbstractProblemLoader Environment load took 764.92ns 
142399     INFO  main            d.u.i.k.p.i.AbstractProblemLoader Creating init config 
145808     DEBUG main            d.u.i.k.p.i.AbstractProblemLoader Init config took 3.41s 
145845     INFO  main            d.u.i.k.p.i.AbstractProblemLoader Replaying proof ArrayCopy[ArrayCopy::arraycopy(java.lang.Object,int,java.lang.Object,int,int)].JML exceptional_behavior operation contract.1 
147742     DEBUG main            d.u.i.k.p.i.IntermediateProofReplayer Proof replay took 1.87s 
147744     DEBUG main            d.u.i.k.p.r.p.TestFile    ... success: reloaded. 
6108937    INFO  Test worker     d.u.i.k.p.r.RunAllProofsTestUnit Returning from test redux 
]]></system-out>
  <system-err><![CDATA[]]></system-err>
</testsuite>
