<?xml version="1.0" encoding="UTF-8"?>
<testsuite name="de.uka.ilkd.key.proof.runallproofs.RunAllProofsFunctional" tests="34" skipped="0" failures="0" errors="0" timestamp="2023-05-27T17:08:29" hostname="fv-az412-813" time="6374.555">
  <properties/>
  <testcase name="newBook" classname="de.uka.ilkd.key.proof.runallproofs.RunAllProofsFunctional" time="74.268"/>
  <testcase name="oldBook" classname="de.uka.ilkd.key.proof.runallproofs.RunAllProofsFunctional" time="20.08"/>
  <testcase name="comprehensions" classname="de.uka.ilkd.key.proof.runallproofs.RunAllProofsFunctional" time="78.858"/>
  <testcase name="performance" classname="de.uka.ilkd.key.proof.runallproofs.RunAllProofsFunctional" time="279.681"/>
  <testcase name="performancePOConstruction" classname="de.uka.ilkd.key.proof.runallproofs.RunAllProofsFunctional" time="89.901"/>
  <testcase name="applicationRestrictions" classname="de.uka.ilkd.key.proof.runallproofs.RunAllProofsFunctional" time="59.067"/>
  <testcase name="blockContracts" classname="de.uka.ilkd.key.proof.runallproofs.RunAllProofsFunctional" time="162.888"/>
  <testcase name="jmlAsserts" classname="de.uka.ilkd.key.proof.runallproofs.RunAllProofsFunctional" time="106.374"/>
  <testcase name="javaCard" classname="de.uka.ilkd.key.proof.runallproofs.RunAllProofsFunctional" time="155.95"/>
  <testcase name="list" classname="de.uka.ilkd.key.proof.runallproofs.RunAllProofsFunctional" time="315.906"/>
  <testcase name="list_ghost" classname="de.uka.ilkd.key.proof.runallproofs.RunAllProofsFunctional" time="79.501"/>
  <testcase name="list_recursive" classname="de.uka.ilkd.key.proof.runallproofs.RunAllProofsFunctional" time="26.696"/>
  <testcase name="list_seq" classname="de.uka.ilkd.key.proof.runallproofs.RunAllProofsFunctional" time="212.15"/>
  <testcase name="observer" classname="de.uka.ilkd.key.proof.runallproofs.RunAllProofsFunctional" time="119.759"/>
  <testcase name="removeDups" classname="de.uka.ilkd.key.proof.runallproofs.RunAllProofsFunctional" time="177.06"/>
  <testcase name="quicksort" classname="de.uka.ilkd.key.proof.runallproofs.RunAllProofsFunctional" time="126.55"/>
  <testcase name="simpleTests" classname="de.uka.ilkd.key.proof.runallproofs.RunAllProofsFunctional" time="198.365"/>
  <testcase name="SmansEtAl" classname="de.uka.ilkd.key.proof.runallproofs.RunAllProofsFunctional" time="242.546"/>
  <testcase name="VACID0" classname="de.uka.ilkd.key.proof.runallproofs.RunAllProofsFunctional" time="93.334"/>
  <testcase name="VSTTE10" classname="de.uka.ilkd.key.proof.runallproofs.RunAllProofsFunctional" time="220.386"/>
  <testcase name="WeideEtAl" classname="de.uka.ilkd.key.proof.runallproofs.RunAllProofsFunctional" time="34.146"/>
  <testcase name="arithmetic" classname="de.uka.ilkd.key.proof.runallproofs.RunAllProofsFunctional" time="602.598"/>
  <testcase name="arrays" classname="de.uka.ilkd.key.proof.runallproofs.RunAllProofsFunctional" time="69.897"/>
  <testcase name="javadl" classname="de.uka.ilkd.key.proof.runallproofs.RunAllProofsFunctional" time="753.195"/>
  <testcase name="FOL" classname="de.uka.ilkd.key.proof.runallproofs.RunAllProofsFunctional" time="335.951"/>
  <testcase name="strings" classname="de.uka.ilkd.key.proof.runallproofs.RunAllProofsFunctional" time="176.744"/>
  <testcase name="simple_info_flow" classname="de.uka.ilkd.key.proof.runallproofs.RunAllProofsFunctional" time="15.413"/>
  <testcase name="modelMethods" classname="de.uka.ilkd.key.proof.runallproofs.RunAllProofsFunctional" time="208.535"/>
  <testcase name="permissionHeap" classname="de.uka.ilkd.key.proof.runallproofs.RunAllProofsFunctional" time="980.083"/>
  <testcase name="completionScopes" classname="de.uka.ilkd.key.proof.runallproofs.RunAllProofsFunctional" time="59.202"/>
  <testcase name="reload_examples" classname="de.uka.ilkd.key.proof.runallproofs.RunAllProofsFunctional" time="51.655"/>
  <testcase name="proofLoadRepair" classname="de.uka.ilkd.key.proof.runallproofs.RunAllProofsFunctional" time="21.946"/>
  <testcase name="switch" classname="de.uka.ilkd.key.proof.runallproofs.RunAllProofsFunctional" time="74.924"/>
  <testcase name="redux" classname="de.uka.ilkd.key.proof.runallproofs.RunAllProofsFunctional" time="150.922"/>
  <system-out><![CDATA[264        INFO  Test worker     d.u.i.k.p.r.RunAllProofsTestUnit Running test newBook 
486        INFO  Timeout watchdog d.u.i.k.p.r.p.ForkedTestFileRunner Timeout watcher launched (2000 secs.) 
504        WARN  main            d.u.i.k.s.ProofSettings   No proof-settings could be loaded, using defaults java.io.FileNotFoundException: /home/runner/.key/proof-settings.props (No such file or directory)
	at java.base/java.io.FileInputStream.open0(Native Method)

539        INFO  main            d.u.i.k.p.r.p.TestFile    Now processing file /home/runner/work/key/key/key.core/../key.ui/examples/newBook/09.list_modelfield/ArrayList.add.key 
689        INFO  main            d.u.i.k.p.i.AbstractProblemLoader Loading environment from /home/runner/work/key/key/key.core/../key.ui/examples/newBook/09.list_modelfield/ArrayList.add.key 
714        DEBUG main            d.u.i.k.p.i.AbstractProblemLoader Environment load took 2.63ms 
1006       INFO  main            d.u.i.k.p.i.AbstractProblemLoader Creating init config 
2025       DEBUG main            d.u.i.k.j.TypeConverter   No LDT found for Meta 
2025       DEBUG main            d.u.i.k.j.TypeConverter   No LDT found for Meta 
2032       DEBUG main            d.u.i.k.j.TypeConverter   No LDT found for Meta 
2032       DEBUG main            d.u.i.k.j.TypeConverter   No LDT found for Meta 
3762       DEBUG main            d.u.i.k.j.TypeConverter   No LDT found for JavaBigintExpression 
10136      DEBUG main            d.u.i.k.p.i.AbstractProblemLoader Init config took 9.13s 
10296      INFO  main            d.u.i.k.p.i.AbstractProblemLoader Replaying proof ArrayList[List::add(int)].JML normal_behavior operation contract.0 
10334      DEBUG main            d.u.i.k.p.i.IntermediateProofReplayer Proof replay took 36.5ns 
30651      INFO  main            d.u.i.k.p.r.p.TestFile    ... finished proof: closed. 
30946      INFO  main            d.u.i.k.p.i.AbstractProblemLoader Loading environment from /home/runner/work/key/key/key.core/../key.ui/examples/newBook/09.list_modelfield/ArrayList.add.key.proof 
30947      DEBUG main            d.u.i.k.p.i.AbstractProblemLoader Environment load took 920.16ns 
30959      INFO  main            d.u.i.k.p.i.AbstractProblemLoader Creating init config 
34811      DEBUG main            d.u.i.k.p.i.AbstractProblemLoader Init config took 3.85s 
34894      INFO  main            d.u.i.k.p.i.AbstractProblemLoader Replaying proof ArrayList[List::add(int)].JML normal_behavior operation contract.0 
36697      DEBUG main            d.u.i.k.p.i.IntermediateProofReplayer Proof replay took 1.72s 
36711      DEBUG main            d.u.i.k.p.r.p.TestFile    ... success: reloaded. 
36715      INFO  main            d.u.i.k.p.r.p.TestFile    Now processing file /home/runner/work/key/key/key.core/../key.ui/examples/newBook/09.list_modelfield/ArrayList.remFirst.key 
36716      INFO  main            d.u.i.k.p.i.AbstractProblemLoader Loading environment from /home/runner/work/key/key/key.core/../key.ui/examples/newBook/09.list_modelfield/ArrayList.remFirst.key 
36716      DEBUG main            d.u.i.k.p.i.AbstractProblemLoader Environment load took 482.73ns 
36721      INFO  main            d.u.i.k.p.i.AbstractProblemLoader Creating init config 
40388      DEBUG main            d.u.i.k.p.i.AbstractProblemLoader Init config took 3.67s 
40453      INFO  main            d.u.i.k.p.i.AbstractProblemLoader Replaying proof ArrayList[List::remFirst()].JML normal_behavior operation contract.0 
40456      DEBUG main            d.u.i.k.p.i.IntermediateProofReplayer Proof replay took 6.7ns 
45570      INFO  main            d.u.i.k.p.r.p.TestFile    ... finished proof: closed. 
45816      INFO  main            d.u.i.k.p.i.AbstractProblemLoader Loading environment from /home/runner/work/key/key/key.core/../key.ui/examples/newBook/09.list_modelfield/ArrayList.remFirst.key.proof 
45817      DEBUG main            d.u.i.k.p.i.AbstractProblemLoader Environment load took 1.18ms 
45824      INFO  main            d.u.i.k.p.i.AbstractProblemLoader Creating init config 
49222      DEBUG main            d.u.i.k.p.i.AbstractProblemLoader Init config took 3.4s 
49280      INFO  main            d.u.i.k.p.i.AbstractProblemLoader Replaying proof ArrayList[List::remFirst()].JML normal_behavior operation contract.0 
50024      DEBUG main            d.u.i.k.p.i.IntermediateProofReplayer Proof replay took 725.88ms 
50026      DEBUG main            d.u.i.k.p.r.p.TestFile    ... success: reloaded. 
50027      INFO  main            d.u.i.k.p.r.p.TestFile    Now processing file /home/runner/work/key/key/key.core/../key.ui/examples/newBook/09.list_modelfield/ArrayList.empty.key 
50027      INFO  main            d.u.i.k.p.i.AbstractProblemLoader Loading environment from /home/runner/work/key/key/key.core/../key.ui/examples/newBook/09.list_modelfield/ArrayList.empty.key 
50027      DEBUG main            d.u.i.k.p.i.AbstractProblemLoader Environment load took 70.2ns 
50028      INFO  main            d.u.i.k.p.i.AbstractProblemLoader Creating init config 
53420      DEBUG main            d.u.i.k.p.i.AbstractProblemLoader Init config took 3.39s 
53474      INFO  main            d.u.i.k.p.i.AbstractProblemLoader Replaying proof ArrayList[List::empty()].JML normal_behavior operation contract.0 
53476      DEBUG main            d.u.i.k.p.i.IntermediateProofReplayer Proof replay took 6.8ns 
54585      INFO  main            d.u.i.k.p.r.p.TestFile    ... finished proof: closed. 
54775      INFO  main            d.u.i.k.p.i.AbstractProblemLoader Loading environment from /home/runner/work/key/key/key.core/../key.ui/examples/newBook/09.list_modelfield/ArrayList.empty.key.proof 
54778      DEBUG main            d.u.i.k.p.i.AbstractProblemLoader Environment load took 2.85ms 
54779      INFO  main            d.u.i.k.p.i.AbstractProblemLoader Creating init config 
58054      DEBUG main            d.u.i.k.p.i.AbstractProblemLoader Init config took 3.27s 
58107      INFO  main            d.u.i.k.p.i.AbstractProblemLoader Replaying proof ArrayList[List::empty()].JML normal_behavior operation contract.0 
58285      DEBUG main            d.u.i.k.p.i.IntermediateProofReplayer Proof replay took 170.56ms 
58286      DEBUG main            d.u.i.k.p.r.p.TestFile    ... success: reloaded. 
58288      INFO  main            d.u.i.k.p.r.p.TestFile    Now processing file /home/runner/work/key/key/key.core/../key.ui/examples/newBook/09.list_modelfield/ArrayList.size.key 
58288      INFO  main            d.u.i.k.p.i.AbstractProblemLoader Loading environment from /home/runner/work/key/key/key.core/../key.ui/examples/newBook/09.list_modelfield/ArrayList.size.key 
58289      DEBUG main            d.u.i.k.p.i.AbstractProblemLoader Environment load took 511.03ns 
58290      INFO  main            d.u.i.k.p.i.AbstractProblemLoader Creating init config 
61585      DEBUG main            d.u.i.k.p.i.AbstractProblemLoader Init config took 3.29s 
61646      INFO  main            d.u.i.k.p.i.AbstractProblemLoader Replaying proof ArrayList[List::size()].JML normal_behavior operation contract.0 
61648      DEBUG main            d.u.i.k.p.i.IntermediateProofReplayer Proof replay took 7ns 
62153      INFO  main            d.u.i.k.p.r.p.TestFile    ... finished proof: closed. 
62319      INFO  main            d.u.i.k.p.i.AbstractProblemLoader Loading environment from /home/runner/work/key/key/key.core/../key.ui/examples/newBook/09.list_modelfield/ArrayList.size.key.proof 
62321      DEBUG main            d.u.i.k.p.i.AbstractProblemLoader Environment load took 1.63ms 
62322      INFO  main            d.u.i.k.p.i.AbstractProblemLoader Creating init config 
65685      DEBUG main            d.u.i.k.p.i.AbstractProblemLoader Init config took 3.36s 
65738      INFO  main            d.u.i.k.p.i.AbstractProblemLoader Replaying proof ArrayList[List::size()].JML normal_behavior operation contract.0 
65807      DEBUG main            d.u.i.k.p.i.IntermediateProofReplayer Proof replay took 65.12ms 
65808      DEBUG main            d.u.i.k.p.r.p.TestFile    ... success: reloaded. 
65809      INFO  main            d.u.i.k.p.r.p.TestFile    Now processing file /home/runner/work/key/key/key.core/../key.ui/examples/newBook/09.list_modelfield/ArrayList.get.key 
65809      INFO  main            d.u.i.k.p.i.AbstractProblemLoader Loading environment from /home/runner/work/key/key/key.core/../key.ui/examples/newBook/09.list_modelfield/ArrayList.get.key 
65809      DEBUG main            d.u.i.k.p.i.AbstractProblemLoader Environment load took 74.3ns 
65810      INFO  main            d.u.i.k.p.i.AbstractProblemLoader Creating init config 
69115      DEBUG main            d.u.i.k.p.i.AbstractProblemLoader Init config took 3.3s 
69166      INFO  main            d.u.i.k.p.i.AbstractProblemLoader Replaying proof ArrayList[List::get(int)].JML normal_behavior operation contract.0 
69170      DEBUG main            d.u.i.k.p.i.IntermediateProofReplayer Proof replay took 7.6ns 
70274      INFO  main            d.u.i.k.p.r.p.TestFile    ... finished proof: closed. 
70480      INFO  main            d.u.i.k.p.i.AbstractProblemLoader Loading environment from /home/runner/work/key/key/key.core/../key.ui/examples/newBook/09.list_modelfield/ArrayList.get.key.proof 
70481      DEBUG main            d.u.i.k.p.i.AbstractProblemLoader Environment load took 143.31ns 
70482      INFO  main            d.u.i.k.p.i.AbstractProblemLoader Creating init config 
73728      DEBUG main            d.u.i.k.p.i.AbstractProblemLoader Init config took 3.25s 
73779      INFO  main            d.u.i.k.p.i.AbstractProblemLoader Replaying proof ArrayList[List::get(int)].JML normal_behavior operation contract.0 
73940      DEBUG main            d.u.i.k.p.i.IntermediateProofReplayer Proof replay took 155.99ms 
73942      DEBUG main            d.u.i.k.p.r.p.TestFile    ... success: reloaded. 
74525      INFO  Test worker     d.u.i.k.p.r.RunAllProofsTestUnit Returning from test newBook 
74533      INFO  Test worker     d.u.i.k.p.r.RunAllProofsTestUnit Running test oldBook 
401        INFO  Timeout watchdog d.u.i.k.p.r.p.ForkedTestFileRunner Timeout watcher launched (2000 secs.) 
442        WARN  main            d.u.i.k.s.ProofSettings   The settings in /home/runner/.key/proof-settings.props are *not* read. 
479        INFO  main            d.u.i.k.p.r.p.TestFile    Now processing file /home/runner/work/key/key/key.core/../key.ui/examples/standard_key/BookExamples/02FirstOrderLogic/Ex2.58.key 
603        INFO  main            d.u.i.k.p.i.AbstractProblemLoader Loading environment from /home/runner/work/key/key/key.core/../key.ui/examples/standard_key/BookExamples/02FirstOrderLogic/Ex2.58.key 
640        DEBUG main            d.u.i.k.p.i.AbstractProblemLoader Environment load took 2.17ms 
936        INFO  main            d.u.i.k.p.i.AbstractProblemLoader Creating init config 
2089       DEBUG main            d.u.i.k.j.TypeConverter   No LDT found for Meta 
2090       DEBUG main            d.u.i.k.j.TypeConverter   No LDT found for Meta 
2094       DEBUG main            d.u.i.k.j.TypeConverter   No LDT found for Meta 
2094       DEBUG main            d.u.i.k.j.TypeConverter   No LDT found for Meta 
3461       DEBUG main            d.u.i.k.j.TypeConverter   No LDT found for JavaBigintExpression 
9010       DEBUG main            d.u.i.k.p.i.AbstractProblemLoader Init config took 8.07s 
9078       INFO  main            d.u.i.k.p.i.AbstractProblemLoader Replaying proof Ex2.58.key 
9114       DEBUG main            d.u.i.k.p.i.IntermediateProofReplayer Proof replay took 39.7ns 
9296       INFO  main            d.u.i.k.p.r.p.TestFile    ... finished proof: closed. 
9403       INFO  main            d.u.i.k.p.i.AbstractProblemLoader Loading environment from /home/runner/work/key/key/key.core/../key.ui/examples/standard_key/BookExamples/02FirstOrderLogic/Ex2.58.key.proof 
9404       DEBUG main            d.u.i.k.p.i.AbstractProblemLoader Environment load took 152.41ns 
9409       INFO  main            d.u.i.k.p.i.AbstractProblemLoader Creating init config 
12914      DEBUG main            d.u.i.k.p.i.AbstractProblemLoader Init config took 3.51s 
12961      INFO  main            d.u.i.k.p.i.AbstractProblemLoader Replaying proof Ex2.58.key.proof 
12978      DEBUG main            d.u.i.k.p.i.IntermediateProofReplayer Proof replay took 9.84ms 
13011      DEBUG main            d.u.i.k.p.r.p.TestFile    ... success: reloaded. 
13013      INFO  main            d.u.i.k.p.r.p.TestFile    Now processing file /home/runner/work/key/key/key.core/../key.ui/examples/standard_key/BookExamples/03DynamicLogic/Sect3.3.1.key 
13014      INFO  main            d.u.i.k.p.i.AbstractProblemLoader Loading environment from /home/runner/work/key/key/key.core/../key.ui/examples/standard_key/BookExamples/03DynamicLogic/Sect3.3.1.key 
13015      DEBUG main            d.u.i.k.p.i.AbstractProblemLoader Environment load took 1.53ms 
13020      INFO  main            d.u.i.k.p.i.AbstractProblemLoader Creating init config 
16058      DEBUG main            d.u.i.k.p.i.AbstractProblemLoader Init config took 3.04s 
16095      INFO  main            d.u.i.k.p.i.AbstractProblemLoader Replaying proof Sect3.3.1.key 
16100      DEBUG main            d.u.i.k.p.i.IntermediateProofReplayer Proof replay took 8.4ns 
16610      INFO  main            d.u.i.k.p.r.p.TestFile    ... finished proof: closed. 
16785      INFO  main            d.u.i.k.p.i.AbstractProblemLoader Loading environment from /home/runner/work/key/key/key.core/../key.ui/examples/standard_key/BookExamples/03DynamicLogic/Sect3.3.1.key.proof 
16787      DEBUG main            d.u.i.k.p.i.AbstractProblemLoader Environment load took 2.25ms 
16789      INFO  main            d.u.i.k.p.i.AbstractProblemLoader Creating init config 
19681      DEBUG main            d.u.i.k.p.i.AbstractProblemLoader Init config took 2.89s 
19728      INFO  main            d.u.i.k.p.i.AbstractProblemLoader Replaying proof Sect3.3.1.key.proof 
19879      DEBUG main            d.u.i.k.p.i.IntermediateProofReplayer Proof replay took 138ms 
19885      DEBUG main            d.u.i.k.p.r.p.TestFile    ... success: reloaded. 
94612      INFO  Test worker     d.u.i.k.p.r.RunAllProofsTestUnit Returning from test oldBook 
94614      INFO  Test worker     d.u.i.k.p.r.RunAllProofsTestUnit Running test comprehensions 
409        INFO  Timeout watchdog d.u.i.k.p.r.p.ForkedTestFileRunner Timeout watcher launched (2000 secs.) 
422        WARN  main            d.u.i.k.s.ProofSettings   The settings in /home/runner/.key/proof-settings.props are *not* read. 
459        INFO  main            d.u.i.k.p.r.p.TestFile    Now processing file /home/runner/work/key/key/key.core/../key.ui/examples/heap/comprehensions/general_sum.key 
590        INFO  main            d.u.i.k.p.i.AbstractProblemLoader Loading environment from /home/runner/work/key/key/key.core/../key.ui/examples/heap/comprehensions/general_sum.key 
611        DEBUG main            d.u.i.k.p.i.AbstractProblemLoader Environment load took 2.6ms 
921        INFO  main            d.u.i.k.p.i.AbstractProblemLoader Creating init config 
2038       DEBUG main            d.u.i.k.j.TypeConverter   No LDT found for Meta 
2046       DEBUG main            d.u.i.k.j.TypeConverter   No LDT found for Meta 
2050       DEBUG main            d.u.i.k.j.TypeConverter   No LDT found for Meta 
2050       DEBUG main            d.u.i.k.j.TypeConverter   No LDT found for Meta 
4051       DEBUG main            d.u.i.k.j.TypeConverter   No LDT found for JavaBigintExpression 
10098      DEBUG main            d.u.i.k.p.i.AbstractProblemLoader Init config took 9.18s 
10260      INFO  main            d.u.i.k.p.i.AbstractProblemLoader Replaying proof GSum[GSum::doNothing()].JML operation contract.0 
10299      DEBUG main            d.u.i.k.p.i.IntermediateProofReplayer Proof replay took 39.6ns 
10735      INFO  main            d.u.i.k.p.r.p.TestFile    ... finished proof: closed. 
10863      INFO  main            d.u.i.k.p.i.AbstractProblemLoader Loading environment from /home/runner/work/key/key/key.core/../key.ui/examples/heap/comprehensions/general_sum.key.proof 
10863      DEBUG main            d.u.i.k.p.i.AbstractProblemLoader Environment load took 163.61ns 
10867      INFO  main            d.u.i.k.p.i.AbstractProblemLoader Creating init config 
14188      DEBUG main            d.u.i.k.p.i.AbstractProblemLoader Init config took 3.32s 
14299      INFO  main            d.u.i.k.p.i.AbstractProblemLoader Replaying proof GSum[GSum::doNothing()].JML operation contract.0 
14346      DEBUG main            d.u.i.k.p.i.IntermediateProofReplayer Proof replay took 37.67ms 
14361      DEBUG main            d.u.i.k.p.r.p.TestFile    ... success: reloaded. 
14363      INFO  main            d.u.i.k.p.r.p.TestFile    Now processing file /home/runner/work/key/key/key.core/../key.ui/examples/heap/comprehensions/sum0.key 
14363      INFO  main            d.u.i.k.p.i.AbstractProblemLoader Loading environment from /home/runner/work/key/key/key.core/../key.ui/examples/heap/comprehensions/sum0.key 
14363      DEBUG main            d.u.i.k.p.i.AbstractProblemLoader Environment load took 85.91ns 
14365      INFO  main            d.u.i.k.p.i.AbstractProblemLoader Creating init config 
17593      DEBUG main            d.u.i.k.p.i.AbstractProblemLoader Init config took 3.23s 
17656      INFO  main            d.u.i.k.p.i.AbstractProblemLoader Replaying proof Sum[Sum::sum0([I)].JML normal_behavior operation contract.0 
17660      DEBUG main            d.u.i.k.p.i.IntermediateProofReplayer Proof replay took 7.7ns 
17829      DEBUG Thread-4        d.u.i.k.l.l.OriginTermLabel commonFileName is null! 
17830      DEBUG Thread-4        d.u.i.k.l.l.OriginTermLabel commonFileName is null! 
18109      DEBUG Thread-4        d.u.i.k.l.l.OriginTermLabel commonFileName is null! 
18111      DEBUG Thread-4        d.u.i.k.l.l.OriginTermLabel commonFileName is null! 
18362      DEBUG Thread-4        d.u.i.k.l.l.OriginTermLabel commonFileName is null! 
18674      INFO  main            d.u.i.k.p.r.p.TestFile    ... finished proof: closed. 
18844      INFO  main            d.u.i.k.p.i.AbstractProblemLoader Loading environment from /home/runner/work/key/key/key.core/../key.ui/examples/heap/comprehensions/sum0.key.proof 
18845      DEBUG main            d.u.i.k.p.i.AbstractProblemLoader Environment load took 931.85ns 
18847      INFO  main            d.u.i.k.p.i.AbstractProblemLoader Creating init config 
22052      DEBUG main            d.u.i.k.p.i.AbstractProblemLoader Init config took 3.2s 
22110      INFO  main            d.u.i.k.p.i.AbstractProblemLoader Replaying proof Sum[Sum::sum0([I)].JML normal_behavior operation contract.0 
22148      DEBUG main            d.u.i.k.l.l.OriginTermLabel commonFileName is null! 
22149      DEBUG main            d.u.i.k.l.l.OriginTermLabel commonFileName is null! 
22224      DEBUG main            d.u.i.k.l.l.OriginTermLabel commonFileName is null! 
22296      DEBUG main            d.u.i.k.l.l.OriginTermLabel commonFileName is null! 
22297      DEBUG main            d.u.i.k.l.l.OriginTermLabel commonFileName is null! 
22301      DEBUG main            d.u.i.k.p.i.IntermediateProofReplayer Proof replay took 184.61ms 
22303      DEBUG main            d.u.i.k.p.r.p.TestFile    ... success: reloaded. 
22305      INFO  main            d.u.i.k.p.r.p.TestFile    Now processing file /home/runner/work/key/key/key.core/../key.ui/examples/heap/comprehensions/sum1.key 
22305      INFO  main            d.u.i.k.p.i.AbstractProblemLoader Loading environment from /home/runner/work/key/key/key.core/../key.ui/examples/heap/comprehensions/sum1.key 
22306      DEBUG main            d.u.i.k.p.i.AbstractProblemLoader Environment load took 514.43ns 
22309      INFO  main            d.u.i.k.p.i.AbstractProblemLoader Creating init config 
25498      DEBUG main            d.u.i.k.p.i.AbstractProblemLoader Init config took 3.19s 
25555      INFO  main            d.u.i.k.p.i.AbstractProblemLoader Replaying proof Sum[Sum::sum1([I)].JML normal_behavior operation contract.0 
25557      DEBUG main            d.u.i.k.p.i.IntermediateProofReplayer Proof replay took 8ns 
25624      DEBUG Thread-7        d.u.i.k.l.l.OriginTermLabel commonFileName is null! 
25625      DEBUG Thread-7        d.u.i.k.l.l.OriginTermLabel commonFileName is null! 
25828      DEBUG Thread-7        d.u.i.k.l.l.OriginTermLabel commonFileName is null! 
25829      DEBUG Thread-7        d.u.i.k.l.l.OriginTermLabel commonFileName is null! 
26013      DEBUG Thread-7        d.u.i.k.l.l.OriginTermLabel commonFileName is null! 
26281      INFO  main            d.u.i.k.p.r.p.TestFile    ... finished proof: closed. 
26502      INFO  main            d.u.i.k.p.i.AbstractProblemLoader Loading environment from /home/runner/work/key/key/key.core/../key.ui/examples/heap/comprehensions/sum1.key.proof 
26503      DEBUG main            d.u.i.k.p.i.AbstractProblemLoader Environment load took 839.15ns 
26505      INFO  main            d.u.i.k.p.i.AbstractProblemLoader Creating init config 
29585      DEBUG main            d.u.i.k.p.i.AbstractProblemLoader Init config took 3.08s 
29652      INFO  main            d.u.i.k.p.i.AbstractProblemLoader Replaying proof Sum[Sum::sum1([I)].JML normal_behavior operation contract.0 
29736      DEBUG main            d.u.i.k.l.l.OriginTermLabel commonFileName is null! 
29736      DEBUG main            d.u.i.k.l.l.OriginTermLabel commonFileName is null! 
29809      DEBUG main            d.u.i.k.l.l.OriginTermLabel commonFileName is null! 
29861      DEBUG main            d.u.i.k.l.l.OriginTermLabel commonFileName is null! 
29862      DEBUG main            d.u.i.k.l.l.OriginTermLabel commonFileName is null! 
29866      DEBUG main            d.u.i.k.p.i.IntermediateProofReplayer Proof replay took 202.25ms 
29870      DEBUG main            d.u.i.k.p.r.p.TestFile    ... success: reloaded. 
29871      INFO  main            d.u.i.k.p.r.p.TestFile    Now processing file /home/runner/work/key/key/key.core/../key.ui/examples/heap/comprehensions/sum2.key 
29871      INFO  main            d.u.i.k.p.i.AbstractProblemLoader Loading environment from /home/runner/work/key/key/key.core/../key.ui/examples/heap/comprehensions/sum2.key 
29872      DEBUG main            d.u.i.k.p.i.AbstractProblemLoader Environment load took 984.26ns 
29874      INFO  main            d.u.i.k.p.i.AbstractProblemLoader Creating init config 
33070      DEBUG main            d.u.i.k.p.i.AbstractProblemLoader Init config took 3.2s 
33120      INFO  main            d.u.i.k.p.i.AbstractProblemLoader Replaying proof Sum[Sum::sum2([I)].JML normal_behavior operation contract.0 
33123      DEBUG main            d.u.i.k.p.i.IntermediateProofReplayer Proof replay took 7.8ns 
33173      DEBUG Thread-10       d.u.i.k.l.l.OriginTermLabel commonFileName is null! 
33173      DEBUG Thread-10       d.u.i.k.l.l.OriginTermLabel commonFileName is null! 
33297      DEBUG Thread-10       d.u.i.k.l.l.OriginTermLabel commonFileName is null! 
33298      DEBUG Thread-10       d.u.i.k.l.l.OriginTermLabel commonFileName is null! 
33401      DEBUG Thread-10       d.u.i.k.l.l.OriginTermLabel commonFileName is null! 
33626      INFO  main            d.u.i.k.p.r.p.TestFile    ... finished proof: closed. 
33822      INFO  main            d.u.i.k.p.i.AbstractProblemLoader Loading environment from /home/runner/work/key/key/key.core/../key.ui/examples/heap/comprehensions/sum2.key.proof 
33824      DEBUG main            d.u.i.k.p.i.AbstractProblemLoader Environment load took 2.19ms 
33826      INFO  main            d.u.i.k.p.i.AbstractProblemLoader Creating init config 
36923      DEBUG main            d.u.i.k.p.i.AbstractProblemLoader Init config took 3.1s 
36981      INFO  main            d.u.i.k.p.i.AbstractProblemLoader Replaying proof Sum[Sum::sum2([I)].JML normal_behavior operation contract.0 
37016      DEBUG main            d.u.i.k.l.l.OriginTermLabel commonFileName is null! 
37017      DEBUG main            d.u.i.k.l.l.OriginTermLabel commonFileName is null! 
37064      DEBUG main            d.u.i.k.l.l.OriginTermLabel commonFileName is null! 
37100      DEBUG main            d.u.i.k.l.l.OriginTermLabel commonFileName is null! 
37100      DEBUG main            d.u.i.k.l.l.OriginTermLabel commonFileName is null! 
37103      DEBUG main            d.u.i.k.p.i.IntermediateProofReplayer Proof replay took 117.7ms 
37104      DEBUG main            d.u.i.k.p.r.p.TestFile    ... success: reloaded. 
37105      INFO  main            d.u.i.k.p.r.p.TestFile    Now processing file /home/runner/work/key/key/key.core/../key.ui/examples/heap/comprehensions/sum3.key 
37105      INFO  main            d.u.i.k.p.i.AbstractProblemLoader Loading environment from /home/runner/work/key/key/key.core/../key.ui/examples/heap/comprehensions/sum3.key 
37105      DEBUG main            d.u.i.k.p.i.AbstractProblemLoader Environment load took 101.11ns 
37107      INFO  main            d.u.i.k.p.i.AbstractProblemLoader Creating init config 
40211      DEBUG main            d.u.i.k.p.i.AbstractProblemLoader Init config took 3.1s 
40287      INFO  main            d.u.i.k.p.i.AbstractProblemLoader Replaying proof Sum[Sum::sum3([I)].JML normal_behavior operation contract.0 
40289      DEBUG main            d.u.i.k.p.i.IntermediateProofReplayer Proof replay took 9.5ns 
40357      DEBUG Thread-13       d.u.i.k.l.l.OriginTermLabel commonFileName is null! 
40358      DEBUG Thread-13       d.u.i.k.l.l.OriginTermLabel commonFileName is null! 
40498      DEBUG Thread-13       d.u.i.k.l.l.OriginTermLabel commonFileName is null! 
40500      DEBUG Thread-13       d.u.i.k.l.l.OriginTermLabel commonFileName is null! 
40591      DEBUG Thread-13       d.u.i.k.l.l.OriginTermLabel commonFileName is null! 
40796      INFO  main            d.u.i.k.p.r.p.TestFile    ... finished proof: closed. 
41009      INFO  main            d.u.i.k.p.i.AbstractProblemLoader Loading environment from /home/runner/work/key/key/key.core/../key.ui/examples/heap/comprehensions/sum3.key.proof 
41010      DEBUG main            d.u.i.k.p.i.AbstractProblemLoader Environment load took 841.95ns 
41014      INFO  main            d.u.i.k.p.i.AbstractProblemLoader Creating init config 
44240      DEBUG main            d.u.i.k.p.i.AbstractProblemLoader Init config took 3.23s 
44299      INFO  main            d.u.i.k.p.i.AbstractProblemLoader Replaying proof Sum[Sum::sum3([I)].JML normal_behavior operation contract.0 
44335      DEBUG main            d.u.i.k.l.l.OriginTermLabel commonFileName is null! 
44337      DEBUG main            d.u.i.k.l.l.OriginTermLabel commonFileName is null! 
44387      DEBUG main            d.u.i.k.l.l.OriginTermLabel commonFileName is null! 
44420      DEBUG main            d.u.i.k.l.l.OriginTermLabel commonFileName is null! 
44423      DEBUG main            d.u.i.k.l.l.OriginTermLabel commonFileName is null! 
44427      DEBUG main            d.u.i.k.p.i.IntermediateProofReplayer Proof replay took 122.98ms 
44429      DEBUG main            d.u.i.k.p.r.p.TestFile    ... success: reloaded. 
44434      INFO  main            d.u.i.k.p.r.p.TestFile    Now processing file /home/runner/work/key/key/key.core/../key.ui/examples/heap/comprehensions/segsum.key 
44435      INFO  main            d.u.i.k.p.i.AbstractProblemLoader Loading environment from /home/runner/work/key/key/key.core/../key.ui/examples/heap/comprehensions/segsum.key 
44437      DEBUG main            d.u.i.k.p.i.AbstractProblemLoader Environment load took 1.72ms 
44440      INFO  main            d.u.i.k.p.i.AbstractProblemLoader Creating init config 
47716      DEBUG main            d.u.i.k.p.i.AbstractProblemLoader Init config took 3.28s 
47763      INFO  main            d.u.i.k.p.i.AbstractProblemLoader Replaying proof SegSum[SegSum::segSum([I,int,int)].JML normal_behavior operation contract.0 
47765      DEBUG main            d.u.i.k.p.i.IntermediateProofReplayer Proof replay took 7ns 
48269      INFO  main            d.u.i.k.p.r.p.TestFile    ... finished proof: closed. 
48449      INFO  main            d.u.i.k.p.i.AbstractProblemLoader Loading environment from /home/runner/work/key/key/key.core/../key.ui/examples/heap/comprehensions/segsum.key.proof 
48451      DEBUG main            d.u.i.k.p.i.AbstractProblemLoader Environment load took 1.81ms 
48452      INFO  main            d.u.i.k.p.i.AbstractProblemLoader Creating init config 
51598      DEBUG main            d.u.i.k.p.i.AbstractProblemLoader Init config took 3.15s 
51654      INFO  main            d.u.i.k.p.i.AbstractProblemLoader Replaying proof SegSum[SegSum::segSum([I,int,int)].JML normal_behavior operation contract.0 
51775      DEBUG main            d.u.i.k.p.i.IntermediateProofReplayer Proof replay took 112.19ms 
51779      DEBUG main            d.u.i.k.p.r.p.TestFile    ... success: reloaded. 
51781      INFO  main            d.u.i.k.p.r.p.TestFile    Now processing file /home/runner/work/key/key/key.core/../key.ui/examples/heap/comprehensions/bsum_negative.key 
51785      INFO  main            d.u.i.k.p.i.AbstractProblemLoader Loading environment from /home/runner/work/key/key/key.core/../key.ui/examples/heap/comprehensions/bsum_negative.key 
51785      DEBUG main            d.u.i.k.p.i.AbstractProblemLoader Environment load took 526.93ns 
51789      INFO  main            d.u.i.k.p.i.AbstractProblemLoader Creating init config 
54708      DEBUG main            d.u.i.k.p.i.AbstractProblemLoader Init config took 2.92s 
54733      INFO  main            d.u.i.k.p.i.AbstractProblemLoader Replaying proof bsum_negative.key 
54735      DEBUG main            d.u.i.k.p.i.IntermediateProofReplayer Proof replay took 14.5ns 
54838      INFO  main            d.u.i.k.p.r.p.TestFile    ... finished proof: closed. 
55035      INFO  main            d.u.i.k.p.i.AbstractProblemLoader Loading environment from /home/runner/work/key/key/key.core/../key.ui/examples/heap/comprehensions/bsum_negative.key.proof 
55035      DEBUG main            d.u.i.k.p.i.AbstractProblemLoader Environment load took 135.31ns 
55040      INFO  main            d.u.i.k.p.i.AbstractProblemLoader Creating init config 
57842      DEBUG main            d.u.i.k.p.i.AbstractProblemLoader Init config took 2.8s 
57862      INFO  main            d.u.i.k.p.i.AbstractProblemLoader Replaying proof bsum_negative.key.proof 
57865      DEBUG main            d.u.i.k.p.i.IntermediateProofReplayer Proof replay took 1.88ms 
57866      DEBUG main            d.u.i.k.p.r.p.TestFile    ... success: reloaded. 
57866      INFO  main            d.u.i.k.p.r.p.TestFile    Now processing file /home/runner/work/key/key/key.core/../key.ui/examples/heap/comprehensions/bsum_neg2.key 
57867      INFO  main            d.u.i.k.p.i.AbstractProblemLoader Loading environment from /home/runner/work/key/key/key.core/../key.ui/examples/heap/comprehensions/bsum_neg2.key 
57867      DEBUG main            d.u.i.k.p.i.AbstractProblemLoader Environment load took 79.61ns 
57868      INFO  main            d.u.i.k.p.i.AbstractProblemLoader Creating init config 
60626      DEBUG main            d.u.i.k.p.i.AbstractProblemLoader Init config took 2.76s 
60647      INFO  main            d.u.i.k.p.i.AbstractProblemLoader Replaying proof bsum_neg2.key 
60649      DEBUG main            d.u.i.k.p.i.IntermediateProofReplayer Proof replay took 8.4ns 
60752      INFO  main            d.u.i.k.p.r.p.TestFile    ... finished proof: closed. 
60945      INFO  main            d.u.i.k.p.i.AbstractProblemLoader Loading environment from /home/runner/work/key/key/key.core/../key.ui/examples/heap/comprehensions/bsum_neg2.key.proof 
60945      DEBUG main            d.u.i.k.p.i.AbstractProblemLoader Environment load took 144.51ns 
60946      INFO  main            d.u.i.k.p.i.AbstractProblemLoader Creating init config 
63691      DEBUG main            d.u.i.k.p.i.AbstractProblemLoader Init config took 2.74s 
63717      INFO  main            d.u.i.k.p.i.AbstractProblemLoader Replaying proof bsum_neg2.key.proof 
63722      DEBUG main            d.u.i.k.p.i.IntermediateProofReplayer Proof replay took 1.11ms 
63724      DEBUG main            d.u.i.k.p.r.p.TestFile    ... success: reloaded. 
63725      INFO  main            d.u.i.k.p.r.p.TestFile    Now processing file /home/runner/work/key/key/key.core/../key.ui/examples/heap/comprehensions/bsumSplit.key 
63725      INFO  main            d.u.i.k.p.i.AbstractProblemLoader Loading environment from /home/runner/work/key/key/key.core/../key.ui/examples/heap/comprehensions/bsumSplit.key 
63726      DEBUG main            d.u.i.k.p.i.AbstractProblemLoader Environment load took 357.72ns 
63727      INFO  main            d.u.i.k.p.i.AbstractProblemLoader Creating init config 
66555      DEBUG main            d.u.i.k.p.i.AbstractProblemLoader Init config took 2.83s 
66575      INFO  main            d.u.i.k.p.i.AbstractProblemLoader Replaying proof bsumSplit.key 
66577      DEBUG main            d.u.i.k.p.i.IntermediateProofReplayer Proof replay took 8.2ns 
66679      INFO  main            d.u.i.k.p.r.p.TestFile    ... finished proof: closed. 
66908      INFO  main            d.u.i.k.p.i.AbstractProblemLoader Loading environment from /home/runner/work/key/key/key.core/../key.ui/examples/heap/comprehensions/bsumSplit.key.proof 
66908      DEBUG main            d.u.i.k.p.i.AbstractProblemLoader Environment load took 129.11ns 
66909      INFO  main            d.u.i.k.p.i.AbstractProblemLoader Creating init config 
69667      DEBUG main            d.u.i.k.p.i.AbstractProblemLoader Init config took 2.76s 
69686      INFO  main            d.u.i.k.p.i.AbstractProblemLoader Replaying proof bsumSplit.key.proof 
69693      DEBUG main            d.u.i.k.p.i.IntermediateProofReplayer Proof replay took 4.54ms 
69694      DEBUG main            d.u.i.k.p.r.p.TestFile    ... success: reloaded. 
69696      INFO  main            d.u.i.k.p.r.p.TestFile    Now processing file /home/runner/work/key/key/key.core/../key.ui/examples/heap/comprehensions/bprodSplit.key 
69696      INFO  main            d.u.i.k.p.i.AbstractProblemLoader Loading environment from /home/runner/work/key/key/key.core/../key.ui/examples/heap/comprehensions/bprodSplit.key 
69696      DEBUG main            d.u.i.k.p.i.AbstractProblemLoader Environment load took 369.22ns 
69698      INFO  main            d.u.i.k.p.i.AbstractProblemLoader Creating init config 
72415      DEBUG main            d.u.i.k.p.i.AbstractProblemLoader Init config took 2.72s 
72433      INFO  main            d.u.i.k.p.i.AbstractProblemLoader Replaying proof bprodSplit.key 
72435      DEBUG main            d.u.i.k.p.i.IntermediateProofReplayer Proof replay took 8.1ns 
72539      INFO  main            d.u.i.k.p.r.p.TestFile    ... finished proof: closed. 
72749      INFO  main            d.u.i.k.p.i.AbstractProblemLoader Loading environment from /home/runner/work/key/key/key.core/../key.ui/examples/heap/comprehensions/bprodSplit.key.proof 
72749      DEBUG main            d.u.i.k.p.i.AbstractProblemLoader Environment load took 132.21ns 
72751      INFO  main            d.u.i.k.p.i.AbstractProblemLoader Creating init config 
75469      DEBUG main            d.u.i.k.p.i.AbstractProblemLoader Init config took 2.72s 
75487      INFO  main            d.u.i.k.p.i.AbstractProblemLoader Replaying proof bprodSplit.key.proof 
75492      DEBUG main            d.u.i.k.p.i.IntermediateProofReplayer Proof replay took 2.7ms 
75493      DEBUG main            d.u.i.k.p.r.p.TestFile    ... success: reloaded. 
75494      INFO  main            d.u.i.k.p.r.p.TestFile    Now processing file /home/runner/work/key/key/key.core/../key.ui/examples/heap/comprehensions/bsumSplitInvalid.key 
75494      INFO  main            d.u.i.k.p.i.AbstractProblemLoader Loading environment from /home/runner/work/key/key/key.core/../key.ui/examples/heap/comprehensions/bsumSplitInvalid.key 
75494      DEBUG main            d.u.i.k.p.i.AbstractProblemLoader Environment load took 134.81ns 
75495      INFO  main            d.u.i.k.p.i.AbstractProblemLoader Creating init config 
78255      DEBUG main            d.u.i.k.p.i.AbstractProblemLoader Init config took 2.76s 
78273      INFO  main            d.u.i.k.p.i.AbstractProblemLoader Replaying proof bsumSplitInvalid.key 
78274      DEBUG main            d.u.i.k.p.i.IntermediateProofReplayer Proof replay took 7.7ns 
78377      INFO  main            d.u.i.k.p.r.p.TestFile    ... finished proof: open goal(s) 
173470     INFO  Test worker     d.u.i.k.p.r.RunAllProofsTestUnit Returning from test comprehensions 
173473     INFO  Test worker     d.u.i.k.p.r.RunAllProofsTestUnit Running test performance 
409        INFO  Timeout watchdog d.u.i.k.p.r.p.ForkedTestFileRunner Timeout watcher launched (2000 secs.) 
433        WARN  main            d.u.i.k.s.ProofSettings   The settings in /home/runner/.key/proof-settings.props are *not* read. 
488        INFO  main            d.u.i.k.p.r.p.TestFile    Now processing file /home/runner/work/key/key/key.core/../key.ui/examples/performance-test/Disjoint(Disjoint__disjoint_08()).JML_operation_contract.0.key 
659        INFO  main            d.u.i.k.p.i.AbstractProblemLoader Loading environment from /home/runner/work/key/key/key.core/../key.ui/examples/performance-test/Disjoint(Disjoint__disjoint_08()).JML_operation_contract.0.key 
679        DEBUG main            d.u.i.k.p.i.AbstractProblemLoader Environment load took 2.7ms 
938        INFO  main            d.u.i.k.p.i.AbstractProblemLoader Creating init config 
2015       DEBUG main            d.u.i.k.j.TypeConverter   No LDT found for Meta 
2016       DEBUG main            d.u.i.k.j.TypeConverter   No LDT found for Meta 
2018       DEBUG main            d.u.i.k.j.TypeConverter   No LDT found for Meta 
2018       DEBUG main            d.u.i.k.j.TypeConverter   No LDT found for Meta 
3796       DEBUG main            d.u.i.k.j.TypeConverter   No LDT found for JavaBigintExpression 
11005      DEBUG main            d.u.i.k.j.r.ClassPreparationMethodBuilder clPrepBuilder: Inner Class detected. Reject building class initialisation methods. 
20841      DEBUG main            d.u.i.k.p.i.AbstractProblemLoader Init config took 19.9s 
21109      INFO  main            d.u.i.k.p.i.AbstractProblemLoader Replaying proof Disjoint[Disjoint::disjoint_8()].JML operation contract.0 
21196      DEBUG main            d.u.i.k.p.i.IntermediateProofReplayer Proof replay took 441.33ns 
24271      INFO  main            d.u.i.k.p.r.p.TestFile    ... finished proof: closed. 
24512      INFO  main            d.u.i.k.p.i.AbstractProblemLoader Loading environment from /home/runner/work/key/key/key.core/../key.ui/examples/performance-test/Disjoint(Disjoint__disjoint_08()).JML_operation_contract.0.key.proof 
24516      DEBUG main            d.u.i.k.p.i.AbstractProblemLoader Environment load took 4.22ms 
24519      INFO  main            d.u.i.k.p.i.AbstractProblemLoader Creating init config 
28527      DEBUG main            d.u.i.k.j.r.ClassPreparationMethodBuilder clPrepBuilder: Inner Class detected. Reject building class initialisation methods. 
37457      DEBUG main            d.u.i.k.p.i.AbstractProblemLoader Init config took 12.94s 
37596      INFO  main            d.u.i.k.p.i.AbstractProblemLoader Replaying proof Disjoint[Disjoint::disjoint_8()].JML operation contract.0 
38107      DEBUG main            d.u.i.k.p.i.IntermediateProofReplayer Proof replay took 498.37ms 
38127      DEBUG main            d.u.i.k.p.r.p.TestFile    ... success: reloaded. 
38129      INFO  main            d.u.i.k.p.r.p.TestFile    Now processing file /home/runner/work/key/key/key.core/../key.ui/examples/performance-test/Disjoint(Disjoint__disjoint2_08()).JML_operation_contract.0.key 
38133      INFO  main            d.u.i.k.p.i.AbstractProblemLoader Loading environment from /home/runner/work/key/key/key.core/../key.ui/examples/performance-test/Disjoint(Disjoint__disjoint2_08()).JML_operation_contract.0.key 
38133      DEBUG main            d.u.i.k.p.i.AbstractProblemLoader Environment load took 449.13ns 
38135      INFO  main            d.u.i.k.p.i.AbstractProblemLoader Creating init config 
42093      DEBUG main            d.u.i.k.j.r.ClassPreparationMethodBuilder clPrepBuilder: Inner Class detected. Reject building class initialisation methods. 
50906      DEBUG main            d.u.i.k.p.i.AbstractProblemLoader Init config took 12.77s 
51028      INFO  main            d.u.i.k.p.i.AbstractProblemLoader Replaying proof Disjoint[Disjoint::disjoint2_8()].JML operation contract.0 
51032      DEBUG main            d.u.i.k.p.i.IntermediateProofReplayer Proof replay took 25.9ns 
52139      INFO  main            d.u.i.k.p.r.p.TestFile    ... finished proof: closed. 
52511      INFO  main            d.u.i.k.p.i.AbstractProblemLoader Loading environment from /home/runner/work/key/key/key.core/../key.ui/examples/performance-test/Disjoint(Disjoint__disjoint2_08()).JML_operation_contract.0.key.proof 
52512      DEBUG main            d.u.i.k.p.i.AbstractProblemLoader Environment load took 1.02ms 
52515      INFO  main            d.u.i.k.p.i.AbstractProblemLoader Creating init config 
56552      DEBUG main            d.u.i.k.j.r.ClassPreparationMethodBuilder clPrepBuilder: Inner Class detected. Reject building class initialisation methods. 
65217      DEBUG main            d.u.i.k.p.i.AbstractProblemLoader Init config took 12.7s 
65366      INFO  main            d.u.i.k.p.i.AbstractProblemLoader Replaying proof Disjoint[Disjoint::disjoint2_8()].JML operation contract.0 
65504      DEBUG main            d.u.i.k.p.i.IntermediateProofReplayer Proof replay took 131.38ms 
65507      DEBUG main            d.u.i.k.p.r.p.TestFile    ... success: reloaded. 
65510      INFO  main            d.u.i.k.p.r.p.TestFile    Now processing file /home/runner/work/key/key/key.core/../key.ui/examples/performance-test/AccessChain1(AccessChain1__foo_08()).JML_operation_contract.0.key 
65510      INFO  main            d.u.i.k.p.i.AbstractProblemLoader Loading environment from /home/runner/work/key/key/key.core/../key.ui/examples/performance-test/AccessChain1(AccessChain1__foo_08()).JML_operation_contract.0.key 
65511      DEBUG main            d.u.i.k.p.i.AbstractProblemLoader Environment load took 78.41ns 
65513      INFO  main            d.u.i.k.p.i.AbstractProblemLoader Creating init config 
69623      DEBUG main            d.u.i.k.j.r.ClassPreparationMethodBuilder clPrepBuilder: Inner Class detected. Reject building class initialisation methods. 
78178      DEBUG main            d.u.i.k.p.i.AbstractProblemLoader Init config took 12.66s 
78290      INFO  main            d.u.i.k.p.i.AbstractProblemLoader Replaying proof AccessChain1[AccessChain1::foo_8()].JML operation contract.0 
78293      DEBUG main            d.u.i.k.p.i.IntermediateProofReplayer Proof replay took 12.9ns 
81233      INFO  main            d.u.i.k.p.r.p.TestFile    ... finished proof: closed. 
81613      INFO  main            d.u.i.k.p.i.AbstractProblemLoader Loading environment from /home/runner/work/key/key/key.core/../key.ui/examples/performance-test/AccessChain1(AccessChain1__foo_08()).JML_operation_contract.0.key.proof 
81617      DEBUG main            d.u.i.k.p.i.AbstractProblemLoader Environment load took 3.72ms 
81624      INFO  main            d.u.i.k.p.i.AbstractProblemLoader Creating init config 
85357      DEBUG main            d.u.i.k.j.r.ClassPreparationMethodBuilder clPrepBuilder: Inner Class detected. Reject building class initialisation methods. 
94016      DEBUG main            d.u.i.k.p.i.AbstractProblemLoader Init config took 12.39s 
94138      INFO  main            d.u.i.k.p.i.AbstractProblemLoader Replaying proof AccessChain1[AccessChain1::foo_8()].JML operation contract.0 
94772      DEBUG main            d.u.i.k.p.i.IntermediateProofReplayer Proof replay took 616.05ms 
94776      DEBUG main            d.u.i.k.p.r.p.TestFile    ... success: reloaded. 
94778      INFO  main            d.u.i.k.p.r.p.TestFile    Now processing file /home/runner/work/key/key/key.core/../key.ui/examples/performance-test/AccessChain4(AccessChain4__foo_08()).JML_operation_contract.0.key 
94779      INFO  main            d.u.i.k.p.i.AbstractProblemLoader Loading environment from /home/runner/work/key/key/key.core/../key.ui/examples/performance-test/AccessChain4(AccessChain4__foo_08()).JML_operation_contract.0.key 
94779      DEBUG main            d.u.i.k.p.i.AbstractProblemLoader Environment load took 349.42ns 
94781      INFO  main            d.u.i.k.p.i.AbstractProblemLoader Creating init config 
98629      DEBUG main            d.u.i.k.j.r.ClassPreparationMethodBuilder clPrepBuilder: Inner Class detected. Reject building class initialisation methods. 
107212     DEBUG main            d.u.i.k.p.i.AbstractProblemLoader Init config took 12.43s 
107335     INFO  main            d.u.i.k.p.i.AbstractProblemLoader Replaying proof AccessChain4[AccessChain4::foo_8()].JML operation contract.0 
107337     DEBUG main            d.u.i.k.p.i.IntermediateProofReplayer Proof replay took 11.5ns 
114867     INFO  main            d.u.i.k.p.r.p.TestFile    ... finished proof: closed. 
115300     INFO  main            d.u.i.k.p.i.AbstractProblemLoader Loading environment from /home/runner/work/key/key/key.core/../key.ui/examples/performance-test/AccessChain4(AccessChain4__foo_08()).JML_operation_contract.0.key.proof 
115311     DEBUG main            d.u.i.k.p.i.AbstractProblemLoader Environment load took 11.3ms 
115315     INFO  main            d.u.i.k.p.i.AbstractProblemLoader Creating init config 
119004     DEBUG main            d.u.i.k.j.r.ClassPreparationMethodBuilder clPrepBuilder: Inner Class detected. Reject building class initialisation methods. 
127510     DEBUG main            d.u.i.k.p.i.AbstractProblemLoader Init config took 12.19s 
127617     INFO  main            d.u.i.k.p.i.AbstractProblemLoader Replaying proof AccessChain4[AccessChain4::foo_8()].JML operation contract.0 
128813     DEBUG main            d.u.i.k.p.i.IntermediateProofReplayer Proof replay took 1.17s 
128817     DEBUG main            d.u.i.k.p.r.p.TestFile    ... success: reloaded. 
128821     INFO  main            d.u.i.k.p.r.p.TestFile    Now processing file /home/runner/work/key/key/key.core/../key.ui/examples/performance-test/Disjoint(Disjoint__xZero_08()).JML_operation_contract.0.key 
128821     INFO  main            d.u.i.k.p.i.AbstractProblemLoader Loading environment from /home/runner/work/key/key/key.core/../key.ui/examples/performance-test/Disjoint(Disjoint__xZero_08()).JML_operation_contract.0.key 
128821     DEBUG main            d.u.i.k.p.i.AbstractProblemLoader Environment load took 153.31ns 
128822     INFO  main            d.u.i.k.p.i.AbstractProblemLoader Creating init config 
132646     DEBUG main            d.u.i.k.j.r.ClassPreparationMethodBuilder clPrepBuilder: Inner Class detected. Reject building class initialisation methods. 
141216     DEBUG main            d.u.i.k.p.i.AbstractProblemLoader Init config took 12.39s 
141322     INFO  main            d.u.i.k.p.i.AbstractProblemLoader Replaying proof Disjoint[Disjoint::xZero_8()].JML operation contract.0 
141324     DEBUG main            d.u.i.k.p.i.IntermediateProofReplayer Proof replay took 12.4ns 
142533     INFO  main            d.u.i.k.p.r.p.TestFile    ... finished proof: closed. 
142978     INFO  main            d.u.i.k.p.i.AbstractProblemLoader Loading environment from /home/runner/work/key/key/key.core/../key.ui/examples/performance-test/Disjoint(Disjoint__xZero_08()).JML_operation_contract.0.key.proof 
142983     DEBUG main            d.u.i.k.p.i.AbstractProblemLoader Environment load took 5.14ms 
142984     INFO  main            d.u.i.k.p.i.AbstractProblemLoader Creating init config 
146746     DEBUG main            d.u.i.k.j.r.ClassPreparationMethodBuilder clPrepBuilder: Inner Class detected. Reject building class initialisation methods. 
155500     DEBUG main            d.u.i.k.p.i.AbstractProblemLoader Init config took 12.52s 
155613     INFO  main            d.u.i.k.p.i.AbstractProblemLoader Replaying proof Disjoint[Disjoint::xZero_8()].JML operation contract.0 
155870     DEBUG main            d.u.i.k.p.i.IntermediateProofReplayer Proof replay took 239.36ms 
155873     DEBUG main            d.u.i.k.p.r.p.TestFile    ... success: reloaded. 
155875     INFO  main            d.u.i.k.p.r.p.TestFile    Now processing file /home/runner/work/key/key/key.core/../key.ui/examples/performance-test/Dynamic(Dynamic__foo_08()).JML_operation_contract.0.key 
155875     INFO  main            d.u.i.k.p.i.AbstractProblemLoader Loading environment from /home/runner/work/key/key/key.core/../key.ui/examples/performance-test/Dynamic(Dynamic__foo_08()).JML_operation_contract.0.key 
155875     DEBUG main            d.u.i.k.p.i.AbstractProblemLoader Environment load took 129.41ns 
155876     INFO  main            d.u.i.k.p.i.AbstractProblemLoader Creating init config 
159645     DEBUG main            d.u.i.k.j.r.ClassPreparationMethodBuilder clPrepBuilder: Inner Class detected. Reject building class initialisation methods. 
168319     DEBUG main            d.u.i.k.p.i.AbstractProblemLoader Init config took 12.44s 
168431     INFO  main            d.u.i.k.p.i.AbstractProblemLoader Replaying proof Dynamic[Dynamic::foo_8()].JML operation contract.0 
168434     DEBUG main            d.u.i.k.p.i.IntermediateProofReplayer Proof replay took 14ns 
174995     INFO  main            d.u.i.k.p.r.p.TestFile    ... finished proof: closed. 
175468     INFO  main            d.u.i.k.p.i.AbstractProblemLoader Loading environment from /home/runner/work/key/key/key.core/../key.ui/examples/performance-test/Dynamic(Dynamic__foo_08()).JML_operation_contract.0.key.proof 
175469     DEBUG main            d.u.i.k.p.i.AbstractProblemLoader Environment load took 643.44ns 
175471     INFO  main            d.u.i.k.p.i.AbstractProblemLoader Creating init config 
179341     DEBUG main            d.u.i.k.j.r.ClassPreparationMethodBuilder clPrepBuilder: Inner Class detected. Reject building class initialisation methods. 
188067     DEBUG main            d.u.i.k.p.i.AbstractProblemLoader Init config took 12.6s 
188177     INFO  main            d.u.i.k.p.i.AbstractProblemLoader Replaying proof Dynamic[Dynamic::foo_8()].JML operation contract.0 
188922     DEBUG main            d.u.i.k.p.i.IntermediateProofReplayer Proof replay took 718.55ms 
188924     DEBUG main            d.u.i.k.p.r.p.TestFile    ... success: reloaded. 
188926     INFO  main            d.u.i.k.p.r.p.TestFile    Now processing file /home/runner/work/key/key/key.core/../key.ui/examples/performance-test/DynamicGhost(DynamicGhost__dynamicGhost_08()).JML_normal_behavior_operation_contract.0.key 
188926     INFO  main            d.u.i.k.p.i.AbstractProblemLoader Loading environment from /home/runner/work/key/key/key.core/../key.ui/examples/performance-test/DynamicGhost(DynamicGhost__dynamicGhost_08()).JML_normal_behavior_operation_contract.0.key 
188927     DEBUG main            d.u.i.k.p.i.AbstractProblemLoader Environment load took 169.31ns 
188928     INFO  main            d.u.i.k.p.i.AbstractProblemLoader Creating init config 
192906     DEBUG main            d.u.i.k.j.r.ClassPreparationMethodBuilder clPrepBuilder: Inner Class detected. Reject building class initialisation methods. 
201570     DEBUG main            d.u.i.k.p.i.AbstractProblemLoader Init config took 12.64s 
201677     INFO  main            d.u.i.k.p.i.AbstractProblemLoader Replaying proof DynamicGhost[DynamicGhost::dynamicGhost_8()].JML normal_behavior operation contract.0 
201680     DEBUG main            d.u.i.k.p.i.IntermediateProofReplayer Proof replay took 13.3ns 
206817     INFO  main            d.u.i.k.p.r.p.TestFile    ... finished proof: closed. 
207340     INFO  main            d.u.i.k.p.i.AbstractProblemLoader Loading environment from /home/runner/work/key/key/key.core/../key.ui/examples/performance-test/DynamicGhost(DynamicGhost__dynamicGhost_08()).JML_normal_behavior_operation_contract.0.key.proof 
207341     DEBUG main            d.u.i.k.p.i.AbstractProblemLoader Environment load took 665.54ns 
207343     INFO  main            d.u.i.k.p.i.AbstractProblemLoader Creating init config 
211084     DEBUG main            d.u.i.k.j.r.ClassPreparationMethodBuilder clPrepBuilder: Inner Class detected. Reject building class initialisation methods. 
219924     DEBUG main            d.u.i.k.p.i.AbstractProblemLoader Init config took 12.58s 
220067     INFO  main            d.u.i.k.p.i.AbstractProblemLoader Replaying proof DynamicGhost[DynamicGhost::dynamicGhost_8()].JML normal_behavior operation contract.0 
220807     DEBUG main            d.u.i.k.p.i.IntermediateProofReplayer Proof replay took 716.32ms 
220810     DEBUG main            d.u.i.k.p.r.p.TestFile    ... success: reloaded. 
220813     INFO  main            d.u.i.k.p.r.p.TestFile    Now processing file /home/runner/work/key/key/key.core/../key.ui/examples/performance-test/GhostFrame(GhostFrame__foo_08()).JML_operation_contract.0.key 
220814     INFO  main            d.u.i.k.p.i.AbstractProblemLoader Loading environment from /home/runner/work/key/key/key.core/../key.ui/examples/performance-test/GhostFrame(GhostFrame__foo_08()).JML_operation_contract.0.key 
220816     DEBUG main            d.u.i.k.p.i.AbstractProblemLoader Environment load took 2.72ms 
220819     INFO  main            d.u.i.k.p.i.AbstractProblemLoader Creating init config 
224687     DEBUG main            d.u.i.k.j.r.ClassPreparationMethodBuilder clPrepBuilder: Inner Class detected. Reject building class initialisation methods. 
233288     DEBUG main            d.u.i.k.p.i.AbstractProblemLoader Init config took 12.47s 
233390     INFO  main            d.u.i.k.p.i.AbstractProblemLoader Replaying proof GhostFrame[GhostFrame::foo_8()].JML operation contract.0 
233392     DEBUG main            d.u.i.k.p.i.IntermediateProofReplayer Proof replay took 29.9ns 
235805     INFO  main            d.u.i.k.p.r.p.TestFile    ... finished proof: closed. 
236322     INFO  main            d.u.i.k.p.i.AbstractProblemLoader Loading environment from /home/runner/work/key/key/key.core/../key.ui/examples/performance-test/GhostFrame(GhostFrame__foo_08()).JML_operation_contract.0.key.proof 
236323     DEBUG main            d.u.i.k.p.i.AbstractProblemLoader Environment load took 646.94ns 
236325     INFO  main            d.u.i.k.p.i.AbstractProblemLoader Creating init config 
240080     DEBUG main            d.u.i.k.j.r.ClassPreparationMethodBuilder clPrepBuilder: Inner Class detected. Reject building class initialisation methods. 
248735     DEBUG main            d.u.i.k.p.i.AbstractProblemLoader Init config took 12.41s 
248838     INFO  main            d.u.i.k.p.i.AbstractProblemLoader Replaying proof GhostFrame[GhostFrame::foo_8()].JML operation contract.0 
249262     DEBUG main            d.u.i.k.p.i.IntermediateProofReplayer Proof replay took 414.51ms 
249264     DEBUG main            d.u.i.k.p.r.p.TestFile    ... success: reloaded. 
249266     INFO  main            d.u.i.k.p.r.p.TestFile    Now processing file /home/runner/work/key/key/key.core/../key.ui/examples/performance-test/Modelfield(Modelfield__foo_08()).JML_operation_contract.0.key 
249267     INFO  main            d.u.i.k.p.i.AbstractProblemLoader Loading environment from /home/runner/work/key/key/key.core/../key.ui/examples/performance-test/Modelfield(Modelfield__foo_08()).JML_operation_contract.0.key 
249267     DEBUG main            d.u.i.k.p.i.AbstractProblemLoader Environment load took 380.02ns 
249270     INFO  main            d.u.i.k.p.i.AbstractProblemLoader Creating init config 
253192     DEBUG main            d.u.i.k.j.r.ClassPreparationMethodBuilder clPrepBuilder: Inner Class detected. Reject building class initialisation methods. 
261901     DEBUG main            d.u.i.k.p.i.AbstractProblemLoader Init config took 12.63s 
262002     INFO  main            d.u.i.k.p.i.AbstractProblemLoader Replaying proof Modelfield[Modelfield::foo_8()].JML operation contract.0 
262004     DEBUG main            d.u.i.k.p.i.IntermediateProofReplayer Proof replay took 7.5ns 
265792     INFO  main            d.u.i.k.p.r.p.TestFile    ... finished proof: closed. 
266309     INFO  main            d.u.i.k.p.i.AbstractProblemLoader Loading environment from /home/runner/work/key/key/key.core/../key.ui/examples/performance-test/Modelfield(Modelfield__foo_08()).JML_operation_contract.0.key.proof 
266309     DEBUG main            d.u.i.k.p.i.AbstractProblemLoader Environment load took 634.94ns 
266312     INFO  main            d.u.i.k.p.i.AbstractProblemLoader Creating init config 
270040     DEBUG main            d.u.i.k.j.r.ClassPreparationMethodBuilder clPrepBuilder: Inner Class detected. Reject building class initialisation methods. 
278786     DEBUG main            d.u.i.k.p.i.AbstractProblemLoader Init config took 12.47s 
278889     INFO  main            d.u.i.k.p.i.AbstractProblemLoader Replaying proof Modelfield[Modelfield::foo_8()].JML operation contract.0 
279479     DEBUG main            d.u.i.k.p.i.IntermediateProofReplayer Proof replay took 516.76ms 
279481     DEBUG main            d.u.i.k.p.r.p.TestFile    ... success: reloaded. 
453152     INFO  Test worker     d.u.i.k.p.r.RunAllProofsTestUnit Returning from test performance 
453154     INFO  Test worker     d.u.i.k.p.r.RunAllProofsTestUnit Running test performancePOConstruction 
383        INFO  Timeout watchdog d.u.i.k.p.r.p.ForkedTestFileRunner Timeout watcher launched (2000 secs.) 
402        WARN  main            d.u.i.k.s.ProofSettings   The settings in /home/runner/.key/proof-settings.props are *not* read. 
434        INFO  main            d.u.i.k.p.r.p.TestFile    Now processing file /home/runner/work/key/key/key.core/../key.ui/examples/performance-test/Test(Test__a0(int)).JML_normal_behavior_operation_contract.0.key 
570        INFO  main            d.u.i.k.p.i.AbstractProblemLoader Loading environment from /home/runner/work/key/key/key.core/../key.ui/examples/performance-test/Test(Test__a0(int)).JML_normal_behavior_operation_contract.0.key 
589        DEBUG main            d.u.i.k.p.i.AbstractProblemLoader Environment load took 2.83ms 
859        INFO  main            d.u.i.k.p.i.AbstractProblemLoader Creating init config 
1972       DEBUG main            d.u.i.k.j.TypeConverter   No LDT found for Meta 
1973       DEBUG main            d.u.i.k.j.TypeConverter   No LDT found for Meta 
1975       DEBUG main            d.u.i.k.j.TypeConverter   No LDT found for Meta 
1975       DEBUG main            d.u.i.k.j.TypeConverter   No LDT found for Meta 
3663       DEBUG main            d.u.i.k.j.TypeConverter   No LDT found for JavaBigintExpression 
10557      DEBUG main            d.u.i.k.j.r.ClassPreparationMethodBuilder clPrepBuilder: Inner Class detected. Reject building class initialisation methods. 
20987      DEBUG main            d.u.i.k.p.i.AbstractProblemLoader Init config took 20.13s 
22365      INFO  main            d.u.i.k.p.i.AbstractProblemLoader Replaying proof Test[Test::a0(int)].JML normal_behavior operation contract.0 
22433      DEBUG main            d.u.i.k.p.i.IntermediateProofReplayer Proof replay took 40.6ns 
23001      INFO  main            d.u.i.k.p.r.p.TestFile    ... finished proof: closed. 
23178      INFO  main            d.u.i.k.p.i.AbstractProblemLoader Loading environment from /home/runner/work/key/key/key.core/../key.ui/examples/performance-test/Test(Test__a0(int)).JML_normal_behavior_operation_contract.0.key.proof 
23178      DEBUG main            d.u.i.k.p.i.AbstractProblemLoader Environment load took 181.41ns 
23180      INFO  main            d.u.i.k.p.i.AbstractProblemLoader Creating init config 
27045      DEBUG main            d.u.i.k.j.r.ClassPreparationMethodBuilder clPrepBuilder: Inner Class detected. Reject building class initialisation methods. 
35497      DEBUG main            d.u.i.k.p.i.AbstractProblemLoader Init config took 12.32s 
36557      INFO  main            d.u.i.k.p.i.AbstractProblemLoader Replaying proof Test[Test::a0(int)].JML normal_behavior operation contract.0 
36643      DEBUG main            d.u.i.k.p.i.IntermediateProofReplayer Proof replay took 80.42ms 
36662      DEBUG main            d.u.i.k.p.r.p.TestFile    ... success: reloaded. 
36664      INFO  main            d.u.i.k.p.r.p.TestFile    Now processing file /home/runner/work/key/key/key.core/../key.ui/examples/performance-test/Test(Test__a1(int)).JML_normal_behavior_operation_contract.0.key 
36670      INFO  main            d.u.i.k.p.i.AbstractProblemLoader Loading environment from /home/runner/work/key/key/key.core/../key.ui/examples/performance-test/Test(Test__a1(int)).JML_normal_behavior_operation_contract.0.key 
36670      DEBUG main            d.u.i.k.p.i.AbstractProblemLoader Environment load took 377.72ns 
36673      INFO  main            d.u.i.k.p.i.AbstractProblemLoader Creating init config 
40314      DEBUG main            d.u.i.k.j.r.ClassPreparationMethodBuilder clPrepBuilder: Inner Class detected. Reject building class initialisation methods. 
48535      DEBUG main            d.u.i.k.p.i.AbstractProblemLoader Init config took 11.86s 
49593      INFO  main            d.u.i.k.p.i.AbstractProblemLoader Replaying proof Test[Test::a1(int)].JML normal_behavior operation contract.0 
49595      DEBUG main            d.u.i.k.p.i.IntermediateProofReplayer Proof replay took 6.7ns 
50103      INFO  main            d.u.i.k.p.r.p.TestFile    ... finished proof: closed. 
50401      INFO  main            d.u.i.k.p.i.AbstractProblemLoader Loading environment from /home/runner/work/key/key/key.core/../key.ui/examples/performance-test/Test(Test__a1(int)).JML_normal_behavior_operation_contract.0.key.proof 
50402      DEBUG main            d.u.i.k.p.i.AbstractProblemLoader Environment load took 690.54ns 
50404      INFO  main            d.u.i.k.p.i.AbstractProblemLoader Creating init config 
54106      DEBUG main            d.u.i.k.j.r.ClassPreparationMethodBuilder clPrepBuilder: Inner Class detected. Reject building class initialisation methods. 
62374      DEBUG main            d.u.i.k.p.i.AbstractProblemLoader Init config took 11.97s 
63371      INFO  main            d.u.i.k.p.i.AbstractProblemLoader Replaying proof Test[Test::a1(int)].JML normal_behavior operation contract.0 
63449      DEBUG main            d.u.i.k.p.i.IntermediateProofReplayer Proof replay took 72.24ms 
63451      DEBUG main            d.u.i.k.p.r.p.TestFile    ... success: reloaded. 
63453      INFO  main            d.u.i.k.p.r.p.TestFile    Now processing file /home/runner/work/key/key/key.core/../key.ui/examples/performance-test/Test(Test__f1(int)).JML_normal_behavior_operation_contract.0.key 
63453      INFO  main            d.u.i.k.p.i.AbstractProblemLoader Loading environment from /home/runner/work/key/key/key.core/../key.ui/examples/performance-test/Test(Test__f1(int)).JML_normal_behavior_operation_contract.0.key 
63454      DEBUG main            d.u.i.k.p.i.AbstractProblemLoader Environment load took 516.83ns 
63456      INFO  main            d.u.i.k.p.i.AbstractProblemLoader Creating init config 
67169      DEBUG main            d.u.i.k.j.r.ClassPreparationMethodBuilder clPrepBuilder: Inner Class detected. Reject building class initialisation methods. 
75333      DEBUG main            d.u.i.k.p.i.AbstractProblemLoader Init config took 11.88s 
76379      INFO  main            d.u.i.k.p.i.AbstractProblemLoader Replaying proof Test[Test::f1(int)].JML normal_behavior operation contract.0 
76381      DEBUG main            d.u.i.k.p.i.IntermediateProofReplayer Proof replay took 7.2ns 
76585      INFO  main            d.u.i.k.p.r.p.TestFile    ... finished proof: closed. 
76901      INFO  main            d.u.i.k.p.i.AbstractProblemLoader Loading environment from /home/runner/work/key/key/key.core/../key.ui/examples/performance-test/Test(Test__f1(int)).JML_normal_behavior_operation_contract.0.key.proof 
76903      DEBUG main            d.u.i.k.p.i.AbstractProblemLoader Environment load took 1.92ms 
76904      INFO  main            d.u.i.k.p.i.AbstractProblemLoader Creating init config 
80612      DEBUG main            d.u.i.k.j.r.ClassPreparationMethodBuilder clPrepBuilder: Inner Class detected. Reject building class initialisation methods. 
88629      DEBUG main            d.u.i.k.p.i.AbstractProblemLoader Init config took 11.72s 
89637      INFO  main            d.u.i.k.p.i.AbstractProblemLoader Replaying proof Test[Test::f1(int)].JML normal_behavior operation contract.0 
89700      DEBUG main            d.u.i.k.p.i.IntermediateProofReplayer Proof replay took 58.52ms 
89701      DEBUG main            d.u.i.k.p.r.p.TestFile    ... success: reloaded. 
543054     INFO  Test worker     d.u.i.k.p.r.RunAllProofsTestUnit Returning from test performancePOConstruction 
543056     INFO  Test worker     d.u.i.k.p.r.RunAllProofsTestUnit Running test applicationRestrictions 
398        INFO  Timeout watchdog d.u.i.k.p.r.p.ForkedTestFileRunner Timeout watcher launched (2000 secs.) 
412        WARN  main            d.u.i.k.s.ProofSettings   The settings in /home/runner/.key/proof-settings.props are *not* read. 
445        INFO  main            d.u.i.k.p.r.p.TestFile    Now processing file /home/runner/work/key/key/key.core/../key.ui/examples/heap/polarity_tests/wellformed1.key 
580        INFO  main            d.u.i.k.p.i.AbstractProblemLoader Loading environment from /home/runner/work/key/key/key.core/../key.ui/examples/heap/polarity_tests/wellformed1.key 
598        DEBUG main            d.u.i.k.p.i.AbstractProblemLoader Environment load took 2.22ms 
885        INFO  main            d.u.i.k.p.i.AbstractProblemLoader Creating init config 
1943       DEBUG main            d.u.i.k.j.TypeConverter   No LDT found for Meta 
1944       DEBUG main            d.u.i.k.j.TypeConverter   No LDT found for Meta 
1949       DEBUG main            d.u.i.k.j.TypeConverter   No LDT found for Meta 
1949       DEBUG main            d.u.i.k.j.TypeConverter   No LDT found for Meta 
3465       DEBUG main            d.u.i.k.j.TypeConverter   No LDT found for JavaBigintExpression 
9109       DEBUG main            d.u.i.k.p.i.AbstractProblemLoader Init config took 8.22s 
9176       INFO  main            d.u.i.k.p.i.AbstractProblemLoader Replaying proof wellformed1.key 
9213       DEBUG main            d.u.i.k.p.i.IntermediateProofReplayer Proof replay took 37.8ns 
9415       INFO  main            d.u.i.k.p.r.p.TestFile    ... finished proof: closed. 
9555       INFO  main            d.u.i.k.p.i.AbstractProblemLoader Loading environment from /home/runner/work/key/key/key.core/../key.ui/examples/heap/polarity_tests/wellformed1.key.proof 
9555       DEBUG main            d.u.i.k.p.i.AbstractProblemLoader Environment load took 641.64ns 
9562       INFO  main            d.u.i.k.p.i.AbstractProblemLoader Creating init config 
12816      DEBUG main            d.u.i.k.p.i.AbstractProblemLoader Init config took 3.25s 
12859      INFO  main            d.u.i.k.p.i.AbstractProblemLoader Replaying proof wellformed1.key.proof 
12866      DEBUG main            d.u.i.k.p.i.IntermediateProofReplayer Proof replay took 2.53ms 
12877      DEBUG main            d.u.i.k.p.r.p.TestFile    ... success: reloaded. 
12879      INFO  main            d.u.i.k.p.r.p.TestFile    Now processing file /home/runner/work/key/key/key.core/../key.ui/examples/heap/polarity_tests/wellformed2.key 
12880      INFO  main            d.u.i.k.p.i.AbstractProblemLoader Loading environment from /home/runner/work/key/key/key.core/../key.ui/examples/heap/polarity_tests/wellformed2.key 
12880      DEBUG main            d.u.i.k.p.i.AbstractProblemLoader Environment load took 323.12ns 
12882      INFO  main            d.u.i.k.p.i.AbstractProblemLoader Creating init config 
16054      DEBUG main            d.u.i.k.p.i.AbstractProblemLoader Init config took 3.17s 
16094      INFO  main            d.u.i.k.p.i.AbstractProblemLoader Replaying proof wellformed2.key 
16098      DEBUG main            d.u.i.k.p.i.IntermediateProofReplayer Proof replay took 8.3ns 
16205      INFO  main            d.u.i.k.p.r.p.TestFile    ... finished proof: open goal(s) 
16358      INFO  main            d.u.i.k.p.r.p.TestFile    Now processing file /home/runner/work/key/key/key.core/../key.ui/examples/heap/polarity_tests/wellformed3.key 
16359      INFO  main            d.u.i.k.p.i.AbstractProblemLoader Loading environment from /home/runner/work/key/key/key.core/../key.ui/examples/heap/polarity_tests/wellformed3.key 
16359      DEBUG main            d.u.i.k.p.i.AbstractProblemLoader Environment load took 91.01ns 
16360      INFO  main            d.u.i.k.p.i.AbstractProblemLoader Creating init config 
19453      DEBUG main            d.u.i.k.p.i.AbstractProblemLoader Init config took 3.09s 
19478      INFO  main            d.u.i.k.p.i.AbstractProblemLoader Replaying proof wellformed3.key 
19481      DEBUG main            d.u.i.k.p.i.IntermediateProofReplayer Proof replay took 7.8ns 
19583      INFO  main            d.u.i.k.p.r.p.TestFile    ... finished proof: closed. 
19717      INFO  main            d.u.i.k.p.i.AbstractProblemLoader Loading environment from /home/runner/work/key/key/key.core/../key.ui/examples/heap/polarity_tests/wellformed3.key.proof 
19717      DEBUG main            d.u.i.k.p.i.AbstractProblemLoader Environment load took 134.31ns 
19718      INFO  main            d.u.i.k.p.i.AbstractProblemLoader Creating init config 
22998      DEBUG main            d.u.i.k.p.i.AbstractProblemLoader Init config took 3.28s 
23021      INFO  main            d.u.i.k.p.i.AbstractProblemLoader Replaying proof wellformed3.key.proof 
23026      DEBUG main            d.u.i.k.p.i.IntermediateProofReplayer Proof replay took 2.29ms 
23027      DEBUG main            d.u.i.k.p.r.p.TestFile    ... success: reloaded. 
23028      INFO  main            d.u.i.k.p.r.p.TestFile    Now processing file /home/runner/work/key/key/key.core/../key.ui/examples/heap/polarity_tests/wellformed4.key 
23029      INFO  main            d.u.i.k.p.i.AbstractProblemLoader Loading environment from /home/runner/work/key/key/key.core/../key.ui/examples/heap/polarity_tests/wellformed4.key 
23029      DEBUG main            d.u.i.k.p.i.AbstractProblemLoader Environment load took 304.92ns 
23031      INFO  main            d.u.i.k.p.i.AbstractProblemLoader Creating init config 
26055      DEBUG main            d.u.i.k.p.i.AbstractProblemLoader Init config took 3.02s 
26095      INFO  main            d.u.i.k.p.i.AbstractProblemLoader Replaying proof wellformed4.key 
26097      DEBUG main            d.u.i.k.p.i.IntermediateProofReplayer Proof replay took 6.8ns 
26201      INFO  main            d.u.i.k.p.r.p.TestFile    ... finished proof: open goal(s) 
26356      INFO  main            d.u.i.k.p.r.p.TestFile    Now processing file /home/runner/work/key/key/key.core/../key.ui/examples/heap/polarity_tests/wellformed5.key 
26356      INFO  main            d.u.i.k.p.i.AbstractProblemLoader Loading environment from /home/runner/work/key/key/key.core/../key.ui/examples/heap/polarity_tests/wellformed5.key 
26356      DEBUG main            d.u.i.k.p.i.AbstractProblemLoader Environment load took 80.5ns 
26357      INFO  main            d.u.i.k.p.i.AbstractProblemLoader Creating init config 
29366      DEBUG main            d.u.i.k.p.i.AbstractProblemLoader Init config took 3.01s 
29389      INFO  main            d.u.i.k.p.i.AbstractProblemLoader Replaying proof wellformed5.key 
29390      DEBUG main            d.u.i.k.p.i.IntermediateProofReplayer Proof replay took 7.6ns 
29494      INFO  main            d.u.i.k.p.r.p.TestFile    ... finished proof: closed. 
29647      INFO  main            d.u.i.k.p.i.AbstractProblemLoader Loading environment from /home/runner/work/key/key/key.core/../key.ui/examples/heap/polarity_tests/wellformed5.key.proof 
29647      DEBUG main            d.u.i.k.p.i.AbstractProblemLoader Environment load took 135.11ns 
29649      INFO  main            d.u.i.k.p.i.AbstractProblemLoader Creating init config 
32792      DEBUG main            d.u.i.k.p.i.AbstractProblemLoader Init config took 3.14s 
32815      INFO  main            d.u.i.k.p.i.AbstractProblemLoader Replaying proof wellformed5.key.proof 
32818      DEBUG main            d.u.i.k.p.i.IntermediateProofReplayer Proof replay took 1.27ms 
32819      DEBUG main            d.u.i.k.p.r.p.TestFile    ... success: reloaded. 
32821      INFO  main            d.u.i.k.p.r.p.TestFile    Now processing file /home/runner/work/key/key/key.core/../key.ui/examples/heap/polarity_tests/wellformed6.key 
32821      INFO  main            d.u.i.k.p.i.AbstractProblemLoader Loading environment from /home/runner/work/key/key/key.core/../key.ui/examples/heap/polarity_tests/wellformed6.key 
32821      DEBUG main            d.u.i.k.p.i.AbstractProblemLoader Environment load took 263.22ns 
32824      INFO  main            d.u.i.k.p.i.AbstractProblemLoader Creating init config 
35762      DEBUG main            d.u.i.k.p.i.AbstractProblemLoader Init config took 2.94s 
35787      INFO  main            d.u.i.k.p.i.AbstractProblemLoader Replaying proof wellformed6.key 
35790      DEBUG main            d.u.i.k.p.i.IntermediateProofReplayer Proof replay took 8ns 
35894      INFO  main            d.u.i.k.p.r.p.TestFile    ... finished proof: open goal(s) 
36080      INFO  main            d.u.i.k.p.r.p.TestFile    Now processing file /home/runner/work/key/key/key.core/../key.ui/examples/heap/polarity_tests/wellformed7.key 
36080      INFO  main            d.u.i.k.p.i.AbstractProblemLoader Loading environment from /home/runner/work/key/key/key.core/../key.ui/examples/heap/polarity_tests/wellformed7.key 
36081      DEBUG main            d.u.i.k.p.i.AbstractProblemLoader Environment load took 73.7ns 
36082      INFO  main            d.u.i.k.p.i.AbstractProblemLoader Creating init config 
39183      DEBUG main            d.u.i.k.p.i.AbstractProblemLoader Init config took 3.1s 
39205      INFO  main            d.u.i.k.p.i.AbstractProblemLoader Replaying proof wellformed7.key 
39207      DEBUG main            d.u.i.k.p.i.IntermediateProofReplayer Proof replay took 9.1ns 
39309      INFO  main            d.u.i.k.p.r.p.TestFile    ... finished proof: closed. 
39466      INFO  main            d.u.i.k.p.i.AbstractProblemLoader Loading environment from /home/runner/work/key/key/key.core/../key.ui/examples/heap/polarity_tests/wellformed7.key.proof 
39466      DEBUG main            d.u.i.k.p.i.AbstractProblemLoader Environment load took 137.01ns 
39467      INFO  main            d.u.i.k.p.i.AbstractProblemLoader Creating init config 
42674      DEBUG main            d.u.i.k.p.i.AbstractProblemLoader Init config took 3.21s 
42698      INFO  main            d.u.i.k.p.i.AbstractProblemLoader Replaying proof wellformed7.key.proof 
42705      DEBUG main            d.u.i.k.p.i.IntermediateProofReplayer Proof replay took 4ms 
42706      DEBUG main            d.u.i.k.p.r.p.TestFile    ... success: reloaded. 
42707      INFO  main            d.u.i.k.p.r.p.TestFile    Now processing file /home/runner/work/key/key/key.core/../key.ui/examples/heap/polarity_tests/wellformed8.key 
42708      INFO  main            d.u.i.k.p.i.AbstractProblemLoader Loading environment from /home/runner/work/key/key/key.core/../key.ui/examples/heap/polarity_tests/wellformed8.key 
42708      DEBUG main            d.u.i.k.p.i.AbstractProblemLoader Environment load took 278.82ns 
42709      INFO  main            d.u.i.k.p.i.AbstractProblemLoader Creating init config 
45667      DEBUG main            d.u.i.k.p.i.AbstractProblemLoader Init config took 2.96s 
45689      INFO  main            d.u.i.k.p.i.AbstractProblemLoader Replaying proof wellformed8.key 
45691      DEBUG main            d.u.i.k.p.i.IntermediateProofReplayer Proof replay took 8.9ns 
45795      INFO  main            d.u.i.k.p.r.p.TestFile    ... finished proof: open goal(s) 
45976      INFO  main            d.u.i.k.p.r.p.TestFile    Now processing file /home/runner/work/key/key/key.core/../key.ui/examples/heap/polarity_tests/wellformed9.key 
45976      INFO  main            d.u.i.k.p.i.AbstractProblemLoader Loading environment from /home/runner/work/key/key/key.core/../key.ui/examples/heap/polarity_tests/wellformed9.key 
45976      DEBUG main            d.u.i.k.p.i.AbstractProblemLoader Environment load took 83ns 
45978      INFO  main            d.u.i.k.p.i.AbstractProblemLoader Creating init config 
48911      DEBUG main            d.u.i.k.p.i.AbstractProblemLoader Init config took 2.93s 
48930      INFO  main            d.u.i.k.p.i.AbstractProblemLoader Replaying proof wellformed9.key 
48932      DEBUG main            d.u.i.k.p.i.IntermediateProofReplayer Proof replay took 9ns 
49035      INFO  main            d.u.i.k.p.r.p.TestFile    ... finished proof: closed. 
49251      INFO  main            d.u.i.k.p.i.AbstractProblemLoader Loading environment from /home/runner/work/key/key/key.core/../key.ui/examples/heap/polarity_tests/wellformed9.key.proof 
49251      DEBUG main            d.u.i.k.p.i.AbstractProblemLoader Environment load took 129.61ns 
49253      INFO  main            d.u.i.k.p.i.AbstractProblemLoader Creating init config 
52199      DEBUG main            d.u.i.k.p.i.AbstractProblemLoader Init config took 2.95s 
52228      INFO  main            d.u.i.k.p.i.AbstractProblemLoader Replaying proof wellformed9.key.proof 
52232      DEBUG main            d.u.i.k.p.i.IntermediateProofReplayer Proof replay took 1.62ms 
52233      DEBUG main            d.u.i.k.p.r.p.TestFile    ... success: reloaded. 
52234      INFO  main            d.u.i.k.p.r.p.TestFile    Now processing file /home/runner/work/key/key/key.core/../key.ui/examples/heap/polarity_tests/wellformed10.key 
52234      INFO  main            d.u.i.k.p.i.AbstractProblemLoader Loading environment from /home/runner/work/key/key/key.core/../key.ui/examples/heap/polarity_tests/wellformed10.key 
52234      DEBUG main            d.u.i.k.p.i.AbstractProblemLoader Environment load took 105.51ns 
52235      INFO  main            d.u.i.k.p.i.AbstractProblemLoader Creating init config 
55277      DEBUG main            d.u.i.k.p.i.AbstractProblemLoader Init config took 3.04s 
55306      INFO  main            d.u.i.k.p.i.AbstractProblemLoader Replaying proof wellformed10.key 
55308      DEBUG main            d.u.i.k.p.i.IntermediateProofReplayer Proof replay took 8.3ns 
55414      INFO  main            d.u.i.k.p.r.p.TestFile    ... finished proof: open goal(s) 
55607      INFO  main            d.u.i.k.p.r.p.TestFile    Now processing file /home/runner/work/key/key/key.core/../key.ui/examples/heap/polarity_tests/wellformed11.key 
55610      INFO  main            d.u.i.k.p.i.AbstractProblemLoader Loading environment from /home/runner/work/key/key/key.core/../key.ui/examples/heap/polarity_tests/wellformed11.key 
55611      DEBUG main            d.u.i.k.p.i.AbstractProblemLoader Environment load took 144.21ns 
55612      INFO  main            d.u.i.k.p.i.AbstractProblemLoader Creating init config 
58552      DEBUG main            d.u.i.k.p.i.AbstractProblemLoader Init config took 2.94s 
58570      INFO  main            d.u.i.k.p.i.AbstractProblemLoader Replaying proof wellformed11.key 
58572      DEBUG main            d.u.i.k.p.i.IntermediateProofReplayer Proof replay took 8ns 
58675      INFO  main            d.u.i.k.p.r.p.TestFile    ... finished proof: open goal(s) 
602122     INFO  Test worker     d.u.i.k.p.r.RunAllProofsTestUnit Returning from test applicationRestrictions 
602123     INFO  Test worker     d.u.i.k.p.r.RunAllProofsTestUnit Running test blockContracts 
458        INFO  Timeout watchdog d.u.i.k.p.r.p.ForkedTestFileRunner Timeout watcher launched (2000 secs.) 
476        WARN  main            d.u.i.k.s.ProofSettings   The settings in /home/runner/.key/proof-settings.props are *not* read. 
540        INFO  main            d.u.i.k.p.r.p.TestFile    Now processing file /home/runner/work/key/key/key.core/../key.ui/examples/heap/block_contracts/Simple__add.key 
681        INFO  main            d.u.i.k.p.i.AbstractProblemLoader Loading environment from /home/runner/work/key/key/key.core/../key.ui/examples/heap/block_contracts/Simple__add.key 
702        DEBUG main            d.u.i.k.p.i.AbstractProblemLoader Environment load took 2.59ms 
965        INFO  main            d.u.i.k.p.i.AbstractProblemLoader Creating init config 
2186       DEBUG main            d.u.i.k.j.TypeConverter   No LDT found for Meta 
2187       DEBUG main            d.u.i.k.j.TypeConverter   No LDT found for Meta 
2190       DEBUG main            d.u.i.k.j.TypeConverter   No LDT found for Meta 
2191       DEBUG main            d.u.i.k.j.TypeConverter   No LDT found for Meta 
3783       DEBUG main            d.u.i.k.j.TypeConverter   No LDT found for JavaBigintExpression 
10645      DEBUG main            d.u.i.k.p.i.AbstractProblemLoader Init config took 9.68s 
10787      INFO  main            d.u.i.k.p.i.AbstractProblemLoader Replaying proof Simple[Simple::add(int,int)].JML operation contract.0 
10892      DEBUG main            d.u.i.k.p.i.IntermediateProofReplayer Proof replay took 397.23ns 
11719      INFO  main            d.u.i.k.p.r.p.TestFile    ... finished proof: closed. 
11854      INFO  main            d.u.i.k.p.i.AbstractProblemLoader Loading environment from /home/runner/work/key/key/key.core/../key.ui/examples/heap/block_contracts/Simple__add.key.proof 
11854      DEBUG main            d.u.i.k.p.i.AbstractProblemLoader Environment load took 758.85ns 
11857      INFO  main            d.u.i.k.p.i.AbstractProblemLoader Creating init config 
15885      DEBUG main            d.u.i.k.p.i.AbstractProblemLoader Init config took 4.03s 
15956      INFO  main            d.u.i.k.p.i.AbstractProblemLoader Replaying proof Simple[Simple::add(int,int)].JML operation contract.0 
16048      DEBUG main            d.u.i.k.p.i.IntermediateProofReplayer Proof replay took 87.28ms 
16056      DEBUG main            d.u.i.k.p.r.p.TestFile    ... success: reloaded. 
16058      INFO  main            d.u.i.k.p.r.p.TestFile    Now processing file /home/runner/work/key/key/key.core/../key.ui/examples/heap/block_contracts/Simple__addAbsoluteValues.key 
16058      INFO  main            d.u.i.k.p.i.AbstractProblemLoader Loading environment from /home/runner/work/key/key/key.core/../key.ui/examples/heap/block_contracts/Simple__addAbsoluteValues.key 
16059      DEBUG main            d.u.i.k.p.i.AbstractProblemLoader Environment load took 656.14ns 
16061      INFO  main            d.u.i.k.p.i.AbstractProblemLoader Creating init config 
19833      DEBUG main            d.u.i.k.p.i.AbstractProblemLoader Init config took 3.77s 
19906      INFO  main            d.u.i.k.p.i.AbstractProblemLoader Replaying proof Simple[Simple::addAbsoluteValues(int,int)].JML normal_behavior operation contract.0 
19910      DEBUG main            d.u.i.k.p.i.IntermediateProofReplayer Proof replay took 16.5ns 
21127      INFO  main            d.u.i.k.p.r.p.TestFile    ... finished proof: closed. 
21339      INFO  main            d.u.i.k.p.i.AbstractProblemLoader Loading environment from /home/runner/work/key/key/key.core/../key.ui/examples/heap/block_contracts/Simple__addAbsoluteValues.key.proof 
21339      DEBUG main            d.u.i.k.p.i.AbstractProblemLoader Environment load took 576.94ns 
21341      INFO  main            d.u.i.k.p.i.AbstractProblemLoader Creating init config 
25063      DEBUG main            d.u.i.k.p.i.AbstractProblemLoader Init config took 3.72s 
25124      INFO  main            d.u.i.k.p.i.AbstractProblemLoader Replaying proof Simple[Simple::addAbsoluteValues(int,int)].JML normal_behavior operation contract.0 
25437      DEBUG main            d.u.i.k.p.i.IntermediateProofReplayer Proof replay took 300.03ms 
25439      DEBUG main            d.u.i.k.p.r.p.TestFile    ... success: reloaded. 
25440      INFO  main            d.u.i.k.p.r.p.TestFile    Now processing file /home/runner/work/key/key/key.core/../key.ui/examples/heap/block_contracts/Simple__addWithJump.key 
25441      INFO  main            d.u.i.k.p.i.AbstractProblemLoader Loading environment from /home/runner/work/key/key/key.core/../key.ui/examples/heap/block_contracts/Simple__addWithJump.key 
25441      DEBUG main            d.u.i.k.p.i.AbstractProblemLoader Environment load took 305.62ns 
25442      INFO  main            d.u.i.k.p.i.AbstractProblemLoader Creating init config 
29311      DEBUG main            d.u.i.k.p.i.AbstractProblemLoader Init config took 3.87s 
29368      INFO  main            d.u.i.k.p.i.AbstractProblemLoader Replaying proof Simple[Simple::addWithJump(int,int,int)].JML operation contract.0 
29371      DEBUG main            d.u.i.k.p.i.IntermediateProofReplayer Proof replay took 26.1ns 
29575      INFO  main            d.u.i.k.p.r.p.TestFile    ... finished proof: closed. 
29799      INFO  main            d.u.i.k.p.i.AbstractProblemLoader Loading environment from /home/runner/work/key/key/key.core/../key.ui/examples/heap/block_contracts/Simple__addWithJump.key.proof 
29799      DEBUG main            d.u.i.k.p.i.AbstractProblemLoader Environment load took 337.42ns 
29801      INFO  main            d.u.i.k.p.i.AbstractProblemLoader Creating init config 
33517      DEBUG main            d.u.i.k.p.i.AbstractProblemLoader Init config took 3.72s 
33571      INFO  main            d.u.i.k.p.i.AbstractProblemLoader Replaying proof Simple[Simple::addWithJump(int,int,int)].JML operation contract.0 
33625      DEBUG main            d.u.i.k.p.i.IntermediateProofReplayer Proof replay took 50.96ms 
33626      DEBUG main            d.u.i.k.p.r.p.TestFile    ... success: reloaded. 
33628      INFO  main            d.u.i.k.p.r.p.TestFile    Now processing file /home/runner/work/key/key/key.core/../key.ui/examples/heap/block_contracts/Simple__addWithTwoBlockContracts.key 
33629      INFO  main            d.u.i.k.p.i.AbstractProblemLoader Loading environment from /home/runner/work/key/key/key.core/../key.ui/examples/heap/block_contracts/Simple__addWithTwoBlockContracts.key 
33629      DEBUG main            d.u.i.k.p.i.AbstractProblemLoader Environment load took 292.42ns 
33630      INFO  main            d.u.i.k.p.i.AbstractProblemLoader Creating init config 
37287      DEBUG main            d.u.i.k.p.i.AbstractProblemLoader Init config took 3.66s 
37340      INFO  main            d.u.i.k.p.i.AbstractProblemLoader Replaying proof Simple[Simple::addWithTwoBlockContracts(int,int,int)].JML operation contract.0 
37342      DEBUG main            d.u.i.k.p.i.IntermediateProofReplayer Proof replay took 12.8ns 
37649      INFO  main            d.u.i.k.p.r.p.TestFile    ... finished proof: closed. 
37848      INFO  main            d.u.i.k.p.i.AbstractProblemLoader Loading environment from /home/runner/work/key/key/key.core/../key.ui/examples/heap/block_contracts/Simple__addWithTwoBlockContracts.key.proof 
37852      DEBUG main            d.u.i.k.p.i.AbstractProblemLoader Environment load took 3.99ms 
37853      INFO  main            d.u.i.k.p.i.AbstractProblemLoader Creating init config 
41340      DEBUG main            d.u.i.k.p.i.AbstractProblemLoader Init config took 3.49s 
41423      INFO  main            d.u.i.k.p.i.AbstractProblemLoader Replaying proof Simple[Simple::addWithTwoBlockContracts(int,int,int)].JML operation contract.0 
41513      DEBUG main            d.u.i.k.p.i.IntermediateProofReplayer Proof replay took 85.56ms 
41514      DEBUG main            d.u.i.k.p.r.p.TestFile    ... success: reloaded. 
41516      INFO  main            d.u.i.k.p.r.p.TestFile    Now processing file /home/runner/work/key/key/key.core/../key.ui/examples/heap/block_contracts/Simple__generateByteArray.key 
41516      INFO  main            d.u.i.k.p.i.AbstractProblemLoader Loading environment from /home/runner/work/key/key/key.core/../key.ui/examples/heap/block_contracts/Simple__generateByteArray.key 
41516      DEBUG main            d.u.i.k.p.i.AbstractProblemLoader Environment load took 361.82ns 
41517      INFO  main            d.u.i.k.p.i.AbstractProblemLoader Creating init config 
45061      DEBUG main            d.u.i.k.p.i.AbstractProblemLoader Init config took 3.54s 
45126      INFO  main            d.u.i.k.p.i.AbstractProblemLoader Replaying proof Simple[Simple::generateByteArray()].JML normal_behavior operation contract.0 
45129      DEBUG main            d.u.i.k.p.i.IntermediateProofReplayer Proof replay took 12.3ns 
47707      INFO  main            d.u.i.k.p.r.p.TestFile    ... finished proof: closed. 
47953      INFO  main            d.u.i.k.p.i.AbstractProblemLoader Loading environment from /home/runner/work/key/key/key.core/../key.ui/examples/heap/block_contracts/Simple__generateByteArray.key.proof 
47953      DEBUG main            d.u.i.k.p.i.AbstractProblemLoader Environment load took 601.94ns 
47955      INFO  main            d.u.i.k.p.i.AbstractProblemLoader Creating init config 
51505      DEBUG main            d.u.i.k.p.i.AbstractProblemLoader Init config took 3.55s 
51556      INFO  main            d.u.i.k.p.i.AbstractProblemLoader Replaying proof Simple[Simple::generateByteArray()].JML normal_behavior operation contract.0 
51873      DEBUG main            d.u.i.k.p.i.IntermediateProofReplayer Proof replay took 299.12ms 
51875      DEBUG main            d.u.i.k.p.r.p.TestFile    ... success: reloaded. 
51876      INFO  main            d.u.i.k.p.r.p.TestFile    Now processing file /home/runner/work/key/key/key.core/../key.ui/examples/heap/block_contracts/Simple__getLength.key 
51877      INFO  main            d.u.i.k.p.i.AbstractProblemLoader Loading environment from /home/runner/work/key/key/key.core/../key.ui/examples/heap/block_contracts/Simple__getLength.key 
51877      DEBUG main            d.u.i.k.p.i.AbstractProblemLoader Environment load took 287.72ns 
51878      INFO  main            d.u.i.k.p.i.AbstractProblemLoader Creating init config 
55421      DEBUG main            d.u.i.k.p.i.AbstractProblemLoader Init config took 3.54s 
55472      INFO  main            d.u.i.k.p.i.AbstractProblemLoader Replaying proof Simple[Simple::getLength()].JML normal_behavior operation contract.0 
55474      DEBUG main            d.u.i.k.p.i.IntermediateProofReplayer Proof replay took 13.8ns 
55577      INFO  main            d.u.i.k.p.r.p.TestFile    ... finished proof: closed. 
55818      INFO  main            d.u.i.k.p.i.AbstractProblemLoader Loading environment from /home/runner/work/key/key/key.core/../key.ui/examples/heap/block_contracts/Simple__getLength.key.proof 
55818      DEBUG main            d.u.i.k.p.i.AbstractProblemLoader Environment load took 146.11ns 
55820      INFO  main            d.u.i.k.p.i.AbstractProblemLoader Creating init config 
59347      DEBUG main            d.u.i.k.p.i.AbstractProblemLoader Init config took 3.53s 
59420      INFO  main            d.u.i.k.p.i.AbstractProblemLoader Replaying proof Simple[Simple::getLength()].JML normal_behavior operation contract.0 
59431      DEBUG main            d.u.i.k.p.i.IntermediateProofReplayer Proof replay took 9.17ms 
59433      DEBUG main            d.u.i.k.p.r.p.TestFile    ... success: reloaded. 
59434      INFO  main            d.u.i.k.p.r.p.TestFile    Now processing file /home/runner/work/key/key/key.core/../key.ui/examples/heap/block_contracts/Simple__square.key 
59435      INFO  main            d.u.i.k.p.i.AbstractProblemLoader Loading environment from /home/runner/work/key/key/key.core/../key.ui/examples/heap/block_contracts/Simple__square.key 
59435      DEBUG main            d.u.i.k.p.i.AbstractProblemLoader Environment load took 378.82ns 
59436      INFO  main            d.u.i.k.p.i.AbstractProblemLoader Creating init config 
63004      DEBUG main            d.u.i.k.p.i.AbstractProblemLoader Init config took 3.57s 
63050      INFO  main            d.u.i.k.p.i.AbstractProblemLoader Replaying proof Simple[Simple::square(int)].JML operation contract.0 
63052      DEBUG main            d.u.i.k.p.i.IntermediateProofReplayer Proof replay took 13.5ns 
63460      INFO  main            d.u.i.k.p.r.p.TestFile    ... finished proof: closed. 
63689      INFO  main            d.u.i.k.p.i.AbstractProblemLoader Loading environment from /home/runner/work/key/key/key.core/../key.ui/examples/heap/block_contracts/Simple__square.key.proof 
63689      DEBUG main            d.u.i.k.p.i.AbstractProblemLoader Environment load took 530.23ns 
63692      INFO  main            d.u.i.k.p.i.AbstractProblemLoader Creating init config 
67126      DEBUG main            d.u.i.k.p.i.AbstractProblemLoader Init config took 3.43s 
67192      INFO  main            d.u.i.k.p.i.AbstractProblemLoader Replaying proof Simple[Simple::square(int)].JML operation contract.0 
67368      DEBUG main            d.u.i.k.p.i.IntermediateProofReplayer Proof replay took 164.91ms 
67369      DEBUG main            d.u.i.k.p.r.p.TestFile    ... success: reloaded. 
67371      INFO  main            d.u.i.k.p.r.p.TestFile    Now processing file /home/runner/work/key/key/key.core/../key.ui/examples/heap/block_contracts/Simple__unnecessaryBlockContract.key 
67372      INFO  main            d.u.i.k.p.i.AbstractProblemLoader Loading environment from /home/runner/work/key/key/key.core/../key.ui/examples/heap/block_contracts/Simple__unnecessaryBlockContract.key 
67372      DEBUG main            d.u.i.k.p.i.AbstractProblemLoader Environment load took 123.11ns 
67373      INFO  main            d.u.i.k.p.i.AbstractProblemLoader Creating init config 
70870      DEBUG main            d.u.i.k.p.i.AbstractProblemLoader Init config took 3.5s 
70915      INFO  main            d.u.i.k.p.i.AbstractProblemLoader Replaying proof Simple[Simple::unnecessaryBlockContract()].JML operation contract.0 
70917      DEBUG main            d.u.i.k.p.i.IntermediateProofReplayer Proof replay took 15.5ns 
71020      INFO  main            d.u.i.k.p.r.p.TestFile    ... finished proof: closed. 
71261      INFO  main            d.u.i.k.p.i.AbstractProblemLoader Loading environment from /home/runner/work/key/key/key.core/../key.ui/examples/heap/block_contracts/Simple__unnecessaryBlockContract.key.proof 
71261      DEBUG main            d.u.i.k.p.i.AbstractProblemLoader Environment load took 155.21ns 
71263      INFO  main            d.u.i.k.p.i.AbstractProblemLoader Creating init config 
74724      DEBUG main            d.u.i.k.p.i.AbstractProblemLoader Init config took 3.46s 
74768      INFO  main            d.u.i.k.p.i.AbstractProblemLoader Replaying proof Simple[Simple::unnecessaryBlockContract()].JML operation contract.0 
74796      DEBUG main            d.u.i.k.p.i.IntermediateProofReplayer Proof replay took 25.49ms 
74797      DEBUG main            d.u.i.k.p.r.p.TestFile    ... success: reloaded. 
74798      INFO  main            d.u.i.k.p.r.p.TestFile    Now processing file /home/runner/work/key/key/key.core/../key.ui/examples/heap/block_contracts/Simple__unnecessaryLoopInvariant.key 
74799      INFO  main            d.u.i.k.p.i.AbstractProblemLoader Loading environment from /home/runner/work/key/key/key.core/../key.ui/examples/heap/block_contracts/Simple__unnecessaryLoopInvariant.key 
74799      DEBUG main            d.u.i.k.p.i.AbstractProblemLoader Environment load took 112.61ns 
74800      INFO  main            d.u.i.k.p.i.AbstractProblemLoader Creating init config 
78190      DEBUG main            d.u.i.k.p.i.AbstractProblemLoader Init config took 3.39s 
78243      INFO  main            d.u.i.k.p.i.AbstractProblemLoader Replaying proof Simple[Simple::unnecessaryLoopInvariant()].JML operation contract.0 
78245      DEBUG main            d.u.i.k.p.i.IntermediateProofReplayer Proof replay took 13.5ns 
78347      INFO  main            d.u.i.k.p.r.p.TestFile    ... finished proof: closed. 
78586      INFO  main            d.u.i.k.p.i.AbstractProblemLoader Loading environment from /home/runner/work/key/key/key.core/../key.ui/examples/heap/block_contracts/Simple__unnecessaryLoopInvariant.key.proof 
78586      DEBUG main            d.u.i.k.p.i.AbstractProblemLoader Environment load took 129.81ns 
78587      INFO  main            d.u.i.k.p.i.AbstractProblemLoader Creating init config 
82123      DEBUG main            d.u.i.k.p.i.AbstractProblemLoader Init config took 3.54s 
82172      INFO  main            d.u.i.k.p.i.AbstractProblemLoader Replaying proof Simple[Simple::unnecessaryLoopInvariant()].JML operation contract.0 
82192      DEBUG main            d.u.i.k.p.i.IntermediateProofReplayer Proof replay took 15.45ms 
82193      DEBUG main            d.u.i.k.p.r.p.TestFile    ... success: reloaded. 
82195      INFO  main            d.u.i.k.p.r.p.TestFile    Now processing file /home/runner/work/key/key/key.core/../key.ui/examples/standard_key/java_dl/jml-assert/assert.key 
82195      INFO  main            d.u.i.k.p.i.AbstractProblemLoader Loading environment from /home/runner/work/key/key/key.core/../key.ui/examples/standard_key/java_dl/jml-assert/assert.key 
82196      DEBUG main            d.u.i.k.p.i.AbstractProblemLoader Environment load took 314.82ns 
82197      INFO  main            d.u.i.k.p.i.AbstractProblemLoader Creating init config 
85328      DEBUG main            d.u.i.k.p.i.AbstractProblemLoader Init config took 3.13s 
85375      INFO  main            d.u.i.k.p.i.AbstractProblemLoader Replaying proof Assert[Assert::createArray(int)].JML normal_behavior operation contract.0 
85377      DEBUG main            d.u.i.k.p.i.IntermediateProofReplayer Proof replay took 6.7ns 
85579      INFO  main            d.u.i.k.p.r.p.TestFile    ... finished proof: closed. 
85816      INFO  main            d.u.i.k.p.i.AbstractProblemLoader Loading environment from /home/runner/work/key/key/key.core/../key.ui/examples/standard_key/java_dl/jml-assert/assert.key.proof 
85816      DEBUG main            d.u.i.k.p.i.AbstractProblemLoader Environment load took 135.11ns 
85817      INFO  main            d.u.i.k.p.i.AbstractProblemLoader Creating init config 
88916      DEBUG main            d.u.i.k.p.i.AbstractProblemLoader Init config took 3.1s 
88964      INFO  main            d.u.i.k.p.i.AbstractProblemLoader Replaying proof Assert[Assert::createArray(int)].JML normal_behavior operation contract.0 
89045      DEBUG main            d.u.i.k.p.i.IntermediateProofReplayer Proof replay took 77.18ms 
89046      DEBUG main            d.u.i.k.p.r.p.TestFile    ... success: reloaded. 
89047      INFO  main            d.u.i.k.p.r.p.TestFile    Now processing file /home/runner/work/key/key/key.core/../key.ui/examples/standard_key/java_dl/jml-assert/assert_assume_order.key 
89048      INFO  main            d.u.i.k.p.i.AbstractProblemLoader Loading environment from /home/runner/work/key/key/key.core/../key.ui/examples/standard_key/java_dl/jml-assert/assert_assume_order.key 
89048      DEBUG main            d.u.i.k.p.i.AbstractProblemLoader Environment load took 112.21ns 
89049      INFO  main            d.u.i.k.p.i.AbstractProblemLoader Creating init config 
92248      DEBUG main            d.u.i.k.p.i.AbstractProblemLoader Init config took 3.2s 
92303      INFO  main            d.u.i.k.p.i.AbstractProblemLoader Replaying proof AssertAssume[AssertAssume::singleAssumeAssert(int)].JML normal_behavior operation contract.0 
92307      DEBUG main            d.u.i.k.p.i.IntermediateProofReplayer Proof replay took 10.4ns 
92411      INFO  main            d.u.i.k.p.r.p.TestFile    ... finished proof: closed. 
92646      INFO  main            d.u.i.k.p.i.AbstractProblemLoader Loading environment from /home/runner/work/key/key/key.core/../key.ui/examples/standard_key/java_dl/jml-assert/assert_assume_order.key.proof 
92646      DEBUG main            d.u.i.k.p.i.AbstractProblemLoader Environment load took 134.81ns 
92647      INFO  main            d.u.i.k.p.i.AbstractProblemLoader Creating init config 
95643      DEBUG main            d.u.i.k.p.i.AbstractProblemLoader Init config took 3s 
95685      INFO  main            d.u.i.k.p.i.AbstractProblemLoader Replaying proof AssertAssume[AssertAssume::singleAssumeAssert(int)].JML normal_behavior operation contract.0 
95696      DEBUG main            d.u.i.k.p.i.IntermediateProofReplayer Proof replay took 9.35ms 
95700      DEBUG main            d.u.i.k.p.r.p.TestFile    ... success: reloaded. 
95701      INFO  main            d.u.i.k.p.r.p.TestFile    Now processing file /home/runner/work/key/key/key.core/../key.ui/examples/heap/block_loop_contracts/SimpleVariants/sum_onBlock_external.key 
95702      INFO  main            d.u.i.k.p.i.AbstractProblemLoader Loading environment from /home/runner/work/key/key/key.core/../key.ui/examples/heap/block_loop_contracts/SimpleVariants/sum_onBlock_external.key 
95702      DEBUG main            d.u.i.k.p.i.AbstractProblemLoader Environment load took 138.51ns 
95703      INFO  main            d.u.i.k.p.i.AbstractProblemLoader Creating init config 
99059      DEBUG main            d.u.i.k.p.i.AbstractProblemLoader Init config took 3.36s 
99101      INFO  main            d.u.i.k.p.i.AbstractProblemLoader Replaying proof LoopContractExamplesAll[LoopContractExamplesAll::sum_loopContract_onBlock([I)].JML normal_behavior operation contract.0 
99103      DEBUG main            d.u.i.k.p.i.IntermediateProofReplayer Proof replay took 13.8ns 
99206      INFO  main            d.u.i.k.p.r.p.TestFile    ... finished proof: closed. 
99471      INFO  main            d.u.i.k.p.i.AbstractProblemLoader Loading environment from /home/runner/work/key/key/key.core/../key.ui/examples/heap/block_loop_contracts/SimpleVariants/sum_onBlock_external.key.proof 
99471      DEBUG main            d.u.i.k.p.i.AbstractProblemLoader Environment load took 137.71ns 
99472      INFO  main            d.u.i.k.p.i.AbstractProblemLoader Creating init config 
102752     DEBUG main            d.u.i.k.p.i.AbstractProblemLoader Init config took 3.28s 
102798     INFO  main            d.u.i.k.p.i.AbstractProblemLoader Replaying proof LoopContractExamplesAll[LoopContractExamplesAll::sum_loopContract_onBlock([I)].JML normal_behavior operation contract.0 
102844     DEBUG main            d.u.i.k.p.i.IntermediateProofReplayer Proof replay took 42.12ms 
102845     DEBUG main            d.u.i.k.p.r.p.TestFile    ... success: reloaded. 
102847     INFO  main            d.u.i.k.p.r.p.TestFile    Now processing file /home/runner/work/key/key/key.core/../key.ui/examples/heap/block_loop_contracts/SimpleVariants/sum_onBlock_internal.key 
102847     INFO  main            d.u.i.k.p.i.AbstractProblemLoader Loading environment from /home/runner/work/key/key/key.core/../key.ui/examples/heap/block_loop_contracts/SimpleVariants/sum_onBlock_internal.key 
102847     DEBUG main            d.u.i.k.p.i.AbstractProblemLoader Environment load took 267.72ns 
102848     INFO  main            d.u.i.k.p.i.AbstractProblemLoader Creating init config 
106115     DEBUG main            d.u.i.k.p.i.AbstractProblemLoader Init config took 3.27s 
106155     INFO  main            d.u.i.k.p.i.AbstractProblemLoader Replaying proof LoopContractExamplesAll[LoopContractExamplesAll::sum_loopContract_onBlock([I)].JML normal_behavior operation contract.0 
106158     DEBUG main            d.u.i.k.p.i.IntermediateProofReplayer Proof replay took 13.7ns 
106962     INFO  main            d.u.i.k.p.r.p.TestFile    ... finished proof: closed. 
107280     INFO  main            d.u.i.k.p.i.AbstractProblemLoader Loading environment from /home/runner/work/key/key/key.core/../key.ui/examples/heap/block_loop_contracts/SimpleVariants/sum_onBlock_internal.key.proof 
107280     DEBUG main            d.u.i.k.p.i.AbstractProblemLoader Environment load took 618.94ns 
107282     INFO  main            d.u.i.k.p.i.AbstractProblemLoader Creating init config 
110442     DEBUG main            d.u.i.k.p.i.AbstractProblemLoader Init config took 3.16s 
110481     INFO  main            d.u.i.k.p.i.AbstractProblemLoader Replaying proof LoopContractExamplesAll[LoopContractExamplesAll::sum_loopContract_onBlock([I)].JML normal_behavior operation contract.0 
110765     DEBUG main            d.u.i.k.p.i.IntermediateProofReplayer Proof replay took 279.75ms 
110767     DEBUG main            d.u.i.k.p.r.p.TestFile    ... success: reloaded. 
110768     INFO  main            d.u.i.k.p.r.p.TestFile    Now processing file /home/runner/work/key/key/key.core/../key.ui/examples/heap/block_loop_contracts/SimpleVariants/sum_onBlock_loop.key 
110768     INFO  main            d.u.i.k.p.i.AbstractProblemLoader Loading environment from /home/runner/work/key/key/key.core/../key.ui/examples/heap/block_loop_contracts/SimpleVariants/sum_onBlock_loop.key 
110769     DEBUG main            d.u.i.k.p.i.AbstractProblemLoader Environment load took 310.72ns 
110770     INFO  main            d.u.i.k.p.i.AbstractProblemLoader Creating init config 
114057     DEBUG main            d.u.i.k.p.i.AbstractProblemLoader Init config took 3.29s 
114101     INFO  main            d.u.i.k.p.i.AbstractProblemLoader Replaying proof LoopContractExamplesAll[LoopContractExamplesAll::sum_loopContract_onBlock([I)].JML normal_behavior loop contract.0 
114103     DEBUG main            d.u.i.k.p.i.IntermediateProofReplayer Proof replay took 29.6ns 
115008     INFO  main            d.u.i.k.p.r.p.TestFile    ... finished proof: closed. 
115338     INFO  main            d.u.i.k.p.i.AbstractProblemLoader Loading environment from /home/runner/work/key/key/key.core/../key.ui/examples/heap/block_loop_contracts/SimpleVariants/sum_onBlock_loop.key.proof 
115339     DEBUG main            d.u.i.k.p.i.AbstractProblemLoader Environment load took 568.24ns 
115340     INFO  main            d.u.i.k.p.i.AbstractProblemLoader Creating init config 
118650     DEBUG main            d.u.i.k.p.i.AbstractProblemLoader Init config took 3.31s 
118692     INFO  main            d.u.i.k.p.i.AbstractProblemLoader Replaying proof LoopContractExamplesAll[LoopContractExamplesAll::sum_loopContract_onBlock([I)].JML normal_behavior loop contract.0 
119010     DEBUG main            d.u.i.k.p.i.IntermediateProofReplayer Proof replay took 310.3ms 
119011     DEBUG main            d.u.i.k.p.r.p.TestFile    ... success: reloaded. 
119012     INFO  main            d.u.i.k.p.r.p.TestFile    Now processing file /home/runner/work/key/key/key.core/../key.ui/examples/heap/block_loop_contracts/SimpleVariants/sum_onLoop_external.key 
119013     INFO  main            d.u.i.k.p.i.AbstractProblemLoader Loading environment from /home/runner/work/key/key/key.core/../key.ui/examples/heap/block_loop_contracts/SimpleVariants/sum_onLoop_external.key 
119013     DEBUG main            d.u.i.k.p.i.AbstractProblemLoader Environment load took 294.72ns 
119015     INFO  main            d.u.i.k.p.i.AbstractProblemLoader Creating init config 
122316     DEBUG main            d.u.i.k.p.i.AbstractProblemLoader Init config took 3.3s 
122357     INFO  main            d.u.i.k.p.i.AbstractProblemLoader Replaying proof LoopContractExamplesAll[LoopContractExamplesAll::sum_loopContract_onLoop([I)].JML normal_behavior operation contract.0 
122360     DEBUG main            d.u.i.k.p.i.IntermediateProofReplayer Proof replay took 13.1ns 
122462     INFO  main            d.u.i.k.p.r.p.TestFile    ... finished proof: closed. 
122790     INFO  main            d.u.i.k.p.i.AbstractProblemLoader Loading environment from /home/runner/work/key/key/key.core/../key.ui/examples/heap/block_loop_contracts/SimpleVariants/sum_onLoop_external.key.proof 
122790     DEBUG main            d.u.i.k.p.i.AbstractProblemLoader Environment load took 129.11ns 
122791     INFO  main            d.u.i.k.p.i.AbstractProblemLoader Creating init config 
125933     DEBUG main            d.u.i.k.p.i.AbstractProblemLoader Init config took 3.14s 
125972     INFO  main            d.u.i.k.p.i.AbstractProblemLoader Replaying proof LoopContractExamplesAll[LoopContractExamplesAll::sum_loopContract_onLoop([I)].JML normal_behavior operation contract.0 
126006     DEBUG main            d.u.i.k.p.i.IntermediateProofReplayer Proof replay took 31.65ms 
126007     DEBUG main            d.u.i.k.p.r.p.TestFile    ... success: reloaded. 
126008     INFO  main            d.u.i.k.p.r.p.TestFile    Now processing file /home/runner/work/key/key/key.core/../key.ui/examples/heap/block_loop_contracts/SimpleVariants/sum_onLoop_internal.key 
126008     INFO  main            d.u.i.k.p.i.AbstractProblemLoader Loading environment from /home/runner/work/key/key/key.core/../key.ui/examples/heap/block_loop_contracts/SimpleVariants/sum_onLoop_internal.key 
126008     DEBUG main            d.u.i.k.p.i.AbstractProblemLoader Environment load took 92.71ns 
126010     INFO  main            d.u.i.k.p.i.AbstractProblemLoader Creating init config 
129306     DEBUG main            d.u.i.k.p.i.AbstractProblemLoader Init config took 3.3s 
129344     INFO  main            d.u.i.k.p.i.AbstractProblemLoader Replaying proof LoopContractExamplesAll[LoopContractExamplesAll::sum_loopContract_onLoop([I)].JML normal_behavior operation contract.0 
129346     DEBUG main            d.u.i.k.p.i.IntermediateProofReplayer Proof replay took 14.7ns 
130056     INFO  main            d.u.i.k.p.r.p.TestFile    ... finished proof: closed. 
130426     INFO  main            d.u.i.k.p.i.AbstractProblemLoader Loading environment from /home/runner/work/key/key/key.core/../key.ui/examples/heap/block_loop_contracts/SimpleVariants/sum_onLoop_internal.key.proof 
130433     DEBUG main            d.u.i.k.p.i.AbstractProblemLoader Environment load took 7.29ms 
130435     INFO  main            d.u.i.k.p.i.AbstractProblemLoader Creating init config 
133587     DEBUG main            d.u.i.k.p.i.AbstractProblemLoader Init config took 3.15s 
133630     INFO  main            d.u.i.k.p.i.AbstractProblemLoader Replaying proof LoopContractExamplesAll[LoopContractExamplesAll::sum_loopContract_onLoop([I)].JML normal_behavior operation contract.0 
133943     DEBUG main            d.u.i.k.p.i.IntermediateProofReplayer Proof replay took 305.98ms 
133944     DEBUG main            d.u.i.k.p.r.p.TestFile    ... success: reloaded. 
133946     INFO  main            d.u.i.k.p.r.p.TestFile    Now processing file /home/runner/work/key/key/key.core/../key.ui/examples/heap/block_loop_contracts/SimpleVariants/sum_onLoop_loop.key 
133946     INFO  main            d.u.i.k.p.i.AbstractProblemLoader Loading environment from /home/runner/work/key/key/key.core/../key.ui/examples/heap/block_loop_contracts/SimpleVariants/sum_onLoop_loop.key 
133946     DEBUG main            d.u.i.k.p.i.AbstractProblemLoader Environment load took 270.72ns 
133948     INFO  main            d.u.i.k.p.i.AbstractProblemLoader Creating init config 
137383     DEBUG main            d.u.i.k.p.i.AbstractProblemLoader Init config took 3.44s 
137423     INFO  main            d.u.i.k.p.i.AbstractProblemLoader Replaying proof LoopContractExamplesAll[LoopContractExamplesAll::sum_loopContract_onLoop([I)].JML normal_behavior loop contract.0 
137429     DEBUG main            d.u.i.k.p.i.IntermediateProofReplayer Proof replay took 12.7ns 
138277     INFO  main            d.u.i.k.p.r.p.TestFile    ... finished proof: closed. 
138600     INFO  main            d.u.i.k.p.i.AbstractProblemLoader Loading environment from /home/runner/work/key/key/key.core/../key.ui/examples/heap/block_loop_contracts/SimpleVariants/sum_onLoop_loop.key.proof 
138605     DEBUG main            d.u.i.k.p.i.AbstractProblemLoader Environment load took 5.14ms 
138608     INFO  main            d.u.i.k.p.i.AbstractProblemLoader Creating init config 
141787     DEBUG main            d.u.i.k.p.i.AbstractProblemLoader Init config took 3.18s 
141828     INFO  main            d.u.i.k.p.i.AbstractProblemLoader Replaying proof LoopContractExamplesAll[LoopContractExamplesAll::sum_loopContract_onLoop([I)].JML normal_behavior loop contract.0 
142107     DEBUG main            d.u.i.k.p.i.IntermediateProofReplayer Proof replay took 274.45ms 
142108     DEBUG main            d.u.i.k.p.r.p.TestFile    ... success: reloaded. 
142109     INFO  main            d.u.i.k.p.r.p.TestFile    Now processing file /home/runner/work/key/key/key.core/../key.ui/examples/heap/block_loop_contracts/Free/blockContracts0.key 
142109     INFO  main            d.u.i.k.p.i.AbstractProblemLoader Loading environment from /home/runner/work/key/key/key.core/../key.ui/examples/heap/block_loop_contracts/Free/blockContracts0.key 
142110     DEBUG main            d.u.i.k.p.i.AbstractProblemLoader Environment load took 257.32ns 
142111     INFO  main            d.u.i.k.p.i.AbstractProblemLoader Creating init config 
144993     DEBUG main            d.u.i.k.p.i.AbstractProblemLoader Init config took 2.88s 
145032     INFO  main            d.u.i.k.p.i.AbstractProblemLoader Replaying proof FreeConditions[FreeConditions::blockContract0()].JML normal_behavior operation contract.0 
145033     DEBUG main            d.u.i.k.p.i.IntermediateProofReplayer Proof replay took 12.5ns 
145239     INFO  main            d.u.i.k.p.r.p.TestFile    ... finished proof: closed. 
145539     INFO  main            d.u.i.k.p.i.AbstractProblemLoader Loading environment from /home/runner/work/key/key/key.core/../key.ui/examples/heap/block_loop_contracts/Free/blockContracts0.key.proof 
145539     DEBUG main            d.u.i.k.p.i.AbstractProblemLoader Environment load took 116.81ns 
145540     INFO  main            d.u.i.k.p.i.AbstractProblemLoader Creating init config 
148304     DEBUG main            d.u.i.k.p.i.AbstractProblemLoader Init config took 2.76s 
148342     INFO  main            d.u.i.k.p.i.AbstractProblemLoader Replaying proof FreeConditions[FreeConditions::blockContract0()].JML normal_behavior operation contract.0 
148367     DEBUG main            d.u.i.k.p.i.IntermediateProofReplayer Proof replay took 22.37ms 
148368     DEBUG main            d.u.i.k.p.r.p.TestFile    ... success: reloaded. 
148369     INFO  main            d.u.i.k.p.r.p.TestFile    Now processing file /home/runner/work/key/key/key.core/../key.ui/examples/heap/block_loop_contracts/Free/blockContracts1.key 
148369     INFO  main            d.u.i.k.p.i.AbstractProblemLoader Loading environment from /home/runner/work/key/key/key.core/../key.ui/examples/heap/block_loop_contracts/Free/blockContracts1.key 
148369     DEBUG main            d.u.i.k.p.i.AbstractProblemLoader Environment load took 101.91ns 
148370     INFO  main            d.u.i.k.p.i.AbstractProblemLoader Creating init config 
151282     DEBUG main            d.u.i.k.p.i.AbstractProblemLoader Init config took 2.91s 
151320     INFO  main            d.u.i.k.p.i.AbstractProblemLoader Replaying proof FreeConditions[FreeConditions::blockContract1()].JML normal_behavior operation contract.0 
151322     DEBUG main            d.u.i.k.p.i.IntermediateProofReplayer Proof replay took 15.4ns 
151426     INFO  main            d.u.i.k.p.r.p.TestFile    ... finished proof: closed. 
151766     INFO  main            d.u.i.k.p.i.AbstractProblemLoader Loading environment from /home/runner/work/key/key/key.core/../key.ui/examples/heap/block_loop_contracts/Free/blockContracts1.key.proof 
151766     DEBUG main            d.u.i.k.p.i.AbstractProblemLoader Environment load took 123.41ns 
151767     INFO  main            d.u.i.k.p.i.AbstractProblemLoader Creating init config 
154585     DEBUG main            d.u.i.k.p.i.AbstractProblemLoader Init config took 2.82s 
154623     INFO  main            d.u.i.k.p.i.AbstractProblemLoader Replaying proof FreeConditions[FreeConditions::blockContract1()].JML normal_behavior operation contract.0 
154644     DEBUG main            d.u.i.k.p.i.IntermediateProofReplayer Proof replay took 18.98ms 
154645     DEBUG main            d.u.i.k.p.r.p.TestFile    ... success: reloaded. 
154646     INFO  main            d.u.i.k.p.r.p.TestFile    Now processing file /home/runner/work/key/key/key.core/../key.ui/examples/heap/block_loop_contracts/Finally/block_finally.key 
154646     INFO  main            d.u.i.k.p.i.AbstractProblemLoader Loading environment from /home/runner/work/key/key/key.core/../key.ui/examples/heap/block_loop_contracts/Finally/block_finally.key 
154646     DEBUG main            d.u.i.k.p.i.AbstractProblemLoader Environment load took 108.41ns 
154647     INFO  main            d.u.i.k.p.i.AbstractProblemLoader Creating init config 
157612     DEBUG main            d.u.i.k.p.i.AbstractProblemLoader Init config took 2.97s 
157654     INFO  main            d.u.i.k.p.i.AbstractProblemLoader Replaying proof AuxiliaryContractsFinally[AuxiliaryContractsFinally::breakThrowContinueBlockContract(java.lang.Exception)].JML block contract.0 
157655     DEBUG main            d.u.i.k.p.i.IntermediateProofReplayer Proof replay took 12.5ns 
158259     INFO  main            d.u.i.k.p.r.p.TestFile    ... finished proof: open goal(s) 
158618     INFO  main            d.u.i.k.p.r.p.TestFile    Now processing file /home/runner/work/key/key/key.core/../key.ui/examples/heap/block_loop_contracts/Finally/loop_finally.key 
158618     INFO  main            d.u.i.k.p.i.AbstractProblemLoader Loading environment from /home/runner/work/key/key/key.core/../key.ui/examples/heap/block_loop_contracts/Finally/loop_finally.key 
158618     DEBUG main            d.u.i.k.p.i.AbstractProblemLoader Environment load took 60.7ns 
158619     INFO  main            d.u.i.k.p.i.AbstractProblemLoader Creating init config 
161540     DEBUG main            d.u.i.k.p.i.AbstractProblemLoader Init config took 2.92s 
161583     INFO  main            d.u.i.k.p.i.AbstractProblemLoader Replaying proof AuxiliaryContractsFinally[AuxiliaryContractsFinally::breakThrowContinueLoopContract(java.lang.Exception)].JML normal_behavior loop contract.0 
161585     DEBUG main            d.u.i.k.p.i.IntermediateProofReplayer Proof replay took 14.8ns 
162303     INFO  main            d.u.i.k.p.r.p.TestFile    ... finished proof: open goal(s) 
765009     INFO  Test worker     d.u.i.k.p.r.RunAllProofsTestUnit Returning from test blockContracts 
765011     INFO  Test worker     d.u.i.k.p.r.RunAllProofsTestUnit Running test jmlAsserts 
435        INFO  Timeout watchdog d.u.i.k.p.r.p.ForkedTestFileRunner Timeout watcher launched (2000 secs.) 
443        WARN  main            d.u.i.k.s.ProofSettings   The settings in /home/runner/.key/proof-settings.props are *not* read. 
493        INFO  main            d.u.i.k.p.r.p.TestFile    Now processing file /home/runner/work/key/key/key.core/../key.ui/examples/standard_key/java_dl/jml-assert/assert.key 
620        INFO  main            d.u.i.k.p.i.AbstractProblemLoader Loading environment from /home/runner/work/key/key/key.core/../key.ui/examples/standard_key/java_dl/jml-assert/assert.key 
639        DEBUG main            d.u.i.k.p.i.AbstractProblemLoader Environment load took 2.31ms 
924        INFO  main            d.u.i.k.p.i.AbstractProblemLoader Creating init config 
2183       DEBUG main            d.u.i.k.j.TypeConverter   No LDT found for Meta 
2184       DEBUG main            d.u.i.k.j.TypeConverter   No LDT found for Meta 
2187       DEBUG main            d.u.i.k.j.TypeConverter   No LDT found for Meta 
2187       DEBUG main            d.u.i.k.j.TypeConverter   No LDT found for Meta 
3701       DEBUG main            d.u.i.k.j.TypeConverter   No LDT found for JavaBigintExpression 
9747       DEBUG main            d.u.i.k.p.i.AbstractProblemLoader Init config took 8.82s 
9905       INFO  main            d.u.i.k.p.i.AbstractProblemLoader Replaying proof Assert[Assert::createArray(int)].JML normal_behavior operation contract.0 
9947       DEBUG main            d.u.i.k.p.i.IntermediateProofReplayer Proof replay took 56.6ns 
11089      INFO  main            d.u.i.k.p.r.p.TestFile    ... finished proof: closed. 
11231      INFO  main            d.u.i.k.p.i.AbstractProblemLoader Loading environment from /home/runner/work/key/key/key.core/../key.ui/examples/standard_key/java_dl/jml-assert/assert.key.proof 
11233      DEBUG main            d.u.i.k.p.i.AbstractProblemLoader Environment load took 1.62ms 
11237      INFO  main            d.u.i.k.p.i.AbstractProblemLoader Creating init config 
14764      DEBUG main            d.u.i.k.p.i.AbstractProblemLoader Init config took 3.53s 
14878      INFO  main            d.u.i.k.p.i.AbstractProblemLoader Replaying proof Assert[Assert::createArray(int)].JML normal_behavior operation contract.0 
15062      DEBUG main            d.u.i.k.p.i.IntermediateProofReplayer Proof replay took 170.17ms 
15071      DEBUG main            d.u.i.k.p.r.p.TestFile    ... success: reloaded. 
15075      INFO  main            d.u.i.k.p.r.p.TestFile    Now processing file /home/runner/work/key/key/key.core/../key.ui/examples/heap/block_loop_contracts/Free/assertions0.key 
15075      INFO  main            d.u.i.k.p.i.AbstractProblemLoader Loading environment from /home/runner/work/key/key/key.core/../key.ui/examples/heap/block_loop_contracts/Free/assertions0.key 
15075      DEBUG main            d.u.i.k.p.i.AbstractProblemLoader Environment load took 159.91ns 
15079      INFO  main            d.u.i.k.p.i.AbstractProblemLoader Creating init config 
18176      DEBUG main            d.u.i.k.p.i.AbstractProblemLoader Init config took 3.1s 
18243      INFO  main            d.u.i.k.p.i.AbstractProblemLoader Replaying proof FreeConditions[FreeConditions::assertions0()].JML normal_behavior operation contract.0 
18249      DEBUG main            d.u.i.k.p.i.IntermediateProofReplayer Proof replay took 18.3ns 
18455      INFO  main            d.u.i.k.p.r.p.TestFile    ... finished proof: closed. 
18617      INFO  main            d.u.i.k.p.i.AbstractProblemLoader Loading environment from /home/runner/work/key/key/key.core/../key.ui/examples/heap/block_loop_contracts/Free/assertions0.key.proof 
18621      DEBUG main            d.u.i.k.p.i.AbstractProblemLoader Environment load took 4.24ms 
18626      INFO  main            d.u.i.k.p.i.AbstractProblemLoader Creating init config 
21733      DEBUG main            d.u.i.k.p.i.AbstractProblemLoader Init config took 3.11s 
21817      INFO  main            d.u.i.k.p.i.AbstractProblemLoader Replaying proof FreeConditions[FreeConditions::assertions0()].JML normal_behavior operation contract.0 
21848      DEBUG main            d.u.i.k.p.i.IntermediateProofReplayer Proof replay took 27.48ms 
21849      DEBUG main            d.u.i.k.p.r.p.TestFile    ... success: reloaded. 
21851      INFO  main            d.u.i.k.p.r.p.TestFile    Now processing file /home/runner/work/key/key/key.core/../key.ui/examples/heap/block_loop_contracts/Free/assertions1.key 
21852      INFO  main            d.u.i.k.p.i.AbstractProblemLoader Loading environment from /home/runner/work/key/key/key.core/../key.ui/examples/heap/block_loop_contracts/Free/assertions1.key 
21852      DEBUG main            d.u.i.k.p.i.AbstractProblemLoader Environment load took 308.82ns 
21853      INFO  main            d.u.i.k.p.i.AbstractProblemLoader Creating init config 
24822      DEBUG main            d.u.i.k.p.i.AbstractProblemLoader Init config took 2.97s 
24889      INFO  main            d.u.i.k.p.i.AbstractProblemLoader Replaying proof FreeConditions[FreeConditions::assertions1()].JML normal_behavior operation contract.0 
24892      DEBUG main            d.u.i.k.p.i.IntermediateProofReplayer Proof replay took 28.6ns 
24998      INFO  main            d.u.i.k.p.r.p.TestFile    ... finished proof: closed. 
25179      INFO  main            d.u.i.k.p.i.AbstractProblemLoader Loading environment from /home/runner/work/key/key/key.core/../key.ui/examples/heap/block_loop_contracts/Free/assertions1.key.proof 
25179      DEBUG main            d.u.i.k.p.i.AbstractProblemLoader Environment load took 140.21ns 
25184      INFO  main            d.u.i.k.p.i.AbstractProblemLoader Creating init config 
28126      DEBUG main            d.u.i.k.p.i.AbstractProblemLoader Init config took 2.94s 
28176      INFO  main            d.u.i.k.p.i.AbstractProblemLoader Replaying proof FreeConditions[FreeConditions::assertions1()].JML normal_behavior operation contract.0 
28184      DEBUG main            d.u.i.k.p.i.IntermediateProofReplayer Proof replay took 6.22ms 
28186      DEBUG main            d.u.i.k.p.r.p.TestFile    ... success: reloaded. 
28187      INFO  main            d.u.i.k.p.r.p.TestFile    Now processing file /home/runner/work/key/key/key.core/../key.ui/examples/standard_key/java_dl/jml-assert/recursion-assert.key 
28188      INFO  main            d.u.i.k.p.i.AbstractProblemLoader Loading environment from /home/runner/work/key/key/key.core/../key.ui/examples/standard_key/java_dl/jml-assert/recursion-assert.key 
28188      DEBUG main            d.u.i.k.p.i.AbstractProblemLoader Environment load took 278.42ns 
28189      INFO  main            d.u.i.k.p.i.AbstractProblemLoader Creating init config 
31299      DEBUG main            d.u.i.k.p.i.AbstractProblemLoader Init config took 3.11s 
31349      INFO  main            d.u.i.k.p.i.AbstractProblemLoader Replaying proof RecursiveMethod[RecursiveMethod::fac1(int)].JML normal_behavior operation contract.0 
31352      DEBUG main            d.u.i.k.p.i.IntermediateProofReplayer Proof replay took 7.3ns 
31559      INFO  main            d.u.i.k.p.r.p.TestFile    ... finished proof: closed. 
31750      INFO  main            d.u.i.k.p.i.AbstractProblemLoader Loading environment from /home/runner/work/key/key/key.core/../key.ui/examples/standard_key/java_dl/jml-assert/recursion-assert.key.proof 
31751      DEBUG main            d.u.i.k.p.i.AbstractProblemLoader Environment load took 560.34ns 
31752      INFO  main            d.u.i.k.p.i.AbstractProblemLoader Creating init config 
34784      DEBUG main            d.u.i.k.p.i.AbstractProblemLoader Init config took 3.03s 
34833      INFO  main            d.u.i.k.p.i.AbstractProblemLoader Replaying proof RecursiveMethod[RecursiveMethod::fac1(int)].JML normal_behavior operation contract.0 
34882      DEBUG main            d.u.i.k.p.i.IntermediateProofReplayer Proof replay took 46.49ms 
34884      DEBUG main            d.u.i.k.p.r.p.TestFile    ... success: reloaded. 
34885      INFO  main            d.u.i.k.p.r.p.TestFile    Now processing file /home/runner/work/key/key/key.core/../key.ui/examples/standard_key/java_dl/jml-assert/recursion-assume.key 
34885      INFO  main            d.u.i.k.p.i.AbstractProblemLoader Loading environment from /home/runner/work/key/key/key.core/../key.ui/examples/standard_key/java_dl/jml-assert/recursion-assume.key 
34886      DEBUG main            d.u.i.k.p.i.AbstractProblemLoader Environment load took 268.62ns 
34887      INFO  main            d.u.i.k.p.i.AbstractProblemLoader Creating init config 
37935      DEBUG main            d.u.i.k.p.i.AbstractProblemLoader Init config took 3.05s 
37985      INFO  main            d.u.i.k.p.i.AbstractProblemLoader Replaying proof RecursiveMethod[RecursiveMethod::fac2(int)].JML normal_behavior operation contract.0 
37987      DEBUG main            d.u.i.k.p.i.IntermediateProofReplayer Proof replay took 8.5ns 
38190      INFO  main            d.u.i.k.p.r.p.TestFile    ... finished proof: closed. 
38390      INFO  main            d.u.i.k.p.i.AbstractProblemLoader Loading environment from /home/runner/work/key/key/key.core/../key.ui/examples/standard_key/java_dl/jml-assert/recursion-assume.key.proof 
38391      DEBUG main            d.u.i.k.p.i.AbstractProblemLoader Environment load took 685.24ns 
38392      INFO  main            d.u.i.k.p.i.AbstractProblemLoader Creating init config 
41334      DEBUG main            d.u.i.k.p.i.AbstractProblemLoader Init config took 2.94s 
41383      INFO  main            d.u.i.k.p.i.AbstractProblemLoader Replaying proof RecursiveMethod[RecursiveMethod::fac2(int)].JML normal_behavior operation contract.0 
41429      DEBUG main            d.u.i.k.p.i.IntermediateProofReplayer Proof replay took 42.46ms 
41430      DEBUG main            d.u.i.k.p.r.p.TestFile    ... success: reloaded. 
41431      INFO  main            d.u.i.k.p.r.p.TestFile    Now processing file /home/runner/work/key/key/key.core/../key.ui/examples/standard_key/java_dl/jml-assert/quantor-assert.key 
41432      INFO  main            d.u.i.k.p.i.AbstractProblemLoader Loading environment from /home/runner/work/key/key/key.core/../key.ui/examples/standard_key/java_dl/jml-assert/quantor-assert.key 
41432      DEBUG main            d.u.i.k.p.i.AbstractProblemLoader Environment load took 315.12ns 
41433      INFO  main            d.u.i.k.p.i.AbstractProblemLoader Creating init config 
44573      DEBUG main            d.u.i.k.p.i.AbstractProblemLoader Init config took 3.14s 
44636      INFO  main            d.u.i.k.p.i.AbstractProblemLoader Replaying proof Quantor[Quantor::square1(int)].JML normal_behavior operation contract.0 
44638      DEBUG main            d.u.i.k.p.i.IntermediateProofReplayer Proof replay took 8.4ns 
44740      INFO  main            d.u.i.k.p.r.p.TestFile    ... finished proof: closed. 
44949      INFO  main            d.u.i.k.p.i.AbstractProblemLoader Loading environment from /home/runner/work/key/key/key.core/../key.ui/examples/standard_key/java_dl/jml-assert/quantor-assert.key.proof 
44949      DEBUG main            d.u.i.k.p.i.AbstractProblemLoader Environment load took 145.71ns 
44950      INFO  main            d.u.i.k.p.i.AbstractProblemLoader Creating init config 
47909      DEBUG main            d.u.i.k.p.i.AbstractProblemLoader Init config took 2.96s 
47968      INFO  main            d.u.i.k.p.i.AbstractProblemLoader Replaying proof Quantor[Quantor::square1(int)].JML normal_behavior operation contract.0 
47989      DEBUG main            d.u.i.k.p.i.IntermediateProofReplayer Proof replay took 19.01ms 
47991      DEBUG main            d.u.i.k.p.r.p.TestFile    ... success: reloaded. 
47992      INFO  main            d.u.i.k.p.r.p.TestFile    Now processing file /home/runner/work/key/key/key.core/../key.ui/examples/standard_key/java_dl/jml-assert/quantor-assume.key 
47993      INFO  main            d.u.i.k.p.i.AbstractProblemLoader Loading environment from /home/runner/work/key/key/key.core/../key.ui/examples/standard_key/java_dl/jml-assert/quantor-assume.key 
47993      DEBUG main            d.u.i.k.p.i.AbstractProblemLoader Environment load took 277.62ns 
47994      INFO  main            d.u.i.k.p.i.AbstractProblemLoader Creating init config 
51097      DEBUG main            d.u.i.k.p.i.AbstractProblemLoader Init config took 3.1s 
51145      INFO  main            d.u.i.k.p.i.AbstractProblemLoader Replaying proof Quantor[Quantor::square2(int)].JML normal_behavior operation contract.0 
51147      DEBUG main            d.u.i.k.p.i.IntermediateProofReplayer Proof replay took 9.7ns 
51249      INFO  main            d.u.i.k.p.r.p.TestFile    ... finished proof: closed. 
51513      INFO  main            d.u.i.k.p.i.AbstractProblemLoader Loading environment from /home/runner/work/key/key/key.core/../key.ui/examples/standard_key/java_dl/jml-assert/quantor-assume.key.proof 
51513      DEBUG main            d.u.i.k.p.i.AbstractProblemLoader Environment load took 163.81ns 
51514      INFO  main            d.u.i.k.p.i.AbstractProblemLoader Creating init config 
54539      DEBUG main            d.u.i.k.p.i.AbstractProblemLoader Init config took 3.02s 
54584      INFO  main            d.u.i.k.p.i.AbstractProblemLoader Replaying proof Quantor[Quantor::square2(int)].JML normal_behavior operation contract.0 
54603      DEBUG main            d.u.i.k.p.i.IntermediateProofReplayer Proof replay took 16.44ms 
54604      DEBUG main            d.u.i.k.p.r.p.TestFile    ... success: reloaded. 
54605      INFO  main            d.u.i.k.p.r.p.TestFile    Now processing file /home/runner/work/key/key/key.core/../key.ui/examples/standard_key/java_dl/jml-assert/model-methods-static-static.key 
54606      INFO  main            d.u.i.k.p.i.AbstractProblemLoader Loading environment from /home/runner/work/key/key/key.core/../key.ui/examples/standard_key/java_dl/jml-assert/model-methods-static-static.key 
54606      DEBUG main            d.u.i.k.p.i.AbstractProblemLoader Environment load took 277.92ns 
54607      INFO  main            d.u.i.k.p.i.AbstractProblemLoader Creating init config 
57607      DEBUG main            d.u.i.k.p.i.AbstractProblemLoader Init config took 3s 
57676      INFO  main            d.u.i.k.p.i.AbstractProblemLoader Replaying proof ModelMethods[ModelMethods::test1()].JML normal_behavior operation contract.0 
57678      DEBUG main            d.u.i.k.p.i.IntermediateProofReplayer Proof replay took 7.8ns 
57780      INFO  main            d.u.i.k.p.r.p.TestFile    ... finished proof: closed. 
58014      INFO  main            d.u.i.k.p.i.AbstractProblemLoader Loading environment from /home/runner/work/key/key/key.core/../key.ui/examples/standard_key/java_dl/jml-assert/model-methods-static-static.key.proof 
58015      DEBUG main            d.u.i.k.p.i.AbstractProblemLoader Environment load took 132.71ns 
58016      INFO  main            d.u.i.k.p.i.AbstractProblemLoader Creating init config 
61180      DEBUG main            d.u.i.k.p.i.AbstractProblemLoader Init config took 3.16s 
61270      INFO  main            d.u.i.k.p.i.AbstractProblemLoader Replaying proof ModelMethods[ModelMethods::test1()].JML normal_behavior operation contract.0 
61283      DEBUG main            d.u.i.k.p.i.IntermediateProofReplayer Proof replay took 9.74ms 
61286      DEBUG main            d.u.i.k.p.r.p.TestFile    ... success: reloaded. 
61289      INFO  main            d.u.i.k.p.r.p.TestFile    Now processing file /home/runner/work/key/key/key.core/../key.ui/examples/standard_key/java_dl/jml-assert/model-methods-instance-static.key 
61292      INFO  main            d.u.i.k.p.i.AbstractProblemLoader Loading environment from /home/runner/work/key/key/key.core/../key.ui/examples/standard_key/java_dl/jml-assert/model-methods-instance-static.key 
61292      DEBUG main            d.u.i.k.p.i.AbstractProblemLoader Environment load took 342.12ns 
61293      INFO  main            d.u.i.k.p.i.AbstractProblemLoader Creating init config 
64337      DEBUG main            d.u.i.k.p.i.AbstractProblemLoader Init config took 3.04s 
64382      INFO  main            d.u.i.k.p.i.AbstractProblemLoader Replaying proof ModelMethods[ModelMethods::test2()].JML normal_behavior operation contract.0 
64384      DEBUG main            d.u.i.k.p.i.IntermediateProofReplayer Proof replay took 9ns 
64490      INFO  main            d.u.i.k.p.r.p.TestFile    ... finished proof: closed. 
64719      INFO  main            d.u.i.k.p.i.AbstractProblemLoader Loading environment from /home/runner/work/key/key/key.core/../key.ui/examples/standard_key/java_dl/jml-assert/model-methods-instance-static.key.proof 
64719      DEBUG main            d.u.i.k.p.i.AbstractProblemLoader Environment load took 128.81ns 
64720      INFO  main            d.u.i.k.p.i.AbstractProblemLoader Creating init config 
67729      DEBUG main            d.u.i.k.p.i.AbstractProblemLoader Init config took 3.01s 
67779      INFO  main            d.u.i.k.p.i.AbstractProblemLoader Replaying proof ModelMethods[ModelMethods::test2()].JML normal_behavior operation contract.0 
67796      DEBUG main            d.u.i.k.p.i.IntermediateProofReplayer Proof replay took 11.72ms 
67798      DEBUG main            d.u.i.k.p.r.p.TestFile    ... success: reloaded. 
67799      INFO  main            d.u.i.k.p.r.p.TestFile    Now processing file /home/runner/work/key/key/key.core/../key.ui/examples/standard_key/java_dl/jml-assert/model-methods-instance-instance.key 
67800      INFO  main            d.u.i.k.p.i.AbstractProblemLoader Loading environment from /home/runner/work/key/key/key.core/../key.ui/examples/standard_key/java_dl/jml-assert/model-methods-instance-instance.key 
67801      DEBUG main            d.u.i.k.p.i.AbstractProblemLoader Environment load took 1.02ms 
67803      INFO  main            d.u.i.k.p.i.AbstractProblemLoader Creating init config 
70906      DEBUG main            d.u.i.k.p.i.AbstractProblemLoader Init config took 3.1s 
70949      INFO  main            d.u.i.k.p.i.AbstractProblemLoader Replaying proof ModelMethods[ModelMethods::test3()].JML normal_behavior operation contract.0 
70951      DEBUG main            d.u.i.k.p.i.IntermediateProofReplayer Proof replay took 8.2ns 
71054      INFO  main            d.u.i.k.p.r.p.TestFile    ... finished proof: closed. 
71293      INFO  main            d.u.i.k.p.i.AbstractProblemLoader Loading environment from /home/runner/work/key/key/key.core/../key.ui/examples/standard_key/java_dl/jml-assert/model-methods-instance-instance.key.proof 
71293      DEBUG main            d.u.i.k.p.i.AbstractProblemLoader Environment load took 134.31ns 
71294      INFO  main            d.u.i.k.p.i.AbstractProblemLoader Creating init config 
74207      DEBUG main            d.u.i.k.p.i.AbstractProblemLoader Init config took 2.91s 
74251      INFO  main            d.u.i.k.p.i.AbstractProblemLoader Replaying proof ModelMethods[ModelMethods::test3()].JML normal_behavior operation contract.0 
74264      DEBUG main            d.u.i.k.p.i.IntermediateProofReplayer Proof replay took 11.55ms 
74266      DEBUG main            d.u.i.k.p.r.p.TestFile    ... success: reloaded. 
74267      INFO  main            d.u.i.k.p.r.p.TestFile    Now processing file /home/runner/work/key/key/key.core/../key.ui/examples/standard_key/java_dl/jml-assert/model-methods-static-instance.key 
74267      INFO  main            d.u.i.k.p.i.AbstractProblemLoader Loading environment from /home/runner/work/key/key/key.core/../key.ui/examples/standard_key/java_dl/jml-assert/model-methods-static-instance.key 
74268      DEBUG main            d.u.i.k.p.i.AbstractProblemLoader Environment load took 268.22ns 
74269      INFO  main            d.u.i.k.p.i.AbstractProblemLoader Creating init config 
77291      DEBUG main            d.u.i.k.p.i.AbstractProblemLoader Init config took 3.02s 
77335      INFO  main            d.u.i.k.p.i.AbstractProblemLoader Replaying proof ModelMethods[ModelMethods::test4()].JML normal_behavior operation contract.0 
77336      DEBUG main            d.u.i.k.p.i.IntermediateProofReplayer Proof replay took 7.2ns 
77540      INFO  main            d.u.i.k.p.r.p.TestFile    ... finished proof: closed. 
77782      INFO  main            d.u.i.k.p.i.AbstractProblemLoader Loading environment from /home/runner/work/key/key/key.core/../key.ui/examples/standard_key/java_dl/jml-assert/model-methods-static-instance.key.proof 
77782      DEBUG main            d.u.i.k.p.i.AbstractProblemLoader Environment load took 140.91ns 
77783      INFO  main            d.u.i.k.p.i.AbstractProblemLoader Creating init config 
80778      DEBUG main            d.u.i.k.p.i.AbstractProblemLoader Init config took 3s 
80845      INFO  main            d.u.i.k.p.i.AbstractProblemLoader Replaying proof ModelMethods[ModelMethods::test4()].JML normal_behavior operation contract.0 
80884      DEBUG main            d.u.i.k.p.i.IntermediateProofReplayer Proof replay took 34.92ms 
80886      DEBUG main            d.u.i.k.p.r.p.TestFile    ... success: reloaded. 
80887      INFO  main            d.u.i.k.p.r.p.TestFile    Now processing file /home/runner/work/key/key/key.core/../key.ui/examples/standard_key/java_dl/jml-assert/assert-old/inc-field.key 
80887      INFO  main            d.u.i.k.p.i.AbstractProblemLoader Loading environment from /home/runner/work/key/key/key.core/../key.ui/examples/standard_key/java_dl/jml-assert/assert-old/inc-field.key 
80887      DEBUG main            d.u.i.k.p.i.AbstractProblemLoader Environment load took 77.7ns 
80888      INFO  main            d.u.i.k.p.i.AbstractProblemLoader Creating init config 
83721      DEBUG main            d.u.i.k.p.i.AbstractProblemLoader Init config took 2.83s 
83762      INFO  main            d.u.i.k.p.i.AbstractProblemLoader Replaying proof Inc[Inc::inc_field()].JML normal_behavior operation contract.0 
83763      DEBUG main            d.u.i.k.p.i.IntermediateProofReplayer Proof replay took 7.6ns 
83966      INFO  main            d.u.i.k.p.r.p.TestFile    ... finished proof: closed. 
84282      INFO  main            d.u.i.k.p.i.AbstractProblemLoader Loading environment from /home/runner/work/key/key/key.core/../key.ui/examples/standard_key/java_dl/jml-assert/assert-old/inc-field.key.proof 
84282      DEBUG main            d.u.i.k.p.i.AbstractProblemLoader Environment load took 134.41ns 
84283      INFO  main            d.u.i.k.p.i.AbstractProblemLoader Creating init config 
87220      DEBUG main            d.u.i.k.p.i.AbstractProblemLoader Init config took 2.94s 
87267      INFO  main            d.u.i.k.p.i.AbstractProblemLoader Replaying proof Inc[Inc::inc_field()].JML normal_behavior operation contract.0 
87303      DEBUG main            d.u.i.k.p.i.IntermediateProofReplayer Proof replay took 33.94ms 
87304      DEBUG main            d.u.i.k.p.r.p.TestFile    ... success: reloaded. 
87305      INFO  main            d.u.i.k.p.r.p.TestFile    Now processing file /home/runner/work/key/key/key.core/../key.ui/examples/standard_key/java_dl/jml-assert/assert-old/inc-parameter.key 
87305      INFO  main            d.u.i.k.p.i.AbstractProblemLoader Loading environment from /home/runner/work/key/key/key.core/../key.ui/examples/standard_key/java_dl/jml-assert/assert-old/inc-parameter.key 
87305      DEBUG main            d.u.i.k.p.i.AbstractProblemLoader Environment load took 121.01ns 
87306      INFO  main            d.u.i.k.p.i.AbstractProblemLoader Creating init config 
90119      DEBUG main            d.u.i.k.p.i.AbstractProblemLoader Init config took 2.81s 
90158      INFO  main            d.u.i.k.p.i.AbstractProblemLoader Replaying proof Inc[Inc::inc_parameter(int)].JML normal_behavior operation contract.0 
90159      DEBUG main            d.u.i.k.p.i.IntermediateProofReplayer Proof replay took 7.5ns 
90262      INFO  main            d.u.i.k.p.r.p.TestFile    ... finished proof: closed. 
90550      INFO  main            d.u.i.k.p.i.AbstractProblemLoader Loading environment from /home/runner/work/key/key/key.core/../key.ui/examples/standard_key/java_dl/jml-assert/assert-old/inc-parameter.key.proof 
90550      DEBUG main            d.u.i.k.p.i.AbstractProblemLoader Environment load took 132.31ns 
90551      INFO  main            d.u.i.k.p.i.AbstractProblemLoader Creating init config 
93467      DEBUG main            d.u.i.k.p.i.AbstractProblemLoader Init config took 2.92s 
93509      INFO  main            d.u.i.k.p.i.AbstractProblemLoader Replaying proof Inc[Inc::inc_parameter(int)].JML normal_behavior operation contract.0 
93527      DEBUG main            d.u.i.k.p.i.IntermediateProofReplayer Proof replay took 16.09ms 
93528      DEBUG main            d.u.i.k.p.r.p.TestFile    ... success: reloaded. 
93529      INFO  main            d.u.i.k.p.r.p.TestFile    Now processing file /home/runner/work/key/key/key.core/../key.ui/examples/standard_key/java_dl/jml-assert/assert-old/inc-parameter-field.key 
93530      INFO  main            d.u.i.k.p.i.AbstractProblemLoader Loading environment from /home/runner/work/key/key/key.core/../key.ui/examples/standard_key/java_dl/jml-assert/assert-old/inc-parameter-field.key 
93532      DEBUG main            d.u.i.k.p.i.AbstractProblemLoader Environment load took 2ms 
93533      INFO  main            d.u.i.k.p.i.AbstractProblemLoader Creating init config 
96565      DEBUG main            d.u.i.k.p.i.AbstractProblemLoader Init config took 3.03s 
96604      INFO  main            d.u.i.k.p.i.AbstractProblemLoader Replaying proof Inc[Inc::inc_parameter_field(Inc)].JML normal_behavior operation contract.0 
96605      DEBUG main            d.u.i.k.p.i.IntermediateProofReplayer Proof replay took 8.6ns 
96810      INFO  main            d.u.i.k.p.r.p.TestFile    ... finished proof: closed. 
97072      INFO  main            d.u.i.k.p.i.AbstractProblemLoader Loading environment from /home/runner/work/key/key/key.core/../key.ui/examples/standard_key/java_dl/jml-assert/assert-old/inc-parameter-field.key.proof 
97072      DEBUG main            d.u.i.k.p.i.AbstractProblemLoader Environment load took 139.21ns 
97073      INFO  main            d.u.i.k.p.i.AbstractProblemLoader Creating init config 
99916      DEBUG main            d.u.i.k.p.i.AbstractProblemLoader Init config took 2.84s 
99974      INFO  main            d.u.i.k.p.i.AbstractProblemLoader Replaying proof Inc[Inc::inc_parameter_field(Inc)].JML normal_behavior operation contract.0 
100012     DEBUG main            d.u.i.k.p.i.IntermediateProofReplayer Proof replay took 36.3ms 
100013     DEBUG main            d.u.i.k.p.r.p.TestFile    ... success: reloaded. 
100014     INFO  main            d.u.i.k.p.r.p.TestFile    Now processing file /home/runner/work/key/key/key.core/../key.ui/examples/standard_key/java_dl/jml-assert/assert-old/inc-ghost-field.key 
100014     INFO  main            d.u.i.k.p.i.AbstractProblemLoader Loading environment from /home/runner/work/key/key/key.core/../key.ui/examples/standard_key/java_dl/jml-assert/assert-old/inc-ghost-field.key 
100014     DEBUG main            d.u.i.k.p.i.AbstractProblemLoader Environment load took 231.72ns 
100015     INFO  main            d.u.i.k.p.i.AbstractProblemLoader Creating init config 
102911     DEBUG main            d.u.i.k.p.i.AbstractProblemLoader Init config took 2.9s 
102951     INFO  main            d.u.i.k.p.i.AbstractProblemLoader Replaying proof Inc[Inc::inc_ghost_field()].JML normal_behavior operation contract.0 
102953     DEBUG main            d.u.i.k.p.i.IntermediateProofReplayer Proof replay took 7.6ns 
103057     INFO  main            d.u.i.k.p.r.p.TestFile    ... finished proof: closed. 
103325     INFO  main            d.u.i.k.p.i.AbstractProblemLoader Loading environment from /home/runner/work/key/key/key.core/../key.ui/examples/standard_key/java_dl/jml-assert/assert-old/inc-ghost-field.key.proof 
103325     DEBUG main            d.u.i.k.p.i.AbstractProblemLoader Environment load took 147.01ns 
103327     INFO  main            d.u.i.k.p.i.AbstractProblemLoader Creating init config 
106095     DEBUG main            d.u.i.k.p.i.AbstractProblemLoader Init config took 2.77s 
106134     INFO  main            d.u.i.k.p.i.AbstractProblemLoader Replaying proof Inc[Inc::inc_ghost_field()].JML normal_behavior operation contract.0 
106165     DEBUG main            d.u.i.k.p.i.IntermediateProofReplayer Proof replay took 29.44ms 
106166     DEBUG main            d.u.i.k.p.r.p.TestFile    ... success: reloaded. 
871383     INFO  Test worker     d.u.i.k.p.r.RunAllProofsTestUnit Returning from test jmlAsserts 
871384     INFO  Test worker     d.u.i.k.p.r.RunAllProofsTestUnit Running test javaCard 
447        INFO  Timeout watchdog d.u.i.k.p.r.p.ForkedTestFileRunner Timeout watcher launched (2000 secs.) 
478        WARN  main            d.u.i.k.s.ProofSettings   The settings in /home/runner/.key/proof-settings.props are *not* read. 
530        INFO  main            d.u.i.k.p.r.p.TestFile    Now processing file /home/runner/work/key/key/key.core/../key.ui/examples/heap/javacard/updateBalance0.key 
674        INFO  main            d.u.i.k.p.i.AbstractProblemLoader Loading environment from /home/runner/work/key/key/key.core/../key.ui/examples/heap/javacard/updateBalance0.key 
699        DEBUG main            d.u.i.k.p.i.AbstractProblemLoader Environment load took 2.52ms 
949        INFO  main            d.u.i.k.p.i.AbstractProblemLoader Creating init config 
2005       DEBUG main            d.u.i.k.j.TypeConverter   No LDT found for Meta 
2006       DEBUG main            d.u.i.k.j.TypeConverter   No LDT found for Meta 
2010       DEBUG main            d.u.i.k.j.TypeConverter   No LDT found for Meta 
2011       DEBUG main            d.u.i.k.j.TypeConverter   No LDT found for Meta 
3463       DEBUG main            d.u.i.k.j.TypeConverter   No LDT found for JavaBigintExpression 
7230       DEBUG main            d.u.i.k.p.i.AbstractProblemLoader Init config took 6.28s 
7450       INFO  main            d.u.i.k.p.i.AbstractProblemLoader Replaying proof Examples[Examples::updateBalance(short)].JML normal_behavior operation contract.0 
7491       DEBUG main            d.u.i.k.p.i.IntermediateProofReplayer Proof replay took 34.8ns 
9255       INFO  main            d.u.i.k.p.r.p.TestFile    ... finished proof: closed. 
9480       INFO  main            d.u.i.k.p.i.AbstractProblemLoader Loading environment from /home/runner/work/key/key/key.core/../key.ui/examples/heap/javacard/updateBalance0.key.proof 
9481       DEBUG main            d.u.i.k.p.i.AbstractProblemLoader Environment load took 559.24ns 
9483       INFO  main            d.u.i.k.p.i.AbstractProblemLoader Creating init config 
11624      DEBUG main            d.u.i.k.p.i.AbstractProblemLoader Init config took 2.14s 
11684      INFO  main            d.u.i.k.p.i.AbstractProblemLoader Replaying proof Examples[Examples::updateBalance(short)].JML normal_behavior operation contract.0 
11921      DEBUG main            d.u.i.k.p.i.IntermediateProofReplayer Proof replay took 228.53ms 
11934      DEBUG main            d.u.i.k.p.r.p.TestFile    ... success: reloaded. 
11940      INFO  main            d.u.i.k.p.r.p.TestFile    Now processing file /home/runner/work/key/key/key.core/../key.ui/examples/heap/javacard/updateBalance1.key 
11941      INFO  main            d.u.i.k.p.i.AbstractProblemLoader Loading environment from /home/runner/work/key/key/key.core/../key.ui/examples/heap/javacard/updateBalance1.key 
11941      DEBUG main            d.u.i.k.p.i.AbstractProblemLoader Environment load took 144.01ns 
11944      INFO  main            d.u.i.k.p.i.AbstractProblemLoader Creating init config 
13990      DEBUG main            d.u.i.k.p.i.AbstractProblemLoader Init config took 2.05s 
14047      INFO  main            d.u.i.k.p.i.AbstractProblemLoader Replaying proof Examples[Examples::updateBalance(short)].JML normal_behavior operation contract.1 
14050      DEBUG main            d.u.i.k.p.i.IntermediateProofReplayer Proof replay took 7.2ns 
14860      INFO  main            d.u.i.k.p.r.p.TestFile    ... finished proof: closed. 
14991      INFO  main            d.u.i.k.p.i.AbstractProblemLoader Loading environment from /home/runner/work/key/key/key.core/../key.ui/examples/heap/javacard/updateBalance1.key.proof 
14992      DEBUG main            d.u.i.k.p.i.AbstractProblemLoader Environment load took 979.26ns 
14995      INFO  main            d.u.i.k.p.i.AbstractProblemLoader Creating init config 
16926      DEBUG main            d.u.i.k.p.i.AbstractProblemLoader Init config took 1.93s 
16977      INFO  main            d.u.i.k.p.i.AbstractProblemLoader Replaying proof Examples[Examples::updateBalance(short)].JML normal_behavior operation contract.1 
17135      DEBUG main            d.u.i.k.p.i.IntermediateProofReplayer Proof replay took 152.4ms 
17137      DEBUG main            d.u.i.k.p.r.p.TestFile    ... success: reloaded. 
17140      INFO  main            d.u.i.k.p.r.p.TestFile    Now processing file /home/runner/work/key/key/key.core/../key.ui/examples/heap/javacard/setArray1.key 
17140      INFO  main            d.u.i.k.p.i.AbstractProblemLoader Loading environment from /home/runner/work/key/key/key.core/../key.ui/examples/heap/javacard/setArray1.key 
17141      DEBUG main            d.u.i.k.p.i.AbstractProblemLoader Environment load took 301.52ns 
17142      INFO  main            d.u.i.k.p.i.AbstractProblemLoader Creating init config 
18992      DEBUG main            d.u.i.k.p.i.AbstractProblemLoader Init config took 1.85s 
19039      INFO  main            d.u.i.k.p.i.AbstractProblemLoader Replaying proof Examples[Examples::setArray1([B)].JML normal_behavior operation contract.0 
19042      DEBUG main            d.u.i.k.p.i.IntermediateProofReplayer Proof replay took 7.5ns 
20247      INFO  main            d.u.i.k.p.r.p.TestFile    ... finished proof: closed. 
20416      INFO  main            d.u.i.k.p.i.AbstractProblemLoader Loading environment from /home/runner/work/key/key/key.core/../key.ui/examples/heap/javacard/setArray1.key.proof 
20421      DEBUG main            d.u.i.k.p.i.AbstractProblemLoader Environment load took 5.02ms 
20423      INFO  main            d.u.i.k.p.i.AbstractProblemLoader Creating init config 
22297      DEBUG main            d.u.i.k.p.i.AbstractProblemLoader Init config took 1.87s 
22344      INFO  main            d.u.i.k.p.i.AbstractProblemLoader Replaying proof Examples[Examples::setArray1([B)].JML normal_behavior operation contract.0 
22603      DEBUG main            d.u.i.k.p.i.IntermediateProofReplayer Proof replay took 253.41ms 
22606      DEBUG main            d.u.i.k.p.r.p.TestFile    ... success: reloaded. 
22609      INFO  main            d.u.i.k.p.r.p.TestFile    Now processing file /home/runner/work/key/key/key.core/../key.ui/examples/heap/javacard/setArray2.key 
22609      INFO  main            d.u.i.k.p.i.AbstractProblemLoader Loading environment from /home/runner/work/key/key/key.core/../key.ui/examples/heap/javacard/setArray2.key 
22609      DEBUG main            d.u.i.k.p.i.AbstractProblemLoader Environment load took 305.82ns 
22611      INFO  main            d.u.i.k.p.i.AbstractProblemLoader Creating init config 
24487      DEBUG main            d.u.i.k.p.i.AbstractProblemLoader Init config took 1.88s 
24533      INFO  main            d.u.i.k.p.i.AbstractProblemLoader Replaying proof Examples[Examples::setArray2([B)].JML normal_behavior operation contract.0 
24535      DEBUG main            d.u.i.k.p.i.IntermediateProofReplayer Proof replay took 7.3ns 
25745      INFO  main            d.u.i.k.p.r.p.TestFile    ... finished proof: closed. 
25912      INFO  main            d.u.i.k.p.i.AbstractProblemLoader Loading environment from /home/runner/work/key/key/key.core/../key.ui/examples/heap/javacard/setArray2.key.proof 
25914      DEBUG main            d.u.i.k.p.i.AbstractProblemLoader Environment load took 1.68ms 
25918      INFO  main            d.u.i.k.p.i.AbstractProblemLoader Creating init config 
27737      DEBUG main            d.u.i.k.p.i.AbstractProblemLoader Init config took 1.82s 
27785      INFO  main            d.u.i.k.p.i.AbstractProblemLoader Replaying proof Examples[Examples::setArray2([B)].JML normal_behavior operation contract.0 
28031      DEBUG main            d.u.i.k.p.i.IntermediateProofReplayer Proof replay took 239.82ms 
28035      DEBUG main            d.u.i.k.p.r.p.TestFile    ... success: reloaded. 
28037      INFO  main            d.u.i.k.p.r.p.TestFile    Now processing file /home/runner/work/key/key/key.core/../key.ui/examples/heap/javacard/arrayFillNonAtomic.key 
28038      INFO  main            d.u.i.k.p.i.AbstractProblemLoader Loading environment from /home/runner/work/key/key/key.core/../key.ui/examples/heap/javacard/arrayFillNonAtomic.key 
28038      DEBUG main            d.u.i.k.p.i.AbstractProblemLoader Environment load took 274.32ns 
28039      INFO  main            d.u.i.k.p.i.AbstractProblemLoader Creating init config 
29864      DEBUG main            d.u.i.k.p.i.AbstractProblemLoader Init config took 1.82s 
29928      INFO  main            d.u.i.k.p.i.AbstractProblemLoader Replaying proof javacard.framework.Util[javacard.framework.Util::arrayFillNonAtomic([B,short,short,byte)].JML behavior operation contract.0.transaction_inactive 
29930      DEBUG main            d.u.i.k.p.i.IntermediateProofReplayer Proof replay took 6.7ns 
30920      DEBUG Thread-13       d.u.i.k.l.o.ProgramSV     Match failed: Former match of  SchemaVariable incompatible with  the current match. 
30920      DEBUG Thread-13       d.u.i.k.l.o.ProgramSV     Match failed: Former match of  SchemaVariable incompatible with  the current match. 
32394      DEBUG Thread-13       d.u.i.k.l.o.ProgramSV     Match failed: Former match of  SchemaVariable incompatible with  the current match. 
32394      DEBUG Thread-13       d.u.i.k.l.o.ProgramSV     Match failed: Former match of  SchemaVariable incompatible with  the current match. 
34199      INFO  main            d.u.i.k.p.r.p.TestFile    ... finished proof: closed. 
34401      INFO  main            d.u.i.k.p.i.AbstractProblemLoader Loading environment from /home/runner/work/key/key/key.core/../key.ui/examples/heap/javacard/arrayFillNonAtomic.key.proof 
34401      DEBUG main            d.u.i.k.p.i.AbstractProblemLoader Environment load took 581.04ns 
34403      INFO  main            d.u.i.k.p.i.AbstractProblemLoader Creating init config 
36217      DEBUG main            d.u.i.k.p.i.AbstractProblemLoader Init config took 1.81s 
36291      INFO  main            d.u.i.k.p.i.AbstractProblemLoader Replaying proof javacard.framework.Util[javacard.framework.Util::arrayFillNonAtomic([B,short,short,byte)].JML behavior operation contract.0.transaction_inactive 
37321      DEBUG main            d.u.i.k.p.i.IntermediateProofReplayer Proof replay took 1s 
37322      DEBUG main            d.u.i.k.p.r.p.TestFile    ... success: reloaded. 
37324      INFO  main            d.u.i.k.p.r.p.TestFile    Now processing file /home/runner/work/key/key/key.core/../key.ui/examples/heap/coincidence_count/project.key 
37324      INFO  main            d.u.i.k.p.i.AbstractProblemLoader Loading environment from /home/runner/work/key/key/key.core/../key.ui/examples/heap/coincidence_count/project.key 
37324      DEBUG main            d.u.i.k.p.i.AbstractProblemLoader Environment load took 227.62ns 
37325      INFO  main            d.u.i.k.p.i.AbstractProblemLoader Creating init config 
41298      DEBUG main            d.u.i.k.p.i.AbstractProblemLoader Init config took 3.97s 
41353      INFO  main            d.u.i.k.p.i.AbstractProblemLoader Replaying proof CC[CC::calcCoinIndex([I,[I)].JML normal_behavior operation contract.0 
41355      DEBUG main            d.u.i.k.p.i.IntermediateProofReplayer Proof replay took 7.8ns 
61588      INFO  main            d.u.i.k.p.r.p.TestFile    ... finished proof: closed. 
61933      INFO  main            d.u.i.k.p.i.AbstractProblemLoader Loading environment from /home/runner/work/key/key/key.core/../key.ui/examples/heap/coincidence_count/project.key.proof 
61934      DEBUG main            d.u.i.k.p.i.AbstractProblemLoader Environment load took 298.72ns 
61938      INFO  main            d.u.i.k.p.i.AbstractProblemLoader Creating init config 
64979      DEBUG main            d.u.i.k.p.i.AbstractProblemLoader Init config took 3.04s 
65030      INFO  main            d.u.i.k.p.i.AbstractProblemLoader Replaying proof CC[CC::calcCoinIndex([I,[I)].JML normal_behavior operation contract.0 
66271      DEBUG main            d.u.i.k.p.i.IntermediateProofReplayer Proof replay took 1.16s 
66275      DEBUG main            d.u.i.k.p.r.p.TestFile    ... success: reloaded. 
66277      INFO  main            d.u.i.k.p.r.p.TestFile    Now processing file /home/runner/work/key/key/key.core/../key.ui/examples/heap/verifyThis11_1_Maximum/project.key 
66278      INFO  main            d.u.i.k.p.i.AbstractProblemLoader Loading environment from /home/runner/work/key/key/key.core/../key.ui/examples/heap/verifyThis11_1_Maximum/project.key 
66278      DEBUG main            d.u.i.k.p.i.AbstractProblemLoader Environment load took 264.52ns 
66279      INFO  main            d.u.i.k.p.i.AbstractProblemLoader Creating init config 
69420      DEBUG main            d.u.i.k.p.i.AbstractProblemLoader Init config took 3.14s 
69477      INFO  main            d.u.i.k.p.i.AbstractProblemLoader Replaying proof Maximum[Maximum::maxIndex([I)].JML normal_behavior operation contract.0 
69480      DEBUG main            d.u.i.k.p.i.IntermediateProofReplayer Proof replay took 7ns 
70586      INFO  main            d.u.i.k.p.r.p.TestFile    ... finished proof: closed. 
70978      INFO  main            d.u.i.k.p.i.AbstractProblemLoader Loading environment from /home/runner/work/key/key/key.core/../key.ui/examples/heap/verifyThis11_1_Maximum/project.key.proof 
70979      DEBUG main            d.u.i.k.p.i.AbstractProblemLoader Environment load took 552.93ns 
70980      INFO  main            d.u.i.k.p.i.AbstractProblemLoader Creating init config 
74006      DEBUG main            d.u.i.k.p.i.AbstractProblemLoader Init config took 3.03s 
74068      INFO  main            d.u.i.k.p.i.AbstractProblemLoader Replaying proof Maximum[Maximum::maxIndex([I)].JML normal_behavior operation contract.0 
74282      DEBUG main            d.u.i.k.p.i.IntermediateProofReplayer Proof replay took 205.53ms 
74283      DEBUG main            d.u.i.k.p.r.p.TestFile    ... success: reloaded. 
74284      INFO  main            d.u.i.k.p.r.p.TestFile    Now processing file /home/runner/work/key/key/key.core/../key.ui/examples/heap/fm12_01_LRS/lcp.key 
74285      INFO  main            d.u.i.k.p.i.AbstractProblemLoader Loading environment from /home/runner/work/key/key/key.core/../key.ui/examples/heap/fm12_01_LRS/lcp.key 
74285      DEBUG main            d.u.i.k.p.i.AbstractProblemLoader Environment load took 274.02ns 
74287      INFO  main            d.u.i.k.p.i.AbstractProblemLoader Creating init config 
78361      DEBUG main            d.u.i.k.p.i.AbstractProblemLoader Init config took 4.07s 
78428      INFO  main            d.u.i.k.p.i.AbstractProblemLoader Replaying proof LCP[LCP::lcp([I,int,int)].JML normal_behavior operation contract.0 
78431      DEBUG main            d.u.i.k.p.i.IntermediateProofReplayer Proof replay took 7.4ns 
79665      INFO  main            d.u.i.k.p.r.p.TestFile    ... finished proof: closed. 
80058      INFO  main            d.u.i.k.p.i.AbstractProblemLoader Loading environment from /home/runner/work/key/key/key.core/../key.ui/examples/heap/fm12_01_LRS/lcp.key.proof 
80059      DEBUG main            d.u.i.k.p.i.AbstractProblemLoader Environment load took 181.11ns 
80060      INFO  main            d.u.i.k.p.i.AbstractProblemLoader Creating init config 
83489      DEBUG main            d.u.i.k.p.i.AbstractProblemLoader Init config took 3.43s 
83552      INFO  main            d.u.i.k.p.i.AbstractProblemLoader Replaying proof LCP[LCP::lcp([I,int,int)].JML normal_behavior operation contract.0 
83812      DEBUG main            d.u.i.k.p.i.IntermediateProofReplayer Proof replay took 252.58ms 
83813      DEBUG main            d.u.i.k.p.r.p.TestFile    ... success: reloaded. 
83815      INFO  main            d.u.i.k.p.r.p.TestFile    Now processing file /home/runner/work/key/key/key.core/../key.ui/examples/heap/SemanticSlicing/project.key 
83815      INFO  main            d.u.i.k.p.i.AbstractProblemLoader Loading environment from /home/runner/work/key/key/key.core/../key.ui/examples/heap/SemanticSlicing/project.key 
83815      DEBUG main            d.u.i.k.p.i.AbstractProblemLoader Environment load took 259.32ns 
83817      INFO  main            d.u.i.k.p.i.AbstractProblemLoader Creating init config 
87067      DEBUG main            d.u.i.k.p.i.AbstractProblemLoader Init config took 3.25s 
87156      INFO  main            d.u.i.k.p.i.AbstractProblemLoader Replaying proof unsatcore_after.competition.postcond5.scope333.LRS[unsatcore_after.competition.postcond5.scope333.LRS::doLRS()].JML operation contract.0 
87158      DEBUG main            d.u.i.k.p.i.IntermediateProofReplayer Proof replay took 7.1ns 
91905      INFO  main            d.u.i.k.p.r.p.TestFile    ... finished proof: closed. 
92253      INFO  main            d.u.i.k.p.i.AbstractProblemLoader Loading environment from /home/runner/work/key/key/key.core/../key.ui/examples/heap/SemanticSlicing/project.key.proof 
92254      DEBUG main            d.u.i.k.p.i.AbstractProblemLoader Environment load took 531.43ns 
92256      INFO  main            d.u.i.k.p.i.AbstractProblemLoader Creating init config 
95279      DEBUG main            d.u.i.k.p.i.AbstractProblemLoader Init config took 3.02s 
95339      INFO  main            d.u.i.k.p.i.AbstractProblemLoader Replaying proof unsatcore_after.competition.postcond5.scope333.LRS[unsatcore_after.competition.postcond5.scope333.LRS::doLRS()].JML operation contract.0 
96346      DEBUG main            d.u.i.k.p.i.IntermediateProofReplayer Proof replay took 992.09ms 
96348      DEBUG main            d.u.i.k.p.r.p.TestFile    ... success: reloaded. 
96350      INFO  main            d.u.i.k.p.r.p.TestFile    Now processing file /home/runner/work/key/key/key.core/../key.ui/examples/heap/information_flow/ArrayList_contains.key 
96350      INFO  main            d.u.i.k.p.i.AbstractProblemLoader Loading environment from /home/runner/work/key/key/key.core/../key.ui/examples/heap/information_flow/ArrayList_contains.key 
96350      DEBUG main            d.u.i.k.p.i.AbstractProblemLoader Environment load took 289.42ns 
96352      INFO  main            d.u.i.k.p.i.AbstractProblemLoader Creating init config 
99623      DEBUG main            d.u.i.k.p.i.AbstractProblemLoader Init config took 3.27s 
99670      INFO  main            d.u.i.k.p.i.AbstractProblemLoader Replaying proof ArrayList[ArrayList::get(int)].JML normal_behavior operation contract.0 
99672      DEBUG main            d.u.i.k.p.i.IntermediateProofReplayer Proof replay took 6.8ns 
99978      INFO  main            d.u.i.k.p.r.p.TestFile    ... finished proof: closed. 
100321     INFO  main            d.u.i.k.p.i.AbstractProblemLoader Loading environment from /home/runner/work/key/key/key.core/../key.ui/examples/heap/information_flow/ArrayList_contains.key.proof 
100322     DEBUG main            d.u.i.k.p.i.AbstractProblemLoader Environment load took 539.63ns 
100323     INFO  main            d.u.i.k.p.i.AbstractProblemLoader Creating init config 
103464     DEBUG main            d.u.i.k.p.i.AbstractProblemLoader Init config took 3.14s 
103516     INFO  main            d.u.i.k.p.i.AbstractProblemLoader Replaying proof ArrayList[ArrayList::get(int)].JML normal_behavior operation contract.0 
103615     DEBUG main            d.u.i.k.p.i.IntermediateProofReplayer Proof replay took 95.74ms 
103616     DEBUG main            d.u.i.k.p.r.p.TestFile    ... success: reloaded. 
103617     INFO  main            d.u.i.k.p.r.p.TestFile    Now processing file /home/runner/work/key/key/key.core/../key.ui/examples/heap/information_flow/ArrayList_get.key 
103618     INFO  main            d.u.i.k.p.i.AbstractProblemLoader Loading environment from /home/runner/work/key/key/key.core/../key.ui/examples/heap/information_flow/ArrayList_get.key 
103618     DEBUG main            d.u.i.k.p.i.AbstractProblemLoader Environment load took 260.42ns 
103619     INFO  main            d.u.i.k.p.i.AbstractProblemLoader Creating init config 
106980     DEBUG main            d.u.i.k.p.i.AbstractProblemLoader Init config took 3.36s 
107026     INFO  main            d.u.i.k.p.i.AbstractProblemLoader Replaying proof ArrayList[ArrayList::contains(java.lang.Object)].JML normal_behavior operation contract.0 
107027     DEBUG main            d.u.i.k.p.i.IntermediateProofReplayer Proof replay took 6.3ns 
108032     INFO  main            d.u.i.k.p.r.p.TestFile    ... finished proof: closed. 
108337     INFO  main            d.u.i.k.p.i.AbstractProblemLoader Loading environment from /home/runner/work/key/key/key.core/../key.ui/examples/heap/information_flow/ArrayList_get.key.proof 
108338     DEBUG main            d.u.i.k.p.i.AbstractProblemLoader Environment load took 266.12ns 
108339     INFO  main            d.u.i.k.p.i.AbstractProblemLoader Creating init config 
111471     DEBUG main            d.u.i.k.p.i.AbstractProblemLoader Init config took 3.13s 
111522     INFO  main            d.u.i.k.p.i.AbstractProblemLoader Replaying proof ArrayList[ArrayList::contains(java.lang.Object)].JML normal_behavior operation contract.0 
111724     DEBUG main            d.u.i.k.p.i.IntermediateProofReplayer Proof replay took 194.88ms 
111725     DEBUG main            d.u.i.k.p.r.p.TestFile    ... success: reloaded. 
111726     INFO  main            d.u.i.k.p.r.p.TestFile    Now processing file /home/runner/work/key/key/key.core/../key.ui/examples/heap/information_flow/ArrayList_size.key 
111727     INFO  main            d.u.i.k.p.i.AbstractProblemLoader Loading environment from /home/runner/work/key/key/key.core/../key.ui/examples/heap/information_flow/ArrayList_size.key 
111727     DEBUG main            d.u.i.k.p.i.AbstractProblemLoader Environment load took 323.92ns 
111728     INFO  main            d.u.i.k.p.i.AbstractProblemLoader Creating init config 
114959     DEBUG main            d.u.i.k.p.i.AbstractProblemLoader Init config took 3.23s 
115003     INFO  main            d.u.i.k.p.i.AbstractProblemLoader Replaying proof ArrayList[ArrayList::size()].JML normal_behavior operation contract.0 
115005     DEBUG main            d.u.i.k.p.i.IntermediateProofReplayer Proof replay took 6.4ns 
115108     INFO  main            d.u.i.k.p.r.p.TestFile    ... finished proof: closed. 
115445     INFO  main            d.u.i.k.p.i.AbstractProblemLoader Loading environment from /home/runner/work/key/key/key.core/../key.ui/examples/heap/information_flow/ArrayList_size.key.proof 
115445     DEBUG main            d.u.i.k.p.i.AbstractProblemLoader Environment load took 137.21ns 
115446     INFO  main            d.u.i.k.p.i.AbstractProblemLoader Creating init config 
118660     DEBUG main            d.u.i.k.p.i.AbstractProblemLoader Init config took 3.21s 
118705     INFO  main            d.u.i.k.p.i.AbstractProblemLoader Replaying proof ArrayList[ArrayList::size()].JML normal_behavior operation contract.0 
118722     DEBUG main            d.u.i.k.p.i.IntermediateProofReplayer Proof replay took 15.48ms 
118723     DEBUG main            d.u.i.k.p.r.p.TestFile    ... success: reloaded. 
118724     INFO  main            d.u.i.k.p.r.p.TestFile    Now processing file /home/runner/work/key/key/key.core/../key.ui/examples/heap/information_flow/UpdateAbstraction_ex7_3_secure.key 
118724     INFO  main            d.u.i.k.p.i.AbstractProblemLoader Loading environment from /home/runner/work/key/key/key.core/../key.ui/examples/heap/information_flow/UpdateAbstraction_ex7_3_secure.key 
118724     DEBUG main            d.u.i.k.p.i.AbstractProblemLoader Environment load took 99.71ns 
118725     INFO  main            d.u.i.k.p.i.AbstractProblemLoader Creating init config 
121973     DEBUG main            d.u.i.k.p.i.AbstractProblemLoader Init config took 3.25s 
122016     INFO  main            d.u.i.k.p.i.AbstractProblemLoader Replaying proof UpdateAbstraction[UpdateAbstraction::ex7_3_secure()].JML operation contract.0 
122018     DEBUG main            d.u.i.k.p.i.IntermediateProofReplayer Proof replay took 5.9ns 
122222     INFO  main            d.u.i.k.p.r.p.TestFile    ... finished proof: closed. 
122533     INFO  main            d.u.i.k.p.i.AbstractProblemLoader Loading environment from /home/runner/work/key/key/key.core/../key.ui/examples/heap/information_flow/UpdateAbstraction_ex7_3_secure.key.proof 
122533     DEBUG main            d.u.i.k.p.i.AbstractProblemLoader Environment load took 135.91ns 
122534     INFO  main            d.u.i.k.p.i.AbstractProblemLoader Creating init config 
125985     DEBUG main            d.u.i.k.p.i.AbstractProblemLoader Init config took 3.45s 
126035     INFO  main            d.u.i.k.p.i.AbstractProblemLoader Replaying proof UpdateAbstraction[UpdateAbstraction::ex7_3_secure()].JML operation contract.0 
126084     DEBUG main            d.u.i.k.p.i.IntermediateProofReplayer Proof replay took 46.62ms 
126085     DEBUG main            d.u.i.k.p.r.p.TestFile    ... success: reloaded. 
126085     INFO  main            d.u.i.k.p.r.p.TestFile    Now processing file /home/runner/work/key/key/key.core/../key.ui/examples/heap/information_flow/UpdateAbstraction_ex7_4_secure.key 
126086     INFO  main            d.u.i.k.p.i.AbstractProblemLoader Loading environment from /home/runner/work/key/key/key.core/../key.ui/examples/heap/information_flow/UpdateAbstraction_ex7_4_secure.key 
126086     DEBUG main            d.u.i.k.p.i.AbstractProblemLoader Environment load took 272.51ns 
126087     INFO  main            d.u.i.k.p.i.AbstractProblemLoader Creating init config 
129697     DEBUG main            d.u.i.k.p.i.AbstractProblemLoader Init config took 3.61s 
129738     INFO  main            d.u.i.k.p.i.AbstractProblemLoader Replaying proof UpdateAbstraction[UpdateAbstraction::ex7_4_secure()].JML operation contract.0 
129739     DEBUG main            d.u.i.k.p.i.IntermediateProofReplayer Proof replay took 5.9ns 
130041     INFO  main            d.u.i.k.p.r.p.TestFile    ... finished proof: closed. 
130377     INFO  main            d.u.i.k.p.i.AbstractProblemLoader Loading environment from /home/runner/work/key/key/key.core/../key.ui/examples/heap/information_flow/UpdateAbstraction_ex7_4_secure.key.proof 
130377     DEBUG main            d.u.i.k.p.i.AbstractProblemLoader Environment load took 135.11ns 
130378     INFO  main            d.u.i.k.p.i.AbstractProblemLoader Creating init config 
133525     DEBUG main            d.u.i.k.p.i.AbstractProblemLoader Init config took 3.15s 
133566     INFO  main            d.u.i.k.p.i.AbstractProblemLoader Replaying proof UpdateAbstraction[UpdateAbstraction::ex7_4_secure()].JML operation contract.0 
133620     DEBUG main            d.u.i.k.p.i.IntermediateProofReplayer Proof replay took 51.63ms 
133621     DEBUG main            d.u.i.k.p.r.p.TestFile    ... success: reloaded. 
133622     INFO  main            d.u.i.k.p.r.p.TestFile    Now processing file /home/runner/work/key/key/key.core/../key.ui/examples/heap/information_flow/UpdateAbstraction_ex7_5_secure.key 
133622     INFO  main            d.u.i.k.p.i.AbstractProblemLoader Loading environment from /home/runner/work/key/key/key.core/../key.ui/examples/heap/information_flow/UpdateAbstraction_ex7_5_secure.key 
133622     DEBUG main            d.u.i.k.p.i.AbstractProblemLoader Environment load took 118.21ns 
133623     INFO  main            d.u.i.k.p.i.AbstractProblemLoader Creating init config 
136825     DEBUG main            d.u.i.k.p.i.AbstractProblemLoader Init config took 3.2s 
136867     INFO  main            d.u.i.k.p.i.AbstractProblemLoader Replaying proof UpdateAbstraction[UpdateAbstraction::ex7_5_secure()].JML operation contract.0 
136868     DEBUG main            d.u.i.k.p.i.IntermediateProofReplayer Proof replay took 7.3ns 
136973     INFO  main            d.u.i.k.p.r.p.TestFile    ... finished proof: closed. 
137311     INFO  main            d.u.i.k.p.i.AbstractProblemLoader Loading environment from /home/runner/work/key/key/key.core/../key.ui/examples/heap/information_flow/UpdateAbstraction_ex7_5_secure.key.proof 
137312     DEBUG main            d.u.i.k.p.i.AbstractProblemLoader Environment load took 146.41ns 
137313     INFO  main            d.u.i.k.p.i.AbstractProblemLoader Creating init config 
140451     DEBUG main            d.u.i.k.p.i.AbstractProblemLoader Init config took 3.14s 
140495     INFO  main            d.u.i.k.p.i.AbstractProblemLoader Replaying proof UpdateAbstraction[UpdateAbstraction::ex7_5_secure()].JML operation contract.0 
140518     DEBUG main            d.u.i.k.p.i.IntermediateProofReplayer Proof replay took 21.46ms 
140519     DEBUG main            d.u.i.k.p.r.p.TestFile    ... success: reloaded. 
140520     INFO  main            d.u.i.k.p.r.p.TestFile    Now processing file /home/runner/work/key/key/key.core/../key.ui/examples/heap/information_flow/UpdateAbstraction_ex7_6_secure.key 
140520     INFO  main            d.u.i.k.p.i.AbstractProblemLoader Loading environment from /home/runner/work/key/key/key.core/../key.ui/examples/heap/information_flow/UpdateAbstraction_ex7_6_secure.key 
140520     DEBUG main            d.u.i.k.p.i.AbstractProblemLoader Environment load took 117.01ns 
140521     INFO  main            d.u.i.k.p.i.AbstractProblemLoader Creating init config 
143674     DEBUG main            d.u.i.k.p.i.AbstractProblemLoader Init config took 3.15s 
143713     INFO  main            d.u.i.k.p.i.AbstractProblemLoader Replaying proof UpdateAbstraction[UpdateAbstraction::ex7_6_secure()].JML operation contract.0 
143715     DEBUG main            d.u.i.k.p.i.IntermediateProofReplayer Proof replay took 6.7ns 
144022     INFO  main            d.u.i.k.p.r.p.TestFile    ... finished proof: closed. 
144375     INFO  main            d.u.i.k.p.i.AbstractProblemLoader Loading environment from /home/runner/work/key/key/key.core/../key.ui/examples/heap/information_flow/UpdateAbstraction_ex7_6_secure.key.proof 
144375     DEBUG main            d.u.i.k.p.i.AbstractProblemLoader Environment load took 131.91ns 
144378     INFO  main            d.u.i.k.p.i.AbstractProblemLoader Creating init config 
147622     DEBUG main            d.u.i.k.p.i.AbstractProblemLoader Init config took 3.24s 
147669     INFO  main            d.u.i.k.p.i.AbstractProblemLoader Replaying proof UpdateAbstraction[UpdateAbstraction::ex7_6_secure()].JML operation contract.0 
147742     DEBUG main            d.u.i.k.p.i.IntermediateProofReplayer Proof replay took 69.9ms 
147743     DEBUG main            d.u.i.k.p.r.p.TestFile    ... success: reloaded. 
147743     INFO  main            d.u.i.k.p.r.p.TestFile    Now processing file /home/runner/work/key/key/key.core/../key.ui/examples/heap/information_flow/UpdateAbstraction_ex9_secure.key 
147744     INFO  main            d.u.i.k.p.i.AbstractProblemLoader Loading environment from /home/runner/work/key/key/key.core/../key.ui/examples/heap/information_flow/UpdateAbstraction_ex9_secure.key 
147744     DEBUG main            d.u.i.k.p.i.AbstractProblemLoader Environment load took 246.02ns 
147745     INFO  main            d.u.i.k.p.i.AbstractProblemLoader Creating init config 
150857     DEBUG main            d.u.i.k.p.i.AbstractProblemLoader Init config took 3.11s 
150899     INFO  main            d.u.i.k.p.i.AbstractProblemLoader Replaying proof UpdateAbstraction[UpdateAbstraction::ex9_secure()].JML operation contract.0 
150901     DEBUG main            d.u.i.k.p.i.IntermediateProofReplayer Proof replay took 6.6ns 
151907     INFO  main            d.u.i.k.p.r.p.TestFile    ... finished proof: closed. 
152286     INFO  main            d.u.i.k.p.i.AbstractProblemLoader Loading environment from /home/runner/work/key/key/key.core/../key.ui/examples/heap/information_flow/UpdateAbstraction_ex9_secure.key.proof 
152286     DEBUG main            d.u.i.k.p.i.AbstractProblemLoader Environment load took 133.31ns 
152287     INFO  main            d.u.i.k.p.i.AbstractProblemLoader Creating init config 
155422     DEBUG main            d.u.i.k.p.i.AbstractProblemLoader Init config took 3.14s 
155464     INFO  main            d.u.i.k.p.i.AbstractProblemLoader Replaying proof UpdateAbstraction[UpdateAbstraction::ex9_secure()].JML operation contract.0 
155724     DEBUG main            d.u.i.k.p.i.IntermediateProofReplayer Proof replay took 255.6ms 
155726     DEBUG main            d.u.i.k.p.r.p.TestFile    ... success: reloaded. 
1027333    INFO  Test worker     d.u.i.k.p.r.RunAllProofsTestUnit Returning from test javaCard 
1027335    INFO  Test worker     d.u.i.k.p.r.RunAllProofsTestUnit Running test list 
489        INFO  Timeout watchdog d.u.i.k.p.r.p.ForkedTestFileRunner Timeout watcher launched (2000 secs.) 
510        WARN  main            d.u.i.k.s.ProofSettings   The settings in /home/runner/.key/proof-settings.props are *not* read. 
566        INFO  main            d.u.i.k.p.r.p.TestFile    Now processing file /home/runner/work/key/key/key.core/../key.ui/examples/heap/list/ArrayList_add.key 
723        INFO  main            d.u.i.k.p.i.AbstractProblemLoader Loading environment from /home/runner/work/key/key/key.core/../key.ui/examples/heap/list/ArrayList_add.key 
750        DEBUG main            d.u.i.k.p.i.AbstractProblemLoader Environment load took 2.66ms 
1002       INFO  main            d.u.i.k.p.i.AbstractProblemLoader Creating init config 
2104       DEBUG main            d.u.i.k.j.TypeConverter   No LDT found for Meta 
2105       DEBUG main            d.u.i.k.j.TypeConverter   No LDT found for Meta 
2106       DEBUG main            d.u.i.k.j.TypeConverter   No LDT found for Meta 
2106       DEBUG main            d.u.i.k.j.TypeConverter   No LDT found for Meta 
3693       DEBUG main            d.u.i.k.j.TypeConverter   No LDT found for JavaBigintExpression 
7530       DEBUG main            d.u.i.k.j.r.ClassPreparationMethodBuilder clPrepBuilder: Inner Class detected. Reject building class initialisation methods. 
10656      DEBUG main            d.u.i.k.p.i.AbstractProblemLoader Init config took 9.65s 
10914      INFO  main            d.u.i.k.p.i.AbstractProblemLoader Replaying proof ArrayList[List::add(java.lang.Object)].JML normal_behavior operation contract.0 
11007      DEBUG main            d.u.i.k.p.i.IntermediateProofReplayer Proof replay took 41.2ns 
17429      INFO  main            d.u.i.k.p.r.p.TestFile    ... finished proof: closed. 
17656      INFO  main            d.u.i.k.p.i.AbstractProblemLoader Loading environment from /home/runner/work/key/key/key.core/../key.ui/examples/heap/list/ArrayList_add.key.proof 
17662      DEBUG main            d.u.i.k.p.i.AbstractProblemLoader Environment load took 5.82ms 
17666      INFO  main            d.u.i.k.p.i.AbstractProblemLoader Creating init config 
19077      DEBUG main            d.u.i.k.j.r.ClassPreparationMethodBuilder clPrepBuilder: Inner Class detected. Reject building class initialisation methods. 
21826      DEBUG main            d.u.i.k.p.i.AbstractProblemLoader Init config took 4.16s 
21903      INFO  main            d.u.i.k.p.i.AbstractProblemLoader Replaying proof ArrayList[List::add(java.lang.Object)].JML normal_behavior operation contract.0 
23070      DEBUG main            d.u.i.k.p.i.IntermediateProofReplayer Proof replay took 1.14s 
23081      DEBUG main            d.u.i.k.p.r.p.TestFile    ... success: reloaded. 
23083      INFO  main            d.u.i.k.p.r.p.TestFile    Now processing file /home/runner/work/key/key/key.core/../key.ui/examples/heap/list/ArrayList_ArrayList.key 
23084      INFO  main            d.u.i.k.p.i.AbstractProblemLoader Loading environment from /home/runner/work/key/key/key.core/../key.ui/examples/heap/list/ArrayList_ArrayList.key 
23084      DEBUG main            d.u.i.k.p.i.AbstractProblemLoader Environment load took 305.92ns 
23086      INFO  main            d.u.i.k.p.i.AbstractProblemLoader Creating init config 
24506      DEBUG main            d.u.i.k.j.r.ClassPreparationMethodBuilder clPrepBuilder: Inner Class detected. Reject building class initialisation methods. 
27152      DEBUG main            d.u.i.k.p.i.AbstractProblemLoader Init config took 4.07s 
27226      INFO  main            d.u.i.k.p.i.AbstractProblemLoader Replaying proof ArrayList[ArrayList::ArrayList()].JML normal_behavior operation contract.0 
27229      DEBUG main            d.u.i.k.p.i.IntermediateProofReplayer Proof replay took 6.4ns 
28941      INFO  main            d.u.i.k.p.r.p.TestFile    ... finished proof: closed. 
29150      INFO  main            d.u.i.k.p.i.AbstractProblemLoader Loading environment from /home/runner/work/key/key/key.core/../key.ui/examples/heap/list/ArrayList_ArrayList.key.proof 
29151      DEBUG main            d.u.i.k.p.i.AbstractProblemLoader Environment load took 1.15ms 
29153      INFO  main            d.u.i.k.p.i.AbstractProblemLoader Creating init config 
30391      DEBUG main            d.u.i.k.j.r.ClassPreparationMethodBuilder clPrepBuilder: Inner Class detected. Reject building class initialisation methods. 
32947      DEBUG main            d.u.i.k.p.i.AbstractProblemLoader Init config took 3.79s 
33014      INFO  main            d.u.i.k.p.i.AbstractProblemLoader Replaying proof ArrayList[ArrayList::ArrayList()].JML normal_behavior operation contract.0 
33310      DEBUG main            d.u.i.k.p.i.IntermediateProofReplayer Proof replay took 284.89ms 
33312      DEBUG main            d.u.i.k.p.r.p.TestFile    ... success: reloaded. 
33314      INFO  main            d.u.i.k.p.r.p.TestFile    Now processing file /home/runner/work/key/key/key.core/../key.ui/examples/heap/list/ArrayList_concatenate.key 
33314      INFO  main            d.u.i.k.p.i.AbstractProblemLoader Loading environment from /home/runner/work/key/key/key.core/../key.ui/examples/heap/list/ArrayList_concatenate.key 
33315      DEBUG main            d.u.i.k.p.i.AbstractProblemLoader Environment load took 273.72ns 
33317      INFO  main            d.u.i.k.p.i.AbstractProblemLoader Creating init config 
34584      DEBUG main            d.u.i.k.j.r.ClassPreparationMethodBuilder clPrepBuilder: Inner Class detected. Reject building class initialisation methods. 
37134      DEBUG main            d.u.i.k.p.i.AbstractProblemLoader Init config took 3.82s 
37216      INFO  main            d.u.i.k.p.i.AbstractProblemLoader Replaying proof ArrayList[List::concatenate(List)].JML normal_behavior operation contract.0 
37221      DEBUG main            d.u.i.k.p.i.IntermediateProofReplayer Proof replay took 8.4ns 
65763      INFO  main            d.u.i.k.p.r.p.TestFile    ... finished proof: closed. 
66052      INFO  main            d.u.i.k.p.i.AbstractProblemLoader Loading environment from /home/runner/work/key/key/key.core/../key.ui/examples/heap/list/ArrayList_concatenate.key.proof 
66053      DEBUG main            d.u.i.k.p.i.AbstractProblemLoader Environment load took 586.84ns 
66062      INFO  main            d.u.i.k.p.i.AbstractProblemLoader Creating init config 
67307      DEBUG main            d.u.i.k.j.r.ClassPreparationMethodBuilder clPrepBuilder: Inner Class detected. Reject building class initialisation methods. 
69787      DEBUG main            d.u.i.k.p.i.AbstractProblemLoader Init config took 3.72s 
69864      INFO  main            d.u.i.k.p.i.AbstractProblemLoader Replaying proof ArrayList[List::concatenate(List)].JML normal_behavior operation contract.0 
72514      DEBUG main            d.u.i.k.p.i.IntermediateProofReplayer Proof replay took 2.57s 
72519      DEBUG main            d.u.i.k.p.r.p.TestFile    ... success: reloaded. 
72521      INFO  main            d.u.i.k.p.r.p.TestFile    Now processing file /home/runner/work/key/key/key.core/../key.ui/examples/heap/list/ArrayList_contains_dep.key 
72521      INFO  main            d.u.i.k.p.i.AbstractProblemLoader Loading environment from /home/runner/work/key/key/key.core/../key.ui/examples/heap/list/ArrayList_contains_dep.key 
72522      DEBUG main            d.u.i.k.p.i.AbstractProblemLoader Environment load took 276.22ns 
72523      INFO  main            d.u.i.k.p.i.AbstractProblemLoader Creating init config 
73813      DEBUG main            d.u.i.k.j.r.ClassPreparationMethodBuilder clPrepBuilder: Inner Class detected. Reject building class initialisation methods. 
76341      DEBUG main            d.u.i.k.p.i.AbstractProblemLoader Init config took 3.82s 
76414      INFO  main            d.u.i.k.p.i.AbstractProblemLoader Replaying proof ArrayList[List::contains(java.lang.Object)].JML accessible clause.0 
76416      DEBUG main            d.u.i.k.p.i.IntermediateProofReplayer Proof replay took 6.6ns 
79525      INFO  main            d.u.i.k.p.r.p.TestFile    ... finished proof: closed. 
79782      INFO  main            d.u.i.k.p.i.AbstractProblemLoader Loading environment from /home/runner/work/key/key/key.core/../key.ui/examples/heap/list/ArrayList_contains_dep.key.proof 
79782      DEBUG main            d.u.i.k.p.i.AbstractProblemLoader Environment load took 561.64ns 
79784      INFO  main            d.u.i.k.p.i.AbstractProblemLoader Creating init config 
81013      DEBUG main            d.u.i.k.j.r.ClassPreparationMethodBuilder clPrepBuilder: Inner Class detected. Reject building class initialisation methods. 
83435      DEBUG main            d.u.i.k.p.i.AbstractProblemLoader Init config took 3.65s 
83494      INFO  main            d.u.i.k.p.i.AbstractProblemLoader Replaying proof ArrayList[List::contains(java.lang.Object)].JML accessible clause.0 
84016      DEBUG main            d.u.i.k.p.i.IntermediateProofReplayer Proof replay took 508.81ms 
84018      DEBUG main            d.u.i.k.p.r.p.TestFile    ... success: reloaded. 
84019      INFO  main            d.u.i.k.p.r.p.TestFile    Now processing file /home/runner/work/key/key/key.core/../key.ui/examples/heap/list/ArrayList_enlarge.key 
84020      INFO  main            d.u.i.k.p.i.AbstractProblemLoader Loading environment from /home/runner/work/key/key/key.core/../key.ui/examples/heap/list/ArrayList_enlarge.key 
84020      DEBUG main            d.u.i.k.p.i.AbstractProblemLoader Environment load took 115.21ns 
84021      INFO  main            d.u.i.k.p.i.AbstractProblemLoader Creating init config 
85262      DEBUG main            d.u.i.k.j.r.ClassPreparationMethodBuilder clPrepBuilder: Inner Class detected. Reject building class initialisation methods. 
87781      DEBUG main            d.u.i.k.p.i.AbstractProblemLoader Init config took 3.76s 
87839      INFO  main            d.u.i.k.p.i.AbstractProblemLoader Replaying proof ArrayList[ArrayList::enlarge()].JML normal_behavior operation contract.0 
87841      DEBUG main            d.u.i.k.p.i.IntermediateProofReplayer Proof replay took 6.8ns 
90465      INFO  main            d.u.i.k.p.r.p.TestFile    ... finished proof: closed. 
90773      INFO  main            d.u.i.k.p.i.AbstractProblemLoader Loading environment from /home/runner/work/key/key/key.core/../key.ui/examples/heap/list/ArrayList_enlarge.key.proof 
90775      DEBUG main            d.u.i.k.p.i.AbstractProblemLoader Environment load took 2.16ms 
90777      INFO  main            d.u.i.k.p.i.AbstractProblemLoader Creating init config 
92003      DEBUG main            d.u.i.k.j.r.ClassPreparationMethodBuilder clPrepBuilder: Inner Class detected. Reject building class initialisation methods. 
94447      DEBUG main            d.u.i.k.p.i.AbstractProblemLoader Init config took 3.67s 
94518      INFO  main            d.u.i.k.p.i.AbstractProblemLoader Replaying proof ArrayList[ArrayList::enlarge()].JML normal_behavior operation contract.0 
94979      DEBUG main            d.u.i.k.p.i.IntermediateProofReplayer Proof replay took 450.21ms 
94981      DEBUG main            d.u.i.k.p.r.p.TestFile    ... success: reloaded. 
94983      INFO  main            d.u.i.k.p.r.p.TestFile    Now processing file /home/runner/work/key/key/key.core/../key.ui/examples/heap/list/ArrayList_footprint.key 
94983      INFO  main            d.u.i.k.p.i.AbstractProblemLoader Loading environment from /home/runner/work/key/key/key.core/../key.ui/examples/heap/list/ArrayList_footprint.key 
94983      DEBUG main            d.u.i.k.p.i.AbstractProblemLoader Environment load took 268.52ns 
94985      INFO  main            d.u.i.k.p.i.AbstractProblemLoader Creating init config 
96210      DEBUG main            d.u.i.k.j.r.ClassPreparationMethodBuilder clPrepBuilder: Inner Class detected. Reject building class initialisation methods. 
98925      DEBUG main            d.u.i.k.p.i.AbstractProblemLoader Init config took 3.94s 
98982      INFO  main            d.u.i.k.p.i.AbstractProblemLoader Replaying proof List[List::$footprint()].JML accessible clause.0 
98984      DEBUG main            d.u.i.k.p.i.IntermediateProofReplayer Proof replay took 6.5ns 
99087      INFO  main            d.u.i.k.p.r.p.TestFile    ... finished proof: closed. 
99296      INFO  main            d.u.i.k.p.i.AbstractProblemLoader Loading environment from /home/runner/work/key/key/key.core/../key.ui/examples/heap/list/ArrayList_footprint.key.proof 
99296      DEBUG main            d.u.i.k.p.i.AbstractProblemLoader Environment load took 149.91ns 
99298      INFO  main            d.u.i.k.p.i.AbstractProblemLoader Creating init config 
100535     DEBUG main            d.u.i.k.j.r.ClassPreparationMethodBuilder clPrepBuilder: Inner Class detected. Reject building class initialisation methods. 
103116     DEBUG main            d.u.i.k.p.i.AbstractProblemLoader Init config took 3.82s 
103188     INFO  main            d.u.i.k.p.i.AbstractProblemLoader Replaying proof List[List::$footprint()].JML accessible clause.0 
103192     DEBUG main            d.u.i.k.p.i.IntermediateProofReplayer Proof replay took 1.77ms 
103193     DEBUG main            d.u.i.k.p.r.p.TestFile    ... success: reloaded. 
103195     INFO  main            d.u.i.k.p.r.p.TestFile    Now processing file /home/runner/work/key/key/key.core/../key.ui/examples/heap/list/ArrayList_get_dep.key 
103195     INFO  main            d.u.i.k.p.i.AbstractProblemLoader Loading environment from /home/runner/work/key/key/key.core/../key.ui/examples/heap/list/ArrayList_get_dep.key 
103196     DEBUG main            d.u.i.k.p.i.AbstractProblemLoader Environment load took 258.92ns 
103197     INFO  main            d.u.i.k.p.i.AbstractProblemLoader Creating init config 
104443     DEBUG main            d.u.i.k.j.r.ClassPreparationMethodBuilder clPrepBuilder: Inner Class detected. Reject building class initialisation methods. 
106920     DEBUG main            d.u.i.k.p.i.AbstractProblemLoader Init config took 3.72s 
106976     INFO  main            d.u.i.k.p.i.AbstractProblemLoader Replaying proof ArrayList[List::get(int)].JML accessible clause.0 
106980     DEBUG main            d.u.i.k.p.i.IntermediateProofReplayer Proof replay took 6.5ns 
107491     INFO  main            d.u.i.k.p.r.p.TestFile    ... finished proof: closed. 
107732     INFO  main            d.u.i.k.p.i.AbstractProblemLoader Loading environment from /home/runner/work/key/key/key.core/../key.ui/examples/heap/list/ArrayList_get_dep.key.proof 
107732     DEBUG main            d.u.i.k.p.i.AbstractProblemLoader Environment load took 570.14ns 
107734     INFO  main            d.u.i.k.p.i.AbstractProblemLoader Creating init config 
108938     DEBUG main            d.u.i.k.j.r.ClassPreparationMethodBuilder clPrepBuilder: Inner Class detected. Reject building class initialisation methods. 
111500     DEBUG main            d.u.i.k.p.i.AbstractProblemLoader Init config took 3.77s 
111561     INFO  main            d.u.i.k.p.i.AbstractProblemLoader Replaying proof ArrayList[List::get(int)].JML accessible clause.0 
111667     DEBUG main            d.u.i.k.p.i.IntermediateProofReplayer Proof replay took 100.51ms 
111669     DEBUG main            d.u.i.k.p.r.p.TestFile    ... success: reloaded. 
111672     INFO  main            d.u.i.k.p.r.p.TestFile    Now processing file /home/runner/work/key/key/key.core/../key.ui/examples/heap/list/ArrayList_get_exceptional.key 
111673     INFO  main            d.u.i.k.p.i.AbstractProblemLoader Loading environment from /home/runner/work/key/key/key.core/../key.ui/examples/heap/list/ArrayList_get_exceptional.key 
111675     DEBUG main            d.u.i.k.p.i.AbstractProblemLoader Environment load took 2.65ms 
111676     INFO  main            d.u.i.k.p.i.AbstractProblemLoader Creating init config 
112991     DEBUG main            d.u.i.k.j.r.ClassPreparationMethodBuilder clPrepBuilder: Inner Class detected. Reject building class initialisation methods. 
115541     DEBUG main            d.u.i.k.p.i.AbstractProblemLoader Init config took 3.86s 
115595     INFO  main            d.u.i.k.p.i.AbstractProblemLoader Replaying proof ArrayList[List::get(int)].JML exceptional_behavior operation contract.0 
115596     DEBUG main            d.u.i.k.p.i.IntermediateProofReplayer Proof replay took 5.8ns 
117004     INFO  main            d.u.i.k.p.r.p.TestFile    ... finished proof: closed. 
117241     INFO  main            d.u.i.k.p.i.AbstractProblemLoader Loading environment from /home/runner/work/key/key/key.core/../key.ui/examples/heap/list/ArrayList_get_exceptional.key.proof 
117241     DEBUG main            d.u.i.k.p.i.AbstractProblemLoader Environment load took 146.11ns 
117243     INFO  main            d.u.i.k.p.i.AbstractProblemLoader Creating init config 
118429     DEBUG main            d.u.i.k.j.r.ClassPreparationMethodBuilder clPrepBuilder: Inner Class detected. Reject building class initialisation methods. 
120880     DEBUG main            d.u.i.k.p.i.AbstractProblemLoader Init config took 3.64s 
120933     INFO  main            d.u.i.k.p.i.AbstractProblemLoader Replaying proof ArrayList[List::get(int)].JML exceptional_behavior operation contract.0 
121212     DEBUG main            d.u.i.k.p.i.IntermediateProofReplayer Proof replay took 268.91ms 
121214     DEBUG main            d.u.i.k.p.r.p.TestFile    ... success: reloaded. 
121216     INFO  main            d.u.i.k.p.r.p.TestFile    Now processing file /home/runner/work/key/key/key.core/../key.ui/examples/heap/list/ArrayList_get_normal.key 
121216     INFO  main            d.u.i.k.p.i.AbstractProblemLoader Loading environment from /home/runner/work/key/key/key.core/../key.ui/examples/heap/list/ArrayList_get_normal.key 
121217     DEBUG main            d.u.i.k.p.i.AbstractProblemLoader Environment load took 588.64ns 
121218     INFO  main            d.u.i.k.p.i.AbstractProblemLoader Creating init config 
122400     DEBUG main            d.u.i.k.j.r.ClassPreparationMethodBuilder clPrepBuilder: Inner Class detected. Reject building class initialisation methods. 
124882     DEBUG main            d.u.i.k.p.i.AbstractProblemLoader Init config took 3.66s 
124935     INFO  main            d.u.i.k.p.i.AbstractProblemLoader Replaying proof ArrayList[List::get(int)].JML normal_behavior operation contract.0 
124936     DEBUG main            d.u.i.k.p.i.IntermediateProofReplayer Proof replay took 5.8ns 
125441     INFO  main            d.u.i.k.p.r.p.TestFile    ... finished proof: closed. 
125695     INFO  main            d.u.i.k.p.i.AbstractProblemLoader Loading environment from /home/runner/work/key/key/key.core/../key.ui/examples/heap/list/ArrayList_get_normal.key.proof 
125695     DEBUG main            d.u.i.k.p.i.AbstractProblemLoader Environment load took 556.13ns 
125697     INFO  main            d.u.i.k.p.i.AbstractProblemLoader Creating init config 
126904     DEBUG main            d.u.i.k.j.r.ClassPreparationMethodBuilder clPrepBuilder: Inner Class detected. Reject building class initialisation methods. 
129388     DEBUG main            d.u.i.k.p.i.AbstractProblemLoader Init config took 3.69s 
129450     INFO  main            d.u.i.k.p.i.AbstractProblemLoader Replaying proof ArrayList[List::get(int)].JML normal_behavior operation contract.0 
129548     DEBUG main            d.u.i.k.p.i.IntermediateProofReplayer Proof replay took 92.32ms 
129550     DEBUG main            d.u.i.k.p.r.p.TestFile    ... success: reloaded. 
129551     INFO  main            d.u.i.k.p.r.p.TestFile    Now processing file /home/runner/work/key/key/key.core/../key.ui/examples/heap/list/ArrayList_inv.key 
129552     INFO  main            d.u.i.k.p.i.AbstractProblemLoader Loading environment from /home/runner/work/key/key/key.core/../key.ui/examples/heap/list/ArrayList_inv.key 
129552     DEBUG main            d.u.i.k.p.i.AbstractProblemLoader Environment load took 234.72ns 
129553     INFO  main            d.u.i.k.p.i.AbstractProblemLoader Creating init config 
130785     DEBUG main            d.u.i.k.j.r.ClassPreparationMethodBuilder clPrepBuilder: Inner Class detected. Reject building class initialisation methods. 
133308     DEBUG main            d.u.i.k.p.i.AbstractProblemLoader Init config took 3.75s 
133362     INFO  main            d.u.i.k.p.i.AbstractProblemLoader Replaying proof ArrayList[java.lang.Object::<inv>()].JML accessible clause.0 
133363     DEBUG main            d.u.i.k.p.i.IntermediateProofReplayer Proof replay took 6.9ns 
133769     INFO  main            d.u.i.k.p.r.p.TestFile    ... finished proof: closed. 
134043     INFO  main            d.u.i.k.p.i.AbstractProblemLoader Loading environment from /home/runner/work/key/key/key.core/../key.ui/examples/heap/list/ArrayList_inv.key.proof 
134043     DEBUG main            d.u.i.k.p.i.AbstractProblemLoader Environment load took 538.93ns 
134045     INFO  main            d.u.i.k.p.i.AbstractProblemLoader Creating init config 
135264     DEBUG main            d.u.i.k.j.r.ClassPreparationMethodBuilder clPrepBuilder: Inner Class detected. Reject building class initialisation methods. 
137714     DEBUG main            d.u.i.k.p.i.AbstractProblemLoader Init config took 3.67s 
137785     INFO  main            d.u.i.k.p.i.AbstractProblemLoader Replaying proof ArrayList[java.lang.Object::<inv>()].JML accessible clause.0 
137836     DEBUG main            d.u.i.k.p.i.IntermediateProofReplayer Proof replay took 48.13ms 
137838     DEBUG main            d.u.i.k.p.r.p.TestFile    ... success: reloaded. 
137839     INFO  main            d.u.i.k.p.r.p.TestFile    Now processing file /home/runner/work/key/key/key.core/../key.ui/examples/heap/list/ArrayList_iterator.key 
137839     INFO  main            d.u.i.k.p.i.AbstractProblemLoader Loading environment from /home/runner/work/key/key/key.core/../key.ui/examples/heap/list/ArrayList_iterator.key 
137840     DEBUG main            d.u.i.k.p.i.AbstractProblemLoader Environment load took 179.61ns 
137841     INFO  main            d.u.i.k.p.i.AbstractProblemLoader Creating init config 
139017     DEBUG main            d.u.i.k.j.r.ClassPreparationMethodBuilder clPrepBuilder: Inner Class detected. Reject building class initialisation methods. 
141525     DEBUG main            d.u.i.k.p.i.AbstractProblemLoader Init config took 3.68s 
141601     INFO  main            d.u.i.k.p.i.AbstractProblemLoader Replaying proof ArrayList[List::iterator()].JML normal_behavior operation contract.0 
141603     DEBUG main            d.u.i.k.p.i.IntermediateProofReplayer Proof replay took 6.6ns 
142208     INFO  main            d.u.i.k.p.r.p.TestFile    ... finished proof: closed. 
142486     INFO  main            d.u.i.k.p.i.AbstractProblemLoader Loading environment from /home/runner/work/key/key/key.core/../key.ui/examples/heap/list/ArrayList_iterator.key.proof 
142486     DEBUG main            d.u.i.k.p.i.AbstractProblemLoader Environment load took 146.41ns 
142488     INFO  main            d.u.i.k.p.i.AbstractProblemLoader Creating init config 
143708     DEBUG main            d.u.i.k.j.r.ClassPreparationMethodBuilder clPrepBuilder: Inner Class detected. Reject building class initialisation methods. 
146232     DEBUG main            d.u.i.k.p.i.AbstractProblemLoader Init config took 3.74s 
146299     INFO  main            d.u.i.k.p.i.AbstractProblemLoader Replaying proof ArrayList[List::iterator()].JML normal_behavior operation contract.0 
146410     DEBUG main            d.u.i.k.p.i.IntermediateProofReplayer Proof replay took 103.51ms 
146412     DEBUG main            d.u.i.k.p.r.p.TestFile    ... success: reloaded. 
146414     INFO  main            d.u.i.k.p.r.p.TestFile    Now processing file /home/runner/work/key/key/key.core/../key.ui/examples/heap/list/ArrayList_size_dep.key 
146414     INFO  main            d.u.i.k.p.i.AbstractProblemLoader Loading environment from /home/runner/work/key/key/key.core/../key.ui/examples/heap/list/ArrayList_size_dep.key 
146414     DEBUG main            d.u.i.k.p.i.AbstractProblemLoader Environment load took 278.02ns 
146416     INFO  main            d.u.i.k.p.i.AbstractProblemLoader Creating init config 
147610     DEBUG main            d.u.i.k.j.r.ClassPreparationMethodBuilder clPrepBuilder: Inner Class detected. Reject building class initialisation methods. 
150058     DEBUG main            d.u.i.k.p.i.AbstractProblemLoader Init config took 3.64s 
150110     INFO  main            d.u.i.k.p.i.AbstractProblemLoader Replaying proof ArrayList[List::size()].JML accessible clause.0 
150112     DEBUG main            d.u.i.k.p.i.IntermediateProofReplayer Proof replay took 6.1ns 
150316     INFO  main            d.u.i.k.p.r.p.TestFile    ... finished proof: closed. 
150585     INFO  main            d.u.i.k.p.i.AbstractProblemLoader Loading environment from /home/runner/work/key/key/key.core/../key.ui/examples/heap/list/ArrayList_size_dep.key.proof 
150585     DEBUG main            d.u.i.k.p.i.AbstractProblemLoader Environment load took 157.21ns 
150587     INFO  main            d.u.i.k.p.i.AbstractProblemLoader Creating init config 
151814     DEBUG main            d.u.i.k.j.r.ClassPreparationMethodBuilder clPrepBuilder: Inner Class detected. Reject building class initialisation methods. 
154307     DEBUG main            d.u.i.k.p.i.AbstractProblemLoader Init config took 3.72s 
154358     INFO  main            d.u.i.k.p.i.AbstractProblemLoader Replaying proof ArrayList[List::size()].JML accessible clause.0 
154387     DEBUG main            d.u.i.k.p.i.IntermediateProofReplayer Proof replay took 26.36ms 
154389     DEBUG main            d.u.i.k.p.r.p.TestFile    ... success: reloaded. 
154390     INFO  main            d.u.i.k.p.r.p.TestFile    Now processing file /home/runner/work/key/key/key.core/../key.ui/examples/heap/list/ArrayList_size.key 
154391     INFO  main            d.u.i.k.p.i.AbstractProblemLoader Loading environment from /home/runner/work/key/key/key.core/../key.ui/examples/heap/list/ArrayList_size.key 
154391     DEBUG main            d.u.i.k.p.i.AbstractProblemLoader Environment load took 270.02ns 
154392     INFO  main            d.u.i.k.p.i.AbstractProblemLoader Creating init config 
155606     DEBUG main            d.u.i.k.j.r.ClassPreparationMethodBuilder clPrepBuilder: Inner Class detected. Reject building class initialisation methods. 
158272     DEBUG main            d.u.i.k.p.i.AbstractProblemLoader Init config took 3.88s 
158326     INFO  main            d.u.i.k.p.i.AbstractProblemLoader Replaying proof ArrayList[List::size()].JML normal_behavior operation contract.0 
158328     DEBUG main            d.u.i.k.p.i.IntermediateProofReplayer Proof replay took 6.2ns 
158632     INFO  main            d.u.i.k.p.r.p.TestFile    ... finished proof: closed. 
158913     INFO  main            d.u.i.k.p.i.AbstractProblemLoader Loading environment from /home/runner/work/key/key/key.core/../key.ui/examples/heap/list/ArrayList_size.key.proof 
158914     DEBUG main            d.u.i.k.p.i.AbstractProblemLoader Environment load took 141.71ns 
158915     INFO  main            d.u.i.k.p.i.AbstractProblemLoader Creating init config 
160079     DEBUG main            d.u.i.k.j.r.ClassPreparationMethodBuilder clPrepBuilder: Inner Class detected. Reject building class initialisation methods. 
162526     DEBUG main            d.u.i.k.p.i.AbstractProblemLoader Init config took 3.61s 
162591     INFO  main            d.u.i.k.p.i.AbstractProblemLoader Replaying proof ArrayList[List::size()].JML normal_behavior operation contract.0 
162635     DEBUG main            d.u.i.k.p.i.IntermediateProofReplayer Proof replay took 40.31ms 
162636     DEBUG main            d.u.i.k.p.r.p.TestFile    ... success: reloaded. 
162638     INFO  main            d.u.i.k.p.r.p.TestFile    Now processing file /home/runner/work/key/key/key.core/../key.ui/examples/heap/list/ArrayList.ArrayListIterator_ArrayListIterator.key 
162638     INFO  main            d.u.i.k.p.i.AbstractProblemLoader Loading environment from /home/runner/work/key/key/key.core/../key.ui/examples/heap/list/ArrayList.ArrayListIterator_ArrayListIterator.key 
162639     DEBUG main            d.u.i.k.p.i.AbstractProblemLoader Environment load took 265.72ns 
162640     INFO  main            d.u.i.k.p.i.AbstractProblemLoader Creating init config 
163891     DEBUG main            d.u.i.k.j.r.ClassPreparationMethodBuilder clPrepBuilder: Inner Class detected. Reject building class initialisation methods. 
166492     DEBUG main            d.u.i.k.p.i.AbstractProblemLoader Init config took 3.85s 
166580     INFO  main            d.u.i.k.p.i.AbstractProblemLoader Replaying proof ArrayList.ArrayListIterator[ArrayList.ArrayListIterator::ArrayListIterator(ArrayList)].JML normal_behavior operation contract.0 
166582     DEBUG main            d.u.i.k.p.i.IntermediateProofReplayer Proof replay took 6.6ns 
167286     INFO  main            d.u.i.k.p.r.p.TestFile    ... finished proof: closed. 
167593     INFO  main            d.u.i.k.p.i.AbstractProblemLoader Loading environment from /home/runner/work/key/key/key.core/../key.ui/examples/heap/list/ArrayList.ArrayListIterator_ArrayListIterator.key.proof 
167594     DEBUG main            d.u.i.k.p.i.AbstractProblemLoader Environment load took 231.71ns 
167595     INFO  main            d.u.i.k.p.i.AbstractProblemLoader Creating init config 
168811     DEBUG main            d.u.i.k.j.r.ClassPreparationMethodBuilder clPrepBuilder: Inner Class detected. Reject building class initialisation methods. 
171339     DEBUG main            d.u.i.k.p.i.AbstractProblemLoader Init config took 3.74s 
171417     INFO  main            d.u.i.k.p.i.AbstractProblemLoader Replaying proof ArrayList.ArrayListIterator[ArrayList.ArrayListIterator::ArrayListIterator(ArrayList)].JML normal_behavior operation contract.0 
171553     DEBUG main            d.u.i.k.p.i.IntermediateProofReplayer Proof replay took 129.81ms 
171554     DEBUG main            d.u.i.k.p.r.p.TestFile    ... success: reloaded. 
171556     INFO  main            d.u.i.k.p.r.p.TestFile    Now processing file /home/runner/work/key/key/key.core/../key.ui/examples/heap/list/ArrayList.ArrayListIterator_hasNext_dep.key 
171556     INFO  main            d.u.i.k.p.i.AbstractProblemLoader Loading environment from /home/runner/work/key/key/key.core/../key.ui/examples/heap/list/ArrayList.ArrayListIterator_hasNext_dep.key 
171556     DEBUG main            d.u.i.k.p.i.AbstractProblemLoader Environment load took 366.42ns 
171558     INFO  main            d.u.i.k.p.i.AbstractProblemLoader Creating init config 
172817     DEBUG main            d.u.i.k.j.r.ClassPreparationMethodBuilder clPrepBuilder: Inner Class detected. Reject building class initialisation methods. 
175410     DEBUG main            d.u.i.k.p.i.AbstractProblemLoader Init config took 3.85s 
175476     INFO  main            d.u.i.k.p.i.AbstractProblemLoader Replaying proof ArrayList.ArrayListIterator[ListIterator::hasNext()].JML accessible clause.0 
175478     DEBUG main            d.u.i.k.p.i.IntermediateProofReplayer Proof replay took 6.6ns 
175882     INFO  main            d.u.i.k.p.r.p.TestFile    ... finished proof: closed. 
176183     INFO  main            d.u.i.k.p.i.AbstractProblemLoader Loading environment from /home/runner/work/key/key/key.core/../key.ui/examples/heap/list/ArrayList.ArrayListIterator_hasNext_dep.key.proof 
176183     DEBUG main            d.u.i.k.p.i.AbstractProblemLoader Environment load took 163.91ns 
176184     INFO  main            d.u.i.k.p.i.AbstractProblemLoader Creating init config 
177395     DEBUG main            d.u.i.k.j.r.ClassPreparationMethodBuilder clPrepBuilder: Inner Class detected. Reject building class initialisation methods. 
179972     DEBUG main            d.u.i.k.p.i.AbstractProblemLoader Init config took 3.79s 
180048     INFO  main            d.u.i.k.p.i.AbstractProblemLoader Replaying proof ArrayList.ArrayListIterator[ListIterator::hasNext()].JML accessible clause.0 
180121     DEBUG main            d.u.i.k.p.i.IntermediateProofReplayer Proof replay took 70.37ms 
180124     DEBUG main            d.u.i.k.p.r.p.TestFile    ... success: reloaded. 
180125     INFO  main            d.u.i.k.p.r.p.TestFile    Now processing file /home/runner/work/key/key/key.core/../key.ui/examples/heap/list/ArrayList.ArrayListIterator_hasNext.key 
180126     INFO  main            d.u.i.k.p.i.AbstractProblemLoader Loading environment from /home/runner/work/key/key/key.core/../key.ui/examples/heap/list/ArrayList.ArrayListIterator_hasNext.key 
180126     DEBUG main            d.u.i.k.p.i.AbstractProblemLoader Environment load took 201.61ns 
180128     INFO  main            d.u.i.k.p.i.AbstractProblemLoader Creating init config 
181420     DEBUG main            d.u.i.k.j.r.ClassPreparationMethodBuilder clPrepBuilder: Inner Class detected. Reject building class initialisation methods. 
184085     DEBUG main            d.u.i.k.p.i.AbstractProblemLoader Init config took 3.96s 
184145     INFO  main            d.u.i.k.p.i.AbstractProblemLoader Replaying proof ArrayList.ArrayListIterator[ListIterator::hasNext()].JML normal_behavior operation contract.0 
184147     DEBUG main            d.u.i.k.p.i.IntermediateProofReplayer Proof replay took 6.6ns 
184549     INFO  main            d.u.i.k.p.r.p.TestFile    ... finished proof: closed. 
184846     INFO  main            d.u.i.k.p.i.AbstractProblemLoader Loading environment from /home/runner/work/key/key/key.core/../key.ui/examples/heap/list/ArrayList.ArrayListIterator_hasNext.key.proof 
184846     DEBUG main            d.u.i.k.p.i.AbstractProblemLoader Environment load took 140.21ns 
184847     INFO  main            d.u.i.k.p.i.AbstractProblemLoader Creating init config 
186036     DEBUG main            d.u.i.k.j.r.ClassPreparationMethodBuilder clPrepBuilder: Inner Class detected. Reject building class initialisation methods. 
188462     DEBUG main            d.u.i.k.p.i.AbstractProblemLoader Init config took 3.61s 
188519     INFO  main            d.u.i.k.p.i.AbstractProblemLoader Replaying proof ArrayList.ArrayListIterator[ListIterator::hasNext()].JML normal_behavior operation contract.0 
188601     DEBUG main            d.u.i.k.p.i.IntermediateProofReplayer Proof replay took 78.45ms 
188602     DEBUG main            d.u.i.k.p.r.p.TestFile    ... success: reloaded. 
188603     INFO  main            d.u.i.k.p.r.p.TestFile    Now processing file /home/runner/work/key/key/key.core/../key.ui/examples/heap/list/ArrayList.ArrayListIterator_inv.key 
188603     INFO  main            d.u.i.k.p.i.AbstractProblemLoader Loading environment from /home/runner/work/key/key/key.core/../key.ui/examples/heap/list/ArrayList.ArrayListIterator_inv.key 
188603     DEBUG main            d.u.i.k.p.i.AbstractProblemLoader Environment load took 64.81ns 
188604     INFO  main            d.u.i.k.p.i.AbstractProblemLoader Creating init config 
189787     DEBUG main            d.u.i.k.j.r.ClassPreparationMethodBuilder clPrepBuilder: Inner Class detected. Reject building class initialisation methods. 
192281     DEBUG main            d.u.i.k.p.i.AbstractProblemLoader Init config took 3.68s 
192339     INFO  main            d.u.i.k.p.i.AbstractProblemLoader Replaying proof ArrayList.ArrayListIterator[java.lang.Object::<inv>()].JML accessible clause.0 
192341     DEBUG main            d.u.i.k.p.i.IntermediateProofReplayer Proof replay took 6.1ns 
193377     INFO  main            d.u.i.k.p.r.p.TestFile    ... finished proof: closed. 
193667     INFO  main            d.u.i.k.p.i.AbstractProblemLoader Loading environment from /home/runner/work/key/key/key.core/../key.ui/examples/heap/list/ArrayList.ArrayListIterator_inv.key.proof 
193668     DEBUG main            d.u.i.k.p.i.AbstractProblemLoader Environment load took 520.03ns 
193669     INFO  main            d.u.i.k.p.i.AbstractProblemLoader Creating init config 
194912     DEBUG main            d.u.i.k.j.r.ClassPreparationMethodBuilder clPrepBuilder: Inner Class detected. Reject building class initialisation methods. 
197340     DEBUG main            d.u.i.k.p.i.AbstractProblemLoader Init config took 3.67s 
197403     INFO  main            d.u.i.k.p.i.AbstractProblemLoader Replaying proof ArrayList.ArrayListIterator[java.lang.Object::<inv>()].JML accessible clause.0 
197539     DEBUG main            d.u.i.k.p.i.IntermediateProofReplayer Proof replay took 131.29ms 
197541     DEBUG main            d.u.i.k.p.r.p.TestFile    ... success: reloaded. 
197543     INFO  main            d.u.i.k.p.r.p.TestFile    Now processing file /home/runner/work/key/key/key.core/../key.ui/examples/heap/list/ArrayList.ArrayListIterator_list.key 
197543     INFO  main            d.u.i.k.p.i.AbstractProblemLoader Loading environment from /home/runner/work/key/key/key.core/../key.ui/examples/heap/list/ArrayList.ArrayListIterator_list.key 
197543     DEBUG main            d.u.i.k.p.i.AbstractProblemLoader Environment load took 262.42ns 
197546     INFO  main            d.u.i.k.p.i.AbstractProblemLoader Creating init config 
198786     DEBUG main            d.u.i.k.j.r.ClassPreparationMethodBuilder clPrepBuilder: Inner Class detected. Reject building class initialisation methods. 
201232     DEBUG main            d.u.i.k.p.i.AbstractProblemLoader Init config took 3.69s 
201276     INFO  main            d.u.i.k.p.i.AbstractProblemLoader Replaying proof ListIterator[ListIterator::$list()].JML accessible clause.0 
201278     DEBUG main            d.u.i.k.p.i.IntermediateProofReplayer Proof replay took 6.3ns 
201381     INFO  main            d.u.i.k.p.r.p.TestFile    ... finished proof: closed. 
201682     INFO  main            d.u.i.k.p.i.AbstractProblemLoader Loading environment from /home/runner/work/key/key/key.core/../key.ui/examples/heap/list/ArrayList.ArrayListIterator_list.key.proof 
201682     DEBUG main            d.u.i.k.p.i.AbstractProblemLoader Environment load took 121.21ns 
201683     INFO  main            d.u.i.k.p.i.AbstractProblemLoader Creating init config 
202836     DEBUG main            d.u.i.k.j.r.ClassPreparationMethodBuilder clPrepBuilder: Inner Class detected. Reject building class initialisation methods. 
205237     DEBUG main            d.u.i.k.p.i.AbstractProblemLoader Init config took 3.55s 
205285     INFO  main            d.u.i.k.p.i.AbstractProblemLoader Replaying proof ListIterator[ListIterator::$list()].JML accessible clause.0 
205288     DEBUG main            d.u.i.k.p.i.IntermediateProofReplayer Proof replay took 1.21ms 
205289     DEBUG main            d.u.i.k.p.r.p.TestFile    ... success: reloaded. 
205290     INFO  main            d.u.i.k.p.r.p.TestFile    Now processing file /home/runner/work/key/key/key.core/../key.ui/examples/heap/list/ArrayList.ArrayListIterator_next_exceptional.key 
205290     INFO  main            d.u.i.k.p.i.AbstractProblemLoader Loading environment from /home/runner/work/key/key/key.core/../key.ui/examples/heap/list/ArrayList.ArrayListIterator_next_exceptional.key 
205290     DEBUG main            d.u.i.k.p.i.AbstractProblemLoader Environment load took 69ns 
205291     INFO  main            d.u.i.k.p.i.AbstractProblemLoader Creating init config 
206500     DEBUG main            d.u.i.k.j.r.ClassPreparationMethodBuilder clPrepBuilder: Inner Class detected. Reject building class initialisation methods. 
208985     DEBUG main            d.u.i.k.p.i.AbstractProblemLoader Init config took 3.69s 
209050     INFO  main            d.u.i.k.p.i.AbstractProblemLoader Replaying proof ArrayList.ArrayListIterator[ListIterator::next()].JML exceptional_behavior operation contract.0 
209054     DEBUG main            d.u.i.k.p.i.IntermediateProofReplayer Proof replay took 7.3ns 
210093     INFO  main            d.u.i.k.p.r.p.TestFile    ... finished proof: closed. 
210409     INFO  main            d.u.i.k.p.i.AbstractProblemLoader Loading environment from /home/runner/work/key/key/key.core/../key.ui/examples/heap/list/ArrayList.ArrayListIterator_next_exceptional.key.proof 
210410     DEBUG main            d.u.i.k.p.i.AbstractProblemLoader Environment load took 517.53ns 
210411     INFO  main            d.u.i.k.p.i.AbstractProblemLoader Creating init config 
211619     DEBUG main            d.u.i.k.j.r.ClassPreparationMethodBuilder clPrepBuilder: Inner Class detected. Reject building class initialisation methods. 
214057     DEBUG main            d.u.i.k.p.i.AbstractProblemLoader Init config took 3.65s 
214116     INFO  main            d.u.i.k.p.i.AbstractProblemLoader Replaying proof ArrayList.ArrayListIterator[ListIterator::next()].JML exceptional_behavior operation contract.0 
214288     DEBUG main            d.u.i.k.p.i.IntermediateProofReplayer Proof replay took 166.25ms 
214290     DEBUG main            d.u.i.k.p.r.p.TestFile    ... success: reloaded. 
214291     INFO  main            d.u.i.k.p.r.p.TestFile    Now processing file /home/runner/work/key/key/key.core/../key.ui/examples/heap/list/ArrayList.ArrayListIterator_next_normal.key 
214291     INFO  main            d.u.i.k.p.i.AbstractProblemLoader Loading environment from /home/runner/work/key/key/key.core/../key.ui/examples/heap/list/ArrayList.ArrayListIterator_next_normal.key 
214292     DEBUG main            d.u.i.k.p.i.AbstractProblemLoader Environment load took 254.92ns 
214293     INFO  main            d.u.i.k.p.i.AbstractProblemLoader Creating init config 
215491     DEBUG main            d.u.i.k.j.r.ClassPreparationMethodBuilder clPrepBuilder: Inner Class detected. Reject building class initialisation methods. 
217940     DEBUG main            d.u.i.k.p.i.AbstractProblemLoader Init config took 3.65s 
217998     INFO  main            d.u.i.k.p.i.AbstractProblemLoader Replaying proof ArrayList.ArrayListIterator[ListIterator::next()].JML normal_behavior operation contract.0 
218000     DEBUG main            d.u.i.k.p.i.IntermediateProofReplayer Proof replay took 6ns 
219106     INFO  main            d.u.i.k.p.r.p.TestFile    ... finished proof: closed. 
219427     INFO  main            d.u.i.k.p.i.AbstractProblemLoader Loading environment from /home/runner/work/key/key/key.core/../key.ui/examples/heap/list/ArrayList.ArrayListIterator_next_normal.key.proof 
219427     DEBUG main            d.u.i.k.p.i.AbstractProblemLoader Environment load took 218.61ns 
219429     INFO  main            d.u.i.k.p.i.AbstractProblemLoader Creating init config 
220572     DEBUG main            d.u.i.k.j.r.ClassPreparationMethodBuilder clPrepBuilder: Inner Class detected. Reject building class initialisation methods. 
222962     DEBUG main            d.u.i.k.p.i.AbstractProblemLoader Init config took 3.53s 
223037     INFO  main            d.u.i.k.p.i.AbstractProblemLoader Replaying proof ArrayList.ArrayListIterator[ListIterator::next()].JML normal_behavior operation contract.0 
223259     DEBUG main            d.u.i.k.p.i.IntermediateProofReplayer Proof replay took 216.99ms 
223261     DEBUG main            d.u.i.k.p.r.p.TestFile    ... success: reloaded. 
223262     INFO  main            d.u.i.k.p.r.p.TestFile    Now processing file /home/runner/work/key/key/key.core/../key.ui/examples/heap/list/ArrayList.ArrayListIterator_pos.key 
223262     INFO  main            d.u.i.k.p.i.AbstractProblemLoader Loading environment from /home/runner/work/key/key/key.core/../key.ui/examples/heap/list/ArrayList.ArrayListIterator_pos.key 
223262     DEBUG main            d.u.i.k.p.i.AbstractProblemLoader Environment load took 145.31ns 
223263     INFO  main            d.u.i.k.p.i.AbstractProblemLoader Creating init config 
224467     DEBUG main            d.u.i.k.j.r.ClassPreparationMethodBuilder clPrepBuilder: Inner Class detected. Reject building class initialisation methods. 
226913     DEBUG main            d.u.i.k.p.i.AbstractProblemLoader Init config took 3.65s 
226956     INFO  main            d.u.i.k.p.i.AbstractProblemLoader Replaying proof ListIterator[ListIterator::$pos()].JML accessible clause.0 
226958     DEBUG main            d.u.i.k.p.i.IntermediateProofReplayer Proof replay took 6.1ns 
227063     INFO  main            d.u.i.k.p.r.p.TestFile    ... finished proof: closed. 
227430     INFO  main            d.u.i.k.p.i.AbstractProblemLoader Loading environment from /home/runner/work/key/key/key.core/../key.ui/examples/heap/list/ArrayList.ArrayListIterator_pos.key.proof 
227430     DEBUG main            d.u.i.k.p.i.AbstractProblemLoader Environment load took 119.01ns 
227431     INFO  main            d.u.i.k.p.i.AbstractProblemLoader Creating init config 
228611     DEBUG main            d.u.i.k.j.r.ClassPreparationMethodBuilder clPrepBuilder: Inner Class detected. Reject building class initialisation methods. 
230967     DEBUG main            d.u.i.k.p.i.AbstractProblemLoader Init config took 3.54s 
231014     INFO  main            d.u.i.k.p.i.AbstractProblemLoader Replaying proof ListIterator[ListIterator::$pos()].JML accessible clause.0 
231017     DEBUG main            d.u.i.k.p.i.IntermediateProofReplayer Proof replay took 1.1ms 
231018     DEBUG main            d.u.i.k.p.r.p.TestFile    ... success: reloaded. 
231019     INFO  main            d.u.i.k.p.r.p.TestFile    Now processing file /home/runner/work/key/key/key.core/../key.ui/examples/heap/list/Client_m.key 
231019     INFO  main            d.u.i.k.p.i.AbstractProblemLoader Loading environment from /home/runner/work/key/key/key.core/../key.ui/examples/heap/list/Client_m.key 
231019     DEBUG main            d.u.i.k.p.i.AbstractProblemLoader Environment load took 111.31ns 
231020     INFO  main            d.u.i.k.p.i.AbstractProblemLoader Creating init config 
232191     DEBUG main            d.u.i.k.j.r.ClassPreparationMethodBuilder clPrepBuilder: Inner Class detected. Reject building class initialisation methods. 
234672     DEBUG main            d.u.i.k.p.i.AbstractProblemLoader Init config took 3.65s 
234718     INFO  main            d.u.i.k.p.i.AbstractProblemLoader Replaying proof Client[Client::m(List)].JML normal_behavior operation contract.0 
234720     DEBUG main            d.u.i.k.p.i.IntermediateProofReplayer Proof replay took 6.5ns 
235025     INFO  main            d.u.i.k.p.r.p.TestFile    ... finished proof: closed. 
235363     INFO  main            d.u.i.k.p.i.AbstractProblemLoader Loading environment from /home/runner/work/key/key/key.core/../key.ui/examples/heap/list/Client_m.key.proof 
235363     DEBUG main            d.u.i.k.p.i.AbstractProblemLoader Environment load took 125.91ns 
235364     INFO  main            d.u.i.k.p.i.AbstractProblemLoader Creating init config 
236525     DEBUG main            d.u.i.k.j.r.ClassPreparationMethodBuilder clPrepBuilder: Inner Class detected. Reject building class initialisation methods. 
238866     DEBUG main            d.u.i.k.p.i.AbstractProblemLoader Init config took 3.5s 
238910     INFO  main            d.u.i.k.p.i.AbstractProblemLoader Replaying proof Client[Client::m(List)].JML normal_behavior operation contract.0 
238979     DEBUG main            d.u.i.k.p.i.IntermediateProofReplayer Proof replay took 66.34ms 
238981     DEBUG main            d.u.i.k.p.r.p.TestFile    ... success: reloaded. 
238982     INFO  main            d.u.i.k.p.r.p.TestFile    Now processing file /home/runner/work/key/key/key.core/../key.ui/examples/heap/list/Client_n.key 
238982     INFO  main            d.u.i.k.p.i.AbstractProblemLoader Loading environment from /home/runner/work/key/key/key.core/../key.ui/examples/heap/list/Client_n.key 
238982     DEBUG main            d.u.i.k.p.i.AbstractProblemLoader Environment load took 178.01ns 
238983     INFO  main            d.u.i.k.p.i.AbstractProblemLoader Creating init config 
240207     DEBUG main            d.u.i.k.j.r.ClassPreparationMethodBuilder clPrepBuilder: Inner Class detected. Reject building class initialisation methods. 
242592     DEBUG main            d.u.i.k.p.i.AbstractProblemLoader Init config took 3.61s 
242661     INFO  main            d.u.i.k.p.i.AbstractProblemLoader Replaying proof Client[Client::n(List)].JML normal_behavior operation contract.0 
242662     DEBUG main            d.u.i.k.p.i.IntermediateProofReplayer Proof replay took 7.7ns 
242768     INFO  main            d.u.i.k.p.r.p.TestFile    ... finished proof: closed. 
243306     INFO  main            d.u.i.k.p.i.AbstractProblemLoader Loading environment from /home/runner/work/key/key/key.core/../key.ui/examples/heap/list/Client_n.key.proof 
243306     DEBUG main            d.u.i.k.p.i.AbstractProblemLoader Environment load took 115.61ns 
243307     INFO  main            d.u.i.k.p.i.AbstractProblemLoader Creating init config 
244465     DEBUG main            d.u.i.k.j.r.ClassPreparationMethodBuilder clPrepBuilder: Inner Class detected. Reject building class initialisation methods. 
246802     DEBUG main            d.u.i.k.p.i.AbstractProblemLoader Init config took 3.49s 
246851     INFO  main            d.u.i.k.p.i.AbstractProblemLoader Replaying proof Client[Client::n(List)].JML normal_behavior operation contract.0 
246872     DEBUG main            d.u.i.k.p.i.IntermediateProofReplayer Proof replay took 19.68ms 
246873     DEBUG main            d.u.i.k.p.r.p.TestFile    ... success: reloaded. 
246874     INFO  main            d.u.i.k.p.r.p.TestFile    Now processing file /home/runner/work/key/key/key.core/../key.ui/examples/heap/list/LinkedList_get_exceptional.key 
246875     INFO  main            d.u.i.k.p.i.AbstractProblemLoader Loading environment from /home/runner/work/key/key/key.core/../key.ui/examples/heap/list/LinkedList_get_exceptional.key 
246875     DEBUG main            d.u.i.k.p.i.AbstractProblemLoader Environment load took 107.41ns 
246876     INFO  main            d.u.i.k.p.i.AbstractProblemLoader Creating init config 
248047     DEBUG main            d.u.i.k.j.r.ClassPreparationMethodBuilder clPrepBuilder: Inner Class detected. Reject building class initialisation methods. 
250543     DEBUG main            d.u.i.k.p.i.AbstractProblemLoader Init config took 3.67s 
250594     INFO  main            d.u.i.k.p.i.AbstractProblemLoader Replaying proof LinkedList[List::get(int)].JML exceptional_behavior operation contract.0 
250596     DEBUG main            d.u.i.k.p.i.IntermediateProofReplayer Proof replay took 6.7ns 
253037     INFO  main            d.u.i.k.p.r.p.TestFile    ... finished proof: closed. 
253428     INFO  main            d.u.i.k.p.i.AbstractProblemLoader Loading environment from /home/runner/work/key/key/key.core/../key.ui/examples/heap/list/LinkedList_get_exceptional.key.proof 
253428     DEBUG main            d.u.i.k.p.i.AbstractProblemLoader Environment load took 549.83ns 
253430     INFO  main            d.u.i.k.p.i.AbstractProblemLoader Creating init config 
254620     DEBUG main            d.u.i.k.j.r.ClassPreparationMethodBuilder clPrepBuilder: Inner Class detected. Reject building class initialisation methods. 
257077     DEBUG main            d.u.i.k.p.i.AbstractProblemLoader Init config took 3.65s 
257129     INFO  main            d.u.i.k.p.i.AbstractProblemLoader Replaying proof LinkedList[List::get(int)].JML exceptional_behavior operation contract.0 
257504     DEBUG main            d.u.i.k.p.i.IntermediateProofReplayer Proof replay took 365.29ms 
257506     DEBUG main            d.u.i.k.p.r.p.TestFile    ... success: reloaded. 
257507     INFO  main            d.u.i.k.p.r.p.TestFile    Now processing file /home/runner/work/key/key/key.core/../key.ui/examples/heap/list/LinkedList_get_normal.key 
257507     INFO  main            d.u.i.k.p.i.AbstractProblemLoader Loading environment from /home/runner/work/key/key/key.core/../key.ui/examples/heap/list/LinkedList_get_normal.key 
257507     DEBUG main            d.u.i.k.p.i.AbstractProblemLoader Environment load took 141.8ns 
257508     INFO  main            d.u.i.k.p.i.AbstractProblemLoader Creating init config 
258728     DEBUG main            d.u.i.k.j.r.ClassPreparationMethodBuilder clPrepBuilder: Inner Class detected. Reject building class initialisation methods. 
261172     DEBUG main            d.u.i.k.p.i.AbstractProblemLoader Init config took 3.66s 
261231     INFO  main            d.u.i.k.p.i.AbstractProblemLoader Replaying proof LinkedList[List::get(int)].JML normal_behavior operation contract.0 
261232     DEBUG main            d.u.i.k.p.i.IntermediateProofReplayer Proof replay took 7.3ns 
267189     INFO  main            d.u.i.k.p.r.p.TestFile    ... finished proof: closed. 
267594     INFO  main            d.u.i.k.p.i.AbstractProblemLoader Loading environment from /home/runner/work/key/key/key.core/../key.ui/examples/heap/list/LinkedList_get_normal.key.proof 
267594     DEBUG main            d.u.i.k.p.i.AbstractProblemLoader Environment load took 339.02ns 
267597     INFO  main            d.u.i.k.p.i.AbstractProblemLoader Creating init config 
268780     DEBUG main            d.u.i.k.j.r.ClassPreparationMethodBuilder clPrepBuilder: Inner Class detected. Reject building class initialisation methods. 
271174     DEBUG main            d.u.i.k.p.i.AbstractProblemLoader Init config took 3.58s 
271224     INFO  main            d.u.i.k.p.i.AbstractProblemLoader Replaying proof LinkedList[List::get(int)].JML normal_behavior operation contract.0 
271757     DEBUG main            d.u.i.k.p.i.IntermediateProofReplayer Proof replay took 508.11ms 
271759     DEBUG main            d.u.i.k.p.r.p.TestFile    ... success: reloaded. 
271760     INFO  main            d.u.i.k.p.r.p.TestFile    Now processing file /home/runner/work/key/key/key.core/../key.ui/examples/heap/list/LinkedList_LinkedList.key 
271760     INFO  main            d.u.i.k.p.i.AbstractProblemLoader Loading environment from /home/runner/work/key/key/key.core/../key.ui/examples/heap/list/LinkedList_LinkedList.key 
271761     DEBUG main            d.u.i.k.p.i.AbstractProblemLoader Environment load took 65.8ns 
271762     INFO  main            d.u.i.k.p.i.AbstractProblemLoader Creating init config 
272964     DEBUG main            d.u.i.k.j.r.ClassPreparationMethodBuilder clPrepBuilder: Inner Class detected. Reject building class initialisation methods. 
275340     DEBUG main            d.u.i.k.p.i.AbstractProblemLoader Init config took 3.58s 
275389     INFO  main            d.u.i.k.p.i.AbstractProblemLoader Replaying proof LinkedList[LinkedList::LinkedList()].JML normal_behavior operation contract.0 
275391     DEBUG main            d.u.i.k.p.i.IntermediateProofReplayer Proof replay took 7.4ns 
275997     INFO  main            d.u.i.k.p.r.p.TestFile    ... finished proof: closed. 
276406     INFO  main            d.u.i.k.p.i.AbstractProblemLoader Loading environment from /home/runner/work/key/key/key.core/../key.ui/examples/heap/list/LinkedList_LinkedList.key.proof 
276407     DEBUG main            d.u.i.k.p.i.AbstractProblemLoader Environment load took 515.83ns 
276408     INFO  main            d.u.i.k.p.i.AbstractProblemLoader Creating init config 
277577     DEBUG main            d.u.i.k.j.r.ClassPreparationMethodBuilder clPrepBuilder: Inner Class detected. Reject building class initialisation methods. 
279925     DEBUG main            d.u.i.k.p.i.AbstractProblemLoader Init config took 3.52s 
279976     INFO  main            d.u.i.k.p.i.AbstractProblemLoader Replaying proof LinkedList[LinkedList::LinkedList()].JML normal_behavior operation contract.0 
280098     DEBUG main            d.u.i.k.p.i.IntermediateProofReplayer Proof replay took 115.06ms 
280099     DEBUG main            d.u.i.k.p.r.p.TestFile    ... success: reloaded. 
280102     INFO  main            d.u.i.k.p.r.p.TestFile    Now processing file /home/runner/work/key/key/key.core/../key.ui/examples/heap/list/LinkedList_size_dep.key 
280102     INFO  main            d.u.i.k.p.i.AbstractProblemLoader Loading environment from /home/runner/work/key/key/key.core/../key.ui/examples/heap/list/LinkedList_size_dep.key 
280103     DEBUG main            d.u.i.k.p.i.AbstractProblemLoader Environment load took 109.41ns 
280104     INFO  main            d.u.i.k.p.i.AbstractProblemLoader Creating init config 
281311     DEBUG main            d.u.i.k.j.r.ClassPreparationMethodBuilder clPrepBuilder: Inner Class detected. Reject building class initialisation methods. 
283811     DEBUG main            d.u.i.k.p.i.AbstractProblemLoader Init config took 3.71s 
283860     INFO  main            d.u.i.k.p.i.AbstractProblemLoader Replaying proof LinkedList[List::size()].JML accessible clause.0 
283861     DEBUG main            d.u.i.k.p.i.IntermediateProofReplayer Proof replay took 6.5ns 
284464     INFO  main            d.u.i.k.p.r.p.TestFile    ... finished proof: closed. 
284829     INFO  main            d.u.i.k.p.i.AbstractProblemLoader Loading environment from /home/runner/work/key/key/key.core/../key.ui/examples/heap/list/LinkedList_size_dep.key.proof 
284830     DEBUG main            d.u.i.k.p.i.AbstractProblemLoader Environment load took 345.82ns 
284831     INFO  main            d.u.i.k.p.i.AbstractProblemLoader Creating init config 
285986     DEBUG main            d.u.i.k.j.r.ClassPreparationMethodBuilder clPrepBuilder: Inner Class detected. Reject building class initialisation methods. 
288321     DEBUG main            d.u.i.k.p.i.AbstractProblemLoader Init config took 3.49s 
288373     INFO  main            d.u.i.k.p.i.AbstractProblemLoader Replaying proof LinkedList[List::size()].JML accessible clause.0 
288432     DEBUG main            d.u.i.k.p.i.IntermediateProofReplayer Proof replay took 55.04ms 
288433     DEBUG main            d.u.i.k.p.r.p.TestFile    ... success: reloaded. 
288434     INFO  main            d.u.i.k.p.r.p.TestFile    Now processing file /home/runner/work/key/key/key.core/../key.ui/examples/heap/list/LinkedList_size.key 
288434     INFO  main            d.u.i.k.p.i.AbstractProblemLoader Loading environment from /home/runner/work/key/key/key.core/../key.ui/examples/heap/list/LinkedList_size.key 
288434     DEBUG main            d.u.i.k.p.i.AbstractProblemLoader Environment load took 131.43ns 
288435     INFO  main            d.u.i.k.p.i.AbstractProblemLoader Creating init config 
289623     DEBUG main            d.u.i.k.j.r.ClassPreparationMethodBuilder clPrepBuilder: Inner Class detected. Reject building class initialisation methods. 
292019     DEBUG main            d.u.i.k.p.i.AbstractProblemLoader Init config took 3.58s 
292068     INFO  main            d.u.i.k.p.i.AbstractProblemLoader Replaying proof LinkedList[List::size()].JML normal_behavior operation contract.0 
292070     DEBUG main            d.u.i.k.p.i.IntermediateProofReplayer Proof replay took 7.1ns 
292573     INFO  main            d.u.i.k.p.r.p.TestFile    ... finished proof: closed. 
292941     INFO  main            d.u.i.k.p.i.AbstractProblemLoader Loading environment from /home/runner/work/key/key/key.core/../key.ui/examples/heap/list/LinkedList_size.key.proof 
292941     DEBUG main            d.u.i.k.p.i.AbstractProblemLoader Environment load took 162.41ns 
292942     INFO  main            d.u.i.k.p.i.AbstractProblemLoader Creating init config 
294107     DEBUG main            d.u.i.k.j.r.ClassPreparationMethodBuilder clPrepBuilder: Inner Class detected. Reject building class initialisation methods. 
296456     DEBUG main            d.u.i.k.p.i.AbstractProblemLoader Init config took 3.51s 
296506     INFO  main            d.u.i.k.p.i.AbstractProblemLoader Replaying proof LinkedList[List::size()].JML normal_behavior operation contract.0 
296555     DEBUG main            d.u.i.k.p.i.IntermediateProofReplayer Proof replay took 46.36ms 
296556     DEBUG main            d.u.i.k.p.r.p.TestFile    ... success: reloaded. 
296557     INFO  main            d.u.i.k.p.r.p.TestFile    Now processing file /home/runner/work/key/key/key.core/../key.ui/examples/heap/list/MySet_footprint.key 
296558     INFO  main            d.u.i.k.p.i.AbstractProblemLoader Loading environment from /home/runner/work/key/key/key.core/../key.ui/examples/heap/list/MySet_footprint.key 
296558     DEBUG main            d.u.i.k.p.i.AbstractProblemLoader Environment load took 52ns 
296558     INFO  main            d.u.i.k.p.i.AbstractProblemLoader Creating init config 
297789     DEBUG main            d.u.i.k.j.r.ClassPreparationMethodBuilder clPrepBuilder: Inner Class detected. Reject building class initialisation methods. 
300204     DEBUG main            d.u.i.k.p.i.AbstractProblemLoader Init config took 3.65s 
300256     INFO  main            d.u.i.k.p.i.AbstractProblemLoader Replaying proof MySet[MySet::$footprint()].JML accessible clause.0 
300257     DEBUG main            d.u.i.k.p.i.IntermediateProofReplayer Proof replay took 7.6ns 
300560     INFO  main            d.u.i.k.p.r.p.TestFile    ... finished proof: closed. 
300962     INFO  main            d.u.i.k.p.i.AbstractProblemLoader Loading environment from /home/runner/work/key/key/key.core/../key.ui/examples/heap/list/MySet_footprint.key.proof 
300963     DEBUG main            d.u.i.k.p.i.AbstractProblemLoader Environment load took 117.51ns 
300964     INFO  main            d.u.i.k.p.i.AbstractProblemLoader Creating init config 
302116     DEBUG main            d.u.i.k.j.r.ClassPreparationMethodBuilder clPrepBuilder: Inner Class detected. Reject building class initialisation methods. 
304542     DEBUG main            d.u.i.k.p.i.AbstractProblemLoader Init config took 3.58s 
304617     INFO  main            d.u.i.k.p.i.AbstractProblemLoader Replaying proof MySet[MySet::$footprint()].JML accessible clause.0 
304659     DEBUG main            d.u.i.k.p.i.IntermediateProofReplayer Proof replay took 38.93ms 
304660     DEBUG main            d.u.i.k.p.r.p.TestFile    ... success: reloaded. 
304661     INFO  main            d.u.i.k.p.r.p.TestFile    Now processing file /home/runner/work/key/key/key.core/../key.ui/examples/heap/list/MySet_MySet.key 
304662     INFO  main            d.u.i.k.p.i.AbstractProblemLoader Loading environment from /home/runner/work/key/key/key.core/../key.ui/examples/heap/list/MySet_MySet.key 
304662     DEBUG main            d.u.i.k.p.i.AbstractProblemLoader Environment load took 107.81ns 
304663     INFO  main            d.u.i.k.p.i.AbstractProblemLoader Creating init config 
305952     DEBUG main            d.u.i.k.j.r.ClassPreparationMethodBuilder clPrepBuilder: Inner Class detected. Reject building class initialisation methods. 
308479     DEBUG main            d.u.i.k.p.i.AbstractProblemLoader Init config took 3.82s 
308532     INFO  main            d.u.i.k.p.i.AbstractProblemLoader Replaying proof MySet[MySet::MySet()].JML normal_behavior operation contract.0 
308533     DEBUG main            d.u.i.k.p.i.IntermediateProofReplayer Proof replay took 7.8ns 
311243     INFO  main            d.u.i.k.p.r.p.TestFile    ... finished proof: closed. 
311647     INFO  main            d.u.i.k.p.i.AbstractProblemLoader Loading environment from /home/runner/work/key/key/key.core/../key.ui/examples/heap/list/MySet_MySet.key.proof 
311647     DEBUG main            d.u.i.k.p.i.AbstractProblemLoader Environment load took 237.02ns 
311649     INFO  main            d.u.i.k.p.i.AbstractProblemLoader Creating init config 
312811     DEBUG main            d.u.i.k.j.r.ClassPreparationMethodBuilder clPrepBuilder: Inner Class detected. Reject building class initialisation methods. 
315231     DEBUG main            d.u.i.k.p.i.AbstractProblemLoader Init config took 3.58s 
315287     INFO  main            d.u.i.k.p.i.AbstractProblemLoader Replaying proof MySet[MySet::MySet()].JML normal_behavior operation contract.0 
315693     DEBUG main            d.u.i.k.p.i.IntermediateProofReplayer Proof replay took 391.19ms 
315695     DEBUG main            d.u.i.k.p.r.p.TestFile    ... success: reloaded. 
1343241    INFO  Test worker     d.u.i.k.p.r.RunAllProofsTestUnit Returning from test list 
1343242    INFO  Test worker     d.u.i.k.p.r.RunAllProofsTestUnit Running test list_ghost 
442        INFO  Timeout watchdog d.u.i.k.p.r.p.ForkedTestFileRunner Timeout watcher launched (2000 secs.) 
469        WARN  main            d.u.i.k.s.ProofSettings   The settings in /home/runner/.key/proof-settings.props are *not* read. 
527        INFO  main            d.u.i.k.p.r.p.TestFile    Now processing file /home/runner/work/key/key/key.core/../key.ui/examples/heap/list_ghost/ArrayList_add.key 
697        INFO  main            d.u.i.k.p.i.AbstractProblemLoader Loading environment from /home/runner/work/key/key/key.core/../key.ui/examples/heap/list_ghost/ArrayList_add.key 
715        DEBUG main            d.u.i.k.p.i.AbstractProblemLoader Environment load took 2.54ms 
994        INFO  main            d.u.i.k.p.i.AbstractProblemLoader Creating init config 
2032       DEBUG main            d.u.i.k.j.TypeConverter   No LDT found for Meta 
2033       DEBUG main            d.u.i.k.j.TypeConverter   No LDT found for Meta 
2038       DEBUG main            d.u.i.k.j.TypeConverter   No LDT found for Meta 
2038       DEBUG main            d.u.i.k.j.TypeConverter   No LDT found for Meta 
3793       DEBUG main            d.u.i.k.j.TypeConverter   No LDT found for JavaBigintExpression 
9747       DEBUG main            d.u.i.k.p.i.AbstractProblemLoader Init config took 8.75s 
9890       INFO  main            d.u.i.k.p.i.AbstractProblemLoader Replaying proof ArrayList[List::add(java.lang.Object)].JML normal_behavior operation contract.0 
9926       DEBUG main            d.u.i.k.p.i.IntermediateProofReplayer Proof replay took 37.6ns 
15954      INFO  main            d.u.i.k.p.r.p.TestFile    ... finished proof: closed. 
16164      INFO  main            d.u.i.k.p.i.AbstractProblemLoader Loading environment from /home/runner/work/key/key/key.core/../key.ui/examples/heap/list_ghost/ArrayList_add.key.proof 
16164      DEBUG main            d.u.i.k.p.i.AbstractProblemLoader Environment load took 566.94ns 
16168      INFO  main            d.u.i.k.p.i.AbstractProblemLoader Creating init config 
19443      DEBUG main            d.u.i.k.p.i.AbstractProblemLoader Init config took 3.28s 
19513      INFO  main            d.u.i.k.p.i.AbstractProblemLoader Replaying proof ArrayList[List::add(java.lang.Object)].JML normal_behavior operation contract.0 
20390      DEBUG main            d.u.i.k.p.i.IntermediateProofReplayer Proof replay took 855.14ms 
20401      DEBUG main            d.u.i.k.p.r.p.TestFile    ... success: reloaded. 
20403      INFO  main            d.u.i.k.p.r.p.TestFile    Now processing file /home/runner/work/key/key/key.core/../key.ui/examples/heap/list_ghost/ArrayList_ArrayList.key 
20403      INFO  main            d.u.i.k.p.i.AbstractProblemLoader Loading environment from /home/runner/work/key/key/key.core/../key.ui/examples/heap/list_ghost/ArrayList_ArrayList.key 
20404      DEBUG main            d.u.i.k.p.i.AbstractProblemLoader Environment load took 292.22ns 
20405      INFO  main            d.u.i.k.p.i.AbstractProblemLoader Creating init config 
23705      DEBUG main            d.u.i.k.p.i.AbstractProblemLoader Init config took 3.3s 
23778      INFO  main            d.u.i.k.p.i.AbstractProblemLoader Replaying proof ArrayList[ArrayList::ArrayList()].JML normal_behavior operation contract.0 
23793      DEBUG main            d.u.i.k.p.i.IntermediateProofReplayer Proof replay took 8.8ns 
25001      INFO  main            d.u.i.k.p.r.p.TestFile    ... finished proof: closed. 
25210      INFO  main            d.u.i.k.p.i.AbstractProblemLoader Loading environment from /home/runner/work/key/key/key.core/../key.ui/examples/heap/list_ghost/ArrayList_ArrayList.key.proof 
25210      DEBUG main            d.u.i.k.p.i.AbstractProblemLoader Environment load took 244.42ns 
25212      INFO  main            d.u.i.k.p.i.AbstractProblemLoader Creating init config 
28367      DEBUG main            d.u.i.k.p.i.AbstractProblemLoader Init config took 3.16s 
28425      INFO  main            d.u.i.k.p.i.AbstractProblemLoader Replaying proof ArrayList[ArrayList::ArrayList()].JML normal_behavior operation contract.0 
28660      DEBUG main            d.u.i.k.p.i.IntermediateProofReplayer Proof replay took 200.4ms 
28661      DEBUG main            d.u.i.k.p.r.p.TestFile    ... success: reloaded. 
28663      INFO  main            d.u.i.k.p.r.p.TestFile    Now processing file /home/runner/work/key/key/key.core/../key.ui/examples/heap/list_ghost/ArrayList_enlarge.key 
28664      INFO  main            d.u.i.k.p.i.AbstractProblemLoader Loading environment from /home/runner/work/key/key/key.core/../key.ui/examples/heap/list_ghost/ArrayList_enlarge.key 
28664      DEBUG main            d.u.i.k.p.i.AbstractProblemLoader Environment load took 287.72ns 
28665      INFO  main            d.u.i.k.p.i.AbstractProblemLoader Creating init config 
31852      DEBUG main            d.u.i.k.p.i.AbstractProblemLoader Init config took 3.19s 
31907      INFO  main            d.u.i.k.p.i.AbstractProblemLoader Replaying proof ArrayList[ArrayList::enlarge()].JML normal_behavior operation contract.0 
31909      DEBUG main            d.u.i.k.p.i.IntermediateProofReplayer Proof replay took 7.2ns 
34327      INFO  main            d.u.i.k.p.r.p.TestFile    ... finished proof: closed. 
34527      INFO  main            d.u.i.k.p.i.AbstractProblemLoader Loading environment from /home/runner/work/key/key/key.core/../key.ui/examples/heap/list_ghost/ArrayList_enlarge.key.proof 
34528      DEBUG main            d.u.i.k.p.i.AbstractProblemLoader Environment load took 563.34ns 
34530      INFO  main            d.u.i.k.p.i.AbstractProblemLoader Creating init config 
37581      DEBUG main            d.u.i.k.p.i.AbstractProblemLoader Init config took 3.05s 
37635      INFO  main            d.u.i.k.p.i.AbstractProblemLoader Replaying proof ArrayList[ArrayList::enlarge()].JML normal_behavior operation contract.0 
38158      DEBUG main            d.u.i.k.p.i.IntermediateProofReplayer Proof replay took 512.09ms 
38159      DEBUG main            d.u.i.k.p.r.p.TestFile    ... success: reloaded. 
38161      INFO  main            d.u.i.k.p.r.p.TestFile    Now processing file /home/runner/work/key/key/key.core/../key.ui/examples/heap/list_ghost/ArrayList_get_dep.key 
38161      INFO  main            d.u.i.k.p.i.AbstractProblemLoader Loading environment from /home/runner/work/key/key/key.core/../key.ui/examples/heap/list_ghost/ArrayList_get_dep.key 
38162      DEBUG main            d.u.i.k.p.i.AbstractProblemLoader Environment load took 288.22ns 
38163      INFO  main            d.u.i.k.p.i.AbstractProblemLoader Creating init config 
41194      DEBUG main            d.u.i.k.p.i.AbstractProblemLoader Init config took 3.03s 
41249      INFO  main            d.u.i.k.p.i.AbstractProblemLoader Replaying proof ArrayList[List::get(int)].JML accessible clause.0 
41251      DEBUG main            d.u.i.k.p.i.IntermediateProofReplayer Proof replay took 7ns 
41658      INFO  main            d.u.i.k.p.r.p.TestFile    ... finished proof: closed. 
41829      INFO  main            d.u.i.k.p.i.AbstractProblemLoader Loading environment from /home/runner/work/key/key/key.core/../key.ui/examples/heap/list_ghost/ArrayList_get_dep.key.proof 
41833      DEBUG main            d.u.i.k.p.i.AbstractProblemLoader Environment load took 4.58ms 
41835      INFO  main            d.u.i.k.p.i.AbstractProblemLoader Creating init config 
44841      DEBUG main            d.u.i.k.p.i.AbstractProblemLoader Init config took 3.01s 
44916      INFO  main            d.u.i.k.p.i.AbstractProblemLoader Replaying proof ArrayList[List::get(int)].JML accessible clause.0 
44999      DEBUG main            d.u.i.k.p.i.IntermediateProofReplayer Proof replay took 78.64ms 
45001      DEBUG main            d.u.i.k.p.r.p.TestFile    ... success: reloaded. 
45002      INFO  main            d.u.i.k.p.r.p.TestFile    Now processing file /home/runner/work/key/key/key.core/../key.ui/examples/heap/list_ghost/ArrayList_get_exceptional.key 
45003      INFO  main            d.u.i.k.p.i.AbstractProblemLoader Loading environment from /home/runner/work/key/key/key.core/../key.ui/examples/heap/list_ghost/ArrayList_get_exceptional.key 
45003      DEBUG main            d.u.i.k.p.i.AbstractProblemLoader Environment load took 296.52ns 
45004      INFO  main            d.u.i.k.p.i.AbstractProblemLoader Creating init config 
48219      DEBUG main            d.u.i.k.p.i.AbstractProblemLoader Init config took 3.22s 
48286      INFO  main            d.u.i.k.p.i.AbstractProblemLoader Replaying proof ArrayList[List::get(int)].JML exceptional_behavior operation contract.0 
48289      DEBUG main            d.u.i.k.p.i.IntermediateProofReplayer Proof replay took 7.2ns 
49093      INFO  main            d.u.i.k.p.r.p.TestFile    ... finished proof: closed. 
49324      INFO  main            d.u.i.k.p.i.AbstractProblemLoader Loading environment from /home/runner/work/key/key/key.core/../key.ui/examples/heap/list_ghost/ArrayList_get_exceptional.key.proof 
49324      DEBUG main            d.u.i.k.p.i.AbstractProblemLoader Environment load took 642.64ns 
49326      INFO  main            d.u.i.k.p.i.AbstractProblemLoader Creating init config 
52427      DEBUG main            d.u.i.k.p.i.AbstractProblemLoader Init config took 3.1s 
52477      INFO  main            d.u.i.k.p.i.AbstractProblemLoader Replaying proof ArrayList[List::get(int)].JML exceptional_behavior operation contract.0 
52669      DEBUG main            d.u.i.k.p.i.IntermediateProofReplayer Proof replay took 185.99ms 
52670      DEBUG main            d.u.i.k.p.r.p.TestFile    ... success: reloaded. 
52671      INFO  main            d.u.i.k.p.r.p.TestFile    Now processing file /home/runner/work/key/key/key.core/../key.ui/examples/heap/list_ghost/ArrayList_get_normal.key 
52671      INFO  main            d.u.i.k.p.i.AbstractProblemLoader Loading environment from /home/runner/work/key/key/key.core/../key.ui/examples/heap/list_ghost/ArrayList_get_normal.key 
52672      DEBUG main            d.u.i.k.p.i.AbstractProblemLoader Environment load took 319.52ns 
52673      INFO  main            d.u.i.k.p.i.AbstractProblemLoader Creating init config 
55721      DEBUG main            d.u.i.k.p.i.AbstractProblemLoader Init config took 3.05s 
55771      INFO  main            d.u.i.k.p.i.AbstractProblemLoader Replaying proof ArrayList[List::get(int)].JML normal_behavior operation contract.0 
55773      DEBUG main            d.u.i.k.p.i.IntermediateProofReplayer Proof replay took 7.9ns 
56077      INFO  main            d.u.i.k.p.r.p.TestFile    ... finished proof: closed. 
56323      INFO  main            d.u.i.k.p.i.AbstractProblemLoader Loading environment from /home/runner/work/key/key/key.core/../key.ui/examples/heap/list_ghost/ArrayList_get_normal.key.proof 
56323      DEBUG main            d.u.i.k.p.i.AbstractProblemLoader Environment load took 159.41ns 
56325      INFO  main            d.u.i.k.p.i.AbstractProblemLoader Creating init config 
59481      DEBUG main            d.u.i.k.p.i.AbstractProblemLoader Init config took 3.16s 
59535      INFO  main            d.u.i.k.p.i.AbstractProblemLoader Replaying proof ArrayList[List::get(int)].JML normal_behavior operation contract.0 
59630      DEBUG main            d.u.i.k.p.i.IntermediateProofReplayer Proof replay took 89.32ms 
59632      DEBUG main            d.u.i.k.p.r.p.TestFile    ... success: reloaded. 
59633      INFO  main            d.u.i.k.p.r.p.TestFile    Now processing file /home/runner/work/key/key/key.core/../key.ui/examples/heap/list_ghost/ArrayList_inv.key 
59634      INFO  main            d.u.i.k.p.i.AbstractProblemLoader Loading environment from /home/runner/work/key/key/key.core/../key.ui/examples/heap/list_ghost/ArrayList_inv.key 
59634      DEBUG main            d.u.i.k.p.i.AbstractProblemLoader Environment load took 268.62ns 
59636      INFO  main            d.u.i.k.p.i.AbstractProblemLoader Creating init config 
62766      DEBUG main            d.u.i.k.p.i.AbstractProblemLoader Init config took 3.13s 
62815      INFO  main            d.u.i.k.p.i.AbstractProblemLoader Replaying proof ArrayList[java.lang.Object::<inv>()].JML accessible clause.0 
62817      DEBUG main            d.u.i.k.p.i.IntermediateProofReplayer Proof replay took 6.9ns 
62921      INFO  main            d.u.i.k.p.r.p.TestFile    ... finished proof: closed. 
63137      INFO  main            d.u.i.k.p.i.AbstractProblemLoader Loading environment from /home/runner/work/key/key/key.core/../key.ui/examples/heap/list_ghost/ArrayList_inv.key.proof 
63139      DEBUG main            d.u.i.k.p.i.AbstractProblemLoader Environment load took 1.52ms 
63141      INFO  main            d.u.i.k.p.i.AbstractProblemLoader Creating init config 
66125      DEBUG main            d.u.i.k.p.i.AbstractProblemLoader Init config took 2.98s 
66181      INFO  main            d.u.i.k.p.i.AbstractProblemLoader Replaying proof ArrayList[java.lang.Object::<inv>()].JML accessible clause.0 
66196      DEBUG main            d.u.i.k.p.i.IntermediateProofReplayer Proof replay took 11.28ms 
66197      DEBUG main            d.u.i.k.p.r.p.TestFile    ... success: reloaded. 
66198      INFO  main            d.u.i.k.p.r.p.TestFile    Now processing file /home/runner/work/key/key/key.core/../key.ui/examples/heap/list_ghost/ArrayList_size_dep.key 
66199      INFO  main            d.u.i.k.p.i.AbstractProblemLoader Loading environment from /home/runner/work/key/key/key.core/../key.ui/examples/heap/list_ghost/ArrayList_size_dep.key 
66199      DEBUG main            d.u.i.k.p.i.AbstractProblemLoader Environment load took 298.62ns 
66200      INFO  main            d.u.i.k.p.i.AbstractProblemLoader Creating init config 
69338      DEBUG main            d.u.i.k.p.i.AbstractProblemLoader Init config took 3.14s 
69411      INFO  main            d.u.i.k.p.i.AbstractProblemLoader Replaying proof ArrayList[List::size()].JML accessible clause.0 
69413      DEBUG main            d.u.i.k.p.i.IntermediateProofReplayer Proof replay took 14.4ns 
69515      INFO  main            d.u.i.k.p.r.p.TestFile    ... finished proof: closed. 
69735      INFO  main            d.u.i.k.p.i.AbstractProblemLoader Loading environment from /home/runner/work/key/key/key.core/../key.ui/examples/heap/list_ghost/ArrayList_size_dep.key.proof 
69735      DEBUG main            d.u.i.k.p.i.AbstractProblemLoader Environment load took 137.31ns 
69737      INFO  main            d.u.i.k.p.i.AbstractProblemLoader Creating init config 
72761      DEBUG main            d.u.i.k.p.i.AbstractProblemLoader Init config took 3.02s 
72806      INFO  main            d.u.i.k.p.i.AbstractProblemLoader Replaying proof ArrayList[List::size()].JML accessible clause.0 
72822      DEBUG main            d.u.i.k.p.i.IntermediateProofReplayer Proof replay took 14.36ms 
72823      DEBUG main            d.u.i.k.p.r.p.TestFile    ... success: reloaded. 
72825      INFO  main            d.u.i.k.p.r.p.TestFile    Now processing file /home/runner/work/key/key/key.core/../key.ui/examples/heap/list_ghost/ArrayList_size.key 
72825      INFO  main            d.u.i.k.p.i.AbstractProblemLoader Loading environment from /home/runner/work/key/key/key.core/../key.ui/examples/heap/list_ghost/ArrayList_size.key 
72826      DEBUG main            d.u.i.k.p.i.AbstractProblemLoader Environment load took 254.42ns 
72827      INFO  main            d.u.i.k.p.i.AbstractProblemLoader Creating init config 
75818      DEBUG main            d.u.i.k.p.i.AbstractProblemLoader Init config took 2.99s 
75865      INFO  main            d.u.i.k.p.i.AbstractProblemLoader Replaying proof ArrayList[List::size()].JML normal_behavior operation contract.0 
75866      DEBUG main            d.u.i.k.p.i.IntermediateProofReplayer Proof replay took 7.4ns 
75968      INFO  main            d.u.i.k.p.r.p.TestFile    ... finished proof: closed. 
76189      INFO  main            d.u.i.k.p.i.AbstractProblemLoader Loading environment from /home/runner/work/key/key/key.core/../key.ui/examples/heap/list_ghost/ArrayList_size.key.proof 
76189      DEBUG main            d.u.i.k.p.i.AbstractProblemLoader Environment load took 132.51ns 
76190      INFO  main            d.u.i.k.p.i.AbstractProblemLoader Creating init config 
79231      DEBUG main            d.u.i.k.p.i.AbstractProblemLoader Init config took 3.04s 
79276      INFO  main            d.u.i.k.p.i.AbstractProblemLoader Replaying proof ArrayList[List::size()].JML normal_behavior operation contract.0 
79295      DEBUG main            d.u.i.k.p.i.IntermediateProofReplayer Proof replay took 16.98ms 
79297      DEBUG main            d.u.i.k.p.r.p.TestFile    ... success: reloaded. 
1422742    INFO  Test worker     d.u.i.k.p.r.RunAllProofsTestUnit Returning from test list_ghost 
1422743    INFO  Test worker     d.u.i.k.p.r.RunAllProofsTestUnit Running test list_recursive 
401        INFO  Timeout watchdog d.u.i.k.p.r.p.ForkedTestFileRunner Timeout watcher launched (2000 secs.) 
419        WARN  main            d.u.i.k.s.ProofSettings   The settings in /home/runner/.key/proof-settings.props are *not* read. 
451        INFO  main            d.u.i.k.p.r.p.TestFile    Now processing file /home/runner/work/key/key/key.core/../key.ui/examples/heap/list_recursiveSpec/ListOperationsNonNull_getNextNN_normal_behavior.key 
583        INFO  main            d.u.i.k.p.i.AbstractProblemLoader Loading environment from /home/runner/work/key/key/key.core/../key.ui/examples/heap/list_recursiveSpec/ListOperationsNonNull_getNextNN_normal_behavior.key 
603        DEBUG main            d.u.i.k.p.i.AbstractProblemLoader Environment load took 2.62ms 
877        INFO  main            d.u.i.k.p.i.AbstractProblemLoader Creating init config 
2075       DEBUG main            d.u.i.k.j.TypeConverter   No LDT found for Meta 
2076       DEBUG main            d.u.i.k.j.TypeConverter   No LDT found for Meta 
2079       DEBUG main            d.u.i.k.j.TypeConverter   No LDT found for Meta 
2080       DEBUG main            d.u.i.k.j.TypeConverter   No LDT found for Meta 
3952       DEBUG main            d.u.i.k.j.TypeConverter   No LDT found for JavaBigintExpression 
10121      DEBUG main            d.u.i.k.p.i.AbstractProblemLoader Init config took 9.24s 
10402      INFO  main            d.u.i.k.p.i.AbstractProblemLoader Replaying proof ListOperationsNonNull[ListOperationsNonNull::getNextNN(ListNN,int)].JML normal_behavior operation contract.0 
10443      DEBUG main            d.u.i.k.p.i.IntermediateProofReplayer Proof replay took 38.7ns 
12085      INFO  main            d.u.i.k.p.r.p.TestFile    ... finished proof: closed. 
12275      INFO  main            d.u.i.k.p.i.AbstractProblemLoader Loading environment from /home/runner/work/key/key/key.core/../key.ui/examples/heap/list_recursiveSpec/ListOperationsNonNull_getNextNN_normal_behavior.key.proof 
12285      DEBUG main            d.u.i.k.p.i.AbstractProblemLoader Environment load took 10.34ms 
12288      INFO  main            d.u.i.k.p.i.AbstractProblemLoader Creating init config 
15791      DEBUG main            d.u.i.k.p.i.AbstractProblemLoader Init config took 3.5s 
15873      INFO  main            d.u.i.k.p.i.AbstractProblemLoader Replaying proof ListOperationsNonNull[ListOperationsNonNull::getNextNN(ListNN,int)].JML normal_behavior operation contract.0 
16075      DEBUG main            d.u.i.k.p.i.IntermediateProofReplayer Proof replay took 192.97ms 
16082      DEBUG main            d.u.i.k.p.r.p.TestFile    ... success: reloaded. 
16084      INFO  main            d.u.i.k.p.r.p.TestFile    Now processing file /home/runner/work/key/key/key.core/../key.ui/examples/heap/list_recursiveSpec/ListOperationsNonNull_setValueAt_normal_behavior.key 
16085      INFO  main            d.u.i.k.p.i.AbstractProblemLoader Loading environment from /home/runner/work/key/key/key.core/../key.ui/examples/heap/list_recursiveSpec/ListOperationsNonNull_setValueAt_normal_behavior.key 
16085      DEBUG main            d.u.i.k.p.i.AbstractProblemLoader Environment load took 282.52ns 
16087      INFO  main            d.u.i.k.p.i.AbstractProblemLoader Creating init config 
19431      DEBUG main            d.u.i.k.p.i.AbstractProblemLoader Init config took 3.34s 
19530      INFO  main            d.u.i.k.p.i.AbstractProblemLoader Replaying proof ListOperationsNonNull[ListOperationsNonNull::setValueAt_NN(ListNN,int,int)].JML normal_behavior operation contract.0 
19537      DEBUG main            d.u.i.k.p.i.IntermediateProofReplayer Proof replay took 8.8ns 
19573      DEBUG main            d.u.i.k.m.s.ProofScriptEngine 1: 'macro autopilot' 
22715      DEBUG main            d.u.i.k.m.s.ProofScriptEngine 2: 'macro simp-upd' 
22724      DEBUG main            d.u.i.k.m.s.ProofScriptEngine 3: 'rule observerDependencyEQ' 
22753      DEBUG main            d.u.i.k.m.s.ProofScriptEngine 4: 'tryclose' 
22790      INFO  main            d.u.i.k.p.r.p.TestFile    ... finished proof: closed. 
22977      INFO  main            d.u.i.k.p.i.AbstractProblemLoader Loading environment from /home/runner/work/key/key/key.core/../key.ui/examples/heap/list_recursiveSpec/ListOperationsNonNull_setValueAt_normal_behavior.key.proof 
22978      DEBUG main            d.u.i.k.p.i.AbstractProblemLoader Environment load took 847.16ns 
22981      INFO  main            d.u.i.k.p.i.AbstractProblemLoader Creating init config 
26226      DEBUG main            d.u.i.k.p.i.AbstractProblemLoader Init config took 3.25s 
26304      INFO  main            d.u.i.k.p.i.AbstractProblemLoader Replaying proof ListOperationsNonNull[ListOperationsNonNull::setValueAt_NN(ListNN,int,int)].JML normal_behavior operation contract.0 
26485      DEBUG main            d.u.i.k.p.i.IntermediateProofReplayer Proof replay took 172.07ms 
26488      DEBUG main            d.u.i.k.p.r.p.TestFile    ... success: reloaded. 
1449437    INFO  Test worker     d.u.i.k.p.r.RunAllProofsTestUnit Returning from test list_recursive 
1449438    INFO  Test worker     d.u.i.k.p.r.RunAllProofsTestUnit Running test list_seq 
392        INFO  Timeout watchdog d.u.i.k.p.r.p.ForkedTestFileRunner Timeout watcher launched (2000 secs.) 
404        WARN  main            d.u.i.k.s.ProofSettings   The settings in /home/runner/.key/proof-settings.props are *not* read. 
436        INFO  main            d.u.i.k.p.r.p.TestFile    Now processing file /home/runner/work/key/key/key.core/../key.ui/examples/heap/list_seq/SimplifiedLinkedList.remove.key 
566        INFO  main            d.u.i.k.p.i.AbstractProblemLoader Loading environment from /home/runner/work/key/key/key.core/../key.ui/examples/heap/list_seq/SimplifiedLinkedList.remove.key 
602        DEBUG main            d.u.i.k.p.i.AbstractProblemLoader Environment load took 2.61ms 
893        INFO  main            d.u.i.k.p.i.AbstractProblemLoader Creating init config 
2120       DEBUG main            d.u.i.k.j.TypeConverter   No LDT found for Meta 
2121       DEBUG main            d.u.i.k.j.TypeConverter   No LDT found for Meta 
2125       DEBUG main            d.u.i.k.j.TypeConverter   No LDT found for Meta 
2126       DEBUG main            d.u.i.k.j.TypeConverter   No LDT found for Meta 
3676       DEBUG main            d.u.i.k.j.TypeConverter   No LDT found for JavaBigintExpression 
10196      DEBUG main            d.u.i.k.p.i.AbstractProblemLoader Init config took 9.3s 
10441      INFO  main            d.u.i.k.p.i.AbstractProblemLoader Replaying proof SimplifiedLinkedList[SimplifiedLinkedList::remove(int)].JML normal_behavior operation contract.0 
10525      DEBUG main            d.u.i.k.p.i.IntermediateProofReplayer Proof replay took 44.3ns 
113056     INFO  main            d.u.i.k.p.r.p.TestFile    ... finished proof: closed. 
113517     INFO  main            d.u.i.k.p.i.AbstractProblemLoader Loading environment from /home/runner/work/key/key/key.core/../key.ui/examples/heap/list_seq/SimplifiedLinkedList.remove.key.proof 
113518     DEBUG main            d.u.i.k.p.i.AbstractProblemLoader Environment load took 574.14ns 
113537     INFO  main            d.u.i.k.p.i.AbstractProblemLoader Creating init config 
117250     DEBUG main            d.u.i.k.p.i.AbstractProblemLoader Init config took 3.71s 
117359     INFO  main            d.u.i.k.p.i.AbstractProblemLoader Replaying proof SimplifiedLinkedList[SimplifiedLinkedList::remove(int)].JML normal_behavior operation contract.0 
122451     DEBUG main            d.u.i.k.p.i.IntermediateProofReplayer Proof replay took 4.81s 
122485     DEBUG main            d.u.i.k.p.r.p.TestFile    ... success: reloaded. 
122489     INFO  main            d.u.i.k.p.r.p.TestFile    Now processing file /home/runner/work/key/key/key.core/../key.ui/examples/heap/list_seq/ArrayList.ArrayList.key 
122490     INFO  main            d.u.i.k.p.i.AbstractProblemLoader Loading environment from /home/runner/work/key/key/key.core/../key.ui/examples/heap/list_seq/ArrayList.ArrayList.key 
122490     DEBUG main            d.u.i.k.p.i.AbstractProblemLoader Environment load took 279.72ns 
122493     INFO  main            d.u.i.k.p.i.AbstractProblemLoader Creating init config 
126075     DEBUG main            d.u.i.k.p.i.AbstractProblemLoader Init config took 3.58s 
126171     INFO  main            d.u.i.k.p.i.AbstractProblemLoader Replaying proof ArrayList[ArrayList::ArrayList()].JML normal_behavior operation contract.0 
126174     DEBUG main            d.u.i.k.p.i.IntermediateProofReplayer Proof replay took 7ns 
127183     INFO  main            d.u.i.k.p.r.p.TestFile    ... finished proof: closed. 
127388     INFO  main            d.u.i.k.p.i.AbstractProblemLoader Loading environment from /home/runner/work/key/key/key.core/../key.ui/examples/heap/list_seq/ArrayList.ArrayList.key.proof 
127392     DEBUG main            d.u.i.k.p.i.AbstractProblemLoader Environment load took 3.39ms 
127394     INFO  main            d.u.i.k.p.i.AbstractProblemLoader Creating init config 
131146     DEBUG main            d.u.i.k.p.i.AbstractProblemLoader Init config took 3.75s 
131236     INFO  main            d.u.i.k.p.i.AbstractProblemLoader Replaying proof ArrayList[ArrayList::ArrayList()].JML normal_behavior operation contract.0 
131396     DEBUG main            d.u.i.k.p.i.IntermediateProofReplayer Proof replay took 155.73ms 
131398     DEBUG main            d.u.i.k.p.r.p.TestFile    ... success: reloaded. 
131400     INFO  main            d.u.i.k.p.r.p.TestFile    Now processing file /home/runner/work/key/key/key.core/../key.ui/examples/heap/list_seq/ArrayList.add.key 
131400     INFO  main            d.u.i.k.p.i.AbstractProblemLoader Loading environment from /home/runner/work/key/key/key.core/../key.ui/examples/heap/list_seq/ArrayList.add.key 
131401     DEBUG main            d.u.i.k.p.i.AbstractProblemLoader Environment load took 267.72ns 
131403     INFO  main            d.u.i.k.p.i.AbstractProblemLoader Creating init config 
134944     DEBUG main            d.u.i.k.p.i.AbstractProblemLoader Init config took 3.54s 
135044     INFO  main            d.u.i.k.p.i.AbstractProblemLoader Replaying proof ArrayList[List::add(java.lang.Object)].JML normal_behavior operation contract.0 
135047     DEBUG main            d.u.i.k.p.i.IntermediateProofReplayer Proof replay took 6.8ns 
139163     INFO  main            d.u.i.k.p.r.p.TestFile    ... finished proof: closed. 
139374     INFO  main            d.u.i.k.p.i.AbstractProblemLoader Loading environment from /home/runner/work/key/key/key.core/../key.ui/examples/heap/list_seq/ArrayList.add.key.proof 
139374     DEBUG main            d.u.i.k.p.i.AbstractProblemLoader Environment load took 503.33ns 
139376     INFO  main            d.u.i.k.p.i.AbstractProblemLoader Creating init config 
142786     DEBUG main            d.u.i.k.p.i.AbstractProblemLoader Init config took 3.41s 
142873     INFO  main            d.u.i.k.p.i.AbstractProblemLoader Replaying proof ArrayList[List::add(java.lang.Object)].JML normal_behavior operation contract.0 
143407     DEBUG main            d.u.i.k.p.i.IntermediateProofReplayer Proof replay took 518.75ms 
143409     DEBUG main            d.u.i.k.p.r.p.TestFile    ... success: reloaded. 
143411     INFO  main            d.u.i.k.p.r.p.TestFile    Now processing file /home/runner/work/key/key/key.core/../key.ui/examples/heap/list_seq/ArrayList.contains.key 
143411     INFO  main            d.u.i.k.p.i.AbstractProblemLoader Loading environment from /home/runner/work/key/key/key.core/../key.ui/examples/heap/list_seq/ArrayList.contains.key 
143412     DEBUG main            d.u.i.k.p.i.AbstractProblemLoader Environment load took 269.02ns 
143413     INFO  main            d.u.i.k.p.i.AbstractProblemLoader Creating init config 
146878     DEBUG main            d.u.i.k.p.i.AbstractProblemLoader Init config took 3.46s 
146964     INFO  main            d.u.i.k.p.i.AbstractProblemLoader Replaying proof ArrayList[List::contains(java.lang.Object)].JML normal_behavior operation contract.0 
146966     DEBUG main            d.u.i.k.p.i.IntermediateProofReplayer Proof replay took 7.3ns 
148673     INFO  main            d.u.i.k.p.r.p.TestFile    ... finished proof: closed. 
148912     INFO  main            d.u.i.k.p.i.AbstractProblemLoader Loading environment from /home/runner/work/key/key/key.core/../key.ui/examples/heap/list_seq/ArrayList.contains.key.proof 
148912     DEBUG main            d.u.i.k.p.i.AbstractProblemLoader Environment load took 491.83ns 
148914     INFO  main            d.u.i.k.p.i.AbstractProblemLoader Creating init config 
152364     DEBUG main            d.u.i.k.p.i.AbstractProblemLoader Init config took 3.45s 
152448     INFO  main            d.u.i.k.p.i.AbstractProblemLoader Replaying proof ArrayList[List::contains(java.lang.Object)].JML normal_behavior operation contract.0 
152734     DEBUG main            d.u.i.k.p.i.IntermediateProofReplayer Proof replay took 278.64ms 
152736     DEBUG main            d.u.i.k.p.r.p.TestFile    ... success: reloaded. 
152738     INFO  main            d.u.i.k.p.r.p.TestFile    Now processing file /home/runner/work/key/key/key.core/../key.ui/examples/heap/list_seq/ArrayList.enlarge.key 
152738     INFO  main            d.u.i.k.p.i.AbstractProblemLoader Loading environment from /home/runner/work/key/key/key.core/../key.ui/examples/heap/list_seq/ArrayList.enlarge.key 
152738     DEBUG main            d.u.i.k.p.i.AbstractProblemLoader Environment load took 287.22ns 
152739     INFO  main            d.u.i.k.p.i.AbstractProblemLoader Creating init config 
156429     DEBUG main            d.u.i.k.p.i.AbstractProblemLoader Init config took 3.69s 
156519     INFO  main            d.u.i.k.p.i.AbstractProblemLoader Replaying proof ArrayList[ArrayList::enlarge()].JML normal_behavior operation contract.0 
156520     DEBUG main            d.u.i.k.p.i.IntermediateProofReplayer Proof replay took 8.3ns 
159038     INFO  main            d.u.i.k.p.r.p.TestFile    ... finished proof: closed. 
159266     INFO  main            d.u.i.k.p.i.AbstractProblemLoader Loading environment from /home/runner/work/key/key/key.core/../key.ui/examples/heap/list_seq/ArrayList.enlarge.key.proof 
159266     DEBUG main            d.u.i.k.p.i.AbstractProblemLoader Environment load took 470.23ns 
159268     INFO  main            d.u.i.k.p.i.AbstractProblemLoader Creating init config 
162672     DEBUG main            d.u.i.k.p.i.AbstractProblemLoader Init config took 3.4s 
162758     INFO  main            d.u.i.k.p.i.AbstractProblemLoader Replaying proof ArrayList[ArrayList::enlarge()].JML normal_behavior operation contract.0 
163177     DEBUG main            d.u.i.k.p.i.IntermediateProofReplayer Proof replay took 410.67ms 
163180     DEBUG main            d.u.i.k.p.r.p.TestFile    ... success: reloaded. 
163181     INFO  main            d.u.i.k.p.r.p.TestFile    Now processing file /home/runner/work/key/key/key.core/../key.ui/examples/heap/list_seq/ArrayList.get.key 
163181     INFO  main            d.u.i.k.p.i.AbstractProblemLoader Loading environment from /home/runner/work/key/key/key.core/../key.ui/examples/heap/list_seq/ArrayList.get.key 
163182     DEBUG main            d.u.i.k.p.i.AbstractProblemLoader Environment load took 248.32ns 
163183     INFO  main            d.u.i.k.p.i.AbstractProblemLoader Creating init config 
166662     DEBUG main            d.u.i.k.p.i.AbstractProblemLoader Init config took 3.48s 
166766     INFO  main            d.u.i.k.p.i.AbstractProblemLoader Replaying proof ArrayList[List::get(int)].JML normal_behavior operation contract.0 
166768     DEBUG main            d.u.i.k.p.i.IntermediateProofReplayer Proof replay took 6.8ns 
167371     INFO  main            d.u.i.k.p.r.p.TestFile    ... finished proof: closed. 
167631     INFO  main            d.u.i.k.p.i.AbstractProblemLoader Loading environment from /home/runner/work/key/key/key.core/../key.ui/examples/heap/list_seq/ArrayList.get.key.proof 
167632     DEBUG main            d.u.i.k.p.i.AbstractProblemLoader Environment load took 502.93ns 
167633     INFO  main            d.u.i.k.p.i.AbstractProblemLoader Creating init config 
170976     DEBUG main            d.u.i.k.p.i.AbstractProblemLoader Init config took 3.34s 
171057     INFO  main            d.u.i.k.p.i.AbstractProblemLoader Replaying proof ArrayList[List::get(int)].JML normal_behavior operation contract.0 
171134     DEBUG main            d.u.i.k.p.i.IntermediateProofReplayer Proof replay took 73.88ms 
171136     DEBUG main            d.u.i.k.p.r.p.TestFile    ... success: reloaded. 
171137     INFO  main            d.u.i.k.p.r.p.TestFile    Now processing file /home/runner/work/key/key/key.core/../key.ui/examples/heap/list_seq/ArrayList.newArray.key 
171137     INFO  main            d.u.i.k.p.i.AbstractProblemLoader Loading environment from /home/runner/work/key/key/key.core/../key.ui/examples/heap/list_seq/ArrayList.newArray.key 
171137     DEBUG main            d.u.i.k.p.i.AbstractProblemLoader Environment load took 141.31ns 
171138     INFO  main            d.u.i.k.p.i.AbstractProblemLoader Creating init config 
174549     DEBUG main            d.u.i.k.p.i.AbstractProblemLoader Init config took 3.41s 
174642     INFO  main            d.u.i.k.p.i.AbstractProblemLoader Replaying proof ArrayList[ArrayList::newArray(int)].JML normal_behavior operation contract.0 
174644     DEBUG main            d.u.i.k.p.i.IntermediateProofReplayer Proof replay took 7.1ns 
174948     INFO  main            d.u.i.k.p.r.p.TestFile    ... finished proof: closed. 
175176     INFO  main            d.u.i.k.p.i.AbstractProblemLoader Loading environment from /home/runner/work/key/key/key.core/../key.ui/examples/heap/list_seq/ArrayList.newArray.key.proof 
175176     DEBUG main            d.u.i.k.p.i.AbstractProblemLoader Environment load took 136.71ns 
175177     INFO  main            d.u.i.k.p.i.AbstractProblemLoader Creating init config 
178580     DEBUG main            d.u.i.k.p.i.AbstractProblemLoader Init config took 3.4s 
178676     INFO  main            d.u.i.k.p.i.AbstractProblemLoader Replaying proof ArrayList[ArrayList::newArray(int)].JML normal_behavior operation contract.0 
178743     DEBUG main            d.u.i.k.p.i.IntermediateProofReplayer Proof replay took 61.62ms 
178745     DEBUG main            d.u.i.k.p.r.p.TestFile    ... success: reloaded. 
178746     INFO  main            d.u.i.k.p.r.p.TestFile    Now processing file /home/runner/work/key/key/key.core/../key.ui/examples/heap/list_seq/ArrayList.remove.0.key 
178747     INFO  main            d.u.i.k.p.i.AbstractProblemLoader Loading environment from /home/runner/work/key/key/key.core/../key.ui/examples/heap/list_seq/ArrayList.remove.0.key 
178747     DEBUG main            d.u.i.k.p.i.AbstractProblemLoader Environment load took 262.42ns 
178748     INFO  main            d.u.i.k.p.i.AbstractProblemLoader Creating init config 
182124     DEBUG main            d.u.i.k.p.i.AbstractProblemLoader Init config took 3.38s 
182225     INFO  main            d.u.i.k.p.i.AbstractProblemLoader Replaying proof ArrayList[List::remove(java.lang.Object)].JML normal_behavior operation contract.0 
182228     DEBUG main            d.u.i.k.p.i.IntermediateProofReplayer Proof replay took 8.5ns 
184565     INFO  main            d.u.i.k.p.r.p.TestFile    ... finished proof: closed. 
184832     INFO  main            d.u.i.k.p.i.AbstractProblemLoader Loading environment from /home/runner/work/key/key/key.core/../key.ui/examples/heap/list_seq/ArrayList.remove.0.key.proof 
184833     DEBUG main            d.u.i.k.p.i.AbstractProblemLoader Environment load took 254.22ns 
184834     INFO  main            d.u.i.k.p.i.AbstractProblemLoader Creating init config 
188206     DEBUG main            d.u.i.k.p.i.AbstractProblemLoader Init config took 3.37s 
188285     INFO  main            d.u.i.k.p.i.AbstractProblemLoader Replaying proof ArrayList[List::remove(java.lang.Object)].JML normal_behavior operation contract.0 
188870     DEBUG main            d.u.i.k.p.i.IntermediateProofReplayer Proof replay took 576.72ms 
188872     DEBUG main            d.u.i.k.p.r.p.TestFile    ... success: reloaded. 
188873     INFO  main            d.u.i.k.p.r.p.TestFile    Now processing file /home/runner/work/key/key/key.core/../key.ui/examples/heap/list_seq/ArrayList.remove.1.key 
188873     INFO  main            d.u.i.k.p.i.AbstractProblemLoader Loading environment from /home/runner/work/key/key/key.core/../key.ui/examples/heap/list_seq/ArrayList.remove.1.key 
188874     DEBUG main            d.u.i.k.p.i.AbstractProblemLoader Environment load took 267.32ns 
188875     INFO  main            d.u.i.k.p.i.AbstractProblemLoader Creating init config 
192298     DEBUG main            d.u.i.k.p.i.AbstractProblemLoader Init config took 3.42s 
192380     INFO  main            d.u.i.k.p.i.AbstractProblemLoader Replaying proof ArrayList[List::remove(java.lang.Object)].JML normal_behavior operation contract.1 
192383     DEBUG main            d.u.i.k.p.i.IntermediateProofReplayer Proof replay took 7.2ns 
206266     INFO  main            d.u.i.k.p.r.p.TestFile    ... finished proof: closed. 
206621     INFO  main            d.u.i.k.p.i.AbstractProblemLoader Loading environment from /home/runner/work/key/key/key.core/../key.ui/examples/heap/list_seq/ArrayList.remove.1.key.proof 
206621     DEBUG main            d.u.i.k.p.i.AbstractProblemLoader Environment load took 544.43ns 
206625     INFO  main            d.u.i.k.p.i.AbstractProblemLoader Creating init config 
210031     DEBUG main            d.u.i.k.p.i.AbstractProblemLoader Init config took 3.41s 
210126     INFO  main            d.u.i.k.p.i.AbstractProblemLoader Replaying proof ArrayList[List::remove(java.lang.Object)].JML normal_behavior operation contract.1 
211910     DEBUG main            d.u.i.k.p.i.IntermediateProofReplayer Proof replay took 1.75s 
211914     DEBUG main            d.u.i.k.p.r.p.TestFile    ... success: reloaded. 
1661587    INFO  Test worker     d.u.i.k.p.r.RunAllProofsTestUnit Returning from test list_seq 
1661590    INFO  Test worker     d.u.i.k.p.r.RunAllProofsTestUnit Running test observer 
402        INFO  Timeout watchdog d.u.i.k.p.r.p.ForkedTestFileRunner Timeout watcher launched (2000 secs.) 
419        WARN  main            d.u.i.k.s.ProofSettings   The settings in /home/runner/.key/proof-settings.props are *not* read. 
451        INFO  main            d.u.i.k.p.r.p.TestFile    Now processing file /home/runner/work/key/key/key.core/../key.ui/examples/heap/observer/ExampleObserver_ExampleObserver.key 
584        INFO  main            d.u.i.k.p.i.AbstractProblemLoader Loading environment from /home/runner/work/key/key/key.core/../key.ui/examples/heap/observer/ExampleObserver_ExampleObserver.key 
612        DEBUG main            d.u.i.k.p.i.AbstractProblemLoader Environment load took 2.29ms 
926        INFO  main            d.u.i.k.p.i.AbstractProblemLoader Creating init config 
1907       DEBUG main            d.u.i.k.j.TypeConverter   No LDT found for Meta 
1908       DEBUG main            d.u.i.k.j.TypeConverter   No LDT found for Meta 
1909       DEBUG main            d.u.i.k.j.TypeConverter   No LDT found for Meta 
1910       DEBUG main            d.u.i.k.j.TypeConverter   No LDT found for Meta 
3802       DEBUG main            d.u.i.k.j.TypeConverter   No LDT found for JavaBigintExpression 
10111      DEBUG main            d.u.i.k.p.i.AbstractProblemLoader Init config took 9.18s 
10301      INFO  main            d.u.i.k.p.i.AbstractProblemLoader Replaying proof ExampleObserver[ExampleObserver::ExampleObserver(ExampleSubject)].JML normal_behavior operation contract.0 
10340      DEBUG main            d.u.i.k.p.i.IntermediateProofReplayer Proof replay took 41.4ns 
11681      INFO  main            d.u.i.k.p.r.p.TestFile    ... finished proof: closed. 
11852      INFO  main            d.u.i.k.p.i.AbstractProblemLoader Loading environment from /home/runner/work/key/key/key.core/../key.ui/examples/heap/observer/ExampleObserver_ExampleObserver.key.proof 
11852      DEBUG main            d.u.i.k.p.i.AbstractProblemLoader Environment load took 306.72ns 
11855      INFO  main            d.u.i.k.p.i.AbstractProblemLoader Creating init config 
15507      DEBUG main            d.u.i.k.p.i.AbstractProblemLoader Init config took 3.65s 
15593      INFO  main            d.u.i.k.p.i.AbstractProblemLoader Replaying proof ExampleObserver[ExampleObserver::ExampleObserver(ExampleSubject)].JML normal_behavior operation contract.0 
15747      DEBUG main            d.u.i.k.p.i.IntermediateProofReplayer Proof replay took 146.45ms 
15765      DEBUG main            d.u.i.k.p.r.p.TestFile    ... success: reloaded. 
15770      INFO  main            d.u.i.k.p.r.p.TestFile    Now processing file /home/runner/work/key/key/key.core/../key.ui/examples/heap/observer/ExampleObserver_inv.key 
15773      INFO  main            d.u.i.k.p.i.AbstractProblemLoader Loading environment from /home/runner/work/key/key/key.core/../key.ui/examples/heap/observer/ExampleObserver_inv.key 
15773      DEBUG main            d.u.i.k.p.i.AbstractProblemLoader Environment load took 179.61ns 
15775      INFO  main            d.u.i.k.p.i.AbstractProblemLoader Creating init config 
19234      DEBUG main            d.u.i.k.p.i.AbstractProblemLoader Init config took 3.46s 
19322      INFO  main            d.u.i.k.p.i.AbstractProblemLoader Replaying proof ExampleObserver[java.lang.Object::<inv>()].JML accessible clause.0 
19329      DEBUG main            d.u.i.k.p.i.IntermediateProofReplayer Proof replay took 6.9ns 
19434      INFO  main            d.u.i.k.p.r.p.TestFile    ... finished proof: closed. 
19593      INFO  main            d.u.i.k.p.i.AbstractProblemLoader Loading environment from /home/runner/work/key/key/key.core/../key.ui/examples/heap/observer/ExampleObserver_inv.key.proof 
19596      DEBUG main            d.u.i.k.p.i.AbstractProblemLoader Environment load took 3.08ms 
19598      INFO  main            d.u.i.k.p.i.AbstractProblemLoader Creating init config 
22995      DEBUG main            d.u.i.k.p.i.AbstractProblemLoader Init config took 3.4s 
23061      INFO  main            d.u.i.k.p.i.AbstractProblemLoader Replaying proof ExampleObserver[java.lang.Object::<inv>()].JML accessible clause.0 
23080      DEBUG main            d.u.i.k.p.i.IntermediateProofReplayer Proof replay took 16.42ms 
23082      DEBUG main            d.u.i.k.p.r.p.TestFile    ... success: reloaded. 
23084      INFO  main            d.u.i.k.p.r.p.TestFile    Now processing file /home/runner/work/key/key/key.core/../key.ui/examples/heap/observer/ExampleObserver_subject.key 
23084      INFO  main            d.u.i.k.p.i.AbstractProblemLoader Loading environment from /home/runner/work/key/key/key.core/../key.ui/examples/heap/observer/ExampleObserver_subject.key 
23085      DEBUG main            d.u.i.k.p.i.AbstractProblemLoader Environment load took 265.32ns 
23086      INFO  main            d.u.i.k.p.i.AbstractProblemLoader Creating init config 
26476      DEBUG main            d.u.i.k.p.i.AbstractProblemLoader Init config took 3.39s 
26535      INFO  main            d.u.i.k.p.i.AbstractProblemLoader Replaying proof Observer[Observer::$subject()].JML accessible clause.0 
26538      DEBUG main            d.u.i.k.p.i.IntermediateProofReplayer Proof replay took 7.1ns 
26642      INFO  main            d.u.i.k.p.r.p.TestFile    ... finished proof: closed. 
26813      INFO  main            d.u.i.k.p.i.AbstractProblemLoader Loading environment from /home/runner/work/key/key/key.core/../key.ui/examples/heap/observer/ExampleObserver_subject.key.proof 
26813      DEBUG main            d.u.i.k.p.i.AbstractProblemLoader Environment load took 142.21ns 
26814      INFO  main            d.u.i.k.p.i.AbstractProblemLoader Creating init config 
30210      DEBUG main            d.u.i.k.p.i.AbstractProblemLoader Init config took 3.4s 
30299      INFO  main            d.u.i.k.p.i.AbstractProblemLoader Replaying proof Observer[Observer::$subject()].JML accessible clause.0 
30305      DEBUG main            d.u.i.k.p.i.IntermediateProofReplayer Proof replay took 2.58ms 
30308      DEBUG main            d.u.i.k.p.r.p.TestFile    ... success: reloaded. 
30310      INFO  main            d.u.i.k.p.r.p.TestFile    Now processing file /home/runner/work/key/key/key.core/../key.ui/examples/heap/observer/ExampleObserver_update.key 
30311      INFO  main            d.u.i.k.p.i.AbstractProblemLoader Loading environment from /home/runner/work/key/key/key.core/../key.ui/examples/heap/observer/ExampleObserver_update.key 
30311      DEBUG main            d.u.i.k.p.i.AbstractProblemLoader Environment load took 261.72ns 
30314      INFO  main            d.u.i.k.p.i.AbstractProblemLoader Creating init config 
33739      DEBUG main            d.u.i.k.p.i.AbstractProblemLoader Init config took 3.42s 
33796      INFO  main            d.u.i.k.p.i.AbstractProblemLoader Replaying proof ExampleObserver[Observer::update()].JML normal_behavior operation contract.0 
33798      DEBUG main            d.u.i.k.p.i.IntermediateProofReplayer Proof replay took 8.4ns 
34201      INFO  main            d.u.i.k.p.r.p.TestFile    ... finished proof: closed. 
34439      INFO  main            d.u.i.k.p.i.AbstractProblemLoader Loading environment from /home/runner/work/key/key/key.core/../key.ui/examples/heap/observer/ExampleObserver_update.key.proof 
34440      DEBUG main            d.u.i.k.p.i.AbstractProblemLoader Environment load took 589.84ns 
34442      INFO  main            d.u.i.k.p.i.AbstractProblemLoader Creating init config 
37829      DEBUG main            d.u.i.k.p.i.AbstractProblemLoader Init config took 3.39s 
37890      INFO  main            d.u.i.k.p.i.AbstractProblemLoader Replaying proof ExampleObserver[Observer::update()].JML normal_behavior operation contract.0 
37973      DEBUG main            d.u.i.k.p.i.IntermediateProofReplayer Proof replay took 76.98ms 
37974      DEBUG main            d.u.i.k.p.r.p.TestFile    ... success: reloaded. 
37976      INFO  main            d.u.i.k.p.r.p.TestFile    Now processing file /home/runner/work/key/key/key.core/../key.ui/examples/heap/observer/ExampleObserver_upToDate.key 
37976      INFO  main            d.u.i.k.p.i.AbstractProblemLoader Loading environment from /home/runner/work/key/key/key.core/../key.ui/examples/heap/observer/ExampleObserver_upToDate.key 
37977      DEBUG main            d.u.i.k.p.i.AbstractProblemLoader Environment load took 309.52ns 
37978      INFO  main            d.u.i.k.p.i.AbstractProblemLoader Creating init config 
41296      DEBUG main            d.u.i.k.p.i.AbstractProblemLoader Init config took 3.32s 
41351      INFO  main            d.u.i.k.p.i.AbstractProblemLoader Replaying proof ExampleObserver[Observer::$upToDate()].JML accessible clause.0 
41353      DEBUG main            d.u.i.k.p.i.IntermediateProofReplayer Proof replay took 6.8ns 
41556      INFO  main            d.u.i.k.p.r.p.TestFile    ... finished proof: closed. 
41752      INFO  main            d.u.i.k.p.i.AbstractProblemLoader Loading environment from /home/runner/work/key/key/key.core/../key.ui/examples/heap/observer/ExampleObserver_upToDate.key.proof 
41752      DEBUG main            d.u.i.k.p.i.AbstractProblemLoader Environment load took 131.51ns 
41753      INFO  main            d.u.i.k.p.i.AbstractProblemLoader Creating init config 
44968      DEBUG main            d.u.i.k.p.i.AbstractProblemLoader Init config took 3.21s 
45030      INFO  main            d.u.i.k.p.i.AbstractProblemLoader Replaying proof ExampleObserver[Observer::$upToDate()].JML accessible clause.0 
45061      DEBUG main            d.u.i.k.p.i.IntermediateProofReplayer Proof replay took 27.48ms 
45062      DEBUG main            d.u.i.k.p.r.p.TestFile    ... success: reloaded. 
45064      INFO  main            d.u.i.k.p.r.p.TestFile    Now processing file /home/runner/work/key/key/key.core/../key.ui/examples/heap/observer/ExampleObserver_value.key 
45065      INFO  main            d.u.i.k.p.i.AbstractProblemLoader Loading environment from /home/runner/work/key/key/key.core/../key.ui/examples/heap/observer/ExampleObserver_value.key 
45065      DEBUG main            d.u.i.k.p.i.AbstractProblemLoader Environment load took 704.14ns 
45067      INFO  main            d.u.i.k.p.i.AbstractProblemLoader Creating init config 
48378      DEBUG main            d.u.i.k.p.i.AbstractProblemLoader Init config took 3.31s 
48431      INFO  main            d.u.i.k.p.i.AbstractProblemLoader Replaying proof ExampleObserver[ExampleObserver::value()].JML normal_behavior operation contract.0 
48433      DEBUG main            d.u.i.k.p.i.IntermediateProofReplayer Proof replay took 8ns 
48540      INFO  main            d.u.i.k.p.r.p.TestFile    ... finished proof: closed. 
48741      INFO  main            d.u.i.k.p.i.AbstractProblemLoader Loading environment from /home/runner/work/key/key/key.core/../key.ui/examples/heap/observer/ExampleObserver_value.key.proof 
48742      DEBUG main            d.u.i.k.p.i.AbstractProblemLoader Environment load took 146.21ns 
48743      INFO  main            d.u.i.k.p.i.AbstractProblemLoader Creating init config 
52059      DEBUG main            d.u.i.k.p.i.AbstractProblemLoader Init config took 3.32s 
52129      INFO  main            d.u.i.k.p.i.AbstractProblemLoader Replaying proof ExampleObserver[ExampleObserver::value()].JML normal_behavior operation contract.0 
52162      DEBUG main            d.u.i.k.p.i.IntermediateProofReplayer Proof replay took 26.83ms 
52163      DEBUG main            d.u.i.k.p.r.p.TestFile    ... success: reloaded. 
52165      INFO  main            d.u.i.k.p.r.p.TestFile    Now processing file /home/runner/work/key/key/key.core/../key.ui/examples/heap/observer/ExampleSubject_addObserver.key 
52165      INFO  main            d.u.i.k.p.i.AbstractProblemLoader Loading environment from /home/runner/work/key/key/key.core/../key.ui/examples/heap/observer/ExampleSubject_addObserver.key 
52165      DEBUG main            d.u.i.k.p.i.AbstractProblemLoader Environment load took 119.11ns 
52166      INFO  main            d.u.i.k.p.i.AbstractProblemLoader Creating init config 
55572      DEBUG main            d.u.i.k.p.i.AbstractProblemLoader Init config took 3.41s 
55637      INFO  main            d.u.i.k.p.i.AbstractProblemLoader Replaying proof ExampleSubject[Subject::addObserver(Observer)].JML normal_behavior operation contract.0 
55639      DEBUG main            d.u.i.k.p.i.IntermediateProofReplayer Proof replay took 9.3ns 
62398      INFO  main            d.u.i.k.p.r.p.TestFile    ... finished proof: closed. 
62663      INFO  main            d.u.i.k.p.i.AbstractProblemLoader Loading environment from /home/runner/work/key/key/key.core/../key.ui/examples/heap/observer/ExampleSubject_addObserver.key.proof 
62664      DEBUG main            d.u.i.k.p.i.AbstractProblemLoader Environment load took 524.63ns 
62666      INFO  main            d.u.i.k.p.i.AbstractProblemLoader Creating init config 
65882      DEBUG main            d.u.i.k.p.i.AbstractProblemLoader Init config took 3.22s 
65955      INFO  main            d.u.i.k.p.i.AbstractProblemLoader Replaying proof ExampleSubject[Subject::addObserver(Observer)].JML normal_behavior operation contract.0 
66917      DEBUG main            d.u.i.k.p.i.IntermediateProofReplayer Proof replay took 937.17ms 
66919      DEBUG main            d.u.i.k.p.r.p.TestFile    ... success: reloaded. 
66921      INFO  main            d.u.i.k.p.r.p.TestFile    Now processing file /home/runner/work/key/key/key.core/../key.ui/examples/heap/observer/ExampleSubject_change.key 
66921      INFO  main            d.u.i.k.p.i.AbstractProblemLoader Loading environment from /home/runner/work/key/key/key.core/../key.ui/examples/heap/observer/ExampleSubject_change.key 
66921      DEBUG main            d.u.i.k.p.i.AbstractProblemLoader Environment load took 247.31ns 
66923      INFO  main            d.u.i.k.p.i.AbstractProblemLoader Creating init config 
70168      DEBUG main            d.u.i.k.p.i.AbstractProblemLoader Init config took 3.25s 
70224      INFO  main            d.u.i.k.p.i.AbstractProblemLoader Replaying proof ExampleSubject[ExampleSubject::change()].JML normal_behavior operation contract.0 
70226      DEBUG main            d.u.i.k.p.i.IntermediateProofReplayer Proof replay took 18.1ns 
70837      INFO  main            d.u.i.k.p.r.p.TestFile    ... finished proof: closed. 
71067      INFO  main            d.u.i.k.p.i.AbstractProblemLoader Loading environment from /home/runner/work/key/key/key.core/../key.ui/examples/heap/observer/ExampleSubject_change.key.proof 
71068      DEBUG main            d.u.i.k.p.i.AbstractProblemLoader Environment load took 636.34ns 
71070      INFO  main            d.u.i.k.p.i.AbstractProblemLoader Creating init config 
74275      DEBUG main            d.u.i.k.p.i.AbstractProblemLoader Init config took 3.21s 
74338      INFO  main            d.u.i.k.p.i.AbstractProblemLoader Replaying proof ExampleSubject[ExampleSubject::change()].JML normal_behavior operation contract.0 
74455      DEBUG main            d.u.i.k.p.i.IntermediateProofReplayer Proof replay took 112.21ms 
74457      DEBUG main            d.u.i.k.p.r.p.TestFile    ... success: reloaded. 
74458      INFO  main            d.u.i.k.p.r.p.TestFile    Now processing file /home/runner/work/key/key/key.core/../key.ui/examples/heap/observer/ExampleSubject_ExampleSubject.key 
74459      INFO  main            d.u.i.k.p.i.AbstractProblemLoader Loading environment from /home/runner/work/key/key/key.core/../key.ui/examples/heap/observer/ExampleSubject_ExampleSubject.key 
74459      DEBUG main            d.u.i.k.p.i.AbstractProblemLoader Environment load took 254.02ns 
74460      INFO  main            d.u.i.k.p.i.AbstractProblemLoader Creating init config 
77822      DEBUG main            d.u.i.k.p.i.AbstractProblemLoader Init config took 3.36s 
77875      INFO  main            d.u.i.k.p.i.AbstractProblemLoader Replaying proof ExampleSubject[ExampleSubject::ExampleSubject()].JML normal_behavior operation contract.0 
77877      DEBUG main            d.u.i.k.p.i.IntermediateProofReplayer Proof replay took 7.3ns 
79100      INFO  main            d.u.i.k.p.r.p.TestFile    ... finished proof: closed. 
79323      INFO  main            d.u.i.k.p.i.AbstractProblemLoader Loading environment from /home/runner/work/key/key/key.core/../key.ui/examples/heap/observer/ExampleSubject_ExampleSubject.key.proof 
79323      DEBUG main            d.u.i.k.p.i.AbstractProblemLoader Environment load took 483.93ns 
79325      INFO  main            d.u.i.k.p.i.AbstractProblemLoader Creating init config 
82584      DEBUG main            d.u.i.k.p.i.AbstractProblemLoader Init config took 3.26s 
82638      INFO  main            d.u.i.k.p.i.AbstractProblemLoader Replaying proof ExampleSubject[ExampleSubject::ExampleSubject()].JML normal_behavior operation contract.0 
82881      DEBUG main            d.u.i.k.p.i.IntermediateProofReplayer Proof replay took 236.11ms 
82883      DEBUG main            d.u.i.k.p.r.p.TestFile    ... success: reloaded. 
82885      INFO  main            d.u.i.k.p.r.p.TestFile    Now processing file /home/runner/work/key/key/key.core/../key.ui/examples/heap/observer/ExampleSubject_footprint.key 
82885      INFO  main            d.u.i.k.p.i.AbstractProblemLoader Loading environment from /home/runner/work/key/key/key.core/../key.ui/examples/heap/observer/ExampleSubject_footprint.key 
82886      DEBUG main            d.u.i.k.p.i.AbstractProblemLoader Environment load took 288.52ns 
82887      INFO  main            d.u.i.k.p.i.AbstractProblemLoader Creating init config 
86270      DEBUG main            d.u.i.k.p.i.AbstractProblemLoader Init config took 3.38s 
86324      INFO  main            d.u.i.k.p.i.AbstractProblemLoader Replaying proof ExampleSubject[Subject::$footprint()].JML accessible clause.0 
86328      DEBUG main            d.u.i.k.p.i.IntermediateProofReplayer Proof replay took 8.3ns 
86532      INFO  main            d.u.i.k.p.r.p.TestFile    ... finished proof: closed. 
86753      INFO  main            d.u.i.k.p.i.AbstractProblemLoader Loading environment from /home/runner/work/key/key/key.core/../key.ui/examples/heap/observer/ExampleSubject_footprint.key.proof 
86753      DEBUG main            d.u.i.k.p.i.AbstractProblemLoader Environment load took 135.41ns 
86754      INFO  main            d.u.i.k.p.i.AbstractProblemLoader Creating init config 
90112      DEBUG main            d.u.i.k.p.i.AbstractProblemLoader Init config took 3.36s 
90177      INFO  main            d.u.i.k.p.i.AbstractProblemLoader Replaying proof ExampleSubject[Subject::$footprint()].JML accessible clause.0 
90197      DEBUG main            d.u.i.k.p.i.IntermediateProofReplayer Proof replay took 17.78ms 
90199      DEBUG main            d.u.i.k.p.r.p.TestFile    ... success: reloaded. 
90200      INFO  main            d.u.i.k.p.r.p.TestFile    Now processing file /home/runner/work/key/key/key.core/../key.ui/examples/heap/observer/ExampleSubject_inv.key 
90201      INFO  main            d.u.i.k.p.i.AbstractProblemLoader Loading environment from /home/runner/work/key/key/key.core/../key.ui/examples/heap/observer/ExampleSubject_inv.key 
90201      DEBUG main            d.u.i.k.p.i.AbstractProblemLoader Environment load took 257.82ns 
90202      INFO  main            d.u.i.k.p.i.AbstractProblemLoader Creating init config 
93522      DEBUG main            d.u.i.k.p.i.AbstractProblemLoader Init config took 3.32s 
93575      INFO  main            d.u.i.k.p.i.AbstractProblemLoader Replaying proof ExampleSubject[java.lang.Object::<inv>()].JML accessible clause.0 
93576      DEBUG main            d.u.i.k.p.i.IntermediateProofReplayer Proof replay took 7.7ns 
94891      INFO  main            d.u.i.k.p.r.p.TestFile    ... finished proof: closed. 
95126      INFO  main            d.u.i.k.p.i.AbstractProblemLoader Loading environment from /home/runner/work/key/key/key.core/../key.ui/examples/heap/observer/ExampleSubject_inv.key.proof 
95127      DEBUG main            d.u.i.k.p.i.AbstractProblemLoader Environment load took 137.61ns 
95128      INFO  main            d.u.i.k.p.i.AbstractProblemLoader Creating init config 
98359      DEBUG main            d.u.i.k.p.i.AbstractProblemLoader Init config took 3.23s 
98411      INFO  main            d.u.i.k.p.i.AbstractProblemLoader Replaying proof ExampleSubject[java.lang.Object::<inv>()].JML accessible clause.0 
98554      DEBUG main            d.u.i.k.p.i.IntermediateProofReplayer Proof replay took 136.96ms 
98557      DEBUG main            d.u.i.k.p.r.p.TestFile    ... success: reloaded. 
98559      INFO  main            d.u.i.k.p.r.p.TestFile    Now processing file /home/runner/work/key/key/key.core/../key.ui/examples/heap/observer/ExampleSubject_notifyObservers.key 
98560      INFO  main            d.u.i.k.p.i.AbstractProblemLoader Loading environment from /home/runner/work/key/key/key.core/../key.ui/examples/heap/observer/ExampleSubject_notifyObservers.key 
98560      DEBUG main            d.u.i.k.p.i.AbstractProblemLoader Environment load took 140.01ns 
98561      INFO  main            d.u.i.k.p.i.AbstractProblemLoader Creating init config 
101757     DEBUG main            d.u.i.k.p.i.AbstractProblemLoader Init config took 3.2s 
101814     INFO  main            d.u.i.k.p.i.AbstractProblemLoader Replaying proof Subject[Subject::notifyObservers()].JML normal_behavior operation contract.0 
101816     DEBUG main            d.u.i.k.p.i.IntermediateProofReplayer Proof replay took 7.9ns 
101918     INFO  main            d.u.i.k.p.r.p.TestFile    ... finished proof: closed. 
102161     INFO  main            d.u.i.k.p.i.AbstractProblemLoader Loading environment from /home/runner/work/key/key/key.core/../key.ui/examples/heap/observer/ExampleSubject_notifyObservers.key.proof 
102161     DEBUG main            d.u.i.k.p.i.AbstractProblemLoader Environment load took 135.91ns 
102162     INFO  main            d.u.i.k.p.i.AbstractProblemLoader Creating init config 
105398     DEBUG main            d.u.i.k.p.i.AbstractProblemLoader Init config took 3.24s 
105484     INFO  main            d.u.i.k.p.i.AbstractProblemLoader Replaying proof Subject[Subject::notifyObservers()].JML normal_behavior operation contract.0 
105492     DEBUG main            d.u.i.k.p.i.IntermediateProofReplayer Proof replay took 3.43ms 
105493     DEBUG main            d.u.i.k.p.r.p.TestFile    ... success: reloaded. 
105495     INFO  main            d.u.i.k.p.r.p.TestFile    Now processing file /home/runner/work/key/key/key.core/../key.ui/examples/heap/observer/ExampleSubject_value_dep.key 
105495     INFO  main            d.u.i.k.p.i.AbstractProblemLoader Loading environment from /home/runner/work/key/key/key.core/../key.ui/examples/heap/observer/ExampleSubject_value_dep.key 
105495     DEBUG main            d.u.i.k.p.i.AbstractProblemLoader Environment load took 133.41ns 
105497     INFO  main            d.u.i.k.p.i.AbstractProblemLoader Creating init config 
108854     DEBUG main            d.u.i.k.p.i.AbstractProblemLoader Init config took 3.36s 
108908     INFO  main            d.u.i.k.p.i.AbstractProblemLoader Replaying proof ExampleSubject[ExampleSubject::value()].JML accessible clause.0 
108911     DEBUG main            d.u.i.k.p.i.IntermediateProofReplayer Proof replay took 7.9ns 
109014     INFO  main            d.u.i.k.p.r.p.TestFile    ... finished proof: closed. 
109280     INFO  main            d.u.i.k.p.i.AbstractProblemLoader Loading environment from /home/runner/work/key/key/key.core/../key.ui/examples/heap/observer/ExampleSubject_value_dep.key.proof 
109280     DEBUG main            d.u.i.k.p.i.AbstractProblemLoader Environment load took 133.41ns 
109282     INFO  main            d.u.i.k.p.i.AbstractProblemLoader Creating init config 
112441     DEBUG main            d.u.i.k.p.i.AbstractProblemLoader Init config took 3.16s 
112501     INFO  main            d.u.i.k.p.i.AbstractProblemLoader Replaying proof ExampleSubject[ExampleSubject::value()].JML accessible clause.0 
112522     DEBUG main            d.u.i.k.p.i.IntermediateProofReplayer Proof replay took 17.16ms 
112523     DEBUG main            d.u.i.k.p.r.p.TestFile    ... success: reloaded. 
112525     INFO  main            d.u.i.k.p.r.p.TestFile    Now processing file /home/runner/work/key/key/key.core/../key.ui/examples/heap/observer/ExampleSubject_value.key 
112525     INFO  main            d.u.i.k.p.i.AbstractProblemLoader Loading environment from /home/runner/work/key/key/key.core/../key.ui/examples/heap/observer/ExampleSubject_value.key 
112529     DEBUG main            d.u.i.k.p.i.AbstractProblemLoader Environment load took 3.69ms 
112530     INFO  main            d.u.i.k.p.i.AbstractProblemLoader Creating init config 
115801     DEBUG main            d.u.i.k.p.i.AbstractProblemLoader Init config took 3.27s 
115852     INFO  main            d.u.i.k.p.i.AbstractProblemLoader Replaying proof ExampleSubject[ExampleSubject::value()].JML normal_behavior operation contract.0 
115854     DEBUG main            d.u.i.k.p.i.IntermediateProofReplayer Proof replay took 8.4ns 
115956     INFO  main            d.u.i.k.p.r.p.TestFile    ... finished proof: closed. 
116230     INFO  main            d.u.i.k.p.i.AbstractProblemLoader Loading environment from /home/runner/work/key/key/key.core/../key.ui/examples/heap/observer/ExampleSubject_value.key.proof 
116231     DEBUG main            d.u.i.k.p.i.AbstractProblemLoader Environment load took 282.62ns 
116232     INFO  main            d.u.i.k.p.i.AbstractProblemLoader Creating init config 
119479     DEBUG main            d.u.i.k.p.i.AbstractProblemLoader Init config took 3.25s 
119543     INFO  main            d.u.i.k.p.i.AbstractProblemLoader Replaying proof ExampleSubject[ExampleSubject::value()].JML normal_behavior operation contract.0 
119559     DEBUG main            d.u.i.k.p.i.IntermediateProofReplayer Proof replay took 13.61ms 
119561     DEBUG main            d.u.i.k.p.r.p.TestFile    ... success: reloaded. 
1781348    INFO  Test worker     d.u.i.k.p.r.RunAllProofsTestUnit Returning from test observer 
1781349    INFO  Test worker     d.u.i.k.p.r.RunAllProofsTestUnit Running test removeDups 
432        INFO  Timeout watchdog d.u.i.k.p.r.p.ForkedTestFileRunner Timeout watcher launched (2000 secs.) 
456        WARN  main            d.u.i.k.s.ProofSettings   The settings in /home/runner/.key/proof-settings.props are *not* read. 
494        INFO  main            d.u.i.k.p.r.p.TestFile    Now processing file /home/runner/work/key/key/key.core/../key.ui/examples/heap/removeDups/arrayPart.key 
696        INFO  main            d.u.i.k.p.i.AbstractProblemLoader Loading environment from /home/runner/work/key/key/key.core/../key.ui/examples/heap/removeDups/arrayPart.key 
715        DEBUG main            d.u.i.k.p.i.AbstractProblemLoader Environment load took 2.45ms 
986        INFO  main            d.u.i.k.p.i.AbstractProblemLoader Creating init config 
2055       DEBUG main            d.u.i.k.j.TypeConverter   No LDT found for Meta 
2055       DEBUG main            d.u.i.k.j.TypeConverter   No LDT found for Meta 
2056       DEBUG main            d.u.i.k.j.TypeConverter   No LDT found for Meta 
2057       DEBUG main            d.u.i.k.j.TypeConverter   No LDT found for Meta 
3955       DEBUG main            d.u.i.k.j.TypeConverter   No LDT found for JavaBigintExpression 
10072      DEBUG main            d.u.i.k.p.i.AbstractProblemLoader Init config took 9.09s 
10215      INFO  main            d.u.i.k.p.i.AbstractProblemLoader Replaying proof RemoveDup[RemoveDup::arrayPart([I,int)].JML normal_behavior operation contract.0 
10252      DEBUG main            d.u.i.k.p.i.IntermediateProofReplayer Proof replay took 39ns 
13552      INFO  main            d.u.i.k.p.r.p.TestFile    ... finished proof: closed. 
13722      INFO  main            d.u.i.k.p.i.AbstractProblemLoader Loading environment from /home/runner/work/key/key/key.core/../key.ui/examples/heap/removeDups/arrayPart.key.proof 
13725      DEBUG main            d.u.i.k.p.i.AbstractProblemLoader Environment load took 3.53ms 
13729      INFO  main            d.u.i.k.p.i.AbstractProblemLoader Creating init config 
17272      DEBUG main            d.u.i.k.p.i.AbstractProblemLoader Init config took 3.54s 
17339      INFO  main            d.u.i.k.p.i.AbstractProblemLoader Replaying proof RemoveDup[RemoveDup::arrayPart([I,int)].JML normal_behavior operation contract.0 
17809      DEBUG main            d.u.i.k.p.i.IntermediateProofReplayer Proof replay took 457.66ms 
17819      DEBUG main            d.u.i.k.p.r.p.TestFile    ... success: reloaded. 
17822      INFO  main            d.u.i.k.p.r.p.TestFile    Now processing file /home/runner/work/key/key/key.core/../key.ui/examples/heap/removeDups/contains.key 
17822      INFO  main            d.u.i.k.p.i.AbstractProblemLoader Loading environment from /home/runner/work/key/key/key.core/../key.ui/examples/heap/removeDups/contains.key 
17823      DEBUG main            d.u.i.k.p.i.AbstractProblemLoader Environment load took 327.12ns 
17826      INFO  main            d.u.i.k.p.i.AbstractProblemLoader Creating init config 
21189      DEBUG main            d.u.i.k.p.i.AbstractProblemLoader Init config took 3.36s 
21263      INFO  main            d.u.i.k.p.i.AbstractProblemLoader Replaying proof RemoveDup[RemoveDup::contains([I,int,int)].JML normal_behavior operation contract.0 
21271      DEBUG main            d.u.i.k.p.i.IntermediateProofReplayer Proof replay took 8.2ns 
21976      INFO  main            d.u.i.k.p.r.p.TestFile    ... finished proof: closed. 
22160      INFO  main            d.u.i.k.p.i.AbstractProblemLoader Loading environment from /home/runner/work/key/key/key.core/../key.ui/examples/heap/removeDups/contains.key.proof 
22160      DEBUG main            d.u.i.k.p.i.AbstractProblemLoader Environment load took 165.11ns 
22173      INFO  main            d.u.i.k.p.i.AbstractProblemLoader Creating init config 
25360      DEBUG main            d.u.i.k.p.i.AbstractProblemLoader Init config took 3.19s 
25423      INFO  main            d.u.i.k.p.i.AbstractProblemLoader Replaying proof RemoveDup[RemoveDup::contains([I,int,int)].JML normal_behavior operation contract.0 
25571      DEBUG main            d.u.i.k.p.i.IntermediateProofReplayer Proof replay took 139.51ms 
25572      DEBUG main            d.u.i.k.p.r.p.TestFile    ... success: reloaded. 
25575      INFO  main            d.u.i.k.p.r.p.TestFile    Now processing file /home/runner/work/key/key/key.core/../key.ui/examples/heap/removeDups/removeDup.key 
25576      INFO  main            d.u.i.k.p.i.AbstractProblemLoader Loading environment from /home/runner/work/key/key/key.core/../key.ui/examples/heap/removeDups/removeDup.key 
25576      DEBUG main            d.u.i.k.p.i.AbstractProblemLoader Environment load took 142.41ns 
25578      INFO  main            d.u.i.k.p.i.AbstractProblemLoader Creating init config 
28855      DEBUG main            d.u.i.k.p.i.AbstractProblemLoader Init config took 3.28s 
28914      INFO  main            d.u.i.k.p.i.AbstractProblemLoader Replaying proof RemoveDup[RemoveDup::removeDup([I)].JML normal_behavior operation contract.0 
28916      DEBUG main            d.u.i.k.p.i.IntermediateProofReplayer Proof replay took 6.4ns 
34945      DEBUG Thread-7        d.u.i.k.j.d.VariableSpecification Program match. Variables have different dimension (template #v0 = #vi;, source a#11[] = var;) 
61303      INFO  main            d.u.i.k.p.r.p.TestFile    ... finished proof: closed. 
61649      INFO  main            d.u.i.k.p.i.AbstractProblemLoader Loading environment from /home/runner/work/key/key/key.core/../key.ui/examples/heap/removeDups/removeDup.key.proof 
61649      DEBUG main            d.u.i.k.p.i.AbstractProblemLoader Environment load took 520.33ns 
61665      INFO  main            d.u.i.k.p.i.AbstractProblemLoader Creating init config 
64723      DEBUG main            d.u.i.k.p.i.AbstractProblemLoader Init config took 3.06s 
64801      INFO  main            d.u.i.k.p.i.AbstractProblemLoader Replaying proof RemoveDup[RemoveDup::removeDup([I)].JML normal_behavior operation contract.0 
67154      DEBUG main            d.u.i.k.p.i.IntermediateProofReplayer Proof replay took 2.29s 
67158      DEBUG main            d.u.i.k.p.r.p.TestFile    ... success: reloaded. 
67160      INFO  main            d.u.i.k.p.r.p.TestFile    Now processing file /home/runner/work/key/key/key.core/../key.ui/examples/heap/saddleback_search/Saddleback_search.key 
67161      INFO  main            d.u.i.k.p.i.AbstractProblemLoader Loading environment from /home/runner/work/key/key/key.core/../key.ui/examples/heap/saddleback_search/Saddleback_search.key 
67161      DEBUG main            d.u.i.k.p.i.AbstractProblemLoader Environment load took 280.12ns 
67162      INFO  main            d.u.i.k.p.i.AbstractProblemLoader Creating init config 
70343      DEBUG main            d.u.i.k.p.i.AbstractProblemLoader Init config took 3.18s 
70392      INFO  main            d.u.i.k.p.i.AbstractProblemLoader Replaying proof Saddleback[Saddleback::search([[I,int)].JML normal_behavior operation contract.0 
70408      DEBUG main            d.u.i.k.p.i.IntermediateProofReplayer Proof replay took 8.4ns 
169543     INFO  main            d.u.i.k.p.r.p.TestFile    ... finished proof: closed. 
170077     INFO  main            d.u.i.k.p.i.AbstractProblemLoader Loading environment from /home/runner/work/key/key/key.core/../key.ui/examples/heap/saddleback_search/Saddleback_search.key.proof 
170077     DEBUG main            d.u.i.k.p.i.AbstractProblemLoader Environment load took 565.24ns 
170089     INFO  main            d.u.i.k.p.i.AbstractProblemLoader Creating init config 
173373     DEBUG main            d.u.i.k.p.i.AbstractProblemLoader Init config took 3.28s 
173429     INFO  main            d.u.i.k.p.i.AbstractProblemLoader Replaying proof Saddleback[Saddleback::search([[I,int)].JML normal_behavior operation contract.0 
176844     DEBUG main            d.u.i.k.p.i.IntermediateProofReplayer Proof replay took 3.21s 
176860     DEBUG main            d.u.i.k.p.r.p.TestFile    ... success: reloaded. 
1958408    INFO  Test worker     d.u.i.k.p.r.RunAllProofsTestUnit Returning from test removeDups 
1958409    INFO  Test worker     d.u.i.k.p.r.RunAllProofsTestUnit Running test quicksort 
410        INFO  Timeout watchdog d.u.i.k.p.r.p.ForkedTestFileRunner Timeout watcher launched (2000 secs.) 
426        WARN  main            d.u.i.k.s.ProofSettings   The settings in /home/runner/.key/proof-settings.props are *not* read. 
475        INFO  main            d.u.i.k.p.r.p.TestFile    Now processing file /home/runner/work/key/key/key.core/../key.ui/examples/heap/quicksort/toplevel.key 
637        INFO  main            d.u.i.k.p.i.AbstractProblemLoader Loading environment from /home/runner/work/key/key/key.core/../key.ui/examples/heap/quicksort/toplevel.key 
661        DEBUG main            d.u.i.k.p.i.AbstractProblemLoader Environment load took 2.65ms 
915        INFO  main            d.u.i.k.p.i.AbstractProblemLoader Creating init config 
2088       DEBUG main            d.u.i.k.j.TypeConverter   No LDT found for Meta 
2088       DEBUG main            d.u.i.k.j.TypeConverter   No LDT found for Meta 
2092       DEBUG main            d.u.i.k.j.TypeConverter   No LDT found for Meta 
2092       DEBUG main            d.u.i.k.j.TypeConverter   No LDT found for Meta 
3940       DEBUG main            d.u.i.k.j.TypeConverter   No LDT found for JavaBigintExpression 
10256      DEBUG main            d.u.i.k.p.i.AbstractProblemLoader Init config took 9.34s 
10409      INFO  main            d.u.i.k.p.i.AbstractProblemLoader Replaying proof Quicksort[Quicksort::sort([I)].JML normal_behavior operation contract.0 
10448      DEBUG main            d.u.i.k.p.i.IntermediateProofReplayer Proof replay took 38.8ns 
11935      INFO  main            d.u.i.k.p.r.p.TestFile    ... finished proof: closed. 
12092      INFO  main            d.u.i.k.p.i.AbstractProblemLoader Loading environment from /home/runner/work/key/key/key.core/../key.ui/examples/heap/quicksort/toplevel.key.proof 
12094      DEBUG main            d.u.i.k.p.i.AbstractProblemLoader Environment load took 2.36ms 
12104      INFO  main            d.u.i.k.p.i.AbstractProblemLoader Creating init config 
15743      DEBUG main            d.u.i.k.p.i.AbstractProblemLoader Init config took 3.64s 
15825      INFO  main            d.u.i.k.p.i.AbstractProblemLoader Replaying proof Quicksort[Quicksort::sort([I)].JML normal_behavior operation contract.0 
16040      DEBUG main            d.u.i.k.p.i.IntermediateProofReplayer Proof replay took 197.42ms 
16049      DEBUG main            d.u.i.k.p.r.p.TestFile    ... success: reloaded. 
16052      INFO  main            d.u.i.k.p.r.p.TestFile    Now processing file /home/runner/work/key/key/key.core/../key.ui/examples/heap/quicksort/sort.key 
16053      INFO  main            d.u.i.k.p.i.AbstractProblemLoader Loading environment from /home/runner/work/key/key/key.core/../key.ui/examples/heap/quicksort/sort.key 
16053      DEBUG main            d.u.i.k.p.i.AbstractProblemLoader Environment load took 326.52ns 
16057      INFO  main            d.u.i.k.p.i.AbstractProblemLoader Creating init config 
19550      DEBUG main            d.u.i.k.p.i.AbstractProblemLoader Init config took 3.49s 
19618      INFO  main            d.u.i.k.p.i.AbstractProblemLoader Replaying proof Quicksort[Quicksort::sort([I,int,int)].JML normal_behavior operation contract.0 
19623      DEBUG main            d.u.i.k.p.i.IntermediateProofReplayer Proof replay took 7.7ns 
19654      DEBUG main            d.u.i.k.m.s.ProofScriptEngine 1: 'script 'sort.script'' 
19658      INFO  main            d.u.i.k.m.s.ProofScriptCommand Included script /home/runner/work/key/key/key.core/../key.ui/examples/heap/quicksort/sort.script 
19659      DEBUG main            d.u.i.k.m.s.ProofScriptEngine 1: 'macro autopilot-prep' 
20936      DEBUG main            d.u.i.k.m.s.ProofScriptEngine 2: 'select formula="{heapAtPre:=heap || exc:=null || heap:=heapAfter_sort_0}
   seq ...' 
20941      DEBUG main            d.u.i.k.m.s.ProofScriptEngine 3: 'macro simp-upd' 
20952      DEBUG main            d.u.i.k.m.s.ProofScriptEngine 4: 'let   @seqPre="seqDef{int u;}(0, array.length, array[u])"
    @seqSplit="seqDef ...' 
20956      DEBUG main            d.u.i.k.m.s.ProofScriptEngine 5: 'rule seqPermSym 
  formula="seqPerm(@seqSplit, @seqPre)"' 
20978      DEBUG main            d.u.i.k.m.s.ProofScriptEngine 6: 'rule seqPermSym
  formula="seqPerm(@seqSort, @seqSplit)"' 
20981      DEBUG main            d.u.i.k.m.s.ProofScriptEngine 7: 'rule seqPermSym
  formula="seqPerm(@seqSort0, @seqSort)"' 
20983      DEBUG main            d.u.i.k.m.s.ProofScriptEngine 8: 'rule seqPermTrans
  formula="seqPerm(@seqPre, @seqSplit)"' 
20984      DEBUG main            d.u.i.k.m.s.ProofScriptEngine 9: 'rule seqPermTrans
  formula="seqPerm(@seqPre, @seqSort)"' 
20985      DEBUG main            d.u.i.k.m.s.ProofScriptEngine 10: 'rule seqPermSym
  formula="seqPerm(@seqPre, @seqSort0)"' 
20987      DEBUG main            d.u.i.k.m.s.ProofScriptEngine 11: 'tryclose' 
50133      INFO  main            d.u.i.k.p.r.p.TestFile    ... finished proof: closed. 
50488      INFO  main            d.u.i.k.p.i.AbstractProblemLoader Loading environment from /home/runner/work/key/key/key.core/../key.ui/examples/heap/quicksort/sort.key.proof 
50489      DEBUG main            d.u.i.k.p.i.AbstractProblemLoader Environment load took 299.82ns 
50504      INFO  main            d.u.i.k.p.i.AbstractProblemLoader Creating init config 
53843      DEBUG main            d.u.i.k.p.i.AbstractProblemLoader Init config took 3.34s 
53902      INFO  main            d.u.i.k.p.i.AbstractProblemLoader Replaying proof Quicksort[Quicksort::sort([I,int,int)].JML normal_behavior operation contract.0 
56313      DEBUG main            d.u.i.k.p.i.IntermediateProofReplayer Proof replay took 2.27s 
56322      DEBUG main            d.u.i.k.p.r.p.TestFile    ... success: reloaded. 
56333      INFO  main            d.u.i.k.p.r.p.TestFile    Now processing file /home/runner/work/key/key/key.core/../key.ui/examples/heap/quicksort/split.key 
56333      INFO  main            d.u.i.k.p.i.AbstractProblemLoader Loading environment from /home/runner/work/key/key/key.core/../key.ui/examples/heap/quicksort/split.key 
56334      DEBUG main            d.u.i.k.p.i.AbstractProblemLoader Environment load took 428.33ns 
56335      INFO  main            d.u.i.k.p.i.AbstractProblemLoader Creating init config 
59723      DEBUG main            d.u.i.k.p.i.AbstractProblemLoader Init config took 3.39s 
59778      INFO  main            d.u.i.k.p.i.AbstractProblemLoader Replaying proof Quicksort[Quicksort::split([I,int,int)].JML normal_behavior operation contract.0 
59782      DEBUG main            d.u.i.k.p.i.IntermediateProofReplayer Proof replay took 6.1ns 
59783      DEBUG main            d.u.i.k.m.s.ProofScriptEngine 1: 'macro autopilot-prep' 
61239      DEBUG main            d.u.i.k.m.s.ProofScriptEngine 2: 'tryclose' 
104021     DEBUG main            d.u.i.k.m.s.ProofScriptEngine 3: 'macro simp-upd' 
104203     DEBUG main            d.u.i.k.m.s.ProofScriptEngine 4: 'rule seqPermFromSwap' 
104223     DEBUG main            d.u.i.k.m.s.ProofScriptEngine 5: 'rule andRight' 
104228     DEBUG main            d.u.i.k.m.s.ProofScriptEngine 6: 'auto' 
104268     DEBUG main            d.u.i.k.m.s.ProofScriptEngine 7: 'instantiate hide var=iv with=i_0' 
104274     DEBUG main            d.u.i.k.m.s.ProofScriptEngine 8: 'instantiate hide var=jv with=j_0' 
104278     DEBUG main            d.u.i.k.m.s.ProofScriptEngine 9: 'auto' 
111681     DEBUG main            d.u.i.k.m.s.ProofScriptEngine 10: 'macro simp-upd' 
111780     DEBUG main            d.u.i.k.m.s.ProofScriptEngine 11: 'rule seqPermFromSwap' 
111785     DEBUG main            d.u.i.k.m.s.ProofScriptEngine 12: 'rule andRight' 
111788     DEBUG main            d.u.i.k.m.s.ProofScriptEngine 13: 'auto' 
111810     DEBUG main            d.u.i.k.m.s.ProofScriptEngine 14: 'instantiate hide var=iv with=i_0' 
111814     DEBUG main            d.u.i.k.m.s.ProofScriptEngine 15: 'instantiate hide var=jv with=to' 
111816     DEBUG main            d.u.i.k.m.s.ProofScriptEngine 16: 'auto' 
117677     INFO  main            d.u.i.k.p.r.p.TestFile    ... finished proof: closed. 
118287     INFO  main            d.u.i.k.p.i.AbstractProblemLoader Loading environment from /home/runner/work/key/key/key.core/../key.ui/examples/heap/quicksort/split.key.proof 
118287     DEBUG main            d.u.i.k.p.i.AbstractProblemLoader Environment load took 576.34ns 
118304     INFO  main            d.u.i.k.p.i.AbstractProblemLoader Creating init config 
121468     DEBUG main            d.u.i.k.p.i.AbstractProblemLoader Init config took 3.16s 
121543     INFO  main            d.u.i.k.p.i.AbstractProblemLoader Replaying proof Quicksort[Quicksort::split([I,int,int)].JML normal_behavior operation contract.0 
126238     DEBUG main            d.u.i.k.p.i.IntermediateProofReplayer Proof replay took 4.48s 
126253     DEBUG main            d.u.i.k.p.r.p.TestFile    ... success: reloaded. 
2084957    INFO  Test worker     d.u.i.k.p.r.RunAllProofsTestUnit Returning from test quicksort 
2084960    INFO  Test worker     d.u.i.k.p.r.RunAllProofsTestUnit Running test simpleTests 
423        INFO  Timeout watchdog d.u.i.k.p.r.p.ForkedTestFileRunner Timeout watcher launched (2000 secs.) 
459        WARN  main            d.u.i.k.s.ProofSettings   The settings in /home/runner/.key/proof-settings.props are *not* read. 
529        INFO  main            d.u.i.k.p.r.p.TestFile    Now processing file /home/runner/work/key/key/key.core/../key.ui/examples/heap/simple/anonymise_datagroup.key 
694        INFO  main            d.u.i.k.p.i.AbstractProblemLoader Loading environment from /home/runner/work/key/key/key.core/../key.ui/examples/heap/simple/anonymise_datagroup.key 
718        DEBUG main            d.u.i.k.p.i.AbstractProblemLoader Environment load took 2.18ms 
1045       INFO  main            d.u.i.k.p.i.AbstractProblemLoader Creating init config 
2111       DEBUG main            d.u.i.k.j.TypeConverter   No LDT found for Meta 
2112       DEBUG main            d.u.i.k.j.TypeConverter   No LDT found for Meta 
2113       DEBUG main            d.u.i.k.j.TypeConverter   No LDT found for Meta 
2113       DEBUG main            d.u.i.k.j.TypeConverter   No LDT found for Meta 
3717       DEBUG main            d.u.i.k.j.TypeConverter   No LDT found for JavaBigintExpression 
9901       DEBUG main            d.u.i.k.p.i.AbstractProblemLoader Init config took 8.86s 
9991       INFO  main            d.u.i.k.p.i.AbstractProblemLoader Replaying proof anonymise_datagroup.key 
10034      DEBUG main            d.u.i.k.p.i.IntermediateProofReplayer Proof replay took 42.6ns 
10420      INFO  main            d.u.i.k.p.r.p.TestFile    ... finished proof: closed. 
10538      INFO  main            d.u.i.k.p.i.AbstractProblemLoader Loading environment from /home/runner/work/key/key/key.core/../key.ui/examples/heap/simple/anonymise_datagroup.key.proof 
10539      DEBUG main            d.u.i.k.p.i.AbstractProblemLoader Environment load took 948.26ns 
10545      INFO  main            d.u.i.k.p.i.AbstractProblemLoader Creating init config 
14067      DEBUG main            d.u.i.k.p.i.AbstractProblemLoader Init config took 3.52s 
14100      INFO  main            d.u.i.k.p.i.AbstractProblemLoader Replaying proof anonymise_datagroup.key.proof 
14120      DEBUG main            d.u.i.k.p.i.IntermediateProofReplayer Proof replay took 14.9ms 
14134      DEBUG main            d.u.i.k.p.r.p.TestFile    ... success: reloaded. 
14135      INFO  main            d.u.i.k.p.r.p.TestFile    Now processing file /home/runner/work/key/key/key.core/../key.ui/examples/heap/simple/array_creation.key 
14136      INFO  main            d.u.i.k.p.i.AbstractProblemLoader Loading environment from /home/runner/work/key/key/key.core/../key.ui/examples/heap/simple/array_creation.key 
14136      DEBUG main            d.u.i.k.p.i.AbstractProblemLoader Environment load took 277.52ns 
14139      INFO  main            d.u.i.k.p.i.AbstractProblemLoader Creating init config 
17501      DEBUG main            d.u.i.k.p.i.AbstractProblemLoader Init config took 3.36s 
17548      INFO  main            d.u.i.k.p.i.AbstractProblemLoader Replaying proof array_creation.key 
17559      DEBUG main            d.u.i.k.p.i.IntermediateProofReplayer Proof replay took 8.1ns 
18271      INFO  main            d.u.i.k.p.r.p.TestFile    ... finished proof: closed. 
18438      INFO  main            d.u.i.k.p.i.AbstractProblemLoader Loading environment from /home/runner/work/key/key/key.core/../key.ui/examples/heap/simple/array_creation.key.proof 
18440      DEBUG main            d.u.i.k.p.i.AbstractProblemLoader Environment load took 2.04ms 
18446      INFO  main            d.u.i.k.p.i.AbstractProblemLoader Creating init config 
21532      DEBUG main            d.u.i.k.p.i.AbstractProblemLoader Init config took 3.09s 
21561      INFO  main            d.u.i.k.p.i.AbstractProblemLoader Replaying proof array_creation.key.proof 
21678      DEBUG main            d.u.i.k.p.i.IntermediateProofReplayer Proof replay took 112.14ms 
21680      DEBUG main            d.u.i.k.p.r.p.TestFile    ... success: reloaded. 
21681      INFO  main            d.u.i.k.p.r.p.TestFile    Now processing file /home/runner/work/key/key/key.core/../key.ui/examples/heap/simple/arrays_with_disjoint_sorts.key 
21682      INFO  main            d.u.i.k.p.i.AbstractProblemLoader Loading environment from /home/runner/work/key/key/key.core/../key.ui/examples/heap/simple/arrays_with_disjoint_sorts.key 
21682      DEBUG main            d.u.i.k.p.i.AbstractProblemLoader Environment load took 261.42ns 
21684      INFO  main            d.u.i.k.p.i.AbstractProblemLoader Creating init config 
24807      DEBUG main            d.u.i.k.p.i.AbstractProblemLoader Init config took 3.12s 
24833      INFO  main            d.u.i.k.p.i.AbstractProblemLoader Replaying proof arrays_with_disjoint_sorts.key 
24835      DEBUG main            d.u.i.k.p.i.IntermediateProofReplayer Proof replay took 7.9ns 
25043      INFO  main            d.u.i.k.p.r.p.TestFile    ... finished proof: closed. 
25239      INFO  main            d.u.i.k.p.i.AbstractProblemLoader Loading environment from /home/runner/work/key/key/key.core/../key.ui/examples/heap/simple/arrays_with_disjoint_sorts.key.proof 
25242      DEBUG main            d.u.i.k.p.i.AbstractProblemLoader Environment load took 2.35ms 
25244      INFO  main            d.u.i.k.p.i.AbstractProblemLoader Creating init config 
28459      DEBUG main            d.u.i.k.p.i.AbstractProblemLoader Init config took 3.22s 
28487      INFO  main            d.u.i.k.p.i.AbstractProblemLoader Replaying proof arrays_with_disjoint_sorts.key.proof 
28518      DEBUG main            d.u.i.k.p.i.IntermediateProofReplayer Proof replay took 27.08ms 
28519      DEBUG main            d.u.i.k.p.r.p.TestFile    ... success: reloaded. 
28520      INFO  main            d.u.i.k.p.r.p.TestFile    Now processing file /home/runner/work/key/key/key.core/../key.ui/examples/heap/simple/arrays.key 
28521      INFO  main            d.u.i.k.p.i.AbstractProblemLoader Loading environment from /home/runner/work/key/key/key.core/../key.ui/examples/heap/simple/arrays.key 
28521      DEBUG main            d.u.i.k.p.i.AbstractProblemLoader Environment load took 258.52ns 
28523      INFO  main            d.u.i.k.p.i.AbstractProblemLoader Creating init config 
31595      DEBUG main            d.u.i.k.p.i.AbstractProblemLoader Init config took 3.07s 
31620      INFO  main            d.u.i.k.p.i.AbstractProblemLoader Replaying proof arrays.key 
31624      DEBUG main            d.u.i.k.p.i.IntermediateProofReplayer Proof replay took 7.7ns 
31831      INFO  main            d.u.i.k.p.r.p.TestFile    ... finished proof: closed. 
32018      INFO  main            d.u.i.k.p.i.AbstractProblemLoader Loading environment from /home/runner/work/key/key/key.core/../key.ui/examples/heap/simple/arrays.key.proof 
32019      DEBUG main            d.u.i.k.p.i.AbstractProblemLoader Environment load took 657.43ns 
32021      INFO  main            d.u.i.k.p.i.AbstractProblemLoader Creating init config 
35111      DEBUG main            d.u.i.k.p.i.AbstractProblemLoader Init config took 3.09s 
35136      INFO  main            d.u.i.k.p.i.AbstractProblemLoader Replaying proof arrays.key.proof 
35162      DEBUG main            d.u.i.k.p.i.IntermediateProofReplayer Proof replay took 22.48ms 
35164      DEBUG main            d.u.i.k.p.r.p.TestFile    ... success: reloaded. 
35165      INFO  main            d.u.i.k.p.r.p.TestFile    Now processing file /home/runner/work/key/key/key.core/../key.ui/examples/heap/simple/attributes.key 
35166      INFO  main            d.u.i.k.p.i.AbstractProblemLoader Loading environment from /home/runner/work/key/key/key.core/../key.ui/examples/heap/simple/attributes.key 
35166      DEBUG main            d.u.i.k.p.i.AbstractProblemLoader Environment load took 257.52ns 
35167      INFO  main            d.u.i.k.p.i.AbstractProblemLoader Creating init config 
38195      DEBUG main            d.u.i.k.p.i.AbstractProblemLoader Init config took 3.03s 
38219      INFO  main            d.u.i.k.p.i.AbstractProblemLoader Replaying proof attributes.key 
38222      DEBUG main            d.u.i.k.p.i.IntermediateProofReplayer Proof replay took 7.9ns 
38326      INFO  main            d.u.i.k.p.r.p.TestFile    ... finished proof: closed. 
38528      INFO  main            d.u.i.k.p.i.AbstractProblemLoader Loading environment from /home/runner/work/key/key/key.core/../key.ui/examples/heap/simple/attributes.key.proof 
38528      DEBUG main            d.u.i.k.p.i.AbstractProblemLoader Environment load took 176.31ns 
38529      INFO  main            d.u.i.k.p.i.AbstractProblemLoader Creating init config 
41636      DEBUG main            d.u.i.k.p.i.AbstractProblemLoader Init config took 3.11s 
41661      INFO  main            d.u.i.k.p.i.AbstractProblemLoader Replaying proof attributes.key.proof 
41665      DEBUG main            d.u.i.k.p.i.IntermediateProofReplayer Proof replay took 2.47ms 
41666      DEBUG main            d.u.i.k.p.r.p.TestFile    ... success: reloaded. 
41667      INFO  main            d.u.i.k.p.r.p.TestFile    Now processing file /home/runner/work/key/key/key.core/../key.ui/examples/heap/simple/constructor_contracts.key 
41667      INFO  main            d.u.i.k.p.i.AbstractProblemLoader Loading environment from /home/runner/work/key/key/key.core/../key.ui/examples/heap/simple/constructor_contracts.key 
41668      DEBUG main            d.u.i.k.p.i.AbstractProblemLoader Environment load took 141.01ns 
41670      INFO  main            d.u.i.k.p.i.AbstractProblemLoader Creating init config 
45315      DEBUG main            d.u.i.k.p.i.AbstractProblemLoader Init config took 3.65s 
45343      INFO  main            d.u.i.k.p.i.AbstractProblemLoader Replaying proof constructor_contracts.key 
45345      DEBUG main            d.u.i.k.p.i.IntermediateProofReplayer Proof replay took 7.8ns 
46064      INFO  main            d.u.i.k.p.r.p.TestFile    ... finished proof: closed. 
46261      INFO  main            d.u.i.k.p.i.AbstractProblemLoader Loading environment from /home/runner/work/key/key/key.core/../key.ui/examples/heap/simple/constructor_contracts.key.proof 
46262      DEBUG main            d.u.i.k.p.i.AbstractProblemLoader Environment load took 651.34ns 
46265      INFO  main            d.u.i.k.p.i.AbstractProblemLoader Creating init config 
49574      DEBUG main            d.u.i.k.p.i.AbstractProblemLoader Init config took 3.31s 
49599      INFO  main            d.u.i.k.p.i.AbstractProblemLoader Replaying proof constructor_contracts.key.proof 
49728      DEBUG main            d.u.i.k.p.i.IntermediateProofReplayer Proof replay took 124.04ms 
49730      DEBUG main            d.u.i.k.p.r.p.TestFile    ... success: reloaded. 
49732      INFO  main            d.u.i.k.p.r.p.TestFile    Now processing file /home/runner/work/key/key/key.core/../key.ui/examples/heap/simple/dependencies.key 
49732      INFO  main            d.u.i.k.p.i.AbstractProblemLoader Loading environment from /home/runner/work/key/key/key.core/../key.ui/examples/heap/simple/dependencies.key 
49733      DEBUG main            d.u.i.k.p.i.AbstractProblemLoader Environment load took 287.82ns 
49734      INFO  main            d.u.i.k.p.i.AbstractProblemLoader Creating init config 
52749      DEBUG main            d.u.i.k.p.i.AbstractProblemLoader Init config took 3.01s 
52770      INFO  main            d.u.i.k.p.i.AbstractProblemLoader Replaying proof dependencies.key 
52772      DEBUG main            d.u.i.k.p.i.IntermediateProofReplayer Proof replay took 8.6ns 
52876      INFO  main            d.u.i.k.p.r.p.TestFile    ... finished proof: closed. 
53083      INFO  main            d.u.i.k.p.i.AbstractProblemLoader Loading environment from /home/runner/work/key/key/key.core/../key.ui/examples/heap/simple/dependencies.key.proof 
53084      DEBUG main            d.u.i.k.p.i.AbstractProblemLoader Environment load took 138.11ns 
53086      INFO  main            d.u.i.k.p.i.AbstractProblemLoader Creating init config 
56078      DEBUG main            d.u.i.k.p.i.AbstractProblemLoader Init config took 2.99s 
56101      INFO  main            d.u.i.k.p.i.AbstractProblemLoader Replaying proof dependencies.key.proof 
56115      DEBUG main            d.u.i.k.p.i.IntermediateProofReplayer Proof replay took 9.45ms 
56116      DEBUG main            d.u.i.k.p.r.p.TestFile    ... success: reloaded. 
56117      INFO  main            d.u.i.k.p.r.p.TestFile    Now processing file /home/runner/work/key/key/key.core/../key.ui/examples/heap/simple/dependency_contracts.key 
56118      INFO  main            d.u.i.k.p.i.AbstractProblemLoader Loading environment from /home/runner/work/key/key/key.core/../key.ui/examples/heap/simple/dependency_contracts.key 
56118      DEBUG main            d.u.i.k.p.i.AbstractProblemLoader Environment load took 248.81ns 
56120      INFO  main            d.u.i.k.p.i.AbstractProblemLoader Creating init config 
59588      DEBUG main            d.u.i.k.p.i.AbstractProblemLoader Init config took 3.47s 
59618      INFO  main            d.u.i.k.p.i.AbstractProblemLoader Replaying proof dependency_contracts.key 
59620      DEBUG main            d.u.i.k.p.i.IntermediateProofReplayer Proof replay took 9.1ns 
61233      INFO  main            d.u.i.k.p.r.p.TestFile    ... finished proof: closed. 
61465      INFO  main            d.u.i.k.p.i.AbstractProblemLoader Loading environment from /home/runner/work/key/key/key.core/../key.ui/examples/heap/simple/dependency_contracts.key.proof 
61467      DEBUG main            d.u.i.k.p.i.AbstractProblemLoader Environment load took 2.49ms 
61475      INFO  main            d.u.i.k.p.i.AbstractProblemLoader Creating init config 
64800      DEBUG main            d.u.i.k.p.i.AbstractProblemLoader Init config took 3.32s 
64824      INFO  main            d.u.i.k.p.i.AbstractProblemLoader Replaying proof dependency_contracts.key.proof 
65045      DEBUG main            d.u.i.k.p.i.IntermediateProofReplayer Proof replay took 212.65ms 
65048      DEBUG main            d.u.i.k.p.r.p.TestFile    ... success: reloaded. 
65049      INFO  main            d.u.i.k.p.r.p.TestFile    Now processing file /home/runner/work/key/key/key.core/../key.ui/examples/heap/simple/invariant_preservation.key 
65050      INFO  main            d.u.i.k.p.i.AbstractProblemLoader Loading environment from /home/runner/work/key/key/key.core/../key.ui/examples/heap/simple/invariant_preservation.key 
65050      DEBUG main            d.u.i.k.p.i.AbstractProblemLoader Environment load took 250.12ns 
65052      INFO  main            d.u.i.k.p.i.AbstractProblemLoader Creating init config 
68310      DEBUG main            d.u.i.k.p.i.AbstractProblemLoader Init config took 3.26s 
68334      INFO  main            d.u.i.k.p.i.AbstractProblemLoader Replaying proof invariant_preservation.key 
68336      DEBUG main            d.u.i.k.p.i.IntermediateProofReplayer Proof replay took 7.8ns 
68540      INFO  main            d.u.i.k.p.r.p.TestFile    ... finished proof: closed. 
68794      INFO  main            d.u.i.k.p.i.AbstractProblemLoader Loading environment from /home/runner/work/key/key/key.core/../key.ui/examples/heap/simple/invariant_preservation.key.proof 
68796      DEBUG main            d.u.i.k.p.i.AbstractProblemLoader Environment load took 1.73ms 
68798      INFO  main            d.u.i.k.p.i.AbstractProblemLoader Creating init config 
72180      DEBUG main            d.u.i.k.p.i.AbstractProblemLoader Init config took 3.38s 
72207      INFO  main            d.u.i.k.p.i.AbstractProblemLoader Replaying proof invariant_preservation.key.proof 
72248      DEBUG main            d.u.i.k.p.i.IntermediateProofReplayer Proof replay took 36.65ms 
72251      DEBUG main            d.u.i.k.p.r.p.TestFile    ... success: reloaded. 
72253      INFO  main            d.u.i.k.p.r.p.TestFile    Now processing file /home/runner/work/key/key/key.core/../key.ui/examples/heap/simple/locsets.key 
72253      INFO  main            d.u.i.k.p.i.AbstractProblemLoader Loading environment from /home/runner/work/key/key/key.core/../key.ui/examples/heap/simple/locsets.key 
72254      DEBUG main            d.u.i.k.p.i.AbstractProblemLoader Environment load took 819.25ns 
72255      INFO  main            d.u.i.k.p.i.AbstractProblemLoader Creating init config 
75186      DEBUG main            d.u.i.k.p.i.AbstractProblemLoader Init config took 2.93s 
75207      INFO  main            d.u.i.k.p.i.AbstractProblemLoader Replaying proof locsets.key 
75208      DEBUG main            d.u.i.k.p.i.IntermediateProofReplayer Proof replay took 9.3ns 
75314      INFO  main            d.u.i.k.p.r.p.TestFile    ... finished proof: closed. 
75551      INFO  main            d.u.i.k.p.i.AbstractProblemLoader Loading environment from /home/runner/work/key/key/key.core/../key.ui/examples/heap/simple/locsets.key.proof 
75551      DEBUG main            d.u.i.k.p.i.AbstractProblemLoader Environment load took 139.11ns 
75552      INFO  main            d.u.i.k.p.i.AbstractProblemLoader Creating init config 
78522      DEBUG main            d.u.i.k.p.i.AbstractProblemLoader Init config took 2.97s 
78543      INFO  main            d.u.i.k.p.i.AbstractProblemLoader Replaying proof locsets.key.proof 
78547      DEBUG main            d.u.i.k.p.i.IntermediateProofReplayer Proof replay took 1.99ms 
78549      DEBUG main            d.u.i.k.p.r.p.TestFile    ... success: reloaded. 
78549      INFO  main            d.u.i.k.p.r.p.TestFile    Now processing file /home/runner/work/key/key/key.core/../key.ui/examples/heap/simple/loop1.key 
78550      INFO  main            d.u.i.k.p.i.AbstractProblemLoader Loading environment from /home/runner/work/key/key/key.core/../key.ui/examples/heap/simple/loop1.key 
78550      DEBUG main            d.u.i.k.p.i.AbstractProblemLoader Environment load took 238.31ns 
78552      INFO  main            d.u.i.k.p.i.AbstractProblemLoader Creating init config 
81977      DEBUG main            d.u.i.k.p.i.AbstractProblemLoader Init config took 3.43s 
81997      INFO  main            d.u.i.k.p.i.AbstractProblemLoader Replaying proof loop1.key 
81999      DEBUG main            d.u.i.k.p.i.IntermediateProofReplayer Proof replay took 9.1ns 
82202      INFO  main            d.u.i.k.p.r.p.TestFile    ... finished proof: closed. 
82429      INFO  main            d.u.i.k.p.i.AbstractProblemLoader Loading environment from /home/runner/work/key/key/key.core/../key.ui/examples/heap/simple/loop1.key.proof 
82429      DEBUG main            d.u.i.k.p.i.AbstractProblemLoader Environment load took 137.11ns 
82431      INFO  main            d.u.i.k.p.i.AbstractProblemLoader Creating init config 
85872      DEBUG main            d.u.i.k.p.i.AbstractProblemLoader Init config took 3.44s 
85892      INFO  main            d.u.i.k.p.i.AbstractProblemLoader Replaying proof loop1.key.proof 
85971      DEBUG main            d.u.i.k.p.i.IntermediateProofReplayer Proof replay took 76.9ms 
85973      DEBUG main            d.u.i.k.p.r.p.TestFile    ... success: reloaded. 
85974      INFO  main            d.u.i.k.p.r.p.TestFile    Now processing file /home/runner/work/key/key/key.core/../key.ui/examples/heap/simple/loop2.key 
85974      INFO  main            d.u.i.k.p.i.AbstractProblemLoader Loading environment from /home/runner/work/key/key/key.core/../key.ui/examples/heap/simple/loop2.key 
85975      DEBUG main            d.u.i.k.p.i.AbstractProblemLoader Environment load took 246.62ns 
85976      INFO  main            d.u.i.k.p.i.AbstractProblemLoader Creating init config 
89347      DEBUG main            d.u.i.k.p.i.AbstractProblemLoader Init config took 3.37s 
89369      INFO  main            d.u.i.k.p.i.AbstractProblemLoader Replaying proof loop2.key 
89372      DEBUG main            d.u.i.k.p.i.IntermediateProofReplayer Proof replay took 8.1ns 
90078      INFO  main            d.u.i.k.p.r.p.TestFile    ... finished proof: closed. 
90351      INFO  main            d.u.i.k.p.i.AbstractProblemLoader Loading environment from /home/runner/work/key/key/key.core/../key.ui/examples/heap/simple/loop2.key.proof 
90352      DEBUG main            d.u.i.k.p.i.AbstractProblemLoader Environment load took 510.73ns 
90353      INFO  main            d.u.i.k.p.i.AbstractProblemLoader Creating init config 
93631      DEBUG main            d.u.i.k.p.i.AbstractProblemLoader Init config took 3.28s 
93652      INFO  main            d.u.i.k.p.i.AbstractProblemLoader Replaying proof loop2.key.proof 
93797      DEBUG main            d.u.i.k.p.i.IntermediateProofReplayer Proof replay took 141.44ms 
93799      DEBUG main            d.u.i.k.p.r.p.TestFile    ... success: reloaded. 
93800      INFO  main            d.u.i.k.p.r.p.TestFile    Now processing file /home/runner/work/key/key/key.core/../key.ui/examples/heap/simple/modifies_datagroup.key 
93801      INFO  main            d.u.i.k.p.i.AbstractProblemLoader Loading environment from /home/runner/work/key/key/key.core/../key.ui/examples/heap/simple/modifies_datagroup.key 
93801      DEBUG main            d.u.i.k.p.i.AbstractProblemLoader Environment load took 242.51ns 
93802      INFO  main            d.u.i.k.p.i.AbstractProblemLoader Creating init config 
96883      DEBUG main            d.u.i.k.p.i.AbstractProblemLoader Init config took 3.08s 
96911      INFO  main            d.u.i.k.p.i.AbstractProblemLoader Replaying proof modifies_datagroup.key 
96913      DEBUG main            d.u.i.k.p.i.IntermediateProofReplayer Proof replay took 9.6ns 
97025      INFO  main            d.u.i.k.p.r.p.TestFile    ... finished proof: closed. 
97293      INFO  main            d.u.i.k.p.i.AbstractProblemLoader Loading environment from /home/runner/work/key/key/key.core/../key.ui/examples/heap/simple/modifies_datagroup.key.proof 
97293      DEBUG main            d.u.i.k.p.i.AbstractProblemLoader Environment load took 132.01ns 
97295      INFO  main            d.u.i.k.p.i.AbstractProblemLoader Creating init config 
100248     DEBUG main            d.u.i.k.p.i.AbstractProblemLoader Init config took 2.95s 
100269     INFO  main            d.u.i.k.p.i.AbstractProblemLoader Replaying proof modifies_datagroup.key.proof 
100276     DEBUG main            d.u.i.k.p.i.IntermediateProofReplayer Proof replay took 4.1ms 
100277     DEBUG main            d.u.i.k.p.r.p.TestFile    ... success: reloaded. 
100278     INFO  main            d.u.i.k.p.r.p.TestFile    Now processing file /home/runner/work/key/key/key.core/../key.ui/examples/heap/simple/modifies.key 
100278     INFO  main            d.u.i.k.p.i.AbstractProblemLoader Loading environment from /home/runner/work/key/key/key.core/../key.ui/examples/heap/simple/modifies.key 
100279     DEBUG main            d.u.i.k.p.i.AbstractProblemLoader Environment load took 244.51ns 
100281     INFO  main            d.u.i.k.p.i.AbstractProblemLoader Creating init config 
103269     DEBUG main            d.u.i.k.p.i.AbstractProblemLoader Init config took 2.99s 
103287     INFO  main            d.u.i.k.p.i.AbstractProblemLoader Replaying proof modifies.key 
103288     DEBUG main            d.u.i.k.p.i.IntermediateProofReplayer Proof replay took 8.6ns 
103391     INFO  main            d.u.i.k.p.r.p.TestFile    ... finished proof: closed. 
103663     INFO  main            d.u.i.k.p.i.AbstractProblemLoader Loading environment from /home/runner/work/key/key/key.core/../key.ui/examples/heap/simple/modifies.key.proof 
103663     DEBUG main            d.u.i.k.p.i.AbstractProblemLoader Environment load took 137.21ns 
103671     INFO  main            d.u.i.k.p.i.AbstractProblemLoader Creating init config 
106631     DEBUG main            d.u.i.k.p.i.AbstractProblemLoader Init config took 2.96s 
106651     INFO  main            d.u.i.k.p.i.AbstractProblemLoader Replaying proof modifies.key.proof 
106670     DEBUG main            d.u.i.k.p.i.IntermediateProofReplayer Proof replay took 16.63ms 
106671     DEBUG main            d.u.i.k.p.r.p.TestFile    ... success: reloaded. 
106672     INFO  main            d.u.i.k.p.r.p.TestFile    Now processing file /home/runner/work/key/key/key.core/../key.ui/examples/heap/simple/object_creation.key 
106672     INFO  main            d.u.i.k.p.i.AbstractProblemLoader Loading environment from /home/runner/work/key/key/key.core/../key.ui/examples/heap/simple/object_creation.key 
106672     DEBUG main            d.u.i.k.p.i.AbstractProblemLoader Environment load took 111.31ns 
106674     INFO  main            d.u.i.k.p.i.AbstractProblemLoader Creating init config 
109756     DEBUG main            d.u.i.k.p.i.AbstractProblemLoader Init config took 3.08s 
109775     INFO  main            d.u.i.k.p.i.AbstractProblemLoader Replaying proof object_creation.key 
109777     DEBUG main            d.u.i.k.p.i.IntermediateProofReplayer Proof replay took 9.2ns 
110084     INFO  main            d.u.i.k.p.r.p.TestFile    ... finished proof: closed. 
110362     INFO  main            d.u.i.k.p.i.AbstractProblemLoader Loading environment from /home/runner/work/key/key/key.core/../key.ui/examples/heap/simple/object_creation.key.proof 
110363     DEBUG main            d.u.i.k.p.i.AbstractProblemLoader Environment load took 135.61ns 
110364     INFO  main            d.u.i.k.p.i.AbstractProblemLoader Creating init config 
113271     DEBUG main            d.u.i.k.p.i.AbstractProblemLoader Init config took 2.91s 
113290     INFO  main            d.u.i.k.p.i.AbstractProblemLoader Replaying proof object_creation.key.proof 
113350     DEBUG main            d.u.i.k.p.i.IntermediateProofReplayer Proof replay took 56.93ms 
113351     DEBUG main            d.u.i.k.p.r.p.TestFile    ... success: reloaded. 
113352     INFO  main            d.u.i.k.p.r.p.TestFile    Now processing file /home/runner/work/key/key/key.core/../key.ui/examples/heap/simple/operation_contracts.key 
113353     INFO  main            d.u.i.k.p.i.AbstractProblemLoader Loading environment from /home/runner/work/key/key/key.core/../key.ui/examples/heap/simple/operation_contracts.key 
113353     DEBUG main            d.u.i.k.p.i.AbstractProblemLoader Environment load took 123.21ns 
113355     INFO  main            d.u.i.k.p.i.AbstractProblemLoader Creating init config 
116760     DEBUG main            d.u.i.k.p.i.AbstractProblemLoader Init config took 3.41s 
116782     INFO  main            d.u.i.k.p.i.AbstractProblemLoader Replaying proof operation_contracts.key 
116784     DEBUG main            d.u.i.k.p.i.IntermediateProofReplayer Proof replay took 9.1ns 
117693     INFO  main            d.u.i.k.p.r.p.TestFile    ... finished proof: closed. 
117978     INFO  main            d.u.i.k.p.i.AbstractProblemLoader Loading environment from /home/runner/work/key/key/key.core/../key.ui/examples/heap/simple/operation_contracts.key.proof 
117979     DEBUG main            d.u.i.k.p.i.AbstractProblemLoader Environment load took 484.33ns 
117981     INFO  main            d.u.i.k.p.i.AbstractProblemLoader Creating init config 
121187     DEBUG main            d.u.i.k.p.i.AbstractProblemLoader Init config took 3.21s 
121207     INFO  main            d.u.i.k.p.i.AbstractProblemLoader Replaying proof operation_contracts.key.proof 
121358     DEBUG main            d.u.i.k.p.i.IntermediateProofReplayer Proof replay took 145.2ms 
121360     DEBUG main            d.u.i.k.p.r.p.TestFile    ... success: reloaded. 
121362     INFO  main            d.u.i.k.p.r.p.TestFile    Now processing file /home/runner/work/key/key/key.core/../key.ui/examples/heap/simple/select_store.key 
121362     INFO  main            d.u.i.k.p.i.AbstractProblemLoader Loading environment from /home/runner/work/key/key/key.core/../key.ui/examples/heap/simple/select_store.key 
121362     DEBUG main            d.u.i.k.p.i.AbstractProblemLoader Environment load took 70.7ns 
121363     INFO  main            d.u.i.k.p.i.AbstractProblemLoader Creating init config 
124370     DEBUG main            d.u.i.k.p.i.AbstractProblemLoader Init config took 3.01s 
124387     INFO  main            d.u.i.k.p.i.AbstractProblemLoader Replaying proof select_store.key 
124389     DEBUG main            d.u.i.k.p.i.IntermediateProofReplayer Proof replay took 8.7ns 
124492     INFO  main            d.u.i.k.p.r.p.TestFile    ... finished proof: closed. 
124799     INFO  main            d.u.i.k.p.i.AbstractProblemLoader Loading environment from /home/runner/work/key/key/key.core/../key.ui/examples/heap/simple/select_store.key.proof 
124800     DEBUG main            d.u.i.k.p.i.AbstractProblemLoader Environment load took 208.41ns 
124802     INFO  main            d.u.i.k.p.i.AbstractProblemLoader Creating init config 
127625     DEBUG main            d.u.i.k.p.i.AbstractProblemLoader Init config took 2.82s 
127642     INFO  main            d.u.i.k.p.i.AbstractProblemLoader Replaying proof select_store.key.proof 
127646     DEBUG main            d.u.i.k.p.i.IntermediateProofReplayer Proof replay took 2.38ms 
127647     DEBUG main            d.u.i.k.p.r.p.TestFile    ... success: reloaded. 
127648     INFO  main            d.u.i.k.p.r.p.TestFile    Now processing file /home/runner/work/key/key/key.core/../key.ui/examples/heap/simple/selection_sort.key 
127648     INFO  main            d.u.i.k.p.i.AbstractProblemLoader Loading environment from /home/runner/work/key/key/key.core/../key.ui/examples/heap/simple/selection_sort.key 
127648     DEBUG main            d.u.i.k.p.i.AbstractProblemLoader Environment load took 101.61ns 
127650     INFO  main            d.u.i.k.p.i.AbstractProblemLoader Creating init config 
131001     DEBUG main            d.u.i.k.p.i.AbstractProblemLoader Init config took 3.35s 
131021     INFO  main            d.u.i.k.p.i.AbstractProblemLoader Replaying proof selection_sort.key 
131023     DEBUG main            d.u.i.k.p.i.IntermediateProofReplayer Proof replay took 8.2ns 
135480     INFO  main            d.u.i.k.p.r.p.TestFile    ... finished proof: closed. 
135823     INFO  main            d.u.i.k.p.i.AbstractProblemLoader Loading environment from /home/runner/work/key/key/key.core/../key.ui/examples/heap/simple/selection_sort.key.proof 
135823     DEBUG main            d.u.i.k.p.i.AbstractProblemLoader Environment load took 494.73ns 
135825     INFO  main            d.u.i.k.p.i.AbstractProblemLoader Creating init config 
138986     DEBUG main            d.u.i.k.p.i.AbstractProblemLoader Init config took 3.16s 
139005     INFO  main            d.u.i.k.p.i.AbstractProblemLoader Replaying proof selection_sort.key.proof 
139913     DEBUG main            d.u.i.k.p.i.IntermediateProofReplayer Proof replay took 885.2ms 
139916     DEBUG main            d.u.i.k.p.r.p.TestFile    ... success: reloaded. 
139917     INFO  main            d.u.i.k.p.r.p.TestFile    Now processing file /home/runner/work/key/key/key.core/../key.ui/examples/heap/simple/seq.key 
139918     INFO  main            d.u.i.k.p.i.AbstractProblemLoader Loading environment from /home/runner/work/key/key/key.core/../key.ui/examples/heap/simple/seq.key 
139918     DEBUG main            d.u.i.k.p.i.AbstractProblemLoader Environment load took 249.62ns 
139921     INFO  main            d.u.i.k.p.i.AbstractProblemLoader Creating init config 
143009     DEBUG main            d.u.i.k.p.i.AbstractProblemLoader Init config took 3.09s 
143026     INFO  main            d.u.i.k.p.i.AbstractProblemLoader Replaying proof seq.key 
143027     DEBUG main            d.u.i.k.p.i.IntermediateProofReplayer Proof replay took 9.3ns 
143534     INFO  main            d.u.i.k.p.r.p.TestFile    ... finished proof: closed. 
143939     INFO  main            d.u.i.k.p.i.AbstractProblemLoader Loading environment from /home/runner/work/key/key/key.core/../key.ui/examples/heap/simple/seq.key.proof 
143941     DEBUG main            d.u.i.k.p.i.AbstractProblemLoader Environment load took 1.25ms 
143942     INFO  main            d.u.i.k.p.i.AbstractProblemLoader Creating init config 
146898     DEBUG main            d.u.i.k.p.i.AbstractProblemLoader Init config took 2.96s 
146915     INFO  main            d.u.i.k.p.i.AbstractProblemLoader Replaying proof seq.key.proof 
146981     DEBUG main            d.u.i.k.p.i.IntermediateProofReplayer Proof replay took 61.05ms 
146982     DEBUG main            d.u.i.k.p.r.p.TestFile    ... success: reloaded. 
146983     INFO  main            d.u.i.k.p.r.p.TestFile    Now processing file /home/runner/work/key/key/key.core/../key.ui/examples/heap/simple/oldForParams.key 
146984     INFO  main            d.u.i.k.p.i.AbstractProblemLoader Loading environment from /home/runner/work/key/key/key.core/../key.ui/examples/heap/simple/oldForParams.key 
146984     DEBUG main            d.u.i.k.p.i.AbstractProblemLoader Environment load took 229.22ns 
146985     INFO  main            d.u.i.k.p.i.AbstractProblemLoader Creating init config 
150258     DEBUG main            d.u.i.k.p.i.AbstractProblemLoader Init config took 3.27s 
150342     INFO  main            d.u.i.k.p.i.AbstractProblemLoader Replaying proof OldForParameters[OldForParameters::method(int)].JML operation contract.0 
150345     DEBUG main            d.u.i.k.p.i.IntermediateProofReplayer Proof replay took 8ns 
150548     INFO  main            d.u.i.k.p.r.p.TestFile    ... finished proof: closed. 
150872     INFO  main            d.u.i.k.p.i.AbstractProblemLoader Loading environment from /home/runner/work/key/key/key.core/../key.ui/examples/heap/simple/oldForParams.key.proof 
150872     DEBUG main            d.u.i.k.p.i.AbstractProblemLoader Environment load took 130.61ns 
150873     INFO  main            d.u.i.k.p.i.AbstractProblemLoader Creating init config 
154051     DEBUG main            d.u.i.k.p.i.AbstractProblemLoader Init config took 3.18s 
154103     INFO  main            d.u.i.k.p.i.AbstractProblemLoader Replaying proof OldForParameters[OldForParameters::method(int)].JML operation contract.0 
154164     DEBUG main            d.u.i.k.p.i.IntermediateProofReplayer Proof replay took 58.06ms 
154166     DEBUG main            d.u.i.k.p.r.p.TestFile    ... success: reloaded. 
154167     INFO  main            d.u.i.k.p.r.p.TestFile    Now processing file /home/runner/work/key/key/key.core/../key.ui/examples/heap/simple/parse_lmtd.key 
154168     INFO  main            d.u.i.k.p.i.AbstractProblemLoader Loading environment from /home/runner/work/key/key/key.core/../key.ui/examples/heap/simple/parse_lmtd.key 
154168     DEBUG main            d.u.i.k.p.i.AbstractProblemLoader Environment load took 280.72ns 
154169     INFO  main            d.u.i.k.p.i.AbstractProblemLoader Creating init config 
157519     DEBUG main            d.u.i.k.p.i.AbstractProblemLoader Init config took 3.35s 
157571     INFO  main            d.u.i.k.p.i.AbstractProblemLoader Replaying proof ParseLmtd[ParseLmtd::simple(int)].JML normal_behavior operation contract.0 
157573     DEBUG main            d.u.i.k.p.i.IntermediateProofReplayer Proof replay took 7.8ns 
157775     INFO  main            d.u.i.k.p.r.p.TestFile    ... finished proof: closed. 
158106     INFO  main            d.u.i.k.p.i.AbstractProblemLoader Loading environment from /home/runner/work/key/key/key.core/../key.ui/examples/heap/simple/parse_lmtd.key.proof 
158106     DEBUG main            d.u.i.k.p.i.AbstractProblemLoader Environment load took 136.11ns 
158108     INFO  main            d.u.i.k.p.i.AbstractProblemLoader Creating init config 
161216     DEBUG main            d.u.i.k.p.i.AbstractProblemLoader Init config took 3.11s 
161262     INFO  main            d.u.i.k.p.i.AbstractProblemLoader Replaying proof ParseLmtd[ParseLmtd::simple(int)].JML normal_behavior operation contract.0 
161292     DEBUG main            d.u.i.k.p.i.IntermediateProofReplayer Proof replay took 27.63ms 
161293     DEBUG main            d.u.i.k.p.r.p.TestFile    ... success: reloaded. 
161294     INFO  main            d.u.i.k.p.r.p.TestFile    Now processing file /home/runner/work/key/key/key.core/../key.ui/examples/heap/strictly_pure/strictlyPureMethod.key 
161294     INFO  main            d.u.i.k.p.i.AbstractProblemLoader Loading environment from /home/runner/work/key/key/key.core/../key.ui/examples/heap/strictly_pure/strictlyPureMethod.key 
161294     DEBUG main            d.u.i.k.p.i.AbstractProblemLoader Environment load took 157.11ns 
161295     INFO  main            d.u.i.k.p.i.AbstractProblemLoader Creating init config 
164353     DEBUG main            d.u.i.k.p.i.AbstractProblemLoader Init config took 3.06s 
164403     INFO  main            d.u.i.k.p.i.AbstractProblemLoader Replaying proof StrictlyPure[StrictlyPure::strictlyPureMethod()].JML operation contract.0 
164411     DEBUG main            d.u.i.k.p.i.IntermediateProofReplayer Proof replay took 8.7ns 
164614     INFO  main            d.u.i.k.p.r.p.TestFile    ... finished proof: closed. 
164924     INFO  main            d.u.i.k.p.i.AbstractProblemLoader Loading environment from /home/runner/work/key/key/key.core/../key.ui/examples/heap/strictly_pure/strictlyPureMethod.key.proof 
164924     DEBUG main            d.u.i.k.p.i.AbstractProblemLoader Environment load took 128.11ns 
164925     INFO  main            d.u.i.k.p.i.AbstractProblemLoader Creating init config 
167960     DEBUG main            d.u.i.k.p.i.AbstractProblemLoader Init config took 3.03s 
168004     INFO  main            d.u.i.k.p.i.AbstractProblemLoader Replaying proof StrictlyPure[StrictlyPure::strictlyPureMethod()].JML operation contract.0 
168053     DEBUG main            d.u.i.k.p.i.IntermediateProofReplayer Proof replay took 46.64ms 
168054     DEBUG main            d.u.i.k.p.r.p.TestFile    ... success: reloaded. 
168055     INFO  main            d.u.i.k.p.r.p.TestFile    Now processing file /home/runner/work/key/key/key.core/../key.ui/examples/heap/strictly_pure/useStrictlyPureMethod.key 
168055     INFO  main            d.u.i.k.p.i.AbstractProblemLoader Loading environment from /home/runner/work/key/key/key.core/../key.ui/examples/heap/strictly_pure/useStrictlyPureMethod.key 
168055     DEBUG main            d.u.i.k.p.i.AbstractProblemLoader Environment load took 162.81ns 
168056     INFO  main            d.u.i.k.p.i.AbstractProblemLoader Creating init config 
171113     DEBUG main            d.u.i.k.p.i.AbstractProblemLoader Init config took 3.06s 
171156     INFO  main            d.u.i.k.p.i.AbstractProblemLoader Replaying proof StrictlyPure[StrictlyPure::useStrictlyPureMethod(StrictlyPureClass)].JML operation contract.0 
171158     DEBUG main            d.u.i.k.p.i.IntermediateProofReplayer Proof replay took 8.5ns 
171462     INFO  main            d.u.i.k.p.r.p.TestFile    ... finished proof: closed. 
171794     INFO  main            d.u.i.k.p.i.AbstractProblemLoader Loading environment from /home/runner/work/key/key/key.core/../key.ui/examples/heap/strictly_pure/useStrictlyPureMethod.key.proof 
171795     DEBUG main            d.u.i.k.p.i.AbstractProblemLoader Environment load took 592.64ns 
171796     INFO  main            d.u.i.k.p.i.AbstractProblemLoader Creating init config 
174675     DEBUG main            d.u.i.k.p.i.AbstractProblemLoader Init config took 2.88s 
174717     INFO  main            d.u.i.k.p.i.AbstractProblemLoader Replaying proof StrictlyPure[StrictlyPure::useStrictlyPureMethod(StrictlyPureClass)].JML operation contract.0 
174784     DEBUG main            d.u.i.k.p.i.IntermediateProofReplayer Proof replay took 63.86ms 
174785     DEBUG main            d.u.i.k.p.r.p.TestFile    ... success: reloaded. 
174786     INFO  main            d.u.i.k.p.r.p.TestFile    Now processing file /home/runner/work/key/key/key.core/../key.ui/examples/heap/Wellfounded/ackermann.key 
174786     INFO  main            d.u.i.k.p.i.AbstractProblemLoader Loading environment from /home/runner/work/key/key/key.core/../key.ui/examples/heap/Wellfounded/ackermann.key 
174786     DEBUG main            d.u.i.k.p.i.AbstractProblemLoader Environment load took 105.61ns 
174787     INFO  main            d.u.i.k.p.i.AbstractProblemLoader Creating init config 
177800     DEBUG main            d.u.i.k.p.i.AbstractProblemLoader Init config took 3.01s 
177857     INFO  main            d.u.i.k.p.i.AbstractProblemLoader Replaying proof Ackermann[Ackermann::a(int,int)].JML normal_behavior operation contract.0 
177860     DEBUG main            d.u.i.k.p.i.IntermediateProofReplayer Proof replay took 8.8ns 
178167     INFO  main            d.u.i.k.p.r.p.TestFile    ... finished proof: closed. 
178532     INFO  main            d.u.i.k.p.i.AbstractProblemLoader Loading environment from /home/runner/work/key/key/key.core/../key.ui/examples/heap/Wellfounded/ackermann.key.proof 
178532     DEBUG main            d.u.i.k.p.i.AbstractProblemLoader Environment load took 518.63ns 
178534     INFO  main            d.u.i.k.p.i.AbstractProblemLoader Creating init config 
181513     DEBUG main            d.u.i.k.p.i.AbstractProblemLoader Init config took 2.98s 
181566     INFO  main            d.u.i.k.p.i.AbstractProblemLoader Replaying proof Ackermann[Ackermann::a(int,int)].JML normal_behavior operation contract.0 
181658     DEBUG main            d.u.i.k.p.i.IntermediateProofReplayer Proof replay took 87.03ms 
181660     DEBUG main            d.u.i.k.p.r.p.TestFile    ... success: reloaded. 
181662     INFO  main            d.u.i.k.p.r.p.TestFile    Now processing file /home/runner/work/key/key/key.core/../key.ui/examples/standard_key/unicode_test.key 
181662     INFO  main            d.u.i.k.p.i.AbstractProblemLoader Loading environment from /home/runner/work/key/key/key.core/../key.ui/examples/standard_key/unicode_test.key 
181662     DEBUG main            d.u.i.k.p.i.AbstractProblemLoader Environment load took 114.51ns 
181665     INFO  main            d.u.i.k.p.i.AbstractProblemLoader Creating init config 
184564     DEBUG main            d.u.i.k.p.i.AbstractProblemLoader Init config took 2.9s 
184580     INFO  main            d.u.i.k.p.i.AbstractProblemLoader Replaying proof unicode_test.key 
184581     DEBUG main            d.u.i.k.p.i.IntermediateProofReplayer Proof replay took 8.9ns 
184683     INFO  main            d.u.i.k.p.r.p.TestFile    ... finished proof: closed. 
185021     INFO  main            d.u.i.k.p.i.AbstractProblemLoader Loading environment from /home/runner/work/key/key/key.core/../key.ui/examples/standard_key/unicode_test.key.proof 
185022     DEBUG main            d.u.i.k.p.i.AbstractProblemLoader Environment load took 141.41ns 
185024     INFO  main            d.u.i.k.p.i.AbstractProblemLoader Creating init config 
187859     DEBUG main            d.u.i.k.p.i.AbstractProblemLoader Init config took 2.84s 
187875     INFO  main            d.u.i.k.p.i.AbstractProblemLoader Replaying proof unicode_test.key.proof 
187879     DEBUG main            d.u.i.k.p.i.IntermediateProofReplayer Proof replay took 389.12ns 
187879     DEBUG main            d.u.i.k.p.r.p.TestFile    ... success: reloaded. 
187880     INFO  main            d.u.i.k.p.r.p.TestFile    Now processing file /home/runner/work/key/key/key.core/../key.ui/examples/heap/strictlyModular/mayExpand.key 
187880     INFO  main            d.u.i.k.p.i.AbstractProblemLoader Loading environment from /home/runner/work/key/key/key.core/../key.ui/examples/heap/strictlyModular/mayExpand.key 
187880     DEBUG main            d.u.i.k.p.i.AbstractProblemLoader Environment load took 167.61ns 
187881     INFO  main            d.u.i.k.p.i.AbstractProblemLoader Creating init config 
190867     DEBUG main            d.u.i.k.p.i.AbstractProblemLoader Init config took 2.99s 
190910     INFO  main            d.u.i.k.p.i.AbstractProblemLoader Replaying proof Modular[Modular::m()].JML operation contract.0 
190911     DEBUG main            d.u.i.k.p.i.IntermediateProofReplayer Proof replay took 8.3ns 
191014     INFO  main            d.u.i.k.p.r.p.TestFile    ... finished proof: closed. 
191372     INFO  main            d.u.i.k.p.i.AbstractProblemLoader Loading environment from /home/runner/work/key/key/key.core/../key.ui/examples/heap/strictlyModular/mayExpand.key.proof 
191373     DEBUG main            d.u.i.k.p.i.AbstractProblemLoader Environment load took 118.61ns 
191374     INFO  main            d.u.i.k.p.i.AbstractProblemLoader Creating init config 
194670     DEBUG main            d.u.i.k.p.i.AbstractProblemLoader Init config took 3.3s 
194712     INFO  main            d.u.i.k.p.i.AbstractProblemLoader Replaying proof Modular[Modular::m()].JML operation contract.0 
194732     DEBUG main            d.u.i.k.p.i.IntermediateProofReplayer Proof replay took 18ms 
194733     DEBUG main            d.u.i.k.p.r.p.TestFile    ... success: reloaded. 
194734     INFO  main            d.u.i.k.p.r.p.TestFile    Now processing file /home/runner/work/key/key/key.core/../key.ui/examples/heap/strictlyModular/modularOnly.key 
194735     INFO  main            d.u.i.k.p.i.AbstractProblemLoader Loading environment from /home/runner/work/key/key/key.core/../key.ui/examples/heap/strictlyModular/modularOnly.key 
194735     DEBUG main            d.u.i.k.p.i.AbstractProblemLoader Environment load took 108.81ns 
194736     INFO  main            d.u.i.k.p.i.AbstractProblemLoader Creating init config 
197689     DEBUG main            d.u.i.k.p.i.AbstractProblemLoader Init config took 2.95s 
197731     INFO  main            d.u.i.k.p.i.AbstractProblemLoader Replaying proof Modular[Modular::m()].JML operation contract.0 
197733     DEBUG main            d.u.i.k.p.i.IntermediateProofReplayer Proof replay took 9.2ns 
197839     INFO  main            d.u.i.k.p.r.p.TestFile    ... finished proof: open goal(s) 
2283324    INFO  Test worker     d.u.i.k.p.r.RunAllProofsTestUnit Returning from test simpleTests 
2283325    INFO  Test worker     d.u.i.k.p.r.RunAllProofsTestUnit Running test SmansEtAl 
389        INFO  Timeout watchdog d.u.i.k.p.r.p.ForkedTestFileRunner Timeout watcher launched (2000 secs.) 
423        WARN  main            d.u.i.k.s.ProofSettings   The settings in /home/runner/.key/proof-settings.props are *not* read. 
460        INFO  main            d.u.i.k.p.r.p.TestFile    Now processing file /home/runner/work/key/key/key.core/../key.ui/examples/heap/SmansEtAl/ArrayList_add.key 
590        INFO  main            d.u.i.k.p.i.AbstractProblemLoader Loading environment from /home/runner/work/key/key/key.core/../key.ui/examples/heap/SmansEtAl/ArrayList_add.key 
609        DEBUG main            d.u.i.k.p.i.AbstractProblemLoader Environment load took 2.26ms 
885        INFO  main            d.u.i.k.p.i.AbstractProblemLoader Creating init config 
1978       DEBUG main            d.u.i.k.j.TypeConverter   No LDT found for Meta 
1979       DEBUG main            d.u.i.k.j.TypeConverter   No LDT found for Meta 
1982       DEBUG main            d.u.i.k.j.TypeConverter   No LDT found for Meta 
1983       DEBUG main            d.u.i.k.j.TypeConverter   No LDT found for Meta 
3466       DEBUG main            d.u.i.k.j.TypeConverter   No LDT found for JavaBigintExpression 
10283      DEBUG main            d.u.i.k.p.i.AbstractProblemLoader Init config took 9.4s 
10455      INFO  main            d.u.i.k.p.i.AbstractProblemLoader Replaying proof ArrayList[ArrayList::add(java.lang.Object)].JML normal_behavior operation contract.0 
10497      DEBUG main            d.u.i.k.p.i.IntermediateProofReplayer Proof replay took 43.2ns 
18704      INFO  main            d.u.i.k.p.r.p.TestFile    ... finished proof: closed. 
18956      INFO  main            d.u.i.k.p.i.AbstractProblemLoader Loading environment from /home/runner/work/key/key/key.core/../key.ui/examples/heap/SmansEtAl/ArrayList_add.key.proof 
18958      DEBUG main            d.u.i.k.p.i.AbstractProblemLoader Environment load took 2.31ms 
18964      INFO  main            d.u.i.k.p.i.AbstractProblemLoader Creating init config 
22810      DEBUG main            d.u.i.k.p.i.AbstractProblemLoader Init config took 3.85s 
22891      INFO  main            d.u.i.k.p.i.AbstractProblemLoader Replaying proof ArrayList[ArrayList::add(java.lang.Object)].JML normal_behavior operation contract.0 
24280      DEBUG main            d.u.i.k.p.i.IntermediateProofReplayer Proof replay took 1.35s 
24290      DEBUG main            d.u.i.k.p.r.p.TestFile    ... success: reloaded. 
24293      INFO  main            d.u.i.k.p.r.p.TestFile    Now processing file /home/runner/work/key/key/key.core/../key.ui/examples/heap/SmansEtAl/ArrayList_ArrayList.key 
24293      INFO  main            d.u.i.k.p.i.AbstractProblemLoader Loading environment from /home/runner/work/key/key/key.core/../key.ui/examples/heap/SmansEtAl/ArrayList_ArrayList.key 
24294      DEBUG main            d.u.i.k.p.i.AbstractProblemLoader Environment load took 274.32ns 
24295      INFO  main            d.u.i.k.p.i.AbstractProblemLoader Creating init config 
27911      DEBUG main            d.u.i.k.p.i.AbstractProblemLoader Init config took 3.62s 
27975      INFO  main            d.u.i.k.p.i.AbstractProblemLoader Replaying proof ArrayList[ArrayList::ArrayList()].JML normal_behavior operation contract.0 
27978      DEBUG main            d.u.i.k.p.i.IntermediateProofReplayer Proof replay took 8.6ns 
29083      INFO  main            d.u.i.k.p.r.p.TestFile    ... finished proof: closed. 
29309      INFO  main            d.u.i.k.p.i.AbstractProblemLoader Loading environment from /home/runner/work/key/key/key.core/../key.ui/examples/heap/SmansEtAl/ArrayList_ArrayList.key.proof 
29310      DEBUG main            d.u.i.k.p.i.AbstractProblemLoader Environment load took 1.37ms 
29312      INFO  main            d.u.i.k.p.i.AbstractProblemLoader Creating init config 
32887      DEBUG main            d.u.i.k.p.i.AbstractProblemLoader Init config took 3.58s 
32952      INFO  main            d.u.i.k.p.i.AbstractProblemLoader Replaying proof ArrayList[ArrayList::ArrayList()].JML normal_behavior operation contract.0 
33141      DEBUG main            d.u.i.k.p.i.IntermediateProofReplayer Proof replay took 180.44ms 
33143      DEBUG main            d.u.i.k.p.r.p.TestFile    ... success: reloaded. 
33144      INFO  main            d.u.i.k.p.r.p.TestFile    Now processing file /home/runner/work/key/key/key.core/../key.ui/examples/heap/SmansEtAl/ArrayList_footprint.key 
33145      INFO  main            d.u.i.k.p.i.AbstractProblemLoader Loading environment from /home/runner/work/key/key/key.core/../key.ui/examples/heap/SmansEtAl/ArrayList_footprint.key 
33145      DEBUG main            d.u.i.k.p.i.AbstractProblemLoader Environment load took 300.62ns 
33147      INFO  main            d.u.i.k.p.i.AbstractProblemLoader Creating init config 
36767      DEBUG main            d.u.i.k.p.i.AbstractProblemLoader Init config took 3.62s 
36832      INFO  main            d.u.i.k.p.i.AbstractProblemLoader Replaying proof ArrayList[ArrayList::$footprint()].JML accessible clause.0 
36836      DEBUG main            d.u.i.k.p.i.IntermediateProofReplayer Proof replay took 8.8ns 
36940      INFO  main            d.u.i.k.p.r.p.TestFile    ... finished proof: closed. 
37128      INFO  main            d.u.i.k.p.i.AbstractProblemLoader Loading environment from /home/runner/work/key/key/key.core/../key.ui/examples/heap/SmansEtAl/ArrayList_footprint.key.proof 
37128      DEBUG main            d.u.i.k.p.i.AbstractProblemLoader Environment load took 141.01ns 
37130      INFO  main            d.u.i.k.p.i.AbstractProblemLoader Creating init config 
40675      DEBUG main            d.u.i.k.p.i.AbstractProblemLoader Init config took 3.55s 
40730      INFO  main            d.u.i.k.p.i.AbstractProblemLoader Replaying proof ArrayList[ArrayList::$footprint()].JML accessible clause.0 
40744      DEBUG main            d.u.i.k.p.i.IntermediateProofReplayer Proof replay took 11.46ms 
40746      DEBUG main            d.u.i.k.p.r.p.TestFile    ... success: reloaded. 
40747      INFO  main            d.u.i.k.p.r.p.TestFile    Now processing file /home/runner/work/key/key/key.core/../key.ui/examples/heap/SmansEtAl/ArrayList_get_dep.key 
40748      INFO  main            d.u.i.k.p.i.AbstractProblemLoader Loading environment from /home/runner/work/key/key/key.core/../key.ui/examples/heap/SmansEtAl/ArrayList_get_dep.key 
40748      DEBUG main            d.u.i.k.p.i.AbstractProblemLoader Environment load took 299.62ns 
40749      INFO  main            d.u.i.k.p.i.AbstractProblemLoader Creating init config 
44280      DEBUG main            d.u.i.k.p.i.AbstractProblemLoader Init config took 3.53s 
44331      INFO  main            d.u.i.k.p.i.AbstractProblemLoader Replaying proof ArrayList[ArrayList::get(int)].JML accessible clause.0 
44333      DEBUG main            d.u.i.k.p.i.IntermediateProofReplayer Proof replay took 8.1ns 
44637      INFO  main            d.u.i.k.p.r.p.TestFile    ... finished proof: closed. 
44850      INFO  main            d.u.i.k.p.i.AbstractProblemLoader Loading environment from /home/runner/work/key/key/key.core/../key.ui/examples/heap/SmansEtAl/ArrayList_get_dep.key.proof 
44850      DEBUG main            d.u.i.k.p.i.AbstractProblemLoader Environment load took 672.14ns 
44852      INFO  main            d.u.i.k.p.i.AbstractProblemLoader Creating init config 
48255      DEBUG main            d.u.i.k.p.i.AbstractProblemLoader Init config took 3.4s 
48318      INFO  main            d.u.i.k.p.i.AbstractProblemLoader Replaying proof ArrayList[ArrayList::get(int)].JML accessible clause.0 
48393      DEBUG main            d.u.i.k.p.i.IntermediateProofReplayer Proof replay took 70.63ms 
48408      DEBUG main            d.u.i.k.p.r.p.TestFile    ... success: reloaded. 
48410      INFO  main            d.u.i.k.p.r.p.TestFile    Now processing file /home/runner/work/key/key/key.core/../key.ui/examples/heap/SmansEtAl/ArrayList_get.key 
48410      INFO  main            d.u.i.k.p.i.AbstractProblemLoader Loading environment from /home/runner/work/key/key/key.core/../key.ui/examples/heap/SmansEtAl/ArrayList_get.key 
48410      DEBUG main            d.u.i.k.p.i.AbstractProblemLoader Environment load took 251.82ns 
48412      INFO  main            d.u.i.k.p.i.AbstractProblemLoader Creating init config 
51750      DEBUG main            d.u.i.k.p.i.AbstractProblemLoader Init config took 3.34s 
51802      INFO  main            d.u.i.k.p.i.AbstractProblemLoader Replaying proof ArrayList[ArrayList::get(int)].JML normal_behavior operation contract.0 
51804      DEBUG main            d.u.i.k.p.i.IntermediateProofReplayer Proof replay took 9.2ns 
52008      INFO  main            d.u.i.k.p.r.p.TestFile    ... finished proof: closed. 
52262      INFO  main            d.u.i.k.p.i.AbstractProblemLoader Loading environment from /home/runner/work/key/key/key.core/../key.ui/examples/heap/SmansEtAl/ArrayList_get.key.proof 
52269      DEBUG main            d.u.i.k.p.i.AbstractProblemLoader Environment load took 6.67ms 
52270      INFO  main            d.u.i.k.p.i.AbstractProblemLoader Creating init config 
55729      DEBUG main            d.u.i.k.p.i.AbstractProblemLoader Init config took 3.46s 
55778      INFO  main            d.u.i.k.p.i.AbstractProblemLoader Replaying proof ArrayList[ArrayList::get(int)].JML normal_behavior operation contract.0 
55834      DEBUG main            d.u.i.k.p.i.IntermediateProofReplayer Proof replay took 52.77ms 
55835      DEBUG main            d.u.i.k.p.r.p.TestFile    ... success: reloaded. 
55836      INFO  main            d.u.i.k.p.r.p.TestFile    Now processing file /home/runner/work/key/key/key.core/../key.ui/examples/heap/SmansEtAl/ArrayList_inv.key 
55837      INFO  main            d.u.i.k.p.i.AbstractProblemLoader Loading environment from /home/runner/work/key/key/key.core/../key.ui/examples/heap/SmansEtAl/ArrayList_inv.key 
55837      DEBUG main            d.u.i.k.p.i.AbstractProblemLoader Environment load took 123.01ns 
55838      INFO  main            d.u.i.k.p.i.AbstractProblemLoader Creating init config 
59136      DEBUG main            d.u.i.k.p.i.AbstractProblemLoader Init config took 3.3s 
59185      INFO  main            d.u.i.k.p.i.AbstractProblemLoader Replaying proof ArrayList[java.lang.Object::<inv>()].JML accessible clause.0 
59187      DEBUG main            d.u.i.k.p.i.IntermediateProofReplayer Proof replay took 14.8ns 
59289      INFO  main            d.u.i.k.p.r.p.TestFile    ... finished proof: closed. 
59485      INFO  main            d.u.i.k.p.i.AbstractProblemLoader Loading environment from /home/runner/work/key/key/key.core/../key.ui/examples/heap/SmansEtAl/ArrayList_inv.key.proof 
59485      DEBUG main            d.u.i.k.p.i.AbstractProblemLoader Environment load took 150.91ns 
59487      INFO  main            d.u.i.k.p.i.AbstractProblemLoader Creating init config 
62878      DEBUG main            d.u.i.k.p.i.AbstractProblemLoader Init config took 3.39s 
62932      INFO  main            d.u.i.k.p.i.AbstractProblemLoader Replaying proof ArrayList[java.lang.Object::<inv>()].JML accessible clause.0 
62946      DEBUG main            d.u.i.k.p.i.IntermediateProofReplayer Proof replay took 12.17ms 
62948      DEBUG main            d.u.i.k.p.r.p.TestFile    ... success: reloaded. 
62949      INFO  main            d.u.i.k.p.r.p.TestFile    Now processing file /home/runner/work/key/key/key.core/../key.ui/examples/heap/SmansEtAl/ArrayList_size_dep.key 
62950      INFO  main            d.u.i.k.p.i.AbstractProblemLoader Loading environment from /home/runner/work/key/key/key.core/../key.ui/examples/heap/SmansEtAl/ArrayList_size_dep.key 
62950      DEBUG main            d.u.i.k.p.i.AbstractProblemLoader Environment load took 252.72ns 
62951      INFO  main            d.u.i.k.p.i.AbstractProblemLoader Creating init config 
66396      DEBUG main            d.u.i.k.p.i.AbstractProblemLoader Init config took 3.44s 
66446      INFO  main            d.u.i.k.p.i.AbstractProblemLoader Replaying proof ArrayList[ArrayList::size()].JML accessible clause.0 
66448      DEBUG main            d.u.i.k.p.i.IntermediateProofReplayer Proof replay took 9.8ns 
66551      INFO  main            d.u.i.k.p.r.p.TestFile    ... finished proof: closed. 
66761      INFO  main            d.u.i.k.p.i.AbstractProblemLoader Loading environment from /home/runner/work/key/key/key.core/../key.ui/examples/heap/SmansEtAl/ArrayList_size_dep.key.proof 
66761      DEBUG main            d.u.i.k.p.i.AbstractProblemLoader Environment load took 147.51ns 
66762      INFO  main            d.u.i.k.p.i.AbstractProblemLoader Creating init config 
70110      DEBUG main            d.u.i.k.p.i.AbstractProblemLoader Init config took 3.35s 
70158      INFO  main            d.u.i.k.p.i.AbstractProblemLoader Replaying proof ArrayList[ArrayList::size()].JML accessible clause.0 
70178      DEBUG main            d.u.i.k.p.i.IntermediateProofReplayer Proof replay took 18.41ms 
70180      DEBUG main            d.u.i.k.p.r.p.TestFile    ... success: reloaded. 
70181      INFO  main            d.u.i.k.p.r.p.TestFile    Now processing file /home/runner/work/key/key/key.core/../key.ui/examples/heap/SmansEtAl/ArrayList_size.key 
70182      INFO  main            d.u.i.k.p.i.AbstractProblemLoader Loading environment from /home/runner/work/key/key/key.core/../key.ui/examples/heap/SmansEtAl/ArrayList_size.key 
70182      DEBUG main            d.u.i.k.p.i.AbstractProblemLoader Environment load took 273.92ns 
70183      INFO  main            d.u.i.k.p.i.AbstractProblemLoader Creating init config 
73635      DEBUG main            d.u.i.k.p.i.AbstractProblemLoader Init config took 3.45s 
73683      INFO  main            d.u.i.k.p.i.AbstractProblemLoader Replaying proof ArrayList[ArrayList::size()].JML normal_behavior operation contract.0 
73685      DEBUG main            d.u.i.k.p.i.IntermediateProofReplayer Proof replay took 8.4ns 
73796      INFO  main            d.u.i.k.p.r.p.TestFile    ... finished proof: closed. 
74032      INFO  main            d.u.i.k.p.i.AbstractProblemLoader Loading environment from /home/runner/work/key/key/key.core/../key.ui/examples/heap/SmansEtAl/ArrayList_size.key.proof 
74033      DEBUG main            d.u.i.k.p.i.AbstractProblemLoader Environment load took 140.81ns 
74034      INFO  main            d.u.i.k.p.i.AbstractProblemLoader Creating init config 
77390      DEBUG main            d.u.i.k.p.i.AbstractProblemLoader Init config took 3.36s 
77441      INFO  main            d.u.i.k.p.i.AbstractProblemLoader Replaying proof ArrayList[ArrayList::size()].JML normal_behavior operation contract.0 
77464      DEBUG main            d.u.i.k.p.i.IntermediateProofReplayer Proof replay took 20.32ms 
77465      DEBUG main            d.u.i.k.p.r.p.TestFile    ... success: reloaded. 
77467      INFO  main            d.u.i.k.p.r.p.TestFile    Now processing file /home/runner/work/key/key/key.core/../key.ui/examples/heap/SmansEtAl/Cell_Cell.key 
77467      INFO  main            d.u.i.k.p.i.AbstractProblemLoader Loading environment from /home/runner/work/key/key/key.core/../key.ui/examples/heap/SmansEtAl/Cell_Cell.key 
77468      DEBUG main            d.u.i.k.p.i.AbstractProblemLoader Environment load took 239.02ns 
77469      INFO  main            d.u.i.k.p.i.AbstractProblemLoader Creating init config 
80874      DEBUG main            d.u.i.k.p.i.AbstractProblemLoader Init config took 3.41s 
80918      INFO  main            d.u.i.k.p.i.AbstractProblemLoader Replaying proof Cell[Cell::Cell()].JML normal_behavior operation contract.0 
80920      DEBUG main            d.u.i.k.p.i.IntermediateProofReplayer Proof replay took 8.3ns 
81126      INFO  main            d.u.i.k.p.r.p.TestFile    ... finished proof: closed. 
81429      INFO  main            d.u.i.k.p.i.AbstractProblemLoader Loading environment from /home/runner/work/key/key/key.core/../key.ui/examples/heap/SmansEtAl/Cell_Cell.key.proof 
81429      DEBUG main            d.u.i.k.p.i.AbstractProblemLoader Environment load took 141.31ns 
81430      INFO  main            d.u.i.k.p.i.AbstractProblemLoader Creating init config 
84692      DEBUG main            d.u.i.k.p.i.AbstractProblemLoader Init config took 3.26s 
84741      INFO  main            d.u.i.k.p.i.AbstractProblemLoader Replaying proof Cell[Cell::Cell()].JML normal_behavior operation contract.0 
84797      DEBUG main            d.u.i.k.p.i.IntermediateProofReplayer Proof replay took 52.6ms 
84799      DEBUG main            d.u.i.k.p.r.p.TestFile    ... success: reloaded. 
84801      INFO  main            d.u.i.k.p.r.p.TestFile    Now processing file /home/runner/work/key/key/key.core/../key.ui/examples/heap/SmansEtAl/Cell_footprint.key 
84801      INFO  main            d.u.i.k.p.i.AbstractProblemLoader Loading environment from /home/runner/work/key/key/key.core/../key.ui/examples/heap/SmansEtAl/Cell_footprint.key 
84802      DEBUG main            d.u.i.k.p.i.AbstractProblemLoader Environment load took 846.05ns 
84803      INFO  main            d.u.i.k.p.i.AbstractProblemLoader Creating init config 
88144      DEBUG main            d.u.i.k.p.i.AbstractProblemLoader Init config took 3.34s 
88188      INFO  main            d.u.i.k.p.i.AbstractProblemLoader Replaying proof Cell[Cell::$footprint()].JML accessible clause.0 
88190      DEBUG main            d.u.i.k.p.i.IntermediateProofReplayer Proof replay took 8.4ns 
88293      INFO  main            d.u.i.k.p.r.p.TestFile    ... finished proof: closed. 
88521      INFO  main            d.u.i.k.p.i.AbstractProblemLoader Loading environment from /home/runner/work/key/key/key.core/../key.ui/examples/heap/SmansEtAl/Cell_footprint.key.proof 
88521      DEBUG main            d.u.i.k.p.i.AbstractProblemLoader Environment load took 139.81ns 
88522      INFO  main            d.u.i.k.p.i.AbstractProblemLoader Creating init config 
91876      DEBUG main            d.u.i.k.p.i.AbstractProblemLoader Init config took 3.35s 
91923      INFO  main            d.u.i.k.p.i.AbstractProblemLoader Replaying proof Cell[Cell::$footprint()].JML accessible clause.0 
91931      DEBUG main            d.u.i.k.p.i.IntermediateProofReplayer Proof replay took 5.25ms 
91937      DEBUG main            d.u.i.k.p.r.p.TestFile    ... success: reloaded. 
91940      INFO  main            d.u.i.k.p.r.p.TestFile    Now processing file /home/runner/work/key/key/key.core/../key.ui/examples/heap/SmansEtAl/Cell_getX_dep.key 
91940      INFO  main            d.u.i.k.p.i.AbstractProblemLoader Loading environment from /home/runner/work/key/key/key.core/../key.ui/examples/heap/SmansEtAl/Cell_getX_dep.key 
91940      DEBUG main            d.u.i.k.p.i.AbstractProblemLoader Environment load took 120.41ns 
91941      INFO  main            d.u.i.k.p.i.AbstractProblemLoader Creating init config 
95142      DEBUG main            d.u.i.k.p.i.AbstractProblemLoader Init config took 3.2s 
95183      INFO  main            d.u.i.k.p.i.AbstractProblemLoader Replaying proof Cell[Cell::getX()].JML accessible clause.0 
95184      DEBUG main            d.u.i.k.p.i.IntermediateProofReplayer Proof replay took 8.3ns 
95289      INFO  main            d.u.i.k.p.r.p.TestFile    ... finished proof: closed. 
95525      INFO  main            d.u.i.k.p.i.AbstractProblemLoader Loading environment from /home/runner/work/key/key/key.core/../key.ui/examples/heap/SmansEtAl/Cell_getX_dep.key.proof 
95525      DEBUG main            d.u.i.k.p.i.AbstractProblemLoader Environment load took 146.51ns 
95526      INFO  main            d.u.i.k.p.i.AbstractProblemLoader Creating init config 
98764      DEBUG main            d.u.i.k.p.i.AbstractProblemLoader Init config took 3.24s 
98806      INFO  main            d.u.i.k.p.i.AbstractProblemLoader Replaying proof Cell[Cell::getX()].JML accessible clause.0 
98825      DEBUG main            d.u.i.k.p.i.IntermediateProofReplayer Proof replay took 16.03ms 
98826      DEBUG main            d.u.i.k.p.r.p.TestFile    ... success: reloaded. 
98827      INFO  main            d.u.i.k.p.r.p.TestFile    Now processing file /home/runner/work/key/key/key.core/../key.ui/examples/heap/SmansEtAl/Cell_getX.key 
98828      INFO  main            d.u.i.k.p.i.AbstractProblemLoader Loading environment from /home/runner/work/key/key/key.core/../key.ui/examples/heap/SmansEtAl/Cell_getX.key 
98828      DEBUG main            d.u.i.k.p.i.AbstractProblemLoader Environment load took 156.91ns 
98829      INFO  main            d.u.i.k.p.i.AbstractProblemLoader Creating init config 
102279     DEBUG main            d.u.i.k.p.i.AbstractProblemLoader Init config took 3.45s 
102324     INFO  main            d.u.i.k.p.i.AbstractProblemLoader Replaying proof Cell[Cell::getX()].JML normal_behavior operation contract.0 
102327     DEBUG main            d.u.i.k.p.i.IntermediateProofReplayer Proof replay took 9.1ns 
102432     INFO  main            d.u.i.k.p.r.p.TestFile    ... finished proof: closed. 
102676     INFO  main            d.u.i.k.p.i.AbstractProblemLoader Loading environment from /home/runner/work/key/key/key.core/../key.ui/examples/heap/SmansEtAl/Cell_getX.key.proof 
102677     DEBUG main            d.u.i.k.p.i.AbstractProblemLoader Environment load took 145.01ns 
102678     INFO  main            d.u.i.k.p.i.AbstractProblemLoader Creating init config 
105964     DEBUG main            d.u.i.k.p.i.AbstractProblemLoader Init config took 3.29s 
106012     INFO  main            d.u.i.k.p.i.AbstractProblemLoader Replaying proof Cell[Cell::getX()].JML normal_behavior operation contract.0 
106029     DEBUG main            d.u.i.k.p.i.IntermediateProofReplayer Proof replay took 15.36ms 
106030     DEBUG main            d.u.i.k.p.r.p.TestFile    ... success: reloaded. 
106031     INFO  main            d.u.i.k.p.r.p.TestFile    Now processing file /home/runner/work/key/key/key.core/../key.ui/examples/heap/SmansEtAl/Cell_inv.key 
106032     INFO  main            d.u.i.k.p.i.AbstractProblemLoader Loading environment from /home/runner/work/key/key/key.core/../key.ui/examples/heap/SmansEtAl/Cell_inv.key 
106032     DEBUG main            d.u.i.k.p.i.AbstractProblemLoader Environment load took 112.81ns 
106033     INFO  main            d.u.i.k.p.i.AbstractProblemLoader Creating init config 
109370     DEBUG main            d.u.i.k.p.i.AbstractProblemLoader Init config took 3.34s 
109412     INFO  main            d.u.i.k.p.i.AbstractProblemLoader Replaying proof Cell[java.lang.Object::<inv>()].JML accessible clause.0 
109415     DEBUG main            d.u.i.k.p.i.IntermediateProofReplayer Proof replay took 8.6ns 
109521     INFO  main            d.u.i.k.p.r.p.TestFile    ... finished proof: closed. 
109769     INFO  main            d.u.i.k.p.i.AbstractProblemLoader Loading environment from /home/runner/work/key/key/key.core/../key.ui/examples/heap/SmansEtAl/Cell_inv.key.proof 
109769     DEBUG main            d.u.i.k.p.i.AbstractProblemLoader Environment load took 128.91ns 
109770     INFO  main            d.u.i.k.p.i.AbstractProblemLoader Creating init config 
113066     DEBUG main            d.u.i.k.p.i.AbstractProblemLoader Init config took 3.3s 
113118     INFO  main            d.u.i.k.p.i.AbstractProblemLoader Replaying proof Cell[java.lang.Object::<inv>()].JML accessible clause.0 
113124     DEBUG main            d.u.i.k.p.i.IntermediateProofReplayer Proof replay took 2.21ms 
113125     DEBUG main            d.u.i.k.p.r.p.TestFile    ... success: reloaded. 
113126     INFO  main            d.u.i.k.p.r.p.TestFile    Now processing file /home/runner/work/key/key/key.core/../key.ui/examples/heap/SmansEtAl/Cell_setX.key 
113126     INFO  main            d.u.i.k.p.i.AbstractProblemLoader Loading environment from /home/runner/work/key/key/key.core/../key.ui/examples/heap/SmansEtAl/Cell_setX.key 
113126     DEBUG main            d.u.i.k.p.i.AbstractProblemLoader Environment load took 107.21ns 
113128     INFO  main            d.u.i.k.p.i.AbstractProblemLoader Creating init config 
116453     DEBUG main            d.u.i.k.p.i.AbstractProblemLoader Init config took 3.33s 
116502     INFO  main            d.u.i.k.p.i.AbstractProblemLoader Replaying proof Cell[Cell::setX(int)].JML normal_behavior operation contract.0 
116504     DEBUG main            d.u.i.k.p.i.IntermediateProofReplayer Proof replay took 8.1ns 
116710     INFO  main            d.u.i.k.p.r.p.TestFile    ... finished proof: closed. 
116996     INFO  main            d.u.i.k.p.i.AbstractProblemLoader Loading environment from /home/runner/work/key/key/key.core/../key.ui/examples/heap/SmansEtAl/Cell_setX.key.proof 
116996     DEBUG main            d.u.i.k.p.i.AbstractProblemLoader Environment load took 139.91ns 
116998     INFO  main            d.u.i.k.p.i.AbstractProblemLoader Creating init config 
120564     DEBUG main            d.u.i.k.p.i.AbstractProblemLoader Init config took 3.57s 
120624     INFO  main            d.u.i.k.p.i.AbstractProblemLoader Replaying proof Cell[Cell::setX(int)].JML normal_behavior operation contract.0 
120658     DEBUG main            d.u.i.k.p.i.IntermediateProofReplayer Proof replay took 29.45ms 
120660     DEBUG main            d.u.i.k.p.r.p.TestFile    ... success: reloaded. 
120662     INFO  main            d.u.i.k.p.r.p.TestFile    Now processing file /home/runner/work/key/key/key.core/../key.ui/examples/heap/SmansEtAl/CellClient_m.key 
120663     INFO  main            d.u.i.k.p.i.AbstractProblemLoader Loading environment from /home/runner/work/key/key/key.core/../key.ui/examples/heap/SmansEtAl/CellClient_m.key 
120663     DEBUG main            d.u.i.k.p.i.AbstractProblemLoader Environment load took 75.5ns 
120664     INFO  main            d.u.i.k.p.i.AbstractProblemLoader Creating init config 
123944     DEBUG main            d.u.i.k.p.i.AbstractProblemLoader Init config took 3.28s 
123984     INFO  main            d.u.i.k.p.i.AbstractProblemLoader Replaying proof CellClient[CellClient::m()].JML operation contract.0 
123986     DEBUG main            d.u.i.k.p.i.IntermediateProofReplayer Proof replay took 14ns 
124590     INFO  main            d.u.i.k.p.r.p.TestFile    ... finished proof: closed. 
124885     INFO  main            d.u.i.k.p.i.AbstractProblemLoader Loading environment from /home/runner/work/key/key/key.core/../key.ui/examples/heap/SmansEtAl/CellClient_m.key.proof 
124891     DEBUG main            d.u.i.k.p.i.AbstractProblemLoader Environment load took 5.77ms 
124893     INFO  main            d.u.i.k.p.i.AbstractProblemLoader Creating init config 
128071     DEBUG main            d.u.i.k.p.i.AbstractProblemLoader Init config took 3.18s 
128114     INFO  main            d.u.i.k.p.i.AbstractProblemLoader Replaying proof CellClient[CellClient::m()].JML operation contract.0 
128240     DEBUG main            d.u.i.k.p.i.IntermediateProofReplayer Proof replay took 122.87ms 
128241     DEBUG main            d.u.i.k.p.r.p.TestFile    ... success: reloaded. 
128243     INFO  main            d.u.i.k.p.r.p.TestFile    Now processing file /home/runner/work/key/key/key.core/../key.ui/examples/heap/SmansEtAl/Iterator_footprint.key 
128244     INFO  main            d.u.i.k.p.i.AbstractProblemLoader Loading environment from /home/runner/work/key/key/key.core/../key.ui/examples/heap/SmansEtAl/Iterator_footprint.key 
128244     DEBUG main            d.u.i.k.p.i.AbstractProblemLoader Environment load took 251.62ns 
128245     INFO  main            d.u.i.k.p.i.AbstractProblemLoader Creating init config 
131874     DEBUG main            d.u.i.k.p.i.AbstractProblemLoader Init config took 3.63s 
131922     INFO  main            d.u.i.k.p.i.AbstractProblemLoader Replaying proof Iterator[Iterator::$footprint()].JML accessible clause.0 
131924     DEBUG main            d.u.i.k.p.i.IntermediateProofReplayer Proof replay took 8.4ns 
132028     INFO  main            d.u.i.k.p.r.p.TestFile    ... finished proof: closed. 
132331     INFO  main            d.u.i.k.p.i.AbstractProblemLoader Loading environment from /home/runner/work/key/key/key.core/../key.ui/examples/heap/SmansEtAl/Iterator_footprint.key.proof 
132331     DEBUG main            d.u.i.k.p.i.AbstractProblemLoader Environment load took 133.81ns 
132334     INFO  main            d.u.i.k.p.i.AbstractProblemLoader Creating init config 
135657     DEBUG main            d.u.i.k.p.i.AbstractProblemLoader Init config took 3.32s 
135700     INFO  main            d.u.i.k.p.i.AbstractProblemLoader Replaying proof Iterator[Iterator::$footprint()].JML accessible clause.0 
135710     DEBUG main            d.u.i.k.p.i.IntermediateProofReplayer Proof replay took 7.43ms 
135711     DEBUG main            d.u.i.k.p.r.p.TestFile    ... success: reloaded. 
135712     INFO  main            d.u.i.k.p.r.p.TestFile    Now processing file /home/runner/work/key/key/key.core/../key.ui/examples/heap/SmansEtAl/Iterator_hasNext_dep.key 
135712     INFO  main            d.u.i.k.p.i.AbstractProblemLoader Loading environment from /home/runner/work/key/key/key.core/../key.ui/examples/heap/SmansEtAl/Iterator_hasNext_dep.key 
135712     DEBUG main            d.u.i.k.p.i.AbstractProblemLoader Environment load took 108.51ns 
135713     INFO  main            d.u.i.k.p.i.AbstractProblemLoader Creating init config 
138986     DEBUG main            d.u.i.k.p.i.AbstractProblemLoader Init config took 3.27s 
139029     INFO  main            d.u.i.k.p.i.AbstractProblemLoader Replaying proof Iterator[Iterator::hasNext()].JML accessible clause.0 
139031     DEBUG main            d.u.i.k.p.i.IntermediateProofReplayer Proof replay took 8.4ns 
139736     INFO  main            d.u.i.k.p.r.p.TestFile    ... finished proof: closed. 
140061     INFO  main            d.u.i.k.p.i.AbstractProblemLoader Loading environment from /home/runner/work/key/key/key.core/../key.ui/examples/heap/SmansEtAl/Iterator_hasNext_dep.key.proof 
140062     DEBUG main            d.u.i.k.p.i.AbstractProblemLoader Environment load took 519.84ns 
140063     INFO  main            d.u.i.k.p.i.AbstractProblemLoader Creating init config 
143244     DEBUG main            d.u.i.k.p.i.AbstractProblemLoader Init config took 3.18s 
143300     INFO  main            d.u.i.k.p.i.AbstractProblemLoader Replaying proof Iterator[Iterator::hasNext()].JML accessible clause.0 
143412     DEBUG main            d.u.i.k.p.i.IntermediateProofReplayer Proof replay took 106.15ms 
143414     DEBUG main            d.u.i.k.p.r.p.TestFile    ... success: reloaded. 
143415     INFO  main            d.u.i.k.p.r.p.TestFile    Now processing file /home/runner/work/key/key/key.core/../key.ui/examples/heap/SmansEtAl/Iterator_hasNext.key 
143416     INFO  main            d.u.i.k.p.i.AbstractProblemLoader Loading environment from /home/runner/work/key/key/key.core/../key.ui/examples/heap/SmansEtAl/Iterator_hasNext.key 
143416     DEBUG main            d.u.i.k.p.i.AbstractProblemLoader Environment load took 246.52ns 
143417     INFO  main            d.u.i.k.p.i.AbstractProblemLoader Creating init config 
146679     DEBUG main            d.u.i.k.p.i.AbstractProblemLoader Init config took 3.26s 
146723     INFO  main            d.u.i.k.p.i.AbstractProblemLoader Replaying proof Iterator[Iterator::hasNext()].JML normal_behavior operation contract.0 
146725     DEBUG main            d.u.i.k.p.i.IntermediateProofReplayer Proof replay took 8.5ns 
147339     INFO  main            d.u.i.k.p.r.p.TestFile    ... finished proof: closed. 
147637     INFO  main            d.u.i.k.p.i.AbstractProblemLoader Loading environment from /home/runner/work/key/key/key.core/../key.ui/examples/heap/SmansEtAl/Iterator_hasNext.key.proof 
147639     DEBUG main            d.u.i.k.p.i.AbstractProblemLoader Environment load took 2.3ms 
147641     INFO  main            d.u.i.k.p.i.AbstractProblemLoader Creating init config 
150905     DEBUG main            d.u.i.k.p.i.AbstractProblemLoader Init config took 3.26s 
150953     INFO  main            d.u.i.k.p.i.AbstractProblemLoader Replaying proof Iterator[Iterator::hasNext()].JML normal_behavior operation contract.0 
151078     DEBUG main            d.u.i.k.p.i.IntermediateProofReplayer Proof replay took 120.68ms 
151080     DEBUG main            d.u.i.k.p.r.p.TestFile    ... success: reloaded. 
151081     INFO  main            d.u.i.k.p.r.p.TestFile    Now processing file /home/runner/work/key/key/key.core/../key.ui/examples/heap/SmansEtAl/Iterator_inv.key 
151081     INFO  main            d.u.i.k.p.i.AbstractProblemLoader Loading environment from /home/runner/work/key/key/key.core/../key.ui/examples/heap/SmansEtAl/Iterator_inv.key 
151082     DEBUG main            d.u.i.k.p.i.AbstractProblemLoader Environment load took 316.23ns 
151083     INFO  main            d.u.i.k.p.i.AbstractProblemLoader Creating init config 
154406     DEBUG main            d.u.i.k.p.i.AbstractProblemLoader Init config took 3.32s 
154457     INFO  main            d.u.i.k.p.i.AbstractProblemLoader Replaying proof Iterator[java.lang.Object::<inv>()].JML accessible clause.0 
154460     DEBUG main            d.u.i.k.p.i.IntermediateProofReplayer Proof replay took 8.1ns 
154663     INFO  main            d.u.i.k.p.r.p.TestFile    ... finished proof: closed. 
154973     INFO  main            d.u.i.k.p.i.AbstractProblemLoader Loading environment from /home/runner/work/key/key/key.core/../key.ui/examples/heap/SmansEtAl/Iterator_inv.key.proof 
154973     DEBUG main            d.u.i.k.p.i.AbstractProblemLoader Environment load took 124.41ns 
154976     INFO  main            d.u.i.k.p.i.AbstractProblemLoader Creating init config 
158212     DEBUG main            d.u.i.k.p.i.AbstractProblemLoader Init config took 3.24s 
158256     INFO  main            d.u.i.k.p.i.AbstractProblemLoader Replaying proof Iterator[java.lang.Object::<inv>()].JML accessible clause.0 
158292     DEBUG main            d.u.i.k.p.i.IntermediateProofReplayer Proof replay took 31.88ms 
158298     DEBUG main            d.u.i.k.p.r.p.TestFile    ... success: reloaded. 
158299     INFO  main            d.u.i.k.p.r.p.TestFile    Now processing file /home/runner/work/key/key/key.core/../key.ui/examples/heap/SmansEtAl/Iterator_Iterator.key 
158300     INFO  main            d.u.i.k.p.i.AbstractProblemLoader Loading environment from /home/runner/work/key/key/key.core/../key.ui/examples/heap/SmansEtAl/Iterator_Iterator.key 
158300     DEBUG main            d.u.i.k.p.i.AbstractProblemLoader Environment load took 254.22ns 
158301     INFO  main            d.u.i.k.p.i.AbstractProblemLoader Creating init config 
161715     DEBUG main            d.u.i.k.p.i.AbstractProblemLoader Init config took 3.41s 
161762     INFO  main            d.u.i.k.p.i.AbstractProblemLoader Replaying proof Iterator[Iterator::Iterator(ArrayList)].JML normal_behavior operation contract.0 
161764     DEBUG main            d.u.i.k.p.i.IntermediateProofReplayer Proof replay took 7.8ns 
163375     INFO  main            d.u.i.k.p.r.p.TestFile    ... finished proof: closed. 
163710     INFO  main            d.u.i.k.p.i.AbstractProblemLoader Loading environment from /home/runner/work/key/key/key.core/../key.ui/examples/heap/SmansEtAl/Iterator_Iterator.key.proof 
163710     DEBUG main            d.u.i.k.p.i.AbstractProblemLoader Environment load took 484.54ns 
163712     INFO  main            d.u.i.k.p.i.AbstractProblemLoader Creating init config 
166977     DEBUG main            d.u.i.k.p.i.AbstractProblemLoader Init config took 3.26s 
167021     INFO  main            d.u.i.k.p.i.AbstractProblemLoader Replaying proof Iterator[Iterator::Iterator(ArrayList)].JML normal_behavior operation contract.0 
167245     DEBUG main            d.u.i.k.p.i.IntermediateProofReplayer Proof replay took 211.2ms 
167247     DEBUG main            d.u.i.k.p.r.p.TestFile    ... success: reloaded. 
167249     INFO  main            d.u.i.k.p.r.p.TestFile    Now processing file /home/runner/work/key/key/key.core/../key.ui/examples/heap/SmansEtAl/Iterator_list_dep.key 
167249     INFO  main            d.u.i.k.p.i.AbstractProblemLoader Loading environment from /home/runner/work/key/key/key.core/../key.ui/examples/heap/SmansEtAl/Iterator_list_dep.key 
167249     DEBUG main            d.u.i.k.p.i.AbstractProblemLoader Environment load took 233.72ns 
167250     INFO  main            d.u.i.k.p.i.AbstractProblemLoader Creating init config 
170575     DEBUG main            d.u.i.k.p.i.AbstractProblemLoader Init config took 3.33s 
170622     INFO  main            d.u.i.k.p.i.AbstractProblemLoader Replaying proof Iterator[Iterator::list()].JML accessible clause.0 
170624     DEBUG main            d.u.i.k.p.i.IntermediateProofReplayer Proof replay took 8ns 
170726     INFO  main            d.u.i.k.p.r.p.TestFile    ... finished proof: closed. 
171063     INFO  main            d.u.i.k.p.i.AbstractProblemLoader Loading environment from /home/runner/work/key/key/key.core/../key.ui/examples/heap/SmansEtAl/Iterator_list_dep.key.proof 
171063     DEBUG main            d.u.i.k.p.i.AbstractProblemLoader Environment load took 132.71ns 
171064     INFO  main            d.u.i.k.p.i.AbstractProblemLoader Creating init config 
174210     DEBUG main            d.u.i.k.p.i.AbstractProblemLoader Init config took 3.15s 
174252     INFO  main            d.u.i.k.p.i.AbstractProblemLoader Replaying proof Iterator[Iterator::list()].JML accessible clause.0 
174274     DEBUG main            d.u.i.k.p.i.IntermediateProofReplayer Proof replay took 20.05ms 
174275     DEBUG main            d.u.i.k.p.r.p.TestFile    ... success: reloaded. 
174276     INFO  main            d.u.i.k.p.r.p.TestFile    Now processing file /home/runner/work/key/key/key.core/../key.ui/examples/heap/SmansEtAl/Iterator_list.key 
174277     INFO  main            d.u.i.k.p.i.AbstractProblemLoader Loading environment from /home/runner/work/key/key/key.core/../key.ui/examples/heap/SmansEtAl/Iterator_list.key 
174277     DEBUG main            d.u.i.k.p.i.AbstractProblemLoader Environment load took 112.61ns 
174278     INFO  main            d.u.i.k.p.i.AbstractProblemLoader Creating init config 
177641     DEBUG main            d.u.i.k.p.i.AbstractProblemLoader Init config took 3.36s 
177685     INFO  main            d.u.i.k.p.i.AbstractProblemLoader Replaying proof Iterator[Iterator::list()].JML normal_behavior operation contract.0 
177686     DEBUG main            d.u.i.k.p.i.IntermediateProofReplayer Proof replay took 8.1ns 
177789     INFO  main            d.u.i.k.p.r.p.TestFile    ... finished proof: closed. 
178101     INFO  main            d.u.i.k.p.i.AbstractProblemLoader Loading environment from /home/runner/work/key/key/key.core/../key.ui/examples/heap/SmansEtAl/Iterator_list.key.proof 
178101     DEBUG main            d.u.i.k.p.i.AbstractProblemLoader Environment load took 134.71ns 
178102     INFO  main            d.u.i.k.p.i.AbstractProblemLoader Creating init config 
181339     DEBUG main            d.u.i.k.p.i.AbstractProblemLoader Init config took 3.24s 
181384     INFO  main            d.u.i.k.p.i.AbstractProblemLoader Replaying proof Iterator[Iterator::list()].JML normal_behavior operation contract.0 
181403     DEBUG main            d.u.i.k.p.i.IntermediateProofReplayer Proof replay took 16.78ms 
181404     DEBUG main            d.u.i.k.p.r.p.TestFile    ... success: reloaded. 
181405     INFO  main            d.u.i.k.p.r.p.TestFile    Now processing file /home/runner/work/key/key/key.core/../key.ui/examples/heap/SmansEtAl/Iterator_next.key 
181406     INFO  main            d.u.i.k.p.i.AbstractProblemLoader Loading environment from /home/runner/work/key/key/key.core/../key.ui/examples/heap/SmansEtAl/Iterator_next.key 
181406     DEBUG main            d.u.i.k.p.i.AbstractProblemLoader Environment load took 105.21ns 
181407     INFO  main            d.u.i.k.p.i.AbstractProblemLoader Creating init config 
184728     DEBUG main            d.u.i.k.p.i.AbstractProblemLoader Init config took 3.32s 
184775     INFO  main            d.u.i.k.p.i.AbstractProblemLoader Replaying proof Iterator[Iterator::next()].JML normal_behavior operation contract.0 
184778     DEBUG main            d.u.i.k.p.i.IntermediateProofReplayer Proof replay took 7.8ns 
187998     INFO  main            d.u.i.k.p.r.p.TestFile    ... finished proof: closed. 
188356     INFO  main            d.u.i.k.p.i.AbstractProblemLoader Loading environment from /home/runner/work/key/key/key.core/../key.ui/examples/heap/SmansEtAl/Iterator_next.key.proof 
188356     DEBUG main            d.u.i.k.p.i.AbstractProblemLoader Environment load took 467.43ns 
188359     INFO  main            d.u.i.k.p.i.AbstractProblemLoader Creating init config 
191624     DEBUG main            d.u.i.k.p.i.AbstractProblemLoader Init config took 3.27s 
191668     INFO  main            d.u.i.k.p.i.AbstractProblemLoader Replaying proof Iterator[Iterator::next()].JML normal_behavior operation contract.0 
192032     DEBUG main            d.u.i.k.p.i.IntermediateProofReplayer Proof replay took 344.89ms 
192034     DEBUG main            d.u.i.k.p.r.p.TestFile    ... success: reloaded. 
192035     INFO  main            d.u.i.k.p.r.p.TestFile    Now processing file /home/runner/work/key/key/key.core/../key.ui/examples/heap/SmansEtAl/Stack_footprint.key 
192035     INFO  main            d.u.i.k.p.i.AbstractProblemLoader Loading environment from /home/runner/work/key/key/key.core/../key.ui/examples/heap/SmansEtAl/Stack_footprint.key 
192035     DEBUG main            d.u.i.k.p.i.AbstractProblemLoader Environment load took 106.31ns 
192036     INFO  main            d.u.i.k.p.i.AbstractProblemLoader Creating init config 
195277     DEBUG main            d.u.i.k.p.i.AbstractProblemLoader Init config took 3.24s 
195317     INFO  main            d.u.i.k.p.i.AbstractProblemLoader Replaying proof Stack[Stack::$footprint()].JML accessible clause.0 
195319     DEBUG main            d.u.i.k.p.i.IntermediateProofReplayer Proof replay took 7.7ns 
195524     INFO  main            d.u.i.k.p.r.p.TestFile    ... finished proof: closed. 
195856     INFO  main            d.u.i.k.p.i.AbstractProblemLoader Loading environment from /home/runner/work/key/key/key.core/../key.ui/examples/heap/SmansEtAl/Stack_footprint.key.proof 
195856     DEBUG main            d.u.i.k.p.i.AbstractProblemLoader Environment load took 127.21ns 
195857     INFO  main            d.u.i.k.p.i.AbstractProblemLoader Creating init config 
198975     DEBUG main            d.u.i.k.p.i.AbstractProblemLoader Init config took 3.12s 
199016     INFO  main            d.u.i.k.p.i.AbstractProblemLoader Replaying proof Stack[Stack::$footprint()].JML accessible clause.0 
199046     DEBUG main            d.u.i.k.p.i.IntermediateProofReplayer Proof replay took 27.68ms 
199048     DEBUG main            d.u.i.k.p.r.p.TestFile    ... success: reloaded. 
199049     INFO  main            d.u.i.k.p.r.p.TestFile    Now processing file /home/runner/work/key/key/key.core/../key.ui/examples/heap/SmansEtAl/Stack_inv.key 
199050     INFO  main            d.u.i.k.p.i.AbstractProblemLoader Loading environment from /home/runner/work/key/key/key.core/../key.ui/examples/heap/SmansEtAl/Stack_inv.key 
199050     DEBUG main            d.u.i.k.p.i.AbstractProblemLoader Environment load took 238.91ns 
199051     INFO  main            d.u.i.k.p.i.AbstractProblemLoader Creating init config 
202239     DEBUG main            d.u.i.k.p.i.AbstractProblemLoader Init config took 3.19s 
202280     INFO  main            d.u.i.k.p.i.AbstractProblemLoader Replaying proof Stack[java.lang.Object::<inv>()].JML accessible clause.0 
202282     DEBUG main            d.u.i.k.p.i.IntermediateProofReplayer Proof replay took 7.7ns 
202387     INFO  main            d.u.i.k.p.r.p.TestFile    ... finished proof: closed. 
202740     INFO  main            d.u.i.k.p.i.AbstractProblemLoader Loading environment from /home/runner/work/key/key/key.core/../key.ui/examples/heap/SmansEtAl/Stack_inv.key.proof 
202740     DEBUG main            d.u.i.k.p.i.AbstractProblemLoader Environment load took 126.31ns 
202741     INFO  main            d.u.i.k.p.i.AbstractProblemLoader Creating init config 
206005     DEBUG main            d.u.i.k.p.i.AbstractProblemLoader Init config took 3.26s 
206046     INFO  main            d.u.i.k.p.i.AbstractProblemLoader Replaying proof Stack[java.lang.Object::<inv>()].JML accessible clause.0 
206062     DEBUG main            d.u.i.k.p.i.IntermediateProofReplayer Proof replay took 11.48ms 
206068     DEBUG main            d.u.i.k.p.r.p.TestFile    ... success: reloaded. 
206070     INFO  main            d.u.i.k.p.r.p.TestFile    Now processing file /home/runner/work/key/key/key.core/../key.ui/examples/heap/SmansEtAl/Stack_push.key 
206071     INFO  main            d.u.i.k.p.i.AbstractProblemLoader Loading environment from /home/runner/work/key/key/key.core/../key.ui/examples/heap/SmansEtAl/Stack_push.key 
206074     DEBUG main            d.u.i.k.p.i.AbstractProblemLoader Environment load took 2.75ms 
206076     INFO  main            d.u.i.k.p.i.AbstractProblemLoader Creating init config 
209323     DEBUG main            d.u.i.k.p.i.AbstractProblemLoader Init config took 3.25s 
209365     INFO  main            d.u.i.k.p.i.AbstractProblemLoader Replaying proof Stack[Stack::push(java.lang.Object)].JML normal_behavior operation contract.0 
209367     DEBUG main            d.u.i.k.p.i.IntermediateProofReplayer Proof replay took 8.8ns 
210197     INFO  main            d.u.i.k.p.r.p.TestFile    ... finished proof: closed. 
210549     INFO  main            d.u.i.k.p.i.AbstractProblemLoader Loading environment from /home/runner/work/key/key/key.core/../key.ui/examples/heap/SmansEtAl/Stack_push.key.proof 
210549     DEBUG main            d.u.i.k.p.i.AbstractProblemLoader Environment load took 480.83ns 
210551     INFO  main            d.u.i.k.p.i.AbstractProblemLoader Creating init config 
213785     DEBUG main            d.u.i.k.p.i.AbstractProblemLoader Init config took 3.23s 
213829     INFO  main            d.u.i.k.p.i.AbstractProblemLoader Replaying proof Stack[Stack::push(java.lang.Object)].JML normal_behavior operation contract.0 
213967     DEBUG main            d.u.i.k.p.i.IntermediateProofReplayer Proof replay took 133.64ms 
213970     DEBUG main            d.u.i.k.p.r.p.TestFile    ... success: reloaded. 
213973     INFO  main            d.u.i.k.p.r.p.TestFile    Now processing file /home/runner/work/key/key/key.core/../key.ui/examples/heap/SmansEtAl/Stack_size.key 
213973     INFO  main            d.u.i.k.p.i.AbstractProblemLoader Loading environment from /home/runner/work/key/key/key.core/../key.ui/examples/heap/SmansEtAl/Stack_size.key 
213974     DEBUG main            d.u.i.k.p.i.AbstractProblemLoader Environment load took 138.51ns 
213975     INFO  main            d.u.i.k.p.i.AbstractProblemLoader Creating init config 
217231     DEBUG main            d.u.i.k.p.i.AbstractProblemLoader Init config took 3.26s 
217273     INFO  main            d.u.i.k.p.i.AbstractProblemLoader Replaying proof Stack[Stack::size()].JML accessible clause.0 
217275     DEBUG main            d.u.i.k.p.i.IntermediateProofReplayer Proof replay took 8.3ns 
217577     INFO  main            d.u.i.k.p.r.p.TestFile    ... finished proof: closed. 
217918     INFO  main            d.u.i.k.p.i.AbstractProblemLoader Loading environment from /home/runner/work/key/key/key.core/../key.ui/examples/heap/SmansEtAl/Stack_size.key.proof 
217918     DEBUG main            d.u.i.k.p.i.AbstractProblemLoader Environment load took 111.31ns 
217920     INFO  main            d.u.i.k.p.i.AbstractProblemLoader Creating init config 
221112     DEBUG main            d.u.i.k.p.i.AbstractProblemLoader Init config took 3.19s 
221155     INFO  main            d.u.i.k.p.i.AbstractProblemLoader Replaying proof Stack[Stack::size()].JML accessible clause.0 
221211     DEBUG main            d.u.i.k.p.i.IntermediateProofReplayer Proof replay took 52.27ms 
221212     DEBUG main            d.u.i.k.p.r.p.TestFile    ... success: reloaded. 
221213     INFO  main            d.u.i.k.p.r.p.TestFile    Now processing file /home/runner/work/key/key/key.core/../key.ui/examples/heap/SmansEtAl/Stack_Stack.key 
221213     INFO  main            d.u.i.k.p.i.AbstractProblemLoader Loading environment from /home/runner/work/key/key/key.core/../key.ui/examples/heap/SmansEtAl/Stack_Stack.key 
221214     DEBUG main            d.u.i.k.p.i.AbstractProblemLoader Environment load took 230.22ns 
221215     INFO  main            d.u.i.k.p.i.AbstractProblemLoader Creating init config 
224424     DEBUG main            d.u.i.k.p.i.AbstractProblemLoader Init config took 3.21s 
224466     INFO  main            d.u.i.k.p.i.AbstractProblemLoader Replaying proof Stack[Stack::Stack()].JML normal_behavior operation contract.0 
224468     DEBUG main            d.u.i.k.p.i.IntermediateProofReplayer Proof replay took 7.9ns 
225677     INFO  main            d.u.i.k.p.r.p.TestFile    ... finished proof: closed. 
226067     INFO  main            d.u.i.k.p.i.AbstractProblemLoader Loading environment from /home/runner/work/key/key/key.core/../key.ui/examples/heap/SmansEtAl/Stack_Stack.key.proof 
226068     DEBUG main            d.u.i.k.p.i.AbstractProblemLoader Environment load took 460.53ns 
226069     INFO  main            d.u.i.k.p.i.AbstractProblemLoader Creating init config 
229224     DEBUG main            d.u.i.k.p.i.AbstractProblemLoader Init config took 3.15s 
229266     INFO  main            d.u.i.k.p.i.AbstractProblemLoader Replaying proof Stack[Stack::Stack()].JML normal_behavior operation contract.0 
229501     DEBUG main            d.u.i.k.p.i.IntermediateProofReplayer Proof replay took 227.35ms 
229504     DEBUG main            d.u.i.k.p.r.p.TestFile    ... success: reloaded. 
229505     INFO  main            d.u.i.k.p.r.p.TestFile    Now processing file /home/runner/work/key/key/key.core/../key.ui/examples/heap/SmansEtAl/Stack_switchContents.key 
229506     INFO  main            d.u.i.k.p.i.AbstractProblemLoader Loading environment from /home/runner/work/key/key/key.core/../key.ui/examples/heap/SmansEtAl/Stack_switchContents.key 
229506     DEBUG main            d.u.i.k.p.i.AbstractProblemLoader Environment load took 232.82ns 
229507     INFO  main            d.u.i.k.p.i.AbstractProblemLoader Creating init config 
232714     DEBUG main            d.u.i.k.p.i.AbstractProblemLoader Init config took 3.21s 
232756     INFO  main            d.u.i.k.p.i.AbstractProblemLoader Replaying proof Stack[Stack::switchContents(Stack)].JML normal_behavior operation contract.0 
232758     DEBUG main            d.u.i.k.p.i.IntermediateProofReplayer Proof replay took 7.5ns 
238092     INFO  main            d.u.i.k.p.r.p.TestFile    ... finished proof: closed. 
238497     INFO  main            d.u.i.k.p.i.AbstractProblemLoader Loading environment from /home/runner/work/key/key/key.core/../key.ui/examples/heap/SmansEtAl/Stack_switchContents.key.proof 
238498     DEBUG main            d.u.i.k.p.i.AbstractProblemLoader Environment load took 461.03ns 
238500     INFO  main            d.u.i.k.p.i.AbstractProblemLoader Creating init config 
241638     DEBUG main            d.u.i.k.p.i.AbstractProblemLoader Init config took 3.14s 
241682     INFO  main            d.u.i.k.p.i.AbstractProblemLoader Replaying proof Stack[Stack::switchContents(Stack)].JML normal_behavior operation contract.0 
242338     DEBUG main            d.u.i.k.p.i.IntermediateProofReplayer Proof replay took 638.93ms 
242340     DEBUG main            d.u.i.k.p.r.p.TestFile    ... success: reloaded. 
2525869    INFO  Test worker     d.u.i.k.p.r.RunAllProofsTestUnit Returning from test SmansEtAl 
2525870    INFO  Test worker     d.u.i.k.p.r.RunAllProofsTestUnit Running test VACID0 
403        INFO  Timeout watchdog d.u.i.k.p.r.p.ForkedTestFileRunner Timeout watcher launched (2000 secs.) 
417        WARN  main            d.u.i.k.s.ProofSettings   The settings in /home/runner/.key/proof-settings.props are *not* read. 
450        INFO  main            d.u.i.k.p.r.p.TestFile    Now processing file /home/runner/work/key/key/key.core/../key.ui/examples/heap/vacid0_01_SparseArray/Harness_sparseArrayTestHarness1.key 
623        INFO  main            d.u.i.k.p.i.AbstractProblemLoader Loading environment from /home/runner/work/key/key/key.core/../key.ui/examples/heap/vacid0_01_SparseArray/Harness_sparseArrayTestHarness1.key 
644        DEBUG main            d.u.i.k.p.i.AbstractProblemLoader Environment load took 2.23ms 
916        INFO  main            d.u.i.k.p.i.AbstractProblemLoader Creating init config 
1943       DEBUG main            d.u.i.k.j.TypeConverter   No LDT found for Meta 
1969       DEBUG main            d.u.i.k.j.TypeConverter   No LDT found for Meta 
1970       DEBUG main            d.u.i.k.j.TypeConverter   No LDT found for Meta 
1970       DEBUG main            d.u.i.k.j.TypeConverter   No LDT found for Meta 
3580       DEBUG main            d.u.i.k.j.TypeConverter   No LDT found for JavaBigintExpression 
9470       DEBUG main            d.u.i.k.p.i.AbstractProblemLoader Init config took 8.55s 
9663       INFO  main            d.u.i.k.p.i.AbstractProblemLoader Replaying proof Harness[Harness::sparseArrayTestHarness1()].JML normal_behavior operation contract.0 
9703       DEBUG main            d.u.i.k.p.i.IntermediateProofReplayer Proof replay took 74.31ns 
11553      INFO  main            d.u.i.k.p.r.p.TestFile    ... finished proof: closed. 
11706      INFO  main            d.u.i.k.p.i.AbstractProblemLoader Loading environment from /home/runner/work/key/key/key.core/../key.ui/examples/heap/vacid0_01_SparseArray/Harness_sparseArrayTestHarness1.key.proof 
11707      DEBUG main            d.u.i.k.p.i.AbstractProblemLoader Environment load took 526.03ns 
11709      INFO  main            d.u.i.k.p.i.AbstractProblemLoader Creating init config 
15266      DEBUG main            d.u.i.k.p.i.AbstractProblemLoader Init config took 3.56s 
15343      INFO  main            d.u.i.k.p.i.AbstractProblemLoader Replaying proof Harness[Harness::sparseArrayTestHarness1()].JML normal_behavior operation contract.0 
15625      DEBUG main            d.u.i.k.p.i.IntermediateProofReplayer Proof replay took 272.5ms 
15634      DEBUG main            d.u.i.k.p.r.p.TestFile    ... success: reloaded. 
15636      INFO  main            d.u.i.k.p.r.p.TestFile    Now processing file /home/runner/work/key/key/key.core/../key.ui/examples/heap/vacid0_01_SparseArray/Harness_sparseArrayTestHarness2.key 
15636      INFO  main            d.u.i.k.p.i.AbstractProblemLoader Loading environment from /home/runner/work/key/key/key.core/../key.ui/examples/heap/vacid0_01_SparseArray/Harness_sparseArrayTestHarness2.key 
15637      DEBUG main            d.u.i.k.p.i.AbstractProblemLoader Environment load took 279.22ns 
15639      INFO  main            d.u.i.k.p.i.AbstractProblemLoader Creating init config 
19034      DEBUG main            d.u.i.k.p.i.AbstractProblemLoader Init config took 3.4s 
19097      INFO  main            d.u.i.k.p.i.AbstractProblemLoader Replaying proof Harness[Harness::sparseArrayTestHarness2()].JML normal_behavior operation contract.0 
19100      DEBUG main            d.u.i.k.p.i.IntermediateProofReplayer Proof replay took 8.5ns 
30636      INFO  main            d.u.i.k.p.r.p.TestFile    ... finished proof: closed. 
30876      INFO  main            d.u.i.k.p.i.AbstractProblemLoader Loading environment from /home/runner/work/key/key/key.core/../key.ui/examples/heap/vacid0_01_SparseArray/Harness_sparseArrayTestHarness2.key.proof 
30876      DEBUG main            d.u.i.k.p.i.AbstractProblemLoader Environment load took 255.72ns 
30881      INFO  main            d.u.i.k.p.i.AbstractProblemLoader Creating init config 
34225      DEBUG main            d.u.i.k.p.i.AbstractProblemLoader Init config took 3.34s 
34283      INFO  main            d.u.i.k.p.i.AbstractProblemLoader Replaying proof Harness[Harness::sparseArrayTestHarness2()].JML normal_behavior operation contract.0 
35579      DEBUG main            d.u.i.k.p.i.IntermediateProofReplayer Proof replay took 1.25s 
35583      DEBUG main            d.u.i.k.p.r.p.TestFile    ... success: reloaded. 
35586      INFO  main            d.u.i.k.p.r.p.TestFile    Now processing file /home/runner/work/key/key/key.core/../key.ui/examples/heap/vacid0_01_SparseArray/MemoryAllocator_alloc_unsigned.key 
35586      INFO  main            d.u.i.k.p.i.AbstractProblemLoader Loading environment from /home/runner/work/key/key/key.core/../key.ui/examples/heap/vacid0_01_SparseArray/MemoryAllocator_alloc_unsigned.key 
35587      DEBUG main            d.u.i.k.p.i.AbstractProblemLoader Environment load took 270.02ns 
35590      INFO  main            d.u.i.k.p.i.AbstractProblemLoader Creating init config 
38970      DEBUG main            d.u.i.k.p.i.AbstractProblemLoader Init config took 3.38s 
39024      INFO  main            d.u.i.k.p.i.AbstractProblemLoader Replaying proof MemoryAllocator[MemoryAllocator::alloc_unsigned(int)].JML normal_behavior operation contract.0 
39027      DEBUG main            d.u.i.k.p.i.IntermediateProofReplayer Proof replay took 6.3ns 
40354      INFO  main            d.u.i.k.p.r.p.TestFile    ... finished proof: closed. 
40574      INFO  main            d.u.i.k.p.i.AbstractProblemLoader Loading environment from /home/runner/work/key/key/key.core/../key.ui/examples/heap/vacid0_01_SparseArray/MemoryAllocator_alloc_unsigned.key.proof 
40575      DEBUG main            d.u.i.k.p.i.AbstractProblemLoader Environment load took 519.03ns 
40580      INFO  main            d.u.i.k.p.i.AbstractProblemLoader Creating init config 
43947      DEBUG main            d.u.i.k.p.i.AbstractProblemLoader Init config took 3.37s 
44010      INFO  main            d.u.i.k.p.i.AbstractProblemLoader Replaying proof MemoryAllocator[MemoryAllocator::alloc_unsigned(int)].JML normal_behavior operation contract.0 
44306      DEBUG main            d.u.i.k.p.i.IntermediateProofReplayer Proof replay took 287.17ms 
44308      DEBUG main            d.u.i.k.p.r.p.TestFile    ... success: reloaded. 
44310      INFO  main            d.u.i.k.p.r.p.TestFile    Now processing file /home/runner/work/key/key/key.core/../key.ui/examples/heap/vacid0_01_SparseArray/MemoryAllocator_alloc.key 
44311      INFO  main            d.u.i.k.p.i.AbstractProblemLoader Loading environment from /home/runner/work/key/key/key.core/../key.ui/examples/heap/vacid0_01_SparseArray/MemoryAllocator_alloc.key 
44311      DEBUG main            d.u.i.k.p.i.AbstractProblemLoader Environment load took 253.82ns 
44313      INFO  main            d.u.i.k.p.i.AbstractProblemLoader Creating init config 
47570      DEBUG main            d.u.i.k.p.i.AbstractProblemLoader Init config took 3.26s 
47620      INFO  main            d.u.i.k.p.i.AbstractProblemLoader Replaying proof MemoryAllocator[MemoryAllocator::alloc(int)].JML normal_behavior operation contract.0 
47622      DEBUG main            d.u.i.k.p.i.IntermediateProofReplayer Proof replay took 7.1ns 
48343      INFO  main            d.u.i.k.p.r.p.TestFile    ... finished proof: closed. 
48538      INFO  main            d.u.i.k.p.i.AbstractProblemLoader Loading environment from /home/runner/work/key/key/key.core/../key.ui/examples/heap/vacid0_01_SparseArray/MemoryAllocator_alloc.key.proof 
48538      DEBUG main            d.u.i.k.p.i.AbstractProblemLoader Environment load took 482.23ns 
48540      INFO  main            d.u.i.k.p.i.AbstractProblemLoader Creating init config 
51775      DEBUG main            d.u.i.k.p.i.AbstractProblemLoader Init config took 3.24s 
51826      INFO  main            d.u.i.k.p.i.AbstractProblemLoader Replaying proof MemoryAllocator[MemoryAllocator::alloc(int)].JML normal_behavior operation contract.0 
52010      DEBUG main            d.u.i.k.p.i.IntermediateProofReplayer Proof replay took 179.13ms 
52011      DEBUG main            d.u.i.k.p.r.p.TestFile    ... success: reloaded. 
52013      INFO  main            d.u.i.k.p.r.p.TestFile    Now processing file /home/runner/work/key/key/key.core/../key.ui/examples/heap/vacid0_01_SparseArray/SparseArray_get_dep.key 
52013      INFO  main            d.u.i.k.p.i.AbstractProblemLoader Loading environment from /home/runner/work/key/key/key.core/../key.ui/examples/heap/vacid0_01_SparseArray/SparseArray_get_dep.key 
52014      DEBUG main            d.u.i.k.p.i.AbstractProblemLoader Environment load took 300.72ns 
52015      INFO  main            d.u.i.k.p.i.AbstractProblemLoader Creating init config 
55233      DEBUG main            d.u.i.k.p.i.AbstractProblemLoader Init config took 3.22s 
55320      INFO  main            d.u.i.k.p.i.AbstractProblemLoader Replaying proof SparseArray[SparseArray::get(int)].JML accessible clause.0 
55323      DEBUG main            d.u.i.k.p.i.IntermediateProofReplayer Proof replay took 6.9ns 
59034      INFO  main            d.u.i.k.p.r.p.TestFile    ... finished proof: closed. 
59361      INFO  main            d.u.i.k.p.i.AbstractProblemLoader Loading environment from /home/runner/work/key/key/key.core/../key.ui/examples/heap/vacid0_01_SparseArray/SparseArray_get_dep.key.proof 
59362      DEBUG main            d.u.i.k.p.i.AbstractProblemLoader Environment load took 491.83ns 
59364      INFO  main            d.u.i.k.p.i.AbstractProblemLoader Creating init config 
62476      DEBUG main            d.u.i.k.p.i.AbstractProblemLoader Init config took 3.11s 
62545      INFO  main            d.u.i.k.p.i.AbstractProblemLoader Replaying proof SparseArray[SparseArray::get(int)].JML accessible clause.0 
62922      DEBUG main            d.u.i.k.p.i.IntermediateProofReplayer Proof replay took 363.36ms 
62923      DEBUG main            d.u.i.k.p.r.p.TestFile    ... success: reloaded. 
62925      INFO  main            d.u.i.k.p.r.p.TestFile    Now processing file /home/runner/work/key/key/key.core/../key.ui/examples/heap/vacid0_01_SparseArray/SparseArray_get.key 
62925      INFO  main            d.u.i.k.p.i.AbstractProblemLoader Loading environment from /home/runner/work/key/key/key.core/../key.ui/examples/heap/vacid0_01_SparseArray/SparseArray_get.key 
62926      DEBUG main            d.u.i.k.p.i.AbstractProblemLoader Environment load took 268.42ns 
62927      INFO  main            d.u.i.k.p.i.AbstractProblemLoader Creating init config 
66066      DEBUG main            d.u.i.k.p.i.AbstractProblemLoader Init config took 3.14s 
66134      INFO  main            d.u.i.k.p.i.AbstractProblemLoader Replaying proof SparseArray[SparseArray::get(int)].JML normal_behavior operation contract.0 
66137      DEBUG main            d.u.i.k.p.i.IntermediateProofReplayer Proof replay took 7.1ns 
68646      INFO  main            d.u.i.k.p.r.p.TestFile    ... finished proof: closed. 
68921      INFO  main            d.u.i.k.p.i.AbstractProblemLoader Loading environment from /home/runner/work/key/key/key.core/../key.ui/examples/heap/vacid0_01_SparseArray/SparseArray_get.key.proof 
68921      DEBUG main            d.u.i.k.p.i.AbstractProblemLoader Environment load took 156.41ns 
68922      INFO  main            d.u.i.k.p.i.AbstractProblemLoader Creating init config 
72030      DEBUG main            d.u.i.k.p.i.AbstractProblemLoader Init config took 3.11s 
72098      INFO  main            d.u.i.k.p.i.AbstractProblemLoader Replaying proof SparseArray[SparseArray::get(int)].JML normal_behavior operation contract.0 
72450      DEBUG main            d.u.i.k.p.i.IntermediateProofReplayer Proof replay took 340.27ms 
72451      DEBUG main            d.u.i.k.p.r.p.TestFile    ... success: reloaded. 
72453      INFO  main            d.u.i.k.p.r.p.TestFile    Now processing file /home/runner/work/key/key/key.core/../key.ui/examples/heap/vacid0_01_SparseArray/SparseArray_inv.key 
72453      INFO  main            d.u.i.k.p.i.AbstractProblemLoader Loading environment from /home/runner/work/key/key/key.core/../key.ui/examples/heap/vacid0_01_SparseArray/SparseArray_inv.key 
72454      DEBUG main            d.u.i.k.p.i.AbstractProblemLoader Environment load took 286.52ns 
72455      INFO  main            d.u.i.k.p.i.AbstractProblemLoader Creating init config 
75626      DEBUG main            d.u.i.k.p.i.AbstractProblemLoader Init config took 3.17s 
75696      INFO  main            d.u.i.k.p.i.AbstractProblemLoader Replaying proof SparseArray[java.lang.Object::<inv>()].JML accessible clause.0 
75698      DEBUG main            d.u.i.k.p.i.IntermediateProofReplayer Proof replay took 7.7ns 
77908      INFO  main            d.u.i.k.p.r.p.TestFile    ... finished proof: closed. 
78131      INFO  main            d.u.i.k.p.i.AbstractProblemLoader Loading environment from /home/runner/work/key/key/key.core/../key.ui/examples/heap/vacid0_01_SparseArray/SparseArray_inv.key.proof 
78132      DEBUG main            d.u.i.k.p.i.AbstractProblemLoader Environment load took 589.34ns 
78133      INFO  main            d.u.i.k.p.i.AbstractProblemLoader Creating init config 
81312      DEBUG main            d.u.i.k.p.i.AbstractProblemLoader Init config took 3.18s 
81376      INFO  main            d.u.i.k.p.i.AbstractProblemLoader Replaying proof SparseArray[java.lang.Object::<inv>()].JML accessible clause.0 
81530      DEBUG main            d.u.i.k.p.i.IntermediateProofReplayer Proof replay took 147.6ms 
81532      DEBUG main            d.u.i.k.p.r.p.TestFile    ... success: reloaded. 
81533      INFO  main            d.u.i.k.p.r.p.TestFile    Now processing file /home/runner/work/key/key/key.core/../key.ui/examples/heap/vacid0_01_SparseArray/SparseArray_SparseArray.key 
81533      INFO  main            d.u.i.k.p.i.AbstractProblemLoader Loading environment from /home/runner/work/key/key/key.core/../key.ui/examples/heap/vacid0_01_SparseArray/SparseArray_SparseArray.key 
81534      DEBUG main            d.u.i.k.p.i.AbstractProblemLoader Environment load took 226.61ns 
81535      INFO  main            d.u.i.k.p.i.AbstractProblemLoader Creating init config 
84609      DEBUG main            d.u.i.k.p.i.AbstractProblemLoader Init config took 3.07s 
84705      INFO  main            d.u.i.k.p.i.AbstractProblemLoader Replaying proof SparseArray[SparseArray::SparseArray(int)].JML normal_behavior operation contract.0 
84707      DEBUG main            d.u.i.k.p.i.IntermediateProofReplayer Proof replay took 7.8ns 
88919      INFO  main            d.u.i.k.p.r.p.TestFile    ... finished proof: closed. 
89203      INFO  main            d.u.i.k.p.i.AbstractProblemLoader Loading environment from /home/runner/work/key/key/key.core/../key.ui/examples/heap/vacid0_01_SparseArray/SparseArray_SparseArray.key.proof 
89203      DEBUG main            d.u.i.k.p.i.AbstractProblemLoader Environment load took 591.14ns 
89205      INFO  main            d.u.i.k.p.i.AbstractProblemLoader Creating init config 
92447      DEBUG main            d.u.i.k.p.i.AbstractProblemLoader Init config took 3.24s 
92513      INFO  main            d.u.i.k.p.i.AbstractProblemLoader Replaying proof SparseArray[SparseArray::SparseArray(int)].JML normal_behavior operation contract.0 
93127      DEBUG main            d.u.i.k.p.i.IntermediateProofReplayer Proof replay took 602.2ms 
93129      DEBUG main            d.u.i.k.p.r.p.TestFile    ... success: reloaded. 
2619203    INFO  Test worker     d.u.i.k.p.r.RunAllProofsTestUnit Returning from test VACID0 
2619205    INFO  Test worker     d.u.i.k.p.r.RunAllProofsTestUnit Running test VSTTE10 
401        INFO  Timeout watchdog d.u.i.k.p.r.p.ForkedTestFileRunner Timeout watcher launched (2000 secs.) 
417        WARN  main            d.u.i.k.s.ProofSettings   The settings in /home/runner/.key/proof-settings.props are *not* read. 
456        INFO  main            d.u.i.k.p.r.p.TestFile    Now processing file /home/runner/work/key/key/key.core/../key.ui/examples/heap/vstte10_01_SumAndMax/SumAndMax_sumAndMax.key 
597        INFO  main            d.u.i.k.p.i.AbstractProblemLoader Loading environment from /home/runner/work/key/key/key.core/../key.ui/examples/heap/vstte10_01_SumAndMax/SumAndMax_sumAndMax.key 
622        DEBUG main            d.u.i.k.p.i.AbstractProblemLoader Environment load took 2.49ms 
899        INFO  main            d.u.i.k.p.i.AbstractProblemLoader Creating init config 
1989       DEBUG main            d.u.i.k.j.TypeConverter   No LDT found for Meta 
1989       DEBUG main            d.u.i.k.j.TypeConverter   No LDT found for Meta 
1991       DEBUG main            d.u.i.k.j.TypeConverter   No LDT found for Meta 
1991       DEBUG main            d.u.i.k.j.TypeConverter   No LDT found for Meta 
3636       DEBUG main            d.u.i.k.j.TypeConverter   No LDT found for JavaBigintExpression 
9796       DEBUG main            d.u.i.k.p.i.AbstractProblemLoader Init config took 8.9s 
9974       INFO  main            d.u.i.k.p.i.AbstractProblemLoader Replaying proof SumAndMax[SumAndMax::sumAndMax([I)].JML normal_behavior operation contract.0 
10018      DEBUG main            d.u.i.k.p.i.IntermediateProofReplayer Proof replay took 39.8ns 
16418      INFO  main            d.u.i.k.p.r.p.TestFile    ... finished proof: closed. 
16699      INFO  main            d.u.i.k.p.i.AbstractProblemLoader Loading environment from /home/runner/work/key/key/key.core/../key.ui/examples/heap/vstte10_01_SumAndMax/SumAndMax_sumAndMax.key.proof 
16699      DEBUG main            d.u.i.k.p.i.AbstractProblemLoader Environment load took 175.71ns 
16705      INFO  main            d.u.i.k.p.i.AbstractProblemLoader Creating init config 
20183      DEBUG main            d.u.i.k.p.i.AbstractProblemLoader Init config took 3.48s 
20253      INFO  main            d.u.i.k.p.i.AbstractProblemLoader Replaying proof SumAndMax[SumAndMax::sumAndMax([I)].JML normal_behavior operation contract.0 
21141      DEBUG main            d.u.i.k.p.i.IntermediateProofReplayer Proof replay took 866.04ms 
21151      DEBUG main            d.u.i.k.p.r.p.TestFile    ... success: reloaded. 
21153      INFO  main            d.u.i.k.p.r.p.TestFile    Now processing file /home/runner/work/key/key/key.core/../key.ui/examples/heap/vstte10_03_LinkedList/Node_cons.key 
21153      INFO  main            d.u.i.k.p.i.AbstractProblemLoader Loading environment from /home/runner/work/key/key/key.core/../key.ui/examples/heap/vstte10_03_LinkedList/Node_cons.key 
21154      DEBUG main            d.u.i.k.p.i.AbstractProblemLoader Environment load took 296.72ns 
21155      INFO  main            d.u.i.k.p.i.AbstractProblemLoader Creating init config 
24627      DEBUG main            d.u.i.k.p.i.AbstractProblemLoader Init config took 3.47s 
24699      INFO  main            d.u.i.k.p.i.AbstractProblemLoader Replaying proof Node[Node::cons(int,Node)].JML normal_behavior operation contract.0 
24702      DEBUG main            d.u.i.k.p.i.IntermediateProofReplayer Proof replay took 7.4ns 
26627      INFO  main            d.u.i.k.p.r.p.TestFile    ... finished proof: closed. 
26835      INFO  main            d.u.i.k.p.i.AbstractProblemLoader Loading environment from /home/runner/work/key/key/key.core/../key.ui/examples/heap/vstte10_03_LinkedList/Node_cons.key.proof 
26836      DEBUG main            d.u.i.k.p.i.AbstractProblemLoader Environment load took 1.16ms 
26838      INFO  main            d.u.i.k.p.i.AbstractProblemLoader Creating init config 
30100      DEBUG main            d.u.i.k.p.i.AbstractProblemLoader Init config took 3.26s 
30168      INFO  main            d.u.i.k.p.i.AbstractProblemLoader Replaying proof Node[Node::cons(int,Node)].JML normal_behavior operation contract.0 
30510      DEBUG main            d.u.i.k.p.i.IntermediateProofReplayer Proof replay took 330.98ms 
30512      DEBUG main            d.u.i.k.p.r.p.TestFile    ... success: reloaded. 
30514      INFO  main            d.u.i.k.p.r.p.TestFile    Now processing file /home/runner/work/key/key/key.core/../key.ui/examples/heap/vstte10_03_LinkedList/Node_inv.key 
30514      INFO  main            d.u.i.k.p.i.AbstractProblemLoader Loading environment from /home/runner/work/key/key/key.core/../key.ui/examples/heap/vstte10_03_LinkedList/Node_inv.key 
30515      DEBUG main            d.u.i.k.p.i.AbstractProblemLoader Environment load took 278.52ns 
30516      INFO  main            d.u.i.k.p.i.AbstractProblemLoader Creating init config 
33837      DEBUG main            d.u.i.k.p.i.AbstractProblemLoader Init config took 3.32s 
33934      INFO  main            d.u.i.k.p.i.AbstractProblemLoader Replaying proof Node[java.lang.Object::<inv>()].JML accessible clause.0 
33938      DEBUG main            d.u.i.k.p.i.IntermediateProofReplayer Proof replay took 6.7ns 
34442      INFO  main            d.u.i.k.p.r.p.TestFile    ... finished proof: closed. 
34608      INFO  main            d.u.i.k.p.i.AbstractProblemLoader Loading environment from /home/runner/work/key/key/key.core/../key.ui/examples/heap/vstte10_03_LinkedList/Node_inv.key.proof 
34608      DEBUG main            d.u.i.k.p.i.AbstractProblemLoader Environment load took 582.54ns 
34610      INFO  main            d.u.i.k.p.i.AbstractProblemLoader Creating init config 
37897      DEBUG main            d.u.i.k.p.i.AbstractProblemLoader Init config took 3.29s 
37971      INFO  main            d.u.i.k.p.i.AbstractProblemLoader Replaying proof Node[java.lang.Object::<inv>()].JML accessible clause.0 
38021      DEBUG main            d.u.i.k.p.i.IntermediateProofReplayer Proof replay took 46.75ms 
38023      DEBUG main            d.u.i.k.p.r.p.TestFile    ... success: reloaded. 
38025      INFO  main            d.u.i.k.p.r.p.TestFile    Now processing file /home/runner/work/key/key/key.core/../key.ui/examples/heap/vstte10_03_LinkedList/Node_search.key 
38025      INFO  main            d.u.i.k.p.i.AbstractProblemLoader Loading environment from /home/runner/work/key/key/key.core/../key.ui/examples/heap/vstte10_03_LinkedList/Node_search.key 
38025      DEBUG main            d.u.i.k.p.i.AbstractProblemLoader Environment load took 290.92ns 
38029      INFO  main            d.u.i.k.p.i.AbstractProblemLoader Creating init config 
41367      DEBUG main            d.u.i.k.p.i.AbstractProblemLoader Init config took 3.34s 
41436      INFO  main            d.u.i.k.p.i.AbstractProblemLoader Replaying proof Node[Node::search()].JML normal_behavior operation contract.0 
41438      DEBUG main            d.u.i.k.p.i.IntermediateProofReplayer Proof replay took 7.8ns 
49130      INFO  main            d.u.i.k.p.r.p.TestFile    ... finished proof: closed. 
49425      INFO  main            d.u.i.k.p.i.AbstractProblemLoader Loading environment from /home/runner/work/key/key/key.core/../key.ui/examples/heap/vstte10_03_LinkedList/Node_search.key.proof 
49426      DEBUG main            d.u.i.k.p.i.AbstractProblemLoader Environment load took 500.53ns 
49430      INFO  main            d.u.i.k.p.i.AbstractProblemLoader Creating init config 
52701      DEBUG main            d.u.i.k.p.i.AbstractProblemLoader Init config took 3.27s 
52788      INFO  main            d.u.i.k.p.i.AbstractProblemLoader Replaying proof Node[Node::search()].JML normal_behavior operation contract.0 
53670      DEBUG main            d.u.i.k.p.i.IntermediateProofReplayer Proof replay took 829.53ms 
53673      DEBUG main            d.u.i.k.p.r.p.TestFile    ... success: reloaded. 
53675      INFO  main            d.u.i.k.p.r.p.TestFile    Now processing file /home/runner/work/key/key/key.core/../key.ui/examples/heap/vstte10_04_Queens/Queens_isConsistent.key 
53675      INFO  main            d.u.i.k.p.i.AbstractProblemLoader Loading environment from /home/runner/work/key/key/key.core/../key.ui/examples/heap/vstte10_04_Queens/Queens_isConsistent.key 
53676      DEBUG main            d.u.i.k.p.i.AbstractProblemLoader Environment load took 251.02ns 
53677      INFO  main            d.u.i.k.p.i.AbstractProblemLoader Creating init config 
57284      DEBUG main            d.u.i.k.p.i.AbstractProblemLoader Init config took 3.61s 
57334      INFO  main            d.u.i.k.p.i.AbstractProblemLoader Replaying proof Queens[Queens::isConsistent([I,int)].JML normal_behavior operation contract.0 
57336      DEBUG main            d.u.i.k.p.i.IntermediateProofReplayer Proof replay took 7ns 
59489      INFO  main            d.u.i.k.p.r.p.TestFile    ... finished proof: closed. 
59772      INFO  main            d.u.i.k.p.i.AbstractProblemLoader Loading environment from /home/runner/work/key/key/key.core/../key.ui/examples/heap/vstte10_04_Queens/Queens_isConsistent.key.proof 
59772      DEBUG main            d.u.i.k.p.i.AbstractProblemLoader Environment load took 526.23ns 
59774      INFO  main            d.u.i.k.p.i.AbstractProblemLoader Creating init config 
62947      DEBUG main            d.u.i.k.p.i.AbstractProblemLoader Init config took 3.17s 
63006      INFO  main            d.u.i.k.p.i.AbstractProblemLoader Replaying proof Queens[Queens::isConsistent([I,int)].JML normal_behavior operation contract.0 
63482      DEBUG main            d.u.i.k.p.i.IntermediateProofReplayer Proof replay took 466.27ms 
63484      DEBUG main            d.u.i.k.p.r.p.TestFile    ... success: reloaded. 
63485      INFO  main            d.u.i.k.p.r.p.TestFile    Now processing file /home/runner/work/key/key/key.core/../key.ui/examples/heap/vstte10_04_Queens/Queens_nQueens.key 
63486      INFO  main            d.u.i.k.p.i.AbstractProblemLoader Loading environment from /home/runner/work/key/key/key.core/../key.ui/examples/heap/vstte10_04_Queens/Queens_nQueens.key 
63486      DEBUG main            d.u.i.k.p.i.AbstractProblemLoader Environment load took 267.92ns 
63487      INFO  main            d.u.i.k.p.i.AbstractProblemLoader Creating init config 
66753      DEBUG main            d.u.i.k.p.i.AbstractProblemLoader Init config took 3.27s 
66803      INFO  main            d.u.i.k.p.i.AbstractProblemLoader Replaying proof Queens[Queens::nQueens(int)].JML normal_behavior operation contract.0 
66805      DEBUG main            d.u.i.k.p.i.IntermediateProofReplayer Proof replay took 6.5ns 
81433      INFO  main            d.u.i.k.p.r.p.TestFile    ... finished proof: closed. 
81729      INFO  main            d.u.i.k.p.i.AbstractProblemLoader Loading environment from /home/runner/work/key/key/key.core/../key.ui/examples/heap/vstte10_04_Queens/Queens_nQueens.key.proof 
81729      DEBUG main            d.u.i.k.p.i.AbstractProblemLoader Environment load took 239.51ns 
81731      INFO  main            d.u.i.k.p.i.AbstractProblemLoader Creating init config 
84915      DEBUG main            d.u.i.k.p.i.AbstractProblemLoader Init config took 3.18s 
84965      INFO  main            d.u.i.k.p.i.AbstractProblemLoader Replaying proof Queens[Queens::nQueens(int)].JML normal_behavior operation contract.0 
86210      DEBUG main            d.u.i.k.p.i.IntermediateProofReplayer Proof replay took 1.23s 
86212      DEBUG main            d.u.i.k.p.r.p.TestFile    ... success: reloaded. 
86213      INFO  main            d.u.i.k.p.r.p.TestFile    Now processing file /home/runner/work/key/key/key.core/../key.ui/examples/heap/vstte10_05_Queue/AmortizedQueue_AmortizedQueue.key 
86214      INFO  main            d.u.i.k.p.i.AbstractProblemLoader Loading environment from /home/runner/work/key/key/key.core/../key.ui/examples/heap/vstte10_05_Queue/AmortizedQueue_AmortizedQueue.key 
86214      DEBUG main            d.u.i.k.p.i.AbstractProblemLoader Environment load took 106.41ns 
86215      INFO  main            d.u.i.k.p.i.AbstractProblemLoader Creating init config 
89657      DEBUG main            d.u.i.k.p.i.AbstractProblemLoader Init config took 3.44s 
89712      INFO  main            d.u.i.k.p.i.AbstractProblemLoader Replaying proof AmortizedQueue[AmortizedQueue::AmortizedQueue()].JML normal_behavior operation contract.0 
89714      DEBUG main            d.u.i.k.p.i.IntermediateProofReplayer Proof replay took 7.5ns 
91352      INFO  main            d.u.i.k.p.r.p.TestFile    ... finished proof: closed. 
91705      INFO  main            d.u.i.k.p.i.AbstractProblemLoader Loading environment from /home/runner/work/key/key/key.core/../key.ui/examples/heap/vstte10_05_Queue/AmortizedQueue_AmortizedQueue.key.proof 
91705      DEBUG main            d.u.i.k.p.i.AbstractProblemLoader Environment load took 148.81ns 
91706      INFO  main            d.u.i.k.p.i.AbstractProblemLoader Creating init config 
94866      DEBUG main            d.u.i.k.p.i.AbstractProblemLoader Init config took 3.16s 
94936      INFO  main            d.u.i.k.p.i.AbstractProblemLoader Replaying proof AmortizedQueue[AmortizedQueue::AmortizedQueue()].JML normal_behavior operation contract.0 
95239      DEBUG main            d.u.i.k.p.i.IntermediateProofReplayer Proof replay took 293.76ms 
95240      DEBUG main            d.u.i.k.p.r.p.TestFile    ... success: reloaded. 
95242      INFO  main            d.u.i.k.p.r.p.TestFile    Now processing file /home/runner/work/key/key/key.core/../key.ui/examples/heap/vstte10_05_Queue/AmortizedQueue_front.key 
95242      INFO  main            d.u.i.k.p.i.AbstractProblemLoader Loading environment from /home/runner/work/key/key/key.core/../key.ui/examples/heap/vstte10_05_Queue/AmortizedQueue_front.key 
95242      DEBUG main            d.u.i.k.p.i.AbstractProblemLoader Environment load took 246.32ns 
95244      INFO  main            d.u.i.k.p.i.AbstractProblemLoader Creating init config 
98436      DEBUG main            d.u.i.k.p.i.AbstractProblemLoader Init config took 3.19s 
98493      INFO  main            d.u.i.k.p.i.AbstractProblemLoader Replaying proof AmortizedQueue[AmortizedQueue::front()].JML normal_behavior operation contract.0 
98496      DEBUG main            d.u.i.k.p.i.IntermediateProofReplayer Proof replay took 7.1ns 
99000      INFO  main            d.u.i.k.p.r.p.TestFile    ... finished proof: closed. 
99253      INFO  main            d.u.i.k.p.i.AbstractProblemLoader Loading environment from /home/runner/work/key/key/key.core/../key.ui/examples/heap/vstte10_05_Queue/AmortizedQueue_front.key.proof 
99254      DEBUG main            d.u.i.k.p.i.AbstractProblemLoader Environment load took 496.53ns 
99255      INFO  main            d.u.i.k.p.i.AbstractProblemLoader Creating init config 
102443     DEBUG main            d.u.i.k.p.i.AbstractProblemLoader Init config took 3.19s 
102519     INFO  main            d.u.i.k.p.i.AbstractProblemLoader Replaying proof AmortizedQueue[AmortizedQueue::front()].JML normal_behavior operation contract.0 
102586     DEBUG main            d.u.i.k.p.i.IntermediateProofReplayer Proof replay took 63.11ms 
102587     DEBUG main            d.u.i.k.p.r.p.TestFile    ... success: reloaded. 
102589     INFO  main            d.u.i.k.p.r.p.TestFile    Now processing file /home/runner/work/key/key/key.core/../key.ui/examples/heap/vstte10_05_Queue/LinkedList_concat.key 
102591     INFO  main            d.u.i.k.p.i.AbstractProblemLoader Loading environment from /home/runner/work/key/key/key.core/../key.ui/examples/heap/vstte10_05_Queue/LinkedList_concat.key 
102591     DEBUG main            d.u.i.k.p.i.AbstractProblemLoader Environment load took 164.31ns 
102593     INFO  main            d.u.i.k.p.i.AbstractProblemLoader Creating init config 
105929     DEBUG main            d.u.i.k.p.i.AbstractProblemLoader Init config took 3.34s 
106008     INFO  main            d.u.i.k.p.i.AbstractProblemLoader Replaying proof LinkedList[LinkedList::concat(LinkedList)].JML normal_behavior operation contract.0 
106010     DEBUG main            d.u.i.k.p.i.IntermediateProofReplayer Proof replay took 6.7ns 
116305     INFO  main            d.u.i.k.p.r.p.TestFile    ... finished proof: closed. 
116640     INFO  main            d.u.i.k.p.i.AbstractProblemLoader Loading environment from /home/runner/work/key/key/key.core/../key.ui/examples/heap/vstte10_05_Queue/LinkedList_concat.key.proof 
116641     DEBUG main            d.u.i.k.p.i.AbstractProblemLoader Environment load took 496.93ns 
116644     INFO  main            d.u.i.k.p.i.AbstractProblemLoader Creating init config 
119851     DEBUG main            d.u.i.k.p.i.AbstractProblemLoader Init config took 3.21s 
119905     INFO  main            d.u.i.k.p.i.AbstractProblemLoader Replaying proof LinkedList[LinkedList::concat(LinkedList)].JML normal_behavior operation contract.0 
120858     DEBUG main            d.u.i.k.p.i.IntermediateProofReplayer Proof replay took 920.01ms 
120861     DEBUG main            d.u.i.k.p.r.p.TestFile    ... success: reloaded. 
120862     INFO  main            d.u.i.k.p.r.p.TestFile    Now processing file /home/runner/work/key/key/key.core/../key.ui/examples/heap/vstte10_05_Queue/LinkedList_cons.key 
120863     INFO  main            d.u.i.k.p.i.AbstractProblemLoader Loading environment from /home/runner/work/key/key/key.core/../key.ui/examples/heap/vstte10_05_Queue/LinkedList_cons.key 
120863     DEBUG main            d.u.i.k.p.i.AbstractProblemLoader Environment load took 245.62ns 
120866     INFO  main            d.u.i.k.p.i.AbstractProblemLoader Creating init config 
124024     DEBUG main            d.u.i.k.p.i.AbstractProblemLoader Init config took 3.16s 
124078     INFO  main            d.u.i.k.p.i.AbstractProblemLoader Replaying proof LinkedList[LinkedList::cons(int)].JML normal_behavior operation contract.0 
124080     DEBUG main            d.u.i.k.p.i.IntermediateProofReplayer Proof replay took 6.8ns 
126898     INFO  main            d.u.i.k.p.r.p.TestFile    ... finished proof: closed. 
127210     INFO  main            d.u.i.k.p.i.AbstractProblemLoader Loading environment from /home/runner/work/key/key/key.core/../key.ui/examples/heap/vstte10_05_Queue/LinkedList_cons.key.proof 
127211     DEBUG main            d.u.i.k.p.i.AbstractProblemLoader Environment load took 473.33ns 
127212     INFO  main            d.u.i.k.p.i.AbstractProblemLoader Creating init config 
130369     DEBUG main            d.u.i.k.p.i.AbstractProblemLoader Init config took 3.16s 
130430     INFO  main            d.u.i.k.p.i.AbstractProblemLoader Replaying proof LinkedList[LinkedList::cons(int)].JML normal_behavior operation contract.0 
130772     DEBUG main            d.u.i.k.p.i.IntermediateProofReplayer Proof replay took 332.51ms 
130774     DEBUG main            d.u.i.k.p.r.p.TestFile    ... success: reloaded. 
130775     INFO  main            d.u.i.k.p.r.p.TestFile    Now processing file /home/runner/work/key/key/key.core/../key.ui/examples/heap/vstte10_05_Queue/LinkedList_head.key 
130775     INFO  main            d.u.i.k.p.i.AbstractProblemLoader Loading environment from /home/runner/work/key/key/key.core/../key.ui/examples/heap/vstte10_05_Queue/LinkedList_head.key 
130775     DEBUG main            d.u.i.k.p.i.AbstractProblemLoader Environment load took 100.51ns 
130776     INFO  main            d.u.i.k.p.i.AbstractProblemLoader Creating init config 
134077     DEBUG main            d.u.i.k.p.i.AbstractProblemLoader Init config took 3.3s 
134168     INFO  main            d.u.i.k.p.i.AbstractProblemLoader Replaying proof LinkedList[LinkedList::head()].JML normal_behavior operation contract.0 
134170     DEBUG main            d.u.i.k.p.i.IntermediateProofReplayer Proof replay took 6.2ns 
134272     INFO  main            d.u.i.k.p.r.p.TestFile    ... finished proof: closed. 
134521     INFO  main            d.u.i.k.p.i.AbstractProblemLoader Loading environment from /home/runner/work/key/key/key.core/../key.ui/examples/heap/vstte10_05_Queue/LinkedList_head.key.proof 
134521     DEBUG main            d.u.i.k.p.i.AbstractProblemLoader Environment load took 173.51ns 
134523     INFO  main            d.u.i.k.p.i.AbstractProblemLoader Creating init config 
137797     DEBUG main            d.u.i.k.p.i.AbstractProblemLoader Init config took 3.27s 
137850     INFO  main            d.u.i.k.p.i.AbstractProblemLoader Replaying proof LinkedList[LinkedList::head()].JML normal_behavior operation contract.0 
137868     DEBUG main            d.u.i.k.p.i.IntermediateProofReplayer Proof replay took 15.72ms 
137869     DEBUG main            d.u.i.k.p.r.p.TestFile    ... success: reloaded. 
137871     INFO  main            d.u.i.k.p.r.p.TestFile    Now processing file /home/runner/work/key/key/key.core/../key.ui/examples/heap/vstte10_05_Queue/LinkedList_inv.key 
137871     INFO  main            d.u.i.k.p.i.AbstractProblemLoader Loading environment from /home/runner/work/key/key/key.core/../key.ui/examples/heap/vstte10_05_Queue/LinkedList_inv.key 
137872     DEBUG main            d.u.i.k.p.i.AbstractProblemLoader Environment load took 229.41ns 
137873     INFO  main            d.u.i.k.p.i.AbstractProblemLoader Creating init config 
141152     DEBUG main            d.u.i.k.p.i.AbstractProblemLoader Init config took 3.28s 
141204     INFO  main            d.u.i.k.p.i.AbstractProblemLoader Replaying proof LinkedList[java.lang.Object::<inv>()].JML accessible clause.0 
141205     DEBUG main            d.u.i.k.p.i.IntermediateProofReplayer Proof replay took 6.6ns 
141509     INFO  main            d.u.i.k.p.r.p.TestFile    ... finished proof: closed. 
141749     INFO  main            d.u.i.k.p.i.AbstractProblemLoader Loading environment from /home/runner/work/key/key/key.core/../key.ui/examples/heap/vstte10_05_Queue/LinkedList_inv.key.proof 
141750     DEBUG main            d.u.i.k.p.i.AbstractProblemLoader Environment load took 151.41ns 
141751     INFO  main            d.u.i.k.p.i.AbstractProblemLoader Creating init config 
144857     DEBUG main            d.u.i.k.p.i.AbstractProblemLoader Init config took 3.11s 
144919     INFO  main            d.u.i.k.p.i.AbstractProblemLoader Replaying proof LinkedList[java.lang.Object::<inv>()].JML accessible clause.0 
144960     DEBUG main            d.u.i.k.p.i.IntermediateProofReplayer Proof replay took 37.02ms 
144961     DEBUG main            d.u.i.k.p.r.p.TestFile    ... success: reloaded. 
144962     INFO  main            d.u.i.k.p.r.p.TestFile    Now processing file /home/runner/work/key/key/key.core/../key.ui/examples/heap/vstte10_05_Queue/LinkedList_length.key 
144963     INFO  main            d.u.i.k.p.i.AbstractProblemLoader Loading environment from /home/runner/work/key/key/key.core/../key.ui/examples/heap/vstte10_05_Queue/LinkedList_length.key 
144963     DEBUG main            d.u.i.k.p.i.AbstractProblemLoader Environment load took 152.41ns 
144964     INFO  main            d.u.i.k.p.i.AbstractProblemLoader Creating init config 
148238     DEBUG main            d.u.i.k.p.i.AbstractProblemLoader Init config took 3.27s 
148290     INFO  main            d.u.i.k.p.i.AbstractProblemLoader Replaying proof LinkedList[LinkedList::length()].JML normal_behavior operation contract.0 
148291     DEBUG main            d.u.i.k.p.i.IntermediateProofReplayer Proof replay took 6.1ns 
148397     INFO  main            d.u.i.k.p.r.p.TestFile    ... finished proof: closed. 
148685     INFO  main            d.u.i.k.p.i.AbstractProblemLoader Loading environment from /home/runner/work/key/key/key.core/../key.ui/examples/heap/vstte10_05_Queue/LinkedList_length.key.proof 
148685     DEBUG main            d.u.i.k.p.i.AbstractProblemLoader Environment load took 128.31ns 
148686     INFO  main            d.u.i.k.p.i.AbstractProblemLoader Creating init config 
151801     DEBUG main            d.u.i.k.p.i.AbstractProblemLoader Init config took 3.11s 
151852     INFO  main            d.u.i.k.p.i.AbstractProblemLoader Replaying proof LinkedList[LinkedList::length()].JML normal_behavior operation contract.0 
151868     DEBUG main            d.u.i.k.p.i.IntermediateProofReplayer Proof replay took 14.75ms 
151869     DEBUG main            d.u.i.k.p.r.p.TestFile    ... success: reloaded. 
151870     INFO  main            d.u.i.k.p.r.p.TestFile    Now processing file /home/runner/work/key/key/key.core/../key.ui/examples/heap/vstte10_05_Queue/LinkedList_LinkedList1.key 
151870     INFO  main            d.u.i.k.p.i.AbstractProblemLoader Loading environment from /home/runner/work/key/key/key.core/../key.ui/examples/heap/vstte10_05_Queue/LinkedList_LinkedList1.key 
151871     DEBUG main            d.u.i.k.p.i.AbstractProblemLoader Environment load took 95.61ns 
151871     INFO  main            d.u.i.k.p.i.AbstractProblemLoader Creating init config 
155050     DEBUG main            d.u.i.k.p.i.AbstractProblemLoader Init config took 3.18s 
155104     INFO  main            d.u.i.k.p.i.AbstractProblemLoader Replaying proof LinkedList[LinkedList::LinkedList(int,LinkedList)].JML normal_behavior operation contract.0 
155105     DEBUG main            d.u.i.k.p.i.IntermediateProofReplayer Proof replay took 7.1ns 
157214     INFO  main            d.u.i.k.p.r.p.TestFile    ... finished proof: closed. 
157515     INFO  main            d.u.i.k.p.i.AbstractProblemLoader Loading environment from /home/runner/work/key/key/key.core/../key.ui/examples/heap/vstte10_05_Queue/LinkedList_LinkedList1.key.proof 
157516     DEBUG main            d.u.i.k.p.i.AbstractProblemLoader Environment load took 473.13ns 
157517     INFO  main            d.u.i.k.p.i.AbstractProblemLoader Creating init config 
160634     DEBUG main            d.u.i.k.p.i.AbstractProblemLoader Init config took 3.12s 
160697     INFO  main            d.u.i.k.p.i.AbstractProblemLoader Replaying proof LinkedList[LinkedList::LinkedList(int,LinkedList)].JML normal_behavior operation contract.0 
161001     DEBUG main            d.u.i.k.p.i.IntermediateProofReplayer Proof replay took 296.69ms 
161002     DEBUG main            d.u.i.k.p.r.p.TestFile    ... success: reloaded. 
161004     INFO  main            d.u.i.k.p.r.p.TestFile    Now processing file /home/runner/work/key/key/key.core/../key.ui/examples/heap/vstte10_05_Queue/LinkedList_LinkedList2.key 
161005     INFO  main            d.u.i.k.p.i.AbstractProblemLoader Loading environment from /home/runner/work/key/key/key.core/../key.ui/examples/heap/vstte10_05_Queue/LinkedList_LinkedList2.key 
161005     DEBUG main            d.u.i.k.p.i.AbstractProblemLoader Environment load took 100.31ns 
161006     INFO  main            d.u.i.k.p.i.AbstractProblemLoader Creating init config 
164179     DEBUG main            d.u.i.k.p.i.AbstractProblemLoader Init config took 3.17s 
164231     INFO  main            d.u.i.k.p.i.AbstractProblemLoader Replaying proof LinkedList[LinkedList::LinkedList(int,LinkedList)].JML normal_behavior operation contract.0 
164233     DEBUG main            d.u.i.k.p.i.IntermediateProofReplayer Proof replay took 6ns 
166346     INFO  main            d.u.i.k.p.r.p.TestFile    ... finished proof: closed. 
166643     INFO  main            d.u.i.k.p.i.AbstractProblemLoader Loading environment from /home/runner/work/key/key/key.core/../key.ui/examples/heap/vstte10_05_Queue/LinkedList_LinkedList2.key.proof 
166643     DEBUG main            d.u.i.k.p.i.AbstractProblemLoader Environment load took 528.03ns 
166645     INFO  main            d.u.i.k.p.i.AbstractProblemLoader Creating init config 
169756     DEBUG main            d.u.i.k.p.i.AbstractProblemLoader Init config took 3.11s 
169809     INFO  main            d.u.i.k.p.i.AbstractProblemLoader Replaying proof LinkedList[LinkedList::LinkedList(int,LinkedList)].JML normal_behavior operation contract.0 
170136     DEBUG main            d.u.i.k.p.i.IntermediateProofReplayer Proof replay took 316.89ms 
170137     DEBUG main            d.u.i.k.p.r.p.TestFile    ... success: reloaded. 
170139     INFO  main            d.u.i.k.p.r.p.TestFile    Now processing file /home/runner/work/key/key/key.core/../key.ui/examples/heap/vstte10_05_Queue/LinkedList_LinkedList3.key 
170139     INFO  main            d.u.i.k.p.i.AbstractProblemLoader Loading environment from /home/runner/work/key/key/key.core/../key.ui/examples/heap/vstte10_05_Queue/LinkedList_LinkedList3.key 
170139     DEBUG main            d.u.i.k.p.i.AbstractProblemLoader Environment load took 124.11ns 
170140     INFO  main            d.u.i.k.p.i.AbstractProblemLoader Creating init config 
173444     DEBUG main            d.u.i.k.p.i.AbstractProblemLoader Init config took 3.3s 
173495     INFO  main            d.u.i.k.p.i.AbstractProblemLoader Replaying proof LinkedList[LinkedList::LinkedList(int,LinkedList)].JML normal_behavior operation contract.0 
173497     DEBUG main            d.u.i.k.p.i.IntermediateProofReplayer Proof replay took 7.1ns 
188930     INFO  main            d.u.i.k.p.r.p.TestFile    ... finished proof: closed. 
189315     INFO  main            d.u.i.k.p.i.AbstractProblemLoader Loading environment from /home/runner/work/key/key/key.core/../key.ui/examples/heap/vstte10_05_Queue/LinkedList_LinkedList3.key.proof 
189316     DEBUG main            d.u.i.k.p.i.AbstractProblemLoader Environment load took 615.14ns 
189324     INFO  main            d.u.i.k.p.i.AbstractProblemLoader Creating init config 
192424     DEBUG main            d.u.i.k.p.i.AbstractProblemLoader Init config took 3.1s 
192477     INFO  main            d.u.i.k.p.i.AbstractProblemLoader Replaying proof LinkedList[LinkedList::LinkedList(int,LinkedList)].JML normal_behavior operation contract.0 
193960     DEBUG main            d.u.i.k.p.i.IntermediateProofReplayer Proof replay took 1.38s 
193967     DEBUG main            d.u.i.k.p.r.p.TestFile    ... success: reloaded. 
193968     INFO  main            d.u.i.k.p.r.p.TestFile    Now processing file /home/runner/work/key/key/key.core/../key.ui/examples/heap/vstte10_05_Queue/LinkedList_reverse.key 
193969     INFO  main            d.u.i.k.p.i.AbstractProblemLoader Loading environment from /home/runner/work/key/key/key.core/../key.ui/examples/heap/vstte10_05_Queue/LinkedList_reverse.key 
193969     DEBUG main            d.u.i.k.p.i.AbstractProblemLoader Environment load took 86.21ns 
193970     INFO  main            d.u.i.k.p.i.AbstractProblemLoader Creating init config 
197353     DEBUG main            d.u.i.k.p.i.AbstractProblemLoader Init config took 3.38s 
197406     INFO  main            d.u.i.k.p.i.AbstractProblemLoader Replaying proof LinkedList[LinkedList::reverse()].JML normal_behavior operation contract.0 
197408     DEBUG main            d.u.i.k.p.i.IntermediateProofReplayer Proof replay took 27.1ns 
208258     INFO  main            d.u.i.k.p.r.p.TestFile    ... finished proof: closed. 
208656     INFO  main            d.u.i.k.p.i.AbstractProblemLoader Loading environment from /home/runner/work/key/key/key.core/../key.ui/examples/heap/vstte10_05_Queue/LinkedList_reverse.key.proof 
208657     DEBUG main            d.u.i.k.p.i.AbstractProblemLoader Environment load took 836.95ns 
208661     INFO  main            d.u.i.k.p.i.AbstractProblemLoader Creating init config 
211809     DEBUG main            d.u.i.k.p.i.AbstractProblemLoader Init config took 3.15s 
211861     INFO  main            d.u.i.k.p.i.AbstractProblemLoader Replaying proof LinkedList[LinkedList::reverse()].JML normal_behavior operation contract.0 
212764     DEBUG main            d.u.i.k.p.i.IntermediateProofReplayer Proof replay took 870.34ms 
212767     DEBUG main            d.u.i.k.p.r.p.TestFile    ... success: reloaded. 
212768     INFO  main            d.u.i.k.p.r.p.TestFile    Now processing file /home/runner/work/key/key/key.core/../key.ui/examples/heap/vstte10_05_Queue/LinkedList_tail.key 
212769     INFO  main            d.u.i.k.p.i.AbstractProblemLoader Loading environment from /home/runner/work/key/key/key.core/../key.ui/examples/heap/vstte10_05_Queue/LinkedList_tail.key 
212769     DEBUG main            d.u.i.k.p.i.AbstractProblemLoader Environment load took 120.81ns 
212770     INFO  main            d.u.i.k.p.i.AbstractProblemLoader Creating init config 
215883     DEBUG main            d.u.i.k.p.i.AbstractProblemLoader Init config took 3.11s 
215933     INFO  main            d.u.i.k.p.i.AbstractProblemLoader Replaying proof LinkedList[LinkedList::tail()].JML normal_behavior operation contract.0 
215935     DEBUG main            d.u.i.k.p.i.IntermediateProofReplayer Proof replay took 42.1ns 
216539     INFO  main            d.u.i.k.p.r.p.TestFile    ... finished proof: closed. 
216853     INFO  main            d.u.i.k.p.i.AbstractProblemLoader Loading environment from /home/runner/work/key/key/key.core/../key.ui/examples/heap/vstte10_05_Queue/LinkedList_tail.key.proof 
216854     DEBUG main            d.u.i.k.p.i.AbstractProblemLoader Environment load took 499.93ns 
216855     INFO  main            d.u.i.k.p.i.AbstractProblemLoader Creating init config 
220001     DEBUG main            d.u.i.k.p.i.AbstractProblemLoader Init config took 3.15s 
220054     INFO  main            d.u.i.k.p.i.AbstractProblemLoader Replaying proof LinkedList[LinkedList::tail()].JML normal_behavior operation contract.0 
220173     DEBUG main            d.u.i.k.p.i.IntermediateProofReplayer Proof replay took 115.01ms 
220174     DEBUG main            d.u.i.k.p.r.p.TestFile    ... success: reloaded. 
2839590    INFO  Test worker     d.u.i.k.p.r.RunAllProofsTestUnit Returning from test VSTTE10 
2839592    INFO  Test worker     d.u.i.k.p.r.RunAllProofsTestUnit Running test WeideEtAl 
396        INFO  Timeout watchdog d.u.i.k.p.r.p.ForkedTestFileRunner Timeout watcher launched (2000 secs.) 
415        WARN  main            d.u.i.k.s.ProofSettings   The settings in /home/runner/.key/proof-settings.props are *not* read. 
447        INFO  main            d.u.i.k.p.r.p.TestFile    Now processing file /home/runner/work/key/key/key.core/../key.ui/examples/heap/WeideEtAl_01_AddAndMultiply/AddAndMultiply_add.key 
626        INFO  main            d.u.i.k.p.i.AbstractProblemLoader Loading environment from /home/runner/work/key/key/key.core/../key.ui/examples/heap/WeideEtAl_01_AddAndMultiply/AddAndMultiply_add.key 
649        DEBUG main            d.u.i.k.p.i.AbstractProblemLoader Environment load took 2.06ms 
936        INFO  main            d.u.i.k.p.i.AbstractProblemLoader Creating init config 
2059       DEBUG main            d.u.i.k.j.TypeConverter   No LDT found for Meta 
2060       DEBUG main            d.u.i.k.j.TypeConverter   No LDT found for Meta 
2061       DEBUG main            d.u.i.k.j.TypeConverter   No LDT found for Meta 
2062       DEBUG main            d.u.i.k.j.TypeConverter   No LDT found for Meta 
3654       DEBUG main            d.u.i.k.j.TypeConverter   No LDT found for JavaBigintExpression 
9602       DEBUG main            d.u.i.k.p.i.AbstractProblemLoader Init config took 8.67s 
9740       INFO  main            d.u.i.k.p.i.AbstractProblemLoader Replaying proof AddAndMultiply[AddAndMultiply::add(int,int)].JML normal_behavior operation contract.0 
9777       DEBUG main            d.u.i.k.p.i.IntermediateProofReplayer Proof replay took 38ns 
11623      INFO  main            d.u.i.k.p.r.p.TestFile    ... finished proof: closed. 
11852      INFO  main            d.u.i.k.p.i.AbstractProblemLoader Loading environment from /home/runner/work/key/key/key.core/../key.ui/examples/heap/WeideEtAl_01_AddAndMultiply/AddAndMultiply_add.key.proof 
11861      DEBUG main            d.u.i.k.p.i.AbstractProblemLoader Environment load took 9.46ms 
11864      INFO  main            d.u.i.k.p.i.AbstractProblemLoader Creating init config 
15115      DEBUG main            d.u.i.k.p.i.AbstractProblemLoader Init config took 3.25s 
15216      INFO  main            d.u.i.k.p.i.AbstractProblemLoader Replaying proof AddAndMultiply[AddAndMultiply::add(int,int)].JML normal_behavior operation contract.0 
15576      DEBUG main            d.u.i.k.p.i.IntermediateProofReplayer Proof replay took 337.1ms 
15586      DEBUG main            d.u.i.k.p.r.p.TestFile    ... success: reloaded. 
15588      INFO  main            d.u.i.k.p.r.p.TestFile    Now processing file /home/runner/work/key/key/key.core/../key.ui/examples/heap/WeideEtAl_01_AddAndMultiply/AddAndMultiply_mul.key 
15589      INFO  main            d.u.i.k.p.i.AbstractProblemLoader Loading environment from /home/runner/work/key/key/key.core/../key.ui/examples/heap/WeideEtAl_01_AddAndMultiply/AddAndMultiply_mul.key 
15589      DEBUG main            d.u.i.k.p.i.AbstractProblemLoader Environment load took 303.42ns 
15591      INFO  main            d.u.i.k.p.i.AbstractProblemLoader Creating init config 
18699      DEBUG main            d.u.i.k.p.i.AbstractProblemLoader Init config took 3.11s 
18761      INFO  main            d.u.i.k.p.i.AbstractProblemLoader Replaying proof AddAndMultiply[AddAndMultiply::mul(int,int)].JML normal_behavior operation contract.0 
18764      DEBUG main            d.u.i.k.p.i.IntermediateProofReplayer Proof replay took 7.2ns 
19374      INFO  main            d.u.i.k.p.r.p.TestFile    ... finished proof: closed. 
19569      INFO  main            d.u.i.k.p.i.AbstractProblemLoader Loading environment from /home/runner/work/key/key/key.core/../key.ui/examples/heap/WeideEtAl_01_AddAndMultiply/AddAndMultiply_mul.key.proof 
19571      DEBUG main            d.u.i.k.p.i.AbstractProblemLoader Environment load took 1.39ms 
19573      INFO  main            d.u.i.k.p.i.AbstractProblemLoader Creating init config 
22713      DEBUG main            d.u.i.k.p.i.AbstractProblemLoader Init config took 3.14s 
22772      INFO  main            d.u.i.k.p.i.AbstractProblemLoader Replaying proof AddAndMultiply[AddAndMultiply::mul(int,int)].JML normal_behavior operation contract.0 
22934      DEBUG main            d.u.i.k.p.i.IntermediateProofReplayer Proof replay took 154.73ms 
22936      DEBUG main            d.u.i.k.p.r.p.TestFile    ... success: reloaded. 
22939      INFO  main            d.u.i.k.p.r.p.TestFile    Now processing file /home/runner/work/key/key/key.core/../key.ui/examples/heap/WeideEtAl_02_BinarySearch/BinarySearch_search.key 
22939      INFO  main            d.u.i.k.p.i.AbstractProblemLoader Loading environment from /home/runner/work/key/key/key.core/../key.ui/examples/heap/WeideEtAl_02_BinarySearch/BinarySearch_search.key 
22939      DEBUG main            d.u.i.k.p.i.AbstractProblemLoader Environment load took 128.41ns 
22941      INFO  main            d.u.i.k.p.i.AbstractProblemLoader Creating init config 
26021      DEBUG main            d.u.i.k.p.i.AbstractProblemLoader Init config took 3.08s 
26075      INFO  main            d.u.i.k.p.i.AbstractProblemLoader Replaying proof BinarySearch[BinarySearch::search([I,int)].JML normal_behavior operation contract.0 
26079      DEBUG main            d.u.i.k.p.i.IntermediateProofReplayer Proof replay took 7.3ns 
30067      INFO  main            d.u.i.k.p.r.p.TestFile    ... finished proof: closed. 
30279      INFO  main            d.u.i.k.p.i.AbstractProblemLoader Loading environment from /home/runner/work/key/key/key.core/../key.ui/examples/heap/WeideEtAl_02_BinarySearch/BinarySearch_search.key.proof 
30280      DEBUG main            d.u.i.k.p.i.AbstractProblemLoader Environment load took 504.83ns 
30282      INFO  main            d.u.i.k.p.i.AbstractProblemLoader Creating init config 
33247      DEBUG main            d.u.i.k.p.i.AbstractProblemLoader Init config took 2.97s 
33309      INFO  main            d.u.i.k.p.i.AbstractProblemLoader Replaying proof BinarySearch[BinarySearch::search([I,int)].JML normal_behavior operation contract.0 
33923      DEBUG main            d.u.i.k.p.i.IntermediateProofReplayer Proof replay took 598.34ms 
33927      DEBUG main            d.u.i.k.p.r.p.TestFile    ... success: reloaded. 
2873736    INFO  Test worker     d.u.i.k.p.r.RunAllProofsTestUnit Returning from test WeideEtAl 
2873738    INFO  Test worker     d.u.i.k.p.r.RunAllProofsTestUnit Running test arithmetic 
414        INFO  Timeout watchdog d.u.i.k.p.r.p.ForkedTestFileRunner Timeout watcher launched (2000 secs.) 
431        WARN  main            d.u.i.k.s.ProofSettings   The settings in /home/runner/.key/proof-settings.props are *not* read. 
463        INFO  main            d.u.i.k.p.r.p.TestFile    Now processing file /home/runner/work/key/key/key.core/../key.ui/examples/standard_key/arith/binomial1.key 
595        INFO  main            d.u.i.k.p.i.AbstractProblemLoader Loading environment from /home/runner/work/key/key/key.core/../key.ui/examples/standard_key/arith/binomial1.key 
619        DEBUG main            d.u.i.k.p.i.AbstractProblemLoader Environment load took 2.66ms 
935        INFO  main            d.u.i.k.p.i.AbstractProblemLoader Creating init config 
2072       DEBUG main            d.u.i.k.j.TypeConverter   No LDT found for Meta 
2073       DEBUG main            d.u.i.k.j.TypeConverter   No LDT found for Meta 
2075       DEBUG main            d.u.i.k.j.TypeConverter   No LDT found for Meta 
2076       DEBUG main            d.u.i.k.j.TypeConverter   No LDT found for Meta 
3817       DEBUG main            d.u.i.k.j.TypeConverter   No LDT found for JavaBigintExpression 
9759       DEBUG main            d.u.i.k.p.i.AbstractProblemLoader Init config took 8.82s 
9855       INFO  main            d.u.i.k.p.i.AbstractProblemLoader Replaying proof binomial1.key 
9898       DEBUG main            d.u.i.k.p.i.IntermediateProofReplayer Proof replay took 77.31ns 
10176      INFO  main            d.u.i.k.p.r.p.TestFile    ... finished proof: closed. 
10304      INFO  main            d.u.i.k.p.i.AbstractProblemLoader Loading environment from /home/runner/work/key/key/key.core/../key.ui/examples/standard_key/arith/binomial1.key.proof 
10304      DEBUG main            d.u.i.k.p.i.AbstractProblemLoader Environment load took 168.81ns 
10309      INFO  main            d.u.i.k.p.i.AbstractProblemLoader Creating init config 
13729      DEBUG main            d.u.i.k.p.i.AbstractProblemLoader Init config took 3.42s 
13771      INFO  main            d.u.i.k.p.i.AbstractProblemLoader Replaying proof binomial1.key.proof 
13793      DEBUG main            d.u.i.k.p.i.IntermediateProofReplayer Proof replay took 16.37ms 
13805      DEBUG main            d.u.i.k.p.r.p.TestFile    ... success: reloaded. 
13806      INFO  main            d.u.i.k.p.r.p.TestFile    Now processing file /home/runner/work/key/key/key.core/../key.ui/examples/standard_key/arith/binomial2.key 
13807      INFO  main            d.u.i.k.p.i.AbstractProblemLoader Loading environment from /home/runner/work/key/key/key.core/../key.ui/examples/standard_key/arith/binomial2.key 
13807      DEBUG main            d.u.i.k.p.i.AbstractProblemLoader Environment load took 265.92ns 
13809      INFO  main            d.u.i.k.p.i.AbstractProblemLoader Creating init config 
16902      DEBUG main            d.u.i.k.p.i.AbstractProblemLoader Init config took 3.09s 
16931      INFO  main            d.u.i.k.p.i.AbstractProblemLoader Replaying proof binomial2.key 
16935      DEBUG main            d.u.i.k.p.i.IntermediateProofReplayer Proof replay took 7.3ns 
17039      INFO  main            d.u.i.k.p.r.p.TestFile    ... finished proof: closed. 
17184      INFO  main            d.u.i.k.p.i.AbstractProblemLoader Loading environment from /home/runner/work/key/key/key.core/../key.ui/examples/standard_key/arith/binomial2.key.proof 
17184      DEBUG main            d.u.i.k.p.i.AbstractProblemLoader Environment load took 144.11ns 
17188      INFO  main            d.u.i.k.p.i.AbstractProblemLoader Creating init config 
20299      DEBUG main            d.u.i.k.p.i.AbstractProblemLoader Init config took 3.11s 
20331      INFO  main            d.u.i.k.p.i.AbstractProblemLoader Replaying proof binomial2.key.proof 
20346      DEBUG main            d.u.i.k.p.i.IntermediateProofReplayer Proof replay took 12.18ms 
20347      DEBUG main            d.u.i.k.p.r.p.TestFile    ... success: reloaded. 
20349      INFO  main            d.u.i.k.p.r.p.TestFile    Now processing file /home/runner/work/key/key/key.core/../key.ui/examples/standard_key/arith/check_jdiv.key 
20349      INFO  main            d.u.i.k.p.i.AbstractProblemLoader Loading environment from /home/runner/work/key/key/key.core/../key.ui/examples/standard_key/arith/check_jdiv.key 
20349      DEBUG main            d.u.i.k.p.i.AbstractProblemLoader Environment load took 250.52ns 
20351      INFO  main            d.u.i.k.p.i.AbstractProblemLoader Creating init config 
23399      DEBUG main            d.u.i.k.p.i.AbstractProblemLoader Init config took 3.05s 
23423      INFO  main            d.u.i.k.p.i.AbstractProblemLoader Replaying proof check_jdiv.key 
23427      DEBUG main            d.u.i.k.p.i.IntermediateProofReplayer Proof replay took 8.1ns 
29088      INFO  main            d.u.i.k.p.r.p.TestFile    ... finished proof: closed. 
29340      INFO  main            d.u.i.k.p.i.AbstractProblemLoader Loading environment from /home/runner/work/key/key/key.core/../key.ui/examples/standard_key/arith/check_jdiv.key.proof 
29340      DEBUG main            d.u.i.k.p.i.AbstractProblemLoader Environment load took 393.32ns 
29349      INFO  main            d.u.i.k.p.i.AbstractProblemLoader Creating init config 
32357      DEBUG main            d.u.i.k.p.i.AbstractProblemLoader Init config took 3.01s 
32382      INFO  main            d.u.i.k.p.i.AbstractProblemLoader Replaying proof check_jdiv.key.proof 
32825      DEBUG main            d.u.i.k.p.i.IntermediateProofReplayer Proof replay took 406.57ms 
32827      DEBUG main            d.u.i.k.p.r.p.TestFile    ... success: reloaded. 
32829      INFO  main            d.u.i.k.p.r.p.TestFile    Now processing file /home/runner/work/key/key/key.core/../key.ui/examples/standard_key/arith/check_jdiv_concrete.key 
32830      INFO  main            d.u.i.k.p.i.AbstractProblemLoader Loading environment from /home/runner/work/key/key/key.core/../key.ui/examples/standard_key/arith/check_jdiv_concrete.key 
32830      DEBUG main            d.u.i.k.p.i.AbstractProblemLoader Environment load took 288.82ns 
32834      INFO  main            d.u.i.k.p.i.AbstractProblemLoader Creating init config 
35881      DEBUG main            d.u.i.k.p.i.AbstractProblemLoader Init config took 3.05s 
35904      INFO  main            d.u.i.k.p.i.AbstractProblemLoader Replaying proof check_jdiv_concrete.key 
35906      DEBUG main            d.u.i.k.p.i.IntermediateProofReplayer Proof replay took 6.7ns 
36012      INFO  main            d.u.i.k.p.r.p.TestFile    ... finished proof: closed. 
36241      INFO  main            d.u.i.k.p.i.AbstractProblemLoader Loading environment from /home/runner/work/key/key/key.core/../key.ui/examples/standard_key/arith/check_jdiv_concrete.key.proof 
36241      DEBUG main            d.u.i.k.p.i.AbstractProblemLoader Environment load took 153.11ns 
36243      INFO  main            d.u.i.k.p.i.AbstractProblemLoader Creating init config 
39309      DEBUG main            d.u.i.k.p.i.AbstractProblemLoader Init config took 3.07s 
39331      INFO  main            d.u.i.k.p.i.AbstractProblemLoader Replaying proof check_jdiv_concrete.key.proof 
39337      DEBUG main            d.u.i.k.p.i.IntermediateProofReplayer Proof replay took 4.03ms 
39338      DEBUG main            d.u.i.k.p.r.p.TestFile    ... success: reloaded. 
39340      INFO  main            d.u.i.k.p.r.p.TestFile    Now processing file /home/runner/work/key/key/key.core/../key.ui/examples/standard_key/arith/check_jdiv_instantiated.key 
39340      INFO  main            d.u.i.k.p.i.AbstractProblemLoader Loading environment from /home/runner/work/key/key/key.core/../key.ui/examples/standard_key/arith/check_jdiv_instantiated.key 
39340      DEBUG main            d.u.i.k.p.i.AbstractProblemLoader Environment load took 131.71ns 
39342      INFO  main            d.u.i.k.p.i.AbstractProblemLoader Creating init config 
42424      DEBUG main            d.u.i.k.p.i.AbstractProblemLoader Init config took 3.08s 
42446      INFO  main            d.u.i.k.p.i.AbstractProblemLoader Replaying proof check_jdiv_instantiated.key 
42448      DEBUG main            d.u.i.k.p.i.IntermediateProofReplayer Proof replay took 7.6ns 
46077      INFO  main            d.u.i.k.p.r.p.TestFile    ... finished proof: closed. 
46317      INFO  main            d.u.i.k.p.i.AbstractProblemLoader Loading environment from /home/runner/work/key/key/key.core/../key.ui/examples/standard_key/arith/check_jdiv_instantiated.key.proof 
46318      DEBUG main            d.u.i.k.p.i.AbstractProblemLoader Environment load took 523.53ns 
46321      INFO  main            d.u.i.k.p.i.AbstractProblemLoader Creating init config 
49384      DEBUG main            d.u.i.k.p.i.AbstractProblemLoader Init config took 3.06s 
49410      INFO  main            d.u.i.k.p.i.AbstractProblemLoader Replaying proof check_jdiv_instantiated.key.proof 
49663      DEBUG main            d.u.i.k.p.i.IntermediateProofReplayer Proof replay took 223.63ms 
49666      DEBUG main            d.u.i.k.p.r.p.TestFile    ... success: reloaded. 
49667      INFO  main            d.u.i.k.p.r.p.TestFile    Now processing file /home/runner/work/key/key/key.core/../key.ui/examples/standard_key/arith/check_jmod.key 
49668      INFO  main            d.u.i.k.p.i.AbstractProblemLoader Loading environment from /home/runner/work/key/key/key.core/../key.ui/examples/standard_key/arith/check_jmod.key 
49668      DEBUG main            d.u.i.k.p.i.AbstractProblemLoader Environment load took 314.12ns 
49670      INFO  main            d.u.i.k.p.i.AbstractProblemLoader Creating init config 
52929      DEBUG main            d.u.i.k.p.i.AbstractProblemLoader Init config took 3.26s 
52950      INFO  main            d.u.i.k.p.i.AbstractProblemLoader Replaying proof check_jmod.key 
52953      DEBUG main            d.u.i.k.p.i.IntermediateProofReplayer Proof replay took 7.5ns 
53560      INFO  main            d.u.i.k.p.r.p.TestFile    ... finished proof: closed. 
53842      INFO  main            d.u.i.k.p.i.AbstractProblemLoader Loading environment from /home/runner/work/key/key/key.core/../key.ui/examples/standard_key/arith/check_jmod.key.proof 
53842      DEBUG main            d.u.i.k.p.i.AbstractProblemLoader Environment load took 229.31ns 
53844      INFO  main            d.u.i.k.p.i.AbstractProblemLoader Creating init config 
56827      DEBUG main            d.u.i.k.p.i.AbstractProblemLoader Init config took 2.98s 
56847      INFO  main            d.u.i.k.p.i.AbstractProblemLoader Replaying proof check_jmod.key.proof 
56898      DEBUG main            d.u.i.k.p.i.IntermediateProofReplayer Proof replay took 44.57ms 
56899      DEBUG main            d.u.i.k.p.r.p.TestFile    ... success: reloaded. 
56900      INFO  main            d.u.i.k.p.r.p.TestFile    Now processing file /home/runner/work/key/key/key.core/../key.ui/examples/standard_key/arith/complexExpressions.key 
56901      INFO  main            d.u.i.k.p.i.AbstractProblemLoader Loading environment from /home/runner/work/key/key/key.core/../key.ui/examples/standard_key/arith/complexExpressions.key 
56901      DEBUG main            d.u.i.k.p.i.AbstractProblemLoader Environment load took 258.72ns 
56902      INFO  main            d.u.i.k.p.i.AbstractProblemLoader Creating init config 
59911      DEBUG main            d.u.i.k.p.i.AbstractProblemLoader Init config took 3.01s 
59939      INFO  main            d.u.i.k.p.i.AbstractProblemLoader Replaying proof complexExpressions.key 
59942      DEBUG main            d.u.i.k.p.i.IntermediateProofReplayer Proof replay took 9.1ns 
60149      INFO  main            d.u.i.k.p.r.p.TestFile    ... finished proof: closed. 
60355      INFO  main            d.u.i.k.p.i.AbstractProblemLoader Loading environment from /home/runner/work/key/key/key.core/../key.ui/examples/standard_key/arith/complexExpressions.key.proof 
60356      DEBUG main            d.u.i.k.p.i.AbstractProblemLoader Environment load took 144.21ns 
60357      INFO  main            d.u.i.k.p.i.AbstractProblemLoader Creating init config 
63366      DEBUG main            d.u.i.k.p.i.AbstractProblemLoader Init config took 3.01s 
63388      INFO  main            d.u.i.k.p.i.AbstractProblemLoader Replaying proof complexExpressions.key.proof 
63399      DEBUG main            d.u.i.k.p.i.IntermediateProofReplayer Proof replay took 8.92ms 
63400      DEBUG main            d.u.i.k.p.r.p.TestFile    ... success: reloaded. 
63401      INFO  main            d.u.i.k.p.r.p.TestFile    Now processing file /home/runner/work/key/key/key.core/../key.ui/examples/standard_key/arith/compound_unaryMinus.key 
63401      INFO  main            d.u.i.k.p.i.AbstractProblemLoader Loading environment from /home/runner/work/key/key/key.core/../key.ui/examples/standard_key/arith/compound_unaryMinus.key 
63402      DEBUG main            d.u.i.k.p.i.AbstractProblemLoader Environment load took 118.21ns 
63403      INFO  main            d.u.i.k.p.i.AbstractProblemLoader Creating init config 
66454      DEBUG main            d.u.i.k.p.i.AbstractProblemLoader Init config took 3.05s 
66477      INFO  main            d.u.i.k.p.i.AbstractProblemLoader Replaying proof compound_unaryMinus.key 
66480      DEBUG main            d.u.i.k.p.i.IntermediateProofReplayer Proof replay took 8.9ns 
66583      INFO  main            d.u.i.k.p.r.p.TestFile    ... finished proof: closed. 
66824      INFO  main            d.u.i.k.p.i.AbstractProblemLoader Loading environment from /home/runner/work/key/key/key.core/../key.ui/examples/standard_key/arith/compound_unaryMinus.key.proof 
66824      DEBUG main            d.u.i.k.p.i.AbstractProblemLoader Environment load took 138.61ns 
66825      INFO  main            d.u.i.k.p.i.AbstractProblemLoader Creating init config 
69793      DEBUG main            d.u.i.k.p.i.AbstractProblemLoader Init config took 2.97s 
69812      INFO  main            d.u.i.k.p.i.AbstractProblemLoader Replaying proof compound_unaryMinus.key.proof 
69818      DEBUG main            d.u.i.k.p.i.IntermediateProofReplayer Proof replay took 3.9ms 
69819      DEBUG main            d.u.i.k.p.r.p.TestFile    ... success: reloaded. 
69821      INFO  main            d.u.i.k.p.r.p.TestFile    Now processing file /home/runner/work/key/key/key.core/../key.ui/examples/standard_key/arith/computation.key 
69822      INFO  main            d.u.i.k.p.i.AbstractProblemLoader Loading environment from /home/runner/work/key/key/key.core/../key.ui/examples/standard_key/arith/computation.key 
69822      DEBUG main            d.u.i.k.p.i.AbstractProblemLoader Environment load took 86.61ns 
69824      INFO  main            d.u.i.k.p.i.AbstractProblemLoader Creating init config 
72911      DEBUG main            d.u.i.k.p.i.AbstractProblemLoader Init config took 3.09s 
72931      INFO  main            d.u.i.k.p.i.AbstractProblemLoader Replaying proof computation.key 
72934      DEBUG main            d.u.i.k.p.i.IntermediateProofReplayer Proof replay took 8.9ns 
74462      INFO  main            d.u.i.k.p.r.p.TestFile    ... finished proof: closed. 
74744      INFO  main            d.u.i.k.p.i.AbstractProblemLoader Loading environment from /home/runner/work/key/key/key.core/../key.ui/examples/standard_key/arith/computation.key.proof 
74745      DEBUG main            d.u.i.k.p.i.AbstractProblemLoader Environment load took 500.03ns 
74746      INFO  main            d.u.i.k.p.i.AbstractProblemLoader Creating init config 
77613      DEBUG main            d.u.i.k.p.i.AbstractProblemLoader Init config took 2.87s 
77632      INFO  main            d.u.i.k.p.i.AbstractProblemLoader Replaying proof computation.key.proof 
77792      DEBUG main            d.u.i.k.p.i.IntermediateProofReplayer Proof replay took 153.82ms 
77793      DEBUG main            d.u.i.k.p.r.p.TestFile    ... success: reloaded. 
77795      INFO  main            d.u.i.k.p.r.p.TestFile    Now processing file /home/runner/work/key/key/key.core/../key.ui/examples/standard_key/arith/cubicSum.key 
77795      INFO  main            d.u.i.k.p.i.AbstractProblemLoader Loading environment from /home/runner/work/key/key/key.core/../key.ui/examples/standard_key/arith/cubicSum.key 
77795      DEBUG main            d.u.i.k.p.i.AbstractProblemLoader Environment load took 267.22ns 
77797      INFO  main            d.u.i.k.p.i.AbstractProblemLoader Creating init config 
81063      DEBUG main            d.u.i.k.p.i.AbstractProblemLoader Init config took 3.27s 
81083      INFO  main            d.u.i.k.p.i.AbstractProblemLoader Replaying proof cubicSum.key 
81086      DEBUG main            d.u.i.k.p.i.IntermediateProofReplayer Proof replay took 7.7ns 
82595      INFO  main            d.u.i.k.p.r.p.TestFile    ... finished proof: closed. 
82933      INFO  main            d.u.i.k.p.i.AbstractProblemLoader Loading environment from /home/runner/work/key/key/key.core/../key.ui/examples/standard_key/arith/cubicSum.key.proof 
82933      DEBUG main            d.u.i.k.p.i.AbstractProblemLoader Environment load took 479.13ns 
82935      INFO  main            d.u.i.k.p.i.AbstractProblemLoader Creating init config 
86127      DEBUG main            d.u.i.k.p.i.AbstractProblemLoader Init config took 3.19s 
86146      INFO  main            d.u.i.k.p.i.AbstractProblemLoader Replaying proof cubicSum.key.proof 
86315      DEBUG main            d.u.i.k.p.i.IntermediateProofReplayer Proof replay took 165.38ms 
86317      DEBUG main            d.u.i.k.p.r.p.TestFile    ... success: reloaded. 
86319      INFO  main            d.u.i.k.p.r.p.TestFile    Now processing file /home/runner/work/key/key/key.core/../key.ui/examples/standard_key/arith/divByZero.key 
86319      INFO  main            d.u.i.k.p.i.AbstractProblemLoader Loading environment from /home/runner/work/key/key/key.core/../key.ui/examples/standard_key/arith/divByZero.key 
86319      DEBUG main            d.u.i.k.p.i.AbstractProblemLoader Environment load took 246.42ns 
86321      INFO  main            d.u.i.k.p.i.AbstractProblemLoader Creating init config 
89307      DEBUG main            d.u.i.k.p.i.AbstractProblemLoader Init config took 2.99s 
89325      INFO  main            d.u.i.k.p.i.AbstractProblemLoader Replaying proof divByZero.key 
89327      DEBUG main            d.u.i.k.p.i.IntermediateProofReplayer Proof replay took 8.2ns 
89531      INFO  main            d.u.i.k.p.r.p.TestFile    ... finished proof: closed. 
89796      INFO  main            d.u.i.k.p.i.AbstractProblemLoader Loading environment from /home/runner/work/key/key/key.core/../key.ui/examples/standard_key/arith/divByZero.key.proof 
89796      DEBUG main            d.u.i.k.p.i.AbstractProblemLoader Environment load took 140.51ns 
89798      INFO  main            d.u.i.k.p.i.AbstractProblemLoader Creating init config 
92760      DEBUG main            d.u.i.k.p.i.AbstractProblemLoader Init config took 2.96s 
92779      INFO  main            d.u.i.k.p.i.AbstractProblemLoader Replaying proof divByZero.key.proof 
92821      DEBUG main            d.u.i.k.p.i.IntermediateProofReplayer Proof replay took 38.4ms 
92822      DEBUG main            d.u.i.k.p.r.p.TestFile    ... success: reloaded. 
92823      INFO  main            d.u.i.k.p.r.p.TestFile    Now processing file /home/runner/work/key/key/key.core/../key.ui/examples/standard_key/arith/divisionAssoc.key 
92823      INFO  main            d.u.i.k.p.i.AbstractProblemLoader Loading environment from /home/runner/work/key/key/key.core/../key.ui/examples/standard_key/arith/divisionAssoc.key 
92823      DEBUG main            d.u.i.k.p.i.AbstractProblemLoader Environment load took 121.91ns 
92824      INFO  main            d.u.i.k.p.i.AbstractProblemLoader Creating init config 
95769      DEBUG main            d.u.i.k.p.i.AbstractProblemLoader Init config took 2.94s 
95785      INFO  main            d.u.i.k.p.i.AbstractProblemLoader Replaying proof divisionAssoc.key 
95787      DEBUG main            d.u.i.k.p.i.IntermediateProofReplayer Proof replay took 7.8ns 
96493      INFO  main            d.u.i.k.p.r.p.TestFile    ... finished proof: closed. 
96753      INFO  main            d.u.i.k.p.i.AbstractProblemLoader Loading environment from /home/runner/work/key/key/key.core/../key.ui/examples/standard_key/arith/divisionAssoc.key.proof 
96754      DEBUG main            d.u.i.k.p.i.AbstractProblemLoader Environment load took 513.73ns 
96755      INFO  main            d.u.i.k.p.i.AbstractProblemLoader Creating init config 
99640      DEBUG main            d.u.i.k.p.i.AbstractProblemLoader Init config took 2.89s 
99658      INFO  main            d.u.i.k.p.i.AbstractProblemLoader Replaying proof divisionAssoc.key.proof 
99711      DEBUG main            d.u.i.k.p.i.IntermediateProofReplayer Proof replay took 47.15ms 
99713      DEBUG main            d.u.i.k.p.r.p.TestFile    ... success: reloaded. 
99714      INFO  main            d.u.i.k.p.r.p.TestFile    Now processing file /home/runner/work/key/key/key.core/../key.ui/examples/standard_key/arith/divisionBy2.key 
99715      INFO  main            d.u.i.k.p.i.AbstractProblemLoader Loading environment from /home/runner/work/key/key/key.core/../key.ui/examples/standard_key/arith/divisionBy2.key 
99715      DEBUG main            d.u.i.k.p.i.AbstractProblemLoader Environment load took 290.22ns 
99717      INFO  main            d.u.i.k.p.i.AbstractProblemLoader Creating init config 
102697     DEBUG main            d.u.i.k.p.i.AbstractProblemLoader Init config took 2.98s 
102714     INFO  main            d.u.i.k.p.i.AbstractProblemLoader Replaying proof divisionBy2.key 
102715     DEBUG main            d.u.i.k.p.i.IntermediateProofReplayer Proof replay took 7.6ns 
102820     INFO  main            d.u.i.k.p.r.p.TestFile    ... finished proof: closed. 
103076     INFO  main            d.u.i.k.p.i.AbstractProblemLoader Loading environment from /home/runner/work/key/key/key.core/../key.ui/examples/standard_key/arith/divisionBy2.key.proof 
103076     DEBUG main            d.u.i.k.p.i.AbstractProblemLoader Environment load took 235.81ns 
103078     INFO  main            d.u.i.k.p.i.AbstractProblemLoader Creating init config 
105973     DEBUG main            d.u.i.k.p.i.AbstractProblemLoader Init config took 2.9s 
105995     INFO  main            d.u.i.k.p.i.AbstractProblemLoader Replaying proof divisionBy2.key.proof 
106013     DEBUG main            d.u.i.k.p.i.IntermediateProofReplayer Proof replay took 14.55ms 
106015     DEBUG main            d.u.i.k.p.r.p.TestFile    ... success: reloaded. 
106016     INFO  main            d.u.i.k.p.r.p.TestFile    Now processing file /home/runner/work/key/key/key.core/../key.ui/examples/standard_key/arith/euclidean/gcdHelp-post.key 
106016     INFO  main            d.u.i.k.p.i.AbstractProblemLoader Loading environment from /home/runner/work/key/key/key.core/../key.ui/examples/standard_key/arith/euclidean/gcdHelp-post.key 
106016     DEBUG main            d.u.i.k.p.i.AbstractProblemLoader Environment load took 177.71ns 
106018     INFO  main            d.u.i.k.p.i.AbstractProblemLoader Creating init config 
109213     DEBUG main            d.u.i.k.p.i.AbstractProblemLoader Init config took 3.2s 
109242     INFO  main            d.u.i.k.p.i.AbstractProblemLoader Replaying proof gcdHelp-post.key 
109246     DEBUG main            d.u.i.k.p.i.IntermediateProofReplayer Proof replay took 8.1ns 
112965     INFO  main            d.u.i.k.p.r.p.TestFile    ... finished proof: closed. 
113240     INFO  main            d.u.i.k.p.i.AbstractProblemLoader Loading environment from /home/runner/work/key/key/key.core/../key.ui/examples/standard_key/arith/euclidean/gcdHelp-post.key.proof 
113241     DEBUG main            d.u.i.k.p.i.AbstractProblemLoader Environment load took 504.33ns 
113243     INFO  main            d.u.i.k.p.i.AbstractProblemLoader Creating init config 
116376     DEBUG main            d.u.i.k.p.i.AbstractProblemLoader Init config took 3.13s 
116397     INFO  main            d.u.i.k.p.i.AbstractProblemLoader Replaying proof gcdHelp-post.key.proof 
116658     DEBUG main            d.u.i.k.p.i.IntermediateProofReplayer Proof replay took 249.15ms 
116660     DEBUG main            d.u.i.k.p.r.p.TestFile    ... success: reloaded. 
116661     INFO  main            d.u.i.k.p.r.p.TestFile    Now processing file /home/runner/work/key/key/key.core/../key.ui/examples/standard_key/arith/gemplusDecimal/add.key 
116662     INFO  main            d.u.i.k.p.i.AbstractProblemLoader Loading environment from /home/runner/work/key/key/key.core/../key.ui/examples/standard_key/arith/gemplusDecimal/add.key 
116662     DEBUG main            d.u.i.k.p.i.AbstractProblemLoader Environment load took 270.82ns 
116665     INFO  main            d.u.i.k.p.i.AbstractProblemLoader Creating init config 
119853     DEBUG main            d.u.i.k.p.i.AbstractProblemLoader Init config took 3.19s 
119873     INFO  main            d.u.i.k.p.i.AbstractProblemLoader Replaying proof add.key 
119874     DEBUG main            d.u.i.k.p.i.IntermediateProofReplayer Proof replay took 8ns 
166963     INFO  main            d.u.i.k.p.r.p.TestFile    ... finished proof: closed. 
167453     INFO  main            d.u.i.k.p.i.AbstractProblemLoader Loading environment from /home/runner/work/key/key/key.core/../key.ui/examples/standard_key/arith/gemplusDecimal/add.key.proof 
167453     DEBUG main            d.u.i.k.p.i.AbstractProblemLoader Environment load took 481.13ns 
167464     INFO  main            d.u.i.k.p.i.AbstractProblemLoader Creating init config 
170477     DEBUG main            d.u.i.k.p.i.AbstractProblemLoader Init config took 3.01s 
170500     INFO  main            d.u.i.k.p.i.AbstractProblemLoader Replaying proof add.key.proof 
175233     DEBUG main            d.u.i.k.p.i.IntermediateProofReplayer Proof replay took 4.56s 
175241     DEBUG main            d.u.i.k.p.r.p.TestFile    ... success: reloaded. 
175242     INFO  main            d.u.i.k.p.r.p.TestFile    Now processing file /home/runner/work/key/key/key.core/../key.ui/examples/standard_key/arith/jdivevenodd.key 
175243     INFO  main            d.u.i.k.p.i.AbstractProblemLoader Loading environment from /home/runner/work/key/key/key.core/../key.ui/examples/standard_key/arith/jdivevenodd.key 
175243     DEBUG main            d.u.i.k.p.i.AbstractProblemLoader Environment load took 116.51ns 
175244     INFO  main            d.u.i.k.p.i.AbstractProblemLoader Creating init config 
178263     DEBUG main            d.u.i.k.p.i.AbstractProblemLoader Init config took 3.02s 
178278     INFO  main            d.u.i.k.p.i.AbstractProblemLoader Replaying proof jdivevenodd.key 
178280     DEBUG main            d.u.i.k.p.i.IntermediateProofReplayer Proof replay took 7.9ns 
178484     INFO  main            d.u.i.k.p.r.p.TestFile    ... finished proof: closed. 
178934     INFO  main            d.u.i.k.p.i.AbstractProblemLoader Loading environment from /home/runner/work/key/key/key.core/../key.ui/examples/standard_key/arith/jdivevenodd.key.proof 
178934     DEBUG main            d.u.i.k.p.i.AbstractProblemLoader Environment load took 150.71ns 
178936     INFO  main            d.u.i.k.p.i.AbstractProblemLoader Creating init config 
181846     DEBUG main            d.u.i.k.p.i.AbstractProblemLoader Init config took 2.91s 
181862     INFO  main            d.u.i.k.p.i.AbstractProblemLoader Replaying proof jdivevenodd.key.proof 
181880     DEBUG main            d.u.i.k.p.i.IntermediateProofReplayer Proof replay took 15.32ms 
181882     DEBUG main            d.u.i.k.p.r.p.TestFile    ... success: reloaded. 
181883     INFO  main            d.u.i.k.p.r.p.TestFile    Now processing file /home/runner/work/key/key/key.core/../key.ui/examples/standard_key/arith/median.key 
181883     INFO  main            d.u.i.k.p.i.AbstractProblemLoader Loading environment from /home/runner/work/key/key/key.core/../key.ui/examples/standard_key/arith/median.key 
181883     DEBUG main            d.u.i.k.p.i.AbstractProblemLoader Environment load took 237.12ns 
181885     INFO  main            d.u.i.k.p.i.AbstractProblemLoader Creating init config 
184856     DEBUG main            d.u.i.k.p.i.AbstractProblemLoader Init config took 2.97s 
184874     INFO  main            d.u.i.k.p.i.AbstractProblemLoader Replaying proof median.key 
184876     DEBUG main            d.u.i.k.p.i.IntermediateProofReplayer Proof replay took 7.4ns 
202156     INFO  main            d.u.i.k.p.r.p.TestFile    ... finished proof: closed. 
202521     INFO  main            d.u.i.k.p.i.AbstractProblemLoader Loading environment from /home/runner/work/key/key/key.core/../key.ui/examples/standard_key/arith/median.key.proof 
202522     DEBUG main            d.u.i.k.p.i.AbstractProblemLoader Environment load took 593.94ns 
202526     INFO  main            d.u.i.k.p.i.AbstractProblemLoader Creating init config 
205356     DEBUG main            d.u.i.k.p.i.AbstractProblemLoader Init config took 2.83s 
205373     INFO  main            d.u.i.k.p.i.AbstractProblemLoader Replaying proof median.key.proof 
206734     DEBUG main            d.u.i.k.p.i.IntermediateProofReplayer Proof replay took 1.3s 
206738     DEBUG main            d.u.i.k.p.r.p.TestFile    ... success: reloaded. 
206739     INFO  main            d.u.i.k.p.r.p.TestFile    Now processing file /home/runner/work/key/key/key.core/../key.ui/examples/standard_key/arith/mod1.key 
206740     INFO  main            d.u.i.k.p.i.AbstractProblemLoader Loading environment from /home/runner/work/key/key/key.core/../key.ui/examples/standard_key/arith/mod1.key 
206740     DEBUG main            d.u.i.k.p.i.AbstractProblemLoader Environment load took 64.8ns 
206741     INFO  main            d.u.i.k.p.i.AbstractProblemLoader Creating init config 
209623     DEBUG main            d.u.i.k.p.i.AbstractProblemLoader Init config took 2.88s 
209638     INFO  main            d.u.i.k.p.i.AbstractProblemLoader Replaying proof mod1.key 
209639     DEBUG main            d.u.i.k.p.i.IntermediateProofReplayer Proof replay took 7ns 
209747     INFO  main            d.u.i.k.p.r.p.TestFile    ... finished proof: closed. 
210113     INFO  main            d.u.i.k.p.i.AbstractProblemLoader Loading environment from /home/runner/work/key/key/key.core/../key.ui/examples/standard_key/arith/mod1.key.proof 
210113     DEBUG main            d.u.i.k.p.i.AbstractProblemLoader Environment load took 145.01ns 
210114     INFO  main            d.u.i.k.p.i.AbstractProblemLoader Creating init config 
212943     DEBUG main            d.u.i.k.p.i.AbstractProblemLoader Init config took 2.83s 
212959     INFO  main            d.u.i.k.p.i.AbstractProblemLoader Replaying proof mod1.key.proof 
212963     DEBUG main            d.u.i.k.p.i.IntermediateProofReplayer Proof replay took 2.56ms 
212964     DEBUG main            d.u.i.k.p.r.p.TestFile    ... success: reloaded. 
212965     INFO  main            d.u.i.k.p.r.p.TestFile    Now processing file /home/runner/work/key/key/key.core/../key.ui/examples/standard_key/arith/mod2.key 
212965     INFO  main            d.u.i.k.p.i.AbstractProblemLoader Loading environment from /home/runner/work/key/key/key.core/../key.ui/examples/standard_key/arith/mod2.key 
212965     DEBUG main            d.u.i.k.p.i.AbstractProblemLoader Environment load took 66.81ns 
212966     INFO  main            d.u.i.k.p.i.AbstractProblemLoader Creating init config 
215816     DEBUG main            d.u.i.k.p.i.AbstractProblemLoader Init config took 2.85s 
215831     INFO  main            d.u.i.k.p.i.AbstractProblemLoader Replaying proof mod2.key 
215832     DEBUG main            d.u.i.k.p.i.IntermediateProofReplayer Proof replay took 6.9ns 
215934     INFO  main            d.u.i.k.p.r.p.TestFile    ... finished proof: closed. 
216215     INFO  main            d.u.i.k.p.i.AbstractProblemLoader Loading environment from /home/runner/work/key/key/key.core/../key.ui/examples/standard_key/arith/mod2.key.proof 
216216     DEBUG main            d.u.i.k.p.i.AbstractProblemLoader Environment load took 131.11ns 
216217     INFO  main            d.u.i.k.p.i.AbstractProblemLoader Creating init config 
219144     DEBUG main            d.u.i.k.p.i.AbstractProblemLoader Init config took 2.93s 
219160     INFO  main            d.u.i.k.p.i.AbstractProblemLoader Replaying proof mod2.key.proof 
219164     DEBUG main            d.u.i.k.p.i.IntermediateProofReplayer Proof replay took 1.77ms 
219164     DEBUG main            d.u.i.k.p.r.p.TestFile    ... success: reloaded. 
219165     INFO  main            d.u.i.k.p.r.p.TestFile    Now processing file /home/runner/work/key/key/key.core/../key.ui/examples/standard_key/arith/mod7.key 
219165     INFO  main            d.u.i.k.p.i.AbstractProblemLoader Loading environment from /home/runner/work/key/key/key.core/../key.ui/examples/standard_key/arith/mod7.key 
219166     DEBUG main            d.u.i.k.p.i.AbstractProblemLoader Environment load took 93.31ns 
219166     INFO  main            d.u.i.k.p.i.AbstractProblemLoader Creating init config 
222131     DEBUG main            d.u.i.k.p.i.AbstractProblemLoader Init config took 2.96s 
222146     INFO  main            d.u.i.k.p.i.AbstractProblemLoader Replaying proof mod7.key 
222147     DEBUG main            d.u.i.k.p.i.IntermediateProofReplayer Proof replay took 7.3ns 
222250     INFO  main            d.u.i.k.p.r.p.TestFile    ... finished proof: closed. 
222532     INFO  main            d.u.i.k.p.i.AbstractProblemLoader Loading environment from /home/runner/work/key/key/key.core/../key.ui/examples/standard_key/arith/mod7.key.proof 
222532     DEBUG main            d.u.i.k.p.i.AbstractProblemLoader Environment load took 127.61ns 
222533     INFO  main            d.u.i.k.p.i.AbstractProblemLoader Creating init config 
225384     DEBUG main            d.u.i.k.p.i.AbstractProblemLoader Init config took 2.85s 
225398     INFO  main            d.u.i.k.p.i.AbstractProblemLoader Replaying proof mod7.key.proof 
225406     DEBUG main            d.u.i.k.p.i.IntermediateProofReplayer Proof replay took 5.89ms 
225407     DEBUG main            d.u.i.k.p.r.p.TestFile    ... success: reloaded. 
225407     INFO  main            d.u.i.k.p.r.p.TestFile    Now processing file /home/runner/work/key/key/key.core/../key.ui/examples/standard_key/arith/overflow_hija.key 
225408     INFO  main            d.u.i.k.p.i.AbstractProblemLoader Loading environment from /home/runner/work/key/key/key.core/../key.ui/examples/standard_key/arith/overflow_hija.key 
225408     DEBUG main            d.u.i.k.p.i.AbstractProblemLoader Environment load took 105.11ns 
225410     INFO  main            d.u.i.k.p.i.AbstractProblemLoader Creating init config 
228293     DEBUG main            d.u.i.k.p.i.AbstractProblemLoader Init config took 2.88s 
228312     INFO  main            d.u.i.k.p.i.AbstractProblemLoader Replaying proof overflow_hija.key 
228314     DEBUG main            d.u.i.k.p.i.IntermediateProofReplayer Proof replay took 7.3ns 
233565     INFO  main            d.u.i.k.p.r.p.TestFile    ... finished proof: closed. 
233908     INFO  main            d.u.i.k.p.i.AbstractProblemLoader Loading environment from /home/runner/work/key/key/key.core/../key.ui/examples/standard_key/arith/overflow_hija.key.proof 
233909     DEBUG main            d.u.i.k.p.i.AbstractProblemLoader Environment load took 609.04ns 
233912     INFO  main            d.u.i.k.p.i.AbstractProblemLoader Creating init config 
236860     DEBUG main            d.u.i.k.p.i.AbstractProblemLoader Init config took 2.95s 
236881     INFO  main            d.u.i.k.p.i.AbstractProblemLoader Replaying proof overflow_hija.key.proof 
237309     DEBUG main            d.u.i.k.p.i.IntermediateProofReplayer Proof replay took 416.53ms 
237311     DEBUG main            d.u.i.k.p.r.p.TestFile    ... success: reloaded. 
237313     INFO  main            d.u.i.k.p.r.p.TestFile    Now processing file /home/runner/work/key/key/key.core/../key.ui/examples/standard_key/arith/poly_division0.key 
237313     INFO  main            d.u.i.k.p.i.AbstractProblemLoader Loading environment from /home/runner/work/key/key/key.core/../key.ui/examples/standard_key/arith/poly_division0.key 
237313     DEBUG main            d.u.i.k.p.i.AbstractProblemLoader Environment load took 262.32ns 
237315     INFO  main            d.u.i.k.p.i.AbstractProblemLoader Creating init config 
240263     DEBUG main            d.u.i.k.p.i.AbstractProblemLoader Init config took 2.95s 
240279     INFO  main            d.u.i.k.p.i.AbstractProblemLoader Replaying proof poly_division0.key 
240280     DEBUG main            d.u.i.k.p.i.IntermediateProofReplayer Proof replay took 7.7ns 
240383     INFO  main            d.u.i.k.p.r.p.TestFile    ... finished proof: closed. 
240760     INFO  main            d.u.i.k.p.i.AbstractProblemLoader Loading environment from /home/runner/work/key/key/key.core/../key.ui/examples/standard_key/arith/poly_division0.key.proof 
240760     DEBUG main            d.u.i.k.p.i.AbstractProblemLoader Environment load took 128.31ns 
240762     INFO  main            d.u.i.k.p.i.AbstractProblemLoader Creating init config 
243678     DEBUG main            d.u.i.k.p.i.AbstractProblemLoader Init config took 2.92s 
243694     INFO  main            d.u.i.k.p.i.AbstractProblemLoader Replaying proof poly_division0.key.proof 
243704     DEBUG main            d.u.i.k.p.i.IntermediateProofReplayer Proof replay took 8.48ms 
243705     DEBUG main            d.u.i.k.p.r.p.TestFile    ... success: reloaded. 
243706     INFO  main            d.u.i.k.p.r.p.TestFile    Now processing file /home/runner/work/key/key/key.core/../key.ui/examples/standard_key/arith/poly_division1.key 
243706     INFO  main            d.u.i.k.p.i.AbstractProblemLoader Loading environment from /home/runner/work/key/key/key.core/../key.ui/examples/standard_key/arith/poly_division1.key 
243706     DEBUG main            d.u.i.k.p.i.AbstractProblemLoader Environment load took 89ns 
243707     INFO  main            d.u.i.k.p.i.AbstractProblemLoader Creating init config 
246530     DEBUG main            d.u.i.k.p.i.AbstractProblemLoader Init config took 2.82s 
246545     INFO  main            d.u.i.k.p.i.AbstractProblemLoader Replaying proof poly_division1.key 
246546     DEBUG main            d.u.i.k.p.i.IntermediateProofReplayer Proof replay took 7.7ns 
246649     INFO  main            d.u.i.k.p.r.p.TestFile    ... finished proof: closed. 
246952     INFO  main            d.u.i.k.p.i.AbstractProblemLoader Loading environment from /home/runner/work/key/key/key.core/../key.ui/examples/standard_key/arith/poly_division1.key.proof 
246952     DEBUG main            d.u.i.k.p.i.AbstractProblemLoader Environment load took 142.51ns 
246954     INFO  main            d.u.i.k.p.i.AbstractProblemLoader Creating init config 
249791     DEBUG main            d.u.i.k.p.i.AbstractProblemLoader Init config took 2.84s 
249806     INFO  main            d.u.i.k.p.i.AbstractProblemLoader Replaying proof poly_division1.key.proof 
249819     DEBUG main            d.u.i.k.p.i.IntermediateProofReplayer Proof replay took 10.87ms 
249821     DEBUG main            d.u.i.k.p.r.p.TestFile    ... success: reloaded. 
249821     INFO  main            d.u.i.k.p.r.p.TestFile    Now processing file /home/runner/work/key/key/key.core/../key.ui/examples/standard_key/inEqSimp/division.key 
249822     INFO  main            d.u.i.k.p.i.AbstractProblemLoader Loading environment from /home/runner/work/key/key/key.core/../key.ui/examples/standard_key/inEqSimp/division.key 
249822     DEBUG main            d.u.i.k.p.i.AbstractProblemLoader Environment load took 95.41ns 
249823     INFO  main            d.u.i.k.p.i.AbstractProblemLoader Creating init config 
252746     DEBUG main            d.u.i.k.p.i.AbstractProblemLoader Init config took 2.92s 
252762     INFO  main            d.u.i.k.p.i.AbstractProblemLoader Replaying proof division.key 
252764     DEBUG main            d.u.i.k.p.i.IntermediateProofReplayer Proof replay took 7.5ns 
254998     INFO  main            d.u.i.k.p.r.p.TestFile    ... finished proof: closed. 
255327     INFO  main            d.u.i.k.p.i.AbstractProblemLoader Loading environment from /home/runner/work/key/key/key.core/../key.ui/examples/standard_key/inEqSimp/division.key.proof 
255328     DEBUG main            d.u.i.k.p.i.AbstractProblemLoader Environment load took 452.53ns 
255330     INFO  main            d.u.i.k.p.i.AbstractProblemLoader Creating init config 
258210     DEBUG main            d.u.i.k.p.i.AbstractProblemLoader Init config took 2.88s 
258227     INFO  main            d.u.i.k.p.i.AbstractProblemLoader Replaying proof division.key.proof 
258334     DEBUG main            d.u.i.k.p.i.IntermediateProofReplayer Proof replay took 93.29ms 
258336     DEBUG main            d.u.i.k.p.r.p.TestFile    ... success: reloaded. 
258337     INFO  main            d.u.i.k.p.r.p.TestFile    Now processing file /home/runner/work/key/key/key.core/../key.ui/examples/standard_key/inEqSimp/inequations0.key 
258337     INFO  main            d.u.i.k.p.i.AbstractProblemLoader Loading environment from /home/runner/work/key/key/key.core/../key.ui/examples/standard_key/inEqSimp/inequations0.key 
258338     DEBUG main            d.u.i.k.p.i.AbstractProblemLoader Environment load took 239.11ns 
258339     INFO  main            d.u.i.k.p.i.AbstractProblemLoader Creating init config 
261245     DEBUG main            d.u.i.k.p.i.AbstractProblemLoader Init config took 2.91s 
261260     INFO  main            d.u.i.k.p.i.AbstractProblemLoader Replaying proof inequations0.key 
261262     DEBUG main            d.u.i.k.p.i.IntermediateProofReplayer Proof replay took 45ns 
261368     INFO  main            d.u.i.k.p.r.p.TestFile    ... finished proof: closed. 
261715     INFO  main            d.u.i.k.p.i.AbstractProblemLoader Loading environment from /home/runner/work/key/key/key.core/../key.ui/examples/standard_key/inEqSimp/inequations0.key.proof 
261715     DEBUG main            d.u.i.k.p.i.AbstractProblemLoader Environment load took 115.01ns 
261716     INFO  main            d.u.i.k.p.i.AbstractProblemLoader Creating init config 
264493     DEBUG main            d.u.i.k.p.i.AbstractProblemLoader Init config took 2.78s 
264508     INFO  main            d.u.i.k.p.i.AbstractProblemLoader Replaying proof inequations0.key.proof 
264513     DEBUG main            d.u.i.k.p.i.IntermediateProofReplayer Proof replay took 2.34ms 
264514     DEBUG main            d.u.i.k.p.r.p.TestFile    ... success: reloaded. 
264514     INFO  main            d.u.i.k.p.r.p.TestFile    Now processing file /home/runner/work/key/key/key.core/../key.ui/examples/standard_key/inEqSimp/inequations1.key 
264515     INFO  main            d.u.i.k.p.i.AbstractProblemLoader Loading environment from /home/runner/work/key/key/key.core/../key.ui/examples/standard_key/inEqSimp/inequations1.key 
264515     DEBUG main            d.u.i.k.p.i.AbstractProblemLoader Environment load took 222.31ns 
264516     INFO  main            d.u.i.k.p.i.AbstractProblemLoader Creating init config 
267392     DEBUG main            d.u.i.k.p.i.AbstractProblemLoader Init config took 2.88s 
267407     INFO  main            d.u.i.k.p.i.AbstractProblemLoader Replaying proof inequations1.key 
267409     DEBUG main            d.u.i.k.p.i.IntermediateProofReplayer Proof replay took 3.3ns 
267511     INFO  main            d.u.i.k.p.r.p.TestFile    ... finished proof: closed. 
267837     INFO  main            d.u.i.k.p.i.AbstractProblemLoader Loading environment from /home/runner/work/key/key/key.core/../key.ui/examples/standard_key/inEqSimp/inequations1.key.proof 
267837     DEBUG main            d.u.i.k.p.i.AbstractProblemLoader Environment load took 125.61ns 
267838     INFO  main            d.u.i.k.p.i.AbstractProblemLoader Creating init config 
270661     DEBUG main            d.u.i.k.p.i.AbstractProblemLoader Init config took 2.82s 
270678     INFO  main            d.u.i.k.p.i.AbstractProblemLoader Replaying proof inequations1.key.proof 
270681     DEBUG main            d.u.i.k.p.i.IntermediateProofReplayer Proof replay took 1.43ms 
270681     DEBUG main            d.u.i.k.p.r.p.TestFile    ... success: reloaded. 
270682     INFO  main            d.u.i.k.p.r.p.TestFile    Now processing file /home/runner/work/key/key/key.core/../key.ui/examples/standard_key/inEqSimp/inequations2.key 
270682     INFO  main            d.u.i.k.p.i.AbstractProblemLoader Loading environment from /home/runner/work/key/key/key.core/../key.ui/examples/standard_key/inEqSimp/inequations2.key 
270683     DEBUG main            d.u.i.k.p.i.AbstractProblemLoader Environment load took 109.81ns 
270684     INFO  main            d.u.i.k.p.i.AbstractProblemLoader Creating init config 
273783     DEBUG main            d.u.i.k.p.i.AbstractProblemLoader Init config took 3.1s 
273798     INFO  main            d.u.i.k.p.i.AbstractProblemLoader Replaying proof inequations2.key 
273799     DEBUG main            d.u.i.k.p.i.IntermediateProofReplayer Proof replay took 3ns 
273901     INFO  main            d.u.i.k.p.r.p.TestFile    ... finished proof: closed. 
274216     INFO  main            d.u.i.k.p.i.AbstractProblemLoader Loading environment from /home/runner/work/key/key/key.core/../key.ui/examples/standard_key/inEqSimp/inequations2.key.proof 
274216     DEBUG main            d.u.i.k.p.i.AbstractProblemLoader Environment load took 119.41ns 
274217     INFO  main            d.u.i.k.p.i.AbstractProblemLoader Creating init config 
277118     DEBUG main            d.u.i.k.p.i.AbstractProblemLoader Init config took 2.9s 
277135     INFO  main            d.u.i.k.p.i.AbstractProblemLoader Replaying proof inequations2.key.proof 
277139     DEBUG main            d.u.i.k.p.i.IntermediateProofReplayer Proof replay took 1.67ms 
277140     DEBUG main            d.u.i.k.p.r.p.TestFile    ... success: reloaded. 
277140     INFO  main            d.u.i.k.p.r.p.TestFile    Now processing file /home/runner/work/key/key/key.core/../key.ui/examples/standard_key/inEqSimp/linApprox.key 
277141     INFO  main            d.u.i.k.p.i.AbstractProblemLoader Loading environment from /home/runner/work/key/key/key.core/../key.ui/examples/standard_key/inEqSimp/linApprox.key 
277141     DEBUG main            d.u.i.k.p.i.AbstractProblemLoader Environment load took 152.61ns 
277142     INFO  main            d.u.i.k.p.i.AbstractProblemLoader Creating init config 
280161     DEBUG main            d.u.i.k.p.i.AbstractProblemLoader Init config took 3.02s 
280175     INFO  main            d.u.i.k.p.i.AbstractProblemLoader Replaying proof linApprox.key 
280177     DEBUG main            d.u.i.k.p.i.IntermediateProofReplayer Proof replay took 3.4ns 
280279     INFO  main            d.u.i.k.p.r.p.TestFile    ... finished proof: closed. 
280617     INFO  main            d.u.i.k.p.i.AbstractProblemLoader Loading environment from /home/runner/work/key/key/key.core/../key.ui/examples/standard_key/inEqSimp/linApprox.key.proof 
280617     DEBUG main            d.u.i.k.p.i.AbstractProblemLoader Environment load took 144.51ns 
280620     INFO  main            d.u.i.k.p.i.AbstractProblemLoader Creating init config 
283526     DEBUG main            d.u.i.k.p.i.AbstractProblemLoader Init config took 2.91s 
283541     INFO  main            d.u.i.k.p.i.AbstractProblemLoader Replaying proof linApprox.key.proof 
283545     DEBUG main            d.u.i.k.p.i.IntermediateProofReplayer Proof replay took 2.88ms 
283546     DEBUG main            d.u.i.k.p.r.p.TestFile    ... success: reloaded. 
283547     INFO  main            d.u.i.k.p.r.p.TestFile    Now processing file /home/runner/work/key/key/key.core/../key.ui/examples/standard_key/inEqSimp/nonLinInEqExample0.key 
283547     INFO  main            d.u.i.k.p.i.AbstractProblemLoader Loading environment from /home/runner/work/key/key/key.core/../key.ui/examples/standard_key/inEqSimp/nonLinInEqExample0.key 
283547     DEBUG main            d.u.i.k.p.i.AbstractProblemLoader Environment load took 89.41ns 
283548     INFO  main            d.u.i.k.p.i.AbstractProblemLoader Creating init config 
286419     DEBUG main            d.u.i.k.p.i.AbstractProblemLoader Init config took 2.87s 
286436     INFO  main            d.u.i.k.p.i.AbstractProblemLoader Replaying proof nonLinInEqExample0.key 
286438     DEBUG main            d.u.i.k.p.i.IntermediateProofReplayer Proof replay took 3ns 
286540     INFO  main            d.u.i.k.p.r.p.TestFile    ... finished proof: closed. 
286878     INFO  main            d.u.i.k.p.i.AbstractProblemLoader Loading environment from /home/runner/work/key/key/key.core/../key.ui/examples/standard_key/inEqSimp/nonLinInEqExample0.key.proof 
286878     DEBUG main            d.u.i.k.p.i.AbstractProblemLoader Environment load took 126.11ns 
286879     INFO  main            d.u.i.k.p.i.AbstractProblemLoader Creating init config 
289679     DEBUG main            d.u.i.k.p.i.AbstractProblemLoader Init config took 2.8s 
289694     INFO  main            d.u.i.k.p.i.AbstractProblemLoader Replaying proof nonLinInEqExample0.key.proof 
289696     DEBUG main            d.u.i.k.p.i.IntermediateProofReplayer Proof replay took 1.02ms 
289697     DEBUG main            d.u.i.k.p.r.p.TestFile    ... success: reloaded. 
289698     INFO  main            d.u.i.k.p.r.p.TestFile    Now processing file /home/runner/work/key/key/key.core/../key.ui/examples/standard_key/inEqSimp/nonLinInEqExample2.key 
289698     INFO  main            d.u.i.k.p.i.AbstractProblemLoader Loading environment from /home/runner/work/key/key/key.core/../key.ui/examples/standard_key/inEqSimp/nonLinInEqExample2.key 
289698     DEBUG main            d.u.i.k.p.i.AbstractProblemLoader Environment load took 85.11ns 
289700     INFO  main            d.u.i.k.p.i.AbstractProblemLoader Creating init config 
292697     DEBUG main            d.u.i.k.p.i.AbstractProblemLoader Init config took 3s 
292712     INFO  main            d.u.i.k.p.i.AbstractProblemLoader Replaying proof nonLinInEqExample2.key 
292713     DEBUG main            d.u.i.k.p.i.IntermediateProofReplayer Proof replay took 3.1ns 
293031     INFO  main            d.u.i.k.p.r.p.TestFile    ... finished proof: closed. 
293368     INFO  main            d.u.i.k.p.i.AbstractProblemLoader Loading environment from /home/runner/work/key/key/key.core/../key.ui/examples/standard_key/inEqSimp/nonLinInEqExample2.key.proof 
293369     DEBUG main            d.u.i.k.p.i.AbstractProblemLoader Environment load took 525.23ns 
293370     INFO  main            d.u.i.k.p.i.AbstractProblemLoader Creating init config 
296223     DEBUG main            d.u.i.k.p.i.AbstractProblemLoader Init config took 2.85s 
296238     INFO  main            d.u.i.k.p.i.AbstractProblemLoader Replaying proof nonLinInEqExample2.key.proof 
296271     DEBUG main            d.u.i.k.p.i.IntermediateProofReplayer Proof replay took 29.74ms 
296273     DEBUG main            d.u.i.k.p.r.p.TestFile    ... success: reloaded. 
296273     INFO  main            d.u.i.k.p.r.p.TestFile    Now processing file /home/runner/work/key/key/key.core/../key.ui/examples/standard_key/inEqSimp/nonLinInEqExample3.key 
296274     INFO  main            d.u.i.k.p.i.AbstractProblemLoader Loading environment from /home/runner/work/key/key/key.core/../key.ui/examples/standard_key/inEqSimp/nonLinInEqExample3.key 
296274     DEBUG main            d.u.i.k.p.i.AbstractProblemLoader Environment load took 65.6ns 
296275     INFO  main            d.u.i.k.p.i.AbstractProblemLoader Creating init config 
299200     DEBUG main            d.u.i.k.p.i.AbstractProblemLoader Init config took 2.92s 
299214     INFO  main            d.u.i.k.p.i.AbstractProblemLoader Replaying proof nonLinInEqExample3.key 
299216     DEBUG main            d.u.i.k.p.i.IntermediateProofReplayer Proof replay took 3.3ns 
299421     INFO  main            d.u.i.k.p.r.p.TestFile    ... finished proof: closed. 
299799     INFO  main            d.u.i.k.p.i.AbstractProblemLoader Loading environment from /home/runner/work/key/key/key.core/../key.ui/examples/standard_key/inEqSimp/nonLinInEqExample3.key.proof 
299799     DEBUG main            d.u.i.k.p.i.AbstractProblemLoader Environment load took 120.11ns 
299800     INFO  main            d.u.i.k.p.i.AbstractProblemLoader Creating init config 
302705     DEBUG main            d.u.i.k.p.i.AbstractProblemLoader Init config took 2.91s 
302722     INFO  main            d.u.i.k.p.i.AbstractProblemLoader Replaying proof nonLinInEqExample3.key.proof 
302744     DEBUG main            d.u.i.k.p.i.IntermediateProofReplayer Proof replay took 19.13ms 
302745     DEBUG main            d.u.i.k.p.r.p.TestFile    ... success: reloaded. 
302747     INFO  main            d.u.i.k.p.r.p.TestFile    Now processing file /home/runner/work/key/key/key.core/../key.ui/examples/standard_key/inEqSimp/nonLinInEqExample4.key 
302747     INFO  main            d.u.i.k.p.i.AbstractProblemLoader Loading environment from /home/runner/work/key/key/key.core/../key.ui/examples/standard_key/inEqSimp/nonLinInEqExample4.key 
302747     DEBUG main            d.u.i.k.p.i.AbstractProblemLoader Environment load took 190.21ns 
302748     INFO  main            d.u.i.k.p.i.AbstractProblemLoader Creating init config 
305609     DEBUG main            d.u.i.k.p.i.AbstractProblemLoader Init config took 2.86s 
305624     INFO  main            d.u.i.k.p.i.AbstractProblemLoader Replaying proof nonLinInEqExample4.key 
305625     DEBUG main            d.u.i.k.p.i.IntermediateProofReplayer Proof replay took 4.1ns 
305732     INFO  main            d.u.i.k.p.r.p.TestFile    ... finished proof: closed. 
306098     INFO  main            d.u.i.k.p.i.AbstractProblemLoader Loading environment from /home/runner/work/key/key/key.core/../key.ui/examples/standard_key/inEqSimp/nonLinInEqExample4.key.proof 
306099     DEBUG main            d.u.i.k.p.i.AbstractProblemLoader Environment load took 111.61ns 
306100     INFO  main            d.u.i.k.p.i.AbstractProblemLoader Creating init config 
309015     DEBUG main            d.u.i.k.p.i.AbstractProblemLoader Init config took 2.91s 
309034     INFO  main            d.u.i.k.p.i.AbstractProblemLoader Replaying proof nonLinInEqExample4.key.proof 
309051     DEBUG main            d.u.i.k.p.i.IntermediateProofReplayer Proof replay took 4.31ms 
309052     DEBUG main            d.u.i.k.p.r.p.TestFile    ... success: reloaded. 
309053     INFO  main            d.u.i.k.p.r.p.TestFile    Now processing file /home/runner/work/key/key/key.core/../key.ui/examples/standard_key/inEqSimp/quadraticInEq.key 
309053     INFO  main            d.u.i.k.p.i.AbstractProblemLoader Loading environment from /home/runner/work/key/key/key.core/../key.ui/examples/standard_key/inEqSimp/quadraticInEq.key 
309054     DEBUG main            d.u.i.k.p.i.AbstractProblemLoader Environment load took 61.3ns 
309056     INFO  main            d.u.i.k.p.i.AbstractProblemLoader Creating init config 
311971     DEBUG main            d.u.i.k.p.i.AbstractProblemLoader Init config took 2.92s 
311986     INFO  main            d.u.i.k.p.i.AbstractProblemLoader Replaying proof quadraticInEq.key 
311988     DEBUG main            d.u.i.k.p.i.IntermediateProofReplayer Proof replay took 2.9ns 
312392     INFO  main            d.u.i.k.p.r.p.TestFile    ... finished proof: closed. 
312774     INFO  main            d.u.i.k.p.i.AbstractProblemLoader Loading environment from /home/runner/work/key/key/key.core/../key.ui/examples/standard_key/inEqSimp/quadraticInEq.key.proof 
312774     DEBUG main            d.u.i.k.p.i.AbstractProblemLoader Environment load took 117.71ns 
312776     INFO  main            d.u.i.k.p.i.AbstractProblemLoader Creating init config 
315614     DEBUG main            d.u.i.k.p.i.AbstractProblemLoader Init config took 2.84s 
315630     INFO  main            d.u.i.k.p.i.AbstractProblemLoader Replaying proof quadraticInEq.key.proof 
315675     DEBUG main            d.u.i.k.p.i.IntermediateProofReplayer Proof replay took 40.52ms 
315676     DEBUG main            d.u.i.k.p.r.p.TestFile    ... success: reloaded. 
315677     INFO  main            d.u.i.k.p.r.p.TestFile    Now processing file /home/runner/work/key/key/key.core/../key.ui/examples/standard_key/inEqSimp/quadraticInEq10.key 
315677     INFO  main            d.u.i.k.p.i.AbstractProblemLoader Loading environment from /home/runner/work/key/key/key.core/../key.ui/examples/standard_key/inEqSimp/quadraticInEq10.key 
315677     DEBUG main            d.u.i.k.p.i.AbstractProblemLoader Environment load took 59.5ns 
315679     INFO  main            d.u.i.k.p.i.AbstractProblemLoader Creating init config 
318503     DEBUG main            d.u.i.k.p.i.AbstractProblemLoader Init config took 2.82s 
318517     INFO  main            d.u.i.k.p.i.AbstractProblemLoader Replaying proof quadraticInEq10.key 
318519     DEBUG main            d.u.i.k.p.i.IntermediateProofReplayer Proof replay took 3.4ns 
318721     INFO  main            d.u.i.k.p.r.p.TestFile    ... finished proof: closed. 
319109     INFO  main            d.u.i.k.p.i.AbstractProblemLoader Loading environment from /home/runner/work/key/key/key.core/../key.ui/examples/standard_key/inEqSimp/quadraticInEq10.key.proof 
319109     DEBUG main            d.u.i.k.p.i.AbstractProblemLoader Environment load took 114.31ns 
319110     INFO  main            d.u.i.k.p.i.AbstractProblemLoader Creating init config 
321994     DEBUG main            d.u.i.k.p.i.AbstractProblemLoader Init config took 2.88s 
322010     INFO  main            d.u.i.k.p.i.AbstractProblemLoader Replaying proof quadraticInEq10.key.proof 
322027     DEBUG main            d.u.i.k.p.i.IntermediateProofReplayer Proof replay took 14.69ms 
322028     DEBUG main            d.u.i.k.p.r.p.TestFile    ... success: reloaded. 
322029     INFO  main            d.u.i.k.p.r.p.TestFile    Now processing file /home/runner/work/key/key/key.core/../key.ui/examples/standard_key/inEqSimp/quadraticInEq13.key 
322029     INFO  main            d.u.i.k.p.i.AbstractProblemLoader Loading environment from /home/runner/work/key/key/key.core/../key.ui/examples/standard_key/inEqSimp/quadraticInEq13.key 
322029     DEBUG main            d.u.i.k.p.i.AbstractProblemLoader Environment load took 57.1ns 
322030     INFO  main            d.u.i.k.p.i.AbstractProblemLoader Creating init config 
324915     DEBUG main            d.u.i.k.p.i.AbstractProblemLoader Init config took 2.88s 
324930     INFO  main            d.u.i.k.p.i.AbstractProblemLoader Replaying proof quadraticInEq13.key 
324931     DEBUG main            d.u.i.k.p.i.IntermediateProofReplayer Proof replay took 2.6ns 
325136     INFO  main            d.u.i.k.p.r.p.TestFile    ... finished proof: closed. 
325544     INFO  main            d.u.i.k.p.i.AbstractProblemLoader Loading environment from /home/runner/work/key/key/key.core/../key.ui/examples/standard_key/inEqSimp/quadraticInEq13.key.proof 
325544     DEBUG main            d.u.i.k.p.i.AbstractProblemLoader Environment load took 104.61ns 
325545     INFO  main            d.u.i.k.p.i.AbstractProblemLoader Creating init config 
328466     DEBUG main            d.u.i.k.p.i.AbstractProblemLoader Init config took 2.92s 
328481     INFO  main            d.u.i.k.p.i.AbstractProblemLoader Replaying proof quadraticInEq13.key.proof 
328502     DEBUG main            d.u.i.k.p.i.IntermediateProofReplayer Proof replay took 17.88ms 
328503     DEBUG main            d.u.i.k.p.r.p.TestFile    ... success: reloaded. 
328504     INFO  main            d.u.i.k.p.r.p.TestFile    Now processing file /home/runner/work/key/key/key.core/../key.ui/examples/standard_key/inEqSimp/quadraticInEq14.key 
328504     INFO  main            d.u.i.k.p.i.AbstractProblemLoader Loading environment from /home/runner/work/key/key/key.core/../key.ui/examples/standard_key/inEqSimp/quadraticInEq14.key 
328504     DEBUG main            d.u.i.k.p.i.AbstractProblemLoader Environment load took 97.81ns 
328505     INFO  main            d.u.i.k.p.i.AbstractProblemLoader Creating init config 
331389     DEBUG main            d.u.i.k.p.i.AbstractProblemLoader Init config took 2.88s 
331404     INFO  main            d.u.i.k.p.i.AbstractProblemLoader Replaying proof quadraticInEq14.key 
331405     DEBUG main            d.u.i.k.p.i.IntermediateProofReplayer Proof replay took 3.4ns 
331708     INFO  main            d.u.i.k.p.r.p.TestFile    ... finished proof: closed. 
332119     INFO  main            d.u.i.k.p.i.AbstractProblemLoader Loading environment from /home/runner/work/key/key/key.core/../key.ui/examples/standard_key/inEqSimp/quadraticInEq14.key.proof 
332119     DEBUG main            d.u.i.k.p.i.AbstractProblemLoader Environment load took 107.51ns 
332120     INFO  main            d.u.i.k.p.i.AbstractProblemLoader Creating init config 
334995     DEBUG main            d.u.i.k.p.i.AbstractProblemLoader Init config took 2.87s 
335010     INFO  main            d.u.i.k.p.i.AbstractProblemLoader Replaying proof quadraticInEq14.key.proof 
335034     DEBUG main            d.u.i.k.p.i.IntermediateProofReplayer Proof replay took 20.83ms 
335035     DEBUG main            d.u.i.k.p.r.p.TestFile    ... success: reloaded. 
335036     INFO  main            d.u.i.k.p.r.p.TestFile    Now processing file /home/runner/work/key/key/key.core/../key.ui/examples/standard_key/inEqSimp/quadraticInEq2.key 
335036     INFO  main            d.u.i.k.p.i.AbstractProblemLoader Loading environment from /home/runner/work/key/key/key.core/../key.ui/examples/standard_key/inEqSimp/quadraticInEq2.key 
335036     DEBUG main            d.u.i.k.p.i.AbstractProblemLoader Environment load took 83.11ns 
335037     INFO  main            d.u.i.k.p.i.AbstractProblemLoader Creating init config 
337972     DEBUG main            d.u.i.k.p.i.AbstractProblemLoader Init config took 2.94s 
337988     INFO  main            d.u.i.k.p.i.AbstractProblemLoader Replaying proof quadraticInEq2.key 
337990     DEBUG main            d.u.i.k.p.i.IntermediateProofReplayer Proof replay took 3.6ns 
338094     INFO  main            d.u.i.k.p.r.p.TestFile    ... finished proof: closed. 
338494     INFO  main            d.u.i.k.p.i.AbstractProblemLoader Loading environment from /home/runner/work/key/key/key.core/../key.ui/examples/standard_key/inEqSimp/quadraticInEq2.key.proof 
338494     DEBUG main            d.u.i.k.p.i.AbstractProblemLoader Environment load took 103.61ns 
338496     INFO  main            d.u.i.k.p.i.AbstractProblemLoader Creating init config 
341323     DEBUG main            d.u.i.k.p.i.AbstractProblemLoader Init config took 2.83s 
341340     INFO  main            d.u.i.k.p.i.AbstractProblemLoader Replaying proof quadraticInEq2.key.proof 
341344     DEBUG main            d.u.i.k.p.i.IntermediateProofReplayer Proof replay took 2.4ms 
341345     DEBUG main            d.u.i.k.p.r.p.TestFile    ... success: reloaded. 
341345     INFO  main            d.u.i.k.p.r.p.TestFile    Now processing file /home/runner/work/key/key/key.core/../key.ui/examples/standard_key/inEqSimp/quadraticInEq3.key 
341345     INFO  main            d.u.i.k.p.i.AbstractProblemLoader Loading environment from /home/runner/work/key/key/key.core/../key.ui/examples/standard_key/inEqSimp/quadraticInEq3.key 
341346     DEBUG main            d.u.i.k.p.i.AbstractProblemLoader Environment load took 57.1ns 
341347     INFO  main            d.u.i.k.p.i.AbstractProblemLoader Creating init config 
344216     DEBUG main            d.u.i.k.p.i.AbstractProblemLoader Init config took 2.87s 
344231     INFO  main            d.u.i.k.p.i.AbstractProblemLoader Replaying proof quadraticInEq3.key 
344232     DEBUG main            d.u.i.k.p.i.IntermediateProofReplayer Proof replay took 2.8ns 
344335     INFO  main            d.u.i.k.p.r.p.TestFile    ... finished proof: closed. 
344731     INFO  main            d.u.i.k.p.i.AbstractProblemLoader Loading environment from /home/runner/work/key/key/key.core/../key.ui/examples/standard_key/inEqSimp/quadraticInEq3.key.proof 
344731     DEBUG main            d.u.i.k.p.i.AbstractProblemLoader Environment load took 100.71ns 
344733     INFO  main            d.u.i.k.p.i.AbstractProblemLoader Creating init config 
347694     DEBUG main            d.u.i.k.p.i.AbstractProblemLoader Init config took 2.96s 
347712     INFO  main            d.u.i.k.p.i.AbstractProblemLoader Replaying proof quadraticInEq3.key.proof 
347723     DEBUG main            d.u.i.k.p.i.IntermediateProofReplayer Proof replay took 7.38ms 
347724     DEBUG main            d.u.i.k.p.r.p.TestFile    ... success: reloaded. 
347725     INFO  main            d.u.i.k.p.r.p.TestFile    Now processing file /home/runner/work/key/key/key.core/../key.ui/examples/standard_key/inEqSimp/quadraticInEq4.key 
347725     INFO  main            d.u.i.k.p.i.AbstractProblemLoader Loading environment from /home/runner/work/key/key/key.core/../key.ui/examples/standard_key/inEqSimp/quadraticInEq4.key 
347725     DEBUG main            d.u.i.k.p.i.AbstractProblemLoader Environment load took 95.71ns 
347727     INFO  main            d.u.i.k.p.i.AbstractProblemLoader Creating init config 
350748     DEBUG main            d.u.i.k.p.i.AbstractProblemLoader Init config took 3.02s 
350762     INFO  main            d.u.i.k.p.i.AbstractProblemLoader Replaying proof quadraticInEq4.key 
350764     DEBUG main            d.u.i.k.p.i.IntermediateProofReplayer Proof replay took 3.5ns 
350867     INFO  main            d.u.i.k.p.r.p.TestFile    ... finished proof: closed. 
351272     INFO  main            d.u.i.k.p.i.AbstractProblemLoader Loading environment from /home/runner/work/key/key/key.core/../key.ui/examples/standard_key/inEqSimp/quadraticInEq4.key.proof 
351272     DEBUG main            d.u.i.k.p.i.AbstractProblemLoader Environment load took 104.81ns 
351274     INFO  main            d.u.i.k.p.i.AbstractProblemLoader Creating init config 
354160     DEBUG main            d.u.i.k.p.i.AbstractProblemLoader Init config took 2.89s 
354175     INFO  main            d.u.i.k.p.i.AbstractProblemLoader Replaying proof quadraticInEq4.key.proof 
354181     DEBUG main            d.u.i.k.p.i.IntermediateProofReplayer Proof replay took 4.67ms 
354182     DEBUG main            d.u.i.k.p.r.p.TestFile    ... success: reloaded. 
354183     INFO  main            d.u.i.k.p.r.p.TestFile    Now processing file /home/runner/work/key/key/key.core/../key.ui/examples/standard_key/inEqSimp/quadraticInEq5.key 
354183     INFO  main            d.u.i.k.p.i.AbstractProblemLoader Loading environment from /home/runner/work/key/key/key.core/../key.ui/examples/standard_key/inEqSimp/quadraticInEq5.key 
354183     DEBUG main            d.u.i.k.p.i.AbstractProblemLoader Environment load took 91.81ns 
354184     INFO  main            d.u.i.k.p.i.AbstractProblemLoader Creating init config 
357095     DEBUG main            d.u.i.k.p.i.AbstractProblemLoader Init config took 2.91s 
357112     INFO  main            d.u.i.k.p.i.AbstractProblemLoader Replaying proof quadraticInEq5.key 
357113     DEBUG main            d.u.i.k.p.i.IntermediateProofReplayer Proof replay took 3ns 
357215     INFO  main            d.u.i.k.p.r.p.TestFile    ... finished proof: closed. 
357634     INFO  main            d.u.i.k.p.i.AbstractProblemLoader Loading environment from /home/runner/work/key/key/key.core/../key.ui/examples/standard_key/inEqSimp/quadraticInEq5.key.proof 
357634     DEBUG main            d.u.i.k.p.i.AbstractProblemLoader Environment load took 132.71ns 
357635     INFO  main            d.u.i.k.p.i.AbstractProblemLoader Creating init config 
360452     DEBUG main            d.u.i.k.p.i.AbstractProblemLoader Init config took 2.82s 
360467     INFO  main            d.u.i.k.p.i.AbstractProblemLoader Replaying proof quadraticInEq5.key.proof 
360473     DEBUG main            d.u.i.k.p.i.IntermediateProofReplayer Proof replay took 4.62ms 
360474     DEBUG main            d.u.i.k.p.r.p.TestFile    ... success: reloaded. 
360475     INFO  main            d.u.i.k.p.r.p.TestFile    Now processing file /home/runner/work/key/key/key.core/../key.ui/examples/standard_key/inEqSimp/quadraticInEq6.key 
360475     INFO  main            d.u.i.k.p.i.AbstractProblemLoader Loading environment from /home/runner/work/key/key/key.core/../key.ui/examples/standard_key/inEqSimp/quadraticInEq6.key 
360475     DEBUG main            d.u.i.k.p.i.AbstractProblemLoader Environment load took 57ns 
360476     INFO  main            d.u.i.k.p.i.AbstractProblemLoader Creating init config 
363489     DEBUG main            d.u.i.k.p.i.AbstractProblemLoader Init config took 3.01s 
363505     INFO  main            d.u.i.k.p.i.AbstractProblemLoader Replaying proof quadraticInEq6.key 
363506     DEBUG main            d.u.i.k.p.i.IntermediateProofReplayer Proof replay took 2.9ns 
363611     INFO  main            d.u.i.k.p.r.p.TestFile    ... finished proof: closed. 
364024     INFO  main            d.u.i.k.p.i.AbstractProblemLoader Loading environment from /home/runner/work/key/key/key.core/../key.ui/examples/standard_key/inEqSimp/quadraticInEq6.key.proof 
364024     DEBUG main            d.u.i.k.p.i.AbstractProblemLoader Environment load took 105.81ns 
364025     INFO  main            d.u.i.k.p.i.AbstractProblemLoader Creating init config 
366921     DEBUG main            d.u.i.k.p.i.AbstractProblemLoader Init config took 2.9s 
366936     INFO  main            d.u.i.k.p.i.AbstractProblemLoader Replaying proof quadraticInEq6.key.proof 
366942     DEBUG main            d.u.i.k.p.i.IntermediateProofReplayer Proof replay took 4.11ms 
366942     DEBUG main            d.u.i.k.p.r.p.TestFile    ... success: reloaded. 
366943     INFO  main            d.u.i.k.p.r.p.TestFile    Now processing file /home/runner/work/key/key/key.core/../key.ui/examples/standard_key/inEqSimp/quadraticInEq7.key 
366943     INFO  main            d.u.i.k.p.i.AbstractProblemLoader Loading environment from /home/runner/work/key/key/key.core/../key.ui/examples/standard_key/inEqSimp/quadraticInEq7.key 
366943     DEBUG main            d.u.i.k.p.i.AbstractProblemLoader Environment load took 56.2ns 
366944     INFO  main            d.u.i.k.p.i.AbstractProblemLoader Creating init config 
369799     DEBUG main            d.u.i.k.p.i.AbstractProblemLoader Init config took 2.85s 
369813     INFO  main            d.u.i.k.p.i.AbstractProblemLoader Replaying proof quadraticInEq7.key 
369815     DEBUG main            d.u.i.k.p.i.IntermediateProofReplayer Proof replay took 3.2ns 
369917     INFO  main            d.u.i.k.p.r.p.TestFile    ... finished proof: closed. 
370342     INFO  main            d.u.i.k.p.i.AbstractProblemLoader Loading environment from /home/runner/work/key/key/key.core/../key.ui/examples/standard_key/inEqSimp/quadraticInEq7.key.proof 
370342     DEBUG main            d.u.i.k.p.i.AbstractProblemLoader Environment load took 466.83ns 
370344     INFO  main            d.u.i.k.p.i.AbstractProblemLoader Creating init config 
373236     DEBUG main            d.u.i.k.p.i.AbstractProblemLoader Init config took 2.89s 
373254     INFO  main            d.u.i.k.p.i.AbstractProblemLoader Replaying proof quadraticInEq7.key.proof 
373258     DEBUG main            d.u.i.k.p.i.IntermediateProofReplayer Proof replay took 2.39ms 
373259     DEBUG main            d.u.i.k.p.r.p.TestFile    ... success: reloaded. 
373262     INFO  main            d.u.i.k.p.r.p.TestFile    Now processing file /home/runner/work/key/key/key.core/../key.ui/examples/standard_key/inEqSimp/quadraticInEq8.key 
373262     INFO  main            d.u.i.k.p.i.AbstractProblemLoader Loading environment from /home/runner/work/key/key/key.core/../key.ui/examples/standard_key/inEqSimp/quadraticInEq8.key 
373262     DEBUG main            d.u.i.k.p.i.AbstractProblemLoader Environment load took 246.52ns 
373268     INFO  main            d.u.i.k.p.i.AbstractProblemLoader Creating init config 
376184     DEBUG main            d.u.i.k.p.i.AbstractProblemLoader Init config took 2.92s 
376199     INFO  main            d.u.i.k.p.i.AbstractProblemLoader Replaying proof quadraticInEq8.key 
376201     DEBUG main            d.u.i.k.p.i.IntermediateProofReplayer Proof replay took 2.8ns 
376303     INFO  main            d.u.i.k.p.r.p.TestFile    ... finished proof: closed. 
376723     INFO  main            d.u.i.k.p.i.AbstractProblemLoader Loading environment from /home/runner/work/key/key/key.core/../key.ui/examples/standard_key/inEqSimp/quadraticInEq8.key.proof 
376723     DEBUG main            d.u.i.k.p.i.AbstractProblemLoader Environment load took 123.91ns 
376724     INFO  main            d.u.i.k.p.i.AbstractProblemLoader Creating init config 
379554     DEBUG main            d.u.i.k.p.i.AbstractProblemLoader Init config took 2.83s 
379569     INFO  main            d.u.i.k.p.i.AbstractProblemLoader Replaying proof quadraticInEq8.key.proof 
379578     DEBUG main            d.u.i.k.p.i.IntermediateProofReplayer Proof replay took 7.4ms 
379579     DEBUG main            d.u.i.k.p.r.p.TestFile    ... success: reloaded. 
379580     INFO  main            d.u.i.k.p.r.p.TestFile    Now processing file /home/runner/work/key/key/key.core/../key.ui/examples/standard_key/inEqSimp/simplify0.key 
379580     INFO  main            d.u.i.k.p.i.AbstractProblemLoader Loading environment from /home/runner/work/key/key/key.core/../key.ui/examples/standard_key/inEqSimp/simplify0.key 
379580     DEBUG main            d.u.i.k.p.i.AbstractProblemLoader Environment load took 75.61ns 
379581     INFO  main            d.u.i.k.p.i.AbstractProblemLoader Creating init config 
382417     DEBUG main            d.u.i.k.p.i.AbstractProblemLoader Init config took 2.84s 
382433     INFO  main            d.u.i.k.p.i.AbstractProblemLoader Replaying proof simplify0.key 
382434     DEBUG main            d.u.i.k.p.i.IntermediateProofReplayer Proof replay took 3.5ns 
382539     INFO  main            d.u.i.k.p.r.p.TestFile    ... finished proof: closed. 
383037     INFO  main            d.u.i.k.p.i.AbstractProblemLoader Loading environment from /home/runner/work/key/key/key.core/../key.ui/examples/standard_key/inEqSimp/simplify0.key.proof 
383037     DEBUG main            d.u.i.k.p.i.AbstractProblemLoader Environment load took 96.01ns 
383038     INFO  main            d.u.i.k.p.i.AbstractProblemLoader Creating init config 
385817     DEBUG main            d.u.i.k.p.i.AbstractProblemLoader Init config took 2.78s 
385832     INFO  main            d.u.i.k.p.i.AbstractProblemLoader Replaying proof simplify0.key.proof 
385836     DEBUG main            d.u.i.k.p.i.IntermediateProofReplayer Proof replay took 2.5ms 
385837     DEBUG main            d.u.i.k.p.r.p.TestFile    ... success: reloaded. 
385838     INFO  main            d.u.i.k.p.r.p.TestFile    Now processing file /home/runner/work/key/key/key.core/../key.ui/examples/standard_key/inEqSimp/simplify1.key 
385838     INFO  main            d.u.i.k.p.i.AbstractProblemLoader Loading environment from /home/runner/work/key/key/key.core/../key.ui/examples/standard_key/inEqSimp/simplify1.key 
385838     DEBUG main            d.u.i.k.p.i.AbstractProblemLoader Environment load took 46.8ns 
385839     INFO  main            d.u.i.k.p.i.AbstractProblemLoader Creating init config 
388716     DEBUG main            d.u.i.k.p.i.AbstractProblemLoader Init config took 2.88s 
388731     INFO  main            d.u.i.k.p.i.AbstractProblemLoader Replaying proof simplify1.key 
388732     DEBUG main            d.u.i.k.p.i.IntermediateProofReplayer Proof replay took 2.7ns 
388834     INFO  main            d.u.i.k.p.r.p.TestFile    ... finished proof: closed. 
389266     INFO  main            d.u.i.k.p.i.AbstractProblemLoader Loading environment from /home/runner/work/key/key/key.core/../key.ui/examples/standard_key/inEqSimp/simplify1.key.proof 
389266     DEBUG main            d.u.i.k.p.i.AbstractProblemLoader Environment load took 86.81ns 
389267     INFO  main            d.u.i.k.p.i.AbstractProblemLoader Creating init config 
392115     DEBUG main            d.u.i.k.p.i.AbstractProblemLoader Init config took 2.85s 
392129     INFO  main            d.u.i.k.p.i.AbstractProblemLoader Replaying proof simplify1.key.proof 
392132     DEBUG main            d.u.i.k.p.i.IntermediateProofReplayer Proof replay took 1.23ms 
392133     DEBUG main            d.u.i.k.p.r.p.TestFile    ... success: reloaded. 
392133     INFO  main            d.u.i.k.p.r.p.TestFile    Now processing file /home/runner/work/key/key/key.core/../key.ui/examples/standard_key/inEqSimp/simplify2.key 
392133     INFO  main            d.u.i.k.p.i.AbstractProblemLoader Loading environment from /home/runner/work/key/key/key.core/../key.ui/examples/standard_key/inEqSimp/simplify2.key 
392133     DEBUG main            d.u.i.k.p.i.AbstractProblemLoader Environment load took 56.9ns 
392134     INFO  main            d.u.i.k.p.i.AbstractProblemLoader Creating init config 
395072     DEBUG main            d.u.i.k.p.i.AbstractProblemLoader Init config took 2.94s 
395087     INFO  main            d.u.i.k.p.i.AbstractProblemLoader Replaying proof simplify2.key 
395088     DEBUG main            d.u.i.k.p.i.IntermediateProofReplayer Proof replay took 2.8ns 
395190     INFO  main            d.u.i.k.p.r.p.TestFile    ... finished proof: closed. 
395633     INFO  main            d.u.i.k.p.i.AbstractProblemLoader Loading environment from /home/runner/work/key/key/key.core/../key.ui/examples/standard_key/inEqSimp/simplify2.key.proof 
395633     DEBUG main            d.u.i.k.p.i.AbstractProblemLoader Environment load took 92.61ns 
395634     INFO  main            d.u.i.k.p.i.AbstractProblemLoader Creating init config 
398483     DEBUG main            d.u.i.k.p.i.AbstractProblemLoader Init config took 2.85s 
398498     INFO  main            d.u.i.k.p.i.AbstractProblemLoader Replaying proof simplify2.key.proof 
398518     DEBUG main            d.u.i.k.p.i.IntermediateProofReplayer Proof replay took 17.64ms 
398519     DEBUG main            d.u.i.k.p.r.p.TestFile    ... success: reloaded. 
398520     INFO  main            d.u.i.k.p.r.p.TestFile    Now processing file /home/runner/work/key/key/key.core/../key.ui/examples/standard_key/inEqSimp/simplify3.key 
398520     INFO  main            d.u.i.k.p.i.AbstractProblemLoader Loading environment from /home/runner/work/key/key/key.core/../key.ui/examples/standard_key/inEqSimp/simplify3.key 
398520     DEBUG main            d.u.i.k.p.i.AbstractProblemLoader Environment load took 93.31ns 
398522     INFO  main            d.u.i.k.p.i.AbstractProblemLoader Creating init config 
401463     DEBUG main            d.u.i.k.p.i.AbstractProblemLoader Init config took 2.94s 
401478     INFO  main            d.u.i.k.p.i.AbstractProblemLoader Replaying proof simplify3.key 
401479     DEBUG main            d.u.i.k.p.i.IntermediateProofReplayer Proof replay took 2.6ns 
401581     INFO  main            d.u.i.k.p.r.p.TestFile    ... finished proof: closed. 
402036     INFO  main            d.u.i.k.p.i.AbstractProblemLoader Loading environment from /home/runner/work/key/key/key.core/../key.ui/examples/standard_key/inEqSimp/simplify3.key.proof 
402036     DEBUG main            d.u.i.k.p.i.AbstractProblemLoader Environment load took 90.51ns 
402037     INFO  main            d.u.i.k.p.i.AbstractProblemLoader Creating init config 
404946     DEBUG main            d.u.i.k.p.i.AbstractProblemLoader Init config took 2.91s 
404961     INFO  main            d.u.i.k.p.i.AbstractProblemLoader Replaying proof simplify3.key.proof 
404964     DEBUG main            d.u.i.k.p.i.IntermediateProofReplayer Proof replay took 2.22ms 
404965     DEBUG main            d.u.i.k.p.r.p.TestFile    ... success: reloaded. 
404965     INFO  main            d.u.i.k.p.r.p.TestFile    Now processing file /home/runner/work/key/key/key.core/../key.ui/examples/standard_key/inEqSimp/simplify4.key 
404965     INFO  main            d.u.i.k.p.i.AbstractProblemLoader Loading environment from /home/runner/work/key/key/key.core/../key.ui/examples/standard_key/inEqSimp/simplify4.key 
404966     DEBUG main            d.u.i.k.p.i.AbstractProblemLoader Environment load took 111.71ns 
404967     INFO  main            d.u.i.k.p.i.AbstractProblemLoader Creating init config 
407793     DEBUG main            d.u.i.k.p.i.AbstractProblemLoader Init config took 2.83s 
407812     INFO  main            d.u.i.k.p.i.AbstractProblemLoader Replaying proof simplify4.key 
407813     DEBUG main            d.u.i.k.p.i.IntermediateProofReplayer Proof replay took 3.1ns 
407915     INFO  main            d.u.i.k.p.r.p.TestFile    ... finished proof: closed. 
408395     INFO  main            d.u.i.k.p.i.AbstractProblemLoader Loading environment from /home/runner/work/key/key/key.core/../key.ui/examples/standard_key/inEqSimp/simplify4.key.proof 
408395     DEBUG main            d.u.i.k.p.i.AbstractProblemLoader Environment load took 104.91ns 
408396     INFO  main            d.u.i.k.p.i.AbstractProblemLoader Creating init config 
411276     DEBUG main            d.u.i.k.p.i.AbstractProblemLoader Init config took 2.88s 
411292     INFO  main            d.u.i.k.p.i.AbstractProblemLoader Replaying proof simplify4.key.proof 
411308     DEBUG main            d.u.i.k.p.i.IntermediateProofReplayer Proof replay took 14.09ms 
411309     DEBUG main            d.u.i.k.p.r.p.TestFile    ... success: reloaded. 
411309     INFO  main            d.u.i.k.p.r.p.TestFile    Now processing file /home/runner/work/key/key/key.core/../key.ui/examples/standard_key/inEqSimp/simplify5.key 
411310     INFO  main            d.u.i.k.p.i.AbstractProblemLoader Loading environment from /home/runner/work/key/key/key.core/../key.ui/examples/standard_key/inEqSimp/simplify5.key 
411310     DEBUG main            d.u.i.k.p.i.AbstractProblemLoader Environment load took 91.21ns 
411311     INFO  main            d.u.i.k.p.i.AbstractProblemLoader Creating init config 
414158     DEBUG main            d.u.i.k.p.i.AbstractProblemLoader Init config took 2.85s 
414173     INFO  main            d.u.i.k.p.i.AbstractProblemLoader Replaying proof simplify5.key 
414176     DEBUG main            d.u.i.k.p.i.IntermediateProofReplayer Proof replay took 2.8ns 
414782     INFO  main            d.u.i.k.p.r.p.TestFile    ... finished proof: closed. 
415281     INFO  main            d.u.i.k.p.i.AbstractProblemLoader Loading environment from /home/runner/work/key/key/key.core/../key.ui/examples/standard_key/inEqSimp/simplify5.key.proof 
415282     DEBUG main            d.u.i.k.p.i.AbstractProblemLoader Environment load took 927.26ns 
415284     INFO  main            d.u.i.k.p.i.AbstractProblemLoader Creating init config 
418145     DEBUG main            d.u.i.k.p.i.AbstractProblemLoader Init config took 2.86s 
418161     INFO  main            d.u.i.k.p.i.AbstractProblemLoader Replaying proof simplify5.key.proof 
418217     DEBUG main            d.u.i.k.p.i.IntermediateProofReplayer Proof replay took 50.7ms 
418218     DEBUG main            d.u.i.k.p.r.p.TestFile    ... success: reloaded. 
418219     INFO  main            d.u.i.k.p.r.p.TestFile    Now processing file /home/runner/work/key/key/key.core/../key.ui/examples/standard_key/inEqSimp/subsumptionExample.key 
418219     INFO  main            d.u.i.k.p.i.AbstractProblemLoader Loading environment from /home/runner/work/key/key/key.core/../key.ui/examples/standard_key/inEqSimp/subsumptionExample.key 
418219     DEBUG main            d.u.i.k.p.i.AbstractProblemLoader Environment load took 83.41ns 
418220     INFO  main            d.u.i.k.p.i.AbstractProblemLoader Creating init config 
421137     DEBUG main            d.u.i.k.p.i.AbstractProblemLoader Init config took 2.92s 
421151     INFO  main            d.u.i.k.p.i.AbstractProblemLoader Replaying proof subsumptionExample.key 
421152     DEBUG main            d.u.i.k.p.i.IntermediateProofReplayer Proof replay took 2.8ns 
421254     INFO  main            d.u.i.k.p.r.p.TestFile    ... finished proof: closed. 
421740     INFO  main            d.u.i.k.p.i.AbstractProblemLoader Loading environment from /home/runner/work/key/key/key.core/../key.ui/examples/standard_key/inEqSimp/subsumptionExample.key.proof 
421740     DEBUG main            d.u.i.k.p.i.AbstractProblemLoader Environment load took 98.21ns 
421741     INFO  main            d.u.i.k.p.i.AbstractProblemLoader Creating init config 
424631     DEBUG main            d.u.i.k.p.i.AbstractProblemLoader Init config took 2.89s 
424646     INFO  main            d.u.i.k.p.i.AbstractProblemLoader Replaying proof subsumptionExample.key.proof 
424649     DEBUG main            d.u.i.k.p.i.IntermediateProofReplayer Proof replay took 795.95ns 
424649     DEBUG main            d.u.i.k.p.r.p.TestFile    ... success: reloaded. 
424650     INFO  main            d.u.i.k.p.r.p.TestFile    Now processing file /home/runner/work/key/key/key.core/../key.ui/examples/standard_key/polySimp/simplify0.key 
424650     INFO  main            d.u.i.k.p.i.AbstractProblemLoader Loading environment from /home/runner/work/key/key/key.core/../key.ui/examples/standard_key/polySimp/simplify0.key 
424650     DEBUG main            d.u.i.k.p.i.AbstractProblemLoader Environment load took 49.6ns 
424651     INFO  main            d.u.i.k.p.i.AbstractProblemLoader Creating init config 
427520     DEBUG main            d.u.i.k.p.i.AbstractProblemLoader Init config took 2.87s 
427536     INFO  main            d.u.i.k.p.i.AbstractProblemLoader Replaying proof simplify0.key 
427537     DEBUG main            d.u.i.k.p.i.IntermediateProofReplayer Proof replay took 3.2ns 
427739     INFO  main            d.u.i.k.p.r.p.TestFile    ... finished proof: closed. 
428241     INFO  main            d.u.i.k.p.i.AbstractProblemLoader Loading environment from /home/runner/work/key/key/key.core/../key.ui/examples/standard_key/polySimp/simplify0.key.proof 
428241     DEBUG main            d.u.i.k.p.i.AbstractProblemLoader Environment load took 87.81ns 
428242     INFO  main            d.u.i.k.p.i.AbstractProblemLoader Creating init config 
431124     DEBUG main            d.u.i.k.p.i.AbstractProblemLoader Init config took 2.88s 
431140     INFO  main            d.u.i.k.p.i.AbstractProblemLoader Replaying proof simplify0.key.proof 
431162     DEBUG main            d.u.i.k.p.i.IntermediateProofReplayer Proof replay took 16.78ms 
431163     DEBUG main            d.u.i.k.p.r.p.TestFile    ... success: reloaded. 
431163     INFO  main            d.u.i.k.p.r.p.TestFile    Now processing file /home/runner/work/key/key/key.core/../key.ui/examples/standard_key/polySimp/simplify1.key 
431165     INFO  main            d.u.i.k.p.i.AbstractProblemLoader Loading environment from /home/runner/work/key/key/key.core/../key.ui/examples/standard_key/polySimp/simplify1.key 
431165     DEBUG main            d.u.i.k.p.i.AbstractProblemLoader Environment load took 73ns 
431167     INFO  main            d.u.i.k.p.i.AbstractProblemLoader Creating init config 
434056     DEBUG main            d.u.i.k.p.i.AbstractProblemLoader Init config took 2.89s 
434077     INFO  main            d.u.i.k.p.i.AbstractProblemLoader Replaying proof simplify1.key 
434078     DEBUG main            d.u.i.k.p.i.IntermediateProofReplayer Proof replay took 3.4ns 
434383     INFO  main            d.u.i.k.p.r.p.TestFile    ... finished proof: closed. 
434881     INFO  main            d.u.i.k.p.i.AbstractProblemLoader Loading environment from /home/runner/work/key/key/key.core/../key.ui/examples/standard_key/polySimp/simplify1.key.proof 
434881     DEBUG main            d.u.i.k.p.i.AbstractProblemLoader Environment load took 89.41ns 
434883     INFO  main            d.u.i.k.p.i.AbstractProblemLoader Creating init config 
437658     DEBUG main            d.u.i.k.p.i.AbstractProblemLoader Init config took 2.78s 
437673     INFO  main            d.u.i.k.p.i.AbstractProblemLoader Replaying proof simplify1.key.proof 
437714     DEBUG main            d.u.i.k.p.i.IntermediateProofReplayer Proof replay took 38.28ms 
437715     DEBUG main            d.u.i.k.p.r.p.TestFile    ... success: reloaded. 
437715     INFO  main            d.u.i.k.p.r.p.TestFile    Now processing file /home/runner/work/key/key/key.core/../key.ui/examples/standard_key/polySimp/simplify10.key 
437715     INFO  main            d.u.i.k.p.i.AbstractProblemLoader Loading environment from /home/runner/work/key/key/key.core/../key.ui/examples/standard_key/polySimp/simplify10.key 
437715     DEBUG main            d.u.i.k.p.i.AbstractProblemLoader Environment load took 51.5ns 
437717     INFO  main            d.u.i.k.p.i.AbstractProblemLoader Creating init config 
440577     DEBUG main            d.u.i.k.p.i.AbstractProblemLoader Init config took 2.86s 
440593     INFO  main            d.u.i.k.p.i.AbstractProblemLoader Replaying proof simplify10.key 
440594     DEBUG main            d.u.i.k.p.i.IntermediateProofReplayer Proof replay took 3.5ns 
440898     INFO  main            d.u.i.k.p.r.p.TestFile    ... finished proof: closed. 
441413     INFO  main            d.u.i.k.p.i.AbstractProblemLoader Loading environment from /home/runner/work/key/key/key.core/../key.ui/examples/standard_key/polySimp/simplify10.key.proof 
441413     DEBUG main            d.u.i.k.p.i.AbstractProblemLoader Environment load took 91.91ns 
441414     INFO  main            d.u.i.k.p.i.AbstractProblemLoader Creating init config 
444249     DEBUG main            d.u.i.k.p.i.AbstractProblemLoader Init config took 2.83s 
444269     INFO  main            d.u.i.k.p.i.AbstractProblemLoader Replaying proof simplify10.key.proof 
444307     DEBUG main            d.u.i.k.p.i.IntermediateProofReplayer Proof replay took 34.91ms 
444308     DEBUG main            d.u.i.k.p.r.p.TestFile    ... success: reloaded. 
444308     INFO  main            d.u.i.k.p.r.p.TestFile    Now processing file /home/runner/work/key/key/key.core/../key.ui/examples/standard_key/polySimp/simplify11.key 
444309     INFO  main            d.u.i.k.p.i.AbstractProblemLoader Loading environment from /home/runner/work/key/key/key.core/../key.ui/examples/standard_key/polySimp/simplify11.key 
444309     DEBUG main            d.u.i.k.p.i.AbstractProblemLoader Environment load took 59.1ns 
444310     INFO  main            d.u.i.k.p.i.AbstractProblemLoader Creating init config 
447271     DEBUG main            d.u.i.k.p.i.AbstractProblemLoader Init config took 2.96s 
447286     INFO  main            d.u.i.k.p.i.AbstractProblemLoader Replaying proof simplify11.key 
447287     DEBUG main            d.u.i.k.p.i.IntermediateProofReplayer Proof replay took 2.8ns 
447589     INFO  main            d.u.i.k.p.r.p.TestFile    ... finished proof: closed. 
448115     INFO  main            d.u.i.k.p.i.AbstractProblemLoader Loading environment from /home/runner/work/key/key/key.core/../key.ui/examples/standard_key/polySimp/simplify11.key.proof 
448115     DEBUG main            d.u.i.k.p.i.AbstractProblemLoader Environment load took 89.81ns 
448117     INFO  main            d.u.i.k.p.i.AbstractProblemLoader Creating init config 
450943     DEBUG main            d.u.i.k.p.i.AbstractProblemLoader Init config took 2.83s 
450963     INFO  main            d.u.i.k.p.i.AbstractProblemLoader Replaying proof simplify11.key.proof 
450986     DEBUG main            d.u.i.k.p.i.IntermediateProofReplayer Proof replay took 20.51ms 
450987     DEBUG main            d.u.i.k.p.r.p.TestFile    ... success: reloaded. 
450988     INFO  main            d.u.i.k.p.r.p.TestFile    Now processing file /home/runner/work/key/key/key.core/../key.ui/examples/standard_key/polySimp/simplify12.key 
450988     INFO  main            d.u.i.k.p.i.AbstractProblemLoader Loading environment from /home/runner/work/key/key/key.core/../key.ui/examples/standard_key/polySimp/simplify12.key 
450988     DEBUG main            d.u.i.k.p.i.AbstractProblemLoader Environment load took 48.5ns 
450989     INFO  main            d.u.i.k.p.i.AbstractProblemLoader Creating init config 
453923     DEBUG main            d.u.i.k.p.i.AbstractProblemLoader Init config took 2.93s 
453938     INFO  main            d.u.i.k.p.i.AbstractProblemLoader Replaying proof simplify12.key 
453939     DEBUG main            d.u.i.k.p.i.IntermediateProofReplayer Proof replay took 3ns 
454046     INFO  main            d.u.i.k.p.r.p.TestFile    ... finished proof: closed. 
454579     INFO  main            d.u.i.k.p.i.AbstractProblemLoader Loading environment from /home/runner/work/key/key/key.core/../key.ui/examples/standard_key/polySimp/simplify12.key.proof 
454579     DEBUG main            d.u.i.k.p.i.AbstractProblemLoader Environment load took 87.51ns 
454580     INFO  main            d.u.i.k.p.i.AbstractProblemLoader Creating init config 
457425     DEBUG main            d.u.i.k.p.i.AbstractProblemLoader Init config took 2.85s 
457440     INFO  main            d.u.i.k.p.i.AbstractProblemLoader Replaying proof simplify12.key.proof 
457452     DEBUG main            d.u.i.k.p.i.IntermediateProofReplayer Proof replay took 9.47ms 
457453     DEBUG main            d.u.i.k.p.r.p.TestFile    ... success: reloaded. 
457454     INFO  main            d.u.i.k.p.r.p.TestFile    Now processing file /home/runner/work/key/key/key.core/../key.ui/examples/standard_key/polySimp/simplify13.key 
457454     INFO  main            d.u.i.k.p.i.AbstractProblemLoader Loading environment from /home/runner/work/key/key/key.core/../key.ui/examples/standard_key/polySimp/simplify13.key 
457454     DEBUG main            d.u.i.k.p.i.AbstractProblemLoader Environment load took 49ns 
457455     INFO  main            d.u.i.k.p.i.AbstractProblemLoader Creating init config 
460341     DEBUG main            d.u.i.k.p.i.AbstractProblemLoader Init config took 2.89s 
460356     INFO  main            d.u.i.k.p.i.AbstractProblemLoader Replaying proof simplify13.key 
460357     DEBUG main            d.u.i.k.p.i.IntermediateProofReplayer Proof replay took 3.1ns 
460459     INFO  main            d.u.i.k.p.r.p.TestFile    ... finished proof: closed. 
460983     INFO  main            d.u.i.k.p.i.AbstractProblemLoader Loading environment from /home/runner/work/key/key/key.core/../key.ui/examples/standard_key/polySimp/simplify13.key.proof 
460983     DEBUG main            d.u.i.k.p.i.AbstractProblemLoader Environment load took 103.11ns 
460985     INFO  main            d.u.i.k.p.i.AbstractProblemLoader Creating init config 
463851     DEBUG main            d.u.i.k.p.i.AbstractProblemLoader Init config took 2.87s 
463866     INFO  main            d.u.i.k.p.i.AbstractProblemLoader Replaying proof simplify13.key.proof 
463873     DEBUG main            d.u.i.k.p.i.IntermediateProofReplayer Proof replay took 5.51ms 
463874     DEBUG main            d.u.i.k.p.r.p.TestFile    ... success: reloaded. 
463874     INFO  main            d.u.i.k.p.r.p.TestFile    Now processing file /home/runner/work/key/key/key.core/../key.ui/examples/standard_key/polySimp/simplify14.key 
463875     INFO  main            d.u.i.k.p.i.AbstractProblemLoader Loading environment from /home/runner/work/key/key/key.core/../key.ui/examples/standard_key/polySimp/simplify14.key 
463875     DEBUG main            d.u.i.k.p.i.AbstractProblemLoader Environment load took 48ns 
463876     INFO  main            d.u.i.k.p.i.AbstractProblemLoader Creating init config 
466808     DEBUG main            d.u.i.k.p.i.AbstractProblemLoader Init config took 2.93s 
466824     INFO  main            d.u.i.k.p.i.AbstractProblemLoader Replaying proof simplify14.key 
466825     DEBUG main            d.u.i.k.p.i.IntermediateProofReplayer Proof replay took 2.6ns 
466927     INFO  main            d.u.i.k.p.r.p.TestFile    ... finished proof: closed. 
467450     INFO  main            d.u.i.k.p.i.AbstractProblemLoader Loading environment from /home/runner/work/key/key/key.core/../key.ui/examples/standard_key/polySimp/simplify14.key.proof 
467450     DEBUG main            d.u.i.k.p.i.AbstractProblemLoader Environment load took 97.31ns 
467451     INFO  main            d.u.i.k.p.i.AbstractProblemLoader Creating init config 
470257     DEBUG main            d.u.i.k.p.i.AbstractProblemLoader Init config took 2.81s 
470273     INFO  main            d.u.i.k.p.i.AbstractProblemLoader Replaying proof simplify14.key.proof 
470276     DEBUG main            d.u.i.k.p.i.IntermediateProofReplayer Proof replay took 1.46ms 
470277     DEBUG main            d.u.i.k.p.r.p.TestFile    ... success: reloaded. 
470278     INFO  main            d.u.i.k.p.r.p.TestFile    Now processing file /home/runner/work/key/key/key.core/../key.ui/examples/standard_key/polySimp/simplify15.key 
470278     INFO  main            d.u.i.k.p.i.AbstractProblemLoader Loading environment from /home/runner/work/key/key/key.core/../key.ui/examples/standard_key/polySimp/simplify15.key 
470278     DEBUG main            d.u.i.k.p.i.AbstractProblemLoader Environment load took 60.4ns 
470279     INFO  main            d.u.i.k.p.i.AbstractProblemLoader Creating init config 
473252     DEBUG main            d.u.i.k.p.i.AbstractProblemLoader Init config took 2.97s 
473266     INFO  main            d.u.i.k.p.i.AbstractProblemLoader Replaying proof simplify15.key 
473267     DEBUG main            d.u.i.k.p.i.IntermediateProofReplayer Proof replay took 2.5ns 
473369     INFO  main            d.u.i.k.p.r.p.TestFile    ... finished proof: closed. 
473899     INFO  main            d.u.i.k.p.i.AbstractProblemLoader Loading environment from /home/runner/work/key/key/key.core/../key.ui/examples/standard_key/polySimp/simplify15.key.proof 
473899     DEBUG main            d.u.i.k.p.i.AbstractProblemLoader Environment load took 79.41ns 
473900     INFO  main            d.u.i.k.p.i.AbstractProblemLoader Creating init config 
476706     DEBUG main            d.u.i.k.p.i.AbstractProblemLoader Init config took 2.81s 
476721     INFO  main            d.u.i.k.p.i.AbstractProblemLoader Replaying proof simplify15.key.proof 
476723     DEBUG main            d.u.i.k.p.i.IntermediateProofReplayer Proof replay took 671.04ns 
476724     DEBUG main            d.u.i.k.p.r.p.TestFile    ... success: reloaded. 
476724     INFO  main            d.u.i.k.p.r.p.TestFile    Now processing file /home/runner/work/key/key/key.core/../key.ui/examples/standard_key/polySimp/simplify16.key 
476725     INFO  main            d.u.i.k.p.i.AbstractProblemLoader Loading environment from /home/runner/work/key/key/key.core/../key.ui/examples/standard_key/polySimp/simplify16.key 
476725     DEBUG main            d.u.i.k.p.i.AbstractProblemLoader Environment load took 74.2ns 
476726     INFO  main            d.u.i.k.p.i.AbstractProblemLoader Creating init config 
479675     DEBUG main            d.u.i.k.p.i.AbstractProblemLoader Init config took 2.95s 
479690     INFO  main            d.u.i.k.p.i.AbstractProblemLoader Replaying proof simplify16.key 
479691     DEBUG main            d.u.i.k.p.i.IntermediateProofReplayer Proof replay took 2.7ns 
479793     INFO  main            d.u.i.k.p.r.p.TestFile    ... finished proof: closed. 
480311     INFO  main            d.u.i.k.p.i.AbstractProblemLoader Loading environment from /home/runner/work/key/key/key.core/../key.ui/examples/standard_key/polySimp/simplify16.key.proof 
480312     DEBUG main            d.u.i.k.p.i.AbstractProblemLoader Environment load took 77.7ns 
480312     INFO  main            d.u.i.k.p.i.AbstractProblemLoader Creating init config 
483115     DEBUG main            d.u.i.k.p.i.AbstractProblemLoader Init config took 2.8s 
483130     INFO  main            d.u.i.k.p.i.AbstractProblemLoader Replaying proof simplify16.key.proof 
483132     DEBUG main            d.u.i.k.p.i.IntermediateProofReplayer Proof replay took 471.23ns 
483132     DEBUG main            d.u.i.k.p.r.p.TestFile    ... success: reloaded. 
483133     INFO  main            d.u.i.k.p.r.p.TestFile    Now processing file /home/runner/work/key/key/key.core/../key.ui/examples/standard_key/polySimp/simplify17.key 
483133     INFO  main            d.u.i.k.p.i.AbstractProblemLoader Loading environment from /home/runner/work/key/key/key.core/../key.ui/examples/standard_key/polySimp/simplify17.key 
483133     DEBUG main            d.u.i.k.p.i.AbstractProblemLoader Environment load took 47.7ns 
483134     INFO  main            d.u.i.k.p.i.AbstractProblemLoader Creating init config 
486104     DEBUG main            d.u.i.k.p.i.AbstractProblemLoader Init config took 2.97s 
486118     INFO  main            d.u.i.k.p.i.AbstractProblemLoader Replaying proof simplify17.key 
486119     DEBUG main            d.u.i.k.p.i.IntermediateProofReplayer Proof replay took 2.6ns 
486221     INFO  main            d.u.i.k.p.r.p.TestFile    ... finished proof: closed. 
486775     INFO  main            d.u.i.k.p.i.AbstractProblemLoader Loading environment from /home/runner/work/key/key/key.core/../key.ui/examples/standard_key/polySimp/simplify17.key.proof 
486775     DEBUG main            d.u.i.k.p.i.AbstractProblemLoader Environment load took 86.31ns 
486777     INFO  main            d.u.i.k.p.i.AbstractProblemLoader Creating init config 
489660     DEBUG main            d.u.i.k.p.i.AbstractProblemLoader Init config took 2.88s 
489675     INFO  main            d.u.i.k.p.i.AbstractProblemLoader Replaying proof simplify17.key.proof 
489682     DEBUG main            d.u.i.k.p.i.IntermediateProofReplayer Proof replay took 5.63ms 
489683     DEBUG main            d.u.i.k.p.r.p.TestFile    ... success: reloaded. 
489684     INFO  main            d.u.i.k.p.r.p.TestFile    Now processing file /home/runner/work/key/key/key.core/../key.ui/examples/standard_key/polySimp/simplify18.key 
489684     INFO  main            d.u.i.k.p.i.AbstractProblemLoader Loading environment from /home/runner/work/key/key/key.core/../key.ui/examples/standard_key/polySimp/simplify18.key 
489684     DEBUG main            d.u.i.k.p.i.AbstractProblemLoader Environment load took 48.5ns 
489685     INFO  main            d.u.i.k.p.i.AbstractProblemLoader Creating init config 
492540     DEBUG main            d.u.i.k.p.i.AbstractProblemLoader Init config took 2.85s 
492555     INFO  main            d.u.i.k.p.i.AbstractProblemLoader Replaying proof simplify18.key 
492556     DEBUG main            d.u.i.k.p.i.IntermediateProofReplayer Proof replay took 2.5ns 
492758     INFO  main            d.u.i.k.p.r.p.TestFile    ... finished proof: closed. 
493349     INFO  main            d.u.i.k.p.i.AbstractProblemLoader Loading environment from /home/runner/work/key/key/key.core/../key.ui/examples/standard_key/polySimp/simplify18.key.proof 
493349     DEBUG main            d.u.i.k.p.i.AbstractProblemLoader Environment load took 87.41ns 
493350     INFO  main            d.u.i.k.p.i.AbstractProblemLoader Creating init config 
496172     DEBUG main            d.u.i.k.p.i.AbstractProblemLoader Init config took 2.82s 
496187     INFO  main            d.u.i.k.p.i.AbstractProblemLoader Replaying proof simplify18.key.proof 
496204     DEBUG main            d.u.i.k.p.i.IntermediateProofReplayer Proof replay took 14.44ms 
496204     DEBUG main            d.u.i.k.p.r.p.TestFile    ... success: reloaded. 
496205     INFO  main            d.u.i.k.p.r.p.TestFile    Now processing file /home/runner/work/key/key/key.core/../key.ui/examples/standard_key/polySimp/simplify19.key 
496205     INFO  main            d.u.i.k.p.i.AbstractProblemLoader Loading environment from /home/runner/work/key/key/key.core/../key.ui/examples/standard_key/polySimp/simplify19.key 
496205     DEBUG main            d.u.i.k.p.i.AbstractProblemLoader Environment load took 72.4ns 
496206     INFO  main            d.u.i.k.p.i.AbstractProblemLoader Creating init config 
499030     DEBUG main            d.u.i.k.p.i.AbstractProblemLoader Init config took 2.82s 
499045     INFO  main            d.u.i.k.p.i.AbstractProblemLoader Replaying proof simplify19.key 
499046     DEBUG main            d.u.i.k.p.i.IntermediateProofReplayer Proof replay took 2.7ns 
502201     INFO  main            d.u.i.k.p.r.p.TestFile    ... finished proof: closed. 
502825     INFO  main            d.u.i.k.p.i.AbstractProblemLoader Loading environment from /home/runner/work/key/key/key.core/../key.ui/examples/standard_key/polySimp/simplify19.key.proof 
502825     DEBUG main            d.u.i.k.p.i.AbstractProblemLoader Environment load took 93.61ns 
502827     INFO  main            d.u.i.k.p.i.AbstractProblemLoader Creating init config 
505776     DEBUG main            d.u.i.k.p.i.AbstractProblemLoader Init config took 2.95s 
505792     INFO  main            d.u.i.k.p.i.AbstractProblemLoader Replaying proof simplify19.key.proof 
506083     DEBUG main            d.u.i.k.p.i.IntermediateProofReplayer Proof replay took 275.83ms 
506084     DEBUG main            d.u.i.k.p.r.p.TestFile    ... success: reloaded. 
506085     INFO  main            d.u.i.k.p.r.p.TestFile    Now processing file /home/runner/work/key/key/key.core/../key.ui/examples/standard_key/polySimp/simplify2.key 
506085     INFO  main            d.u.i.k.p.i.AbstractProblemLoader Loading environment from /home/runner/work/key/key/key.core/../key.ui/examples/standard_key/polySimp/simplify2.key 
506085     DEBUG main            d.u.i.k.p.i.AbstractProblemLoader Environment load took 138.91ns 
506086     INFO  main            d.u.i.k.p.i.AbstractProblemLoader Creating init config 
509071     DEBUG main            d.u.i.k.p.i.AbstractProblemLoader Init config took 2.99s 
509085     INFO  main            d.u.i.k.p.i.AbstractProblemLoader Replaying proof simplify2.key 
509086     DEBUG main            d.u.i.k.p.i.IntermediateProofReplayer Proof replay took 2.8ns 
509188     INFO  main            d.u.i.k.p.r.p.TestFile    ... finished proof: closed. 
509783     INFO  main            d.u.i.k.p.i.AbstractProblemLoader Loading environment from /home/runner/work/key/key/key.core/../key.ui/examples/standard_key/polySimp/simplify2.key.proof 
509783     DEBUG main            d.u.i.k.p.i.AbstractProblemLoader Environment load took 79.81ns 
509784     INFO  main            d.u.i.k.p.i.AbstractProblemLoader Creating init config 
512541     DEBUG main            d.u.i.k.p.i.AbstractProblemLoader Init config took 2.76s 
512556     INFO  main            d.u.i.k.p.i.AbstractProblemLoader Replaying proof simplify2.key.proof 
512558     DEBUG main            d.u.i.k.p.i.IntermediateProofReplayer Proof replay took 806.65ns 
512558     DEBUG main            d.u.i.k.p.r.p.TestFile    ... success: reloaded. 
512559     INFO  main            d.u.i.k.p.r.p.TestFile    Now processing file /home/runner/work/key/key/key.core/../key.ui/examples/standard_key/polySimp/simplify20.key 
512559     INFO  main            d.u.i.k.p.i.AbstractProblemLoader Loading environment from /home/runner/work/key/key/key.core/../key.ui/examples/standard_key/polySimp/simplify20.key 
512559     DEBUG main            d.u.i.k.p.i.AbstractProblemLoader Environment load took 46.9ns 
512560     INFO  main            d.u.i.k.p.i.AbstractProblemLoader Creating init config 
515381     DEBUG main            d.u.i.k.p.i.AbstractProblemLoader Init config took 2.82s 
515395     INFO  main            d.u.i.k.p.i.AbstractProblemLoader Replaying proof simplify20.key 
515396     DEBUG main            d.u.i.k.p.i.IntermediateProofReplayer Proof replay took 2.9ns 
516101     INFO  main            d.u.i.k.p.r.p.TestFile    ... finished proof: closed. 
516719     INFO  main            d.u.i.k.p.i.AbstractProblemLoader Loading environment from /home/runner/work/key/key/key.core/../key.ui/examples/standard_key/polySimp/simplify20.key.proof 
516719     DEBUG main            d.u.i.k.p.i.AbstractProblemLoader Environment load took 432.93ns 
516721     INFO  main            d.u.i.k.p.i.AbstractProblemLoader Creating init config 
519506     DEBUG main            d.u.i.k.p.i.AbstractProblemLoader Init config took 2.78s 
519522     INFO  main            d.u.i.k.p.i.AbstractProblemLoader Replaying proof simplify20.key.proof 
519591     DEBUG main            d.u.i.k.p.i.IntermediateProofReplayer Proof replay took 63.77ms 
519592     DEBUG main            d.u.i.k.p.r.p.TestFile    ... success: reloaded. 
519592     INFO  main            d.u.i.k.p.r.p.TestFile    Now processing file /home/runner/work/key/key/key.core/../key.ui/examples/standard_key/polySimp/simplify21.key 
519593     INFO  main            d.u.i.k.p.i.AbstractProblemLoader Loading environment from /home/runner/work/key/key/key.core/../key.ui/examples/standard_key/polySimp/simplify21.key 
519593     DEBUG main            d.u.i.k.p.i.AbstractProblemLoader Environment load took 86.91ns 
519596     INFO  main            d.u.i.k.p.i.AbstractProblemLoader Creating init config 
522452     DEBUG main            d.u.i.k.p.i.AbstractProblemLoader Init config took 2.86s 
522467     INFO  main            d.u.i.k.p.i.AbstractProblemLoader Replaying proof simplify21.key 
522468     DEBUG main            d.u.i.k.p.i.IntermediateProofReplayer Proof replay took 2.5ns 
523077     INFO  main            d.u.i.k.p.r.p.TestFile    ... finished proof: closed. 
523731     INFO  main            d.u.i.k.p.i.AbstractProblemLoader Loading environment from /home/runner/work/key/key/key.core/../key.ui/examples/standard_key/polySimp/simplify21.key.proof 
523731     DEBUG main            d.u.i.k.p.i.AbstractProblemLoader Environment load took 80ns 
523733     INFO  main            d.u.i.k.p.i.AbstractProblemLoader Creating init config 
526589     DEBUG main            d.u.i.k.p.i.AbstractProblemLoader Init config took 2.86s 
526608     INFO  main            d.u.i.k.p.i.AbstractProblemLoader Replaying proof simplify21.key.proof 
526666     DEBUG main            d.u.i.k.p.i.IntermediateProofReplayer Proof replay took 53.61ms 
526669     DEBUG main            d.u.i.k.p.r.p.TestFile    ... success: reloaded. 
526669     INFO  main            d.u.i.k.p.r.p.TestFile    Now processing file /home/runner/work/key/key/key.core/../key.ui/examples/standard_key/polySimp/simplify22.key 
526670     INFO  main            d.u.i.k.p.i.AbstractProblemLoader Loading environment from /home/runner/work/key/key/key.core/../key.ui/examples/standard_key/polySimp/simplify22.key 
526670     DEBUG main            d.u.i.k.p.i.AbstractProblemLoader Environment load took 51.8ns 
526670     INFO  main            d.u.i.k.p.i.AbstractProblemLoader Creating init config 
529562     DEBUG main            d.u.i.k.p.i.AbstractProblemLoader Init config took 2.89s 
529577     INFO  main            d.u.i.k.p.i.AbstractProblemLoader Replaying proof simplify22.key 
529578     DEBUG main            d.u.i.k.p.i.IntermediateProofReplayer Proof replay took 2.6ns 
529681     INFO  main            d.u.i.k.p.r.p.TestFile    ... finished proof: closed. 
530319     INFO  main            d.u.i.k.p.i.AbstractProblemLoader Loading environment from /home/runner/work/key/key/key.core/../key.ui/examples/standard_key/polySimp/simplify22.key.proof 
530319     DEBUG main            d.u.i.k.p.i.AbstractProblemLoader Environment load took 92.01ns 
530320     INFO  main            d.u.i.k.p.i.AbstractProblemLoader Creating init config 
533203     DEBUG main            d.u.i.k.p.i.AbstractProblemLoader Init config took 2.88s 
533218     INFO  main            d.u.i.k.p.i.AbstractProblemLoader Replaying proof simplify22.key.proof 
533221     DEBUG main            d.u.i.k.p.i.IntermediateProofReplayer Proof replay took 2.36ms 
533222     DEBUG main            d.u.i.k.p.r.p.TestFile    ... success: reloaded. 
533223     INFO  main            d.u.i.k.p.r.p.TestFile    Now processing file /home/runner/work/key/key/key.core/../key.ui/examples/standard_key/polySimp/simplify23.key 
533223     INFO  main            d.u.i.k.p.i.AbstractProblemLoader Loading environment from /home/runner/work/key/key/key.core/../key.ui/examples/standard_key/polySimp/simplify23.key 
533223     DEBUG main            d.u.i.k.p.i.AbstractProblemLoader Environment load took 80.11ns 
533224     INFO  main            d.u.i.k.p.i.AbstractProblemLoader Creating init config 
536075     DEBUG main            d.u.i.k.p.i.AbstractProblemLoader Init config took 2.85s 
536089     INFO  main            d.u.i.k.p.i.AbstractProblemLoader Replaying proof simplify23.key 
536090     DEBUG main            d.u.i.k.p.i.IntermediateProofReplayer Proof replay took 2.5ns 
536192     INFO  main            d.u.i.k.p.r.p.TestFile    ... finished proof: closed. 
536789     INFO  main            d.u.i.k.p.i.AbstractProblemLoader Loading environment from /home/runner/work/key/key/key.core/../key.ui/examples/standard_key/polySimp/simplify23.key.proof 
536789     DEBUG main            d.u.i.k.p.i.AbstractProblemLoader Environment load took 81.11ns 
536790     INFO  main            d.u.i.k.p.i.AbstractProblemLoader Creating init config 
539680     DEBUG main            d.u.i.k.p.i.AbstractProblemLoader Init config took 2.89s 
539695     INFO  main            d.u.i.k.p.i.AbstractProblemLoader Replaying proof simplify23.key.proof 
539710     DEBUG main            d.u.i.k.p.i.IntermediateProofReplayer Proof replay took 12.73ms 
539711     DEBUG main            d.u.i.k.p.r.p.TestFile    ... success: reloaded. 
539711     INFO  main            d.u.i.k.p.r.p.TestFile    Now processing file /home/runner/work/key/key/key.core/../key.ui/examples/standard_key/polySimp/simplify24.key 
539711     INFO  main            d.u.i.k.p.i.AbstractProblemLoader Loading environment from /home/runner/work/key/key/key.core/../key.ui/examples/standard_key/polySimp/simplify24.key 
539711     DEBUG main            d.u.i.k.p.i.AbstractProblemLoader Environment load took 44.3ns 
539712     INFO  main            d.u.i.k.p.i.AbstractProblemLoader Creating init config 
542572     DEBUG main            d.u.i.k.p.i.AbstractProblemLoader Init config took 2.86s 
542587     INFO  main            d.u.i.k.p.i.AbstractProblemLoader Replaying proof simplify24.key 
542588     DEBUG main            d.u.i.k.p.i.IntermediateProofReplayer Proof replay took 3.3ns 
542692     INFO  main            d.u.i.k.p.r.p.TestFile    ... finished proof: closed. 
543276     INFO  main            d.u.i.k.p.i.AbstractProblemLoader Loading environment from /home/runner/work/key/key/key.core/../key.ui/examples/standard_key/polySimp/simplify24.key.proof 
543276     DEBUG main            d.u.i.k.p.i.AbstractProblemLoader Environment load took 78.61ns 
543277     INFO  main            d.u.i.k.p.i.AbstractProblemLoader Creating init config 
546099     DEBUG main            d.u.i.k.p.i.AbstractProblemLoader Init config took 2.82s 
546114     INFO  main            d.u.i.k.p.i.AbstractProblemLoader Replaying proof simplify24.key.proof 
546118     DEBUG main            d.u.i.k.p.i.IntermediateProofReplayer Proof replay took 2.65ms 
546119     DEBUG main            d.u.i.k.p.r.p.TestFile    ... success: reloaded. 
546120     INFO  main            d.u.i.k.p.r.p.TestFile    Now processing file /home/runner/work/key/key/key.core/../key.ui/examples/standard_key/polySimp/simplify25.key 
546120     INFO  main            d.u.i.k.p.i.AbstractProblemLoader Loading environment from /home/runner/work/key/key/key.core/../key.ui/examples/standard_key/polySimp/simplify25.key 
546120     DEBUG main            d.u.i.k.p.i.AbstractProblemLoader Environment load took 66ns 
546121     INFO  main            d.u.i.k.p.i.AbstractProblemLoader Creating init config 
549018     DEBUG main            d.u.i.k.p.i.AbstractProblemLoader Init config took 2.9s 
549033     INFO  main            d.u.i.k.p.i.AbstractProblemLoader Replaying proof simplify25.key 
549034     DEBUG main            d.u.i.k.p.i.IntermediateProofReplayer Proof replay took 2.8ns 
549135     INFO  main            d.u.i.k.p.r.p.TestFile    ... finished proof: closed. 
549740     INFO  main            d.u.i.k.p.i.AbstractProblemLoader Loading environment from /home/runner/work/key/key/key.core/../key.ui/examples/standard_key/polySimp/simplify25.key.proof 
549740     DEBUG main            d.u.i.k.p.i.AbstractProblemLoader Environment load took 83.31ns 
549741     INFO  main            d.u.i.k.p.i.AbstractProblemLoader Creating init config 
552530     DEBUG main            d.u.i.k.p.i.AbstractProblemLoader Init config took 2.79s 
552544     INFO  main            d.u.i.k.p.i.AbstractProblemLoader Replaying proof simplify25.key.proof 
552548     DEBUG main            d.u.i.k.p.i.IntermediateProofReplayer Proof replay took 2.55ms 
552549     DEBUG main            d.u.i.k.p.r.p.TestFile    ... success: reloaded. 
552549     INFO  main            d.u.i.k.p.r.p.TestFile    Now processing file /home/runner/work/key/key/key.core/../key.ui/examples/standard_key/polySimp/simplify3.key 
552550     INFO  main            d.u.i.k.p.i.AbstractProblemLoader Loading environment from /home/runner/work/key/key/key.core/../key.ui/examples/standard_key/polySimp/simplify3.key 
552550     DEBUG main            d.u.i.k.p.i.AbstractProblemLoader Environment load took 111.31ns 
552551     INFO  main            d.u.i.k.p.i.AbstractProblemLoader Creating init config 
555382     DEBUG main            d.u.i.k.p.i.AbstractProblemLoader Init config took 2.83s 
555397     INFO  main            d.u.i.k.p.i.AbstractProblemLoader Replaying proof simplify3.key 
555398     DEBUG main            d.u.i.k.p.i.IntermediateProofReplayer Proof replay took 2.7ns 
555499     INFO  main            d.u.i.k.p.r.p.TestFile    ... finished proof: closed. 
556103     INFO  main            d.u.i.k.p.i.AbstractProblemLoader Loading environment from /home/runner/work/key/key/key.core/../key.ui/examples/standard_key/polySimp/simplify3.key.proof 
556103     DEBUG main            d.u.i.k.p.i.AbstractProblemLoader Environment load took 78.7ns 
556104     INFO  main            d.u.i.k.p.i.AbstractProblemLoader Creating init config 
558947     DEBUG main            d.u.i.k.p.i.AbstractProblemLoader Init config took 2.84s 
558961     INFO  main            d.u.i.k.p.i.AbstractProblemLoader Replaying proof simplify3.key.proof 
558963     DEBUG main            d.u.i.k.p.i.IntermediateProofReplayer Proof replay took 841.75ns 
558964     DEBUG main            d.u.i.k.p.r.p.TestFile    ... success: reloaded. 
558965     INFO  main            d.u.i.k.p.r.p.TestFile    Now processing file /home/runner/work/key/key/key.core/../key.ui/examples/standard_key/polySimp/simplify4.key 
558965     INFO  main            d.u.i.k.p.i.AbstractProblemLoader Loading environment from /home/runner/work/key/key/key.core/../key.ui/examples/standard_key/polySimp/simplify4.key 
558965     DEBUG main            d.u.i.k.p.i.AbstractProblemLoader Environment load took 45ns 
558966     INFO  main            d.u.i.k.p.i.AbstractProblemLoader Creating init config 
561852     DEBUG main            d.u.i.k.p.i.AbstractProblemLoader Init config took 2.89s 
561867     INFO  main            d.u.i.k.p.i.AbstractProblemLoader Replaying proof simplify4.key 
561868     DEBUG main            d.u.i.k.p.i.IntermediateProofReplayer Proof replay took 2.5ns 
561969     INFO  main            d.u.i.k.p.r.p.TestFile    ... finished proof: closed. 
562582     INFO  main            d.u.i.k.p.i.AbstractProblemLoader Loading environment from /home/runner/work/key/key/key.core/../key.ui/examples/standard_key/polySimp/simplify4.key.proof 
562582     DEBUG main            d.u.i.k.p.i.AbstractProblemLoader Environment load took 79.7ns 
562583     INFO  main            d.u.i.k.p.i.AbstractProblemLoader Creating init config 
565400     DEBUG main            d.u.i.k.p.i.AbstractProblemLoader Init config took 2.82s 
565414     INFO  main            d.u.i.k.p.i.AbstractProblemLoader Replaying proof simplify4.key.proof 
565417     DEBUG main            d.u.i.k.p.i.IntermediateProofReplayer Proof replay took 1.11ms 
565417     DEBUG main            d.u.i.k.p.r.p.TestFile    ... success: reloaded. 
565419     INFO  main            d.u.i.k.p.r.p.TestFile    Now processing file /home/runner/work/key/key/key.core/../key.ui/examples/standard_key/polySimp/simplify5.key 
565419     INFO  main            d.u.i.k.p.i.AbstractProblemLoader Loading environment from /home/runner/work/key/key/key.core/../key.ui/examples/standard_key/polySimp/simplify5.key 
565419     DEBUG main            d.u.i.k.p.i.AbstractProblemLoader Environment load took 89.61ns 
565420     INFO  main            d.u.i.k.p.i.AbstractProblemLoader Creating init config 
568235     DEBUG main            d.u.i.k.p.i.AbstractProblemLoader Init config took 2.82s 
568249     INFO  main            d.u.i.k.p.i.AbstractProblemLoader Replaying proof simplify5.key 
568250     DEBUG main            d.u.i.k.p.i.IntermediateProofReplayer Proof replay took 2.8ns 
568352     INFO  main            d.u.i.k.p.r.p.TestFile    ... finished proof: closed. 
568967     INFO  main            d.u.i.k.p.i.AbstractProblemLoader Loading environment from /home/runner/work/key/key/key.core/../key.ui/examples/standard_key/polySimp/simplify5.key.proof 
568967     DEBUG main            d.u.i.k.p.i.AbstractProblemLoader Environment load took 74.2ns 
568968     INFO  main            d.u.i.k.p.i.AbstractProblemLoader Creating init config 
571735     DEBUG main            d.u.i.k.p.i.AbstractProblemLoader Init config took 2.77s 
571750     INFO  main            d.u.i.k.p.i.AbstractProblemLoader Replaying proof simplify5.key.proof 
571757     DEBUG main            d.u.i.k.p.i.IntermediateProofReplayer Proof replay took 6.16ms 
571758     DEBUG main            d.u.i.k.p.r.p.TestFile    ... success: reloaded. 
571759     INFO  main            d.u.i.k.p.r.p.TestFile    Now processing file /home/runner/work/key/key/key.core/../key.ui/examples/standard_key/polySimp/simplify6.key 
571759     INFO  main            d.u.i.k.p.i.AbstractProblemLoader Loading environment from /home/runner/work/key/key/key.core/../key.ui/examples/standard_key/polySimp/simplify6.key 
571759     DEBUG main            d.u.i.k.p.i.AbstractProblemLoader Environment load took 45.6ns 
571760     INFO  main            d.u.i.k.p.i.AbstractProblemLoader Creating init config 
574557     DEBUG main            d.u.i.k.p.i.AbstractProblemLoader Init config took 2.8s 
574572     INFO  main            d.u.i.k.p.i.AbstractProblemLoader Replaying proof simplify6.key 
574573     DEBUG main            d.u.i.k.p.i.IntermediateProofReplayer Proof replay took 2.5ns 
574675     INFO  main            d.u.i.k.p.r.p.TestFile    ... finished proof: closed. 
575305     INFO  main            d.u.i.k.p.i.AbstractProblemLoader Loading environment from /home/runner/work/key/key/key.core/../key.ui/examples/standard_key/polySimp/simplify6.key.proof 
575305     DEBUG main            d.u.i.k.p.i.AbstractProblemLoader Environment load took 74.01ns 
575306     INFO  main            d.u.i.k.p.i.AbstractProblemLoader Creating init config 
578097     DEBUG main            d.u.i.k.p.i.AbstractProblemLoader Init config took 2.79s 
578112     INFO  main            d.u.i.k.p.i.AbstractProblemLoader Replaying proof simplify6.key.proof 
578113     DEBUG main            d.u.i.k.p.i.IntermediateProofReplayer Proof replay took 330.12ns 
578114     DEBUG main            d.u.i.k.p.r.p.TestFile    ... success: reloaded. 
578114     INFO  main            d.u.i.k.p.r.p.TestFile    Now processing file /home/runner/work/key/key/key.core/../key.ui/examples/standard_key/polySimp/simplify7.key 
578115     INFO  main            d.u.i.k.p.i.AbstractProblemLoader Loading environment from /home/runner/work/key/key/key.core/../key.ui/examples/standard_key/polySimp/simplify7.key 
578115     DEBUG main            d.u.i.k.p.i.AbstractProblemLoader Environment load took 61.7ns 
578115     INFO  main            d.u.i.k.p.i.AbstractProblemLoader Creating init config 
580954     DEBUG main            d.u.i.k.p.i.AbstractProblemLoader Init config took 2.84s 
580969     INFO  main            d.u.i.k.p.i.AbstractProblemLoader Replaying proof simplify7.key 
580970     DEBUG main            d.u.i.k.p.i.IntermediateProofReplayer Proof replay took 3ns 
581073     INFO  main            d.u.i.k.p.r.p.TestFile    ... finished proof: closed. 
581695     INFO  main            d.u.i.k.p.i.AbstractProblemLoader Loading environment from /home/runner/work/key/key/key.core/../key.ui/examples/standard_key/polySimp/simplify7.key.proof 
581695     DEBUG main            d.u.i.k.p.i.AbstractProblemLoader Environment load took 77.41ns 
581696     INFO  main            d.u.i.k.p.i.AbstractProblemLoader Creating init config 
584473     DEBUG main            d.u.i.k.p.i.AbstractProblemLoader Init config took 2.78s 
584489     INFO  main            d.u.i.k.p.i.AbstractProblemLoader Replaying proof simplify7.key.proof 
584495     DEBUG main            d.u.i.k.p.i.IntermediateProofReplayer Proof replay took 596.34ns 
584496     DEBUG main            d.u.i.k.p.r.p.TestFile    ... success: reloaded. 
584496     INFO  main            d.u.i.k.p.r.p.TestFile    Now processing file /home/runner/work/key/key/key.core/../key.ui/examples/standard_key/polySimp/simplify8.key 
584497     INFO  main            d.u.i.k.p.i.AbstractProblemLoader Loading environment from /home/runner/work/key/key/key.core/../key.ui/examples/standard_key/polySimp/simplify8.key 
584497     DEBUG main            d.u.i.k.p.i.AbstractProblemLoader Environment load took 197.81ns 
584501     INFO  main            d.u.i.k.p.i.AbstractProblemLoader Creating init config 
587370     DEBUG main            d.u.i.k.p.i.AbstractProblemLoader Init config took 2.87s 
587385     INFO  main            d.u.i.k.p.i.AbstractProblemLoader Replaying proof simplify8.key 
587386     DEBUG main            d.u.i.k.p.i.IntermediateProofReplayer Proof replay took 2.3ns 
591845     INFO  main            d.u.i.k.p.r.p.TestFile    ... finished proof: closed. 
592540     INFO  main            d.u.i.k.p.i.AbstractProblemLoader Loading environment from /home/runner/work/key/key/key.core/../key.ui/examples/standard_key/polySimp/simplify8.key.proof 
592540     DEBUG main            d.u.i.k.p.i.AbstractProblemLoader Environment load took 79.7ns 
592543     INFO  main            d.u.i.k.p.i.AbstractProblemLoader Creating init config 
595417     DEBUG main            d.u.i.k.p.i.AbstractProblemLoader Init config took 2.87s 
595435     INFO  main            d.u.i.k.p.i.AbstractProblemLoader Replaying proof simplify8.key.proof 
595640     DEBUG main            d.u.i.k.p.i.IntermediateProofReplayer Proof replay took 200.3ms 
595642     DEBUG main            d.u.i.k.p.r.p.TestFile    ... success: reloaded. 
595643     INFO  main            d.u.i.k.p.r.p.TestFile    Now processing file /home/runner/work/key/key/key.core/../key.ui/examples/standard_key/polySimp/simplify9.key 
595643     INFO  main            d.u.i.k.p.i.AbstractProblemLoader Loading environment from /home/runner/work/key/key/key.core/../key.ui/examples/standard_key/polySimp/simplify9.key 
595643     DEBUG main            d.u.i.k.p.i.AbstractProblemLoader Environment load took 128.51ns 
595644     INFO  main            d.u.i.k.p.i.AbstractProblemLoader Creating init config 
598597     DEBUG main            d.u.i.k.p.i.AbstractProblemLoader Init config took 2.95s 
598612     INFO  main            d.u.i.k.p.i.AbstractProblemLoader Replaying proof simplify9.key 
598613     DEBUG main            d.u.i.k.p.i.IntermediateProofReplayer Proof replay took 2.5ns 
598816     INFO  main            d.u.i.k.p.r.p.TestFile    ... finished proof: closed. 
599538     INFO  main            d.u.i.k.p.i.AbstractProblemLoader Loading environment from /home/runner/work/key/key/key.core/../key.ui/examples/standard_key/polySimp/simplify9.key.proof 
599538     DEBUG main            d.u.i.k.p.i.AbstractProblemLoader Environment load took 101.61ns 
599539     INFO  main            d.u.i.k.p.i.AbstractProblemLoader Creating init config 
602343     DEBUG main            d.u.i.k.p.i.AbstractProblemLoader Init config took 2.8s 
602358     INFO  main            d.u.i.k.p.i.AbstractProblemLoader Replaying proof simplify9.key.proof 
602370     DEBUG main            d.u.i.k.p.i.IntermediateProofReplayer Proof replay took 10.29ms 
602371     DEBUG main            d.u.i.k.p.r.p.TestFile    ... success: reloaded. 
3476333    INFO  Test worker     d.u.i.k.p.r.RunAllProofsTestUnit Returning from test arithmetic 
3476336    INFO  Test worker     d.u.i.k.p.r.RunAllProofsTestUnit Running test arrays 
399        INFO  Timeout watchdog d.u.i.k.p.r.p.ForkedTestFileRunner Timeout watcher launched (2000 secs.) 
418        WARN  main            d.u.i.k.s.ProofSettings   The settings in /home/runner/.key/proof-settings.props are *not* read. 
467        INFO  main            d.u.i.k.p.r.p.TestFile    Now processing file /home/runner/work/key/key/key.core/../key.ui/examples/standard_key/arrays/arrayStoreException/array2DimPrim.key 
629        INFO  main            d.u.i.k.p.i.AbstractProblemLoader Loading environment from /home/runner/work/key/key/key.core/../key.ui/examples/standard_key/arrays/arrayStoreException/array2DimPrim.key 
667        DEBUG main            d.u.i.k.p.i.AbstractProblemLoader Environment load took 3.1ms 
1014       INFO  main            d.u.i.k.p.i.AbstractProblemLoader Creating init config 
2013       DEBUG main            d.u.i.k.j.TypeConverter   No LDT found for Meta 
2013       DEBUG main            d.u.i.k.j.TypeConverter   No LDT found for Meta 
2017       DEBUG main            d.u.i.k.j.TypeConverter   No LDT found for Meta 
2017       DEBUG main            d.u.i.k.j.TypeConverter   No LDT found for Meta 
3982       DEBUG main            d.u.i.k.j.TypeConverter   No LDT found for JavaBigintExpression 
9993       DEBUG main            d.u.i.k.p.i.AbstractProblemLoader Init config took 8.98s 
10067      INFO  main            d.u.i.k.p.i.AbstractProblemLoader Replaying proof array2DimPrim.key 
10116      DEBUG main            d.u.i.k.p.i.IntermediateProofReplayer Proof replay took 40.6ns 
15167      INFO  main            d.u.i.k.p.r.p.TestFile    ... finished proof: closed. 
15393      INFO  main            d.u.i.k.p.i.AbstractProblemLoader Loading environment from /home/runner/work/key/key/key.core/../key.ui/examples/standard_key/arrays/arrayStoreException/array2DimPrim.key.proof 
15393      DEBUG main            d.u.i.k.p.i.AbstractProblemLoader Environment load took 505.03ns 
15399      INFO  main            d.u.i.k.p.i.AbstractProblemLoader Creating init config 
18644      DEBUG main            d.u.i.k.p.i.AbstractProblemLoader Init config took 3.24s 
18685      INFO  main            d.u.i.k.p.i.AbstractProblemLoader Replaying proof array2DimPrim.key.proof 
19492      DEBUG main            d.u.i.k.p.i.IntermediateProofReplayer Proof replay took 790.24ms 
19517      DEBUG main            d.u.i.k.p.r.p.TestFile    ... success: reloaded. 
19522      INFO  main            d.u.i.k.p.r.p.TestFile    Now processing file /home/runner/work/key/key/key.core/../key.ui/examples/standard_key/arrays/arrayStoreException/arrayStoreKnownDynType.key 
19523      INFO  main            d.u.i.k.p.i.AbstractProblemLoader Loading environment from /home/runner/work/key/key/key.core/../key.ui/examples/standard_key/arrays/arrayStoreException/arrayStoreKnownDynType.key 
19523      DEBUG main            d.u.i.k.p.i.AbstractProblemLoader Environment load took 164.51ns 
19527      INFO  main            d.u.i.k.p.i.AbstractProblemLoader Creating init config 
22669      DEBUG main            d.u.i.k.p.i.AbstractProblemLoader Init config took 3.14s 
22699      INFO  main            d.u.i.k.p.i.AbstractProblemLoader Replaying proof arrayStoreKnownDynType.key 
22702      DEBUG main            d.u.i.k.p.i.IntermediateProofReplayer Proof replay took 6.1ns 
22905      INFO  main            d.u.i.k.p.r.p.TestFile    ... finished proof: closed. 
23197      INFO  main            d.u.i.k.p.i.AbstractProblemLoader Loading environment from /home/runner/work/key/key/key.core/../key.ui/examples/standard_key/arrays/arrayStoreException/arrayStoreKnownDynType.key.proof 
23198      DEBUG main            d.u.i.k.p.i.AbstractProblemLoader Environment load took 741.05ns 
23200      INFO  main            d.u.i.k.p.i.AbstractProblemLoader Creating init config 
26205      DEBUG main            d.u.i.k.p.i.AbstractProblemLoader Init config took 3.01s 
26238      INFO  main            d.u.i.k.p.i.AbstractProblemLoader Replaying proof arrayStoreKnownDynType.key.proof 
26297      DEBUG main            d.u.i.k.p.i.IntermediateProofReplayer Proof replay took 52.4ms 
26298      DEBUG main            d.u.i.k.p.r.p.TestFile    ... success: reloaded. 
26300      INFO  main            d.u.i.k.p.r.p.TestFile    Now processing file /home/runner/work/key/key/key.core/../key.ui/examples/standard_key/arrays/arrayStoreException/reverseArray.key 
26300      INFO  main            d.u.i.k.p.i.AbstractProblemLoader Loading environment from /home/runner/work/key/key/key.core/../key.ui/examples/standard_key/arrays/arrayStoreException/reverseArray.key 
26300      DEBUG main            d.u.i.k.p.i.AbstractProblemLoader Environment load took 246.72ns 
26302      INFO  main            d.u.i.k.p.i.AbstractProblemLoader Creating init config 
29439      DEBUG main            d.u.i.k.p.i.AbstractProblemLoader Init config took 3.14s 
29466      INFO  main            d.u.i.k.p.i.AbstractProblemLoader Replaying proof reverseArray.key 
29469      DEBUG main            d.u.i.k.p.i.IntermediateProofReplayer Proof replay took 7.9ns 
30180      INFO  main            d.u.i.k.p.r.p.TestFile    ... finished proof: closed. 
30435      INFO  main            d.u.i.k.p.i.AbstractProblemLoader Loading environment from /home/runner/work/key/key/key.core/../key.ui/examples/standard_key/arrays/arrayStoreException/reverseArray.key.proof 
30436      DEBUG main            d.u.i.k.p.i.AbstractProblemLoader Environment load took 1.05ms 
30438      INFO  main            d.u.i.k.p.i.AbstractProblemLoader Creating init config 
33443      DEBUG main            d.u.i.k.p.i.AbstractProblemLoader Init config took 3.01s 
33468      INFO  main            d.u.i.k.p.i.AbstractProblemLoader Replaying proof reverseArray.key.proof 
33657      DEBUG main            d.u.i.k.p.i.IntermediateProofReplayer Proof replay took 183.43ms 
33659      DEBUG main            d.u.i.k.p.r.p.TestFile    ... success: reloaded. 
33661      INFO  main            d.u.i.k.p.r.p.TestFile    Now processing file /home/runner/work/key/key/key.core/../key.ui/examples/standard_key/arrays/arrayStoreException/throwArrayStoreException.key 
33668      INFO  main            d.u.i.k.p.i.AbstractProblemLoader Loading environment from /home/runner/work/key/key/key.core/../key.ui/examples/standard_key/arrays/arrayStoreException/throwArrayStoreException.key 
33669      DEBUG main            d.u.i.k.p.i.AbstractProblemLoader Environment load took 870.86ns 
33671      INFO  main            d.u.i.k.p.i.AbstractProblemLoader Creating init config 
36646      DEBUG main            d.u.i.k.p.i.AbstractProblemLoader Init config took 2.98s 
36671      INFO  main            d.u.i.k.p.i.AbstractProblemLoader Replaying proof throwArrayStoreException.key 
36673      DEBUG main            d.u.i.k.p.i.IntermediateProofReplayer Proof replay took 6.4ns 
37198      INFO  main            d.u.i.k.p.r.p.TestFile    ... finished proof: closed. 
37405      INFO  main            d.u.i.k.p.i.AbstractProblemLoader Loading environment from /home/runner/work/key/key/key.core/../key.ui/examples/standard_key/arrays/arrayStoreException/throwArrayStoreException.key.proof 
37405      DEBUG main            d.u.i.k.p.i.AbstractProblemLoader Environment load took 635.84ns 
37407      INFO  main            d.u.i.k.p.i.AbstractProblemLoader Creating init config 
40332      DEBUG main            d.u.i.k.p.i.AbstractProblemLoader Init config took 2.93s 
40387      INFO  main            d.u.i.k.p.i.AbstractProblemLoader Replaying proof throwArrayStoreException.key.proof 
40527      DEBUG main            d.u.i.k.p.i.IntermediateProofReplayer Proof replay took 133.84ms 
40529      DEBUG main            d.u.i.k.p.r.p.TestFile    ... success: reloaded. 
40531      INFO  main            d.u.i.k.p.r.p.TestFile    Now processing file /home/runner/work/key/key/key.core/../key.ui/examples/standard_key/arrays/creation/arrayCreation1.key 
40531      INFO  main            d.u.i.k.p.i.AbstractProblemLoader Loading environment from /home/runner/work/key/key/key.core/../key.ui/examples/standard_key/arrays/creation/arrayCreation1.key 
40532      DEBUG main            d.u.i.k.p.i.AbstractProblemLoader Environment load took 248.22ns 
40533      INFO  main            d.u.i.k.p.i.AbstractProblemLoader Creating init config 
43569      DEBUG main            d.u.i.k.p.i.AbstractProblemLoader Init config took 3.04s 
43595      INFO  main            d.u.i.k.p.i.AbstractProblemLoader Replaying proof arrayCreation1.key 
43597      DEBUG main            d.u.i.k.p.i.IntermediateProofReplayer Proof replay took 7.7ns 
43800      INFO  main            d.u.i.k.p.r.p.TestFile    ... finished proof: closed. 
44026      INFO  main            d.u.i.k.p.i.AbstractProblemLoader Loading environment from /home/runner/work/key/key/key.core/../key.ui/examples/standard_key/arrays/creation/arrayCreation1.key.proof 
44027      DEBUG main            d.u.i.k.p.i.AbstractProblemLoader Environment load took 148.81ns 
44029      INFO  main            d.u.i.k.p.i.AbstractProblemLoader Creating init config 
46972      DEBUG main            d.u.i.k.p.i.AbstractProblemLoader Init config took 2.94s 
46994      INFO  main            d.u.i.k.p.i.AbstractProblemLoader Replaying proof arrayCreation1.key.proof 
47026      DEBUG main            d.u.i.k.p.i.IntermediateProofReplayer Proof replay took 29.34ms 
47027      DEBUG main            d.u.i.k.p.r.p.TestFile    ... success: reloaded. 
47028      INFO  main            d.u.i.k.p.r.p.TestFile    Now processing file /home/runner/work/key/key/key.core/../key.ui/examples/standard_key/arrays/arrayStoreException/array2Dim.key 
47028      INFO  main            d.u.i.k.p.i.AbstractProblemLoader Loading environment from /home/runner/work/key/key/key.core/../key.ui/examples/standard_key/arrays/arrayStoreException/array2Dim.key 
47029      DEBUG main            d.u.i.k.p.i.AbstractProblemLoader Environment load took 309.42ns 
47030      INFO  main            d.u.i.k.p.i.AbstractProblemLoader Creating init config 
49979      DEBUG main            d.u.i.k.p.i.AbstractProblemLoader Init config took 2.95s 
50018      INFO  main            d.u.i.k.p.i.AbstractProblemLoader Replaying proof array2Dim.key 
50022      DEBUG main            d.u.i.k.p.i.IntermediateProofReplayer Proof replay took 9.2ns 
54426      INFO  main            d.u.i.k.p.r.p.TestFile    ... finished proof: open goal(s) 
54748      INFO  main            d.u.i.k.p.r.p.TestFile    Now processing file /home/runner/work/key/key/key.core/../key.ui/examples/standard_key/arrays/arrayStoreException/array2DimClose.key 
54748      INFO  main            d.u.i.k.p.i.AbstractProblemLoader Loading environment from /home/runner/work/key/key/key.core/../key.ui/examples/standard_key/arrays/arrayStoreException/array2DimClose.key 
54748      DEBUG main            d.u.i.k.p.i.AbstractProblemLoader Environment load took 68ns 
54750      INFO  main            d.u.i.k.p.i.AbstractProblemLoader Creating init config 
57677      DEBUG main            d.u.i.k.p.i.AbstractProblemLoader Init config took 2.93s 
57699      INFO  main            d.u.i.k.p.i.AbstractProblemLoader Replaying proof array2DimClose.key 
57701      DEBUG main            d.u.i.k.p.i.IntermediateProofReplayer Proof replay took 13.1ns 
60662      INFO  main            d.u.i.k.p.r.p.TestFile    ... finished proof: open goal(s) 
61068      INFO  main            d.u.i.k.p.r.p.TestFile    Now processing file /home/runner/work/key/key/key.core/../key.ui/examples/standard_key/arrays/arrayStoreException/throwASEForPrim.key 
61069      INFO  main            d.u.i.k.p.i.AbstractProblemLoader Loading environment from /home/runner/work/key/key/key.core/../key.ui/examples/standard_key/arrays/arrayStoreException/throwASEForPrim.key 
61069      DEBUG main            d.u.i.k.p.i.AbstractProblemLoader Environment load took 73.6ns 
61070      INFO  main            d.u.i.k.p.i.AbstractProblemLoader Creating init config 
63843      DEBUG main            d.u.i.k.p.i.AbstractProblemLoader Init config took 2.77s 
63862      INFO  main            d.u.i.k.p.i.AbstractProblemLoader Replaying proof throwASEForPrim.key 
63864      DEBUG main            d.u.i.k.p.i.IntermediateProofReplayer Proof replay took 6.5ns 
69313      INFO  main            d.u.i.k.p.r.p.TestFile    ... finished proof: open goal(s) 
3546232    INFO  Test worker     d.u.i.k.p.r.RunAllProofsTestUnit Returning from test arrays 
3546241    INFO  Test worker     d.u.i.k.p.r.RunAllProofsTestUnit Running test javadl 
393        INFO  Timeout watchdog d.u.i.k.p.r.p.ForkedTestFileRunner Timeout watcher launched (2000 secs.) 
428        WARN  main            d.u.i.k.s.ProofSettings   The settings in /home/runner/.key/proof-settings.props are *not* read. 
481        INFO  main            d.u.i.k.p.r.p.TestFile    Now processing file /home/runner/work/key/key/key.core/../key.ui/examples/standard_key/instanceCreation/instanceCreation1.key 
625        INFO  main            d.u.i.k.p.i.AbstractProblemLoader Loading environment from /home/runner/work/key/key/key.core/../key.ui/examples/standard_key/instanceCreation/instanceCreation1.key 
654        DEBUG main            d.u.i.k.p.i.AbstractProblemLoader Environment load took 2.57ms 
965        INFO  main            d.u.i.k.p.i.AbstractProblemLoader Creating init config 
1931       DEBUG main            d.u.i.k.j.TypeConverter   No LDT found for Meta 
1931       DEBUG main            d.u.i.k.j.TypeConverter   No LDT found for Meta 
1932       DEBUG main            d.u.i.k.j.TypeConverter   No LDT found for Meta 
1932       DEBUG main            d.u.i.k.j.TypeConverter   No LDT found for Meta 
3803       DEBUG main            d.u.i.k.j.TypeConverter   No LDT found for JavaBigintExpression 
9917       DEBUG main            d.u.i.k.p.i.AbstractProblemLoader Init config took 8.95s 
9986       INFO  main            d.u.i.k.p.i.AbstractProblemLoader Replaying proof instanceCreation1.key 
10023      DEBUG main            d.u.i.k.p.i.IntermediateProofReplayer Proof replay took 41.8ns 
11173      INFO  main            d.u.i.k.p.r.p.TestFile    ... finished proof: closed. 
11328      INFO  main            d.u.i.k.p.i.AbstractProblemLoader Loading environment from /home/runner/work/key/key/key.core/../key.ui/examples/standard_key/instanceCreation/instanceCreation1.key.proof 
11332      DEBUG main            d.u.i.k.p.i.AbstractProblemLoader Environment load took 3.85ms 
11337      INFO  main            d.u.i.k.p.i.AbstractProblemLoader Creating init config 
14674      DEBUG main            d.u.i.k.p.i.AbstractProblemLoader Init config took 3.34s 
14720      INFO  main            d.u.i.k.p.i.AbstractProblemLoader Replaying proof instanceCreation1.key.proof 
14846      DEBUG main            d.u.i.k.p.i.IntermediateProofReplayer Proof replay took 118.88ms 
14862      DEBUG main            d.u.i.k.p.r.p.TestFile    ... success: reloaded. 
14871      INFO  main            d.u.i.k.p.r.p.TestFile    Now processing file /home/runner/work/key/key/key.core/../key.ui/examples/standard_key/instanceCreation/instanceCreation2.key 
14872      INFO  main            d.u.i.k.p.i.AbstractProblemLoader Loading environment from /home/runner/work/key/key/key.core/../key.ui/examples/standard_key/instanceCreation/instanceCreation2.key 
14872      DEBUG main            d.u.i.k.p.i.AbstractProblemLoader Environment load took 268.02ns 
14874      INFO  main            d.u.i.k.p.i.AbstractProblemLoader Creating init config 
18052      DEBUG main            d.u.i.k.p.i.AbstractProblemLoader Init config took 3.18s 
18104      INFO  main            d.u.i.k.p.i.AbstractProblemLoader Replaying proof instanceCreation2.key 
18108      DEBUG main            d.u.i.k.p.i.IntermediateProofReplayer Proof replay took 7ns 
18814      INFO  main            d.u.i.k.p.r.p.TestFile    ... finished proof: closed. 
19003      INFO  main            d.u.i.k.p.i.AbstractProblemLoader Loading environment from /home/runner/work/key/key/key.core/../key.ui/examples/standard_key/instanceCreation/instanceCreation2.key.proof 
19004      DEBUG main            d.u.i.k.p.i.AbstractProblemLoader Environment load took 459.33ns 
19009      INFO  main            d.u.i.k.p.i.AbstractProblemLoader Creating init config 
22172      DEBUG main            d.u.i.k.p.i.AbstractProblemLoader Init config took 3.16s 
22202      INFO  main            d.u.i.k.p.i.AbstractProblemLoader Replaying proof instanceCreation2.key.proof 
22332      DEBUG main            d.u.i.k.p.i.IntermediateProofReplayer Proof replay took 123.41ms 
22333      DEBUG main            d.u.i.k.p.r.p.TestFile    ... success: reloaded. 
22335      INFO  main            d.u.i.k.p.r.p.TestFile    Now processing file /home/runner/work/key/key/key.core/../key.ui/examples/standard_key/instanceCreation/interfacesAndAbstractClassesHaveNoInstances.key 
22335      INFO  main            d.u.i.k.p.i.AbstractProblemLoader Loading environment from /home/runner/work/key/key/key.core/../key.ui/examples/standard_key/instanceCreation/interfacesAndAbstractClassesHaveNoInstances.key 
22335      DEBUG main            d.u.i.k.p.i.AbstractProblemLoader Environment load took 259.72ns 
22337      INFO  main            d.u.i.k.p.i.AbstractProblemLoader Creating init config 
25399      DEBUG main            d.u.i.k.p.i.AbstractProblemLoader Init config took 3.06s 
25424      INFO  main            d.u.i.k.p.i.AbstractProblemLoader Replaying proof interfacesAndAbstractClassesHaveNoInstances.key 
25427      DEBUG main            d.u.i.k.p.i.IntermediateProofReplayer Proof replay took 7.4ns 
25530      INFO  main            d.u.i.k.p.r.p.TestFile    ... finished proof: closed. 
25716      INFO  main            d.u.i.k.p.i.AbstractProblemLoader Loading environment from /home/runner/work/key/key/key.core/../key.ui/examples/standard_key/instanceCreation/interfacesAndAbstractClassesHaveNoInstances.key.proof 
25716      DEBUG main            d.u.i.k.p.i.AbstractProblemLoader Environment load took 139.71ns 
25717      INFO  main            d.u.i.k.p.i.AbstractProblemLoader Creating init config 
28720      DEBUG main            d.u.i.k.p.i.AbstractProblemLoader Init config took 3s 
28745      INFO  main            d.u.i.k.p.i.AbstractProblemLoader Replaying proof interfacesAndAbstractClassesHaveNoInstances.key.proof 
28748      DEBUG main            d.u.i.k.p.i.IntermediateProofReplayer Proof replay took 1.59ms 
28750      DEBUG main            d.u.i.k.p.r.p.TestFile    ... success: reloaded. 
28751      INFO  main            d.u.i.k.p.r.p.TestFile    Now processing file /home/runner/work/key/key/key.core/../key.ui/examples/standard_key/instanceCreation/successiveCreatedObjectsAreDistinct.key 
28751      INFO  main            d.u.i.k.p.i.AbstractProblemLoader Loading environment from /home/runner/work/key/key/key.core/../key.ui/examples/standard_key/instanceCreation/successiveCreatedObjectsAreDistinct.key 
28751      DEBUG main            d.u.i.k.p.i.AbstractProblemLoader Environment load took 120.91ns 
28752      INFO  main            d.u.i.k.p.i.AbstractProblemLoader Creating init config 
31804      DEBUG main            d.u.i.k.p.i.AbstractProblemLoader Init config took 3.05s 
31829      INFO  main            d.u.i.k.p.i.AbstractProblemLoader Replaying proof successiveCreatedObjectsAreDistinct.key 
31831      DEBUG main            d.u.i.k.p.i.IntermediateProofReplayer Proof replay took 7.1ns 
32235      INFO  main            d.u.i.k.p.r.p.TestFile    ... finished proof: closed. 
32537      INFO  main            d.u.i.k.p.i.AbstractProblemLoader Loading environment from /home/runner/work/key/key/key.core/../key.ui/examples/standard_key/instanceCreation/successiveCreatedObjectsAreDistinct.key.proof 
32537      DEBUG main            d.u.i.k.p.i.AbstractProblemLoader Environment load took 141.31ns 
32539      INFO  main            d.u.i.k.p.i.AbstractProblemLoader Creating init config 
35538      DEBUG main            d.u.i.k.p.i.AbstractProblemLoader Init config took 3s 
35563      INFO  main            d.u.i.k.p.i.AbstractProblemLoader Replaying proof successiveCreatedObjectsAreDistinct.key.proof 
35628      DEBUG main            d.u.i.k.p.i.IntermediateProofReplayer Proof replay took 61.36ms 
35630      DEBUG main            d.u.i.k.p.r.p.TestFile    ... success: reloaded. 
35631      INFO  main            d.u.i.k.p.r.p.TestFile    Now processing file /home/runner/work/key/key/key.core/../key.ui/examples/standard_key/instanceCreation/testOverloadingConstructors.key 
35631      INFO  main            d.u.i.k.p.i.AbstractProblemLoader Loading environment from /home/runner/work/key/key/key.core/../key.ui/examples/standard_key/instanceCreation/testOverloadingConstructors.key 
35632      DEBUG main            d.u.i.k.p.i.AbstractProblemLoader Environment load took 237.02ns 
35633      INFO  main            d.u.i.k.p.i.AbstractProblemLoader Creating init config 
38705      DEBUG main            d.u.i.k.p.i.AbstractProblemLoader Init config took 3.07s 
38730      INFO  main            d.u.i.k.p.i.AbstractProblemLoader Replaying proof testOverloadingConstructors.key 
38732      DEBUG main            d.u.i.k.p.i.IntermediateProofReplayer Proof replay took 8.9ns 
39037      INFO  main            d.u.i.k.p.r.p.TestFile    ... finished proof: closed. 
39261      INFO  main            d.u.i.k.p.i.AbstractProblemLoader Loading environment from /home/runner/work/key/key/key.core/../key.ui/examples/standard_key/instanceCreation/testOverloadingConstructors.key.proof 
39261      DEBUG main            d.u.i.k.p.i.AbstractProblemLoader Environment load took 648.84ns 
39263      INFO  main            d.u.i.k.p.i.AbstractProblemLoader Creating init config 
42248      DEBUG main            d.u.i.k.p.i.AbstractProblemLoader Init config took 2.99s 
42273      INFO  main            d.u.i.k.p.i.AbstractProblemLoader Replaying proof testOverloadingConstructors.key.proof 
42341      DEBUG main            d.u.i.k.p.i.IntermediateProofReplayer Proof replay took 63.94ms 
42343      DEBUG main            d.u.i.k.p.r.p.TestFile    ... success: reloaded. 
42344      INFO  main            d.u.i.k.p.r.p.TestFile    Now processing file /home/runner/work/key/key/key.core/../key.ui/examples/standard_key/java_dl/SimpleAttributes.key 
42346      INFO  main            d.u.i.k.p.i.AbstractProblemLoader Loading environment from /home/runner/work/key/key/key.core/../key.ui/examples/standard_key/java_dl/SimpleAttributes.key 
42346      DEBUG main            d.u.i.k.p.i.AbstractProblemLoader Environment load took 340.62ns 
42348      INFO  main            d.u.i.k.p.i.AbstractProblemLoader Creating init config 
45322      DEBUG main            d.u.i.k.p.i.AbstractProblemLoader Init config took 2.97s 
45348      INFO  main            d.u.i.k.p.i.AbstractProblemLoader Replaying proof SimpleAttributes.key 
45350      DEBUG main            d.u.i.k.p.i.IntermediateProofReplayer Proof replay took 7.9ns 
45457      INFO  main            d.u.i.k.p.r.p.TestFile    ... finished proof: closed. 
45696      INFO  main            d.u.i.k.p.i.AbstractProblemLoader Loading environment from /home/runner/work/key/key/key.core/../key.ui/examples/standard_key/java_dl/SimpleAttributes.key.proof 
45696      DEBUG main            d.u.i.k.p.i.AbstractProblemLoader Environment load took 154.11ns 
45698      INFO  main            d.u.i.k.p.i.AbstractProblemLoader Creating init config 
48581      DEBUG main            d.u.i.k.p.i.AbstractProblemLoader Init config took 2.88s 
48613      INFO  main            d.u.i.k.p.i.AbstractProblemLoader Replaying proof SimpleAttributes.key.proof 
48643      DEBUG main            d.u.i.k.p.i.IntermediateProofReplayer Proof replay took 26.77ms 
48644      DEBUG main            d.u.i.k.p.r.p.TestFile    ... success: reloaded. 
48645      INFO  main            d.u.i.k.p.r.p.TestFile    Now processing file /home/runner/work/key/key/key.core/../key.ui/examples/standard_key/java_dl/arrayMax.key 
48645      INFO  main            d.u.i.k.p.i.AbstractProblemLoader Loading environment from /home/runner/work/key/key/key.core/../key.ui/examples/standard_key/java_dl/arrayMax.key 
48646      DEBUG main            d.u.i.k.p.i.AbstractProblemLoader Environment load took 230.52ns 
48648      INFO  main            d.u.i.k.p.i.AbstractProblemLoader Creating init config 
51588      DEBUG main            d.u.i.k.p.i.AbstractProblemLoader Init config took 2.94s 
51612      INFO  main            d.u.i.k.p.i.AbstractProblemLoader Replaying proof arrayMax.key 
51614      DEBUG main            d.u.i.k.p.i.IntermediateProofReplayer Proof replay took 7.8ns 
53021      INFO  main            d.u.i.k.p.r.p.TestFile    ... finished proof: closed. 
53286      INFO  main            d.u.i.k.p.i.AbstractProblemLoader Loading environment from /home/runner/work/key/key/key.core/../key.ui/examples/standard_key/java_dl/arrayMax.key.proof 
53287      DEBUG main            d.u.i.k.p.i.AbstractProblemLoader Environment load took 210.11ns 
53288      INFO  main            d.u.i.k.p.i.AbstractProblemLoader Creating init config 
56195      DEBUG main            d.u.i.k.p.i.AbstractProblemLoader Init config took 2.91s 
56219      INFO  main            d.u.i.k.p.i.AbstractProblemLoader Replaying proof arrayMax.key.proof 
56505      DEBUG main            d.u.i.k.p.i.IntermediateProofReplayer Proof replay took 277.96ms 
56507      DEBUG main            d.u.i.k.p.r.p.TestFile    ... success: reloaded. 
56509      INFO  main            d.u.i.k.p.r.p.TestFile    Now processing file /home/runner/work/key/key/key.core/../key.ui/examples/standard_key/java_dl/arrayUpdateSimp.key 
56509      INFO  main            d.u.i.k.p.i.AbstractProblemLoader Loading environment from /home/runner/work/key/key/key.core/../key.ui/examples/standard_key/java_dl/arrayUpdateSimp.key 
56509      DEBUG main            d.u.i.k.p.i.AbstractProblemLoader Environment load took 223.01ns 
56513      INFO  main            d.u.i.k.p.i.AbstractProblemLoader Creating init config 
56542      WARN  main            d.u.i.k.j.r.KeYCrossReferenceNameInfo Datatype java.io.InputStream declared twice: Once in FILE:/home/runner/work/key/key/key.core/../key.ui/examples/standard_key/java_dl/./classpath/InputStream.java and once in URL:file:/home/runner/work/key/key/key.core/build/resources/main/de/uka/ilkd/key/java/JavaRedux/java/io/InputStream.java, Keeping one from URL:file:/home/runner/work/key/key/key.core/build/resources/main/de/uka/ilkd/key/java/JavaRedux/java/io/InputStream.java 
56543      WARN  main            d.u.i.k.j.r.KeYCrossReferenceNameInfo Datatype java.lang.System declared twice: Once in FILE:/home/runner/work/key/key/key.core/../key.ui/examples/standard_key/java_dl/./classpath/System.java and once in URL:file:/home/runner/work/key/key/key.core/build/resources/main/de/uka/ilkd/key/java/JavaRedux/java/lang/System.java, Keeping one from URL:file:/home/runner/work/key/key/key.core/build/resources/main/de/uka/ilkd/key/java/JavaRedux/java/lang/System.java 
56543      WARN  main            d.u.i.k.j.r.KeYCrossReferenceNameInfo Datatype java.io.PrintStream declared twice: Once in FILE:/home/runner/work/key/key/key.core/../key.ui/examples/standard_key/java_dl/./classpath/PrintStream.java and once in URL:file:/home/runner/work/key/key/key.core/build/resources/main/de/uka/ilkd/key/java/JavaRedux/java/io/PrintStream.java, Keeping one from URL:file:/home/runner/work/key/key/key.core/build/resources/main/de/uka/ilkd/key/java/JavaRedux/java/io/PrintStream.java 
56550      DEBUG main            d.u.i.k.j.r.ClassFileDeclarationBuilder Parsing: package java.io; public class Closeable { } 
56551      DEBUG main            r.s.KeYCrossReferenceSourceInfo Dynamically created class: java.io.Closeable 
59674      DEBUG main            d.u.i.k.p.i.AbstractProblemLoader Init config took 3.16s 
59698      INFO  main            d.u.i.k.p.i.AbstractProblemLoader Replaying proof arrayUpdateSimp.key 
59699      DEBUG main            d.u.i.k.p.i.IntermediateProofReplayer Proof replay took 8.6ns 
59803      INFO  main            d.u.i.k.p.r.p.TestFile    ... finished proof: closed. 
60044      INFO  main            d.u.i.k.p.i.AbstractProblemLoader Loading environment from /home/runner/work/key/key/key.core/../key.ui/examples/standard_key/java_dl/arrayUpdateSimp.key.proof 
60044      DEBUG main            d.u.i.k.p.i.AbstractProblemLoader Environment load took 139.21ns 
60049      INFO  main            d.u.i.k.p.i.AbstractProblemLoader Creating init config 
60083      WARN  main            d.u.i.k.j.r.KeYCrossReferenceNameInfo Datatype java.io.InputStream declared twice: Once in FILE:/home/runner/work/key/key/key.core/../key.ui/examples/standard_key/java_dl/classpath/InputStream.java and once in URL:file:/home/runner/work/key/key/key.core/build/resources/main/de/uka/ilkd/key/java/JavaRedux/java/io/InputStream.java, Keeping one from URL:file:/home/runner/work/key/key/key.core/build/resources/main/de/uka/ilkd/key/java/JavaRedux/java/io/InputStream.java 
60083      WARN  main            d.u.i.k.j.r.KeYCrossReferenceNameInfo Datatype java.lang.System declared twice: Once in FILE:/home/runner/work/key/key/key.core/../key.ui/examples/standard_key/java_dl/classpath/System.java and once in URL:file:/home/runner/work/key/key/key.core/build/resources/main/de/uka/ilkd/key/java/JavaRedux/java/lang/System.java, Keeping one from URL:file:/home/runner/work/key/key/key.core/build/resources/main/de/uka/ilkd/key/java/JavaRedux/java/lang/System.java 
60083      WARN  main            d.u.i.k.j.r.KeYCrossReferenceNameInfo Datatype java.io.PrintStream declared twice: Once in FILE:/home/runner/work/key/key/key.core/../key.ui/examples/standard_key/java_dl/classpath/PrintStream.java and once in URL:file:/home/runner/work/key/key/key.core/build/resources/main/de/uka/ilkd/key/java/JavaRedux/java/io/PrintStream.java, Keeping one from URL:file:/home/runner/work/key/key/key.core/build/resources/main/de/uka/ilkd/key/java/JavaRedux/java/io/PrintStream.java 
60088      DEBUG main            d.u.i.k.j.r.ClassFileDeclarationBuilder Parsing: package java.io; public class Closeable { } 
60088      DEBUG main            r.s.KeYCrossReferenceSourceInfo Dynamically created class: java.io.Closeable 
62966      DEBUG main            d.u.i.k.p.i.AbstractProblemLoader Init config took 2.92s 
62991      INFO  main            d.u.i.k.p.i.AbstractProblemLoader Replaying proof arrayUpdateSimp.key.proof 
62993      DEBUG main            d.u.i.k.p.i.IntermediateProofReplayer Proof replay took 653.54ns 
62995      DEBUG main            d.u.i.k.p.r.p.TestFile    ... success: reloaded. 
62996      INFO  main            d.u.i.k.p.r.p.TestFile    Now processing file /home/runner/work/key/key/key.core/../key.ui/examples/standard_key/java_dl/attributes.key 
62997      INFO  main            d.u.i.k.p.i.AbstractProblemLoader Loading environment from /home/runner/work/key/key/key.core/../key.ui/examples/standard_key/java_dl/attributes.key 
62997      DEBUG main            d.u.i.k.p.i.AbstractProblemLoader Environment load took 108.21ns 
62998      INFO  main            d.u.i.k.p.i.AbstractProblemLoader Creating init config 
65912      DEBUG main            d.u.i.k.p.i.AbstractProblemLoader Init config took 2.91s 
65934      INFO  main            d.u.i.k.p.i.AbstractProblemLoader Replaying proof attributes.key 
65936      DEBUG main            d.u.i.k.p.i.IntermediateProofReplayer Proof replay took 7.4ns 
66139      INFO  main            d.u.i.k.p.r.p.TestFile    ... finished proof: closed. 
66377      INFO  main            d.u.i.k.p.i.AbstractProblemLoader Loading environment from /home/runner/work/key/key/key.core/../key.ui/examples/standard_key/java_dl/attributes.key.proof 
66377      DEBUG main            d.u.i.k.p.i.AbstractProblemLoader Environment load took 130.91ns 
66379      INFO  main            d.u.i.k.p.i.AbstractProblemLoader Creating init config 
69323      DEBUG main            d.u.i.k.p.i.AbstractProblemLoader Init config took 2.94s 
69346      INFO  main            d.u.i.k.p.i.AbstractProblemLoader Replaying proof attributes.key.proof 
69397      DEBUG main            d.u.i.k.p.i.IntermediateProofReplayer Proof replay took 48.23ms 
69398      DEBUG main            d.u.i.k.p.r.p.TestFile    ... success: reloaded. 
69399      INFO  main            d.u.i.k.p.r.p.TestFile    Now processing file /home/runner/work/key/key/key.core/../key.ui/examples/standard_key/java_dl/break.key 
69399      INFO  main            d.u.i.k.p.i.AbstractProblemLoader Loading environment from /home/runner/work/key/key/key.core/../key.ui/examples/standard_key/java_dl/break.key 
69399      DEBUG main            d.u.i.k.p.i.AbstractProblemLoader Environment load took 84.41ns 
69400      INFO  main            d.u.i.k.p.i.AbstractProblemLoader Creating init config 
69426      WARN  main            d.u.i.k.j.r.KeYCrossReferenceNameInfo Datatype java.io.InputStream declared twice: Once in FILE:/home/runner/work/key/key/key.core/../key.ui/examples/standard_key/java_dl/classpath/InputStream.java and once in URL:file:/home/runner/work/key/key/key.core/build/resources/main/de/uka/ilkd/key/java/JavaRedux/java/io/InputStream.java, Keeping one from URL:file:/home/runner/work/key/key/key.core/build/resources/main/de/uka/ilkd/key/java/JavaRedux/java/io/InputStream.java 
69426      WARN  main            d.u.i.k.j.r.KeYCrossReferenceNameInfo Datatype java.lang.System declared twice: Once in FILE:/home/runner/work/key/key/key.core/../key.ui/examples/standard_key/java_dl/classpath/System.java and once in URL:file:/home/runner/work/key/key/key.core/build/resources/main/de/uka/ilkd/key/java/JavaRedux/java/lang/System.java, Keeping one from URL:file:/home/runner/work/key/key/key.core/build/resources/main/de/uka/ilkd/key/java/JavaRedux/java/lang/System.java 
69427      WARN  main            d.u.i.k.j.r.KeYCrossReferenceNameInfo Datatype java.io.PrintStream declared twice: Once in FILE:/home/runner/work/key/key/key.core/../key.ui/examples/standard_key/java_dl/classpath/PrintStream.java and once in URL:file:/home/runner/work/key/key/key.core/build/resources/main/de/uka/ilkd/key/java/JavaRedux/java/io/PrintStream.java, Keeping one from URL:file:/home/runner/work/key/key/key.core/build/resources/main/de/uka/ilkd/key/java/JavaRedux/java/io/PrintStream.java 
69431      DEBUG main            d.u.i.k.j.r.ClassFileDeclarationBuilder Parsing: package java.io; public class Closeable { } 
69431      DEBUG main            r.s.KeYCrossReferenceSourceInfo Dynamically created class: java.io.Closeable 
72396      DEBUG main            d.u.i.k.p.i.AbstractProblemLoader Init config took 3s 
72417      INFO  main            d.u.i.k.p.i.AbstractProblemLoader Replaying proof break.key 
72419      DEBUG main            d.u.i.k.p.i.IntermediateProofReplayer Proof replay took 7.5ns 
72525      INFO  main            d.u.i.k.p.r.p.TestFile    ... finished proof: closed. 
72758      INFO  main            d.u.i.k.p.i.AbstractProblemLoader Loading environment from /home/runner/work/key/key/key.core/../key.ui/examples/standard_key/java_dl/break.key.proof 
72758      DEBUG main            d.u.i.k.p.i.AbstractProblemLoader Environment load took 174.61ns 
72759      INFO  main            d.u.i.k.p.i.AbstractProblemLoader Creating init config 
72786      WARN  main            d.u.i.k.j.r.KeYCrossReferenceNameInfo Datatype java.io.InputStream declared twice: Once in FILE:/home/runner/work/key/key/key.core/../key.ui/examples/standard_key/java_dl/classpath/InputStream.java and once in URL:file:/home/runner/work/key/key/key.core/build/resources/main/de/uka/ilkd/key/java/JavaRedux/java/io/InputStream.java, Keeping one from URL:file:/home/runner/work/key/key/key.core/build/resources/main/de/uka/ilkd/key/java/JavaRedux/java/io/InputStream.java 
72787      WARN  main            d.u.i.k.j.r.KeYCrossReferenceNameInfo Datatype java.lang.System declared twice: Once in FILE:/home/runner/work/key/key/key.core/../key.ui/examples/standard_key/java_dl/classpath/System.java and once in URL:file:/home/runner/work/key/key/key.core/build/resources/main/de/uka/ilkd/key/java/JavaRedux/java/lang/System.java, Keeping one from URL:file:/home/runner/work/key/key/key.core/build/resources/main/de/uka/ilkd/key/java/JavaRedux/java/lang/System.java 
72787      WARN  main            d.u.i.k.j.r.KeYCrossReferenceNameInfo Datatype java.io.PrintStream declared twice: Once in FILE:/home/runner/work/key/key/key.core/../key.ui/examples/standard_key/java_dl/classpath/PrintStream.java and once in URL:file:/home/runner/work/key/key/key.core/build/resources/main/de/uka/ilkd/key/java/JavaRedux/java/io/PrintStream.java, Keeping one from URL:file:/home/runner/work/key/key/key.core/build/resources/main/de/uka/ilkd/key/java/JavaRedux/java/io/PrintStream.java 
72791      DEBUG main            d.u.i.k.j.r.ClassFileDeclarationBuilder Parsing: package java.io; public class Closeable { } 
72791      DEBUG main            r.s.KeYCrossReferenceSourceInfo Dynamically created class: java.io.Closeable 
75616      DEBUG main            d.u.i.k.p.i.AbstractProblemLoader Init config took 2.86s 
75636      INFO  main            d.u.i.k.p.i.AbstractProblemLoader Replaying proof break.key.proof 
75648      DEBUG main            d.u.i.k.p.i.IntermediateProofReplayer Proof replay took 9.01ms 
75649      DEBUG main            d.u.i.k.p.r.p.TestFile    ... success: reloaded. 
75650      INFO  main            d.u.i.k.p.r.p.TestFile    Now processing file /home/runner/work/key/key/key.core/../key.ui/examples/standard_key/java_dl/char.key 
75650      INFO  main            d.u.i.k.p.i.AbstractProblemLoader Loading environment from /home/runner/work/key/key/key.core/../key.ui/examples/standard_key/java_dl/char.key 
75650      DEBUG main            d.u.i.k.p.i.AbstractProblemLoader Environment load took 92.81ns 
75651      INFO  main            d.u.i.k.p.i.AbstractProblemLoader Creating init config 
78470      DEBUG main            d.u.i.k.p.i.AbstractProblemLoader Init config took 2.82s 
78489      INFO  main            d.u.i.k.p.i.AbstractProblemLoader Replaying proof char.key 
78490      DEBUG main            d.u.i.k.p.i.IntermediateProofReplayer Proof replay took 7.1ns 
78602      INFO  main            d.u.i.k.p.r.p.TestFile    ... finished proof: closed. 
78826      INFO  main            d.u.i.k.p.i.AbstractProblemLoader Loading environment from /home/runner/work/key/key/key.core/../key.ui/examples/standard_key/java_dl/char.key.proof 
78827      DEBUG main            d.u.i.k.p.i.AbstractProblemLoader Environment load took 128.71ns 
78828      INFO  main            d.u.i.k.p.i.AbstractProblemLoader Creating init config 
81559      DEBUG main            d.u.i.k.p.i.AbstractProblemLoader Init config took 2.73s 
81578      INFO  main            d.u.i.k.p.i.AbstractProblemLoader Replaying proof char.key.proof 
81583      DEBUG main            d.u.i.k.p.i.IntermediateProofReplayer Proof replay took 3.16ms 
81584      DEBUG main            d.u.i.k.p.r.p.TestFile    ... success: reloaded. 
81584      INFO  main            d.u.i.k.p.r.p.TestFile    Now processing file /home/runner/work/key/key/key.core/../key.ui/examples/standard_key/java_dl/compileTimeConstants.key 
81584      INFO  main            d.u.i.k.p.i.AbstractProblemLoader Loading environment from /home/runner/work/key/key/key.core/../key.ui/examples/standard_key/java_dl/compileTimeConstants.key 
81585      DEBUG main            d.u.i.k.p.i.AbstractProblemLoader Environment load took 122.81ns 
81586      INFO  main            d.u.i.k.p.i.AbstractProblemLoader Creating init config 
84501      DEBUG main            d.u.i.k.p.i.AbstractProblemLoader Init config took 2.91s 
84519      INFO  main            d.u.i.k.p.i.AbstractProblemLoader Replaying proof compileTimeConstants.key 
84520      DEBUG main            d.u.i.k.p.i.IntermediateProofReplayer Proof replay took 7.6ns 
84625      INFO  main            d.u.i.k.p.r.p.TestFile    ... finished proof: closed. 
84884      INFO  main            d.u.i.k.p.i.AbstractProblemLoader Loading environment from /home/runner/work/key/key/key.core/../key.ui/examples/standard_key/java_dl/compileTimeConstants.key.proof 
84885      DEBUG main            d.u.i.k.p.i.AbstractProblemLoader Environment load took 132.31ns 
84886      INFO  main            d.u.i.k.p.i.AbstractProblemLoader Creating init config 
87724      DEBUG main            d.u.i.k.p.i.AbstractProblemLoader Init config took 2.84s 
87743      INFO  main            d.u.i.k.p.i.AbstractProblemLoader Replaying proof compileTimeConstants.key.proof 
87758      DEBUG main            d.u.i.k.p.i.IntermediateProofReplayer Proof replay took 13.27ms 
87759      DEBUG main            d.u.i.k.p.r.p.TestFile    ... success: reloaded. 
87760      INFO  main            d.u.i.k.p.r.p.TestFile    Now processing file /home/runner/work/key/key/key.core/../key.ui/examples/standard_key/java_dl/constructorException/test.key 
87760      INFO  main            d.u.i.k.p.i.AbstractProblemLoader Loading environment from /home/runner/work/key/key/key.core/../key.ui/examples/standard_key/java_dl/constructorException/test.key 
87760      DEBUG main            d.u.i.k.p.i.AbstractProblemLoader Environment load took 71.4ns 
87761      INFO  main            d.u.i.k.p.i.AbstractProblemLoader Creating init config 
90913      DEBUG main            d.u.i.k.p.i.AbstractProblemLoader Init config took 3.15s 
91040      INFO  main            d.u.i.k.p.i.AbstractProblemLoader Replaying proof Test[Test::Test(int)].JML operation contract.0 
91042      DEBUG main            d.u.i.k.p.i.IntermediateProofReplayer Proof replay took 7.6ns 
91349      INFO  main            d.u.i.k.p.r.p.TestFile    ... finished proof: closed. 
91615      INFO  main            d.u.i.k.p.i.AbstractProblemLoader Loading environment from /home/runner/work/key/key/key.core/../key.ui/examples/standard_key/java_dl/constructorException/test.key.proof 
91616      DEBUG main            d.u.i.k.p.i.AbstractProblemLoader Environment load took 129.01ns 
91617      INFO  main            d.u.i.k.p.i.AbstractProblemLoader Creating init config 
94517      DEBUG main            d.u.i.k.p.i.AbstractProblemLoader Init config took 2.9s 
94566      INFO  main            d.u.i.k.p.i.AbstractProblemLoader Replaying proof Test[Test::Test(int)].JML operation contract.0 
94635      DEBUG main            d.u.i.k.p.i.IntermediateProofReplayer Proof replay took 66.85ms 
94636      DEBUG main            d.u.i.k.p.r.p.TestFile    ... success: reloaded. 
94637      INFO  main            d.u.i.k.p.r.p.TestFile    Now processing file /home/runner/work/key/key/key.core/../key.ui/examples/standard_key/java_dl/constructorException/regressionTestBug1333.key 
94638      INFO  main            d.u.i.k.p.i.AbstractProblemLoader Loading environment from /home/runner/work/key/key/key.core/../key.ui/examples/standard_key/java_dl/constructorException/regressionTestBug1333.key 
94638      DEBUG main            d.u.i.k.p.i.AbstractProblemLoader Environment load took 115.01ns 
94639      INFO  main            d.u.i.k.p.i.AbstractProblemLoader Creating init config 
97597      DEBUG main            d.u.i.k.p.i.AbstractProblemLoader Init config took 2.96s 
97641      INFO  main            d.u.i.k.p.i.AbstractProblemLoader Replaying proof False[False::False()].JML normal_behavior operation contract.0 
97643      DEBUG main            d.u.i.k.p.i.IntermediateProofReplayer Proof replay took 6.5ns 
97748      INFO  main            d.u.i.k.p.r.p.TestFile    ... finished proof: open goal(s) 
98009      INFO  main            d.u.i.k.p.r.p.TestFile    Now processing file /home/runner/work/key/key/key.core/../key.ui/examples/standard_key/java_dl/continue1.key 
98010      INFO  main            d.u.i.k.p.i.AbstractProblemLoader Loading environment from /home/runner/work/key/key/key.core/../key.ui/examples/standard_key/java_dl/continue1.key 
98010      DEBUG main            d.u.i.k.p.i.AbstractProblemLoader Environment load took 107.71ns 
98011      INFO  main            d.u.i.k.p.i.AbstractProblemLoader Creating init config 
98037      WARN  main            d.u.i.k.j.r.KeYCrossReferenceNameInfo Datatype java.io.InputStream declared twice: Once in FILE:/home/runner/work/key/key/key.core/../key.ui/examples/standard_key/java_dl/classpath/InputStream.java and once in URL:file:/home/runner/work/key/key/key.core/build/resources/main/de/uka/ilkd/key/java/JavaRedux/java/io/InputStream.java, Keeping one from URL:file:/home/runner/work/key/key/key.core/build/resources/main/de/uka/ilkd/key/java/JavaRedux/java/io/InputStream.java 
98037      WARN  main            d.u.i.k.j.r.KeYCrossReferenceNameInfo Datatype java.lang.System declared twice: Once in FILE:/home/runner/work/key/key/key.core/../key.ui/examples/standard_key/java_dl/classpath/System.java and once in URL:file:/home/runner/work/key/key/key.core/build/resources/main/de/uka/ilkd/key/java/JavaRedux/java/lang/System.java, Keeping one from URL:file:/home/runner/work/key/key/key.core/build/resources/main/de/uka/ilkd/key/java/JavaRedux/java/lang/System.java 
98038      WARN  main            d.u.i.k.j.r.KeYCrossReferenceNameInfo Datatype java.io.PrintStream declared twice: Once in FILE:/home/runner/work/key/key/key.core/../key.ui/examples/standard_key/java_dl/classpath/PrintStream.java and once in URL:file:/home/runner/work/key/key/key.core/build/resources/main/de/uka/ilkd/key/java/JavaRedux/java/io/PrintStream.java, Keeping one from URL:file:/home/runner/work/key/key/key.core/build/resources/main/de/uka/ilkd/key/java/JavaRedux/java/io/PrintStream.java 
98042      DEBUG main            d.u.i.k.j.r.ClassFileDeclarationBuilder Parsing: package java.io; public class Closeable { } 
98042      DEBUG main            r.s.KeYCrossReferenceSourceInfo Dynamically created class: java.io.Closeable 
100906     DEBUG main            d.u.i.k.p.i.AbstractProblemLoader Init config took 2.89s 
100925     INFO  main            d.u.i.k.p.i.AbstractProblemLoader Replaying proof continue1.key 
100927     DEBUG main            d.u.i.k.p.i.IntermediateProofReplayer Proof replay took 8.2ns 
101030     INFO  main            d.u.i.k.p.r.p.TestFile    ... finished proof: closed. 
101263     INFO  main            d.u.i.k.p.i.AbstractProblemLoader Loading environment from /home/runner/work/key/key/key.core/../key.ui/examples/standard_key/java_dl/continue1.key.proof 
101263     DEBUG main            d.u.i.k.p.i.AbstractProblemLoader Environment load took 152.11ns 
101264     INFO  main            d.u.i.k.p.i.AbstractProblemLoader Creating init config 
101293     WARN  main            d.u.i.k.j.r.KeYCrossReferenceNameInfo Datatype java.io.InputStream declared twice: Once in FILE:/home/runner/work/key/key/key.core/../key.ui/examples/standard_key/java_dl/classpath/InputStream.java and once in URL:file:/home/runner/work/key/key/key.core/build/resources/main/de/uka/ilkd/key/java/JavaRedux/java/io/InputStream.java, Keeping one from URL:file:/home/runner/work/key/key/key.core/build/resources/main/de/uka/ilkd/key/java/JavaRedux/java/io/InputStream.java 
101294     WARN  main            d.u.i.k.j.r.KeYCrossReferenceNameInfo Datatype java.lang.System declared twice: Once in FILE:/home/runner/work/key/key/key.core/../key.ui/examples/standard_key/java_dl/classpath/System.java and once in URL:file:/home/runner/work/key/key/key.core/build/resources/main/de/uka/ilkd/key/java/JavaRedux/java/lang/System.java, Keeping one from URL:file:/home/runner/work/key/key/key.core/build/resources/main/de/uka/ilkd/key/java/JavaRedux/java/lang/System.java 
101294     WARN  main            d.u.i.k.j.r.KeYCrossReferenceNameInfo Datatype java.io.PrintStream declared twice: Once in FILE:/home/runner/work/key/key/key.core/../key.ui/examples/standard_key/java_dl/classpath/PrintStream.java and once in URL:file:/home/runner/work/key/key/key.core/build/resources/main/de/uka/ilkd/key/java/JavaRedux/java/io/PrintStream.java, Keeping one from URL:file:/home/runner/work/key/key/key.core/build/resources/main/de/uka/ilkd/key/java/JavaRedux/java/io/PrintStream.java 
101298     DEBUG main            d.u.i.k.j.r.ClassFileDeclarationBuilder Parsing: package java.io; public class Closeable { } 
101298     DEBUG main            r.s.KeYCrossReferenceSourceInfo Dynamically created class: java.io.Closeable 
104204     DEBUG main            d.u.i.k.p.i.AbstractProblemLoader Init config took 2.94s 
104223     INFO  main            d.u.i.k.p.i.AbstractProblemLoader Replaying proof continue1.key.proof 
104248     DEBUG main            d.u.i.k.p.i.IntermediateProofReplayer Proof replay took 22.7ms 
104250     DEBUG main            d.u.i.k.p.r.p.TestFile    ... success: reloaded. 
104251     INFO  main            d.u.i.k.p.r.p.TestFile    Now processing file /home/runner/work/key/key/key.core/../key.ui/examples/standard_key/java_dl/continue2.key 
104251     INFO  main            d.u.i.k.p.i.AbstractProblemLoader Loading environment from /home/runner/work/key/key/key.core/../key.ui/examples/standard_key/java_dl/continue2.key 
104251     DEBUG main            d.u.i.k.p.i.AbstractProblemLoader Environment load took 97.61ns 
104253     INFO  main            d.u.i.k.p.i.AbstractProblemLoader Creating init config 
104279     WARN  main            d.u.i.k.j.r.KeYCrossReferenceNameInfo Datatype java.io.InputStream declared twice: Once in FILE:/home/runner/work/key/key/key.core/../key.ui/examples/standard_key/java_dl/classpath/InputStream.java and once in URL:file:/home/runner/work/key/key/key.core/build/resources/main/de/uka/ilkd/key/java/JavaRedux/java/io/InputStream.java, Keeping one from URL:file:/home/runner/work/key/key/key.core/build/resources/main/de/uka/ilkd/key/java/JavaRedux/java/io/InputStream.java 
104279     WARN  main            d.u.i.k.j.r.KeYCrossReferenceNameInfo Datatype java.lang.System declared twice: Once in FILE:/home/runner/work/key/key/key.core/../key.ui/examples/standard_key/java_dl/classpath/System.java and once in URL:file:/home/runner/work/key/key/key.core/build/resources/main/de/uka/ilkd/key/java/JavaRedux/java/lang/System.java, Keeping one from URL:file:/home/runner/work/key/key/key.core/build/resources/main/de/uka/ilkd/key/java/JavaRedux/java/lang/System.java 
104279     WARN  main            d.u.i.k.j.r.KeYCrossReferenceNameInfo Datatype java.io.PrintStream declared twice: Once in FILE:/home/runner/work/key/key/key.core/../key.ui/examples/standard_key/java_dl/classpath/PrintStream.java and once in URL:file:/home/runner/work/key/key/key.core/build/resources/main/de/uka/ilkd/key/java/JavaRedux/java/io/PrintStream.java, Keeping one from URL:file:/home/runner/work/key/key/key.core/build/resources/main/de/uka/ilkd/key/java/JavaRedux/java/io/PrintStream.java 
104283     DEBUG main            d.u.i.k.j.r.ClassFileDeclarationBuilder Parsing: package java.io; public class Closeable { } 
104283     DEBUG main            r.s.KeYCrossReferenceSourceInfo Dynamically created class: java.io.Closeable 
107195     DEBUG main            d.u.i.k.p.i.AbstractProblemLoader Init config took 2.94s 
107213     INFO  main            d.u.i.k.p.i.AbstractProblemLoader Replaying proof continue2.key 
107215     DEBUG main            d.u.i.k.p.i.IntermediateProofReplayer Proof replay took 7.2ns 
107620     INFO  main            d.u.i.k.p.r.p.TestFile    ... finished proof: closed. 
107868     INFO  main            d.u.i.k.p.i.AbstractProblemLoader Loading environment from /home/runner/work/key/key/key.core/../key.ui/examples/standard_key/java_dl/continue2.key.proof 
107869     DEBUG main            d.u.i.k.p.i.AbstractProblemLoader Environment load took 117.51ns 
107870     INFO  main            d.u.i.k.p.i.AbstractProblemLoader Creating init config 
107898     WARN  main            d.u.i.k.j.r.KeYCrossReferenceNameInfo Datatype java.io.InputStream declared twice: Once in FILE:/home/runner/work/key/key/key.core/../key.ui/examples/standard_key/java_dl/classpath/InputStream.java and once in URL:file:/home/runner/work/key/key/key.core/build/resources/main/de/uka/ilkd/key/java/JavaRedux/java/io/InputStream.java, Keeping one from URL:file:/home/runner/work/key/key/key.core/build/resources/main/de/uka/ilkd/key/java/JavaRedux/java/io/InputStream.java 
107898     WARN  main            d.u.i.k.j.r.KeYCrossReferenceNameInfo Datatype java.lang.System declared twice: Once in FILE:/home/runner/work/key/key/key.core/../key.ui/examples/standard_key/java_dl/classpath/System.java and once in URL:file:/home/runner/work/key/key/key.core/build/resources/main/de/uka/ilkd/key/java/JavaRedux/java/lang/System.java, Keeping one from URL:file:/home/runner/work/key/key/key.core/build/resources/main/de/uka/ilkd/key/java/JavaRedux/java/lang/System.java 
107898     WARN  main            d.u.i.k.j.r.KeYCrossReferenceNameInfo Datatype java.io.PrintStream declared twice: Once in FILE:/home/runner/work/key/key/key.core/../key.ui/examples/standard_key/java_dl/classpath/PrintStream.java and once in URL:file:/home/runner/work/key/key/key.core/build/resources/main/de/uka/ilkd/key/java/JavaRedux/java/io/PrintStream.java, Keeping one from URL:file:/home/runner/work/key/key/key.core/build/resources/main/de/uka/ilkd/key/java/JavaRedux/java/io/PrintStream.java 
107902     DEBUG main            d.u.i.k.j.r.ClassFileDeclarationBuilder Parsing: package java.io; public class Closeable { } 
107902     DEBUG main            r.s.KeYCrossReferenceSourceInfo Dynamically created class: java.io.Closeable 
110781     DEBUG main            d.u.i.k.p.i.AbstractProblemLoader Init config took 2.91s 
110798     INFO  main            d.u.i.k.p.i.AbstractProblemLoader Replaying proof continue2.key.proof 
110884     DEBUG main            d.u.i.k.p.i.IntermediateProofReplayer Proof replay took 82.89ms 
110886     DEBUG main            d.u.i.k.p.r.p.TestFile    ... success: reloaded. 
110888     INFO  main            d.u.i.k.p.r.p.TestFile    Now processing file /home/runner/work/key/key/key.core/../key.ui/examples/standard_key/java_dl/complexAssignment.key 
110888     INFO  main            d.u.i.k.p.i.AbstractProblemLoader Loading environment from /home/runner/work/key/key/key.core/../key.ui/examples/standard_key/java_dl/complexAssignment.key 
110888     DEBUG main            d.u.i.k.p.i.AbstractProblemLoader Environment load took 165.51ns 
110899     INFO  main            d.u.i.k.p.i.AbstractProblemLoader Creating init config 
113818     DEBUG main            d.u.i.k.p.i.AbstractProblemLoader Init config took 2.92s 
113836     INFO  main            d.u.i.k.p.i.AbstractProblemLoader Replaying proof complexAssignment.key 
113839     DEBUG main            d.u.i.k.p.i.IntermediateProofReplayer Proof replay took 8.9ns 
113944     INFO  main            d.u.i.k.p.r.p.TestFile    ... finished proof: closed. 
114232     INFO  main            d.u.i.k.p.i.AbstractProblemLoader Loading environment from /home/runner/work/key/key/key.core/../key.ui/examples/standard_key/java_dl/complexAssignment.key.proof 
114233     DEBUG main            d.u.i.k.p.i.AbstractProblemLoader Environment load took 118.71ns 
114234     INFO  main            d.u.i.k.p.i.AbstractProblemLoader Creating init config 
117001     DEBUG main            d.u.i.k.p.i.AbstractProblemLoader Init config took 2.77s 
117019     INFO  main            d.u.i.k.p.i.AbstractProblemLoader Replaying proof complexAssignment.key.proof 
117029     DEBUG main            d.u.i.k.p.i.IntermediateProofReplayer Proof replay took 7.29ms 
117030     DEBUG main            d.u.i.k.p.r.p.TestFile    ... success: reloaded. 
117031     INFO  main            d.u.i.k.p.r.p.TestFile    Now processing file /home/runner/work/key/key/key.core/../key.ui/examples/standard_key/java_dl/danglingElseSolution1.key 
117031     INFO  main            d.u.i.k.p.i.AbstractProblemLoader Loading environment from /home/runner/work/key/key/key.core/../key.ui/examples/standard_key/java_dl/danglingElseSolution1.key 
117032     DEBUG main            d.u.i.k.p.i.AbstractProblemLoader Environment load took 145.91ns 
117033     INFO  main            d.u.i.k.p.i.AbstractProblemLoader Creating init config 
119835     DEBUG main            d.u.i.k.p.i.AbstractProblemLoader Init config took 2.8s 
119872     INFO  main            d.u.i.k.p.i.AbstractProblemLoader Replaying proof danglingElseSolution1.key 
119874     DEBUG main            d.u.i.k.p.i.IntermediateProofReplayer Proof replay took 7.3ns 
119978     INFO  main            d.u.i.k.p.r.p.TestFile    ... finished proof: closed. 
120255     INFO  main            d.u.i.k.p.i.AbstractProblemLoader Loading environment from /home/runner/work/key/key/key.core/../key.ui/examples/standard_key/java_dl/danglingElseSolution1.key.proof 
120256     DEBUG main            d.u.i.k.p.i.AbstractProblemLoader Environment load took 129.21ns 
120257     INFO  main            d.u.i.k.p.i.AbstractProblemLoader Creating init config 
123040     DEBUG main            d.u.i.k.p.i.AbstractProblemLoader Init config took 2.78s 
123058     INFO  main            d.u.i.k.p.i.AbstractProblemLoader Replaying proof danglingElseSolution1.key.proof 
123080     DEBUG main            d.u.i.k.p.i.IntermediateProofReplayer Proof replay took 16.36ms 
123082     DEBUG main            d.u.i.k.p.r.p.TestFile    ... success: reloaded. 
123083     INFO  main            d.u.i.k.p.r.p.TestFile    Now processing file /home/runner/work/key/key/key.core/../key.ui/examples/standard_key/java_dl/danglingElseSolution2.key 
123084     INFO  main            d.u.i.k.p.i.AbstractProblemLoader Loading environment from /home/runner/work/key/key/key.core/../key.ui/examples/standard_key/java_dl/danglingElseSolution2.key 
123084     DEBUG main            d.u.i.k.p.i.AbstractProblemLoader Environment load took 216.81ns 
123088     INFO  main            d.u.i.k.p.i.AbstractProblemLoader Creating init config 
125923     DEBUG main            d.u.i.k.p.i.AbstractProblemLoader Init config took 2.84s 
125941     INFO  main            d.u.i.k.p.i.AbstractProblemLoader Replaying proof danglingElseSolution2.key 
125943     DEBUG main            d.u.i.k.p.i.IntermediateProofReplayer Proof replay took 8.1ns 
126048     INFO  main            d.u.i.k.p.r.p.TestFile    ... finished proof: closed. 
126324     INFO  main            d.u.i.k.p.i.AbstractProblemLoader Loading environment from /home/runner/work/key/key/key.core/../key.ui/examples/standard_key/java_dl/danglingElseSolution2.key.proof 
126325     DEBUG main            d.u.i.k.p.i.AbstractProblemLoader Environment load took 469.63ns 
126326     INFO  main            d.u.i.k.p.i.AbstractProblemLoader Creating init config 
129061     DEBUG main            d.u.i.k.p.i.AbstractProblemLoader Init config took 2.74s 
129079     INFO  main            d.u.i.k.p.i.AbstractProblemLoader Replaying proof danglingElseSolution2.key.proof 
129091     DEBUG main            d.u.i.k.p.i.IntermediateProofReplayer Proof replay took 9.59ms 
129092     DEBUG main            d.u.i.k.p.r.p.TestFile    ... success: reloaded. 
129107     INFO  main            d.u.i.k.p.r.p.TestFile    Now processing file /home/runner/work/key/key/key.core/../key.ui/examples/standard_key/java_dl/deepNonNull/deepNonNull0.key 
129107     INFO  main            d.u.i.k.p.i.AbstractProblemLoader Loading environment from /home/runner/work/key/key/key.core/../key.ui/examples/standard_key/java_dl/deepNonNull/deepNonNull0.key 
129108     DEBUG main            d.u.i.k.p.i.AbstractProblemLoader Environment load took 240.82ns 
129109     INFO  main            d.u.i.k.p.i.AbstractProblemLoader Creating init config 
132046     DEBUG main            d.u.i.k.p.i.AbstractProblemLoader Init config took 2.94s 
132091     INFO  main            d.u.i.k.p.i.AbstractProblemLoader Replaying proof Arrays[Arrays::get()].JML operation contract.0 
132092     DEBUG main            d.u.i.k.p.i.IntermediateProofReplayer Proof replay took 6.8ns 
132296     INFO  main            d.u.i.k.p.r.p.TestFile    ... finished proof: closed. 
132660     INFO  main            d.u.i.k.p.i.AbstractProblemLoader Loading environment from /home/runner/work/key/key/key.core/../key.ui/examples/standard_key/java_dl/deepNonNull/deepNonNull0.key.proof 
132661     DEBUG main            d.u.i.k.p.i.AbstractProblemLoader Environment load took 479.23ns 
132662     INFO  main            d.u.i.k.p.i.AbstractProblemLoader Creating init config 
135534     DEBUG main            d.u.i.k.p.i.AbstractProblemLoader Init config took 2.87s 
135578     INFO  main            d.u.i.k.p.i.AbstractProblemLoader Replaying proof Arrays[Arrays::get()].JML operation contract.0 
135624     DEBUG main            d.u.i.k.p.i.IntermediateProofReplayer Proof replay took 43.12ms 
135625     DEBUG main            d.u.i.k.p.r.p.TestFile    ... success: reloaded. 
135626     INFO  main            d.u.i.k.p.r.p.TestFile    Now processing file /home/runner/work/key/key/key.core/../key.ui/examples/standard_key/java_dl/deepNonNull/deepNonNull1.key 
135627     INFO  main            d.u.i.k.p.i.AbstractProblemLoader Loading environment from /home/runner/work/key/key/key.core/../key.ui/examples/standard_key/java_dl/deepNonNull/deepNonNull1.key 
135627     DEBUG main            d.u.i.k.p.i.AbstractProblemLoader Environment load took 105.11ns 
135628     INFO  main            d.u.i.k.p.i.AbstractProblemLoader Creating init config 
138546     DEBUG main            d.u.i.k.p.i.AbstractProblemLoader Init config took 2.92s 
138610     INFO  main            d.u.i.k.p.i.AbstractProblemLoader Replaying proof Arrays[Arrays::head()].JML operation contract.0 
138611     DEBUG main            d.u.i.k.p.i.IntermediateProofReplayer Proof replay took 8.6ns 
138813     INFO  main            d.u.i.k.p.r.p.TestFile    ... finished proof: closed. 
139177     INFO  main            d.u.i.k.p.i.AbstractProblemLoader Loading environment from /home/runner/work/key/key/key.core/../key.ui/examples/standard_key/java_dl/deepNonNull/deepNonNull1.key.proof 
139178     DEBUG main            d.u.i.k.p.i.AbstractProblemLoader Environment load took 133.91ns 
139179     INFO  main            d.u.i.k.p.i.AbstractProblemLoader Creating init config 
142047     DEBUG main            d.u.i.k.p.i.AbstractProblemLoader Init config took 2.87s 
142089     INFO  main            d.u.i.k.p.i.AbstractProblemLoader Replaying proof Arrays[Arrays::head()].JML operation contract.0 
142122     DEBUG main            d.u.i.k.p.i.IntermediateProofReplayer Proof replay took 30.03ms 
142123     DEBUG main            d.u.i.k.p.r.p.TestFile    ... success: reloaded. 
142124     INFO  main            d.u.i.k.p.r.p.TestFile    Now processing file /home/runner/work/key/key/key.core/../key.ui/examples/standard_key/java_dl/deepNonNull/deepNonNull2.key 
142124     INFO  main            d.u.i.k.p.i.AbstractProblemLoader Loading environment from /home/runner/work/key/key/key.core/../key.ui/examples/standard_key/java_dl/deepNonNull/deepNonNull2.key 
142124     DEBUG main            d.u.i.k.p.i.AbstractProblemLoader Environment load took 94.31ns 
142125     INFO  main            d.u.i.k.p.i.AbstractProblemLoader Creating init config 
145011     DEBUG main            d.u.i.k.p.i.AbstractProblemLoader Init config took 2.89s 
145054     INFO  main            d.u.i.k.p.i.AbstractProblemLoader Replaying proof Arrays[Arrays::unprovable(java.lang.Object)].JML operation contract.0 
145055     DEBUG main            d.u.i.k.p.i.IntermediateProofReplayer Proof replay took 7.3ns 
145164     INFO  main            d.u.i.k.p.r.p.TestFile    ... finished proof: open goal(s) 
145490     INFO  main            d.u.i.k.p.r.p.TestFile    Now processing file /home/runner/work/key/key/key.core/../key.ui/examples/standard_key/java_dl/deepNonNull/deepNonNull3.key 
145491     INFO  main            d.u.i.k.p.i.AbstractProblemLoader Loading environment from /home/runner/work/key/key/key.core/../key.ui/examples/standard_key/java_dl/deepNonNull/deepNonNull3.key 
145491     DEBUG main            d.u.i.k.p.i.AbstractProblemLoader Environment load took 68.61ns 
145492     INFO  main            d.u.i.k.p.i.AbstractProblemLoader Creating init config 
148457     DEBUG main            d.u.i.k.p.i.AbstractProblemLoader Init config took 2.97s 
148500     INFO  main            d.u.i.k.p.i.AbstractProblemLoader Replaying proof Arrays[Arrays::head([[[[Ljava.lang.Object)].JML operation contract.0 
148502     DEBUG main            d.u.i.k.p.i.IntermediateProofReplayer Proof replay took 7.5ns 
149509     INFO  main            d.u.i.k.p.r.p.TestFile    ... finished proof: closed. 
149967     INFO  main            d.u.i.k.p.i.AbstractProblemLoader Loading environment from /home/runner/work/key/key/key.core/../key.ui/examples/standard_key/java_dl/deepNonNull/deepNonNull3.key.proof 
149967     DEBUG main            d.u.i.k.p.i.AbstractProblemLoader Environment load took 431.63ns 
149968     INFO  main            d.u.i.k.p.i.AbstractProblemLoader Creating init config 
152883     DEBUG main            d.u.i.k.p.i.AbstractProblemLoader Init config took 2.91s 
152929     INFO  main            d.u.i.k.p.i.AbstractProblemLoader Replaying proof Arrays[Arrays::head([[[[Ljava.lang.Object)].JML operation contract.0 
153056     DEBUG main            d.u.i.k.p.i.IntermediateProofReplayer Proof replay took 119.88ms 
153057     DEBUG main            d.u.i.k.p.r.p.TestFile    ... success: reloaded. 
153057     INFO  main            d.u.i.k.p.r.p.TestFile    Now processing file /home/runner/work/key/key/key.core/../key.ui/examples/standard_key/java_dl/exceptions.key 
153058     INFO  main            d.u.i.k.p.i.AbstractProblemLoader Loading environment from /home/runner/work/key/key/key.core/../key.ui/examples/standard_key/java_dl/exceptions.key 
153058     DEBUG main            d.u.i.k.p.i.AbstractProblemLoader Environment load took 76.91ns 
153062     INFO  main            d.u.i.k.p.i.AbstractProblemLoader Creating init config 
153093     WARN  main            d.u.i.k.j.r.KeYCrossReferenceNameInfo Datatype java.io.InputStream declared twice: Once in FILE:/home/runner/work/key/key/key.core/../key.ui/examples/standard_key/java_dl/classpath/InputStream.java and once in URL:file:/home/runner/work/key/key/key.core/build/resources/main/de/uka/ilkd/key/java/JavaRedux/java/io/InputStream.java, Keeping one from URL:file:/home/runner/work/key/key/key.core/build/resources/main/de/uka/ilkd/key/java/JavaRedux/java/io/InputStream.java 
153093     WARN  main            d.u.i.k.j.r.KeYCrossReferenceNameInfo Datatype java.lang.System declared twice: Once in FILE:/home/runner/work/key/key/key.core/../key.ui/examples/standard_key/java_dl/classpath/System.java and once in URL:file:/home/runner/work/key/key/key.core/build/resources/main/de/uka/ilkd/key/java/JavaRedux/java/lang/System.java, Keeping one from URL:file:/home/runner/work/key/key/key.core/build/resources/main/de/uka/ilkd/key/java/JavaRedux/java/lang/System.java 
153098     WARN  main            d.u.i.k.j.r.KeYCrossReferenceNameInfo Datatype java.io.PrintStream declared twice: Once in FILE:/home/runner/work/key/key/key.core/../key.ui/examples/standard_key/java_dl/classpath/PrintStream.java and once in URL:file:/home/runner/work/key/key/key.core/build/resources/main/de/uka/ilkd/key/java/JavaRedux/java/io/PrintStream.java, Keeping one from URL:file:/home/runner/work/key/key/key.core/build/resources/main/de/uka/ilkd/key/java/JavaRedux/java/io/PrintStream.java 
153107     DEBUG main            d.u.i.k.j.r.ClassFileDeclarationBuilder Parsing: package java.io; public class Closeable { } 
153107     DEBUG main            r.s.KeYCrossReferenceSourceInfo Dynamically created class: java.io.Closeable 
156259     DEBUG main            d.u.i.k.p.i.AbstractProblemLoader Init config took 3.2s 
156279     INFO  main            d.u.i.k.p.i.AbstractProblemLoader Replaying proof exceptions.key 
156280     DEBUG main            d.u.i.k.p.i.IntermediateProofReplayer Proof replay took 8.6ns 
156483     INFO  main            d.u.i.k.p.r.p.TestFile    ... finished proof: closed. 
156822     INFO  main            d.u.i.k.p.i.AbstractProblemLoader Loading environment from /home/runner/work/key/key/key.core/../key.ui/examples/standard_key/java_dl/exceptions.key.proof 
156822     DEBUG main            d.u.i.k.p.i.AbstractProblemLoader Environment load took 98.31ns 
156824     INFO  main            d.u.i.k.p.i.AbstractProblemLoader Creating init config 
156861     WARN  main            d.u.i.k.j.r.KeYCrossReferenceNameInfo Datatype java.io.InputStream declared twice: Once in FILE:/home/runner/work/key/key/key.core/../key.ui/examples/standard_key/java_dl/classpath/InputStream.java and once in URL:file:/home/runner/work/key/key/key.core/build/resources/main/de/uka/ilkd/key/java/JavaRedux/java/io/InputStream.java, Keeping one from URL:file:/home/runner/work/key/key/key.core/build/resources/main/de/uka/ilkd/key/java/JavaRedux/java/io/InputStream.java 
156861     WARN  main            d.u.i.k.j.r.KeYCrossReferenceNameInfo Datatype java.lang.System declared twice: Once in FILE:/home/runner/work/key/key/key.core/../key.ui/examples/standard_key/java_dl/classpath/System.java and once in URL:file:/home/runner/work/key/key/key.core/build/resources/main/de/uka/ilkd/key/java/JavaRedux/java/lang/System.java, Keeping one from URL:file:/home/runner/work/key/key/key.core/build/resources/main/de/uka/ilkd/key/java/JavaRedux/java/lang/System.java 
156861     WARN  main            d.u.i.k.j.r.KeYCrossReferenceNameInfo Datatype java.io.PrintStream declared twice: Once in FILE:/home/runner/work/key/key/key.core/../key.ui/examples/standard_key/java_dl/classpath/PrintStream.java and once in URL:file:/home/runner/work/key/key/key.core/build/resources/main/de/uka/ilkd/key/java/JavaRedux/java/io/PrintStream.java, Keeping one from URL:file:/home/runner/work/key/key/key.core/build/resources/main/de/uka/ilkd/key/java/JavaRedux/java/io/PrintStream.java 
156865     DEBUG main            d.u.i.k.j.r.ClassFileDeclarationBuilder Parsing: package java.io; public class Closeable { } 
156865     DEBUG main            r.s.KeYCrossReferenceSourceInfo Dynamically created class: java.io.Closeable 
159782     DEBUG main            d.u.i.k.p.i.AbstractProblemLoader Init config took 2.96s 
159804     INFO  main            d.u.i.k.p.i.AbstractProblemLoader Replaying proof exceptions.key.proof 
159865     DEBUG main            d.u.i.k.p.i.IntermediateProofReplayer Proof replay took 57.57ms 
159867     DEBUG main            d.u.i.k.p.r.p.TestFile    ... success: reloaded. 
159868     INFO  main            d.u.i.k.p.r.p.TestFile    Now processing file /home/runner/work/key/key/key.core/../key.ui/examples/standard_key/java_dl/exceptions1.key 
159868     INFO  main            d.u.i.k.p.i.AbstractProblemLoader Loading environment from /home/runner/work/key/key/key.core/../key.ui/examples/standard_key/java_dl/exceptions1.key 
159868     DEBUG main            d.u.i.k.p.i.AbstractProblemLoader Environment load took 199.21ns 
159870     INFO  main            d.u.i.k.p.i.AbstractProblemLoader Creating init config 
162748     DEBUG main            d.u.i.k.p.i.AbstractProblemLoader Init config took 2.88s 
162766     INFO  main            d.u.i.k.p.i.AbstractProblemLoader Replaying proof exceptions1.key 
162769     DEBUG main            d.u.i.k.p.i.IntermediateProofReplayer Proof replay took 20.6ns 
162973     INFO  main            d.u.i.k.p.r.p.TestFile    ... finished proof: closed. 
163317     INFO  main            d.u.i.k.p.i.AbstractProblemLoader Loading environment from /home/runner/work/key/key/key.core/../key.ui/examples/standard_key/java_dl/exceptions1.key.proof 
163317     DEBUG main            d.u.i.k.p.i.AbstractProblemLoader Environment load took 418.83ns 
163319     INFO  main            d.u.i.k.p.i.AbstractProblemLoader Creating init config 
166167     DEBUG main            d.u.i.k.p.i.AbstractProblemLoader Init config took 2.85s 
166186     INFO  main            d.u.i.k.p.i.AbstractProblemLoader Replaying proof exceptions1.key.proof 
166233     DEBUG main            d.u.i.k.p.i.IntermediateProofReplayer Proof replay took 42.7ms 
166234     DEBUG main            d.u.i.k.p.r.p.TestFile    ... success: reloaded. 
166235     INFO  main            d.u.i.k.p.r.p.TestFile    Now processing file /home/runner/work/key/key/key.core/../key.ui/examples/standard_key/java_dl/exceptions2.key 
166236     INFO  main            d.u.i.k.p.i.AbstractProblemLoader Loading environment from /home/runner/work/key/key/key.core/../key.ui/examples/standard_key/java_dl/exceptions2.key 
166236     DEBUG main            d.u.i.k.p.i.AbstractProblemLoader Environment load took 230.12ns 
166237     INFO  main            d.u.i.k.p.i.AbstractProblemLoader Creating init config 
169131     DEBUG main            d.u.i.k.p.i.AbstractProblemLoader Init config took 2.89s 
169148     INFO  main            d.u.i.k.p.i.AbstractProblemLoader Replaying proof exceptions2.key 
169150     DEBUG main            d.u.i.k.p.i.IntermediateProofReplayer Proof replay took 8.4ns 
169353     INFO  main            d.u.i.k.p.r.p.TestFile    ... finished proof: closed. 
169684     INFO  main            d.u.i.k.p.i.AbstractProblemLoader Loading environment from /home/runner/work/key/key/key.core/../key.ui/examples/standard_key/java_dl/exceptions2.key.proof 
169684     DEBUG main            d.u.i.k.p.i.AbstractProblemLoader Environment load took 104.81ns 
169685     INFO  main            d.u.i.k.p.i.AbstractProblemLoader Creating init config 
172418     DEBUG main            d.u.i.k.p.i.AbstractProblemLoader Init config took 2.73s 
172436     INFO  main            d.u.i.k.p.i.AbstractProblemLoader Replaying proof exceptions2.key.proof 
172472     DEBUG main            d.u.i.k.p.i.IntermediateProofReplayer Proof replay took 34.1ms 
172473     DEBUG main            d.u.i.k.p.r.p.TestFile    ... success: reloaded. 
172474     INFO  main            d.u.i.k.p.r.p.TestFile    Now processing file /home/runner/work/key/key/key.core/../key.ui/examples/standard_key/java_dl/exceptions3.key 
172475     INFO  main            d.u.i.k.p.i.AbstractProblemLoader Loading environment from /home/runner/work/key/key/key.core/../key.ui/examples/standard_key/java_dl/exceptions3.key 
172475     DEBUG main            d.u.i.k.p.i.AbstractProblemLoader Environment load took 75.91ns 
172476     INFO  main            d.u.i.k.p.i.AbstractProblemLoader Creating init config 
172502     WARN  main            d.u.i.k.j.r.KeYCrossReferenceNameInfo Datatype java.io.InputStream declared twice: Once in FILE:/home/runner/work/key/key/key.core/../key.ui/examples/standard_key/java_dl/classpath/InputStream.java and once in URL:file:/home/runner/work/key/key/key.core/build/resources/main/de/uka/ilkd/key/java/JavaRedux/java/io/InputStream.java, Keeping one from URL:file:/home/runner/work/key/key/key.core/build/resources/main/de/uka/ilkd/key/java/JavaRedux/java/io/InputStream.java 
172502     WARN  main            d.u.i.k.j.r.KeYCrossReferenceNameInfo Datatype java.lang.System declared twice: Once in FILE:/home/runner/work/key/key/key.core/../key.ui/examples/standard_key/java_dl/classpath/System.java and once in URL:file:/home/runner/work/key/key/key.core/build/resources/main/de/uka/ilkd/key/java/JavaRedux/java/lang/System.java, Keeping one from URL:file:/home/runner/work/key/key/key.core/build/resources/main/de/uka/ilkd/key/java/JavaRedux/java/lang/System.java 
172502     WARN  main            d.u.i.k.j.r.KeYCrossReferenceNameInfo Datatype java.io.PrintStream declared twice: Once in FILE:/home/runner/work/key/key/key.core/../key.ui/examples/standard_key/java_dl/classpath/PrintStream.java and once in URL:file:/home/runner/work/key/key/key.core/build/resources/main/de/uka/ilkd/key/java/JavaRedux/java/io/PrintStream.java, Keeping one from URL:file:/home/runner/work/key/key/key.core/build/resources/main/de/uka/ilkd/key/java/JavaRedux/java/io/PrintStream.java 
172508     DEBUG main            d.u.i.k.j.r.ClassFileDeclarationBuilder Parsing: package java.io; public class Closeable { } 
172522     DEBUG main            r.s.KeYCrossReferenceSourceInfo Dynamically created class: java.io.Closeable 
175428     DEBUG main            d.u.i.k.p.i.AbstractProblemLoader Init config took 2.95s 
175446     INFO  main            d.u.i.k.p.i.AbstractProblemLoader Replaying proof exceptions3.key 
175448     DEBUG main            d.u.i.k.p.i.IntermediateProofReplayer Proof replay took 8.4ns 
175553     INFO  main            d.u.i.k.p.r.p.TestFile    ... finished proof: closed. 
175885     INFO  main            d.u.i.k.p.i.AbstractProblemLoader Loading environment from /home/runner/work/key/key/key.core/../key.ui/examples/standard_key/java_dl/exceptions3.key.proof 
175885     DEBUG main            d.u.i.k.p.i.AbstractProblemLoader Environment load took 104.51ns 
175886     INFO  main            d.u.i.k.p.i.AbstractProblemLoader Creating init config 
175913     WARN  main            d.u.i.k.j.r.KeYCrossReferenceNameInfo Datatype java.io.InputStream declared twice: Once in FILE:/home/runner/work/key/key/key.core/../key.ui/examples/standard_key/java_dl/classpath/InputStream.java and once in URL:file:/home/runner/work/key/key/key.core/build/resources/main/de/uka/ilkd/key/java/JavaRedux/java/io/InputStream.java, Keeping one from URL:file:/home/runner/work/key/key/key.core/build/resources/main/de/uka/ilkd/key/java/JavaRedux/java/io/InputStream.java 
175913     WARN  main            d.u.i.k.j.r.KeYCrossReferenceNameInfo Datatype java.lang.System declared twice: Once in FILE:/home/runner/work/key/key/key.core/../key.ui/examples/standard_key/java_dl/classpath/System.java and once in URL:file:/home/runner/work/key/key/key.core/build/resources/main/de/uka/ilkd/key/java/JavaRedux/java/lang/System.java, Keeping one from URL:file:/home/runner/work/key/key/key.core/build/resources/main/de/uka/ilkd/key/java/JavaRedux/java/lang/System.java 
175914     WARN  main            d.u.i.k.j.r.KeYCrossReferenceNameInfo Datatype java.io.PrintStream declared twice: Once in FILE:/home/runner/work/key/key/key.core/../key.ui/examples/standard_key/java_dl/classpath/PrintStream.java and once in URL:file:/home/runner/work/key/key/key.core/build/resources/main/de/uka/ilkd/key/java/JavaRedux/java/io/PrintStream.java, Keeping one from URL:file:/home/runner/work/key/key/key.core/build/resources/main/de/uka/ilkd/key/java/JavaRedux/java/io/PrintStream.java 
175917     DEBUG main            d.u.i.k.j.r.ClassFileDeclarationBuilder Parsing: package java.io; public class Closeable { } 
175917     DEBUG main            r.s.KeYCrossReferenceSourceInfo Dynamically created class: java.io.Closeable 
178798     DEBUG main            d.u.i.k.p.i.AbstractProblemLoader Init config took 2.91s 
178815     INFO  main            d.u.i.k.p.i.AbstractProblemLoader Replaying proof exceptions3.key.proof 
178821     DEBUG main            d.u.i.k.p.i.IntermediateProofReplayer Proof replay took 4.19ms 
178823     DEBUG main            d.u.i.k.p.r.p.TestFile    ... success: reloaded. 
178824     INFO  main            d.u.i.k.p.r.p.TestFile    Now processing file /home/runner/work/key/key/key.core/../key.ui/examples/standard_key/java_dl/exchange.key 
178824     INFO  main            d.u.i.k.p.i.AbstractProblemLoader Loading environment from /home/runner/work/key/key/key.core/../key.ui/examples/standard_key/java_dl/exchange.key 
178824     DEBUG main            d.u.i.k.p.i.AbstractProblemLoader Environment load took 69.61ns 
178825     INFO  main            d.u.i.k.p.i.AbstractProblemLoader Creating init config 
181621     DEBUG main            d.u.i.k.p.i.AbstractProblemLoader Init config took 2.8s 
181638     INFO  main            d.u.i.k.p.i.AbstractProblemLoader Replaying proof exchange.key 
181639     DEBUG main            d.u.i.k.p.i.IntermediateProofReplayer Proof replay took 8.7ns 
181744     INFO  main            d.u.i.k.p.r.p.TestFile    ... finished proof: closed. 
182083     INFO  main            d.u.i.k.p.i.AbstractProblemLoader Loading environment from /home/runner/work/key/key/key.core/../key.ui/examples/standard_key/java_dl/exchange.key.proof 
182083     DEBUG main            d.u.i.k.p.i.AbstractProblemLoader Environment load took 105.31ns 
182084     INFO  main            d.u.i.k.p.i.AbstractProblemLoader Creating init config 
184822     DEBUG main            d.u.i.k.p.i.AbstractProblemLoader Init config took 2.74s 
184839     INFO  main            d.u.i.k.p.i.AbstractProblemLoader Replaying proof exchange.key.proof 
184844     DEBUG main            d.u.i.k.p.i.IntermediateProofReplayer Proof replay took 3.17ms 
184845     DEBUG main            d.u.i.k.p.r.p.TestFile    ... success: reloaded. 
184846     INFO  main            d.u.i.k.p.r.p.TestFile    Now processing file /home/runner/work/key/key/key.core/../key.ui/examples/standard_key/java_dl/if.key 
184846     INFO  main            d.u.i.k.p.i.AbstractProblemLoader Loading environment from /home/runner/work/key/key/key.core/../key.ui/examples/standard_key/java_dl/if.key 
184847     DEBUG main            d.u.i.k.p.i.AbstractProblemLoader Environment load took 183.71ns 
184848     INFO  main            d.u.i.k.p.i.AbstractProblemLoader Creating init config 
187632     DEBUG main            d.u.i.k.p.i.AbstractProblemLoader Init config took 2.78s 
187649     INFO  main            d.u.i.k.p.i.AbstractProblemLoader Replaying proof if.key 
187651     DEBUG main            d.u.i.k.p.i.IntermediateProofReplayer Proof replay took 8.9ns 
187755     INFO  main            d.u.i.k.p.r.p.TestFile    ... finished proof: closed. 
188101     INFO  main            d.u.i.k.p.i.AbstractProblemLoader Loading environment from /home/runner/work/key/key/key.core/../key.ui/examples/standard_key/java_dl/if.key.proof 
188101     DEBUG main            d.u.i.k.p.i.AbstractProblemLoader Environment load took 105.91ns 
188102     INFO  main            d.u.i.k.p.i.AbstractProblemLoader Creating init config 
190878     DEBUG main            d.u.i.k.p.i.AbstractProblemLoader Init config took 2.78s 
190896     INFO  main            d.u.i.k.p.i.AbstractProblemLoader Replaying proof if.key.proof 
190902     DEBUG main            d.u.i.k.p.i.IntermediateProofReplayer Proof replay took 3.84ms 
190902     DEBUG main            d.u.i.k.p.r.p.TestFile    ... success: reloaded. 
190903     INFO  main            d.u.i.k.p.r.p.TestFile    Now processing file /home/runner/work/key/key/key.core/../key.ui/examples/standard_key/java_dl/incrementcounter.key 
190903     INFO  main            d.u.i.k.p.i.AbstractProblemLoader Loading environment from /home/runner/work/key/key/key.core/../key.ui/examples/standard_key/java_dl/incrementcounter.key 
190903     DEBUG main            d.u.i.k.p.i.AbstractProblemLoader Environment load took 91.51ns 
190904     INFO  main            d.u.i.k.p.i.AbstractProblemLoader Creating init config 
193733     DEBUG main            d.u.i.k.p.i.AbstractProblemLoader Init config took 2.83s 
193750     INFO  main            d.u.i.k.p.i.AbstractProblemLoader Replaying proof incrementcounter.key 
193752     DEBUG main            d.u.i.k.p.i.IntermediateProofReplayer Proof replay took 8.6ns 
193854     INFO  main            d.u.i.k.p.r.p.TestFile    ... finished proof: closed. 
194199     INFO  main            d.u.i.k.p.i.AbstractProblemLoader Loading environment from /home/runner/work/key/key/key.core/../key.ui/examples/standard_key/java_dl/incrementcounter.key.proof 
194199     DEBUG main            d.u.i.k.p.i.AbstractProblemLoader Environment load took 101.01ns 
194200     INFO  main            d.u.i.k.p.i.AbstractProblemLoader Creating init config 
196942     DEBUG main            d.u.i.k.p.i.AbstractProblemLoader Init config took 2.74s 
196959     INFO  main            d.u.i.k.p.i.AbstractProblemLoader Replaying proof incrementcounter.key.proof 
196963     DEBUG main            d.u.i.k.p.i.IntermediateProofReplayer Proof replay took 2.19ms 
196964     DEBUG main            d.u.i.k.p.r.p.TestFile    ... success: reloaded. 
196964     INFO  main            d.u.i.k.p.r.p.TestFile    Now processing file /home/runner/work/key/key/key.core/../key.ui/examples/standard_key/java_dl/danglingElse.key 
196965     INFO  main            d.u.i.k.p.i.AbstractProblemLoader Loading environment from /home/runner/work/key/key/key.core/../key.ui/examples/standard_key/java_dl/danglingElse.key 
196965     DEBUG main            d.u.i.k.p.i.AbstractProblemLoader Environment load took 92.41ns 
196966     INFO  main            d.u.i.k.p.i.AbstractProblemLoader Creating init config 
199767     DEBUG main            d.u.i.k.p.i.AbstractProblemLoader Init config took 2.8s 
199784     INFO  main            d.u.i.k.p.i.AbstractProblemLoader Replaying proof danglingElse.key 
199786     DEBUG main            d.u.i.k.p.i.IntermediateProofReplayer Proof replay took 8.6ns 
199888     INFO  main            d.u.i.k.p.r.p.TestFile    ... finished proof: open goal(s) 
200255     INFO  main            d.u.i.k.p.r.p.TestFile    Now processing file /home/runner/work/key/key/key.core/../key.ui/examples/standard_key/java_dl/iteratedAssignment.key 
200256     INFO  main            d.u.i.k.p.i.AbstractProblemLoader Loading environment from /home/runner/work/key/key/key.core/../key.ui/examples/standard_key/java_dl/iteratedAssignment.key 
200256     DEBUG main            d.u.i.k.p.i.AbstractProblemLoader Environment load took 74.41ns 
200257     INFO  main            d.u.i.k.p.i.AbstractProblemLoader Creating init config 
203031     DEBUG main            d.u.i.k.p.i.AbstractProblemLoader Init config took 2.77s 
203048     INFO  main            d.u.i.k.p.i.AbstractProblemLoader Replaying proof iteratedAssignment.key 
203051     DEBUG main            d.u.i.k.p.i.IntermediateProofReplayer Proof replay took 8.4ns 
203462     INFO  main            d.u.i.k.p.r.p.TestFile    ... finished proof: closed. 
203835     INFO  main            d.u.i.k.p.i.AbstractProblemLoader Loading environment from /home/runner/work/key/key/key.core/../key.ui/examples/standard_key/java_dl/iteratedAssignment.key.proof 
203836     DEBUG main            d.u.i.k.p.i.AbstractProblemLoader Environment load took 107.81ns 
203837     INFO  main            d.u.i.k.p.i.AbstractProblemLoader Creating init config 
206712     DEBUG main            d.u.i.k.p.i.AbstractProblemLoader Init config took 2.88s 
206730     INFO  main            d.u.i.k.p.i.AbstractProblemLoader Replaying proof iteratedAssignment.key.proof 
206807     DEBUG main            d.u.i.k.p.i.IntermediateProofReplayer Proof replay took 72.42ms 
206808     DEBUG main            d.u.i.k.p.r.p.TestFile    ... success: reloaded. 
206808     INFO  main            d.u.i.k.p.r.p.TestFile    Now processing file /home/runner/work/key/key/key.core/../key.ui/examples/standard_key/java_dl/assert/assert1.key 
206809     INFO  main            d.u.i.k.p.i.AbstractProblemLoader Loading environment from /home/runner/work/key/key/key.core/../key.ui/examples/standard_key/java_dl/assert/assert1.key 
206809     DEBUG main            d.u.i.k.p.i.AbstractProblemLoader Environment load took 92.01ns 
206810     INFO  main            d.u.i.k.p.i.AbstractProblemLoader Creating init config 
209608     DEBUG main            d.u.i.k.p.i.AbstractProblemLoader Init config took 2.8s 
209648     INFO  main            d.u.i.k.p.i.AbstractProblemLoader Replaying proof C[C::foo()].JML normal_behavior operation contract.0 
209650     DEBUG main            d.u.i.k.p.i.IntermediateProofReplayer Proof replay took 8.1ns 
209852     INFO  main            d.u.i.k.p.r.p.TestFile    ... finished proof: open goal(s) 
210270     INFO  main            d.u.i.k.p.r.p.TestFile    Now processing file /home/runner/work/key/key/key.core/../key.ui/examples/standard_key/java_dl/assert/assert2.key 
210271     INFO  main            d.u.i.k.p.i.AbstractProblemLoader Loading environment from /home/runner/work/key/key/key.core/../key.ui/examples/standard_key/java_dl/assert/assert2.key 
210271     DEBUG main            d.u.i.k.p.i.AbstractProblemLoader Environment load took 92.31ns 
210272     INFO  main            d.u.i.k.p.i.AbstractProblemLoader Creating init config 
213023     DEBUG main            d.u.i.k.p.i.AbstractProblemLoader Init config took 2.75s 
213075     INFO  main            d.u.i.k.p.i.AbstractProblemLoader Replaying proof C[C::bar()].JML exceptional_behavior operation contract.0 
213078     DEBUG main            d.u.i.k.p.i.IntermediateProofReplayer Proof replay took 8.4ns 
213284     INFO  main            d.u.i.k.p.r.p.TestFile    ... finished proof: closed. 
213645     INFO  main            d.u.i.k.p.i.AbstractProblemLoader Loading environment from /home/runner/work/key/key/key.core/../key.ui/examples/standard_key/java_dl/assert/assert2.key.proof 
213646     DEBUG main            d.u.i.k.p.i.AbstractProblemLoader Environment load took 96.31ns 
213647     INFO  main            d.u.i.k.p.i.AbstractProblemLoader Creating init config 
216499     DEBUG main            d.u.i.k.p.i.AbstractProblemLoader Init config took 2.85s 
216537     INFO  main            d.u.i.k.p.i.AbstractProblemLoader Replaying proof C[C::bar()].JML exceptional_behavior operation contract.0 
216586     DEBUG main            d.u.i.k.p.i.IntermediateProofReplayer Proof replay took 46.64ms 
216587     DEBUG main            d.u.i.k.p.r.p.TestFile    ... success: reloaded. 
216588     INFO  main            d.u.i.k.p.r.p.TestFile    Now processing file /home/runner/work/key/key/key.core/../key.ui/examples/standard_key/java_dl/assert/assert3.key 
216589     INFO  main            d.u.i.k.p.i.AbstractProblemLoader Loading environment from /home/runner/work/key/key/key.core/../key.ui/examples/standard_key/java_dl/assert/assert3.key 
216589     DEBUG main            d.u.i.k.p.i.AbstractProblemLoader Environment load took 123.11ns 
216590     INFO  main            d.u.i.k.p.i.AbstractProblemLoader Creating init config 
219411     DEBUG main            d.u.i.k.p.i.AbstractProblemLoader Init config took 2.82s 
219451     INFO  main            d.u.i.k.p.i.AbstractProblemLoader Replaying proof C[C::foo()].JML normal_behavior operation contract.0 
219454     DEBUG main            d.u.i.k.p.i.IntermediateProofReplayer Proof replay took 7.6ns 
219557     INFO  main            d.u.i.k.p.r.p.TestFile    ... finished proof: open goal(s) 
219937     INFO  main            d.u.i.k.p.r.p.TestFile    Now processing file /home/runner/work/key/key/key.core/../key.ui/examples/standard_key/java_dl/java5/vararg.key 
219937     INFO  main            d.u.i.k.p.i.AbstractProblemLoader Loading environment from /home/runner/work/key/key/key.core/../key.ui/examples/standard_key/java_dl/java5/vararg.key 
219937     DEBUG main            d.u.i.k.p.i.AbstractProblemLoader Environment load took 57.1ns 
219939     INFO  main            d.u.i.k.p.i.AbstractProblemLoader Creating init config 
220939     DEBUG main            d.u.i.k.j.r.ClassPreparationMethodBuilder clPrepBuilder: Inner Class detected. Reject building class initialisation methods. 
223135     DEBUG main            d.u.i.k.p.i.AbstractProblemLoader Init config took 3.2s 
223166     INFO  main            d.u.i.k.p.i.AbstractProblemLoader Replaying proof vararg.key 
223168     DEBUG main            d.u.i.k.p.i.IntermediateProofReplayer Proof replay took 7.6ns 
223482     DEBUG Thread-101      d.u.i.k.j.d.VariableSpecification Program match. Variables have different dimension (template #v0 = #vi;, source var#17[] = new java.lang.Object[]{d1, d2};) 
223649     DEBUG Thread-101      d.u.i.k.j.d.VariableSpecification Program match. Variables have different dimension (template #v0 = #vi;, source var#24[] = new java.lang.Object[]{d1, d2};) 
223873     DEBUG Thread-101      d.u.i.k.j.d.VariableSpecification Program match. Variables have different dimension (template #v0 = #vi;, source var#33[] = new java.lang.Object[]{var_1};) 
223874     DEBUG Thread-101      d.u.i.k.j.d.VariableSpecification Program match. Variables have different dimension (template #v0 = #vi;, source var#33[] = new java.lang.Object[]{var_1};) 
224023     DEBUG Thread-101      d.u.i.k.j.d.VariableSpecification Program match. Variables have different dimension (template #v0 = #vi;, source var#39[] = new java.lang.Object[]{null, null};) 
224195     DEBUG Thread-101      d.u.i.k.j.d.VariableSpecification Program match. Variables have different dimension (template #v0 = #vi;, source var#46[] = new java.lang.Object[]{};) 
224608     INFO  main            d.u.i.k.p.r.p.TestFile    ... finished proof: closed. 
225055     INFO  main            d.u.i.k.p.i.AbstractProblemLoader Loading environment from /home/runner/work/key/key/key.core/../key.ui/examples/standard_key/java_dl/java5/vararg.key.proof 
225055     DEBUG main            d.u.i.k.p.i.AbstractProblemLoader Environment load took 120.91ns 
225057     INFO  main            d.u.i.k.p.i.AbstractProblemLoader Creating init config 
226074     DEBUG main            d.u.i.k.j.r.ClassPreparationMethodBuilder clPrepBuilder: Inner Class detected. Reject building class initialisation methods. 
228141     DEBUG main            d.u.i.k.p.i.AbstractProblemLoader Init config took 3.08s 
228171     INFO  main            d.u.i.k.p.i.AbstractProblemLoader Replaying proof vararg.key.proof 
228561     DEBUG main            d.u.i.k.p.i.IntermediateProofReplayer Proof replay took 376.77ms 
228563     DEBUG main            d.u.i.k.p.r.p.TestFile    ... success: reloaded. 
228564     INFO  main            d.u.i.k.p.r.p.TestFile    Now processing file /home/runner/work/key/key/key.core/../key.ui/examples/standard_key/java_dl/java5/for_Array.key 
228564     INFO  main            d.u.i.k.p.i.AbstractProblemLoader Loading environment from /home/runner/work/key/key/key.core/../key.ui/examples/standard_key/java_dl/java5/for_Array.key 
228564     DEBUG main            d.u.i.k.p.i.AbstractProblemLoader Environment load took 195.91ns 
228565     INFO  main            d.u.i.k.p.i.AbstractProblemLoader Creating init config 
229601     DEBUG main            d.u.i.k.j.r.ClassPreparationMethodBuilder clPrepBuilder: Inner Class detected. Reject building class initialisation methods. 
231766     DEBUG main            d.u.i.k.p.i.AbstractProblemLoader Init config took 3.2s 
231830     INFO  main            d.u.i.k.p.i.AbstractProblemLoader Replaying proof For[For::sum([I)].JML operation contract.0 
231832     DEBUG main            d.u.i.k.p.i.IntermediateProofReplayer Proof replay took 8.2ns 
232235     INFO  main            d.u.i.k.p.r.p.TestFile    ... finished proof: closed. 
232752     INFO  main            d.u.i.k.p.i.AbstractProblemLoader Loading environment from /home/runner/work/key/key/key.core/../key.ui/examples/standard_key/java_dl/java5/for_Array.key.proof 
232752     DEBUG main            d.u.i.k.p.i.AbstractProblemLoader Environment load took 94.41ns 
232753     INFO  main            d.u.i.k.p.i.AbstractProblemLoader Creating init config 
233720     DEBUG main            d.u.i.k.j.r.ClassPreparationMethodBuilder clPrepBuilder: Inner Class detected. Reject building class initialisation methods. 
235789     DEBUG main            d.u.i.k.p.i.AbstractProblemLoader Init config took 3.04s 
235846     INFO  main            d.u.i.k.p.i.AbstractProblemLoader Replaying proof For[For::sum([I)].JML operation contract.0 
235961     DEBUG main            d.u.i.k.p.i.IntermediateProofReplayer Proof replay took 111.1ms 
235962     DEBUG main            d.u.i.k.p.r.p.TestFile    ... success: reloaded. 
235964     INFO  main            d.u.i.k.p.r.p.TestFile    Now processing file /home/runner/work/key/key/key.core/../key.ui/examples/standard_key/java_dl/java5/for_Iterable.key 
235964     INFO  main            d.u.i.k.p.i.AbstractProblemLoader Loading environment from /home/runner/work/key/key/key.core/../key.ui/examples/standard_key/java_dl/java5/for_Iterable.key 
235965     DEBUG main            d.u.i.k.p.i.AbstractProblemLoader Environment load took 191.21ns 
235966     INFO  main            d.u.i.k.p.i.AbstractProblemLoader Creating init config 
236979     DEBUG main            d.u.i.k.j.r.ClassPreparationMethodBuilder clPrepBuilder: Inner Class detected. Reject building class initialisation methods. 
239051     DEBUG main            d.u.i.k.p.i.AbstractProblemLoader Init config took 3.09s 
239136     INFO  main            d.u.i.k.p.i.AbstractProblemLoader Replaying proof For[For::infiniteLoop(For)].JML operation contract.0 
239138     DEBUG main            d.u.i.k.p.i.IntermediateProofReplayer Proof replay took 8.5ns 
239340     INFO  main            d.u.i.k.p.r.p.TestFile    ... finished proof: closed. 
239746     INFO  main            d.u.i.k.p.i.AbstractProblemLoader Loading environment from /home/runner/work/key/key/key.core/../key.ui/examples/standard_key/java_dl/java5/for_Iterable.key.proof 
239746     DEBUG main            d.u.i.k.p.i.AbstractProblemLoader Environment load took 113.41ns 
239747     INFO  main            d.u.i.k.p.i.AbstractProblemLoader Creating init config 
240728     DEBUG main            d.u.i.k.j.r.ClassPreparationMethodBuilder clPrepBuilder: Inner Class detected. Reject building class initialisation methods. 
242789     DEBUG main            d.u.i.k.p.i.AbstractProblemLoader Init config took 3.04s 
242846     INFO  main            d.u.i.k.p.i.AbstractProblemLoader Replaying proof For[For::infiniteLoop(For)].JML operation contract.0 
242907     DEBUG main            d.u.i.k.p.i.IntermediateProofReplayer Proof replay took 59.19ms 
242908     DEBUG main            d.u.i.k.p.r.p.TestFile    ... success: reloaded. 
242909     INFO  main            d.u.i.k.p.r.p.TestFile    Now processing file /home/runner/work/key/key/key.core/../key.ui/examples/standard_key/java_dl/java5/for_ReferenceArray.key 
242910     INFO  main            d.u.i.k.p.i.AbstractProblemLoader Loading environment from /home/runner/work/key/key/key.core/../key.ui/examples/standard_key/java_dl/java5/for_ReferenceArray.key 
242910     DEBUG main            d.u.i.k.p.i.AbstractProblemLoader Environment load took 69.3ns 
242911     INFO  main            d.u.i.k.p.i.AbstractProblemLoader Creating init config 
243991     DEBUG main            d.u.i.k.j.r.ClassPreparationMethodBuilder clPrepBuilder: Inner Class detected. Reject building class initialisation methods. 
246089     DEBUG main            d.u.i.k.p.i.AbstractProblemLoader Init config took 3.18s 
246144     INFO  main            d.u.i.k.p.i.AbstractProblemLoader Replaying proof ForReferenceArray[ForReferenceArray::foo([Ljava.lang.Object)].JML operation contract.0 
246147     DEBUG main            d.u.i.k.p.i.IntermediateProofReplayer Proof replay took 7.8ns 
246452     INFO  main            d.u.i.k.p.r.p.TestFile    ... finished proof: closed. 
246881     INFO  main            d.u.i.k.p.i.AbstractProblemLoader Loading environment from /home/runner/work/key/key/key.core/../key.ui/examples/standard_key/java_dl/java5/for_ReferenceArray.key.proof 
246881     DEBUG main            d.u.i.k.p.i.AbstractProblemLoader Environment load took 120.71ns 
246882     INFO  main            d.u.i.k.p.i.AbstractProblemLoader Creating init config 
247845     DEBUG main            d.u.i.k.j.r.ClassPreparationMethodBuilder clPrepBuilder: Inner Class detected. Reject building class initialisation methods. 
249877     DEBUG main            d.u.i.k.p.i.AbstractProblemLoader Init config took 3s 
249933     INFO  main            d.u.i.k.p.i.AbstractProblemLoader Replaying proof ForReferenceArray[ForReferenceArray::foo([Ljava.lang.Object)].JML operation contract.0 
250001     DEBUG main            d.u.i.k.p.i.IntermediateProofReplayer Proof replay took 65.06ms 
250002     DEBUG main            d.u.i.k.p.r.p.TestFile    ... success: reloaded. 
250003     INFO  main            d.u.i.k.p.r.p.TestFile    Now processing file /home/runner/work/key/key/key.core/../key.ui/examples/standard_key/java_dl/jml-bigint/cast.key 
250004     INFO  main            d.u.i.k.p.i.AbstractProblemLoader Loading environment from /home/runner/work/key/key/key.core/../key.ui/examples/standard_key/java_dl/jml-bigint/cast.key 
250004     DEBUG main            d.u.i.k.p.i.AbstractProblemLoader Environment load took 72.4ns 
250005     INFO  main            d.u.i.k.p.i.AbstractProblemLoader Creating init config 
253047     DEBUG main            d.u.i.k.p.i.AbstractProblemLoader Init config took 3.04s 
253087     INFO  main            d.u.i.k.p.i.AbstractProblemLoader Replaying proof Mult[Mult::cast()].JML operation contract.0 
253090     DEBUG main            d.u.i.k.p.i.IntermediateProofReplayer Proof replay took 8.7ns 
253192     INFO  main            d.u.i.k.p.r.p.TestFile    ... finished proof: closed. 
253611     INFO  main            d.u.i.k.p.i.AbstractProblemLoader Loading environment from /home/runner/work/key/key/key.core/../key.ui/examples/standard_key/java_dl/jml-bigint/cast.key.proof 
253611     DEBUG main            d.u.i.k.p.i.AbstractProblemLoader Environment load took 101.01ns 
253612     INFO  main            d.u.i.k.p.i.AbstractProblemLoader Creating init config 
256561     DEBUG main            d.u.i.k.p.i.AbstractProblemLoader Init config took 2.95s 
256600     INFO  main            d.u.i.k.p.i.AbstractProblemLoader Replaying proof Mult[Mult::cast()].JML operation contract.0 
256617     DEBUG main            d.u.i.k.p.i.IntermediateProofReplayer Proof replay took 14.58ms 
256618     DEBUG main            d.u.i.k.p.r.p.TestFile    ... success: reloaded. 
256619     INFO  main            d.u.i.k.p.r.p.TestFile    Now processing file /home/runner/work/key/key/key.core/../key.ui/examples/standard_key/java_dl/jml-free/loopInvFree.key 
256619     INFO  main            d.u.i.k.p.i.AbstractProblemLoader Loading environment from /home/runner/work/key/key/key.core/../key.ui/examples/standard_key/java_dl/jml-free/loopInvFree.key 
256619     DEBUG main            d.u.i.k.p.i.AbstractProblemLoader Environment load took 86.61ns 
256620     INFO  main            d.u.i.k.p.i.AbstractProblemLoader Creating init config 
259496     DEBUG main            d.u.i.k.p.i.AbstractProblemLoader Init config took 2.88s 
259534     INFO  main            d.u.i.k.p.i.AbstractProblemLoader Replaying proof LoopInvFree[LoopInvFree::test()].JML operation contract.0 
259535     DEBUG main            d.u.i.k.p.i.IntermediateProofReplayer Proof replay took 8.6ns 
259737     INFO  main            d.u.i.k.p.r.p.TestFile    ... finished proof: closed. 
260172     INFO  main            d.u.i.k.p.i.AbstractProblemLoader Loading environment from /home/runner/work/key/key/key.core/../key.ui/examples/standard_key/java_dl/jml-free/loopInvFree.key.proof 
260173     DEBUG main            d.u.i.k.p.i.AbstractProblemLoader Environment load took 101.41ns 
260174     INFO  main            d.u.i.k.p.i.AbstractProblemLoader Creating init config 
263096     DEBUG main            d.u.i.k.p.i.AbstractProblemLoader Init config took 2.92s 
263136     INFO  main            d.u.i.k.p.i.AbstractProblemLoader Replaying proof LoopInvFree[LoopInvFree::test()].JML operation contract.0 
263188     DEBUG main            d.u.i.k.p.i.IntermediateProofReplayer Proof replay took 49.62ms 
263189     DEBUG main            d.u.i.k.p.r.p.TestFile    ... success: reloaded. 
263190     INFO  main            d.u.i.k.p.r.p.TestFile    Now processing file /home/runner/work/key/key/key.core/../key.ui/examples/standard_key/java_dl/jml-free/ensuresFree.key 
263190     INFO  main            d.u.i.k.p.i.AbstractProblemLoader Loading environment from /home/runner/work/key/key/key.core/../key.ui/examples/standard_key/java_dl/jml-free/ensuresFree.key 
263191     DEBUG main            d.u.i.k.p.i.AbstractProblemLoader Environment load took 86.41ns 
263191     INFO  main            d.u.i.k.p.i.AbstractProblemLoader Creating init config 
266171     DEBUG main            d.u.i.k.p.i.AbstractProblemLoader Init config took 2.98s 
266212     INFO  main            d.u.i.k.p.i.AbstractProblemLoader Replaying proof EnsuresFree[EnsuresFree::test()].JML operation contract.0 
266214     DEBUG main            d.u.i.k.p.i.IntermediateProofReplayer Proof replay took 9ns 
266315     INFO  main            d.u.i.k.p.r.p.TestFile    ... finished proof: closed. 
266743     INFO  main            d.u.i.k.p.i.AbstractProblemLoader Loading environment from /home/runner/work/key/key/key.core/../key.ui/examples/standard_key/java_dl/jml-free/ensuresFree.key.proof 
266743     DEBUG main            d.u.i.k.p.i.AbstractProblemLoader Environment load took 87.31ns 
266744     INFO  main            d.u.i.k.p.i.AbstractProblemLoader Creating init config 
269673     DEBUG main            d.u.i.k.p.i.AbstractProblemLoader Init config took 2.93s 
269712     INFO  main            d.u.i.k.p.i.AbstractProblemLoader Replaying proof EnsuresFree[EnsuresFree::test()].JML operation contract.0 
269733     DEBUG main            d.u.i.k.p.i.IntermediateProofReplayer Proof replay took 18.51ms 
269734     DEBUG main            d.u.i.k.p.r.p.TestFile    ... success: reloaded. 
269735     INFO  main            d.u.i.k.p.r.p.TestFile    Now processing file /home/runner/work/key/key/key.core/../key.ui/examples/standard_key/java_dl/jml-information-flow.key 
269735     INFO  main            d.u.i.k.p.i.AbstractProblemLoader Loading environment from /home/runner/work/key/key/key.core/../key.ui/examples/standard_key/java_dl/jml-information-flow.key 
269736     DEBUG main            d.u.i.k.p.i.AbstractProblemLoader Environment load took 229.31ns 
269742     INFO  main            d.u.i.k.p.i.AbstractProblemLoader Creating init config 
272935     DEBUG main            d.u.i.k.p.i.AbstractProblemLoader Init config took 3.19s 
272955     INFO  main            d.u.i.k.p.i.AbstractProblemLoader Replaying proof jml-information-flow.key 
272956     DEBUG main            d.u.i.k.p.i.IntermediateProofReplayer Proof replay took 8ns 
411898     INFO  main            d.u.i.k.p.r.p.TestFile    ... finished proof: closed. 
412564     INFO  main            d.u.i.k.p.i.AbstractProblemLoader Loading environment from /home/runner/work/key/key/key.core/../key.ui/examples/standard_key/java_dl/jml-information-flow.key.proof 
412565     DEBUG main            d.u.i.k.p.i.AbstractProblemLoader Environment load took 401.53ns 
412575     INFO  main            d.u.i.k.p.i.AbstractProblemLoader Creating init config 
415528     DEBUG main            d.u.i.k.p.i.AbstractProblemLoader Init config took 2.95s 
415549     INFO  main            d.u.i.k.p.i.AbstractProblemLoader Replaying proof jml-information-flow.key.proof 
419649     DEBUG main            d.u.i.k.p.i.IntermediateProofReplayer Proof replay took 3.97s 
419659     DEBUG main            d.u.i.k.p.r.p.TestFile    ... success: reloaded. 
419660     INFO  main            d.u.i.k.p.r.p.TestFile    Now processing file /home/runner/work/key/key/key.core/../key.ui/examples/standard_key/java_dl/jml-min/min-unprovable1.key 
419660     INFO  main            d.u.i.k.p.i.AbstractProblemLoader Loading environment from /home/runner/work/key/key/key.core/../key.ui/examples/standard_key/java_dl/jml-min/min-unprovable1.key 
419660     DEBUG main            d.u.i.k.p.i.AbstractProblemLoader Environment load took 60.3ns 
419661     INFO  main            d.u.i.k.p.i.AbstractProblemLoader Creating init config 
422639     DEBUG main            d.u.i.k.p.i.AbstractProblemLoader Init config took 2.98s 
422676     INFO  main            d.u.i.k.p.i.AbstractProblemLoader Replaying proof Min[Min::foo()].JML operation contract.0 
422677     DEBUG main            d.u.i.k.p.i.IntermediateProofReplayer Proof replay took 6.6ns 
422784     INFO  main            d.u.i.k.p.r.p.TestFile    ... finished proof: open goal(s) 
423405     INFO  main            d.u.i.k.p.r.p.TestFile    Now processing file /home/runner/work/key/key/key.core/../key.ui/examples/standard_key/java_dl/jml-min/min-unprovable2.key 
423405     INFO  main            d.u.i.k.p.i.AbstractProblemLoader Loading environment from /home/runner/work/key/key/key.core/../key.ui/examples/standard_key/java_dl/jml-min/min-unprovable2.key 
423405     DEBUG main            d.u.i.k.p.i.AbstractProblemLoader Environment load took 88.11ns 
423410     INFO  main            d.u.i.k.p.i.AbstractProblemLoader Creating init config 
426195     DEBUG main            d.u.i.k.p.i.AbstractProblemLoader Init config took 2.79s 
426233     INFO  main            d.u.i.k.p.i.AbstractProblemLoader Replaying proof Min[Min::foo2()].JML operation contract.0 
426234     DEBUG main            d.u.i.k.p.i.IntermediateProofReplayer Proof replay took 7.2ns 
426336     INFO  main            d.u.i.k.p.r.p.TestFile    ... finished proof: open goal(s) 
426782     INFO  main            d.u.i.k.p.r.p.TestFile    Now processing file /home/runner/work/key/key/key.core/../key.ui/examples/standard_key/java_dl/methodCall.key 
426783     INFO  main            d.u.i.k.p.i.AbstractProblemLoader Loading environment from /home/runner/work/key/key/key.core/../key.ui/examples/standard_key/java_dl/methodCall.key 
426783     DEBUG main            d.u.i.k.p.i.AbstractProblemLoader Environment load took 60.5ns 
426784     INFO  main            d.u.i.k.p.i.AbstractProblemLoader Creating init config 
429723     DEBUG main            d.u.i.k.p.i.AbstractProblemLoader Init config took 2.94s 
429740     INFO  main            d.u.i.k.p.i.AbstractProblemLoader Replaying proof methodCall.key 
429742     DEBUG main            d.u.i.k.p.i.IntermediateProofReplayer Proof replay took 7.4ns 
429844     INFO  main            d.u.i.k.p.r.p.TestFile    ... finished proof: closed. 
430304     INFO  main            d.u.i.k.p.i.AbstractProblemLoader Loading environment from /home/runner/work/key/key/key.core/../key.ui/examples/standard_key/java_dl/methodCall.key.proof 
430304     DEBUG main            d.u.i.k.p.i.AbstractProblemLoader Environment load took 88.11ns 
430305     INFO  main            d.u.i.k.p.i.AbstractProblemLoader Creating init config 
433131     DEBUG main            d.u.i.k.p.i.AbstractProblemLoader Init config took 2.83s 
433148     INFO  main            d.u.i.k.p.i.AbstractProblemLoader Replaying proof methodCall.key.proof 
433152     DEBUG main            d.u.i.k.p.i.IntermediateProofReplayer Proof replay took 1.93ms 
433153     DEBUG main            d.u.i.k.p.r.p.TestFile    ... success: reloaded. 
433153     INFO  main            d.u.i.k.p.r.p.TestFile    Now processing file /home/runner/work/key/key/key.core/../key.ui/examples/standard_key/java_dl/methodCall1.key 
433153     INFO  main            d.u.i.k.p.i.AbstractProblemLoader Loading environment from /home/runner/work/key/key/key.core/../key.ui/examples/standard_key/java_dl/methodCall1.key 
433154     DEBUG main            d.u.i.k.p.i.AbstractProblemLoader Environment load took 59.4ns 
433155     INFO  main            d.u.i.k.p.i.AbstractProblemLoader Creating init config 
435962     DEBUG main            d.u.i.k.p.i.AbstractProblemLoader Init config took 2.81s 
435978     INFO  main            d.u.i.k.p.i.AbstractProblemLoader Replaying proof methodCall1.key 
435979     DEBUG main            d.u.i.k.p.i.IntermediateProofReplayer Proof replay took 7.2ns 
436081     INFO  main            d.u.i.k.p.r.p.TestFile    ... finished proof: closed. 
436547     INFO  main            d.u.i.k.p.i.AbstractProblemLoader Loading environment from /home/runner/work/key/key/key.core/../key.ui/examples/standard_key/java_dl/methodCall1.key.proof 
436547     DEBUG main            d.u.i.k.p.i.AbstractProblemLoader Environment load took 93.41ns 
436548     INFO  main            d.u.i.k.p.i.AbstractProblemLoader Creating init config 
439307     DEBUG main            d.u.i.k.p.i.AbstractProblemLoader Init config took 2.76s 
439323     INFO  main            d.u.i.k.p.i.AbstractProblemLoader Replaying proof methodCall1.key.proof 
439338     DEBUG main            d.u.i.k.p.i.IntermediateProofReplayer Proof replay took 13.38ms 
439339     DEBUG main            d.u.i.k.p.r.p.TestFile    ... success: reloaded. 
439340     INFO  main            d.u.i.k.p.r.p.TestFile    Now processing file /home/runner/work/key/key/key.core/../key.ui/examples/standard_key/java_dl/methodCall1box.key 
439340     INFO  main            d.u.i.k.p.i.AbstractProblemLoader Loading environment from /home/runner/work/key/key/key.core/../key.ui/examples/standard_key/java_dl/methodCall1box.key 
439340     DEBUG main            d.u.i.k.p.i.AbstractProblemLoader Environment load took 60.4ns 
439341     INFO  main            d.u.i.k.p.i.AbstractProblemLoader Creating init config 
442232     DEBUG main            d.u.i.k.p.i.AbstractProblemLoader Init config took 2.89s 
442249     INFO  main            d.u.i.k.p.i.AbstractProblemLoader Replaying proof methodCall1box.key 
442250     DEBUG main            d.u.i.k.p.i.IntermediateProofReplayer Proof replay took 9.4ns 
442352     INFO  main            d.u.i.k.p.r.p.TestFile    ... finished proof: closed. 
442815     INFO  main            d.u.i.k.p.i.AbstractProblemLoader Loading environment from /home/runner/work/key/key/key.core/../key.ui/examples/standard_key/java_dl/methodCall1box.key.proof 
442815     DEBUG main            d.u.i.k.p.i.AbstractProblemLoader Environment load took 87.7ns 
442816     INFO  main            d.u.i.k.p.i.AbstractProblemLoader Creating init config 
445570     DEBUG main            d.u.i.k.p.i.AbstractProblemLoader Init config took 2.75s 
445587     INFO  main            d.u.i.k.p.i.AbstractProblemLoader Replaying proof methodCall1box.key.proof 
445603     DEBUG main            d.u.i.k.p.i.IntermediateProofReplayer Proof replay took 14.19ms 
445604     DEBUG main            d.u.i.k.p.r.p.TestFile    ... success: reloaded. 
445604     INFO  main            d.u.i.k.p.r.p.TestFile    Now processing file /home/runner/work/key/key/key.core/../key.ui/examples/standard_key/java_dl/methodCall3.key 
445604     INFO  main            d.u.i.k.p.i.AbstractProblemLoader Loading environment from /home/runner/work/key/key/key.core/../key.ui/examples/standard_key/java_dl/methodCall3.key 
445604     DEBUG main            d.u.i.k.p.i.AbstractProblemLoader Environment load took 92.11ns 
445605     INFO  main            d.u.i.k.p.i.AbstractProblemLoader Creating init config 
448385     DEBUG main            d.u.i.k.p.i.AbstractProblemLoader Init config took 2.78s 
448401     INFO  main            d.u.i.k.p.i.AbstractProblemLoader Replaying proof methodCall3.key 
448402     DEBUG main            d.u.i.k.p.i.IntermediateProofReplayer Proof replay took 6.7ns 
448504     INFO  main            d.u.i.k.p.r.p.TestFile    ... finished proof: closed. 
448993     INFO  main            d.u.i.k.p.i.AbstractProblemLoader Loading environment from /home/runner/work/key/key/key.core/../key.ui/examples/standard_key/java_dl/methodCall3.key.proof 
448993     DEBUG main            d.u.i.k.p.i.AbstractProblemLoader Environment load took 109.91ns 
448994     INFO  main            d.u.i.k.p.i.AbstractProblemLoader Creating init config 
451748     DEBUG main            d.u.i.k.p.i.AbstractProblemLoader Init config took 2.75s 
451765     INFO  main            d.u.i.k.p.i.AbstractProblemLoader Replaying proof methodCall3.key.proof 
451776     DEBUG main            d.u.i.k.p.i.IntermediateProofReplayer Proof replay took 9.27ms 
451778     DEBUG main            d.u.i.k.p.r.p.TestFile    ... success: reloaded. 
451779     INFO  main            d.u.i.k.p.r.p.TestFile    Now processing file /home/runner/work/key/key/key.core/../key.ui/examples/standard_key/java_dl/polishFlagSort.key 
451779     INFO  main            d.u.i.k.p.i.AbstractProblemLoader Loading environment from /home/runner/work/key/key/key.core/../key.ui/examples/standard_key/java_dl/polishFlagSort.key 
451779     DEBUG main            d.u.i.k.p.i.AbstractProblemLoader Environment load took 205.31ns 
451781     INFO  main            d.u.i.k.p.i.AbstractProblemLoader Creating init config 
454626     DEBUG main            d.u.i.k.p.i.AbstractProblemLoader Init config took 2.85s 
454644     INFO  main            d.u.i.k.p.i.AbstractProblemLoader Replaying proof polishFlagSort.key 
454646     DEBUG main            d.u.i.k.p.i.IntermediateProofReplayer Proof replay took 7.3ns 
457059     INFO  main            d.u.i.k.p.r.p.TestFile    ... finished proof: closed. 
457591     INFO  main            d.u.i.k.p.i.AbstractProblemLoader Loading environment from /home/runner/work/key/key/key.core/../key.ui/examples/standard_key/java_dl/polishFlagSort.key.proof 
457591     DEBUG main            d.u.i.k.p.i.AbstractProblemLoader Environment load took 101.81ns 
457593     INFO  main            d.u.i.k.p.i.AbstractProblemLoader Creating init config 
460512     DEBUG main            d.u.i.k.p.i.AbstractProblemLoader Init config took 2.92s 
460529     INFO  main            d.u.i.k.p.i.AbstractProblemLoader Replaying proof polishFlagSort.key.proof 
460941     DEBUG main            d.u.i.k.p.i.IntermediateProofReplayer Proof replay took 398.79ms 
460943     DEBUG main            d.u.i.k.p.r.p.TestFile    ... success: reloaded. 
460944     INFO  main            d.u.i.k.p.r.p.TestFile    Now processing file /home/runner/work/key/key/key.core/../key.ui/examples/standard_key/java_dl/postConditionTaclets1.key 
460944     INFO  main            d.u.i.k.p.i.AbstractProblemLoader Loading environment from /home/runner/work/key/key/key.core/../key.ui/examples/standard_key/java_dl/postConditionTaclets1.key 
460944     DEBUG main            d.u.i.k.p.i.AbstractProblemLoader Environment load took 183.61ns 
460945     INFO  main            d.u.i.k.p.i.AbstractProblemLoader Creating init config 
463711     DEBUG main            d.u.i.k.p.i.AbstractProblemLoader Init config took 2.77s 
463728     INFO  main            d.u.i.k.p.i.AbstractProblemLoader Replaying proof postConditionTaclets1.key 
463730     DEBUG main            d.u.i.k.p.i.IntermediateProofReplayer Proof replay took 6.8ns 
463832     INFO  main            d.u.i.k.p.r.p.TestFile    ... finished proof: closed. 
464398     INFO  main            d.u.i.k.p.i.AbstractProblemLoader Loading environment from /home/runner/work/key/key/key.core/../key.ui/examples/standard_key/java_dl/postConditionTaclets1.key.proof 
464399     DEBUG main            d.u.i.k.p.i.AbstractProblemLoader Environment load took 89.51ns 
464400     INFO  main            d.u.i.k.p.i.AbstractProblemLoader Creating init config 
467234     DEBUG main            d.u.i.k.p.i.AbstractProblemLoader Init config took 2.83s 
467255     INFO  main            d.u.i.k.p.i.AbstractProblemLoader Replaying proof postConditionTaclets1.key.proof 
467257     DEBUG main            d.u.i.k.p.i.IntermediateProofReplayer Proof replay took 444.93ns 
467258     DEBUG main            d.u.i.k.p.r.p.TestFile    ... success: reloaded. 
467259     INFO  main            d.u.i.k.p.r.p.TestFile    Now processing file /home/runner/work/key/key/key.core/../key.ui/examples/standard_key/java_dl/postConditionTaclets2.key 
467259     INFO  main            d.u.i.k.p.i.AbstractProblemLoader Loading environment from /home/runner/work/key/key/key.core/../key.ui/examples/standard_key/java_dl/postConditionTaclets2.key 
467260     DEBUG main            d.u.i.k.p.i.AbstractProblemLoader Environment load took 178.71ns 
467261     INFO  main            d.u.i.k.p.i.AbstractProblemLoader Creating init config 
470023     DEBUG main            d.u.i.k.p.i.AbstractProblemLoader Init config took 2.76s 
470039     INFO  main            d.u.i.k.p.i.AbstractProblemLoader Replaying proof postConditionTaclets2.key 
470042     DEBUG main            d.u.i.k.p.i.IntermediateProofReplayer Proof replay took 7.3ns 
470145     INFO  main            d.u.i.k.p.r.p.TestFile    ... finished proof: closed. 
470669     INFO  main            d.u.i.k.p.i.AbstractProblemLoader Loading environment from /home/runner/work/key/key/key.core/../key.ui/examples/standard_key/java_dl/postConditionTaclets2.key.proof 
470669     DEBUG main            d.u.i.k.p.i.AbstractProblemLoader Environment load took 89.41ns 
470671     INFO  main            d.u.i.k.p.i.AbstractProblemLoader Creating init config 
473384     DEBUG main            d.u.i.k.p.i.AbstractProblemLoader Init config took 2.71s 
473400     INFO  main            d.u.i.k.p.i.AbstractProblemLoader Replaying proof postConditionTaclets2.key.proof 
473402     DEBUG main            d.u.i.k.p.i.IntermediateProofReplayer Proof replay took 659.94ns 
473403     DEBUG main            d.u.i.k.p.r.p.TestFile    ... success: reloaded. 
473403     INFO  main            d.u.i.k.p.r.p.TestFile    Now processing file /home/runner/work/key/key/key.core/../key.ui/examples/standard_key/java_dl/quantifiedQuery.key 
473404     INFO  main            d.u.i.k.p.i.AbstractProblemLoader Loading environment from /home/runner/work/key/key/key.core/../key.ui/examples/standard_key/java_dl/quantifiedQuery.key 
473404     DEBUG main            d.u.i.k.p.i.AbstractProblemLoader Environment load took 52.3ns 
473405     INFO  main            d.u.i.k.p.i.AbstractProblemLoader Creating init config 
476209     DEBUG main            d.u.i.k.p.i.AbstractProblemLoader Init config took 2.8s 
476226     INFO  main            d.u.i.k.p.i.AbstractProblemLoader Replaying proof quantifiedQuery.key 
476227     DEBUG main            d.u.i.k.p.i.IntermediateProofReplayer Proof replay took 6.9ns 
476331     INFO  main            d.u.i.k.p.r.p.TestFile    ... finished proof: closed. 
476843     INFO  main            d.u.i.k.p.i.AbstractProblemLoader Loading environment from /home/runner/work/key/key/key.core/../key.ui/examples/standard_key/java_dl/quantifiedQuery.key.proof 
476843     DEBUG main            d.u.i.k.p.i.AbstractProblemLoader Environment load took 95.01ns 
476845     INFO  main            d.u.i.k.p.i.AbstractProblemLoader Creating init config 
479604     DEBUG main            d.u.i.k.p.i.AbstractProblemLoader Init config took 2.76s 
479620     INFO  main            d.u.i.k.p.i.AbstractProblemLoader Replaying proof quantifiedQuery.key.proof 
479633     DEBUG main            d.u.i.k.p.i.IntermediateProofReplayer Proof replay took 10.58ms 
479634     DEBUG main            d.u.i.k.p.r.p.TestFile    ... success: reloaded. 
479635     INFO  main            d.u.i.k.p.r.p.TestFile    Now processing file /home/runner/work/key/key/key.core/../key.ui/examples/standard_key/java_dl/recursion/triangular.key 
479635     INFO  main            d.u.i.k.p.i.AbstractProblemLoader Loading environment from /home/runner/work/key/key/key.core/../key.ui/examples/standard_key/java_dl/recursion/triangular.key 
479635     DEBUG main            d.u.i.k.p.i.AbstractProblemLoader Environment load took 104.91ns 
479636     INFO  main            d.u.i.k.p.i.AbstractProblemLoader Creating init config 
482476     DEBUG main            d.u.i.k.p.i.AbstractProblemLoader Init config took 2.84s 
482515     INFO  main            d.u.i.k.p.i.AbstractProblemLoader Replaying proof Triangular[Triangular::tria(int)].JML normal_behavior operation contract.0 
482516     DEBUG main            d.u.i.k.p.i.IntermediateProofReplayer Proof replay took 7.3ns 
482720     INFO  main            d.u.i.k.p.r.p.TestFile    ... finished proof: closed. 
483230     INFO  main            d.u.i.k.p.i.AbstractProblemLoader Loading environment from /home/runner/work/key/key/key.core/../key.ui/examples/standard_key/java_dl/recursion/triangular.key.proof 
483230     DEBUG main            d.u.i.k.p.i.AbstractProblemLoader Environment load took 97.01ns 
483231     INFO  main            d.u.i.k.p.i.AbstractProblemLoader Creating init config 
485955     DEBUG main            d.u.i.k.p.i.AbstractProblemLoader Init config took 2.72s 
485992     INFO  main            d.u.i.k.p.i.AbstractProblemLoader Replaying proof Triangular[Triangular::tria(int)].JML normal_behavior operation contract.0 
486033     DEBUG main            d.u.i.k.p.i.IntermediateProofReplayer Proof replay took 38.88ms 
486034     DEBUG main            d.u.i.k.p.r.p.TestFile    ... success: reloaded. 
486035     INFO  main            d.u.i.k.p.r.p.TestFile    Now processing file /home/runner/work/key/key/key.core/../key.ui/examples/standard_key/java_dl/reverseArray.key 
486035     INFO  main            d.u.i.k.p.i.AbstractProblemLoader Loading environment from /home/runner/work/key/key/key.core/../key.ui/examples/standard_key/java_dl/reverseArray.key 
486035     DEBUG main            d.u.i.k.p.i.AbstractProblemLoader Environment load took 173.41ns 
486038     INFO  main            d.u.i.k.p.i.AbstractProblemLoader Creating init config 
486063     WARN  main            d.u.i.k.j.r.KeYCrossReferenceNameInfo Datatype java.io.InputStream declared twice: Once in FILE:/home/runner/work/key/key/key.core/../key.ui/examples/standard_key/java_dl/./classpath/InputStream.java and once in URL:file:/home/runner/work/key/key/key.core/build/resources/main/de/uka/ilkd/key/java/JavaRedux/java/io/InputStream.java, Keeping one from URL:file:/home/runner/work/key/key/key.core/build/resources/main/de/uka/ilkd/key/java/JavaRedux/java/io/InputStream.java 
486064     WARN  main            d.u.i.k.j.r.KeYCrossReferenceNameInfo Datatype java.lang.System declared twice: Once in FILE:/home/runner/work/key/key/key.core/../key.ui/examples/standard_key/java_dl/./classpath/System.java and once in URL:file:/home/runner/work/key/key/key.core/build/resources/main/de/uka/ilkd/key/java/JavaRedux/java/lang/System.java, Keeping one from URL:file:/home/runner/work/key/key/key.core/build/resources/main/de/uka/ilkd/key/java/JavaRedux/java/lang/System.java 
486064     WARN  main            d.u.i.k.j.r.KeYCrossReferenceNameInfo Datatype java.io.PrintStream declared twice: Once in FILE:/home/runner/work/key/key/key.core/../key.ui/examples/standard_key/java_dl/./classpath/PrintStream.java and once in URL:file:/home/runner/work/key/key/key.core/build/resources/main/de/uka/ilkd/key/java/JavaRedux/java/io/PrintStream.java, Keeping one from URL:file:/home/runner/work/key/key/key.core/build/resources/main/de/uka/ilkd/key/java/JavaRedux/java/io/PrintStream.java 
486068     DEBUG main            d.u.i.k.j.r.ClassFileDeclarationBuilder Parsing: package java.io; public class Closeable { } 
486068     DEBUG main            r.s.KeYCrossReferenceSourceInfo Dynamically created class: java.io.Closeable 
488945     DEBUG main            d.u.i.k.p.i.AbstractProblemLoader Init config took 2.91s 
488962     INFO  main            d.u.i.k.p.i.AbstractProblemLoader Replaying proof reverseArray.key 
488964     DEBUG main            d.u.i.k.p.i.IntermediateProofReplayer Proof replay took 7.6ns 
493770     INFO  main            d.u.i.k.p.r.p.TestFile    ... finished proof: closed. 
494354     INFO  main            d.u.i.k.p.i.AbstractProblemLoader Loading environment from /home/runner/work/key/key/key.core/../key.ui/examples/standard_key/java_dl/reverseArray.key.proof 
494355     DEBUG main            d.u.i.k.p.i.AbstractProblemLoader Environment load took 425.43ns 
494357     INFO  main            d.u.i.k.p.i.AbstractProblemLoader Creating init config 
494385     WARN  main            d.u.i.k.j.r.KeYCrossReferenceNameInfo Datatype java.io.InputStream declared twice: Once in FILE:/home/runner/work/key/key/key.core/../key.ui/examples/standard_key/java_dl/classpath/InputStream.java and once in URL:file:/home/runner/work/key/key/key.core/build/resources/main/de/uka/ilkd/key/java/JavaRedux/java/io/InputStream.java, Keeping one from URL:file:/home/runner/work/key/key/key.core/build/resources/main/de/uka/ilkd/key/java/JavaRedux/java/io/InputStream.java 
494386     WARN  main            d.u.i.k.j.r.KeYCrossReferenceNameInfo Datatype java.lang.System declared twice: Once in FILE:/home/runner/work/key/key/key.core/../key.ui/examples/standard_key/java_dl/classpath/System.java and once in URL:file:/home/runner/work/key/key/key.core/build/resources/main/de/uka/ilkd/key/java/JavaRedux/java/lang/System.java, Keeping one from URL:file:/home/runner/work/key/key/key.core/build/resources/main/de/uka/ilkd/key/java/JavaRedux/java/lang/System.java 
494386     WARN  main            d.u.i.k.j.r.KeYCrossReferenceNameInfo Datatype java.io.PrintStream declared twice: Once in FILE:/home/runner/work/key/key/key.core/../key.ui/examples/standard_key/java_dl/classpath/PrintStream.java and once in URL:file:/home/runner/work/key/key/key.core/build/resources/main/de/uka/ilkd/key/java/JavaRedux/java/io/PrintStream.java, Keeping one from URL:file:/home/runner/work/key/key/key.core/build/resources/main/de/uka/ilkd/key/java/JavaRedux/java/io/PrintStream.java 
494391     DEBUG main            d.u.i.k.j.r.ClassFileDeclarationBuilder Parsing: package java.io; public class Closeable { } 
494391     DEBUG main            r.s.KeYCrossReferenceSourceInfo Dynamically created class: java.io.Closeable 
497371     DEBUG main            d.u.i.k.p.i.AbstractProblemLoader Init config took 3.01s 
497391     INFO  main            d.u.i.k.p.i.AbstractProblemLoader Replaying proof reverseArray.key.proof 
498190     DEBUG main            d.u.i.k.p.i.IntermediateProofReplayer Proof replay took 783.05ms 
498193     DEBUG main            d.u.i.k.p.r.p.TestFile    ... success: reloaded. 
498194     INFO  main            d.u.i.k.p.r.p.TestFile    Now processing file /home/runner/work/key/key/key.core/../key.ui/examples/standard_key/java_dl/reverseArray2.key 
498194     INFO  main            d.u.i.k.p.i.AbstractProblemLoader Loading environment from /home/runner/work/key/key/key.core/../key.ui/examples/standard_key/java_dl/reverseArray2.key 
498194     DEBUG main            d.u.i.k.p.i.AbstractProblemLoader Environment load took 95.11ns 
498196     INFO  main            d.u.i.k.p.i.AbstractProblemLoader Creating init config 
498220     WARN  main            d.u.i.k.j.r.KeYCrossReferenceNameInfo Datatype java.io.InputStream declared twice: Once in FILE:/home/runner/work/key/key/key.core/../key.ui/examples/standard_key/java_dl/classpath/InputStream.java and once in URL:file:/home/runner/work/key/key/key.core/build/resources/main/de/uka/ilkd/key/java/JavaRedux/java/io/InputStream.java, Keeping one from URL:file:/home/runner/work/key/key/key.core/build/resources/main/de/uka/ilkd/key/java/JavaRedux/java/io/InputStream.java 
498220     WARN  main            d.u.i.k.j.r.KeYCrossReferenceNameInfo Datatype java.lang.System declared twice: Once in FILE:/home/runner/work/key/key/key.core/../key.ui/examples/standard_key/java_dl/classpath/System.java and once in URL:file:/home/runner/work/key/key/key.core/build/resources/main/de/uka/ilkd/key/java/JavaRedux/java/lang/System.java, Keeping one from URL:file:/home/runner/work/key/key/key.core/build/resources/main/de/uka/ilkd/key/java/JavaRedux/java/lang/System.java 
498221     WARN  main            d.u.i.k.j.r.KeYCrossReferenceNameInfo Datatype java.io.PrintStream declared twice: Once in FILE:/home/runner/work/key/key/key.core/../key.ui/examples/standard_key/java_dl/classpath/PrintStream.java and once in URL:file:/home/runner/work/key/key/key.core/build/resources/main/de/uka/ilkd/key/java/JavaRedux/java/io/PrintStream.java, Keeping one from URL:file:/home/runner/work/key/key/key.core/build/resources/main/de/uka/ilkd/key/java/JavaRedux/java/io/PrintStream.java 
498225     DEBUG main            d.u.i.k.j.r.ClassFileDeclarationBuilder Parsing: package java.io; public class Closeable { } 
498225     DEBUG main            r.s.KeYCrossReferenceSourceInfo Dynamically created class: java.io.Closeable 
501203     DEBUG main            d.u.i.k.p.i.AbstractProblemLoader Init config took 3.01s 
501220     INFO  main            d.u.i.k.p.i.AbstractProblemLoader Replaying proof reverseArray2.key 
501222     DEBUG main            d.u.i.k.p.i.IntermediateProofReplayer Proof replay took 41ns 
502745     INFO  main            d.u.i.k.p.r.p.TestFile    ... finished proof: closed. 
503380     INFO  main            d.u.i.k.p.i.AbstractProblemLoader Loading environment from /home/runner/work/key/key/key.core/../key.ui/examples/standard_key/java_dl/reverseArray2.key.proof 
503380     DEBUG main            d.u.i.k.p.i.AbstractProblemLoader Environment load took 94.91ns 
503381     INFO  main            d.u.i.k.p.i.AbstractProblemLoader Creating init config 
503418     WARN  main            d.u.i.k.j.r.KeYCrossReferenceNameInfo Datatype java.io.InputStream declared twice: Once in FILE:/home/runner/work/key/key/key.core/../key.ui/examples/standard_key/java_dl/classpath/InputStream.java and once in URL:file:/home/runner/work/key/key/key.core/build/resources/main/de/uka/ilkd/key/java/JavaRedux/java/io/InputStream.java, Keeping one from URL:file:/home/runner/work/key/key/key.core/build/resources/main/de/uka/ilkd/key/java/JavaRedux/java/io/InputStream.java 
503418     WARN  main            d.u.i.k.j.r.KeYCrossReferenceNameInfo Datatype java.lang.System declared twice: Once in FILE:/home/runner/work/key/key/key.core/../key.ui/examples/standard_key/java_dl/classpath/System.java and once in URL:file:/home/runner/work/key/key/key.core/build/resources/main/de/uka/ilkd/key/java/JavaRedux/java/lang/System.java, Keeping one from URL:file:/home/runner/work/key/key/key.core/build/resources/main/de/uka/ilkd/key/java/JavaRedux/java/lang/System.java 
503419     WARN  main            d.u.i.k.j.r.KeYCrossReferenceNameInfo Datatype java.io.PrintStream declared twice: Once in FILE:/home/runner/work/key/key/key.core/../key.ui/examples/standard_key/java_dl/classpath/PrintStream.java and once in URL:file:/home/runner/work/key/key/key.core/build/resources/main/de/uka/ilkd/key/java/JavaRedux/java/io/PrintStream.java, Keeping one from URL:file:/home/runner/work/key/key/key.core/build/resources/main/de/uka/ilkd/key/java/JavaRedux/java/io/PrintStream.java 
503423     DEBUG main            d.u.i.k.j.r.ClassFileDeclarationBuilder Parsing: package java.io; public class Closeable { } 
503423     DEBUG main            r.s.KeYCrossReferenceSourceInfo Dynamically created class: java.io.Closeable 
506289     DEBUG main            d.u.i.k.p.i.AbstractProblemLoader Init config took 2.91s 
506308     INFO  main            d.u.i.k.p.i.AbstractProblemLoader Replaying proof reverseArray2.key.proof 
506564     DEBUG main            d.u.i.k.p.i.IntermediateProofReplayer Proof replay took 251.32ms 
506567     DEBUG main            d.u.i.k.p.r.p.TestFile    ... success: reloaded. 
506568     INFO  main            d.u.i.k.p.r.p.TestFile    Now processing file /home/runner/work/key/key/key.core/../key.ui/examples/standard_key/java_dl/simpleAssignment.key 
506568     INFO  main            d.u.i.k.p.i.AbstractProblemLoader Loading environment from /home/runner/work/key/key/key.core/../key.ui/examples/standard_key/java_dl/simpleAssignment.key 
506568     DEBUG main            d.u.i.k.p.i.AbstractProblemLoader Environment load took 101.61ns 
506569     INFO  main            d.u.i.k.p.i.AbstractProblemLoader Creating init config 
509296     DEBUG main            d.u.i.k.p.i.AbstractProblemLoader Init config took 2.73s 
509313     INFO  main            d.u.i.k.p.i.AbstractProblemLoader Replaying proof simpleAssignment.key 
509317     DEBUG main            d.u.i.k.p.i.IntermediateProofReplayer Proof replay took 17.1ns 
509419     INFO  main            d.u.i.k.p.r.p.TestFile    ... finished proof: closed. 
510026     INFO  main            d.u.i.k.p.i.AbstractProblemLoader Loading environment from /home/runner/work/key/key/key.core/../key.ui/examples/standard_key/java_dl/simpleAssignment.key.proof 
510026     DEBUG main            d.u.i.k.p.i.AbstractProblemLoader Environment load took 124.31ns 
510027     INFO  main            d.u.i.k.p.i.AbstractProblemLoader Creating init config 
512706     DEBUG main            d.u.i.k.p.i.AbstractProblemLoader Init config took 2.68s 
512723     INFO  main            d.u.i.k.p.i.AbstractProblemLoader Replaying proof simpleAssignment.key.proof 
512725     DEBUG main            d.u.i.k.p.i.IntermediateProofReplayer Proof replay took 702.44ns 
512725     DEBUG main            d.u.i.k.p.r.p.TestFile    ... success: reloaded. 
512726     INFO  main            d.u.i.k.p.r.p.TestFile    Now processing file /home/runner/work/key/key/key.core/../key.ui/examples/standard_key/java_dl/simpleAssignment2.key 
512726     INFO  main            d.u.i.k.p.i.AbstractProblemLoader Loading environment from /home/runner/work/key/key/key.core/../key.ui/examples/standard_key/java_dl/simpleAssignment2.key 
512726     DEBUG main            d.u.i.k.p.i.AbstractProblemLoader Environment load took 54.5ns 
512727     INFO  main            d.u.i.k.p.i.AbstractProblemLoader Creating init config 
515395     DEBUG main            d.u.i.k.p.i.AbstractProblemLoader Init config took 2.67s 
515411     INFO  main            d.u.i.k.p.i.AbstractProblemLoader Replaying proof simpleAssignment2.key 
515412     DEBUG main            d.u.i.k.p.i.IntermediateProofReplayer Proof replay took 3.2ns 
515514     INFO  main            d.u.i.k.p.r.p.TestFile    ... finished proof: closed. 
516074     INFO  main            d.u.i.k.p.i.AbstractProblemLoader Loading environment from /home/runner/work/key/key/key.core/../key.ui/examples/standard_key/java_dl/simpleAssignment2.key.proof 
516074     DEBUG main            d.u.i.k.p.i.AbstractProblemLoader Environment load took 88.7ns 
516075     INFO  main            d.u.i.k.p.i.AbstractProblemLoader Creating init config 
518777     DEBUG main            d.u.i.k.p.i.AbstractProblemLoader Init config took 2.7s 
518792     INFO  main            d.u.i.k.p.i.AbstractProblemLoader Replaying proof simpleAssignment2.key.proof 
518794     DEBUG main            d.u.i.k.p.i.IntermediateProofReplayer Proof replay took 446.83ns 
518795     DEBUG main            d.u.i.k.p.r.p.TestFile    ... success: reloaded. 
518795     INFO  main            d.u.i.k.p.r.p.TestFile    Now processing file /home/runner/work/key/key/key.core/../key.ui/examples/standard_key/java_dl/splittingWithQueries.key 
518795     INFO  main            d.u.i.k.p.i.AbstractProblemLoader Loading environment from /home/runner/work/key/key/key.core/../key.ui/examples/standard_key/java_dl/splittingWithQueries.key 
518796     DEBUG main            d.u.i.k.p.i.AbstractProblemLoader Environment load took 56ns 
518797     INFO  main            d.u.i.k.p.i.AbstractProblemLoader Creating init config 
521645     DEBUG main            d.u.i.k.p.i.AbstractProblemLoader Init config took 2.85s 
521661     INFO  main            d.u.i.k.p.i.AbstractProblemLoader Replaying proof splittingWithQueries.key 
521662     DEBUG main            d.u.i.k.p.i.IntermediateProofReplayer Proof replay took 3.3ns 
521765     INFO  main            d.u.i.k.p.r.p.TestFile    ... finished proof: closed. 
522322     INFO  main            d.u.i.k.p.i.AbstractProblemLoader Loading environment from /home/runner/work/key/key/key.core/../key.ui/examples/standard_key/java_dl/splittingWithQueries.key.proof 
522322     DEBUG main            d.u.i.k.p.i.AbstractProblemLoader Environment load took 89ns 
522323     INFO  main            d.u.i.k.p.i.AbstractProblemLoader Creating init config 
525054     DEBUG main            d.u.i.k.p.i.AbstractProblemLoader Init config took 2.73s 
525069     INFO  main            d.u.i.k.p.i.AbstractProblemLoader Replaying proof splittingWithQueries.key.proof 
525073     DEBUG main            d.u.i.k.p.i.IntermediateProofReplayer Proof replay took 1.76ms 
525074     DEBUG main            d.u.i.k.p.r.p.TestFile    ... success: reloaded. 
525075     INFO  main            d.u.i.k.p.r.p.TestFile    Now processing file /home/runner/work/key/key/key.core/../key.ui/examples/standard_key/java_dl/strassen/strassen.key 
525075     INFO  main            d.u.i.k.p.i.AbstractProblemLoader Loading environment from /home/runner/work/key/key/key.core/../key.ui/examples/standard_key/java_dl/strassen/strassen.key 
525075     DEBUG main            d.u.i.k.p.i.AbstractProblemLoader Environment load took 177.41ns 
525076     INFO  main            d.u.i.k.p.i.AbstractProblemLoader Creating init config 
528067     DEBUG main            d.u.i.k.p.i.AbstractProblemLoader Init config took 2.99s 
528108     INFO  main            d.u.i.k.p.i.AbstractProblemLoader Replaying proof Matrix22[Matrix22::strassen(Matrix22,Matrix22)].JML normal_behavior operation contract.0 
528109     DEBUG main            d.u.i.k.p.i.IntermediateProofReplayer Proof replay took 3.7ns 
533860     INFO  main            d.u.i.k.p.r.p.TestFile    ... finished proof: closed. 
534592     INFO  main            d.u.i.k.p.i.AbstractProblemLoader Loading environment from /home/runner/work/key/key/key.core/../key.ui/examples/standard_key/java_dl/strassen/strassen.key.proof 
534592     DEBUG main            d.u.i.k.p.i.AbstractProblemLoader Environment load took 384.82ns 
534594     INFO  main            d.u.i.k.p.i.AbstractProblemLoader Creating init config 
537478     DEBUG main            d.u.i.k.p.i.AbstractProblemLoader Init config took 2.88s 
537518     INFO  main            d.u.i.k.p.i.AbstractProblemLoader Replaying proof Matrix22[Matrix22::strassen(Matrix22,Matrix22)].JML normal_behavior operation contract.0 
538364     DEBUG main            d.u.i.k.p.i.IntermediateProofReplayer Proof replay took 834.22ms 
538366     DEBUG main            d.u.i.k.p.r.p.TestFile    ... success: reloaded. 
538367     INFO  main            d.u.i.k.p.r.p.TestFile    Now processing file /home/runner/work/key/key/key.core/../key.ui/examples/standard_key/java_dl/symmArray.key 
538367     INFO  main            d.u.i.k.p.i.AbstractProblemLoader Loading environment from /home/runner/work/key/key/key.core/../key.ui/examples/standard_key/java_dl/symmArray.key 
538367     DEBUG main            d.u.i.k.p.i.AbstractProblemLoader Environment load took 78ns 
538391     INFO  main            d.u.i.k.p.i.AbstractProblemLoader Creating init config 
541325     DEBUG main            d.u.i.k.p.i.AbstractProblemLoader Init config took 2.93s 
541342     INFO  main            d.u.i.k.p.i.AbstractProblemLoader Replaying proof symmArray.key 
541343     DEBUG main            d.u.i.k.p.i.IntermediateProofReplayer Proof replay took 3.6ns 
655565     INFO  main            d.u.i.k.p.r.p.TestFile    ... finished proof: closed. 
656278     INFO  main            d.u.i.k.p.i.AbstractProblemLoader Loading environment from /home/runner/work/key/key/key.core/../key.ui/examples/standard_key/java_dl/symmArray.key.proof 
656278     DEBUG main            d.u.i.k.p.i.AbstractProblemLoader Environment load took 176.01ns 
656285     INFO  main            d.u.i.k.p.i.AbstractProblemLoader Creating init config 
659215     DEBUG main            d.u.i.k.p.i.AbstractProblemLoader Init config took 2.93s 
659234     INFO  main            d.u.i.k.p.i.AbstractProblemLoader Replaying proof symmArray.key.proof 
660543     DEBUG main            d.u.i.k.p.i.IntermediateProofReplayer Proof replay took 1.22s 
660551     DEBUG main            d.u.i.k.p.r.p.TestFile    ... success: reloaded. 
660552     INFO  main            d.u.i.k.p.r.p.TestFile    Now processing file /home/runner/work/key/key/key.core/../key.ui/examples/standard_key/java_dl/testcontext.key 
660552     INFO  main            d.u.i.k.p.i.AbstractProblemLoader Loading environment from /home/runner/work/key/key/key.core/../key.ui/examples/standard_key/java_dl/testcontext.key 
660552     DEBUG main            d.u.i.k.p.i.AbstractProblemLoader Environment load took 92.2ns 
660553     INFO  main            d.u.i.k.p.i.AbstractProblemLoader Creating init config 
660576     WARN  main            d.u.i.k.j.r.KeYCrossReferenceNameInfo Datatype java.io.InputStream declared twice: Once in FILE:/home/runner/work/key/key/key.core/../key.ui/examples/standard_key/java_dl/classpath/InputStream.java and once in URL:file:/home/runner/work/key/key/key.core/build/resources/main/de/uka/ilkd/key/java/JavaRedux/java/io/InputStream.java, Keeping one from URL:file:/home/runner/work/key/key/key.core/build/resources/main/de/uka/ilkd/key/java/JavaRedux/java/io/InputStream.java 
660577     WARN  main            d.u.i.k.j.r.KeYCrossReferenceNameInfo Datatype java.lang.System declared twice: Once in FILE:/home/runner/work/key/key/key.core/../key.ui/examples/standard_key/java_dl/classpath/System.java and once in URL:file:/home/runner/work/key/key/key.core/build/resources/main/de/uka/ilkd/key/java/JavaRedux/java/lang/System.java, Keeping one from URL:file:/home/runner/work/key/key/key.core/build/resources/main/de/uka/ilkd/key/java/JavaRedux/java/lang/System.java 
660577     WARN  main            d.u.i.k.j.r.KeYCrossReferenceNameInfo Datatype java.io.PrintStream declared twice: Once in FILE:/home/runner/work/key/key/key.core/../key.ui/examples/standard_key/java_dl/classpath/PrintStream.java and once in URL:file:/home/runner/work/key/key/key.core/build/resources/main/de/uka/ilkd/key/java/JavaRedux/java/io/PrintStream.java, Keeping one from URL:file:/home/runner/work/key/key/key.core/build/resources/main/de/uka/ilkd/key/java/JavaRedux/java/io/PrintStream.java 
660580     DEBUG main            d.u.i.k.j.r.ClassFileDeclarationBuilder Parsing: package java.io; public class Closeable { } 
660581     DEBUG main            r.s.KeYCrossReferenceSourceInfo Dynamically created class: java.io.Closeable 
663548     DEBUG main            d.u.i.k.p.i.AbstractProblemLoader Init config took 2.99s 
663565     INFO  main            d.u.i.k.p.i.AbstractProblemLoader Replaying proof testcontext.key 
663566     DEBUG main            d.u.i.k.p.i.IntermediateProofReplayer Proof replay took 3.3ns 
663969     INFO  main            d.u.i.k.p.r.p.TestFile    ... finished proof: closed. 
664671     INFO  main            d.u.i.k.p.i.AbstractProblemLoader Loading environment from /home/runner/work/key/key/key.core/../key.ui/examples/standard_key/java_dl/testcontext.key.proof 
664671     DEBUG main            d.u.i.k.p.i.AbstractProblemLoader Environment load took 112.11ns 
664672     INFO  main            d.u.i.k.p.i.AbstractProblemLoader Creating init config 
664696     WARN  main            d.u.i.k.j.r.KeYCrossReferenceNameInfo Datatype java.io.InputStream declared twice: Once in FILE:/home/runner/work/key/key/key.core/../key.ui/examples/standard_key/java_dl/classpath/InputStream.java and once in URL:file:/home/runner/work/key/key/key.core/build/resources/main/de/uka/ilkd/key/java/JavaRedux/java/io/InputStream.java, Keeping one from URL:file:/home/runner/work/key/key/key.core/build/resources/main/de/uka/ilkd/key/java/JavaRedux/java/io/InputStream.java 
664696     WARN  main            d.u.i.k.j.r.KeYCrossReferenceNameInfo Datatype java.lang.System declared twice: Once in FILE:/home/runner/work/key/key/key.core/../key.ui/examples/standard_key/java_dl/classpath/System.java and once in URL:file:/home/runner/work/key/key/key.core/build/resources/main/de/uka/ilkd/key/java/JavaRedux/java/lang/System.java, Keeping one from URL:file:/home/runner/work/key/key/key.core/build/resources/main/de/uka/ilkd/key/java/JavaRedux/java/lang/System.java 
664696     WARN  main            d.u.i.k.j.r.KeYCrossReferenceNameInfo Datatype java.io.PrintStream declared twice: Once in FILE:/home/runner/work/key/key/key.core/../key.ui/examples/standard_key/java_dl/classpath/PrintStream.java and once in URL:file:/home/runner/work/key/key/key.core/build/resources/main/de/uka/ilkd/key/java/JavaRedux/java/io/PrintStream.java, Keeping one from URL:file:/home/runner/work/key/key/key.core/build/resources/main/de/uka/ilkd/key/java/JavaRedux/java/io/PrintStream.java 
664700     DEBUG main            d.u.i.k.j.r.ClassFileDeclarationBuilder Parsing: package java.io; public class Closeable { } 
664700     DEBUG main            r.s.KeYCrossReferenceSourceInfo Dynamically created class: java.io.Closeable 
667533     DEBUG main            d.u.i.k.p.i.AbstractProblemLoader Init config took 2.86s 
667550     INFO  main            d.u.i.k.p.i.AbstractProblemLoader Replaying proof testcontext.key.proof 
667636     DEBUG main            d.u.i.k.p.i.IntermediateProofReplayer Proof replay took 80.56ms 
667637     DEBUG main            d.u.i.k.p.r.p.TestFile    ... success: reloaded. 
667638     INFO  main            d.u.i.k.p.r.p.TestFile    Now processing file /home/runner/work/key/key/key.core/../key.ui/examples/standard_key/staticInitialisation/cascadeStaticInitialisation.key 
667638     INFO  main            d.u.i.k.p.i.AbstractProblemLoader Loading environment from /home/runner/work/key/key/key.core/../key.ui/examples/standard_key/staticInitialisation/cascadeStaticInitialisation.key 
667638     DEBUG main            d.u.i.k.p.i.AbstractProblemLoader Environment load took 119.61ns 
667641     INFO  main            d.u.i.k.p.i.AbstractProblemLoader Creating init config 
667669     WARN  main            d.u.i.k.j.r.KeYCrossReferenceNameInfo Datatype java.lang.System declared twice: Once in FILE:/home/runner/work/key/key/key.core/../key.ui/examples/standard_key/staticInitialisation/classpath/System.java and once in URL:file:/home/runner/work/key/key/key.core/build/resources/main/de/uka/ilkd/key/java/JavaRedux/java/lang/System.java, Keeping one from URL:file:/home/runner/work/key/key/key.core/build/resources/main/de/uka/ilkd/key/java/JavaRedux/java/lang/System.java 
667669     WARN  main            d.u.i.k.j.r.KeYCrossReferenceNameInfo Datatype java.io.PrintStream declared twice: Once in FILE:/home/runner/work/key/key/key.core/../key.ui/examples/standard_key/staticInitialisation/classpath/PrintStream.java and once in URL:file:/home/runner/work/key/key/key.core/build/resources/main/de/uka/ilkd/key/java/JavaRedux/java/io/PrintStream.java, Keeping one from URL:file:/home/runner/work/key/key/key.core/build/resources/main/de/uka/ilkd/key/java/JavaRedux/java/io/PrintStream.java 
670820     DEBUG main            d.u.i.k.p.i.AbstractProblemLoader Init config took 3.18s 
670839     INFO  main            d.u.i.k.p.i.AbstractProblemLoader Replaying proof cascadeStaticInitialisation.key 
670840     DEBUG main            d.u.i.k.p.i.IntermediateProofReplayer Proof replay took 2.7ns 
671746     INFO  main            d.u.i.k.p.r.p.TestFile    ... finished proof: closed. 
672406     INFO  main            d.u.i.k.p.i.AbstractProblemLoader Loading environment from /home/runner/work/key/key/key.core/../key.ui/examples/standard_key/staticInitialisation/cascadeStaticInitialisation.key.proof 
672406     DEBUG main            d.u.i.k.p.i.AbstractProblemLoader Environment load took 162.91ns 
672407     INFO  main            d.u.i.k.p.i.AbstractProblemLoader Creating init config 
672441     WARN  main            d.u.i.k.j.r.KeYCrossReferenceNameInfo Datatype java.lang.System declared twice: Once in FILE:/home/runner/work/key/key/key.core/../key.ui/examples/standard_key/staticInitialisation/classpath/System.java and once in URL:file:/home/runner/work/key/key/key.core/build/resources/main/de/uka/ilkd/key/java/JavaRedux/java/lang/System.java, Keeping one from URL:file:/home/runner/work/key/key/key.core/build/resources/main/de/uka/ilkd/key/java/JavaRedux/java/lang/System.java 
672441     WARN  main            d.u.i.k.j.r.KeYCrossReferenceNameInfo Datatype java.io.PrintStream declared twice: Once in FILE:/home/runner/work/key/key/key.core/../key.ui/examples/standard_key/staticInitialisation/classpath/PrintStream.java and once in URL:file:/home/runner/work/key/key/key.core/build/resources/main/de/uka/ilkd/key/java/JavaRedux/java/io/PrintStream.java, Keeping one from URL:file:/home/runner/work/key/key/key.core/build/resources/main/de/uka/ilkd/key/java/JavaRedux/java/io/PrintStream.java 
675290     DEBUG main            d.u.i.k.p.i.AbstractProblemLoader Init config took 2.88s 
675308     INFO  main            d.u.i.k.p.i.AbstractProblemLoader Replaying proof cascadeStaticInitialisation.key.proof 
675489     DEBUG main            d.u.i.k.p.i.IntermediateProofReplayer Proof replay took 177.63ms 
675491     DEBUG main            d.u.i.k.p.r.p.TestFile    ... success: reloaded. 
675492     INFO  main            d.u.i.k.p.r.p.TestFile    Now processing file /home/runner/work/key/key/key.core/../key.ui/examples/standard_key/staticInitialisation/erroneousClassImpliesErroneousSubclass.key 
675492     INFO  main            d.u.i.k.p.i.AbstractProblemLoader Loading environment from /home/runner/work/key/key/key.core/../key.ui/examples/standard_key/staticInitialisation/erroneousClassImpliesErroneousSubclass.key 
675492     DEBUG main            d.u.i.k.p.i.AbstractProblemLoader Environment load took 57.1ns 
675493     INFO  main            d.u.i.k.p.i.AbstractProblemLoader Creating init config 
675516     WARN  main            d.u.i.k.j.r.KeYCrossReferenceNameInfo Datatype java.lang.System declared twice: Once in FILE:/home/runner/work/key/key/key.core/../key.ui/examples/standard_key/staticInitialisation/classpath/System.java and once in URL:file:/home/runner/work/key/key/key.core/build/resources/main/de/uka/ilkd/key/java/JavaRedux/java/lang/System.java, Keeping one from URL:file:/home/runner/work/key/key/key.core/build/resources/main/de/uka/ilkd/key/java/JavaRedux/java/lang/System.java 
675517     WARN  main            d.u.i.k.j.r.KeYCrossReferenceNameInfo Datatype java.io.PrintStream declared twice: Once in FILE:/home/runner/work/key/key/key.core/../key.ui/examples/standard_key/staticInitialisation/classpath/PrintStream.java and once in URL:file:/home/runner/work/key/key/key.core/build/resources/main/de/uka/ilkd/key/java/JavaRedux/java/io/PrintStream.java, Keeping one from URL:file:/home/runner/work/key/key/key.core/build/resources/main/de/uka/ilkd/key/java/JavaRedux/java/io/PrintStream.java 
678365     DEBUG main            d.u.i.k.p.i.AbstractProblemLoader Init config took 2.87s 
678380     INFO  main            d.u.i.k.p.i.AbstractProblemLoader Replaying proof erroneousClassImpliesErroneousSubclass.key 
678381     DEBUG main            d.u.i.k.p.i.IntermediateProofReplayer Proof replay took 3.5ns 
678483     INFO  main            d.u.i.k.p.r.p.TestFile    ... finished proof: closed. 
679137     INFO  main            d.u.i.k.p.i.AbstractProblemLoader Loading environment from /home/runner/work/key/key/key.core/../key.ui/examples/standard_key/staticInitialisation/erroneousClassImpliesErroneousSubclass.key.proof 
679137     DEBUG main            d.u.i.k.p.i.AbstractProblemLoader Environment load took 95.8ns 
679138     INFO  main            d.u.i.k.p.i.AbstractProblemLoader Creating init config 
679162     WARN  main            d.u.i.k.j.r.KeYCrossReferenceNameInfo Datatype java.lang.System declared twice: Once in FILE:/home/runner/work/key/key/key.core/../key.ui/examples/standard_key/staticInitialisation/classpath/System.java and once in URL:file:/home/runner/work/key/key/key.core/build/resources/main/de/uka/ilkd/key/java/JavaRedux/java/lang/System.java, Keeping one from URL:file:/home/runner/work/key/key/key.core/build/resources/main/de/uka/ilkd/key/java/JavaRedux/java/lang/System.java 
679162     WARN  main            d.u.i.k.j.r.KeYCrossReferenceNameInfo Datatype java.io.PrintStream declared twice: Once in FILE:/home/runner/work/key/key/key.core/../key.ui/examples/standard_key/staticInitialisation/classpath/PrintStream.java and once in URL:file:/home/runner/work/key/key/key.core/build/resources/main/de/uka/ilkd/key/java/JavaRedux/java/io/PrintStream.java, Keeping one from URL:file:/home/runner/work/key/key/key.core/build/resources/main/de/uka/ilkd/key/java/JavaRedux/java/io/PrintStream.java 
682000     DEBUG main            d.u.i.k.p.i.AbstractProblemLoader Init config took 2.86s 
682016     INFO  main            d.u.i.k.p.i.AbstractProblemLoader Replaying proof erroneousClassImpliesErroneousSubclass.key.proof 
682017     DEBUG main            d.u.i.k.p.i.IntermediateProofReplayer Proof replay took 542.73ns 
682018     DEBUG main            d.u.i.k.p.r.p.TestFile    ... success: reloaded. 
682019     INFO  main            d.u.i.k.p.r.p.TestFile    Now processing file /home/runner/work/key/key/key.core/../key.ui/examples/standard_key/staticInitialisation/initializedSubclassImpliesInitializedSuperclass.key 
682019     INFO  main            d.u.i.k.p.i.AbstractProblemLoader Loading environment from /home/runner/work/key/key/key.core/../key.ui/examples/standard_key/staticInitialisation/initializedSubclassImpliesInitializedSuperclass.key 
682019     DEBUG main            d.u.i.k.p.i.AbstractProblemLoader Environment load took 72ns 
682020     INFO  main            d.u.i.k.p.i.AbstractProblemLoader Creating init config 
682042     WARN  main            d.u.i.k.j.r.KeYCrossReferenceNameInfo Datatype java.lang.System declared twice: Once in FILE:/home/runner/work/key/key/key.core/../key.ui/examples/standard_key/staticInitialisation/classpath/System.java and once in URL:file:/home/runner/work/key/key/key.core/build/resources/main/de/uka/ilkd/key/java/JavaRedux/java/lang/System.java, Keeping one from URL:file:/home/runner/work/key/key/key.core/build/resources/main/de/uka/ilkd/key/java/JavaRedux/java/lang/System.java 
682042     WARN  main            d.u.i.k.j.r.KeYCrossReferenceNameInfo Datatype java.io.PrintStream declared twice: Once in FILE:/home/runner/work/key/key/key.core/../key.ui/examples/standard_key/staticInitialisation/classpath/PrintStream.java and once in URL:file:/home/runner/work/key/key/key.core/build/resources/main/de/uka/ilkd/key/java/JavaRedux/java/io/PrintStream.java, Keeping one from URL:file:/home/runner/work/key/key/key.core/build/resources/main/de/uka/ilkd/key/java/JavaRedux/java/io/PrintStream.java 
684849     DEBUG main            d.u.i.k.p.i.AbstractProblemLoader Init config took 2.83s 
684864     INFO  main            d.u.i.k.p.i.AbstractProblemLoader Replaying proof initializedSubclassImpliesInitializedSuperclass.key 
684865     DEBUG main            d.u.i.k.p.i.IntermediateProofReplayer Proof replay took 2.8ns 
684967     INFO  main            d.u.i.k.p.r.p.TestFile    ... finished proof: closed. 
685560     INFO  main            d.u.i.k.p.i.AbstractProblemLoader Loading environment from /home/runner/work/key/key/key.core/../key.ui/examples/standard_key/staticInitialisation/initializedSubclassImpliesInitializedSuperclass.key.proof 
685560     DEBUG main            d.u.i.k.p.i.AbstractProblemLoader Environment load took 101.11ns 
685563     INFO  main            d.u.i.k.p.i.AbstractProblemLoader Creating init config 
685590     WARN  main            d.u.i.k.j.r.KeYCrossReferenceNameInfo Datatype java.lang.System declared twice: Once in FILE:/home/runner/work/key/key/key.core/../key.ui/examples/standard_key/staticInitialisation/classpath/System.java and once in URL:file:/home/runner/work/key/key/key.core/build/resources/main/de/uka/ilkd/key/java/JavaRedux/java/lang/System.java, Keeping one from URL:file:/home/runner/work/key/key/key.core/build/resources/main/de/uka/ilkd/key/java/JavaRedux/java/lang/System.java 
685591     WARN  main            d.u.i.k.j.r.KeYCrossReferenceNameInfo Datatype java.io.PrintStream declared twice: Once in FILE:/home/runner/work/key/key/key.core/../key.ui/examples/standard_key/staticInitialisation/classpath/PrintStream.java and once in URL:file:/home/runner/work/key/key/key.core/build/resources/main/de/uka/ilkd/key/java/JavaRedux/java/io/PrintStream.java, Keeping one from URL:file:/home/runner/work/key/key/key.core/build/resources/main/de/uka/ilkd/key/java/JavaRedux/java/io/PrintStream.java 
688415     DEBUG main            d.u.i.k.p.i.AbstractProblemLoader Init config took 2.85s 
688430     INFO  main            d.u.i.k.p.i.AbstractProblemLoader Replaying proof initializedSubclassImpliesInitializedSuperclass.key.proof 
688432     DEBUG main            d.u.i.k.p.i.IntermediateProofReplayer Proof replay took 454.04ns 
688433     DEBUG main            d.u.i.k.p.r.p.TestFile    ... success: reloaded. 
688434     INFO  main            d.u.i.k.p.r.p.TestFile    Now processing file /home/runner/work/key/key/key.core/../key.ui/examples/standard_key/staticInitialisation/localDeclared.key 
688434     INFO  main            d.u.i.k.p.i.AbstractProblemLoader Loading environment from /home/runner/work/key/key/key.core/../key.ui/examples/standard_key/staticInitialisation/localDeclared.key 
688434     DEBUG main            d.u.i.k.p.i.AbstractProblemLoader Environment load took 83.61ns 
688436     INFO  main            d.u.i.k.p.i.AbstractProblemLoader Creating init config 
688457     WARN  main            d.u.i.k.j.r.KeYCrossReferenceNameInfo Datatype java.lang.System declared twice: Once in FILE:/home/runner/work/key/key/key.core/../key.ui/examples/standard_key/staticInitialisation/classpath/System.java and once in URL:file:/home/runner/work/key/key/key.core/build/resources/main/de/uka/ilkd/key/java/JavaRedux/java/lang/System.java, Keeping one from URL:file:/home/runner/work/key/key/key.core/build/resources/main/de/uka/ilkd/key/java/JavaRedux/java/lang/System.java 
688457     WARN  main            d.u.i.k.j.r.KeYCrossReferenceNameInfo Datatype java.io.PrintStream declared twice: Once in FILE:/home/runner/work/key/key/key.core/../key.ui/examples/standard_key/staticInitialisation/classpath/PrintStream.java and once in URL:file:/home/runner/work/key/key/key.core/build/resources/main/de/uka/ilkd/key/java/JavaRedux/java/io/PrintStream.java, Keeping one from URL:file:/home/runner/work/key/key/key.core/build/resources/main/de/uka/ilkd/key/java/JavaRedux/java/io/PrintStream.java 
691189     DEBUG main            d.u.i.k.p.i.AbstractProblemLoader Init config took 2.75s 
691206     INFO  main            d.u.i.k.p.i.AbstractProblemLoader Replaying proof localDeclared.key 
691207     DEBUG main            d.u.i.k.p.i.IntermediateProofReplayer Proof replay took 2.9ns 
691510     INFO  main            d.u.i.k.p.r.p.TestFile    ... finished proof: closed. 
692129     INFO  main            d.u.i.k.p.i.AbstractProblemLoader Loading environment from /home/runner/work/key/key/key.core/../key.ui/examples/standard_key/staticInitialisation/localDeclared.key.proof 
692129     DEBUG main            d.u.i.k.p.i.AbstractProblemLoader Environment load took 98.51ns 
692130     INFO  main            d.u.i.k.p.i.AbstractProblemLoader Creating init config 
692152     WARN  main            d.u.i.k.j.r.KeYCrossReferenceNameInfo Datatype java.lang.System declared twice: Once in FILE:/home/runner/work/key/key/key.core/../key.ui/examples/standard_key/staticInitialisation/classpath/System.java and once in URL:file:/home/runner/work/key/key/key.core/build/resources/main/de/uka/ilkd/key/java/JavaRedux/java/lang/System.java, Keeping one from URL:file:/home/runner/work/key/key/key.core/build/resources/main/de/uka/ilkd/key/java/JavaRedux/java/lang/System.java 
692152     WARN  main            d.u.i.k.j.r.KeYCrossReferenceNameInfo Datatype java.io.PrintStream declared twice: Once in FILE:/home/runner/work/key/key/key.core/../key.ui/examples/standard_key/staticInitialisation/classpath/PrintStream.java and once in URL:file:/home/runner/work/key/key/key.core/build/resources/main/de/uka/ilkd/key/java/JavaRedux/java/io/PrintStream.java, Keeping one from URL:file:/home/runner/work/key/key/key.core/build/resources/main/de/uka/ilkd/key/java/JavaRedux/java/io/PrintStream.java 
694849     DEBUG main            d.u.i.k.p.i.AbstractProblemLoader Init config took 2.72s 
694865     INFO  main            d.u.i.k.p.i.AbstractProblemLoader Replaying proof localDeclared.key.proof 
694930     DEBUG main            d.u.i.k.p.i.IntermediateProofReplayer Proof replay took 62.89ms 
694931     DEBUG main            d.u.i.k.p.r.p.TestFile    ... success: reloaded. 
694932     INFO  main            d.u.i.k.p.r.p.TestFile    Now processing file /home/runner/work/key/key/key.core/../key.ui/examples/standard_key/staticInitialisation/localDeclaredMethod.key 
694932     INFO  main            d.u.i.k.p.i.AbstractProblemLoader Loading environment from /home/runner/work/key/key/key.core/../key.ui/examples/standard_key/staticInitialisation/localDeclaredMethod.key 
694932     DEBUG main            d.u.i.k.p.i.AbstractProblemLoader Environment load took 91.41ns 
694934     INFO  main            d.u.i.k.p.i.AbstractProblemLoader Creating init config 
694956     WARN  main            d.u.i.k.j.r.KeYCrossReferenceNameInfo Datatype java.lang.System declared twice: Once in FILE:/home/runner/work/key/key/key.core/../key.ui/examples/standard_key/staticInitialisation/classpath/System.java and once in URL:file:/home/runner/work/key/key/key.core/build/resources/main/de/uka/ilkd/key/java/JavaRedux/java/lang/System.java, Keeping one from URL:file:/home/runner/work/key/key/key.core/build/resources/main/de/uka/ilkd/key/java/JavaRedux/java/lang/System.java 
694956     WARN  main            d.u.i.k.j.r.KeYCrossReferenceNameInfo Datatype java.io.PrintStream declared twice: Once in FILE:/home/runner/work/key/key/key.core/../key.ui/examples/standard_key/staticInitialisation/classpath/PrintStream.java and once in URL:file:/home/runner/work/key/key/key.core/build/resources/main/de/uka/ilkd/key/java/JavaRedux/java/io/PrintStream.java, Keeping one from URL:file:/home/runner/work/key/key/key.core/build/resources/main/de/uka/ilkd/key/java/JavaRedux/java/io/PrintStream.java 
697770     DEBUG main            d.u.i.k.p.i.AbstractProblemLoader Init config took 2.84s 
697786     INFO  main            d.u.i.k.p.i.AbstractProblemLoader Replaying proof localDeclaredMethod.key 
697787     DEBUG main            d.u.i.k.p.i.IntermediateProofReplayer Proof replay took 3.2ns 
698091     INFO  main            d.u.i.k.p.r.p.TestFile    ... finished proof: closed. 
698750     INFO  main            d.u.i.k.p.i.AbstractProblemLoader Loading environment from /home/runner/work/key/key/key.core/../key.ui/examples/standard_key/staticInitialisation/localDeclaredMethod.key.proof 
698750     DEBUG main            d.u.i.k.p.i.AbstractProblemLoader Environment load took 128.61ns 
698751     INFO  main            d.u.i.k.p.i.AbstractProblemLoader Creating init config 
698774     WARN  main            d.u.i.k.j.r.KeYCrossReferenceNameInfo Datatype java.lang.System declared twice: Once in FILE:/home/runner/work/key/key/key.core/../key.ui/examples/standard_key/staticInitialisation/classpath/System.java and once in URL:file:/home/runner/work/key/key/key.core/build/resources/main/de/uka/ilkd/key/java/JavaRedux/java/lang/System.java, Keeping one from URL:file:/home/runner/work/key/key/key.core/build/resources/main/de/uka/ilkd/key/java/JavaRedux/java/lang/System.java 
698774     WARN  main            d.u.i.k.j.r.KeYCrossReferenceNameInfo Datatype java.io.PrintStream declared twice: Once in FILE:/home/runner/work/key/key/key.core/../key.ui/examples/standard_key/staticInitialisation/classpath/PrintStream.java and once in URL:file:/home/runner/work/key/key/key.core/build/resources/main/de/uka/ilkd/key/java/JavaRedux/java/io/PrintStream.java, Keeping one from URL:file:/home/runner/work/key/key/key.core/build/resources/main/de/uka/ilkd/key/java/JavaRedux/java/io/PrintStream.java 
701498     DEBUG main            d.u.i.k.p.i.AbstractProblemLoader Init config took 2.75s 
701514     INFO  main            d.u.i.k.p.i.AbstractProblemLoader Replaying proof localDeclaredMethod.key.proof 
701576     DEBUG main            d.u.i.k.p.i.IntermediateProofReplayer Proof replay took 59.37ms 
701577     DEBUG main            d.u.i.k.p.r.p.TestFile    ... success: reloaded. 
701578     INFO  main            d.u.i.k.p.r.p.TestFile    Now processing file /home/runner/work/key/key/key.core/../key.ui/examples/standard_key/staticInitialisation/objectOfErroneousClass.key 
701579     INFO  main            d.u.i.k.p.i.AbstractProblemLoader Loading environment from /home/runner/work/key/key/key.core/../key.ui/examples/standard_key/staticInitialisation/objectOfErroneousClass.key 
701579     DEBUG main            d.u.i.k.p.i.AbstractProblemLoader Environment load took 82.2ns 
701581     INFO  main            d.u.i.k.p.i.AbstractProblemLoader Creating init config 
701603     WARN  main            d.u.i.k.j.r.KeYCrossReferenceNameInfo Datatype java.lang.System declared twice: Once in FILE:/home/runner/work/key/key/key.core/../key.ui/examples/standard_key/staticInitialisation/classpath/System.java and once in URL:file:/home/runner/work/key/key/key.core/build/resources/main/de/uka/ilkd/key/java/JavaRedux/java/lang/System.java, Keeping one from URL:file:/home/runner/work/key/key/key.core/build/resources/main/de/uka/ilkd/key/java/JavaRedux/java/lang/System.java 
701603     WARN  main            d.u.i.k.j.r.KeYCrossReferenceNameInfo Datatype java.io.PrintStream declared twice: Once in FILE:/home/runner/work/key/key/key.core/../key.ui/examples/standard_key/staticInitialisation/classpath/PrintStream.java and once in URL:file:/home/runner/work/key/key/key.core/build/resources/main/de/uka/ilkd/key/java/JavaRedux/java/io/PrintStream.java, Keeping one from URL:file:/home/runner/work/key/key/key.core/build/resources/main/de/uka/ilkd/key/java/JavaRedux/java/io/PrintStream.java 
704400     DEBUG main            d.u.i.k.p.i.AbstractProblemLoader Init config took 2.82s 
704418     INFO  main            d.u.i.k.p.i.AbstractProblemLoader Replaying proof objectOfErroneousClass.key 
704420     DEBUG main            d.u.i.k.p.i.IntermediateProofReplayer Proof replay took 3.2ns 
719560     INFO  main            d.u.i.k.p.r.p.TestFile    ... finished proof: closed. 
720283     INFO  main            d.u.i.k.p.i.AbstractProblemLoader Loading environment from /home/runner/work/key/key/key.core/../key.ui/examples/standard_key/staticInitialisation/objectOfErroneousClass.key.proof 
720284     DEBUG main            d.u.i.k.p.i.AbstractProblemLoader Environment load took 365.82ns 
720288     INFO  main            d.u.i.k.p.i.AbstractProblemLoader Creating init config 
720311     WARN  main            d.u.i.k.j.r.KeYCrossReferenceNameInfo Datatype java.lang.System declared twice: Once in FILE:/home/runner/work/key/key/key.core/../key.ui/examples/standard_key/staticInitialisation/classpath/System.java and once in URL:file:/home/runner/work/key/key/key.core/build/resources/main/de/uka/ilkd/key/java/JavaRedux/java/lang/System.java, Keeping one from URL:file:/home/runner/work/key/key/key.core/build/resources/main/de/uka/ilkd/key/java/JavaRedux/java/lang/System.java 
720311     WARN  main            d.u.i.k.j.r.KeYCrossReferenceNameInfo Datatype java.io.PrintStream declared twice: Once in FILE:/home/runner/work/key/key/key.core/../key.ui/examples/standard_key/staticInitialisation/classpath/PrintStream.java and once in URL:file:/home/runner/work/key/key/key.core/build/resources/main/de/uka/ilkd/key/java/JavaRedux/java/io/PrintStream.java, Keeping one from URL:file:/home/runner/work/key/key/key.core/build/resources/main/de/uka/ilkd/key/java/JavaRedux/java/io/PrintStream.java 
723134     DEBUG main            d.u.i.k.p.i.AbstractProblemLoader Init config took 2.85s 
723152     INFO  main            d.u.i.k.p.i.AbstractProblemLoader Replaying proof objectOfErroneousClass.key.proof 
725657     DEBUG main            d.u.i.k.p.i.IntermediateProofReplayer Proof replay took 2.47s 
725661     DEBUG main            d.u.i.k.p.r.p.TestFile    ... success: reloaded. 
725662     INFO  main            d.u.i.k.p.r.p.TestFile    Now processing file /home/runner/work/key/key/key.core/../key.ui/examples/standard_key/staticInitialisation/staticInitialisersAreNonSimple.key 
725662     INFO  main            d.u.i.k.p.i.AbstractProblemLoader Loading environment from /home/runner/work/key/key/key.core/../key.ui/examples/standard_key/staticInitialisation/staticInitialisersAreNonSimple.key 
725662     DEBUG main            d.u.i.k.p.i.AbstractProblemLoader Environment load took 139.61ns 
725664     INFO  main            d.u.i.k.p.i.AbstractProblemLoader Creating init config 
725685     WARN  main            d.u.i.k.j.r.KeYCrossReferenceNameInfo Datatype java.lang.System declared twice: Once in FILE:/home/runner/work/key/key/key.core/../key.ui/examples/standard_key/staticInitialisation/classpath/System.java and once in URL:file:/home/runner/work/key/key/key.core/build/resources/main/de/uka/ilkd/key/java/JavaRedux/java/lang/System.java, Keeping one from URL:file:/home/runner/work/key/key/key.core/build/resources/main/de/uka/ilkd/key/java/JavaRedux/java/lang/System.java 
725685     WARN  main            d.u.i.k.j.r.KeYCrossReferenceNameInfo Datatype java.io.PrintStream declared twice: Once in FILE:/home/runner/work/key/key/key.core/../key.ui/examples/standard_key/staticInitialisation/classpath/PrintStream.java and once in URL:file:/home/runner/work/key/key/key.core/build/resources/main/de/uka/ilkd/key/java/JavaRedux/java/io/PrintStream.java, Keeping one from URL:file:/home/runner/work/key/key/key.core/build/resources/main/de/uka/ilkd/key/java/JavaRedux/java/io/PrintStream.java 
728591     DEBUG main            d.u.i.k.p.i.AbstractProblemLoader Init config took 2.93s 
728607     INFO  main            d.u.i.k.p.i.AbstractProblemLoader Replaying proof staticInitialisersAreNonSimple.key 
728608     DEBUG main            d.u.i.k.p.i.IntermediateProofReplayer Proof replay took 2.8ns 
729047     INFO  main            d.u.i.k.p.r.p.TestFile    ... finished proof: closed. 
729755     INFO  main            d.u.i.k.p.i.AbstractProblemLoader Loading environment from /home/runner/work/key/key/key.core/../key.ui/examples/standard_key/staticInitialisation/staticInitialisersAreNonSimple.key.proof 
729755     DEBUG main            d.u.i.k.p.i.AbstractProblemLoader Environment load took 96.71ns 
729757     INFO  main            d.u.i.k.p.i.AbstractProblemLoader Creating init config 
729778     WARN  main            d.u.i.k.j.r.KeYCrossReferenceNameInfo Datatype java.lang.System declared twice: Once in FILE:/home/runner/work/key/key/key.core/../key.ui/examples/standard_key/staticInitialisation/classpath/System.java and once in URL:file:/home/runner/work/key/key/key.core/build/resources/main/de/uka/ilkd/key/java/JavaRedux/java/lang/System.java, Keeping one from URL:file:/home/runner/work/key/key/key.core/build/resources/main/de/uka/ilkd/key/java/JavaRedux/java/lang/System.java 
729779     WARN  main            d.u.i.k.j.r.KeYCrossReferenceNameInfo Datatype java.io.PrintStream declared twice: Once in FILE:/home/runner/work/key/key/key.core/../key.ui/examples/standard_key/staticInitialisation/classpath/PrintStream.java and once in URL:file:/home/runner/work/key/key/key.core/build/resources/main/de/uka/ilkd/key/java/JavaRedux/java/io/PrintStream.java, Keeping one from URL:file:/home/runner/work/key/key/key.core/build/resources/main/de/uka/ilkd/key/java/JavaRedux/java/io/PrintStream.java 
732693     DEBUG main            d.u.i.k.p.i.AbstractProblemLoader Init config took 2.94s 
732710     INFO  main            d.u.i.k.p.i.AbstractProblemLoader Replaying proof staticInitialisersAreNonSimple.key.proof 
732804     DEBUG main            d.u.i.k.p.i.IntermediateProofReplayer Proof replay took 91.06ms 
732806     DEBUG main            d.u.i.k.p.r.p.TestFile    ... success: reloaded. 
732807     INFO  main            d.u.i.k.p.r.p.TestFile    Now processing file /home/runner/work/key/key/key.core/../key.ui/examples/standard_key/types/disjoint.key 
732807     INFO  main            d.u.i.k.p.i.AbstractProblemLoader Loading environment from /home/runner/work/key/key/key.core/../key.ui/examples/standard_key/types/disjoint.key 
732807     DEBUG main            d.u.i.k.p.i.AbstractProblemLoader Environment load took 81ns 
732808     INFO  main            d.u.i.k.p.i.AbstractProblemLoader Creating init config 
735533     DEBUG main            d.u.i.k.p.i.AbstractProblemLoader Init config took 2.73s 
735548     INFO  main            d.u.i.k.p.i.AbstractProblemLoader Replaying proof disjoint.key 
735550     DEBUG main            d.u.i.k.p.i.IntermediateProofReplayer Proof replay took 3.5ns 
735653     INFO  main            d.u.i.k.p.r.p.TestFile    ... finished proof: closed. 
736306     INFO  main            d.u.i.k.p.i.AbstractProblemLoader Loading environment from /home/runner/work/key/key/key.core/../key.ui/examples/standard_key/types/disjoint.key.proof 
736307     DEBUG main            d.u.i.k.p.i.AbstractProblemLoader Environment load took 92.11ns 
736307     INFO  main            d.u.i.k.p.i.AbstractProblemLoader Creating init config 
739064     DEBUG main            d.u.i.k.p.i.AbstractProblemLoader Init config took 2.76s 
739079     INFO  main            d.u.i.k.p.i.AbstractProblemLoader Replaying proof disjoint.key.proof 
739081     DEBUG main            d.u.i.k.p.i.IntermediateProofReplayer Proof replay took 516.73ns 
739082     DEBUG main            d.u.i.k.p.r.p.TestFile    ... success: reloaded. 
739082     INFO  main            d.u.i.k.p.r.p.TestFile    Now processing file /home/runner/work/key/key/key.core/../key.ui/examples/../../key.core/src/test/resources/testcase/classpath/classpath.key 
739083     INFO  main            d.u.i.k.p.i.AbstractProblemLoader Loading environment from /home/runner/work/key/key/key.core/../key.ui/examples/../../key.core/src/test/resources/testcase/classpath/classpath.key 
739083     DEBUG main            d.u.i.k.p.i.AbstractProblemLoader Environment load took 125.11ns 
739083     INFO  main            d.u.i.k.p.i.AbstractProblemLoader Creating init config 
739109     WARN  main            d.u.i.k.j.r.KeYCrossReferenceNameInfo Datatype cp.C declared twice: Once in FILE:/home/runner/work/key/key/key.core/../key.ui/examples/../../key.core/src/test/resources/testcase/classpath/classpath/C.class and once in FILE:/home/runner/work/key/key/key.core/../key.ui/examples/../../key.core/src/test/resources/testcase/classpath/classpath/C.jml, Keeping one from FILE:/home/runner/work/key/key/key.core/../key.ui/examples/../../key.core/src/test/resources/testcase/classpath/classpath/C.jml 
739113     DEBUG main            d.u.i.k.j.r.ClassFileDeclarationBuilder Parsing: package cp; public class Unresolved1 { } 
739113     DEBUG main            r.s.KeYCrossReferenceSourceInfo Dynamically created class: cp.Unresolved1 
739113     DEBUG main            d.u.i.k.j.r.ClassFileDeclarationBuilder Parsing: package cp; public class Unresolved2 { } 
739113     DEBUG main            r.s.KeYCrossReferenceSourceInfo Dynamically created class: cp.Unresolved2 
742037     DEBUG main            d.u.i.k.p.i.AbstractProblemLoader Init config took 2.95s 
742055     INFO  main            d.u.i.k.p.i.AbstractProblemLoader Replaying proof classpath.key 
742057     DEBUG main            d.u.i.k.p.i.IntermediateProofReplayer Proof replay took 3.4ns 
742159     INFO  main            d.u.i.k.p.r.p.TestFile    ... finished proof: closed. 
742802     INFO  main            d.u.i.k.p.i.AbstractProblemLoader Loading environment from /home/runner/work/key/key/key.core/../key.ui/examples/../../key.core/src/test/resources/testcase/classpath/classpath.key.proof 
742803     DEBUG main            d.u.i.k.p.i.AbstractProblemLoader Environment load took 93.71ns 
742804     INFO  main            d.u.i.k.p.i.AbstractProblemLoader Creating init config 
742834     WARN  main            d.u.i.k.j.r.KeYCrossReferenceNameInfo Datatype cp.C declared twice: Once in FILE:/home/runner/work/key/key/key.core/../key.ui/examples/../../key.core/src/test/resources/testcase/classpath/classpath/C.class and once in FILE:/home/runner/work/key/key/key.core/../key.ui/examples/../../key.core/src/test/resources/testcase/classpath/classpath/C.jml, Keeping one from FILE:/home/runner/work/key/key/key.core/../key.ui/examples/../../key.core/src/test/resources/testcase/classpath/classpath/C.jml 
742838     DEBUG main            d.u.i.k.j.r.ClassFileDeclarationBuilder Parsing: package cp; public class Unresolved1 { } 
742839     DEBUG main            r.s.KeYCrossReferenceSourceInfo Dynamically created class: cp.Unresolved1 
742839     DEBUG main            d.u.i.k.j.r.ClassFileDeclarationBuilder Parsing: package cp; public class Unresolved2 { } 
742839     DEBUG main            r.s.KeYCrossReferenceSourceInfo Dynamically created class: cp.Unresolved2 
745671     DEBUG main            d.u.i.k.p.i.AbstractProblemLoader Init config took 2.87s 
745688     INFO  main            d.u.i.k.p.i.AbstractProblemLoader Replaying proof classpath.key.proof 
745691     DEBUG main            d.u.i.k.p.i.IntermediateProofReplayer Proof replay took 608.64ns 
745691     DEBUG main            d.u.i.k.p.r.p.TestFile    ... success: reloaded. 
745692     INFO  main            d.u.i.k.p.r.p.TestFile    Now processing file /home/runner/work/key/key/key.core/../key.ui/examples/heap/inconsistent_represents/MyClass_m.key 
745692     INFO  main            d.u.i.k.p.i.AbstractProblemLoader Loading environment from /home/runner/work/key/key/key.core/../key.ui/examples/heap/inconsistent_represents/MyClass_m.key 
745693     DEBUG main            d.u.i.k.p.i.AbstractProblemLoader Environment load took 86.61ns 
745693     INFO  main            d.u.i.k.p.i.AbstractProblemLoader Creating init config 
748568     DEBUG main            d.u.i.k.p.i.AbstractProblemLoader Init config took 2.87s 
748609     INFO  main            d.u.i.k.p.i.AbstractProblemLoader Replaying proof MyClass[MyClass::m()].JML operation contract.0 
748611     DEBUG main            d.u.i.k.p.i.IntermediateProofReplayer Proof replay took 3.2ns 
748713     INFO  main            d.u.i.k.p.r.p.TestFile    ... finished proof: open goal(s) 
749350     INFO  main            d.u.i.k.p.r.p.TestFile    Now processing file /home/runner/work/key/key/key.core/../key.ui/examples/heap/inconsistent_represents/MyClass_n.key 
749350     INFO  main            d.u.i.k.p.i.AbstractProblemLoader Loading environment from /home/runner/work/key/key/key.core/../key.ui/examples/heap/inconsistent_represents/MyClass_n.key 
749350     DEBUG main            d.u.i.k.p.i.AbstractProblemLoader Environment load took 83.31ns 
749351     INFO  main            d.u.i.k.p.i.AbstractProblemLoader Creating init config 
752156     DEBUG main            d.u.i.k.p.i.AbstractProblemLoader Init config took 2.8s 
752197     INFO  main            d.u.i.k.p.i.AbstractProblemLoader Replaying proof MyClass[MyClass::n()].JML operation contract.0 
752199     DEBUG main            d.u.i.k.p.i.IntermediateProofReplayer Proof replay took 3.1ns 
752301     INFO  main            d.u.i.k.p.r.p.TestFile    ... finished proof: open goal(s) 
4299432    INFO  Test worker     d.u.i.k.p.r.RunAllProofsTestUnit Returning from test javadl 
4299438    INFO  Test worker     d.u.i.k.p.r.RunAllProofsTestUnit Running test FOL 
409        INFO  Timeout watchdog d.u.i.k.p.r.p.ForkedTestFileRunner Timeout watcher launched (2000 secs.) 
422        WARN  main            d.u.i.k.s.ProofSettings   The settings in /home/runner/.key/proof-settings.props are *not* read. 
477        INFO  main            d.u.i.k.p.r.p.TestFile    Now processing file /home/runner/work/key/key/key.core/../key.ui/examples/standard_key/pred_log/count.key 
654        INFO  main            d.u.i.k.p.i.AbstractProblemLoader Loading environment from /home/runner/work/key/key/key.core/../key.ui/examples/standard_key/pred_log/count.key 
672        DEBUG main            d.u.i.k.p.i.AbstractProblemLoader Environment load took 2.45ms 
948        INFO  main            d.u.i.k.p.i.AbstractProblemLoader Creating init config 
1937       DEBUG main            d.u.i.k.j.TypeConverter   No LDT found for Meta 
1937       DEBUG main            d.u.i.k.j.TypeConverter   No LDT found for Meta 
1939       DEBUG main            d.u.i.k.j.TypeConverter   No LDT found for Meta 
1939       DEBUG main            d.u.i.k.j.TypeConverter   No LDT found for Meta 
3656       DEBUG main            d.u.i.k.j.TypeConverter   No LDT found for JavaBigintExpression 
9198       DEBUG main            d.u.i.k.p.i.AbstractProblemLoader Init config took 8.25s 
9277       INFO  main            d.u.i.k.p.i.AbstractProblemLoader Replaying proof count.key 
9320       DEBUG main            d.u.i.k.p.i.IntermediateProofReplayer Proof replay took 38.8ns 
9618       INFO  main            d.u.i.k.p.r.p.TestFile    ... finished proof: closed. 
9731       INFO  main            d.u.i.k.p.i.AbstractProblemLoader Loading environment from /home/runner/work/key/key/key.core/../key.ui/examples/standard_key/pred_log/count.key.proof 
9731       DEBUG main            d.u.i.k.p.i.AbstractProblemLoader Environment load took 194.61ns 
9736       INFO  main            d.u.i.k.p.i.AbstractProblemLoader Creating init config 
12894      DEBUG main            d.u.i.k.p.i.AbstractProblemLoader Init config took 3.16s 
12940      INFO  main            d.u.i.k.p.i.AbstractProblemLoader Replaying proof count.key.proof 
12952      DEBUG main            d.u.i.k.p.i.IntermediateProofReplayer Proof replay took 7.54ms 
12964      DEBUG main            d.u.i.k.p.r.p.TestFile    ... success: reloaded. 
12966      INFO  main            d.u.i.k.p.r.p.TestFile    Now processing file /home/runner/work/key/key/key.core/../key.ui/examples/standard_key/pred_log/count2.key 
12966      INFO  main            d.u.i.k.p.i.AbstractProblemLoader Loading environment from /home/runner/work/key/key/key.core/../key.ui/examples/standard_key/pred_log/count2.key 
12966      DEBUG main            d.u.i.k.p.i.AbstractProblemLoader Environment load took 234.41ns 
12968      INFO  main            d.u.i.k.p.i.AbstractProblemLoader Creating init config 
16082      DEBUG main            d.u.i.k.p.i.AbstractProblemLoader Init config took 3.11s 
16125      INFO  main            d.u.i.k.p.i.AbstractProblemLoader Replaying proof count2.key 
16134      DEBUG main            d.u.i.k.p.i.IntermediateProofReplayer Proof replay took 8ns 
16245      INFO  main            d.u.i.k.p.r.p.TestFile    ... finished proof: closed. 
16403      INFO  main            d.u.i.k.p.i.AbstractProblemLoader Loading environment from /home/runner/work/key/key/key.core/../key.ui/examples/standard_key/pred_log/count2.key.proof 
16404      DEBUG main            d.u.i.k.p.i.AbstractProblemLoader Environment load took 142.51ns 
16407      INFO  main            d.u.i.k.p.i.AbstractProblemLoader Creating init config 
19394      DEBUG main            d.u.i.k.p.i.AbstractProblemLoader Init config took 2.99s 
19420      INFO  main            d.u.i.k.p.i.AbstractProblemLoader Replaying proof count2.key.proof 
19426      DEBUG main            d.u.i.k.p.i.IntermediateProofReplayer Proof replay took 3.68ms 
19427      DEBUG main            d.u.i.k.p.r.p.TestFile    ... success: reloaded. 
19429      INFO  main            d.u.i.k.p.r.p.TestFile    Now processing file /home/runner/work/key/key/key.core/../key.ui/examples/standard_key/pred_log/count3.key 
19429      INFO  main            d.u.i.k.p.i.AbstractProblemLoader Loading environment from /home/runner/work/key/key/key.core/../key.ui/examples/standard_key/pred_log/count3.key 
19429      DEBUG main            d.u.i.k.p.i.AbstractProblemLoader Environment load took 241.91ns 
19431      INFO  main            d.u.i.k.p.i.AbstractProblemLoader Creating init config 
22413      DEBUG main            d.u.i.k.p.i.AbstractProblemLoader Init config took 2.98s 
22445      INFO  main            d.u.i.k.p.i.AbstractProblemLoader Replaying proof count3.key 
22450      DEBUG main            d.u.i.k.p.i.IntermediateProofReplayer Proof replay took 7.2ns 
22553      INFO  main            d.u.i.k.p.r.p.TestFile    ... finished proof: closed. 
22702      INFO  main            d.u.i.k.p.i.AbstractProblemLoader Loading environment from /home/runner/work/key/key/key.core/../key.ui/examples/standard_key/pred_log/count3.key.proof 
22703      DEBUG main            d.u.i.k.p.i.AbstractProblemLoader Environment load took 418.23ns 
22705      INFO  main            d.u.i.k.p.i.AbstractProblemLoader Creating init config 
25589      DEBUG main            d.u.i.k.p.i.AbstractProblemLoader Init config took 2.88s 
25623      INFO  main            d.u.i.k.p.i.AbstractProblemLoader Replaying proof count3.key.proof 
25628      DEBUG main            d.u.i.k.p.i.IntermediateProofReplayer Proof replay took 3.28ms 
25630      DEBUG main            d.u.i.k.p.r.p.TestFile    ... success: reloaded. 
25630      INFO  main            d.u.i.k.p.r.p.TestFile    Now processing file /home/runner/work/key/key/key.core/../key.ui/examples/standard_key/pred_log/equalities.key 
25631      INFO  main            d.u.i.k.p.i.AbstractProblemLoader Loading environment from /home/runner/work/key/key/key.core/../key.ui/examples/standard_key/pred_log/equalities.key 
25631      DEBUG main            d.u.i.k.p.i.AbstractProblemLoader Environment load took 116.01ns 
25632      INFO  main            d.u.i.k.p.i.AbstractProblemLoader Creating init config 
28581      DEBUG main            d.u.i.k.p.i.AbstractProblemLoader Init config took 2.95s 
28607      INFO  main            d.u.i.k.p.i.AbstractProblemLoader Replaying proof equalities.key 
28610      DEBUG main            d.u.i.k.p.i.IntermediateProofReplayer Proof replay took 8.7ns 
28713      INFO  main            d.u.i.k.p.r.p.TestFile    ... finished proof: closed. 
28870      INFO  main            d.u.i.k.p.i.AbstractProblemLoader Loading environment from /home/runner/work/key/key/key.core/../key.ui/examples/standard_key/pred_log/equalities.key.proof 
28870      DEBUG main            d.u.i.k.p.i.AbstractProblemLoader Environment load took 133.81ns 
28872      INFO  main            d.u.i.k.p.i.AbstractProblemLoader Creating init config 
32042      DEBUG main            d.u.i.k.p.i.AbstractProblemLoader Init config took 3.17s 
32063      INFO  main            d.u.i.k.p.i.AbstractProblemLoader Replaying proof equalities.key.proof 
32067      DEBUG main            d.u.i.k.p.i.IntermediateProofReplayer Proof replay took 1.75ms 
32068      DEBUG main            d.u.i.k.p.r.p.TestFile    ... success: reloaded. 
32069      INFO  main            d.u.i.k.p.r.p.TestFile    Now processing file /home/runner/work/key/key/key.core/../key.ui/examples/standard_key/pred_log/equalities2.key 
32070      INFO  main            d.u.i.k.p.i.AbstractProblemLoader Loading environment from /home/runner/work/key/key/key.core/../key.ui/examples/standard_key/pred_log/equalities2.key 
32070      DEBUG main            d.u.i.k.p.i.AbstractProblemLoader Environment load took 214.71ns 
32071      INFO  main            d.u.i.k.p.i.AbstractProblemLoader Creating init config 
35033      DEBUG main            d.u.i.k.p.i.AbstractProblemLoader Init config took 2.96s 
35054      INFO  main            d.u.i.k.p.i.AbstractProblemLoader Replaying proof equalities2.key 
35055      DEBUG main            d.u.i.k.p.i.IntermediateProofReplayer Proof replay took 7.8ns 
35158      INFO  main            d.u.i.k.p.r.p.TestFile    ... finished proof: closed. 
35337      INFO  main            d.u.i.k.p.i.AbstractProblemLoader Loading environment from /home/runner/work/key/key/key.core/../key.ui/examples/standard_key/pred_log/equalities2.key.proof 
35339      DEBUG main            d.u.i.k.p.i.AbstractProblemLoader Environment load took 1.79ms 
35343      INFO  main            d.u.i.k.p.i.AbstractProblemLoader Creating init config 
38585      DEBUG main            d.u.i.k.p.i.AbstractProblemLoader Init config took 3.24s 
38606      INFO  main            d.u.i.k.p.i.AbstractProblemLoader Replaying proof equalities2.key.proof 
38613      DEBUG main            d.u.i.k.p.i.IntermediateProofReplayer Proof replay took 4.42ms 
38614      DEBUG main            d.u.i.k.p.r.p.TestFile    ... success: reloaded. 
38615      INFO  main            d.u.i.k.p.r.p.TestFile    Now processing file /home/runner/work/key/key/key.core/../key.ui/examples/standard_key/pred_log/equalities3.key 
38615      INFO  main            d.u.i.k.p.i.AbstractProblemLoader Loading environment from /home/runner/work/key/key/key.core/../key.ui/examples/standard_key/pred_log/equalities3.key 
38615      DEBUG main            d.u.i.k.p.i.AbstractProblemLoader Environment load took 207.51ns 
38617      INFO  main            d.u.i.k.p.i.AbstractProblemLoader Creating init config 
41558      DEBUG main            d.u.i.k.p.i.AbstractProblemLoader Init config took 2.94s 
41581      INFO  main            d.u.i.k.p.i.AbstractProblemLoader Replaying proof equalities3.key 
41584      DEBUG main            d.u.i.k.p.i.IntermediateProofReplayer Proof replay took 8.6ns 
41690      INFO  main            d.u.i.k.p.r.p.TestFile    ... finished proof: closed. 
41882      INFO  main            d.u.i.k.p.i.AbstractProblemLoader Loading environment from /home/runner/work/key/key/key.core/../key.ui/examples/standard_key/pred_log/equalities3.key.proof 
41883      DEBUG main            d.u.i.k.p.i.AbstractProblemLoader Environment load took 134.81ns 
41884      INFO  main            d.u.i.k.p.i.AbstractProblemLoader Creating init config 
44760      DEBUG main            d.u.i.k.p.i.AbstractProblemLoader Init config took 2.88s 
44780      INFO  main            d.u.i.k.p.i.AbstractProblemLoader Replaying proof equalities3.key.proof 
44788      DEBUG main            d.u.i.k.p.i.IntermediateProofReplayer Proof replay took 6.37ms 
44789      DEBUG main            d.u.i.k.p.r.p.TestFile    ... success: reloaded. 
44790      INFO  main            d.u.i.k.p.r.p.TestFile    Now processing file /home/runner/work/key/key/key.core/../key.ui/examples/standard_key/pred_log/functions.key 
44791      INFO  main            d.u.i.k.p.i.AbstractProblemLoader Loading environment from /home/runner/work/key/key/key.core/../key.ui/examples/standard_key/pred_log/functions.key 
44791      DEBUG main            d.u.i.k.p.i.AbstractProblemLoader Environment load took 226.11ns 
44792      INFO  main            d.u.i.k.p.i.AbstractProblemLoader Creating init config 
47670      DEBUG main            d.u.i.k.p.i.AbstractProblemLoader Init config took 2.88s 
47688      INFO  main            d.u.i.k.p.i.AbstractProblemLoader Replaying proof functions.key 
47689      DEBUG main            d.u.i.k.p.i.IntermediateProofReplayer Proof replay took 8.1ns 
47792      INFO  main            d.u.i.k.p.r.p.TestFile    ... finished proof: closed. 
48061      INFO  main            d.u.i.k.p.i.AbstractProblemLoader Loading environment from /home/runner/work/key/key/key.core/../key.ui/examples/standard_key/pred_log/functions.key.proof 
48061      DEBUG main            d.u.i.k.p.i.AbstractProblemLoader Environment load took 128.71ns 
48063      INFO  main            d.u.i.k.p.i.AbstractProblemLoader Creating init config 
50871      DEBUG main            d.u.i.k.p.i.AbstractProblemLoader Init config took 2.81s 
50889      INFO  main            d.u.i.k.p.i.AbstractProblemLoader Replaying proof functions.key.proof 
50894      DEBUG main            d.u.i.k.p.i.IntermediateProofReplayer Proof replay took 2.76ms 
50895      DEBUG main            d.u.i.k.p.r.p.TestFile    ... success: reloaded. 
50896      INFO  main            d.u.i.k.p.r.p.TestFile    Now processing file /home/runner/work/key/key/key.core/../key.ui/examples/standard_key/pred_log/mv1.key 
50896      INFO  main            d.u.i.k.p.i.AbstractProblemLoader Loading environment from /home/runner/work/key/key/key.core/../key.ui/examples/standard_key/pred_log/mv1.key 
50896      DEBUG main            d.u.i.k.p.i.AbstractProblemLoader Environment load took 200.31ns 
50897      INFO  main            d.u.i.k.p.i.AbstractProblemLoader Creating init config 
53730      DEBUG main            d.u.i.k.p.i.AbstractProblemLoader Init config took 2.83s 
53748      INFO  main            d.u.i.k.p.i.AbstractProblemLoader Replaying proof mv1.key 
53749      DEBUG main            d.u.i.k.p.i.IntermediateProofReplayer Proof replay took 8.6ns 
53855      INFO  main            d.u.i.k.p.r.p.TestFile    ... finished proof: closed. 
54044      INFO  main            d.u.i.k.p.i.AbstractProblemLoader Loading environment from /home/runner/work/key/key/key.core/../key.ui/examples/standard_key/pred_log/mv1.key.proof 
54044      DEBUG main            d.u.i.k.p.i.AbstractProblemLoader Environment load took 143.41ns 
54045      INFO  main            d.u.i.k.p.i.AbstractProblemLoader Creating init config 
56855      DEBUG main            d.u.i.k.p.i.AbstractProblemLoader Init config took 2.81s 
56893      INFO  main            d.u.i.k.p.i.AbstractProblemLoader Replaying proof mv1.key.proof 
56896      DEBUG main            d.u.i.k.p.i.IntermediateProofReplayer Proof replay took 1.12ms 
56897      DEBUG main            d.u.i.k.p.r.p.TestFile    ... success: reloaded. 
56898      INFO  main            d.u.i.k.p.r.p.TestFile    Now processing file /home/runner/work/key/key/key.core/../key.ui/examples/standard_key/pred_log/mv2.key 
56898      INFO  main            d.u.i.k.p.i.AbstractProblemLoader Loading environment from /home/runner/work/key/key/key.core/../key.ui/examples/standard_key/pred_log/mv2.key 
56898      DEBUG main            d.u.i.k.p.i.AbstractProblemLoader Environment load took 205.71ns 
56900      INFO  main            d.u.i.k.p.i.AbstractProblemLoader Creating init config 
59688      DEBUG main            d.u.i.k.p.i.AbstractProblemLoader Init config took 2.79s 
59710      INFO  main            d.u.i.k.p.i.AbstractProblemLoader Replaying proof mv2.key 
59712      DEBUG main            d.u.i.k.p.i.IntermediateProofReplayer Proof replay took 7.9ns 
59815      INFO  main            d.u.i.k.p.r.p.TestFile    ... finished proof: closed. 
60033      INFO  main            d.u.i.k.p.i.AbstractProblemLoader Loading environment from /home/runner/work/key/key/key.core/../key.ui/examples/standard_key/pred_log/mv2.key.proof 
60033      DEBUG main            d.u.i.k.p.i.AbstractProblemLoader Environment load took 121.81ns 
60035      INFO  main            d.u.i.k.p.i.AbstractProblemLoader Creating init config 
62834      DEBUG main            d.u.i.k.p.i.AbstractProblemLoader Init config took 2.8s 
62852      INFO  main            d.u.i.k.p.i.AbstractProblemLoader Replaying proof mv2.key.proof 
62861      DEBUG main            d.u.i.k.p.i.IntermediateProofReplayer Proof replay took 3.99ms 
62862      DEBUG main            d.u.i.k.p.r.p.TestFile    ... success: reloaded. 
62863      INFO  main            d.u.i.k.p.r.p.TestFile    Now processing file /home/runner/work/key/key/key.core/../key.ui/examples/standard_key/pred_log/quantifiers.key 
62864      INFO  main            d.u.i.k.p.i.AbstractProblemLoader Loading environment from /home/runner/work/key/key/key.core/../key.ui/examples/standard_key/pred_log/quantifiers.key 
62864      DEBUG main            d.u.i.k.p.i.AbstractProblemLoader Environment load took 202.31ns 
62865      INFO  main            d.u.i.k.p.i.AbstractProblemLoader Creating init config 
65864      DEBUG main            d.u.i.k.p.i.AbstractProblemLoader Init config took 3s 
65882      INFO  main            d.u.i.k.p.i.AbstractProblemLoader Replaying proof quantifiers.key 
65883      DEBUG main            d.u.i.k.p.i.IntermediateProofReplayer Proof replay took 9ns 
65987      INFO  main            d.u.i.k.p.r.p.TestFile    ... finished proof: closed. 
66185      INFO  main            d.u.i.k.p.i.AbstractProblemLoader Loading environment from /home/runner/work/key/key/key.core/../key.ui/examples/standard_key/pred_log/quantifiers.key.proof 
66185      DEBUG main            d.u.i.k.p.i.AbstractProblemLoader Environment load took 127.81ns 
66187      INFO  main            d.u.i.k.p.i.AbstractProblemLoader Creating init config 
69074      DEBUG main            d.u.i.k.p.i.AbstractProblemLoader Init config took 2.89s 
69095      INFO  main            d.u.i.k.p.i.AbstractProblemLoader Replaying proof quantifiers.key.proof 
69099      DEBUG main            d.u.i.k.p.i.IntermediateProofReplayer Proof replay took 2.68ms 
69100      DEBUG main            d.u.i.k.p.r.p.TestFile    ... success: reloaded. 
69101      INFO  main            d.u.i.k.p.r.p.TestFile    Now processing file /home/runner/work/key/key/key.core/../key.ui/examples/standard_key/pred_log/simpleEps.key 
69101      INFO  main            d.u.i.k.p.i.AbstractProblemLoader Loading environment from /home/runner/work/key/key/key.core/../key.ui/examples/standard_key/pred_log/simpleEps.key 
69102      DEBUG main            d.u.i.k.p.i.AbstractProblemLoader Environment load took 211.91ns 
69103      INFO  main            d.u.i.k.p.i.AbstractProblemLoader Creating init config 
71930      DEBUG main            d.u.i.k.p.i.AbstractProblemLoader Init config took 2.83s 
71947      INFO  main            d.u.i.k.p.i.AbstractProblemLoader Replaying proof simpleEps.key 
71948      DEBUG main            d.u.i.k.p.i.IntermediateProofReplayer Proof replay took 7.7ns 
72055      INFO  main            d.u.i.k.p.r.p.TestFile    ... finished proof: closed. 
72276      INFO  main            d.u.i.k.p.i.AbstractProblemLoader Loading environment from /home/runner/work/key/key/key.core/../key.ui/examples/standard_key/pred_log/simpleEps.key.proof 
72276      DEBUG main            d.u.i.k.p.i.AbstractProblemLoader Environment load took 130.81ns 
72279      INFO  main            d.u.i.k.p.i.AbstractProblemLoader Creating init config 
75100      DEBUG main            d.u.i.k.p.i.AbstractProblemLoader Init config took 2.82s 
75116      INFO  main            d.u.i.k.p.i.AbstractProblemLoader Replaying proof simpleEps.key.proof 
75120      DEBUG main            d.u.i.k.p.i.IntermediateProofReplayer Proof replay took 1.48ms 
75120      DEBUG main            d.u.i.k.p.r.p.TestFile    ... success: reloaded. 
75121      INFO  main            d.u.i.k.p.r.p.TestFile    Now processing file /home/runner/work/key/key/key.core/../key.ui/examples/standard_key/pred_log/steam1.key 
75122      INFO  main            d.u.i.k.p.i.AbstractProblemLoader Loading environment from /home/runner/work/key/key/key.core/../key.ui/examples/standard_key/pred_log/steam1.key 
75122      DEBUG main            d.u.i.k.p.i.AbstractProblemLoader Environment load took 684.14ns 
75125      INFO  main            d.u.i.k.p.i.AbstractProblemLoader Creating init config 
78005      DEBUG main            d.u.i.k.p.i.AbstractProblemLoader Init config took 2.88s 
78027      INFO  main            d.u.i.k.p.i.AbstractProblemLoader Replaying proof steam1.key 
78028      DEBUG main            d.u.i.k.p.i.IntermediateProofReplayer Proof replay took 8.5ns 
78543      INFO  main            d.u.i.k.p.r.p.TestFile    ... finished proof: closed. 
78807      INFO  main            d.u.i.k.p.i.AbstractProblemLoader Loading environment from /home/runner/work/key/key/key.core/../key.ui/examples/standard_key/pred_log/steam1.key.proof 
78808      DEBUG main            d.u.i.k.p.i.AbstractProblemLoader Environment load took 1.77ms 
78811      INFO  main            d.u.i.k.p.i.AbstractProblemLoader Creating init config 
81669      DEBUG main            d.u.i.k.p.i.AbstractProblemLoader Init config took 2.86s 
81694      INFO  main            d.u.i.k.p.i.AbstractProblemLoader Replaying proof steam1.key.proof 
81718      DEBUG main            d.u.i.k.p.i.IntermediateProofReplayer Proof replay took 20.07ms 
81720      DEBUG main            d.u.i.k.p.r.p.TestFile    ... success: reloaded. 
81721      INFO  main            d.u.i.k.p.r.p.TestFile    Now processing file /home/runner/work/key/key/key.core/../key.ui/examples/standard_key/pred_log/tptp/PUZ/PUZ001p1.key 
81721      INFO  main            d.u.i.k.p.i.AbstractProblemLoader Loading environment from /home/runner/work/key/key/key.core/../key.ui/examples/standard_key/pred_log/tptp/PUZ/PUZ001p1.key 
81722      DEBUG main            d.u.i.k.p.i.AbstractProblemLoader Environment load took 103.01ns 
81723      INFO  main            d.u.i.k.p.i.AbstractProblemLoader Creating init config 
84582      DEBUG main            d.u.i.k.p.i.AbstractProblemLoader Init config took 2.86s 
84600      INFO  main            d.u.i.k.p.i.AbstractProblemLoader Replaying proof PUZ001p1.key 
84601      DEBUG main            d.u.i.k.p.i.IntermediateProofReplayer Proof replay took 6.8ns 
87931      INFO  main            d.u.i.k.p.r.p.TestFile    ... finished proof: closed. 
88201      INFO  main            d.u.i.k.p.i.AbstractProblemLoader Loading environment from /home/runner/work/key/key/key.core/../key.ui/examples/standard_key/pred_log/tptp/PUZ/PUZ001p1.key.proof 
88201      DEBUG main            d.u.i.k.p.i.AbstractProblemLoader Environment load took 229.41ns 
88203      INFO  main            d.u.i.k.p.i.AbstractProblemLoader Creating init config 
91010      DEBUG main            d.u.i.k.p.i.AbstractProblemLoader Init config took 2.81s 
91029      INFO  main            d.u.i.k.p.i.AbstractProblemLoader Replaying proof PUZ001p1.key.proof 
91195      DEBUG main            d.u.i.k.p.i.IntermediateProofReplayer Proof replay took 153.99ms 
91197      DEBUG main            d.u.i.k.p.r.p.TestFile    ... success: reloaded. 
91198      INFO  main            d.u.i.k.p.r.p.TestFile    Now processing file /home/runner/work/key/key/key.core/../key.ui/examples/standard_key/pred_log/tptp/PUZ/PUZ001p1-eq.key 
91198      INFO  main            d.u.i.k.p.i.AbstractProblemLoader Loading environment from /home/runner/work/key/key/key.core/../key.ui/examples/standard_key/pred_log/tptp/PUZ/PUZ001p1-eq.key 
91198      DEBUG main            d.u.i.k.p.i.AbstractProblemLoader Environment load took 103.51ns 
91199      INFO  main            d.u.i.k.p.i.AbstractProblemLoader Creating init config 
94086      DEBUG main            d.u.i.k.p.i.AbstractProblemLoader Init config took 2.89s 
94104      INFO  main            d.u.i.k.p.i.AbstractProblemLoader Replaying proof PUZ001p1-eq.key 
94105      DEBUG main            d.u.i.k.p.i.IntermediateProofReplayer Proof replay took 7.5ns 
94208      INFO  main            d.u.i.k.p.r.p.TestFile    ... finished proof: closed. 
94490      INFO  main            d.u.i.k.p.i.AbstractProblemLoader Loading environment from /home/runner/work/key/key/key.core/../key.ui/examples/standard_key/pred_log/tptp/PUZ/PUZ001p1-eq.key.proof 
94491      DEBUG main            d.u.i.k.p.i.AbstractProblemLoader Environment load took 131.81ns 
94492      INFO  main            d.u.i.k.p.i.AbstractProblemLoader Creating init config 
97246      DEBUG main            d.u.i.k.p.i.AbstractProblemLoader Init config took 2.75s 
97264      INFO  main            d.u.i.k.p.i.AbstractProblemLoader Replaying proof PUZ001p1-eq.key.proof 
97282      DEBUG main            d.u.i.k.p.i.IntermediateProofReplayer Proof replay took 15.71ms 
97284      DEBUG main            d.u.i.k.p.r.p.TestFile    ... success: reloaded. 
97284      INFO  main            d.u.i.k.p.r.p.TestFile    Now processing file /home/runner/work/key/key/key.core/../key.ui/examples/standard_key/pred_log/tptp/PUZ/PUZ031p1.key 
97285      INFO  main            d.u.i.k.p.i.AbstractProblemLoader Loading environment from /home/runner/work/key/key/key.core/../key.ui/examples/standard_key/pred_log/tptp/PUZ/PUZ031p1.key 
97285      DEBUG main            d.u.i.k.p.i.AbstractProblemLoader Environment load took 101.71ns 
97286      INFO  main            d.u.i.k.p.i.AbstractProblemLoader Creating init config 
100110     DEBUG main            d.u.i.k.p.i.AbstractProblemLoader Init config took 2.82s 
100128     INFO  main            d.u.i.k.p.i.AbstractProblemLoader Replaying proof PUZ031p1.key 
100130     DEBUG main            d.u.i.k.p.i.IntermediateProofReplayer Proof replay took 8.2ns 
109914     INFO  main            d.u.i.k.p.r.p.TestFile    ... finished proof: closed. 
110160     INFO  main            d.u.i.k.p.i.AbstractProblemLoader Loading environment from /home/runner/work/key/key/key.core/../key.ui/examples/standard_key/pred_log/tptp/PUZ/PUZ031p1.key.proof 
110166     DEBUG main            d.u.i.k.p.i.AbstractProblemLoader Environment load took 5.38ms 
110168     INFO  main            d.u.i.k.p.i.AbstractProblemLoader Creating init config 
112987     DEBUG main            d.u.i.k.p.i.AbstractProblemLoader Init config took 2.82s 
113006     INFO  main            d.u.i.k.p.i.AbstractProblemLoader Replaying proof PUZ031p1.key.proof 
113081     DEBUG main            d.u.i.k.p.i.IntermediateProofReplayer Proof replay took 69.87ms 
113083     DEBUG main            d.u.i.k.p.r.p.TestFile    ... success: reloaded. 
113084     INFO  main            d.u.i.k.p.r.p.TestFile    Now processing file /home/runner/work/key/key/key.core/../key.ui/examples/standard_key/pred_log/tptp/SET/SET027p3.key 
113084     INFO  main            d.u.i.k.p.i.AbstractProblemLoader Loading environment from /home/runner/work/key/key/key.core/../key.ui/examples/standard_key/pred_log/tptp/SET/SET027p3.key 
113085     DEBUG main            d.u.i.k.p.i.AbstractProblemLoader Environment load took 109.31ns 
113086     INFO  main            d.u.i.k.p.i.AbstractProblemLoader Creating init config 
116016     DEBUG main            d.u.i.k.p.i.AbstractProblemLoader Init config took 2.93s 
116035     INFO  main            d.u.i.k.p.i.AbstractProblemLoader Replaying proof SET027p3.key 
116036     DEBUG main            d.u.i.k.p.i.IntermediateProofReplayer Proof replay took 8.7ns 
116139     INFO  main            d.u.i.k.p.r.p.TestFile    ... finished proof: closed. 
116402     INFO  main            d.u.i.k.p.i.AbstractProblemLoader Loading environment from /home/runner/work/key/key/key.core/../key.ui/examples/standard_key/pred_log/tptp/SET/SET027p3.key.proof 
116402     DEBUG main            d.u.i.k.p.i.AbstractProblemLoader Environment load took 126.41ns 
116403     INFO  main            d.u.i.k.p.i.AbstractProblemLoader Creating init config 
119181     DEBUG main            d.u.i.k.p.i.AbstractProblemLoader Init config took 2.78s 
119197     INFO  main            d.u.i.k.p.i.AbstractProblemLoader Replaying proof SET027p3.key.proof 
119205     DEBUG main            d.u.i.k.p.i.IntermediateProofReplayer Proof replay took 6.3ms 
119206     DEBUG main            d.u.i.k.p.r.p.TestFile    ... success: reloaded. 
119207     INFO  main            d.u.i.k.p.r.p.TestFile    Now processing file /home/runner/work/key/key/key.core/../key.ui/examples/standard_key/pred_log/tptp/SET/SET043p1.key 
119208     INFO  main            d.u.i.k.p.i.AbstractProblemLoader Loading environment from /home/runner/work/key/key/key.core/../key.ui/examples/standard_key/pred_log/tptp/SET/SET043p1.key 
119208     DEBUG main            d.u.i.k.p.i.AbstractProblemLoader Environment load took 200.11ns 
119209     INFO  main            d.u.i.k.p.i.AbstractProblemLoader Creating init config 
122005     DEBUG main            d.u.i.k.p.i.AbstractProblemLoader Init config took 2.8s 
122022     INFO  main            d.u.i.k.p.i.AbstractProblemLoader Replaying proof SET043p1.key 
122024     DEBUG main            d.u.i.k.p.i.IntermediateProofReplayer Proof replay took 8.7ns 
122127     INFO  main            d.u.i.k.p.r.p.TestFile    ... finished proof: closed. 
122374     INFO  main            d.u.i.k.p.i.AbstractProblemLoader Loading environment from /home/runner/work/key/key/key.core/../key.ui/examples/standard_key/pred_log/tptp/SET/SET043p1.key.proof 
122375     DEBUG main            d.u.i.k.p.i.AbstractProblemLoader Environment load took 334.92ns 
122376     INFO  main            d.u.i.k.p.i.AbstractProblemLoader Creating init config 
125134     DEBUG main            d.u.i.k.p.i.AbstractProblemLoader Init config took 2.76s 
125173     INFO  main            d.u.i.k.p.i.AbstractProblemLoader Replaying proof SET043p1.key.proof 
125176     DEBUG main            d.u.i.k.p.i.IntermediateProofReplayer Proof replay took 1.53ms 
125177     DEBUG main            d.u.i.k.p.r.p.TestFile    ... success: reloaded. 
125177     INFO  main            d.u.i.k.p.r.p.TestFile    Now processing file /home/runner/work/key/key/key.core/../key.ui/examples/standard_key/pred_log/tptp/SET/SET045p1.key 
125178     INFO  main            d.u.i.k.p.i.AbstractProblemLoader Loading environment from /home/runner/work/key/key/key.core/../key.ui/examples/standard_key/pred_log/tptp/SET/SET045p1.key 
125178     DEBUG main            d.u.i.k.p.i.AbstractProblemLoader Environment load took 99.51ns 
125179     INFO  main            d.u.i.k.p.i.AbstractProblemLoader Creating init config 
128186     DEBUG main            d.u.i.k.p.i.AbstractProblemLoader Init config took 3.01s 
128210     INFO  main            d.u.i.k.p.i.AbstractProblemLoader Replaying proof SET045p1.key 
128211     DEBUG main            d.u.i.k.p.i.IntermediateProofReplayer Proof replay took 9.8ns 
128313     INFO  main            d.u.i.k.p.r.p.TestFile    ... finished proof: closed. 
128579     INFO  main            d.u.i.k.p.i.AbstractProblemLoader Loading environment from /home/runner/work/key/key/key.core/../key.ui/examples/standard_key/pred_log/tptp/SET/SET045p1.key.proof 
128579     DEBUG main            d.u.i.k.p.i.AbstractProblemLoader Environment load took 120.21ns 
128581     INFO  main            d.u.i.k.p.i.AbstractProblemLoader Creating init config 
131539     DEBUG main            d.u.i.k.p.i.AbstractProblemLoader Init config took 2.96s 
131555     INFO  main            d.u.i.k.p.i.AbstractProblemLoader Replaying proof SET045p1.key.proof 
131562     DEBUG main            d.u.i.k.p.i.IntermediateProofReplayer Proof replay took 4.77ms 
131563     DEBUG main            d.u.i.k.p.r.p.TestFile    ... success: reloaded. 
131563     INFO  main            d.u.i.k.p.r.p.TestFile    Now processing file /home/runner/work/key/key/key.core/../key.ui/examples/standard_key/pred_log/tptp/SET/SET062p3.key 
131564     INFO  main            d.u.i.k.p.i.AbstractProblemLoader Loading environment from /home/runner/work/key/key/key.core/../key.ui/examples/standard_key/pred_log/tptp/SET/SET062p3.key 
131564     DEBUG main            d.u.i.k.p.i.AbstractProblemLoader Environment load took 106.91ns 
131565     INFO  main            d.u.i.k.p.i.AbstractProblemLoader Creating init config 
134469     DEBUG main            d.u.i.k.p.i.AbstractProblemLoader Init config took 2.9s 
134485     INFO  main            d.u.i.k.p.i.AbstractProblemLoader Replaying proof SET062p3.key 
134486     DEBUG main            d.u.i.k.p.i.IntermediateProofReplayer Proof replay took 8.2ns 
134589     INFO  main            d.u.i.k.p.r.p.TestFile    ... finished proof: closed. 
134850     INFO  main            d.u.i.k.p.i.AbstractProblemLoader Loading environment from /home/runner/work/key/key/key.core/../key.ui/examples/standard_key/pred_log/tptp/SET/SET062p3.key.proof 
134850     DEBUG main            d.u.i.k.p.i.AbstractProblemLoader Environment load took 114.11ns 
134857     INFO  main            d.u.i.k.p.i.AbstractProblemLoader Creating init config 
137588     DEBUG main            d.u.i.k.p.i.AbstractProblemLoader Init config took 2.73s 
137606     INFO  main            d.u.i.k.p.i.AbstractProblemLoader Replaying proof SET062p3.key.proof 
137614     DEBUG main            d.u.i.k.p.i.IntermediateProofReplayer Proof replay took 5.64ms 
137615     DEBUG main            d.u.i.k.p.r.p.TestFile    ... success: reloaded. 
137615     INFO  main            d.u.i.k.p.r.p.TestFile    Now processing file /home/runner/work/key/key/key.core/../key.ui/examples/standard_key/pred_log/tptp/SET/SET063p3.key 
137616     INFO  main            d.u.i.k.p.i.AbstractProblemLoader Loading environment from /home/runner/work/key/key/key.core/../key.ui/examples/standard_key/pred_log/tptp/SET/SET063p3.key 
137616     DEBUG main            d.u.i.k.p.i.AbstractProblemLoader Environment load took 104.61ns 
137617     INFO  main            d.u.i.k.p.i.AbstractProblemLoader Creating init config 
140416     DEBUG main            d.u.i.k.p.i.AbstractProblemLoader Init config took 2.8s 
140433     INFO  main            d.u.i.k.p.i.AbstractProblemLoader Replaying proof SET063p3.key 
140435     DEBUG main            d.u.i.k.p.i.IntermediateProofReplayer Proof replay took 8ns 
140537     INFO  main            d.u.i.k.p.r.p.TestFile    ... finished proof: closed. 
140820     INFO  main            d.u.i.k.p.i.AbstractProblemLoader Loading environment from /home/runner/work/key/key/key.core/../key.ui/examples/standard_key/pred_log/tptp/SET/SET063p3.key.proof 
140820     DEBUG main            d.u.i.k.p.i.AbstractProblemLoader Environment load took 120.82ns 
140822     INFO  main            d.u.i.k.p.i.AbstractProblemLoader Creating init config 
143599     DEBUG main            d.u.i.k.p.i.AbstractProblemLoader Init config took 2.78s 
143618     INFO  main            d.u.i.k.p.i.AbstractProblemLoader Replaying proof SET063p3.key.proof 
143627     DEBUG main            d.u.i.k.p.i.IntermediateProofReplayer Proof replay took 6.71ms 
143628     DEBUG main            d.u.i.k.p.r.p.TestFile    ... success: reloaded. 
143629     INFO  main            d.u.i.k.p.r.p.TestFile    Now processing file /home/runner/work/key/key/key.core/../key.ui/examples/standard_key/pred_log/tptp/SYN/SYN036p2.key 
143629     INFO  main            d.u.i.k.p.i.AbstractProblemLoader Loading environment from /home/runner/work/key/key/key.core/../key.ui/examples/standard_key/pred_log/tptp/SYN/SYN036p2.key 
143629     DEBUG main            d.u.i.k.p.i.AbstractProblemLoader Environment load took 270.42ns 
143631     INFO  main            d.u.i.k.p.i.AbstractProblemLoader Creating init config 
146540     DEBUG main            d.u.i.k.p.i.AbstractProblemLoader Init config took 2.91s 
146558     INFO  main            d.u.i.k.p.i.AbstractProblemLoader Replaying proof SYN036p2.key 
146559     DEBUG main            d.u.i.k.p.i.IntermediateProofReplayer Proof replay took 8.4ns 
146864     INFO  main            d.u.i.k.p.r.p.TestFile    ... finished proof: closed. 
147220     INFO  main            d.u.i.k.p.i.AbstractProblemLoader Loading environment from /home/runner/work/key/key/key.core/../key.ui/examples/standard_key/pred_log/tptp/SYN/SYN036p2.key.proof 
147220     DEBUG main            d.u.i.k.p.i.AbstractProblemLoader Environment load took 398.73ns 
147222     INFO  main            d.u.i.k.p.i.AbstractProblemLoader Creating init config 
150042     DEBUG main            d.u.i.k.p.i.AbstractProblemLoader Init config took 2.82s 
150058     INFO  main            d.u.i.k.p.i.AbstractProblemLoader Replaying proof SYN036p2.key.proof 
150138     DEBUG main            d.u.i.k.p.i.IntermediateProofReplayer Proof replay took 72.57ms 
150140     DEBUG main            d.u.i.k.p.r.p.TestFile    ... success: reloaded. 
150140     INFO  main            d.u.i.k.p.r.p.TestFile    Now processing file /home/runner/work/key/key/key.core/../key.ui/examples/standard_key/pred_log/tptp/SYN/SYN550p1.key 
150141     INFO  main            d.u.i.k.p.i.AbstractProblemLoader Loading environment from /home/runner/work/key/key/key.core/../key.ui/examples/standard_key/pred_log/tptp/SYN/SYN550p1.key 
150141     DEBUG main            d.u.i.k.p.i.AbstractProblemLoader Environment load took 86.61ns 
150142     INFO  main            d.u.i.k.p.i.AbstractProblemLoader Creating init config 
152887     DEBUG main            d.u.i.k.p.i.AbstractProblemLoader Init config took 2.75s 
152903     INFO  main            d.u.i.k.p.i.AbstractProblemLoader Replaying proof SYN550p1.key 
152905     DEBUG main            d.u.i.k.p.i.IntermediateProofReplayer Proof replay took 8ns 
156254     INFO  main            d.u.i.k.p.r.p.TestFile    ... finished proof: closed. 
156551     INFO  main            d.u.i.k.p.i.AbstractProblemLoader Loading environment from /home/runner/work/key/key/key.core/../key.ui/examples/standard_key/pred_log/tptp/SYN/SYN550p1.key.proof 
156561     DEBUG main            d.u.i.k.p.i.AbstractProblemLoader Environment load took 10.13ms 
156563     INFO  main            d.u.i.k.p.i.AbstractProblemLoader Creating init config 
159315     DEBUG main            d.u.i.k.p.i.AbstractProblemLoader Init config took 2.75s 
159331     INFO  main            d.u.i.k.p.i.AbstractProblemLoader Replaying proof SYN550p1.key.proof 
159417     DEBUG main            d.u.i.k.p.i.IntermediateProofReplayer Proof replay took 79.01ms 
159418     DEBUG main            d.u.i.k.p.r.p.TestFile    ... success: reloaded. 
159419     INFO  main            d.u.i.k.p.r.p.TestFile    Now processing file /home/runner/work/key/key/key.core/../key.ui/examples/standard_key/prop_log/reallySimple.key 
159419     INFO  main            d.u.i.k.p.i.AbstractProblemLoader Loading environment from /home/runner/work/key/key/key.core/../key.ui/examples/standard_key/prop_log/reallySimple.key 
159419     DEBUG main            d.u.i.k.p.i.AbstractProblemLoader Environment load took 77.81ns 
159420     INFO  main            d.u.i.k.p.i.AbstractProblemLoader Creating init config 
162291     DEBUG main            d.u.i.k.p.i.AbstractProblemLoader Init config took 2.87s 
162308     INFO  main            d.u.i.k.p.i.AbstractProblemLoader Replaying proof reallySimple.key 
162309     DEBUG main            d.u.i.k.p.i.IntermediateProofReplayer Proof replay took 7.8ns 
162412     INFO  main            d.u.i.k.p.r.p.TestFile    ... finished proof: open goal(s) 
162704     INFO  main            d.u.i.k.p.r.p.TestFile    Now processing file /home/runner/work/key/key/key.core/../key.ui/examples/standard_key/pred_log/sameName1.key 
162704     INFO  main            d.u.i.k.p.i.AbstractProblemLoader Loading environment from /home/runner/work/key/key/key.core/../key.ui/examples/standard_key/pred_log/sameName1.key 
162704     DEBUG main            d.u.i.k.p.i.AbstractProblemLoader Environment load took 63ns 
162707     INFO  main            d.u.i.k.p.i.AbstractProblemLoader Creating init config 
165399     DEBUG main            d.u.i.k.p.i.AbstractProblemLoader Init config took 2.69s 
165414     INFO  main            d.u.i.k.p.i.AbstractProblemLoader Replaying proof sameName1.key 
165415     DEBUG main            d.u.i.k.p.i.IntermediateProofReplayer Proof replay took 6.7ns 
165518     INFO  main            d.u.i.k.p.r.p.TestFile    ... finished proof: open goal(s) 
165797     INFO  main            d.u.i.k.p.r.p.TestFile    Now processing file /home/runner/work/key/key/key.core/../key.ui/examples/standard_key/pred_log/jbyteIfEx.key 
165798     INFO  main            d.u.i.k.p.i.AbstractProblemLoader Loading environment from /home/runner/work/key/key/key.core/../key.ui/examples/standard_key/pred_log/jbyteIfEx.key 
165798     DEBUG main            d.u.i.k.p.i.AbstractProblemLoader Environment load took 89.81ns 
165799     INFO  main            d.u.i.k.p.i.AbstractProblemLoader Creating init config 
168562     DEBUG main            d.u.i.k.p.i.AbstractProblemLoader Init config took 2.76s 
168579     INFO  main            d.u.i.k.p.i.AbstractProblemLoader Replaying proof jbyteIfEx.key 
168580     DEBUG main            d.u.i.k.p.i.IntermediateProofReplayer Proof replay took 7.3ns 
168683     INFO  main            d.u.i.k.p.r.p.TestFile    ... finished proof: closed. 
168972     INFO  main            d.u.i.k.p.i.AbstractProblemLoader Loading environment from /home/runner/work/key/key/key.core/../key.ui/examples/standard_key/pred_log/jbyteIfEx.key.proof 
168972     DEBUG main            d.u.i.k.p.i.AbstractProblemLoader Environment load took 118.81ns 
168973     INFO  main            d.u.i.k.p.i.AbstractProblemLoader Creating init config 
171736     DEBUG main            d.u.i.k.p.i.AbstractProblemLoader Init config took 2.76s 
171752     INFO  main            d.u.i.k.p.i.AbstractProblemLoader Replaying proof jbyteIfEx.key.proof 
171764     DEBUG main            d.u.i.k.p.i.IntermediateProofReplayer Proof replay took 9.05ms 
171765     DEBUG main            d.u.i.k.p.r.p.TestFile    ... success: reloaded. 
171766     INFO  main            d.u.i.k.p.r.p.TestFile    Now processing file /home/runner/work/key/key/key.core/../key.ui/examples/standard_key/prop_log/allClausesLength4.key 
171766     INFO  main            d.u.i.k.p.i.AbstractProblemLoader Loading environment from /home/runner/work/key/key/key.core/../key.ui/examples/standard_key/prop_log/allClausesLength4.key 
171766     DEBUG main            d.u.i.k.p.i.AbstractProblemLoader Environment load took 112.71ns 
171768     INFO  main            d.u.i.k.p.i.AbstractProblemLoader Creating init config 
174601     DEBUG main            d.u.i.k.p.i.AbstractProblemLoader Init config took 2.83s 
174620     INFO  main            d.u.i.k.p.i.AbstractProblemLoader Replaying proof allClausesLength4.key 
174621     DEBUG main            d.u.i.k.p.i.IntermediateProofReplayer Proof replay took 35.5ns 
174724     INFO  main            d.u.i.k.p.r.p.TestFile    ... finished proof: closed. 
175071     INFO  main            d.u.i.k.p.i.AbstractProblemLoader Loading environment from /home/runner/work/key/key/key.core/../key.ui/examples/standard_key/prop_log/allClausesLength4.key.proof 
175071     DEBUG main            d.u.i.k.p.i.AbstractProblemLoader Environment load took 119.61ns 
175073     INFO  main            d.u.i.k.p.i.AbstractProblemLoader Creating init config 
177753     DEBUG main            d.u.i.k.p.i.AbstractProblemLoader Init config took 2.68s 
177773     INFO  main            d.u.i.k.p.i.AbstractProblemLoader Replaying proof allClausesLength4.key.proof 
177789     DEBUG main            d.u.i.k.p.i.IntermediateProofReplayer Proof replay took 12.99ms 
177790     DEBUG main            d.u.i.k.p.r.p.TestFile    ... success: reloaded. 
177791     INFO  main            d.u.i.k.p.r.p.TestFile    Now processing file /home/runner/work/key/key/key.core/../key.ui/examples/standard_key/prop_log/allClausesLength5.key 
177791     INFO  main            d.u.i.k.p.i.AbstractProblemLoader Loading environment from /home/runner/work/key/key/key.core/../key.ui/examples/standard_key/prop_log/allClausesLength5.key 
177792     DEBUG main            d.u.i.k.p.i.AbstractProblemLoader Environment load took 90.71ns 
177793     INFO  main            d.u.i.k.p.i.AbstractProblemLoader Creating init config 
180638     DEBUG main            d.u.i.k.p.i.AbstractProblemLoader Init config took 2.84s 
180655     INFO  main            d.u.i.k.p.i.AbstractProblemLoader Replaying proof allClausesLength5.key 
180656     DEBUG main            d.u.i.k.p.i.IntermediateProofReplayer Proof replay took 7.2ns 
180966     INFO  main            d.u.i.k.p.r.p.TestFile    ... finished proof: closed. 
181285     INFO  main            d.u.i.k.p.i.AbstractProblemLoader Loading environment from /home/runner/work/key/key/key.core/../key.ui/examples/standard_key/prop_log/allClausesLength5.key.proof 
181286     DEBUG main            d.u.i.k.p.i.AbstractProblemLoader Environment load took 376.73ns 
181288     INFO  main            d.u.i.k.p.i.AbstractProblemLoader Creating init config 
184005     DEBUG main            d.u.i.k.p.i.AbstractProblemLoader Init config took 2.72s 
184021     INFO  main            d.u.i.k.p.i.AbstractProblemLoader Replaying proof allClausesLength5.key.proof 
184062     DEBUG main            d.u.i.k.p.i.IntermediateProofReplayer Proof replay took 35.94ms 
184064     DEBUG main            d.u.i.k.p.r.p.TestFile    ... success: reloaded. 
184064     INFO  main            d.u.i.k.p.r.p.TestFile    Now processing file /home/runner/work/key/key/key.core/../key.ui/examples/standard_key/prop_log/doubleNeg.key 
184065     INFO  main            d.u.i.k.p.i.AbstractProblemLoader Loading environment from /home/runner/work/key/key/key.core/../key.ui/examples/standard_key/prop_log/doubleNeg.key 
184065     DEBUG main            d.u.i.k.p.i.AbstractProblemLoader Environment load took 94.21ns 
184066     INFO  main            d.u.i.k.p.i.AbstractProblemLoader Creating init config 
187059     DEBUG main            d.u.i.k.p.i.AbstractProblemLoader Init config took 2.99s 
187075     INFO  main            d.u.i.k.p.i.AbstractProblemLoader Replaying proof doubleNeg.key 
187076     DEBUG main            d.u.i.k.p.i.IntermediateProofReplayer Proof replay took 7.5ns 
187178     INFO  main            d.u.i.k.p.r.p.TestFile    ... finished proof: closed. 
187494     INFO  main            d.u.i.k.p.i.AbstractProblemLoader Loading environment from /home/runner/work/key/key/key.core/../key.ui/examples/standard_key/prop_log/doubleNeg.key.proof 
187494     DEBUG main            d.u.i.k.p.i.AbstractProblemLoader Environment load took 114.31ns 
187495     INFO  main            d.u.i.k.p.i.AbstractProblemLoader Creating init config 
190186     DEBUG main            d.u.i.k.p.i.AbstractProblemLoader Init config took 2.69s 
190202     INFO  main            d.u.i.k.p.i.AbstractProblemLoader Replaying proof doubleNeg.key.proof 
190204     DEBUG main            d.u.i.k.p.i.IntermediateProofReplayer Proof replay took 403.73ns 
190204     DEBUG main            d.u.i.k.p.r.p.TestFile    ... success: reloaded. 
190205     INFO  main            d.u.i.k.p.r.p.TestFile    Now processing file /home/runner/work/key/key/key.core/../key.ui/examples/standard_key/prop_log/liarsville.key 
190205     INFO  main            d.u.i.k.p.i.AbstractProblemLoader Loading environment from /home/runner/work/key/key/key.core/../key.ui/examples/standard_key/prop_log/liarsville.key 
190205     DEBUG main            d.u.i.k.p.i.AbstractProblemLoader Environment load took 94.41ns 
190206     INFO  main            d.u.i.k.p.i.AbstractProblemLoader Creating init config 
192944     DEBUG main            d.u.i.k.p.i.AbstractProblemLoader Init config took 2.74s 
192960     INFO  main            d.u.i.k.p.i.AbstractProblemLoader Replaying proof liarsville.key 
192961     DEBUG main            d.u.i.k.p.i.IntermediateProofReplayer Proof replay took 6.8ns 
193064     INFO  main            d.u.i.k.p.r.p.TestFile    ... finished proof: closed. 
193384     INFO  main            d.u.i.k.p.i.AbstractProblemLoader Loading environment from /home/runner/work/key/key/key.core/../key.ui/examples/standard_key/prop_log/liarsville.key.proof 
193384     DEBUG main            d.u.i.k.p.i.AbstractProblemLoader Environment load took 113.01ns 
193386     INFO  main            d.u.i.k.p.i.AbstractProblemLoader Creating init config 
196049     DEBUG main            d.u.i.k.p.i.AbstractProblemLoader Init config took 2.66s 
196064     INFO  main            d.u.i.k.p.i.AbstractProblemLoader Replaying proof liarsville.key.proof 
196066     DEBUG main            d.u.i.k.p.i.IntermediateProofReplayer Proof replay took 1.15ms 
196067     DEBUG main            d.u.i.k.p.r.p.TestFile    ... success: reloaded. 
196068     INFO  main            d.u.i.k.p.r.p.TestFile    Now processing file /home/runner/work/key/key/key.core/../key.ui/examples/standard_key/prop_log/simplest.key 
196068     INFO  main            d.u.i.k.p.i.AbstractProblemLoader Loading environment from /home/runner/work/key/key/key.core/../key.ui/examples/standard_key/prop_log/simplest.key 
196068     DEBUG main            d.u.i.k.p.i.AbstractProblemLoader Environment load took 82.91ns 
196069     INFO  main            d.u.i.k.p.i.AbstractProblemLoader Creating init config 
198807     DEBUG main            d.u.i.k.p.i.AbstractProblemLoader Init config took 2.74s 
198822     INFO  main            d.u.i.k.p.i.AbstractProblemLoader Replaying proof simplest.key 
198823     DEBUG main            d.u.i.k.p.i.IntermediateProofReplayer Proof replay took 7.6ns 
198925     INFO  main            d.u.i.k.p.r.p.TestFile    ... finished proof: closed. 
199245     INFO  main            d.u.i.k.p.i.AbstractProblemLoader Loading environment from /home/runner/work/key/key/key.core/../key.ui/examples/standard_key/prop_log/simplest.key.proof 
199245     DEBUG main            d.u.i.k.p.i.AbstractProblemLoader Environment load took 110.51ns 
199246     INFO  main            d.u.i.k.p.i.AbstractProblemLoader Creating init config 
201931     DEBUG main            d.u.i.k.p.i.AbstractProblemLoader Init config took 2.68s 
201946     INFO  main            d.u.i.k.p.i.AbstractProblemLoader Replaying proof simplest.key.proof 
201947     DEBUG main            d.u.i.k.p.i.IntermediateProofReplayer Proof replay took 99.21ns 
201948     DEBUG main            d.u.i.k.p.r.p.TestFile    ... success: reloaded. 
201949     INFO  main            d.u.i.k.p.r.p.TestFile    Now processing file /home/runner/work/key/key/key.core/../key.ui/examples/standard_key/prop_log/contraposition.key 
201949     INFO  main            d.u.i.k.p.i.AbstractProblemLoader Loading environment from /home/runner/work/key/key/key.core/../key.ui/examples/standard_key/prop_log/contraposition.key 
201949     DEBUG main            d.u.i.k.p.i.AbstractProblemLoader Environment load took 88.11ns 
201950     INFO  main            d.u.i.k.p.i.AbstractProblemLoader Creating init config 
204734     DEBUG main            d.u.i.k.p.i.AbstractProblemLoader Init config took 2.78s 
204750     INFO  main            d.u.i.k.p.i.AbstractProblemLoader Replaying proof contraposition.key 
204751     DEBUG main            d.u.i.k.p.i.IntermediateProofReplayer Proof replay took 7.3ns 
204853     INFO  main            d.u.i.k.p.r.p.TestFile    ... finished proof: closed. 
205189     INFO  main            d.u.i.k.p.i.AbstractProblemLoader Loading environment from /home/runner/work/key/key/key.core/../key.ui/examples/standard_key/prop_log/contraposition.key.proof 
205189     DEBUG main            d.u.i.k.p.i.AbstractProblemLoader Environment load took 115.81ns 
205190     INFO  main            d.u.i.k.p.i.AbstractProblemLoader Creating init config 
207870     DEBUG main            d.u.i.k.p.i.AbstractProblemLoader Init config took 2.68s 
207885     INFO  main            d.u.i.k.p.i.AbstractProblemLoader Replaying proof contraposition.key.proof 
207887     DEBUG main            d.u.i.k.p.i.IntermediateProofReplayer Proof replay took 481.43ns 
207889     DEBUG main            d.u.i.k.p.r.p.TestFile    ... success: reloaded. 
207889     INFO  main            d.u.i.k.p.r.p.TestFile    Now processing file /home/runner/work/key/key/key.core/../key.ui/examples/standard_key/quantifiers/elimination0.key 
207889     INFO  main            d.u.i.k.p.i.AbstractProblemLoader Loading environment from /home/runner/work/key/key/key.core/../key.ui/examples/standard_key/quantifiers/elimination0.key 
207889     DEBUG main            d.u.i.k.p.i.AbstractProblemLoader Environment load took 92.21ns 
207891     INFO  main            d.u.i.k.p.i.AbstractProblemLoader Creating init config 
210598     DEBUG main            d.u.i.k.p.i.AbstractProblemLoader Init config took 2.71s 
210636     INFO  main            d.u.i.k.p.i.AbstractProblemLoader Replaying proof elimination0.key 
210638     DEBUG main            d.u.i.k.p.i.IntermediateProofReplayer Proof replay took 7.5ns 
210740     INFO  main            d.u.i.k.p.r.p.TestFile    ... finished proof: closed. 
211071     INFO  main            d.u.i.k.p.i.AbstractProblemLoader Loading environment from /home/runner/work/key/key/key.core/../key.ui/examples/standard_key/quantifiers/elimination0.key.proof 
211071     DEBUG main            d.u.i.k.p.i.AbstractProblemLoader Environment load took 112.21ns 
211072     INFO  main            d.u.i.k.p.i.AbstractProblemLoader Creating init config 
213719     DEBUG main            d.u.i.k.p.i.AbstractProblemLoader Init config took 2.65s 
213736     INFO  main            d.u.i.k.p.i.AbstractProblemLoader Replaying proof elimination0.key.proof 
213739     DEBUG main            d.u.i.k.p.i.IntermediateProofReplayer Proof replay took 1.23ms 
213739     DEBUG main            d.u.i.k.p.r.p.TestFile    ... success: reloaded. 
213740     INFO  main            d.u.i.k.p.r.p.TestFile    Now processing file /home/runner/work/key/key/key.core/../key.ui/examples/standard_key/quantifiers/heuristic_PUZ001p1-eq.key 
213741     INFO  main            d.u.i.k.p.i.AbstractProblemLoader Loading environment from /home/runner/work/key/key/key.core/../key.ui/examples/standard_key/quantifiers/heuristic_PUZ001p1-eq.key 
213741     DEBUG main            d.u.i.k.p.i.AbstractProblemLoader Environment load took 107.81ns 
213742     INFO  main            d.u.i.k.p.i.AbstractProblemLoader Creating init config 
216473     DEBUG main            d.u.i.k.p.i.AbstractProblemLoader Init config took 2.73s 
216490     INFO  main            d.u.i.k.p.i.AbstractProblemLoader Replaying proof heuristic_PUZ001p1-eq.key 
216491     DEBUG main            d.u.i.k.p.i.IntermediateProofReplayer Proof replay took 7.7ns 
216595     INFO  main            d.u.i.k.p.r.p.TestFile    ... finished proof: closed. 
216947     INFO  main            d.u.i.k.p.i.AbstractProblemLoader Loading environment from /home/runner/work/key/key/key.core/../key.ui/examples/standard_key/quantifiers/heuristic_PUZ001p1-eq.key.proof 
216947     DEBUG main            d.u.i.k.p.i.AbstractProblemLoader Environment load took 110.91ns 
216949     INFO  main            d.u.i.k.p.i.AbstractProblemLoader Creating init config 
219655     DEBUG main            d.u.i.k.p.i.AbstractProblemLoader Init config took 2.71s 
219671     INFO  main            d.u.i.k.p.i.AbstractProblemLoader Replaying proof heuristic_PUZ001p1-eq.key.proof 
219683     DEBUG main            d.u.i.k.p.i.IntermediateProofReplayer Proof replay took 9.97ms 
219684     DEBUG main            d.u.i.k.p.r.p.TestFile    ... success: reloaded. 
219685     INFO  main            d.u.i.k.p.r.p.TestFile    Now processing file /home/runner/work/key/key/key.core/../key.ui/examples/standard_key/quantifiers/heuristic_PUZ001p1.key 
219685     INFO  main            d.u.i.k.p.i.AbstractProblemLoader Loading environment from /home/runner/work/key/key/key.core/../key.ui/examples/standard_key/quantifiers/heuristic_PUZ001p1.key 
219685     DEBUG main            d.u.i.k.p.i.AbstractProblemLoader Environment load took 117.91ns 
219687     INFO  main            d.u.i.k.p.i.AbstractProblemLoader Creating init config 
222422     DEBUG main            d.u.i.k.p.i.AbstractProblemLoader Init config took 2.73s 
222438     INFO  main            d.u.i.k.p.i.AbstractProblemLoader Replaying proof heuristic_PUZ001p1.key 
222440     DEBUG main            d.u.i.k.p.i.IntermediateProofReplayer Proof replay took 8.1ns 
223861     INFO  main            d.u.i.k.p.r.p.TestFile    ... finished proof: closed. 
224222     INFO  main            d.u.i.k.p.i.AbstractProblemLoader Loading environment from /home/runner/work/key/key/key.core/../key.ui/examples/standard_key/quantifiers/heuristic_PUZ001p1.key.proof 
224224     DEBUG main            d.u.i.k.p.i.AbstractProblemLoader Environment load took 1.95ms 
224226     INFO  main            d.u.i.k.p.i.AbstractProblemLoader Creating init config 
226901     DEBUG main            d.u.i.k.p.i.AbstractProblemLoader Init config took 2.67s 
226918     INFO  main            d.u.i.k.p.i.AbstractProblemLoader Replaying proof heuristic_PUZ001p1.key.proof 
226968     DEBUG main            d.u.i.k.p.i.IntermediateProofReplayer Proof replay took 46.17ms 
226970     DEBUG main            d.u.i.k.p.r.p.TestFile    ... success: reloaded. 
226971     INFO  main            d.u.i.k.p.r.p.TestFile    Now processing file /home/runner/work/key/key/key.core/../key.ui/examples/standard_key/quantifiers/heuristic_PUZ031p1.key 
226971     INFO  main            d.u.i.k.p.i.AbstractProblemLoader Loading environment from /home/runner/work/key/key/key.core/../key.ui/examples/standard_key/quantifiers/heuristic_PUZ031p1.key 
226972     DEBUG main            d.u.i.k.p.i.AbstractProblemLoader Environment load took 193.61ns 
226973     INFO  main            d.u.i.k.p.i.AbstractProblemLoader Creating init config 
229758     DEBUG main            d.u.i.k.p.i.AbstractProblemLoader Init config took 2.79s 
229775     INFO  main            d.u.i.k.p.i.AbstractProblemLoader Replaying proof heuristic_PUZ031p1.key 
229776     DEBUG main            d.u.i.k.p.i.IntermediateProofReplayer Proof replay took 7.4ns 
235397     INFO  main            d.u.i.k.p.r.p.TestFile    ... finished proof: closed. 
235810     INFO  main            d.u.i.k.p.i.AbstractProblemLoader Loading environment from /home/runner/work/key/key/key.core/../key.ui/examples/standard_key/quantifiers/heuristic_PUZ031p1.key.proof 
235812     DEBUG main            d.u.i.k.p.i.AbstractProblemLoader Environment load took 2.06ms 
235814     INFO  main            d.u.i.k.p.i.AbstractProblemLoader Creating init config 
238538     DEBUG main            d.u.i.k.p.i.AbstractProblemLoader Init config took 2.72s 
238559     INFO  main            d.u.i.k.p.i.AbstractProblemLoader Replaying proof heuristic_PUZ031p1.key.proof 
238615     DEBUG main            d.u.i.k.p.i.IntermediateProofReplayer Proof replay took 52.48ms 
238616     DEBUG main            d.u.i.k.p.r.p.TestFile    ... success: reloaded. 
238617     INFO  main            d.u.i.k.p.r.p.TestFile    Now processing file /home/runner/work/key/key/key.core/../key.ui/examples/standard_key/quantifiers/heuristic_SYN036p2.key 
238618     INFO  main            d.u.i.k.p.i.AbstractProblemLoader Loading environment from /home/runner/work/key/key/key.core/../key.ui/examples/standard_key/quantifiers/heuristic_SYN036p2.key 
238618     DEBUG main            d.u.i.k.p.i.AbstractProblemLoader Environment load took 94.51ns 
238619     INFO  main            d.u.i.k.p.i.AbstractProblemLoader Creating init config 
241310     DEBUG main            d.u.i.k.p.i.AbstractProblemLoader Init config took 2.69s 
241325     INFO  main            d.u.i.k.p.i.AbstractProblemLoader Replaying proof heuristic_SYN036p2.key 
241326     DEBUG main            d.u.i.k.p.i.IntermediateProofReplayer Proof replay took 7.8ns 
241535     INFO  main            d.u.i.k.p.r.p.TestFile    ... finished proof: closed. 
241957     INFO  main            d.u.i.k.p.i.AbstractProblemLoader Loading environment from /home/runner/work/key/key/key.core/../key.ui/examples/standard_key/quantifiers/heuristic_SYN036p2.key.proof 
241958     DEBUG main            d.u.i.k.p.i.AbstractProblemLoader Environment load took 385.52ns 
241959     INFO  main            d.u.i.k.p.i.AbstractProblemLoader Creating init config 
244825     DEBUG main            d.u.i.k.p.i.AbstractProblemLoader Init config took 2.87s 
244843     INFO  main            d.u.i.k.p.i.AbstractProblemLoader Replaying proof heuristic_SYN036p2.key.proof 
244928     DEBUG main            d.u.i.k.p.i.IntermediateProofReplayer Proof replay took 77.91ms 
244929     DEBUG main            d.u.i.k.p.r.p.TestFile    ... success: reloaded. 
244930     INFO  main            d.u.i.k.p.r.p.TestFile    Now processing file /home/runner/work/key/key/key.core/../key.ui/examples/standard_key/quantifiers/injectivity.key 
244930     INFO  main            d.u.i.k.p.i.AbstractProblemLoader Loading environment from /home/runner/work/key/key/key.core/../key.ui/examples/standard_key/quantifiers/injectivity.key 
244930     DEBUG main            d.u.i.k.p.i.AbstractProblemLoader Environment load took 92.91ns 
244931     INFO  main            d.u.i.k.p.i.AbstractProblemLoader Creating init config 
247685     DEBUG main            d.u.i.k.p.i.AbstractProblemLoader Init config took 2.75s 
247722     INFO  main            d.u.i.k.p.i.AbstractProblemLoader Replaying proof injectivity.key 
247723     DEBUG main            d.u.i.k.p.i.IntermediateProofReplayer Proof replay took 8.5ns 
247826     INFO  main            d.u.i.k.p.r.p.TestFile    ... finished proof: closed. 
248184     INFO  main            d.u.i.k.p.i.AbstractProblemLoader Loading environment from /home/runner/work/key/key/key.core/../key.ui/examples/standard_key/quantifiers/injectivity.key.proof 
248184     DEBUG main            d.u.i.k.p.i.AbstractProblemLoader Environment load took 107.71ns 
248185     INFO  main            d.u.i.k.p.i.AbstractProblemLoader Creating init config 
250833     DEBUG main            d.u.i.k.p.i.AbstractProblemLoader Init config took 2.65s 
250859     INFO  main            d.u.i.k.p.i.AbstractProblemLoader Replaying proof injectivity.key.proof 
250862     DEBUG main            d.u.i.k.p.i.IntermediateProofReplayer Proof replay took 1.73ms 
250862     DEBUG main            d.u.i.k.p.r.p.TestFile    ... success: reloaded. 
250863     INFO  main            d.u.i.k.p.r.p.TestFile    Now processing file /home/runner/work/key/key/key.core/../key.ui/examples/standard_key/quantifiers/normalisation0.key 
250863     INFO  main            d.u.i.k.p.i.AbstractProblemLoader Loading environment from /home/runner/work/key/key/key.core/../key.ui/examples/standard_key/quantifiers/normalisation0.key 
250863     DEBUG main            d.u.i.k.p.i.AbstractProblemLoader Environment load took 56.2ns 
250865     INFO  main            d.u.i.k.p.i.AbstractProblemLoader Creating init config 
253615     DEBUG main            d.u.i.k.p.i.AbstractProblemLoader Init config took 2.75s 
253631     INFO  main            d.u.i.k.p.i.AbstractProblemLoader Replaying proof normalisation0.key 
253632     DEBUG main            d.u.i.k.p.i.IntermediateProofReplayer Proof replay took 6.8ns 
253739     INFO  main            d.u.i.k.p.r.p.TestFile    ... finished proof: closed. 
254112     INFO  main            d.u.i.k.p.i.AbstractProblemLoader Loading environment from /home/runner/work/key/key/key.core/../key.ui/examples/standard_key/quantifiers/normalisation0.key.proof 
254112     DEBUG main            d.u.i.k.p.i.AbstractProblemLoader Environment load took 107.01ns 
254114     INFO  main            d.u.i.k.p.i.AbstractProblemLoader Creating init config 
256876     DEBUG main            d.u.i.k.p.i.AbstractProblemLoader Init config took 2.76s 
256892     INFO  main            d.u.i.k.p.i.AbstractProblemLoader Replaying proof normalisation0.key.proof 
256895     DEBUG main            d.u.i.k.p.i.IntermediateProofReplayer Proof replay took 2.25ms 
256896     DEBUG main            d.u.i.k.p.r.p.TestFile    ... success: reloaded. 
256897     INFO  main            d.u.i.k.p.r.p.TestFile    Now processing file /home/runner/work/key/key/key.core/../key.ui/examples/standard_key/quantifiers/normalisation1.key 
256897     INFO  main            d.u.i.k.p.i.AbstractProblemLoader Loading environment from /home/runner/work/key/key/key.core/../key.ui/examples/standard_key/quantifiers/normalisation1.key 
256897     DEBUG main            d.u.i.k.p.i.AbstractProblemLoader Environment load took 55ns 
256899     INFO  main            d.u.i.k.p.i.AbstractProblemLoader Creating init config 
259604     DEBUG main            d.u.i.k.p.i.AbstractProblemLoader Init config took 2.71s 
259623     INFO  main            d.u.i.k.p.i.AbstractProblemLoader Replaying proof normalisation1.key 
259624     DEBUG main            d.u.i.k.p.i.IntermediateProofReplayer Proof replay took 7.2ns 
259731     INFO  main            d.u.i.k.p.r.p.TestFile    ... finished proof: closed. 
260131     INFO  main            d.u.i.k.p.i.AbstractProblemLoader Loading environment from /home/runner/work/key/key/key.core/../key.ui/examples/standard_key/quantifiers/normalisation1.key.proof 
260131     DEBUG main            d.u.i.k.p.i.AbstractProblemLoader Environment load took 133.51ns 
260132     INFO  main            d.u.i.k.p.i.AbstractProblemLoader Creating init config 
262875     DEBUG main            d.u.i.k.p.i.AbstractProblemLoader Init config took 2.74s 
262893     INFO  main            d.u.i.k.p.i.AbstractProblemLoader Replaying proof normalisation1.key.proof 
262898     DEBUG main            d.u.i.k.p.i.IntermediateProofReplayer Proof replay took 2.87ms 
262899     DEBUG main            d.u.i.k.p.r.p.TestFile    ... success: reloaded. 
262899     INFO  main            d.u.i.k.p.r.p.TestFile    Now processing file /home/runner/work/key/key/key.core/../key.ui/examples/standard_key/quantifiers/normalisation2.key 
262900     INFO  main            d.u.i.k.p.i.AbstractProblemLoader Loading environment from /home/runner/work/key/key/key.core/../key.ui/examples/standard_key/quantifiers/normalisation2.key 
262900     DEBUG main            d.u.i.k.p.i.AbstractProblemLoader Environment load took 70.31ns 
262901     INFO  main            d.u.i.k.p.i.AbstractProblemLoader Creating init config 
265686     DEBUG main            d.u.i.k.p.i.AbstractProblemLoader Init config took 2.79s 
265701     INFO  main            d.u.i.k.p.i.AbstractProblemLoader Replaying proof normalisation2.key 
265703     DEBUG main            d.u.i.k.p.i.IntermediateProofReplayer Proof replay took 7.6ns 
265805     INFO  main            d.u.i.k.p.r.p.TestFile    ... finished proof: closed. 
266187     INFO  main            d.u.i.k.p.i.AbstractProblemLoader Loading environment from /home/runner/work/key/key/key.core/../key.ui/examples/standard_key/quantifiers/normalisation2.key.proof 
266187     DEBUG main            d.u.i.k.p.i.AbstractProblemLoader Environment load took 101.21ns 
266188     INFO  main            d.u.i.k.p.i.AbstractProblemLoader Creating init config 
268846     DEBUG main            d.u.i.k.p.i.AbstractProblemLoader Init config took 2.66s 
268863     INFO  main            d.u.i.k.p.i.AbstractProblemLoader Replaying proof normalisation2.key.proof 
268867     DEBUG main            d.u.i.k.p.i.IntermediateProofReplayer Proof replay took 2.41ms 
268867     DEBUG main            d.u.i.k.p.r.p.TestFile    ... success: reloaded. 
268868     INFO  main            d.u.i.k.p.r.p.TestFile    Now processing file /home/runner/work/key/key/key.core/../key.ui/examples/standard_key/quantifiers/normalisation3.key 
268869     INFO  main            d.u.i.k.p.i.AbstractProblemLoader Loading environment from /home/runner/work/key/key/key.core/../key.ui/examples/standard_key/quantifiers/normalisation3.key 
268869     DEBUG main            d.u.i.k.p.i.AbstractProblemLoader Environment load took 89ns 
268870     INFO  main            d.u.i.k.p.i.AbstractProblemLoader Creating init config 
271567     DEBUG main            d.u.i.k.p.i.AbstractProblemLoader Init config took 2.7s 
271583     INFO  main            d.u.i.k.p.i.AbstractProblemLoader Replaying proof normalisation3.key 
271585     DEBUG main            d.u.i.k.p.i.IntermediateProofReplayer Proof replay took 8ns 
271687     INFO  main            d.u.i.k.p.r.p.TestFile    ... finished proof: closed. 
272082     INFO  main            d.u.i.k.p.i.AbstractProblemLoader Loading environment from /home/runner/work/key/key/key.core/../key.ui/examples/standard_key/quantifiers/normalisation3.key.proof 
272083     DEBUG main            d.u.i.k.p.i.AbstractProblemLoader Environment load took 102.01ns 
272084     INFO  main            d.u.i.k.p.i.AbstractProblemLoader Creating init config 
274778     DEBUG main            d.u.i.k.p.i.AbstractProblemLoader Init config took 2.69s 
274795     INFO  main            d.u.i.k.p.i.AbstractProblemLoader Replaying proof normalisation3.key.proof 
274799     DEBUG main            d.u.i.k.p.i.IntermediateProofReplayer Proof replay took 2.77ms 
274800     DEBUG main            d.u.i.k.p.r.p.TestFile    ... success: reloaded. 
274801     INFO  main            d.u.i.k.p.r.p.TestFile    Now processing file /home/runner/work/key/key/key.core/../key.ui/examples/standard_key/quantifiers/normalisation4.key 
274802     INFO  main            d.u.i.k.p.i.AbstractProblemLoader Loading environment from /home/runner/work/key/key/key.core/../key.ui/examples/standard_key/quantifiers/normalisation4.key 
274802     DEBUG main            d.u.i.k.p.i.AbstractProblemLoader Environment load took 192.91ns 
274803     INFO  main            d.u.i.k.p.i.AbstractProblemLoader Creating init config 
277555     DEBUG main            d.u.i.k.p.i.AbstractProblemLoader Init config took 2.75s 
277570     INFO  main            d.u.i.k.p.i.AbstractProblemLoader Replaying proof normalisation4.key 
277572     DEBUG main            d.u.i.k.p.i.IntermediateProofReplayer Proof replay took 9.5ns 
277674     INFO  main            d.u.i.k.p.r.p.TestFile    ... finished proof: closed. 
278097     INFO  main            d.u.i.k.p.i.AbstractProblemLoader Loading environment from /home/runner/work/key/key/key.core/../key.ui/examples/standard_key/quantifiers/normalisation4.key.proof 
278097     DEBUG main            d.u.i.k.p.i.AbstractProblemLoader Environment load took 107.61ns 
278098     INFO  main            d.u.i.k.p.i.AbstractProblemLoader Creating init config 
280797     DEBUG main            d.u.i.k.p.i.AbstractProblemLoader Init config took 2.7s 
280813     INFO  main            d.u.i.k.p.i.AbstractProblemLoader Replaying proof normalisation4.key.proof 
280819     DEBUG main            d.u.i.k.p.i.IntermediateProofReplayer Proof replay took 5.01ms 
280820     DEBUG main            d.u.i.k.p.r.p.TestFile    ... success: reloaded. 
280821     INFO  main            d.u.i.k.p.r.p.TestFile    Now processing file /home/runner/work/key/key/key.core/../key.ui/examples/standard_key/quantifiers/normalisation5.key 
280821     INFO  main            d.u.i.k.p.i.AbstractProblemLoader Loading environment from /home/runner/work/key/key/key.core/../key.ui/examples/standard_key/quantifiers/normalisation5.key 
280821     DEBUG main            d.u.i.k.p.i.AbstractProblemLoader Environment load took 94.31ns 
280822     INFO  main            d.u.i.k.p.i.AbstractProblemLoader Creating init config 
283514     DEBUG main            d.u.i.k.p.i.AbstractProblemLoader Init config took 2.69s 
283529     INFO  main            d.u.i.k.p.i.AbstractProblemLoader Replaying proof normalisation5.key 
283530     DEBUG main            d.u.i.k.p.i.IntermediateProofReplayer Proof replay took 7.4ns 
283632     INFO  main            d.u.i.k.p.r.p.TestFile    ... finished proof: closed. 
284190     INFO  main            d.u.i.k.p.i.AbstractProblemLoader Loading environment from /home/runner/work/key/key/key.core/../key.ui/examples/standard_key/quantifiers/normalisation5.key.proof 
284191     DEBUG main            d.u.i.k.p.i.AbstractProblemLoader Environment load took 104.51ns 
284192     INFO  main            d.u.i.k.p.i.AbstractProblemLoader Creating init config 
286956     DEBUG main            d.u.i.k.p.i.AbstractProblemLoader Init config took 2.76s 
286971     INFO  main            d.u.i.k.p.i.AbstractProblemLoader Replaying proof normalisation5.key.proof 
286976     DEBUG main            d.u.i.k.p.i.IntermediateProofReplayer Proof replay took 4.1ms 
286977     DEBUG main            d.u.i.k.p.r.p.TestFile    ... success: reloaded. 
286978     INFO  main            d.u.i.k.p.r.p.TestFile    Now processing file /home/runner/work/key/key/key.core/../key.ui/examples/standard_key/quantifiers/normalisation6.key 
286978     INFO  main            d.u.i.k.p.i.AbstractProblemLoader Loading environment from /home/runner/work/key/key/key.core/../key.ui/examples/standard_key/quantifiers/normalisation6.key 
286978     DEBUG main            d.u.i.k.p.i.AbstractProblemLoader Environment load took 96.91ns 
286979     INFO  main            d.u.i.k.p.i.AbstractProblemLoader Creating init config 
289711     DEBUG main            d.u.i.k.p.i.AbstractProblemLoader Init config took 2.73s 
289726     INFO  main            d.u.i.k.p.i.AbstractProblemLoader Replaying proof normalisation6.key 
289728     DEBUG main            d.u.i.k.p.i.IntermediateProofReplayer Proof replay took 8.9ns 
289830     INFO  main            d.u.i.k.p.r.p.TestFile    ... finished proof: closed. 
290250     INFO  main            d.u.i.k.p.i.AbstractProblemLoader Loading environment from /home/runner/work/key/key/key.core/../key.ui/examples/standard_key/quantifiers/normalisation6.key.proof 
290250     DEBUG main            d.u.i.k.p.i.AbstractProblemLoader Environment load took 105.21ns 
290251     INFO  main            d.u.i.k.p.i.AbstractProblemLoader Creating init config 
293046     DEBUG main            d.u.i.k.p.i.AbstractProblemLoader Init config took 2.79s 
293062     INFO  main            d.u.i.k.p.i.AbstractProblemLoader Replaying proof normalisation6.key.proof 
293066     DEBUG main            d.u.i.k.p.i.IntermediateProofReplayer Proof replay took 2.43ms 
293067     DEBUG main            d.u.i.k.p.r.p.TestFile    ... success: reloaded. 
293068     INFO  main            d.u.i.k.p.r.p.TestFile    Now processing file /home/runner/work/key/key/key.core/../key.ui/examples/standard_key/quantifiers/normalisation7.key 
293068     INFO  main            d.u.i.k.p.i.AbstractProblemLoader Loading environment from /home/runner/work/key/key/key.core/../key.ui/examples/standard_key/quantifiers/normalisation7.key 
293068     DEBUG main            d.u.i.k.p.i.AbstractProblemLoader Environment load took 81.81ns 
293069     INFO  main            d.u.i.k.p.i.AbstractProblemLoader Creating init config 
295855     DEBUG main            d.u.i.k.p.i.AbstractProblemLoader Init config took 2.79s 
295870     INFO  main            d.u.i.k.p.i.AbstractProblemLoader Replaying proof normalisation7.key 
295871     DEBUG main            d.u.i.k.p.i.IntermediateProofReplayer Proof replay took 7.2ns 
295974     INFO  main            d.u.i.k.p.r.p.TestFile    ... finished proof: closed. 
296412     INFO  main            d.u.i.k.p.i.AbstractProblemLoader Loading environment from /home/runner/work/key/key/key.core/../key.ui/examples/standard_key/quantifiers/normalisation7.key.proof 
296412     DEBUG main            d.u.i.k.p.i.AbstractProblemLoader Environment load took 132.31ns 
296413     INFO  main            d.u.i.k.p.i.AbstractProblemLoader Creating init config 
299117     DEBUG main            d.u.i.k.p.i.AbstractProblemLoader Init config took 2.7s 
299132     INFO  main            d.u.i.k.p.i.AbstractProblemLoader Replaying proof normalisation7.key.proof 
299136     DEBUG main            d.u.i.k.p.i.IntermediateProofReplayer Proof replay took 2.12ms 
299137     DEBUG main            d.u.i.k.p.r.p.TestFile    ... success: reloaded. 
299138     INFO  main            d.u.i.k.p.r.p.TestFile    Now processing file /home/runner/work/key/key/key.core/../key.ui/examples/standard_key/quantifiers/normalisation8.key 
299138     INFO  main            d.u.i.k.p.i.AbstractProblemLoader Loading environment from /home/runner/work/key/key/key.core/../key.ui/examples/standard_key/quantifiers/normalisation8.key 
299138     DEBUG main            d.u.i.k.p.i.AbstractProblemLoader Environment load took 85.7ns 
299139     INFO  main            d.u.i.k.p.i.AbstractProblemLoader Creating init config 
301871     DEBUG main            d.u.i.k.p.i.AbstractProblemLoader Init config took 2.73s 
301887     INFO  main            d.u.i.k.p.i.AbstractProblemLoader Replaying proof normalisation8.key 
301889     DEBUG main            d.u.i.k.p.i.IntermediateProofReplayer Proof replay took 7.1ns 
301994     INFO  main            d.u.i.k.p.r.p.TestFile    ... finished proof: closed. 
302429     INFO  main            d.u.i.k.p.i.AbstractProblemLoader Loading environment from /home/runner/work/key/key/key.core/../key.ui/examples/standard_key/quantifiers/normalisation8.key.proof 
302429     DEBUG main            d.u.i.k.p.i.AbstractProblemLoader Environment load took 101.71ns 
302430     INFO  main            d.u.i.k.p.i.AbstractProblemLoader Creating init config 
305198     DEBUG main            d.u.i.k.p.i.AbstractProblemLoader Init config took 2.77s 
305214     INFO  main            d.u.i.k.p.i.AbstractProblemLoader Replaying proof normalisation8.key.proof 
305223     DEBUG main            d.u.i.k.p.i.IntermediateProofReplayer Proof replay took 8.2ms 
305224     DEBUG main            d.u.i.k.p.r.p.TestFile    ... success: reloaded. 
305233     INFO  main            d.u.i.k.p.r.p.TestFile    Now processing file /home/runner/work/key/key/key.core/../key.ui/examples/standard_key/quantifiers/normalisation9.key 
305234     INFO  main            d.u.i.k.p.i.AbstractProblemLoader Loading environment from /home/runner/work/key/key/key.core/../key.ui/examples/standard_key/quantifiers/normalisation9.key 
305235     DEBUG main            d.u.i.k.p.i.AbstractProblemLoader Environment load took 669.94ns 
305238     INFO  main            d.u.i.k.p.i.AbstractProblemLoader Creating init config 
308060     DEBUG main            d.u.i.k.p.i.AbstractProblemLoader Init config took 2.82s 
308075     INFO  main            d.u.i.k.p.i.AbstractProblemLoader Replaying proof normalisation9.key 
308076     DEBUG main            d.u.i.k.p.i.IntermediateProofReplayer Proof replay took 7.7ns 
308179     INFO  main            d.u.i.k.p.r.p.TestFile    ... finished proof: closed. 
308603     INFO  main            d.u.i.k.p.i.AbstractProblemLoader Loading environment from /home/runner/work/key/key/key.core/../key.ui/examples/standard_key/quantifiers/normalisation9.key.proof 
308603     DEBUG main            d.u.i.k.p.i.AbstractProblemLoader Environment load took 98.21ns 
308604     INFO  main            d.u.i.k.p.i.AbstractProblemLoader Creating init config 
311351     DEBUG main            d.u.i.k.p.i.AbstractProblemLoader Init config took 2.75s 
311372     INFO  main            d.u.i.k.p.i.AbstractProblemLoader Replaying proof normalisation9.key.proof 
311383     DEBUG main            d.u.i.k.p.i.IntermediateProofReplayer Proof replay took 8.07ms 
311384     DEBUG main            d.u.i.k.p.r.p.TestFile    ... success: reloaded. 
311385     INFO  main            d.u.i.k.p.r.p.TestFile    Now processing file /home/runner/work/key/key/key.core/../key.ui/examples/standard_key/quantifiers/normalisation10.key 
311385     INFO  main            d.u.i.k.p.i.AbstractProblemLoader Loading environment from /home/runner/work/key/key/key.core/../key.ui/examples/standard_key/quantifiers/normalisation10.key 
311385     DEBUG main            d.u.i.k.p.i.AbstractProblemLoader Environment load took 137.71ns 
311387     INFO  main            d.u.i.k.p.i.AbstractProblemLoader Creating init config 
314111     DEBUG main            d.u.i.k.p.i.AbstractProblemLoader Init config took 2.72s 
314126     INFO  main            d.u.i.k.p.i.AbstractProblemLoader Replaying proof normalisation10.key 
314128     DEBUG main            d.u.i.k.p.i.IntermediateProofReplayer Proof replay took 8.2ns 
314231     INFO  main            d.u.i.k.p.r.p.TestFile    ... finished proof: closed. 
314684     INFO  main            d.u.i.k.p.i.AbstractProblemLoader Loading environment from /home/runner/work/key/key/key.core/../key.ui/examples/standard_key/quantifiers/normalisation10.key.proof 
314684     DEBUG main            d.u.i.k.p.i.AbstractProblemLoader Environment load took 128.21ns 
314685     INFO  main            d.u.i.k.p.i.AbstractProblemLoader Creating init config 
317342     DEBUG main            d.u.i.k.p.i.AbstractProblemLoader Init config took 2.66s 
317358     INFO  main            d.u.i.k.p.i.AbstractProblemLoader Replaying proof normalisation10.key.proof 
317365     DEBUG main            d.u.i.k.p.i.IntermediateProofReplayer Proof replay took 5.15ms 
317366     DEBUG main            d.u.i.k.p.r.p.TestFile    ... success: reloaded. 
317367     INFO  main            d.u.i.k.p.r.p.TestFile    Now processing file /home/runner/work/key/key/key.core/../key.ui/examples/standard_key/quantifiers/normalisation12.key 
317367     INFO  main            d.u.i.k.p.i.AbstractProblemLoader Loading environment from /home/runner/work/key/key/key.core/../key.ui/examples/standard_key/quantifiers/normalisation12.key 
317367     DEBUG main            d.u.i.k.p.i.AbstractProblemLoader Environment load took 88.81ns 
317368     INFO  main            d.u.i.k.p.i.AbstractProblemLoader Creating init config 
320161     DEBUG main            d.u.i.k.p.i.AbstractProblemLoader Init config took 2.79s 
320177     INFO  main            d.u.i.k.p.i.AbstractProblemLoader Replaying proof normalisation12.key 
320178     DEBUG main            d.u.i.k.p.i.IntermediateProofReplayer Proof replay took 7.9ns 
320281     INFO  main            d.u.i.k.p.r.p.TestFile    ... finished proof: closed. 
320736     INFO  main            d.u.i.k.p.i.AbstractProblemLoader Loading environment from /home/runner/work/key/key/key.core/../key.ui/examples/standard_key/quantifiers/normalisation12.key.proof 
320736     DEBUG main            d.u.i.k.p.i.AbstractProblemLoader Environment load took 102.21ns 
320737     INFO  main            d.u.i.k.p.i.AbstractProblemLoader Creating init config 
323419     DEBUG main            d.u.i.k.p.i.AbstractProblemLoader Init config took 2.68s 
323435     INFO  main            d.u.i.k.p.i.AbstractProblemLoader Replaying proof normalisation12.key.proof 
323439     DEBUG main            d.u.i.k.p.i.IntermediateProofReplayer Proof replay took 1.29ms 
323440     DEBUG main            d.u.i.k.p.r.p.TestFile    ... success: reloaded. 
323441     INFO  main            d.u.i.k.p.r.p.TestFile    Now processing file /home/runner/work/key/key/key.core/../key.ui/examples/standard_key/quantifiers/normalisation13.key 
323441     INFO  main            d.u.i.k.p.i.AbstractProblemLoader Loading environment from /home/runner/work/key/key/key.core/../key.ui/examples/standard_key/quantifiers/normalisation13.key 
323441     DEBUG main            d.u.i.k.p.i.AbstractProblemLoader Environment load took 52.8ns 
323442     INFO  main            d.u.i.k.p.i.AbstractProblemLoader Creating init config 
326255     DEBUG main            d.u.i.k.p.i.AbstractProblemLoader Init config took 2.81s 
326270     INFO  main            d.u.i.k.p.i.AbstractProblemLoader Replaying proof normalisation13.key 
326272     DEBUG main            d.u.i.k.p.i.IntermediateProofReplayer Proof replay took 7.8ns 
326377     INFO  main            d.u.i.k.p.r.p.TestFile    ... finished proof: closed. 
326830     INFO  main            d.u.i.k.p.i.AbstractProblemLoader Loading environment from /home/runner/work/key/key/key.core/../key.ui/examples/standard_key/quantifiers/normalisation13.key.proof 
326830     DEBUG main            d.u.i.k.p.i.AbstractProblemLoader Environment load took 98.21ns 
326831     INFO  main            d.u.i.k.p.i.AbstractProblemLoader Creating init config 
329598     DEBUG main            d.u.i.k.p.i.AbstractProblemLoader Init config took 2.77s 
329614     INFO  main            d.u.i.k.p.i.AbstractProblemLoader Replaying proof normalisation13.key.proof 
329616     DEBUG main            d.u.i.k.p.i.IntermediateProofReplayer Proof replay took 589.34ns 
329616     DEBUG main            d.u.i.k.p.r.p.TestFile    ... success: reloaded. 
329617     INFO  main            d.u.i.k.p.r.p.TestFile    Now processing file /home/runner/work/key/key/key.core/../key.ui/examples/standard_key/quantifiers/triggers0.key 
329617     INFO  main            d.u.i.k.p.i.AbstractProblemLoader Loading environment from /home/runner/work/key/key/key.core/../key.ui/examples/standard_key/quantifiers/triggers0.key 
329617     DEBUG main            d.u.i.k.p.i.AbstractProblemLoader Environment load took 53.5ns 
329618     INFO  main            d.u.i.k.p.i.AbstractProblemLoader Creating init config 
332415     DEBUG main            d.u.i.k.p.i.AbstractProblemLoader Init config took 2.8s 
332430     INFO  main            d.u.i.k.p.i.AbstractProblemLoader Replaying proof triggers0.key 
332432     DEBUG main            d.u.i.k.p.i.IntermediateProofReplayer Proof replay took 8.7ns 
332534     INFO  main            d.u.i.k.p.r.p.TestFile    ... finished proof: closed. 
333005     INFO  main            d.u.i.k.p.i.AbstractProblemLoader Loading environment from /home/runner/work/key/key/key.core/../key.ui/examples/standard_key/quantifiers/triggers0.key.proof 
333006     DEBUG main            d.u.i.k.p.i.AbstractProblemLoader Environment load took 112.71ns 
333007     INFO  main            d.u.i.k.p.i.AbstractProblemLoader Creating init config 
335719     DEBUG main            d.u.i.k.p.i.AbstractProblemLoader Init config took 2.71s 
335734     INFO  main            d.u.i.k.p.i.AbstractProblemLoader Replaying proof triggers0.key.proof 
335737     DEBUG main            d.u.i.k.p.i.IntermediateProofReplayer Proof replay took 1.7ms 
335738     DEBUG main            d.u.i.k.p.r.p.TestFile    ... success: reloaded. 
4635387    INFO  Test worker     d.u.i.k.p.r.RunAllProofsTestUnit Returning from test FOL 
4635389    INFO  Test worker     d.u.i.k.p.r.RunAllProofsTestUnit Running test strings 
399        INFO  Timeout watchdog d.u.i.k.p.r.p.ForkedTestFileRunner Timeout watcher launched (2000 secs.) 
411        WARN  main            d.u.i.k.s.ProofSettings   The settings in /home/runner/.key/proof-settings.props are *not* read. 
453        INFO  main            d.u.i.k.p.r.p.TestFile    Now processing file /home/runner/work/key/key/key.core/../key.ui/examples/standard_key/strings/charAt0.key 
601        INFO  main            d.u.i.k.p.i.AbstractProblemLoader Loading environment from /home/runner/work/key/key/key.core/../key.ui/examples/standard_key/strings/charAt0.key 
625        DEBUG main            d.u.i.k.p.i.AbstractProblemLoader Environment load took 2.45ms 
977        INFO  main            d.u.i.k.p.i.AbstractProblemLoader Creating init config 
1999       DEBUG main            d.u.i.k.j.TypeConverter   No LDT found for Meta 
2000       DEBUG main            d.u.i.k.j.TypeConverter   No LDT found for Meta 
2002       DEBUG main            d.u.i.k.j.TypeConverter   No LDT found for Meta 
2002       DEBUG main            d.u.i.k.j.TypeConverter   No LDT found for Meta 
3842       DEBUG main            d.u.i.k.j.TypeConverter   No LDT found for JavaBigintExpression 
9421       DEBUG main            d.u.i.k.p.i.AbstractProblemLoader Init config took 8.44s 
9496       INFO  main            d.u.i.k.p.i.AbstractProblemLoader Replaying proof charAt0.key 
9534       DEBUG main            d.u.i.k.p.i.IntermediateProofReplayer Proof replay took 41.2ns 
9923       INFO  main            d.u.i.k.p.r.p.TestFile    ... finished proof: closed. 
10053      INFO  main            d.u.i.k.p.i.AbstractProblemLoader Loading environment from /home/runner/work/key/key/key.core/../key.ui/examples/standard_key/strings/charAt0.key.proof 
10054      DEBUG main            d.u.i.k.p.i.AbstractProblemLoader Environment load took 463.73ns 
10058      INFO  main            d.u.i.k.p.i.AbstractProblemLoader Creating init config 
13105      DEBUG main            d.u.i.k.p.i.AbstractProblemLoader Init config took 3.05s 
13161      INFO  main            d.u.i.k.p.i.AbstractProblemLoader Replaying proof charAt0.key.proof 
13210      DEBUG main            d.u.i.k.p.i.IntermediateProofReplayer Proof replay took 40.06ms 
13232      DEBUG main            d.u.i.k.p.r.p.TestFile    ... success: reloaded. 
13235      INFO  main            d.u.i.k.p.r.p.TestFile    Now processing file /home/runner/work/key/key/key.core/../key.ui/examples/standard_key/strings/charAt1.key 
13235      INFO  main            d.u.i.k.p.i.AbstractProblemLoader Loading environment from /home/runner/work/key/key/key.core/../key.ui/examples/standard_key/strings/charAt1.key 
13235      DEBUG main            d.u.i.k.p.i.AbstractProblemLoader Environment load took 265.02ns 
13241      INFO  main            d.u.i.k.p.i.AbstractProblemLoader Creating init config 
16273      DEBUG main            d.u.i.k.p.i.AbstractProblemLoader Init config took 3.03s 
16304      INFO  main            d.u.i.k.p.i.AbstractProblemLoader Replaying proof charAt1.key 
16306      DEBUG main            d.u.i.k.p.i.IntermediateProofReplayer Proof replay took 8ns 
16512      INFO  main            d.u.i.k.p.r.p.TestFile    ... finished proof: closed. 
16661      INFO  main            d.u.i.k.p.i.AbstractProblemLoader Loading environment from /home/runner/work/key/key/key.core/../key.ui/examples/standard_key/strings/charAt1.key.proof 
16662      DEBUG main            d.u.i.k.p.i.AbstractProblemLoader Environment load took 519.83ns 
16663      INFO  main            d.u.i.k.p.i.AbstractProblemLoader Creating init config 
19682      DEBUG main            d.u.i.k.p.i.AbstractProblemLoader Init config took 3.02s 
19707      INFO  main            d.u.i.k.p.i.AbstractProblemLoader Replaying proof charAt1.key.proof 
19756      DEBUG main            d.u.i.k.p.i.IntermediateProofReplayer Proof replay took 45.8ms 
19759      DEBUG main            d.u.i.k.p.r.p.TestFile    ... success: reloaded. 
19761      INFO  main            d.u.i.k.p.r.p.TestFile    Now processing file /home/runner/work/key/key/key.core/../key.ui/examples/standard_key/strings/concat1.key 
19761      INFO  main            d.u.i.k.p.i.AbstractProblemLoader Loading environment from /home/runner/work/key/key/key.core/../key.ui/examples/standard_key/strings/concat1.key 
19761      DEBUG main            d.u.i.k.p.i.AbstractProblemLoader Environment load took 232.91ns 
19764      INFO  main            d.u.i.k.p.i.AbstractProblemLoader Creating init config 
22727      DEBUG main            d.u.i.k.p.i.AbstractProblemLoader Init config took 2.96s 
22751      INFO  main            d.u.i.k.p.i.AbstractProblemLoader Replaying proof concat1.key 
22753      DEBUG main            d.u.i.k.p.i.IntermediateProofReplayer Proof replay took 6.6ns 
22855      INFO  main            d.u.i.k.p.r.p.TestFile    ... finished proof: closed. 
23013      INFO  main            d.u.i.k.p.i.AbstractProblemLoader Loading environment from /home/runner/work/key/key/key.core/../key.ui/examples/standard_key/strings/concat1.key.proof 
23013      DEBUG main            d.u.i.k.p.i.AbstractProblemLoader Environment load took 138.8ns 
23014      INFO  main            d.u.i.k.p.i.AbstractProblemLoader Creating init config 
25888      DEBUG main            d.u.i.k.p.i.AbstractProblemLoader Init config took 2.87s 
25911      INFO  main            d.u.i.k.p.i.AbstractProblemLoader Replaying proof concat1.key.proof 
25915      DEBUG main            d.u.i.k.p.i.IntermediateProofReplayer Proof replay took 1.56ms 
25916      DEBUG main            d.u.i.k.p.r.p.TestFile    ... success: reloaded. 
25917      INFO  main            d.u.i.k.p.r.p.TestFile    Now processing file /home/runner/work/key/key/key.core/../key.ui/examples/standard_key/strings/concat2.key 
25917      INFO  main            d.u.i.k.p.i.AbstractProblemLoader Loading environment from /home/runner/work/key/key/key.core/../key.ui/examples/standard_key/strings/concat2.key 
25917      DEBUG main            d.u.i.k.p.i.AbstractProblemLoader Environment load took 207.91ns 
25919      INFO  main            d.u.i.k.p.i.AbstractProblemLoader Creating init config 
28730      DEBUG main            d.u.i.k.p.i.AbstractProblemLoader Init config took 2.81s 
28753      INFO  main            d.u.i.k.p.i.AbstractProblemLoader Replaying proof concat2.key 
28755      DEBUG main            d.u.i.k.p.i.IntermediateProofReplayer Proof replay took 6.7ns 
28858      INFO  main            d.u.i.k.p.r.p.TestFile    ... finished proof: closed. 
29034      INFO  main            d.u.i.k.p.i.AbstractProblemLoader Loading environment from /home/runner/work/key/key/key.core/../key.ui/examples/standard_key/strings/concat2.key.proof 
29034      DEBUG main            d.u.i.k.p.i.AbstractProblemLoader Environment load took 141.41ns 
29036      INFO  main            d.u.i.k.p.i.AbstractProblemLoader Creating init config 
31829      DEBUG main            d.u.i.k.p.i.AbstractProblemLoader Init config took 2.79s 
31854      INFO  main            d.u.i.k.p.i.AbstractProblemLoader Replaying proof concat2.key.proof 
31868      DEBUG main            d.u.i.k.p.i.IntermediateProofReplayer Proof replay took 11.3ms 
31869      DEBUG main            d.u.i.k.p.r.p.TestFile    ... success: reloaded. 
31870      INFO  main            d.u.i.k.p.r.p.TestFile    Now processing file /home/runner/work/key/key/key.core/../key.ui/examples/standard_key/strings/deriveLength1.key 
31870      INFO  main            d.u.i.k.p.i.AbstractProblemLoader Loading environment from /home/runner/work/key/key/key.core/../key.ui/examples/standard_key/strings/deriveLength1.key 
31871      DEBUG main            d.u.i.k.p.i.AbstractProblemLoader Environment load took 217.31ns 
31872      INFO  main            d.u.i.k.p.i.AbstractProblemLoader Creating init config 
34726      DEBUG main            d.u.i.k.p.i.AbstractProblemLoader Init config took 2.85s 
34757      INFO  main            d.u.i.k.p.i.AbstractProblemLoader Replaying proof deriveLength1.key 
34760      DEBUG main            d.u.i.k.p.i.IntermediateProofReplayer Proof replay took 7.2ns 
34868      INFO  main            d.u.i.k.p.r.p.TestFile    ... finished proof: closed. 
35046      INFO  main            d.u.i.k.p.i.AbstractProblemLoader Loading environment from /home/runner/work/key/key/key.core/../key.ui/examples/standard_key/strings/deriveLength1.key.proof 
35047      DEBUG main            d.u.i.k.p.i.AbstractProblemLoader Environment load took 880.45ns 
35049      INFO  main            d.u.i.k.p.i.AbstractProblemLoader Creating init config 
37851      DEBUG main            d.u.i.k.p.i.AbstractProblemLoader Init config took 2.8s 
37877      INFO  main            d.u.i.k.p.i.AbstractProblemLoader Replaying proof deriveLength1.key.proof 
37906      DEBUG main            d.u.i.k.p.i.IntermediateProofReplayer Proof replay took 24.97ms 
37908      DEBUG main            d.u.i.k.p.r.p.TestFile    ... success: reloaded. 
37909      INFO  main            d.u.i.k.p.r.p.TestFile    Now processing file /home/runner/work/key/key/key.core/../key.ui/examples/standard_key/strings/emptyStringLengthZero.key 
37909      INFO  main            d.u.i.k.p.i.AbstractProblemLoader Loading environment from /home/runner/work/key/key/key.core/../key.ui/examples/standard_key/strings/emptyStringLengthZero.key 
37910      DEBUG main            d.u.i.k.p.i.AbstractProblemLoader Environment load took 139.11ns 
37911      INFO  main            d.u.i.k.p.i.AbstractProblemLoader Creating init config 
40803      DEBUG main            d.u.i.k.p.i.AbstractProblemLoader Init config took 2.89s 
40824      INFO  main            d.u.i.k.p.i.AbstractProblemLoader Replaying proof emptyStringLengthZero.key 
40825      DEBUG main            d.u.i.k.p.i.IntermediateProofReplayer Proof replay took 7.4ns 
40929      INFO  main            d.u.i.k.p.r.p.TestFile    ... finished proof: closed. 
41114      INFO  main            d.u.i.k.p.i.AbstractProblemLoader Loading environment from /home/runner/work/key/key/key.core/../key.ui/examples/standard_key/strings/emptyStringLengthZero.key.proof 
41114      DEBUG main            d.u.i.k.p.i.AbstractProblemLoader Environment load took 134.51ns 
41115      INFO  main            d.u.i.k.p.i.AbstractProblemLoader Creating init config 
43884      DEBUG main            d.u.i.k.p.i.AbstractProblemLoader Init config took 2.77s 
43904      INFO  main            d.u.i.k.p.i.AbstractProblemLoader Replaying proof emptyStringLengthZero.key.proof 
43914      DEBUG main            d.u.i.k.p.i.IntermediateProofReplayer Proof replay took 8.12ms 
43918      DEBUG main            d.u.i.k.p.r.p.TestFile    ... success: reloaded. 
43919      INFO  main            d.u.i.k.p.r.p.TestFile    Now processing file /home/runner/work/key/key/key.core/../key.ui/examples/standard_key/strings/implicitBooleanStringConversion.key 
43920      INFO  main            d.u.i.k.p.i.AbstractProblemLoader Loading environment from /home/runner/work/key/key/key.core/../key.ui/examples/standard_key/strings/implicitBooleanStringConversion.key 
43920      DEBUG main            d.u.i.k.p.i.AbstractProblemLoader Environment load took 234.61ns 
43921      INFO  main            d.u.i.k.p.i.AbstractProblemLoader Creating init config 
46705      DEBUG main            d.u.i.k.p.i.AbstractProblemLoader Init config took 2.78s 
46728      INFO  main            d.u.i.k.p.i.AbstractProblemLoader Replaying proof implicitBooleanStringConversion.key 
46730      DEBUG main            d.u.i.k.p.i.IntermediateProofReplayer Proof replay took 7.9ns 
47743      INFO  main            d.u.i.k.p.r.p.TestFile    ... finished proof: closed. 
47983      INFO  main            d.u.i.k.p.i.AbstractProblemLoader Loading environment from /home/runner/work/key/key/key.core/../key.ui/examples/standard_key/strings/implicitBooleanStringConversion.key.proof 
47987      DEBUG main            d.u.i.k.p.i.AbstractProblemLoader Environment load took 4.09ms 
47988      INFO  main            d.u.i.k.p.i.AbstractProblemLoader Creating init config 
50807      DEBUG main            d.u.i.k.p.i.AbstractProblemLoader Init config took 2.82s 
50833      INFO  main            d.u.i.k.p.i.AbstractProblemLoader Replaying proof implicitBooleanStringConversion.key.proof 
50957      DEBUG main            d.u.i.k.p.i.IntermediateProofReplayer Proof replay took 117.78ms 
50958      DEBUG main            d.u.i.k.p.r.p.TestFile    ... success: reloaded. 
50960      INFO  main            d.u.i.k.p.r.p.TestFile    Now processing file /home/runner/work/key/key/key.core/../key.ui/examples/standard_key/strings/implicitBooleanStringConversion2.key 
50961      INFO  main            d.u.i.k.p.i.AbstractProblemLoader Loading environment from /home/runner/work/key/key/key.core/../key.ui/examples/standard_key/strings/implicitBooleanStringConversion2.key 
50961      DEBUG main            d.u.i.k.p.i.AbstractProblemLoader Environment load took 346.94ns 
50963      INFO  main            d.u.i.k.p.i.AbstractProblemLoader Creating init config 
53832      DEBUG main            d.u.i.k.p.i.AbstractProblemLoader Init config took 2.87s 
53857      INFO  main            d.u.i.k.p.i.AbstractProblemLoader Replaying proof implicitBooleanStringConversion2.key 
53859      DEBUG main            d.u.i.k.p.i.IntermediateProofReplayer Proof replay took 8.1ns 
54266      INFO  main            d.u.i.k.p.r.p.TestFile    ... finished proof: closed. 
54517      INFO  main            d.u.i.k.p.i.AbstractProblemLoader Loading environment from /home/runner/work/key/key/key.core/../key.ui/examples/standard_key/strings/implicitBooleanStringConversion2.key.proof 
54517      DEBUG main            d.u.i.k.p.i.AbstractProblemLoader Environment load took 428.63ns 
54519      INFO  main            d.u.i.k.p.i.AbstractProblemLoader Creating init config 
57240      DEBUG main            d.u.i.k.p.i.AbstractProblemLoader Init config took 2.72s 
57263      INFO  main            d.u.i.k.p.i.AbstractProblemLoader Replaying proof implicitBooleanStringConversion2.key.proof 
57310      DEBUG main            d.u.i.k.p.i.IntermediateProofReplayer Proof replay took 43.49ms 
57311      DEBUG main            d.u.i.k.p.r.p.TestFile    ... success: reloaded. 
57312      INFO  main            d.u.i.k.p.r.p.TestFile    Now processing file /home/runner/work/key/key/key.core/../key.ui/examples/standard_key/strings/implicitIntStringConversion.key 
57312      INFO  main            d.u.i.k.p.i.AbstractProblemLoader Loading environment from /home/runner/work/key/key/key.core/../key.ui/examples/standard_key/strings/implicitIntStringConversion.key 
57312      DEBUG main            d.u.i.k.p.i.AbstractProblemLoader Environment load took 196.51ns 
57313      INFO  main            d.u.i.k.p.i.AbstractProblemLoader Creating init config 
60133      DEBUG main            d.u.i.k.p.i.AbstractProblemLoader Init config took 2.82s 
60154      INFO  main            d.u.i.k.p.i.AbstractProblemLoader Replaying proof implicitIntStringConversion.key 
60156      DEBUG main            d.u.i.k.p.i.IntermediateProofReplayer Proof replay took 6.2ns 
60964      INFO  main            d.u.i.k.p.r.p.TestFile    ... finished proof: closed. 
61246      INFO  main            d.u.i.k.p.i.AbstractProblemLoader Loading environment from /home/runner/work/key/key/key.core/../key.ui/examples/standard_key/strings/implicitIntStringConversion.key.proof 
61249      DEBUG main            d.u.i.k.p.i.AbstractProblemLoader Environment load took 3.16ms 
61252      INFO  main            d.u.i.k.p.i.AbstractProblemLoader Creating init config 
64022      DEBUG main            d.u.i.k.p.i.AbstractProblemLoader Init config took 2.77s 
64043      INFO  main            d.u.i.k.p.i.AbstractProblemLoader Replaying proof implicitIntStringConversion.key.proof 
64122      DEBUG main            d.u.i.k.p.i.IntermediateProofReplayer Proof replay took 74.44ms 
64123      DEBUG main            d.u.i.k.p.r.p.TestFile    ... success: reloaded. 
64124      INFO  main            d.u.i.k.p.r.p.TestFile    Now processing file /home/runner/work/key/key/key.core/../key.ui/examples/standard_key/strings/implicitNullStringConversion.key 
64125      INFO  main            d.u.i.k.p.i.AbstractProblemLoader Loading environment from /home/runner/work/key/key/key.core/../key.ui/examples/standard_key/strings/implicitNullStringConversion.key 
64125      DEBUG main            d.u.i.k.p.i.AbstractProblemLoader Environment load took 219.92ns 
64126      INFO  main            d.u.i.k.p.i.AbstractProblemLoader Creating init config 
66892      DEBUG main            d.u.i.k.p.i.AbstractProblemLoader Init config took 2.77s 
66912      INFO  main            d.u.i.k.p.i.AbstractProblemLoader Replaying proof implicitNullStringConversion.key 
66913      DEBUG main            d.u.i.k.p.i.IntermediateProofReplayer Proof replay took 6.7ns 
67217      INFO  main            d.u.i.k.p.r.p.TestFile    ... finished proof: closed. 
67455      INFO  main            d.u.i.k.p.i.AbstractProblemLoader Loading environment from /home/runner/work/key/key/key.core/../key.ui/examples/standard_key/strings/implicitNullStringConversion.key.proof 
67456      DEBUG main            d.u.i.k.p.i.AbstractProblemLoader Environment load took 396.43ns 
67457      INFO  main            d.u.i.k.p.i.AbstractProblemLoader Creating init config 
70163      DEBUG main            d.u.i.k.p.i.AbstractProblemLoader Init config took 2.71s 
70185      INFO  main            d.u.i.k.p.i.AbstractProblemLoader Replaying proof implicitNullStringConversion.key.proof 
70224      DEBUG main            d.u.i.k.p.i.IntermediateProofReplayer Proof replay took 35.52ms 
70225      DEBUG main            d.u.i.k.p.r.p.TestFile    ... success: reloaded. 
70226      INFO  main            d.u.i.k.p.r.p.TestFile    Now processing file /home/runner/work/key/key/key.core/../key.ui/examples/standard_key/strings/implicitNullStringConversion2.key 
70226      INFO  main            d.u.i.k.p.i.AbstractProblemLoader Loading environment from /home/runner/work/key/key/key.core/../key.ui/examples/standard_key/strings/implicitNullStringConversion2.key 
70227      DEBUG main            d.u.i.k.p.i.AbstractProblemLoader Environment load took 205.22ns 
70228      INFO  main            d.u.i.k.p.i.AbstractProblemLoader Creating init config 
73080      DEBUG main            d.u.i.k.p.i.AbstractProblemLoader Init config took 2.85s 
73100      INFO  main            d.u.i.k.p.i.AbstractProblemLoader Replaying proof implicitNullStringConversion2.key 
73102      DEBUG main            d.u.i.k.p.i.IntermediateProofReplayer Proof replay took 6.6ns 
73305      INFO  main            d.u.i.k.p.r.p.TestFile    ... finished proof: closed. 
73592      INFO  main            d.u.i.k.p.i.AbstractProblemLoader Loading environment from /home/runner/work/key/key/key.core/../key.ui/examples/standard_key/strings/implicitNullStringConversion2.key.proof 
73594      DEBUG main            d.u.i.k.p.i.AbstractProblemLoader Environment load took 1.56ms 
73595      INFO  main            d.u.i.k.p.i.AbstractProblemLoader Creating init config 
76338      DEBUG main            d.u.i.k.p.i.AbstractProblemLoader Init config took 2.74s 
76360      INFO  main            d.u.i.k.p.i.AbstractProblemLoader Replaying proof implicitNullStringConversion2.key.proof 
76400      DEBUG main            d.u.i.k.p.i.IntermediateProofReplayer Proof replay took 34.29ms 
76401      DEBUG main            d.u.i.k.p.r.p.TestFile    ... success: reloaded. 
76402      INFO  main            d.u.i.k.p.r.p.TestFile    Now processing file /home/runner/work/key/key/key.core/../key.ui/examples/standard_key/strings/implicitObjectStringConversion.key 
76402      INFO  main            d.u.i.k.p.i.AbstractProblemLoader Loading environment from /home/runner/work/key/key/key.core/../key.ui/examples/standard_key/strings/implicitObjectStringConversion.key 
76402      DEBUG main            d.u.i.k.p.i.AbstractProblemLoader Environment load took 211.12ns 
76404      INFO  main            d.u.i.k.p.i.AbstractProblemLoader Creating init config 
79603      DEBUG main            d.u.i.k.p.i.AbstractProblemLoader Init config took 3.2s 
79623      INFO  main            d.u.i.k.p.i.AbstractProblemLoader Replaying proof implicitObjectStringConversion.key 
79624      DEBUG main            d.u.i.k.p.i.IntermediateProofReplayer Proof replay took 7.3ns 
80131      INFO  main            d.u.i.k.p.r.p.TestFile    ... finished proof: closed. 
80397      INFO  main            d.u.i.k.p.i.AbstractProblemLoader Loading environment from /home/runner/work/key/key/key.core/../key.ui/examples/standard_key/strings/implicitObjectStringConversion.key.proof 
80398      DEBUG main            d.u.i.k.p.i.AbstractProblemLoader Environment load took 470.13ns 
80399      INFO  main            d.u.i.k.p.i.AbstractProblemLoader Creating init config 
83405      DEBUG main            d.u.i.k.p.i.AbstractProblemLoader Init config took 3.01s 
83428      INFO  main            d.u.i.k.p.i.AbstractProblemLoader Replaying proof implicitObjectStringConversion.key.proof 
83490      DEBUG main            d.u.i.k.p.i.IntermediateProofReplayer Proof replay took 58.55ms 
83492      DEBUG main            d.u.i.k.p.r.p.TestFile    ... success: reloaded. 
83493      INFO  main            d.u.i.k.p.r.p.TestFile    Now processing file /home/runner/work/key/key/key.core/../key.ui/examples/standard_key/strings/literalEquality.key 
83493      INFO  main            d.u.i.k.p.i.AbstractProblemLoader Loading environment from /home/runner/work/key/key/key.core/../key.ui/examples/standard_key/strings/literalEquality.key 
83493      DEBUG main            d.u.i.k.p.i.AbstractProblemLoader Environment load took 205.51ns 
83495      INFO  main            d.u.i.k.p.i.AbstractProblemLoader Creating init config 
86263      DEBUG main            d.u.i.k.p.i.AbstractProblemLoader Init config took 2.77s 
86283      INFO  main            d.u.i.k.p.i.AbstractProblemLoader Replaying proof literalEquality.key 
86285      DEBUG main            d.u.i.k.p.i.IntermediateProofReplayer Proof replay took 7.9ns 
86389      INFO  main            d.u.i.k.p.r.p.TestFile    ... finished proof: closed. 
86629      INFO  main            d.u.i.k.p.i.AbstractProblemLoader Loading environment from /home/runner/work/key/key/key.core/../key.ui/examples/standard_key/strings/literalEquality.key.proof 
86629      DEBUG main            d.u.i.k.p.i.AbstractProblemLoader Environment load took 131.89ns 
86630      INFO  main            d.u.i.k.p.i.AbstractProblemLoader Creating init config 
89648      DEBUG main            d.u.i.k.p.i.AbstractProblemLoader Init config took 3.02s 
89669      INFO  main            d.u.i.k.p.i.AbstractProblemLoader Replaying proof literalEquality.key.proof 
89674      DEBUG main            d.u.i.k.p.i.IntermediateProofReplayer Proof replay took 2.45ms 
89675      DEBUG main            d.u.i.k.p.r.p.TestFile    ... success: reloaded. 
89676      INFO  main            d.u.i.k.p.r.p.TestFile    Now processing file /home/runner/work/key/key/key.core/../key.ui/examples/standard_key/strings/replace0.key 
89676      INFO  main            d.u.i.k.p.i.AbstractProblemLoader Loading environment from /home/runner/work/key/key/key.core/../key.ui/examples/standard_key/strings/replace0.key 
89676      DEBUG main            d.u.i.k.p.i.AbstractProblemLoader Environment load took 197.31ns 
89677      INFO  main            d.u.i.k.p.i.AbstractProblemLoader Creating init config 
92433      DEBUG main            d.u.i.k.p.i.AbstractProblemLoader Init config took 2.76s 
92451      INFO  main            d.u.i.k.p.i.AbstractProblemLoader Replaying proof replace0.key 
92452      DEBUG main            d.u.i.k.p.i.IntermediateProofReplayer Proof replay took 7ns 
92555      INFO  main            d.u.i.k.p.r.p.TestFile    ... finished proof: closed. 
92793      INFO  main            d.u.i.k.p.i.AbstractProblemLoader Loading environment from /home/runner/work/key/key/key.core/../key.ui/examples/standard_key/strings/replace0.key.proof 
92793      DEBUG main            d.u.i.k.p.i.AbstractProblemLoader Environment load took 129.11ns 
92794      INFO  main            d.u.i.k.p.i.AbstractProblemLoader Creating init config 
95478      DEBUG main            d.u.i.k.p.i.AbstractProblemLoader Init config took 2.68s 
95497      INFO  main            d.u.i.k.p.i.AbstractProblemLoader Replaying proof replace0.key.proof 
95503      DEBUG main            d.u.i.k.p.i.IntermediateProofReplayer Proof replay took 4.94ms 
95505      DEBUG main            d.u.i.k.p.r.p.TestFile    ... success: reloaded. 
95506      INFO  main            d.u.i.k.p.r.p.TestFile    Now processing file /home/runner/work/key/key/key.core/../key.ui/examples/standard_key/strings/replace1.key 
95506      INFO  main            d.u.i.k.p.i.AbstractProblemLoader Loading environment from /home/runner/work/key/key/key.core/../key.ui/examples/standard_key/strings/replace1.key 
95506      DEBUG main            d.u.i.k.p.i.AbstractProblemLoader Environment load took 206.72ns 
95507      INFO  main            d.u.i.k.p.i.AbstractProblemLoader Creating init config 
98231      DEBUG main            d.u.i.k.p.i.AbstractProblemLoader Init config took 2.72s 
98249      INFO  main            d.u.i.k.p.i.AbstractProblemLoader Replaying proof replace1.key 
98250      DEBUG main            d.u.i.k.p.i.IntermediateProofReplayer Proof replay took 7.2ns 
98354      INFO  main            d.u.i.k.p.r.p.TestFile    ... finished proof: closed. 
98666      INFO  main            d.u.i.k.p.i.AbstractProblemLoader Loading environment from /home/runner/work/key/key/key.core/../key.ui/examples/standard_key/strings/replace1.key.proof 
98666      DEBUG main            d.u.i.k.p.i.AbstractProblemLoader Environment load took 140.61ns 
98670      INFO  main            d.u.i.k.p.i.AbstractProblemLoader Creating init config 
101394     DEBUG main            d.u.i.k.p.i.AbstractProblemLoader Init config took 2.72s 
101411     INFO  main            d.u.i.k.p.i.AbstractProblemLoader Replaying proof replace1.key.proof 
101420     DEBUG main            d.u.i.k.p.i.IntermediateProofReplayer Proof replay took 7.53ms 
101421     DEBUG main            d.u.i.k.p.r.p.TestFile    ... success: reloaded. 
101422     INFO  main            d.u.i.k.p.r.p.TestFile    Now processing file /home/runner/work/key/key/key.core/../key.ui/examples/standard_key/strings/simpleAssignment.key 
101422     INFO  main            d.u.i.k.p.i.AbstractProblemLoader Loading environment from /home/runner/work/key/key/key.core/../key.ui/examples/standard_key/strings/simpleAssignment.key 
101423     DEBUG main            d.u.i.k.p.i.AbstractProblemLoader Environment load took 106.51ns 
101424     INFO  main            d.u.i.k.p.i.AbstractProblemLoader Creating init config 
104268     DEBUG main            d.u.i.k.p.i.AbstractProblemLoader Init config took 2.84s 
104287     INFO  main            d.u.i.k.p.i.AbstractProblemLoader Replaying proof simpleAssignment.key 
104289     DEBUG main            d.u.i.k.p.i.IntermediateProofReplayer Proof replay took 7.4ns 
104392     INFO  main            d.u.i.k.p.r.p.TestFile    ... finished proof: closed. 
104666     INFO  main            d.u.i.k.p.i.AbstractProblemLoader Loading environment from /home/runner/work/key/key/key.core/../key.ui/examples/standard_key/strings/simpleAssignment.key.proof 
104666     DEBUG main            d.u.i.k.p.i.AbstractProblemLoader Environment load took 129.71ns 
104668     INFO  main            d.u.i.k.p.i.AbstractProblemLoader Creating init config 
107517     DEBUG main            d.u.i.k.p.i.AbstractProblemLoader Init config took 2.85s 
107536     INFO  main            d.u.i.k.p.i.AbstractProblemLoader Replaying proof simpleAssignment.key.proof 
107539     DEBUG main            d.u.i.k.p.i.IntermediateProofReplayer Proof replay took 1.71ms 
107540     DEBUG main            d.u.i.k.p.r.p.TestFile    ... success: reloaded. 
107541     INFO  main            d.u.i.k.p.r.p.TestFile    Now processing file /home/runner/work/key/key/key.core/../key.ui/examples/standard_key/strings/simpleLengthComp.key 
107541     INFO  main            d.u.i.k.p.i.AbstractProblemLoader Loading environment from /home/runner/work/key/key/key.core/../key.ui/examples/standard_key/strings/simpleLengthComp.key 
107541     DEBUG main            d.u.i.k.p.i.AbstractProblemLoader Environment load took 102.81ns 
107542     INFO  main            d.u.i.k.p.i.AbstractProblemLoader Creating init config 
110336     DEBUG main            d.u.i.k.p.i.AbstractProblemLoader Init config took 2.79s 
110356     INFO  main            d.u.i.k.p.i.AbstractProblemLoader Replaying proof simpleLengthComp.key 
110360     DEBUG main            d.u.i.k.p.i.IntermediateProofReplayer Proof replay took 7.6ns 
110575     INFO  main            d.u.i.k.p.r.p.TestFile    ... finished proof: closed. 
110836     INFO  main            d.u.i.k.p.i.AbstractProblemLoader Loading environment from /home/runner/work/key/key/key.core/../key.ui/examples/standard_key/strings/simpleLengthComp.key.proof 
110836     DEBUG main            d.u.i.k.p.i.AbstractProblemLoader Environment load took 186.41ns 
110837     INFO  main            d.u.i.k.p.i.AbstractProblemLoader Creating init config 
113493     DEBUG main            d.u.i.k.p.i.AbstractProblemLoader Init config took 2.66s 
113514     INFO  main            d.u.i.k.p.i.AbstractProblemLoader Replaying proof simpleLengthComp.key.proof 
113543     DEBUG main            d.u.i.k.p.i.IntermediateProofReplayer Proof replay took 26.62ms 
113544     DEBUG main            d.u.i.k.p.r.p.TestFile    ... success: reloaded. 
113545     INFO  main            d.u.i.k.p.r.p.TestFile    Now processing file /home/runner/work/key/key/key.core/../key.ui/examples/standard_key/strings/stringCompileTimeConstant1.key 
113546     INFO  main            d.u.i.k.p.i.AbstractProblemLoader Loading environment from /home/runner/work/key/key/key.core/../key.ui/examples/standard_key/strings/stringCompileTimeConstant1.key 
113546     DEBUG main            d.u.i.k.p.i.AbstractProblemLoader Environment load took 206.71ns 
113548     INFO  main            d.u.i.k.p.i.AbstractProblemLoader Creating init config 
116339     DEBUG main            d.u.i.k.p.i.AbstractProblemLoader Init config took 2.79s 
116358     INFO  main            d.u.i.k.p.i.AbstractProblemLoader Replaying proof stringCompileTimeConstant1.key 
116359     DEBUG main            d.u.i.k.p.i.IntermediateProofReplayer Proof replay took 8ns 
116465     INFO  main            d.u.i.k.p.r.p.TestFile    ... finished proof: closed. 
116773     INFO  main            d.u.i.k.p.i.AbstractProblemLoader Loading environment from /home/runner/work/key/key/key.core/../key.ui/examples/standard_key/strings/stringCompileTimeConstant1.key.proof 
116774     DEBUG main            d.u.i.k.p.i.AbstractProblemLoader Environment load took 119.11ns 
116775     INFO  main            d.u.i.k.p.i.AbstractProblemLoader Creating init config 
119494     DEBUG main            d.u.i.k.p.i.AbstractProblemLoader Init config took 2.72s 
119513     INFO  main            d.u.i.k.p.i.AbstractProblemLoader Replaying proof stringCompileTimeConstant1.key.proof 
119519     DEBUG main            d.u.i.k.p.i.IntermediateProofReplayer Proof replay took 3.73ms 
119520     DEBUG main            d.u.i.k.p.r.p.TestFile    ... success: reloaded. 
119521     INFO  main            d.u.i.k.p.r.p.TestFile    Now processing file /home/runner/work/key/key/key.core/../key.ui/examples/standard_key/strings/stringCompileTimeConstant2.key 
119521     INFO  main            d.u.i.k.p.i.AbstractProblemLoader Loading environment from /home/runner/work/key/key/key.core/../key.ui/examples/standard_key/strings/stringCompileTimeConstant2.key 
119521     DEBUG main            d.u.i.k.p.i.AbstractProblemLoader Environment load took 96.51ns 
119522     INFO  main            d.u.i.k.p.i.AbstractProblemLoader Creating init config 
122508     DEBUG main            d.u.i.k.p.i.AbstractProblemLoader Init config took 2.99s 
122526     INFO  main            d.u.i.k.p.i.AbstractProblemLoader Replaying proof stringCompileTimeConstant2.key 
122528     DEBUG main            d.u.i.k.p.i.IntermediateProofReplayer Proof replay took 6.7ns 
125758     INFO  main            d.u.i.k.p.r.p.TestFile    ... finished proof: closed. 
126069     INFO  main            d.u.i.k.p.i.AbstractProblemLoader Loading environment from /home/runner/work/key/key/key.core/../key.ui/examples/standard_key/strings/stringCompileTimeConstant2.key.proof 
126071     DEBUG main            d.u.i.k.p.i.AbstractProblemLoader Environment load took 2.27ms 
126073     INFO  main            d.u.i.k.p.i.AbstractProblemLoader Creating init config 
128949     DEBUG main            d.u.i.k.p.i.AbstractProblemLoader Init config took 2.88s 
128968     INFO  main            d.u.i.k.p.i.AbstractProblemLoader Replaying proof stringCompileTimeConstant2.key.proof 
129326     DEBUG main            d.u.i.k.p.i.IntermediateProofReplayer Proof replay took 348.57ms 
129328     DEBUG main            d.u.i.k.p.r.p.TestFile    ... success: reloaded. 
129329     INFO  main            d.u.i.k.p.r.p.TestFile    Now processing file /home/runner/work/key/key/key.core/../key.ui/examples/standard_key/strings/stringEquality1.key 
129329     INFO  main            d.u.i.k.p.i.AbstractProblemLoader Loading environment from /home/runner/work/key/key/key.core/../key.ui/examples/standard_key/strings/stringEquality1.key 
129329     DEBUG main            d.u.i.k.p.i.AbstractProblemLoader Environment load took 238.02ns 
129331     INFO  main            d.u.i.k.p.i.AbstractProblemLoader Creating init config 
132055     DEBUG main            d.u.i.k.p.i.AbstractProblemLoader Init config took 2.72s 
132071     INFO  main            d.u.i.k.p.i.AbstractProblemLoader Replaying proof stringEquality1.key 
132073     DEBUG main            d.u.i.k.p.i.IntermediateProofReplayer Proof replay took 6.9ns 
132177     INFO  main            d.u.i.k.p.r.p.TestFile    ... finished proof: closed. 
132498     INFO  main            d.u.i.k.p.i.AbstractProblemLoader Loading environment from /home/runner/work/key/key/key.core/../key.ui/examples/standard_key/strings/stringEquality1.key.proof 
132498     DEBUG main            d.u.i.k.p.i.AbstractProblemLoader Environment load took 120.51ns 
132500     INFO  main            d.u.i.k.p.i.AbstractProblemLoader Creating init config 
135174     DEBUG main            d.u.i.k.p.i.AbstractProblemLoader Init config took 2.67s 
135191     INFO  main            d.u.i.k.p.i.AbstractProblemLoader Replaying proof stringEquality1.key.proof 
135205     DEBUG main            d.u.i.k.p.i.IntermediateProofReplayer Proof replay took 12.4ms 
135207     DEBUG main            d.u.i.k.p.r.p.TestFile    ... success: reloaded. 
135208     INFO  main            d.u.i.k.p.r.p.TestFile    Now processing file /home/runner/work/key/key/key.core/../key.ui/examples/standard_key/strings/stringEquality2.key 
135208     INFO  main            d.u.i.k.p.i.AbstractProblemLoader Loading environment from /home/runner/work/key/key/key.core/../key.ui/examples/standard_key/strings/stringEquality2.key 
135208     DEBUG main            d.u.i.k.p.i.AbstractProblemLoader Environment load took 206.41ns 
135210     INFO  main            d.u.i.k.p.i.AbstractProblemLoader Creating init config 
137957     DEBUG main            d.u.i.k.p.i.AbstractProblemLoader Init config took 2.75s 
137974     INFO  main            d.u.i.k.p.i.AbstractProblemLoader Replaying proof stringEquality2.key 
137975     DEBUG main            d.u.i.k.p.i.IntermediateProofReplayer Proof replay took 7.7ns 
138383     INFO  main            d.u.i.k.p.r.p.TestFile    ... finished proof: closed. 
138711     INFO  main            d.u.i.k.p.i.AbstractProblemLoader Loading environment from /home/runner/work/key/key/key.core/../key.ui/examples/standard_key/strings/stringEquality2.key.proof 
138711     DEBUG main            d.u.i.k.p.i.AbstractProblemLoader Environment load took 133.11ns 
138713     INFO  main            d.u.i.k.p.i.AbstractProblemLoader Creating init config 
141333     DEBUG main            d.u.i.k.p.i.AbstractProblemLoader Init config took 2.62s 
141350     INFO  main            d.u.i.k.p.i.AbstractProblemLoader Replaying proof stringEquality2.key.proof 
141407     DEBUG main            d.u.i.k.p.i.IntermediateProofReplayer Proof replay took 53.29ms 
141408     DEBUG main            d.u.i.k.p.r.p.TestFile    ... success: reloaded. 
141409     INFO  main            d.u.i.k.p.r.p.TestFile    Now processing file /home/runner/work/key/key/key.core/../key.ui/examples/standard_key/strings/substring0.key 
141410     INFO  main            d.u.i.k.p.i.AbstractProblemLoader Loading environment from /home/runner/work/key/key/key.core/../key.ui/examples/standard_key/strings/substring0.key 
141410     DEBUG main            d.u.i.k.p.i.AbstractProblemLoader Environment load took 195.61ns 
141411     INFO  main            d.u.i.k.p.i.AbstractProblemLoader Creating init config 
144140     DEBUG main            d.u.i.k.p.i.AbstractProblemLoader Init config took 2.73s 
144155     INFO  main            d.u.i.k.p.i.AbstractProblemLoader Replaying proof substring0.key 
144161     DEBUG main            d.u.i.k.p.i.IntermediateProofReplayer Proof replay took 21.1ns 
144264     INFO  main            d.u.i.k.p.r.p.TestFile    ... finished proof: closed. 
144570     INFO  main            d.u.i.k.p.i.AbstractProblemLoader Loading environment from /home/runner/work/key/key/key.core/../key.ui/examples/standard_key/strings/substring0.key.proof 
144570     DEBUG main            d.u.i.k.p.i.AbstractProblemLoader Environment load took 122.41ns 
144571     INFO  main            d.u.i.k.p.i.AbstractProblemLoader Creating init config 
147145     DEBUG main            d.u.i.k.p.i.AbstractProblemLoader Init config took 2.57s 
147162     INFO  main            d.u.i.k.p.i.AbstractProblemLoader Replaying proof substring0.key.proof 
147164     DEBUG main            d.u.i.k.p.i.IntermediateProofReplayer Proof replay took 499.23ns 
147165     DEBUG main            d.u.i.k.p.r.p.TestFile    ... success: reloaded. 
147166     INFO  main            d.u.i.k.p.r.p.TestFile    Now processing file /home/runner/work/key/key/key.core/../key.ui/examples/standard_key/strings/substring1.key 
147166     INFO  main            d.u.i.k.p.i.AbstractProblemLoader Loading environment from /home/runner/work/key/key/key.core/../key.ui/examples/standard_key/strings/substring1.key 
147166     DEBUG main            d.u.i.k.p.i.AbstractProblemLoader Environment load took 97.61ns 
147167     INFO  main            d.u.i.k.p.i.AbstractProblemLoader Creating init config 
149916     DEBUG main            d.u.i.k.p.i.AbstractProblemLoader Init config took 2.75s 
149931     INFO  main            d.u.i.k.p.i.AbstractProblemLoader Replaying proof substring1.key 
149933     DEBUG main            d.u.i.k.p.i.IntermediateProofReplayer Proof replay took 8.5ns 
150041     INFO  main            d.u.i.k.p.r.p.TestFile    ... finished proof: closed. 
150336     INFO  main            d.u.i.k.p.i.AbstractProblemLoader Loading environment from /home/runner/work/key/key/key.core/../key.ui/examples/standard_key/strings/substring1.key.proof 
150336     DEBUG main            d.u.i.k.p.i.AbstractProblemLoader Environment load took 119.21ns 
150337     INFO  main            d.u.i.k.p.i.AbstractProblemLoader Creating init config 
152983     DEBUG main            d.u.i.k.p.i.AbstractProblemLoader Init config took 2.65s 
152999     INFO  main            d.u.i.k.p.i.AbstractProblemLoader Replaying proof substring1.key.proof 
153001     DEBUG main            d.u.i.k.p.i.IntermediateProofReplayer Proof replay took 485.73ns 
153002     DEBUG main            d.u.i.k.p.r.p.TestFile    ... success: reloaded. 
153002     INFO  main            d.u.i.k.p.r.p.TestFile    Now processing file /home/runner/work/key/key/key.core/../key.ui/examples/standard_key/strings/substring2.key 
153003     INFO  main            d.u.i.k.p.i.AbstractProblemLoader Loading environment from /home/runner/work/key/key/key.core/../key.ui/examples/standard_key/strings/substring2.key 
153003     DEBUG main            d.u.i.k.p.i.AbstractProblemLoader Environment load took 94.01ns 
153004     INFO  main            d.u.i.k.p.i.AbstractProblemLoader Creating init config 
155669     DEBUG main            d.u.i.k.p.i.AbstractProblemLoader Init config took 2.66s 
155688     INFO  main            d.u.i.k.p.i.AbstractProblemLoader Replaying proof substring2.key 
155691     DEBUG main            d.u.i.k.p.i.IntermediateProofReplayer Proof replay took 8.5ns 
155793     INFO  main            d.u.i.k.p.r.p.TestFile    ... finished proof: closed. 
156097     INFO  main            d.u.i.k.p.i.AbstractProblemLoader Loading environment from /home/runner/work/key/key/key.core/../key.ui/examples/standard_key/strings/substring2.key.proof 
156097     DEBUG main            d.u.i.k.p.i.AbstractProblemLoader Environment load took 119.11ns 
156098     INFO  main            d.u.i.k.p.i.AbstractProblemLoader Creating init config 
158783     DEBUG main            d.u.i.k.p.i.AbstractProblemLoader Init config took 2.68s 
158800     INFO  main            d.u.i.k.p.i.AbstractProblemLoader Replaying proof substring2.key.proof 
158804     DEBUG main            d.u.i.k.p.i.IntermediateProofReplayer Proof replay took 943.96ns 
158805     DEBUG main            d.u.i.k.p.r.p.TestFile    ... success: reloaded. 
158807     INFO  main            d.u.i.k.p.r.p.TestFile    Now processing file /home/runner/work/key/key/key.core/../key.ui/examples/standard_key/strings/substring3.key 
158807     INFO  main            d.u.i.k.p.i.AbstractProblemLoader Loading environment from /home/runner/work/key/key/key.core/../key.ui/examples/standard_key/strings/substring3.key 
158807     DEBUG main            d.u.i.k.p.i.AbstractProblemLoader Environment load took 213.11ns 
158811     INFO  main            d.u.i.k.p.i.AbstractProblemLoader Creating init config 
161592     DEBUG main            d.u.i.k.p.i.AbstractProblemLoader Init config took 2.78s 
161610     INFO  main            d.u.i.k.p.i.AbstractProblemLoader Replaying proof substring3.key 
161611     DEBUG main            d.u.i.k.p.i.IntermediateProofReplayer Proof replay took 7.8ns 
161717     INFO  main            d.u.i.k.p.r.p.TestFile    ... finished proof: closed. 
162022     INFO  main            d.u.i.k.p.i.AbstractProblemLoader Loading environment from /home/runner/work/key/key/key.core/../key.ui/examples/standard_key/strings/substring3.key.proof 
162022     DEBUG main            d.u.i.k.p.i.AbstractProblemLoader Environment load took 124.41ns 
162023     INFO  main            d.u.i.k.p.i.AbstractProblemLoader Creating init config 
164701     DEBUG main            d.u.i.k.p.i.AbstractProblemLoader Init config took 2.68s 
164718     INFO  main            d.u.i.k.p.i.AbstractProblemLoader Replaying proof substring3.key.proof 
164724     DEBUG main            d.u.i.k.p.i.IntermediateProofReplayer Proof replay took 4.21ms 
164725     DEBUG main            d.u.i.k.p.r.p.TestFile    ... success: reloaded. 
164726     INFO  main            d.u.i.k.p.r.p.TestFile    Now processing file /home/runner/work/key/key/key.core/../key.ui/examples/standard_key/strings/substring4.key 
164726     INFO  main            d.u.i.k.p.i.AbstractProblemLoader Loading environment from /home/runner/work/key/key/key.core/../key.ui/examples/standard_key/strings/substring4.key 
164727     DEBUG main            d.u.i.k.p.i.AbstractProblemLoader Environment load took 313.12ns 
164728     INFO  main            d.u.i.k.p.i.AbstractProblemLoader Creating init config 
167388     DEBUG main            d.u.i.k.p.i.AbstractProblemLoader Init config took 2.66s 
167404     INFO  main            d.u.i.k.p.i.AbstractProblemLoader Replaying proof substring4.key 
167405     DEBUG main            d.u.i.k.p.i.IntermediateProofReplayer Proof replay took 7.3ns 
167509     INFO  main            d.u.i.k.p.r.p.TestFile    ... finished proof: closed. 
167818     INFO  main            d.u.i.k.p.i.AbstractProblemLoader Loading environment from /home/runner/work/key/key/key.core/../key.ui/examples/standard_key/strings/substring4.key.proof 
167818     DEBUG main            d.u.i.k.p.i.AbstractProblemLoader Environment load took 112.41ns 
167819     INFO  main            d.u.i.k.p.i.AbstractProblemLoader Creating init config 
170403     DEBUG main            d.u.i.k.p.i.AbstractProblemLoader Init config took 2.58s 
170420     INFO  main            d.u.i.k.p.i.AbstractProblemLoader Replaying proof substring4.key.proof 
170426     DEBUG main            d.u.i.k.p.i.IntermediateProofReplayer Proof replay took 4.05ms 
170427     DEBUG main            d.u.i.k.p.r.p.TestFile    ... success: reloaded. 
170428     INFO  main            d.u.i.k.p.r.p.TestFile    Now processing file /home/runner/work/key/key/key.core/../key.ui/examples/standard_key/strings/substring5.key 
170428     INFO  main            d.u.i.k.p.i.AbstractProblemLoader Loading environment from /home/runner/work/key/key/key.core/../key.ui/examples/standard_key/strings/substring5.key 
170429     DEBUG main            d.u.i.k.p.i.AbstractProblemLoader Environment load took 185.81ns 
170430     INFO  main            d.u.i.k.p.i.AbstractProblemLoader Creating init config 
173182     DEBUG main            d.u.i.k.p.i.AbstractProblemLoader Init config took 2.75s 
173201     INFO  main            d.u.i.k.p.i.AbstractProblemLoader Replaying proof substring5.key 
173202     DEBUG main            d.u.i.k.p.i.IntermediateProofReplayer Proof replay took 7.3ns 
173506     INFO  main            d.u.i.k.p.r.p.TestFile    ... finished proof: closed. 
173839     INFO  main            d.u.i.k.p.i.AbstractProblemLoader Loading environment from /home/runner/work/key/key/key.core/../key.ui/examples/standard_key/strings/substring5.key.proof 
173839     DEBUG main            d.u.i.k.p.i.AbstractProblemLoader Environment load took 453.53ns 
173841     INFO  main            d.u.i.k.p.i.AbstractProblemLoader Creating init config 
176464     DEBUG main            d.u.i.k.p.i.AbstractProblemLoader Init config took 2.62s 
176480     INFO  main            d.u.i.k.p.i.AbstractProblemLoader Replaying proof substring5.key.proof 
176527     DEBUG main            d.u.i.k.p.i.IntermediateProofReplayer Proof replay took 44.1ms 
176528     DEBUG main            d.u.i.k.p.r.p.TestFile    ... success: reloaded. 
4812131    INFO  Test worker     d.u.i.k.p.r.RunAllProofsTestUnit Returning from test strings 
4812132    INFO  Test worker     d.u.i.k.p.r.RunAllProofsTestUnit Running test simple_info_flow 
408        INFO  Timeout watchdog d.u.i.k.p.r.p.ForkedTestFileRunner Timeout watcher launched (2000 secs.) 
426        WARN  main            d.u.i.k.s.ProofSettings   The settings in /home/runner/.key/proof-settings.props are *not* read. 
474        INFO  main            d.u.i.k.p.r.p.TestFile    Now processing file /home/runner/work/key/key/key.core/../key.ui/examples/heap/information_flow/UpdateAbstraction_ex7_1_insecure.key 
621        INFO  main            d.u.i.k.p.i.AbstractProblemLoader Loading environment from /home/runner/work/key/key/key.core/../key.ui/examples/heap/information_flow/UpdateAbstraction_ex7_1_insecure.key 
645        DEBUG main            d.u.i.k.p.i.AbstractProblemLoader Environment load took 6.89ms 
910        INFO  main            d.u.i.k.p.i.AbstractProblemLoader Creating init config 
1890       DEBUG main            d.u.i.k.j.TypeConverter   No LDT found for Meta 
1892       DEBUG main            d.u.i.k.j.TypeConverter   No LDT found for Meta 
1894       DEBUG main            d.u.i.k.j.TypeConverter   No LDT found for Meta 
1895       DEBUG main            d.u.i.k.j.TypeConverter   No LDT found for Meta 
3435       DEBUG main            d.u.i.k.j.TypeConverter   No LDT found for JavaBigintExpression 
9779       DEBUG main            d.u.i.k.p.i.AbstractProblemLoader Init config took 8.87s 
9922       INFO  main            d.u.i.k.p.i.AbstractProblemLoader Replaying proof UpdateAbstraction[UpdateAbstraction::ex7_1_insecure()].JML operation contract.0 
9959       DEBUG main            d.u.i.k.p.i.IntermediateProofReplayer Proof replay took 38.3ns 
10758      INFO  main            d.u.i.k.p.r.p.TestFile    ... finished proof: open goal(s) 
10894      INFO  main            d.u.i.k.p.r.p.TestFile    Now processing file /home/runner/work/key/key/key.core/../key.ui/examples/heap/information_flow/UpdateAbstraction_ex7_2_insecure.key 
10895      INFO  main            d.u.i.k.p.i.AbstractProblemLoader Loading environment from /home/runner/work/key/key/key.core/../key.ui/examples/heap/information_flow/UpdateAbstraction_ex7_2_insecure.key 
10896      DEBUG main            d.u.i.k.p.i.AbstractProblemLoader Environment load took 555.24ns 
10902      INFO  main            d.u.i.k.p.i.AbstractProblemLoader Creating init config 
14564      DEBUG main            d.u.i.k.p.i.AbstractProblemLoader Init config took 3.66s 
14660      INFO  main            d.u.i.k.p.i.AbstractProblemLoader Replaying proof UpdateAbstraction[UpdateAbstraction::ex7_2_insecure()].JML operation contract.0 
14666      DEBUG main            d.u.i.k.p.i.IntermediateProofReplayer Proof replay took 8.2ns 
15079      INFO  main            d.u.i.k.p.r.p.TestFile    ... finished proof: open goal(s) 
4827545    INFO  Test worker     d.u.i.k.p.r.RunAllProofsTestUnit Returning from test simple_info_flow 
4827546    INFO  Test worker     d.u.i.k.p.r.RunAllProofsTestUnit Running test modelMethods 
409        INFO  Timeout watchdog d.u.i.k.p.r.p.ForkedTestFileRunner Timeout watcher launched (2000 secs.) 
431        WARN  main            d.u.i.k.s.ProofSettings   The settings in /home/runner/.key/proof-settings.props are *not* read. 
464        INFO  main            d.u.i.k.p.r.p.TestFile    Now processing file /home/runner/work/key/key/key.core/../key.ui/examples/heap/model_methods/Cell_footprint_acc.key 
606        INFO  main            d.u.i.k.p.i.AbstractProblemLoader Loading environment from /home/runner/work/key/key/key.core/../key.ui/examples/heap/model_methods/Cell_footprint_acc.key 
625        DEBUG main            d.u.i.k.p.i.AbstractProblemLoader Environment load took 2.5ms 
913        INFO  main            d.u.i.k.p.i.AbstractProblemLoader Creating init config 
2198       DEBUG main            d.u.i.k.j.TypeConverter   No LDT found for Meta 
2198       DEBUG main            d.u.i.k.j.TypeConverter   No LDT found for Meta 
2202       DEBUG main            d.u.i.k.j.TypeConverter   No LDT found for Meta 
2202       DEBUG main            d.u.i.k.j.TypeConverter   No LDT found for Meta 
4067       DEBUG main            d.u.i.k.j.TypeConverter   No LDT found for JavaBigintExpression 
9814       DEBUG main            d.u.i.k.p.i.AbstractProblemLoader Init config took 8.9s 
9995       INFO  main            d.u.i.k.p.i.AbstractProblemLoader Replaying proof Cell[Cell::footprint()].JML accessible clause.0 
10033      DEBUG main            d.u.i.k.p.i.IntermediateProofReplayer Proof replay took 37.2ns 
10667      INFO  main            d.u.i.k.p.r.p.TestFile    ... finished proof: closed. 
10792      INFO  main            d.u.i.k.p.i.AbstractProblemLoader Loading environment from /home/runner/work/key/key/key.core/../key.ui/examples/heap/model_methods/Cell_footprint_acc.key.proof 
10792      DEBUG main            d.u.i.k.p.i.AbstractProblemLoader Environment load took 166.11ns 
10797      INFO  main            d.u.i.k.p.i.AbstractProblemLoader Creating init config 
14084      DEBUG main            d.u.i.k.p.i.AbstractProblemLoader Init config took 3.29s 
14178      INFO  main            d.u.i.k.p.i.AbstractProblemLoader Replaying proof Cell[Cell::footprint()].JML accessible clause.0 
14243      DEBUG main            d.u.i.k.p.i.IntermediateProofReplayer Proof replay took 59.48ms 
14251      DEBUG main            d.u.i.k.p.r.p.TestFile    ... success: reloaded. 
14254      INFO  main            d.u.i.k.p.r.p.TestFile    Now processing file /home/runner/work/key/key/key.core/../key.ui/examples/heap/model_methods/Cell_footprint.key 
14254      INFO  main            d.u.i.k.p.i.AbstractProblemLoader Loading environment from /home/runner/work/key/key/key.core/../key.ui/examples/heap/model_methods/Cell_footprint.key 
14255      DEBUG main            d.u.i.k.p.i.AbstractProblemLoader Environment load took 246.12ns 
14256      INFO  main            d.u.i.k.p.i.AbstractProblemLoader Creating init config 
17430      DEBUG main            d.u.i.k.p.i.AbstractProblemLoader Init config took 3.17s 
17503      INFO  main            d.u.i.k.p.i.AbstractProblemLoader Replaying proof Cell[Cell::footprint()].JML model_behavior operation contract.0 
17506      DEBUG main            d.u.i.k.p.i.IntermediateProofReplayer Proof replay took 8ns 
17608      INFO  main            d.u.i.k.p.r.p.TestFile    ... finished proof: closed. 
17776      INFO  main            d.u.i.k.p.i.AbstractProblemLoader Loading environment from /home/runner/work/key/key/key.core/../key.ui/examples/heap/model_methods/Cell_footprint.key.proof 
17776      DEBUG main            d.u.i.k.p.i.AbstractProblemLoader Environment load took 144.61ns 
17778      INFO  main            d.u.i.k.p.i.AbstractProblemLoader Creating init config 
21004      DEBUG main            d.u.i.k.p.i.AbstractProblemLoader Init config took 3.23s 
21069      INFO  main            d.u.i.k.p.i.AbstractProblemLoader Replaying proof Cell[Cell::footprint()].JML model_behavior operation contract.0 
21079      DEBUG main            d.u.i.k.p.i.IntermediateProofReplayer Proof replay took 7.76ms 
21081      DEBUG main            d.u.i.k.p.r.p.TestFile    ... success: reloaded. 
21082      INFO  main            d.u.i.k.p.r.p.TestFile    Now processing file /home/runner/work/key/key/key.core/../key.ui/examples/heap/model_methods/Cell_get_acc.key 
21083      INFO  main            d.u.i.k.p.i.AbstractProblemLoader Loading environment from /home/runner/work/key/key/key.core/../key.ui/examples/heap/model_methods/Cell_get_acc.key 
21083      DEBUG main            d.u.i.k.p.i.AbstractProblemLoader Environment load took 250.12ns 
21085      INFO  main            d.u.i.k.p.i.AbstractProblemLoader Creating init config 
24154      DEBUG main            d.u.i.k.p.i.AbstractProblemLoader Init config took 3.07s 
24227      INFO  main            d.u.i.k.p.i.AbstractProblemLoader Replaying proof Cell[Cell::get()].JML accessible clause.0 
24231      DEBUG main            d.u.i.k.p.i.IntermediateProofReplayer Proof replay took 7.7ns 
24541      INFO  main            d.u.i.k.p.r.p.TestFile    ... finished proof: closed. 
24724      INFO  main            d.u.i.k.p.i.AbstractProblemLoader Loading environment from /home/runner/work/key/key/key.core/../key.ui/examples/heap/model_methods/Cell_get_acc.key.proof 
24725      DEBUG main            d.u.i.k.p.i.AbstractProblemLoader Environment load took 586.04ns 
24726      INFO  main            d.u.i.k.p.i.AbstractProblemLoader Creating init config 
27759      DEBUG main            d.u.i.k.p.i.AbstractProblemLoader Init config took 3.03s 
27817      INFO  main            d.u.i.k.p.i.AbstractProblemLoader Replaying proof Cell[Cell::get()].JML accessible clause.0 
27859      DEBUG main            d.u.i.k.p.i.IntermediateProofReplayer Proof replay took 38.06ms 
27860      DEBUG main            d.u.i.k.p.r.p.TestFile    ... success: reloaded. 
27861      INFO  main            d.u.i.k.p.r.p.TestFile    Now processing file /home/runner/work/key/key/key.core/../key.ui/examples/heap/model_methods/Cell_get.key 
27862      INFO  main            d.u.i.k.p.i.AbstractProblemLoader Loading environment from /home/runner/work/key/key/key.core/../key.ui/examples/heap/model_methods/Cell_get.key 
27862      DEBUG main            d.u.i.k.p.i.AbstractProblemLoader Environment load took 264.92ns 
27872      INFO  main            d.u.i.k.p.i.AbstractProblemLoader Creating init config 
30999      DEBUG main            d.u.i.k.p.i.AbstractProblemLoader Init config took 3.13s 
31058      INFO  main            d.u.i.k.p.i.AbstractProblemLoader Replaying proof Cell[Cell::get()].JML operation contract.0 
31061      DEBUG main            d.u.i.k.p.i.IntermediateProofReplayer Proof replay took 6.9ns 
31164      INFO  main            d.u.i.k.p.r.p.TestFile    ... finished proof: closed. 
31341      INFO  main            d.u.i.k.p.i.AbstractProblemLoader Loading environment from /home/runner/work/key/key/key.core/../key.ui/examples/heap/model_methods/Cell_get.key.proof 
31342      DEBUG main            d.u.i.k.p.i.AbstractProblemLoader Environment load took 137.91ns 
31343      INFO  main            d.u.i.k.p.i.AbstractProblemLoader Creating init config 
34308      DEBUG main            d.u.i.k.p.i.AbstractProblemLoader Init config took 2.96s 
34370      INFO  main            d.u.i.k.p.i.AbstractProblemLoader Replaying proof Cell[Cell::get()].JML operation contract.0 
34407      DEBUG main            d.u.i.k.p.i.IntermediateProofReplayer Proof replay took 31.91ms 
34408      DEBUG main            d.u.i.k.p.r.p.TestFile    ... success: reloaded. 
34410      INFO  main            d.u.i.k.p.r.p.TestFile    Now processing file /home/runner/work/key/key/key.core/../key.ui/examples/heap/model_methods/Cell_post_set.key 
34411      INFO  main            d.u.i.k.p.i.AbstractProblemLoader Loading environment from /home/runner/work/key/key/key.core/../key.ui/examples/heap/model_methods/Cell_post_set.key 
34411      DEBUG main            d.u.i.k.p.i.AbstractProblemLoader Environment load took 217.01ns 
34414      INFO  main            d.u.i.k.p.i.AbstractProblemLoader Creating init config 
37403      DEBUG main            d.u.i.k.p.i.AbstractProblemLoader Init config took 2.99s 
37458      INFO  main            d.u.i.k.p.i.AbstractProblemLoader Replaying proof Cell[Cell::post_set(int)].JML model_behavior operation contract.0 
37460      DEBUG main            d.u.i.k.p.i.IntermediateProofReplayer Proof replay took 7.4ns 
37562      INFO  main            d.u.i.k.p.r.p.TestFile    ... finished proof: closed. 
37760      INFO  main            d.u.i.k.p.i.AbstractProblemLoader Loading environment from /home/runner/work/key/key/key.core/../key.ui/examples/heap/model_methods/Cell_post_set.key.proof 
37760      DEBUG main            d.u.i.k.p.i.AbstractProblemLoader Environment load took 137.41ns 
37761      INFO  main            d.u.i.k.p.i.AbstractProblemLoader Creating init config 
40785      DEBUG main            d.u.i.k.p.i.AbstractProblemLoader Init config took 3.02s 
40852      INFO  main            d.u.i.k.p.i.AbstractProblemLoader Replaying proof Cell[Cell::post_set(int)].JML model_behavior operation contract.0 
40860      DEBUG main            d.u.i.k.p.i.IntermediateProofReplayer Proof replay took 6.51ms 
40861      DEBUG main            d.u.i.k.p.r.p.TestFile    ... success: reloaded. 
40863      INFO  main            d.u.i.k.p.r.p.TestFile    Now processing file /home/runner/work/key/key/key.core/../key.ui/examples/heap/model_methods/Cell_set.key 
40863      INFO  main            d.u.i.k.p.i.AbstractProblemLoader Loading environment from /home/runner/work/key/key/key.core/../key.ui/examples/heap/model_methods/Cell_set.key 
40864      DEBUG main            d.u.i.k.p.i.AbstractProblemLoader Environment load took 231.12ns 
40865      INFO  main            d.u.i.k.p.i.AbstractProblemLoader Creating init config 
43954      DEBUG main            d.u.i.k.p.i.AbstractProblemLoader Init config took 3.09s 
44015      INFO  main            d.u.i.k.p.i.AbstractProblemLoader Replaying proof Cell[Cell::set(int)].JML operation contract.0 
44018      DEBUG main            d.u.i.k.p.i.IntermediateProofReplayer Proof replay took 9.5ns 
51771      INFO  main            d.u.i.k.p.r.p.TestFile    ... finished proof: closed. 
52011      INFO  main            d.u.i.k.p.i.AbstractProblemLoader Loading environment from /home/runner/work/key/key/key.core/../key.ui/examples/heap/model_methods/Cell_set.key.proof 
52014      DEBUG main            d.u.i.k.p.i.AbstractProblemLoader Environment load took 3ms 
52016      INFO  main            d.u.i.k.p.i.AbstractProblemLoader Creating init config 
55002      DEBUG main            d.u.i.k.p.i.AbstractProblemLoader Init config took 2.99s 
55059      INFO  main            d.u.i.k.p.i.AbstractProblemLoader Replaying proof Cell[Cell::set(int)].JML operation contract.0 
55747      DEBUG main            d.u.i.k.p.i.IntermediateProofReplayer Proof replay took 665.25ms 
55752      DEBUG main            d.u.i.k.p.r.p.TestFile    ... success: reloaded. 
55753      INFO  main            d.u.i.k.p.r.p.TestFile    Now processing file /home/runner/work/key/key/key.core/../key.ui/examples/heap/model_methods/CellTest_callSet.key 
55754      INFO  main            d.u.i.k.p.i.AbstractProblemLoader Loading environment from /home/runner/work/key/key/key.core/../key.ui/examples/heap/model_methods/CellTest_callSet.key 
55754      DEBUG main            d.u.i.k.p.i.AbstractProblemLoader Environment load took 209.11ns 
55755      INFO  main            d.u.i.k.p.i.AbstractProblemLoader Creating init config 
58700      DEBUG main            d.u.i.k.p.i.AbstractProblemLoader Init config took 2.94s 
58752      INFO  main            d.u.i.k.p.i.AbstractProblemLoader Replaying proof CellTest[CellTest::callSet(Cell,int)].JML operation contract.0 
58754      DEBUG main            d.u.i.k.p.i.IntermediateProofReplayer Proof replay took 7.7ns 
58960      INFO  main            d.u.i.k.p.r.p.TestFile    ... finished proof: closed. 
59164      INFO  main            d.u.i.k.p.i.AbstractProblemLoader Loading environment from /home/runner/work/key/key/key.core/../key.ui/examples/heap/model_methods/CellTest_callSet.key.proof 
59164      DEBUG main            d.u.i.k.p.i.AbstractProblemLoader Environment load took 139.41ns 
59165      INFO  main            d.u.i.k.p.i.AbstractProblemLoader Creating init config 
62151      DEBUG main            d.u.i.k.p.i.AbstractProblemLoader Init config took 2.99s 
62206      INFO  main            d.u.i.k.p.i.AbstractProblemLoader Replaying proof CellTest[CellTest::callSet(Cell,int)].JML operation contract.0 
62277      DEBUG main            d.u.i.k.p.i.IntermediateProofReplayer Proof replay took 68.49ms 
62279      DEBUG main            d.u.i.k.p.r.p.TestFile    ... success: reloaded. 
62280      INFO  main            d.u.i.k.p.r.p.TestFile    Now processing file /home/runner/work/key/key/key.core/../key.ui/examples/heap/model_methods/CellTest_test2.key 
62281      INFO  main            d.u.i.k.p.i.AbstractProblemLoader Loading environment from /home/runner/work/key/key/key.core/../key.ui/examples/heap/model_methods/CellTest_test2.key 
62281      DEBUG main            d.u.i.k.p.i.AbstractProblemLoader Environment load took 190.71ns 
62282      INFO  main            d.u.i.k.p.i.AbstractProblemLoader Creating init config 
65367      DEBUG main            d.u.i.k.p.i.AbstractProblemLoader Init config took 3.08s 
65421      INFO  main            d.u.i.k.p.i.AbstractProblemLoader Replaying proof CellTest[CellTest::test2(Cell)].JML operation contract.0 
65423      DEBUG main            d.u.i.k.p.i.IntermediateProofReplayer Proof replay took 7.5ns 
65826      INFO  main            d.u.i.k.p.r.p.TestFile    ... finished proof: closed. 
66033      INFO  main            d.u.i.k.p.i.AbstractProblemLoader Loading environment from /home/runner/work/key/key/key.core/../key.ui/examples/heap/model_methods/CellTest_test2.key.proof 
66033      DEBUG main            d.u.i.k.p.i.AbstractProblemLoader Environment load took 136.51ns 
66034      INFO  main            d.u.i.k.p.i.AbstractProblemLoader Creating init config 
69024      DEBUG main            d.u.i.k.p.i.AbstractProblemLoader Init config took 2.99s 
69075      INFO  main            d.u.i.k.p.i.AbstractProblemLoader Replaying proof CellTest[CellTest::test2(Cell)].JML operation contract.0 
69166      DEBUG main            d.u.i.k.p.i.IntermediateProofReplayer Proof replay took 87.23ms 
69167      DEBUG main            d.u.i.k.p.r.p.TestFile    ... success: reloaded. 
69168      INFO  main            d.u.i.k.p.r.p.TestFile    Now processing file /home/runner/work/key/key/key.core/../key.ui/examples/heap/model_methods/CellTest_test.key 
69169      INFO  main            d.u.i.k.p.i.AbstractProblemLoader Loading environment from /home/runner/work/key/key/key.core/../key.ui/examples/heap/model_methods/CellTest_test.key 
69169      DEBUG main            d.u.i.k.p.i.AbstractProblemLoader Environment load took 206.31ns 
69170      INFO  main            d.u.i.k.p.i.AbstractProblemLoader Creating init config 
72067      DEBUG main            d.u.i.k.p.i.AbstractProblemLoader Init config took 2.9s 
72117      INFO  main            d.u.i.k.p.i.AbstractProblemLoader Replaying proof CellTest[CellTest::test(Recell)].JML operation contract.0 
72119      DEBUG main            d.u.i.k.p.i.IntermediateProofReplayer Proof replay took 9.2ns 
75136      INFO  main            d.u.i.k.p.r.p.TestFile    ... finished proof: closed. 
75389      INFO  main            d.u.i.k.p.i.AbstractProblemLoader Loading environment from /home/runner/work/key/key/key.core/../key.ui/examples/heap/model_methods/CellTest_test.key.proof 
75390      DEBUG main            d.u.i.k.p.i.AbstractProblemLoader Environment load took 394.82ns 
75391      INFO  main            d.u.i.k.p.i.AbstractProblemLoader Creating init config 
78390      DEBUG main            d.u.i.k.p.i.AbstractProblemLoader Init config took 3s 
78440      INFO  main            d.u.i.k.p.i.AbstractProblemLoader Replaying proof CellTest[CellTest::test(Recell)].JML operation contract.0 
79099      DEBUG main            d.u.i.k.p.i.IntermediateProofReplayer Proof replay took 640.24ms 
79101      DEBUG main            d.u.i.k.p.r.p.TestFile    ... success: reloaded. 
79102      INFO  main            d.u.i.k.p.r.p.TestFile    Now processing file /home/runner/work/key/key/key.core/../key.ui/examples/heap/model_methods/Coll1_add.key 
79102      INFO  main            d.u.i.k.p.i.AbstractProblemLoader Loading environment from /home/runner/work/key/key/key.core/../key.ui/examples/heap/model_methods/Coll1_add.key 
79103      DEBUG main            d.u.i.k.p.i.AbstractProblemLoader Environment load took 219.71ns 
79104      INFO  main            d.u.i.k.p.i.AbstractProblemLoader Creating init config 
82022      DEBUG main            d.u.i.k.p.i.AbstractProblemLoader Init config took 2.92s 
82070      INFO  main            d.u.i.k.p.i.AbstractProblemLoader Replaying proof Coll1[Coll::add(int)].JML operation contract.0 
82072      DEBUG main            d.u.i.k.p.i.IntermediateProofReplayer Proof replay took 8.3ns 
82175      INFO  main            d.u.i.k.p.r.p.TestFile    ... finished proof: closed. 
82401      INFO  main            d.u.i.k.p.i.AbstractProblemLoader Loading environment from /home/runner/work/key/key/key.core/../key.ui/examples/heap/model_methods/Coll1_add.key.proof 
82401      DEBUG main            d.u.i.k.p.i.AbstractProblemLoader Environment load took 139.51ns 
82402      INFO  main            d.u.i.k.p.i.AbstractProblemLoader Creating init config 
85302      DEBUG main            d.u.i.k.p.i.AbstractProblemLoader Init config took 2.9s 
85349      INFO  main            d.u.i.k.p.i.AbstractProblemLoader Replaying proof Coll1[Coll::add(int)].JML operation contract.0 
85359      DEBUG main            d.u.i.k.p.i.IntermediateProofReplayer Proof replay took 8.16ms 
85361      DEBUG main            d.u.i.k.p.r.p.TestFile    ... success: reloaded. 
85362      INFO  main            d.u.i.k.p.r.p.TestFile    Now processing file /home/runner/work/key/key/key.core/../key.ui/examples/heap/model_methods/Coll1_Coll1_add_pre.key 
85362      INFO  main            d.u.i.k.p.i.AbstractProblemLoader Loading environment from /home/runner/work/key/key/key.core/../key.ui/examples/heap/model_methods/Coll1_Coll1_add_pre.key 
85363      DEBUG main            d.u.i.k.p.i.AbstractProblemLoader Environment load took 178.81ns 
85364      INFO  main            d.u.i.k.p.i.AbstractProblemLoader Creating init config 
88299      DEBUG main            d.u.i.k.p.i.AbstractProblemLoader Init config took 2.94s 
88346      INFO  main            d.u.i.k.p.i.AbstractProblemLoader Replaying proof Coll1[Coll1::add_pre(int)].JML model_behavior operation contract.0 
88348      DEBUG main            d.u.i.k.p.i.IntermediateProofReplayer Proof replay took 7.5ns 
88450      INFO  main            d.u.i.k.p.r.p.TestFile    ... finished proof: closed. 
88670      INFO  main            d.u.i.k.p.i.AbstractProblemLoader Loading environment from /home/runner/work/key/key/key.core/../key.ui/examples/heap/model_methods/Coll1_Coll1_add_pre.key.proof 
88670      DEBUG main            d.u.i.k.p.i.AbstractProblemLoader Environment load took 131.31ns 
88671      INFO  main            d.u.i.k.p.i.AbstractProblemLoader Creating init config 
91570      DEBUG main            d.u.i.k.p.i.AbstractProblemLoader Init config took 2.9s 
91617      INFO  main            d.u.i.k.p.i.AbstractProblemLoader Replaying proof Coll1[Coll1::add_pre(int)].JML model_behavior operation contract.0 
91620      DEBUG main            d.u.i.k.p.i.IntermediateProofReplayer Proof replay took 1.56ms 
91621      DEBUG main            d.u.i.k.p.r.p.TestFile    ... success: reloaded. 
91622      INFO  main            d.u.i.k.p.r.p.TestFile    Now processing file /home/runner/work/key/key/key.core/../key.ui/examples/heap/model_methods/Coll1_Coll_add_pre.key 
91623      INFO  main            d.u.i.k.p.i.AbstractProblemLoader Loading environment from /home/runner/work/key/key/key.core/../key.ui/examples/heap/model_methods/Coll1_Coll_add_pre.key 
91623      DEBUG main            d.u.i.k.p.i.AbstractProblemLoader Environment load took 198.91ns 
91624      INFO  main            d.u.i.k.p.i.AbstractProblemLoader Creating init config 
94651      DEBUG main            d.u.i.k.p.i.AbstractProblemLoader Init config took 3.03s 
94699      INFO  main            d.u.i.k.p.i.AbstractProblemLoader Replaying proof Coll1[Coll::add_pre(int)].JML model_behavior operation contract.0 
94701      DEBUG main            d.u.i.k.p.i.IntermediateProofReplayer Proof replay took 8.5ns 
94803      INFO  main            d.u.i.k.p.r.p.TestFile    ... finished proof: closed. 
95031      INFO  main            d.u.i.k.p.i.AbstractProblemLoader Loading environment from /home/runner/work/key/key/key.core/../key.ui/examples/heap/model_methods/Coll1_Coll_add_pre.key.proof 
95031      DEBUG main            d.u.i.k.p.i.AbstractProblemLoader Environment load took 136.01ns 
95032      INFO  main            d.u.i.k.p.i.AbstractProblemLoader Creating init config 
97948      DEBUG main            d.u.i.k.p.i.AbstractProblemLoader Init config took 2.92s 
97995      INFO  main            d.u.i.k.p.i.AbstractProblemLoader Replaying proof Coll1[Coll::add_pre(int)].JML model_behavior operation contract.0 
97999      DEBUG main            d.u.i.k.p.i.IntermediateProofReplayer Proof replay took 2.69ms 
98000      DEBUG main            d.u.i.k.p.r.p.TestFile    ... success: reloaded. 
98002      INFO  main            d.u.i.k.p.r.p.TestFile    Now processing file /home/runner/work/key/key/key.core/../key.ui/examples/heap/model_methods/Coll2_add.key 
98002      INFO  main            d.u.i.k.p.i.AbstractProblemLoader Loading environment from /home/runner/work/key/key/key.core/../key.ui/examples/heap/model_methods/Coll2_add.key 
98002      DEBUG main            d.u.i.k.p.i.AbstractProblemLoader Environment load took 91.81ns 
98003      INFO  main            d.u.i.k.p.i.AbstractProblemLoader Creating init config 
100981     DEBUG main            d.u.i.k.p.i.AbstractProblemLoader Init config took 2.98s 
101030     INFO  main            d.u.i.k.p.i.AbstractProblemLoader Replaying proof Coll2[Coll::add(int)].JML operation contract.0 
101032     DEBUG main            d.u.i.k.p.i.IntermediateProofReplayer Proof replay took 8.9ns 
101136     INFO  main            d.u.i.k.p.r.p.TestFile    ... finished proof: closed. 
101404     INFO  main            d.u.i.k.p.i.AbstractProblemLoader Loading environment from /home/runner/work/key/key/key.core/../key.ui/examples/heap/model_methods/Coll2_add.key.proof 
101404     DEBUG main            d.u.i.k.p.i.AbstractProblemLoader Environment load took 135.41ns 
101405     INFO  main            d.u.i.k.p.i.AbstractProblemLoader Creating init config 
104299     DEBUG main            d.u.i.k.p.i.AbstractProblemLoader Init config took 2.89s 
104347     INFO  main            d.u.i.k.p.i.AbstractProblemLoader Replaying proof Coll2[Coll::add(int)].JML operation contract.0 
104356     DEBUG main            d.u.i.k.p.i.IntermediateProofReplayer Proof replay took 8.06ms 
104357     DEBUG main            d.u.i.k.p.r.p.TestFile    ... success: reloaded. 
104359     INFO  main            d.u.i.k.p.r.p.TestFile    Now processing file /home/runner/work/key/key/key.core/../key.ui/examples/heap/model_methods/Coll2_Coll2_add_pre.key 
104359     INFO  main            d.u.i.k.p.i.AbstractProblemLoader Loading environment from /home/runner/work/key/key/key.core/../key.ui/examples/heap/model_methods/Coll2_Coll2_add_pre.key 
104359     DEBUG main            d.u.i.k.p.i.AbstractProblemLoader Environment load took 210.81ns 
104360     INFO  main            d.u.i.k.p.i.AbstractProblemLoader Creating init config 
107245     DEBUG main            d.u.i.k.p.i.AbstractProblemLoader Init config took 2.88s 
107291     INFO  main            d.u.i.k.p.i.AbstractProblemLoader Replaying proof Coll2[Coll2::add_pre(int)].JML model_behavior operation contract.0 
107293     DEBUG main            d.u.i.k.p.i.IntermediateProofReplayer Proof replay took 8.7ns 
107396     INFO  main            d.u.i.k.p.r.p.TestFile    ... finished proof: closed. 
107649     INFO  main            d.u.i.k.p.i.AbstractProblemLoader Loading environment from /home/runner/work/key/key/key.core/../key.ui/examples/heap/model_methods/Coll2_Coll2_add_pre.key.proof 
107649     DEBUG main            d.u.i.k.p.i.AbstractProblemLoader Environment load took 128.81ns 
107650     INFO  main            d.u.i.k.p.i.AbstractProblemLoader Creating init config 
110515     DEBUG main            d.u.i.k.p.i.AbstractProblemLoader Init config took 2.86s 
110573     INFO  main            d.u.i.k.p.i.AbstractProblemLoader Replaying proof Coll2[Coll2::add_pre(int)].JML model_behavior operation contract.0 
110577     DEBUG main            d.u.i.k.p.i.IntermediateProofReplayer Proof replay took 1.61ms 
110578     DEBUG main            d.u.i.k.p.r.p.TestFile    ... success: reloaded. 
110579     INFO  main            d.u.i.k.p.r.p.TestFile    Now processing file /home/runner/work/key/key/key.core/../key.ui/examples/heap/model_methods/Coll2_Coll_add_pre.key 
110579     INFO  main            d.u.i.k.p.i.AbstractProblemLoader Loading environment from /home/runner/work/key/key/key.core/../key.ui/examples/heap/model_methods/Coll2_Coll_add_pre.key 
110580     DEBUG main            d.u.i.k.p.i.AbstractProblemLoader Environment load took 207.51ns 
110581     INFO  main            d.u.i.k.p.i.AbstractProblemLoader Creating init config 
113601     DEBUG main            d.u.i.k.p.i.AbstractProblemLoader Init config took 3.02s 
113646     INFO  main            d.u.i.k.p.i.AbstractProblemLoader Replaying proof Coll2[Coll::add_pre(int)].JML model_behavior operation contract.0 
113648     DEBUG main            d.u.i.k.p.i.IntermediateProofReplayer Proof replay took 8.3ns 
113751     INFO  main            d.u.i.k.p.r.p.TestFile    ... finished proof: closed. 
114015     INFO  main            d.u.i.k.p.i.AbstractProblemLoader Loading environment from /home/runner/work/key/key/key.core/../key.ui/examples/heap/model_methods/Coll2_Coll_add_pre.key.proof 
114015     DEBUG main            d.u.i.k.p.i.AbstractProblemLoader Environment load took 128.01ns 
114016     INFO  main            d.u.i.k.p.i.AbstractProblemLoader Creating init config 
116860     DEBUG main            d.u.i.k.p.i.AbstractProblemLoader Init config took 2.84s 
116904     INFO  main            d.u.i.k.p.i.AbstractProblemLoader Replaying proof Coll2[Coll::add_pre(int)].JML model_behavior operation contract.0 
116909     DEBUG main            d.u.i.k.p.i.IntermediateProofReplayer Proof replay took 2.3ms 
116909     DEBUG main            d.u.i.k.p.r.p.TestFile    ... success: reloaded. 
116911     INFO  main            d.u.i.k.p.r.p.TestFile    Now processing file /home/runner/work/key/key/key.core/../key.ui/examples/heap/model_methods/Coll_add.key 
116911     INFO  main            d.u.i.k.p.i.AbstractProblemLoader Loading environment from /home/runner/work/key/key/key.core/../key.ui/examples/heap/model_methods/Coll_add.key 
116911     DEBUG main            d.u.i.k.p.i.AbstractProblemLoader Environment load took 160.61ns 
116912     INFO  main            d.u.i.k.p.i.AbstractProblemLoader Creating init config 
119853     DEBUG main            d.u.i.k.p.i.AbstractProblemLoader Init config took 2.94s 
119899     INFO  main            d.u.i.k.p.i.AbstractProblemLoader Replaying proof Coll[Coll::add(int)].JML operation contract.0 
119900     DEBUG main            d.u.i.k.p.i.IntermediateProofReplayer Proof replay took 8.3ns 
120008     INFO  main            d.u.i.k.p.r.p.TestFile    ... finished proof: closed. 
120271     INFO  main            d.u.i.k.p.i.AbstractProblemLoader Loading environment from /home/runner/work/key/key/key.core/../key.ui/examples/heap/model_methods/Coll_add.key.proof 
120271     DEBUG main            d.u.i.k.p.i.AbstractProblemLoader Environment load took 173.61ns 
120272     INFO  main            d.u.i.k.p.i.AbstractProblemLoader Creating init config 
123146     DEBUG main            d.u.i.k.p.i.AbstractProblemLoader Init config took 2.87s 
123192     INFO  main            d.u.i.k.p.i.AbstractProblemLoader Replaying proof Coll[Coll::add(int)].JML operation contract.0 
123196     DEBUG main            d.u.i.k.p.i.IntermediateProofReplayer Proof replay took 2.72ms 
123198     DEBUG main            d.u.i.k.p.r.p.TestFile    ... success: reloaded. 
123199     INFO  main            d.u.i.k.p.r.p.TestFile    Now processing file /home/runner/work/key/key/key.core/../key.ui/examples/heap/model_methods/Coll_add_pre.key 
123199     INFO  main            d.u.i.k.p.i.AbstractProblemLoader Loading environment from /home/runner/work/key/key/key.core/../key.ui/examples/heap/model_methods/Coll_add_pre.key 
123199     DEBUG main            d.u.i.k.p.i.AbstractProblemLoader Environment load took 204.11ns 
123200     INFO  main            d.u.i.k.p.i.AbstractProblemLoader Creating init config 
126129     DEBUG main            d.u.i.k.p.i.AbstractProblemLoader Init config took 2.93s 
126175     INFO  main            d.u.i.k.p.i.AbstractProblemLoader Replaying proof Coll[Coll::add_pre(int)].JML model_behavior operation contract.0 
126176     DEBUG main            d.u.i.k.p.i.IntermediateProofReplayer Proof replay took 7.7ns 
126280     INFO  main            d.u.i.k.p.r.p.TestFile    ... finished proof: closed. 
126562     INFO  main            d.u.i.k.p.i.AbstractProblemLoader Loading environment from /home/runner/work/key/key/key.core/../key.ui/examples/heap/model_methods/Coll_add_pre.key.proof 
126562     DEBUG main            d.u.i.k.p.i.AbstractProblemLoader Environment load took 411.23ns 
126563     INFO  main            d.u.i.k.p.i.AbstractProblemLoader Creating init config 
129532     DEBUG main            d.u.i.k.p.i.AbstractProblemLoader Init config took 2.97s 
129587     INFO  main            d.u.i.k.p.i.AbstractProblemLoader Replaying proof Coll[Coll::add_pre(int)].JML model_behavior operation contract.0 
129591     DEBUG main            d.u.i.k.p.i.IntermediateProofReplayer Proof replay took 2.93ms 
129593     DEBUG main            d.u.i.k.p.r.p.TestFile    ... success: reloaded. 
129594     INFO  main            d.u.i.k.p.r.p.TestFile    Now processing file /home/runner/work/key/key/key.core/../key.ui/examples/heap/model_methods/Indirect_callAdd.key 
129595     INFO  main            d.u.i.k.p.i.AbstractProblemLoader Loading environment from /home/runner/work/key/key/key.core/../key.ui/examples/heap/model_methods/Indirect_callAdd.key 
129595     DEBUG main            d.u.i.k.p.i.AbstractProblemLoader Environment load took 135.41ns 
129596     INFO  main            d.u.i.k.p.i.AbstractProblemLoader Creating init config 
132605     DEBUG main            d.u.i.k.p.i.AbstractProblemLoader Init config took 3.01s 
132652     INFO  main            d.u.i.k.p.i.AbstractProblemLoader Replaying proof Indirect[Indirect::callAdd(Coll,int)].JML operation contract.0 
132655     DEBUG main            d.u.i.k.p.i.IntermediateProofReplayer Proof replay took 9.8ns 
132757     INFO  main            d.u.i.k.p.r.p.TestFile    ... finished proof: closed. 
133056     INFO  main            d.u.i.k.p.i.AbstractProblemLoader Loading environment from /home/runner/work/key/key/key.core/../key.ui/examples/heap/model_methods/Indirect_callAdd.key.proof 
133057     DEBUG main            d.u.i.k.p.i.AbstractProblemLoader Environment load took 124.61ns 
133058     INFO  main            d.u.i.k.p.i.AbstractProblemLoader Creating init config 
135969     DEBUG main            d.u.i.k.p.i.AbstractProblemLoader Init config took 2.91s 
136025     INFO  main            d.u.i.k.p.i.AbstractProblemLoader Replaying proof Indirect[Indirect::callAdd(Coll,int)].JML operation contract.0 
136057     DEBUG main            d.u.i.k.p.i.IntermediateProofReplayer Proof replay took 29.9ms 
136058     DEBUG main            d.u.i.k.p.r.p.TestFile    ... success: reloaded. 
136059     INFO  main            d.u.i.k.p.r.p.TestFile    Now processing file /home/runner/work/key/key/key.core/../key.ui/examples/heap/model_methods/Indirect_test.key 
136060     INFO  main            d.u.i.k.p.i.AbstractProblemLoader Loading environment from /home/runner/work/key/key/key.core/../key.ui/examples/heap/model_methods/Indirect_test.key 
136060     DEBUG main            d.u.i.k.p.i.AbstractProblemLoader Environment load took 265.72ns 
136061     INFO  main            d.u.i.k.p.i.AbstractProblemLoader Creating init config 
139200     DEBUG main            d.u.i.k.p.i.AbstractProblemLoader Init config took 3.14s 
139246     INFO  main            d.u.i.k.p.i.AbstractProblemLoader Replaying proof Indirect[Indirect::test(Coll1,Coll2)].JML operation contract.0 
139248     DEBUG main            d.u.i.k.p.i.IntermediateProofReplayer Proof replay took 8.3ns 
139452     INFO  main            d.u.i.k.p.r.p.TestFile    ... finished proof: closed. 
139753     INFO  main            d.u.i.k.p.i.AbstractProblemLoader Loading environment from /home/runner/work/key/key/key.core/../key.ui/examples/heap/model_methods/Indirect_test.key.proof 
139753     DEBUG main            d.u.i.k.p.i.AbstractProblemLoader Environment load took 121.81ns 
139754     INFO  main            d.u.i.k.p.i.AbstractProblemLoader Creating init config 
142664     DEBUG main            d.u.i.k.p.i.AbstractProblemLoader Init config took 2.91s 
142709     INFO  main            d.u.i.k.p.i.AbstractProblemLoader Replaying proof Indirect[Indirect::test(Coll1,Coll2)].JML operation contract.0 
142776     DEBUG main            d.u.i.k.p.i.IntermediateProofReplayer Proof replay took 64.71ms 
142778     DEBUG main            d.u.i.k.p.r.p.TestFile    ... success: reloaded. 
142780     INFO  main            d.u.i.k.p.r.p.TestFile    Now processing file /home/runner/work/key/key/key.core/../key.ui/examples/heap/model_methods/Recell_Cell_footprint.key 
142780     INFO  main            d.u.i.k.p.i.AbstractProblemLoader Loading environment from /home/runner/work/key/key/key.core/../key.ui/examples/heap/model_methods/Recell_Cell_footprint.key 
142781     DEBUG main            d.u.i.k.p.i.AbstractProblemLoader Environment load took 274.82ns 
142782     INFO  main            d.u.i.k.p.i.AbstractProblemLoader Creating init config 
145812     DEBUG main            d.u.i.k.p.i.AbstractProblemLoader Init config took 3.03s 
145856     INFO  main            d.u.i.k.p.i.AbstractProblemLoader Replaying proof Recell[Cell::footprint()].JML model_behavior operation contract.0 
145858     DEBUG main            d.u.i.k.p.i.IntermediateProofReplayer Proof replay took 7.8ns 
145963     INFO  main            d.u.i.k.p.r.p.TestFile    ... finished proof: closed. 
146254     INFO  main            d.u.i.k.p.i.AbstractProblemLoader Loading environment from /home/runner/work/key/key/key.core/../key.ui/examples/heap/model_methods/Recell_Cell_footprint.key.proof 
146255     DEBUG main            d.u.i.k.p.i.AbstractProblemLoader Environment load took 119.01ns 
146256     INFO  main            d.u.i.k.p.i.AbstractProblemLoader Creating init config 
149106     DEBUG main            d.u.i.k.p.i.AbstractProblemLoader Init config took 2.85s 
149149     INFO  main            d.u.i.k.p.i.AbstractProblemLoader Replaying proof Recell[Cell::footprint()].JML model_behavior operation contract.0 
149154     DEBUG main            d.u.i.k.p.i.IntermediateProofReplayer Proof replay took 3.02ms 
149155     DEBUG main            d.u.i.k.p.r.p.TestFile    ... success: reloaded. 
149156     INFO  main            d.u.i.k.p.r.p.TestFile    Now processing file /home/runner/work/key/key/key.core/../key.ui/examples/heap/model_methods/Recell_Cell_post_set.key 
149156     INFO  main            d.u.i.k.p.i.AbstractProblemLoader Loading environment from /home/runner/work/key/key/key.core/../key.ui/examples/heap/model_methods/Recell_Cell_post_set.key 
149156     DEBUG main            d.u.i.k.p.i.AbstractProblemLoader Environment load took 63.3ns 
149157     INFO  main            d.u.i.k.p.i.AbstractProblemLoader Creating init config 
152084     DEBUG main            d.u.i.k.p.i.AbstractProblemLoader Init config took 2.93s 
152128     INFO  main            d.u.i.k.p.i.AbstractProblemLoader Replaying proof Recell[Cell::post_set(int)].JML model_behavior operation contract.0 
152129     DEBUG main            d.u.i.k.p.i.IntermediateProofReplayer Proof replay took 7.6ns 
152231     INFO  main            d.u.i.k.p.r.p.TestFile    ... finished proof: closed. 
152526     INFO  main            d.u.i.k.p.i.AbstractProblemLoader Loading environment from /home/runner/work/key/key/key.core/../key.ui/examples/heap/model_methods/Recell_Cell_post_set.key.proof 
152526     DEBUG main            d.u.i.k.p.i.AbstractProblemLoader Environment load took 177.91ns 
152528     INFO  main            d.u.i.k.p.i.AbstractProblemLoader Creating init config 
155354     DEBUG main            d.u.i.k.p.i.AbstractProblemLoader Init config took 2.83s 
155401     INFO  main            d.u.i.k.p.i.AbstractProblemLoader Replaying proof Recell[Cell::post_set(int)].JML model_behavior operation contract.0 
155407     DEBUG main            d.u.i.k.p.i.IntermediateProofReplayer Proof replay took 4.28ms 
155408     DEBUG main            d.u.i.k.p.r.p.TestFile    ... success: reloaded. 
155409     INFO  main            d.u.i.k.p.r.p.TestFile    Now processing file /home/runner/work/key/key/key.core/../key.ui/examples/heap/model_methods/Recell_footprint_acc.key 
155409     INFO  main            d.u.i.k.p.i.AbstractProblemLoader Loading environment from /home/runner/work/key/key/key.core/../key.ui/examples/heap/model_methods/Recell_footprint_acc.key 
155409     DEBUG main            d.u.i.k.p.i.AbstractProblemLoader Environment load took 74.2ns 
155410     INFO  main            d.u.i.k.p.i.AbstractProblemLoader Creating init config 
158461     DEBUG main            d.u.i.k.p.i.AbstractProblemLoader Init config took 3.05s 
158508     INFO  main            d.u.i.k.p.i.AbstractProblemLoader Replaying proof Recell[Cell::footprint()].JML accessible clause.0 
158510     DEBUG main            d.u.i.k.p.i.IntermediateProofReplayer Proof replay took 7.6ns 
158619     INFO  main            d.u.i.k.p.r.p.TestFile    ... finished proof: closed. 
158934     INFO  main            d.u.i.k.p.i.AbstractProblemLoader Loading environment from /home/runner/work/key/key/key.core/../key.ui/examples/heap/model_methods/Recell_footprint_acc.key.proof 
158935     DEBUG main            d.u.i.k.p.i.AbstractProblemLoader Environment load took 125.51ns 
158936     INFO  main            d.u.i.k.p.i.AbstractProblemLoader Creating init config 
161900     DEBUG main            d.u.i.k.p.i.AbstractProblemLoader Init config took 2.96s 
161945     INFO  main            d.u.i.k.p.i.AbstractProblemLoader Replaying proof Recell[Cell::footprint()].JML accessible clause.0 
161970     DEBUG main            d.u.i.k.p.i.IntermediateProofReplayer Proof replay took 22.39ms 
161971     DEBUG main            d.u.i.k.p.r.p.TestFile    ... success: reloaded. 
161972     INFO  main            d.u.i.k.p.r.p.TestFile    Now processing file /home/runner/work/key/key/key.core/../key.ui/examples/heap/model_methods/Recell_get_acc.key 
161972     INFO  main            d.u.i.k.p.i.AbstractProblemLoader Loading environment from /home/runner/work/key/key/key.core/../key.ui/examples/heap/model_methods/Recell_get_acc.key 
161973     DEBUG main            d.u.i.k.p.i.AbstractProblemLoader Environment load took 202.81ns 
161974     INFO  main            d.u.i.k.p.i.AbstractProblemLoader Creating init config 
164934     DEBUG main            d.u.i.k.p.i.AbstractProblemLoader Init config took 2.96s 
164978     INFO  main            d.u.i.k.p.i.AbstractProblemLoader Replaying proof Recell[Cell::get()].JML accessible clause.0 
164979     DEBUG main            d.u.i.k.p.i.IntermediateProofReplayer Proof replay took 8.5ns 
165082     INFO  main            d.u.i.k.p.r.p.TestFile    ... finished proof: closed. 
165486     INFO  main            d.u.i.k.p.i.AbstractProblemLoader Loading environment from /home/runner/work/key/key/key.core/../key.ui/examples/heap/model_methods/Recell_get_acc.key.proof 
165486     DEBUG main            d.u.i.k.p.i.AbstractProblemLoader Environment load took 119.41ns 
165487     INFO  main            d.u.i.k.p.i.AbstractProblemLoader Creating init config 
168314     DEBUG main            d.u.i.k.p.i.AbstractProblemLoader Init config took 2.83s 
168357     INFO  main            d.u.i.k.p.i.AbstractProblemLoader Replaying proof Recell[Cell::get()].JML accessible clause.0 
168380     DEBUG main            d.u.i.k.p.i.IntermediateProofReplayer Proof replay took 21.05ms 
168381     DEBUG main            d.u.i.k.p.r.p.TestFile    ... success: reloaded. 
168382     INFO  main            d.u.i.k.p.r.p.TestFile    Now processing file /home/runner/work/key/key/key.core/../key.ui/examples/heap/model_methods/Recell_get.key 
168382     INFO  main            d.u.i.k.p.i.AbstractProblemLoader Loading environment from /home/runner/work/key/key/key.core/../key.ui/examples/heap/model_methods/Recell_get.key 
168382     DEBUG main            d.u.i.k.p.i.AbstractProblemLoader Environment load took 104.01ns 
168383     INFO  main            d.u.i.k.p.i.AbstractProblemLoader Creating init config 
171249     DEBUG main            d.u.i.k.p.i.AbstractProblemLoader Init config took 2.87s 
171295     INFO  main            d.u.i.k.p.i.AbstractProblemLoader Replaying proof Recell[Cell::get()].JML operation contract.0 
171296     DEBUG main            d.u.i.k.p.i.IntermediateProofReplayer Proof replay took 8.7ns 
171400     INFO  main            d.u.i.k.p.r.p.TestFile    ... finished proof: closed. 
171719     INFO  main            d.u.i.k.p.i.AbstractProblemLoader Loading environment from /home/runner/work/key/key/key.core/../key.ui/examples/heap/model_methods/Recell_get.key.proof 
171719     DEBUG main            d.u.i.k.p.i.AbstractProblemLoader Environment load took 121.81ns 
171720     INFO  main            d.u.i.k.p.i.AbstractProblemLoader Creating init config 
174587     DEBUG main            d.u.i.k.p.i.AbstractProblemLoader Init config took 2.87s 
174631     INFO  main            d.u.i.k.p.i.AbstractProblemLoader Replaying proof Recell[Cell::get()].JML operation contract.0 
174642     DEBUG main            d.u.i.k.p.i.IntermediateProofReplayer Proof replay took 9.62ms 
174643     DEBUG main            d.u.i.k.p.r.p.TestFile    ... success: reloaded. 
174644     INFO  main            d.u.i.k.p.r.p.TestFile    Now processing file /home/runner/work/key/key/key.core/../key.ui/examples/heap/model_methods/Recell_Recell_footprint.key 
174645     INFO  main            d.u.i.k.p.i.AbstractProblemLoader Loading environment from /home/runner/work/key/key/key.core/../key.ui/examples/heap/model_methods/Recell_Recell_footprint.key 
174645     DEBUG main            d.u.i.k.p.i.AbstractProblemLoader Environment load took 200.51ns 
174646     INFO  main            d.u.i.k.p.i.AbstractProblemLoader Creating init config 
177503     DEBUG main            d.u.i.k.p.i.AbstractProblemLoader Init config took 2.86s 
177545     INFO  main            d.u.i.k.p.i.AbstractProblemLoader Replaying proof Recell[Recell::footprint()].JML model_behavior operation contract.0 
177547     DEBUG main            d.u.i.k.p.i.IntermediateProofReplayer Proof replay took 8.7ns 
177652     INFO  main            d.u.i.k.p.r.p.TestFile    ... finished proof: closed. 
177979     INFO  main            d.u.i.k.p.i.AbstractProblemLoader Loading environment from /home/runner/work/key/key/key.core/../key.ui/examples/heap/model_methods/Recell_Recell_footprint.key.proof 
177980     DEBUG main            d.u.i.k.p.i.AbstractProblemLoader Environment load took 120.61ns 
177980     INFO  main            d.u.i.k.p.i.AbstractProblemLoader Creating init config 
180768     DEBUG main            d.u.i.k.p.i.AbstractProblemLoader Init config took 2.79s 
180812     INFO  main            d.u.i.k.p.i.AbstractProblemLoader Replaying proof Recell[Recell::footprint()].JML model_behavior operation contract.0 
180816     DEBUG main            d.u.i.k.p.i.IntermediateProofReplayer Proof replay took 1.52ms 
180817     DEBUG main            d.u.i.k.p.r.p.TestFile    ... success: reloaded. 
180818     INFO  main            d.u.i.k.p.r.p.TestFile    Now processing file /home/runner/work/key/key/key.core/../key.ui/examples/heap/model_methods/Recell_Recell_post_set.key 
180818     INFO  main            d.u.i.k.p.i.AbstractProblemLoader Loading environment from /home/runner/work/key/key/key.core/../key.ui/examples/heap/model_methods/Recell_Recell_post_set.key 
180818     DEBUG main            d.u.i.k.p.i.AbstractProblemLoader Environment load took 235.81ns 
180819     INFO  main            d.u.i.k.p.i.AbstractProblemLoader Creating init config 
183669     DEBUG main            d.u.i.k.p.i.AbstractProblemLoader Init config took 2.85s 
183734     INFO  main            d.u.i.k.p.i.AbstractProblemLoader Replaying proof Recell[Recell::post_set(int)].JML model_behavior operation contract.0 
183736     DEBUG main            d.u.i.k.p.i.IntermediateProofReplayer Proof replay took 8.3ns 
183840     INFO  main            d.u.i.k.p.r.p.TestFile    ... finished proof: closed. 
184170     INFO  main            d.u.i.k.p.i.AbstractProblemLoader Loading environment from /home/runner/work/key/key/key.core/../key.ui/examples/heap/model_methods/Recell_Recell_post_set.key.proof 
184170     DEBUG main            d.u.i.k.p.i.AbstractProblemLoader Environment load took 112.81ns 
184171     INFO  main            d.u.i.k.p.i.AbstractProblemLoader Creating init config 
187065     DEBUG main            d.u.i.k.p.i.AbstractProblemLoader Init config took 2.89s 
187112     INFO  main            d.u.i.k.p.i.AbstractProblemLoader Replaying proof Recell[Recell::post_set(int)].JML model_behavior operation contract.0 
187117     DEBUG main            d.u.i.k.p.i.IntermediateProofReplayer Proof replay took 2.62ms 
187122     DEBUG main            d.u.i.k.p.r.p.TestFile    ... success: reloaded. 
187124     INFO  main            d.u.i.k.p.r.p.TestFile    Now processing file /home/runner/work/key/key/key.core/../key.ui/examples/heap/model_methods/Recell_set.key 
187124     INFO  main            d.u.i.k.p.i.AbstractProblemLoader Loading environment from /home/runner/work/key/key/key.core/../key.ui/examples/heap/model_methods/Recell_set.key 
187124     DEBUG main            d.u.i.k.p.i.AbstractProblemLoader Environment load took 233.41ns 
187125     INFO  main            d.u.i.k.p.i.AbstractProblemLoader Creating init config 
190086     DEBUG main            d.u.i.k.p.i.AbstractProblemLoader Init config took 2.96s 
190130     INFO  main            d.u.i.k.p.i.AbstractProblemLoader Replaying proof Recell[Cell::set(int)].JML operation contract.0 
190132     DEBUG main            d.u.i.k.p.i.IntermediateProofReplayer Proof replay took 8.1ns 
197754     INFO  main            d.u.i.k.p.r.p.TestFile    ... finished proof: closed. 
198183     INFO  main            d.u.i.k.p.i.AbstractProblemLoader Loading environment from /home/runner/work/key/key/key.core/../key.ui/examples/heap/model_methods/Recell_set.key.proof 
198183     DEBUG main            d.u.i.k.p.i.AbstractProblemLoader Environment load took 127.01ns 
198184     INFO  main            d.u.i.k.p.i.AbstractProblemLoader Creating init config 
201026     DEBUG main            d.u.i.k.p.i.AbstractProblemLoader Init config took 2.84s 
201073     INFO  main            d.u.i.k.p.i.AbstractProblemLoader Replaying proof Recell[Cell::set(int)].JML operation contract.0 
201719     DEBUG main            d.u.i.k.p.i.IntermediateProofReplayer Proof replay took 618.52ms 
201721     DEBUG main            d.u.i.k.p.r.p.TestFile    ... success: reloaded. 
201722     INFO  main            d.u.i.k.p.r.p.TestFile    Now processing file /home/runner/work/key/key/key.core/../key.ui/examples/heap/model_methods/Recell_undo.key 
201722     INFO  main            d.u.i.k.p.i.AbstractProblemLoader Loading environment from /home/runner/work/key/key/key.core/../key.ui/examples/heap/model_methods/Recell_undo.key 
201723     DEBUG main            d.u.i.k.p.i.AbstractProblemLoader Environment load took 209.41ns 
201724     INFO  main            d.u.i.k.p.i.AbstractProblemLoader Creating init config 
204707     DEBUG main            d.u.i.k.p.i.AbstractProblemLoader Init config took 2.98s 
204752     INFO  main            d.u.i.k.p.i.AbstractProblemLoader Replaying proof Recell[Recell::undo()].JML operation contract.0 
204754     DEBUG main            d.u.i.k.p.i.IntermediateProofReplayer Proof replay took 18.8ns 
204957     INFO  main            d.u.i.k.p.r.p.TestFile    ... finished proof: closed. 
205307     INFO  main            d.u.i.k.p.i.AbstractProblemLoader Loading environment from /home/runner/work/key/key/key.core/../key.ui/examples/heap/model_methods/Recell_undo.key.proof 
205307     DEBUG main            d.u.i.k.p.i.AbstractProblemLoader Environment load took 119.21ns 
205308     INFO  main            d.u.i.k.p.i.AbstractProblemLoader Creating init config 
208234     DEBUG main            d.u.i.k.p.i.AbstractProblemLoader Init config took 2.93s 
208278     INFO  main            d.u.i.k.p.i.AbstractProblemLoader Replaying proof Recell[Recell::undo()].JML operation contract.0 
208316     DEBUG main            d.u.i.k.p.i.IntermediateProofReplayer Proof replay took 35.85ms 
208317     DEBUG main            d.u.i.k.p.r.p.TestFile    ... success: reloaded. 
5036079    INFO  Test worker     d.u.i.k.p.r.RunAllProofsTestUnit Returning from test modelMethods 
5036080    INFO  Test worker     d.u.i.k.p.r.RunAllProofsTestUnit Running test permissionHeap 
450        INFO  Timeout watchdog d.u.i.k.p.r.p.ForkedTestFileRunner Timeout watcher launched (2000 secs.) 
474        WARN  main            d.u.i.k.s.ProofSettings   The settings in /home/runner/.key/proof-settings.props are *not* read. 
527        INFO  main            d.u.i.k.p.r.p.TestFile    Now processing file /home/runner/work/key/key/key.core/../key.ui/examples/heap/permissions/permissions_method0.key 
696        INFO  main            d.u.i.k.p.i.AbstractProblemLoader Loading environment from /home/runner/work/key/key/key.core/../key.ui/examples/heap/permissions/permissions_method0.key 
721        DEBUG main            d.u.i.k.p.i.AbstractProblemLoader Environment load took 2.67ms 
995        INFO  main            d.u.i.k.p.i.AbstractProblemLoader Creating init config 
1993       DEBUG main            d.u.i.k.j.TypeConverter   No LDT found for Meta 
1993       DEBUG main            d.u.i.k.j.TypeConverter   No LDT found for Meta 
1995       DEBUG main            d.u.i.k.j.TypeConverter   No LDT found for Meta 
1995       DEBUG main            d.u.i.k.j.TypeConverter   No LDT found for Meta 
3481       DEBUG main            d.u.i.k.j.TypeConverter   No LDT found for JavaBigintExpression 
9504       DEBUG main            d.u.i.k.p.i.AbstractProblemLoader Init config took 8.51s 
9678       INFO  main            d.u.i.k.p.i.AbstractProblemLoader Replaying proof MyClass[MyClass::method0()].JML normal_behavior operation contract.0 
9717       DEBUG main            d.u.i.k.p.i.IntermediateProofReplayer Proof replay took 40.5ns 
10852      INFO  main            d.u.i.k.p.r.p.TestFile    ... finished proof: closed. 
10996      INFO  main            d.u.i.k.p.i.AbstractProblemLoader Loading environment from /home/runner/work/key/key/key.core/../key.ui/examples/heap/permissions/permissions_method0.key.proof 
10999      DEBUG main            d.u.i.k.p.i.AbstractProblemLoader Environment load took 3.22ms 
11002      INFO  main            d.u.i.k.p.i.AbstractProblemLoader Creating init config 
14401      DEBUG main            d.u.i.k.p.i.AbstractProblemLoader Init config took 3.4s 
14468      INFO  main            d.u.i.k.p.i.AbstractProblemLoader Replaying proof MyClass[MyClass::method0()].JML normal_behavior operation contract.0 
14646      DEBUG main            d.u.i.k.p.i.IntermediateProofReplayer Proof replay took 171.07ms 
14654      DEBUG main            d.u.i.k.p.r.p.TestFile    ... success: reloaded. 
14657      INFO  main            d.u.i.k.p.r.p.TestFile    Now processing file /home/runner/work/key/key/key.core/../key.ui/examples/heap/permissions/permissions_method1.key 
14657      INFO  main            d.u.i.k.p.i.AbstractProblemLoader Loading environment from /home/runner/work/key/key/key.core/../key.ui/examples/heap/permissions/permissions_method1.key 
14657      DEBUG main            d.u.i.k.p.i.AbstractProblemLoader Environment load took 97.01ns 
14660      INFO  main            d.u.i.k.p.i.AbstractProblemLoader Creating init config 
17882      DEBUG main            d.u.i.k.p.i.AbstractProblemLoader Init config took 3.22s 
17948      INFO  main            d.u.i.k.p.i.AbstractProblemLoader Replaying proof MyClass[MyClass::method1()].JML normal_behavior operation contract.0 
17951      DEBUG main            d.u.i.k.p.i.IntermediateProofReplayer Proof replay took 6.8ns 
18254      INFO  main            d.u.i.k.p.r.p.TestFile    ... finished proof: closed. 
18424      INFO  main            d.u.i.k.p.i.AbstractProblemLoader Loading environment from /home/runner/work/key/key/key.core/../key.ui/examples/heap/permissions/permissions_method1.key.proof 
18429      DEBUG main            d.u.i.k.p.i.AbstractProblemLoader Environment load took 5.19ms 
18431      INFO  main            d.u.i.k.p.i.AbstractProblemLoader Creating init config 
21594      DEBUG main            d.u.i.k.p.i.AbstractProblemLoader Init config took 3.16s 
21658      INFO  main            d.u.i.k.p.i.AbstractProblemLoader Replaying proof MyClass[MyClass::method1()].JML normal_behavior operation contract.0 
21735      DEBUG main            d.u.i.k.p.i.IntermediateProofReplayer Proof replay took 73.39ms 
21736      DEBUG main            d.u.i.k.p.r.p.TestFile    ... success: reloaded. 
21738      INFO  main            d.u.i.k.p.r.p.TestFile    Now processing file /home/runner/work/key/key/key.core/../key.ui/examples/heap/permissions/permissions_method3.key 
21738      INFO  main            d.u.i.k.p.i.AbstractProblemLoader Loading environment from /home/runner/work/key/key/key.core/../key.ui/examples/heap/permissions/permissions_method3.key 
21739      DEBUG main            d.u.i.k.p.i.AbstractProblemLoader Environment load took 218.41ns 
21740      INFO  main            d.u.i.k.p.i.AbstractProblemLoader Creating init config 
25012      DEBUG main            d.u.i.k.p.i.AbstractProblemLoader Init config took 3.27s 
25071      INFO  main            d.u.i.k.p.i.AbstractProblemLoader Replaying proof MyClass[MyClass::method3()].JML normal_behavior operation contract.0 
25073      DEBUG main            d.u.i.k.p.i.IntermediateProofReplayer Proof replay took 7.3ns 
26690      INFO  main            d.u.i.k.p.r.p.TestFile    ... finished proof: closed. 
26872      INFO  main            d.u.i.k.p.i.AbstractProblemLoader Loading environment from /home/runner/work/key/key/key.core/../key.ui/examples/heap/permissions/permissions_method3.key.proof 
26873      DEBUG main            d.u.i.k.p.i.AbstractProblemLoader Environment load took 396.43ns 
26874      INFO  main            d.u.i.k.p.i.AbstractProblemLoader Creating init config 
29880      DEBUG main            d.u.i.k.p.i.AbstractProblemLoader Init config took 3.01s 
29950      INFO  main            d.u.i.k.p.i.AbstractProblemLoader Replaying proof MyClass[MyClass::method3()].JML normal_behavior operation contract.0 
30252      DEBUG main            d.u.i.k.p.i.IntermediateProofReplayer Proof replay took 293.7ms 
30253      DEBUG main            d.u.i.k.p.r.p.TestFile    ... success: reloaded. 
30255      INFO  main            d.u.i.k.p.r.p.TestFile    Now processing file /home/runner/work/key/key/key.core/../key.ui/examples/heap/permissions/permissions_setAB.key 
30255      INFO  main            d.u.i.k.p.i.AbstractProblemLoader Loading environment from /home/runner/work/key/key/key.core/../key.ui/examples/heap/permissions/permissions_setAB.key 
30256      DEBUG main            d.u.i.k.p.i.AbstractProblemLoader Environment load took 207.11ns 
30257      INFO  main            d.u.i.k.p.i.AbstractProblemLoader Creating init config 
33380      DEBUG main            d.u.i.k.p.i.AbstractProblemLoader Init config took 3.12s 
33467      INFO  main            d.u.i.k.p.i.AbstractProblemLoader Replaying proof MyClass[MyClass::setAB()].JML normal_behavior operation contract.0 
33471      DEBUG main            d.u.i.k.p.i.IntermediateProofReplayer Proof replay took 7.8ns 
35280      INFO  main            d.u.i.k.p.r.p.TestFile    ... finished proof: closed. 
35490      INFO  main            d.u.i.k.p.i.AbstractProblemLoader Loading environment from /home/runner/work/key/key/key.core/../key.ui/examples/heap/permissions/permissions_setAB.key.proof 
35491      DEBUG main            d.u.i.k.p.i.AbstractProblemLoader Environment load took 436.13ns 
35492      INFO  main            d.u.i.k.p.i.AbstractProblemLoader Creating init config 
38483      DEBUG main            d.u.i.k.p.i.AbstractProblemLoader Init config took 2.99s 
38537      INFO  main            d.u.i.k.p.i.AbstractProblemLoader Replaying proof MyClass[MyClass::setAB()].JML normal_behavior operation contract.0 
38862      DEBUG main            d.u.i.k.p.i.IntermediateProofReplayer Proof replay took 319.3ms 
38864      DEBUG main            d.u.i.k.p.r.p.TestFile    ... success: reloaded. 
38865      INFO  main            d.u.i.k.p.r.p.TestFile    Now processing file /home/runner/work/key/key/key.core/../key.ui/examples/heap/permissions/permissionProperties.key 
38866      INFO  main            d.u.i.k.p.i.AbstractProblemLoader Loading environment from /home/runner/work/key/key/key.core/../key.ui/examples/heap/permissions/permissionProperties.key 
38866      DEBUG main            d.u.i.k.p.i.AbstractProblemLoader Environment load took 235.12ns 
38867      INFO  main            d.u.i.k.p.i.AbstractProblemLoader Creating init config 
39075      DEBUG main            d.u.i.k.j.TypeConverter   No LDT found for Meta 
39076      DEBUG main            d.u.i.k.j.TypeConverter   No LDT found for Meta 
39076      DEBUG main            d.u.i.k.j.TypeConverter   No LDT found for Meta 
39077      DEBUG main            d.u.i.k.j.TypeConverter   No LDT found for Meta 
39884      DEBUG main            d.u.i.k.j.TypeConverter   No LDT found for JavaBigintExpression 
42888      DEBUG main            d.u.i.k.p.i.AbstractProblemLoader Init config took 4.02s 
42913      INFO  main            d.u.i.k.p.i.AbstractProblemLoader Replaying proof permissionProperties.key 
42915      DEBUG main            d.u.i.k.p.i.IntermediateProofReplayer Proof replay took 8.8ns 
43018      INFO  main            d.u.i.k.p.r.p.TestFile    ... finished proof: closed. 
43203      INFO  main            d.u.i.k.p.i.AbstractProblemLoader Loading environment from /home/runner/work/key/key/key.core/../key.ui/examples/heap/permissions/permissionProperties.key.proof 
43205      DEBUG main            d.u.i.k.p.i.AbstractProblemLoader Environment load took 2.24ms 
43207      INFO  main            d.u.i.k.p.i.AbstractProblemLoader Creating init config 
46025      DEBUG main            d.u.i.k.p.i.AbstractProblemLoader Init config took 2.82s 
46052      INFO  main            d.u.i.k.p.i.AbstractProblemLoader Replaying proof permissionProperties.key.proof 
46074      DEBUG main            d.u.i.k.p.i.IntermediateProofReplayer Proof replay took 20.3ms 
46076      DEBUG main            d.u.i.k.p.r.p.TestFile    ... success: reloaded. 
46077      INFO  main            d.u.i.k.p.r.p.TestFile    Now processing file /home/runner/work/key/key/key.core/../key.ui/examples/heap/permissions/threads/AFilter_AFilter.key 
46078      INFO  main            d.u.i.k.p.i.AbstractProblemLoader Loading environment from /home/runner/work/key/key/key.core/../key.ui/examples/heap/permissions/threads/AFilter_AFilter.key 
46078      DEBUG main            d.u.i.k.p.i.AbstractProblemLoader Environment load took 269.42ns 
46079      INFO  main            d.u.i.k.p.i.AbstractProblemLoader Creating init config 
46213      DEBUG main            d.u.i.k.j.TypeConverter   No LDT found for Meta 
46213      DEBUG main            d.u.i.k.j.TypeConverter   No LDT found for Meta 
46214      DEBUG main            d.u.i.k.j.TypeConverter   No LDT found for Meta 
46214      DEBUG main            d.u.i.k.j.TypeConverter   No LDT found for Meta 
46946      DEBUG main            d.u.i.k.j.TypeConverter   No LDT found for JavaBigintExpression 
53123      DEBUG main            d.u.i.k.p.i.AbstractProblemLoader Init config took 7.04s 
53292      INFO  main            d.u.i.k.p.i.AbstractProblemLoader Replaying proof AFilter[AFilter::AFilter(Sampler,Buffer)].JML normal_behavior operation contract.0 
53294      DEBUG main            d.u.i.k.p.i.IntermediateProofReplayer Proof replay took 8.3ns 
54500      INFO  main            d.u.i.k.p.r.p.TestFile    ... finished proof: closed. 
54796      INFO  main            d.u.i.k.p.i.AbstractProblemLoader Loading environment from /home/runner/work/key/key/key.core/../key.ui/examples/heap/permissions/threads/AFilter_AFilter.key.proof 
54798      DEBUG main            d.u.i.k.p.i.AbstractProblemLoader Environment load took 1.49ms 
54799      INFO  main            d.u.i.k.p.i.AbstractProblemLoader Creating init config 
60121      DEBUG main            d.u.i.k.p.i.AbstractProblemLoader Init config took 5.32s 
60253      INFO  main            d.u.i.k.p.i.AbstractProblemLoader Replaying proof AFilter[AFilter::AFilter(Sampler,Buffer)].JML normal_behavior operation contract.0 
60472      DEBUG main            d.u.i.k.p.i.IntermediateProofReplayer Proof replay took 211.77ms 
60473      DEBUG main            d.u.i.k.p.r.p.TestFile    ... success: reloaded. 
60475      INFO  main            d.u.i.k.p.r.p.TestFile    Now processing file /home/runner/work/key/key/key.core/../key.ui/examples/heap/permissions/threads/AFilter_initPost_accessible.key 
60475      INFO  main            d.u.i.k.p.i.AbstractProblemLoader Loading environment from /home/runner/work/key/key/key.core/../key.ui/examples/heap/permissions/threads/AFilter_initPost_accessible.key 
60475      DEBUG main            d.u.i.k.p.i.AbstractProblemLoader Environment load took 102.61ns 
60476      INFO  main            d.u.i.k.p.i.AbstractProblemLoader Creating init config 
65805      DEBUG main            d.u.i.k.p.i.AbstractProblemLoader Init config took 5.33s 
65953      INFO  main            d.u.i.k.p.i.AbstractProblemLoader Replaying proof AFilter[ThreadSpec2::initPost()].JML accessible clause.0 
65955      DEBUG main            d.u.i.k.p.i.IntermediateProofReplayer Proof replay took 8.1ns 
66057      INFO  main            d.u.i.k.p.r.p.TestFile    ... finished proof: closed. 
66320      INFO  main            d.u.i.k.p.i.AbstractProblemLoader Loading environment from /home/runner/work/key/key/key.core/../key.ui/examples/heap/permissions/threads/AFilter_initPost_accessible.key.proof 
66320      DEBUG main            d.u.i.k.p.i.AbstractProblemLoader Environment load took 141.11ns 
66322      INFO  main            d.u.i.k.p.i.AbstractProblemLoader Creating init config 
71588      DEBUG main            d.u.i.k.p.i.AbstractProblemLoader Init config took 5.27s 
71702      INFO  main            d.u.i.k.p.i.AbstractProblemLoader Replaying proof AFilter[ThreadSpec2::initPost()].JML accessible clause.0 
71719      DEBUG main            d.u.i.k.p.i.IntermediateProofReplayer Proof replay took 14.87ms 
71720      DEBUG main            d.u.i.k.p.r.p.TestFile    ... success: reloaded. 
71722      INFO  main            d.u.i.k.p.r.p.TestFile    Now processing file /home/runner/work/key/key/key.core/../key.ui/examples/heap/permissions/threads/AFilter_inv_accessible1.key 
71722      INFO  main            d.u.i.k.p.i.AbstractProblemLoader Loading environment from /home/runner/work/key/key/key.core/../key.ui/examples/heap/permissions/threads/AFilter_inv_accessible1.key 
71723      DEBUG main            d.u.i.k.p.i.AbstractProblemLoader Environment load took 209.31ns 
71724      INFO  main            d.u.i.k.p.i.AbstractProblemLoader Creating init config 
77258      DEBUG main            d.u.i.k.p.i.AbstractProblemLoader Init config took 5.53s 
77366      INFO  main            d.u.i.k.p.i.AbstractProblemLoader Replaying proof AFilter[java.lang.Object::<inv>()].JML accessible clause.0 
77368      DEBUG main            d.u.i.k.p.i.IntermediateProofReplayer Proof replay took 8ns 
77470      INFO  main            d.u.i.k.p.r.p.TestFile    ... finished proof: closed. 
77720      INFO  main            d.u.i.k.p.i.AbstractProblemLoader Loading environment from /home/runner/work/key/key/key.core/../key.ui/examples/heap/permissions/threads/AFilter_inv_accessible1.key.proof 
77720      DEBUG main            d.u.i.k.p.i.AbstractProblemLoader Environment load took 145.81ns 
77721      INFO  main            d.u.i.k.p.i.AbstractProblemLoader Creating init config 
83024      DEBUG main            d.u.i.k.p.i.AbstractProblemLoader Init config took 5.3s 
83134      INFO  main            d.u.i.k.p.i.AbstractProblemLoader Replaying proof AFilter[java.lang.Object::<inv>()].JML accessible clause.0 
83141      DEBUG main            d.u.i.k.p.i.IntermediateProofReplayer Proof replay took 4.89ms 
83143      DEBUG main            d.u.i.k.p.r.p.TestFile    ... success: reloaded. 
83144      INFO  main            d.u.i.k.p.r.p.TestFile    Now processing file /home/runner/work/key/key/key.core/../key.ui/examples/heap/permissions/threads/AFilter_inv_accessible2.key 
83145      INFO  main            d.u.i.k.p.i.AbstractProblemLoader Loading environment from /home/runner/work/key/key/key.core/../key.ui/examples/heap/permissions/threads/AFilter_inv_accessible2.key 
83145      DEBUG main            d.u.i.k.p.i.AbstractProblemLoader Environment load took 207.61ns 
83146      INFO  main            d.u.i.k.p.i.AbstractProblemLoader Creating init config 
88655      DEBUG main            d.u.i.k.p.i.AbstractProblemLoader Init config took 5.51s 
88769      INFO  main            d.u.i.k.p.i.AbstractProblemLoader Replaying proof AFilter[java.lang.Object::<inv>()].JML accessible clause.1 
88770      DEBUG main            d.u.i.k.p.i.IntermediateProofReplayer Proof replay took 8.2ns 
88874      INFO  main            d.u.i.k.p.r.p.TestFile    ... finished proof: closed. 
89129      INFO  main            d.u.i.k.p.i.AbstractProblemLoader Loading environment from /home/runner/work/key/key/key.core/../key.ui/examples/heap/permissions/threads/AFilter_inv_accessible2.key.proof 
89129      DEBUG main            d.u.i.k.p.i.AbstractProblemLoader Environment load took 147.81ns 
89130      INFO  main            d.u.i.k.p.i.AbstractProblemLoader Creating init config 
94414      DEBUG main            d.u.i.k.p.i.AbstractProblemLoader Init config took 5.28s 
94522      INFO  main            d.u.i.k.p.i.AbstractProblemLoader Replaying proof AFilter[java.lang.Object::<inv>()].JML accessible clause.1 
94526      DEBUG main            d.u.i.k.p.i.IntermediateProofReplayer Proof replay took 2.64ms 
94527      DEBUG main            d.u.i.k.p.r.p.TestFile    ... success: reloaded. 
94529      INFO  main            d.u.i.k.p.r.p.TestFile    Now processing file /home/runner/work/key/key/key.core/../key.ui/examples/heap/permissions/threads/AFilter_joinTransfer_accessible.key 
94529      INFO  main            d.u.i.k.p.i.AbstractProblemLoader Loading environment from /home/runner/work/key/key/key.core/../key.ui/examples/heap/permissions/threads/AFilter_joinTransfer_accessible.key 
94529      DEBUG main            d.u.i.k.p.i.AbstractProblemLoader Environment load took 119.61ns 
94530      INFO  main            d.u.i.k.p.i.AbstractProblemLoader Creating init config 
99770      DEBUG main            d.u.i.k.p.i.AbstractProblemLoader Init config took 5.24s 
99875      INFO  main            d.u.i.k.p.i.AbstractProblemLoader Replaying proof AFilter[ThreadSpec2::joinTransfer()].JML accessible clause.0 
99877      DEBUG main            d.u.i.k.p.i.IntermediateProofReplayer Proof replay took 8.4ns 
101186     INFO  main            d.u.i.k.p.r.p.TestFile    ... finished proof: closed. 
101466     INFO  main            d.u.i.k.p.i.AbstractProblemLoader Loading environment from /home/runner/work/key/key/key.core/../key.ui/examples/heap/permissions/threads/AFilter_joinTransfer_accessible.key.proof 
101467     DEBUG main            d.u.i.k.p.i.AbstractProblemLoader Environment load took 911.26ns 
101469     INFO  main            d.u.i.k.p.i.AbstractProblemLoader Creating init config 
106697     DEBUG main            d.u.i.k.p.i.AbstractProblemLoader Init config took 5.23s 
106816     INFO  main            d.u.i.k.p.i.AbstractProblemLoader Replaying proof AFilter[ThreadSpec2::joinTransfer()].JML accessible clause.0 
106977     DEBUG main            d.u.i.k.p.i.IntermediateProofReplayer Proof replay took 155.1ms 
106979     DEBUG main            d.u.i.k.p.r.p.TestFile    ... success: reloaded. 
106980     INFO  main            d.u.i.k.p.r.p.TestFile    Now processing file /home/runner/work/key/key/key.core/../key.ui/examples/heap/permissions/threads/AFilter_joinTransfer_contract.key 
106981     INFO  main            d.u.i.k.p.i.AbstractProblemLoader Loading environment from /home/runner/work/key/key/key.core/../key.ui/examples/heap/permissions/threads/AFilter_joinTransfer_contract.key 
106981     DEBUG main            d.u.i.k.p.i.AbstractProblemLoader Environment load took 211.21ns 
106982     INFO  main            d.u.i.k.p.i.AbstractProblemLoader Creating init config 
112708     DEBUG main            d.u.i.k.p.i.AbstractProblemLoader Init config took 5.73s 
112814     INFO  main            d.u.i.k.p.i.AbstractProblemLoader Replaying proof AFilter[ThreadSpec2::joinTransfer()].JML model_behavior operation contract.0 
112817     DEBUG main            d.u.i.k.p.i.IntermediateProofReplayer Proof replay took 8.7ns 
112921     INFO  main            d.u.i.k.p.r.p.TestFile    ... finished proof: closed. 
113204     INFO  main            d.u.i.k.p.i.AbstractProblemLoader Loading environment from /home/runner/work/key/key/key.core/../key.ui/examples/heap/permissions/threads/AFilter_joinTransfer_contract.key.proof 
113204     DEBUG main            d.u.i.k.p.i.AbstractProblemLoader Environment load took 159.81ns 
113205     INFO  main            d.u.i.k.p.i.AbstractProblemLoader Creating init config 
118583     DEBUG main            d.u.i.k.p.i.AbstractProblemLoader Init config took 5.38s 
118723     INFO  main            d.u.i.k.p.i.AbstractProblemLoader Replaying proof AFilter[ThreadSpec2::joinTransfer()].JML model_behavior operation contract.0 
118734     DEBUG main            d.u.i.k.p.i.IntermediateProofReplayer Proof replay took 9.42ms 
118735     DEBUG main            d.u.i.k.p.r.p.TestFile    ... success: reloaded. 
118737     INFO  main            d.u.i.k.p.r.p.TestFile    Now processing file /home/runner/work/key/key/key.core/../key.ui/examples/heap/permissions/threads/AFilter_postJoin_accessible.key 
118737     INFO  main            d.u.i.k.p.i.AbstractProblemLoader Loading environment from /home/runner/work/key/key/key.core/../key.ui/examples/heap/permissions/threads/AFilter_postJoin_accessible.key 
118737     DEBUG main            d.u.i.k.p.i.AbstractProblemLoader Environment load took 111.51ns 
118738     INFO  main            d.u.i.k.p.i.AbstractProblemLoader Creating init config 
124092     DEBUG main            d.u.i.k.p.i.AbstractProblemLoader Init config took 5.35s 
124198     INFO  main            d.u.i.k.p.i.AbstractProblemLoader Replaying proof AFilter[ThreadSpec2::postJoin(java.lang.Object)].JML accessible clause.0 
124199     DEBUG main            d.u.i.k.p.i.IntermediateProofReplayer Proof replay took 8.6ns 
124302     INFO  main            d.u.i.k.p.r.p.TestFile    ... finished proof: closed. 
124590     INFO  main            d.u.i.k.p.i.AbstractProblemLoader Loading environment from /home/runner/work/key/key/key.core/../key.ui/examples/heap/permissions/threads/AFilter_postJoin_accessible.key.proof 
124590     DEBUG main            d.u.i.k.p.i.AbstractProblemLoader Environment load took 136.41ns 
124592     INFO  main            d.u.i.k.p.i.AbstractProblemLoader Creating init config 
129839     DEBUG main            d.u.i.k.p.i.AbstractProblemLoader Init config took 5.25s 
129949     INFO  main            d.u.i.k.p.i.AbstractProblemLoader Replaying proof AFilter[ThreadSpec2::postJoin(java.lang.Object)].JML accessible clause.0 
129959     DEBUG main            d.u.i.k.p.i.IntermediateProofReplayer Proof replay took 8.63ms 
129960     DEBUG main            d.u.i.k.p.r.p.TestFile    ... success: reloaded. 
129961     INFO  main            d.u.i.k.p.r.p.TestFile    Now processing file /home/runner/work/key/key/key.core/../key.ui/examples/heap/permissions/threads/AFilter_preStart_accessible.key 
129962     INFO  main            d.u.i.k.p.i.AbstractProblemLoader Loading environment from /home/runner/work/key/key/key.core/../key.ui/examples/heap/permissions/threads/AFilter_preStart_accessible.key 
129962     DEBUG main            d.u.i.k.p.i.AbstractProblemLoader Environment load took 104.21ns 
129963     INFO  main            d.u.i.k.p.i.AbstractProblemLoader Creating init config 
135246     DEBUG main            d.u.i.k.p.i.AbstractProblemLoader Init config took 5.28s 
135354     INFO  main            d.u.i.k.p.i.AbstractProblemLoader Replaying proof AFilter[ThreadSpec2::preStart(java.lang.Object)].JML accessible clause.0 
135356     DEBUG main            d.u.i.k.p.i.IntermediateProofReplayer Proof replay took 8.6ns 
135760     INFO  main            d.u.i.k.p.r.p.TestFile    ... finished proof: closed. 
136038     INFO  main            d.u.i.k.p.i.AbstractProblemLoader Loading environment from /home/runner/work/key/key/key.core/../key.ui/examples/heap/permissions/threads/AFilter_preStart_accessible.key.proof 
136038     DEBUG main            d.u.i.k.p.i.AbstractProblemLoader Environment load took 135.01ns 
136039     INFO  main            d.u.i.k.p.i.AbstractProblemLoader Creating init config 
141314     DEBUG main            d.u.i.k.p.i.AbstractProblemLoader Init config took 5.28s 
141419     INFO  main            d.u.i.k.p.i.AbstractProblemLoader Replaying proof AFilter[ThreadSpec2::preStart(java.lang.Object)].JML accessible clause.0 
141472     DEBUG main            d.u.i.k.p.i.IntermediateProofReplayer Proof replay took 48.97ms 
141475     DEBUG main            d.u.i.k.p.r.p.TestFile    ... success: reloaded. 
141476     INFO  main            d.u.i.k.p.r.p.TestFile    Now processing file /home/runner/work/key/key/key.core/../key.ui/examples/heap/permissions/threads/AFilter_startTransfer_accessible.key 
141476     INFO  main            d.u.i.k.p.i.AbstractProblemLoader Loading environment from /home/runner/work/key/key/key.core/../key.ui/examples/heap/permissions/threads/AFilter_startTransfer_accessible.key 
141476     DEBUG main            d.u.i.k.p.i.AbstractProblemLoader Environment load took 107.51ns 
141477     INFO  main            d.u.i.k.p.i.AbstractProblemLoader Creating init config 
146828     DEBUG main            d.u.i.k.p.i.AbstractProblemLoader Init config took 5.35s 
146935     INFO  main            d.u.i.k.p.i.AbstractProblemLoader Replaying proof AFilter[ThreadSpec2::startTransfer()].JML accessible clause.0 
146937     DEBUG main            d.u.i.k.p.i.IntermediateProofReplayer Proof replay took 7.8ns 
158081     INFO  main            d.u.i.k.p.r.p.TestFile    ... finished proof: closed. 
158423     INFO  main            d.u.i.k.p.i.AbstractProblemLoader Loading environment from /home/runner/work/key/key/key.core/../key.ui/examples/heap/permissions/threads/AFilter_startTransfer_accessible.key.proof 
158423     DEBUG main            d.u.i.k.p.i.AbstractProblemLoader Environment load took 442.63ns 
158425     INFO  main            d.u.i.k.p.i.AbstractProblemLoader Creating init config 
163551     DEBUG main            d.u.i.k.p.i.AbstractProblemLoader Init config took 5.13s 
163653     INFO  main            d.u.i.k.p.i.AbstractProblemLoader Replaying proof AFilter[ThreadSpec2::startTransfer()].JML accessible clause.0 
164602     DEBUG main            d.u.i.k.p.i.IntermediateProofReplayer Proof replay took 923.67ms 
164604     DEBUG main            d.u.i.k.p.r.p.TestFile    ... success: reloaded. 
164605     INFO  main            d.u.i.k.p.r.p.TestFile    Now processing file /home/runner/work/key/key/key.core/../key.ui/examples/heap/permissions/threads/AFilter_startTransfer_contract.key 
164606     INFO  main            d.u.i.k.p.i.AbstractProblemLoader Loading environment from /home/runner/work/key/key/key.core/../key.ui/examples/heap/permissions/threads/AFilter_startTransfer_contract.key 
164606     DEBUG main            d.u.i.k.p.i.AbstractProblemLoader Environment load took 206.21ns 
164607     INFO  main            d.u.i.k.p.i.AbstractProblemLoader Creating init config 
169951     DEBUG main            d.u.i.k.p.i.AbstractProblemLoader Init config took 5.34s 
170097     INFO  main            d.u.i.k.p.i.AbstractProblemLoader Replaying proof AFilter[ThreadSpec2::startTransfer()].JML model_behavior operation contract.0 
170103     DEBUG main            d.u.i.k.p.i.IntermediateProofReplayer Proof replay took 7.1ns 
170608     INFO  main            d.u.i.k.p.r.p.TestFile    ... finished proof: closed. 
170892     INFO  main            d.u.i.k.p.i.AbstractProblemLoader Loading environment from /home/runner/work/key/key/key.core/../key.ui/examples/heap/permissions/threads/AFilter_startTransfer_contract.key.proof 
170893     DEBUG main            d.u.i.k.p.i.AbstractProblemLoader Environment load took 375.42ns 
170894     INFO  main            d.u.i.k.p.i.AbstractProblemLoader Creating init config 
176298     DEBUG main            d.u.i.k.p.i.AbstractProblemLoader Init config took 5.4s 
176411     INFO  main            d.u.i.k.p.i.AbstractProblemLoader Replaying proof AFilter[ThreadSpec2::startTransfer()].JML model_behavior operation contract.0 
176471     DEBUG main            d.u.i.k.p.i.IntermediateProofReplayer Proof replay took 55.55ms 
176472     DEBUG main            d.u.i.k.p.r.p.TestFile    ... success: reloaded. 
176474     INFO  main            d.u.i.k.p.r.p.TestFile    Now processing file /home/runner/work/key/key/key.core/../key.ui/examples/heap/permissions/threads/AFilter_stateInv_accessible.key 
176474     INFO  main            d.u.i.k.p.i.AbstractProblemLoader Loading environment from /home/runner/work/key/key/key.core/../key.ui/examples/heap/permissions/threads/AFilter_stateInv_accessible.key 
176474     DEBUG main            d.u.i.k.p.i.AbstractProblemLoader Environment load took 102.21ns 
176475     INFO  main            d.u.i.k.p.i.AbstractProblemLoader Creating init config 
181742     DEBUG main            d.u.i.k.p.i.AbstractProblemLoader Init config took 5.27s 
181846     INFO  main            d.u.i.k.p.i.AbstractProblemLoader Replaying proof AFilter[ThreadSpec2::stateInv()].JML accessible clause.0 
181848     DEBUG main            d.u.i.k.p.i.IntermediateProofReplayer Proof replay took 6.3ns 
182251     INFO  main            d.u.i.k.p.r.p.TestFile    ... finished proof: closed. 
182543     INFO  main            d.u.i.k.p.i.AbstractProblemLoader Loading environment from /home/runner/work/key/key/key.core/../key.ui/examples/heap/permissions/threads/AFilter_stateInv_accessible.key.proof 
182543     DEBUG main            d.u.i.k.p.i.AbstractProblemLoader Environment load took 134.11ns 
182544     INFO  main            d.u.i.k.p.i.AbstractProblemLoader Creating init config 
187742     DEBUG main            d.u.i.k.p.i.AbstractProblemLoader Init config took 5.2s 
187847     INFO  main            d.u.i.k.p.i.AbstractProblemLoader Replaying proof AFilter[ThreadSpec2::stateInv()].JML accessible clause.0 
187895     DEBUG main            d.u.i.k.p.i.IntermediateProofReplayer Proof replay took 44.59ms 
187896     DEBUG main            d.u.i.k.p.r.p.TestFile    ... success: reloaded. 
187897     INFO  main            d.u.i.k.p.r.p.TestFile    Now processing file /home/runner/work/key/key/key.core/../key.ui/examples/heap/permissions/threads/AFilter_staticPermissions_accessible.key 
187897     INFO  main            d.u.i.k.p.i.AbstractProblemLoader Loading environment from /home/runner/work/key/key/key.core/../key.ui/examples/heap/permissions/threads/AFilter_staticPermissions_accessible.key 
187897     DEBUG main            d.u.i.k.p.i.AbstractProblemLoader Environment load took 103.81ns 
187898     INFO  main            d.u.i.k.p.i.AbstractProblemLoader Creating init config 
193233     DEBUG main            d.u.i.k.p.i.AbstractProblemLoader Init config took 5.33s 
193336     INFO  main            d.u.i.k.p.i.AbstractProblemLoader Replaying proof AFilter[ThreadSpec2::staticPermissions()].JML accessible clause.0 
193337     DEBUG main            d.u.i.k.p.i.IntermediateProofReplayer Proof replay took 6.7ns 
193443     INFO  main            d.u.i.k.p.r.p.TestFile    ... finished proof: closed. 
193762     INFO  main            d.u.i.k.p.i.AbstractProblemLoader Loading environment from /home/runner/work/key/key/key.core/../key.ui/examples/heap/permissions/threads/AFilter_staticPermissions_accessible.key.proof 
193762     DEBUG main            d.u.i.k.p.i.AbstractProblemLoader Environment load took 166.51ns 
193764     INFO  main            d.u.i.k.p.i.AbstractProblemLoader Creating init config 
198956     DEBUG main            d.u.i.k.p.i.AbstractProblemLoader Init config took 5.19s 
199060     INFO  main            d.u.i.k.p.i.AbstractProblemLoader Replaying proof AFilter[ThreadSpec2::staticPermissions()].JML accessible clause.0 
199073     DEBUG main            d.u.i.k.p.i.IntermediateProofReplayer Proof replay took 10.89ms 
199074     DEBUG main            d.u.i.k.p.r.p.TestFile    ... success: reloaded. 
199075     INFO  main            d.u.i.k.p.r.p.TestFile    Now processing file /home/runner/work/key/key/key.core/../key.ui/examples/heap/permissions/threads/AFilter_workingPermissions_accessible.key 
199075     INFO  main            d.u.i.k.p.i.AbstractProblemLoader Loading environment from /home/runner/work/key/key/key.core/../key.ui/examples/heap/permissions/threads/AFilter_workingPermissions_accessible.key 
199075     DEBUG main            d.u.i.k.p.i.AbstractProblemLoader Environment load took 81.41ns 
199076     INFO  main            d.u.i.k.p.i.AbstractProblemLoader Creating init config 
204466     DEBUG main            d.u.i.k.p.i.AbstractProblemLoader Init config took 5.39s 
204573     INFO  main            d.u.i.k.p.i.AbstractProblemLoader Replaying proof AFilter[ThreadSpec2::workingPermissions()].JML accessible clause.0 
204574     DEBUG main            d.u.i.k.p.i.IntermediateProofReplayer Proof replay took 6.7ns 
204677     INFO  main            d.u.i.k.p.r.p.TestFile    ... finished proof: closed. 
205012     INFO  main            d.u.i.k.p.i.AbstractProblemLoader Loading environment from /home/runner/work/key/key/key.core/../key.ui/examples/heap/permissions/threads/AFilter_workingPermissions_accessible.key.proof 
205013     DEBUG main            d.u.i.k.p.i.AbstractProblemLoader Environment load took 558.53ns 
205014     INFO  main            d.u.i.k.p.i.AbstractProblemLoader Creating init config 
210217     DEBUG main            d.u.i.k.p.i.AbstractProblemLoader Init config took 5.2s 
210319     INFO  main            d.u.i.k.p.i.AbstractProblemLoader Replaying proof AFilter[ThreadSpec2::workingPermissions()].JML accessible clause.0 
210331     DEBUG main            d.u.i.k.p.i.IntermediateProofReplayer Proof replay took 9.81ms 
210332     DEBUG main            d.u.i.k.p.r.p.TestFile    ... success: reloaded. 
210333     INFO  main            d.u.i.k.p.r.p.TestFile    Now processing file /home/runner/work/key/key/key.core/../key.ui/examples/heap/permissions/threads/BFilter_BFilter.key 
210333     INFO  main            d.u.i.k.p.i.AbstractProblemLoader Loading environment from /home/runner/work/key/key/key.core/../key.ui/examples/heap/permissions/threads/BFilter_BFilter.key 
210334     DEBUG main            d.u.i.k.p.i.AbstractProblemLoader Environment load took 102.91ns 
210334     INFO  main            d.u.i.k.p.i.AbstractProblemLoader Creating init config 
215844     DEBUG main            d.u.i.k.p.i.AbstractProblemLoader Init config took 5.51s 
215953     INFO  main            d.u.i.k.p.i.AbstractProblemLoader Replaying proof BFilter[BFilter::BFilter(Sampler,Buffer)].JML normal_behavior operation contract.0 
215955     DEBUG main            d.u.i.k.p.i.IntermediateProofReplayer Proof replay took 7.1ns 
217161     INFO  main            d.u.i.k.p.r.p.TestFile    ... finished proof: closed. 
217504     INFO  main            d.u.i.k.p.i.AbstractProblemLoader Loading environment from /home/runner/work/key/key/key.core/../key.ui/examples/heap/permissions/threads/BFilter_BFilter.key.proof 
217504     DEBUG main            d.u.i.k.p.i.AbstractProblemLoader Environment load took 578.04ns 
217506     INFO  main            d.u.i.k.p.i.AbstractProblemLoader Creating init config 
222788     DEBUG main            d.u.i.k.p.i.AbstractProblemLoader Init config took 5.28s 
222892     INFO  main            d.u.i.k.p.i.AbstractProblemLoader Replaying proof BFilter[BFilter::BFilter(Sampler,Buffer)].JML normal_behavior operation contract.0 
223065     DEBUG main            d.u.i.k.p.i.IntermediateProofReplayer Proof replay took 168.34ms 
223066     DEBUG main            d.u.i.k.p.r.p.TestFile    ... success: reloaded. 
223067     INFO  main            d.u.i.k.p.r.p.TestFile    Now processing file /home/runner/work/key/key/key.core/../key.ui/examples/heap/permissions/threads/BFilter_initPost_accessible.key 
223068     INFO  main            d.u.i.k.p.i.AbstractProblemLoader Loading environment from /home/runner/work/key/key/key.core/../key.ui/examples/heap/permissions/threads/BFilter_initPost_accessible.key 
223068     DEBUG main            d.u.i.k.p.i.AbstractProblemLoader Environment load took 160.21ns 
223069     INFO  main            d.u.i.k.p.i.AbstractProblemLoader Creating init config 
228310     DEBUG main            d.u.i.k.p.i.AbstractProblemLoader Init config took 5.24s 
228413     INFO  main            d.u.i.k.p.i.AbstractProblemLoader Replaying proof BFilter[ThreadSpec2::initPost()].JML accessible clause.0 
228415     DEBUG main            d.u.i.k.p.i.IntermediateProofReplayer Proof replay took 6.2ns 
228519     INFO  main            d.u.i.k.p.r.p.TestFile    ... finished proof: closed. 
228902     INFO  main            d.u.i.k.p.i.AbstractProblemLoader Loading environment from /home/runner/work/key/key/key.core/../key.ui/examples/heap/permissions/threads/BFilter_initPost_accessible.key.proof 
228902     DEBUG main            d.u.i.k.p.i.AbstractProblemLoader Environment load took 133.31ns 
228903     INFO  main            d.u.i.k.p.i.AbstractProblemLoader Creating init config 
234136     DEBUG main            d.u.i.k.p.i.AbstractProblemLoader Init config took 5.23s 
234246     INFO  main            d.u.i.k.p.i.AbstractProblemLoader Replaying proof BFilter[ThreadSpec2::initPost()].JML accessible clause.0 
234261     DEBUG main            d.u.i.k.p.i.IntermediateProofReplayer Proof replay took 12.38ms 
234262     DEBUG main            d.u.i.k.p.r.p.TestFile    ... success: reloaded. 
234263     INFO  main            d.u.i.k.p.r.p.TestFile    Now processing file /home/runner/work/key/key/key.core/../key.ui/examples/heap/permissions/threads/BFilter_inv_accessible1.key 
234263     INFO  main            d.u.i.k.p.i.AbstractProblemLoader Loading environment from /home/runner/work/key/key/key.core/../key.ui/examples/heap/permissions/threads/BFilter_inv_accessible1.key 
234264     DEBUG main            d.u.i.k.p.i.AbstractProblemLoader Environment load took 102.21ns 
234265     INFO  main            d.u.i.k.p.i.AbstractProblemLoader Creating init config 
239547     DEBUG main            d.u.i.k.p.i.AbstractProblemLoader Init config took 5.28s 
239650     INFO  main            d.u.i.k.p.i.AbstractProblemLoader Replaying proof BFilter[java.lang.Object::<inv>()].JML accessible clause.0 
239651     DEBUG main            d.u.i.k.p.i.IntermediateProofReplayer Proof replay took 7.6ns 
239753     INFO  main            d.u.i.k.p.r.p.TestFile    ... finished proof: closed. 
240113     INFO  main            d.u.i.k.p.i.AbstractProblemLoader Loading environment from /home/runner/work/key/key/key.core/../key.ui/examples/heap/permissions/threads/BFilter_inv_accessible1.key.proof 
240113     DEBUG main            d.u.i.k.p.i.AbstractProblemLoader Environment load took 151.71ns 
240114     INFO  main            d.u.i.k.p.i.AbstractProblemLoader Creating init config 
245306     DEBUG main            d.u.i.k.p.i.AbstractProblemLoader Init config took 5.19s 
245430     INFO  main            d.u.i.k.p.i.AbstractProblemLoader Replaying proof BFilter[java.lang.Object::<inv>()].JML accessible clause.0 
245434     DEBUG main            d.u.i.k.p.i.IntermediateProofReplayer Proof replay took 2.05ms 
245435     DEBUG main            d.u.i.k.p.r.p.TestFile    ... success: reloaded. 
245436     INFO  main            d.u.i.k.p.r.p.TestFile    Now processing file /home/runner/work/key/key/key.core/../key.ui/examples/heap/permissions/threads/BFilter_inv_accessible2.key 
245436     INFO  main            d.u.i.k.p.i.AbstractProblemLoader Loading environment from /home/runner/work/key/key/key.core/../key.ui/examples/heap/permissions/threads/BFilter_inv_accessible2.key 
245436     DEBUG main            d.u.i.k.p.i.AbstractProblemLoader Environment load took 80.5ns 
245437     INFO  main            d.u.i.k.p.i.AbstractProblemLoader Creating init config 
250768     DEBUG main            d.u.i.k.p.i.AbstractProblemLoader Init config took 5.33s 
250882     INFO  main            d.u.i.k.p.i.AbstractProblemLoader Replaying proof BFilter[java.lang.Object::<inv>()].JML accessible clause.1 
250892     DEBUG main            d.u.i.k.p.i.IntermediateProofReplayer Proof replay took 8.5ns 
250994     INFO  main            d.u.i.k.p.r.p.TestFile    ... finished proof: closed. 
251359     INFO  main            d.u.i.k.p.i.AbstractProblemLoader Loading environment from /home/runner/work/key/key/key.core/../key.ui/examples/heap/permissions/threads/BFilter_inv_accessible2.key.proof 
251359     DEBUG main            d.u.i.k.p.i.AbstractProblemLoader Environment load took 115.51ns 
251360     INFO  main            d.u.i.k.p.i.AbstractProblemLoader Creating init config 
256508     DEBUG main            d.u.i.k.p.i.AbstractProblemLoader Init config took 5.15s 
256614     INFO  main            d.u.i.k.p.i.AbstractProblemLoader Replaying proof BFilter[java.lang.Object::<inv>()].JML accessible clause.1 
256618     DEBUG main            d.u.i.k.p.i.IntermediateProofReplayer Proof replay took 2.15ms 
256619     DEBUG main            d.u.i.k.p.r.p.TestFile    ... success: reloaded. 
256620     INFO  main            d.u.i.k.p.r.p.TestFile    Now processing file /home/runner/work/key/key/key.core/../key.ui/examples/heap/permissions/threads/BFilter_joinTransfer_accessible.key 
256621     INFO  main            d.u.i.k.p.i.AbstractProblemLoader Loading environment from /home/runner/work/key/key/key.core/../key.ui/examples/heap/permissions/threads/BFilter_joinTransfer_accessible.key 
256621     DEBUG main            d.u.i.k.p.i.AbstractProblemLoader Environment load took 91.81ns 
256622     INFO  main            d.u.i.k.p.i.AbstractProblemLoader Creating init config 
262106     DEBUG main            d.u.i.k.p.i.AbstractProblemLoader Init config took 5.48s 
262209     INFO  main            d.u.i.k.p.i.AbstractProblemLoader Replaying proof BFilter[ThreadSpec2::joinTransfer()].JML accessible clause.0 
262211     DEBUG main            d.u.i.k.p.i.IntermediateProofReplayer Proof replay took 7.2ns 
263414     INFO  main            d.u.i.k.p.r.p.TestFile    ... finished proof: closed. 
263783     INFO  main            d.u.i.k.p.i.AbstractProblemLoader Loading environment from /home/runner/work/key/key/key.core/../key.ui/examples/heap/permissions/threads/BFilter_joinTransfer_accessible.key.proof 
263784     DEBUG main            d.u.i.k.p.i.AbstractProblemLoader Environment load took 415.43ns 
263785     INFO  main            d.u.i.k.p.i.AbstractProblemLoader Creating init config 
268894     DEBUG main            d.u.i.k.p.i.AbstractProblemLoader Init config took 5.11s 
269004     INFO  main            d.u.i.k.p.i.AbstractProblemLoader Replaying proof BFilter[ThreadSpec2::joinTransfer()].JML accessible clause.0 
269135     DEBUG main            d.u.i.k.p.i.IntermediateProofReplayer Proof replay took 125.76ms 
269137     DEBUG main            d.u.i.k.p.r.p.TestFile    ... success: reloaded. 
269138     INFO  main            d.u.i.k.p.r.p.TestFile    Now processing file /home/runner/work/key/key/key.core/../key.ui/examples/heap/permissions/threads/BFilter_joinTransfer_contract.key 
269138     INFO  main            d.u.i.k.p.i.AbstractProblemLoader Loading environment from /home/runner/work/key/key/key.core/../key.ui/examples/heap/permissions/threads/BFilter_joinTransfer_contract.key 
269138     DEBUG main            d.u.i.k.p.i.AbstractProblemLoader Environment load took 196.01ns 
269140     INFO  main            d.u.i.k.p.i.AbstractProblemLoader Creating init config 
274447     DEBUG main            d.u.i.k.p.i.AbstractProblemLoader Init config took 5.31s 
274552     INFO  main            d.u.i.k.p.i.AbstractProblemLoader Replaying proof BFilter[ThreadSpec2::joinTransfer()].JML model_behavior operation contract.0 
274554     DEBUG main            d.u.i.k.p.i.IntermediateProofReplayer Proof replay took 7.9ns 
274656     INFO  main            d.u.i.k.p.r.p.TestFile    ... finished proof: closed. 
275022     INFO  main            d.u.i.k.p.i.AbstractProblemLoader Loading environment from /home/runner/work/key/key/key.core/../key.ui/examples/heap/permissions/threads/BFilter_joinTransfer_contract.key.proof 
275022     DEBUG main            d.u.i.k.p.i.AbstractProblemLoader Environment load took 115.01ns 
275023     INFO  main            d.u.i.k.p.i.AbstractProblemLoader Creating init config 
280221     DEBUG main            d.u.i.k.p.i.AbstractProblemLoader Init config took 5.2s 
280327     INFO  main            d.u.i.k.p.i.AbstractProblemLoader Replaying proof BFilter[ThreadSpec2::joinTransfer()].JML model_behavior operation contract.0 
280339     DEBUG main            d.u.i.k.p.i.IntermediateProofReplayer Proof replay took 9.96ms 
280341     DEBUG main            d.u.i.k.p.r.p.TestFile    ... success: reloaded. 
280342     INFO  main            d.u.i.k.p.r.p.TestFile    Now processing file /home/runner/work/key/key/key.core/../key.ui/examples/heap/permissions/threads/BFilter_postJoin_accessible.key 
280343     INFO  main            d.u.i.k.p.i.AbstractProblemLoader Loading environment from /home/runner/work/key/key/key.core/../key.ui/examples/heap/permissions/threads/BFilter_postJoin_accessible.key 
280343     DEBUG main            d.u.i.k.p.i.AbstractProblemLoader Environment load took 250.22ns 
280347     INFO  main            d.u.i.k.p.i.AbstractProblemLoader Creating init config 
285695     DEBUG main            d.u.i.k.p.i.AbstractProblemLoader Init config took 5.35s 
285796     INFO  main            d.u.i.k.p.i.AbstractProblemLoader Replaying proof BFilter[ThreadSpec2::postJoin(java.lang.Object)].JML accessible clause.0 
285798     DEBUG main            d.u.i.k.p.i.IntermediateProofReplayer Proof replay took 8ns 
285902     INFO  main            d.u.i.k.p.r.p.TestFile    ... finished proof: closed. 
286289     INFO  main            d.u.i.k.p.i.AbstractProblemLoader Loading environment from /home/runner/work/key/key/key.core/../key.ui/examples/heap/permissions/threads/BFilter_postJoin_accessible.key.proof 
286289     DEBUG main            d.u.i.k.p.i.AbstractProblemLoader Environment load took 276.42ns 
286290     INFO  main            d.u.i.k.p.i.AbstractProblemLoader Creating init config 
291474     DEBUG main            d.u.i.k.p.i.AbstractProblemLoader Init config took 5.18s 
291584     INFO  main            d.u.i.k.p.i.AbstractProblemLoader Replaying proof BFilter[ThreadSpec2::postJoin(java.lang.Object)].JML accessible clause.0 
291595     DEBUG main            d.u.i.k.p.i.IntermediateProofReplayer Proof replay took 8.97ms 
291596     DEBUG main            d.u.i.k.p.r.p.TestFile    ... success: reloaded. 
291597     INFO  main            d.u.i.k.p.r.p.TestFile    Now processing file /home/runner/work/key/key/key.core/../key.ui/examples/heap/permissions/threads/BFilter_preStart_accessible.key 
291597     INFO  main            d.u.i.k.p.i.AbstractProblemLoader Loading environment from /home/runner/work/key/key/key.core/../key.ui/examples/heap/permissions/threads/BFilter_preStart_accessible.key 
291597     DEBUG main            d.u.i.k.p.i.AbstractProblemLoader Environment load took 124.41ns 
291598     INFO  main            d.u.i.k.p.i.AbstractProblemLoader Creating init config 
296821     DEBUG main            d.u.i.k.p.i.AbstractProblemLoader Init config took 5.22s 
296923     INFO  main            d.u.i.k.p.i.AbstractProblemLoader Replaying proof BFilter[ThreadSpec2::preStart(java.lang.Object)].JML accessible clause.0 
296925     DEBUG main            d.u.i.k.p.i.IntermediateProofReplayer Proof replay took 7ns 
297227     INFO  main            d.u.i.k.p.r.p.TestFile    ... finished proof: closed. 
297619     INFO  main            d.u.i.k.p.i.AbstractProblemLoader Loading environment from /home/runner/work/key/key/key.core/../key.ui/examples/heap/permissions/threads/BFilter_preStart_accessible.key.proof 
297619     DEBUG main            d.u.i.k.p.i.AbstractProblemLoader Environment load took 112.61ns 
297621     INFO  main            d.u.i.k.p.i.AbstractProblemLoader Creating init config 
302716     DEBUG main            d.u.i.k.p.i.AbstractProblemLoader Init config took 5.1s 
302813     INFO  main            d.u.i.k.p.i.AbstractProblemLoader Replaying proof BFilter[ThreadSpec2::preStart(java.lang.Object)].JML accessible clause.0 
302850     DEBUG main            d.u.i.k.p.i.IntermediateProofReplayer Proof replay took 33.99ms 
302851     DEBUG main            d.u.i.k.p.r.p.TestFile    ... success: reloaded. 
302852     INFO  main            d.u.i.k.p.r.p.TestFile    Now processing file /home/runner/work/key/key/key.core/../key.ui/examples/heap/permissions/threads/BFilter_startTransfer_accessible.key 
302853     INFO  main            d.u.i.k.p.i.AbstractProblemLoader Loading environment from /home/runner/work/key/key/key.core/../key.ui/examples/heap/permissions/threads/BFilter_startTransfer_accessible.key 
302853     DEBUG main            d.u.i.k.p.i.AbstractProblemLoader Environment load took 91.61ns 
302854     INFO  main            d.u.i.k.p.i.AbstractProblemLoader Creating init config 
308109     DEBUG main            d.u.i.k.p.i.AbstractProblemLoader Init config took 5.26s 
308212     INFO  main            d.u.i.k.p.i.AbstractProblemLoader Replaying proof BFilter[ThreadSpec2::startTransfer()].JML accessible clause.0 
308214     DEBUG main            d.u.i.k.p.i.IntermediateProofReplayer Proof replay took 6.9ns 
319932     INFO  main            d.u.i.k.p.r.p.TestFile    ... finished proof: closed. 
320360     INFO  main            d.u.i.k.p.i.AbstractProblemLoader Loading environment from /home/runner/work/key/key/key.core/../key.ui/examples/heap/permissions/threads/BFilter_startTransfer_accessible.key.proof 
320361     DEBUG main            d.u.i.k.p.i.AbstractProblemLoader Environment load took 386.23ns 
320363     INFO  main            d.u.i.k.p.i.AbstractProblemLoader Creating init config 
325519     DEBUG main            d.u.i.k.p.i.AbstractProblemLoader Init config took 5.16s 
325623     INFO  main            d.u.i.k.p.i.AbstractProblemLoader Replaying proof BFilter[ThreadSpec2::startTransfer()].JML accessible clause.0 
326657     DEBUG main            d.u.i.k.p.i.IntermediateProofReplayer Proof replay took 1.01s 
326658     DEBUG main            d.u.i.k.p.r.p.TestFile    ... success: reloaded. 
326659     INFO  main            d.u.i.k.p.r.p.TestFile    Now processing file /home/runner/work/key/key/key.core/../key.ui/examples/heap/permissions/threads/BFilter_startTransfer_contract.key 
326660     INFO  main            d.u.i.k.p.i.AbstractProblemLoader Loading environment from /home/runner/work/key/key/key.core/../key.ui/examples/heap/permissions/threads/BFilter_startTransfer_contract.key 
326660     DEBUG main            d.u.i.k.p.i.AbstractProblemLoader Environment load took 87.61ns 
326661     INFO  main            d.u.i.k.p.i.AbstractProblemLoader Creating init config 
332317     DEBUG main            d.u.i.k.p.i.AbstractProblemLoader Init config took 5.66s 
332441     INFO  main            d.u.i.k.p.i.AbstractProblemLoader Replaying proof BFilter[ThreadSpec2::startTransfer()].JML model_behavior operation contract.0 
332443     DEBUG main            d.u.i.k.p.i.IntermediateProofReplayer Proof replay took 7.1ns 
333861     INFO  main            d.u.i.k.p.r.p.TestFile    ... finished proof: closed. 
334256     INFO  main            d.u.i.k.p.i.AbstractProblemLoader Loading environment from /home/runner/work/key/key/key.core/../key.ui/examples/heap/permissions/threads/BFilter_startTransfer_contract.key.proof 
334256     DEBUG main            d.u.i.k.p.i.AbstractProblemLoader Environment load took 404.32ns 
334259     INFO  main            d.u.i.k.p.i.AbstractProblemLoader Creating init config 
339769     DEBUG main            d.u.i.k.p.i.AbstractProblemLoader Init config took 5.51s 
339876     INFO  main            d.u.i.k.p.i.AbstractProblemLoader Replaying proof BFilter[ThreadSpec2::startTransfer()].JML model_behavior operation contract.0 
340019     DEBUG main            d.u.i.k.p.i.IntermediateProofReplayer Proof replay took 136.71ms 
340021     DEBUG main            d.u.i.k.p.r.p.TestFile    ... success: reloaded. 
340022     INFO  main            d.u.i.k.p.r.p.TestFile    Now processing file /home/runner/work/key/key/key.core/../key.ui/examples/heap/permissions/threads/BFilter_stateInv_accessible.key 
340022     INFO  main            d.u.i.k.p.i.AbstractProblemLoader Loading environment from /home/runner/work/key/key/key.core/../key.ui/examples/heap/permissions/threads/BFilter_stateInv_accessible.key 
340022     DEBUG main            d.u.i.k.p.i.AbstractProblemLoader Environment load took 70.11ns 
340023     INFO  main            d.u.i.k.p.i.AbstractProblemLoader Creating init config 
345427     DEBUG main            d.u.i.k.p.i.AbstractProblemLoader Init config took 5.4s 
345552     INFO  main            d.u.i.k.p.i.AbstractProblemLoader Replaying proof BFilter[ThreadSpec2::stateInv()].JML accessible clause.0 
345553     DEBUG main            d.u.i.k.p.i.IntermediateProofReplayer Proof replay took 7.8ns 
345856     INFO  main            d.u.i.k.p.r.p.TestFile    ... finished proof: closed. 
346275     INFO  main            d.u.i.k.p.i.AbstractProblemLoader Loading environment from /home/runner/work/key/key/key.core/../key.ui/examples/heap/permissions/threads/BFilter_stateInv_accessible.key.proof 
346275     DEBUG main            d.u.i.k.p.i.AbstractProblemLoader Environment load took 108.31ns 
346276     INFO  main            d.u.i.k.p.i.AbstractProblemLoader Creating init config 
351385     DEBUG main            d.u.i.k.p.i.AbstractProblemLoader Init config took 5.11s 
351504     INFO  main            d.u.i.k.p.i.AbstractProblemLoader Replaying proof BFilter[ThreadSpec2::stateInv()].JML accessible clause.0 
351548     DEBUG main            d.u.i.k.p.i.IntermediateProofReplayer Proof replay took 40.92ms 
351549     DEBUG main            d.u.i.k.p.r.p.TestFile    ... success: reloaded. 
351550     INFO  main            d.u.i.k.p.r.p.TestFile    Now processing file /home/runner/work/key/key/key.core/../key.ui/examples/heap/permissions/threads/BFilter_staticPermissions_accessible.key 
351550     INFO  main            d.u.i.k.p.i.AbstractProblemLoader Loading environment from /home/runner/work/key/key/key.core/../key.ui/examples/heap/permissions/threads/BFilter_staticPermissions_accessible.key 
351550     DEBUG main            d.u.i.k.p.i.AbstractProblemLoader Environment load took 57.5ns 
351551     INFO  main            d.u.i.k.p.i.AbstractProblemLoader Creating init config 
356918     DEBUG main            d.u.i.k.p.i.AbstractProblemLoader Init config took 5.37s 
357019     INFO  main            d.u.i.k.p.i.AbstractProblemLoader Replaying proof BFilter[ThreadSpec2::staticPermissions()].JML accessible clause.0 
357021     DEBUG main            d.u.i.k.p.i.IntermediateProofReplayer Proof replay took 7.6ns 
357123     INFO  main            d.u.i.k.p.r.p.TestFile    ... finished proof: closed. 
357535     INFO  main            d.u.i.k.p.i.AbstractProblemLoader Loading environment from /home/runner/work/key/key/key.core/../key.ui/examples/heap/permissions/threads/BFilter_staticPermissions_accessible.key.proof 
357535     DEBUG main            d.u.i.k.p.i.AbstractProblemLoader Environment load took 116.11ns 
357536     INFO  main            d.u.i.k.p.i.AbstractProblemLoader Creating init config 
362693     DEBUG main            d.u.i.k.p.i.AbstractProblemLoader Init config took 5.16s 
362809     INFO  main            d.u.i.k.p.i.AbstractProblemLoader Replaying proof BFilter[ThreadSpec2::staticPermissions()].JML accessible clause.0 
362821     DEBUG main            d.u.i.k.p.i.IntermediateProofReplayer Proof replay took 9.89ms 
362823     DEBUG main            d.u.i.k.p.r.p.TestFile    ... success: reloaded. 
362824     INFO  main            d.u.i.k.p.r.p.TestFile    Now processing file /home/runner/work/key/key/key.core/../key.ui/examples/heap/permissions/threads/BFilter_workingPermissions_accessible.key 
362824     INFO  main            d.u.i.k.p.i.AbstractProblemLoader Loading environment from /home/runner/work/key/key/key.core/../key.ui/examples/heap/permissions/threads/BFilter_workingPermissions_accessible.key 
362824     DEBUG main            d.u.i.k.p.i.AbstractProblemLoader Environment load took 181.01ns 
362825     INFO  main            d.u.i.k.p.i.AbstractProblemLoader Creating init config 
368073     DEBUG main            d.u.i.k.p.i.AbstractProblemLoader Init config took 5.25s 
368173     INFO  main            d.u.i.k.p.i.AbstractProblemLoader Replaying proof BFilter[ThreadSpec2::workingPermissions()].JML accessible clause.0 
368175     DEBUG main            d.u.i.k.p.i.IntermediateProofReplayer Proof replay took 7.3ns 
368277     INFO  main            d.u.i.k.p.r.p.TestFile    ... finished proof: closed. 
368699     INFO  main            d.u.i.k.p.i.AbstractProblemLoader Loading environment from /home/runner/work/key/key/key.core/../key.ui/examples/heap/permissions/threads/BFilter_workingPermissions_accessible.key.proof 
368699     DEBUG main            d.u.i.k.p.i.AbstractProblemLoader Environment load took 105.91ns 
368700     INFO  main            d.u.i.k.p.i.AbstractProblemLoader Creating init config 
373924     DEBUG main            d.u.i.k.p.i.AbstractProblemLoader Init config took 5.22s 
374030     INFO  main            d.u.i.k.p.i.AbstractProblemLoader Replaying proof BFilter[ThreadSpec2::workingPermissions()].JML accessible clause.0 
374041     DEBUG main            d.u.i.k.p.i.IntermediateProofReplayer Proof replay took 8.82ms 
374042     DEBUG main            d.u.i.k.p.r.p.TestFile    ... success: reloaded. 
374042     INFO  main            d.u.i.k.p.r.p.TestFile    Now processing file /home/runner/work/key/key/key.core/../key.ui/examples/heap/permissions/threads/Fib_Fib.key 
374043     INFO  main            d.u.i.k.p.i.AbstractProblemLoader Loading environment from /home/runner/work/key/key/key.core/../key.ui/examples/heap/permissions/threads/Fib_Fib.key 
374043     DEBUG main            d.u.i.k.p.i.AbstractProblemLoader Environment load took 93.21ns 
374044     INFO  main            d.u.i.k.p.i.AbstractProblemLoader Creating init config 
379282     DEBUG main            d.u.i.k.p.i.AbstractProblemLoader Init config took 5.24s 
379388     INFO  main            d.u.i.k.p.i.AbstractProblemLoader Replaying proof Fib[Fib::Fib(int)].JML normal_behavior operation contract.0 
379389     DEBUG main            d.u.i.k.p.i.IntermediateProofReplayer Proof replay took 7.3ns 
380101     INFO  main            d.u.i.k.p.r.p.TestFile    ... finished proof: closed. 
380542     INFO  main            d.u.i.k.p.i.AbstractProblemLoader Loading environment from /home/runner/work/key/key/key.core/../key.ui/examples/heap/permissions/threads/Fib_Fib.key.proof 
380542     DEBUG main            d.u.i.k.p.i.AbstractProblemLoader Environment load took 106.11ns 
380543     INFO  main            d.u.i.k.p.i.AbstractProblemLoader Creating init config 
385692     DEBUG main            d.u.i.k.p.i.AbstractProblemLoader Init config took 5.15s 
385800     INFO  main            d.u.i.k.p.i.AbstractProblemLoader Replaying proof Fib[Fib::Fib(int)].JML normal_behavior operation contract.0 
385917     DEBUG main            d.u.i.k.p.i.IntermediateProofReplayer Proof replay took 113.75ms 
385918     DEBUG main            d.u.i.k.p.r.p.TestFile    ... success: reloaded. 
385920     INFO  main            d.u.i.k.p.r.p.TestFile    Now processing file /home/runner/work/key/key/key.core/../key.ui/examples/heap/permissions/threads/Fib_initPost_accessible.key 
385920     INFO  main            d.u.i.k.p.i.AbstractProblemLoader Loading environment from /home/runner/work/key/key/key.core/../key.ui/examples/heap/permissions/threads/Fib_initPost_accessible.key 
385920     DEBUG main            d.u.i.k.p.i.AbstractProblemLoader Environment load took 99.81ns 
385921     INFO  main            d.u.i.k.p.i.AbstractProblemLoader Creating init config 
391121     DEBUG main            d.u.i.k.p.i.AbstractProblemLoader Init config took 5.2s 
391224     INFO  main            d.u.i.k.p.i.AbstractProblemLoader Replaying proof Fib[ThreadSpec::initPost()].JML accessible clause.0 
391225     DEBUG main            d.u.i.k.p.i.IntermediateProofReplayer Proof replay took 6.4ns 
391327     INFO  main            d.u.i.k.p.r.p.TestFile    ... finished proof: closed. 
391762     INFO  main            d.u.i.k.p.i.AbstractProblemLoader Loading environment from /home/runner/work/key/key/key.core/../key.ui/examples/heap/permissions/threads/Fib_initPost_accessible.key.proof 
391762     DEBUG main            d.u.i.k.p.i.AbstractProblemLoader Environment load took 97.71ns 
391763     INFO  main            d.u.i.k.p.i.AbstractProblemLoader Creating init config 
397048     DEBUG main            d.u.i.k.p.i.AbstractProblemLoader Init config took 5.29s 
397148     INFO  main            d.u.i.k.p.i.AbstractProblemLoader Replaying proof Fib[ThreadSpec::initPost()].JML accessible clause.0 
397155     DEBUG main            d.u.i.k.p.i.IntermediateProofReplayer Proof replay took 5.9ms 
397156     DEBUG main            d.u.i.k.p.r.p.TestFile    ... success: reloaded. 
397158     INFO  main            d.u.i.k.p.r.p.TestFile    Now processing file /home/runner/work/key/key/key.core/../key.ui/examples/heap/permissions/threads/Fib_inv1_accessible.key 
397158     INFO  main            d.u.i.k.p.i.AbstractProblemLoader Loading environment from /home/runner/work/key/key/key.core/../key.ui/examples/heap/permissions/threads/Fib_inv1_accessible.key 
397158     DEBUG main            d.u.i.k.p.i.AbstractProblemLoader Environment load took 96.61ns 
397159     INFO  main            d.u.i.k.p.i.AbstractProblemLoader Creating init config 
402446     DEBUG main            d.u.i.k.p.i.AbstractProblemLoader Init config took 5.29s 
402554     INFO  main            d.u.i.k.p.i.AbstractProblemLoader Replaying proof Fib[java.lang.Object::<inv>()].JML accessible clause.0 
402556     DEBUG main            d.u.i.k.p.i.IntermediateProofReplayer Proof replay took 7.5ns 
402657     INFO  main            d.u.i.k.p.r.p.TestFile    ... finished proof: closed. 
403089     INFO  main            d.u.i.k.p.i.AbstractProblemLoader Loading environment from /home/runner/work/key/key/key.core/../key.ui/examples/heap/permissions/threads/Fib_inv1_accessible.key.proof 
403090     DEBUG main            d.u.i.k.p.i.AbstractProblemLoader Environment load took 102.21ns 
403090     INFO  main            d.u.i.k.p.i.AbstractProblemLoader Creating init config 
408281     DEBUG main            d.u.i.k.p.i.AbstractProblemLoader Init config took 5.19s 
408384     INFO  main            d.u.i.k.p.i.AbstractProblemLoader Replaying proof Fib[java.lang.Object::<inv>()].JML accessible clause.0 
408388     DEBUG main            d.u.i.k.p.i.IntermediateProofReplayer Proof replay took 1.89ms 
408389     DEBUG main            d.u.i.k.p.r.p.TestFile    ... success: reloaded. 
408390     INFO  main            d.u.i.k.p.r.p.TestFile    Now processing file /home/runner/work/key/key/key.core/../key.ui/examples/heap/permissions/threads/Fib_inv2_accessible.key 
408391     INFO  main            d.u.i.k.p.i.AbstractProblemLoader Loading environment from /home/runner/work/key/key/key.core/../key.ui/examples/heap/permissions/threads/Fib_inv2_accessible.key 
408391     DEBUG main            d.u.i.k.p.i.AbstractProblemLoader Environment load took 107.01ns 
408393     INFO  main            d.u.i.k.p.i.AbstractProblemLoader Creating init config 
413804     DEBUG main            d.u.i.k.p.i.AbstractProblemLoader Init config took 5.41s 
413904     INFO  main            d.u.i.k.p.i.AbstractProblemLoader Replaying proof Fib[java.lang.Object::<inv>()].JML accessible clause.1 
413909     DEBUG main            d.u.i.k.p.i.IntermediateProofReplayer Proof replay took 7.6ns 
414010     INFO  main            d.u.i.k.p.r.p.TestFile    ... finished proof: closed. 
414478     INFO  main            d.u.i.k.p.i.AbstractProblemLoader Loading environment from /home/runner/work/key/key/key.core/../key.ui/examples/heap/permissions/threads/Fib_inv2_accessible.key.proof 
414478     DEBUG main            d.u.i.k.p.i.AbstractProblemLoader Environment load took 95.41ns 
414479     INFO  main            d.u.i.k.p.i.AbstractProblemLoader Creating init config 
419618     DEBUG main            d.u.i.k.p.i.AbstractProblemLoader Init config took 5.14s 
419717     INFO  main            d.u.i.k.p.i.AbstractProblemLoader Replaying proof Fib[java.lang.Object::<inv>()].JML accessible clause.1 
419721     DEBUG main            d.u.i.k.p.i.IntermediateProofReplayer Proof replay took 1.81ms 
419722     DEBUG main            d.u.i.k.p.r.p.TestFile    ... success: reloaded. 
419722     INFO  main            d.u.i.k.p.r.p.TestFile    Now processing file /home/runner/work/key/key/key.core/../key.ui/examples/heap/permissions/threads/Fib_joinTransfer_accessible.key 
419723     INFO  main            d.u.i.k.p.i.AbstractProblemLoader Loading environment from /home/runner/work/key/key/key.core/../key.ui/examples/heap/permissions/threads/Fib_joinTransfer_accessible.key 
419723     DEBUG main            d.u.i.k.p.i.AbstractProblemLoader Environment load took 51.2ns 
419724     INFO  main            d.u.i.k.p.i.AbstractProblemLoader Creating init config 
425205     DEBUG main            d.u.i.k.p.i.AbstractProblemLoader Init config took 5.48s 
425322     INFO  main            d.u.i.k.p.i.AbstractProblemLoader Replaying proof Fib[ThreadSpec::joinTransfer()].JML accessible clause.0 
425324     DEBUG main            d.u.i.k.p.i.IntermediateProofReplayer Proof replay took 8.1ns 
425527     INFO  main            d.u.i.k.p.r.p.TestFile    ... finished proof: closed. 
425968     INFO  main            d.u.i.k.p.i.AbstractProblemLoader Loading environment from /home/runner/work/key/key/key.core/../key.ui/examples/heap/permissions/threads/Fib_joinTransfer_accessible.key.proof 
425968     DEBUG main            d.u.i.k.p.i.AbstractProblemLoader Environment load took 109.51ns 
425969     INFO  main            d.u.i.k.p.i.AbstractProblemLoader Creating init config 
431265     DEBUG main            d.u.i.k.p.i.AbstractProblemLoader Init config took 5.3s 
431385     INFO  main            d.u.i.k.p.i.AbstractProblemLoader Replaying proof Fib[ThreadSpec::joinTransfer()].JML accessible clause.0 
431418     DEBUG main            d.u.i.k.p.i.IntermediateProofReplayer Proof replay took 30.27ms 
431419     DEBUG main            d.u.i.k.p.r.p.TestFile    ... success: reloaded. 
431420     INFO  main            d.u.i.k.p.r.p.TestFile    Now processing file /home/runner/work/key/key/key.core/../key.ui/examples/heap/permissions/threads/Fib_joinTransfer_contract.key 
431420     INFO  main            d.u.i.k.p.i.AbstractProblemLoader Loading environment from /home/runner/work/key/key/key.core/../key.ui/examples/heap/permissions/threads/Fib_joinTransfer_contract.key 
431420     DEBUG main            d.u.i.k.p.i.AbstractProblemLoader Environment load took 135.31ns 
431421     INFO  main            d.u.i.k.p.i.AbstractProblemLoader Creating init config 
436838     DEBUG main            d.u.i.k.p.i.AbstractProblemLoader Init config took 5.42s 
436959     INFO  main            d.u.i.k.p.i.AbstractProblemLoader Replaying proof Fib[ThreadSpec::joinTransfer()].JML model_behavior operation contract.0 
436961     DEBUG main            d.u.i.k.p.i.IntermediateProofReplayer Proof replay took 7.9ns 
437066     INFO  main            d.u.i.k.p.r.p.TestFile    ... finished proof: closed. 
437529     INFO  main            d.u.i.k.p.i.AbstractProblemLoader Loading environment from /home/runner/work/key/key/key.core/../key.ui/examples/heap/permissions/threads/Fib_joinTransfer_contract.key.proof 
437529     DEBUG main            d.u.i.k.p.i.AbstractProblemLoader Environment load took 183.41ns 
437530     INFO  main            d.u.i.k.p.i.AbstractProblemLoader Creating init config 
442780     DEBUG main            d.u.i.k.p.i.AbstractProblemLoader Init config took 5.25s 
442900     INFO  main            d.u.i.k.p.i.AbstractProblemLoader Replaying proof Fib[ThreadSpec::joinTransfer()].JML model_behavior operation contract.0 
442910     DEBUG main            d.u.i.k.p.i.IntermediateProofReplayer Proof replay took 7.6ms 
442911     DEBUG main            d.u.i.k.p.r.p.TestFile    ... success: reloaded. 
442912     INFO  main            d.u.i.k.p.r.p.TestFile    Now processing file /home/runner/work/key/key/key.core/../key.ui/examples/heap/permissions/threads/Fib_postJoin_accessible.key 
442912     INFO  main            d.u.i.k.p.i.AbstractProblemLoader Loading environment from /home/runner/work/key/key/key.core/../key.ui/examples/heap/permissions/threads/Fib_postJoin_accessible.key 
442912     DEBUG main            d.u.i.k.p.i.AbstractProblemLoader Environment load took 80.7ns 
442913     INFO  main            d.u.i.k.p.i.AbstractProblemLoader Creating init config 
448210     DEBUG main            d.u.i.k.p.i.AbstractProblemLoader Init config took 5.3s 
448313     INFO  main            d.u.i.k.p.i.AbstractProblemLoader Replaying proof Fib[ThreadSpec::postJoin(java.lang.Object)].JML accessible clause.0 
448314     DEBUG main            d.u.i.k.p.i.IntermediateProofReplayer Proof replay took 8.2ns 
448417     INFO  main            d.u.i.k.p.r.p.TestFile    ... finished proof: closed. 
448894     INFO  main            d.u.i.k.p.i.AbstractProblemLoader Loading environment from /home/runner/work/key/key/key.core/../key.ui/examples/heap/permissions/threads/Fib_postJoin_accessible.key.proof 
448894     DEBUG main            d.u.i.k.p.i.AbstractProblemLoader Environment load took 97.21ns 
448895     INFO  main            d.u.i.k.p.i.AbstractProblemLoader Creating init config 
454052     DEBUG main            d.u.i.k.p.i.AbstractProblemLoader Init config took 5.16s 
454155     INFO  main            d.u.i.k.p.i.AbstractProblemLoader Replaying proof Fib[ThreadSpec::postJoin(java.lang.Object)].JML accessible clause.0 
454163     DEBUG main            d.u.i.k.p.i.IntermediateProofReplayer Proof replay took 6.11ms 
454164     DEBUG main            d.u.i.k.p.r.p.TestFile    ... success: reloaded. 
454165     INFO  main            d.u.i.k.p.r.p.TestFile    Now processing file /home/runner/work/key/key/key.core/../key.ui/examples/heap/permissions/threads/Fib_preStart_accessible.key 
454165     INFO  main            d.u.i.k.p.i.AbstractProblemLoader Loading environment from /home/runner/work/key/key/key.core/../key.ui/examples/heap/permissions/threads/Fib_preStart_accessible.key 
454166     DEBUG main            d.u.i.k.p.i.AbstractProblemLoader Environment load took 102.41ns 
454166     INFO  main            d.u.i.k.p.i.AbstractProblemLoader Creating init config 
459498     DEBUG main            d.u.i.k.p.i.AbstractProblemLoader Init config took 5.33s 
459597     INFO  main            d.u.i.k.p.i.AbstractProblemLoader Replaying proof Fib[ThreadSpec::preStart(java.lang.Object)].JML accessible clause.0 
459599     DEBUG main            d.u.i.k.p.i.IntermediateProofReplayer Proof replay took 8.4ns 
459701     INFO  main            d.u.i.k.p.r.p.TestFile    ... finished proof: closed. 
460184     INFO  main            d.u.i.k.p.i.AbstractProblemLoader Loading environment from /home/runner/work/key/key/key.core/../key.ui/examples/heap/permissions/threads/Fib_preStart_accessible.key.proof 
460184     DEBUG main            d.u.i.k.p.i.AbstractProblemLoader Environment load took 96.41ns 
460185     INFO  main            d.u.i.k.p.i.AbstractProblemLoader Creating init config 
465410     DEBUG main            d.u.i.k.p.i.AbstractProblemLoader Init config took 5.22s 
465509     INFO  main            d.u.i.k.p.i.AbstractProblemLoader Replaying proof Fib[ThreadSpec::preStart(java.lang.Object)].JML accessible clause.0 
465517     DEBUG main            d.u.i.k.p.i.IntermediateProofReplayer Proof replay took 5.79ms 
465518     DEBUG main            d.u.i.k.p.r.p.TestFile    ... success: reloaded. 
465519     INFO  main            d.u.i.k.p.r.p.TestFile    Now processing file /home/runner/work/key/key/key.core/../key.ui/examples/heap/permissions/threads/Fib_startTransfer_accessible.key 
465519     INFO  main            d.u.i.k.p.i.AbstractProblemLoader Loading environment from /home/runner/work/key/key/key.core/../key.ui/examples/heap/permissions/threads/Fib_startTransfer_accessible.key 
465519     DEBUG main            d.u.i.k.p.i.AbstractProblemLoader Environment load took 101.31ns 
465520     INFO  main            d.u.i.k.p.i.AbstractProblemLoader Creating init config 
470906     DEBUG main            d.u.i.k.p.i.AbstractProblemLoader Init config took 5.39s 
471006     INFO  main            d.u.i.k.p.i.AbstractProblemLoader Replaying proof Fib[ThreadSpec::startTransfer()].JML accessible clause.0 
471009     DEBUG main            d.u.i.k.p.i.IntermediateProofReplayer Proof replay took 8.2ns 
471312     INFO  main            d.u.i.k.p.r.p.TestFile    ... finished proof: closed. 
471822     INFO  main            d.u.i.k.p.i.AbstractProblemLoader Loading environment from /home/runner/work/key/key/key.core/../key.ui/examples/heap/permissions/threads/Fib_startTransfer_accessible.key.proof 
471822     DEBUG main            d.u.i.k.p.i.AbstractProblemLoader Environment load took 100.21ns 
471823     INFO  main            d.u.i.k.p.i.AbstractProblemLoader Creating init config 
476911     DEBUG main            d.u.i.k.p.i.AbstractProblemLoader Init config took 5.09s 
477016     INFO  main            d.u.i.k.p.i.AbstractProblemLoader Replaying proof Fib[ThreadSpec::startTransfer()].JML accessible clause.0 
477061     DEBUG main            d.u.i.k.p.i.IntermediateProofReplayer Proof replay took 41.76ms 
477062     DEBUG main            d.u.i.k.p.r.p.TestFile    ... success: reloaded. 
477062     INFO  main            d.u.i.k.p.r.p.TestFile    Now processing file /home/runner/work/key/key/key.core/../key.ui/examples/heap/permissions/threads/Fib_startTransfer_contract.key 
477063     INFO  main            d.u.i.k.p.i.AbstractProblemLoader Loading environment from /home/runner/work/key/key/key.core/../key.ui/examples/heap/permissions/threads/Fib_startTransfer_contract.key 
477063     DEBUG main            d.u.i.k.p.i.AbstractProblemLoader Environment load took 53ns 
477064     INFO  main            d.u.i.k.p.i.AbstractProblemLoader Creating init config 
482115     DEBUG main            d.u.i.k.p.i.AbstractProblemLoader Init config took 5.05s 
482215     INFO  main            d.u.i.k.p.i.AbstractProblemLoader Replaying proof Fib[ThreadSpec::startTransfer()].JML model_behavior operation contract.0 
482216     DEBUG main            d.u.i.k.p.i.IntermediateProofReplayer Proof replay took 7.4ns 
482320     INFO  main            d.u.i.k.p.r.p.TestFile    ... finished proof: closed. 
482817     INFO  main            d.u.i.k.p.i.AbstractProblemLoader Loading environment from /home/runner/work/key/key/key.core/../key.ui/examples/heap/permissions/threads/Fib_startTransfer_contract.key.proof 
482817     DEBUG main            d.u.i.k.p.i.AbstractProblemLoader Environment load took 91.61ns 
482818     INFO  main            d.u.i.k.p.i.AbstractProblemLoader Creating init config 
487849     DEBUG main            d.u.i.k.p.i.AbstractProblemLoader Init config took 5.03s 
487951     INFO  main            d.u.i.k.p.i.AbstractProblemLoader Replaying proof Fib[ThreadSpec::startTransfer()].JML model_behavior operation contract.0 
487960     DEBUG main            d.u.i.k.p.i.IntermediateProofReplayer Proof replay took 7.61ms 
487961     DEBUG main            d.u.i.k.p.r.p.TestFile    ... success: reloaded. 
487962     INFO  main            d.u.i.k.p.r.p.TestFile    Now processing file /home/runner/work/key/key/key.core/../key.ui/examples/heap/permissions/threads/Fib_workingPermissions_accessible.key 
487962     INFO  main            d.u.i.k.p.i.AbstractProblemLoader Loading environment from /home/runner/work/key/key/key.core/../key.ui/examples/heap/permissions/threads/Fib_workingPermissions_accessible.key 
487963     DEBUG main            d.u.i.k.p.i.AbstractProblemLoader Environment load took 53.3ns 
487963     INFO  main            d.u.i.k.p.i.AbstractProblemLoader Creating init config 
493142     DEBUG main            d.u.i.k.p.i.AbstractProblemLoader Init config took 5.18s 
493243     INFO  main            d.u.i.k.p.i.AbstractProblemLoader Replaying proof Fib[ThreadSpec::workingPermissions()].JML accessible clause.0 
493244     DEBUG main            d.u.i.k.p.i.IntermediateProofReplayer Proof replay took 7.6ns 
493346     INFO  main            d.u.i.k.p.r.p.TestFile    ... finished proof: closed. 
493858     INFO  main            d.u.i.k.p.i.AbstractProblemLoader Loading environment from /home/runner/work/key/key/key.core/../key.ui/examples/heap/permissions/threads/Fib_workingPermissions_accessible.key.proof 
493858     DEBUG main            d.u.i.k.p.i.AbstractProblemLoader Environment load took 124.31ns 
493859     INFO  main            d.u.i.k.p.i.AbstractProblemLoader Creating init config 
498895     DEBUG main            d.u.i.k.p.i.AbstractProblemLoader Init config took 5.04s 
498995     INFO  main            d.u.i.k.p.i.AbstractProblemLoader Replaying proof Fib[ThreadSpec::workingPermissions()].JML accessible clause.0 
498999     DEBUG main            d.u.i.k.p.i.IntermediateProofReplayer Proof replay took 2.45ms 
499000     DEBUG main            d.u.i.k.p.r.p.TestFile    ... success: reloaded. 
499001     INFO  main            d.u.i.k.p.r.p.TestFile    Now processing file /home/runner/work/key/key/key.core/../key.ui/examples/heap/permissions/threads/Plotter_initPost_accessible.key 
499001     INFO  main            d.u.i.k.p.i.AbstractProblemLoader Loading environment from /home/runner/work/key/key/key.core/../key.ui/examples/heap/permissions/threads/Plotter_initPost_accessible.key 
499001     DEBUG main            d.u.i.k.p.i.AbstractProblemLoader Environment load took 95.01ns 
499002     INFO  main            d.u.i.k.p.i.AbstractProblemLoader Creating init config 
504239     DEBUG main            d.u.i.k.p.i.AbstractProblemLoader Init config took 5.24s 
504348     INFO  main            d.u.i.k.p.i.AbstractProblemLoader Replaying proof Plotter[ThreadSpec2::initPost()].JML accessible clause.0 
504350     DEBUG main            d.u.i.k.p.i.IntermediateProofReplayer Proof replay took 7.6ns 
504452     INFO  main            d.u.i.k.p.r.p.TestFile    ... finished proof: closed. 
504979     INFO  main            d.u.i.k.p.i.AbstractProblemLoader Loading environment from /home/runner/work/key/key/key.core/../key.ui/examples/heap/permissions/threads/Plotter_initPost_accessible.key.proof 
504979     DEBUG main            d.u.i.k.p.i.AbstractProblemLoader Environment load took 92.11ns 
504980     INFO  main            d.u.i.k.p.i.AbstractProblemLoader Creating init config 
510131     DEBUG main            d.u.i.k.p.i.AbstractProblemLoader Init config took 5.15s 
510233     INFO  main            d.u.i.k.p.i.AbstractProblemLoader Replaying proof Plotter[ThreadSpec2::initPost()].JML accessible clause.0 
510249     DEBUG main            d.u.i.k.p.i.IntermediateProofReplayer Proof replay took 14.95ms 
510250     DEBUG main            d.u.i.k.p.r.p.TestFile    ... success: reloaded. 
510251     INFO  main            d.u.i.k.p.r.p.TestFile    Now processing file /home/runner/work/key/key/key.core/../key.ui/examples/heap/permissions/threads/Plotter_inv_accessible1.key 
510252     INFO  main            d.u.i.k.p.i.AbstractProblemLoader Loading environment from /home/runner/work/key/key/key.core/../key.ui/examples/heap/permissions/threads/Plotter_inv_accessible1.key 
510252     DEBUG main            d.u.i.k.p.i.AbstractProblemLoader Environment load took 52.6ns 
510252     INFO  main            d.u.i.k.p.i.AbstractProblemLoader Creating init config 
515471     DEBUG main            d.u.i.k.p.i.AbstractProblemLoader Init config took 5.22s 
515598     INFO  main            d.u.i.k.p.i.AbstractProblemLoader Replaying proof Plotter[java.lang.Object::<inv>()].JML accessible clause.0 
515600     DEBUG main            d.u.i.k.p.i.IntermediateProofReplayer Proof replay took 7.7ns 
515702     INFO  main            d.u.i.k.p.r.p.TestFile    ... finished proof: closed. 
516212     INFO  main            d.u.i.k.p.i.AbstractProblemLoader Loading environment from /home/runner/work/key/key/key.core/../key.ui/examples/heap/permissions/threads/Plotter_inv_accessible1.key.proof 
516212     DEBUG main            d.u.i.k.p.i.AbstractProblemLoader Environment load took 98.31ns 
516213     INFO  main            d.u.i.k.p.i.AbstractProblemLoader Creating init config 
521259     DEBUG main            d.u.i.k.p.i.AbstractProblemLoader Init config took 5.05s 
521357     INFO  main            d.u.i.k.p.i.AbstractProblemLoader Replaying proof Plotter[java.lang.Object::<inv>()].JML accessible clause.0 
521360     DEBUG main            d.u.i.k.p.i.IntermediateProofReplayer Proof replay took 1.86ms 
521361     DEBUG main            d.u.i.k.p.r.p.TestFile    ... success: reloaded. 
521362     INFO  main            d.u.i.k.p.r.p.TestFile    Now processing file /home/runner/work/key/key/key.core/../key.ui/examples/heap/permissions/threads/Plotter_inv_accessible2.key 
521362     INFO  main            d.u.i.k.p.i.AbstractProblemLoader Loading environment from /home/runner/work/key/key/key.core/../key.ui/examples/heap/permissions/threads/Plotter_inv_accessible2.key 
521362     DEBUG main            d.u.i.k.p.i.AbstractProblemLoader Environment load took 51.4ns 
521363     INFO  main            d.u.i.k.p.i.AbstractProblemLoader Creating init config 
526574     DEBUG main            d.u.i.k.p.i.AbstractProblemLoader Init config took 5.21s 
526697     INFO  main            d.u.i.k.p.i.AbstractProblemLoader Replaying proof Plotter[java.lang.Object::<inv>()].JML accessible clause.1 
526699     DEBUG main            d.u.i.k.p.i.IntermediateProofReplayer Proof replay took 7.4ns 
526801     INFO  main            d.u.i.k.p.r.p.TestFile    ... finished proof: closed. 
527330     INFO  main            d.u.i.k.p.i.AbstractProblemLoader Loading environment from /home/runner/work/key/key/key.core/../key.ui/examples/heap/permissions/threads/Plotter_inv_accessible2.key.proof 
527330     DEBUG main            d.u.i.k.p.i.AbstractProblemLoader Environment load took 112.51ns 
527331     INFO  main            d.u.i.k.p.i.AbstractProblemLoader Creating init config 
532481     DEBUG main            d.u.i.k.p.i.AbstractProblemLoader Init config took 5.15s 
532581     INFO  main            d.u.i.k.p.i.AbstractProblemLoader Replaying proof Plotter[java.lang.Object::<inv>()].JML accessible clause.1 
532584     DEBUG main            d.u.i.k.p.i.IntermediateProofReplayer Proof replay took 1.87ms 
532586     DEBUG main            d.u.i.k.p.r.p.TestFile    ... success: reloaded. 
532587     INFO  main            d.u.i.k.p.r.p.TestFile    Now processing file /home/runner/work/key/key/key.core/../key.ui/examples/heap/permissions/threads/Plotter_joinTransfer_contract.key 
532589     INFO  main            d.u.i.k.p.i.AbstractProblemLoader Loading environment from /home/runner/work/key/key/key.core/../key.ui/examples/heap/permissions/threads/Plotter_joinTransfer_contract.key 
532589     DEBUG main            d.u.i.k.p.i.AbstractProblemLoader Environment load took 197.71ns 
532590     INFO  main            d.u.i.k.p.i.AbstractProblemLoader Creating init config 
537740     DEBUG main            d.u.i.k.p.i.AbstractProblemLoader Init config took 5.15s 
537842     INFO  main            d.u.i.k.p.i.AbstractProblemLoader Replaying proof Plotter[ThreadSpec2::joinTransfer()].JML model_behavior operation contract.0 
537843     DEBUG main            d.u.i.k.p.i.IntermediateProofReplayer Proof replay took 7.9ns 
537945     INFO  main            d.u.i.k.p.r.p.TestFile    ... finished proof: closed. 
538499     INFO  main            d.u.i.k.p.i.AbstractProblemLoader Loading environment from /home/runner/work/key/key/key.core/../key.ui/examples/heap/permissions/threads/Plotter_joinTransfer_contract.key.proof 
538499     DEBUG main            d.u.i.k.p.i.AbstractProblemLoader Environment load took 94.51ns 
538500     INFO  main            d.u.i.k.p.i.AbstractProblemLoader Creating init config 
543686     DEBUG main            d.u.i.k.p.i.AbstractProblemLoader Init config took 5.19s 
543789     INFO  main            d.u.i.k.p.i.AbstractProblemLoader Replaying proof Plotter[ThreadSpec2::joinTransfer()].JML model_behavior operation contract.0 
543799     DEBUG main            d.u.i.k.p.i.IntermediateProofReplayer Proof replay took 8.33ms 
543800     DEBUG main            d.u.i.k.p.r.p.TestFile    ... success: reloaded. 
543801     INFO  main            d.u.i.k.p.r.p.TestFile    Now processing file /home/runner/work/key/key/key.core/../key.ui/examples/heap/permissions/threads/Plotter_Plotter.key 
543801     INFO  main            d.u.i.k.p.i.AbstractProblemLoader Loading environment from /home/runner/work/key/key/key.core/../key.ui/examples/heap/permissions/threads/Plotter_Plotter.key 
543801     DEBUG main            d.u.i.k.p.i.AbstractProblemLoader Environment load took 127.21ns 
543802     INFO  main            d.u.i.k.p.i.AbstractProblemLoader Creating init config 
549027     DEBUG main            d.u.i.k.p.i.AbstractProblemLoader Init config took 5.22s 
549138     INFO  main            d.u.i.k.p.i.AbstractProblemLoader Replaying proof Plotter[Plotter::Plotter(AFilter,BFilter,Buffer)].JML normal_behavior operation contract.0 
549139     DEBUG main            d.u.i.k.p.i.IntermediateProofReplayer Proof replay took 7.5ns 
551195     INFO  main            d.u.i.k.p.r.p.TestFile    ... finished proof: closed. 
551765     INFO  main            d.u.i.k.p.i.AbstractProblemLoader Loading environment from /home/runner/work/key/key/key.core/../key.ui/examples/heap/permissions/threads/Plotter_Plotter.key.proof 
551765     DEBUG main            d.u.i.k.p.i.AbstractProblemLoader Environment load took 345.82ns 
551767     INFO  main            d.u.i.k.p.i.AbstractProblemLoader Creating init config 
556807     DEBUG main            d.u.i.k.p.i.AbstractProblemLoader Init config took 5.04s 
556907     INFO  main            d.u.i.k.p.i.AbstractProblemLoader Replaying proof Plotter[Plotter::Plotter(AFilter,BFilter,Buffer)].JML normal_behavior operation contract.0 
557209     DEBUG main            d.u.i.k.p.i.IntermediateProofReplayer Proof replay took 295.84ms 
557210     DEBUG main            d.u.i.k.p.r.p.TestFile    ... success: reloaded. 
557211     INFO  main            d.u.i.k.p.r.p.TestFile    Now processing file /home/runner/work/key/key/key.core/../key.ui/examples/heap/permissions/threads/Plotter_postJoin_accessible.key 
557211     INFO  main            d.u.i.k.p.i.AbstractProblemLoader Loading environment from /home/runner/work/key/key/key.core/../key.ui/examples/heap/permissions/threads/Plotter_postJoin_accessible.key 
557211     DEBUG main            d.u.i.k.p.i.AbstractProblemLoader Environment load took 53.4ns 
557212     INFO  main            d.u.i.k.p.i.AbstractProblemLoader Creating init config 
562302     DEBUG main            d.u.i.k.p.i.AbstractProblemLoader Init config took 5.09s 
562400     INFO  main            d.u.i.k.p.i.AbstractProblemLoader Replaying proof Plotter[ThreadSpec2::postJoin(java.lang.Object)].JML accessible clause.0 
562402     DEBUG main            d.u.i.k.p.i.IntermediateProofReplayer Proof replay took 8ns 
562503     INFO  main            d.u.i.k.p.r.p.TestFile    ... finished proof: closed. 
563039     INFO  main            d.u.i.k.p.i.AbstractProblemLoader Loading environment from /home/runner/work/key/key/key.core/../key.ui/examples/heap/permissions/threads/Plotter_postJoin_accessible.key.proof 
563039     DEBUG main            d.u.i.k.p.i.AbstractProblemLoader Environment load took 100.41ns 
563040     INFO  main            d.u.i.k.p.i.AbstractProblemLoader Creating init config 
568073     DEBUG main            d.u.i.k.p.i.AbstractProblemLoader Init config took 5.03s 
568174     INFO  main            d.u.i.k.p.i.AbstractProblemLoader Replaying proof Plotter[ThreadSpec2::postJoin(java.lang.Object)].JML accessible clause.0 
568189     DEBUG main            d.u.i.k.p.i.IntermediateProofReplayer Proof replay took 13.01ms 
568190     DEBUG main            d.u.i.k.p.r.p.TestFile    ... success: reloaded. 
568191     INFO  main            d.u.i.k.p.r.p.TestFile    Now processing file /home/runner/work/key/key/key.core/../key.ui/examples/heap/permissions/threads/Plotter_preStart_accessible.key 
568191     INFO  main            d.u.i.k.p.i.AbstractProblemLoader Loading environment from /home/runner/work/key/key/key.core/../key.ui/examples/heap/permissions/threads/Plotter_preStart_accessible.key 
568191     DEBUG main            d.u.i.k.p.i.AbstractProblemLoader Environment load took 54.3ns 
568192     INFO  main            d.u.i.k.p.i.AbstractProblemLoader Creating init config 
573361     DEBUG main            d.u.i.k.p.i.AbstractProblemLoader Init config took 5.17s 
573458     INFO  main            d.u.i.k.p.i.AbstractProblemLoader Replaying proof Plotter[ThreadSpec2::preStart(java.lang.Object)].JML accessible clause.0 
573460     DEBUG main            d.u.i.k.p.i.IntermediateProofReplayer Proof replay took 8.5ns 
574665     INFO  main            d.u.i.k.p.r.p.TestFile    ... finished proof: closed. 
575246     INFO  main            d.u.i.k.p.i.AbstractProblemLoader Loading environment from /home/runner/work/key/key/key.core/../key.ui/examples/heap/permissions/threads/Plotter_preStart_accessible.key.proof 
575247     DEBUG main            d.u.i.k.p.i.AbstractProblemLoader Environment load took 102.71ns 
575248     INFO  main            d.u.i.k.p.i.AbstractProblemLoader Creating init config 
580501     DEBUG main            d.u.i.k.p.i.AbstractProblemLoader Init config took 5.25s 
580605     INFO  main            d.u.i.k.p.i.AbstractProblemLoader Replaying proof Plotter[ThreadSpec2::preStart(java.lang.Object)].JML accessible clause.0 
580706     DEBUG main            d.u.i.k.p.i.IntermediateProofReplayer Proof replay took 97.62ms 
580707     DEBUG main            d.u.i.k.p.r.p.TestFile    ... success: reloaded. 
580708     INFO  main            d.u.i.k.p.r.p.TestFile    Now processing file /home/runner/work/key/key/key.core/../key.ui/examples/heap/permissions/threads/Plotter_stateInv_accessible.key 
580709     INFO  main            d.u.i.k.p.i.AbstractProblemLoader Loading environment from /home/runner/work/key/key/key.core/../key.ui/examples/heap/permissions/threads/Plotter_stateInv_accessible.key 
580709     DEBUG main            d.u.i.k.p.i.AbstractProblemLoader Environment load took 81ns 
580710     INFO  main            d.u.i.k.p.i.AbstractProblemLoader Creating init config 
585931     DEBUG main            d.u.i.k.p.i.AbstractProblemLoader Init config took 5.22s 
586060     INFO  main            d.u.i.k.p.i.AbstractProblemLoader Replaying proof Plotter[ThreadSpec2::stateInv()].JML accessible clause.0 
586062     DEBUG main            d.u.i.k.p.i.IntermediateProofReplayer Proof replay took 7.9ns 
595032     INFO  main            d.u.i.k.p.r.p.TestFile    ... finished proof: closed. 
595646     INFO  main            d.u.i.k.p.i.AbstractProblemLoader Loading environment from /home/runner/work/key/key/key.core/../key.ui/examples/heap/permissions/threads/Plotter_stateInv_accessible.key.proof 
595646     DEBUG main            d.u.i.k.p.i.AbstractProblemLoader Environment load took 366.12ns 
595648     INFO  main            d.u.i.k.p.i.AbstractProblemLoader Creating init config 
600815     DEBUG main            d.u.i.k.p.i.AbstractProblemLoader Init config took 5.17s 
600913     INFO  main            d.u.i.k.p.i.AbstractProblemLoader Replaying proof Plotter[ThreadSpec2::stateInv()].JML accessible clause.0 
601674     DEBUG main            d.u.i.k.p.i.IntermediateProofReplayer Proof replay took 745.61ms 
601676     DEBUG main            d.u.i.k.p.r.p.TestFile    ... success: reloaded. 
601677     INFO  main            d.u.i.k.p.r.p.TestFile    Now processing file /home/runner/work/key/key/key.core/../key.ui/examples/heap/permissions/threads/Plotter_staticPermissions_accessible.key 
601677     INFO  main            d.u.i.k.p.i.AbstractProblemLoader Loading environment from /home/runner/work/key/key/key.core/../key.ui/examples/heap/permissions/threads/Plotter_staticPermissions_accessible.key 
601677     DEBUG main            d.u.i.k.p.i.AbstractProblemLoader Environment load took 143.11ns 
601678     INFO  main            d.u.i.k.p.i.AbstractProblemLoader Creating init config 
607078     DEBUG main            d.u.i.k.p.i.AbstractProblemLoader Init config took 5.4s 
607181     INFO  main            d.u.i.k.p.i.AbstractProblemLoader Replaying proof Plotter[ThreadSpec2::staticPermissions()].JML accessible clause.0 
607183     DEBUG main            d.u.i.k.p.i.IntermediateProofReplayer Proof replay took 37.9ns 
607986     INFO  main            d.u.i.k.p.r.p.TestFile    ... finished proof: closed. 
608583     INFO  main            d.u.i.k.p.i.AbstractProblemLoader Loading environment from /home/runner/work/key/key/key.core/../key.ui/examples/heap/permissions/threads/Plotter_staticPermissions_accessible.key.proof 
608584     DEBUG main            d.u.i.k.p.i.AbstractProblemLoader Environment load took 94.21ns 
608585     INFO  main            d.u.i.k.p.i.AbstractProblemLoader Creating init config 
613770     DEBUG main            d.u.i.k.p.i.AbstractProblemLoader Init config took 5.19s 
613893     INFO  main            d.u.i.k.p.i.AbstractProblemLoader Replaying proof Plotter[ThreadSpec2::staticPermissions()].JML accessible clause.0 
613968     DEBUG main            d.u.i.k.p.i.IntermediateProofReplayer Proof replay took 72.16ms 
613969     DEBUG main            d.u.i.k.p.r.p.TestFile    ... success: reloaded. 
613970     INFO  main            d.u.i.k.p.r.p.TestFile    Now processing file /home/runner/work/key/key/key.core/../key.ui/examples/heap/permissions/threads/Plotter_workingPermissions_accessible.key 
613971     INFO  main            d.u.i.k.p.i.AbstractProblemLoader Loading environment from /home/runner/work/key/key/key.core/../key.ui/examples/heap/permissions/threads/Plotter_workingPermissions_accessible.key 
613971     DEBUG main            d.u.i.k.p.i.AbstractProblemLoader Environment load took 78.2ns 
613972     INFO  main            d.u.i.k.p.i.AbstractProblemLoader Creating init config 
619162     DEBUG main            d.u.i.k.p.i.AbstractProblemLoader Init config took 5.19s 
619261     INFO  main            d.u.i.k.p.i.AbstractProblemLoader Replaying proof Plotter[ThreadSpec2::workingPermissions()].JML accessible clause.0 
619263     DEBUG main            d.u.i.k.p.i.IntermediateProofReplayer Proof replay took 3.6ns 
619465     INFO  main            d.u.i.k.p.r.p.TestFile    ... finished proof: closed. 
620066     INFO  main            d.u.i.k.p.i.AbstractProblemLoader Loading environment from /home/runner/work/key/key/key.core/../key.ui/examples/heap/permissions/threads/Plotter_workingPermissions_accessible.key.proof 
620066     DEBUG main            d.u.i.k.p.i.AbstractProblemLoader Environment load took 106.31ns 
620067     INFO  main            d.u.i.k.p.i.AbstractProblemLoader Creating init config 
625079     DEBUG main            d.u.i.k.p.i.AbstractProblemLoader Init config took 5.01s 
625199     INFO  main            d.u.i.k.p.i.AbstractProblemLoader Replaying proof Plotter[ThreadSpec2::workingPermissions()].JML accessible clause.0 
625219     DEBUG main            d.u.i.k.p.i.IntermediateProofReplayer Proof replay took 17.54ms 
625220     DEBUG main            d.u.i.k.p.r.p.TestFile    ... success: reloaded. 
625221     INFO  main            d.u.i.k.p.r.p.TestFile    Now processing file /home/runner/work/key/key/key.core/../key.ui/examples/heap/permissions/threads/Sampler_initPost_accessible.key 
625221     INFO  main            d.u.i.k.p.i.AbstractProblemLoader Loading environment from /home/runner/work/key/key/key.core/../key.ui/examples/heap/permissions/threads/Sampler_initPost_accessible.key 
625221     DEBUG main            d.u.i.k.p.i.AbstractProblemLoader Environment load took 86.41ns 
625222     INFO  main            d.u.i.k.p.i.AbstractProblemLoader Creating init config 
630429     DEBUG main            d.u.i.k.p.i.AbstractProblemLoader Init config took 5.21s 
630527     INFO  main            d.u.i.k.p.i.AbstractProblemLoader Replaying proof Sampler[ThreadSpec2::initPost()].JML accessible clause.0 
630529     DEBUG main            d.u.i.k.p.i.IntermediateProofReplayer Proof replay took 3.4ns 
630631     INFO  main            d.u.i.k.p.r.p.TestFile    ... finished proof: closed. 
631219     INFO  main            d.u.i.k.p.i.AbstractProblemLoader Loading environment from /home/runner/work/key/key/key.core/../key.ui/examples/heap/permissions/threads/Sampler_initPost_accessible.key.proof 
631220     DEBUG main            d.u.i.k.p.i.AbstractProblemLoader Environment load took 86.81ns 
631220     INFO  main            d.u.i.k.p.i.AbstractProblemLoader Creating init config 
636222     DEBUG main            d.u.i.k.p.i.AbstractProblemLoader Init config took 5s 
636342     INFO  main            d.u.i.k.p.i.AbstractProblemLoader Replaying proof Sampler[ThreadSpec2::initPost()].JML accessible clause.0 
636349     DEBUG main            d.u.i.k.p.i.IntermediateProofReplayer Proof replay took 6.16ms 
636350     DEBUG main            d.u.i.k.p.r.p.TestFile    ... success: reloaded. 
636351     INFO  main            d.u.i.k.p.r.p.TestFile    Now processing file /home/runner/work/key/key/key.core/../key.ui/examples/heap/permissions/threads/Sampler_inv_accessible1.key 
636351     INFO  main            d.u.i.k.p.i.AbstractProblemLoader Loading environment from /home/runner/work/key/key/key.core/../key.ui/examples/heap/permissions/threads/Sampler_inv_accessible1.key 
636351     DEBUG main            d.u.i.k.p.i.AbstractProblemLoader Environment load took 46.7ns 
636352     INFO  main            d.u.i.k.p.i.AbstractProblemLoader Creating init config 
641703     DEBUG main            d.u.i.k.p.i.AbstractProblemLoader Init config took 5.35s 
641803     INFO  main            d.u.i.k.p.i.AbstractProblemLoader Replaying proof Sampler[java.lang.Object::<inv>()].JML accessible clause.0 
641804     DEBUG main            d.u.i.k.p.i.IntermediateProofReplayer Proof replay took 3ns 
641906     INFO  main            d.u.i.k.p.r.p.TestFile    ... finished proof: closed. 
642498     INFO  main            d.u.i.k.p.i.AbstractProblemLoader Loading environment from /home/runner/work/key/key/key.core/../key.ui/examples/heap/permissions/threads/Sampler_inv_accessible1.key.proof 
642499     DEBUG main            d.u.i.k.p.i.AbstractProblemLoader Environment load took 112.61ns 
642499     INFO  main            d.u.i.k.p.i.AbstractProblemLoader Creating init config 
647608     DEBUG main            d.u.i.k.p.i.AbstractProblemLoader Init config took 5.11s 
647717     INFO  main            d.u.i.k.p.i.AbstractProblemLoader Replaying proof Sampler[java.lang.Object::<inv>()].JML accessible clause.0 
647721     DEBUG main            d.u.i.k.p.i.IntermediateProofReplayer Proof replay took 1.83ms 
647722     DEBUG main            d.u.i.k.p.r.p.TestFile    ... success: reloaded. 
647722     INFO  main            d.u.i.k.p.r.p.TestFile    Now processing file /home/runner/work/key/key/key.core/../key.ui/examples/heap/permissions/threads/Sampler_inv_accessible2.key 
647723     INFO  main            d.u.i.k.p.i.AbstractProblemLoader Loading environment from /home/runner/work/key/key/key.core/../key.ui/examples/heap/permissions/threads/Sampler_inv_accessible2.key 
647723     DEBUG main            d.u.i.k.p.i.AbstractProblemLoader Environment load took 47.5ns 
647724     INFO  main            d.u.i.k.p.i.AbstractProblemLoader Creating init config 
653099     DEBUG main            d.u.i.k.p.i.AbstractProblemLoader Init config took 5.38s 
653204     INFO  main            d.u.i.k.p.i.AbstractProblemLoader Replaying proof Sampler[java.lang.Object::<inv>()].JML accessible clause.1 
653206     DEBUG main            d.u.i.k.p.i.IntermediateProofReplayer Proof replay took 3.3ns 
653308     INFO  main            d.u.i.k.p.r.p.TestFile    ... finished proof: closed. 
653934     INFO  main            d.u.i.k.p.i.AbstractProblemLoader Loading environment from /home/runner/work/key/key/key.core/../key.ui/examples/heap/permissions/threads/Sampler_inv_accessible2.key.proof 
653934     DEBUG main            d.u.i.k.p.i.AbstractProblemLoader Environment load took 92.41ns 
653935     INFO  main            d.u.i.k.p.i.AbstractProblemLoader Creating init config 
659087     DEBUG main            d.u.i.k.p.i.AbstractProblemLoader Init config took 5.15s 
659184     INFO  main            d.u.i.k.p.i.AbstractProblemLoader Replaying proof Sampler[java.lang.Object::<inv>()].JML accessible clause.1 
659187     DEBUG main            d.u.i.k.p.i.IntermediateProofReplayer Proof replay took 1.82ms 
659188     DEBUG main            d.u.i.k.p.r.p.TestFile    ... success: reloaded. 
659189     INFO  main            d.u.i.k.p.r.p.TestFile    Now processing file /home/runner/work/key/key/key.core/../key.ui/examples/heap/permissions/threads/Sampler_joinTransfer_accessible.key 
659189     INFO  main            d.u.i.k.p.i.AbstractProblemLoader Loading environment from /home/runner/work/key/key/key.core/../key.ui/examples/heap/permissions/threads/Sampler_joinTransfer_accessible.key 
659189     DEBUG main            d.u.i.k.p.i.AbstractProblemLoader Environment load took 76.2ns 
659190     INFO  main            d.u.i.k.p.i.AbstractProblemLoader Creating init config 
664390     DEBUG main            d.u.i.k.p.i.AbstractProblemLoader Init config took 5.2s 
664493     INFO  main            d.u.i.k.p.i.AbstractProblemLoader Replaying proof Sampler[ThreadSpec2::joinTransfer()].JML accessible clause.0 
664495     DEBUG main            d.u.i.k.p.i.IntermediateProofReplayer Proof replay took 3.8ns 
668529     INFO  main            d.u.i.k.p.r.p.TestFile    ... finished proof: closed. 
669185     INFO  main            d.u.i.k.p.i.AbstractProblemLoader Loading environment from /home/runner/work/key/key/key.core/../key.ui/examples/heap/permissions/threads/Sampler_joinTransfer_accessible.key.proof 
669185     DEBUG main            d.u.i.k.p.i.AbstractProblemLoader Environment load took 98.11ns 
669187     INFO  main            d.u.i.k.p.i.AbstractProblemLoader Creating init config 
674291     DEBUG main            d.u.i.k.p.i.AbstractProblemLoader Init config took 5.1s 
674389     INFO  main            d.u.i.k.p.i.AbstractProblemLoader Replaying proof Sampler[ThreadSpec2::joinTransfer()].JML accessible clause.0 
675100     DEBUG main            d.u.i.k.p.i.IntermediateProofReplayer Proof replay took 698.94ms 
675102     DEBUG main            d.u.i.k.p.r.p.TestFile    ... success: reloaded. 
675103     INFO  main            d.u.i.k.p.r.p.TestFile    Now processing file /home/runner/work/key/key/key.core/../key.ui/examples/heap/permissions/threads/Sampler_joinTransfer_contract.key 
675103     INFO  main            d.u.i.k.p.i.AbstractProblemLoader Loading environment from /home/runner/work/key/key/key.core/../key.ui/examples/heap/permissions/threads/Sampler_joinTransfer_contract.key 
675104     DEBUG main            d.u.i.k.p.i.AbstractProblemLoader Environment load took 100.71ns 
675104     INFO  main            d.u.i.k.p.i.AbstractProblemLoader Creating init config 
680278     DEBUG main            d.u.i.k.p.i.AbstractProblemLoader Init config took 5.17s 
680401     INFO  main            d.u.i.k.p.i.AbstractProblemLoader Replaying proof Sampler[ThreadSpec2::joinTransfer()].JML model_behavior operation contract.0 
680403     DEBUG main            d.u.i.k.p.i.IntermediateProofReplayer Proof replay took 3ns 
680505     INFO  main            d.u.i.k.p.r.p.TestFile    ... finished proof: closed. 
681123     INFO  main            d.u.i.k.p.i.AbstractProblemLoader Loading environment from /home/runner/work/key/key/key.core/../key.ui/examples/heap/permissions/threads/Sampler_joinTransfer_contract.key.proof 
681124     DEBUG main            d.u.i.k.p.i.AbstractProblemLoader Environment load took 89.81ns 
681124     INFO  main            d.u.i.k.p.i.AbstractProblemLoader Creating init config 
686158     DEBUG main            d.u.i.k.p.i.AbstractProblemLoader Init config took 5.03s 
686258     INFO  main            d.u.i.k.p.i.AbstractProblemLoader Replaying proof Sampler[ThreadSpec2::joinTransfer()].JML model_behavior operation contract.0 
686267     DEBUG main            d.u.i.k.p.i.IntermediateProofReplayer Proof replay took 7.62ms 
686267     DEBUG main            d.u.i.k.p.r.p.TestFile    ... success: reloaded. 
686268     INFO  main            d.u.i.k.p.r.p.TestFile    Now processing file /home/runner/work/key/key/key.core/../key.ui/examples/heap/permissions/threads/Sampler_postJoin_accessible.key 
686269     INFO  main            d.u.i.k.p.i.AbstractProblemLoader Loading environment from /home/runner/work/key/key/key.core/../key.ui/examples/heap/permissions/threads/Sampler_postJoin_accessible.key 
686269     DEBUG main            d.u.i.k.p.i.AbstractProblemLoader Environment load took 48.9ns 
686270     INFO  main            d.u.i.k.p.i.AbstractProblemLoader Creating init config 
691389     DEBUG main            d.u.i.k.p.i.AbstractProblemLoader Init config took 5.12s 
691488     INFO  main            d.u.i.k.p.i.AbstractProblemLoader Replaying proof Sampler[ThreadSpec2::postJoin(java.lang.Object)].JML accessible clause.0 
691490     DEBUG main            d.u.i.k.p.i.IntermediateProofReplayer Proof replay took 3.6ns 
691592     INFO  main            d.u.i.k.p.r.p.TestFile    ... finished proof: closed. 
692239     INFO  main            d.u.i.k.p.i.AbstractProblemLoader Loading environment from /home/runner/work/key/key/key.core/../key.ui/examples/heap/permissions/threads/Sampler_postJoin_accessible.key.proof 
692239     DEBUG main            d.u.i.k.p.i.AbstractProblemLoader Environment load took 89.21ns 
692240     INFO  main            d.u.i.k.p.i.AbstractProblemLoader Creating init config 
697359     DEBUG main            d.u.i.k.p.i.AbstractProblemLoader Init config took 5.12s 
697462     INFO  main            d.u.i.k.p.i.AbstractProblemLoader Replaying proof Sampler[ThreadSpec2::postJoin(java.lang.Object)].JML accessible clause.0 
697474     DEBUG main            d.u.i.k.p.i.IntermediateProofReplayer Proof replay took 10.02ms 
697474     DEBUG main            d.u.i.k.p.r.p.TestFile    ... success: reloaded. 
697475     INFO  main            d.u.i.k.p.r.p.TestFile    Now processing file /home/runner/work/key/key/key.core/../key.ui/examples/heap/permissions/threads/Sampler_preStart_accessible.key 
697476     INFO  main            d.u.i.k.p.i.AbstractProblemLoader Loading environment from /home/runner/work/key/key/key.core/../key.ui/examples/heap/permissions/threads/Sampler_preStart_accessible.key 
697476     DEBUG main            d.u.i.k.p.i.AbstractProblemLoader Environment load took 82ns 
697477     INFO  main            d.u.i.k.p.i.AbstractProblemLoader Creating init config 
702639     DEBUG main            d.u.i.k.p.i.AbstractProblemLoader Init config took 5.16s 
702738     INFO  main            d.u.i.k.p.i.AbstractProblemLoader Replaying proof Sampler[ThreadSpec2::preStart(java.lang.Object)].JML accessible clause.0 
702739     DEBUG main            d.u.i.k.p.i.IntermediateProofReplayer Proof replay took 3.1ns 
702841     INFO  main            d.u.i.k.p.r.p.TestFile    ... finished proof: closed. 
703493     INFO  main            d.u.i.k.p.i.AbstractProblemLoader Loading environment from /home/runner/work/key/key/key.core/../key.ui/examples/heap/permissions/threads/Sampler_preStart_accessible.key.proof 
703493     DEBUG main            d.u.i.k.p.i.AbstractProblemLoader Environment load took 89.71ns 
703494     INFO  main            d.u.i.k.p.i.AbstractProblemLoader Creating init config 
708553     DEBUG main            d.u.i.k.p.i.AbstractProblemLoader Init config took 5.06s 
708651     INFO  main            d.u.i.k.p.i.AbstractProblemLoader Replaying proof Sampler[ThreadSpec2::preStart(java.lang.Object)].JML accessible clause.0 
708662     DEBUG main            d.u.i.k.p.i.IntermediateProofReplayer Proof replay took 9.61ms 
708663     DEBUG main            d.u.i.k.p.r.p.TestFile    ... success: reloaded. 
708664     INFO  main            d.u.i.k.p.r.p.TestFile    Now processing file /home/runner/work/key/key/key.core/../key.ui/examples/heap/permissions/threads/Sampler_run.key 
708664     INFO  main            d.u.i.k.p.i.AbstractProblemLoader Loading environment from /home/runner/work/key/key/key.core/../key.ui/examples/heap/permissions/threads/Sampler_run.key 
708664     DEBUG main            d.u.i.k.p.i.AbstractProblemLoader Environment load took 75.7ns 
708665     INFO  main            d.u.i.k.p.i.AbstractProblemLoader Creating init config 
713819     DEBUG main            d.u.i.k.p.i.AbstractProblemLoader Init config took 5.15s 
713916     INFO  main            d.u.i.k.p.i.AbstractProblemLoader Replaying proof Sampler[ThreadSpec2::run()].JML normal_behavior operation contract.0 
713917     DEBUG main            d.u.i.k.p.i.IntermediateProofReplayer Proof replay took 3.3ns 
714119     INFO  main            d.u.i.k.p.r.p.TestFile    ... finished proof: closed. 
714767     INFO  main            d.u.i.k.p.i.AbstractProblemLoader Loading environment from /home/runner/work/key/key/key.core/../key.ui/examples/heap/permissions/threads/Sampler_run.key.proof 
714767     DEBUG main            d.u.i.k.p.i.AbstractProblemLoader Environment load took 92.51ns 
714767     INFO  main            d.u.i.k.p.i.AbstractProblemLoader Creating init config 
719987     DEBUG main            d.u.i.k.p.i.AbstractProblemLoader Init config took 5.22s 
720090     INFO  main            d.u.i.k.p.i.AbstractProblemLoader Replaying proof Sampler[ThreadSpec2::run()].JML normal_behavior operation contract.0 
720133     DEBUG main            d.u.i.k.p.i.IntermediateProofReplayer Proof replay took 41.28ms 
720134     DEBUG main            d.u.i.k.p.r.p.TestFile    ... success: reloaded. 
720135     INFO  main            d.u.i.k.p.r.p.TestFile    Now processing file /home/runner/work/key/key/key.core/../key.ui/examples/heap/permissions/threads/Sampler_Sampler.key 
720135     INFO  main            d.u.i.k.p.i.AbstractProblemLoader Loading environment from /home/runner/work/key/key/key.core/../key.ui/examples/heap/permissions/threads/Sampler_Sampler.key 
720135     DEBUG main            d.u.i.k.p.i.AbstractProblemLoader Environment load took 52ns 
720136     INFO  main            d.u.i.k.p.i.AbstractProblemLoader Creating init config 
725361     DEBUG main            d.u.i.k.p.i.AbstractProblemLoader Init config took 5.22s 
725460     INFO  main            d.u.i.k.p.i.AbstractProblemLoader Replaying proof Sampler[Sampler::Sampler(Buffer)].JML normal_behavior operation contract.0 
725461     DEBUG main            d.u.i.k.p.i.IntermediateProofReplayer Proof replay took 2.9ns 
726065     INFO  main            d.u.i.k.p.r.p.TestFile    ... finished proof: closed. 
726713     INFO  main            d.u.i.k.p.i.AbstractProblemLoader Loading environment from /home/runner/work/key/key/key.core/../key.ui/examples/heap/permissions/threads/Sampler_Sampler.key.proof 
726713     DEBUG main            d.u.i.k.p.i.AbstractProblemLoader Environment load took 94.81ns 
726722     INFO  main            d.u.i.k.p.i.AbstractProblemLoader Creating init config 
731833     DEBUG main            d.u.i.k.p.i.AbstractProblemLoader Init config took 5.11s 
731956     INFO  main            d.u.i.k.p.i.AbstractProblemLoader Replaying proof Sampler[Sampler::Sampler(Buffer)].JML normal_behavior operation contract.0 
732060     DEBUG main            d.u.i.k.p.i.IntermediateProofReplayer Proof replay took 101.59ms 
732061     DEBUG main            d.u.i.k.p.r.p.TestFile    ... success: reloaded. 
732062     INFO  main            d.u.i.k.p.r.p.TestFile    Now processing file /home/runner/work/key/key/key.core/../key.ui/examples/heap/permissions/threads/Sampler_startTransfer_accessible.key 
732062     INFO  main            d.u.i.k.p.i.AbstractProblemLoader Loading environment from /home/runner/work/key/key/key.core/../key.ui/examples/heap/permissions/threads/Sampler_startTransfer_accessible.key 
732062     DEBUG main            d.u.i.k.p.i.AbstractProblemLoader Environment load took 76.91ns 
732063     INFO  main            d.u.i.k.p.i.AbstractProblemLoader Creating init config 
737296     DEBUG main            d.u.i.k.p.i.AbstractProblemLoader Init config took 5.23s 
737395     INFO  main            d.u.i.k.p.i.AbstractProblemLoader Replaying proof Sampler[ThreadSpec2::startTransfer()].JML accessible clause.0 
737396     DEBUG main            d.u.i.k.p.i.IntermediateProofReplayer Proof replay took 3.4ns 
742309     INFO  main            d.u.i.k.p.r.p.TestFile    ... finished proof: closed. 
743015     INFO  main            d.u.i.k.p.i.AbstractProblemLoader Loading environment from /home/runner/work/key/key/key.core/../key.ui/examples/heap/permissions/threads/Sampler_startTransfer_accessible.key.proof 
743015     DEBUG main            d.u.i.k.p.i.AbstractProblemLoader Environment load took 96.61ns 
743017     INFO  main            d.u.i.k.p.i.AbstractProblemLoader Creating init config 
748313     DEBUG main            d.u.i.k.p.i.AbstractProblemLoader Init config took 5.3s 
748417     INFO  main            d.u.i.k.p.i.AbstractProblemLoader Replaying proof Sampler[ThreadSpec2::startTransfer()].JML accessible clause.0 
749146     DEBUG main            d.u.i.k.p.i.IntermediateProofReplayer Proof replay took 715.23ms 
749148     DEBUG main            d.u.i.k.p.r.p.TestFile    ... success: reloaded. 
749149     INFO  main            d.u.i.k.p.r.p.TestFile    Now processing file /home/runner/work/key/key/key.core/../key.ui/examples/heap/permissions/threads/Sampler_startTransfer_contract.key 
749149     INFO  main            d.u.i.k.p.i.AbstractProblemLoader Loading environment from /home/runner/work/key/key/key.core/../key.ui/examples/heap/permissions/threads/Sampler_startTransfer_contract.key 
749149     DEBUG main            d.u.i.k.p.i.AbstractProblemLoader Environment load took 77.91ns 
749150     INFO  main            d.u.i.k.p.i.AbstractProblemLoader Creating init config 
754430     DEBUG main            d.u.i.k.p.i.AbstractProblemLoader Init config took 5.28s 
754531     INFO  main            d.u.i.k.p.i.AbstractProblemLoader Replaying proof Sampler[ThreadSpec2::startTransfer()].JML model_behavior operation contract.0 
754533     DEBUG main            d.u.i.k.p.i.IntermediateProofReplayer Proof replay took 3.5ns 
754634     INFO  main            d.u.i.k.p.r.p.TestFile    ... finished proof: closed. 
755319     INFO  main            d.u.i.k.p.i.AbstractProblemLoader Loading environment from /home/runner/work/key/key/key.core/../key.ui/examples/heap/permissions/threads/Sampler_startTransfer_contract.key.proof 
755319     DEBUG main            d.u.i.k.p.i.AbstractProblemLoader Environment load took 112.81ns 
755320     INFO  main            d.u.i.k.p.i.AbstractProblemLoader Creating init config 
760458     DEBUG main            d.u.i.k.p.i.AbstractProblemLoader Init config took 5.14s 
760574     INFO  main            d.u.i.k.p.i.AbstractProblemLoader Replaying proof Sampler[ThreadSpec2::startTransfer()].JML model_behavior operation contract.0 
760583     DEBUG main            d.u.i.k.p.i.IntermediateProofReplayer Proof replay took 7.76ms 
760584     DEBUG main            d.u.i.k.p.r.p.TestFile    ... success: reloaded. 
760585     INFO  main            d.u.i.k.p.r.p.TestFile    Now processing file /home/runner/work/key/key/key.core/../key.ui/examples/heap/permissions/threads/Sampler_stateInv_accessible.key 
760585     INFO  main            d.u.i.k.p.i.AbstractProblemLoader Loading environment from /home/runner/work/key/key/key.core/../key.ui/examples/heap/permissions/threads/Sampler_stateInv_accessible.key 
760585     DEBUG main            d.u.i.k.p.i.AbstractProblemLoader Environment load took 48.2ns 
760586     INFO  main            d.u.i.k.p.i.AbstractProblemLoader Creating init config 
765782     DEBUG main            d.u.i.k.p.i.AbstractProblemLoader Init config took 5.2s 
765880     INFO  main            d.u.i.k.p.i.AbstractProblemLoader Replaying proof Sampler[ThreadSpec2::stateInv()].JML accessible clause.0 
765882     DEBUG main            d.u.i.k.p.i.IntermediateProofReplayer Proof replay took 3.4ns 
765984     INFO  main            d.u.i.k.p.r.p.TestFile    ... finished proof: closed. 
766666     INFO  main            d.u.i.k.p.i.AbstractProblemLoader Loading environment from /home/runner/work/key/key/key.core/../key.ui/examples/heap/permissions/threads/Sampler_stateInv_accessible.key.proof 
766666     DEBUG main            d.u.i.k.p.i.AbstractProblemLoader Environment load took 88.11ns 
766667     INFO  main            d.u.i.k.p.i.AbstractProblemLoader Creating init config 
771864     DEBUG main            d.u.i.k.p.i.AbstractProblemLoader Init config took 5.2s 
771964     INFO  main            d.u.i.k.p.i.AbstractProblemLoader Replaying proof Sampler[ThreadSpec2::stateInv()].JML accessible clause.0 
771972     DEBUG main            d.u.i.k.p.i.IntermediateProofReplayer Proof replay took 7.03ms 
771973     DEBUG main            d.u.i.k.p.r.p.TestFile    ... success: reloaded. 
771974     INFO  main            d.u.i.k.p.r.p.TestFile    Now processing file /home/runner/work/key/key/key.core/../key.ui/examples/heap/permissions/threads/Sampler_staticPermissions_accessible.key 
771974     INFO  main            d.u.i.k.p.i.AbstractProblemLoader Loading environment from /home/runner/work/key/key/key.core/../key.ui/examples/heap/permissions/threads/Sampler_staticPermissions_accessible.key 
771974     DEBUG main            d.u.i.k.p.i.AbstractProblemLoader Environment load took 84.11ns 
771975     INFO  main            d.u.i.k.p.i.AbstractProblemLoader Creating init config 
777291     DEBUG main            d.u.i.k.p.i.AbstractProblemLoader Init config took 5.32s 
777395     INFO  main            d.u.i.k.p.i.AbstractProblemLoader Replaying proof Sampler[ThreadSpec2::staticPermissions()].JML accessible clause.0 
777397     DEBUG main            d.u.i.k.p.i.IntermediateProofReplayer Proof replay took 3.9ns 
777499     INFO  main            d.u.i.k.p.r.p.TestFile    ... finished proof: closed. 
778183     INFO  main            d.u.i.k.p.i.AbstractProblemLoader Loading environment from /home/runner/work/key/key/key.core/../key.ui/examples/heap/permissions/threads/Sampler_staticPermissions_accessible.key.proof 
778183     DEBUG main            d.u.i.k.p.i.AbstractProblemLoader Environment load took 81.01ns 
778184     INFO  main            d.u.i.k.p.i.AbstractProblemLoader Creating init config 
783242     DEBUG main            d.u.i.k.p.i.AbstractProblemLoader Init config took 5.06s 
783340     INFO  main            d.u.i.k.p.i.AbstractProblemLoader Replaying proof Sampler[ThreadSpec2::staticPermissions()].JML accessible clause.0 
783345     DEBUG main            d.u.i.k.p.i.IntermediateProofReplayer Proof replay took 3.63ms 
783346     DEBUG main            d.u.i.k.p.r.p.TestFile    ... success: reloaded. 
783347     INFO  main            d.u.i.k.p.r.p.TestFile    Now processing file /home/runner/work/key/key/key.core/../key.ui/examples/heap/permissions/threads/Sampler_workingPermissions_accessible.key 
783347     INFO  main            d.u.i.k.p.i.AbstractProblemLoader Loading environment from /home/runner/work/key/key/key.core/../key.ui/examples/heap/permissions/threads/Sampler_workingPermissions_accessible.key 
783347     DEBUG main            d.u.i.k.p.i.AbstractProblemLoader Environment load took 79.7ns 
783348     INFO  main            d.u.i.k.p.i.AbstractProblemLoader Creating init config 
788547     DEBUG main            d.u.i.k.p.i.AbstractProblemLoader Init config took 5.2s 
788643     INFO  main            d.u.i.k.p.i.AbstractProblemLoader Replaying proof Sampler[ThreadSpec2::workingPermissions()].JML accessible clause.0 
788647     DEBUG main            d.u.i.k.p.i.IntermediateProofReplayer Proof replay took 4.7ns 
788749     INFO  main            d.u.i.k.p.r.p.TestFile    ... finished proof: closed. 
789447     INFO  main            d.u.i.k.p.i.AbstractProblemLoader Loading environment from /home/runner/work/key/key/key.core/../key.ui/examples/heap/permissions/threads/Sampler_workingPermissions_accessible.key.proof 
789447     DEBUG main            d.u.i.k.p.i.AbstractProblemLoader Environment load took 85.7ns 
789448     INFO  main            d.u.i.k.p.i.AbstractProblemLoader Creating init config 
794622     DEBUG main            d.u.i.k.p.i.AbstractProblemLoader Init config took 5.17s 
794724     INFO  main            d.u.i.k.p.i.AbstractProblemLoader Replaying proof Sampler[ThreadSpec2::workingPermissions()].JML accessible clause.0 
794730     DEBUG main            d.u.i.k.p.i.IntermediateProofReplayer Proof replay took 5.51ms 
794731     DEBUG main            d.u.i.k.p.r.p.TestFile    ... success: reloaded. 
794732     INFO  main            d.u.i.k.p.r.p.TestFile    Now processing file /home/runner/work/key/key/key.core/../key.ui/examples/heap/permissions/mulleretal/ReadWrite_doRead_contract.key 
794732     INFO  main            d.u.i.k.p.i.AbstractProblemLoader Loading environment from /home/runner/work/key/key/key.core/../key.ui/examples/heap/permissions/mulleretal/ReadWrite_doRead_contract.key 
794732     DEBUG main            d.u.i.k.p.i.AbstractProblemLoader Environment load took 47.8ns 
794733     INFO  main            d.u.i.k.p.i.AbstractProblemLoader Creating init config 
797754     DEBUG main            d.u.i.k.p.i.AbstractProblemLoader Init config took 3.02s 
797793     INFO  main            d.u.i.k.p.i.AbstractProblemLoader Replaying proof ReadWrite[ReadWrite::doRead()].JML normal_behavior operation contract.0 
797795     DEBUG main            d.u.i.k.p.i.IntermediateProofReplayer Proof replay took 3.1ns 
799534     INFO  main            d.u.i.k.p.r.p.TestFile    ... finished proof: closed. 
800253     INFO  main            d.u.i.k.p.i.AbstractProblemLoader Loading environment from /home/runner/work/key/key/key.core/../key.ui/examples/heap/permissions/mulleretal/ReadWrite_doRead_contract.key.proof 
800253     DEBUG main            d.u.i.k.p.i.AbstractProblemLoader Environment load took 88.81ns 
800254     INFO  main            d.u.i.k.p.i.AbstractProblemLoader Creating init config 
803224     DEBUG main            d.u.i.k.p.i.AbstractProblemLoader Init config took 2.97s 
803270     INFO  main            d.u.i.k.p.i.AbstractProblemLoader Replaying proof ReadWrite[ReadWrite::doRead()].JML normal_behavior operation contract.0 
803930     DEBUG main            d.u.i.k.p.i.IntermediateProofReplayer Proof replay took 638.45ms 
803931     DEBUG main            d.u.i.k.p.r.p.TestFile    ... success: reloaded. 
803932     INFO  main            d.u.i.k.p.r.p.TestFile    Now processing file /home/runner/work/key/key/key.core/../key.ui/examples/heap/permissions/mulleretal/ReadWrite_doWrite_contract.key 
803932     INFO  main            d.u.i.k.p.i.AbstractProblemLoader Loading environment from /home/runner/work/key/key/key.core/../key.ui/examples/heap/permissions/mulleretal/ReadWrite_doWrite_contract.key 
803932     DEBUG main            d.u.i.k.p.i.AbstractProblemLoader Environment load took 81.2ns 
803941     INFO  main            d.u.i.k.p.i.AbstractProblemLoader Creating init config 
807443     DEBUG main            d.u.i.k.p.i.AbstractProblemLoader Init config took 3.5s 
807485     INFO  main            d.u.i.k.p.i.AbstractProblemLoader Replaying proof ReadWrite[ReadWrite::doWrite()].JML normal_behavior operation contract.0 
807486     DEBUG main            d.u.i.k.p.i.IntermediateProofReplayer Proof replay took 3.3ns 
809341     INFO  main            d.u.i.k.p.r.p.TestFile    ... finished proof: closed. 
810080     INFO  main            d.u.i.k.p.i.AbstractProblemLoader Loading environment from /home/runner/work/key/key/key.core/../key.ui/examples/heap/permissions/mulleretal/ReadWrite_doWrite_contract.key.proof 
810080     DEBUG main            d.u.i.k.p.i.AbstractProblemLoader Environment load took 333.42ns 
810082     INFO  main            d.u.i.k.p.i.AbstractProblemLoader Creating init config 
812960     DEBUG main            d.u.i.k.p.i.AbstractProblemLoader Init config took 2.88s 
813000     INFO  main            d.u.i.k.p.i.AbstractProblemLoader Replaying proof ReadWrite[ReadWrite::doWrite()].JML normal_behavior operation contract.0 
813443     DEBUG main            d.u.i.k.p.i.IntermediateProofReplayer Proof replay took 436.5ms 
813444     DEBUG main            d.u.i.k.p.r.p.TestFile    ... success: reloaded. 
813445     INFO  main            d.u.i.k.p.r.p.TestFile    Now processing file /home/runner/work/key/key/key.core/../key.ui/examples/heap/permissions/mulleretal/ReadWrite_read_contract.key 
813445     INFO  main            d.u.i.k.p.i.AbstractProblemLoader Loading environment from /home/runner/work/key/key/key.core/../key.ui/examples/heap/permissions/mulleretal/ReadWrite_read_contract.key 
813445     DEBUG main            d.u.i.k.p.i.AbstractProblemLoader Environment load took 77.7ns 
813446     INFO  main            d.u.i.k.p.i.AbstractProblemLoader Creating init config 
816552     DEBUG main            d.u.i.k.p.i.AbstractProblemLoader Init config took 3.11s 
816592     INFO  main            d.u.i.k.p.i.AbstractProblemLoader Replaying proof ReadWrite[ReadWrite::read()].JML normal_behavior operation contract.0 
816594     DEBUG main            d.u.i.k.p.i.IntermediateProofReplayer Proof replay took 3ns 
816695     INFO  main            d.u.i.k.p.r.p.TestFile    ... finished proof: closed. 
817406     INFO  main            d.u.i.k.p.i.AbstractProblemLoader Loading environment from /home/runner/work/key/key/key.core/../key.ui/examples/heap/permissions/mulleretal/ReadWrite_read_contract.key.proof 
817406     DEBUG main            d.u.i.k.p.i.AbstractProblemLoader Environment load took 81.31ns 
817407     INFO  main            d.u.i.k.p.i.AbstractProblemLoader Creating init config 
820396     DEBUG main            d.u.i.k.p.i.AbstractProblemLoader Init config took 2.99s 
820435     INFO  main            d.u.i.k.p.i.AbstractProblemLoader Replaying proof ReadWrite[ReadWrite::read()].JML normal_behavior operation contract.0 
820443     DEBUG main            d.u.i.k.p.i.IntermediateProofReplayer Proof replay took 7.16ms 
820444     DEBUG main            d.u.i.k.p.r.p.TestFile    ... success: reloaded. 
820445     INFO  main            d.u.i.k.p.r.p.TestFile    Now processing file /home/runner/work/key/key/key.core/../key.ui/examples/heap/permissions/mulleretal/ReadWrite_write_contract.key 
820445     INFO  main            d.u.i.k.p.i.AbstractProblemLoader Loading environment from /home/runner/work/key/key/key.core/../key.ui/examples/heap/permissions/mulleretal/ReadWrite_write_contract.key 
820445     DEBUG main            d.u.i.k.p.i.AbstractProblemLoader Environment load took 91.21ns 
820446     INFO  main            d.u.i.k.p.i.AbstractProblemLoader Creating init config 
823354     DEBUG main            d.u.i.k.p.i.AbstractProblemLoader Init config took 2.91s 
823394     INFO  main            d.u.i.k.p.i.AbstractProblemLoader Replaying proof ReadWrite[ReadWrite::write()].JML normal_behavior operation contract.0 
823396     DEBUG main            d.u.i.k.p.i.IntermediateProofReplayer Proof replay took 3.5ns 
823602     INFO  main            d.u.i.k.p.r.p.TestFile    ... finished proof: closed. 
824312     INFO  main            d.u.i.k.p.i.AbstractProblemLoader Loading environment from /home/runner/work/key/key/key.core/../key.ui/examples/heap/permissions/mulleretal/ReadWrite_write_contract.key.proof 
824312     DEBUG main            d.u.i.k.p.i.AbstractProblemLoader Environment load took 87.81ns 
824313     INFO  main            d.u.i.k.p.i.AbstractProblemLoader Creating init config 
827330     DEBUG main            d.u.i.k.p.i.AbstractProblemLoader Init config took 3.02s 
827376     INFO  main            d.u.i.k.p.i.AbstractProblemLoader Replaying proof ReadWrite[ReadWrite::write()].JML normal_behavior operation contract.0 
827412     DEBUG main            d.u.i.k.p.i.IntermediateProofReplayer Proof replay took 33.4ms 
827413     DEBUG main            d.u.i.k.p.r.p.TestFile    ... success: reloaded. 
827413     INFO  main            d.u.i.k.p.r.p.TestFile    Now processing file /home/runner/work/key/key/key.core/../key.ui/examples/heap/permissions/mulleretal/ReadWrite_inv1_accessible.key 
827414     INFO  main            d.u.i.k.p.i.AbstractProblemLoader Loading environment from /home/runner/work/key/key/key.core/../key.ui/examples/heap/permissions/mulleretal/ReadWrite_inv1_accessible.key 
827414     DEBUG main            d.u.i.k.p.i.AbstractProblemLoader Environment load took 219.81ns 
827415     INFO  main            d.u.i.k.p.i.AbstractProblemLoader Creating init config 
830850     DEBUG main            d.u.i.k.p.i.AbstractProblemLoader Init config took 3.44s 
830895     INFO  main            d.u.i.k.p.i.AbstractProblemLoader Replaying proof ReadWrite[java.lang.Object::<inv>()].JML accessible clause.0 
830896     DEBUG main            d.u.i.k.p.i.IntermediateProofReplayer Proof replay took 3.3ns 
830998     INFO  main            d.u.i.k.p.r.p.TestFile    ... finished proof: closed. 
831680     INFO  main            d.u.i.k.p.i.AbstractProblemLoader Loading environment from /home/runner/work/key/key/key.core/../key.ui/examples/heap/permissions/mulleretal/ReadWrite_inv1_accessible.key.proof 
831680     DEBUG main            d.u.i.k.p.i.AbstractProblemLoader Environment load took 72.7ns 
831681     INFO  main            d.u.i.k.p.i.AbstractProblemLoader Creating init config 
834599     DEBUG main            d.u.i.k.p.i.AbstractProblemLoader Init config took 2.92s 
834637     INFO  main            d.u.i.k.p.i.AbstractProblemLoader Replaying proof ReadWrite[java.lang.Object::<inv>()].JML accessible clause.0 
834640     DEBUG main            d.u.i.k.p.i.IntermediateProofReplayer Proof replay took 1.86ms 
834641     DEBUG main            d.u.i.k.p.r.p.TestFile    ... success: reloaded. 
834641     INFO  main            d.u.i.k.p.r.p.TestFile    Now processing file /home/runner/work/key/key/key.core/../key.ui/examples/heap/permissions/mulleretal/ReadWrite_inv2_accessible.key 
834642     INFO  main            d.u.i.k.p.i.AbstractProblemLoader Loading environment from /home/runner/work/key/key/key.core/../key.ui/examples/heap/permissions/mulleretal/ReadWrite_inv2_accessible.key 
834642     DEBUG main            d.u.i.k.p.i.AbstractProblemLoader Environment load took 61.1ns 
834642     INFO  main            d.u.i.k.p.i.AbstractProblemLoader Creating init config 
837528     DEBUG main            d.u.i.k.p.i.AbstractProblemLoader Init config took 2.89s 
837566     INFO  main            d.u.i.k.p.i.AbstractProblemLoader Replaying proof ReadWrite[java.lang.Object::<inv>()].JML accessible clause.1 
837568     DEBUG main            d.u.i.k.p.i.IntermediateProofReplayer Proof replay took 2.4ns 
837670     INFO  main            d.u.i.k.p.r.p.TestFile    ... finished proof: closed. 
838387     INFO  main            d.u.i.k.p.i.AbstractProblemLoader Loading environment from /home/runner/work/key/key/key.core/../key.ui/examples/heap/permissions/mulleretal/ReadWrite_inv2_accessible.key.proof 
838387     DEBUG main            d.u.i.k.p.i.AbstractProblemLoader Environment load took 74.41ns 
838388     INFO  main            d.u.i.k.p.i.AbstractProblemLoader Creating init config 
841372     DEBUG main            d.u.i.k.p.i.AbstractProblemLoader Init config took 2.98s 
841416     INFO  main            d.u.i.k.p.i.AbstractProblemLoader Replaying proof ReadWrite[java.lang.Object::<inv>()].JML accessible clause.1 
841419     DEBUG main            d.u.i.k.p.i.IntermediateProofReplayer Proof replay took 2ms 
841420     DEBUG main            d.u.i.k.p.r.p.TestFile    ... success: reloaded. 
841421     INFO  main            d.u.i.k.p.r.p.TestFile    Now processing file /home/runner/work/key/key/key.core/../key.ui/examples/heap/permissions/lockspec/Counter_lockConsistent_contract.key 
841421     INFO  main            d.u.i.k.p.i.AbstractProblemLoader Loading environment from /home/runner/work/key/key/key.core/../key.ui/examples/heap/permissions/lockspec/Counter_lockConsistent_contract.key 
841422     DEBUG main            d.u.i.k.p.i.AbstractProblemLoader Environment load took 168.21ns 
841422     INFO  main            d.u.i.k.p.i.AbstractProblemLoader Creating init config 
845477     DEBUG main            d.u.i.k.p.i.AbstractProblemLoader Init config took 4.05s 
845544     INFO  main            d.u.i.k.p.i.AbstractProblemLoader Replaying proof Counter[LockSpec::lockConsistent()].JML model_behavior operation contract.0 
845545     DEBUG main            d.u.i.k.p.i.IntermediateProofReplayer Proof replay took 2.9ns 
846755     INFO  main            d.u.i.k.p.r.p.TestFile    ... finished proof: closed. 
847517     INFO  main            d.u.i.k.p.i.AbstractProblemLoader Loading environment from /home/runner/work/key/key/key.core/../key.ui/examples/heap/permissions/lockspec/Counter_lockConsistent_contract.key.proof 
847517     DEBUG main            d.u.i.k.p.i.AbstractProblemLoader Environment load took 82.5ns 
847519     INFO  main            d.u.i.k.p.i.AbstractProblemLoader Creating init config 
851161     DEBUG main            d.u.i.k.p.i.AbstractProblemLoader Init config took 3.64s 
851260     INFO  main            d.u.i.k.p.i.AbstractProblemLoader Replaying proof Counter[LockSpec::lockConsistent()].JML model_behavior operation contract.0 
851526     DEBUG main            d.u.i.k.p.i.IntermediateProofReplayer Proof replay took 253.94ms 
851527     DEBUG main            d.u.i.k.p.r.p.TestFile    ... success: reloaded. 
851528     INFO  main            d.u.i.k.p.r.p.TestFile    Now processing file /home/runner/work/key/key/key.core/../key.ui/examples/heap/permissions/lockspec/Counter_increase_contract.key 
851528     INFO  main            d.u.i.k.p.i.AbstractProblemLoader Loading environment from /home/runner/work/key/key/key.core/../key.ui/examples/heap/permissions/lockspec/Counter_increase_contract.key 
851528     DEBUG main            d.u.i.k.p.i.AbstractProblemLoader Environment load took 72.91ns 
851529     INFO  main            d.u.i.k.p.i.AbstractProblemLoader Creating init config 
855162     DEBUG main            d.u.i.k.p.i.AbstractProblemLoader Init config took 3.63s 
855226     INFO  main            d.u.i.k.p.i.AbstractProblemLoader Replaying proof Counter[Counter::increase()].JML normal_behavior operation contract.0 
855233     DEBUG main            d.u.i.k.p.i.IntermediateProofReplayer Proof replay took 2.6ns 
857146     INFO  main            d.u.i.k.p.r.p.TestFile    ... finished proof: closed. 
857894     INFO  main            d.u.i.k.p.i.AbstractProblemLoader Loading environment from /home/runner/work/key/key/key.core/../key.ui/examples/heap/permissions/lockspec/Counter_increase_contract.key.proof 
857894     DEBUG main            d.u.i.k.p.i.AbstractProblemLoader Environment load took 327.92ns 
857896     INFO  main            d.u.i.k.p.i.AbstractProblemLoader Creating init config 
861439     DEBUG main            d.u.i.k.p.i.AbstractProblemLoader Init config took 3.54s 
861507     INFO  main            d.u.i.k.p.i.AbstractProblemLoader Replaying proof Counter[Counter::increase()].JML normal_behavior operation contract.0 
861849     DEBUG main            d.u.i.k.p.i.IntermediateProofReplayer Proof replay took 321.06ms 
861851     DEBUG main            d.u.i.k.p.r.p.TestFile    ... success: reloaded. 
861852     INFO  main            d.u.i.k.p.r.p.TestFile    Now processing file /home/runner/work/key/key/key.core/../key.ui/examples/heap/permissions/lockspec/Counter_fp_accessible.key 
861852     INFO  main            d.u.i.k.p.i.AbstractProblemLoader Loading environment from /home/runner/work/key/key/key.core/../key.ui/examples/heap/permissions/lockspec/Counter_fp_accessible.key 
861852     DEBUG main            d.u.i.k.p.i.AbstractProblemLoader Environment load took 166.41ns 
861853     INFO  main            d.u.i.k.p.i.AbstractProblemLoader Creating init config 
865432     DEBUG main            d.u.i.k.p.i.AbstractProblemLoader Init config took 3.58s 
865495     INFO  main            d.u.i.k.p.i.AbstractProblemLoader Replaying proof Counter[LockSpec::fp()].JML accessible clause.0 
865497     DEBUG main            d.u.i.k.p.i.IntermediateProofReplayer Proof replay took 2.6ns 
865598     INFO  main            d.u.i.k.p.r.p.TestFile    ... finished proof: closed. 
866320     INFO  main            d.u.i.k.p.i.AbstractProblemLoader Loading environment from /home/runner/work/key/key/key.core/../key.ui/examples/heap/permissions/lockspec/Counter_fp_accessible.key.proof 
866320     DEBUG main            d.u.i.k.p.i.AbstractProblemLoader Environment load took 75.5ns 
866321     INFO  main            d.u.i.k.p.i.AbstractProblemLoader Creating init config 
869814     DEBUG main            d.u.i.k.p.i.AbstractProblemLoader Init config took 3.49s 
869884     INFO  main            d.u.i.k.p.i.AbstractProblemLoader Replaying proof Counter[LockSpec::fp()].JML accessible clause.0 
869896     DEBUG main            d.u.i.k.p.i.IntermediateProofReplayer Proof replay took 10.18ms 
869897     DEBUG main            d.u.i.k.p.r.p.TestFile    ... success: reloaded. 
869897     INFO  main            d.u.i.k.p.r.p.TestFile    Now processing file /home/runner/work/key/key/key.core/../key.ui/examples/heap/permissions/lockspec/Counter_fpLock_accessible.key 
869898     INFO  main            d.u.i.k.p.i.AbstractProblemLoader Loading environment from /home/runner/work/key/key/key.core/../key.ui/examples/heap/permissions/lockspec/Counter_fpLock_accessible.key 
869898     DEBUG main            d.u.i.k.p.i.AbstractProblemLoader Environment load took 168.51ns 
869899     INFO  main            d.u.i.k.p.i.AbstractProblemLoader Creating init config 
873684     DEBUG main            d.u.i.k.p.i.AbstractProblemLoader Init config took 3.78s 
873746     INFO  main            d.u.i.k.p.i.AbstractProblemLoader Replaying proof Counter[LockSpec::fpLock()].JML accessible clause.0 
873748     DEBUG main            d.u.i.k.p.i.IntermediateProofReplayer Proof replay took 2.4ns 
873850     INFO  main            d.u.i.k.p.r.p.TestFile    ... finished proof: closed. 
874578     INFO  main            d.u.i.k.p.i.AbstractProblemLoader Loading environment from /home/runner/work/key/key/key.core/../key.ui/examples/heap/permissions/lockspec/Counter_fpLock_accessible.key.proof 
874578     DEBUG main            d.u.i.k.p.i.AbstractProblemLoader Environment load took 73.2ns 
874579     INFO  main            d.u.i.k.p.i.AbstractProblemLoader Creating init config 
878255     DEBUG main            d.u.i.k.p.i.AbstractProblemLoader Init config took 3.68s 
878348     INFO  main            d.u.i.k.p.i.AbstractProblemLoader Replaying proof Counter[LockSpec::fpLock()].JML accessible clause.0 
878370     DEBUG main            d.u.i.k.p.i.IntermediateProofReplayer Proof replay took 20.18ms 
878378     DEBUG main            d.u.i.k.p.r.p.TestFile    ... success: reloaded. 
878378     INFO  main            d.u.i.k.p.r.p.TestFile    Now processing file /home/runner/work/key/key/key.core/../key.ui/examples/heap/permissions/lockspec/Counter_fpPerm_accessible.key 
878379     INFO  main            d.u.i.k.p.i.AbstractProblemLoader Loading environment from /home/runner/work/key/key/key.core/../key.ui/examples/heap/permissions/lockspec/Counter_fpPerm_accessible.key 
878379     DEBUG main            d.u.i.k.p.i.AbstractProblemLoader Environment load took 84.61ns 
878380     INFO  main            d.u.i.k.p.i.AbstractProblemLoader Creating init config 
882117     DEBUG main            d.u.i.k.p.i.AbstractProblemLoader Init config took 3.74s 
882189     INFO  main            d.u.i.k.p.i.AbstractProblemLoader Replaying proof Counter[LockSpec::fpPerm()].JML accessible clause.0 
882190     DEBUG main            d.u.i.k.p.i.IntermediateProofReplayer Proof replay took 2.7ns 
882302     INFO  main            d.u.i.k.p.r.p.TestFile    ... finished proof: closed. 
883033     INFO  main            d.u.i.k.p.i.AbstractProblemLoader Loading environment from /home/runner/work/key/key/key.core/../key.ui/examples/heap/permissions/lockspec/Counter_fpPerm_accessible.key.proof 
883033     DEBUG main            d.u.i.k.p.i.AbstractProblemLoader Environment load took 74.61ns 
883034     INFO  main            d.u.i.k.p.i.AbstractProblemLoader Creating init config 
886662     DEBUG main            d.u.i.k.p.i.AbstractProblemLoader Init config took 3.63s 
886768     INFO  main            d.u.i.k.p.i.AbstractProblemLoader Replaying proof Counter[LockSpec::fpPerm()].JML accessible clause.0 
886799     DEBUG main            d.u.i.k.p.i.IntermediateProofReplayer Proof replay took 18.97ms 
886800     DEBUG main            d.u.i.k.p.r.p.TestFile    ... success: reloaded. 
886810     INFO  main            d.u.i.k.p.r.p.TestFile    Now processing file /home/runner/work/key/key/key.core/../key.ui/examples/heap/permissions/lockspec/Counter_inv_accessible1.key 
886810     INFO  main            d.u.i.k.p.i.AbstractProblemLoader Loading environment from /home/runner/work/key/key/key.core/../key.ui/examples/heap/permissions/lockspec/Counter_inv_accessible1.key 
886810     DEBUG main            d.u.i.k.p.i.AbstractProblemLoader Environment load took 205.61ns 
886811     INFO  main            d.u.i.k.p.i.AbstractProblemLoader Creating init config 
890676     DEBUG main            d.u.i.k.p.i.AbstractProblemLoader Init config took 3.86s 
890739     INFO  main            d.u.i.k.p.i.AbstractProblemLoader Replaying proof Counter[java.lang.Object::<inv>()].JML accessible clause.0 
890740     DEBUG main            d.u.i.k.p.i.IntermediateProofReplayer Proof replay took 2.7ns 
890841     INFO  main            d.u.i.k.p.r.p.TestFile    ... finished proof: closed. 
891570     INFO  main            d.u.i.k.p.i.AbstractProblemLoader Loading environment from /home/runner/work/key/key/key.core/../key.ui/examples/heap/permissions/lockspec/Counter_inv_accessible1.key.proof 
891570     DEBUG main            d.u.i.k.p.i.AbstractProblemLoader Environment load took 72.9ns 
891571     INFO  main            d.u.i.k.p.i.AbstractProblemLoader Creating init config 
895074     DEBUG main            d.u.i.k.p.i.AbstractProblemLoader Init config took 3.5s 
895144     INFO  main            d.u.i.k.p.i.AbstractProblemLoader Replaying proof Counter[java.lang.Object::<inv>()].JML accessible clause.0 
895179     DEBUG main            d.u.i.k.p.i.IntermediateProofReplayer Proof replay took 32.91ms 
895180     DEBUG main            d.u.i.k.p.r.p.TestFile    ... success: reloaded. 
895181     INFO  main            d.u.i.k.p.r.p.TestFile    Now processing file /home/runner/work/key/key/key.core/../key.ui/examples/heap/permissions/lockspec/Counter_inv_accessible2.key 
895181     INFO  main            d.u.i.k.p.i.AbstractProblemLoader Loading environment from /home/runner/work/key/key/key.core/../key.ui/examples/heap/permissions/lockspec/Counter_inv_accessible2.key 
895181     DEBUG main            d.u.i.k.p.i.AbstractProblemLoader Environment load took 177.91ns 
895182     INFO  main            d.u.i.k.p.i.AbstractProblemLoader Creating init config 
898801     DEBUG main            d.u.i.k.p.i.AbstractProblemLoader Init config took 3.62s 
898863     INFO  main            d.u.i.k.p.i.AbstractProblemLoader Replaying proof Counter[java.lang.Object::<inv>()].JML accessible clause.1 
898867     DEBUG main            d.u.i.k.p.i.IntermediateProofReplayer Proof replay took 4.1ns 
898969     INFO  main            d.u.i.k.p.r.p.TestFile    ... finished proof: closed. 
899702     INFO  main            d.u.i.k.p.i.AbstractProblemLoader Loading environment from /home/runner/work/key/key/key.core/../key.ui/examples/heap/permissions/lockspec/Counter_inv_accessible2.key.proof 
899702     DEBUG main            d.u.i.k.p.i.AbstractProblemLoader Environment load took 74.2ns 
899702     INFO  main            d.u.i.k.p.i.AbstractProblemLoader Creating init config 
903259     DEBUG main            d.u.i.k.p.i.AbstractProblemLoader Init config took 3.56s 
903347     INFO  main            d.u.i.k.p.i.AbstractProblemLoader Replaying proof Counter[java.lang.Object::<inv>()].JML accessible clause.1 
903359     DEBUG main            d.u.i.k.p.i.IntermediateProofReplayer Proof replay took 10.76ms 
903361     DEBUG main            d.u.i.k.p.r.p.TestFile    ... success: reloaded. 
903361     INFO  main            d.u.i.k.p.r.p.TestFile    Now processing file /home/runner/work/key/key/key.core/../key.ui/examples/heap/permissions/lockspec/Counter_lockRef_accessible.key 
903361     INFO  main            d.u.i.k.p.i.AbstractProblemLoader Loading environment from /home/runner/work/key/key/key.core/../key.ui/examples/heap/permissions/lockspec/Counter_lockRef_accessible.key 
903362     DEBUG main            d.u.i.k.p.i.AbstractProblemLoader Environment load took 113.01ns 
903362     INFO  main            d.u.i.k.p.i.AbstractProblemLoader Creating init config 
907026     DEBUG main            d.u.i.k.p.i.AbstractProblemLoader Init config took 3.66s 
907089     INFO  main            d.u.i.k.p.i.AbstractProblemLoader Replaying proof Counter[LockSpec::lockRef()].JML accessible clause.0 
907091     DEBUG main            d.u.i.k.p.i.IntermediateProofReplayer Proof replay took 2.7ns 
907393     INFO  main            d.u.i.k.p.r.p.TestFile    ... finished proof: closed. 
908132     INFO  main            d.u.i.k.p.i.AbstractProblemLoader Loading environment from /home/runner/work/key/key/key.core/../key.ui/examples/heap/permissions/lockspec/Counter_lockRef_accessible.key.proof 
908132     DEBUG main            d.u.i.k.p.i.AbstractProblemLoader Environment load took 77.41ns 
908133     INFO  main            d.u.i.k.p.i.AbstractProblemLoader Creating init config 
911628     DEBUG main            d.u.i.k.p.i.AbstractProblemLoader Init config took 3.49s 
911689     INFO  main            d.u.i.k.p.i.AbstractProblemLoader Replaying proof Counter[LockSpec::lockRef()].JML accessible clause.0 
911750     DEBUG main            d.u.i.k.p.i.IntermediateProofReplayer Proof replay took 59.28ms 
911751     DEBUG main            d.u.i.k.p.r.p.TestFile    ... success: reloaded. 
911752     INFO  main            d.u.i.k.p.r.p.TestFile    Now processing file /home/runner/work/key/key/key.core/../key.ui/examples/heap/permissions/lockspec/Counter_lockRef_contract1.key 
911752     INFO  main            d.u.i.k.p.i.AbstractProblemLoader Loading environment from /home/runner/work/key/key/key.core/../key.ui/examples/heap/permissions/lockspec/Counter_lockRef_contract1.key 
911752     DEBUG main            d.u.i.k.p.i.AbstractProblemLoader Environment load took 75.31ns 
911753     INFO  main            d.u.i.k.p.i.AbstractProblemLoader Creating init config 
915415     DEBUG main            d.u.i.k.p.i.AbstractProblemLoader Init config took 3.66s 
915486     INFO  main            d.u.i.k.p.i.AbstractProblemLoader Replaying proof Counter[LockSpec::lockRef()].JML model_behavior operation contract.0 
915487     DEBUG main            d.u.i.k.p.i.IntermediateProofReplayer Proof replay took 2.7ns 
915590     INFO  main            d.u.i.k.p.r.p.TestFile    ... finished proof: closed. 
916355     INFO  main            d.u.i.k.p.i.AbstractProblemLoader Loading environment from /home/runner/work/key/key/key.core/../key.ui/examples/heap/permissions/lockspec/Counter_lockRef_contract1.key.proof 
916355     DEBUG main            d.u.i.k.p.i.AbstractProblemLoader Environment load took 75.91ns 
916356     INFO  main            d.u.i.k.p.i.AbstractProblemLoader Creating init config 
919835     DEBUG main            d.u.i.k.p.i.AbstractProblemLoader Init config took 3.48s 
919925     INFO  main            d.u.i.k.p.i.AbstractProblemLoader Replaying proof Counter[LockSpec::lockRef()].JML model_behavior operation contract.0 
919931     DEBUG main            d.u.i.k.p.i.IntermediateProofReplayer Proof replay took 4.69ms 
919932     DEBUG main            d.u.i.k.p.r.p.TestFile    ... success: reloaded. 
919932     INFO  main            d.u.i.k.p.r.p.TestFile    Now processing file /home/runner/work/key/key/key.core/../key.ui/examples/heap/permissions/lockspec/Counter_lockRef_contract2.key 
919933     INFO  main            d.u.i.k.p.i.AbstractProblemLoader Loading environment from /home/runner/work/key/key/key.core/../key.ui/examples/heap/permissions/lockspec/Counter_lockRef_contract2.key 
919933     DEBUG main            d.u.i.k.p.i.AbstractProblemLoader Environment load took 81.5ns 
919934     INFO  main            d.u.i.k.p.i.AbstractProblemLoader Creating init config 
923586     DEBUG main            d.u.i.k.p.i.AbstractProblemLoader Init config took 3.65s 
923648     INFO  main            d.u.i.k.p.i.AbstractProblemLoader Replaying proof Counter[Counter::lockRef()].JML model_behavior operation contract.0 
923650     DEBUG main            d.u.i.k.p.i.IntermediateProofReplayer Proof replay took 2.5ns 
923751     INFO  main            d.u.i.k.p.r.p.TestFile    ... finished proof: closed. 
924538     INFO  main            d.u.i.k.p.i.AbstractProblemLoader Loading environment from /home/runner/work/key/key/key.core/../key.ui/examples/heap/permissions/lockspec/Counter_lockRef_contract2.key.proof 
924538     DEBUG main            d.u.i.k.p.i.AbstractProblemLoader Environment load took 92.41ns 
924539     INFO  main            d.u.i.k.p.i.AbstractProblemLoader Creating init config 
928046     DEBUG main            d.u.i.k.p.i.AbstractProblemLoader Init config took 3.51s 
928202     INFO  main            d.u.i.k.p.i.AbstractProblemLoader Replaying proof Counter[Counter::lockRef()].JML model_behavior operation contract.0 
928209     DEBUG main            d.u.i.k.p.i.IntermediateProofReplayer Proof replay took 4.56ms 
928217     DEBUG main            d.u.i.k.p.r.p.TestFile    ... success: reloaded. 
928218     INFO  main            d.u.i.k.p.r.p.TestFile    Now processing file /home/runner/work/key/key/key.core/../key.ui/examples/heap/permissions/lockspec/Counter_lockState_accessible.key 
928218     INFO  main            d.u.i.k.p.i.AbstractProblemLoader Loading environment from /home/runner/work/key/key/key.core/../key.ui/examples/heap/permissions/lockspec/Counter_lockState_accessible.key 
928218     DEBUG main            d.u.i.k.p.i.AbstractProblemLoader Environment load took 56.7ns 
928221     INFO  main            d.u.i.k.p.i.AbstractProblemLoader Creating init config 
931983     DEBUG main            d.u.i.k.p.i.AbstractProblemLoader Init config took 3.76s 
932045     INFO  main            d.u.i.k.p.i.AbstractProblemLoader Replaying proof Counter[LockSpec::lockState(boolean)].JML accessible clause.0 
932046     DEBUG main            d.u.i.k.p.i.IntermediateProofReplayer Proof replay took 3.2ns 
932349     INFO  main            d.u.i.k.p.r.p.TestFile    ... finished proof: closed. 
933144     INFO  main            d.u.i.k.p.i.AbstractProblemLoader Loading environment from /home/runner/work/key/key/key.core/../key.ui/examples/heap/permissions/lockspec/Counter_lockState_accessible.key.proof 
933144     DEBUG main            d.u.i.k.p.i.AbstractProblemLoader Environment load took 84.11ns 
933145     INFO  main            d.u.i.k.p.i.AbstractProblemLoader Creating init config 
936975     DEBUG main            d.u.i.k.p.i.AbstractProblemLoader Init config took 3.83s 
937040     INFO  main            d.u.i.k.p.i.AbstractProblemLoader Replaying proof Counter[LockSpec::lockState(boolean)].JML accessible clause.0 
937116     DEBUG main            d.u.i.k.p.i.IntermediateProofReplayer Proof replay took 72.84ms 
937117     DEBUG main            d.u.i.k.p.r.p.TestFile    ... success: reloaded. 
937118     INFO  main            d.u.i.k.p.r.p.TestFile    Now processing file /home/runner/work/key/key/key.core/../key.ui/examples/heap/permissions/lockspec/Counter_lockStatus_accessible.key 
937118     INFO  main            d.u.i.k.p.i.AbstractProblemLoader Loading environment from /home/runner/work/key/key/key.core/../key.ui/examples/heap/permissions/lockspec/Counter_lockStatus_accessible.key 
937118     DEBUG main            d.u.i.k.p.i.AbstractProblemLoader Environment load took 196.61ns 
937119     INFO  main            d.u.i.k.p.i.AbstractProblemLoader Creating init config 
940868     DEBUG main            d.u.i.k.p.i.AbstractProblemLoader Init config took 3.75s 
940930     INFO  main            d.u.i.k.p.i.AbstractProblemLoader Replaying proof Counter[LockSpec::lockStatus(boolean)].JML accessible clause.0 
940932     DEBUG main            d.u.i.k.p.i.IntermediateProofReplayer Proof replay took 2.7ns 
941033     INFO  main            d.u.i.k.p.r.p.TestFile    ... finished proof: closed. 
941824     INFO  main            d.u.i.k.p.i.AbstractProblemLoader Loading environment from /home/runner/work/key/key/key.core/../key.ui/examples/heap/permissions/lockspec/Counter_lockStatus_accessible.key.proof 
941825     DEBUG main            d.u.i.k.p.i.AbstractProblemLoader Environment load took 82.7ns 
941825     INFO  main            d.u.i.k.p.i.AbstractProblemLoader Creating init config 
945343     DEBUG main            d.u.i.k.p.i.AbstractProblemLoader Init config took 3.52s 
945415     INFO  main            d.u.i.k.p.i.AbstractProblemLoader Replaying proof Counter[LockSpec::lockStatus(boolean)].JML accessible clause.0 
945442     DEBUG main            d.u.i.k.p.i.IntermediateProofReplayer Proof replay took 24.95ms 
945443     DEBUG main            d.u.i.k.p.r.p.TestFile    ... success: reloaded. 
945444     INFO  main            d.u.i.k.p.r.p.TestFile    Now processing file /home/runner/work/key/key/key.core/../key.ui/examples/heap/permissions/lockspec/Counter_lockTransfer_accessible.key 
945444     INFO  main            d.u.i.k.p.i.AbstractProblemLoader Loading environment from /home/runner/work/key/key/key.core/../key.ui/examples/heap/permissions/lockspec/Counter_lockTransfer_accessible.key 
945444     DEBUG main            d.u.i.k.p.i.AbstractProblemLoader Environment load took 81ns 
945445     INFO  main            d.u.i.k.p.i.AbstractProblemLoader Creating init config 
949095     DEBUG main            d.u.i.k.p.i.AbstractProblemLoader Init config took 3.65s 
949165     INFO  main            d.u.i.k.p.i.AbstractProblemLoader Replaying proof Counter[LockSpec::lockTransfer()].JML accessible clause.0 
949166     DEBUG main            d.u.i.k.p.i.IntermediateProofReplayer Proof replay took 2.4ns 
949569     INFO  main            d.u.i.k.p.r.p.TestFile    ... finished proof: closed. 
950363     INFO  main            d.u.i.k.p.i.AbstractProblemLoader Loading environment from /home/runner/work/key/key/key.core/../key.ui/examples/heap/permissions/lockspec/Counter_lockTransfer_accessible.key.proof 
950363     DEBUG main            d.u.i.k.p.i.AbstractProblemLoader Environment load took 90.51ns 
950364     INFO  main            d.u.i.k.p.i.AbstractProblemLoader Creating init config 
953916     DEBUG main            d.u.i.k.p.i.AbstractProblemLoader Init config took 3.55s 
953986     INFO  main            d.u.i.k.p.i.AbstractProblemLoader Replaying proof Counter[LockSpec::lockTransfer()].JML accessible clause.0 
954062     DEBUG main            d.u.i.k.p.i.IntermediateProofReplayer Proof replay took 72.22ms 
954063     DEBUG main            d.u.i.k.p.r.p.TestFile    ... success: reloaded. 
954064     INFO  main            d.u.i.k.p.r.p.TestFile    Now processing file /home/runner/work/key/key/key.core/../key.ui/examples/heap/permissions/lockspec/Counter_unlockTransfer_accessible.key 
954064     INFO  main            d.u.i.k.p.i.AbstractProblemLoader Loading environment from /home/runner/work/key/key/key.core/../key.ui/examples/heap/permissions/lockspec/Counter_unlockTransfer_accessible.key 
954064     DEBUG main            d.u.i.k.p.i.AbstractProblemLoader Environment load took 173.11ns 
954065     INFO  main            d.u.i.k.p.i.AbstractProblemLoader Creating init config 
957808     DEBUG main            d.u.i.k.p.i.AbstractProblemLoader Init config took 3.74s 
957871     INFO  main            d.u.i.k.p.i.AbstractProblemLoader Replaying proof Counter[LockSpec::unlockTransfer()].JML accessible clause.0 
957873     DEBUG main            d.u.i.k.p.i.IntermediateProofReplayer Proof replay took 3.3ns 
958180     INFO  main            d.u.i.k.p.r.p.TestFile    ... finished proof: closed. 
959004     INFO  main            d.u.i.k.p.i.AbstractProblemLoader Loading environment from /home/runner/work/key/key/key.core/../key.ui/examples/heap/permissions/lockspec/Counter_unlockTransfer_accessible.key.proof 
959004     DEBUG main            d.u.i.k.p.i.AbstractProblemLoader Environment load took 82.41ns 
959005     INFO  main            d.u.i.k.p.i.AbstractProblemLoader Creating init config 
962513     DEBUG main            d.u.i.k.p.i.AbstractProblemLoader Init config took 3.51s 
962583     INFO  main            d.u.i.k.p.i.AbstractProblemLoader Replaying proof Counter[LockSpec::unlockTransfer()].JML accessible clause.0 
962661     DEBUG main            d.u.i.k.p.i.IntermediateProofReplayer Proof replay took 73.65ms 
962662     DEBUG main            d.u.i.k.p.r.p.TestFile    ... success: reloaded. 
962663     INFO  main            d.u.i.k.p.r.p.TestFile    Now processing file /home/runner/work/key/key/key.core/../key.ui/examples/heap/permissions/threads/Plotter_startTransfer_contract.proof 
962663     INFO  main            d.u.i.k.p.i.AbstractProblemLoader Loading environment from /home/runner/work/key/key/key.core/../key.ui/examples/heap/permissions/threads/Plotter_startTransfer_contract.proof 
962664     DEBUG main            d.u.i.k.p.i.AbstractProblemLoader Environment load took 168.61ns 
962665     INFO  main            d.u.i.k.p.i.AbstractProblemLoader Creating init config 
968106     DEBUG main            d.u.i.k.p.i.AbstractProblemLoader Init config took 5.44s 
968208     INFO  main            d.u.i.k.p.i.AbstractProblemLoader Replaying proof Plotter[ThreadSpec2::startTransfer()].JML model_behavior operation contract.0 
968329     DEBUG main            d.u.i.k.p.i.IntermediateProofReplayer Proof replay took 103.79ms 
968330     INFO  main            d.u.i.k.p.r.p.TestFile    ... success: loaded 
968331     INFO  main            d.u.i.k.p.r.p.TestFile    Now processing file /home/runner/work/key/key/key.core/../key.ui/examples/heap/permissions/threads/Plotter_startTransfer_accessible.proof 
968331     INFO  main            d.u.i.k.p.i.AbstractProblemLoader Loading environment from /home/runner/work/key/key/key.core/../key.ui/examples/heap/permissions/threads/Plotter_startTransfer_accessible.proof 
968331     DEBUG main            d.u.i.k.p.i.AbstractProblemLoader Environment load took 166.81ns 
968332     INFO  main            d.u.i.k.p.i.AbstractProblemLoader Creating init config 
973846     DEBUG main            d.u.i.k.p.i.AbstractProblemLoader Init config took 5.51s 
973958     INFO  main            d.u.i.k.p.i.AbstractProblemLoader Replaying proof Plotter[ThreadSpec2::startTransfer()].JML accessible clause.0 
974126     DEBUG main            d.u.i.k.p.i.IntermediateProofReplayer Proof replay took 154.14ms 
974126     INFO  main            d.u.i.k.p.r.p.TestFile    ... success: loaded 
974127     INFO  main            d.u.i.k.p.r.p.TestFile    Now processing file /home/runner/work/key/key/key.core/../key.ui/examples/heap/permissions/threads/Plotter_joinTransfer_accessible.proof 
974128     INFO  main            d.u.i.k.p.i.AbstractProblemLoader Loading environment from /home/runner/work/key/key/key.core/../key.ui/examples/heap/permissions/threads/Plotter_joinTransfer_accessible.proof 
974128     DEBUG main            d.u.i.k.p.i.AbstractProblemLoader Environment load took 172.81ns 
974129     INFO  main            d.u.i.k.p.i.AbstractProblemLoader Creating init config 
979627     DEBUG main            d.u.i.k.p.i.AbstractProblemLoader Init config took 5.5s 
979745     INFO  main            d.u.i.k.p.i.AbstractProblemLoader Replaying proof Plotter[ThreadSpec2::joinTransfer()].JML accessible clause.0 
979755     WARN  main            d.u.i.k.p.i.IntermediateProofReplayer Proof contains wrong number of \assumes instatiations for Definition_axiom_for_stateInv_in_Plotter 
979757     WARN  main            d.u.i.k.p.i.IntermediateProofReplayer Proof contains wrong number of \assumes instatiations for Definition_axiom_for_stateInv_in_Plotter 
979760     WARN  main            d.u.i.k.p.i.IntermediateProofReplayer Proof contains wrong number of \assumes instatiations for Definition_axiom_for_workingPermissions_in_Plotter 
979760     WARN  main            d.u.i.k.p.i.IntermediateProofReplayer Proof contains wrong number of \assumes instatiations for Definition_axiom_for_staticPermissions_in_Plotter 
979761     WARN  main            d.u.i.k.p.i.IntermediateProofReplayer Proof contains wrong number of \assumes instatiations for Definition_axiom_for_joinTransfer_in_Plotter 
979763     WARN  main            d.u.i.k.p.i.IntermediateProofReplayer Proof contains wrong number of \assumes instatiations for Definition_axiom_for_stateInv_in_BFilter 
979765     WARN  main            d.u.i.k.p.i.IntermediateProofReplayer Proof contains wrong number of \assumes instatiations for Definition_axiom_for_stateInv_in_AFilter 
979766     WARN  main            d.u.i.k.p.i.IntermediateProofReplayer Proof contains wrong number of \assumes instatiations for Definition_axiom_for_stateInv_in_BFilter 
979768     WARN  main            d.u.i.k.p.i.IntermediateProofReplayer Proof contains wrong number of \assumes instatiations for Definition_axiom_for_stateInv_in_AFilter 
979770     WARN  main            d.u.i.k.p.i.IntermediateProofReplayer Proof contains wrong number of \assumes instatiations for Definition_axiom_for_staticPermissions_in_AFilter 
979771     WARN  main            d.u.i.k.p.i.IntermediateProofReplayer Proof contains wrong number of \assumes instatiations for Definition_axiom_for_staticPermissions_in_Plotter 
979771     WARN  main            d.u.i.k.p.i.IntermediateProofReplayer Proof contains wrong number of \assumes instatiations for Definition_axiom_for_staticPermissions_in_BFilter 
979772     WARN  main            d.u.i.k.p.i.IntermediateProofReplayer Proof contains wrong number of \assumes instatiations for Definition_axiom_for_workingPermissions_in_Plotter 
979773     WARN  main            d.u.i.k.p.i.IntermediateProofReplayer Proof contains wrong number of \assumes instatiations for Definition_axiom_for_stateInv_in_Sampler 
979774     WARN  main            d.u.i.k.p.i.IntermediateProofReplayer Proof contains wrong number of \assumes instatiations for Definition_axiom_for_stateInv_in_Sampler 
979775     WARN  main            d.u.i.k.p.i.IntermediateProofReplayer Proof contains wrong number of \assumes instatiations for Definition_axiom_for_staticPermissions_in_Sampler 
979776     WARN  main            d.u.i.k.p.i.IntermediateProofReplayer Proof contains wrong number of \assumes instatiations for Definition_axiom_for_staticPermissions_in_BFilter 
979777     WARN  main            d.u.i.k.p.i.IntermediateProofReplayer Proof contains wrong number of \assumes instatiations for Definition_axiom_for_staticPermissions_in_AFilter 
979777     WARN  main            d.u.i.k.p.i.IntermediateProofReplayer Proof contains wrong number of \assumes instatiations for Definition_axiom_for_staticPermissions_in_Sampler 
979778     WARN  main            d.u.i.k.p.i.IntermediateProofReplayer Proof contains wrong number of \assumes instatiations for Definition_axiom_for_staticPermissions_in_Sampler 
979779     WARN  main            d.u.i.k.p.i.IntermediateProofReplayer Proof contains wrong number of \assumes instatiations for Definition_axiom_for_staticPermissions_in_Sampler 
979779     WARN  main            d.u.i.k.p.i.IntermediateProofReplayer Proof contains wrong number of \assumes instatiations for Definition_axiom_for_joinTransfer_in_Plotter 
979875     DEBUG main            d.u.i.k.p.i.IntermediateProofReplayer Proof replay took 124.53ms 
979875     INFO  main            d.u.i.k.p.r.p.TestFile    ... success: loaded 
6016163    INFO  Test worker     d.u.i.k.p.r.RunAllProofsTestUnit Returning from test permissionHeap 
6016164    INFO  Test worker     d.u.i.k.p.r.RunAllProofsTestUnit Running test completionScopes 
424        INFO  Timeout watchdog d.u.i.k.p.r.p.ForkedTestFileRunner Timeout watcher launched (2000 secs.) 
446        WARN  main            d.u.i.k.s.ProofSettings   The settings in /home/runner/.key/proof-settings.props are *not* read. 
487        INFO  main            d.u.i.k.p.r.p.TestFile    Now processing file /home/runner/work/key/key/key.core/../key.ui/examples/completionscopes/testCcatchReturnVal.key 
657        INFO  main            d.u.i.k.p.i.AbstractProblemLoader Loading environment from /home/runner/work/key/key/key.core/../key.ui/examples/completionscopes/testCcatchReturnVal.key 
686        DEBUG main            d.u.i.k.p.i.AbstractProblemLoader Environment load took 2.18ms 
967        INFO  main            d.u.i.k.p.i.AbstractProblemLoader Creating init config 
2104       DEBUG main            d.u.i.k.j.TypeConverter   No LDT found for Meta 
2105       DEBUG main            d.u.i.k.j.TypeConverter   No LDT found for Meta 
2106       DEBUG main            d.u.i.k.j.TypeConverter   No LDT found for Meta 
2106       DEBUG main            d.u.i.k.j.TypeConverter   No LDT found for Meta 
3662       DEBUG main            d.u.i.k.j.TypeConverter   No LDT found for JavaBigintExpression 
9391       DEBUG main            d.u.i.k.p.i.AbstractProblemLoader Init config took 8.42s 
9581       INFO  main            d.u.i.k.p.i.AbstractProblemLoader Replaying proof CompletionScopes[CompletionScopes::testCcatchReturnVal()].JML normal_behavior operation contract.0 
9623       DEBUG main            d.u.i.k.p.i.IntermediateProofReplayer Proof replay took 39.4ns 
10193      INFO  main            d.u.i.k.p.r.p.TestFile    ... finished proof: closed. 
10316      INFO  main            d.u.i.k.p.i.AbstractProblemLoader Loading environment from /home/runner/work/key/key/key.core/../key.ui/examples/completionscopes/testCcatchReturnVal.key.proof 
10319      DEBUG main            d.u.i.k.p.i.AbstractProblemLoader Environment load took 2.88ms 
10321      INFO  main            d.u.i.k.p.i.AbstractProblemLoader Creating init config 
13719      DEBUG main            d.u.i.k.p.i.AbstractProblemLoader Init config took 3.4s 
13832      INFO  main            d.u.i.k.p.i.AbstractProblemLoader Replaying proof CompletionScopes[CompletionScopes::testCcatchReturnVal()].JML normal_behavior operation contract.0 
13885      DEBUG main            d.u.i.k.p.i.IntermediateProofReplayer Proof replay took 47.5ms 
13901      DEBUG main            d.u.i.k.p.r.p.TestFile    ... success: reloaded. 
13906      INFO  main            d.u.i.k.p.r.p.TestFile    Now processing file /home/runner/work/key/key/key.core/../key.ui/examples/completionscopes/testMultCcatchClauses.key 
13908      INFO  main            d.u.i.k.p.i.AbstractProblemLoader Loading environment from /home/runner/work/key/key/key.core/../key.ui/examples/completionscopes/testMultCcatchClauses.key 
13909      DEBUG main            d.u.i.k.p.i.AbstractProblemLoader Environment load took 166.41ns 
13910      INFO  main            d.u.i.k.p.i.AbstractProblemLoader Creating init config 
17067      DEBUG main            d.u.i.k.p.i.AbstractProblemLoader Init config took 3.16s 
17153      INFO  main            d.u.i.k.p.i.AbstractProblemLoader Replaying proof CompletionScopes[CompletionScopes::testMultCcatchClauses()].JML normal_behavior operation contract.0 
17156      DEBUG main            d.u.i.k.p.i.IntermediateProofReplayer Proof replay took 7.4ns 
17663      INFO  main            d.u.i.k.p.r.p.TestFile    ... finished proof: closed. 
17829      INFO  main            d.u.i.k.p.i.AbstractProblemLoader Loading environment from /home/runner/work/key/key/key.core/../key.ui/examples/completionscopes/testMultCcatchClauses.key.proof 
17831      DEBUG main            d.u.i.k.p.i.AbstractProblemLoader Environment load took 2.01ms 
17833      INFO  main            d.u.i.k.p.i.AbstractProblemLoader Creating init config 
21052      DEBUG main            d.u.i.k.p.i.AbstractProblemLoader Init config took 3.22s 
21119      INFO  main            d.u.i.k.p.i.AbstractProblemLoader Replaying proof CompletionScopes[CompletionScopes::testMultCcatchClauses()].JML normal_behavior operation contract.0 
21230      DEBUG main            d.u.i.k.p.i.IntermediateProofReplayer Proof replay took 107.18ms 
21231      DEBUG main            d.u.i.k.p.r.p.TestFile    ... success: reloaded. 
21233      INFO  main            d.u.i.k.p.r.p.TestFile    Now processing file /home/runner/work/key/key/key.core/../key.ui/examples/completionscopes/testNestedExec.key 
21233      INFO  main            d.u.i.k.p.i.AbstractProblemLoader Loading environment from /home/runner/work/key/key/key.core/../key.ui/examples/completionscopes/testNestedExec.key 
21234      DEBUG main            d.u.i.k.p.i.AbstractProblemLoader Environment load took 399.93ns 
21235      INFO  main            d.u.i.k.p.i.AbstractProblemLoader Creating init config 
24248      DEBUG main            d.u.i.k.p.i.AbstractProblemLoader Init config took 3.01s 
24304      INFO  main            d.u.i.k.p.i.AbstractProblemLoader Replaying proof CompletionScopes[CompletionScopes::testMultCcatchClauses()].JML normal_behavior operation contract.0 
24306      DEBUG main            d.u.i.k.p.i.IntermediateProofReplayer Proof replay took 6.5ns 
24613      INFO  main            d.u.i.k.p.r.p.TestFile    ... finished proof: closed. 
24780      INFO  main            d.u.i.k.p.i.AbstractProblemLoader Loading environment from /home/runner/work/key/key/key.core/../key.ui/examples/completionscopes/testNestedExec.key.proof 
24780      DEBUG main            d.u.i.k.p.i.AbstractProblemLoader Environment load took 232.72ns 
24781      INFO  main            d.u.i.k.p.i.AbstractProblemLoader Creating init config 
27702      DEBUG main            d.u.i.k.p.i.AbstractProblemLoader Init config took 2.92s 
27755      INFO  main            d.u.i.k.p.i.AbstractProblemLoader Replaying proof CompletionScopes[CompletionScopes::testMultCcatchClauses()].JML normal_behavior operation contract.0 
27836      DEBUG main            d.u.i.k.p.i.IntermediateProofReplayer Proof replay took 77.62ms 
27837      DEBUG main            d.u.i.k.p.r.p.TestFile    ... success: reloaded. 
27839      INFO  main            d.u.i.k.p.r.p.TestFile    Now processing file /home/runner/work/key/key/key.core/../key.ui/examples/completionscopes/testCcatchBreakLabel.key 
27839      INFO  main            d.u.i.k.p.i.AbstractProblemLoader Loading environment from /home/runner/work/key/key/key.core/../key.ui/examples/completionscopes/testCcatchBreakLabel.key 
27839      DEBUG main            d.u.i.k.p.i.AbstractProblemLoader Environment load took 200.51ns 
27841      INFO  main            d.u.i.k.p.i.AbstractProblemLoader Creating init config 
30794      DEBUG main            d.u.i.k.p.i.AbstractProblemLoader Init config took 2.95s 
30845      INFO  main            d.u.i.k.p.i.AbstractProblemLoader Replaying proof CompletionScopes[CompletionScopes::testBreakLabel()].JML normal_behavior operation contract.0 
30847      DEBUG main            d.u.i.k.p.i.IntermediateProofReplayer Proof replay took 6.9ns 
30866      DEBUG Thread-10       d.u.i.k.l.o.ProgramSV     Match failed: Former match of  SchemaVariable incompatible with  the current match. 
30951      INFO  main            d.u.i.k.p.r.p.TestFile    ... finished proof: closed. 
31127      INFO  main            d.u.i.k.p.i.AbstractProblemLoader Loading environment from /home/runner/work/key/key/key.core/../key.ui/examples/completionscopes/testCcatchBreakLabel.key.proof 
31127      DEBUG main            d.u.i.k.p.i.AbstractProblemLoader Environment load took 131.71ns 
31128      INFO  main            d.u.i.k.p.i.AbstractProblemLoader Creating init config 
34017      DEBUG main            d.u.i.k.p.i.AbstractProblemLoader Init config took 2.89s 
34086      INFO  main            d.u.i.k.p.i.AbstractProblemLoader Replaying proof CompletionScopes[CompletionScopes::testBreakLabel()].JML normal_behavior operation contract.0 
34102      DEBUG main            d.u.i.k.p.i.IntermediateProofReplayer Proof replay took 11.39ms 
34103      DEBUG main            d.u.i.k.p.r.p.TestFile    ... success: reloaded. 
34105      INFO  main            d.u.i.k.p.r.p.TestFile    Now processing file /home/runner/work/key/key/key.core/../key.ui/examples/completionscopes/testCcatchContinueLabel.key 
34106      INFO  main            d.u.i.k.p.i.AbstractProblemLoader Loading environment from /home/runner/work/key/key/key.core/../key.ui/examples/completionscopes/testCcatchContinueLabel.key 
34106      DEBUG main            d.u.i.k.p.i.AbstractProblemLoader Environment load took 205.21ns 
34107      INFO  main            d.u.i.k.p.i.AbstractProblemLoader Creating init config 
37065      DEBUG main            d.u.i.k.p.i.AbstractProblemLoader Init config took 2.96s 
37128      INFO  main            d.u.i.k.p.i.AbstractProblemLoader Replaying proof CompletionScopes[CompletionScopes::testContinueLabel()].JML normal_behavior operation contract.0 
37131      DEBUG main            d.u.i.k.p.i.IntermediateProofReplayer Proof replay took 8.1ns 
37157      DEBUG Thread-13       d.u.i.k.l.o.ProgramSV     Match failed: Former match of  SchemaVariable incompatible with  the current match. 
37234      INFO  main            d.u.i.k.p.r.p.TestFile    ... finished proof: closed. 
37416      INFO  main            d.u.i.k.p.i.AbstractProblemLoader Loading environment from /home/runner/work/key/key/key.core/../key.ui/examples/completionscopes/testCcatchContinueLabel.key.proof 
37417      DEBUG main            d.u.i.k.p.i.AbstractProblemLoader Environment load took 257.52ns 
37418      INFO  main            d.u.i.k.p.i.AbstractProblemLoader Creating init config 
40273      DEBUG main            d.u.i.k.p.i.AbstractProblemLoader Init config took 2.86s 
40322      INFO  main            d.u.i.k.p.i.AbstractProblemLoader Replaying proof CompletionScopes[CompletionScopes::testContinueLabel()].JML normal_behavior operation contract.0 
40334      DEBUG main            d.u.i.k.p.i.IntermediateProofReplayer Proof replay took 9.32ms 
40335      DEBUG main            d.u.i.k.p.r.p.TestFile    ... success: reloaded. 
40336      INFO  main            d.u.i.k.p.r.p.TestFile    Now processing file /home/runner/work/key/key/key.core/../key.ui/examples/completionscopes/testCcatchBreakLabelWildcard.key 
40337      INFO  main            d.u.i.k.p.i.AbstractProblemLoader Loading environment from /home/runner/work/key/key/key.core/../key.ui/examples/completionscopes/testCcatchBreakLabelWildcard.key 
40337      DEBUG main            d.u.i.k.p.i.AbstractProblemLoader Environment load took 213.81ns 
40338      INFO  main            d.u.i.k.p.i.AbstractProblemLoader Creating init config 
43234      DEBUG main            d.u.i.k.p.i.AbstractProblemLoader Init config took 2.9s 
43288      INFO  main            d.u.i.k.p.i.AbstractProblemLoader Replaying proof CompletionScopes[CompletionScopes::testBreakLabelWildcard()].JML normal_behavior operation contract.0 
43291      DEBUG main            d.u.i.k.p.i.IntermediateProofReplayer Proof replay took 7.8ns 
43312      DEBUG Thread-16       d.u.i.k.l.o.ProgramSV     Match failed: Former match of  SchemaVariable incompatible with  the current match. 
43313      DEBUG Thread-16       d.u.i.k.l.o.ProgramSV     Match failed: Former match of  SchemaVariable incompatible with  the current match. 
43397      INFO  main            d.u.i.k.p.r.p.TestFile    ... finished proof: closed. 
43585      INFO  main            d.u.i.k.p.i.AbstractProblemLoader Loading environment from /home/runner/work/key/key/key.core/../key.ui/examples/completionscopes/testCcatchBreakLabelWildcard.key.proof 
43585      DEBUG main            d.u.i.k.p.i.AbstractProblemLoader Environment load took 132.51ns 
43587      INFO  main            d.u.i.k.p.i.AbstractProblemLoader Creating init config 
46481      DEBUG main            d.u.i.k.p.i.AbstractProblemLoader Init config took 2.89s 
46531      INFO  main            d.u.i.k.p.i.AbstractProblemLoader Replaying proof CompletionScopes[CompletionScopes::testBreakLabelWildcard()].JML normal_behavior operation contract.0 
46542      DEBUG main            d.u.i.k.p.i.IntermediateProofReplayer Proof replay took 9.03ms 
46543      DEBUG main            d.u.i.k.p.r.p.TestFile    ... success: reloaded. 
46544      INFO  main            d.u.i.k.p.r.p.TestFile    Now processing file /home/runner/work/key/key/key.core/../key.ui/examples/completionscopes/testCcatchContinueLabelWildcard.key 
46544      INFO  main            d.u.i.k.p.i.AbstractProblemLoader Loading environment from /home/runner/work/key/key/key.core/../key.ui/examples/completionscopes/testCcatchContinueLabelWildcard.key 
46545      DEBUG main            d.u.i.k.p.i.AbstractProblemLoader Environment load took 119.11ns 
46546      INFO  main            d.u.i.k.p.i.AbstractProblemLoader Creating init config 
49534      DEBUG main            d.u.i.k.p.i.AbstractProblemLoader Init config took 2.99s 
49582      INFO  main            d.u.i.k.p.i.AbstractProblemLoader Replaying proof CompletionScopes[CompletionScopes::testContinueLabelWildcard()].JML normal_behavior operation contract.0 
49584      DEBUG main            d.u.i.k.p.i.IntermediateProofReplayer Proof replay took 7.8ns 
49605      DEBUG Thread-19       d.u.i.k.l.o.ProgramSV     Match failed: Former match of  SchemaVariable incompatible with  the current match. 
49606      DEBUG Thread-19       d.u.i.k.l.o.ProgramSV     Match failed: Former match of  SchemaVariable incompatible with  the current match. 
49686      INFO  main            d.u.i.k.p.r.p.TestFile    ... finished proof: closed. 
49877      INFO  main            d.u.i.k.p.i.AbstractProblemLoader Loading environment from /home/runner/work/key/key/key.core/../key.ui/examples/completionscopes/testCcatchContinueLabelWildcard.key.proof 
49878      DEBUG main            d.u.i.k.p.i.AbstractProblemLoader Environment load took 133.11ns 
49879      INFO  main            d.u.i.k.p.i.AbstractProblemLoader Creating init config 
52718      DEBUG main            d.u.i.k.p.i.AbstractProblemLoader Init config took 2.84s 
52768      INFO  main            d.u.i.k.p.i.AbstractProblemLoader Replaying proof CompletionScopes[CompletionScopes::testContinueLabelWildcard()].JML normal_behavior operation contract.0 
52779      DEBUG main            d.u.i.k.p.i.IntermediateProofReplayer Proof replay took 9.8ms 
52780      DEBUG main            d.u.i.k.p.r.p.TestFile    ... success: reloaded. 
52782      INFO  main            d.u.i.k.p.r.p.TestFile    Now processing file /home/runner/work/key/key/key.core/../key.ui/examples/completionscopes/testCcatchBreakLabelNonmatchingNested.key 
52782      INFO  main            d.u.i.k.p.i.AbstractProblemLoader Loading environment from /home/runner/work/key/key/key.core/../key.ui/examples/completionscopes/testCcatchBreakLabelNonmatchingNested.key 
52782      DEBUG main            d.u.i.k.p.i.AbstractProblemLoader Environment load took 168.21ns 
52783      INFO  main            d.u.i.k.p.i.AbstractProblemLoader Creating init config 
55667      DEBUG main            d.u.i.k.p.i.AbstractProblemLoader Init config took 2.88s 
55728      INFO  main            d.u.i.k.p.i.AbstractProblemLoader Replaying proof CompletionScopes[CompletionScopes::testBreakLabelNonmatchingNested()].JML normal_behavior operation contract.0 
55730      DEBUG main            d.u.i.k.p.i.IntermediateProofReplayer Proof replay took 7.4ns 
55756      DEBUG Thread-22       d.u.i.k.l.o.ProgramSV     Match failed: Former match of  SchemaVariable incompatible with  the current match. 
55758      DEBUG Thread-22       d.u.i.k.l.o.ProgramSV     Match failed: Former match of  SchemaVariable incompatible with  the current match. 
55832      INFO  main            d.u.i.k.p.r.p.TestFile    ... finished proof: closed. 
56027      INFO  main            d.u.i.k.p.i.AbstractProblemLoader Loading environment from /home/runner/work/key/key/key.core/../key.ui/examples/completionscopes/testCcatchBreakLabelNonmatchingNested.key.proof 
56027      DEBUG main            d.u.i.k.p.i.AbstractProblemLoader Environment load took 155.81ns 
56028      INFO  main            d.u.i.k.p.i.AbstractProblemLoader Creating init config 
58948      DEBUG main            d.u.i.k.p.i.AbstractProblemLoader Init config took 2.92s 
58996      INFO  main            d.u.i.k.p.i.AbstractProblemLoader Replaying proof CompletionScopes[CompletionScopes::testBreakLabelNonmatchingNested()].JML normal_behavior operation contract.0 
59007      DEBUG main            d.u.i.k.p.i.IntermediateProofReplayer Proof replay took 9.99ms 
59008      DEBUG main            d.u.i.k.p.r.p.TestFile    ... success: reloaded. 
6075364    INFO  Test worker     d.u.i.k.p.r.RunAllProofsTestUnit Returning from test completionScopes 
6075366    INFO  Test worker     d.u.i.k.p.r.RunAllProofsTestUnit Running test reload_examples 
390        INFO  Timeout watchdog d.u.i.k.p.r.p.ForkedTestFileRunner Timeout watcher launched (2000 secs.) 
408        WARN  main            d.u.i.k.s.ProofSettings   The settings in /home/runner/.key/proof-settings.props are *not* read. 
446        INFO  main            d.u.i.k.p.r.p.TestFile    Now processing file /home/runner/work/key/key/key.core/../key.ui/examples/firstTouch/05-ReverseArray/reverseArray.key 
587        INFO  main            d.u.i.k.p.i.AbstractProblemLoader Loading environment from /home/runner/work/key/key/key.core/../key.ui/examples/firstTouch/05-ReverseArray/reverseArray.key 
606        DEBUG main            d.u.i.k.p.i.AbstractProblemLoader Environment load took 2.47ms 
860        INFO  main            d.u.i.k.p.i.AbstractProblemLoader Creating init config 
1818       DEBUG main            d.u.i.k.j.TypeConverter   No LDT found for Meta 
1822       DEBUG main            d.u.i.k.j.TypeConverter   No LDT found for Meta 
1826       DEBUG main            d.u.i.k.j.TypeConverter   No LDT found for Meta 
1826       DEBUG main            d.u.i.k.j.TypeConverter   No LDT found for Meta 
3360       DEBUG main            d.u.i.k.j.TypeConverter   No LDT found for JavaBigintExpression 
9307       DEBUG main            d.u.i.k.p.i.AbstractProblemLoader Init config took 8.45s 
9449       INFO  main            d.u.i.k.p.i.AbstractProblemLoader Replaying proof ReverseArray[ReverseArray::reverse()].JML normal_behavior operation contract.0 
9504       DEBUG main            d.u.i.k.p.i.IntermediateProofReplayer Proof replay took 39.3ns 
21893      INFO  main            d.u.i.k.p.r.p.TestFile    ... finished proof: closed. 
22140      INFO  main            d.u.i.k.p.i.AbstractProblemLoader Loading environment from /home/runner/work/key/key/key.core/../key.ui/examples/firstTouch/05-ReverseArray/reverseArray.key.proof 
22141      DEBUG main            d.u.i.k.p.i.AbstractProblemLoader Environment load took 1.03ms 
22151      INFO  main            d.u.i.k.p.i.AbstractProblemLoader Creating init config 
25680      DEBUG main            d.u.i.k.p.i.AbstractProblemLoader Init config took 3.53s 
25749      INFO  main            d.u.i.k.p.i.AbstractProblemLoader Replaying proof ReverseArray[ReverseArray::reverse()].JML normal_behavior operation contract.0 
27237      DEBUG main            d.u.i.k.p.i.IntermediateProofReplayer Proof replay took 1.41s 
27250      DEBUG main            d.u.i.k.p.r.p.TestFile    ... success: reloaded. 
27252      INFO  main            d.u.i.k.p.r.p.TestFile    Now processing file /home/runner/work/key/key/key.core/../key.ui/examples/standard_key/arith/saveProofTest.key.proof 
27252      INFO  main            d.u.i.k.p.i.AbstractProblemLoader Loading environment from /home/runner/work/key/key/key.core/../key.ui/examples/standard_key/arith/saveProofTest.key.proof 
27253      DEBUG main            d.u.i.k.p.i.AbstractProblemLoader Environment load took 250.82ns 
27254      INFO  main            d.u.i.k.p.i.AbstractProblemLoader Creating init config 
30296      DEBUG main            d.u.i.k.p.i.AbstractProblemLoader Init config took 3.04s 
30324      INFO  main            d.u.i.k.p.i.AbstractProblemLoader Replaying proof saveProofTest.key.proof 
30332      DEBUG main            d.u.i.k.p.i.IntermediateProofReplayer Proof replay took 3.43ms 
30333      INFO  main            d.u.i.k.p.r.p.TestFile    ... success: loaded 
30335      INFO  main            d.u.i.k.p.r.p.TestFile    Now processing file /home/runner/work/key/key/key.core/../key.ui/examples/heap/permutedSum/perm.proof 
30335      INFO  main            d.u.i.k.p.i.AbstractProblemLoader Loading environment from /home/runner/work/key/key/key.core/../key.ui/examples/heap/permutedSum/perm.proof 
30336      DEBUG main            d.u.i.k.p.i.AbstractProblemLoader Environment load took 260.52ns 
30339      INFO  main            d.u.i.k.p.i.AbstractProblemLoader Creating init config 
33525      DEBUG main            d.u.i.k.p.i.AbstractProblemLoader Init config took 3.19s 
33603      INFO  main            d.u.i.k.p.i.AbstractProblemLoader Replaying proof Perm[Perm::foo()].JML normal_behavior operation contract.0 
34898      DEBUG main            d.u.i.k.p.i.IntermediateProofReplayer Proof replay took 1.21s 
34901      INFO  main            d.u.i.k.p.r.p.TestFile    ... success: loaded 
34903      INFO  main            d.u.i.k.p.r.p.TestFile    Now processing file /home/runner/work/key/key/key.core/../key.ui/examples/firstTouch/05-ReverseArray/reverseArray.proof 
34903      INFO  main            d.u.i.k.p.i.AbstractProblemLoader Loading environment from /home/runner/work/key/key/key.core/../key.ui/examples/firstTouch/05-ReverseArray/reverseArray.proof 
34903      DEBUG main            d.u.i.k.p.i.AbstractProblemLoader Environment load took 224.71ns 
34906      INFO  main            d.u.i.k.p.i.AbstractProblemLoader Creating init config 
38016      DEBUG main            d.u.i.k.p.i.AbstractProblemLoader Init config took 3.11s 
38061      INFO  main            d.u.i.k.p.i.AbstractProblemLoader Replaying proof ReverseArray[ReverseArray::reverse()].JML normal_behavior operation contract.0 
39291      DEBUG main            d.u.i.k.p.i.IntermediateProofReplayer Proof replay took 1.19s 
39295      INFO  main            d.u.i.k.p.r.p.TestFile    ... success: loaded 
39297      INFO  main            d.u.i.k.p.r.p.TestFile    Now processing file /home/runner/work/key/key/key.core/../key.ui/examples/heap/verifyThis15_1_RelaxedPrefix/relax.proof 
39297      INFO  main            d.u.i.k.p.i.AbstractProblemLoader Loading environment from /home/runner/work/key/key/key.core/../key.ui/examples/heap/verifyThis15_1_RelaxedPrefix/relax.proof 
39297      DEBUG main            d.u.i.k.p.i.AbstractProblemLoader Environment load took 215.61ns 
39300      INFO  main            d.u.i.k.p.i.AbstractProblemLoader Creating init config 
42425      DEBUG main            d.u.i.k.p.i.AbstractProblemLoader Init config took 3.13s 
42478      INFO  main            d.u.i.k.p.i.AbstractProblemLoader Replaying proof Relaxed[Relaxed::isRelaxedPrefix([I,[I)].JML operation contract.0 
43092      DEBUG main            d.u.i.k.p.i.IntermediateProofReplayer Proof replay took 590.4ms 
43095      INFO  main            d.u.i.k.p.r.p.TestFile    ... success: loaded 
43097      INFO  main            d.u.i.k.p.r.p.TestFile    Now processing file /home/runner/work/key/key/key.core/../key.ui/examples/heap/verifyThis15_3_DLL/doUndo.proof 
43097      INFO  main            d.u.i.k.p.i.AbstractProblemLoader Loading environment from /home/runner/work/key/key/key.core/../key.ui/examples/heap/verifyThis15_3_DLL/doUndo.proof 
43097      DEBUG main            d.u.i.k.p.i.AbstractProblemLoader Environment load took 221.91ns 
43103      INFO  main            d.u.i.k.p.i.AbstractProblemLoader Creating init config 
44276      DEBUG main            d.u.i.k.j.r.ClassPreparationMethodBuilder clPrepBuilder: Inner Class detected. Reject building class initialisation methods. 
46538      DEBUG main            d.u.i.k.p.i.AbstractProblemLoader Init config took 3.44s 
46630      INFO  main            d.u.i.k.p.i.AbstractProblemLoader Replaying proof DoubleLinkedList[DoubleLinkedList::doUndo(DoubleLinkedList.Node,int)].JML normal_behavior operation contract.0 
47505      DEBUG main            d.u.i.k.p.i.IntermediateProofReplayer Proof replay took 837.76ms 
47507      INFO  main            d.u.i.k.p.r.p.TestFile    ... success: loaded 
47508      INFO  main            d.u.i.k.p.r.p.TestFile    Now processing file /home/runner/work/key/key/key.core/../key.ui/examples/heap/verifyThis15_2_ParallelGcd/parallelGcd.proof 
47509      INFO  main            d.u.i.k.p.i.AbstractProblemLoader Loading environment from /home/runner/work/key/key/key.core/../key.ui/examples/heap/verifyThis15_2_ParallelGcd/parallelGcd.proof 
47509      DEBUG main            d.u.i.k.p.i.AbstractProblemLoader Environment load took 218.71ns 
47511      INFO  main            d.u.i.k.p.i.AbstractProblemLoader Creating init config 
50639      DEBUG main            d.u.i.k.p.i.AbstractProblemLoader Init config took 3.13s 
50696      INFO  main            d.u.i.k.p.i.AbstractProblemLoader Replaying proof ParallelGcd[ParallelGcd::parallelGcd(int,int,[Z)].JML behavior operation contract.0 
51454      DEBUG main            d.u.i.k.p.i.IntermediateProofReplayer Proof replay took 741.47ms 
51456      INFO  main            d.u.i.k.p.r.p.TestFile    ... success: loaded 
6127019    INFO  Test worker     d.u.i.k.p.r.RunAllProofsTestUnit Returning from test reload_examples 
6127020    INFO  Test worker     d.u.i.k.p.r.RunAllProofsTestUnit Running test proofLoadRepair 
375        INFO  Timeout watchdog d.u.i.k.p.r.p.ForkedTestFileRunner Timeout watcher launched (2000 secs.) 
392        WARN  main            d.u.i.k.s.ProofSettings   The settings in /home/runner/.key/proof-settings.props are *not* read. 
438        INFO  main            d.u.i.k.p.r.p.TestFile    Now processing file /home/runner/work/key/key/key.core/../key.ui/examples/proofLoadRepair/disjConj-manipulated.proof 
566        INFO  main            d.u.i.k.p.i.AbstractProblemLoader Loading environment from /home/runner/work/key/key/key.core/../key.ui/examples/proofLoadRepair/disjConj-manipulated.proof 
586        DEBUG main            d.u.i.k.p.i.AbstractProblemLoader Environment load took 2.9ms 
850        INFO  main            d.u.i.k.p.i.AbstractProblemLoader Creating init config 
2005       DEBUG main            d.u.i.k.j.TypeConverter   No LDT found for Meta 
2006       DEBUG main            d.u.i.k.j.TypeConverter   No LDT found for Meta 
2010       DEBUG main            d.u.i.k.j.TypeConverter   No LDT found for Meta 
2010       DEBUG main            d.u.i.k.j.TypeConverter   No LDT found for Meta 
3775       DEBUG main            d.u.i.k.j.TypeConverter   No LDT found for JavaBigintExpression 
9325       DEBUG main            d.u.i.k.p.i.AbstractProblemLoader Init config took 8.47s 
9387       INFO  main            d.u.i.k.p.i.AbstractProblemLoader Replaying proof disjConj-manipulated.proof 
9441       WARN  main            d.u.i.k.p.i.IntermediateProofReplayer Proof contains wrong number of \assumes instatiations for andLeft 
9442       WARN  main            d.u.i.k.p.i.IntermediateProofReplayer Proof contains wrong number of \assumes instatiations for replace_known_right 
9446       WARN  main            d.u.i.k.p.i.IntermediateProofReplayer Proof contains wrong number of \assumes instatiations for close 
9447       DEBUG main            d.u.i.k.p.i.IntermediateProofReplayer Proof replay took 18.9ms 
9452       INFO  main            d.u.i.k.p.r.p.TestFile    ... success: loaded 
9456       INFO  main            d.u.i.k.p.r.p.TestFile    Now processing file /home/runner/work/key/key/key.core/../key.ui/examples/proofLoadRepair/insufficient-manipulated.proof 
9457       INFO  main            d.u.i.k.p.i.AbstractProblemLoader Loading environment from /home/runner/work/key/key/key.core/../key.ui/examples/proofLoadRepair/insufficient-manipulated.proof 
9457       DEBUG main            d.u.i.k.p.i.AbstractProblemLoader Environment load took 254.32ns 
9461       INFO  main            d.u.i.k.p.i.AbstractProblemLoader Creating init config 
12507      DEBUG main            d.u.i.k.p.i.AbstractProblemLoader Init config took 3.05s 
12540      INFO  main            d.u.i.k.p.i.AbstractProblemLoader Replaying proof insufficient-manipulated.proof 
12559      WARN  main            d.u.i.k.p.i.IntermediateProofReplayer Proof contains wrong number of \assumes instatiations for applyEq 
12569      DEBUG main            d.u.i.k.p.i.IntermediateProofReplayer Proof replay took 13.99ms 
12572      INFO  main            d.u.i.k.p.r.p.TestFile    ... success: loading failed 
12574      INFO  main            d.u.i.k.p.r.p.TestFile    Now processing file /home/runner/work/key/key/key.core/../key.ui/examples/../../key.core/src/test/resources/testcase/issues/1716/incorrectPolarity.proof 
12574      INFO  main            d.u.i.k.p.i.AbstractProblemLoader Loading environment from /home/runner/work/key/key/key.core/../key.ui/examples/../../key.core/src/test/resources/testcase/issues/1716/incorrectPolarity.proof 
12574      DEBUG main            d.u.i.k.p.i.AbstractProblemLoader Environment load took 217.81ns 
12576      INFO  main            d.u.i.k.p.i.AbstractProblemLoader Creating init config 
15887      DEBUG main            d.u.i.k.p.i.AbstractProblemLoader Init config took 3.31s 
15917      INFO  main            d.u.i.k.p.i.AbstractProblemLoader Replaying proof incorrectPolarity.proof 
15920      DEBUG main            d.u.i.k.p.i.IntermediateProofReplayer Proof replay took 240.32ns 
15921      INFO  main            d.u.i.k.p.r.p.TestFile    ... success: loading failed 
15922      INFO  main            d.u.i.k.p.r.p.TestFile    Now processing file /home/runner/work/key/key/key.core/../key.ui/examples/../../key.core/src/test/resources/testcase/issues/1716/incorrectPolarity2.proof 
15922      INFO  main            d.u.i.k.p.i.AbstractProblemLoader Loading environment from /home/runner/work/key/key/key.core/../key.ui/examples/../../key.core/src/test/resources/testcase/issues/1716/incorrectPolarity2.proof 
15923      DEBUG main            d.u.i.k.p.i.AbstractProblemLoader Environment load took 219.01ns 
15928      INFO  main            d.u.i.k.p.i.AbstractProblemLoader Creating init config 
18892      DEBUG main            d.u.i.k.p.i.AbstractProblemLoader Init config took 2.96s 
18919      INFO  main            d.u.i.k.p.i.AbstractProblemLoader Replaying proof incorrectPolarity2.proof 
18922      DEBUG main            d.u.i.k.p.i.IntermediateProofReplayer Proof replay took 407.33ns 
18923      INFO  main            d.u.i.k.p.r.p.TestFile    ... success: loading failed 
18924      INFO  main            d.u.i.k.p.r.p.TestFile    Now processing file /home/runner/work/key/key/key.core/../key.ui/examples/../../key.core/src/test/resources/testcase/issues/1716/incorrectPolarity3.proof 
18924      INFO  main            d.u.i.k.p.i.AbstractProblemLoader Loading environment from /home/runner/work/key/key/key.core/../key.ui/examples/../../key.core/src/test/resources/testcase/issues/1716/incorrectPolarity3.proof 
18925      DEBUG main            d.u.i.k.p.i.AbstractProblemLoader Environment load took 204.61ns 
18926      INFO  main            d.u.i.k.p.i.AbstractProblemLoader Creating init config 
21720      DEBUG main            d.u.i.k.p.i.AbstractProblemLoader Init config took 2.79s 
21744      INFO  main            d.u.i.k.p.i.AbstractProblemLoader Replaying proof incorrectPolarity3.proof 
21748      DEBUG main            d.u.i.k.p.i.IntermediateProofReplayer Proof replay took 2ms 
21749      INFO  main            d.u.i.k.p.r.p.TestFile    ... success: loading failed 
6148966    INFO  Test worker     d.u.i.k.p.r.RunAllProofsTestUnit Returning from test proofLoadRepair 
6148967    INFO  Test worker     d.u.i.k.p.r.RunAllProofsTestUnit Running test switch 
454        INFO  Timeout watchdog d.u.i.k.p.r.p.ForkedTestFileRunner Timeout watcher launched (2000 secs.) 
485        WARN  main            d.u.i.k.s.ProofSettings   The settings in /home/runner/.key/proof-settings.props are *not* read. 
546        INFO  main            d.u.i.k.p.r.p.TestFile    Now processing file /home/runner/work/key/key/key.core/../key.ui/examples/standard_key/java_dl/switch/labeled_case.key 
685        INFO  main            d.u.i.k.p.i.AbstractProblemLoader Loading environment from /home/runner/work/key/key/key.core/../key.ui/examples/standard_key/java_dl/switch/labeled_case.key 
704        DEBUG main            d.u.i.k.p.i.AbstractProblemLoader Environment load took 2.34ms 
968        INFO  main            d.u.i.k.p.i.AbstractProblemLoader Creating init config 
1956       DEBUG main            d.u.i.k.j.TypeConverter   No LDT found for Meta 
1957       DEBUG main            d.u.i.k.j.TypeConverter   No LDT found for Meta 
1958       DEBUG main            d.u.i.k.j.TypeConverter   No LDT found for Meta 
1959       DEBUG main            d.u.i.k.j.TypeConverter   No LDT found for Meta 
3578       DEBUG main            d.u.i.k.j.TypeConverter   No LDT found for JavaBigintExpression 
9754       DEBUG main            d.u.i.k.p.i.AbstractProblemLoader Init config took 8.79s 
9961       INFO  main            d.u.i.k.p.i.AbstractProblemLoader Replaying proof LabeledCase[LabeledCase::m(int)].JML normal_behavior operation contract.0 
10001      DEBUG main            d.u.i.k.p.i.IntermediateProofReplayer Proof replay took 44.3ns 
10839      INFO  main            d.u.i.k.p.r.p.TestFile    ... finished proof: closed. 
10966      INFO  main            d.u.i.k.p.i.AbstractProblemLoader Loading environment from /home/runner/work/key/key/key.core/../key.ui/examples/standard_key/java_dl/switch/labeled_case.key.proof 
10967      DEBUG main            d.u.i.k.p.i.AbstractProblemLoader Environment load took 422.83ns 
10969      INFO  main            d.u.i.k.p.i.AbstractProblemLoader Creating init config 
14395      DEBUG main            d.u.i.k.p.i.AbstractProblemLoader Init config took 3.43s 
14512      INFO  main            d.u.i.k.p.i.AbstractProblemLoader Replaying proof LabeledCase[LabeledCase::m(int)].JML normal_behavior operation contract.0 
14582      DEBUG main            d.u.i.k.p.i.IntermediateProofReplayer Proof replay took 64.56ms 
14590      DEBUG main            d.u.i.k.p.r.p.TestFile    ... success: reloaded. 
14591      INFO  main            d.u.i.k.p.r.p.TestFile    Now processing file /home/runner/work/key/key/key.core/../key.ui/examples/standard_key/java_dl/switch/empty_switch.key 
14591      INFO  main            d.u.i.k.p.i.AbstractProblemLoader Loading environment from /home/runner/work/key/key/key.core/../key.ui/examples/standard_key/java_dl/switch/empty_switch.key 
14592      DEBUG main            d.u.i.k.p.i.AbstractProblemLoader Environment load took 223.01ns 
14593      INFO  main            d.u.i.k.p.i.AbstractProblemLoader Creating init config 
17742      DEBUG main            d.u.i.k.p.i.AbstractProblemLoader Init config took 3.15s 
17774      INFO  main            d.u.i.k.p.i.AbstractProblemLoader Replaying proof empty_switch.key 
17776      DEBUG main            d.u.i.k.p.i.IntermediateProofReplayer Proof replay took 7ns 
17880      INFO  main            d.u.i.k.p.r.p.TestFile    ... finished proof: closed. 
18066      INFO  main            d.u.i.k.p.i.AbstractProblemLoader Loading environment from /home/runner/work/key/key/key.core/../key.ui/examples/standard_key/java_dl/switch/empty_switch.key.proof 
18068      DEBUG main            d.u.i.k.p.i.AbstractProblemLoader Environment load took 1.42ms 
18072      INFO  main            d.u.i.k.p.i.AbstractProblemLoader Creating init config 
21027      DEBUG main            d.u.i.k.p.i.AbstractProblemLoader Init config took 2.95s 
21053      INFO  main            d.u.i.k.p.i.AbstractProblemLoader Replaying proof empty_switch.key.proof 
21060      DEBUG main            d.u.i.k.p.i.IntermediateProofReplayer Proof replay took 2.34ms 
21063      DEBUG main            d.u.i.k.p.r.p.TestFile    ... success: reloaded. 
21064      INFO  main            d.u.i.k.p.r.p.TestFile    Now processing file /home/runner/work/key/key/key.core/../key.ui/examples/standard_key/java_dl/switch/empty_switch_null.key 
21065      INFO  main            d.u.i.k.p.i.AbstractProblemLoader Loading environment from /home/runner/work/key/key/key.core/../key.ui/examples/standard_key/java_dl/switch/empty_switch_null.key 
21065      DEBUG main            d.u.i.k.p.i.AbstractProblemLoader Environment load took 318.01ns 
21067      INFO  main            d.u.i.k.p.i.AbstractProblemLoader Creating init config 
24136      DEBUG main            d.u.i.k.p.i.AbstractProblemLoader Init config took 3.07s 
24162      INFO  main            d.u.i.k.p.i.AbstractProblemLoader Replaying proof empty_switch_null.key 
24164      DEBUG main            d.u.i.k.p.i.IntermediateProofReplayer Proof replay took 7.3ns 
24373      INFO  main            d.u.i.k.p.r.p.TestFile    ... finished proof: closed. 
24595      INFO  main            d.u.i.k.p.i.AbstractProblemLoader Loading environment from /home/runner/work/key/key/key.core/../key.ui/examples/standard_key/java_dl/switch/empty_switch_null.key.proof 
24597      DEBUG main            d.u.i.k.p.i.AbstractProblemLoader Environment load took 1.41ms 
24598      INFO  main            d.u.i.k.p.i.AbstractProblemLoader Creating init config 
27593      DEBUG main            d.u.i.k.p.i.AbstractProblemLoader Init config took 3s 
27617      INFO  main            d.u.i.k.p.i.AbstractProblemLoader Replaying proof empty_switch_null.key.proof 
27656      DEBUG main            d.u.i.k.p.i.IntermediateProofReplayer Proof replay took 35.59ms 
27657      DEBUG main            d.u.i.k.p.r.p.TestFile    ... success: reloaded. 
27658      INFO  main            d.u.i.k.p.r.p.TestFile    Now processing file /home/runner/work/key/key/key.core/../key.ui/examples/standard_key/java_dl/switch/empty_switch_null_catch.key 
27658      INFO  main            d.u.i.k.p.i.AbstractProblemLoader Loading environment from /home/runner/work/key/key/key.core/../key.ui/examples/standard_key/java_dl/switch/empty_switch_null_catch.key 
27659      DEBUG main            d.u.i.k.p.i.AbstractProblemLoader Environment load took 204.81ns 
27660      INFO  main            d.u.i.k.p.i.AbstractProblemLoader Creating init config 
30558      DEBUG main            d.u.i.k.p.i.AbstractProblemLoader Init config took 2.9s 
30582      INFO  main            d.u.i.k.p.i.AbstractProblemLoader Replaying proof empty_switch_null_catch.key 
30584      DEBUG main            d.u.i.k.p.i.IntermediateProofReplayer Proof replay took 7.1ns 
30791      INFO  main            d.u.i.k.p.r.p.TestFile    ... finished proof: closed. 
30979      INFO  main            d.u.i.k.p.i.AbstractProblemLoader Loading environment from /home/runner/work/key/key/key.core/../key.ui/examples/standard_key/java_dl/switch/empty_switch_null_catch.key.proof 
30979      DEBUG main            d.u.i.k.p.i.AbstractProblemLoader Environment load took 187.01ns 
30981      INFO  main            d.u.i.k.p.i.AbstractProblemLoader Creating init config 
34080      DEBUG main            d.u.i.k.p.i.AbstractProblemLoader Init config took 3.1s 
34115      INFO  main            d.u.i.k.p.i.AbstractProblemLoader Replaying proof empty_switch_null_catch.key.proof 
34169      DEBUG main            d.u.i.k.p.i.IntermediateProofReplayer Proof replay took 51.16ms 
34171      DEBUG main            d.u.i.k.p.r.p.TestFile    ... success: reloaded. 
34172      INFO  main            d.u.i.k.p.r.p.TestFile    Now processing file /home/runner/work/key/key/key.core/../key.ui/examples/standard_key/java_dl/switch/empty_switch_array_out_of_bounds.key 
34172      INFO  main            d.u.i.k.p.i.AbstractProblemLoader Loading environment from /home/runner/work/key/key/key.core/../key.ui/examples/standard_key/java_dl/switch/empty_switch_array_out_of_bounds.key 
34173      DEBUG main            d.u.i.k.p.i.AbstractProblemLoader Environment load took 201.31ns 
34174      INFO  main            d.u.i.k.p.i.AbstractProblemLoader Creating init config 
37095      DEBUG main            d.u.i.k.p.i.AbstractProblemLoader Init config took 2.92s 
37118      INFO  main            d.u.i.k.p.i.AbstractProblemLoader Replaying proof empty_switch_array_out_of_bounds.key 
37122      DEBUG main            d.u.i.k.p.i.IntermediateProofReplayer Proof replay took 6.7ns 
37327      INFO  main            d.u.i.k.p.r.p.TestFile    ... finished proof: closed. 
37525      INFO  main            d.u.i.k.p.i.AbstractProblemLoader Loading environment from /home/runner/work/key/key/key.core/../key.ui/examples/standard_key/java_dl/switch/empty_switch_array_out_of_bounds.key.proof 
37525      DEBUG main            d.u.i.k.p.i.AbstractProblemLoader Environment load took 400.43ns 
37527      INFO  main            d.u.i.k.p.i.AbstractProblemLoader Creating init config 
40398      DEBUG main            d.u.i.k.p.i.AbstractProblemLoader Init config took 2.87s 
40420      INFO  main            d.u.i.k.p.i.AbstractProblemLoader Replaying proof empty_switch_array_out_of_bounds.key.proof 
40481      DEBUG main            d.u.i.k.p.i.IntermediateProofReplayer Proof replay took 57.3ms 
40482      DEBUG main            d.u.i.k.p.r.p.TestFile    ... success: reloaded. 
40483      INFO  main            d.u.i.k.p.r.p.TestFile    Now processing file /home/runner/work/key/key/key.core/../key.ui/examples/standard_key/java_dl/switch/empty_switch_array_out_of_bounds_catch.key 
40484      INFO  main            d.u.i.k.p.i.AbstractProblemLoader Loading environment from /home/runner/work/key/key/key.core/../key.ui/examples/standard_key/java_dl/switch/empty_switch_array_out_of_bounds_catch.key 
40484      DEBUG main            d.u.i.k.p.i.AbstractProblemLoader Environment load took 214.51ns 
40485      INFO  main            d.u.i.k.p.i.AbstractProblemLoader Creating init config 
43367      DEBUG main            d.u.i.k.p.i.AbstractProblemLoader Init config took 2.88s 
43390      INFO  main            d.u.i.k.p.i.AbstractProblemLoader Replaying proof empty_switch_array_out_of_bounds_catch.key 
43396      DEBUG main            d.u.i.k.p.i.IntermediateProofReplayer Proof replay took 6.3ns 
43600      INFO  main            d.u.i.k.p.r.p.TestFile    ... finished proof: closed. 
43855      INFO  main            d.u.i.k.p.i.AbstractProblemLoader Loading environment from /home/runner/work/key/key/key.core/../key.ui/examples/standard_key/java_dl/switch/empty_switch_array_out_of_bounds_catch.key.proof 
43855      DEBUG main            d.u.i.k.p.i.AbstractProblemLoader Environment load took 380.52ns 
43856      INFO  main            d.u.i.k.p.i.AbstractProblemLoader Creating init config 
46648      DEBUG main            d.u.i.k.p.i.AbstractProblemLoader Init config took 2.79s 
46671      INFO  main            d.u.i.k.p.i.AbstractProblemLoader Replaying proof empty_switch_array_out_of_bounds_catch.key.proof 
46716      DEBUG main            d.u.i.k.p.i.IntermediateProofReplayer Proof replay took 41.97ms 
46717      DEBUG main            d.u.i.k.p.r.p.TestFile    ... success: reloaded. 
46718      INFO  main            d.u.i.k.p.r.p.TestFile    Now processing file /home/runner/work/key/key/key.core/../key.ui/examples/standard_key/java_dl/switch/switch_in_switch.key 
46719      INFO  main            d.u.i.k.p.i.AbstractProblemLoader Loading environment from /home/runner/work/key/key/key.core/../key.ui/examples/standard_key/java_dl/switch/switch_in_switch.key 
46719      DEBUG main            d.u.i.k.p.i.AbstractProblemLoader Environment load took 203.41ns 
46720      INFO  main            d.u.i.k.p.i.AbstractProblemLoader Creating init config 
49720      DEBUG main            d.u.i.k.p.i.AbstractProblemLoader Init config took 3s 
49774      INFO  main            d.u.i.k.p.i.AbstractProblemLoader Replaying proof SwitchInSwitch[SwitchInSwitch::m(int)].JML normal_behavior operation contract.0 
49775      DEBUG main            d.u.i.k.p.i.IntermediateProofReplayer Proof replay took 8.3ns 
55015      INFO  main            d.u.i.k.p.r.p.TestFile    ... finished proof: closed. 
55303      INFO  main            d.u.i.k.p.i.AbstractProblemLoader Loading environment from /home/runner/work/key/key/key.core/../key.ui/examples/standard_key/java_dl/switch/switch_in_switch.key.proof 
55308      DEBUG main            d.u.i.k.p.i.AbstractProblemLoader Environment load took 5.46ms 
55310      INFO  main            d.u.i.k.p.i.AbstractProblemLoader Creating init config 
58301      DEBUG main            d.u.i.k.p.i.AbstractProblemLoader Init config took 2.99s 
58373      INFO  main            d.u.i.k.p.i.AbstractProblemLoader Replaying proof SwitchInSwitch[SwitchInSwitch::m(int)].JML normal_behavior operation contract.0 
59007      DEBUG main            d.u.i.k.p.i.IntermediateProofReplayer Proof replay took 597.76ms 
59010      DEBUG main            d.u.i.k.p.r.p.TestFile    ... success: reloaded. 
59010      INFO  main            d.u.i.k.p.r.p.TestFile    Now processing file /home/runner/work/key/key/key.core/../key.ui/examples/standard_key/java_dl/switch/while_and_switch.key 
59011      INFO  main            d.u.i.k.p.i.AbstractProblemLoader Loading environment from /home/runner/work/key/key/key.core/../key.ui/examples/standard_key/java_dl/switch/while_and_switch.key 
59011      DEBUG main            d.u.i.k.p.i.AbstractProblemLoader Environment load took 303.72ns 
59012      INFO  main            d.u.i.k.p.i.AbstractProblemLoader Creating init config 
61982      DEBUG main            d.u.i.k.p.i.AbstractProblemLoader Init config took 2.97s 
62031      INFO  main            d.u.i.k.p.i.AbstractProblemLoader Replaying proof WhileAndSwitch[WhileAndSwitch::m(int)].JML normal_behavior operation contract.0 
62034      DEBUG main            d.u.i.k.p.i.IntermediateProofReplayer Proof replay took 7.9ns 
62840      INFO  main            d.u.i.k.p.r.p.TestFile    ... finished proof: closed. 
63082      INFO  main            d.u.i.k.p.i.AbstractProblemLoader Loading environment from /home/runner/work/key/key/key.core/../key.ui/examples/standard_key/java_dl/switch/while_and_switch.key.proof 
63084      DEBUG main            d.u.i.k.p.i.AbstractProblemLoader Environment load took 1.16ms 
63085      INFO  main            d.u.i.k.p.i.AbstractProblemLoader Creating init config 
66127      DEBUG main            d.u.i.k.p.i.AbstractProblemLoader Init config took 3.04s 
66175      INFO  main            d.u.i.k.p.i.AbstractProblemLoader Replaying proof WhileAndSwitch[WhileAndSwitch::m(int)].JML normal_behavior operation contract.0 
66354      DEBUG main            d.u.i.k.p.i.IntermediateProofReplayer Proof replay took 173.22ms 
66356      DEBUG main            d.u.i.k.p.r.p.TestFile    ... success: reloaded. 
66357      INFO  main            d.u.i.k.p.r.p.TestFile    Now processing file /home/runner/work/key/key/key.core/../key.ui/examples/standard_key/java_dl/switch/large_switch.key 
66358      INFO  main            d.u.i.k.p.i.AbstractProblemLoader Loading environment from /home/runner/work/key/key/key.core/../key.ui/examples/standard_key/java_dl/switch/large_switch.key 
66358      DEBUG main            d.u.i.k.p.i.AbstractProblemLoader Environment load took 199.31ns 
66359      INFO  main            d.u.i.k.p.i.AbstractProblemLoader Creating init config 
69327      DEBUG main            d.u.i.k.p.i.AbstractProblemLoader Init config took 2.97s 
69387      INFO  main            d.u.i.k.p.i.AbstractProblemLoader Replaying proof LargeSwitch[LargeSwitch::m(int)].JML normal_behavior operation contract.0 
69388      DEBUG main            d.u.i.k.p.i.IntermediateProofReplayer Proof replay took 8.8ns 
70944      INFO  main            d.u.i.k.p.r.p.TestFile    ... finished proof: closed. 
71199      INFO  main            d.u.i.k.p.i.AbstractProblemLoader Loading environment from /home/runner/work/key/key/key.core/../key.ui/examples/standard_key/java_dl/switch/large_switch.key.proof 
71200      DEBUG main            d.u.i.k.p.i.AbstractProblemLoader Environment load took 213.71ns 
71202      INFO  main            d.u.i.k.p.i.AbstractProblemLoader Creating init config 
74220      DEBUG main            d.u.i.k.p.i.AbstractProblemLoader Init config took 3.02s 
74271      INFO  main            d.u.i.k.p.i.AbstractProblemLoader Replaying proof LargeSwitch[LargeSwitch::m(int)].JML normal_behavior operation contract.0 
74718      DEBUG main            d.u.i.k.p.i.IntermediateProofReplayer Proof replay took 429.33ms 
74720      DEBUG main            d.u.i.k.p.r.p.TestFile    ... success: reloaded. 
6223890    INFO  Test worker     d.u.i.k.p.r.RunAllProofsTestUnit Returning from test switch 
6223893    INFO  Test worker     d.u.i.k.p.r.RunAllProofsTestUnit Running test redux 
410        INFO  Timeout watchdog d.u.i.k.p.r.p.ForkedTestFileRunner Timeout watcher launched (2000 secs.) 
426        WARN  main            d.u.i.k.s.ProofSettings   The settings in /home/runner/.key/proof-settings.props are *not* read. 
483        INFO  main            d.u.i.k.p.r.p.TestFile    Now processing file /home/runner/work/key/key/key.core/../key.ui/examples/redux/arrays/Arrays.copyOf.key 
635        INFO  main            d.u.i.k.p.i.AbstractProblemLoader Loading environment from /home/runner/work/key/key/key.core/../key.ui/examples/redux/arrays/Arrays.copyOf.key 
670        DEBUG main            d.u.i.k.p.i.AbstractProblemLoader Environment load took 2.25ms 
960        INFO  main            d.u.i.k.p.i.AbstractProblemLoader Creating init config 
2106       DEBUG main            d.u.i.k.j.TypeConverter   No LDT found for Meta 
2106       DEBUG main            d.u.i.k.j.TypeConverter   No LDT found for Meta 
2107       DEBUG main            d.u.i.k.j.TypeConverter   No LDT found for Meta 
2107       DEBUG main            d.u.i.k.j.TypeConverter   No LDT found for Meta 
3535       DEBUG main            d.u.i.k.j.TypeConverter   No LDT found for JavaBigintExpression 
9777       DEBUG main            d.u.i.k.p.i.AbstractProblemLoader Init config took 8.82s 
9964       INFO  main            d.u.i.k.p.i.AbstractProblemLoader Replaying proof Arrays[Arrays::copyOf([I,int)].JML normal_behavior operation contract.0 
10004      DEBUG main            d.u.i.k.p.i.IntermediateProofReplayer Proof replay took 41.2ns 
15895      INFO  main            d.u.i.k.p.r.p.TestFile    ... finished proof: closed. 
16118      INFO  main            d.u.i.k.p.i.AbstractProblemLoader Loading environment from /home/runner/work/key/key/key.core/../key.ui/examples/redux/arrays/Arrays.copyOf.key.proof 
16118      DEBUG main            d.u.i.k.p.i.AbstractProblemLoader Environment load took 502.33ns 
16124      INFO  main            d.u.i.k.p.i.AbstractProblemLoader Creating init config 
19922      DEBUG main            d.u.i.k.p.i.AbstractProblemLoader Init config took 3.8s 
20015      INFO  main            d.u.i.k.p.i.AbstractProblemLoader Replaying proof Arrays[Arrays::copyOf([I,int)].JML normal_behavior operation contract.0 
20810      DEBUG main            d.u.i.k.p.i.IntermediateProofReplayer Proof replay took 774ms 
20820      DEBUG main            d.u.i.k.p.r.p.TestFile    ... success: reloaded. 
20823      INFO  main            d.u.i.k.p.r.p.TestFile    Now processing file /home/runner/work/key/key/key.core/../key.ui/examples/redux/arrays/Arrays.copyOf.float.key 
20823      INFO  main            d.u.i.k.p.i.AbstractProblemLoader Loading environment from /home/runner/work/key/key/key.core/../key.ui/examples/redux/arrays/Arrays.copyOf.float.key 
20824      DEBUG main            d.u.i.k.p.i.AbstractProblemLoader Environment load took 234.72ns 
20828      INFO  main            d.u.i.k.p.i.AbstractProblemLoader Creating init config 
24537      DEBUG main            d.u.i.k.p.i.AbstractProblemLoader Init config took 3.71s 
24600      INFO  main            d.u.i.k.p.i.AbstractProblemLoader Replaying proof Arrays[Arrays::copyOf([F,int)].JML normal_behavior operation contract.0 
24603      DEBUG main            d.u.i.k.p.i.IntermediateProofReplayer Proof replay took 6.9ns 
24633      DEBUG main            d.u.i.k.m.s.ProofScriptEngine 1: 'macro autopilot' 
30107      DEBUG main            d.u.i.k.m.s.ProofScriptEngine 2: 'smt solver=Z3' 
30197      INFO  main            d.u.i.k.m.s.SMTCommand    Finished run on goal 17 in 64ms, result is valid 
30197      DEBUG main            d.u.i.k.m.s.ProofScriptEngine 3: 'tryclose' 
32186      INFO  main            d.u.i.k.p.r.p.TestFile    ... finished proof: closed. 
32400      INFO  main            d.u.i.k.p.i.AbstractProblemLoader Loading environment from /home/runner/work/key/key/key.core/../key.ui/examples/redux/arrays/Arrays.copyOf.float.key.proof 
32400      DEBUG main            d.u.i.k.p.i.AbstractProblemLoader Environment load took 447.53ns 
32406      INFO  main            d.u.i.k.p.i.AbstractProblemLoader Creating init config 
35982      DEBUG main            d.u.i.k.p.i.AbstractProblemLoader Init config took 3.58s 
36040      INFO  main            d.u.i.k.p.i.AbstractProblemLoader Replaying proof Arrays[Arrays::copyOf([F,int)].JML normal_behavior operation contract.0 
36120      INFO  main            d.u.i.k.s.SMTFocusResults Analyzing unsat core: (L_6) 
36952      DEBUG main            d.u.i.k.p.i.IntermediateProofReplayer Proof replay took 892.76ms 
36954      DEBUG main            d.u.i.k.p.r.p.TestFile    ... success: reloaded. 
36955      INFO  main            d.u.i.k.p.r.p.TestFile    Now processing file /home/runner/work/key/key/key.core/../key.ui/examples/redux/arrays/Arrays.copyOfRange.key 
36956      INFO  main            d.u.i.k.p.i.AbstractProblemLoader Loading environment from /home/runner/work/key/key/key.core/../key.ui/examples/redux/arrays/Arrays.copyOfRange.key 
36956      DEBUG main            d.u.i.k.p.i.AbstractProblemLoader Environment load took 263.82ns 
36957      INFO  main            d.u.i.k.p.i.AbstractProblemLoader Creating init config 
40542      DEBUG main            d.u.i.k.p.i.AbstractProblemLoader Init config took 3.58s 
40599      INFO  main            d.u.i.k.p.i.AbstractProblemLoader Replaying proof Arrays[Arrays::copyOfRange([I,int,int)].JML normal_behavior operation contract.0 
40601      DEBUG main            d.u.i.k.p.i.IntermediateProofReplayer Proof replay took 6.6ns 
45905      INFO  main            d.u.i.k.p.r.p.TestFile    ... finished proof: closed. 
46204      INFO  main            d.u.i.k.p.i.AbstractProblemLoader Loading environment from /home/runner/work/key/key/key.core/../key.ui/examples/redux/arrays/Arrays.copyOfRange.key.proof 
46204      DEBUG main            d.u.i.k.p.i.AbstractProblemLoader Environment load took 435.03ns 
46207      INFO  main            d.u.i.k.p.i.AbstractProblemLoader Creating init config 
49692      DEBUG main            d.u.i.k.p.i.AbstractProblemLoader Init config took 3.49s 
49743      INFO  main            d.u.i.k.p.i.AbstractProblemLoader Replaying proof Arrays[Arrays::copyOfRange([I,int,int)].JML normal_behavior operation contract.0 
50395      DEBUG main            d.u.i.k.p.i.IntermediateProofReplayer Proof replay took 631.48ms 
50397      DEBUG main            d.u.i.k.p.r.p.TestFile    ... success: reloaded. 
50398      INFO  main            d.u.i.k.p.r.p.TestFile    Now processing file /home/runner/work/key/key/key.core/../key.ui/examples/redux/arrays/Arrays.copyOfRange.float.key 
50398      INFO  main            d.u.i.k.p.i.AbstractProblemLoader Loading environment from /home/runner/work/key/key/key.core/../key.ui/examples/redux/arrays/Arrays.copyOfRange.float.key 
50398      DEBUG main            d.u.i.k.p.i.AbstractProblemLoader Environment load took 208.41ns 
50400      INFO  main            d.u.i.k.p.i.AbstractProblemLoader Creating init config 
53816      DEBUG main            d.u.i.k.p.i.AbstractProblemLoader Init config took 3.42s 
53867      INFO  main            d.u.i.k.p.i.AbstractProblemLoader Replaying proof Arrays[Arrays::copyOfRange([F,int,int)].JML normal_behavior operation contract.0 
53869      DEBUG main            d.u.i.k.p.i.IntermediateProofReplayer Proof replay took 6.1ns 
53869      DEBUG main            d.u.i.k.m.s.ProofScriptEngine 1: 'macro autopilot' 
60709      DEBUG main            d.u.i.k.m.s.ProofScriptEngine 2: 'smt solver=Z3' 
60759      INFO  main            d.u.i.k.m.s.SMTCommand    Finished run on goal 27 in 44ms, result is valid 
60759      DEBUG main            d.u.i.k.m.s.ProofScriptEngine 3: 'tryclose' 
65081      INFO  main            d.u.i.k.p.r.p.TestFile    ... finished proof: closed. 
65330      INFO  main            d.u.i.k.p.i.AbstractProblemLoader Loading environment from /home/runner/work/key/key/key.core/../key.ui/examples/redux/arrays/Arrays.copyOfRange.float.key.proof 
65330      DEBUG main            d.u.i.k.p.i.AbstractProblemLoader Environment load took 452.13ns 
65333      INFO  main            d.u.i.k.p.i.AbstractProblemLoader Creating init config 
68855      DEBUG main            d.u.i.k.p.i.AbstractProblemLoader Init config took 3.52s 
68926      INFO  main            d.u.i.k.p.i.AbstractProblemLoader Replaying proof Arrays[Arrays::copyOfRange([F,int,int)].JML normal_behavior operation contract.0 
69013      INFO  main            d.u.i.k.s.SMTFocusResults Analyzing unsat core: (L_8) 
70127      DEBUG main            d.u.i.k.p.i.IntermediateProofReplayer Proof replay took 1.17s 
70130      DEBUG main            d.u.i.k.p.r.p.TestFile    ... success: reloaded. 
70131      INFO  main            d.u.i.k.p.r.p.TestFile    Now processing file /home/runner/work/key/key/key.core/../key.ui/examples/redux/arrays/Arrays.equals.key 
70131      INFO  main            d.u.i.k.p.i.AbstractProblemLoader Loading environment from /home/runner/work/key/key/key.core/../key.ui/examples/redux/arrays/Arrays.equals.key 
70132      DEBUG main            d.u.i.k.p.i.AbstractProblemLoader Environment load took 207.61ns 
70133      INFO  main            d.u.i.k.p.i.AbstractProblemLoader Creating init config 
73762      DEBUG main            d.u.i.k.p.i.AbstractProblemLoader Init config took 3.63s 
73817      INFO  main            d.u.i.k.p.i.AbstractProblemLoader Replaying proof Arrays[Arrays::equals([B,[B)].JML normal_behavior operation contract.0 
73818      DEBUG main            d.u.i.k.p.i.IntermediateProofReplayer Proof replay took 6.8ns 
74422      INFO  main            d.u.i.k.p.r.p.TestFile    ... finished proof: closed. 
74729      INFO  main            d.u.i.k.p.i.AbstractProblemLoader Loading environment from /home/runner/work/key/key/key.core/../key.ui/examples/redux/arrays/Arrays.equals.key.proof 
74729      DEBUG main            d.u.i.k.p.i.AbstractProblemLoader Environment load took 429.13ns 
74731      INFO  main            d.u.i.k.p.i.AbstractProblemLoader Creating init config 
78236      DEBUG main            d.u.i.k.p.i.AbstractProblemLoader Init config took 3.51s 
78284      INFO  main            d.u.i.k.p.i.AbstractProblemLoader Replaying proof Arrays[Arrays::equals([B,[B)].JML normal_behavior operation contract.0 
78464      DEBUG main            d.u.i.k.p.i.IntermediateProofReplayer Proof replay took 176.05ms 
78465      DEBUG main            d.u.i.k.p.r.p.TestFile    ... success: reloaded. 
78466      INFO  main            d.u.i.k.p.r.p.TestFile    Now processing file /home/runner/work/key/key/key.core/../key.ui/examples/redux/arrays/Arrays.fill.key 
78466      INFO  main            d.u.i.k.p.i.AbstractProblemLoader Loading environment from /home/runner/work/key/key/key.core/../key.ui/examples/redux/arrays/Arrays.fill.key 
78467      DEBUG main            d.u.i.k.p.i.AbstractProblemLoader Environment load took 208.51ns 
78468      INFO  main            d.u.i.k.p.i.AbstractProblemLoader Creating init config 
81986      DEBUG main            d.u.i.k.p.i.AbstractProblemLoader Init config took 3.52s 
82032      INFO  main            d.u.i.k.p.i.AbstractProblemLoader Replaying proof Arrays[Arrays::fill([I,int)].JML normal_behavior operation contract.0 
82034      DEBUG main            d.u.i.k.p.i.IntermediateProofReplayer Proof replay took 6.5ns 
82237      INFO  main            d.u.i.k.p.r.p.TestFile    ... finished proof: closed. 
82498      INFO  main            d.u.i.k.p.i.AbstractProblemLoader Loading environment from /home/runner/work/key/key/key.core/../key.ui/examples/redux/arrays/Arrays.fill.key.proof 
82498      DEBUG main            d.u.i.k.p.i.AbstractProblemLoader Environment load took 146.31ns 
82500      INFO  main            d.u.i.k.p.i.AbstractProblemLoader Creating init config 
85984      DEBUG main            d.u.i.k.p.i.AbstractProblemLoader Init config took 3.48s 
86031      INFO  main            d.u.i.k.p.i.AbstractProblemLoader Replaying proof Arrays[Arrays::fill([I,int)].JML normal_behavior operation contract.0 
86071      DEBUG main            d.u.i.k.p.i.IntermediateProofReplayer Proof replay took 37.77ms 
86072      DEBUG main            d.u.i.k.p.r.p.TestFile    ... success: reloaded. 
86073      INFO  main            d.u.i.k.p.r.p.TestFile    Now processing file /home/runner/work/key/key/key.core/../key.ui/examples/redux/arrays/Arrays.fill.float.key 
86073      INFO  main            d.u.i.k.p.i.AbstractProblemLoader Loading environment from /home/runner/work/key/key/key.core/../key.ui/examples/redux/arrays/Arrays.fill.float.key 
86073      DEBUG main            d.u.i.k.p.i.AbstractProblemLoader Environment load took 107.91ns 
86074      INFO  main            d.u.i.k.p.i.AbstractProblemLoader Creating init config 
89800      DEBUG main            d.u.i.k.p.i.AbstractProblemLoader Init config took 3.73s 
89868      INFO  main            d.u.i.k.p.i.AbstractProblemLoader Replaying proof Arrays[Arrays::fill([F,float)].JML normal_behavior operation contract.0 
89870      DEBUG main            d.u.i.k.p.i.IntermediateProofReplayer Proof replay took 6.9ns 
90072      INFO  main            d.u.i.k.p.r.p.TestFile    ... finished proof: closed. 
90315      INFO  main            d.u.i.k.p.i.AbstractProblemLoader Loading environment from /home/runner/work/key/key/key.core/../key.ui/examples/redux/arrays/Arrays.fill.float.key.proof 
90315      DEBUG main            d.u.i.k.p.i.AbstractProblemLoader Environment load took 143.91ns 
90316      INFO  main            d.u.i.k.p.i.AbstractProblemLoader Creating init config 
93853      DEBUG main            d.u.i.k.p.i.AbstractProblemLoader Init config took 3.54s 
93897      INFO  main            d.u.i.k.p.i.AbstractProblemLoader Replaying proof Arrays[Arrays::fill([F,float)].JML normal_behavior operation contract.0 
93949      DEBUG main            d.u.i.k.p.i.IntermediateProofReplayer Proof replay took 49.3ms 
93951      DEBUG main            d.u.i.k.p.r.p.TestFile    ... success: reloaded. 
93952      INFO  main            d.u.i.k.p.r.p.TestFile    Now processing file /home/runner/work/key/key/key.core/../key.ui/examples/redux/arrays/Arrays.fillFromTo.key 
93952      INFO  main            d.u.i.k.p.i.AbstractProblemLoader Loading environment from /home/runner/work/key/key/key.core/../key.ui/examples/redux/arrays/Arrays.fillFromTo.key 
93952      DEBUG main            d.u.i.k.p.i.AbstractProblemLoader Environment load took 189.81ns 
93953      INFO  main            d.u.i.k.p.i.AbstractProblemLoader Creating init config 
97454      DEBUG main            d.u.i.k.p.i.AbstractProblemLoader Init config took 3.5s 
97523      INFO  main            d.u.i.k.p.i.AbstractProblemLoader Replaying proof Arrays[Arrays::fill([I,int,int,int)].JML normal_behavior operation contract.0 
97527      DEBUG main            d.u.i.k.p.i.IntermediateProofReplayer Proof replay took 6.7ns 
98230      INFO  main            d.u.i.k.p.r.p.TestFile    ... finished proof: closed. 
98572      INFO  main            d.u.i.k.p.i.AbstractProblemLoader Loading environment from /home/runner/work/key/key/key.core/../key.ui/examples/redux/arrays/Arrays.fillFromTo.key.proof 
98573      DEBUG main            d.u.i.k.p.i.AbstractProblemLoader Environment load took 162.21ns 
98574      INFO  main            d.u.i.k.p.i.AbstractProblemLoader Creating init config 
102147     DEBUG main            d.u.i.k.p.i.AbstractProblemLoader Init config took 3.57s 
102190     INFO  main            d.u.i.k.p.i.AbstractProblemLoader Replaying proof Arrays[Arrays::fill([I,int,int,int)].JML normal_behavior operation contract.0 
102327     DEBUG main            d.u.i.k.p.i.IntermediateProofReplayer Proof replay took 132.12ms 
102328     DEBUG main            d.u.i.k.p.r.p.TestFile    ... success: reloaded. 
102329     INFO  main            d.u.i.k.p.r.p.TestFile    Now processing file /home/runner/work/key/key/key.core/../key.ui/examples/redux/arrays/Arrays.fillFromTo.float.key 
102329     INFO  main            d.u.i.k.p.i.AbstractProblemLoader Loading environment from /home/runner/work/key/key/key.core/../key.ui/examples/redux/arrays/Arrays.fillFromTo.float.key 
102329     DEBUG main            d.u.i.k.p.i.AbstractProblemLoader Environment load took 198.71ns 
102331     INFO  main            d.u.i.k.p.i.AbstractProblemLoader Creating init config 
105700     DEBUG main            d.u.i.k.p.i.AbstractProblemLoader Init config took 3.37s 
105742     INFO  main            d.u.i.k.p.i.AbstractProblemLoader Replaying proof Arrays[Arrays::fill([F,int,int,float)].JML normal_behavior operation contract.0 
105744     DEBUG main            d.u.i.k.p.i.IntermediateProofReplayer Proof replay took 6.6ns 
106569     INFO  main            d.u.i.k.p.r.p.TestFile    ... finished proof: closed. 
106807     INFO  main            d.u.i.k.p.i.AbstractProblemLoader Loading environment from /home/runner/work/key/key/key.core/../key.ui/examples/redux/arrays/Arrays.fillFromTo.float.key.proof 
106808     DEBUG main            d.u.i.k.p.i.AbstractProblemLoader Environment load took 380.22ns 
106809     INFO  main            d.u.i.k.p.i.AbstractProblemLoader Creating init config 
110162     DEBUG main            d.u.i.k.p.i.AbstractProblemLoader Init config took 3.35s 
110205     INFO  main            d.u.i.k.p.i.AbstractProblemLoader Replaying proof Arrays[Arrays::fill([F,int,int,float)].JML normal_behavior operation contract.0 
110375     DEBUG main            d.u.i.k.p.i.IntermediateProofReplayer Proof replay took 164.97ms 
110376     DEBUG main            d.u.i.k.p.r.p.TestFile    ... success: reloaded. 
110377     INFO  main            d.u.i.k.p.r.p.TestFile    Now processing file /home/runner/work/key/key/key.core/../key.ui/examples/redux/arrays/ArrayCopy.arraycopy.normal.0.key 
110378     INFO  main            d.u.i.k.p.i.AbstractProblemLoader Loading environment from /home/runner/work/key/key/key.core/../key.ui/examples/redux/arrays/ArrayCopy.arraycopy.normal.0.key 
110378     DEBUG main            d.u.i.k.p.i.AbstractProblemLoader Environment load took 201.31ns 
110379     INFO  main            d.u.i.k.p.i.AbstractProblemLoader Creating init config 
113882     DEBUG main            d.u.i.k.p.i.AbstractProblemLoader Init config took 3.5s 
113924     INFO  main            d.u.i.k.p.i.AbstractProblemLoader Replaying proof ArrayCopy[ArrayCopy::arraycopy(java.lang.Object,int,java.lang.Object,int,int)].JML normal_behavior operation contract.0 
113925     DEBUG main            d.u.i.k.p.i.IntermediateProofReplayer Proof replay took 6.5ns 
121326     INFO  main            d.u.i.k.p.r.p.TestFile    ... finished proof: closed. 
121610     INFO  main            d.u.i.k.p.i.AbstractProblemLoader Loading environment from /home/runner/work/key/key/key.core/../key.ui/examples/redux/arrays/ArrayCopy.arraycopy.normal.0.key.proof 
121610     DEBUG main            d.u.i.k.p.i.AbstractProblemLoader Environment load took 406.33ns 
121613     INFO  main            d.u.i.k.p.i.AbstractProblemLoader Creating init config 
124974     DEBUG main            d.u.i.k.p.i.AbstractProblemLoader Init config took 3.36s 
125021     INFO  main            d.u.i.k.p.i.AbstractProblemLoader Replaying proof ArrayCopy[ArrayCopy::arraycopy(java.lang.Object,int,java.lang.Object,int,int)].JML normal_behavior operation contract.0 
126249     DEBUG main            d.u.i.k.p.i.IntermediateProofReplayer Proof replay took 1.21s 
126251     DEBUG main            d.u.i.k.p.r.p.TestFile    ... success: reloaded. 
126252     INFO  main            d.u.i.k.p.r.p.TestFile    Now processing file /home/runner/work/key/key/key.core/../key.ui/examples/redux/arrays/ArrayCopy.arraycopy.exceptional.0.key 
126252     INFO  main            d.u.i.k.p.i.AbstractProblemLoader Loading environment from /home/runner/work/key/key/key.core/../key.ui/examples/redux/arrays/ArrayCopy.arraycopy.exceptional.0.key 
126253     DEBUG main            d.u.i.k.p.i.AbstractProblemLoader Environment load took 206.71ns 
126254     INFO  main            d.u.i.k.p.i.AbstractProblemLoader Creating init config 
129752     DEBUG main            d.u.i.k.p.i.AbstractProblemLoader Init config took 3.5s 
129792     INFO  main            d.u.i.k.p.i.AbstractProblemLoader Replaying proof ArrayCopy[ArrayCopy::arraycopy(java.lang.Object,int,java.lang.Object,int,int)].JML exceptional_behavior operation contract.0 
129793     DEBUG main            d.u.i.k.p.i.IntermediateProofReplayer Proof replay took 5.7ns 
130199     INFO  main            d.u.i.k.p.r.p.TestFile    ... finished proof: closed. 
130488     INFO  main            d.u.i.k.p.i.AbstractProblemLoader Loading environment from /home/runner/work/key/key/key.core/../key.ui/examples/redux/arrays/ArrayCopy.arraycopy.exceptional.0.key.proof 
130489     DEBUG main            d.u.i.k.p.i.AbstractProblemLoader Environment load took 140.21ns 
130490     INFO  main            d.u.i.k.p.i.AbstractProblemLoader Creating init config 
133848     DEBUG main            d.u.i.k.p.i.AbstractProblemLoader Init config took 3.36s 
133892     INFO  main            d.u.i.k.p.i.AbstractProblemLoader Replaying proof ArrayCopy[ArrayCopy::arraycopy(java.lang.Object,int,java.lang.Object,int,int)].JML exceptional_behavior operation contract.0 
134045     DEBUG main            d.u.i.k.p.i.IntermediateProofReplayer Proof replay took 146.75ms 
134046     DEBUG main            d.u.i.k.p.r.p.TestFile    ... success: reloaded. 
134048     INFO  main            d.u.i.k.p.r.p.TestFile    Now processing file /home/runner/work/key/key/key.core/../key.ui/examples/redux/arrays/ArrayCopy.arraycopy.exceptional.1.key 
134048     INFO  main            d.u.i.k.p.i.AbstractProblemLoader Loading environment from /home/runner/work/key/key/key.core/../key.ui/examples/redux/arrays/ArrayCopy.arraycopy.exceptional.1.key 
134048     DEBUG main            d.u.i.k.p.i.AbstractProblemLoader Environment load took 123.01ns 
134051     INFO  main            d.u.i.k.p.i.AbstractProblemLoader Creating init config 
137583     DEBUG main            d.u.i.k.p.i.AbstractProblemLoader Init config took 3.53s 
137624     INFO  main            d.u.i.k.p.i.AbstractProblemLoader Replaying proof ArrayCopy[ArrayCopy::arraycopy(java.lang.Object,int,java.lang.Object,int,int)].JML exceptional_behavior operation contract.1 
137625     DEBUG main            d.u.i.k.p.i.IntermediateProofReplayer Proof replay took 6.5ns 
145087     INFO  main            d.u.i.k.p.r.p.TestFile    ... finished proof: closed. 
145377     INFO  main            d.u.i.k.p.i.AbstractProblemLoader Loading environment from /home/runner/work/key/key/key.core/../key.ui/examples/redux/arrays/ArrayCopy.arraycopy.exceptional.1.key.proof 
145378     DEBUG main            d.u.i.k.p.i.AbstractProblemLoader Environment load took 409.23ns 
145380     INFO  main            d.u.i.k.p.i.AbstractProblemLoader Creating init config 
148737     DEBUG main            d.u.i.k.p.i.AbstractProblemLoader Init config took 3.36s 
148777     INFO  main            d.u.i.k.p.i.AbstractProblemLoader Replaying proof ArrayCopy[ArrayCopy::arraycopy(java.lang.Object,int,java.lang.Object,int,int)].JML exceptional_behavior operation contract.1 
150721     DEBUG main            d.u.i.k.p.i.IntermediateProofReplayer Proof replay took 1.92s 
150728     DEBUG main            d.u.i.k.p.r.p.TestFile    ... success: reloaded. 
6374814    INFO  Test worker     d.u.i.k.p.r.RunAllProofsTestUnit Returning from test redux 
]]></system-out>
  <system-err><![CDATA[]]></system-err>
</testsuite>
