<?xml version="1.0" encoding="UTF-8"?>
<testsuite name="de.uka.ilkd.key.java.visitor.TestDeclarationProgramVariableCollector" tests="1" skipped="0" failures="0" errors="0" timestamp="2023-03-22T15:58:07" hostname="fv-az576-191" time="0.006">
  <properties/>
  <testcase name="testVisitor()" classname="de.uka.ilkd.key.java.visitor.TestDeclarationProgramVariableCollector" time="0.006"/>
  <system-out><![CDATA[]]></system-out>
  <system-err><![CDATA[]]></system-err>
</testsuite>
