<?xml version="1.0" encoding="UTF-8"?>
<testsuite name="de.uka.ilkd.key.parser.TestTermParser" tests="47" skipped="4" failures="0" errors="0" timestamp="2023-04-17T13:07:55" hostname="fv-az931-993" time="3.278">
  <properties/>
  <testcase name="testNotEqual()" classname="de.uka.ilkd.key.parser.TestTermParser" time="0.003"/>
  <testcase name="testProgramVariables()" classname="de.uka.ilkd.key.parser.TestTermParser" time="0.08"/>
  <testcase name="testAttributeWithSpecifiedSortOnObject()" classname="de.uka.ilkd.key.parser.TestTermParser" time="0.006"/>
  <testcase name="testCast()" classname="de.uka.ilkd.key.parser.TestTermParser" time="0.003"/>
  <testcase name="testJavaQueryAndAttribute_all()" classname="de.uka.ilkd.key.parser.TestTermParser" time="0.0">
    <skipped/>
  </testcase>
  <testcase name="test10()" classname="de.uka.ilkd.key.parser.TestTermParser" time="0.003"/>
  <testcase name="test11()" classname="de.uka.ilkd.key.parser.TestTermParser" time="0.003"/>
  <testcase name="test12()" classname="de.uka.ilkd.key.parser.TestTermParser" time="0.0">
    <skipped/>
  </testcase>
  <testcase name="test13()" classname="de.uka.ilkd.key.parser.TestTermParser" time="0.007"/>
  <testcase name="test14()" classname="de.uka.ilkd.key.parser.TestTermParser" time="0.006"/>
  <testcase name="test1a()" classname="de.uka.ilkd.key.parser.TestTermParser" time="0.003"/>
  <testcase name="testJavaAttributeAccess_4()" classname="de.uka.ilkd.key.parser.TestTermParser" time="0.004"/>
  <testcase name="testAttributeOnObject()" classname="de.uka.ilkd.key.parser.TestTermParser" time="0.004"/>
  <testcase name="testNegativeLiteralParsing1()" classname="de.uka.ilkd.key.parser.TestTermParser" time="0.002"/>
  <testcase name="testNegativeLiteralParsing2()" classname="de.uka.ilkd.key.parser.TestTermParser" time="0.003"/>
  <testcase name="testNegativeLiteralParsing3()" classname="de.uka.ilkd.key.parser.TestTermParser" time="0.002"/>
  <testcase name="xtestParsingArrayWithSpaces()" classname="de.uka.ilkd.key.parser.TestTermParser" time="0.0">
    <skipped/>
  </testcase>
  <testcase name="testAmbigiousFuncVarPred()" classname="de.uka.ilkd.key.parser.TestTermParser" time="0.001"/>
  <testcase name="test1()" classname="de.uka.ilkd.key.parser.TestTermParser" time="0.003"/>
  <testcase name="test2()" classname="de.uka.ilkd.key.parser.TestTermParser" time="0.002"/>
  <testcase name="test3()" classname="de.uka.ilkd.key.parser.TestTermParser" time="0.002"/>
  <testcase name="test5()" classname="de.uka.ilkd.key.parser.TestTermParser" time="0.003"/>
  <testcase name="test6()" classname="de.uka.ilkd.key.parser.TestTermParser" time="0.002"/>
  <testcase name="test7()" classname="de.uka.ilkd.key.parser.TestTermParser" time="0.002"/>
  <testcase name="test8()" classname="de.uka.ilkd.key.parser.TestTermParser" time="0.002"/>
  <testcase name="test9()" classname="de.uka.ilkd.key.parser.TestTermParser" time="0.002"/>
  <testcase name="testBindingUpdateTerm()" classname="de.uka.ilkd.key.parser.TestTermParser" time="0.006"/>
  <testcase name="testJavaStaticQuery()" classname="de.uka.ilkd.key.parser.TestTermParser" time="0.004"/>
  <testcase name="testInfix1()" classname="de.uka.ilkd.key.parser.TestTermParser" time="0.003"/>
  <testcase name="testInfix2()" classname="de.uka.ilkd.key.parser.TestTermParser" time="0.003"/>
  <testcase name="testInfix3()" classname="de.uka.ilkd.key.parser.TestTermParser" time="0.003"/>
  <testcase name="testInfix4()" classname="de.uka.ilkd.key.parser.TestTermParser" time="0.002"/>
  <testcase name="testIfThenElse()" classname="de.uka.ilkd.key.parser.TestTermParser" time="0.003"/>
  <testcase name="testJavaAttributeAccessBoth_1()" classname="de.uka.ilkd.key.parser.TestTermParser" time="0.004"/>
  <testcase name="testJavaAttributeAccessBoth_2()" classname="de.uka.ilkd.key.parser.TestTermParser" time="0.004"/>
  <testcase name="testJavaAttributeAccessBoth_3()" classname="de.uka.ilkd.key.parser.TestTermParser" time="0.004"/>
  <testcase name="testBindingUpdateTerm_1()" classname="de.uka.ilkd.key.parser.TestTermParser" time="0.003"/>
  <testcase name="testBindingUpdateTerm_3()" classname="de.uka.ilkd.key.parser.TestTermParser" time="0.004"/>
  <testcase name="testBindingUpdateTerm_4()" classname="de.uka.ilkd.key.parser.TestTermParser" time="0.003"/>
  <testcase name="testBindingUpdateTerm_5()" classname="de.uka.ilkd.key.parser.TestTermParser" time="0.003"/>
  <testcase name="testBindingUpdateTerm_6()" classname="de.uka.ilkd.key.parser.TestTermParser" time="0.003"/>
  <testcase name="testBindingUpdateTerm_7()" classname="de.uka.ilkd.key.parser.TestTermParser" time="0.002"/>
  <testcase name="testBindingUpdateTerm_8()" classname="de.uka.ilkd.key.parser.TestTermParser" time="0.003"/>
  <testcase name="testParsingArray()" classname="de.uka.ilkd.key.parser.TestTermParser" time="0.005"/>
  <testcase name="xtestBindingUpdateTermOldBindingAlternative()" classname="de.uka.ilkd.key.parser.TestTermParser" time="0.0">
    <skipped/>
  </testcase>
  <testcase name="testJavaStaticQueryWithParameter()" classname="de.uka.ilkd.key.parser.TestTermParser" time="0.042"/>
  <testcase name="testParsingArrayCombination()" classname="de.uka.ilkd.key.parser.TestTermParser" time="0.004"/>
  <system-out><![CDATA[334881     INFO  Test worker     d.u.i.k.n.KeyIO           Parsing took 0 ms 
334881     INFO  Test worker     d.u.i.k.n.KeyIO           MODE: declarations took 0 ms 
334881     WARN  Test worker     d.u.i.k.j.r.KeYCrossReferenceNameInfo Datatype T declared twice: Once in UNKNOWN:unknown and once in UNKNOWN:unknown, Keeping one from UNKNOWN:unknown 
334959     INFO  Test worker     d.u.i.k.n.KeyIO           Parsing took 0 ms 
334959     INFO  Test worker     d.u.i.k.n.KeyIO           MODE: declarations took 0 ms 
335038     WARN  Test worker     d.u.i.k.j.r.KeYCrossReferenceNameInfo Datatype T declared twice: Once in UNKNOWN:unknown and once in UNKNOWN:unknown, Keeping one from UNKNOWN:unknown 
335101     INFO  Test worker     d.u.i.k.n.KeyIO           Parsing took 0 ms 
335101     INFO  Test worker     d.u.i.k.n.KeyIO           MODE: declarations took 0 ms 
335116     WARN  Test worker     d.u.i.k.j.r.KeYCrossReferenceNameInfo Datatype T declared twice: Once in UNKNOWN:unknown and once in UNKNOWN:unknown, Keeping one from UNKNOWN:unknown 
335163     INFO  Test worker     d.u.i.k.n.KeyIO           Parsing took 0 ms 
335163     INFO  Test worker     d.u.i.k.n.KeyIO           MODE: declarations took 0 ms 
335179     WARN  Test worker     d.u.i.k.j.r.KeYCrossReferenceNameInfo Datatype T declared twice: Once in UNKNOWN:unknown and once in UNKNOWN:unknown, Keeping one from UNKNOWN:unknown 
335242     WARN  Test worker     d.u.i.k.j.r.KeYCrossReferenceNameInfo Datatype T declared twice: Once in UNKNOWN:unknown and once in UNKNOWN:unknown, Keeping one from UNKNOWN:unknown 
335305     INFO  Test worker     d.u.i.k.n.KeyIO           Parsing took 0 ms 
335305     INFO  Test worker     d.u.i.k.n.KeyIO           MODE: declarations took 0 ms 
335305     INFO  Test worker     d.u.i.k.p.TestTermParser  Out: \<{
  int x = 1;
  {
    int s = 2;
  }
}\> (equals(x,x)) 
335305     WARN  Test worker     d.u.i.k.j.r.KeYCrossReferenceNameInfo Datatype T declared twice: Once in UNKNOWN:unknown and once in UNKNOWN:unknown, Keeping one from UNKNOWN:unknown 
335415     INFO  Test worker     d.u.i.k.n.KeyIO           Parsing took 0 ms 
335415     INFO  Test worker     d.u.i.k.n.KeyIO           MODE: declarations took 0 ms 
335431     INFO  Test worker     d.u.i.k.p.TestTermParser  Out: \[{
  int x = 2;
  {
    String s = ""}";
  }
}\] (true) 
335431     WARN  Test worker     d.u.i.k.j.r.KeYCrossReferenceNameInfo Datatype T declared twice: Once in UNKNOWN:unknown and once in UNKNOWN:unknown, Keeping one from UNKNOWN:unknown 
335482     WARN  Test worker     d.u.i.k.j.r.KeYCrossReferenceNameInfo Datatype T declared twice: Once in UNKNOWN:unknown and once in UNKNOWN:unknown, Keeping one from UNKNOWN:unknown 
335560     INFO  Test worker     d.u.i.k.n.KeyIO           Parsing took 0 ms 
335560     INFO  Test worker     d.u.i.k.n.KeyIO           MODE: declarations took 0 ms 
335560     WARN  Test worker     d.u.i.k.j.r.KeYCrossReferenceNameInfo Datatype T declared twice: Once in UNKNOWN:unknown and once in UNKNOWN:unknown, Keeping one from UNKNOWN:unknown 
335624     INFO  Test worker     d.u.i.k.n.KeyIO           Parsing took 0 ms 
335624     INFO  Test worker     d.u.i.k.n.KeyIO           MODE: declarations took 0 ms 
335640     INFO  Test worker     d.u.i.k.p.TestTermParser  Out: \<{
  int[] i;
}\> (diamond(true)) 
335640     WARN  Test worker     d.u.i.k.j.r.KeYCrossReferenceNameInfo Datatype T declared twice: Once in UNKNOWN:unknown and once in UNKNOWN:unknown, Keeping one from UNKNOWN:unknown 
335692     INFO  Test worker     d.u.i.k.n.KeyIO           Parsing took 0 ms 
335692     INFO  Test worker     d.u.i.k.n.KeyIO           MODE: declarations took 0 ms 
335707     WARN  Test worker     d.u.i.k.j.r.KeYCrossReferenceNameInfo Datatype T declared twice: Once in UNKNOWN:unknown and once in UNKNOWN:unknown, Keeping one from UNKNOWN:unknown 
335770     INFO  Test worker     d.u.i.k.n.KeyIO           Parsing took 0 ms 
335770     INFO  Test worker     d.u.i.k.n.KeyIO           MODE: declarations took 0 ms 
335770     WARN  Test worker     d.u.i.k.j.r.KeYCrossReferenceNameInfo Datatype T declared twice: Once in UNKNOWN:unknown and once in UNKNOWN:unknown, Keeping one from UNKNOWN:unknown 
335832     INFO  Test worker     d.u.i.k.n.KeyIO           Parsing took 0 ms 
335832     INFO  Test worker     d.u.i.k.n.KeyIO           MODE: declarations took 0 ms 
335832     WARN  Test worker     d.u.i.k.j.r.KeYCrossReferenceNameInfo Datatype T declared twice: Once in UNKNOWN:unknown and once in UNKNOWN:unknown, Keeping one from UNKNOWN:unknown 
335911     INFO  Test worker     d.u.i.k.n.KeyIO           Parsing took 0 ms 
335911     INFO  Test worker     d.u.i.k.n.KeyIO           MODE: declarations took 0 ms 
335911     WARN  Test worker     d.u.i.k.j.r.KeYCrossReferenceNameInfo Datatype T declared twice: Once in UNKNOWN:unknown and once in UNKNOWN:unknown, Keeping one from UNKNOWN:unknown 
335973     INFO  Test worker     d.u.i.k.n.KeyIO           Parsing took 0 ms 
335973     INFO  Test worker     d.u.i.k.n.KeyIO           MODE: declarations took 0 ms 
335973     WARN  Test worker     d.u.i.k.j.r.KeYCrossReferenceNameInfo Datatype T declared twice: Once in UNKNOWN:unknown and once in UNKNOWN:unknown, Keeping one from UNKNOWN:unknown 
336036     INFO  Test worker     d.u.i.k.n.KeyIO           Parsing took 0 ms 
336036     INFO  Test worker     d.u.i.k.n.KeyIO           MODE: declarations took 0 ms 
336036     WARN  Test worker     d.u.i.k.j.r.KeYCrossReferenceNameInfo Datatype T declared twice: Once in UNKNOWN:unknown and once in UNKNOWN:unknown, Keeping one from UNKNOWN:unknown 
336108     WARN  Test worker     d.u.i.k.j.r.KeYCrossReferenceNameInfo Datatype T declared twice: Once in UNKNOWN:unknown and once in UNKNOWN:unknown, Keeping one from UNKNOWN:unknown 
336171     INFO  Test worker     d.u.i.k.n.KeyIO           Parsing took 0 ms 
336171     INFO  Test worker     d.u.i.k.n.KeyIO           MODE: declarations took 0 ms 
336171     WARN  Test worker     d.u.i.k.j.r.KeYCrossReferenceNameInfo Datatype T declared twice: Once in UNKNOWN:unknown and once in UNKNOWN:unknown, Keeping one from UNKNOWN:unknown 
336233     INFO  Test worker     d.u.i.k.n.KeyIO           Parsing took 0 ms 
336233     INFO  Test worker     d.u.i.k.n.KeyIO           MODE: declarations took 0 ms 
336233     WARN  Test worker     d.u.i.k.j.r.KeYCrossReferenceNameInfo Datatype T declared twice: Once in UNKNOWN:unknown and once in UNKNOWN:unknown, Keeping one from UNKNOWN:unknown 
336296     INFO  Test worker     d.u.i.k.n.KeyIO           Parsing took 0 ms 
336296     INFO  Test worker     d.u.i.k.n.KeyIO           MODE: declarations took 0 ms 
336312     WARN  Test worker     d.u.i.k.j.r.KeYCrossReferenceNameInfo Datatype T declared twice: Once in UNKNOWN:unknown and once in UNKNOWN:unknown, Keeping one from UNKNOWN:unknown 
336374     INFO  Test worker     d.u.i.k.n.KeyIO           Parsing took 0 ms 
336374     INFO  Test worker     d.u.i.k.n.KeyIO           MODE: declarations took 0 ms 
336374     WARN  Test worker     d.u.i.k.j.r.KeYCrossReferenceNameInfo Datatype T declared twice: Once in UNKNOWN:unknown and once in UNKNOWN:unknown, Keeping one from UNKNOWN:unknown 
336437     INFO  Test worker     d.u.i.k.n.KeyIO           Parsing took 0 ms 
336437     INFO  Test worker     d.u.i.k.n.KeyIO           MODE: declarations took 0 ms 
336437     WARN  Test worker     d.u.i.k.j.r.KeYCrossReferenceNameInfo Datatype T declared twice: Once in UNKNOWN:unknown and once in UNKNOWN:unknown, Keeping one from UNKNOWN:unknown 
336499     INFO  Test worker     d.u.i.k.n.KeyIO           Parsing took 0 ms 
336499     INFO  Test worker     d.u.i.k.n.KeyIO           MODE: declarations took 0 ms 
336499     WARN  Test worker     d.u.i.k.j.r.KeYCrossReferenceNameInfo Datatype T declared twice: Once in UNKNOWN:unknown and once in UNKNOWN:unknown, Keeping one from UNKNOWN:unknown 
336562     INFO  Test worker     d.u.i.k.n.KeyIO           Parsing took 0 ms 
336562     INFO  Test worker     d.u.i.k.n.KeyIO           MODE: declarations took 0 ms 
336562     WARN  Test worker     d.u.i.k.j.r.KeYCrossReferenceNameInfo Datatype T declared twice: Once in UNKNOWN:unknown and once in UNKNOWN:unknown, Keeping one from UNKNOWN:unknown 
336640     INFO  Test worker     d.u.i.k.n.KeyIO           Parsing took 0 ms 
336641     INFO  Test worker     d.u.i.k.n.KeyIO           MODE: declarations took 0 ms 
336643     WARN  Test worker     d.u.i.k.j.r.KeYCrossReferenceNameInfo Datatype T declared twice: Once in UNKNOWN:unknown and once in UNKNOWN:unknown, Keeping one from UNKNOWN:unknown 
336696     INFO  Test worker     d.u.i.k.n.KeyIO           Parsing took 0 ms 
336696     INFO  Test worker     d.u.i.k.n.KeyIO           MODE: declarations took 0 ms 
336696     WARN  Test worker     d.u.i.k.j.r.KeYCrossReferenceNameInfo Datatype T declared twice: Once in UNKNOWN:unknown and once in UNKNOWN:unknown, Keeping one from UNKNOWN:unknown 
336774     INFO  Test worker     d.u.i.k.n.KeyIO           Parsing took 15 ms 
336774     INFO  Test worker     d.u.i.k.n.KeyIO           MODE: declarations took 0 ms 
336774     WARN  Test worker     d.u.i.k.j.r.KeYCrossReferenceNameInfo Datatype T declared twice: Once in UNKNOWN:unknown and once in UNKNOWN:unknown, Keeping one from UNKNOWN:unknown 
336837     INFO  Test worker     d.u.i.k.n.KeyIO           Parsing took 0 ms 
336837     INFO  Test worker     d.u.i.k.n.KeyIO           MODE: declarations took 0 ms 
336837     WARN  Test worker     d.u.i.k.j.r.KeYCrossReferenceNameInfo Datatype T declared twice: Once in UNKNOWN:unknown and once in UNKNOWN:unknown, Keeping one from UNKNOWN:unknown 
336915     INFO  Test worker     d.u.i.k.n.KeyIO           Parsing took 16 ms 
336915     INFO  Test worker     d.u.i.k.n.KeyIO           MODE: declarations took 0 ms 
336915     WARN  Test worker     d.u.i.k.j.r.KeYCrossReferenceNameInfo Datatype T declared twice: Once in UNKNOWN:unknown and once in UNKNOWN:unknown, Keeping one from UNKNOWN:unknown 
336977     INFO  Test worker     d.u.i.k.n.KeyIO           Parsing took 0 ms 
336977     INFO  Test worker     d.u.i.k.n.KeyIO           MODE: declarations took 0 ms 
336977     WARN  Test worker     d.u.i.k.j.r.KeYCrossReferenceNameInfo Datatype T declared twice: Once in UNKNOWN:unknown and once in UNKNOWN:unknown, Keeping one from UNKNOWN:unknown 
337040     INFO  Test worker     d.u.i.k.n.KeyIO           Parsing took 0 ms 
337040     INFO  Test worker     d.u.i.k.n.KeyIO           MODE: declarations took 0 ms 
337040     WARN  Test worker     d.u.i.k.j.r.KeYCrossReferenceNameInfo Datatype T declared twice: Once in UNKNOWN:unknown and once in UNKNOWN:unknown, Keeping one from UNKNOWN:unknown 
337103     INFO  Test worker     d.u.i.k.n.KeyIO           Parsing took 0 ms 
337103     INFO  Test worker     d.u.i.k.n.KeyIO           MODE: declarations took 0 ms 
337103     WARN  Test worker     d.u.i.k.j.r.KeYCrossReferenceNameInfo Datatype T declared twice: Once in UNKNOWN:unknown and once in UNKNOWN:unknown, Keeping one from UNKNOWN:unknown 
337181     INFO  Test worker     d.u.i.k.n.KeyIO           Parsing took 0 ms 
337181     INFO  Test worker     d.u.i.k.n.KeyIO           MODE: declarations took 0 ms 
337181     WARN  Test worker     d.u.i.k.j.r.KeYCrossReferenceNameInfo Datatype T declared twice: Once in UNKNOWN:unknown and once in UNKNOWN:unknown, Keeping one from UNKNOWN:unknown 
337243     INFO  Test worker     d.u.i.k.n.KeyIO           Parsing took 0 ms 
337243     INFO  Test worker     d.u.i.k.n.KeyIO           MODE: declarations took 0 ms 
337243     WARN  Test worker     d.u.i.k.j.r.KeYCrossReferenceNameInfo Datatype T declared twice: Once in UNKNOWN:unknown and once in UNKNOWN:unknown, Keeping one from UNKNOWN:unknown 
337306     INFO  Test worker     d.u.i.k.n.KeyIO           Parsing took 0 ms 
337306     INFO  Test worker     d.u.i.k.n.KeyIO           MODE: declarations took 0 ms 
337306     WARN  Test worker     d.u.i.k.j.r.KeYCrossReferenceNameInfo Datatype T declared twice: Once in UNKNOWN:unknown and once in UNKNOWN:unknown, Keeping one from UNKNOWN:unknown 
337385     INFO  Test worker     d.u.i.k.n.KeyIO           Parsing took 0 ms 
337385     INFO  Test worker     d.u.i.k.n.KeyIO           MODE: declarations took 0 ms 
337385     WARN  Test worker     d.u.i.k.j.r.KeYCrossReferenceNameInfo Datatype T declared twice: Once in UNKNOWN:unknown and once in UNKNOWN:unknown, Keeping one from UNKNOWN:unknown 
337448     INFO  Test worker     d.u.i.k.n.KeyIO           Parsing took 0 ms 
337448     INFO  Test worker     d.u.i.k.n.KeyIO           MODE: declarations took 0 ms 
337448     WARN  Test worker     d.u.i.k.j.r.KeYCrossReferenceNameInfo Datatype T declared twice: Once in UNKNOWN:unknown and once in UNKNOWN:unknown, Keeping one from UNKNOWN:unknown 
337511     INFO  Test worker     d.u.i.k.n.KeyIO           Parsing took 0 ms 
337511     INFO  Test worker     d.u.i.k.n.KeyIO           MODE: declarations took 0 ms 
337511     WARN  Test worker     d.u.i.k.j.r.KeYCrossReferenceNameInfo Datatype T declared twice: Once in UNKNOWN:unknown and once in UNKNOWN:unknown, Keeping one from UNKNOWN:unknown 
337573     INFO  Test worker     d.u.i.k.n.KeyIO           Parsing took 0 ms 
337573     INFO  Test worker     d.u.i.k.n.KeyIO           MODE: declarations took 0 ms 
337589     WARN  Test worker     d.u.i.k.j.r.KeYCrossReferenceNameInfo Datatype T declared twice: Once in UNKNOWN:unknown and once in UNKNOWN:unknown, Keeping one from UNKNOWN:unknown 
337651     INFO  Test worker     d.u.i.k.n.KeyIO           Parsing took 0 ms 
337651     INFO  Test worker     d.u.i.k.n.KeyIO           MODE: declarations took 0 ms 
337651     WARN  Test worker     d.u.i.k.j.r.KeYCrossReferenceNameInfo Datatype T declared twice: Once in UNKNOWN:unknown and once in UNKNOWN:unknown, Keeping one from UNKNOWN:unknown 
337714     INFO  Test worker     d.u.i.k.n.KeyIO           Parsing took 0 ms 
337714     INFO  Test worker     d.u.i.k.n.KeyIO           MODE: declarations took 0 ms 
337714     WARN  Test worker     d.u.i.k.j.r.KeYCrossReferenceNameInfo Datatype T declared twice: Once in UNKNOWN:unknown and once in UNKNOWN:unknown, Keeping one from UNKNOWN:unknown 
337784     INFO  Test worker     d.u.i.k.n.KeyIO           Parsing took 0 ms 
337784     INFO  Test worker     d.u.i.k.n.KeyIO           MODE: declarations took 0 ms 
337784     WARN  Test worker     d.u.i.k.j.r.KeYCrossReferenceNameInfo Datatype T declared twice: Once in UNKNOWN:unknown and once in UNKNOWN:unknown, Keeping one from UNKNOWN:unknown 
337847     INFO  Test worker     d.u.i.k.n.KeyIO           Parsing took 0 ms 
337847     INFO  Test worker     d.u.i.k.n.KeyIO           MODE: declarations took 0 ms 
337847     WARN  Test worker     d.u.i.k.j.r.KeYCrossReferenceNameInfo Datatype T declared twice: Once in UNKNOWN:unknown and once in UNKNOWN:unknown, Keeping one from UNKNOWN:unknown 
337915     INFO  Test worker     d.u.i.k.n.KeyIO           Parsing took 0 ms 
337915     INFO  Test worker     d.u.i.k.n.KeyIO           MODE: declarations took 0 ms 
337915     WARN  Test worker     d.u.i.k.j.r.KeYCrossReferenceNameInfo Datatype T declared twice: Once in UNKNOWN:unknown and once in UNKNOWN:unknown, Keeping one from UNKNOWN:unknown 
337993     WARN  Test worker     d.u.i.k.j.r.KeYCrossReferenceNameInfo Datatype T declared twice: Once in UNKNOWN:unknown and once in UNKNOWN:unknown, Keeping one from UNKNOWN:unknown 
338055     INFO  Test worker     d.u.i.k.n.KeyIO           Parsing took 0 ms 
338055     INFO  Test worker     d.u.i.k.n.KeyIO           MODE: declarations took 0 ms 
338087     WARN  Test worker     d.u.i.k.j.r.KeYCrossReferenceNameInfo Datatype T declared twice: Once in UNKNOWN:unknown and once in UNKNOWN:unknown, Keeping one from UNKNOWN:unknown 
338165     INFO  Test worker     d.u.i.k.n.KeyIO           Parsing took 0 ms 
338165     INFO  Test worker     d.u.i.k.n.KeyIO           MODE: declarations took 0 ms 
]]></system-out>
  <system-err><![CDATA[]]></system-err>
</testsuite>
