<?xml version="1.0" encoding="UTF-8"?>
<testsuite name="de.uka.ilkd.key.rule.TestCollisionResolving" tests="7" skipped="0" failures="0" errors="0" timestamp="2023-04-17T13:10:16" hostname="fv-az931-993" time="0.057">
  <properties/>
  <testcase name="testVarNamespaceCreationWithPrefix()" classname="de.uka.ilkd.key.rule.TestCollisionResolving" time="0.009"/>
  <testcase name="testNameConflictAfterInput()" classname="de.uka.ilkd.key.rule.TestCollisionResolving" time="0.006"/>
  <testcase name="testNameConflict1()" classname="de.uka.ilkd.key.rule.TestCollisionResolving" time="0.006"/>
  <testcase name="testVarNamespaceCreationWithContext()" classname="de.uka.ilkd.key.rule.TestCollisionResolving" time="0.004"/>
  <testcase name="testCollisionResolvingOfSchemaVariable()" classname="de.uka.ilkd.key.rule.TestCollisionResolving" time="0.004"/>
  <testcase name="testNameConflictWithContextAfterInput()" classname="de.uka.ilkd.key.rule.TestCollisionResolving" time="0.023"/>
  <testcase name="testCollisionResolvingWithContext()" classname="de.uka.ilkd.key.rule.TestCollisionResolving" time="0.004"/>
  <system-out><![CDATA[]]></system-out>
  <system-err><![CDATA[]]></system-err>
</testsuite>
