<?xml version="1.0" encoding="UTF-8"?>
<testsuite name="de.uka.ilkd.key.parser.TestDeclParser" tests="14" skipped="2" failures="0" errors="0" timestamp="2023-04-17T13:06:27" hostname="fv-az931-993" time="10.828">
  <properties/>
  <testcase name="testGenericSortDecl1()" classname="de.uka.ilkd.key.parser.TestDeclParser" time="1.029"/>
  <testcase name="testGenericSortDecl2()" classname="de.uka.ilkd.key.parser.TestDeclParser" time="0.909"/>
  <testcase name="testGenericSortDecl3()" classname="de.uka.ilkd.key.parser.TestDeclParser" time="0.903"/>
  <testcase name="testGenericSortDecl4()" classname="de.uka.ilkd.key.parser.TestDeclParser" time="0.893"/>
  <testcase name="testGenericSortDecl5()" classname="de.uka.ilkd.key.parser.TestDeclParser" time="0.0">
    <skipped/>
  </testcase>
  <testcase name="testGenericSortDecl6()" classname="de.uka.ilkd.key.parser.TestDeclParser" time="0.837"/>
  <testcase name="testSortDecl()" classname="de.uka.ilkd.key.parser.TestDeclParser" time="0.918"/>
  <testcase name="testProxySortDecl()" classname="de.uka.ilkd.key.parser.TestDeclParser" time="0.891"/>
  <testcase name="testArrayDecl()" classname="de.uka.ilkd.key.parser.TestDeclParser" time="0.905"/>
  <testcase name="testAmbiguousDecls()" classname="de.uka.ilkd.key.parser.TestDeclParser" time="0.0">
    <skipped/>
  </testcase>
  <testcase name="testHeurDecl()" classname="de.uka.ilkd.key.parser.TestDeclParser" time="0.833"/>
  <testcase name="testFunctionDecl()" classname="de.uka.ilkd.key.parser.TestDeclParser" time="0.927"/>
  <testcase name="testPredicateDecl()" classname="de.uka.ilkd.key.parser.TestDeclParser" time="0.888"/>
  <testcase name="testSVDecl()" classname="de.uka.ilkd.key.parser.TestDeclParser" time="0.89"/>
  <system-out><![CDATA[247903     INFO  Test worker     d.u.i.k.n.KeyIO           Parsing took 0 ms 
247903     INFO  Test worker     d.u.i.k.n.KeyIO           MODE: declarations took 0 ms 
248817     INFO  Test worker     d.u.i.k.n.KeyIO           Parsing took 0 ms 
248817     INFO  Test worker     d.u.i.k.n.KeyIO           MODE: declarations took 0 ms 
249728     INFO  Test worker     d.u.i.k.n.KeyIO           Parsing took 0 ms 
249728     INFO  Test worker     d.u.i.k.n.KeyIO           MODE: declarations took 0 ms 
250622     INFO  Test worker     d.u.i.k.n.KeyIO           Parsing took 0 ms 
250622     INFO  Test worker     d.u.i.k.n.KeyIO           MODE: declarations took 0 ms 
251467     INFO  Test worker     d.u.i.k.n.KeyIO           Parsing took 0 ms 
251467     INFO  Test worker     d.u.i.k.n.KeyIO           MODE: declarations took 0 ms 
252371     INFO  Test worker     d.u.i.k.n.KeyIO           Parsing took 0 ms 
252371     INFO  Test worker     d.u.i.k.n.KeyIO           MODE: declarations took 0 ms 
253259     INFO  Test worker     d.u.i.k.n.KeyIO           Parsing took 0 ms 
253259     INFO  Test worker     d.u.i.k.n.KeyIO           MODE: declarations took 0 ms 
254173     INFO  Test worker     d.u.i.k.n.KeyIO           Parsing took 0 ms 
254173     INFO  Test worker     d.u.i.k.n.KeyIO           MODE: declarations took 0 ms 
255002     INFO  Test worker     d.u.i.k.n.KeyIO           Parsing took 0 ms 
255002     INFO  Test worker     d.u.i.k.n.KeyIO           MODE: declarations took 0 ms 
255912     INFO  Test worker     d.u.i.k.n.KeyIO           Parsing took 0 ms 
255912     INFO  Test worker     d.u.i.k.n.KeyIO           MODE: declarations took 0 ms 
256815     INFO  Test worker     d.u.i.k.n.KeyIO           Parsing took 0 ms 
256815     INFO  Test worker     d.u.i.k.n.KeyIO           MODE: declarations took 0 ms 
257702     INFO  Test worker     d.u.i.k.n.KeyIO           Parsing took 0 ms 
257702     INFO  Test worker     d.u.i.k.n.KeyIO           MODE: declarations took 0 ms 
]]></system-out>
  <system-err><![CDATA[]]></system-err>
</testsuite>
