<?xml version="1.0" encoding="UTF-8"?>
<testsuite name="de.uka.ilkd.key.nparser.ParseLDTsTests" tests="2" skipped="0" failures="0" errors="0" timestamp="2023-04-17T13:06:16" hostname="fv-az931-993" time="0.977">
  <properties/>
  <testcase name="testLDT()" classname="de.uka.ilkd.key.nparser.ParseLDTsTests" time="0.018"/>
  <testcase name="testSR()" classname="de.uka.ilkd.key.nparser.ParseLDTsTests" time="0.958"/>
  <system-out><![CDATA[235926     INFO  Test worker     d.u.i.k.n.KeyIO           Parsing took 0 ms 
235926     INFO  Test worker     d.u.i.k.n.KeyIO           MODE: declarations took 0 ms 
236255     INFO  Test worker     d.u.i.k.n.KeyIO           Parsing took 313 ms 
236255     INFO  Test worker     d.u.i.k.n.KeyIO           MODE: declarations took 0 ms 
]]></system-out>
  <system-err><![CDATA[]]></system-err>
</testsuite>
