<?xml version="1.0" encoding="UTF-8"?>
<testsuite name="de.uka.ilkd.key.parser.TestTermParserHeap" tests="39" skipped="0" failures="0" errors="0" timestamp="2023-04-17T13:08:01" hostname="fv-az931-993" time="107.406">
  <properties/>
  <testcase name="testBracketHeapUpdate()" classname="de.uka.ilkd.key.parser.TestTermParserHeap" time="0.016"/>
  <testcase name="testStore()" classname="de.uka.ilkd.key.parser.TestTermParserHeap" time="0.01"/>
  <testcase name="testUnknownConstant()" classname="de.uka.ilkd.key.parser.TestTermParserHeap" time="0.003"/>
  <testcase name="testAllFieldsSelector()" classname="de.uka.ilkd.key.parser.TestTermParserHeap" time="0.004"/>
  <testcase name="testParsePrettyPrintedSelect()" classname="de.uka.ilkd.key.parser.TestTermParserHeap" time="0.003"/>
  <testcase name="testAccessStaticMembers()" classname="de.uka.ilkd.key.parser.TestTermParserHeap" time="0.012"/>
  <testcase name="testAtOperator_1()" classname="de.uka.ilkd.key.parser.TestTermParserHeap" time="0.001"/>
  <testcase name="testAtOperator_2()" classname="de.uka.ilkd.key.parser.TestTermParserHeap" time="0.002"/>
  <testcase name="testAtOperator_3()" classname="de.uka.ilkd.key.parser.TestTermParserHeap" time="0.006"/>
  <testcase name="testAtOperator_4()" classname="de.uka.ilkd.key.parser.TestTermParserHeap" time="0.01"/>
  <testcase name="testAtOperator_5()" classname="de.uka.ilkd.key.parser.TestTermParserHeap" time="0.003"/>
  <testcase name="testAtOperator_6()" classname="de.uka.ilkd.key.parser.TestTermParserHeap" time="0.003"/>
  <testcase name="testAtOperator_7()" classname="de.uka.ilkd.key.parser.TestTermParserHeap" time="0.009"/>
  <testcase name="testAtOperator_8()" classname="de.uka.ilkd.key.parser.TestTermParserHeap" time="0.003"/>
  <testcase name="testVerifyExceptionIfAtOperatorNotPreceededBySelectTerm()" classname="de.uka.ilkd.key.parser.TestTermParserHeap" time="0.004"/>
  <testcase name="testBugResettingCounter()" classname="de.uka.ilkd.key.parser.TestTermParserHeap" time="0.004"/>
  <testcase name="testLocationSets()" classname="de.uka.ilkd.key.parser.TestTermParserHeap" time="0.002"/>
  <testcase name="testQuantifiedSelect()" classname="de.uka.ilkd.key.parser.TestTermParserHeap" time="0.003"/>
  <testcase name="testGenericObjectProperties()" classname="de.uka.ilkd.key.parser.TestTermParserHeap" time="0.004"/>
  <testcase name="testQueryInheritance_1()" classname="de.uka.ilkd.key.parser.TestTermParserHeap" time="0.003"/>
  <testcase name="testQueryInheritance_2()" classname="de.uka.ilkd.key.parser.TestTermParserHeap" time="0.002"/>
  <testcase name="testQueryInheritance_3()" classname="de.uka.ilkd.key.parser.TestTermParserHeap" time="0.004"/>
  <testcase name="testQueryInheritance_4()" classname="de.uka.ilkd.key.parser.TestTermParserHeap" time="0.002"/>
  <testcase name="testQueryInheritance_5()" classname="de.uka.ilkd.key.parser.TestTermParserHeap" time="0.001"/>
  <testcase name="testQueryInheritance_6()" classname="de.uka.ilkd.key.parser.TestTermParserHeap" time="0.002"/>
  <testcase name="testQueryInheritance_7()" classname="de.uka.ilkd.key.parser.TestTermParserHeap" time="0.004"/>
  <testcase name="testQueryInheritance_8()" classname="de.uka.ilkd.key.parser.TestTermParserHeap" time="0.003"/>
  <testcase name="testQueryInheritance_9()" classname="de.uka.ilkd.key.parser.TestTermParserHeap" time="0.002"/>
  <testcase name="testQueryBasic_10()" classname="de.uka.ilkd.key.parser.TestTermParserHeap" time="0.002"/>
  <testcase name="testQueryBasic_11()" classname="de.uka.ilkd.key.parser.TestTermParserHeap" time="0.004"/>
  <testcase name="testQueryBasic_1()" classname="de.uka.ilkd.key.parser.TestTermParserHeap" time="0.002"/>
  <testcase name="testQueryBasic_2()" classname="de.uka.ilkd.key.parser.TestTermParserHeap" time="0.001"/>
  <testcase name="testQueryBasic_3()" classname="de.uka.ilkd.key.parser.TestTermParserHeap" time="0.006"/>
  <testcase name="testQueryBasic_4()" classname="de.uka.ilkd.key.parser.TestTermParserHeap" time="0.004"/>
  <testcase name="testQueryBasic_5()" classname="de.uka.ilkd.key.parser.TestTermParserHeap" time="0.002"/>
  <testcase name="testQueryBasic_6()" classname="de.uka.ilkd.key.parser.TestTermParserHeap" time="0.002"/>
  <testcase name="testQueryBasic_7()" classname="de.uka.ilkd.key.parser.TestTermParserHeap" time="0.003"/>
  <testcase name="testQueryBasic_8()" classname="de.uka.ilkd.key.parser.TestTermParserHeap" time="0.003"/>
  <testcase name="testQueryBasic_9()" classname="de.uka.ilkd.key.parser.TestTermParserHeap" time="0.002"/>
  <system-out><![CDATA[341207     INFO  Test worker     d.u.i.k.n.KeyIO           Parsing took 0 ms 
341207     INFO  Test worker     d.u.i.k.n.KeyIO           MODE: declarations took 0 ms 
341207     INFO  Test worker     d.u.i.k.n.KeyIO           Parsing took 0 ms 
341207     INFO  Test worker     d.u.i.k.n.KeyIO           MODE: declarations took 0 ms 
341207     INFO  Test worker     d.u.i.k.n.KeyIO           Parsing took 0 ms 
341207     INFO  Test worker     d.u.i.k.n.KeyIO           MODE: declarations took 0 ms 
341207     INFO  Test worker     d.u.i.k.n.KeyIO           Parsing took 0 ms 
341207     INFO  Test worker     d.u.i.k.n.KeyIO           MODE: declarations took 0 ms 
341207     INFO  Test worker     d.u.i.k.n.KeyIO           Parsing took 0 ms 
341207     INFO  Test worker     d.u.i.k.n.KeyIO           MODE: declarations took 0 ms 
344118     INFO  Test worker     d.u.i.k.n.KeyIO           Parsing took 0 ms 
344118     INFO  Test worker     d.u.i.k.n.KeyIO           MODE: declarations took 0 ms 
344118     INFO  Test worker     d.u.i.k.n.KeyIO           Parsing took 0 ms 
344118     INFO  Test worker     d.u.i.k.n.KeyIO           MODE: declarations took 0 ms 
344118     INFO  Test worker     d.u.i.k.n.KeyIO           Parsing took 0 ms 
344118     INFO  Test worker     d.u.i.k.n.KeyIO           MODE: declarations took 0 ms 
344118     INFO  Test worker     d.u.i.k.n.KeyIO           Parsing took 0 ms 
344118     INFO  Test worker     d.u.i.k.n.KeyIO           MODE: declarations took 0 ms 
344118     INFO  Test worker     d.u.i.k.n.KeyIO           Parsing took 0 ms 
344118     INFO  Test worker     d.u.i.k.n.KeyIO           MODE: declarations took 0 ms 
347001     INFO  Test worker     d.u.i.k.n.KeyIO           Parsing took 0 ms 
347001     INFO  Test worker     d.u.i.k.n.KeyIO           MODE: declarations took 0 ms 
347001     INFO  Test worker     d.u.i.k.n.KeyIO           Parsing took 0 ms 
347001     INFO  Test worker     d.u.i.k.n.KeyIO           MODE: declarations took 0 ms 
347001     INFO  Test worker     d.u.i.k.n.KeyIO           Parsing took 0 ms 
347001     INFO  Test worker     d.u.i.k.n.KeyIO           MODE: declarations took 0 ms 
347001     INFO  Test worker     d.u.i.k.n.KeyIO           Parsing took 0 ms 
347001     INFO  Test worker     d.u.i.k.n.KeyIO           MODE: declarations took 0 ms 
347001     INFO  Test worker     d.u.i.k.n.KeyIO           Parsing took 0 ms 
347001     INFO  Test worker     d.u.i.k.n.KeyIO           MODE: declarations took 0 ms 
347001     INFO  Test worker     d.u.i.k.n.KeyIO           Parsing took 0 ms 
347001     INFO  Test worker     d.u.i.k.n.KeyIO           MODE: declarations took 0 ms 
349862     INFO  Test worker     d.u.i.k.n.KeyIO           Parsing took 0 ms 
349862     INFO  Test worker     d.u.i.k.n.KeyIO           MODE: declarations took 0 ms 
349862     INFO  Test worker     d.u.i.k.n.KeyIO           Parsing took 0 ms 
349862     INFO  Test worker     d.u.i.k.n.KeyIO           MODE: declarations took 0 ms 
349862     INFO  Test worker     d.u.i.k.n.KeyIO           Parsing took 0 ms 
349862     INFO  Test worker     d.u.i.k.n.KeyIO           MODE: declarations took 0 ms 
349862     INFO  Test worker     d.u.i.k.n.KeyIO           Parsing took 0 ms 
349862     INFO  Test worker     d.u.i.k.n.KeyIO           MODE: declarations took 0 ms 
349862     INFO  Test worker     d.u.i.k.n.KeyIO           Parsing took 0 ms 
349862     INFO  Test worker     d.u.i.k.n.KeyIO           MODE: declarations took 0 ms 
352708     INFO  Test worker     d.u.i.k.n.KeyIO           Parsing took 0 ms 
352708     INFO  Test worker     d.u.i.k.n.KeyIO           MODE: declarations took 0 ms 
352708     INFO  Test worker     d.u.i.k.n.KeyIO           Parsing took 0 ms 
352708     INFO  Test worker     d.u.i.k.n.KeyIO           MODE: declarations took 0 ms 
352708     INFO  Test worker     d.u.i.k.n.KeyIO           Parsing took 0 ms 
352708     INFO  Test worker     d.u.i.k.n.KeyIO           MODE: declarations took 0 ms 
352708     INFO  Test worker     d.u.i.k.n.KeyIO           Parsing took 0 ms 
352708     INFO  Test worker     d.u.i.k.n.KeyIO           MODE: declarations took 0 ms 
352708     INFO  Test worker     d.u.i.k.n.KeyIO           Parsing took 0 ms 
352708     INFO  Test worker     d.u.i.k.n.KeyIO           MODE: declarations took 0 ms 
355486     INFO  Test worker     d.u.i.k.n.KeyIO           Parsing took 0 ms 
355486     INFO  Test worker     d.u.i.k.n.KeyIO           MODE: declarations took 0 ms 
355486     INFO  Test worker     d.u.i.k.n.KeyIO           Parsing took 0 ms 
355486     INFO  Test worker     d.u.i.k.n.KeyIO           MODE: declarations took 0 ms 
355486     INFO  Test worker     d.u.i.k.n.KeyIO           Parsing took 0 ms 
355486     INFO  Test worker     d.u.i.k.n.KeyIO           MODE: declarations took 0 ms 
355486     INFO  Test worker     d.u.i.k.n.KeyIO           Parsing took 0 ms 
355486     INFO  Test worker     d.u.i.k.n.KeyIO           MODE: declarations took 0 ms 
355486     INFO  Test worker     d.u.i.k.n.KeyIO           Parsing took 0 ms 
355486     INFO  Test worker     d.u.i.k.n.KeyIO           MODE: declarations took 0 ms 
358481     INFO  Test worker     d.u.i.k.n.KeyIO           Parsing took 0 ms 
358481     INFO  Test worker     d.u.i.k.n.KeyIO           MODE: declarations took 0 ms 
358481     INFO  Test worker     d.u.i.k.n.KeyIO           Parsing took 0 ms 
358481     INFO  Test worker     d.u.i.k.n.KeyIO           MODE: declarations took 0 ms 
358481     INFO  Test worker     d.u.i.k.n.KeyIO           Parsing took 0 ms 
358481     INFO  Test worker     d.u.i.k.n.KeyIO           MODE: declarations took 0 ms 
358481     INFO  Test worker     d.u.i.k.n.KeyIO           Parsing took 0 ms 
358481     INFO  Test worker     d.u.i.k.n.KeyIO           MODE: declarations took 0 ms 
358481     INFO  Test worker     d.u.i.k.n.KeyIO           Parsing took 0 ms 
358481     INFO  Test worker     d.u.i.k.n.KeyIO           MODE: declarations took 0 ms 
361404     INFO  Test worker     d.u.i.k.n.KeyIO           Parsing took 0 ms 
361404     INFO  Test worker     d.u.i.k.n.KeyIO           MODE: declarations took 0 ms 
361404     INFO  Test worker     d.u.i.k.n.KeyIO           Parsing took 0 ms 
361404     INFO  Test worker     d.u.i.k.n.KeyIO           MODE: declarations took 0 ms 
361420     INFO  Test worker     d.u.i.k.n.KeyIO           Parsing took 0 ms 
361420     INFO  Test worker     d.u.i.k.n.KeyIO           MODE: declarations took 0 ms 
361420     INFO  Test worker     d.u.i.k.n.KeyIO           Parsing took 0 ms 
361420     INFO  Test worker     d.u.i.k.n.KeyIO           MODE: declarations took 0 ms 
361420     INFO  Test worker     d.u.i.k.n.KeyIO           Parsing took 0 ms 
361420     INFO  Test worker     d.u.i.k.n.KeyIO           MODE: declarations took 0 ms 
364259     INFO  Test worker     d.u.i.k.n.KeyIO           Parsing took 0 ms 
364259     INFO  Test worker     d.u.i.k.n.KeyIO           MODE: declarations took 0 ms 
364259     INFO  Test worker     d.u.i.k.n.KeyIO           Parsing took 0 ms 
364259     INFO  Test worker     d.u.i.k.n.KeyIO           MODE: declarations took 0 ms 
364259     INFO  Test worker     d.u.i.k.n.KeyIO           Parsing took 0 ms 
364259     INFO  Test worker     d.u.i.k.n.KeyIO           MODE: declarations took 0 ms 
364259     INFO  Test worker     d.u.i.k.n.KeyIO           Parsing took 0 ms 
364259     INFO  Test worker     d.u.i.k.n.KeyIO           MODE: declarations took 0 ms 
364259     INFO  Test worker     d.u.i.k.n.KeyIO           Parsing took 0 ms 
364259     INFO  Test worker     d.u.i.k.n.KeyIO           MODE: declarations took 0 ms 
367006     INFO  Test worker     d.u.i.k.n.KeyIO           Parsing took 0 ms 
367006     INFO  Test worker     d.u.i.k.n.KeyIO           MODE: declarations took 0 ms 
367006     INFO  Test worker     d.u.i.k.n.KeyIO           Parsing took 0 ms 
367006     INFO  Test worker     d.u.i.k.n.KeyIO           MODE: declarations took 0 ms 
367006     INFO  Test worker     d.u.i.k.n.KeyIO           Parsing took 0 ms 
367006     INFO  Test worker     d.u.i.k.n.KeyIO           MODE: declarations took 0 ms 
367006     INFO  Test worker     d.u.i.k.n.KeyIO           Parsing took 0 ms 
367006     INFO  Test worker     d.u.i.k.n.KeyIO           MODE: declarations took 0 ms 
367006     INFO  Test worker     d.u.i.k.n.KeyIO           Parsing took 0 ms 
367006     INFO  Test worker     d.u.i.k.n.KeyIO           MODE: declarations took 0 ms 
369879     INFO  Test worker     d.u.i.k.n.KeyIO           Parsing took 0 ms 
369879     INFO  Test worker     d.u.i.k.n.KeyIO           MODE: declarations took 0 ms 
369879     INFO  Test worker     d.u.i.k.n.KeyIO           Parsing took 0 ms 
369879     INFO  Test worker     d.u.i.k.n.KeyIO           MODE: declarations took 0 ms 
369879     INFO  Test worker     d.u.i.k.n.KeyIO           Parsing took 0 ms 
369879     INFO  Test worker     d.u.i.k.n.KeyIO           MODE: declarations took 0 ms 
369879     INFO  Test worker     d.u.i.k.n.KeyIO           Parsing took 0 ms 
369879     INFO  Test worker     d.u.i.k.n.KeyIO           MODE: declarations took 0 ms 
369879     INFO  Test worker     d.u.i.k.n.KeyIO           Parsing took 0 ms 
369879     INFO  Test worker     d.u.i.k.n.KeyIO           MODE: declarations took 0 ms 
372701     INFO  Test worker     d.u.i.k.n.KeyIO           Parsing took 0 ms 
372701     INFO  Test worker     d.u.i.k.n.KeyIO           MODE: declarations took 0 ms 
372701     INFO  Test worker     d.u.i.k.n.KeyIO           Parsing took 0 ms 
372701     INFO  Test worker     d.u.i.k.n.KeyIO           MODE: declarations took 0 ms 
372716     INFO  Test worker     d.u.i.k.n.KeyIO           Parsing took 0 ms 
372716     INFO  Test worker     d.u.i.k.n.KeyIO           MODE: declarations took 0 ms 
372716     INFO  Test worker     d.u.i.k.n.KeyIO           Parsing took 0 ms 
372716     INFO  Test worker     d.u.i.k.n.KeyIO           MODE: declarations took 0 ms 
372716     INFO  Test worker     d.u.i.k.n.KeyIO           Parsing took 0 ms 
372716     INFO  Test worker     d.u.i.k.n.KeyIO           MODE: declarations took 0 ms 
375493     INFO  Test worker     d.u.i.k.n.KeyIO           Parsing took 0 ms 
375493     INFO  Test worker     d.u.i.k.n.KeyIO           MODE: declarations took 0 ms 
375493     INFO  Test worker     d.u.i.k.n.KeyIO           Parsing took 0 ms 
375493     INFO  Test worker     d.u.i.k.n.KeyIO           MODE: declarations took 0 ms 
375493     INFO  Test worker     d.u.i.k.n.KeyIO           Parsing took 0 ms 
375493     INFO  Test worker     d.u.i.k.n.KeyIO           MODE: declarations took 0 ms 
375508     INFO  Test worker     d.u.i.k.n.KeyIO           Parsing took 0 ms 
375508     INFO  Test worker     d.u.i.k.n.KeyIO           MODE: declarations took 0 ms 
375508     INFO  Test worker     d.u.i.k.n.KeyIO           Parsing took 0 ms 
375508     INFO  Test worker     d.u.i.k.n.KeyIO           MODE: declarations took 0 ms 
378272     INFO  Test worker     d.u.i.k.n.KeyIO           Parsing took 0 ms 
378272     INFO  Test worker     d.u.i.k.n.KeyIO           MODE: declarations took 0 ms 
378272     INFO  Test worker     d.u.i.k.n.KeyIO           Parsing took 0 ms 
378272     INFO  Test worker     d.u.i.k.n.KeyIO           MODE: declarations took 0 ms 
378272     INFO  Test worker     d.u.i.k.n.KeyIO           Parsing took 0 ms 
378272     INFO  Test worker     d.u.i.k.n.KeyIO           MODE: declarations took 0 ms 
378272     INFO  Test worker     d.u.i.k.n.KeyIO           Parsing took 0 ms 
378272     INFO  Test worker     d.u.i.k.n.KeyIO           MODE: declarations took 0 ms 
378272     INFO  Test worker     d.u.i.k.n.KeyIO           Parsing took 0 ms 
378272     INFO  Test worker     d.u.i.k.n.KeyIO           MODE: declarations took 0 ms 
381079     INFO  Test worker     d.u.i.k.n.KeyIO           Parsing took 0 ms 
381079     INFO  Test worker     d.u.i.k.n.KeyIO           MODE: declarations took 0 ms 
381079     INFO  Test worker     d.u.i.k.n.KeyIO           Parsing took 0 ms 
381079     INFO  Test worker     d.u.i.k.n.KeyIO           MODE: declarations took 0 ms 
381079     INFO  Test worker     d.u.i.k.n.KeyIO           Parsing took 0 ms 
381079     INFO  Test worker     d.u.i.k.n.KeyIO           MODE: declarations took 0 ms 
381079     INFO  Test worker     d.u.i.k.n.KeyIO           Parsing took 0 ms 
381079     INFO  Test worker     d.u.i.k.n.KeyIO           MODE: declarations took 0 ms 
381095     INFO  Test worker     d.u.i.k.n.KeyIO           Parsing took 0 ms 
381095     INFO  Test worker     d.u.i.k.n.KeyIO           MODE: declarations took 0 ms 
381095     WARN  Test worker     d.u.i.k.n.KeYParser       [syntax-error] <unknown>:1:11: mismatched input '@' expecting {'/', ':=', '.', '(', ')', '{', '[', '@', PARALLEL, OR, AND, IMP, '=', NOT_EQUALS, '%', '*', '-', '+', '>', GREATEREQUAL, '<', LESSEQUAL, LGUILLEMETS, EQV} [@11,11:11='@',<153>,1:11] (termEOF) 
383896     INFO  Test worker     d.u.i.k.n.KeyIO           Parsing took 0 ms 
383896     INFO  Test worker     d.u.i.k.n.KeyIO           MODE: declarations took 0 ms 
383896     INFO  Test worker     d.u.i.k.n.KeyIO           Parsing took 0 ms 
383896     INFO  Test worker     d.u.i.k.n.KeyIO           MODE: declarations took 0 ms 
383896     INFO  Test worker     d.u.i.k.n.KeyIO           Parsing took 0 ms 
383896     INFO  Test worker     d.u.i.k.n.KeyIO           MODE: declarations took 0 ms 
383896     INFO  Test worker     d.u.i.k.n.KeyIO           Parsing took 0 ms 
383896     INFO  Test worker     d.u.i.k.n.KeyIO           MODE: declarations took 0 ms 
383896     INFO  Test worker     d.u.i.k.n.KeyIO           Parsing took 0 ms 
383896     INFO  Test worker     d.u.i.k.n.KeyIO           MODE: declarations took 0 ms 
386746     INFO  Test worker     d.u.i.k.n.KeyIO           Parsing took 0 ms 
386746     INFO  Test worker     d.u.i.k.n.KeyIO           MODE: declarations took 0 ms 
386746     INFO  Test worker     d.u.i.k.n.KeyIO           Parsing took 0 ms 
386746     INFO  Test worker     d.u.i.k.n.KeyIO           MODE: declarations took 0 ms 
386746     INFO  Test worker     d.u.i.k.n.KeyIO           Parsing took 0 ms 
386746     INFO  Test worker     d.u.i.k.n.KeyIO           MODE: declarations took 0 ms 
386746     INFO  Test worker     d.u.i.k.n.KeyIO           Parsing took 0 ms 
386746     INFO  Test worker     d.u.i.k.n.KeyIO           MODE: declarations took 0 ms 
386746     INFO  Test worker     d.u.i.k.n.KeyIO           Parsing took 0 ms 
386746     INFO  Test worker     d.u.i.k.n.KeyIO           MODE: declarations took 0 ms 
389534     INFO  Test worker     d.u.i.k.n.KeyIO           Parsing took 0 ms 
389534     INFO  Test worker     d.u.i.k.n.KeyIO           MODE: declarations took 0 ms 
389534     INFO  Test worker     d.u.i.k.n.KeyIO           Parsing took 0 ms 
389534     INFO  Test worker     d.u.i.k.n.KeyIO           MODE: declarations took 0 ms 
389534     INFO  Test worker     d.u.i.k.n.KeyIO           Parsing took 0 ms 
389534     INFO  Test worker     d.u.i.k.n.KeyIO           MODE: declarations took 0 ms 
389534     INFO  Test worker     d.u.i.k.n.KeyIO           Parsing took 0 ms 
389534     INFO  Test worker     d.u.i.k.n.KeyIO           MODE: declarations took 0 ms 
389534     INFO  Test worker     d.u.i.k.n.KeyIO           Parsing took 0 ms 
389534     INFO  Test worker     d.u.i.k.n.KeyIO           MODE: declarations took 0 ms 
392342     INFO  Test worker     d.u.i.k.n.KeyIO           Parsing took 0 ms 
392342     INFO  Test worker     d.u.i.k.n.KeyIO           MODE: declarations took 0 ms 
392342     INFO  Test worker     d.u.i.k.n.KeyIO           Parsing took 0 ms 
392342     INFO  Test worker     d.u.i.k.n.KeyIO           MODE: declarations took 0 ms 
392342     INFO  Test worker     d.u.i.k.n.KeyIO           Parsing took 0 ms 
392342     INFO  Test worker     d.u.i.k.n.KeyIO           MODE: declarations took 0 ms 
392342     INFO  Test worker     d.u.i.k.n.KeyIO           Parsing took 0 ms 
392342     INFO  Test worker     d.u.i.k.n.KeyIO           MODE: declarations took 0 ms 
392342     INFO  Test worker     d.u.i.k.n.KeyIO           Parsing took 0 ms 
392342     INFO  Test worker     d.u.i.k.n.KeyIO           MODE: declarations took 0 ms 
395154     INFO  Test worker     d.u.i.k.n.KeyIO           Parsing took 0 ms 
395154     INFO  Test worker     d.u.i.k.n.KeyIO           MODE: declarations took 0 ms 
395154     INFO  Test worker     d.u.i.k.n.KeyIO           Parsing took 0 ms 
395154     INFO  Test worker     d.u.i.k.n.KeyIO           MODE: declarations took 0 ms 
395154     INFO  Test worker     d.u.i.k.n.KeyIO           Parsing took 0 ms 
395154     INFO  Test worker     d.u.i.k.n.KeyIO           MODE: declarations took 0 ms 
395154     INFO  Test worker     d.u.i.k.n.KeyIO           Parsing took 0 ms 
395154     INFO  Test worker     d.u.i.k.n.KeyIO           MODE: declarations took 0 ms 
395154     INFO  Test worker     d.u.i.k.n.KeyIO           Parsing took 0 ms 
395154     INFO  Test worker     d.u.i.k.n.KeyIO           MODE: declarations took 0 ms 
397933     INFO  Test worker     d.u.i.k.n.KeyIO           Parsing took 0 ms 
397933     INFO  Test worker     d.u.i.k.n.KeyIO           MODE: declarations took 0 ms 
397933     INFO  Test worker     d.u.i.k.n.KeyIO           Parsing took 0 ms 
397933     INFO  Test worker     d.u.i.k.n.KeyIO           MODE: declarations took 0 ms 
397933     INFO  Test worker     d.u.i.k.n.KeyIO           Parsing took 0 ms 
397933     INFO  Test worker     d.u.i.k.n.KeyIO           MODE: declarations took 0 ms 
397933     INFO  Test worker     d.u.i.k.n.KeyIO           Parsing took 0 ms 
397933     INFO  Test worker     d.u.i.k.n.KeyIO           MODE: declarations took 0 ms 
397933     INFO  Test worker     d.u.i.k.n.KeyIO           Parsing took 0 ms 
397933     INFO  Test worker     d.u.i.k.n.KeyIO           MODE: declarations took 0 ms 
400726     INFO  Test worker     d.u.i.k.n.KeyIO           Parsing took 0 ms 
400726     INFO  Test worker     d.u.i.k.n.KeyIO           MODE: declarations took 0 ms 
400726     INFO  Test worker     d.u.i.k.n.KeyIO           Parsing took 0 ms 
400726     INFO  Test worker     d.u.i.k.n.KeyIO           MODE: declarations took 0 ms 
400726     INFO  Test worker     d.u.i.k.n.KeyIO           Parsing took 0 ms 
400726     INFO  Test worker     d.u.i.k.n.KeyIO           MODE: declarations took 0 ms 
400726     INFO  Test worker     d.u.i.k.n.KeyIO           Parsing took 0 ms 
400726     INFO  Test worker     d.u.i.k.n.KeyIO           MODE: declarations took 0 ms 
400726     INFO  Test worker     d.u.i.k.n.KeyIO           Parsing took 0 ms 
400726     INFO  Test worker     d.u.i.k.n.KeyIO           MODE: declarations took 0 ms 
403513     INFO  Test worker     d.u.i.k.n.KeyIO           Parsing took 0 ms 
403513     INFO  Test worker     d.u.i.k.n.KeyIO           MODE: declarations took 0 ms 
403513     INFO  Test worker     d.u.i.k.n.KeyIO           Parsing took 0 ms 
403513     INFO  Test worker     d.u.i.k.n.KeyIO           MODE: declarations took 0 ms 
403513     INFO  Test worker     d.u.i.k.n.KeyIO           Parsing took 0 ms 
403513     INFO  Test worker     d.u.i.k.n.KeyIO           MODE: declarations took 0 ms 
403513     INFO  Test worker     d.u.i.k.n.KeyIO           Parsing took 0 ms 
403513     INFO  Test worker     d.u.i.k.n.KeyIO           MODE: declarations took 0 ms 
403513     INFO  Test worker     d.u.i.k.n.KeyIO           Parsing took 0 ms 
403513     INFO  Test worker     d.u.i.k.n.KeyIO           MODE: declarations took 0 ms 
406405     INFO  Test worker     d.u.i.k.n.KeyIO           Parsing took 0 ms 
406405     INFO  Test worker     d.u.i.k.n.KeyIO           MODE: declarations took 0 ms 
406405     INFO  Test worker     d.u.i.k.n.KeyIO           Parsing took 0 ms 
406405     INFO  Test worker     d.u.i.k.n.KeyIO           MODE: declarations took 0 ms 
406405     INFO  Test worker     d.u.i.k.n.KeyIO           Parsing took 0 ms 
406405     INFO  Test worker     d.u.i.k.n.KeyIO           MODE: declarations took 0 ms 
406405     INFO  Test worker     d.u.i.k.n.KeyIO           Parsing took 0 ms 
406405     INFO  Test worker     d.u.i.k.n.KeyIO           MODE: declarations took 0 ms 
406405     INFO  Test worker     d.u.i.k.n.KeyIO           Parsing took 0 ms 
406405     INFO  Test worker     d.u.i.k.n.KeyIO           MODE: declarations took 0 ms 
409216     INFO  Test worker     d.u.i.k.n.KeyIO           Parsing took 0 ms 
409216     INFO  Test worker     d.u.i.k.n.KeyIO           MODE: declarations took 0 ms 
409216     INFO  Test worker     d.u.i.k.n.KeyIO           Parsing took 0 ms 
409216     INFO  Test worker     d.u.i.k.n.KeyIO           MODE: declarations took 0 ms 
409216     INFO  Test worker     d.u.i.k.n.KeyIO           Parsing took 0 ms 
409216     INFO  Test worker     d.u.i.k.n.KeyIO           MODE: declarations took 0 ms 
409216     INFO  Test worker     d.u.i.k.n.KeyIO           Parsing took 0 ms 
409216     INFO  Test worker     d.u.i.k.n.KeyIO           MODE: declarations took 0 ms 
409216     INFO  Test worker     d.u.i.k.n.KeyIO           Parsing took 0 ms 
409216     INFO  Test worker     d.u.i.k.n.KeyIO           MODE: declarations took 0 ms 
412170     INFO  Test worker     d.u.i.k.n.KeyIO           Parsing took 0 ms 
412170     INFO  Test worker     d.u.i.k.n.KeyIO           MODE: declarations took 0 ms 
412170     INFO  Test worker     d.u.i.k.n.KeyIO           Parsing took 0 ms 
412170     INFO  Test worker     d.u.i.k.n.KeyIO           MODE: declarations took 0 ms 
412170     INFO  Test worker     d.u.i.k.n.KeyIO           Parsing took 0 ms 
412170     INFO  Test worker     d.u.i.k.n.KeyIO           MODE: declarations took 0 ms 
412170     INFO  Test worker     d.u.i.k.n.KeyIO           Parsing took 0 ms 
412170     INFO  Test worker     d.u.i.k.n.KeyIO           MODE: declarations took 0 ms 
412170     INFO  Test worker     d.u.i.k.n.KeyIO           Parsing took 0 ms 
412170     INFO  Test worker     d.u.i.k.n.KeyIO           MODE: declarations took 0 ms 
414950     INFO  Test worker     d.u.i.k.n.KeyIO           Parsing took 0 ms 
414950     INFO  Test worker     d.u.i.k.n.KeyIO           MODE: declarations took 0 ms 
414950     INFO  Test worker     d.u.i.k.n.KeyIO           Parsing took 0 ms 
414950     INFO  Test worker     d.u.i.k.n.KeyIO           MODE: declarations took 0 ms 
414950     INFO  Test worker     d.u.i.k.n.KeyIO           Parsing took 0 ms 
414950     INFO  Test worker     d.u.i.k.n.KeyIO           MODE: declarations took 0 ms 
414950     INFO  Test worker     d.u.i.k.n.KeyIO           Parsing took 0 ms 
414950     INFO  Test worker     d.u.i.k.n.KeyIO           MODE: declarations took 0 ms 
414950     INFO  Test worker     d.u.i.k.n.KeyIO           Parsing took 0 ms 
414950     INFO  Test worker     d.u.i.k.n.KeyIO           MODE: declarations took 0 ms 
417770     INFO  Test worker     d.u.i.k.n.KeyIO           Parsing took 0 ms 
417770     INFO  Test worker     d.u.i.k.n.KeyIO           MODE: declarations took 0 ms 
417770     INFO  Test worker     d.u.i.k.n.KeyIO           Parsing took 0 ms 
417770     INFO  Test worker     d.u.i.k.n.KeyIO           MODE: declarations took 0 ms 
417770     INFO  Test worker     d.u.i.k.n.KeyIO           Parsing took 0 ms 
417770     INFO  Test worker     d.u.i.k.n.KeyIO           MODE: declarations took 0 ms 
417770     INFO  Test worker     d.u.i.k.n.KeyIO           Parsing took 0 ms 
417770     INFO  Test worker     d.u.i.k.n.KeyIO           MODE: declarations took 0 ms 
417770     INFO  Test worker     d.u.i.k.n.KeyIO           Parsing took 0 ms 
417770     INFO  Test worker     d.u.i.k.n.KeyIO           MODE: declarations took 0 ms 
420598     INFO  Test worker     d.u.i.k.n.KeyIO           Parsing took 0 ms 
420598     INFO  Test worker     d.u.i.k.n.KeyIO           MODE: declarations took 0 ms 
420598     INFO  Test worker     d.u.i.k.n.KeyIO           Parsing took 0 ms 
420598     INFO  Test worker     d.u.i.k.n.KeyIO           MODE: declarations took 0 ms 
420598     INFO  Test worker     d.u.i.k.n.KeyIO           Parsing took 0 ms 
420598     INFO  Test worker     d.u.i.k.n.KeyIO           MODE: declarations took 0 ms 
420598     INFO  Test worker     d.u.i.k.n.KeyIO           Parsing took 0 ms 
420598     INFO  Test worker     d.u.i.k.n.KeyIO           MODE: declarations took 0 ms 
420598     INFO  Test worker     d.u.i.k.n.KeyIO           Parsing took 0 ms 
420598     INFO  Test worker     d.u.i.k.n.KeyIO           MODE: declarations took 0 ms 
423438     INFO  Test worker     d.u.i.k.n.KeyIO           Parsing took 0 ms 
423438     INFO  Test worker     d.u.i.k.n.KeyIO           MODE: declarations took 0 ms 
423438     INFO  Test worker     d.u.i.k.n.KeyIO           Parsing took 0 ms 
423454     INFO  Test worker     d.u.i.k.n.KeyIO           MODE: declarations took 16 ms 
423454     INFO  Test worker     d.u.i.k.n.KeyIO           Parsing took 0 ms 
423454     INFO  Test worker     d.u.i.k.n.KeyIO           MODE: declarations took 0 ms 
423454     INFO  Test worker     d.u.i.k.n.KeyIO           Parsing took 0 ms 
423454     INFO  Test worker     d.u.i.k.n.KeyIO           MODE: declarations took 0 ms 
423454     INFO  Test worker     d.u.i.k.n.KeyIO           Parsing took 0 ms 
423454     INFO  Test worker     d.u.i.k.n.KeyIO           MODE: declarations took 0 ms 
426293     INFO  Test worker     d.u.i.k.n.KeyIO           Parsing took 0 ms 
426293     INFO  Test worker     d.u.i.k.n.KeyIO           MODE: declarations took 0 ms 
426293     INFO  Test worker     d.u.i.k.n.KeyIO           Parsing took 0 ms 
426293     INFO  Test worker     d.u.i.k.n.KeyIO           MODE: declarations took 0 ms 
426293     INFO  Test worker     d.u.i.k.n.KeyIO           Parsing took 0 ms 
426293     INFO  Test worker     d.u.i.k.n.KeyIO           MODE: declarations took 0 ms 
426293     INFO  Test worker     d.u.i.k.n.KeyIO           Parsing took 0 ms 
426293     INFO  Test worker     d.u.i.k.n.KeyIO           MODE: declarations took 0 ms 
426293     INFO  Test worker     d.u.i.k.n.KeyIO           Parsing took 0 ms 
426293     INFO  Test worker     d.u.i.k.n.KeyIO           MODE: declarations took 0 ms 
429089     INFO  Test worker     d.u.i.k.n.KeyIO           Parsing took 0 ms 
429089     INFO  Test worker     d.u.i.k.n.KeyIO           MODE: declarations took 0 ms 
429089     INFO  Test worker     d.u.i.k.n.KeyIO           Parsing took 0 ms 
429089     INFO  Test worker     d.u.i.k.n.KeyIO           MODE: declarations took 0 ms 
429089     INFO  Test worker     d.u.i.k.n.KeyIO           Parsing took 0 ms 
429089     INFO  Test worker     d.u.i.k.n.KeyIO           MODE: declarations took 0 ms 
429089     INFO  Test worker     d.u.i.k.n.KeyIO           Parsing took 0 ms 
429089     INFO  Test worker     d.u.i.k.n.KeyIO           MODE: declarations took 0 ms 
429089     INFO  Test worker     d.u.i.k.n.KeyIO           Parsing took 0 ms 
429089     INFO  Test worker     d.u.i.k.n.KeyIO           MODE: declarations took 0 ms 
431896     INFO  Test worker     d.u.i.k.n.KeyIO           Parsing took 0 ms 
431896     INFO  Test worker     d.u.i.k.n.KeyIO           MODE: declarations took 0 ms 
431896     INFO  Test worker     d.u.i.k.n.KeyIO           Parsing took 0 ms 
431896     INFO  Test worker     d.u.i.k.n.KeyIO           MODE: declarations took 0 ms 
431896     INFO  Test worker     d.u.i.k.n.KeyIO           Parsing took 0 ms 
431896     INFO  Test worker     d.u.i.k.n.KeyIO           MODE: declarations took 0 ms 
431896     INFO  Test worker     d.u.i.k.n.KeyIO           Parsing took 0 ms 
431896     INFO  Test worker     d.u.i.k.n.KeyIO           MODE: declarations took 0 ms 
431896     INFO  Test worker     d.u.i.k.n.KeyIO           Parsing took 0 ms 
431896     INFO  Test worker     d.u.i.k.n.KeyIO           MODE: declarations took 0 ms 
434739     INFO  Test worker     d.u.i.k.n.KeyIO           Parsing took 0 ms 
434739     INFO  Test worker     d.u.i.k.n.KeyIO           MODE: declarations took 0 ms 
434739     INFO  Test worker     d.u.i.k.n.KeyIO           Parsing took 0 ms 
434739     INFO  Test worker     d.u.i.k.n.KeyIO           MODE: declarations took 0 ms 
434739     INFO  Test worker     d.u.i.k.n.KeyIO           Parsing took 0 ms 
434739     INFO  Test worker     d.u.i.k.n.KeyIO           MODE: declarations took 0 ms 
434739     INFO  Test worker     d.u.i.k.n.KeyIO           Parsing took 0 ms 
434739     INFO  Test worker     d.u.i.k.n.KeyIO           MODE: declarations took 0 ms 
434755     INFO  Test worker     d.u.i.k.n.KeyIO           Parsing took 0 ms 
434755     INFO  Test worker     d.u.i.k.n.KeyIO           MODE: declarations took 0 ms 
437515     INFO  Test worker     d.u.i.k.n.KeyIO           Parsing took 0 ms 
437515     INFO  Test worker     d.u.i.k.n.KeyIO           MODE: declarations took 0 ms 
437515     INFO  Test worker     d.u.i.k.n.KeyIO           Parsing took 0 ms 
437515     INFO  Test worker     d.u.i.k.n.KeyIO           MODE: declarations took 0 ms 
437515     INFO  Test worker     d.u.i.k.n.KeyIO           Parsing took 0 ms 
437515     INFO  Test worker     d.u.i.k.n.KeyIO           MODE: declarations took 0 ms 
437515     INFO  Test worker     d.u.i.k.n.KeyIO           Parsing took 0 ms 
437515     INFO  Test worker     d.u.i.k.n.KeyIO           MODE: declarations took 0 ms 
437515     INFO  Test worker     d.u.i.k.n.KeyIO           Parsing took 0 ms 
437515     INFO  Test worker     d.u.i.k.n.KeyIO           MODE: declarations took 0 ms 
440298     INFO  Test worker     d.u.i.k.n.KeyIO           Parsing took 0 ms 
440298     INFO  Test worker     d.u.i.k.n.KeyIO           MODE: declarations took 0 ms 
440298     INFO  Test worker     d.u.i.k.n.KeyIO           Parsing took 0 ms 
440298     INFO  Test worker     d.u.i.k.n.KeyIO           MODE: declarations took 0 ms 
440298     INFO  Test worker     d.u.i.k.n.KeyIO           Parsing took 0 ms 
440298     INFO  Test worker     d.u.i.k.n.KeyIO           MODE: declarations took 0 ms 
440298     INFO  Test worker     d.u.i.k.n.KeyIO           Parsing took 0 ms 
440298     INFO  Test worker     d.u.i.k.n.KeyIO           MODE: declarations took 0 ms 
440298     INFO  Test worker     d.u.i.k.n.KeyIO           Parsing took 0 ms 
440298     INFO  Test worker     d.u.i.k.n.KeyIO           MODE: declarations took 0 ms 
443076     INFO  Test worker     d.u.i.k.n.KeyIO           Parsing took 0 ms 
443076     INFO  Test worker     d.u.i.k.n.KeyIO           MODE: declarations took 0 ms 
443076     INFO  Test worker     d.u.i.k.n.KeyIO           Parsing took 0 ms 
443076     INFO  Test worker     d.u.i.k.n.KeyIO           MODE: declarations took 0 ms 
443076     INFO  Test worker     d.u.i.k.n.KeyIO           Parsing took 0 ms 
443076     INFO  Test worker     d.u.i.k.n.KeyIO           MODE: declarations took 0 ms 
443076     INFO  Test worker     d.u.i.k.n.KeyIO           Parsing took 0 ms 
443076     INFO  Test worker     d.u.i.k.n.KeyIO           MODE: declarations took 0 ms 
443076     INFO  Test worker     d.u.i.k.n.KeyIO           Parsing took 0 ms 
443076     INFO  Test worker     d.u.i.k.n.KeyIO           MODE: declarations took 0 ms 
445847     INFO  Test worker     d.u.i.k.n.KeyIO           Parsing took 0 ms 
445847     INFO  Test worker     d.u.i.k.n.KeyIO           MODE: declarations took 0 ms 
445847     INFO  Test worker     d.u.i.k.n.KeyIO           Parsing took 0 ms 
445847     INFO  Test worker     d.u.i.k.n.KeyIO           MODE: declarations took 0 ms 
445847     INFO  Test worker     d.u.i.k.n.KeyIO           Parsing took 0 ms 
445847     INFO  Test worker     d.u.i.k.n.KeyIO           MODE: declarations took 0 ms 
445847     INFO  Test worker     d.u.i.k.n.KeyIO           Parsing took 0 ms 
445847     INFO  Test worker     d.u.i.k.n.KeyIO           MODE: declarations took 0 ms 
445847     INFO  Test worker     d.u.i.k.n.KeyIO           Parsing took 0 ms 
445847     INFO  Test worker     d.u.i.k.n.KeyIO           MODE: declarations took 0 ms 
448611     INFO  Test worker     d.u.i.k.n.KeyIO           Parsing took 0 ms 
448611     INFO  Test worker     d.u.i.k.n.KeyIO           MODE: declarations took 0 ms 
448611     INFO  Test worker     d.u.i.k.n.KeyIO           Parsing took 0 ms 
448611     INFO  Test worker     d.u.i.k.n.KeyIO           MODE: declarations took 0 ms 
448611     INFO  Test worker     d.u.i.k.n.KeyIO           Parsing took 0 ms 
448611     INFO  Test worker     d.u.i.k.n.KeyIO           MODE: declarations took 0 ms 
448611     INFO  Test worker     d.u.i.k.n.KeyIO           Parsing took 0 ms 
448611     INFO  Test worker     d.u.i.k.n.KeyIO           MODE: declarations took 0 ms 
448611     INFO  Test worker     d.u.i.k.n.KeyIO           Parsing took 0 ms 
448611     INFO  Test worker     d.u.i.k.n.KeyIO           MODE: declarations took 0 ms 
]]></system-out>
  <system-err><![CDATA[]]></system-err>
</testsuite>
