<?xml version="1.0" encoding="UTF-8"?>
<testsuite name="de.uka.ilkd.key.logic.TestClashFreeSubst" tests="14" skipped="2" failures="0" errors="0" timestamp="2023-04-17T13:03:32" hostname="fv-az931-993" time="49.598">
  <properties/>
  <testcase name="testMultiShareBound()" classname="de.uka.ilkd.key.logic.TestClashFreeSubst" time="0.937"/>
  <testcase name="testClash()" classname="de.uka.ilkd.key.logic.TestClashFreeSubst" time="1.123"/>
  <testcase name="testShare()" classname="de.uka.ilkd.key.logic.TestClashFreeSubst" time="0.945"/>
  <testcase name="testSubst()" classname="de.uka.ilkd.key.logic.TestClashFreeSubst" time="0.876"/>
  <testcase name="testWary0()" classname="de.uka.ilkd.key.logic.TestClashFreeSubst" time="1.075"/>
  <testcase name="testWary1()" classname="de.uka.ilkd.key.logic.TestClashFreeSubst" time="0.95"/>
  <testcase name="testWary2()" classname="de.uka.ilkd.key.logic.TestClashFreeSubst" time="0.899"/>
  <testcase name="testClashInSubstTerm()" classname="de.uka.ilkd.key.logic.TestClashFreeSubst" time="1.043"/>
  <testcase name="testShareWary()" classname="de.uka.ilkd.key.logic.TestClashFreeSubst" time="0.861"/>
  <testcase name="testMultiSubst()" classname="de.uka.ilkd.key.logic.TestClashFreeSubst" time="0.866"/>
  <testcase name="xtestMultiClash()" classname="de.uka.ilkd.key.logic.TestClashFreeSubst" time="0.0">
    <skipped/>
  </testcase>
  <testcase name="testSubstInSubstTerm()" classname="de.uka.ilkd.key.logic.TestClashFreeSubst" time="0.834"/>
  <testcase name="testSubstWary()" classname="de.uka.ilkd.key.logic.TestClashFreeSubst" time="0.856"/>
  <testcase name="xtestMultiClash1()" classname="de.uka.ilkd.key.logic.TestClashFreeSubst" time="0.0">
    <skipped/>
  </testcase>
  <system-out><![CDATA[71925      INFO  Test worker     d.u.i.k.n.KeyIO           Parsing took 0 ms 
71925      INFO  Test worker     d.u.i.k.n.KeyIO           MODE: declarations took 0 ms 
72848      INFO  Test worker     d.u.i.k.n.KeyIO           Parsing took 0 ms 
72848      INFO  Test worker     d.u.i.k.n.KeyIO           MODE: declarations took 0 ms 
75941      INFO  Test worker     d.u.i.k.n.KeyIO           Parsing took 0 ms 
75941      INFO  Test worker     d.u.i.k.n.KeyIO           MODE: declarations took 0 ms 
77055      INFO  Test worker     d.u.i.k.n.KeyIO           Parsing took 0 ms 
77055      INFO  Test worker     d.u.i.k.n.KeyIO           MODE: declarations took 0 ms 
80183      INFO  Test worker     d.u.i.k.n.KeyIO           Parsing took 0 ms 
80183      INFO  Test worker     d.u.i.k.n.KeyIO           MODE: declarations took 0 ms 
81121      INFO  Test worker     d.u.i.k.n.KeyIO           Parsing took 0 ms 
81121      INFO  Test worker     d.u.i.k.n.KeyIO           MODE: declarations took 0 ms 
84325      INFO  Test worker     d.u.i.k.n.KeyIO           Parsing took 0 ms 
84325      INFO  Test worker     d.u.i.k.n.KeyIO           MODE: declarations took 0 ms 
85193      INFO  Test worker     d.u.i.k.n.KeyIO           Parsing took 0 ms 
85193      INFO  Test worker     d.u.i.k.n.KeyIO           MODE: declarations took 0 ms 
88094      INFO  Test worker     d.u.i.k.n.KeyIO           Parsing took 0 ms 
88094      INFO  Test worker     d.u.i.k.n.KeyIO           MODE: declarations took 0 ms 
89157      INFO  Test worker     d.u.i.k.n.KeyIO           Parsing took 0 ms 
89157      INFO  Test worker     d.u.i.k.n.KeyIO           MODE: declarations took 0 ms 
92115      INFO  Test worker     d.u.i.k.n.KeyIO           Parsing took 0 ms 
92115      INFO  Test worker     d.u.i.k.n.KeyIO           MODE: declarations took 0 ms 
93054      INFO  Test worker     d.u.i.k.n.KeyIO           Parsing took 0 ms 
93054      INFO  Test worker     d.u.i.k.n.KeyIO           MODE: declarations took 0 ms 
96024      INFO  Test worker     d.u.i.k.n.KeyIO           Parsing took 0 ms 
96024      INFO  Test worker     d.u.i.k.n.KeyIO           MODE: declarations took 0 ms 
96901      INFO  Test worker     d.u.i.k.n.KeyIO           Parsing took 0 ms 
96901      INFO  Test worker     d.u.i.k.n.KeyIO           MODE: declarations took 0 ms 
99745      INFO  Test worker     d.u.i.k.n.KeyIO           Parsing took 0 ms 
99745      INFO  Test worker     d.u.i.k.n.KeyIO           MODE: declarations took 0 ms 
100769     INFO  Test worker     d.u.i.k.n.KeyIO           Parsing took 0 ms 
100769     INFO  Test worker     d.u.i.k.n.KeyIO           MODE: declarations took 0 ms 
103588     INFO  Test worker     d.u.i.k.n.KeyIO           Parsing took 0 ms 
103588     INFO  Test worker     d.u.i.k.n.KeyIO           MODE: declarations took 0 ms 
104453     INFO  Test worker     d.u.i.k.n.KeyIO           Parsing took 0 ms 
104453     INFO  Test worker     d.u.i.k.n.KeyIO           MODE: declarations took 0 ms 
107290     INFO  Test worker     d.u.i.k.n.KeyIO           Parsing took 0 ms 
107290     INFO  Test worker     d.u.i.k.n.KeyIO           MODE: declarations took 0 ms 
108155     INFO  Test worker     d.u.i.k.n.KeyIO           Parsing took 0 ms 
108155     INFO  Test worker     d.u.i.k.n.KeyIO           MODE: declarations took 0 ms 
113873     INFO  Test worker     d.u.i.k.n.KeyIO           Parsing took 0 ms 
113873     INFO  Test worker     d.u.i.k.n.KeyIO           MODE: declarations took 0 ms 
114710     INFO  Test worker     d.u.i.k.n.KeyIO           Parsing took 0 ms 
114710     INFO  Test worker     d.u.i.k.n.KeyIO           MODE: declarations took 0 ms 
117753     INFO  Test worker     d.u.i.k.n.KeyIO           Parsing took 0 ms 
117753     INFO  Test worker     d.u.i.k.n.KeyIO           MODE: declarations took 0 ms 
118607     INFO  Test worker     d.u.i.k.n.KeyIO           Parsing took 0 ms 
118607     INFO  Test worker     d.u.i.k.n.KeyIO           MODE: declarations took 0 ms 
]]></system-out>
  <system-err><![CDATA[]]></system-err>
</testsuite>
