<?xml version="1.0" encoding="UTF-8"?>
<testsuite name="recoder.testsuite.basic.syntax.CloneTest" tests="1" skipped="0" failures="0" errors="0" timestamp="2023-03-03T21:15:43" hostname="fv-az218-549" time="0.004">
  <properties/>
  <testcase name="testClone" classname="recoder.testsuite.basic.syntax.CloneTest" time="0.004"/>
  <system-out><![CDATA[]]></system-out>
  <system-err><![CDATA[]]></system-err>
</testsuite>
