<?xml version="1.0" encoding="UTF-8"?>
<testsuite name="de.uka.ilkd.key.taclettranslation.TestTacletTranslator" tests="5" skipped="0" failures="0" errors="0" timestamp="2023-05-30T17:11:55" hostname="fv-az192-933" time="0.026">
  <properties/>
  <testcase name="testPropositional1()" classname="de.uka.ilkd.key.taclettranslation.TestTacletTranslator" time="0.011"/>
  <testcase name="testPropositional2()" classname="de.uka.ilkd.key.taclettranslation.TestTacletTranslator" time="0.004"/>
  <testcase name="testNegativePolarity()" classname="de.uka.ilkd.key.taclettranslation.TestTacletTranslator" time="0.004"/>
  <testcase name="testNoPolarity()" classname="de.uka.ilkd.key.taclettranslation.TestTacletTranslator" time="0.003"/>
  <testcase name="testPositivePolarity()" classname="de.uka.ilkd.key.taclettranslation.TestTacletTranslator" time="0.004"/>
  <system-out><![CDATA[963997     INFO  Test worker     d.u.i.k.n.KeyIO           Parsing took 0 ms 
963997     DEBUG Test worker     d.u.i.k.n.KeyIO           Load declarations of de.uka.ilkd.key.nparser.KeyAst$File:  <unknown>:1#1 
963997     INFO  Test worker     d.u.i.k.n.KeyIO           MODE: declarations took 0 ms 
963997     DEBUG Test worker     d.u.i.k.n.KeyIO           MODE: 2nd degree decls took 0 
963997     DEBUG Test worker     d.u.i.k.n.KeyIO           MODE: taclets took 0ms 
964013     INFO  Test worker     d.u.i.k.n.KeyIO           Parsing took 0 ms 
964013     DEBUG Test worker     d.u.i.k.n.KeyIO           Load declarations of de.uka.ilkd.key.nparser.KeyAst$File:  <unknown>:1#1 
964013     INFO  Test worker     d.u.i.k.n.KeyIO           MODE: declarations took 0 ms 
964013     DEBUG Test worker     d.u.i.k.n.KeyIO           MODE: 2nd degree decls took 0 
964013     DEBUG Test worker     d.u.i.k.n.KeyIO           MODE: taclets took 0ms 
964013     INFO  Test worker     d.u.i.k.n.KeyIO           Parsing took 0 ms 
964013     DEBUG Test worker     d.u.i.k.n.KeyIO           Load declarations of de.uka.ilkd.key.nparser.KeyAst$File:  <unknown>:1#1 
964013     INFO  Test worker     d.u.i.k.n.KeyIO           MODE: declarations took 0 ms 
964013     DEBUG Test worker     d.u.i.k.n.KeyIO           MODE: 2nd degree decls took 0 
964013     DEBUG Test worker     d.u.i.k.n.KeyIO           MODE: taclets took 0ms 
964013     INFO  Test worker     d.u.i.k.n.KeyIO           Parsing took 0 ms 
964013     DEBUG Test worker     d.u.i.k.n.KeyIO           Load declarations of de.uka.ilkd.key.nparser.KeyAst$File:  <unknown>:1#1 
964013     INFO  Test worker     d.u.i.k.n.KeyIO           MODE: declarations took 0 ms 
964013     DEBUG Test worker     d.u.i.k.n.KeyIO           MODE: 2nd degree decls took 0 
964013     DEBUG Test worker     d.u.i.k.n.KeyIO           MODE: taclets took 0ms 
964013     INFO  Test worker     d.u.i.k.n.KeyIO           Parsing took 0 ms 
964013     DEBUG Test worker     d.u.i.k.n.KeyIO           Load declarations of de.uka.ilkd.key.nparser.KeyAst$File:  <unknown>:1#1 
964013     INFO  Test worker     d.u.i.k.n.KeyIO           MODE: declarations took 0 ms 
964013     DEBUG Test worker     d.u.i.k.n.KeyIO           MODE: 2nd degree decls took 0 
964013     DEBUG Test worker     d.u.i.k.n.KeyIO           MODE: taclets took 0ms 
]]></system-out>
  <system-err><![CDATA[]]></system-err>
</testsuite>
