<?xml version="1.0" encoding="UTF-8"?>
<testsuite name="de.uka.ilkd.key.util.TestProofStarter" tests="2" skipped="0" failures="0" errors="0" timestamp="2023-05-30T17:12:13" hostname="fv-az192-933" time="68.405">
  <properties/>
  <testcase name="testDirectProofWithOneStepSimplification()" classname="de.uka.ilkd.key.util.TestProofStarter" time="36.672"/>
  <testcase name="testDirectProof()" classname="de.uka.ilkd.key.util.TestProofStarter" time="31.733"/>
  <system-out><![CDATA[981719     INFO  Test worker     d.u.i.k.p.i.AbstractProblemLoader Loading environment from src\test\resources\testcase\proofStarter\CC\project.key 
981719     DEBUG Test worker     d.u.i.k.p.i.AbstractProblemLoader Environment load took 192.9ns 
981719     INFO  Test worker     d.u.i.k.p.i.AbstractProblemLoader Creating init config 
985640     DEBUG Test worker     d.u.i.k.p.i.AbstractProblemLoader Init config took 3.91s 
985843     INFO  Test worker     d.u.i.k.p.i.AbstractProblemLoader Replaying proof CC[CC::calcCoinIndex([I,[I)].JML normal_behavior operation contract.0 
985859     DEBUG Test worker     d.u.i.k.p.i.IntermediateProofReplayer Proof replay took 2.1ns 
1018362    INFO  Test worker     d.u.i.k.p.i.AbstractProblemLoader Loading environment from src\test\resources\testcase\proofStarter\CC\project.key 
1018362    DEBUG Test worker     d.u.i.k.p.i.AbstractProblemLoader Environment load took 279.3ns 
1018362    INFO  Test worker     d.u.i.k.p.i.AbstractProblemLoader Creating init config 
1022662    DEBUG Test worker     d.u.i.k.p.i.AbstractProblemLoader Init config took 4.29s 
1022724    INFO  Test worker     d.u.i.k.p.i.AbstractProblemLoader Replaying proof CC[CC::calcCoinIndex([I,[I)].JML normal_behavior operation contract.0 
1022724    DEBUG Test worker     d.u.i.k.p.i.IntermediateProofReplayer Proof replay took 2.4ns 
]]></system-out>
  <system-err><![CDATA[]]></system-err>
</testsuite>
