<?xml version="1.0" encoding="UTF-8"?>
<testsuite name="de.uka.ilkd.key.logic.TestTermLabelManager" tests="21" skipped="0" failures="0" errors="0" timestamp="2023-05-30T16:58:06" hostname="fv-az192-933" time="66.128">
  <properties/>
  <testcase name="testInstantiateLabels_directChildPolicies_allRules()" classname="de.uka.ilkd.key.logic.TestTermLabelManager" time="4.994"/>
  <testcase name="testInstantiateLabels_childAndGrandchildPolicies_ruleSpecific()" classname="de.uka.ilkd.key.logic.TestTermLabelManager" time="3.384"/>
  <testcase name="testParseLabel()" classname="de.uka.ilkd.key.logic.TestTermLabelManager" time="3.412"/>
  <testcase name="testrefactorGoal_childrenAndGrandchildren_ruleSpecific()" classname="de.uka.ilkd.key.logic.TestTermLabelManager" time="3.473"/>
  <testcase name="testrefactorGoal_directChildren_allRules()" classname="de.uka.ilkd.key.logic.TestTermLabelManager" time="3.393"/>
  <testcase name="testInstantiateLabels_childAndGrandchildPolicies_allRules()" classname="de.uka.ilkd.key.logic.TestTermLabelManager" time="3.368"/>
  <testcase name="testInstantiateLabels_taclet()" classname="de.uka.ilkd.key.logic.TestTermLabelManager" time="3.414"/>
  <testcase name="testrefactorGoal_none_ruleSpecific()" classname="de.uka.ilkd.key.logic.TestTermLabelManager" time="3.433"/>
  <testcase name="testInstantiateLabels_updates_ruleSpecific()" classname="de.uka.ilkd.key.logic.TestTermLabelManager" time="3.436"/>
  <testcase name="testrefactorGoal_sequent_ruleSpecific()" classname="de.uka.ilkd.key.logic.TestTermLabelManager" time="3.396"/>
  <testcase name="testInstantiateLabels_updates_allRules()" classname="de.uka.ilkd.key.logic.TestTermLabelManager" time="3.388"/>
  <testcase name="testrefactorGoal_sequent_allRules()" classname="de.uka.ilkd.key.logic.TestTermLabelManager" time="3.402"/>
  <testcase name="testrefactorGoal_childrenAndGrandchildren_allRules()" classname="de.uka.ilkd.key.logic.TestTermLabelManager" time="3.395"/>
  <testcase name="testGetTermLabelManager()" classname="de.uka.ilkd.key.logic.TestTermLabelManager" time="0.006"/>
  <testcase name="testInstantiateLabels_applicationTermPolicies()" classname="de.uka.ilkd.key.logic.TestTermLabelManager" time="3.403"/>
  <testcase name="testInstantiateLabels_modalityTermPolicies()" classname="de.uka.ilkd.key.logic.TestTermLabelManager" time="3.335"/>
  <testcase name="testrefactorGoal_none_allRules()" classname="de.uka.ilkd.key.logic.TestTermLabelManager" time="3.332"/>
  <testcase name="testInstantiateLabels_null()" classname="de.uka.ilkd.key.logic.TestTermLabelManager" time="0.0"/>
  <testcase name="testrefactorGoal_directChildren_ruleSpecific()" classname="de.uka.ilkd.key.logic.TestTermLabelManager" time="3.429"/>
  <testcase name="testInstantiateLabels_directChildPolicies_ruleSpecific()" classname="de.uka.ilkd.key.logic.TestTermLabelManager" time="3.411"/>
  <testcase name="testGetSupportedTermLabelNames()" classname="de.uka.ilkd.key.logic.TestTermLabelManager" time="3.309"/>
  <system-out><![CDATA[135149     INFO  Test worker     d.u.i.k.p.i.AbstractProblemLoader Loading environment from src\test\resources\testcase\termLabels\flatSteps\FlatSteps.java 
135149     DEBUG Test worker     d.u.i.k.p.i.AbstractProblemLoader Environment load took 336.1ns 
135149     INFO  Test worker     d.u.i.k.p.i.AbstractProblemLoader Creating init config 
135368     DEBUG Test worker     d.u.i.k.j.TypeConverter   No LDT found for Meta 
135368     DEBUG Test worker     d.u.i.k.j.TypeConverter   No LDT found for Meta 
135368     DEBUG Test worker     d.u.i.k.j.TypeConverter   No LDT found for Meta 
135368     DEBUG Test worker     d.u.i.k.j.TypeConverter   No LDT found for Meta 
136181     DEBUG Test worker     d.u.i.k.j.TypeConverter   No LDT found for JavaBigintExpression 
140142     DEBUG Test worker     d.u.i.k.p.i.AbstractProblemLoader Init config took 4.98s 
140142     INFO  Test worker     d.u.i.k.p.i.AbstractProblemLoader Loading environment from src\test\resources\testcase\termLabels\flatSteps\FlatSteps.java 
140142     DEBUG Test worker     d.u.i.k.p.i.AbstractProblemLoader Environment load took 608.2ns 
140157     INFO  Test worker     d.u.i.k.p.i.AbstractProblemLoader Creating init config 
143527     DEBUG Test worker     d.u.i.k.p.i.AbstractProblemLoader Init config took 3.38s 
143527     INFO  Test worker     d.u.i.k.p.i.AbstractProblemLoader Loading environment from src\test\resources\testcase\termLabels\flatSteps\FlatSteps.java 
143527     DEBUG Test worker     d.u.i.k.p.i.AbstractProblemLoader Environment load took 187.9ns 
143542     INFO  Test worker     d.u.i.k.p.i.AbstractProblemLoader Creating init config 
146939     DEBUG Test worker     d.u.i.k.p.i.AbstractProblemLoader Init config took 3.4s 
146939     INFO  Test worker     d.u.i.k.p.i.AbstractProblemLoader Loading environment from src\test\resources\testcase\termLabels\flatSteps\FlatSteps.java 
146939     DEBUG Test worker     d.u.i.k.p.i.AbstractProblemLoader Environment load took 183.8ns 
146955     INFO  Test worker     d.u.i.k.p.i.AbstractProblemLoader Creating init config 
150397     DEBUG Test worker     d.u.i.k.p.i.AbstractProblemLoader Init config took 3.45s 
150412     INFO  Test worker     d.u.i.k.p.i.AbstractProblemLoader Loading environment from src\test\resources\testcase\termLabels\flatSteps\FlatSteps.java 
150412     DEBUG Test worker     d.u.i.k.p.i.AbstractProblemLoader Environment load took 266.6ns 
150412     INFO  Test worker     d.u.i.k.p.i.AbstractProblemLoader Creating init config 
153791     DEBUG Test worker     d.u.i.k.p.i.AbstractProblemLoader Init config took 3.38s 
153806     INFO  Test worker     d.u.i.k.p.i.AbstractProblemLoader Loading environment from src\test\resources\testcase\termLabels\flatSteps\FlatSteps.java 
153806     DEBUG Test worker     d.u.i.k.p.i.AbstractProblemLoader Environment load took 597.3ns 
153806     INFO  Test worker     d.u.i.k.p.i.AbstractProblemLoader Creating init config 
157176     DEBUG Test worker     d.u.i.k.p.i.AbstractProblemLoader Init config took 3.36s 
157176     INFO  Test worker     d.u.i.k.p.i.AbstractProblemLoader Loading environment from src\test\resources\testcase\termLabels\flatSteps\FlatSteps.java 
157176     DEBUG Test worker     d.u.i.k.p.i.AbstractProblemLoader Environment load took 2.34ms 
157190     INFO  Test worker     d.u.i.k.p.i.AbstractProblemLoader Creating init config 
160591     DEBUG Test worker     d.u.i.k.p.i.AbstractProblemLoader Init config took 3.41s 
160607     INFO  Test worker     d.u.i.k.p.i.AbstractProblemLoader Loading environment from src\test\resources\testcase\termLabels\flatSteps\FlatSteps.java 
160607     DEBUG Test worker     d.u.i.k.p.i.AbstractProblemLoader Environment load took 180.9ns 
160607     INFO  Test worker     d.u.i.k.p.i.AbstractProblemLoader Creating init config 
164024     DEBUG Test worker     d.u.i.k.p.i.AbstractProblemLoader Init config took 3.41s 
164024     INFO  Test worker     d.u.i.k.p.i.AbstractProblemLoader Loading environment from src\test\resources\testcase\termLabels\flatSteps\FlatSteps.java 
164024     DEBUG Test worker     d.u.i.k.p.i.AbstractProblemLoader Environment load took 1.08ms 
164040     INFO  Test worker     d.u.i.k.p.i.AbstractProblemLoader Creating init config 
167445     DEBUG Test worker     d.u.i.k.p.i.AbstractProblemLoader Init config took 3.41s 
167461     INFO  Test worker     d.u.i.k.p.i.AbstractProblemLoader Loading environment from src\test\resources\testcase\termLabels\flatSteps\FlatSteps.java 
167461     DEBUG Test worker     d.u.i.k.p.i.AbstractProblemLoader Environment load took 1.55ms 
167461     INFO  Test worker     d.u.i.k.p.i.AbstractProblemLoader Creating init config 
170843     DEBUG Test worker     d.u.i.k.p.i.AbstractProblemLoader Init config took 3.38s 
170859     INFO  Test worker     d.u.i.k.p.i.AbstractProblemLoader Loading environment from src\test\resources\testcase\termLabels\flatSteps\FlatSteps.java 
170859     DEBUG Test worker     d.u.i.k.p.i.AbstractProblemLoader Environment load took 214ns 
170859     INFO  Test worker     d.u.i.k.p.i.AbstractProblemLoader Creating init config 
174234     DEBUG Test worker     d.u.i.k.p.i.AbstractProblemLoader Init config took 3.37s 
174249     INFO  Test worker     d.u.i.k.p.i.AbstractProblemLoader Loading environment from src\test\resources\testcase\termLabels\flatSteps\FlatSteps.java 
174249     DEBUG Test worker     d.u.i.k.p.i.AbstractProblemLoader Environment load took 2.88ms 
174249     INFO  Test worker     d.u.i.k.p.i.AbstractProblemLoader Creating init config 
177652     DEBUG Test worker     d.u.i.k.p.i.AbstractProblemLoader Init config took 3.39s 
177667     INFO  Test worker     d.u.i.k.p.i.AbstractProblemLoader Loading environment from src\test\resources\testcase\termLabels\flatSteps\FlatSteps.java 
177667     DEBUG Test worker     d.u.i.k.p.i.AbstractProblemLoader Environment load took 1.25ms 
177667     INFO  Test worker     d.u.i.k.p.i.AbstractProblemLoader Creating init config 
181033     DEBUG Test worker     d.u.i.k.p.i.AbstractProblemLoader Init config took 3.37s 
181048     INFO  Test worker     d.u.i.k.p.i.AbstractProblemLoader Loading environment from src\test\resources\testcase\termLabels\flatSteps\FlatSteps.java 
181048     DEBUG Test worker     d.u.i.k.p.i.AbstractProblemLoader Environment load took 207.1ns 
181064     INFO  Test worker     d.u.i.k.p.i.AbstractProblemLoader Creating init config 
184458     DEBUG Test worker     d.u.i.k.p.i.AbstractProblemLoader Init config took 3.4s 
184474     INFO  Test worker     d.u.i.k.p.i.AbstractProblemLoader Loading environment from src\test\resources\testcase\termLabels\flatSteps\FlatSteps.java 
184474     DEBUG Test worker     d.u.i.k.p.i.AbstractProblemLoader Environment load took 256ns 
184474     INFO  Test worker     d.u.i.k.p.i.AbstractProblemLoader Creating init config 
187779     DEBUG Test worker     d.u.i.k.p.i.AbstractProblemLoader Init config took 3.31s 
187794     INFO  Test worker     d.u.i.k.p.i.AbstractProblemLoader Loading environment from src\test\resources\testcase\termLabels\flatSteps\FlatSteps.java 
187794     DEBUG Test worker     d.u.i.k.p.i.AbstractProblemLoader Environment load took 193.7ns 
187794     INFO  Test worker     d.u.i.k.p.i.AbstractProblemLoader Creating init config 
191111     DEBUG Test worker     d.u.i.k.p.i.AbstractProblemLoader Init config took 3.31s 
191126     INFO  Test worker     d.u.i.k.p.i.AbstractProblemLoader Loading environment from src\test\resources\testcase\termLabels\flatSteps\FlatSteps.java 
191126     DEBUG Test worker     d.u.i.k.p.i.AbstractProblemLoader Environment load took 208.6ns 
191126     INFO  Test worker     d.u.i.k.p.i.AbstractProblemLoader Creating init config 
194555     DEBUG Test worker     d.u.i.k.p.i.AbstractProblemLoader Init config took 3.42s 
194555     INFO  Test worker     d.u.i.k.p.i.AbstractProblemLoader Loading environment from src\test\resources\testcase\termLabels\flatSteps\FlatSteps.java 
194571     DEBUG Test worker     d.u.i.k.p.i.AbstractProblemLoader Environment load took 602ns 
194571     INFO  Test worker     d.u.i.k.p.i.AbstractProblemLoader Creating init config 
197952     DEBUG Test worker     d.u.i.k.p.i.AbstractProblemLoader Init config took 3.39s 
197967     INFO  Test worker     d.u.i.k.p.i.AbstractProblemLoader Loading environment from src\test\resources\testcase\termLabels\flatSteps\FlatSteps.java 
197967     DEBUG Test worker     d.u.i.k.p.i.AbstractProblemLoader Environment load took 522.8ns 
197967     INFO  Test worker     d.u.i.k.p.i.AbstractProblemLoader Creating init config 
201276     DEBUG Test worker     d.u.i.k.p.i.AbstractProblemLoader Init config took 3.3s 
]]></system-out>
  <system-err><![CDATA[]]></system-err>
</testsuite>
