<?xml version="1.0" encoding="UTF-8"?>
<testsuite name="de.uka.ilkd.key.proof.TestOneStepSimplifier" tests="1" skipped="0" failures="0" errors="0" timestamp="2023-05-30T17:04:19" hostname="fv-az192-933" time="4.639">
  <properties/>
  <testcase name="loadWithRestriction()" classname="de.uka.ilkd.key.proof.TestOneStepSimplifier" time="4.639"/>
  <system-out><![CDATA[508258     INFO  Test worker     d.u.i.k.p.i.AbstractProblemLoader Loading environment from src\test\resources\testcase\ossRestriction.proof 
508258     DEBUG Test worker     d.u.i.k.p.i.AbstractProblemLoader Environment load took 197.2ns 
508258     INFO  Test worker     d.u.i.k.p.i.AbstractProblemLoader Creating init config 
508477     DEBUG Test worker     d.u.i.k.j.TypeConverter   No LDT found for Meta 
508477     DEBUG Test worker     d.u.i.k.j.TypeConverter   No LDT found for Meta 
508477     DEBUG Test worker     d.u.i.k.j.TypeConverter   No LDT found for Meta 
508477     DEBUG Test worker     d.u.i.k.j.TypeConverter   No LDT found for Meta 
509079     DEBUG Test worker     d.u.i.k.j.TypeConverter   No LDT found for JavaBigintExpression 
512863     DEBUG Test worker     d.u.i.k.p.i.AbstractProblemLoader Init config took 4.6s 
512894     INFO  Test worker     d.u.i.k.p.i.AbstractProblemLoader Replaying proof ossRestriction.proof 
512894     DEBUG Test worker     d.u.i.k.p.i.IntermediateProofReplayer Proof replay took 1.25ms 
]]></system-out>
  <system-err><![CDATA[]]></system-err>
</testsuite>
