<?xml version="1.0" encoding="UTF-8"?>
<testsuite name="de.uka.ilkd.key.macros.scripts.TestProofScriptCommand" tests="7" skipped="0" failures="0" errors="0" timestamp="2023-05-30T16:59:19" hostname="fv-az192-933" time="24.393">
  <properties/>
  <testcase name="[1] andRight.props, D:\a\key\key\key.core\build\resources\test\de\uka\ilkd\key\macros\scripts\cases\andRight.props" classname="de.uka.ilkd.key.macros.scripts.TestProofScriptCommand" time="3.399"/>
  <testcase name="[2] hide.exc.props, D:\a\key\key\key.core\build\resources\test\de\uka\ilkd\key\macros\scripts\cases\hide.exc.props" classname="de.uka.ilkd.key.macros.scripts.TestProofScriptCommand" time="3.446"/>
  <testcase name="[3] hide.props, D:\a\key\key\key.core\build\resources\test\de\uka\ilkd\key\macros\scripts\cases\hide.props" classname="de.uka.ilkd.key.macros.scripts.TestProofScriptCommand" time="3.436"/>
  <testcase name="[4] rule.exc.props, D:\a\key\key\key.core\build\resources\test\de\uka\ilkd\key\macros\scripts\cases\rule.exc.props" classname="de.uka.ilkd.key.macros.scripts.TestProofScriptCommand" time="3.468"/>
  <testcase name="[5] selectFormula.props, D:\a\key\key\key.core\build\resources\test\de\uka\ilkd\key\macros\scripts\cases\selectFormula.props" classname="de.uka.ilkd.key.macros.scripts.TestProofScriptCommand" time="3.526"/>
  <testcase name="[6] unhide.props, D:\a\key\key\key.core\build\resources\test\de\uka\ilkd\key\macros\scripts\cases\unhide.props" classname="de.uka.ilkd.key.macros.scripts.TestProofScriptCommand" time="3.627"/>
  <testcase name="[7] unhide2.props, D:\a\key\key\key.core\build\resources\test\de\uka\ilkd\key\macros\scripts\cases\unhide2.props" classname="de.uka.ilkd.key.macros.scripts.TestProofScriptCommand" time="3.483"/>
  <system-out><![CDATA[208182     INFO  Test worker     d.u.i.k.p.i.AbstractProblemLoader Loading environment from C:\Users\RUNNER~1\AppData\Local\Temp\proofscript_key_andRight.props15544730165853625891.key 
208182     DEBUG Test worker     d.u.i.k.p.i.AbstractProblemLoader Environment load took 733.1ns 
208182     INFO  Test worker     d.u.i.k.p.i.AbstractProblemLoader Creating init config 
211522     DEBUG Test worker     d.u.i.k.p.i.AbstractProblemLoader Init config took 3.34s 
211553     INFO  Test worker     d.u.i.k.p.i.AbstractProblemLoader Replaying proof proofscript_key_andRight.props15544730165853625891.key 
211569     DEBUG Test worker     d.u.i.k.p.i.IntermediateProofReplayer Proof replay took 9.9ns 
211569     DEBUG Test worker     d.u.i.k.m.s.ProofScriptEngine 1: 'rule andRight' 
211569     INFO  Test worker     d.u.i.k.p.i.AbstractProblemLoader Loading environment from C:\Users\RUNNER~1\AppData\Local\Temp\proofscript_key_hide.exc.props3180997655685265926.key 
211569     DEBUG Test worker     d.u.i.k.p.i.AbstractProblemLoader Environment load took 625.1ns 
211585     INFO  Test worker     d.u.i.k.p.i.AbstractProblemLoader Creating init config 
214969     DEBUG Test worker     d.u.i.k.p.i.AbstractProblemLoader Init config took 3.4s 
215000     INFO  Test worker     d.u.i.k.p.i.AbstractProblemLoader Replaying proof proofscript_key_hide.exc.props3180997655685265926.key 
215016     DEBUG Test worker     d.u.i.k.p.i.IntermediateProofReplayer Proof replay took 9.8ns 
215016     DEBUG Test worker     d.u.i.k.m.s.ProofScriptEngine 1: 'macro split-prop' 
215016     DEBUG Test worker     d.u.i.k.m.s.ProofScriptEngine 2: 'hide "b ==>"' 
215016     DEBUG Test worker     d.u.i.k.m.s.ProofScriptEngine GOALS: 1 
215016     DEBUG Test worker     d.u.i.k.m.s.ProofScriptEngine [a]==>[b] 
215031     INFO  Test worker     d.u.i.k.p.i.AbstractProblemLoader Loading environment from C:\Users\RUNNER~1\AppData\Local\Temp\proofscript_key_hide.props2442977182467257260.key 
215031     DEBUG Test worker     d.u.i.k.p.i.AbstractProblemLoader Environment load took 1.02ms 
215031     INFO  Test worker     d.u.i.k.p.i.AbstractProblemLoader Creating init config 
218406     DEBUG Test worker     d.u.i.k.p.i.AbstractProblemLoader Init config took 3.38s 
218437     INFO  Test worker     d.u.i.k.p.i.AbstractProblemLoader Replaying proof proofscript_key_hide.props2442977182467257260.key 
218437     DEBUG Test worker     d.u.i.k.p.i.IntermediateProofReplayer Proof replay took 11ns 
218437     DEBUG Test worker     d.u.i.k.m.s.ProofScriptEngine 1: 'macro split-prop' 
218453     DEBUG Test worker     d.u.i.k.m.s.ProofScriptEngine 2: 'hide "a ==> d, e"' 
218469     INFO  Test worker     d.u.i.k.p.i.AbstractProblemLoader Loading environment from C:\Users\RUNNER~1\AppData\Local\Temp\proofscript_key_rule.exc.props4834306071855805483.key 
218469     DEBUG Test worker     d.u.i.k.p.i.AbstractProblemLoader Environment load took 195.4ns 
218469     INFO  Test worker     d.u.i.k.p.i.AbstractProblemLoader Creating init config 
221892     DEBUG Test worker     d.u.i.k.p.i.AbstractProblemLoader Init config took 3.42s 
221908     INFO  Test worker     d.u.i.k.p.i.AbstractProblemLoader Replaying proof proofscript_key_rule.exc.props4834306071855805483.key 
221908     DEBUG Test worker     d.u.i.k.p.i.IntermediateProofReplayer Proof replay took 9.4ns 
221908     DEBUG Test worker     d.u.i.k.m.s.ProofScriptEngine 1: 'rule andLeft' 
221923     DEBUG Test worker     d.u.i.k.m.s.ProofScriptEngine GOALS: 1 
221923     DEBUG Test worker     d.u.i.k.m.s.ProofScriptEngine []==>[and(a,b)] 
221923     INFO  Test worker     d.u.i.k.p.i.AbstractProblemLoader Loading environment from C:\Users\RUNNER~1\AppData\Local\Temp\proofscript_key_selectFormula.props17895839238143860085.key 
221923     DEBUG Test worker     d.u.i.k.p.i.AbstractProblemLoader Environment load took 812.6ns 
221923     INFO  Test worker     d.u.i.k.p.i.AbstractProblemLoader Creating init config 
225403     DEBUG Test worker     d.u.i.k.p.i.AbstractProblemLoader Init config took 3.48s 
225434     INFO  Test worker     d.u.i.k.p.i.AbstractProblemLoader Replaying proof proofscript_key_selectFormula.props17895839238143860085.key 
225434     DEBUG Test worker     d.u.i.k.p.i.IntermediateProofReplayer Proof replay took 9.2ns 
225434     DEBUG Test worker     d.u.i.k.m.s.ProofScriptEngine 1: 'macro split-prop' 
225450     DEBUG Test worker     d.u.i.k.m.s.ProofScriptEngine 2: 'select formula="b"' 
225450     INFO  Test worker     d.u.i.k.p.i.AbstractProblemLoader Loading environment from C:\Users\RUNNER~1\AppData\Local\Temp\proofscript_key_unhide.props10939151221118752466.key 
225450     DEBUG Test worker     d.u.i.k.p.i.AbstractProblemLoader Environment load took 162.4ns 
225466     INFO  Test worker     d.u.i.k.p.i.AbstractProblemLoader Creating init config 
228952     DEBUG Test worker     d.u.i.k.p.i.AbstractProblemLoader Init config took 3.49s 
228983     INFO  Test worker     d.u.i.k.p.i.AbstractProblemLoader Replaying proof proofscript_key_unhide.props10939151221118752466.key 
228983     DEBUG Test worker     d.u.i.k.p.i.IntermediateProofReplayer Proof replay took 9.2ns 
228983     DEBUG Test worker     d.u.i.k.m.s.ProofScriptEngine 1: 'rule impRight' 
228999     DEBUG Test worker     d.u.i.k.m.s.ProofScriptEngine 2: 'hide '2=3 ==> 3=4'' 
229061     DEBUG Test worker     d.u.i.k.m.s.ProofScriptEngine 3: 'unhide '2=3 ==>'' 
229061     DEBUG Test worker     d.u.i.k.m.s.ProofScriptEngine 4: 'unhide '==> 3=4'' 
229077     INFO  Test worker     d.u.i.k.p.i.AbstractProblemLoader Loading environment from C:\Users\RUNNER~1\AppData\Local\Temp\proofscript_key_unhide2.props16967721728254245763.key 
229077     DEBUG Test worker     d.u.i.k.p.i.AbstractProblemLoader Environment load took 577.3ns 
229077     INFO  Test worker     d.u.i.k.p.i.AbstractProblemLoader Creating init config 
232516     DEBUG Test worker     d.u.i.k.p.i.AbstractProblemLoader Init config took 3.44s 
232547     INFO  Test worker     d.u.i.k.p.i.AbstractProblemLoader Replaying proof proofscript_key_unhide2.props16967721728254245763.key 
232547     DEBUG Test worker     d.u.i.k.p.i.IntermediateProofReplayer Proof replay took 10.8ns 
232547     DEBUG Test worker     d.u.i.k.m.s.ProofScriptEngine 1: 'rule impRight' 
232547     DEBUG Test worker     d.u.i.k.m.s.ProofScriptEngine 2: 'hide '2=3 ==> 3=4'' 
232547     DEBUG Test worker     d.u.i.k.m.s.ProofScriptEngine 3: 'unhide '2=3 ==> 3=4'' 
]]></system-out>
  <system-err><![CDATA[]]></system-err>
</testsuite>
