<?xml version="1.0" encoding="UTF-8"?>
<testsuite name="de.uka.ilkd.key.parser.TestDeclParser" tests="14" skipped="2" failures="0" errors="0" timestamp="2023-05-30T17:00:08" hostname="fv-az192-933" time="13.111">
  <properties/>
  <testcase name="testGenericSortDecl1()" classname="de.uka.ilkd.key.parser.TestDeclParser" time="1.145"/>
  <testcase name="testGenericSortDecl2()" classname="de.uka.ilkd.key.parser.TestDeclParser" time="1.122"/>
  <testcase name="testGenericSortDecl3()" classname="de.uka.ilkd.key.parser.TestDeclParser" time="1.113"/>
  <testcase name="testGenericSortDecl4()" classname="de.uka.ilkd.key.parser.TestDeclParser" time="1.005"/>
  <testcase name="testGenericSortDecl5()" classname="de.uka.ilkd.key.parser.TestDeclParser" time="0.001">
    <skipped/>
  </testcase>
  <testcase name="testGenericSortDecl6()" classname="de.uka.ilkd.key.parser.TestDeclParser" time="1.085"/>
  <testcase name="testSortDecl()" classname="de.uka.ilkd.key.parser.TestDeclParser" time="1.139"/>
  <testcase name="testProxySortDecl()" classname="de.uka.ilkd.key.parser.TestDeclParser" time="1.05"/>
  <testcase name="testArrayDecl()" classname="de.uka.ilkd.key.parser.TestDeclParser" time="1.145"/>
  <testcase name="testAmbiguousDecls()" classname="de.uka.ilkd.key.parser.TestDeclParser" time="0.0">
    <skipped/>
  </testcase>
  <testcase name="testHeurDecl()" classname="de.uka.ilkd.key.parser.TestDeclParser" time="1.042"/>
  <testcase name="testFunctionDecl()" classname="de.uka.ilkd.key.parser.TestDeclParser" time="1.121"/>
  <testcase name="testPredicateDecl()" classname="de.uka.ilkd.key.parser.TestDeclParser" time="1.111"/>
  <testcase name="testSVDecl()" classname="de.uka.ilkd.key.parser.TestDeclParser" time="1.029"/>
  <system-out><![CDATA[258113     INFO  Test worker     d.u.i.k.n.KeyIO           Parsing took 0 ms 
258113     DEBUG Test worker     d.u.i.k.n.KeyIO           Load declarations of de.uka.ilkd.key.nparser.KeyAst$File:  <unknown>:1#1 
258113     INFO  Test worker     d.u.i.k.n.KeyIO           MODE: declarations took 0 ms 
258129     DEBUG Test worker     d.u.i.k.n.KeyIO           MODE: 2nd degree decls took 16 
258129     DEBUG Test worker     d.u.i.k.n.KeyIO           MODE: taclets took 0ms 
259249     INFO  Test worker     d.u.i.k.n.KeyIO           Parsing took 0 ms 
259249     DEBUG Test worker     d.u.i.k.n.KeyIO           Load declarations of de.uka.ilkd.key.nparser.KeyAst$File:  <unknown>:1#1 
259249     INFO  Test worker     d.u.i.k.n.KeyIO           MODE: declarations took 0 ms 
259249     DEBUG Test worker     d.u.i.k.n.KeyIO           MODE: 2nd degree decls took 0 
259249     DEBUG Test worker     d.u.i.k.n.KeyIO           MODE: taclets took 0ms 
260360     INFO  Test worker     d.u.i.k.n.KeyIO           Parsing took 0 ms 
260360     DEBUG Test worker     d.u.i.k.n.KeyIO           Load declarations of de.uka.ilkd.key.nparser.KeyAst$File:  <unknown>:1#1 
260360     INFO  Test worker     d.u.i.k.n.KeyIO           MODE: declarations took 0 ms 
260360     DEBUG Test worker     d.u.i.k.n.KeyIO           MODE: 2nd degree decls took 0 
260360     DEBUG Test worker     d.u.i.k.n.KeyIO           MODE: taclets took 0ms 
261369     INFO  Test worker     d.u.i.k.n.KeyIO           Parsing took 0 ms 
261369     DEBUG Test worker     d.u.i.k.n.KeyIO           Load declarations of de.uka.ilkd.key.nparser.KeyAst$File:  <unknown>:1#1 
261369     INFO  Test worker     d.u.i.k.n.KeyIO           MODE: declarations took 0 ms 
261369     DEBUG Test worker     d.u.i.k.n.KeyIO           MODE: 2nd degree decls took 0 
261369     DEBUG Test worker     d.u.i.k.n.KeyIO           MODE: taclets took 0ms 
262456     INFO  Test worker     d.u.i.k.n.KeyIO           Parsing took 0 ms 
262456     DEBUG Test worker     d.u.i.k.n.KeyIO           Load declarations of de.uka.ilkd.key.nparser.KeyAst$File:  <unknown>:1#1 
262456     INFO  Test worker     d.u.i.k.n.KeyIO           MODE: declarations took 0 ms 
262456     DEBUG Test worker     d.u.i.k.n.KeyIO           MODE: 2nd degree decls took 0 
262456     DEBUG Test worker     d.u.i.k.n.KeyIO           MODE: taclets took 0ms 
263595     INFO  Test worker     d.u.i.k.n.KeyIO           Parsing took 0 ms 
263595     DEBUG Test worker     d.u.i.k.n.KeyIO           Load declarations of de.uka.ilkd.key.nparser.KeyAst$File:  <unknown>:1#1 
263595     INFO  Test worker     d.u.i.k.n.KeyIO           MODE: declarations took 0 ms 
263595     DEBUG Test worker     d.u.i.k.n.KeyIO           MODE: 2nd degree decls took 0 
263595     DEBUG Test worker     d.u.i.k.n.KeyIO           MODE: taclets took 0ms 
264645     INFO  Test worker     d.u.i.k.n.KeyIO           Parsing took 15 ms 
264645     DEBUG Test worker     d.u.i.k.n.KeyIO           Load declarations of de.uka.ilkd.key.nparser.KeyAst$File:  <unknown>:1#1 
264645     INFO  Test worker     d.u.i.k.n.KeyIO           MODE: declarations took 0 ms 
264645     DEBUG Test worker     d.u.i.k.n.KeyIO           MODE: 2nd degree decls took 0 
264645     DEBUG Test worker     d.u.i.k.n.KeyIO           MODE: taclets took 0ms 
265767     INFO  Test worker     d.u.i.k.n.KeyIO           Parsing took 0 ms 
265767     DEBUG Test worker     d.u.i.k.n.KeyIO           Load declarations of de.uka.ilkd.key.nparser.KeyAst$File:  <unknown>:1#1 
265767     INFO  Test worker     d.u.i.k.n.KeyIO           MODE: declarations took 0 ms 
265767     DEBUG Test worker     d.u.i.k.n.KeyIO           MODE: 2nd degree decls took 0 
265782     DEBUG Test worker     d.u.i.k.n.KeyIO           MODE: taclets took 0ms 
266830     INFO  Test worker     d.u.i.k.n.KeyIO           Parsing took 0 ms 
266830     DEBUG Test worker     d.u.i.k.n.KeyIO           Load declarations of de.uka.ilkd.key.nparser.KeyAst$File:  <unknown>:1#1 
266830     INFO  Test worker     d.u.i.k.n.KeyIO           MODE: declarations took 0 ms 
266830     DEBUG Test worker     d.u.i.k.n.KeyIO           MODE: 2nd degree decls took 0 
266830     DEBUG Test worker     d.u.i.k.n.KeyIO           MODE: taclets took 0ms 
267955     INFO  Test worker     d.u.i.k.n.KeyIO           Parsing took 0 ms 
267955     DEBUG Test worker     d.u.i.k.n.KeyIO           Load declarations of de.uka.ilkd.key.nparser.KeyAst$File:  <unknown>:1#1 
267955     INFO  Test worker     d.u.i.k.n.KeyIO           MODE: declarations took 0 ms 
267955     DEBUG Test worker     d.u.i.k.n.KeyIO           MODE: 2nd degree decls took 0 
267955     DEBUG Test worker     d.u.i.k.n.KeyIO           MODE: taclets took 0ms 
269070     INFO  Test worker     d.u.i.k.n.KeyIO           Parsing took 0 ms 
269070     DEBUG Test worker     d.u.i.k.n.KeyIO           Load declarations of de.uka.ilkd.key.nparser.KeyAst$File:  <unknown>:1#1 
269070     INFO  Test worker     d.u.i.k.n.KeyIO           MODE: declarations took 0 ms 
269070     DEBUG Test worker     d.u.i.k.n.KeyIO           MODE: 2nd degree decls took 0 
269070     DEBUG Test worker     d.u.i.k.n.KeyIO           MODE: taclets took 0ms 
270092     INFO  Test worker     d.u.i.k.n.KeyIO           Parsing took 0 ms 
270092     DEBUG Test worker     d.u.i.k.n.KeyIO           Load declarations of de.uka.ilkd.key.nparser.KeyAst$File:  <unknown>:1#1 
270092     INFO  Test worker     d.u.i.k.n.KeyIO           MODE: declarations took 0 ms 
270092     DEBUG Test worker     d.u.i.k.n.KeyIO           MODE: 2nd degree decls took 0 
270108     DEBUG Test worker     d.u.i.k.n.KeyIO           MODE: taclets took 16ms 
]]></system-out>
  <system-err><![CDATA[]]></system-err>
</testsuite>
