<?xml version="1.0" encoding="UTF-8"?>
<testsuite name="de.uka.ilkd.key.rule.merge.PredicateAbstractionLatticeTests" tests="3" skipped="0" failures="0" errors="0" timestamp="2023-05-30T17:06:31" hostname="fv-az192-933" time="7.229">
  <properties/>
  <testcase name="testToAndFromString()" classname="de.uka.ilkd.key.rule.merge.PredicateAbstractionLatticeTests" time="3.59"/>
  <testcase name="testCreateSignLatticeWithPredicates()" classname="de.uka.ilkd.key.rule.merge.PredicateAbstractionLatticeTests" time="3.639"/>
  <testcase name="testTrivialPredicatesLattice()" classname="de.uka.ilkd.key.rule.merge.PredicateAbstractionLatticeTests" time="0.0"/>
  <system-out><![CDATA[639391     INFO  Test worker     d.u.i.k.p.i.AbstractProblemLoader Loading environment from src\test\resources\testcase\merge\dummy.key 
639391     DEBUG Test worker     d.u.i.k.p.i.AbstractProblemLoader Environment load took 203.3ns 
639391     INFO  Test worker     d.u.i.k.p.i.AbstractProblemLoader Creating init config 
642951     DEBUG Test worker     d.u.i.k.p.i.AbstractProblemLoader Init config took 3.56s 
642966     INFO  Test worker     d.u.i.k.p.i.AbstractProblemLoader Replaying proof dummy.key 
642966     DEBUG Test worker     d.u.i.k.p.i.IntermediateProofReplayer Proof replay took 11ns 
642966     INFO  Test worker     d.u.i.k.p.i.AbstractProblemLoader Loading environment from src\test\resources\testcase\merge\dummy.key 
642966     DEBUG Test worker     d.u.i.k.p.i.AbstractProblemLoader Environment load took 164.6ns 
642982     INFO  Test worker     d.u.i.k.p.i.AbstractProblemLoader Creating init config 
646558     DEBUG Test worker     d.u.i.k.p.i.AbstractProblemLoader Init config took 3.59s 
646590     INFO  Test worker     d.u.i.k.p.i.AbstractProblemLoader Replaying proof dummy.key 
646605     DEBUG Test worker     d.u.i.k.p.i.IntermediateProofReplayer Proof replay took 11.8ns 
]]></system-out>
  <system-err><![CDATA[]]></system-err>
</testsuite>
