<?xml version="1.0" encoding="UTF-8"?>
<testsuite name="de.uka.ilkd.key.logic.TestClashFreeSubst" tests="14" skipped="2" failures="0" errors="0" timestamp="2023-05-30T16:56:40" hostname="fv-az192-933" time="58.408">
  <properties/>
  <testcase name="testMultiShareBound()" classname="de.uka.ilkd.key.logic.TestClashFreeSubst" time="1.177"/>
  <testcase name="testClash()" classname="de.uka.ilkd.key.logic.TestClashFreeSubst" time="1.107"/>
  <testcase name="testShare()" classname="de.uka.ilkd.key.logic.TestClashFreeSubst" time="1.106"/>
  <testcase name="testSubst()" classname="de.uka.ilkd.key.logic.TestClashFreeSubst" time="1.068"/>
  <testcase name="testWary0()" classname="de.uka.ilkd.key.logic.TestClashFreeSubst" time="1.058"/>
  <testcase name="testWary1()" classname="de.uka.ilkd.key.logic.TestClashFreeSubst" time="1.083"/>
  <testcase name="testWary2()" classname="de.uka.ilkd.key.logic.TestClashFreeSubst" time="1.06"/>
  <testcase name="testClashInSubstTerm()" classname="de.uka.ilkd.key.logic.TestClashFreeSubst" time="1.066"/>
  <testcase name="testShareWary()" classname="de.uka.ilkd.key.logic.TestClashFreeSubst" time="1.054"/>
  <testcase name="testMultiSubst()" classname="de.uka.ilkd.key.logic.TestClashFreeSubst" time="1.066"/>
  <testcase name="xtestMultiClash()" classname="de.uka.ilkd.key.logic.TestClashFreeSubst" time="0.0">
    <skipped/>
  </testcase>
  <testcase name="testSubstInSubstTerm()" classname="de.uka.ilkd.key.logic.TestClashFreeSubst" time="1.068"/>
  <testcase name="testSubstWary()" classname="de.uka.ilkd.key.logic.TestClashFreeSubst" time="1.046"/>
  <testcase name="xtestMultiClash1()" classname="de.uka.ilkd.key.logic.TestClashFreeSubst" time="0.0">
    <skipped/>
  </testcase>
  <system-out><![CDATA[48318      INFO  Test worker     d.u.i.k.n.KeyIO           Parsing took 0 ms 
48318      DEBUG Test worker     d.u.i.k.n.KeyIO           Load declarations of de.uka.ilkd.key.nparser.KeyAst$File:  <unknown>:1#1 
48318      INFO  Test worker     d.u.i.k.n.KeyIO           MODE: declarations took 0 ms 
48318      DEBUG Test worker     d.u.i.k.n.KeyIO           MODE: 2nd degree decls took 0 
49481      INFO  Test worker     d.u.i.k.n.KeyIO           Parsing took 0 ms 
49481      DEBUG Test worker     d.u.i.k.n.KeyIO           Load declarations of de.uka.ilkd.key.nparser.KeyAst$File:  <unknown>:1#1 
49481      INFO  Test worker     d.u.i.k.n.KeyIO           MODE: declarations took 0 ms 
49496      DEBUG Test worker     d.u.i.k.n.KeyIO           MODE: 2nd degree decls took 0 
53194      INFO  Test worker     d.u.i.k.n.KeyIO           Parsing took 0 ms 
53194      DEBUG Test worker     d.u.i.k.n.KeyIO           Load declarations of de.uka.ilkd.key.nparser.KeyAst$File:  <unknown>:1#1 
53194      INFO  Test worker     d.u.i.k.n.KeyIO           MODE: declarations took 0 ms 
53194      DEBUG Test worker     d.u.i.k.n.KeyIO           MODE: 2nd degree decls took 0 
54299      INFO  Test worker     d.u.i.k.n.KeyIO           Parsing took 0 ms 
54299      DEBUG Test worker     d.u.i.k.n.KeyIO           Load declarations of de.uka.ilkd.key.nparser.KeyAst$File:  <unknown>:1#1 
54299      INFO  Test worker     d.u.i.k.n.KeyIO           MODE: declarations took 0 ms 
54299      DEBUG Test worker     d.u.i.k.n.KeyIO           MODE: 2nd degree decls took 0 
57859      INFO  Test worker     d.u.i.k.n.KeyIO           Parsing took 0 ms 
57859      DEBUG Test worker     d.u.i.k.n.KeyIO           Load declarations of de.uka.ilkd.key.nparser.KeyAst$File:  <unknown>:1#1 
57859      INFO  Test worker     d.u.i.k.n.KeyIO           MODE: declarations took 0 ms 
57859      DEBUG Test worker     d.u.i.k.n.KeyIO           MODE: 2nd degree decls took 0 
58969      INFO  Test worker     d.u.i.k.n.KeyIO           Parsing took 0 ms 
58970      DEBUG Test worker     d.u.i.k.n.KeyIO           Load declarations of de.uka.ilkd.key.nparser.KeyAst$File:  <unknown>:1#1 
58970      INFO  Test worker     d.u.i.k.n.KeyIO           MODE: declarations took 0 ms 
58971      DEBUG Test worker     d.u.i.k.n.KeyIO           MODE: 2nd degree decls took 1 
62527      INFO  Test worker     d.u.i.k.n.KeyIO           Parsing took 0 ms 
62527      DEBUG Test worker     d.u.i.k.n.KeyIO           Load declarations of de.uka.ilkd.key.nparser.KeyAst$File:  <unknown>:1#1 
62527      INFO  Test worker     d.u.i.k.n.KeyIO           MODE: declarations took 0 ms 
62527      DEBUG Test worker     d.u.i.k.n.KeyIO           MODE: 2nd degree decls took 0 
63601      INFO  Test worker     d.u.i.k.n.KeyIO           Parsing took 0 ms 
63602      DEBUG Test worker     d.u.i.k.n.KeyIO           Load declarations of de.uka.ilkd.key.nparser.KeyAst$File:  <unknown>:1#1 
63602      INFO  Test worker     d.u.i.k.n.KeyIO           MODE: declarations took 0 ms 
63602      DEBUG Test worker     d.u.i.k.n.KeyIO           MODE: 2nd degree decls took 0 
67107      INFO  Test worker     d.u.i.k.n.KeyIO           Parsing took 0 ms 
67107      DEBUG Test worker     d.u.i.k.n.KeyIO           Load declarations of de.uka.ilkd.key.nparser.KeyAst$File:  <unknown>:1#1 
67107      INFO  Test worker     d.u.i.k.n.KeyIO           MODE: declarations took 0 ms 
67107      DEBUG Test worker     d.u.i.k.n.KeyIO           MODE: 2nd degree decls took 0 
68160      INFO  Test worker     d.u.i.k.n.KeyIO           Parsing took 0 ms 
68160      DEBUG Test worker     d.u.i.k.n.KeyIO           Load declarations of de.uka.ilkd.key.nparser.KeyAst$File:  <unknown>:1#1 
68160      INFO  Test worker     d.u.i.k.n.KeyIO           MODE: declarations took 0 ms 
68160      DEBUG Test worker     d.u.i.k.n.KeyIO           MODE: 2nd degree decls took 0 
71737      INFO  Test worker     d.u.i.k.n.KeyIO           Parsing took 0 ms 
71737      DEBUG Test worker     d.u.i.k.n.KeyIO           Load declarations of de.uka.ilkd.key.nparser.KeyAst$File:  <unknown>:1#1 
71737      INFO  Test worker     d.u.i.k.n.KeyIO           MODE: declarations took 0 ms 
71737      DEBUG Test worker     d.u.i.k.n.KeyIO           MODE: 2nd degree decls took 0 
72815      INFO  Test worker     d.u.i.k.n.KeyIO           Parsing took 0 ms 
72815      DEBUG Test worker     d.u.i.k.n.KeyIO           Load declarations of de.uka.ilkd.key.nparser.KeyAst$File:  <unknown>:1#1 
72815      INFO  Test worker     d.u.i.k.n.KeyIO           MODE: declarations took 0 ms 
72815      DEBUG Test worker     d.u.i.k.n.KeyIO           MODE: 2nd degree decls took 0 
76197      INFO  Test worker     d.u.i.k.n.KeyIO           Parsing took 0 ms 
76197      DEBUG Test worker     d.u.i.k.n.KeyIO           Load declarations of de.uka.ilkd.key.nparser.KeyAst$File:  <unknown>:1#1 
76197      INFO  Test worker     d.u.i.k.n.KeyIO           MODE: declarations took 0 ms 
76197      DEBUG Test worker     d.u.i.k.n.KeyIO           MODE: 2nd degree decls took 0 
77253      INFO  Test worker     d.u.i.k.n.KeyIO           Parsing took 0 ms 
77253      DEBUG Test worker     d.u.i.k.n.KeyIO           Load declarations of de.uka.ilkd.key.nparser.KeyAst$File:  <unknown>:1#1 
77253      INFO  Test worker     d.u.i.k.n.KeyIO           MODE: declarations took 0 ms 
77253      DEBUG Test worker     d.u.i.k.n.KeyIO           MODE: 2nd degree decls took 0 
80724      INFO  Test worker     d.u.i.k.n.KeyIO           Parsing took 0 ms 
80724      DEBUG Test worker     d.u.i.k.n.KeyIO           Load declarations of de.uka.ilkd.key.nparser.KeyAst$File:  <unknown>:1#1 
80724      INFO  Test worker     d.u.i.k.n.KeyIO           MODE: declarations took 0 ms 
80724      DEBUG Test worker     d.u.i.k.n.KeyIO           MODE: 2nd degree decls took 0 
81781      INFO  Test worker     d.u.i.k.n.KeyIO           Parsing took 0 ms 
81781      DEBUG Test worker     d.u.i.k.n.KeyIO           Load declarations of de.uka.ilkd.key.nparser.KeyAst$File:  <unknown>:1#1 
81781      INFO  Test worker     d.u.i.k.n.KeyIO           MODE: declarations took 0 ms 
81781      DEBUG Test worker     d.u.i.k.n.KeyIO           MODE: 2nd degree decls took 0 
85259      INFO  Test worker     d.u.i.k.n.KeyIO           Parsing took 0 ms 
85259      DEBUG Test worker     d.u.i.k.n.KeyIO           Load declarations of de.uka.ilkd.key.nparser.KeyAst$File:  <unknown>:1#1 
85259      INFO  Test worker     d.u.i.k.n.KeyIO           MODE: declarations took 0 ms 
85259      DEBUG Test worker     d.u.i.k.n.KeyIO           MODE: 2nd degree decls took 0 
86294      INFO  Test worker     d.u.i.k.n.KeyIO           Parsing took 0 ms 
86294      DEBUG Test worker     d.u.i.k.n.KeyIO           Load declarations of de.uka.ilkd.key.nparser.KeyAst$File:  <unknown>:1#1 
86294      INFO  Test worker     d.u.i.k.n.KeyIO           MODE: declarations took 0 ms 
86310      DEBUG Test worker     d.u.i.k.n.KeyIO           MODE: 2nd degree decls took 16 
89844      INFO  Test worker     d.u.i.k.n.KeyIO           Parsing took 0 ms 
89844      DEBUG Test worker     d.u.i.k.n.KeyIO           Load declarations of de.uka.ilkd.key.nparser.KeyAst$File:  <unknown>:1#1 
89844      INFO  Test worker     d.u.i.k.n.KeyIO           MODE: declarations took 0 ms 
89844      DEBUG Test worker     d.u.i.k.n.KeyIO           MODE: 2nd degree decls took 0 
90885      INFO  Test worker     d.u.i.k.n.KeyIO           Parsing took 0 ms 
90885      DEBUG Test worker     d.u.i.k.n.KeyIO           Load declarations of de.uka.ilkd.key.nparser.KeyAst$File:  <unknown>:1#1 
90885      INFO  Test worker     d.u.i.k.n.KeyIO           MODE: declarations took 0 ms 
90885      DEBUG Test worker     d.u.i.k.n.KeyIO           MODE: 2nd degree decls took 0 
97785      INFO  Test worker     d.u.i.k.n.KeyIO           Parsing took 0 ms 
97800      DEBUG Test worker     d.u.i.k.n.KeyIO           Load declarations of de.uka.ilkd.key.nparser.KeyAst$File:  <unknown>:1#1 
97800      INFO  Test worker     d.u.i.k.n.KeyIO           MODE: declarations took 0 ms 
97800      DEBUG Test worker     d.u.i.k.n.KeyIO           MODE: 2nd degree decls took 0 
98852      INFO  Test worker     d.u.i.k.n.KeyIO           Parsing took 0 ms 
98852      DEBUG Test worker     d.u.i.k.n.KeyIO           Load declarations of de.uka.ilkd.key.nparser.KeyAst$File:  <unknown>:1#1 
98852      INFO  Test worker     d.u.i.k.n.KeyIO           MODE: declarations took 0 ms 
98852      DEBUG Test worker     d.u.i.k.n.KeyIO           MODE: 2nd degree decls took 0 
102299     INFO  Test worker     d.u.i.k.n.KeyIO           Parsing took 0 ms 
102299     DEBUG Test worker     d.u.i.k.n.KeyIO           Load declarations of de.uka.ilkd.key.nparser.KeyAst$File:  <unknown>:1#1 
102314     INFO  Test worker     d.u.i.k.n.KeyIO           MODE: declarations took 15 ms 
102314     DEBUG Test worker     d.u.i.k.n.KeyIO           MODE: 2nd degree decls took 0 
103338     INFO  Test worker     d.u.i.k.n.KeyIO           Parsing took 0 ms 
103338     DEBUG Test worker     d.u.i.k.n.KeyIO           Load declarations of de.uka.ilkd.key.nparser.KeyAst$File:  <unknown>:1#1 
103353     INFO  Test worker     d.u.i.k.n.KeyIO           MODE: declarations took 15 ms 
103353     DEBUG Test worker     d.u.i.k.n.KeyIO           MODE: 2nd degree decls took 0 
]]></system-out>
  <system-err><![CDATA[]]></system-err>
</testsuite>
