<?xml version="1.0" encoding="UTF-8"?>
<testsuite name="de.uka.ilkd.key.util.TestEqualsModProofIrrelevancy" tests="1" skipped="0" failures="0" errors="0" timestamp="2023-05-30T17:11:56" hostname="fv-az192-933" time="16.36">
  <properties/>
  <testcase name="testJavaProof()" classname="de.uka.ilkd.key.util.TestEqualsModProofIrrelevancy" time="16.36"/>
  <system-out><![CDATA[965238     INFO  Test worker     d.u.i.k.p.i.AbstractProblemLoader Loading environment from src\test\resources\testcase\..\..\..\..\..\key.ui\examples\heap\verifyThis15_1_RelaxedPrefix\relax.proof 
965238     DEBUG Test worker     d.u.i.k.p.i.AbstractProblemLoader Environment load took 336.9ns 
965270     INFO  Test worker     d.u.i.k.p.i.AbstractProblemLoader Creating init config 
965444     DEBUG Test worker     d.u.i.k.j.TypeConverter   No LDT found for Meta 
965444     DEBUG Test worker     d.u.i.k.j.TypeConverter   No LDT found for Meta 
965444     DEBUG Test worker     d.u.i.k.j.TypeConverter   No LDT found for Meta 
965444     DEBUG Test worker     d.u.i.k.j.TypeConverter   No LDT found for Meta 
966128     DEBUG Test worker     d.u.i.k.j.TypeConverter   No LDT found for JavaBigintExpression 
970864     DEBUG Test worker     d.u.i.k.p.i.AbstractProblemLoader Init config took 5.6s 
970943     INFO  Test worker     d.u.i.k.p.i.AbstractProblemLoader Replaying proof Relaxed[Relaxed::isRelaxedPrefix([I,[I)].JML operation contract.0 
976802     DEBUG Test worker     d.u.i.k.p.i.IntermediateProofReplayer Proof replay took 5.85s 
976802     INFO  Test worker     d.u.i.k.p.i.AbstractProblemLoader Loading environment from src\test\resources\testcase\..\..\..\..\..\key.ui\examples\heap\verifyThis15_1_RelaxedPrefix\relax.proof 
976802     DEBUG Test worker     d.u.i.k.p.i.AbstractProblemLoader Environment load took 140.4ns 
976818     INFO  Test worker     d.u.i.k.p.i.AbstractProblemLoader Creating init config 
980552     DEBUG Test worker     d.u.i.k.p.i.AbstractProblemLoader Init config took 3.73s 
980614     INFO  Test worker     d.u.i.k.p.i.AbstractProblemLoader Replaying proof Relaxed[Relaxed::isRelaxedPrefix([I,[I)].JML operation contract.0 
981287     DEBUG Test worker     d.u.i.k.p.i.IntermediateProofReplayer Proof replay took 659.76ms 
]]></system-out>
  <system-err><![CDATA[]]></system-err>
</testsuite>
