<?xml version="1.0" encoding="UTF-8"?>
<testsuite name="de.uka.ilkd.key.java.TestContextStatementBlock" tests="1" skipped="0" failures="0" errors="0" timestamp="2023-05-30T16:56:22" hostname="fv-az192-933" time="1.451">
  <properties/>
  <testcase name="testContextTermInstantiation()" classname="de.uka.ilkd.key.java.TestContextStatementBlock" time="1.451"/>
  <system-out><![CDATA[31778      INFO  Test worker     d.u.i.k.n.KeyIO           Parsing took 0 ms 
31778      DEBUG Test worker     d.u.i.k.n.KeyIO           Load declarations of de.uka.ilkd.key.nparser.KeyAst$File:  D:\a\key\key\key.core\src\test\resources\testcase\testrules.key:9#1 
31778      INFO  Test worker     d.u.i.k.n.KeyIO           MODE: declarations took 0 ms 
31778      DEBUG Test worker     d.u.i.k.n.KeyIO           MODE: 2nd degree decls took 0 
31935      DEBUG Test worker     d.u.i.k.n.KeyIO           MODE: taclets took 141ms 
]]></system-out>
  <system-err><![CDATA[]]></system-err>
</testsuite>
