<?xml version="1.0" encoding="UTF-8"?>
<testsuite name="de.uka.ilkd.key.proof.runallproofs.RunAllProofsFunctional" tests="34" skipped="0" failures="0" errors="0" timestamp="2023-05-31T07:40:20" hostname="fv-az563-234" time="5144.38">
  <properties/>
  <testcase name="newBook" classname="de.uka.ilkd.key.proof.runallproofs.RunAllProofsFunctional" time="61.39"/>
  <testcase name="oldBook" classname="de.uka.ilkd.key.proof.runallproofs.RunAllProofsFunctional" time="17.392"/>
  <testcase name="comprehensions" classname="de.uka.ilkd.key.proof.runallproofs.RunAllProofsFunctional" time="64.964"/>
  <testcase name="performance" classname="de.uka.ilkd.key.proof.runallproofs.RunAllProofsFunctional" time="212.3"/>
  <testcase name="performancePOConstruction" classname="de.uka.ilkd.key.proof.runallproofs.RunAllProofsFunctional" time="86.586"/>
  <testcase name="applicationRestrictions" classname="de.uka.ilkd.key.proof.runallproofs.RunAllProofsFunctional" time="52.63"/>
  <testcase name="blockContracts" classname="de.uka.ilkd.key.proof.runallproofs.RunAllProofsFunctional" time="135.711"/>
  <testcase name="jmlAsserts" classname="de.uka.ilkd.key.proof.runallproofs.RunAllProofsFunctional" time="92.329"/>
  <testcase name="javaCard" classname="de.uka.ilkd.key.proof.runallproofs.RunAllProofsFunctional" time="128.177"/>
  <testcase name="list" classname="de.uka.ilkd.key.proof.runallproofs.RunAllProofsFunctional" time="259.172"/>
  <testcase name="list_ghost" classname="de.uka.ilkd.key.proof.runallproofs.RunAllProofsFunctional" time="66.523"/>
  <testcase name="list_recursive" classname="de.uka.ilkd.key.proof.runallproofs.RunAllProofsFunctional" time="21.976"/>
  <testcase name="list_seq" classname="de.uka.ilkd.key.proof.runallproofs.RunAllProofsFunctional" time="167.489"/>
  <testcase name="observer" classname="de.uka.ilkd.key.proof.runallproofs.RunAllProofsFunctional" time="94.695"/>
  <testcase name="removeDups" classname="de.uka.ilkd.key.proof.runallproofs.RunAllProofsFunctional" time="141.498"/>
  <testcase name="quicksort" classname="de.uka.ilkd.key.proof.runallproofs.RunAllProofsFunctional" time="104.333"/>
  <testcase name="simpleTests" classname="de.uka.ilkd.key.proof.runallproofs.RunAllProofsFunctional" time="153.496"/>
  <testcase name="SmansEtAl" classname="de.uka.ilkd.key.proof.runallproofs.RunAllProofsFunctional" time="197.38"/>
  <testcase name="VACID0" classname="de.uka.ilkd.key.proof.runallproofs.RunAllProofsFunctional" time="75.373"/>
  <testcase name="VSTTE10" classname="de.uka.ilkd.key.proof.runallproofs.RunAllProofsFunctional" time="177.459"/>
  <testcase name="WeideEtAl" classname="de.uka.ilkd.key.proof.runallproofs.RunAllProofsFunctional" time="28.84"/>
  <testcase name="arithmetic" classname="de.uka.ilkd.key.proof.runallproofs.RunAllProofsFunctional" time="477.827"/>
  <testcase name="arrays" classname="de.uka.ilkd.key.proof.runallproofs.RunAllProofsFunctional" time="55.626"/>
  <testcase name="javadl" classname="de.uka.ilkd.key.proof.runallproofs.RunAllProofsFunctional" time="577.438"/>
  <testcase name="FOL" classname="de.uka.ilkd.key.proof.runallproofs.RunAllProofsFunctional" time="266.706"/>
  <testcase name="strings" classname="de.uka.ilkd.key.proof.runallproofs.RunAllProofsFunctional" time="150.191"/>
  <testcase name="simple_info_flow" classname="de.uka.ilkd.key.proof.runallproofs.RunAllProofsFunctional" time="13.326"/>
  <testcase name="modelMethods" classname="de.uka.ilkd.key.proof.runallproofs.RunAllProofsFunctional" time="172.164"/>
  <testcase name="permissionHeap" classname="de.uka.ilkd.key.proof.runallproofs.RunAllProofsFunctional" time="793.918"/>
  <testcase name="completionScopes" classname="de.uka.ilkd.key.proof.runallproofs.RunAllProofsFunctional" time="49.843"/>
  <testcase name="reload_examples" classname="de.uka.ilkd.key.proof.runallproofs.RunAllProofsFunctional" time="43.477"/>
  <testcase name="proofLoadRepair" classname="de.uka.ilkd.key.proof.runallproofs.RunAllProofsFunctional" time="18.197"/>
  <testcase name="switch" classname="de.uka.ilkd.key.proof.runallproofs.RunAllProofsFunctional" time="62.945"/>
  <testcase name="redux" classname="de.uka.ilkd.key.proof.runallproofs.RunAllProofsFunctional" time="122.982"/>
  <system-out><![CDATA[295        INFO  Test worker     d.u.i.k.p.r.RunAllProofsTestUnit Running test newBook 
396        INFO  Timeout watchdog d.u.i.k.p.r.p.ForkedTestFileRunner Timeout watcher launched (2000 secs.) 
402        WARN  main            d.u.i.k.s.ProofSettings   No proof-settings could be loaded, using defaults java.io.FileNotFoundException: /home/runner/.key/proof-settings.props (No such file or directory)
	at java.base/java.io.FileInputStream.open0(Native Method)

453        INFO  main            d.u.i.k.p.r.p.TestFile    Now processing file /home/runner/work/key/key/key.core/../key.ui/examples/newBook/09.list_modelfield/ArrayList.add.key 
619        INFO  main            d.u.i.k.p.i.AbstractProblemLoader Loading environment from /home/runner/work/key/key/key.core/../key.ui/examples/newBook/09.list_modelfield/ArrayList.add.key 
636        DEBUG main            d.u.i.k.p.i.AbstractProblemLoader Environment load took 2.51ms 
858        INFO  main            d.u.i.k.p.i.AbstractProblemLoader Creating init config 
1707       DEBUG main            d.u.i.k.j.TypeConverter   No LDT found for Meta 
1710       DEBUG main            d.u.i.k.j.TypeConverter   No LDT found for Meta 
1711       DEBUG main            d.u.i.k.j.TypeConverter   No LDT found for Meta 
1711       DEBUG main            d.u.i.k.j.TypeConverter   No LDT found for Meta 
2944       DEBUG main            d.u.i.k.j.TypeConverter   No LDT found for JavaBigintExpression 
8308       DEBUG main            d.u.i.k.p.i.AbstractProblemLoader Init config took 7.45s 
8437       INFO  main            d.u.i.k.p.i.AbstractProblemLoader Replaying proof ArrayList[List::add(int)].JML normal_behavior operation contract.0 
8467       DEBUG main            d.u.i.k.p.i.IntermediateProofReplayer Proof replay took 31.1ns 
25386      INFO  main            d.u.i.k.p.r.p.TestFile    ... finished proof: closed. 
25625      INFO  main            d.u.i.k.p.i.AbstractProblemLoader Loading environment from /home/runner/work/key/key/key.core/../key.ui/examples/newBook/09.list_modelfield/ArrayList.add.key.proof 
25628      DEBUG main            d.u.i.k.p.i.AbstractProblemLoader Environment load took 2.18ms 
25640      INFO  main            d.u.i.k.p.i.AbstractProblemLoader Creating init config 
28622      DEBUG main            d.u.i.k.p.i.AbstractProblemLoader Init config took 2.98s 
28685      INFO  main            d.u.i.k.p.i.AbstractProblemLoader Replaying proof ArrayList[List::add(int)].JML normal_behavior operation contract.0 
30026      DEBUG main            d.u.i.k.p.i.IntermediateProofReplayer Proof replay took 1.28s 
30037      DEBUG main            d.u.i.k.p.r.p.TestFile    ... success: reloaded. 
30039      INFO  main            d.u.i.k.p.r.p.TestFile    Now processing file /home/runner/work/key/key/key.core/../key.ui/examples/newBook/09.list_modelfield/ArrayList.remFirst.key 
30051      INFO  main            d.u.i.k.p.i.AbstractProblemLoader Loading environment from /home/runner/work/key/key/key.core/../key.ui/examples/newBook/09.list_modelfield/ArrayList.remFirst.key 
30053      DEBUG main            d.u.i.k.p.i.AbstractProblemLoader Environment load took 2.72ms 
30055      INFO  main            d.u.i.k.p.i.AbstractProblemLoader Creating init config 
33064      DEBUG main            d.u.i.k.p.i.AbstractProblemLoader Init config took 3.01s 
33133      INFO  main            d.u.i.k.p.i.AbstractProblemLoader Replaying proof ArrayList[List::remFirst()].JML normal_behavior operation contract.0 
33138      DEBUG main            d.u.i.k.p.i.IntermediateProofReplayer Proof replay took 14.3ns 
37426      INFO  main            d.u.i.k.p.r.p.TestFile    ... finished proof: closed. 
37603      INFO  main            d.u.i.k.p.i.AbstractProblemLoader Loading environment from /home/runner/work/key/key/key.core/../key.ui/examples/newBook/09.list_modelfield/ArrayList.remFirst.key.proof 
37603      DEBUG main            d.u.i.k.p.i.AbstractProblemLoader Environment load took 128ns 
37605      INFO  main            d.u.i.k.p.i.AbstractProblemLoader Creating init config 
40357      DEBUG main            d.u.i.k.p.i.AbstractProblemLoader Init config took 2.75s 
40409      INFO  main            d.u.i.k.p.i.AbstractProblemLoader Replaying proof ArrayList[List::remFirst()].JML normal_behavior operation contract.0 
41013      DEBUG main            d.u.i.k.p.i.IntermediateProofReplayer Proof replay took 584.13ms 
41018      DEBUG main            d.u.i.k.p.r.p.TestFile    ... success: reloaded. 
41019      INFO  main            d.u.i.k.p.r.p.TestFile    Now processing file /home/runner/work/key/key/key.core/../key.ui/examples/newBook/09.list_modelfield/ArrayList.empty.key 
41019      INFO  main            d.u.i.k.p.i.AbstractProblemLoader Loading environment from /home/runner/work/key/key/key.core/../key.ui/examples/newBook/09.list_modelfield/ArrayList.empty.key 
41019      DEBUG main            d.u.i.k.p.i.AbstractProblemLoader Environment load took 79.6ns 
41020      INFO  main            d.u.i.k.p.i.AbstractProblemLoader Creating init config 
43825      DEBUG main            d.u.i.k.p.i.AbstractProblemLoader Init config took 2.81s 
43873      INFO  main            d.u.i.k.p.i.AbstractProblemLoader Replaying proof ArrayList[List::empty()].JML normal_behavior operation contract.0 
43875      DEBUG main            d.u.i.k.p.i.IntermediateProofReplayer Proof replay took 5ns 
44882      INFO  main            d.u.i.k.p.r.p.TestFile    ... finished proof: closed. 
45044      INFO  main            d.u.i.k.p.i.AbstractProblemLoader Loading environment from /home/runner/work/key/key/key.core/../key.ui/examples/newBook/09.list_modelfield/ArrayList.empty.key.proof 
45045      DEBUG main            d.u.i.k.p.i.AbstractProblemLoader Environment load took 1.33ms 
45048      INFO  main            d.u.i.k.p.i.AbstractProblemLoader Creating init config 
47762      DEBUG main            d.u.i.k.p.i.AbstractProblemLoader Init config took 2.71s 
47810      INFO  main            d.u.i.k.p.i.AbstractProblemLoader Replaying proof ArrayList[List::empty()].JML normal_behavior operation contract.0 
47938      DEBUG main            d.u.i.k.p.i.IntermediateProofReplayer Proof replay took 122.64ms 
47940      DEBUG main            d.u.i.k.p.r.p.TestFile    ... success: reloaded. 
47941      INFO  main            d.u.i.k.p.r.p.TestFile    Now processing file /home/runner/work/key/key/key.core/../key.ui/examples/newBook/09.list_modelfield/ArrayList.size.key 
47942      INFO  main            d.u.i.k.p.i.AbstractProblemLoader Loading environment from /home/runner/work/key/key/key.core/../key.ui/examples/newBook/09.list_modelfield/ArrayList.size.key 
47943      DEBUG main            d.u.i.k.p.i.AbstractProblemLoader Environment load took 593.3ns 
47944      INFO  main            d.u.i.k.p.i.AbstractProblemLoader Creating init config 
50686      DEBUG main            d.u.i.k.p.i.AbstractProblemLoader Init config took 2.74s 
50753      INFO  main            d.u.i.k.p.i.AbstractProblemLoader Replaying proof ArrayList[List::size()].JML normal_behavior operation contract.0 
50755      DEBUG main            d.u.i.k.p.i.IntermediateProofReplayer Proof replay took 5.8ns 
51160      INFO  main            d.u.i.k.p.r.p.TestFile    ... finished proof: closed. 
51333      INFO  main            d.u.i.k.p.i.AbstractProblemLoader Loading environment from /home/runner/work/key/key/key.core/../key.ui/examples/newBook/09.list_modelfield/ArrayList.size.key.proof 
51333      DEBUG main            d.u.i.k.p.i.AbstractProblemLoader Environment load took 144.8ns 
51335      INFO  main            d.u.i.k.p.i.AbstractProblemLoader Creating init config 
54043      DEBUG main            d.u.i.k.p.i.AbstractProblemLoader Init config took 2.71s 
54123      INFO  main            d.u.i.k.p.i.AbstractProblemLoader Replaying proof ArrayList[List::size()].JML normal_behavior operation contract.0 
54215      DEBUG main            d.u.i.k.p.i.IntermediateProofReplayer Proof replay took 83.29ms 
54217      DEBUG main            d.u.i.k.p.r.p.TestFile    ... success: reloaded. 
54218      INFO  main            d.u.i.k.p.r.p.TestFile    Now processing file /home/runner/work/key/key/key.core/../key.ui/examples/newBook/09.list_modelfield/ArrayList.get.key 
54219      INFO  main            d.u.i.k.p.i.AbstractProblemLoader Loading environment from /home/runner/work/key/key/key.core/../key.ui/examples/newBook/09.list_modelfield/ArrayList.get.key 
54221      DEBUG main            d.u.i.k.p.i.AbstractProblemLoader Environment load took 1.93ms 
54222      INFO  main            d.u.i.k.p.i.AbstractProblemLoader Creating init config 
57078      DEBUG main            d.u.i.k.p.i.AbstractProblemLoader Init config took 2.86s 
57124      INFO  main            d.u.i.k.p.i.AbstractProblemLoader Replaying proof ArrayList[List::get(int)].JML normal_behavior operation contract.0 
57125      DEBUG main            d.u.i.k.p.i.IntermediateProofReplayer Proof replay took 5.5ns 
58032      INFO  main            d.u.i.k.p.r.p.TestFile    ... finished proof: closed. 
58202      INFO  main            d.u.i.k.p.i.AbstractProblemLoader Loading environment from /home/runner/work/key/key/key.core/../key.ui/examples/newBook/09.list_modelfield/ArrayList.get.key.proof 
58203      DEBUG main            d.u.i.k.p.i.AbstractProblemLoader Environment load took 932.31ns 
58204      INFO  main            d.u.i.k.p.i.AbstractProblemLoader Creating init config 
60935      DEBUG main            d.u.i.k.p.i.AbstractProblemLoader Init config took 2.73s 
60980      INFO  main            d.u.i.k.p.i.AbstractProblemLoader Replaying proof ArrayList[List::get(int)].JML normal_behavior operation contract.0 
61087      DEBUG main            d.u.i.k.p.i.IntermediateProofReplayer Proof replay took 101.2ms 
61089      DEBUG main            d.u.i.k.p.r.p.TestFile    ... success: reloaded. 
61673      INFO  Test worker     d.u.i.k.p.r.RunAllProofsTestUnit Returning from test newBook 
61689      INFO  Test worker     d.u.i.k.p.r.RunAllProofsTestUnit Running test oldBook 
339        INFO  Timeout watchdog d.u.i.k.p.r.p.ForkedTestFileRunner Timeout watcher launched (2000 secs.) 
346        WARN  main            d.u.i.k.s.ProofSettings   The settings in /home/runner/.key/proof-settings.props are *not* read. 
376        INFO  main            d.u.i.k.p.r.p.TestFile    Now processing file /home/runner/work/key/key/key.core/../key.ui/examples/standard_key/BookExamples/02FirstOrderLogic/Ex2.58.key 
486        INFO  main            d.u.i.k.p.i.AbstractProblemLoader Loading environment from /home/runner/work/key/key/key.core/../key.ui/examples/standard_key/BookExamples/02FirstOrderLogic/Ex2.58.key 
503        DEBUG main            d.u.i.k.p.i.AbstractProblemLoader Environment load took 2.74ms 
749        INFO  main            d.u.i.k.p.i.AbstractProblemLoader Creating init config 
1602       DEBUG main            d.u.i.k.j.TypeConverter   No LDT found for Meta 
1603       DEBUG main            d.u.i.k.j.TypeConverter   No LDT found for Meta 
1605       DEBUG main            d.u.i.k.j.TypeConverter   No LDT found for Meta 
1605       DEBUG main            d.u.i.k.j.TypeConverter   No LDT found for Meta 
2895       DEBUG main            d.u.i.k.j.TypeConverter   No LDT found for JavaBigintExpression 
7706       DEBUG main            d.u.i.k.p.i.AbstractProblemLoader Init config took 6.96s 
7766       INFO  main            d.u.i.k.p.i.AbstractProblemLoader Replaying proof Ex2.58.key 
7798       DEBUG main            d.u.i.k.p.i.IntermediateProofReplayer Proof replay took 33.7ns 
7956       INFO  main            d.u.i.k.p.r.p.TestFile    ... finished proof: closed. 
8048       INFO  main            d.u.i.k.p.i.AbstractProblemLoader Loading environment from /home/runner/work/key/key/key.core/../key.ui/examples/standard_key/BookExamples/02FirstOrderLogic/Ex2.58.key.proof 
8048       DEBUG main            d.u.i.k.p.i.AbstractProblemLoader Environment load took 144.9ns 
8054       INFO  main            d.u.i.k.p.i.AbstractProblemLoader Creating init config 
10937      DEBUG main            d.u.i.k.p.i.AbstractProblemLoader Init config took 2.88s 
10980      INFO  main            d.u.i.k.p.i.AbstractProblemLoader Replaying proof Ex2.58.key.proof 
10987      DEBUG main            d.u.i.k.p.i.IntermediateProofReplayer Proof replay took 3.54ms 
10998      DEBUG main            d.u.i.k.p.r.p.TestFile    ... success: reloaded. 
11000      INFO  main            d.u.i.k.p.r.p.TestFile    Now processing file /home/runner/work/key/key/key.core/../key.ui/examples/standard_key/BookExamples/03DynamicLogic/Sect3.3.1.key 
11000      INFO  main            d.u.i.k.p.i.AbstractProblemLoader Loading environment from /home/runner/work/key/key/key.core/../key.ui/examples/standard_key/BookExamples/03DynamicLogic/Sect3.3.1.key 
11000      DEBUG main            d.u.i.k.p.i.AbstractProblemLoader Environment load took 85.6ns 
11001      INFO  main            d.u.i.k.p.i.AbstractProblemLoader Creating init config 
13762      DEBUG main            d.u.i.k.p.i.AbstractProblemLoader Init config took 2.76s 
13805      INFO  main            d.u.i.k.p.i.AbstractProblemLoader Replaying proof Sect3.3.1.key 
13812      DEBUG main            d.u.i.k.p.i.IntermediateProofReplayer Proof replay took 6.6ns 
14217      INFO  main            d.u.i.k.p.r.p.TestFile    ... finished proof: closed. 
14413      INFO  main            d.u.i.k.p.i.AbstractProblemLoader Loading environment from /home/runner/work/key/key/key.core/../key.ui/examples/standard_key/BookExamples/03DynamicLogic/Sect3.3.1.key.proof 
14415      DEBUG main            d.u.i.k.p.i.AbstractProblemLoader Environment load took 2.11ms 
14419      INFO  main            d.u.i.k.p.i.AbstractProblemLoader Creating init config 
17116      DEBUG main            d.u.i.k.p.i.AbstractProblemLoader Init config took 2.7s 
17148      INFO  main            d.u.i.k.p.i.AbstractProblemLoader Replaying proof Sect3.3.1.key.proof 
17218      DEBUG main            d.u.i.k.p.i.IntermediateProofReplayer Proof replay took 66.61ms 
17219      DEBUG main            d.u.i.k.p.r.p.TestFile    ... success: reloaded. 
79078      INFO  Test worker     d.u.i.k.p.r.RunAllProofsTestUnit Returning from test oldBook 
79080      INFO  Test worker     d.u.i.k.p.r.RunAllProofsTestUnit Running test comprehensions 
391        INFO  Timeout watchdog d.u.i.k.p.r.p.ForkedTestFileRunner Timeout watcher launched (2000 secs.) 
408        WARN  main            d.u.i.k.s.ProofSettings   The settings in /home/runner/.key/proof-settings.props are *not* read. 
454        INFO  main            d.u.i.k.p.r.p.TestFile    Now processing file /home/runner/work/key/key/key.core/../key.ui/examples/heap/comprehensions/general_sum.key 
570        INFO  main            d.u.i.k.p.i.AbstractProblemLoader Loading environment from /home/runner/work/key/key/key.core/../key.ui/examples/heap/comprehensions/general_sum.key 
588        DEBUG main            d.u.i.k.p.i.AbstractProblemLoader Environment load took 3.9ms 
808        INFO  main            d.u.i.k.p.i.AbstractProblemLoader Creating init config 
1767       DEBUG main            d.u.i.k.j.TypeConverter   No LDT found for Meta 
1768       DEBUG main            d.u.i.k.j.TypeConverter   No LDT found for Meta 
1771       DEBUG main            d.u.i.k.j.TypeConverter   No LDT found for Meta 
1771       DEBUG main            d.u.i.k.j.TypeConverter   No LDT found for Meta 
3340       DEBUG main            d.u.i.k.j.TypeConverter   No LDT found for JavaBigintExpression 
8260       DEBUG main            d.u.i.k.p.i.AbstractProblemLoader Init config took 7.45s 
8377       INFO  main            d.u.i.k.p.i.AbstractProblemLoader Replaying proof GSum[GSum::doNothing()].JML operation contract.0 
8409       DEBUG main            d.u.i.k.p.i.IntermediateProofReplayer Proof replay took 31.2ns 
8789       INFO  main            d.u.i.k.p.r.p.TestFile    ... finished proof: closed. 
8924       INFO  main            d.u.i.k.p.i.AbstractProblemLoader Loading environment from /home/runner/work/key/key/key.core/../key.ui/examples/heap/comprehensions/general_sum.key.proof 
8924       DEBUG main            d.u.i.k.p.i.AbstractProblemLoader Environment load took 141.3ns 
8928       INFO  main            d.u.i.k.p.i.AbstractProblemLoader Creating init config 
11755      DEBUG main            d.u.i.k.p.i.AbstractProblemLoader Init config took 2.83s 
11833      INFO  main            d.u.i.k.p.i.AbstractProblemLoader Replaying proof GSum[GSum::doNothing()].JML operation contract.0 
11881      DEBUG main            d.u.i.k.p.i.IntermediateProofReplayer Proof replay took 39.05ms 
11895      DEBUG main            d.u.i.k.p.r.p.TestFile    ... success: reloaded. 
11896      INFO  main            d.u.i.k.p.r.p.TestFile    Now processing file /home/runner/work/key/key/key.core/../key.ui/examples/heap/comprehensions/sum0.key 
11897      INFO  main            d.u.i.k.p.i.AbstractProblemLoader Loading environment from /home/runner/work/key/key/key.core/../key.ui/examples/heap/comprehensions/sum0.key 
11897      DEBUG main            d.u.i.k.p.i.AbstractProblemLoader Environment load took 75.4ns 
11901      INFO  main            d.u.i.k.p.i.AbstractProblemLoader Creating init config 
14606      DEBUG main            d.u.i.k.p.i.AbstractProblemLoader Init config took 2.7s 
14663      INFO  main            d.u.i.k.p.i.AbstractProblemLoader Replaying proof Sum[Sum::sum0([I)].JML normal_behavior operation contract.0 
14666      DEBUG main            d.u.i.k.p.i.IntermediateProofReplayer Proof replay took 5.9ns 
14797      DEBUG Thread-4        d.u.i.k.l.l.OriginTermLabel commonFileName is null! 
14798      DEBUG Thread-4        d.u.i.k.l.l.OriginTermLabel commonFileName is null! 
15066      DEBUG Thread-4        d.u.i.k.l.l.OriginTermLabel commonFileName is null! 
15068      DEBUG Thread-4        d.u.i.k.l.l.OriginTermLabel commonFileName is null! 
15240      DEBUG Thread-4        d.u.i.k.l.l.OriginTermLabel commonFileName is null! 
15475      INFO  main            d.u.i.k.p.r.p.TestFile    ... finished proof: closed. 
15633      INFO  main            d.u.i.k.p.i.AbstractProblemLoader Loading environment from /home/runner/work/key/key/key.core/../key.ui/examples/heap/comprehensions/sum0.key.proof 
15634      DEBUG main            d.u.i.k.p.i.AbstractProblemLoader Environment load took 128ns 
15635      INFO  main            d.u.i.k.p.i.AbstractProblemLoader Creating init config 
18273      DEBUG main            d.u.i.k.p.i.AbstractProblemLoader Init config took 2.64s 
18323      INFO  main            d.u.i.k.p.i.AbstractProblemLoader Replaying proof Sum[Sum::sum0([I)].JML normal_behavior operation contract.0 
18370      DEBUG main            d.u.i.k.l.l.OriginTermLabel commonFileName is null! 
18371      DEBUG main            d.u.i.k.l.l.OriginTermLabel commonFileName is null! 
18426      DEBUG main            d.u.i.k.l.l.OriginTermLabel commonFileName is null! 
18461      DEBUG main            d.u.i.k.l.l.OriginTermLabel commonFileName is null! 
18462      DEBUG main            d.u.i.k.l.l.OriginTermLabel commonFileName is null! 
18464      DEBUG main            d.u.i.k.p.i.IntermediateProofReplayer Proof replay took 135.53ms 
18466      DEBUG main            d.u.i.k.p.r.p.TestFile    ... success: reloaded. 
18467      INFO  main            d.u.i.k.p.r.p.TestFile    Now processing file /home/runner/work/key/key/key.core/../key.ui/examples/heap/comprehensions/sum1.key 
18468      INFO  main            d.u.i.k.p.i.AbstractProblemLoader Loading environment from /home/runner/work/key/key/key.core/../key.ui/examples/heap/comprehensions/sum1.key 
18468      DEBUG main            d.u.i.k.p.i.AbstractProblemLoader Environment load took 354.1ns 
18470      INFO  main            d.u.i.k.p.i.AbstractProblemLoader Creating init config 
21096      DEBUG main            d.u.i.k.p.i.AbstractProblemLoader Init config took 2.63s 
21141      INFO  main            d.u.i.k.p.i.AbstractProblemLoader Replaying proof Sum[Sum::sum1([I)].JML normal_behavior operation contract.0 
21143      DEBUG main            d.u.i.k.p.i.IntermediateProofReplayer Proof replay took 5.6ns 
21197      DEBUG Thread-7        d.u.i.k.l.l.OriginTermLabel commonFileName is null! 
21198      DEBUG Thread-7        d.u.i.k.l.l.OriginTermLabel commonFileName is null! 
21351      DEBUG Thread-7        d.u.i.k.l.l.OriginTermLabel commonFileName is null! 
21352      DEBUG Thread-7        d.u.i.k.l.l.OriginTermLabel commonFileName is null! 
21465      DEBUG Thread-7        d.u.i.k.l.l.OriginTermLabel commonFileName is null! 
21648      INFO  main            d.u.i.k.p.r.p.TestFile    ... finished proof: closed. 
21790      INFO  main            d.u.i.k.p.i.AbstractProblemLoader Loading environment from /home/runner/work/key/key/key.core/../key.ui/examples/heap/comprehensions/sum1.key.proof 
21790      DEBUG main            d.u.i.k.p.i.AbstractProblemLoader Environment load took 135ns 
21792      INFO  main            d.u.i.k.p.i.AbstractProblemLoader Creating init config 
24356      DEBUG main            d.u.i.k.p.i.AbstractProblemLoader Init config took 2.56s 
24412      INFO  main            d.u.i.k.p.i.AbstractProblemLoader Replaying proof Sum[Sum::sum1([I)].JML normal_behavior operation contract.0 
24441      DEBUG main            d.u.i.k.l.l.OriginTermLabel commonFileName is null! 
24441      DEBUG main            d.u.i.k.l.l.OriginTermLabel commonFileName is null! 
24488      DEBUG main            d.u.i.k.l.l.OriginTermLabel commonFileName is null! 
24520      DEBUG main            d.u.i.k.l.l.OriginTermLabel commonFileName is null! 
24521      DEBUG main            d.u.i.k.l.l.OriginTermLabel commonFileName is null! 
24523      DEBUG main            d.u.i.k.p.i.IntermediateProofReplayer Proof replay took 106.98ms 
24525      DEBUG main            d.u.i.k.p.r.p.TestFile    ... success: reloaded. 
24526      INFO  main            d.u.i.k.p.r.p.TestFile    Now processing file /home/runner/work/key/key/key.core/../key.ui/examples/heap/comprehensions/sum2.key 
24526      INFO  main            d.u.i.k.p.i.AbstractProblemLoader Loading environment from /home/runner/work/key/key/key.core/../key.ui/examples/heap/comprehensions/sum2.key 
24527      DEBUG main            d.u.i.k.p.i.AbstractProblemLoader Environment load took 344.9ns 
24529      INFO  main            d.u.i.k.p.i.AbstractProblemLoader Creating init config 
27070      DEBUG main            d.u.i.k.p.i.AbstractProblemLoader Init config took 2.54s 
27114      INFO  main            d.u.i.k.p.i.AbstractProblemLoader Replaying proof Sum[Sum::sum2([I)].JML normal_behavior operation contract.0 
27116      DEBUG main            d.u.i.k.p.i.IntermediateProofReplayer Proof replay took 6ns 
27186      DEBUG Thread-10       d.u.i.k.l.l.OriginTermLabel commonFileName is null! 
27187      DEBUG Thread-10       d.u.i.k.l.l.OriginTermLabel commonFileName is null! 
27288      DEBUG Thread-10       d.u.i.k.l.l.OriginTermLabel commonFileName is null! 
27289      DEBUG Thread-10       d.u.i.k.l.l.OriginTermLabel commonFileName is null! 
27359      DEBUG Thread-10       d.u.i.k.l.l.OriginTermLabel commonFileName is null! 
27519      INFO  main            d.u.i.k.p.r.p.TestFile    ... finished proof: closed. 
27669      INFO  main            d.u.i.k.p.i.AbstractProblemLoader Loading environment from /home/runner/work/key/key/key.core/../key.ui/examples/heap/comprehensions/sum2.key.proof 
27670      DEBUG main            d.u.i.k.p.i.AbstractProblemLoader Environment load took 805.21ns 
27672      INFO  main            d.u.i.k.p.i.AbstractProblemLoader Creating init config 
30193      DEBUG main            d.u.i.k.p.i.AbstractProblemLoader Init config took 2.52s 
30239      INFO  main            d.u.i.k.p.i.AbstractProblemLoader Replaying proof Sum[Sum::sum2([I)].JML normal_behavior operation contract.0 
30286      DEBUG main            d.u.i.k.l.l.OriginTermLabel commonFileName is null! 
30287      DEBUG main            d.u.i.k.l.l.OriginTermLabel commonFileName is null! 
30329      DEBUG main            d.u.i.k.l.l.OriginTermLabel commonFileName is null! 
30363      DEBUG main            d.u.i.k.l.l.OriginTermLabel commonFileName is null! 
30363      DEBUG main            d.u.i.k.l.l.OriginTermLabel commonFileName is null! 
30365      DEBUG main            d.u.i.k.p.i.IntermediateProofReplayer Proof replay took 122.11ms 
30366      DEBUG main            d.u.i.k.p.r.p.TestFile    ... success: reloaded. 
30369      INFO  main            d.u.i.k.p.r.p.TestFile    Now processing file /home/runner/work/key/key/key.core/../key.ui/examples/heap/comprehensions/sum3.key 
30369      INFO  main            d.u.i.k.p.i.AbstractProblemLoader Loading environment from /home/runner/work/key/key/key.core/../key.ui/examples/heap/comprehensions/sum3.key 
30369      DEBUG main            d.u.i.k.p.i.AbstractProblemLoader Environment load took 144.5ns 
30370      INFO  main            d.u.i.k.p.i.AbstractProblemLoader Creating init config 
32944      DEBUG main            d.u.i.k.p.i.AbstractProblemLoader Init config took 2.57s 
32988      INFO  main            d.u.i.k.p.i.AbstractProblemLoader Replaying proof Sum[Sum::sum3([I)].JML normal_behavior operation contract.0 
32989      DEBUG main            d.u.i.k.p.i.IntermediateProofReplayer Proof replay took 7ns 
33036      DEBUG Thread-13       d.u.i.k.l.l.OriginTermLabel commonFileName is null! 
33037      DEBUG Thread-13       d.u.i.k.l.l.OriginTermLabel commonFileName is null! 
33136      DEBUG Thread-13       d.u.i.k.l.l.OriginTermLabel commonFileName is null! 
33137      DEBUG Thread-13       d.u.i.k.l.l.OriginTermLabel commonFileName is null! 
33236      DEBUG Thread-13       d.u.i.k.l.l.OriginTermLabel commonFileName is null! 
33392      INFO  main            d.u.i.k.p.r.p.TestFile    ... finished proof: closed. 
33547      INFO  main            d.u.i.k.p.i.AbstractProblemLoader Loading environment from /home/runner/work/key/key/key.core/../key.ui/examples/heap/comprehensions/sum3.key.proof 
33548      DEBUG main            d.u.i.k.p.i.AbstractProblemLoader Environment load took 766.01ns 
33551      INFO  main            d.u.i.k.p.i.AbstractProblemLoader Creating init config 
36052      DEBUG main            d.u.i.k.p.i.AbstractProblemLoader Init config took 2.5s 
36107      INFO  main            d.u.i.k.p.i.AbstractProblemLoader Replaying proof Sum[Sum::sum3([I)].JML normal_behavior operation contract.0 
36134      DEBUG main            d.u.i.k.l.l.OriginTermLabel commonFileName is null! 
36134      DEBUG main            d.u.i.k.l.l.OriginTermLabel commonFileName is null! 
36170      DEBUG main            d.u.i.k.l.l.OriginTermLabel commonFileName is null! 
36194      DEBUG main            d.u.i.k.l.l.OriginTermLabel commonFileName is null! 
36194      DEBUG main            d.u.i.k.l.l.OriginTermLabel commonFileName is null! 
36196      DEBUG main            d.u.i.k.p.i.IntermediateProofReplayer Proof replay took 85.23ms 
36196      DEBUG main            d.u.i.k.p.r.p.TestFile    ... success: reloaded. 
36197      INFO  main            d.u.i.k.p.r.p.TestFile    Now processing file /home/runner/work/key/key/key.core/../key.ui/examples/heap/comprehensions/segsum.key 
36197      INFO  main            d.u.i.k.p.i.AbstractProblemLoader Loading environment from /home/runner/work/key/key/key.core/../key.ui/examples/heap/comprehensions/segsum.key 
36197      DEBUG main            d.u.i.k.p.i.AbstractProblemLoader Environment load took 60.2ns 
36198      INFO  main            d.u.i.k.p.i.AbstractProblemLoader Creating init config 
38763      DEBUG main            d.u.i.k.p.i.AbstractProblemLoader Init config took 2.56s 
38804      INFO  main            d.u.i.k.p.i.AbstractProblemLoader Replaying proof SegSum[SegSum::segSum([I,int,int)].JML normal_behavior operation contract.0 
38805      DEBUG main            d.u.i.k.p.i.IntermediateProofReplayer Proof replay took 6.4ns 
39209      INFO  main            d.u.i.k.p.r.p.TestFile    ... finished proof: closed. 
39394      INFO  main            d.u.i.k.p.i.AbstractProblemLoader Loading environment from /home/runner/work/key/key/key.core/../key.ui/examples/heap/comprehensions/segsum.key.proof 
39394      DEBUG main            d.u.i.k.p.i.AbstractProblemLoader Environment load took 128ns 
39395      INFO  main            d.u.i.k.p.i.AbstractProblemLoader Creating init config 
41853      DEBUG main            d.u.i.k.p.i.AbstractProblemLoader Init config took 2.46s 
41895      INFO  main            d.u.i.k.p.i.AbstractProblemLoader Replaying proof SegSum[SegSum::segSum([I,int,int)].JML normal_behavior operation contract.0 
42026      DEBUG main            d.u.i.k.p.i.IntermediateProofReplayer Proof replay took 124.01ms 
42028      DEBUG main            d.u.i.k.p.r.p.TestFile    ... success: reloaded. 
42030      INFO  main            d.u.i.k.p.r.p.TestFile    Now processing file /home/runner/work/key/key/key.core/../key.ui/examples/heap/comprehensions/bsum_negative.key 
42030      INFO  main            d.u.i.k.p.i.AbstractProblemLoader Loading environment from /home/runner/work/key/key/key.core/../key.ui/examples/heap/comprehensions/bsum_negative.key 
42032      DEBUG main            d.u.i.k.p.i.AbstractProblemLoader Environment load took 1.62ms 
42035      INFO  main            d.u.i.k.p.i.AbstractProblemLoader Creating init config 
44483      DEBUG main            d.u.i.k.p.i.AbstractProblemLoader Init config took 2.45s 
44503      INFO  main            d.u.i.k.p.i.AbstractProblemLoader Replaying proof bsum_negative.key 
44504      DEBUG main            d.u.i.k.p.i.IntermediateProofReplayer Proof replay took 6.5ns 
44607      INFO  main            d.u.i.k.p.r.p.TestFile    ... finished proof: closed. 
44768      INFO  main            d.u.i.k.p.i.AbstractProblemLoader Loading environment from /home/runner/work/key/key/key.core/../key.ui/examples/heap/comprehensions/bsum_negative.key.proof 
44768      DEBUG main            d.u.i.k.p.i.AbstractProblemLoader Environment load took 132.9ns 
44771      INFO  main            d.u.i.k.p.i.AbstractProblemLoader Creating init config 
47111      DEBUG main            d.u.i.k.p.i.AbstractProblemLoader Init config took 2.34s 
47128      INFO  main            d.u.i.k.p.i.AbstractProblemLoader Replaying proof bsum_negative.key.proof 
47131      DEBUG main            d.u.i.k.p.i.IntermediateProofReplayer Proof replay took 1.42ms 
47132      DEBUG main            d.u.i.k.p.r.p.TestFile    ... success: reloaded. 
47133      INFO  main            d.u.i.k.p.r.p.TestFile    Now processing file /home/runner/work/key/key/key.core/../key.ui/examples/heap/comprehensions/bsum_neg2.key 
47133      INFO  main            d.u.i.k.p.i.AbstractProblemLoader Loading environment from /home/runner/work/key/key/key.core/../key.ui/examples/heap/comprehensions/bsum_neg2.key 
47133      DEBUG main            d.u.i.k.p.i.AbstractProblemLoader Environment load took 55.5ns 
47134      INFO  main            d.u.i.k.p.i.AbstractProblemLoader Creating init config 
49510      DEBUG main            d.u.i.k.p.i.AbstractProblemLoader Init config took 2.38s 
49526      INFO  main            d.u.i.k.p.i.AbstractProblemLoader Replaying proof bsum_neg2.key 
49527      DEBUG main            d.u.i.k.p.i.IntermediateProofReplayer Proof replay took 6.7ns 
49629      INFO  main            d.u.i.k.p.r.p.TestFile    ... finished proof: closed. 
49787      INFO  main            d.u.i.k.p.i.AbstractProblemLoader Loading environment from /home/runner/work/key/key/key.core/../key.ui/examples/heap/comprehensions/bsum_neg2.key.proof 
49787      DEBUG main            d.u.i.k.p.i.AbstractProblemLoader Environment load took 128.5ns 
49788      INFO  main            d.u.i.k.p.i.AbstractProblemLoader Creating init config 
52106      DEBUG main            d.u.i.k.p.i.AbstractProblemLoader Init config took 2.32s 
52128      INFO  main            d.u.i.k.p.i.AbstractProblemLoader Replaying proof bsum_neg2.key.proof 
52135      DEBUG main            d.u.i.k.p.i.IntermediateProofReplayer Proof replay took 925.51ns 
52136      DEBUG main            d.u.i.k.p.r.p.TestFile    ... success: reloaded. 
52137      INFO  main            d.u.i.k.p.r.p.TestFile    Now processing file /home/runner/work/key/key/key.core/../key.ui/examples/heap/comprehensions/bsumSplit.key 
52137      INFO  main            d.u.i.k.p.i.AbstractProblemLoader Loading environment from /home/runner/work/key/key/key.core/../key.ui/examples/heap/comprehensions/bsumSplit.key 
52137      DEBUG main            d.u.i.k.p.i.AbstractProblemLoader Environment load took 114.9ns 
52138      INFO  main            d.u.i.k.p.i.AbstractProblemLoader Creating init config 
54511      DEBUG main            d.u.i.k.p.i.AbstractProblemLoader Init config took 2.37s 
54528      INFO  main            d.u.i.k.p.i.AbstractProblemLoader Replaying proof bsumSplit.key 
54529      DEBUG main            d.u.i.k.p.i.IntermediateProofReplayer Proof replay took 6.3ns 
54631      INFO  main            d.u.i.k.p.r.p.TestFile    ... finished proof: closed. 
54799      INFO  main            d.u.i.k.p.i.AbstractProblemLoader Loading environment from /home/runner/work/key/key/key.core/../key.ui/examples/heap/comprehensions/bsumSplit.key.proof 
54799      DEBUG main            d.u.i.k.p.i.AbstractProblemLoader Environment load took 112ns 
54802      INFO  main            d.u.i.k.p.i.AbstractProblemLoader Creating init config 
57112      DEBUG main            d.u.i.k.p.i.AbstractProblemLoader Init config took 2.31s 
57127      INFO  main            d.u.i.k.p.i.AbstractProblemLoader Replaying proof bsumSplit.key.proof 
57132      DEBUG main            d.u.i.k.p.i.IntermediateProofReplayer Proof replay took 3.77ms 
57133      DEBUG main            d.u.i.k.p.r.p.TestFile    ... success: reloaded. 
57134      INFO  main            d.u.i.k.p.r.p.TestFile    Now processing file /home/runner/work/key/key/key.core/../key.ui/examples/heap/comprehensions/bprodSplit.key 
57134      INFO  main            d.u.i.k.p.i.AbstractProblemLoader Loading environment from /home/runner/work/key/key/key.core/../key.ui/examples/heap/comprehensions/bprodSplit.key 
57134      DEBUG main            d.u.i.k.p.i.AbstractProblemLoader Environment load took 124.5ns 
57135      INFO  main            d.u.i.k.p.i.AbstractProblemLoader Creating init config 
59485      DEBUG main            d.u.i.k.p.i.AbstractProblemLoader Init config took 2.35s 
59499      INFO  main            d.u.i.k.p.i.AbstractProblemLoader Replaying proof bprodSplit.key 
59501      DEBUG main            d.u.i.k.p.i.IntermediateProofReplayer Proof replay took 6.8ns 
59608      INFO  main            d.u.i.k.p.r.p.TestFile    ... finished proof: closed. 
59783      INFO  main            d.u.i.k.p.i.AbstractProblemLoader Loading environment from /home/runner/work/key/key/key.core/../key.ui/examples/heap/comprehensions/bprodSplit.key.proof 
59783      DEBUG main            d.u.i.k.p.i.AbstractProblemLoader Environment load took 117.4ns 
59784      INFO  main            d.u.i.k.p.i.AbstractProblemLoader Creating init config 
62083      DEBUG main            d.u.i.k.p.i.AbstractProblemLoader Init config took 2.3s 
62098      INFO  main            d.u.i.k.p.i.AbstractProblemLoader Replaying proof bprodSplit.key.proof 
62101      DEBUG main            d.u.i.k.p.i.IntermediateProofReplayer Proof replay took 1.87ms 
62103      DEBUG main            d.u.i.k.p.r.p.TestFile    ... success: reloaded. 
62103      INFO  main            d.u.i.k.p.r.p.TestFile    Now processing file /home/runner/work/key/key/key.core/../key.ui/examples/heap/comprehensions/bsumSplitInvalid.key 
62104      INFO  main            d.u.i.k.p.i.AbstractProblemLoader Loading environment from /home/runner/work/key/key/key.core/../key.ui/examples/heap/comprehensions/bsumSplitInvalid.key 
62104      DEBUG main            d.u.i.k.p.i.AbstractProblemLoader Environment load took 125.1ns 
62105      INFO  main            d.u.i.k.p.i.AbstractProblemLoader Creating init config 
64452      DEBUG main            d.u.i.k.p.i.AbstractProblemLoader Init config took 2.35s 
64485      INFO  main            d.u.i.k.p.i.AbstractProblemLoader Replaying proof bsumSplitInvalid.key 
64486      DEBUG main            d.u.i.k.p.i.IntermediateProofReplayer Proof replay took 7.3ns 
64590      INFO  main            d.u.i.k.p.r.p.TestFile    ... finished proof: open goal(s) 
144043     INFO  Test worker     d.u.i.k.p.r.RunAllProofsTestUnit Returning from test comprehensions 
144044     INFO  Test worker     d.u.i.k.p.r.RunAllProofsTestUnit Running test performance 
317        INFO  Timeout watchdog d.u.i.k.p.r.p.ForkedTestFileRunner Timeout watcher launched (2000 secs.) 
337        WARN  main            d.u.i.k.s.ProofSettings   The settings in /home/runner/.key/proof-settings.props are *not* read. 
367        INFO  main            d.u.i.k.p.r.p.TestFile    Now processing file /home/runner/work/key/key/key.core/../key.ui/examples/performance-test/Disjoint(Disjoint__disjoint_08()).JML_operation_contract.0.key 
470        INFO  main            d.u.i.k.p.i.AbstractProblemLoader Loading environment from /home/runner/work/key/key/key.core/../key.ui/examples/performance-test/Disjoint(Disjoint__disjoint_08()).JML_operation_contract.0.key 
486        DEBUG main            d.u.i.k.p.i.AbstractProblemLoader Environment load took 2.3ms 
717        INFO  main            d.u.i.k.p.i.AbstractProblemLoader Creating init config 
1623       DEBUG main            d.u.i.k.j.TypeConverter   No LDT found for Meta 
1627       DEBUG main            d.u.i.k.j.TypeConverter   No LDT found for Meta 
1628       DEBUG main            d.u.i.k.j.TypeConverter   No LDT found for Meta 
1628       DEBUG main            d.u.i.k.j.TypeConverter   No LDT found for Meta 
3000       DEBUG main            d.u.i.k.j.TypeConverter   No LDT found for JavaBigintExpression 
8467       DEBUG main            d.u.i.k.j.r.ClassPreparationMethodBuilder clPrepBuilder: Inner Class detected. Reject building class initialisation methods. 
16268      DEBUG main            d.u.i.k.p.i.AbstractProblemLoader Init config took 15.55s 
16517      INFO  main            d.u.i.k.p.i.AbstractProblemLoader Replaying proof Disjoint[Disjoint::disjoint_8()].JML operation contract.0 
16594      DEBUG main            d.u.i.k.p.i.IntermediateProofReplayer Proof replay took 478.8ns 
18928      INFO  main            d.u.i.k.p.r.p.TestFile    ... finished proof: closed. 
19154      INFO  main            d.u.i.k.p.i.AbstractProblemLoader Loading environment from /home/runner/work/key/key/key.core/../key.ui/examples/performance-test/Disjoint(Disjoint__disjoint_08()).JML_operation_contract.0.key.proof 
19154      DEBUG main            d.u.i.k.p.i.AbstractProblemLoader Environment load took 186.8ns 
19156      INFO  main            d.u.i.k.p.i.AbstractProblemLoader Creating init config 
22202      DEBUG main            d.u.i.k.j.r.ClassPreparationMethodBuilder clPrepBuilder: Inner Class detected. Reject building class initialisation methods. 
28936      DEBUG main            d.u.i.k.p.i.AbstractProblemLoader Init config took 9.78s 
29054      INFO  main            d.u.i.k.p.i.AbstractProblemLoader Replaying proof Disjoint[Disjoint::disjoint_8()].JML operation contract.0 
29391      DEBUG main            d.u.i.k.p.i.IntermediateProofReplayer Proof replay took 325.89ms 
29399      DEBUG main            d.u.i.k.p.r.p.TestFile    ... success: reloaded. 
29402      INFO  main            d.u.i.k.p.r.p.TestFile    Now processing file /home/runner/work/key/key/key.core/../key.ui/examples/performance-test/Disjoint(Disjoint__disjoint2_08()).JML_operation_contract.0.key 
29402      INFO  main            d.u.i.k.p.i.AbstractProblemLoader Loading environment from /home/runner/work/key/key/key.core/../key.ui/examples/performance-test/Disjoint(Disjoint__disjoint2_08()).JML_operation_contract.0.key 
29403      DEBUG main            d.u.i.k.p.i.AbstractProblemLoader Environment load took 364.6ns 
29404      INFO  main            d.u.i.k.p.i.AbstractProblemLoader Creating init config 
32355      DEBUG main            d.u.i.k.j.r.ClassPreparationMethodBuilder clPrepBuilder: Inner Class detected. Reject building class initialisation methods. 
39073      DEBUG main            d.u.i.k.p.i.AbstractProblemLoader Init config took 9.67s 
39176      INFO  main            d.u.i.k.p.i.AbstractProblemLoader Replaying proof Disjoint[Disjoint::disjoint2_8()].JML operation contract.0 
39178      DEBUG main            d.u.i.k.p.i.IntermediateProofReplayer Proof replay took 18.9ns 
40186      INFO  main            d.u.i.k.p.r.p.TestFile    ... finished proof: closed. 
40477      INFO  main            d.u.i.k.p.i.AbstractProblemLoader Loading environment from /home/runner/work/key/key/key.core/../key.ui/examples/performance-test/Disjoint(Disjoint__disjoint2_08()).JML_operation_contract.0.key.proof 
40479      DEBUG main            d.u.i.k.p.i.AbstractProblemLoader Environment load took 2.15ms 
40481      INFO  main            d.u.i.k.p.i.AbstractProblemLoader Creating init config 
43364      DEBUG main            d.u.i.k.j.r.ClassPreparationMethodBuilder clPrepBuilder: Inner Class detected. Reject building class initialisation methods. 
50029      DEBUG main            d.u.i.k.p.i.AbstractProblemLoader Init config took 9.55s 
50141      INFO  main            d.u.i.k.p.i.AbstractProblemLoader Replaying proof Disjoint[Disjoint::disjoint2_8()].JML operation contract.0 
50233      DEBUG main            d.u.i.k.p.i.IntermediateProofReplayer Proof replay took 87.76ms 
50234      DEBUG main            d.u.i.k.p.r.p.TestFile    ... success: reloaded. 
50236      INFO  main            d.u.i.k.p.r.p.TestFile    Now processing file /home/runner/work/key/key/key.core/../key.ui/examples/performance-test/AccessChain1(AccessChain1__foo_08()).JML_operation_contract.0.key 
50236      INFO  main            d.u.i.k.p.i.AbstractProblemLoader Loading environment from /home/runner/work/key/key/key.core/../key.ui/examples/performance-test/AccessChain1(AccessChain1__foo_08()).JML_operation_contract.0.key 
50236      DEBUG main            d.u.i.k.p.i.AbstractProblemLoader Environment load took 67.8ns 
50239      INFO  main            d.u.i.k.p.i.AbstractProblemLoader Creating init config 
53114      DEBUG main            d.u.i.k.j.r.ClassPreparationMethodBuilder clPrepBuilder: Inner Class detected. Reject building class initialisation methods. 
59766      DEBUG main            d.u.i.k.p.i.AbstractProblemLoader Init config took 9.53s 
59857      INFO  main            d.u.i.k.p.i.AbstractProblemLoader Replaying proof AccessChain1[AccessChain1::foo_8()].JML operation contract.0 
59859      DEBUG main            d.u.i.k.p.i.IntermediateProofReplayer Proof replay took 10.8ns 
62270      INFO  main            d.u.i.k.p.r.p.TestFile    ... finished proof: closed. 
62615      INFO  main            d.u.i.k.p.i.AbstractProblemLoader Loading environment from /home/runner/work/key/key/key.core/../key.ui/examples/performance-test/AccessChain1(AccessChain1__foo_08()).JML_operation_contract.0.key.proof 
62619      DEBUG main            d.u.i.k.p.i.AbstractProblemLoader Environment load took 3.74ms 
62622      INFO  main            d.u.i.k.p.i.AbstractProblemLoader Creating init config 
65462      DEBUG main            d.u.i.k.j.r.ClassPreparationMethodBuilder clPrepBuilder: Inner Class detected. Reject building class initialisation methods. 
72070      DEBUG main            d.u.i.k.p.i.AbstractProblemLoader Init config took 9.45s 
72176      INFO  main            d.u.i.k.p.i.AbstractProblemLoader Replaying proof AccessChain1[AccessChain1::foo_8()].JML operation contract.0 
72688      DEBUG main            d.u.i.k.p.i.IntermediateProofReplayer Proof replay took 484.22ms 
72691      DEBUG main            d.u.i.k.p.r.p.TestFile    ... success: reloaded. 
72693      INFO  main            d.u.i.k.p.r.p.TestFile    Now processing file /home/runner/work/key/key/key.core/../key.ui/examples/performance-test/AccessChain4(AccessChain4__foo_08()).JML_operation_contract.0.key 
72693      INFO  main            d.u.i.k.p.i.AbstractProblemLoader Loading environment from /home/runner/work/key/key/key.core/../key.ui/examples/performance-test/AccessChain4(AccessChain4__foo_08()).JML_operation_contract.0.key 
72693      DEBUG main            d.u.i.k.p.i.AbstractProblemLoader Environment load took 65.2ns 
72694      INFO  main            d.u.i.k.p.i.AbstractProblemLoader Creating init config 
75602      DEBUG main            d.u.i.k.j.r.ClassPreparationMethodBuilder clPrepBuilder: Inner Class detected. Reject building class initialisation methods. 
82187      DEBUG main            d.u.i.k.p.i.AbstractProblemLoader Init config took 9.49s 
82295      INFO  main            d.u.i.k.p.i.AbstractProblemLoader Replaying proof AccessChain4[AccessChain4::foo_8()].JML operation contract.0 
82297      DEBUG main            d.u.i.k.p.i.IntermediateProofReplayer Proof replay took 21.4ns 
88057      INFO  main            d.u.i.k.p.r.p.TestFile    ... finished proof: closed. 
88454      INFO  main            d.u.i.k.p.i.AbstractProblemLoader Loading environment from /home/runner/work/key/key/key.core/../key.ui/examples/performance-test/AccessChain4(AccessChain4__foo_08()).JML_operation_contract.0.key.proof 
88458      DEBUG main            d.u.i.k.p.i.AbstractProblemLoader Environment load took 4.49ms 
88469      INFO  main            d.u.i.k.p.i.AbstractProblemLoader Creating init config 
91258      DEBUG main            d.u.i.k.j.r.ClassPreparationMethodBuilder clPrepBuilder: Inner Class detected. Reject building class initialisation methods. 
97852      DEBUG main            d.u.i.k.p.i.AbstractProblemLoader Init config took 9.38s 
97940      INFO  main            d.u.i.k.p.i.AbstractProblemLoader Replaying proof AccessChain4[AccessChain4::foo_8()].JML operation contract.0 
98914      DEBUG main            d.u.i.k.p.i.IntermediateProofReplayer Proof replay took 944.75ms 
98917      DEBUG main            d.u.i.k.p.r.p.TestFile    ... success: reloaded. 
98923      INFO  main            d.u.i.k.p.r.p.TestFile    Now processing file /home/runner/work/key/key/key.core/../key.ui/examples/performance-test/Disjoint(Disjoint__xZero_08()).JML_operation_contract.0.key 
98923      INFO  main            d.u.i.k.p.i.AbstractProblemLoader Loading environment from /home/runner/work/key/key/key.core/../key.ui/examples/performance-test/Disjoint(Disjoint__xZero_08()).JML_operation_contract.0.key 
98924      DEBUG main            d.u.i.k.p.i.AbstractProblemLoader Environment load took 160.8ns 
98926      INFO  main            d.u.i.k.p.i.AbstractProblemLoader Creating init config 
101846     DEBUG main            d.u.i.k.j.r.ClassPreparationMethodBuilder clPrepBuilder: Inner Class detected. Reject building class initialisation methods. 
108466     DEBUG main            d.u.i.k.p.i.AbstractProblemLoader Init config took 9.54s 
108580     INFO  main            d.u.i.k.p.i.AbstractProblemLoader Replaying proof Disjoint[Disjoint::xZero_8()].JML operation contract.0 
108582     DEBUG main            d.u.i.k.p.i.IntermediateProofReplayer Proof replay took 11.3ns 
109492     INFO  main            d.u.i.k.p.r.p.TestFile    ... finished proof: closed. 
109882     INFO  main            d.u.i.k.p.i.AbstractProblemLoader Loading environment from /home/runner/work/key/key/key.core/../key.ui/examples/performance-test/Disjoint(Disjoint__xZero_08()).JML_operation_contract.0.key.proof 
109884     DEBUG main            d.u.i.k.p.i.AbstractProblemLoader Environment load took 2.06ms 
109886     INFO  main            d.u.i.k.p.i.AbstractProblemLoader Creating init config 
112640     DEBUG main            d.u.i.k.j.r.ClassPreparationMethodBuilder clPrepBuilder: Inner Class detected. Reject building class initialisation methods. 
119199     DEBUG main            d.u.i.k.p.i.AbstractProblemLoader Init config took 9.31s 
119285     INFO  main            d.u.i.k.p.i.AbstractProblemLoader Replaying proof Disjoint[Disjoint::xZero_8()].JML operation contract.0 
119479     DEBUG main            d.u.i.k.p.i.IntermediateProofReplayer Proof replay took 187.18ms 
119480     DEBUG main            d.u.i.k.p.r.p.TestFile    ... success: reloaded. 
119482     INFO  main            d.u.i.k.p.r.p.TestFile    Now processing file /home/runner/work/key/key/key.core/../key.ui/examples/performance-test/Dynamic(Dynamic__foo_08()).JML_operation_contract.0.key 
119483     INFO  main            d.u.i.k.p.i.AbstractProblemLoader Loading environment from /home/runner/work/key/key/key.core/../key.ui/examples/performance-test/Dynamic(Dynamic__foo_08()).JML_operation_contract.0.key 
119483     DEBUG main            d.u.i.k.p.i.AbstractProblemLoader Environment load took 330.8ns 
119484     INFO  main            d.u.i.k.p.i.AbstractProblemLoader Creating init config 
122340     DEBUG main            d.u.i.k.j.r.ClassPreparationMethodBuilder clPrepBuilder: Inner Class detected. Reject building class initialisation methods. 
128933     DEBUG main            d.u.i.k.p.i.AbstractProblemLoader Init config took 9.45s 
129048     INFO  main            d.u.i.k.p.i.AbstractProblemLoader Replaying proof Dynamic[Dynamic::foo_8()].JML operation contract.0 
129051     DEBUG main            d.u.i.k.p.i.IntermediateProofReplayer Proof replay took 12.1ns 
133905     INFO  main            d.u.i.k.p.r.p.TestFile    ... finished proof: closed. 
134294     INFO  main            d.u.i.k.p.i.AbstractProblemLoader Loading environment from /home/runner/work/key/key/key.core/../key.ui/examples/performance-test/Dynamic(Dynamic__foo_08()).JML_operation_contract.0.key.proof 
134294     DEBUG main            d.u.i.k.p.i.AbstractProblemLoader Environment load took 142.3ns 
134296     INFO  main            d.u.i.k.p.i.AbstractProblemLoader Creating init config 
137054     DEBUG main            d.u.i.k.j.r.ClassPreparationMethodBuilder clPrepBuilder: Inner Class detected. Reject building class initialisation methods. 
143607     DEBUG main            d.u.i.k.p.i.AbstractProblemLoader Init config took 9.31s 
143692     INFO  main            d.u.i.k.p.i.AbstractProblemLoader Replaying proof Dynamic[Dynamic::foo_8()].JML operation contract.0 
144300     DEBUG main            d.u.i.k.p.i.IntermediateProofReplayer Proof replay took 585.81ms 
144302     DEBUG main            d.u.i.k.p.r.p.TestFile    ... success: reloaded. 
144304     INFO  main            d.u.i.k.p.r.p.TestFile    Now processing file /home/runner/work/key/key/key.core/../key.ui/examples/performance-test/DynamicGhost(DynamicGhost__dynamicGhost_08()).JML_normal_behavior_operation_contract.0.key 
144304     INFO  main            d.u.i.k.p.i.AbstractProblemLoader Loading environment from /home/runner/work/key/key/key.core/../key.ui/examples/performance-test/DynamicGhost(DynamicGhost__dynamicGhost_08()).JML_normal_behavior_operation_contract.0.key 
144304     DEBUG main            d.u.i.k.p.i.AbstractProblemLoader Environment load took 139.3ns 
144305     INFO  main            d.u.i.k.p.i.AbstractProblemLoader Creating init config 
147192     DEBUG main            d.u.i.k.j.r.ClassPreparationMethodBuilder clPrepBuilder: Inner Class detected. Reject building class initialisation methods. 
153821     DEBUG main            d.u.i.k.p.i.AbstractProblemLoader Init config took 9.52s 
153908     INFO  main            d.u.i.k.p.i.AbstractProblemLoader Replaying proof DynamicGhost[DynamicGhost::dynamicGhost_8()].JML normal_behavior operation contract.0 
153911     DEBUG main            d.u.i.k.p.i.IntermediateProofReplayer Proof replay took 11.7ns 
157739     INFO  main            d.u.i.k.p.r.p.TestFile    ... finished proof: closed. 
158149     INFO  main            d.u.i.k.p.i.AbstractProblemLoader Loading environment from /home/runner/work/key/key/key.core/../key.ui/examples/performance-test/DynamicGhost(DynamicGhost__dynamicGhost_08()).JML_normal_behavior_operation_contract.0.key.proof 
158149     DEBUG main            d.u.i.k.p.i.AbstractProblemLoader Environment load took 135.2ns 
158151     INFO  main            d.u.i.k.p.i.AbstractProblemLoader Creating init config 
160882     DEBUG main            d.u.i.k.j.r.ClassPreparationMethodBuilder clPrepBuilder: Inner Class detected. Reject building class initialisation methods. 
167440     DEBUG main            d.u.i.k.p.i.AbstractProblemLoader Init config took 9.29s 
167533     INFO  main            d.u.i.k.p.i.AbstractProblemLoader Replaying proof DynamicGhost[DynamicGhost::dynamicGhost_8()].JML normal_behavior operation contract.0 
168140     DEBUG main            d.u.i.k.p.i.IntermediateProofReplayer Proof replay took 587.41ms 
168142     DEBUG main            d.u.i.k.p.r.p.TestFile    ... success: reloaded. 
168144     INFO  main            d.u.i.k.p.r.p.TestFile    Now processing file /home/runner/work/key/key/key.core/../key.ui/examples/performance-test/GhostFrame(GhostFrame__foo_08()).JML_operation_contract.0.key 
168144     INFO  main            d.u.i.k.p.i.AbstractProblemLoader Loading environment from /home/runner/work/key/key/key.core/../key.ui/examples/performance-test/GhostFrame(GhostFrame__foo_08()).JML_operation_contract.0.key 
168144     DEBUG main            d.u.i.k.p.i.AbstractProblemLoader Environment load took 123.4ns 
168145     INFO  main            d.u.i.k.p.i.AbstractProblemLoader Creating init config 
171012     DEBUG main            d.u.i.k.j.r.ClassPreparationMethodBuilder clPrepBuilder: Inner Class detected. Reject building class initialisation methods. 
177607     DEBUG main            d.u.i.k.p.i.AbstractProblemLoader Init config took 9.46s 
177690     INFO  main            d.u.i.k.p.i.AbstractProblemLoader Replaying proof GhostFrame[GhostFrame::foo_8()].JML operation contract.0 
177692     DEBUG main            d.u.i.k.p.i.IntermediateProofReplayer Proof replay took 23ns 
179429     INFO  main            d.u.i.k.p.r.p.TestFile    ... finished proof: closed. 
179853     INFO  main            d.u.i.k.p.i.AbstractProblemLoader Loading environment from /home/runner/work/key/key/key.core/../key.ui/examples/performance-test/GhostFrame(GhostFrame__foo_08()).JML_operation_contract.0.key.proof 
179854     DEBUG main            d.u.i.k.p.i.AbstractProblemLoader Environment load took 584.2ns 
179855     INFO  main            d.u.i.k.p.i.AbstractProblemLoader Creating init config 
182592     DEBUG main            d.u.i.k.j.r.ClassPreparationMethodBuilder clPrepBuilder: Inner Class detected. Reject building class initialisation methods. 
189146     DEBUG main            d.u.i.k.p.i.AbstractProblemLoader Init config took 9.29s 
189228     INFO  main            d.u.i.k.p.i.AbstractProblemLoader Replaying proof GhostFrame[GhostFrame::foo_8()].JML operation contract.0 
189558     DEBUG main            d.u.i.k.p.i.IntermediateProofReplayer Proof replay took 322.44ms 
189560     DEBUG main            d.u.i.k.p.r.p.TestFile    ... success: reloaded. 
189561     INFO  main            d.u.i.k.p.r.p.TestFile    Now processing file /home/runner/work/key/key/key.core/../key.ui/examples/performance-test/Modelfield(Modelfield__foo_08()).JML_operation_contract.0.key 
189561     INFO  main            d.u.i.k.p.i.AbstractProblemLoader Loading environment from /home/runner/work/key/key/key.core/../key.ui/examples/performance-test/Modelfield(Modelfield__foo_08()).JML_operation_contract.0.key 
189561     DEBUG main            d.u.i.k.p.i.AbstractProblemLoader Environment load took 114.7ns 
189562     INFO  main            d.u.i.k.p.i.AbstractProblemLoader Creating init config 
192398     DEBUG main            d.u.i.k.j.r.ClassPreparationMethodBuilder clPrepBuilder: Inner Class detected. Reject building class initialisation methods. 
198983     DEBUG main            d.u.i.k.p.i.AbstractProblemLoader Init config took 9.42s 
199065     INFO  main            d.u.i.k.p.i.AbstractProblemLoader Replaying proof Modelfield[Modelfield::foo_8()].JML operation contract.0 
199067     DEBUG main            d.u.i.k.p.i.IntermediateProofReplayer Proof replay took 6ns 
201914     INFO  main            d.u.i.k.p.r.p.TestFile    ... finished proof: closed. 
202348     INFO  main            d.u.i.k.p.i.AbstractProblemLoader Loading environment from /home/runner/work/key/key/key.core/../key.ui/examples/performance-test/Modelfield(Modelfield__foo_08()).JML_operation_contract.0.key.proof 
202348     DEBUG main            d.u.i.k.p.i.AbstractProblemLoader Environment load took 128.6ns 
202350     INFO  main            d.u.i.k.p.i.AbstractProblemLoader Creating init config 
205077     DEBUG main            d.u.i.k.j.r.ClassPreparationMethodBuilder clPrepBuilder: Inner Class detected. Reject building class initialisation methods. 
211618     DEBUG main            d.u.i.k.p.i.AbstractProblemLoader Init config took 9.27s 
211732     INFO  main            d.u.i.k.p.i.AbstractProblemLoader Replaying proof Modelfield[Modelfield::foo_8()].JML operation contract.0 
212133     DEBUG main            d.u.i.k.p.i.IntermediateProofReplayer Proof replay took 388.28ms 
212135     DEBUG main            d.u.i.k.p.r.p.TestFile    ... success: reloaded. 
356343     INFO  Test worker     d.u.i.k.p.r.RunAllProofsTestUnit Returning from test performance 
356354     INFO  Test worker     d.u.i.k.p.r.RunAllProofsTestUnit Running test performancePOConstruction 
340        INFO  Timeout watchdog d.u.i.k.p.r.p.ForkedTestFileRunner Timeout watcher launched (2000 secs.) 
340        WARN  main            d.u.i.k.s.ProofSettings   The settings in /home/runner/.key/proof-settings.props are *not* read. 
371        INFO  main            d.u.i.k.p.r.p.TestFile    Now processing file /home/runner/work/key/key/key.core/../key.ui/examples/performance-test/Test(Test__a0(int)).JML_normal_behavior_operation_contract.0.key 
495        INFO  main            d.u.i.k.p.i.AbstractProblemLoader Loading environment from /home/runner/work/key/key/key.core/../key.ui/examples/performance-test/Test(Test__a0(int)).JML_normal_behavior_operation_contract.0.key 
514        DEBUG main            d.u.i.k.p.i.AbstractProblemLoader Environment load took 2.15ms 
762        INFO  main            d.u.i.k.p.i.AbstractProblemLoader Creating init config 
1777       DEBUG main            d.u.i.k.j.TypeConverter   No LDT found for Meta 
1777       DEBUG main            d.u.i.k.j.TypeConverter   No LDT found for Meta 
1780       DEBUG main            d.u.i.k.j.TypeConverter   No LDT found for Meta 
1780       DEBUG main            d.u.i.k.j.TypeConverter   No LDT found for Meta 
3264       DEBUG main            d.u.i.k.j.TypeConverter   No LDT found for JavaBigintExpression 
9650       DEBUG main            d.u.i.k.j.r.ClassPreparationMethodBuilder clPrepBuilder: Inner Class detected. Reject building class initialisation methods. 
18842      DEBUG main            d.u.i.k.p.i.AbstractProblemLoader Init config took 18.08s 
20262      INFO  main            d.u.i.k.p.i.AbstractProblemLoader Replaying proof Test[Test::a0(int)].JML normal_behavior operation contract.0 
20348      DEBUG main            d.u.i.k.p.i.IntermediateProofReplayer Proof replay took 35.4ns 
20815      INFO  main            d.u.i.k.p.r.p.TestFile    ... finished proof: closed. 
20968      INFO  main            d.u.i.k.p.i.AbstractProblemLoader Loading environment from /home/runner/work/key/key/key.core/../key.ui/examples/performance-test/Test(Test__a0(int)).JML_normal_behavior_operation_contract.0.key.proof 
20968      DEBUG main            d.u.i.k.p.i.AbstractProblemLoader Environment load took 136.7ns 
20970      INFO  main            d.u.i.k.p.i.AbstractProblemLoader Creating init config 
24661      DEBUG main            d.u.i.k.j.r.ClassPreparationMethodBuilder clPrepBuilder: Inner Class detected. Reject building class initialisation methods. 
33210      DEBUG main            d.u.i.k.p.i.AbstractProblemLoader Init config took 12.24s 
34314      INFO  main            d.u.i.k.p.i.AbstractProblemLoader Replaying proof Test[Test::a0(int)].JML normal_behavior operation contract.0 
34344      DEBUG main            d.u.i.k.p.i.IntermediateProofReplayer Proof replay took 24.2ms 
34354      DEBUG main            d.u.i.k.p.r.p.TestFile    ... success: reloaded. 
34359      INFO  main            d.u.i.k.p.r.p.TestFile    Now processing file /home/runner/work/key/key/key.core/../key.ui/examples/performance-test/Test(Test__a1(int)).JML_normal_behavior_operation_contract.0.key 
34360      INFO  main            d.u.i.k.p.i.AbstractProblemLoader Loading environment from /home/runner/work/key/key/key.core/../key.ui/examples/performance-test/Test(Test__a1(int)).JML_normal_behavior_operation_contract.0.key 
34360      DEBUG main            d.u.i.k.p.i.AbstractProblemLoader Environment load took 158ns 
34362      INFO  main            d.u.i.k.p.i.AbstractProblemLoader Creating init config 
37840      DEBUG main            d.u.i.k.j.r.ClassPreparationMethodBuilder clPrepBuilder: Inner Class detected. Reject building class initialisation methods. 
46106      DEBUG main            d.u.i.k.p.i.AbstractProblemLoader Init config took 11.74s 
47334      INFO  main            d.u.i.k.p.i.AbstractProblemLoader Replaying proof Test[Test::a1(int)].JML normal_behavior operation contract.0 
47336      DEBUG main            d.u.i.k.p.i.IntermediateProofReplayer Proof replay took 6.2ns 
47640      INFO  main            d.u.i.k.p.r.p.TestFile    ... finished proof: closed. 
47894      INFO  main            d.u.i.k.p.i.AbstractProblemLoader Loading environment from /home/runner/work/key/key/key.core/../key.ui/examples/performance-test/Test(Test__a1(int)).JML_normal_behavior_operation_contract.0.key.proof 
47901      DEBUG main            d.u.i.k.p.i.AbstractProblemLoader Environment load took 6.46ms 
47907      INFO  main            d.u.i.k.p.i.AbstractProblemLoader Creating init config 
51375      DEBUG main            d.u.i.k.j.r.ClassPreparationMethodBuilder clPrepBuilder: Inner Class detected. Reject building class initialisation methods. 
59588      DEBUG main            d.u.i.k.p.i.AbstractProblemLoader Init config took 11.68s 
60666      INFO  main            d.u.i.k.p.i.AbstractProblemLoader Replaying proof Test[Test::a1(int)].JML normal_behavior operation contract.0 
60782      DEBUG main            d.u.i.k.p.i.IntermediateProofReplayer Proof replay took 106.38ms 
60787      DEBUG main            d.u.i.k.p.r.p.TestFile    ... success: reloaded. 
60789      INFO  main            d.u.i.k.p.r.p.TestFile    Now processing file /home/runner/work/key/key/key.core/../key.ui/examples/performance-test/Test(Test__f1(int)).JML_normal_behavior_operation_contract.0.key 
60789      INFO  main            d.u.i.k.p.i.AbstractProblemLoader Loading environment from /home/runner/work/key/key/key.core/../key.ui/examples/performance-test/Test(Test__f1(int)).JML_normal_behavior_operation_contract.0.key 
60789      DEBUG main            d.u.i.k.p.i.AbstractProblemLoader Environment load took 149.6ns 
60792      INFO  main            d.u.i.k.p.i.AbstractProblemLoader Creating init config 
64289      DEBUG main            d.u.i.k.j.r.ClassPreparationMethodBuilder clPrepBuilder: Inner Class detected. Reject building class initialisation methods. 
72294      DEBUG main            d.u.i.k.p.i.AbstractProblemLoader Init config took 11.5s 
73323      INFO  main            d.u.i.k.p.i.AbstractProblemLoader Replaying proof Test[Test::f1(int)].JML normal_behavior operation contract.0 
73326      DEBUG main            d.u.i.k.p.i.IntermediateProofReplayer Proof replay took 6.5ns 
73566      INFO  main            d.u.i.k.p.r.p.TestFile    ... finished proof: closed. 
73975      INFO  main            d.u.i.k.p.i.AbstractProblemLoader Loading environment from /home/runner/work/key/key/key.core/../key.ui/examples/performance-test/Test(Test__f1(int)).JML_normal_behavior_operation_contract.0.key.proof 
73975      DEBUG main            d.u.i.k.p.i.AbstractProblemLoader Environment load took 565.5ns 
73977      INFO  main            d.u.i.k.p.i.AbstractProblemLoader Creating init config 
77272      DEBUG main            d.u.i.k.j.r.ClassPreparationMethodBuilder clPrepBuilder: Inner Class detected. Reject building class initialisation methods. 
85427      DEBUG main            d.u.i.k.p.i.AbstractProblemLoader Init config took 11.45s 
86347      INFO  main            d.u.i.k.p.i.AbstractProblemLoader Replaying proof Test[Test::f1(int)].JML normal_behavior operation contract.0 
86395      DEBUG main            d.u.i.k.p.i.IntermediateProofReplayer Proof replay took 45.04ms 
86396      DEBUG main            d.u.i.k.p.r.p.TestFile    ... success: reloaded. 
442938     INFO  Test worker     d.u.i.k.p.r.RunAllProofsTestUnit Returning from test performancePOConstruction 
442940     INFO  Test worker     d.u.i.k.p.r.RunAllProofsTestUnit Running test applicationRestrictions 
461        INFO  Timeout watchdog d.u.i.k.p.r.p.ForkedTestFileRunner Timeout watcher launched (2000 secs.) 
468        WARN  main            d.u.i.k.s.ProofSettings   The settings in /home/runner/.key/proof-settings.props are *not* read. 
494        INFO  main            d.u.i.k.p.r.p.TestFile    Now processing file /home/runner/work/key/key/key.core/../key.ui/examples/heap/polarity_tests/wellformed1.key 
714        INFO  main            d.u.i.k.p.i.AbstractProblemLoader Loading environment from /home/runner/work/key/key/key.core/../key.ui/examples/heap/polarity_tests/wellformed1.key 
731        DEBUG main            d.u.i.k.p.i.AbstractProblemLoader Environment load took 1.93ms 
973        INFO  main            d.u.i.k.p.i.AbstractProblemLoader Creating init config 
2197       DEBUG main            d.u.i.k.j.TypeConverter   No LDT found for Meta 
2198       DEBUG main            d.u.i.k.j.TypeConverter   No LDT found for Meta 
2201       DEBUG main            d.u.i.k.j.TypeConverter   No LDT found for Meta 
2201       DEBUG main            d.u.i.k.j.TypeConverter   No LDT found for Meta 
3499       DEBUG main            d.u.i.k.j.TypeConverter   No LDT found for JavaBigintExpression 
9390       DEBUG main            d.u.i.k.p.i.AbstractProblemLoader Init config took 8.42s 
9454       INFO  main            d.u.i.k.p.i.AbstractProblemLoader Replaying proof wellformed1.key 
9488       DEBUG main            d.u.i.k.p.i.IntermediateProofReplayer Proof replay took 32.1ns 
9661       INFO  main            d.u.i.k.p.r.p.TestFile    ... finished proof: closed. 
9756       INFO  main            d.u.i.k.p.i.AbstractProblemLoader Loading environment from /home/runner/work/key/key/key.core/../key.ui/examples/heap/polarity_tests/wellformed1.key.proof 
9757       DEBUG main            d.u.i.k.p.i.AbstractProblemLoader Environment load took 132.1ns 
9764       INFO  main            d.u.i.k.p.i.AbstractProblemLoader Creating init config 
13051      DEBUG main            d.u.i.k.p.i.AbstractProblemLoader Init config took 3.29s 
13164      INFO  main            d.u.i.k.p.i.AbstractProblemLoader Replaying proof wellformed1.key.proof 
13171      DEBUG main            d.u.i.k.p.i.IntermediateProofReplayer Proof replay took 2.38ms 
13181      DEBUG main            d.u.i.k.p.r.p.TestFile    ... success: reloaded. 
13183      INFO  main            d.u.i.k.p.r.p.TestFile    Now processing file /home/runner/work/key/key/key.core/../key.ui/examples/heap/polarity_tests/wellformed2.key 
13183      INFO  main            d.u.i.k.p.i.AbstractProblemLoader Loading environment from /home/runner/work/key/key/key.core/../key.ui/examples/heap/polarity_tests/wellformed2.key 
13184      DEBUG main            d.u.i.k.p.i.AbstractProblemLoader Environment load took 286.2ns 
13185      INFO  main            d.u.i.k.p.i.AbstractProblemLoader Creating init config 
16318      DEBUG main            d.u.i.k.p.i.AbstractProblemLoader Init config took 3.13s 
16345      INFO  main            d.u.i.k.p.i.AbstractProblemLoader Replaying proof wellformed2.key 
16347      DEBUG main            d.u.i.k.p.i.IntermediateProofReplayer Proof replay took 6.1ns 
16450      INFO  main            d.u.i.k.p.r.p.TestFile    ... finished proof: open goal(s) 
16574      INFO  main            d.u.i.k.p.r.p.TestFile    Now processing file /home/runner/work/key/key/key.core/../key.ui/examples/heap/polarity_tests/wellformed3.key 
16575      INFO  main            d.u.i.k.p.i.AbstractProblemLoader Loading environment from /home/runner/work/key/key/key.core/../key.ui/examples/heap/polarity_tests/wellformed3.key 
16575      DEBUG main            d.u.i.k.p.i.AbstractProblemLoader Environment load took 79.9ns 
16576      INFO  main            d.u.i.k.p.i.AbstractProblemLoader Creating init config 
19612      DEBUG main            d.u.i.k.p.i.AbstractProblemLoader Init config took 3.04s 
19644      INFO  main            d.u.i.k.p.i.AbstractProblemLoader Replaying proof wellformed3.key 
19649      DEBUG main            d.u.i.k.p.i.IntermediateProofReplayer Proof replay took 7.6ns 
19752      INFO  main            d.u.i.k.p.r.p.TestFile    ... finished proof: closed. 
19886      INFO  main            d.u.i.k.p.i.AbstractProblemLoader Loading environment from /home/runner/work/key/key/key.core/../key.ui/examples/heap/polarity_tests/wellformed3.key.proof 
19887      DEBUG main            d.u.i.k.p.i.AbstractProblemLoader Environment load took 137.5ns 
19890      INFO  main            d.u.i.k.p.i.AbstractProblemLoader Creating init config 
22920      DEBUG main            d.u.i.k.p.i.AbstractProblemLoader Init config took 3.03s 
22940      INFO  main            d.u.i.k.p.i.AbstractProblemLoader Replaying proof wellformed3.key.proof 
22944      DEBUG main            d.u.i.k.p.i.IntermediateProofReplayer Proof replay took 2.09ms 
22945      DEBUG main            d.u.i.k.p.r.p.TestFile    ... success: reloaded. 
22946      INFO  main            d.u.i.k.p.r.p.TestFile    Now processing file /home/runner/work/key/key/key.core/../key.ui/examples/heap/polarity_tests/wellformed4.key 
22946      INFO  main            d.u.i.k.p.i.AbstractProblemLoader Loading environment from /home/runner/work/key/key/key.core/../key.ui/examples/heap/polarity_tests/wellformed4.key 
22946      DEBUG main            d.u.i.k.p.i.AbstractProblemLoader Environment load took 100.6ns 
22948      INFO  main            d.u.i.k.p.i.AbstractProblemLoader Creating init config 
25793      DEBUG main            d.u.i.k.p.i.AbstractProblemLoader Init config took 2.85s 
25812      INFO  main            d.u.i.k.p.i.AbstractProblemLoader Replaying proof wellformed4.key 
25813      DEBUG main            d.u.i.k.p.i.IntermediateProofReplayer Proof replay took 5.5ns 
25916      INFO  main            d.u.i.k.p.r.p.TestFile    ... finished proof: open goal(s) 
26045      INFO  main            d.u.i.k.p.r.p.TestFile    Now processing file /home/runner/work/key/key/key.core/../key.ui/examples/heap/polarity_tests/wellformed5.key 
26045      INFO  main            d.u.i.k.p.i.AbstractProblemLoader Loading environment from /home/runner/work/key/key/key.core/../key.ui/examples/heap/polarity_tests/wellformed5.key 
26045      DEBUG main            d.u.i.k.p.i.AbstractProblemLoader Environment load took 74.6ns 
26046      INFO  main            d.u.i.k.p.i.AbstractProblemLoader Creating init config 
28530      DEBUG main            d.u.i.k.p.i.AbstractProblemLoader Init config took 2.48s 
28555      INFO  main            d.u.i.k.p.i.AbstractProblemLoader Replaying proof wellformed5.key 
28558      DEBUG main            d.u.i.k.p.i.IntermediateProofReplayer Proof replay took 6.7ns 
28661      INFO  main            d.u.i.k.p.r.p.TestFile    ... finished proof: closed. 
28792      INFO  main            d.u.i.k.p.i.AbstractProblemLoader Loading environment from /home/runner/work/key/key/key.core/../key.ui/examples/heap/polarity_tests/wellformed5.key.proof 
28792      DEBUG main            d.u.i.k.p.i.AbstractProblemLoader Environment load took 114.4ns 
28793      INFO  main            d.u.i.k.p.i.AbstractProblemLoader Creating init config 
31245      DEBUG main            d.u.i.k.p.i.AbstractProblemLoader Init config took 2.45s 
31264      INFO  main            d.u.i.k.p.i.AbstractProblemLoader Replaying proof wellformed5.key.proof 
31267      DEBUG main            d.u.i.k.p.i.IntermediateProofReplayer Proof replay took 1.18ms 
31267      DEBUG main            d.u.i.k.p.r.p.TestFile    ... success: reloaded. 
31268      INFO  main            d.u.i.k.p.r.p.TestFile    Now processing file /home/runner/work/key/key/key.core/../key.ui/examples/heap/polarity_tests/wellformed6.key 
31268      INFO  main            d.u.i.k.p.i.AbstractProblemLoader Loading environment from /home/runner/work/key/key/key.core/../key.ui/examples/heap/polarity_tests/wellformed6.key 
31269      DEBUG main            d.u.i.k.p.i.AbstractProblemLoader Environment load took 98.4ns 
31270      INFO  main            d.u.i.k.p.i.AbstractProblemLoader Creating init config 
33760      DEBUG main            d.u.i.k.p.i.AbstractProblemLoader Init config took 2.49s 
33779      INFO  main            d.u.i.k.p.i.AbstractProblemLoader Replaying proof wellformed6.key 
33781      DEBUG main            d.u.i.k.p.i.IntermediateProofReplayer Proof replay took 6.4ns 
33883      INFO  main            d.u.i.k.p.r.p.TestFile    ... finished proof: open goal(s) 
34041      INFO  main            d.u.i.k.p.r.p.TestFile    Now processing file /home/runner/work/key/key/key.core/../key.ui/examples/heap/polarity_tests/wellformed7.key 
34041      INFO  main            d.u.i.k.p.i.AbstractProblemLoader Loading environment from /home/runner/work/key/key/key.core/../key.ui/examples/heap/polarity_tests/wellformed7.key 
34041      DEBUG main            d.u.i.k.p.i.AbstractProblemLoader Environment load took 71ns 
34042      INFO  main            d.u.i.k.p.i.AbstractProblemLoader Creating init config 
36502      DEBUG main            d.u.i.k.p.i.AbstractProblemLoader Init config took 2.46s 
36523      INFO  main            d.u.i.k.p.i.AbstractProblemLoader Replaying proof wellformed7.key 
36525      DEBUG main            d.u.i.k.p.i.IntermediateProofReplayer Proof replay took 6.4ns 
36628      INFO  main            d.u.i.k.p.r.p.TestFile    ... finished proof: closed. 
36764      INFO  main            d.u.i.k.p.i.AbstractProblemLoader Loading environment from /home/runner/work/key/key/key.core/../key.ui/examples/heap/polarity_tests/wellformed7.key.proof 
36765      DEBUG main            d.u.i.k.p.i.AbstractProblemLoader Environment load took 115.1ns 
36766      INFO  main            d.u.i.k.p.i.AbstractProblemLoader Creating init config 
39262      DEBUG main            d.u.i.k.p.i.AbstractProblemLoader Init config took 2.5s 
39281      INFO  main            d.u.i.k.p.i.AbstractProblemLoader Replaying proof wellformed7.key.proof 
39284      DEBUG main            d.u.i.k.p.i.IntermediateProofReplayer Proof replay took 1.62ms 
39285      DEBUG main            d.u.i.k.p.r.p.TestFile    ... success: reloaded. 
39286      INFO  main            d.u.i.k.p.r.p.TestFile    Now processing file /home/runner/work/key/key/key.core/../key.ui/examples/heap/polarity_tests/wellformed8.key 
39286      INFO  main            d.u.i.k.p.i.AbstractProblemLoader Loading environment from /home/runner/work/key/key/key.core/../key.ui/examples/heap/polarity_tests/wellformed8.key 
39287      DEBUG main            d.u.i.k.p.i.AbstractProblemLoader Environment load took 237.3ns 
39288      INFO  main            d.u.i.k.p.i.AbstractProblemLoader Creating init config 
41749      DEBUG main            d.u.i.k.p.i.AbstractProblemLoader Init config took 2.46s 
41769      INFO  main            d.u.i.k.p.i.AbstractProblemLoader Replaying proof wellformed8.key 
41771      DEBUG main            d.u.i.k.p.i.IntermediateProofReplayer Proof replay took 7ns 
41873      INFO  main            d.u.i.k.p.r.p.TestFile    ... finished proof: open goal(s) 
42020      INFO  main            d.u.i.k.p.r.p.TestFile    Now processing file /home/runner/work/key/key/key.core/../key.ui/examples/heap/polarity_tests/wellformed9.key 
42020      INFO  main            d.u.i.k.p.i.AbstractProblemLoader Loading environment from /home/runner/work/key/key/key.core/../key.ui/examples/heap/polarity_tests/wellformed9.key 
42020      DEBUG main            d.u.i.k.p.i.AbstractProblemLoader Environment load took 70.7ns 
42021      INFO  main            d.u.i.k.p.i.AbstractProblemLoader Creating init config 
44431      DEBUG main            d.u.i.k.p.i.AbstractProblemLoader Init config took 2.41s 
44449      INFO  main            d.u.i.k.p.i.AbstractProblemLoader Replaying proof wellformed9.key 
44451      DEBUG main            d.u.i.k.p.i.IntermediateProofReplayer Proof replay took 6.9ns 
44553      INFO  main            d.u.i.k.p.r.p.TestFile    ... finished proof: closed. 
44689      INFO  main            d.u.i.k.p.i.AbstractProblemLoader Loading environment from /home/runner/work/key/key/key.core/../key.ui/examples/heap/polarity_tests/wellformed9.key.proof 
44690      DEBUG main            d.u.i.k.p.i.AbstractProblemLoader Environment load took 119.6ns 
44691      INFO  main            d.u.i.k.p.i.AbstractProblemLoader Creating init config 
47088      DEBUG main            d.u.i.k.p.i.AbstractProblemLoader Init config took 2.4s 
47104      INFO  main            d.u.i.k.p.i.AbstractProblemLoader Replaying proof wellformed9.key.proof 
47107      DEBUG main            d.u.i.k.p.i.IntermediateProofReplayer Proof replay took 1.42ms 
47108      DEBUG main            d.u.i.k.p.r.p.TestFile    ... success: reloaded. 
47109      INFO  main            d.u.i.k.p.r.p.TestFile    Now processing file /home/runner/work/key/key/key.core/../key.ui/examples/heap/polarity_tests/wellformed10.key 
47109      INFO  main            d.u.i.k.p.i.AbstractProblemLoader Loading environment from /home/runner/work/key/key/key.core/../key.ui/examples/heap/polarity_tests/wellformed10.key 
47109      DEBUG main            d.u.i.k.p.i.AbstractProblemLoader Environment load took 127ns 
47110      INFO  main            d.u.i.k.p.i.AbstractProblemLoader Creating init config 
49523      DEBUG main            d.u.i.k.p.i.AbstractProblemLoader Init config took 2.41s 
49546      INFO  main            d.u.i.k.p.i.AbstractProblemLoader Replaying proof wellformed10.key 
49547      DEBUG main            d.u.i.k.p.i.IntermediateProofReplayer Proof replay took 6.7ns 
49655      INFO  main            d.u.i.k.p.r.p.TestFile    ... finished proof: open goal(s) 
49824      INFO  main            d.u.i.k.p.r.p.TestFile    Now processing file /home/runner/work/key/key/key.core/../key.ui/examples/heap/polarity_tests/wellformed11.key 
49824      INFO  main            d.u.i.k.p.i.AbstractProblemLoader Loading environment from /home/runner/work/key/key/key.core/../key.ui/examples/heap/polarity_tests/wellformed11.key 
49824      DEBUG main            d.u.i.k.p.i.AbstractProblemLoader Environment load took 84.3ns 
49826      INFO  main            d.u.i.k.p.i.AbstractProblemLoader Creating init config 
52203      DEBUG main            d.u.i.k.p.i.AbstractProblemLoader Init config took 2.38s 
52219      INFO  main            d.u.i.k.p.i.AbstractProblemLoader Replaying proof wellformed11.key 
52220      DEBUG main            d.u.i.k.p.i.IntermediateProofReplayer Proof replay took 6.2ns 
52324      INFO  main            d.u.i.k.p.r.p.TestFile    ... finished proof: open goal(s) 
495568     INFO  Test worker     d.u.i.k.p.r.RunAllProofsTestUnit Returning from test applicationRestrictions 
495573     INFO  Test worker     d.u.i.k.p.r.RunAllProofsTestUnit Running test blockContracts 
373        INFO  Timeout watchdog d.u.i.k.p.r.p.ForkedTestFileRunner Timeout watcher launched (2000 secs.) 
374        WARN  main            d.u.i.k.s.ProofSettings   The settings in /home/runner/.key/proof-settings.props are *not* read. 
417        INFO  main            d.u.i.k.p.r.p.TestFile    Now processing file /home/runner/work/key/key/key.core/../key.ui/examples/heap/block_contracts/Simple__add.key 
574        INFO  main            d.u.i.k.p.i.AbstractProblemLoader Loading environment from /home/runner/work/key/key/key.core/../key.ui/examples/heap/block_contracts/Simple__add.key 
600        DEBUG main            d.u.i.k.p.i.AbstractProblemLoader Environment load took 2.17ms 
838        INFO  main            d.u.i.k.p.i.AbstractProblemLoader Creating init config 
1747       DEBUG main            d.u.i.k.j.TypeConverter   No LDT found for Meta 
1747       DEBUG main            d.u.i.k.j.TypeConverter   No LDT found for Meta 
1748       DEBUG main            d.u.i.k.j.TypeConverter   No LDT found for Meta 
1748       DEBUG main            d.u.i.k.j.TypeConverter   No LDT found for Meta 
3123       DEBUG main            d.u.i.k.j.TypeConverter   No LDT found for JavaBigintExpression 
8829       DEBUG main            d.u.i.k.p.i.AbstractProblemLoader Init config took 7.99s 
9009       INFO  main            d.u.i.k.p.i.AbstractProblemLoader Replaying proof Simple[Simple::add(int,int)].JML operation contract.0 
9089       DEBUG main            d.u.i.k.p.i.IntermediateProofReplayer Proof replay took 384.1ns 
9820       INFO  main            d.u.i.k.p.r.p.TestFile    ... finished proof: closed. 
9930       INFO  main            d.u.i.k.p.i.AbstractProblemLoader Loading environment from /home/runner/work/key/key/key.core/../key.ui/examples/heap/block_contracts/Simple__add.key.proof 
9931       DEBUG main            d.u.i.k.p.i.AbstractProblemLoader Environment load took 1.01ms 
9935       INFO  main            d.u.i.k.p.i.AbstractProblemLoader Creating init config 
13257      DEBUG main            d.u.i.k.p.i.AbstractProblemLoader Init config took 3.32s 
13348      INFO  main            d.u.i.k.p.i.AbstractProblemLoader Replaying proof Simple[Simple::add(int,int)].JML operation contract.0 
13432      DEBUG main            d.u.i.k.p.i.IntermediateProofReplayer Proof replay took 80.59ms 
13440      DEBUG main            d.u.i.k.p.r.p.TestFile    ... success: reloaded. 
13443      INFO  main            d.u.i.k.p.r.p.TestFile    Now processing file /home/runner/work/key/key/key.core/../key.ui/examples/heap/block_contracts/Simple__addAbsoluteValues.key 
13444      INFO  main            d.u.i.k.p.i.AbstractProblemLoader Loading environment from /home/runner/work/key/key/key.core/../key.ui/examples/heap/block_contracts/Simple__addAbsoluteValues.key 
13444      DEBUG main            d.u.i.k.p.i.AbstractProblemLoader Environment load took 137.9ns 
13447      INFO  main            d.u.i.k.p.i.AbstractProblemLoader Creating init config 
16627      DEBUG main            d.u.i.k.p.i.AbstractProblemLoader Init config took 3.18s 
16691      INFO  main            d.u.i.k.p.i.AbstractProblemLoader Replaying proof Simple[Simple::addAbsoluteValues(int,int)].JML normal_behavior operation contract.0 
16694      DEBUG main            d.u.i.k.p.i.IntermediateProofReplayer Proof replay took 15.5ns 
17702      INFO  main            d.u.i.k.p.r.p.TestFile    ... finished proof: closed. 
17913      INFO  main            d.u.i.k.p.i.AbstractProblemLoader Loading environment from /home/runner/work/key/key/key.core/../key.ui/examples/heap/block_contracts/Simple__addAbsoluteValues.key.proof 
17914      DEBUG main            d.u.i.k.p.i.AbstractProblemLoader Environment load took 138.8ns 
17917      INFO  main            d.u.i.k.p.i.AbstractProblemLoader Creating init config 
20998      DEBUG main            d.u.i.k.p.i.AbstractProblemLoader Init config took 3.08s 
21104      INFO  main            d.u.i.k.p.i.AbstractProblemLoader Replaying proof Simple[Simple::addAbsoluteValues(int,int)].JML normal_behavior operation contract.0 
21325      DEBUG main            d.u.i.k.p.i.IntermediateProofReplayer Proof replay took 212.46ms 
21327      DEBUG main            d.u.i.k.p.r.p.TestFile    ... success: reloaded. 
21329      INFO  main            d.u.i.k.p.r.p.TestFile    Now processing file /home/runner/work/key/key/key.core/../key.ui/examples/heap/block_contracts/Simple__addWithJump.key 
21330      INFO  main            d.u.i.k.p.i.AbstractProblemLoader Loading environment from /home/runner/work/key/key/key.core/../key.ui/examples/heap/block_contracts/Simple__addWithJump.key 
21330      DEBUG main            d.u.i.k.p.i.AbstractProblemLoader Environment load took 261.7ns 
21332      INFO  main            d.u.i.k.p.i.AbstractProblemLoader Creating init config 
24459      DEBUG main            d.u.i.k.p.i.AbstractProblemLoader Init config took 3.13s 
24511      INFO  main            d.u.i.k.p.i.AbstractProblemLoader Replaying proof Simple[Simple::addWithJump(int,int,int)].JML operation contract.0 
24515      DEBUG main            d.u.i.k.p.i.IntermediateProofReplayer Proof replay took 23.4ns 
24717      INFO  main            d.u.i.k.p.r.p.TestFile    ... finished proof: closed. 
24895      INFO  main            d.u.i.k.p.i.AbstractProblemLoader Loading environment from /home/runner/work/key/key/key.core/../key.ui/examples/heap/block_contracts/Simple__addWithJump.key.proof 
24895      DEBUG main            d.u.i.k.p.i.AbstractProblemLoader Environment load took 126.3ns 
24896      INFO  main            d.u.i.k.p.i.AbstractProblemLoader Creating init config 
27882      DEBUG main            d.u.i.k.p.i.AbstractProblemLoader Init config took 2.99s 
27927      INFO  main            d.u.i.k.p.i.AbstractProblemLoader Replaying proof Simple[Simple::addWithJump(int,int,int)].JML operation contract.0 
27972      DEBUG main            d.u.i.k.p.i.IntermediateProofReplayer Proof replay took 42.02ms 
27973      DEBUG main            d.u.i.k.p.r.p.TestFile    ... success: reloaded. 
27975      INFO  main            d.u.i.k.p.r.p.TestFile    Now processing file /home/runner/work/key/key/key.core/../key.ui/examples/heap/block_contracts/Simple__addWithTwoBlockContracts.key 
27975      INFO  main            d.u.i.k.p.i.AbstractProblemLoader Loading environment from /home/runner/work/key/key/key.core/../key.ui/examples/heap/block_contracts/Simple__addWithTwoBlockContracts.key 
27975      DEBUG main            d.u.i.k.p.i.AbstractProblemLoader Environment load took 228.6ns 
27976      INFO  main            d.u.i.k.p.i.AbstractProblemLoader Creating init config 
30989      DEBUG main            d.u.i.k.p.i.AbstractProblemLoader Init config took 3.01s 
31034      INFO  main            d.u.i.k.p.i.AbstractProblemLoader Replaying proof Simple[Simple::addWithTwoBlockContracts(int,int,int)].JML operation contract.0 
31036      DEBUG main            d.u.i.k.p.i.IntermediateProofReplayer Proof replay took 11.7ns 
31239      INFO  main            d.u.i.k.p.r.p.TestFile    ... finished proof: closed. 
31442      INFO  main            d.u.i.k.p.i.AbstractProblemLoader Loading environment from /home/runner/work/key/key/key.core/../key.ui/examples/heap/block_contracts/Simple__addWithTwoBlockContracts.key.proof 
31442      DEBUG main            d.u.i.k.p.i.AbstractProblemLoader Environment load took 123.2ns 
31443      INFO  main            d.u.i.k.p.i.AbstractProblemLoader Creating init config 
34418      DEBUG main            d.u.i.k.p.i.AbstractProblemLoader Init config took 2.98s 
34462      INFO  main            d.u.i.k.p.i.AbstractProblemLoader Replaying proof Simple[Simple::addWithTwoBlockContracts(int,int,int)].JML operation contract.0 
34521      DEBUG main            d.u.i.k.p.i.IntermediateProofReplayer Proof replay took 56.12ms 
34522      DEBUG main            d.u.i.k.p.r.p.TestFile    ... success: reloaded. 
34523      INFO  main            d.u.i.k.p.r.p.TestFile    Now processing file /home/runner/work/key/key/key.core/../key.ui/examples/heap/block_contracts/Simple__generateByteArray.key 
34524      INFO  main            d.u.i.k.p.i.AbstractProblemLoader Loading environment from /home/runner/work/key/key/key.core/../key.ui/examples/heap/block_contracts/Simple__generateByteArray.key 
34524      DEBUG main            d.u.i.k.p.i.AbstractProblemLoader Environment load took 236.3ns 
34525      INFO  main            d.u.i.k.p.i.AbstractProblemLoader Creating init config 
37512      DEBUG main            d.u.i.k.p.i.AbstractProblemLoader Init config took 2.99s 
37557      INFO  main            d.u.i.k.p.i.AbstractProblemLoader Replaying proof Simple[Simple::generateByteArray()].JML normal_behavior operation contract.0 
37559      DEBUG main            d.u.i.k.p.i.IntermediateProofReplayer Proof replay took 10.2ns 
39469      INFO  main            d.u.i.k.p.r.p.TestFile    ... finished proof: closed. 
39681      INFO  main            d.u.i.k.p.i.AbstractProblemLoader Loading environment from /home/runner/work/key/key/key.core/../key.ui/examples/heap/block_contracts/Simple__generateByteArray.key.proof 
39682      DEBUG main            d.u.i.k.p.i.AbstractProblemLoader Environment load took 1.28ms 
39684      INFO  main            d.u.i.k.p.i.AbstractProblemLoader Creating init config 
42717      DEBUG main            d.u.i.k.p.i.AbstractProblemLoader Init config took 3.03s 
42759      INFO  main            d.u.i.k.p.i.AbstractProblemLoader Replaying proof Simple[Simple::generateByteArray()].JML normal_behavior operation contract.0 
43036      DEBUG main            d.u.i.k.p.i.IntermediateProofReplayer Proof replay took 264.55ms 
43038      DEBUG main            d.u.i.k.p.r.p.TestFile    ... success: reloaded. 
43039      INFO  main            d.u.i.k.p.r.p.TestFile    Now processing file /home/runner/work/key/key/key.core/../key.ui/examples/heap/block_contracts/Simple__getLength.key 
43039      INFO  main            d.u.i.k.p.i.AbstractProblemLoader Loading environment from /home/runner/work/key/key/key.core/../key.ui/examples/heap/block_contracts/Simple__getLength.key 
43040      DEBUG main            d.u.i.k.p.i.AbstractProblemLoader Environment load took 241.6ns 
43041      INFO  main            d.u.i.k.p.i.AbstractProblemLoader Creating init config 
46017      DEBUG main            d.u.i.k.p.i.AbstractProblemLoader Init config took 2.98s 
46060      INFO  main            d.u.i.k.p.i.AbstractProblemLoader Replaying proof Simple[Simple::getLength()].JML normal_behavior operation contract.0 
46062      DEBUG main            d.u.i.k.p.i.IntermediateProofReplayer Proof replay took 11.3ns 
46167      INFO  main            d.u.i.k.p.r.p.TestFile    ... finished proof: closed. 
46392      INFO  main            d.u.i.k.p.i.AbstractProblemLoader Loading environment from /home/runner/work/key/key/key.core/../key.ui/examples/heap/block_contracts/Simple__getLength.key.proof 
46392      DEBUG main            d.u.i.k.p.i.AbstractProblemLoader Environment load took 124.2ns 
46393      INFO  main            d.u.i.k.p.i.AbstractProblemLoader Creating init config 
49359      DEBUG main            d.u.i.k.p.i.AbstractProblemLoader Init config took 2.97s 
49400      INFO  main            d.u.i.k.p.i.AbstractProblemLoader Replaying proof Simple[Simple::getLength()].JML normal_behavior operation contract.0 
49409      DEBUG main            d.u.i.k.p.i.IntermediateProofReplayer Proof replay took 7.1ms 
49409      DEBUG main            d.u.i.k.p.r.p.TestFile    ... success: reloaded. 
49411      INFO  main            d.u.i.k.p.r.p.TestFile    Now processing file /home/runner/work/key/key/key.core/../key.ui/examples/heap/block_contracts/Simple__square.key 
49411      INFO  main            d.u.i.k.p.i.AbstractProblemLoader Loading environment from /home/runner/work/key/key/key.core/../key.ui/examples/heap/block_contracts/Simple__square.key 
49411      DEBUG main            d.u.i.k.p.i.AbstractProblemLoader Environment load took 110.2ns 
49412      INFO  main            d.u.i.k.p.i.AbstractProblemLoader Creating init config 
52396      DEBUG main            d.u.i.k.p.i.AbstractProblemLoader Init config took 2.98s 
52437      INFO  main            d.u.i.k.p.i.AbstractProblemLoader Replaying proof Simple[Simple::square(int)].JML operation contract.0 
52439      DEBUG main            d.u.i.k.p.i.IntermediateProofReplayer Proof replay took 12.1ns 
52742      INFO  main            d.u.i.k.p.r.p.TestFile    ... finished proof: closed. 
52938      INFO  main            d.u.i.k.p.i.AbstractProblemLoader Loading environment from /home/runner/work/key/key/key.core/../key.ui/examples/heap/block_contracts/Simple__square.key.proof 
52939      DEBUG main            d.u.i.k.p.i.AbstractProblemLoader Environment load took 557.7ns 
52940      INFO  main            d.u.i.k.p.i.AbstractProblemLoader Creating init config 
55854      DEBUG main            d.u.i.k.p.i.AbstractProblemLoader Init config took 2.91s 
55893      INFO  main            d.u.i.k.p.i.AbstractProblemLoader Replaying proof Simple[Simple::square(int)].JML operation contract.0 
55983      DEBUG main            d.u.i.k.p.i.IntermediateProofReplayer Proof replay took 86.42ms 
55984      DEBUG main            d.u.i.k.p.r.p.TestFile    ... success: reloaded. 
55985      INFO  main            d.u.i.k.p.r.p.TestFile    Now processing file /home/runner/work/key/key/key.core/../key.ui/examples/heap/block_contracts/Simple__unnecessaryBlockContract.key 
55985      INFO  main            d.u.i.k.p.i.AbstractProblemLoader Loading environment from /home/runner/work/key/key/key.core/../key.ui/examples/heap/block_contracts/Simple__unnecessaryBlockContract.key 
55986      DEBUG main            d.u.i.k.p.i.AbstractProblemLoader Environment load took 216.8ns 
55987      INFO  main            d.u.i.k.p.i.AbstractProblemLoader Creating init config 
58988      DEBUG main            d.u.i.k.p.i.AbstractProblemLoader Init config took 3s 
59027      INFO  main            d.u.i.k.p.i.AbstractProblemLoader Replaying proof Simple[Simple::unnecessaryBlockContract()].JML operation contract.0 
59029      DEBUG main            d.u.i.k.p.i.IntermediateProofReplayer Proof replay took 13.4ns 
59133      INFO  main            d.u.i.k.p.r.p.TestFile    ... finished proof: closed. 
59344      INFO  main            d.u.i.k.p.i.AbstractProblemLoader Loading environment from /home/runner/work/key/key/key.core/../key.ui/examples/heap/block_contracts/Simple__unnecessaryBlockContract.key.proof 
59344      DEBUG main            d.u.i.k.p.i.AbstractProblemLoader Environment load took 126.8ns 
59345      INFO  main            d.u.i.k.p.i.AbstractProblemLoader Creating init config 
62230      DEBUG main            d.u.i.k.p.i.AbstractProblemLoader Init config took 2.89s 
62275      INFO  main            d.u.i.k.p.i.AbstractProblemLoader Replaying proof Simple[Simple::unnecessaryBlockContract()].JML operation contract.0 
62298      DEBUG main            d.u.i.k.p.i.IntermediateProofReplayer Proof replay took 20.79ms 
62299      DEBUG main            d.u.i.k.p.r.p.TestFile    ... success: reloaded. 
62300      INFO  main            d.u.i.k.p.r.p.TestFile    Now processing file /home/runner/work/key/key/key.core/../key.ui/examples/heap/block_contracts/Simple__unnecessaryLoopInvariant.key 
62301      INFO  main            d.u.i.k.p.i.AbstractProblemLoader Loading environment from /home/runner/work/key/key/key.core/../key.ui/examples/heap/block_contracts/Simple__unnecessaryLoopInvariant.key 
62301      DEBUG main            d.u.i.k.p.i.AbstractProblemLoader Environment load took 247.3ns 
62302      INFO  main            d.u.i.k.p.i.AbstractProblemLoader Creating init config 
65259      DEBUG main            d.u.i.k.p.i.AbstractProblemLoader Init config took 2.96s 
65303      INFO  main            d.u.i.k.p.i.AbstractProblemLoader Replaying proof Simple[Simple::unnecessaryLoopInvariant()].JML operation contract.0 
65304      DEBUG main            d.u.i.k.p.i.IntermediateProofReplayer Proof replay took 12.1ns 
65406      INFO  main            d.u.i.k.p.r.p.TestFile    ... finished proof: closed. 
65596      INFO  main            d.u.i.k.p.i.AbstractProblemLoader Loading environment from /home/runner/work/key/key/key.core/../key.ui/examples/heap/block_contracts/Simple__unnecessaryLoopInvariant.key.proof 
65596      DEBUG main            d.u.i.k.p.i.AbstractProblemLoader Environment load took 125.8ns 
65597      INFO  main            d.u.i.k.p.i.AbstractProblemLoader Creating init config 
68454      DEBUG main            d.u.i.k.p.i.AbstractProblemLoader Init config took 2.86s 
68507      INFO  main            d.u.i.k.p.i.AbstractProblemLoader Replaying proof Simple[Simple::unnecessaryLoopInvariant()].JML operation contract.0 
68521      DEBUG main            d.u.i.k.p.i.IntermediateProofReplayer Proof replay took 11.34ms 
68522      DEBUG main            d.u.i.k.p.r.p.TestFile    ... success: reloaded. 
68524      INFO  main            d.u.i.k.p.r.p.TestFile    Now processing file /home/runner/work/key/key/key.core/../key.ui/examples/standard_key/java_dl/jml-assert/assert.key 
68524      INFO  main            d.u.i.k.p.i.AbstractProblemLoader Loading environment from /home/runner/work/key/key/key.core/../key.ui/examples/standard_key/java_dl/jml-assert/assert.key 
68524      DEBUG main            d.u.i.k.p.i.AbstractProblemLoader Environment load took 225.5ns 
68525      INFO  main            d.u.i.k.p.i.AbstractProblemLoader Creating init config 
71160      DEBUG main            d.u.i.k.p.i.AbstractProblemLoader Init config took 2.63s 
71199      INFO  main            d.u.i.k.p.i.AbstractProblemLoader Replaying proof Assert[Assert::createArray(int)].JML normal_behavior operation contract.0 
71200      DEBUG main            d.u.i.k.p.i.IntermediateProofReplayer Proof replay took 7.3ns 
71403      INFO  main            d.u.i.k.p.r.p.TestFile    ... finished proof: closed. 
71601      INFO  main            d.u.i.k.p.i.AbstractProblemLoader Loading environment from /home/runner/work/key/key/key.core/../key.ui/examples/standard_key/java_dl/jml-assert/assert.key.proof 
71601      DEBUG main            d.u.i.k.p.i.AbstractProblemLoader Environment load took 129.9ns 
71602      INFO  main            d.u.i.k.p.i.AbstractProblemLoader Creating init config 
74158      DEBUG main            d.u.i.k.p.i.AbstractProblemLoader Init config took 2.56s 
74207      INFO  main            d.u.i.k.p.i.AbstractProblemLoader Replaying proof Assert[Assert::createArray(int)].JML normal_behavior operation contract.0 
74277      DEBUG main            d.u.i.k.p.i.IntermediateProofReplayer Proof replay took 67.17ms 
74279      DEBUG main            d.u.i.k.p.r.p.TestFile    ... success: reloaded. 
74281      INFO  main            d.u.i.k.p.r.p.TestFile    Now processing file /home/runner/work/key/key/key.core/../key.ui/examples/standard_key/java_dl/jml-assert/assert_assume_order.key 
74282      INFO  main            d.u.i.k.p.i.AbstractProblemLoader Loading environment from /home/runner/work/key/key/key.core/../key.ui/examples/standard_key/java_dl/jml-assert/assert_assume_order.key 
74285      DEBUG main            d.u.i.k.p.i.AbstractProblemLoader Environment load took 237.7ns 
74286      INFO  main            d.u.i.k.p.i.AbstractProblemLoader Creating init config 
76823      DEBUG main            d.u.i.k.p.i.AbstractProblemLoader Init config took 2.54s 
76859      INFO  main            d.u.i.k.p.i.AbstractProblemLoader Replaying proof AssertAssume[AssertAssume::singleAssumeAssert(int)].JML normal_behavior operation contract.0 
76860      DEBUG main            d.u.i.k.p.i.IntermediateProofReplayer Proof replay took 6.1ns 
76965      INFO  main            d.u.i.k.p.r.p.TestFile    ... finished proof: closed. 
77160      INFO  main            d.u.i.k.p.i.AbstractProblemLoader Loading environment from /home/runner/work/key/key/key.core/../key.ui/examples/standard_key/java_dl/jml-assert/assert_assume_order.key.proof 
77161      DEBUG main            d.u.i.k.p.i.AbstractProblemLoader Environment load took 123.8ns 
77161      INFO  main            d.u.i.k.p.i.AbstractProblemLoader Creating init config 
79666      DEBUG main            d.u.i.k.p.i.AbstractProblemLoader Init config took 2.5s 
79702      INFO  main            d.u.i.k.p.i.AbstractProblemLoader Replaying proof AssertAssume[AssertAssume::singleAssumeAssert(int)].JML normal_behavior operation contract.0 
79713      DEBUG main            d.u.i.k.p.i.IntermediateProofReplayer Proof replay took 8.27ms 
79715      DEBUG main            d.u.i.k.p.r.p.TestFile    ... success: reloaded. 
79718      INFO  main            d.u.i.k.p.r.p.TestFile    Now processing file /home/runner/work/key/key/key.core/../key.ui/examples/heap/block_loop_contracts/SimpleVariants/sum_onBlock_external.key 
79718      INFO  main            d.u.i.k.p.i.AbstractProblemLoader Loading environment from /home/runner/work/key/key/key.core/../key.ui/examples/heap/block_loop_contracts/SimpleVariants/sum_onBlock_external.key 
79718      DEBUG main            d.u.i.k.p.i.AbstractProblemLoader Environment load took 253.4ns 
79720      INFO  main            d.u.i.k.p.i.AbstractProblemLoader Creating init config 
82554      DEBUG main            d.u.i.k.p.i.AbstractProblemLoader Init config took 2.83s 
82589      INFO  main            d.u.i.k.p.i.AbstractProblemLoader Replaying proof LoopContractExamplesAll[LoopContractExamplesAll::sum_loopContract_onBlock([I)].JML normal_behavior operation contract.0 
82593      DEBUG main            d.u.i.k.p.i.IntermediateProofReplayer Proof replay took 11.2ns 
82697      INFO  main            d.u.i.k.p.r.p.TestFile    ... finished proof: closed. 
82925      INFO  main            d.u.i.k.p.i.AbstractProblemLoader Loading environment from /home/runner/work/key/key/key.core/../key.ui/examples/heap/block_loop_contracts/SimpleVariants/sum_onBlock_external.key.proof 
82925      DEBUG main            d.u.i.k.p.i.AbstractProblemLoader Environment load took 125.4ns 
82926      INFO  main            d.u.i.k.p.i.AbstractProblemLoader Creating init config 
85630      DEBUG main            d.u.i.k.p.i.AbstractProblemLoader Init config took 2.7s 
85672      INFO  main            d.u.i.k.p.i.AbstractProblemLoader Replaying proof LoopContractExamplesAll[LoopContractExamplesAll::sum_loopContract_onBlock([I)].JML normal_behavior operation contract.0 
85716      DEBUG main            d.u.i.k.p.i.IntermediateProofReplayer Proof replay took 41.43ms 
85717      DEBUG main            d.u.i.k.p.r.p.TestFile    ... success: reloaded. 
85718      INFO  main            d.u.i.k.p.r.p.TestFile    Now processing file /home/runner/work/key/key/key.core/../key.ui/examples/heap/block_loop_contracts/SimpleVariants/sum_onBlock_internal.key 
85718      INFO  main            d.u.i.k.p.i.AbstractProblemLoader Loading environment from /home/runner/work/key/key/key.core/../key.ui/examples/heap/block_loop_contracts/SimpleVariants/sum_onBlock_internal.key 
85719      DEBUG main            d.u.i.k.p.i.AbstractProblemLoader Environment load took 236.8ns 
85720      INFO  main            d.u.i.k.p.i.AbstractProblemLoader Creating init config 
88479      DEBUG main            d.u.i.k.p.i.AbstractProblemLoader Init config took 2.76s 
88513      INFO  main            d.u.i.k.p.i.AbstractProblemLoader Replaying proof LoopContractExamplesAll[LoopContractExamplesAll::sum_loopContract_onBlock([I)].JML normal_behavior operation contract.0 
88515      DEBUG main            d.u.i.k.p.i.IntermediateProofReplayer Proof replay took 10.9ns 
89118      INFO  main            d.u.i.k.p.r.p.TestFile    ... finished proof: closed. 
89357      INFO  main            d.u.i.k.p.i.AbstractProblemLoader Loading environment from /home/runner/work/key/key/key.core/../key.ui/examples/heap/block_loop_contracts/SimpleVariants/sum_onBlock_internal.key.proof 
89357      DEBUG main            d.u.i.k.p.i.AbstractProblemLoader Environment load took 122.8ns 
89358      INFO  main            d.u.i.k.p.i.AbstractProblemLoader Creating init config 
92051      DEBUG main            d.u.i.k.p.i.AbstractProblemLoader Init config took 2.69s 
92088      INFO  main            d.u.i.k.p.i.AbstractProblemLoader Replaying proof LoopContractExamplesAll[LoopContractExamplesAll::sum_loopContract_onBlock([I)].JML normal_behavior operation contract.0 
92331      DEBUG main            d.u.i.k.p.i.IntermediateProofReplayer Proof replay took 239.59ms 
92332      DEBUG main            d.u.i.k.p.r.p.TestFile    ... success: reloaded. 
92333      INFO  main            d.u.i.k.p.r.p.TestFile    Now processing file /home/runner/work/key/key/key.core/../key.ui/examples/heap/block_loop_contracts/SimpleVariants/sum_onBlock_loop.key 
92333      INFO  main            d.u.i.k.p.i.AbstractProblemLoader Loading environment from /home/runner/work/key/key/key.core/../key.ui/examples/heap/block_loop_contracts/SimpleVariants/sum_onBlock_loop.key 
92333      DEBUG main            d.u.i.k.p.i.AbstractProblemLoader Environment load took 82.7ns 
92334      INFO  main            d.u.i.k.p.i.AbstractProblemLoader Creating init config 
95138      DEBUG main            d.u.i.k.p.i.AbstractProblemLoader Init config took 2.8s 
95175      INFO  main            d.u.i.k.p.i.AbstractProblemLoader Replaying proof LoopContractExamplesAll[LoopContractExamplesAll::sum_loopContract_onBlock([I)].JML normal_behavior loop contract.0 
95177      DEBUG main            d.u.i.k.p.i.IntermediateProofReplayer Proof replay took 11.7ns 
95902      INFO  main            d.u.i.k.p.r.p.TestFile    ... finished proof: closed. 
96168      INFO  main            d.u.i.k.p.i.AbstractProblemLoader Loading environment from /home/runner/work/key/key/key.core/../key.ui/examples/heap/block_loop_contracts/SimpleVariants/sum_onBlock_loop.key.proof 
96168      DEBUG main            d.u.i.k.p.i.AbstractProblemLoader Environment load took 273.3ns 
96169      INFO  main            d.u.i.k.p.i.AbstractProblemLoader Creating init config 
98870      DEBUG main            d.u.i.k.p.i.AbstractProblemLoader Init config took 2.7s 
98914      INFO  main            d.u.i.k.p.i.AbstractProblemLoader Replaying proof LoopContractExamplesAll[LoopContractExamplesAll::sum_loopContract_onBlock([I)].JML normal_behavior loop contract.0 
99152      DEBUG main            d.u.i.k.p.i.IntermediateProofReplayer Proof replay took 234.54ms 
99153      DEBUG main            d.u.i.k.p.r.p.TestFile    ... success: reloaded. 
99154      INFO  main            d.u.i.k.p.r.p.TestFile    Now processing file /home/runner/work/key/key/key.core/../key.ui/examples/heap/block_loop_contracts/SimpleVariants/sum_onLoop_external.key 
99155      INFO  main            d.u.i.k.p.i.AbstractProblemLoader Loading environment from /home/runner/work/key/key/key.core/../key.ui/examples/heap/block_loop_contracts/SimpleVariants/sum_onLoop_external.key 
99155      DEBUG main            d.u.i.k.p.i.AbstractProblemLoader Environment load took 114.3ns 
99156      INFO  main            d.u.i.k.p.i.AbstractProblemLoader Creating init config 
101930     DEBUG main            d.u.i.k.p.i.AbstractProblemLoader Init config took 2.77s 
101963     INFO  main            d.u.i.k.p.i.AbstractProblemLoader Replaying proof LoopContractExamplesAll[LoopContractExamplesAll::sum_loopContract_onLoop([I)].JML normal_behavior operation contract.0 
101965     DEBUG main            d.u.i.k.p.i.IntermediateProofReplayer Proof replay took 25.2ns 
102067     INFO  main            d.u.i.k.p.r.p.TestFile    ... finished proof: closed. 
102344     INFO  main            d.u.i.k.p.i.AbstractProblemLoader Loading environment from /home/runner/work/key/key/key.core/../key.ui/examples/heap/block_loop_contracts/SimpleVariants/sum_onLoop_external.key.proof 
102345     DEBUG main            d.u.i.k.p.i.AbstractProblemLoader Environment load took 119.8ns 
102346     INFO  main            d.u.i.k.p.i.AbstractProblemLoader Creating init config 
105013     DEBUG main            d.u.i.k.p.i.AbstractProblemLoader Init config took 2.67s 
105046     INFO  main            d.u.i.k.p.i.AbstractProblemLoader Replaying proof LoopContractExamplesAll[LoopContractExamplesAll::sum_loopContract_onLoop([I)].JML normal_behavior operation contract.0 
105074     DEBUG main            d.u.i.k.p.i.IntermediateProofReplayer Proof replay took 25.78ms 
105075     DEBUG main            d.u.i.k.p.r.p.TestFile    ... success: reloaded. 
105076     INFO  main            d.u.i.k.p.r.p.TestFile    Now processing file /home/runner/work/key/key/key.core/../key.ui/examples/heap/block_loop_contracts/SimpleVariants/sum_onLoop_internal.key 
105076     INFO  main            d.u.i.k.p.i.AbstractProblemLoader Loading environment from /home/runner/work/key/key/key.core/../key.ui/examples/heap/block_loop_contracts/SimpleVariants/sum_onLoop_internal.key 
105077     DEBUG main            d.u.i.k.p.i.AbstractProblemLoader Environment load took 231.6ns 
105078     INFO  main            d.u.i.k.p.i.AbstractProblemLoader Creating init config 
107854     DEBUG main            d.u.i.k.p.i.AbstractProblemLoader Init config took 2.78s 
107889     INFO  main            d.u.i.k.p.i.AbstractProblemLoader Replaying proof LoopContractExamplesAll[LoopContractExamplesAll::sum_loopContract_onLoop([I)].JML normal_behavior operation contract.0 
107891     DEBUG main            d.u.i.k.p.i.IntermediateProofReplayer Proof replay took 11ns 
108494     INFO  main            d.u.i.k.p.r.p.TestFile    ... finished proof: closed. 
108767     INFO  main            d.u.i.k.p.i.AbstractProblemLoader Loading environment from /home/runner/work/key/key/key.core/../key.ui/examples/heap/block_loop_contracts/SimpleVariants/sum_onLoop_internal.key.proof 
108767     DEBUG main            d.u.i.k.p.i.AbstractProblemLoader Environment load took 118.1ns 
108769     INFO  main            d.u.i.k.p.i.AbstractProblemLoader Creating init config 
111467     DEBUG main            d.u.i.k.p.i.AbstractProblemLoader Init config took 2.7s 
111500     INFO  main            d.u.i.k.p.i.AbstractProblemLoader Replaying proof LoopContractExamplesAll[LoopContractExamplesAll::sum_loopContract_onLoop([I)].JML normal_behavior operation contract.0 
111746     DEBUG main            d.u.i.k.p.i.IntermediateProofReplayer Proof replay took 242.27ms 
111748     DEBUG main            d.u.i.k.p.r.p.TestFile    ... success: reloaded. 
111749     INFO  main            d.u.i.k.p.r.p.TestFile    Now processing file /home/runner/work/key/key/key.core/../key.ui/examples/heap/block_loop_contracts/SimpleVariants/sum_onLoop_loop.key 
111749     INFO  main            d.u.i.k.p.i.AbstractProblemLoader Loading environment from /home/runner/work/key/key/key.core/../key.ui/examples/heap/block_loop_contracts/SimpleVariants/sum_onLoop_loop.key 
111749     DEBUG main            d.u.i.k.p.i.AbstractProblemLoader Environment load took 229ns 
111751     INFO  main            d.u.i.k.p.i.AbstractProblemLoader Creating init config 
114531     DEBUG main            d.u.i.k.p.i.AbstractProblemLoader Init config took 2.78s 
114566     INFO  main            d.u.i.k.p.i.AbstractProblemLoader Replaying proof LoopContractExamplesAll[LoopContractExamplesAll::sum_loopContract_onLoop([I)].JML normal_behavior loop contract.0 
114568     DEBUG main            d.u.i.k.p.i.IntermediateProofReplayer Proof replay took 12.1ns 
115294     INFO  main            d.u.i.k.p.r.p.TestFile    ... finished proof: closed. 
115570     INFO  main            d.u.i.k.p.i.AbstractProblemLoader Loading environment from /home/runner/work/key/key/key.core/../key.ui/examples/heap/block_loop_contracts/SimpleVariants/sum_onLoop_loop.key.proof 
115570     DEBUG main            d.u.i.k.p.i.AbstractProblemLoader Environment load took 153ns 
115571     INFO  main            d.u.i.k.p.i.AbstractProblemLoader Creating init config 
118247     DEBUG main            d.u.i.k.p.i.AbstractProblemLoader Init config took 2.68s 
118281     INFO  main            d.u.i.k.p.i.AbstractProblemLoader Replaying proof LoopContractExamplesAll[LoopContractExamplesAll::sum_loopContract_onLoop([I)].JML normal_behavior loop contract.0 
118512     DEBUG main            d.u.i.k.p.i.IntermediateProofReplayer Proof replay took 227.64ms 
118513     DEBUG main            d.u.i.k.p.r.p.TestFile    ... success: reloaded. 
118514     INFO  main            d.u.i.k.p.r.p.TestFile    Now processing file /home/runner/work/key/key/key.core/../key.ui/examples/heap/block_loop_contracts/Free/blockContracts0.key 
118515     INFO  main            d.u.i.k.p.i.AbstractProblemLoader Loading environment from /home/runner/work/key/key/key.core/../key.ui/examples/heap/block_loop_contracts/Free/blockContracts0.key 
118515     DEBUG main            d.u.i.k.p.i.AbstractProblemLoader Environment load took 244.8ns 
118516     INFO  main            d.u.i.k.p.i.AbstractProblemLoader Creating init config 
120943     DEBUG main            d.u.i.k.p.i.AbstractProblemLoader Init config took 2.43s 
120998     INFO  main            d.u.i.k.p.i.AbstractProblemLoader Replaying proof FreeConditions[FreeConditions::blockContract0()].JML normal_behavior operation contract.0 
120999     DEBUG main            d.u.i.k.p.i.IntermediateProofReplayer Proof replay took 11.9ns 
121101     INFO  main            d.u.i.k.p.r.p.TestFile    ... finished proof: closed. 
121376     INFO  main            d.u.i.k.p.i.AbstractProblemLoader Loading environment from /home/runner/work/key/key/key.core/../key.ui/examples/heap/block_loop_contracts/Free/blockContracts0.key.proof 
121376     DEBUG main            d.u.i.k.p.i.AbstractProblemLoader Environment load took 109.2ns 
121377     INFO  main            d.u.i.k.p.i.AbstractProblemLoader Creating init config 
123752     DEBUG main            d.u.i.k.p.i.AbstractProblemLoader Init config took 2.38s 
123785     INFO  main            d.u.i.k.p.i.AbstractProblemLoader Replaying proof FreeConditions[FreeConditions::blockContract0()].JML normal_behavior operation contract.0 
123805     DEBUG main            d.u.i.k.p.i.IntermediateProofReplayer Proof replay took 18.55ms 
123806     DEBUG main            d.u.i.k.p.r.p.TestFile    ... success: reloaded. 
123807     INFO  main            d.u.i.k.p.r.p.TestFile    Now processing file /home/runner/work/key/key/key.core/../key.ui/examples/heap/block_loop_contracts/Free/blockContracts1.key 
123807     INFO  main            d.u.i.k.p.i.AbstractProblemLoader Loading environment from /home/runner/work/key/key/key.core/../key.ui/examples/heap/block_loop_contracts/Free/blockContracts1.key 
123807     DEBUG main            d.u.i.k.p.i.AbstractProblemLoader Environment load took 90.2ns 
123808     INFO  main            d.u.i.k.p.i.AbstractProblemLoader Creating init config 
126194     DEBUG main            d.u.i.k.p.i.AbstractProblemLoader Init config took 2.39s 
126245     INFO  main            d.u.i.k.p.i.AbstractProblemLoader Replaying proof FreeConditions[FreeConditions::blockContract1()].JML normal_behavior operation contract.0 
126246     DEBUG main            d.u.i.k.p.i.IntermediateProofReplayer Proof replay took 12ns 
126348     INFO  main            d.u.i.k.p.r.p.TestFile    ... finished proof: closed. 
126606     INFO  main            d.u.i.k.p.i.AbstractProblemLoader Loading environment from /home/runner/work/key/key/key.core/../key.ui/examples/heap/block_loop_contracts/Free/blockContracts1.key.proof 
126606     DEBUG main            d.u.i.k.p.i.AbstractProblemLoader Environment load took 108.7ns 
126607     INFO  main            d.u.i.k.p.i.AbstractProblemLoader Creating init config 
128934     DEBUG main            d.u.i.k.p.i.AbstractProblemLoader Init config took 2.33s 
128966     INFO  main            d.u.i.k.p.i.AbstractProblemLoader Replaying proof FreeConditions[FreeConditions::blockContract1()].JML normal_behavior operation contract.0 
128984     DEBUG main            d.u.i.k.p.i.IntermediateProofReplayer Proof replay took 15.95ms 
128985     DEBUG main            d.u.i.k.p.r.p.TestFile    ... success: reloaded. 
128986     INFO  main            d.u.i.k.p.r.p.TestFile    Now processing file /home/runner/work/key/key/key.core/../key.ui/examples/heap/block_loop_contracts/Finally/block_finally.key 
128986     INFO  main            d.u.i.k.p.i.AbstractProblemLoader Loading environment from /home/runner/work/key/key/key.core/../key.ui/examples/heap/block_loop_contracts/Finally/block_finally.key 
128986     DEBUG main            d.u.i.k.p.i.AbstractProblemLoader Environment load took 99.9ns 
128987     INFO  main            d.u.i.k.p.i.AbstractProblemLoader Creating init config 
131405     DEBUG main            d.u.i.k.p.i.AbstractProblemLoader Init config took 2.42s 
131440     INFO  main            d.u.i.k.p.i.AbstractProblemLoader Replaying proof AuxiliaryContractsFinally[AuxiliaryContractsFinally::breakThrowContinueBlockContract(java.lang.Exception)].JML block contract.0 
131442     DEBUG main            d.u.i.k.p.i.IntermediateProofReplayer Proof replay took 11.3ns 
131945     INFO  main            d.u.i.k.p.r.p.TestFile    ... finished proof: open goal(s) 
132225     INFO  main            d.u.i.k.p.r.p.TestFile    Now processing file /home/runner/work/key/key/key.core/../key.ui/examples/heap/block_loop_contracts/Finally/loop_finally.key 
132225     INFO  main            d.u.i.k.p.i.AbstractProblemLoader Loading environment from /home/runner/work/key/key/key.core/../key.ui/examples/heap/block_loop_contracts/Finally/loop_finally.key 
132225     DEBUG main            d.u.i.k.p.i.AbstractProblemLoader Environment load took 70.3ns 
132227     INFO  main            d.u.i.k.p.i.AbstractProblemLoader Creating init config 
134602     DEBUG main            d.u.i.k.p.i.AbstractProblemLoader Init config took 2.38s 
134638     INFO  main            d.u.i.k.p.i.AbstractProblemLoader Replaying proof AuxiliaryContractsFinally[AuxiliaryContractsFinally::breakThrowContinueLoopContract(java.lang.Exception)].JML normal_behavior loop contract.0 
134639     DEBUG main            d.u.i.k.p.i.IntermediateProofReplayer Proof replay took 11ns 
135255     INFO  main            d.u.i.k.p.r.p.TestFile    ... finished proof: open goal(s) 
631282     INFO  Test worker     d.u.i.k.p.r.RunAllProofsTestUnit Returning from test blockContracts 
631283     INFO  Test worker     d.u.i.k.p.r.RunAllProofsTestUnit Running test jmlAsserts 
340        INFO  Timeout watchdog d.u.i.k.p.r.p.ForkedTestFileRunner Timeout watcher launched (2000 secs.) 
350        WARN  main            d.u.i.k.s.ProofSettings   The settings in /home/runner/.key/proof-settings.props are *not* read. 
394        INFO  main            d.u.i.k.p.r.p.TestFile    Now processing file /home/runner/work/key/key/key.core/../key.ui/examples/standard_key/java_dl/jml-assert/assert.key 
534        INFO  main            d.u.i.k.p.i.AbstractProblemLoader Loading environment from /home/runner/work/key/key/key.core/../key.ui/examples/standard_key/java_dl/jml-assert/assert.key 
559        DEBUG main            d.u.i.k.p.i.AbstractProblemLoader Environment load took 1.76ms 
778        INFO  main            d.u.i.k.p.i.AbstractProblemLoader Creating init config 
1623       DEBUG main            d.u.i.k.j.TypeConverter   No LDT found for Meta 
1624       DEBUG main            d.u.i.k.j.TypeConverter   No LDT found for Meta 
1625       DEBUG main            d.u.i.k.j.TypeConverter   No LDT found for Meta 
1625       DEBUG main            d.u.i.k.j.TypeConverter   No LDT found for Meta 
2959       DEBUG main            d.u.i.k.j.TypeConverter   No LDT found for JavaBigintExpression 
8354       DEBUG main            d.u.i.k.p.i.AbstractProblemLoader Init config took 7.58s 
8490       INFO  main            d.u.i.k.p.i.AbstractProblemLoader Replaying proof Assert[Assert::createArray(int)].JML normal_behavior operation contract.0 
8525       DEBUG main            d.u.i.k.p.i.IntermediateProofReplayer Proof replay took 29.2ns 
9403       INFO  main            d.u.i.k.p.r.p.TestFile    ... finished proof: closed. 
9510       INFO  main            d.u.i.k.p.i.AbstractProblemLoader Loading environment from /home/runner/work/key/key/key.core/../key.ui/examples/standard_key/java_dl/jml-assert/assert.key.proof 
9511       DEBUG main            d.u.i.k.p.i.AbstractProblemLoader Environment load took 550ns 
9513       INFO  main            d.u.i.k.p.i.AbstractProblemLoader Creating init config 
12516      DEBUG main            d.u.i.k.p.i.AbstractProblemLoader Init config took 3s 
12579      INFO  main            d.u.i.k.p.i.AbstractProblemLoader Replaying proof Assert[Assert::createArray(int)].JML normal_behavior operation contract.0 
12669      DEBUG main            d.u.i.k.p.i.IntermediateProofReplayer Proof replay took 83.85ms 
12676      DEBUG main            d.u.i.k.p.r.p.TestFile    ... success: reloaded. 
12677      INFO  main            d.u.i.k.p.r.p.TestFile    Now processing file /home/runner/work/key/key/key.core/../key.ui/examples/heap/block_loop_contracts/Free/assertions0.key 
12678      INFO  main            d.u.i.k.p.i.AbstractProblemLoader Loading environment from /home/runner/work/key/key/key.core/../key.ui/examples/heap/block_loop_contracts/Free/assertions0.key 
12678      DEBUG main            d.u.i.k.p.i.AbstractProblemLoader Environment load took 251.5ns 
12680      INFO  main            d.u.i.k.p.i.AbstractProblemLoader Creating init config 
15416      DEBUG main            d.u.i.k.p.i.AbstractProblemLoader Init config took 2.74s 
15477      INFO  main            d.u.i.k.p.i.AbstractProblemLoader Replaying proof FreeConditions[FreeConditions::assertions0()].JML normal_behavior operation contract.0 
15481      DEBUG main            d.u.i.k.p.i.IntermediateProofReplayer Proof replay took 13.8ns 
15583      INFO  main            d.u.i.k.p.r.p.TestFile    ... finished proof: closed. 
15709      INFO  main            d.u.i.k.p.i.AbstractProblemLoader Loading environment from /home/runner/work/key/key/key.core/../key.ui/examples/heap/block_loop_contracts/Free/assertions0.key.proof 
15710      DEBUG main            d.u.i.k.p.i.AbstractProblemLoader Environment load took 135.1ns 
15711      INFO  main            d.u.i.k.p.i.AbstractProblemLoader Creating init config 
18347      DEBUG main            d.u.i.k.p.i.AbstractProblemLoader Init config took 2.64s 
18402      INFO  main            d.u.i.k.p.i.AbstractProblemLoader Replaying proof FreeConditions[FreeConditions::assertions0()].JML normal_behavior operation contract.0 
18440      DEBUG main            d.u.i.k.p.i.IntermediateProofReplayer Proof replay took 34.69ms 
18442      DEBUG main            d.u.i.k.p.r.p.TestFile    ... success: reloaded. 
18445      INFO  main            d.u.i.k.p.r.p.TestFile    Now processing file /home/runner/work/key/key/key.core/../key.ui/examples/heap/block_loop_contracts/Free/assertions1.key 
18445      INFO  main            d.u.i.k.p.i.AbstractProblemLoader Loading environment from /home/runner/work/key/key/key.core/../key.ui/examples/heap/block_loop_contracts/Free/assertions1.key 
18445      DEBUG main            d.u.i.k.p.i.AbstractProblemLoader Environment load took 121.4ns 
18448      INFO  main            d.u.i.k.p.i.AbstractProblemLoader Creating init config 
21116      DEBUG main            d.u.i.k.p.i.AbstractProblemLoader Init config took 2.67s 
21163      INFO  main            d.u.i.k.p.i.AbstractProblemLoader Replaying proof FreeConditions[FreeConditions::assertions1()].JML normal_behavior operation contract.0 
21166      DEBUG main            d.u.i.k.p.i.IntermediateProofReplayer Proof replay took 12.2ns 
21268      INFO  main            d.u.i.k.p.r.p.TestFile    ... finished proof: closed. 
21427      INFO  main            d.u.i.k.p.i.AbstractProblemLoader Loading environment from /home/runner/work/key/key/key.core/../key.ui/examples/heap/block_loop_contracts/Free/assertions1.key.proof 
21427      DEBUG main            d.u.i.k.p.i.AbstractProblemLoader Environment load took 123.9ns 
21428      INFO  main            d.u.i.k.p.i.AbstractProblemLoader Creating init config 
24004      DEBUG main            d.u.i.k.p.i.AbstractProblemLoader Init config took 2.58s 
24071      INFO  main            d.u.i.k.p.i.AbstractProblemLoader Replaying proof FreeConditions[FreeConditions::assertions1()].JML normal_behavior operation contract.0 
24078      DEBUG main            d.u.i.k.p.i.IntermediateProofReplayer Proof replay took 5.23ms 
24079      DEBUG main            d.u.i.k.p.r.p.TestFile    ... success: reloaded. 
24080      INFO  main            d.u.i.k.p.r.p.TestFile    Now processing file /home/runner/work/key/key/key.core/../key.ui/examples/standard_key/java_dl/jml-assert/recursion-assert.key 
24081      INFO  main            d.u.i.k.p.i.AbstractProblemLoader Loading environment from /home/runner/work/key/key/key.core/../key.ui/examples/standard_key/java_dl/jml-assert/recursion-assert.key 
24081      DEBUG main            d.u.i.k.p.i.AbstractProblemLoader Environment load took 103.2ns 
24082      INFO  main            d.u.i.k.p.i.AbstractProblemLoader Creating init config 
26810      DEBUG main            d.u.i.k.p.i.AbstractProblemLoader Init config took 2.73s 
26857      INFO  main            d.u.i.k.p.i.AbstractProblemLoader Replaying proof RecursiveMethod[RecursiveMethod::fac1(int)].JML normal_behavior operation contract.0 
26859      DEBUG main            d.u.i.k.p.i.IntermediateProofReplayer Proof replay took 6.2ns 
27062      INFO  main            d.u.i.k.p.r.p.TestFile    ... finished proof: closed. 
27225      INFO  main            d.u.i.k.p.i.AbstractProblemLoader Loading environment from /home/runner/work/key/key/key.core/../key.ui/examples/standard_key/java_dl/jml-assert/recursion-assert.key.proof 
27226      DEBUG main            d.u.i.k.p.i.AbstractProblemLoader Environment load took 667.7ns 
27227      INFO  main            d.u.i.k.p.i.AbstractProblemLoader Creating init config 
29885      DEBUG main            d.u.i.k.p.i.AbstractProblemLoader Init config took 2.66s 
29965      INFO  main            d.u.i.k.p.i.AbstractProblemLoader Replaying proof RecursiveMethod[RecursiveMethod::fac1(int)].JML normal_behavior operation contract.0 
30026      DEBUG main            d.u.i.k.p.i.IntermediateProofReplayer Proof replay took 58.2ms 
30028      DEBUG main            d.u.i.k.p.r.p.TestFile    ... success: reloaded. 
30029      INFO  main            d.u.i.k.p.r.p.TestFile    Now processing file /home/runner/work/key/key/key.core/../key.ui/examples/standard_key/java_dl/jml-assert/recursion-assume.key 
30030      INFO  main            d.u.i.k.p.i.AbstractProblemLoader Loading environment from /home/runner/work/key/key/key.core/../key.ui/examples/standard_key/java_dl/jml-assert/recursion-assume.key 
30030      DEBUG main            d.u.i.k.p.i.AbstractProblemLoader Environment load took 242.7ns 
30031      INFO  main            d.u.i.k.p.i.AbstractProblemLoader Creating init config 
32801      DEBUG main            d.u.i.k.p.i.AbstractProblemLoader Init config took 2.77s 
32850      INFO  main            d.u.i.k.p.i.AbstractProblemLoader Replaying proof RecursiveMethod[RecursiveMethod::fac2(int)].JML normal_behavior operation contract.0 
32852      DEBUG main            d.u.i.k.p.i.IntermediateProofReplayer Proof replay took 6.6ns 
33055      INFO  main            d.u.i.k.p.r.p.TestFile    ... finished proof: closed. 
33227      INFO  main            d.u.i.k.p.i.AbstractProblemLoader Loading environment from /home/runner/work/key/key/key.core/../key.ui/examples/standard_key/java_dl/jml-assert/recursion-assume.key.proof 
33227      DEBUG main            d.u.i.k.p.i.AbstractProblemLoader Environment load took 143.2ns 
33228      INFO  main            d.u.i.k.p.i.AbstractProblemLoader Creating init config 
35878      DEBUG main            d.u.i.k.p.i.AbstractProblemLoader Init config took 2.65s 
35920      INFO  main            d.u.i.k.p.i.AbstractProblemLoader Replaying proof RecursiveMethod[RecursiveMethod::fac2(int)].JML normal_behavior operation contract.0 
35957      DEBUG main            d.u.i.k.p.i.IntermediateProofReplayer Proof replay took 34.05ms 
35958      DEBUG main            d.u.i.k.p.r.p.TestFile    ... success: reloaded. 
35959      INFO  main            d.u.i.k.p.r.p.TestFile    Now processing file /home/runner/work/key/key/key.core/../key.ui/examples/standard_key/java_dl/jml-assert/quantor-assert.key 
35960      INFO  main            d.u.i.k.p.i.AbstractProblemLoader Loading environment from /home/runner/work/key/key/key.core/../key.ui/examples/standard_key/java_dl/jml-assert/quantor-assert.key 
35960      DEBUG main            d.u.i.k.p.i.AbstractProblemLoader Environment load took 264.2ns 
35961      INFO  main            d.u.i.k.p.i.AbstractProblemLoader Creating init config 
38729      DEBUG main            d.u.i.k.p.i.AbstractProblemLoader Init config took 2.77s 
38774      INFO  main            d.u.i.k.p.i.AbstractProblemLoader Replaying proof Quantor[Quantor::square1(int)].JML normal_behavior operation contract.0 
38776      DEBUG main            d.u.i.k.p.i.IntermediateProofReplayer Proof replay took 6.6ns 
38881      INFO  main            d.u.i.k.p.r.p.TestFile    ... finished proof: closed. 
39055      INFO  main            d.u.i.k.p.i.AbstractProblemLoader Loading environment from /home/runner/work/key/key/key.core/../key.ui/examples/standard_key/java_dl/jml-assert/quantor-assert.key.proof 
39055      DEBUG main            d.u.i.k.p.i.AbstractProblemLoader Environment load took 121.7ns 
39057      INFO  main            d.u.i.k.p.i.AbstractProblemLoader Creating init config 
41691      DEBUG main            d.u.i.k.p.i.AbstractProblemLoader Init config took 2.63s 
41731      INFO  main            d.u.i.k.p.i.AbstractProblemLoader Replaying proof Quantor[Quantor::square1(int)].JML normal_behavior operation contract.0 
41748      DEBUG main            d.u.i.k.p.i.IntermediateProofReplayer Proof replay took 15.15ms 
41749      DEBUG main            d.u.i.k.p.r.p.TestFile    ... success: reloaded. 
41750      INFO  main            d.u.i.k.p.r.p.TestFile    Now processing file /home/runner/work/key/key/key.core/../key.ui/examples/standard_key/java_dl/jml-assert/quantor-assume.key 
41750      INFO  main            d.u.i.k.p.i.AbstractProblemLoader Loading environment from /home/runner/work/key/key/key.core/../key.ui/examples/standard_key/java_dl/jml-assert/quantor-assume.key 
41750      DEBUG main            d.u.i.k.p.i.AbstractProblemLoader Environment load took 112.5ns 
41751      INFO  main            d.u.i.k.p.i.AbstractProblemLoader Creating init config 
44447      DEBUG main            d.u.i.k.p.i.AbstractProblemLoader Init config took 2.7s 
44487      INFO  main            d.u.i.k.p.i.AbstractProblemLoader Replaying proof Quantor[Quantor::square2(int)].JML normal_behavior operation contract.0 
44489      DEBUG main            d.u.i.k.p.i.IntermediateProofReplayer Proof replay took 6.7ns 
44591      INFO  main            d.u.i.k.p.r.p.TestFile    ... finished proof: closed. 
44781      INFO  main            d.u.i.k.p.i.AbstractProblemLoader Loading environment from /home/runner/work/key/key/key.core/../key.ui/examples/standard_key/java_dl/jml-assert/quantor-assume.key.proof 
44781      DEBUG main            d.u.i.k.p.i.AbstractProblemLoader Environment load took 118.8ns 
44782      INFO  main            d.u.i.k.p.i.AbstractProblemLoader Creating init config 
47380      DEBUG main            d.u.i.k.p.i.AbstractProblemLoader Init config took 2.6s 
47418      INFO  main            d.u.i.k.p.i.AbstractProblemLoader Replaying proof Quantor[Quantor::square2(int)].JML normal_behavior operation contract.0 
47433      DEBUG main            d.u.i.k.p.i.IntermediateProofReplayer Proof replay took 13.3ms 
47434      DEBUG main            d.u.i.k.p.r.p.TestFile    ... success: reloaded. 
47435      INFO  main            d.u.i.k.p.r.p.TestFile    Now processing file /home/runner/work/key/key/key.core/../key.ui/examples/standard_key/java_dl/jml-assert/model-methods-static-static.key 
47435      INFO  main            d.u.i.k.p.i.AbstractProblemLoader Loading environment from /home/runner/work/key/key/key.core/../key.ui/examples/standard_key/java_dl/jml-assert/model-methods-static-static.key 
47435      DEBUG main            d.u.i.k.p.i.AbstractProblemLoader Environment load took 89.8ns 
47436      INFO  main            d.u.i.k.p.i.AbstractProblemLoader Creating init config 
50115      DEBUG main            d.u.i.k.p.i.AbstractProblemLoader Init config took 2.68s 
50153      INFO  main            d.u.i.k.p.i.AbstractProblemLoader Replaying proof ModelMethods[ModelMethods::test1()].JML normal_behavior operation contract.0 
50155      DEBUG main            d.u.i.k.p.i.IntermediateProofReplayer Proof replay took 6.1ns 
50261      INFO  main            d.u.i.k.p.r.p.TestFile    ... finished proof: closed. 
50450      INFO  main            d.u.i.k.p.i.AbstractProblemLoader Loading environment from /home/runner/work/key/key/key.core/../key.ui/examples/standard_key/java_dl/jml-assert/model-methods-static-static.key.proof 
50450      DEBUG main            d.u.i.k.p.i.AbstractProblemLoader Environment load took 134.2ns 
50451      INFO  main            d.u.i.k.p.i.AbstractProblemLoader Creating init config 
53071      DEBUG main            d.u.i.k.p.i.AbstractProblemLoader Init config took 2.62s 
53109      INFO  main            d.u.i.k.p.i.AbstractProblemLoader Replaying proof ModelMethods[ModelMethods::test1()].JML normal_behavior operation contract.0 
53117      DEBUG main            d.u.i.k.p.i.IntermediateProofReplayer Proof replay took 6.3ms 
53118      DEBUG main            d.u.i.k.p.r.p.TestFile    ... success: reloaded. 
53119      INFO  main            d.u.i.k.p.r.p.TestFile    Now processing file /home/runner/work/key/key/key.core/../key.ui/examples/standard_key/java_dl/jml-assert/model-methods-instance-static.key 
53119      INFO  main            d.u.i.k.p.i.AbstractProblemLoader Loading environment from /home/runner/work/key/key/key.core/../key.ui/examples/standard_key/java_dl/jml-assert/model-methods-instance-static.key 
53119      DEBUG main            d.u.i.k.p.i.AbstractProblemLoader Environment load took 58.6ns 
53120      INFO  main            d.u.i.k.p.i.AbstractProblemLoader Creating init config 
55823      DEBUG main            d.u.i.k.p.i.AbstractProblemLoader Init config took 2.7s 
55873      INFO  main            d.u.i.k.p.i.AbstractProblemLoader Replaying proof ModelMethods[ModelMethods::test2()].JML normal_behavior operation contract.0 
55874      DEBUG main            d.u.i.k.p.i.IntermediateProofReplayer Proof replay took 6.7ns 
55977      INFO  main            d.u.i.k.p.r.p.TestFile    ... finished proof: closed. 
56172      INFO  main            d.u.i.k.p.i.AbstractProblemLoader Loading environment from /home/runner/work/key/key/key.core/../key.ui/examples/standard_key/java_dl/jml-assert/model-methods-instance-static.key.proof 
56172      DEBUG main            d.u.i.k.p.i.AbstractProblemLoader Environment load took 122ns 
56173      INFO  main            d.u.i.k.p.i.AbstractProblemLoader Creating init config 
58773      DEBUG main            d.u.i.k.p.i.AbstractProblemLoader Init config took 2.6s 
58808      INFO  main            d.u.i.k.p.i.AbstractProblemLoader Replaying proof ModelMethods[ModelMethods::test2()].JML normal_behavior operation contract.0 
58818      DEBUG main            d.u.i.k.p.i.IntermediateProofReplayer Proof replay took 8.29ms 
58819      DEBUG main            d.u.i.k.p.r.p.TestFile    ... success: reloaded. 
58820      INFO  main            d.u.i.k.p.r.p.TestFile    Now processing file /home/runner/work/key/key/key.core/../key.ui/examples/standard_key/java_dl/jml-assert/model-methods-instance-instance.key 
58820      INFO  main            d.u.i.k.p.i.AbstractProblemLoader Loading environment from /home/runner/work/key/key/key.core/../key.ui/examples/standard_key/java_dl/jml-assert/model-methods-instance-instance.key 
58821      DEBUG main            d.u.i.k.p.i.AbstractProblemLoader Environment load took 87.7ns 
58821      INFO  main            d.u.i.k.p.i.AbstractProblemLoader Creating init config 
61499      DEBUG main            d.u.i.k.p.i.AbstractProblemLoader Init config took 2.68s 
61535      INFO  main            d.u.i.k.p.i.AbstractProblemLoader Replaying proof ModelMethods[ModelMethods::test3()].JML normal_behavior operation contract.0 
61537      DEBUG main            d.u.i.k.p.i.IntermediateProofReplayer Proof replay took 5.8ns 
61641      INFO  main            d.u.i.k.p.r.p.TestFile    ... finished proof: closed. 
61837      INFO  main            d.u.i.k.p.i.AbstractProblemLoader Loading environment from /home/runner/work/key/key/key.core/../key.ui/examples/standard_key/java_dl/jml-assert/model-methods-instance-instance.key.proof 
61837      DEBUG main            d.u.i.k.p.i.AbstractProblemLoader Environment load took 119.2ns 
61838      INFO  main            d.u.i.k.p.i.AbstractProblemLoader Creating init config 
64420      DEBUG main            d.u.i.k.p.i.AbstractProblemLoader Init config took 2.58s 
64471      INFO  main            d.u.i.k.p.i.AbstractProblemLoader Replaying proof ModelMethods[ModelMethods::test3()].JML normal_behavior operation contract.0 
64484      DEBUG main            d.u.i.k.p.i.IntermediateProofReplayer Proof replay took 10.45ms 
64485      DEBUG main            d.u.i.k.p.r.p.TestFile    ... success: reloaded. 
64486      INFO  main            d.u.i.k.p.r.p.TestFile    Now processing file /home/runner/work/key/key/key.core/../key.ui/examples/standard_key/java_dl/jml-assert/model-methods-static-instance.key 
64487      INFO  main            d.u.i.k.p.i.AbstractProblemLoader Loading environment from /home/runner/work/key/key/key.core/../key.ui/examples/standard_key/java_dl/jml-assert/model-methods-static-instance.key 
64487      DEBUG main            d.u.i.k.p.i.AbstractProblemLoader Environment load took 244.7ns 
64488      INFO  main            d.u.i.k.p.i.AbstractProblemLoader Creating init config 
67085      DEBUG main            d.u.i.k.p.i.AbstractProblemLoader Init config took 2.6s 
67136      INFO  main            d.u.i.k.p.i.AbstractProblemLoader Replaying proof ModelMethods[ModelMethods::test4()].JML normal_behavior operation contract.0 
67138      DEBUG main            d.u.i.k.p.i.IntermediateProofReplayer Proof replay took 5.8ns 
67241      INFO  main            d.u.i.k.p.r.p.TestFile    ... finished proof: closed. 
67440      INFO  main            d.u.i.k.p.i.AbstractProblemLoader Loading environment from /home/runner/work/key/key/key.core/../key.ui/examples/standard_key/java_dl/jml-assert/model-methods-static-instance.key.proof 
67440      DEBUG main            d.u.i.k.p.i.AbstractProblemLoader Environment load took 128.1ns 
67441      INFO  main            d.u.i.k.p.i.AbstractProblemLoader Creating init config 
70030      DEBUG main            d.u.i.k.p.i.AbstractProblemLoader Init config took 2.59s 
70069      INFO  main            d.u.i.k.p.i.AbstractProblemLoader Replaying proof ModelMethods[ModelMethods::test4()].JML normal_behavior operation contract.0 
70100      DEBUG main            d.u.i.k.p.i.IntermediateProofReplayer Proof replay took 29.26ms 
70101      DEBUG main            d.u.i.k.p.r.p.TestFile    ... success: reloaded. 
70102      INFO  main            d.u.i.k.p.r.p.TestFile    Now processing file /home/runner/work/key/key/key.core/../key.ui/examples/standard_key/java_dl/jml-assert/assert-old/inc-field.key 
70102      INFO  main            d.u.i.k.p.i.AbstractProblemLoader Loading environment from /home/runner/work/key/key/key.core/../key.ui/examples/standard_key/java_dl/jml-assert/assert-old/inc-field.key 
70103      DEBUG main            d.u.i.k.p.i.AbstractProblemLoader Environment load took 98.1ns 
70103      INFO  main            d.u.i.k.p.i.AbstractProblemLoader Creating init config 
72641      DEBUG main            d.u.i.k.p.i.AbstractProblemLoader Init config took 2.54s 
72700      INFO  main            d.u.i.k.p.i.AbstractProblemLoader Replaying proof Inc[Inc::inc_field()].JML normal_behavior operation contract.0 
72701      DEBUG main            d.u.i.k.p.i.IntermediateProofReplayer Proof replay took 8.6ns 
72904      INFO  main            d.u.i.k.p.r.p.TestFile    ... finished proof: closed. 
73104      INFO  main            d.u.i.k.p.i.AbstractProblemLoader Loading environment from /home/runner/work/key/key/key.core/../key.ui/examples/standard_key/java_dl/jml-assert/assert-old/inc-field.key.proof 
73104      DEBUG main            d.u.i.k.p.i.AbstractProblemLoader Environment load took 118.6ns 
73105      INFO  main            d.u.i.k.p.i.AbstractProblemLoader Creating init config 
75596      DEBUG main            d.u.i.k.p.i.AbstractProblemLoader Init config took 2.49s 
75630      INFO  main            d.u.i.k.p.i.AbstractProblemLoader Replaying proof Inc[Inc::inc_field()].JML normal_behavior operation contract.0 
75657      DEBUG main            d.u.i.k.p.i.IntermediateProofReplayer Proof replay took 25.93ms 
75658      DEBUG main            d.u.i.k.p.r.p.TestFile    ... success: reloaded. 
75659      INFO  main            d.u.i.k.p.r.p.TestFile    Now processing file /home/runner/work/key/key/key.core/../key.ui/examples/standard_key/java_dl/jml-assert/assert-old/inc-parameter.key 
75659      INFO  main            d.u.i.k.p.i.AbstractProblemLoader Loading environment from /home/runner/work/key/key/key.core/../key.ui/examples/standard_key/java_dl/jml-assert/assert-old/inc-parameter.key 
75659      DEBUG main            d.u.i.k.p.i.AbstractProblemLoader Environment load took 98.4ns 
75660      INFO  main            d.u.i.k.p.i.AbstractProblemLoader Creating init config 
78220      DEBUG main            d.u.i.k.p.i.AbstractProblemLoader Init config took 2.56s 
78253      INFO  main            d.u.i.k.p.i.AbstractProblemLoader Replaying proof Inc[Inc::inc_parameter(int)].JML normal_behavior operation contract.0 
78255      DEBUG main            d.u.i.k.p.i.IntermediateProofReplayer Proof replay took 5.5ns 
78357      INFO  main            d.u.i.k.p.r.p.TestFile    ... finished proof: closed. 
78573      INFO  main            d.u.i.k.p.i.AbstractProblemLoader Loading environment from /home/runner/work/key/key/key.core/../key.ui/examples/standard_key/java_dl/jml-assert/assert-old/inc-parameter.key.proof 
78573      DEBUG main            d.u.i.k.p.i.AbstractProblemLoader Environment load took 116.2ns 
78574      INFO  main            d.u.i.k.p.i.AbstractProblemLoader Creating init config 
81049      DEBUG main            d.u.i.k.p.i.AbstractProblemLoader Init config took 2.48s 
81082      INFO  main            d.u.i.k.p.i.AbstractProblemLoader Replaying proof Inc[Inc::inc_parameter(int)].JML normal_behavior operation contract.0 
81097      DEBUG main            d.u.i.k.p.i.IntermediateProofReplayer Proof replay took 13.54ms 
81098      DEBUG main            d.u.i.k.p.r.p.TestFile    ... success: reloaded. 
81099      INFO  main            d.u.i.k.p.r.p.TestFile    Now processing file /home/runner/work/key/key/key.core/../key.ui/examples/standard_key/java_dl/jml-assert/assert-old/inc-parameter-field.key 
81099      INFO  main            d.u.i.k.p.i.AbstractProblemLoader Loading environment from /home/runner/work/key/key/key.core/../key.ui/examples/standard_key/java_dl/jml-assert/assert-old/inc-parameter-field.key 
81099      DEBUG main            d.u.i.k.p.i.AbstractProblemLoader Environment load took 98.8ns 
81100      INFO  main            d.u.i.k.p.i.AbstractProblemLoader Creating init config 
83665      DEBUG main            d.u.i.k.p.i.AbstractProblemLoader Init config took 2.57s 
83699      INFO  main            d.u.i.k.p.i.AbstractProblemLoader Replaying proof Inc[Inc::inc_parameter_field(Inc)].JML normal_behavior operation contract.0 
83703      DEBUG main            d.u.i.k.p.i.IntermediateProofReplayer Proof replay took 6.6ns 
83906      INFO  main            d.u.i.k.p.r.p.TestFile    ... finished proof: closed. 
84134      INFO  main            d.u.i.k.p.i.AbstractProblemLoader Loading environment from /home/runner/work/key/key/key.core/../key.ui/examples/standard_key/java_dl/jml-assert/assert-old/inc-parameter-field.key.proof 
84134      DEBUG main            d.u.i.k.p.i.AbstractProblemLoader Environment load took 116.2ns 
84135      INFO  main            d.u.i.k.p.i.AbstractProblemLoader Creating init config 
86611      DEBUG main            d.u.i.k.p.i.AbstractProblemLoader Init config took 2.48s 
86644      INFO  main            d.u.i.k.p.i.AbstractProblemLoader Replaying proof Inc[Inc::inc_parameter_field(Inc)].JML normal_behavior operation contract.0 
86678      DEBUG main            d.u.i.k.p.i.IntermediateProofReplayer Proof replay took 32.17ms 
86679      DEBUG main            d.u.i.k.p.r.p.TestFile    ... success: reloaded. 
86680      INFO  main            d.u.i.k.p.r.p.TestFile    Now processing file /home/runner/work/key/key/key.core/../key.ui/examples/standard_key/java_dl/jml-assert/assert-old/inc-ghost-field.key 
86680      INFO  main            d.u.i.k.p.i.AbstractProblemLoader Loading environment from /home/runner/work/key/key/key.core/../key.ui/examples/standard_key/java_dl/jml-assert/assert-old/inc-ghost-field.key 
86680      DEBUG main            d.u.i.k.p.i.AbstractProblemLoader Environment load took 89.8ns 
86681      INFO  main            d.u.i.k.p.i.AbstractProblemLoader Creating init config 
89259      DEBUG main            d.u.i.k.p.i.AbstractProblemLoader Init config took 2.58s 
89292      INFO  main            d.u.i.k.p.i.AbstractProblemLoader Replaying proof Inc[Inc::inc_ghost_field()].JML normal_behavior operation contract.0 
89293      DEBUG main            d.u.i.k.p.i.IntermediateProofReplayer Proof replay took 6.3ns 
89397      INFO  main            d.u.i.k.p.r.p.TestFile    ... finished proof: closed. 
89622      INFO  main            d.u.i.k.p.i.AbstractProblemLoader Loading environment from /home/runner/work/key/key/key.core/../key.ui/examples/standard_key/java_dl/jml-assert/assert-old/inc-ghost-field.key.proof 
89622      DEBUG main            d.u.i.k.p.i.AbstractProblemLoader Environment load took 116.6ns 
89623      INFO  main            d.u.i.k.p.i.AbstractProblemLoader Creating init config 
92086      DEBUG main            d.u.i.k.p.i.AbstractProblemLoader Init config took 2.46s 
92118      INFO  main            d.u.i.k.p.i.AbstractProblemLoader Replaying proof Inc[Inc::inc_ghost_field()].JML normal_behavior operation contract.0 
92159      DEBUG main            d.u.i.k.p.i.IntermediateProofReplayer Proof replay took 36.62ms 
92161      DEBUG main            d.u.i.k.p.r.p.TestFile    ... success: reloaded. 
723612     INFO  Test worker     d.u.i.k.p.r.RunAllProofsTestUnit Returning from test jmlAsserts 
723613     INFO  Test worker     d.u.i.k.p.r.RunAllProofsTestUnit Running test javaCard 
347        INFO  Timeout watchdog d.u.i.k.p.r.p.ForkedTestFileRunner Timeout watcher launched (2000 secs.) 
347        WARN  main            d.u.i.k.s.ProofSettings   The settings in /home/runner/.key/proof-settings.props are *not* read. 
404        INFO  main            d.u.i.k.p.r.p.TestFile    Now processing file /home/runner/work/key/key/key.core/../key.ui/examples/heap/javacard/updateBalance0.key 
560        INFO  main            d.u.i.k.p.i.AbstractProblemLoader Loading environment from /home/runner/work/key/key/key.core/../key.ui/examples/heap/javacard/updateBalance0.key 
581        DEBUG main            d.u.i.k.p.i.AbstractProblemLoader Environment load took 1.93ms 
805        INFO  main            d.u.i.k.p.i.AbstractProblemLoader Creating init config 
1801       DEBUG main            d.u.i.k.j.TypeConverter   No LDT found for Meta 
1801       DEBUG main            d.u.i.k.j.TypeConverter   No LDT found for Meta 
1803       DEBUG main            d.u.i.k.j.TypeConverter   No LDT found for Meta 
1803       DEBUG main            d.u.i.k.j.TypeConverter   No LDT found for Meta 
3560       DEBUG main            d.u.i.k.j.TypeConverter   No LDT found for JavaBigintExpression 
6789       DEBUG main            d.u.i.k.p.i.AbstractProblemLoader Init config took 5.98s 
6957       INFO  main            d.u.i.k.p.i.AbstractProblemLoader Replaying proof Examples[Examples::updateBalance(short)].JML normal_behavior operation contract.0 
6993       DEBUG main            d.u.i.k.p.i.IntermediateProofReplayer Proof replay took 32.8ns 
8534       INFO  main            d.u.i.k.p.r.p.TestFile    ... finished proof: closed. 
8647       INFO  main            d.u.i.k.p.i.AbstractProblemLoader Loading environment from /home/runner/work/key/key/key.core/../key.ui/examples/heap/javacard/updateBalance0.key.proof 
8648       DEBUG main            d.u.i.k.p.i.AbstractProblemLoader Environment load took 525.2ns 
8650       INFO  main            d.u.i.k.p.i.AbstractProblemLoader Creating init config 
10272      DEBUG main            d.u.i.k.p.i.AbstractProblemLoader Init config took 1.62s 
10327      INFO  main            d.u.i.k.p.i.AbstractProblemLoader Replaying proof Examples[Examples::updateBalance(short)].JML normal_behavior operation contract.0 
10526      DEBUG main            d.u.i.k.p.i.IntermediateProofReplayer Proof replay took 191.49ms 
10535      DEBUG main            d.u.i.k.p.r.p.TestFile    ... success: reloaded. 
10537      INFO  main            d.u.i.k.p.r.p.TestFile    Now processing file /home/runner/work/key/key/key.core/../key.ui/examples/heap/javacard/updateBalance1.key 
10538      INFO  main            d.u.i.k.p.i.AbstractProblemLoader Loading environment from /home/runner/work/key/key/key.core/../key.ui/examples/heap/javacard/updateBalance1.key 
10538      DEBUG main            d.u.i.k.p.i.AbstractProblemLoader Environment load took 271.4ns 
10540      INFO  main            d.u.i.k.p.i.AbstractProblemLoader Creating init config 
12260      DEBUG main            d.u.i.k.p.i.AbstractProblemLoader Init config took 1.72s 
12329      INFO  main            d.u.i.k.p.i.AbstractProblemLoader Replaying proof Examples[Examples::updateBalance(short)].JML normal_behavior operation contract.1 
12332      DEBUG main            d.u.i.k.p.i.IntermediateProofReplayer Proof replay took 5.3ns 
12836      INFO  main            d.u.i.k.p.r.p.TestFile    ... finished proof: closed. 
12958      INFO  main            d.u.i.k.p.i.AbstractProblemLoader Loading environment from /home/runner/work/key/key/key.core/../key.ui/examples/heap/javacard/updateBalance1.key.proof 
12960      DEBUG main            d.u.i.k.p.i.AbstractProblemLoader Environment load took 2.5ms 
12962      INFO  main            d.u.i.k.p.i.AbstractProblemLoader Creating init config 
14526      DEBUG main            d.u.i.k.p.i.AbstractProblemLoader Init config took 1.56s 
14570      INFO  main            d.u.i.k.p.i.AbstractProblemLoader Replaying proof Examples[Examples::updateBalance(short)].JML normal_behavior operation contract.1 
14704      DEBUG main            d.u.i.k.p.i.IntermediateProofReplayer Proof replay took 129.52ms 
14706      DEBUG main            d.u.i.k.p.r.p.TestFile    ... success: reloaded. 
14709      INFO  main            d.u.i.k.p.r.p.TestFile    Now processing file /home/runner/work/key/key/key.core/../key.ui/examples/heap/javacard/setArray1.key 
14709      INFO  main            d.u.i.k.p.i.AbstractProblemLoader Loading environment from /home/runner/work/key/key/key.core/../key.ui/examples/heap/javacard/setArray1.key 
14710      DEBUG main            d.u.i.k.p.i.AbstractProblemLoader Environment load took 249.3ns 
14711      INFO  main            d.u.i.k.p.i.AbstractProblemLoader Creating init config 
16265      DEBUG main            d.u.i.k.p.i.AbstractProblemLoader Init config took 1.55s 
16307      INFO  main            d.u.i.k.p.i.AbstractProblemLoader Replaying proof Examples[Examples::setArray1([B)].JML normal_behavior operation contract.0 
16309      DEBUG main            d.u.i.k.p.i.IntermediateProofReplayer Proof replay took 6.6ns 
17314      INFO  main            d.u.i.k.p.r.p.TestFile    ... finished proof: closed. 
17441      INFO  main            d.u.i.k.p.i.AbstractProblemLoader Loading environment from /home/runner/work/key/key/key.core/../key.ui/examples/heap/javacard/setArray1.key.proof 
17441      DEBUG main            d.u.i.k.p.i.AbstractProblemLoader Environment load took 699ns 
17443      INFO  main            d.u.i.k.p.i.AbstractProblemLoader Creating init config 
18995      DEBUG main            d.u.i.k.p.i.AbstractProblemLoader Init config took 1.55s 
19036      INFO  main            d.u.i.k.p.i.AbstractProblemLoader Replaying proof Examples[Examples::setArray1([B)].JML normal_behavior operation contract.0 
19241      DEBUG main            d.u.i.k.p.i.IntermediateProofReplayer Proof replay took 199.94ms 
19244      DEBUG main            d.u.i.k.p.r.p.TestFile    ... success: reloaded. 
19246      INFO  main            d.u.i.k.p.r.p.TestFile    Now processing file /home/runner/work/key/key/key.core/../key.ui/examples/heap/javacard/setArray2.key 
19246      INFO  main            d.u.i.k.p.i.AbstractProblemLoader Loading environment from /home/runner/work/key/key/key.core/../key.ui/examples/heap/javacard/setArray2.key 
19247      DEBUG main            d.u.i.k.p.i.AbstractProblemLoader Environment load took 242ns 
19248      INFO  main            d.u.i.k.p.i.AbstractProblemLoader Creating init config 
20793      DEBUG main            d.u.i.k.p.i.AbstractProblemLoader Init config took 1.55s 
20832      INFO  main            d.u.i.k.p.i.AbstractProblemLoader Replaying proof Examples[Examples::setArray2([B)].JML normal_behavior operation contract.0 
20834      DEBUG main            d.u.i.k.p.i.IntermediateProofReplayer Proof replay took 6.5ns 
21839      INFO  main            d.u.i.k.p.r.p.TestFile    ... finished proof: closed. 
21956      INFO  main            d.u.i.k.p.i.AbstractProblemLoader Loading environment from /home/runner/work/key/key/key.core/../key.ui/examples/heap/javacard/setArray2.key.proof 
21959      DEBUG main            d.u.i.k.p.i.AbstractProblemLoader Environment load took 2.65ms 
21961      INFO  main            d.u.i.k.p.i.AbstractProblemLoader Creating init config 
23476      DEBUG main            d.u.i.k.p.i.AbstractProblemLoader Init config took 1.52s 
23519      INFO  main            d.u.i.k.p.i.AbstractProblemLoader Replaying proof Examples[Examples::setArray2([B)].JML normal_behavior operation contract.0 
23749      DEBUG main            d.u.i.k.p.i.IntermediateProofReplayer Proof replay took 221.63ms 
23752      DEBUG main            d.u.i.k.p.r.p.TestFile    ... success: reloaded. 
23754      INFO  main            d.u.i.k.p.r.p.TestFile    Now processing file /home/runner/work/key/key/key.core/../key.ui/examples/heap/javacard/arrayFillNonAtomic.key 
23754      INFO  main            d.u.i.k.p.i.AbstractProblemLoader Loading environment from /home/runner/work/key/key/key.core/../key.ui/examples/heap/javacard/arrayFillNonAtomic.key 
23754      DEBUG main            d.u.i.k.p.i.AbstractProblemLoader Environment load took 222.6ns 
23756      INFO  main            d.u.i.k.p.i.AbstractProblemLoader Creating init config 
25258      DEBUG main            d.u.i.k.p.i.AbstractProblemLoader Init config took 1.5s 
25312      INFO  main            d.u.i.k.p.i.AbstractProblemLoader Replaying proof javacard.framework.Util[javacard.framework.Util::arrayFillNonAtomic([B,short,short,byte)].JML behavior operation contract.0.transaction_inactive 
25314      DEBUG main            d.u.i.k.p.i.IntermediateProofReplayer Proof replay took 6.1ns 
26131      DEBUG Thread-13       d.u.i.k.l.o.ProgramSV     Match failed: Former match of  SchemaVariable incompatible with  the current match. 
26131      DEBUG Thread-13       d.u.i.k.l.o.ProgramSV     Match failed: Former match of  SchemaVariable incompatible with  the current match. 
27422      DEBUG Thread-13       d.u.i.k.l.o.ProgramSV     Match failed: Former match of  SchemaVariable incompatible with  the current match. 
27423      DEBUG Thread-13       d.u.i.k.l.o.ProgramSV     Match failed: Former match of  SchemaVariable incompatible with  the current match. 
28852      INFO  main            d.u.i.k.p.r.p.TestFile    ... finished proof: closed. 
29031      INFO  main            d.u.i.k.p.i.AbstractProblemLoader Loading environment from /home/runner/work/key/key/key.core/../key.ui/examples/heap/javacard/arrayFillNonAtomic.key.proof 
29032      DEBUG main            d.u.i.k.p.i.AbstractProblemLoader Environment load took 481.9ns 
29035      INFO  main            d.u.i.k.p.i.AbstractProblemLoader Creating init config 
30555      DEBUG main            d.u.i.k.p.i.AbstractProblemLoader Init config took 1.52s 
30608      INFO  main            d.u.i.k.p.i.AbstractProblemLoader Replaying proof javacard.framework.Util[javacard.framework.Util::arrayFillNonAtomic([B,short,short,byte)].JML behavior operation contract.0.transaction_inactive 
31475      DEBUG main            d.u.i.k.p.i.IntermediateProofReplayer Proof replay took 849.45ms 
31476      DEBUG main            d.u.i.k.p.r.p.TestFile    ... success: reloaded. 
31477      INFO  main            d.u.i.k.p.r.p.TestFile    Now processing file /home/runner/work/key/key/key.core/../key.ui/examples/heap/coincidence_count/project.key 
31478      INFO  main            d.u.i.k.p.i.AbstractProblemLoader Loading environment from /home/runner/work/key/key/key.core/../key.ui/examples/heap/coincidence_count/project.key 
31478      DEBUG main            d.u.i.k.p.i.AbstractProblemLoader Environment load took 261.4ns 
31479      INFO  main            d.u.i.k.p.i.AbstractProblemLoader Creating init config 
34788      DEBUG main            d.u.i.k.p.i.AbstractProblemLoader Init config took 3.31s 
34832      INFO  main            d.u.i.k.p.i.AbstractProblemLoader Replaying proof CC[CC::calcCoinIndex([I,[I)].JML normal_behavior operation contract.0 
34836      DEBUG main            d.u.i.k.p.i.IntermediateProofReplayer Proof replay took 6.5ns 
52045      INFO  main            d.u.i.k.p.r.p.TestFile    ... finished proof: closed. 
52338      INFO  main            d.u.i.k.p.i.AbstractProblemLoader Loading environment from /home/runner/work/key/key/key.core/../key.ui/examples/heap/coincidence_count/project.key.proof 
52338      DEBUG main            d.u.i.k.p.i.AbstractProblemLoader Environment load took 490.01ns 
52342      INFO  main            d.u.i.k.p.i.AbstractProblemLoader Creating init config 
54834      DEBUG main            d.u.i.k.p.i.AbstractProblemLoader Init config took 2.49s 
54893      INFO  main            d.u.i.k.p.i.AbstractProblemLoader Replaying proof CC[CC::calcCoinIndex([I,[I)].JML normal_behavior operation contract.0 
55952      DEBUG main            d.u.i.k.p.i.IntermediateProofReplayer Proof replay took 991.29ms 
55956      DEBUG main            d.u.i.k.p.r.p.TestFile    ... success: reloaded. 
55957      INFO  main            d.u.i.k.p.r.p.TestFile    Now processing file /home/runner/work/key/key/key.core/../key.ui/examples/heap/verifyThis11_1_Maximum/project.key 
55957      INFO  main            d.u.i.k.p.i.AbstractProblemLoader Loading environment from /home/runner/work/key/key/key.core/../key.ui/examples/heap/verifyThis11_1_Maximum/project.key 
55958      DEBUG main            d.u.i.k.p.i.AbstractProblemLoader Environment load took 163.1ns 
55959      INFO  main            d.u.i.k.p.i.AbstractProblemLoader Creating init config 
58520      DEBUG main            d.u.i.k.p.i.AbstractProblemLoader Init config took 2.56s 
58560      INFO  main            d.u.i.k.p.i.AbstractProblemLoader Replaying proof Maximum[Maximum::maxIndex([I)].JML normal_behavior operation contract.0 
58561      DEBUG main            d.u.i.k.p.i.IntermediateProofReplayer Proof replay took 5.3ns 
59408      INFO  main            d.u.i.k.p.r.p.TestFile    ... finished proof: closed. 
59665      INFO  main            d.u.i.k.p.i.AbstractProblemLoader Loading environment from /home/runner/work/key/key/key.core/../key.ui/examples/heap/verifyThis11_1_Maximum/project.key.proof 
59665      DEBUG main            d.u.i.k.p.i.AbstractProblemLoader Environment load took 603.01ns 
59667      INFO  main            d.u.i.k.p.i.AbstractProblemLoader Creating init config 
62072      DEBUG main            d.u.i.k.p.i.AbstractProblemLoader Init config took 2.41s 
62121      INFO  main            d.u.i.k.p.i.AbstractProblemLoader Replaying proof Maximum[Maximum::maxIndex([I)].JML normal_behavior operation contract.0 
62289      DEBUG main            d.u.i.k.p.i.IntermediateProofReplayer Proof replay took 161.92ms 
62291      DEBUG main            d.u.i.k.p.r.p.TestFile    ... success: reloaded. 
62292      INFO  main            d.u.i.k.p.r.p.TestFile    Now processing file /home/runner/work/key/key/key.core/../key.ui/examples/heap/fm12_01_LRS/lcp.key 
62292      INFO  main            d.u.i.k.p.i.AbstractProblemLoader Loading environment from /home/runner/work/key/key/key.core/../key.ui/examples/heap/fm12_01_LRS/lcp.key 
62292      DEBUG main            d.u.i.k.p.i.AbstractProblemLoader Environment load took 229.2ns 
62293      INFO  main            d.u.i.k.p.i.AbstractProblemLoader Creating init config 
65402      DEBUG main            d.u.i.k.p.i.AbstractProblemLoader Init config took 3.11s 
65458      INFO  main            d.u.i.k.p.i.AbstractProblemLoader Replaying proof LCP[LCP::lcp([I,int,int)].JML normal_behavior operation contract.0 
65461      DEBUG main            d.u.i.k.p.i.IntermediateProofReplayer Proof replay took 5.9ns 
66366      INFO  main            d.u.i.k.p.r.p.TestFile    ... finished proof: closed. 
66624      INFO  main            d.u.i.k.p.i.AbstractProblemLoader Loading environment from /home/runner/work/key/key/key.core/../key.ui/examples/heap/fm12_01_LRS/lcp.key.proof 
66624      DEBUG main            d.u.i.k.p.i.AbstractProblemLoader Environment load took 139.7ns 
66625      INFO  main            d.u.i.k.p.i.AbstractProblemLoader Creating init config 
69465      DEBUG main            d.u.i.k.p.i.AbstractProblemLoader Init config took 2.84s 
69517      INFO  main            d.u.i.k.p.i.AbstractProblemLoader Replaying proof LCP[LCP::lcp([I,int,int)].JML normal_behavior operation contract.0 
69723      DEBUG main            d.u.i.k.p.i.IntermediateProofReplayer Proof replay took 200.23ms 
69724      DEBUG main            d.u.i.k.p.r.p.TestFile    ... success: reloaded. 
69726      INFO  main            d.u.i.k.p.r.p.TestFile    Now processing file /home/runner/work/key/key/key.core/../key.ui/examples/heap/SemanticSlicing/project.key 
69726      INFO  main            d.u.i.k.p.i.AbstractProblemLoader Loading environment from /home/runner/work/key/key/key.core/../key.ui/examples/heap/SemanticSlicing/project.key 
69726      DEBUG main            d.u.i.k.p.i.AbstractProblemLoader Environment load took 238.71ns 
69727      INFO  main            d.u.i.k.p.i.AbstractProblemLoader Creating init config 
72286      DEBUG main            d.u.i.k.p.i.AbstractProblemLoader Init config took 2.56s 
72355      INFO  main            d.u.i.k.p.i.AbstractProblemLoader Replaying proof unsatcore_after.competition.postcond5.scope333.LRS[unsatcore_after.competition.postcond5.scope333.LRS::doLRS()].JML operation contract.0 
72357      DEBUG main            d.u.i.k.p.i.IntermediateProofReplayer Proof replay took 53.4ns 
76084      INFO  main            d.u.i.k.p.r.p.TestFile    ... finished proof: closed. 
76370      INFO  main            d.u.i.k.p.i.AbstractProblemLoader Loading environment from /home/runner/work/key/key/key.core/../key.ui/examples/heap/SemanticSlicing/project.key.proof 
76370      DEBUG main            d.u.i.k.p.i.AbstractProblemLoader Environment load took 496.51ns 
76372      INFO  main            d.u.i.k.p.i.AbstractProblemLoader Creating init config 
78882      DEBUG main            d.u.i.k.p.i.AbstractProblemLoader Init config took 2.51s 
78942      INFO  main            d.u.i.k.p.i.AbstractProblemLoader Replaying proof unsatcore_after.competition.postcond5.scope333.LRS[unsatcore_after.competition.postcond5.scope333.LRS::doLRS()].JML operation contract.0 
79728      DEBUG main            d.u.i.k.p.i.IntermediateProofReplayer Proof replay took 773.69ms 
79729      DEBUG main            d.u.i.k.p.r.p.TestFile    ... success: reloaded. 
79730      INFO  main            d.u.i.k.p.r.p.TestFile    Now processing file /home/runner/work/key/key/key.core/../key.ui/examples/heap/information_flow/ArrayList_contains.key 
79731      INFO  main            d.u.i.k.p.i.AbstractProblemLoader Loading environment from /home/runner/work/key/key/key.core/../key.ui/examples/heap/information_flow/ArrayList_contains.key 
79731      DEBUG main            d.u.i.k.p.i.AbstractProblemLoader Environment load took 112.2ns 
79732      INFO  main            d.u.i.k.p.i.AbstractProblemLoader Creating init config 
82463      DEBUG main            d.u.i.k.p.i.AbstractProblemLoader Init config took 2.73s 
82500      INFO  main            d.u.i.k.p.i.AbstractProblemLoader Replaying proof ArrayList[ArrayList::get(int)].JML normal_behavior operation contract.0 
82502      DEBUG main            d.u.i.k.p.i.IntermediateProofReplayer Proof replay took 6.3ns 
82807      INFO  main            d.u.i.k.p.r.p.TestFile    ... finished proof: closed. 
83142      INFO  main            d.u.i.k.p.i.AbstractProblemLoader Loading environment from /home/runner/work/key/key/key.core/../key.ui/examples/heap/information_flow/ArrayList_contains.key.proof 
83142      DEBUG main            d.u.i.k.p.i.AbstractProblemLoader Environment load took 128ns 
83143      INFO  main            d.u.i.k.p.i.AbstractProblemLoader Creating init config 
85750      DEBUG main            d.u.i.k.p.i.AbstractProblemLoader Init config took 2.61s 
85790      INFO  main            d.u.i.k.p.i.AbstractProblemLoader Replaying proof ArrayList[ArrayList::get(int)].JML normal_behavior operation contract.0 
85864      DEBUG main            d.u.i.k.p.i.IntermediateProofReplayer Proof replay took 70.16ms 
85865      DEBUG main            d.u.i.k.p.r.p.TestFile    ... success: reloaded. 
85866      INFO  main            d.u.i.k.p.r.p.TestFile    Now processing file /home/runner/work/key/key/key.core/../key.ui/examples/heap/information_flow/ArrayList_get.key 
85866      INFO  main            d.u.i.k.p.i.AbstractProblemLoader Loading environment from /home/runner/work/key/key/key.core/../key.ui/examples/heap/information_flow/ArrayList_get.key 
85866      DEBUG main            d.u.i.k.p.i.AbstractProblemLoader Environment load took 107.3ns 
85867      INFO  main            d.u.i.k.p.i.AbstractProblemLoader Creating init config 
88524      DEBUG main            d.u.i.k.p.i.AbstractProblemLoader Init config took 2.66s 
88572      INFO  main            d.u.i.k.p.i.AbstractProblemLoader Replaying proof ArrayList[ArrayList::contains(java.lang.Object)].JML normal_behavior operation contract.0 
88573      DEBUG main            d.u.i.k.p.i.IntermediateProofReplayer Proof replay took 6.4ns 
89392      INFO  main            d.u.i.k.p.r.p.TestFile    ... finished proof: closed. 
89667      INFO  main            d.u.i.k.p.i.AbstractProblemLoader Loading environment from /home/runner/work/key/key/key.core/../key.ui/examples/heap/information_flow/ArrayList_get.key.proof 
89668      DEBUG main            d.u.i.k.p.i.AbstractProblemLoader Environment load took 511.51ns 
89669      INFO  main            d.u.i.k.p.i.AbstractProblemLoader Creating init config 
92243      DEBUG main            d.u.i.k.p.i.AbstractProblemLoader Init config took 2.57s 
92280      INFO  main            d.u.i.k.p.i.AbstractProblemLoader Replaying proof ArrayList[ArrayList::contains(java.lang.Object)].JML normal_behavior operation contract.0 
92435      DEBUG main            d.u.i.k.p.i.IntermediateProofReplayer Proof replay took 150.95ms 
92436      DEBUG main            d.u.i.k.p.r.p.TestFile    ... success: reloaded. 
92437      INFO  main            d.u.i.k.p.r.p.TestFile    Now processing file /home/runner/work/key/key/key.core/../key.ui/examples/heap/information_flow/ArrayList_size.key 
92438      INFO  main            d.u.i.k.p.i.AbstractProblemLoader Loading environment from /home/runner/work/key/key/key.core/../key.ui/examples/heap/information_flow/ArrayList_size.key 
92438      DEBUG main            d.u.i.k.p.i.AbstractProblemLoader Environment load took 229ns 
92439      INFO  main            d.u.i.k.p.i.AbstractProblemLoader Creating init config 
95090      DEBUG main            d.u.i.k.p.i.AbstractProblemLoader Init config took 2.65s 
95126      INFO  main            d.u.i.k.p.i.AbstractProblemLoader Replaying proof ArrayList[ArrayList::size()].JML normal_behavior operation contract.0 
95127      DEBUG main            d.u.i.k.p.i.IntermediateProofReplayer Proof replay took 6.8ns 
95230      INFO  main            d.u.i.k.p.r.p.TestFile    ... finished proof: closed. 
95484      INFO  main            d.u.i.k.p.i.AbstractProblemLoader Loading environment from /home/runner/work/key/key/key.core/../key.ui/examples/heap/information_flow/ArrayList_size.key.proof 
95485      DEBUG main            d.u.i.k.p.i.AbstractProblemLoader Environment load took 134.8ns 
95487      INFO  main            d.u.i.k.p.i.AbstractProblemLoader Creating init config 
98048      DEBUG main            d.u.i.k.p.i.AbstractProblemLoader Init config took 2.56s 
98084      INFO  main            d.u.i.k.p.i.AbstractProblemLoader Replaying proof ArrayList[ArrayList::size()].JML normal_behavior operation contract.0 
98098      DEBUG main            d.u.i.k.p.i.IntermediateProofReplayer Proof replay took 12.21ms 
98099      DEBUG main            d.u.i.k.p.r.p.TestFile    ... success: reloaded. 
98100      INFO  main            d.u.i.k.p.r.p.TestFile    Now processing file /home/runner/work/key/key/key.core/../key.ui/examples/heap/information_flow/UpdateAbstraction_ex7_3_secure.key 
98100      INFO  main            d.u.i.k.p.i.AbstractProblemLoader Loading environment from /home/runner/work/key/key/key.core/../key.ui/examples/heap/information_flow/UpdateAbstraction_ex7_3_secure.key 
98100      DEBUG main            d.u.i.k.p.i.AbstractProblemLoader Environment load took 218.5ns 
98101      INFO  main            d.u.i.k.p.i.AbstractProblemLoader Creating init config 
100783     DEBUG main            d.u.i.k.p.i.AbstractProblemLoader Init config took 2.68s 
100821     INFO  main            d.u.i.k.p.i.AbstractProblemLoader Replaying proof UpdateAbstraction[UpdateAbstraction::ex7_3_secure()].JML operation contract.0 
100822     DEBUG main            d.u.i.k.p.i.IntermediateProofReplayer Proof replay took 6.5ns 
101024     INFO  main            d.u.i.k.p.r.p.TestFile    ... finished proof: closed. 
101286     INFO  main            d.u.i.k.p.i.AbstractProblemLoader Loading environment from /home/runner/work/key/key/key.core/../key.ui/examples/heap/information_flow/UpdateAbstraction_ex7_3_secure.key.proof 
101287     DEBUG main            d.u.i.k.p.i.AbstractProblemLoader Environment load took 127ns 
101287     INFO  main            d.u.i.k.p.i.AbstractProblemLoader Creating init config 
103865     DEBUG main            d.u.i.k.p.i.AbstractProblemLoader Init config took 2.58s 
103901     INFO  main            d.u.i.k.p.i.AbstractProblemLoader Replaying proof UpdateAbstraction[UpdateAbstraction::ex7_3_secure()].JML operation contract.0 
103934     DEBUG main            d.u.i.k.p.i.IntermediateProofReplayer Proof replay took 29.84ms 
103935     DEBUG main            d.u.i.k.p.r.p.TestFile    ... success: reloaded. 
103937     INFO  main            d.u.i.k.p.r.p.TestFile    Now processing file /home/runner/work/key/key/key.core/../key.ui/examples/heap/information_flow/UpdateAbstraction_ex7_4_secure.key 
103937     INFO  main            d.u.i.k.p.i.AbstractProblemLoader Loading environment from /home/runner/work/key/key/key.core/../key.ui/examples/heap/information_flow/UpdateAbstraction_ex7_4_secure.key 
103938     DEBUG main            d.u.i.k.p.i.AbstractProblemLoader Environment load took 234.1ns 
103939     INFO  main            d.u.i.k.p.i.AbstractProblemLoader Creating init config 
106587     DEBUG main            d.u.i.k.p.i.AbstractProblemLoader Init config took 2.65s 
106621     INFO  main            d.u.i.k.p.i.AbstractProblemLoader Replaying proof UpdateAbstraction[UpdateAbstraction::ex7_4_secure()].JML operation contract.0 
106622     DEBUG main            d.u.i.k.p.i.IntermediateProofReplayer Proof replay took 6.9ns 
106825     INFO  main            d.u.i.k.p.r.p.TestFile    ... finished proof: closed. 
107125     INFO  main            d.u.i.k.p.i.AbstractProblemLoader Loading environment from /home/runner/work/key/key/key.core/../key.ui/examples/heap/information_flow/UpdateAbstraction_ex7_4_secure.key.proof 
107126     DEBUG main            d.u.i.k.p.i.AbstractProblemLoader Environment load took 125.2ns 
107127     INFO  main            d.u.i.k.p.i.AbstractProblemLoader Creating init config 
109675     DEBUG main            d.u.i.k.p.i.AbstractProblemLoader Init config took 2.55s 
109709     INFO  main            d.u.i.k.p.i.AbstractProblemLoader Replaying proof UpdateAbstraction[UpdateAbstraction::ex7_4_secure()].JML operation contract.0 
109754     DEBUG main            d.u.i.k.p.i.IntermediateProofReplayer Proof replay took 42.09ms 
109755     DEBUG main            d.u.i.k.p.r.p.TestFile    ... success: reloaded. 
109756     INFO  main            d.u.i.k.p.r.p.TestFile    Now processing file /home/runner/work/key/key/key.core/../key.ui/examples/heap/information_flow/UpdateAbstraction_ex7_5_secure.key 
109756     INFO  main            d.u.i.k.p.i.AbstractProblemLoader Loading environment from /home/runner/work/key/key/key.core/../key.ui/examples/heap/information_flow/UpdateAbstraction_ex7_5_secure.key 
109756     DEBUG main            d.u.i.k.p.i.AbstractProblemLoader Environment load took 218.2ns 
109757     INFO  main            d.u.i.k.p.i.AbstractProblemLoader Creating init config 
112401     DEBUG main            d.u.i.k.p.i.AbstractProblemLoader Init config took 2.64s 
112437     INFO  main            d.u.i.k.p.i.AbstractProblemLoader Replaying proof UpdateAbstraction[UpdateAbstraction::ex7_5_secure()].JML operation contract.0 
112440     DEBUG main            d.u.i.k.p.i.IntermediateProofReplayer Proof replay took 6.8ns 
112541     INFO  main            d.u.i.k.p.r.p.TestFile    ... finished proof: closed. 
112824     INFO  main            d.u.i.k.p.i.AbstractProblemLoader Loading environment from /home/runner/work/key/key/key.core/../key.ui/examples/heap/information_flow/UpdateAbstraction_ex7_5_secure.key.proof 
112824     DEBUG main            d.u.i.k.p.i.AbstractProblemLoader Environment load took 121.1ns 
112826     INFO  main            d.u.i.k.p.i.AbstractProblemLoader Creating init config 
115375     DEBUG main            d.u.i.k.p.i.AbstractProblemLoader Init config took 2.55s 
115408     INFO  main            d.u.i.k.p.i.AbstractProblemLoader Replaying proof UpdateAbstraction[UpdateAbstraction::ex7_5_secure()].JML operation contract.0 
115427     DEBUG main            d.u.i.k.p.i.IntermediateProofReplayer Proof replay took 16.89ms 
115428     DEBUG main            d.u.i.k.p.r.p.TestFile    ... success: reloaded. 
115428     INFO  main            d.u.i.k.p.r.p.TestFile    Now processing file /home/runner/work/key/key/key.core/../key.ui/examples/heap/information_flow/UpdateAbstraction_ex7_6_secure.key 
115428     INFO  main            d.u.i.k.p.i.AbstractProblemLoader Loading environment from /home/runner/work/key/key/key.core/../key.ui/examples/heap/information_flow/UpdateAbstraction_ex7_6_secure.key 
115429     DEBUG main            d.u.i.k.p.i.AbstractProblemLoader Environment load took 101.8ns 
115429     INFO  main            d.u.i.k.p.i.AbstractProblemLoader Creating init config 
118053     DEBUG main            d.u.i.k.p.i.AbstractProblemLoader Init config took 2.62s 
118087     INFO  main            d.u.i.k.p.i.AbstractProblemLoader Replaying proof UpdateAbstraction[UpdateAbstraction::ex7_6_secure()].JML operation contract.0 
118088     DEBUG main            d.u.i.k.p.i.IntermediateProofReplayer Proof replay took 6.2ns 
118391     INFO  main            d.u.i.k.p.r.p.TestFile    ... finished proof: closed. 
118675     INFO  main            d.u.i.k.p.i.AbstractProblemLoader Loading environment from /home/runner/work/key/key/key.core/../key.ui/examples/heap/information_flow/UpdateAbstraction_ex7_6_secure.key.proof 
118675     DEBUG main            d.u.i.k.p.i.AbstractProblemLoader Environment load took 126.7ns 
118676     INFO  main            d.u.i.k.p.i.AbstractProblemLoader Creating init config 
121228     DEBUG main            d.u.i.k.p.i.AbstractProblemLoader Init config took 2.55s 
121278     INFO  main            d.u.i.k.p.i.AbstractProblemLoader Replaying proof UpdateAbstraction[UpdateAbstraction::ex7_6_secure()].JML operation contract.0 
121337     DEBUG main            d.u.i.k.p.i.IntermediateProofReplayer Proof replay took 56.96ms 
121338     DEBUG main            d.u.i.k.p.r.p.TestFile    ... success: reloaded. 
121339     INFO  main            d.u.i.k.p.r.p.TestFile    Now processing file /home/runner/work/key/key/key.core/../key.ui/examples/heap/information_flow/UpdateAbstraction_ex9_secure.key 
121339     INFO  main            d.u.i.k.p.i.AbstractProblemLoader Loading environment from /home/runner/work/key/key/key.core/../key.ui/examples/heap/information_flow/UpdateAbstraction_ex9_secure.key 
121339     DEBUG main            d.u.i.k.p.i.AbstractProblemLoader Environment load took 202.6ns 
121340     INFO  main            d.u.i.k.p.i.AbstractProblemLoader Creating init config 
123952     DEBUG main            d.u.i.k.p.i.AbstractProblemLoader Init config took 2.61s 
123986     INFO  main            d.u.i.k.p.i.AbstractProblemLoader Replaying proof UpdateAbstraction[UpdateAbstraction::ex9_secure()].JML operation contract.0 
123987     DEBUG main            d.u.i.k.p.i.IntermediateProofReplayer Proof replay took 6.9ns 
124893     INFO  main            d.u.i.k.p.r.p.TestFile    ... finished proof: closed. 
125209     INFO  main            d.u.i.k.p.i.AbstractProblemLoader Loading environment from /home/runner/work/key/key/key.core/../key.ui/examples/heap/information_flow/UpdateAbstraction_ex9_secure.key.proof 
125209     DEBUG main            d.u.i.k.p.i.AbstractProblemLoader Environment load took 138.8ns 
125210     INFO  main            d.u.i.k.p.i.AbstractProblemLoader Creating init config 
127765     DEBUG main            d.u.i.k.p.i.AbstractProblemLoader Init config took 2.55s 
127799     INFO  main            d.u.i.k.p.i.AbstractProblemLoader Replaying proof UpdateAbstraction[UpdateAbstraction::ex9_secure()].JML operation contract.0 
128014     DEBUG main            d.u.i.k.p.i.IntermediateProofReplayer Proof replay took 211.45ms 
128015     DEBUG main            d.u.i.k.p.r.p.TestFile    ... success: reloaded. 
851790     INFO  Test worker     d.u.i.k.p.r.RunAllProofsTestUnit Returning from test javaCard 
851795     INFO  Test worker     d.u.i.k.p.r.RunAllProofsTestUnit Running test list 
335        INFO  Timeout watchdog d.u.i.k.p.r.p.ForkedTestFileRunner Timeout watcher launched (2000 secs.) 
343        WARN  main            d.u.i.k.s.ProofSettings   The settings in /home/runner/.key/proof-settings.props are *not* read. 
370        INFO  main            d.u.i.k.p.r.p.TestFile    Now processing file /home/runner/work/key/key/key.core/../key.ui/examples/heap/list/ArrayList_add.key 
472        INFO  main            d.u.i.k.p.i.AbstractProblemLoader Loading environment from /home/runner/work/key/key/key.core/../key.ui/examples/heap/list/ArrayList_add.key 
488        DEBUG main            d.u.i.k.p.i.AbstractProblemLoader Environment load took 1.74ms 
711        INFO  main            d.u.i.k.p.i.AbstractProblemLoader Creating init config 
1554       DEBUG main            d.u.i.k.j.TypeConverter   No LDT found for Meta 
1554       DEBUG main            d.u.i.k.j.TypeConverter   No LDT found for Meta 
1556       DEBUG main            d.u.i.k.j.TypeConverter   No LDT found for Meta 
1556       DEBUG main            d.u.i.k.j.TypeConverter   No LDT found for Meta 
3118       DEBUG main            d.u.i.k.j.TypeConverter   No LDT found for JavaBigintExpression 
6440       DEBUG main            d.u.i.k.j.r.ClassPreparationMethodBuilder clPrepBuilder: Inner Class detected. Reject building class initialisation methods. 
8966       DEBUG main            d.u.i.k.p.i.AbstractProblemLoader Init config took 8.25s 
9176       INFO  main            d.u.i.k.p.i.AbstractProblemLoader Replaying proof ArrayList[List::add(java.lang.Object)].JML normal_behavior operation contract.0 
9211       DEBUG main            d.u.i.k.p.i.IntermediateProofReplayer Proof replay took 33.2ns 
14778      INFO  main            d.u.i.k.p.r.p.TestFile    ... finished proof: closed. 
14974      INFO  main            d.u.i.k.p.i.AbstractProblemLoader Loading environment from /home/runner/work/key/key/key.core/../key.ui/examples/heap/list/ArrayList_add.key.proof 
14974      DEBUG main            d.u.i.k.p.i.AbstractProblemLoader Environment load took 230.5ns 
14977      INFO  main            d.u.i.k.p.i.AbstractProblemLoader Creating init config 
16071      DEBUG main            d.u.i.k.j.r.ClassPreparationMethodBuilder clPrepBuilder: Inner Class detected. Reject building class initialisation methods. 
18353      DEBUG main            d.u.i.k.p.i.AbstractProblemLoader Init config took 3.38s 
18424      INFO  main            d.u.i.k.p.i.AbstractProblemLoader Replaying proof ArrayList[List::add(java.lang.Object)].JML normal_behavior operation contract.0 
19478      DEBUG main            d.u.i.k.p.i.IntermediateProofReplayer Proof replay took 1.02s 
19487      DEBUG main            d.u.i.k.p.r.p.TestFile    ... success: reloaded. 
19489      INFO  main            d.u.i.k.p.r.p.TestFile    Now processing file /home/runner/work/key/key/key.core/../key.ui/examples/heap/list/ArrayList_ArrayList.key 
19489      INFO  main            d.u.i.k.p.i.AbstractProblemLoader Loading environment from /home/runner/work/key/key/key.core/../key.ui/examples/heap/list/ArrayList_ArrayList.key 
19490      DEBUG main            d.u.i.k.p.i.AbstractProblemLoader Environment load took 203.5ns 
19491      INFO  main            d.u.i.k.p.i.AbstractProblemLoader Creating init config 
20641      DEBUG main            d.u.i.k.j.r.ClassPreparationMethodBuilder clPrepBuilder: Inner Class detected. Reject building class initialisation methods. 
22809      DEBUG main            d.u.i.k.p.i.AbstractProblemLoader Init config took 3.32s 
22875      INFO  main            d.u.i.k.p.i.AbstractProblemLoader Replaying proof ArrayList[ArrayList::ArrayList()].JML normal_behavior operation contract.0 
22878      DEBUG main            d.u.i.k.p.i.IntermediateProofReplayer Proof replay took 15.7ns 
24315      INFO  main            d.u.i.k.p.r.p.TestFile    ... finished proof: closed. 
24554      INFO  main            d.u.i.k.p.i.AbstractProblemLoader Loading environment from /home/runner/work/key/key/key.core/../key.ui/examples/heap/list/ArrayList_ArrayList.key.proof 
24555      DEBUG main            d.u.i.k.p.i.AbstractProblemLoader Environment load took 789.91ns 
24556      INFO  main            d.u.i.k.p.i.AbstractProblemLoader Creating init config 
25543      DEBUG main            d.u.i.k.j.r.ClassPreparationMethodBuilder clPrepBuilder: Inner Class detected. Reject building class initialisation methods. 
27706      DEBUG main            d.u.i.k.p.i.AbstractProblemLoader Init config took 3.15s 
27777      INFO  main            d.u.i.k.p.i.AbstractProblemLoader Replaying proof ArrayList[ArrayList::ArrayList()].JML normal_behavior operation contract.0 
28015      DEBUG main            d.u.i.k.p.i.IntermediateProofReplayer Proof replay took 225.57ms 
28017      DEBUG main            d.u.i.k.p.r.p.TestFile    ... success: reloaded. 
28019      INFO  main            d.u.i.k.p.r.p.TestFile    Now processing file /home/runner/work/key/key/key.core/../key.ui/examples/heap/list/ArrayList_concatenate.key 
28019      INFO  main            d.u.i.k.p.i.AbstractProblemLoader Loading environment from /home/runner/work/key/key/key.core/../key.ui/examples/heap/list/ArrayList_concatenate.key 
28019      DEBUG main            d.u.i.k.p.i.AbstractProblemLoader Environment load took 232.8ns 
28020      INFO  main            d.u.i.k.p.i.AbstractProblemLoader Creating init config 
29054      DEBUG main            d.u.i.k.j.r.ClassPreparationMethodBuilder clPrepBuilder: Inner Class detected. Reject building class initialisation methods. 
31167      DEBUG main            d.u.i.k.p.i.AbstractProblemLoader Init config took 3.15s 
31243      INFO  main            d.u.i.k.p.i.AbstractProblemLoader Replaying proof ArrayList[List::concatenate(List)].JML normal_behavior operation contract.0 
31245      DEBUG main            d.u.i.k.p.i.IntermediateProofReplayer Proof replay took 6.5ns 
55232      INFO  main            d.u.i.k.p.r.p.TestFile    ... finished proof: closed. 
55482      INFO  main            d.u.i.k.p.i.AbstractProblemLoader Loading environment from /home/runner/work/key/key/key.core/../key.ui/examples/heap/list/ArrayList_concatenate.key.proof 
55483      DEBUG main            d.u.i.k.p.i.AbstractProblemLoader Environment load took 509.6ns 
55487      INFO  main            d.u.i.k.p.i.AbstractProblemLoader Creating init config 
56466      DEBUG main            d.u.i.k.j.r.ClassPreparationMethodBuilder clPrepBuilder: Inner Class detected. Reject building class initialisation methods. 
58539      DEBUG main            d.u.i.k.p.i.AbstractProblemLoader Init config took 3.05s 
58629      INFO  main            d.u.i.k.p.i.AbstractProblemLoader Replaying proof ArrayList[List::concatenate(List)].JML normal_behavior operation contract.0 
60830      DEBUG main            d.u.i.k.p.i.IntermediateProofReplayer Proof replay took 2.13s 
60834      DEBUG main            d.u.i.k.p.r.p.TestFile    ... success: reloaded. 
60836      INFO  main            d.u.i.k.p.r.p.TestFile    Now processing file /home/runner/work/key/key/key.core/../key.ui/examples/heap/list/ArrayList_contains_dep.key 
60836      INFO  main            d.u.i.k.p.i.AbstractProblemLoader Loading environment from /home/runner/work/key/key/key.core/../key.ui/examples/heap/list/ArrayList_contains_dep.key 
60836      DEBUG main            d.u.i.k.p.i.AbstractProblemLoader Environment load took 237.4ns 
60837      INFO  main            d.u.i.k.p.i.AbstractProblemLoader Creating init config 
61855      DEBUG main            d.u.i.k.j.r.ClassPreparationMethodBuilder clPrepBuilder: Inner Class detected. Reject building class initialisation methods. 
64029      DEBUG main            d.u.i.k.p.i.AbstractProblemLoader Init config took 3.19s 
64090      INFO  main            d.u.i.k.p.i.AbstractProblemLoader Replaying proof ArrayList[List::contains(java.lang.Object)].JML accessible clause.0 
64092      DEBUG main            d.u.i.k.p.i.IntermediateProofReplayer Proof replay took 6.8ns 
66818      INFO  main            d.u.i.k.p.r.p.TestFile    ... finished proof: closed. 
67011      INFO  main            d.u.i.k.p.i.AbstractProblemLoader Loading environment from /home/runner/work/key/key/key.core/../key.ui/examples/heap/list/ArrayList_contains_dep.key.proof 
67011      DEBUG main            d.u.i.k.p.i.AbstractProblemLoader Environment load took 482.91ns 
67013      INFO  main            d.u.i.k.p.i.AbstractProblemLoader Creating init config 
67971      DEBUG main            d.u.i.k.j.r.ClassPreparationMethodBuilder clPrepBuilder: Inner Class detected. Reject building class initialisation methods. 
70065      DEBUG main            d.u.i.k.p.i.AbstractProblemLoader Init config took 3.05s 
70118      INFO  main            d.u.i.k.p.i.AbstractProblemLoader Replaying proof ArrayList[List::contains(java.lang.Object)].JML accessible clause.0 
70568      DEBUG main            d.u.i.k.p.i.IntermediateProofReplayer Proof replay took 436.84ms 
70569      DEBUG main            d.u.i.k.p.r.p.TestFile    ... success: reloaded. 
70571      INFO  main            d.u.i.k.p.r.p.TestFile    Now processing file /home/runner/work/key/key/key.core/../key.ui/examples/heap/list/ArrayList_enlarge.key 
70571      INFO  main            d.u.i.k.p.i.AbstractProblemLoader Loading environment from /home/runner/work/key/key/key.core/../key.ui/examples/heap/list/ArrayList_enlarge.key 
70571      DEBUG main            d.u.i.k.p.i.AbstractProblemLoader Environment load took 234.9ns 
70572      INFO  main            d.u.i.k.p.i.AbstractProblemLoader Creating init config 
71558      DEBUG main            d.u.i.k.j.r.ClassPreparationMethodBuilder clPrepBuilder: Inner Class detected. Reject building class initialisation methods. 
73673      DEBUG main            d.u.i.k.p.i.AbstractProblemLoader Init config took 3.1s 
73725      INFO  main            d.u.i.k.p.i.AbstractProblemLoader Replaying proof ArrayList[ArrayList::enlarge()].JML normal_behavior operation contract.0 
73727      DEBUG main            d.u.i.k.p.i.IntermediateProofReplayer Proof replay took 5.6ns 
75956      INFO  main            d.u.i.k.p.r.p.TestFile    ... finished proof: closed. 
76182      INFO  main            d.u.i.k.p.i.AbstractProblemLoader Loading environment from /home/runner/work/key/key/key.core/../key.ui/examples/heap/list/ArrayList_enlarge.key.proof 
76183      DEBUG main            d.u.i.k.p.i.AbstractProblemLoader Environment load took 774.91ns 
76184      INFO  main            d.u.i.k.p.i.AbstractProblemLoader Creating init config 
77125      DEBUG main            d.u.i.k.j.r.ClassPreparationMethodBuilder clPrepBuilder: Inner Class detected. Reject building class initialisation methods. 
79243      DEBUG main            d.u.i.k.p.i.AbstractProblemLoader Init config took 3.06s 
79295      INFO  main            d.u.i.k.p.i.AbstractProblemLoader Replaying proof ArrayList[ArrayList::enlarge()].JML normal_behavior operation contract.0 
79684      DEBUG main            d.u.i.k.p.i.IntermediateProofReplayer Proof replay took 378.96ms 
79686      DEBUG main            d.u.i.k.p.r.p.TestFile    ... success: reloaded. 
79687      INFO  main            d.u.i.k.p.r.p.TestFile    Now processing file /home/runner/work/key/key/key.core/../key.ui/examples/heap/list/ArrayList_footprint.key 
79687      INFO  main            d.u.i.k.p.i.AbstractProblemLoader Loading environment from /home/runner/work/key/key/key.core/../key.ui/examples/heap/list/ArrayList_footprint.key 
79688      DEBUG main            d.u.i.k.p.i.AbstractProblemLoader Environment load took 223.5ns 
79689      INFO  main            d.u.i.k.p.i.AbstractProblemLoader Creating init config 
80699      DEBUG main            d.u.i.k.j.r.ClassPreparationMethodBuilder clPrepBuilder: Inner Class detected. Reject building class initialisation methods. 
82769      DEBUG main            d.u.i.k.p.i.AbstractProblemLoader Init config took 3.08s 
82812      INFO  main            d.u.i.k.p.i.AbstractProblemLoader Replaying proof List[List::$footprint()].JML accessible clause.0 
82814      DEBUG main            d.u.i.k.p.i.IntermediateProofReplayer Proof replay took 5.3ns 
82916      INFO  main            d.u.i.k.p.r.p.TestFile    ... finished proof: closed. 
83090      INFO  main            d.u.i.k.p.i.AbstractProblemLoader Loading environment from /home/runner/work/key/key/key.core/../key.ui/examples/heap/list/ArrayList_footprint.key.proof 
83090      DEBUG main            d.u.i.k.p.i.AbstractProblemLoader Environment load took 138.3ns 
83091      INFO  main            d.u.i.k.p.i.AbstractProblemLoader Creating init config 
84030      DEBUG main            d.u.i.k.j.r.ClassPreparationMethodBuilder clPrepBuilder: Inner Class detected. Reject building class initialisation methods. 
86060      DEBUG main            d.u.i.k.p.i.AbstractProblemLoader Init config took 2.97s 
86115      INFO  main            d.u.i.k.p.i.AbstractProblemLoader Replaying proof List[List::$footprint()].JML accessible clause.0 
86118      DEBUG main            d.u.i.k.p.i.IntermediateProofReplayer Proof replay took 1.2ms 
86119      DEBUG main            d.u.i.k.p.r.p.TestFile    ... success: reloaded. 
86120      INFO  main            d.u.i.k.p.r.p.TestFile    Now processing file /home/runner/work/key/key/key.core/../key.ui/examples/heap/list/ArrayList_get_dep.key 
86120      INFO  main            d.u.i.k.p.i.AbstractProblemLoader Loading environment from /home/runner/work/key/key/key.core/../key.ui/examples/heap/list/ArrayList_get_dep.key 
86121      DEBUG main            d.u.i.k.p.i.AbstractProblemLoader Environment load took 99ns 
86121      INFO  main            d.u.i.k.p.i.AbstractProblemLoader Creating init config 
87097      DEBUG main            d.u.i.k.j.r.ClassPreparationMethodBuilder clPrepBuilder: Inner Class detected. Reject building class initialisation methods. 
89172      DEBUG main            d.u.i.k.p.i.AbstractProblemLoader Init config took 3.05s 
89227      INFO  main            d.u.i.k.p.i.AbstractProblemLoader Replaying proof ArrayList[List::get(int)].JML accessible clause.0 
89232      DEBUG main            d.u.i.k.p.i.IntermediateProofReplayer Proof replay took 6.3ns 
89639      INFO  main            d.u.i.k.p.r.p.TestFile    ... finished proof: closed. 
89855      INFO  main            d.u.i.k.p.i.AbstractProblemLoader Loading environment from /home/runner/work/key/key/key.core/../key.ui/examples/heap/list/ArrayList_get_dep.key.proof 
89856      DEBUG main            d.u.i.k.p.i.AbstractProblemLoader Environment load took 654.61ns 
89857      INFO  main            d.u.i.k.p.i.AbstractProblemLoader Creating init config 
90792      DEBUG main            d.u.i.k.j.r.ClassPreparationMethodBuilder clPrepBuilder: Inner Class detected. Reject building class initialisation methods. 
92835      DEBUG main            d.u.i.k.p.i.AbstractProblemLoader Init config took 2.98s 
92887      INFO  main            d.u.i.k.p.i.AbstractProblemLoader Replaying proof ArrayList[List::get(int)].JML accessible clause.0 
92971      DEBUG main            d.u.i.k.p.i.IntermediateProofReplayer Proof replay took 77.86ms 
92972      DEBUG main            d.u.i.k.p.r.p.TestFile    ... success: reloaded. 
92976      INFO  main            d.u.i.k.p.r.p.TestFile    Now processing file /home/runner/work/key/key/key.core/../key.ui/examples/heap/list/ArrayList_get_exceptional.key 
92976      INFO  main            d.u.i.k.p.i.AbstractProblemLoader Loading environment from /home/runner/work/key/key/key.core/../key.ui/examples/heap/list/ArrayList_get_exceptional.key 
92978      DEBUG main            d.u.i.k.p.i.AbstractProblemLoader Environment load took 2.11ms 
92979      INFO  main            d.u.i.k.p.i.AbstractProblemLoader Creating init config 
93966      DEBUG main            d.u.i.k.j.r.ClassPreparationMethodBuilder clPrepBuilder: Inner Class detected. Reject building class initialisation methods. 
96031      DEBUG main            d.u.i.k.p.i.AbstractProblemLoader Init config took 3.05s 
96079      INFO  main            d.u.i.k.p.i.AbstractProblemLoader Replaying proof ArrayList[List::get(int)].JML exceptional_behavior operation contract.0 
96080      DEBUG main            d.u.i.k.p.i.IntermediateProofReplayer Proof replay took 6.5ns 
97286      INFO  main            d.u.i.k.p.r.p.TestFile    ... finished proof: closed. 
97528      INFO  main            d.u.i.k.p.i.AbstractProblemLoader Loading environment from /home/runner/work/key/key/key.core/../key.ui/examples/heap/list/ArrayList_get_exceptional.key.proof 
97529      DEBUG main            d.u.i.k.p.i.AbstractProblemLoader Environment load took 488.21ns 
97530      INFO  main            d.u.i.k.p.i.AbstractProblemLoader Creating init config 
98478      DEBUG main            d.u.i.k.j.r.ClassPreparationMethodBuilder clPrepBuilder: Inner Class detected. Reject building class initialisation methods. 
100538     DEBUG main            d.u.i.k.p.i.AbstractProblemLoader Init config took 3.01s 
100586     INFO  main            d.u.i.k.p.i.AbstractProblemLoader Replaying proof ArrayList[List::get(int)].JML exceptional_behavior operation contract.0 
100814     DEBUG main            d.u.i.k.p.i.IntermediateProofReplayer Proof replay took 220.39ms 
100816     DEBUG main            d.u.i.k.p.r.p.TestFile    ... success: reloaded. 
100817     INFO  main            d.u.i.k.p.r.p.TestFile    Now processing file /home/runner/work/key/key/key.core/../key.ui/examples/heap/list/ArrayList_get_normal.key 
100817     INFO  main            d.u.i.k.p.i.AbstractProblemLoader Loading environment from /home/runner/work/key/key/key.core/../key.ui/examples/heap/list/ArrayList_get_normal.key 
100818     DEBUG main            d.u.i.k.p.i.AbstractProblemLoader Environment load took 213.8ns 
100819     INFO  main            d.u.i.k.p.i.AbstractProblemLoader Creating init config 
101769     DEBUG main            d.u.i.k.j.r.ClassPreparationMethodBuilder clPrepBuilder: Inner Class detected. Reject building class initialisation methods. 
103818     DEBUG main            d.u.i.k.p.i.AbstractProblemLoader Init config took 3s 
103865     INFO  main            d.u.i.k.p.i.AbstractProblemLoader Replaying proof ArrayList[List::get(int)].JML normal_behavior operation contract.0 
103867     DEBUG main            d.u.i.k.p.i.IntermediateProofReplayer Proof replay took 6ns 
104370     INFO  main            d.u.i.k.p.r.p.TestFile    ... finished proof: closed. 
104568     INFO  main            d.u.i.k.p.i.AbstractProblemLoader Loading environment from /home/runner/work/key/key/key.core/../key.ui/examples/heap/list/ArrayList_get_normal.key.proof 
104568     DEBUG main            d.u.i.k.p.i.AbstractProblemLoader Environment load took 125.8ns 
104571     INFO  main            d.u.i.k.p.i.AbstractProblemLoader Creating init config 
105524     DEBUG main            d.u.i.k.j.r.ClassPreparationMethodBuilder clPrepBuilder: Inner Class detected. Reject building class initialisation methods. 
107590     DEBUG main            d.u.i.k.p.i.AbstractProblemLoader Init config took 3.02s 
107638     INFO  main            d.u.i.k.p.i.AbstractProblemLoader Replaying proof ArrayList[List::get(int)].JML normal_behavior operation contract.0 
107731     DEBUG main            d.u.i.k.p.i.IntermediateProofReplayer Proof replay took 89.77ms 
107733     DEBUG main            d.u.i.k.p.r.p.TestFile    ... success: reloaded. 
107734     INFO  main            d.u.i.k.p.r.p.TestFile    Now processing file /home/runner/work/key/key/key.core/../key.ui/examples/heap/list/ArrayList_inv.key 
107734     INFO  main            d.u.i.k.p.i.AbstractProblemLoader Loading environment from /home/runner/work/key/key/key.core/../key.ui/examples/heap/list/ArrayList_inv.key 
107734     DEBUG main            d.u.i.k.p.i.AbstractProblemLoader Environment load took 78.4ns 
107735     INFO  main            d.u.i.k.p.i.AbstractProblemLoader Creating init config 
108694     DEBUG main            d.u.i.k.j.r.ClassPreparationMethodBuilder clPrepBuilder: Inner Class detected. Reject building class initialisation methods. 
110720     DEBUG main            d.u.i.k.p.i.AbstractProblemLoader Init config took 2.98s 
110769     INFO  main            d.u.i.k.p.i.AbstractProblemLoader Replaying proof ArrayList[java.lang.Object::<inv>()].JML accessible clause.0 
110771     DEBUG main            d.u.i.k.p.i.IntermediateProofReplayer Proof replay took 5.7ns 
111174     INFO  main            d.u.i.k.p.r.p.TestFile    ... finished proof: closed. 
111400     INFO  main            d.u.i.k.p.i.AbstractProblemLoader Loading environment from /home/runner/work/key/key/key.core/../key.ui/examples/heap/list/ArrayList_inv.key.proof 
111400     DEBUG main            d.u.i.k.p.i.AbstractProblemLoader Environment load took 123.6ns 
111401     INFO  main            d.u.i.k.p.i.AbstractProblemLoader Creating init config 
112366     DEBUG main            d.u.i.k.j.r.ClassPreparationMethodBuilder clPrepBuilder: Inner Class detected. Reject building class initialisation methods. 
114405     DEBUG main            d.u.i.k.p.i.AbstractProblemLoader Init config took 3s 
114451     INFO  main            d.u.i.k.p.i.AbstractProblemLoader Replaying proof ArrayList[java.lang.Object::<inv>()].JML accessible clause.0 
114496     DEBUG main            d.u.i.k.p.i.IntermediateProofReplayer Proof replay took 40.9ms 
114501     DEBUG main            d.u.i.k.p.r.p.TestFile    ... success: reloaded. 
114503     INFO  main            d.u.i.k.p.r.p.TestFile    Now processing file /home/runner/work/key/key/key.core/../key.ui/examples/heap/list/ArrayList_iterator.key 
114503     INFO  main            d.u.i.k.p.i.AbstractProblemLoader Loading environment from /home/runner/work/key/key/key.core/../key.ui/examples/heap/list/ArrayList_iterator.key 
114503     DEBUG main            d.u.i.k.p.i.AbstractProblemLoader Environment load took 219.3ns 
114504     INFO  main            d.u.i.k.p.i.AbstractProblemLoader Creating init config 
115457     DEBUG main            d.u.i.k.j.r.ClassPreparationMethodBuilder clPrepBuilder: Inner Class detected. Reject building class initialisation methods. 
117481     DEBUG main            d.u.i.k.p.i.AbstractProblemLoader Init config took 2.98s 
117552     INFO  main            d.u.i.k.p.i.AbstractProblemLoader Replaying proof ArrayList[List::iterator()].JML normal_behavior operation contract.0 
117553     DEBUG main            d.u.i.k.p.i.IntermediateProofReplayer Proof replay took 6.2ns 
118056     INFO  main            d.u.i.k.p.r.p.TestFile    ... finished proof: closed. 
118291     INFO  main            d.u.i.k.p.i.AbstractProblemLoader Loading environment from /home/runner/work/key/key/key.core/../key.ui/examples/heap/list/ArrayList_iterator.key.proof 
118291     DEBUG main            d.u.i.k.p.i.AbstractProblemLoader Environment load took 126.6ns 
118292     INFO  main            d.u.i.k.p.i.AbstractProblemLoader Creating init config 
119263     DEBUG main            d.u.i.k.j.r.ClassPreparationMethodBuilder clPrepBuilder: Inner Class detected. Reject building class initialisation methods. 
121310     DEBUG main            d.u.i.k.p.i.AbstractProblemLoader Init config took 3.02s 
121368     INFO  main            d.u.i.k.p.i.AbstractProblemLoader Replaying proof ArrayList[List::iterator()].JML normal_behavior operation contract.0 
121450     DEBUG main            d.u.i.k.p.i.IntermediateProofReplayer Proof replay took 78.02ms 
121452     DEBUG main            d.u.i.k.p.r.p.TestFile    ... success: reloaded. 
121453     INFO  main            d.u.i.k.p.r.p.TestFile    Now processing file /home/runner/work/key/key/key.core/../key.ui/examples/heap/list/ArrayList_size_dep.key 
121453     INFO  main            d.u.i.k.p.i.AbstractProblemLoader Loading environment from /home/runner/work/key/key/key.core/../key.ui/examples/heap/list/ArrayList_size_dep.key 
121453     DEBUG main            d.u.i.k.p.i.AbstractProblemLoader Environment load took 62.9ns 
121454     INFO  main            d.u.i.k.p.i.AbstractProblemLoader Creating init config 
122416     DEBUG main            d.u.i.k.j.r.ClassPreparationMethodBuilder clPrepBuilder: Inner Class detected. Reject building class initialisation methods. 
124437     DEBUG main            d.u.i.k.p.i.AbstractProblemLoader Init config took 2.98s 
124486     INFO  main            d.u.i.k.p.i.AbstractProblemLoader Replaying proof ArrayList[List::size()].JML accessible clause.0 
124488     DEBUG main            d.u.i.k.p.i.IntermediateProofReplayer Proof replay took 5.5ns 
124691     INFO  main            d.u.i.k.p.r.p.TestFile    ... finished proof: closed. 
124913     INFO  main            d.u.i.k.p.i.AbstractProblemLoader Loading environment from /home/runner/work/key/key/key.core/../key.ui/examples/heap/list/ArrayList_size_dep.key.proof 
124913     DEBUG main            d.u.i.k.p.i.AbstractProblemLoader Environment load took 123.3ns 
124914     INFO  main            d.u.i.k.p.i.AbstractProblemLoader Creating init config 
125848     DEBUG main            d.u.i.k.j.r.ClassPreparationMethodBuilder clPrepBuilder: Inner Class detected. Reject building class initialisation methods. 
127881     DEBUG main            d.u.i.k.p.i.AbstractProblemLoader Init config took 2.97s 
127927     INFO  main            d.u.i.k.p.i.AbstractProblemLoader Replaying proof ArrayList[List::size()].JML accessible clause.0 
127954     DEBUG main            d.u.i.k.p.i.IntermediateProofReplayer Proof replay took 24.02ms 
127955     DEBUG main            d.u.i.k.p.r.p.TestFile    ... success: reloaded. 
127956     INFO  main            d.u.i.k.p.r.p.TestFile    Now processing file /home/runner/work/key/key/key.core/../key.ui/examples/heap/list/ArrayList_size.key 
127957     INFO  main            d.u.i.k.p.i.AbstractProblemLoader Loading environment from /home/runner/work/key/key/key.core/../key.ui/examples/heap/list/ArrayList_size.key 
127957     DEBUG main            d.u.i.k.p.i.AbstractProblemLoader Environment load took 231.1ns 
127958     INFO  main            d.u.i.k.p.i.AbstractProblemLoader Creating init config 
128909     DEBUG main            d.u.i.k.j.r.ClassPreparationMethodBuilder clPrepBuilder: Inner Class detected. Reject building class initialisation methods. 
130921     DEBUG main            d.u.i.k.p.i.AbstractProblemLoader Init config took 2.96s 
130967     INFO  main            d.u.i.k.p.i.AbstractProblemLoader Replaying proof ArrayList[List::size()].JML normal_behavior operation contract.0 
130968     DEBUG main            d.u.i.k.p.i.IntermediateProofReplayer Proof replay took 6ns 
131170     INFO  main            d.u.i.k.p.r.p.TestFile    ... finished proof: closed. 
131399     INFO  main            d.u.i.k.p.i.AbstractProblemLoader Loading environment from /home/runner/work/key/key/key.core/../key.ui/examples/heap/list/ArrayList_size.key.proof 
131399     DEBUG main            d.u.i.k.p.i.AbstractProblemLoader Environment load took 123.7ns 
131400     INFO  main            d.u.i.k.p.i.AbstractProblemLoader Creating init config 
132327     DEBUG main            d.u.i.k.j.r.ClassPreparationMethodBuilder clPrepBuilder: Inner Class detected. Reject building class initialisation methods. 
134358     DEBUG main            d.u.i.k.p.i.AbstractProblemLoader Init config took 2.96s 
134404     INFO  main            d.u.i.k.p.i.AbstractProblemLoader Replaying proof ArrayList[List::size()].JML normal_behavior operation contract.0 
134440     DEBUG main            d.u.i.k.p.i.IntermediateProofReplayer Proof replay took 33.66ms 
134441     DEBUG main            d.u.i.k.p.r.p.TestFile    ... success: reloaded. 
134442     INFO  main            d.u.i.k.p.r.p.TestFile    Now processing file /home/runner/work/key/key/key.core/../key.ui/examples/heap/list/ArrayList.ArrayListIterator_ArrayListIterator.key 
134442     INFO  main            d.u.i.k.p.i.AbstractProblemLoader Loading environment from /home/runner/work/key/key/key.core/../key.ui/examples/heap/list/ArrayList.ArrayListIterator_ArrayListIterator.key 
134443     DEBUG main            d.u.i.k.p.i.AbstractProblemLoader Environment load took 91.8ns 
134443     INFO  main            d.u.i.k.p.i.AbstractProblemLoader Creating init config 
135392     DEBUG main            d.u.i.k.j.r.ClassPreparationMethodBuilder clPrepBuilder: Inner Class detected. Reject building class initialisation methods. 
137414     DEBUG main            d.u.i.k.p.i.AbstractProblemLoader Init config took 2.97s 
137474     INFO  main            d.u.i.k.p.i.AbstractProblemLoader Replaying proof ArrayList.ArrayListIterator[ArrayList.ArrayListIterator::ArrayListIterator(ArrayList)].JML normal_behavior operation contract.0 
137476     DEBUG main            d.u.i.k.p.i.IntermediateProofReplayer Proof replay took 6.1ns 
138079     INFO  main            d.u.i.k.p.r.p.TestFile    ... finished proof: closed. 
138346     INFO  main            d.u.i.k.p.i.AbstractProblemLoader Loading environment from /home/runner/work/key/key/key.core/../key.ui/examples/heap/list/ArrayList.ArrayListIterator_ArrayListIterator.key.proof 
138346     DEBUG main            d.u.i.k.p.i.AbstractProblemLoader Environment load took 542.8ns 
138347     INFO  main            d.u.i.k.p.i.AbstractProblemLoader Creating init config 
139277     DEBUG main            d.u.i.k.j.r.ClassPreparationMethodBuilder clPrepBuilder: Inner Class detected. Reject building class initialisation methods. 
141289     DEBUG main            d.u.i.k.p.i.AbstractProblemLoader Init config took 2.94s 
141345     INFO  main            d.u.i.k.p.i.AbstractProblemLoader Replaying proof ArrayList.ArrayListIterator[ArrayList.ArrayListIterator::ArrayListIterator(ArrayList)].JML normal_behavior operation contract.0 
141450     DEBUG main            d.u.i.k.p.i.IntermediateProofReplayer Proof replay took 99.69ms 
141451     DEBUG main            d.u.i.k.p.r.p.TestFile    ... success: reloaded. 
141452     INFO  main            d.u.i.k.p.r.p.TestFile    Now processing file /home/runner/work/key/key/key.core/../key.ui/examples/heap/list/ArrayList.ArrayListIterator_hasNext_dep.key 
141452     INFO  main            d.u.i.k.p.i.AbstractProblemLoader Loading environment from /home/runner/work/key/key/key.core/../key.ui/examples/heap/list/ArrayList.ArrayListIterator_hasNext_dep.key 
141452     DEBUG main            d.u.i.k.p.i.AbstractProblemLoader Environment load took 59.4ns 
141453     INFO  main            d.u.i.k.p.i.AbstractProblemLoader Creating init config 
142420     DEBUG main            d.u.i.k.j.r.ClassPreparationMethodBuilder clPrepBuilder: Inner Class detected. Reject building class initialisation methods. 
144463     DEBUG main            d.u.i.k.p.i.AbstractProblemLoader Init config took 3.01s 
144535     INFO  main            d.u.i.k.p.i.AbstractProblemLoader Replaying proof ArrayList.ArrayListIterator[ListIterator::hasNext()].JML accessible clause.0 
144537     DEBUG main            d.u.i.k.p.i.IntermediateProofReplayer Proof replay took 6.6ns 
144840     INFO  main            d.u.i.k.p.r.p.TestFile    ... finished proof: closed. 
145083     INFO  main            d.u.i.k.p.i.AbstractProblemLoader Loading environment from /home/runner/work/key/key/key.core/../key.ui/examples/heap/list/ArrayList.ArrayListIterator_hasNext_dep.key.proof 
145083     DEBUG main            d.u.i.k.p.i.AbstractProblemLoader Environment load took 135.9ns 
145084     INFO  main            d.u.i.k.p.i.AbstractProblemLoader Creating init config 
146027     DEBUG main            d.u.i.k.j.r.ClassPreparationMethodBuilder clPrepBuilder: Inner Class detected. Reject building class initialisation methods. 
148010     DEBUG main            d.u.i.k.p.i.AbstractProblemLoader Init config took 2.93s 
148062     INFO  main            d.u.i.k.p.i.AbstractProblemLoader Replaying proof ArrayList.ArrayListIterator[ListIterator::hasNext()].JML accessible clause.0 
148116     DEBUG main            d.u.i.k.p.i.IntermediateProofReplayer Proof replay took 51.38ms 
148118     DEBUG main            d.u.i.k.p.r.p.TestFile    ... success: reloaded. 
148119     INFO  main            d.u.i.k.p.r.p.TestFile    Now processing file /home/runner/work/key/key/key.core/../key.ui/examples/heap/list/ArrayList.ArrayListIterator_hasNext.key 
148119     INFO  main            d.u.i.k.p.i.AbstractProblemLoader Loading environment from /home/runner/work/key/key/key.core/../key.ui/examples/heap/list/ArrayList.ArrayListIterator_hasNext.key 
148119     DEBUG main            d.u.i.k.p.i.AbstractProblemLoader Environment load took 96.1ns 
148120     INFO  main            d.u.i.k.p.i.AbstractProblemLoader Creating init config 
149069     DEBUG main            d.u.i.k.j.r.ClassPreparationMethodBuilder clPrepBuilder: Inner Class detected. Reject building class initialisation methods. 
151113     DEBUG main            d.u.i.k.p.i.AbstractProblemLoader Init config took 2.99s 
151166     INFO  main            d.u.i.k.p.i.AbstractProblemLoader Replaying proof ArrayList.ArrayListIterator[ListIterator::hasNext()].JML normal_behavior operation contract.0 
151168     DEBUG main            d.u.i.k.p.i.IntermediateProofReplayer Proof replay took 5.8ns 
151571     INFO  main            d.u.i.k.p.r.p.TestFile    ... finished proof: closed. 
151823     INFO  main            d.u.i.k.p.i.AbstractProblemLoader Loading environment from /home/runner/work/key/key/key.core/../key.ui/examples/heap/list/ArrayList.ArrayListIterator_hasNext.key.proof 
151823     DEBUG main            d.u.i.k.p.i.AbstractProblemLoader Environment load took 106.8ns 
151824     INFO  main            d.u.i.k.p.i.AbstractProblemLoader Creating init config 
152761     DEBUG main            d.u.i.k.j.r.ClassPreparationMethodBuilder clPrepBuilder: Inner Class detected. Reject building class initialisation methods. 
154766     DEBUG main            d.u.i.k.p.i.AbstractProblemLoader Init config took 2.94s 
154819     INFO  main            d.u.i.k.p.i.AbstractProblemLoader Replaying proof ArrayList.ArrayListIterator[ListIterator::hasNext()].JML normal_behavior operation contract.0 
154892     DEBUG main            d.u.i.k.p.i.IntermediateProofReplayer Proof replay took 68.06ms 
154894     DEBUG main            d.u.i.k.p.r.p.TestFile    ... success: reloaded. 
154895     INFO  main            d.u.i.k.p.r.p.TestFile    Now processing file /home/runner/work/key/key/key.core/../key.ui/examples/heap/list/ArrayList.ArrayListIterator_inv.key 
154896     INFO  main            d.u.i.k.p.i.AbstractProblemLoader Loading environment from /home/runner/work/key/key/key.core/../key.ui/examples/heap/list/ArrayList.ArrayListIterator_inv.key 
154896     DEBUG main            d.u.i.k.p.i.AbstractProblemLoader Environment load took 99ns 
154897     INFO  main            d.u.i.k.p.i.AbstractProblemLoader Creating init config 
155858     DEBUG main            d.u.i.k.j.r.ClassPreparationMethodBuilder clPrepBuilder: Inner Class detected. Reject building class initialisation methods. 
157929     DEBUG main            d.u.i.k.p.i.AbstractProblemLoader Init config took 3.03s 
157984     INFO  main            d.u.i.k.p.i.AbstractProblemLoader Replaying proof ArrayList.ArrayListIterator[java.lang.Object::<inv>()].JML accessible clause.0 
157985     DEBUG main            d.u.i.k.p.i.IntermediateProofReplayer Proof replay took 6.1ns 
158889     INFO  main            d.u.i.k.p.r.p.TestFile    ... finished proof: closed. 
159136     INFO  main            d.u.i.k.p.i.AbstractProblemLoader Loading environment from /home/runner/work/key/key/key.core/../key.ui/examples/heap/list/ArrayList.ArrayListIterator_inv.key.proof 
159136     DEBUG main            d.u.i.k.p.i.AbstractProblemLoader Environment load took 130.6ns 
159137     INFO  main            d.u.i.k.p.i.AbstractProblemLoader Creating init config 
160090     DEBUG main            d.u.i.k.j.r.ClassPreparationMethodBuilder clPrepBuilder: Inner Class detected. Reject building class initialisation methods. 
162079     DEBUG main            d.u.i.k.p.i.AbstractProblemLoader Init config took 2.94s 
162131     INFO  main            d.u.i.k.p.i.AbstractProblemLoader Replaying proof ArrayList.ArrayListIterator[java.lang.Object::<inv>()].JML accessible clause.0 
162227     DEBUG main            d.u.i.k.p.i.IntermediateProofReplayer Proof replay took 89.05ms 
162228     DEBUG main            d.u.i.k.p.r.p.TestFile    ... success: reloaded. 
162229     INFO  main            d.u.i.k.p.r.p.TestFile    Now processing file /home/runner/work/key/key/key.core/../key.ui/examples/heap/list/ArrayList.ArrayListIterator_list.key 
162229     INFO  main            d.u.i.k.p.i.AbstractProblemLoader Loading environment from /home/runner/work/key/key/key.core/../key.ui/examples/heap/list/ArrayList.ArrayListIterator_list.key 
162229     DEBUG main            d.u.i.k.p.i.AbstractProblemLoader Environment load took 87.3ns 
162232     INFO  main            d.u.i.k.p.i.AbstractProblemLoader Creating init config 
163203     DEBUG main            d.u.i.k.j.r.ClassPreparationMethodBuilder clPrepBuilder: Inner Class detected. Reject building class initialisation methods. 
165223     DEBUG main            d.u.i.k.p.i.AbstractProblemLoader Init config took 2.99s 
165264     INFO  main            d.u.i.k.p.i.AbstractProblemLoader Replaying proof ListIterator[ListIterator::$list()].JML accessible clause.0 
165265     DEBUG main            d.u.i.k.p.i.IntermediateProofReplayer Proof replay took 6.2ns 
165367     INFO  main            d.u.i.k.p.r.p.TestFile    ... finished proof: closed. 
165621     INFO  main            d.u.i.k.p.i.AbstractProblemLoader Loading environment from /home/runner/work/key/key/key.core/../key.ui/examples/heap/list/ArrayList.ArrayListIterator_list.key.proof 
165621     DEBUG main            d.u.i.k.p.i.AbstractProblemLoader Environment load took 107.8ns 
165622     INFO  main            d.u.i.k.p.i.AbstractProblemLoader Creating init config 
166551     DEBUG main            d.u.i.k.j.r.ClassPreparationMethodBuilder clPrepBuilder: Inner Class detected. Reject building class initialisation methods. 
168530     DEBUG main            d.u.i.k.p.i.AbstractProblemLoader Init config took 2.91s 
168570     INFO  main            d.u.i.k.p.i.AbstractProblemLoader Replaying proof ListIterator[ListIterator::$list()].JML accessible clause.0 
168572     DEBUG main            d.u.i.k.p.i.IntermediateProofReplayer Proof replay took 1.02ms 
168573     DEBUG main            d.u.i.k.p.r.p.TestFile    ... success: reloaded. 
168574     INFO  main            d.u.i.k.p.r.p.TestFile    Now processing file /home/runner/work/key/key/key.core/../key.ui/examples/heap/list/ArrayList.ArrayListIterator_next_exceptional.key 
168574     INFO  main            d.u.i.k.p.i.AbstractProblemLoader Loading environment from /home/runner/work/key/key/key.core/../key.ui/examples/heap/list/ArrayList.ArrayListIterator_next_exceptional.key 
168574     DEBUG main            d.u.i.k.p.i.AbstractProblemLoader Environment load took 77.5ns 
168575     INFO  main            d.u.i.k.p.i.AbstractProblemLoader Creating init config 
169579     DEBUG main            d.u.i.k.j.r.ClassPreparationMethodBuilder clPrepBuilder: Inner Class detected. Reject building class initialisation methods. 
171594     DEBUG main            d.u.i.k.p.i.AbstractProblemLoader Init config took 3.02s 
171645     INFO  main            d.u.i.k.p.i.AbstractProblemLoader Replaying proof ArrayList.ArrayListIterator[ListIterator::next()].JML exceptional_behavior operation contract.0 
171647     DEBUG main            d.u.i.k.p.i.IntermediateProofReplayer Proof replay took 5.5ns 
172455     INFO  main            d.u.i.k.p.r.p.TestFile    ... finished proof: closed. 
172746     INFO  main            d.u.i.k.p.i.AbstractProblemLoader Loading environment from /home/runner/work/key/key/key.core/../key.ui/examples/heap/list/ArrayList.ArrayListIterator_next_exceptional.key.proof 
172747     DEBUG main            d.u.i.k.p.i.AbstractProblemLoader Environment load took 467.1ns 
172748     INFO  main            d.u.i.k.p.i.AbstractProblemLoader Creating init config 
173675     DEBUG main            d.u.i.k.j.r.ClassPreparationMethodBuilder clPrepBuilder: Inner Class detected. Reject building class initialisation methods. 
175635     DEBUG main            d.u.i.k.p.i.AbstractProblemLoader Init config took 2.89s 
175687     INFO  main            d.u.i.k.p.i.AbstractProblemLoader Replaying proof ArrayList.ArrayListIterator[ListIterator::next()].JML exceptional_behavior operation contract.0 
175842     DEBUG main            d.u.i.k.p.i.IntermediateProofReplayer Proof replay took 150.67ms 
175844     DEBUG main            d.u.i.k.p.r.p.TestFile    ... success: reloaded. 
175845     INFO  main            d.u.i.k.p.r.p.TestFile    Now processing file /home/runner/work/key/key/key.core/../key.ui/examples/heap/list/ArrayList.ArrayListIterator_next_normal.key 
175845     INFO  main            d.u.i.k.p.i.AbstractProblemLoader Loading environment from /home/runner/work/key/key/key.core/../key.ui/examples/heap/list/ArrayList.ArrayListIterator_next_normal.key 
175845     DEBUG main            d.u.i.k.p.i.AbstractProblemLoader Environment load took 78.8ns 
175846     INFO  main            d.u.i.k.p.i.AbstractProblemLoader Creating init config 
176792     DEBUG main            d.u.i.k.j.r.ClassPreparationMethodBuilder clPrepBuilder: Inner Class detected. Reject building class initialisation methods. 
178842     DEBUG main            d.u.i.k.p.i.AbstractProblemLoader Init config took 3s 
178895     INFO  main            d.u.i.k.p.i.AbstractProblemLoader Replaying proof ArrayList.ArrayListIterator[ListIterator::next()].JML normal_behavior operation contract.0 
178897     DEBUG main            d.u.i.k.p.i.IntermediateProofReplayer Proof replay took 5.3ns 
179803     INFO  main            d.u.i.k.p.r.p.TestFile    ... finished proof: closed. 
180080     INFO  main            d.u.i.k.p.i.AbstractProblemLoader Loading environment from /home/runner/work/key/key/key.core/../key.ui/examples/heap/list/ArrayList.ArrayListIterator_next_normal.key.proof 
180081     DEBUG main            d.u.i.k.p.i.AbstractProblemLoader Environment load took 117.8ns 
180082     INFO  main            d.u.i.k.p.i.AbstractProblemLoader Creating init config 
181017     DEBUG main            d.u.i.k.j.r.ClassPreparationMethodBuilder clPrepBuilder: Inner Class detected. Reject building class initialisation methods. 
182991     DEBUG main            d.u.i.k.p.i.AbstractProblemLoader Init config took 2.91s 
183055     INFO  main            d.u.i.k.p.i.AbstractProblemLoader Replaying proof ArrayList.ArrayListIterator[ListIterator::next()].JML normal_behavior operation contract.0 
183232     DEBUG main            d.u.i.k.p.i.IntermediateProofReplayer Proof replay took 171.75ms 
183233     DEBUG main            d.u.i.k.p.r.p.TestFile    ... success: reloaded. 
183234     INFO  main            d.u.i.k.p.r.p.TestFile    Now processing file /home/runner/work/key/key/key.core/../key.ui/examples/heap/list/ArrayList.ArrayListIterator_pos.key 
183235     INFO  main            d.u.i.k.p.i.AbstractProblemLoader Loading environment from /home/runner/work/key/key/key.core/../key.ui/examples/heap/list/ArrayList.ArrayListIterator_pos.key 
183235     DEBUG main            d.u.i.k.p.i.AbstractProblemLoader Environment load took 218.4ns 
183236     INFO  main            d.u.i.k.p.i.AbstractProblemLoader Creating init config 
184179     DEBUG main            d.u.i.k.j.r.ClassPreparationMethodBuilder clPrepBuilder: Inner Class detected. Reject building class initialisation methods. 
186225     DEBUG main            d.u.i.k.p.i.AbstractProblemLoader Init config took 2.99s 
186264     INFO  main            d.u.i.k.p.i.AbstractProblemLoader Replaying proof ListIterator[ListIterator::$pos()].JML accessible clause.0 
186266     DEBUG main            d.u.i.k.p.i.IntermediateProofReplayer Proof replay took 6.1ns 
186371     INFO  main            d.u.i.k.p.r.p.TestFile    ... finished proof: closed. 
186636     INFO  main            d.u.i.k.p.i.AbstractProblemLoader Loading environment from /home/runner/work/key/key/key.core/../key.ui/examples/heap/list/ArrayList.ArrayListIterator_pos.key.proof 
186636     DEBUG main            d.u.i.k.p.i.AbstractProblemLoader Environment load took 110.3ns 
186637     INFO  main            d.u.i.k.p.i.AbstractProblemLoader Creating init config 
187571     DEBUG main            d.u.i.k.j.r.ClassPreparationMethodBuilder clPrepBuilder: Inner Class detected. Reject building class initialisation methods. 
189534     DEBUG main            d.u.i.k.p.i.AbstractProblemLoader Init config took 2.9s 
189573     INFO  main            d.u.i.k.p.i.AbstractProblemLoader Replaying proof ListIterator[ListIterator::$pos()].JML accessible clause.0 
189575     DEBUG main            d.u.i.k.p.i.IntermediateProofReplayer Proof replay took 949.01ns 
189576     DEBUG main            d.u.i.k.p.r.p.TestFile    ... success: reloaded. 
189577     INFO  main            d.u.i.k.p.r.p.TestFile    Now processing file /home/runner/work/key/key/key.core/../key.ui/examples/heap/list/Client_m.key 
189577     INFO  main            d.u.i.k.p.i.AbstractProblemLoader Loading environment from /home/runner/work/key/key/key.core/../key.ui/examples/heap/list/Client_m.key 
189577     DEBUG main            d.u.i.k.p.i.AbstractProblemLoader Environment load took 100.6ns 
189578     INFO  main            d.u.i.k.p.i.AbstractProblemLoader Creating init config 
190561     DEBUG main            d.u.i.k.j.r.ClassPreparationMethodBuilder clPrepBuilder: Inner Class detected. Reject building class initialisation methods. 
192550     DEBUG main            d.u.i.k.p.i.AbstractProblemLoader Init config took 2.97s 
192590     INFO  main            d.u.i.k.p.i.AbstractProblemLoader Replaying proof Client[Client::m(List)].JML normal_behavior operation contract.0 
192591     DEBUG main            d.u.i.k.p.i.IntermediateProofReplayer Proof replay took 6.1ns 
192899     INFO  main            d.u.i.k.p.r.p.TestFile    ... finished proof: closed. 
193175     INFO  main            d.u.i.k.p.i.AbstractProblemLoader Loading environment from /home/runner/work/key/key/key.core/../key.ui/examples/heap/list/Client_m.key.proof 
193175     DEBUG main            d.u.i.k.p.i.AbstractProblemLoader Environment load took 112.2ns 
193176     INFO  main            d.u.i.k.p.i.AbstractProblemLoader Creating init config 
194111     DEBUG main            d.u.i.k.j.r.ClassPreparationMethodBuilder clPrepBuilder: Inner Class detected. Reject building class initialisation methods. 
196083     DEBUG main            d.u.i.k.p.i.AbstractProblemLoader Init config took 2.91s 
196122     INFO  main            d.u.i.k.p.i.AbstractProblemLoader Replaying proof Client[Client::m(List)].JML normal_behavior operation contract.0 
196184     DEBUG main            d.u.i.k.p.i.IntermediateProofReplayer Proof replay took 58.75ms 
196185     DEBUG main            d.u.i.k.p.r.p.TestFile    ... success: reloaded. 
196186     INFO  main            d.u.i.k.p.r.p.TestFile    Now processing file /home/runner/work/key/key/key.core/../key.ui/examples/heap/list/Client_n.key 
196186     INFO  main            d.u.i.k.p.i.AbstractProblemLoader Loading environment from /home/runner/work/key/key/key.core/../key.ui/examples/heap/list/Client_n.key 
196186     DEBUG main            d.u.i.k.p.i.AbstractProblemLoader Environment load took 80.3ns 
196187     INFO  main            d.u.i.k.p.i.AbstractProblemLoader Creating init config 
197140     DEBUG main            d.u.i.k.j.r.ClassPreparationMethodBuilder clPrepBuilder: Inner Class detected. Reject building class initialisation methods. 
199144     DEBUG main            d.u.i.k.p.i.AbstractProblemLoader Init config took 2.96s 
199183     INFO  main            d.u.i.k.p.i.AbstractProblemLoader Replaying proof Client[Client::n(List)].JML normal_behavior operation contract.0 
199185     DEBUG main            d.u.i.k.p.i.IntermediateProofReplayer Proof replay took 6.3ns 
199286     INFO  main            d.u.i.k.p.r.p.TestFile    ... finished proof: closed. 
199685     INFO  main            d.u.i.k.p.i.AbstractProblemLoader Loading environment from /home/runner/work/key/key/key.core/../key.ui/examples/heap/list/Client_n.key.proof 
199685     DEBUG main            d.u.i.k.p.i.AbstractProblemLoader Environment load took 100.2ns 
199686     INFO  main            d.u.i.k.p.i.AbstractProblemLoader Creating init config 
200641     DEBUG main            d.u.i.k.j.r.ClassPreparationMethodBuilder clPrepBuilder: Inner Class detected. Reject building class initialisation methods. 
202608     DEBUG main            d.u.i.k.p.i.AbstractProblemLoader Init config took 2.92s 
202648     INFO  main            d.u.i.k.p.i.AbstractProblemLoader Replaying proof Client[Client::n(List)].JML normal_behavior operation contract.0 
202667     DEBUG main            d.u.i.k.p.i.IntermediateProofReplayer Proof replay took 17.26ms 
202668     DEBUG main            d.u.i.k.p.r.p.TestFile    ... success: reloaded. 
202669     INFO  main            d.u.i.k.p.r.p.TestFile    Now processing file /home/runner/work/key/key/key.core/../key.ui/examples/heap/list/LinkedList_get_exceptional.key 
202669     INFO  main            d.u.i.k.p.i.AbstractProblemLoader Loading environment from /home/runner/work/key/key/key.core/../key.ui/examples/heap/list/LinkedList_get_exceptional.key 
202669     DEBUG main            d.u.i.k.p.i.AbstractProblemLoader Environment load took 69.4ns 
202669     INFO  main            d.u.i.k.p.i.AbstractProblemLoader Creating init config 
203608     DEBUG main            d.u.i.k.j.r.ClassPreparationMethodBuilder clPrepBuilder: Inner Class detected. Reject building class initialisation methods. 
205618     DEBUG main            d.u.i.k.p.i.AbstractProblemLoader Init config took 2.95s 
205662     INFO  main            d.u.i.k.p.i.AbstractProblemLoader Replaying proof LinkedList[List::get(int)].JML exceptional_behavior operation contract.0 
205664     DEBUG main            d.u.i.k.p.i.IntermediateProofReplayer Proof replay took 5.5ns 
207703     INFO  main            d.u.i.k.p.r.p.TestFile    ... finished proof: closed. 
208016     INFO  main            d.u.i.k.p.i.AbstractProblemLoader Loading environment from /home/runner/work/key/key/key.core/../key.ui/examples/heap/list/LinkedList_get_exceptional.key.proof 
208017     DEBUG main            d.u.i.k.p.i.AbstractProblemLoader Environment load took 465.5ns 
208018     INFO  main            d.u.i.k.p.i.AbstractProblemLoader Creating init config 
208946     DEBUG main            d.u.i.k.j.r.ClassPreparationMethodBuilder clPrepBuilder: Inner Class detected. Reject building class initialisation methods. 
210908     DEBUG main            d.u.i.k.p.i.AbstractProblemLoader Init config took 2.89s 
210952     INFO  main            d.u.i.k.p.i.AbstractProblemLoader Replaying proof LinkedList[List::get(int)].JML exceptional_behavior operation contract.0 
211244     DEBUG main            d.u.i.k.p.i.IntermediateProofReplayer Proof replay took 283.09ms 
211245     DEBUG main            d.u.i.k.p.r.p.TestFile    ... success: reloaded. 
211246     INFO  main            d.u.i.k.p.r.p.TestFile    Now processing file /home/runner/work/key/key/key.core/../key.ui/examples/heap/list/LinkedList_get_normal.key 
211246     INFO  main            d.u.i.k.p.i.AbstractProblemLoader Loading environment from /home/runner/work/key/key/key.core/../key.ui/examples/heap/list/LinkedList_get_normal.key 
211246     DEBUG main            d.u.i.k.p.i.AbstractProblemLoader Environment load took 88.1ns 
211247     INFO  main            d.u.i.k.p.i.AbstractProblemLoader Creating init config 
212186     DEBUG main            d.u.i.k.j.r.ClassPreparationMethodBuilder clPrepBuilder: Inner Class detected. Reject building class initialisation methods. 
214234     DEBUG main            d.u.i.k.p.i.AbstractProblemLoader Init config took 2.99s 
214279     INFO  main            d.u.i.k.p.i.AbstractProblemLoader Replaying proof LinkedList[List::get(int)].JML normal_behavior operation contract.0 
214280     DEBUG main            d.u.i.k.p.i.IntermediateProofReplayer Proof replay took 5.9ns 
219164     INFO  main            d.u.i.k.p.r.p.TestFile    ... finished proof: closed. 
219550     INFO  main            d.u.i.k.p.i.AbstractProblemLoader Loading environment from /home/runner/work/key/key/key.core/../key.ui/examples/heap/list/LinkedList_get_normal.key.proof 
219550     DEBUG main            d.u.i.k.p.i.AbstractProblemLoader Environment load took 115.1ns 
219552     INFO  main            d.u.i.k.p.i.AbstractProblemLoader Creating init config 
220478     DEBUG main            d.u.i.k.j.r.ClassPreparationMethodBuilder clPrepBuilder: Inner Class detected. Reject building class initialisation methods. 
222434     DEBUG main            d.u.i.k.p.i.AbstractProblemLoader Init config took 2.88s 
222479     INFO  main            d.u.i.k.p.i.AbstractProblemLoader Replaying proof LinkedList[List::get(int)].JML normal_behavior operation contract.0 
222929     DEBUG main            d.u.i.k.p.i.IntermediateProofReplayer Proof replay took 426.33ms 
222931     DEBUG main            d.u.i.k.p.r.p.TestFile    ... success: reloaded. 
222937     INFO  main            d.u.i.k.p.r.p.TestFile    Now processing file /home/runner/work/key/key/key.core/../key.ui/examples/heap/list/LinkedList_LinkedList.key 
222938     INFO  main            d.u.i.k.p.i.AbstractProblemLoader Loading environment from /home/runner/work/key/key/key.core/../key.ui/examples/heap/list/LinkedList_LinkedList.key 
222938     DEBUG main            d.u.i.k.p.i.AbstractProblemLoader Environment load took 277.1ns 
222939     INFO  main            d.u.i.k.p.i.AbstractProblemLoader Creating init config 
223901     DEBUG main            d.u.i.k.j.r.ClassPreparationMethodBuilder clPrepBuilder: Inner Class detected. Reject building class initialisation methods. 
225902     DEBUG main            d.u.i.k.p.i.AbstractProblemLoader Init config took 2.96s 
225946     INFO  main            d.u.i.k.p.i.AbstractProblemLoader Replaying proof LinkedList[LinkedList::LinkedList()].JML normal_behavior operation contract.0 
225948     DEBUG main            d.u.i.k.p.i.IntermediateProofReplayer Proof replay took 6ns 
226452     INFO  main            d.u.i.k.p.r.p.TestFile    ... finished proof: closed. 
226783     INFO  main            d.u.i.k.p.i.AbstractProblemLoader Loading environment from /home/runner/work/key/key/key.core/../key.ui/examples/heap/list/LinkedList_LinkedList.key.proof 
226783     DEBUG main            d.u.i.k.p.i.AbstractProblemLoader Environment load took 109.4ns 
226784     INFO  main            d.u.i.k.p.i.AbstractProblemLoader Creating init config 
227697     DEBUG main            d.u.i.k.j.r.ClassPreparationMethodBuilder clPrepBuilder: Inner Class detected. Reject building class initialisation methods. 
229661     DEBUG main            d.u.i.k.p.i.AbstractProblemLoader Init config took 2.88s 
229706     INFO  main            d.u.i.k.p.i.AbstractProblemLoader Replaying proof LinkedList[LinkedList::LinkedList()].JML normal_behavior operation contract.0 
229803     DEBUG main            d.u.i.k.p.i.IntermediateProofReplayer Proof replay took 93.32ms 
229804     DEBUG main            d.u.i.k.p.r.p.TestFile    ... success: reloaded. 
229805     INFO  main            d.u.i.k.p.r.p.TestFile    Now processing file /home/runner/work/key/key/key.core/../key.ui/examples/heap/list/LinkedList_size_dep.key 
229805     INFO  main            d.u.i.k.p.i.AbstractProblemLoader Loading environment from /home/runner/work/key/key/key.core/../key.ui/examples/heap/list/LinkedList_size_dep.key 
229805     DEBUG main            d.u.i.k.p.i.AbstractProblemLoader Environment load took 86.6ns 
229806     INFO  main            d.u.i.k.p.i.AbstractProblemLoader Creating init config 
230742     DEBUG main            d.u.i.k.j.r.ClassPreparationMethodBuilder clPrepBuilder: Inner Class detected. Reject building class initialisation methods. 
232747     DEBUG main            d.u.i.k.p.i.AbstractProblemLoader Init config took 2.94s 
232792     INFO  main            d.u.i.k.p.i.AbstractProblemLoader Replaying proof LinkedList[List::size()].JML accessible clause.0 
232793     DEBUG main            d.u.i.k.p.i.IntermediateProofReplayer Proof replay took 6.2ns 
233296     INFO  main            d.u.i.k.p.r.p.TestFile    ... finished proof: closed. 
233595     INFO  main            d.u.i.k.p.i.AbstractProblemLoader Loading environment from /home/runner/work/key/key/key.core/../key.ui/examples/heap/list/LinkedList_size_dep.key.proof 
233595     DEBUG main            d.u.i.k.p.i.AbstractProblemLoader Environment load took 102.6ns 
233596     INFO  main            d.u.i.k.p.i.AbstractProblemLoader Creating init config 
234521     DEBUG main            d.u.i.k.j.r.ClassPreparationMethodBuilder clPrepBuilder: Inner Class detected. Reject building class initialisation methods. 
236472     DEBUG main            d.u.i.k.p.i.AbstractProblemLoader Init config took 2.88s 
236516     INFO  main            d.u.i.k.p.i.AbstractProblemLoader Replaying proof LinkedList[List::size()].JML accessible clause.0 
236564     DEBUG main            d.u.i.k.p.i.IntermediateProofReplayer Proof replay took 44.89ms 
236565     DEBUG main            d.u.i.k.p.r.p.TestFile    ... success: reloaded. 
236566     INFO  main            d.u.i.k.p.r.p.TestFile    Now processing file /home/runner/work/key/key/key.core/../key.ui/examples/heap/list/LinkedList_size.key 
236566     INFO  main            d.u.i.k.p.i.AbstractProblemLoader Loading environment from /home/runner/work/key/key/key.core/../key.ui/examples/heap/list/LinkedList_size.key 
236566     DEBUG main            d.u.i.k.p.i.AbstractProblemLoader Environment load took 232.7ns 
236567     INFO  main            d.u.i.k.p.i.AbstractProblemLoader Creating init config 
237521     DEBUG main            d.u.i.k.j.r.ClassPreparationMethodBuilder clPrepBuilder: Inner Class detected. Reject building class initialisation methods. 
239533     DEBUG main            d.u.i.k.p.i.AbstractProblemLoader Init config took 2.97s 
239578     INFO  main            d.u.i.k.p.i.AbstractProblemLoader Replaying proof LinkedList[List::size()].JML normal_behavior operation contract.0 
239579     DEBUG main            d.u.i.k.p.i.IntermediateProofReplayer Proof replay took 6.9ns 
240099     INFO  main            d.u.i.k.p.r.p.TestFile    ... finished proof: closed. 
240405     INFO  main            d.u.i.k.p.i.AbstractProblemLoader Loading environment from /home/runner/work/key/key/key.core/../key.ui/examples/heap/list/LinkedList_size.key.proof 
240405     DEBUG main            d.u.i.k.p.i.AbstractProblemLoader Environment load took 149.6ns 
240406     INFO  main            d.u.i.k.p.i.AbstractProblemLoader Creating init config 
241329     DEBUG main            d.u.i.k.j.r.ClassPreparationMethodBuilder clPrepBuilder: Inner Class detected. Reject building class initialisation methods. 
243284     DEBUG main            d.u.i.k.p.i.AbstractProblemLoader Init config took 2.88s 
243328     INFO  main            d.u.i.k.p.i.AbstractProblemLoader Replaying proof LinkedList[List::size()].JML normal_behavior operation contract.0 
243370     DEBUG main            d.u.i.k.p.i.IntermediateProofReplayer Proof replay took 39.8ms 
243371     DEBUG main            d.u.i.k.p.r.p.TestFile    ... success: reloaded. 
243372     INFO  main            d.u.i.k.p.r.p.TestFile    Now processing file /home/runner/work/key/key/key.core/../key.ui/examples/heap/list/MySet_footprint.key 
243372     INFO  main            d.u.i.k.p.i.AbstractProblemLoader Loading environment from /home/runner/work/key/key/key.core/../key.ui/examples/heap/list/MySet_footprint.key 
243372     DEBUG main            d.u.i.k.p.i.AbstractProblemLoader Environment load took 102.9ns 
243373     INFO  main            d.u.i.k.p.i.AbstractProblemLoader Creating init config 
244308     DEBUG main            d.u.i.k.j.r.ClassPreparationMethodBuilder clPrepBuilder: Inner Class detected. Reject building class initialisation methods. 
246311     DEBUG main            d.u.i.k.p.i.AbstractProblemLoader Init config took 2.94s 
246378     INFO  main            d.u.i.k.p.i.AbstractProblemLoader Replaying proof MySet[MySet::$footprint()].JML accessible clause.0 
246379     DEBUG main            d.u.i.k.p.i.IntermediateProofReplayer Proof replay took 6.2ns 
246681     INFO  main            d.u.i.k.p.r.p.TestFile    ... finished proof: closed. 
246995     INFO  main            d.u.i.k.p.i.AbstractProblemLoader Loading environment from /home/runner/work/key/key/key.core/../key.ui/examples/heap/list/MySet_footprint.key.proof 
246996     DEBUG main            d.u.i.k.p.i.AbstractProblemLoader Environment load took 102.8ns 
246996     INFO  main            d.u.i.k.p.i.AbstractProblemLoader Creating init config 
247923     DEBUG main            d.u.i.k.j.r.ClassPreparationMethodBuilder clPrepBuilder: Inner Class detected. Reject building class initialisation methods. 
249871     DEBUG main            d.u.i.k.p.i.AbstractProblemLoader Init config took 2.87s 
249920     INFO  main            d.u.i.k.p.i.AbstractProblemLoader Replaying proof MySet[MySet::$footprint()].JML accessible clause.0 
249966     DEBUG main            d.u.i.k.p.i.IntermediateProofReplayer Proof replay took 43.76ms 
249970     DEBUG main            d.u.i.k.p.r.p.TestFile    ... success: reloaded. 
249971     INFO  main            d.u.i.k.p.r.p.TestFile    Now processing file /home/runner/work/key/key/key.core/../key.ui/examples/heap/list/MySet_MySet.key 
249971     INFO  main            d.u.i.k.p.i.AbstractProblemLoader Loading environment from /home/runner/work/key/key/key.core/../key.ui/examples/heap/list/MySet_MySet.key 
249972     DEBUG main            d.u.i.k.p.i.AbstractProblemLoader Environment load took 218.4ns 
249975     INFO  main            d.u.i.k.p.i.AbstractProblemLoader Creating init config 
250919     DEBUG main            d.u.i.k.j.r.ClassPreparationMethodBuilder clPrepBuilder: Inner Class detected. Reject building class initialisation methods. 
252925     DEBUG main            d.u.i.k.p.i.AbstractProblemLoader Init config took 2.95s 
252972     INFO  main            d.u.i.k.p.i.AbstractProblemLoader Replaying proof MySet[MySet::MySet()].JML normal_behavior operation contract.0 
252974     DEBUG main            d.u.i.k.p.i.IntermediateProofReplayer Proof replay took 7.6ns 
255340     INFO  main            d.u.i.k.p.r.p.TestFile    ... finished proof: closed. 
255681     INFO  main            d.u.i.k.p.i.AbstractProblemLoader Loading environment from /home/runner/work/key/key/key.core/../key.ui/examples/heap/list/MySet_MySet.key.proof 
255681     DEBUG main            d.u.i.k.p.i.AbstractProblemLoader Environment load took 438.3ns 
255683     INFO  main            d.u.i.k.p.i.AbstractProblemLoader Creating init config 
256616     DEBUG main            d.u.i.k.j.r.ClassPreparationMethodBuilder clPrepBuilder: Inner Class detected. Reject building class initialisation methods. 
258595     DEBUG main            d.u.i.k.p.i.AbstractProblemLoader Init config took 2.91s 
258642     INFO  main            d.u.i.k.p.i.AbstractProblemLoader Replaying proof MySet[MySet::MySet()].JML normal_behavior operation contract.0 
258985     DEBUG main            d.u.i.k.p.i.IntermediateProofReplayer Proof replay took 329.78ms 
258986     DEBUG main            d.u.i.k.p.r.p.TestFile    ... success: reloaded. 
1110966    INFO  Test worker     d.u.i.k.p.r.RunAllProofsTestUnit Returning from test list 
1110967    INFO  Test worker     d.u.i.k.p.r.RunAllProofsTestUnit Running test list_ghost 
359        INFO  Timeout watchdog d.u.i.k.p.r.p.ForkedTestFileRunner Timeout watcher launched (2000 secs.) 
382        WARN  main            d.u.i.k.s.ProofSettings   The settings in /home/runner/.key/proof-settings.props are *not* read. 
413        INFO  main            d.u.i.k.p.r.p.TestFile    Now processing file /home/runner/work/key/key/key.core/../key.ui/examples/heap/list_ghost/ArrayList_add.key 
515        INFO  main            d.u.i.k.p.i.AbstractProblemLoader Loading environment from /home/runner/work/key/key/key.core/../key.ui/examples/heap/list_ghost/ArrayList_add.key 
536        DEBUG main            d.u.i.k.p.i.AbstractProblemLoader Environment load took 1.84ms 
767        INFO  main            d.u.i.k.p.i.AbstractProblemLoader Creating init config 
1733       DEBUG main            d.u.i.k.j.TypeConverter   No LDT found for Meta 
1733       DEBUG main            d.u.i.k.j.TypeConverter   No LDT found for Meta 
1735       DEBUG main            d.u.i.k.j.TypeConverter   No LDT found for Meta 
1735       DEBUG main            d.u.i.k.j.TypeConverter   No LDT found for Meta 
3165       DEBUG main            d.u.i.k.j.TypeConverter   No LDT found for JavaBigintExpression 
8124       DEBUG main            d.u.i.k.p.i.AbstractProblemLoader Init config took 7.36s 
8254       INFO  main            d.u.i.k.p.i.AbstractProblemLoader Replaying proof ArrayList[List::add(java.lang.Object)].JML normal_behavior operation contract.0 
8286       DEBUG main            d.u.i.k.p.i.IntermediateProofReplayer Proof replay took 31.6ns 
12984      INFO  main            d.u.i.k.p.r.p.TestFile    ... finished proof: closed. 
13167      INFO  main            d.u.i.k.p.i.AbstractProblemLoader Loading environment from /home/runner/work/key/key/key.core/../key.ui/examples/heap/list_ghost/ArrayList_add.key.proof 
13171      DEBUG main            d.u.i.k.p.i.AbstractProblemLoader Environment load took 3.4ms 
13174      INFO  main            d.u.i.k.p.i.AbstractProblemLoader Creating init config 
16054      DEBUG main            d.u.i.k.p.i.AbstractProblemLoader Init config took 2.88s 
16114      INFO  main            d.u.i.k.p.i.AbstractProblemLoader Replaying proof ArrayList[List::add(java.lang.Object)].JML normal_behavior operation contract.0 
16840      DEBUG main            d.u.i.k.p.i.IntermediateProofReplayer Proof replay took 705.08ms 
16850      DEBUG main            d.u.i.k.p.r.p.TestFile    ... success: reloaded. 
16853      INFO  main            d.u.i.k.p.r.p.TestFile    Now processing file /home/runner/work/key/key/key.core/../key.ui/examples/heap/list_ghost/ArrayList_ArrayList.key 
16854      INFO  main            d.u.i.k.p.i.AbstractProblemLoader Loading environment from /home/runner/work/key/key/key.core/../key.ui/examples/heap/list_ghost/ArrayList_ArrayList.key 
16854      DEBUG main            d.u.i.k.p.i.AbstractProblemLoader Environment load took 107.7ns 
16858      INFO  main            d.u.i.k.p.i.AbstractProblemLoader Creating init config 
19673      DEBUG main            d.u.i.k.p.i.AbstractProblemLoader Init config took 2.82s 
19727      INFO  main            d.u.i.k.p.i.AbstractProblemLoader Replaying proof ArrayList[ArrayList::ArrayList()].JML normal_behavior operation contract.0 
19729      DEBUG main            d.u.i.k.p.i.IntermediateProofReplayer Proof replay took 5.7ns 
20835      INFO  main            d.u.i.k.p.r.p.TestFile    ... finished proof: closed. 
20990      INFO  main            d.u.i.k.p.i.AbstractProblemLoader Loading environment from /home/runner/work/key/key/key.core/../key.ui/examples/heap/list_ghost/ArrayList_ArrayList.key.proof 
20991      DEBUG main            d.u.i.k.p.i.AbstractProblemLoader Environment load took 487.8ns 
20994      INFO  main            d.u.i.k.p.i.AbstractProblemLoader Creating init config 
23681      DEBUG main            d.u.i.k.p.i.AbstractProblemLoader Init config took 2.69s 
23742      INFO  main            d.u.i.k.p.i.AbstractProblemLoader Replaying proof ArrayList[ArrayList::ArrayList()].JML normal_behavior operation contract.0 
23911      DEBUG main            d.u.i.k.p.i.IntermediateProofReplayer Proof replay took 161.85ms 
23913      DEBUG main            d.u.i.k.p.r.p.TestFile    ... success: reloaded. 
23915      INFO  main            d.u.i.k.p.r.p.TestFile    Now processing file /home/runner/work/key/key/key.core/../key.ui/examples/heap/list_ghost/ArrayList_enlarge.key 
23915      INFO  main            d.u.i.k.p.i.AbstractProblemLoader Loading environment from /home/runner/work/key/key/key.core/../key.ui/examples/heap/list_ghost/ArrayList_enlarge.key 
23915      DEBUG main            d.u.i.k.p.i.AbstractProblemLoader Environment load took 249ns 
23916      INFO  main            d.u.i.k.p.i.AbstractProblemLoader Creating init config 
26560      DEBUG main            d.u.i.k.p.i.AbstractProblemLoader Init config took 2.64s 
26606      INFO  main            d.u.i.k.p.i.AbstractProblemLoader Replaying proof ArrayList[ArrayList::enlarge()].JML normal_behavior operation contract.0 
26608      DEBUG main            d.u.i.k.p.i.IntermediateProofReplayer Proof replay took 6.9ns 
28634      INFO  main            d.u.i.k.p.r.p.TestFile    ... finished proof: closed. 
28797      INFO  main            d.u.i.k.p.i.AbstractProblemLoader Loading environment from /home/runner/work/key/key/key.core/../key.ui/examples/heap/list_ghost/ArrayList_enlarge.key.proof 
28798      DEBUG main            d.u.i.k.p.i.AbstractProblemLoader Environment load took 204.8ns 
28799      INFO  main            d.u.i.k.p.i.AbstractProblemLoader Creating init config 
31396      DEBUG main            d.u.i.k.p.i.AbstractProblemLoader Init config took 2.6s 
31455      INFO  main            d.u.i.k.p.i.AbstractProblemLoader Replaying proof ArrayList[ArrayList::enlarge()].JML normal_behavior operation contract.0 
31863      DEBUG main            d.u.i.k.p.i.IntermediateProofReplayer Proof replay took 398.93ms 
31865      DEBUG main            d.u.i.k.p.r.p.TestFile    ... success: reloaded. 
31866      INFO  main            d.u.i.k.p.r.p.TestFile    Now processing file /home/runner/work/key/key/key.core/../key.ui/examples/heap/list_ghost/ArrayList_get_dep.key 
31867      INFO  main            d.u.i.k.p.i.AbstractProblemLoader Loading environment from /home/runner/work/key/key/key.core/../key.ui/examples/heap/list_ghost/ArrayList_get_dep.key 
31867      DEBUG main            d.u.i.k.p.i.AbstractProblemLoader Environment load took 246.6ns 
31868      INFO  main            d.u.i.k.p.i.AbstractProblemLoader Creating init config 
34552      DEBUG main            d.u.i.k.p.i.AbstractProblemLoader Init config took 2.68s 
34621      INFO  main            d.u.i.k.p.i.AbstractProblemLoader Replaying proof ArrayList[List::get(int)].JML accessible clause.0 
34622      DEBUG main            d.u.i.k.p.i.IntermediateProofReplayer Proof replay took 6.9ns 
34925      INFO  main            d.u.i.k.p.r.p.TestFile    ... finished proof: closed. 
35069      INFO  main            d.u.i.k.p.i.AbstractProblemLoader Loading environment from /home/runner/work/key/key/key.core/../key.ui/examples/heap/list_ghost/ArrayList_get_dep.key.proof 
35069      DEBUG main            d.u.i.k.p.i.AbstractProblemLoader Environment load took 131.8ns 
35070      INFO  main            d.u.i.k.p.i.AbstractProblemLoader Creating init config 
37607      DEBUG main            d.u.i.k.p.i.AbstractProblemLoader Init config took 2.54s 
37658      INFO  main            d.u.i.k.p.i.AbstractProblemLoader Replaying proof ArrayList[List::get(int)].JML accessible clause.0 
37748      DEBUG main            d.u.i.k.p.i.IntermediateProofReplayer Proof replay took 83.51ms 
37749      DEBUG main            d.u.i.k.p.r.p.TestFile    ... success: reloaded. 
37750      INFO  main            d.u.i.k.p.r.p.TestFile    Now processing file /home/runner/work/key/key/key.core/../key.ui/examples/heap/list_ghost/ArrayList_get_exceptional.key 
37751      INFO  main            d.u.i.k.p.i.AbstractProblemLoader Loading environment from /home/runner/work/key/key/key.core/../key.ui/examples/heap/list_ghost/ArrayList_get_exceptional.key 
37751      DEBUG main            d.u.i.k.p.i.AbstractProblemLoader Environment load took 131.2ns 
37752      INFO  main            d.u.i.k.p.i.AbstractProblemLoader Creating init config 
40406      DEBUG main            d.u.i.k.p.i.AbstractProblemLoader Init config took 2.65s 
40449      INFO  main            d.u.i.k.p.i.AbstractProblemLoader Replaying proof ArrayList[List::get(int)].JML exceptional_behavior operation contract.0 
40452      DEBUG main            d.u.i.k.p.i.IntermediateProofReplayer Proof replay took 6.9ns 
41156      INFO  main            d.u.i.k.p.r.p.TestFile    ... finished proof: closed. 
41317      INFO  main            d.u.i.k.p.i.AbstractProblemLoader Loading environment from /home/runner/work/key/key/key.core/../key.ui/examples/heap/list_ghost/ArrayList_get_exceptional.key.proof 
41318      DEBUG main            d.u.i.k.p.i.AbstractProblemLoader Environment load took 487.81ns 
41319      INFO  main            d.u.i.k.p.i.AbstractProblemLoader Creating init config 
43881      DEBUG main            d.u.i.k.p.i.AbstractProblemLoader Init config took 2.56s 
43923      INFO  main            d.u.i.k.p.i.AbstractProblemLoader Replaying proof ArrayList[List::get(int)].JML exceptional_behavior operation contract.0 
44093      DEBUG main            d.u.i.k.p.i.IntermediateProofReplayer Proof replay took 164.76ms 
44094      DEBUG main            d.u.i.k.p.r.p.TestFile    ... success: reloaded. 
44095      INFO  main            d.u.i.k.p.r.p.TestFile    Now processing file /home/runner/work/key/key/key.core/../key.ui/examples/heap/list_ghost/ArrayList_get_normal.key 
44096      INFO  main            d.u.i.k.p.i.AbstractProblemLoader Loading environment from /home/runner/work/key/key/key.core/../key.ui/examples/heap/list_ghost/ArrayList_get_normal.key 
44096      DEBUG main            d.u.i.k.p.i.AbstractProblemLoader Environment load took 115.6ns 
44097      INFO  main            d.u.i.k.p.i.AbstractProblemLoader Creating init config 
46739      DEBUG main            d.u.i.k.p.i.AbstractProblemLoader Init config took 2.64s 
46781      INFO  main            d.u.i.k.p.i.AbstractProblemLoader Replaying proof ArrayList[List::get(int)].JML normal_behavior operation contract.0 
46783      DEBUG main            d.u.i.k.p.i.IntermediateProofReplayer Proof replay took 6.3ns 
47085      INFO  main            d.u.i.k.p.r.p.TestFile    ... finished proof: closed. 
47263      INFO  main            d.u.i.k.p.i.AbstractProblemLoader Loading environment from /home/runner/work/key/key/key.core/../key.ui/examples/heap/list_ghost/ArrayList_get_normal.key.proof 
47263      DEBUG main            d.u.i.k.p.i.AbstractProblemLoader Environment load took 356.1ns 
47265      INFO  main            d.u.i.k.p.i.AbstractProblemLoader Creating init config 
49835      DEBUG main            d.u.i.k.p.i.AbstractProblemLoader Init config took 2.57s 
49878      INFO  main            d.u.i.k.p.i.AbstractProblemLoader Replaying proof ArrayList[List::get(int)].JML normal_behavior operation contract.0 
49929      DEBUG main            d.u.i.k.p.i.IntermediateProofReplayer Proof replay took 48.69ms 
49930      DEBUG main            d.u.i.k.p.r.p.TestFile    ... success: reloaded. 
49931      INFO  main            d.u.i.k.p.r.p.TestFile    Now processing file /home/runner/work/key/key/key.core/../key.ui/examples/heap/list_ghost/ArrayList_inv.key 
49932      INFO  main            d.u.i.k.p.i.AbstractProblemLoader Loading environment from /home/runner/work/key/key/key.core/../key.ui/examples/heap/list_ghost/ArrayList_inv.key 
49932      DEBUG main            d.u.i.k.p.i.AbstractProblemLoader Environment load took 106.3ns 
49933      INFO  main            d.u.i.k.p.i.AbstractProblemLoader Creating init config 
52526      DEBUG main            d.u.i.k.p.i.AbstractProblemLoader Init config took 2.59s 
52583      INFO  main            d.u.i.k.p.i.AbstractProblemLoader Replaying proof ArrayList[java.lang.Object::<inv>()].JML accessible clause.0 
52584      DEBUG main            d.u.i.k.p.i.IntermediateProofReplayer Proof replay took 6.6ns 
52688      INFO  main            d.u.i.k.p.r.p.TestFile    ... finished proof: closed. 
52853      INFO  main            d.u.i.k.p.i.AbstractProblemLoader Loading environment from /home/runner/work/key/key/key.core/../key.ui/examples/heap/list_ghost/ArrayList_inv.key.proof 
52853      DEBUG main            d.u.i.k.p.i.AbstractProblemLoader Environment load took 126.4ns 
52854      INFO  main            d.u.i.k.p.i.AbstractProblemLoader Creating init config 
55354      DEBUG main            d.u.i.k.p.i.AbstractProblemLoader Init config took 2.5s 
55392      INFO  main            d.u.i.k.p.i.AbstractProblemLoader Replaying proof ArrayList[java.lang.Object::<inv>()].JML accessible clause.0 
55403      DEBUG main            d.u.i.k.p.i.IntermediateProofReplayer Proof replay took 9.18ms 
55404      DEBUG main            d.u.i.k.p.r.p.TestFile    ... success: reloaded. 
55405      INFO  main            d.u.i.k.p.r.p.TestFile    Now processing file /home/runner/work/key/key/key.core/../key.ui/examples/heap/list_ghost/ArrayList_size_dep.key 
55405      INFO  main            d.u.i.k.p.i.AbstractProblemLoader Loading environment from /home/runner/work/key/key/key.core/../key.ui/examples/heap/list_ghost/ArrayList_size_dep.key 
55405      DEBUG main            d.u.i.k.p.i.AbstractProblemLoader Environment load took 107.9ns 
55406      INFO  main            d.u.i.k.p.i.AbstractProblemLoader Creating init config 
57990      DEBUG main            d.u.i.k.p.i.AbstractProblemLoader Init config took 2.58s 
58029      INFO  main            d.u.i.k.p.i.AbstractProblemLoader Replaying proof ArrayList[List::size()].JML accessible clause.0 
58031      DEBUG main            d.u.i.k.p.i.IntermediateProofReplayer Proof replay took 6.2ns 
58132      INFO  main            d.u.i.k.p.r.p.TestFile    ... finished proof: closed. 
58313      INFO  main            d.u.i.k.p.i.AbstractProblemLoader Loading environment from /home/runner/work/key/key/key.core/../key.ui/examples/heap/list_ghost/ArrayList_size_dep.key.proof 
58313      DEBUG main            d.u.i.k.p.i.AbstractProblemLoader Environment load took 122.2ns 
58314      INFO  main            d.u.i.k.p.i.AbstractProblemLoader Creating init config 
60848      DEBUG main            d.u.i.k.p.i.AbstractProblemLoader Init config took 2.53s 
60885      INFO  main            d.u.i.k.p.i.AbstractProblemLoader Replaying proof ArrayList[List::size()].JML accessible clause.0 
60900      DEBUG main            d.u.i.k.p.i.IntermediateProofReplayer Proof replay took 12.63ms 
60901      DEBUG main            d.u.i.k.p.r.p.TestFile    ... success: reloaded. 
60902      INFO  main            d.u.i.k.p.r.p.TestFile    Now processing file /home/runner/work/key/key/key.core/../key.ui/examples/heap/list_ghost/ArrayList_size.key 
60902      INFO  main            d.u.i.k.p.i.AbstractProblemLoader Loading environment from /home/runner/work/key/key/key.core/../key.ui/examples/heap/list_ghost/ArrayList_size.key 
60902      DEBUG main            d.u.i.k.p.i.AbstractProblemLoader Environment load took 105.6ns 
60903      INFO  main            d.u.i.k.p.i.AbstractProblemLoader Creating init config 
63434      DEBUG main            d.u.i.k.p.i.AbstractProblemLoader Init config took 2.53s 
63492      INFO  main            d.u.i.k.p.i.AbstractProblemLoader Replaying proof ArrayList[List::size()].JML normal_behavior operation contract.0 
63494      DEBUG main            d.u.i.k.p.i.IntermediateProofReplayer Proof replay took 6ns 
63596      INFO  main            d.u.i.k.p.r.p.TestFile    ... finished proof: closed. 
63769      INFO  main            d.u.i.k.p.i.AbstractProblemLoader Loading environment from /home/runner/work/key/key/key.core/../key.ui/examples/heap/list_ghost/ArrayList_size.key.proof 
63769      DEBUG main            d.u.i.k.p.i.AbstractProblemLoader Environment load took 134.2ns 
63770      INFO  main            d.u.i.k.p.i.AbstractProblemLoader Creating init config 
66286      DEBUG main            d.u.i.k.p.i.AbstractProblemLoader Init config took 2.52s 
66324      INFO  main            d.u.i.k.p.i.AbstractProblemLoader Replaying proof ArrayList[List::size()].JML normal_behavior operation contract.0 
66350      DEBUG main            d.u.i.k.p.i.IntermediateProofReplayer Proof replay took 23.24ms 
66351      DEBUG main            d.u.i.k.p.r.p.TestFile    ... success: reloaded. 
1177489    INFO  Test worker     d.u.i.k.p.r.RunAllProofsTestUnit Returning from test list_ghost 
1177490    INFO  Test worker     d.u.i.k.p.r.RunAllProofsTestUnit Running test list_recursive 
351        INFO  Timeout watchdog d.u.i.k.p.r.p.ForkedTestFileRunner Timeout watcher launched (2000 secs.) 
368        WARN  main            d.u.i.k.s.ProofSettings   The settings in /home/runner/.key/proof-settings.props are *not* read. 
395        INFO  main            d.u.i.k.p.r.p.TestFile    Now processing file /home/runner/work/key/key/key.core/../key.ui/examples/heap/list_recursiveSpec/ListOperationsNonNull_getNextNN_normal_behavior.key 
508        INFO  main            d.u.i.k.p.i.AbstractProblemLoader Loading environment from /home/runner/work/key/key/key.core/../key.ui/examples/heap/list_recursiveSpec/ListOperationsNonNull_getNextNN_normal_behavior.key 
524        DEBUG main            d.u.i.k.p.i.AbstractProblemLoader Environment load took 2.2ms 
755        INFO  main            d.u.i.k.p.i.AbstractProblemLoader Creating init config 
1751       DEBUG main            d.u.i.k.j.TypeConverter   No LDT found for Meta 
1752       DEBUG main            d.u.i.k.j.TypeConverter   No LDT found for Meta 
1757       DEBUG main            d.u.i.k.j.TypeConverter   No LDT found for Meta 
1758       DEBUG main            d.u.i.k.j.TypeConverter   No LDT found for Meta 
3149       DEBUG main            d.u.i.k.j.TypeConverter   No LDT found for JavaBigintExpression 
8276       DEBUG main            d.u.i.k.p.i.AbstractProblemLoader Init config took 7.52s 
8406       INFO  main            d.u.i.k.p.i.AbstractProblemLoader Replaying proof ListOperationsNonNull[ListOperationsNonNull::getNextNN(ListNN,int)].JML normal_behavior operation contract.0 
8437       DEBUG main            d.u.i.k.p.i.IntermediateProofReplayer Proof replay took 30ns 
9713       INFO  main            d.u.i.k.p.r.p.TestFile    ... finished proof: closed. 
9851       INFO  main            d.u.i.k.p.i.AbstractProblemLoader Loading environment from /home/runner/work/key/key/key.core/../key.ui/examples/heap/list_recursiveSpec/ListOperationsNonNull_getNextNN_normal_behavior.key.proof 
9853       DEBUG main            d.u.i.k.p.i.AbstractProblemLoader Environment load took 1.26ms 
9856       INFO  main            d.u.i.k.p.i.AbstractProblemLoader Creating init config 
12816      DEBUG main            d.u.i.k.p.i.AbstractProblemLoader Init config took 2.96s 
12897      INFO  main            d.u.i.k.p.i.AbstractProblemLoader Replaying proof ListOperationsNonNull[ListOperationsNonNull::getNextNN(ListNN,int)].JML normal_behavior operation contract.0 
13060      DEBUG main            d.u.i.k.p.i.IntermediateProofReplayer Proof replay took 153.61ms 
13068      DEBUG main            d.u.i.k.p.r.p.TestFile    ... success: reloaded. 
13072      INFO  main            d.u.i.k.p.r.p.TestFile    Now processing file /home/runner/work/key/key/key.core/../key.ui/examples/heap/list_recursiveSpec/ListOperationsNonNull_setValueAt_normal_behavior.key 
13072      INFO  main            d.u.i.k.p.i.AbstractProblemLoader Loading environment from /home/runner/work/key/key/key.core/../key.ui/examples/heap/list_recursiveSpec/ListOperationsNonNull_setValueAt_normal_behavior.key 
13072      DEBUG main            d.u.i.k.p.i.AbstractProblemLoader Environment load took 138.5ns 
13076      INFO  main            d.u.i.k.p.i.AbstractProblemLoader Creating init config 
15948      DEBUG main            d.u.i.k.p.i.AbstractProblemLoader Init config took 2.87s 
16011      INFO  main            d.u.i.k.p.i.AbstractProblemLoader Replaying proof ListOperationsNonNull[ListOperationsNonNull::setValueAt_NN(ListNN,int,int)].JML normal_behavior operation contract.0 
16013      DEBUG main            d.u.i.k.p.i.IntermediateProofReplayer Proof replay took 6.3ns 
16039      DEBUG main            d.u.i.k.m.s.ProofScriptEngine 1: 'macro autopilot' 
18651      DEBUG main            d.u.i.k.m.s.ProofScriptEngine 2: 'macro simp-upd' 
18659      DEBUG main            d.u.i.k.m.s.ProofScriptEngine 3: 'rule observerDependencyEQ' 
18682      DEBUG main            d.u.i.k.m.s.ProofScriptEngine 4: 'tryclose' 
18710      INFO  main            d.u.i.k.p.r.p.TestFile    ... finished proof: closed. 
18860      INFO  main            d.u.i.k.p.i.AbstractProblemLoader Loading environment from /home/runner/work/key/key/key.core/../key.ui/examples/heap/list_recursiveSpec/ListOperationsNonNull_setValueAt_normal_behavior.key.proof 
18861      DEBUG main            d.u.i.k.p.i.AbstractProblemLoader Environment load took 218.3ns 
18862      INFO  main            d.u.i.k.p.i.AbstractProblemLoader Creating init config 
21609      DEBUG main            d.u.i.k.p.i.AbstractProblemLoader Init config took 2.75s 
21663      INFO  main            d.u.i.k.p.i.AbstractProblemLoader Replaying proof ListOperationsNonNull[ListOperationsNonNull::setValueAt_NN(ListNN,int,int)].JML normal_behavior operation contract.0 
21794      DEBUG main            d.u.i.k.p.i.IntermediateProofReplayer Proof replay took 125.61ms 
21796      DEBUG main            d.u.i.k.p.r.p.TestFile    ... success: reloaded. 
1199464    INFO  Test worker     d.u.i.k.p.r.RunAllProofsTestUnit Returning from test list_recursive 
1199466    INFO  Test worker     d.u.i.k.p.r.RunAllProofsTestUnit Running test list_seq 
343        INFO  Timeout watchdog d.u.i.k.p.r.p.ForkedTestFileRunner Timeout watcher launched (2000 secs.) 
358        WARN  main            d.u.i.k.s.ProofSettings   The settings in /home/runner/.key/proof-settings.props are *not* read. 
408        INFO  main            d.u.i.k.p.r.p.TestFile    Now processing file /home/runner/work/key/key/key.core/../key.ui/examples/heap/list_seq/SimplifiedLinkedList.remove.key 
558        INFO  main            d.u.i.k.p.i.AbstractProblemLoader Loading environment from /home/runner/work/key/key/key.core/../key.ui/examples/heap/list_seq/SimplifiedLinkedList.remove.key 
579        DEBUG main            d.u.i.k.p.i.AbstractProblemLoader Environment load took 2.16ms 
815        INFO  main            d.u.i.k.p.i.AbstractProblemLoader Creating init config 
1749       DEBUG main            d.u.i.k.j.TypeConverter   No LDT found for Meta 
1750       DEBUG main            d.u.i.k.j.TypeConverter   No LDT found for Meta 
1753       DEBUG main            d.u.i.k.j.TypeConverter   No LDT found for Meta 
1753       DEBUG main            d.u.i.k.j.TypeConverter   No LDT found for Meta 
3066       DEBUG main            d.u.i.k.j.TypeConverter   No LDT found for JavaBigintExpression 
8514       DEBUG main            d.u.i.k.p.i.AbstractProblemLoader Init config took 7.7s 
8688       INFO  main            d.u.i.k.p.i.AbstractProblemLoader Replaying proof SimplifiedLinkedList[SimplifiedLinkedList::remove(int)].JML normal_behavior operation contract.0 
8772       DEBUG main            d.u.i.k.p.i.IntermediateProofReplayer Proof replay took 37.5ns 
85678      INFO  main            d.u.i.k.p.r.p.TestFile    ... finished proof: closed. 
86106      INFO  main            d.u.i.k.p.i.AbstractProblemLoader Loading environment from /home/runner/work/key/key/key.core/../key.ui/examples/heap/list_seq/SimplifiedLinkedList.remove.key.proof 
86107      DEBUG main            d.u.i.k.p.i.AbstractProblemLoader Environment load took 277.1ns 
86123      INFO  main            d.u.i.k.p.i.AbstractProblemLoader Creating init config 
89281      DEBUG main            d.u.i.k.p.i.AbstractProblemLoader Init config took 3.16s 
89411      INFO  main            d.u.i.k.p.i.AbstractProblemLoader Replaying proof SimplifiedLinkedList[SimplifiedLinkedList::remove(int)].JML normal_behavior operation contract.0 
93747      DEBUG main            d.u.i.k.p.i.IntermediateProofReplayer Proof replay took 4.07s 
93766      DEBUG main            d.u.i.k.p.r.p.TestFile    ... success: reloaded. 
93768      INFO  main            d.u.i.k.p.r.p.TestFile    Now processing file /home/runner/work/key/key/key.core/../key.ui/examples/heap/list_seq/ArrayList.ArrayList.key 
93768      INFO  main            d.u.i.k.p.i.AbstractProblemLoader Loading environment from /home/runner/work/key/key/key.core/../key.ui/examples/heap/list_seq/ArrayList.ArrayList.key 
93769      DEBUG main            d.u.i.k.p.i.AbstractProblemLoader Environment load took 253.2ns 
93770      INFO  main            d.u.i.k.p.i.AbstractProblemLoader Creating init config 
96845      DEBUG main            d.u.i.k.p.i.AbstractProblemLoader Init config took 3.08s 
96930      INFO  main            d.u.i.k.p.i.AbstractProblemLoader Replaying proof ArrayList[ArrayList::ArrayList()].JML normal_behavior operation contract.0 
96932      DEBUG main            d.u.i.k.p.i.IntermediateProofReplayer Proof replay took 5.1ns 
97740      INFO  main            d.u.i.k.p.r.p.TestFile    ... finished proof: closed. 
97990      INFO  main            d.u.i.k.p.i.AbstractProblemLoader Loading environment from /home/runner/work/key/key/key.core/../key.ui/examples/heap/list_seq/ArrayList.ArrayList.key.proof 
97991      DEBUG main            d.u.i.k.p.i.AbstractProblemLoader Environment load took 753.61ns 
97994      INFO  main            d.u.i.k.p.i.AbstractProblemLoader Creating init config 
100961     DEBUG main            d.u.i.k.p.i.AbstractProblemLoader Init config took 2.97s 
101039     INFO  main            d.u.i.k.p.i.AbstractProblemLoader Replaying proof ArrayList[ArrayList::ArrayList()].JML normal_behavior operation contract.0 
101190     DEBUG main            d.u.i.k.p.i.IntermediateProofReplayer Proof replay took 145.45ms 
101191     DEBUG main            d.u.i.k.p.r.p.TestFile    ... success: reloaded. 
101193     INFO  main            d.u.i.k.p.r.p.TestFile    Now processing file /home/runner/work/key/key/key.core/../key.ui/examples/heap/list_seq/ArrayList.add.key 
101193     INFO  main            d.u.i.k.p.i.AbstractProblemLoader Loading environment from /home/runner/work/key/key/key.core/../key.ui/examples/heap/list_seq/ArrayList.add.key 
101193     DEBUG main            d.u.i.k.p.i.AbstractProblemLoader Environment load took 234.7ns 
101194     INFO  main            d.u.i.k.p.i.AbstractProblemLoader Creating init config 
104156     DEBUG main            d.u.i.k.p.i.AbstractProblemLoader Init config took 2.96s 
104231     INFO  main            d.u.i.k.p.i.AbstractProblemLoader Replaying proof ArrayList[List::add(java.lang.Object)].JML normal_behavior operation contract.0 
104233     DEBUG main            d.u.i.k.p.i.IntermediateProofReplayer Proof replay took 5.2ns 
107496     INFO  main            d.u.i.k.p.r.p.TestFile    ... finished proof: closed. 
107681     INFO  main            d.u.i.k.p.i.AbstractProblemLoader Loading environment from /home/runner/work/key/key/key.core/../key.ui/examples/heap/list_seq/ArrayList.add.key.proof 
107681     DEBUG main            d.u.i.k.p.i.AbstractProblemLoader Environment load took 496.1ns 
107683     INFO  main            d.u.i.k.p.i.AbstractProblemLoader Creating init config 
110569     DEBUG main            d.u.i.k.p.i.AbstractProblemLoader Init config took 2.89s 
110643     INFO  main            d.u.i.k.p.i.AbstractProblemLoader Replaying proof ArrayList[List::add(java.lang.Object)].JML normal_behavior operation contract.0 
111075     DEBUG main            d.u.i.k.p.i.IntermediateProofReplayer Proof replay took 419.93ms 
111077     DEBUG main            d.u.i.k.p.r.p.TestFile    ... success: reloaded. 
111078     INFO  main            d.u.i.k.p.r.p.TestFile    Now processing file /home/runner/work/key/key/key.core/../key.ui/examples/heap/list_seq/ArrayList.contains.key 
111078     INFO  main            d.u.i.k.p.i.AbstractProblemLoader Loading environment from /home/runner/work/key/key/key.core/../key.ui/examples/heap/list_seq/ArrayList.contains.key 
111079     DEBUG main            d.u.i.k.p.i.AbstractProblemLoader Environment load took 217.3ns 
111080     INFO  main            d.u.i.k.p.i.AbstractProblemLoader Creating init config 
114095     DEBUG main            d.u.i.k.p.i.AbstractProblemLoader Init config took 3.02s 
114199     INFO  main            d.u.i.k.p.i.AbstractProblemLoader Replaying proof ArrayList[List::contains(java.lang.Object)].JML normal_behavior operation contract.0 
114201     DEBUG main            d.u.i.k.p.i.IntermediateProofReplayer Proof replay took 5.1ns 
115706     INFO  main            d.u.i.k.p.r.p.TestFile    ... finished proof: closed. 
115896     INFO  main            d.u.i.k.p.i.AbstractProblemLoader Loading environment from /home/runner/work/key/key/key.core/../key.ui/examples/heap/list_seq/ArrayList.contains.key.proof 
115897     DEBUG main            d.u.i.k.p.i.AbstractProblemLoader Environment load took 513.8ns 
115898     INFO  main            d.u.i.k.p.i.AbstractProblemLoader Creating init config 
118777     DEBUG main            d.u.i.k.p.i.AbstractProblemLoader Init config took 2.88s 
118849     INFO  main            d.u.i.k.p.i.AbstractProblemLoader Replaying proof ArrayList[List::contains(java.lang.Object)].JML normal_behavior operation contract.0 
119117     DEBUG main            d.u.i.k.p.i.IntermediateProofReplayer Proof replay took 261.31ms 
119119     DEBUG main            d.u.i.k.p.r.p.TestFile    ... success: reloaded. 
119120     INFO  main            d.u.i.k.p.r.p.TestFile    Now processing file /home/runner/work/key/key/key.core/../key.ui/examples/heap/list_seq/ArrayList.enlarge.key 
119120     INFO  main            d.u.i.k.p.i.AbstractProblemLoader Loading environment from /home/runner/work/key/key/key.core/../key.ui/examples/heap/list_seq/ArrayList.enlarge.key 
119121     DEBUG main            d.u.i.k.p.i.AbstractProblemLoader Environment load took 205.6ns 
119122     INFO  main            d.u.i.k.p.i.AbstractProblemLoader Creating init config 
122045     DEBUG main            d.u.i.k.p.i.AbstractProblemLoader Init config took 2.92s 
122118     INFO  main            d.u.i.k.p.i.AbstractProblemLoader Replaying proof ArrayList[ArrayList::enlarge()].JML normal_behavior operation contract.0 
122119     DEBUG main            d.u.i.k.p.i.IntermediateProofReplayer Proof replay took 5.8ns 
124125     INFO  main            d.u.i.k.p.r.p.TestFile    ... finished proof: closed. 
124329     INFO  main            d.u.i.k.p.i.AbstractProblemLoader Loading environment from /home/runner/work/key/key/key.core/../key.ui/examples/heap/list_seq/ArrayList.enlarge.key.proof 
124329     DEBUG main            d.u.i.k.p.i.AbstractProblemLoader Environment load took 136.7ns 
124330     INFO  main            d.u.i.k.p.i.AbstractProblemLoader Creating init config 
127215     DEBUG main            d.u.i.k.p.i.AbstractProblemLoader Init config took 2.88s 
127303     INFO  main            d.u.i.k.p.i.AbstractProblemLoader Replaying proof ArrayList[ArrayList::enlarge()].JML normal_behavior operation contract.0 
127618     DEBUG main            d.u.i.k.p.i.IntermediateProofReplayer Proof replay took 306.1ms 
127619     DEBUG main            d.u.i.k.p.r.p.TestFile    ... success: reloaded. 
127620     INFO  main            d.u.i.k.p.r.p.TestFile    Now processing file /home/runner/work/key/key/key.core/../key.ui/examples/heap/list_seq/ArrayList.get.key 
127621     INFO  main            d.u.i.k.p.i.AbstractProblemLoader Loading environment from /home/runner/work/key/key/key.core/../key.ui/examples/heap/list_seq/ArrayList.get.key 
127621     DEBUG main            d.u.i.k.p.i.AbstractProblemLoader Environment load took 248.1ns 
127622     INFO  main            d.u.i.k.p.i.AbstractProblemLoader Creating init config 
130537     DEBUG main            d.u.i.k.p.i.AbstractProblemLoader Init config took 2.91s 
130609     INFO  main            d.u.i.k.p.i.AbstractProblemLoader Replaying proof ArrayList[List::get(int)].JML normal_behavior operation contract.0 
130610     DEBUG main            d.u.i.k.p.i.IntermediateProofReplayer Proof replay took 5.7ns 
131113     INFO  main            d.u.i.k.p.r.p.TestFile    ... finished proof: closed. 
131312     INFO  main            d.u.i.k.p.i.AbstractProblemLoader Loading environment from /home/runner/work/key/key/key.core/../key.ui/examples/heap/list_seq/ArrayList.get.key.proof 
131313     DEBUG main            d.u.i.k.p.i.AbstractProblemLoader Environment load took 401.2ns 
131314     INFO  main            d.u.i.k.p.i.AbstractProblemLoader Creating init config 
134178     DEBUG main            d.u.i.k.p.i.AbstractProblemLoader Init config took 2.86s 
134266     INFO  main            d.u.i.k.p.i.AbstractProblemLoader Replaying proof ArrayList[List::get(int)].JML normal_behavior operation contract.0 
134331     DEBUG main            d.u.i.k.p.i.IntermediateProofReplayer Proof replay took 59.74ms 
134332     DEBUG main            d.u.i.k.p.r.p.TestFile    ... success: reloaded. 
134333     INFO  main            d.u.i.k.p.r.p.TestFile    Now processing file /home/runner/work/key/key/key.core/../key.ui/examples/heap/list_seq/ArrayList.newArray.key 
134333     INFO  main            d.u.i.k.p.i.AbstractProblemLoader Loading environment from /home/runner/work/key/key/key.core/../key.ui/examples/heap/list_seq/ArrayList.newArray.key 
134333     DEBUG main            d.u.i.k.p.i.AbstractProblemLoader Environment load took 110ns 
134335     INFO  main            d.u.i.k.p.i.AbstractProblemLoader Creating init config 
137255     DEBUG main            d.u.i.k.p.i.AbstractProblemLoader Init config took 2.92s 
137356     INFO  main            d.u.i.k.p.i.AbstractProblemLoader Replaying proof ArrayList[ArrayList::newArray(int)].JML normal_behavior operation contract.0 
137358     DEBUG main            d.u.i.k.p.i.IntermediateProofReplayer Proof replay took 6.1ns 
137662     INFO  main            d.u.i.k.p.r.p.TestFile    ... finished proof: closed. 
137852     INFO  main            d.u.i.k.p.i.AbstractProblemLoader Loading environment from /home/runner/work/key/key/key.core/../key.ui/examples/heap/list_seq/ArrayList.newArray.key.proof 
137853     DEBUG main            d.u.i.k.p.i.AbstractProblemLoader Environment load took 132ns 
137854     INFO  main            d.u.i.k.p.i.AbstractProblemLoader Creating init config 
140679     DEBUG main            d.u.i.k.p.i.AbstractProblemLoader Init config took 2.83s 
140747     INFO  main            d.u.i.k.p.i.AbstractProblemLoader Replaying proof ArrayList[ArrayList::newArray(int)].JML normal_behavior operation contract.0 
140799     DEBUG main            d.u.i.k.p.i.IntermediateProofReplayer Proof replay took 48.91ms 
140800     DEBUG main            d.u.i.k.p.r.p.TestFile    ... success: reloaded. 
140801     INFO  main            d.u.i.k.p.r.p.TestFile    Now processing file /home/runner/work/key/key/key.core/../key.ui/examples/heap/list_seq/ArrayList.remove.0.key 
140802     INFO  main            d.u.i.k.p.i.AbstractProblemLoader Loading environment from /home/runner/work/key/key/key.core/../key.ui/examples/heap/list_seq/ArrayList.remove.0.key 
140802     DEBUG main            d.u.i.k.p.i.AbstractProblemLoader Environment load took 245.6ns 
140803     INFO  main            d.u.i.k.p.i.AbstractProblemLoader Creating init config 
143673     DEBUG main            d.u.i.k.p.i.AbstractProblemLoader Init config took 2.87s 
143740     INFO  main            d.u.i.k.p.i.AbstractProblemLoader Replaying proof ArrayList[List::remove(java.lang.Object)].JML normal_behavior operation contract.0 
143741     DEBUG main            d.u.i.k.p.i.IntermediateProofReplayer Proof replay took 6.2ns 
145554     INFO  main            d.u.i.k.p.r.p.TestFile    ... finished proof: closed. 
145778     INFO  main            d.u.i.k.p.i.AbstractProblemLoader Loading environment from /home/runner/work/key/key/key.core/../key.ui/examples/heap/list_seq/ArrayList.remove.0.key.proof 
145779     DEBUG main            d.u.i.k.p.i.AbstractProblemLoader Environment load took 1.14ms 
145781     INFO  main            d.u.i.k.p.i.AbstractProblemLoader Creating init config 
148598     DEBUG main            d.u.i.k.p.i.AbstractProblemLoader Init config took 2.82s 
148676     INFO  main            d.u.i.k.p.i.AbstractProblemLoader Replaying proof ArrayList[List::remove(java.lang.Object)].JML normal_behavior operation contract.0 
149152     DEBUG main            d.u.i.k.p.i.IntermediateProofReplayer Proof replay took 468.63ms 
149154     DEBUG main            d.u.i.k.p.r.p.TestFile    ... success: reloaded. 
149155     INFO  main            d.u.i.k.p.r.p.TestFile    Now processing file /home/runner/work/key/key/key.core/../key.ui/examples/heap/list_seq/ArrayList.remove.1.key 
149155     INFO  main            d.u.i.k.p.i.AbstractProblemLoader Loading environment from /home/runner/work/key/key/key.core/../key.ui/examples/heap/list_seq/ArrayList.remove.1.key 
149156     DEBUG main            d.u.i.k.p.i.AbstractProblemLoader Environment load took 234.4ns 
149157     INFO  main            d.u.i.k.p.i.AbstractProblemLoader Creating init config 
152011     DEBUG main            d.u.i.k.p.i.AbstractProblemLoader Init config took 2.85s 
152079     INFO  main            d.u.i.k.p.i.AbstractProblemLoader Replaying proof ArrayList[List::remove(java.lang.Object)].JML normal_behavior operation contract.1 
152081     DEBUG main            d.u.i.k.p.i.IntermediateProofReplayer Proof replay took 5.4ns 
162796     INFO  main            d.u.i.k.p.r.p.TestFile    ... finished proof: closed. 
163047     INFO  main            d.u.i.k.p.i.AbstractProblemLoader Loading environment from /home/runner/work/key/key/key.core/../key.ui/examples/heap/list_seq/ArrayList.remove.1.key.proof 
163047     DEBUG main            d.u.i.k.p.i.AbstractProblemLoader Environment load took 143.4ns 
163050     INFO  main            d.u.i.k.p.i.AbstractProblemLoader Creating init config 
165838     DEBUG main            d.u.i.k.p.i.AbstractProblemLoader Init config took 2.79s 
165906     INFO  main            d.u.i.k.p.i.AbstractProblemLoader Replaying proof ArrayList[List::remove(java.lang.Object)].JML normal_behavior operation contract.1 
167319     DEBUG main            d.u.i.k.p.i.IntermediateProofReplayer Proof replay took 1.38s 
167321     DEBUG main            d.u.i.k.p.r.p.TestFile    ... success: reloaded. 
1366954    INFO  Test worker     d.u.i.k.p.r.RunAllProofsTestUnit Returning from test list_seq 
1366956    INFO  Test worker     d.u.i.k.p.r.RunAllProofsTestUnit Running test observer 
350        INFO  Timeout watchdog d.u.i.k.p.r.p.ForkedTestFileRunner Timeout watcher launched (2000 secs.) 
357        WARN  main            d.u.i.k.s.ProofSettings   The settings in /home/runner/.key/proof-settings.props are *not* read. 
402        INFO  main            d.u.i.k.p.r.p.TestFile    Now processing file /home/runner/work/key/key/key.core/../key.ui/examples/heap/observer/ExampleObserver_ExampleObserver.key 
523        INFO  main            d.u.i.k.p.i.AbstractProblemLoader Loading environment from /home/runner/work/key/key/key.core/../key.ui/examples/heap/observer/ExampleObserver_ExampleObserver.key 
544        DEBUG main            d.u.i.k.p.i.AbstractProblemLoader Environment load took 2.11ms 
763        INFO  main            d.u.i.k.p.i.AbstractProblemLoader Creating init config 
1688       DEBUG main            d.u.i.k.j.TypeConverter   No LDT found for Meta 
1689       DEBUG main            d.u.i.k.j.TypeConverter   No LDT found for Meta 
1690       DEBUG main            d.u.i.k.j.TypeConverter   No LDT found for Meta 
1691       DEBUG main            d.u.i.k.j.TypeConverter   No LDT found for Meta 
3166       DEBUG main            d.u.i.k.j.TypeConverter   No LDT found for JavaBigintExpression 
8436       DEBUG main            d.u.i.k.p.i.AbstractProblemLoader Init config took 7.67s 
8564       INFO  main            d.u.i.k.p.i.AbstractProblemLoader Replaying proof ExampleObserver[ExampleObserver::ExampleObserver(ExampleSubject)].JML normal_behavior operation contract.0 
8598       DEBUG main            d.u.i.k.p.i.IntermediateProofReplayer Proof replay took 34.8ns 
9569       INFO  main            d.u.i.k.p.r.p.TestFile    ... finished proof: closed. 
9697       INFO  main            d.u.i.k.p.i.AbstractProblemLoader Loading environment from /home/runner/work/key/key/key.core/../key.ui/examples/heap/observer/ExampleObserver_ExampleObserver.key.proof 
9697       DEBUG main            d.u.i.k.p.i.AbstractProblemLoader Environment load took 508.8ns 
9700       INFO  main            d.u.i.k.p.i.AbstractProblemLoader Creating init config 
12656      DEBUG main            d.u.i.k.p.i.AbstractProblemLoader Init config took 2.96s 
12720      INFO  main            d.u.i.k.p.i.AbstractProblemLoader Replaying proof ExampleObserver[ExampleObserver::ExampleObserver(ExampleSubject)].JML normal_behavior operation contract.0 
12921      DEBUG main            d.u.i.k.p.i.IntermediateProofReplayer Proof replay took 193.16ms 
12930      DEBUG main            d.u.i.k.p.r.p.TestFile    ... success: reloaded. 
12934      INFO  main            d.u.i.k.p.r.p.TestFile    Now processing file /home/runner/work/key/key/key.core/../key.ui/examples/heap/observer/ExampleObserver_inv.key 
12934      INFO  main            d.u.i.k.p.i.AbstractProblemLoader Loading environment from /home/runner/work/key/key/key.core/../key.ui/examples/heap/observer/ExampleObserver_inv.key 
12934      DEBUG main            d.u.i.k.p.i.AbstractProblemLoader Environment load took 240.2ns 
12939      INFO  main            d.u.i.k.p.i.AbstractProblemLoader Creating init config 
15758      DEBUG main            d.u.i.k.p.i.AbstractProblemLoader Init config took 2.82s 
15818      INFO  main            d.u.i.k.p.i.AbstractProblemLoader Replaying proof ExampleObserver[java.lang.Object::<inv>()].JML accessible clause.0 
15821      DEBUG main            d.u.i.k.p.i.IntermediateProofReplayer Proof replay took 5.8ns 
15923      INFO  main            d.u.i.k.p.r.p.TestFile    ... finished proof: closed. 
16065      INFO  main            d.u.i.k.p.i.AbstractProblemLoader Loading environment from /home/runner/work/key/key/key.core/../key.ui/examples/heap/observer/ExampleObserver_inv.key.proof 
16066      DEBUG main            d.u.i.k.p.i.AbstractProblemLoader Environment load took 131ns 
16067      INFO  main            d.u.i.k.p.i.AbstractProblemLoader Creating init config 
18733      DEBUG main            d.u.i.k.p.i.AbstractProblemLoader Init config took 2.67s 
18785      INFO  main            d.u.i.k.p.i.AbstractProblemLoader Replaying proof ExampleObserver[java.lang.Object::<inv>()].JML accessible clause.0 
18804      DEBUG main            d.u.i.k.p.i.IntermediateProofReplayer Proof replay took 15.79ms 
18805      DEBUG main            d.u.i.k.p.r.p.TestFile    ... success: reloaded. 
18806      INFO  main            d.u.i.k.p.r.p.TestFile    Now processing file /home/runner/work/key/key/key.core/../key.ui/examples/heap/observer/ExampleObserver_subject.key 
18807      INFO  main            d.u.i.k.p.i.AbstractProblemLoader Loading environment from /home/runner/work/key/key/key.core/../key.ui/examples/heap/observer/ExampleObserver_subject.key 
18807      DEBUG main            d.u.i.k.p.i.AbstractProblemLoader Environment load took 270.1ns 
18808      INFO  main            d.u.i.k.p.i.AbstractProblemLoader Creating init config 
21510      DEBUG main            d.u.i.k.p.i.AbstractProblemLoader Init config took 2.7s 
21558      INFO  main            d.u.i.k.p.i.AbstractProblemLoader Replaying proof Observer[Observer::$subject()].JML accessible clause.0 
21560      DEBUG main            d.u.i.k.p.i.IntermediateProofReplayer Proof replay took 6.1ns 
21662      INFO  main            d.u.i.k.p.r.p.TestFile    ... finished proof: closed. 
21806      INFO  main            d.u.i.k.p.i.AbstractProblemLoader Loading environment from /home/runner/work/key/key/key.core/../key.ui/examples/heap/observer/ExampleObserver_subject.key.proof 
21806      DEBUG main            d.u.i.k.p.i.AbstractProblemLoader Environment load took 131ns 
21807      INFO  main            d.u.i.k.p.i.AbstractProblemLoader Creating init config 
24420      DEBUG main            d.u.i.k.p.i.AbstractProblemLoader Init config took 2.61s 
24466      INFO  main            d.u.i.k.p.i.AbstractProblemLoader Replaying proof Observer[Observer::$subject()].JML accessible clause.0 
24470      DEBUG main            d.u.i.k.p.i.IntermediateProofReplayer Proof replay took 2.14ms 
24471      DEBUG main            d.u.i.k.p.r.p.TestFile    ... success: reloaded. 
24472      INFO  main            d.u.i.k.p.r.p.TestFile    Now processing file /home/runner/work/key/key/key.core/../key.ui/examples/heap/observer/ExampleObserver_update.key 
24472      INFO  main            d.u.i.k.p.i.AbstractProblemLoader Loading environment from /home/runner/work/key/key/key.core/../key.ui/examples/heap/observer/ExampleObserver_update.key 
24472      DEBUG main            d.u.i.k.p.i.AbstractProblemLoader Environment load took 103.8ns 
24473      INFO  main            d.u.i.k.p.i.AbstractProblemLoader Creating init config 
27140      DEBUG main            d.u.i.k.p.i.AbstractProblemLoader Init config took 2.67s 
27188      INFO  main            d.u.i.k.p.i.AbstractProblemLoader Replaying proof ExampleObserver[Observer::update()].JML normal_behavior operation contract.0 
27190      DEBUG main            d.u.i.k.p.i.IntermediateProofReplayer Proof replay took 5.9ns 
27493      INFO  main            d.u.i.k.p.r.p.TestFile    ... finished proof: closed. 
27652      INFO  main            d.u.i.k.p.i.AbstractProblemLoader Loading environment from /home/runner/work/key/key/key.core/../key.ui/examples/heap/observer/ExampleObserver_update.key.proof 
27653      DEBUG main            d.u.i.k.p.i.AbstractProblemLoader Environment load took 913.91ns 
27654      INFO  main            d.u.i.k.p.i.AbstractProblemLoader Creating init config 
30290      DEBUG main            d.u.i.k.p.i.AbstractProblemLoader Init config took 2.64s 
30342      INFO  main            d.u.i.k.p.i.AbstractProblemLoader Replaying proof ExampleObserver[Observer::update()].JML normal_behavior operation contract.0 
30428      DEBUG main            d.u.i.k.p.i.IntermediateProofReplayer Proof replay took 79.66ms 
30430      DEBUG main            d.u.i.k.p.r.p.TestFile    ... success: reloaded. 
30431      INFO  main            d.u.i.k.p.r.p.TestFile    Now processing file /home/runner/work/key/key/key.core/../key.ui/examples/heap/observer/ExampleObserver_upToDate.key 
30432      INFO  main            d.u.i.k.p.i.AbstractProblemLoader Loading environment from /home/runner/work/key/key/key.core/../key.ui/examples/heap/observer/ExampleObserver_upToDate.key 
30432      DEBUG main            d.u.i.k.p.i.AbstractProblemLoader Environment load took 110.9ns 
30433      INFO  main            d.u.i.k.p.i.AbstractProblemLoader Creating init config 
33069      DEBUG main            d.u.i.k.p.i.AbstractProblemLoader Init config took 2.64s 
33113      INFO  main            d.u.i.k.p.i.AbstractProblemLoader Replaying proof ExampleObserver[Observer::$upToDate()].JML accessible clause.0 
33115      DEBUG main            d.u.i.k.p.i.IntermediateProofReplayer Proof replay took 5.9ns 
33220      INFO  main            d.u.i.k.p.r.p.TestFile    ... finished proof: closed. 
33382      INFO  main            d.u.i.k.p.i.AbstractProblemLoader Loading environment from /home/runner/work/key/key/key.core/../key.ui/examples/heap/observer/ExampleObserver_upToDate.key.proof 
33382      DEBUG main            d.u.i.k.p.i.AbstractProblemLoader Environment load took 125.7ns 
33384      INFO  main            d.u.i.k.p.i.AbstractProblemLoader Creating init config 
35974      DEBUG main            d.u.i.k.p.i.AbstractProblemLoader Init config took 2.59s 
36019      INFO  main            d.u.i.k.p.i.AbstractProblemLoader Replaying proof ExampleObserver[Observer::$upToDate()].JML accessible clause.0 
36040      DEBUG main            d.u.i.k.p.i.IntermediateProofReplayer Proof replay took 18.24ms 
36041      DEBUG main            d.u.i.k.p.r.p.TestFile    ... success: reloaded. 
36042      INFO  main            d.u.i.k.p.r.p.TestFile    Now processing file /home/runner/work/key/key/key.core/../key.ui/examples/heap/observer/ExampleObserver_value.key 
36042      INFO  main            d.u.i.k.p.i.AbstractProblemLoader Loading environment from /home/runner/work/key/key/key.core/../key.ui/examples/heap/observer/ExampleObserver_value.key 
36042      DEBUG main            d.u.i.k.p.i.AbstractProblemLoader Environment load took 129.3ns 
36043      INFO  main            d.u.i.k.p.i.AbstractProblemLoader Creating init config 
38686      DEBUG main            d.u.i.k.p.i.AbstractProblemLoader Init config took 2.64s 
38737      INFO  main            d.u.i.k.p.i.AbstractProblemLoader Replaying proof ExampleObserver[ExampleObserver::value()].JML normal_behavior operation contract.0 
38739      DEBUG main            d.u.i.k.p.i.IntermediateProofReplayer Proof replay took 6.1ns 
38844      INFO  main            d.u.i.k.p.r.p.TestFile    ... finished proof: closed. 
39004      INFO  main            d.u.i.k.p.i.AbstractProblemLoader Loading environment from /home/runner/work/key/key/key.core/../key.ui/examples/heap/observer/ExampleObserver_value.key.proof 
39004      DEBUG main            d.u.i.k.p.i.AbstractProblemLoader Environment load took 166.6ns 
39005      INFO  main            d.u.i.k.p.i.AbstractProblemLoader Creating init config 
41559      DEBUG main            d.u.i.k.p.i.AbstractProblemLoader Init config took 2.55s 
41603      INFO  main            d.u.i.k.p.i.AbstractProblemLoader Replaying proof ExampleObserver[ExampleObserver::value()].JML normal_behavior operation contract.0 
41623      DEBUG main            d.u.i.k.p.i.IntermediateProofReplayer Proof replay took 17.93ms 
41624      DEBUG main            d.u.i.k.p.r.p.TestFile    ... success: reloaded. 
41625      INFO  main            d.u.i.k.p.r.p.TestFile    Now processing file /home/runner/work/key/key/key.core/../key.ui/examples/heap/observer/ExampleSubject_addObserver.key 
41625      INFO  main            d.u.i.k.p.i.AbstractProblemLoader Loading environment from /home/runner/work/key/key/key.core/../key.ui/examples/heap/observer/ExampleSubject_addObserver.key 
41626      DEBUG main            d.u.i.k.p.i.AbstractProblemLoader Environment load took 119.7ns 
41626      INFO  main            d.u.i.k.p.i.AbstractProblemLoader Creating init config 
44202      DEBUG main            d.u.i.k.p.i.AbstractProblemLoader Init config took 2.58s 
44249      INFO  main            d.u.i.k.p.i.AbstractProblemLoader Replaying proof ExampleSubject[Subject::addObserver(Observer)].JML normal_behavior operation contract.0 
44251      DEBUG main            d.u.i.k.p.i.IntermediateProofReplayer Proof replay took 6.7ns 
49809      INFO  main            d.u.i.k.p.r.p.TestFile    ... finished proof: closed. 
50055      INFO  main            d.u.i.k.p.i.AbstractProblemLoader Loading environment from /home/runner/work/key/key/key.core/../key.ui/examples/heap/observer/ExampleSubject_addObserver.key.proof 
50056      DEBUG main            d.u.i.k.p.i.AbstractProblemLoader Environment load took 453.5ns 
50059      INFO  main            d.u.i.k.p.i.AbstractProblemLoader Creating init config 
52569      DEBUG main            d.u.i.k.p.i.AbstractProblemLoader Init config took 2.51s 
52613      INFO  main            d.u.i.k.p.i.AbstractProblemLoader Replaying proof ExampleSubject[Subject::addObserver(Observer)].JML normal_behavior operation contract.0 
53337      DEBUG main            d.u.i.k.p.i.IntermediateProofReplayer Proof replay took 700.86ms 
53340      DEBUG main            d.u.i.k.p.r.p.TestFile    ... success: reloaded. 
53341      INFO  main            d.u.i.k.p.r.p.TestFile    Now processing file /home/runner/work/key/key/key.core/../key.ui/examples/heap/observer/ExampleSubject_change.key 
53341      INFO  main            d.u.i.k.p.i.AbstractProblemLoader Loading environment from /home/runner/work/key/key/key.core/../key.ui/examples/heap/observer/ExampleSubject_change.key 
53342      DEBUG main            d.u.i.k.p.i.AbstractProblemLoader Environment load took 212.1ns 
53343      INFO  main            d.u.i.k.p.i.AbstractProblemLoader Creating init config 
55948      DEBUG main            d.u.i.k.p.i.AbstractProblemLoader Init config took 2.61s 
55991      INFO  main            d.u.i.k.p.i.AbstractProblemLoader Replaying proof ExampleSubject[ExampleSubject::change()].JML normal_behavior operation contract.0 
55993      DEBUG main            d.u.i.k.p.i.IntermediateProofReplayer Proof replay took 7.3ns 
56496      INFO  main            d.u.i.k.p.r.p.TestFile    ... finished proof: closed. 
56666      INFO  main            d.u.i.k.p.i.AbstractProblemLoader Loading environment from /home/runner/work/key/key/key.core/../key.ui/examples/heap/observer/ExampleSubject_change.key.proof 
56667      DEBUG main            d.u.i.k.p.i.AbstractProblemLoader Environment load took 635.3ns 
56668      INFO  main            d.u.i.k.p.i.AbstractProblemLoader Creating init config 
59197      DEBUG main            d.u.i.k.p.i.AbstractProblemLoader Init config took 2.53s 
59240      INFO  main            d.u.i.k.p.i.AbstractProblemLoader Replaying proof ExampleSubject[ExampleSubject::change()].JML normal_behavior operation contract.0 
59323      DEBUG main            d.u.i.k.p.i.IntermediateProofReplayer Proof replay took 77.78ms 
59325      DEBUG main            d.u.i.k.p.r.p.TestFile    ... success: reloaded. 
59326      INFO  main            d.u.i.k.p.r.p.TestFile    Now processing file /home/runner/work/key/key/key.core/../key.ui/examples/heap/observer/ExampleSubject_ExampleSubject.key 
59326      INFO  main            d.u.i.k.p.i.AbstractProblemLoader Loading environment from /home/runner/work/key/key/key.core/../key.ui/examples/heap/observer/ExampleSubject_ExampleSubject.key 
59327      DEBUG main            d.u.i.k.p.i.AbstractProblemLoader Environment load took 236.8ns 
59328      INFO  main            d.u.i.k.p.i.AbstractProblemLoader Creating init config 
61915      DEBUG main            d.u.i.k.p.i.AbstractProblemLoader Init config took 2.59s 
61959      INFO  main            d.u.i.k.p.i.AbstractProblemLoader Replaying proof ExampleSubject[ExampleSubject::ExampleSubject()].JML normal_behavior operation contract.0 
61961      DEBUG main            d.u.i.k.p.i.IntermediateProofReplayer Proof replay took 15.3ns 
62880      INFO  main            d.u.i.k.p.r.p.TestFile    ... finished proof: closed. 
63073      INFO  main            d.u.i.k.p.i.AbstractProblemLoader Loading environment from /home/runner/work/key/key/key.core/../key.ui/examples/heap/observer/ExampleSubject_ExampleSubject.key.proof 
63074      DEBUG main            d.u.i.k.p.i.AbstractProblemLoader Environment load took 468.2ns 
63077      INFO  main            d.u.i.k.p.i.AbstractProblemLoader Creating init config 
65639      DEBUG main            d.u.i.k.p.i.AbstractProblemLoader Init config took 2.56s 
65684      INFO  main            d.u.i.k.p.i.AbstractProblemLoader Replaying proof ExampleSubject[ExampleSubject::ExampleSubject()].JML normal_behavior operation contract.0 
65868      DEBUG main            d.u.i.k.p.i.IntermediateProofReplayer Proof replay took 176.77ms 
65869      DEBUG main            d.u.i.k.p.r.p.TestFile    ... success: reloaded. 
65870      INFO  main            d.u.i.k.p.r.p.TestFile    Now processing file /home/runner/work/key/key/key.core/../key.ui/examples/heap/observer/ExampleSubject_footprint.key 
65871      INFO  main            d.u.i.k.p.i.AbstractProblemLoader Loading environment from /home/runner/work/key/key/key.core/../key.ui/examples/heap/observer/ExampleSubject_footprint.key 
65871      DEBUG main            d.u.i.k.p.i.AbstractProblemLoader Environment load took 277.4ns 
65872      INFO  main            d.u.i.k.p.i.AbstractProblemLoader Creating init config 
68388      DEBUG main            d.u.i.k.p.i.AbstractProblemLoader Init config took 2.52s 
68457      INFO  main            d.u.i.k.p.i.AbstractProblemLoader Replaying proof ExampleSubject[Subject::$footprint()].JML accessible clause.0 
68459      DEBUG main            d.u.i.k.p.i.IntermediateProofReplayer Proof replay took 6.9ns 
68564      INFO  main            d.u.i.k.p.r.p.TestFile    ... finished proof: closed. 
68754      INFO  main            d.u.i.k.p.i.AbstractProblemLoader Loading environment from /home/runner/work/key/key/key.core/../key.ui/examples/heap/observer/ExampleSubject_footprint.key.proof 
68754      DEBUG main            d.u.i.k.p.i.AbstractProblemLoader Environment load took 122.7ns 
68756      INFO  main            d.u.i.k.p.i.AbstractProblemLoader Creating init config 
71280      DEBUG main            d.u.i.k.p.i.AbstractProblemLoader Init config took 2.52s 
71323      INFO  main            d.u.i.k.p.i.AbstractProblemLoader Replaying proof ExampleSubject[Subject::$footprint()].JML accessible clause.0 
71341      DEBUG main            d.u.i.k.p.i.IntermediateProofReplayer Proof replay took 15.04ms 
71343      DEBUG main            d.u.i.k.p.r.p.TestFile    ... success: reloaded. 
71345      INFO  main            d.u.i.k.p.r.p.TestFile    Now processing file /home/runner/work/key/key/key.core/../key.ui/examples/heap/observer/ExampleSubject_inv.key 
71345      INFO  main            d.u.i.k.p.i.AbstractProblemLoader Loading environment from /home/runner/work/key/key/key.core/../key.ui/examples/heap/observer/ExampleSubject_inv.key 
71345      DEBUG main            d.u.i.k.p.i.AbstractProblemLoader Environment load took 244.4ns 
71346      INFO  main            d.u.i.k.p.i.AbstractProblemLoader Creating init config 
73979      DEBUG main            d.u.i.k.p.i.AbstractProblemLoader Init config took 2.63s 
74021      INFO  main            d.u.i.k.p.i.AbstractProblemLoader Replaying proof ExampleSubject[java.lang.Object::<inv>()].JML accessible clause.0 
74023      DEBUG main            d.u.i.k.p.i.IntermediateProofReplayer Proof replay took 6.7ns 
75127      INFO  main            d.u.i.k.p.r.p.TestFile    ... finished proof: closed. 
75327      INFO  main            d.u.i.k.p.i.AbstractProblemLoader Loading environment from /home/runner/work/key/key/key.core/../key.ui/examples/heap/observer/ExampleSubject_inv.key.proof 
75327      DEBUG main            d.u.i.k.p.i.AbstractProblemLoader Environment load took 479.6ns 
75334      INFO  main            d.u.i.k.p.i.AbstractProblemLoader Creating init config 
77865      DEBUG main            d.u.i.k.p.i.AbstractProblemLoader Init config took 2.53s 
77907      INFO  main            d.u.i.k.p.i.AbstractProblemLoader Replaying proof ExampleSubject[java.lang.Object::<inv>()].JML accessible clause.0 
78022      DEBUG main            d.u.i.k.p.i.IntermediateProofReplayer Proof replay took 107.92ms 
78023      DEBUG main            d.u.i.k.p.r.p.TestFile    ... success: reloaded. 
78024      INFO  main            d.u.i.k.p.r.p.TestFile    Now processing file /home/runner/work/key/key/key.core/../key.ui/examples/heap/observer/ExampleSubject_notifyObservers.key 
78025      INFO  main            d.u.i.k.p.i.AbstractProblemLoader Loading environment from /home/runner/work/key/key/key.core/../key.ui/examples/heap/observer/ExampleSubject_notifyObservers.key 
78025      DEBUG main            d.u.i.k.p.i.AbstractProblemLoader Environment load took 231.2ns 
78026      INFO  main            d.u.i.k.p.i.AbstractProblemLoader Creating init config 
80573      DEBUG main            d.u.i.k.p.i.AbstractProblemLoader Init config took 2.55s 
80616      INFO  main            d.u.i.k.p.i.AbstractProblemLoader Replaying proof Subject[Subject::notifyObservers()].JML normal_behavior operation contract.0 
80617      DEBUG main            d.u.i.k.p.i.IntermediateProofReplayer Proof replay took 6.8ns 
80719      INFO  main            d.u.i.k.p.r.p.TestFile    ... finished proof: closed. 
80919      INFO  main            d.u.i.k.p.i.AbstractProblemLoader Loading environment from /home/runner/work/key/key/key.core/../key.ui/examples/heap/observer/ExampleSubject_notifyObservers.key.proof 
80919      DEBUG main            d.u.i.k.p.i.AbstractProblemLoader Environment load took 126.8ns 
80920      INFO  main            d.u.i.k.p.i.AbstractProblemLoader Creating init config 
83448      DEBUG main            d.u.i.k.p.i.AbstractProblemLoader Init config took 2.53s 
83499      INFO  main            d.u.i.k.p.i.AbstractProblemLoader Replaying proof Subject[Subject::notifyObservers()].JML normal_behavior operation contract.0 
83503      DEBUG main            d.u.i.k.p.i.IntermediateProofReplayer Proof replay took 2.61ms 
83504      DEBUG main            d.u.i.k.p.r.p.TestFile    ... success: reloaded. 
83505      INFO  main            d.u.i.k.p.r.p.TestFile    Now processing file /home/runner/work/key/key/key.core/../key.ui/examples/heap/observer/ExampleSubject_value_dep.key 
83505      INFO  main            d.u.i.k.p.i.AbstractProblemLoader Loading environment from /home/runner/work/key/key/key.core/../key.ui/examples/heap/observer/ExampleSubject_value_dep.key 
83505      DEBUG main            d.u.i.k.p.i.AbstractProblemLoader Environment load took 96.4ns 
83507      INFO  main            d.u.i.k.p.i.AbstractProblemLoader Creating init config 
86004      DEBUG main            d.u.i.k.p.i.AbstractProblemLoader Init config took 2.5s 
86048      INFO  main            d.u.i.k.p.i.AbstractProblemLoader Replaying proof ExampleSubject[ExampleSubject::value()].JML accessible clause.0 
86051      DEBUG main            d.u.i.k.p.i.IntermediateProofReplayer Proof replay took 7.6ns 
86153      INFO  main            d.u.i.k.p.r.p.TestFile    ... finished proof: closed. 
86450      INFO  main            d.u.i.k.p.i.AbstractProblemLoader Loading environment from /home/runner/work/key/key/key.core/../key.ui/examples/heap/observer/ExampleSubject_value_dep.key.proof 
86450      DEBUG main            d.u.i.k.p.i.AbstractProblemLoader Environment load took 124.8ns 
86452      INFO  main            d.u.i.k.p.i.AbstractProblemLoader Creating init config 
88997      DEBUG main            d.u.i.k.p.i.AbstractProblemLoader Init config took 2.55s 
89042      INFO  main            d.u.i.k.p.i.AbstractProblemLoader Replaying proof ExampleSubject[ExampleSubject::value()].JML accessible clause.0 
89057      DEBUG main            d.u.i.k.p.i.IntermediateProofReplayer Proof replay took 12.87ms 
89057      DEBUG main            d.u.i.k.p.r.p.TestFile    ... success: reloaded. 
89059      INFO  main            d.u.i.k.p.r.p.TestFile    Now processing file /home/runner/work/key/key/key.core/../key.ui/examples/heap/observer/ExampleSubject_value.key 
89059      INFO  main            d.u.i.k.p.i.AbstractProblemLoader Loading environment from /home/runner/work/key/key/key.core/../key.ui/examples/heap/observer/ExampleSubject_value.key 
89059      DEBUG main            d.u.i.k.p.i.AbstractProblemLoader Environment load took 93.9ns 
89060      INFO  main            d.u.i.k.p.i.AbstractProblemLoader Creating init config 
91573      DEBUG main            d.u.i.k.p.i.AbstractProblemLoader Init config took 2.51s 
91613      INFO  main            d.u.i.k.p.i.AbstractProblemLoader Replaying proof ExampleSubject[ExampleSubject::value()].JML normal_behavior operation contract.0 
91614      DEBUG main            d.u.i.k.p.i.IntermediateProofReplayer Proof replay took 7.2ns 
91720      INFO  main            d.u.i.k.p.r.p.TestFile    ... finished proof: closed. 
91977      INFO  main            d.u.i.k.p.i.AbstractProblemLoader Loading environment from /home/runner/work/key/key/key.core/../key.ui/examples/heap/observer/ExampleSubject_value.key.proof 
91977      DEBUG main            d.u.i.k.p.i.AbstractProblemLoader Environment load took 115.3ns 
91978      INFO  main            d.u.i.k.p.i.AbstractProblemLoader Creating init config 
94457      DEBUG main            d.u.i.k.p.i.AbstractProblemLoader Init config took 2.48s 
94506      INFO  main            d.u.i.k.p.i.AbstractProblemLoader Replaying proof ExampleSubject[ExampleSubject::value()].JML normal_behavior operation contract.0 
94518      DEBUG main            d.u.i.k.p.i.IntermediateProofReplayer Proof replay took 9.93ms 
94519      DEBUG main            d.u.i.k.p.r.p.TestFile    ... success: reloaded. 
1461650    INFO  Test worker     d.u.i.k.p.r.RunAllProofsTestUnit Returning from test observer 
1461651    INFO  Test worker     d.u.i.k.p.r.RunAllProofsTestUnit Running test removeDups 
358        INFO  Timeout watchdog d.u.i.k.p.r.p.ForkedTestFileRunner Timeout watcher launched (2000 secs.) 
360        WARN  main            d.u.i.k.s.ProofSettings   The settings in /home/runner/.key/proof-settings.props are *not* read. 
413        INFO  main            d.u.i.k.p.r.p.TestFile    Now processing file /home/runner/work/key/key/key.core/../key.ui/examples/heap/removeDups/arrayPart.key 
537        INFO  main            d.u.i.k.p.i.AbstractProblemLoader Loading environment from /home/runner/work/key/key/key.core/../key.ui/examples/heap/removeDups/arrayPart.key 
560        DEBUG main            d.u.i.k.p.i.AbstractProblemLoader Environment load took 4.52ms 
766        INFO  main            d.u.i.k.p.i.AbstractProblemLoader Creating init config 
1591       DEBUG main            d.u.i.k.j.TypeConverter   No LDT found for Meta 
1593       DEBUG main            d.u.i.k.j.TypeConverter   No LDT found for Meta 
1594       DEBUG main            d.u.i.k.j.TypeConverter   No LDT found for Meta 
1594       DEBUG main            d.u.i.k.j.TypeConverter   No LDT found for Meta 
2831       DEBUG main            d.u.i.k.j.TypeConverter   No LDT found for JavaBigintExpression 
7846       DEBUG main            d.u.i.k.p.i.AbstractProblemLoader Init config took 7.08s 
7966       INFO  main            d.u.i.k.p.i.AbstractProblemLoader Replaying proof RemoveDup[RemoveDup::arrayPart([I,int)].JML normal_behavior operation contract.0 
7998       DEBUG main            d.u.i.k.p.i.IntermediateProofReplayer Proof replay took 32.6ns 
10446      INFO  main            d.u.i.k.p.r.p.TestFile    ... finished proof: closed. 
10611      INFO  main            d.u.i.k.p.i.AbstractProblemLoader Loading environment from /home/runner/work/key/key/key.core/../key.ui/examples/heap/removeDups/arrayPart.key.proof 
10612      DEBUG main            d.u.i.k.p.i.AbstractProblemLoader Environment load took 760.8ns 
10614      INFO  main            d.u.i.k.p.i.AbstractProblemLoader Creating init config 
13609      DEBUG main            d.u.i.k.p.i.AbstractProblemLoader Init config took 2.99s 
13681      INFO  main            d.u.i.k.p.i.AbstractProblemLoader Replaying proof RemoveDup[RemoveDup::arrayPart([I,int)].JML normal_behavior operation contract.0 
13984      DEBUG main            d.u.i.k.p.i.IntermediateProofReplayer Proof replay took 290.35ms 
13992      DEBUG main            d.u.i.k.p.r.p.TestFile    ... success: reloaded. 
13993      INFO  main            d.u.i.k.p.r.p.TestFile    Now processing file /home/runner/work/key/key/key.core/../key.ui/examples/heap/removeDups/contains.key 
13994      INFO  main            d.u.i.k.p.i.AbstractProblemLoader Loading environment from /home/runner/work/key/key/key.core/../key.ui/examples/heap/removeDups/contains.key 
13994      DEBUG main            d.u.i.k.p.i.AbstractProblemLoader Environment load took 255ns 
13995      INFO  main            d.u.i.k.p.i.AbstractProblemLoader Creating init config 
16899      DEBUG main            d.u.i.k.p.i.AbstractProblemLoader Init config took 2.9s 
16966      INFO  main            d.u.i.k.p.i.AbstractProblemLoader Replaying proof RemoveDup[RemoveDup::contains([I,int,int)].JML normal_behavior operation contract.0 
16971      DEBUG main            d.u.i.k.p.i.IntermediateProofReplayer Proof replay took 6.9ns 
17578      INFO  main            d.u.i.k.p.r.p.TestFile    ... finished proof: closed. 
17732      INFO  main            d.u.i.k.p.i.AbstractProblemLoader Loading environment from /home/runner/work/key/key/key.core/../key.ui/examples/heap/removeDups/contains.key.proof 
17733      DEBUG main            d.u.i.k.p.i.AbstractProblemLoader Environment load took 611.9ns 
17735      INFO  main            d.u.i.k.p.i.AbstractProblemLoader Creating init config 
20500      DEBUG main            d.u.i.k.p.i.AbstractProblemLoader Init config took 2.76s 
20547      INFO  main            d.u.i.k.p.i.AbstractProblemLoader Replaying proof RemoveDup[RemoveDup::contains([I,int,int)].JML normal_behavior operation contract.0 
20657      DEBUG main            d.u.i.k.p.i.IntermediateProofReplayer Proof replay took 104.59ms 
20659      DEBUG main            d.u.i.k.p.r.p.TestFile    ... success: reloaded. 
20660      INFO  main            d.u.i.k.p.r.p.TestFile    Now processing file /home/runner/work/key/key/key.core/../key.ui/examples/heap/removeDups/removeDup.key 
20660      INFO  main            d.u.i.k.p.i.AbstractProblemLoader Loading environment from /home/runner/work/key/key/key.core/../key.ui/examples/heap/removeDups/removeDup.key 
20660      DEBUG main            d.u.i.k.p.i.AbstractProblemLoader Environment load took 264.7ns 
20662      INFO  main            d.u.i.k.p.i.AbstractProblemLoader Creating init config 
23392      DEBUG main            d.u.i.k.p.i.AbstractProblemLoader Init config took 2.73s 
23438      INFO  main            d.u.i.k.p.i.AbstractProblemLoader Replaying proof RemoveDup[RemoveDup::removeDup([I)].JML normal_behavior operation contract.0 
23440      DEBUG main            d.u.i.k.p.i.IntermediateProofReplayer Proof replay took 6.6ns 
28097      DEBUG Thread-7        d.u.i.k.j.d.VariableSpecification Program match. Variables have different dimension (template #v0 = #vi;, source a#11[] = var;) 
48993      INFO  main            d.u.i.k.p.r.p.TestFile    ... finished proof: closed. 
49230      INFO  main            d.u.i.k.p.i.AbstractProblemLoader Loading environment from /home/runner/work/key/key/key.core/../key.ui/examples/heap/removeDups/removeDup.key.proof 
49231      DEBUG main            d.u.i.k.p.i.AbstractProblemLoader Environment load took 486.1ns 
49236      INFO  main            d.u.i.k.p.i.AbstractProblemLoader Creating init config 
51904      DEBUG main            d.u.i.k.p.i.AbstractProblemLoader Init config took 2.67s 
51973      INFO  main            d.u.i.k.p.i.AbstractProblemLoader Replaying proof RemoveDup[RemoveDup::removeDup([I)].JML normal_behavior operation contract.0 
53951      DEBUG main            d.u.i.k.p.i.IntermediateProofReplayer Proof replay took 1.87s 
53956      DEBUG main            d.u.i.k.p.r.p.TestFile    ... success: reloaded. 
53957      INFO  main            d.u.i.k.p.r.p.TestFile    Now processing file /home/runner/work/key/key/key.core/../key.ui/examples/heap/saddleback_search/Saddleback_search.key 
53957      INFO  main            d.u.i.k.p.i.AbstractProblemLoader Loading environment from /home/runner/work/key/key/key.core/../key.ui/examples/heap/saddleback_search/Saddleback_search.key 
53958      DEBUG main            d.u.i.k.p.i.AbstractProblemLoader Environment load took 232.9ns 
53959      INFO  main            d.u.i.k.p.i.AbstractProblemLoader Creating init config 
56774      DEBUG main            d.u.i.k.p.i.AbstractProblemLoader Init config took 2.81s 
56813      INFO  main            d.u.i.k.p.i.AbstractProblemLoader Replaying proof Saddleback[Saddleback::search([[I,int)].JML normal_behavior operation contract.0 
56821      DEBUG main            d.u.i.k.p.i.IntermediateProofReplayer Proof replay took 5.4ns 
135757     INFO  main            d.u.i.k.p.r.p.TestFile    ... finished proof: closed. 
136150     INFO  main            d.u.i.k.p.i.AbstractProblemLoader Loading environment from /home/runner/work/key/key/key.core/../key.ui/examples/heap/saddleback_search/Saddleback_search.key.proof 
136151     DEBUG main            d.u.i.k.p.i.AbstractProblemLoader Environment load took 475.2ns 
136161     INFO  main            d.u.i.k.p.i.AbstractProblemLoader Creating init config 
138729     DEBUG main            d.u.i.k.p.i.AbstractProblemLoader Init config took 2.57s 
138780     INFO  main            d.u.i.k.p.i.AbstractProblemLoader Replaying proof Saddleback[Saddleback::search([[I,int)].JML normal_behavior operation contract.0 
141332     DEBUG main            d.u.i.k.p.i.IntermediateProofReplayer Proof replay took 2.39s 
141342     DEBUG main            d.u.i.k.p.r.p.TestFile    ... success: reloaded. 
1603148    INFO  Test worker     d.u.i.k.p.r.RunAllProofsTestUnit Returning from test removeDups 
1603149    INFO  Test worker     d.u.i.k.p.r.RunAllProofsTestUnit Running test quicksort 
318        INFO  Timeout watchdog d.u.i.k.p.r.p.ForkedTestFileRunner Timeout watcher launched (2000 secs.) 
329        WARN  main            d.u.i.k.s.ProofSettings   The settings in /home/runner/.key/proof-settings.props are *not* read. 
357        INFO  main            d.u.i.k.p.r.p.TestFile    Now processing file /home/runner/work/key/key/key.core/../key.ui/examples/heap/quicksort/toplevel.key 
462        INFO  main            d.u.i.k.p.i.AbstractProblemLoader Loading environment from /home/runner/work/key/key/key.core/../key.ui/examples/heap/quicksort/toplevel.key 
488        DEBUG main            d.u.i.k.p.i.AbstractProblemLoader Environment load took 1.89ms 
710        INFO  main            d.u.i.k.p.i.AbstractProblemLoader Creating init config 
1666       DEBUG main            d.u.i.k.j.TypeConverter   No LDT found for Meta 
1667       DEBUG main            d.u.i.k.j.TypeConverter   No LDT found for Meta 
1670       DEBUG main            d.u.i.k.j.TypeConverter   No LDT found for Meta 
1671       DEBUG main            d.u.i.k.j.TypeConverter   No LDT found for Meta 
2998       DEBUG main            d.u.i.k.j.TypeConverter   No LDT found for JavaBigintExpression 
8028       DEBUG main            d.u.i.k.p.i.AbstractProblemLoader Init config took 7.32s 
8189       INFO  main            d.u.i.k.p.i.AbstractProblemLoader Replaying proof Quicksort[Quicksort::sort([I)].JML normal_behavior operation contract.0 
8226       DEBUG main            d.u.i.k.p.i.IntermediateProofReplayer Proof replay took 31.1ns 
9573       INFO  main            d.u.i.k.p.r.p.TestFile    ... finished proof: closed. 
9708       INFO  main            d.u.i.k.p.i.AbstractProblemLoader Loading environment from /home/runner/work/key/key/key.core/../key.ui/examples/heap/quicksort/toplevel.key.proof 
9714       DEBUG main            d.u.i.k.p.i.AbstractProblemLoader Environment load took 146.6ns 
9716       INFO  main            d.u.i.k.p.i.AbstractProblemLoader Creating init config 
12643      DEBUG main            d.u.i.k.p.i.AbstractProblemLoader Init config took 2.93s 
12717      INFO  main            d.u.i.k.p.i.AbstractProblemLoader Replaying proof Quicksort[Quicksort::sort([I)].JML normal_behavior operation contract.0 
12947      DEBUG main            d.u.i.k.p.i.IntermediateProofReplayer Proof replay took 222.54ms 
12953      DEBUG main            d.u.i.k.p.r.p.TestFile    ... success: reloaded. 
12959      INFO  main            d.u.i.k.p.r.p.TestFile    Now processing file /home/runner/work/key/key/key.core/../key.ui/examples/heap/quicksort/sort.key 
12959      INFO  main            d.u.i.k.p.i.AbstractProblemLoader Loading environment from /home/runner/work/key/key/key.core/../key.ui/examples/heap/quicksort/sort.key 
12959      DEBUG main            d.u.i.k.p.i.AbstractProblemLoader Environment load took 126.9ns 
12962      INFO  main            d.u.i.k.p.i.AbstractProblemLoader Creating init config 
15875      DEBUG main            d.u.i.k.p.i.AbstractProblemLoader Init config took 2.91s 
15933      INFO  main            d.u.i.k.p.i.AbstractProblemLoader Replaying proof Quicksort[Quicksort::sort([I,int,int)].JML normal_behavior operation contract.0 
15939      DEBUG main            d.u.i.k.p.i.IntermediateProofReplayer Proof replay took 6.7ns 
15967      DEBUG main            d.u.i.k.m.s.ProofScriptEngine 1: 'script 'sort.script'' 
15976      INFO  main            d.u.i.k.m.s.ProofScriptCommand Included script /home/runner/work/key/key/key.core/../key.ui/examples/heap/quicksort/sort.script 
15976      DEBUG main            d.u.i.k.m.s.ProofScriptEngine 1: 'macro autopilot-prep' 
17039      DEBUG main            d.u.i.k.m.s.ProofScriptEngine 2: 'select formula="{heapAtPre:=heap || exc:=null || heap:=heapAfter_sort_0}
   seq ...' 
17044      DEBUG main            d.u.i.k.m.s.ProofScriptEngine 3: 'macro simp-upd' 
17054      DEBUG main            d.u.i.k.m.s.ProofScriptEngine 4: 'let   @seqPre="seqDef{int u;}(0, array.length, array[u])"
    @seqSplit="seqDef ...' 
17057      DEBUG main            d.u.i.k.m.s.ProofScriptEngine 5: 'rule seqPermSym 
  formula="seqPerm(@seqSplit, @seqPre)"' 
17076      DEBUG main            d.u.i.k.m.s.ProofScriptEngine 6: 'rule seqPermSym
  formula="seqPerm(@seqSort, @seqSplit)"' 
17078      DEBUG main            d.u.i.k.m.s.ProofScriptEngine 7: 'rule seqPermSym
  formula="seqPerm(@seqSort0, @seqSort)"' 
17080      DEBUG main            d.u.i.k.m.s.ProofScriptEngine 8: 'rule seqPermTrans
  formula="seqPerm(@seqPre, @seqSplit)"' 
17080      DEBUG main            d.u.i.k.m.s.ProofScriptEngine 9: 'rule seqPermTrans
  formula="seqPerm(@seqPre, @seqSort)"' 
17082      DEBUG main            d.u.i.k.m.s.ProofScriptEngine 10: 'rule seqPermSym
  formula="seqPerm(@seqPre, @seqSort0)"' 
17083      DEBUG main            d.u.i.k.m.s.ProofScriptEngine 11: 'tryclose' 
41348      INFO  main            d.u.i.k.p.r.p.TestFile    ... finished proof: closed. 
41654      INFO  main            d.u.i.k.p.i.AbstractProblemLoader Loading environment from /home/runner/work/key/key/key.core/../key.ui/examples/heap/quicksort/sort.key.proof 
41654      DEBUG main            d.u.i.k.p.i.AbstractProblemLoader Environment load took 473.1ns 
41665      INFO  main            d.u.i.k.p.i.AbstractProblemLoader Creating init config 
44439      DEBUG main            d.u.i.k.p.i.AbstractProblemLoader Init config took 2.77s 
44507      INFO  main            d.u.i.k.p.i.AbstractProblemLoader Replaying proof Quicksort[Quicksort::sort([I,int,int)].JML normal_behavior operation contract.0 
46424      DEBUG main            d.u.i.k.p.i.IntermediateProofReplayer Proof replay took 1.79s 
46442      DEBUG main            d.u.i.k.p.r.p.TestFile    ... success: reloaded. 
46454      INFO  main            d.u.i.k.p.r.p.TestFile    Now processing file /home/runner/work/key/key/key.core/../key.ui/examples/heap/quicksort/split.key 
46454      INFO  main            d.u.i.k.p.i.AbstractProblemLoader Loading environment from /home/runner/work/key/key/key.core/../key.ui/examples/heap/quicksort/split.key 
46455      DEBUG main            d.u.i.k.p.i.AbstractProblemLoader Environment load took 303.8ns 
46456      INFO  main            d.u.i.k.p.i.AbstractProblemLoader Creating init config 
49242      DEBUG main            d.u.i.k.p.i.AbstractProblemLoader Init config took 2.79s 
49294      INFO  main            d.u.i.k.p.i.AbstractProblemLoader Replaying proof Quicksort[Quicksort::split([I,int,int)].JML normal_behavior operation contract.0 
49297      DEBUG main            d.u.i.k.p.i.IntermediateProofReplayer Proof replay took 5.6ns 
49298      DEBUG main            d.u.i.k.m.s.ProofScriptEngine 1: 'macro autopilot-prep' 
50487      DEBUG main            d.u.i.k.m.s.ProofScriptEngine 2: 'tryclose' 
85908      DEBUG main            d.u.i.k.m.s.ProofScriptEngine 3: 'macro simp-upd' 
86024      DEBUG main            d.u.i.k.m.s.ProofScriptEngine 4: 'rule seqPermFromSwap' 
86042      DEBUG main            d.u.i.k.m.s.ProofScriptEngine 5: 'rule andRight' 
86044      DEBUG main            d.u.i.k.m.s.ProofScriptEngine 6: 'auto' 
86071      DEBUG main            d.u.i.k.m.s.ProofScriptEngine 7: 'instantiate hide var=iv with=i_0' 
86076      DEBUG main            d.u.i.k.m.s.ProofScriptEngine 8: 'instantiate hide var=jv with=j_0' 
86078      DEBUG main            d.u.i.k.m.s.ProofScriptEngine 9: 'auto' 
92342      DEBUG main            d.u.i.k.m.s.ProofScriptEngine 10: 'macro simp-upd' 
92418      DEBUG main            d.u.i.k.m.s.ProofScriptEngine 11: 'rule seqPermFromSwap' 
92422      DEBUG main            d.u.i.k.m.s.ProofScriptEngine 12: 'rule andRight' 
92424      DEBUG main            d.u.i.k.m.s.ProofScriptEngine 13: 'auto' 
92437      DEBUG main            d.u.i.k.m.s.ProofScriptEngine 14: 'instantiate hide var=iv with=i_0' 
92440      DEBUG main            d.u.i.k.m.s.ProofScriptEngine 15: 'instantiate hide var=jv with=to' 
92442      DEBUG main            d.u.i.k.m.s.ProofScriptEngine 16: 'auto' 
97268      INFO  main            d.u.i.k.p.r.p.TestFile    ... finished proof: closed. 
97756      INFO  main            d.u.i.k.p.i.AbstractProblemLoader Loading environment from /home/runner/work/key/key/key.core/../key.ui/examples/heap/quicksort/split.key.proof 
97756      DEBUG main            d.u.i.k.p.i.AbstractProblemLoader Environment load took 210.7ns 
97768      INFO  main            d.u.i.k.p.i.AbstractProblemLoader Creating init config 
100348     DEBUG main            d.u.i.k.p.i.AbstractProblemLoader Init config took 2.58s 
100394     INFO  main            d.u.i.k.p.i.AbstractProblemLoader Replaying proof Quicksort[Quicksort::split([I,int,int)].JML normal_behavior operation contract.0 
103941     DEBUG main            d.u.i.k.p.i.IntermediateProofReplayer Proof replay took 3.34s 
103970     DEBUG main            d.u.i.k.p.r.p.TestFile    ... success: reloaded. 
1707481    INFO  Test worker     d.u.i.k.p.r.RunAllProofsTestUnit Returning from test quicksort 
1707482    INFO  Test worker     d.u.i.k.p.r.RunAllProofsTestUnit Running test simpleTests 
316        INFO  Timeout watchdog d.u.i.k.p.r.p.ForkedTestFileRunner Timeout watcher launched (2000 secs.) 
321        WARN  main            d.u.i.k.s.ProofSettings   The settings in /home/runner/.key/proof-settings.props are *not* read. 
369        INFO  main            d.u.i.k.p.r.p.TestFile    Now processing file /home/runner/work/key/key/key.core/../key.ui/examples/heap/simple/anonymise_datagroup.key 
533        INFO  main            d.u.i.k.p.i.AbstractProblemLoader Loading environment from /home/runner/work/key/key/key.core/../key.ui/examples/heap/simple/anonymise_datagroup.key 
554        DEBUG main            d.u.i.k.p.i.AbstractProblemLoader Environment load took 5.43ms 
824        INFO  main            d.u.i.k.p.i.AbstractProblemLoader Creating init config 
1724       DEBUG main            d.u.i.k.j.TypeConverter   No LDT found for Meta 
1724       DEBUG main            d.u.i.k.j.TypeConverter   No LDT found for Meta 
1727       DEBUG main            d.u.i.k.j.TypeConverter   No LDT found for Meta 
1727       DEBUG main            d.u.i.k.j.TypeConverter   No LDT found for Meta 
3296       DEBUG main            d.u.i.k.j.TypeConverter   No LDT found for JavaBigintExpression 
7917       DEBUG main            d.u.i.k.p.i.AbstractProblemLoader Init config took 7.09s 
8002       INFO  main            d.u.i.k.p.i.AbstractProblemLoader Replaying proof anonymise_datagroup.key 
8040       DEBUG main            d.u.i.k.p.i.IntermediateProofReplayer Proof replay took 35.7ns 
8323       INFO  main            d.u.i.k.p.r.p.TestFile    ... finished proof: closed. 
8416       INFO  main            d.u.i.k.p.i.AbstractProblemLoader Loading environment from /home/runner/work/key/key/key.core/../key.ui/examples/heap/simple/anonymise_datagroup.key.proof 
8418       DEBUG main            d.u.i.k.p.i.AbstractProblemLoader Environment load took 1.49ms 
8423       INFO  main            d.u.i.k.p.i.AbstractProblemLoader Creating init config 
11089      DEBUG main            d.u.i.k.p.i.AbstractProblemLoader Init config took 2.67s 
11121      INFO  main            d.u.i.k.p.i.AbstractProblemLoader Replaying proof anonymise_datagroup.key.proof 
11135      DEBUG main            d.u.i.k.p.i.IntermediateProofReplayer Proof replay took 9.39ms 
11148      DEBUG main            d.u.i.k.p.r.p.TestFile    ... success: reloaded. 
11151      INFO  main            d.u.i.k.p.r.p.TestFile    Now processing file /home/runner/work/key/key/key.core/../key.ui/examples/heap/simple/array_creation.key 
11151      INFO  main            d.u.i.k.p.i.AbstractProblemLoader Loading environment from /home/runner/work/key/key/key.core/../key.ui/examples/heap/simple/array_creation.key 
11151      DEBUG main            d.u.i.k.p.i.AbstractProblemLoader Environment load took 81.7ns 
11155      INFO  main            d.u.i.k.p.i.AbstractProblemLoader Creating init config 
13643      DEBUG main            d.u.i.k.p.i.AbstractProblemLoader Init config took 2.49s 
13674      INFO  main            d.u.i.k.p.i.AbstractProblemLoader Replaying proof array_creation.key 
13678      DEBUG main            d.u.i.k.p.i.IntermediateProofReplayer Proof replay took 7.3ns 
14390      INFO  main            d.u.i.k.p.r.p.TestFile    ... finished proof: closed. 
14579      INFO  main            d.u.i.k.p.i.AbstractProblemLoader Loading environment from /home/runner/work/key/key/key.core/../key.ui/examples/heap/simple/array_creation.key.proof 
14580      DEBUG main            d.u.i.k.p.i.AbstractProblemLoader Environment load took 1.11ms 
14584      INFO  main            d.u.i.k.p.i.AbstractProblemLoader Creating init config 
16997      DEBUG main            d.u.i.k.p.i.AbstractProblemLoader Init config took 2.41s 
17023      INFO  main            d.u.i.k.p.i.AbstractProblemLoader Replaying proof array_creation.key.proof 
17115      DEBUG main            d.u.i.k.p.i.IntermediateProofReplayer Proof replay took 87.26ms 
17117      DEBUG main            d.u.i.k.p.r.p.TestFile    ... success: reloaded. 
17119      INFO  main            d.u.i.k.p.r.p.TestFile    Now processing file /home/runner/work/key/key/key.core/../key.ui/examples/heap/simple/arrays_with_disjoint_sorts.key 
17119      INFO  main            d.u.i.k.p.i.AbstractProblemLoader Loading environment from /home/runner/work/key/key/key.core/../key.ui/examples/heap/simple/arrays_with_disjoint_sorts.key 
17120      DEBUG main            d.u.i.k.p.i.AbstractProblemLoader Environment load took 253.6ns 
17121      INFO  main            d.u.i.k.p.i.AbstractProblemLoader Creating init config 
19641      DEBUG main            d.u.i.k.p.i.AbstractProblemLoader Init config took 2.52s 
19671      INFO  main            d.u.i.k.p.i.AbstractProblemLoader Replaying proof arrays_with_disjoint_sorts.key 
19675      DEBUG main            d.u.i.k.p.i.IntermediateProofReplayer Proof replay took 6.1ns 
19888      INFO  main            d.u.i.k.p.r.p.TestFile    ... finished proof: closed. 
20074      INFO  main            d.u.i.k.p.i.AbstractProblemLoader Loading environment from /home/runner/work/key/key/key.core/../key.ui/examples/heap/simple/arrays_with_disjoint_sorts.key.proof 
20077      DEBUG main            d.u.i.k.p.i.AbstractProblemLoader Environment load took 2.84ms 
20078      INFO  main            d.u.i.k.p.i.AbstractProblemLoader Creating init config 
22443      DEBUG main            d.u.i.k.p.i.AbstractProblemLoader Init config took 2.36s 
22466      INFO  main            d.u.i.k.p.i.AbstractProblemLoader Replaying proof arrays_with_disjoint_sorts.key.proof 
22488      DEBUG main            d.u.i.k.p.i.IntermediateProofReplayer Proof replay took 19.15ms 
22489      DEBUG main            d.u.i.k.p.r.p.TestFile    ... success: reloaded. 
22490      INFO  main            d.u.i.k.p.r.p.TestFile    Now processing file /home/runner/work/key/key/key.core/../key.ui/examples/heap/simple/arrays.key 
22491      INFO  main            d.u.i.k.p.i.AbstractProblemLoader Loading environment from /home/runner/work/key/key/key.core/../key.ui/examples/heap/simple/arrays.key 
22491      DEBUG main            d.u.i.k.p.i.AbstractProblemLoader Environment load took 213.4ns 
22492      INFO  main            d.u.i.k.p.i.AbstractProblemLoader Creating init config 
24884      DEBUG main            d.u.i.k.p.i.AbstractProblemLoader Init config took 2.39s 
24905      INFO  main            d.u.i.k.p.i.AbstractProblemLoader Replaying proof arrays.key 
24909      DEBUG main            d.u.i.k.p.i.IntermediateProofReplayer Proof replay took 6.5ns 
25012      INFO  main            d.u.i.k.p.r.p.TestFile    ... finished proof: closed. 
25168      INFO  main            d.u.i.k.p.i.AbstractProblemLoader Loading environment from /home/runner/work/key/key/key.core/../key.ui/examples/heap/simple/arrays.key.proof 
25168      DEBUG main            d.u.i.k.p.i.AbstractProblemLoader Environment load took 145ns 
25169      INFO  main            d.u.i.k.p.i.AbstractProblemLoader Creating init config 
27541      DEBUG main            d.u.i.k.p.i.AbstractProblemLoader Init config took 2.37s 
27564      INFO  main            d.u.i.k.p.i.AbstractProblemLoader Replaying proof arrays.key.proof 
27598      DEBUG main            d.u.i.k.p.i.IntermediateProofReplayer Proof replay took 30.85ms 
27600      DEBUG main            d.u.i.k.p.r.p.TestFile    ... success: reloaded. 
27602      INFO  main            d.u.i.k.p.r.p.TestFile    Now processing file /home/runner/work/key/key/key.core/../key.ui/examples/heap/simple/attributes.key 
27603      INFO  main            d.u.i.k.p.i.AbstractProblemLoader Loading environment from /home/runner/work/key/key/key.core/../key.ui/examples/heap/simple/attributes.key 
27603      DEBUG main            d.u.i.k.p.i.AbstractProblemLoader Environment load took 223.9ns 
27604      INFO  main            d.u.i.k.p.i.AbstractProblemLoader Creating init config 
29963      DEBUG main            d.u.i.k.p.i.AbstractProblemLoader Init config took 2.36s 
29987      INFO  main            d.u.i.k.p.i.AbstractProblemLoader Replaying proof attributes.key 
29989      DEBUG main            d.u.i.k.p.i.IntermediateProofReplayer Proof replay took 6.3ns 
30093      INFO  main            d.u.i.k.p.r.p.TestFile    ... finished proof: closed. 
30253      INFO  main            d.u.i.k.p.i.AbstractProblemLoader Loading environment from /home/runner/work/key/key/key.core/../key.ui/examples/heap/simple/attributes.key.proof 
30254      DEBUG main            d.u.i.k.p.i.AbstractProblemLoader Environment load took 126.1ns 
30255      INFO  main            d.u.i.k.p.i.AbstractProblemLoader Creating init config 
32594      DEBUG main            d.u.i.k.p.i.AbstractProblemLoader Init config took 2.34s 
32616      INFO  main            d.u.i.k.p.i.AbstractProblemLoader Replaying proof attributes.key.proof 
32621      DEBUG main            d.u.i.k.p.i.IntermediateProofReplayer Proof replay took 2.59ms 
32622      DEBUG main            d.u.i.k.p.r.p.TestFile    ... success: reloaded. 
32623      INFO  main            d.u.i.k.p.r.p.TestFile    Now processing file /home/runner/work/key/key/key.core/../key.ui/examples/heap/simple/constructor_contracts.key 
32623      INFO  main            d.u.i.k.p.i.AbstractProblemLoader Loading environment from /home/runner/work/key/key/key.core/../key.ui/examples/heap/simple/constructor_contracts.key 
32624      DEBUG main            d.u.i.k.p.i.AbstractProblemLoader Environment load took 433.5ns 
32626      INFO  main            d.u.i.k.p.i.AbstractProblemLoader Creating init config 
35375      DEBUG main            d.u.i.k.p.i.AbstractProblemLoader Init config took 2.75s 
35397      INFO  main            d.u.i.k.p.i.AbstractProblemLoader Replaying proof constructor_contracts.key 
35399      DEBUG main            d.u.i.k.p.i.IntermediateProofReplayer Proof replay took 7ns 
35906      INFO  main            d.u.i.k.p.r.p.TestFile    ... finished proof: closed. 
36076      INFO  main            d.u.i.k.p.i.AbstractProblemLoader Loading environment from /home/runner/work/key/key/key.core/../key.ui/examples/heap/simple/constructor_contracts.key.proof 
36078      DEBUG main            d.u.i.k.p.i.AbstractProblemLoader Environment load took 1.48ms 
36080      INFO  main            d.u.i.k.p.i.AbstractProblemLoader Creating init config 
38692      DEBUG main            d.u.i.k.p.i.AbstractProblemLoader Init config took 2.61s 
38713      INFO  main            d.u.i.k.p.i.AbstractProblemLoader Replaying proof constructor_contracts.key.proof 
38841      DEBUG main            d.u.i.k.p.i.IntermediateProofReplayer Proof replay took 122.92ms 
38843      DEBUG main            d.u.i.k.p.r.p.TestFile    ... success: reloaded. 
38845      INFO  main            d.u.i.k.p.r.p.TestFile    Now processing file /home/runner/work/key/key/key.core/../key.ui/examples/heap/simple/dependencies.key 
38845      INFO  main            d.u.i.k.p.i.AbstractProblemLoader Loading environment from /home/runner/work/key/key/key.core/../key.ui/examples/heap/simple/dependencies.key 
38846      DEBUG main            d.u.i.k.p.i.AbstractProblemLoader Environment load took 217.9ns 
38847      INFO  main            d.u.i.k.p.i.AbstractProblemLoader Creating init config 
41202      DEBUG main            d.u.i.k.p.i.AbstractProblemLoader Init config took 2.35s 
41222      INFO  main            d.u.i.k.p.i.AbstractProblemLoader Replaying proof dependencies.key 
41224      DEBUG main            d.u.i.k.p.i.IntermediateProofReplayer Proof replay took 7.4ns 
41326      INFO  main            d.u.i.k.p.r.p.TestFile    ... finished proof: closed. 
41536      INFO  main            d.u.i.k.p.i.AbstractProblemLoader Loading environment from /home/runner/work/key/key/key.core/../key.ui/examples/heap/simple/dependencies.key.proof 
41536      DEBUG main            d.u.i.k.p.i.AbstractProblemLoader Environment load took 126.3ns 
41537      INFO  main            d.u.i.k.p.i.AbstractProblemLoader Creating init config 
43829      DEBUG main            d.u.i.k.p.i.AbstractProblemLoader Init config took 2.29s 
43849      INFO  main            d.u.i.k.p.i.AbstractProblemLoader Replaying proof dependencies.key.proof 
43858      DEBUG main            d.u.i.k.p.i.IntermediateProofReplayer Proof replay took 7.42ms 
43859      DEBUG main            d.u.i.k.p.r.p.TestFile    ... success: reloaded. 
43860      INFO  main            d.u.i.k.p.r.p.TestFile    Now processing file /home/runner/work/key/key/key.core/../key.ui/examples/heap/simple/dependency_contracts.key 
43860      INFO  main            d.u.i.k.p.i.AbstractProblemLoader Loading environment from /home/runner/work/key/key/key.core/../key.ui/examples/heap/simple/dependency_contracts.key 
43860      DEBUG main            d.u.i.k.p.i.AbstractProblemLoader Environment load took 201.5ns 
43862      INFO  main            d.u.i.k.p.i.AbstractProblemLoader Creating init config 
46400      DEBUG main            d.u.i.k.p.i.AbstractProblemLoader Init config took 2.54s 
46425      INFO  main            d.u.i.k.p.i.AbstractProblemLoader Replaying proof dependency_contracts.key 
46427      DEBUG main            d.u.i.k.p.i.IntermediateProofReplayer Proof replay took 6.4ns 
47738      INFO  main            d.u.i.k.p.r.p.TestFile    ... finished proof: closed. 
47935      INFO  main            d.u.i.k.p.i.AbstractProblemLoader Loading environment from /home/runner/work/key/key/key.core/../key.ui/examples/heap/simple/dependency_contracts.key.proof 
47935      DEBUG main            d.u.i.k.p.i.AbstractProblemLoader Environment load took 743ns 
47937      INFO  main            d.u.i.k.p.i.AbstractProblemLoader Creating init config 
50513      DEBUG main            d.u.i.k.p.i.AbstractProblemLoader Init config took 2.58s 
50555      INFO  main            d.u.i.k.p.i.AbstractProblemLoader Replaying proof dependency_contracts.key.proof 
50766      DEBUG main            d.u.i.k.p.i.IntermediateProofReplayer Proof replay took 199.41ms 
50768      DEBUG main            d.u.i.k.p.r.p.TestFile    ... success: reloaded. 
50770      INFO  main            d.u.i.k.p.r.p.TestFile    Now processing file /home/runner/work/key/key/key.core/../key.ui/examples/heap/simple/invariant_preservation.key 
50772      INFO  main            d.u.i.k.p.i.AbstractProblemLoader Loading environment from /home/runner/work/key/key/key.core/../key.ui/examples/heap/simple/invariant_preservation.key 
50772      DEBUG main            d.u.i.k.p.i.AbstractProblemLoader Environment load took 127.81ns 
50774      INFO  main            d.u.i.k.p.i.AbstractProblemLoader Creating init config 
53333      DEBUG main            d.u.i.k.p.i.AbstractProblemLoader Init config took 2.56s 
53355      INFO  main            d.u.i.k.p.i.AbstractProblemLoader Replaying proof invariant_preservation.key 
53356      DEBUG main            d.u.i.k.p.i.IntermediateProofReplayer Proof replay took 7ns 
53559      INFO  main            d.u.i.k.p.r.p.TestFile    ... finished proof: closed. 
53772      INFO  main            d.u.i.k.p.i.AbstractProblemLoader Loading environment from /home/runner/work/key/key/key.core/../key.ui/examples/heap/simple/invariant_preservation.key.proof 
53772      DEBUG main            d.u.i.k.p.i.AbstractProblemLoader Environment load took 127.6ns 
53773      INFO  main            d.u.i.k.p.i.AbstractProblemLoader Creating init config 
56296      DEBUG main            d.u.i.k.p.i.AbstractProblemLoader Init config took 2.52s 
56316      INFO  main            d.u.i.k.p.i.AbstractProblemLoader Replaying proof invariant_preservation.key.proof 
56346      DEBUG main            d.u.i.k.p.i.IntermediateProofReplayer Proof replay took 27.76ms 
56348      DEBUG main            d.u.i.k.p.r.p.TestFile    ... success: reloaded. 
56349      INFO  main            d.u.i.k.p.r.p.TestFile    Now processing file /home/runner/work/key/key/key.core/../key.ui/examples/heap/simple/locsets.key 
56349      INFO  main            d.u.i.k.p.i.AbstractProblemLoader Loading environment from /home/runner/work/key/key/key.core/../key.ui/examples/heap/simple/locsets.key 
56349      DEBUG main            d.u.i.k.p.i.AbstractProblemLoader Environment load took 99.2ns 
56350      INFO  main            d.u.i.k.p.i.AbstractProblemLoader Creating init config 
58646      DEBUG main            d.u.i.k.p.i.AbstractProblemLoader Init config took 2.3s 
58663      INFO  main            d.u.i.k.p.i.AbstractProblemLoader Replaying proof locsets.key 
58665      DEBUG main            d.u.i.k.p.i.IntermediateProofReplayer Proof replay took 6.5ns 
58774      INFO  main            d.u.i.k.p.r.p.TestFile    ... finished proof: closed. 
58979      INFO  main            d.u.i.k.p.i.AbstractProblemLoader Loading environment from /home/runner/work/key/key/key.core/../key.ui/examples/heap/simple/locsets.key.proof 
58980      DEBUG main            d.u.i.k.p.i.AbstractProblemLoader Environment load took 134.6ns 
58981      INFO  main            d.u.i.k.p.i.AbstractProblemLoader Creating init config 
61244      DEBUG main            d.u.i.k.p.i.AbstractProblemLoader Init config took 2.26s 
61280      INFO  main            d.u.i.k.p.i.AbstractProblemLoader Replaying proof locsets.key.proof 
61284      DEBUG main            d.u.i.k.p.i.IntermediateProofReplayer Proof replay took 2.13ms 
61285      DEBUG main            d.u.i.k.p.r.p.TestFile    ... success: reloaded. 
61286      INFO  main            d.u.i.k.p.r.p.TestFile    Now processing file /home/runner/work/key/key/key.core/../key.ui/examples/heap/simple/loop1.key 
61287      INFO  main            d.u.i.k.p.i.AbstractProblemLoader Loading environment from /home/runner/work/key/key/key.core/../key.ui/examples/heap/simple/loop1.key 
61287      DEBUG main            d.u.i.k.p.i.AbstractProblemLoader Environment load took 236.31ns 
61290      INFO  main            d.u.i.k.p.i.AbstractProblemLoader Creating init config 
63856      DEBUG main            d.u.i.k.p.i.AbstractProblemLoader Init config took 2.57s 
63873      INFO  main            d.u.i.k.p.i.AbstractProblemLoader Replaying proof loop1.key 
63874      DEBUG main            d.u.i.k.p.i.IntermediateProofReplayer Proof replay took 6.3ns 
64085      INFO  main            d.u.i.k.p.r.p.TestFile    ... finished proof: closed. 
64305      INFO  main            d.u.i.k.p.i.AbstractProblemLoader Loading environment from /home/runner/work/key/key/key.core/../key.ui/examples/heap/simple/loop1.key.proof 
64305      DEBUG main            d.u.i.k.p.i.AbstractProblemLoader Environment load took 123.2ns 
64308      INFO  main            d.u.i.k.p.i.AbstractProblemLoader Creating init config 
66843      DEBUG main            d.u.i.k.p.i.AbstractProblemLoader Init config took 2.53s 
66859      INFO  main            d.u.i.k.p.i.AbstractProblemLoader Replaying proof loop1.key.proof 
66921      DEBUG main            d.u.i.k.p.i.IntermediateProofReplayer Proof replay took 59.54ms 
66922      DEBUG main            d.u.i.k.p.r.p.TestFile    ... success: reloaded. 
66923      INFO  main            d.u.i.k.p.r.p.TestFile    Now processing file /home/runner/work/key/key/key.core/../key.ui/examples/heap/simple/loop2.key 
66924      INFO  main            d.u.i.k.p.i.AbstractProblemLoader Loading environment from /home/runner/work/key/key/key.core/../key.ui/examples/heap/simple/loop2.key 
66924      DEBUG main            d.u.i.k.p.i.AbstractProblemLoader Environment load took 161.7ns 
66925      INFO  main            d.u.i.k.p.i.AbstractProblemLoader Creating init config 
69430      DEBUG main            d.u.i.k.p.i.AbstractProblemLoader Init config took 2.5s 
69447      INFO  main            d.u.i.k.p.i.AbstractProblemLoader Replaying proof loop2.key 
69449      DEBUG main            d.u.i.k.p.i.IntermediateProofReplayer Proof replay took 5.7ns 
69952      INFO  main            d.u.i.k.p.r.p.TestFile    ... finished proof: closed. 
70203      INFO  main            d.u.i.k.p.i.AbstractProblemLoader Loading environment from /home/runner/work/key/key/key.core/../key.ui/examples/heap/simple/loop2.key.proof 
70203      DEBUG main            d.u.i.k.p.i.AbstractProblemLoader Environment load took 433.8ns 
70205      INFO  main            d.u.i.k.p.i.AbstractProblemLoader Creating init config 
72720      DEBUG main            d.u.i.k.p.i.AbstractProblemLoader Init config took 2.51s 
72740      INFO  main            d.u.i.k.p.i.AbstractProblemLoader Replaying proof loop2.key.proof 
72882      DEBUG main            d.u.i.k.p.i.IntermediateProofReplayer Proof replay took 137.72ms 
72884      DEBUG main            d.u.i.k.p.r.p.TestFile    ... success: reloaded. 
72885      INFO  main            d.u.i.k.p.r.p.TestFile    Now processing file /home/runner/work/key/key/key.core/../key.ui/examples/heap/simple/modifies_datagroup.key 
72885      INFO  main            d.u.i.k.p.i.AbstractProblemLoader Loading environment from /home/runner/work/key/key/key.core/../key.ui/examples/heap/simple/modifies_datagroup.key 
72886      DEBUG main            d.u.i.k.p.i.AbstractProblemLoader Environment load took 227.11ns 
72887      INFO  main            d.u.i.k.p.i.AbstractProblemLoader Creating init config 
75145      DEBUG main            d.u.i.k.p.i.AbstractProblemLoader Init config took 2.26s 
75161      INFO  main            d.u.i.k.p.i.AbstractProblemLoader Replaying proof modifies_datagroup.key 
75162      DEBUG main            d.u.i.k.p.i.IntermediateProofReplayer Proof replay took 6ns 
75266      INFO  main            d.u.i.k.p.r.p.TestFile    ... finished proof: closed. 
75490      INFO  main            d.u.i.k.p.i.AbstractProblemLoader Loading environment from /home/runner/work/key/key/key.core/../key.ui/examples/heap/simple/modifies_datagroup.key.proof 
75490      DEBUG main            d.u.i.k.p.i.AbstractProblemLoader Environment load took 117.6ns 
75491      INFO  main            d.u.i.k.p.i.AbstractProblemLoader Creating init config 
77723      DEBUG main            d.u.i.k.p.i.AbstractProblemLoader Init config took 2.23s 
77738      INFO  main            d.u.i.k.p.i.AbstractProblemLoader Replaying proof modifies_datagroup.key.proof 
77743      DEBUG main            d.u.i.k.p.i.IntermediateProofReplayer Proof replay took 3.31ms 
77744      DEBUG main            d.u.i.k.p.r.p.TestFile    ... success: reloaded. 
77745      INFO  main            d.u.i.k.p.r.p.TestFile    Now processing file /home/runner/work/key/key/key.core/../key.ui/examples/heap/simple/modifies.key 
77745      INFO  main            d.u.i.k.p.i.AbstractProblemLoader Loading environment from /home/runner/work/key/key/key.core/../key.ui/examples/heap/simple/modifies.key 
77745      DEBUG main            d.u.i.k.p.i.AbstractProblemLoader Environment load took 91.7ns 
77747      INFO  main            d.u.i.k.p.i.AbstractProblemLoader Creating init config 
80047      DEBUG main            d.u.i.k.p.i.AbstractProblemLoader Init config took 2.3s 
80061      INFO  main            d.u.i.k.p.i.AbstractProblemLoader Replaying proof modifies.key 
80063      DEBUG main            d.u.i.k.p.i.IntermediateProofReplayer Proof replay took 6.3ns 
80167      INFO  main            d.u.i.k.p.r.p.TestFile    ... finished proof: closed. 
80379      INFO  main            d.u.i.k.p.i.AbstractProblemLoader Loading environment from /home/runner/work/key/key/key.core/../key.ui/examples/heap/simple/modifies.key.proof 
80379      DEBUG main            d.u.i.k.p.i.AbstractProblemLoader Environment load took 124ns 
80381      INFO  main            d.u.i.k.p.i.AbstractProblemLoader Creating init config 
82637      DEBUG main            d.u.i.k.p.i.AbstractProblemLoader Init config took 2.26s 
82654      INFO  main            d.u.i.k.p.i.AbstractProblemLoader Replaying proof modifies.key.proof 
82668      DEBUG main            d.u.i.k.p.i.IntermediateProofReplayer Proof replay took 12.55ms 
82669      DEBUG main            d.u.i.k.p.r.p.TestFile    ... success: reloaded. 
82670      INFO  main            d.u.i.k.p.r.p.TestFile    Now processing file /home/runner/work/key/key/key.core/../key.ui/examples/heap/simple/object_creation.key 
82670      INFO  main            d.u.i.k.p.i.AbstractProblemLoader Loading environment from /home/runner/work/key/key/key.core/../key.ui/examples/heap/simple/object_creation.key 
82670      DEBUG main            d.u.i.k.p.i.AbstractProblemLoader Environment load took 95.1ns 
82672      INFO  main            d.u.i.k.p.i.AbstractProblemLoader Creating init config 
84935      DEBUG main            d.u.i.k.p.i.AbstractProblemLoader Init config took 2.26s 
84953      INFO  main            d.u.i.k.p.i.AbstractProblemLoader Replaying proof object_creation.key 
84955      DEBUG main            d.u.i.k.p.i.IntermediateProofReplayer Proof replay took 7.2ns 
85158      INFO  main            d.u.i.k.p.r.p.TestFile    ... finished proof: closed. 
85386      INFO  main            d.u.i.k.p.i.AbstractProblemLoader Loading environment from /home/runner/work/key/key/key.core/../key.ui/examples/heap/simple/object_creation.key.proof 
85386      DEBUG main            d.u.i.k.p.i.AbstractProblemLoader Environment load took 117.7ns 
85387      INFO  main            d.u.i.k.p.i.AbstractProblemLoader Creating init config 
87626      DEBUG main            d.u.i.k.p.i.AbstractProblemLoader Init config took 2.24s 
87641      INFO  main            d.u.i.k.p.i.AbstractProblemLoader Replaying proof object_creation.key.proof 
87689      DEBUG main            d.u.i.k.p.i.IntermediateProofReplayer Proof replay took 45.06ms 
87691      DEBUG main            d.u.i.k.p.r.p.TestFile    ... success: reloaded. 
87692      INFO  main            d.u.i.k.p.r.p.TestFile    Now processing file /home/runner/work/key/key/key.core/../key.ui/examples/heap/simple/operation_contracts.key 
87692      INFO  main            d.u.i.k.p.i.AbstractProblemLoader Loading environment from /home/runner/work/key/key/key.core/../key.ui/examples/heap/simple/operation_contracts.key 
87692      DEBUG main            d.u.i.k.p.i.AbstractProblemLoader Environment load took 220ns 
87694      INFO  main            d.u.i.k.p.i.AbstractProblemLoader Creating init config 
90238      DEBUG main            d.u.i.k.p.i.AbstractProblemLoader Init config took 2.54s 
90255      INFO  main            d.u.i.k.p.i.AbstractProblemLoader Replaying proof operation_contracts.key 
90256      DEBUG main            d.u.i.k.p.i.IntermediateProofReplayer Proof replay took 7.3ns 
90963      INFO  main            d.u.i.k.p.r.p.TestFile    ... finished proof: closed. 
91221      INFO  main            d.u.i.k.p.i.AbstractProblemLoader Loading environment from /home/runner/work/key/key/key.core/../key.ui/examples/heap/simple/operation_contracts.key.proof 
91224      DEBUG main            d.u.i.k.p.i.AbstractProblemLoader Environment load took 2.7ms 
91226      INFO  main            d.u.i.k.p.i.AbstractProblemLoader Creating init config 
93701      DEBUG main            d.u.i.k.p.i.AbstractProblemLoader Init config took 2.48s 
93718      INFO  main            d.u.i.k.p.i.AbstractProblemLoader Replaying proof operation_contracts.key.proof 
93840      DEBUG main            d.u.i.k.p.i.IntermediateProofReplayer Proof replay took 115.93ms 
93842      DEBUG main            d.u.i.k.p.r.p.TestFile    ... success: reloaded. 
93844      INFO  main            d.u.i.k.p.r.p.TestFile    Now processing file /home/runner/work/key/key/key.core/../key.ui/examples/heap/simple/select_store.key 
93844      INFO  main            d.u.i.k.p.i.AbstractProblemLoader Loading environment from /home/runner/work/key/key/key.core/../key.ui/examples/heap/simple/select_store.key 
93845      DEBUG main            d.u.i.k.p.i.AbstractProblemLoader Environment load took 204.4ns 
93846      INFO  main            d.u.i.k.p.i.AbstractProblemLoader Creating init config 
96127      DEBUG main            d.u.i.k.p.i.AbstractProblemLoader Init config took 2.28s 
96145      INFO  main            d.u.i.k.p.i.AbstractProblemLoader Replaying proof select_store.key 
96147      DEBUG main            d.u.i.k.p.i.IntermediateProofReplayer Proof replay took 7.7ns 
96250      INFO  main            d.u.i.k.p.r.p.TestFile    ... finished proof: closed. 
96494      INFO  main            d.u.i.k.p.i.AbstractProblemLoader Loading environment from /home/runner/work/key/key/key.core/../key.ui/examples/heap/simple/select_store.key.proof 
96494      DEBUG main            d.u.i.k.p.i.AbstractProblemLoader Environment load took 162.7ns 
96496      INFO  main            d.u.i.k.p.i.AbstractProblemLoader Creating init config 
98717      DEBUG main            d.u.i.k.p.i.AbstractProblemLoader Init config took 2.22s 
98735      INFO  main            d.u.i.k.p.i.AbstractProblemLoader Replaying proof select_store.key.proof 
98739      DEBUG main            d.u.i.k.p.i.IntermediateProofReplayer Proof replay took 2.54ms 
98740      DEBUG main            d.u.i.k.p.r.p.TestFile    ... success: reloaded. 
98741      INFO  main            d.u.i.k.p.r.p.TestFile    Now processing file /home/runner/work/key/key/key.core/../key.ui/examples/heap/simple/selection_sort.key 
98741      INFO  main            d.u.i.k.p.i.AbstractProblemLoader Loading environment from /home/runner/work/key/key/key.core/../key.ui/examples/heap/simple/selection_sort.key 
98741      DEBUG main            d.u.i.k.p.i.AbstractProblemLoader Environment load took 208.4ns 
98743      INFO  main            d.u.i.k.p.i.AbstractProblemLoader Creating init config 
101291     DEBUG main            d.u.i.k.p.i.AbstractProblemLoader Init config took 2.55s 
101306     INFO  main            d.u.i.k.p.i.AbstractProblemLoader Replaying proof selection_sort.key 
101309     DEBUG main            d.u.i.k.p.i.IntermediateProofReplayer Proof replay took 7.3ns 
104878     INFO  main            d.u.i.k.p.r.p.TestFile    ... finished proof: closed. 
105243     INFO  main            d.u.i.k.p.i.AbstractProblemLoader Loading environment from /home/runner/work/key/key/key.core/../key.ui/examples/heap/simple/selection_sort.key.proof 
105243     DEBUG main            d.u.i.k.p.i.AbstractProblemLoader Environment load took 126.6ns 
105245     INFO  main            d.u.i.k.p.i.AbstractProblemLoader Creating init config 
107701     DEBUG main            d.u.i.k.p.i.AbstractProblemLoader Init config took 2.46s 
107717     INFO  main            d.u.i.k.p.i.AbstractProblemLoader Replaying proof selection_sort.key.proof 
108356     DEBUG main            d.u.i.k.p.i.IntermediateProofReplayer Proof replay took 617.42ms 
108359     DEBUG main            d.u.i.k.p.r.p.TestFile    ... success: reloaded. 
108360     INFO  main            d.u.i.k.p.r.p.TestFile    Now processing file /home/runner/work/key/key/key.core/../key.ui/examples/heap/simple/seq.key 
108360     INFO  main            d.u.i.k.p.i.AbstractProblemLoader Loading environment from /home/runner/work/key/key/key.core/../key.ui/examples/heap/simple/seq.key 
108361     DEBUG main            d.u.i.k.p.i.AbstractProblemLoader Environment load took 219.9ns 
108362     INFO  main            d.u.i.k.p.i.AbstractProblemLoader Creating init config 
110690     DEBUG main            d.u.i.k.p.i.AbstractProblemLoader Init config took 2.33s 
110705     INFO  main            d.u.i.k.p.i.AbstractProblemLoader Replaying proof seq.key 
110706     DEBUG main            d.u.i.k.p.i.IntermediateProofReplayer Proof replay took 14.7ns 
111110     INFO  main            d.u.i.k.p.r.p.TestFile    ... finished proof: closed. 
111414     INFO  main            d.u.i.k.p.i.AbstractProblemLoader Loading environment from /home/runner/work/key/key/key.core/../key.ui/examples/heap/simple/seq.key.proof 
111415     DEBUG main            d.u.i.k.p.i.AbstractProblemLoader Environment load took 1.05ms 
111417     INFO  main            d.u.i.k.p.i.AbstractProblemLoader Creating init config 
113641     DEBUG main            d.u.i.k.p.i.AbstractProblemLoader Init config took 2.22s 
113656     INFO  main            d.u.i.k.p.i.AbstractProblemLoader Replaying proof seq.key.proof 
113707     DEBUG main            d.u.i.k.p.i.IntermediateProofReplayer Proof replay took 46.43ms 
113708     DEBUG main            d.u.i.k.p.r.p.TestFile    ... success: reloaded. 
113709     INFO  main            d.u.i.k.p.r.p.TestFile    Now processing file /home/runner/work/key/key/key.core/../key.ui/examples/heap/simple/oldForParams.key 
113709     INFO  main            d.u.i.k.p.i.AbstractProblemLoader Loading environment from /home/runner/work/key/key/key.core/../key.ui/examples/heap/simple/oldForParams.key 
113709     DEBUG main            d.u.i.k.p.i.AbstractProblemLoader Environment load took 84.4ns 
113710     INFO  main            d.u.i.k.p.i.AbstractProblemLoader Creating init config 
116203     DEBUG main            d.u.i.k.p.i.AbstractProblemLoader Init config took 2.49s 
116265     INFO  main            d.u.i.k.p.i.AbstractProblemLoader Replaying proof OldForParameters[OldForParameters::method(int)].JML operation contract.0 
116267     DEBUG main            d.u.i.k.p.i.IntermediateProofReplayer Proof replay took 7.4ns 
116472     INFO  main            d.u.i.k.p.r.p.TestFile    ... finished proof: closed. 
116735     INFO  main            d.u.i.k.p.i.AbstractProblemLoader Loading environment from /home/runner/work/key/key/key.core/../key.ui/examples/heap/simple/oldForParams.key.proof 
116735     DEBUG main            d.u.i.k.p.i.AbstractProblemLoader Environment load took 114.2ns 
116736     INFO  main            d.u.i.k.p.i.AbstractProblemLoader Creating init config 
119169     DEBUG main            d.u.i.k.p.i.AbstractProblemLoader Init config took 2.43s 
119209     INFO  main            d.u.i.k.p.i.AbstractProblemLoader Replaying proof OldForParameters[OldForParameters::method(int)].JML operation contract.0 
119260     DEBUG main            d.u.i.k.p.i.IntermediateProofReplayer Proof replay took 44.15ms 
119261     DEBUG main            d.u.i.k.p.r.p.TestFile    ... success: reloaded. 
119262     INFO  main            d.u.i.k.p.r.p.TestFile    Now processing file /home/runner/work/key/key/key.core/../key.ui/examples/heap/simple/parse_lmtd.key 
119263     INFO  main            d.u.i.k.p.i.AbstractProblemLoader Loading environment from /home/runner/work/key/key/key.core/../key.ui/examples/heap/simple/parse_lmtd.key 
119263     DEBUG main            d.u.i.k.p.i.AbstractProblemLoader Environment load took 201.7ns 
119264     INFO  main            d.u.i.k.p.i.AbstractProblemLoader Creating init config 
121777     DEBUG main            d.u.i.k.p.i.AbstractProblemLoader Init config took 2.51s 
121823     INFO  main            d.u.i.k.p.i.AbstractProblemLoader Replaying proof ParseLmtd[ParseLmtd::simple(int)].JML normal_behavior operation contract.0 
121824     DEBUG main            d.u.i.k.p.i.IntermediateProofReplayer Proof replay took 5.3ns 
121925     INFO  main            d.u.i.k.p.r.p.TestFile    ... finished proof: closed. 
122187     INFO  main            d.u.i.k.p.i.AbstractProblemLoader Loading environment from /home/runner/work/key/key/key.core/../key.ui/examples/heap/simple/parse_lmtd.key.proof 
122187     DEBUG main            d.u.i.k.p.i.AbstractProblemLoader Environment load took 111.2ns 
122188     INFO  main            d.u.i.k.p.i.AbstractProblemLoader Creating init config 
124607     DEBUG main            d.u.i.k.p.i.AbstractProblemLoader Init config took 2.42s 
124648     INFO  main            d.u.i.k.p.i.AbstractProblemLoader Replaying proof ParseLmtd[ParseLmtd::simple(int)].JML normal_behavior operation contract.0 
124673     DEBUG main            d.u.i.k.p.i.IntermediateProofReplayer Proof replay took 22.52ms 
124674     DEBUG main            d.u.i.k.p.r.p.TestFile    ... success: reloaded. 
124674     INFO  main            d.u.i.k.p.r.p.TestFile    Now processing file /home/runner/work/key/key/key.core/../key.ui/examples/heap/strictly_pure/strictlyPureMethod.key 
124675     INFO  main            d.u.i.k.p.i.AbstractProblemLoader Loading environment from /home/runner/work/key/key/key.core/../key.ui/examples/heap/strictly_pure/strictlyPureMethod.key 
124675     DEBUG main            d.u.i.k.p.i.AbstractProblemLoader Environment load took 93.8ns 
124676     INFO  main            d.u.i.k.p.i.AbstractProblemLoader Creating init config 
127027     DEBUG main            d.u.i.k.p.i.AbstractProblemLoader Init config took 2.35s 
127064     INFO  main            d.u.i.k.p.i.AbstractProblemLoader Replaying proof StrictlyPure[StrictlyPure::strictlyPureMethod()].JML operation contract.0 
127066     DEBUG main            d.u.i.k.p.i.IntermediateProofReplayer Proof replay took 6.1ns 
127271     INFO  main            d.u.i.k.p.r.p.TestFile    ... finished proof: closed. 
127532     INFO  main            d.u.i.k.p.i.AbstractProblemLoader Loading environment from /home/runner/work/key/key/key.core/../key.ui/examples/heap/strictly_pure/strictlyPureMethod.key.proof 
127532     DEBUG main            d.u.i.k.p.i.AbstractProblemLoader Environment load took 112.4ns 
127533     INFO  main            d.u.i.k.p.i.AbstractProblemLoader Creating init config 
129807     DEBUG main            d.u.i.k.p.i.AbstractProblemLoader Init config took 2.27s 
129842     INFO  main            d.u.i.k.p.i.AbstractProblemLoader Replaying proof StrictlyPure[StrictlyPure::strictlyPureMethod()].JML operation contract.0 
129881     DEBUG main            d.u.i.k.p.i.IntermediateProofReplayer Proof replay took 36.5ms 
129882     DEBUG main            d.u.i.k.p.r.p.TestFile    ... success: reloaded. 
129883     INFO  main            d.u.i.k.p.r.p.TestFile    Now processing file /home/runner/work/key/key/key.core/../key.ui/examples/heap/strictly_pure/useStrictlyPureMethod.key 
129883     INFO  main            d.u.i.k.p.i.AbstractProblemLoader Loading environment from /home/runner/work/key/key/key.core/../key.ui/examples/heap/strictly_pure/useStrictlyPureMethod.key 
129883     DEBUG main            d.u.i.k.p.i.AbstractProblemLoader Environment load took 90.5ns 
129884     INFO  main            d.u.i.k.p.i.AbstractProblemLoader Creating init config 
132198     DEBUG main            d.u.i.k.p.i.AbstractProblemLoader Init config took 2.31s 
132234     INFO  main            d.u.i.k.p.i.AbstractProblemLoader Replaying proof StrictlyPure[StrictlyPure::useStrictlyPureMethod(StrictlyPureClass)].JML operation contract.0 
132236     DEBUG main            d.u.i.k.p.i.IntermediateProofReplayer Proof replay took 6.6ns 
132438     INFO  main            d.u.i.k.p.r.p.TestFile    ... finished proof: closed. 
132717     INFO  main            d.u.i.k.p.i.AbstractProblemLoader Loading environment from /home/runner/work/key/key/key.core/../key.ui/examples/heap/strictly_pure/useStrictlyPureMethod.key.proof 
132717     DEBUG main            d.u.i.k.p.i.AbstractProblemLoader Environment load took 115.7ns 
132718     INFO  main            d.u.i.k.p.i.AbstractProblemLoader Creating init config 
134986     DEBUG main            d.u.i.k.p.i.AbstractProblemLoader Init config took 2.27s 
135020     INFO  main            d.u.i.k.p.i.AbstractProblemLoader Replaying proof StrictlyPure[StrictlyPure::useStrictlyPureMethod(StrictlyPureClass)].JML operation contract.0 
135074     DEBUG main            d.u.i.k.p.i.IntermediateProofReplayer Proof replay took 51.5ms 
135075     DEBUG main            d.u.i.k.p.r.p.TestFile    ... success: reloaded. 
135076     INFO  main            d.u.i.k.p.r.p.TestFile    Now processing file /home/runner/work/key/key/key.core/../key.ui/examples/heap/Wellfounded/ackermann.key 
135076     INFO  main            d.u.i.k.p.i.AbstractProblemLoader Loading environment from /home/runner/work/key/key/key.core/../key.ui/examples/heap/Wellfounded/ackermann.key 
135077     DEBUG main            d.u.i.k.p.i.AbstractProblemLoader Environment load took 90.8ns 
135077     INFO  main            d.u.i.k.p.i.AbstractProblemLoader Creating init config 
137420     DEBUG main            d.u.i.k.p.i.AbstractProblemLoader Init config took 2.34s 
137455     INFO  main            d.u.i.k.p.i.AbstractProblemLoader Replaying proof Ackermann[Ackermann::a(int,int)].JML normal_behavior operation contract.0 
137457     DEBUG main            d.u.i.k.p.i.IntermediateProofReplayer Proof replay took 6.8ns 
137760     INFO  main            d.u.i.k.p.r.p.TestFile    ... finished proof: closed. 
138083     INFO  main            d.u.i.k.p.i.AbstractProblemLoader Loading environment from /home/runner/work/key/key/key.core/../key.ui/examples/heap/Wellfounded/ackermann.key.proof 
138083     DEBUG main            d.u.i.k.p.i.AbstractProblemLoader Environment load took 112.7ns 
138084     INFO  main            d.u.i.k.p.i.AbstractProblemLoader Creating init config 
140391     DEBUG main            d.u.i.k.p.i.AbstractProblemLoader Init config took 2.31s 
140426     INFO  main            d.u.i.k.p.i.AbstractProblemLoader Replaying proof Ackermann[Ackermann::a(int,int)].JML normal_behavior operation contract.0 
140488     DEBUG main            d.u.i.k.p.i.IntermediateProofReplayer Proof replay took 58.59ms 
140489     DEBUG main            d.u.i.k.p.r.p.TestFile    ... success: reloaded. 
140490     INFO  main            d.u.i.k.p.r.p.TestFile    Now processing file /home/runner/work/key/key/key.core/../key.ui/examples/standard_key/unicode_test.key 
140490     INFO  main            d.u.i.k.p.i.AbstractProblemLoader Loading environment from /home/runner/work/key/key/key.core/../key.ui/examples/standard_key/unicode_test.key 
140490     DEBUG main            d.u.i.k.p.i.AbstractProblemLoader Environment load took 166.4ns 
140492     INFO  main            d.u.i.k.p.i.AbstractProblemLoader Creating init config 
142802     DEBUG main            d.u.i.k.p.i.AbstractProblemLoader Init config took 2.31s 
142817     INFO  main            d.u.i.k.p.i.AbstractProblemLoader Replaying proof unicode_test.key 
142818     DEBUG main            d.u.i.k.p.i.IntermediateProofReplayer Proof replay took 6.2ns 
142923     INFO  main            d.u.i.k.p.r.p.TestFile    ... finished proof: closed. 
143199     INFO  main            d.u.i.k.p.i.AbstractProblemLoader Loading environment from /home/runner/work/key/key/key.core/../key.ui/examples/standard_key/unicode_test.key.proof 
143199     DEBUG main            d.u.i.k.p.i.AbstractProblemLoader Environment load took 113.6ns 
143200     INFO  main            d.u.i.k.p.i.AbstractProblemLoader Creating init config 
145400     DEBUG main            d.u.i.k.p.i.AbstractProblemLoader Init config took 2.2s 
145413     INFO  main            d.u.i.k.p.i.AbstractProblemLoader Replaying proof unicode_test.key.proof 
145415     DEBUG main            d.u.i.k.p.i.IntermediateProofReplayer Proof replay took 373.9ns 
145416     DEBUG main            d.u.i.k.p.r.p.TestFile    ... success: reloaded. 
145417     INFO  main            d.u.i.k.p.r.p.TestFile    Now processing file /home/runner/work/key/key/key.core/../key.ui/examples/heap/strictlyModular/mayExpand.key 
145417     INFO  main            d.u.i.k.p.i.AbstractProblemLoader Loading environment from /home/runner/work/key/key/key.core/../key.ui/examples/heap/strictlyModular/mayExpand.key 
145417     DEBUG main            d.u.i.k.p.i.AbstractProblemLoader Environment load took 197ns 
145418     INFO  main            d.u.i.k.p.i.AbstractProblemLoader Creating init config 
147731     DEBUG main            d.u.i.k.p.i.AbstractProblemLoader Init config took 2.31s 
147770     INFO  main            d.u.i.k.p.i.AbstractProblemLoader Replaying proof Modular[Modular::m()].JML operation contract.0 
147771     DEBUG main            d.u.i.k.p.i.IntermediateProofReplayer Proof replay took 6.3ns 
147873     INFO  main            d.u.i.k.p.r.p.TestFile    ... finished proof: closed. 
148228     INFO  main            d.u.i.k.p.i.AbstractProblemLoader Loading environment from /home/runner/work/key/key/key.core/../key.ui/examples/heap/strictlyModular/mayExpand.key.proof 
148228     DEBUG main            d.u.i.k.p.i.AbstractProblemLoader Environment load took 104.2ns 
148229     INFO  main            d.u.i.k.p.i.AbstractProblemLoader Creating init config 
150477     DEBUG main            d.u.i.k.p.i.AbstractProblemLoader Init config took 2.25s 
150512     INFO  main            d.u.i.k.p.i.AbstractProblemLoader Replaying proof Modular[Modular::m()].JML operation contract.0 
150527     DEBUG main            d.u.i.k.p.i.IntermediateProofReplayer Proof replay took 14.17ms 
150528     DEBUG main            d.u.i.k.p.r.p.TestFile    ... success: reloaded. 
150529     INFO  main            d.u.i.k.p.r.p.TestFile    Now processing file /home/runner/work/key/key/key.core/../key.ui/examples/heap/strictlyModular/modularOnly.key 
150529     INFO  main            d.u.i.k.p.i.AbstractProblemLoader Loading environment from /home/runner/work/key/key/key.core/../key.ui/examples/heap/strictlyModular/modularOnly.key 
150530     DEBUG main            d.u.i.k.p.i.AbstractProblemLoader Environment load took 93.6ns 
150530     INFO  main            d.u.i.k.p.i.AbstractProblemLoader Creating init config 
152870     DEBUG main            d.u.i.k.p.i.AbstractProblemLoader Init config took 2.34s 
152905     INFO  main            d.u.i.k.p.i.AbstractProblemLoader Replaying proof Modular[Modular::m()].JML operation contract.0 
152906     DEBUG main            d.u.i.k.p.i.IntermediateProofReplayer Proof replay took 6.9ns 
153012     INFO  main            d.u.i.k.p.r.p.TestFile    ... finished proof: open goal(s) 
1860976    INFO  Test worker     d.u.i.k.p.r.RunAllProofsTestUnit Returning from test simpleTests 
1860978    INFO  Test worker     d.u.i.k.p.r.RunAllProofsTestUnit Running test SmansEtAl 
367        INFO  Timeout watchdog d.u.i.k.p.r.p.ForkedTestFileRunner Timeout watcher launched (2000 secs.) 
382        WARN  main            d.u.i.k.s.ProofSettings   The settings in /home/runner/.key/proof-settings.props are *not* read. 
418        INFO  main            d.u.i.k.p.r.p.TestFile    Now processing file /home/runner/work/key/key/key.core/../key.ui/examples/heap/SmansEtAl/ArrayList_add.key 
540        INFO  main            d.u.i.k.p.i.AbstractProblemLoader Loading environment from /home/runner/work/key/key/key.core/../key.ui/examples/heap/SmansEtAl/ArrayList_add.key 
571        DEBUG main            d.u.i.k.p.i.AbstractProblemLoader Environment load took 2.17ms 
810        INFO  main            d.u.i.k.p.i.AbstractProblemLoader Creating init config 
1782       DEBUG main            d.u.i.k.j.TypeConverter   No LDT found for Meta 
1783       DEBUG main            d.u.i.k.j.TypeConverter   No LDT found for Meta 
1784       DEBUG main            d.u.i.k.j.TypeConverter   No LDT found for Meta 
1784       DEBUG main            d.u.i.k.j.TypeConverter   No LDT found for Meta 
3188       DEBUG main            d.u.i.k.j.TypeConverter   No LDT found for JavaBigintExpression 
8462       DEBUG main            d.u.i.k.p.i.AbstractProblemLoader Init config took 7.65s 
8592       INFO  main            d.u.i.k.p.i.AbstractProblemLoader Replaying proof ArrayList[ArrayList::add(java.lang.Object)].JML normal_behavior operation contract.0 
8658       DEBUG main            d.u.i.k.p.i.IntermediateProofReplayer Proof replay took 43.9ns 
16025      INFO  main            d.u.i.k.p.r.p.TestFile    ... finished proof: closed. 
16229      INFO  main            d.u.i.k.p.i.AbstractProblemLoader Loading environment from /home/runner/work/key/key/key.core/../key.ui/examples/heap/SmansEtAl/ArrayList_add.key.proof 
16229      DEBUG main            d.u.i.k.p.i.AbstractProblemLoader Environment load took 155.4ns 
16232      INFO  main            d.u.i.k.p.i.AbstractProblemLoader Creating init config 
19257      DEBUG main            d.u.i.k.p.i.AbstractProblemLoader Init config took 3.03s 
19316      INFO  main            d.u.i.k.p.i.AbstractProblemLoader Replaying proof ArrayList[ArrayList::add(java.lang.Object)].JML normal_behavior operation contract.0 
20408      DEBUG main            d.u.i.k.p.i.IntermediateProofReplayer Proof replay took 1.06s 
20418      DEBUG main            d.u.i.k.p.r.p.TestFile    ... success: reloaded. 
20420      INFO  main            d.u.i.k.p.r.p.TestFile    Now processing file /home/runner/work/key/key/key.core/../key.ui/examples/heap/SmansEtAl/ArrayList_ArrayList.key 
20421      INFO  main            d.u.i.k.p.i.AbstractProblemLoader Loading environment from /home/runner/work/key/key/key.core/../key.ui/examples/heap/SmansEtAl/ArrayList_ArrayList.key 
20421      DEBUG main            d.u.i.k.p.i.AbstractProblemLoader Environment load took 244.9ns 
20422      INFO  main            d.u.i.k.p.i.AbstractProblemLoader Creating init config 
23334      DEBUG main            d.u.i.k.p.i.AbstractProblemLoader Init config took 2.91s 
23388      INFO  main            d.u.i.k.p.i.AbstractProblemLoader Replaying proof ArrayList[ArrayList::ArrayList()].JML normal_behavior operation contract.0 
23390      DEBUG main            d.u.i.k.p.i.IntermediateProofReplayer Proof replay took 6.8ns 
24295      INFO  main            d.u.i.k.p.r.p.TestFile    ... finished proof: closed. 
24435      INFO  main            d.u.i.k.p.i.AbstractProblemLoader Loading environment from /home/runner/work/key/key/key.core/../key.ui/examples/heap/SmansEtAl/ArrayList_ArrayList.key.proof 
24436      DEBUG main            d.u.i.k.p.i.AbstractProblemLoader Environment load took 452.91ns 
24440      INFO  main            d.u.i.k.p.i.AbstractProblemLoader Creating init config 
27309      DEBUG main            d.u.i.k.p.i.AbstractProblemLoader Init config took 2.87s 
27355      INFO  main            d.u.i.k.p.i.AbstractProblemLoader Replaying proof ArrayList[ArrayList::ArrayList()].JML normal_behavior operation contract.0 
27523      DEBUG main            d.u.i.k.p.i.IntermediateProofReplayer Proof replay took 160.23ms 
27525      DEBUG main            d.u.i.k.p.r.p.TestFile    ... success: reloaded. 
27526      INFO  main            d.u.i.k.p.r.p.TestFile    Now processing file /home/runner/work/key/key/key.core/../key.ui/examples/heap/SmansEtAl/ArrayList_footprint.key 
27527      INFO  main            d.u.i.k.p.i.AbstractProblemLoader Loading environment from /home/runner/work/key/key/key.core/../key.ui/examples/heap/SmansEtAl/ArrayList_footprint.key 
27527      DEBUG main            d.u.i.k.p.i.AbstractProblemLoader Environment load took 221.6ns 
27528      INFO  main            d.u.i.k.p.i.AbstractProblemLoader Creating init config 
30354      DEBUG main            d.u.i.k.p.i.AbstractProblemLoader Init config took 2.83s 
30401      INFO  main            d.u.i.k.p.i.AbstractProblemLoader Replaying proof ArrayList[ArrayList::$footprint()].JML accessible clause.0 
30404      DEBUG main            d.u.i.k.p.i.IntermediateProofReplayer Proof replay took 7ns 
30506      INFO  main            d.u.i.k.p.r.p.TestFile    ... finished proof: closed. 
30653      INFO  main            d.u.i.k.p.i.AbstractProblemLoader Loading environment from /home/runner/work/key/key/key.core/../key.ui/examples/heap/SmansEtAl/ArrayList_footprint.key.proof 
30653      DEBUG main            d.u.i.k.p.i.AbstractProblemLoader Environment load took 129.9ns 
30654      INFO  main            d.u.i.k.p.i.AbstractProblemLoader Creating init config 
33445      DEBUG main            d.u.i.k.p.i.AbstractProblemLoader Init config took 2.79s 
33489      INFO  main            d.u.i.k.p.i.AbstractProblemLoader Replaying proof ArrayList[ArrayList::$footprint()].JML accessible clause.0 
33501      DEBUG main            d.u.i.k.p.i.IntermediateProofReplayer Proof replay took 9.4ms 
33502      DEBUG main            d.u.i.k.p.r.p.TestFile    ... success: reloaded. 
33503      INFO  main            d.u.i.k.p.r.p.TestFile    Now processing file /home/runner/work/key/key/key.core/../key.ui/examples/heap/SmansEtAl/ArrayList_get_dep.key 
33504      INFO  main            d.u.i.k.p.i.AbstractProblemLoader Loading environment from /home/runner/work/key/key/key.core/../key.ui/examples/heap/SmansEtAl/ArrayList_get_dep.key 
33504      DEBUG main            d.u.i.k.p.i.AbstractProblemLoader Environment load took 237.5ns 
33505      INFO  main            d.u.i.k.p.i.AbstractProblemLoader Creating init config 
36295      DEBUG main            d.u.i.k.p.i.AbstractProblemLoader Init config took 2.79s 
36339      INFO  main            d.u.i.k.p.i.AbstractProblemLoader Replaying proof ArrayList[ArrayList::get(int)].JML accessible clause.0 
36341      DEBUG main            d.u.i.k.p.i.IntermediateProofReplayer Proof replay took 5.4ns 
36644      INFO  main            d.u.i.k.p.r.p.TestFile    ... finished proof: closed. 
36812      INFO  main            d.u.i.k.p.i.AbstractProblemLoader Loading environment from /home/runner/work/key/key/key.core/../key.ui/examples/heap/SmansEtAl/ArrayList_get_dep.key.proof 
36813      DEBUG main            d.u.i.k.p.i.AbstractProblemLoader Environment load took 447.51ns 
36814      INFO  main            d.u.i.k.p.i.AbstractProblemLoader Creating init config 
39547      DEBUG main            d.u.i.k.p.i.AbstractProblemLoader Init config took 2.73s 
39599      INFO  main            d.u.i.k.p.i.AbstractProblemLoader Replaying proof ArrayList[ArrayList::get(int)].JML accessible clause.0 
39659      DEBUG main            d.u.i.k.p.i.IntermediateProofReplayer Proof replay took 55.91ms 
39660      DEBUG main            d.u.i.k.p.r.p.TestFile    ... success: reloaded. 
39661      INFO  main            d.u.i.k.p.r.p.TestFile    Now processing file /home/runner/work/key/key/key.core/../key.ui/examples/heap/SmansEtAl/ArrayList_get.key 
39662      INFO  main            d.u.i.k.p.i.AbstractProblemLoader Loading environment from /home/runner/work/key/key/key.core/../key.ui/examples/heap/SmansEtAl/ArrayList_get.key 
39662      DEBUG main            d.u.i.k.p.i.AbstractProblemLoader Environment load took 216.9ns 
39663      INFO  main            d.u.i.k.p.i.AbstractProblemLoader Creating init config 
42485      DEBUG main            d.u.i.k.p.i.AbstractProblemLoader Init config took 2.82s 
42529      INFO  main            d.u.i.k.p.i.AbstractProblemLoader Replaying proof ArrayList[ArrayList::get(int)].JML normal_behavior operation contract.0 
42530      DEBUG main            d.u.i.k.p.i.IntermediateProofReplayer Proof replay took 6.9ns 
42733      INFO  main            d.u.i.k.p.r.p.TestFile    ... finished proof: closed. 
42898      INFO  main            d.u.i.k.p.i.AbstractProblemLoader Loading environment from /home/runner/work/key/key/key.core/../key.ui/examples/heap/SmansEtAl/ArrayList_get.key.proof 
42898      DEBUG main            d.u.i.k.p.i.AbstractProblemLoader Environment load took 126.9ns 
42899      INFO  main            d.u.i.k.p.i.AbstractProblemLoader Creating init config 
45683      DEBUG main            d.u.i.k.p.i.AbstractProblemLoader Init config took 2.78s 
45725      INFO  main            d.u.i.k.p.i.AbstractProblemLoader Replaying proof ArrayList[ArrayList::get(int)].JML normal_behavior operation contract.0 
45758      DEBUG main            d.u.i.k.p.i.IntermediateProofReplayer Proof replay took 29.5ms 
45759      DEBUG main            d.u.i.k.p.r.p.TestFile    ... success: reloaded. 
45760      INFO  main            d.u.i.k.p.r.p.TestFile    Now processing file /home/runner/work/key/key/key.core/../key.ui/examples/heap/SmansEtAl/ArrayList_inv.key 
45760      INFO  main            d.u.i.k.p.i.AbstractProblemLoader Loading environment from /home/runner/work/key/key/key.core/../key.ui/examples/heap/SmansEtAl/ArrayList_inv.key 
45761      DEBUG main            d.u.i.k.p.i.AbstractProblemLoader Environment load took 222.9ns 
45762      INFO  main            d.u.i.k.p.i.AbstractProblemLoader Creating init config 
48521      DEBUG main            d.u.i.k.p.i.AbstractProblemLoader Init config took 2.76s 
48563      INFO  main            d.u.i.k.p.i.AbstractProblemLoader Replaying proof ArrayList[java.lang.Object::<inv>()].JML accessible clause.0 
48565      DEBUG main            d.u.i.k.p.i.IntermediateProofReplayer Proof replay took 7.5ns 
48667      INFO  main            d.u.i.k.p.r.p.TestFile    ... finished proof: closed. 
48815      INFO  main            d.u.i.k.p.i.AbstractProblemLoader Loading environment from /home/runner/work/key/key/key.core/../key.ui/examples/heap/SmansEtAl/ArrayList_inv.key.proof 
48816      DEBUG main            d.u.i.k.p.i.AbstractProblemLoader Environment load took 126.7ns 
48817      INFO  main            d.u.i.k.p.i.AbstractProblemLoader Creating init config 
51534      DEBUG main            d.u.i.k.p.i.AbstractProblemLoader Init config took 2.72s 
51576      INFO  main            d.u.i.k.p.i.AbstractProblemLoader Replaying proof ArrayList[java.lang.Object::<inv>()].JML accessible clause.0 
51588      DEBUG main            d.u.i.k.p.i.IntermediateProofReplayer Proof replay took 10.2ms 
51594      DEBUG main            d.u.i.k.p.r.p.TestFile    ... success: reloaded. 
51595      INFO  main            d.u.i.k.p.r.p.TestFile    Now processing file /home/runner/work/key/key/key.core/../key.ui/examples/heap/SmansEtAl/ArrayList_size_dep.key 
51596      INFO  main            d.u.i.k.p.i.AbstractProblemLoader Loading environment from /home/runner/work/key/key/key.core/../key.ui/examples/heap/SmansEtAl/ArrayList_size_dep.key 
51596      DEBUG main            d.u.i.k.p.i.AbstractProblemLoader Environment load took 227.7ns 
51597      INFO  main            d.u.i.k.p.i.AbstractProblemLoader Creating init config 
54369      DEBUG main            d.u.i.k.p.i.AbstractProblemLoader Init config took 2.77s 
54431      INFO  main            d.u.i.k.p.i.AbstractProblemLoader Replaying proof ArrayList[ArrayList::size()].JML accessible clause.0 
54433      DEBUG main            d.u.i.k.p.i.IntermediateProofReplayer Proof replay took 7ns 
54535      INFO  main            d.u.i.k.p.r.p.TestFile    ... finished proof: closed. 
54704      INFO  main            d.u.i.k.p.i.AbstractProblemLoader Loading environment from /home/runner/work/key/key/key.core/../key.ui/examples/heap/SmansEtAl/ArrayList_size_dep.key.proof 
54705      DEBUG main            d.u.i.k.p.i.AbstractProblemLoader Environment load took 122.6ns 
54706      INFO  main            d.u.i.k.p.i.AbstractProblemLoader Creating init config 
57414      DEBUG main            d.u.i.k.p.i.AbstractProblemLoader Init config took 2.71s 
57462      INFO  main            d.u.i.k.p.i.AbstractProblemLoader Replaying proof ArrayList[ArrayList::size()].JML accessible clause.0 
57480      DEBUG main            d.u.i.k.p.i.IntermediateProofReplayer Proof replay took 16.4ms 
57481      DEBUG main            d.u.i.k.p.r.p.TestFile    ... success: reloaded. 
57483      INFO  main            d.u.i.k.p.r.p.TestFile    Now processing file /home/runner/work/key/key/key.core/../key.ui/examples/heap/SmansEtAl/ArrayList_size.key 
57483      INFO  main            d.u.i.k.p.i.AbstractProblemLoader Loading environment from /home/runner/work/key/key/key.core/../key.ui/examples/heap/SmansEtAl/ArrayList_size.key 
57483      DEBUG main            d.u.i.k.p.i.AbstractProblemLoader Environment load took 218.9ns 
57485      INFO  main            d.u.i.k.p.i.AbstractProblemLoader Creating init config 
60241      DEBUG main            d.u.i.k.p.i.AbstractProblemLoader Init config took 2.76s 
60280      INFO  main            d.u.i.k.p.i.AbstractProblemLoader Replaying proof ArrayList[ArrayList::size()].JML normal_behavior operation contract.0 
60282      DEBUG main            d.u.i.k.p.i.IntermediateProofReplayer Proof replay took 6.7ns 
60392      INFO  main            d.u.i.k.p.r.p.TestFile    ... finished proof: closed. 
60577      INFO  main            d.u.i.k.p.i.AbstractProblemLoader Loading environment from /home/runner/work/key/key/key.core/../key.ui/examples/heap/SmansEtAl/ArrayList_size.key.proof 
60577      DEBUG main            d.u.i.k.p.i.AbstractProblemLoader Environment load took 123.5ns 
60579      INFO  main            d.u.i.k.p.i.AbstractProblemLoader Creating init config 
63266      DEBUG main            d.u.i.k.p.i.AbstractProblemLoader Init config took 2.69s 
63317      INFO  main            d.u.i.k.p.i.AbstractProblemLoader Replaying proof ArrayList[ArrayList::size()].JML normal_behavior operation contract.0 
63334      DEBUG main            d.u.i.k.p.i.IntermediateProofReplayer Proof replay took 14.12ms 
63336      DEBUG main            d.u.i.k.p.r.p.TestFile    ... success: reloaded. 
63337      INFO  main            d.u.i.k.p.r.p.TestFile    Now processing file /home/runner/work/key/key/key.core/../key.ui/examples/heap/SmansEtAl/Cell_Cell.key 
63337      INFO  main            d.u.i.k.p.i.AbstractProblemLoader Loading environment from /home/runner/work/key/key/key.core/../key.ui/examples/heap/SmansEtAl/Cell_Cell.key 
63337      DEBUG main            d.u.i.k.p.i.AbstractProblemLoader Environment load took 214.4ns 
63338      INFO  main            d.u.i.k.p.i.AbstractProblemLoader Creating init config 
66090      DEBUG main            d.u.i.k.p.i.AbstractProblemLoader Init config took 2.75s 
66126      INFO  main            d.u.i.k.p.i.AbstractProblemLoader Replaying proof Cell[Cell::Cell()].JML normal_behavior operation contract.0 
66127      DEBUG main            d.u.i.k.p.i.IntermediateProofReplayer Proof replay took 6.7ns 
66330      INFO  main            d.u.i.k.p.r.p.TestFile    ... finished proof: closed. 
66520      INFO  main            d.u.i.k.p.i.AbstractProblemLoader Loading environment from /home/runner/work/key/key/key.core/../key.ui/examples/heap/SmansEtAl/Cell_Cell.key.proof 
66520      DEBUG main            d.u.i.k.p.i.AbstractProblemLoader Environment load took 122.9ns 
66521      INFO  main            d.u.i.k.p.i.AbstractProblemLoader Creating init config 
69206      DEBUG main            d.u.i.k.p.i.AbstractProblemLoader Init config took 2.68s 
69244      INFO  main            d.u.i.k.p.i.AbstractProblemLoader Replaying proof Cell[Cell::Cell()].JML normal_behavior operation contract.0 
69294      DEBUG main            d.u.i.k.p.i.IntermediateProofReplayer Proof replay took 45.85ms 
69296      DEBUG main            d.u.i.k.p.r.p.TestFile    ... success: reloaded. 
69297      INFO  main            d.u.i.k.p.r.p.TestFile    Now processing file /home/runner/work/key/key/key.core/../key.ui/examples/heap/SmansEtAl/Cell_footprint.key 
69297      INFO  main            d.u.i.k.p.i.AbstractProblemLoader Loading environment from /home/runner/work/key/key/key.core/../key.ui/examples/heap/SmansEtAl/Cell_footprint.key 
69298      DEBUG main            d.u.i.k.p.i.AbstractProblemLoader Environment load took 224.4ns 
69299      INFO  main            d.u.i.k.p.i.AbstractProblemLoader Creating init config 
72011      DEBUG main            d.u.i.k.p.i.AbstractProblemLoader Init config took 2.71s 
72051      INFO  main            d.u.i.k.p.i.AbstractProblemLoader Replaying proof Cell[Cell::$footprint()].JML accessible clause.0 
72053      DEBUG main            d.u.i.k.p.i.IntermediateProofReplayer Proof replay took 6.9ns 
72155      INFO  main            d.u.i.k.p.r.p.TestFile    ... finished proof: closed. 
72349      INFO  main            d.u.i.k.p.i.AbstractProblemLoader Loading environment from /home/runner/work/key/key/key.core/../key.ui/examples/heap/SmansEtAl/Cell_footprint.key.proof 
72349      DEBUG main            d.u.i.k.p.i.AbstractProblemLoader Environment load took 124.5ns 
72350      INFO  main            d.u.i.k.p.i.AbstractProblemLoader Creating init config 
75031      DEBUG main            d.u.i.k.p.i.AbstractProblemLoader Init config took 2.68s 
75066      INFO  main            d.u.i.k.p.i.AbstractProblemLoader Replaying proof Cell[Cell::$footprint()].JML accessible clause.0 
75071      DEBUG main            d.u.i.k.p.i.IntermediateProofReplayer Proof replay took 3.95ms 
75072      DEBUG main            d.u.i.k.p.r.p.TestFile    ... success: reloaded. 
75073      INFO  main            d.u.i.k.p.r.p.TestFile    Now processing file /home/runner/work/key/key/key.core/../key.ui/examples/heap/SmansEtAl/Cell_getX_dep.key 
75074      INFO  main            d.u.i.k.p.i.AbstractProblemLoader Loading environment from /home/runner/work/key/key/key.core/../key.ui/examples/heap/SmansEtAl/Cell_getX_dep.key 
75074      DEBUG main            d.u.i.k.p.i.AbstractProblemLoader Environment load took 101.4ns 
75074      INFO  main            d.u.i.k.p.i.AbstractProblemLoader Creating init config 
77827      DEBUG main            d.u.i.k.p.i.AbstractProblemLoader Init config took 2.75s 
77862      INFO  main            d.u.i.k.p.i.AbstractProblemLoader Replaying proof Cell[Cell::getX()].JML accessible clause.0 
77864      DEBUG main            d.u.i.k.p.i.IntermediateProofReplayer Proof replay took 6.9ns 
77967      INFO  main            d.u.i.k.p.r.p.TestFile    ... finished proof: closed. 
78185      INFO  main            d.u.i.k.p.i.AbstractProblemLoader Loading environment from /home/runner/work/key/key/key.core/../key.ui/examples/heap/SmansEtAl/Cell_getX_dep.key.proof 
78185      DEBUG main            d.u.i.k.p.i.AbstractProblemLoader Environment load took 132.1ns 
78186      INFO  main            d.u.i.k.p.i.AbstractProblemLoader Creating init config 
80851      DEBUG main            d.u.i.k.p.i.AbstractProblemLoader Init config took 2.66s 
80885      INFO  main            d.u.i.k.p.i.AbstractProblemLoader Replaying proof Cell[Cell::getX()].JML accessible clause.0 
80900      DEBUG main            d.u.i.k.p.i.IntermediateProofReplayer Proof replay took 13.19ms 
80900      DEBUG main            d.u.i.k.p.r.p.TestFile    ... success: reloaded. 
80902      INFO  main            d.u.i.k.p.r.p.TestFile    Now processing file /home/runner/work/key/key/key.core/../key.ui/examples/heap/SmansEtAl/Cell_getX.key 
80902      INFO  main            d.u.i.k.p.i.AbstractProblemLoader Loading environment from /home/runner/work/key/key/key.core/../key.ui/examples/heap/SmansEtAl/Cell_getX.key 
80902      DEBUG main            d.u.i.k.p.i.AbstractProblemLoader Environment load took 93.1ns 
80903      INFO  main            d.u.i.k.p.i.AbstractProblemLoader Creating init config 
83615      DEBUG main            d.u.i.k.p.i.AbstractProblemLoader Init config took 2.71s 
83649      INFO  main            d.u.i.k.p.i.AbstractProblemLoader Replaying proof Cell[Cell::getX()].JML normal_behavior operation contract.0 
83651      DEBUG main            d.u.i.k.p.i.IntermediateProofReplayer Proof replay took 6.3ns 
83755      INFO  main            d.u.i.k.p.r.p.TestFile    ... finished proof: closed. 
83957      INFO  main            d.u.i.k.p.i.AbstractProblemLoader Loading environment from /home/runner/work/key/key/key.core/../key.ui/examples/heap/SmansEtAl/Cell_getX.key.proof 
83957      DEBUG main            d.u.i.k.p.i.AbstractProblemLoader Environment load took 138.4ns 
83959      INFO  main            d.u.i.k.p.i.AbstractProblemLoader Creating init config 
86603      DEBUG main            d.u.i.k.p.i.AbstractProblemLoader Init config took 2.64s 
86638      INFO  main            d.u.i.k.p.i.AbstractProblemLoader Replaying proof Cell[Cell::getX()].JML normal_behavior operation contract.0 
86651      DEBUG main            d.u.i.k.p.i.IntermediateProofReplayer Proof replay took 11.77ms 
86652      DEBUG main            d.u.i.k.p.r.p.TestFile    ... success: reloaded. 
86654      INFO  main            d.u.i.k.p.r.p.TestFile    Now processing file /home/runner/work/key/key/key.core/../key.ui/examples/heap/SmansEtAl/Cell_inv.key 
86654      INFO  main            d.u.i.k.p.i.AbstractProblemLoader Loading environment from /home/runner/work/key/key/key.core/../key.ui/examples/heap/SmansEtAl/Cell_inv.key 
86654      DEBUG main            d.u.i.k.p.i.AbstractProblemLoader Environment load took 219.8ns 
86655      INFO  main            d.u.i.k.p.i.AbstractProblemLoader Creating init config 
89367      DEBUG main            d.u.i.k.p.i.AbstractProblemLoader Init config took 2.71s 
89400      INFO  main            d.u.i.k.p.i.AbstractProblemLoader Replaying proof Cell[java.lang.Object::<inv>()].JML accessible clause.0 
89402      DEBUG main            d.u.i.k.p.i.IntermediateProofReplayer Proof replay took 7ns 
89504      INFO  main            d.u.i.k.p.r.p.TestFile    ... finished proof: closed. 
89713      INFO  main            d.u.i.k.p.i.AbstractProblemLoader Loading environment from /home/runner/work/key/key/key.core/../key.ui/examples/heap/SmansEtAl/Cell_inv.key.proof 
89713      DEBUG main            d.u.i.k.p.i.AbstractProblemLoader Environment load took 115.5ns 
89714      INFO  main            d.u.i.k.p.i.AbstractProblemLoader Creating init config 
92374      DEBUG main            d.u.i.k.p.i.AbstractProblemLoader Init config took 2.66s 
92406      INFO  main            d.u.i.k.p.i.AbstractProblemLoader Replaying proof Cell[java.lang.Object::<inv>()].JML accessible clause.0 
92410      DEBUG main            d.u.i.k.p.i.IntermediateProofReplayer Proof replay took 1.73ms 
92411      DEBUG main            d.u.i.k.p.r.p.TestFile    ... success: reloaded. 
92412      INFO  main            d.u.i.k.p.r.p.TestFile    Now processing file /home/runner/work/key/key/key.core/../key.ui/examples/heap/SmansEtAl/Cell_setX.key 
92412      INFO  main            d.u.i.k.p.i.AbstractProblemLoader Loading environment from /home/runner/work/key/key/key.core/../key.ui/examples/heap/SmansEtAl/Cell_setX.key 
92412      DEBUG main            d.u.i.k.p.i.AbstractProblemLoader Environment load took 62.5ns 
92413      INFO  main            d.u.i.k.p.i.AbstractProblemLoader Creating init config 
95120      DEBUG main            d.u.i.k.p.i.AbstractProblemLoader Init config took 2.71s 
95152      INFO  main            d.u.i.k.p.i.AbstractProblemLoader Replaying proof Cell[Cell::setX(int)].JML normal_behavior operation contract.0 
95154      DEBUG main            d.u.i.k.p.i.IntermediateProofReplayer Proof replay took 6.5ns 
95259      INFO  main            d.u.i.k.p.r.p.TestFile    ... finished proof: closed. 
95479      INFO  main            d.u.i.k.p.i.AbstractProblemLoader Loading environment from /home/runner/work/key/key/key.core/../key.ui/examples/heap/SmansEtAl/Cell_setX.key.proof 
95479      DEBUG main            d.u.i.k.p.i.AbstractProblemLoader Environment load took 116.3ns 
95480      INFO  main            d.u.i.k.p.i.AbstractProblemLoader Creating init config 
98125      DEBUG main            d.u.i.k.p.i.AbstractProblemLoader Init config took 2.65s 
98160      INFO  main            d.u.i.k.p.i.AbstractProblemLoader Replaying proof Cell[Cell::setX(int)].JML normal_behavior operation contract.0 
98186      DEBUG main            d.u.i.k.p.i.IntermediateProofReplayer Proof replay took 23.43ms 
98187      DEBUG main            d.u.i.k.p.r.p.TestFile    ... success: reloaded. 
98188      INFO  main            d.u.i.k.p.r.p.TestFile    Now processing file /home/runner/work/key/key/key.core/../key.ui/examples/heap/SmansEtAl/CellClient_m.key 
98188      INFO  main            d.u.i.k.p.i.AbstractProblemLoader Loading environment from /home/runner/work/key/key/key.core/../key.ui/examples/heap/SmansEtAl/CellClient_m.key 
98188      DEBUG main            d.u.i.k.p.i.AbstractProblemLoader Environment load took 133.2ns 
98189      INFO  main            d.u.i.k.p.i.AbstractProblemLoader Creating init config 
100891     DEBUG main            d.u.i.k.p.i.AbstractProblemLoader Init config took 2.7s 
100926     INFO  main            d.u.i.k.p.i.AbstractProblemLoader Replaying proof CellClient[CellClient::m()].JML operation contract.0 
100928     DEBUG main            d.u.i.k.p.i.IntermediateProofReplayer Proof replay took 6.4ns 
101432     INFO  main            d.u.i.k.p.r.p.TestFile    ... finished proof: closed. 
101675     INFO  main            d.u.i.k.p.i.AbstractProblemLoader Loading environment from /home/runner/work/key/key/key.core/../key.ui/examples/heap/SmansEtAl/CellClient_m.key.proof 
101675     DEBUG main            d.u.i.k.p.i.AbstractProblemLoader Environment load took 130.8ns 
101676     INFO  main            d.u.i.k.p.i.AbstractProblemLoader Creating init config 
104297     DEBUG main            d.u.i.k.p.i.AbstractProblemLoader Init config took 2.62s 
104330     INFO  main            d.u.i.k.p.i.AbstractProblemLoader Replaying proof CellClient[CellClient::m()].JML operation contract.0 
104431     DEBUG main            d.u.i.k.p.i.IntermediateProofReplayer Proof replay took 96.83ms 
104433     DEBUG main            d.u.i.k.p.r.p.TestFile    ... success: reloaded. 
104434     INFO  main            d.u.i.k.p.r.p.TestFile    Now processing file /home/runner/work/key/key/key.core/../key.ui/examples/heap/SmansEtAl/Iterator_footprint.key 
104434     INFO  main            d.u.i.k.p.i.AbstractProblemLoader Loading environment from /home/runner/work/key/key/key.core/../key.ui/examples/heap/SmansEtAl/Iterator_footprint.key 
104434     DEBUG main            d.u.i.k.p.i.AbstractProblemLoader Environment load took 204ns 
104435     INFO  main            d.u.i.k.p.i.AbstractProblemLoader Creating init config 
107147     DEBUG main            d.u.i.k.p.i.AbstractProblemLoader Init config took 2.71s 
107210     INFO  main            d.u.i.k.p.i.AbstractProblemLoader Replaying proof Iterator[Iterator::$footprint()].JML accessible clause.0 
107213     DEBUG main            d.u.i.k.p.i.IntermediateProofReplayer Proof replay took 7ns 
107315     INFO  main            d.u.i.k.p.r.p.TestFile    ... finished proof: closed. 
107542     INFO  main            d.u.i.k.p.i.AbstractProblemLoader Loading environment from /home/runner/work/key/key/key.core/../key.ui/examples/heap/SmansEtAl/Iterator_footprint.key.proof 
107542     DEBUG main            d.u.i.k.p.i.AbstractProblemLoader Environment load took 123.3ns 
107543     INFO  main            d.u.i.k.p.i.AbstractProblemLoader Creating init config 
110207     DEBUG main            d.u.i.k.p.i.AbstractProblemLoader Init config took 2.66s 
110242     INFO  main            d.u.i.k.p.i.AbstractProblemLoader Replaying proof Iterator[Iterator::$footprint()].JML accessible clause.0 
110250     DEBUG main            d.u.i.k.p.i.IntermediateProofReplayer Proof replay took 6.39ms 
110251     DEBUG main            d.u.i.k.p.r.p.TestFile    ... success: reloaded. 
110252     INFO  main            d.u.i.k.p.r.p.TestFile    Now processing file /home/runner/work/key/key/key.core/../key.ui/examples/heap/SmansEtAl/Iterator_hasNext_dep.key 
110253     INFO  main            d.u.i.k.p.i.AbstractProblemLoader Loading environment from /home/runner/work/key/key/key.core/../key.ui/examples/heap/SmansEtAl/Iterator_hasNext_dep.key 
110253     DEBUG main            d.u.i.k.p.i.AbstractProblemLoader Environment load took 142.3ns 
110254     INFO  main            d.u.i.k.p.i.AbstractProblemLoader Creating init config 
112901     DEBUG main            d.u.i.k.p.i.AbstractProblemLoader Init config took 2.65s 
112936     INFO  main            d.u.i.k.p.i.AbstractProblemLoader Replaying proof Iterator[Iterator::hasNext()].JML accessible clause.0 
112937     DEBUG main            d.u.i.k.p.i.IntermediateProofReplayer Proof replay took 6.3ns 
113570     INFO  main            d.u.i.k.p.r.p.TestFile    ... finished proof: closed. 
113809     INFO  main            d.u.i.k.p.i.AbstractProblemLoader Loading environment from /home/runner/work/key/key/key.core/../key.ui/examples/heap/SmansEtAl/Iterator_hasNext_dep.key.proof 
113809     DEBUG main            d.u.i.k.p.i.AbstractProblemLoader Environment load took 486.61ns 
113811     INFO  main            d.u.i.k.p.i.AbstractProblemLoader Creating init config 
116441     DEBUG main            d.u.i.k.p.i.AbstractProblemLoader Init config took 2.63s 
116477     INFO  main            d.u.i.k.p.i.AbstractProblemLoader Replaying proof Iterator[Iterator::hasNext()].JML accessible clause.0 
116571     DEBUG main            d.u.i.k.p.i.IntermediateProofReplayer Proof replay took 88.82ms 
116572     DEBUG main            d.u.i.k.p.r.p.TestFile    ... success: reloaded. 
116573     INFO  main            d.u.i.k.p.r.p.TestFile    Now processing file /home/runner/work/key/key/key.core/../key.ui/examples/heap/SmansEtAl/Iterator_hasNext.key 
116573     INFO  main            d.u.i.k.p.i.AbstractProblemLoader Loading environment from /home/runner/work/key/key/key.core/../key.ui/examples/heap/SmansEtAl/Iterator_hasNext.key 
116573     DEBUG main            d.u.i.k.p.i.AbstractProblemLoader Environment load took 84.5ns 
116574     INFO  main            d.u.i.k.p.i.AbstractProblemLoader Creating init config 
119307     DEBUG main            d.u.i.k.p.i.AbstractProblemLoader Init config took 2.73s 
119347     INFO  main            d.u.i.k.p.i.AbstractProblemLoader Replaying proof Iterator[Iterator::hasNext()].JML normal_behavior operation contract.0 
119351     DEBUG main            d.u.i.k.p.i.IntermediateProofReplayer Proof replay took 7.8ns 
119955     INFO  main            d.u.i.k.p.r.p.TestFile    ... finished proof: closed. 
120194     INFO  main            d.u.i.k.p.i.AbstractProblemLoader Loading environment from /home/runner/work/key/key/key.core/../key.ui/examples/heap/SmansEtAl/Iterator_hasNext.key.proof 
120194     DEBUG main            d.u.i.k.p.i.AbstractProblemLoader Environment load took 178.8ns 
120195     INFO  main            d.u.i.k.p.i.AbstractProblemLoader Creating init config 
122812     DEBUG main            d.u.i.k.p.i.AbstractProblemLoader Init config took 2.62s 
122858     INFO  main            d.u.i.k.p.i.AbstractProblemLoader Replaying proof Iterator[Iterator::hasNext()].JML normal_behavior operation contract.0 
122942     DEBUG main            d.u.i.k.p.i.IntermediateProofReplayer Proof replay took 79.07ms 
122943     DEBUG main            d.u.i.k.p.r.p.TestFile    ... success: reloaded. 
122944     INFO  main            d.u.i.k.p.r.p.TestFile    Now processing file /home/runner/work/key/key/key.core/../key.ui/examples/heap/SmansEtAl/Iterator_inv.key 
122944     INFO  main            d.u.i.k.p.i.AbstractProblemLoader Loading environment from /home/runner/work/key/key/key.core/../key.ui/examples/heap/SmansEtAl/Iterator_inv.key 
122944     DEBUG main            d.u.i.k.p.i.AbstractProblemLoader Environment load took 65.3ns 
122945     INFO  main            d.u.i.k.p.i.AbstractProblemLoader Creating init config 
125642     DEBUG main            d.u.i.k.p.i.AbstractProblemLoader Init config took 2.7s 
125676     INFO  main            d.u.i.k.p.i.AbstractProblemLoader Replaying proof Iterator[java.lang.Object::<inv>()].JML accessible clause.0 
125678     DEBUG main            d.u.i.k.p.i.IntermediateProofReplayer Proof replay took 6.4ns 
125884     INFO  main            d.u.i.k.p.r.p.TestFile    ... finished proof: closed. 
126156     INFO  main            d.u.i.k.p.i.AbstractProblemLoader Loading environment from /home/runner/work/key/key/key.core/../key.ui/examples/heap/SmansEtAl/Iterator_inv.key.proof 
126156     DEBUG main            d.u.i.k.p.i.AbstractProblemLoader Environment load took 115.6ns 
126157     INFO  main            d.u.i.k.p.i.AbstractProblemLoader Creating init config 
128777     DEBUG main            d.u.i.k.p.i.AbstractProblemLoader Init config took 2.62s 
128811     INFO  main            d.u.i.k.p.i.AbstractProblemLoader Replaying proof Iterator[java.lang.Object::<inv>()].JML accessible clause.0 
128837     DEBUG main            d.u.i.k.p.i.IntermediateProofReplayer Proof replay took 22.98ms 
128838     DEBUG main            d.u.i.k.p.r.p.TestFile    ... success: reloaded. 
128839     INFO  main            d.u.i.k.p.r.p.TestFile    Now processing file /home/runner/work/key/key/key.core/../key.ui/examples/heap/SmansEtAl/Iterator_Iterator.key 
128839     INFO  main            d.u.i.k.p.i.AbstractProblemLoader Loading environment from /home/runner/work/key/key/key.core/../key.ui/examples/heap/SmansEtAl/Iterator_Iterator.key 
128839     DEBUG main            d.u.i.k.p.i.AbstractProblemLoader Environment load took 95.7ns 
128840     INFO  main            d.u.i.k.p.i.AbstractProblemLoader Creating init config 
131536     DEBUG main            d.u.i.k.p.i.AbstractProblemLoader Init config took 2.7s 
131572     INFO  main            d.u.i.k.p.i.AbstractProblemLoader Replaying proof Iterator[Iterator::Iterator(ArrayList)].JML normal_behavior operation contract.0 
131574     DEBUG main            d.u.i.k.p.i.IntermediateProofReplayer Proof replay took 5.6ns 
132884     INFO  main            d.u.i.k.p.r.p.TestFile    ... finished proof: closed. 
133154     INFO  main            d.u.i.k.p.i.AbstractProblemLoader Loading environment from /home/runner/work/key/key/key.core/../key.ui/examples/heap/SmansEtAl/Iterator_Iterator.key.proof 
133154     DEBUG main            d.u.i.k.p.i.AbstractProblemLoader Environment load took 116.2ns 
133155     INFO  main            d.u.i.k.p.i.AbstractProblemLoader Creating init config 
135761     DEBUG main            d.u.i.k.p.i.AbstractProblemLoader Init config took 2.61s 
135796     INFO  main            d.u.i.k.p.i.AbstractProblemLoader Replaying proof Iterator[Iterator::Iterator(ArrayList)].JML normal_behavior operation contract.0 
135982     DEBUG main            d.u.i.k.p.i.IntermediateProofReplayer Proof replay took 173.96ms 
135983     DEBUG main            d.u.i.k.p.r.p.TestFile    ... success: reloaded. 
135985     INFO  main            d.u.i.k.p.r.p.TestFile    Now processing file /home/runner/work/key/key/key.core/../key.ui/examples/heap/SmansEtAl/Iterator_list_dep.key 
135985     INFO  main            d.u.i.k.p.i.AbstractProblemLoader Loading environment from /home/runner/work/key/key/key.core/../key.ui/examples/heap/SmansEtAl/Iterator_list_dep.key 
135985     DEBUG main            d.u.i.k.p.i.AbstractProblemLoader Environment load took 211.1ns 
135986     INFO  main            d.u.i.k.p.i.AbstractProblemLoader Creating init config 
138682     DEBUG main            d.u.i.k.p.i.AbstractProblemLoader Init config took 2.7s 
138716     INFO  main            d.u.i.k.p.i.AbstractProblemLoader Replaying proof Iterator[Iterator::list()].JML accessible clause.0 
138719     DEBUG main            d.u.i.k.p.i.IntermediateProofReplayer Proof replay took 7ns 
138821     INFO  main            d.u.i.k.p.r.p.TestFile    ... finished proof: closed. 
139079     INFO  main            d.u.i.k.p.i.AbstractProblemLoader Loading environment from /home/runner/work/key/key/key.core/../key.ui/examples/heap/SmansEtAl/Iterator_list_dep.key.proof 
139079     DEBUG main            d.u.i.k.p.i.AbstractProblemLoader Environment load took 109.2ns 
139081     INFO  main            d.u.i.k.p.i.AbstractProblemLoader Creating init config 
141698     DEBUG main            d.u.i.k.p.i.AbstractProblemLoader Init config took 2.62s 
141734     INFO  main            d.u.i.k.p.i.AbstractProblemLoader Replaying proof Iterator[Iterator::list()].JML accessible clause.0 
141759     DEBUG main            d.u.i.k.p.i.IntermediateProofReplayer Proof replay took 18.65ms 
141760     DEBUG main            d.u.i.k.p.r.p.TestFile    ... success: reloaded. 
141761     INFO  main            d.u.i.k.p.r.p.TestFile    Now processing file /home/runner/work/key/key/key.core/../key.ui/examples/heap/SmansEtAl/Iterator_list.key 
141761     INFO  main            d.u.i.k.p.i.AbstractProblemLoader Loading environment from /home/runner/work/key/key/key.core/../key.ui/examples/heap/SmansEtAl/Iterator_list.key 
141761     DEBUG main            d.u.i.k.p.i.AbstractProblemLoader Environment load took 117.9ns 
141762     INFO  main            d.u.i.k.p.i.AbstractProblemLoader Creating init config 
144420     DEBUG main            d.u.i.k.p.i.AbstractProblemLoader Init config took 2.66s 
144472     INFO  main            d.u.i.k.p.i.AbstractProblemLoader Replaying proof Iterator[Iterator::list()].JML normal_behavior operation contract.0 
144479     DEBUG main            d.u.i.k.p.i.IntermediateProofReplayer Proof replay took 6.5ns 
144581     INFO  main            d.u.i.k.p.r.p.TestFile    ... finished proof: closed. 
144844     INFO  main            d.u.i.k.p.i.AbstractProblemLoader Loading environment from /home/runner/work/key/key/key.core/../key.ui/examples/heap/SmansEtAl/Iterator_list.key.proof 
144844     DEBUG main            d.u.i.k.p.i.AbstractProblemLoader Environment load took 126ns 
144845     INFO  main            d.u.i.k.p.i.AbstractProblemLoader Creating init config 
147454     DEBUG main            d.u.i.k.p.i.AbstractProblemLoader Init config took 2.61s 
147490     INFO  main            d.u.i.k.p.i.AbstractProblemLoader Replaying proof Iterator[Iterator::list()].JML normal_behavior operation contract.0 
147508     DEBUG main            d.u.i.k.p.i.IntermediateProofReplayer Proof replay took 14.7ms 
147509     DEBUG main            d.u.i.k.p.r.p.TestFile    ... success: reloaded. 
147510     INFO  main            d.u.i.k.p.r.p.TestFile    Now processing file /home/runner/work/key/key/key.core/../key.ui/examples/heap/SmansEtAl/Iterator_next.key 
147510     INFO  main            d.u.i.k.p.i.AbstractProblemLoader Loading environment from /home/runner/work/key/key/key.core/../key.ui/examples/heap/SmansEtAl/Iterator_next.key 
147510     DEBUG main            d.u.i.k.p.i.AbstractProblemLoader Environment load took 95.8ns 
147511     INFO  main            d.u.i.k.p.i.AbstractProblemLoader Creating init config 
150206     DEBUG main            d.u.i.k.p.i.AbstractProblemLoader Init config took 2.7s 
150241     INFO  main            d.u.i.k.p.i.AbstractProblemLoader Replaying proof Iterator[Iterator::next()].JML normal_behavior operation contract.0 
150242     DEBUG main            d.u.i.k.p.i.IntermediateProofReplayer Proof replay took 6.3ns 
152788     INFO  main            d.u.i.k.p.r.p.TestFile    ... finished proof: closed. 
153087     INFO  main            d.u.i.k.p.i.AbstractProblemLoader Loading environment from /home/runner/work/key/key/key.core/../key.ui/examples/heap/SmansEtAl/Iterator_next.key.proof 
153088     DEBUG main            d.u.i.k.p.i.AbstractProblemLoader Environment load took 439.2ns 
153090     INFO  main            d.u.i.k.p.i.AbstractProblemLoader Creating init config 
155690     DEBUG main            d.u.i.k.p.i.AbstractProblemLoader Init config took 2.6s 
155724     INFO  main            d.u.i.k.p.i.AbstractProblemLoader Replaying proof Iterator[Iterator::next()].JML normal_behavior operation contract.0 
156055     DEBUG main            d.u.i.k.p.i.IntermediateProofReplayer Proof replay took 313.81ms 
156057     DEBUG main            d.u.i.k.p.r.p.TestFile    ... success: reloaded. 
156058     INFO  main            d.u.i.k.p.r.p.TestFile    Now processing file /home/runner/work/key/key/key.core/../key.ui/examples/heap/SmansEtAl/Stack_footprint.key 
156059     INFO  main            d.u.i.k.p.i.AbstractProblemLoader Loading environment from /home/runner/work/key/key/key.core/../key.ui/examples/heap/SmansEtAl/Stack_footprint.key 
156059     DEBUG main            d.u.i.k.p.i.AbstractProblemLoader Environment load took 207.6ns 
156060     INFO  main            d.u.i.k.p.i.AbstractProblemLoader Creating init config 
158757     DEBUG main            d.u.i.k.p.i.AbstractProblemLoader Init config took 2.7s 
158793     INFO  main            d.u.i.k.p.i.AbstractProblemLoader Replaying proof Stack[Stack::$footprint()].JML accessible clause.0 
158794     DEBUG main            d.u.i.k.p.i.IntermediateProofReplayer Proof replay took 6.9ns 
158996     INFO  main            d.u.i.k.p.r.p.TestFile    ... finished proof: closed. 
159279     INFO  main            d.u.i.k.p.i.AbstractProblemLoader Loading environment from /home/runner/work/key/key/key.core/../key.ui/examples/heap/SmansEtAl/Stack_footprint.key.proof 
159280     DEBUG main            d.u.i.k.p.i.AbstractProblemLoader Environment load took 112.8ns 
159280     INFO  main            d.u.i.k.p.i.AbstractProblemLoader Creating init config 
161889     DEBUG main            d.u.i.k.p.i.AbstractProblemLoader Init config took 2.61s 
161922     INFO  main            d.u.i.k.p.i.AbstractProblemLoader Replaying proof Stack[Stack::$footprint()].JML accessible clause.0 
161956     DEBUG main            d.u.i.k.p.i.IntermediateProofReplayer Proof replay took 30.91ms 
161957     DEBUG main            d.u.i.k.p.r.p.TestFile    ... success: reloaded. 
161960     INFO  main            d.u.i.k.p.r.p.TestFile    Now processing file /home/runner/work/key/key/key.core/../key.ui/examples/heap/SmansEtAl/Stack_inv.key 
161960     INFO  main            d.u.i.k.p.i.AbstractProblemLoader Loading environment from /home/runner/work/key/key/key.core/../key.ui/examples/heap/SmansEtAl/Stack_inv.key 
161960     DEBUG main            d.u.i.k.p.i.AbstractProblemLoader Environment load took 217.6ns 
161962     INFO  main            d.u.i.k.p.i.AbstractProblemLoader Creating init config 
164646     DEBUG main            d.u.i.k.p.i.AbstractProblemLoader Init config took 2.68s 
164678     INFO  main            d.u.i.k.p.i.AbstractProblemLoader Replaying proof Stack[java.lang.Object::<inv>()].JML accessible clause.0 
164679     DEBUG main            d.u.i.k.p.i.IntermediateProofReplayer Proof replay took 6.4ns 
164781     INFO  main            d.u.i.k.p.r.p.TestFile    ... finished proof: closed. 
165061     INFO  main            d.u.i.k.p.i.AbstractProblemLoader Loading environment from /home/runner/work/key/key/key.core/../key.ui/examples/heap/SmansEtAl/Stack_inv.key.proof 
165061     DEBUG main            d.u.i.k.p.i.AbstractProblemLoader Environment load took 118.1ns 
165062     INFO  main            d.u.i.k.p.i.AbstractProblemLoader Creating init config 
167687     DEBUG main            d.u.i.k.p.i.AbstractProblemLoader Init config took 2.63s 
167719     INFO  main            d.u.i.k.p.i.AbstractProblemLoader Replaying proof Stack[java.lang.Object::<inv>()].JML accessible clause.0 
167734     DEBUG main            d.u.i.k.p.i.IntermediateProofReplayer Proof replay took 10.85ms 
167738     DEBUG main            d.u.i.k.p.r.p.TestFile    ... success: reloaded. 
167739     INFO  main            d.u.i.k.p.r.p.TestFile    Now processing file /home/runner/work/key/key/key.core/../key.ui/examples/heap/SmansEtAl/Stack_push.key 
167740     INFO  main            d.u.i.k.p.i.AbstractProblemLoader Loading environment from /home/runner/work/key/key/key.core/../key.ui/examples/heap/SmansEtAl/Stack_push.key 
167744     DEBUG main            d.u.i.k.p.i.AbstractProblemLoader Environment load took 3.48ms 
167745     INFO  main            d.u.i.k.p.i.AbstractProblemLoader Creating init config 
170374     DEBUG main            d.u.i.k.p.i.AbstractProblemLoader Init config took 2.63s 
170407     INFO  main            d.u.i.k.p.i.AbstractProblemLoader Replaying proof Stack[Stack::push(java.lang.Object)].JML normal_behavior operation contract.0 
170408     DEBUG main            d.u.i.k.p.i.IntermediateProofReplayer Proof replay took 6.4ns 
171011     INFO  main            d.u.i.k.p.r.p.TestFile    ... finished proof: closed. 
171336     INFO  main            d.u.i.k.p.i.AbstractProblemLoader Loading environment from /home/runner/work/key/key/key.core/../key.ui/examples/heap/SmansEtAl/Stack_push.key.proof 
171336     DEBUG main            d.u.i.k.p.i.AbstractProblemLoader Environment load took 422.81ns 
171338     INFO  main            d.u.i.k.p.i.AbstractProblemLoader Creating init config 
173936     DEBUG main            d.u.i.k.p.i.AbstractProblemLoader Init config took 2.6s 
173970     INFO  main            d.u.i.k.p.i.AbstractProblemLoader Replaying proof Stack[Stack::push(java.lang.Object)].JML normal_behavior operation contract.0 
174081     DEBUG main            d.u.i.k.p.i.IntermediateProofReplayer Proof replay took 106.69ms 
174082     DEBUG main            d.u.i.k.p.r.p.TestFile    ... success: reloaded. 
174083     INFO  main            d.u.i.k.p.r.p.TestFile    Now processing file /home/runner/work/key/key/key.core/../key.ui/examples/heap/SmansEtAl/Stack_size.key 
174084     INFO  main            d.u.i.k.p.i.AbstractProblemLoader Loading environment from /home/runner/work/key/key/key.core/../key.ui/examples/heap/SmansEtAl/Stack_size.key 
174084     DEBUG main            d.u.i.k.p.i.AbstractProblemLoader Environment load took 225.4ns 
174085     INFO  main            d.u.i.k.p.i.AbstractProblemLoader Creating init config 
176739     DEBUG main            d.u.i.k.p.i.AbstractProblemLoader Init config took 2.65s 
176771     INFO  main            d.u.i.k.p.i.AbstractProblemLoader Replaying proof Stack[Stack::size()].JML accessible clause.0 
176773     DEBUG main            d.u.i.k.p.i.IntermediateProofReplayer Proof replay took 8ns 
176975     INFO  main            d.u.i.k.p.r.p.TestFile    ... finished proof: closed. 
177270     INFO  main            d.u.i.k.p.i.AbstractProblemLoader Loading environment from /home/runner/work/key/key/key.core/../key.ui/examples/heap/SmansEtAl/Stack_size.key.proof 
177270     DEBUG main            d.u.i.k.p.i.AbstractProblemLoader Environment load took 99.6ns 
177271     INFO  main            d.u.i.k.p.i.AbstractProblemLoader Creating init config 
179874     DEBUG main            d.u.i.k.p.i.AbstractProblemLoader Init config took 2.6s 
179906     INFO  main            d.u.i.k.p.i.AbstractProblemLoader Replaying proof Stack[Stack::size()].JML accessible clause.0 
179946     DEBUG main            d.u.i.k.p.i.IntermediateProofReplayer Proof replay took 37.77ms 
179947     DEBUG main            d.u.i.k.p.r.p.TestFile    ... success: reloaded. 
179948     INFO  main            d.u.i.k.p.r.p.TestFile    Now processing file /home/runner/work/key/key/key.core/../key.ui/examples/heap/SmansEtAl/Stack_Stack.key 
179949     INFO  main            d.u.i.k.p.i.AbstractProblemLoader Loading environment from /home/runner/work/key/key/key.core/../key.ui/examples/heap/SmansEtAl/Stack_Stack.key 
179949     DEBUG main            d.u.i.k.p.i.AbstractProblemLoader Environment load took 183.8ns 
179950     INFO  main            d.u.i.k.p.i.AbstractProblemLoader Creating init config 
182589     DEBUG main            d.u.i.k.p.i.AbstractProblemLoader Init config took 2.64s 
182623     INFO  main            d.u.i.k.p.i.AbstractProblemLoader Replaying proof Stack[Stack::Stack()].JML normal_behavior operation contract.0 
182625     DEBUG main            d.u.i.k.p.i.IntermediateProofReplayer Proof replay took 7.7ns 
183630     INFO  main            d.u.i.k.p.r.p.TestFile    ... finished proof: closed. 
183936     INFO  main            d.u.i.k.p.i.AbstractProblemLoader Loading environment from /home/runner/work/key/key/key.core/../key.ui/examples/heap/SmansEtAl/Stack_Stack.key.proof 
183936     DEBUG main            d.u.i.k.p.i.AbstractProblemLoader Environment load took 396.7ns 
183938     INFO  main            d.u.i.k.p.i.AbstractProblemLoader Creating init config 
186538     DEBUG main            d.u.i.k.p.i.AbstractProblemLoader Init config took 2.6s 
186571     INFO  main            d.u.i.k.p.i.AbstractProblemLoader Replaying proof Stack[Stack::Stack()].JML normal_behavior operation contract.0 
186748     DEBUG main            d.u.i.k.p.i.IntermediateProofReplayer Proof replay took 168.96ms 
186749     DEBUG main            d.u.i.k.p.r.p.TestFile    ... success: reloaded. 
186750     INFO  main            d.u.i.k.p.r.p.TestFile    Now processing file /home/runner/work/key/key/key.core/../key.ui/examples/heap/SmansEtAl/Stack_switchContents.key 
186750     INFO  main            d.u.i.k.p.i.AbstractProblemLoader Loading environment from /home/runner/work/key/key/key.core/../key.ui/examples/heap/SmansEtAl/Stack_switchContents.key 
186750     DEBUG main            d.u.i.k.p.i.AbstractProblemLoader Environment load took 75.5ns 
186751     INFO  main            d.u.i.k.p.i.AbstractProblemLoader Creating init config 
189398     DEBUG main            d.u.i.k.p.i.AbstractProblemLoader Init config took 2.65s 
189431     INFO  main            d.u.i.k.p.i.AbstractProblemLoader Replaying proof Stack[Stack::switchContents(Stack)].JML normal_behavior operation contract.0 
189432     DEBUG main            d.u.i.k.p.i.IntermediateProofReplayer Proof replay took 6.9ns 
193760     INFO  main            d.u.i.k.p.r.p.TestFile    ... finished proof: closed. 
194088     INFO  main            d.u.i.k.p.i.AbstractProblemLoader Loading environment from /home/runner/work/key/key/key.core/../key.ui/examples/heap/SmansEtAl/Stack_switchContents.key.proof 
194089     DEBUG main            d.u.i.k.p.i.AbstractProblemLoader Environment load took 391.6ns 
194091     INFO  main            d.u.i.k.p.i.AbstractProblemLoader Creating init config 
196697     DEBUG main            d.u.i.k.p.i.AbstractProblemLoader Init config took 2.61s 
196730     INFO  main            d.u.i.k.p.i.AbstractProblemLoader Replaying proof Stack[Stack::switchContents(Stack)].JML normal_behavior operation contract.0 
197207     DEBUG main            d.u.i.k.p.i.IntermediateProofReplayer Proof replay took 463.01ms 
197209     DEBUG main            d.u.i.k.p.r.p.TestFile    ... success: reloaded. 
2058357    INFO  Test worker     d.u.i.k.p.r.RunAllProofsTestUnit Returning from test SmansEtAl 
2058358    INFO  Test worker     d.u.i.k.p.r.RunAllProofsTestUnit Running test VACID0 
342        INFO  Timeout watchdog d.u.i.k.p.r.p.ForkedTestFileRunner Timeout watcher launched (2000 secs.) 
356        WARN  main            d.u.i.k.s.ProofSettings   The settings in /home/runner/.key/proof-settings.props are *not* read. 
400        INFO  main            d.u.i.k.p.r.p.TestFile    Now processing file /home/runner/work/key/key/key.core/../key.ui/examples/heap/vacid0_01_SparseArray/Harness_sparseArrayTestHarness1.key 
523        INFO  main            d.u.i.k.p.i.AbstractProblemLoader Loading environment from /home/runner/work/key/key/key.core/../key.ui/examples/heap/vacid0_01_SparseArray/Harness_sparseArrayTestHarness1.key 
539        DEBUG main            d.u.i.k.p.i.AbstractProblemLoader Environment load took 1.9ms 
754        INFO  main            d.u.i.k.p.i.AbstractProblemLoader Creating init config 
1673       DEBUG main            d.u.i.k.j.TypeConverter   No LDT found for Meta 
1673       DEBUG main            d.u.i.k.j.TypeConverter   No LDT found for Meta 
1675       DEBUG main            d.u.i.k.j.TypeConverter   No LDT found for Meta 
1675       DEBUG main            d.u.i.k.j.TypeConverter   No LDT found for Meta 
3126       DEBUG main            d.u.i.k.j.TypeConverter   No LDT found for JavaBigintExpression 
8112       DEBUG main            d.u.i.k.p.i.AbstractProblemLoader Init config took 7.36s 
8280       INFO  main            d.u.i.k.p.i.AbstractProblemLoader Replaying proof Harness[Harness::sparseArrayTestHarness1()].JML normal_behavior operation contract.0 
8316       DEBUG main            d.u.i.k.p.i.IntermediateProofReplayer Proof replay took 38.3ns 
9809       INFO  main            d.u.i.k.p.r.p.TestFile    ... finished proof: closed. 
9944       INFO  main            d.u.i.k.p.i.AbstractProblemLoader Loading environment from /home/runner/work/key/key/key.core/../key.ui/examples/heap/vacid0_01_SparseArray/Harness_sparseArrayTestHarness1.key.proof 
9946       DEBUG main            d.u.i.k.p.i.AbstractProblemLoader Environment load took 1.68ms 
9948       INFO  main            d.u.i.k.p.i.AbstractProblemLoader Creating init config 
12932      DEBUG main            d.u.i.k.p.i.AbstractProblemLoader Init config took 2.98s 
12996      INFO  main            d.u.i.k.p.i.AbstractProblemLoader Replaying proof Harness[Harness::sparseArrayTestHarness1()].JML normal_behavior operation contract.0 
13177      DEBUG main            d.u.i.k.p.i.IntermediateProofReplayer Proof replay took 171.99ms 
13185      DEBUG main            d.u.i.k.p.r.p.TestFile    ... success: reloaded. 
13186      INFO  main            d.u.i.k.p.r.p.TestFile    Now processing file /home/runner/work/key/key/key.core/../key.ui/examples/heap/vacid0_01_SparseArray/Harness_sparseArrayTestHarness2.key 
13187      INFO  main            d.u.i.k.p.i.AbstractProblemLoader Loading environment from /home/runner/work/key/key/key.core/../key.ui/examples/heap/vacid0_01_SparseArray/Harness_sparseArrayTestHarness2.key 
13187      DEBUG main            d.u.i.k.p.i.AbstractProblemLoader Environment load took 224.7ns 
13189      INFO  main            d.u.i.k.p.i.AbstractProblemLoader Creating init config 
15940      DEBUG main            d.u.i.k.p.i.AbstractProblemLoader Init config took 2.75s 
15996      INFO  main            d.u.i.k.p.i.AbstractProblemLoader Replaying proof Harness[Harness::sparseArrayTestHarness2()].JML normal_behavior operation contract.0 
15998      DEBUG main            d.u.i.k.p.i.IntermediateProofReplayer Proof replay took 6.1ns 
25289      INFO  main            d.u.i.k.p.r.p.TestFile    ... finished proof: closed. 
25494      INFO  main            d.u.i.k.p.i.AbstractProblemLoader Loading environment from /home/runner/work/key/key/key.core/../key.ui/examples/heap/vacid0_01_SparseArray/Harness_sparseArrayTestHarness2.key.proof 
25495      DEBUG main            d.u.i.k.p.i.AbstractProblemLoader Environment load took 454.7ns 
25499      INFO  main            d.u.i.k.p.i.AbstractProblemLoader Creating init config 
28185      DEBUG main            d.u.i.k.p.i.AbstractProblemLoader Init config took 2.69s 
28234      INFO  main            d.u.i.k.p.i.AbstractProblemLoader Replaying proof Harness[Harness::sparseArrayTestHarness2()].JML normal_behavior operation contract.0 
29461      DEBUG main            d.u.i.k.p.i.IntermediateProofReplayer Proof replay took 1.18s 
29466      DEBUG main            d.u.i.k.p.r.p.TestFile    ... success: reloaded. 
29468      INFO  main            d.u.i.k.p.r.p.TestFile    Now processing file /home/runner/work/key/key/key.core/../key.ui/examples/heap/vacid0_01_SparseArray/MemoryAllocator_alloc_unsigned.key 
29468      INFO  main            d.u.i.k.p.i.AbstractProblemLoader Loading environment from /home/runner/work/key/key/key.core/../key.ui/examples/heap/vacid0_01_SparseArray/MemoryAllocator_alloc_unsigned.key 
29468      DEBUG main            d.u.i.k.p.i.AbstractProblemLoader Environment load took 118.6ns 
29470      INFO  main            d.u.i.k.p.i.AbstractProblemLoader Creating init config 
32176      DEBUG main            d.u.i.k.p.i.AbstractProblemLoader Init config took 2.71s 
32223      INFO  main            d.u.i.k.p.i.AbstractProblemLoader Replaying proof MemoryAllocator[MemoryAllocator::alloc_unsigned(int)].JML normal_behavior operation contract.0 
32224      DEBUG main            d.u.i.k.p.i.IntermediateProofReplayer Proof replay took 5.6ns 
33050      INFO  main            d.u.i.k.p.r.p.TestFile    ... finished proof: closed. 
33225      INFO  main            d.u.i.k.p.i.AbstractProblemLoader Loading environment from /home/runner/work/key/key/key.core/../key.ui/examples/heap/vacid0_01_SparseArray/MemoryAllocator_alloc_unsigned.key.proof 
33226      DEBUG main            d.u.i.k.p.i.AbstractProblemLoader Environment load took 453.7ns 
33227      INFO  main            d.u.i.k.p.i.AbstractProblemLoader Creating init config 
35762      DEBUG main            d.u.i.k.p.i.AbstractProblemLoader Init config took 2.54s 
35805      INFO  main            d.u.i.k.p.i.AbstractProblemLoader Replaying proof MemoryAllocator[MemoryAllocator::alloc_unsigned(int)].JML normal_behavior operation contract.0 
36019      DEBUG main            d.u.i.k.p.i.IntermediateProofReplayer Proof replay took 208.44ms 
36021      DEBUG main            d.u.i.k.p.r.p.TestFile    ... success: reloaded. 
36022      INFO  main            d.u.i.k.p.r.p.TestFile    Now processing file /home/runner/work/key/key/key.core/../key.ui/examples/heap/vacid0_01_SparseArray/MemoryAllocator_alloc.key 
36022      INFO  main            d.u.i.k.p.i.AbstractProblemLoader Loading environment from /home/runner/work/key/key/key.core/../key.ui/examples/heap/vacid0_01_SparseArray/MemoryAllocator_alloc.key 
36023      DEBUG main            d.u.i.k.p.i.AbstractProblemLoader Environment load took 207.9ns 
36024      INFO  main            d.u.i.k.p.i.AbstractProblemLoader Creating init config 
38676      DEBUG main            d.u.i.k.p.i.AbstractProblemLoader Init config took 2.65s 
38717      INFO  main            d.u.i.k.p.i.AbstractProblemLoader Replaying proof MemoryAllocator[MemoryAllocator::alloc(int)].JML normal_behavior operation contract.0 
38719      DEBUG main            d.u.i.k.p.i.IntermediateProofReplayer Proof replay took 5.3ns 
39225      INFO  main            d.u.i.k.p.r.p.TestFile    ... finished proof: closed. 
39401      INFO  main            d.u.i.k.p.i.AbstractProblemLoader Loading environment from /home/runner/work/key/key/key.core/../key.ui/examples/heap/vacid0_01_SparseArray/MemoryAllocator_alloc.key.proof 
39402      DEBUG main            d.u.i.k.p.i.AbstractProblemLoader Environment load took 456.5ns 
39403      INFO  main            d.u.i.k.p.i.AbstractProblemLoader Creating init config 
41989      DEBUG main            d.u.i.k.p.i.AbstractProblemLoader Init config took 2.59s 
42031      INFO  main            d.u.i.k.p.i.AbstractProblemLoader Replaying proof MemoryAllocator[MemoryAllocator::alloc(int)].JML normal_behavior operation contract.0 
42159      DEBUG main            d.u.i.k.p.i.IntermediateProofReplayer Proof replay took 122.85ms 
42160      DEBUG main            d.u.i.k.p.r.p.TestFile    ... success: reloaded. 
42161      INFO  main            d.u.i.k.p.r.p.TestFile    Now processing file /home/runner/work/key/key/key.core/../key.ui/examples/heap/vacid0_01_SparseArray/SparseArray_get_dep.key 
42162      INFO  main            d.u.i.k.p.i.AbstractProblemLoader Loading environment from /home/runner/work/key/key/key.core/../key.ui/examples/heap/vacid0_01_SparseArray/SparseArray_get_dep.key 
42162      DEBUG main            d.u.i.k.p.i.AbstractProblemLoader Environment load took 217.5ns 
42163      INFO  main            d.u.i.k.p.i.AbstractProblemLoader Creating init config 
44750      DEBUG main            d.u.i.k.p.i.AbstractProblemLoader Init config took 2.59s 
44809      INFO  main            d.u.i.k.p.i.AbstractProblemLoader Replaying proof SparseArray[SparseArray::get(int)].JML accessible clause.0 
44811      DEBUG main            d.u.i.k.p.i.IntermediateProofReplayer Proof replay took 5.4ns 
47942      INFO  main            d.u.i.k.p.r.p.TestFile    ... finished proof: closed. 
48124      INFO  main            d.u.i.k.p.i.AbstractProblemLoader Loading environment from /home/runner/work/key/key/key.core/../key.ui/examples/heap/vacid0_01_SparseArray/SparseArray_get_dep.key.proof 
48124      DEBUG main            d.u.i.k.p.i.AbstractProblemLoader Environment load took 446ns 
48126      INFO  main            d.u.i.k.p.i.AbstractProblemLoader Creating init config 
50646      DEBUG main            d.u.i.k.p.i.AbstractProblemLoader Init config took 2.52s 
50703      INFO  main            d.u.i.k.p.i.AbstractProblemLoader Replaying proof SparseArray[SparseArray::get(int)].JML accessible clause.0 
51025      DEBUG main            d.u.i.k.p.i.IntermediateProofReplayer Proof replay took 308.7ms 
51026      DEBUG main            d.u.i.k.p.r.p.TestFile    ... success: reloaded. 
51027      INFO  main            d.u.i.k.p.r.p.TestFile    Now processing file /home/runner/work/key/key/key.core/../key.ui/examples/heap/vacid0_01_SparseArray/SparseArray_get.key 
51028      INFO  main            d.u.i.k.p.i.AbstractProblemLoader Loading environment from /home/runner/work/key/key/key.core/../key.ui/examples/heap/vacid0_01_SparseArray/SparseArray_get.key 
51028      DEBUG main            d.u.i.k.p.i.AbstractProblemLoader Environment load took 251.7ns 
51029      INFO  main            d.u.i.k.p.i.AbstractProblemLoader Creating init config 
53540      DEBUG main            d.u.i.k.p.i.AbstractProblemLoader Init config took 2.51s 
53617      INFO  main            d.u.i.k.p.i.AbstractProblemLoader Replaying proof SparseArray[SparseArray::get(int)].JML normal_behavior operation contract.0 
53618      DEBUG main            d.u.i.k.p.i.IntermediateProofReplayer Proof replay took 6.4ns 
55630      INFO  main            d.u.i.k.p.r.p.TestFile    ... finished proof: closed. 
55841      INFO  main            d.u.i.k.p.i.AbstractProblemLoader Loading environment from /home/runner/work/key/key/key.core/../key.ui/examples/heap/vacid0_01_SparseArray/SparseArray_get.key.proof 
55842      DEBUG main            d.u.i.k.p.i.AbstractProblemLoader Environment load took 208.9ns 
55843      INFO  main            d.u.i.k.p.i.AbstractProblemLoader Creating init config 
58383      DEBUG main            d.u.i.k.p.i.AbstractProblemLoader Init config took 2.54s 
58453      INFO  main            d.u.i.k.p.i.AbstractProblemLoader Replaying proof SparseArray[SparseArray::get(int)].JML normal_behavior operation contract.0 
58777      DEBUG main            d.u.i.k.p.i.IntermediateProofReplayer Proof replay took 308.52ms 
58778      DEBUG main            d.u.i.k.p.r.p.TestFile    ... success: reloaded. 
58779      INFO  main            d.u.i.k.p.r.p.TestFile    Now processing file /home/runner/work/key/key/key.core/../key.ui/examples/heap/vacid0_01_SparseArray/SparseArray_inv.key 
58780      INFO  main            d.u.i.k.p.i.AbstractProblemLoader Loading environment from /home/runner/work/key/key/key.core/../key.ui/examples/heap/vacid0_01_SparseArray/SparseArray_inv.key 
58780      DEBUG main            d.u.i.k.p.i.AbstractProblemLoader Environment load took 215.2ns 
58781      INFO  main            d.u.i.k.p.i.AbstractProblemLoader Creating init config 
61346      DEBUG main            d.u.i.k.p.i.AbstractProblemLoader Init config took 2.56s 
61424      INFO  main            d.u.i.k.p.i.AbstractProblemLoader Replaying proof SparseArray[java.lang.Object::<inv>()].JML accessible clause.0 
61425      DEBUG main            d.u.i.k.p.i.IntermediateProofReplayer Proof replay took 7.4ns 
63174      INFO  main            d.u.i.k.p.r.p.TestFile    ... finished proof: closed. 
63353      INFO  main            d.u.i.k.p.i.AbstractProblemLoader Loading environment from /home/runner/work/key/key/key.core/../key.ui/examples/heap/vacid0_01_SparseArray/SparseArray_inv.key.proof 
63354      DEBUG main            d.u.i.k.p.i.AbstractProblemLoader Environment load took 523.3ns 
63355      INFO  main            d.u.i.k.p.i.AbstractProblemLoader Creating init config 
65855      DEBUG main            d.u.i.k.p.i.AbstractProblemLoader Init config took 2.5s 
65907      INFO  main            d.u.i.k.p.i.AbstractProblemLoader Replaying proof SparseArray[java.lang.Object::<inv>()].JML accessible clause.0 
66033      DEBUG main            d.u.i.k.p.i.IntermediateProofReplayer Proof replay took 120.79ms 
66034      DEBUG main            d.u.i.k.p.r.p.TestFile    ... success: reloaded. 
66036      INFO  main            d.u.i.k.p.r.p.TestFile    Now processing file /home/runner/work/key/key/key.core/../key.ui/examples/heap/vacid0_01_SparseArray/SparseArray_SparseArray.key 
66043      INFO  main            d.u.i.k.p.i.AbstractProblemLoader Loading environment from /home/runner/work/key/key/key.core/../key.ui/examples/heap/vacid0_01_SparseArray/SparseArray_SparseArray.key 
66043      DEBUG main            d.u.i.k.p.i.AbstractProblemLoader Environment load took 231.3ns 
66044      INFO  main            d.u.i.k.p.i.AbstractProblemLoader Creating init config 
68602      DEBUG main            d.u.i.k.p.i.AbstractProblemLoader Init config took 2.56s 
68656      INFO  main            d.u.i.k.p.i.AbstractProblemLoader Replaying proof SparseArray[SparseArray::SparseArray(int)].JML normal_behavior operation contract.0 
68657      DEBUG main            d.u.i.k.p.i.IntermediateProofReplayer Proof replay took 7.3ns 
71914      INFO  main            d.u.i.k.p.r.p.TestFile    ... finished proof: closed. 
72125      INFO  main            d.u.i.k.p.i.AbstractProblemLoader Loading environment from /home/runner/work/key/key/key.core/../key.ui/examples/heap/vacid0_01_SparseArray/SparseArray_SparseArray.key.proof 
72125      DEBUG main            d.u.i.k.p.i.AbstractProblemLoader Environment load took 132.5ns 
72126      INFO  main            d.u.i.k.p.i.AbstractProblemLoader Creating init config 
74643      DEBUG main            d.u.i.k.p.i.AbstractProblemLoader Init config took 2.52s 
74697      INFO  main            d.u.i.k.p.i.AbstractProblemLoader Replaying proof SparseArray[SparseArray::SparseArray(int)].JML normal_behavior operation contract.0 
75194      DEBUG main            d.u.i.k.p.i.IntermediateProofReplayer Proof replay took 488.01ms 
75196      DEBUG main            d.u.i.k.p.r.p.TestFile    ... success: reloaded. 
2133731    INFO  Test worker     d.u.i.k.p.r.RunAllProofsTestUnit Returning from test VACID0 
2133732    INFO  Test worker     d.u.i.k.p.r.RunAllProofsTestUnit Running test VSTTE10 
339        INFO  Timeout watchdog d.u.i.k.p.r.p.ForkedTestFileRunner Timeout watcher launched (2000 secs.) 
347        WARN  main            d.u.i.k.s.ProofSettings   The settings in /home/runner/.key/proof-settings.props are *not* read. 
385        INFO  main            d.u.i.k.p.r.p.TestFile    Now processing file /home/runner/work/key/key/key.core/../key.ui/examples/heap/vstte10_01_SumAndMax/SumAndMax_sumAndMax.key 
541        INFO  main            d.u.i.k.p.i.AbstractProblemLoader Loading environment from /home/runner/work/key/key/key.core/../key.ui/examples/heap/vstte10_01_SumAndMax/SumAndMax_sumAndMax.key 
561        DEBUG main            d.u.i.k.p.i.AbstractProblemLoader Environment load took 2.17ms 
779        INFO  main            d.u.i.k.p.i.AbstractProblemLoader Creating init config 
1690       DEBUG main            d.u.i.k.j.TypeConverter   No LDT found for Meta 
1690       DEBUG main            d.u.i.k.j.TypeConverter   No LDT found for Meta 
1693       DEBUG main            d.u.i.k.j.TypeConverter   No LDT found for Meta 
1693       DEBUG main            d.u.i.k.j.TypeConverter   No LDT found for Meta 
3311       DEBUG main            d.u.i.k.j.TypeConverter   No LDT found for JavaBigintExpression 
8030       DEBUG main            d.u.i.k.p.i.AbstractProblemLoader Init config took 7.25s 
8208       INFO  main            d.u.i.k.p.i.AbstractProblemLoader Replaying proof SumAndMax[SumAndMax::sumAndMax([I)].JML normal_behavior operation contract.0 
8245       DEBUG main            d.u.i.k.p.i.IntermediateProofReplayer Proof replay took 31.5ns 
13244      INFO  main            d.u.i.k.p.r.p.TestFile    ... finished proof: closed. 
13430      INFO  main            d.u.i.k.p.i.AbstractProblemLoader Loading environment from /home/runner/work/key/key/key.core/../key.ui/examples/heap/vstte10_01_SumAndMax/SumAndMax_sumAndMax.key.proof 
13433      DEBUG main            d.u.i.k.p.i.AbstractProblemLoader Environment load took 2.26ms 
13435      INFO  main            d.u.i.k.p.i.AbstractProblemLoader Creating init config 
16160      DEBUG main            d.u.i.k.p.i.AbstractProblemLoader Init config took 2.72s 
16221      INFO  main            d.u.i.k.p.i.AbstractProblemLoader Replaying proof SumAndMax[SumAndMax::sumAndMax([I)].JML normal_behavior operation contract.0 
16860      DEBUG main            d.u.i.k.p.i.IntermediateProofReplayer Proof replay took 618.13ms 
16871      DEBUG main            d.u.i.k.p.r.p.TestFile    ... success: reloaded. 
16872      INFO  main            d.u.i.k.p.r.p.TestFile    Now processing file /home/runner/work/key/key/key.core/../key.ui/examples/heap/vstte10_03_LinkedList/Node_cons.key 
16873      INFO  main            d.u.i.k.p.i.AbstractProblemLoader Loading environment from /home/runner/work/key/key/key.core/../key.ui/examples/heap/vstte10_03_LinkedList/Node_cons.key 
16873      DEBUG main            d.u.i.k.p.i.AbstractProblemLoader Environment load took 299.6ns 
16875      INFO  main            d.u.i.k.p.i.AbstractProblemLoader Creating init config 
19715      DEBUG main            d.u.i.k.p.i.AbstractProblemLoader Init config took 2.84s 
19777      INFO  main            d.u.i.k.p.i.AbstractProblemLoader Replaying proof Node[Node::cons(int,Node)].JML normal_behavior operation contract.0 
19780      DEBUG main            d.u.i.k.p.i.IntermediateProofReplayer Proof replay took 6.6ns 
21287      INFO  main            d.u.i.k.p.r.p.TestFile    ... finished proof: closed. 
21459      INFO  main            d.u.i.k.p.i.AbstractProblemLoader Loading environment from /home/runner/work/key/key/key.core/../key.ui/examples/heap/vstte10_03_LinkedList/Node_cons.key.proof 
21460      DEBUG main            d.u.i.k.p.i.AbstractProblemLoader Environment load took 436.1ns 
21464      INFO  main            d.u.i.k.p.i.AbstractProblemLoader Creating init config 
24099      DEBUG main            d.u.i.k.p.i.AbstractProblemLoader Init config took 2.63s 
24153      INFO  main            d.u.i.k.p.i.AbstractProblemLoader Replaying proof Node[Node::cons(int,Node)].JML normal_behavior operation contract.0 
24425      DEBUG main            d.u.i.k.p.i.IntermediateProofReplayer Proof replay took 260.18ms 
24427      DEBUG main            d.u.i.k.p.r.p.TestFile    ... success: reloaded. 
24428      INFO  main            d.u.i.k.p.r.p.TestFile    Now processing file /home/runner/work/key/key/key.core/../key.ui/examples/heap/vstte10_03_LinkedList/Node_inv.key 
24428      INFO  main            d.u.i.k.p.i.AbstractProblemLoader Loading environment from /home/runner/work/key/key/key.core/../key.ui/examples/heap/vstte10_03_LinkedList/Node_inv.key 
24429      DEBUG main            d.u.i.k.p.i.AbstractProblemLoader Environment load took 222.2ns 
24430      INFO  main            d.u.i.k.p.i.AbstractProblemLoader Creating init config 
27042      DEBUG main            d.u.i.k.p.i.AbstractProblemLoader Init config took 2.61s 
27111      INFO  main            d.u.i.k.p.i.AbstractProblemLoader Replaying proof Node[java.lang.Object::<inv>()].JML accessible clause.0 
27113      DEBUG main            d.u.i.k.p.i.IntermediateProofReplayer Proof replay took 15.2ns 
27419      INFO  main            d.u.i.k.p.r.p.TestFile    ... finished proof: closed. 
27568      INFO  main            d.u.i.k.p.i.AbstractProblemLoader Loading environment from /home/runner/work/key/key/key.core/../key.ui/examples/heap/vstte10_03_LinkedList/Node_inv.key.proof 
27569      DEBUG main            d.u.i.k.p.i.AbstractProblemLoader Environment load took 131.4ns 
27570      INFO  main            d.u.i.k.p.i.AbstractProblemLoader Creating init config 
30087      DEBUG main            d.u.i.k.p.i.AbstractProblemLoader Init config took 2.52s 
30136      INFO  main            d.u.i.k.p.i.AbstractProblemLoader Replaying proof Node[java.lang.Object::<inv>()].JML accessible clause.0 
30172      DEBUG main            d.u.i.k.p.i.IntermediateProofReplayer Proof replay took 31.84ms 
30173      DEBUG main            d.u.i.k.p.r.p.TestFile    ... success: reloaded. 
30174      INFO  main            d.u.i.k.p.r.p.TestFile    Now processing file /home/runner/work/key/key/key.core/../key.ui/examples/heap/vstte10_03_LinkedList/Node_search.key 
30175      INFO  main            d.u.i.k.p.i.AbstractProblemLoader Loading environment from /home/runner/work/key/key/key.core/../key.ui/examples/heap/vstte10_03_LinkedList/Node_search.key 
30175      DEBUG main            d.u.i.k.p.i.AbstractProblemLoader Environment load took 208ns 
30176      INFO  main            d.u.i.k.p.i.AbstractProblemLoader Creating init config 
32770      DEBUG main            d.u.i.k.p.i.AbstractProblemLoader Init config took 2.59s 
32820      INFO  main            d.u.i.k.p.i.AbstractProblemLoader Replaying proof Node[Node::search()].JML normal_behavior operation contract.0 
32821      DEBUG main            d.u.i.k.p.i.IntermediateProofReplayer Proof replay took 6.4ns 
38895      INFO  main            d.u.i.k.p.r.p.TestFile    ... finished proof: closed. 
39090      INFO  main            d.u.i.k.p.i.AbstractProblemLoader Loading environment from /home/runner/work/key/key/key.core/../key.ui/examples/heap/vstte10_03_LinkedList/Node_search.key.proof 
39091      DEBUG main            d.u.i.k.p.i.AbstractProblemLoader Environment load took 426.9ns 
39094      INFO  main            d.u.i.k.p.i.AbstractProblemLoader Creating init config 
41670      DEBUG main            d.u.i.k.p.i.AbstractProblemLoader Init config took 2.58s 
41719      INFO  main            d.u.i.k.p.i.AbstractProblemLoader Replaying proof Node[Node::search()].JML normal_behavior operation contract.0 
42382      DEBUG main            d.u.i.k.p.i.IntermediateProofReplayer Proof replay took 620.83ms 
42384      DEBUG main            d.u.i.k.p.r.p.TestFile    ... success: reloaded. 
42386      INFO  main            d.u.i.k.p.r.p.TestFile    Now processing file /home/runner/work/key/key/key.core/../key.ui/examples/heap/vstte10_04_Queens/Queens_isConsistent.key 
42386      INFO  main            d.u.i.k.p.i.AbstractProblemLoader Loading environment from /home/runner/work/key/key/key.core/../key.ui/examples/heap/vstte10_04_Queens/Queens_isConsistent.key 
42386      DEBUG main            d.u.i.k.p.i.AbstractProblemLoader Environment load took 249.9ns 
42387      INFO  main            d.u.i.k.p.i.AbstractProblemLoader Creating init config 
45314      DEBUG main            d.u.i.k.p.i.AbstractProblemLoader Init config took 2.93s 
45356      INFO  main            d.u.i.k.p.i.AbstractProblemLoader Replaying proof Queens[Queens::isConsistent([I,int)].JML normal_behavior operation contract.0 
45357      DEBUG main            d.u.i.k.p.i.IntermediateProofReplayer Proof replay took 6.3ns 
47174      INFO  main            d.u.i.k.p.r.p.TestFile    ... finished proof: closed. 
47383      INFO  main            d.u.i.k.p.i.AbstractProblemLoader Loading environment from /home/runner/work/key/key/key.core/../key.ui/examples/heap/vstte10_04_Queens/Queens_isConsistent.key.proof 
47384      DEBUG main            d.u.i.k.p.i.AbstractProblemLoader Environment load took 550.11ns 
47386      INFO  main            d.u.i.k.p.i.AbstractProblemLoader Creating init config 
50029      DEBUG main            d.u.i.k.p.i.AbstractProblemLoader Init config took 2.64s 
50077      INFO  main            d.u.i.k.p.i.AbstractProblemLoader Replaying proof Queens[Queens::isConsistent([I,int)].JML normal_behavior operation contract.0 
50499      DEBUG main            d.u.i.k.p.i.IntermediateProofReplayer Proof replay took 408.74ms 
50500      DEBUG main            d.u.i.k.p.r.p.TestFile    ... success: reloaded. 
50502      INFO  main            d.u.i.k.p.r.p.TestFile    Now processing file /home/runner/work/key/key/key.core/../key.ui/examples/heap/vstte10_04_Queens/Queens_nQueens.key 
50502      INFO  main            d.u.i.k.p.i.AbstractProblemLoader Loading environment from /home/runner/work/key/key/key.core/../key.ui/examples/heap/vstte10_04_Queens/Queens_nQueens.key 
50503      DEBUG main            d.u.i.k.p.i.AbstractProblemLoader Environment load took 610.71ns 
50504      INFO  main            d.u.i.k.p.i.AbstractProblemLoader Creating init config 
53167      DEBUG main            d.u.i.k.p.i.AbstractProblemLoader Init config took 2.66s 
53206      INFO  main            d.u.i.k.p.i.AbstractProblemLoader Replaying proof Queens[Queens::nQueens(int)].JML normal_behavior operation contract.0 
53208      DEBUG main            d.u.i.k.p.i.IntermediateProofReplayer Proof replay took 6.3ns 
65354      INFO  main            d.u.i.k.p.r.p.TestFile    ... finished proof: closed. 
65574      INFO  main            d.u.i.k.p.i.AbstractProblemLoader Loading environment from /home/runner/work/key/key/key.core/../key.ui/examples/heap/vstte10_04_Queens/Queens_nQueens.key.proof 
65575      DEBUG main            d.u.i.k.p.i.AbstractProblemLoader Environment load took 458.7ns 
65576      INFO  main            d.u.i.k.p.i.AbstractProblemLoader Creating init config 
68138      DEBUG main            d.u.i.k.p.i.AbstractProblemLoader Init config took 2.56s 
68186      INFO  main            d.u.i.k.p.i.AbstractProblemLoader Replaying proof Queens[Queens::nQueens(int)].JML normal_behavior operation contract.0 
69174      DEBUG main            d.u.i.k.p.i.IntermediateProofReplayer Proof replay took 970.65ms 
69176      DEBUG main            d.u.i.k.p.r.p.TestFile    ... success: reloaded. 
69177      INFO  main            d.u.i.k.p.r.p.TestFile    Now processing file /home/runner/work/key/key/key.core/../key.ui/examples/heap/vstte10_05_Queue/AmortizedQueue_AmortizedQueue.key 
69177      INFO  main            d.u.i.k.p.i.AbstractProblemLoader Loading environment from /home/runner/work/key/key/key.core/../key.ui/examples/heap/vstte10_05_Queue/AmortizedQueue_AmortizedQueue.key 
69178      DEBUG main            d.u.i.k.p.i.AbstractProblemLoader Environment load took 112.1ns 
69178      INFO  main            d.u.i.k.p.i.AbstractProblemLoader Creating init config 
71910      DEBUG main            d.u.i.k.p.i.AbstractProblemLoader Init config took 2.73s 
71974      INFO  main            d.u.i.k.p.i.AbstractProblemLoader Replaying proof AmortizedQueue[AmortizedQueue::AmortizedQueue()].JML normal_behavior operation contract.0 
71976      DEBUG main            d.u.i.k.p.i.IntermediateProofReplayer Proof replay took 5.1ns 
73302      INFO  main            d.u.i.k.p.r.p.TestFile    ... finished proof: closed. 
73497      INFO  main            d.u.i.k.p.i.AbstractProblemLoader Loading environment from /home/runner/work/key/key/key.core/../key.ui/examples/heap/vstte10_05_Queue/AmortizedQueue_AmortizedQueue.key.proof 
73497      DEBUG main            d.u.i.k.p.i.AbstractProblemLoader Environment load took 483.4ns 
73498      INFO  main            d.u.i.k.p.i.AbstractProblemLoader Creating init config 
76103      DEBUG main            d.u.i.k.p.i.AbstractProblemLoader Init config took 2.6s 
76156      INFO  main            d.u.i.k.p.i.AbstractProblemLoader Replaying proof AmortizedQueue[AmortizedQueue::AmortizedQueue()].JML normal_behavior operation contract.0 
76371      DEBUG main            d.u.i.k.p.i.IntermediateProofReplayer Proof replay took 208.87ms 
76372      DEBUG main            d.u.i.k.p.r.p.TestFile    ... success: reloaded. 
76374      INFO  main            d.u.i.k.p.r.p.TestFile    Now processing file /home/runner/work/key/key/key.core/../key.ui/examples/heap/vstte10_05_Queue/AmortizedQueue_front.key 
76374      INFO  main            d.u.i.k.p.i.AbstractProblemLoader Loading environment from /home/runner/work/key/key/key.core/../key.ui/examples/heap/vstte10_05_Queue/AmortizedQueue_front.key 
76374      DEBUG main            d.u.i.k.p.i.AbstractProblemLoader Environment load took 213.6ns 
76375      INFO  main            d.u.i.k.p.i.AbstractProblemLoader Creating init config 
78975      DEBUG main            d.u.i.k.p.i.AbstractProblemLoader Init config took 2.6s 
79035      INFO  main            d.u.i.k.p.i.AbstractProblemLoader Replaying proof AmortizedQueue[AmortizedQueue::front()].JML normal_behavior operation contract.0 
79037      DEBUG main            d.u.i.k.p.i.IntermediateProofReplayer Proof replay took 5.7ns 
79443      INFO  main            d.u.i.k.p.r.p.TestFile    ... finished proof: closed. 
79644      INFO  main            d.u.i.k.p.i.AbstractProblemLoader Loading environment from /home/runner/work/key/key/key.core/../key.ui/examples/heap/vstte10_05_Queue/AmortizedQueue_front.key.proof 
79644      DEBUG main            d.u.i.k.p.i.AbstractProblemLoader Environment load took 150ns 
79646      INFO  main            d.u.i.k.p.i.AbstractProblemLoader Creating init config 
82204      DEBUG main            d.u.i.k.p.i.AbstractProblemLoader Init config took 2.56s 
82254      INFO  main            d.u.i.k.p.i.AbstractProblemLoader Replaying proof AmortizedQueue[AmortizedQueue::front()].JML normal_behavior operation contract.0 
82309      DEBUG main            d.u.i.k.p.i.IntermediateProofReplayer Proof replay took 52.72ms 
82311      DEBUG main            d.u.i.k.p.r.p.TestFile    ... success: reloaded. 
82312      INFO  main            d.u.i.k.p.r.p.TestFile    Now processing file /home/runner/work/key/key/key.core/../key.ui/examples/heap/vstte10_05_Queue/LinkedList_concat.key 
82312      INFO  main            d.u.i.k.p.i.AbstractProblemLoader Loading environment from /home/runner/work/key/key/key.core/../key.ui/examples/heap/vstte10_05_Queue/LinkedList_concat.key 
82313      DEBUG main            d.u.i.k.p.i.AbstractProblemLoader Environment load took 215ns 
82314      INFO  main            d.u.i.k.p.i.AbstractProblemLoader Creating init config 
84910      DEBUG main            d.u.i.k.p.i.AbstractProblemLoader Init config took 2.6s 
84956      INFO  main            d.u.i.k.p.i.AbstractProblemLoader Replaying proof LinkedList[LinkedList::concat(LinkedList)].JML normal_behavior operation contract.0 
84957      DEBUG main            d.u.i.k.p.i.IntermediateProofReplayer Proof replay took 6.4ns 
93202      INFO  main            d.u.i.k.p.r.p.TestFile    ... finished proof: closed. 
93477      INFO  main            d.u.i.k.p.i.AbstractProblemLoader Loading environment from /home/runner/work/key/key/key.core/../key.ui/examples/heap/vstte10_05_Queue/LinkedList_concat.key.proof 
93480      DEBUG main            d.u.i.k.p.i.AbstractProblemLoader Environment load took 2.9ms 
93487      INFO  main            d.u.i.k.p.i.AbstractProblemLoader Creating init config 
96028      DEBUG main            d.u.i.k.p.i.AbstractProblemLoader Init config took 2.54s 
96071      INFO  main            d.u.i.k.p.i.AbstractProblemLoader Replaying proof LinkedList[LinkedList::concat(LinkedList)].JML normal_behavior operation contract.0 
96832      DEBUG main            d.u.i.k.p.i.IntermediateProofReplayer Proof replay took 733.31ms 
96834      DEBUG main            d.u.i.k.p.r.p.TestFile    ... success: reloaded. 
96836      INFO  main            d.u.i.k.p.r.p.TestFile    Now processing file /home/runner/work/key/key/key.core/../key.ui/examples/heap/vstte10_05_Queue/LinkedList_cons.key 
96836      INFO  main            d.u.i.k.p.i.AbstractProblemLoader Loading environment from /home/runner/work/key/key/key.core/../key.ui/examples/heap/vstte10_05_Queue/LinkedList_cons.key 
96836      DEBUG main            d.u.i.k.p.i.AbstractProblemLoader Environment load took 240.7ns 
96838      INFO  main            d.u.i.k.p.i.AbstractProblemLoader Creating init config 
99468      DEBUG main            d.u.i.k.p.i.AbstractProblemLoader Init config took 2.63s 
99510      INFO  main            d.u.i.k.p.i.AbstractProblemLoader Replaying proof LinkedList[LinkedList::cons(int)].JML normal_behavior operation contract.0 
99512      DEBUG main            d.u.i.k.p.i.IntermediateProofReplayer Proof replay took 6ns 
101761     INFO  main            d.u.i.k.p.r.p.TestFile    ... finished proof: closed. 
101992     INFO  main            d.u.i.k.p.i.AbstractProblemLoader Loading environment from /home/runner/work/key/key/key.core/../key.ui/examples/heap/vstte10_05_Queue/LinkedList_cons.key.proof 
101994     DEBUG main            d.u.i.k.p.i.AbstractProblemLoader Environment load took 1.05ms 
101995     INFO  main            d.u.i.k.p.i.AbstractProblemLoader Creating init config 
104507     DEBUG main            d.u.i.k.p.i.AbstractProblemLoader Init config took 2.51s 
104550     INFO  main            d.u.i.k.p.i.AbstractProblemLoader Replaying proof LinkedList[LinkedList::cons(int)].JML normal_behavior operation contract.0 
104822     DEBUG main            d.u.i.k.p.i.IntermediateProofReplayer Proof replay took 262.66ms 
104823     DEBUG main            d.u.i.k.p.r.p.TestFile    ... success: reloaded. 
104824     INFO  main            d.u.i.k.p.r.p.TestFile    Now processing file /home/runner/work/key/key/key.core/../key.ui/examples/heap/vstte10_05_Queue/LinkedList_head.key 
104824     INFO  main            d.u.i.k.p.i.AbstractProblemLoader Loading environment from /home/runner/work/key/key/key.core/../key.ui/examples/heap/vstte10_05_Queue/LinkedList_head.key 
104824     DEBUG main            d.u.i.k.p.i.AbstractProblemLoader Environment load took 89.9ns 
104825     INFO  main            d.u.i.k.p.i.AbstractProblemLoader Creating init config 
107439     DEBUG main            d.u.i.k.p.i.AbstractProblemLoader Init config took 2.61s 
107481     INFO  main            d.u.i.k.p.i.AbstractProblemLoader Replaying proof LinkedList[LinkedList::head()].JML normal_behavior operation contract.0 
107483     DEBUG main            d.u.i.k.p.i.IntermediateProofReplayer Proof replay took 5.2ns 
107586     INFO  main            d.u.i.k.p.r.p.TestFile    ... finished proof: closed. 
107794     INFO  main            d.u.i.k.p.i.AbstractProblemLoader Loading environment from /home/runner/work/key/key/key.core/../key.ui/examples/heap/vstte10_05_Queue/LinkedList_head.key.proof 
107794     DEBUG main            d.u.i.k.p.i.AbstractProblemLoader Environment load took 123.1ns 
107795     INFO  main            d.u.i.k.p.i.AbstractProblemLoader Creating init config 
110350     DEBUG main            d.u.i.k.p.i.AbstractProblemLoader Init config took 2.55s 
110390     INFO  main            d.u.i.k.p.i.AbstractProblemLoader Replaying proof LinkedList[LinkedList::head()].JML normal_behavior operation contract.0 
110404     DEBUG main            d.u.i.k.p.i.IntermediateProofReplayer Proof replay took 11.91ms 
110405     DEBUG main            d.u.i.k.p.r.p.TestFile    ... success: reloaded. 
110407     INFO  main            d.u.i.k.p.r.p.TestFile    Now processing file /home/runner/work/key/key/key.core/../key.ui/examples/heap/vstte10_05_Queue/LinkedList_inv.key 
110407     INFO  main            d.u.i.k.p.i.AbstractProblemLoader Loading environment from /home/runner/work/key/key/key.core/../key.ui/examples/heap/vstte10_05_Queue/LinkedList_inv.key 
110407     DEBUG main            d.u.i.k.p.i.AbstractProblemLoader Environment load took 211.2ns 
110408     INFO  main            d.u.i.k.p.i.AbstractProblemLoader Creating init config 
112972     DEBUG main            d.u.i.k.p.i.AbstractProblemLoader Init config took 2.56s 
113030     INFO  main            d.u.i.k.p.i.AbstractProblemLoader Replaying proof LinkedList[java.lang.Object::<inv>()].JML accessible clause.0 
113032     DEBUG main            d.u.i.k.p.i.IntermediateProofReplayer Proof replay took 5.9ns 
113334     INFO  main            d.u.i.k.p.r.p.TestFile    ... finished proof: closed. 
113558     INFO  main            d.u.i.k.p.i.AbstractProblemLoader Loading environment from /home/runner/work/key/key/key.core/../key.ui/examples/heap/vstte10_05_Queue/LinkedList_inv.key.proof 
113559     DEBUG main            d.u.i.k.p.i.AbstractProblemLoader Environment load took 147.9ns 
113560     INFO  main            d.u.i.k.p.i.AbstractProblemLoader Creating init config 
116070     DEBUG main            d.u.i.k.p.i.AbstractProblemLoader Init config took 2.51s 
116111     INFO  main            d.u.i.k.p.i.AbstractProblemLoader Replaying proof LinkedList[java.lang.Object::<inv>()].JML accessible clause.0 
116138     DEBUG main            d.u.i.k.p.i.IntermediateProofReplayer Proof replay took 24.65ms 
116139     DEBUG main            d.u.i.k.p.r.p.TestFile    ... success: reloaded. 
116141     INFO  main            d.u.i.k.p.r.p.TestFile    Now processing file /home/runner/work/key/key/key.core/../key.ui/examples/heap/vstte10_05_Queue/LinkedList_length.key 
116141     INFO  main            d.u.i.k.p.i.AbstractProblemLoader Loading environment from /home/runner/work/key/key/key.core/../key.ui/examples/heap/vstte10_05_Queue/LinkedList_length.key 
116141     DEBUG main            d.u.i.k.p.i.AbstractProblemLoader Environment load took 220.2ns 
116142     INFO  main            d.u.i.k.p.i.AbstractProblemLoader Creating init config 
118714     DEBUG main            d.u.i.k.p.i.AbstractProblemLoader Init config took 2.57s 
118754     INFO  main            d.u.i.k.p.i.AbstractProblemLoader Replaying proof LinkedList[LinkedList::length()].JML normal_behavior operation contract.0 
118756     DEBUG main            d.u.i.k.p.i.IntermediateProofReplayer Proof replay took 5.7ns 
118858     INFO  main            d.u.i.k.p.r.p.TestFile    ... finished proof: closed. 
119063     INFO  main            d.u.i.k.p.i.AbstractProblemLoader Loading environment from /home/runner/work/key/key/key.core/../key.ui/examples/heap/vstte10_05_Queue/LinkedList_length.key.proof 
119064     DEBUG main            d.u.i.k.p.i.AbstractProblemLoader Environment load took 135ns 
119064     INFO  main            d.u.i.k.p.i.AbstractProblemLoader Creating init config 
121577     DEBUG main            d.u.i.k.p.i.AbstractProblemLoader Init config took 2.51s 
121626     INFO  main            d.u.i.k.p.i.AbstractProblemLoader Replaying proof LinkedList[LinkedList::length()].JML normal_behavior operation contract.0 
121641     DEBUG main            d.u.i.k.p.i.IntermediateProofReplayer Proof replay took 13.09ms 
121642     DEBUG main            d.u.i.k.p.r.p.TestFile    ... success: reloaded. 
121643     INFO  main            d.u.i.k.p.r.p.TestFile    Now processing file /home/runner/work/key/key/key.core/../key.ui/examples/heap/vstte10_05_Queue/LinkedList_LinkedList1.key 
121643     INFO  main            d.u.i.k.p.i.AbstractProblemLoader Loading environment from /home/runner/work/key/key/key.core/../key.ui/examples/heap/vstte10_05_Queue/LinkedList_LinkedList1.key 
121643     DEBUG main            d.u.i.k.p.i.AbstractProblemLoader Environment load took 79.2ns 
121644     INFO  main            d.u.i.k.p.i.AbstractProblemLoader Creating init config 
124208     DEBUG main            d.u.i.k.p.i.AbstractProblemLoader Init config took 2.56s 
124249     INFO  main            d.u.i.k.p.i.AbstractProblemLoader Replaying proof LinkedList[LinkedList::LinkedList(int,LinkedList)].JML normal_behavior operation contract.0 
124251     DEBUG main            d.u.i.k.p.i.IntermediateProofReplayer Proof replay took 16.7ns 
125958     INFO  main            d.u.i.k.p.r.p.TestFile    ... finished proof: closed. 
126206     INFO  main            d.u.i.k.p.i.AbstractProblemLoader Loading environment from /home/runner/work/key/key/key.core/../key.ui/examples/heap/vstte10_05_Queue/LinkedList_LinkedList1.key.proof 
126207     DEBUG main            d.u.i.k.p.i.AbstractProblemLoader Environment load took 1.35ms 
126209     INFO  main            d.u.i.k.p.i.AbstractProblemLoader Creating init config 
128717     DEBUG main            d.u.i.k.p.i.AbstractProblemLoader Init config took 2.51s 
128766     INFO  main            d.u.i.k.p.i.AbstractProblemLoader Replaying proof LinkedList[LinkedList::LinkedList(int,LinkedList)].JML normal_behavior operation contract.0 
129039     DEBUG main            d.u.i.k.p.i.IntermediateProofReplayer Proof replay took 266.06ms 
129040     DEBUG main            d.u.i.k.p.r.p.TestFile    ... success: reloaded. 
129042     INFO  main            d.u.i.k.p.r.p.TestFile    Now processing file /home/runner/work/key/key/key.core/../key.ui/examples/heap/vstte10_05_Queue/LinkedList_LinkedList2.key 
129042     INFO  main            d.u.i.k.p.i.AbstractProblemLoader Loading environment from /home/runner/work/key/key/key.core/../key.ui/examples/heap/vstte10_05_Queue/LinkedList_LinkedList2.key 
129043     DEBUG main            d.u.i.k.p.i.AbstractProblemLoader Environment load took 224.9ns 
129044     INFO  main            d.u.i.k.p.i.AbstractProblemLoader Creating init config 
131777     DEBUG main            d.u.i.k.p.i.AbstractProblemLoader Init config took 2.73s 
131817     INFO  main            d.u.i.k.p.i.AbstractProblemLoader Replaying proof LinkedList[LinkedList::LinkedList(int,LinkedList)].JML normal_behavior operation contract.0 
131819     DEBUG main            d.u.i.k.p.i.IntermediateProofReplayer Proof replay took 5.7ns 
133524     INFO  main            d.u.i.k.p.r.p.TestFile    ... finished proof: closed. 
133774     INFO  main            d.u.i.k.p.i.AbstractProblemLoader Loading environment from /home/runner/work/key/key/key.core/../key.ui/examples/heap/vstte10_05_Queue/LinkedList_LinkedList2.key.proof 
133774     DEBUG main            d.u.i.k.p.i.AbstractProblemLoader Environment load took 141.1ns 
133775     INFO  main            d.u.i.k.p.i.AbstractProblemLoader Creating init config 
136285     DEBUG main            d.u.i.k.p.i.AbstractProblemLoader Init config took 2.51s 
136326     INFO  main            d.u.i.k.p.i.AbstractProblemLoader Replaying proof LinkedList[LinkedList::LinkedList(int,LinkedList)].JML normal_behavior operation contract.0 
136577     DEBUG main            d.u.i.k.p.i.IntermediateProofReplayer Proof replay took 242.88ms 
136578     DEBUG main            d.u.i.k.p.r.p.TestFile    ... success: reloaded. 
136579     INFO  main            d.u.i.k.p.r.p.TestFile    Now processing file /home/runner/work/key/key/key.core/../key.ui/examples/heap/vstte10_05_Queue/LinkedList_LinkedList3.key 
136580     INFO  main            d.u.i.k.p.i.AbstractProblemLoader Loading environment from /home/runner/work/key/key/key.core/../key.ui/examples/heap/vstte10_05_Queue/LinkedList_LinkedList3.key 
136580     DEBUG main            d.u.i.k.p.i.AbstractProblemLoader Environment load took 61.4ns 
136580     INFO  main            d.u.i.k.p.i.AbstractProblemLoader Creating init config 
139185     DEBUG main            d.u.i.k.p.i.AbstractProblemLoader Init config took 2.6s 
139225     INFO  main            d.u.i.k.p.i.AbstractProblemLoader Replaying proof LinkedList[LinkedList::LinkedList(int,LinkedList)].JML normal_behavior operation contract.0 
139226     DEBUG main            d.u.i.k.p.i.IntermediateProofReplayer Proof replay took 5.5ns 
152066     INFO  main            d.u.i.k.p.r.p.TestFile    ... finished proof: closed. 
152388     INFO  main            d.u.i.k.p.i.AbstractProblemLoader Loading environment from /home/runner/work/key/key/key.core/../key.ui/examples/heap/vstte10_05_Queue/LinkedList_LinkedList3.key.proof 
152388     DEBUG main            d.u.i.k.p.i.AbstractProblemLoader Environment load took 496.7ns 
152395     INFO  main            d.u.i.k.p.i.AbstractProblemLoader Creating init config 
154919     DEBUG main            d.u.i.k.p.i.AbstractProblemLoader Init config took 2.52s 
154972     INFO  main            d.u.i.k.p.i.AbstractProblemLoader Replaying proof LinkedList[LinkedList::LinkedList(int,LinkedList)].JML normal_behavior operation contract.0 
156074     DEBUG main            d.u.i.k.p.i.IntermediateProofReplayer Proof replay took 1.02s 
156080     DEBUG main            d.u.i.k.p.r.p.TestFile    ... success: reloaded. 
156081     INFO  main            d.u.i.k.p.r.p.TestFile    Now processing file /home/runner/work/key/key/key.core/../key.ui/examples/heap/vstte10_05_Queue/LinkedList_reverse.key 
156081     INFO  main            d.u.i.k.p.i.AbstractProblemLoader Loading environment from /home/runner/work/key/key/key.core/../key.ui/examples/heap/vstte10_05_Queue/LinkedList_reverse.key 
156081     DEBUG main            d.u.i.k.p.i.AbstractProblemLoader Environment load took 102.8ns 
156082     INFO  main            d.u.i.k.p.i.AbstractProblemLoader Creating init config 
158715     DEBUG main            d.u.i.k.p.i.AbstractProblemLoader Init config took 2.63s 
158758     INFO  main            d.u.i.k.p.i.AbstractProblemLoader Replaying proof LinkedList[LinkedList::reverse()].JML normal_behavior operation contract.0 
158759     DEBUG main            d.u.i.k.p.i.IntermediateProofReplayer Proof replay took 6ns 
167628     INFO  main            d.u.i.k.p.r.p.TestFile    ... finished proof: closed. 
167941     INFO  main            d.u.i.k.p.i.AbstractProblemLoader Loading environment from /home/runner/work/key/key/key.core/../key.ui/examples/heap/vstte10_05_Queue/LinkedList_reverse.key.proof 
167942     DEBUG main            d.u.i.k.p.i.AbstractProblemLoader Environment load took 534.7ns 
167945     INFO  main            d.u.i.k.p.i.AbstractProblemLoader Creating init config 
170476     DEBUG main            d.u.i.k.p.i.AbstractProblemLoader Init config took 2.53s 
170524     INFO  main            d.u.i.k.p.i.AbstractProblemLoader Replaying proof LinkedList[LinkedList::reverse()].JML normal_behavior operation contract.0 
171251     DEBUG main            d.u.i.k.p.i.IntermediateProofReplayer Proof replay took 697.26ms 
171254     DEBUG main            d.u.i.k.p.r.p.TestFile    ... success: reloaded. 
171255     INFO  main            d.u.i.k.p.r.p.TestFile    Now processing file /home/runner/work/key/key/key.core/../key.ui/examples/heap/vstte10_05_Queue/LinkedList_tail.key 
171255     INFO  main            d.u.i.k.p.i.AbstractProblemLoader Loading environment from /home/runner/work/key/key/key.core/../key.ui/examples/heap/vstte10_05_Queue/LinkedList_tail.key 
171255     DEBUG main            d.u.i.k.p.i.AbstractProblemLoader Environment load took 110.2ns 
171256     INFO  main            d.u.i.k.p.i.AbstractProblemLoader Creating init config 
173837     DEBUG main            d.u.i.k.p.i.AbstractProblemLoader Init config took 2.58s 
173904     INFO  main            d.u.i.k.p.i.AbstractProblemLoader Replaying proof LinkedList[LinkedList::tail()].JML normal_behavior operation contract.0 
173906     DEBUG main            d.u.i.k.p.i.IntermediateProofReplayer Proof replay took 42.6ns 
174409     INFO  main            d.u.i.k.p.r.p.TestFile    ... finished proof: closed. 
174677     INFO  main            d.u.i.k.p.i.AbstractProblemLoader Loading environment from /home/runner/work/key/key/key.core/../key.ui/examples/heap/vstte10_05_Queue/LinkedList_tail.key.proof 
174678     DEBUG main            d.u.i.k.p.i.AbstractProblemLoader Environment load took 126.1ns 
174679     INFO  main            d.u.i.k.p.i.AbstractProblemLoader Creating init config 
177164     DEBUG main            d.u.i.k.p.i.AbstractProblemLoader Init config took 2.49s 
177205     INFO  main            d.u.i.k.p.i.AbstractProblemLoader Replaying proof LinkedList[LinkedList::tail()].JML normal_behavior operation contract.0 
177298     DEBUG main            d.u.i.k.p.i.IntermediateProofReplayer Proof replay took 90.71ms 
177299     DEBUG main            d.u.i.k.p.r.p.TestFile    ... success: reloaded. 
2311189    INFO  Test worker     d.u.i.k.p.r.RunAllProofsTestUnit Returning from test VSTTE10 
2311190    INFO  Test worker     d.u.i.k.p.r.RunAllProofsTestUnit Running test WeideEtAl 
318        INFO  Timeout watchdog d.u.i.k.p.r.p.ForkedTestFileRunner Timeout watcher launched (2000 secs.) 
330        WARN  main            d.u.i.k.s.ProofSettings   The settings in /home/runner/.key/proof-settings.props are *not* read. 
383        INFO  main            d.u.i.k.p.r.p.TestFile    Now processing file /home/runner/work/key/key/key.core/../key.ui/examples/heap/WeideEtAl_01_AddAndMultiply/AddAndMultiply_add.key 
539        INFO  main            d.u.i.k.p.i.AbstractProblemLoader Loading environment from /home/runner/work/key/key/key.core/../key.ui/examples/heap/WeideEtAl_01_AddAndMultiply/AddAndMultiply_add.key 
561        DEBUG main            d.u.i.k.p.i.AbstractProblemLoader Environment load took 2.66ms 
782        INFO  main            d.u.i.k.p.i.AbstractProblemLoader Creating init config 
1762       DEBUG main            d.u.i.k.j.TypeConverter   No LDT found for Meta 
1762       DEBUG main            d.u.i.k.j.TypeConverter   No LDT found for Meta 
1765       DEBUG main            d.u.i.k.j.TypeConverter   No LDT found for Meta 
1765       DEBUG main            d.u.i.k.j.TypeConverter   No LDT found for Meta 
3063       DEBUG main            d.u.i.k.j.TypeConverter   No LDT found for JavaBigintExpression 
8125       DEBUG main            d.u.i.k.p.i.AbstractProblemLoader Init config took 7.34s 
8242       INFO  main            d.u.i.k.p.i.AbstractProblemLoader Replaying proof AddAndMultiply[AddAndMultiply::add(int,int)].JML normal_behavior operation contract.0 
8275       DEBUG main            d.u.i.k.p.i.IntermediateProofReplayer Proof replay took 32.5ns 
9811       INFO  main            d.u.i.k.p.r.p.TestFile    ... finished proof: closed. 
9945       INFO  main            d.u.i.k.p.i.AbstractProblemLoader Loading environment from /home/runner/work/key/key/key.core/../key.ui/examples/heap/WeideEtAl_01_AddAndMultiply/AddAndMultiply_add.key.proof 
9946       DEBUG main            d.u.i.k.p.i.AbstractProblemLoader Environment load took 139.4ns 
9948       INFO  main            d.u.i.k.p.i.AbstractProblemLoader Creating init config 
12743      DEBUG main            d.u.i.k.p.i.AbstractProblemLoader Init config took 2.8s 
12804      INFO  main            d.u.i.k.p.i.AbstractProblemLoader Replaying proof AddAndMultiply[AddAndMultiply::add(int,int)].JML normal_behavior operation contract.0 
13030      DEBUG main            d.u.i.k.p.i.IntermediateProofReplayer Proof replay took 217.2ms 
13037      DEBUG main            d.u.i.k.p.r.p.TestFile    ... success: reloaded. 
13039      INFO  main            d.u.i.k.p.r.p.TestFile    Now processing file /home/runner/work/key/key/key.core/../key.ui/examples/heap/WeideEtAl_01_AddAndMultiply/AddAndMultiply_mul.key 
13039      INFO  main            d.u.i.k.p.i.AbstractProblemLoader Loading environment from /home/runner/work/key/key/key.core/../key.ui/examples/heap/WeideEtAl_01_AddAndMultiply/AddAndMultiply_mul.key 
13039      DEBUG main            d.u.i.k.p.i.AbstractProblemLoader Environment load took 235.7ns 
13041      INFO  main            d.u.i.k.p.i.AbstractProblemLoader Creating init config 
15770      DEBUG main            d.u.i.k.p.i.AbstractProblemLoader Init config took 2.73s 
15829      INFO  main            d.u.i.k.p.i.AbstractProblemLoader Replaying proof AddAndMultiply[AddAndMultiply::mul(int,int)].JML normal_behavior operation contract.0 
15832      DEBUG main            d.u.i.k.p.i.IntermediateProofReplayer Proof replay took 6.5ns 
16337      INFO  main            d.u.i.k.p.r.p.TestFile    ... finished proof: closed. 
16473      INFO  main            d.u.i.k.p.i.AbstractProblemLoader Loading environment from /home/runner/work/key/key/key.core/../key.ui/examples/heap/WeideEtAl_01_AddAndMultiply/AddAndMultiply_mul.key.proof 
16473      DEBUG main            d.u.i.k.p.i.AbstractProblemLoader Environment load took 463.5ns 
16475      INFO  main            d.u.i.k.p.i.AbstractProblemLoader Creating init config 
19137      DEBUG main            d.u.i.k.p.i.AbstractProblemLoader Init config took 2.66s 
19188      INFO  main            d.u.i.k.p.i.AbstractProblemLoader Replaying proof AddAndMultiply[AddAndMultiply::mul(int,int)].JML normal_behavior operation contract.0 
19296      DEBUG main            d.u.i.k.p.i.IntermediateProofReplayer Proof replay took 104.11ms 
19298      DEBUG main            d.u.i.k.p.r.p.TestFile    ... success: reloaded. 
19299      INFO  main            d.u.i.k.p.r.p.TestFile    Now processing file /home/runner/work/key/key/key.core/../key.ui/examples/heap/WeideEtAl_02_BinarySearch/BinarySearch_search.key 
19299      INFO  main            d.u.i.k.p.i.AbstractProblemLoader Loading environment from /home/runner/work/key/key/key.core/../key.ui/examples/heap/WeideEtAl_02_BinarySearch/BinarySearch_search.key 
19300      DEBUG main            d.u.i.k.p.i.AbstractProblemLoader Environment load took 226.6ns 
19301      INFO  main            d.u.i.k.p.i.AbstractProblemLoader Creating init config 
21933      DEBUG main            d.u.i.k.p.i.AbstractProblemLoader Init config took 2.63s 
22000      INFO  main            d.u.i.k.p.i.AbstractProblemLoader Replaying proof BinarySearch[BinarySearch::search([I,int)].JML normal_behavior operation contract.0 
22005      DEBUG main            d.u.i.k.p.i.IntermediateProofReplayer Proof replay took 6.3ns 
25262      INFO  main            d.u.i.k.p.r.p.TestFile    ... finished proof: closed. 
25466      INFO  main            d.u.i.k.p.i.AbstractProblemLoader Loading environment from /home/runner/work/key/key/key.core/../key.ui/examples/heap/WeideEtAl_02_BinarySearch/BinarySearch_search.key.proof 
25466      DEBUG main            d.u.i.k.p.i.AbstractProblemLoader Environment load took 144.7ns 
25472      INFO  main            d.u.i.k.p.i.AbstractProblemLoader Creating init config 
28054      DEBUG main            d.u.i.k.p.i.AbstractProblemLoader Init config took 2.58s 
28108      INFO  main            d.u.i.k.p.i.AbstractProblemLoader Replaying proof BinarySearch[BinarySearch::search([I,int)].JML normal_behavior operation contract.0 
28626      DEBUG main            d.u.i.k.p.i.IntermediateProofReplayer Proof replay took 501.73ms 
28628      DEBUG main            d.u.i.k.p.r.p.TestFile    ... success: reloaded. 
2340029    INFO  Test worker     d.u.i.k.p.r.RunAllProofsTestUnit Returning from test WeideEtAl 
2340030    INFO  Test worker     d.u.i.k.p.r.RunAllProofsTestUnit Running test arithmetic 
401        INFO  Timeout watchdog d.u.i.k.p.r.p.ForkedTestFileRunner Timeout watcher launched (2000 secs.) 
417        WARN  main            d.u.i.k.s.ProofSettings   The settings in /home/runner/.key/proof-settings.props are *not* read. 
462        INFO  main            d.u.i.k.p.r.p.TestFile    Now processing file /home/runner/work/key/key/key.core/../key.ui/examples/standard_key/arith/binomial1.key 
588        INFO  main            d.u.i.k.p.i.AbstractProblemLoader Loading environment from /home/runner/work/key/key/key.core/../key.ui/examples/standard_key/arith/binomial1.key 
608        DEBUG main            d.u.i.k.p.i.AbstractProblemLoader Environment load took 1.86ms 
838        INFO  main            d.u.i.k.p.i.AbstractProblemLoader Creating init config 
1664       DEBUG main            d.u.i.k.j.TypeConverter   No LDT found for Meta 
1665       DEBUG main            d.u.i.k.j.TypeConverter   No LDT found for Meta 
1666       DEBUG main            d.u.i.k.j.TypeConverter   No LDT found for Meta 
1666       DEBUG main            d.u.i.k.j.TypeConverter   No LDT found for Meta 
3016       DEBUG main            d.u.i.k.j.TypeConverter   No LDT found for JavaBigintExpression 
7586       DEBUG main            d.u.i.k.p.i.AbstractProblemLoader Init config took 6.75s 
7665       INFO  main            d.u.i.k.p.i.AbstractProblemLoader Replaying proof binomial1.key 
7702       DEBUG main            d.u.i.k.p.i.IntermediateProofReplayer Proof replay took 34.8ns 
7968       INFO  main            d.u.i.k.p.r.p.TestFile    ... finished proof: closed. 
8068       INFO  main            d.u.i.k.p.i.AbstractProblemLoader Loading environment from /home/runner/work/key/key/key.core/../key.ui/examples/standard_key/arith/binomial1.key.proof 
8070       DEBUG main            d.u.i.k.p.i.AbstractProblemLoader Environment load took 1.54ms 
8074       INFO  main            d.u.i.k.p.i.AbstractProblemLoader Creating init config 
10691      DEBUG main            d.u.i.k.p.i.AbstractProblemLoader Init config took 2.62s 
10721      INFO  main            d.u.i.k.p.i.AbstractProblemLoader Replaying proof binomial1.key.proof 
10740      DEBUG main            d.u.i.k.p.i.IntermediateProofReplayer Proof replay took 14.05ms 
10750      DEBUG main            d.u.i.k.p.r.p.TestFile    ... success: reloaded. 
10751      INFO  main            d.u.i.k.p.r.p.TestFile    Now processing file /home/runner/work/key/key/key.core/../key.ui/examples/standard_key/arith/binomial2.key 
10752      INFO  main            d.u.i.k.p.i.AbstractProblemLoader Loading environment from /home/runner/work/key/key/key.core/../key.ui/examples/standard_key/arith/binomial2.key 
10752      DEBUG main            d.u.i.k.p.i.AbstractProblemLoader Environment load took 253.2ns 
10754      INFO  main            d.u.i.k.p.i.AbstractProblemLoader Creating init config 
13253      DEBUG main            d.u.i.k.p.i.AbstractProblemLoader Init config took 2.5s 
13280      INFO  main            d.u.i.k.p.i.AbstractProblemLoader Replaying proof binomial2.key 
13284      DEBUG main            d.u.i.k.p.i.IntermediateProofReplayer Proof replay took 7ns 
13389      INFO  main            d.u.i.k.p.r.p.TestFile    ... finished proof: closed. 
13538      INFO  main            d.u.i.k.p.i.AbstractProblemLoader Loading environment from /home/runner/work/key/key/key.core/../key.ui/examples/standard_key/arith/binomial2.key.proof 
13539      DEBUG main            d.u.i.k.p.i.AbstractProblemLoader Environment load took 139.7ns 
13542      INFO  main            d.u.i.k.p.i.AbstractProblemLoader Creating init config 
16031      DEBUG main            d.u.i.k.p.i.AbstractProblemLoader Init config took 2.49s 
16062      INFO  main            d.u.i.k.p.i.AbstractProblemLoader Replaying proof binomial2.key.proof 
16091      DEBUG main            d.u.i.k.p.i.IntermediateProofReplayer Proof replay took 23.66ms 
16094      DEBUG main            d.u.i.k.p.r.p.TestFile    ... success: reloaded. 
16096      INFO  main            d.u.i.k.p.r.p.TestFile    Now processing file /home/runner/work/key/key/key.core/../key.ui/examples/standard_key/arith/check_jdiv.key 
16097      INFO  main            d.u.i.k.p.i.AbstractProblemLoader Loading environment from /home/runner/work/key/key/key.core/../key.ui/examples/standard_key/arith/check_jdiv.key 
16097      DEBUG main            d.u.i.k.p.i.AbstractProblemLoader Environment load took 240.7ns 
16100      INFO  main            d.u.i.k.p.i.AbstractProblemLoader Creating init config 
18583      DEBUG main            d.u.i.k.p.i.AbstractProblemLoader Init config took 2.48s 
18604      INFO  main            d.u.i.k.p.i.AbstractProblemLoader Replaying proof check_jdiv.key 
18608      DEBUG main            d.u.i.k.p.i.IntermediateProofReplayer Proof replay took 6.9ns 
23365      INFO  main            d.u.i.k.p.r.p.TestFile    ... finished proof: closed. 
23560      INFO  main            d.u.i.k.p.i.AbstractProblemLoader Loading environment from /home/runner/work/key/key/key.core/../key.ui/examples/standard_key/arith/check_jdiv.key.proof 
23560      DEBUG main            d.u.i.k.p.i.AbstractProblemLoader Environment load took 451.9ns 
23563      INFO  main            d.u.i.k.p.i.AbstractProblemLoader Creating init config 
25899      DEBUG main            d.u.i.k.p.i.AbstractProblemLoader Init config took 2.34s 
25919      INFO  main            d.u.i.k.p.i.AbstractProblemLoader Replaying proof check_jdiv.key.proof 
26258      DEBUG main            d.u.i.k.p.i.IntermediateProofReplayer Proof replay took 304.72ms 
26261      DEBUG main            d.u.i.k.p.r.p.TestFile    ... success: reloaded. 
26262      INFO  main            d.u.i.k.p.r.p.TestFile    Now processing file /home/runner/work/key/key/key.core/../key.ui/examples/standard_key/arith/check_jdiv_concrete.key 
26263      INFO  main            d.u.i.k.p.i.AbstractProblemLoader Loading environment from /home/runner/work/key/key/key.core/../key.ui/examples/standard_key/arith/check_jdiv_concrete.key 
26263      DEBUG main            d.u.i.k.p.i.AbstractProblemLoader Environment load took 271.9ns 
26265      INFO  main            d.u.i.k.p.i.AbstractProblemLoader Creating init config 
28692      DEBUG main            d.u.i.k.p.i.AbstractProblemLoader Init config took 2.43s 
28711      INFO  main            d.u.i.k.p.i.AbstractProblemLoader Replaying proof check_jdiv_concrete.key 
28713      DEBUG main            d.u.i.k.p.i.IntermediateProofReplayer Proof replay took 6.7ns 
28816      INFO  main            d.u.i.k.p.r.p.TestFile    ... finished proof: closed. 
29015      INFO  main            d.u.i.k.p.i.AbstractProblemLoader Loading environment from /home/runner/work/key/key/key.core/../key.ui/examples/standard_key/arith/check_jdiv_concrete.key.proof 
29015      DEBUG main            d.u.i.k.p.i.AbstractProblemLoader Environment load took 153ns 
29016      INFO  main            d.u.i.k.p.i.AbstractProblemLoader Creating init config 
31393      DEBUG main            d.u.i.k.p.i.AbstractProblemLoader Init config took 2.38s 
31413      INFO  main            d.u.i.k.p.i.AbstractProblemLoader Replaying proof check_jdiv_concrete.key.proof 
31417      DEBUG main            d.u.i.k.p.i.IntermediateProofReplayer Proof replay took 2.75ms 
31418      DEBUG main            d.u.i.k.p.r.p.TestFile    ... success: reloaded. 
31419      INFO  main            d.u.i.k.p.r.p.TestFile    Now processing file /home/runner/work/key/key/key.core/../key.ui/examples/standard_key/arith/check_jdiv_instantiated.key 
31420      INFO  main            d.u.i.k.p.i.AbstractProblemLoader Loading environment from /home/runner/work/key/key/key.core/../key.ui/examples/standard_key/arith/check_jdiv_instantiated.key 
31420      DEBUG main            d.u.i.k.p.i.AbstractProblemLoader Environment load took 213.5ns 
31422      INFO  main            d.u.i.k.p.i.AbstractProblemLoader Creating init config 
33799      DEBUG main            d.u.i.k.p.i.AbstractProblemLoader Init config took 2.38s 
33820      INFO  main            d.u.i.k.p.i.AbstractProblemLoader Replaying proof check_jdiv_instantiated.key 
33822      DEBUG main            d.u.i.k.p.i.IntermediateProofReplayer Proof replay took 6.2ns 
37040      INFO  main            d.u.i.k.p.r.p.TestFile    ... finished proof: closed. 
37246      INFO  main            d.u.i.k.p.i.AbstractProblemLoader Loading environment from /home/runner/work/key/key/key.core/../key.ui/examples/standard_key/arith/check_jdiv_instantiated.key.proof 
37246      DEBUG main            d.u.i.k.p.i.AbstractProblemLoader Environment load took 436.8ns 
37249      INFO  main            d.u.i.k.p.i.AbstractProblemLoader Creating init config 
39566      DEBUG main            d.u.i.k.p.i.AbstractProblemLoader Init config took 2.32s 
39594      INFO  main            d.u.i.k.p.i.AbstractProblemLoader Replaying proof check_jdiv_instantiated.key.proof 
39829      DEBUG main            d.u.i.k.p.i.IntermediateProofReplayer Proof replay took 209.66ms 
39832      DEBUG main            d.u.i.k.p.r.p.TestFile    ... success: reloaded. 
39833      INFO  main            d.u.i.k.p.r.p.TestFile    Now processing file /home/runner/work/key/key/key.core/../key.ui/examples/standard_key/arith/check_jmod.key 
39834      INFO  main            d.u.i.k.p.i.AbstractProblemLoader Loading environment from /home/runner/work/key/key/key.core/../key.ui/examples/standard_key/arith/check_jmod.key 
39834      DEBUG main            d.u.i.k.p.i.AbstractProblemLoader Environment load took 262.7ns 
39835      INFO  main            d.u.i.k.p.i.AbstractProblemLoader Creating init config 
42221      DEBUG main            d.u.i.k.p.i.AbstractProblemLoader Init config took 2.39s 
42241      INFO  main            d.u.i.k.p.i.AbstractProblemLoader Replaying proof check_jmod.key 
42243      DEBUG main            d.u.i.k.p.i.IntermediateProofReplayer Proof replay took 8.4ns 
42750      INFO  main            d.u.i.k.p.r.p.TestFile    ... finished proof: closed. 
42988      INFO  main            d.u.i.k.p.i.AbstractProblemLoader Loading environment from /home/runner/work/key/key/key.core/../key.ui/examples/standard_key/arith/check_jmod.key.proof 
42989      DEBUG main            d.u.i.k.p.i.AbstractProblemLoader Environment load took 441.7ns 
42990      INFO  main            d.u.i.k.p.i.AbstractProblemLoader Creating init config 
45277      DEBUG main            d.u.i.k.p.i.AbstractProblemLoader Init config took 2.29s 
45306      INFO  main            d.u.i.k.p.i.AbstractProblemLoader Replaying proof check_jmod.key.proof 
45348      DEBUG main            d.u.i.k.p.i.IntermediateProofReplayer Proof replay took 37.21ms 
45350      DEBUG main            d.u.i.k.p.r.p.TestFile    ... success: reloaded. 
45351      INFO  main            d.u.i.k.p.r.p.TestFile    Now processing file /home/runner/work/key/key/key.core/../key.ui/examples/standard_key/arith/complexExpressions.key 
45351      INFO  main            d.u.i.k.p.i.AbstractProblemLoader Loading environment from /home/runner/work/key/key/key.core/../key.ui/examples/standard_key/arith/complexExpressions.key 
45351      DEBUG main            d.u.i.k.p.i.AbstractProblemLoader Environment load took 108.3ns 
45352      INFO  main            d.u.i.k.p.i.AbstractProblemLoader Creating init config 
47679      DEBUG main            d.u.i.k.p.i.AbstractProblemLoader Init config took 2.33s 
47698      INFO  main            d.u.i.k.p.i.AbstractProblemLoader Replaying proof complexExpressions.key 
47700      DEBUG main            d.u.i.k.p.i.IntermediateProofReplayer Proof replay took 6.3ns 
47907      INFO  main            d.u.i.k.p.r.p.TestFile    ... finished proof: closed. 
48102      INFO  main            d.u.i.k.p.i.AbstractProblemLoader Loading environment from /home/runner/work/key/key/key.core/../key.ui/examples/standard_key/arith/complexExpressions.key.proof 
48103      DEBUG main            d.u.i.k.p.i.AbstractProblemLoader Environment load took 125.8ns 
48104      INFO  main            d.u.i.k.p.i.AbstractProblemLoader Creating init config 
50434      DEBUG main            d.u.i.k.p.i.AbstractProblemLoader Init config took 2.33s 
50452      INFO  main            d.u.i.k.p.i.AbstractProblemLoader Replaying proof complexExpressions.key.proof 
50463      DEBUG main            d.u.i.k.p.i.IntermediateProofReplayer Proof replay took 8.91ms 
50464      DEBUG main            d.u.i.k.p.r.p.TestFile    ... success: reloaded. 
50465      INFO  main            d.u.i.k.p.r.p.TestFile    Now processing file /home/runner/work/key/key/key.core/../key.ui/examples/standard_key/arith/compound_unaryMinus.key 
50465      INFO  main            d.u.i.k.p.i.AbstractProblemLoader Loading environment from /home/runner/work/key/key/key.core/../key.ui/examples/standard_key/arith/compound_unaryMinus.key 
50466      DEBUG main            d.u.i.k.p.i.AbstractProblemLoader Environment load took 241.6ns 
50467      INFO  main            d.u.i.k.p.i.AbstractProblemLoader Creating init config 
52809      DEBUG main            d.u.i.k.p.i.AbstractProblemLoader Init config took 2.34s 
52827      INFO  main            d.u.i.k.p.i.AbstractProblemLoader Replaying proof compound_unaryMinus.key 
52829      DEBUG main            d.u.i.k.p.i.IntermediateProofReplayer Proof replay took 7.2ns 
52932      INFO  main            d.u.i.k.p.r.p.TestFile    ... finished proof: closed. 
53115      INFO  main            d.u.i.k.p.i.AbstractProblemLoader Loading environment from /home/runner/work/key/key/key.core/../key.ui/examples/standard_key/arith/compound_unaryMinus.key.proof 
53115      DEBUG main            d.u.i.k.p.i.AbstractProblemLoader Environment load took 126.1ns 
53116      INFO  main            d.u.i.k.p.i.AbstractProblemLoader Creating init config 
55395      DEBUG main            d.u.i.k.p.i.AbstractProblemLoader Init config took 2.28s 
55421      INFO  main            d.u.i.k.p.i.AbstractProblemLoader Replaying proof compound_unaryMinus.key.proof 
55427      DEBUG main            d.u.i.k.p.i.IntermediateProofReplayer Proof replay took 3.79ms 
55430      DEBUG main            d.u.i.k.p.r.p.TestFile    ... success: reloaded. 
55431      INFO  main            d.u.i.k.p.r.p.TestFile    Now processing file /home/runner/work/key/key/key.core/../key.ui/examples/standard_key/arith/computation.key 
55431      INFO  main            d.u.i.k.p.i.AbstractProblemLoader Loading environment from /home/runner/work/key/key/key.core/../key.ui/examples/standard_key/arith/computation.key 
55431      DEBUG main            d.u.i.k.p.i.AbstractProblemLoader Environment load took 62.4ns 
55435      INFO  main            d.u.i.k.p.i.AbstractProblemLoader Creating init config 
57775      DEBUG main            d.u.i.k.p.i.AbstractProblemLoader Init config took 2.34s 
57792      INFO  main            d.u.i.k.p.i.AbstractProblemLoader Replaying proof computation.key 
57795      DEBUG main            d.u.i.k.p.i.IntermediateProofReplayer Proof replay took 7.1ns 
59206      INFO  main            d.u.i.k.p.r.p.TestFile    ... finished proof: closed. 
59431      INFO  main            d.u.i.k.p.i.AbstractProblemLoader Loading environment from /home/runner/work/key/key/key.core/../key.ui/examples/standard_key/arith/computation.key.proof 
59432      DEBUG main            d.u.i.k.p.i.AbstractProblemLoader Environment load took 413.9ns 
59434      INFO  main            d.u.i.k.p.i.AbstractProblemLoader Creating init config 
61681      DEBUG main            d.u.i.k.p.i.AbstractProblemLoader Init config took 2.25s 
61701      INFO  main            d.u.i.k.p.i.AbstractProblemLoader Replaying proof computation.key.proof 
61831      DEBUG main            d.u.i.k.p.i.IntermediateProofReplayer Proof replay took 124.87ms 
61833      DEBUG main            d.u.i.k.p.r.p.TestFile    ... success: reloaded. 
61834      INFO  main            d.u.i.k.p.r.p.TestFile    Now processing file /home/runner/work/key/key/key.core/../key.ui/examples/standard_key/arith/cubicSum.key 
61834      INFO  main            d.u.i.k.p.i.AbstractProblemLoader Loading environment from /home/runner/work/key/key/key.core/../key.ui/examples/standard_key/arith/cubicSum.key 
61834      DEBUG main            d.u.i.k.p.i.AbstractProblemLoader Environment load took 205.1ns 
61839      INFO  main            d.u.i.k.p.i.AbstractProblemLoader Creating init config 
64310      DEBUG main            d.u.i.k.p.i.AbstractProblemLoader Init config took 2.47s 
64327      INFO  main            d.u.i.k.p.i.AbstractProblemLoader Replaying proof cubicSum.key 
64328      DEBUG main            d.u.i.k.p.i.IntermediateProofReplayer Proof replay took 6.8ns 
65235      INFO  main            d.u.i.k.p.r.p.TestFile    ... finished proof: closed. 
65529      INFO  main            d.u.i.k.p.i.AbstractProblemLoader Loading environment from /home/runner/work/key/key/key.core/../key.ui/examples/standard_key/arith/cubicSum.key.proof 
65529      DEBUG main            d.u.i.k.p.i.AbstractProblemLoader Environment load took 576.3ns 
65531      INFO  main            d.u.i.k.p.i.AbstractProblemLoader Creating init config 
67898      DEBUG main            d.u.i.k.p.i.AbstractProblemLoader Init config took 2.37s 
67919      INFO  main            d.u.i.k.p.i.AbstractProblemLoader Replaying proof cubicSum.key.proof 
68079      DEBUG main            d.u.i.k.p.i.IntermediateProofReplayer Proof replay took 155.52ms 
68080      DEBUG main            d.u.i.k.p.r.p.TestFile    ... success: reloaded. 
68082      INFO  main            d.u.i.k.p.r.p.TestFile    Now processing file /home/runner/work/key/key/key.core/../key.ui/examples/standard_key/arith/divByZero.key 
68082      INFO  main            d.u.i.k.p.i.AbstractProblemLoader Loading environment from /home/runner/work/key/key/key.core/../key.ui/examples/standard_key/arith/divByZero.key 
68082      DEBUG main            d.u.i.k.p.i.AbstractProblemLoader Environment load took 205ns 
68083      INFO  main            d.u.i.k.p.i.AbstractProblemLoader Creating init config 
70434      DEBUG main            d.u.i.k.p.i.AbstractProblemLoader Init config took 2.35s 
70450      INFO  main            d.u.i.k.p.i.AbstractProblemLoader Replaying proof divByZero.key 
70452      DEBUG main            d.u.i.k.p.i.IntermediateProofReplayer Proof replay took 7.1ns 
70654      INFO  main            d.u.i.k.p.r.p.TestFile    ... finished proof: closed. 
70862      INFO  main            d.u.i.k.p.i.AbstractProblemLoader Loading environment from /home/runner/work/key/key/key.core/../key.ui/examples/standard_key/arith/divByZero.key.proof 
70862      DEBUG main            d.u.i.k.p.i.AbstractProblemLoader Environment load took 122.8ns 
70864      INFO  main            d.u.i.k.p.i.AbstractProblemLoader Creating init config 
73168      DEBUG main            d.u.i.k.p.i.AbstractProblemLoader Init config took 2.3s 
73184      INFO  main            d.u.i.k.p.i.AbstractProblemLoader Replaying proof divByZero.key.proof 
73220      DEBUG main            d.u.i.k.p.i.IntermediateProofReplayer Proof replay took 33.05ms 
73221      DEBUG main            d.u.i.k.p.r.p.TestFile    ... success: reloaded. 
73222      INFO  main            d.u.i.k.p.r.p.TestFile    Now processing file /home/runner/work/key/key/key.core/../key.ui/examples/standard_key/arith/divisionAssoc.key 
73222      INFO  main            d.u.i.k.p.i.AbstractProblemLoader Loading environment from /home/runner/work/key/key/key.core/../key.ui/examples/standard_key/arith/divisionAssoc.key 
73223      DEBUG main            d.u.i.k.p.i.AbstractProblemLoader Environment load took 265.5ns 
73224      INFO  main            d.u.i.k.p.i.AbstractProblemLoader Creating init config 
75495      DEBUG main            d.u.i.k.p.i.AbstractProblemLoader Init config took 2.27s 
75510      INFO  main            d.u.i.k.p.i.AbstractProblemLoader Replaying proof divisionAssoc.key 
75511      DEBUG main            d.u.i.k.p.i.IntermediateProofReplayer Proof replay took 7.8ns 
76216      INFO  main            d.u.i.k.p.r.p.TestFile    ... finished proof: closed. 
76419      INFO  main            d.u.i.k.p.i.AbstractProblemLoader Loading environment from /home/runner/work/key/key/key.core/../key.ui/examples/standard_key/arith/divisionAssoc.key.proof 
76419      DEBUG main            d.u.i.k.p.i.AbstractProblemLoader Environment load took 423.8ns 
76421      INFO  main            d.u.i.k.p.i.AbstractProblemLoader Creating init config 
78672      DEBUG main            d.u.i.k.p.i.AbstractProblemLoader Init config took 2.25s 
78687      INFO  main            d.u.i.k.p.i.AbstractProblemLoader Replaying proof divisionAssoc.key.proof 
78733      DEBUG main            d.u.i.k.p.i.IntermediateProofReplayer Proof replay took 40.45ms 
78734      DEBUG main            d.u.i.k.p.r.p.TestFile    ... success: reloaded. 
78735      INFO  main            d.u.i.k.p.r.p.TestFile    Now processing file /home/runner/work/key/key/key.core/../key.ui/examples/standard_key/arith/divisionBy2.key 
78736      INFO  main            d.u.i.k.p.i.AbstractProblemLoader Loading environment from /home/runner/work/key/key/key.core/../key.ui/examples/standard_key/arith/divisionBy2.key 
78736      DEBUG main            d.u.i.k.p.i.AbstractProblemLoader Environment load took 219.2ns 
78737      INFO  main            d.u.i.k.p.i.AbstractProblemLoader Creating init config 
81080      DEBUG main            d.u.i.k.p.i.AbstractProblemLoader Init config took 2.34s 
81094      INFO  main            d.u.i.k.p.i.AbstractProblemLoader Replaying proof divisionBy2.key 
81096      DEBUG main            d.u.i.k.p.i.IntermediateProofReplayer Proof replay took 7ns 
81198      INFO  main            d.u.i.k.p.r.p.TestFile    ... finished proof: closed. 
81415      INFO  main            d.u.i.k.p.i.AbstractProblemLoader Loading environment from /home/runner/work/key/key/key.core/../key.ui/examples/standard_key/arith/divisionBy2.key.proof 
81415      DEBUG main            d.u.i.k.p.i.AbstractProblemLoader Environment load took 121.5ns 
81416      INFO  main            d.u.i.k.p.i.AbstractProblemLoader Creating init config 
83669      DEBUG main            d.u.i.k.p.i.AbstractProblemLoader Init config took 2.25s 
83683      INFO  main            d.u.i.k.p.i.AbstractProblemLoader Replaying proof divisionBy2.key.proof 
83689      DEBUG main            d.u.i.k.p.i.IntermediateProofReplayer Proof replay took 5.03ms 
83690      DEBUG main            d.u.i.k.p.r.p.TestFile    ... success: reloaded. 
83691      INFO  main            d.u.i.k.p.r.p.TestFile    Now processing file /home/runner/work/key/key/key.core/../key.ui/examples/standard_key/arith/euclidean/gcdHelp-post.key 
83691      INFO  main            d.u.i.k.p.i.AbstractProblemLoader Loading environment from /home/runner/work/key/key/key.core/../key.ui/examples/standard_key/arith/euclidean/gcdHelp-post.key 
83691      DEBUG main            d.u.i.k.p.i.AbstractProblemLoader Environment load took 157.8ns 
83693      INFO  main            d.u.i.k.p.i.AbstractProblemLoader Creating init config 
86112      DEBUG main            d.u.i.k.p.i.AbstractProblemLoader Init config took 2.42s 
86128      INFO  main            d.u.i.k.p.i.AbstractProblemLoader Replaying proof gcdHelp-post.key 
86130      DEBUG main            d.u.i.k.p.i.IntermediateProofReplayer Proof replay took 6.8ns 
89145      INFO  main            d.u.i.k.p.r.p.TestFile    ... finished proof: closed. 
89372      INFO  main            d.u.i.k.p.i.AbstractProblemLoader Loading environment from /home/runner/work/key/key/key.core/../key.ui/examples/standard_key/arith/euclidean/gcdHelp-post.key.proof 
89372      DEBUG main            d.u.i.k.p.i.AbstractProblemLoader Environment load took 430ns 
89374      INFO  main            d.u.i.k.p.i.AbstractProblemLoader Creating init config 
91702      DEBUG main            d.u.i.k.p.i.AbstractProblemLoader Init config took 2.33s 
91717      INFO  main            d.u.i.k.p.i.AbstractProblemLoader Replaying proof gcdHelp-post.key.proof 
91928      DEBUG main            d.u.i.k.p.i.IntermediateProofReplayer Proof replay took 200.81ms 
91930      DEBUG main            d.u.i.k.p.r.p.TestFile    ... success: reloaded. 
91931      INFO  main            d.u.i.k.p.r.p.TestFile    Now processing file /home/runner/work/key/key/key.core/../key.ui/examples/standard_key/arith/gemplusDecimal/add.key 
91932      INFO  main            d.u.i.k.p.i.AbstractProblemLoader Loading environment from /home/runner/work/key/key/key.core/../key.ui/examples/standard_key/arith/gemplusDecimal/add.key 
91932      DEBUG main            d.u.i.k.p.i.AbstractProblemLoader Environment load took 201.9ns 
91934      INFO  main            d.u.i.k.p.i.AbstractProblemLoader Creating init config 
94328      DEBUG main            d.u.i.k.p.i.AbstractProblemLoader Init config took 2.39s 
94353      INFO  main            d.u.i.k.p.i.AbstractProblemLoader Replaying proof add.key 
94355      DEBUG main            d.u.i.k.p.i.IntermediateProofReplayer Proof replay took 7.6ns 
135205     INFO  main            d.u.i.k.p.r.p.TestFile    ... finished proof: closed. 
135565     INFO  main            d.u.i.k.p.i.AbstractProblemLoader Loading environment from /home/runner/work/key/key/key.core/../key.ui/examples/standard_key/arith/gemplusDecimal/add.key.proof 
135565     DEBUG main            d.u.i.k.p.i.AbstractProblemLoader Environment load took 208.2ns 
135575     INFO  main            d.u.i.k.p.i.AbstractProblemLoader Creating init config 
137857     DEBUG main            d.u.i.k.p.i.AbstractProblemLoader Init config took 2.28s 
137873     INFO  main            d.u.i.k.p.i.AbstractProblemLoader Replaying proof add.key.proof 
141619     DEBUG main            d.u.i.k.p.i.IntermediateProofReplayer Proof replay took 3.61s 
141627     DEBUG main            d.u.i.k.p.r.p.TestFile    ... success: reloaded. 
141628     INFO  main            d.u.i.k.p.r.p.TestFile    Now processing file /home/runner/work/key/key/key.core/../key.ui/examples/standard_key/arith/jdivevenodd.key 
141629     INFO  main            d.u.i.k.p.i.AbstractProblemLoader Loading environment from /home/runner/work/key/key/key.core/../key.ui/examples/standard_key/arith/jdivevenodd.key 
141629     DEBUG main            d.u.i.k.p.i.AbstractProblemLoader Environment load took 103.3ns 
141630     INFO  main            d.u.i.k.p.i.AbstractProblemLoader Creating init config 
143965     DEBUG main            d.u.i.k.p.i.AbstractProblemLoader Init config took 2.34s 
143978     INFO  main            d.u.i.k.p.i.AbstractProblemLoader Replaying proof jdivevenodd.key 
143980     DEBUG main            d.u.i.k.p.i.IntermediateProofReplayer Proof replay took 6.1ns 
144182     INFO  main            d.u.i.k.p.r.p.TestFile    ... finished proof: closed. 
144531     INFO  main            d.u.i.k.p.i.AbstractProblemLoader Loading environment from /home/runner/work/key/key/key.core/../key.ui/examples/standard_key/arith/jdivevenodd.key.proof 
144531     DEBUG main            d.u.i.k.p.i.AbstractProblemLoader Environment load took 123.2ns 
144532     INFO  main            d.u.i.k.p.i.AbstractProblemLoader Creating init config 
146786     DEBUG main            d.u.i.k.p.i.AbstractProblemLoader Init config took 2.25s 
146800     INFO  main            d.u.i.k.p.i.AbstractProblemLoader Replaying proof jdivevenodd.key.proof 
146816     DEBUG main            d.u.i.k.p.i.IntermediateProofReplayer Proof replay took 13.56ms 
146818     DEBUG main            d.u.i.k.p.r.p.TestFile    ... success: reloaded. 
146819     INFO  main            d.u.i.k.p.r.p.TestFile    Now processing file /home/runner/work/key/key/key.core/../key.ui/examples/standard_key/arith/median.key 
146820     INFO  main            d.u.i.k.p.i.AbstractProblemLoader Loading environment from /home/runner/work/key/key/key.core/../key.ui/examples/standard_key/arith/median.key 
146820     DEBUG main            d.u.i.k.p.i.AbstractProblemLoader Environment load took 229.2ns 
146821     INFO  main            d.u.i.k.p.i.AbstractProblemLoader Creating init config 
149078     DEBUG main            d.u.i.k.p.i.AbstractProblemLoader Init config took 2.26s 
149093     INFO  main            d.u.i.k.p.i.AbstractProblemLoader Replaying proof median.key 
149095     DEBUG main            d.u.i.k.p.i.IntermediateProofReplayer Proof replay took 6.8ns 
164183     INFO  main            d.u.i.k.p.r.p.TestFile    ... finished proof: closed. 
164507     INFO  main            d.u.i.k.p.i.AbstractProblemLoader Loading environment from /home/runner/work/key/key/key.core/../key.ui/examples/standard_key/arith/median.key.proof 
164512     DEBUG main            d.u.i.k.p.i.AbstractProblemLoader Environment load took 5.24ms 
164516     INFO  main            d.u.i.k.p.i.AbstractProblemLoader Creating init config 
166734     DEBUG main            d.u.i.k.p.i.AbstractProblemLoader Init config took 2.22s 
166750     INFO  main            d.u.i.k.p.i.AbstractProblemLoader Replaying proof median.key.proof 
167897     DEBUG main            d.u.i.k.p.i.IntermediateProofReplayer Proof replay took 1.07s 
167901     DEBUG main            d.u.i.k.p.r.p.TestFile    ... success: reloaded. 
167902     INFO  main            d.u.i.k.p.r.p.TestFile    Now processing file /home/runner/work/key/key/key.core/../key.ui/examples/standard_key/arith/mod1.key 
167902     INFO  main            d.u.i.k.p.i.AbstractProblemLoader Loading environment from /home/runner/work/key/key/key.core/../key.ui/examples/standard_key/arith/mod1.key 
167902     DEBUG main            d.u.i.k.p.i.AbstractProblemLoader Environment load took 85.1ns 
167903     INFO  main            d.u.i.k.p.i.AbstractProblemLoader Creating init config 
170211     DEBUG main            d.u.i.k.p.i.AbstractProblemLoader Init config took 2.31s 
170224     INFO  main            d.u.i.k.p.i.AbstractProblemLoader Replaying proof mod1.key 
170226     DEBUG main            d.u.i.k.p.i.IntermediateProofReplayer Proof replay took 6.2ns 
170328     INFO  main            d.u.i.k.p.r.p.TestFile    ... finished proof: closed. 
170626     INFO  main            d.u.i.k.p.i.AbstractProblemLoader Loading environment from /home/runner/work/key/key/key.core/../key.ui/examples/standard_key/arith/mod1.key.proof 
170626     DEBUG main            d.u.i.k.p.i.AbstractProblemLoader Environment load took 97.3ns 
170627     INFO  main            d.u.i.k.p.i.AbstractProblemLoader Creating init config 
172847     DEBUG main            d.u.i.k.p.i.AbstractProblemLoader Init config took 2.22s 
172861     INFO  main            d.u.i.k.p.i.AbstractProblemLoader Replaying proof mod1.key.proof 
172865     DEBUG main            d.u.i.k.p.i.IntermediateProofReplayer Proof replay took 2.11ms 
172866     DEBUG main            d.u.i.k.p.r.p.TestFile    ... success: reloaded. 
172866     INFO  main            d.u.i.k.p.r.p.TestFile    Now processing file /home/runner/work/key/key/key.core/../key.ui/examples/standard_key/arith/mod2.key 
172867     INFO  main            d.u.i.k.p.i.AbstractProblemLoader Loading environment from /home/runner/work/key/key/key.core/../key.ui/examples/standard_key/arith/mod2.key 
172867     DEBUG main            d.u.i.k.p.i.AbstractProblemLoader Environment load took 98.1ns 
172868     INFO  main            d.u.i.k.p.i.AbstractProblemLoader Creating init config 
175129     DEBUG main            d.u.i.k.p.i.AbstractProblemLoader Init config took 2.26s 
175142     INFO  main            d.u.i.k.p.i.AbstractProblemLoader Replaying proof mod2.key 
175144     DEBUG main            d.u.i.k.p.i.IntermediateProofReplayer Proof replay took 6.2ns 
175248     INFO  main            d.u.i.k.p.r.p.TestFile    ... finished proof: closed. 
175472     INFO  main            d.u.i.k.p.i.AbstractProblemLoader Loading environment from /home/runner/work/key/key/key.core/../key.ui/examples/standard_key/arith/mod2.key.proof 
175472     DEBUG main            d.u.i.k.p.i.AbstractProblemLoader Environment load took 98.5ns 
175473     INFO  main            d.u.i.k.p.i.AbstractProblemLoader Creating init config 
177683     DEBUG main            d.u.i.k.p.i.AbstractProblemLoader Init config took 2.21s 
177696     INFO  main            d.u.i.k.p.i.AbstractProblemLoader Replaying proof mod2.key.proof 
177699     DEBUG main            d.u.i.k.p.i.IntermediateProofReplayer Proof replay took 1.47ms 
177700     DEBUG main            d.u.i.k.p.r.p.TestFile    ... success: reloaded. 
177701     INFO  main            d.u.i.k.p.r.p.TestFile    Now processing file /home/runner/work/key/key/key.core/../key.ui/examples/standard_key/arith/mod7.key 
177702     INFO  main            d.u.i.k.p.i.AbstractProblemLoader Loading environment from /home/runner/work/key/key/key.core/../key.ui/examples/standard_key/arith/mod7.key 
177702     DEBUG main            d.u.i.k.p.i.AbstractProblemLoader Environment load took 206.3ns 
177703     INFO  main            d.u.i.k.p.i.AbstractProblemLoader Creating init config 
179989     DEBUG main            d.u.i.k.p.i.AbstractProblemLoader Init config took 2.29s 
180002     INFO  main            d.u.i.k.p.i.AbstractProblemLoader Replaying proof mod7.key 
180003     DEBUG main            d.u.i.k.p.i.IntermediateProofReplayer Proof replay took 7.2ns 
180108     INFO  main            d.u.i.k.p.r.p.TestFile    ... finished proof: closed. 
180353     INFO  main            d.u.i.k.p.i.AbstractProblemLoader Loading environment from /home/runner/work/key/key/key.core/../key.ui/examples/standard_key/arith/mod7.key.proof 
180353     DEBUG main            d.u.i.k.p.i.AbstractProblemLoader Environment load took 106.1ns 
180354     INFO  main            d.u.i.k.p.i.AbstractProblemLoader Creating init config 
182565     DEBUG main            d.u.i.k.p.i.AbstractProblemLoader Init config took 2.21s 
182578     INFO  main            d.u.i.k.p.i.AbstractProblemLoader Replaying proof mod7.key.proof 
182585     DEBUG main            d.u.i.k.p.i.IntermediateProofReplayer Proof replay took 4.96ms 
182586     DEBUG main            d.u.i.k.p.r.p.TestFile    ... success: reloaded. 
182587     INFO  main            d.u.i.k.p.r.p.TestFile    Now processing file /home/runner/work/key/key/key.core/../key.ui/examples/standard_key/arith/overflow_hija.key 
182587     INFO  main            d.u.i.k.p.i.AbstractProblemLoader Loading environment from /home/runner/work/key/key/key.core/../key.ui/examples/standard_key/arith/overflow_hija.key 
182587     DEBUG main            d.u.i.k.p.i.AbstractProblemLoader Environment load took 91.5ns 
182589     INFO  main            d.u.i.k.p.i.AbstractProblemLoader Creating init config 
184857     DEBUG main            d.u.i.k.p.i.AbstractProblemLoader Init config took 2.27s 
184873     INFO  main            d.u.i.k.p.i.AbstractProblemLoader Replaying proof overflow_hija.key 
184874     DEBUG main            d.u.i.k.p.i.IntermediateProofReplayer Proof replay took 6.2ns 
189326     INFO  main            d.u.i.k.p.r.p.TestFile    ... finished proof: closed. 
189611     INFO  main            d.u.i.k.p.i.AbstractProblemLoader Loading environment from /home/runner/work/key/key/key.core/../key.ui/examples/standard_key/arith/overflow_hija.key.proof 
189612     DEBUG main            d.u.i.k.p.i.AbstractProblemLoader Environment load took 406.4ns 
189614     INFO  main            d.u.i.k.p.i.AbstractProblemLoader Creating init config 
191876     DEBUG main            d.u.i.k.p.i.AbstractProblemLoader Init config took 2.26s 
191893     INFO  main            d.u.i.k.p.i.AbstractProblemLoader Replaying proof overflow_hija.key.proof 
192239     DEBUG main            d.u.i.k.p.i.IntermediateProofReplayer Proof replay took 334.77ms 
192242     DEBUG main            d.u.i.k.p.r.p.TestFile    ... success: reloaded. 
192243     INFO  main            d.u.i.k.p.r.p.TestFile    Now processing file /home/runner/work/key/key/key.core/../key.ui/examples/standard_key/arith/poly_division0.key 
192243     INFO  main            d.u.i.k.p.i.AbstractProblemLoader Loading environment from /home/runner/work/key/key/key.core/../key.ui/examples/standard_key/arith/poly_division0.key 
192244     DEBUG main            d.u.i.k.p.i.AbstractProblemLoader Environment load took 205.2ns 
192245     INFO  main            d.u.i.k.p.i.AbstractProblemLoader Creating init config 
194511     DEBUG main            d.u.i.k.p.i.AbstractProblemLoader Init config took 2.27s 
194524     INFO  main            d.u.i.k.p.i.AbstractProblemLoader Replaying proof poly_division0.key 
194525     DEBUG main            d.u.i.k.p.i.IntermediateProofReplayer Proof replay took 7.4ns 
194631     INFO  main            d.u.i.k.p.r.p.TestFile    ... finished proof: closed. 
194941     INFO  main            d.u.i.k.p.i.AbstractProblemLoader Loading environment from /home/runner/work/key/key/key.core/../key.ui/examples/standard_key/arith/poly_division0.key.proof 
194941     DEBUG main            d.u.i.k.p.i.AbstractProblemLoader Environment load took 102.4ns 
194942     INFO  main            d.u.i.k.p.i.AbstractProblemLoader Creating init config 
197154     DEBUG main            d.u.i.k.p.i.AbstractProblemLoader Init config took 2.21s 
197167     INFO  main            d.u.i.k.p.i.AbstractProblemLoader Replaying proof poly_division0.key.proof 
197178     DEBUG main            d.u.i.k.p.i.IntermediateProofReplayer Proof replay took 7.28ms 
197179     DEBUG main            d.u.i.k.p.r.p.TestFile    ... success: reloaded. 
197181     INFO  main            d.u.i.k.p.r.p.TestFile    Now processing file /home/runner/work/key/key/key.core/../key.ui/examples/standard_key/arith/poly_division1.key 
197181     INFO  main            d.u.i.k.p.i.AbstractProblemLoader Loading environment from /home/runner/work/key/key/key.core/../key.ui/examples/standard_key/arith/poly_division1.key 
197181     DEBUG main            d.u.i.k.p.i.AbstractProblemLoader Environment load took 213.7ns 
197182     INFO  main            d.u.i.k.p.i.AbstractProblemLoader Creating init config 
199443     DEBUG main            d.u.i.k.p.i.AbstractProblemLoader Init config took 2.26s 
199455     INFO  main            d.u.i.k.p.i.AbstractProblemLoader Replaying proof poly_division1.key 
199457     DEBUG main            d.u.i.k.p.i.IntermediateProofReplayer Proof replay took 7ns 
199559     INFO  main            d.u.i.k.p.r.p.TestFile    ... finished proof: closed. 
199813     INFO  main            d.u.i.k.p.i.AbstractProblemLoader Loading environment from /home/runner/work/key/key/key.core/../key.ui/examples/standard_key/arith/poly_division1.key.proof 
199813     DEBUG main            d.u.i.k.p.i.AbstractProblemLoader Environment load took 103ns 
199815     INFO  main            d.u.i.k.p.i.AbstractProblemLoader Creating init config 
202036     DEBUG main            d.u.i.k.p.i.AbstractProblemLoader Init config took 2.22s 
202050     INFO  main            d.u.i.k.p.i.AbstractProblemLoader Replaying proof poly_division1.key.proof 
202057     DEBUG main            d.u.i.k.p.i.IntermediateProofReplayer Proof replay took 5.77ms 
202058     DEBUG main            d.u.i.k.p.r.p.TestFile    ... success: reloaded. 
202059     INFO  main            d.u.i.k.p.r.p.TestFile    Now processing file /home/runner/work/key/key/key.core/../key.ui/examples/standard_key/inEqSimp/division.key 
202059     INFO  main            d.u.i.k.p.i.AbstractProblemLoader Loading environment from /home/runner/work/key/key/key.core/../key.ui/examples/standard_key/inEqSimp/division.key 
202059     DEBUG main            d.u.i.k.p.i.AbstractProblemLoader Environment load took 55ns 
202060     INFO  main            d.u.i.k.p.i.AbstractProblemLoader Creating init config 
204314     DEBUG main            d.u.i.k.p.i.AbstractProblemLoader Init config took 2.25s 
204327     INFO  main            d.u.i.k.p.i.AbstractProblemLoader Replaying proof division.key 
204328     DEBUG main            d.u.i.k.p.i.IntermediateProofReplayer Proof replay took 6.5ns 
206263     INFO  main            d.u.i.k.p.r.p.TestFile    ... finished proof: closed. 
206548     INFO  main            d.u.i.k.p.i.AbstractProblemLoader Loading environment from /home/runner/work/key/key/key.core/../key.ui/examples/standard_key/inEqSimp/division.key.proof 
206548     DEBUG main            d.u.i.k.p.i.AbstractProblemLoader Environment load took 113.4ns 
206550     INFO  main            d.u.i.k.p.i.AbstractProblemLoader Creating init config 
208758     DEBUG main            d.u.i.k.p.i.AbstractProblemLoader Init config took 2.21s 
208772     INFO  main            d.u.i.k.p.i.AbstractProblemLoader Replaying proof division.key.proof 
208866     DEBUG main            d.u.i.k.p.i.IntermediateProofReplayer Proof replay took 84.74ms 
208868     DEBUG main            d.u.i.k.p.r.p.TestFile    ... success: reloaded. 
208869     INFO  main            d.u.i.k.p.r.p.TestFile    Now processing file /home/runner/work/key/key/key.core/../key.ui/examples/standard_key/inEqSimp/inequations0.key 
208869     INFO  main            d.u.i.k.p.i.AbstractProblemLoader Loading environment from /home/runner/work/key/key/key.core/../key.ui/examples/standard_key/inEqSimp/inequations0.key 
208869     DEBUG main            d.u.i.k.p.i.AbstractProblemLoader Environment load took 122.8ns 
208870     INFO  main            d.u.i.k.p.i.AbstractProblemLoader Creating init config 
211216     DEBUG main            d.u.i.k.p.i.AbstractProblemLoader Init config took 2.35s 
211230     INFO  main            d.u.i.k.p.i.AbstractProblemLoader Replaying proof inequations0.key 
211233     DEBUG main            d.u.i.k.p.i.IntermediateProofReplayer Proof replay took 35.4ns 
211334     INFO  main            d.u.i.k.p.r.p.TestFile    ... finished proof: closed. 
211627     INFO  main            d.u.i.k.p.i.AbstractProblemLoader Loading environment from /home/runner/work/key/key/key.core/../key.ui/examples/standard_key/inEqSimp/inequations0.key.proof 
211628     DEBUG main            d.u.i.k.p.i.AbstractProblemLoader Environment load took 99ns 
211628     INFO  main            d.u.i.k.p.i.AbstractProblemLoader Creating init config 
213816     DEBUG main            d.u.i.k.p.i.AbstractProblemLoader Init config took 2.19s 
213830     INFO  main            d.u.i.k.p.i.AbstractProblemLoader Replaying proof inequations0.key.proof 
213833     DEBUG main            d.u.i.k.p.i.IntermediateProofReplayer Proof replay took 1.98ms 
213834     DEBUG main            d.u.i.k.p.r.p.TestFile    ... success: reloaded. 
213835     INFO  main            d.u.i.k.p.r.p.TestFile    Now processing file /home/runner/work/key/key/key.core/../key.ui/examples/standard_key/inEqSimp/inequations1.key 
213835     INFO  main            d.u.i.k.p.i.AbstractProblemLoader Loading environment from /home/runner/work/key/key/key.core/../key.ui/examples/standard_key/inEqSimp/inequations1.key 
213835     DEBUG main            d.u.i.k.p.i.AbstractProblemLoader Environment load took 91.8ns 
213836     INFO  main            d.u.i.k.p.i.AbstractProblemLoader Creating init config 
216072     DEBUG main            d.u.i.k.p.i.AbstractProblemLoader Init config took 2.24s 
216084     INFO  main            d.u.i.k.p.i.AbstractProblemLoader Replaying proof inequations1.key 
216086     DEBUG main            d.u.i.k.p.i.IntermediateProofReplayer Proof replay took 3.5ns 
216188     INFO  main            d.u.i.k.p.r.p.TestFile    ... finished proof: closed. 
216456     INFO  main            d.u.i.k.p.i.AbstractProblemLoader Loading environment from /home/runner/work/key/key/key.core/../key.ui/examples/standard_key/inEqSimp/inequations1.key.proof 
216456     DEBUG main            d.u.i.k.p.i.AbstractProblemLoader Environment load took 108.3ns 
216457     INFO  main            d.u.i.k.p.i.AbstractProblemLoader Creating init config 
218659     DEBUG main            d.u.i.k.p.i.AbstractProblemLoader Init config took 2.2s 
218672     INFO  main            d.u.i.k.p.i.AbstractProblemLoader Replaying proof inequations1.key.proof 
218675     DEBUG main            d.u.i.k.p.i.IntermediateProofReplayer Proof replay took 1.19ms 
218676     DEBUG main            d.u.i.k.p.r.p.TestFile    ... success: reloaded. 
218676     INFO  main            d.u.i.k.p.r.p.TestFile    Now processing file /home/runner/work/key/key/key.core/../key.ui/examples/standard_key/inEqSimp/inequations2.key 
218677     INFO  main            d.u.i.k.p.i.AbstractProblemLoader Loading environment from /home/runner/work/key/key/key.core/../key.ui/examples/standard_key/inEqSimp/inequations2.key 
218677     DEBUG main            d.u.i.k.p.i.AbstractProblemLoader Environment load took 221.8ns 
218678     INFO  main            d.u.i.k.p.i.AbstractProblemLoader Creating init config 
220910     DEBUG main            d.u.i.k.p.i.AbstractProblemLoader Init config took 2.23s 
220922     INFO  main            d.u.i.k.p.i.AbstractProblemLoader Replaying proof inequations2.key 
220923     DEBUG main            d.u.i.k.p.i.IntermediateProofReplayer Proof replay took 3ns 
221027     INFO  main            d.u.i.k.p.r.p.TestFile    ... finished proof: closed. 
221294     INFO  main            d.u.i.k.p.i.AbstractProblemLoader Loading environment from /home/runner/work/key/key/key.core/../key.ui/examples/standard_key/inEqSimp/inequations2.key.proof 
221294     DEBUG main            d.u.i.k.p.i.AbstractProblemLoader Environment load took 85.6ns 
221295     INFO  main            d.u.i.k.p.i.AbstractProblemLoader Creating init config 
223486     DEBUG main            d.u.i.k.p.i.AbstractProblemLoader Init config took 2.19s 
223499     INFO  main            d.u.i.k.p.i.AbstractProblemLoader Replaying proof inequations2.key.proof 
223502     DEBUG main            d.u.i.k.p.i.IntermediateProofReplayer Proof replay took 1.45ms 
223503     DEBUG main            d.u.i.k.p.r.p.TestFile    ... success: reloaded. 
223504     INFO  main            d.u.i.k.p.r.p.TestFile    Now processing file /home/runner/work/key/key/key.core/../key.ui/examples/standard_key/inEqSimp/linApprox.key 
223504     INFO  main            d.u.i.k.p.i.AbstractProblemLoader Loading environment from /home/runner/work/key/key/key.core/../key.ui/examples/standard_key/inEqSimp/linApprox.key 
223504     DEBUG main            d.u.i.k.p.i.AbstractProblemLoader Environment load took 190.1ns 
223505     INFO  main            d.u.i.k.p.i.AbstractProblemLoader Creating init config 
225733     DEBUG main            d.u.i.k.p.i.AbstractProblemLoader Init config took 2.23s 
225745     INFO  main            d.u.i.k.p.i.AbstractProblemLoader Replaying proof linApprox.key 
225747     DEBUG main            d.u.i.k.p.i.IntermediateProofReplayer Proof replay took 2.7ns 
225848     INFO  main            d.u.i.k.p.r.p.TestFile    ... finished proof: closed. 
226122     INFO  main            d.u.i.k.p.i.AbstractProblemLoader Loading environment from /home/runner/work/key/key/key.core/../key.ui/examples/standard_key/inEqSimp/linApprox.key.proof 
226122     DEBUG main            d.u.i.k.p.i.AbstractProblemLoader Environment load took 86.9ns 
226123     INFO  main            d.u.i.k.p.i.AbstractProblemLoader Creating init config 
228317     DEBUG main            d.u.i.k.p.i.AbstractProblemLoader Init config took 2.19s 
228330     INFO  main            d.u.i.k.p.i.AbstractProblemLoader Replaying proof linApprox.key.proof 
228333     DEBUG main            d.u.i.k.p.i.IntermediateProofReplayer Proof replay took 2.43ms 
228334     DEBUG main            d.u.i.k.p.r.p.TestFile    ... success: reloaded. 
228335     INFO  main            d.u.i.k.p.r.p.TestFile    Now processing file /home/runner/work/key/key/key.core/../key.ui/examples/standard_key/inEqSimp/nonLinInEqExample0.key 
228335     INFO  main            d.u.i.k.p.i.AbstractProblemLoader Loading environment from /home/runner/work/key/key/key.core/../key.ui/examples/standard_key/inEqSimp/nonLinInEqExample0.key 
228335     DEBUG main            d.u.i.k.p.i.AbstractProblemLoader Environment load took 80.9ns 
228336     INFO  main            d.u.i.k.p.i.AbstractProblemLoader Creating init config 
230565     DEBUG main            d.u.i.k.p.i.AbstractProblemLoader Init config took 2.23s 
230579     INFO  main            d.u.i.k.p.i.AbstractProblemLoader Replaying proof nonLinInEqExample0.key 
230580     DEBUG main            d.u.i.k.p.i.IntermediateProofReplayer Proof replay took 3.1ns 
230682     INFO  main            d.u.i.k.p.r.p.TestFile    ... finished proof: closed. 
230965     INFO  main            d.u.i.k.p.i.AbstractProblemLoader Loading environment from /home/runner/work/key/key/key.core/../key.ui/examples/standard_key/inEqSimp/nonLinInEqExample0.key.proof 
230965     DEBUG main            d.u.i.k.p.i.AbstractProblemLoader Environment load took 91.4ns 
230966     INFO  main            d.u.i.k.p.i.AbstractProblemLoader Creating init config 
233155     DEBUG main            d.u.i.k.p.i.AbstractProblemLoader Init config took 2.19s 
233168     INFO  main            d.u.i.k.p.i.AbstractProblemLoader Replaying proof nonLinInEqExample0.key.proof 
233170     DEBUG main            d.u.i.k.p.i.IntermediateProofReplayer Proof replay took 876.61ns 
233171     DEBUG main            d.u.i.k.p.r.p.TestFile    ... success: reloaded. 
233171     INFO  main            d.u.i.k.p.r.p.TestFile    Now processing file /home/runner/work/key/key/key.core/../key.ui/examples/standard_key/inEqSimp/nonLinInEqExample2.key 
233171     INFO  main            d.u.i.k.p.i.AbstractProblemLoader Loading environment from /home/runner/work/key/key/key.core/../key.ui/examples/standard_key/inEqSimp/nonLinInEqExample2.key 
233171     DEBUG main            d.u.i.k.p.i.AbstractProblemLoader Environment load took 45ns 
233173     INFO  main            d.u.i.k.p.i.AbstractProblemLoader Creating init config 
235431     DEBUG main            d.u.i.k.p.i.AbstractProblemLoader Init config took 2.26s 
235444     INFO  main            d.u.i.k.p.i.AbstractProblemLoader Replaying proof nonLinInEqExample2.key 
235445     DEBUG main            d.u.i.k.p.i.IntermediateProofReplayer Proof replay took 2.8ns 
235748     INFO  main            d.u.i.k.p.r.p.TestFile    ... finished proof: closed. 
236030     INFO  main            d.u.i.k.p.i.AbstractProblemLoader Loading environment from /home/runner/work/key/key/key.core/../key.ui/examples/standard_key/inEqSimp/nonLinInEqExample2.key.proof 
236030     DEBUG main            d.u.i.k.p.i.AbstractProblemLoader Environment load took 93.3ns 
236032     INFO  main            d.u.i.k.p.i.AbstractProblemLoader Creating init config 
238251     DEBUG main            d.u.i.k.p.i.AbstractProblemLoader Init config took 2.22s 
238265     INFO  main            d.u.i.k.p.i.AbstractProblemLoader Replaying proof nonLinInEqExample2.key.proof 
238297     DEBUG main            d.u.i.k.p.i.IntermediateProofReplayer Proof replay took 24.64ms 
238298     DEBUG main            d.u.i.k.p.r.p.TestFile    ... success: reloaded. 
238299     INFO  main            d.u.i.k.p.r.p.TestFile    Now processing file /home/runner/work/key/key/key.core/../key.ui/examples/standard_key/inEqSimp/nonLinInEqExample3.key 
238299     INFO  main            d.u.i.k.p.i.AbstractProblemLoader Loading environment from /home/runner/work/key/key/key.core/../key.ui/examples/standard_key/inEqSimp/nonLinInEqExample3.key 
238299     DEBUG main            d.u.i.k.p.i.AbstractProblemLoader Environment load took 56.8ns 
238300     INFO  main            d.u.i.k.p.i.AbstractProblemLoader Creating init config 
240558     DEBUG main            d.u.i.k.p.i.AbstractProblemLoader Init config took 2.26s 
240572     INFO  main            d.u.i.k.p.i.AbstractProblemLoader Replaying proof nonLinInEqExample3.key 
240573     DEBUG main            d.u.i.k.p.i.IntermediateProofReplayer Proof replay took 3ns 
240775     INFO  main            d.u.i.k.p.r.p.TestFile    ... finished proof: closed. 
241086     INFO  main            d.u.i.k.p.i.AbstractProblemLoader Loading environment from /home/runner/work/key/key/key.core/../key.ui/examples/standard_key/inEqSimp/nonLinInEqExample3.key.proof 
241086     DEBUG main            d.u.i.k.p.i.AbstractProblemLoader Environment load took 100.3ns 
241087     INFO  main            d.u.i.k.p.i.AbstractProblemLoader Creating init config 
243290     DEBUG main            d.u.i.k.p.i.AbstractProblemLoader Init config took 2.2s 
243303     INFO  main            d.u.i.k.p.i.AbstractProblemLoader Replaying proof nonLinInEqExample3.key.proof 
243321     DEBUG main            d.u.i.k.p.i.IntermediateProofReplayer Proof replay took 15.33ms 
243321     DEBUG main            d.u.i.k.p.r.p.TestFile    ... success: reloaded. 
243322     INFO  main            d.u.i.k.p.r.p.TestFile    Now processing file /home/runner/work/key/key/key.core/../key.ui/examples/standard_key/inEqSimp/nonLinInEqExample4.key 
243322     INFO  main            d.u.i.k.p.i.AbstractProblemLoader Loading environment from /home/runner/work/key/key/key.core/../key.ui/examples/standard_key/inEqSimp/nonLinInEqExample4.key 
243322     DEBUG main            d.u.i.k.p.i.AbstractProblemLoader Environment load took 49.2ns 
243323     INFO  main            d.u.i.k.p.i.AbstractProblemLoader Creating init config 
245583     DEBUG main            d.u.i.k.p.i.AbstractProblemLoader Init config took 2.26s 
245596     INFO  main            d.u.i.k.p.i.AbstractProblemLoader Replaying proof nonLinInEqExample4.key 
245597     DEBUG main            d.u.i.k.p.i.IntermediateProofReplayer Proof replay took 3ns 
245700     INFO  main            d.u.i.k.p.r.p.TestFile    ... finished proof: closed. 
246006     INFO  main            d.u.i.k.p.i.AbstractProblemLoader Loading environment from /home/runner/work/key/key/key.core/../key.ui/examples/standard_key/inEqSimp/nonLinInEqExample4.key.proof 
246006     DEBUG main            d.u.i.k.p.i.AbstractProblemLoader Environment load took 103.6ns 
246008     INFO  main            d.u.i.k.p.i.AbstractProblemLoader Creating init config 
248199     DEBUG main            d.u.i.k.p.i.AbstractProblemLoader Init config took 2.19s 
248212     INFO  main            d.u.i.k.p.i.AbstractProblemLoader Replaying proof nonLinInEqExample4.key.proof 
248216     DEBUG main            d.u.i.k.p.i.IntermediateProofReplayer Proof replay took 3.35ms 
248217     DEBUG main            d.u.i.k.p.r.p.TestFile    ... success: reloaded. 
248218     INFO  main            d.u.i.k.p.r.p.TestFile    Now processing file /home/runner/work/key/key/key.core/../key.ui/examples/standard_key/inEqSimp/quadraticInEq.key 
248218     INFO  main            d.u.i.k.p.i.AbstractProblemLoader Loading environment from /home/runner/work/key/key/key.core/../key.ui/examples/standard_key/inEqSimp/quadraticInEq.key 
248218     DEBUG main            d.u.i.k.p.i.AbstractProblemLoader Environment load took 45.3ns 
248220     INFO  main            d.u.i.k.p.i.AbstractProblemLoader Creating init config 
250518     DEBUG main            d.u.i.k.p.i.AbstractProblemLoader Init config took 2.3s 
250531     INFO  main            d.u.i.k.p.i.AbstractProblemLoader Replaying proof quadraticInEq.key 
250533     DEBUG main            d.u.i.k.p.i.IntermediateProofReplayer Proof replay took 3ns 
250837     INFO  main            d.u.i.k.p.r.p.TestFile    ... finished proof: closed. 
251164     INFO  main            d.u.i.k.p.i.AbstractProblemLoader Loading environment from /home/runner/work/key/key/key.core/../key.ui/examples/standard_key/inEqSimp/quadraticInEq.key.proof 
251164     DEBUG main            d.u.i.k.p.i.AbstractProblemLoader Environment load took 97.5ns 
251165     INFO  main            d.u.i.k.p.i.AbstractProblemLoader Creating init config 
253381     DEBUG main            d.u.i.k.p.i.AbstractProblemLoader Init config took 2.22s 
253395     INFO  main            d.u.i.k.p.i.AbstractProblemLoader Replaying proof quadraticInEq.key.proof 
253433     DEBUG main            d.u.i.k.p.i.IntermediateProofReplayer Proof replay took 33.87ms 
253434     DEBUG main            d.u.i.k.p.r.p.TestFile    ... success: reloaded. 
253435     INFO  main            d.u.i.k.p.r.p.TestFile    Now processing file /home/runner/work/key/key/key.core/../key.ui/examples/standard_key/inEqSimp/quadraticInEq10.key 
253435     INFO  main            d.u.i.k.p.i.AbstractProblemLoader Loading environment from /home/runner/work/key/key/key.core/../key.ui/examples/standard_key/inEqSimp/quadraticInEq10.key 
253435     DEBUG main            d.u.i.k.p.i.AbstractProblemLoader Environment load took 50.9ns 
253437     INFO  main            d.u.i.k.p.i.AbstractProblemLoader Creating init config 
255663     DEBUG main            d.u.i.k.p.i.AbstractProblemLoader Init config took 2.23s 
255676     INFO  main            d.u.i.k.p.i.AbstractProblemLoader Replaying proof quadraticInEq10.key 
255677     DEBUG main            d.u.i.k.p.i.IntermediateProofReplayer Proof replay took 3.5ns 
255879     INFO  main            d.u.i.k.p.r.p.TestFile    ... finished proof: closed. 
256212     INFO  main            d.u.i.k.p.i.AbstractProblemLoader Loading environment from /home/runner/work/key/key/key.core/../key.ui/examples/standard_key/inEqSimp/quadraticInEq10.key.proof 
256212     DEBUG main            d.u.i.k.p.i.AbstractProblemLoader Environment load took 127.4ns 
256213     INFO  main            d.u.i.k.p.i.AbstractProblemLoader Creating init config 
258403     DEBUG main            d.u.i.k.p.i.AbstractProblemLoader Init config took 2.19s 
258417     INFO  main            d.u.i.k.p.i.AbstractProblemLoader Replaying proof quadraticInEq10.key.proof 
258431     DEBUG main            d.u.i.k.p.i.IntermediateProofReplayer Proof replay took 11.9ms 
258432     DEBUG main            d.u.i.k.p.r.p.TestFile    ... success: reloaded. 
258433     INFO  main            d.u.i.k.p.r.p.TestFile    Now processing file /home/runner/work/key/key/key.core/../key.ui/examples/standard_key/inEqSimp/quadraticInEq13.key 
258433     INFO  main            d.u.i.k.p.i.AbstractProblemLoader Loading environment from /home/runner/work/key/key/key.core/../key.ui/examples/standard_key/inEqSimp/quadraticInEq13.key 
258433     DEBUG main            d.u.i.k.p.i.AbstractProblemLoader Environment load took 84.8ns 
258434     INFO  main            d.u.i.k.p.i.AbstractProblemLoader Creating init config 
260670     DEBUG main            d.u.i.k.p.i.AbstractProblemLoader Init config took 2.24s 
260683     INFO  main            d.u.i.k.p.i.AbstractProblemLoader Replaying proof quadraticInEq13.key 
260685     DEBUG main            d.u.i.k.p.i.IntermediateProofReplayer Proof replay took 3.9ns 
260888     INFO  main            d.u.i.k.p.r.p.TestFile    ... finished proof: closed. 
261226     INFO  main            d.u.i.k.p.i.AbstractProblemLoader Loading environment from /home/runner/work/key/key/key.core/../key.ui/examples/standard_key/inEqSimp/quadraticInEq13.key.proof 
261226     DEBUG main            d.u.i.k.p.i.AbstractProblemLoader Environment load took 88.1ns 
261227     INFO  main            d.u.i.k.p.i.AbstractProblemLoader Creating init config 
263414     DEBUG main            d.u.i.k.p.i.AbstractProblemLoader Init config took 2.19s 
263426     INFO  main            d.u.i.k.p.i.AbstractProblemLoader Replaying proof quadraticInEq13.key.proof 
263444     DEBUG main            d.u.i.k.p.i.IntermediateProofReplayer Proof replay took 14.67ms 
263444     DEBUG main            d.u.i.k.p.r.p.TestFile    ... success: reloaded. 
263445     INFO  main            d.u.i.k.p.r.p.TestFile    Now processing file /home/runner/work/key/key/key.core/../key.ui/examples/standard_key/inEqSimp/quadraticInEq14.key 
263445     INFO  main            d.u.i.k.p.i.AbstractProblemLoader Loading environment from /home/runner/work/key/key/key.core/../key.ui/examples/standard_key/inEqSimp/quadraticInEq14.key 
263445     DEBUG main            d.u.i.k.p.i.AbstractProblemLoader Environment load took 41.6ns 
263446     INFO  main            d.u.i.k.p.i.AbstractProblemLoader Creating init config 
265670     DEBUG main            d.u.i.k.p.i.AbstractProblemLoader Init config took 2.22s 
265683     INFO  main            d.u.i.k.p.i.AbstractProblemLoader Replaying proof quadraticInEq14.key 
265685     DEBUG main            d.u.i.k.p.i.IntermediateProofReplayer Proof replay took 2.9ns 
265989     INFO  main            d.u.i.k.p.r.p.TestFile    ... finished proof: closed. 
266322     INFO  main            d.u.i.k.p.i.AbstractProblemLoader Loading environment from /home/runner/work/key/key/key.core/../key.ui/examples/standard_key/inEqSimp/quadraticInEq14.key.proof 
266322     DEBUG main            d.u.i.k.p.i.AbstractProblemLoader Environment load took 88.5ns 
266323     INFO  main            d.u.i.k.p.i.AbstractProblemLoader Creating init config 
268509     DEBUG main            d.u.i.k.p.i.AbstractProblemLoader Init config took 2.19s 
268522     INFO  main            d.u.i.k.p.i.AbstractProblemLoader Replaying proof quadraticInEq14.key.proof 
268542     DEBUG main            d.u.i.k.p.i.IntermediateProofReplayer Proof replay took 17.57ms 
268543     DEBUG main            d.u.i.k.p.r.p.TestFile    ... success: reloaded. 
268543     INFO  main            d.u.i.k.p.r.p.TestFile    Now processing file /home/runner/work/key/key/key.core/../key.ui/examples/standard_key/inEqSimp/quadraticInEq2.key 
268544     INFO  main            d.u.i.k.p.i.AbstractProblemLoader Loading environment from /home/runner/work/key/key/key.core/../key.ui/examples/standard_key/inEqSimp/quadraticInEq2.key 
268544     DEBUG main            d.u.i.k.p.i.AbstractProblemLoader Environment load took 76.4ns 
268544     INFO  main            d.u.i.k.p.i.AbstractProblemLoader Creating init config 
270776     DEBUG main            d.u.i.k.p.i.AbstractProblemLoader Init config took 2.23s 
270790     INFO  main            d.u.i.k.p.i.AbstractProblemLoader Replaying proof quadraticInEq2.key 
270792     DEBUG main            d.u.i.k.p.i.IntermediateProofReplayer Proof replay took 3.7ns 
270895     INFO  main            d.u.i.k.p.r.p.TestFile    ... finished proof: closed. 
271230     INFO  main            d.u.i.k.p.i.AbstractProblemLoader Loading environment from /home/runner/work/key/key/key.core/../key.ui/examples/standard_key/inEqSimp/quadraticInEq2.key.proof 
271230     DEBUG main            d.u.i.k.p.i.AbstractProblemLoader Environment load took 82ns 
271231     INFO  main            d.u.i.k.p.i.AbstractProblemLoader Creating init config 
273419     DEBUG main            d.u.i.k.p.i.AbstractProblemLoader Init config took 2.19s 
273432     INFO  main            d.u.i.k.p.i.AbstractProblemLoader Replaying proof quadraticInEq2.key.proof 
273435     DEBUG main            d.u.i.k.p.i.IntermediateProofReplayer Proof replay took 2.01ms 
273436     DEBUG main            d.u.i.k.p.r.p.TestFile    ... success: reloaded. 
273437     INFO  main            d.u.i.k.p.r.p.TestFile    Now processing file /home/runner/work/key/key/key.core/../key.ui/examples/standard_key/inEqSimp/quadraticInEq3.key 
273437     INFO  main            d.u.i.k.p.i.AbstractProblemLoader Loading environment from /home/runner/work/key/key/key.core/../key.ui/examples/standard_key/inEqSimp/quadraticInEq3.key 
273437     DEBUG main            d.u.i.k.p.i.AbstractProblemLoader Environment load took 67.2ns 
273438     INFO  main            d.u.i.k.p.i.AbstractProblemLoader Creating init config 
275654     DEBUG main            d.u.i.k.p.i.AbstractProblemLoader Init config took 2.22s 
275668     INFO  main            d.u.i.k.p.i.AbstractProblemLoader Replaying proof quadraticInEq3.key 
275669     DEBUG main            d.u.i.k.p.i.IntermediateProofReplayer Proof replay took 3.2ns 
275771     INFO  main            d.u.i.k.p.r.p.TestFile    ... finished proof: closed. 
276099     INFO  main            d.u.i.k.p.i.AbstractProblemLoader Loading environment from /home/runner/work/key/key/key.core/../key.ui/examples/standard_key/inEqSimp/quadraticInEq3.key.proof 
276099     DEBUG main            d.u.i.k.p.i.AbstractProblemLoader Environment load took 83.3ns 
276100     INFO  main            d.u.i.k.p.i.AbstractProblemLoader Creating init config 
278293     DEBUG main            d.u.i.k.p.i.AbstractProblemLoader Init config took 2.19s 
278306     INFO  main            d.u.i.k.p.i.AbstractProblemLoader Replaying proof quadraticInEq3.key.proof 
278312     DEBUG main            d.u.i.k.p.i.IntermediateProofReplayer Proof replay took 5.12ms 
278313     DEBUG main            d.u.i.k.p.r.p.TestFile    ... success: reloaded. 
278314     INFO  main            d.u.i.k.p.r.p.TestFile    Now processing file /home/runner/work/key/key/key.core/../key.ui/examples/standard_key/inEqSimp/quadraticInEq4.key 
278315     INFO  main            d.u.i.k.p.i.AbstractProblemLoader Loading environment from /home/runner/work/key/key/key.core/../key.ui/examples/standard_key/inEqSimp/quadraticInEq4.key 
278315     DEBUG main            d.u.i.k.p.i.AbstractProblemLoader Environment load took 93.4ns 
278315     INFO  main            d.u.i.k.p.i.AbstractProblemLoader Creating init config 
280539     DEBUG main            d.u.i.k.p.i.AbstractProblemLoader Init config took 2.22s 
280552     INFO  main            d.u.i.k.p.i.AbstractProblemLoader Replaying proof quadraticInEq4.key 
280553     DEBUG main            d.u.i.k.p.i.IntermediateProofReplayer Proof replay took 3ns 
280656     INFO  main            d.u.i.k.p.r.p.TestFile    ... finished proof: closed. 
280987     INFO  main            d.u.i.k.p.i.AbstractProblemLoader Loading environment from /home/runner/work/key/key/key.core/../key.ui/examples/standard_key/inEqSimp/quadraticInEq4.key.proof 
280987     DEBUG main            d.u.i.k.p.i.AbstractProblemLoader Environment load took 87.1ns 
280988     INFO  main            d.u.i.k.p.i.AbstractProblemLoader Creating init config 
283178     DEBUG main            d.u.i.k.p.i.AbstractProblemLoader Init config took 2.19s 
283191     INFO  main            d.u.i.k.p.i.AbstractProblemLoader Replaying proof quadraticInEq4.key.proof 
283196     DEBUG main            d.u.i.k.p.i.IntermediateProofReplayer Proof replay took 3.86ms 
283197     DEBUG main            d.u.i.k.p.r.p.TestFile    ... success: reloaded. 
283197     INFO  main            d.u.i.k.p.r.p.TestFile    Now processing file /home/runner/work/key/key/key.core/../key.ui/examples/standard_key/inEqSimp/quadraticInEq5.key 
283198     INFO  main            d.u.i.k.p.i.AbstractProblemLoader Loading environment from /home/runner/work/key/key/key.core/../key.ui/examples/standard_key/inEqSimp/quadraticInEq5.key 
283198     DEBUG main            d.u.i.k.p.i.AbstractProblemLoader Environment load took 45.9ns 
283198     INFO  main            d.u.i.k.p.i.AbstractProblemLoader Creating init config 
285420     DEBUG main            d.u.i.k.p.i.AbstractProblemLoader Init config took 2.22s 
285433     INFO  main            d.u.i.k.p.i.AbstractProblemLoader Replaying proof quadraticInEq5.key 
285435     DEBUG main            d.u.i.k.p.i.IntermediateProofReplayer Proof replay took 3.1ns 
285536     INFO  main            d.u.i.k.p.r.p.TestFile    ... finished proof: closed. 
285887     INFO  main            d.u.i.k.p.i.AbstractProblemLoader Loading environment from /home/runner/work/key/key/key.core/../key.ui/examples/standard_key/inEqSimp/quadraticInEq5.key.proof 
285887     DEBUG main            d.u.i.k.p.i.AbstractProblemLoader Environment load took 80.9ns 
285888     INFO  main            d.u.i.k.p.i.AbstractProblemLoader Creating init config 
288074     DEBUG main            d.u.i.k.p.i.AbstractProblemLoader Init config took 2.19s 
288087     INFO  main            d.u.i.k.p.i.AbstractProblemLoader Replaying proof quadraticInEq5.key.proof 
288092     DEBUG main            d.u.i.k.p.i.IntermediateProofReplayer Proof replay took 3.97ms 
288093     DEBUG main            d.u.i.k.p.r.p.TestFile    ... success: reloaded. 
288094     INFO  main            d.u.i.k.p.r.p.TestFile    Now processing file /home/runner/work/key/key/key.core/../key.ui/examples/standard_key/inEqSimp/quadraticInEq6.key 
288094     INFO  main            d.u.i.k.p.i.AbstractProblemLoader Loading environment from /home/runner/work/key/key/key.core/../key.ui/examples/standard_key/inEqSimp/quadraticInEq6.key 
288094     DEBUG main            d.u.i.k.p.i.AbstractProblemLoader Environment load took 70.7ns 
288095     INFO  main            d.u.i.k.p.i.AbstractProblemLoader Creating init config 
290317     DEBUG main            d.u.i.k.p.i.AbstractProblemLoader Init config took 2.22s 
290329     INFO  main            d.u.i.k.p.i.AbstractProblemLoader Replaying proof quadraticInEq6.key 
290331     DEBUG main            d.u.i.k.p.i.IntermediateProofReplayer Proof replay took 3.2ns 
290432     INFO  main            d.u.i.k.p.r.p.TestFile    ... finished proof: closed. 
290766     INFO  main            d.u.i.k.p.i.AbstractProblemLoader Loading environment from /home/runner/work/key/key/key.core/../key.ui/examples/standard_key/inEqSimp/quadraticInEq6.key.proof 
290766     DEBUG main            d.u.i.k.p.i.AbstractProblemLoader Environment load took 86.8ns 
290767     INFO  main            d.u.i.k.p.i.AbstractProblemLoader Creating init config 
292955     DEBUG main            d.u.i.k.p.i.AbstractProblemLoader Init config took 2.19s 
292967     INFO  main            d.u.i.k.p.i.AbstractProblemLoader Replaying proof quadraticInEq6.key.proof 
292973     DEBUG main            d.u.i.k.p.i.IntermediateProofReplayer Proof replay took 3.67ms 
292973     DEBUG main            d.u.i.k.p.r.p.TestFile    ... success: reloaded. 
292974     INFO  main            d.u.i.k.p.r.p.TestFile    Now processing file /home/runner/work/key/key/key.core/../key.ui/examples/standard_key/inEqSimp/quadraticInEq7.key 
292974     INFO  main            d.u.i.k.p.i.AbstractProblemLoader Loading environment from /home/runner/work/key/key/key.core/../key.ui/examples/standard_key/inEqSimp/quadraticInEq7.key 
292974     DEBUG main            d.u.i.k.p.i.AbstractProblemLoader Environment load took 95.7ns 
292976     INFO  main            d.u.i.k.p.i.AbstractProblemLoader Creating init config 
295213     DEBUG main            d.u.i.k.p.i.AbstractProblemLoader Init config took 2.24s 
295225     INFO  main            d.u.i.k.p.i.AbstractProblemLoader Replaying proof quadraticInEq7.key 
295226     DEBUG main            d.u.i.k.p.i.IntermediateProofReplayer Proof replay took 3ns 
295336     INFO  main            d.u.i.k.p.r.p.TestFile    ... finished proof: closed. 
295687     INFO  main            d.u.i.k.p.i.AbstractProblemLoader Loading environment from /home/runner/work/key/key/key.core/../key.ui/examples/standard_key/inEqSimp/quadraticInEq7.key.proof 
295687     DEBUG main            d.u.i.k.p.i.AbstractProblemLoader Environment load took 84.2ns 
295688     INFO  main            d.u.i.k.p.i.AbstractProblemLoader Creating init config 
297869     DEBUG main            d.u.i.k.p.i.AbstractProblemLoader Init config took 2.18s 
297882     INFO  main            d.u.i.k.p.i.AbstractProblemLoader Replaying proof quadraticInEq7.key.proof 
297885     DEBUG main            d.u.i.k.p.i.IntermediateProofReplayer Proof replay took 1.96ms 
297886     DEBUG main            d.u.i.k.p.r.p.TestFile    ... success: reloaded. 
297887     INFO  main            d.u.i.k.p.r.p.TestFile    Now processing file /home/runner/work/key/key/key.core/../key.ui/examples/standard_key/inEqSimp/quadraticInEq8.key 
297887     INFO  main            d.u.i.k.p.i.AbstractProblemLoader Loading environment from /home/runner/work/key/key/key.core/../key.ui/examples/standard_key/inEqSimp/quadraticInEq8.key 
297887     DEBUG main            d.u.i.k.p.i.AbstractProblemLoader Environment load took 82.8ns 
297888     INFO  main            d.u.i.k.p.i.AbstractProblemLoader Creating init config 
300113     DEBUG main            d.u.i.k.p.i.AbstractProblemLoader Init config took 2.23s 
300125     INFO  main            d.u.i.k.p.i.AbstractProblemLoader Replaying proof quadraticInEq8.key 
300127     DEBUG main            d.u.i.k.p.i.IntermediateProofReplayer Proof replay took 3ns 
300230     INFO  main            d.u.i.k.p.r.p.TestFile    ... finished proof: closed. 
300587     INFO  main            d.u.i.k.p.i.AbstractProblemLoader Loading environment from /home/runner/work/key/key/key.core/../key.ui/examples/standard_key/inEqSimp/quadraticInEq8.key.proof 
300587     DEBUG main            d.u.i.k.p.i.AbstractProblemLoader Environment load took 85.1ns 
300588     INFO  main            d.u.i.k.p.i.AbstractProblemLoader Creating init config 
302777     DEBUG main            d.u.i.k.p.i.AbstractProblemLoader Init config took 2.19s 
302790     INFO  main            d.u.i.k.p.i.AbstractProblemLoader Replaying proof quadraticInEq8.key.proof 
302798     DEBUG main            d.u.i.k.p.i.IntermediateProofReplayer Proof replay took 6.2ms 
302799     DEBUG main            d.u.i.k.p.r.p.TestFile    ... success: reloaded. 
302800     INFO  main            d.u.i.k.p.r.p.TestFile    Now processing file /home/runner/work/key/key/key.core/../key.ui/examples/standard_key/inEqSimp/simplify0.key 
302800     INFO  main            d.u.i.k.p.i.AbstractProblemLoader Loading environment from /home/runner/work/key/key/key.core/../key.ui/examples/standard_key/inEqSimp/simplify0.key 
302800     DEBUG main            d.u.i.k.p.i.AbstractProblemLoader Environment load took 62.1ns 
302801     INFO  main            d.u.i.k.p.i.AbstractProblemLoader Creating init config 
305043     DEBUG main            d.u.i.k.p.i.AbstractProblemLoader Init config took 2.24s 
305056     INFO  main            d.u.i.k.p.i.AbstractProblemLoader Replaying proof simplify0.key 
305057     DEBUG main            d.u.i.k.p.i.IntermediateProofReplayer Proof replay took 2.7ns 
305159     INFO  main            d.u.i.k.p.r.p.TestFile    ... finished proof: closed. 
305522     INFO  main            d.u.i.k.p.i.AbstractProblemLoader Loading environment from /home/runner/work/key/key/key.core/../key.ui/examples/standard_key/inEqSimp/simplify0.key.proof 
305522     DEBUG main            d.u.i.k.p.i.AbstractProblemLoader Environment load took 96.9ns 
305523     INFO  main            d.u.i.k.p.i.AbstractProblemLoader Creating init config 
307710     DEBUG main            d.u.i.k.p.i.AbstractProblemLoader Init config took 2.19s 
307724     INFO  main            d.u.i.k.p.i.AbstractProblemLoader Replaying proof simplify0.key.proof 
307727     DEBUG main            d.u.i.k.p.i.IntermediateProofReplayer Proof replay took 2.23ms 
307728     DEBUG main            d.u.i.k.p.r.p.TestFile    ... success: reloaded. 
307728     INFO  main            d.u.i.k.p.r.p.TestFile    Now processing file /home/runner/work/key/key/key.core/../key.ui/examples/standard_key/inEqSimp/simplify1.key 
307729     INFO  main            d.u.i.k.p.i.AbstractProblemLoader Loading environment from /home/runner/work/key/key/key.core/../key.ui/examples/standard_key/inEqSimp/simplify1.key 
307729     DEBUG main            d.u.i.k.p.i.AbstractProblemLoader Environment load took 72.5ns 
307730     INFO  main            d.u.i.k.p.i.AbstractProblemLoader Creating init config 
309962     DEBUG main            d.u.i.k.p.i.AbstractProblemLoader Init config took 2.23s 
309974     INFO  main            d.u.i.k.p.i.AbstractProblemLoader Replaying proof simplify1.key 
309975     DEBUG main            d.u.i.k.p.i.IntermediateProofReplayer Proof replay took 2.9ns 
310077     INFO  main            d.u.i.k.p.r.p.TestFile    ... finished proof: closed. 
310445     INFO  main            d.u.i.k.p.i.AbstractProblemLoader Loading environment from /home/runner/work/key/key/key.core/../key.ui/examples/standard_key/inEqSimp/simplify1.key.proof 
310445     DEBUG main            d.u.i.k.p.i.AbstractProblemLoader Environment load took 81.8ns 
310446     INFO  main            d.u.i.k.p.i.AbstractProblemLoader Creating init config 
312627     DEBUG main            d.u.i.k.p.i.AbstractProblemLoader Init config took 2.18s 
312639     INFO  main            d.u.i.k.p.i.AbstractProblemLoader Replaying proof simplify1.key.proof 
312642     DEBUG main            d.u.i.k.p.i.IntermediateProofReplayer Proof replay took 1.09ms 
312642     DEBUG main            d.u.i.k.p.r.p.TestFile    ... success: reloaded. 
312643     INFO  main            d.u.i.k.p.r.p.TestFile    Now processing file /home/runner/work/key/key/key.core/../key.ui/examples/standard_key/inEqSimp/simplify2.key 
312643     INFO  main            d.u.i.k.p.i.AbstractProblemLoader Loading environment from /home/runner/work/key/key/key.core/../key.ui/examples/standard_key/inEqSimp/simplify2.key 
312643     DEBUG main            d.u.i.k.p.i.AbstractProblemLoader Environment load took 44.6ns 
312644     INFO  main            d.u.i.k.p.i.AbstractProblemLoader Creating init config 
314872     DEBUG main            d.u.i.k.p.i.AbstractProblemLoader Init config took 2.23s 
314885     INFO  main            d.u.i.k.p.i.AbstractProblemLoader Replaying proof simplify2.key 
314886     DEBUG main            d.u.i.k.p.i.IntermediateProofReplayer Proof replay took 3ns 
314987     INFO  main            d.u.i.k.p.r.p.TestFile    ... finished proof: closed. 
315367     INFO  main            d.u.i.k.p.i.AbstractProblemLoader Loading environment from /home/runner/work/key/key/key.core/../key.ui/examples/standard_key/inEqSimp/simplify2.key.proof 
315367     DEBUG main            d.u.i.k.p.i.AbstractProblemLoader Environment load took 89.3ns 
315368     INFO  main            d.u.i.k.p.i.AbstractProblemLoader Creating init config 
317549     DEBUG main            d.u.i.k.p.i.AbstractProblemLoader Init config took 2.18s 
317562     INFO  main            d.u.i.k.p.i.AbstractProblemLoader Replaying proof simplify2.key.proof 
317573     DEBUG main            d.u.i.k.p.i.IntermediateProofReplayer Proof replay took 9.39ms 
317574     DEBUG main            d.u.i.k.p.r.p.TestFile    ... success: reloaded. 
317575     INFO  main            d.u.i.k.p.r.p.TestFile    Now processing file /home/runner/work/key/key/key.core/../key.ui/examples/standard_key/inEqSimp/simplify3.key 
317575     INFO  main            d.u.i.k.p.i.AbstractProblemLoader Loading environment from /home/runner/work/key/key/key.core/../key.ui/examples/standard_key/inEqSimp/simplify3.key 
317575     DEBUG main            d.u.i.k.p.i.AbstractProblemLoader Environment load took 45.7ns 
317576     INFO  main            d.u.i.k.p.i.AbstractProblemLoader Creating init config 
319811     DEBUG main            d.u.i.k.p.i.AbstractProblemLoader Init config took 2.23s 
319823     INFO  main            d.u.i.k.p.i.AbstractProblemLoader Replaying proof simplify3.key 
319824     DEBUG main            d.u.i.k.p.i.IntermediateProofReplayer Proof replay took 2.8ns 
319926     INFO  main            d.u.i.k.p.r.p.TestFile    ... finished proof: closed. 
320303     INFO  main            d.u.i.k.p.i.AbstractProblemLoader Loading environment from /home/runner/work/key/key/key.core/../key.ui/examples/standard_key/inEqSimp/simplify3.key.proof 
320303     DEBUG main            d.u.i.k.p.i.AbstractProblemLoader Environment load took 83.2ns 
320304     INFO  main            d.u.i.k.p.i.AbstractProblemLoader Creating init config 
322493     DEBUG main            d.u.i.k.p.i.AbstractProblemLoader Init config took 2.19s 
322506     INFO  main            d.u.i.k.p.i.AbstractProblemLoader Replaying proof simplify3.key.proof 
322509     DEBUG main            d.u.i.k.p.i.IntermediateProofReplayer Proof replay took 1.66ms 
322509     DEBUG main            d.u.i.k.p.r.p.TestFile    ... success: reloaded. 
322510     INFO  main            d.u.i.k.p.r.p.TestFile    Now processing file /home/runner/work/key/key/key.core/../key.ui/examples/standard_key/inEqSimp/simplify4.key 
322510     INFO  main            d.u.i.k.p.i.AbstractProblemLoader Loading environment from /home/runner/work/key/key/key.core/../key.ui/examples/standard_key/inEqSimp/simplify4.key 
322510     DEBUG main            d.u.i.k.p.i.AbstractProblemLoader Environment load took 43.1ns 
322511     INFO  main            d.u.i.k.p.i.AbstractProblemLoader Creating init config 
324742     DEBUG main            d.u.i.k.p.i.AbstractProblemLoader Init config took 2.23s 
324755     INFO  main            d.u.i.k.p.i.AbstractProblemLoader Replaying proof simplify4.key 
324756     DEBUG main            d.u.i.k.p.i.IntermediateProofReplayer Proof replay took 2.5ns 
324858     INFO  main            d.u.i.k.p.r.p.TestFile    ... finished proof: closed. 
325248     INFO  main            d.u.i.k.p.i.AbstractProblemLoader Loading environment from /home/runner/work/key/key/key.core/../key.ui/examples/standard_key/inEqSimp/simplify4.key.proof 
325248     DEBUG main            d.u.i.k.p.i.AbstractProblemLoader Environment load took 82.2ns 
325249     INFO  main            d.u.i.k.p.i.AbstractProblemLoader Creating init config 
327443     DEBUG main            d.u.i.k.p.i.AbstractProblemLoader Init config took 2.19s 
327456     INFO  main            d.u.i.k.p.i.AbstractProblemLoader Replaying proof simplify4.key.proof 
327470     DEBUG main            d.u.i.k.p.i.IntermediateProofReplayer Proof replay took 11.67ms 
327471     DEBUG main            d.u.i.k.p.r.p.TestFile    ... success: reloaded. 
327471     INFO  main            d.u.i.k.p.r.p.TestFile    Now processing file /home/runner/work/key/key/key.core/../key.ui/examples/standard_key/inEqSimp/simplify5.key 
327471     INFO  main            d.u.i.k.p.i.AbstractProblemLoader Loading environment from /home/runner/work/key/key/key.core/../key.ui/examples/standard_key/inEqSimp/simplify5.key 
327471     DEBUG main            d.u.i.k.p.i.AbstractProblemLoader Environment load took 45.8ns 
327472     INFO  main            d.u.i.k.p.i.AbstractProblemLoader Creating init config 
329705     DEBUG main            d.u.i.k.p.i.AbstractProblemLoader Init config took 2.23s 
329734     INFO  main            d.u.i.k.p.i.AbstractProblemLoader Replaying proof simplify5.key 
329735     DEBUG main            d.u.i.k.p.i.IntermediateProofReplayer Proof replay took 3.2ns 
330239     INFO  main            d.u.i.k.p.r.p.TestFile    ... finished proof: closed. 
330644     INFO  main            d.u.i.k.p.i.AbstractProblemLoader Loading environment from /home/runner/work/key/key/key.core/../key.ui/examples/standard_key/inEqSimp/simplify5.key.proof 
330644     DEBUG main            d.u.i.k.p.i.AbstractProblemLoader Environment load took 83.3ns 
330646     INFO  main            d.u.i.k.p.i.AbstractProblemLoader Creating init config 
332847     DEBUG main            d.u.i.k.p.i.AbstractProblemLoader Init config took 2.2s 
332860     INFO  main            d.u.i.k.p.i.AbstractProblemLoader Replaying proof simplify5.key.proof 
332915     DEBUG main            d.u.i.k.p.i.IntermediateProofReplayer Proof replay took 49.88ms 
332916     DEBUG main            d.u.i.k.p.r.p.TestFile    ... success: reloaded. 
332922     INFO  main            d.u.i.k.p.r.p.TestFile    Now processing file /home/runner/work/key/key/key.core/../key.ui/examples/standard_key/inEqSimp/subsumptionExample.key 
332922     INFO  main            d.u.i.k.p.i.AbstractProblemLoader Loading environment from /home/runner/work/key/key/key.core/../key.ui/examples/standard_key/inEqSimp/subsumptionExample.key 
332922     DEBUG main            d.u.i.k.p.i.AbstractProblemLoader Environment load took 199.6ns 
332923     INFO  main            d.u.i.k.p.i.AbstractProblemLoader Creating init config 
335160     DEBUG main            d.u.i.k.p.i.AbstractProblemLoader Init config took 2.24s 
335173     INFO  main            d.u.i.k.p.i.AbstractProblemLoader Replaying proof subsumptionExample.key 
335173     DEBUG main            d.u.i.k.p.i.IntermediateProofReplayer Proof replay took 4ns 
335275     INFO  main            d.u.i.k.p.r.p.TestFile    ... finished proof: closed. 
335692     INFO  main            d.u.i.k.p.i.AbstractProblemLoader Loading environment from /home/runner/work/key/key/key.core/../key.ui/examples/standard_key/inEqSimp/subsumptionExample.key.proof 
335693     DEBUG main            d.u.i.k.p.i.AbstractProblemLoader Environment load took 81.6ns 
335693     INFO  main            d.u.i.k.p.i.AbstractProblemLoader Creating init config 
337890     DEBUG main            d.u.i.k.p.i.AbstractProblemLoader Init config took 2.2s 
337903     INFO  main            d.u.i.k.p.i.AbstractProblemLoader Replaying proof subsumptionExample.key.proof 
337905     DEBUG main            d.u.i.k.p.i.IntermediateProofReplayer Proof replay took 839.5ns 
337906     DEBUG main            d.u.i.k.p.r.p.TestFile    ... success: reloaded. 
337906     INFO  main            d.u.i.k.p.r.p.TestFile    Now processing file /home/runner/work/key/key/key.core/../key.ui/examples/standard_key/polySimp/simplify0.key 
337906     INFO  main            d.u.i.k.p.i.AbstractProblemLoader Loading environment from /home/runner/work/key/key/key.core/../key.ui/examples/standard_key/polySimp/simplify0.key 
337906     DEBUG main            d.u.i.k.p.i.AbstractProblemLoader Environment load took 45.4ns 
337907     INFO  main            d.u.i.k.p.i.AbstractProblemLoader Creating init config 
340159     DEBUG main            d.u.i.k.p.i.AbstractProblemLoader Init config took 2.25s 
340172     INFO  main            d.u.i.k.p.i.AbstractProblemLoader Replaying proof simplify0.key 
340173     DEBUG main            d.u.i.k.p.i.IntermediateProofReplayer Proof replay took 3.1ns 
340376     INFO  main            d.u.i.k.p.r.p.TestFile    ... finished proof: closed. 
340784     INFO  main            d.u.i.k.p.i.AbstractProblemLoader Loading environment from /home/runner/work/key/key/key.core/../key.ui/examples/standard_key/polySimp/simplify0.key.proof 
340784     DEBUG main            d.u.i.k.p.i.AbstractProblemLoader Environment load took 104.7ns 
340785     INFO  main            d.u.i.k.p.i.AbstractProblemLoader Creating init config 
342979     DEBUG main            d.u.i.k.p.i.AbstractProblemLoader Init config took 2.19s 
342993     INFO  main            d.u.i.k.p.i.AbstractProblemLoader Replaying proof simplify0.key.proof 
343009     DEBUG main            d.u.i.k.p.i.IntermediateProofReplayer Proof replay took 13.53ms 
343010     DEBUG main            d.u.i.k.p.r.p.TestFile    ... success: reloaded. 
343010     INFO  main            d.u.i.k.p.r.p.TestFile    Now processing file /home/runner/work/key/key/key.core/../key.ui/examples/standard_key/polySimp/simplify1.key 
343010     INFO  main            d.u.i.k.p.i.AbstractProblemLoader Loading environment from /home/runner/work/key/key/key.core/../key.ui/examples/standard_key/polySimp/simplify1.key 
343010     DEBUG main            d.u.i.k.p.i.AbstractProblemLoader Environment load took 99.7ns 
343011     INFO  main            d.u.i.k.p.i.AbstractProblemLoader Creating init config 
345248     DEBUG main            d.u.i.k.p.i.AbstractProblemLoader Init config took 2.24s 
345261     INFO  main            d.u.i.k.p.i.AbstractProblemLoader Replaying proof simplify1.key 
345262     DEBUG main            d.u.i.k.p.i.IntermediateProofReplayer Proof replay took 3.2ns 
345565     INFO  main            d.u.i.k.p.r.p.TestFile    ... finished proof: closed. 
345973     INFO  main            d.u.i.k.p.i.AbstractProblemLoader Loading environment from /home/runner/work/key/key/key.core/../key.ui/examples/standard_key/polySimp/simplify1.key.proof 
345973     DEBUG main            d.u.i.k.p.i.AbstractProblemLoader Environment load took 84ns 
345974     INFO  main            d.u.i.k.p.i.AbstractProblemLoader Creating init config 
348171     DEBUG main            d.u.i.k.p.i.AbstractProblemLoader Init config took 2.2s 
348186     INFO  main            d.u.i.k.p.i.AbstractProblemLoader Replaying proof simplify1.key.proof 
348207     DEBUG main            d.u.i.k.p.i.IntermediateProofReplayer Proof replay took 19.1ms 
348208     DEBUG main            d.u.i.k.p.r.p.TestFile    ... success: reloaded. 
348208     INFO  main            d.u.i.k.p.r.p.TestFile    Now processing file /home/runner/work/key/key/key.core/../key.ui/examples/standard_key/polySimp/simplify10.key 
348209     INFO  main            d.u.i.k.p.i.AbstractProblemLoader Loading environment from /home/runner/work/key/key/key.core/../key.ui/examples/standard_key/polySimp/simplify10.key 
348209     DEBUG main            d.u.i.k.p.i.AbstractProblemLoader Environment load took 44.1ns 
348210     INFO  main            d.u.i.k.p.i.AbstractProblemLoader Creating init config 
350459     DEBUG main            d.u.i.k.p.i.AbstractProblemLoader Init config took 2.25s 
350473     INFO  main            d.u.i.k.p.i.AbstractProblemLoader Replaying proof simplify10.key 
350474     DEBUG main            d.u.i.k.p.i.IntermediateProofReplayer Proof replay took 3ns 
350677     INFO  main            d.u.i.k.p.r.p.TestFile    ... finished proof: closed. 
351119     INFO  main            d.u.i.k.p.i.AbstractProblemLoader Loading environment from /home/runner/work/key/key/key.core/../key.ui/examples/standard_key/polySimp/simplify10.key.proof 
351119     DEBUG main            d.u.i.k.p.i.AbstractProblemLoader Environment load took 90.7ns 
351121     INFO  main            d.u.i.k.p.i.AbstractProblemLoader Creating init config 
353328     DEBUG main            d.u.i.k.p.i.AbstractProblemLoader Init config took 2.21s 
353343     INFO  main            d.u.i.k.p.i.AbstractProblemLoader Replaying proof simplify10.key.proof 
353372     DEBUG main            d.u.i.k.p.i.IntermediateProofReplayer Proof replay took 26.58ms 
353373     DEBUG main            d.u.i.k.p.r.p.TestFile    ... success: reloaded. 
353374     INFO  main            d.u.i.k.p.r.p.TestFile    Now processing file /home/runner/work/key/key/key.core/../key.ui/examples/standard_key/polySimp/simplify11.key 
353374     INFO  main            d.u.i.k.p.i.AbstractProblemLoader Loading environment from /home/runner/work/key/key/key.core/../key.ui/examples/standard_key/polySimp/simplify11.key 
353374     DEBUG main            d.u.i.k.p.i.AbstractProblemLoader Environment load took 50.4ns 
353375     INFO  main            d.u.i.k.p.i.AbstractProblemLoader Creating init config 
355629     DEBUG main            d.u.i.k.p.i.AbstractProblemLoader Init config took 2.25s 
355642     INFO  main            d.u.i.k.p.i.AbstractProblemLoader Replaying proof simplify11.key 
355643     DEBUG main            d.u.i.k.p.i.IntermediateProofReplayer Proof replay took 3.1ns 
355846     INFO  main            d.u.i.k.p.r.p.TestFile    ... finished proof: closed. 
356291     INFO  main            d.u.i.k.p.i.AbstractProblemLoader Loading environment from /home/runner/work/key/key/key.core/../key.ui/examples/standard_key/polySimp/simplify11.key.proof 
356291     DEBUG main            d.u.i.k.p.i.AbstractProblemLoader Environment load took 85.2ns 
356292     INFO  main            d.u.i.k.p.i.AbstractProblemLoader Creating init config 
358489     DEBUG main            d.u.i.k.p.i.AbstractProblemLoader Init config took 2.2s 
358503     INFO  main            d.u.i.k.p.i.AbstractProblemLoader Replaying proof simplify11.key.proof 
358522     DEBUG main            d.u.i.k.p.i.IntermediateProofReplayer Proof replay took 16.73ms 
358523     DEBUG main            d.u.i.k.p.r.p.TestFile    ... success: reloaded. 
358523     INFO  main            d.u.i.k.p.r.p.TestFile    Now processing file /home/runner/work/key/key/key.core/../key.ui/examples/standard_key/polySimp/simplify12.key 
358524     INFO  main            d.u.i.k.p.i.AbstractProblemLoader Loading environment from /home/runner/work/key/key/key.core/../key.ui/examples/standard_key/polySimp/simplify12.key 
358524     DEBUG main            d.u.i.k.p.i.AbstractProblemLoader Environment load took 44.1ns 
358525     INFO  main            d.u.i.k.p.i.AbstractProblemLoader Creating init config 
360765     DEBUG main            d.u.i.k.p.i.AbstractProblemLoader Init config took 2.24s 
360778     INFO  main            d.u.i.k.p.i.AbstractProblemLoader Replaying proof simplify12.key 
360779     DEBUG main            d.u.i.k.p.i.IntermediateProofReplayer Proof replay took 3.2ns 
360881     INFO  main            d.u.i.k.p.r.p.TestFile    ... finished proof: closed. 
361328     INFO  main            d.u.i.k.p.i.AbstractProblemLoader Loading environment from /home/runner/work/key/key/key.core/../key.ui/examples/standard_key/polySimp/simplify12.key.proof 
361328     DEBUG main            d.u.i.k.p.i.AbstractProblemLoader Environment load took 86.6ns 
361329     INFO  main            d.u.i.k.p.i.AbstractProblemLoader Creating init config 
363515     DEBUG main            d.u.i.k.p.i.AbstractProblemLoader Init config took 2.19s 
363528     INFO  main            d.u.i.k.p.i.AbstractProblemLoader Replaying proof simplify12.key.proof 
363537     DEBUG main            d.u.i.k.p.i.IntermediateProofReplayer Proof replay took 7.87ms 
363538     DEBUG main            d.u.i.k.p.r.p.TestFile    ... success: reloaded. 
363539     INFO  main            d.u.i.k.p.r.p.TestFile    Now processing file /home/runner/work/key/key/key.core/../key.ui/examples/standard_key/polySimp/simplify13.key 
363539     INFO  main            d.u.i.k.p.i.AbstractProblemLoader Loading environment from /home/runner/work/key/key/key.core/../key.ui/examples/standard_key/polySimp/simplify13.key 
363539     DEBUG main            d.u.i.k.p.i.AbstractProblemLoader Environment load took 112.5ns 
363540     INFO  main            d.u.i.k.p.i.AbstractProblemLoader Creating init config 
365785     DEBUG main            d.u.i.k.p.i.AbstractProblemLoader Init config took 2.25s 
365798     INFO  main            d.u.i.k.p.i.AbstractProblemLoader Replaying proof simplify13.key 
365799     DEBUG main            d.u.i.k.p.i.IntermediateProofReplayer Proof replay took 3.1ns 
365901     INFO  main            d.u.i.k.p.r.p.TestFile    ... finished proof: closed. 
366335     INFO  main            d.u.i.k.p.i.AbstractProblemLoader Loading environment from /home/runner/work/key/key/key.core/../key.ui/examples/standard_key/polySimp/simplify13.key.proof 
366336     DEBUG main            d.u.i.k.p.i.AbstractProblemLoader Environment load took 84.2ns 
366337     INFO  main            d.u.i.k.p.i.AbstractProblemLoader Creating init config 
368522     DEBUG main            d.u.i.k.p.i.AbstractProblemLoader Init config took 2.19s 
368535     INFO  main            d.u.i.k.p.i.AbstractProblemLoader Replaying proof simplify13.key.proof 
368541     DEBUG main            d.u.i.k.p.i.IntermediateProofReplayer Proof replay took 4.68ms 
368542     DEBUG main            d.u.i.k.p.r.p.TestFile    ... success: reloaded. 
368542     INFO  main            d.u.i.k.p.r.p.TestFile    Now processing file /home/runner/work/key/key/key.core/../key.ui/examples/standard_key/polySimp/simplify14.key 
368542     INFO  main            d.u.i.k.p.i.AbstractProblemLoader Loading environment from /home/runner/work/key/key/key.core/../key.ui/examples/standard_key/polySimp/simplify14.key 
368542     DEBUG main            d.u.i.k.p.i.AbstractProblemLoader Environment load took 43.8ns 
368543     INFO  main            d.u.i.k.p.i.AbstractProblemLoader Creating init config 
370787     DEBUG main            d.u.i.k.p.i.AbstractProblemLoader Init config took 2.24s 
370800     INFO  main            d.u.i.k.p.i.AbstractProblemLoader Replaying proof simplify14.key 
370801     DEBUG main            d.u.i.k.p.i.IntermediateProofReplayer Proof replay took 2.6ns 
370903     INFO  main            d.u.i.k.p.r.p.TestFile    ... finished proof: closed. 
371333     INFO  main            d.u.i.k.p.i.AbstractProblemLoader Loading environment from /home/runner/work/key/key/key.core/../key.ui/examples/standard_key/polySimp/simplify14.key.proof 
371333     DEBUG main            d.u.i.k.p.i.AbstractProblemLoader Environment load took 83ns 
371334     INFO  main            d.u.i.k.p.i.AbstractProblemLoader Creating init config 
373568     DEBUG main            d.u.i.k.p.i.AbstractProblemLoader Init config took 2.23s 
373581     INFO  main            d.u.i.k.p.i.AbstractProblemLoader Replaying proof simplify14.key.proof 
373585     DEBUG main            d.u.i.k.p.i.IntermediateProofReplayer Proof replay took 1.27ms 
373586     DEBUG main            d.u.i.k.p.r.p.TestFile    ... success: reloaded. 
373586     INFO  main            d.u.i.k.p.r.p.TestFile    Now processing file /home/runner/work/key/key/key.core/../key.ui/examples/standard_key/polySimp/simplify15.key 
373586     INFO  main            d.u.i.k.p.i.AbstractProblemLoader Loading environment from /home/runner/work/key/key/key.core/../key.ui/examples/standard_key/polySimp/simplify15.key 
373586     DEBUG main            d.u.i.k.p.i.AbstractProblemLoader Environment load took 43.3ns 
373588     INFO  main            d.u.i.k.p.i.AbstractProblemLoader Creating init config 
375827     DEBUG main            d.u.i.k.p.i.AbstractProblemLoader Init config took 2.24s 
375840     INFO  main            d.u.i.k.p.i.AbstractProblemLoader Replaying proof simplify15.key 
375841     DEBUG main            d.u.i.k.p.i.IntermediateProofReplayer Proof replay took 3.8ns 
375942     INFO  main            d.u.i.k.p.r.p.TestFile    ... finished proof: closed. 
376373     INFO  main            d.u.i.k.p.i.AbstractProblemLoader Loading environment from /home/runner/work/key/key/key.core/../key.ui/examples/standard_key/polySimp/simplify15.key.proof 
376374     DEBUG main            d.u.i.k.p.i.AbstractProblemLoader Environment load took 85.1ns 
376374     INFO  main            d.u.i.k.p.i.AbstractProblemLoader Creating init config 
378565     DEBUG main            d.u.i.k.p.i.AbstractProblemLoader Init config took 2.19s 
378578     INFO  main            d.u.i.k.p.i.AbstractProblemLoader Replaying proof simplify15.key.proof 
378580     DEBUG main            d.u.i.k.p.i.IntermediateProofReplayer Proof replay took 606.1ns 
378580     DEBUG main            d.u.i.k.p.r.p.TestFile    ... success: reloaded. 
378581     INFO  main            d.u.i.k.p.r.p.TestFile    Now processing file /home/runner/work/key/key/key.core/../key.ui/examples/standard_key/polySimp/simplify16.key 
378581     INFO  main            d.u.i.k.p.i.AbstractProblemLoader Loading environment from /home/runner/work/key/key/key.core/../key.ui/examples/standard_key/polySimp/simplify16.key 
378581     DEBUG main            d.u.i.k.p.i.AbstractProblemLoader Environment load took 62.6ns 
378582     INFO  main            d.u.i.k.p.i.AbstractProblemLoader Creating init config 
380816     DEBUG main            d.u.i.k.p.i.AbstractProblemLoader Init config took 2.23s 
380829     INFO  main            d.u.i.k.p.i.AbstractProblemLoader Replaying proof simplify16.key 
380830     DEBUG main            d.u.i.k.p.i.IntermediateProofReplayer Proof replay took 3.9ns 
380931     INFO  main            d.u.i.k.p.r.p.TestFile    ... finished proof: closed. 
381383     INFO  main            d.u.i.k.p.i.AbstractProblemLoader Loading environment from /home/runner/work/key/key/key.core/../key.ui/examples/standard_key/polySimp/simplify16.key.proof 
381383     DEBUG main            d.u.i.k.p.i.AbstractProblemLoader Environment load took 85.8ns 
381384     INFO  main            d.u.i.k.p.i.AbstractProblemLoader Creating init config 
383687     DEBUG main            d.u.i.k.p.i.AbstractProblemLoader Init config took 2.3s 
383700     INFO  main            d.u.i.k.p.i.AbstractProblemLoader Replaying proof simplify16.key.proof 
383702     DEBUG main            d.u.i.k.p.i.IntermediateProofReplayer Proof replay took 421.9ns 
383703     DEBUG main            d.u.i.k.p.r.p.TestFile    ... success: reloaded. 
383704     INFO  main            d.u.i.k.p.r.p.TestFile    Now processing file /home/runner/work/key/key/key.core/../key.ui/examples/standard_key/polySimp/simplify17.key 
383704     INFO  main            d.u.i.k.p.i.AbstractProblemLoader Loading environment from /home/runner/work/key/key/key.core/../key.ui/examples/standard_key/polySimp/simplify17.key 
383704     DEBUG main            d.u.i.k.p.i.AbstractProblemLoader Environment load took 175.6ns 
383705     INFO  main            d.u.i.k.p.i.AbstractProblemLoader Creating init config 
386043     DEBUG main            d.u.i.k.p.i.AbstractProblemLoader Init config took 2.34s 
386057     INFO  main            d.u.i.k.p.i.AbstractProblemLoader Replaying proof simplify17.key 
386058     DEBUG main            d.u.i.k.p.i.IntermediateProofReplayer Proof replay took 3.6ns 
386161     INFO  main            d.u.i.k.p.r.p.TestFile    ... finished proof: closed. 
386614     INFO  main            d.u.i.k.p.i.AbstractProblemLoader Loading environment from /home/runner/work/key/key/key.core/../key.ui/examples/standard_key/polySimp/simplify17.key.proof 
386614     DEBUG main            d.u.i.k.p.i.AbstractProblemLoader Environment load took 79.9ns 
386615     INFO  main            d.u.i.k.p.i.AbstractProblemLoader Creating init config 
388956     DEBUG main            d.u.i.k.p.i.AbstractProblemLoader Init config took 2.34s 
388971     INFO  main            d.u.i.k.p.i.AbstractProblemLoader Replaying proof simplify17.key.proof 
388980     DEBUG main            d.u.i.k.p.i.IntermediateProofReplayer Proof replay took 6.05ms 
388981     DEBUG main            d.u.i.k.p.r.p.TestFile    ... success: reloaded. 
388982     INFO  main            d.u.i.k.p.r.p.TestFile    Now processing file /home/runner/work/key/key/key.core/../key.ui/examples/standard_key/polySimp/simplify18.key 
388982     INFO  main            d.u.i.k.p.i.AbstractProblemLoader Loading environment from /home/runner/work/key/key/key.core/../key.ui/examples/standard_key/polySimp/simplify18.key 
388982     DEBUG main            d.u.i.k.p.i.AbstractProblemLoader Environment load took 185.1ns 
388983     INFO  main            d.u.i.k.p.i.AbstractProblemLoader Creating init config 
391657     DEBUG main            d.u.i.k.p.i.AbstractProblemLoader Init config took 2.67s 
391670     INFO  main            d.u.i.k.p.i.AbstractProblemLoader Replaying proof simplify18.key 
391671     DEBUG main            d.u.i.k.p.i.IntermediateProofReplayer Proof replay took 3.3ns 
391873     INFO  main            d.u.i.k.p.r.p.TestFile    ... finished proof: closed. 
392332     INFO  main            d.u.i.k.p.i.AbstractProblemLoader Loading environment from /home/runner/work/key/key/key.core/../key.ui/examples/standard_key/polySimp/simplify18.key.proof 
392332     DEBUG main            d.u.i.k.p.i.AbstractProblemLoader Environment load took 87.2ns 
392333     INFO  main            d.u.i.k.p.i.AbstractProblemLoader Creating init config 
394513     DEBUG main            d.u.i.k.p.i.AbstractProblemLoader Init config took 2.18s 
394527     INFO  main            d.u.i.k.p.i.AbstractProblemLoader Replaying proof simplify18.key.proof 
394542     DEBUG main            d.u.i.k.p.i.IntermediateProofReplayer Proof replay took 12.87ms 
394543     DEBUG main            d.u.i.k.p.r.p.TestFile    ... success: reloaded. 
394543     INFO  main            d.u.i.k.p.r.p.TestFile    Now processing file /home/runner/work/key/key/key.core/../key.ui/examples/standard_key/polySimp/simplify19.key 
394543     INFO  main            d.u.i.k.p.i.AbstractProblemLoader Loading environment from /home/runner/work/key/key/key.core/../key.ui/examples/standard_key/polySimp/simplify19.key 
394544     DEBUG main            d.u.i.k.p.i.AbstractProblemLoader Environment load took 71.9ns 
394544     INFO  main            d.u.i.k.p.i.AbstractProblemLoader Creating init config 
396742     DEBUG main            d.u.i.k.p.i.AbstractProblemLoader Init config took 2.2s 
396755     INFO  main            d.u.i.k.p.i.AbstractProblemLoader Replaying proof simplify19.key 
396756     DEBUG main            d.u.i.k.p.i.IntermediateProofReplayer Proof replay took 3.9ns 
399566     INFO  main            d.u.i.k.p.r.p.TestFile    ... finished proof: closed. 
400084     INFO  main            d.u.i.k.p.i.AbstractProblemLoader Loading environment from /home/runner/work/key/key/key.core/../key.ui/examples/standard_key/polySimp/simplify19.key.proof 
400084     DEBUG main            d.u.i.k.p.i.AbstractProblemLoader Environment load took 92.4ns 
400086     INFO  main            d.u.i.k.p.i.AbstractProblemLoader Creating init config 
402250     DEBUG main            d.u.i.k.p.i.AbstractProblemLoader Init config took 2.16s 
402263     INFO  main            d.u.i.k.p.i.AbstractProblemLoader Replaying proof simplify19.key.proof 
402497     DEBUG main            d.u.i.k.p.i.IntermediateProofReplayer Proof replay took 207.58ms 
402499     DEBUG main            d.u.i.k.p.r.p.TestFile    ... success: reloaded. 
402499     INFO  main            d.u.i.k.p.r.p.TestFile    Now processing file /home/runner/work/key/key/key.core/../key.ui/examples/standard_key/polySimp/simplify2.key 
402499     INFO  main            d.u.i.k.p.i.AbstractProblemLoader Loading environment from /home/runner/work/key/key/key.core/../key.ui/examples/standard_key/polySimp/simplify2.key 
402499     DEBUG main            d.u.i.k.p.i.AbstractProblemLoader Environment load took 63.2ns 
402500     INFO  main            d.u.i.k.p.i.AbstractProblemLoader Creating init config 
404726     DEBUG main            d.u.i.k.p.i.AbstractProblemLoader Init config took 2.23s 
404739     INFO  main            d.u.i.k.p.i.AbstractProblemLoader Replaying proof simplify2.key 
404742     DEBUG main            d.u.i.k.p.i.IntermediateProofReplayer Proof replay took 3.4ns 
404843     INFO  main            d.u.i.k.p.r.p.TestFile    ... finished proof: closed. 
405355     INFO  main            d.u.i.k.p.i.AbstractProblemLoader Loading environment from /home/runner/work/key/key/key.core/../key.ui/examples/standard_key/polySimp/simplify2.key.proof 
405355     DEBUG main            d.u.i.k.p.i.AbstractProblemLoader Environment load took 82.2ns 
405356     INFO  main            d.u.i.k.p.i.AbstractProblemLoader Creating init config 
407521     DEBUG main            d.u.i.k.p.i.AbstractProblemLoader Init config took 2.17s 
407534     INFO  main            d.u.i.k.p.i.AbstractProblemLoader Replaying proof simplify2.key.proof 
407536     DEBUG main            d.u.i.k.p.i.IntermediateProofReplayer Proof replay took 729.4ns 
407537     DEBUG main            d.u.i.k.p.r.p.TestFile    ... success: reloaded. 
407538     INFO  main            d.u.i.k.p.r.p.TestFile    Now processing file /home/runner/work/key/key/key.core/../key.ui/examples/standard_key/polySimp/simplify20.key 
407538     INFO  main            d.u.i.k.p.i.AbstractProblemLoader Loading environment from /home/runner/work/key/key/key.core/../key.ui/examples/standard_key/polySimp/simplify20.key 
407538     DEBUG main            d.u.i.k.p.i.AbstractProblemLoader Environment load took 44.7ns 
407539     INFO  main            d.u.i.k.p.i.AbstractProblemLoader Creating init config 
409732     DEBUG main            d.u.i.k.p.i.AbstractProblemLoader Init config took 2.19s 
409745     INFO  main            d.u.i.k.p.i.AbstractProblemLoader Replaying proof simplify20.key 
409746     DEBUG main            d.u.i.k.p.i.IntermediateProofReplayer Proof replay took 3.3ns 
410357     INFO  main            d.u.i.k.p.r.p.TestFile    ... finished proof: closed. 
410842     INFO  main            d.u.i.k.p.i.AbstractProblemLoader Loading environment from /home/runner/work/key/key/key.core/../key.ui/examples/standard_key/polySimp/simplify20.key.proof 
410842     DEBUG main            d.u.i.k.p.i.AbstractProblemLoader Environment load took 372.6ns 
410844     INFO  main            d.u.i.k.p.i.AbstractProblemLoader Creating init config 
413019     DEBUG main            d.u.i.k.p.i.AbstractProblemLoader Init config took 2.18s 
413032     INFO  main            d.u.i.k.p.i.AbstractProblemLoader Replaying proof simplify20.key.proof 
413092     DEBUG main            d.u.i.k.p.i.IntermediateProofReplayer Proof replay took 54.95ms 
413093     DEBUG main            d.u.i.k.p.r.p.TestFile    ... success: reloaded. 
413094     INFO  main            d.u.i.k.p.r.p.TestFile    Now processing file /home/runner/work/key/key/key.core/../key.ui/examples/standard_key/polySimp/simplify21.key 
413094     INFO  main            d.u.i.k.p.i.AbstractProblemLoader Loading environment from /home/runner/work/key/key/key.core/../key.ui/examples/standard_key/polySimp/simplify21.key 
413094     DEBUG main            d.u.i.k.p.i.AbstractProblemLoader Environment load took 79.9ns 
413097     INFO  main            d.u.i.k.p.i.AbstractProblemLoader Creating init config 
415305     DEBUG main            d.u.i.k.p.i.AbstractProblemLoader Init config took 2.21s 
415319     INFO  main            d.u.i.k.p.i.AbstractProblemLoader Replaying proof simplify21.key 
415320     DEBUG main            d.u.i.k.p.i.IntermediateProofReplayer Proof replay took 3ns 
415924     INFO  main            d.u.i.k.p.r.p.TestFile    ... finished proof: closed. 
416443     INFO  main            d.u.i.k.p.i.AbstractProblemLoader Loading environment from /home/runner/work/key/key/key.core/../key.ui/examples/standard_key/polySimp/simplify21.key.proof 
416443     DEBUG main            d.u.i.k.p.i.AbstractProblemLoader Environment load took 82.8ns 
416445     INFO  main            d.u.i.k.p.i.AbstractProblemLoader Creating init config 
418612     DEBUG main            d.u.i.k.p.i.AbstractProblemLoader Init config took 2.17s 
418628     INFO  main            d.u.i.k.p.i.AbstractProblemLoader Replaying proof simplify21.key.proof 
418674     DEBUG main            d.u.i.k.p.i.IntermediateProofReplayer Proof replay took 42.92ms 
418676     DEBUG main            d.u.i.k.p.r.p.TestFile    ... success: reloaded. 
418677     INFO  main            d.u.i.k.p.r.p.TestFile    Now processing file /home/runner/work/key/key/key.core/../key.ui/examples/standard_key/polySimp/simplify22.key 
418677     INFO  main            d.u.i.k.p.i.AbstractProblemLoader Loading environment from /home/runner/work/key/key/key.core/../key.ui/examples/standard_key/polySimp/simplify22.key 
418677     DEBUG main            d.u.i.k.p.i.AbstractProblemLoader Environment load took 44.1ns 
418678     INFO  main            d.u.i.k.p.i.AbstractProblemLoader Creating init config 
420875     DEBUG main            d.u.i.k.p.i.AbstractProblemLoader Init config took 2.2s 
420888     INFO  main            d.u.i.k.p.i.AbstractProblemLoader Replaying proof simplify22.key 
420889     DEBUG main            d.u.i.k.p.i.IntermediateProofReplayer Proof replay took 3.5ns 
420991     INFO  main            d.u.i.k.p.r.p.TestFile    ... finished proof: closed. 
421488     INFO  main            d.u.i.k.p.i.AbstractProblemLoader Loading environment from /home/runner/work/key/key/key.core/../key.ui/examples/standard_key/polySimp/simplify22.key.proof 
421488     DEBUG main            d.u.i.k.p.i.AbstractProblemLoader Environment load took 82.3ns 
421489     INFO  main            d.u.i.k.p.i.AbstractProblemLoader Creating init config 
423657     DEBUG main            d.u.i.k.p.i.AbstractProblemLoader Init config took 2.17s 
423669     INFO  main            d.u.i.k.p.i.AbstractProblemLoader Replaying proof simplify22.key.proof 
423673     DEBUG main            d.u.i.k.p.i.IntermediateProofReplayer Proof replay took 2.26ms 
423674     DEBUG main            d.u.i.k.p.r.p.TestFile    ... success: reloaded. 
423674     INFO  main            d.u.i.k.p.r.p.TestFile    Now processing file /home/runner/work/key/key/key.core/../key.ui/examples/standard_key/polySimp/simplify23.key 
423674     INFO  main            d.u.i.k.p.i.AbstractProblemLoader Loading environment from /home/runner/work/key/key/key.core/../key.ui/examples/standard_key/polySimp/simplify23.key 
423674     DEBUG main            d.u.i.k.p.i.AbstractProblemLoader Environment load took 75.3ns 
423675     INFO  main            d.u.i.k.p.i.AbstractProblemLoader Creating init config 
425869     DEBUG main            d.u.i.k.p.i.AbstractProblemLoader Init config took 2.19s 
425882     INFO  main            d.u.i.k.p.i.AbstractProblemLoader Replaying proof simplify23.key 
425883     DEBUG main            d.u.i.k.p.i.IntermediateProofReplayer Proof replay took 3.3ns 
425985     INFO  main            d.u.i.k.p.r.p.TestFile    ... finished proof: closed. 
426477     INFO  main            d.u.i.k.p.i.AbstractProblemLoader Loading environment from /home/runner/work/key/key/key.core/../key.ui/examples/standard_key/polySimp/simplify23.key.proof 
426477     DEBUG main            d.u.i.k.p.i.AbstractProblemLoader Environment load took 86ns 
426478     INFO  main            d.u.i.k.p.i.AbstractProblemLoader Creating init config 
428643     DEBUG main            d.u.i.k.p.i.AbstractProblemLoader Init config took 2.16s 
428656     INFO  main            d.u.i.k.p.i.AbstractProblemLoader Replaying proof simplify23.key.proof 
428668     DEBUG main            d.u.i.k.p.i.IntermediateProofReplayer Proof replay took 10.6ms 
428669     DEBUG main            d.u.i.k.p.r.p.TestFile    ... success: reloaded. 
428669     INFO  main            d.u.i.k.p.r.p.TestFile    Now processing file /home/runner/work/key/key/key.core/../key.ui/examples/standard_key/polySimp/simplify24.key 
428670     INFO  main            d.u.i.k.p.i.AbstractProblemLoader Loading environment from /home/runner/work/key/key/key.core/../key.ui/examples/standard_key/polySimp/simplify24.key 
428670     DEBUG main            d.u.i.k.p.i.AbstractProblemLoader Environment load took 45.7ns 
428670     INFO  main            d.u.i.k.p.i.AbstractProblemLoader Creating init config 
430870     DEBUG main            d.u.i.k.p.i.AbstractProblemLoader Init config took 2.2s 
430882     INFO  main            d.u.i.k.p.i.AbstractProblemLoader Replaying proof simplify24.key 
430883     DEBUG main            d.u.i.k.p.i.IntermediateProofReplayer Proof replay took 3.7ns 
430988     INFO  main            d.u.i.k.p.r.p.TestFile    ... finished proof: closed. 
431495     INFO  main            d.u.i.k.p.i.AbstractProblemLoader Loading environment from /home/runner/work/key/key/key.core/../key.ui/examples/standard_key/polySimp/simplify24.key.proof 
431495     DEBUG main            d.u.i.k.p.i.AbstractProblemLoader Environment load took 97.8ns 
431496     INFO  main            d.u.i.k.p.i.AbstractProblemLoader Creating init config 
433659     DEBUG main            d.u.i.k.p.i.AbstractProblemLoader Init config took 2.16s 
433671     INFO  main            d.u.i.k.p.i.AbstractProblemLoader Replaying proof simplify24.key.proof 
433675     DEBUG main            d.u.i.k.p.i.IntermediateProofReplayer Proof replay took 2.21ms 
433675     DEBUG main            d.u.i.k.p.r.p.TestFile    ... success: reloaded. 
433676     INFO  main            d.u.i.k.p.r.p.TestFile    Now processing file /home/runner/work/key/key/key.core/../key.ui/examples/standard_key/polySimp/simplify25.key 
433676     INFO  main            d.u.i.k.p.i.AbstractProblemLoader Loading environment from /home/runner/work/key/key/key.core/../key.ui/examples/standard_key/polySimp/simplify25.key 
433676     DEBUG main            d.u.i.k.p.i.AbstractProblemLoader Environment load took 59.4ns 
433677     INFO  main            d.u.i.k.p.i.AbstractProblemLoader Creating init config 
435866     DEBUG main            d.u.i.k.p.i.AbstractProblemLoader Init config took 2.19s 
435880     INFO  main            d.u.i.k.p.i.AbstractProblemLoader Replaying proof simplify25.key 
435881     DEBUG main            d.u.i.k.p.i.IntermediateProofReplayer Proof replay took 2.9ns 
435983     INFO  main            d.u.i.k.p.r.p.TestFile    ... finished proof: closed. 
436482     INFO  main            d.u.i.k.p.i.AbstractProblemLoader Loading environment from /home/runner/work/key/key/key.core/../key.ui/examples/standard_key/polySimp/simplify25.key.proof 
436482     DEBUG main            d.u.i.k.p.i.AbstractProblemLoader Environment load took 83.2ns 
436483     INFO  main            d.u.i.k.p.i.AbstractProblemLoader Creating init config 
438640     DEBUG main            d.u.i.k.p.i.AbstractProblemLoader Init config took 2.16s 
438652     INFO  main            d.u.i.k.p.i.AbstractProblemLoader Replaying proof simplify25.key.proof 
438656     DEBUG main            d.u.i.k.p.i.IntermediateProofReplayer Proof replay took 2.31ms 
438656     DEBUG main            d.u.i.k.p.r.p.TestFile    ... success: reloaded. 
438657     INFO  main            d.u.i.k.p.r.p.TestFile    Now processing file /home/runner/work/key/key/key.core/../key.ui/examples/standard_key/polySimp/simplify3.key 
438657     INFO  main            d.u.i.k.p.i.AbstractProblemLoader Loading environment from /home/runner/work/key/key/key.core/../key.ui/examples/standard_key/polySimp/simplify3.key 
438657     DEBUG main            d.u.i.k.p.i.AbstractProblemLoader Environment load took 42.3ns 
438658     INFO  main            d.u.i.k.p.i.AbstractProblemLoader Creating init config 
440846     DEBUG main            d.u.i.k.p.i.AbstractProblemLoader Init config took 2.19s 
440859     INFO  main            d.u.i.k.p.i.AbstractProblemLoader Replaying proof simplify3.key 
440860     DEBUG main            d.u.i.k.p.i.IntermediateProofReplayer Proof replay took 2.9ns 
440961     INFO  main            d.u.i.k.p.r.p.TestFile    ... finished proof: closed. 
441461     INFO  main            d.u.i.k.p.i.AbstractProblemLoader Loading environment from /home/runner/work/key/key/key.core/../key.ui/examples/standard_key/polySimp/simplify3.key.proof 
441461     DEBUG main            d.u.i.k.p.i.AbstractProblemLoader Environment load took 84.4ns 
441462     INFO  main            d.u.i.k.p.i.AbstractProblemLoader Creating init config 
443626     DEBUG main            d.u.i.k.p.i.AbstractProblemLoader Init config took 2.16s 
443639     INFO  main            d.u.i.k.p.i.AbstractProblemLoader Replaying proof simplify3.key.proof 
443641     DEBUG main            d.u.i.k.p.i.IntermediateProofReplayer Proof replay took 793.11ns 
443641     DEBUG main            d.u.i.k.p.r.p.TestFile    ... success: reloaded. 
443642     INFO  main            d.u.i.k.p.r.p.TestFile    Now processing file /home/runner/work/key/key/key.core/../key.ui/examples/standard_key/polySimp/simplify4.key 
443642     INFO  main            d.u.i.k.p.i.AbstractProblemLoader Loading environment from /home/runner/work/key/key/key.core/../key.ui/examples/standard_key/polySimp/simplify4.key 
443642     DEBUG main            d.u.i.k.p.i.AbstractProblemLoader Environment load took 43.3ns 
443643     INFO  main            d.u.i.k.p.i.AbstractProblemLoader Creating init config 
445836     DEBUG main            d.u.i.k.p.i.AbstractProblemLoader Init config took 2.19s 
445849     INFO  main            d.u.i.k.p.i.AbstractProblemLoader Replaying proof simplify4.key 
445849     DEBUG main            d.u.i.k.p.i.IntermediateProofReplayer Proof replay took 3ns 
445951     INFO  main            d.u.i.k.p.r.p.TestFile    ... finished proof: closed. 
446450     INFO  main            d.u.i.k.p.i.AbstractProblemLoader Loading environment from /home/runner/work/key/key/key.core/../key.ui/examples/standard_key/polySimp/simplify4.key.proof 
446450     DEBUG main            d.u.i.k.p.i.AbstractProblemLoader Environment load took 80.8ns 
446451     INFO  main            d.u.i.k.p.i.AbstractProblemLoader Creating init config 
448612     DEBUG main            d.u.i.k.p.i.AbstractProblemLoader Init config took 2.16s 
448624     INFO  main            d.u.i.k.p.i.AbstractProblemLoader Replaying proof simplify4.key.proof 
448626     DEBUG main            d.u.i.k.p.i.IntermediateProofReplayer Proof replay took 1.02ms 
448627     DEBUG main            d.u.i.k.p.r.p.TestFile    ... success: reloaded. 
448627     INFO  main            d.u.i.k.p.r.p.TestFile    Now processing file /home/runner/work/key/key/key.core/../key.ui/examples/standard_key/polySimp/simplify5.key 
448628     INFO  main            d.u.i.k.p.i.AbstractProblemLoader Loading environment from /home/runner/work/key/key/key.core/../key.ui/examples/standard_key/polySimp/simplify5.key 
448628     DEBUG main            d.u.i.k.p.i.AbstractProblemLoader Environment load took 62ns 
448628     INFO  main            d.u.i.k.p.i.AbstractProblemLoader Creating init config 
450826     DEBUG main            d.u.i.k.p.i.AbstractProblemLoader Init config took 2.2s 
450839     INFO  main            d.u.i.k.p.i.AbstractProblemLoader Replaying proof simplify5.key 
450840     DEBUG main            d.u.i.k.p.i.IntermediateProofReplayer Proof replay took 3.2ns 
450942     INFO  main            d.u.i.k.p.r.p.TestFile    ... finished proof: closed. 
451460     INFO  main            d.u.i.k.p.i.AbstractProblemLoader Loading environment from /home/runner/work/key/key/key.core/../key.ui/examples/standard_key/polySimp/simplify5.key.proof 
451460     DEBUG main            d.u.i.k.p.i.AbstractProblemLoader Environment load took 77.7ns 
451461     INFO  main            d.u.i.k.p.i.AbstractProblemLoader Creating init config 
453657     DEBUG main            d.u.i.k.p.i.AbstractProblemLoader Init config took 2.2s 
453670     INFO  main            d.u.i.k.p.i.AbstractProblemLoader Replaying proof simplify5.key.proof 
453677     DEBUG main            d.u.i.k.p.i.IntermediateProofReplayer Proof replay took 5.26ms 
453677     DEBUG main            d.u.i.k.p.r.p.TestFile    ... success: reloaded. 
453678     INFO  main            d.u.i.k.p.r.p.TestFile    Now processing file /home/runner/work/key/key/key.core/../key.ui/examples/standard_key/polySimp/simplify6.key 
453678     INFO  main            d.u.i.k.p.i.AbstractProblemLoader Loading environment from /home/runner/work/key/key/key.core/../key.ui/examples/standard_key/polySimp/simplify6.key 
453678     DEBUG main            d.u.i.k.p.i.AbstractProblemLoader Environment load took 41.4ns 
453679     INFO  main            d.u.i.k.p.i.AbstractProblemLoader Creating init config 
455872     DEBUG main            d.u.i.k.p.i.AbstractProblemLoader Init config took 2.19s 
455885     INFO  main            d.u.i.k.p.i.AbstractProblemLoader Replaying proof simplify6.key 
455887     DEBUG main            d.u.i.k.p.i.IntermediateProofReplayer Proof replay took 3ns 
455988     INFO  main            d.u.i.k.p.r.p.TestFile    ... finished proof: closed. 
456519     INFO  main            d.u.i.k.p.i.AbstractProblemLoader Loading environment from /home/runner/work/key/key/key.core/../key.ui/examples/standard_key/polySimp/simplify6.key.proof 
456519     DEBUG main            d.u.i.k.p.i.AbstractProblemLoader Environment load took 79.7ns 
456520     INFO  main            d.u.i.k.p.i.AbstractProblemLoader Creating init config 
458675     DEBUG main            d.u.i.k.p.i.AbstractProblemLoader Init config took 2.16s 
458689     INFO  main            d.u.i.k.p.i.AbstractProblemLoader Replaying proof simplify6.key.proof 
458690     DEBUG main            d.u.i.k.p.i.IntermediateProofReplayer Proof replay took 326.2ns 
458691     DEBUG main            d.u.i.k.p.r.p.TestFile    ... success: reloaded. 
458691     INFO  main            d.u.i.k.p.r.p.TestFile    Now processing file /home/runner/work/key/key/key.core/../key.ui/examples/standard_key/polySimp/simplify7.key 
458691     INFO  main            d.u.i.k.p.i.AbstractProblemLoader Loading environment from /home/runner/work/key/key/key.core/../key.ui/examples/standard_key/polySimp/simplify7.key 
458691     DEBUG main            d.u.i.k.p.i.AbstractProblemLoader Environment load took 42.8ns 
458692     INFO  main            d.u.i.k.p.i.AbstractProblemLoader Creating init config 
460880     DEBUG main            d.u.i.k.p.i.AbstractProblemLoader Init config took 2.19s 
460893     INFO  main            d.u.i.k.p.i.AbstractProblemLoader Replaying proof simplify7.key 
460894     DEBUG main            d.u.i.k.p.i.IntermediateProofReplayer Proof replay took 3.2ns 
460996     INFO  main            d.u.i.k.p.r.p.TestFile    ... finished proof: closed. 
461528     INFO  main            d.u.i.k.p.i.AbstractProblemLoader Loading environment from /home/runner/work/key/key/key.core/../key.ui/examples/standard_key/polySimp/simplify7.key.proof 
461528     DEBUG main            d.u.i.k.p.i.AbstractProblemLoader Environment load took 82.5ns 
461529     INFO  main            d.u.i.k.p.i.AbstractProblemLoader Creating init config 
463688     DEBUG main            d.u.i.k.p.i.AbstractProblemLoader Init config took 2.16s 
463701     INFO  main            d.u.i.k.p.i.AbstractProblemLoader Replaying proof simplify7.key.proof 
463703     DEBUG main            d.u.i.k.p.i.IntermediateProofReplayer Proof replay took 575.7ns 
463704     DEBUG main            d.u.i.k.p.r.p.TestFile    ... success: reloaded. 
463704     INFO  main            d.u.i.k.p.r.p.TestFile    Now processing file /home/runner/work/key/key/key.core/../key.ui/examples/standard_key/polySimp/simplify8.key 
463704     INFO  main            d.u.i.k.p.i.AbstractProblemLoader Loading environment from /home/runner/work/key/key/key.core/../key.ui/examples/standard_key/polySimp/simplify8.key 
463704     DEBUG main            d.u.i.k.p.i.AbstractProblemLoader Environment load took 41.3ns 
463707     INFO  main            d.u.i.k.p.i.AbstractProblemLoader Creating init config 
465897     DEBUG main            d.u.i.k.p.i.AbstractProblemLoader Init config took 2.19s 
465910     INFO  main            d.u.i.k.p.i.AbstractProblemLoader Replaying proof simplify8.key 
465911     DEBUG main            d.u.i.k.p.i.IntermediateProofReplayer Proof replay took 3.4ns 
469496     INFO  main            d.u.i.k.p.r.p.TestFile    ... finished proof: closed. 
470046     INFO  main            d.u.i.k.p.i.AbstractProblemLoader Loading environment from /home/runner/work/key/key/key.core/../key.ui/examples/standard_key/polySimp/simplify8.key.proof 
470046     DEBUG main            d.u.i.k.p.i.AbstractProblemLoader Environment load took 84.9ns 
470049     INFO  main            d.u.i.k.p.i.AbstractProblemLoader Creating init config 
472227     DEBUG main            d.u.i.k.p.i.AbstractProblemLoader Init config took 2.18s 
472243     INFO  main            d.u.i.k.p.i.AbstractProblemLoader Replaying proof simplify8.key.proof 
472409     DEBUG main            d.u.i.k.p.i.IntermediateProofReplayer Proof replay took 161.4ms 
472411     DEBUG main            d.u.i.k.p.r.p.TestFile    ... success: reloaded. 
472412     INFO  main            d.u.i.k.p.r.p.TestFile    Now processing file /home/runner/work/key/key/key.core/../key.ui/examples/standard_key/polySimp/simplify9.key 
472412     INFO  main            d.u.i.k.p.i.AbstractProblemLoader Loading environment from /home/runner/work/key/key/key.core/../key.ui/examples/standard_key/polySimp/simplify9.key 
472412     DEBUG main            d.u.i.k.p.i.AbstractProblemLoader Environment load took 44.5ns 
472413     INFO  main            d.u.i.k.p.i.AbstractProblemLoader Creating init config 
474633     DEBUG main            d.u.i.k.p.i.AbstractProblemLoader Init config took 2.22s 
474646     INFO  main            d.u.i.k.p.i.AbstractProblemLoader Replaying proof simplify9.key 
474647     DEBUG main            d.u.i.k.p.i.IntermediateProofReplayer Proof replay took 3.2ns 
474849     INFO  main            d.u.i.k.p.r.p.TestFile    ... finished proof: closed. 
475440     INFO  main            d.u.i.k.p.i.AbstractProblemLoader Loading environment from /home/runner/work/key/key/key.core/../key.ui/examples/standard_key/polySimp/simplify9.key.proof 
475440     DEBUG main            d.u.i.k.p.i.AbstractProblemLoader Environment load took 94ns 
475441     INFO  main            d.u.i.k.p.i.AbstractProblemLoader Creating init config 
477619     DEBUG main            d.u.i.k.p.i.AbstractProblemLoader Init config took 2.18s 
477633     INFO  main            d.u.i.k.p.i.AbstractProblemLoader Replaying proof simplify9.key.proof 
477644     DEBUG main            d.u.i.k.p.i.IntermediateProofReplayer Proof replay took 8.69ms 
477645     DEBUG main            d.u.i.k.p.r.p.TestFile    ... success: reloaded. 
2817857    INFO  Test worker     d.u.i.k.p.r.RunAllProofsTestUnit Returning from test arithmetic 
2817858    INFO  Test worker     d.u.i.k.p.r.RunAllProofsTestUnit Running test arrays 
328        INFO  Timeout watchdog d.u.i.k.p.r.p.ForkedTestFileRunner Timeout watcher launched (2000 secs.) 
338        WARN  main            d.u.i.k.s.ProofSettings   The settings in /home/runner/.key/proof-settings.props are *not* read. 
383        INFO  main            d.u.i.k.p.r.p.TestFile    Now processing file /home/runner/work/key/key/key.core/../key.ui/examples/standard_key/arrays/arrayStoreException/array2DimPrim.key 
494        INFO  main            d.u.i.k.p.i.AbstractProblemLoader Loading environment from /home/runner/work/key/key/key.core/../key.ui/examples/standard_key/arrays/arrayStoreException/array2DimPrim.key 
520        DEBUG main            d.u.i.k.p.i.AbstractProblemLoader Environment load took 2.07ms 
769        INFO  main            d.u.i.k.p.i.AbstractProblemLoader Creating init config 
1720       DEBUG main            d.u.i.k.j.TypeConverter   No LDT found for Meta 
1721       DEBUG main            d.u.i.k.j.TypeConverter   No LDT found for Meta 
1725       DEBUG main            d.u.i.k.j.TypeConverter   No LDT found for Meta 
1725       DEBUG main            d.u.i.k.j.TypeConverter   No LDT found for Meta 
3099       DEBUG main            d.u.i.k.j.TypeConverter   No LDT found for JavaBigintExpression 
7754       DEBUG main            d.u.i.k.p.i.AbstractProblemLoader Init config took 6.99s 
7845       INFO  main            d.u.i.k.p.i.AbstractProblemLoader Replaying proof array2DimPrim.key 
7883       DEBUG main            d.u.i.k.p.i.IntermediateProofReplayer Proof replay took 36.3ns 
11552      INFO  main            d.u.i.k.p.r.p.TestFile    ... finished proof: closed. 
11751      INFO  main            d.u.i.k.p.i.AbstractProblemLoader Loading environment from /home/runner/work/key/key/key.core/../key.ui/examples/standard_key/arrays/arrayStoreException/array2DimPrim.key.proof 
11751      DEBUG main            d.u.i.k.p.i.AbstractProblemLoader Environment load took 472.31ns 
11758      INFO  main            d.u.i.k.p.i.AbstractProblemLoader Creating init config 
14508      DEBUG main            d.u.i.k.p.i.AbstractProblemLoader Init config took 2.75s 
14542      INFO  main            d.u.i.k.p.i.AbstractProblemLoader Replaying proof array2DimPrim.key.proof 
15101      DEBUG main            d.u.i.k.p.i.IntermediateProofReplayer Proof replay took 534.66ms 
15113      DEBUG main            d.u.i.k.p.r.p.TestFile    ... success: reloaded. 
15115      INFO  main            d.u.i.k.p.r.p.TestFile    Now processing file /home/runner/work/key/key/key.core/../key.ui/examples/standard_key/arrays/arrayStoreException/arrayStoreKnownDynType.key 
15116      INFO  main            d.u.i.k.p.i.AbstractProblemLoader Loading environment from /home/runner/work/key/key/key.core/../key.ui/examples/standard_key/arrays/arrayStoreException/arrayStoreKnownDynType.key 
15116      DEBUG main            d.u.i.k.p.i.AbstractProblemLoader Environment load took 217.7ns 
15118      INFO  main            d.u.i.k.p.i.AbstractProblemLoader Creating init config 
17812      DEBUG main            d.u.i.k.p.i.AbstractProblemLoader Init config took 2.69s 
17839      INFO  main            d.u.i.k.p.i.AbstractProblemLoader Replaying proof arrayStoreKnownDynType.key 
17842      DEBUG main            d.u.i.k.p.i.IntermediateProofReplayer Proof replay took 6.7ns 
18045      INFO  main            d.u.i.k.p.r.p.TestFile    ... finished proof: closed. 
18281      INFO  main            d.u.i.k.p.i.AbstractProblemLoader Loading environment from /home/runner/work/key/key/key.core/../key.ui/examples/standard_key/arrays/arrayStoreException/arrayStoreKnownDynType.key.proof 
18281      DEBUG main            d.u.i.k.p.i.AbstractProblemLoader Environment load took 133.3ns 
18283      INFO  main            d.u.i.k.p.i.AbstractProblemLoader Creating init config 
20722      DEBUG main            d.u.i.k.p.i.AbstractProblemLoader Init config took 2.44s 
20746      INFO  main            d.u.i.k.p.i.AbstractProblemLoader Replaying proof arrayStoreKnownDynType.key.proof 
20789      DEBUG main            d.u.i.k.p.i.IntermediateProofReplayer Proof replay took 38.85ms 
20790      DEBUG main            d.u.i.k.p.r.p.TestFile    ... success: reloaded. 
20792      INFO  main            d.u.i.k.p.r.p.TestFile    Now processing file /home/runner/work/key/key/key.core/../key.ui/examples/standard_key/arrays/arrayStoreException/reverseArray.key 
20792      INFO  main            d.u.i.k.p.i.AbstractProblemLoader Loading environment from /home/runner/work/key/key/key.core/../key.ui/examples/standard_key/arrays/arrayStoreException/reverseArray.key 
20792      DEBUG main            d.u.i.k.p.i.AbstractProblemLoader Environment load took 243.9ns 
20794      INFO  main            d.u.i.k.p.i.AbstractProblemLoader Creating init config 
23297      DEBUG main            d.u.i.k.p.i.AbstractProblemLoader Init config took 2.5s 
23320      INFO  main            d.u.i.k.p.i.AbstractProblemLoader Replaying proof reverseArray.key 
23322      DEBUG main            d.u.i.k.p.i.IntermediateProofReplayer Proof replay took 6.2ns 
23929      INFO  main            d.u.i.k.p.r.p.TestFile    ... finished proof: closed. 
24071      INFO  main            d.u.i.k.p.i.AbstractProblemLoader Loading environment from /home/runner/work/key/key/key.core/../key.ui/examples/standard_key/arrays/arrayStoreException/reverseArray.key.proof 
24072      DEBUG main            d.u.i.k.p.i.AbstractProblemLoader Environment load took 422.71ns 
24073      INFO  main            d.u.i.k.p.i.AbstractProblemLoader Creating init config 
26561      DEBUG main            d.u.i.k.p.i.AbstractProblemLoader Init config took 2.49s 
26583      INFO  main            d.u.i.k.p.i.AbstractProblemLoader Replaying proof reverseArray.key.proof 
26720      DEBUG main            d.u.i.k.p.i.IntermediateProofReplayer Proof replay took 130.95ms 
26722      DEBUG main            d.u.i.k.p.r.p.TestFile    ... success: reloaded. 
26723      INFO  main            d.u.i.k.p.r.p.TestFile    Now processing file /home/runner/work/key/key/key.core/../key.ui/examples/standard_key/arrays/arrayStoreException/throwArrayStoreException.key 
26724      INFO  main            d.u.i.k.p.i.AbstractProblemLoader Loading environment from /home/runner/work/key/key/key.core/../key.ui/examples/standard_key/arrays/arrayStoreException/throwArrayStoreException.key 
26724      DEBUG main            d.u.i.k.p.i.AbstractProblemLoader Environment load took 214.2ns 
26725      INFO  main            d.u.i.k.p.i.AbstractProblemLoader Creating init config 
29203      DEBUG main            d.u.i.k.p.i.AbstractProblemLoader Init config took 2.48s 
29227      INFO  main            d.u.i.k.p.i.AbstractProblemLoader Replaying proof throwArrayStoreException.key 
29231      DEBUG main            d.u.i.k.p.i.IntermediateProofReplayer Proof replay took 6.6ns 
29635      INFO  main            d.u.i.k.p.r.p.TestFile    ... finished proof: closed. 
29821      INFO  main            d.u.i.k.p.i.AbstractProblemLoader Loading environment from /home/runner/work/key/key/key.core/../key.ui/examples/standard_key/arrays/arrayStoreException/throwArrayStoreException.key.proof 
29822      DEBUG main            d.u.i.k.p.i.AbstractProblemLoader Environment load took 1.02ms 
29824      INFO  main            d.u.i.k.p.i.AbstractProblemLoader Creating init config 
32286      DEBUG main            d.u.i.k.p.i.AbstractProblemLoader Init config took 2.46s 
32307      INFO  main            d.u.i.k.p.i.AbstractProblemLoader Replaying proof throwArrayStoreException.key.proof 
32392      DEBUG main            d.u.i.k.p.i.IntermediateProofReplayer Proof replay took 80.37ms 
32394      DEBUG main            d.u.i.k.p.r.p.TestFile    ... success: reloaded. 
32395      INFO  main            d.u.i.k.p.r.p.TestFile    Now processing file /home/runner/work/key/key/key.core/../key.ui/examples/standard_key/arrays/creation/arrayCreation1.key 
32395      INFO  main            d.u.i.k.p.i.AbstractProblemLoader Loading environment from /home/runner/work/key/key/key.core/../key.ui/examples/standard_key/arrays/creation/arrayCreation1.key 
32395      DEBUG main            d.u.i.k.p.i.AbstractProblemLoader Environment load took 199.3ns 
32396      INFO  main            d.u.i.k.p.i.AbstractProblemLoader Creating init config 
34794      DEBUG main            d.u.i.k.p.i.AbstractProblemLoader Init config took 2.4s 
34814      INFO  main            d.u.i.k.p.i.AbstractProblemLoader Replaying proof arrayCreation1.key 
34816      DEBUG main            d.u.i.k.p.i.IntermediateProofReplayer Proof replay took 6.6ns 
35020      INFO  main            d.u.i.k.p.r.p.TestFile    ... finished proof: closed. 
35184      INFO  main            d.u.i.k.p.i.AbstractProblemLoader Loading environment from /home/runner/work/key/key/key.core/../key.ui/examples/standard_key/arrays/creation/arrayCreation1.key.proof 
35184      DEBUG main            d.u.i.k.p.i.AbstractProblemLoader Environment load took 125.8ns 
35186      INFO  main            d.u.i.k.p.i.AbstractProblemLoader Creating init config 
37535      DEBUG main            d.u.i.k.p.i.AbstractProblemLoader Init config took 2.35s 
37555      INFO  main            d.u.i.k.p.i.AbstractProblemLoader Replaying proof arrayCreation1.key.proof 
37581      DEBUG main            d.u.i.k.p.i.IntermediateProofReplayer Proof replay took 22.33ms 
37582      DEBUG main            d.u.i.k.p.r.p.TestFile    ... success: reloaded. 
37583      INFO  main            d.u.i.k.p.r.p.TestFile    Now processing file /home/runner/work/key/key/key.core/../key.ui/examples/standard_key/arrays/arrayStoreException/array2Dim.key 
37583      INFO  main            d.u.i.k.p.i.AbstractProblemLoader Loading environment from /home/runner/work/key/key/key.core/../key.ui/examples/standard_key/arrays/arrayStoreException/array2Dim.key 
37583      DEBUG main            d.u.i.k.p.i.AbstractProblemLoader Environment load took 215.6ns 
37585      INFO  main            d.u.i.k.p.i.AbstractProblemLoader Creating init config 
40053      DEBUG main            d.u.i.k.p.i.AbstractProblemLoader Init config took 2.47s 
40088      INFO  main            d.u.i.k.p.i.AbstractProblemLoader Replaying proof array2Dim.key 
40090      DEBUG main            d.u.i.k.p.i.IntermediateProofReplayer Proof replay took 6.4ns 
43341      INFO  main            d.u.i.k.p.r.p.TestFile    ... finished proof: open goal(s) 
43611      INFO  main            d.u.i.k.p.r.p.TestFile    Now processing file /home/runner/work/key/key/key.core/../key.ui/examples/standard_key/arrays/arrayStoreException/array2DimClose.key 
43612      INFO  main            d.u.i.k.p.i.AbstractProblemLoader Loading environment from /home/runner/work/key/key/key.core/../key.ui/examples/standard_key/arrays/arrayStoreException/array2DimClose.key 
43612      DEBUG main            d.u.i.k.p.i.AbstractProblemLoader Environment load took 78.8ns 
43615      INFO  main            d.u.i.k.p.i.AbstractProblemLoader Creating init config 
46006      DEBUG main            d.u.i.k.p.i.AbstractProblemLoader Init config took 2.39s 
46032      INFO  main            d.u.i.k.p.i.AbstractProblemLoader Replaying proof array2DimClose.key 
46036      DEBUG main            d.u.i.k.p.i.IntermediateProofReplayer Proof replay took 11.9ns 
48261      INFO  main            d.u.i.k.p.r.p.TestFile    ... finished proof: open goal(s) 
48621      INFO  main            d.u.i.k.p.r.p.TestFile    Now processing file /home/runner/work/key/key/key.core/../key.ui/examples/standard_key/arrays/arrayStoreException/throwASEForPrim.key 
48621      INFO  main            d.u.i.k.p.i.AbstractProblemLoader Loading environment from /home/runner/work/key/key/key.core/../key.ui/examples/standard_key/arrays/arrayStoreException/throwASEForPrim.key 
48621      DEBUG main            d.u.i.k.p.i.AbstractProblemLoader Environment load took 64.4ns 
48622      INFO  main            d.u.i.k.p.i.AbstractProblemLoader Creating init config 
50957      DEBUG main            d.u.i.k.p.i.AbstractProblemLoader Init config took 2.34s 
50978      INFO  main            d.u.i.k.p.i.AbstractProblemLoader Replaying proof throwASEForPrim.key 
50979      DEBUG main            d.u.i.k.p.i.IntermediateProofReplayer Proof replay took 6.4ns 
55118      INFO  main            d.u.i.k.p.r.p.TestFile    ... finished proof: open goal(s) 
2873483    INFO  Test worker     d.u.i.k.p.r.RunAllProofsTestUnit Returning from test arrays 
2873484    INFO  Test worker     d.u.i.k.p.r.RunAllProofsTestUnit Running test javadl 
385        INFO  Timeout watchdog d.u.i.k.p.r.p.ForkedTestFileRunner Timeout watcher launched (2000 secs.) 
416        WARN  main            d.u.i.k.s.ProofSettings   The settings in /home/runner/.key/proof-settings.props are *not* read. 
445        INFO  main            d.u.i.k.p.r.p.TestFile    Now processing file /home/runner/work/key/key/key.core/../key.ui/examples/standard_key/instanceCreation/instanceCreation1.key 
560        INFO  main            d.u.i.k.p.i.AbstractProblemLoader Loading environment from /home/runner/work/key/key/key.core/../key.ui/examples/standard_key/instanceCreation/instanceCreation1.key 
576        DEBUG main            d.u.i.k.p.i.AbstractProblemLoader Environment load took 2.17ms 
813        INFO  main            d.u.i.k.p.i.AbstractProblemLoader Creating init config 
1739       DEBUG main            d.u.i.k.j.TypeConverter   No LDT found for Meta 
1739       DEBUG main            d.u.i.k.j.TypeConverter   No LDT found for Meta 
1741       DEBUG main            d.u.i.k.j.TypeConverter   No LDT found for Meta 
1741       DEBUG main            d.u.i.k.j.TypeConverter   No LDT found for Meta 
3286       DEBUG main            d.u.i.k.j.TypeConverter   No LDT found for JavaBigintExpression 
8082       DEBUG main            d.u.i.k.p.i.AbstractProblemLoader Init config took 7.27s 
8142       INFO  main            d.u.i.k.p.i.AbstractProblemLoader Replaying proof instanceCreation1.key 
8174       DEBUG main            d.u.i.k.p.i.IntermediateProofReplayer Proof replay took 32.1ns 
9125       INFO  main            d.u.i.k.p.r.p.TestFile    ... finished proof: closed. 
9245       INFO  main            d.u.i.k.p.i.AbstractProblemLoader Loading environment from /home/runner/work/key/key/key.core/../key.ui/examples/standard_key/instanceCreation/instanceCreation1.key.proof 
9249       DEBUG main            d.u.i.k.p.i.AbstractProblemLoader Environment load took 3.95ms 
9256       INFO  main            d.u.i.k.p.i.AbstractProblemLoader Creating init config 
11976      DEBUG main            d.u.i.k.p.i.AbstractProblemLoader Init config took 2.72s 
12015      INFO  main            d.u.i.k.p.i.AbstractProblemLoader Replaying proof instanceCreation1.key.proof 
12125      DEBUG main            d.u.i.k.p.i.IntermediateProofReplayer Proof replay took 102.91ms 
12137      DEBUG main            d.u.i.k.p.r.p.TestFile    ... success: reloaded. 
12143      INFO  main            d.u.i.k.p.r.p.TestFile    Now processing file /home/runner/work/key/key/key.core/../key.ui/examples/standard_key/instanceCreation/instanceCreation2.key 
12153      INFO  main            d.u.i.k.p.i.AbstractProblemLoader Loading environment from /home/runner/work/key/key/key.core/../key.ui/examples/standard_key/instanceCreation/instanceCreation2.key 
12153      DEBUG main            d.u.i.k.p.i.AbstractProblemLoader Environment load took 312.2ns 
12158      INFO  main            d.u.i.k.p.i.AbstractProblemLoader Creating init config 
14823      DEBUG main            d.u.i.k.p.i.AbstractProblemLoader Init config took 2.67s 
14853      INFO  main            d.u.i.k.p.i.AbstractProblemLoader Replaying proof instanceCreation2.key 
14856      DEBUG main            d.u.i.k.p.i.IntermediateProofReplayer Proof replay took 6.2ns 
15466      INFO  main            d.u.i.k.p.r.p.TestFile    ... finished proof: closed. 
15643      INFO  main            d.u.i.k.p.i.AbstractProblemLoader Loading environment from /home/runner/work/key/key/key.core/../key.ui/examples/standard_key/instanceCreation/instanceCreation2.key.proof 
15648      DEBUG main            d.u.i.k.p.i.AbstractProblemLoader Environment load took 4.28ms 
15650      INFO  main            d.u.i.k.p.i.AbstractProblemLoader Creating init config 
18200      DEBUG main            d.u.i.k.p.i.AbstractProblemLoader Init config took 2.55s 
18236      INFO  main            d.u.i.k.p.i.AbstractProblemLoader Replaying proof instanceCreation2.key.proof 
18346      DEBUG main            d.u.i.k.p.i.IntermediateProofReplayer Proof replay took 104.15ms 
18348      DEBUG main            d.u.i.k.p.r.p.TestFile    ... success: reloaded. 
18349      INFO  main            d.u.i.k.p.r.p.TestFile    Now processing file /home/runner/work/key/key/key.core/../key.ui/examples/standard_key/instanceCreation/interfacesAndAbstractClassesHaveNoInstances.key 
18349      INFO  main            d.u.i.k.p.i.AbstractProblemLoader Loading environment from /home/runner/work/key/key/key.core/../key.ui/examples/standard_key/instanceCreation/interfacesAndAbstractClassesHaveNoInstances.key 
18349      DEBUG main            d.u.i.k.p.i.AbstractProblemLoader Environment load took 208.9ns 
18351      INFO  main            d.u.i.k.p.i.AbstractProblemLoader Creating init config 
20846      DEBUG main            d.u.i.k.p.i.AbstractProblemLoader Init config took 2.49s 
20869      INFO  main            d.u.i.k.p.i.AbstractProblemLoader Replaying proof interfacesAndAbstractClassesHaveNoInstances.key 
20871      DEBUG main            d.u.i.k.p.i.IntermediateProofReplayer Proof replay took 6.4ns 
20974      INFO  main            d.u.i.k.p.r.p.TestFile    ... finished proof: closed. 
21128      INFO  main            d.u.i.k.p.i.AbstractProblemLoader Loading environment from /home/runner/work/key/key/key.core/../key.ui/examples/standard_key/instanceCreation/interfacesAndAbstractClassesHaveNoInstances.key.proof 
21128      DEBUG main            d.u.i.k.p.i.AbstractProblemLoader Environment load took 123ns 
21129      INFO  main            d.u.i.k.p.i.AbstractProblemLoader Creating init config 
23587      DEBUG main            d.u.i.k.p.i.AbstractProblemLoader Init config took 2.46s 
23607      INFO  main            d.u.i.k.p.i.AbstractProblemLoader Replaying proof interfacesAndAbstractClassesHaveNoInstances.key.proof 
23610      DEBUG main            d.u.i.k.p.i.IntermediateProofReplayer Proof replay took 1.25ms 
23611      DEBUG main            d.u.i.k.p.r.p.TestFile    ... success: reloaded. 
23612      INFO  main            d.u.i.k.p.r.p.TestFile    Now processing file /home/runner/work/key/key/key.core/../key.ui/examples/standard_key/instanceCreation/successiveCreatedObjectsAreDistinct.key 
23613      INFO  main            d.u.i.k.p.i.AbstractProblemLoader Loading environment from /home/runner/work/key/key/key.core/../key.ui/examples/standard_key/instanceCreation/successiveCreatedObjectsAreDistinct.key 
23613      DEBUG main            d.u.i.k.p.i.AbstractProblemLoader Environment load took 223.4ns 
23614      INFO  main            d.u.i.k.p.i.AbstractProblemLoader Creating init config 
26068      DEBUG main            d.u.i.k.p.i.AbstractProblemLoader Init config took 2.45s 
26090      INFO  main            d.u.i.k.p.i.AbstractProblemLoader Replaying proof successiveCreatedObjectsAreDistinct.key 
26092      DEBUG main            d.u.i.k.p.i.IntermediateProofReplayer Proof replay took 6ns 
26395      INFO  main            d.u.i.k.p.r.p.TestFile    ... finished proof: closed. 
26597      INFO  main            d.u.i.k.p.i.AbstractProblemLoader Loading environment from /home/runner/work/key/key/key.core/../key.ui/examples/standard_key/instanceCreation/successiveCreatedObjectsAreDistinct.key.proof 
26598      DEBUG main            d.u.i.k.p.i.AbstractProblemLoader Environment load took 699.71ns 
26599      INFO  main            d.u.i.k.p.i.AbstractProblemLoader Creating init config 
29008      DEBUG main            d.u.i.k.p.i.AbstractProblemLoader Init config took 2.41s 
29029      INFO  main            d.u.i.k.p.i.AbstractProblemLoader Replaying proof successiveCreatedObjectsAreDistinct.key.proof 
29083      DEBUG main            d.u.i.k.p.i.IntermediateProofReplayer Proof replay took 50.96ms 
29085      DEBUG main            d.u.i.k.p.r.p.TestFile    ... success: reloaded. 
29086      INFO  main            d.u.i.k.p.r.p.TestFile    Now processing file /home/runner/work/key/key/key.core/../key.ui/examples/standard_key/instanceCreation/testOverloadingConstructors.key 
29086      INFO  main            d.u.i.k.p.i.AbstractProblemLoader Loading environment from /home/runner/work/key/key/key.core/../key.ui/examples/standard_key/instanceCreation/testOverloadingConstructors.key 
29087      DEBUG main            d.u.i.k.p.i.AbstractProblemLoader Environment load took 204.9ns 
29088      INFO  main            d.u.i.k.p.i.AbstractProblemLoader Creating init config 
31571      DEBUG main            d.u.i.k.p.i.AbstractProblemLoader Init config took 2.48s 
31593      INFO  main            d.u.i.k.p.i.AbstractProblemLoader Replaying proof testOverloadingConstructors.key 
31595      DEBUG main            d.u.i.k.p.i.IntermediateProofReplayer Proof replay took 6.4ns 
31900      INFO  main            d.u.i.k.p.r.p.TestFile    ... finished proof: closed. 
32066      INFO  main            d.u.i.k.p.i.AbstractProblemLoader Loading environment from /home/runner/work/key/key/key.core/../key.ui/examples/standard_key/instanceCreation/testOverloadingConstructors.key.proof 
32067      DEBUG main            d.u.i.k.p.i.AbstractProblemLoader Environment load took 1.17ms 
32068      INFO  main            d.u.i.k.p.i.AbstractProblemLoader Creating init config 
34482      DEBUG main            d.u.i.k.p.i.AbstractProblemLoader Init config took 2.41s 
34502      INFO  main            d.u.i.k.p.i.AbstractProblemLoader Replaying proof testOverloadingConstructors.key.proof 
34555      DEBUG main            d.u.i.k.p.i.IntermediateProofReplayer Proof replay took 49.79ms 
34556      DEBUG main            d.u.i.k.p.r.p.TestFile    ... success: reloaded. 
34558      INFO  main            d.u.i.k.p.r.p.TestFile    Now processing file /home/runner/work/key/key/key.core/../key.ui/examples/standard_key/java_dl/SimpleAttributes.key 
34558      INFO  main            d.u.i.k.p.i.AbstractProblemLoader Loading environment from /home/runner/work/key/key/key.core/../key.ui/examples/standard_key/java_dl/SimpleAttributes.key 
34558      DEBUG main            d.u.i.k.p.i.AbstractProblemLoader Environment load took 227.8ns 
34559      INFO  main            d.u.i.k.p.i.AbstractProblemLoader Creating init config 
36970      DEBUG main            d.u.i.k.p.i.AbstractProblemLoader Init config took 2.41s 
36991      INFO  main            d.u.i.k.p.i.AbstractProblemLoader Replaying proof SimpleAttributes.key 
36993      DEBUG main            d.u.i.k.p.i.IntermediateProofReplayer Proof replay took 6.5ns 
37097      INFO  main            d.u.i.k.p.r.p.TestFile    ... finished proof: closed. 
37269      INFO  main            d.u.i.k.p.i.AbstractProblemLoader Loading environment from /home/runner/work/key/key/key.core/../key.ui/examples/standard_key/java_dl/SimpleAttributes.key.proof 
37269      DEBUG main            d.u.i.k.p.i.AbstractProblemLoader Environment load took 420.3ns 
37270      INFO  main            d.u.i.k.p.i.AbstractProblemLoader Creating init config 
39612      DEBUG main            d.u.i.k.p.i.AbstractProblemLoader Init config took 2.34s 
39633      INFO  main            d.u.i.k.p.i.AbstractProblemLoader Replaying proof SimpleAttributes.key.proof 
39657      DEBUG main            d.u.i.k.p.i.IntermediateProofReplayer Proof replay took 21.64ms 
39658      DEBUG main            d.u.i.k.p.r.p.TestFile    ... success: reloaded. 
39659      INFO  main            d.u.i.k.p.r.p.TestFile    Now processing file /home/runner/work/key/key/key.core/../key.ui/examples/standard_key/java_dl/arrayMax.key 
39660      INFO  main            d.u.i.k.p.i.AbstractProblemLoader Loading environment from /home/runner/work/key/key/key.core/../key.ui/examples/standard_key/java_dl/arrayMax.key 
39660      DEBUG main            d.u.i.k.p.i.AbstractProblemLoader Environment load took 209.3ns 
39663      INFO  main            d.u.i.k.p.i.AbstractProblemLoader Creating init config 
42050      DEBUG main            d.u.i.k.p.i.AbstractProblemLoader Init config took 2.39s 
42072      INFO  main            d.u.i.k.p.i.AbstractProblemLoader Replaying proof arrayMax.key 
42074      DEBUG main            d.u.i.k.p.i.IntermediateProofReplayer Proof replay took 6.6ns 
43394      INFO  main            d.u.i.k.p.r.p.TestFile    ... finished proof: closed. 
43685      INFO  main            d.u.i.k.p.i.AbstractProblemLoader Loading environment from /home/runner/work/key/key/key.core/../key.ui/examples/standard_key/java_dl/arrayMax.key.proof 
43686      DEBUG main            d.u.i.k.p.i.AbstractProblemLoader Environment load took 1.68ms 
43688      INFO  main            d.u.i.k.p.i.AbstractProblemLoader Creating init config 
46092      DEBUG main            d.u.i.k.p.i.AbstractProblemLoader Init config took 2.4s 
46112      INFO  main            d.u.i.k.p.i.AbstractProblemLoader Replaying proof arrayMax.key.proof 
46355      DEBUG main            d.u.i.k.p.i.IntermediateProofReplayer Proof replay took 235.93ms 
46357      DEBUG main            d.u.i.k.p.r.p.TestFile    ... success: reloaded. 
46358      INFO  main            d.u.i.k.p.r.p.TestFile    Now processing file /home/runner/work/key/key/key.core/../key.ui/examples/standard_key/java_dl/arrayUpdateSimp.key 
46358      INFO  main            d.u.i.k.p.i.AbstractProblemLoader Loading environment from /home/runner/work/key/key/key.core/../key.ui/examples/standard_key/java_dl/arrayUpdateSimp.key 
46358      DEBUG main            d.u.i.k.p.i.AbstractProblemLoader Environment load took 103ns 
46360      INFO  main            d.u.i.k.p.i.AbstractProblemLoader Creating init config 
46384      WARN  main            d.u.i.k.j.r.KeYCrossReferenceNameInfo Datatype java.io.InputStream declared twice: Once in FILE:/home/runner/work/key/key/key.core/../key.ui/examples/standard_key/java_dl/./classpath/InputStream.java and once in URL:file:/home/runner/work/key/key/key.core/build/resources/main/de/uka/ilkd/key/java/JavaRedux/java/io/InputStream.java, Keeping one from URL:file:/home/runner/work/key/key/key.core/build/resources/main/de/uka/ilkd/key/java/JavaRedux/java/io/InputStream.java 
46384      WARN  main            d.u.i.k.j.r.KeYCrossReferenceNameInfo Datatype java.lang.System declared twice: Once in FILE:/home/runner/work/key/key/key.core/../key.ui/examples/standard_key/java_dl/./classpath/System.java and once in URL:file:/home/runner/work/key/key/key.core/build/resources/main/de/uka/ilkd/key/java/JavaRedux/java/lang/System.java, Keeping one from URL:file:/home/runner/work/key/key/key.core/build/resources/main/de/uka/ilkd/key/java/JavaRedux/java/lang/System.java 
46384      WARN  main            d.u.i.k.j.r.KeYCrossReferenceNameInfo Datatype java.io.PrintStream declared twice: Once in FILE:/home/runner/work/key/key/key.core/../key.ui/examples/standard_key/java_dl/./classpath/PrintStream.java and once in URL:file:/home/runner/work/key/key/key.core/build/resources/main/de/uka/ilkd/key/java/JavaRedux/java/io/PrintStream.java, Keeping one from URL:file:/home/runner/work/key/key/key.core/build/resources/main/de/uka/ilkd/key/java/JavaRedux/java/io/PrintStream.java 
46390      DEBUG main            d.u.i.k.j.r.ClassFileDeclarationBuilder Parsing: package java.io; public class Closeable { } 
46390      DEBUG main            r.s.KeYCrossReferenceSourceInfo Dynamically created class: java.io.Closeable 
48745      DEBUG main            d.u.i.k.p.i.AbstractProblemLoader Init config took 2.38s 
48769      INFO  main            d.u.i.k.p.i.AbstractProblemLoader Replaying proof arrayUpdateSimp.key 
48771      DEBUG main            d.u.i.k.p.i.IntermediateProofReplayer Proof replay took 6.5ns 
48874      INFO  main            d.u.i.k.p.r.p.TestFile    ... finished proof: closed. 
49104      INFO  main            d.u.i.k.p.i.AbstractProblemLoader Loading environment from /home/runner/work/key/key/key.core/../key.ui/examples/standard_key/java_dl/arrayUpdateSimp.key.proof 
49104      DEBUG main            d.u.i.k.p.i.AbstractProblemLoader Environment load took 123.8ns 
49109      INFO  main            d.u.i.k.p.i.AbstractProblemLoader Creating init config 
49132      WARN  main            d.u.i.k.j.r.KeYCrossReferenceNameInfo Datatype java.io.InputStream declared twice: Once in FILE:/home/runner/work/key/key/key.core/../key.ui/examples/standard_key/java_dl/classpath/InputStream.java and once in URL:file:/home/runner/work/key/key/key.core/build/resources/main/de/uka/ilkd/key/java/JavaRedux/java/io/InputStream.java, Keeping one from URL:file:/home/runner/work/key/key/key.core/build/resources/main/de/uka/ilkd/key/java/JavaRedux/java/io/InputStream.java 
49132      WARN  main            d.u.i.k.j.r.KeYCrossReferenceNameInfo Datatype java.lang.System declared twice: Once in FILE:/home/runner/work/key/key/key.core/../key.ui/examples/standard_key/java_dl/classpath/System.java and once in URL:file:/home/runner/work/key/key/key.core/build/resources/main/de/uka/ilkd/key/java/JavaRedux/java/lang/System.java, Keeping one from URL:file:/home/runner/work/key/key/key.core/build/resources/main/de/uka/ilkd/key/java/JavaRedux/java/lang/System.java 
49132      WARN  main            d.u.i.k.j.r.KeYCrossReferenceNameInfo Datatype java.io.PrintStream declared twice: Once in FILE:/home/runner/work/key/key/key.core/../key.ui/examples/standard_key/java_dl/classpath/PrintStream.java and once in URL:file:/home/runner/work/key/key/key.core/build/resources/main/de/uka/ilkd/key/java/JavaRedux/java/io/PrintStream.java, Keeping one from URL:file:/home/runner/work/key/key/key.core/build/resources/main/de/uka/ilkd/key/java/JavaRedux/java/io/PrintStream.java 
49136      DEBUG main            d.u.i.k.j.r.ClassFileDeclarationBuilder Parsing: package java.io; public class Closeable { } 
49136      DEBUG main            r.s.KeYCrossReferenceSourceInfo Dynamically created class: java.io.Closeable 
51544      DEBUG main            d.u.i.k.p.i.AbstractProblemLoader Init config took 2.44s 
51567      INFO  main            d.u.i.k.p.i.AbstractProblemLoader Replaying proof arrayUpdateSimp.key.proof 
51569      DEBUG main            d.u.i.k.p.i.IntermediateProofReplayer Proof replay took 623.01ns 
51571      DEBUG main            d.u.i.k.p.r.p.TestFile    ... success: reloaded. 
51572      INFO  main            d.u.i.k.p.r.p.TestFile    Now processing file /home/runner/work/key/key/key.core/../key.ui/examples/standard_key/java_dl/attributes.key 
51572      INFO  main            d.u.i.k.p.i.AbstractProblemLoader Loading environment from /home/runner/work/key/key/key.core/../key.ui/examples/standard_key/java_dl/attributes.key 
51572      DEBUG main            d.u.i.k.p.i.AbstractProblemLoader Environment load took 193.9ns 
51573      INFO  main            d.u.i.k.p.i.AbstractProblemLoader Creating init config 
53972      DEBUG main            d.u.i.k.p.i.AbstractProblemLoader Init config took 2.4s 
53993      INFO  main            d.u.i.k.p.i.AbstractProblemLoader Replaying proof attributes.key 
53996      DEBUG main            d.u.i.k.p.i.IntermediateProofReplayer Proof replay took 7.1ns 
54198      INFO  main            d.u.i.k.p.r.p.TestFile    ... finished proof: closed. 
54398      INFO  main            d.u.i.k.p.i.AbstractProblemLoader Loading environment from /home/runner/work/key/key/key.core/../key.ui/examples/standard_key/java_dl/attributes.key.proof 
54399      DEBUG main            d.u.i.k.p.i.AbstractProblemLoader Environment load took 126.1ns 
54400      INFO  main            d.u.i.k.p.i.AbstractProblemLoader Creating init config 
56735      DEBUG main            d.u.i.k.p.i.AbstractProblemLoader Init config took 2.34s 
56755      INFO  main            d.u.i.k.p.i.AbstractProblemLoader Replaying proof attributes.key.proof 
56795      DEBUG main            d.u.i.k.p.i.IntermediateProofReplayer Proof replay took 37.64ms 
56796      DEBUG main            d.u.i.k.p.r.p.TestFile    ... success: reloaded. 
56797      INFO  main            d.u.i.k.p.r.p.TestFile    Now processing file /home/runner/work/key/key/key.core/../key.ui/examples/standard_key/java_dl/break.key 
56797      INFO  main            d.u.i.k.p.i.AbstractProblemLoader Loading environment from /home/runner/work/key/key/key.core/../key.ui/examples/standard_key/java_dl/break.key 
56797      DEBUG main            d.u.i.k.p.i.AbstractProblemLoader Environment load took 75.6ns 
56799      INFO  main            d.u.i.k.p.i.AbstractProblemLoader Creating init config 
56822      WARN  main            d.u.i.k.j.r.KeYCrossReferenceNameInfo Datatype java.io.InputStream declared twice: Once in FILE:/home/runner/work/key/key/key.core/../key.ui/examples/standard_key/java_dl/classpath/InputStream.java and once in URL:file:/home/runner/work/key/key/key.core/build/resources/main/de/uka/ilkd/key/java/JavaRedux/java/io/InputStream.java, Keeping one from URL:file:/home/runner/work/key/key/key.core/build/resources/main/de/uka/ilkd/key/java/JavaRedux/java/io/InputStream.java 
56822      WARN  main            d.u.i.k.j.r.KeYCrossReferenceNameInfo Datatype java.lang.System declared twice: Once in FILE:/home/runner/work/key/key/key.core/../key.ui/examples/standard_key/java_dl/classpath/System.java and once in URL:file:/home/runner/work/key/key/key.core/build/resources/main/de/uka/ilkd/key/java/JavaRedux/java/lang/System.java, Keeping one from URL:file:/home/runner/work/key/key/key.core/build/resources/main/de/uka/ilkd/key/java/JavaRedux/java/lang/System.java 
56822      WARN  main            d.u.i.k.j.r.KeYCrossReferenceNameInfo Datatype java.io.PrintStream declared twice: Once in FILE:/home/runner/work/key/key/key.core/../key.ui/examples/standard_key/java_dl/classpath/PrintStream.java and once in URL:file:/home/runner/work/key/key/key.core/build/resources/main/de/uka/ilkd/key/java/JavaRedux/java/io/PrintStream.java, Keeping one from URL:file:/home/runner/work/key/key/key.core/build/resources/main/de/uka/ilkd/key/java/JavaRedux/java/io/PrintStream.java 
56825      DEBUG main            d.u.i.k.j.r.ClassFileDeclarationBuilder Parsing: package java.io; public class Closeable { } 
56826      DEBUG main            r.s.KeYCrossReferenceSourceInfo Dynamically created class: java.io.Closeable 
59282      DEBUG main            d.u.i.k.p.i.AbstractProblemLoader Init config took 2.48s 
59302      INFO  main            d.u.i.k.p.i.AbstractProblemLoader Replaying proof break.key 
59303      DEBUG main            d.u.i.k.p.i.IntermediateProofReplayer Proof replay took 6.7ns 
59406      INFO  main            d.u.i.k.p.r.p.TestFile    ... finished proof: closed. 
59659      INFO  main            d.u.i.k.p.i.AbstractProblemLoader Loading environment from /home/runner/work/key/key/key.core/../key.ui/examples/standard_key/java_dl/break.key.proof 
59659      DEBUG main            d.u.i.k.p.i.AbstractProblemLoader Environment load took 124.3ns 
59660      INFO  main            d.u.i.k.p.i.AbstractProblemLoader Creating init config 
59683      WARN  main            d.u.i.k.j.r.KeYCrossReferenceNameInfo Datatype java.io.InputStream declared twice: Once in FILE:/home/runner/work/key/key/key.core/../key.ui/examples/standard_key/java_dl/classpath/InputStream.java and once in URL:file:/home/runner/work/key/key/key.core/build/resources/main/de/uka/ilkd/key/java/JavaRedux/java/io/InputStream.java, Keeping one from URL:file:/home/runner/work/key/key/key.core/build/resources/main/de/uka/ilkd/key/java/JavaRedux/java/io/InputStream.java 
59683      WARN  main            d.u.i.k.j.r.KeYCrossReferenceNameInfo Datatype java.lang.System declared twice: Once in FILE:/home/runner/work/key/key/key.core/../key.ui/examples/standard_key/java_dl/classpath/System.java and once in URL:file:/home/runner/work/key/key/key.core/build/resources/main/de/uka/ilkd/key/java/JavaRedux/java/lang/System.java, Keeping one from URL:file:/home/runner/work/key/key/key.core/build/resources/main/de/uka/ilkd/key/java/JavaRedux/java/lang/System.java 
59683      WARN  main            d.u.i.k.j.r.KeYCrossReferenceNameInfo Datatype java.io.PrintStream declared twice: Once in FILE:/home/runner/work/key/key/key.core/../key.ui/examples/standard_key/java_dl/classpath/PrintStream.java and once in URL:file:/home/runner/work/key/key/key.core/build/resources/main/de/uka/ilkd/key/java/JavaRedux/java/io/PrintStream.java, Keeping one from URL:file:/home/runner/work/key/key/key.core/build/resources/main/de/uka/ilkd/key/java/JavaRedux/java/io/PrintStream.java 
59686      DEBUG main            d.u.i.k.j.r.ClassFileDeclarationBuilder Parsing: package java.io; public class Closeable { } 
59687      DEBUG main            r.s.KeYCrossReferenceSourceInfo Dynamically created class: java.io.Closeable 
61973      DEBUG main            d.u.i.k.p.i.AbstractProblemLoader Init config took 2.31s 
61991      INFO  main            d.u.i.k.p.i.AbstractProblemLoader Replaying proof break.key.proof 
62000      DEBUG main            d.u.i.k.p.i.IntermediateProofReplayer Proof replay took 7.23ms 
62001      DEBUG main            d.u.i.k.p.r.p.TestFile    ... success: reloaded. 
62002      INFO  main            d.u.i.k.p.r.p.TestFile    Now processing file /home/runner/work/key/key/key.core/../key.ui/examples/standard_key/java_dl/char.key 
62002      INFO  main            d.u.i.k.p.i.AbstractProblemLoader Loading environment from /home/runner/work/key/key/key.core/../key.ui/examples/standard_key/java_dl/char.key 
62003      DEBUG main            d.u.i.k.p.i.AbstractProblemLoader Environment load took 193.1ns 
62004      INFO  main            d.u.i.k.p.i.AbstractProblemLoader Creating init config 
64365      DEBUG main            d.u.i.k.p.i.AbstractProblemLoader Init config took 2.36s 
64384      INFO  main            d.u.i.k.p.i.AbstractProblemLoader Replaying proof char.key 
64385      DEBUG main            d.u.i.k.p.i.IntermediateProofReplayer Proof replay took 6.1ns 
64498      INFO  main            d.u.i.k.p.r.p.TestFile    ... finished proof: closed. 
64692      INFO  main            d.u.i.k.p.i.AbstractProblemLoader Loading environment from /home/runner/work/key/key/key.core/../key.ui/examples/standard_key/java_dl/char.key.proof 
64692      DEBUG main            d.u.i.k.p.i.AbstractProblemLoader Environment load took 137.9ns 
64693      INFO  main            d.u.i.k.p.i.AbstractProblemLoader Creating init config 
66930      DEBUG main            d.u.i.k.p.i.AbstractProblemLoader Init config took 2.24s 
66949      INFO  main            d.u.i.k.p.i.AbstractProblemLoader Replaying proof char.key.proof 
66953      DEBUG main            d.u.i.k.p.i.IntermediateProofReplayer Proof replay took 2.41ms 
66954      DEBUG main            d.u.i.k.p.r.p.TestFile    ... success: reloaded. 
66955      INFO  main            d.u.i.k.p.r.p.TestFile    Now processing file /home/runner/work/key/key/key.core/../key.ui/examples/standard_key/java_dl/compileTimeConstants.key 
66955      INFO  main            d.u.i.k.p.i.AbstractProblemLoader Loading environment from /home/runner/work/key/key/key.core/../key.ui/examples/standard_key/java_dl/compileTimeConstants.key 
66955      DEBUG main            d.u.i.k.p.i.AbstractProblemLoader Environment load took 200.7ns 
66956      INFO  main            d.u.i.k.p.i.AbstractProblemLoader Creating init config 
69353      DEBUG main            d.u.i.k.p.i.AbstractProblemLoader Init config took 2.4s 
69370      INFO  main            d.u.i.k.p.i.AbstractProblemLoader Replaying proof compileTimeConstants.key 
69371      DEBUG main            d.u.i.k.p.i.IntermediateProofReplayer Proof replay took 6.3ns 
69473      INFO  main            d.u.i.k.p.r.p.TestFile    ... finished proof: closed. 
69717      INFO  main            d.u.i.k.p.i.AbstractProblemLoader Loading environment from /home/runner/work/key/key/key.core/../key.ui/examples/standard_key/java_dl/compileTimeConstants.key.proof 
69718      DEBUG main            d.u.i.k.p.i.AbstractProblemLoader Environment load took 123.6ns 
69719      INFO  main            d.u.i.k.p.i.AbstractProblemLoader Creating init config 
72043      DEBUG main            d.u.i.k.p.i.AbstractProblemLoader Init config took 2.32s 
72062      INFO  main            d.u.i.k.p.i.AbstractProblemLoader Replaying proof compileTimeConstants.key.proof 
72077      DEBUG main            d.u.i.k.p.i.IntermediateProofReplayer Proof replay took 12.58ms 
72078      DEBUG main            d.u.i.k.p.r.p.TestFile    ... success: reloaded. 
72078      INFO  main            d.u.i.k.p.r.p.TestFile    Now processing file /home/runner/work/key/key/key.core/../key.ui/examples/standard_key/java_dl/constructorException/test.key 
72078      INFO  main            d.u.i.k.p.i.AbstractProblemLoader Loading environment from /home/runner/work/key/key/key.core/../key.ui/examples/standard_key/java_dl/constructorException/test.key 
72079      DEBUG main            d.u.i.k.p.i.AbstractProblemLoader Environment load took 98.9ns 
72079      INFO  main            d.u.i.k.p.i.AbstractProblemLoader Creating init config 
74445      DEBUG main            d.u.i.k.p.i.AbstractProblemLoader Init config took 2.37s 
74508      INFO  main            d.u.i.k.p.i.AbstractProblemLoader Replaying proof Test[Test::Test(int)].JML operation contract.0 
74509      DEBUG main            d.u.i.k.p.i.IntermediateProofReplayer Proof replay took 6.6ns 
74715      INFO  main            d.u.i.k.p.r.p.TestFile    ... finished proof: closed. 
74926      INFO  main            d.u.i.k.p.i.AbstractProblemLoader Loading environment from /home/runner/work/key/key/key.core/../key.ui/examples/standard_key/java_dl/constructorException/test.key.proof 
74926      DEBUG main            d.u.i.k.p.i.AbstractProblemLoader Environment load took 131.3ns 
74927      INFO  main            d.u.i.k.p.i.AbstractProblemLoader Creating init config 
77236      DEBUG main            d.u.i.k.p.i.AbstractProblemLoader Init config took 2.31s 
77279      INFO  main            d.u.i.k.p.i.AbstractProblemLoader Replaying proof Test[Test::Test(int)].JML operation contract.0 
77331      DEBUG main            d.u.i.k.p.i.IntermediateProofReplayer Proof replay took 49.88ms 
77333      DEBUG main            d.u.i.k.p.r.p.TestFile    ... success: reloaded. 
77333      INFO  main            d.u.i.k.p.r.p.TestFile    Now processing file /home/runner/work/key/key/key.core/../key.ui/examples/standard_key/java_dl/constructorException/regressionTestBug1333.key 
77334      INFO  main            d.u.i.k.p.i.AbstractProblemLoader Loading environment from /home/runner/work/key/key/key.core/../key.ui/examples/standard_key/java_dl/constructorException/regressionTestBug1333.key 
77334      DEBUG main            d.u.i.k.p.i.AbstractProblemLoader Environment load took 233ns 
77335      INFO  main            d.u.i.k.p.i.AbstractProblemLoader Creating init config 
79746      DEBUG main            d.u.i.k.p.i.AbstractProblemLoader Init config took 2.41s 
79786      INFO  main            d.u.i.k.p.i.AbstractProblemLoader Replaying proof False[False::False()].JML normal_behavior operation contract.0 
79789      DEBUG main            d.u.i.k.p.i.IntermediateProofReplayer Proof replay took 7.1ns 
79891      INFO  main            d.u.i.k.p.r.p.TestFile    ... finished proof: open goal(s) 
80140      INFO  main            d.u.i.k.p.r.p.TestFile    Now processing file /home/runner/work/key/key/key.core/../key.ui/examples/standard_key/java_dl/continue1.key 
80149      INFO  main            d.u.i.k.p.i.AbstractProblemLoader Loading environment from /home/runner/work/key/key/key.core/../key.ui/examples/standard_key/java_dl/continue1.key 
80149      DEBUG main            d.u.i.k.p.i.AbstractProblemLoader Environment load took 144.2ns 
80150      INFO  main            d.u.i.k.p.i.AbstractProblemLoader Creating init config 
80189      WARN  main            d.u.i.k.j.r.KeYCrossReferenceNameInfo Datatype java.io.InputStream declared twice: Once in FILE:/home/runner/work/key/key/key.core/../key.ui/examples/standard_key/java_dl/classpath/InputStream.java and once in URL:file:/home/runner/work/key/key/key.core/build/resources/main/de/uka/ilkd/key/java/JavaRedux/java/io/InputStream.java, Keeping one from URL:file:/home/runner/work/key/key/key.core/build/resources/main/de/uka/ilkd/key/java/JavaRedux/java/io/InputStream.java 
80189      WARN  main            d.u.i.k.j.r.KeYCrossReferenceNameInfo Datatype java.lang.System declared twice: Once in FILE:/home/runner/work/key/key/key.core/../key.ui/examples/standard_key/java_dl/classpath/System.java and once in URL:file:/home/runner/work/key/key/key.core/build/resources/main/de/uka/ilkd/key/java/JavaRedux/java/lang/System.java, Keeping one from URL:file:/home/runner/work/key/key/key.core/build/resources/main/de/uka/ilkd/key/java/JavaRedux/java/lang/System.java 
80189      WARN  main            d.u.i.k.j.r.KeYCrossReferenceNameInfo Datatype java.io.PrintStream declared twice: Once in FILE:/home/runner/work/key/key/key.core/../key.ui/examples/standard_key/java_dl/classpath/PrintStream.java and once in URL:file:/home/runner/work/key/key/key.core/build/resources/main/de/uka/ilkd/key/java/JavaRedux/java/io/PrintStream.java, Keeping one from URL:file:/home/runner/work/key/key/key.core/build/resources/main/de/uka/ilkd/key/java/JavaRedux/java/io/PrintStream.java 
80192      DEBUG main            d.u.i.k.j.r.ClassFileDeclarationBuilder Parsing: package java.io; public class Closeable { } 
80193      DEBUG main            r.s.KeYCrossReferenceSourceInfo Dynamically created class: java.io.Closeable 
82548      DEBUG main            d.u.i.k.p.i.AbstractProblemLoader Init config took 2.4s 
82569      INFO  main            d.u.i.k.p.i.AbstractProblemLoader Replaying proof continue1.key 
82571      DEBUG main            d.u.i.k.p.i.IntermediateProofReplayer Proof replay took 7.7ns 
82674      INFO  main            d.u.i.k.p.r.p.TestFile    ... finished proof: closed. 
82882      INFO  main            d.u.i.k.p.i.AbstractProblemLoader Loading environment from /home/runner/work/key/key/key.core/../key.ui/examples/standard_key/java_dl/continue1.key.proof 
82882      DEBUG main            d.u.i.k.p.i.AbstractProblemLoader Environment load took 429.01ns 
82883      INFO  main            d.u.i.k.p.i.AbstractProblemLoader Creating init config 
82906      WARN  main            d.u.i.k.j.r.KeYCrossReferenceNameInfo Datatype java.io.InputStream declared twice: Once in FILE:/home/runner/work/key/key/key.core/../key.ui/examples/standard_key/java_dl/classpath/InputStream.java and once in URL:file:/home/runner/work/key/key/key.core/build/resources/main/de/uka/ilkd/key/java/JavaRedux/java/io/InputStream.java, Keeping one from URL:file:/home/runner/work/key/key/key.core/build/resources/main/de/uka/ilkd/key/java/JavaRedux/java/io/InputStream.java 
82906      WARN  main            d.u.i.k.j.r.KeYCrossReferenceNameInfo Datatype java.lang.System declared twice: Once in FILE:/home/runner/work/key/key/key.core/../key.ui/examples/standard_key/java_dl/classpath/System.java and once in URL:file:/home/runner/work/key/key/key.core/build/resources/main/de/uka/ilkd/key/java/JavaRedux/java/lang/System.java, Keeping one from URL:file:/home/runner/work/key/key/key.core/build/resources/main/de/uka/ilkd/key/java/JavaRedux/java/lang/System.java 
82907      WARN  main            d.u.i.k.j.r.KeYCrossReferenceNameInfo Datatype java.io.PrintStream declared twice: Once in FILE:/home/runner/work/key/key/key.core/../key.ui/examples/standard_key/java_dl/classpath/PrintStream.java and once in URL:file:/home/runner/work/key/key/key.core/build/resources/main/de/uka/ilkd/key/java/JavaRedux/java/io/PrintStream.java, Keeping one from URL:file:/home/runner/work/key/key/key.core/build/resources/main/de/uka/ilkd/key/java/JavaRedux/java/io/PrintStream.java 
82910      DEBUG main            d.u.i.k.j.r.ClassFileDeclarationBuilder Parsing: package java.io; public class Closeable { } 
82910      DEBUG main            r.s.KeYCrossReferenceSourceInfo Dynamically created class: java.io.Closeable 
85233      DEBUG main            d.u.i.k.p.i.AbstractProblemLoader Init config took 2.35s 
85249      INFO  main            d.u.i.k.p.i.AbstractProblemLoader Replaying proof continue1.key.proof 
85269      DEBUG main            d.u.i.k.p.i.IntermediateProofReplayer Proof replay took 17.56ms 
85271      DEBUG main            d.u.i.k.p.r.p.TestFile    ... success: reloaded. 
85272      INFO  main            d.u.i.k.p.r.p.TestFile    Now processing file /home/runner/work/key/key/key.core/../key.ui/examples/standard_key/java_dl/continue2.key 
85272      INFO  main            d.u.i.k.p.i.AbstractProblemLoader Loading environment from /home/runner/work/key/key/key.core/../key.ui/examples/standard_key/java_dl/continue2.key 
85273      DEBUG main            d.u.i.k.p.i.AbstractProblemLoader Environment load took 202.9ns 
85274      INFO  main            d.u.i.k.p.i.AbstractProblemLoader Creating init config 
85295      WARN  main            d.u.i.k.j.r.KeYCrossReferenceNameInfo Datatype java.io.InputStream declared twice: Once in FILE:/home/runner/work/key/key/key.core/../key.ui/examples/standard_key/java_dl/classpath/InputStream.java and once in URL:file:/home/runner/work/key/key/key.core/build/resources/main/de/uka/ilkd/key/java/JavaRedux/java/io/InputStream.java, Keeping one from URL:file:/home/runner/work/key/key/key.core/build/resources/main/de/uka/ilkd/key/java/JavaRedux/java/io/InputStream.java 
85295      WARN  main            d.u.i.k.j.r.KeYCrossReferenceNameInfo Datatype java.lang.System declared twice: Once in FILE:/home/runner/work/key/key/key.core/../key.ui/examples/standard_key/java_dl/classpath/System.java and once in URL:file:/home/runner/work/key/key/key.core/build/resources/main/de/uka/ilkd/key/java/JavaRedux/java/lang/System.java, Keeping one from URL:file:/home/runner/work/key/key/key.core/build/resources/main/de/uka/ilkd/key/java/JavaRedux/java/lang/System.java 
85295      WARN  main            d.u.i.k.j.r.KeYCrossReferenceNameInfo Datatype java.io.PrintStream declared twice: Once in FILE:/home/runner/work/key/key/key.core/../key.ui/examples/standard_key/java_dl/classpath/PrintStream.java and once in URL:file:/home/runner/work/key/key/key.core/build/resources/main/de/uka/ilkd/key/java/JavaRedux/java/io/PrintStream.java, Keeping one from URL:file:/home/runner/work/key/key/key.core/build/resources/main/de/uka/ilkd/key/java/JavaRedux/java/io/PrintStream.java 
85298      DEBUG main            d.u.i.k.j.r.ClassFileDeclarationBuilder Parsing: package java.io; public class Closeable { } 
85298      DEBUG main            r.s.KeYCrossReferenceSourceInfo Dynamically created class: java.io.Closeable 
87613      DEBUG main            d.u.i.k.p.i.AbstractProblemLoader Init config took 2.34s 
87628      INFO  main            d.u.i.k.p.i.AbstractProblemLoader Replaying proof continue2.key 
87631      DEBUG main            d.u.i.k.p.i.IntermediateProofReplayer Proof replay took 6.4ns 
87834      INFO  main            d.u.i.k.p.r.p.TestFile    ... finished proof: closed. 
88062      INFO  main            d.u.i.k.p.i.AbstractProblemLoader Loading environment from /home/runner/work/key/key/key.core/../key.ui/examples/standard_key/java_dl/continue2.key.proof 
88062      DEBUG main            d.u.i.k.p.i.AbstractProblemLoader Environment load took 158.4ns 
88063      INFO  main            d.u.i.k.p.i.AbstractProblemLoader Creating init config 
88084      WARN  main            d.u.i.k.j.r.KeYCrossReferenceNameInfo Datatype java.io.InputStream declared twice: Once in FILE:/home/runner/work/key/key/key.core/../key.ui/examples/standard_key/java_dl/classpath/InputStream.java and once in URL:file:/home/runner/work/key/key/key.core/build/resources/main/de/uka/ilkd/key/java/JavaRedux/java/io/InputStream.java, Keeping one from URL:file:/home/runner/work/key/key/key.core/build/resources/main/de/uka/ilkd/key/java/JavaRedux/java/io/InputStream.java 
88085      WARN  main            d.u.i.k.j.r.KeYCrossReferenceNameInfo Datatype java.lang.System declared twice: Once in FILE:/home/runner/work/key/key/key.core/../key.ui/examples/standard_key/java_dl/classpath/System.java and once in URL:file:/home/runner/work/key/key/key.core/build/resources/main/de/uka/ilkd/key/java/JavaRedux/java/lang/System.java, Keeping one from URL:file:/home/runner/work/key/key/key.core/build/resources/main/de/uka/ilkd/key/java/JavaRedux/java/lang/System.java 
88085      WARN  main            d.u.i.k.j.r.KeYCrossReferenceNameInfo Datatype java.io.PrintStream declared twice: Once in FILE:/home/runner/work/key/key/key.core/../key.ui/examples/standard_key/java_dl/classpath/PrintStream.java and once in URL:file:/home/runner/work/key/key/key.core/build/resources/main/de/uka/ilkd/key/java/JavaRedux/java/io/PrintStream.java, Keeping one from URL:file:/home/runner/work/key/key/key.core/build/resources/main/de/uka/ilkd/key/java/JavaRedux/java/io/PrintStream.java 
88088      DEBUG main            d.u.i.k.j.r.ClassFileDeclarationBuilder Parsing: package java.io; public class Closeable { } 
88088      DEBUG main            r.s.KeYCrossReferenceSourceInfo Dynamically created class: java.io.Closeable 
90340      DEBUG main            d.u.i.k.p.i.AbstractProblemLoader Init config took 2.28s 
90355      INFO  main            d.u.i.k.p.i.AbstractProblemLoader Replaying proof continue2.key.proof 
90420      DEBUG main            d.u.i.k.p.i.IntermediateProofReplayer Proof replay took 63.11ms 
90422      DEBUG main            d.u.i.k.p.r.p.TestFile    ... success: reloaded. 
90423      INFO  main            d.u.i.k.p.r.p.TestFile    Now processing file /home/runner/work/key/key/key.core/../key.ui/examples/standard_key/java_dl/complexAssignment.key 
90424      INFO  main            d.u.i.k.p.i.AbstractProblemLoader Loading environment from /home/runner/work/key/key/key.core/../key.ui/examples/standard_key/java_dl/complexAssignment.key 
90424      DEBUG main            d.u.i.k.p.i.AbstractProblemLoader Environment load took 99ns 
90425      INFO  main            d.u.i.k.p.i.AbstractProblemLoader Creating init config 
92713      DEBUG main            d.u.i.k.p.i.AbstractProblemLoader Init config took 2.29s 
92729      INFO  main            d.u.i.k.p.i.AbstractProblemLoader Replaying proof complexAssignment.key 
92736      DEBUG main            d.u.i.k.p.i.IntermediateProofReplayer Proof replay took 7.5ns 
92838      INFO  main            d.u.i.k.p.r.p.TestFile    ... finished proof: closed. 
93071      INFO  main            d.u.i.k.p.i.AbstractProblemLoader Loading environment from /home/runner/work/key/key/key.core/../key.ui/examples/standard_key/java_dl/complexAssignment.key.proof 
93071      DEBUG main            d.u.i.k.p.i.AbstractProblemLoader Environment load took 130.5ns 
93072      INFO  main            d.u.i.k.p.i.AbstractProblemLoader Creating init config 
95288      DEBUG main            d.u.i.k.p.i.AbstractProblemLoader Init config took 2.22s 
95304      INFO  main            d.u.i.k.p.i.AbstractProblemLoader Replaying proof complexAssignment.key.proof 
95312      DEBUG main            d.u.i.k.p.i.IntermediateProofReplayer Proof replay took 6.05ms 
95313      DEBUG main            d.u.i.k.p.r.p.TestFile    ... success: reloaded. 
95314      INFO  main            d.u.i.k.p.r.p.TestFile    Now processing file /home/runner/work/key/key/key.core/../key.ui/examples/standard_key/java_dl/danglingElseSolution1.key 
95314      INFO  main            d.u.i.k.p.i.AbstractProblemLoader Loading environment from /home/runner/work/key/key/key.core/../key.ui/examples/standard_key/java_dl/danglingElseSolution1.key 
95314      DEBUG main            d.u.i.k.p.i.AbstractProblemLoader Environment load took 98.1ns 
95315      INFO  main            d.u.i.k.p.i.AbstractProblemLoader Creating init config 
97601      DEBUG main            d.u.i.k.p.i.AbstractProblemLoader Init config took 2.29s 
97616      INFO  main            d.u.i.k.p.i.AbstractProblemLoader Replaying proof danglingElseSolution1.key 
97617      DEBUG main            d.u.i.k.p.i.IntermediateProofReplayer Proof replay took 7.1ns 
97719      INFO  main            d.u.i.k.p.r.p.TestFile    ... finished proof: closed. 
97995      INFO  main            d.u.i.k.p.i.AbstractProblemLoader Loading environment from /home/runner/work/key/key/key.core/../key.ui/examples/standard_key/java_dl/danglingElseSolution1.key.proof 
97995      DEBUG main            d.u.i.k.p.i.AbstractProblemLoader Environment load took 121.9ns 
97996      INFO  main            d.u.i.k.p.i.AbstractProblemLoader Creating init config 
100192     DEBUG main            d.u.i.k.p.i.AbstractProblemLoader Init config took 2.2s 
100207     INFO  main            d.u.i.k.p.i.AbstractProblemLoader Replaying proof danglingElseSolution1.key.proof 
100216     DEBUG main            d.u.i.k.p.i.IntermediateProofReplayer Proof replay took 7.58ms 
100217     DEBUG main            d.u.i.k.p.r.p.TestFile    ... success: reloaded. 
100218     INFO  main            d.u.i.k.p.r.p.TestFile    Now processing file /home/runner/work/key/key/key.core/../key.ui/examples/standard_key/java_dl/danglingElseSolution2.key 
100218     INFO  main            d.u.i.k.p.i.AbstractProblemLoader Loading environment from /home/runner/work/key/key/key.core/../key.ui/examples/standard_key/java_dl/danglingElseSolution2.key 
100218     DEBUG main            d.u.i.k.p.i.AbstractProblemLoader Environment load took 89ns 
100219     INFO  main            d.u.i.k.p.i.AbstractProblemLoader Creating init config 
102500     DEBUG main            d.u.i.k.p.i.AbstractProblemLoader Init config took 2.28s 
102519     INFO  main            d.u.i.k.p.i.AbstractProblemLoader Replaying proof danglingElseSolution2.key 
102522     DEBUG main            d.u.i.k.p.i.IntermediateProofReplayer Proof replay took 7.4ns 
102624     INFO  main            d.u.i.k.p.r.p.TestFile    ... finished proof: closed. 
102875     INFO  main            d.u.i.k.p.i.AbstractProblemLoader Loading environment from /home/runner/work/key/key/key.core/../key.ui/examples/standard_key/java_dl/danglingElseSolution2.key.proof 
102875     DEBUG main            d.u.i.k.p.i.AbstractProblemLoader Environment load took 135.7ns 
102876     INFO  main            d.u.i.k.p.i.AbstractProblemLoader Creating init config 
105080     DEBUG main            d.u.i.k.p.i.AbstractProblemLoader Init config took 2.2s 
105095     INFO  main            d.u.i.k.p.i.AbstractProblemLoader Replaying proof danglingElseSolution2.key.proof 
105106     DEBUG main            d.u.i.k.p.i.IntermediateProofReplayer Proof replay took 8.44ms 
105107     DEBUG main            d.u.i.k.p.r.p.TestFile    ... success: reloaded. 
105107     INFO  main            d.u.i.k.p.r.p.TestFile    Now processing file /home/runner/work/key/key/key.core/../key.ui/examples/standard_key/java_dl/deepNonNull/deepNonNull0.key 
105108     INFO  main            d.u.i.k.p.i.AbstractProblemLoader Loading environment from /home/runner/work/key/key/key.core/../key.ui/examples/standard_key/java_dl/deepNonNull/deepNonNull0.key 
105108     DEBUG main            d.u.i.k.p.i.AbstractProblemLoader Environment load took 99.6ns 
105108     INFO  main            d.u.i.k.p.i.AbstractProblemLoader Creating init config 
107452     DEBUG main            d.u.i.k.p.i.AbstractProblemLoader Init config took 2.34s 
107509     INFO  main            d.u.i.k.p.i.AbstractProblemLoader Replaying proof Arrays[Arrays::get()].JML operation contract.0 
107511     DEBUG main            d.u.i.k.p.i.IntermediateProofReplayer Proof replay took 7.1ns 
107715     INFO  main            d.u.i.k.p.r.p.TestFile    ... finished proof: closed. 
107983     INFO  main            d.u.i.k.p.i.AbstractProblemLoader Loading environment from /home/runner/work/key/key/key.core/../key.ui/examples/standard_key/java_dl/deepNonNull/deepNonNull0.key.proof 
107983     DEBUG main            d.u.i.k.p.i.AbstractProblemLoader Environment load took 448.5ns 
107984     INFO  main            d.u.i.k.p.i.AbstractProblemLoader Creating init config 
110307     DEBUG main            d.u.i.k.p.i.AbstractProblemLoader Init config took 2.32s 
110344     INFO  main            d.u.i.k.p.i.AbstractProblemLoader Replaying proof Arrays[Arrays::get()].JML operation contract.0 
110387     DEBUG main            d.u.i.k.p.i.IntermediateProofReplayer Proof replay took 40.79ms 
110388     DEBUG main            d.u.i.k.p.r.p.TestFile    ... success: reloaded. 
110388     INFO  main            d.u.i.k.p.r.p.TestFile    Now processing file /home/runner/work/key/key/key.core/../key.ui/examples/standard_key/java_dl/deepNonNull/deepNonNull1.key 
110389     INFO  main            d.u.i.k.p.i.AbstractProblemLoader Loading environment from /home/runner/work/key/key/key.core/../key.ui/examples/standard_key/java_dl/deepNonNull/deepNonNull1.key 
110389     DEBUG main            d.u.i.k.p.i.AbstractProblemLoader Environment load took 183.6ns 
110390     INFO  main            d.u.i.k.p.i.AbstractProblemLoader Creating init config 
112719     DEBUG main            d.u.i.k.p.i.AbstractProblemLoader Init config took 2.33s 
112776     INFO  main            d.u.i.k.p.i.AbstractProblemLoader Replaying proof Arrays[Arrays::head()].JML operation contract.0 
112777     DEBUG main            d.u.i.k.p.i.IntermediateProofReplayer Proof replay took 7.1ns 
112983     INFO  main            d.u.i.k.p.r.p.TestFile    ... finished proof: closed. 
113319     INFO  main            d.u.i.k.p.i.AbstractProblemLoader Loading environment from /home/runner/work/key/key/key.core/../key.ui/examples/standard_key/java_dl/deepNonNull/deepNonNull1.key.proof 
113322     DEBUG main            d.u.i.k.p.i.AbstractProblemLoader Environment load took 2.53ms 
113323     INFO  main            d.u.i.k.p.i.AbstractProblemLoader Creating init config 
115597     DEBUG main            d.u.i.k.p.i.AbstractProblemLoader Init config took 2.27s 
115632     INFO  main            d.u.i.k.p.i.AbstractProblemLoader Replaying proof Arrays[Arrays::head()].JML operation contract.0 
115655     DEBUG main            d.u.i.k.p.i.IntermediateProofReplayer Proof replay took 21.13ms 
115656     DEBUG main            d.u.i.k.p.r.p.TestFile    ... success: reloaded. 
115657     INFO  main            d.u.i.k.p.r.p.TestFile    Now processing file /home/runner/work/key/key/key.core/../key.ui/examples/standard_key/java_dl/deepNonNull/deepNonNull2.key 
115657     INFO  main            d.u.i.k.p.i.AbstractProblemLoader Loading environment from /home/runner/work/key/key/key.core/../key.ui/examples/standard_key/java_dl/deepNonNull/deepNonNull2.key 
115657     DEBUG main            d.u.i.k.p.i.AbstractProblemLoader Environment load took 99ns 
115658     INFO  main            d.u.i.k.p.i.AbstractProblemLoader Creating init config 
117965     DEBUG main            d.u.i.k.p.i.AbstractProblemLoader Init config took 2.31s 
117999     INFO  main            d.u.i.k.p.i.AbstractProblemLoader Replaying proof Arrays[Arrays::unprovable(java.lang.Object)].JML operation contract.0 
118001     DEBUG main            d.u.i.k.p.i.IntermediateProofReplayer Proof replay took 6.2ns 
118107     INFO  main            d.u.i.k.p.r.p.TestFile    ... finished proof: open goal(s) 
118366     INFO  main            d.u.i.k.p.r.p.TestFile    Now processing file /home/runner/work/key/key/key.core/../key.ui/examples/standard_key/java_dl/deepNonNull/deepNonNull3.key 
118366     INFO  main            d.u.i.k.p.i.AbstractProblemLoader Loading environment from /home/runner/work/key/key/key.core/../key.ui/examples/standard_key/java_dl/deepNonNull/deepNonNull3.key 
118366     DEBUG main            d.u.i.k.p.i.AbstractProblemLoader Environment load took 71.8ns 
118367     INFO  main            d.u.i.k.p.i.AbstractProblemLoader Creating init config 
120640     DEBUG main            d.u.i.k.p.i.AbstractProblemLoader Init config took 2.27s 
120677     INFO  main            d.u.i.k.p.i.AbstractProblemLoader Replaying proof Arrays[Arrays::head([[[[Ljava.lang.Object)].JML operation contract.0 
120678     DEBUG main            d.u.i.k.p.i.IntermediateProofReplayer Proof replay took 6.6ns 
121485     INFO  main            d.u.i.k.p.r.p.TestFile    ... finished proof: closed. 
121771     INFO  main            d.u.i.k.p.i.AbstractProblemLoader Loading environment from /home/runner/work/key/key/key.core/../key.ui/examples/standard_key/java_dl/deepNonNull/deepNonNull3.key.proof 
121777     DEBUG main            d.u.i.k.p.i.AbstractProblemLoader Environment load took 6.48ms 
121778     INFO  main            d.u.i.k.p.i.AbstractProblemLoader Creating init config 
124063     DEBUG main            d.u.i.k.p.i.AbstractProblemLoader Init config took 2.28s 
124110     INFO  main            d.u.i.k.p.i.AbstractProblemLoader Replaying proof Arrays[Arrays::head([[[[Ljava.lang.Object)].JML operation contract.0 
124232     DEBUG main            d.u.i.k.p.i.IntermediateProofReplayer Proof replay took 114.87ms 
124233     DEBUG main            d.u.i.k.p.r.p.TestFile    ... success: reloaded. 
124233     INFO  main            d.u.i.k.p.r.p.TestFile    Now processing file /home/runner/work/key/key/key.core/../key.ui/examples/standard_key/java_dl/exceptions.key 
124234     INFO  main            d.u.i.k.p.i.AbstractProblemLoader Loading environment from /home/runner/work/key/key/key.core/../key.ui/examples/standard_key/java_dl/exceptions.key 
124235     DEBUG main            d.u.i.k.p.i.AbstractProblemLoader Environment load took 1.03ms 
124236     INFO  main            d.u.i.k.p.i.AbstractProblemLoader Creating init config 
124257     WARN  main            d.u.i.k.j.r.KeYCrossReferenceNameInfo Datatype java.io.InputStream declared twice: Once in FILE:/home/runner/work/key/key/key.core/../key.ui/examples/standard_key/java_dl/classpath/InputStream.java and once in URL:file:/home/runner/work/key/key/key.core/build/resources/main/de/uka/ilkd/key/java/JavaRedux/java/io/InputStream.java, Keeping one from URL:file:/home/runner/work/key/key/key.core/build/resources/main/de/uka/ilkd/key/java/JavaRedux/java/io/InputStream.java 
124257     WARN  main            d.u.i.k.j.r.KeYCrossReferenceNameInfo Datatype java.lang.System declared twice: Once in FILE:/home/runner/work/key/key/key.core/../key.ui/examples/standard_key/java_dl/classpath/System.java and once in URL:file:/home/runner/work/key/key/key.core/build/resources/main/de/uka/ilkd/key/java/JavaRedux/java/lang/System.java, Keeping one from URL:file:/home/runner/work/key/key/key.core/build/resources/main/de/uka/ilkd/key/java/JavaRedux/java/lang/System.java 
124261     WARN  main            d.u.i.k.j.r.KeYCrossReferenceNameInfo Datatype java.io.PrintStream declared twice: Once in FILE:/home/runner/work/key/key/key.core/../key.ui/examples/standard_key/java_dl/classpath/PrintStream.java and once in URL:file:/home/runner/work/key/key/key.core/build/resources/main/de/uka/ilkd/key/java/JavaRedux/java/io/PrintStream.java, Keeping one from URL:file:/home/runner/work/key/key/key.core/build/resources/main/de/uka/ilkd/key/java/JavaRedux/java/io/PrintStream.java 
124264     DEBUG main            d.u.i.k.j.r.ClassFileDeclarationBuilder Parsing: package java.io; public class Closeable { } 
124264     DEBUG main            r.s.KeYCrossReferenceSourceInfo Dynamically created class: java.io.Closeable 
126575     DEBUG main            d.u.i.k.p.i.AbstractProblemLoader Init config took 2.34s 
126589     INFO  main            d.u.i.k.p.i.AbstractProblemLoader Replaying proof exceptions.key 
126591     DEBUG main            d.u.i.k.p.i.IntermediateProofReplayer Proof replay took 7.6ns 
126794     INFO  main            d.u.i.k.p.r.p.TestFile    ... finished proof: closed. 
127051     INFO  main            d.u.i.k.p.i.AbstractProblemLoader Loading environment from /home/runner/work/key/key/key.core/../key.ui/examples/standard_key/java_dl/exceptions.key.proof 
127052     DEBUG main            d.u.i.k.p.i.AbstractProblemLoader Environment load took 99.9ns 
127053     INFO  main            d.u.i.k.p.i.AbstractProblemLoader Creating init config 
127075     WARN  main            d.u.i.k.j.r.KeYCrossReferenceNameInfo Datatype java.io.InputStream declared twice: Once in FILE:/home/runner/work/key/key/key.core/../key.ui/examples/standard_key/java_dl/classpath/InputStream.java and once in URL:file:/home/runner/work/key/key/key.core/build/resources/main/de/uka/ilkd/key/java/JavaRedux/java/io/InputStream.java, Keeping one from URL:file:/home/runner/work/key/key/key.core/build/resources/main/de/uka/ilkd/key/java/JavaRedux/java/io/InputStream.java 
127075     WARN  main            d.u.i.k.j.r.KeYCrossReferenceNameInfo Datatype java.lang.System declared twice: Once in FILE:/home/runner/work/key/key/key.core/../key.ui/examples/standard_key/java_dl/classpath/System.java and once in URL:file:/home/runner/work/key/key/key.core/build/resources/main/de/uka/ilkd/key/java/JavaRedux/java/lang/System.java, Keeping one from URL:file:/home/runner/work/key/key/key.core/build/resources/main/de/uka/ilkd/key/java/JavaRedux/java/lang/System.java 
127075     WARN  main            d.u.i.k.j.r.KeYCrossReferenceNameInfo Datatype java.io.PrintStream declared twice: Once in FILE:/home/runner/work/key/key/key.core/../key.ui/examples/standard_key/java_dl/classpath/PrintStream.java and once in URL:file:/home/runner/work/key/key/key.core/build/resources/main/de/uka/ilkd/key/java/JavaRedux/java/io/PrintStream.java, Keeping one from URL:file:/home/runner/work/key/key/key.core/build/resources/main/de/uka/ilkd/key/java/JavaRedux/java/io/PrintStream.java 
127078     DEBUG main            d.u.i.k.j.r.ClassFileDeclarationBuilder Parsing: package java.io; public class Closeable { } 
127078     DEBUG main            r.s.KeYCrossReferenceSourceInfo Dynamically created class: java.io.Closeable 
129323     DEBUG main            d.u.i.k.p.i.AbstractProblemLoader Init config took 2.27s 
129337     INFO  main            d.u.i.k.p.i.AbstractProblemLoader Replaying proof exceptions.key.proof 
129377     DEBUG main            d.u.i.k.p.i.IntermediateProofReplayer Proof replay took 37.82ms 
129379     DEBUG main            d.u.i.k.p.r.p.TestFile    ... success: reloaded. 
129379     INFO  main            d.u.i.k.p.r.p.TestFile    Now processing file /home/runner/work/key/key/key.core/../key.ui/examples/standard_key/java_dl/exceptions1.key 
129379     INFO  main            d.u.i.k.p.i.AbstractProblemLoader Loading environment from /home/runner/work/key/key/key.core/../key.ui/examples/standard_key/java_dl/exceptions1.key 
129380     DEBUG main            d.u.i.k.p.i.AbstractProblemLoader Environment load took 88.7ns 
129380     INFO  main            d.u.i.k.p.i.AbstractProblemLoader Creating init config 
131635     DEBUG main            d.u.i.k.p.i.AbstractProblemLoader Init config took 2.25s 
131650     INFO  main            d.u.i.k.p.i.AbstractProblemLoader Replaying proof exceptions1.key 
131652     DEBUG main            d.u.i.k.p.i.IntermediateProofReplayer Proof replay took 18.2ns 
131854     INFO  main            d.u.i.k.p.r.p.TestFile    ... finished proof: closed. 
132118     INFO  main            d.u.i.k.p.i.AbstractProblemLoader Loading environment from /home/runner/work/key/key/key.core/../key.ui/examples/standard_key/java_dl/exceptions1.key.proof 
132118     DEBUG main            d.u.i.k.p.i.AbstractProblemLoader Environment load took 90ns 
132119     INFO  main            d.u.i.k.p.i.AbstractProblemLoader Creating init config 
134304     DEBUG main            d.u.i.k.p.i.AbstractProblemLoader Init config took 2.19s 
134319     INFO  main            d.u.i.k.p.i.AbstractProblemLoader Replaying proof exceptions1.key.proof 
134348     DEBUG main            d.u.i.k.p.i.IntermediateProofReplayer Proof replay took 26.54ms 
134349     DEBUG main            d.u.i.k.p.r.p.TestFile    ... success: reloaded. 
134350     INFO  main            d.u.i.k.p.r.p.TestFile    Now processing file /home/runner/work/key/key/key.core/../key.ui/examples/standard_key/java_dl/exceptions2.key 
134351     INFO  main            d.u.i.k.p.i.AbstractProblemLoader Loading environment from /home/runner/work/key/key/key.core/../key.ui/examples/standard_key/java_dl/exceptions2.key 
134351     DEBUG main            d.u.i.k.p.i.AbstractProblemLoader Environment load took 158.5ns 
134352     INFO  main            d.u.i.k.p.i.AbstractProblemLoader Creating init config 
136605     DEBUG main            d.u.i.k.p.i.AbstractProblemLoader Init config took 2.25s 
136621     INFO  main            d.u.i.k.p.i.AbstractProblemLoader Replaying proof exceptions2.key 
136623     DEBUG main            d.u.i.k.p.i.IntermediateProofReplayer Proof replay took 7.4ns 
136727     INFO  main            d.u.i.k.p.r.p.TestFile    ... finished proof: closed. 
137006     INFO  main            d.u.i.k.p.i.AbstractProblemLoader Loading environment from /home/runner/work/key/key/key.core/../key.ui/examples/standard_key/java_dl/exceptions2.key.proof 
137006     DEBUG main            d.u.i.k.p.i.AbstractProblemLoader Environment load took 108.5ns 
137008     INFO  main            d.u.i.k.p.i.AbstractProblemLoader Creating init config 
139216     DEBUG main            d.u.i.k.p.i.AbstractProblemLoader Init config took 2.21s 
139231     INFO  main            d.u.i.k.p.i.AbstractProblemLoader Replaying proof exceptions2.key.proof 
139262     DEBUG main            d.u.i.k.p.i.IntermediateProofReplayer Proof replay took 27.71ms 
139263     DEBUG main            d.u.i.k.p.r.p.TestFile    ... success: reloaded. 
139264     INFO  main            d.u.i.k.p.r.p.TestFile    Now processing file /home/runner/work/key/key/key.core/../key.ui/examples/standard_key/java_dl/exceptions3.key 
139264     INFO  main            d.u.i.k.p.i.AbstractProblemLoader Loading environment from /home/runner/work/key/key/key.core/../key.ui/examples/standard_key/java_dl/exceptions3.key 
139264     DEBUG main            d.u.i.k.p.i.AbstractProblemLoader Environment load took 182.8ns 
139265     INFO  main            d.u.i.k.p.i.AbstractProblemLoader Creating init config 
139286     WARN  main            d.u.i.k.j.r.KeYCrossReferenceNameInfo Datatype java.io.InputStream declared twice: Once in FILE:/home/runner/work/key/key/key.core/../key.ui/examples/standard_key/java_dl/classpath/InputStream.java and once in URL:file:/home/runner/work/key/key/key.core/build/resources/main/de/uka/ilkd/key/java/JavaRedux/java/io/InputStream.java, Keeping one from URL:file:/home/runner/work/key/key/key.core/build/resources/main/de/uka/ilkd/key/java/JavaRedux/java/io/InputStream.java 
139286     WARN  main            d.u.i.k.j.r.KeYCrossReferenceNameInfo Datatype java.lang.System declared twice: Once in FILE:/home/runner/work/key/key/key.core/../key.ui/examples/standard_key/java_dl/classpath/System.java and once in URL:file:/home/runner/work/key/key/key.core/build/resources/main/de/uka/ilkd/key/java/JavaRedux/java/lang/System.java, Keeping one from URL:file:/home/runner/work/key/key/key.core/build/resources/main/de/uka/ilkd/key/java/JavaRedux/java/lang/System.java 
139286     WARN  main            d.u.i.k.j.r.KeYCrossReferenceNameInfo Datatype java.io.PrintStream declared twice: Once in FILE:/home/runner/work/key/key/key.core/../key.ui/examples/standard_key/java_dl/classpath/PrintStream.java and once in URL:file:/home/runner/work/key/key/key.core/build/resources/main/de/uka/ilkd/key/java/JavaRedux/java/io/PrintStream.java, Keeping one from URL:file:/home/runner/work/key/key/key.core/build/resources/main/de/uka/ilkd/key/java/JavaRedux/java/io/PrintStream.java 
139290     DEBUG main            d.u.i.k.j.r.ClassFileDeclarationBuilder Parsing: package java.io; public class Closeable { } 
139290     DEBUG main            r.s.KeYCrossReferenceSourceInfo Dynamically created class: java.io.Closeable 
141543     DEBUG main            d.u.i.k.p.i.AbstractProblemLoader Init config took 2.28s 
141575     INFO  main            d.u.i.k.p.i.AbstractProblemLoader Replaying proof exceptions3.key 
141577     DEBUG main            d.u.i.k.p.i.IntermediateProofReplayer Proof replay took 6.9ns 
141679     INFO  main            d.u.i.k.p.r.p.TestFile    ... finished proof: closed. 
141955     INFO  main            d.u.i.k.p.i.AbstractProblemLoader Loading environment from /home/runner/work/key/key/key.core/../key.ui/examples/standard_key/java_dl/exceptions3.key.proof 
141955     DEBUG main            d.u.i.k.p.i.AbstractProblemLoader Environment load took 85.9ns 
141956     INFO  main            d.u.i.k.p.i.AbstractProblemLoader Creating init config 
141978     WARN  main            d.u.i.k.j.r.KeYCrossReferenceNameInfo Datatype java.io.InputStream declared twice: Once in FILE:/home/runner/work/key/key/key.core/../key.ui/examples/standard_key/java_dl/classpath/InputStream.java and once in URL:file:/home/runner/work/key/key/key.core/build/resources/main/de/uka/ilkd/key/java/JavaRedux/java/io/InputStream.java, Keeping one from URL:file:/home/runner/work/key/key/key.core/build/resources/main/de/uka/ilkd/key/java/JavaRedux/java/io/InputStream.java 
141978     WARN  main            d.u.i.k.j.r.KeYCrossReferenceNameInfo Datatype java.lang.System declared twice: Once in FILE:/home/runner/work/key/key/key.core/../key.ui/examples/standard_key/java_dl/classpath/System.java and once in URL:file:/home/runner/work/key/key/key.core/build/resources/main/de/uka/ilkd/key/java/JavaRedux/java/lang/System.java, Keeping one from URL:file:/home/runner/work/key/key/key.core/build/resources/main/de/uka/ilkd/key/java/JavaRedux/java/lang/System.java 
141978     WARN  main            d.u.i.k.j.r.KeYCrossReferenceNameInfo Datatype java.io.PrintStream declared twice: Once in FILE:/home/runner/work/key/key/key.core/../key.ui/examples/standard_key/java_dl/classpath/PrintStream.java and once in URL:file:/home/runner/work/key/key/key.core/build/resources/main/de/uka/ilkd/key/java/JavaRedux/java/io/PrintStream.java, Keeping one from URL:file:/home/runner/work/key/key/key.core/build/resources/main/de/uka/ilkd/key/java/JavaRedux/java/io/PrintStream.java 
141981     DEBUG main            d.u.i.k.j.r.ClassFileDeclarationBuilder Parsing: package java.io; public class Closeable { } 
141981     DEBUG main            r.s.KeYCrossReferenceSourceInfo Dynamically created class: java.io.Closeable 
144196     DEBUG main            d.u.i.k.p.i.AbstractProblemLoader Init config took 2.24s 
144211     INFO  main            d.u.i.k.p.i.AbstractProblemLoader Replaying proof exceptions3.key.proof 
144216     DEBUG main            d.u.i.k.p.i.IntermediateProofReplayer Proof replay took 3.52ms 
144217     DEBUG main            d.u.i.k.p.r.p.TestFile    ... success: reloaded. 
144218     INFO  main            d.u.i.k.p.r.p.TestFile    Now processing file /home/runner/work/key/key/key.core/../key.ui/examples/standard_key/java_dl/exchange.key 
144218     INFO  main            d.u.i.k.p.i.AbstractProblemLoader Loading environment from /home/runner/work/key/key/key.core/../key.ui/examples/standard_key/java_dl/exchange.key 
144219     DEBUG main            d.u.i.k.p.i.AbstractProblemLoader Environment load took 85.1ns 
144219     INFO  main            d.u.i.k.p.i.AbstractProblemLoader Creating init config 
146490     DEBUG main            d.u.i.k.p.i.AbstractProblemLoader Init config took 2.27s 
146507     INFO  main            d.u.i.k.p.i.AbstractProblemLoader Replaying proof exchange.key 
146508     DEBUG main            d.u.i.k.p.i.IntermediateProofReplayer Proof replay took 6.9ns 
146610     INFO  main            d.u.i.k.p.r.p.TestFile    ... finished proof: closed. 
146904     INFO  main            d.u.i.k.p.i.AbstractProblemLoader Loading environment from /home/runner/work/key/key/key.core/../key.ui/examples/standard_key/java_dl/exchange.key.proof 
146904     DEBUG main            d.u.i.k.p.i.AbstractProblemLoader Environment load took 102.4ns 
146905     INFO  main            d.u.i.k.p.i.AbstractProblemLoader Creating init config 
149102     DEBUG main            d.u.i.k.p.i.AbstractProblemLoader Init config took 2.2s 
149118     INFO  main            d.u.i.k.p.i.AbstractProblemLoader Replaying proof exchange.key.proof 
149127     DEBUG main            d.u.i.k.p.i.IntermediateProofReplayer Proof replay took 5.49ms 
149128     DEBUG main            d.u.i.k.p.r.p.TestFile    ... success: reloaded. 
149128     INFO  main            d.u.i.k.p.r.p.TestFile    Now processing file /home/runner/work/key/key/key.core/../key.ui/examples/standard_key/java_dl/if.key 
149129     INFO  main            d.u.i.k.p.i.AbstractProblemLoader Loading environment from /home/runner/work/key/key/key.core/../key.ui/examples/standard_key/java_dl/if.key 
149129     DEBUG main            d.u.i.k.p.i.AbstractProblemLoader Environment load took 162.7ns 
149130     INFO  main            d.u.i.k.p.i.AbstractProblemLoader Creating init config 
151378     DEBUG main            d.u.i.k.p.i.AbstractProblemLoader Init config took 2.25s 
151392     INFO  main            d.u.i.k.p.i.AbstractProblemLoader Replaying proof if.key 
151393     DEBUG main            d.u.i.k.p.i.IntermediateProofReplayer Proof replay took 9.3ns 
151498     INFO  main            d.u.i.k.p.r.p.TestFile    ... finished proof: closed. 
151785     INFO  main            d.u.i.k.p.i.AbstractProblemLoader Loading environment from /home/runner/work/key/key/key.core/../key.ui/examples/standard_key/java_dl/if.key.proof 
151785     DEBUG main            d.u.i.k.p.i.AbstractProblemLoader Environment load took 90.9ns 
151786     INFO  main            d.u.i.k.p.i.AbstractProblemLoader Creating init config 
153959     DEBUG main            d.u.i.k.p.i.AbstractProblemLoader Init config took 2.17s 
153973     INFO  main            d.u.i.k.p.i.AbstractProblemLoader Replaying proof if.key.proof 
153977     DEBUG main            d.u.i.k.p.i.IntermediateProofReplayer Proof replay took 2.75ms 
153978     DEBUG main            d.u.i.k.p.r.p.TestFile    ... success: reloaded. 
153978     INFO  main            d.u.i.k.p.r.p.TestFile    Now processing file /home/runner/work/key/key/key.core/../key.ui/examples/standard_key/java_dl/incrementcounter.key 
153978     INFO  main            d.u.i.k.p.i.AbstractProblemLoader Loading environment from /home/runner/work/key/key/key.core/../key.ui/examples/standard_key/java_dl/incrementcounter.key 
153978     DEBUG main            d.u.i.k.p.i.AbstractProblemLoader Environment load took 52.3ns 
153979     INFO  main            d.u.i.k.p.i.AbstractProblemLoader Creating init config 
156209     DEBUG main            d.u.i.k.p.i.AbstractProblemLoader Init config took 2.23s 
156224     INFO  main            d.u.i.k.p.i.AbstractProblemLoader Replaying proof incrementcounter.key 
156225     DEBUG main            d.u.i.k.p.i.IntermediateProofReplayer Proof replay took 8.5ns 
156330     INFO  main            d.u.i.k.p.r.p.TestFile    ... finished proof: closed. 
156621     INFO  main            d.u.i.k.p.i.AbstractProblemLoader Loading environment from /home/runner/work/key/key/key.core/../key.ui/examples/standard_key/java_dl/incrementcounter.key.proof 
156621     DEBUG main            d.u.i.k.p.i.AbstractProblemLoader Environment load took 116.2ns 
156622     INFO  main            d.u.i.k.p.i.AbstractProblemLoader Creating init config 
158801     DEBUG main            d.u.i.k.p.i.AbstractProblemLoader Init config took 2.18s 
158816     INFO  main            d.u.i.k.p.i.AbstractProblemLoader Replaying proof incrementcounter.key.proof 
158819     DEBUG main            d.u.i.k.p.i.IntermediateProofReplayer Proof replay took 1.81ms 
158820     DEBUG main            d.u.i.k.p.r.p.TestFile    ... success: reloaded. 
158820     INFO  main            d.u.i.k.p.r.p.TestFile    Now processing file /home/runner/work/key/key/key.core/../key.ui/examples/standard_key/java_dl/danglingElse.key 
158820     INFO  main            d.u.i.k.p.i.AbstractProblemLoader Loading environment from /home/runner/work/key/key/key.core/../key.ui/examples/standard_key/java_dl/danglingElse.key 
158820     DEBUG main            d.u.i.k.p.i.AbstractProblemLoader Environment load took 45ns 
158821     INFO  main            d.u.i.k.p.i.AbstractProblemLoader Creating init config 
161048     DEBUG main            d.u.i.k.p.i.AbstractProblemLoader Init config took 2.23s 
161063     INFO  main            d.u.i.k.p.i.AbstractProblemLoader Replaying proof danglingElse.key 
161064     DEBUG main            d.u.i.k.p.i.IntermediateProofReplayer Proof replay took 7.2ns 
161167     INFO  main            d.u.i.k.p.r.p.TestFile    ... finished proof: open goal(s) 
161487     INFO  main            d.u.i.k.p.r.p.TestFile    Now processing file /home/runner/work/key/key/key.core/../key.ui/examples/standard_key/java_dl/iteratedAssignment.key 
161488     INFO  main            d.u.i.k.p.i.AbstractProblemLoader Loading environment from /home/runner/work/key/key/key.core/../key.ui/examples/standard_key/java_dl/iteratedAssignment.key 
161488     DEBUG main            d.u.i.k.p.i.AbstractProblemLoader Environment load took 92.3ns 
161489     INFO  main            d.u.i.k.p.i.AbstractProblemLoader Creating init config 
163689     DEBUG main            d.u.i.k.p.i.AbstractProblemLoader Init config took 2.2s 
163704     INFO  main            d.u.i.k.p.i.AbstractProblemLoader Replaying proof iteratedAssignment.key 
163706     DEBUG main            d.u.i.k.p.i.IntermediateProofReplayer Proof replay took 7.7ns 
164009     INFO  main            d.u.i.k.p.r.p.TestFile    ... finished proof: closed. 
164320     INFO  main            d.u.i.k.p.i.AbstractProblemLoader Loading environment from /home/runner/work/key/key/key.core/../key.ui/examples/standard_key/java_dl/iteratedAssignment.key.proof 
164320     DEBUG main            d.u.i.k.p.i.AbstractProblemLoader Environment load took 94.1ns 
164322     INFO  main            d.u.i.k.p.i.AbstractProblemLoader Creating init config 
166502     DEBUG main            d.u.i.k.p.i.AbstractProblemLoader Init config took 2.18s 
166519     INFO  main            d.u.i.k.p.i.AbstractProblemLoader Replaying proof iteratedAssignment.key.proof 
166579     DEBUG main            d.u.i.k.p.i.IntermediateProofReplayer Proof replay took 56.76ms 
166580     DEBUG main            d.u.i.k.p.r.p.TestFile    ... success: reloaded. 
166581     INFO  main            d.u.i.k.p.r.p.TestFile    Now processing file /home/runner/work/key/key/key.core/../key.ui/examples/standard_key/java_dl/assert/assert1.key 
166581     INFO  main            d.u.i.k.p.i.AbstractProblemLoader Loading environment from /home/runner/work/key/key/key.core/../key.ui/examples/standard_key/java_dl/assert/assert1.key 
166581     DEBUG main            d.u.i.k.p.i.AbstractProblemLoader Environment load took 75.1ns 
166582     INFO  main            d.u.i.k.p.i.AbstractProblemLoader Creating init config 
168864     DEBUG main            d.u.i.k.p.i.AbstractProblemLoader Init config took 2.28s 
168900     INFO  main            d.u.i.k.p.i.AbstractProblemLoader Replaying proof C[C::foo()].JML normal_behavior operation contract.0 
168902     DEBUG main            d.u.i.k.p.i.IntermediateProofReplayer Proof replay took 7.6ns 
169005     INFO  main            d.u.i.k.p.r.p.TestFile    ... finished proof: open goal(s) 
169330     INFO  main            d.u.i.k.p.r.p.TestFile    Now processing file /home/runner/work/key/key/key.core/../key.ui/examples/standard_key/java_dl/assert/assert2.key 
169331     INFO  main            d.u.i.k.p.i.AbstractProblemLoader Loading environment from /home/runner/work/key/key/key.core/../key.ui/examples/standard_key/java_dl/assert/assert2.key 
169331     DEBUG main            d.u.i.k.p.i.AbstractProblemLoader Environment load took 63.1ns 
169331     INFO  main            d.u.i.k.p.i.AbstractProblemLoader Creating init config 
171564     DEBUG main            d.u.i.k.p.i.AbstractProblemLoader Init config took 2.23s 
171602     INFO  main            d.u.i.k.p.i.AbstractProblemLoader Replaying proof C[C::bar()].JML exceptional_behavior operation contract.0 
171603     DEBUG main            d.u.i.k.p.i.IntermediateProofReplayer Proof replay took 17.4ns 
171806     INFO  main            d.u.i.k.p.r.p.TestFile    ... finished proof: closed. 
172115     INFO  main            d.u.i.k.p.i.AbstractProblemLoader Loading environment from /home/runner/work/key/key/key.core/../key.ui/examples/standard_key/java_dl/assert/assert2.key.proof 
172115     DEBUG main            d.u.i.k.p.i.AbstractProblemLoader Environment load took 82.5ns 
172116     INFO  main            d.u.i.k.p.i.AbstractProblemLoader Creating init config 
174405     DEBUG main            d.u.i.k.p.i.AbstractProblemLoader Init config took 2.29s 
174438     INFO  main            d.u.i.k.p.i.AbstractProblemLoader Replaying proof C[C::bar()].JML exceptional_behavior operation contract.0 
174478     DEBUG main            d.u.i.k.p.i.IntermediateProofReplayer Proof replay took 37.91ms 
174479     DEBUG main            d.u.i.k.p.r.p.TestFile    ... success: reloaded. 
174480     INFO  main            d.u.i.k.p.r.p.TestFile    Now processing file /home/runner/work/key/key/key.core/../key.ui/examples/standard_key/java_dl/assert/assert3.key 
174480     INFO  main            d.u.i.k.p.i.AbstractProblemLoader Loading environment from /home/runner/work/key/key/key.core/../key.ui/examples/standard_key/java_dl/assert/assert3.key 
174480     DEBUG main            d.u.i.k.p.i.AbstractProblemLoader Environment load took 64.8ns 
174481     INFO  main            d.u.i.k.p.i.AbstractProblemLoader Creating init config 
176717     DEBUG main            d.u.i.k.p.i.AbstractProblemLoader Init config took 2.24s 
176749     INFO  main            d.u.i.k.p.i.AbstractProblemLoader Replaying proof C[C::foo()].JML normal_behavior operation contract.0 
176751     DEBUG main            d.u.i.k.p.i.IntermediateProofReplayer Proof replay took 6ns 
176858     INFO  main            d.u.i.k.p.r.p.TestFile    ... finished proof: open goal(s) 
177179     INFO  main            d.u.i.k.p.r.p.TestFile    Now processing file /home/runner/work/key/key/key.core/../key.ui/examples/standard_key/java_dl/java5/vararg.key 
177179     INFO  main            d.u.i.k.p.i.AbstractProblemLoader Loading environment from /home/runner/work/key/key/key.core/../key.ui/examples/standard_key/java_dl/java5/vararg.key 
177180     DEBUG main            d.u.i.k.p.i.AbstractProblemLoader Environment load took 62.1ns 
177181     INFO  main            d.u.i.k.p.i.AbstractProblemLoader Creating init config 
178000     DEBUG main            d.u.i.k.j.r.ClassPreparationMethodBuilder clPrepBuilder: Inner Class detected. Reject building class initialisation methods. 
179715     DEBUG main            d.u.i.k.p.i.AbstractProblemLoader Init config took 2.53s 
179740     INFO  main            d.u.i.k.p.i.AbstractProblemLoader Replaying proof vararg.key 
179741     DEBUG main            d.u.i.k.p.i.IntermediateProofReplayer Proof replay took 6.9ns 
179986     DEBUG Thread-101      d.u.i.k.j.d.VariableSpecification Program match. Variables have different dimension (template #v0 = #vi;, source var#17[] = new java.lang.Object[]{d1, d2};) 
180117     DEBUG Thread-101      d.u.i.k.j.d.VariableSpecification Program match. Variables have different dimension (template #v0 = #vi;, source var#24[] = new java.lang.Object[]{d1, d2};) 
180255     DEBUG Thread-101      d.u.i.k.j.d.VariableSpecification Program match. Variables have different dimension (template #v0 = #vi;, source var#33[] = new java.lang.Object[]{var_1};) 
180256     DEBUG Thread-101      d.u.i.k.j.d.VariableSpecification Program match. Variables have different dimension (template #v0 = #vi;, source var#33[] = new java.lang.Object[]{var_1};) 
180362     DEBUG Thread-101      d.u.i.k.j.d.VariableSpecification Program match. Variables have different dimension (template #v0 = #vi;, source var#39[] = new java.lang.Object[]{null, null};) 
180493     DEBUG Thread-101      d.u.i.k.j.d.VariableSpecification Program match. Variables have different dimension (template #v0 = #vi;, source var#46[] = new java.lang.Object[]{};) 
180948     INFO  main            d.u.i.k.p.r.p.TestFile    ... finished proof: closed. 
181313     INFO  main            d.u.i.k.p.i.AbstractProblemLoader Loading environment from /home/runner/work/key/key/key.core/../key.ui/examples/standard_key/java_dl/java5/vararg.key.proof 
181313     DEBUG main            d.u.i.k.p.i.AbstractProblemLoader Environment load took 92.7ns 
181315     INFO  main            d.u.i.k.p.i.AbstractProblemLoader Creating init config 
182115     DEBUG main            d.u.i.k.j.r.ClassPreparationMethodBuilder clPrepBuilder: Inner Class detected. Reject building class initialisation methods. 
183777     DEBUG main            d.u.i.k.p.i.AbstractProblemLoader Init config took 2.46s 
183801     INFO  main            d.u.i.k.p.i.AbstractProblemLoader Replaying proof vararg.key.proof 
184120     DEBUG main            d.u.i.k.p.i.IntermediateProofReplayer Proof replay took 306.74ms 
184121     DEBUG main            d.u.i.k.p.r.p.TestFile    ... success: reloaded. 
184122     INFO  main            d.u.i.k.p.r.p.TestFile    Now processing file /home/runner/work/key/key/key.core/../key.ui/examples/standard_key/java_dl/java5/for_Array.key 
184122     INFO  main            d.u.i.k.p.i.AbstractProblemLoader Loading environment from /home/runner/work/key/key/key.core/../key.ui/examples/standard_key/java_dl/java5/for_Array.key 
184122     DEBUG main            d.u.i.k.p.i.AbstractProblemLoader Environment load took 174.8ns 
184123     INFO  main            d.u.i.k.p.i.AbstractProblemLoader Creating init config 
184918     DEBUG main            d.u.i.k.j.r.ClassPreparationMethodBuilder clPrepBuilder: Inner Class detected. Reject building class initialisation methods. 
186612     DEBUG main            d.u.i.k.p.i.AbstractProblemLoader Init config took 2.49s 
186662     INFO  main            d.u.i.k.p.i.AbstractProblemLoader Replaying proof For[For::sum([I)].JML operation contract.0 
186663     DEBUG main            d.u.i.k.p.i.IntermediateProofReplayer Proof replay took 6.7ns 
186989     INFO  main            d.u.i.k.p.r.p.TestFile    ... finished proof: closed. 
187372     INFO  main            d.u.i.k.p.i.AbstractProblemLoader Loading environment from /home/runner/work/key/key/key.core/../key.ui/examples/standard_key/java_dl/java5/for_Array.key.proof 
187372     DEBUG main            d.u.i.k.p.i.AbstractProblemLoader Environment load took 93ns 
187373     INFO  main            d.u.i.k.p.i.AbstractProblemLoader Creating init config 
188129     DEBUG main            d.u.i.k.j.r.ClassPreparationMethodBuilder clPrepBuilder: Inner Class detected. Reject building class initialisation methods. 
189758     DEBUG main            d.u.i.k.p.i.AbstractProblemLoader Init config took 2.38s 
189809     INFO  main            d.u.i.k.p.i.AbstractProblemLoader Replaying proof For[For::sum([I)].JML operation contract.0 
189895     DEBUG main            d.u.i.k.p.i.IntermediateProofReplayer Proof replay took 82.99ms 
189896     DEBUG main            d.u.i.k.p.r.p.TestFile    ... success: reloaded. 
189897     INFO  main            d.u.i.k.p.r.p.TestFile    Now processing file /home/runner/work/key/key/key.core/../key.ui/examples/standard_key/java_dl/java5/for_Iterable.key 
189898     INFO  main            d.u.i.k.p.i.AbstractProblemLoader Loading environment from /home/runner/work/key/key/key.core/../key.ui/examples/standard_key/java_dl/java5/for_Iterable.key 
189898     DEBUG main            d.u.i.k.p.i.AbstractProblemLoader Environment load took 150.2ns 
189899     INFO  main            d.u.i.k.p.i.AbstractProblemLoader Creating init config 
190684     DEBUG main            d.u.i.k.j.r.ClassPreparationMethodBuilder clPrepBuilder: Inner Class detected. Reject building class initialisation methods. 
192351     DEBUG main            d.u.i.k.p.i.AbstractProblemLoader Init config took 2.45s 
192398     INFO  main            d.u.i.k.p.i.AbstractProblemLoader Replaying proof For[For::infiniteLoop(For)].JML operation contract.0 
192400     DEBUG main            d.u.i.k.p.i.IntermediateProofReplayer Proof replay took 7.3ns 
192617     INFO  main            d.u.i.k.p.r.p.TestFile    ... finished proof: closed. 
192950     INFO  main            d.u.i.k.p.i.AbstractProblemLoader Loading environment from /home/runner/work/key/key/key.core/../key.ui/examples/standard_key/java_dl/java5/for_Iterable.key.proof 
192950     DEBUG main            d.u.i.k.p.i.AbstractProblemLoader Environment load took 78.9ns 
192951     INFO  main            d.u.i.k.p.i.AbstractProblemLoader Creating init config 
193709     DEBUG main            d.u.i.k.j.r.ClassPreparationMethodBuilder clPrepBuilder: Inner Class detected. Reject building class initialisation methods. 
195331     DEBUG main            d.u.i.k.p.i.AbstractProblemLoader Init config took 2.38s 
195378     INFO  main            d.u.i.k.p.i.AbstractProblemLoader Replaying proof For[For::infiniteLoop(For)].JML operation contract.0 
195426     DEBUG main            d.u.i.k.p.i.IntermediateProofReplayer Proof replay took 46.37ms 
195427     DEBUG main            d.u.i.k.p.r.p.TestFile    ... success: reloaded. 
195428     INFO  main            d.u.i.k.p.r.p.TestFile    Now processing file /home/runner/work/key/key/key.core/../key.ui/examples/standard_key/java_dl/java5/for_ReferenceArray.key 
195428     INFO  main            d.u.i.k.p.i.AbstractProblemLoader Loading environment from /home/runner/work/key/key/key.core/../key.ui/examples/standard_key/java_dl/java5/for_ReferenceArray.key 
195428     DEBUG main            d.u.i.k.p.i.AbstractProblemLoader Environment load took 72ns 
195429     INFO  main            d.u.i.k.p.i.AbstractProblemLoader Creating init config 
196198     DEBUG main            d.u.i.k.j.r.ClassPreparationMethodBuilder clPrepBuilder: Inner Class detected. Reject building class initialisation methods. 
197857     DEBUG main            d.u.i.k.p.i.AbstractProblemLoader Init config took 2.43s 
197904     INFO  main            d.u.i.k.p.i.AbstractProblemLoader Replaying proof ForReferenceArray[ForReferenceArray::foo([Ljava.lang.Object)].JML operation contract.0 
197906     DEBUG main            d.u.i.k.p.i.IntermediateProofReplayer Proof replay took 8ns 
198110     INFO  main            d.u.i.k.p.r.p.TestFile    ... finished proof: closed. 
198463     INFO  main            d.u.i.k.p.i.AbstractProblemLoader Loading environment from /home/runner/work/key/key/key.core/../key.ui/examples/standard_key/java_dl/java5/for_ReferenceArray.key.proof 
198463     DEBUG main            d.u.i.k.p.i.AbstractProblemLoader Environment load took 98.6ns 
198464     INFO  main            d.u.i.k.p.i.AbstractProblemLoader Creating init config 
199217     DEBUG main            d.u.i.k.j.r.ClassPreparationMethodBuilder clPrepBuilder: Inner Class detected. Reject building class initialisation methods. 
200836     DEBUG main            d.u.i.k.p.i.AbstractProblemLoader Init config took 2.37s 
200884     INFO  main            d.u.i.k.p.i.AbstractProblemLoader Replaying proof ForReferenceArray[ForReferenceArray::foo([Ljava.lang.Object)].JML operation contract.0 
200939     DEBUG main            d.u.i.k.p.i.IntermediateProofReplayer Proof replay took 51.99ms 
200940     DEBUG main            d.u.i.k.p.r.p.TestFile    ... success: reloaded. 
200941     INFO  main            d.u.i.k.p.r.p.TestFile    Now processing file /home/runner/work/key/key/key.core/../key.ui/examples/standard_key/java_dl/jml-bigint/cast.key 
200941     INFO  main            d.u.i.k.p.i.AbstractProblemLoader Loading environment from /home/runner/work/key/key/key.core/../key.ui/examples/standard_key/java_dl/jml-bigint/cast.key 
200941     DEBUG main            d.u.i.k.p.i.AbstractProblemLoader Environment load took 152.6ns 
200942     INFO  main            d.u.i.k.p.i.AbstractProblemLoader Creating init config 
203295     DEBUG main            d.u.i.k.p.i.AbstractProblemLoader Init config took 2.35s 
203328     INFO  main            d.u.i.k.p.i.AbstractProblemLoader Replaying proof Mult[Mult::cast()].JML operation contract.0 
203330     DEBUG main            d.u.i.k.p.i.IntermediateProofReplayer Proof replay took 6.8ns 
203432     INFO  main            d.u.i.k.p.r.p.TestFile    ... finished proof: closed. 
203783     INFO  main            d.u.i.k.p.i.AbstractProblemLoader Loading environment from /home/runner/work/key/key/key.core/../key.ui/examples/standard_key/java_dl/jml-bigint/cast.key.proof 
203783     DEBUG main            d.u.i.k.p.i.AbstractProblemLoader Environment load took 81.8ns 
203784     INFO  main            d.u.i.k.p.i.AbstractProblemLoader Creating init config 
206077     DEBUG main            d.u.i.k.p.i.AbstractProblemLoader Init config took 2.29s 
206111     INFO  main            d.u.i.k.p.i.AbstractProblemLoader Replaying proof Mult[Mult::cast()].JML operation contract.0 
206125     DEBUG main            d.u.i.k.p.i.IntermediateProofReplayer Proof replay took 12.22ms 
206125     DEBUG main            d.u.i.k.p.r.p.TestFile    ... success: reloaded. 
206126     INFO  main            d.u.i.k.p.r.p.TestFile    Now processing file /home/runner/work/key/key/key.core/../key.ui/examples/standard_key/java_dl/jml-free/loopInvFree.key 
206126     INFO  main            d.u.i.k.p.i.AbstractProblemLoader Loading environment from /home/runner/work/key/key/key.core/../key.ui/examples/standard_key/java_dl/jml-free/loopInvFree.key 
206127     DEBUG main            d.u.i.k.p.i.AbstractProblemLoader Environment load took 74.5ns 
206127     INFO  main            d.u.i.k.p.i.AbstractProblemLoader Creating init config 
208394     DEBUG main            d.u.i.k.p.i.AbstractProblemLoader Init config took 2.27s 
208444     INFO  main            d.u.i.k.p.i.AbstractProblemLoader Replaying proof LoopInvFree[LoopInvFree::test()].JML operation contract.0 
208446     DEBUG main            d.u.i.k.p.i.IntermediateProofReplayer Proof replay took 7.2ns 
208648     INFO  main            d.u.i.k.p.r.p.TestFile    ... finished proof: closed. 
209009     INFO  main            d.u.i.k.p.i.AbstractProblemLoader Loading environment from /home/runner/work/key/key/key.core/../key.ui/examples/standard_key/java_dl/jml-free/loopInvFree.key.proof 
209009     DEBUG main            d.u.i.k.p.i.AbstractProblemLoader Environment load took 78.2ns 
209010     INFO  main            d.u.i.k.p.i.AbstractProblemLoader Creating init config 
211234     DEBUG main            d.u.i.k.p.i.AbstractProblemLoader Init config took 2.22s 
211267     INFO  main            d.u.i.k.p.i.AbstractProblemLoader Replaying proof LoopInvFree[LoopInvFree::test()].JML operation contract.0 
211307     DEBUG main            d.u.i.k.p.i.IntermediateProofReplayer Proof replay took 38.36ms 
211308     DEBUG main            d.u.i.k.p.r.p.TestFile    ... success: reloaded. 
211309     INFO  main            d.u.i.k.p.r.p.TestFile    Now processing file /home/runner/work/key/key/key.core/../key.ui/examples/standard_key/java_dl/jml-free/ensuresFree.key 
211309     INFO  main            d.u.i.k.p.i.AbstractProblemLoader Loading environment from /home/runner/work/key/key/key.core/../key.ui/examples/standard_key/java_dl/jml-free/ensuresFree.key 
211309     DEBUG main            d.u.i.k.p.i.AbstractProblemLoader Environment load took 85.6ns 
211310     INFO  main            d.u.i.k.p.i.AbstractProblemLoader Creating init config 
213612     DEBUG main            d.u.i.k.p.i.AbstractProblemLoader Init config took 2.3s 
213644     INFO  main            d.u.i.k.p.i.AbstractProblemLoader Replaying proof EnsuresFree[EnsuresFree::test()].JML operation contract.0 
213645     DEBUG main            d.u.i.k.p.i.IntermediateProofReplayer Proof replay took 7.5ns 
213747     INFO  main            d.u.i.k.p.r.p.TestFile    ... finished proof: closed. 
214132     INFO  main            d.u.i.k.p.i.AbstractProblemLoader Loading environment from /home/runner/work/key/key/key.core/../key.ui/examples/standard_key/java_dl/jml-free/ensuresFree.key.proof 
214132     DEBUG main            d.u.i.k.p.i.AbstractProblemLoader Environment load took 81.6ns 
214133     INFO  main            d.u.i.k.p.i.AbstractProblemLoader Creating init config 
216371     DEBUG main            d.u.i.k.p.i.AbstractProblemLoader Init config took 2.24s 
216404     INFO  main            d.u.i.k.p.i.AbstractProblemLoader Replaying proof EnsuresFree[EnsuresFree::test()].JML operation contract.0 
216421     DEBUG main            d.u.i.k.p.i.IntermediateProofReplayer Proof replay took 15.61ms 
216422     DEBUG main            d.u.i.k.p.r.p.TestFile    ... success: reloaded. 
216423     INFO  main            d.u.i.k.p.r.p.TestFile    Now processing file /home/runner/work/key/key/key.core/../key.ui/examples/standard_key/java_dl/jml-information-flow.key 
216423     INFO  main            d.u.i.k.p.i.AbstractProblemLoader Loading environment from /home/runner/work/key/key/key.core/../key.ui/examples/standard_key/java_dl/jml-information-flow.key 
216423     DEBUG main            d.u.i.k.p.i.AbstractProblemLoader Environment load took 69.4ns 
216428     INFO  main            d.u.i.k.p.i.AbstractProblemLoader Creating init config 
218889     DEBUG main            d.u.i.k.p.i.AbstractProblemLoader Init config took 2.46s 
218906     INFO  main            d.u.i.k.p.i.AbstractProblemLoader Replaying proof jml-information-flow.key 
218908     DEBUG main            d.u.i.k.p.i.IntermediateProofReplayer Proof replay took 7.5ns 
318897     INFO  main            d.u.i.k.p.r.p.TestFile    ... finished proof: closed. 
319446     INFO  main            d.u.i.k.p.i.AbstractProblemLoader Loading environment from /home/runner/work/key/key/key.core/../key.ui/examples/standard_key/java_dl/jml-information-flow.key.proof 
319447     DEBUG main            d.u.i.k.p.i.AbstractProblemLoader Environment load took 343.1ns 
319455     INFO  main            d.u.i.k.p.i.AbstractProblemLoader Creating init config 
321781     DEBUG main            d.u.i.k.p.i.AbstractProblemLoader Init config took 2.33s 
321800     INFO  main            d.u.i.k.p.i.AbstractProblemLoader Replaying proof jml-information-flow.key.proof 
325235     DEBUG main            d.u.i.k.p.i.IntermediateProofReplayer Proof replay took 3.34s 
325244     DEBUG main            d.u.i.k.p.r.p.TestFile    ... success: reloaded. 
325245     INFO  main            d.u.i.k.p.r.p.TestFile    Now processing file /home/runner/work/key/key/key.core/../key.ui/examples/standard_key/java_dl/jml-min/min-unprovable1.key 
325245     INFO  main            d.u.i.k.p.i.AbstractProblemLoader Loading environment from /home/runner/work/key/key/key.core/../key.ui/examples/standard_key/java_dl/jml-min/min-unprovable1.key 
325245     DEBUG main            d.u.i.k.p.i.AbstractProblemLoader Environment load took 154.7ns 
325246     INFO  main            d.u.i.k.p.i.AbstractProblemLoader Creating init config 
328037     DEBUG main            d.u.i.k.p.i.AbstractProblemLoader Init config took 2.79s 
328071     INFO  main            d.u.i.k.p.i.AbstractProblemLoader Replaying proof Min[Min::foo()].JML operation contract.0 
328072     DEBUG main            d.u.i.k.p.i.IntermediateProofReplayer Proof replay took 6.8ns 
328174     INFO  main            d.u.i.k.p.r.p.TestFile    ... finished proof: open goal(s) 
328559     INFO  main            d.u.i.k.p.r.p.TestFile    Now processing file /home/runner/work/key/key/key.core/../key.ui/examples/standard_key/java_dl/jml-min/min-unprovable2.key 
328560     INFO  main            d.u.i.k.p.i.AbstractProblemLoader Loading environment from /home/runner/work/key/key/key.core/../key.ui/examples/standard_key/java_dl/jml-min/min-unprovable2.key 
328560     DEBUG main            d.u.i.k.p.i.AbstractProblemLoader Environment load took 54.5ns 
328560     INFO  main            d.u.i.k.p.i.AbstractProblemLoader Creating init config 
330790     DEBUG main            d.u.i.k.p.i.AbstractProblemLoader Init config took 2.23s 
330822     INFO  main            d.u.i.k.p.i.AbstractProblemLoader Replaying proof Min[Min::foo2()].JML operation contract.0 
330823     DEBUG main            d.u.i.k.p.i.IntermediateProofReplayer Proof replay took 6ns 
330925     INFO  main            d.u.i.k.p.r.p.TestFile    ... finished proof: open goal(s) 
331307     INFO  main            d.u.i.k.p.r.p.TestFile    Now processing file /home/runner/work/key/key/key.core/../key.ui/examples/standard_key/java_dl/methodCall.key 
331307     INFO  main            d.u.i.k.p.i.AbstractProblemLoader Loading environment from /home/runner/work/key/key/key.core/../key.ui/examples/standard_key/java_dl/methodCall.key 
331307     DEBUG main            d.u.i.k.p.i.AbstractProblemLoader Environment load took 50.1ns 
331308     INFO  main            d.u.i.k.p.i.AbstractProblemLoader Creating init config 
333519     DEBUG main            d.u.i.k.p.i.AbstractProblemLoader Init config took 2.21s 
333533     INFO  main            d.u.i.k.p.i.AbstractProblemLoader Replaying proof methodCall.key 
333534     DEBUG main            d.u.i.k.p.i.IntermediateProofReplayer Proof replay took 6.7ns 
333636     INFO  main            d.u.i.k.p.r.p.TestFile    ... finished proof: closed. 
334014     INFO  main            d.u.i.k.p.i.AbstractProblemLoader Loading environment from /home/runner/work/key/key/key.core/../key.ui/examples/standard_key/java_dl/methodCall.key.proof 
334014     DEBUG main            d.u.i.k.p.i.AbstractProblemLoader Environment load took 83.4ns 
334015     INFO  main            d.u.i.k.p.i.AbstractProblemLoader Creating init config 
336227     DEBUG main            d.u.i.k.p.i.AbstractProblemLoader Init config took 2.21s 
336241     INFO  main            d.u.i.k.p.i.AbstractProblemLoader Replaying proof methodCall.key.proof 
336244     DEBUG main            d.u.i.k.p.i.IntermediateProofReplayer Proof replay took 1.73ms 
336245     DEBUG main            d.u.i.k.p.r.p.TestFile    ... success: reloaded. 
336245     INFO  main            d.u.i.k.p.r.p.TestFile    Now processing file /home/runner/work/key/key/key.core/../key.ui/examples/standard_key/java_dl/methodCall1.key 
336245     INFO  main            d.u.i.k.p.i.AbstractProblemLoader Loading environment from /home/runner/work/key/key/key.core/../key.ui/examples/standard_key/java_dl/methodCall1.key 
336245     DEBUG main            d.u.i.k.p.i.AbstractProblemLoader Environment load took 45.2ns 
336246     INFO  main            d.u.i.k.p.i.AbstractProblemLoader Creating init config 
338492     DEBUG main            d.u.i.k.p.i.AbstractProblemLoader Init config took 2.25s 
338506     INFO  main            d.u.i.k.p.i.AbstractProblemLoader Replaying proof methodCall1.key 
338507     DEBUG main            d.u.i.k.p.i.IntermediateProofReplayer Proof replay took 6.5ns 
338609     INFO  main            d.u.i.k.p.r.p.TestFile    ... finished proof: closed. 
339007     INFO  main            d.u.i.k.p.i.AbstractProblemLoader Loading environment from /home/runner/work/key/key/key.core/../key.ui/examples/standard_key/java_dl/methodCall1.key.proof 
339007     DEBUG main            d.u.i.k.p.i.AbstractProblemLoader Environment load took 77.3ns 
339008     INFO  main            d.u.i.k.p.i.AbstractProblemLoader Creating init config 
341228     DEBUG main            d.u.i.k.p.i.AbstractProblemLoader Init config took 2.22s 
341242     INFO  main            d.u.i.k.p.i.AbstractProblemLoader Replaying proof methodCall1.key.proof 
341256     DEBUG main            d.u.i.k.p.i.IntermediateProofReplayer Proof replay took 11.88ms 
341257     DEBUG main            d.u.i.k.p.r.p.TestFile    ... success: reloaded. 
341257     INFO  main            d.u.i.k.p.r.p.TestFile    Now processing file /home/runner/work/key/key/key.core/../key.ui/examples/standard_key/java_dl/methodCall1box.key 
341257     INFO  main            d.u.i.k.p.i.AbstractProblemLoader Loading environment from /home/runner/work/key/key/key.core/../key.ui/examples/standard_key/java_dl/methodCall1box.key 
341257     DEBUG main            d.u.i.k.p.i.AbstractProblemLoader Environment load took 73.4ns 
341258     INFO  main            d.u.i.k.p.i.AbstractProblemLoader Creating init config 
343502     DEBUG main            d.u.i.k.p.i.AbstractProblemLoader Init config took 2.24s 
343516     INFO  main            d.u.i.k.p.i.AbstractProblemLoader Replaying proof methodCall1box.key 
343517     DEBUG main            d.u.i.k.p.i.IntermediateProofReplayer Proof replay took 7.7ns 
343619     INFO  main            d.u.i.k.p.r.p.TestFile    ... finished proof: closed. 
344026     INFO  main            d.u.i.k.p.i.AbstractProblemLoader Loading environment from /home/runner/work/key/key/key.core/../key.ui/examples/standard_key/java_dl/methodCall1box.key.proof 
344026     DEBUG main            d.u.i.k.p.i.AbstractProblemLoader Environment load took 76.7ns 
344027     INFO  main            d.u.i.k.p.i.AbstractProblemLoader Creating init config 
346239     DEBUG main            d.u.i.k.p.i.AbstractProblemLoader Init config took 2.21s 
346253     INFO  main            d.u.i.k.p.i.AbstractProblemLoader Replaying proof methodCall1box.key.proof 
346267     DEBUG main            d.u.i.k.p.i.IntermediateProofReplayer Proof replay took 11.94ms 
346267     DEBUG main            d.u.i.k.p.r.p.TestFile    ... success: reloaded. 
346268     INFO  main            d.u.i.k.p.r.p.TestFile    Now processing file /home/runner/work/key/key/key.core/../key.ui/examples/standard_key/java_dl/methodCall3.key 
346268     INFO  main            d.u.i.k.p.i.AbstractProblemLoader Loading environment from /home/runner/work/key/key/key.core/../key.ui/examples/standard_key/java_dl/methodCall3.key 
346268     DEBUG main            d.u.i.k.p.i.AbstractProblemLoader Environment load took 71.9ns 
346269     INFO  main            d.u.i.k.p.i.AbstractProblemLoader Creating init config 
348507     DEBUG main            d.u.i.k.p.i.AbstractProblemLoader Init config took 2.24s 
348521     INFO  main            d.u.i.k.p.i.AbstractProblemLoader Replaying proof methodCall3.key 
348522     DEBUG main            d.u.i.k.p.i.IntermediateProofReplayer Proof replay took 7.7ns 
348623     INFO  main            d.u.i.k.p.r.p.TestFile    ... finished proof: closed. 
349024     INFO  main            d.u.i.k.p.i.AbstractProblemLoader Loading environment from /home/runner/work/key/key/key.core/../key.ui/examples/standard_key/java_dl/methodCall3.key.proof 
349024     DEBUG main            d.u.i.k.p.i.AbstractProblemLoader Environment load took 86.7ns 
349026     INFO  main            d.u.i.k.p.i.AbstractProblemLoader Creating init config 
351254     DEBUG main            d.u.i.k.p.i.AbstractProblemLoader Init config took 2.23s 
351268     INFO  main            d.u.i.k.p.i.AbstractProblemLoader Replaying proof methodCall3.key.proof 
351277     DEBUG main            d.u.i.k.p.i.IntermediateProofReplayer Proof replay took 7.97ms 
351278     DEBUG main            d.u.i.k.p.r.p.TestFile    ... success: reloaded. 
351279     INFO  main            d.u.i.k.p.r.p.TestFile    Now processing file /home/runner/work/key/key/key.core/../key.ui/examples/standard_key/java_dl/polishFlagSort.key 
351279     INFO  main            d.u.i.k.p.i.AbstractProblemLoader Loading environment from /home/runner/work/key/key/key.core/../key.ui/examples/standard_key/java_dl/polishFlagSort.key 
351279     DEBUG main            d.u.i.k.p.i.AbstractProblemLoader Environment load took 68.5ns 
351281     INFO  main            d.u.i.k.p.i.AbstractProblemLoader Creating init config 
353563     DEBUG main            d.u.i.k.p.i.AbstractProblemLoader Init config took 2.28s 
353578     INFO  main            d.u.i.k.p.i.AbstractProblemLoader Replaying proof polishFlagSort.key 
353579     DEBUG main            d.u.i.k.p.i.IntermediateProofReplayer Proof replay took 8.2ns 
355492     INFO  main            d.u.i.k.p.r.p.TestFile    ... finished proof: closed. 
355948     INFO  main            d.u.i.k.p.i.AbstractProblemLoader Loading environment from /home/runner/work/key/key/key.core/../key.ui/examples/standard_key/java_dl/polishFlagSort.key.proof 
355949     DEBUG main            d.u.i.k.p.i.AbstractProblemLoader Environment load took 349.3ns 
355951     INFO  main            d.u.i.k.p.i.AbstractProblemLoader Creating init config 
358208     DEBUG main            d.u.i.k.p.i.AbstractProblemLoader Init config took 2.26s 
358224     INFO  main            d.u.i.k.p.i.AbstractProblemLoader Replaying proof polishFlagSort.key.proof 
358570     DEBUG main            d.u.i.k.p.i.IntermediateProofReplayer Proof replay took 336.2ms 
358572     DEBUG main            d.u.i.k.p.r.p.TestFile    ... success: reloaded. 
358573     INFO  main            d.u.i.k.p.r.p.TestFile    Now processing file /home/runner/work/key/key/key.core/../key.ui/examples/standard_key/java_dl/postConditionTaclets1.key 
358573     INFO  main            d.u.i.k.p.i.AbstractProblemLoader Loading environment from /home/runner/work/key/key/key.core/../key.ui/examples/standard_key/java_dl/postConditionTaclets1.key 
358573     DEBUG main            d.u.i.k.p.i.AbstractProblemLoader Environment load took 76.6ns 
358574     INFO  main            d.u.i.k.p.i.AbstractProblemLoader Creating init config 
360797     DEBUG main            d.u.i.k.p.i.AbstractProblemLoader Init config took 2.22s 
360812     INFO  main            d.u.i.k.p.i.AbstractProblemLoader Replaying proof postConditionTaclets1.key 
360813     DEBUG main            d.u.i.k.p.i.IntermediateProofReplayer Proof replay took 7.3ns 
360915     INFO  main            d.u.i.k.p.r.p.TestFile    ... finished proof: closed. 
361372     INFO  main            d.u.i.k.p.i.AbstractProblemLoader Loading environment from /home/runner/work/key/key/key.core/../key.ui/examples/standard_key/java_dl/postConditionTaclets1.key.proof 
361372     DEBUG main            d.u.i.k.p.i.AbstractProblemLoader Environment load took 82.6ns 
361373     INFO  main            d.u.i.k.p.i.AbstractProblemLoader Creating init config 
363552     DEBUG main            d.u.i.k.p.i.AbstractProblemLoader Init config took 2.18s 
363566     INFO  main            d.u.i.k.p.i.AbstractProblemLoader Replaying proof postConditionTaclets1.key.proof 
363568     DEBUG main            d.u.i.k.p.i.IntermediateProofReplayer Proof replay took 453.7ns 
363568     DEBUG main            d.u.i.k.p.r.p.TestFile    ... success: reloaded. 
363569     INFO  main            d.u.i.k.p.r.p.TestFile    Now processing file /home/runner/work/key/key/key.core/../key.ui/examples/standard_key/java_dl/postConditionTaclets2.key 
363569     INFO  main            d.u.i.k.p.i.AbstractProblemLoader Loading environment from /home/runner/work/key/key/key.core/../key.ui/examples/standard_key/java_dl/postConditionTaclets2.key 
363569     DEBUG main            d.u.i.k.p.i.AbstractProblemLoader Environment load took 56.1ns 
363570     INFO  main            d.u.i.k.p.i.AbstractProblemLoader Creating init config 
365787     DEBUG main            d.u.i.k.p.i.AbstractProblemLoader Init config took 2.22s 
365801     INFO  main            d.u.i.k.p.i.AbstractProblemLoader Replaying proof postConditionTaclets2.key 
365802     DEBUG main            d.u.i.k.p.i.IntermediateProofReplayer Proof replay took 7.7ns 
365906     INFO  main            d.u.i.k.p.r.p.TestFile    ... finished proof: closed. 
366336     INFO  main            d.u.i.k.p.i.AbstractProblemLoader Loading environment from /home/runner/work/key/key/key.core/../key.ui/examples/standard_key/java_dl/postConditionTaclets2.key.proof 
366336     DEBUG main            d.u.i.k.p.i.AbstractProblemLoader Environment load took 76.1ns 
366339     INFO  main            d.u.i.k.p.i.AbstractProblemLoader Creating init config 
368506     DEBUG main            d.u.i.k.p.i.AbstractProblemLoader Init config took 2.17s 
368524     INFO  main            d.u.i.k.p.i.AbstractProblemLoader Replaying proof postConditionTaclets2.key.proof 
368526     DEBUG main            d.u.i.k.p.i.IntermediateProofReplayer Proof replay took 630.8ns 
368526     DEBUG main            d.u.i.k.p.r.p.TestFile    ... success: reloaded. 
368527     INFO  main            d.u.i.k.p.r.p.TestFile    Now processing file /home/runner/work/key/key/key.core/../key.ui/examples/standard_key/java_dl/quantifiedQuery.key 
368527     INFO  main            d.u.i.k.p.i.AbstractProblemLoader Loading environment from /home/runner/work/key/key/key.core/../key.ui/examples/standard_key/java_dl/quantifiedQuery.key 
368527     DEBUG main            d.u.i.k.p.i.AbstractProblemLoader Environment load took 46.4ns 
368528     INFO  main            d.u.i.k.p.i.AbstractProblemLoader Creating init config 
370796     DEBUG main            d.u.i.k.p.i.AbstractProblemLoader Init config took 2.27s 
370810     INFO  main            d.u.i.k.p.i.AbstractProblemLoader Replaying proof quantifiedQuery.key 
370812     DEBUG main            d.u.i.k.p.i.IntermediateProofReplayer Proof replay took 7.3ns 
370915     INFO  main            d.u.i.k.p.r.p.TestFile    ... finished proof: closed. 
371356     INFO  main            d.u.i.k.p.i.AbstractProblemLoader Loading environment from /home/runner/work/key/key/key.core/../key.ui/examples/standard_key/java_dl/quantifiedQuery.key.proof 
371356     DEBUG main            d.u.i.k.p.i.AbstractProblemLoader Environment load took 79ns 
371358     INFO  main            d.u.i.k.p.i.AbstractProblemLoader Creating init config 
373583     DEBUG main            d.u.i.k.p.i.AbstractProblemLoader Init config took 2.23s 
373598     INFO  main            d.u.i.k.p.i.AbstractProblemLoader Replaying proof quantifiedQuery.key.proof 
373609     DEBUG main            d.u.i.k.p.i.IntermediateProofReplayer Proof replay took 9.58ms 
373610     DEBUG main            d.u.i.k.p.r.p.TestFile    ... success: reloaded. 
373611     INFO  main            d.u.i.k.p.r.p.TestFile    Now processing file /home/runner/work/key/key/key.core/../key.ui/examples/standard_key/java_dl/recursion/triangular.key 
373611     INFO  main            d.u.i.k.p.i.AbstractProblemLoader Loading environment from /home/runner/work/key/key/key.core/../key.ui/examples/standard_key/java_dl/recursion/triangular.key 
373611     DEBUG main            d.u.i.k.p.i.AbstractProblemLoader Environment load took 76.2ns 
373612     INFO  main            d.u.i.k.p.i.AbstractProblemLoader Creating init config 
375869     DEBUG main            d.u.i.k.p.i.AbstractProblemLoader Init config took 2.26s 
375917     INFO  main            d.u.i.k.p.i.AbstractProblemLoader Replaying proof Triangular[Triangular::tria(int)].JML normal_behavior operation contract.0 
375918     DEBUG main            d.u.i.k.p.i.IntermediateProofReplayer Proof replay took 6.8ns 
376123     INFO  main            d.u.i.k.p.r.p.TestFile    ... finished proof: closed. 
376585     INFO  main            d.u.i.k.p.i.AbstractProblemLoader Loading environment from /home/runner/work/key/key/key.core/../key.ui/examples/standard_key/java_dl/recursion/triangular.key.proof 
376585     DEBUG main            d.u.i.k.p.i.AbstractProblemLoader Environment load took 94.7ns 
376586     INFO  main            d.u.i.k.p.i.AbstractProblemLoader Creating init config 
378794     DEBUG main            d.u.i.k.p.i.AbstractProblemLoader Init config took 2.21s 
378826     INFO  main            d.u.i.k.p.i.AbstractProblemLoader Replaying proof Triangular[Triangular::tria(int)].JML normal_behavior operation contract.0 
378857     DEBUG main            d.u.i.k.p.i.IntermediateProofReplayer Proof replay took 29.51ms 
378858     DEBUG main            d.u.i.k.p.r.p.TestFile    ... success: reloaded. 
378858     INFO  main            d.u.i.k.p.r.p.TestFile    Now processing file /home/runner/work/key/key/key.core/../key.ui/examples/standard_key/java_dl/reverseArray.key 
378858     INFO  main            d.u.i.k.p.i.AbstractProblemLoader Loading environment from /home/runner/work/key/key/key.core/../key.ui/examples/standard_key/java_dl/reverseArray.key 
378858     DEBUG main            d.u.i.k.p.i.AbstractProblemLoader Environment load took 70.6ns 
378860     INFO  main            d.u.i.k.p.i.AbstractProblemLoader Creating init config 
378880     WARN  main            d.u.i.k.j.r.KeYCrossReferenceNameInfo Datatype java.io.InputStream declared twice: Once in FILE:/home/runner/work/key/key/key.core/../key.ui/examples/standard_key/java_dl/./classpath/InputStream.java and once in URL:file:/home/runner/work/key/key/key.core/build/resources/main/de/uka/ilkd/key/java/JavaRedux/java/io/InputStream.java, Keeping one from URL:file:/home/runner/work/key/key/key.core/build/resources/main/de/uka/ilkd/key/java/JavaRedux/java/io/InputStream.java 
378880     WARN  main            d.u.i.k.j.r.KeYCrossReferenceNameInfo Datatype java.lang.System declared twice: Once in FILE:/home/runner/work/key/key/key.core/../key.ui/examples/standard_key/java_dl/./classpath/System.java and once in URL:file:/home/runner/work/key/key/key.core/build/resources/main/de/uka/ilkd/key/java/JavaRedux/java/lang/System.java, Keeping one from URL:file:/home/runner/work/key/key/key.core/build/resources/main/de/uka/ilkd/key/java/JavaRedux/java/lang/System.java 
378880     WARN  main            d.u.i.k.j.r.KeYCrossReferenceNameInfo Datatype java.io.PrintStream declared twice: Once in FILE:/home/runner/work/key/key/key.core/../key.ui/examples/standard_key/java_dl/./classpath/PrintStream.java and once in URL:file:/home/runner/work/key/key/key.core/build/resources/main/de/uka/ilkd/key/java/JavaRedux/java/io/PrintStream.java, Keeping one from URL:file:/home/runner/work/key/key/key.core/build/resources/main/de/uka/ilkd/key/java/JavaRedux/java/io/PrintStream.java 
378883     DEBUG main            d.u.i.k.j.r.ClassFileDeclarationBuilder Parsing: package java.io; public class Closeable { } 
378883     DEBUG main            r.s.KeYCrossReferenceSourceInfo Dynamically created class: java.io.Closeable 
381198     DEBUG main            d.u.i.k.p.i.AbstractProblemLoader Init config took 2.34s 
381213     INFO  main            d.u.i.k.p.i.AbstractProblemLoader Replaying proof reverseArray.key 
381215     DEBUG main            d.u.i.k.p.i.IntermediateProofReplayer Proof replay took 38.9ns 
385347     INFO  main            d.u.i.k.p.r.p.TestFile    ... finished proof: closed. 
385820     INFO  main            d.u.i.k.p.i.AbstractProblemLoader Loading environment from /home/runner/work/key/key/key.core/../key.ui/examples/standard_key/java_dl/reverseArray.key.proof 
385820     DEBUG main            d.u.i.k.p.i.AbstractProblemLoader Environment load took 132ns 
385822     INFO  main            d.u.i.k.p.i.AbstractProblemLoader Creating init config 
385843     WARN  main            d.u.i.k.j.r.KeYCrossReferenceNameInfo Datatype java.io.InputStream declared twice: Once in FILE:/home/runner/work/key/key/key.core/../key.ui/examples/standard_key/java_dl/classpath/InputStream.java and once in URL:file:/home/runner/work/key/key/key.core/build/resources/main/de/uka/ilkd/key/java/JavaRedux/java/io/InputStream.java, Keeping one from URL:file:/home/runner/work/key/key/key.core/build/resources/main/de/uka/ilkd/key/java/JavaRedux/java/io/InputStream.java 
385843     WARN  main            d.u.i.k.j.r.KeYCrossReferenceNameInfo Datatype java.lang.System declared twice: Once in FILE:/home/runner/work/key/key/key.core/../key.ui/examples/standard_key/java_dl/classpath/System.java and once in URL:file:/home/runner/work/key/key/key.core/build/resources/main/de/uka/ilkd/key/java/JavaRedux/java/lang/System.java, Keeping one from URL:file:/home/runner/work/key/key/key.core/build/resources/main/de/uka/ilkd/key/java/JavaRedux/java/lang/System.java 
385843     WARN  main            d.u.i.k.j.r.KeYCrossReferenceNameInfo Datatype java.io.PrintStream declared twice: Once in FILE:/home/runner/work/key/key/key.core/../key.ui/examples/standard_key/java_dl/classpath/PrintStream.java and once in URL:file:/home/runner/work/key/key/key.core/build/resources/main/de/uka/ilkd/key/java/JavaRedux/java/io/PrintStream.java, Keeping one from URL:file:/home/runner/work/key/key/key.core/build/resources/main/de/uka/ilkd/key/java/JavaRedux/java/io/PrintStream.java 
385846     DEBUG main            d.u.i.k.j.r.ClassFileDeclarationBuilder Parsing: package java.io; public class Closeable { } 
385846     DEBUG main            r.s.KeYCrossReferenceSourceInfo Dynamically created class: java.io.Closeable 
388098     DEBUG main            d.u.i.k.p.i.AbstractProblemLoader Init config took 2.28s 
388115     INFO  main            d.u.i.k.p.i.AbstractProblemLoader Replaying proof reverseArray.key.proof 
388771     DEBUG main            d.u.i.k.p.i.IntermediateProofReplayer Proof replay took 644.31ms 
388777     DEBUG main            d.u.i.k.p.r.p.TestFile    ... success: reloaded. 
388778     INFO  main            d.u.i.k.p.r.p.TestFile    Now processing file /home/runner/work/key/key/key.core/../key.ui/examples/standard_key/java_dl/reverseArray2.key 
388779     INFO  main            d.u.i.k.p.i.AbstractProblemLoader Loading environment from /home/runner/work/key/key/key.core/../key.ui/examples/standard_key/java_dl/reverseArray2.key 
388779     DEBUG main            d.u.i.k.p.i.AbstractProblemLoader Environment load took 72.2ns 
388780     INFO  main            d.u.i.k.p.i.AbstractProblemLoader Creating init config 
388800     WARN  main            d.u.i.k.j.r.KeYCrossReferenceNameInfo Datatype java.io.InputStream declared twice: Once in FILE:/home/runner/work/key/key/key.core/../key.ui/examples/standard_key/java_dl/classpath/InputStream.java and once in URL:file:/home/runner/work/key/key/key.core/build/resources/main/de/uka/ilkd/key/java/JavaRedux/java/io/InputStream.java, Keeping one from URL:file:/home/runner/work/key/key/key.core/build/resources/main/de/uka/ilkd/key/java/JavaRedux/java/io/InputStream.java 
388800     WARN  main            d.u.i.k.j.r.KeYCrossReferenceNameInfo Datatype java.lang.System declared twice: Once in FILE:/home/runner/work/key/key/key.core/../key.ui/examples/standard_key/java_dl/classpath/System.java and once in URL:file:/home/runner/work/key/key/key.core/build/resources/main/de/uka/ilkd/key/java/JavaRedux/java/lang/System.java, Keeping one from URL:file:/home/runner/work/key/key/key.core/build/resources/main/de/uka/ilkd/key/java/JavaRedux/java/lang/System.java 
388800     WARN  main            d.u.i.k.j.r.KeYCrossReferenceNameInfo Datatype java.io.PrintStream declared twice: Once in FILE:/home/runner/work/key/key/key.core/../key.ui/examples/standard_key/java_dl/classpath/PrintStream.java and once in URL:file:/home/runner/work/key/key/key.core/build/resources/main/de/uka/ilkd/key/java/JavaRedux/java/io/PrintStream.java, Keeping one from URL:file:/home/runner/work/key/key/key.core/build/resources/main/de/uka/ilkd/key/java/JavaRedux/java/io/PrintStream.java 
388803     DEBUG main            d.u.i.k.j.r.ClassFileDeclarationBuilder Parsing: package java.io; public class Closeable { } 
388803     DEBUG main            r.s.KeYCrossReferenceSourceInfo Dynamically created class: java.io.Closeable 
391232     DEBUG main            d.u.i.k.p.i.AbstractProblemLoader Init config took 2.45s 
391248     INFO  main            d.u.i.k.p.i.AbstractProblemLoader Replaying proof reverseArray2.key 
391249     DEBUG main            d.u.i.k.p.i.IntermediateProofReplayer Proof replay took 2.6ns 
392486     INFO  main            d.u.i.k.p.r.p.TestFile    ... finished proof: closed. 
393023     INFO  main            d.u.i.k.p.i.AbstractProblemLoader Loading environment from /home/runner/work/key/key/key.core/../key.ui/examples/standard_key/java_dl/reverseArray2.key.proof 
393023     DEBUG main            d.u.i.k.p.i.AbstractProblemLoader Environment load took 83.4ns 
393025     INFO  main            d.u.i.k.p.i.AbstractProblemLoader Creating init config 
393048     WARN  main            d.u.i.k.j.r.KeYCrossReferenceNameInfo Datatype java.io.InputStream declared twice: Once in FILE:/home/runner/work/key/key/key.core/../key.ui/examples/standard_key/java_dl/classpath/InputStream.java and once in URL:file:/home/runner/work/key/key/key.core/build/resources/main/de/uka/ilkd/key/java/JavaRedux/java/io/InputStream.java, Keeping one from URL:file:/home/runner/work/key/key/key.core/build/resources/main/de/uka/ilkd/key/java/JavaRedux/java/io/InputStream.java 
393048     WARN  main            d.u.i.k.j.r.KeYCrossReferenceNameInfo Datatype java.lang.System declared twice: Once in FILE:/home/runner/work/key/key/key.core/../key.ui/examples/standard_key/java_dl/classpath/System.java and once in URL:file:/home/runner/work/key/key/key.core/build/resources/main/de/uka/ilkd/key/java/JavaRedux/java/lang/System.java, Keeping one from URL:file:/home/runner/work/key/key/key.core/build/resources/main/de/uka/ilkd/key/java/JavaRedux/java/lang/System.java 
393048     WARN  main            d.u.i.k.j.r.KeYCrossReferenceNameInfo Datatype java.io.PrintStream declared twice: Once in FILE:/home/runner/work/key/key/key.core/../key.ui/examples/standard_key/java_dl/classpath/PrintStream.java and once in URL:file:/home/runner/work/key/key/key.core/build/resources/main/de/uka/ilkd/key/java/JavaRedux/java/io/PrintStream.java, Keeping one from URL:file:/home/runner/work/key/key/key.core/build/resources/main/de/uka/ilkd/key/java/JavaRedux/java/io/PrintStream.java 
393051     DEBUG main            d.u.i.k.j.r.ClassFileDeclarationBuilder Parsing: package java.io; public class Closeable { } 
393051     DEBUG main            r.s.KeYCrossReferenceSourceInfo Dynamically created class: java.io.Closeable 
395304     DEBUG main            d.u.i.k.p.i.AbstractProblemLoader Init config took 2.28s 
395320     INFO  main            d.u.i.k.p.i.AbstractProblemLoader Replaying proof reverseArray2.key.proof 
395533     DEBUG main            d.u.i.k.p.i.IntermediateProofReplayer Proof replay took 209.05ms 
395535     DEBUG main            d.u.i.k.p.r.p.TestFile    ... success: reloaded. 
395536     INFO  main            d.u.i.k.p.r.p.TestFile    Now processing file /home/runner/work/key/key/key.core/../key.ui/examples/standard_key/java_dl/simpleAssignment.key 
395536     INFO  main            d.u.i.k.p.i.AbstractProblemLoader Loading environment from /home/runner/work/key/key/key.core/../key.ui/examples/standard_key/java_dl/simpleAssignment.key 
395536     DEBUG main            d.u.i.k.p.i.AbstractProblemLoader Environment load took 70.9ns 
395537     INFO  main            d.u.i.k.p.i.AbstractProblemLoader Creating init config 
397741     DEBUG main            d.u.i.k.p.i.AbstractProblemLoader Init config took 2.2s 
397755     INFO  main            d.u.i.k.p.i.AbstractProblemLoader Replaying proof simpleAssignment.key 
397756     DEBUG main            d.u.i.k.p.i.IntermediateProofReplayer Proof replay took 3ns 
397858     INFO  main            d.u.i.k.p.r.p.TestFile    ... finished proof: closed. 
398370     INFO  main            d.u.i.k.p.i.AbstractProblemLoader Loading environment from /home/runner/work/key/key/key.core/../key.ui/examples/standard_key/java_dl/simpleAssignment.key.proof 
398371     DEBUG main            d.u.i.k.p.i.AbstractProblemLoader Environment load took 75.8ns 
398371     INFO  main            d.u.i.k.p.i.AbstractProblemLoader Creating init config 
400549     DEBUG main            d.u.i.k.p.i.AbstractProblemLoader Init config took 2.18s 
400563     INFO  main            d.u.i.k.p.i.AbstractProblemLoader Replaying proof simpleAssignment.key.proof 
400566     DEBUG main            d.u.i.k.p.i.IntermediateProofReplayer Proof replay took 675.61ns 
400567     DEBUG main            d.u.i.k.p.r.p.TestFile    ... success: reloaded. 
400567     INFO  main            d.u.i.k.p.r.p.TestFile    Now processing file /home/runner/work/key/key/key.core/../key.ui/examples/standard_key/java_dl/simpleAssignment2.key 
400568     INFO  main            d.u.i.k.p.i.AbstractProblemLoader Loading environment from /home/runner/work/key/key/key.core/../key.ui/examples/standard_key/java_dl/simpleAssignment2.key 
400568     DEBUG main            d.u.i.k.p.i.AbstractProblemLoader Environment load took 155.4ns 
400569     INFO  main            d.u.i.k.p.i.AbstractProblemLoader Creating init config 
402755     DEBUG main            d.u.i.k.p.i.AbstractProblemLoader Init config took 2.19s 
402769     INFO  main            d.u.i.k.p.i.AbstractProblemLoader Replaying proof simpleAssignment2.key 
402770     DEBUG main            d.u.i.k.p.i.IntermediateProofReplayer Proof replay took 3.7ns 
402872     INFO  main            d.u.i.k.p.r.p.TestFile    ... finished proof: closed. 
403324     INFO  main            d.u.i.k.p.i.AbstractProblemLoader Loading environment from /home/runner/work/key/key/key.core/../key.ui/examples/standard_key/java_dl/simpleAssignment2.key.proof 
403325     DEBUG main            d.u.i.k.p.i.AbstractProblemLoader Environment load took 80.6ns 
403325     INFO  main            d.u.i.k.p.i.AbstractProblemLoader Creating init config 
405488     DEBUG main            d.u.i.k.p.i.AbstractProblemLoader Init config took 2.16s 
405501     INFO  main            d.u.i.k.p.i.AbstractProblemLoader Replaying proof simpleAssignment2.key.proof 
405503     DEBUG main            d.u.i.k.p.i.IntermediateProofReplayer Proof replay took 386.2ns 
405503     DEBUG main            d.u.i.k.p.r.p.TestFile    ... success: reloaded. 
405504     INFO  main            d.u.i.k.p.r.p.TestFile    Now processing file /home/runner/work/key/key/key.core/../key.ui/examples/standard_key/java_dl/splittingWithQueries.key 
405504     INFO  main            d.u.i.k.p.i.AbstractProblemLoader Loading environment from /home/runner/work/key/key/key.core/../key.ui/examples/standard_key/java_dl/splittingWithQueries.key 
405504     DEBUG main            d.u.i.k.p.i.AbstractProblemLoader Environment load took 67.6ns 
405505     INFO  main            d.u.i.k.p.i.AbstractProblemLoader Creating init config 
407747     DEBUG main            d.u.i.k.p.i.AbstractProblemLoader Init config took 2.24s 
407761     INFO  main            d.u.i.k.p.i.AbstractProblemLoader Replaying proof splittingWithQueries.key 
407762     DEBUG main            d.u.i.k.p.i.IntermediateProofReplayer Proof replay took 2.9ns 
407864     INFO  main            d.u.i.k.p.r.p.TestFile    ... finished proof: closed. 
408320     INFO  main            d.u.i.k.p.i.AbstractProblemLoader Loading environment from /home/runner/work/key/key/key.core/../key.ui/examples/standard_key/java_dl/splittingWithQueries.key.proof 
408321     DEBUG main            d.u.i.k.p.i.AbstractProblemLoader Environment load took 76.5ns 
408322     INFO  main            d.u.i.k.p.i.AbstractProblemLoader Creating init config 
410554     DEBUG main            d.u.i.k.p.i.AbstractProblemLoader Init config took 2.23s 
410571     INFO  main            d.u.i.k.p.i.AbstractProblemLoader Replaying proof splittingWithQueries.key.proof 
410574     DEBUG main            d.u.i.k.p.i.IntermediateProofReplayer Proof replay took 1.65ms 
410575     DEBUG main            d.u.i.k.p.r.p.TestFile    ... success: reloaded. 
410576     INFO  main            d.u.i.k.p.r.p.TestFile    Now processing file /home/runner/work/key/key/key.core/../key.ui/examples/standard_key/java_dl/strassen/strassen.key 
410577     INFO  main            d.u.i.k.p.i.AbstractProblemLoader Loading environment from /home/runner/work/key/key/key.core/../key.ui/examples/standard_key/java_dl/strassen/strassen.key 
410577     DEBUG main            d.u.i.k.p.i.AbstractProblemLoader Environment load took 76.7ns 
410577     INFO  main            d.u.i.k.p.i.AbstractProblemLoader Creating init config 
412906     DEBUG main            d.u.i.k.p.i.AbstractProblemLoader Init config took 2.33s 
412940     INFO  main            d.u.i.k.p.i.AbstractProblemLoader Replaying proof Matrix22[Matrix22::strassen(Matrix22,Matrix22)].JML normal_behavior operation contract.0 
412941     DEBUG main            d.u.i.k.p.i.IntermediateProofReplayer Proof replay took 3ns 
417478     INFO  main            d.u.i.k.p.r.p.TestFile    ... finished proof: closed. 
418077     INFO  main            d.u.i.k.p.i.AbstractProblemLoader Loading environment from /home/runner/work/key/key/key.core/../key.ui/examples/standard_key/java_dl/strassen/strassen.key.proof 
418077     DEBUG main            d.u.i.k.p.i.AbstractProblemLoader Environment load took 105.2ns 
418078     INFO  main            d.u.i.k.p.i.AbstractProblemLoader Creating init config 
420392     DEBUG main            d.u.i.k.p.i.AbstractProblemLoader Init config took 2.31s 
420426     INFO  main            d.u.i.k.p.i.AbstractProblemLoader Replaying proof Matrix22[Matrix22::strassen(Matrix22,Matrix22)].JML normal_behavior operation contract.0 
421153     DEBUG main            d.u.i.k.p.i.IntermediateProofReplayer Proof replay took 717.83ms 
421154     DEBUG main            d.u.i.k.p.r.p.TestFile    ... success: reloaded. 
421155     INFO  main            d.u.i.k.p.r.p.TestFile    Now processing file /home/runner/work/key/key/key.core/../key.ui/examples/standard_key/java_dl/symmArray.key 
421155     INFO  main            d.u.i.k.p.i.AbstractProblemLoader Loading environment from /home/runner/work/key/key/key.core/../key.ui/examples/standard_key/java_dl/symmArray.key 
421155     DEBUG main            d.u.i.k.p.i.AbstractProblemLoader Environment load took 46.8ns 
421158     INFO  main            d.u.i.k.p.i.AbstractProblemLoader Creating init config 
423515     DEBUG main            d.u.i.k.p.i.AbstractProblemLoader Init config took 2.36s 
423530     INFO  main            d.u.i.k.p.i.AbstractProblemLoader Replaying proof symmArray.key 
423532     DEBUG main            d.u.i.k.p.i.IntermediateProofReplayer Proof replay took 2.8ns 
500180     INFO  main            d.u.i.k.p.r.p.TestFile    ... finished proof: closed. 
500765     INFO  main            d.u.i.k.p.i.AbstractProblemLoader Loading environment from /home/runner/work/key/key/key.core/../key.ui/examples/standard_key/java_dl/symmArray.key.proof 
500765     DEBUG main            d.u.i.k.p.i.AbstractProblemLoader Environment load took 338.8ns 
500771     INFO  main            d.u.i.k.p.i.AbstractProblemLoader Creating init config 
503048     DEBUG main            d.u.i.k.p.i.AbstractProblemLoader Init config took 2.28s 
503064     INFO  main            d.u.i.k.p.i.AbstractProblemLoader Replaying proof symmArray.key.proof 
504151     DEBUG main            d.u.i.k.p.i.IntermediateProofReplayer Proof replay took 1.04s 
504157     DEBUG main            d.u.i.k.p.r.p.TestFile    ... success: reloaded. 
504158     INFO  main            d.u.i.k.p.r.p.TestFile    Now processing file /home/runner/work/key/key/key.core/../key.ui/examples/standard_key/java_dl/testcontext.key 
504158     INFO  main            d.u.i.k.p.i.AbstractProblemLoader Loading environment from /home/runner/work/key/key/key.core/../key.ui/examples/standard_key/java_dl/testcontext.key 
504158     DEBUG main            d.u.i.k.p.i.AbstractProblemLoader Environment load took 75.5ns 
504159     INFO  main            d.u.i.k.p.i.AbstractProblemLoader Creating init config 
504179     WARN  main            d.u.i.k.j.r.KeYCrossReferenceNameInfo Datatype java.io.InputStream declared twice: Once in FILE:/home/runner/work/key/key/key.core/../key.ui/examples/standard_key/java_dl/classpath/InputStream.java and once in URL:file:/home/runner/work/key/key/key.core/build/resources/main/de/uka/ilkd/key/java/JavaRedux/java/io/InputStream.java, Keeping one from URL:file:/home/runner/work/key/key/key.core/build/resources/main/de/uka/ilkd/key/java/JavaRedux/java/io/InputStream.java 
504179     WARN  main            d.u.i.k.j.r.KeYCrossReferenceNameInfo Datatype java.lang.System declared twice: Once in FILE:/home/runner/work/key/key/key.core/../key.ui/examples/standard_key/java_dl/classpath/System.java and once in URL:file:/home/runner/work/key/key/key.core/build/resources/main/de/uka/ilkd/key/java/JavaRedux/java/lang/System.java, Keeping one from URL:file:/home/runner/work/key/key/key.core/build/resources/main/de/uka/ilkd/key/java/JavaRedux/java/lang/System.java 
504179     WARN  main            d.u.i.k.j.r.KeYCrossReferenceNameInfo Datatype java.io.PrintStream declared twice: Once in FILE:/home/runner/work/key/key/key.core/../key.ui/examples/standard_key/java_dl/classpath/PrintStream.java and once in URL:file:/home/runner/work/key/key/key.core/build/resources/main/de/uka/ilkd/key/java/JavaRedux/java/io/PrintStream.java, Keeping one from URL:file:/home/runner/work/key/key/key.core/build/resources/main/de/uka/ilkd/key/java/JavaRedux/java/io/PrintStream.java 
504181     DEBUG main            d.u.i.k.j.r.ClassFileDeclarationBuilder Parsing: package java.io; public class Closeable { } 
504182     DEBUG main            r.s.KeYCrossReferenceSourceInfo Dynamically created class: java.io.Closeable 
506490     DEBUG main            d.u.i.k.p.i.AbstractProblemLoader Init config took 2.33s 
506505     INFO  main            d.u.i.k.p.i.AbstractProblemLoader Replaying proof testcontext.key 
506506     DEBUG main            d.u.i.k.p.i.IntermediateProofReplayer Proof replay took 3.2ns 
506811     INFO  main            d.u.i.k.p.r.p.TestFile    ... finished proof: closed. 
507420     INFO  main            d.u.i.k.p.i.AbstractProblemLoader Loading environment from /home/runner/work/key/key/key.core/../key.ui/examples/standard_key/java_dl/testcontext.key.proof 
507420     DEBUG main            d.u.i.k.p.i.AbstractProblemLoader Environment load took 81.4ns 
507421     INFO  main            d.u.i.k.p.i.AbstractProblemLoader Creating init config 
507442     WARN  main            d.u.i.k.j.r.KeYCrossReferenceNameInfo Datatype java.io.InputStream declared twice: Once in FILE:/home/runner/work/key/key/key.core/../key.ui/examples/standard_key/java_dl/classpath/InputStream.java and once in URL:file:/home/runner/work/key/key/key.core/build/resources/main/de/uka/ilkd/key/java/JavaRedux/java/io/InputStream.java, Keeping one from URL:file:/home/runner/work/key/key/key.core/build/resources/main/de/uka/ilkd/key/java/JavaRedux/java/io/InputStream.java 
507442     WARN  main            d.u.i.k.j.r.KeYCrossReferenceNameInfo Datatype java.lang.System declared twice: Once in FILE:/home/runner/work/key/key/key.core/../key.ui/examples/standard_key/java_dl/classpath/System.java and once in URL:file:/home/runner/work/key/key/key.core/build/resources/main/de/uka/ilkd/key/java/JavaRedux/java/lang/System.java, Keeping one from URL:file:/home/runner/work/key/key/key.core/build/resources/main/de/uka/ilkd/key/java/JavaRedux/java/lang/System.java 
507442     WARN  main            d.u.i.k.j.r.KeYCrossReferenceNameInfo Datatype java.io.PrintStream declared twice: Once in FILE:/home/runner/work/key/key/key.core/../key.ui/examples/standard_key/java_dl/classpath/PrintStream.java and once in URL:file:/home/runner/work/key/key/key.core/build/resources/main/de/uka/ilkd/key/java/JavaRedux/java/io/PrintStream.java, Keeping one from URL:file:/home/runner/work/key/key/key.core/build/resources/main/de/uka/ilkd/key/java/JavaRedux/java/io/PrintStream.java 
507445     DEBUG main            d.u.i.k.j.r.ClassFileDeclarationBuilder Parsing: package java.io; public class Closeable { } 
507445     DEBUG main            r.s.KeYCrossReferenceSourceInfo Dynamically created class: java.io.Closeable 
509619     DEBUG main            d.u.i.k.p.i.AbstractProblemLoader Init config took 2.2s 
509633     INFO  main            d.u.i.k.p.i.AbstractProblemLoader Replaying proof testcontext.key.proof 
509687     DEBUG main            d.u.i.k.p.i.IntermediateProofReplayer Proof replay took 51.25ms 
509688     DEBUG main            d.u.i.k.p.r.p.TestFile    ... success: reloaded. 
509689     INFO  main            d.u.i.k.p.r.p.TestFile    Now processing file /home/runner/work/key/key/key.core/../key.ui/examples/standard_key/staticInitialisation/cascadeStaticInitialisation.key 
509689     INFO  main            d.u.i.k.p.i.AbstractProblemLoader Loading environment from /home/runner/work/key/key/key.core/../key.ui/examples/standard_key/staticInitialisation/cascadeStaticInitialisation.key 
509689     DEBUG main            d.u.i.k.p.i.AbstractProblemLoader Environment load took 50ns 
509691     INFO  main            d.u.i.k.p.i.AbstractProblemLoader Creating init config 
509710     WARN  main            d.u.i.k.j.r.KeYCrossReferenceNameInfo Datatype java.lang.System declared twice: Once in FILE:/home/runner/work/key/key/key.core/../key.ui/examples/standard_key/staticInitialisation/classpath/System.java and once in URL:file:/home/runner/work/key/key/key.core/build/resources/main/de/uka/ilkd/key/java/JavaRedux/java/lang/System.java, Keeping one from URL:file:/home/runner/work/key/key/key.core/build/resources/main/de/uka/ilkd/key/java/JavaRedux/java/lang/System.java 
509710     WARN  main            d.u.i.k.j.r.KeYCrossReferenceNameInfo Datatype java.io.PrintStream declared twice: Once in FILE:/home/runner/work/key/key/key.core/../key.ui/examples/standard_key/staticInitialisation/classpath/PrintStream.java and once in URL:file:/home/runner/work/key/key/key.core/build/resources/main/de/uka/ilkd/key/java/JavaRedux/java/io/PrintStream.java, Keeping one from URL:file:/home/runner/work/key/key/key.core/build/resources/main/de/uka/ilkd/key/java/JavaRedux/java/io/PrintStream.java 
512016     DEBUG main            d.u.i.k.p.i.AbstractProblemLoader Init config took 2.32s 
512031     INFO  main            d.u.i.k.p.i.AbstractProblemLoader Replaying proof cascadeStaticInitialisation.key 
512032     DEBUG main            d.u.i.k.p.i.IntermediateProofReplayer Proof replay took 3ns 
512636     INFO  main            d.u.i.k.p.r.p.TestFile    ... finished proof: closed. 
513180     INFO  main            d.u.i.k.p.i.AbstractProblemLoader Loading environment from /home/runner/work/key/key/key.core/../key.ui/examples/standard_key/staticInitialisation/cascadeStaticInitialisation.key.proof 
513180     DEBUG main            d.u.i.k.p.i.AbstractProblemLoader Environment load took 93.8ns 
513181     INFO  main            d.u.i.k.p.i.AbstractProblemLoader Creating init config 
513201     WARN  main            d.u.i.k.j.r.KeYCrossReferenceNameInfo Datatype java.lang.System declared twice: Once in FILE:/home/runner/work/key/key/key.core/../key.ui/examples/standard_key/staticInitialisation/classpath/System.java and once in URL:file:/home/runner/work/key/key/key.core/build/resources/main/de/uka/ilkd/key/java/JavaRedux/java/lang/System.java, Keeping one from URL:file:/home/runner/work/key/key/key.core/build/resources/main/de/uka/ilkd/key/java/JavaRedux/java/lang/System.java 
513202     WARN  main            d.u.i.k.j.r.KeYCrossReferenceNameInfo Datatype java.io.PrintStream declared twice: Once in FILE:/home/runner/work/key/key/key.core/../key.ui/examples/standard_key/staticInitialisation/classpath/PrintStream.java and once in URL:file:/home/runner/work/key/key/key.core/build/resources/main/de/uka/ilkd/key/java/JavaRedux/java/io/PrintStream.java, Keeping one from URL:file:/home/runner/work/key/key/key.core/build/resources/main/de/uka/ilkd/key/java/JavaRedux/java/io/PrintStream.java 
515391     DEBUG main            d.u.i.k.p.i.AbstractProblemLoader Init config took 2.21s 
515405     INFO  main            d.u.i.k.p.i.AbstractProblemLoader Replaying proof cascadeStaticInitialisation.key.proof 
515543     DEBUG main            d.u.i.k.p.i.IntermediateProofReplayer Proof replay took 135.25ms 
515545     DEBUG main            d.u.i.k.p.r.p.TestFile    ... success: reloaded. 
515545     INFO  main            d.u.i.k.p.r.p.TestFile    Now processing file /home/runner/work/key/key/key.core/../key.ui/examples/standard_key/staticInitialisation/erroneousClassImpliesErroneousSubclass.key 
515545     INFO  main            d.u.i.k.p.i.AbstractProblemLoader Loading environment from /home/runner/work/key/key/key.core/../key.ui/examples/standard_key/staticInitialisation/erroneousClassImpliesErroneousSubclass.key 
515545     DEBUG main            d.u.i.k.p.i.AbstractProblemLoader Environment load took 46.1ns 
515546     INFO  main            d.u.i.k.p.i.AbstractProblemLoader Creating init config 
515565     WARN  main            d.u.i.k.j.r.KeYCrossReferenceNameInfo Datatype java.lang.System declared twice: Once in FILE:/home/runner/work/key/key/key.core/../key.ui/examples/standard_key/staticInitialisation/classpath/System.java and once in URL:file:/home/runner/work/key/key/key.core/build/resources/main/de/uka/ilkd/key/java/JavaRedux/java/lang/System.java, Keeping one from URL:file:/home/runner/work/key/key/key.core/build/resources/main/de/uka/ilkd/key/java/JavaRedux/java/lang/System.java 
515565     WARN  main            d.u.i.k.j.r.KeYCrossReferenceNameInfo Datatype java.io.PrintStream declared twice: Once in FILE:/home/runner/work/key/key/key.core/../key.ui/examples/standard_key/staticInitialisation/classpath/PrintStream.java and once in URL:file:/home/runner/work/key/key/key.core/build/resources/main/de/uka/ilkd/key/java/JavaRedux/java/io/PrintStream.java, Keeping one from URL:file:/home/runner/work/key/key/key.core/build/resources/main/de/uka/ilkd/key/java/JavaRedux/java/io/PrintStream.java 
517869     DEBUG main            d.u.i.k.p.i.AbstractProblemLoader Init config took 2.32s 
517882     INFO  main            d.u.i.k.p.i.AbstractProblemLoader Replaying proof erroneousClassImpliesErroneousSubclass.key 
517883     DEBUG main            d.u.i.k.p.i.IntermediateProofReplayer Proof replay took 3.2ns 
517985     INFO  main            d.u.i.k.p.r.p.TestFile    ... finished proof: closed. 
518511     INFO  main            d.u.i.k.p.i.AbstractProblemLoader Loading environment from /home/runner/work/key/key/key.core/../key.ui/examples/standard_key/staticInitialisation/erroneousClassImpliesErroneousSubclass.key.proof 
518511     DEBUG main            d.u.i.k.p.i.AbstractProblemLoader Environment load took 83.6ns 
518512     INFO  main            d.u.i.k.p.i.AbstractProblemLoader Creating init config 
518532     WARN  main            d.u.i.k.j.r.KeYCrossReferenceNameInfo Datatype java.lang.System declared twice: Once in FILE:/home/runner/work/key/key/key.core/../key.ui/examples/standard_key/staticInitialisation/classpath/System.java and once in URL:file:/home/runner/work/key/key/key.core/build/resources/main/de/uka/ilkd/key/java/JavaRedux/java/lang/System.java, Keeping one from URL:file:/home/runner/work/key/key/key.core/build/resources/main/de/uka/ilkd/key/java/JavaRedux/java/lang/System.java 
518532     WARN  main            d.u.i.k.j.r.KeYCrossReferenceNameInfo Datatype java.io.PrintStream declared twice: Once in FILE:/home/runner/work/key/key/key.core/../key.ui/examples/standard_key/staticInitialisation/classpath/PrintStream.java and once in URL:file:/home/runner/work/key/key/key.core/build/resources/main/de/uka/ilkd/key/java/JavaRedux/java/io/PrintStream.java, Keeping one from URL:file:/home/runner/work/key/key/key.core/build/resources/main/de/uka/ilkd/key/java/JavaRedux/java/io/PrintStream.java 
520793     DEBUG main            d.u.i.k.p.i.AbstractProblemLoader Init config took 2.28s 
520806     INFO  main            d.u.i.k.p.i.AbstractProblemLoader Replaying proof erroneousClassImpliesErroneousSubclass.key.proof 
520808     DEBUG main            d.u.i.k.p.i.IntermediateProofReplayer Proof replay took 477.5ns 
520809     DEBUG main            d.u.i.k.p.r.p.TestFile    ... success: reloaded. 
520810     INFO  main            d.u.i.k.p.r.p.TestFile    Now processing file /home/runner/work/key/key/key.core/../key.ui/examples/standard_key/staticInitialisation/initializedSubclassImpliesInitializedSuperclass.key 
520810     INFO  main            d.u.i.k.p.i.AbstractProblemLoader Loading environment from /home/runner/work/key/key/key.core/../key.ui/examples/standard_key/staticInitialisation/initializedSubclassImpliesInitializedSuperclass.key 
520810     DEBUG main            d.u.i.k.p.i.AbstractProblemLoader Environment load took 55.5ns 
520811     INFO  main            d.u.i.k.p.i.AbstractProblemLoader Creating init config 
520829     WARN  main            d.u.i.k.j.r.KeYCrossReferenceNameInfo Datatype java.lang.System declared twice: Once in FILE:/home/runner/work/key/key/key.core/../key.ui/examples/standard_key/staticInitialisation/classpath/System.java and once in URL:file:/home/runner/work/key/key/key.core/build/resources/main/de/uka/ilkd/key/java/JavaRedux/java/lang/System.java, Keeping one from URL:file:/home/runner/work/key/key/key.core/build/resources/main/de/uka/ilkd/key/java/JavaRedux/java/lang/System.java 
520829     WARN  main            d.u.i.k.j.r.KeYCrossReferenceNameInfo Datatype java.io.PrintStream declared twice: Once in FILE:/home/runner/work/key/key/key.core/../key.ui/examples/standard_key/staticInitialisation/classpath/PrintStream.java and once in URL:file:/home/runner/work/key/key/key.core/build/resources/main/de/uka/ilkd/key/java/JavaRedux/java/io/PrintStream.java, Keeping one from URL:file:/home/runner/work/key/key/key.core/build/resources/main/de/uka/ilkd/key/java/JavaRedux/java/io/PrintStream.java 
523034     DEBUG main            d.u.i.k.p.i.AbstractProblemLoader Init config took 2.22s 
523047     INFO  main            d.u.i.k.p.i.AbstractProblemLoader Replaying proof initializedSubclassImpliesInitializedSuperclass.key 
523048     DEBUG main            d.u.i.k.p.i.IntermediateProofReplayer Proof replay took 2.8ns 
523150     INFO  main            d.u.i.k.p.r.p.TestFile    ... finished proof: closed. 
523640     INFO  main            d.u.i.k.p.i.AbstractProblemLoader Loading environment from /home/runner/work/key/key/key.core/../key.ui/examples/standard_key/staticInitialisation/initializedSubclassImpliesInitializedSuperclass.key.proof 
523640     DEBUG main            d.u.i.k.p.i.AbstractProblemLoader Environment load took 78.3ns 
523641     INFO  main            d.u.i.k.p.i.AbstractProblemLoader Creating init config 
523660     WARN  main            d.u.i.k.j.r.KeYCrossReferenceNameInfo Datatype java.lang.System declared twice: Once in FILE:/home/runner/work/key/key/key.core/../key.ui/examples/standard_key/staticInitialisation/classpath/System.java and once in URL:file:/home/runner/work/key/key/key.core/build/resources/main/de/uka/ilkd/key/java/JavaRedux/java/lang/System.java, Keeping one from URL:file:/home/runner/work/key/key/key.core/build/resources/main/de/uka/ilkd/key/java/JavaRedux/java/lang/System.java 
523660     WARN  main            d.u.i.k.j.r.KeYCrossReferenceNameInfo Datatype java.io.PrintStream declared twice: Once in FILE:/home/runner/work/key/key/key.core/../key.ui/examples/standard_key/staticInitialisation/classpath/PrintStream.java and once in URL:file:/home/runner/work/key/key/key.core/build/resources/main/de/uka/ilkd/key/java/JavaRedux/java/io/PrintStream.java, Keeping one from URL:file:/home/runner/work/key/key/key.core/build/resources/main/de/uka/ilkd/key/java/JavaRedux/java/io/PrintStream.java 
525841     DEBUG main            d.u.i.k.p.i.AbstractProblemLoader Init config took 2.2s 
525855     INFO  main            d.u.i.k.p.i.AbstractProblemLoader Replaying proof initializedSubclassImpliesInitializedSuperclass.key.proof 
525856     DEBUG main            d.u.i.k.p.i.IntermediateProofReplayer Proof replay took 382.8ns 
525857     DEBUG main            d.u.i.k.p.r.p.TestFile    ... success: reloaded. 
525858     INFO  main            d.u.i.k.p.r.p.TestFile    Now processing file /home/runner/work/key/key/key.core/../key.ui/examples/standard_key/staticInitialisation/localDeclared.key 
525858     INFO  main            d.u.i.k.p.i.AbstractProblemLoader Loading environment from /home/runner/work/key/key/key.core/../key.ui/examples/standard_key/staticInitialisation/localDeclared.key 
525858     DEBUG main            d.u.i.k.p.i.AbstractProblemLoader Environment load took 81.8ns 
525860     INFO  main            d.u.i.k.p.i.AbstractProblemLoader Creating init config 
525878     WARN  main            d.u.i.k.j.r.KeYCrossReferenceNameInfo Datatype java.lang.System declared twice: Once in FILE:/home/runner/work/key/key/key.core/../key.ui/examples/standard_key/staticInitialisation/classpath/System.java and once in URL:file:/home/runner/work/key/key/key.core/build/resources/main/de/uka/ilkd/key/java/JavaRedux/java/lang/System.java, Keeping one from URL:file:/home/runner/work/key/key/key.core/build/resources/main/de/uka/ilkd/key/java/JavaRedux/java/lang/System.java 
525878     WARN  main            d.u.i.k.j.r.KeYCrossReferenceNameInfo Datatype java.io.PrintStream declared twice: Once in FILE:/home/runner/work/key/key/key.core/../key.ui/examples/standard_key/staticInitialisation/classpath/PrintStream.java and once in URL:file:/home/runner/work/key/key/key.core/build/resources/main/de/uka/ilkd/key/java/JavaRedux/java/io/PrintStream.java, Keeping one from URL:file:/home/runner/work/key/key/key.core/build/resources/main/de/uka/ilkd/key/java/JavaRedux/java/io/PrintStream.java 
528086     DEBUG main            d.u.i.k.p.i.AbstractProblemLoader Init config took 2.23s 
528101     INFO  main            d.u.i.k.p.i.AbstractProblemLoader Replaying proof localDeclared.key 
528102     DEBUG main            d.u.i.k.p.i.IntermediateProofReplayer Proof replay took 3.1ns 
528404     INFO  main            d.u.i.k.p.r.p.TestFile    ... finished proof: closed. 
528925     INFO  main            d.u.i.k.p.i.AbstractProblemLoader Loading environment from /home/runner/work/key/key/key.core/../key.ui/examples/standard_key/staticInitialisation/localDeclared.key.proof 
528925     DEBUG main            d.u.i.k.p.i.AbstractProblemLoader Environment load took 98.8ns 
528926     INFO  main            d.u.i.k.p.i.AbstractProblemLoader Creating init config 
528945     WARN  main            d.u.i.k.j.r.KeYCrossReferenceNameInfo Datatype java.lang.System declared twice: Once in FILE:/home/runner/work/key/key/key.core/../key.ui/examples/standard_key/staticInitialisation/classpath/System.java and once in URL:file:/home/runner/work/key/key/key.core/build/resources/main/de/uka/ilkd/key/java/JavaRedux/java/lang/System.java, Keeping one from URL:file:/home/runner/work/key/key/key.core/build/resources/main/de/uka/ilkd/key/java/JavaRedux/java/lang/System.java 
528945     WARN  main            d.u.i.k.j.r.KeYCrossReferenceNameInfo Datatype java.io.PrintStream declared twice: Once in FILE:/home/runner/work/key/key/key.core/../key.ui/examples/standard_key/staticInitialisation/classpath/PrintStream.java and once in URL:file:/home/runner/work/key/key/key.core/build/resources/main/de/uka/ilkd/key/java/JavaRedux/java/io/PrintStream.java, Keeping one from URL:file:/home/runner/work/key/key/key.core/build/resources/main/de/uka/ilkd/key/java/JavaRedux/java/io/PrintStream.java 
531145     DEBUG main            d.u.i.k.p.i.AbstractProblemLoader Init config took 2.22s 
531159     INFO  main            d.u.i.k.p.i.AbstractProblemLoader Replaying proof localDeclared.key.proof 
531214     DEBUG main            d.u.i.k.p.i.IntermediateProofReplayer Proof replay took 52.75ms 
531216     DEBUG main            d.u.i.k.p.r.p.TestFile    ... success: reloaded. 
531216     INFO  main            d.u.i.k.p.r.p.TestFile    Now processing file /home/runner/work/key/key/key.core/../key.ui/examples/standard_key/staticInitialisation/localDeclaredMethod.key 
531217     INFO  main            d.u.i.k.p.i.AbstractProblemLoader Loading environment from /home/runner/work/key/key/key.core/../key.ui/examples/standard_key/staticInitialisation/localDeclaredMethod.key 
531217     DEBUG main            d.u.i.k.p.i.AbstractProblemLoader Environment load took 91.6ns 
531218     INFO  main            d.u.i.k.p.i.AbstractProblemLoader Creating init config 
531237     WARN  main            d.u.i.k.j.r.KeYCrossReferenceNameInfo Datatype java.lang.System declared twice: Once in FILE:/home/runner/work/key/key/key.core/../key.ui/examples/standard_key/staticInitialisation/classpath/System.java and once in URL:file:/home/runner/work/key/key/key.core/build/resources/main/de/uka/ilkd/key/java/JavaRedux/java/lang/System.java, Keeping one from URL:file:/home/runner/work/key/key/key.core/build/resources/main/de/uka/ilkd/key/java/JavaRedux/java/lang/System.java 
531237     WARN  main            d.u.i.k.j.r.KeYCrossReferenceNameInfo Datatype java.io.PrintStream declared twice: Once in FILE:/home/runner/work/key/key/key.core/../key.ui/examples/standard_key/staticInitialisation/classpath/PrintStream.java and once in URL:file:/home/runner/work/key/key/key.core/build/resources/main/de/uka/ilkd/key/java/JavaRedux/java/io/PrintStream.java, Keeping one from URL:file:/home/runner/work/key/key/key.core/build/resources/main/de/uka/ilkd/key/java/JavaRedux/java/io/PrintStream.java 
533451     DEBUG main            d.u.i.k.p.i.AbstractProblemLoader Init config took 2.23s 
533465     INFO  main            d.u.i.k.p.i.AbstractProblemLoader Replaying proof localDeclaredMethod.key 
533466     DEBUG main            d.u.i.k.p.i.IntermediateProofReplayer Proof replay took 2.6ns 
533669     INFO  main            d.u.i.k.p.r.p.TestFile    ... finished proof: closed. 
534199     INFO  main            d.u.i.k.p.i.AbstractProblemLoader Loading environment from /home/runner/work/key/key/key.core/../key.ui/examples/standard_key/staticInitialisation/localDeclaredMethod.key.proof 
534199     DEBUG main            d.u.i.k.p.i.AbstractProblemLoader Environment load took 84.5ns 
534200     INFO  main            d.u.i.k.p.i.AbstractProblemLoader Creating init config 
534220     WARN  main            d.u.i.k.j.r.KeYCrossReferenceNameInfo Datatype java.lang.System declared twice: Once in FILE:/home/runner/work/key/key/key.core/../key.ui/examples/standard_key/staticInitialisation/classpath/System.java and once in URL:file:/home/runner/work/key/key/key.core/build/resources/main/de/uka/ilkd/key/java/JavaRedux/java/lang/System.java, Keeping one from URL:file:/home/runner/work/key/key/key.core/build/resources/main/de/uka/ilkd/key/java/JavaRedux/java/lang/System.java 
534220     WARN  main            d.u.i.k.j.r.KeYCrossReferenceNameInfo Datatype java.io.PrintStream declared twice: Once in FILE:/home/runner/work/key/key/key.core/../key.ui/examples/standard_key/staticInitialisation/classpath/PrintStream.java and once in URL:file:/home/runner/work/key/key/key.core/build/resources/main/de/uka/ilkd/key/java/JavaRedux/java/io/PrintStream.java, Keeping one from URL:file:/home/runner/work/key/key/key.core/build/resources/main/de/uka/ilkd/key/java/JavaRedux/java/io/PrintStream.java 
536408     DEBUG main            d.u.i.k.p.i.AbstractProblemLoader Init config took 2.21s 
536423     INFO  main            d.u.i.k.p.i.AbstractProblemLoader Replaying proof localDeclaredMethod.key.proof 
536473     DEBUG main            d.u.i.k.p.i.IntermediateProofReplayer Proof replay took 48.5ms 
536474     DEBUG main            d.u.i.k.p.r.p.TestFile    ... success: reloaded. 
536475     INFO  main            d.u.i.k.p.r.p.TestFile    Now processing file /home/runner/work/key/key/key.core/../key.ui/examples/standard_key/staticInitialisation/objectOfErroneousClass.key 
536475     INFO  main            d.u.i.k.p.i.AbstractProblemLoader Loading environment from /home/runner/work/key/key/key.core/../key.ui/examples/standard_key/staticInitialisation/objectOfErroneousClass.key 
536475     DEBUG main            d.u.i.k.p.i.AbstractProblemLoader Environment load took 89.1ns 
536476     INFO  main            d.u.i.k.p.i.AbstractProblemLoader Creating init config 
536495     WARN  main            d.u.i.k.j.r.KeYCrossReferenceNameInfo Datatype java.lang.System declared twice: Once in FILE:/home/runner/work/key/key/key.core/../key.ui/examples/standard_key/staticInitialisation/classpath/System.java and once in URL:file:/home/runner/work/key/key/key.core/build/resources/main/de/uka/ilkd/key/java/JavaRedux/java/lang/System.java, Keeping one from URL:file:/home/runner/work/key/key/key.core/build/resources/main/de/uka/ilkd/key/java/JavaRedux/java/lang/System.java 
536495     WARN  main            d.u.i.k.j.r.KeYCrossReferenceNameInfo Datatype java.io.PrintStream declared twice: Once in FILE:/home/runner/work/key/key/key.core/../key.ui/examples/standard_key/staticInitialisation/classpath/PrintStream.java and once in URL:file:/home/runner/work/key/key/key.core/build/resources/main/de/uka/ilkd/key/java/JavaRedux/java/io/PrintStream.java, Keeping one from URL:file:/home/runner/work/key/key/key.core/build/resources/main/de/uka/ilkd/key/java/JavaRedux/java/io/PrintStream.java 
538718     DEBUG main            d.u.i.k.p.i.AbstractProblemLoader Init config took 2.24s 
538733     INFO  main            d.u.i.k.p.i.AbstractProblemLoader Replaying proof objectOfErroneousClass.key 
538735     DEBUG main            d.u.i.k.p.i.IntermediateProofReplayer Proof replay took 2.9ns 
550353     INFO  main            d.u.i.k.p.r.p.TestFile    ... finished proof: closed. 
550957     INFO  main            d.u.i.k.p.i.AbstractProblemLoader Loading environment from /home/runner/work/key/key/key.core/../key.ui/examples/standard_key/staticInitialisation/objectOfErroneousClass.key.proof 
550958     DEBUG main            d.u.i.k.p.i.AbstractProblemLoader Environment load took 91.4ns 
550961     INFO  main            d.u.i.k.p.i.AbstractProblemLoader Creating init config 
550981     WARN  main            d.u.i.k.j.r.KeYCrossReferenceNameInfo Datatype java.lang.System declared twice: Once in FILE:/home/runner/work/key/key/key.core/../key.ui/examples/standard_key/staticInitialisation/classpath/System.java and once in URL:file:/home/runner/work/key/key/key.core/build/resources/main/de/uka/ilkd/key/java/JavaRedux/java/lang/System.java, Keeping one from URL:file:/home/runner/work/key/key/key.core/build/resources/main/de/uka/ilkd/key/java/JavaRedux/java/lang/System.java 
550981     WARN  main            d.u.i.k.j.r.KeYCrossReferenceNameInfo Datatype java.io.PrintStream declared twice: Once in FILE:/home/runner/work/key/key/key.core/../key.ui/examples/standard_key/staticInitialisation/classpath/PrintStream.java and once in URL:file:/home/runner/work/key/key/key.core/build/resources/main/de/uka/ilkd/key/java/JavaRedux/java/io/PrintStream.java, Keeping one from URL:file:/home/runner/work/key/key/key.core/build/resources/main/de/uka/ilkd/key/java/JavaRedux/java/io/PrintStream.java 
553180     DEBUG main            d.u.i.k.p.i.AbstractProblemLoader Init config took 2.22s 
553196     INFO  main            d.u.i.k.p.i.AbstractProblemLoader Replaying proof objectOfErroneousClass.key.proof 
555263     DEBUG main            d.u.i.k.p.i.IntermediateProofReplayer Proof replay took 2.04s 
555267     DEBUG main            d.u.i.k.p.r.p.TestFile    ... success: reloaded. 
555268     INFO  main            d.u.i.k.p.r.p.TestFile    Now processing file /home/runner/work/key/key/key.core/../key.ui/examples/standard_key/staticInitialisation/staticInitialisersAreNonSimple.key 
555268     INFO  main            d.u.i.k.p.i.AbstractProblemLoader Loading environment from /home/runner/work/key/key/key.core/../key.ui/examples/standard_key/staticInitialisation/staticInitialisersAreNonSimple.key 
555268     DEBUG main            d.u.i.k.p.i.AbstractProblemLoader Environment load took 73.1ns 
555270     INFO  main            d.u.i.k.p.i.AbstractProblemLoader Creating init config 
555288     WARN  main            d.u.i.k.j.r.KeYCrossReferenceNameInfo Datatype java.lang.System declared twice: Once in FILE:/home/runner/work/key/key/key.core/../key.ui/examples/standard_key/staticInitialisation/classpath/System.java and once in URL:file:/home/runner/work/key/key/key.core/build/resources/main/de/uka/ilkd/key/java/JavaRedux/java/lang/System.java, Keeping one from URL:file:/home/runner/work/key/key/key.core/build/resources/main/de/uka/ilkd/key/java/JavaRedux/java/lang/System.java 
555288     WARN  main            d.u.i.k.j.r.KeYCrossReferenceNameInfo Datatype java.io.PrintStream declared twice: Once in FILE:/home/runner/work/key/key/key.core/../key.ui/examples/standard_key/staticInitialisation/classpath/PrintStream.java and once in URL:file:/home/runner/work/key/key/key.core/build/resources/main/de/uka/ilkd/key/java/JavaRedux/java/io/PrintStream.java, Keeping one from URL:file:/home/runner/work/key/key/key.core/build/resources/main/de/uka/ilkd/key/java/JavaRedux/java/io/PrintStream.java 
557641     DEBUG main            d.u.i.k.p.i.AbstractProblemLoader Init config took 2.37s 
557656     INFO  main            d.u.i.k.p.i.AbstractProblemLoader Replaying proof staticInitialisersAreNonSimple.key 
557657     DEBUG main            d.u.i.k.p.i.IntermediateProofReplayer Proof replay took 3.3ns 
557962     INFO  main            d.u.i.k.p.r.p.TestFile    ... finished proof: closed. 
558580     INFO  main            d.u.i.k.p.i.AbstractProblemLoader Loading environment from /home/runner/work/key/key/key.core/../key.ui/examples/standard_key/staticInitialisation/staticInitialisersAreNonSimple.key.proof 
558580     DEBUG main            d.u.i.k.p.i.AbstractProblemLoader Environment load took 82.4ns 
558583     INFO  main            d.u.i.k.p.i.AbstractProblemLoader Creating init config 
558603     WARN  main            d.u.i.k.j.r.KeYCrossReferenceNameInfo Datatype java.lang.System declared twice: Once in FILE:/home/runner/work/key/key/key.core/../key.ui/examples/standard_key/staticInitialisation/classpath/System.java and once in URL:file:/home/runner/work/key/key/key.core/build/resources/main/de/uka/ilkd/key/java/JavaRedux/java/lang/System.java, Keeping one from URL:file:/home/runner/work/key/key/key.core/build/resources/main/de/uka/ilkd/key/java/JavaRedux/java/lang/System.java 
558604     WARN  main            d.u.i.k.j.r.KeYCrossReferenceNameInfo Datatype java.io.PrintStream declared twice: Once in FILE:/home/runner/work/key/key/key.core/../key.ui/examples/standard_key/staticInitialisation/classpath/PrintStream.java and once in URL:file:/home/runner/work/key/key/key.core/build/resources/main/de/uka/ilkd/key/java/JavaRedux/java/io/PrintStream.java, Keeping one from URL:file:/home/runner/work/key/key/key.core/build/resources/main/de/uka/ilkd/key/java/JavaRedux/java/io/PrintStream.java 
560868     DEBUG main            d.u.i.k.p.i.AbstractProblemLoader Init config took 2.29s 
560883     INFO  main            d.u.i.k.p.i.AbstractProblemLoader Replaying proof staticInitialisersAreNonSimple.key.proof 
560958     DEBUG main            d.u.i.k.p.i.IntermediateProofReplayer Proof replay took 71.53ms 
560960     DEBUG main            d.u.i.k.p.r.p.TestFile    ... success: reloaded. 
560960     INFO  main            d.u.i.k.p.r.p.TestFile    Now processing file /home/runner/work/key/key/key.core/../key.ui/examples/standard_key/types/disjoint.key 
560960     INFO  main            d.u.i.k.p.i.AbstractProblemLoader Loading environment from /home/runner/work/key/key/key.core/../key.ui/examples/standard_key/types/disjoint.key 
560960     DEBUG main            d.u.i.k.p.i.AbstractProblemLoader Environment load took 100.9ns 
560961     INFO  main            d.u.i.k.p.i.AbstractProblemLoader Creating init config 
563158     DEBUG main            d.u.i.k.p.i.AbstractProblemLoader Init config took 2.2s 
563176     INFO  main            d.u.i.k.p.i.AbstractProblemLoader Replaying proof disjoint.key 
563178     DEBUG main            d.u.i.k.p.i.IntermediateProofReplayer Proof replay took 3.4ns 
563280     INFO  main            d.u.i.k.p.r.p.TestFile    ... finished proof: closed. 
563828     INFO  main            d.u.i.k.p.i.AbstractProblemLoader Loading environment from /home/runner/work/key/key/key.core/../key.ui/examples/standard_key/types/disjoint.key.proof 
563828     DEBUG main            d.u.i.k.p.i.AbstractProblemLoader Environment load took 83.3ns 
563829     INFO  main            d.u.i.k.p.i.AbstractProblemLoader Creating init config 
565977     DEBUG main            d.u.i.k.p.i.AbstractProblemLoader Init config took 2.15s 
565991     INFO  main            d.u.i.k.p.i.AbstractProblemLoader Replaying proof disjoint.key.proof 
565992     DEBUG main            d.u.i.k.p.i.IntermediateProofReplayer Proof replay took 490.1ns 
565993     DEBUG main            d.u.i.k.p.r.p.TestFile    ... success: reloaded. 
565993     INFO  main            d.u.i.k.p.r.p.TestFile    Now processing file /home/runner/work/key/key/key.core/../key.ui/examples/../../key.core/src/test/resources/testcase/classpath/classpath.key 
565994     INFO  main            d.u.i.k.p.i.AbstractProblemLoader Loading environment from /home/runner/work/key/key/key.core/../key.ui/examples/../../key.core/src/test/resources/testcase/classpath/classpath.key 
565994     DEBUG main            d.u.i.k.p.i.AbstractProblemLoader Environment load took 119.8ns 
565994     INFO  main            d.u.i.k.p.i.AbstractProblemLoader Creating init config 
566019     WARN  main            d.u.i.k.j.r.KeYCrossReferenceNameInfo Datatype cp.C declared twice: Once in FILE:/home/runner/work/key/key/key.core/../key.ui/examples/../../key.core/src/test/resources/testcase/classpath/classpath/C.class and once in FILE:/home/runner/work/key/key/key.core/../key.ui/examples/../../key.core/src/test/resources/testcase/classpath/classpath/C.jml, Keeping one from FILE:/home/runner/work/key/key/key.core/../key.ui/examples/../../key.core/src/test/resources/testcase/classpath/classpath/C.jml 
566023     DEBUG main            d.u.i.k.j.r.ClassFileDeclarationBuilder Parsing: package cp; public class Unresolved1 { } 
566023     DEBUG main            r.s.KeYCrossReferenceSourceInfo Dynamically created class: cp.Unresolved1 
566024     DEBUG main            d.u.i.k.j.r.ClassFileDeclarationBuilder Parsing: package cp; public class Unresolved2 { } 
566024     DEBUG main            r.s.KeYCrossReferenceSourceInfo Dynamically created class: cp.Unresolved2 
568340     DEBUG main            d.u.i.k.p.i.AbstractProblemLoader Init config took 2.35s 
568355     INFO  main            d.u.i.k.p.i.AbstractProblemLoader Replaying proof classpath.key 
568357     DEBUG main            d.u.i.k.p.i.IntermediateProofReplayer Proof replay took 2.6ns 
568458     INFO  main            d.u.i.k.p.r.p.TestFile    ... finished proof: closed. 
569013     INFO  main            d.u.i.k.p.i.AbstractProblemLoader Loading environment from /home/runner/work/key/key/key.core/../key.ui/examples/../../key.core/src/test/resources/testcase/classpath/classpath.key.proof 
569013     DEBUG main            d.u.i.k.p.i.AbstractProblemLoader Environment load took 75.5ns 
569014     INFO  main            d.u.i.k.p.i.AbstractProblemLoader Creating init config 
569043     WARN  main            d.u.i.k.j.r.KeYCrossReferenceNameInfo Datatype cp.C declared twice: Once in FILE:/home/runner/work/key/key/key.core/../key.ui/examples/../../key.core/src/test/resources/testcase/classpath/classpath/C.class and once in FILE:/home/runner/work/key/key/key.core/../key.ui/examples/../../key.core/src/test/resources/testcase/classpath/classpath/C.jml, Keeping one from FILE:/home/runner/work/key/key/key.core/../key.ui/examples/../../key.core/src/test/resources/testcase/classpath/classpath/C.jml 
569047     DEBUG main            d.u.i.k.j.r.ClassFileDeclarationBuilder Parsing: package cp; public class Unresolved1 { } 
569047     DEBUG main            r.s.KeYCrossReferenceSourceInfo Dynamically created class: cp.Unresolved1 
569047     DEBUG main            d.u.i.k.j.r.ClassFileDeclarationBuilder Parsing: package cp; public class Unresolved2 { } 
569047     DEBUG main            r.s.KeYCrossReferenceSourceInfo Dynamically created class: cp.Unresolved2 
571316     DEBUG main            d.u.i.k.p.i.AbstractProblemLoader Init config took 2.3s 
571332     INFO  main            d.u.i.k.p.i.AbstractProblemLoader Replaying proof classpath.key.proof 
571334     DEBUG main            d.u.i.k.p.i.IntermediateProofReplayer Proof replay took 513.4ns 
571336     DEBUG main            d.u.i.k.p.r.p.TestFile    ... success: reloaded. 
571337     INFO  main            d.u.i.k.p.r.p.TestFile    Now processing file /home/runner/work/key/key/key.core/../key.ui/examples/heap/inconsistent_represents/MyClass_m.key 
571337     INFO  main            d.u.i.k.p.i.AbstractProblemLoader Loading environment from /home/runner/work/key/key/key.core/../key.ui/examples/heap/inconsistent_represents/MyClass_m.key 
571337     DEBUG main            d.u.i.k.p.i.AbstractProblemLoader Environment load took 148.8ns 
571338     INFO  main            d.u.i.k.p.i.AbstractProblemLoader Creating init config 
573621     DEBUG main            d.u.i.k.p.i.AbstractProblemLoader Init config took 2.28s 
573657     INFO  main            d.u.i.k.p.i.AbstractProblemLoader Replaying proof MyClass[MyClass::m()].JML operation contract.0 
573658     DEBUG main            d.u.i.k.p.i.IntermediateProofReplayer Proof replay took 3ns 
573760     INFO  main            d.u.i.k.p.r.p.TestFile    ... finished proof: open goal(s) 
574297     INFO  main            d.u.i.k.p.r.p.TestFile    Now processing file /home/runner/work/key/key/key.core/../key.ui/examples/heap/inconsistent_represents/MyClass_n.key 
574297     INFO  main            d.u.i.k.p.i.AbstractProblemLoader Loading environment from /home/runner/work/key/key/key.core/../key.ui/examples/heap/inconsistent_represents/MyClass_n.key 
574297     DEBUG main            d.u.i.k.p.i.AbstractProblemLoader Environment load took 48.8ns 
574298     INFO  main            d.u.i.k.p.i.AbstractProblemLoader Creating init config 
576559     DEBUG main            d.u.i.k.p.i.AbstractProblemLoader Init config took 2.26s 
576592     INFO  main            d.u.i.k.p.i.AbstractProblemLoader Replaying proof MyClass[MyClass::n()].JML operation contract.0 
576593     DEBUG main            d.u.i.k.p.i.IntermediateProofReplayer Proof replay took 2.4ns 
576695     INFO  main            d.u.i.k.p.r.p.TestFile    ... finished proof: open goal(s) 
3450921    INFO  Test worker     d.u.i.k.p.r.RunAllProofsTestUnit Returning from test javadl 
3450923    INFO  Test worker     d.u.i.k.p.r.RunAllProofsTestUnit Running test FOL 
344        INFO  Timeout watchdog d.u.i.k.p.r.p.ForkedTestFileRunner Timeout watcher launched (2000 secs.) 
352        WARN  main            d.u.i.k.s.ProofSettings   The settings in /home/runner/.key/proof-settings.props are *not* read. 
389        INFO  main            d.u.i.k.p.r.p.TestFile    Now processing file /home/runner/work/key/key/key.core/../key.ui/examples/standard_key/pred_log/count.key 
520        INFO  main            d.u.i.k.p.i.AbstractProblemLoader Loading environment from /home/runner/work/key/key/key.core/../key.ui/examples/standard_key/pred_log/count.key 
535        DEBUG main            d.u.i.k.p.i.AbstractProblemLoader Environment load took 1.8ms 
762        INFO  main            d.u.i.k.p.i.AbstractProblemLoader Creating init config 
1733       DEBUG main            d.u.i.k.j.TypeConverter   No LDT found for Meta 
1733       DEBUG main            d.u.i.k.j.TypeConverter   No LDT found for Meta 
1737       DEBUG main            d.u.i.k.j.TypeConverter   No LDT found for Meta 
1737       DEBUG main            d.u.i.k.j.TypeConverter   No LDT found for Meta 
3166       DEBUG main            d.u.i.k.j.TypeConverter   No LDT found for JavaBigintExpression 
7689       DEBUG main            d.u.i.k.p.i.AbstractProblemLoader Init config took 6.93s 
7754       INFO  main            d.u.i.k.p.i.AbstractProblemLoader Replaying proof count.key 
7788       DEBUG main            d.u.i.k.p.i.IntermediateProofReplayer Proof replay took 36.7ns 
8055       INFO  main            d.u.i.k.p.r.p.TestFile    ... finished proof: closed. 
8155       INFO  main            d.u.i.k.p.i.AbstractProblemLoader Loading environment from /home/runner/work/key/key/key.core/../key.ui/examples/standard_key/pred_log/count.key.proof 
8156       DEBUG main            d.u.i.k.p.i.AbstractProblemLoader Environment load took 405.7ns 
8160       INFO  main            d.u.i.k.p.i.AbstractProblemLoader Creating init config 
10680      DEBUG main            d.u.i.k.p.i.AbstractProblemLoader Init config took 2.52s 
10710      INFO  main            d.u.i.k.p.i.AbstractProblemLoader Replaying proof count.key.proof 
10725      DEBUG main            d.u.i.k.p.i.IntermediateProofReplayer Proof replay took 10.14ms 
10739      DEBUG main            d.u.i.k.p.r.p.TestFile    ... success: reloaded. 
10740      INFO  main            d.u.i.k.p.r.p.TestFile    Now processing file /home/runner/work/key/key/key.core/../key.ui/examples/standard_key/pred_log/count2.key 
10741      INFO  main            d.u.i.k.p.i.AbstractProblemLoader Loading environment from /home/runner/work/key/key/key.core/../key.ui/examples/standard_key/pred_log/count2.key 
10741      DEBUG main            d.u.i.k.p.i.AbstractProblemLoader Environment load took 115.6ns 
10743      INFO  main            d.u.i.k.p.i.AbstractProblemLoader Creating init config 
13206      DEBUG main            d.u.i.k.p.i.AbstractProblemLoader Init config took 2.46s 
13242      INFO  main            d.u.i.k.p.i.AbstractProblemLoader Replaying proof count2.key 
13246      DEBUG main            d.u.i.k.p.i.IntermediateProofReplayer Proof replay took 7.5ns 
13353      INFO  main            d.u.i.k.p.r.p.TestFile    ... finished proof: closed. 
13500      INFO  main            d.u.i.k.p.i.AbstractProblemLoader Loading environment from /home/runner/work/key/key/key.core/../key.ui/examples/standard_key/pred_log/count2.key.proof 
13500      DEBUG main            d.u.i.k.p.i.AbstractProblemLoader Environment load took 187.5ns 
13501      INFO  main            d.u.i.k.p.i.AbstractProblemLoader Creating init config 
15974      DEBUG main            d.u.i.k.p.i.AbstractProblemLoader Init config took 2.47s 
15999      INFO  main            d.u.i.k.p.i.AbstractProblemLoader Replaying proof count2.key.proof 
16012      DEBUG main            d.u.i.k.p.i.IntermediateProofReplayer Proof replay took 7.44ms 
16013      DEBUG main            d.u.i.k.p.r.p.TestFile    ... success: reloaded. 
16014      INFO  main            d.u.i.k.p.r.p.TestFile    Now processing file /home/runner/work/key/key/key.core/../key.ui/examples/standard_key/pred_log/count3.key 
16014      INFO  main            d.u.i.k.p.i.AbstractProblemLoader Loading environment from /home/runner/work/key/key/key.core/../key.ui/examples/standard_key/pred_log/count3.key 
16014      DEBUG main            d.u.i.k.p.i.AbstractProblemLoader Environment load took 69.6ns 
16015      INFO  main            d.u.i.k.p.i.AbstractProblemLoader Creating init config 
18373      DEBUG main            d.u.i.k.p.i.AbstractProblemLoader Init config took 2.36s 
18393      INFO  main            d.u.i.k.p.i.AbstractProblemLoader Replaying proof count3.key 
18394      DEBUG main            d.u.i.k.p.i.IntermediateProofReplayer Proof replay took 5.8ns 
18497      INFO  main            d.u.i.k.p.r.p.TestFile    ... finished proof: closed. 
18628      INFO  main            d.u.i.k.p.i.AbstractProblemLoader Loading environment from /home/runner/work/key/key/key.core/../key.ui/examples/standard_key/pred_log/count3.key.proof 
18629      DEBUG main            d.u.i.k.p.i.AbstractProblemLoader Environment load took 134.3ns 
18630      INFO  main            d.u.i.k.p.i.AbstractProblemLoader Creating init config 
21005      DEBUG main            d.u.i.k.p.i.AbstractProblemLoader Init config took 2.37s 
21024      INFO  main            d.u.i.k.p.i.AbstractProblemLoader Replaying proof count3.key.proof 
21029      DEBUG main            d.u.i.k.p.i.IntermediateProofReplayer Proof replay took 2.82ms 
21030      DEBUG main            d.u.i.k.p.r.p.TestFile    ... success: reloaded. 
21030      INFO  main            d.u.i.k.p.r.p.TestFile    Now processing file /home/runner/work/key/key/key.core/../key.ui/examples/standard_key/pred_log/equalities.key 
21031      INFO  main            d.u.i.k.p.i.AbstractProblemLoader Loading environment from /home/runner/work/key/key/key.core/../key.ui/examples/standard_key/pred_log/equalities.key 
21031      DEBUG main            d.u.i.k.p.i.AbstractProblemLoader Environment load took 211.3ns 
21032      INFO  main            d.u.i.k.p.i.AbstractProblemLoader Creating init config 
23371      DEBUG main            d.u.i.k.p.i.AbstractProblemLoader Init config took 2.34s 
23390      INFO  main            d.u.i.k.p.i.AbstractProblemLoader Replaying proof equalities.key 
23392      DEBUG main            d.u.i.k.p.i.IntermediateProofReplayer Proof replay took 6.3ns 
23497      INFO  main            d.u.i.k.p.r.p.TestFile    ... finished proof: closed. 
23632      INFO  main            d.u.i.k.p.i.AbstractProblemLoader Loading environment from /home/runner/work/key/key/key.core/../key.ui/examples/standard_key/pred_log/equalities.key.proof 
23632      DEBUG main            d.u.i.k.p.i.AbstractProblemLoader Environment load took 122.8ns 
23633      INFO  main            d.u.i.k.p.i.AbstractProblemLoader Creating init config 
25959      DEBUG main            d.u.i.k.p.i.AbstractProblemLoader Init config took 2.33s 
25980      INFO  main            d.u.i.k.p.i.AbstractProblemLoader Replaying proof equalities.key.proof 
25983      DEBUG main            d.u.i.k.p.i.IntermediateProofReplayer Proof replay took 1.64ms 
25984      DEBUG main            d.u.i.k.p.r.p.TestFile    ... success: reloaded. 
25985      INFO  main            d.u.i.k.p.r.p.TestFile    Now processing file /home/runner/work/key/key/key.core/../key.ui/examples/standard_key/pred_log/equalities2.key 
25985      INFO  main            d.u.i.k.p.i.AbstractProblemLoader Loading environment from /home/runner/work/key/key/key.core/../key.ui/examples/standard_key/pred_log/equalities2.key 
25985      DEBUG main            d.u.i.k.p.i.AbstractProblemLoader Environment load took 97.8ns 
25986      INFO  main            d.u.i.k.p.i.AbstractProblemLoader Creating init config 
28318      DEBUG main            d.u.i.k.p.i.AbstractProblemLoader Init config took 2.33s 
28339      INFO  main            d.u.i.k.p.i.AbstractProblemLoader Replaying proof equalities2.key 
28342      DEBUG main            d.u.i.k.p.i.IntermediateProofReplayer Proof replay took 8.2ns 
28445      INFO  main            d.u.i.k.p.r.p.TestFile    ... finished proof: closed. 
28592      INFO  main            d.u.i.k.p.i.AbstractProblemLoader Loading environment from /home/runner/work/key/key/key.core/../key.ui/examples/standard_key/pred_log/equalities2.key.proof 
28593      DEBUG main            d.u.i.k.p.i.AbstractProblemLoader Environment load took 705.9ns 
28594      INFO  main            d.u.i.k.p.i.AbstractProblemLoader Creating init config 
30880      DEBUG main            d.u.i.k.p.i.AbstractProblemLoader Init config took 2.29s 
30897      INFO  main            d.u.i.k.p.i.AbstractProblemLoader Replaying proof equalities2.key.proof 
30902      DEBUG main            d.u.i.k.p.i.IntermediateProofReplayer Proof replay took 3.68ms 
30903      DEBUG main            d.u.i.k.p.r.p.TestFile    ... success: reloaded. 
30904      INFO  main            d.u.i.k.p.r.p.TestFile    Now processing file /home/runner/work/key/key/key.core/../key.ui/examples/standard_key/pred_log/equalities3.key 
30904      INFO  main            d.u.i.k.p.i.AbstractProblemLoader Loading environment from /home/runner/work/key/key/key.core/../key.ui/examples/standard_key/pred_log/equalities3.key 
30904      DEBUG main            d.u.i.k.p.i.AbstractProblemLoader Environment load took 95.4ns 
30905      INFO  main            d.u.i.k.p.i.AbstractProblemLoader Creating init config 
33215      DEBUG main            d.u.i.k.p.i.AbstractProblemLoader Init config took 2.31s 
33233      INFO  main            d.u.i.k.p.i.AbstractProblemLoader Replaying proof equalities3.key 
33235      DEBUG main            d.u.i.k.p.i.IntermediateProofReplayer Proof replay took 6.6ns 
33342      INFO  main            d.u.i.k.p.r.p.TestFile    ... finished proof: closed. 
33535      INFO  main            d.u.i.k.p.i.AbstractProblemLoader Loading environment from /home/runner/work/key/key/key.core/../key.ui/examples/standard_key/pred_log/equalities3.key.proof 
33536      DEBUG main            d.u.i.k.p.i.AbstractProblemLoader Environment load took 1.67ms 
33538      INFO  main            d.u.i.k.p.i.AbstractProblemLoader Creating init config 
35820      DEBUG main            d.u.i.k.p.i.AbstractProblemLoader Init config took 2.28s 
35837      INFO  main            d.u.i.k.p.i.AbstractProblemLoader Replaying proof equalities3.key.proof 
35845      DEBUG main            d.u.i.k.p.i.IntermediateProofReplayer Proof replay took 6.03ms 
35846      DEBUG main            d.u.i.k.p.r.p.TestFile    ... success: reloaded. 
35847      INFO  main            d.u.i.k.p.r.p.TestFile    Now processing file /home/runner/work/key/key/key.core/../key.ui/examples/standard_key/pred_log/functions.key 
35847      INFO  main            d.u.i.k.p.i.AbstractProblemLoader Loading environment from /home/runner/work/key/key/key.core/../key.ui/examples/standard_key/pred_log/functions.key 
35848      DEBUG main            d.u.i.k.p.i.AbstractProblemLoader Environment load took 177.1ns 
35849      INFO  main            d.u.i.k.p.i.AbstractProblemLoader Creating init config 
38178      DEBUG main            d.u.i.k.p.i.AbstractProblemLoader Init config took 2.33s 
38196      INFO  main            d.u.i.k.p.i.AbstractProblemLoader Replaying proof functions.key 
38197      DEBUG main            d.u.i.k.p.i.IntermediateProofReplayer Proof replay took 7.1ns 
38299      INFO  main            d.u.i.k.p.r.p.TestFile    ... finished proof: closed. 
38453      INFO  main            d.u.i.k.p.i.AbstractProblemLoader Loading environment from /home/runner/work/key/key/key.core/../key.ui/examples/standard_key/pred_log/functions.key.proof 
38453      DEBUG main            d.u.i.k.p.i.AbstractProblemLoader Environment load took 130.3ns 
38454      INFO  main            d.u.i.k.p.i.AbstractProblemLoader Creating init config 
40702      DEBUG main            d.u.i.k.p.i.AbstractProblemLoader Init config took 2.25s 
40719      INFO  main            d.u.i.k.p.i.AbstractProblemLoader Replaying proof functions.key.proof 
40725      DEBUG main            d.u.i.k.p.i.IntermediateProofReplayer Proof replay took 3.59ms 
40726      DEBUG main            d.u.i.k.p.r.p.TestFile    ... success: reloaded. 
40727      INFO  main            d.u.i.k.p.r.p.TestFile    Now processing file /home/runner/work/key/key/key.core/../key.ui/examples/standard_key/pred_log/mv1.key 
40727      INFO  main            d.u.i.k.p.i.AbstractProblemLoader Loading environment from /home/runner/work/key/key/key.core/../key.ui/examples/standard_key/pred_log/mv1.key 
40728      DEBUG main            d.u.i.k.p.i.AbstractProblemLoader Environment load took 92.1ns 
40729      INFO  main            d.u.i.k.p.i.AbstractProblemLoader Creating init config 
43025      DEBUG main            d.u.i.k.p.i.AbstractProblemLoader Init config took 2.3s 
43041      INFO  main            d.u.i.k.p.i.AbstractProblemLoader Replaying proof mv1.key 
43043      DEBUG main            d.u.i.k.p.i.IntermediateProofReplayer Proof replay took 6.7ns 
43145      INFO  main            d.u.i.k.p.r.p.TestFile    ... finished proof: closed. 
43304      INFO  main            d.u.i.k.p.i.AbstractProblemLoader Loading environment from /home/runner/work/key/key/key.core/../key.ui/examples/standard_key/pred_log/mv1.key.proof 
43305      DEBUG main            d.u.i.k.p.i.AbstractProblemLoader Environment load took 126.2ns 
43306      INFO  main            d.u.i.k.p.i.AbstractProblemLoader Creating init config 
45537      DEBUG main            d.u.i.k.p.i.AbstractProblemLoader Init config took 2.23s 
45555      INFO  main            d.u.i.k.p.i.AbstractProblemLoader Replaying proof mv1.key.proof 
45557      DEBUG main            d.u.i.k.p.i.IntermediateProofReplayer Proof replay took 1.09ms 
45558      DEBUG main            d.u.i.k.p.r.p.TestFile    ... success: reloaded. 
45559      INFO  main            d.u.i.k.p.r.p.TestFile    Now processing file /home/runner/work/key/key/key.core/../key.ui/examples/standard_key/pred_log/mv2.key 
45559      INFO  main            d.u.i.k.p.i.AbstractProblemLoader Loading environment from /home/runner/work/key/key/key.core/../key.ui/examples/standard_key/pred_log/mv2.key 
45559      DEBUG main            d.u.i.k.p.i.AbstractProblemLoader Environment load took 107.7ns 
45560      INFO  main            d.u.i.k.p.i.AbstractProblemLoader Creating init config 
47809      DEBUG main            d.u.i.k.p.i.AbstractProblemLoader Init config took 2.25s 
47825      INFO  main            d.u.i.k.p.i.AbstractProblemLoader Replaying proof mv2.key 
47826      DEBUG main            d.u.i.k.p.i.IntermediateProofReplayer Proof replay took 7.5ns 
47928      INFO  main            d.u.i.k.p.r.p.TestFile    ... finished proof: closed. 
48148      INFO  main            d.u.i.k.p.i.AbstractProblemLoader Loading environment from /home/runner/work/key/key/key.core/../key.ui/examples/standard_key/pred_log/mv2.key.proof 
48148      DEBUG main            d.u.i.k.p.i.AbstractProblemLoader Environment load took 115.8ns 
48149      INFO  main            d.u.i.k.p.i.AbstractProblemLoader Creating init config 
50400      DEBUG main            d.u.i.k.p.i.AbstractProblemLoader Init config took 2.25s 
50415      INFO  main            d.u.i.k.p.i.AbstractProblemLoader Replaying proof mv2.key.proof 
50418      DEBUG main            d.u.i.k.p.i.IntermediateProofReplayer Proof replay took 1.48ms 
50418      DEBUG main            d.u.i.k.p.r.p.TestFile    ... success: reloaded. 
50419      INFO  main            d.u.i.k.p.r.p.TestFile    Now processing file /home/runner/work/key/key/key.core/../key.ui/examples/standard_key/pred_log/quantifiers.key 
50419      INFO  main            d.u.i.k.p.i.AbstractProblemLoader Loading environment from /home/runner/work/key/key/key.core/../key.ui/examples/standard_key/pred_log/quantifiers.key 
50419      DEBUG main            d.u.i.k.p.i.AbstractProblemLoader Environment load took 100.8ns 
50420      INFO  main            d.u.i.k.p.i.AbstractProblemLoader Creating init config 
52690      DEBUG main            d.u.i.k.p.i.AbstractProblemLoader Init config took 2.27s 
52704      INFO  main            d.u.i.k.p.i.AbstractProblemLoader Replaying proof quantifiers.key 
52708      DEBUG main            d.u.i.k.p.i.IntermediateProofReplayer Proof replay took 6.9ns 
52810      INFO  main            d.u.i.k.p.r.p.TestFile    ... finished proof: closed. 
52982      INFO  main            d.u.i.k.p.i.AbstractProblemLoader Loading environment from /home/runner/work/key/key/key.core/../key.ui/examples/standard_key/pred_log/quantifiers.key.proof 
52982      DEBUG main            d.u.i.k.p.i.AbstractProblemLoader Environment load took 127.4ns 
52983      INFO  main            d.u.i.k.p.i.AbstractProblemLoader Creating init config 
55188      DEBUG main            d.u.i.k.p.i.AbstractProblemLoader Init config took 2.2s 
55203      INFO  main            d.u.i.k.p.i.AbstractProblemLoader Replaying proof quantifiers.key.proof 
55207      DEBUG main            d.u.i.k.p.i.IntermediateProofReplayer Proof replay took 2.28ms 
55208      DEBUG main            d.u.i.k.p.r.p.TestFile    ... success: reloaded. 
55208      INFO  main            d.u.i.k.p.r.p.TestFile    Now processing file /home/runner/work/key/key/key.core/../key.ui/examples/standard_key/pred_log/simpleEps.key 
55209      INFO  main            d.u.i.k.p.i.AbstractProblemLoader Loading environment from /home/runner/work/key/key/key.core/../key.ui/examples/standard_key/pred_log/simpleEps.key 
55209      DEBUG main            d.u.i.k.p.i.AbstractProblemLoader Environment load took 178.9ns 
55210      INFO  main            d.u.i.k.p.i.AbstractProblemLoader Creating init config 
57454      DEBUG main            d.u.i.k.p.i.AbstractProblemLoader Init config took 2.24s 
57468      INFO  main            d.u.i.k.p.i.AbstractProblemLoader Replaying proof simpleEps.key 
57470      DEBUG main            d.u.i.k.p.i.IntermediateProofReplayer Proof replay took 6.5ns 
57574      INFO  main            d.u.i.k.p.r.p.TestFile    ... finished proof: closed. 
57746      INFO  main            d.u.i.k.p.i.AbstractProblemLoader Loading environment from /home/runner/work/key/key/key.core/../key.ui/examples/standard_key/pred_log/simpleEps.key.proof 
57749      DEBUG main            d.u.i.k.p.i.AbstractProblemLoader Environment load took 116.8ns 
57750      INFO  main            d.u.i.k.p.i.AbstractProblemLoader Creating init config 
59960      DEBUG main            d.u.i.k.p.i.AbstractProblemLoader Init config took 2.21s 
59975      INFO  main            d.u.i.k.p.i.AbstractProblemLoader Replaying proof simpleEps.key.proof 
59979      DEBUG main            d.u.i.k.p.i.IntermediateProofReplayer Proof replay took 1.96ms 
59979      DEBUG main            d.u.i.k.p.r.p.TestFile    ... success: reloaded. 
59980      INFO  main            d.u.i.k.p.r.p.TestFile    Now processing file /home/runner/work/key/key/key.core/../key.ui/examples/standard_key/pred_log/steam1.key 
59980      INFO  main            d.u.i.k.p.i.AbstractProblemLoader Loading environment from /home/runner/work/key/key/key.core/../key.ui/examples/standard_key/pred_log/steam1.key 
59980      DEBUG main            d.u.i.k.p.i.AbstractProblemLoader Environment load took 93.4ns 
59982      INFO  main            d.u.i.k.p.i.AbstractProblemLoader Creating init config 
62245      DEBUG main            d.u.i.k.p.i.AbstractProblemLoader Init config took 2.26s 
62262      INFO  main            d.u.i.k.p.i.AbstractProblemLoader Replaying proof steam1.key 
62263      DEBUG main            d.u.i.k.p.i.IntermediateProofReplayer Proof replay took 6.4ns 
62571      INFO  main            d.u.i.k.p.r.p.TestFile    ... finished proof: closed. 
62770      INFO  main            d.u.i.k.p.i.AbstractProblemLoader Loading environment from /home/runner/work/key/key/key.core/../key.ui/examples/standard_key/pred_log/steam1.key.proof 
62775      DEBUG main            d.u.i.k.p.i.AbstractProblemLoader Environment load took 5.36ms 
62777      INFO  main            d.u.i.k.p.i.AbstractProblemLoader Creating init config 
64990      DEBUG main            d.u.i.k.p.i.AbstractProblemLoader Init config took 2.21s 
65011      INFO  main            d.u.i.k.p.i.AbstractProblemLoader Replaying proof steam1.key.proof 
65037      DEBUG main            d.u.i.k.p.i.IntermediateProofReplayer Proof replay took 21.7ms 
65039      DEBUG main            d.u.i.k.p.r.p.TestFile    ... success: reloaded. 
65039      INFO  main            d.u.i.k.p.r.p.TestFile    Now processing file /home/runner/work/key/key/key.core/../key.ui/examples/standard_key/pred_log/tptp/PUZ/PUZ001p1.key 
65039      INFO  main            d.u.i.k.p.i.AbstractProblemLoader Loading environment from /home/runner/work/key/key/key.core/../key.ui/examples/standard_key/pred_log/tptp/PUZ/PUZ001p1.key 
65040      DEBUG main            d.u.i.k.p.i.AbstractProblemLoader Environment load took 508.6ns 
65041      INFO  main            d.u.i.k.p.i.AbstractProblemLoader Creating init config 
67303      DEBUG main            d.u.i.k.p.i.AbstractProblemLoader Init config took 2.26s 
67323      INFO  main            d.u.i.k.p.i.AbstractProblemLoader Replaying proof PUZ001p1.key 
67324      DEBUG main            d.u.i.k.p.i.IntermediateProofReplayer Proof replay took 6.9ns 
70238      INFO  main            d.u.i.k.p.r.p.TestFile    ... finished proof: closed. 
70449      INFO  main            d.u.i.k.p.i.AbstractProblemLoader Loading environment from /home/runner/work/key/key/key.core/../key.ui/examples/standard_key/pred_log/tptp/PUZ/PUZ001p1.key.proof 
70449      DEBUG main            d.u.i.k.p.i.AbstractProblemLoader Environment load took 130.1ns 
70453      INFO  main            d.u.i.k.p.i.AbstractProblemLoader Creating init config 
72665      DEBUG main            d.u.i.k.p.i.AbstractProblemLoader Init config took 2.21s 
72681      INFO  main            d.u.i.k.p.i.AbstractProblemLoader Replaying proof PUZ001p1.key.proof 
72811      DEBUG main            d.u.i.k.p.i.IntermediateProofReplayer Proof replay took 121.39ms 
72812      DEBUG main            d.u.i.k.p.r.p.TestFile    ... success: reloaded. 
72813      INFO  main            d.u.i.k.p.r.p.TestFile    Now processing file /home/runner/work/key/key/key.core/../key.ui/examples/standard_key/pred_log/tptp/PUZ/PUZ001p1-eq.key 
72814      INFO  main            d.u.i.k.p.i.AbstractProblemLoader Loading environment from /home/runner/work/key/key/key.core/../key.ui/examples/standard_key/pred_log/tptp/PUZ/PUZ001p1-eq.key 
72814      DEBUG main            d.u.i.k.p.i.AbstractProblemLoader Environment load took 202.9ns 
72815      INFO  main            d.u.i.k.p.i.AbstractProblemLoader Creating init config 
75113      DEBUG main            d.u.i.k.p.i.AbstractProblemLoader Init config took 2.3s 
75128      INFO  main            d.u.i.k.p.i.AbstractProblemLoader Replaying proof PUZ001p1-eq.key 
75129      DEBUG main            d.u.i.k.p.i.IntermediateProofReplayer Proof replay took 6.7ns 
75232      INFO  main            d.u.i.k.p.r.p.TestFile    ... finished proof: closed. 
75460      INFO  main            d.u.i.k.p.i.AbstractProblemLoader Loading environment from /home/runner/work/key/key/key.core/../key.ui/examples/standard_key/pred_log/tptp/PUZ/PUZ001p1-eq.key.proof 
75461      DEBUG main            d.u.i.k.p.i.AbstractProblemLoader Environment load took 121.2ns 
75462      INFO  main            d.u.i.k.p.i.AbstractProblemLoader Creating init config 
77637      DEBUG main            d.u.i.k.p.i.AbstractProblemLoader Init config took 2.17s 
77651      INFO  main            d.u.i.k.p.i.AbstractProblemLoader Replaying proof PUZ001p1-eq.key.proof 
77672      DEBUG main            d.u.i.k.p.i.IntermediateProofReplayer Proof replay took 18.96ms 
77674      DEBUG main            d.u.i.k.p.r.p.TestFile    ... success: reloaded. 
77674      INFO  main            d.u.i.k.p.r.p.TestFile    Now processing file /home/runner/work/key/key/key.core/../key.ui/examples/standard_key/pred_log/tptp/PUZ/PUZ031p1.key 
77675      INFO  main            d.u.i.k.p.i.AbstractProblemLoader Loading environment from /home/runner/work/key/key/key.core/../key.ui/examples/standard_key/pred_log/tptp/PUZ/PUZ031p1.key 
77675      DEBUG main            d.u.i.k.p.i.AbstractProblemLoader Environment load took 199.4ns 
77676      INFO  main            d.u.i.k.p.i.AbstractProblemLoader Creating init config 
79926      DEBUG main            d.u.i.k.p.i.AbstractProblemLoader Init config took 2.25s 
79941      INFO  main            d.u.i.k.p.i.AbstractProblemLoader Replaying proof PUZ031p1.key 
79942      DEBUG main            d.u.i.k.p.i.IntermediateProofReplayer Proof replay took 6.4ns 
87874      INFO  main            d.u.i.k.p.r.p.TestFile    ... finished proof: closed. 
88077      INFO  main            d.u.i.k.p.i.AbstractProblemLoader Loading environment from /home/runner/work/key/key/key.core/../key.ui/examples/standard_key/pred_log/tptp/PUZ/PUZ031p1.key.proof 
88077      DEBUG main            d.u.i.k.p.i.AbstractProblemLoader Environment load took 183.8ns 
88078      INFO  main            d.u.i.k.p.i.AbstractProblemLoader Creating init config 
90260      DEBUG main            d.u.i.k.p.i.AbstractProblemLoader Init config took 2.18s 
90275      INFO  main            d.u.i.k.p.i.AbstractProblemLoader Replaying proof PUZ031p1.key.proof 
90336      DEBUG main            d.u.i.k.p.i.IntermediateProofReplayer Proof replay took 55.87ms 
90337      DEBUG main            d.u.i.k.p.r.p.TestFile    ... success: reloaded. 
90338      INFO  main            d.u.i.k.p.r.p.TestFile    Now processing file /home/runner/work/key/key/key.core/../key.ui/examples/standard_key/pred_log/tptp/SET/SET027p3.key 
90338      INFO  main            d.u.i.k.p.i.AbstractProblemLoader Loading environment from /home/runner/work/key/key/key.core/../key.ui/examples/standard_key/pred_log/tptp/SET/SET027p3.key 
90338      DEBUG main            d.u.i.k.p.i.AbstractProblemLoader Environment load took 182.2ns 
90339      INFO  main            d.u.i.k.p.i.AbstractProblemLoader Creating init config 
92586      DEBUG main            d.u.i.k.p.i.AbstractProblemLoader Init config took 2.25s 
92600      INFO  main            d.u.i.k.p.i.AbstractProblemLoader Replaying proof SET027p3.key 
92601      DEBUG main            d.u.i.k.p.i.IntermediateProofReplayer Proof replay took 7.3ns 
92703      INFO  main            d.u.i.k.p.r.p.TestFile    ... finished proof: closed. 
92922      INFO  main            d.u.i.k.p.i.AbstractProblemLoader Loading environment from /home/runner/work/key/key/key.core/../key.ui/examples/standard_key/pred_log/tptp/SET/SET027p3.key.proof 
92922      DEBUG main            d.u.i.k.p.i.AbstractProblemLoader Environment load took 121.4ns 
92924      INFO  main            d.u.i.k.p.i.AbstractProblemLoader Creating init config 
95096      DEBUG main            d.u.i.k.p.i.AbstractProblemLoader Init config took 2.17s 
95111      INFO  main            d.u.i.k.p.i.AbstractProblemLoader Replaying proof SET027p3.key.proof 
95123      DEBUG main            d.u.i.k.p.i.IntermediateProofReplayer Proof replay took 8.18ms 
95124      DEBUG main            d.u.i.k.p.r.p.TestFile    ... success: reloaded. 
95125      INFO  main            d.u.i.k.p.r.p.TestFile    Now processing file /home/runner/work/key/key/key.core/../key.ui/examples/standard_key/pred_log/tptp/SET/SET043p1.key 
95125      INFO  main            d.u.i.k.p.i.AbstractProblemLoader Loading environment from /home/runner/work/key/key/key.core/../key.ui/examples/standard_key/pred_log/tptp/SET/SET043p1.key 
95125      DEBUG main            d.u.i.k.p.i.AbstractProblemLoader Environment load took 100.2ns 
95126      INFO  main            d.u.i.k.p.i.AbstractProblemLoader Creating init config 
97359      DEBUG main            d.u.i.k.p.i.AbstractProblemLoader Init config took 2.23s 
97373      INFO  main            d.u.i.k.p.i.AbstractProblemLoader Replaying proof SET043p1.key 
97374      DEBUG main            d.u.i.k.p.i.IntermediateProofReplayer Proof replay took 6.9ns 
97476      INFO  main            d.u.i.k.p.r.p.TestFile    ... finished proof: closed. 
97683      INFO  main            d.u.i.k.p.i.AbstractProblemLoader Loading environment from /home/runner/work/key/key/key.core/../key.ui/examples/standard_key/pred_log/tptp/SET/SET043p1.key.proof 
97683      DEBUG main            d.u.i.k.p.i.AbstractProblemLoader Environment load took 552.1ns 
97684      INFO  main            d.u.i.k.p.i.AbstractProblemLoader Creating init config 
99847      DEBUG main            d.u.i.k.p.i.AbstractProblemLoader Init config took 2.16s 
99860      INFO  main            d.u.i.k.p.i.AbstractProblemLoader Replaying proof SET043p1.key.proof 
99864      DEBUG main            d.u.i.k.p.i.IntermediateProofReplayer Proof replay took 2ms 
99865      DEBUG main            d.u.i.k.p.r.p.TestFile    ... success: reloaded. 
99865      INFO  main            d.u.i.k.p.r.p.TestFile    Now processing file /home/runner/work/key/key/key.core/../key.ui/examples/standard_key/pred_log/tptp/SET/SET045p1.key 
99866      INFO  main            d.u.i.k.p.i.AbstractProblemLoader Loading environment from /home/runner/work/key/key/key.core/../key.ui/examples/standard_key/pred_log/tptp/SET/SET045p1.key 
99866      DEBUG main            d.u.i.k.p.i.AbstractProblemLoader Environment load took 175.6ns 
99867      INFO  main            d.u.i.k.p.i.AbstractProblemLoader Creating init config 
102107     DEBUG main            d.u.i.k.p.i.AbstractProblemLoader Init config took 2.24s 
102120     INFO  main            d.u.i.k.p.i.AbstractProblemLoader Replaying proof SET045p1.key 
102121     DEBUG main            d.u.i.k.p.i.IntermediateProofReplayer Proof replay took 7.4ns 
102223     INFO  main            d.u.i.k.p.r.p.TestFile    ... finished proof: closed. 
102437     INFO  main            d.u.i.k.p.i.AbstractProblemLoader Loading environment from /home/runner/work/key/key/key.core/../key.ui/examples/standard_key/pred_log/tptp/SET/SET045p1.key.proof 
102437     DEBUG main            d.u.i.k.p.i.AbstractProblemLoader Environment load took 108.5ns 
102438     INFO  main            d.u.i.k.p.i.AbstractProblemLoader Creating init config 
104600     DEBUG main            d.u.i.k.p.i.AbstractProblemLoader Init config took 2.16s 
104613     INFO  main            d.u.i.k.p.i.AbstractProblemLoader Replaying proof SET045p1.key.proof 
104619     DEBUG main            d.u.i.k.p.i.IntermediateProofReplayer Proof replay took 3.84ms 
104619     DEBUG main            d.u.i.k.p.r.p.TestFile    ... success: reloaded. 
104620     INFO  main            d.u.i.k.p.r.p.TestFile    Now processing file /home/runner/work/key/key/key.core/../key.ui/examples/standard_key/pred_log/tptp/SET/SET062p3.key 
104620     INFO  main            d.u.i.k.p.i.AbstractProblemLoader Loading environment from /home/runner/work/key/key/key.core/../key.ui/examples/standard_key/pred_log/tptp/SET/SET062p3.key 
104620     DEBUG main            d.u.i.k.p.i.AbstractProblemLoader Environment load took 84.1ns 
104621     INFO  main            d.u.i.k.p.i.AbstractProblemLoader Creating init config 
106881     DEBUG main            d.u.i.k.p.i.AbstractProblemLoader Init config took 2.26s 
106900     INFO  main            d.u.i.k.p.i.AbstractProblemLoader Replaying proof SET062p3.key 
106901     DEBUG main            d.u.i.k.p.i.IntermediateProofReplayer Proof replay took 7.5ns 
107004     INFO  main            d.u.i.k.p.r.p.TestFile    ... finished proof: closed. 
107228     INFO  main            d.u.i.k.p.i.AbstractProblemLoader Loading environment from /home/runner/work/key/key/key.core/../key.ui/examples/standard_key/pred_log/tptp/SET/SET062p3.key.proof 
107228     DEBUG main            d.u.i.k.p.i.AbstractProblemLoader Environment load took 114.8ns 
107229     INFO  main            d.u.i.k.p.i.AbstractProblemLoader Creating init config 
109395     DEBUG main            d.u.i.k.p.i.AbstractProblemLoader Init config took 2.17s 
109408     INFO  main            d.u.i.k.p.i.AbstractProblemLoader Replaying proof SET062p3.key.proof 
109413     DEBUG main            d.u.i.k.p.i.IntermediateProofReplayer Proof replay took 3.5ms 
109414     DEBUG main            d.u.i.k.p.r.p.TestFile    ... success: reloaded. 
109415     INFO  main            d.u.i.k.p.r.p.TestFile    Now processing file /home/runner/work/key/key/key.core/../key.ui/examples/standard_key/pred_log/tptp/SET/SET063p3.key 
109415     INFO  main            d.u.i.k.p.i.AbstractProblemLoader Loading environment from /home/runner/work/key/key/key.core/../key.ui/examples/standard_key/pred_log/tptp/SET/SET063p3.key 
109415     DEBUG main            d.u.i.k.p.i.AbstractProblemLoader Environment load took 115ns 
109416     INFO  main            d.u.i.k.p.i.AbstractProblemLoader Creating init config 
111646     DEBUG main            d.u.i.k.p.i.AbstractProblemLoader Init config took 2.23s 
111660     INFO  main            d.u.i.k.p.i.AbstractProblemLoader Replaying proof SET063p3.key 
111662     DEBUG main            d.u.i.k.p.i.IntermediateProofReplayer Proof replay took 7.4ns 
111764     INFO  main            d.u.i.k.p.r.p.TestFile    ... finished proof: closed. 
112043     INFO  main            d.u.i.k.p.i.AbstractProblemLoader Loading environment from /home/runner/work/key/key/key.core/../key.ui/examples/standard_key/pred_log/tptp/SET/SET063p3.key.proof 
112043     DEBUG main            d.u.i.k.p.i.AbstractProblemLoader Environment load took 110.6ns 
112044     INFO  main            d.u.i.k.p.i.AbstractProblemLoader Creating init config 
114201     DEBUG main            d.u.i.k.p.i.AbstractProblemLoader Init config took 2.16s 
114217     INFO  main            d.u.i.k.p.i.AbstractProblemLoader Replaying proof SET063p3.key.proof 
114225     DEBUG main            d.u.i.k.p.i.IntermediateProofReplayer Proof replay took 5.19ms 
114226     DEBUG main            d.u.i.k.p.r.p.TestFile    ... success: reloaded. 
114227     INFO  main            d.u.i.k.p.r.p.TestFile    Now processing file /home/runner/work/key/key/key.core/../key.ui/examples/standard_key/pred_log/tptp/SYN/SYN036p2.key 
114227     INFO  main            d.u.i.k.p.i.AbstractProblemLoader Loading environment from /home/runner/work/key/key/key.core/../key.ui/examples/standard_key/pred_log/tptp/SYN/SYN036p2.key 
114228     DEBUG main            d.u.i.k.p.i.AbstractProblemLoader Environment load took 168.6ns 
114229     INFO  main            d.u.i.k.p.i.AbstractProblemLoader Creating init config 
116469     DEBUG main            d.u.i.k.p.i.AbstractProblemLoader Init config took 2.24s 
116485     INFO  main            d.u.i.k.p.i.AbstractProblemLoader Replaying proof SYN036p2.key 
116486     DEBUG main            d.u.i.k.p.i.IntermediateProofReplayer Proof replay took 8.3ns 
116791     INFO  main            d.u.i.k.p.r.p.TestFile    ... finished proof: closed. 
117038     INFO  main            d.u.i.k.p.i.AbstractProblemLoader Loading environment from /home/runner/work/key/key/key.core/../key.ui/examples/standard_key/pred_log/tptp/SYN/SYN036p2.key.proof 
117038     DEBUG main            d.u.i.k.p.i.AbstractProblemLoader Environment load took 117.5ns 
117039     INFO  main            d.u.i.k.p.i.AbstractProblemLoader Creating init config 
119201     DEBUG main            d.u.i.k.p.i.AbstractProblemLoader Init config took 2.16s 
119216     INFO  main            d.u.i.k.p.i.AbstractProblemLoader Replaying proof SYN036p2.key.proof 
119282     DEBUG main            d.u.i.k.p.i.IntermediateProofReplayer Proof replay took 58.86ms 
119283     DEBUG main            d.u.i.k.p.r.p.TestFile    ... success: reloaded. 
119284     INFO  main            d.u.i.k.p.r.p.TestFile    Now processing file /home/runner/work/key/key/key.core/../key.ui/examples/standard_key/pred_log/tptp/SYN/SYN550p1.key 
119284     INFO  main            d.u.i.k.p.i.AbstractProblemLoader Loading environment from /home/runner/work/key/key/key.core/../key.ui/examples/standard_key/pred_log/tptp/SYN/SYN550p1.key 
119284     DEBUG main            d.u.i.k.p.i.AbstractProblemLoader Environment load took 179.5ns 
119285     INFO  main            d.u.i.k.p.i.AbstractProblemLoader Creating init config 
121498     DEBUG main            d.u.i.k.p.i.AbstractProblemLoader Init config took 2.21s 
121514     INFO  main            d.u.i.k.p.i.AbstractProblemLoader Replaying proof SYN550p1.key 
121515     DEBUG main            d.u.i.k.p.i.IntermediateProofReplayer Proof replay took 17.1ns 
124121     INFO  main            d.u.i.k.p.r.p.TestFile    ... finished proof: closed. 
124371     INFO  main            d.u.i.k.p.i.AbstractProblemLoader Loading environment from /home/runner/work/key/key/key.core/../key.ui/examples/standard_key/pred_log/tptp/SYN/SYN550p1.key.proof 
124372     DEBUG main            d.u.i.k.p.i.AbstractProblemLoader Environment load took 359ns 
124373     INFO  main            d.u.i.k.p.i.AbstractProblemLoader Creating init config 
126516     DEBUG main            d.u.i.k.p.i.AbstractProblemLoader Init config took 2.14s 
126530     INFO  main            d.u.i.k.p.i.AbstractProblemLoader Replaying proof SYN550p1.key.proof 
126611     DEBUG main            d.u.i.k.p.i.IntermediateProofReplayer Proof replay took 75.14ms 
126612     DEBUG main            d.u.i.k.p.r.p.TestFile    ... success: reloaded. 
126613     INFO  main            d.u.i.k.p.r.p.TestFile    Now processing file /home/runner/work/key/key/key.core/../key.ui/examples/standard_key/prop_log/reallySimple.key 
126613     INFO  main            d.u.i.k.p.i.AbstractProblemLoader Loading environment from /home/runner/work/key/key/key.core/../key.ui/examples/standard_key/prop_log/reallySimple.key 
126613     DEBUG main            d.u.i.k.p.i.AbstractProblemLoader Environment load took 118.1ns 
126614     INFO  main            d.u.i.k.p.i.AbstractProblemLoader Creating init config 
128810     DEBUG main            d.u.i.k.p.i.AbstractProblemLoader Init config took 2.2s 
128823     INFO  main            d.u.i.k.p.i.AbstractProblemLoader Replaying proof reallySimple.key 
128824     DEBUG main            d.u.i.k.p.i.IntermediateProofReplayer Proof replay took 6.7ns 
128928     INFO  main            d.u.i.k.p.r.p.TestFile    ... finished proof: open goal(s) 
129180     INFO  main            d.u.i.k.p.r.p.TestFile    Now processing file /home/runner/work/key/key/key.core/../key.ui/examples/standard_key/pred_log/sameName1.key 
129180     INFO  main            d.u.i.k.p.i.AbstractProblemLoader Loading environment from /home/runner/work/key/key/key.core/../key.ui/examples/standard_key/pred_log/sameName1.key 
129180     DEBUG main            d.u.i.k.p.i.AbstractProblemLoader Environment load took 63.1ns 
129181     INFO  main            d.u.i.k.p.i.AbstractProblemLoader Creating init config 
131320     DEBUG main            d.u.i.k.p.i.AbstractProblemLoader Init config took 2.14s 
131332     INFO  main            d.u.i.k.p.i.AbstractProblemLoader Replaying proof sameName1.key 
131333     DEBUG main            d.u.i.k.p.i.IntermediateProofReplayer Proof replay took 6.3ns 
131440     INFO  main            d.u.i.k.p.r.p.TestFile    ... finished proof: open goal(s) 
131671     INFO  main            d.u.i.k.p.r.p.TestFile    Now processing file /home/runner/work/key/key/key.core/../key.ui/examples/standard_key/pred_log/jbyteIfEx.key 
131671     INFO  main            d.u.i.k.p.i.AbstractProblemLoader Loading environment from /home/runner/work/key/key/key.core/../key.ui/examples/standard_key/pred_log/jbyteIfEx.key 
131672     DEBUG main            d.u.i.k.p.i.AbstractProblemLoader Environment load took 60.6ns 
131673     INFO  main            d.u.i.k.p.i.AbstractProblemLoader Creating init config 
133860     DEBUG main            d.u.i.k.p.i.AbstractProblemLoader Init config took 2.19s 
133873     INFO  main            d.u.i.k.p.i.AbstractProblemLoader Replaying proof jbyteIfEx.key 
133874     DEBUG main            d.u.i.k.p.i.IntermediateProofReplayer Proof replay took 6.5ns 
133975     INFO  main            d.u.i.k.p.r.p.TestFile    ... finished proof: closed. 
134213     INFO  main            d.u.i.k.p.i.AbstractProblemLoader Loading environment from /home/runner/work/key/key/key.core/../key.ui/examples/standard_key/pred_log/jbyteIfEx.key.proof 
134213     DEBUG main            d.u.i.k.p.i.AbstractProblemLoader Environment load took 109.9ns 
134214     INFO  main            d.u.i.k.p.i.AbstractProblemLoader Creating init config 
136364     DEBUG main            d.u.i.k.p.i.AbstractProblemLoader Init config took 2.15s 
136378     INFO  main            d.u.i.k.p.i.AbstractProblemLoader Replaying proof jbyteIfEx.key.proof 
136387     DEBUG main            d.u.i.k.p.i.IntermediateProofReplayer Proof replay took 6.7ms 
136388     DEBUG main            d.u.i.k.p.r.p.TestFile    ... success: reloaded. 
136388     INFO  main            d.u.i.k.p.r.p.TestFile    Now processing file /home/runner/work/key/key/key.core/../key.ui/examples/standard_key/prop_log/allClausesLength4.key 
136388     INFO  main            d.u.i.k.p.i.AbstractProblemLoader Loading environment from /home/runner/work/key/key/key.core/../key.ui/examples/standard_key/prop_log/allClausesLength4.key 
136388     DEBUG main            d.u.i.k.p.i.AbstractProblemLoader Environment load took 80.2ns 
136389     INFO  main            d.u.i.k.p.i.AbstractProblemLoader Creating init config 
138636     DEBUG main            d.u.i.k.p.i.AbstractProblemLoader Init config took 2.25s 
138650     INFO  main            d.u.i.k.p.i.AbstractProblemLoader Replaying proof allClausesLength4.key 
138651     DEBUG main            d.u.i.k.p.i.IntermediateProofReplayer Proof replay took 6.7ns 
138753     INFO  main            d.u.i.k.p.r.p.TestFile    ... finished proof: closed. 
139022     INFO  main            d.u.i.k.p.i.AbstractProblemLoader Loading environment from /home/runner/work/key/key/key.core/../key.ui/examples/standard_key/prop_log/allClausesLength4.key.proof 
139022     DEBUG main            d.u.i.k.p.i.AbstractProblemLoader Environment load took 115.7ns 
139023     INFO  main            d.u.i.k.p.i.AbstractProblemLoader Creating init config 
141163     DEBUG main            d.u.i.k.p.i.AbstractProblemLoader Init config took 2.14s 
141176     INFO  main            d.u.i.k.p.i.AbstractProblemLoader Replaying proof allClausesLength4.key.proof 
141189     DEBUG main            d.u.i.k.p.i.IntermediateProofReplayer Proof replay took 9.91ms 
141190     DEBUG main            d.u.i.k.p.r.p.TestFile    ... success: reloaded. 
141190     INFO  main            d.u.i.k.p.r.p.TestFile    Now processing file /home/runner/work/key/key/key.core/../key.ui/examples/standard_key/prop_log/allClausesLength5.key 
141190     INFO  main            d.u.i.k.p.i.AbstractProblemLoader Loading environment from /home/runner/work/key/key/key.core/../key.ui/examples/standard_key/prop_log/allClausesLength5.key 
141191     DEBUG main            d.u.i.k.p.i.AbstractProblemLoader Environment load took 70.4ns 
141192     INFO  main            d.u.i.k.p.i.AbstractProblemLoader Creating init config 
143409     DEBUG main            d.u.i.k.p.i.AbstractProblemLoader Init config took 2.22s 
143423     INFO  main            d.u.i.k.p.i.AbstractProblemLoader Replaying proof allClausesLength5.key 
143424     DEBUG main            d.u.i.k.p.i.IntermediateProofReplayer Proof replay took 6.6ns 
143630     INFO  main            d.u.i.k.p.r.p.TestFile    ... finished proof: closed. 
143898     INFO  main            d.u.i.k.p.i.AbstractProblemLoader Loading environment from /home/runner/work/key/key/key.core/../key.ui/examples/standard_key/prop_log/allClausesLength5.key.proof 
143899     DEBUG main            d.u.i.k.p.i.AbstractProblemLoader Environment load took 255.9ns 
143900     INFO  main            d.u.i.k.p.i.AbstractProblemLoader Creating init config 
146047     DEBUG main            d.u.i.k.p.i.AbstractProblemLoader Init config took 2.15s 
146060     INFO  main            d.u.i.k.p.i.AbstractProblemLoader Replaying proof allClausesLength5.key.proof 
146091     DEBUG main            d.u.i.k.p.i.IntermediateProofReplayer Proof replay took 26.58ms 
146093     DEBUG main            d.u.i.k.p.r.p.TestFile    ... success: reloaded. 
146093     INFO  main            d.u.i.k.p.r.p.TestFile    Now processing file /home/runner/work/key/key/key.core/../key.ui/examples/standard_key/prop_log/doubleNeg.key 
146094     INFO  main            d.u.i.k.p.i.AbstractProblemLoader Loading environment from /home/runner/work/key/key/key.core/../key.ui/examples/standard_key/prop_log/doubleNeg.key 
146094     DEBUG main            d.u.i.k.p.i.AbstractProblemLoader Environment load took 84ns 
146095     INFO  main            d.u.i.k.p.i.AbstractProblemLoader Creating init config 
148342     DEBUG main            d.u.i.k.p.i.AbstractProblemLoader Init config took 2.25s 
148355     INFO  main            d.u.i.k.p.i.AbstractProblemLoader Replaying proof doubleNeg.key 
148356     DEBUG main            d.u.i.k.p.i.IntermediateProofReplayer Proof replay took 7.4ns 
148458     INFO  main            d.u.i.k.p.r.p.TestFile    ... finished proof: closed. 
148724     INFO  main            d.u.i.k.p.i.AbstractProblemLoader Loading environment from /home/runner/work/key/key/key.core/../key.ui/examples/standard_key/prop_log/doubleNeg.key.proof 
148724     DEBUG main            d.u.i.k.p.i.AbstractProblemLoader Environment load took 92.7ns 
148725     INFO  main            d.u.i.k.p.i.AbstractProblemLoader Creating init config 
150869     DEBUG main            d.u.i.k.p.i.AbstractProblemLoader Init config took 2.14s 
150882     INFO  main            d.u.i.k.p.i.AbstractProblemLoader Replaying proof doubleNeg.key.proof 
150884     DEBUG main            d.u.i.k.p.i.IntermediateProofReplayer Proof replay took 329.8ns 
150885     DEBUG main            d.u.i.k.p.r.p.TestFile    ... success: reloaded. 
150885     INFO  main            d.u.i.k.p.r.p.TestFile    Now processing file /home/runner/work/key/key/key.core/../key.ui/examples/standard_key/prop_log/liarsville.key 
150885     INFO  main            d.u.i.k.p.i.AbstractProblemLoader Loading environment from /home/runner/work/key/key/key.core/../key.ui/examples/standard_key/prop_log/liarsville.key 
150885     DEBUG main            d.u.i.k.p.i.AbstractProblemLoader Environment load took 76.6ns 
150886     INFO  main            d.u.i.k.p.i.AbstractProblemLoader Creating init config 
153084     DEBUG main            d.u.i.k.p.i.AbstractProblemLoader Init config took 2.2s 
153097     INFO  main            d.u.i.k.p.i.AbstractProblemLoader Replaying proof liarsville.key 
153098     DEBUG main            d.u.i.k.p.i.IntermediateProofReplayer Proof replay took 7.4ns 
153200     INFO  main            d.u.i.k.p.r.p.TestFile    ... finished proof: closed. 
153468     INFO  main            d.u.i.k.p.i.AbstractProblemLoader Loading environment from /home/runner/work/key/key/key.core/../key.ui/examples/standard_key/prop_log/liarsville.key.proof 
153468     DEBUG main            d.u.i.k.p.i.AbstractProblemLoader Environment load took 96.7ns 
153469     INFO  main            d.u.i.k.p.i.AbstractProblemLoader Creating init config 
155600     DEBUG main            d.u.i.k.p.i.AbstractProblemLoader Init config took 2.13s 
155613     INFO  main            d.u.i.k.p.i.AbstractProblemLoader Replaying proof liarsville.key.proof 
155615     DEBUG main            d.u.i.k.p.i.IntermediateProofReplayer Proof replay took 982.2ns 
155616     DEBUG main            d.u.i.k.p.r.p.TestFile    ... success: reloaded. 
155616     INFO  main            d.u.i.k.p.r.p.TestFile    Now processing file /home/runner/work/key/key/key.core/../key.ui/examples/standard_key/prop_log/simplest.key 
155617     INFO  main            d.u.i.k.p.i.AbstractProblemLoader Loading environment from /home/runner/work/key/key/key.core/../key.ui/examples/standard_key/prop_log/simplest.key 
155617     DEBUG main            d.u.i.k.p.i.AbstractProblemLoader Environment load took 109.6ns 
155618     INFO  main            d.u.i.k.p.i.AbstractProblemLoader Creating init config 
157817     DEBUG main            d.u.i.k.p.i.AbstractProblemLoader Init config took 2.2s 
157830     INFO  main            d.u.i.k.p.i.AbstractProblemLoader Replaying proof simplest.key 
157831     DEBUG main            d.u.i.k.p.i.IntermediateProofReplayer Proof replay took 6.3ns 
157932     INFO  main            d.u.i.k.p.r.p.TestFile    ... finished proof: closed. 
158197     INFO  main            d.u.i.k.p.i.AbstractProblemLoader Loading environment from /home/runner/work/key/key/key.core/../key.ui/examples/standard_key/prop_log/simplest.key.proof 
158197     DEBUG main            d.u.i.k.p.i.AbstractProblemLoader Environment load took 91ns 
158198     INFO  main            d.u.i.k.p.i.AbstractProblemLoader Creating init config 
160331     DEBUG main            d.u.i.k.p.i.AbstractProblemLoader Init config took 2.13s 
160343     INFO  main            d.u.i.k.p.i.AbstractProblemLoader Replaying proof simplest.key.proof 
160345     DEBUG main            d.u.i.k.p.i.IntermediateProofReplayer Proof replay took 79.6ns 
160345     DEBUG main            d.u.i.k.p.r.p.TestFile    ... success: reloaded. 
160346     INFO  main            d.u.i.k.p.r.p.TestFile    Now processing file /home/runner/work/key/key/key.core/../key.ui/examples/standard_key/prop_log/contraposition.key 
160346     INFO  main            d.u.i.k.p.i.AbstractProblemLoader Loading environment from /home/runner/work/key/key/key.core/../key.ui/examples/standard_key/prop_log/contraposition.key 
160346     DEBUG main            d.u.i.k.p.i.AbstractProblemLoader Environment load took 150.3ns 
160347     INFO  main            d.u.i.k.p.i.AbstractProblemLoader Creating init config 
162540     DEBUG main            d.u.i.k.p.i.AbstractProblemLoader Init config took 2.19s 
162553     INFO  main            d.u.i.k.p.i.AbstractProblemLoader Replaying proof contraposition.key 
162554     DEBUG main            d.u.i.k.p.i.IntermediateProofReplayer Proof replay took 7.3ns 
162656     INFO  main            d.u.i.k.p.r.p.TestFile    ... finished proof: closed. 
162927     INFO  main            d.u.i.k.p.i.AbstractProblemLoader Loading environment from /home/runner/work/key/key/key.core/../key.ui/examples/standard_key/prop_log/contraposition.key.proof 
162927     DEBUG main            d.u.i.k.p.i.AbstractProblemLoader Environment load took 100.8ns 
162928     INFO  main            d.u.i.k.p.i.AbstractProblemLoader Creating init config 
165073     DEBUG main            d.u.i.k.p.i.AbstractProblemLoader Init config took 2.15s 
165085     INFO  main            d.u.i.k.p.i.AbstractProblemLoader Replaying proof contraposition.key.proof 
165088     DEBUG main            d.u.i.k.p.i.IntermediateProofReplayer Proof replay took 475.2ns 
165089     DEBUG main            d.u.i.k.p.r.p.TestFile    ... success: reloaded. 
165089     INFO  main            d.u.i.k.p.r.p.TestFile    Now processing file /home/runner/work/key/key/key.core/../key.ui/examples/standard_key/quantifiers/elimination0.key 
165090     INFO  main            d.u.i.k.p.i.AbstractProblemLoader Loading environment from /home/runner/work/key/key/key.core/../key.ui/examples/standard_key/quantifiers/elimination0.key 
165090     DEBUG main            d.u.i.k.p.i.AbstractProblemLoader Environment load took 222.1ns 
165091     INFO  main            d.u.i.k.p.i.AbstractProblemLoader Creating init config 
167295     DEBUG main            d.u.i.k.p.i.AbstractProblemLoader Init config took 2.2s 
167308     INFO  main            d.u.i.k.p.i.AbstractProblemLoader Replaying proof elimination0.key 
167312     DEBUG main            d.u.i.k.p.i.IntermediateProofReplayer Proof replay took 7.6ns 
167415     INFO  main            d.u.i.k.p.r.p.TestFile    ... finished proof: closed. 
167737     INFO  main            d.u.i.k.p.i.AbstractProblemLoader Loading environment from /home/runner/work/key/key/key.core/../key.ui/examples/standard_key/quantifiers/elimination0.key.proof 
167737     DEBUG main            d.u.i.k.p.i.AbstractProblemLoader Environment load took 98.4ns 
167738     INFO  main            d.u.i.k.p.i.AbstractProblemLoader Creating init config 
169874     DEBUG main            d.u.i.k.p.i.AbstractProblemLoader Init config took 2.14s 
169887     INFO  main            d.u.i.k.p.i.AbstractProblemLoader Replaying proof elimination0.key.proof 
169889     DEBUG main            d.u.i.k.p.i.IntermediateProofReplayer Proof replay took 1.19ms 
169890     DEBUG main            d.u.i.k.p.r.p.TestFile    ... success: reloaded. 
169891     INFO  main            d.u.i.k.p.r.p.TestFile    Now processing file /home/runner/work/key/key/key.core/../key.ui/examples/standard_key/quantifiers/heuristic_PUZ001p1-eq.key 
169891     INFO  main            d.u.i.k.p.i.AbstractProblemLoader Loading environment from /home/runner/work/key/key/key.core/../key.ui/examples/standard_key/quantifiers/heuristic_PUZ001p1-eq.key 
169891     DEBUG main            d.u.i.k.p.i.AbstractProblemLoader Environment load took 99.5ns 
169892     INFO  main            d.u.i.k.p.i.AbstractProblemLoader Creating init config 
172088     DEBUG main            d.u.i.k.p.i.AbstractProblemLoader Init config took 2.2s 
172102     INFO  main            d.u.i.k.p.i.AbstractProblemLoader Replaying proof heuristic_PUZ001p1-eq.key 
172103     DEBUG main            d.u.i.k.p.i.IntermediateProofReplayer Proof replay took 7.1ns 
172212     INFO  main            d.u.i.k.p.r.p.TestFile    ... finished proof: closed. 
172544     INFO  main            d.u.i.k.p.i.AbstractProblemLoader Loading environment from /home/runner/work/key/key/key.core/../key.ui/examples/standard_key/quantifiers/heuristic_PUZ001p1-eq.key.proof 
172544     DEBUG main            d.u.i.k.p.i.AbstractProblemLoader Environment load took 112.7ns 
172546     INFO  main            d.u.i.k.p.i.AbstractProblemLoader Creating init config 
174681     DEBUG main            d.u.i.k.p.i.AbstractProblemLoader Init config took 2.13s 
174694     INFO  main            d.u.i.k.p.i.AbstractProblemLoader Replaying proof heuristic_PUZ001p1-eq.key.proof 
174704     DEBUG main            d.u.i.k.p.i.IntermediateProofReplayer Proof replay took 7.98ms 
174705     DEBUG main            d.u.i.k.p.r.p.TestFile    ... success: reloaded. 
174706     INFO  main            d.u.i.k.p.r.p.TestFile    Now processing file /home/runner/work/key/key/key.core/../key.ui/examples/standard_key/quantifiers/heuristic_PUZ001p1.key 
174706     INFO  main            d.u.i.k.p.i.AbstractProblemLoader Loading environment from /home/runner/work/key/key/key.core/../key.ui/examples/standard_key/quantifiers/heuristic_PUZ001p1.key 
174706     DEBUG main            d.u.i.k.p.i.AbstractProblemLoader Environment load took 76.3ns 
174707     INFO  main            d.u.i.k.p.i.AbstractProblemLoader Creating init config 
176894     DEBUG main            d.u.i.k.p.i.AbstractProblemLoader Init config took 2.19s 
176909     INFO  main            d.u.i.k.p.i.AbstractProblemLoader Replaying proof heuristic_PUZ001p1.key 
176911     DEBUG main            d.u.i.k.p.i.IntermediateProofReplayer Proof replay took 7.4ns 
178219     INFO  main            d.u.i.k.p.r.p.TestFile    ... finished proof: closed. 
178526     INFO  main            d.u.i.k.p.i.AbstractProblemLoader Loading environment from /home/runner/work/key/key/key.core/../key.ui/examples/standard_key/quantifiers/heuristic_PUZ001p1.key.proof 
178527     DEBUG main            d.u.i.k.p.i.AbstractProblemLoader Environment load took 349.3ns 
178528     INFO  main            d.u.i.k.p.i.AbstractProblemLoader Creating init config 
180661     DEBUG main            d.u.i.k.p.i.AbstractProblemLoader Init config took 2.13s 
180675     INFO  main            d.u.i.k.p.i.AbstractProblemLoader Replaying proof heuristic_PUZ001p1.key.proof 
180717     DEBUG main            d.u.i.k.p.i.IntermediateProofReplayer Proof replay took 37.88ms 
180718     DEBUG main            d.u.i.k.p.r.p.TestFile    ... success: reloaded. 
180719     INFO  main            d.u.i.k.p.r.p.TestFile    Now processing file /home/runner/work/key/key/key.core/../key.ui/examples/standard_key/quantifiers/heuristic_PUZ031p1.key 
180719     INFO  main            d.u.i.k.p.i.AbstractProblemLoader Loading environment from /home/runner/work/key/key/key.core/../key.ui/examples/standard_key/quantifiers/heuristic_PUZ031p1.key 
180719     DEBUG main            d.u.i.k.p.i.AbstractProblemLoader Environment load took 100.6ns 
180720     INFO  main            d.u.i.k.p.i.AbstractProblemLoader Creating init config 
182904     DEBUG main            d.u.i.k.p.i.AbstractProblemLoader Init config took 2.18s 
182919     INFO  main            d.u.i.k.p.i.AbstractProblemLoader Replaying proof heuristic_PUZ031p1.key 
182920     DEBUG main            d.u.i.k.p.i.IntermediateProofReplayer Proof replay took 8.2ns 
187342     INFO  main            d.u.i.k.p.r.p.TestFile    ... finished proof: closed. 
187673     INFO  main            d.u.i.k.p.i.AbstractProblemLoader Loading environment from /home/runner/work/key/key/key.core/../key.ui/examples/standard_key/quantifiers/heuristic_PUZ031p1.key.proof 
187674     DEBUG main            d.u.i.k.p.i.AbstractProblemLoader Environment load took 1.22ms 
187678     INFO  main            d.u.i.k.p.i.AbstractProblemLoader Creating init config 
189851     DEBUG main            d.u.i.k.p.i.AbstractProblemLoader Init config took 2.17s 
189865     INFO  main            d.u.i.k.p.i.AbstractProblemLoader Replaying proof heuristic_PUZ031p1.key.proof 
189911     DEBUG main            d.u.i.k.p.i.IntermediateProofReplayer Proof replay took 42.62ms 
189912     DEBUG main            d.u.i.k.p.r.p.TestFile    ... success: reloaded. 
189913     INFO  main            d.u.i.k.p.r.p.TestFile    Now processing file /home/runner/work/key/key/key.core/../key.ui/examples/standard_key/quantifiers/heuristic_SYN036p2.key 
189913     INFO  main            d.u.i.k.p.i.AbstractProblemLoader Loading environment from /home/runner/work/key/key/key.core/../key.ui/examples/standard_key/quantifiers/heuristic_SYN036p2.key 
189913     DEBUG main            d.u.i.k.p.i.AbstractProblemLoader Environment load took 77.4ns 
189914     INFO  main            d.u.i.k.p.i.AbstractProblemLoader Creating init config 
192085     DEBUG main            d.u.i.k.p.i.AbstractProblemLoader Init config took 2.17s 
192098     INFO  main            d.u.i.k.p.i.AbstractProblemLoader Replaying proof heuristic_SYN036p2.key 
192099     DEBUG main            d.u.i.k.p.i.IntermediateProofReplayer Proof replay took 6.7ns 
192304     INFO  main            d.u.i.k.p.r.p.TestFile    ... finished proof: closed. 
192635     INFO  main            d.u.i.k.p.i.AbstractProblemLoader Loading environment from /home/runner/work/key/key/key.core/../key.ui/examples/standard_key/quantifiers/heuristic_SYN036p2.key.proof 
192635     DEBUG main            d.u.i.k.p.i.AbstractProblemLoader Environment load took 318.7ns 
192637     INFO  main            d.u.i.k.p.i.AbstractProblemLoader Creating init config 
194755     DEBUG main            d.u.i.k.p.i.AbstractProblemLoader Init config took 2.12s 
194769     INFO  main            d.u.i.k.p.i.AbstractProblemLoader Replaying proof heuristic_SYN036p2.key.proof 
194829     DEBUG main            d.u.i.k.p.i.IntermediateProofReplayer Proof replay took 53.99ms 
194830     DEBUG main            d.u.i.k.p.r.p.TestFile    ... success: reloaded. 
194831     INFO  main            d.u.i.k.p.r.p.TestFile    Now processing file /home/runner/work/key/key/key.core/../key.ui/examples/standard_key/quantifiers/injectivity.key 
194832     INFO  main            d.u.i.k.p.i.AbstractProblemLoader Loading environment from /home/runner/work/key/key/key.core/../key.ui/examples/standard_key/quantifiers/injectivity.key 
194832     DEBUG main            d.u.i.k.p.i.AbstractProblemLoader Environment load took 174.5ns 
194833     INFO  main            d.u.i.k.p.i.AbstractProblemLoader Creating init config 
197001     DEBUG main            d.u.i.k.p.i.AbstractProblemLoader Init config took 2.17s 
197014     INFO  main            d.u.i.k.p.i.AbstractProblemLoader Replaying proof injectivity.key 
197015     DEBUG main            d.u.i.k.p.i.IntermediateProofReplayer Proof replay took 7.2ns 
197117     INFO  main            d.u.i.k.p.r.p.TestFile    ... finished proof: closed. 
197438     INFO  main            d.u.i.k.p.i.AbstractProblemLoader Loading environment from /home/runner/work/key/key/key.core/../key.ui/examples/standard_key/quantifiers/injectivity.key.proof 
197438     DEBUG main            d.u.i.k.p.i.AbstractProblemLoader Environment load took 94.2ns 
197439     INFO  main            d.u.i.k.p.i.AbstractProblemLoader Creating init config 
199565     DEBUG main            d.u.i.k.p.i.AbstractProblemLoader Init config took 2.13s 
199580     INFO  main            d.u.i.k.p.i.AbstractProblemLoader Replaying proof injectivity.key.proof 
199582     DEBUG main            d.u.i.k.p.i.IntermediateProofReplayer Proof replay took 1.48ms 
199583     DEBUG main            d.u.i.k.p.r.p.TestFile    ... success: reloaded. 
199584     INFO  main            d.u.i.k.p.r.p.TestFile    Now processing file /home/runner/work/key/key/key.core/../key.ui/examples/standard_key/quantifiers/normalisation0.key 
199584     INFO  main            d.u.i.k.p.i.AbstractProblemLoader Loading environment from /home/runner/work/key/key/key.core/../key.ui/examples/standard_key/quantifiers/normalisation0.key 
199584     DEBUG main            d.u.i.k.p.i.AbstractProblemLoader Environment load took 95.8ns 
199585     INFO  main            d.u.i.k.p.i.AbstractProblemLoader Creating init config 
201742     DEBUG main            d.u.i.k.p.i.AbstractProblemLoader Init config took 2.16s 
201755     INFO  main            d.u.i.k.p.i.AbstractProblemLoader Replaying proof normalisation0.key 
201756     DEBUG main            d.u.i.k.p.i.IntermediateProofReplayer Proof replay took 6.7ns 
201858     INFO  main            d.u.i.k.p.r.p.TestFile    ... finished proof: closed. 
202180     INFO  main            d.u.i.k.p.i.AbstractProblemLoader Loading environment from /home/runner/work/key/key/key.core/../key.ui/examples/standard_key/quantifiers/normalisation0.key.proof 
202180     DEBUG main            d.u.i.k.p.i.AbstractProblemLoader Environment load took 105.8ns 
202181     INFO  main            d.u.i.k.p.i.AbstractProblemLoader Creating init config 
204301     DEBUG main            d.u.i.k.p.i.AbstractProblemLoader Init config took 2.12s 
204314     INFO  main            d.u.i.k.p.i.AbstractProblemLoader Replaying proof normalisation0.key.proof 
204317     DEBUG main            d.u.i.k.p.i.IntermediateProofReplayer Proof replay took 1.7ms 
204318     DEBUG main            d.u.i.k.p.r.p.TestFile    ... success: reloaded. 
204319     INFO  main            d.u.i.k.p.r.p.TestFile    Now processing file /home/runner/work/key/key/key.core/../key.ui/examples/standard_key/quantifiers/normalisation1.key 
204319     INFO  main            d.u.i.k.p.i.AbstractProblemLoader Loading environment from /home/runner/work/key/key/key.core/../key.ui/examples/standard_key/quantifiers/normalisation1.key 
204319     DEBUG main            d.u.i.k.p.i.AbstractProblemLoader Environment load took 47.9ns 
204320     INFO  main            d.u.i.k.p.i.AbstractProblemLoader Creating init config 
206474     DEBUG main            d.u.i.k.p.i.AbstractProblemLoader Init config took 2.15s 
206489     INFO  main            d.u.i.k.p.i.AbstractProblemLoader Replaying proof normalisation1.key 
206490     DEBUG main            d.u.i.k.p.i.IntermediateProofReplayer Proof replay took 6ns 
206595     INFO  main            d.u.i.k.p.r.p.TestFile    ... finished proof: closed. 
206905     INFO  main            d.u.i.k.p.i.AbstractProblemLoader Loading environment from /home/runner/work/key/key/key.core/../key.ui/examples/standard_key/quantifiers/normalisation1.key.proof 
206905     DEBUG main            d.u.i.k.p.i.AbstractProblemLoader Environment load took 85.3ns 
206906     INFO  main            d.u.i.k.p.i.AbstractProblemLoader Creating init config 
209022     DEBUG main            d.u.i.k.p.i.AbstractProblemLoader Init config took 2.12s 
209035     INFO  main            d.u.i.k.p.i.AbstractProblemLoader Replaying proof normalisation1.key.proof 
209039     DEBUG main            d.u.i.k.p.i.IntermediateProofReplayer Proof replay took 2.22ms 
209039     DEBUG main            d.u.i.k.p.r.p.TestFile    ... success: reloaded. 
209040     INFO  main            d.u.i.k.p.r.p.TestFile    Now processing file /home/runner/work/key/key/key.core/../key.ui/examples/standard_key/quantifiers/normalisation2.key 
209040     INFO  main            d.u.i.k.p.i.AbstractProblemLoader Loading environment from /home/runner/work/key/key/key.core/../key.ui/examples/standard_key/quantifiers/normalisation2.key 
209040     DEBUG main            d.u.i.k.p.i.AbstractProblemLoader Environment load took 71.1ns 
209041     INFO  main            d.u.i.k.p.i.AbstractProblemLoader Creating init config 
211209     DEBUG main            d.u.i.k.p.i.AbstractProblemLoader Init config took 2.17s 
211222     INFO  main            d.u.i.k.p.i.AbstractProblemLoader Replaying proof normalisation2.key 
211223     DEBUG main            d.u.i.k.p.i.IntermediateProofReplayer Proof replay took 6.6ns 
211325     INFO  main            d.u.i.k.p.r.p.TestFile    ... finished proof: closed. 
211646     INFO  main            d.u.i.k.p.i.AbstractProblemLoader Loading environment from /home/runner/work/key/key/key.core/../key.ui/examples/standard_key/quantifiers/normalisation2.key.proof 
211646     DEBUG main            d.u.i.k.p.i.AbstractProblemLoader Environment load took 112.2ns 
211647     INFO  main            d.u.i.k.p.i.AbstractProblemLoader Creating init config 
213768     DEBUG main            d.u.i.k.p.i.AbstractProblemLoader Init config took 2.12s 
213792     INFO  main            d.u.i.k.p.i.AbstractProblemLoader Replaying proof normalisation2.key.proof 
213796     DEBUG main            d.u.i.k.p.i.IntermediateProofReplayer Proof replay took 1.89ms 
213796     DEBUG main            d.u.i.k.p.r.p.TestFile    ... success: reloaded. 
213797     INFO  main            d.u.i.k.p.r.p.TestFile    Now processing file /home/runner/work/key/key/key.core/../key.ui/examples/standard_key/quantifiers/normalisation3.key 
213797     INFO  main            d.u.i.k.p.i.AbstractProblemLoader Loading environment from /home/runner/work/key/key/key.core/../key.ui/examples/standard_key/quantifiers/normalisation3.key 
213797     DEBUG main            d.u.i.k.p.i.AbstractProblemLoader Environment load took 108.4ns 
213798     INFO  main            d.u.i.k.p.i.AbstractProblemLoader Creating init config 
215969     DEBUG main            d.u.i.k.p.i.AbstractProblemLoader Init config took 2.17s 
215982     INFO  main            d.u.i.k.p.i.AbstractProblemLoader Replaying proof normalisation3.key 
215983     DEBUG main            d.u.i.k.p.i.IntermediateProofReplayer Proof replay took 7.9ns 
216084     INFO  main            d.u.i.k.p.r.p.TestFile    ... finished proof: closed. 
216409     INFO  main            d.u.i.k.p.i.AbstractProblemLoader Loading environment from /home/runner/work/key/key/key.core/../key.ui/examples/standard_key/quantifiers/normalisation3.key.proof 
216409     DEBUG main            d.u.i.k.p.i.AbstractProblemLoader Environment load took 90.3ns 
216410     INFO  main            d.u.i.k.p.i.AbstractProblemLoader Creating init config 
218537     DEBUG main            d.u.i.k.p.i.AbstractProblemLoader Init config took 2.13s 
218551     INFO  main            d.u.i.k.p.i.AbstractProblemLoader Replaying proof normalisation3.key.proof 
218554     DEBUG main            d.u.i.k.p.i.IntermediateProofReplayer Proof replay took 2.01ms 
218555     DEBUG main            d.u.i.k.p.r.p.TestFile    ... success: reloaded. 
218556     INFO  main            d.u.i.k.p.r.p.TestFile    Now processing file /home/runner/work/key/key/key.core/../key.ui/examples/standard_key/quantifiers/normalisation4.key 
218556     INFO  main            d.u.i.k.p.i.AbstractProblemLoader Loading environment from /home/runner/work/key/key/key.core/../key.ui/examples/standard_key/quantifiers/normalisation4.key 
218556     DEBUG main            d.u.i.k.p.i.AbstractProblemLoader Environment load took 79.5ns 
218557     INFO  main            d.u.i.k.p.i.AbstractProblemLoader Creating init config 
220722     DEBUG main            d.u.i.k.p.i.AbstractProblemLoader Init config took 2.17s 
220736     INFO  main            d.u.i.k.p.i.AbstractProblemLoader Replaying proof normalisation4.key 
220737     DEBUG main            d.u.i.k.p.i.IntermediateProofReplayer Proof replay took 6.9ns 
220838     INFO  main            d.u.i.k.p.r.p.TestFile    ... finished proof: closed. 
221165     INFO  main            d.u.i.k.p.i.AbstractProblemLoader Loading environment from /home/runner/work/key/key/key.core/../key.ui/examples/standard_key/quantifiers/normalisation4.key.proof 
221166     DEBUG main            d.u.i.k.p.i.AbstractProblemLoader Environment load took 111.9ns 
221167     INFO  main            d.u.i.k.p.i.AbstractProblemLoader Creating init config 
223321     DEBUG main            d.u.i.k.p.i.AbstractProblemLoader Init config took 2.15s 
223337     INFO  main            d.u.i.k.p.i.AbstractProblemLoader Replaying proof normalisation4.key.proof 
223346     DEBUG main            d.u.i.k.p.i.IntermediateProofReplayer Proof replay took 7.83ms 
223348     DEBUG main            d.u.i.k.p.r.p.TestFile    ... success: reloaded. 
223349     INFO  main            d.u.i.k.p.r.p.TestFile    Now processing file /home/runner/work/key/key/key.core/../key.ui/examples/standard_key/quantifiers/normalisation5.key 
223350     INFO  main            d.u.i.k.p.i.AbstractProblemLoader Loading environment from /home/runner/work/key/key/key.core/../key.ui/examples/standard_key/quantifiers/normalisation5.key 
223350     DEBUG main            d.u.i.k.p.i.AbstractProblemLoader Environment load took 104.5ns 
223351     INFO  main            d.u.i.k.p.i.AbstractProblemLoader Creating init config 
225536     DEBUG main            d.u.i.k.p.i.AbstractProblemLoader Init config took 2.18s 
225549     INFO  main            d.u.i.k.p.i.AbstractProblemLoader Replaying proof normalisation5.key 
225550     DEBUG main            d.u.i.k.p.i.IntermediateProofReplayer Proof replay took 7.6ns 
225652     INFO  main            d.u.i.k.p.r.p.TestFile    ... finished proof: closed. 
225998     INFO  main            d.u.i.k.p.i.AbstractProblemLoader Loading environment from /home/runner/work/key/key/key.core/../key.ui/examples/standard_key/quantifiers/normalisation5.key.proof 
225998     DEBUG main            d.u.i.k.p.i.AbstractProblemLoader Environment load took 87.6ns 
225999     INFO  main            d.u.i.k.p.i.AbstractProblemLoader Creating init config 
228129     DEBUG main            d.u.i.k.p.i.AbstractProblemLoader Init config took 2.13s 
228142     INFO  main            d.u.i.k.p.i.AbstractProblemLoader Replaying proof normalisation5.key.proof 
228146     DEBUG main            d.u.i.k.p.i.IntermediateProofReplayer Proof replay took 3.15ms 
228147     DEBUG main            d.u.i.k.p.r.p.TestFile    ... success: reloaded. 
228147     INFO  main            d.u.i.k.p.r.p.TestFile    Now processing file /home/runner/work/key/key/key.core/../key.ui/examples/standard_key/quantifiers/normalisation6.key 
228148     INFO  main            d.u.i.k.p.i.AbstractProblemLoader Loading environment from /home/runner/work/key/key/key.core/../key.ui/examples/standard_key/quantifiers/normalisation6.key 
228148     DEBUG main            d.u.i.k.p.i.AbstractProblemLoader Environment load took 157.8ns 
228149     INFO  main            d.u.i.k.p.i.AbstractProblemLoader Creating init config 
230307     DEBUG main            d.u.i.k.p.i.AbstractProblemLoader Init config took 2.16s 
230320     INFO  main            d.u.i.k.p.i.AbstractProblemLoader Replaying proof normalisation6.key 
230321     DEBUG main            d.u.i.k.p.i.IntermediateProofReplayer Proof replay took 6.4ns 
230423     INFO  main            d.u.i.k.p.r.p.TestFile    ... finished proof: closed. 
230769     INFO  main            d.u.i.k.p.i.AbstractProblemLoader Loading environment from /home/runner/work/key/key/key.core/../key.ui/examples/standard_key/quantifiers/normalisation6.key.proof 
230769     DEBUG main            d.u.i.k.p.i.AbstractProblemLoader Environment load took 87.7ns 
230770     INFO  main            d.u.i.k.p.i.AbstractProblemLoader Creating init config 
232898     DEBUG main            d.u.i.k.p.i.AbstractProblemLoader Init config took 2.13s 
232911     INFO  main            d.u.i.k.p.i.AbstractProblemLoader Replaying proof normalisation6.key.proof 
232914     DEBUG main            d.u.i.k.p.i.IntermediateProofReplayer Proof replay took 1.87ms 
232915     DEBUG main            d.u.i.k.p.r.p.TestFile    ... success: reloaded. 
232916     INFO  main            d.u.i.k.p.r.p.TestFile    Now processing file /home/runner/work/key/key/key.core/../key.ui/examples/standard_key/quantifiers/normalisation7.key 
232916     INFO  main            d.u.i.k.p.i.AbstractProblemLoader Loading environment from /home/runner/work/key/key/key.core/../key.ui/examples/standard_key/quantifiers/normalisation7.key 
232916     DEBUG main            d.u.i.k.p.i.AbstractProblemLoader Environment load took 75.7ns 
232917     INFO  main            d.u.i.k.p.i.AbstractProblemLoader Creating init config 
235073     DEBUG main            d.u.i.k.p.i.AbstractProblemLoader Init config took 2.16s 
235086     INFO  main            d.u.i.k.p.i.AbstractProblemLoader Replaying proof normalisation7.key 
235088     DEBUG main            d.u.i.k.p.i.IntermediateProofReplayer Proof replay took 7.5ns 
235189     INFO  main            d.u.i.k.p.r.p.TestFile    ... finished proof: closed. 
235533     INFO  main            d.u.i.k.p.i.AbstractProblemLoader Loading environment from /home/runner/work/key/key/key.core/../key.ui/examples/standard_key/quantifiers/normalisation7.key.proof 
235533     DEBUG main            d.u.i.k.p.i.AbstractProblemLoader Environment load took 98.8ns 
235534     INFO  main            d.u.i.k.p.i.AbstractProblemLoader Creating init config 
237673     DEBUG main            d.u.i.k.p.i.AbstractProblemLoader Init config took 2.14s 
237686     INFO  main            d.u.i.k.p.i.AbstractProblemLoader Replaying proof normalisation7.key.proof 
237689     DEBUG main            d.u.i.k.p.i.IntermediateProofReplayer Proof replay took 1.71ms 
237690     DEBUG main            d.u.i.k.p.r.p.TestFile    ... success: reloaded. 
237691     INFO  main            d.u.i.k.p.r.p.TestFile    Now processing file /home/runner/work/key/key/key.core/../key.ui/examples/standard_key/quantifiers/normalisation8.key 
237691     INFO  main            d.u.i.k.p.i.AbstractProblemLoader Loading environment from /home/runner/work/key/key/key.core/../key.ui/examples/standard_key/quantifiers/normalisation8.key 
237691     DEBUG main            d.u.i.k.p.i.AbstractProblemLoader Environment load took 72.2ns 
237692     INFO  main            d.u.i.k.p.i.AbstractProblemLoader Creating init config 
239863     DEBUG main            d.u.i.k.p.i.AbstractProblemLoader Init config took 2.17s 
239876     INFO  main            d.u.i.k.p.i.AbstractProblemLoader Replaying proof normalisation8.key 
239878     DEBUG main            d.u.i.k.p.i.IntermediateProofReplayer Proof replay took 7.2ns 
239979     INFO  main            d.u.i.k.p.r.p.TestFile    ... finished proof: closed. 
240328     INFO  main            d.u.i.k.p.i.AbstractProblemLoader Loading environment from /home/runner/work/key/key/key.core/../key.ui/examples/standard_key/quantifiers/normalisation8.key.proof 
240328     DEBUG main            d.u.i.k.p.i.AbstractProblemLoader Environment load took 85.2ns 
240329     INFO  main            d.u.i.k.p.i.AbstractProblemLoader Creating init config 
242459     DEBUG main            d.u.i.k.p.i.AbstractProblemLoader Init config took 2.13s 
242473     INFO  main            d.u.i.k.p.i.AbstractProblemLoader Replaying proof normalisation8.key.proof 
242478     DEBUG main            d.u.i.k.p.i.IntermediateProofReplayer Proof replay took 4.13ms 
242479     DEBUG main            d.u.i.k.p.r.p.TestFile    ... success: reloaded. 
242480     INFO  main            d.u.i.k.p.r.p.TestFile    Now processing file /home/runner/work/key/key/key.core/../key.ui/examples/standard_key/quantifiers/normalisation9.key 
242480     INFO  main            d.u.i.k.p.i.AbstractProblemLoader Loading environment from /home/runner/work/key/key/key.core/../key.ui/examples/standard_key/quantifiers/normalisation9.key 
242480     DEBUG main            d.u.i.k.p.i.AbstractProblemLoader Environment load took 59.4ns 
242481     INFO  main            d.u.i.k.p.i.AbstractProblemLoader Creating init config 
244640     DEBUG main            d.u.i.k.p.i.AbstractProblemLoader Init config took 2.16s 
244653     INFO  main            d.u.i.k.p.i.AbstractProblemLoader Replaying proof normalisation9.key 
244654     DEBUG main            d.u.i.k.p.i.IntermediateProofReplayer Proof replay took 7.9ns 
244756     INFO  main            d.u.i.k.p.r.p.TestFile    ... finished proof: closed. 
245117     INFO  main            d.u.i.k.p.i.AbstractProblemLoader Loading environment from /home/runner/work/key/key/key.core/../key.ui/examples/standard_key/quantifiers/normalisation9.key.proof 
245117     DEBUG main            d.u.i.k.p.i.AbstractProblemLoader Environment load took 89.2ns 
245118     INFO  main            d.u.i.k.p.i.AbstractProblemLoader Creating init config 
247247     DEBUG main            d.u.i.k.p.i.AbstractProblemLoader Init config took 2.13s 
247262     INFO  main            d.u.i.k.p.i.AbstractProblemLoader Replaying proof normalisation9.key.proof 
247273     DEBUG main            d.u.i.k.p.i.IntermediateProofReplayer Proof replay took 9.03ms 
247274     DEBUG main            d.u.i.k.p.r.p.TestFile    ... success: reloaded. 
247275     INFO  main            d.u.i.k.p.r.p.TestFile    Now processing file /home/runner/work/key/key/key.core/../key.ui/examples/standard_key/quantifiers/normalisation10.key 
247275     INFO  main            d.u.i.k.p.i.AbstractProblemLoader Loading environment from /home/runner/work/key/key/key.core/../key.ui/examples/standard_key/quantifiers/normalisation10.key 
247276     DEBUG main            d.u.i.k.p.i.AbstractProblemLoader Environment load took 157.5ns 
247277     INFO  main            d.u.i.k.p.i.AbstractProblemLoader Creating init config 
249464     DEBUG main            d.u.i.k.p.i.AbstractProblemLoader Init config took 2.19s 
249477     INFO  main            d.u.i.k.p.i.AbstractProblemLoader Replaying proof normalisation10.key 
249480     DEBUG main            d.u.i.k.p.i.IntermediateProofReplayer Proof replay took 7.7ns 
249583     INFO  main            d.u.i.k.p.r.p.TestFile    ... finished proof: closed. 
249944     INFO  main            d.u.i.k.p.i.AbstractProblemLoader Loading environment from /home/runner/work/key/key/key.core/../key.ui/examples/standard_key/quantifiers/normalisation10.key.proof 
249944     DEBUG main            d.u.i.k.p.i.AbstractProblemLoader Environment load took 84.6ns 
249945     INFO  main            d.u.i.k.p.i.AbstractProblemLoader Creating init config 
252071     DEBUG main            d.u.i.k.p.i.AbstractProblemLoader Init config took 2.13s 
252084     INFO  main            d.u.i.k.p.i.AbstractProblemLoader Replaying proof normalisation10.key.proof 
252089     DEBUG main            d.u.i.k.p.i.IntermediateProofReplayer Proof replay took 4.09ms 
252090     DEBUG main            d.u.i.k.p.r.p.TestFile    ... success: reloaded. 
252091     INFO  main            d.u.i.k.p.r.p.TestFile    Now processing file /home/runner/work/key/key/key.core/../key.ui/examples/standard_key/quantifiers/normalisation12.key 
252091     INFO  main            d.u.i.k.p.i.AbstractProblemLoader Loading environment from /home/runner/work/key/key/key.core/../key.ui/examples/standard_key/quantifiers/normalisation12.key 
252091     DEBUG main            d.u.i.k.p.i.AbstractProblemLoader Environment load took 86.9ns 
252092     INFO  main            d.u.i.k.p.i.AbstractProblemLoader Creating init config 
254267     DEBUG main            d.u.i.k.p.i.AbstractProblemLoader Init config took 2.17s 
254282     INFO  main            d.u.i.k.p.i.AbstractProblemLoader Replaying proof normalisation12.key 
254283     DEBUG main            d.u.i.k.p.i.IntermediateProofReplayer Proof replay took 7.1ns 
254384     INFO  main            d.u.i.k.p.r.p.TestFile    ... finished proof: closed. 
254751     INFO  main            d.u.i.k.p.i.AbstractProblemLoader Loading environment from /home/runner/work/key/key/key.core/../key.ui/examples/standard_key/quantifiers/normalisation12.key.proof 
254751     DEBUG main            d.u.i.k.p.i.AbstractProblemLoader Environment load took 100.6ns 
254752     INFO  main            d.u.i.k.p.i.AbstractProblemLoader Creating init config 
256879     DEBUG main            d.u.i.k.p.i.AbstractProblemLoader Init config took 2.13s 
256892     INFO  main            d.u.i.k.p.i.AbstractProblemLoader Replaying proof normalisation12.key.proof 
256901     DEBUG main            d.u.i.k.p.i.IntermediateProofReplayer Proof replay took 1.1ms 
256902     DEBUG main            d.u.i.k.p.r.p.TestFile    ... success: reloaded. 
256903     INFO  main            d.u.i.k.p.r.p.TestFile    Now processing file /home/runner/work/key/key/key.core/../key.ui/examples/standard_key/quantifiers/normalisation13.key 
256903     INFO  main            d.u.i.k.p.i.AbstractProblemLoader Loading environment from /home/runner/work/key/key/key.core/../key.ui/examples/standard_key/quantifiers/normalisation13.key 
256903     DEBUG main            d.u.i.k.p.i.AbstractProblemLoader Environment load took 86.8ns 
256904     INFO  main            d.u.i.k.p.i.AbstractProblemLoader Creating init config 
259078     DEBUG main            d.u.i.k.p.i.AbstractProblemLoader Init config took 2.17s 
259091     INFO  main            d.u.i.k.p.i.AbstractProblemLoader Replaying proof normalisation13.key 
259093     DEBUG main            d.u.i.k.p.i.IntermediateProofReplayer Proof replay took 7.5ns 
259194     INFO  main            d.u.i.k.p.r.p.TestFile    ... finished proof: closed. 
259571     INFO  main            d.u.i.k.p.i.AbstractProblemLoader Loading environment from /home/runner/work/key/key/key.core/../key.ui/examples/standard_key/quantifiers/normalisation13.key.proof 
259572     DEBUG main            d.u.i.k.p.i.AbstractProblemLoader Environment load took 85.6ns 
259572     INFO  main            d.u.i.k.p.i.AbstractProblemLoader Creating init config 
261697     DEBUG main            d.u.i.k.p.i.AbstractProblemLoader Init config took 2.12s 
261710     INFO  main            d.u.i.k.p.i.AbstractProblemLoader Replaying proof normalisation13.key.proof 
261711     DEBUG main            d.u.i.k.p.i.IntermediateProofReplayer Proof replay took 561.1ns 
261712     DEBUG main            d.u.i.k.p.r.p.TestFile    ... success: reloaded. 
261713     INFO  main            d.u.i.k.p.r.p.TestFile    Now processing file /home/runner/work/key/key/key.core/../key.ui/examples/standard_key/quantifiers/triggers0.key 
261713     INFO  main            d.u.i.k.p.i.AbstractProblemLoader Loading environment from /home/runner/work/key/key/key.core/../key.ui/examples/standard_key/quantifiers/triggers0.key 
261713     DEBUG main            d.u.i.k.p.i.AbstractProblemLoader Environment load took 44.8ns 
261714     INFO  main            d.u.i.k.p.i.AbstractProblemLoader Creating init config 
263885     DEBUG main            d.u.i.k.p.i.AbstractProblemLoader Init config took 2.17s 
263898     INFO  main            d.u.i.k.p.i.AbstractProblemLoader Replaying proof triggers0.key 
263899     DEBUG main            d.u.i.k.p.i.IntermediateProofReplayer Proof replay took 6.2ns 
264001     INFO  main            d.u.i.k.p.r.p.TestFile    ... finished proof: closed. 
264392     INFO  main            d.u.i.k.p.i.AbstractProblemLoader Loading environment from /home/runner/work/key/key/key.core/../key.ui/examples/standard_key/quantifiers/triggers0.key.proof 
264392     DEBUG main            d.u.i.k.p.i.AbstractProblemLoader Environment load took 85.4ns 
264393     INFO  main            d.u.i.k.p.i.AbstractProblemLoader Creating init config 
266516     DEBUG main            d.u.i.k.p.i.AbstractProblemLoader Init config took 2.12s 
266529     INFO  main            d.u.i.k.p.i.AbstractProblemLoader Replaying proof triggers0.key.proof 
266531     DEBUG main            d.u.i.k.p.i.IntermediateProofReplayer Proof replay took 1.4ms 
266532     DEBUG main            d.u.i.k.p.r.p.TestFile    ... success: reloaded. 
3717627    INFO  Test worker     d.u.i.k.p.r.RunAllProofsTestUnit Returning from test FOL 
3717628    INFO  Test worker     d.u.i.k.p.r.RunAllProofsTestUnit Running test strings 
351        INFO  Timeout watchdog d.u.i.k.p.r.p.ForkedTestFileRunner Timeout watcher launched (2000 secs.) 
376        WARN  main            d.u.i.k.s.ProofSettings   The settings in /home/runner/.key/proof-settings.props are *not* read. 
419        INFO  main            d.u.i.k.p.r.p.TestFile    Now processing file /home/runner/work/key/key/key.core/../key.ui/examples/standard_key/strings/charAt0.key 
540        INFO  main            d.u.i.k.p.i.AbstractProblemLoader Loading environment from /home/runner/work/key/key/key.core/../key.ui/examples/standard_key/strings/charAt0.key 
564        DEBUG main            d.u.i.k.p.i.AbstractProblemLoader Environment load took 1.86ms 
813        INFO  main            d.u.i.k.p.i.AbstractProblemLoader Creating init config 
1877       DEBUG main            d.u.i.k.j.TypeConverter   No LDT found for Meta 
1878       DEBUG main            d.u.i.k.j.TypeConverter   No LDT found for Meta 
1882       DEBUG main            d.u.i.k.j.TypeConverter   No LDT found for Meta 
1882       DEBUG main            d.u.i.k.j.TypeConverter   No LDT found for Meta 
3137       DEBUG main            d.u.i.k.j.TypeConverter   No LDT found for JavaBigintExpression 
7746       DEBUG main            d.u.i.k.p.i.AbstractProblemLoader Init config took 6.93s 
7804       INFO  main            d.u.i.k.p.i.AbstractProblemLoader Replaying proof charAt0.key 
7835       DEBUG main            d.u.i.k.p.i.IntermediateProofReplayer Proof replay took 31.4ns 
8201       INFO  main            d.u.i.k.p.r.p.TestFile    ... finished proof: closed. 
8308       INFO  main            d.u.i.k.p.i.AbstractProblemLoader Loading environment from /home/runner/work/key/key/key.core/../key.ui/examples/standard_key/strings/charAt0.key.proof 
8309       DEBUG main            d.u.i.k.p.i.AbstractProblemLoader Environment load took 1.73ms 
8314       INFO  main            d.u.i.k.p.i.AbstractProblemLoader Creating init config 
11008      DEBUG main            d.u.i.k.p.i.AbstractProblemLoader Init config took 2.69s 
11037      INFO  main            d.u.i.k.p.i.AbstractProblemLoader Replaying proof charAt0.key.proof 
11057      DEBUG main            d.u.i.k.p.i.IntermediateProofReplayer Proof replay took 15.31ms 
11081      DEBUG main            d.u.i.k.p.r.p.TestFile    ... success: reloaded. 
11082      INFO  main            d.u.i.k.p.r.p.TestFile    Now processing file /home/runner/work/key/key/key.core/../key.ui/examples/standard_key/strings/charAt1.key 
11083      INFO  main            d.u.i.k.p.i.AbstractProblemLoader Loading environment from /home/runner/work/key/key/key.core/../key.ui/examples/standard_key/strings/charAt1.key 
11083      DEBUG main            d.u.i.k.p.i.AbstractProblemLoader Environment load took 194.9ns 
11084      INFO  main            d.u.i.k.p.i.AbstractProblemLoader Creating init config 
13629      DEBUG main            d.u.i.k.p.i.AbstractProblemLoader Init config took 2.54s 
13670      INFO  main            d.u.i.k.p.i.AbstractProblemLoader Replaying proof charAt1.key 
13678      DEBUG main            d.u.i.k.p.i.IntermediateProofReplayer Proof replay took 6.5ns 
13883      INFO  main            d.u.i.k.p.r.p.TestFile    ... finished proof: closed. 
14027      INFO  main            d.u.i.k.p.i.AbstractProblemLoader Loading environment from /home/runner/work/key/key/key.core/../key.ui/examples/standard_key/strings/charAt1.key.proof 
14028      DEBUG main            d.u.i.k.p.i.AbstractProblemLoader Environment load took 499.8ns 
14030      INFO  main            d.u.i.k.p.i.AbstractProblemLoader Creating init config 
16533      DEBUG main            d.u.i.k.p.i.AbstractProblemLoader Init config took 2.5s 
16556      INFO  main            d.u.i.k.p.i.AbstractProblemLoader Replaying proof charAt1.key.proof 
16573      DEBUG main            d.u.i.k.p.i.IntermediateProofReplayer Proof replay took 14.03ms 
16574      DEBUG main            d.u.i.k.p.r.p.TestFile    ... success: reloaded. 
16575      INFO  main            d.u.i.k.p.r.p.TestFile    Now processing file /home/runner/work/key/key/key.core/../key.ui/examples/standard_key/strings/concat1.key 
16576      INFO  main            d.u.i.k.p.i.AbstractProblemLoader Loading environment from /home/runner/work/key/key/key.core/../key.ui/examples/standard_key/strings/concat1.key 
16576      DEBUG main            d.u.i.k.p.i.AbstractProblemLoader Environment load took 195.1ns 
16577      INFO  main            d.u.i.k.p.i.AbstractProblemLoader Creating init config 
19091      DEBUG main            d.u.i.k.p.i.AbstractProblemLoader Init config took 2.51s 
19111      INFO  main            d.u.i.k.p.i.AbstractProblemLoader Replaying proof concat1.key 
19116      DEBUG main            d.u.i.k.p.i.IntermediateProofReplayer Proof replay took 6.5ns 
19219      INFO  main            d.u.i.k.p.r.p.TestFile    ... finished proof: closed. 
19350      INFO  main            d.u.i.k.p.i.AbstractProblemLoader Loading environment from /home/runner/work/key/key/key.core/../key.ui/examples/standard_key/strings/concat1.key.proof 
19350      DEBUG main            d.u.i.k.p.i.AbstractProblemLoader Environment load took 124.8ns 
19351      INFO  main            d.u.i.k.p.i.AbstractProblemLoader Creating init config 
21823      DEBUG main            d.u.i.k.p.i.AbstractProblemLoader Init config took 2.47s 
21845      INFO  main            d.u.i.k.p.i.AbstractProblemLoader Replaying proof concat1.key.proof 
21851      DEBUG main            d.u.i.k.p.i.IntermediateProofReplayer Proof replay took 2.11ms 
21852      DEBUG main            d.u.i.k.p.r.p.TestFile    ... success: reloaded. 
21855      INFO  main            d.u.i.k.p.r.p.TestFile    Now processing file /home/runner/work/key/key/key.core/../key.ui/examples/standard_key/strings/concat2.key 
21855      INFO  main            d.u.i.k.p.i.AbstractProblemLoader Loading environment from /home/runner/work/key/key/key.core/../key.ui/examples/standard_key/strings/concat2.key 
21855      DEBUG main            d.u.i.k.p.i.AbstractProblemLoader Environment load took 183.3ns 
21856      INFO  main            d.u.i.k.p.i.AbstractProblemLoader Creating init config 
24357      DEBUG main            d.u.i.k.p.i.AbstractProblemLoader Init config took 2.5s 
24377      INFO  main            d.u.i.k.p.i.AbstractProblemLoader Replaying proof concat2.key 
24379      DEBUG main            d.u.i.k.p.i.IntermediateProofReplayer Proof replay took 5.8ns 
24481      INFO  main            d.u.i.k.p.r.p.TestFile    ... finished proof: closed. 
24643      INFO  main            d.u.i.k.p.i.AbstractProblemLoader Loading environment from /home/runner/work/key/key/key.core/../key.ui/examples/standard_key/strings/concat2.key.proof 
24643      DEBUG main            d.u.i.k.p.i.AbstractProblemLoader Environment load took 120ns 
24644      INFO  main            d.u.i.k.p.i.AbstractProblemLoader Creating init config 
27096      DEBUG main            d.u.i.k.p.i.AbstractProblemLoader Init config took 2.45s 
27115      INFO  main            d.u.i.k.p.i.AbstractProblemLoader Replaying proof concat2.key.proof 
27127      DEBUG main            d.u.i.k.p.i.IntermediateProofReplayer Proof replay took 9.83ms 
27128      DEBUG main            d.u.i.k.p.r.p.TestFile    ... success: reloaded. 
27128      INFO  main            d.u.i.k.p.r.p.TestFile    Now processing file /home/runner/work/key/key/key.core/../key.ui/examples/standard_key/strings/deriveLength1.key 
27128      INFO  main            d.u.i.k.p.i.AbstractProblemLoader Loading environment from /home/runner/work/key/key/key.core/../key.ui/examples/standard_key/strings/deriveLength1.key 
27129      DEBUG main            d.u.i.k.p.i.AbstractProblemLoader Environment load took 100ns 
27130      INFO  main            d.u.i.k.p.i.AbstractProblemLoader Creating init config 
29583      DEBUG main            d.u.i.k.p.i.AbstractProblemLoader Init config took 2.45s 
29602      INFO  main            d.u.i.k.p.i.AbstractProblemLoader Replaying proof deriveLength1.key 
29603      DEBUG main            d.u.i.k.p.i.IntermediateProofReplayer Proof replay took 6.5ns 
29707      INFO  main            d.u.i.k.p.r.p.TestFile    ... finished proof: closed. 
29858      INFO  main            d.u.i.k.p.i.AbstractProblemLoader Loading environment from /home/runner/work/key/key/key.core/../key.ui/examples/standard_key/strings/deriveLength1.key.proof 
29859      DEBUG main            d.u.i.k.p.i.AbstractProblemLoader Environment load took 134.8ns 
29860      INFO  main            d.u.i.k.p.i.AbstractProblemLoader Creating init config 
32295      DEBUG main            d.u.i.k.p.i.AbstractProblemLoader Init config took 2.43s 
32313      INFO  main            d.u.i.k.p.i.AbstractProblemLoader Replaying proof deriveLength1.key.proof 
32324      DEBUG main            d.u.i.k.p.i.IntermediateProofReplayer Proof replay took 9.18ms 
32325      DEBUG main            d.u.i.k.p.r.p.TestFile    ... success: reloaded. 
32326      INFO  main            d.u.i.k.p.r.p.TestFile    Now processing file /home/runner/work/key/key/key.core/../key.ui/examples/standard_key/strings/emptyStringLengthZero.key 
32326      INFO  main            d.u.i.k.p.i.AbstractProblemLoader Loading environment from /home/runner/work/key/key/key.core/../key.ui/examples/standard_key/strings/emptyStringLengthZero.key 
32326      DEBUG main            d.u.i.k.p.i.AbstractProblemLoader Environment load took 111.2ns 
32327      INFO  main            d.u.i.k.p.i.AbstractProblemLoader Creating init config 
34771      DEBUG main            d.u.i.k.p.i.AbstractProblemLoader Init config took 2.44s 
34790      INFO  main            d.u.i.k.p.i.AbstractProblemLoader Replaying proof emptyStringLengthZero.key 
34791      DEBUG main            d.u.i.k.p.i.IntermediateProofReplayer Proof replay took 6.3ns 
34894      INFO  main            d.u.i.k.p.r.p.TestFile    ... finished proof: closed. 
35050      INFO  main            d.u.i.k.p.i.AbstractProblemLoader Loading environment from /home/runner/work/key/key/key.core/../key.ui/examples/standard_key/strings/emptyStringLengthZero.key.proof 
35051      DEBUG main            d.u.i.k.p.i.AbstractProblemLoader Environment load took 125.4ns 
35052      INFO  main            d.u.i.k.p.i.AbstractProblemLoader Creating init config 
37435      DEBUG main            d.u.i.k.p.i.AbstractProblemLoader Init config took 2.38s 
37452      INFO  main            d.u.i.k.p.i.AbstractProblemLoader Replaying proof emptyStringLengthZero.key.proof 
37458      DEBUG main            d.u.i.k.p.i.IntermediateProofReplayer Proof replay took 3.56ms 
37459      DEBUG main            d.u.i.k.p.r.p.TestFile    ... success: reloaded. 
37460      INFO  main            d.u.i.k.p.r.p.TestFile    Now processing file /home/runner/work/key/key/key.core/../key.ui/examples/standard_key/strings/implicitBooleanStringConversion.key 
37460      INFO  main            d.u.i.k.p.i.AbstractProblemLoader Loading environment from /home/runner/work/key/key/key.core/../key.ui/examples/standard_key/strings/implicitBooleanStringConversion.key 
37460      DEBUG main            d.u.i.k.p.i.AbstractProblemLoader Environment load took 176.2ns 
37461      INFO  main            d.u.i.k.p.i.AbstractProblemLoader Creating init config 
39891      DEBUG main            d.u.i.k.p.i.AbstractProblemLoader Init config took 2.43s 
39922      INFO  main            d.u.i.k.p.i.AbstractProblemLoader Replaying proof implicitBooleanStringConversion.key 
39924      DEBUG main            d.u.i.k.p.i.IntermediateProofReplayer Proof replay took 7ns 
40838      INFO  main            d.u.i.k.p.r.p.TestFile    ... finished proof: closed. 
41035      INFO  main            d.u.i.k.p.i.AbstractProblemLoader Loading environment from /home/runner/work/key/key/key.core/../key.ui/examples/standard_key/strings/implicitBooleanStringConversion.key.proof 
41036      DEBUG main            d.u.i.k.p.i.AbstractProblemLoader Environment load took 132.1ns 
41037      INFO  main            d.u.i.k.p.i.AbstractProblemLoader Creating init config 
43459      DEBUG main            d.u.i.k.p.i.AbstractProblemLoader Init config took 2.42s 
43479      INFO  main            d.u.i.k.p.i.AbstractProblemLoader Replaying proof implicitBooleanStringConversion.key.proof 
43572      DEBUG main            d.u.i.k.p.i.IntermediateProofReplayer Proof replay took 87.88ms 
43573      DEBUG main            d.u.i.k.p.r.p.TestFile    ... success: reloaded. 
43574      INFO  main            d.u.i.k.p.r.p.TestFile    Now processing file /home/runner/work/key/key/key.core/../key.ui/examples/standard_key/strings/implicitBooleanStringConversion2.key 
43574      INFO  main            d.u.i.k.p.i.AbstractProblemLoader Loading environment from /home/runner/work/key/key/key.core/../key.ui/examples/standard_key/strings/implicitBooleanStringConversion2.key 
43575      DEBUG main            d.u.i.k.p.i.AbstractProblemLoader Environment load took 171.7ns 
43576      INFO  main            d.u.i.k.p.i.AbstractProblemLoader Creating init config 
45954      DEBUG main            d.u.i.k.p.i.AbstractProblemLoader Init config took 2.38s 
45970      INFO  main            d.u.i.k.p.i.AbstractProblemLoader Replaying proof implicitBooleanStringConversion2.key 
45972      DEBUG main            d.u.i.k.p.i.IntermediateProofReplayer Proof replay took 8.3ns 
46279      INFO  main            d.u.i.k.p.r.p.TestFile    ... finished proof: closed. 
46481      INFO  main            d.u.i.k.p.i.AbstractProblemLoader Loading environment from /home/runner/work/key/key/key.core/../key.ui/examples/standard_key/strings/implicitBooleanStringConversion2.key.proof 
46482      DEBUG main            d.u.i.k.p.i.AbstractProblemLoader Environment load took 374.4ns 
46483      INFO  main            d.u.i.k.p.i.AbstractProblemLoader Creating init config 
48878      DEBUG main            d.u.i.k.p.i.AbstractProblemLoader Init config took 2.4s 
48895      INFO  main            d.u.i.k.p.i.AbstractProblemLoader Replaying proof implicitBooleanStringConversion2.key.proof 
48936      DEBUG main            d.u.i.k.p.i.IntermediateProofReplayer Proof replay took 38.04ms 
48937      DEBUG main            d.u.i.k.p.r.p.TestFile    ... success: reloaded. 
48938      INFO  main            d.u.i.k.p.r.p.TestFile    Now processing file /home/runner/work/key/key/key.core/../key.ui/examples/standard_key/strings/implicitIntStringConversion.key 
48940      INFO  main            d.u.i.k.p.i.AbstractProblemLoader Loading environment from /home/runner/work/key/key/key.core/../key.ui/examples/standard_key/strings/implicitIntStringConversion.key 
48941      DEBUG main            d.u.i.k.p.i.AbstractProblemLoader Environment load took 207ns 
48942      INFO  main            d.u.i.k.p.i.AbstractProblemLoader Creating init config 
51340      DEBUG main            d.u.i.k.p.i.AbstractProblemLoader Init config took 2.4s 
51358      INFO  main            d.u.i.k.p.i.AbstractProblemLoader Replaying proof implicitIntStringConversion.key 
51359      DEBUG main            d.u.i.k.p.i.IntermediateProofReplayer Proof replay took 7.1ns 
51963      INFO  main            d.u.i.k.p.r.p.TestFile    ... finished proof: closed. 
52167      INFO  main            d.u.i.k.p.i.AbstractProblemLoader Loading environment from /home/runner/work/key/key/key.core/../key.ui/examples/standard_key/strings/implicitIntStringConversion.key.proof 
52169      DEBUG main            d.u.i.k.p.i.AbstractProblemLoader Environment load took 1.78ms 
52170      INFO  main            d.u.i.k.p.i.AbstractProblemLoader Creating init config 
54500      DEBUG main            d.u.i.k.p.i.AbstractProblemLoader Init config took 2.33s 
54516      INFO  main            d.u.i.k.p.i.AbstractProblemLoader Replaying proof implicitIntStringConversion.key.proof 
54581      DEBUG main            d.u.i.k.p.i.IntermediateProofReplayer Proof replay took 60.29ms 
54582      DEBUG main            d.u.i.k.p.r.p.TestFile    ... success: reloaded. 
54583      INFO  main            d.u.i.k.p.r.p.TestFile    Now processing file /home/runner/work/key/key/key.core/../key.ui/examples/standard_key/strings/implicitNullStringConversion.key 
54583      INFO  main            d.u.i.k.p.i.AbstractProblemLoader Loading environment from /home/runner/work/key/key/key.core/../key.ui/examples/standard_key/strings/implicitNullStringConversion.key 
54583      DEBUG main            d.u.i.k.p.i.AbstractProblemLoader Environment load took 91.7ns 
54584      INFO  main            d.u.i.k.p.i.AbstractProblemLoader Creating init config 
57014      DEBUG main            d.u.i.k.p.i.AbstractProblemLoader Init config took 2.43s 
57030      INFO  main            d.u.i.k.p.i.AbstractProblemLoader Replaying proof implicitNullStringConversion.key 
57032      DEBUG main            d.u.i.k.p.i.IntermediateProofReplayer Proof replay took 6.9ns 
57335      INFO  main            d.u.i.k.p.r.p.TestFile    ... finished proof: closed. 
57530      INFO  main            d.u.i.k.p.i.AbstractProblemLoader Loading environment from /home/runner/work/key/key/key.core/../key.ui/examples/standard_key/strings/implicitNullStringConversion.key.proof 
57530      DEBUG main            d.u.i.k.p.i.AbstractProblemLoader Environment load took 360.9ns 
57531      INFO  main            d.u.i.k.p.i.AbstractProblemLoader Creating init config 
59877      DEBUG main            d.u.i.k.p.i.AbstractProblemLoader Init config took 2.35s 
59894      INFO  main            d.u.i.k.p.i.AbstractProblemLoader Replaying proof implicitNullStringConversion.key.proof 
59927      DEBUG main            d.u.i.k.p.i.IntermediateProofReplayer Proof replay took 30.23ms 
59928      DEBUG main            d.u.i.k.p.r.p.TestFile    ... success: reloaded. 
59929      INFO  main            d.u.i.k.p.r.p.TestFile    Now processing file /home/runner/work/key/key/key.core/../key.ui/examples/standard_key/strings/implicitNullStringConversion2.key 
59929      INFO  main            d.u.i.k.p.i.AbstractProblemLoader Loading environment from /home/runner/work/key/key/key.core/../key.ui/examples/standard_key/strings/implicitNullStringConversion2.key 
59929      DEBUG main            d.u.i.k.p.i.AbstractProblemLoader Environment load took 103.8ns 
59930      INFO  main            d.u.i.k.p.i.AbstractProblemLoader Creating init config 
62289      DEBUG main            d.u.i.k.p.i.AbstractProblemLoader Init config took 2.36s 
62306      INFO  main            d.u.i.k.p.i.AbstractProblemLoader Replaying proof implicitNullStringConversion2.key 
62308      DEBUG main            d.u.i.k.p.i.IntermediateProofReplayer Proof replay took 7.8ns 
62510      INFO  main            d.u.i.k.p.r.p.TestFile    ... finished proof: closed. 
62702      INFO  main            d.u.i.k.p.i.AbstractProblemLoader Loading environment from /home/runner/work/key/key/key.core/../key.ui/examples/standard_key/strings/implicitNullStringConversion2.key.proof 
62704      DEBUG main            d.u.i.k.p.i.AbstractProblemLoader Environment load took 119.5ns 
62705      INFO  main            d.u.i.k.p.i.AbstractProblemLoader Creating init config 
65027      DEBUG main            d.u.i.k.p.i.AbstractProblemLoader Init config took 2.32s 
65043      INFO  main            d.u.i.k.p.i.AbstractProblemLoader Replaying proof implicitNullStringConversion2.key.proof 
65067      DEBUG main            d.u.i.k.p.i.IntermediateProofReplayer Proof replay took 21.16ms 
65068      DEBUG main            d.u.i.k.p.r.p.TestFile    ... success: reloaded. 
65068      INFO  main            d.u.i.k.p.r.p.TestFile    Now processing file /home/runner/work/key/key/key.core/../key.ui/examples/standard_key/strings/implicitObjectStringConversion.key 
65069      INFO  main            d.u.i.k.p.i.AbstractProblemLoader Loading environment from /home/runner/work/key/key/key.core/../key.ui/examples/standard_key/strings/implicitObjectStringConversion.key 
65069      DEBUG main            d.u.i.k.p.i.AbstractProblemLoader Environment load took 94.9ns 
65070      INFO  main            d.u.i.k.p.i.AbstractProblemLoader Creating init config 
67701      DEBUG main            d.u.i.k.p.i.AbstractProblemLoader Init config took 2.63s 
67716      INFO  main            d.u.i.k.p.i.AbstractProblemLoader Replaying proof implicitObjectStringConversion.key 
67718      DEBUG main            d.u.i.k.p.i.IntermediateProofReplayer Proof replay took 6.7ns 
68124      INFO  main            d.u.i.k.p.r.p.TestFile    ... finished proof: closed. 
68347      INFO  main            d.u.i.k.p.i.AbstractProblemLoader Loading environment from /home/runner/work/key/key/key.core/../key.ui/examples/standard_key/strings/implicitObjectStringConversion.key.proof 
68347      DEBUG main            d.u.i.k.p.i.AbstractProblemLoader Environment load took 166.4ns 
68349      INFO  main            d.u.i.k.p.i.AbstractProblemLoader Creating init config 
70867      DEBUG main            d.u.i.k.p.i.AbstractProblemLoader Init config took 2.52s 
70886      INFO  main            d.u.i.k.p.i.AbstractProblemLoader Replaying proof implicitObjectStringConversion.key.proof 
70938      DEBUG main            d.u.i.k.p.i.IntermediateProofReplayer Proof replay took 48.64ms 
70939      DEBUG main            d.u.i.k.p.r.p.TestFile    ... success: reloaded. 
70940      INFO  main            d.u.i.k.p.r.p.TestFile    Now processing file /home/runner/work/key/key/key.core/../key.ui/examples/standard_key/strings/literalEquality.key 
70940      INFO  main            d.u.i.k.p.i.AbstractProblemLoader Loading environment from /home/runner/work/key/key/key.core/../key.ui/examples/standard_key/strings/literalEquality.key 
70940      DEBUG main            d.u.i.k.p.i.AbstractProblemLoader Environment load took 88.6ns 
70941      INFO  main            d.u.i.k.p.i.AbstractProblemLoader Creating init config 
73304      DEBUG main            d.u.i.k.p.i.AbstractProblemLoader Init config took 2.36s 
73319      INFO  main            d.u.i.k.p.i.AbstractProblemLoader Replaying proof literalEquality.key 
73320      DEBUG main            d.u.i.k.p.i.IntermediateProofReplayer Proof replay took 6.9ns 
73426      INFO  main            d.u.i.k.p.r.p.TestFile    ... finished proof: closed. 
73628      INFO  main            d.u.i.k.p.i.AbstractProblemLoader Loading environment from /home/runner/work/key/key/key.core/../key.ui/examples/standard_key/strings/literalEquality.key.proof 
73628      DEBUG main            d.u.i.k.p.i.AbstractProblemLoader Environment load took 112.4ns 
73629      INFO  main            d.u.i.k.p.i.AbstractProblemLoader Creating init config 
75995      DEBUG main            d.u.i.k.p.i.AbstractProblemLoader Init config took 2.37s 
76011      INFO  main            d.u.i.k.p.i.AbstractProblemLoader Replaying proof literalEquality.key.proof 
76018      DEBUG main            d.u.i.k.p.i.IntermediateProofReplayer Proof replay took 4.55ms 
76020      DEBUG main            d.u.i.k.p.r.p.TestFile    ... success: reloaded. 
76021      INFO  main            d.u.i.k.p.r.p.TestFile    Now processing file /home/runner/work/key/key/key.core/../key.ui/examples/standard_key/strings/replace0.key 
76021      INFO  main            d.u.i.k.p.i.AbstractProblemLoader Loading environment from /home/runner/work/key/key/key.core/../key.ui/examples/standard_key/strings/replace0.key 
76021      DEBUG main            d.u.i.k.p.i.AbstractProblemLoader Environment load took 304.1ns 
76022      INFO  main            d.u.i.k.p.i.AbstractProblemLoader Creating init config 
78406      DEBUG main            d.u.i.k.p.i.AbstractProblemLoader Init config took 2.38s 
78419      INFO  main            d.u.i.k.p.i.AbstractProblemLoader Replaying proof replace0.key 
78420      DEBUG main            d.u.i.k.p.i.IntermediateProofReplayer Proof replay took 6ns 
78522      INFO  main            d.u.i.k.p.r.p.TestFile    ... finished proof: closed. 
78722      INFO  main            d.u.i.k.p.i.AbstractProblemLoader Loading environment from /home/runner/work/key/key/key.core/../key.ui/examples/standard_key/strings/replace0.key.proof 
78722      DEBUG main            d.u.i.k.p.i.AbstractProblemLoader Environment load took 935.11ns 
78724      INFO  main            d.u.i.k.p.i.AbstractProblemLoader Creating init config 
81083      DEBUG main            d.u.i.k.p.i.AbstractProblemLoader Init config took 2.36s 
81099      INFO  main            d.u.i.k.p.i.AbstractProblemLoader Replaying proof replace0.key.proof 
81105      DEBUG main            d.u.i.k.p.i.IntermediateProofReplayer Proof replay took 4.79ms 
81106      DEBUG main            d.u.i.k.p.r.p.TestFile    ... success: reloaded. 
81107      INFO  main            d.u.i.k.p.r.p.TestFile    Now processing file /home/runner/work/key/key/key.core/../key.ui/examples/standard_key/strings/replace1.key 
81107      INFO  main            d.u.i.k.p.i.AbstractProblemLoader Loading environment from /home/runner/work/key/key/key.core/../key.ui/examples/standard_key/strings/replace1.key 
81107      DEBUG main            d.u.i.k.p.i.AbstractProblemLoader Environment load took 84.7ns 
81108      INFO  main            d.u.i.k.p.i.AbstractProblemLoader Creating init config 
83425      DEBUG main            d.u.i.k.p.i.AbstractProblemLoader Init config took 2.32s 
83438      INFO  main            d.u.i.k.p.i.AbstractProblemLoader Replaying proof replace1.key 
83439      DEBUG main            d.u.i.k.p.i.IntermediateProofReplayer Proof replay took 6.6ns 
83542      INFO  main            d.u.i.k.p.r.p.TestFile    ... finished proof: closed. 
83749      INFO  main            d.u.i.k.p.i.AbstractProblemLoader Loading environment from /home/runner/work/key/key/key.core/../key.ui/examples/standard_key/strings/replace1.key.proof 
83749      DEBUG main            d.u.i.k.p.i.AbstractProblemLoader Environment load took 125.8ns 
83750      INFO  main            d.u.i.k.p.i.AbstractProblemLoader Creating init config 
86036      DEBUG main            d.u.i.k.p.i.AbstractProblemLoader Init config took 2.29s 
86049      INFO  main            d.u.i.k.p.i.AbstractProblemLoader Replaying proof replace1.key.proof 
86058      DEBUG main            d.u.i.k.p.i.IntermediateProofReplayer Proof replay took 7.42ms 
86059      DEBUG main            d.u.i.k.p.r.p.TestFile    ... success: reloaded. 
86060      INFO  main            d.u.i.k.p.r.p.TestFile    Now processing file /home/runner/work/key/key/key.core/../key.ui/examples/standard_key/strings/simpleAssignment.key 
86060      INFO  main            d.u.i.k.p.i.AbstractProblemLoader Loading environment from /home/runner/work/key/key/key.core/../key.ui/examples/standard_key/strings/simpleAssignment.key 
86060      DEBUG main            d.u.i.k.p.i.AbstractProblemLoader Environment load took 192.5ns 
86062      INFO  main            d.u.i.k.p.i.AbstractProblemLoader Creating init config 
88438      DEBUG main            d.u.i.k.p.i.AbstractProblemLoader Init config took 2.38s 
88452      INFO  main            d.u.i.k.p.i.AbstractProblemLoader Replaying proof simpleAssignment.key 
88453      DEBUG main            d.u.i.k.p.i.IntermediateProofReplayer Proof replay took 7ns 
88555      INFO  main            d.u.i.k.p.r.p.TestFile    ... finished proof: closed. 
88760      INFO  main            d.u.i.k.p.i.AbstractProblemLoader Loading environment from /home/runner/work/key/key/key.core/../key.ui/examples/standard_key/strings/simpleAssignment.key.proof 
88761      DEBUG main            d.u.i.k.p.i.AbstractProblemLoader Environment load took 117.9ns 
88762      INFO  main            d.u.i.k.p.i.AbstractProblemLoader Creating init config 
91056      DEBUG main            d.u.i.k.p.i.AbstractProblemLoader Init config took 2.29s 
91070      INFO  main            d.u.i.k.p.i.AbstractProblemLoader Replaying proof simpleAssignment.key.proof 
91073      DEBUG main            d.u.i.k.p.i.IntermediateProofReplayer Proof replay took 1.55ms 
91074      DEBUG main            d.u.i.k.p.r.p.TestFile    ... success: reloaded. 
91075      INFO  main            d.u.i.k.p.r.p.TestFile    Now processing file /home/runner/work/key/key/key.core/../key.ui/examples/standard_key/strings/simpleLengthComp.key 
91075      INFO  main            d.u.i.k.p.i.AbstractProblemLoader Loading environment from /home/runner/work/key/key/key.core/../key.ui/examples/standard_key/strings/simpleLengthComp.key 
91076      DEBUG main            d.u.i.k.p.i.AbstractProblemLoader Environment load took 185.6ns 
91077      INFO  main            d.u.i.k.p.i.AbstractProblemLoader Creating init config 
93444      DEBUG main            d.u.i.k.p.i.AbstractProblemLoader Init config took 2.37s 
93459      INFO  main            d.u.i.k.p.i.AbstractProblemLoader Replaying proof simpleLengthComp.key 
93461      DEBUG main            d.u.i.k.p.i.IntermediateProofReplayer Proof replay took 5.9ns 
93664      INFO  main            d.u.i.k.p.r.p.TestFile    ... finished proof: closed. 
93876      INFO  main            d.u.i.k.p.i.AbstractProblemLoader Loading environment from /home/runner/work/key/key/key.core/../key.ui/examples/standard_key/strings/simpleLengthComp.key.proof 
93876      DEBUG main            d.u.i.k.p.i.AbstractProblemLoader Environment load took 134.9ns 
93879      INFO  main            d.u.i.k.p.i.AbstractProblemLoader Creating init config 
96178      DEBUG main            d.u.i.k.p.i.AbstractProblemLoader Init config took 2.3s 
96193      INFO  main            d.u.i.k.p.i.AbstractProblemLoader Replaying proof simpleLengthComp.key.proof 
96218      DEBUG main            d.u.i.k.p.i.IntermediateProofReplayer Proof replay took 22.87ms 
96219      DEBUG main            d.u.i.k.p.r.p.TestFile    ... success: reloaded. 
96220      INFO  main            d.u.i.k.p.r.p.TestFile    Now processing file /home/runner/work/key/key/key.core/../key.ui/examples/standard_key/strings/stringCompileTimeConstant1.key 
96220      INFO  main            d.u.i.k.p.i.AbstractProblemLoader Loading environment from /home/runner/work/key/key/key.core/../key.ui/examples/standard_key/strings/stringCompileTimeConstant1.key 
96220      DEBUG main            d.u.i.k.p.i.AbstractProblemLoader Environment load took 164.8ns 
96221      INFO  main            d.u.i.k.p.i.AbstractProblemLoader Creating init config 
98584      DEBUG main            d.u.i.k.p.i.AbstractProblemLoader Init config took 2.36s 
98599      INFO  main            d.u.i.k.p.i.AbstractProblemLoader Replaying proof stringCompileTimeConstant1.key 
98600      DEBUG main            d.u.i.k.p.i.IntermediateProofReplayer Proof replay took 6.6ns 
98702      INFO  main            d.u.i.k.p.r.p.TestFile    ... finished proof: closed. 
98923      INFO  main            d.u.i.k.p.i.AbstractProblemLoader Loading environment from /home/runner/work/key/key/key.core/../key.ui/examples/standard_key/strings/stringCompileTimeConstant1.key.proof 
98923      DEBUG main            d.u.i.k.p.i.AbstractProblemLoader Environment load took 109.51ns 
98927      INFO  main            d.u.i.k.p.i.AbstractProblemLoader Creating init config 
101208     DEBUG main            d.u.i.k.p.i.AbstractProblemLoader Init config took 2.28s 
101222     INFO  main            d.u.i.k.p.i.AbstractProblemLoader Replaying proof stringCompileTimeConstant1.key.proof 
101227     DEBUG main            d.u.i.k.p.i.IntermediateProofReplayer Proof replay took 2.93ms 
101228     DEBUG main            d.u.i.k.p.r.p.TestFile    ... success: reloaded. 
101228     INFO  main            d.u.i.k.p.r.p.TestFile    Now processing file /home/runner/work/key/key/key.core/../key.ui/examples/standard_key/strings/stringCompileTimeConstant2.key 
101228     INFO  main            d.u.i.k.p.i.AbstractProblemLoader Loading environment from /home/runner/work/key/key/key.core/../key.ui/examples/standard_key/strings/stringCompileTimeConstant2.key 
101228     DEBUG main            d.u.i.k.p.i.AbstractProblemLoader Environment load took 87.9ns 
101229     INFO  main            d.u.i.k.p.i.AbstractProblemLoader Creating init config 
103743     DEBUG main            d.u.i.k.p.i.AbstractProblemLoader Init config took 2.51s 
103776     INFO  main            d.u.i.k.p.i.AbstractProblemLoader Replaying proof stringCompileTimeConstant2.key 
103780     DEBUG main            d.u.i.k.p.i.IntermediateProofReplayer Proof replay took 7.2ns 
106305     INFO  main            d.u.i.k.p.r.p.TestFile    ... finished proof: closed. 
106572     INFO  main            d.u.i.k.p.i.AbstractProblemLoader Loading environment from /home/runner/work/key/key/key.core/../key.ui/examples/standard_key/strings/stringCompileTimeConstant2.key.proof 
106574     DEBUG main            d.u.i.k.p.i.AbstractProblemLoader Environment load took 1.77ms 
106575     INFO  main            d.u.i.k.p.i.AbstractProblemLoader Creating init config 
109029     DEBUG main            d.u.i.k.p.i.AbstractProblemLoader Init config took 2.45s 
109044     INFO  main            d.u.i.k.p.i.AbstractProblemLoader Replaying proof stringCompileTimeConstant2.key.proof 
109356     DEBUG main            d.u.i.k.p.i.IntermediateProofReplayer Proof replay took 302.76ms 
109358     DEBUG main            d.u.i.k.p.r.p.TestFile    ... success: reloaded. 
109359     INFO  main            d.u.i.k.p.r.p.TestFile    Now processing file /home/runner/work/key/key/key.core/../key.ui/examples/standard_key/strings/stringEquality1.key 
109359     INFO  main            d.u.i.k.p.i.AbstractProblemLoader Loading environment from /home/runner/work/key/key/key.core/../key.ui/examples/standard_key/strings/stringEquality1.key 
109360     DEBUG main            d.u.i.k.p.i.AbstractProblemLoader Environment load took 236.2ns 
109361     INFO  main            d.u.i.k.p.i.AbstractProblemLoader Creating init config 
111695     DEBUG main            d.u.i.k.p.i.AbstractProblemLoader Init config took 2.33s 
111708     INFO  main            d.u.i.k.p.i.AbstractProblemLoader Replaying proof stringEquality1.key 
111709     DEBUG main            d.u.i.k.p.i.IntermediateProofReplayer Proof replay took 6ns 
111814     INFO  main            d.u.i.k.p.r.p.TestFile    ... finished proof: closed. 
112107     INFO  main            d.u.i.k.p.i.AbstractProblemLoader Loading environment from /home/runner/work/key/key/key.core/../key.ui/examples/standard_key/strings/stringEquality1.key.proof 
112107     DEBUG main            d.u.i.k.p.i.AbstractProblemLoader Environment load took 108.8ns 
112108     INFO  main            d.u.i.k.p.i.AbstractProblemLoader Creating init config 
114382     DEBUG main            d.u.i.k.p.i.AbstractProblemLoader Init config took 2.27s 
114398     INFO  main            d.u.i.k.p.i.AbstractProblemLoader Replaying proof stringEquality1.key.proof 
114407     DEBUG main            d.u.i.k.p.i.IntermediateProofReplayer Proof replay took 6.95ms 
114408     DEBUG main            d.u.i.k.p.r.p.TestFile    ... success: reloaded. 
114409     INFO  main            d.u.i.k.p.r.p.TestFile    Now processing file /home/runner/work/key/key/key.core/../key.ui/examples/standard_key/strings/stringEquality2.key 
114409     INFO  main            d.u.i.k.p.i.AbstractProblemLoader Loading environment from /home/runner/work/key/key/key.core/../key.ui/examples/standard_key/strings/stringEquality2.key 
114409     DEBUG main            d.u.i.k.p.i.AbstractProblemLoader Environment load took 161.8ns 
114410     INFO  main            d.u.i.k.p.i.AbstractProblemLoader Creating init config 
116747     DEBUG main            d.u.i.k.p.i.AbstractProblemLoader Init config took 2.34s 
116760     INFO  main            d.u.i.k.p.i.AbstractProblemLoader Replaying proof stringEquality2.key 
116761     DEBUG main            d.u.i.k.p.i.IntermediateProofReplayer Proof replay took 7ns 
117164     INFO  main            d.u.i.k.p.r.p.TestFile    ... finished proof: closed. 
117475     INFO  main            d.u.i.k.p.i.AbstractProblemLoader Loading environment from /home/runner/work/key/key/key.core/../key.ui/examples/standard_key/strings/stringEquality2.key.proof 
117475     DEBUG main            d.u.i.k.p.i.AbstractProblemLoader Environment load took 456ns 
117477     INFO  main            d.u.i.k.p.i.AbstractProblemLoader Creating init config 
119836     DEBUG main            d.u.i.k.p.i.AbstractProblemLoader Init config took 2.36s 
119849     INFO  main            d.u.i.k.p.i.AbstractProblemLoader Replaying proof stringEquality2.key.proof 
119895     DEBUG main            d.u.i.k.p.i.IntermediateProofReplayer Proof replay took 42.17ms 
119896     DEBUG main            d.u.i.k.p.r.p.TestFile    ... success: reloaded. 
119897     INFO  main            d.u.i.k.p.r.p.TestFile    Now processing file /home/runner/work/key/key/key.core/../key.ui/examples/standard_key/strings/substring0.key 
119897     INFO  main            d.u.i.k.p.i.AbstractProblemLoader Loading environment from /home/runner/work/key/key/key.core/../key.ui/examples/standard_key/strings/substring0.key 
119897     DEBUG main            d.u.i.k.p.i.AbstractProblemLoader Environment load took 72.3ns 
119898     INFO  main            d.u.i.k.p.i.AbstractProblemLoader Creating init config 
122201     DEBUG main            d.u.i.k.p.i.AbstractProblemLoader Init config took 2.3s 
122214     INFO  main            d.u.i.k.p.i.AbstractProblemLoader Replaying proof substring0.key 
122215     DEBUG main            d.u.i.k.p.i.IntermediateProofReplayer Proof replay took 6.4ns 
122319     INFO  main            d.u.i.k.p.r.p.TestFile    ... finished proof: closed. 
122570     INFO  main            d.u.i.k.p.i.AbstractProblemLoader Loading environment from /home/runner/work/key/key/key.core/../key.ui/examples/standard_key/strings/substring0.key.proof 
122570     DEBUG main            d.u.i.k.p.i.AbstractProblemLoader Environment load took 110.2ns 
122571     INFO  main            d.u.i.k.p.i.AbstractProblemLoader Creating init config 
124844     DEBUG main            d.u.i.k.p.i.AbstractProblemLoader Init config took 2.27s 
124860     INFO  main            d.u.i.k.p.i.AbstractProblemLoader Replaying proof substring0.key.proof 
124863     DEBUG main            d.u.i.k.p.i.IntermediateProofReplayer Proof replay took 386.41ns 
124864     DEBUG main            d.u.i.k.p.r.p.TestFile    ... success: reloaded. 
124865     INFO  main            d.u.i.k.p.r.p.TestFile    Now processing file /home/runner/work/key/key/key.core/../key.ui/examples/standard_key/strings/substring1.key 
124865     INFO  main            d.u.i.k.p.i.AbstractProblemLoader Loading environment from /home/runner/work/key/key/key.core/../key.ui/examples/standard_key/strings/substring1.key 
124865     DEBUG main            d.u.i.k.p.i.AbstractProblemLoader Environment load took 156.9ns 
124866     INFO  main            d.u.i.k.p.i.AbstractProblemLoader Creating init config 
127210     DEBUG main            d.u.i.k.p.i.AbstractProblemLoader Init config took 2.34s 
127224     INFO  main            d.u.i.k.p.i.AbstractProblemLoader Replaying proof substring1.key 
127225     DEBUG main            d.u.i.k.p.i.IntermediateProofReplayer Proof replay took 6.4ns 
127326     INFO  main            d.u.i.k.p.r.p.TestFile    ... finished proof: closed. 
127564     INFO  main            d.u.i.k.p.i.AbstractProblemLoader Loading environment from /home/runner/work/key/key/key.core/../key.ui/examples/standard_key/strings/substring1.key.proof 
127564     DEBUG main            d.u.i.k.p.i.AbstractProblemLoader Environment load took 104.9ns 
127565     INFO  main            d.u.i.k.p.i.AbstractProblemLoader Creating init config 
129831     DEBUG main            d.u.i.k.p.i.AbstractProblemLoader Init config took 2.27s 
129844     INFO  main            d.u.i.k.p.i.AbstractProblemLoader Replaying proof substring1.key.proof 
129845     DEBUG main            d.u.i.k.p.i.IntermediateProofReplayer Proof replay took 393.61ns 
129846     DEBUG main            d.u.i.k.p.r.p.TestFile    ... success: reloaded. 
129847     INFO  main            d.u.i.k.p.r.p.TestFile    Now processing file /home/runner/work/key/key/key.core/../key.ui/examples/standard_key/strings/substring2.key 
129847     INFO  main            d.u.i.k.p.i.AbstractProblemLoader Loading environment from /home/runner/work/key/key/key.core/../key.ui/examples/standard_key/strings/substring2.key 
129847     DEBUG main            d.u.i.k.p.i.AbstractProblemLoader Environment load took 76.3ns 
129848     INFO  main            d.u.i.k.p.i.AbstractProblemLoader Creating init config 
132199     DEBUG main            d.u.i.k.p.i.AbstractProblemLoader Init config took 2.35s 
132212     INFO  main            d.u.i.k.p.i.AbstractProblemLoader Replaying proof substring2.key 
132213     DEBUG main            d.u.i.k.p.i.IntermediateProofReplayer Proof replay took 6.4ns 
132315     INFO  main            d.u.i.k.p.r.p.TestFile    ... finished proof: closed. 
132567     INFO  main            d.u.i.k.p.i.AbstractProblemLoader Loading environment from /home/runner/work/key/key/key.core/../key.ui/examples/standard_key/strings/substring2.key.proof 
132568     DEBUG main            d.u.i.k.p.i.AbstractProblemLoader Environment load took 104.6ns 
132568     INFO  main            d.u.i.k.p.i.AbstractProblemLoader Creating init config 
134840     DEBUG main            d.u.i.k.p.i.AbstractProblemLoader Init config took 2.27s 
134853     INFO  main            d.u.i.k.p.i.AbstractProblemLoader Replaying proof substring2.key.proof 
134855     DEBUG main            d.u.i.k.p.i.IntermediateProofReplayer Proof replay took 861.72ns 
134856     DEBUG main            d.u.i.k.p.r.p.TestFile    ... success: reloaded. 
134857     INFO  main            d.u.i.k.p.r.p.TestFile    Now processing file /home/runner/work/key/key/key.core/../key.ui/examples/standard_key/strings/substring3.key 
134857     INFO  main            d.u.i.k.p.i.AbstractProblemLoader Loading environment from /home/runner/work/key/key/key.core/../key.ui/examples/standard_key/strings/substring3.key 
134857     DEBUG main            d.u.i.k.p.i.AbstractProblemLoader Environment load took 66.1ns 
134858     INFO  main            d.u.i.k.p.i.AbstractProblemLoader Creating init config 
137219     DEBUG main            d.u.i.k.p.i.AbstractProblemLoader Init config took 2.36s 
137233     INFO  main            d.u.i.k.p.i.AbstractProblemLoader Replaying proof substring3.key 
137234     DEBUG main            d.u.i.k.p.i.IntermediateProofReplayer Proof replay took 5.9ns 
137338     INFO  main            d.u.i.k.p.r.p.TestFile    ... finished proof: closed. 
137587     INFO  main            d.u.i.k.p.i.AbstractProblemLoader Loading environment from /home/runner/work/key/key/key.core/../key.ui/examples/standard_key/strings/substring3.key.proof 
137587     DEBUG main            d.u.i.k.p.i.AbstractProblemLoader Environment load took 113.1ns 
137588     INFO  main            d.u.i.k.p.i.AbstractProblemLoader Creating init config 
139865     DEBUG main            d.u.i.k.p.i.AbstractProblemLoader Init config took 2.28s 
139878     INFO  main            d.u.i.k.p.i.AbstractProblemLoader Replaying proof substring3.key.proof 
139882     DEBUG main            d.u.i.k.p.i.IntermediateProofReplayer Proof replay took 2.15ms 
139882     DEBUG main            d.u.i.k.p.r.p.TestFile    ... success: reloaded. 
139883     INFO  main            d.u.i.k.p.r.p.TestFile    Now processing file /home/runner/work/key/key/key.core/../key.ui/examples/standard_key/strings/substring4.key 
139883     INFO  main            d.u.i.k.p.i.AbstractProblemLoader Loading environment from /home/runner/work/key/key/key.core/../key.ui/examples/standard_key/strings/substring4.key 
139884     DEBUG main            d.u.i.k.p.i.AbstractProblemLoader Environment load took 342.81ns 
139884     INFO  main            d.u.i.k.p.i.AbstractProblemLoader Creating init config 
142190     DEBUG main            d.u.i.k.p.i.AbstractProblemLoader Init config took 2.31s 
142204     INFO  main            d.u.i.k.p.i.AbstractProblemLoader Replaying proof substring4.key 
142205     DEBUG main            d.u.i.k.p.i.IntermediateProofReplayer Proof replay took 7ns 
142307     INFO  main            d.u.i.k.p.r.p.TestFile    ... finished proof: closed. 
142567     INFO  main            d.u.i.k.p.i.AbstractProblemLoader Loading environment from /home/runner/work/key/key/key.core/../key.ui/examples/standard_key/strings/substring4.key.proof 
142567     DEBUG main            d.u.i.k.p.i.AbstractProblemLoader Environment load took 103.7ns 
142571     INFO  main            d.u.i.k.p.i.AbstractProblemLoader Creating init config 
144835     DEBUG main            d.u.i.k.p.i.AbstractProblemLoader Init config took 2.26s 
144847     INFO  main            d.u.i.k.p.i.AbstractProblemLoader Replaying proof substring4.key.proof 
144852     DEBUG main            d.u.i.k.p.i.IntermediateProofReplayer Proof replay took 2.86ms 
144853     DEBUG main            d.u.i.k.p.r.p.TestFile    ... success: reloaded. 
144853     INFO  main            d.u.i.k.p.r.p.TestFile    Now processing file /home/runner/work/key/key/key.core/../key.ui/examples/standard_key/strings/substring5.key 
144854     INFO  main            d.u.i.k.p.i.AbstractProblemLoader Loading environment from /home/runner/work/key/key/key.core/../key.ui/examples/standard_key/strings/substring5.key 
144854     DEBUG main            d.u.i.k.p.i.AbstractProblemLoader Environment load took 198.2ns 
144855     INFO  main            d.u.i.k.p.i.AbstractProblemLoader Creating init config 
147159     DEBUG main            d.u.i.k.p.i.AbstractProblemLoader Init config took 2.3s 
147172     INFO  main            d.u.i.k.p.i.AbstractProblemLoader Replaying proof substring5.key 
147173     DEBUG main            d.u.i.k.p.i.IntermediateProofReplayer Proof replay took 6.5ns 
147376     INFO  main            d.u.i.k.p.r.p.TestFile    ... finished proof: closed. 
147656     INFO  main            d.u.i.k.p.i.AbstractProblemLoader Loading environment from /home/runner/work/key/key/key.core/../key.ui/examples/standard_key/strings/substring5.key.proof 
147656     DEBUG main            d.u.i.k.p.i.AbstractProblemLoader Environment load took 106.3ns 
147658     INFO  main            d.u.i.k.p.i.AbstractProblemLoader Creating init config 
149929     DEBUG main            d.u.i.k.p.i.AbstractProblemLoader Init config took 2.27s 
149942     INFO  main            d.u.i.k.p.i.AbstractProblemLoader Replaying proof substring5.key.proof 
149968     DEBUG main            d.u.i.k.p.i.IntermediateProofReplayer Proof replay took 22.18ms 
149969     DEBUG main            d.u.i.k.p.r.p.TestFile    ... success: reloaded. 
3867818    INFO  Test worker     d.u.i.k.p.r.RunAllProofsTestUnit Returning from test strings 
3867819    INFO  Test worker     d.u.i.k.p.r.RunAllProofsTestUnit Running test simple_info_flow 
390        INFO  Timeout watchdog d.u.i.k.p.r.p.ForkedTestFileRunner Timeout watcher launched (2000 secs.) 
405        WARN  main            d.u.i.k.s.ProofSettings   The settings in /home/runner/.key/proof-settings.props are *not* read. 
450        INFO  main            d.u.i.k.p.r.p.TestFile    Now processing file /home/runner/work/key/key/key.core/../key.ui/examples/heap/information_flow/UpdateAbstraction_ex7_1_insecure.key 
584        INFO  main            d.u.i.k.p.i.AbstractProblemLoader Loading environment from /home/runner/work/key/key/key.core/../key.ui/examples/heap/information_flow/UpdateAbstraction_ex7_1_insecure.key 
600        DEBUG main            d.u.i.k.p.i.AbstractProblemLoader Environment load took 1.87ms 
807        INFO  main            d.u.i.k.p.i.AbstractProblemLoader Creating init config 
1798       DEBUG main            d.u.i.k.j.TypeConverter   No LDT found for Meta 
1799       DEBUG main            d.u.i.k.j.TypeConverter   No LDT found for Meta 
1802       DEBUG main            d.u.i.k.j.TypeConverter   No LDT found for Meta 
1802       DEBUG main            d.u.i.k.j.TypeConverter   No LDT found for Meta 
3472       DEBUG main            d.u.i.k.j.TypeConverter   No LDT found for JavaBigintExpression 
8606       DEBUG main            d.u.i.k.p.i.AbstractProblemLoader Init config took 7.8s 
8765       INFO  main            d.u.i.k.p.i.AbstractProblemLoader Replaying proof UpdateAbstraction[UpdateAbstraction::ex7_1_insecure()].JML operation contract.0 
8846       DEBUG main            d.u.i.k.p.i.IntermediateProofReplayer Proof replay took 36.4ns 
9484       INFO  main            d.u.i.k.p.r.p.TestFile    ... finished proof: open goal(s) 
9596       INFO  main            d.u.i.k.p.r.p.TestFile    Now processing file /home/runner/work/key/key/key.core/../key.ui/examples/heap/information_flow/UpdateAbstraction_ex7_2_insecure.key 
9596       INFO  main            d.u.i.k.p.i.AbstractProblemLoader Loading environment from /home/runner/work/key/key/key.core/../key.ui/examples/heap/information_flow/UpdateAbstraction_ex7_2_insecure.key 
9597       DEBUG main            d.u.i.k.p.i.AbstractProblemLoader Environment load took 109.2ns 
9598       INFO  main            d.u.i.k.p.i.AbstractProblemLoader Creating init config 
12655      DEBUG main            d.u.i.k.p.i.AbstractProblemLoader Init config took 3.06s 
12731      INFO  main            d.u.i.k.p.i.AbstractProblemLoader Replaying proof UpdateAbstraction[UpdateAbstraction::ex7_2_insecure()].JML operation contract.0 
12733      DEBUG main            d.u.i.k.p.i.IntermediateProofReplayer Proof replay took 6.2ns 
13039      INFO  main            d.u.i.k.p.r.p.TestFile    ... finished proof: open goal(s) 
3881145    INFO  Test worker     d.u.i.k.p.r.RunAllProofsTestUnit Returning from test simple_info_flow 
3881146    INFO  Test worker     d.u.i.k.p.r.RunAllProofsTestUnit Running test modelMethods 
353        INFO  Timeout watchdog d.u.i.k.p.r.p.ForkedTestFileRunner Timeout watcher launched (2000 secs.) 
370        WARN  main            d.u.i.k.s.ProofSettings   The settings in /home/runner/.key/proof-settings.props are *not* read. 
400        INFO  main            d.u.i.k.p.r.p.TestFile    Now processing file /home/runner/work/key/key/key.core/../key.ui/examples/heap/model_methods/Cell_footprint_acc.key 
537        INFO  main            d.u.i.k.p.i.AbstractProblemLoader Loading environment from /home/runner/work/key/key/key.core/../key.ui/examples/heap/model_methods/Cell_footprint_acc.key 
559        DEBUG main            d.u.i.k.p.i.AbstractProblemLoader Environment load took 1.78ms 
786        INFO  main            d.u.i.k.p.i.AbstractProblemLoader Creating init config 
1584       DEBUG main            d.u.i.k.j.TypeConverter   No LDT found for Meta 
1585       DEBUG main            d.u.i.k.j.TypeConverter   No LDT found for Meta 
1587       DEBUG main            d.u.i.k.j.TypeConverter   No LDT found for Meta 
1587       DEBUG main            d.u.i.k.j.TypeConverter   No LDT found for Meta 
3219       DEBUG main            d.u.i.k.j.TypeConverter   No LDT found for JavaBigintExpression 
8180       DEBUG main            d.u.i.k.p.i.AbstractProblemLoader Init config took 7.39s 
8303       INFO  main            d.u.i.k.p.i.AbstractProblemLoader Replaying proof Cell[Cell::footprint()].JML accessible clause.0 
8336       DEBUG main            d.u.i.k.p.i.IntermediateProofReplayer Proof replay took 32.4ns 
8869       INFO  main            d.u.i.k.p.r.p.TestFile    ... finished proof: closed. 
8973       INFO  main            d.u.i.k.p.i.AbstractProblemLoader Loading environment from /home/runner/work/key/key/key.core/../key.ui/examples/heap/model_methods/Cell_footprint_acc.key.proof 
8973       DEBUG main            d.u.i.k.p.i.AbstractProblemLoader Environment load took 459.91ns 
8977       INFO  main            d.u.i.k.p.i.AbstractProblemLoader Creating init config 
11846      DEBUG main            d.u.i.k.p.i.AbstractProblemLoader Init config took 2.87s 
11915      INFO  main            d.u.i.k.p.i.AbstractProblemLoader Replaying proof Cell[Cell::footprint()].JML accessible clause.0 
11978      DEBUG main            d.u.i.k.p.i.IntermediateProofReplayer Proof replay took 57.48ms 
11985      DEBUG main            d.u.i.k.p.r.p.TestFile    ... success: reloaded. 
11987      INFO  main            d.u.i.k.p.r.p.TestFile    Now processing file /home/runner/work/key/key/key.core/../key.ui/examples/heap/model_methods/Cell_footprint.key 
11988      INFO  main            d.u.i.k.p.i.AbstractProblemLoader Loading environment from /home/runner/work/key/key/key.core/../key.ui/examples/heap/model_methods/Cell_footprint.key 
11988      DEBUG main            d.u.i.k.p.i.AbstractProblemLoader Environment load took 286.5ns 
11991      INFO  main            d.u.i.k.p.i.AbstractProblemLoader Creating init config 
14808      DEBUG main            d.u.i.k.p.i.AbstractProblemLoader Init config took 2.82s 
14896      INFO  main            d.u.i.k.p.i.AbstractProblemLoader Replaying proof Cell[Cell::footprint()].JML model_behavior operation contract.0 
14903      DEBUG main            d.u.i.k.p.i.IntermediateProofReplayer Proof replay took 42.2ns 
15005      INFO  main            d.u.i.k.p.r.p.TestFile    ... finished proof: closed. 
15137      INFO  main            d.u.i.k.p.i.AbstractProblemLoader Loading environment from /home/runner/work/key/key/key.core/../key.ui/examples/heap/model_methods/Cell_footprint.key.proof 
15137      DEBUG main            d.u.i.k.p.i.AbstractProblemLoader Environment load took 146.7ns 
15139      INFO  main            d.u.i.k.p.i.AbstractProblemLoader Creating init config 
17746      DEBUG main            d.u.i.k.p.i.AbstractProblemLoader Init config took 2.61s 
17798      INFO  main            d.u.i.k.p.i.AbstractProblemLoader Replaying proof Cell[Cell::footprint()].JML model_behavior operation contract.0 
17807      DEBUG main            d.u.i.k.p.i.IntermediateProofReplayer Proof replay took 7.04ms 
17808      DEBUG main            d.u.i.k.p.r.p.TestFile    ... success: reloaded. 
17810      INFO  main            d.u.i.k.p.r.p.TestFile    Now processing file /home/runner/work/key/key/key.core/../key.ui/examples/heap/model_methods/Cell_get_acc.key 
17810      INFO  main            d.u.i.k.p.i.AbstractProblemLoader Loading environment from /home/runner/work/key/key/key.core/../key.ui/examples/heap/model_methods/Cell_get_acc.key 
17810      DEBUG main            d.u.i.k.p.i.AbstractProblemLoader Environment load took 185.4ns 
17812      INFO  main            d.u.i.k.p.i.AbstractProblemLoader Creating init config 
20389      DEBUG main            d.u.i.k.p.i.AbstractProblemLoader Init config took 2.58s 
20450      INFO  main            d.u.i.k.p.i.AbstractProblemLoader Replaying proof Cell[Cell::get()].JML accessible clause.0 
20452      DEBUG main            d.u.i.k.p.i.IntermediateProofReplayer Proof replay took 6.1ns 
20659      INFO  main            d.u.i.k.p.r.p.TestFile    ... finished proof: closed. 
20856      INFO  main            d.u.i.k.p.i.AbstractProblemLoader Loading environment from /home/runner/work/key/key/key.core/../key.ui/examples/heap/model_methods/Cell_get_acc.key.proof 
20856      DEBUG main            d.u.i.k.p.i.AbstractProblemLoader Environment load took 355.11ns 
20858      INFO  main            d.u.i.k.p.i.AbstractProblemLoader Creating init config 
23399      DEBUG main            d.u.i.k.p.i.AbstractProblemLoader Init config took 2.54s 
23447      INFO  main            d.u.i.k.p.i.AbstractProblemLoader Replaying proof Cell[Cell::get()].JML accessible clause.0 
23500      DEBUG main            d.u.i.k.p.i.IntermediateProofReplayer Proof replay took 49.74ms 
23503      DEBUG main            d.u.i.k.p.r.p.TestFile    ... success: reloaded. 
23505      INFO  main            d.u.i.k.p.r.p.TestFile    Now processing file /home/runner/work/key/key/key.core/../key.ui/examples/heap/model_methods/Cell_get.key 
23505      INFO  main            d.u.i.k.p.i.AbstractProblemLoader Loading environment from /home/runner/work/key/key/key.core/../key.ui/examples/heap/model_methods/Cell_get.key 
23505      DEBUG main            d.u.i.k.p.i.AbstractProblemLoader Environment load took 174.8ns 
23507      INFO  main            d.u.i.k.p.i.AbstractProblemLoader Creating init config 
26085      DEBUG main            d.u.i.k.p.i.AbstractProblemLoader Init config took 2.58s 
26134      INFO  main            d.u.i.k.p.i.AbstractProblemLoader Replaying proof Cell[Cell::get()].JML operation contract.0 
26136      DEBUG main            d.u.i.k.p.i.IntermediateProofReplayer Proof replay took 7ns 
26238      INFO  main            d.u.i.k.p.r.p.TestFile    ... finished proof: closed. 
26388      INFO  main            d.u.i.k.p.i.AbstractProblemLoader Loading environment from /home/runner/work/key/key/key.core/../key.ui/examples/heap/model_methods/Cell_get.key.proof 
26389      DEBUG main            d.u.i.k.p.i.AbstractProblemLoader Environment load took 129.9ns 
26389      INFO  main            d.u.i.k.p.i.AbstractProblemLoader Creating init config 
28953      DEBUG main            d.u.i.k.p.i.AbstractProblemLoader Init config took 2.56s 
28998      INFO  main            d.u.i.k.p.i.AbstractProblemLoader Replaying proof Cell[Cell::get()].JML operation contract.0 
29030      DEBUG main            d.u.i.k.p.i.IntermediateProofReplayer Proof replay took 30.51ms 
29032      DEBUG main            d.u.i.k.p.r.p.TestFile    ... success: reloaded. 
29033      INFO  main            d.u.i.k.p.r.p.TestFile    Now processing file /home/runner/work/key/key/key.core/../key.ui/examples/heap/model_methods/Cell_post_set.key 
29033      INFO  main            d.u.i.k.p.i.AbstractProblemLoader Loading environment from /home/runner/work/key/key/key.core/../key.ui/examples/heap/model_methods/Cell_post_set.key 
29033      DEBUG main            d.u.i.k.p.i.AbstractProblemLoader Environment load took 130.4ns 
29034      INFO  main            d.u.i.k.p.i.AbstractProblemLoader Creating init config 
31539      DEBUG main            d.u.i.k.p.i.AbstractProblemLoader Init config took 2.51s 
31601      INFO  main            d.u.i.k.p.i.AbstractProblemLoader Replaying proof Cell[Cell::post_set(int)].JML model_behavior operation contract.0 
31603      DEBUG main            d.u.i.k.p.i.IntermediateProofReplayer Proof replay took 6.1ns 
31705      INFO  main            d.u.i.k.p.r.p.TestFile    ... finished proof: closed. 
31863      INFO  main            d.u.i.k.p.i.AbstractProblemLoader Loading environment from /home/runner/work/key/key/key.core/../key.ui/examples/heap/model_methods/Cell_post_set.key.proof 
31863      DEBUG main            d.u.i.k.p.i.AbstractProblemLoader Environment load took 121ns 
31864      INFO  main            d.u.i.k.p.i.AbstractProblemLoader Creating init config 
34348      DEBUG main            d.u.i.k.p.i.AbstractProblemLoader Init config took 2.48s 
34402      INFO  main            d.u.i.k.p.i.AbstractProblemLoader Replaying proof Cell[Cell::post_set(int)].JML model_behavior operation contract.0 
34408      DEBUG main            d.u.i.k.p.i.IntermediateProofReplayer Proof replay took 5.1ms 
34409      DEBUG main            d.u.i.k.p.r.p.TestFile    ... success: reloaded. 
34410      INFO  main            d.u.i.k.p.r.p.TestFile    Now processing file /home/runner/work/key/key/key.core/../key.ui/examples/heap/model_methods/Cell_set.key 
34411      INFO  main            d.u.i.k.p.i.AbstractProblemLoader Loading environment from /home/runner/work/key/key/key.core/../key.ui/examples/heap/model_methods/Cell_set.key 
34411      DEBUG main            d.u.i.k.p.i.AbstractProblemLoader Environment load took 112.6ns 
34412      INFO  main            d.u.i.k.p.i.AbstractProblemLoader Creating init config 
36902      DEBUG main            d.u.i.k.p.i.AbstractProblemLoader Init config took 2.49s 
36961      INFO  main            d.u.i.k.p.i.AbstractProblemLoader Replaying proof Cell[Cell::set(int)].JML operation contract.0 
36963      DEBUG main            d.u.i.k.p.i.IntermediateProofReplayer Proof replay took 6.4ns 
43093      INFO  main            d.u.i.k.p.r.p.TestFile    ... finished proof: closed. 
43291      INFO  main            d.u.i.k.p.i.AbstractProblemLoader Loading environment from /home/runner/work/key/key/key.core/../key.ui/examples/heap/model_methods/Cell_set.key.proof 
43292      DEBUG main            d.u.i.k.p.i.AbstractProblemLoader Environment load took 350ns 
43293      INFO  main            d.u.i.k.p.i.AbstractProblemLoader Creating init config 
45788      DEBUG main            d.u.i.k.p.i.AbstractProblemLoader Init config took 2.49s 
45831      INFO  main            d.u.i.k.p.i.AbstractProblemLoader Replaying proof Cell[Cell::set(int)].JML operation contract.0 
46448      DEBUG main            d.u.i.k.p.i.IntermediateProofReplayer Proof replay took 599.72ms 
46451      DEBUG main            d.u.i.k.p.r.p.TestFile    ... success: reloaded. 
46452      INFO  main            d.u.i.k.p.r.p.TestFile    Now processing file /home/runner/work/key/key/key.core/../key.ui/examples/heap/model_methods/CellTest_callSet.key 
46453      INFO  main            d.u.i.k.p.i.AbstractProblemLoader Loading environment from /home/runner/work/key/key/key.core/../key.ui/examples/heap/model_methods/CellTest_callSet.key 
46453      DEBUG main            d.u.i.k.p.i.AbstractProblemLoader Environment load took 213.1ns 
46454      INFO  main            d.u.i.k.p.i.AbstractProblemLoader Creating init config 
48959      DEBUG main            d.u.i.k.p.i.AbstractProblemLoader Init config took 2.5s 
49000      INFO  main            d.u.i.k.p.i.AbstractProblemLoader Replaying proof CellTest[CellTest::callSet(Cell,int)].JML operation contract.0 
49002      DEBUG main            d.u.i.k.p.i.IntermediateProofReplayer Proof replay took 6.6ns 
49208      INFO  main            d.u.i.k.p.r.p.TestFile    ... finished proof: closed. 
49383      INFO  main            d.u.i.k.p.i.AbstractProblemLoader Loading environment from /home/runner/work/key/key/key.core/../key.ui/examples/heap/model_methods/CellTest_callSet.key.proof 
49383      DEBUG main            d.u.i.k.p.i.AbstractProblemLoader Environment load took 139.6ns 
49384      INFO  main            d.u.i.k.p.i.AbstractProblemLoader Creating init config 
51840      DEBUG main            d.u.i.k.p.i.AbstractProblemLoader Init config took 2.46s 
51880      INFO  main            d.u.i.k.p.i.AbstractProblemLoader Replaying proof CellTest[CellTest::callSet(Cell,int)].JML operation contract.0 
51923      DEBUG main            d.u.i.k.p.i.IntermediateProofReplayer Proof replay took 39.52ms 
51924      DEBUG main            d.u.i.k.p.r.p.TestFile    ... success: reloaded. 
51925      INFO  main            d.u.i.k.p.r.p.TestFile    Now processing file /home/runner/work/key/key/key.core/../key.ui/examples/heap/model_methods/CellTest_test2.key 
51925      INFO  main            d.u.i.k.p.i.AbstractProblemLoader Loading environment from /home/runner/work/key/key/key.core/../key.ui/examples/heap/model_methods/CellTest_test2.key 
51926      DEBUG main            d.u.i.k.p.i.AbstractProblemLoader Environment load took 176ns 
51927      INFO  main            d.u.i.k.p.i.AbstractProblemLoader Creating init config 
54460      DEBUG main            d.u.i.k.p.i.AbstractProblemLoader Init config took 2.53s 
54501      INFO  main            d.u.i.k.p.i.AbstractProblemLoader Replaying proof CellTest[CellTest::test2(Cell)].JML operation contract.0 
54502      DEBUG main            d.u.i.k.p.i.IntermediateProofReplayer Proof replay took 6.2ns 
54809      INFO  main            d.u.i.k.p.r.p.TestFile    ... finished proof: closed. 
55036      INFO  main            d.u.i.k.p.i.AbstractProblemLoader Loading environment from /home/runner/work/key/key/key.core/../key.ui/examples/heap/model_methods/CellTest_test2.key.proof 
55036      DEBUG main            d.u.i.k.p.i.AbstractProblemLoader Environment load took 373.1ns 
55038      INFO  main            d.u.i.k.p.i.AbstractProblemLoader Creating init config 
57482      DEBUG main            d.u.i.k.p.i.AbstractProblemLoader Init config took 2.44s 
57523      INFO  main            d.u.i.k.p.i.AbstractProblemLoader Replaying proof CellTest[CellTest::test2(Cell)].JML operation contract.0 
57597      DEBUG main            d.u.i.k.p.i.IntermediateProofReplayer Proof replay took 71.14ms 
57598      DEBUG main            d.u.i.k.p.r.p.TestFile    ... success: reloaded. 
57599      INFO  main            d.u.i.k.p.r.p.TestFile    Now processing file /home/runner/work/key/key/key.core/../key.ui/examples/heap/model_methods/CellTest_test.key 
57599      INFO  main            d.u.i.k.p.i.AbstractProblemLoader Loading environment from /home/runner/work/key/key/key.core/../key.ui/examples/heap/model_methods/CellTest_test.key 
57599      DEBUG main            d.u.i.k.p.i.AbstractProblemLoader Environment load took 193.7ns 
57600      INFO  main            d.u.i.k.p.i.AbstractProblemLoader Creating init config 
60070      DEBUG main            d.u.i.k.p.i.AbstractProblemLoader Init config took 2.47s 
60110      INFO  main            d.u.i.k.p.i.AbstractProblemLoader Replaying proof CellTest[CellTest::test(Recell)].JML operation contract.0 
60111      DEBUG main            d.u.i.k.p.i.IntermediateProofReplayer Proof replay took 6ns 
62222      INFO  main            d.u.i.k.p.r.p.TestFile    ... finished proof: closed. 
62447      INFO  main            d.u.i.k.p.i.AbstractProblemLoader Loading environment from /home/runner/work/key/key/key.core/../key.ui/examples/heap/model_methods/CellTest_test.key.proof 
62450      DEBUG main            d.u.i.k.p.i.AbstractProblemLoader Environment load took 2.34ms 
62452      INFO  main            d.u.i.k.p.i.AbstractProblemLoader Creating init config 
64903      DEBUG main            d.u.i.k.p.i.AbstractProblemLoader Init config took 2.45s 
64942      INFO  main            d.u.i.k.p.i.AbstractProblemLoader Replaying proof CellTest[CellTest::test(Recell)].JML operation contract.0 
65470      DEBUG main            d.u.i.k.p.i.IntermediateProofReplayer Proof replay took 509.28ms 
65472      DEBUG main            d.u.i.k.p.r.p.TestFile    ... success: reloaded. 
65473      INFO  main            d.u.i.k.p.r.p.TestFile    Now processing file /home/runner/work/key/key/key.core/../key.ui/examples/heap/model_methods/Coll1_add.key 
65473      INFO  main            d.u.i.k.p.i.AbstractProblemLoader Loading environment from /home/runner/work/key/key/key.core/../key.ui/examples/heap/model_methods/Coll1_add.key 
65474      DEBUG main            d.u.i.k.p.i.AbstractProblemLoader Environment load took 170.6ns 
65475      INFO  main            d.u.i.k.p.i.AbstractProblemLoader Creating init config 
67925      DEBUG main            d.u.i.k.p.i.AbstractProblemLoader Init config took 2.45s 
67963      INFO  main            d.u.i.k.p.i.AbstractProblemLoader Replaying proof Coll1[Coll::add(int)].JML operation contract.0 
67965      DEBUG main            d.u.i.k.p.i.IntermediateProofReplayer Proof replay took 14.8ns 
68067      INFO  main            d.u.i.k.p.r.p.TestFile    ... finished proof: closed. 
68259      INFO  main            d.u.i.k.p.i.AbstractProblemLoader Loading environment from /home/runner/work/key/key/key.core/../key.ui/examples/heap/model_methods/Coll1_add.key.proof 
68259      DEBUG main            d.u.i.k.p.i.AbstractProblemLoader Environment load took 125.6ns 
68260      INFO  main            d.u.i.k.p.i.AbstractProblemLoader Creating init config 
70712      DEBUG main            d.u.i.k.p.i.AbstractProblemLoader Init config took 2.45s 
70757      INFO  main            d.u.i.k.p.i.AbstractProblemLoader Replaying proof Coll1[Coll::add(int)].JML operation contract.0 
70767      DEBUG main            d.u.i.k.p.i.IntermediateProofReplayer Proof replay took 7.59ms 
70768      DEBUG main            d.u.i.k.p.r.p.TestFile    ... success: reloaded. 
70769      INFO  main            d.u.i.k.p.r.p.TestFile    Now processing file /home/runner/work/key/key/key.core/../key.ui/examples/heap/model_methods/Coll1_Coll1_add_pre.key 
70769      INFO  main            d.u.i.k.p.i.AbstractProblemLoader Loading environment from /home/runner/work/key/key/key.core/../key.ui/examples/heap/model_methods/Coll1_Coll1_add_pre.key 
70769      DEBUG main            d.u.i.k.p.i.AbstractProblemLoader Environment load took 84.5ns 
70770      INFO  main            d.u.i.k.p.i.AbstractProblemLoader Creating init config 
73225      DEBUG main            d.u.i.k.p.i.AbstractProblemLoader Init config took 2.46s 
73266      INFO  main            d.u.i.k.p.i.AbstractProblemLoader Replaying proof Coll1[Coll1::add_pre(int)].JML model_behavior operation contract.0 
73268      DEBUG main            d.u.i.k.p.i.IntermediateProofReplayer Proof replay took 5.7ns 
73370      INFO  main            d.u.i.k.p.r.p.TestFile    ... finished proof: closed. 
73559      INFO  main            d.u.i.k.p.i.AbstractProblemLoader Loading environment from /home/runner/work/key/key/key.core/../key.ui/examples/heap/model_methods/Coll1_Coll1_add_pre.key.proof 
73560      DEBUG main            d.u.i.k.p.i.AbstractProblemLoader Environment load took 135.1ns 
73560      INFO  main            d.u.i.k.p.i.AbstractProblemLoader Creating init config 
75992      DEBUG main            d.u.i.k.p.i.AbstractProblemLoader Init config took 2.43s 
76033      INFO  main            d.u.i.k.p.i.AbstractProblemLoader Replaying proof Coll1[Coll1::add_pre(int)].JML model_behavior operation contract.0 
76038      DEBUG main            d.u.i.k.p.i.IntermediateProofReplayer Proof replay took 1.35ms 
76039      DEBUG main            d.u.i.k.p.r.p.TestFile    ... success: reloaded. 
76040      INFO  main            d.u.i.k.p.r.p.TestFile    Now processing file /home/runner/work/key/key/key.core/../key.ui/examples/heap/model_methods/Coll1_Coll_add_pre.key 
76040      INFO  main            d.u.i.k.p.i.AbstractProblemLoader Loading environment from /home/runner/work/key/key/key.core/../key.ui/examples/heap/model_methods/Coll1_Coll_add_pre.key 
76040      DEBUG main            d.u.i.k.p.i.AbstractProblemLoader Environment load took 80.2ns 
76041      INFO  main            d.u.i.k.p.i.AbstractProblemLoader Creating init config 
78503      DEBUG main            d.u.i.k.p.i.AbstractProblemLoader Init config took 2.46s 
78541      INFO  main            d.u.i.k.p.i.AbstractProblemLoader Replaying proof Coll1[Coll::add_pre(int)].JML model_behavior operation contract.0 
78542      DEBUG main            d.u.i.k.p.i.IntermediateProofReplayer Proof replay took 6.1ns 
78644      INFO  main            d.u.i.k.p.r.p.TestFile    ... finished proof: closed. 
78836      INFO  main            d.u.i.k.p.i.AbstractProblemLoader Loading environment from /home/runner/work/key/key/key.core/../key.ui/examples/heap/model_methods/Coll1_Coll_add_pre.key.proof 
78837      DEBUG main            d.u.i.k.p.i.AbstractProblemLoader Environment load took 143.6ns 
78838      INFO  main            d.u.i.k.p.i.AbstractProblemLoader Creating init config 
81287      DEBUG main            d.u.i.k.p.i.AbstractProblemLoader Init config took 2.45s 
81324      INFO  main            d.u.i.k.p.i.AbstractProblemLoader Replaying proof Coll1[Coll::add_pre(int)].JML model_behavior operation contract.0 
81327      DEBUG main            d.u.i.k.p.i.IntermediateProofReplayer Proof replay took 2.01ms 
81328      DEBUG main            d.u.i.k.p.r.p.TestFile    ... success: reloaded. 
81329      INFO  main            d.u.i.k.p.r.p.TestFile    Now processing file /home/runner/work/key/key/key.core/../key.ui/examples/heap/model_methods/Coll2_add.key 
81329      INFO  main            d.u.i.k.p.i.AbstractProblemLoader Loading environment from /home/runner/work/key/key/key.core/../key.ui/examples/heap/model_methods/Coll2_add.key 
81329      DEBUG main            d.u.i.k.p.i.AbstractProblemLoader Environment load took 92.1ns 
81330      INFO  main            d.u.i.k.p.i.AbstractProblemLoader Creating init config 
83740      DEBUG main            d.u.i.k.p.i.AbstractProblemLoader Init config took 2.41s 
83778      INFO  main            d.u.i.k.p.i.AbstractProblemLoader Replaying proof Coll2[Coll::add(int)].JML operation contract.0 
83779      DEBUG main            d.u.i.k.p.i.IntermediateProofReplayer Proof replay took 6.6ns 
83883      INFO  main            d.u.i.k.p.r.p.TestFile    ... finished proof: closed. 
84088      INFO  main            d.u.i.k.p.i.AbstractProblemLoader Loading environment from /home/runner/work/key/key/key.core/../key.ui/examples/heap/model_methods/Coll2_add.key.proof 
84088      DEBUG main            d.u.i.k.p.i.AbstractProblemLoader Environment load took 117.1ns 
84089      INFO  main            d.u.i.k.p.i.AbstractProblemLoader Creating init config 
86491      DEBUG main            d.u.i.k.p.i.AbstractProblemLoader Init config took 2.4s 
86527      INFO  main            d.u.i.k.p.i.AbstractProblemLoader Replaying proof Coll2[Coll::add(int)].JML operation contract.0 
86535      DEBUG main            d.u.i.k.p.i.IntermediateProofReplayer Proof replay took 6.18ms 
86536      DEBUG main            d.u.i.k.p.r.p.TestFile    ... success: reloaded. 
86537      INFO  main            d.u.i.k.p.r.p.TestFile    Now processing file /home/runner/work/key/key/key.core/../key.ui/examples/heap/model_methods/Coll2_Coll2_add_pre.key 
86537      INFO  main            d.u.i.k.p.i.AbstractProblemLoader Loading environment from /home/runner/work/key/key/key.core/../key.ui/examples/heap/model_methods/Coll2_Coll2_add_pre.key 
86537      DEBUG main            d.u.i.k.p.i.AbstractProblemLoader Environment load took 163ns 
86538      INFO  main            d.u.i.k.p.i.AbstractProblemLoader Creating init config 
89006      DEBUG main            d.u.i.k.p.i.AbstractProblemLoader Init config took 2.47s 
89042      INFO  main            d.u.i.k.p.i.AbstractProblemLoader Replaying proof Coll2[Coll2::add_pre(int)].JML model_behavior operation contract.0 
89043      DEBUG main            d.u.i.k.p.i.IntermediateProofReplayer Proof replay took 6.1ns 
89145      INFO  main            d.u.i.k.p.r.p.TestFile    ... finished proof: closed. 
89351      INFO  main            d.u.i.k.p.i.AbstractProblemLoader Loading environment from /home/runner/work/key/key/key.core/../key.ui/examples/heap/model_methods/Coll2_Coll2_add_pre.key.proof 
89352      DEBUG main            d.u.i.k.p.i.AbstractProblemLoader Environment load took 119ns 
89353      INFO  main            d.u.i.k.p.i.AbstractProblemLoader Creating init config 
91753      DEBUG main            d.u.i.k.p.i.AbstractProblemLoader Init config took 2.4s 
91811      INFO  main            d.u.i.k.p.i.AbstractProblemLoader Replaying proof Coll2[Coll2::add_pre(int)].JML model_behavior operation contract.0 
91817      DEBUG main            d.u.i.k.p.i.IntermediateProofReplayer Proof replay took 1.88ms 
91817      DEBUG main            d.u.i.k.p.r.p.TestFile    ... success: reloaded. 
91819      INFO  main            d.u.i.k.p.r.p.TestFile    Now processing file /home/runner/work/key/key/key.core/../key.ui/examples/heap/model_methods/Coll2_Coll_add_pre.key 
91819      INFO  main            d.u.i.k.p.i.AbstractProblemLoader Loading environment from /home/runner/work/key/key/key.core/../key.ui/examples/heap/model_methods/Coll2_Coll_add_pre.key 
91819      DEBUG main            d.u.i.k.p.i.AbstractProblemLoader Environment load took 88.2ns 
91821      INFO  main            d.u.i.k.p.i.AbstractProblemLoader Creating init config 
94302      DEBUG main            d.u.i.k.p.i.AbstractProblemLoader Init config took 2.48s 
94339      INFO  main            d.u.i.k.p.i.AbstractProblemLoader Replaying proof Coll2[Coll::add_pre(int)].JML model_behavior operation contract.0 
94343      DEBUG main            d.u.i.k.p.i.IntermediateProofReplayer Proof replay took 6.3ns 
94445      INFO  main            d.u.i.k.p.r.p.TestFile    ... finished proof: closed. 
94659      INFO  main            d.u.i.k.p.i.AbstractProblemLoader Loading environment from /home/runner/work/key/key/key.core/../key.ui/examples/heap/model_methods/Coll2_Coll_add_pre.key.proof 
94659      DEBUG main            d.u.i.k.p.i.AbstractProblemLoader Environment load took 116.4ns 
94660      INFO  main            d.u.i.k.p.i.AbstractProblemLoader Creating init config 
97097      DEBUG main            d.u.i.k.p.i.AbstractProblemLoader Init config took 2.44s 
97140      INFO  main            d.u.i.k.p.i.AbstractProblemLoader Replaying proof Coll2[Coll::add_pre(int)].JML model_behavior operation contract.0 
97143      DEBUG main            d.u.i.k.p.i.IntermediateProofReplayer Proof replay took 1.83ms 
97144      DEBUG main            d.u.i.k.p.r.p.TestFile    ... success: reloaded. 
97145      INFO  main            d.u.i.k.p.r.p.TestFile    Now processing file /home/runner/work/key/key/key.core/../key.ui/examples/heap/model_methods/Coll_add.key 
97146      INFO  main            d.u.i.k.p.i.AbstractProblemLoader Loading environment from /home/runner/work/key/key/key.core/../key.ui/examples/heap/model_methods/Coll_add.key 
97146      DEBUG main            d.u.i.k.p.i.AbstractProblemLoader Environment load took 109.9ns 
97147      INFO  main            d.u.i.k.p.i.AbstractProblemLoader Creating init config 
99568      DEBUG main            d.u.i.k.p.i.AbstractProblemLoader Init config took 2.42s 
99605      INFO  main            d.u.i.k.p.i.AbstractProblemLoader Replaying proof Coll[Coll::add(int)].JML operation contract.0 
99607      DEBUG main            d.u.i.k.p.i.IntermediateProofReplayer Proof replay took 7.6ns 
99710      INFO  main            d.u.i.k.p.r.p.TestFile    ... finished proof: closed. 
99943      INFO  main            d.u.i.k.p.i.AbstractProblemLoader Loading environment from /home/runner/work/key/key/key.core/../key.ui/examples/heap/model_methods/Coll_add.key.proof 
99943      DEBUG main            d.u.i.k.p.i.AbstractProblemLoader Environment load took 138.6ns 
99944      INFO  main            d.u.i.k.p.i.AbstractProblemLoader Creating init config 
102344     DEBUG main            d.u.i.k.p.i.AbstractProblemLoader Init config took 2.4s 
102388     INFO  main            d.u.i.k.p.i.AbstractProblemLoader Replaying proof Coll[Coll::add(int)].JML operation contract.0 
102392     DEBUG main            d.u.i.k.p.i.IntermediateProofReplayer Proof replay took 2.57ms 
102392     DEBUG main            d.u.i.k.p.r.p.TestFile    ... success: reloaded. 
102393     INFO  main            d.u.i.k.p.r.p.TestFile    Now processing file /home/runner/work/key/key/key.core/../key.ui/examples/heap/model_methods/Coll_add_pre.key 
102394     INFO  main            d.u.i.k.p.i.AbstractProblemLoader Loading environment from /home/runner/work/key/key/key.core/../key.ui/examples/heap/model_methods/Coll_add_pre.key 
102394     DEBUG main            d.u.i.k.p.i.AbstractProblemLoader Environment load took 93.1ns 
102395     INFO  main            d.u.i.k.p.i.AbstractProblemLoader Creating init config 
104835     DEBUG main            d.u.i.k.p.i.AbstractProblemLoader Init config took 2.44s 
104871     INFO  main            d.u.i.k.p.i.AbstractProblemLoader Replaying proof Coll[Coll::add_pre(int)].JML model_behavior operation contract.0 
104872     DEBUG main            d.u.i.k.p.i.IntermediateProofReplayer Proof replay took 5.6ns 
104974     INFO  main            d.u.i.k.p.r.p.TestFile    ... finished proof: closed. 
105205     INFO  main            d.u.i.k.p.i.AbstractProblemLoader Loading environment from /home/runner/work/key/key/key.core/../key.ui/examples/heap/model_methods/Coll_add_pre.key.proof 
105205     DEBUG main            d.u.i.k.p.i.AbstractProblemLoader Environment load took 192.9ns 
105206     INFO  main            d.u.i.k.p.i.AbstractProblemLoader Creating init config 
107599     DEBUG main            d.u.i.k.p.i.AbstractProblemLoader Init config took 2.39s 
107650     INFO  main            d.u.i.k.p.i.AbstractProblemLoader Replaying proof Coll[Coll::add_pre(int)].JML model_behavior operation contract.0 
107654     DEBUG main            d.u.i.k.p.i.IntermediateProofReplayer Proof replay took 2.69ms 
107655     DEBUG main            d.u.i.k.p.r.p.TestFile    ... success: reloaded. 
107656     INFO  main            d.u.i.k.p.r.p.TestFile    Now processing file /home/runner/work/key/key/key.core/../key.ui/examples/heap/model_methods/Indirect_callAdd.key 
107656     INFO  main            d.u.i.k.p.i.AbstractProblemLoader Loading environment from /home/runner/work/key/key/key.core/../key.ui/examples/heap/model_methods/Indirect_callAdd.key 
107657     DEBUG main            d.u.i.k.p.i.AbstractProblemLoader Environment load took 89.7ns 
107657     INFO  main            d.u.i.k.p.i.AbstractProblemLoader Creating init config 
110113     DEBUG main            d.u.i.k.p.i.AbstractProblemLoader Init config took 2.46s 
110150     INFO  main            d.u.i.k.p.i.AbstractProblemLoader Replaying proof Indirect[Indirect::callAdd(Coll,int)].JML operation contract.0 
110151     DEBUG main            d.u.i.k.p.i.IntermediateProofReplayer Proof replay took 6.6ns 
110255     INFO  main            d.u.i.k.p.r.p.TestFile    ... finished proof: closed. 
110556     INFO  main            d.u.i.k.p.i.AbstractProblemLoader Loading environment from /home/runner/work/key/key/key.core/../key.ui/examples/heap/model_methods/Indirect_callAdd.key.proof 
110556     DEBUG main            d.u.i.k.p.i.AbstractProblemLoader Environment load took 110.7ns 
110557     INFO  main            d.u.i.k.p.i.AbstractProblemLoader Creating init config 
112920     DEBUG main            d.u.i.k.p.i.AbstractProblemLoader Init config took 2.36s 
112956     INFO  main            d.u.i.k.p.i.AbstractProblemLoader Replaying proof Indirect[Indirect::callAdd(Coll,int)].JML operation contract.0 
112980     DEBUG main            d.u.i.k.p.i.IntermediateProofReplayer Proof replay took 21.76ms 
112981     DEBUG main            d.u.i.k.p.r.p.TestFile    ... success: reloaded. 
112982     INFO  main            d.u.i.k.p.r.p.TestFile    Now processing file /home/runner/work/key/key/key.core/../key.ui/examples/heap/model_methods/Indirect_test.key 
112982     INFO  main            d.u.i.k.p.i.AbstractProblemLoader Loading environment from /home/runner/work/key/key/key.core/../key.ui/examples/heap/model_methods/Indirect_test.key 
112982     DEBUG main            d.u.i.k.p.i.AbstractProblemLoader Environment load took 92.5ns 
112983     INFO  main            d.u.i.k.p.i.AbstractProblemLoader Creating init config 
115440     DEBUG main            d.u.i.k.p.i.AbstractProblemLoader Init config took 2.46s 
115502     INFO  main            d.u.i.k.p.i.AbstractProblemLoader Replaying proof Indirect[Indirect::test(Coll1,Coll2)].JML operation contract.0 
115504     DEBUG main            d.u.i.k.p.i.IntermediateProofReplayer Proof replay took 6.4ns 
115706     INFO  main            d.u.i.k.p.r.p.TestFile    ... finished proof: closed. 
115951     INFO  main            d.u.i.k.p.i.AbstractProblemLoader Loading environment from /home/runner/work/key/key/key.core/../key.ui/examples/heap/model_methods/Indirect_test.key.proof 
115951     DEBUG main            d.u.i.k.p.i.AbstractProblemLoader Environment load took 113ns 
115952     INFO  main            d.u.i.k.p.i.AbstractProblemLoader Creating init config 
118329     DEBUG main            d.u.i.k.p.i.AbstractProblemLoader Init config took 2.38s 
118366     INFO  main            d.u.i.k.p.i.AbstractProblemLoader Replaying proof Indirect[Indirect::test(Coll1,Coll2)].JML operation contract.0 
118417     DEBUG main            d.u.i.k.p.i.IntermediateProofReplayer Proof replay took 48.35ms 
118418     DEBUG main            d.u.i.k.p.r.p.TestFile    ... success: reloaded. 
118419     INFO  main            d.u.i.k.p.r.p.TestFile    Now processing file /home/runner/work/key/key/key.core/../key.ui/examples/heap/model_methods/Recell_Cell_footprint.key 
118419     INFO  main            d.u.i.k.p.i.AbstractProblemLoader Loading environment from /home/runner/work/key/key/key.core/../key.ui/examples/heap/model_methods/Recell_Cell_footprint.key 
118419     DEBUG main            d.u.i.k.p.i.AbstractProblemLoader Environment load took 101.2ns 
118420     INFO  main            d.u.i.k.p.i.AbstractProblemLoader Creating init config 
120890     DEBUG main            d.u.i.k.p.i.AbstractProblemLoader Init config took 2.47s 
120925     INFO  main            d.u.i.k.p.i.AbstractProblemLoader Replaying proof Recell[Cell::footprint()].JML model_behavior operation contract.0 
120927     DEBUG main            d.u.i.k.p.i.IntermediateProofReplayer Proof replay took 5.8ns 
121035     INFO  main            d.u.i.k.p.r.p.TestFile    ... finished proof: closed. 
121279     INFO  main            d.u.i.k.p.i.AbstractProblemLoader Loading environment from /home/runner/work/key/key/key.core/../key.ui/examples/heap/model_methods/Recell_Cell_footprint.key.proof 
121279     DEBUG main            d.u.i.k.p.i.AbstractProblemLoader Environment load took 109.4ns 
121280     INFO  main            d.u.i.k.p.i.AbstractProblemLoader Creating init config 
123643     DEBUG main            d.u.i.k.p.i.AbstractProblemLoader Init config took 2.36s 
123678     INFO  main            d.u.i.k.p.i.AbstractProblemLoader Replaying proof Recell[Cell::footprint()].JML model_behavior operation contract.0 
123682     DEBUG main            d.u.i.k.p.i.IntermediateProofReplayer Proof replay took 2.45ms 
123682     DEBUG main            d.u.i.k.p.r.p.TestFile    ... success: reloaded. 
123683     INFO  main            d.u.i.k.p.r.p.TestFile    Now processing file /home/runner/work/key/key/key.core/../key.ui/examples/heap/model_methods/Recell_Cell_post_set.key 
123683     INFO  main            d.u.i.k.p.i.AbstractProblemLoader Loading environment from /home/runner/work/key/key/key.core/../key.ui/examples/heap/model_methods/Recell_Cell_post_set.key 
123684     DEBUG main            d.u.i.k.p.i.AbstractProblemLoader Environment load took 55.6ns 
123684     INFO  main            d.u.i.k.p.i.AbstractProblemLoader Creating init config 
126132     DEBUG main            d.u.i.k.p.i.AbstractProblemLoader Init config took 2.45s 
126167     INFO  main            d.u.i.k.p.i.AbstractProblemLoader Replaying proof Recell[Cell::post_set(int)].JML model_behavior operation contract.0 
126168     DEBUG main            d.u.i.k.p.i.IntermediateProofReplayer Proof replay took 5.8ns 
126270     INFO  main            d.u.i.k.p.r.p.TestFile    ... finished proof: closed. 
126523     INFO  main            d.u.i.k.p.i.AbstractProblemLoader Loading environment from /home/runner/work/key/key/key.core/../key.ui/examples/heap/model_methods/Recell_Cell_post_set.key.proof 
126524     DEBUG main            d.u.i.k.p.i.AbstractProblemLoader Environment load took 111.7ns 
126524     INFO  main            d.u.i.k.p.i.AbstractProblemLoader Creating init config 
128884     DEBUG main            d.u.i.k.p.i.AbstractProblemLoader Init config took 2.36s 
128922     INFO  main            d.u.i.k.p.i.AbstractProblemLoader Replaying proof Recell[Cell::post_set(int)].JML model_behavior operation contract.0 
128931     DEBUG main            d.u.i.k.p.i.IntermediateProofReplayer Proof replay took 3.49ms 
128931     DEBUG main            d.u.i.k.p.r.p.TestFile    ... success: reloaded. 
128932     INFO  main            d.u.i.k.p.r.p.TestFile    Now processing file /home/runner/work/key/key/key.core/../key.ui/examples/heap/model_methods/Recell_footprint_acc.key 
128933     INFO  main            d.u.i.k.p.i.AbstractProblemLoader Loading environment from /home/runner/work/key/key/key.core/../key.ui/examples/heap/model_methods/Recell_footprint_acc.key 
128933     DEBUG main            d.u.i.k.p.i.AbstractProblemLoader Environment load took 61.3ns 
128934     INFO  main            d.u.i.k.p.i.AbstractProblemLoader Creating init config 
131362     DEBUG main            d.u.i.k.p.i.AbstractProblemLoader Init config took 2.43s 
131396     INFO  main            d.u.i.k.p.i.AbstractProblemLoader Replaying proof Recell[Cell::footprint()].JML accessible clause.0 
131398     DEBUG main            d.u.i.k.p.i.IntermediateProofReplayer Proof replay took 6.1ns 
131503     INFO  main            d.u.i.k.p.r.p.TestFile    ... finished proof: closed. 
131763     INFO  main            d.u.i.k.p.i.AbstractProblemLoader Loading environment from /home/runner/work/key/key/key.core/../key.ui/examples/heap/model_methods/Recell_footprint_acc.key.proof 
131763     DEBUG main            d.u.i.k.p.i.AbstractProblemLoader Environment load took 109.2ns 
131764     INFO  main            d.u.i.k.p.i.AbstractProblemLoader Creating init config 
134126     DEBUG main            d.u.i.k.p.i.AbstractProblemLoader Init config took 2.36s 
134160     INFO  main            d.u.i.k.p.i.AbstractProblemLoader Replaying proof Recell[Cell::footprint()].JML accessible clause.0 
134179     DEBUG main            d.u.i.k.p.i.IntermediateProofReplayer Proof replay took 16.7ms 
134180     DEBUG main            d.u.i.k.p.r.p.TestFile    ... success: reloaded. 
134181     INFO  main            d.u.i.k.p.r.p.TestFile    Now processing file /home/runner/work/key/key/key.core/../key.ui/examples/heap/model_methods/Recell_get_acc.key 
134181     INFO  main            d.u.i.k.p.i.AbstractProblemLoader Loading environment from /home/runner/work/key/key/key.core/../key.ui/examples/heap/model_methods/Recell_get_acc.key 
134181     DEBUG main            d.u.i.k.p.i.AbstractProblemLoader Environment load took 67.2ns 
134182     INFO  main            d.u.i.k.p.i.AbstractProblemLoader Creating init config 
136615     DEBUG main            d.u.i.k.p.i.AbstractProblemLoader Init config took 2.43s 
136652     INFO  main            d.u.i.k.p.i.AbstractProblemLoader Replaying proof Recell[Cell::get()].JML accessible clause.0 
136653     DEBUG main            d.u.i.k.p.i.IntermediateProofReplayer Proof replay took 6.5ns 
136755     INFO  main            d.u.i.k.p.r.p.TestFile    ... finished proof: closed. 
137033     INFO  main            d.u.i.k.p.i.AbstractProblemLoader Loading environment from /home/runner/work/key/key/key.core/../key.ui/examples/heap/model_methods/Recell_get_acc.key.proof 
137033     DEBUG main            d.u.i.k.p.i.AbstractProblemLoader Environment load took 107.4ns 
137034     INFO  main            d.u.i.k.p.i.AbstractProblemLoader Creating init config 
139411     DEBUG main            d.u.i.k.p.i.AbstractProblemLoader Init config took 2.38s 
139446     INFO  main            d.u.i.k.p.i.AbstractProblemLoader Replaying proof Recell[Cell::get()].JML accessible clause.0 
139464     DEBUG main            d.u.i.k.p.i.IntermediateProofReplayer Proof replay took 15.61ms 
139467     DEBUG main            d.u.i.k.p.r.p.TestFile    ... success: reloaded. 
139469     INFO  main            d.u.i.k.p.r.p.TestFile    Now processing file /home/runner/work/key/key/key.core/../key.ui/examples/heap/model_methods/Recell_get.key 
139469     INFO  main            d.u.i.k.p.i.AbstractProblemLoader Loading environment from /home/runner/work/key/key/key.core/../key.ui/examples/heap/model_methods/Recell_get.key 
139469     DEBUG main            d.u.i.k.p.i.AbstractProblemLoader Environment load took 188.7ns 
139470     INFO  main            d.u.i.k.p.i.AbstractProblemLoader Creating init config 
141892     DEBUG main            d.u.i.k.p.i.AbstractProblemLoader Init config took 2.42s 
141929     INFO  main            d.u.i.k.p.i.AbstractProblemLoader Replaying proof Recell[Cell::get()].JML operation contract.0 
141931     DEBUG main            d.u.i.k.p.i.IntermediateProofReplayer Proof replay took 6.1ns 
142035     INFO  main            d.u.i.k.p.r.p.TestFile    ... finished proof: closed. 
142320     INFO  main            d.u.i.k.p.i.AbstractProblemLoader Loading environment from /home/runner/work/key/key/key.core/../key.ui/examples/heap/model_methods/Recell_get.key.proof 
142320     DEBUG main            d.u.i.k.p.i.AbstractProblemLoader Environment load took 111ns 
142321     INFO  main            d.u.i.k.p.i.AbstractProblemLoader Creating init config 
144682     DEBUG main            d.u.i.k.p.i.AbstractProblemLoader Init config took 2.36s 
144723     INFO  main            d.u.i.k.p.i.AbstractProblemLoader Replaying proof Recell[Cell::get()].JML operation contract.0 
144735     DEBUG main            d.u.i.k.p.i.IntermediateProofReplayer Proof replay took 9.56ms 
144736     DEBUG main            d.u.i.k.p.r.p.TestFile    ... success: reloaded. 
144737     INFO  main            d.u.i.k.p.r.p.TestFile    Now processing file /home/runner/work/key/key/key.core/../key.ui/examples/heap/model_methods/Recell_Recell_footprint.key 
144737     INFO  main            d.u.i.k.p.i.AbstractProblemLoader Loading environment from /home/runner/work/key/key/key.core/../key.ui/examples/heap/model_methods/Recell_Recell_footprint.key 
144737     DEBUG main            d.u.i.k.p.i.AbstractProblemLoader Environment load took 189.1ns 
144739     INFO  main            d.u.i.k.p.i.AbstractProblemLoader Creating init config 
147215     DEBUG main            d.u.i.k.p.i.AbstractProblemLoader Init config took 2.48s 
147251     INFO  main            d.u.i.k.p.i.AbstractProblemLoader Replaying proof Recell[Recell::footprint()].JML model_behavior operation contract.0 
147252     DEBUG main            d.u.i.k.p.i.IntermediateProofReplayer Proof replay took 6.1ns 
147359     INFO  main            d.u.i.k.p.r.p.TestFile    ... finished proof: closed. 
147643     INFO  main            d.u.i.k.p.i.AbstractProblemLoader Loading environment from /home/runner/work/key/key/key.core/../key.ui/examples/heap/model_methods/Recell_Recell_footprint.key.proof 
147643     DEBUG main            d.u.i.k.p.i.AbstractProblemLoader Environment load took 111.7ns 
147644     INFO  main            d.u.i.k.p.i.AbstractProblemLoader Creating init config 
150003     DEBUG main            d.u.i.k.p.i.AbstractProblemLoader Init config took 2.36s 
150038     INFO  main            d.u.i.k.p.i.AbstractProblemLoader Replaying proof Recell[Recell::footprint()].JML model_behavior operation contract.0 
150041     DEBUG main            d.u.i.k.p.i.IntermediateProofReplayer Proof replay took 1.23ms 
150041     DEBUG main            d.u.i.k.p.r.p.TestFile    ... success: reloaded. 
150042     INFO  main            d.u.i.k.p.r.p.TestFile    Now processing file /home/runner/work/key/key/key.core/../key.ui/examples/heap/model_methods/Recell_Recell_post_set.key 
150043     INFO  main            d.u.i.k.p.i.AbstractProblemLoader Loading environment from /home/runner/work/key/key/key.core/../key.ui/examples/heap/model_methods/Recell_Recell_post_set.key 
150043     DEBUG main            d.u.i.k.p.i.AbstractProblemLoader Environment load took 232.3ns 
150044     INFO  main            d.u.i.k.p.i.AbstractProblemLoader Creating init config 
152451     DEBUG main            d.u.i.k.p.i.AbstractProblemLoader Init config took 2.41s 
152504     INFO  main            d.u.i.k.p.i.AbstractProblemLoader Replaying proof Recell[Recell::post_set(int)].JML model_behavior operation contract.0 
152505     DEBUG main            d.u.i.k.p.i.IntermediateProofReplayer Proof replay took 6ns 
152607     INFO  main            d.u.i.k.p.r.p.TestFile    ... finished proof: closed. 
152879     INFO  main            d.u.i.k.p.i.AbstractProblemLoader Loading environment from /home/runner/work/key/key/key.core/../key.ui/examples/heap/model_methods/Recell_Recell_post_set.key.proof 
152879     DEBUG main            d.u.i.k.p.i.AbstractProblemLoader Environment load took 105.3ns 
152880     INFO  main            d.u.i.k.p.i.AbstractProblemLoader Creating init config 
155238     DEBUG main            d.u.i.k.p.i.AbstractProblemLoader Init config took 2.36s 
155273     INFO  main            d.u.i.k.p.i.AbstractProblemLoader Replaying proof Recell[Recell::post_set(int)].JML model_behavior operation contract.0 
155277     DEBUG main            d.u.i.k.p.i.IntermediateProofReplayer Proof replay took 2.02ms 
155278     DEBUG main            d.u.i.k.p.r.p.TestFile    ... success: reloaded. 
155279     INFO  main            d.u.i.k.p.r.p.TestFile    Now processing file /home/runner/work/key/key/key.core/../key.ui/examples/heap/model_methods/Recell_set.key 
155279     INFO  main            d.u.i.k.p.i.AbstractProblemLoader Loading environment from /home/runner/work/key/key/key.core/../key.ui/examples/heap/model_methods/Recell_set.key 
155279     DEBUG main            d.u.i.k.p.i.AbstractProblemLoader Environment load took 160.6ns 
155280     INFO  main            d.u.i.k.p.i.AbstractProblemLoader Creating init config 
157699     DEBUG main            d.u.i.k.p.i.AbstractProblemLoader Init config took 2.42s 
157734     INFO  main            d.u.i.k.p.i.AbstractProblemLoader Replaying proof Recell[Cell::set(int)].JML operation contract.0 
157735     DEBUG main            d.u.i.k.p.i.IntermediateProofReplayer Proof replay took 6.5ns 
163474     INFO  main            d.u.i.k.p.r.p.TestFile    ... finished proof: closed. 
163796     INFO  main            d.u.i.k.p.i.AbstractProblemLoader Loading environment from /home/runner/work/key/key/key.core/../key.ui/examples/heap/model_methods/Recell_set.key.proof 
163797     DEBUG main            d.u.i.k.p.i.AbstractProblemLoader Environment load took 342.7ns 
163798     INFO  main            d.u.i.k.p.i.AbstractProblemLoader Creating init config 
166176     DEBUG main            d.u.i.k.p.i.AbstractProblemLoader Init config took 2.38s 
166228     INFO  main            d.u.i.k.p.i.AbstractProblemLoader Replaying proof Recell[Cell::set(int)].JML operation contract.0 
166711     DEBUG main            d.u.i.k.p.i.IntermediateProofReplayer Proof replay took 455.94ms 
166713     DEBUG main            d.u.i.k.p.r.p.TestFile    ... success: reloaded. 
166714     INFO  main            d.u.i.k.p.r.p.TestFile    Now processing file /home/runner/work/key/key/key.core/../key.ui/examples/heap/model_methods/Recell_undo.key 
166714     INFO  main            d.u.i.k.p.i.AbstractProblemLoader Loading environment from /home/runner/work/key/key/key.core/../key.ui/examples/heap/model_methods/Recell_undo.key 
166714     DEBUG main            d.u.i.k.p.i.AbstractProblemLoader Environment load took 157.4ns 
166715     INFO  main            d.u.i.k.p.i.AbstractProblemLoader Creating init config 
169141     DEBUG main            d.u.i.k.p.i.AbstractProblemLoader Init config took 2.43s 
169176     INFO  main            d.u.i.k.p.i.AbstractProblemLoader Replaying proof Recell[Recell::undo()].JML operation contract.0 
169177     DEBUG main            d.u.i.k.p.i.IntermediateProofReplayer Proof replay took 6.5ns 
169279     INFO  main            d.u.i.k.p.r.p.TestFile    ... finished proof: closed. 
169574     INFO  main            d.u.i.k.p.i.AbstractProblemLoader Loading environment from /home/runner/work/key/key/key.core/../key.ui/examples/heap/model_methods/Recell_undo.key.proof 
169574     DEBUG main            d.u.i.k.p.i.AbstractProblemLoader Environment load took 102.9ns 
169575     INFO  main            d.u.i.k.p.i.AbstractProblemLoader Creating init config 
171919     DEBUG main            d.u.i.k.p.i.AbstractProblemLoader Init config took 2.34s 
171954     INFO  main            d.u.i.k.p.i.AbstractProblemLoader Replaying proof Recell[Recell::undo()].JML operation contract.0 
171984     DEBUG main            d.u.i.k.p.i.IntermediateProofReplayer Proof replay took 28.03ms 
171985     DEBUG main            d.u.i.k.p.r.p.TestFile    ... success: reloaded. 
4053308    INFO  Test worker     d.u.i.k.p.r.RunAllProofsTestUnit Returning from test modelMethods 
4053309    INFO  Test worker     d.u.i.k.p.r.RunAllProofsTestUnit Running test permissionHeap 
386        INFO  Timeout watchdog d.u.i.k.p.r.p.ForkedTestFileRunner Timeout watcher launched (2000 secs.) 
405        WARN  main            d.u.i.k.s.ProofSettings   The settings in /home/runner/.key/proof-settings.props are *not* read. 
431        INFO  main            d.u.i.k.p.r.p.TestFile    Now processing file /home/runner/work/key/key/key.core/../key.ui/examples/heap/permissions/permissions_method0.key 
532        INFO  main            d.u.i.k.p.i.AbstractProblemLoader Loading environment from /home/runner/work/key/key/key.core/../key.ui/examples/heap/permissions/permissions_method0.key 
563        DEBUG main            d.u.i.k.p.i.AbstractProblemLoader Environment load took 1.81ms 
782        INFO  main            d.u.i.k.p.i.AbstractProblemLoader Creating init config 
1837       DEBUG main            d.u.i.k.j.TypeConverter   No LDT found for Meta 
1838       DEBUG main            d.u.i.k.j.TypeConverter   No LDT found for Meta 
1839       DEBUG main            d.u.i.k.j.TypeConverter   No LDT found for Meta 
1839       DEBUG main            d.u.i.k.j.TypeConverter   No LDT found for Meta 
3337       DEBUG main            d.u.i.k.j.TypeConverter   No LDT found for JavaBigintExpression 
8268       DEBUG main            d.u.i.k.p.i.AbstractProblemLoader Init config took 7.49s 
8416       INFO  main            d.u.i.k.p.i.AbstractProblemLoader Replaying proof MyClass[MyClass::method0()].JML normal_behavior operation contract.0 
8448       DEBUG main            d.u.i.k.p.i.IntermediateProofReplayer Proof replay took 32.6ns 
9374       INFO  main            d.u.i.k.p.r.p.TestFile    ... finished proof: closed. 
9519       INFO  main            d.u.i.k.p.i.AbstractProblemLoader Loading environment from /home/runner/work/key/key/key.core/../key.ui/examples/heap/permissions/permissions_method0.key.proof 
9522       DEBUG main            d.u.i.k.p.i.AbstractProblemLoader Environment load took 2.18ms 
9525       INFO  main            d.u.i.k.p.i.AbstractProblemLoader Creating init config 
12305      DEBUG main            d.u.i.k.p.i.AbstractProblemLoader Init config took 2.78s 
12379      INFO  main            d.u.i.k.p.i.AbstractProblemLoader Replaying proof MyClass[MyClass::method0()].JML normal_behavior operation contract.0 
12477      DEBUG main            d.u.i.k.p.i.IntermediateProofReplayer Proof replay took 92.02ms 
12484      DEBUG main            d.u.i.k.p.r.p.TestFile    ... success: reloaded. 
12485      INFO  main            d.u.i.k.p.r.p.TestFile    Now processing file /home/runner/work/key/key/key.core/../key.ui/examples/heap/permissions/permissions_method1.key 
12486      INFO  main            d.u.i.k.p.i.AbstractProblemLoader Loading environment from /home/runner/work/key/key/key.core/../key.ui/examples/heap/permissions/permissions_method1.key 
12486      DEBUG main            d.u.i.k.p.i.AbstractProblemLoader Environment load took 209.8ns 
12487      INFO  main            d.u.i.k.p.i.AbstractProblemLoader Creating init config 
15074      DEBUG main            d.u.i.k.p.i.AbstractProblemLoader Init config took 2.59s 
15136      INFO  main            d.u.i.k.p.i.AbstractProblemLoader Replaying proof MyClass[MyClass::method1()].JML normal_behavior operation contract.0 
15139      DEBUG main            d.u.i.k.p.i.IntermediateProofReplayer Proof replay took 6ns 
15442      INFO  main            d.u.i.k.p.r.p.TestFile    ... finished proof: closed. 
15574      INFO  main            d.u.i.k.p.i.AbstractProblemLoader Loading environment from /home/runner/work/key/key/key.core/../key.ui/examples/heap/permissions/permissions_method1.key.proof 
15575      DEBUG main            d.u.i.k.p.i.AbstractProblemLoader Environment load took 524.51ns 
15576      INFO  main            d.u.i.k.p.i.AbstractProblemLoader Creating init config 
18138      DEBUG main            d.u.i.k.p.i.AbstractProblemLoader Init config took 2.56s 
18190      INFO  main            d.u.i.k.p.i.AbstractProblemLoader Replaying proof MyClass[MyClass::method1()].JML normal_behavior operation contract.0 
18256      DEBUG main            d.u.i.k.p.i.IntermediateProofReplayer Proof replay took 62.23ms 
18257      DEBUG main            d.u.i.k.p.r.p.TestFile    ... success: reloaded. 
18258      INFO  main            d.u.i.k.p.r.p.TestFile    Now processing file /home/runner/work/key/key/key.core/../key.ui/examples/heap/permissions/permissions_method3.key 
18259      INFO  main            d.u.i.k.p.i.AbstractProblemLoader Loading environment from /home/runner/work/key/key/key.core/../key.ui/examples/heap/permissions/permissions_method3.key 
18259      DEBUG main            d.u.i.k.p.i.AbstractProblemLoader Environment load took 190.7ns 
18260      INFO  main            d.u.i.k.p.i.AbstractProblemLoader Creating init config 
20791      DEBUG main            d.u.i.k.p.i.AbstractProblemLoader Init config took 2.53s 
20840      INFO  main            d.u.i.k.p.i.AbstractProblemLoader Replaying proof MyClass[MyClass::method3()].JML normal_behavior operation contract.0 
20842      DEBUG main            d.u.i.k.p.i.IntermediateProofReplayer Proof replay took 6.3ns 
22049      INFO  main            d.u.i.k.p.r.p.TestFile    ... finished proof: closed. 
22218      INFO  main            d.u.i.k.p.i.AbstractProblemLoader Loading environment from /home/runner/work/key/key/key.core/../key.ui/examples/heap/permissions/permissions_method3.key.proof 
22220      DEBUG main            d.u.i.k.p.i.AbstractProblemLoader Environment load took 2.05ms 
22222      INFO  main            d.u.i.k.p.i.AbstractProblemLoader Creating init config 
24687      DEBUG main            d.u.i.k.p.i.AbstractProblemLoader Init config took 2.47s 
24742      INFO  main            d.u.i.k.p.i.AbstractProblemLoader Replaying proof MyClass[MyClass::method3()].JML normal_behavior operation contract.0 
25007      DEBUG main            d.u.i.k.p.i.IntermediateProofReplayer Proof replay took 256.5ms 
25008      DEBUG main            d.u.i.k.p.r.p.TestFile    ... success: reloaded. 
25010      INFO  main            d.u.i.k.p.r.p.TestFile    Now processing file /home/runner/work/key/key/key.core/../key.ui/examples/heap/permissions/permissions_setAB.key 
25010      INFO  main            d.u.i.k.p.i.AbstractProblemLoader Loading environment from /home/runner/work/key/key/key.core/../key.ui/examples/heap/permissions/permissions_setAB.key 
25010      DEBUG main            d.u.i.k.p.i.AbstractProblemLoader Environment load took 178.1ns 
25011      INFO  main            d.u.i.k.p.i.AbstractProblemLoader Creating init config 
27546      DEBUG main            d.u.i.k.p.i.AbstractProblemLoader Init config took 2.53s 
27591      INFO  main            d.u.i.k.p.i.AbstractProblemLoader Replaying proof MyClass[MyClass::setAB()].JML normal_behavior operation contract.0 
27593      DEBUG main            d.u.i.k.p.i.IntermediateProofReplayer Proof replay took 7ns 
28901      INFO  main            d.u.i.k.p.r.p.TestFile    ... finished proof: closed. 
29095      INFO  main            d.u.i.k.p.i.AbstractProblemLoader Loading environment from /home/runner/work/key/key/key.core/../key.ui/examples/heap/permissions/permissions_setAB.key.proof 
29097      DEBUG main            d.u.i.k.p.i.AbstractProblemLoader Environment load took 1.95ms 
29098      INFO  main            d.u.i.k.p.i.AbstractProblemLoader Creating init config 
31536      DEBUG main            d.u.i.k.p.i.AbstractProblemLoader Init config took 2.44s 
31581      INFO  main            d.u.i.k.p.i.AbstractProblemLoader Replaying proof MyClass[MyClass::setAB()].JML normal_behavior operation contract.0 
31784      DEBUG main            d.u.i.k.p.i.IntermediateProofReplayer Proof replay took 197.58ms 
31785      DEBUG main            d.u.i.k.p.r.p.TestFile    ... success: reloaded. 
31787      INFO  main            d.u.i.k.p.r.p.TestFile    Now processing file /home/runner/work/key/key/key.core/../key.ui/examples/heap/permissions/permissionProperties.key 
31787      INFO  main            d.u.i.k.p.i.AbstractProblemLoader Loading environment from /home/runner/work/key/key/key.core/../key.ui/examples/heap/permissions/permissionProperties.key 
31787      DEBUG main            d.u.i.k.p.i.AbstractProblemLoader Environment load took 186ns 
31789      INFO  main            d.u.i.k.p.i.AbstractProblemLoader Creating init config 
31943      DEBUG main            d.u.i.k.j.TypeConverter   No LDT found for Meta 
31944      DEBUG main            d.u.i.k.j.TypeConverter   No LDT found for Meta 
31944      DEBUG main            d.u.i.k.j.TypeConverter   No LDT found for Meta 
31944      DEBUG main            d.u.i.k.j.TypeConverter   No LDT found for Meta 
32628      DEBUG main            d.u.i.k.j.TypeConverter   No LDT found for JavaBigintExpression 
35154      DEBUG main            d.u.i.k.p.i.AbstractProblemLoader Init config took 3.36s 
35174      INFO  main            d.u.i.k.p.i.AbstractProblemLoader Replaying proof permissionProperties.key 
35176      DEBUG main            d.u.i.k.p.i.IntermediateProofReplayer Proof replay took 6.5ns 
35282      INFO  main            d.u.i.k.p.r.p.TestFile    ... finished proof: closed. 
35437      INFO  main            d.u.i.k.p.i.AbstractProblemLoader Loading environment from /home/runner/work/key/key/key.core/../key.ui/examples/heap/permissions/permissionProperties.key.proof 
35437      DEBUG main            d.u.i.k.p.i.AbstractProblemLoader Environment load took 126.9ns 
35438      INFO  main            d.u.i.k.p.i.AbstractProblemLoader Creating init config 
37704      DEBUG main            d.u.i.k.p.i.AbstractProblemLoader Init config took 2.27s 
37725      INFO  main            d.u.i.k.p.i.AbstractProblemLoader Replaying proof permissionProperties.key.proof 
37743      DEBUG main            d.u.i.k.p.i.IntermediateProofReplayer Proof replay took 16.24ms 
37745      DEBUG main            d.u.i.k.p.r.p.TestFile    ... success: reloaded. 
37746      INFO  main            d.u.i.k.p.r.p.TestFile    Now processing file /home/runner/work/key/key/key.core/../key.ui/examples/heap/permissions/threads/AFilter_AFilter.key 
37746      INFO  main            d.u.i.k.p.i.AbstractProblemLoader Loading environment from /home/runner/work/key/key/key.core/../key.ui/examples/heap/permissions/threads/AFilter_AFilter.key 
37747      DEBUG main            d.u.i.k.p.i.AbstractProblemLoader Environment load took 213.7ns 
37748      INFO  main            d.u.i.k.p.i.AbstractProblemLoader Creating init config 
37862      DEBUG main            d.u.i.k.j.TypeConverter   No LDT found for Meta 
37862      DEBUG main            d.u.i.k.j.TypeConverter   No LDT found for Meta 
37863      DEBUG main            d.u.i.k.j.TypeConverter   No LDT found for Meta 
37863      DEBUG main            d.u.i.k.j.TypeConverter   No LDT found for Meta 
38516      DEBUG main            d.u.i.k.j.TypeConverter   No LDT found for JavaBigintExpression 
43378      DEBUG main            d.u.i.k.p.i.AbstractProblemLoader Init config took 5.63s 
43482      INFO  main            d.u.i.k.p.i.AbstractProblemLoader Replaying proof AFilter[AFilter::AFilter(Sampler,Buffer)].JML normal_behavior operation contract.0 
43484      DEBUG main            d.u.i.k.p.i.IntermediateProofReplayer Proof replay took 7.2ns 
44493      INFO  main            d.u.i.k.p.r.p.TestFile    ... finished proof: closed. 
44763      INFO  main            d.u.i.k.p.i.AbstractProblemLoader Loading environment from /home/runner/work/key/key/key.core/../key.ui/examples/heap/permissions/threads/AFilter_AFilter.key.proof 
44764      DEBUG main            d.u.i.k.p.i.AbstractProblemLoader Environment load took 1.04ms 
44765      INFO  main            d.u.i.k.p.i.AbstractProblemLoader Creating init config 
49098      DEBUG main            d.u.i.k.p.i.AbstractProblemLoader Init config took 4.33s 
49190      INFO  main            d.u.i.k.p.i.AbstractProblemLoader Replaying proof AFilter[AFilter::AFilter(Sampler,Buffer)].JML normal_behavior operation contract.0 
49386      DEBUG main            d.u.i.k.p.i.IntermediateProofReplayer Proof replay took 191.48ms 
49387      DEBUG main            d.u.i.k.p.r.p.TestFile    ... success: reloaded. 
49389      INFO  main            d.u.i.k.p.r.p.TestFile    Now processing file /home/runner/work/key/key/key.core/../key.ui/examples/heap/permissions/threads/AFilter_initPost_accessible.key 
49389      INFO  main            d.u.i.k.p.i.AbstractProblemLoader Loading environment from /home/runner/work/key/key/key.core/../key.ui/examples/heap/permissions/threads/AFilter_initPost_accessible.key 
49389      DEBUG main            d.u.i.k.p.i.AbstractProblemLoader Environment load took 196.1ns 
49390      INFO  main            d.u.i.k.p.i.AbstractProblemLoader Creating init config 
53760      DEBUG main            d.u.i.k.p.i.AbstractProblemLoader Init config took 4.37s 
53904      INFO  main            d.u.i.k.p.i.AbstractProblemLoader Replaying proof AFilter[ThreadSpec2::initPost()].JML accessible clause.0 
53906      DEBUG main            d.u.i.k.p.i.IntermediateProofReplayer Proof replay took 8.1ns 
54009      INFO  main            d.u.i.k.p.r.p.TestFile    ... finished proof: closed. 
54212      INFO  main            d.u.i.k.p.i.AbstractProblemLoader Loading environment from /home/runner/work/key/key/key.core/../key.ui/examples/heap/permissions/threads/AFilter_initPost_accessible.key.proof 
54212      DEBUG main            d.u.i.k.p.i.AbstractProblemLoader Environment load took 145.9ns 
54213      INFO  main            d.u.i.k.p.i.AbstractProblemLoader Creating init config 
58523      DEBUG main            d.u.i.k.p.i.AbstractProblemLoader Init config took 4.31s 
58611      INFO  main            d.u.i.k.p.i.AbstractProblemLoader Replaying proof AFilter[ThreadSpec2::initPost()].JML accessible clause.0 
58625      DEBUG main            d.u.i.k.p.i.IntermediateProofReplayer Proof replay took 12.62ms 
58626      DEBUG main            d.u.i.k.p.r.p.TestFile    ... success: reloaded. 
58627      INFO  main            d.u.i.k.p.r.p.TestFile    Now processing file /home/runner/work/key/key/key.core/../key.ui/examples/heap/permissions/threads/AFilter_inv_accessible1.key 
58628      INFO  main            d.u.i.k.p.i.AbstractProblemLoader Loading environment from /home/runner/work/key/key/key.core/../key.ui/examples/heap/permissions/threads/AFilter_inv_accessible1.key 
58628      DEBUG main            d.u.i.k.p.i.AbstractProblemLoader Environment load took 99.3ns 
58629      INFO  main            d.u.i.k.p.i.AbstractProblemLoader Creating init config 
62976      DEBUG main            d.u.i.k.p.i.AbstractProblemLoader Init config took 4.35s 
63060      INFO  main            d.u.i.k.p.i.AbstractProblemLoader Replaying proof AFilter[java.lang.Object::<inv>()].JML accessible clause.0 
63062      DEBUG main            d.u.i.k.p.i.IntermediateProofReplayer Proof replay took 6.6ns 
63165      INFO  main            d.u.i.k.p.r.p.TestFile    ... finished proof: closed. 
63380      INFO  main            d.u.i.k.p.i.AbstractProblemLoader Loading environment from /home/runner/work/key/key/key.core/../key.ui/examples/heap/permissions/threads/AFilter_inv_accessible1.key.proof 
63380      DEBUG main            d.u.i.k.p.i.AbstractProblemLoader Environment load took 141.3ns 
63381      INFO  main            d.u.i.k.p.i.AbstractProblemLoader Creating init config 
67711      DEBUG main            d.u.i.k.p.i.AbstractProblemLoader Init config took 4.33s 
67806      INFO  main            d.u.i.k.p.i.AbstractProblemLoader Replaying proof AFilter[java.lang.Object::<inv>()].JML accessible clause.0 
67810      DEBUG main            d.u.i.k.p.i.IntermediateProofReplayer Proof replay took 2.42ms 
67811      DEBUG main            d.u.i.k.p.r.p.TestFile    ... success: reloaded. 
67812      INFO  main            d.u.i.k.p.r.p.TestFile    Now processing file /home/runner/work/key/key/key.core/../key.ui/examples/heap/permissions/threads/AFilter_inv_accessible2.key 
67812      INFO  main            d.u.i.k.p.i.AbstractProblemLoader Loading environment from /home/runner/work/key/key/key.core/../key.ui/examples/heap/permissions/threads/AFilter_inv_accessible2.key 
67812      DEBUG main            d.u.i.k.p.i.AbstractProblemLoader Environment load took 90.6ns 
67813      INFO  main            d.u.i.k.p.i.AbstractProblemLoader Creating init config 
72165      DEBUG main            d.u.i.k.p.i.AbstractProblemLoader Init config took 4.35s 
72247      INFO  main            d.u.i.k.p.i.AbstractProblemLoader Replaying proof AFilter[java.lang.Object::<inv>()].JML accessible clause.1 
72249      DEBUG main            d.u.i.k.p.i.IntermediateProofReplayer Proof replay took 7.2ns 
72353      INFO  main            d.u.i.k.p.r.p.TestFile    ... finished proof: closed. 
72593      INFO  main            d.u.i.k.p.i.AbstractProblemLoader Loading environment from /home/runner/work/key/key/key.core/../key.ui/examples/heap/permissions/threads/AFilter_inv_accessible2.key.proof 
72593      DEBUG main            d.u.i.k.p.i.AbstractProblemLoader Environment load took 118.3ns 
72594      INFO  main            d.u.i.k.p.i.AbstractProblemLoader Creating init config 
76926      DEBUG main            d.u.i.k.p.i.AbstractProblemLoader Init config took 4.33s 
77008      INFO  main            d.u.i.k.p.i.AbstractProblemLoader Replaying proof AFilter[java.lang.Object::<inv>()].JML accessible clause.1 
77012      DEBUG main            d.u.i.k.p.i.IntermediateProofReplayer Proof replay took 2.21ms 
77013      DEBUG main            d.u.i.k.p.r.p.TestFile    ... success: reloaded. 
77014      INFO  main            d.u.i.k.p.r.p.TestFile    Now processing file /home/runner/work/key/key/key.core/../key.ui/examples/heap/permissions/threads/AFilter_joinTransfer_accessible.key 
77014      INFO  main            d.u.i.k.p.i.AbstractProblemLoader Loading environment from /home/runner/work/key/key/key.core/../key.ui/examples/heap/permissions/threads/AFilter_joinTransfer_accessible.key 
77014      DEBUG main            d.u.i.k.p.i.AbstractProblemLoader Environment load took 87.3ns 
77015      INFO  main            d.u.i.k.p.i.AbstractProblemLoader Creating init config 
81321      DEBUG main            d.u.i.k.p.i.AbstractProblemLoader Init config took 4.31s 
81403      INFO  main            d.u.i.k.p.i.AbstractProblemLoader Replaying proof AFilter[ThreadSpec2::joinTransfer()].JML accessible clause.0 
81404      DEBUG main            d.u.i.k.p.i.IntermediateProofReplayer Proof replay took 6.6ns 
82411      INFO  main            d.u.i.k.p.r.p.TestFile    ... finished proof: closed. 
82636      INFO  main            d.u.i.k.p.i.AbstractProblemLoader Loading environment from /home/runner/work/key/key/key.core/../key.ui/examples/heap/permissions/threads/AFilter_joinTransfer_accessible.key.proof 
82636      DEBUG main            d.u.i.k.p.i.AbstractProblemLoader Environment load took 442.1ns 
82637      INFO  main            d.u.i.k.p.i.AbstractProblemLoader Creating init config 
86925      DEBUG main            d.u.i.k.p.i.AbstractProblemLoader Init config took 4.29s 
87005      INFO  main            d.u.i.k.p.i.AbstractProblemLoader Replaying proof AFilter[ThreadSpec2::joinTransfer()].JML accessible clause.0 
87133      DEBUG main            d.u.i.k.p.i.IntermediateProofReplayer Proof replay took 122.04ms 
87134      DEBUG main            d.u.i.k.p.r.p.TestFile    ... success: reloaded. 
87136      INFO  main            d.u.i.k.p.r.p.TestFile    Now processing file /home/runner/work/key/key/key.core/../key.ui/examples/heap/permissions/threads/AFilter_joinTransfer_contract.key 
87136      INFO  main            d.u.i.k.p.i.AbstractProblemLoader Loading environment from /home/runner/work/key/key/key.core/../key.ui/examples/heap/permissions/threads/AFilter_joinTransfer_contract.key 
87136      DEBUG main            d.u.i.k.p.i.AbstractProblemLoader Environment load took 183.7ns 
87137      INFO  main            d.u.i.k.p.i.AbstractProblemLoader Creating init config 
91500      DEBUG main            d.u.i.k.p.i.AbstractProblemLoader Init config took 4.36s 
91583      INFO  main            d.u.i.k.p.i.AbstractProblemLoader Replaying proof AFilter[ThreadSpec2::joinTransfer()].JML model_behavior operation contract.0 
91585      DEBUG main            d.u.i.k.p.i.IntermediateProofReplayer Proof replay took 17.9ns 
91689      INFO  main            d.u.i.k.p.r.p.TestFile    ... finished proof: closed. 
91921      INFO  main            d.u.i.k.p.i.AbstractProblemLoader Loading environment from /home/runner/work/key/key/key.core/../key.ui/examples/heap/permissions/threads/AFilter_joinTransfer_contract.key.proof 
91921      DEBUG main            d.u.i.k.p.i.AbstractProblemLoader Environment load took 134.7ns 
91922      INFO  main            d.u.i.k.p.i.AbstractProblemLoader Creating init config 
96221      DEBUG main            d.u.i.k.p.i.AbstractProblemLoader Init config took 4.3s 
96320      INFO  main            d.u.i.k.p.i.AbstractProblemLoader Replaying proof AFilter[ThreadSpec2::joinTransfer()].JML model_behavior operation contract.0 
96334      DEBUG main            d.u.i.k.p.i.IntermediateProofReplayer Proof replay took 10.25ms 
96336      DEBUG main            d.u.i.k.p.r.p.TestFile    ... success: reloaded. 
96338      INFO  main            d.u.i.k.p.r.p.TestFile    Now processing file /home/runner/work/key/key/key.core/../key.ui/examples/heap/permissions/threads/AFilter_postJoin_accessible.key 
96338      INFO  main            d.u.i.k.p.i.AbstractProblemLoader Loading environment from /home/runner/work/key/key/key.core/../key.ui/examples/heap/permissions/threads/AFilter_postJoin_accessible.key 
96338      DEBUG main            d.u.i.k.p.i.AbstractProblemLoader Environment load took 182.9ns 
96340      INFO  main            d.u.i.k.p.i.AbstractProblemLoader Creating init config 
100706     DEBUG main            d.u.i.k.p.i.AbstractProblemLoader Init config took 4.37s 
100791     INFO  main            d.u.i.k.p.i.AbstractProblemLoader Replaying proof AFilter[ThreadSpec2::postJoin(java.lang.Object)].JML accessible clause.0 
100797     DEBUG main            d.u.i.k.p.i.IntermediateProofReplayer Proof replay took 7.1ns 
100899     INFO  main            d.u.i.k.p.r.p.TestFile    ... finished proof: closed. 
101132     INFO  main            d.u.i.k.p.i.AbstractProblemLoader Loading environment from /home/runner/work/key/key/key.core/../key.ui/examples/heap/permissions/threads/AFilter_postJoin_accessible.key.proof 
101132     DEBUG main            d.u.i.k.p.i.AbstractProblemLoader Environment load took 140ns 
101133     INFO  main            d.u.i.k.p.i.AbstractProblemLoader Creating init config 
105393     DEBUG main            d.u.i.k.p.i.AbstractProblemLoader Init config took 4.26s 
105473     INFO  main            d.u.i.k.p.i.AbstractProblemLoader Replaying proof AFilter[ThreadSpec2::postJoin(java.lang.Object)].JML accessible clause.0 
105482     DEBUG main            d.u.i.k.p.i.IntermediateProofReplayer Proof replay took 7.33ms 
105483     DEBUG main            d.u.i.k.p.r.p.TestFile    ... success: reloaded. 
105484     INFO  main            d.u.i.k.p.r.p.TestFile    Now processing file /home/runner/work/key/key/key.core/../key.ui/examples/heap/permissions/threads/AFilter_preStart_accessible.key 
105484     INFO  main            d.u.i.k.p.i.AbstractProblemLoader Loading environment from /home/runner/work/key/key/key.core/../key.ui/examples/heap/permissions/threads/AFilter_preStart_accessible.key 
105484     DEBUG main            d.u.i.k.p.i.AbstractProblemLoader Environment load took 89.8ns 
105485     INFO  main            d.u.i.k.p.i.AbstractProblemLoader Creating init config 
109831     DEBUG main            d.u.i.k.p.i.AbstractProblemLoader Init config took 4.35s 
109911     INFO  main            d.u.i.k.p.i.AbstractProblemLoader Replaying proof AFilter[ThreadSpec2::preStart(java.lang.Object)].JML accessible clause.0 
109912     DEBUG main            d.u.i.k.p.i.IntermediateProofReplayer Proof replay took 7.3ns 
110214     INFO  main            d.u.i.k.p.r.p.TestFile    ... finished proof: closed. 
110546     INFO  main            d.u.i.k.p.i.AbstractProblemLoader Loading environment from /home/runner/work/key/key/key.core/../key.ui/examples/heap/permissions/threads/AFilter_preStart_accessible.key.proof 
110548     DEBUG main            d.u.i.k.p.i.AbstractProblemLoader Environment load took 1.98ms 
110549     INFO  main            d.u.i.k.p.i.AbstractProblemLoader Creating init config 
114808     DEBUG main            d.u.i.k.p.i.AbstractProblemLoader Init config took 4.26s 
114894     INFO  main            d.u.i.k.p.i.AbstractProblemLoader Replaying proof AFilter[ThreadSpec2::preStart(java.lang.Object)].JML accessible clause.0 
114936     DEBUG main            d.u.i.k.p.i.IntermediateProofReplayer Proof replay took 38.88ms 
114937     DEBUG main            d.u.i.k.p.r.p.TestFile    ... success: reloaded. 
114939     INFO  main            d.u.i.k.p.r.p.TestFile    Now processing file /home/runner/work/key/key/key.core/../key.ui/examples/heap/permissions/threads/AFilter_startTransfer_accessible.key 
114939     INFO  main            d.u.i.k.p.i.AbstractProblemLoader Loading environment from /home/runner/work/key/key/key.core/../key.ui/examples/heap/permissions/threads/AFilter_startTransfer_accessible.key 
114940     DEBUG main            d.u.i.k.p.i.AbstractProblemLoader Environment load took 96.5ns 
114940     INFO  main            d.u.i.k.p.i.AbstractProblemLoader Creating init config 
119268     DEBUG main            d.u.i.k.p.i.AbstractProblemLoader Init config took 4.33s 
119347     INFO  main            d.u.i.k.p.i.AbstractProblemLoader Replaying proof AFilter[ThreadSpec2::startTransfer()].JML accessible clause.0 
119348     DEBUG main            d.u.i.k.p.i.IntermediateProofReplayer Proof replay took 6.8ns 
128224     INFO  main            d.u.i.k.p.r.p.TestFile    ... finished proof: closed. 
128508     INFO  main            d.u.i.k.p.i.AbstractProblemLoader Loading environment from /home/runner/work/key/key/key.core/../key.ui/examples/heap/permissions/threads/AFilter_startTransfer_accessible.key.proof 
128509     DEBUG main            d.u.i.k.p.i.AbstractProblemLoader Environment load took 360.3ns 
128510     INFO  main            d.u.i.k.p.i.AbstractProblemLoader Creating init config 
132728     DEBUG main            d.u.i.k.p.i.AbstractProblemLoader Init config took 4.22s 
132806     INFO  main            d.u.i.k.p.i.AbstractProblemLoader Replaying proof AFilter[ThreadSpec2::startTransfer()].JML accessible clause.0 
133594     DEBUG main            d.u.i.k.p.i.IntermediateProofReplayer Proof replay took 765.53ms 
133596     DEBUG main            d.u.i.k.p.r.p.TestFile    ... success: reloaded. 
133597     INFO  main            d.u.i.k.p.r.p.TestFile    Now processing file /home/runner/work/key/key/key.core/../key.ui/examples/heap/permissions/threads/AFilter_startTransfer_contract.key 
133598     INFO  main            d.u.i.k.p.i.AbstractProblemLoader Loading environment from /home/runner/work/key/key/key.core/../key.ui/examples/heap/permissions/threads/AFilter_startTransfer_contract.key 
133598     DEBUG main            d.u.i.k.p.i.AbstractProblemLoader Environment load took 178.9ns 
133599     INFO  main            d.u.i.k.p.i.AbstractProblemLoader Creating init config 
137962     DEBUG main            d.u.i.k.p.i.AbstractProblemLoader Init config took 4.36s 
138061     INFO  main            d.u.i.k.p.i.AbstractProblemLoader Replaying proof AFilter[ThreadSpec2::startTransfer()].JML model_behavior operation contract.0 
138062     DEBUG main            d.u.i.k.p.i.IntermediateProofReplayer Proof replay took 7ns 
138466     INFO  main            d.u.i.k.p.r.p.TestFile    ... finished proof: closed. 
138733     INFO  main            d.u.i.k.p.i.AbstractProblemLoader Loading environment from /home/runner/work/key/key/key.core/../key.ui/examples/heap/permissions/threads/AFilter_startTransfer_contract.key.proof 
138734     DEBUG main            d.u.i.k.p.i.AbstractProblemLoader Environment load took 368.4ns 
138735     INFO  main            d.u.i.k.p.i.AbstractProblemLoader Creating init config 
142990     DEBUG main            d.u.i.k.p.i.AbstractProblemLoader Init config took 4.26s 
143079     INFO  main            d.u.i.k.p.i.AbstractProblemLoader Replaying proof AFilter[ThreadSpec2::startTransfer()].JML model_behavior operation contract.0 
143129     DEBUG main            d.u.i.k.p.i.IntermediateProofReplayer Proof replay took 45.56ms 
143130     DEBUG main            d.u.i.k.p.r.p.TestFile    ... success: reloaded. 
143131     INFO  main            d.u.i.k.p.r.p.TestFile    Now processing file /home/runner/work/key/key/key.core/../key.ui/examples/heap/permissions/threads/AFilter_stateInv_accessible.key 
143131     INFO  main            d.u.i.k.p.i.AbstractProblemLoader Loading environment from /home/runner/work/key/key/key.core/../key.ui/examples/heap/permissions/threads/AFilter_stateInv_accessible.key 
143131     DEBUG main            d.u.i.k.p.i.AbstractProblemLoader Environment load took 89.3ns 
143132     INFO  main            d.u.i.k.p.i.AbstractProblemLoader Creating init config 
147413     DEBUG main            d.u.i.k.p.i.AbstractProblemLoader Init config took 4.28s 
147492     INFO  main            d.u.i.k.p.i.AbstractProblemLoader Replaying proof AFilter[ThreadSpec2::stateInv()].JML accessible clause.0 
147493     DEBUG main            d.u.i.k.p.i.IntermediateProofReplayer Proof replay took 6.4ns 
147795     INFO  main            d.u.i.k.p.r.p.TestFile    ... finished proof: closed. 
148038     INFO  main            d.u.i.k.p.i.AbstractProblemLoader Loading environment from /home/runner/work/key/key/key.core/../key.ui/examples/heap/permissions/threads/AFilter_stateInv_accessible.key.proof 
148038     DEBUG main            d.u.i.k.p.i.AbstractProblemLoader Environment load took 135.8ns 
148039     INFO  main            d.u.i.k.p.i.AbstractProblemLoader Creating init config 
152275     DEBUG main            d.u.i.k.p.i.AbstractProblemLoader Init config took 4.24s 
152354     INFO  main            d.u.i.k.p.i.AbstractProblemLoader Replaying proof AFilter[ThreadSpec2::stateInv()].JML accessible clause.0 
152394     DEBUG main            d.u.i.k.p.i.IntermediateProofReplayer Proof replay took 36.88ms 
152396     DEBUG main            d.u.i.k.p.r.p.TestFile    ... success: reloaded. 
152397     INFO  main            d.u.i.k.p.r.p.TestFile    Now processing file /home/runner/work/key/key/key.core/../key.ui/examples/heap/permissions/threads/AFilter_staticPermissions_accessible.key 
152397     INFO  main            d.u.i.k.p.i.AbstractProblemLoader Loading environment from /home/runner/work/key/key/key.core/../key.ui/examples/heap/permissions/threads/AFilter_staticPermissions_accessible.key 
152398     DEBUG main            d.u.i.k.p.i.AbstractProblemLoader Environment load took 165.1ns 
152398     INFO  main            d.u.i.k.p.i.AbstractProblemLoader Creating init config 
156714     DEBUG main            d.u.i.k.p.i.AbstractProblemLoader Init config took 4.32s 
156793     INFO  main            d.u.i.k.p.i.AbstractProblemLoader Replaying proof AFilter[ThreadSpec2::staticPermissions()].JML accessible clause.0 
156795     DEBUG main            d.u.i.k.p.i.IntermediateProofReplayer Proof replay took 7.1ns 
156901     INFO  main            d.u.i.k.p.r.p.TestFile    ... finished proof: closed. 
157169     INFO  main            d.u.i.k.p.i.AbstractProblemLoader Loading environment from /home/runner/work/key/key/key.core/../key.ui/examples/heap/permissions/threads/AFilter_staticPermissions_accessible.key.proof 
157169     DEBUG main            d.u.i.k.p.i.AbstractProblemLoader Environment load took 113.9ns 
157170     INFO  main            d.u.i.k.p.i.AbstractProblemLoader Creating init config 
161423     DEBUG main            d.u.i.k.p.i.AbstractProblemLoader Init config took 4.25s 
161502     INFO  main            d.u.i.k.p.i.AbstractProblemLoader Replaying proof AFilter[ThreadSpec2::staticPermissions()].JML accessible clause.0 
161513     DEBUG main            d.u.i.k.p.i.IntermediateProofReplayer Proof replay took 9.4ms 
161514     DEBUG main            d.u.i.k.p.r.p.TestFile    ... success: reloaded. 
161515     INFO  main            d.u.i.k.p.r.p.TestFile    Now processing file /home/runner/work/key/key/key.core/../key.ui/examples/heap/permissions/threads/AFilter_workingPermissions_accessible.key 
161515     INFO  main            d.u.i.k.p.i.AbstractProblemLoader Loading environment from /home/runner/work/key/key/key.core/../key.ui/examples/heap/permissions/threads/AFilter_workingPermissions_accessible.key 
161515     DEBUG main            d.u.i.k.p.i.AbstractProblemLoader Environment load took 81.6ns 
161516     INFO  main            d.u.i.k.p.i.AbstractProblemLoader Creating init config 
165816     DEBUG main            d.u.i.k.p.i.AbstractProblemLoader Init config took 4.3s 
165894     INFO  main            d.u.i.k.p.i.AbstractProblemLoader Replaying proof AFilter[ThreadSpec2::workingPermissions()].JML accessible clause.0 
165895     DEBUG main            d.u.i.k.p.i.IntermediateProofReplayer Proof replay took 7.9ns 
165997     INFO  main            d.u.i.k.p.r.p.TestFile    ... finished proof: closed. 
166273     INFO  main            d.u.i.k.p.i.AbstractProblemLoader Loading environment from /home/runner/work/key/key/key.core/../key.ui/examples/heap/permissions/threads/AFilter_workingPermissions_accessible.key.proof 
166273     DEBUG main            d.u.i.k.p.i.AbstractProblemLoader Environment load took 119.9ns 
166274     INFO  main            d.u.i.k.p.i.AbstractProblemLoader Creating init config 
170494     DEBUG main            d.u.i.k.p.i.AbstractProblemLoader Init config took 4.22s 
170584     INFO  main            d.u.i.k.p.i.AbstractProblemLoader Replaying proof AFilter[ThreadSpec2::workingPermissions()].JML accessible clause.0 
170594     DEBUG main            d.u.i.k.p.i.IntermediateProofReplayer Proof replay took 7.99ms 
170595     DEBUG main            d.u.i.k.p.r.p.TestFile    ... success: reloaded. 
170596     INFO  main            d.u.i.k.p.r.p.TestFile    Now processing file /home/runner/work/key/key/key.core/../key.ui/examples/heap/permissions/threads/BFilter_BFilter.key 
170596     INFO  main            d.u.i.k.p.i.AbstractProblemLoader Loading environment from /home/runner/work/key/key/key.core/../key.ui/examples/heap/permissions/threads/BFilter_BFilter.key 
170596     DEBUG main            d.u.i.k.p.i.AbstractProblemLoader Environment load took 97.5ns 
170597     INFO  main            d.u.i.k.p.i.AbstractProblemLoader Creating init config 
174891     DEBUG main            d.u.i.k.p.i.AbstractProblemLoader Init config took 4.29s 
174970     INFO  main            d.u.i.k.p.i.AbstractProblemLoader Replaying proof BFilter[BFilter::BFilter(Sampler,Buffer)].JML normal_behavior operation contract.0 
174972     DEBUG main            d.u.i.k.p.i.IntermediateProofReplayer Proof replay took 5.7ns 
175879     INFO  main            d.u.i.k.p.r.p.TestFile    ... finished proof: closed. 
176192     INFO  main            d.u.i.k.p.i.AbstractProblemLoader Loading environment from /home/runner/work/key/key/key.core/../key.ui/examples/heap/permissions/threads/BFilter_BFilter.key.proof 
176192     DEBUG main            d.u.i.k.p.i.AbstractProblemLoader Environment load took 158.8ns 
176193     INFO  main            d.u.i.k.p.i.AbstractProblemLoader Creating init config 
180394     DEBUG main            d.u.i.k.p.i.AbstractProblemLoader Init config took 4.2s 
180486     INFO  main            d.u.i.k.p.i.AbstractProblemLoader Replaying proof BFilter[BFilter::BFilter(Sampler,Buffer)].JML normal_behavior operation contract.0 
180632     DEBUG main            d.u.i.k.p.i.IntermediateProofReplayer Proof replay took 141.95ms 
180633     DEBUG main            d.u.i.k.p.r.p.TestFile    ... success: reloaded. 
180634     INFO  main            d.u.i.k.p.r.p.TestFile    Now processing file /home/runner/work/key/key/key.core/../key.ui/examples/heap/permissions/threads/BFilter_initPost_accessible.key 
180634     INFO  main            d.u.i.k.p.i.AbstractProblemLoader Loading environment from /home/runner/work/key/key/key.core/../key.ui/examples/heap/permissions/threads/BFilter_initPost_accessible.key 
180635     DEBUG main            d.u.i.k.p.i.AbstractProblemLoader Environment load took 133.8ns 
180635     INFO  main            d.u.i.k.p.i.AbstractProblemLoader Creating init config 
184936     DEBUG main            d.u.i.k.p.i.AbstractProblemLoader Init config took 4.3s 
185032     INFO  main            d.u.i.k.p.i.AbstractProblemLoader Replaying proof BFilter[ThreadSpec2::initPost()].JML accessible clause.0 
185034     DEBUG main            d.u.i.k.p.i.IntermediateProofReplayer Proof replay took 6.7ns 
185137     INFO  main            d.u.i.k.p.r.p.TestFile    ... finished proof: closed. 
185417     INFO  main            d.u.i.k.p.i.AbstractProblemLoader Loading environment from /home/runner/work/key/key/key.core/../key.ui/examples/heap/permissions/threads/BFilter_initPost_accessible.key.proof 
185417     DEBUG main            d.u.i.k.p.i.AbstractProblemLoader Environment load took 134ns 
185418     INFO  main            d.u.i.k.p.i.AbstractProblemLoader Creating init config 
189621     DEBUG main            d.u.i.k.p.i.AbstractProblemLoader Init config took 4.2s 
189700     INFO  main            d.u.i.k.p.i.AbstractProblemLoader Replaying proof BFilter[ThreadSpec2::initPost()].JML accessible clause.0 
189712     DEBUG main            d.u.i.k.p.i.IntermediateProofReplayer Proof replay took 10.16ms 
189712     DEBUG main            d.u.i.k.p.r.p.TestFile    ... success: reloaded. 
189713     INFO  main            d.u.i.k.p.r.p.TestFile    Now processing file /home/runner/work/key/key/key.core/../key.ui/examples/heap/permissions/threads/BFilter_inv_accessible1.key 
189714     INFO  main            d.u.i.k.p.i.AbstractProblemLoader Loading environment from /home/runner/work/key/key/key.core/../key.ui/examples/heap/permissions/threads/BFilter_inv_accessible1.key 
189714     DEBUG main            d.u.i.k.p.i.AbstractProblemLoader Environment load took 91.5ns 
189715     INFO  main            d.u.i.k.p.i.AbstractProblemLoader Creating init config 
194018     DEBUG main            d.u.i.k.p.i.AbstractProblemLoader Init config took 4.3s 
194097     INFO  main            d.u.i.k.p.i.AbstractProblemLoader Replaying proof BFilter[java.lang.Object::<inv>()].JML accessible clause.0 
194099     DEBUG main            d.u.i.k.p.i.IntermediateProofReplayer Proof replay took 6.1ns 
194200     INFO  main            d.u.i.k.p.r.p.TestFile    ... finished proof: closed. 
194490     INFO  main            d.u.i.k.p.i.AbstractProblemLoader Loading environment from /home/runner/work/key/key/key.core/../key.ui/examples/heap/permissions/threads/BFilter_inv_accessible1.key.proof 
194490     DEBUG main            d.u.i.k.p.i.AbstractProblemLoader Environment load took 115ns 
194491     INFO  main            d.u.i.k.p.i.AbstractProblemLoader Creating init config 
198714     DEBUG main            d.u.i.k.p.i.AbstractProblemLoader Init config took 4.22s 
198792     INFO  main            d.u.i.k.p.i.AbstractProblemLoader Replaying proof BFilter[java.lang.Object::<inv>()].JML accessible clause.0 
198795     DEBUG main            d.u.i.k.p.i.IntermediateProofReplayer Proof replay took 1.84ms 
198796     DEBUG main            d.u.i.k.p.r.p.TestFile    ... success: reloaded. 
198797     INFO  main            d.u.i.k.p.r.p.TestFile    Now processing file /home/runner/work/key/key/key.core/../key.ui/examples/heap/permissions/threads/BFilter_inv_accessible2.key 
198797     INFO  main            d.u.i.k.p.i.AbstractProblemLoader Loading environment from /home/runner/work/key/key/key.core/../key.ui/examples/heap/permissions/threads/BFilter_inv_accessible2.key 
198797     DEBUG main            d.u.i.k.p.i.AbstractProblemLoader Environment load took 75ns 
198798     INFO  main            d.u.i.k.p.i.AbstractProblemLoader Creating init config 
203095     DEBUG main            d.u.i.k.p.i.AbstractProblemLoader Init config took 4.3s 
203172     INFO  main            d.u.i.k.p.i.AbstractProblemLoader Replaying proof BFilter[java.lang.Object::<inv>()].JML accessible clause.1 
203174     DEBUG main            d.u.i.k.p.i.IntermediateProofReplayer Proof replay took 7.4ns 
203279     INFO  main            d.u.i.k.p.r.p.TestFile    ... finished proof: closed. 
203581     INFO  main            d.u.i.k.p.i.AbstractProblemLoader Loading environment from /home/runner/work/key/key/key.core/../key.ui/examples/heap/permissions/threads/BFilter_inv_accessible2.key.proof 
203581     DEBUG main            d.u.i.k.p.i.AbstractProblemLoader Environment load took 116.3ns 
203582     INFO  main            d.u.i.k.p.i.AbstractProblemLoader Creating init config 
207793     DEBUG main            d.u.i.k.p.i.AbstractProblemLoader Init config took 4.21s 
207870     INFO  main            d.u.i.k.p.i.AbstractProblemLoader Replaying proof BFilter[java.lang.Object::<inv>()].JML accessible clause.1 
207873     DEBUG main            d.u.i.k.p.i.IntermediateProofReplayer Proof replay took 1.67ms 
207874     DEBUG main            d.u.i.k.p.r.p.TestFile    ... success: reloaded. 
207875     INFO  main            d.u.i.k.p.r.p.TestFile    Now processing file /home/runner/work/key/key/key.core/../key.ui/examples/heap/permissions/threads/BFilter_joinTransfer_accessible.key 
207876     INFO  main            d.u.i.k.p.i.AbstractProblemLoader Loading environment from /home/runner/work/key/key/key.core/../key.ui/examples/heap/permissions/threads/BFilter_joinTransfer_accessible.key 
207876     DEBUG main            d.u.i.k.p.i.AbstractProblemLoader Environment load took 77.2ns 
207877     INFO  main            d.u.i.k.p.i.AbstractProblemLoader Creating init config 
212181     DEBUG main            d.u.i.k.p.i.AbstractProblemLoader Init config took 4.3s 
212274     INFO  main            d.u.i.k.p.i.AbstractProblemLoader Replaying proof BFilter[ThreadSpec2::joinTransfer()].JML accessible clause.0 
212275     DEBUG main            d.u.i.k.p.i.IntermediateProofReplayer Proof replay took 6.9ns 
213178     INFO  main            d.u.i.k.p.r.p.TestFile    ... finished proof: closed. 
213512     INFO  main            d.u.i.k.p.i.AbstractProblemLoader Loading environment from /home/runner/work/key/key/key.core/../key.ui/examples/heap/permissions/threads/BFilter_joinTransfer_accessible.key.proof 
213512     DEBUG main            d.u.i.k.p.i.AbstractProblemLoader Environment load took 131.1ns 
213513     INFO  main            d.u.i.k.p.i.AbstractProblemLoader Creating init config 
217727     DEBUG main            d.u.i.k.p.i.AbstractProblemLoader Init config took 4.21s 
217807     INFO  main            d.u.i.k.p.i.AbstractProblemLoader Replaying proof BFilter[ThreadSpec2::joinTransfer()].JML accessible clause.0 
217922     DEBUG main            d.u.i.k.p.i.IntermediateProofReplayer Proof replay took 110.53ms 
217923     DEBUG main            d.u.i.k.p.r.p.TestFile    ... success: reloaded. 
217924     INFO  main            d.u.i.k.p.r.p.TestFile    Now processing file /home/runner/work/key/key/key.core/../key.ui/examples/heap/permissions/threads/BFilter_joinTransfer_contract.key 
217925     INFO  main            d.u.i.k.p.i.AbstractProblemLoader Loading environment from /home/runner/work/key/key/key.core/../key.ui/examples/heap/permissions/threads/BFilter_joinTransfer_contract.key 
217925     DEBUG main            d.u.i.k.p.i.AbstractProblemLoader Environment load took 100.2ns 
217926     INFO  main            d.u.i.k.p.i.AbstractProblemLoader Creating init config 
222262     DEBUG main            d.u.i.k.p.i.AbstractProblemLoader Init config took 4.34s 
222344     INFO  main            d.u.i.k.p.i.AbstractProblemLoader Replaying proof BFilter[ThreadSpec2::joinTransfer()].JML model_behavior operation contract.0 
222345     DEBUG main            d.u.i.k.p.i.IntermediateProofReplayer Proof replay took 6.5ns 
222449     INFO  main            d.u.i.k.p.r.p.TestFile    ... finished proof: closed. 
222854     INFO  main            d.u.i.k.p.i.AbstractProblemLoader Loading environment from /home/runner/work/key/key/key.core/../key.ui/examples/heap/permissions/threads/BFilter_joinTransfer_contract.key.proof 
222855     DEBUG main            d.u.i.k.p.i.AbstractProblemLoader Environment load took 115.5ns 
222855     INFO  main            d.u.i.k.p.i.AbstractProblemLoader Creating init config 
227120     DEBUG main            d.u.i.k.p.i.AbstractProblemLoader Init config took 4.26s 
227198     INFO  main            d.u.i.k.p.i.AbstractProblemLoader Replaying proof BFilter[ThreadSpec2::joinTransfer()].JML model_behavior operation contract.0 
227207     DEBUG main            d.u.i.k.p.i.IntermediateProofReplayer Proof replay took 7.05ms 
227208     DEBUG main            d.u.i.k.p.r.p.TestFile    ... success: reloaded. 
227209     INFO  main            d.u.i.k.p.r.p.TestFile    Now processing file /home/runner/work/key/key/key.core/../key.ui/examples/heap/permissions/threads/BFilter_postJoin_accessible.key 
227209     INFO  main            d.u.i.k.p.i.AbstractProblemLoader Loading environment from /home/runner/work/key/key/key.core/../key.ui/examples/heap/permissions/threads/BFilter_postJoin_accessible.key 
227209     DEBUG main            d.u.i.k.p.i.AbstractProblemLoader Environment load took 66.1ns 
227210     INFO  main            d.u.i.k.p.i.AbstractProblemLoader Creating init config 
231453     DEBUG main            d.u.i.k.p.i.AbstractProblemLoader Init config took 4.24s 
231530     INFO  main            d.u.i.k.p.i.AbstractProblemLoader Replaying proof BFilter[ThreadSpec2::postJoin(java.lang.Object)].JML accessible clause.0 
231532     DEBUG main            d.u.i.k.p.i.IntermediateProofReplayer Proof replay took 6.6ns 
231637     INFO  main            d.u.i.k.p.r.p.TestFile    ... finished proof: closed. 
231965     INFO  main            d.u.i.k.p.i.AbstractProblemLoader Loading environment from /home/runner/work/key/key/key.core/../key.ui/examples/heap/permissions/threads/BFilter_postJoin_accessible.key.proof 
231965     DEBUG main            d.u.i.k.p.i.AbstractProblemLoader Environment load took 102.7ns 
231966     INFO  main            d.u.i.k.p.i.AbstractProblemLoader Creating init config 
236156     DEBUG main            d.u.i.k.p.i.AbstractProblemLoader Init config took 4.19s 
236233     INFO  main            d.u.i.k.p.i.AbstractProblemLoader Replaying proof BFilter[ThreadSpec2::postJoin(java.lang.Object)].JML accessible clause.0 
236241     DEBUG main            d.u.i.k.p.i.IntermediateProofReplayer Proof replay took 6.12ms 
236242     DEBUG main            d.u.i.k.p.r.p.TestFile    ... success: reloaded. 
236243     INFO  main            d.u.i.k.p.r.p.TestFile    Now processing file /home/runner/work/key/key/key.core/../key.ui/examples/heap/permissions/threads/BFilter_preStart_accessible.key 
236243     INFO  main            d.u.i.k.p.i.AbstractProblemLoader Loading environment from /home/runner/work/key/key/key.core/../key.ui/examples/heap/permissions/threads/BFilter_preStart_accessible.key 
236244     DEBUG main            d.u.i.k.p.i.AbstractProblemLoader Environment load took 82.4ns 
236244     INFO  main            d.u.i.k.p.i.AbstractProblemLoader Creating init config 
240534     DEBUG main            d.u.i.k.p.i.AbstractProblemLoader Init config took 4.29s 
240610     INFO  main            d.u.i.k.p.i.AbstractProblemLoader Replaying proof BFilter[ThreadSpec2::preStart(java.lang.Object)].JML accessible clause.0 
240612     DEBUG main            d.u.i.k.p.i.IntermediateProofReplayer Proof replay took 7.1ns 
240918     INFO  main            d.u.i.k.p.r.p.TestFile    ... finished proof: closed. 
241273     INFO  main            d.u.i.k.p.i.AbstractProblemLoader Loading environment from /home/runner/work/key/key/key.core/../key.ui/examples/heap/permissions/threads/BFilter_preStart_accessible.key.proof 
241273     DEBUG main            d.u.i.k.p.i.AbstractProblemLoader Environment load took 106ns 
241274     INFO  main            d.u.i.k.p.i.AbstractProblemLoader Creating init config 
245482     DEBUG main            d.u.i.k.p.i.AbstractProblemLoader Init config took 4.21s 
245572     INFO  main            d.u.i.k.p.i.AbstractProblemLoader Replaying proof BFilter[ThreadSpec2::preStart(java.lang.Object)].JML accessible clause.0 
245607     DEBUG main            d.u.i.k.p.i.IntermediateProofReplayer Proof replay took 30.97ms 
245608     DEBUG main            d.u.i.k.p.r.p.TestFile    ... success: reloaded. 
245609     INFO  main            d.u.i.k.p.r.p.TestFile    Now processing file /home/runner/work/key/key/key.core/../key.ui/examples/heap/permissions/threads/BFilter_startTransfer_accessible.key 
245610     INFO  main            d.u.i.k.p.i.AbstractProblemLoader Loading environment from /home/runner/work/key/key/key.core/../key.ui/examples/heap/permissions/threads/BFilter_startTransfer_accessible.key 
245610     DEBUG main            d.u.i.k.p.i.AbstractProblemLoader Environment load took 95.5ns 
245610     INFO  main            d.u.i.k.p.i.AbstractProblemLoader Creating init config 
249889     DEBUG main            d.u.i.k.p.i.AbstractProblemLoader Init config took 4.28s 
249968     INFO  main            d.u.i.k.p.i.AbstractProblemLoader Replaying proof BFilter[ThreadSpec2::startTransfer()].JML accessible clause.0 
249970     DEBUG main            d.u.i.k.p.i.IntermediateProofReplayer Proof replay took 7.1ns 
259317     INFO  main            d.u.i.k.p.r.p.TestFile    ... finished proof: closed. 
259676     INFO  main            d.u.i.k.p.i.AbstractProblemLoader Loading environment from /home/runner/work/key/key/key.core/../key.ui/examples/heap/permissions/threads/BFilter_startTransfer_accessible.key.proof 
259676     DEBUG main            d.u.i.k.p.i.AbstractProblemLoader Environment load took 184ns 
259677     INFO  main            d.u.i.k.p.i.AbstractProblemLoader Creating init config 
263899     DEBUG main            d.u.i.k.p.i.AbstractProblemLoader Init config took 4.22s 
263977     INFO  main            d.u.i.k.p.i.AbstractProblemLoader Replaying proof BFilter[ThreadSpec2::startTransfer()].JML accessible clause.0 
264815     DEBUG main            d.u.i.k.p.i.IntermediateProofReplayer Proof replay took 822.42ms 
264817     DEBUG main            d.u.i.k.p.r.p.TestFile    ... success: reloaded. 
264818     INFO  main            d.u.i.k.p.r.p.TestFile    Now processing file /home/runner/work/key/key/key.core/../key.ui/examples/heap/permissions/threads/BFilter_startTransfer_contract.key 
264818     INFO  main            d.u.i.k.p.i.AbstractProblemLoader Loading environment from /home/runner/work/key/key/key.core/../key.ui/examples/heap/permissions/threads/BFilter_startTransfer_contract.key 
264818     DEBUG main            d.u.i.k.p.i.AbstractProblemLoader Environment load took 213.2ns 
264819     INFO  main            d.u.i.k.p.i.AbstractProblemLoader Creating init config 
269128     DEBUG main            d.u.i.k.p.i.AbstractProblemLoader Init config took 4.31s 
269207     INFO  main            d.u.i.k.p.i.AbstractProblemLoader Replaying proof BFilter[ThreadSpec2::startTransfer()].JML model_behavior operation contract.0 
269208     DEBUG main            d.u.i.k.p.i.IntermediateProofReplayer Proof replay took 7.8ns 
270213     INFO  main            d.u.i.k.p.r.p.TestFile    ... finished proof: closed. 
270578     INFO  main            d.u.i.k.p.i.AbstractProblemLoader Loading environment from /home/runner/work/key/key/key.core/../key.ui/examples/heap/permissions/threads/BFilter_startTransfer_contract.key.proof 
270578     DEBUG main            d.u.i.k.p.i.AbstractProblemLoader Environment load took 436.8ns 
270581     INFO  main            d.u.i.k.p.i.AbstractProblemLoader Creating init config 
274768     DEBUG main            d.u.i.k.p.i.AbstractProblemLoader Init config took 4.19s 
274845     INFO  main            d.u.i.k.p.i.AbstractProblemLoader Replaying proof BFilter[ThreadSpec2::startTransfer()].JML model_behavior operation contract.0 
274945     DEBUG main            d.u.i.k.p.i.IntermediateProofReplayer Proof replay took 94.42ms 
274946     DEBUG main            d.u.i.k.p.r.p.TestFile    ... success: reloaded. 
274947     INFO  main            d.u.i.k.p.r.p.TestFile    Now processing file /home/runner/work/key/key/key.core/../key.ui/examples/heap/permissions/threads/BFilter_stateInv_accessible.key 
274947     INFO  main            d.u.i.k.p.i.AbstractProblemLoader Loading environment from /home/runner/work/key/key/key.core/../key.ui/examples/heap/permissions/threads/BFilter_stateInv_accessible.key 
274947     DEBUG main            d.u.i.k.p.i.AbstractProblemLoader Environment load took 79.3ns 
274948     INFO  main            d.u.i.k.p.i.AbstractProblemLoader Creating init config 
279236     DEBUG main            d.u.i.k.p.i.AbstractProblemLoader Init config took 4.29s 
279314     INFO  main            d.u.i.k.p.i.AbstractProblemLoader Replaying proof BFilter[ThreadSpec2::stateInv()].JML accessible clause.0 
279316     DEBUG main            d.u.i.k.p.i.IntermediateProofReplayer Proof replay took 6.8ns 
279618     INFO  main            d.u.i.k.p.r.p.TestFile    ... finished proof: closed. 
280160     INFO  main            d.u.i.k.p.i.AbstractProblemLoader Loading environment from /home/runner/work/key/key/key.core/../key.ui/examples/heap/permissions/threads/BFilter_stateInv_accessible.key.proof 
280160     DEBUG main            d.u.i.k.p.i.AbstractProblemLoader Environment load took 118ns 
280161     INFO  main            d.u.i.k.p.i.AbstractProblemLoader Creating init config 
284349     DEBUG main            d.u.i.k.p.i.AbstractProblemLoader Init config took 4.19s 
284432     INFO  main            d.u.i.k.p.i.AbstractProblemLoader Replaying proof BFilter[ThreadSpec2::stateInv()].JML accessible clause.0 
284470     DEBUG main            d.u.i.k.p.i.IntermediateProofReplayer Proof replay took 33.94ms 
284471     DEBUG main            d.u.i.k.p.r.p.TestFile    ... success: reloaded. 
284472     INFO  main            d.u.i.k.p.r.p.TestFile    Now processing file /home/runner/work/key/key/key.core/../key.ui/examples/heap/permissions/threads/BFilter_staticPermissions_accessible.key 
284472     INFO  main            d.u.i.k.p.i.AbstractProblemLoader Loading environment from /home/runner/work/key/key/key.core/../key.ui/examples/heap/permissions/threads/BFilter_staticPermissions_accessible.key 
284472     DEBUG main            d.u.i.k.p.i.AbstractProblemLoader Environment load took 85.1ns 
284473     INFO  main            d.u.i.k.p.i.AbstractProblemLoader Creating init config 
288762     DEBUG main            d.u.i.k.p.i.AbstractProblemLoader Init config took 4.29s 
288840     INFO  main            d.u.i.k.p.i.AbstractProblemLoader Replaying proof BFilter[ThreadSpec2::staticPermissions()].JML accessible clause.0 
288841     DEBUG main            d.u.i.k.p.i.IntermediateProofReplayer Proof replay took 5.9ns 
288943     INFO  main            d.u.i.k.p.r.p.TestFile    ... finished proof: closed. 
289300     INFO  main            d.u.i.k.p.i.AbstractProblemLoader Loading environment from /home/runner/work/key/key/key.core/../key.ui/examples/heap/permissions/threads/BFilter_staticPermissions_accessible.key.proof 
289300     DEBUG main            d.u.i.k.p.i.AbstractProblemLoader Environment load took 105.6ns 
289301     INFO  main            d.u.i.k.p.i.AbstractProblemLoader Creating init config 
293489     DEBUG main            d.u.i.k.p.i.AbstractProblemLoader Init config took 4.19s 
293565     INFO  main            d.u.i.k.p.i.AbstractProblemLoader Replaying proof BFilter[ThreadSpec2::staticPermissions()].JML accessible clause.0 
293574     DEBUG main            d.u.i.k.p.i.IntermediateProofReplayer Proof replay took 8.49ms 
293575     DEBUG main            d.u.i.k.p.r.p.TestFile    ... success: reloaded. 
293576     INFO  main            d.u.i.k.p.r.p.TestFile    Now processing file /home/runner/work/key/key/key.core/../key.ui/examples/heap/permissions/threads/BFilter_workingPermissions_accessible.key 
293576     INFO  main            d.u.i.k.p.i.AbstractProblemLoader Loading environment from /home/runner/work/key/key/key.core/../key.ui/examples/heap/permissions/threads/BFilter_workingPermissions_accessible.key 
293576     DEBUG main            d.u.i.k.p.i.AbstractProblemLoader Environment load took 54ns 
293577     INFO  main            d.u.i.k.p.i.AbstractProblemLoader Creating init config 
297838     DEBUG main            d.u.i.k.p.i.AbstractProblemLoader Init config took 4.26s 
297913     INFO  main            d.u.i.k.p.i.AbstractProblemLoader Replaying proof BFilter[ThreadSpec2::workingPermissions()].JML accessible clause.0 
297915     DEBUG main            d.u.i.k.p.i.IntermediateProofReplayer Proof replay took 7ns 
298017     INFO  main            d.u.i.k.p.r.p.TestFile    ... finished proof: closed. 
298377     INFO  main            d.u.i.k.p.i.AbstractProblemLoader Loading environment from /home/runner/work/key/key/key.core/../key.ui/examples/heap/permissions/threads/BFilter_workingPermissions_accessible.key.proof 
298377     DEBUG main            d.u.i.k.p.i.AbstractProblemLoader Environment load took 105.4ns 
298378     INFO  main            d.u.i.k.p.i.AbstractProblemLoader Creating init config 
302579     DEBUG main            d.u.i.k.p.i.AbstractProblemLoader Init config took 4.2s 
302656     INFO  main            d.u.i.k.p.i.AbstractProblemLoader Replaying proof BFilter[ThreadSpec2::workingPermissions()].JML accessible clause.0 
302665     DEBUG main            d.u.i.k.p.i.IntermediateProofReplayer Proof replay took 7.6ms 
302666     DEBUG main            d.u.i.k.p.r.p.TestFile    ... success: reloaded. 
302667     INFO  main            d.u.i.k.p.r.p.TestFile    Now processing file /home/runner/work/key/key/key.core/../key.ui/examples/heap/permissions/threads/Fib_Fib.key 
302667     INFO  main            d.u.i.k.p.i.AbstractProblemLoader Loading environment from /home/runner/work/key/key/key.core/../key.ui/examples/heap/permissions/threads/Fib_Fib.key 
302667     DEBUG main            d.u.i.k.p.i.AbstractProblemLoader Environment load took 80.6ns 
302668     INFO  main            d.u.i.k.p.i.AbstractProblemLoader Creating init config 
306930     DEBUG main            d.u.i.k.p.i.AbstractProblemLoader Init config took 4.26s 
307008     INFO  main            d.u.i.k.p.i.AbstractProblemLoader Replaying proof Fib[Fib::Fib(int)].JML normal_behavior operation contract.0 
307009     DEBUG main            d.u.i.k.p.i.IntermediateProofReplayer Proof replay took 6.6ns 
307612     INFO  main            d.u.i.k.p.r.p.TestFile    ... finished proof: closed. 
307986     INFO  main            d.u.i.k.p.i.AbstractProblemLoader Loading environment from /home/runner/work/key/key/key.core/../key.ui/examples/heap/permissions/threads/Fib_Fib.key.proof 
307986     DEBUG main            d.u.i.k.p.i.AbstractProblemLoader Environment load took 104.7ns 
307987     INFO  main            d.u.i.k.p.i.AbstractProblemLoader Creating init config 
312165     DEBUG main            d.u.i.k.p.i.AbstractProblemLoader Init config took 4.18s 
312241     INFO  main            d.u.i.k.p.i.AbstractProblemLoader Replaying proof Fib[Fib::Fib(int)].JML normal_behavior operation contract.0 
312353     DEBUG main            d.u.i.k.p.i.IntermediateProofReplayer Proof replay took 109.28ms 
312354     DEBUG main            d.u.i.k.p.r.p.TestFile    ... success: reloaded. 
312355     INFO  main            d.u.i.k.p.r.p.TestFile    Now processing file /home/runner/work/key/key/key.core/../key.ui/examples/heap/permissions/threads/Fib_initPost_accessible.key 
312356     INFO  main            d.u.i.k.p.i.AbstractProblemLoader Loading environment from /home/runner/work/key/key/key.core/../key.ui/examples/heap/permissions/threads/Fib_initPost_accessible.key 
312356     DEBUG main            d.u.i.k.p.i.AbstractProblemLoader Environment load took 84.5ns 
312356     INFO  main            d.u.i.k.p.i.AbstractProblemLoader Creating init config 
316639     DEBUG main            d.u.i.k.p.i.AbstractProblemLoader Init config took 4.28s 
316715     INFO  main            d.u.i.k.p.i.AbstractProblemLoader Replaying proof Fib[ThreadSpec::initPost()].JML accessible clause.0 
316716     DEBUG main            d.u.i.k.p.i.IntermediateProofReplayer Proof replay took 6.7ns 
316818     INFO  main            d.u.i.k.p.r.p.TestFile    ... finished proof: closed. 
317185     INFO  main            d.u.i.k.p.i.AbstractProblemLoader Loading environment from /home/runner/work/key/key/key.core/../key.ui/examples/heap/permissions/threads/Fib_initPost_accessible.key.proof 
317185     DEBUG main            d.u.i.k.p.i.AbstractProblemLoader Environment load took 100.6ns 
317185     INFO  main            d.u.i.k.p.i.AbstractProblemLoader Creating init config 
321361     DEBUG main            d.u.i.k.p.i.AbstractProblemLoader Init config took 4.18s 
321437     INFO  main            d.u.i.k.p.i.AbstractProblemLoader Replaying proof Fib[ThreadSpec::initPost()].JML accessible clause.0 
321443     DEBUG main            d.u.i.k.p.i.IntermediateProofReplayer Proof replay took 4.66ms 
321444     DEBUG main            d.u.i.k.p.r.p.TestFile    ... success: reloaded. 
321445     INFO  main            d.u.i.k.p.r.p.TestFile    Now processing file /home/runner/work/key/key/key.core/../key.ui/examples/heap/permissions/threads/Fib_inv1_accessible.key 
321445     INFO  main            d.u.i.k.p.i.AbstractProblemLoader Loading environment from /home/runner/work/key/key/key.core/../key.ui/examples/heap/permissions/threads/Fib_inv1_accessible.key 
321446     DEBUG main            d.u.i.k.p.i.AbstractProblemLoader Environment load took 98.3ns 
321446     INFO  main            d.u.i.k.p.i.AbstractProblemLoader Creating init config 
325712     DEBUG main            d.u.i.k.p.i.AbstractProblemLoader Init config took 4.27s 
325805     INFO  main            d.u.i.k.p.i.AbstractProblemLoader Replaying proof Fib[java.lang.Object::<inv>()].JML accessible clause.0 
325806     DEBUG main            d.u.i.k.p.i.IntermediateProofReplayer Proof replay took 7.1ns 
325908     INFO  main            d.u.i.k.p.r.p.TestFile    ... finished proof: closed. 
326290     INFO  main            d.u.i.k.p.i.AbstractProblemLoader Loading environment from /home/runner/work/key/key/key.core/../key.ui/examples/heap/permissions/threads/Fib_inv1_accessible.key.proof 
326290     DEBUG main            d.u.i.k.p.i.AbstractProblemLoader Environment load took 92.3ns 
326291     INFO  main            d.u.i.k.p.i.AbstractProblemLoader Creating init config 
330477     DEBUG main            d.u.i.k.p.i.AbstractProblemLoader Init config took 4.19s 
330566     INFO  main            d.u.i.k.p.i.AbstractProblemLoader Replaying proof Fib[java.lang.Object::<inv>()].JML accessible clause.0 
330569     DEBUG main            d.u.i.k.p.i.IntermediateProofReplayer Proof replay took 1.66ms 
330570     DEBUG main            d.u.i.k.p.r.p.TestFile    ... success: reloaded. 
330570     INFO  main            d.u.i.k.p.r.p.TestFile    Now processing file /home/runner/work/key/key/key.core/../key.ui/examples/heap/permissions/threads/Fib_inv2_accessible.key 
330571     INFO  main            d.u.i.k.p.i.AbstractProblemLoader Loading environment from /home/runner/work/key/key/key.core/../key.ui/examples/heap/permissions/threads/Fib_inv2_accessible.key 
330571     DEBUG main            d.u.i.k.p.i.AbstractProblemLoader Environment load took 70.3ns 
330571     INFO  main            d.u.i.k.p.i.AbstractProblemLoader Creating init config 
334830     DEBUG main            d.u.i.k.p.i.AbstractProblemLoader Init config took 4.26s 
334906     INFO  main            d.u.i.k.p.i.AbstractProblemLoader Replaying proof Fib[java.lang.Object::<inv>()].JML accessible clause.1 
334908     DEBUG main            d.u.i.k.p.i.IntermediateProofReplayer Proof replay took 7ns 
335009     INFO  main            d.u.i.k.p.r.p.TestFile    ... finished proof: closed. 
335392     INFO  main            d.u.i.k.p.i.AbstractProblemLoader Loading environment from /home/runner/work/key/key/key.core/../key.ui/examples/heap/permissions/threads/Fib_inv2_accessible.key.proof 
335392     DEBUG main            d.u.i.k.p.i.AbstractProblemLoader Environment load took 97.9ns 
335393     INFO  main            d.u.i.k.p.i.AbstractProblemLoader Creating init config 
339585     DEBUG main            d.u.i.k.p.i.AbstractProblemLoader Init config took 4.19s 
339676     INFO  main            d.u.i.k.p.i.AbstractProblemLoader Replaying proof Fib[java.lang.Object::<inv>()].JML accessible clause.1 
339679     DEBUG main            d.u.i.k.p.i.IntermediateProofReplayer Proof replay took 1.63ms 
339680     DEBUG main            d.u.i.k.p.r.p.TestFile    ... success: reloaded. 
339680     INFO  main            d.u.i.k.p.r.p.TestFile    Now processing file /home/runner/work/key/key/key.core/../key.ui/examples/heap/permissions/threads/Fib_joinTransfer_accessible.key 
339681     INFO  main            d.u.i.k.p.i.AbstractProblemLoader Loading environment from /home/runner/work/key/key/key.core/../key.ui/examples/heap/permissions/threads/Fib_joinTransfer_accessible.key 
339681     DEBUG main            d.u.i.k.p.i.AbstractProblemLoader Environment load took 81.6ns 
339683     INFO  main            d.u.i.k.p.i.AbstractProblemLoader Creating init config 
343949     DEBUG main            d.u.i.k.p.i.AbstractProblemLoader Init config took 4.27s 
344026     INFO  main            d.u.i.k.p.i.AbstractProblemLoader Replaying proof Fib[ThreadSpec::joinTransfer()].JML accessible clause.0 
344027     DEBUG main            d.u.i.k.p.i.IntermediateProofReplayer Proof replay took 7.5ns 
344229     INFO  main            d.u.i.k.p.r.p.TestFile    ... finished proof: closed. 
344625     INFO  main            d.u.i.k.p.i.AbstractProblemLoader Loading environment from /home/runner/work/key/key/key.core/../key.ui/examples/heap/permissions/threads/Fib_joinTransfer_accessible.key.proof 
344625     DEBUG main            d.u.i.k.p.i.AbstractProblemLoader Environment load took 113.8ns 
344626     INFO  main            d.u.i.k.p.i.AbstractProblemLoader Creating init config 
348816     DEBUG main            d.u.i.k.p.i.AbstractProblemLoader Init config took 4.19s 
348893     INFO  main            d.u.i.k.p.i.AbstractProblemLoader Replaying proof Fib[ThreadSpec::joinTransfer()].JML accessible clause.0 
348918     DEBUG main            d.u.i.k.p.i.IntermediateProofReplayer Proof replay took 22.73ms 
348919     DEBUG main            d.u.i.k.p.r.p.TestFile    ... success: reloaded. 
348920     INFO  main            d.u.i.k.p.r.p.TestFile    Now processing file /home/runner/work/key/key/key.core/../key.ui/examples/heap/permissions/threads/Fib_joinTransfer_contract.key 
348920     INFO  main            d.u.i.k.p.i.AbstractProblemLoader Loading environment from /home/runner/work/key/key/key.core/../key.ui/examples/heap/permissions/threads/Fib_joinTransfer_contract.key 
348920     DEBUG main            d.u.i.k.p.i.AbstractProblemLoader Environment load took 184.2ns 
348921     INFO  main            d.u.i.k.p.i.AbstractProblemLoader Creating init config 
353205     DEBUG main            d.u.i.k.p.i.AbstractProblemLoader Init config took 4.28s 
353299     INFO  main            d.u.i.k.p.i.AbstractProblemLoader Replaying proof Fib[ThreadSpec::joinTransfer()].JML model_behavior operation contract.0 
353301     DEBUG main            d.u.i.k.p.i.IntermediateProofReplayer Proof replay took 7.9ns 
353402     INFO  main            d.u.i.k.p.r.p.TestFile    ... finished proof: closed. 
353793     INFO  main            d.u.i.k.p.i.AbstractProblemLoader Loading environment from /home/runner/work/key/key/key.core/../key.ui/examples/heap/permissions/threads/Fib_joinTransfer_contract.key.proof 
353793     DEBUG main            d.u.i.k.p.i.AbstractProblemLoader Environment load took 111.8ns 
353794     INFO  main            d.u.i.k.p.i.AbstractProblemLoader Creating init config 
357978     DEBUG main            d.u.i.k.p.i.AbstractProblemLoader Init config took 4.18s 
358055     INFO  main            d.u.i.k.p.i.AbstractProblemLoader Replaying proof Fib[ThreadSpec::joinTransfer()].JML model_behavior operation contract.0 
358063     DEBUG main            d.u.i.k.p.i.IntermediateProofReplayer Proof replay took 6.08ms 
358063     DEBUG main            d.u.i.k.p.r.p.TestFile    ... success: reloaded. 
358064     INFO  main            d.u.i.k.p.r.p.TestFile    Now processing file /home/runner/work/key/key/key.core/../key.ui/examples/heap/permissions/threads/Fib_postJoin_accessible.key 
358064     INFO  main            d.u.i.k.p.i.AbstractProblemLoader Loading environment from /home/runner/work/key/key/key.core/../key.ui/examples/heap/permissions/threads/Fib_postJoin_accessible.key 
358065     DEBUG main            d.u.i.k.p.i.AbstractProblemLoader Environment load took 71.2ns 
358065     INFO  main            d.u.i.k.p.i.AbstractProblemLoader Creating init config 
362337     DEBUG main            d.u.i.k.p.i.AbstractProblemLoader Init config took 4.27s 
362413     INFO  main            d.u.i.k.p.i.AbstractProblemLoader Replaying proof Fib[ThreadSpec::postJoin(java.lang.Object)].JML accessible clause.0 
362414     DEBUG main            d.u.i.k.p.i.IntermediateProofReplayer Proof replay took 7.5ns 
362516     INFO  main            d.u.i.k.p.r.p.TestFile    ... finished proof: closed. 
362915     INFO  main            d.u.i.k.p.i.AbstractProblemLoader Loading environment from /home/runner/work/key/key/key.core/../key.ui/examples/heap/permissions/threads/Fib_postJoin_accessible.key.proof 
362915     DEBUG main            d.u.i.k.p.i.AbstractProblemLoader Environment load took 96.5ns 
362916     INFO  main            d.u.i.k.p.i.AbstractProblemLoader Creating init config 
367137     DEBUG main            d.u.i.k.p.i.AbstractProblemLoader Init config took 4.22s 
367215     INFO  main            d.u.i.k.p.i.AbstractProblemLoader Replaying proof Fib[ThreadSpec::postJoin(java.lang.Object)].JML accessible clause.0 
367221     DEBUG main            d.u.i.k.p.i.IntermediateProofReplayer Proof replay took 4.85ms 
367222     DEBUG main            d.u.i.k.p.r.p.TestFile    ... success: reloaded. 
367222     INFO  main            d.u.i.k.p.r.p.TestFile    Now processing file /home/runner/work/key/key/key.core/../key.ui/examples/heap/permissions/threads/Fib_preStart_accessible.key 
367223     INFO  main            d.u.i.k.p.i.AbstractProblemLoader Loading environment from /home/runner/work/key/key/key.core/../key.ui/examples/heap/permissions/threads/Fib_preStart_accessible.key 
367223     DEBUG main            d.u.i.k.p.i.AbstractProblemLoader Environment load took 99.1ns 
367223     INFO  main            d.u.i.k.p.i.AbstractProblemLoader Creating init config 
371503     DEBUG main            d.u.i.k.p.i.AbstractProblemLoader Init config took 4.28s 
371579     INFO  main            d.u.i.k.p.i.AbstractProblemLoader Replaying proof Fib[ThreadSpec::preStart(java.lang.Object)].JML accessible clause.0 
371580     DEBUG main            d.u.i.k.p.i.IntermediateProofReplayer Proof replay took 7ns 
371682     INFO  main            d.u.i.k.p.r.p.TestFile    ... finished proof: closed. 
372087     INFO  main            d.u.i.k.p.i.AbstractProblemLoader Loading environment from /home/runner/work/key/key/key.core/../key.ui/examples/heap/permissions/threads/Fib_preStart_accessible.key.proof 
372087     DEBUG main            d.u.i.k.p.i.AbstractProblemLoader Environment load took 98.2ns 
372087     INFO  main            d.u.i.k.p.i.AbstractProblemLoader Creating init config 
376293     DEBUG main            d.u.i.k.p.i.AbstractProblemLoader Init config took 4.21s 
376369     INFO  main            d.u.i.k.p.i.AbstractProblemLoader Replaying proof Fib[ThreadSpec::preStart(java.lang.Object)].JML accessible clause.0 
376376     DEBUG main            d.u.i.k.p.i.IntermediateProofReplayer Proof replay took 4.81ms 
376376     DEBUG main            d.u.i.k.p.r.p.TestFile    ... success: reloaded. 
376377     INFO  main            d.u.i.k.p.r.p.TestFile    Now processing file /home/runner/work/key/key/key.core/../key.ui/examples/heap/permissions/threads/Fib_startTransfer_accessible.key 
376377     INFO  main            d.u.i.k.p.i.AbstractProblemLoader Loading environment from /home/runner/work/key/key/key.core/../key.ui/examples/heap/permissions/threads/Fib_startTransfer_accessible.key 
376378     DEBUG main            d.u.i.k.p.i.AbstractProblemLoader Environment load took 106.5ns 
376378     INFO  main            d.u.i.k.p.i.AbstractProblemLoader Creating init config 
380652     DEBUG main            d.u.i.k.p.i.AbstractProblemLoader Init config took 4.27s 
380729     INFO  main            d.u.i.k.p.i.AbstractProblemLoader Replaying proof Fib[ThreadSpec::startTransfer()].JML accessible clause.0 
380730     DEBUG main            d.u.i.k.p.i.IntermediateProofReplayer Proof replay took 8.2ns 
380932     INFO  main            d.u.i.k.p.r.p.TestFile    ... finished proof: closed. 
381363     INFO  main            d.u.i.k.p.i.AbstractProblemLoader Loading environment from /home/runner/work/key/key/key.core/../key.ui/examples/heap/permissions/threads/Fib_startTransfer_accessible.key.proof 
381363     DEBUG main            d.u.i.k.p.i.AbstractProblemLoader Environment load took 97.3ns 
381364     INFO  main            d.u.i.k.p.i.AbstractProblemLoader Creating init config 
385551     DEBUG main            d.u.i.k.p.i.AbstractProblemLoader Init config took 4.19s 
385627     INFO  main            d.u.i.k.p.i.AbstractProblemLoader Replaying proof Fib[ThreadSpec::startTransfer()].JML accessible clause.0 
385665     DEBUG main            d.u.i.k.p.i.IntermediateProofReplayer Proof replay took 36.66ms 
385667     DEBUG main            d.u.i.k.p.r.p.TestFile    ... success: reloaded. 
385668     INFO  main            d.u.i.k.p.r.p.TestFile    Now processing file /home/runner/work/key/key/key.core/../key.ui/examples/heap/permissions/threads/Fib_startTransfer_contract.key 
385668     INFO  main            d.u.i.k.p.i.AbstractProblemLoader Loading environment from /home/runner/work/key/key/key.core/../key.ui/examples/heap/permissions/threads/Fib_startTransfer_contract.key 
385668     DEBUG main            d.u.i.k.p.i.AbstractProblemLoader Environment load took 83.4ns 
385669     INFO  main            d.u.i.k.p.i.AbstractProblemLoader Creating init config 
389949     DEBUG main            d.u.i.k.p.i.AbstractProblemLoader Init config took 4.28s 
390026     INFO  main            d.u.i.k.p.i.AbstractProblemLoader Replaying proof Fib[ThreadSpec::startTransfer()].JML model_behavior operation contract.0 
390028     DEBUG main            d.u.i.k.p.i.IntermediateProofReplayer Proof replay took 8.2ns 
390129     INFO  main            d.u.i.k.p.r.p.TestFile    ... finished proof: closed. 
390558     INFO  main            d.u.i.k.p.i.AbstractProblemLoader Loading environment from /home/runner/work/key/key/key.core/../key.ui/examples/heap/permissions/threads/Fib_startTransfer_contract.key.proof 
390558     DEBUG main            d.u.i.k.p.i.AbstractProblemLoader Environment load took 114ns 
390559     INFO  main            d.u.i.k.p.i.AbstractProblemLoader Creating init config 
394750     DEBUG main            d.u.i.k.p.i.AbstractProblemLoader Init config took 4.19s 
394840     INFO  main            d.u.i.k.p.i.AbstractProblemLoader Replaying proof Fib[ThreadSpec::startTransfer()].JML model_behavior operation contract.0 
394848     DEBUG main            d.u.i.k.p.i.IntermediateProofReplayer Proof replay took 6.47ms 
394848     DEBUG main            d.u.i.k.p.r.p.TestFile    ... success: reloaded. 
394849     INFO  main            d.u.i.k.p.r.p.TestFile    Now processing file /home/runner/work/key/key/key.core/../key.ui/examples/heap/permissions/threads/Fib_workingPermissions_accessible.key 
394850     INFO  main            d.u.i.k.p.i.AbstractProblemLoader Loading environment from /home/runner/work/key/key/key.core/../key.ui/examples/heap/permissions/threads/Fib_workingPermissions_accessible.key 
394850     DEBUG main            d.u.i.k.p.i.AbstractProblemLoader Environment load took 82.8ns 
394850     INFO  main            d.u.i.k.p.i.AbstractProblemLoader Creating init config 
399132     DEBUG main            d.u.i.k.p.i.AbstractProblemLoader Init config took 4.28s 
399209     INFO  main            d.u.i.k.p.i.AbstractProblemLoader Replaying proof Fib[ThreadSpec::workingPermissions()].JML accessible clause.0 
399211     DEBUG main            d.u.i.k.p.i.IntermediateProofReplayer Proof replay took 8.3ns 
399312     INFO  main            d.u.i.k.p.r.p.TestFile    ... finished proof: closed. 
399745     INFO  main            d.u.i.k.p.i.AbstractProblemLoader Loading environment from /home/runner/work/key/key/key.core/../key.ui/examples/heap/permissions/threads/Fib_workingPermissions_accessible.key.proof 
399745     DEBUG main            d.u.i.k.p.i.AbstractProblemLoader Environment load took 170.5ns 
399746     INFO  main            d.u.i.k.p.i.AbstractProblemLoader Creating init config 
403933     DEBUG main            d.u.i.k.p.i.AbstractProblemLoader Init config took 4.19s 
404025     INFO  main            d.u.i.k.p.i.AbstractProblemLoader Replaying proof Fib[ThreadSpec::workingPermissions()].JML accessible clause.0 
404029     DEBUG main            d.u.i.k.p.i.IntermediateProofReplayer Proof replay took 2.07ms 
404030     DEBUG main            d.u.i.k.p.r.p.TestFile    ... success: reloaded. 
404030     INFO  main            d.u.i.k.p.r.p.TestFile    Now processing file /home/runner/work/key/key/key.core/../key.ui/examples/heap/permissions/threads/Plotter_initPost_accessible.key 
404031     INFO  main            d.u.i.k.p.i.AbstractProblemLoader Loading environment from /home/runner/work/key/key/key.core/../key.ui/examples/heap/permissions/threads/Plotter_initPost_accessible.key 
404031     DEBUG main            d.u.i.k.p.i.AbstractProblemLoader Environment load took 62ns 
404031     INFO  main            d.u.i.k.p.i.AbstractProblemLoader Creating init config 
408290     DEBUG main            d.u.i.k.p.i.AbstractProblemLoader Init config took 4.26s 
408366     INFO  main            d.u.i.k.p.i.AbstractProblemLoader Replaying proof Plotter[ThreadSpec2::initPost()].JML accessible clause.0 
408367     DEBUG main            d.u.i.k.p.i.IntermediateProofReplayer Proof replay took 7.8ns 
408469     INFO  main            d.u.i.k.p.r.p.TestFile    ... finished proof: closed. 
408905     INFO  main            d.u.i.k.p.i.AbstractProblemLoader Loading environment from /home/runner/work/key/key/key.core/../key.ui/examples/heap/permissions/threads/Plotter_initPost_accessible.key.proof 
408905     DEBUG main            d.u.i.k.p.i.AbstractProblemLoader Environment load took 103.9ns 
408906     INFO  main            d.u.i.k.p.i.AbstractProblemLoader Creating init config 
413112     DEBUG main            d.u.i.k.p.i.AbstractProblemLoader Init config took 4.21s 
413188     INFO  main            d.u.i.k.p.i.AbstractProblemLoader Replaying proof Plotter[ThreadSpec2::initPost()].JML accessible clause.0 
413202     DEBUG main            d.u.i.k.p.i.IntermediateProofReplayer Proof replay took 12.59ms 
413203     DEBUG main            d.u.i.k.p.r.p.TestFile    ... success: reloaded. 
413204     INFO  main            d.u.i.k.p.r.p.TestFile    Now processing file /home/runner/work/key/key/key.core/../key.ui/examples/heap/permissions/threads/Plotter_inv_accessible1.key 
413204     INFO  main            d.u.i.k.p.i.AbstractProblemLoader Loading environment from /home/runner/work/key/key/key.core/../key.ui/examples/heap/permissions/threads/Plotter_inv_accessible1.key 
413204     DEBUG main            d.u.i.k.p.i.AbstractProblemLoader Environment load took 47.9ns 
413205     INFO  main            d.u.i.k.p.i.AbstractProblemLoader Creating init config 
417467     DEBUG main            d.u.i.k.p.i.AbstractProblemLoader Init config took 4.26s 
417559     INFO  main            d.u.i.k.p.i.AbstractProblemLoader Replaying proof Plotter[java.lang.Object::<inv>()].JML accessible clause.0 
417560     DEBUG main            d.u.i.k.p.i.IntermediateProofReplayer Proof replay took 6.9ns 
417661     INFO  main            d.u.i.k.p.r.p.TestFile    ... finished proof: closed. 
418108     INFO  main            d.u.i.k.p.i.AbstractProblemLoader Loading environment from /home/runner/work/key/key/key.core/../key.ui/examples/heap/permissions/threads/Plotter_inv_accessible1.key.proof 
418108     DEBUG main            d.u.i.k.p.i.AbstractProblemLoader Environment load took 94ns 
418109     INFO  main            d.u.i.k.p.i.AbstractProblemLoader Creating init config 
422304     DEBUG main            d.u.i.k.p.i.AbstractProblemLoader Init config took 4.2s 
422381     INFO  main            d.u.i.k.p.i.AbstractProblemLoader Replaying proof Plotter[java.lang.Object::<inv>()].JML accessible clause.0 
422384     DEBUG main            d.u.i.k.p.i.IntermediateProofReplayer Proof replay took 1.56ms 
422384     DEBUG main            d.u.i.k.p.r.p.TestFile    ... success: reloaded. 
422385     INFO  main            d.u.i.k.p.r.p.TestFile    Now processing file /home/runner/work/key/key/key.core/../key.ui/examples/heap/permissions/threads/Plotter_inv_accessible2.key 
422385     INFO  main            d.u.i.k.p.i.AbstractProblemLoader Loading environment from /home/runner/work/key/key/key.core/../key.ui/examples/heap/permissions/threads/Plotter_inv_accessible2.key 
422385     DEBUG main            d.u.i.k.p.i.AbstractProblemLoader Environment load took 48.5ns 
422386     INFO  main            d.u.i.k.p.i.AbstractProblemLoader Creating init config 
426670     DEBUG main            d.u.i.k.p.i.AbstractProblemLoader Init config took 4.28s 
426746     INFO  main            d.u.i.k.p.i.AbstractProblemLoader Replaying proof Plotter[java.lang.Object::<inv>()].JML accessible clause.1 
426749     DEBUG main            d.u.i.k.p.i.IntermediateProofReplayer Proof replay took 7.1ns 
426851     INFO  main            d.u.i.k.p.r.p.TestFile    ... finished proof: closed. 
427299     INFO  main            d.u.i.k.p.i.AbstractProblemLoader Loading environment from /home/runner/work/key/key/key.core/../key.ui/examples/heap/permissions/threads/Plotter_inv_accessible2.key.proof 
427299     DEBUG main            d.u.i.k.p.i.AbstractProblemLoader Environment load took 92.7ns 
427300     INFO  main            d.u.i.k.p.i.AbstractProblemLoader Creating init config 
431500     DEBUG main            d.u.i.k.p.i.AbstractProblemLoader Init config took 4.2s 
431575     INFO  main            d.u.i.k.p.i.AbstractProblemLoader Replaying proof Plotter[java.lang.Object::<inv>()].JML accessible clause.1 
431578     DEBUG main            d.u.i.k.p.i.IntermediateProofReplayer Proof replay took 1.58ms 
431579     DEBUG main            d.u.i.k.p.r.p.TestFile    ... success: reloaded. 
431580     INFO  main            d.u.i.k.p.r.p.TestFile    Now processing file /home/runner/work/key/key/key.core/../key.ui/examples/heap/permissions/threads/Plotter_joinTransfer_contract.key 
431580     INFO  main            d.u.i.k.p.i.AbstractProblemLoader Loading environment from /home/runner/work/key/key/key.core/../key.ui/examples/heap/permissions/threads/Plotter_joinTransfer_contract.key 
431580     DEBUG main            d.u.i.k.p.i.AbstractProblemLoader Environment load took 100.3ns 
431581     INFO  main            d.u.i.k.p.i.AbstractProblemLoader Creating init config 
435864     DEBUG main            d.u.i.k.p.i.AbstractProblemLoader Init config took 4.28s 
435943     INFO  main            d.u.i.k.p.i.AbstractProblemLoader Replaying proof Plotter[ThreadSpec2::joinTransfer()].JML model_behavior operation contract.0 
435944     DEBUG main            d.u.i.k.p.i.IntermediateProofReplayer Proof replay took 7.5ns 
436045     INFO  main            d.u.i.k.p.r.p.TestFile    ... finished proof: closed. 
436499     INFO  main            d.u.i.k.p.i.AbstractProblemLoader Loading environment from /home/runner/work/key/key/key.core/../key.ui/examples/heap/permissions/threads/Plotter_joinTransfer_contract.key.proof 
436499     DEBUG main            d.u.i.k.p.i.AbstractProblemLoader Environment load took 96.8ns 
436500     INFO  main            d.u.i.k.p.i.AbstractProblemLoader Creating init config 
440697     DEBUG main            d.u.i.k.p.i.AbstractProblemLoader Init config took 4.2s 
440774     INFO  main            d.u.i.k.p.i.AbstractProblemLoader Replaying proof Plotter[ThreadSpec2::joinTransfer()].JML model_behavior operation contract.0 
440782     DEBUG main            d.u.i.k.p.i.IntermediateProofReplayer Proof replay took 7.06ms 
440783     DEBUG main            d.u.i.k.p.r.p.TestFile    ... success: reloaded. 
440784     INFO  main            d.u.i.k.p.r.p.TestFile    Now processing file /home/runner/work/key/key/key.core/../key.ui/examples/heap/permissions/threads/Plotter_Plotter.key 
440784     INFO  main            d.u.i.k.p.i.AbstractProblemLoader Loading environment from /home/runner/work/key/key/key.core/../key.ui/examples/heap/permissions/threads/Plotter_Plotter.key 
440784     DEBUG main            d.u.i.k.p.i.AbstractProblemLoader Environment load took 46.1ns 
440785     INFO  main            d.u.i.k.p.i.AbstractProblemLoader Creating init config 
445048     DEBUG main            d.u.i.k.p.i.AbstractProblemLoader Init config took 4.26s 
445139     INFO  main            d.u.i.k.p.i.AbstractProblemLoader Replaying proof Plotter[Plotter::Plotter(AFilter,BFilter,Buffer)].JML normal_behavior operation contract.0 
445140     DEBUG main            d.u.i.k.p.i.IntermediateProofReplayer Proof replay took 6.5ns 
446744     INFO  main            d.u.i.k.p.r.p.TestFile    ... finished proof: closed. 
447225     INFO  main            d.u.i.k.p.i.AbstractProblemLoader Loading environment from /home/runner/work/key/key/key.core/../key.ui/examples/heap/permissions/threads/Plotter_Plotter.key.proof 
447226     DEBUG main            d.u.i.k.p.i.AbstractProblemLoader Environment load took 320.3ns 
447227     INFO  main            d.u.i.k.p.i.AbstractProblemLoader Creating init config 
451428     DEBUG main            d.u.i.k.p.i.AbstractProblemLoader Init config took 4.2s 
451505     INFO  main            d.u.i.k.p.i.AbstractProblemLoader Replaying proof Plotter[Plotter::Plotter(AFilter,BFilter,Buffer)].JML normal_behavior operation contract.0 
451737     DEBUG main            d.u.i.k.p.i.IntermediateProofReplayer Proof replay took 227.57ms 
451738     DEBUG main            d.u.i.k.p.r.p.TestFile    ... success: reloaded. 
451739     INFO  main            d.u.i.k.p.r.p.TestFile    Now processing file /home/runner/work/key/key/key.core/../key.ui/examples/heap/permissions/threads/Plotter_postJoin_accessible.key 
451739     INFO  main            d.u.i.k.p.i.AbstractProblemLoader Loading environment from /home/runner/work/key/key/key.core/../key.ui/examples/heap/permissions/threads/Plotter_postJoin_accessible.key 
451739     DEBUG main            d.u.i.k.p.i.AbstractProblemLoader Environment load took 45.1ns 
451740     INFO  main            d.u.i.k.p.i.AbstractProblemLoader Creating init config 
456065     DEBUG main            d.u.i.k.p.i.AbstractProblemLoader Init config took 4.33s 
456174     INFO  main            d.u.i.k.p.i.AbstractProblemLoader Replaying proof Plotter[ThreadSpec2::postJoin(java.lang.Object)].JML accessible clause.0 
456175     DEBUG main            d.u.i.k.p.i.IntermediateProofReplayer Proof replay took 6.9ns 
456277     INFO  main            d.u.i.k.p.r.p.TestFile    ... finished proof: closed. 
456744     INFO  main            d.u.i.k.p.i.AbstractProblemLoader Loading environment from /home/runner/work/key/key/key.core/../key.ui/examples/heap/permissions/threads/Plotter_postJoin_accessible.key.proof 
456744     DEBUG main            d.u.i.k.p.i.AbstractProblemLoader Environment load took 85.4ns 
456745     INFO  main            d.u.i.k.p.i.AbstractProblemLoader Creating init config 
460993     DEBUG main            d.u.i.k.p.i.AbstractProblemLoader Init config took 4.25s 
461068     INFO  main            d.u.i.k.p.i.AbstractProblemLoader Replaying proof Plotter[ThreadSpec2::postJoin(java.lang.Object)].JML accessible clause.0 
461081     DEBUG main            d.u.i.k.p.i.IntermediateProofReplayer Proof replay took 11.33ms 
461082     DEBUG main            d.u.i.k.p.r.p.TestFile    ... success: reloaded. 
461083     INFO  main            d.u.i.k.p.r.p.TestFile    Now processing file /home/runner/work/key/key/key.core/../key.ui/examples/heap/permissions/threads/Plotter_preStart_accessible.key 
461083     INFO  main            d.u.i.k.p.i.AbstractProblemLoader Loading environment from /home/runner/work/key/key/key.core/../key.ui/examples/heap/permissions/threads/Plotter_preStart_accessible.key 
461083     DEBUG main            d.u.i.k.p.i.AbstractProblemLoader Environment load took 86.9ns 
461084     INFO  main            d.u.i.k.p.i.AbstractProblemLoader Creating init config 
465316     DEBUG main            d.u.i.k.p.i.AbstractProblemLoader Init config took 4.23s 
465409     INFO  main            d.u.i.k.p.i.AbstractProblemLoader Replaying proof Plotter[ThreadSpec2::preStart(java.lang.Object)].JML accessible clause.0 
465411     DEBUG main            d.u.i.k.p.i.IntermediateProofReplayer Proof replay took 7.7ns 
466415     INFO  main            d.u.i.k.p.r.p.TestFile    ... finished proof: closed. 
466920     INFO  main            d.u.i.k.p.i.AbstractProblemLoader Loading environment from /home/runner/work/key/key/key.core/../key.ui/examples/heap/permissions/threads/Plotter_preStart_accessible.key.proof 
466920     DEBUG main            d.u.i.k.p.i.AbstractProblemLoader Environment load took 93.6ns 
466921     INFO  main            d.u.i.k.p.i.AbstractProblemLoader Creating init config 
471068     DEBUG main            d.u.i.k.p.i.AbstractProblemLoader Init config took 4.15s 
471144     INFO  main            d.u.i.k.p.i.AbstractProblemLoader Replaying proof Plotter[ThreadSpec2::preStart(java.lang.Object)].JML accessible clause.0 
471238     DEBUG main            d.u.i.k.p.i.IntermediateProofReplayer Proof replay took 91.68ms 
471240     DEBUG main            d.u.i.k.p.r.p.TestFile    ... success: reloaded. 
471241     INFO  main            d.u.i.k.p.r.p.TestFile    Now processing file /home/runner/work/key/key/key.core/../key.ui/examples/heap/permissions/threads/Plotter_stateInv_accessible.key 
471241     INFO  main            d.u.i.k.p.i.AbstractProblemLoader Loading environment from /home/runner/work/key/key/key.core/../key.ui/examples/heap/permissions/threads/Plotter_stateInv_accessible.key 
471241     DEBUG main            d.u.i.k.p.i.AbstractProblemLoader Environment load took 168ns 
471242     INFO  main            d.u.i.k.p.i.AbstractProblemLoader Creating init config 
475464     DEBUG main            d.u.i.k.p.i.AbstractProblemLoader Init config took 4.22s 
475562     INFO  main            d.u.i.k.p.i.AbstractProblemLoader Replaying proof Plotter[ThreadSpec2::stateInv()].JML accessible clause.0 
475563     DEBUG main            d.u.i.k.p.i.IntermediateProofReplayer Proof replay took 6.7ns 
482515     INFO  main            d.u.i.k.p.r.p.TestFile    ... finished proof: closed. 
483019     INFO  main            d.u.i.k.p.i.AbstractProblemLoader Loading environment from /home/runner/work/key/key/key.core/../key.ui/examples/heap/permissions/threads/Plotter_stateInv_accessible.key.proof 
483019     DEBUG main            d.u.i.k.p.i.AbstractProblemLoader Environment load took 94.8ns 
483020     INFO  main            d.u.i.k.p.i.AbstractProblemLoader Creating init config 
487179     DEBUG main            d.u.i.k.p.i.AbstractProblemLoader Init config took 4.16s 
487268     INFO  main            d.u.i.k.p.i.AbstractProblemLoader Replaying proof Plotter[ThreadSpec2::stateInv()].JML accessible clause.0 
487857     DEBUG main            d.u.i.k.p.i.IntermediateProofReplayer Proof replay took 576.71ms 
487859     DEBUG main            d.u.i.k.p.r.p.TestFile    ... success: reloaded. 
487859     INFO  main            d.u.i.k.p.r.p.TestFile    Now processing file /home/runner/work/key/key/key.core/../key.ui/examples/heap/permissions/threads/Plotter_staticPermissions_accessible.key 
487860     INFO  main            d.u.i.k.p.i.AbstractProblemLoader Loading environment from /home/runner/work/key/key/key.core/../key.ui/examples/heap/permissions/threads/Plotter_staticPermissions_accessible.key 
487860     DEBUG main            d.u.i.k.p.i.AbstractProblemLoader Environment load took 72.3ns 
487861     INFO  main            d.u.i.k.p.i.AbstractProblemLoader Creating init config 
492133     DEBUG main            d.u.i.k.p.i.AbstractProblemLoader Init config took 4.27s 
492208     INFO  main            d.u.i.k.p.i.AbstractProblemLoader Replaying proof Plotter[ThreadSpec2::staticPermissions()].JML accessible clause.0 
492209     DEBUG main            d.u.i.k.p.i.IntermediateProofReplayer Proof replay took 40.6ns 
492937     INFO  main            d.u.i.k.p.r.p.TestFile    ... finished proof: closed. 
493421     INFO  main            d.u.i.k.p.i.AbstractProblemLoader Loading environment from /home/runner/work/key/key/key.core/../key.ui/examples/heap/permissions/threads/Plotter_staticPermissions_accessible.key.proof 
493421     DEBUG main            d.u.i.k.p.i.AbstractProblemLoader Environment load took 98.4ns 
493422     INFO  main            d.u.i.k.p.i.AbstractProblemLoader Creating init config 
497566     DEBUG main            d.u.i.k.p.i.AbstractProblemLoader Init config took 4.14s 
497641     INFO  main            d.u.i.k.p.i.AbstractProblemLoader Replaying proof Plotter[ThreadSpec2::staticPermissions()].JML accessible clause.0 
497699     DEBUG main            d.u.i.k.p.i.IntermediateProofReplayer Proof replay took 55.83ms 
497700     DEBUG main            d.u.i.k.p.r.p.TestFile    ... success: reloaded. 
497701     INFO  main            d.u.i.k.p.r.p.TestFile    Now processing file /home/runner/work/key/key/key.core/../key.ui/examples/heap/permissions/threads/Plotter_workingPermissions_accessible.key 
497701     INFO  main            d.u.i.k.p.i.AbstractProblemLoader Loading environment from /home/runner/work/key/key/key.core/../key.ui/examples/heap/permissions/threads/Plotter_workingPermissions_accessible.key 
497702     DEBUG main            d.u.i.k.p.i.AbstractProblemLoader Environment load took 92.7ns 
497702     INFO  main            d.u.i.k.p.i.AbstractProblemLoader Creating init config 
501931     DEBUG main            d.u.i.k.p.i.AbstractProblemLoader Init config took 4.23s 
502007     INFO  main            d.u.i.k.p.i.AbstractProblemLoader Replaying proof Plotter[ThreadSpec2::workingPermissions()].JML accessible clause.0 
502008     DEBUG main            d.u.i.k.p.i.IntermediateProofReplayer Proof replay took 3.7ns 
502210     INFO  main            d.u.i.k.p.r.p.TestFile    ... finished proof: closed. 
502713     INFO  main            d.u.i.k.p.i.AbstractProblemLoader Loading environment from /home/runner/work/key/key/key.core/../key.ui/examples/heap/permissions/threads/Plotter_workingPermissions_accessible.key.proof 
502713     DEBUG main            d.u.i.k.p.i.AbstractProblemLoader Environment load took 91.6ns 
502714     INFO  main            d.u.i.k.p.i.AbstractProblemLoader Creating init config 
506871     DEBUG main            d.u.i.k.p.i.AbstractProblemLoader Init config took 4.16s 
506946     INFO  main            d.u.i.k.p.i.AbstractProblemLoader Replaying proof Plotter[ThreadSpec2::workingPermissions()].JML accessible clause.0 
506962     DEBUG main            d.u.i.k.p.i.IntermediateProofReplayer Proof replay took 14.13ms 
506963     DEBUG main            d.u.i.k.p.r.p.TestFile    ... success: reloaded. 
506963     INFO  main            d.u.i.k.p.r.p.TestFile    Now processing file /home/runner/work/key/key/key.core/../key.ui/examples/heap/permissions/threads/Sampler_initPost_accessible.key 
506964     INFO  main            d.u.i.k.p.i.AbstractProblemLoader Loading environment from /home/runner/work/key/key/key.core/../key.ui/examples/heap/permissions/threads/Sampler_initPost_accessible.key 
506964     DEBUG main            d.u.i.k.p.i.AbstractProblemLoader Environment load took 42.6ns 
506964     INFO  main            d.u.i.k.p.i.AbstractProblemLoader Creating init config 
511187     DEBUG main            d.u.i.k.p.i.AbstractProblemLoader Init config took 4.22s 
511263     INFO  main            d.u.i.k.p.i.AbstractProblemLoader Replaying proof Sampler[ThreadSpec2::initPost()].JML accessible clause.0 
511264     DEBUG main            d.u.i.k.p.i.IntermediateProofReplayer Proof replay took 3.1ns 
511366     INFO  main            d.u.i.k.p.r.p.TestFile    ... finished proof: closed. 
511863     INFO  main            d.u.i.k.p.i.AbstractProblemLoader Loading environment from /home/runner/work/key/key/key.core/../key.ui/examples/heap/permissions/threads/Sampler_initPost_accessible.key.proof 
511863     DEBUG main            d.u.i.k.p.i.AbstractProblemLoader Environment load took 81.7ns 
511864     INFO  main            d.u.i.k.p.i.AbstractProblemLoader Creating init config 
516013     DEBUG main            d.u.i.k.p.i.AbstractProblemLoader Init config took 4.15s 
516089     INFO  main            d.u.i.k.p.i.AbstractProblemLoader Replaying proof Sampler[ThreadSpec2::initPost()].JML accessible clause.0 
516095     DEBUG main            d.u.i.k.p.i.IntermediateProofReplayer Proof replay took 5.23ms 
516096     DEBUG main            d.u.i.k.p.r.p.TestFile    ... success: reloaded. 
516097     INFO  main            d.u.i.k.p.r.p.TestFile    Now processing file /home/runner/work/key/key/key.core/../key.ui/examples/heap/permissions/threads/Sampler_inv_accessible1.key 
516097     INFO  main            d.u.i.k.p.i.AbstractProblemLoader Loading environment from /home/runner/work/key/key/key.core/../key.ui/examples/heap/permissions/threads/Sampler_inv_accessible1.key 
516097     DEBUG main            d.u.i.k.p.i.AbstractProblemLoader Environment load took 115.5ns 
516098     INFO  main            d.u.i.k.p.i.AbstractProblemLoader Creating init config 
520329     DEBUG main            d.u.i.k.p.i.AbstractProblemLoader Init config took 4.23s 
520424     INFO  main            d.u.i.k.p.i.AbstractProblemLoader Replaying proof Sampler[java.lang.Object::<inv>()].JML accessible clause.0 
520425     DEBUG main            d.u.i.k.p.i.IntermediateProofReplayer Proof replay took 3.5ns 
520527     INFO  main            d.u.i.k.p.r.p.TestFile    ... finished proof: closed. 
521022     INFO  main            d.u.i.k.p.i.AbstractProblemLoader Loading environment from /home/runner/work/key/key/key.core/../key.ui/examples/heap/permissions/threads/Sampler_inv_accessible1.key.proof 
521022     DEBUG main            d.u.i.k.p.i.AbstractProblemLoader Environment load took 77.5ns 
521023     INFO  main            d.u.i.k.p.i.AbstractProblemLoader Creating init config 
525164     DEBUG main            d.u.i.k.p.i.AbstractProblemLoader Init config took 4.14s 
525258     INFO  main            d.u.i.k.p.i.AbstractProblemLoader Replaying proof Sampler[java.lang.Object::<inv>()].JML accessible clause.0 
525261     DEBUG main            d.u.i.k.p.i.IntermediateProofReplayer Proof replay took 1.57ms 
525261     DEBUG main            d.u.i.k.p.r.p.TestFile    ... success: reloaded. 
525262     INFO  main            d.u.i.k.p.r.p.TestFile    Now processing file /home/runner/work/key/key/key.core/../key.ui/examples/heap/permissions/threads/Sampler_inv_accessible2.key 
525262     INFO  main            d.u.i.k.p.i.AbstractProblemLoader Loading environment from /home/runner/work/key/key/key.core/../key.ui/examples/heap/permissions/threads/Sampler_inv_accessible2.key 
525262     DEBUG main            d.u.i.k.p.i.AbstractProblemLoader Environment load took 41.3ns 
525263     INFO  main            d.u.i.k.p.i.AbstractProblemLoader Creating init config 
529484     DEBUG main            d.u.i.k.p.i.AbstractProblemLoader Init config took 4.22s 
529559     INFO  main            d.u.i.k.p.i.AbstractProblemLoader Replaying proof Sampler[java.lang.Object::<inv>()].JML accessible clause.1 
529560     DEBUG main            d.u.i.k.p.i.IntermediateProofReplayer Proof replay took 3.3ns 
529661     INFO  main            d.u.i.k.p.r.p.TestFile    ... finished proof: closed. 
530164     INFO  main            d.u.i.k.p.i.AbstractProblemLoader Loading environment from /home/runner/work/key/key/key.core/../key.ui/examples/heap/permissions/threads/Sampler_inv_accessible2.key.proof 
530165     DEBUG main            d.u.i.k.p.i.AbstractProblemLoader Environment load took 91.6ns 
530165     INFO  main            d.u.i.k.p.i.AbstractProblemLoader Creating init config 
534305     DEBUG main            d.u.i.k.p.i.AbstractProblemLoader Init config took 4.14s 
534393     INFO  main            d.u.i.k.p.i.AbstractProblemLoader Replaying proof Sampler[java.lang.Object::<inv>()].JML accessible clause.1 
534396     DEBUG main            d.u.i.k.p.i.IntermediateProofReplayer Proof replay took 1.6ms 
534396     DEBUG main            d.u.i.k.p.r.p.TestFile    ... success: reloaded. 
534397     INFO  main            d.u.i.k.p.r.p.TestFile    Now processing file /home/runner/work/key/key/key.core/../key.ui/examples/heap/permissions/threads/Sampler_joinTransfer_accessible.key 
534397     INFO  main            d.u.i.k.p.i.AbstractProblemLoader Loading environment from /home/runner/work/key/key/key.core/../key.ui/examples/heap/permissions/threads/Sampler_joinTransfer_accessible.key 
534397     DEBUG main            d.u.i.k.p.i.AbstractProblemLoader Environment load took 56.1ns 
534398     INFO  main            d.u.i.k.p.i.AbstractProblemLoader Creating init config 
538626     DEBUG main            d.u.i.k.p.i.AbstractProblemLoader Init config took 4.23s 
538701     INFO  main            d.u.i.k.p.i.AbstractProblemLoader Replaying proof Sampler[ThreadSpec2::joinTransfer()].JML accessible clause.0 
538702     DEBUG main            d.u.i.k.p.i.IntermediateProofReplayer Proof replay took 3.8ns 
541716     INFO  main            d.u.i.k.p.r.p.TestFile    ... finished proof: closed. 
542240     INFO  main            d.u.i.k.p.i.AbstractProblemLoader Loading environment from /home/runner/work/key/key/key.core/../key.ui/examples/heap/permissions/threads/Sampler_joinTransfer_accessible.key.proof 
542240     DEBUG main            d.u.i.k.p.i.AbstractProblemLoader Environment load took 146.7ns 
542241     INFO  main            d.u.i.k.p.i.AbstractProblemLoader Creating init config 
546399     DEBUG main            d.u.i.k.p.i.AbstractProblemLoader Init config took 4.16s 
546474     INFO  main            d.u.i.k.p.i.AbstractProblemLoader Replaying proof Sampler[ThreadSpec2::joinTransfer()].JML accessible clause.0 
547039     DEBUG main            d.u.i.k.p.i.IntermediateProofReplayer Proof replay took 556.14ms 
547041     DEBUG main            d.u.i.k.p.r.p.TestFile    ... success: reloaded. 
547042     INFO  main            d.u.i.k.p.r.p.TestFile    Now processing file /home/runner/work/key/key/key.core/../key.ui/examples/heap/permissions/threads/Sampler_joinTransfer_contract.key 
547042     INFO  main            d.u.i.k.p.i.AbstractProblemLoader Loading environment from /home/runner/work/key/key/key.core/../key.ui/examples/heap/permissions/threads/Sampler_joinTransfer_contract.key 
547042     DEBUG main            d.u.i.k.p.i.AbstractProblemLoader Environment load took 79.4ns 
547043     INFO  main            d.u.i.k.p.i.AbstractProblemLoader Creating init config 
551287     DEBUG main            d.u.i.k.p.i.AbstractProblemLoader Init config took 4.24s 
551362     INFO  main            d.u.i.k.p.i.AbstractProblemLoader Replaying proof Sampler[ThreadSpec2::joinTransfer()].JML model_behavior operation contract.0 
551363     DEBUG main            d.u.i.k.p.i.IntermediateProofReplayer Proof replay took 3ns 
551465     INFO  main            d.u.i.k.p.r.p.TestFile    ... finished proof: closed. 
551989     INFO  main            d.u.i.k.p.i.AbstractProblemLoader Loading environment from /home/runner/work/key/key/key.core/../key.ui/examples/heap/permissions/threads/Sampler_joinTransfer_contract.key.proof 
551989     DEBUG main            d.u.i.k.p.i.AbstractProblemLoader Environment load took 99.7ns 
551990     INFO  main            d.u.i.k.p.i.AbstractProblemLoader Creating init config 
556157     DEBUG main            d.u.i.k.p.i.AbstractProblemLoader Init config took 4.17s 
556232     INFO  main            d.u.i.k.p.i.AbstractProblemLoader Replaying proof Sampler[ThreadSpec2::joinTransfer()].JML model_behavior operation contract.0 
556240     DEBUG main            d.u.i.k.p.i.IntermediateProofReplayer Proof replay took 6.5ms 
556241     DEBUG main            d.u.i.k.p.r.p.TestFile    ... success: reloaded. 
556242     INFO  main            d.u.i.k.p.r.p.TestFile    Now processing file /home/runner/work/key/key/key.core/../key.ui/examples/heap/permissions/threads/Sampler_postJoin_accessible.key 
556242     INFO  main            d.u.i.k.p.i.AbstractProblemLoader Loading environment from /home/runner/work/key/key/key.core/../key.ui/examples/heap/permissions/threads/Sampler_postJoin_accessible.key 
556242     DEBUG main            d.u.i.k.p.i.AbstractProblemLoader Environment load took 76.7ns 
556243     INFO  main            d.u.i.k.p.i.AbstractProblemLoader Creating init config 
560486     DEBUG main            d.u.i.k.p.i.AbstractProblemLoader Init config took 4.24s 
560561     INFO  main            d.u.i.k.p.i.AbstractProblemLoader Replaying proof Sampler[ThreadSpec2::postJoin(java.lang.Object)].JML accessible clause.0 
560562     DEBUG main            d.u.i.k.p.i.IntermediateProofReplayer Proof replay took 2.6ns 
560663     INFO  main            d.u.i.k.p.r.p.TestFile    ... finished proof: closed. 
561190     INFO  main            d.u.i.k.p.i.AbstractProblemLoader Loading environment from /home/runner/work/key/key/key.core/../key.ui/examples/heap/permissions/threads/Sampler_postJoin_accessible.key.proof 
561190     DEBUG main            d.u.i.k.p.i.AbstractProblemLoader Environment load took 76.8ns 
561190     INFO  main            d.u.i.k.p.i.AbstractProblemLoader Creating init config 
565340     DEBUG main            d.u.i.k.p.i.AbstractProblemLoader Init config took 4.15s 
565414     INFO  main            d.u.i.k.p.i.AbstractProblemLoader Replaying proof Sampler[ThreadSpec2::postJoin(java.lang.Object)].JML accessible clause.0 
565423     DEBUG main            d.u.i.k.p.i.IntermediateProofReplayer Proof replay took 7.82ms 
565424     DEBUG main            d.u.i.k.p.r.p.TestFile    ... success: reloaded. 
565425     INFO  main            d.u.i.k.p.r.p.TestFile    Now processing file /home/runner/work/key/key/key.core/../key.ui/examples/heap/permissions/threads/Sampler_preStart_accessible.key 
565425     INFO  main            d.u.i.k.p.i.AbstractProblemLoader Loading environment from /home/runner/work/key/key/key.core/../key.ui/examples/heap/permissions/threads/Sampler_preStart_accessible.key 
565425     DEBUG main            d.u.i.k.p.i.AbstractProblemLoader Environment load took 42.4ns 
565426     INFO  main            d.u.i.k.p.i.AbstractProblemLoader Creating init config 
569658     DEBUG main            d.u.i.k.p.i.AbstractProblemLoader Init config took 4.23s 
569733     INFO  main            d.u.i.k.p.i.AbstractProblemLoader Replaying proof Sampler[ThreadSpec2::preStart(java.lang.Object)].JML accessible clause.0 
569734     DEBUG main            d.u.i.k.p.i.IntermediateProofReplayer Proof replay took 2.9ns 
569836     INFO  main            d.u.i.k.p.r.p.TestFile    ... finished proof: closed. 
570369     INFO  main            d.u.i.k.p.i.AbstractProblemLoader Loading environment from /home/runner/work/key/key/key.core/../key.ui/examples/heap/permissions/threads/Sampler_preStart_accessible.key.proof 
570369     DEBUG main            d.u.i.k.p.i.AbstractProblemLoader Environment load took 74ns 
570370     INFO  main            d.u.i.k.p.i.AbstractProblemLoader Creating init config 
574524     DEBUG main            d.u.i.k.p.i.AbstractProblemLoader Init config took 4.15s 
574598     INFO  main            d.u.i.k.p.i.AbstractProblemLoader Replaying proof Sampler[ThreadSpec2::preStart(java.lang.Object)].JML accessible clause.0 
574607     DEBUG main            d.u.i.k.p.i.IntermediateProofReplayer Proof replay took 7.71ms 
574608     DEBUG main            d.u.i.k.p.r.p.TestFile    ... success: reloaded. 
574609     INFO  main            d.u.i.k.p.r.p.TestFile    Now processing file /home/runner/work/key/key/key.core/../key.ui/examples/heap/permissions/threads/Sampler_run.key 
574609     INFO  main            d.u.i.k.p.i.AbstractProblemLoader Loading environment from /home/runner/work/key/key/key.core/../key.ui/examples/heap/permissions/threads/Sampler_run.key 
574609     DEBUG main            d.u.i.k.p.i.AbstractProblemLoader Environment load took 40.3ns 
574610     INFO  main            d.u.i.k.p.i.AbstractProblemLoader Creating init config 
578830     DEBUG main            d.u.i.k.p.i.AbstractProblemLoader Init config took 4.22s 
578925     INFO  main            d.u.i.k.p.i.AbstractProblemLoader Replaying proof Sampler[ThreadSpec2::run()].JML normal_behavior operation contract.0 
578926     DEBUG main            d.u.i.k.p.i.IntermediateProofReplayer Proof replay took 2.4ns 
579028     INFO  main            d.u.i.k.p.r.p.TestFile    ... finished proof: closed. 
579561     INFO  main            d.u.i.k.p.i.AbstractProblemLoader Loading environment from /home/runner/work/key/key/key.core/../key.ui/examples/heap/permissions/threads/Sampler_run.key.proof 
579561     DEBUG main            d.u.i.k.p.i.AbstractProblemLoader Environment load took 87.9ns 
579562     INFO  main            d.u.i.k.p.i.AbstractProblemLoader Creating init config 
583724     DEBUG main            d.u.i.k.p.i.AbstractProblemLoader Init config took 4.16s 
583799     INFO  main            d.u.i.k.p.i.AbstractProblemLoader Replaying proof Sampler[ThreadSpec2::run()].JML normal_behavior operation contract.0 
583832     DEBUG main            d.u.i.k.p.i.IntermediateProofReplayer Proof replay took 30.96ms 
583832     DEBUG main            d.u.i.k.p.r.p.TestFile    ... success: reloaded. 
583833     INFO  main            d.u.i.k.p.r.p.TestFile    Now processing file /home/runner/work/key/key/key.core/../key.ui/examples/heap/permissions/threads/Sampler_Sampler.key 
583833     INFO  main            d.u.i.k.p.i.AbstractProblemLoader Loading environment from /home/runner/work/key/key/key.core/../key.ui/examples/heap/permissions/threads/Sampler_Sampler.key 
583833     DEBUG main            d.u.i.k.p.i.AbstractProblemLoader Environment load took 40.8ns 
583834     INFO  main            d.u.i.k.p.i.AbstractProblemLoader Creating init config 
588075     DEBUG main            d.u.i.k.p.i.AbstractProblemLoader Init config took 4.24s 
588150     INFO  main            d.u.i.k.p.i.AbstractProblemLoader Replaying proof Sampler[Sampler::Sampler(Buffer)].JML normal_behavior operation contract.0 
588151     DEBUG main            d.u.i.k.p.i.IntermediateProofReplayer Proof replay took 2.9ns 
588654     INFO  main            d.u.i.k.p.r.p.TestFile    ... finished proof: closed. 
589227     INFO  main            d.u.i.k.p.i.AbstractProblemLoader Loading environment from /home/runner/work/key/key/key.core/../key.ui/examples/heap/permissions/threads/Sampler_Sampler.key.proof 
589227     DEBUG main            d.u.i.k.p.i.AbstractProblemLoader Environment load took 84.6ns 
589228     INFO  main            d.u.i.k.p.i.AbstractProblemLoader Creating init config 
593390     DEBUG main            d.u.i.k.p.i.AbstractProblemLoader Init config took 4.16s 
593465     INFO  main            d.u.i.k.p.i.AbstractProblemLoader Replaying proof Sampler[Sampler::Sampler(Buffer)].JML normal_behavior operation contract.0 
593546     DEBUG main            d.u.i.k.p.i.IntermediateProofReplayer Proof replay took 78.94ms 
593547     DEBUG main            d.u.i.k.p.r.p.TestFile    ... success: reloaded. 
593547     INFO  main            d.u.i.k.p.r.p.TestFile    Now processing file /home/runner/work/key/key/key.core/../key.ui/examples/heap/permissions/threads/Sampler_startTransfer_accessible.key 
593548     INFO  main            d.u.i.k.p.i.AbstractProblemLoader Loading environment from /home/runner/work/key/key/key.core/../key.ui/examples/heap/permissions/threads/Sampler_startTransfer_accessible.key 
593548     DEBUG main            d.u.i.k.p.i.AbstractProblemLoader Environment load took 42.2ns 
593548     INFO  main            d.u.i.k.p.i.AbstractProblemLoader Creating init config 
597794     DEBUG main            d.u.i.k.p.i.AbstractProblemLoader Init config took 4.25s 
597868     INFO  main            d.u.i.k.p.i.AbstractProblemLoader Replaying proof Sampler[ThreadSpec2::startTransfer()].JML accessible clause.0 
597869     DEBUG main            d.u.i.k.p.i.IntermediateProofReplayer Proof replay took 2.9ns 
601697     INFO  main            d.u.i.k.p.r.p.TestFile    ... finished proof: closed. 
602263     INFO  main            d.u.i.k.p.i.AbstractProblemLoader Loading environment from /home/runner/work/key/key/key.core/../key.ui/examples/heap/permissions/threads/Sampler_startTransfer_accessible.key.proof 
602263     DEBUG main            d.u.i.k.p.i.AbstractProblemLoader Environment load took 90ns 
602264     INFO  main            d.u.i.k.p.i.AbstractProblemLoader Creating init config 
606416     DEBUG main            d.u.i.k.p.i.AbstractProblemLoader Init config took 4.15s 
606491     INFO  main            d.u.i.k.p.i.AbstractProblemLoader Replaying proof Sampler[ThreadSpec2::startTransfer()].JML accessible clause.0 
607094     DEBUG main            d.u.i.k.p.i.IntermediateProofReplayer Proof replay took 592.6ms 
607095     DEBUG main            d.u.i.k.p.r.p.TestFile    ... success: reloaded. 
607096     INFO  main            d.u.i.k.p.r.p.TestFile    Now processing file /home/runner/work/key/key/key.core/../key.ui/examples/heap/permissions/threads/Sampler_startTransfer_contract.key 
607096     INFO  main            d.u.i.k.p.i.AbstractProblemLoader Loading environment from /home/runner/work/key/key/key.core/../key.ui/examples/heap/permissions/threads/Sampler_startTransfer_contract.key 
607096     DEBUG main            d.u.i.k.p.i.AbstractProblemLoader Environment load took 44.6ns 
607097     INFO  main            d.u.i.k.p.i.AbstractProblemLoader Creating init config 
611342     DEBUG main            d.u.i.k.p.i.AbstractProblemLoader Init config took 4.24s 
611417     INFO  main            d.u.i.k.p.i.AbstractProblemLoader Replaying proof Sampler[ThreadSpec2::startTransfer()].JML model_behavior operation contract.0 
611418     DEBUG main            d.u.i.k.p.i.IntermediateProofReplayer Proof replay took 4ns 
611520     INFO  main            d.u.i.k.p.r.p.TestFile    ... finished proof: closed. 
612071     INFO  main            d.u.i.k.p.i.AbstractProblemLoader Loading environment from /home/runner/work/key/key/key.core/../key.ui/examples/heap/permissions/threads/Sampler_startTransfer_contract.key.proof 
612071     DEBUG main            d.u.i.k.p.i.AbstractProblemLoader Environment load took 72ns 
612072     INFO  main            d.u.i.k.p.i.AbstractProblemLoader Creating init config 
616229     DEBUG main            d.u.i.k.p.i.AbstractProblemLoader Init config took 4.16s 
616304     INFO  main            d.u.i.k.p.i.AbstractProblemLoader Replaying proof Sampler[ThreadSpec2::startTransfer()].JML model_behavior operation contract.0 
616312     DEBUG main            d.u.i.k.p.i.IntermediateProofReplayer Proof replay took 6.4ms 
616313     DEBUG main            d.u.i.k.p.r.p.TestFile    ... success: reloaded. 
616313     INFO  main            d.u.i.k.p.r.p.TestFile    Now processing file /home/runner/work/key/key/key.core/../key.ui/examples/heap/permissions/threads/Sampler_stateInv_accessible.key 
616314     INFO  main            d.u.i.k.p.i.AbstractProblemLoader Loading environment from /home/runner/work/key/key/key.core/../key.ui/examples/heap/permissions/threads/Sampler_stateInv_accessible.key 
616314     DEBUG main            d.u.i.k.p.i.AbstractProblemLoader Environment load took 39.2ns 
616314     INFO  main            d.u.i.k.p.i.AbstractProblemLoader Creating init config 
620556     DEBUG main            d.u.i.k.p.i.AbstractProblemLoader Init config took 4.24s 
620631     INFO  main            d.u.i.k.p.i.AbstractProblemLoader Replaying proof Sampler[ThreadSpec2::stateInv()].JML accessible clause.0 
620632     DEBUG main            d.u.i.k.p.i.IntermediateProofReplayer Proof replay took 3.4ns 
620734     INFO  main            d.u.i.k.p.r.p.TestFile    ... finished proof: closed. 
621295     INFO  main            d.u.i.k.p.i.AbstractProblemLoader Loading environment from /home/runner/work/key/key/key.core/../key.ui/examples/heap/permissions/threads/Sampler_stateInv_accessible.key.proof 
621295     DEBUG main            d.u.i.k.p.i.AbstractProblemLoader Environment load took 74.6ns 
621296     INFO  main            d.u.i.k.p.i.AbstractProblemLoader Creating init config 
625481     DEBUG main            d.u.i.k.p.i.AbstractProblemLoader Init config took 4.19s 
625556     INFO  main            d.u.i.k.p.i.AbstractProblemLoader Replaying proof Sampler[ThreadSpec2::stateInv()].JML accessible clause.0 
625563     DEBUG main            d.u.i.k.p.i.IntermediateProofReplayer Proof replay took 5.58ms 
625564     DEBUG main            d.u.i.k.p.r.p.TestFile    ... success: reloaded. 
625564     INFO  main            d.u.i.k.p.r.p.TestFile    Now processing file /home/runner/work/key/key/key.core/../key.ui/examples/heap/permissions/threads/Sampler_staticPermissions_accessible.key 
625565     INFO  main            d.u.i.k.p.i.AbstractProblemLoader Loading environment from /home/runner/work/key/key/key.core/../key.ui/examples/heap/permissions/threads/Sampler_staticPermissions_accessible.key 
625565     DEBUG main            d.u.i.k.p.i.AbstractProblemLoader Environment load took 76.6ns 
625565     INFO  main            d.u.i.k.p.i.AbstractProblemLoader Creating init config 
629812     DEBUG main            d.u.i.k.p.i.AbstractProblemLoader Init config took 4.25s 
629888     INFO  main            d.u.i.k.p.i.AbstractProblemLoader Replaying proof Sampler[ThreadSpec2::staticPermissions()].JML accessible clause.0 
629889     DEBUG main            d.u.i.k.p.i.IntermediateProofReplayer Proof replay took 3ns 
629993     INFO  main            d.u.i.k.p.r.p.TestFile    ... finished proof: closed. 
630565     INFO  main            d.u.i.k.p.i.AbstractProblemLoader Loading environment from /home/runner/work/key/key/key.core/../key.ui/examples/heap/permissions/threads/Sampler_staticPermissions_accessible.key.proof 
630565     DEBUG main            d.u.i.k.p.i.AbstractProblemLoader Environment load took 85.9ns 
630566     INFO  main            d.u.i.k.p.i.AbstractProblemLoader Creating init config 
634720     DEBUG main            d.u.i.k.p.i.AbstractProblemLoader Init config took 4.15s 
634794     INFO  main            d.u.i.k.p.i.AbstractProblemLoader Replaying proof Sampler[ThreadSpec2::staticPermissions()].JML accessible clause.0 
634814     DEBUG main            d.u.i.k.p.i.IntermediateProofReplayer Proof replay took 18.55ms 
634815     DEBUG main            d.u.i.k.p.r.p.TestFile    ... success: reloaded. 
634816     INFO  main            d.u.i.k.p.r.p.TestFile    Now processing file /home/runner/work/key/key/key.core/../key.ui/examples/heap/permissions/threads/Sampler_workingPermissions_accessible.key 
634816     INFO  main            d.u.i.k.p.i.AbstractProblemLoader Loading environment from /home/runner/work/key/key/key.core/../key.ui/examples/heap/permissions/threads/Sampler_workingPermissions_accessible.key 
634816     DEBUG main            d.u.i.k.p.i.AbstractProblemLoader Environment load took 36.8ns 
634817     INFO  main            d.u.i.k.p.i.AbstractProblemLoader Creating init config 
639062     DEBUG main            d.u.i.k.p.i.AbstractProblemLoader Init config took 4.25s 
639137     INFO  main            d.u.i.k.p.i.AbstractProblemLoader Replaying proof Sampler[ThreadSpec2::workingPermissions()].JML accessible clause.0 
639138     DEBUG main            d.u.i.k.p.i.IntermediateProofReplayer Proof replay took 2.8ns 
639241     INFO  main            d.u.i.k.p.r.p.TestFile    ... finished proof: closed. 
639819     INFO  main            d.u.i.k.p.i.AbstractProblemLoader Loading environment from /home/runner/work/key/key/key.core/../key.ui/examples/heap/permissions/threads/Sampler_workingPermissions_accessible.key.proof 
639819     DEBUG main            d.u.i.k.p.i.AbstractProblemLoader Environment load took 71.2ns 
639819     INFO  main            d.u.i.k.p.i.AbstractProblemLoader Creating init config 
643995     DEBUG main            d.u.i.k.p.i.AbstractProblemLoader Init config took 4.18s 
644082     INFO  main            d.u.i.k.p.i.AbstractProblemLoader Replaying proof Sampler[ThreadSpec2::workingPermissions()].JML accessible clause.0 
644087     DEBUG main            d.u.i.k.p.i.IntermediateProofReplayer Proof replay took 4.6ms 
644088     DEBUG main            d.u.i.k.p.r.p.TestFile    ... success: reloaded. 
644089     INFO  main            d.u.i.k.p.r.p.TestFile    Now processing file /home/runner/work/key/key/key.core/../key.ui/examples/heap/permissions/mulleretal/ReadWrite_doRead_contract.key 
644089     INFO  main            d.u.i.k.p.i.AbstractProblemLoader Loading environment from /home/runner/work/key/key/key.core/../key.ui/examples/heap/permissions/mulleretal/ReadWrite_doRead_contract.key 
644089     DEBUG main            d.u.i.k.p.i.AbstractProblemLoader Environment load took 40.7ns 
644090     INFO  main            d.u.i.k.p.i.AbstractProblemLoader Creating init config 
646513     DEBUG main            d.u.i.k.p.i.AbstractProblemLoader Init config took 2.42s 
646544     INFO  main            d.u.i.k.p.i.AbstractProblemLoader Replaying proof ReadWrite[ReadWrite::doRead()].JML normal_behavior operation contract.0 
646546     DEBUG main            d.u.i.k.p.i.IntermediateProofReplayer Proof replay took 4ns 
647991     INFO  main            d.u.i.k.p.r.p.TestFile    ... finished proof: closed. 
648607     INFO  main            d.u.i.k.p.i.AbstractProblemLoader Loading environment from /home/runner/work/key/key/key.core/../key.ui/examples/heap/permissions/mulleretal/ReadWrite_doRead_contract.key.proof 
648607     DEBUG main            d.u.i.k.p.i.AbstractProblemLoader Environment load took 85ns 
648608     INFO  main            d.u.i.k.p.i.AbstractProblemLoader Creating init config 
650995     DEBUG main            d.u.i.k.p.i.AbstractProblemLoader Init config took 2.39s 
651026     INFO  main            d.u.i.k.p.i.AbstractProblemLoader Replaying proof ReadWrite[ReadWrite::doRead()].JML normal_behavior operation contract.0 
651368     DEBUG main            d.u.i.k.p.i.IntermediateProofReplayer Proof replay took 336.41ms 
651369     DEBUG main            d.u.i.k.p.r.p.TestFile    ... success: reloaded. 
651369     INFO  main            d.u.i.k.p.r.p.TestFile    Now processing file /home/runner/work/key/key/key.core/../key.ui/examples/heap/permissions/mulleretal/ReadWrite_doWrite_contract.key 
651370     INFO  main            d.u.i.k.p.i.AbstractProblemLoader Loading environment from /home/runner/work/key/key/key.core/../key.ui/examples/heap/permissions/mulleretal/ReadWrite_doWrite_contract.key 
651370     DEBUG main            d.u.i.k.p.i.AbstractProblemLoader Environment load took 67.8ns 
651370     INFO  main            d.u.i.k.p.i.AbstractProblemLoader Creating init config 
653792     DEBUG main            d.u.i.k.p.i.AbstractProblemLoader Init config took 2.42s 
653823     INFO  main            d.u.i.k.p.i.AbstractProblemLoader Replaying proof ReadWrite[ReadWrite::doWrite()].JML normal_behavior operation contract.0 
653824     DEBUG main            d.u.i.k.p.i.IntermediateProofReplayer Proof replay took 2.6ns 
655367     INFO  main            d.u.i.k.p.r.p.TestFile    ... finished proof: closed. 
655977     INFO  main            d.u.i.k.p.i.AbstractProblemLoader Loading environment from /home/runner/work/key/key/key.core/../key.ui/examples/heap/permissions/mulleretal/ReadWrite_doWrite_contract.key.proof 
655977     DEBUG main            d.u.i.k.p.i.AbstractProblemLoader Environment load took 82.3ns 
655978     INFO  main            d.u.i.k.p.i.AbstractProblemLoader Creating init config 
658338     DEBUG main            d.u.i.k.p.i.AbstractProblemLoader Init config took 2.36s 
658369     INFO  main            d.u.i.k.p.i.AbstractProblemLoader Replaying proof ReadWrite[ReadWrite::doWrite()].JML normal_behavior operation contract.0 
658726     DEBUG main            d.u.i.k.p.i.IntermediateProofReplayer Proof replay took 351.68ms 
658727     DEBUG main            d.u.i.k.p.r.p.TestFile    ... success: reloaded. 
658728     INFO  main            d.u.i.k.p.r.p.TestFile    Now processing file /home/runner/work/key/key/key.core/../key.ui/examples/heap/permissions/mulleretal/ReadWrite_read_contract.key 
658728     INFO  main            d.u.i.k.p.i.AbstractProblemLoader Loading environment from /home/runner/work/key/key/key.core/../key.ui/examples/heap/permissions/mulleretal/ReadWrite_read_contract.key 
658728     DEBUG main            d.u.i.k.p.i.AbstractProblemLoader Environment load took 39.3ns 
658729     INFO  main            d.u.i.k.p.i.AbstractProblemLoader Creating init config 
661158     DEBUG main            d.u.i.k.p.i.AbstractProblemLoader Init config took 2.43s 
661189     INFO  main            d.u.i.k.p.i.AbstractProblemLoader Replaying proof ReadWrite[ReadWrite::read()].JML normal_behavior operation contract.0 
661190     DEBUG main            d.u.i.k.p.i.IntermediateProofReplayer Proof replay took 2.5ns 
661292     INFO  main            d.u.i.k.p.r.p.TestFile    ... finished proof: closed. 
661885     INFO  main            d.u.i.k.p.i.AbstractProblemLoader Loading environment from /home/runner/work/key/key/key.core/../key.ui/examples/heap/permissions/mulleretal/ReadWrite_read_contract.key.proof 
661885     DEBUG main            d.u.i.k.p.i.AbstractProblemLoader Environment load took 71.5ns 
661885     INFO  main            d.u.i.k.p.i.AbstractProblemLoader Creating init config 
664246     DEBUG main            d.u.i.k.p.i.AbstractProblemLoader Init config took 2.36s 
664277     INFO  main            d.u.i.k.p.i.AbstractProblemLoader Replaying proof ReadWrite[ReadWrite::read()].JML normal_behavior operation contract.0 
664284     DEBUG main            d.u.i.k.p.i.IntermediateProofReplayer Proof replay took 6.37ms 
664285     DEBUG main            d.u.i.k.p.r.p.TestFile    ... success: reloaded. 
664286     INFO  main            d.u.i.k.p.r.p.TestFile    Now processing file /home/runner/work/key/key/key.core/../key.ui/examples/heap/permissions/mulleretal/ReadWrite_write_contract.key 
664286     INFO  main            d.u.i.k.p.i.AbstractProblemLoader Loading environment from /home/runner/work/key/key/key.core/../key.ui/examples/heap/permissions/mulleretal/ReadWrite_write_contract.key 
664286     DEBUG main            d.u.i.k.p.i.AbstractProblemLoader Environment load took 87.5ns 
664287     INFO  main            d.u.i.k.p.i.AbstractProblemLoader Creating init config 
666707     DEBUG main            d.u.i.k.p.i.AbstractProblemLoader Init config took 2.42s 
666738     INFO  main            d.u.i.k.p.i.AbstractProblemLoader Replaying proof ReadWrite[ReadWrite::write()].JML normal_behavior operation contract.0 
666739     DEBUG main            d.u.i.k.p.i.IntermediateProofReplayer Proof replay took 2.5ns 
666840     INFO  main            d.u.i.k.p.r.p.TestFile    ... finished proof: closed. 
667434     INFO  main            d.u.i.k.p.i.AbstractProblemLoader Loading environment from /home/runner/work/key/key/key.core/../key.ui/examples/heap/permissions/mulleretal/ReadWrite_write_contract.key.proof 
667434     DEBUG main            d.u.i.k.p.i.AbstractProblemLoader Environment load took 74.5ns 
667435     INFO  main            d.u.i.k.p.i.AbstractProblemLoader Creating init config 
669791     DEBUG main            d.u.i.k.p.i.AbstractProblemLoader Init config took 2.36s 
669823     INFO  main            d.u.i.k.p.i.AbstractProblemLoader Replaying proof ReadWrite[ReadWrite::write()].JML normal_behavior operation contract.0 
669847     DEBUG main            d.u.i.k.p.i.IntermediateProofReplayer Proof replay took 22.9ms 
669848     DEBUG main            d.u.i.k.p.r.p.TestFile    ... success: reloaded. 
669848     INFO  main            d.u.i.k.p.r.p.TestFile    Now processing file /home/runner/work/key/key/key.core/../key.ui/examples/heap/permissions/mulleretal/ReadWrite_inv1_accessible.key 
669849     INFO  main            d.u.i.k.p.i.AbstractProblemLoader Loading environment from /home/runner/work/key/key/key.core/../key.ui/examples/heap/permissions/mulleretal/ReadWrite_inv1_accessible.key 
669849     DEBUG main            d.u.i.k.p.i.AbstractProblemLoader Environment load took 87.8ns 
669849     INFO  main            d.u.i.k.p.i.AbstractProblemLoader Creating init config 
672249     DEBUG main            d.u.i.k.p.i.AbstractProblemLoader Init config took 2.4s 
672280     INFO  main            d.u.i.k.p.i.AbstractProblemLoader Replaying proof ReadWrite[java.lang.Object::<inv>()].JML accessible clause.0 
672281     DEBUG main            d.u.i.k.p.i.IntermediateProofReplayer Proof replay took 2.8ns 
672382     INFO  main            d.u.i.k.p.r.p.TestFile    ... finished proof: closed. 
672977     INFO  main            d.u.i.k.p.i.AbstractProblemLoader Loading environment from /home/runner/work/key/key/key.core/../key.ui/examples/heap/permissions/mulleretal/ReadWrite_inv1_accessible.key.proof 
672977     DEBUG main            d.u.i.k.p.i.AbstractProblemLoader Environment load took 107.1ns 
672978     INFO  main            d.u.i.k.p.i.AbstractProblemLoader Creating init config 
675330     DEBUG main            d.u.i.k.p.i.AbstractProblemLoader Init config took 2.35s 
675360     INFO  main            d.u.i.k.p.i.AbstractProblemLoader Replaying proof ReadWrite[java.lang.Object::<inv>()].JML accessible clause.0 
675363     DEBUG main            d.u.i.k.p.i.IntermediateProofReplayer Proof replay took 1.43ms 
675363     DEBUG main            d.u.i.k.p.r.p.TestFile    ... success: reloaded. 
675364     INFO  main            d.u.i.k.p.r.p.TestFile    Now processing file /home/runner/work/key/key/key.core/../key.ui/examples/heap/permissions/mulleretal/ReadWrite_inv2_accessible.key 
675364     INFO  main            d.u.i.k.p.i.AbstractProblemLoader Loading environment from /home/runner/work/key/key/key.core/../key.ui/examples/heap/permissions/mulleretal/ReadWrite_inv2_accessible.key 
675364     DEBUG main            d.u.i.k.p.i.AbstractProblemLoader Environment load took 39.3ns 
675365     INFO  main            d.u.i.k.p.i.AbstractProblemLoader Creating init config 
677755     DEBUG main            d.u.i.k.p.i.AbstractProblemLoader Init config took 2.39s 
677786     INFO  main            d.u.i.k.p.i.AbstractProblemLoader Replaying proof ReadWrite[java.lang.Object::<inv>()].JML accessible clause.1 
677787     DEBUG main            d.u.i.k.p.i.IntermediateProofReplayer Proof replay took 2.8ns 
677888     INFO  main            d.u.i.k.p.r.p.TestFile    ... finished proof: closed. 
678487     INFO  main            d.u.i.k.p.i.AbstractProblemLoader Loading environment from /home/runner/work/key/key/key.core/../key.ui/examples/heap/permissions/mulleretal/ReadWrite_inv2_accessible.key.proof 
678487     DEBUG main            d.u.i.k.p.i.AbstractProblemLoader Environment load took 71.7ns 
678488     INFO  main            d.u.i.k.p.i.AbstractProblemLoader Creating init config 
680849     DEBUG main            d.u.i.k.p.i.AbstractProblemLoader Init config took 2.36s 
680879     INFO  main            d.u.i.k.p.i.AbstractProblemLoader Replaying proof ReadWrite[java.lang.Object::<inv>()].JML accessible clause.1 
680882     DEBUG main            d.u.i.k.p.i.IntermediateProofReplayer Proof replay took 1.46ms 
680883     DEBUG main            d.u.i.k.p.r.p.TestFile    ... success: reloaded. 
680883     INFO  main            d.u.i.k.p.r.p.TestFile    Now processing file /home/runner/work/key/key/key.core/../key.ui/examples/heap/permissions/lockspec/Counter_lockConsistent_contract.key 
680883     INFO  main            d.u.i.k.p.i.AbstractProblemLoader Loading environment from /home/runner/work/key/key/key.core/../key.ui/examples/heap/permissions/lockspec/Counter_lockConsistent_contract.key 
680883     DEBUG main            d.u.i.k.p.i.AbstractProblemLoader Environment load took 38.1ns 
680884     INFO  main            d.u.i.k.p.i.AbstractProblemLoader Creating init config 
683811     DEBUG main            d.u.i.k.p.i.AbstractProblemLoader Init config took 2.93s 
683861     INFO  main            d.u.i.k.p.i.AbstractProblemLoader Replaying proof Counter[LockSpec::lockConsistent()].JML model_behavior operation contract.0 
683863     DEBUG main            d.u.i.k.p.i.IntermediateProofReplayer Proof replay took 3.3ns 
684791     INFO  main            d.u.i.k.p.r.p.TestFile    ... finished proof: closed. 
685410     INFO  main            d.u.i.k.p.i.AbstractProblemLoader Loading environment from /home/runner/work/key/key/key.core/../key.ui/examples/heap/permissions/lockspec/Counter_lockConsistent_contract.key.proof 
685410     DEBUG main            d.u.i.k.p.i.AbstractProblemLoader Environment load took 129.7ns 
685411     INFO  main            d.u.i.k.p.i.AbstractProblemLoader Creating init config 
688273     DEBUG main            d.u.i.k.p.i.AbstractProblemLoader Init config took 2.86s 
688367     INFO  main            d.u.i.k.p.i.AbstractProblemLoader Replaying proof Counter[LockSpec::lockConsistent()].JML model_behavior operation contract.0 
688631     DEBUG main            d.u.i.k.p.i.IntermediateProofReplayer Proof replay took 238.84ms 
688632     DEBUG main            d.u.i.k.p.r.p.TestFile    ... success: reloaded. 
688633     INFO  main            d.u.i.k.p.r.p.TestFile    Now processing file /home/runner/work/key/key/key.core/../key.ui/examples/heap/permissions/lockspec/Counter_increase_contract.key 
688633     INFO  main            d.u.i.k.p.i.AbstractProblemLoader Loading environment from /home/runner/work/key/key/key.core/../key.ui/examples/heap/permissions/lockspec/Counter_increase_contract.key 
688633     DEBUG main            d.u.i.k.p.i.AbstractProblemLoader Environment load took 159.8ns 
688634     INFO  main            d.u.i.k.p.i.AbstractProblemLoader Creating init config 
691818     DEBUG main            d.u.i.k.p.i.AbstractProblemLoader Init config took 3.18s 
691863     INFO  main            d.u.i.k.p.i.AbstractProblemLoader Replaying proof Counter[Counter::increase()].JML normal_behavior operation contract.0 
691868     DEBUG main            d.u.i.k.p.i.IntermediateProofReplayer Proof replay took 2.6ns 
693578     INFO  main            d.u.i.k.p.r.p.TestFile    ... finished proof: closed. 
694236     INFO  main            d.u.i.k.p.i.AbstractProblemLoader Loading environment from /home/runner/work/key/key/key.core/../key.ui/examples/heap/permissions/lockspec/Counter_increase_contract.key.proof 
694236     DEBUG main            d.u.i.k.p.i.AbstractProblemLoader Environment load took 75.3ns 
694238     INFO  main            d.u.i.k.p.i.AbstractProblemLoader Creating init config 
697096     DEBUG main            d.u.i.k.p.i.AbstractProblemLoader Init config took 2.86s 
697147     INFO  main            d.u.i.k.p.i.AbstractProblemLoader Replaying proof Counter[Counter::increase()].JML normal_behavior operation contract.0 
697515     DEBUG main            d.u.i.k.p.i.IntermediateProofReplayer Proof replay took 352.82ms 
697525     DEBUG main            d.u.i.k.p.r.p.TestFile    ... success: reloaded. 
697526     INFO  main            d.u.i.k.p.r.p.TestFile    Now processing file /home/runner/work/key/key/key.core/../key.ui/examples/heap/permissions/lockspec/Counter_fp_accessible.key 
697526     INFO  main            d.u.i.k.p.i.AbstractProblemLoader Loading environment from /home/runner/work/key/key/key.core/../key.ui/examples/heap/permissions/lockspec/Counter_fp_accessible.key 
697526     DEBUG main            d.u.i.k.p.i.AbstractProblemLoader Environment load took 143.8ns 
697527     INFO  main            d.u.i.k.p.i.AbstractProblemLoader Creating init config 
700469     DEBUG main            d.u.i.k.p.i.AbstractProblemLoader Init config took 2.94s 
700523     INFO  main            d.u.i.k.p.i.AbstractProblemLoader Replaying proof Counter[LockSpec::fp()].JML accessible clause.0 
700525     DEBUG main            d.u.i.k.p.i.IntermediateProofReplayer Proof replay took 2.7ns 
700626     INFO  main            d.u.i.k.p.r.p.TestFile    ... finished proof: closed. 
701230     INFO  main            d.u.i.k.p.i.AbstractProblemLoader Loading environment from /home/runner/work/key/key/key.core/../key.ui/examples/heap/permissions/lockspec/Counter_fp_accessible.key.proof 
701230     DEBUG main            d.u.i.k.p.i.AbstractProblemLoader Environment load took 74.1ns 
701230     INFO  main            d.u.i.k.p.i.AbstractProblemLoader Creating init config 
704078     DEBUG main            d.u.i.k.p.i.AbstractProblemLoader Init config took 2.85s 
704133     INFO  main            d.u.i.k.p.i.AbstractProblemLoader Replaying proof Counter[LockSpec::fp()].JML accessible clause.0 
704144     DEBUG main            d.u.i.k.p.i.IntermediateProofReplayer Proof replay took 9.05ms 
704145     DEBUG main            d.u.i.k.p.r.p.TestFile    ... success: reloaded. 
704145     INFO  main            d.u.i.k.p.r.p.TestFile    Now processing file /home/runner/work/key/key/key.core/../key.ui/examples/heap/permissions/lockspec/Counter_fpLock_accessible.key 
704146     INFO  main            d.u.i.k.p.i.AbstractProblemLoader Loading environment from /home/runner/work/key/key/key.core/../key.ui/examples/heap/permissions/lockspec/Counter_fpLock_accessible.key 
704146     DEBUG main            d.u.i.k.p.i.AbstractProblemLoader Environment load took 113.6ns 
704147     INFO  main            d.u.i.k.p.i.AbstractProblemLoader Creating init config 
707182     DEBUG main            d.u.i.k.p.i.AbstractProblemLoader Init config took 3.03s 
707276     INFO  main            d.u.i.k.p.i.AbstractProblemLoader Replaying proof Counter[LockSpec::fpLock()].JML accessible clause.0 
707286     DEBUG main            d.u.i.k.p.i.IntermediateProofReplayer Proof replay took 2.7ns 
707394     INFO  main            d.u.i.k.p.r.p.TestFile    ... finished proof: closed. 
708044     INFO  main            d.u.i.k.p.i.AbstractProblemLoader Loading environment from /home/runner/work/key/key/key.core/../key.ui/examples/heap/permissions/lockspec/Counter_fpLock_accessible.key.proof 
708045     DEBUG main            d.u.i.k.p.i.AbstractProblemLoader Environment load took 80.5ns 
708045     INFO  main            d.u.i.k.p.i.AbstractProblemLoader Creating init config 
710963     DEBUG main            d.u.i.k.p.i.AbstractProblemLoader Init config took 2.92s 
711017     INFO  main            d.u.i.k.p.i.AbstractProblemLoader Replaying proof Counter[LockSpec::fpLock()].JML accessible clause.0 
711027     DEBUG main            d.u.i.k.p.i.IntermediateProofReplayer Proof replay took 8.64ms 
711028     DEBUG main            d.u.i.k.p.r.p.TestFile    ... success: reloaded. 
711029     INFO  main            d.u.i.k.p.r.p.TestFile    Now processing file /home/runner/work/key/key/key.core/../key.ui/examples/heap/permissions/lockspec/Counter_fpPerm_accessible.key 
711029     INFO  main            d.u.i.k.p.i.AbstractProblemLoader Loading environment from /home/runner/work/key/key/key.core/../key.ui/examples/heap/permissions/lockspec/Counter_fpPerm_accessible.key 
711029     DEBUG main            d.u.i.k.p.i.AbstractProblemLoader Environment load took 154.5ns 
711030     INFO  main            d.u.i.k.p.i.AbstractProblemLoader Creating init config 
713944     DEBUG main            d.u.i.k.p.i.AbstractProblemLoader Init config took 2.91s 
714013     INFO  main            d.u.i.k.p.i.AbstractProblemLoader Replaying proof Counter[LockSpec::fpPerm()].JML accessible clause.0 
714014     DEBUG main            d.u.i.k.p.i.IntermediateProofReplayer Proof replay took 3.5ns 
714115     INFO  main            d.u.i.k.p.r.p.TestFile    ... finished proof: closed. 
714755     INFO  main            d.u.i.k.p.i.AbstractProblemLoader Loading environment from /home/runner/work/key/key/key.core/../key.ui/examples/heap/permissions/lockspec/Counter_fpPerm_accessible.key.proof 
714755     DEBUG main            d.u.i.k.p.i.AbstractProblemLoader Environment load took 70.4ns 
714756     INFO  main            d.u.i.k.p.i.AbstractProblemLoader Creating init config 
717612     DEBUG main            d.u.i.k.p.i.AbstractProblemLoader Init config took 2.86s 
717667     INFO  main            d.u.i.k.p.i.AbstractProblemLoader Replaying proof Counter[LockSpec::fpPerm()].JML accessible clause.0 
717677     DEBUG main            d.u.i.k.p.i.IntermediateProofReplayer Proof replay took 7.74ms 
717678     DEBUG main            d.u.i.k.p.r.p.TestFile    ... success: reloaded. 
717679     INFO  main            d.u.i.k.p.r.p.TestFile    Now processing file /home/runner/work/key/key/key.core/../key.ui/examples/heap/permissions/lockspec/Counter_inv_accessible1.key 
717679     INFO  main            d.u.i.k.p.i.AbstractProblemLoader Loading environment from /home/runner/work/key/key/key.core/../key.ui/examples/heap/permissions/lockspec/Counter_inv_accessible1.key 
717679     DEBUG main            d.u.i.k.p.i.AbstractProblemLoader Environment load took 199.9ns 
717680     INFO  main            d.u.i.k.p.i.AbstractProblemLoader Creating init config 
720648     DEBUG main            d.u.i.k.p.i.AbstractProblemLoader Init config took 2.97s 
720700     INFO  main            d.u.i.k.p.i.AbstractProblemLoader Replaying proof Counter[java.lang.Object::<inv>()].JML accessible clause.0 
720701     DEBUG main            d.u.i.k.p.i.IntermediateProofReplayer Proof replay took 3.1ns 
720803     INFO  main            d.u.i.k.p.r.p.TestFile    ... finished proof: closed. 
721431     INFO  main            d.u.i.k.p.i.AbstractProblemLoader Loading environment from /home/runner/work/key/key/key.core/../key.ui/examples/heap/permissions/lockspec/Counter_inv_accessible1.key.proof 
721431     DEBUG main            d.u.i.k.p.i.AbstractProblemLoader Environment load took 69.7ns 
721432     INFO  main            d.u.i.k.p.i.AbstractProblemLoader Creating init config 
724359     DEBUG main            d.u.i.k.p.i.AbstractProblemLoader Init config took 2.93s 
724413     INFO  main            d.u.i.k.p.i.AbstractProblemLoader Replaying proof Counter[java.lang.Object::<inv>()].JML accessible clause.0 
724427     DEBUG main            d.u.i.k.p.i.IntermediateProofReplayer Proof replay took 12.7ms 
724427     DEBUG main            d.u.i.k.p.r.p.TestFile    ... success: reloaded. 
724428     INFO  main            d.u.i.k.p.r.p.TestFile    Now processing file /home/runner/work/key/key/key.core/../key.ui/examples/heap/permissions/lockspec/Counter_inv_accessible2.key 
724428     INFO  main            d.u.i.k.p.i.AbstractProblemLoader Loading environment from /home/runner/work/key/key/key.core/../key.ui/examples/heap/permissions/lockspec/Counter_inv_accessible2.key 
724429     DEBUG main            d.u.i.k.p.i.AbstractProblemLoader Environment load took 155ns 
724429     INFO  main            d.u.i.k.p.i.AbstractProblemLoader Creating init config 
727351     DEBUG main            d.u.i.k.p.i.AbstractProblemLoader Init config took 2.92s 
727399     INFO  main            d.u.i.k.p.i.AbstractProblemLoader Replaying proof Counter[java.lang.Object::<inv>()].JML accessible clause.1 
727400     DEBUG main            d.u.i.k.p.i.IntermediateProofReplayer Proof replay took 3.5ns 
727502     INFO  main            d.u.i.k.p.r.p.TestFile    ... finished proof: closed. 
728133     INFO  main            d.u.i.k.p.i.AbstractProblemLoader Loading environment from /home/runner/work/key/key/key.core/../key.ui/examples/heap/permissions/lockspec/Counter_inv_accessible2.key.proof 
728133     DEBUG main            d.u.i.k.p.i.AbstractProblemLoader Environment load took 83.6ns 
728134     INFO  main            d.u.i.k.p.i.AbstractProblemLoader Creating init config 
731119     DEBUG main            d.u.i.k.p.i.AbstractProblemLoader Init config took 2.98s 
731172     INFO  main            d.u.i.k.p.i.AbstractProblemLoader Replaying proof Counter[java.lang.Object::<inv>()].JML accessible clause.1 
731184     DEBUG main            d.u.i.k.p.i.IntermediateProofReplayer Proof replay took 10.14ms 
731185     DEBUG main            d.u.i.k.p.r.p.TestFile    ... success: reloaded. 
731185     INFO  main            d.u.i.k.p.r.p.TestFile    Now processing file /home/runner/work/key/key/key.core/../key.ui/examples/heap/permissions/lockspec/Counter_lockRef_accessible.key 
731186     INFO  main            d.u.i.k.p.i.AbstractProblemLoader Loading environment from /home/runner/work/key/key/key.core/../key.ui/examples/heap/permissions/lockspec/Counter_lockRef_accessible.key 
731186     DEBUG main            d.u.i.k.p.i.AbstractProblemLoader Environment load took 73.4ns 
731186     INFO  main            d.u.i.k.p.i.AbstractProblemLoader Creating init config 
734153     DEBUG main            d.u.i.k.p.i.AbstractProblemLoader Init config took 2.97s 
734202     INFO  main            d.u.i.k.p.i.AbstractProblemLoader Replaying proof Counter[LockSpec::lockRef()].JML accessible clause.0 
734204     DEBUG main            d.u.i.k.p.i.IntermediateProofReplayer Proof replay took 3.2ns 
734405     INFO  main            d.u.i.k.p.r.p.TestFile    ... finished proof: closed. 
735056     INFO  main            d.u.i.k.p.i.AbstractProblemLoader Loading environment from /home/runner/work/key/key/key.core/../key.ui/examples/heap/permissions/lockspec/Counter_lockRef_accessible.key.proof 
735056     DEBUG main            d.u.i.k.p.i.AbstractProblemLoader Environment load took 74.3ns 
735056     INFO  main            d.u.i.k.p.i.AbstractProblemLoader Creating init config 
737910     DEBUG main            d.u.i.k.p.i.AbstractProblemLoader Init config took 2.85s 
737966     INFO  main            d.u.i.k.p.i.AbstractProblemLoader Replaying proof Counter[LockSpec::lockRef()].JML accessible clause.0 
738005     DEBUG main            d.u.i.k.p.i.IntermediateProofReplayer Proof replay took 37.39ms 
738006     DEBUG main            d.u.i.k.p.r.p.TestFile    ... success: reloaded. 
738007     INFO  main            d.u.i.k.p.r.p.TestFile    Now processing file /home/runner/work/key/key/key.core/../key.ui/examples/heap/permissions/lockspec/Counter_lockRef_contract1.key 
738008     INFO  main            d.u.i.k.p.i.AbstractProblemLoader Loading environment from /home/runner/work/key/key/key.core/../key.ui/examples/heap/permissions/lockspec/Counter_lockRef_contract1.key 
738008     DEBUG main            d.u.i.k.p.i.AbstractProblemLoader Environment load took 205.8ns 
738009     INFO  main            d.u.i.k.p.i.AbstractProblemLoader Creating init config 
740946     DEBUG main            d.u.i.k.p.i.AbstractProblemLoader Init config took 2.94s 
740995     INFO  main            d.u.i.k.p.i.AbstractProblemLoader Replaying proof Counter[LockSpec::lockRef()].JML model_behavior operation contract.0 
740996     DEBUG main            d.u.i.k.p.i.IntermediateProofReplayer Proof replay took 3ns 
741097     INFO  main            d.u.i.k.p.r.p.TestFile    ... finished proof: closed. 
741740     INFO  main            d.u.i.k.p.i.AbstractProblemLoader Loading environment from /home/runner/work/key/key/key.core/../key.ui/examples/heap/permissions/lockspec/Counter_lockRef_contract1.key.proof 
741740     DEBUG main            d.u.i.k.p.i.AbstractProblemLoader Environment load took 94.5ns 
741741     INFO  main            d.u.i.k.p.i.AbstractProblemLoader Creating init config 
744586     DEBUG main            d.u.i.k.p.i.AbstractProblemLoader Init config took 2.85s 
744645     INFO  main            d.u.i.k.p.i.AbstractProblemLoader Replaying proof Counter[LockSpec::lockRef()].JML model_behavior operation contract.0 
744650     DEBUG main            d.u.i.k.p.i.IntermediateProofReplayer Proof replay took 3.75ms 
744651     DEBUG main            d.u.i.k.p.r.p.TestFile    ... success: reloaded. 
744652     INFO  main            d.u.i.k.p.r.p.TestFile    Now processing file /home/runner/work/key/key/key.core/../key.ui/examples/heap/permissions/lockspec/Counter_lockRef_contract2.key 
744652     INFO  main            d.u.i.k.p.i.AbstractProblemLoader Loading environment from /home/runner/work/key/key/key.core/../key.ui/examples/heap/permissions/lockspec/Counter_lockRef_contract2.key 
744652     DEBUG main            d.u.i.k.p.i.AbstractProblemLoader Environment load took 185.5ns 
744653     INFO  main            d.u.i.k.p.i.AbstractProblemLoader Creating init config 
747583     DEBUG main            d.u.i.k.p.i.AbstractProblemLoader Init config took 2.93s 
747630     INFO  main            d.u.i.k.p.i.AbstractProblemLoader Replaying proof Counter[Counter::lockRef()].JML model_behavior operation contract.0 
747632     DEBUG main            d.u.i.k.p.i.IntermediateProofReplayer Proof replay took 2.9ns 
747733     INFO  main            d.u.i.k.p.r.p.TestFile    ... finished proof: closed. 
748382     INFO  main            d.u.i.k.p.i.AbstractProblemLoader Loading environment from /home/runner/work/key/key/key.core/../key.ui/examples/heap/permissions/lockspec/Counter_lockRef_contract2.key.proof 
748382     DEBUG main            d.u.i.k.p.i.AbstractProblemLoader Environment load took 66.7ns 
748383     INFO  main            d.u.i.k.p.i.AbstractProblemLoader Creating init config 
751223     DEBUG main            d.u.i.k.p.i.AbstractProblemLoader Init config took 2.84s 
751277     INFO  main            d.u.i.k.p.i.AbstractProblemLoader Replaying proof Counter[Counter::lockRef()].JML model_behavior operation contract.0 
751282     DEBUG main            d.u.i.k.p.i.IntermediateProofReplayer Proof replay took 3.78ms 
751282     DEBUG main            d.u.i.k.p.r.p.TestFile    ... success: reloaded. 
751283     INFO  main            d.u.i.k.p.r.p.TestFile    Now processing file /home/runner/work/key/key/key.core/../key.ui/examples/heap/permissions/lockspec/Counter_lockState_accessible.key 
751283     INFO  main            d.u.i.k.p.i.AbstractProblemLoader Loading environment from /home/runner/work/key/key/key.core/../key.ui/examples/heap/permissions/lockspec/Counter_lockState_accessible.key 
751283     DEBUG main            d.u.i.k.p.i.AbstractProblemLoader Environment load took 74.8ns 
751284     INFO  main            d.u.i.k.p.i.AbstractProblemLoader Creating init config 
754228     DEBUG main            d.u.i.k.p.i.AbstractProblemLoader Init config took 2.94s 
754276     INFO  main            d.u.i.k.p.i.AbstractProblemLoader Replaying proof Counter[LockSpec::lockState(boolean)].JML accessible clause.0 
754278     DEBUG main            d.u.i.k.p.i.IntermediateProofReplayer Proof replay took 3.2ns 
754680     INFO  main            d.u.i.k.p.r.p.TestFile    ... finished proof: closed. 
755329     INFO  main            d.u.i.k.p.i.AbstractProblemLoader Loading environment from /home/runner/work/key/key/key.core/../key.ui/examples/heap/permissions/lockspec/Counter_lockState_accessible.key.proof 
755329     DEBUG main            d.u.i.k.p.i.AbstractProblemLoader Environment load took 68.6ns 
755330     INFO  main            d.u.i.k.p.i.AbstractProblemLoader Creating init config 
758323     DEBUG main            d.u.i.k.p.i.AbstractProblemLoader Init config took 2.99s 
758378     INFO  main            d.u.i.k.p.i.AbstractProblemLoader Replaying proof Counter[LockSpec::lockState(boolean)].JML accessible clause.0 
758479     DEBUG main            d.u.i.k.p.i.IntermediateProofReplayer Proof replay took 96.78ms 
758479     DEBUG main            d.u.i.k.p.r.p.TestFile    ... success: reloaded. 
758480     INFO  main            d.u.i.k.p.r.p.TestFile    Now processing file /home/runner/work/key/key/key.core/../key.ui/examples/heap/permissions/lockspec/Counter_lockStatus_accessible.key 
758482     INFO  main            d.u.i.k.p.i.AbstractProblemLoader Loading environment from /home/runner/work/key/key/key.core/../key.ui/examples/heap/permissions/lockspec/Counter_lockStatus_accessible.key 
758482     DEBUG main            d.u.i.k.p.i.AbstractProblemLoader Environment load took 164.3ns 
758483     INFO  main            d.u.i.k.p.i.AbstractProblemLoader Creating init config 
761434     DEBUG main            d.u.i.k.p.i.AbstractProblemLoader Init config took 2.95s 
761482     INFO  main            d.u.i.k.p.i.AbstractProblemLoader Replaying proof Counter[LockSpec::lockStatus(boolean)].JML accessible clause.0 
761483     DEBUG main            d.u.i.k.p.i.IntermediateProofReplayer Proof replay took 3ns 
761585     INFO  main            d.u.i.k.p.r.p.TestFile    ... finished proof: closed. 
762250     INFO  main            d.u.i.k.p.i.AbstractProblemLoader Loading environment from /home/runner/work/key/key/key.core/../key.ui/examples/heap/permissions/lockspec/Counter_lockStatus_accessible.key.proof 
762250     DEBUG main            d.u.i.k.p.i.AbstractProblemLoader Environment load took 68.4ns 
762251     INFO  main            d.u.i.k.p.i.AbstractProblemLoader Creating init config 
765091     DEBUG main            d.u.i.k.p.i.AbstractProblemLoader Init config took 2.84s 
765159     INFO  main            d.u.i.k.p.i.AbstractProblemLoader Replaying proof Counter[LockSpec::lockStatus(boolean)].JML accessible clause.0 
765182     DEBUG main            d.u.i.k.p.i.IntermediateProofReplayer Proof replay took 20.8ms 
765183     DEBUG main            d.u.i.k.p.r.p.TestFile    ... success: reloaded. 
765183     INFO  main            d.u.i.k.p.r.p.TestFile    Now processing file /home/runner/work/key/key/key.core/../key.ui/examples/heap/permissions/lockspec/Counter_lockTransfer_accessible.key 
765184     INFO  main            d.u.i.k.p.i.AbstractProblemLoader Loading environment from /home/runner/work/key/key/key.core/../key.ui/examples/heap/permissions/lockspec/Counter_lockTransfer_accessible.key 
765184     DEBUG main            d.u.i.k.p.i.AbstractProblemLoader Environment load took 151.2ns 
765184     INFO  main            d.u.i.k.p.i.AbstractProblemLoader Creating init config 
768110     DEBUG main            d.u.i.k.p.i.AbstractProblemLoader Init config took 2.93s 
768158     INFO  main            d.u.i.k.p.i.AbstractProblemLoader Replaying proof Counter[LockSpec::lockTransfer()].JML accessible clause.0 
768160     DEBUG main            d.u.i.k.p.i.IntermediateProofReplayer Proof replay took 2.9ns 
768462     INFO  main            d.u.i.k.p.r.p.TestFile    ... finished proof: closed. 
769140     INFO  main            d.u.i.k.p.i.AbstractProblemLoader Loading environment from /home/runner/work/key/key/key.core/../key.ui/examples/heap/permissions/lockspec/Counter_lockTransfer_accessible.key.proof 
769140     DEBUG main            d.u.i.k.p.i.AbstractProblemLoader Environment load took 67.8ns 
769141     INFO  main            d.u.i.k.p.i.AbstractProblemLoader Creating init config 
772009     DEBUG main            d.u.i.k.p.i.AbstractProblemLoader Init config took 2.87s 
772063     INFO  main            d.u.i.k.p.i.AbstractProblemLoader Replaying proof Counter[LockSpec::lockTransfer()].JML accessible clause.0 
772150     DEBUG main            d.u.i.k.p.i.IntermediateProofReplayer Proof replay took 83.49ms 
772160     DEBUG main            d.u.i.k.p.r.p.TestFile    ... success: reloaded. 
772161     INFO  main            d.u.i.k.p.r.p.TestFile    Now processing file /home/runner/work/key/key/key.core/../key.ui/examples/heap/permissions/lockspec/Counter_unlockTransfer_accessible.key 
772162     INFO  main            d.u.i.k.p.i.AbstractProblemLoader Loading environment from /home/runner/work/key/key/key.core/../key.ui/examples/heap/permissions/lockspec/Counter_unlockTransfer_accessible.key 
772162     DEBUG main            d.u.i.k.p.i.AbstractProblemLoader Environment load took 174.8ns 
772163     INFO  main            d.u.i.k.p.i.AbstractProblemLoader Creating init config 
775123     DEBUG main            d.u.i.k.p.i.AbstractProblemLoader Init config took 2.96s 
775172     INFO  main            d.u.i.k.p.i.AbstractProblemLoader Replaying proof Counter[LockSpec::unlockTransfer()].JML accessible clause.0 
775174     DEBUG main            d.u.i.k.p.i.IntermediateProofReplayer Proof replay took 3.1ns 
775477     INFO  main            d.u.i.k.p.r.p.TestFile    ... finished proof: closed. 
776172     INFO  main            d.u.i.k.p.i.AbstractProblemLoader Loading environment from /home/runner/work/key/key/key.core/../key.ui/examples/heap/permissions/lockspec/Counter_unlockTransfer_accessible.key.proof 
776172     DEBUG main            d.u.i.k.p.i.AbstractProblemLoader Environment load took 79.7ns 
776173     INFO  main            d.u.i.k.p.i.AbstractProblemLoader Creating init config 
779046     DEBUG main            d.u.i.k.p.i.AbstractProblemLoader Init config took 2.87s 
779100     INFO  main            d.u.i.k.p.i.AbstractProblemLoader Replaying proof Counter[LockSpec::unlockTransfer()].JML accessible clause.0 
779164     DEBUG main            d.u.i.k.p.i.IntermediateProofReplayer Proof replay took 60.93ms 
779165     DEBUG main            d.u.i.k.p.r.p.TestFile    ... success: reloaded. 
779166     INFO  main            d.u.i.k.p.r.p.TestFile    Now processing file /home/runner/work/key/key/key.core/../key.ui/examples/heap/permissions/threads/Plotter_startTransfer_contract.proof 
779166     INFO  main            d.u.i.k.p.i.AbstractProblemLoader Loading environment from /home/runner/work/key/key/key.core/../key.ui/examples/heap/permissions/threads/Plotter_startTransfer_contract.proof 
779166     DEBUG main            d.u.i.k.p.i.AbstractProblemLoader Environment load took 155.6ns 
779167     INFO  main            d.u.i.k.p.i.AbstractProblemLoader Creating init config 
783574     DEBUG main            d.u.i.k.p.i.AbstractProblemLoader Init config took 4.41s 
783651     INFO  main            d.u.i.k.p.i.AbstractProblemLoader Replaying proof Plotter[ThreadSpec2::startTransfer()].JML model_behavior operation contract.0 
783801     DEBUG main            d.u.i.k.p.i.IntermediateProofReplayer Proof replay took 128.95ms 
783836     INFO  main            d.u.i.k.p.r.p.TestFile    ... success: loaded 
783837     INFO  main            d.u.i.k.p.r.p.TestFile    Now processing file /home/runner/work/key/key/key.core/../key.ui/examples/heap/permissions/threads/Plotter_startTransfer_accessible.proof 
783837     INFO  main            d.u.i.k.p.i.AbstractProblemLoader Loading environment from /home/runner/work/key/key/key.core/../key.ui/examples/heap/permissions/threads/Plotter_startTransfer_accessible.proof 
783837     DEBUG main            d.u.i.k.p.i.AbstractProblemLoader Environment load took 37ns 
783838     INFO  main            d.u.i.k.p.i.AbstractProblemLoader Creating init config 
788258     DEBUG main            d.u.i.k.p.i.AbstractProblemLoader Init config took 4.42s 
788334     INFO  main            d.u.i.k.p.i.AbstractProblemLoader Replaying proof Plotter[ThreadSpec2::startTransfer()].JML accessible clause.0 
788509     DEBUG main            d.u.i.k.p.i.IntermediateProofReplayer Proof replay took 172.3ms 
788516     INFO  main            d.u.i.k.p.r.p.TestFile    ... success: loaded 
788517     INFO  main            d.u.i.k.p.r.p.TestFile    Now processing file /home/runner/work/key/key/key.core/../key.ui/examples/heap/permissions/threads/Plotter_joinTransfer_accessible.proof 
788517     INFO  main            d.u.i.k.p.i.AbstractProblemLoader Loading environment from /home/runner/work/key/key/key.core/../key.ui/examples/heap/permissions/threads/Plotter_joinTransfer_accessible.proof 
788517     DEBUG main            d.u.i.k.p.i.AbstractProblemLoader Environment load took 67.71ns 
788518     INFO  main            d.u.i.k.p.i.AbstractProblemLoader Creating init config 
793075     DEBUG main            d.u.i.k.p.i.AbstractProblemLoader Init config took 4.56s 
793160     INFO  main            d.u.i.k.p.i.AbstractProblemLoader Replaying proof Plotter[ThreadSpec2::joinTransfer()].JML accessible clause.0 
793175     WARN  main            d.u.i.k.p.i.IntermediateProofReplayer Proof contains wrong number of \assumes instatiations for Definition_axiom_for_stateInv_in_Plotter 
793188     WARN  main            d.u.i.k.p.i.IntermediateProofReplayer Proof contains wrong number of \assumes instatiations for Definition_axiom_for_stateInv_in_Plotter 
793191     WARN  main            d.u.i.k.p.i.IntermediateProofReplayer Proof contains wrong number of \assumes instatiations for Definition_axiom_for_workingPermissions_in_Plotter 
793191     WARN  main            d.u.i.k.p.i.IntermediateProofReplayer Proof contains wrong number of \assumes instatiations for Definition_axiom_for_staticPermissions_in_Plotter 
793192     WARN  main            d.u.i.k.p.i.IntermediateProofReplayer Proof contains wrong number of \assumes instatiations for Definition_axiom_for_joinTransfer_in_Plotter 
793194     WARN  main            d.u.i.k.p.i.IntermediateProofReplayer Proof contains wrong number of \assumes instatiations for Definition_axiom_for_stateInv_in_BFilter 
793201     WARN  main            d.u.i.k.p.i.IntermediateProofReplayer Proof contains wrong number of \assumes instatiations for Definition_axiom_for_stateInv_in_AFilter 
793226     WARN  main            d.u.i.k.p.i.IntermediateProofReplayer Proof contains wrong number of \assumes instatiations for Definition_axiom_for_stateInv_in_BFilter 
793228     WARN  main            d.u.i.k.p.i.IntermediateProofReplayer Proof contains wrong number of \assumes instatiations for Definition_axiom_for_stateInv_in_AFilter 
793230     WARN  main            d.u.i.k.p.i.IntermediateProofReplayer Proof contains wrong number of \assumes instatiations for Definition_axiom_for_staticPermissions_in_AFilter 
793231     WARN  main            d.u.i.k.p.i.IntermediateProofReplayer Proof contains wrong number of \assumes instatiations for Definition_axiom_for_staticPermissions_in_Plotter 
793232     WARN  main            d.u.i.k.p.i.IntermediateProofReplayer Proof contains wrong number of \assumes instatiations for Definition_axiom_for_staticPermissions_in_BFilter 
793233     WARN  main            d.u.i.k.p.i.IntermediateProofReplayer Proof contains wrong number of \assumes instatiations for Definition_axiom_for_workingPermissions_in_Plotter 
793234     WARN  main            d.u.i.k.p.i.IntermediateProofReplayer Proof contains wrong number of \assumes instatiations for Definition_axiom_for_stateInv_in_Sampler 
793235     WARN  main            d.u.i.k.p.i.IntermediateProofReplayer Proof contains wrong number of \assumes instatiations for Definition_axiom_for_stateInv_in_Sampler 
793236     WARN  main            d.u.i.k.p.i.IntermediateProofReplayer Proof contains wrong number of \assumes instatiations for Definition_axiom_for_staticPermissions_in_Sampler 
793236     WARN  main            d.u.i.k.p.i.IntermediateProofReplayer Proof contains wrong number of \assumes instatiations for Definition_axiom_for_staticPermissions_in_BFilter 
793237     WARN  main            d.u.i.k.p.i.IntermediateProofReplayer Proof contains wrong number of \assumes instatiations for Definition_axiom_for_staticPermissions_in_AFilter 
793238     WARN  main            d.u.i.k.p.i.IntermediateProofReplayer Proof contains wrong number of \assumes instatiations for Definition_axiom_for_staticPermissions_in_Sampler 
793239     WARN  main            d.u.i.k.p.i.IntermediateProofReplayer Proof contains wrong number of \assumes instatiations for Definition_axiom_for_staticPermissions_in_Sampler 
793239     WARN  main            d.u.i.k.p.i.IntermediateProofReplayer Proof contains wrong number of \assumes instatiations for Definition_axiom_for_staticPermissions_in_Sampler 
793240     WARN  main            d.u.i.k.p.i.IntermediateProofReplayer Proof contains wrong number of \assumes instatiations for Definition_axiom_for_joinTransfer_in_Plotter 
793347     DEBUG main            d.u.i.k.p.i.IntermediateProofReplayer Proof replay took 182.1ms 
793352     INFO  main            d.u.i.k.p.r.p.TestFile    ... success: loaded 
4847227    INFO  Test worker     d.u.i.k.p.r.RunAllProofsTestUnit Returning from test permissionHeap 
4847228    INFO  Test worker     d.u.i.k.p.r.RunAllProofsTestUnit Running test completionScopes 
379        INFO  Timeout watchdog d.u.i.k.p.r.p.ForkedTestFileRunner Timeout watcher launched (2000 secs.) 
405        WARN  main            d.u.i.k.s.ProofSettings   The settings in /home/runner/.key/proof-settings.props are *not* read. 
450        INFO  main            d.u.i.k.p.r.p.TestFile    Now processing file /home/runner/work/key/key/key.core/../key.ui/examples/completionscopes/testCcatchReturnVal.key 
576        INFO  main            d.u.i.k.p.i.AbstractProblemLoader Loading environment from /home/runner/work/key/key/key.core/../key.ui/examples/completionscopes/testCcatchReturnVal.key 
599        DEBUG main            d.u.i.k.p.i.AbstractProblemLoader Environment load took 8.02ms 
816        INFO  main            d.u.i.k.p.i.AbstractProblemLoader Creating init config 
1747       DEBUG main            d.u.i.k.j.TypeConverter   No LDT found for Meta 
1748       DEBUG main            d.u.i.k.j.TypeConverter   No LDT found for Meta 
1753       DEBUG main            d.u.i.k.j.TypeConverter   No LDT found for Meta 
1754       DEBUG main            d.u.i.k.j.TypeConverter   No LDT found for Meta 
3228       DEBUG main            d.u.i.k.j.TypeConverter   No LDT found for JavaBigintExpression 
8046       DEBUG main            d.u.i.k.p.i.AbstractProblemLoader Init config took 7.23s 
8196       INFO  main            d.u.i.k.p.i.AbstractProblemLoader Replaying proof CompletionScopes[CompletionScopes::testCcatchReturnVal()].JML normal_behavior operation contract.0 
8228       DEBUG main            d.u.i.k.p.i.IntermediateProofReplayer Proof replay took 30.8ns 
8757       INFO  main            d.u.i.k.p.r.p.TestFile    ... finished proof: closed. 
8867       INFO  main            d.u.i.k.p.i.AbstractProblemLoader Loading environment from /home/runner/work/key/key/key.core/../key.ui/examples/completionscopes/testCcatchReturnVal.key.proof 
8868       DEBUG main            d.u.i.k.p.i.AbstractProblemLoader Environment load took 1.2ms 
8871       INFO  main            d.u.i.k.p.i.AbstractProblemLoader Creating init config 
11570      DEBUG main            d.u.i.k.p.i.AbstractProblemLoader Init config took 2.7s 
11646      INFO  main            d.u.i.k.p.i.AbstractProblemLoader Replaying proof CompletionScopes[CompletionScopes::testCcatchReturnVal()].JML normal_behavior operation contract.0 
11711      DEBUG main            d.u.i.k.p.i.IntermediateProofReplayer Proof replay took 60.22ms 
11726      DEBUG main            d.u.i.k.p.r.p.TestFile    ... success: reloaded. 
11732      INFO  main            d.u.i.k.p.r.p.TestFile    Now processing file /home/runner/work/key/key/key.core/../key.ui/examples/completionscopes/testMultCcatchClauses.key 
11733      INFO  main            d.u.i.k.p.i.AbstractProblemLoader Loading environment from /home/runner/work/key/key/key.core/../key.ui/examples/completionscopes/testMultCcatchClauses.key 
11733      DEBUG main            d.u.i.k.p.i.AbstractProblemLoader Environment load took 237.6ns 
11735      INFO  main            d.u.i.k.p.i.AbstractProblemLoader Creating init config 
14372      DEBUG main            d.u.i.k.p.i.AbstractProblemLoader Init config took 2.64s 
14431      INFO  main            d.u.i.k.p.i.AbstractProblemLoader Replaying proof CompletionScopes[CompletionScopes::testMultCcatchClauses()].JML normal_behavior operation contract.0 
14434      DEBUG main            d.u.i.k.p.i.IntermediateProofReplayer Proof replay took 5.9ns 
14738      INFO  main            d.u.i.k.p.r.p.TestFile    ... finished proof: closed. 
14878      INFO  main            d.u.i.k.p.i.AbstractProblemLoader Loading environment from /home/runner/work/key/key/key.core/../key.ui/examples/completionscopes/testMultCcatchClauses.key.proof 
14878      DEBUG main            d.u.i.k.p.i.AbstractProblemLoader Environment load took 141.6ns 
14881      INFO  main            d.u.i.k.p.i.AbstractProblemLoader Creating init config 
17426      DEBUG main            d.u.i.k.p.i.AbstractProblemLoader Init config took 2.55s 
17479      INFO  main            d.u.i.k.p.i.AbstractProblemLoader Replaying proof CompletionScopes[CompletionScopes::testMultCcatchClauses()].JML normal_behavior operation contract.0 
17567      DEBUG main            d.u.i.k.p.i.IntermediateProofReplayer Proof replay took 84.56ms 
17568      DEBUG main            d.u.i.k.p.r.p.TestFile    ... success: reloaded. 
17570      INFO  main            d.u.i.k.p.r.p.TestFile    Now processing file /home/runner/work/key/key/key.core/../key.ui/examples/completionscopes/testNestedExec.key 
17570      INFO  main            d.u.i.k.p.i.AbstractProblemLoader Loading environment from /home/runner/work/key/key/key.core/../key.ui/examples/completionscopes/testNestedExec.key 
17570      DEBUG main            d.u.i.k.p.i.AbstractProblemLoader Environment load took 185.61ns 
17572      INFO  main            d.u.i.k.p.i.AbstractProblemLoader Creating init config 
20127      DEBUG main            d.u.i.k.p.i.AbstractProblemLoader Init config took 2.56s 
20184      INFO  main            d.u.i.k.p.i.AbstractProblemLoader Replaying proof CompletionScopes[CompletionScopes::testMultCcatchClauses()].JML normal_behavior operation contract.0 
20186      DEBUG main            d.u.i.k.p.i.IntermediateProofReplayer Proof replay took 6.3ns 
20489      INFO  main            d.u.i.k.p.r.p.TestFile    ... finished proof: closed. 
20675      INFO  main            d.u.i.k.p.i.AbstractProblemLoader Loading environment from /home/runner/work/key/key/key.core/../key.ui/examples/completionscopes/testNestedExec.key.proof 
20676      DEBUG main            d.u.i.k.p.i.AbstractProblemLoader Environment load took 135.1ns 
20677      INFO  main            d.u.i.k.p.i.AbstractProblemLoader Creating init config 
23145      DEBUG main            d.u.i.k.p.i.AbstractProblemLoader Init config took 2.47s 
23192      INFO  main            d.u.i.k.p.i.AbstractProblemLoader Replaying proof CompletionScopes[CompletionScopes::testMultCcatchClauses()].JML normal_behavior operation contract.0 
23260      DEBUG main            d.u.i.k.p.i.IntermediateProofReplayer Proof replay took 65.08ms 
23261      DEBUG main            d.u.i.k.p.r.p.TestFile    ... success: reloaded. 
23262      INFO  main            d.u.i.k.p.r.p.TestFile    Now processing file /home/runner/work/key/key/key.core/../key.ui/examples/completionscopes/testCcatchBreakLabel.key 
23263      INFO  main            d.u.i.k.p.i.AbstractProblemLoader Loading environment from /home/runner/work/key/key/key.core/../key.ui/examples/completionscopes/testCcatchBreakLabel.key 
23263      DEBUG main            d.u.i.k.p.i.AbstractProblemLoader Environment load took 184.3ns 
23264      INFO  main            d.u.i.k.p.i.AbstractProblemLoader Creating init config 
25774      DEBUG main            d.u.i.k.p.i.AbstractProblemLoader Init config took 2.51s 
25821      INFO  main            d.u.i.k.p.i.AbstractProblemLoader Replaying proof CompletionScopes[CompletionScopes::testBreakLabel()].JML normal_behavior operation contract.0 
25823      DEBUG main            d.u.i.k.p.i.IntermediateProofReplayer Proof replay took 7.1ns 
25838      DEBUG Thread-10       d.u.i.k.l.o.ProgramSV     Match failed: Former match of  SchemaVariable incompatible with  the current match. 
25925      INFO  main            d.u.i.k.p.r.p.TestFile    ... finished proof: closed. 
26086      INFO  main            d.u.i.k.p.i.AbstractProblemLoader Loading environment from /home/runner/work/key/key/key.core/../key.ui/examples/completionscopes/testCcatchBreakLabel.key.proof 
26086      DEBUG main            d.u.i.k.p.i.AbstractProblemLoader Environment load took 131.7ns 
26087      INFO  main            d.u.i.k.p.i.AbstractProblemLoader Creating init config 
28582      DEBUG main            d.u.i.k.p.i.AbstractProblemLoader Init config took 2.49s 
28629      INFO  main            d.u.i.k.p.i.AbstractProblemLoader Replaying proof CompletionScopes[CompletionScopes::testBreakLabel()].JML normal_behavior operation contract.0 
28639      DEBUG main            d.u.i.k.p.i.IntermediateProofReplayer Proof replay took 7.55ms 
28640      DEBUG main            d.u.i.k.p.r.p.TestFile    ... success: reloaded. 
28641      INFO  main            d.u.i.k.p.r.p.TestFile    Now processing file /home/runner/work/key/key/key.core/../key.ui/examples/completionscopes/testCcatchContinueLabel.key 
28641      INFO  main            d.u.i.k.p.i.AbstractProblemLoader Loading environment from /home/runner/work/key/key/key.core/../key.ui/examples/completionscopes/testCcatchContinueLabel.key 
28641      DEBUG main            d.u.i.k.p.i.AbstractProblemLoader Environment load took 93.1ns 
28642      INFO  main            d.u.i.k.p.i.AbstractProblemLoader Creating init config 
31155      DEBUG main            d.u.i.k.p.i.AbstractProblemLoader Init config took 2.51s 
31201      INFO  main            d.u.i.k.p.i.AbstractProblemLoader Replaying proof CompletionScopes[CompletionScopes::testContinueLabel()].JML normal_behavior operation contract.0 
31203      DEBUG main            d.u.i.k.p.i.IntermediateProofReplayer Proof replay took 7.4ns 
31222      DEBUG Thread-13       d.u.i.k.l.o.ProgramSV     Match failed: Former match of  SchemaVariable incompatible with  the current match. 
31308      INFO  main            d.u.i.k.p.r.p.TestFile    ... finished proof: closed. 
31456      INFO  main            d.u.i.k.p.i.AbstractProblemLoader Loading environment from /home/runner/work/key/key/key.core/../key.ui/examples/completionscopes/testCcatchContinueLabel.key.proof 
31456      DEBUG main            d.u.i.k.p.i.AbstractProblemLoader Environment load took 154.2ns 
31457      INFO  main            d.u.i.k.p.i.AbstractProblemLoader Creating init config 
33861      DEBUG main            d.u.i.k.p.i.AbstractProblemLoader Init config took 2.4s 
33905      INFO  main            d.u.i.k.p.i.AbstractProblemLoader Replaying proof CompletionScopes[CompletionScopes::testContinueLabel()].JML normal_behavior operation contract.0 
33915      DEBUG main            d.u.i.k.p.i.IntermediateProofReplayer Proof replay took 7.73ms 
33916      DEBUG main            d.u.i.k.p.r.p.TestFile    ... success: reloaded. 
33917      INFO  main            d.u.i.k.p.r.p.TestFile    Now processing file /home/runner/work/key/key/key.core/../key.ui/examples/completionscopes/testCcatchBreakLabelWildcard.key 
33917      INFO  main            d.u.i.k.p.i.AbstractProblemLoader Loading environment from /home/runner/work/key/key/key.core/../key.ui/examples/completionscopes/testCcatchBreakLabelWildcard.key 
33918      DEBUG main            d.u.i.k.p.i.AbstractProblemLoader Environment load took 184ns 
33919      INFO  main            d.u.i.k.p.i.AbstractProblemLoader Creating init config 
36394      DEBUG main            d.u.i.k.p.i.AbstractProblemLoader Init config took 2.48s 
36440      INFO  main            d.u.i.k.p.i.AbstractProblemLoader Replaying proof CompletionScopes[CompletionScopes::testBreakLabelWildcard()].JML normal_behavior operation contract.0 
36442      DEBUG main            d.u.i.k.p.i.IntermediateProofReplayer Proof replay took 7.3ns 
36461      DEBUG Thread-16       d.u.i.k.l.o.ProgramSV     Match failed: Former match of  SchemaVariable incompatible with  the current match. 
36462      DEBUG Thread-16       d.u.i.k.l.o.ProgramSV     Match failed: Former match of  SchemaVariable incompatible with  the current match. 
36548      INFO  main            d.u.i.k.p.r.p.TestFile    ... finished proof: closed. 
36700      INFO  main            d.u.i.k.p.i.AbstractProblemLoader Loading environment from /home/runner/work/key/key/key.core/../key.ui/examples/completionscopes/testCcatchBreakLabelWildcard.key.proof 
36701      DEBUG main            d.u.i.k.p.i.AbstractProblemLoader Environment load took 125.6ns 
36701      INFO  main            d.u.i.k.p.i.AbstractProblemLoader Creating init config 
39120      DEBUG main            d.u.i.k.p.i.AbstractProblemLoader Init config took 2.42s 
39163      INFO  main            d.u.i.k.p.i.AbstractProblemLoader Replaying proof CompletionScopes[CompletionScopes::testBreakLabelWildcard()].JML normal_behavior operation contract.0 
39173      DEBUG main            d.u.i.k.p.i.IntermediateProofReplayer Proof replay took 7.78ms 
39174      DEBUG main            d.u.i.k.p.r.p.TestFile    ... success: reloaded. 
39175      INFO  main            d.u.i.k.p.r.p.TestFile    Now processing file /home/runner/work/key/key/key.core/../key.ui/examples/completionscopes/testCcatchContinueLabelWildcard.key 
39175      INFO  main            d.u.i.k.p.i.AbstractProblemLoader Loading environment from /home/runner/work/key/key/key.core/../key.ui/examples/completionscopes/testCcatchContinueLabelWildcard.key 
39175      DEBUG main            d.u.i.k.p.i.AbstractProblemLoader Environment load took 99.1ns 
39176      INFO  main            d.u.i.k.p.i.AbstractProblemLoader Creating init config 
41666      DEBUG main            d.u.i.k.p.i.AbstractProblemLoader Init config took 2.49s 
41705      INFO  main            d.u.i.k.p.i.AbstractProblemLoader Replaying proof CompletionScopes[CompletionScopes::testContinueLabelWildcard()].JML normal_behavior operation contract.0 
41706      DEBUG main            d.u.i.k.p.i.IntermediateProofReplayer Proof replay took 6.9ns 
41722      DEBUG Thread-19       d.u.i.k.l.o.ProgramSV     Match failed: Former match of  SchemaVariable incompatible with  the current match. 
41723      DEBUG Thread-19       d.u.i.k.l.o.ProgramSV     Match failed: Former match of  SchemaVariable incompatible with  the current match. 
41808      INFO  main            d.u.i.k.p.r.p.TestFile    ... finished proof: closed. 
41996      INFO  main            d.u.i.k.p.i.AbstractProblemLoader Loading environment from /home/runner/work/key/key/key.core/../key.ui/examples/completionscopes/testCcatchContinueLabelWildcard.key.proof 
41997      DEBUG main            d.u.i.k.p.i.AbstractProblemLoader Environment load took 123.5ns 
41997      INFO  main            d.u.i.k.p.i.AbstractProblemLoader Creating init config 
44392      DEBUG main            d.u.i.k.p.i.AbstractProblemLoader Init config took 2.39s 
44431      INFO  main            d.u.i.k.p.i.AbstractProblemLoader Replaying proof CompletionScopes[CompletionScopes::testContinueLabelWildcard()].JML normal_behavior operation contract.0 
44442      DEBUG main            d.u.i.k.p.i.IntermediateProofReplayer Proof replay took 8.55ms 
44442      DEBUG main            d.u.i.k.p.r.p.TestFile    ... success: reloaded. 
44443      INFO  main            d.u.i.k.p.r.p.TestFile    Now processing file /home/runner/work/key/key/key.core/../key.ui/examples/completionscopes/testCcatchBreakLabelNonmatchingNested.key 
44444      INFO  main            d.u.i.k.p.i.AbstractProblemLoader Loading environment from /home/runner/work/key/key/key.core/../key.ui/examples/completionscopes/testCcatchBreakLabelNonmatchingNested.key 
44444      DEBUG main            d.u.i.k.p.i.AbstractProblemLoader Environment load took 96.9ns 
44445      INFO  main            d.u.i.k.p.i.AbstractProblemLoader Creating init config 
46926      DEBUG main            d.u.i.k.p.i.AbstractProblemLoader Init config took 2.48s 
46964      INFO  main            d.u.i.k.p.i.AbstractProblemLoader Replaying proof CompletionScopes[CompletionScopes::testBreakLabelNonmatchingNested()].JML normal_behavior operation contract.0 
46966      DEBUG main            d.u.i.k.p.i.IntermediateProofReplayer Proof replay took 7.2ns 
46980      DEBUG Thread-22       d.u.i.k.l.o.ProgramSV     Match failed: Former match of  SchemaVariable incompatible with  the current match. 
46981      DEBUG Thread-22       d.u.i.k.l.o.ProgramSV     Match failed: Former match of  SchemaVariable incompatible with  the current match. 
47068      INFO  main            d.u.i.k.p.r.p.TestFile    ... finished proof: closed. 
47261      INFO  main            d.u.i.k.p.i.AbstractProblemLoader Loading environment from /home/runner/work/key/key/key.core/../key.ui/examples/completionscopes/testCcatchBreakLabelNonmatchingNested.key.proof 
47262      DEBUG main            d.u.i.k.p.i.AbstractProblemLoader Environment load took 128.3ns 
47263      INFO  main            d.u.i.k.p.i.AbstractProblemLoader Creating init config 
49626      DEBUG main            d.u.i.k.p.i.AbstractProblemLoader Init config took 2.36s 
49665      INFO  main            d.u.i.k.p.i.AbstractProblemLoader Replaying proof CompletionScopes[CompletionScopes::testBreakLabelNonmatchingNested()].JML normal_behavior operation contract.0 
49675      DEBUG main            d.u.i.k.p.i.IntermediateProofReplayer Proof replay took 8.1ms 
49676      DEBUG main            d.u.i.k.p.r.p.TestFile    ... success: reloaded. 
4897070    INFO  Test worker     d.u.i.k.p.r.RunAllProofsTestUnit Returning from test completionScopes 
4897072    INFO  Test worker     d.u.i.k.p.r.RunAllProofsTestUnit Running test reload_examples 
359        INFO  Timeout watchdog d.u.i.k.p.r.p.ForkedTestFileRunner Timeout watcher launched (2000 secs.) 
356        WARN  main            d.u.i.k.s.ProofSettings   The settings in /home/runner/.key/proof-settings.props are *not* read. 
408        INFO  main            d.u.i.k.p.r.p.TestFile    Now processing file /home/runner/work/key/key/key.core/../key.ui/examples/firstTouch/05-ReverseArray/reverseArray.key 
514        INFO  main            d.u.i.k.p.i.AbstractProblemLoader Loading environment from /home/runner/work/key/key/key.core/../key.ui/examples/firstTouch/05-ReverseArray/reverseArray.key 
537        DEBUG main            d.u.i.k.p.i.AbstractProblemLoader Environment load took 2.04ms 
771        INFO  main            d.u.i.k.p.i.AbstractProblemLoader Creating init config 
1762       DEBUG main            d.u.i.k.j.TypeConverter   No LDT found for Meta 
1762       DEBUG main            d.u.i.k.j.TypeConverter   No LDT found for Meta 
1765       DEBUG main            d.u.i.k.j.TypeConverter   No LDT found for Meta 
1765       DEBUG main            d.u.i.k.j.TypeConverter   No LDT found for Meta 
3073       DEBUG main            d.u.i.k.j.TypeConverter   No LDT found for JavaBigintExpression 
7979       DEBUG main            d.u.i.k.p.i.AbstractProblemLoader Init config took 7.21s 
8089       INFO  main            d.u.i.k.p.i.AbstractProblemLoader Replaying proof ReverseArray[ReverseArray::reverse()].JML normal_behavior operation contract.0 
8150       DEBUG main            d.u.i.k.p.i.IntermediateProofReplayer Proof replay took 32.9ns 
18221      INFO  main            d.u.i.k.p.r.p.TestFile    ... finished proof: closed. 
18444      INFO  main            d.u.i.k.p.i.AbstractProblemLoader Loading environment from /home/runner/work/key/key/key.core/../key.ui/examples/firstTouch/05-ReverseArray/reverseArray.key.proof 
18445      DEBUG main            d.u.i.k.p.i.AbstractProblemLoader Environment load took 251.3ns 
18451      INFO  main            d.u.i.k.p.i.AbstractProblemLoader Creating init config 
21307      DEBUG main            d.u.i.k.p.i.AbstractProblemLoader Init config took 2.86s 
21379      INFO  main            d.u.i.k.p.i.AbstractProblemLoader Replaying proof ReverseArray[ReverseArray::reverse()].JML normal_behavior operation contract.0 
22634      DEBUG main            d.u.i.k.p.i.IntermediateProofReplayer Proof replay took 1.18s 
22645      DEBUG main            d.u.i.k.p.r.p.TestFile    ... success: reloaded. 
22646      INFO  main            d.u.i.k.p.r.p.TestFile    Now processing file /home/runner/work/key/key/key.core/../key.ui/examples/standard_key/arith/saveProofTest.key.proof 
22647      INFO  main            d.u.i.k.p.i.AbstractProblemLoader Loading environment from /home/runner/work/key/key/key.core/../key.ui/examples/standard_key/arith/saveProofTest.key.proof 
22647      DEBUG main            d.u.i.k.p.i.AbstractProblemLoader Environment load took 210.6ns 
22649      INFO  main            d.u.i.k.p.i.AbstractProblemLoader Creating init config 
25248      DEBUG main            d.u.i.k.p.i.AbstractProblemLoader Init config took 2.6s 
25274      INFO  main            d.u.i.k.p.i.AbstractProblemLoader Replaying proof saveProofTest.key.proof 
25285      DEBUG main            d.u.i.k.p.i.IntermediateProofReplayer Proof replay took 3.98ms 
25287      INFO  main            d.u.i.k.p.r.p.TestFile    ... success: loaded 
25288      INFO  main            d.u.i.k.p.r.p.TestFile    Now processing file /home/runner/work/key/key/key.core/../key.ui/examples/heap/permutedSum/perm.proof 
25289      INFO  main            d.u.i.k.p.i.AbstractProblemLoader Loading environment from /home/runner/work/key/key/key.core/../key.ui/examples/heap/permutedSum/perm.proof 
25289      DEBUG main            d.u.i.k.p.i.AbstractProblemLoader Environment load took 492.51ns 
25295      INFO  main            d.u.i.k.p.i.AbstractProblemLoader Creating init config 
28035      DEBUG main            d.u.i.k.p.i.AbstractProblemLoader Init config took 2.74s 
28102      INFO  main            d.u.i.k.p.i.AbstractProblemLoader Replaying proof Perm[Perm::foo()].JML normal_behavior operation contract.0 
29260      DEBUG main            d.u.i.k.p.i.IntermediateProofReplayer Proof replay took 1.11s 
29262      INFO  main            d.u.i.k.p.r.p.TestFile    ... success: loaded 
29264      INFO  main            d.u.i.k.p.r.p.TestFile    Now processing file /home/runner/work/key/key/key.core/../key.ui/examples/firstTouch/05-ReverseArray/reverseArray.proof 
29264      INFO  main            d.u.i.k.p.i.AbstractProblemLoader Loading environment from /home/runner/work/key/key/key.core/../key.ui/examples/firstTouch/05-ReverseArray/reverseArray.proof 
29264      DEBUG main            d.u.i.k.p.i.AbstractProblemLoader Environment load took 196.6ns 
29267      INFO  main            d.u.i.k.p.i.AbstractProblemLoader Creating init config 
31931      DEBUG main            d.u.i.k.p.i.AbstractProblemLoader Init config took 2.66s 
31969      INFO  main            d.u.i.k.p.i.AbstractProblemLoader Replaying proof ReverseArray[ReverseArray::reverse()].JML normal_behavior operation contract.0 
33042      DEBUG main            d.u.i.k.p.i.IntermediateProofReplayer Proof replay took 1.04s 
33045      INFO  main            d.u.i.k.p.r.p.TestFile    ... success: loaded 
33046      INFO  main            d.u.i.k.p.r.p.TestFile    Now processing file /home/runner/work/key/key/key.core/../key.ui/examples/heap/verifyThis15_1_RelaxedPrefix/relax.proof 
33047      INFO  main            d.u.i.k.p.i.AbstractProblemLoader Loading environment from /home/runner/work/key/key/key.core/../key.ui/examples/heap/verifyThis15_1_RelaxedPrefix/relax.proof 
33047      DEBUG main            d.u.i.k.p.i.AbstractProblemLoader Environment load took 192.5ns 
33049      INFO  main            d.u.i.k.p.i.AbstractProblemLoader Creating init config 
35666      DEBUG main            d.u.i.k.p.i.AbstractProblemLoader Init config took 2.62s 
35720      INFO  main            d.u.i.k.p.i.AbstractProblemLoader Replaying proof Relaxed[Relaxed::isRelaxedPrefix([I,[I)].JML operation contract.0 
36231      DEBUG main            d.u.i.k.p.i.IntermediateProofReplayer Proof replay took 487.17ms 
36232      INFO  main            d.u.i.k.p.r.p.TestFile    ... success: loaded 
36234      INFO  main            d.u.i.k.p.r.p.TestFile    Now processing file /home/runner/work/key/key/key.core/../key.ui/examples/heap/verifyThis15_3_DLL/doUndo.proof 
36234      INFO  main            d.u.i.k.p.i.AbstractProblemLoader Loading environment from /home/runner/work/key/key/key.core/../key.ui/examples/heap/verifyThis15_3_DLL/doUndo.proof 
36234      DEBUG main            d.u.i.k.p.i.AbstractProblemLoader Environment load took 193ns 
36236      INFO  main            d.u.i.k.p.i.AbstractProblemLoader Creating init config 
37207      DEBUG main            d.u.i.k.j.r.ClassPreparationMethodBuilder clPrepBuilder: Inner Class detected. Reject building class initialisation methods. 
39093      DEBUG main            d.u.i.k.p.i.AbstractProblemLoader Init config took 2.86s 
39180      INFO  main            d.u.i.k.p.i.AbstractProblemLoader Replaying proof DoubleLinkedList[DoubleLinkedList::doUndo(DoubleLinkedList.Node,int)].JML normal_behavior operation contract.0 
39950      DEBUG main            d.u.i.k.p.i.IntermediateProofReplayer Proof replay took 741.61ms 
39952      INFO  main            d.u.i.k.p.r.p.TestFile    ... success: loaded 
39954      INFO  main            d.u.i.k.p.r.p.TestFile    Now processing file /home/runner/work/key/key/key.core/../key.ui/examples/heap/verifyThis15_2_ParallelGcd/parallelGcd.proof 
39954      INFO  main            d.u.i.k.p.i.AbstractProblemLoader Loading environment from /home/runner/work/key/key/key.core/../key.ui/examples/heap/verifyThis15_2_ParallelGcd/parallelGcd.proof 
39954      DEBUG main            d.u.i.k.p.i.AbstractProblemLoader Environment load took 80.8ns 
39956      INFO  main            d.u.i.k.p.i.AbstractProblemLoader Creating init config 
42694      DEBUG main            d.u.i.k.p.i.AbstractProblemLoader Init config took 2.74s 
42757      INFO  main            d.u.i.k.p.i.AbstractProblemLoader Replaying proof ParallelGcd[ParallelGcd::parallelGcd(int,int,[Z)].JML behavior operation contract.0 
43304      DEBUG main            d.u.i.k.p.i.IntermediateProofReplayer Proof replay took 527.86ms 
43305      INFO  main            d.u.i.k.p.r.p.TestFile    ... success: loaded 
4940548    INFO  Test worker     d.u.i.k.p.r.RunAllProofsTestUnit Returning from test reload_examples 
4940549    INFO  Test worker     d.u.i.k.p.r.RunAllProofsTestUnit Running test proofLoadRepair 
330        WARN  main            d.u.i.k.s.ProofSettings   The settings in /home/runner/.key/proof-settings.props are *not* read. 
332        INFO  Timeout watchdog d.u.i.k.p.r.p.ForkedTestFileRunner Timeout watcher launched (2000 secs.) 
358        INFO  main            d.u.i.k.p.r.p.TestFile    Now processing file /home/runner/work/key/key/key.core/../key.ui/examples/proofLoadRepair/disjConj-manipulated.proof 
481        INFO  main            d.u.i.k.p.i.AbstractProblemLoader Loading environment from /home/runner/work/key/key/key.core/../key.ui/examples/proofLoadRepair/disjConj-manipulated.proof 
499        DEBUG main            d.u.i.k.p.i.AbstractProblemLoader Environment load took 2.11ms 
751        INFO  main            d.u.i.k.p.i.AbstractProblemLoader Creating init config 
1646       DEBUG main            d.u.i.k.j.TypeConverter   No LDT found for Meta 
1647       DEBUG main            d.u.i.k.j.TypeConverter   No LDT found for Meta 
1650       DEBUG main            d.u.i.k.j.TypeConverter   No LDT found for Meta 
1650       DEBUG main            d.u.i.k.j.TypeConverter   No LDT found for Meta 
2890       DEBUG main            d.u.i.k.j.TypeConverter   No LDT found for JavaBigintExpression 
7526       DEBUG main            d.u.i.k.p.i.AbstractProblemLoader Init config took 6.78s 
7585       INFO  main            d.u.i.k.p.i.AbstractProblemLoader Replaying proof disjConj-manipulated.proof 
7630       WARN  main            d.u.i.k.p.i.IntermediateProofReplayer Proof contains wrong number of \assumes instatiations for andLeft 
7631       WARN  main            d.u.i.k.p.i.IntermediateProofReplayer Proof contains wrong number of \assumes instatiations for replace_known_right 
7635       WARN  main            d.u.i.k.p.i.IntermediateProofReplayer Proof contains wrong number of \assumes instatiations for close 
7635       DEBUG main            d.u.i.k.p.i.IntermediateProofReplayer Proof replay took 16.77ms 
7639       INFO  main            d.u.i.k.p.r.p.TestFile    ... success: loaded 
7643       INFO  main            d.u.i.k.p.r.p.TestFile    Now processing file /home/runner/work/key/key/key.core/../key.ui/examples/proofLoadRepair/insufficient-manipulated.proof 
7643       INFO  main            d.u.i.k.p.i.AbstractProblemLoader Loading environment from /home/runner/work/key/key/key.core/../key.ui/examples/proofLoadRepair/insufficient-manipulated.proof 
7644       DEBUG main            d.u.i.k.p.i.AbstractProblemLoader Environment load took 237.9ns 
7647       INFO  main            d.u.i.k.p.i.AbstractProblemLoader Creating init config 
10289      DEBUG main            d.u.i.k.p.i.AbstractProblemLoader Init config took 2.64s 
10328      INFO  main            d.u.i.k.p.i.AbstractProblemLoader Replaying proof insufficient-manipulated.proof 
10350      WARN  main            d.u.i.k.p.i.IntermediateProofReplayer Proof contains wrong number of \assumes instatiations for applyEq 
10367      DEBUG main            d.u.i.k.p.i.IntermediateProofReplayer Proof replay took 20.11ms 
10370      INFO  main            d.u.i.k.p.r.p.TestFile    ... success: loading failed 
10371      INFO  main            d.u.i.k.p.r.p.TestFile    Now processing file /home/runner/work/key/key/key.core/../key.ui/examples/../../key.core/src/test/resources/testcase/issues/1716/incorrectPolarity.proof 
10371      INFO  main            d.u.i.k.p.i.AbstractProblemLoader Loading environment from /home/runner/work/key/key/key.core/../key.ui/examples/../../key.core/src/test/resources/testcase/issues/1716/incorrectPolarity.proof 
10371      DEBUG main            d.u.i.k.p.i.AbstractProblemLoader Environment load took 116.7ns 
10374      INFO  main            d.u.i.k.p.i.AbstractProblemLoader Creating init config 
13073      DEBUG main            d.u.i.k.p.i.AbstractProblemLoader Init config took 2.7s 
13103      INFO  main            d.u.i.k.p.i.AbstractProblemLoader Replaying proof incorrectPolarity.proof 
13109      DEBUG main            d.u.i.k.p.i.IntermediateProofReplayer Proof replay took 208.7ns 
13110      INFO  main            d.u.i.k.p.r.p.TestFile    ... success: loading failed 
13111      INFO  main            d.u.i.k.p.r.p.TestFile    Now processing file /home/runner/work/key/key/key.core/../key.ui/examples/../../key.core/src/test/resources/testcase/issues/1716/incorrectPolarity2.proof 
13112      INFO  main            d.u.i.k.p.i.AbstractProblemLoader Loading environment from /home/runner/work/key/key/key.core/../key.ui/examples/../../key.core/src/test/resources/testcase/issues/1716/incorrectPolarity2.proof 
13113      DEBUG main            d.u.i.k.p.i.AbstractProblemLoader Environment load took 891.21ns 
13114      INFO  main            d.u.i.k.p.i.AbstractProblemLoader Creating init config 
15599      DEBUG main            d.u.i.k.p.i.AbstractProblemLoader Init config took 2.48s 
15622      INFO  main            d.u.i.k.p.i.AbstractProblemLoader Replaying proof incorrectPolarity2.proof 
15624      DEBUG main            d.u.i.k.p.i.IntermediateProofReplayer Proof replay took 339.4ns 
15625      INFO  main            d.u.i.k.p.r.p.TestFile    ... success: loading failed 
15626      INFO  main            d.u.i.k.p.r.p.TestFile    Now processing file /home/runner/work/key/key/key.core/../key.ui/examples/../../key.core/src/test/resources/testcase/issues/1716/incorrectPolarity3.proof 
15627      INFO  main            d.u.i.k.p.i.AbstractProblemLoader Loading environment from /home/runner/work/key/key/key.core/../key.ui/examples/../../key.core/src/test/resources/testcase/issues/1716/incorrectPolarity3.proof 
15627      DEBUG main            d.u.i.k.p.i.AbstractProblemLoader Environment load took 189.1ns 
15628      INFO  main            d.u.i.k.p.i.AbstractProblemLoader Creating init config 
17988      DEBUG main            d.u.i.k.p.i.AbstractProblemLoader Init config took 2.36s 
18010      INFO  main            d.u.i.k.p.i.AbstractProblemLoader Replaying proof incorrectPolarity3.proof 
18014      DEBUG main            d.u.i.k.p.i.IntermediateProofReplayer Proof replay took 1.71ms 
18015      INFO  main            d.u.i.k.p.r.p.TestFile    ... success: loading failed 
4958745    INFO  Test worker     d.u.i.k.p.r.RunAllProofsTestUnit Returning from test proofLoadRepair 
4958746    INFO  Test worker     d.u.i.k.p.r.RunAllProofsTestUnit Running test switch 
368        INFO  Timeout watchdog d.u.i.k.p.r.p.ForkedTestFileRunner Timeout watcher launched (2000 secs.) 
377        WARN  main            d.u.i.k.s.ProofSettings   The settings in /home/runner/.key/proof-settings.props are *not* read. 
411        INFO  main            d.u.i.k.p.r.p.TestFile    Now processing file /home/runner/work/key/key/key.core/../key.ui/examples/standard_key/java_dl/switch/labeled_case.key 
520        INFO  main            d.u.i.k.p.i.AbstractProblemLoader Loading environment from /home/runner/work/key/key/key.core/../key.ui/examples/standard_key/java_dl/switch/labeled_case.key 
536        DEBUG main            d.u.i.k.p.i.AbstractProblemLoader Environment load took 1.98ms 
755        INFO  main            d.u.i.k.p.i.AbstractProblemLoader Creating init config 
1635       DEBUG main            d.u.i.k.j.TypeConverter   No LDT found for Meta 
1636       DEBUG main            d.u.i.k.j.TypeConverter   No LDT found for Meta 
1638       DEBUG main            d.u.i.k.j.TypeConverter   No LDT found for Meta 
1639       DEBUG main            d.u.i.k.j.TypeConverter   No LDT found for Meta 
2958       DEBUG main            d.u.i.k.j.TypeConverter   No LDT found for JavaBigintExpression 
7791       DEBUG main            d.u.i.k.p.i.AbstractProblemLoader Init config took 7.04s 
7955       INFO  main            d.u.i.k.p.i.AbstractProblemLoader Replaying proof LabeledCase[LabeledCase::m(int)].JML normal_behavior operation contract.0 
7988       DEBUG main            d.u.i.k.p.i.IntermediateProofReplayer Proof replay took 31.3ns 
8716       INFO  main            d.u.i.k.p.r.p.TestFile    ... finished proof: closed. 
8819       INFO  main            d.u.i.k.p.i.AbstractProblemLoader Loading environment from /home/runner/work/key/key/key.core/../key.ui/examples/standard_key/java_dl/switch/labeled_case.key.proof 
8819       DEBUG main            d.u.i.k.p.i.AbstractProblemLoader Environment load took 572.61ns 
8821       INFO  main            d.u.i.k.p.i.AbstractProblemLoader Creating init config 
11732      DEBUG main            d.u.i.k.p.i.AbstractProblemLoader Init config took 2.91s 
11792      INFO  main            d.u.i.k.p.i.AbstractProblemLoader Replaying proof LabeledCase[LabeledCase::m(int)].JML normal_behavior operation contract.0 
11856      DEBUG main            d.u.i.k.p.i.IntermediateProofReplayer Proof replay took 59.5ms 
11872      DEBUG main            d.u.i.k.p.r.p.TestFile    ... success: reloaded. 
11874      INFO  main            d.u.i.k.p.r.p.TestFile    Now processing file /home/runner/work/key/key/key.core/../key.ui/examples/standard_key/java_dl/switch/empty_switch.key 
11874      INFO  main            d.u.i.k.p.i.AbstractProblemLoader Loading environment from /home/runner/work/key/key/key.core/../key.ui/examples/standard_key/java_dl/switch/empty_switch.key 
11874      DEBUG main            d.u.i.k.p.i.AbstractProblemLoader Environment load took 136.6ns 
11877      INFO  main            d.u.i.k.p.i.AbstractProblemLoader Creating init config 
14546      DEBUG main            d.u.i.k.p.i.AbstractProblemLoader Init config took 2.67s 
14577      INFO  main            d.u.i.k.p.i.AbstractProblemLoader Replaying proof empty_switch.key 
14580      DEBUG main            d.u.i.k.p.i.IntermediateProofReplayer Proof replay took 6.2ns 
14683      INFO  main            d.u.i.k.p.r.p.TestFile    ... finished proof: closed. 
14842      INFO  main            d.u.i.k.p.i.AbstractProblemLoader Loading environment from /home/runner/work/key/key/key.core/../key.ui/examples/standard_key/java_dl/switch/empty_switch.key.proof 
14843      DEBUG main            d.u.i.k.p.i.AbstractProblemLoader Environment load took 138.5ns 
14844      INFO  main            d.u.i.k.p.i.AbstractProblemLoader Creating init config 
17417      DEBUG main            d.u.i.k.p.i.AbstractProblemLoader Init config took 2.57s 
17442      INFO  main            d.u.i.k.p.i.AbstractProblemLoader Replaying proof empty_switch.key.proof 
17447      DEBUG main            d.u.i.k.p.i.IntermediateProofReplayer Proof replay took 2.2ms 
17448      DEBUG main            d.u.i.k.p.r.p.TestFile    ... success: reloaded. 
17449      INFO  main            d.u.i.k.p.r.p.TestFile    Now processing file /home/runner/work/key/key/key.core/../key.ui/examples/standard_key/java_dl/switch/empty_switch_null.key 
17449      INFO  main            d.u.i.k.p.i.AbstractProblemLoader Loading environment from /home/runner/work/key/key/key.core/../key.ui/examples/standard_key/java_dl/switch/empty_switch_null.key 
17449      DEBUG main            d.u.i.k.p.i.AbstractProblemLoader Environment load took 189.7ns 
17450      INFO  main            d.u.i.k.p.i.AbstractProblemLoader Creating init config 
20074      DEBUG main            d.u.i.k.p.i.AbstractProblemLoader Init config took 2.62s 
20099      INFO  main            d.u.i.k.p.i.AbstractProblemLoader Replaying proof empty_switch_null.key 
20101      DEBUG main            d.u.i.k.p.i.IntermediateProofReplayer Proof replay took 6.1ns 
20205      INFO  main            d.u.i.k.p.r.p.TestFile    ... finished proof: closed. 
20403      INFO  main            d.u.i.k.p.i.AbstractProblemLoader Loading environment from /home/runner/work/key/key/key.core/../key.ui/examples/standard_key/java_dl/switch/empty_switch_null.key.proof 
20404      DEBUG main            d.u.i.k.p.i.AbstractProblemLoader Environment load took 1.33ms 
20405      INFO  main            d.u.i.k.p.i.AbstractProblemLoader Creating init config 
22946      DEBUG main            d.u.i.k.p.i.AbstractProblemLoader Init config took 2.54s 
22973      INFO  main            d.u.i.k.p.i.AbstractProblemLoader Replaying proof empty_switch_null.key.proof 
23027      DEBUG main            d.u.i.k.p.i.IntermediateProofReplayer Proof replay took 49.44ms 
23028      DEBUG main            d.u.i.k.p.r.p.TestFile    ... success: reloaded. 
23029      INFO  main            d.u.i.k.p.r.p.TestFile    Now processing file /home/runner/work/key/key/key.core/../key.ui/examples/standard_key/java_dl/switch/empty_switch_null_catch.key 
23029      INFO  main            d.u.i.k.p.i.AbstractProblemLoader Loading environment from /home/runner/work/key/key/key.core/../key.ui/examples/standard_key/java_dl/switch/empty_switch_null_catch.key 
23029      DEBUG main            d.u.i.k.p.i.AbstractProblemLoader Environment load took 165ns 
23031      INFO  main            d.u.i.k.p.i.AbstractProblemLoader Creating init config 
25627      DEBUG main            d.u.i.k.p.i.AbstractProblemLoader Init config took 2.6s 
25649      INFO  main            d.u.i.k.p.i.AbstractProblemLoader Replaying proof empty_switch_null_catch.key 
25650      DEBUG main            d.u.i.k.p.i.IntermediateProofReplayer Proof replay took 5.8ns 
25854      INFO  main            d.u.i.k.p.r.p.TestFile    ... finished proof: closed. 
26058      INFO  main            d.u.i.k.p.i.AbstractProblemLoader Loading environment from /home/runner/work/key/key/key.core/../key.ui/examples/standard_key/java_dl/switch/empty_switch_null_catch.key.proof 
26063      DEBUG main            d.u.i.k.p.i.AbstractProblemLoader Environment load took 4.52ms 
26064      INFO  main            d.u.i.k.p.i.AbstractProblemLoader Creating init config 
28573      DEBUG main            d.u.i.k.p.i.AbstractProblemLoader Init config took 2.51s 
28594      INFO  main            d.u.i.k.p.i.AbstractProblemLoader Replaying proof empty_switch_null_catch.key.proof 
28628      DEBUG main            d.u.i.k.p.i.IntermediateProofReplayer Proof replay took 30.93ms 
28628      DEBUG main            d.u.i.k.p.r.p.TestFile    ... success: reloaded. 
28629      INFO  main            d.u.i.k.p.r.p.TestFile    Now processing file /home/runner/work/key/key/key.core/../key.ui/examples/standard_key/java_dl/switch/empty_switch_array_out_of_bounds.key 
28629      INFO  main            d.u.i.k.p.i.AbstractProblemLoader Loading environment from /home/runner/work/key/key/key.core/../key.ui/examples/standard_key/java_dl/switch/empty_switch_array_out_of_bounds.key 
28630      DEBUG main            d.u.i.k.p.i.AbstractProblemLoader Environment load took 150.1ns 
28631      INFO  main            d.u.i.k.p.i.AbstractProblemLoader Creating init config 
31162      DEBUG main            d.u.i.k.p.i.AbstractProblemLoader Init config took 2.53s 
31182      INFO  main            d.u.i.k.p.i.AbstractProblemLoader Replaying proof empty_switch_array_out_of_bounds.key 
31185      DEBUG main            d.u.i.k.p.i.IntermediateProofReplayer Proof replay took 14.5ns 
31389      INFO  main            d.u.i.k.p.r.p.TestFile    ... finished proof: closed. 
31553      INFO  main            d.u.i.k.p.i.AbstractProblemLoader Loading environment from /home/runner/work/key/key/key.core/../key.ui/examples/standard_key/java_dl/switch/empty_switch_array_out_of_bounds.key.proof 
31554      DEBUG main            d.u.i.k.p.i.AbstractProblemLoader Environment load took 272.3ns 
31555      INFO  main            d.u.i.k.p.i.AbstractProblemLoader Creating init config 
34042      DEBUG main            d.u.i.k.p.i.AbstractProblemLoader Init config took 2.49s 
34062      INFO  main            d.u.i.k.p.i.AbstractProblemLoader Replaying proof empty_switch_array_out_of_bounds.key.proof 
34135      DEBUG main            d.u.i.k.p.i.IntermediateProofReplayer Proof replay took 70.09ms 
34136      DEBUG main            d.u.i.k.p.r.p.TestFile    ... success: reloaded. 
34138      INFO  main            d.u.i.k.p.r.p.TestFile    Now processing file /home/runner/work/key/key/key.core/../key.ui/examples/standard_key/java_dl/switch/empty_switch_array_out_of_bounds_catch.key 
34138      INFO  main            d.u.i.k.p.i.AbstractProblemLoader Loading environment from /home/runner/work/key/key/key.core/../key.ui/examples/standard_key/java_dl/switch/empty_switch_array_out_of_bounds_catch.key 
34138      DEBUG main            d.u.i.k.p.i.AbstractProblemLoader Environment load took 436.6ns 
34139      INFO  main            d.u.i.k.p.i.AbstractProblemLoader Creating init config 
36717      DEBUG main            d.u.i.k.p.i.AbstractProblemLoader Init config took 2.58s 
36738      INFO  main            d.u.i.k.p.i.AbstractProblemLoader Replaying proof empty_switch_array_out_of_bounds_catch.key 
36742      DEBUG main            d.u.i.k.p.i.IntermediateProofReplayer Proof replay took 6.8ns 
36945      INFO  main            d.u.i.k.p.r.p.TestFile    ... finished proof: closed. 
37131      INFO  main            d.u.i.k.p.i.AbstractProblemLoader Loading environment from /home/runner/work/key/key/key.core/../key.ui/examples/standard_key/java_dl/switch/empty_switch_array_out_of_bounds_catch.key.proof 
37131      DEBUG main            d.u.i.k.p.i.AbstractProblemLoader Environment load took 128.9ns 
37132      INFO  main            d.u.i.k.p.i.AbstractProblemLoader Creating init config 
39611      DEBUG main            d.u.i.k.p.i.AbstractProblemLoader Init config took 2.48s 
39630      INFO  main            d.u.i.k.p.i.AbstractProblemLoader Replaying proof empty_switch_array_out_of_bounds_catch.key.proof 
39668      DEBUG main            d.u.i.k.p.i.IntermediateProofReplayer Proof replay took 34.32ms 
39669      DEBUG main            d.u.i.k.p.r.p.TestFile    ... success: reloaded. 
39670      INFO  main            d.u.i.k.p.r.p.TestFile    Now processing file /home/runner/work/key/key/key.core/../key.ui/examples/standard_key/java_dl/switch/switch_in_switch.key 
39670      INFO  main            d.u.i.k.p.i.AbstractProblemLoader Loading environment from /home/runner/work/key/key/key.core/../key.ui/examples/standard_key/java_dl/switch/switch_in_switch.key 
39671      DEBUG main            d.u.i.k.p.i.AbstractProblemLoader Environment load took 178.2ns 
39671      INFO  main            d.u.i.k.p.i.AbstractProblemLoader Creating init config 
42314      DEBUG main            d.u.i.k.p.i.AbstractProblemLoader Init config took 2.64s 
42372      INFO  main            d.u.i.k.p.i.AbstractProblemLoader Replaying proof SwitchInSwitch[SwitchInSwitch::m(int)].JML normal_behavior operation contract.0 
42374      DEBUG main            d.u.i.k.p.i.IntermediateProofReplayer Proof replay took 6.4ns 
46290      INFO  main            d.u.i.k.p.r.p.TestFile    ... finished proof: closed. 
46528      INFO  main            d.u.i.k.p.i.AbstractProblemLoader Loading environment from /home/runner/work/key/key/key.core/../key.ui/examples/standard_key/java_dl/switch/switch_in_switch.key.proof 
46534      DEBUG main            d.u.i.k.p.i.AbstractProblemLoader Environment load took 5.81ms 
46536      INFO  main            d.u.i.k.p.i.AbstractProblemLoader Creating init config 
49043      DEBUG main            d.u.i.k.p.i.AbstractProblemLoader Init config took 2.51s 
49084      INFO  main            d.u.i.k.p.i.AbstractProblemLoader Replaying proof SwitchInSwitch[SwitchInSwitch::m(int)].JML normal_behavior operation contract.0 
49582      DEBUG main            d.u.i.k.p.i.IntermediateProofReplayer Proof replay took 472.37ms 
49584      DEBUG main            d.u.i.k.p.r.p.TestFile    ... success: reloaded. 
49585      INFO  main            d.u.i.k.p.r.p.TestFile    Now processing file /home/runner/work/key/key/key.core/../key.ui/examples/standard_key/java_dl/switch/while_and_switch.key 
49585      INFO  main            d.u.i.k.p.i.AbstractProblemLoader Loading environment from /home/runner/work/key/key/key.core/../key.ui/examples/standard_key/java_dl/switch/while_and_switch.key 
49585      DEBUG main            d.u.i.k.p.i.AbstractProblemLoader Environment load took 228.2ns 
49586      INFO  main            d.u.i.k.p.i.AbstractProblemLoader Creating init config 
52195      DEBUG main            d.u.i.k.p.i.AbstractProblemLoader Init config took 2.61s 
52238      INFO  main            d.u.i.k.p.i.AbstractProblemLoader Replaying proof WhileAndSwitch[WhileAndSwitch::m(int)].JML normal_behavior operation contract.0 
52240      DEBUG main            d.u.i.k.p.i.IntermediateProofReplayer Proof replay took 6.7ns 
52945      INFO  main            d.u.i.k.p.r.p.TestFile    ... finished proof: closed. 
53123      INFO  main            d.u.i.k.p.i.AbstractProblemLoader Loading environment from /home/runner/work/key/key/key.core/../key.ui/examples/standard_key/java_dl/switch/while_and_switch.key.proof 
53123      DEBUG main            d.u.i.k.p.i.AbstractProblemLoader Environment load took 353.8ns 
53124      INFO  main            d.u.i.k.p.i.AbstractProblemLoader Creating init config 
55664      DEBUG main            d.u.i.k.p.i.AbstractProblemLoader Init config took 2.54s 
55705      INFO  main            d.u.i.k.p.i.AbstractProblemLoader Replaying proof WhileAndSwitch[WhileAndSwitch::m(int)].JML normal_behavior operation contract.0 
55847      DEBUG main            d.u.i.k.p.i.IntermediateProofReplayer Proof replay took 135.94ms 
55848      DEBUG main            d.u.i.k.p.r.p.TestFile    ... success: reloaded. 
55850      INFO  main            d.u.i.k.p.r.p.TestFile    Now processing file /home/runner/work/key/key/key.core/../key.ui/examples/standard_key/java_dl/switch/large_switch.key 
55850      INFO  main            d.u.i.k.p.i.AbstractProblemLoader Loading environment from /home/runner/work/key/key/key.core/../key.ui/examples/standard_key/java_dl/switch/large_switch.key 
55850      DEBUG main            d.u.i.k.p.i.AbstractProblemLoader Environment load took 180.5ns 
55851      INFO  main            d.u.i.k.p.i.AbstractProblemLoader Creating init config 
58407      DEBUG main            d.u.i.k.p.i.AbstractProblemLoader Init config took 2.56s 
58446      INFO  main            d.u.i.k.p.i.AbstractProblemLoader Replaying proof LargeSwitch[LargeSwitch::m(int)].JML normal_behavior operation contract.0 
58448      DEBUG main            d.u.i.k.p.i.IntermediateProofReplayer Proof replay took 6.4ns 
59657      INFO  main            d.u.i.k.p.r.p.TestFile    ... finished proof: closed. 
59869      INFO  main            d.u.i.k.p.i.AbstractProblemLoader Loading environment from /home/runner/work/key/key/key.core/../key.ui/examples/standard_key/java_dl/switch/large_switch.key.proof 
59869      DEBUG main            d.u.i.k.p.i.AbstractProblemLoader Environment load took 364.81ns 
59871      INFO  main            d.u.i.k.p.i.AbstractProblemLoader Creating init config 
62406      DEBUG main            d.u.i.k.p.i.AbstractProblemLoader Init config took 2.53s 
62444      INFO  main            d.u.i.k.p.i.AbstractProblemLoader Replaying proof LargeSwitch[LargeSwitch::m(int)].JML normal_behavior operation contract.0 
62779      DEBUG main            d.u.i.k.p.i.IntermediateProofReplayer Proof replay took 319.95ms 
62781      DEBUG main            d.u.i.k.p.r.p.TestFile    ... success: reloaded. 
5021689    INFO  Test worker     d.u.i.k.p.r.RunAllProofsTestUnit Returning from test switch 
5021691    INFO  Test worker     d.u.i.k.p.r.RunAllProofsTestUnit Running test redux 
309        INFO  Timeout watchdog d.u.i.k.p.r.p.ForkedTestFileRunner Timeout watcher launched (2000 secs.) 
328        WARN  main            d.u.i.k.s.ProofSettings   The settings in /home/runner/.key/proof-settings.props are *not* read. 
363        INFO  main            d.u.i.k.p.r.p.TestFile    Now processing file /home/runner/work/key/key/key.core/../key.ui/examples/redux/arrays/Arrays.copyOf.key 
501        INFO  main            d.u.i.k.p.i.AbstractProblemLoader Loading environment from /home/runner/work/key/key/key.core/../key.ui/examples/redux/arrays/Arrays.copyOf.key 
528        DEBUG main            d.u.i.k.p.i.AbstractProblemLoader Environment load took 2.3ms 
748        INFO  main            d.u.i.k.p.i.AbstractProblemLoader Creating init config 
1705       DEBUG main            d.u.i.k.j.TypeConverter   No LDT found for Meta 
1706       DEBUG main            d.u.i.k.j.TypeConverter   No LDT found for Meta 
1709       DEBUG main            d.u.i.k.j.TypeConverter   No LDT found for Meta 
1709       DEBUG main            d.u.i.k.j.TypeConverter   No LDT found for Meta 
3039       DEBUG main            d.u.i.k.j.TypeConverter   No LDT found for JavaBigintExpression 
8317       DEBUG main            d.u.i.k.p.i.AbstractProblemLoader Init config took 7.57s 
8515       INFO  main            d.u.i.k.p.i.AbstractProblemLoader Replaying proof Arrays[Arrays::copyOf([I,int)].JML normal_behavior operation contract.0 
8549       DEBUG main            d.u.i.k.p.i.IntermediateProofReplayer Proof replay took 30.4ns 
13332      INFO  main            d.u.i.k.p.r.p.TestFile    ... finished proof: closed. 
13517      INFO  main            d.u.i.k.p.i.AbstractProblemLoader Loading environment from /home/runner/work/key/key/key.core/../key.ui/examples/redux/arrays/Arrays.copyOf.key.proof 
13520      DEBUG main            d.u.i.k.p.i.AbstractProblemLoader Environment load took 2.37ms 
13523      INFO  main            d.u.i.k.p.i.AbstractProblemLoader Creating init config 
16687      DEBUG main            d.u.i.k.p.i.AbstractProblemLoader Init config took 3.16s 
16762      INFO  main            d.u.i.k.p.i.AbstractProblemLoader Replaying proof Arrays[Arrays::copyOf([I,int)].JML normal_behavior operation contract.0 
17320      DEBUG main            d.u.i.k.p.i.IntermediateProofReplayer Proof replay took 524.1ms 
17329      DEBUG main            d.u.i.k.p.r.p.TestFile    ... success: reloaded. 
17330      INFO  main            d.u.i.k.p.r.p.TestFile    Now processing file /home/runner/work/key/key/key.core/../key.ui/examples/redux/arrays/Arrays.copyOf.float.key 
17330      INFO  main            d.u.i.k.p.i.AbstractProblemLoader Loading environment from /home/runner/work/key/key/key.core/../key.ui/examples/redux/arrays/Arrays.copyOf.float.key 
17331      DEBUG main            d.u.i.k.p.i.AbstractProblemLoader Environment load took 228.1ns 
17332      INFO  main            d.u.i.k.p.i.AbstractProblemLoader Creating init config 
20487      DEBUG main            d.u.i.k.p.i.AbstractProblemLoader Init config took 3.16s 
20540      INFO  main            d.u.i.k.p.i.AbstractProblemLoader Replaying proof Arrays[Arrays::copyOf([F,int)].JML normal_behavior operation contract.0 
20541      DEBUG main            d.u.i.k.p.i.IntermediateProofReplayer Proof replay took 5.9ns 
20567      DEBUG main            d.u.i.k.m.s.ProofScriptEngine 1: 'macro autopilot' 
24702      DEBUG main            d.u.i.k.m.s.ProofScriptEngine 2: 'smt solver=Z3' 
24774      INFO  main            d.u.i.k.m.s.SMTCommand    Finished run on goal 17 in 45ms, result is valid 
24774      DEBUG main            d.u.i.k.m.s.ProofScriptEngine 3: 'tryclose' 
26369      INFO  main            d.u.i.k.p.r.p.TestFile    ... finished proof: closed. 
26568      INFO  main            d.u.i.k.p.i.AbstractProblemLoader Loading environment from /home/runner/work/key/key/key.core/../key.ui/examples/redux/arrays/Arrays.copyOf.float.key.proof 
26569      DEBUG main            d.u.i.k.p.i.AbstractProblemLoader Environment load took 381.4ns 
26573      INFO  main            d.u.i.k.p.i.AbstractProblemLoader Creating init config 
29532      DEBUG main            d.u.i.k.p.i.AbstractProblemLoader Init config took 2.96s 
29589      INFO  main            d.u.i.k.p.i.AbstractProblemLoader Replaying proof Arrays[Arrays::copyOf([F,int)].JML normal_behavior operation contract.0 
29684      INFO  main            d.u.i.k.s.SMTFocusResults Analyzing unsat core: (L_6) 
30337      DEBUG main            d.u.i.k.p.i.IntermediateProofReplayer Proof replay took 720.52ms 
30340      DEBUG main            d.u.i.k.p.r.p.TestFile    ... success: reloaded. 
30346      INFO  main            d.u.i.k.p.r.p.TestFile    Now processing file /home/runner/work/key/key/key.core/../key.ui/examples/redux/arrays/Arrays.copyOfRange.key 
30346      INFO  main            d.u.i.k.p.i.AbstractProblemLoader Loading environment from /home/runner/work/key/key/key.core/../key.ui/examples/redux/arrays/Arrays.copyOfRange.key 
30346      DEBUG main            d.u.i.k.p.i.AbstractProblemLoader Environment load took 192.2ns 
30349      INFO  main            d.u.i.k.p.i.AbstractProblemLoader Creating init config 
33361      DEBUG main            d.u.i.k.p.i.AbstractProblemLoader Init config took 3.01s 
33404      INFO  main            d.u.i.k.p.i.AbstractProblemLoader Replaying proof Arrays[Arrays::copyOfRange([I,int,int)].JML normal_behavior operation contract.0 
33406      DEBUG main            d.u.i.k.p.i.IntermediateProofReplayer Proof replay took 5.7ns 
37618      INFO  main            d.u.i.k.p.r.p.TestFile    ... finished proof: closed. 
37851      INFO  main            d.u.i.k.p.i.AbstractProblemLoader Loading environment from /home/runner/work/key/key/key.core/../key.ui/examples/redux/arrays/Arrays.copyOfRange.key.proof 
37852      DEBUG main            d.u.i.k.p.i.AbstractProblemLoader Environment load took 359.4ns 
37853      INFO  main            d.u.i.k.p.i.AbstractProblemLoader Creating init config 
40864      DEBUG main            d.u.i.k.p.i.AbstractProblemLoader Init config took 3.01s 
40906      INFO  main            d.u.i.k.p.i.AbstractProblemLoader Replaying proof Arrays[Arrays::copyOfRange([I,int,int)].JML normal_behavior operation contract.0 
41448      DEBUG main            d.u.i.k.p.i.IntermediateProofReplayer Proof replay took 521.81ms 
41450      DEBUG main            d.u.i.k.p.r.p.TestFile    ... success: reloaded. 
41451      INFO  main            d.u.i.k.p.r.p.TestFile    Now processing file /home/runner/work/key/key/key.core/../key.ui/examples/redux/arrays/Arrays.copyOfRange.float.key 
41451      INFO  main            d.u.i.k.p.i.AbstractProblemLoader Loading environment from /home/runner/work/key/key/key.core/../key.ui/examples/redux/arrays/Arrays.copyOfRange.float.key 
41452      DEBUG main            d.u.i.k.p.i.AbstractProblemLoader Environment load took 189.3ns 
41453      INFO  main            d.u.i.k.p.i.AbstractProblemLoader Creating init config 
44429      DEBUG main            d.u.i.k.p.i.AbstractProblemLoader Init config took 2.98s 
44471      INFO  main            d.u.i.k.p.i.AbstractProblemLoader Replaying proof Arrays[Arrays::copyOfRange([F,int,int)].JML normal_behavior operation contract.0 
44473      DEBUG main            d.u.i.k.p.i.IntermediateProofReplayer Proof replay took 5.1ns 
44473      DEBUG main            d.u.i.k.m.s.ProofScriptEngine 1: 'macro autopilot' 
49900      DEBUG main            d.u.i.k.m.s.ProofScriptEngine 2: 'smt solver=Z3' 
49954      INFO  main            d.u.i.k.m.s.SMTCommand    Finished run on goal 27 in 41ms, result is valid 
49954      DEBUG main            d.u.i.k.m.s.ProofScriptEngine 3: 'tryclose' 
53235      INFO  main            d.u.i.k.p.r.p.TestFile    ... finished proof: closed. 
53427      INFO  main            d.u.i.k.p.i.AbstractProblemLoader Loading environment from /home/runner/work/key/key/key.core/../key.ui/examples/redux/arrays/Arrays.copyOfRange.float.key.proof 
53427      DEBUG main            d.u.i.k.p.i.AbstractProblemLoader Environment load took 382.9ns 
53429      INFO  main            d.u.i.k.p.i.AbstractProblemLoader Creating init config 
56338      DEBUG main            d.u.i.k.p.i.AbstractProblemLoader Init config took 2.91s 
56380      INFO  main            d.u.i.k.p.i.AbstractProblemLoader Replaying proof Arrays[Arrays::copyOfRange([F,int,int)].JML normal_behavior operation contract.0 
56462      INFO  main            d.u.i.k.s.SMTFocusResults Analyzing unsat core: (L_8) 
57332      DEBUG main            d.u.i.k.p.i.IntermediateProofReplayer Proof replay took 928.35ms 
57334      DEBUG main            d.u.i.k.p.r.p.TestFile    ... success: reloaded. 
57335      INFO  main            d.u.i.k.p.r.p.TestFile    Now processing file /home/runner/work/key/key/key.core/../key.ui/examples/redux/arrays/Arrays.equals.key 
57336      INFO  main            d.u.i.k.p.i.AbstractProblemLoader Loading environment from /home/runner/work/key/key/key.core/../key.ui/examples/redux/arrays/Arrays.equals.key 
57336      DEBUG main            d.u.i.k.p.i.AbstractProblemLoader Environment load took 195.7ns 
57337      INFO  main            d.u.i.k.p.i.AbstractProblemLoader Creating init config 
60358      DEBUG main            d.u.i.k.p.i.AbstractProblemLoader Init config took 3.02s 
60399      INFO  main            d.u.i.k.p.i.AbstractProblemLoader Replaying proof Arrays[Arrays::equals([B,[B)].JML normal_behavior operation contract.0 
60401      DEBUG main            d.u.i.k.p.i.IntermediateProofReplayer Proof replay took 7.3ns 
60906      INFO  main            d.u.i.k.p.r.p.TestFile    ... finished proof: closed. 
61220      INFO  main            d.u.i.k.p.i.AbstractProblemLoader Loading environment from /home/runner/work/key/key/key.core/../key.ui/examples/redux/arrays/Arrays.equals.key.proof 
61221      DEBUG main            d.u.i.k.p.i.AbstractProblemLoader Environment load took 380.8ns 
61222      INFO  main            d.u.i.k.p.i.AbstractProblemLoader Creating init config 
64149      DEBUG main            d.u.i.k.p.i.AbstractProblemLoader Init config took 2.93s 
64197      INFO  main            d.u.i.k.p.i.AbstractProblemLoader Replaying proof Arrays[Arrays::equals([B,[B)].JML normal_behavior operation contract.0 
64347      DEBUG main            d.u.i.k.p.i.IntermediateProofReplayer Proof replay took 146.25ms 
64348      DEBUG main            d.u.i.k.p.r.p.TestFile    ... success: reloaded. 
64349      INFO  main            d.u.i.k.p.r.p.TestFile    Now processing file /home/runner/work/key/key/key.core/../key.ui/examples/redux/arrays/Arrays.fill.key 
64350      INFO  main            d.u.i.k.p.i.AbstractProblemLoader Loading environment from /home/runner/work/key/key/key.core/../key.ui/examples/redux/arrays/Arrays.fill.key 
64350      DEBUG main            d.u.i.k.p.i.AbstractProblemLoader Environment load took 206.5ns 
64351      INFO  main            d.u.i.k.p.i.AbstractProblemLoader Creating init config 
67340      DEBUG main            d.u.i.k.p.i.AbstractProblemLoader Init config took 2.99s 
67379      INFO  main            d.u.i.k.p.i.AbstractProblemLoader Replaying proof Arrays[Arrays::fill([I,int)].JML normal_behavior operation contract.0 
67381      DEBUG main            d.u.i.k.p.i.IntermediateProofReplayer Proof replay took 6.3ns 
67585      INFO  main            d.u.i.k.p.r.p.TestFile    ... finished proof: closed. 
67763      INFO  main            d.u.i.k.p.i.AbstractProblemLoader Loading environment from /home/runner/work/key/key/key.core/../key.ui/examples/redux/arrays/Arrays.fill.key.proof 
67763      DEBUG main            d.u.i.k.p.i.AbstractProblemLoader Environment load took 129.1ns 
67764      INFO  main            d.u.i.k.p.i.AbstractProblemLoader Creating init config 
70644      DEBUG main            d.u.i.k.p.i.AbstractProblemLoader Init config took 2.88s 
70698      INFO  main            d.u.i.k.p.i.AbstractProblemLoader Replaying proof Arrays[Arrays::fill([I,int)].JML normal_behavior operation contract.0 
70737      DEBUG main            d.u.i.k.p.i.IntermediateProofReplayer Proof replay took 36.04ms 
70738      DEBUG main            d.u.i.k.p.r.p.TestFile    ... success: reloaded. 
70738      INFO  main            d.u.i.k.p.r.p.TestFile    Now processing file /home/runner/work/key/key/key.core/../key.ui/examples/redux/arrays/Arrays.fill.float.key 
70739      INFO  main            d.u.i.k.p.i.AbstractProblemLoader Loading environment from /home/runner/work/key/key/key.core/../key.ui/examples/redux/arrays/Arrays.fill.float.key 
70739      DEBUG main            d.u.i.k.p.i.AbstractProblemLoader Environment load took 764.71ns 
70740      INFO  main            d.u.i.k.p.i.AbstractProblemLoader Creating init config 
73644      DEBUG main            d.u.i.k.p.i.AbstractProblemLoader Init config took 2.9s 
73680      INFO  main            d.u.i.k.p.i.AbstractProblemLoader Replaying proof Arrays[Arrays::fill([F,float)].JML normal_behavior operation contract.0 
73681      DEBUG main            d.u.i.k.p.i.IntermediateProofReplayer Proof replay took 6.6ns 
73885      INFO  main            d.u.i.k.p.r.p.TestFile    ... finished proof: closed. 
74074      INFO  main            d.u.i.k.p.i.AbstractProblemLoader Loading environment from /home/runner/work/key/key/key.core/../key.ui/examples/redux/arrays/Arrays.fill.float.key.proof 
74075      DEBUG main            d.u.i.k.p.i.AbstractProblemLoader Environment load took 130.8ns 
74076      INFO  main            d.u.i.k.p.i.AbstractProblemLoader Creating init config 
76910      DEBUG main            d.u.i.k.p.i.AbstractProblemLoader Init config took 2.83s 
76955      INFO  main            d.u.i.k.p.i.AbstractProblemLoader Replaying proof Arrays[Arrays::fill([F,float)].JML normal_behavior operation contract.0 
76998      DEBUG main            d.u.i.k.p.i.IntermediateProofReplayer Proof replay took 40.13ms 
76999      DEBUG main            d.u.i.k.p.r.p.TestFile    ... success: reloaded. 
77000      INFO  main            d.u.i.k.p.r.p.TestFile    Now processing file /home/runner/work/key/key/key.core/../key.ui/examples/redux/arrays/Arrays.fillFromTo.key 
77000      INFO  main            d.u.i.k.p.i.AbstractProblemLoader Loading environment from /home/runner/work/key/key/key.core/../key.ui/examples/redux/arrays/Arrays.fillFromTo.key 
77001      DEBUG main            d.u.i.k.p.i.AbstractProblemLoader Environment load took 200.7ns 
77001      INFO  main            d.u.i.k.p.i.AbstractProblemLoader Creating init config 
79897      DEBUG main            d.u.i.k.p.i.AbstractProblemLoader Init config took 2.9s 
79936      INFO  main            d.u.i.k.p.i.AbstractProblemLoader Replaying proof Arrays[Arrays::fill([I,int,int,int)].JML normal_behavior operation contract.0 
79937      DEBUG main            d.u.i.k.p.i.IntermediateProofReplayer Proof replay took 6.4ns 
80441      INFO  main            d.u.i.k.p.r.p.TestFile    ... finished proof: closed. 
80652      INFO  main            d.u.i.k.p.i.AbstractProblemLoader Loading environment from /home/runner/work/key/key/key.core/../key.ui/examples/redux/arrays/Arrays.fillFromTo.key.proof 
80653      DEBUG main            d.u.i.k.p.i.AbstractProblemLoader Environment load took 389ns 
80654      INFO  main            d.u.i.k.p.i.AbstractProblemLoader Creating init config 
83543      DEBUG main            d.u.i.k.p.i.AbstractProblemLoader Init config took 2.89s 
83579      INFO  main            d.u.i.k.p.i.AbstractProblemLoader Replaying proof Arrays[Arrays::fill([I,int,int,int)].JML normal_behavior operation contract.0 
83690      DEBUG main            d.u.i.k.p.i.IntermediateProofReplayer Proof replay took 107.31ms 
83691      DEBUG main            d.u.i.k.p.r.p.TestFile    ... success: reloaded. 
83692      INFO  main            d.u.i.k.p.r.p.TestFile    Now processing file /home/runner/work/key/key/key.core/../key.ui/examples/redux/arrays/Arrays.fillFromTo.float.key 
83692      INFO  main            d.u.i.k.p.i.AbstractProblemLoader Loading environment from /home/runner/work/key/key/key.core/../key.ui/examples/redux/arrays/Arrays.fillFromTo.float.key 
83692      DEBUG main            d.u.i.k.p.i.AbstractProblemLoader Environment load took 92.1ns 
83693      INFO  main            d.u.i.k.p.i.AbstractProblemLoader Creating init config 
86573      DEBUG main            d.u.i.k.p.i.AbstractProblemLoader Init config took 2.88s 
86615      INFO  main            d.u.i.k.p.i.AbstractProblemLoader Replaying proof Arrays[Arrays::fill([F,int,int,float)].JML normal_behavior operation contract.0 
86617      DEBUG main            d.u.i.k.p.i.IntermediateProofReplayer Proof replay took 5.9ns 
87320      INFO  main            d.u.i.k.p.r.p.TestFile    ... finished proof: closed. 
87525      INFO  main            d.u.i.k.p.i.AbstractProblemLoader Loading environment from /home/runner/work/key/key/key.core/../key.ui/examples/redux/arrays/Arrays.fillFromTo.float.key.proof 
87525      DEBUG main            d.u.i.k.p.i.AbstractProblemLoader Environment load took 357.6ns 
87526      INFO  main            d.u.i.k.p.i.AbstractProblemLoader Creating init config 
90417      DEBUG main            d.u.i.k.p.i.AbstractProblemLoader Init config took 2.89s 
90452      INFO  main            d.u.i.k.p.i.AbstractProblemLoader Replaying proof Arrays[Arrays::fill([F,int,int,float)].JML normal_behavior operation contract.0 
90589      DEBUG main            d.u.i.k.p.i.IntermediateProofReplayer Proof replay took 131.79ms 
90590      DEBUG main            d.u.i.k.p.r.p.TestFile    ... success: reloaded. 
90591      INFO  main            d.u.i.k.p.r.p.TestFile    Now processing file /home/runner/work/key/key/key.core/../key.ui/examples/redux/arrays/ArrayCopy.arraycopy.normal.0.key 
90591      INFO  main            d.u.i.k.p.i.AbstractProblemLoader Loading environment from /home/runner/work/key/key/key.core/../key.ui/examples/redux/arrays/ArrayCopy.arraycopy.normal.0.key 
90591      DEBUG main            d.u.i.k.p.i.AbstractProblemLoader Environment load took 171.7ns 
90592      INFO  main            d.u.i.k.p.i.AbstractProblemLoader Creating init config 
93473      DEBUG main            d.u.i.k.p.i.AbstractProblemLoader Init config took 2.88s 
93507      INFO  main            d.u.i.k.p.i.AbstractProblemLoader Replaying proof ArrayCopy[ArrayCopy::arraycopy(java.lang.Object,int,java.lang.Object,int,int)].JML normal_behavior operation contract.0 
93508      DEBUG main            d.u.i.k.p.i.IntermediateProofReplayer Proof replay took 6.5ns 
99149      INFO  main            d.u.i.k.p.r.p.TestFile    ... finished proof: closed. 
99384      INFO  main            d.u.i.k.p.i.AbstractProblemLoader Loading environment from /home/runner/work/key/key/key.core/../key.ui/examples/redux/arrays/ArrayCopy.arraycopy.normal.0.key.proof 
99385      DEBUG main            d.u.i.k.p.i.AbstractProblemLoader Environment load took 193.6ns 
99386      INFO  main            d.u.i.k.p.i.AbstractProblemLoader Creating init config 
102202     DEBUG main            d.u.i.k.p.i.AbstractProblemLoader Init config took 2.82s 
102237     INFO  main            d.u.i.k.p.i.AbstractProblemLoader Replaying proof ArrayCopy[ArrayCopy::arraycopy(java.lang.Object,int,java.lang.Object,int,int)].JML normal_behavior operation contract.0 
103128     DEBUG main            d.u.i.k.p.i.IntermediateProofReplayer Proof replay took 874.96ms 
103129     DEBUG main            d.u.i.k.p.r.p.TestFile    ... success: reloaded. 
103130     INFO  main            d.u.i.k.p.r.p.TestFile    Now processing file /home/runner/work/key/key/key.core/../key.ui/examples/redux/arrays/ArrayCopy.arraycopy.exceptional.0.key 
103131     INFO  main            d.u.i.k.p.i.AbstractProblemLoader Loading environment from /home/runner/work/key/key/key.core/../key.ui/examples/redux/arrays/ArrayCopy.arraycopy.exceptional.0.key 
103131     DEBUG main            d.u.i.k.p.i.AbstractProblemLoader Environment load took 112.8ns 
103131     INFO  main            d.u.i.k.p.i.AbstractProblemLoader Creating init config 
106037     DEBUG main            d.u.i.k.p.i.AbstractProblemLoader Init config took 2.91s 
106070     INFO  main            d.u.i.k.p.i.AbstractProblemLoader Replaying proof ArrayCopy[ArrayCopy::arraycopy(java.lang.Object,int,java.lang.Object,int,int)].JML exceptional_behavior operation contract.0 
106072     DEBUG main            d.u.i.k.p.i.IntermediateProofReplayer Proof replay took 6.3ns 
106377     INFO  main            d.u.i.k.p.r.p.TestFile    ... finished proof: closed. 
106618     INFO  main            d.u.i.k.p.i.AbstractProblemLoader Loading environment from /home/runner/work/key/key/key.core/../key.ui/examples/redux/arrays/ArrayCopy.arraycopy.exceptional.0.key.proof 
106618     DEBUG main            d.u.i.k.p.i.AbstractProblemLoader Environment load took 141.2ns 
106619     INFO  main            d.u.i.k.p.i.AbstractProblemLoader Creating init config 
109446     DEBUG main            d.u.i.k.p.i.AbstractProblemLoader Init config took 2.83s 
109479     INFO  main            d.u.i.k.p.i.AbstractProblemLoader Replaying proof ArrayCopy[ArrayCopy::arraycopy(java.lang.Object,int,java.lang.Object,int,int)].JML exceptional_behavior operation contract.0 
109617     DEBUG main            d.u.i.k.p.i.IntermediateProofReplayer Proof replay took 135.87ms 
109618     DEBUG main            d.u.i.k.p.r.p.TestFile    ... success: reloaded. 
109619     INFO  main            d.u.i.k.p.r.p.TestFile    Now processing file /home/runner/work/key/key/key.core/../key.ui/examples/redux/arrays/ArrayCopy.arraycopy.exceptional.1.key 
109619     INFO  main            d.u.i.k.p.i.AbstractProblemLoader Loading environment from /home/runner/work/key/key/key.core/../key.ui/examples/redux/arrays/ArrayCopy.arraycopy.exceptional.1.key 
109619     DEBUG main            d.u.i.k.p.i.AbstractProblemLoader Environment load took 107.7ns 
109620     INFO  main            d.u.i.k.p.i.AbstractProblemLoader Creating init config 
112500     DEBUG main            d.u.i.k.p.i.AbstractProblemLoader Init config took 2.88s 
112533     INFO  main            d.u.i.k.p.i.AbstractProblemLoader Replaying proof ArrayCopy[ArrayCopy::arraycopy(java.lang.Object,int,java.lang.Object,int,int)].JML exceptional_behavior operation contract.1 
112534     DEBUG main            d.u.i.k.p.i.IntermediateProofReplayer Proof replay took 6.2ns 
118173     INFO  main            d.u.i.k.p.r.p.TestFile    ... finished proof: closed. 
118407     INFO  main            d.u.i.k.p.i.AbstractProblemLoader Loading environment from /home/runner/work/key/key/key.core/../key.ui/examples/redux/arrays/ArrayCopy.arraycopy.exceptional.1.key.proof 
118407     DEBUG main            d.u.i.k.p.i.AbstractProblemLoader Environment load took 138.1ns 
118412     INFO  main            d.u.i.k.p.i.AbstractProblemLoader Creating init config 
121251     DEBUG main            d.u.i.k.p.i.AbstractProblemLoader Init config took 2.84s 
121284     INFO  main            d.u.i.k.p.i.AbstractProblemLoader Replaying proof ArrayCopy[ArrayCopy::arraycopy(java.lang.Object,int,java.lang.Object,int,int)].JML exceptional_behavior operation contract.1 
122808     DEBUG main            d.u.i.k.p.i.IntermediateProofReplayer Proof replay took 1.51s 
122810     DEBUG main            d.u.i.k.p.r.p.TestFile    ... success: reloaded. 
5144672    INFO  Test worker     d.u.i.k.p.r.RunAllProofsTestUnit Returning from test redux 
]]></system-out>
  <system-err><![CDATA[]]></system-err>
</testsuite>
