<?xml version="1.0" encoding="UTF-8"?>
<testsuite name="de.uka.ilkd.key.parser.TestTermParserSorts" tests="2" skipped="0" failures="0" errors="0" timestamp="2023-05-15T06:31:59" hostname="fv-az1100-952" time="3.195">
  <properties/>
  <testcase name="testParseIntegerArgs()" classname="de.uka.ilkd.key.parser.TestTermParserSorts" time="0.01"/>
  <testcase name="testParseSequencePrettySyntax()" classname="de.uka.ilkd.key.parser.TestTermParserSorts" time="0.002"/>
  <system-out><![CDATA[426100     INFO  Test worker     d.u.i.k.n.KeyIO           Parsing took 0 ms 
426100     DEBUG Test worker     d.u.i.k.n.KeyIO           Load declarations of de.uka.ilkd.key.nparser.KeyAst$File:  <unknown>:1#1 
426101     INFO  Test worker     d.u.i.k.n.KeyIO           MODE: declarations took 1 ms 
426101     DEBUG Test worker     d.u.i.k.n.KeyIO           MODE: 2nd degree decls took 0 
426101     INFO  Test worker     d.u.i.k.n.KeyIO           Parsing took 0 ms 
426101     DEBUG Test worker     d.u.i.k.n.KeyIO           Load declarations of de.uka.ilkd.key.nparser.KeyAst$File:  <unknown>:1#1 
426101     INFO  Test worker     d.u.i.k.n.KeyIO           MODE: declarations took 0 ms 
426101     DEBUG Test worker     d.u.i.k.n.KeyIO           MODE: 2nd degree decls took 0 
426101     INFO  Test worker     d.u.i.k.n.KeyIO           Parsing took 0 ms 
426101     DEBUG Test worker     d.u.i.k.n.KeyIO           Load declarations of de.uka.ilkd.key.nparser.KeyAst$File:  <unknown>:1#1 
426101     INFO  Test worker     d.u.i.k.n.KeyIO           MODE: declarations took 0 ms 
426101     DEBUG Test worker     d.u.i.k.n.KeyIO           MODE: 2nd degree decls took 0 
429294     INFO  Test worker     d.u.i.k.n.KeyIO           Parsing took 0 ms 
429294     DEBUG Test worker     d.u.i.k.n.KeyIO           Load declarations of de.uka.ilkd.key.nparser.KeyAst$File:  <unknown>:1#1 
429294     INFO  Test worker     d.u.i.k.n.KeyIO           MODE: declarations took 0 ms 
429294     DEBUG Test worker     d.u.i.k.n.KeyIO           MODE: 2nd degree decls took 0 
429294     INFO  Test worker     d.u.i.k.n.KeyIO           Parsing took 0 ms 
429294     DEBUG Test worker     d.u.i.k.n.KeyIO           Load declarations of de.uka.ilkd.key.nparser.KeyAst$File:  <unknown>:1#1 
429294     INFO  Test worker     d.u.i.k.n.KeyIO           MODE: declarations took 0 ms 
429294     DEBUG Test worker     d.u.i.k.n.KeyIO           MODE: 2nd degree decls took 0 
429294     INFO  Test worker     d.u.i.k.n.KeyIO           Parsing took 0 ms 
429294     DEBUG Test worker     d.u.i.k.n.KeyIO           Load declarations of de.uka.ilkd.key.nparser.KeyAst$File:  <unknown>:1#1 
429294     INFO  Test worker     d.u.i.k.n.KeyIO           MODE: declarations took 0 ms 
429294     DEBUG Test worker     d.u.i.k.n.KeyIO           MODE: 2nd degree decls took 0 
]]></system-out>
  <system-err><![CDATA[]]></system-err>
</testsuite>
