<?xml version="1.0" encoding="UTF-8"?>
<testsuite name="de.uka.ilkd.key.parser.TestDeclParser" tests="14" skipped="2" failures="0" errors="0" timestamp="2023-05-15T06:28:21" hostname="fv-az1100-952" time="11.301">
  <properties/>
  <testcase name="testGenericSortDecl1()" classname="de.uka.ilkd.key.parser.TestDeclParser" time="0.978"/>
  <testcase name="testGenericSortDecl2()" classname="de.uka.ilkd.key.parser.TestDeclParser" time="0.82"/>
  <testcase name="testGenericSortDecl3()" classname="de.uka.ilkd.key.parser.TestDeclParser" time="0.882"/>
  <testcase name="testGenericSortDecl4()" classname="de.uka.ilkd.key.parser.TestDeclParser" time="0.917"/>
  <testcase name="testGenericSortDecl5()" classname="de.uka.ilkd.key.parser.TestDeclParser" time="0.0">
    <skipped/>
  </testcase>
  <testcase name="testGenericSortDecl6()" classname="de.uka.ilkd.key.parser.TestDeclParser" time="0.971"/>
  <testcase name="testSortDecl()" classname="de.uka.ilkd.key.parser.TestDeclParser" time="0.901"/>
  <testcase name="testProxySortDecl()" classname="de.uka.ilkd.key.parser.TestDeclParser" time="0.978"/>
  <testcase name="testArrayDecl()" classname="de.uka.ilkd.key.parser.TestDeclParser" time="0.985"/>
  <testcase name="testAmbiguousDecls()" classname="de.uka.ilkd.key.parser.TestDeclParser" time="0.0">
    <skipped/>
  </testcase>
  <testcase name="testHeurDecl()" classname="de.uka.ilkd.key.parser.TestDeclParser" time="0.947"/>
  <testcase name="testFunctionDecl()" classname="de.uka.ilkd.key.parser.TestDeclParser" time="0.985"/>
  <testcase name="testPredicateDecl()" classname="de.uka.ilkd.key.parser.TestDeclParser" time="0.972"/>
  <testcase name="testSVDecl()" classname="de.uka.ilkd.key.parser.TestDeclParser" time="0.962"/>
  <system-out><![CDATA[209154     INFO  Test worker     d.u.i.k.n.KeyIO           Parsing took 0 ms 
209154     DEBUG Test worker     d.u.i.k.n.KeyIO           Load declarations of de.uka.ilkd.key.nparser.KeyAst$File:  <unknown>:1#1 
209154     INFO  Test worker     d.u.i.k.n.KeyIO           MODE: declarations took 0 ms 
209155     DEBUG Test worker     d.u.i.k.n.KeyIO           MODE: 2nd degree decls took 1 
209155     DEBUG Test worker     d.u.i.k.n.KeyIO           MODE: taclets took 0ms 
209975     INFO  Test worker     d.u.i.k.n.KeyIO           Parsing took 0 ms 
209975     DEBUG Test worker     d.u.i.k.n.KeyIO           Load declarations of de.uka.ilkd.key.nparser.KeyAst$File:  <unknown>:1#1 
209975     INFO  Test worker     d.u.i.k.n.KeyIO           MODE: declarations took 0 ms 
209975     DEBUG Test worker     d.u.i.k.n.KeyIO           MODE: 2nd degree decls took 0 
209975     DEBUG Test worker     d.u.i.k.n.KeyIO           MODE: taclets took 0ms 
210857     INFO  Test worker     d.u.i.k.n.KeyIO           Parsing took 0 ms 
210858     DEBUG Test worker     d.u.i.k.n.KeyIO           Load declarations of de.uka.ilkd.key.nparser.KeyAst$File:  <unknown>:1#1 
210858     INFO  Test worker     d.u.i.k.n.KeyIO           MODE: declarations took 0 ms 
210858     DEBUG Test worker     d.u.i.k.n.KeyIO           MODE: 2nd degree decls took 0 
210858     DEBUG Test worker     d.u.i.k.n.KeyIO           MODE: taclets took 0ms 
211775     INFO  Test worker     d.u.i.k.n.KeyIO           Parsing took 0 ms 
211775     DEBUG Test worker     d.u.i.k.n.KeyIO           Load declarations of de.uka.ilkd.key.nparser.KeyAst$File:  <unknown>:1#1 
211775     INFO  Test worker     d.u.i.k.n.KeyIO           MODE: declarations took 0 ms 
211775     DEBUG Test worker     d.u.i.k.n.KeyIO           MODE: 2nd degree decls took 0 
211775     DEBUG Test worker     d.u.i.k.n.KeyIO           MODE: taclets took 0ms 
212747     INFO  Test worker     d.u.i.k.n.KeyIO           Parsing took 0 ms 
212747     DEBUG Test worker     d.u.i.k.n.KeyIO           Load declarations of de.uka.ilkd.key.nparser.KeyAst$File:  <unknown>:1#1 
212747     INFO  Test worker     d.u.i.k.n.KeyIO           MODE: declarations took 0 ms 
212747     DEBUG Test worker     d.u.i.k.n.KeyIO           MODE: 2nd degree decls took 0 
212747     DEBUG Test worker     d.u.i.k.n.KeyIO           MODE: taclets took 0ms 
213648     INFO  Test worker     d.u.i.k.n.KeyIO           Parsing took 0 ms 
213648     DEBUG Test worker     d.u.i.k.n.KeyIO           Load declarations of de.uka.ilkd.key.nparser.KeyAst$File:  <unknown>:1#1 
213648     INFO  Test worker     d.u.i.k.n.KeyIO           MODE: declarations took 0 ms 
213648     DEBUG Test worker     d.u.i.k.n.KeyIO           MODE: 2nd degree decls took 0 
213648     DEBUG Test worker     d.u.i.k.n.KeyIO           MODE: taclets took 0ms 
214625     INFO  Test worker     d.u.i.k.n.KeyIO           Parsing took 0 ms 
214625     DEBUG Test worker     d.u.i.k.n.KeyIO           Load declarations of de.uka.ilkd.key.nparser.KeyAst$File:  <unknown>:1#1 
214626     INFO  Test worker     d.u.i.k.n.KeyIO           MODE: declarations took 1 ms 
214626     DEBUG Test worker     d.u.i.k.n.KeyIO           MODE: 2nd degree decls took 0 
214626     DEBUG Test worker     d.u.i.k.n.KeyIO           MODE: taclets took 0ms 
215611     INFO  Test worker     d.u.i.k.n.KeyIO           Parsing took 0 ms 
215611     DEBUG Test worker     d.u.i.k.n.KeyIO           Load declarations of de.uka.ilkd.key.nparser.KeyAst$File:  <unknown>:1#1 
215611     INFO  Test worker     d.u.i.k.n.KeyIO           MODE: declarations took 0 ms 
215611     DEBUG Test worker     d.u.i.k.n.KeyIO           MODE: 2nd degree decls took 0 
215612     DEBUG Test worker     d.u.i.k.n.KeyIO           MODE: taclets took 0ms 
216559     INFO  Test worker     d.u.i.k.n.KeyIO           Parsing took 0 ms 
216559     DEBUG Test worker     d.u.i.k.n.KeyIO           Load declarations of de.uka.ilkd.key.nparser.KeyAst$File:  <unknown>:1#1 
216559     INFO  Test worker     d.u.i.k.n.KeyIO           MODE: declarations took 0 ms 
216559     DEBUG Test worker     d.u.i.k.n.KeyIO           MODE: 2nd degree decls took 0 
216559     DEBUG Test worker     d.u.i.k.n.KeyIO           MODE: taclets took 0ms 
217543     INFO  Test worker     d.u.i.k.n.KeyIO           Parsing took 1 ms 
217543     DEBUG Test worker     d.u.i.k.n.KeyIO           Load declarations of de.uka.ilkd.key.nparser.KeyAst$File:  <unknown>:1#1 
217543     INFO  Test worker     d.u.i.k.n.KeyIO           MODE: declarations took 0 ms 
217544     DEBUG Test worker     d.u.i.k.n.KeyIO           MODE: 2nd degree decls took 0 
217545     DEBUG Test worker     d.u.i.k.n.KeyIO           MODE: taclets took 0ms 
218516     INFO  Test worker     d.u.i.k.n.KeyIO           Parsing took 0 ms 
218517     DEBUG Test worker     d.u.i.k.n.KeyIO           Load declarations of de.uka.ilkd.key.nparser.KeyAst$File:  <unknown>:1#1 
218517     INFO  Test worker     d.u.i.k.n.KeyIO           MODE: declarations took 0 ms 
218517     DEBUG Test worker     d.u.i.k.n.KeyIO           MODE: 2nd degree decls took 0 
218517     DEBUG Test worker     d.u.i.k.n.KeyIO           MODE: taclets took 0ms 
219478     INFO  Test worker     d.u.i.k.n.KeyIO           Parsing took 0 ms 
219478     DEBUG Test worker     d.u.i.k.n.KeyIO           Load declarations of de.uka.ilkd.key.nparser.KeyAst$File:  <unknown>:1#1 
219478     INFO  Test worker     d.u.i.k.n.KeyIO           MODE: declarations took 0 ms 
219478     DEBUG Test worker     d.u.i.k.n.KeyIO           MODE: 2nd degree decls took 0 
219478     DEBUG Test worker     d.u.i.k.n.KeyIO           MODE: taclets took 0ms 
]]></system-out>
  <system-err><![CDATA[]]></system-err>
</testsuite>
