<?xml version="1.0" encoding="UTF-8"?>
<testsuite name="de.uka.ilkd.key.proof.TestOneStepSimplifier" tests="1" skipped="0" failures="0" errors="0" timestamp="2023-05-15T06:32:03" hostname="fv-az1100-952" time="4.101">
  <properties/>
  <testcase name="loadWithRestriction()" classname="de.uka.ilkd.key.proof.TestOneStepSimplifier" time="4.101"/>
  <system-out><![CDATA[429333     INFO  Test worker     d.u.i.k.p.i.AbstractProblemLoader Loading environment from src/test/resources/testcase/ossRestriction.proof 
429333     DEBUG Test worker     d.u.i.k.p.i.AbstractProblemLoader Environment load took 93.8ns 
429334     INFO  Test worker     d.u.i.k.p.i.AbstractProblemLoader Creating init config 
429488     DEBUG Test worker     d.u.i.k.j.TypeConverter   No LDT found for Meta 
429488     DEBUG Test worker     d.u.i.k.j.TypeConverter   No LDT found for Meta 
429488     DEBUG Test worker     d.u.i.k.j.TypeConverter   No LDT found for Meta 
429488     DEBUG Test worker     d.u.i.k.j.TypeConverter   No LDT found for Meta 
430052     DEBUG Test worker     d.u.i.k.j.TypeConverter   No LDT found for JavaBigintExpression 
433405     DEBUG Test worker     d.u.i.k.p.i.AbstractProblemLoader Init config took 4.07s 
433429     INFO  Test worker     d.u.i.k.p.i.AbstractProblemLoader Replaying proof ossRestriction.proof 
433432     DEBUG Test worker     d.u.i.k.p.i.IntermediateProofReplayer Proof replay took 1.02ms 
]]></system-out>
  <system-err><![CDATA[]]></system-err>
</testsuite>
