<?xml version="1.0" encoding="UTF-8"?>
<testsuite name="de.uka.ilkd.key.parser.TestTermParserHeap" tests="39" skipped="0" failures="0" errors="0" timestamp="2023-05-15T06:29:56" hostname="fv-az1100-952" time="120.406">
  <properties/>
  <testcase name="testBracketHeapUpdate()" classname="de.uka.ilkd.key.parser.TestTermParserHeap" time="0.013"/>
  <testcase name="testStore()" classname="de.uka.ilkd.key.parser.TestTermParserHeap" time="0.007"/>
  <testcase name="testUnknownConstant()" classname="de.uka.ilkd.key.parser.TestTermParserHeap" time="0.002"/>
  <testcase name="testAllFieldsSelector()" classname="de.uka.ilkd.key.parser.TestTermParserHeap" time="0.002"/>
  <testcase name="testParsePrettyPrintedSelect()" classname="de.uka.ilkd.key.parser.TestTermParserHeap" time="0.002"/>
  <testcase name="testAccessStaticMembers()" classname="de.uka.ilkd.key.parser.TestTermParserHeap" time="0.009"/>
  <testcase name="testAtOperator_1()" classname="de.uka.ilkd.key.parser.TestTermParserHeap" time="0.001"/>
  <testcase name="testAtOperator_2()" classname="de.uka.ilkd.key.parser.TestTermParserHeap" time="0.005"/>
  <testcase name="testAtOperator_3()" classname="de.uka.ilkd.key.parser.TestTermParserHeap" time="0.003"/>
  <testcase name="testAtOperator_4()" classname="de.uka.ilkd.key.parser.TestTermParserHeap" time="0.004"/>
  <testcase name="testAtOperator_5()" classname="de.uka.ilkd.key.parser.TestTermParserHeap" time="0.002"/>
  <testcase name="testAtOperator_6()" classname="de.uka.ilkd.key.parser.TestTermParserHeap" time="0.001"/>
  <testcase name="testAtOperator_7()" classname="de.uka.ilkd.key.parser.TestTermParserHeap" time="0.002"/>
  <testcase name="testAtOperator_8()" classname="de.uka.ilkd.key.parser.TestTermParserHeap" time="0.011"/>
  <testcase name="testVerifyExceptionIfAtOperatorNotPreceededBySelectTerm()" classname="de.uka.ilkd.key.parser.TestTermParserHeap" time="0.002"/>
  <testcase name="testBugResettingCounter()" classname="de.uka.ilkd.key.parser.TestTermParserHeap" time="0.002"/>
  <testcase name="testLocationSets()" classname="de.uka.ilkd.key.parser.TestTermParserHeap" time="0.004"/>
  <testcase name="testQuantifiedSelect()" classname="de.uka.ilkd.key.parser.TestTermParserHeap" time="0.002"/>
  <testcase name="testGenericObjectProperties()" classname="de.uka.ilkd.key.parser.TestTermParserHeap" time="0.002"/>
  <testcase name="testQueryInheritance_1()" classname="de.uka.ilkd.key.parser.TestTermParserHeap" time="0.002"/>
  <testcase name="testQueryInheritance_2()" classname="de.uka.ilkd.key.parser.TestTermParserHeap" time="0.006"/>
  <testcase name="testQueryInheritance_3()" classname="de.uka.ilkd.key.parser.TestTermParserHeap" time="0.002"/>
  <testcase name="testQueryInheritance_4()" classname="de.uka.ilkd.key.parser.TestTermParserHeap" time="0.001"/>
  <testcase name="testQueryInheritance_5()" classname="de.uka.ilkd.key.parser.TestTermParserHeap" time="0.001"/>
  <testcase name="testQueryInheritance_6()" classname="de.uka.ilkd.key.parser.TestTermParserHeap" time="0.002"/>
  <testcase name="testQueryInheritance_7()" classname="de.uka.ilkd.key.parser.TestTermParserHeap" time="0.001"/>
  <testcase name="testQueryInheritance_8()" classname="de.uka.ilkd.key.parser.TestTermParserHeap" time="0.005"/>
  <testcase name="testQueryInheritance_9()" classname="de.uka.ilkd.key.parser.TestTermParserHeap" time="0.001"/>
  <testcase name="testQueryBasic_10()" classname="de.uka.ilkd.key.parser.TestTermParserHeap" time="0.001"/>
  <testcase name="testQueryBasic_11()" classname="de.uka.ilkd.key.parser.TestTermParserHeap" time="0.014"/>
  <testcase name="testQueryBasic_1()" classname="de.uka.ilkd.key.parser.TestTermParserHeap" time="0.001"/>
  <testcase name="testQueryBasic_2()" classname="de.uka.ilkd.key.parser.TestTermParserHeap" time="0.001"/>
  <testcase name="testQueryBasic_3()" classname="de.uka.ilkd.key.parser.TestTermParserHeap" time="0.002"/>
  <testcase name="testQueryBasic_4()" classname="de.uka.ilkd.key.parser.TestTermParserHeap" time="0.003"/>
  <testcase name="testQueryBasic_5()" classname="de.uka.ilkd.key.parser.TestTermParserHeap" time="0.001"/>
  <testcase name="testQueryBasic_6()" classname="de.uka.ilkd.key.parser.TestTermParserHeap" time="0.001"/>
  <testcase name="testQueryBasic_7()" classname="de.uka.ilkd.key.parser.TestTermParserHeap" time="0.002"/>
  <testcase name="testQueryBasic_8()" classname="de.uka.ilkd.key.parser.TestTermParserHeap" time="0.001"/>
  <testcase name="testQueryBasic_9()" classname="de.uka.ilkd.key.parser.TestTermParserHeap" time="0.003"/>
  <system-out><![CDATA[302829     INFO  Test worker     d.u.i.k.n.KeyIO           Parsing took 0 ms 
302829     DEBUG Test worker     d.u.i.k.n.KeyIO           Load declarations of de.uka.ilkd.key.nparser.KeyAst$File:  <unknown>:1#1 
302829     INFO  Test worker     d.u.i.k.n.KeyIO           MODE: declarations took 0 ms 
302829     DEBUG Test worker     d.u.i.k.n.KeyIO           MODE: 2nd degree decls took 0 
302829     INFO  Test worker     d.u.i.k.n.KeyIO           Parsing took 0 ms 
302829     DEBUG Test worker     d.u.i.k.n.KeyIO           Load declarations of de.uka.ilkd.key.nparser.KeyAst$File:  <unknown>:1#1 
302829     INFO  Test worker     d.u.i.k.n.KeyIO           MODE: declarations took 0 ms 
302829     DEBUG Test worker     d.u.i.k.n.KeyIO           MODE: 2nd degree decls took 0 
302829     INFO  Test worker     d.u.i.k.n.KeyIO           Parsing took 0 ms 
302829     DEBUG Test worker     d.u.i.k.n.KeyIO           Load declarations of de.uka.ilkd.key.nparser.KeyAst$File:  <unknown>:1#1 
302829     INFO  Test worker     d.u.i.k.n.KeyIO           MODE: declarations took 0 ms 
302829     DEBUG Test worker     d.u.i.k.n.KeyIO           MODE: 2nd degree decls took 0 
302829     INFO  Test worker     d.u.i.k.n.KeyIO           Parsing took 0 ms 
302829     DEBUG Test worker     d.u.i.k.n.KeyIO           Load declarations of de.uka.ilkd.key.nparser.KeyAst$File:  <unknown>:1#1 
302829     INFO  Test worker     d.u.i.k.n.KeyIO           MODE: declarations took 0 ms 
302829     DEBUG Test worker     d.u.i.k.n.KeyIO           MODE: 2nd degree decls took 0 
302829     INFO  Test worker     d.u.i.k.n.KeyIO           Parsing took 0 ms 
302829     DEBUG Test worker     d.u.i.k.n.KeyIO           Load declarations of de.uka.ilkd.key.nparser.KeyAst$File:  <unknown>:1#1 
302829     INFO  Test worker     d.u.i.k.n.KeyIO           MODE: declarations took 0 ms 
302829     DEBUG Test worker     d.u.i.k.n.KeyIO           MODE: 2nd degree decls took 0 
305658     INFO  Test worker     d.u.i.k.n.KeyIO           Parsing took 1 ms 
305658     DEBUG Test worker     d.u.i.k.n.KeyIO           Load declarations of de.uka.ilkd.key.nparser.KeyAst$File:  <unknown>:1#1 
305658     INFO  Test worker     d.u.i.k.n.KeyIO           MODE: declarations took 0 ms 
305658     DEBUG Test worker     d.u.i.k.n.KeyIO           MODE: 2nd degree decls took 0 
305658     INFO  Test worker     d.u.i.k.n.KeyIO           Parsing took 0 ms 
305658     DEBUG Test worker     d.u.i.k.n.KeyIO           Load declarations of de.uka.ilkd.key.nparser.KeyAst$File:  <unknown>:1#1 
305658     INFO  Test worker     d.u.i.k.n.KeyIO           MODE: declarations took 0 ms 
305658     DEBUG Test worker     d.u.i.k.n.KeyIO           MODE: 2nd degree decls took 0 
305658     INFO  Test worker     d.u.i.k.n.KeyIO           Parsing took 0 ms 
305658     DEBUG Test worker     d.u.i.k.n.KeyIO           Load declarations of de.uka.ilkd.key.nparser.KeyAst$File:  <unknown>:1#1 
305658     INFO  Test worker     d.u.i.k.n.KeyIO           MODE: declarations took 0 ms 
305658     DEBUG Test worker     d.u.i.k.n.KeyIO           MODE: 2nd degree decls took 0 
305658     INFO  Test worker     d.u.i.k.n.KeyIO           Parsing took 0 ms 
305658     DEBUG Test worker     d.u.i.k.n.KeyIO           Load declarations of de.uka.ilkd.key.nparser.KeyAst$File:  <unknown>:1#1 
305658     INFO  Test worker     d.u.i.k.n.KeyIO           MODE: declarations took 0 ms 
305658     DEBUG Test worker     d.u.i.k.n.KeyIO           MODE: 2nd degree decls took 0 
305658     INFO  Test worker     d.u.i.k.n.KeyIO           Parsing took 0 ms 
305658     DEBUG Test worker     d.u.i.k.n.KeyIO           Load declarations of de.uka.ilkd.key.nparser.KeyAst$File:  <unknown>:1#1 
305658     INFO  Test worker     d.u.i.k.n.KeyIO           MODE: declarations took 0 ms 
305658     DEBUG Test worker     d.u.i.k.n.KeyIO           MODE: 2nd degree decls took 0 
308736     INFO  Test worker     d.u.i.k.n.KeyIO           Parsing took 0 ms 
308736     DEBUG Test worker     d.u.i.k.n.KeyIO           Load declarations of de.uka.ilkd.key.nparser.KeyAst$File:  <unknown>:1#1 
308736     INFO  Test worker     d.u.i.k.n.KeyIO           MODE: declarations took 0 ms 
308736     DEBUG Test worker     d.u.i.k.n.KeyIO           MODE: 2nd degree decls took 0 
308736     INFO  Test worker     d.u.i.k.n.KeyIO           Parsing took 0 ms 
308736     DEBUG Test worker     d.u.i.k.n.KeyIO           Load declarations of de.uka.ilkd.key.nparser.KeyAst$File:  <unknown>:1#1 
308736     INFO  Test worker     d.u.i.k.n.KeyIO           MODE: declarations took 0 ms 
308736     DEBUG Test worker     d.u.i.k.n.KeyIO           MODE: 2nd degree decls took 0 
308736     INFO  Test worker     d.u.i.k.n.KeyIO           Parsing took 0 ms 
308736     DEBUG Test worker     d.u.i.k.n.KeyIO           Load declarations of de.uka.ilkd.key.nparser.KeyAst$File:  <unknown>:1#1 
308736     INFO  Test worker     d.u.i.k.n.KeyIO           MODE: declarations took 0 ms 
308736     DEBUG Test worker     d.u.i.k.n.KeyIO           MODE: 2nd degree decls took 0 
308736     INFO  Test worker     d.u.i.k.n.KeyIO           Parsing took 0 ms 
308736     DEBUG Test worker     d.u.i.k.n.KeyIO           Load declarations of de.uka.ilkd.key.nparser.KeyAst$File:  <unknown>:1#1 
308736     INFO  Test worker     d.u.i.k.n.KeyIO           MODE: declarations took 0 ms 
308736     DEBUG Test worker     d.u.i.k.n.KeyIO           MODE: 2nd degree decls took 0 
308736     INFO  Test worker     d.u.i.k.n.KeyIO           Parsing took 0 ms 
308736     DEBUG Test worker     d.u.i.k.n.KeyIO           Load declarations of de.uka.ilkd.key.nparser.KeyAst$File:  <unknown>:1#1 
308736     INFO  Test worker     d.u.i.k.n.KeyIO           MODE: declarations took 0 ms 
308736     DEBUG Test worker     d.u.i.k.n.KeyIO           MODE: 2nd degree decls took 0 
308736     INFO  Test worker     d.u.i.k.n.KeyIO           Parsing took 0 ms 
308737     DEBUG Test worker     d.u.i.k.n.KeyIO           Load declarations of de.uka.ilkd.key.nparser.KeyAst$File:  <unknown>:1#1 
308737     INFO  Test worker     d.u.i.k.n.KeyIO           MODE: declarations took 0 ms 
308737     DEBUG Test worker     d.u.i.k.n.KeyIO           MODE: 2nd degree decls took 0 
312097     INFO  Test worker     d.u.i.k.n.KeyIO           Parsing took 1 ms 
312097     DEBUG Test worker     d.u.i.k.n.KeyIO           Load declarations of de.uka.ilkd.key.nparser.KeyAst$File:  <unknown>:1#1 
312097     INFO  Test worker     d.u.i.k.n.KeyIO           MODE: declarations took 0 ms 
312097     DEBUG Test worker     d.u.i.k.n.KeyIO           MODE: 2nd degree decls took 0 
312097     INFO  Test worker     d.u.i.k.n.KeyIO           Parsing took 0 ms 
312097     DEBUG Test worker     d.u.i.k.n.KeyIO           Load declarations of de.uka.ilkd.key.nparser.KeyAst$File:  <unknown>:1#1 
312097     INFO  Test worker     d.u.i.k.n.KeyIO           MODE: declarations took 0 ms 
312097     DEBUG Test worker     d.u.i.k.n.KeyIO           MODE: 2nd degree decls took 0 
312097     INFO  Test worker     d.u.i.k.n.KeyIO           Parsing took 0 ms 
312097     DEBUG Test worker     d.u.i.k.n.KeyIO           Load declarations of de.uka.ilkd.key.nparser.KeyAst$File:  <unknown>:1#1 
312097     INFO  Test worker     d.u.i.k.n.KeyIO           MODE: declarations took 0 ms 
312097     DEBUG Test worker     d.u.i.k.n.KeyIO           MODE: 2nd degree decls took 0 
312097     INFO  Test worker     d.u.i.k.n.KeyIO           Parsing took 0 ms 
312097     DEBUG Test worker     d.u.i.k.n.KeyIO           Load declarations of de.uka.ilkd.key.nparser.KeyAst$File:  <unknown>:1#1 
312097     INFO  Test worker     d.u.i.k.n.KeyIO           MODE: declarations took 0 ms 
312097     DEBUG Test worker     d.u.i.k.n.KeyIO           MODE: 2nd degree decls took 0 
312097     INFO  Test worker     d.u.i.k.n.KeyIO           Parsing took 0 ms 
312097     DEBUG Test worker     d.u.i.k.n.KeyIO           Load declarations of de.uka.ilkd.key.nparser.KeyAst$File:  <unknown>:1#1 
312097     INFO  Test worker     d.u.i.k.n.KeyIO           MODE: declarations took 0 ms 
312097     DEBUG Test worker     d.u.i.k.n.KeyIO           MODE: 2nd degree decls took 0 
315394     INFO  Test worker     d.u.i.k.n.KeyIO           Parsing took 0 ms 
315394     DEBUG Test worker     d.u.i.k.n.KeyIO           Load declarations of de.uka.ilkd.key.nparser.KeyAst$File:  <unknown>:1#1 
315394     INFO  Test worker     d.u.i.k.n.KeyIO           MODE: declarations took 0 ms 
315394     DEBUG Test worker     d.u.i.k.n.KeyIO           MODE: 2nd degree decls took 0 
315394     INFO  Test worker     d.u.i.k.n.KeyIO           Parsing took 0 ms 
315394     DEBUG Test worker     d.u.i.k.n.KeyIO           Load declarations of de.uka.ilkd.key.nparser.KeyAst$File:  <unknown>:1#1 
315394     INFO  Test worker     d.u.i.k.n.KeyIO           MODE: declarations took 0 ms 
315394     DEBUG Test worker     d.u.i.k.n.KeyIO           MODE: 2nd degree decls took 0 
315394     INFO  Test worker     d.u.i.k.n.KeyIO           Parsing took 0 ms 
315394     DEBUG Test worker     d.u.i.k.n.KeyIO           Load declarations of de.uka.ilkd.key.nparser.KeyAst$File:  <unknown>:1#1 
315394     INFO  Test worker     d.u.i.k.n.KeyIO           MODE: declarations took 0 ms 
315394     DEBUG Test worker     d.u.i.k.n.KeyIO           MODE: 2nd degree decls took 0 
315394     INFO  Test worker     d.u.i.k.n.KeyIO           Parsing took 0 ms 
315394     DEBUG Test worker     d.u.i.k.n.KeyIO           Load declarations of de.uka.ilkd.key.nparser.KeyAst$File:  <unknown>:1#1 
315394     INFO  Test worker     d.u.i.k.n.KeyIO           MODE: declarations took 0 ms 
315394     DEBUG Test worker     d.u.i.k.n.KeyIO           MODE: 2nd degree decls took 0 
315394     INFO  Test worker     d.u.i.k.n.KeyIO           Parsing took 0 ms 
315394     DEBUG Test worker     d.u.i.k.n.KeyIO           Load declarations of de.uka.ilkd.key.nparser.KeyAst$File:  <unknown>:1#1 
315394     INFO  Test worker     d.u.i.k.n.KeyIO           MODE: declarations took 0 ms 
315394     DEBUG Test worker     d.u.i.k.n.KeyIO           MODE: 2nd degree decls took 0 
318754     INFO  Test worker     d.u.i.k.n.KeyIO           Parsing took 1 ms 
318754     DEBUG Test worker     d.u.i.k.n.KeyIO           Load declarations of de.uka.ilkd.key.nparser.KeyAst$File:  <unknown>:1#1 
318754     INFO  Test worker     d.u.i.k.n.KeyIO           MODE: declarations took 0 ms 
318754     DEBUG Test worker     d.u.i.k.n.KeyIO           MODE: 2nd degree decls took 0 
318755     INFO  Test worker     d.u.i.k.n.KeyIO           Parsing took 0 ms 
318755     DEBUG Test worker     d.u.i.k.n.KeyIO           Load declarations of de.uka.ilkd.key.nparser.KeyAst$File:  <unknown>:1#1 
318755     INFO  Test worker     d.u.i.k.n.KeyIO           MODE: declarations took 0 ms 
318755     DEBUG Test worker     d.u.i.k.n.KeyIO           MODE: 2nd degree decls took 0 
318756     INFO  Test worker     d.u.i.k.n.KeyIO           Parsing took 1 ms 
318756     DEBUG Test worker     d.u.i.k.n.KeyIO           Load declarations of de.uka.ilkd.key.nparser.KeyAst$File:  <unknown>:1#1 
318758     INFO  Test worker     d.u.i.k.n.KeyIO           MODE: declarations took 2 ms 
318758     DEBUG Test worker     d.u.i.k.n.KeyIO           MODE: 2nd degree decls took 0 
318758     INFO  Test worker     d.u.i.k.n.KeyIO           Parsing took 0 ms 
318758     DEBUG Test worker     d.u.i.k.n.KeyIO           Load declarations of de.uka.ilkd.key.nparser.KeyAst$File:  <unknown>:1#1 
318758     INFO  Test worker     d.u.i.k.n.KeyIO           MODE: declarations took 0 ms 
318759     DEBUG Test worker     d.u.i.k.n.KeyIO           MODE: 2nd degree decls took 0 
318759     INFO  Test worker     d.u.i.k.n.KeyIO           Parsing took 0 ms 
318759     DEBUG Test worker     d.u.i.k.n.KeyIO           Load declarations of de.uka.ilkd.key.nparser.KeyAst$File:  <unknown>:1#1 
318759     INFO  Test worker     d.u.i.k.n.KeyIO           MODE: declarations took 0 ms 
318759     DEBUG Test worker     d.u.i.k.n.KeyIO           MODE: 2nd degree decls took 0 
321983     INFO  Test worker     d.u.i.k.n.KeyIO           Parsing took 0 ms 
321983     DEBUG Test worker     d.u.i.k.n.KeyIO           Load declarations of de.uka.ilkd.key.nparser.KeyAst$File:  <unknown>:1#1 
321984     INFO  Test worker     d.u.i.k.n.KeyIO           MODE: declarations took 1 ms 
321984     DEBUG Test worker     d.u.i.k.n.KeyIO           MODE: 2nd degree decls took 0 
321984     INFO  Test worker     d.u.i.k.n.KeyIO           Parsing took 0 ms 
321984     DEBUG Test worker     d.u.i.k.n.KeyIO           Load declarations of de.uka.ilkd.key.nparser.KeyAst$File:  <unknown>:1#1 
321984     INFO  Test worker     d.u.i.k.n.KeyIO           MODE: declarations took 0 ms 
321984     DEBUG Test worker     d.u.i.k.n.KeyIO           MODE: 2nd degree decls took 0 
321984     INFO  Test worker     d.u.i.k.n.KeyIO           Parsing took 0 ms 
321984     DEBUG Test worker     d.u.i.k.n.KeyIO           Load declarations of de.uka.ilkd.key.nparser.KeyAst$File:  <unknown>:1#1 
321984     INFO  Test worker     d.u.i.k.n.KeyIO           MODE: declarations took 0 ms 
321984     DEBUG Test worker     d.u.i.k.n.KeyIO           MODE: 2nd degree decls took 0 
321984     INFO  Test worker     d.u.i.k.n.KeyIO           Parsing took 0 ms 
321984     DEBUG Test worker     d.u.i.k.n.KeyIO           Load declarations of de.uka.ilkd.key.nparser.KeyAst$File:  <unknown>:1#1 
321984     INFO  Test worker     d.u.i.k.n.KeyIO           MODE: declarations took 0 ms 
321984     DEBUG Test worker     d.u.i.k.n.KeyIO           MODE: 2nd degree decls took 0 
321984     INFO  Test worker     d.u.i.k.n.KeyIO           Parsing took 0 ms 
321984     DEBUG Test worker     d.u.i.k.n.KeyIO           Load declarations of de.uka.ilkd.key.nparser.KeyAst$File:  <unknown>:1#1 
321984     INFO  Test worker     d.u.i.k.n.KeyIO           MODE: declarations took 0 ms 
321984     DEBUG Test worker     d.u.i.k.n.KeyIO           MODE: 2nd degree decls took 0 
325252     INFO  Test worker     d.u.i.k.n.KeyIO           Parsing took 0 ms 
325252     DEBUG Test worker     d.u.i.k.n.KeyIO           Load declarations of de.uka.ilkd.key.nparser.KeyAst$File:  <unknown>:1#1 
325252     INFO  Test worker     d.u.i.k.n.KeyIO           MODE: declarations took 0 ms 
325252     DEBUG Test worker     d.u.i.k.n.KeyIO           MODE: 2nd degree decls took 0 
325252     INFO  Test worker     d.u.i.k.n.KeyIO           Parsing took 0 ms 
325252     DEBUG Test worker     d.u.i.k.n.KeyIO           Load declarations of de.uka.ilkd.key.nparser.KeyAst$File:  <unknown>:1#1 
325252     INFO  Test worker     d.u.i.k.n.KeyIO           MODE: declarations took 0 ms 
325255     DEBUG Test worker     d.u.i.k.n.KeyIO           MODE: 2nd degree decls took 0 
325255     INFO  Test worker     d.u.i.k.n.KeyIO           Parsing took 0 ms 
325255     DEBUG Test worker     d.u.i.k.n.KeyIO           Load declarations of de.uka.ilkd.key.nparser.KeyAst$File:  <unknown>:1#1 
325255     INFO  Test worker     d.u.i.k.n.KeyIO           MODE: declarations took 0 ms 
325256     DEBUG Test worker     d.u.i.k.n.KeyIO           MODE: 2nd degree decls took 0 
325256     INFO  Test worker     d.u.i.k.n.KeyIO           Parsing took 0 ms 
325256     DEBUG Test worker     d.u.i.k.n.KeyIO           Load declarations of de.uka.ilkd.key.nparser.KeyAst$File:  <unknown>:1#1 
325256     INFO  Test worker     d.u.i.k.n.KeyIO           MODE: declarations took 0 ms 
325256     DEBUG Test worker     d.u.i.k.n.KeyIO           MODE: 2nd degree decls took 0 
325256     INFO  Test worker     d.u.i.k.n.KeyIO           Parsing took 0 ms 
325256     DEBUG Test worker     d.u.i.k.n.KeyIO           Load declarations of de.uka.ilkd.key.nparser.KeyAst$File:  <unknown>:1#1 
325256     INFO  Test worker     d.u.i.k.n.KeyIO           MODE: declarations took 0 ms 
325256     DEBUG Test worker     d.u.i.k.n.KeyIO           MODE: 2nd degree decls took 0 
328507     INFO  Test worker     d.u.i.k.n.KeyIO           Parsing took 0 ms 
328507     DEBUG Test worker     d.u.i.k.n.KeyIO           Load declarations of de.uka.ilkd.key.nparser.KeyAst$File:  <unknown>:1#1 
328507     INFO  Test worker     d.u.i.k.n.KeyIO           MODE: declarations took 0 ms 
328507     DEBUG Test worker     d.u.i.k.n.KeyIO           MODE: 2nd degree decls took 0 
328507     INFO  Test worker     d.u.i.k.n.KeyIO           Parsing took 0 ms 
328507     DEBUG Test worker     d.u.i.k.n.KeyIO           Load declarations of de.uka.ilkd.key.nparser.KeyAst$File:  <unknown>:1#1 
328508     INFO  Test worker     d.u.i.k.n.KeyIO           MODE: declarations took 1 ms 
328508     DEBUG Test worker     d.u.i.k.n.KeyIO           MODE: 2nd degree decls took 0 
328508     INFO  Test worker     d.u.i.k.n.KeyIO           Parsing took 0 ms 
328508     DEBUG Test worker     d.u.i.k.n.KeyIO           Load declarations of de.uka.ilkd.key.nparser.KeyAst$File:  <unknown>:1#1 
328508     INFO  Test worker     d.u.i.k.n.KeyIO           MODE: declarations took 0 ms 
328508     DEBUG Test worker     d.u.i.k.n.KeyIO           MODE: 2nd degree decls took 0 
328508     INFO  Test worker     d.u.i.k.n.KeyIO           Parsing took 0 ms 
328508     DEBUG Test worker     d.u.i.k.n.KeyIO           Load declarations of de.uka.ilkd.key.nparser.KeyAst$File:  <unknown>:1#1 
328508     INFO  Test worker     d.u.i.k.n.KeyIO           MODE: declarations took 0 ms 
328508     DEBUG Test worker     d.u.i.k.n.KeyIO           MODE: 2nd degree decls took 0 
328508     INFO  Test worker     d.u.i.k.n.KeyIO           Parsing took 0 ms 
328508     DEBUG Test worker     d.u.i.k.n.KeyIO           Load declarations of de.uka.ilkd.key.nparser.KeyAst$File:  <unknown>:1#1 
328508     INFO  Test worker     d.u.i.k.n.KeyIO           MODE: declarations took 0 ms 
328508     DEBUG Test worker     d.u.i.k.n.KeyIO           MODE: 2nd degree decls took 0 
331815     INFO  Test worker     d.u.i.k.n.KeyIO           Parsing took 0 ms 
331815     DEBUG Test worker     d.u.i.k.n.KeyIO           Load declarations of de.uka.ilkd.key.nparser.KeyAst$File:  <unknown>:1#1 
331815     INFO  Test worker     d.u.i.k.n.KeyIO           MODE: declarations took 0 ms 
331815     DEBUG Test worker     d.u.i.k.n.KeyIO           MODE: 2nd degree decls took 0 
331815     INFO  Test worker     d.u.i.k.n.KeyIO           Parsing took 0 ms 
331815     DEBUG Test worker     d.u.i.k.n.KeyIO           Load declarations of de.uka.ilkd.key.nparser.KeyAst$File:  <unknown>:1#1 
331815     INFO  Test worker     d.u.i.k.n.KeyIO           MODE: declarations took 0 ms 
331815     DEBUG Test worker     d.u.i.k.n.KeyIO           MODE: 2nd degree decls took 0 
331815     INFO  Test worker     d.u.i.k.n.KeyIO           Parsing took 0 ms 
331815     DEBUG Test worker     d.u.i.k.n.KeyIO           Load declarations of de.uka.ilkd.key.nparser.KeyAst$File:  <unknown>:1#1 
331815     INFO  Test worker     d.u.i.k.n.KeyIO           MODE: declarations took 0 ms 
331815     DEBUG Test worker     d.u.i.k.n.KeyIO           MODE: 2nd degree decls took 0 
331815     INFO  Test worker     d.u.i.k.n.KeyIO           Parsing took 0 ms 
331815     DEBUG Test worker     d.u.i.k.n.KeyIO           Load declarations of de.uka.ilkd.key.nparser.KeyAst$File:  <unknown>:1#1 
331815     INFO  Test worker     d.u.i.k.n.KeyIO           MODE: declarations took 0 ms 
331815     DEBUG Test worker     d.u.i.k.n.KeyIO           MODE: 2nd degree decls took 0 
331815     INFO  Test worker     d.u.i.k.n.KeyIO           Parsing took 0 ms 
331815     DEBUG Test worker     d.u.i.k.n.KeyIO           Load declarations of de.uka.ilkd.key.nparser.KeyAst$File:  <unknown>:1#1 
331815     INFO  Test worker     d.u.i.k.n.KeyIO           MODE: declarations took 0 ms 
331815     DEBUG Test worker     d.u.i.k.n.KeyIO           MODE: 2nd degree decls took 0 
334942     INFO  Test worker     d.u.i.k.n.KeyIO           Parsing took 0 ms 
334942     DEBUG Test worker     d.u.i.k.n.KeyIO           Load declarations of de.uka.ilkd.key.nparser.KeyAst$File:  <unknown>:1#1 
334942     INFO  Test worker     d.u.i.k.n.KeyIO           MODE: declarations took 0 ms 
334942     DEBUG Test worker     d.u.i.k.n.KeyIO           MODE: 2nd degree decls took 0 
334942     INFO  Test worker     d.u.i.k.n.KeyIO           Parsing took 0 ms 
334942     DEBUG Test worker     d.u.i.k.n.KeyIO           Load declarations of de.uka.ilkd.key.nparser.KeyAst$File:  <unknown>:1#1 
334942     INFO  Test worker     d.u.i.k.n.KeyIO           MODE: declarations took 0 ms 
334942     DEBUG Test worker     d.u.i.k.n.KeyIO           MODE: 2nd degree decls took 0 
334942     INFO  Test worker     d.u.i.k.n.KeyIO           Parsing took 0 ms 
334942     DEBUG Test worker     d.u.i.k.n.KeyIO           Load declarations of de.uka.ilkd.key.nparser.KeyAst$File:  <unknown>:1#1 
334942     INFO  Test worker     d.u.i.k.n.KeyIO           MODE: declarations took 0 ms 
334942     DEBUG Test worker     d.u.i.k.n.KeyIO           MODE: 2nd degree decls took 0 
334942     INFO  Test worker     d.u.i.k.n.KeyIO           Parsing took 0 ms 
334942     DEBUG Test worker     d.u.i.k.n.KeyIO           Load declarations of de.uka.ilkd.key.nparser.KeyAst$File:  <unknown>:1#1 
334942     INFO  Test worker     d.u.i.k.n.KeyIO           MODE: declarations took 0 ms 
334942     DEBUG Test worker     d.u.i.k.n.KeyIO           MODE: 2nd degree decls took 0 
334942     INFO  Test worker     d.u.i.k.n.KeyIO           Parsing took 0 ms 
334942     DEBUG Test worker     d.u.i.k.n.KeyIO           Load declarations of de.uka.ilkd.key.nparser.KeyAst$File:  <unknown>:1#1 
334942     INFO  Test worker     d.u.i.k.n.KeyIO           MODE: declarations took 0 ms 
334942     DEBUG Test worker     d.u.i.k.n.KeyIO           MODE: 2nd degree decls took 0 
338229     INFO  Test worker     d.u.i.k.n.KeyIO           Parsing took 0 ms 
338229     DEBUG Test worker     d.u.i.k.n.KeyIO           Load declarations of de.uka.ilkd.key.nparser.KeyAst$File:  <unknown>:1#1 
338229     INFO  Test worker     d.u.i.k.n.KeyIO           MODE: declarations took 0 ms 
338229     DEBUG Test worker     d.u.i.k.n.KeyIO           MODE: 2nd degree decls took 0 
338229     INFO  Test worker     d.u.i.k.n.KeyIO           Parsing took 0 ms 
338229     DEBUG Test worker     d.u.i.k.n.KeyIO           Load declarations of de.uka.ilkd.key.nparser.KeyAst$File:  <unknown>:1#1 
338230     INFO  Test worker     d.u.i.k.n.KeyIO           MODE: declarations took 1 ms 
338230     DEBUG Test worker     d.u.i.k.n.KeyIO           MODE: 2nd degree decls took 0 
338230     INFO  Test worker     d.u.i.k.n.KeyIO           Parsing took 0 ms 
338230     DEBUG Test worker     d.u.i.k.n.KeyIO           Load declarations of de.uka.ilkd.key.nparser.KeyAst$File:  <unknown>:1#1 
338230     INFO  Test worker     d.u.i.k.n.KeyIO           MODE: declarations took 0 ms 
338230     DEBUG Test worker     d.u.i.k.n.KeyIO           MODE: 2nd degree decls took 0 
338230     INFO  Test worker     d.u.i.k.n.KeyIO           Parsing took 0 ms 
338230     DEBUG Test worker     d.u.i.k.n.KeyIO           Load declarations of de.uka.ilkd.key.nparser.KeyAst$File:  <unknown>:1#1 
338230     INFO  Test worker     d.u.i.k.n.KeyIO           MODE: declarations took 0 ms 
338230     DEBUG Test worker     d.u.i.k.n.KeyIO           MODE: 2nd degree decls took 0 
338230     INFO  Test worker     d.u.i.k.n.KeyIO           Parsing took 0 ms 
338230     DEBUG Test worker     d.u.i.k.n.KeyIO           Load declarations of de.uka.ilkd.key.nparser.KeyAst$File:  <unknown>:1#1 
338230     INFO  Test worker     d.u.i.k.n.KeyIO           MODE: declarations took 0 ms 
338230     DEBUG Test worker     d.u.i.k.n.KeyIO           MODE: 2nd degree decls took 0 
341625     INFO  Test worker     d.u.i.k.n.KeyIO           Parsing took 0 ms 
341625     DEBUG Test worker     d.u.i.k.n.KeyIO           Load declarations of de.uka.ilkd.key.nparser.KeyAst$File:  <unknown>:1#1 
341625     INFO  Test worker     d.u.i.k.n.KeyIO           MODE: declarations took 0 ms 
341625     DEBUG Test worker     d.u.i.k.n.KeyIO           MODE: 2nd degree decls took 0 
341625     INFO  Test worker     d.u.i.k.n.KeyIO           Parsing took 0 ms 
341625     DEBUG Test worker     d.u.i.k.n.KeyIO           Load declarations of de.uka.ilkd.key.nparser.KeyAst$File:  <unknown>:1#1 
341625     INFO  Test worker     d.u.i.k.n.KeyIO           MODE: declarations took 0 ms 
341625     DEBUG Test worker     d.u.i.k.n.KeyIO           MODE: 2nd degree decls took 0 
341625     INFO  Test worker     d.u.i.k.n.KeyIO           Parsing took 0 ms 
341625     DEBUG Test worker     d.u.i.k.n.KeyIO           Load declarations of de.uka.ilkd.key.nparser.KeyAst$File:  <unknown>:1#1 
341625     INFO  Test worker     d.u.i.k.n.KeyIO           MODE: declarations took 0 ms 
341625     DEBUG Test worker     d.u.i.k.n.KeyIO           MODE: 2nd degree decls took 0 
341625     INFO  Test worker     d.u.i.k.n.KeyIO           Parsing took 0 ms 
341625     DEBUG Test worker     d.u.i.k.n.KeyIO           Load declarations of de.uka.ilkd.key.nparser.KeyAst$File:  <unknown>:1#1 
341625     INFO  Test worker     d.u.i.k.n.KeyIO           MODE: declarations took 0 ms 
341625     DEBUG Test worker     d.u.i.k.n.KeyIO           MODE: 2nd degree decls took 0 
341625     INFO  Test worker     d.u.i.k.n.KeyIO           Parsing took 0 ms 
341625     DEBUG Test worker     d.u.i.k.n.KeyIO           Load declarations of de.uka.ilkd.key.nparser.KeyAst$File:  <unknown>:1#1 
341625     INFO  Test worker     d.u.i.k.n.KeyIO           MODE: declarations took 0 ms 
341625     DEBUG Test worker     d.u.i.k.n.KeyIO           MODE: 2nd degree decls took 0 
344885     INFO  Test worker     d.u.i.k.n.KeyIO           Parsing took 1 ms 
344888     DEBUG Test worker     d.u.i.k.n.KeyIO           Load declarations of de.uka.ilkd.key.nparser.KeyAst$File:  <unknown>:1#1 
344888     INFO  Test worker     d.u.i.k.n.KeyIO           MODE: declarations took 0 ms 
344888     DEBUG Test worker     d.u.i.k.n.KeyIO           MODE: 2nd degree decls took 0 
344889     INFO  Test worker     d.u.i.k.n.KeyIO           Parsing took 0 ms 
344889     DEBUG Test worker     d.u.i.k.n.KeyIO           Load declarations of de.uka.ilkd.key.nparser.KeyAst$File:  <unknown>:1#1 
344889     INFO  Test worker     d.u.i.k.n.KeyIO           MODE: declarations took 0 ms 
344890     DEBUG Test worker     d.u.i.k.n.KeyIO           MODE: 2nd degree decls took 0 
344890     INFO  Test worker     d.u.i.k.n.KeyIO           Parsing took 0 ms 
344890     DEBUG Test worker     d.u.i.k.n.KeyIO           Load declarations of de.uka.ilkd.key.nparser.KeyAst$File:  <unknown>:1#1 
344890     INFO  Test worker     d.u.i.k.n.KeyIO           MODE: declarations took 0 ms 
344890     DEBUG Test worker     d.u.i.k.n.KeyIO           MODE: 2nd degree decls took 0 
344891     INFO  Test worker     d.u.i.k.n.KeyIO           Parsing took 0 ms 
344891     DEBUG Test worker     d.u.i.k.n.KeyIO           Load declarations of de.uka.ilkd.key.nparser.KeyAst$File:  <unknown>:1#1 
344891     INFO  Test worker     d.u.i.k.n.KeyIO           MODE: declarations took 0 ms 
344891     DEBUG Test worker     d.u.i.k.n.KeyIO           MODE: 2nd degree decls took 0 
344891     INFO  Test worker     d.u.i.k.n.KeyIO           Parsing took 0 ms 
344892     DEBUG Test worker     d.u.i.k.n.KeyIO           Load declarations of de.uka.ilkd.key.nparser.KeyAst$File:  <unknown>:1#1 
344892     INFO  Test worker     d.u.i.k.n.KeyIO           MODE: declarations took 0 ms 
344892     DEBUG Test worker     d.u.i.k.n.KeyIO           MODE: 2nd degree decls took 0 
348174     INFO  Test worker     d.u.i.k.n.KeyIO           Parsing took 0 ms 
348174     DEBUG Test worker     d.u.i.k.n.KeyIO           Load declarations of de.uka.ilkd.key.nparser.KeyAst$File:  <unknown>:1#1 
348174     INFO  Test worker     d.u.i.k.n.KeyIO           MODE: declarations took 0 ms 
348174     DEBUG Test worker     d.u.i.k.n.KeyIO           MODE: 2nd degree decls took 0 
348174     INFO  Test worker     d.u.i.k.n.KeyIO           Parsing took 0 ms 
348174     DEBUG Test worker     d.u.i.k.n.KeyIO           Load declarations of de.uka.ilkd.key.nparser.KeyAst$File:  <unknown>:1#1 
348174     INFO  Test worker     d.u.i.k.n.KeyIO           MODE: declarations took 0 ms 
348174     DEBUG Test worker     d.u.i.k.n.KeyIO           MODE: 2nd degree decls took 0 
348174     INFO  Test worker     d.u.i.k.n.KeyIO           Parsing took 0 ms 
348174     DEBUG Test worker     d.u.i.k.n.KeyIO           Load declarations of de.uka.ilkd.key.nparser.KeyAst$File:  <unknown>:1#1 
348174     INFO  Test worker     d.u.i.k.n.KeyIO           MODE: declarations took 0 ms 
348174     DEBUG Test worker     d.u.i.k.n.KeyIO           MODE: 2nd degree decls took 0 
348174     INFO  Test worker     d.u.i.k.n.KeyIO           Parsing took 0 ms 
348174     DEBUG Test worker     d.u.i.k.n.KeyIO           Load declarations of de.uka.ilkd.key.nparser.KeyAst$File:  <unknown>:1#1 
348174     INFO  Test worker     d.u.i.k.n.KeyIO           MODE: declarations took 0 ms 
348174     DEBUG Test worker     d.u.i.k.n.KeyIO           MODE: 2nd degree decls took 0 
348174     INFO  Test worker     d.u.i.k.n.KeyIO           Parsing took 0 ms 
348174     DEBUG Test worker     d.u.i.k.n.KeyIO           Load declarations of de.uka.ilkd.key.nparser.KeyAst$File:  <unknown>:1#1 
348174     INFO  Test worker     d.u.i.k.n.KeyIO           MODE: declarations took 0 ms 
348174     DEBUG Test worker     d.u.i.k.n.KeyIO           MODE: 2nd degree decls took 0 
348176     WARN  Test worker     d.u.i.k.n.KeYParser       [syntax-error] <unknown>:1:11: mismatched input '@' expecting {'/', ':=', '.', '(', ')', '{', '[', '@', PARALLEL, OR, AND, IMP, '=', NOT_EQUALS, '%', '*', '-', '+', '>', GREATEREQUAL, '<', LESSEQUAL, LGUILLEMETS, EQV} [@11,11:11='@',<153>,1:11] (termEOF) 
351439     INFO  Test worker     d.u.i.k.n.KeyIO           Parsing took 0 ms 
351439     DEBUG Test worker     d.u.i.k.n.KeyIO           Load declarations of de.uka.ilkd.key.nparser.KeyAst$File:  <unknown>:1#1 
351439     INFO  Test worker     d.u.i.k.n.KeyIO           MODE: declarations took 0 ms 
351439     DEBUG Test worker     d.u.i.k.n.KeyIO           MODE: 2nd degree decls took 0 
351439     INFO  Test worker     d.u.i.k.n.KeyIO           Parsing took 0 ms 
351439     DEBUG Test worker     d.u.i.k.n.KeyIO           Load declarations of de.uka.ilkd.key.nparser.KeyAst$File:  <unknown>:1#1 
351439     INFO  Test worker     d.u.i.k.n.KeyIO           MODE: declarations took 0 ms 
351439     DEBUG Test worker     d.u.i.k.n.KeyIO           MODE: 2nd degree decls took 0 
351439     INFO  Test worker     d.u.i.k.n.KeyIO           Parsing took 0 ms 
351439     DEBUG Test worker     d.u.i.k.n.KeyIO           Load declarations of de.uka.ilkd.key.nparser.KeyAst$File:  <unknown>:1#1 
351439     INFO  Test worker     d.u.i.k.n.KeyIO           MODE: declarations took 0 ms 
351439     DEBUG Test worker     d.u.i.k.n.KeyIO           MODE: 2nd degree decls took 0 
351439     INFO  Test worker     d.u.i.k.n.KeyIO           Parsing took 0 ms 
351439     DEBUG Test worker     d.u.i.k.n.KeyIO           Load declarations of de.uka.ilkd.key.nparser.KeyAst$File:  <unknown>:1#1 
351439     INFO  Test worker     d.u.i.k.n.KeyIO           MODE: declarations took 0 ms 
351439     DEBUG Test worker     d.u.i.k.n.KeyIO           MODE: 2nd degree decls took 0 
351439     INFO  Test worker     d.u.i.k.n.KeyIO           Parsing took 0 ms 
351439     DEBUG Test worker     d.u.i.k.n.KeyIO           Load declarations of de.uka.ilkd.key.nparser.KeyAst$File:  <unknown>:1#1 
351439     INFO  Test worker     d.u.i.k.n.KeyIO           MODE: declarations took 0 ms 
351439     DEBUG Test worker     d.u.i.k.n.KeyIO           MODE: 2nd degree decls took 0 
354720     INFO  Test worker     d.u.i.k.n.KeyIO           Parsing took 0 ms 
354720     DEBUG Test worker     d.u.i.k.n.KeyIO           Load declarations of de.uka.ilkd.key.nparser.KeyAst$File:  <unknown>:1#1 
354720     INFO  Test worker     d.u.i.k.n.KeyIO           MODE: declarations took 0 ms 
354720     DEBUG Test worker     d.u.i.k.n.KeyIO           MODE: 2nd degree decls took 0 
354720     INFO  Test worker     d.u.i.k.n.KeyIO           Parsing took 0 ms 
354720     DEBUG Test worker     d.u.i.k.n.KeyIO           Load declarations of de.uka.ilkd.key.nparser.KeyAst$File:  <unknown>:1#1 
354720     INFO  Test worker     d.u.i.k.n.KeyIO           MODE: declarations took 0 ms 
354720     DEBUG Test worker     d.u.i.k.n.KeyIO           MODE: 2nd degree decls took 0 
354720     INFO  Test worker     d.u.i.k.n.KeyIO           Parsing took 0 ms 
354720     DEBUG Test worker     d.u.i.k.n.KeyIO           Load declarations of de.uka.ilkd.key.nparser.KeyAst$File:  <unknown>:1#1 
354721     INFO  Test worker     d.u.i.k.n.KeyIO           MODE: declarations took 1 ms 
354721     DEBUG Test worker     d.u.i.k.n.KeyIO           MODE: 2nd degree decls took 0 
354721     INFO  Test worker     d.u.i.k.n.KeyIO           Parsing took 0 ms 
354721     DEBUG Test worker     d.u.i.k.n.KeyIO           Load declarations of de.uka.ilkd.key.nparser.KeyAst$File:  <unknown>:1#1 
354721     INFO  Test worker     d.u.i.k.n.KeyIO           MODE: declarations took 0 ms 
354721     DEBUG Test worker     d.u.i.k.n.KeyIO           MODE: 2nd degree decls took 0 
354721     INFO  Test worker     d.u.i.k.n.KeyIO           Parsing took 0 ms 
354721     DEBUG Test worker     d.u.i.k.n.KeyIO           Load declarations of de.uka.ilkd.key.nparser.KeyAst$File:  <unknown>:1#1 
354721     INFO  Test worker     d.u.i.k.n.KeyIO           MODE: declarations took 0 ms 
354721     DEBUG Test worker     d.u.i.k.n.KeyIO           MODE: 2nd degree decls took 0 
357964     INFO  Test worker     d.u.i.k.n.KeyIO           Parsing took 0 ms 
357965     DEBUG Test worker     d.u.i.k.n.KeyIO           Load declarations of de.uka.ilkd.key.nparser.KeyAst$File:  <unknown>:1#1 
357965     INFO  Test worker     d.u.i.k.n.KeyIO           MODE: declarations took 0 ms 
357965     DEBUG Test worker     d.u.i.k.n.KeyIO           MODE: 2nd degree decls took 0 
357965     INFO  Test worker     d.u.i.k.n.KeyIO           Parsing took 0 ms 
357965     DEBUG Test worker     d.u.i.k.n.KeyIO           Load declarations of de.uka.ilkd.key.nparser.KeyAst$File:  <unknown>:1#1 
357965     INFO  Test worker     d.u.i.k.n.KeyIO           MODE: declarations took 0 ms 
357965     DEBUG Test worker     d.u.i.k.n.KeyIO           MODE: 2nd degree decls took 0 
357965     INFO  Test worker     d.u.i.k.n.KeyIO           Parsing took 0 ms 
357965     DEBUG Test worker     d.u.i.k.n.KeyIO           Load declarations of de.uka.ilkd.key.nparser.KeyAst$File:  <unknown>:1#1 
357965     INFO  Test worker     d.u.i.k.n.KeyIO           MODE: declarations took 0 ms 
357965     DEBUG Test worker     d.u.i.k.n.KeyIO           MODE: 2nd degree decls took 0 
357965     INFO  Test worker     d.u.i.k.n.KeyIO           Parsing took 0 ms 
357965     DEBUG Test worker     d.u.i.k.n.KeyIO           Load declarations of de.uka.ilkd.key.nparser.KeyAst$File:  <unknown>:1#1 
357965     INFO  Test worker     d.u.i.k.n.KeyIO           MODE: declarations took 0 ms 
357965     DEBUG Test worker     d.u.i.k.n.KeyIO           MODE: 2nd degree decls took 0 
357965     INFO  Test worker     d.u.i.k.n.KeyIO           Parsing took 0 ms 
357965     DEBUG Test worker     d.u.i.k.n.KeyIO           Load declarations of de.uka.ilkd.key.nparser.KeyAst$File:  <unknown>:1#1 
357965     INFO  Test worker     d.u.i.k.n.KeyIO           MODE: declarations took 0 ms 
357965     DEBUG Test worker     d.u.i.k.n.KeyIO           MODE: 2nd degree decls took 0 
361269     INFO  Test worker     d.u.i.k.n.KeyIO           Parsing took 0 ms 
361269     DEBUG Test worker     d.u.i.k.n.KeyIO           Load declarations of de.uka.ilkd.key.nparser.KeyAst$File:  <unknown>:1#1 
361269     INFO  Test worker     d.u.i.k.n.KeyIO           MODE: declarations took 0 ms 
361269     DEBUG Test worker     d.u.i.k.n.KeyIO           MODE: 2nd degree decls took 0 
361269     INFO  Test worker     d.u.i.k.n.KeyIO           Parsing took 0 ms 
361269     DEBUG Test worker     d.u.i.k.n.KeyIO           Load declarations of de.uka.ilkd.key.nparser.KeyAst$File:  <unknown>:1#1 
361269     INFO  Test worker     d.u.i.k.n.KeyIO           MODE: declarations took 0 ms 
361269     DEBUG Test worker     d.u.i.k.n.KeyIO           MODE: 2nd degree decls took 0 
361269     INFO  Test worker     d.u.i.k.n.KeyIO           Parsing took 0 ms 
361269     DEBUG Test worker     d.u.i.k.n.KeyIO           Load declarations of de.uka.ilkd.key.nparser.KeyAst$File:  <unknown>:1#1 
361269     INFO  Test worker     d.u.i.k.n.KeyIO           MODE: declarations took 0 ms 
361269     DEBUG Test worker     d.u.i.k.n.KeyIO           MODE: 2nd degree decls took 0 
361269     INFO  Test worker     d.u.i.k.n.KeyIO           Parsing took 0 ms 
361269     DEBUG Test worker     d.u.i.k.n.KeyIO           Load declarations of de.uka.ilkd.key.nparser.KeyAst$File:  <unknown>:1#1 
361269     INFO  Test worker     d.u.i.k.n.KeyIO           MODE: declarations took 0 ms 
361269     DEBUG Test worker     d.u.i.k.n.KeyIO           MODE: 2nd degree decls took 0 
361270     INFO  Test worker     d.u.i.k.n.KeyIO           Parsing took 0 ms 
361270     DEBUG Test worker     d.u.i.k.n.KeyIO           Load declarations of de.uka.ilkd.key.nparser.KeyAst$File:  <unknown>:1#1 
361270     INFO  Test worker     d.u.i.k.n.KeyIO           MODE: declarations took 0 ms 
361270     DEBUG Test worker     d.u.i.k.n.KeyIO           MODE: 2nd degree decls took 0 
364612     INFO  Test worker     d.u.i.k.n.KeyIO           Parsing took 0 ms 
364612     DEBUG Test worker     d.u.i.k.n.KeyIO           Load declarations of de.uka.ilkd.key.nparser.KeyAst$File:  <unknown>:1#1 
364612     INFO  Test worker     d.u.i.k.n.KeyIO           MODE: declarations took 0 ms 
364612     DEBUG Test worker     d.u.i.k.n.KeyIO           MODE: 2nd degree decls took 0 
364612     INFO  Test worker     d.u.i.k.n.KeyIO           Parsing took 0 ms 
364612     DEBUG Test worker     d.u.i.k.n.KeyIO           Load declarations of de.uka.ilkd.key.nparser.KeyAst$File:  <unknown>:1#1 
364612     INFO  Test worker     d.u.i.k.n.KeyIO           MODE: declarations took 0 ms 
364612     DEBUG Test worker     d.u.i.k.n.KeyIO           MODE: 2nd degree decls took 0 
364612     INFO  Test worker     d.u.i.k.n.KeyIO           Parsing took 0 ms 
364612     DEBUG Test worker     d.u.i.k.n.KeyIO           Load declarations of de.uka.ilkd.key.nparser.KeyAst$File:  <unknown>:1#1 
364612     INFO  Test worker     d.u.i.k.n.KeyIO           MODE: declarations took 0 ms 
364612     DEBUG Test worker     d.u.i.k.n.KeyIO           MODE: 2nd degree decls took 0 
364612     INFO  Test worker     d.u.i.k.n.KeyIO           Parsing took 0 ms 
364612     DEBUG Test worker     d.u.i.k.n.KeyIO           Load declarations of de.uka.ilkd.key.nparser.KeyAst$File:  <unknown>:1#1 
364612     INFO  Test worker     d.u.i.k.n.KeyIO           MODE: declarations took 0 ms 
364612     DEBUG Test worker     d.u.i.k.n.KeyIO           MODE: 2nd degree decls took 0 
364612     INFO  Test worker     d.u.i.k.n.KeyIO           Parsing took 0 ms 
364612     DEBUG Test worker     d.u.i.k.n.KeyIO           Load declarations of de.uka.ilkd.key.nparser.KeyAst$File:  <unknown>:1#1 
364613     INFO  Test worker     d.u.i.k.n.KeyIO           MODE: declarations took 1 ms 
364613     DEBUG Test worker     d.u.i.k.n.KeyIO           MODE: 2nd degree decls took 0 
367896     INFO  Test worker     d.u.i.k.n.KeyIO           Parsing took 0 ms 
367896     DEBUG Test worker     d.u.i.k.n.KeyIO           Load declarations of de.uka.ilkd.key.nparser.KeyAst$File:  <unknown>:1#1 
367896     INFO  Test worker     d.u.i.k.n.KeyIO           MODE: declarations took 0 ms 
367897     DEBUG Test worker     d.u.i.k.n.KeyIO           MODE: 2nd degree decls took 0 
367897     INFO  Test worker     d.u.i.k.n.KeyIO           Parsing took 0 ms 
367897     DEBUG Test worker     d.u.i.k.n.KeyIO           Load declarations of de.uka.ilkd.key.nparser.KeyAst$File:  <unknown>:1#1 
367897     INFO  Test worker     d.u.i.k.n.KeyIO           MODE: declarations took 0 ms 
367898     DEBUG Test worker     d.u.i.k.n.KeyIO           MODE: 2nd degree decls took 0 
367898     INFO  Test worker     d.u.i.k.n.KeyIO           Parsing took 0 ms 
367898     DEBUG Test worker     d.u.i.k.n.KeyIO           Load declarations of de.uka.ilkd.key.nparser.KeyAst$File:  <unknown>:1#1 
367898     INFO  Test worker     d.u.i.k.n.KeyIO           MODE: declarations took 0 ms 
367898     DEBUG Test worker     d.u.i.k.n.KeyIO           MODE: 2nd degree decls took 0 
367898     INFO  Test worker     d.u.i.k.n.KeyIO           Parsing took 0 ms 
367899     DEBUG Test worker     d.u.i.k.n.KeyIO           Load declarations of de.uka.ilkd.key.nparser.KeyAst$File:  <unknown>:1#1 
367899     INFO  Test worker     d.u.i.k.n.KeyIO           MODE: declarations took 0 ms 
367899     DEBUG Test worker     d.u.i.k.n.KeyIO           MODE: 2nd degree decls took 0 
367899     INFO  Test worker     d.u.i.k.n.KeyIO           Parsing took 0 ms 
367899     DEBUG Test worker     d.u.i.k.n.KeyIO           Load declarations of de.uka.ilkd.key.nparser.KeyAst$File:  <unknown>:1#1 
367900     INFO  Test worker     d.u.i.k.n.KeyIO           MODE: declarations took 1 ms 
367900     DEBUG Test worker     d.u.i.k.n.KeyIO           MODE: 2nd degree decls took 0 
371211     INFO  Test worker     d.u.i.k.n.KeyIO           Parsing took 0 ms 
371211     DEBUG Test worker     d.u.i.k.n.KeyIO           Load declarations of de.uka.ilkd.key.nparser.KeyAst$File:  <unknown>:1#1 
371211     INFO  Test worker     d.u.i.k.n.KeyIO           MODE: declarations took 0 ms 
371211     DEBUG Test worker     d.u.i.k.n.KeyIO           MODE: 2nd degree decls took 0 
371211     INFO  Test worker     d.u.i.k.n.KeyIO           Parsing took 0 ms 
371211     DEBUG Test worker     d.u.i.k.n.KeyIO           Load declarations of de.uka.ilkd.key.nparser.KeyAst$File:  <unknown>:1#1 
371211     INFO  Test worker     d.u.i.k.n.KeyIO           MODE: declarations took 0 ms 
371211     DEBUG Test worker     d.u.i.k.n.KeyIO           MODE: 2nd degree decls took 0 
371211     INFO  Test worker     d.u.i.k.n.KeyIO           Parsing took 0 ms 
371211     DEBUG Test worker     d.u.i.k.n.KeyIO           Load declarations of de.uka.ilkd.key.nparser.KeyAst$File:  <unknown>:1#1 
371211     INFO  Test worker     d.u.i.k.n.KeyIO           MODE: declarations took 0 ms 
371211     DEBUG Test worker     d.u.i.k.n.KeyIO           MODE: 2nd degree decls took 0 
371211     INFO  Test worker     d.u.i.k.n.KeyIO           Parsing took 0 ms 
371211     DEBUG Test worker     d.u.i.k.n.KeyIO           Load declarations of de.uka.ilkd.key.nparser.KeyAst$File:  <unknown>:1#1 
371211     INFO  Test worker     d.u.i.k.n.KeyIO           MODE: declarations took 0 ms 
371211     DEBUG Test worker     d.u.i.k.n.KeyIO           MODE: 2nd degree decls took 0 
371211     INFO  Test worker     d.u.i.k.n.KeyIO           Parsing took 0 ms 
371211     DEBUG Test worker     d.u.i.k.n.KeyIO           Load declarations of de.uka.ilkd.key.nparser.KeyAst$File:  <unknown>:1#1 
371212     INFO  Test worker     d.u.i.k.n.KeyIO           MODE: declarations took 1 ms 
371212     DEBUG Test worker     d.u.i.k.n.KeyIO           MODE: 2nd degree decls took 0 
374476     INFO  Test worker     d.u.i.k.n.KeyIO           Parsing took 0 ms 
374476     DEBUG Test worker     d.u.i.k.n.KeyIO           Load declarations of de.uka.ilkd.key.nparser.KeyAst$File:  <unknown>:1#1 
374477     INFO  Test worker     d.u.i.k.n.KeyIO           MODE: declarations took 1 ms 
374477     DEBUG Test worker     d.u.i.k.n.KeyIO           MODE: 2nd degree decls took 0 
374477     INFO  Test worker     d.u.i.k.n.KeyIO           Parsing took 0 ms 
374477     DEBUG Test worker     d.u.i.k.n.KeyIO           Load declarations of de.uka.ilkd.key.nparser.KeyAst$File:  <unknown>:1#1 
374477     INFO  Test worker     d.u.i.k.n.KeyIO           MODE: declarations took 0 ms 
374477     DEBUG Test worker     d.u.i.k.n.KeyIO           MODE: 2nd degree decls took 0 
374477     INFO  Test worker     d.u.i.k.n.KeyIO           Parsing took 0 ms 
374477     DEBUG Test worker     d.u.i.k.n.KeyIO           Load declarations of de.uka.ilkd.key.nparser.KeyAst$File:  <unknown>:1#1 
374477     INFO  Test worker     d.u.i.k.n.KeyIO           MODE: declarations took 0 ms 
374477     DEBUG Test worker     d.u.i.k.n.KeyIO           MODE: 2nd degree decls took 0 
374477     INFO  Test worker     d.u.i.k.n.KeyIO           Parsing took 0 ms 
374477     DEBUG Test worker     d.u.i.k.n.KeyIO           Load declarations of de.uka.ilkd.key.nparser.KeyAst$File:  <unknown>:1#1 
374477     INFO  Test worker     d.u.i.k.n.KeyIO           MODE: declarations took 0 ms 
374477     DEBUG Test worker     d.u.i.k.n.KeyIO           MODE: 2nd degree decls took 0 
374477     INFO  Test worker     d.u.i.k.n.KeyIO           Parsing took 0 ms 
374477     DEBUG Test worker     d.u.i.k.n.KeyIO           Load declarations of de.uka.ilkd.key.nparser.KeyAst$File:  <unknown>:1#1 
374477     INFO  Test worker     d.u.i.k.n.KeyIO           MODE: declarations took 0 ms 
374477     DEBUG Test worker     d.u.i.k.n.KeyIO           MODE: 2nd degree decls took 0 
377769     INFO  Test worker     d.u.i.k.n.KeyIO           Parsing took 0 ms 
377769     DEBUG Test worker     d.u.i.k.n.KeyIO           Load declarations of de.uka.ilkd.key.nparser.KeyAst$File:  <unknown>:1#1 
377769     INFO  Test worker     d.u.i.k.n.KeyIO           MODE: declarations took 0 ms 
377769     DEBUG Test worker     d.u.i.k.n.KeyIO           MODE: 2nd degree decls took 0 
377769     INFO  Test worker     d.u.i.k.n.KeyIO           Parsing took 0 ms 
377769     DEBUG Test worker     d.u.i.k.n.KeyIO           Load declarations of de.uka.ilkd.key.nparser.KeyAst$File:  <unknown>:1#1 
377769     INFO  Test worker     d.u.i.k.n.KeyIO           MODE: declarations took 0 ms 
377769     DEBUG Test worker     d.u.i.k.n.KeyIO           MODE: 2nd degree decls took 0 
377769     INFO  Test worker     d.u.i.k.n.KeyIO           Parsing took 0 ms 
377769     DEBUG Test worker     d.u.i.k.n.KeyIO           Load declarations of de.uka.ilkd.key.nparser.KeyAst$File:  <unknown>:1#1 
377769     INFO  Test worker     d.u.i.k.n.KeyIO           MODE: declarations took 0 ms 
377769     DEBUG Test worker     d.u.i.k.n.KeyIO           MODE: 2nd degree decls took 0 
377769     INFO  Test worker     d.u.i.k.n.KeyIO           Parsing took 0 ms 
377769     DEBUG Test worker     d.u.i.k.n.KeyIO           Load declarations of de.uka.ilkd.key.nparser.KeyAst$File:  <unknown>:1#1 
377769     INFO  Test worker     d.u.i.k.n.KeyIO           MODE: declarations took 0 ms 
377769     DEBUG Test worker     d.u.i.k.n.KeyIO           MODE: 2nd degree decls took 0 
377769     INFO  Test worker     d.u.i.k.n.KeyIO           Parsing took 0 ms 
377769     DEBUG Test worker     d.u.i.k.n.KeyIO           Load declarations of de.uka.ilkd.key.nparser.KeyAst$File:  <unknown>:1#1 
377769     INFO  Test worker     d.u.i.k.n.KeyIO           MODE: declarations took 0 ms 
377769     DEBUG Test worker     d.u.i.k.n.KeyIO           MODE: 2nd degree decls took 0 
380919     INFO  Test worker     d.u.i.k.n.KeyIO           Parsing took 0 ms 
380919     DEBUG Test worker     d.u.i.k.n.KeyIO           Load declarations of de.uka.ilkd.key.nparser.KeyAst$File:  <unknown>:1#1 
380919     INFO  Test worker     d.u.i.k.n.KeyIO           MODE: declarations took 0 ms 
380919     DEBUG Test worker     d.u.i.k.n.KeyIO           MODE: 2nd degree decls took 0 
380919     INFO  Test worker     d.u.i.k.n.KeyIO           Parsing took 0 ms 
380919     DEBUG Test worker     d.u.i.k.n.KeyIO           Load declarations of de.uka.ilkd.key.nparser.KeyAst$File:  <unknown>:1#1 
380919     INFO  Test worker     d.u.i.k.n.KeyIO           MODE: declarations took 0 ms 
380919     DEBUG Test worker     d.u.i.k.n.KeyIO           MODE: 2nd degree decls took 0 
380919     INFO  Test worker     d.u.i.k.n.KeyIO           Parsing took 0 ms 
380919     DEBUG Test worker     d.u.i.k.n.KeyIO           Load declarations of de.uka.ilkd.key.nparser.KeyAst$File:  <unknown>:1#1 
380919     INFO  Test worker     d.u.i.k.n.KeyIO           MODE: declarations took 0 ms 
380919     DEBUG Test worker     d.u.i.k.n.KeyIO           MODE: 2nd degree decls took 0 
380919     INFO  Test worker     d.u.i.k.n.KeyIO           Parsing took 0 ms 
380919     DEBUG Test worker     d.u.i.k.n.KeyIO           Load declarations of de.uka.ilkd.key.nparser.KeyAst$File:  <unknown>:1#1 
380919     INFO  Test worker     d.u.i.k.n.KeyIO           MODE: declarations took 0 ms 
380919     DEBUG Test worker     d.u.i.k.n.KeyIO           MODE: 2nd degree decls took 0 
380919     INFO  Test worker     d.u.i.k.n.KeyIO           Parsing took 0 ms 
380919     DEBUG Test worker     d.u.i.k.n.KeyIO           Load declarations of de.uka.ilkd.key.nparser.KeyAst$File:  <unknown>:1#1 
380919     INFO  Test worker     d.u.i.k.n.KeyIO           MODE: declarations took 0 ms 
380920     DEBUG Test worker     d.u.i.k.n.KeyIO           MODE: 2nd degree decls took 0 
384040     INFO  Test worker     d.u.i.k.n.KeyIO           Parsing took 0 ms 
384040     DEBUG Test worker     d.u.i.k.n.KeyIO           Load declarations of de.uka.ilkd.key.nparser.KeyAst$File:  <unknown>:1#1 
384040     INFO  Test worker     d.u.i.k.n.KeyIO           MODE: declarations took 0 ms 
384040     DEBUG Test worker     d.u.i.k.n.KeyIO           MODE: 2nd degree decls took 0 
384040     INFO  Test worker     d.u.i.k.n.KeyIO           Parsing took 0 ms 
384040     DEBUG Test worker     d.u.i.k.n.KeyIO           Load declarations of de.uka.ilkd.key.nparser.KeyAst$File:  <unknown>:1#1 
384041     INFO  Test worker     d.u.i.k.n.KeyIO           MODE: declarations took 1 ms 
384041     DEBUG Test worker     d.u.i.k.n.KeyIO           MODE: 2nd degree decls took 0 
384041     INFO  Test worker     d.u.i.k.n.KeyIO           Parsing took 0 ms 
384041     DEBUG Test worker     d.u.i.k.n.KeyIO           Load declarations of de.uka.ilkd.key.nparser.KeyAst$File:  <unknown>:1#1 
384041     INFO  Test worker     d.u.i.k.n.KeyIO           MODE: declarations took 0 ms 
384041     DEBUG Test worker     d.u.i.k.n.KeyIO           MODE: 2nd degree decls took 0 
384041     INFO  Test worker     d.u.i.k.n.KeyIO           Parsing took 0 ms 
384041     DEBUG Test worker     d.u.i.k.n.KeyIO           Load declarations of de.uka.ilkd.key.nparser.KeyAst$File:  <unknown>:1#1 
384041     INFO  Test worker     d.u.i.k.n.KeyIO           MODE: declarations took 0 ms 
384041     DEBUG Test worker     d.u.i.k.n.KeyIO           MODE: 2nd degree decls took 0 
384041     INFO  Test worker     d.u.i.k.n.KeyIO           Parsing took 0 ms 
384041     DEBUG Test worker     d.u.i.k.n.KeyIO           Load declarations of de.uka.ilkd.key.nparser.KeyAst$File:  <unknown>:1#1 
384041     INFO  Test worker     d.u.i.k.n.KeyIO           MODE: declarations took 0 ms 
384041     DEBUG Test worker     d.u.i.k.n.KeyIO           MODE: 2nd degree decls took 0 
387142     INFO  Test worker     d.u.i.k.n.KeyIO           Parsing took 0 ms 
387143     DEBUG Test worker     d.u.i.k.n.KeyIO           Load declarations of de.uka.ilkd.key.nparser.KeyAst$File:  <unknown>:1#1 
387143     INFO  Test worker     d.u.i.k.n.KeyIO           MODE: declarations took 0 ms 
387143     DEBUG Test worker     d.u.i.k.n.KeyIO           MODE: 2nd degree decls took 0 
387143     INFO  Test worker     d.u.i.k.n.KeyIO           Parsing took 0 ms 
387144     DEBUG Test worker     d.u.i.k.n.KeyIO           Load declarations of de.uka.ilkd.key.nparser.KeyAst$File:  <unknown>:1#1 
387144     INFO  Test worker     d.u.i.k.n.KeyIO           MODE: declarations took 0 ms 
387144     DEBUG Test worker     d.u.i.k.n.KeyIO           MODE: 2nd degree decls took 0 
387144     INFO  Test worker     d.u.i.k.n.KeyIO           Parsing took 0 ms 
387144     DEBUG Test worker     d.u.i.k.n.KeyIO           Load declarations of de.uka.ilkd.key.nparser.KeyAst$File:  <unknown>:1#1 
387145     INFO  Test worker     d.u.i.k.n.KeyIO           MODE: declarations took 1 ms 
387145     DEBUG Test worker     d.u.i.k.n.KeyIO           MODE: 2nd degree decls took 0 
387145     INFO  Test worker     d.u.i.k.n.KeyIO           Parsing took 0 ms 
387145     DEBUG Test worker     d.u.i.k.n.KeyIO           Load declarations of de.uka.ilkd.key.nparser.KeyAst$File:  <unknown>:1#1 
387145     INFO  Test worker     d.u.i.k.n.KeyIO           MODE: declarations took 0 ms 
387145     DEBUG Test worker     d.u.i.k.n.KeyIO           MODE: 2nd degree decls took 0 
387146     INFO  Test worker     d.u.i.k.n.KeyIO           Parsing took 0 ms 
387146     DEBUG Test worker     d.u.i.k.n.KeyIO           Load declarations of de.uka.ilkd.key.nparser.KeyAst$File:  <unknown>:1#1 
387146     INFO  Test worker     d.u.i.k.n.KeyIO           MODE: declarations took 0 ms 
387146     DEBUG Test worker     d.u.i.k.n.KeyIO           MODE: 2nd degree decls took 0 
390263     INFO  Test worker     d.u.i.k.n.KeyIO           Parsing took 0 ms 
390263     DEBUG Test worker     d.u.i.k.n.KeyIO           Load declarations of de.uka.ilkd.key.nparser.KeyAst$File:  <unknown>:1#1 
390264     INFO  Test worker     d.u.i.k.n.KeyIO           MODE: declarations took 1 ms 
390264     DEBUG Test worker     d.u.i.k.n.KeyIO           MODE: 2nd degree decls took 0 
390264     INFO  Test worker     d.u.i.k.n.KeyIO           Parsing took 0 ms 
390264     DEBUG Test worker     d.u.i.k.n.KeyIO           Load declarations of de.uka.ilkd.key.nparser.KeyAst$File:  <unknown>:1#1 
390264     INFO  Test worker     d.u.i.k.n.KeyIO           MODE: declarations took 0 ms 
390264     DEBUG Test worker     d.u.i.k.n.KeyIO           MODE: 2nd degree decls took 0 
390264     INFO  Test worker     d.u.i.k.n.KeyIO           Parsing took 0 ms 
390264     DEBUG Test worker     d.u.i.k.n.KeyIO           Load declarations of de.uka.ilkd.key.nparser.KeyAst$File:  <unknown>:1#1 
390264     INFO  Test worker     d.u.i.k.n.KeyIO           MODE: declarations took 0 ms 
390264     DEBUG Test worker     d.u.i.k.n.KeyIO           MODE: 2nd degree decls took 0 
390264     INFO  Test worker     d.u.i.k.n.KeyIO           Parsing took 0 ms 
390264     DEBUG Test worker     d.u.i.k.n.KeyIO           Load declarations of de.uka.ilkd.key.nparser.KeyAst$File:  <unknown>:1#1 
390264     INFO  Test worker     d.u.i.k.n.KeyIO           MODE: declarations took 0 ms 
390264     DEBUG Test worker     d.u.i.k.n.KeyIO           MODE: 2nd degree decls took 0 
390264     INFO  Test worker     d.u.i.k.n.KeyIO           Parsing took 0 ms 
390264     DEBUG Test worker     d.u.i.k.n.KeyIO           Load declarations of de.uka.ilkd.key.nparser.KeyAst$File:  <unknown>:1#1 
390264     INFO  Test worker     d.u.i.k.n.KeyIO           MODE: declarations took 0 ms 
390264     DEBUG Test worker     d.u.i.k.n.KeyIO           MODE: 2nd degree decls took 0 
393430     INFO  Test worker     d.u.i.k.n.KeyIO           Parsing took 0 ms 
393430     DEBUG Test worker     d.u.i.k.n.KeyIO           Load declarations of de.uka.ilkd.key.nparser.KeyAst$File:  <unknown>:1#1 
393430     INFO  Test worker     d.u.i.k.n.KeyIO           MODE: declarations took 0 ms 
393430     DEBUG Test worker     d.u.i.k.n.KeyIO           MODE: 2nd degree decls took 0 
393430     INFO  Test worker     d.u.i.k.n.KeyIO           Parsing took 0 ms 
393430     DEBUG Test worker     d.u.i.k.n.KeyIO           Load declarations of de.uka.ilkd.key.nparser.KeyAst$File:  <unknown>:1#1 
393430     INFO  Test worker     d.u.i.k.n.KeyIO           MODE: declarations took 0 ms 
393430     DEBUG Test worker     d.u.i.k.n.KeyIO           MODE: 2nd degree decls took 0 
393430     INFO  Test worker     d.u.i.k.n.KeyIO           Parsing took 0 ms 
393430     DEBUG Test worker     d.u.i.k.n.KeyIO           Load declarations of de.uka.ilkd.key.nparser.KeyAst$File:  <unknown>:1#1 
393431     INFO  Test worker     d.u.i.k.n.KeyIO           MODE: declarations took 1 ms 
393431     DEBUG Test worker     d.u.i.k.n.KeyIO           MODE: 2nd degree decls took 0 
393431     INFO  Test worker     d.u.i.k.n.KeyIO           Parsing took 0 ms 
393431     DEBUG Test worker     d.u.i.k.n.KeyIO           Load declarations of de.uka.ilkd.key.nparser.KeyAst$File:  <unknown>:1#1 
393431     INFO  Test worker     d.u.i.k.n.KeyIO           MODE: declarations took 0 ms 
393431     DEBUG Test worker     d.u.i.k.n.KeyIO           MODE: 2nd degree decls took 0 
393431     INFO  Test worker     d.u.i.k.n.KeyIO           Parsing took 0 ms 
393431     DEBUG Test worker     d.u.i.k.n.KeyIO           Load declarations of de.uka.ilkd.key.nparser.KeyAst$File:  <unknown>:1#1 
393431     INFO  Test worker     d.u.i.k.n.KeyIO           MODE: declarations took 0 ms 
393431     DEBUG Test worker     d.u.i.k.n.KeyIO           MODE: 2nd degree decls took 0 
396585     INFO  Test worker     d.u.i.k.n.KeyIO           Parsing took 0 ms 
396585     DEBUG Test worker     d.u.i.k.n.KeyIO           Load declarations of de.uka.ilkd.key.nparser.KeyAst$File:  <unknown>:1#1 
396586     INFO  Test worker     d.u.i.k.n.KeyIO           MODE: declarations took 1 ms 
396586     DEBUG Test worker     d.u.i.k.n.KeyIO           MODE: 2nd degree decls took 0 
396586     INFO  Test worker     d.u.i.k.n.KeyIO           Parsing took 0 ms 
396586     DEBUG Test worker     d.u.i.k.n.KeyIO           Load declarations of de.uka.ilkd.key.nparser.KeyAst$File:  <unknown>:1#1 
396588     INFO  Test worker     d.u.i.k.n.KeyIO           MODE: declarations took 2 ms 
396588     DEBUG Test worker     d.u.i.k.n.KeyIO           MODE: 2nd degree decls took 0 
396588     INFO  Test worker     d.u.i.k.n.KeyIO           Parsing took 0 ms 
396588     DEBUG Test worker     d.u.i.k.n.KeyIO           Load declarations of de.uka.ilkd.key.nparser.KeyAst$File:  <unknown>:1#1 
396589     INFO  Test worker     d.u.i.k.n.KeyIO           MODE: declarations took 1 ms 
396589     DEBUG Test worker     d.u.i.k.n.KeyIO           MODE: 2nd degree decls took 0 
396589     INFO  Test worker     d.u.i.k.n.KeyIO           Parsing took 0 ms 
396589     DEBUG Test worker     d.u.i.k.n.KeyIO           Load declarations of de.uka.ilkd.key.nparser.KeyAst$File:  <unknown>:1#1 
396589     INFO  Test worker     d.u.i.k.n.KeyIO           MODE: declarations took 0 ms 
396590     DEBUG Test worker     d.u.i.k.n.KeyIO           MODE: 2nd degree decls took 0 
396590     INFO  Test worker     d.u.i.k.n.KeyIO           Parsing took 0 ms 
396590     DEBUG Test worker     d.u.i.k.n.KeyIO           Load declarations of de.uka.ilkd.key.nparser.KeyAst$File:  <unknown>:1#1 
396590     INFO  Test worker     d.u.i.k.n.KeyIO           MODE: declarations took 0 ms 
396590     DEBUG Test worker     d.u.i.k.n.KeyIO           MODE: 2nd degree decls took 0 
399730     INFO  Test worker     d.u.i.k.n.KeyIO           Parsing took 0 ms 
399730     DEBUG Test worker     d.u.i.k.n.KeyIO           Load declarations of de.uka.ilkd.key.nparser.KeyAst$File:  <unknown>:1#1 
399730     INFO  Test worker     d.u.i.k.n.KeyIO           MODE: declarations took 0 ms 
399730     DEBUG Test worker     d.u.i.k.n.KeyIO           MODE: 2nd degree decls took 0 
399730     INFO  Test worker     d.u.i.k.n.KeyIO           Parsing took 0 ms 
399730     DEBUG Test worker     d.u.i.k.n.KeyIO           Load declarations of de.uka.ilkd.key.nparser.KeyAst$File:  <unknown>:1#1 
399730     INFO  Test worker     d.u.i.k.n.KeyIO           MODE: declarations took 0 ms 
399730     DEBUG Test worker     d.u.i.k.n.KeyIO           MODE: 2nd degree decls took 0 
399730     INFO  Test worker     d.u.i.k.n.KeyIO           Parsing took 0 ms 
399730     DEBUG Test worker     d.u.i.k.n.KeyIO           Load declarations of de.uka.ilkd.key.nparser.KeyAst$File:  <unknown>:1#1 
399730     INFO  Test worker     d.u.i.k.n.KeyIO           MODE: declarations took 0 ms 
399730     DEBUG Test worker     d.u.i.k.n.KeyIO           MODE: 2nd degree decls took 0 
399730     INFO  Test worker     d.u.i.k.n.KeyIO           Parsing took 0 ms 
399730     DEBUG Test worker     d.u.i.k.n.KeyIO           Load declarations of de.uka.ilkd.key.nparser.KeyAst$File:  <unknown>:1#1 
399730     INFO  Test worker     d.u.i.k.n.KeyIO           MODE: declarations took 0 ms 
399730     DEBUG Test worker     d.u.i.k.n.KeyIO           MODE: 2nd degree decls took 0 
399730     INFO  Test worker     d.u.i.k.n.KeyIO           Parsing took 0 ms 
399730     DEBUG Test worker     d.u.i.k.n.KeyIO           Load declarations of de.uka.ilkd.key.nparser.KeyAst$File:  <unknown>:1#1 
399730     INFO  Test worker     d.u.i.k.n.KeyIO           MODE: declarations took 0 ms 
399730     DEBUG Test worker     d.u.i.k.n.KeyIO           MODE: 2nd degree decls took 0 
402784     INFO  Test worker     d.u.i.k.n.KeyIO           Parsing took 0 ms 
402784     DEBUG Test worker     d.u.i.k.n.KeyIO           Load declarations of de.uka.ilkd.key.nparser.KeyAst$File:  <unknown>:1#1 
402784     INFO  Test worker     d.u.i.k.n.KeyIO           MODE: declarations took 0 ms 
402784     DEBUG Test worker     d.u.i.k.n.KeyIO           MODE: 2nd degree decls took 0 
402784     INFO  Test worker     d.u.i.k.n.KeyIO           Parsing took 0 ms 
402784     DEBUG Test worker     d.u.i.k.n.KeyIO           Load declarations of de.uka.ilkd.key.nparser.KeyAst$File:  <unknown>:1#1 
402784     INFO  Test worker     d.u.i.k.n.KeyIO           MODE: declarations took 0 ms 
402784     DEBUG Test worker     d.u.i.k.n.KeyIO           MODE: 2nd degree decls took 0 
402784     INFO  Test worker     d.u.i.k.n.KeyIO           Parsing took 0 ms 
402784     DEBUG Test worker     d.u.i.k.n.KeyIO           Load declarations of de.uka.ilkd.key.nparser.KeyAst$File:  <unknown>:1#1 
402784     INFO  Test worker     d.u.i.k.n.KeyIO           MODE: declarations took 0 ms 
402784     DEBUG Test worker     d.u.i.k.n.KeyIO           MODE: 2nd degree decls took 0 
402784     INFO  Test worker     d.u.i.k.n.KeyIO           Parsing took 0 ms 
402784     DEBUG Test worker     d.u.i.k.n.KeyIO           Load declarations of de.uka.ilkd.key.nparser.KeyAst$File:  <unknown>:1#1 
402784     INFO  Test worker     d.u.i.k.n.KeyIO           MODE: declarations took 0 ms 
402784     DEBUG Test worker     d.u.i.k.n.KeyIO           MODE: 2nd degree decls took 0 
402784     INFO  Test worker     d.u.i.k.n.KeyIO           Parsing took 0 ms 
402784     DEBUG Test worker     d.u.i.k.n.KeyIO           Load declarations of de.uka.ilkd.key.nparser.KeyAst$File:  <unknown>:1#1 
402784     INFO  Test worker     d.u.i.k.n.KeyIO           MODE: declarations took 0 ms 
402784     DEBUG Test worker     d.u.i.k.n.KeyIO           MODE: 2nd degree decls took 0 
405753     INFO  Test worker     d.u.i.k.n.KeyIO           Parsing took 0 ms 
405753     DEBUG Test worker     d.u.i.k.n.KeyIO           Load declarations of de.uka.ilkd.key.nparser.KeyAst$File:  <unknown>:1#1 
405753     INFO  Test worker     d.u.i.k.n.KeyIO           MODE: declarations took 0 ms 
405753     DEBUG Test worker     d.u.i.k.n.KeyIO           MODE: 2nd degree decls took 0 
405753     INFO  Test worker     d.u.i.k.n.KeyIO           Parsing took 0 ms 
405753     DEBUG Test worker     d.u.i.k.n.KeyIO           Load declarations of de.uka.ilkd.key.nparser.KeyAst$File:  <unknown>:1#1 
405753     INFO  Test worker     d.u.i.k.n.KeyIO           MODE: declarations took 0 ms 
405753     DEBUG Test worker     d.u.i.k.n.KeyIO           MODE: 2nd degree decls took 0 
405753     INFO  Test worker     d.u.i.k.n.KeyIO           Parsing took 0 ms 
405753     DEBUG Test worker     d.u.i.k.n.KeyIO           Load declarations of de.uka.ilkd.key.nparser.KeyAst$File:  <unknown>:1#1 
405753     INFO  Test worker     d.u.i.k.n.KeyIO           MODE: declarations took 0 ms 
405753     DEBUG Test worker     d.u.i.k.n.KeyIO           MODE: 2nd degree decls took 0 
405753     INFO  Test worker     d.u.i.k.n.KeyIO           Parsing took 0 ms 
405753     DEBUG Test worker     d.u.i.k.n.KeyIO           Load declarations of de.uka.ilkd.key.nparser.KeyAst$File:  <unknown>:1#1 
405753     INFO  Test worker     d.u.i.k.n.KeyIO           MODE: declarations took 0 ms 
405753     DEBUG Test worker     d.u.i.k.n.KeyIO           MODE: 2nd degree decls took 0 
405754     INFO  Test worker     d.u.i.k.n.KeyIO           Parsing took 1 ms 
405754     DEBUG Test worker     d.u.i.k.n.KeyIO           Load declarations of de.uka.ilkd.key.nparser.KeyAst$File:  <unknown>:1#1 
405754     INFO  Test worker     d.u.i.k.n.KeyIO           MODE: declarations took 0 ms 
405754     DEBUG Test worker     d.u.i.k.n.KeyIO           MODE: 2nd degree decls took 0 
408809     INFO  Test worker     d.u.i.k.n.KeyIO           Parsing took 0 ms 
408809     DEBUG Test worker     d.u.i.k.n.KeyIO           Load declarations of de.uka.ilkd.key.nparser.KeyAst$File:  <unknown>:1#1 
408810     INFO  Test worker     d.u.i.k.n.KeyIO           MODE: declarations took 1 ms 
408810     DEBUG Test worker     d.u.i.k.n.KeyIO           MODE: 2nd degree decls took 0 
408810     INFO  Test worker     d.u.i.k.n.KeyIO           Parsing took 0 ms 
408810     DEBUG Test worker     d.u.i.k.n.KeyIO           Load declarations of de.uka.ilkd.key.nparser.KeyAst$File:  <unknown>:1#1 
408810     INFO  Test worker     d.u.i.k.n.KeyIO           MODE: declarations took 0 ms 
408810     DEBUG Test worker     d.u.i.k.n.KeyIO           MODE: 2nd degree decls took 0 
408810     INFO  Test worker     d.u.i.k.n.KeyIO           Parsing took 0 ms 
408810     DEBUG Test worker     d.u.i.k.n.KeyIO           Load declarations of de.uka.ilkd.key.nparser.KeyAst$File:  <unknown>:1#1 
408810     INFO  Test worker     d.u.i.k.n.KeyIO           MODE: declarations took 0 ms 
408810     DEBUG Test worker     d.u.i.k.n.KeyIO           MODE: 2nd degree decls took 0 
408810     INFO  Test worker     d.u.i.k.n.KeyIO           Parsing took 0 ms 
408810     DEBUG Test worker     d.u.i.k.n.KeyIO           Load declarations of de.uka.ilkd.key.nparser.KeyAst$File:  <unknown>:1#1 
408810     INFO  Test worker     d.u.i.k.n.KeyIO           MODE: declarations took 0 ms 
408810     DEBUG Test worker     d.u.i.k.n.KeyIO           MODE: 2nd degree decls took 0 
408810     INFO  Test worker     d.u.i.k.n.KeyIO           Parsing took 0 ms 
408810     DEBUG Test worker     d.u.i.k.n.KeyIO           Load declarations of de.uka.ilkd.key.nparser.KeyAst$File:  <unknown>:1#1 
408810     INFO  Test worker     d.u.i.k.n.KeyIO           MODE: declarations took 0 ms 
408810     DEBUG Test worker     d.u.i.k.n.KeyIO           MODE: 2nd degree decls took 0 
411652     INFO  Test worker     d.u.i.k.n.KeyIO           Parsing took 0 ms 
411652     DEBUG Test worker     d.u.i.k.n.KeyIO           Load declarations of de.uka.ilkd.key.nparser.KeyAst$File:  <unknown>:1#1 
411652     INFO  Test worker     d.u.i.k.n.KeyIO           MODE: declarations took 0 ms 
411652     DEBUG Test worker     d.u.i.k.n.KeyIO           MODE: 2nd degree decls took 0 
411652     INFO  Test worker     d.u.i.k.n.KeyIO           Parsing took 0 ms 
411652     DEBUG Test worker     d.u.i.k.n.KeyIO           Load declarations of de.uka.ilkd.key.nparser.KeyAst$File:  <unknown>:1#1 
411652     INFO  Test worker     d.u.i.k.n.KeyIO           MODE: declarations took 0 ms 
411652     DEBUG Test worker     d.u.i.k.n.KeyIO           MODE: 2nd degree decls took 0 
411652     INFO  Test worker     d.u.i.k.n.KeyIO           Parsing took 0 ms 
411652     DEBUG Test worker     d.u.i.k.n.KeyIO           Load declarations of de.uka.ilkd.key.nparser.KeyAst$File:  <unknown>:1#1 
411652     INFO  Test worker     d.u.i.k.n.KeyIO           MODE: declarations took 0 ms 
411652     DEBUG Test worker     d.u.i.k.n.KeyIO           MODE: 2nd degree decls took 0 
411652     INFO  Test worker     d.u.i.k.n.KeyIO           Parsing took 0 ms 
411652     DEBUG Test worker     d.u.i.k.n.KeyIO           Load declarations of de.uka.ilkd.key.nparser.KeyAst$File:  <unknown>:1#1 
411652     INFO  Test worker     d.u.i.k.n.KeyIO           MODE: declarations took 0 ms 
411652     DEBUG Test worker     d.u.i.k.n.KeyIO           MODE: 2nd degree decls took 0 
411652     INFO  Test worker     d.u.i.k.n.KeyIO           Parsing took 0 ms 
411652     DEBUG Test worker     d.u.i.k.n.KeyIO           Load declarations of de.uka.ilkd.key.nparser.KeyAst$File:  <unknown>:1#1 
411652     INFO  Test worker     d.u.i.k.n.KeyIO           MODE: declarations took 0 ms 
411652     DEBUG Test worker     d.u.i.k.n.KeyIO           MODE: 2nd degree decls took 0 
414568     INFO  Test worker     d.u.i.k.n.KeyIO           Parsing took 0 ms 
414569     DEBUG Test worker     d.u.i.k.n.KeyIO           Load declarations of de.uka.ilkd.key.nparser.KeyAst$File:  <unknown>:1#1 
414569     INFO  Test worker     d.u.i.k.n.KeyIO           MODE: declarations took 0 ms 
414569     DEBUG Test worker     d.u.i.k.n.KeyIO           MODE: 2nd degree decls took 0 
414569     INFO  Test worker     d.u.i.k.n.KeyIO           Parsing took 0 ms 
414569     DEBUG Test worker     d.u.i.k.n.KeyIO           Load declarations of de.uka.ilkd.key.nparser.KeyAst$File:  <unknown>:1#1 
414569     INFO  Test worker     d.u.i.k.n.KeyIO           MODE: declarations took 0 ms 
414569     DEBUG Test worker     d.u.i.k.n.KeyIO           MODE: 2nd degree decls took 0 
414569     INFO  Test worker     d.u.i.k.n.KeyIO           Parsing took 0 ms 
414569     DEBUG Test worker     d.u.i.k.n.KeyIO           Load declarations of de.uka.ilkd.key.nparser.KeyAst$File:  <unknown>:1#1 
414569     INFO  Test worker     d.u.i.k.n.KeyIO           MODE: declarations took 0 ms 
414569     DEBUG Test worker     d.u.i.k.n.KeyIO           MODE: 2nd degree decls took 0 
414569     INFO  Test worker     d.u.i.k.n.KeyIO           Parsing took 0 ms 
414569     DEBUG Test worker     d.u.i.k.n.KeyIO           Load declarations of de.uka.ilkd.key.nparser.KeyAst$File:  <unknown>:1#1 
414569     INFO  Test worker     d.u.i.k.n.KeyIO           MODE: declarations took 0 ms 
414569     DEBUG Test worker     d.u.i.k.n.KeyIO           MODE: 2nd degree decls took 0 
414569     INFO  Test worker     d.u.i.k.n.KeyIO           Parsing took 0 ms 
414569     DEBUG Test worker     d.u.i.k.n.KeyIO           Load declarations of de.uka.ilkd.key.nparser.KeyAst$File:  <unknown>:1#1 
414569     INFO  Test worker     d.u.i.k.n.KeyIO           MODE: declarations took 0 ms 
414569     DEBUG Test worker     d.u.i.k.n.KeyIO           MODE: 2nd degree decls took 0 
417381     INFO  Test worker     d.u.i.k.n.KeyIO           Parsing took 0 ms 
417381     DEBUG Test worker     d.u.i.k.n.KeyIO           Load declarations of de.uka.ilkd.key.nparser.KeyAst$File:  <unknown>:1#1 
417381     INFO  Test worker     d.u.i.k.n.KeyIO           MODE: declarations took 0 ms 
417381     DEBUG Test worker     d.u.i.k.n.KeyIO           MODE: 2nd degree decls took 0 
417381     INFO  Test worker     d.u.i.k.n.KeyIO           Parsing took 0 ms 
417381     DEBUG Test worker     d.u.i.k.n.KeyIO           Load declarations of de.uka.ilkd.key.nparser.KeyAst$File:  <unknown>:1#1 
417381     INFO  Test worker     d.u.i.k.n.KeyIO           MODE: declarations took 0 ms 
417381     DEBUG Test worker     d.u.i.k.n.KeyIO           MODE: 2nd degree decls took 0 
417381     INFO  Test worker     d.u.i.k.n.KeyIO           Parsing took 0 ms 
417381     DEBUG Test worker     d.u.i.k.n.KeyIO           Load declarations of de.uka.ilkd.key.nparser.KeyAst$File:  <unknown>:1#1 
417381     INFO  Test worker     d.u.i.k.n.KeyIO           MODE: declarations took 0 ms 
417381     DEBUG Test worker     d.u.i.k.n.KeyIO           MODE: 2nd degree decls took 0 
417381     INFO  Test worker     d.u.i.k.n.KeyIO           Parsing took 0 ms 
417381     DEBUG Test worker     d.u.i.k.n.KeyIO           Load declarations of de.uka.ilkd.key.nparser.KeyAst$File:  <unknown>:1#1 
417381     INFO  Test worker     d.u.i.k.n.KeyIO           MODE: declarations took 0 ms 
417382     DEBUG Test worker     d.u.i.k.n.KeyIO           MODE: 2nd degree decls took 1 
417382     INFO  Test worker     d.u.i.k.n.KeyIO           Parsing took 0 ms 
417382     DEBUG Test worker     d.u.i.k.n.KeyIO           Load declarations of de.uka.ilkd.key.nparser.KeyAst$File:  <unknown>:1#1 
417382     INFO  Test worker     d.u.i.k.n.KeyIO           MODE: declarations took 0 ms 
417382     DEBUG Test worker     d.u.i.k.n.KeyIO           MODE: 2nd degree decls took 0 
420297     INFO  Test worker     d.u.i.k.n.KeyIO           Parsing took 0 ms 
420297     DEBUG Test worker     d.u.i.k.n.KeyIO           Load declarations of de.uka.ilkd.key.nparser.KeyAst$File:  <unknown>:1#1 
420297     INFO  Test worker     d.u.i.k.n.KeyIO           MODE: declarations took 0 ms 
420297     DEBUG Test worker     d.u.i.k.n.KeyIO           MODE: 2nd degree decls took 0 
420297     INFO  Test worker     d.u.i.k.n.KeyIO           Parsing took 0 ms 
420297     DEBUG Test worker     d.u.i.k.n.KeyIO           Load declarations of de.uka.ilkd.key.nparser.KeyAst$File:  <unknown>:1#1 
420297     INFO  Test worker     d.u.i.k.n.KeyIO           MODE: declarations took 0 ms 
420297     DEBUG Test worker     d.u.i.k.n.KeyIO           MODE: 2nd degree decls took 0 
420297     INFO  Test worker     d.u.i.k.n.KeyIO           Parsing took 0 ms 
420297     DEBUG Test worker     d.u.i.k.n.KeyIO           Load declarations of de.uka.ilkd.key.nparser.KeyAst$File:  <unknown>:1#1 
420297     INFO  Test worker     d.u.i.k.n.KeyIO           MODE: declarations took 0 ms 
420297     DEBUG Test worker     d.u.i.k.n.KeyIO           MODE: 2nd degree decls took 0 
420297     INFO  Test worker     d.u.i.k.n.KeyIO           Parsing took 0 ms 
420298     DEBUG Test worker     d.u.i.k.n.KeyIO           Load declarations of de.uka.ilkd.key.nparser.KeyAst$File:  <unknown>:1#1 
420298     INFO  Test worker     d.u.i.k.n.KeyIO           MODE: declarations took 0 ms 
420298     DEBUG Test worker     d.u.i.k.n.KeyIO           MODE: 2nd degree decls took 0 
420298     INFO  Test worker     d.u.i.k.n.KeyIO           Parsing took 0 ms 
420298     DEBUG Test worker     d.u.i.k.n.KeyIO           Load declarations of de.uka.ilkd.key.nparser.KeyAst$File:  <unknown>:1#1 
420298     INFO  Test worker     d.u.i.k.n.KeyIO           MODE: declarations took 0 ms 
420298     DEBUG Test worker     d.u.i.k.n.KeyIO           MODE: 2nd degree decls took 0 
423232     INFO  Test worker     d.u.i.k.n.KeyIO           Parsing took 0 ms 
423233     DEBUG Test worker     d.u.i.k.n.KeyIO           Load declarations of de.uka.ilkd.key.nparser.KeyAst$File:  <unknown>:1#1 
423233     INFO  Test worker     d.u.i.k.n.KeyIO           MODE: declarations took 1 ms 
423233     DEBUG Test worker     d.u.i.k.n.KeyIO           MODE: 2nd degree decls took 0 
423233     INFO  Test worker     d.u.i.k.n.KeyIO           Parsing took 0 ms 
423233     DEBUG Test worker     d.u.i.k.n.KeyIO           Load declarations of de.uka.ilkd.key.nparser.KeyAst$File:  <unknown>:1#1 
423233     INFO  Test worker     d.u.i.k.n.KeyIO           MODE: declarations took 0 ms 
423233     DEBUG Test worker     d.u.i.k.n.KeyIO           MODE: 2nd degree decls took 0 
423233     INFO  Test worker     d.u.i.k.n.KeyIO           Parsing took 0 ms 
423233     DEBUG Test worker     d.u.i.k.n.KeyIO           Load declarations of de.uka.ilkd.key.nparser.KeyAst$File:  <unknown>:1#1 
423233     INFO  Test worker     d.u.i.k.n.KeyIO           MODE: declarations took 0 ms 
423233     DEBUG Test worker     d.u.i.k.n.KeyIO           MODE: 2nd degree decls took 0 
423233     INFO  Test worker     d.u.i.k.n.KeyIO           Parsing took 0 ms 
423233     DEBUG Test worker     d.u.i.k.n.KeyIO           Load declarations of de.uka.ilkd.key.nparser.KeyAst$File:  <unknown>:1#1 
423233     INFO  Test worker     d.u.i.k.n.KeyIO           MODE: declarations took 0 ms 
423233     DEBUG Test worker     d.u.i.k.n.KeyIO           MODE: 2nd degree decls took 0 
423233     INFO  Test worker     d.u.i.k.n.KeyIO           Parsing took 0 ms 
423233     DEBUG Test worker     d.u.i.k.n.KeyIO           Load declarations of de.uka.ilkd.key.nparser.KeyAst$File:  <unknown>:1#1 
423233     INFO  Test worker     d.u.i.k.n.KeyIO           MODE: declarations took 0 ms 
423233     DEBUG Test worker     d.u.i.k.n.KeyIO           MODE: 2nd degree decls took 0 
]]></system-out>
  <system-err><![CDATA[]]></system-err>
</testsuite>
