<?xml version="1.0" encoding="UTF-8"?>
<testsuite name="de.uka.ilkd.key.taclettranslation.TestTacletTranslator" tests="5" skipped="0" failures="0" errors="0" timestamp="2023-05-15T06:38:46" hostname="fv-az1100-952" time="0.008">
  <properties/>
  <testcase name="testPropositional1()" classname="de.uka.ilkd.key.taclettranslation.TestTacletTranslator" time="0.003"/>
  <testcase name="testPropositional2()" classname="de.uka.ilkd.key.taclettranslation.TestTacletTranslator" time="0.001"/>
  <testcase name="testNegativePolarity()" classname="de.uka.ilkd.key.taclettranslation.TestTacletTranslator" time="0.001"/>
  <testcase name="testNoPolarity()" classname="de.uka.ilkd.key.taclettranslation.TestTacletTranslator" time="0.001"/>
  <testcase name="testPositivePolarity()" classname="de.uka.ilkd.key.taclettranslation.TestTacletTranslator" time="0.001"/>
  <system-out><![CDATA[833200     INFO  Test worker     d.u.i.k.n.KeyIO           Parsing took 0 ms 
833200     DEBUG Test worker     d.u.i.k.n.KeyIO           Load declarations of de.uka.ilkd.key.nparser.KeyAst$File:  <unknown>:1#1 
833201     INFO  Test worker     d.u.i.k.n.KeyIO           MODE: declarations took 0 ms 
833201     DEBUG Test worker     d.u.i.k.n.KeyIO           MODE: 2nd degree decls took 0 
833201     DEBUG Test worker     d.u.i.k.n.KeyIO           MODE: taclets took 0ms 
833203     INFO  Test worker     d.u.i.k.n.KeyIO           Parsing took 0 ms 
833203     DEBUG Test worker     d.u.i.k.n.KeyIO           Load declarations of de.uka.ilkd.key.nparser.KeyAst$File:  <unknown>:1#1 
833203     INFO  Test worker     d.u.i.k.n.KeyIO           MODE: declarations took 0 ms 
833203     DEBUG Test worker     d.u.i.k.n.KeyIO           MODE: 2nd degree decls took 0 
833203     DEBUG Test worker     d.u.i.k.n.KeyIO           MODE: taclets took 0ms 
833204     INFO  Test worker     d.u.i.k.n.KeyIO           Parsing took 0 ms 
833204     DEBUG Test worker     d.u.i.k.n.KeyIO           Load declarations of de.uka.ilkd.key.nparser.KeyAst$File:  <unknown>:1#1 
833204     INFO  Test worker     d.u.i.k.n.KeyIO           MODE: declarations took 0 ms 
833204     DEBUG Test worker     d.u.i.k.n.KeyIO           MODE: 2nd degree decls took 0 
833205     DEBUG Test worker     d.u.i.k.n.KeyIO           MODE: taclets took 1ms 
833205     INFO  Test worker     d.u.i.k.n.KeyIO           Parsing took 0 ms 
833206     DEBUG Test worker     d.u.i.k.n.KeyIO           Load declarations of de.uka.ilkd.key.nparser.KeyAst$File:  <unknown>:1#1 
833206     INFO  Test worker     d.u.i.k.n.KeyIO           MODE: declarations took 0 ms 
833206     DEBUG Test worker     d.u.i.k.n.KeyIO           MODE: 2nd degree decls took 0 
833206     DEBUG Test worker     d.u.i.k.n.KeyIO           MODE: taclets took 0ms 
833207     INFO  Test worker     d.u.i.k.n.KeyIO           Parsing took 0 ms 
833207     DEBUG Test worker     d.u.i.k.n.KeyIO           Load declarations of de.uka.ilkd.key.nparser.KeyAst$File:  <unknown>:1#1 
833207     INFO  Test worker     d.u.i.k.n.KeyIO           MODE: declarations took 0 ms 
833207     DEBUG Test worker     d.u.i.k.n.KeyIO           MODE: 2nd degree decls took 0 
833207     DEBUG Test worker     d.u.i.k.n.KeyIO           MODE: taclets took 0ms 
]]></system-out>
  <system-err><![CDATA[]]></system-err>
</testsuite>
