<?xml version="1.0" encoding="UTF-8"?>
<testsuite name="de.uka.ilkd.key.util.TestProofStarter" tests="2" skipped="0" failures="0" errors="0" timestamp="2023-05-15T06:38:57" hostname="fv-az1100-952" time="57.826">
  <properties/>
  <testcase name="testDirectProofWithOneStepSimplification()" classname="de.uka.ilkd.key.util.TestProofStarter" time="30.339"/>
  <testcase name="testDirectProof()" classname="de.uka.ilkd.key.util.TestProofStarter" time="27.487"/>
  <system-out><![CDATA[843810     INFO  Test worker     d.u.i.k.p.i.AbstractProblemLoader Loading environment from src/test/resources/testcase/proofStarter/CC/project.key 
843810     DEBUG Test worker     d.u.i.k.p.i.AbstractProblemLoader Environment load took 383.2ns 
843811     INFO  Test worker     d.u.i.k.p.i.AbstractProblemLoader Creating init config 
847366     DEBUG Test worker     d.u.i.k.p.i.AbstractProblemLoader Init config took 3.55s 
847418     INFO  Test worker     d.u.i.k.p.i.AbstractProblemLoader Replaying proof CC[CC::calcCoinIndex([I,[I)].JML normal_behavior operation contract.0 
847421     DEBUG Test worker     d.u.i.k.p.i.IntermediateProofReplayer Proof replay took 1.7ns 
874137     INFO  Test worker     d.u.i.k.p.i.AbstractProblemLoader Loading environment from src/test/resources/testcase/proofStarter/CC/project.key 
874137     DEBUG Test worker     d.u.i.k.p.i.AbstractProblemLoader Environment load took 88.2ns 
874138     INFO  Test worker     d.u.i.k.p.i.AbstractProblemLoader Creating init config 
877381     DEBUG Test worker     d.u.i.k.p.i.AbstractProblemLoader Init config took 3.24s 
877422     INFO  Test worker     d.u.i.k.p.i.AbstractProblemLoader Replaying proof CC[CC::calcCoinIndex([I,[I)].JML normal_behavior operation contract.0 
877423     DEBUG Test worker     d.u.i.k.p.i.IntermediateProofReplayer Proof replay took 1.3ns 
]]></system-out>
  <system-err><![CDATA[]]></system-err>
</testsuite>
