<?xml version="1.0" encoding="UTF-8"?>
<testsuite name="de.uka.ilkd.key.rule.loop.LoopScopeInvRuleTests" tests="1" skipped="0" failures="0" errors="0" timestamp="2023-05-15T06:32:28" hostname="fv-az1100-952" time="4.628">
  <properties/>
  <testcase name="testDoAutomaticProofOfBenchmarkWithLabeledBreaksAndContinues()" classname="de.uka.ilkd.key.rule.loop.LoopScopeInvRuleTests" time="4.628"/>
  <system-out><![CDATA[454915     INFO  Test worker     d.u.i.k.p.i.AbstractProblemLoader Loading environment from src/test/resources/testcase/loopScopeInvRule/Test.key 
454915     DEBUG Test worker     d.u.i.k.p.i.AbstractProblemLoader Environment load took 456ns 
454916     INFO  Test worker     d.u.i.k.p.i.AbstractProblemLoader Creating init config 
455048     DEBUG Test worker     d.u.i.k.j.TypeConverter   No LDT found for Meta 
455048     DEBUG Test worker     d.u.i.k.j.TypeConverter   No LDT found for Meta 
455049     DEBUG Test worker     d.u.i.k.j.TypeConverter   No LDT found for Meta 
455049     DEBUG Test worker     d.u.i.k.j.TypeConverter   No LDT found for Meta 
455683     DEBUG Test worker     d.u.i.k.j.TypeConverter   No LDT found for JavaBigintExpression 
458899     DEBUG Test worker     d.u.i.k.p.i.AbstractProblemLoader Init config took 3.98s 
458937     INFO  Test worker     d.u.i.k.p.i.AbstractProblemLoader Replaying proof Test[Test::loopScopeRuleBenchmark(int,boolean)].JML normal_behavior operation contract.0 
458939     DEBUG Test worker     d.u.i.k.p.i.IntermediateProofReplayer Proof replay took 15.7ns 
]]></system-out>
  <system-err><![CDATA[]]></system-err>
</testsuite>
