<?xml version="1.0" encoding="UTF-8"?>
<testsuite name="de.uka.ilkd.key.rule.tacletbuilder.TestTacletBuild" tests="5" skipped="0" failures="0" errors="0" timestamp="2023-05-15T06:34:04" hostname="fv-az1100-952" time="4.41">
  <properties/>
  <testcase name="testSchemavariablesInAddrulesRespectPrefix()" classname="de.uka.ilkd.key.rule.tacletbuilder.TestTacletBuild" time="4.408"/>
  <testcase name="testUniquenessOfIfAndFindVarSVBothInIf()" classname="de.uka.ilkd.key.rule.tacletbuilder.TestTacletBuild" time="0.0"/>
  <testcase name="test0()" classname="de.uka.ilkd.key.rule.tacletbuilder.TestTacletBuild" time="0.001"/>
  <testcase name="testUniquenessOfIfAndFindVarSVsInFind()" classname="de.uka.ilkd.key.rule.tacletbuilder.TestTacletBuild" time="0.0"/>
  <testcase name="testUniquenessOfIfAndFindVarSVsInIfAndFind()" classname="de.uka.ilkd.key.rule.tacletbuilder.TestTacletBuild" time="0.001"/>
  <system-out><![CDATA[551919     INFO  Test worker     d.u.i.k.n.KeyIO           Parsing took 2 ms 
551919     DEBUG Test worker     d.u.i.k.n.KeyIO           Load declarations of de.uka.ilkd.key.nparser.KeyAst$File:  /home/runner/work/key/key/key.core/src/test/resources/testcase/testrules.key:9#1 
551919     INFO  Test worker     d.u.i.k.n.KeyIO           MODE: declarations took 0 ms 
551919     DEBUG Test worker     d.u.i.k.n.KeyIO           MODE: 2nd degree decls took 0 
551949     DEBUG Test worker     d.u.i.k.n.KeyIO           MODE: taclets took 29ms 
]]></system-out>
  <system-err><![CDATA[]]></system-err>
</testsuite>
