<?xml version="1.0" encoding="UTF-8"?>
<testsuite name="de.uka.ilkd.key.logic.TestTermLabelManager" tests="21" skipped="0" failures="0" errors="0" timestamp="2023-05-15T06:26:42" hostname="fv-az1100-952" time="55.044">
  <properties/>
  <testcase name="testInstantiateLabels_directChildPolicies_allRules()" classname="de.uka.ilkd.key.logic.TestTermLabelManager" time="4.024"/>
  <testcase name="testInstantiateLabels_childAndGrandchildPolicies_ruleSpecific()" classname="de.uka.ilkd.key.logic.TestTermLabelManager" time="2.76"/>
  <testcase name="testParseLabel()" classname="de.uka.ilkd.key.logic.TestTermLabelManager" time="2.826"/>
  <testcase name="testrefactorGoal_childrenAndGrandchildren_ruleSpecific()" classname="de.uka.ilkd.key.logic.TestTermLabelManager" time="2.813"/>
  <testcase name="testrefactorGoal_directChildren_allRules()" classname="de.uka.ilkd.key.logic.TestTermLabelManager" time="2.842"/>
  <testcase name="testInstantiateLabels_childAndGrandchildPolicies_allRules()" classname="de.uka.ilkd.key.logic.TestTermLabelManager" time="2.871"/>
  <testcase name="testInstantiateLabels_taclet()" classname="de.uka.ilkd.key.logic.TestTermLabelManager" time="3.217"/>
  <testcase name="testrefactorGoal_none_ruleSpecific()" classname="de.uka.ilkd.key.logic.TestTermLabelManager" time="3.023"/>
  <testcase name="testInstantiateLabels_updates_ruleSpecific()" classname="de.uka.ilkd.key.logic.TestTermLabelManager" time="2.926"/>
  <testcase name="testrefactorGoal_sequent_ruleSpecific()" classname="de.uka.ilkd.key.logic.TestTermLabelManager" time="2.868"/>
  <testcase name="testInstantiateLabels_updates_allRules()" classname="de.uka.ilkd.key.logic.TestTermLabelManager" time="2.749"/>
  <testcase name="testrefactorGoal_sequent_allRules()" classname="de.uka.ilkd.key.logic.TestTermLabelManager" time="2.802"/>
  <testcase name="testrefactorGoal_childrenAndGrandchildren_allRules()" classname="de.uka.ilkd.key.logic.TestTermLabelManager" time="2.784"/>
  <testcase name="testGetTermLabelManager()" classname="de.uka.ilkd.key.logic.TestTermLabelManager" time="0.001"/>
  <testcase name="testInstantiateLabels_applicationTermPolicies()" classname="de.uka.ilkd.key.logic.TestTermLabelManager" time="2.833"/>
  <testcase name="testInstantiateLabels_modalityTermPolicies()" classname="de.uka.ilkd.key.logic.TestTermLabelManager" time="2.764"/>
  <testcase name="testrefactorGoal_none_allRules()" classname="de.uka.ilkd.key.logic.TestTermLabelManager" time="2.727"/>
  <testcase name="testInstantiateLabels_null()" classname="de.uka.ilkd.key.logic.TestTermLabelManager" time="0.0"/>
  <testcase name="testrefactorGoal_directChildren_ruleSpecific()" classname="de.uka.ilkd.key.logic.TestTermLabelManager" time="2.717"/>
  <testcase name="testInstantiateLabels_directChildPolicies_ruleSpecific()" classname="de.uka.ilkd.key.logic.TestTermLabelManager" time="2.799"/>
  <testcase name="testGetSupportedTermLabelNames()" classname="de.uka.ilkd.key.logic.TestTermLabelManager" time="2.687"/>
  <system-out><![CDATA[108590     INFO  Test worker     d.u.i.k.p.i.AbstractProblemLoader Loading environment from src/test/resources/testcase/termLabels/flatSteps/FlatSteps.java 
108590     DEBUG Test worker     d.u.i.k.p.i.AbstractProblemLoader Environment load took 186.1ns 
108591     INFO  Test worker     d.u.i.k.p.i.AbstractProblemLoader Creating init config 
108795     DEBUG Test worker     d.u.i.k.j.TypeConverter   No LDT found for Meta 
108796     DEBUG Test worker     d.u.i.k.j.TypeConverter   No LDT found for Meta 
108796     DEBUG Test worker     d.u.i.k.j.TypeConverter   No LDT found for Meta 
108796     DEBUG Test worker     d.u.i.k.j.TypeConverter   No LDT found for Meta 
109428     DEBUG Test worker     d.u.i.k.j.TypeConverter   No LDT found for JavaBigintExpression 
112610     DEBUG Test worker     d.u.i.k.p.i.AbstractProblemLoader Init config took 4.02s 
112614     INFO  Test worker     d.u.i.k.p.i.AbstractProblemLoader Loading environment from src/test/resources/testcase/termLabels/flatSteps/FlatSteps.java 
112614     DEBUG Test worker     d.u.i.k.p.i.AbstractProblemLoader Environment load took 81.2ns 
112614     INFO  Test worker     d.u.i.k.p.i.AbstractProblemLoader Creating init config 
115370     DEBUG Test worker     d.u.i.k.p.i.AbstractProblemLoader Init config took 2.76s 
115374     INFO  Test worker     d.u.i.k.p.i.AbstractProblemLoader Loading environment from src/test/resources/testcase/termLabels/flatSteps/FlatSteps.java 
115374     DEBUG Test worker     d.u.i.k.p.i.AbstractProblemLoader Environment load took 102ns 
115375     INFO  Test worker     d.u.i.k.p.i.AbstractProblemLoader Creating init config 
118197     DEBUG Test worker     d.u.i.k.p.i.AbstractProblemLoader Init config took 2.82s 
118200     INFO  Test worker     d.u.i.k.p.i.AbstractProblemLoader Loading environment from src/test/resources/testcase/termLabels/flatSteps/FlatSteps.java 
118200     DEBUG Test worker     d.u.i.k.p.i.AbstractProblemLoader Environment load took 116.5ns 
118200     INFO  Test worker     d.u.i.k.p.i.AbstractProblemLoader Creating init config 
121005     DEBUG Test worker     d.u.i.k.p.i.AbstractProblemLoader Init config took 2.8s 
121013     INFO  Test worker     d.u.i.k.p.i.AbstractProblemLoader Loading environment from src/test/resources/testcase/termLabels/flatSteps/FlatSteps.java 
121013     DEBUG Test worker     d.u.i.k.p.i.AbstractProblemLoader Environment load took 198.7ns 
121014     INFO  Test worker     d.u.i.k.p.i.AbstractProblemLoader Creating init config 
123848     DEBUG Test worker     d.u.i.k.p.i.AbstractProblemLoader Init config took 2.83s 
123856     INFO  Test worker     d.u.i.k.p.i.AbstractProblemLoader Loading environment from src/test/resources/testcase/termLabels/flatSteps/FlatSteps.java 
123856     DEBUG Test worker     d.u.i.k.p.i.AbstractProblemLoader Environment load took 260ns 
123857     INFO  Test worker     d.u.i.k.p.i.AbstractProblemLoader Creating init config 
126723     DEBUG Test worker     d.u.i.k.p.i.AbstractProblemLoader Init config took 2.87s 
126727     INFO  Test worker     d.u.i.k.p.i.AbstractProblemLoader Loading environment from src/test/resources/testcase/termLabels/flatSteps/FlatSteps.java 
126727     DEBUG Test worker     d.u.i.k.p.i.AbstractProblemLoader Environment load took 140.9ns 
126728     INFO  Test worker     d.u.i.k.p.i.AbstractProblemLoader Creating init config 
129941     DEBUG Test worker     d.u.i.k.p.i.AbstractProblemLoader Init config took 3.21s 
129944     INFO  Test worker     d.u.i.k.p.i.AbstractProblemLoader Loading environment from src/test/resources/testcase/termLabels/flatSteps/FlatSteps.java 
129944     DEBUG Test worker     d.u.i.k.p.i.AbstractProblemLoader Environment load took 87ns 
129945     INFO  Test worker     d.u.i.k.p.i.AbstractProblemLoader Creating init config 
132959     DEBUG Test worker     d.u.i.k.p.i.AbstractProblemLoader Init config took 3.01s 
132966     INFO  Test worker     d.u.i.k.p.i.AbstractProblemLoader Loading environment from src/test/resources/testcase/termLabels/flatSteps/FlatSteps.java 
132967     DEBUG Test worker     d.u.i.k.p.i.AbstractProblemLoader Environment load took 172.9ns 
132967     INFO  Test worker     d.u.i.k.p.i.AbstractProblemLoader Creating init config 
135890     DEBUG Test worker     d.u.i.k.p.i.AbstractProblemLoader Init config took 2.92s 
135894     INFO  Test worker     d.u.i.k.p.i.AbstractProblemLoader Loading environment from src/test/resources/testcase/termLabels/flatSteps/FlatSteps.java 
135894     DEBUG Test worker     d.u.i.k.p.i.AbstractProblemLoader Environment load took 122.7ns 
135895     INFO  Test worker     d.u.i.k.p.i.AbstractProblemLoader Creating init config 
138753     DEBUG Test worker     d.u.i.k.p.i.AbstractProblemLoader Init config took 2.86s 
138768     INFO  Test worker     d.u.i.k.p.i.AbstractProblemLoader Loading environment from src/test/resources/testcase/termLabels/flatSteps/FlatSteps.java 
138769     DEBUG Test worker     d.u.i.k.p.i.AbstractProblemLoader Environment load took 135.1ns 
138769     INFO  Test worker     d.u.i.k.p.i.AbstractProblemLoader Creating init config 
141515     DEBUG Test worker     d.u.i.k.p.i.AbstractProblemLoader Init config took 2.75s 
141518     INFO  Test worker     d.u.i.k.p.i.AbstractProblemLoader Loading environment from src/test/resources/testcase/termLabels/flatSteps/FlatSteps.java 
141518     DEBUG Test worker     d.u.i.k.p.i.AbstractProblemLoader Environment load took 78.9ns 
141518     INFO  Test worker     d.u.i.k.p.i.AbstractProblemLoader Creating init config 
144309     DEBUG Test worker     d.u.i.k.p.i.AbstractProblemLoader Init config took 2.79s 
144320     INFO  Test worker     d.u.i.k.p.i.AbstractProblemLoader Loading environment from src/test/resources/testcase/termLabels/flatSteps/FlatSteps.java 
144320     DEBUG Test worker     d.u.i.k.p.i.AbstractProblemLoader Environment load took 425.1ns 
144321     INFO  Test worker     d.u.i.k.p.i.AbstractProblemLoader Creating init config 
147096     DEBUG Test worker     d.u.i.k.p.i.AbstractProblemLoader Init config took 2.78s 
147105     INFO  Test worker     d.u.i.k.p.i.AbstractProblemLoader Loading environment from src/test/resources/testcase/termLabels/flatSteps/FlatSteps.java 
147105     DEBUG Test worker     d.u.i.k.p.i.AbstractProblemLoader Environment load took 190.9ns 
147106     INFO  Test worker     d.u.i.k.p.i.AbstractProblemLoader Creating init config 
149935     DEBUG Test worker     d.u.i.k.p.i.AbstractProblemLoader Init config took 2.83s 
149938     INFO  Test worker     d.u.i.k.p.i.AbstractProblemLoader Loading environment from src/test/resources/testcase/termLabels/flatSteps/FlatSteps.java 
149939     DEBUG Test worker     d.u.i.k.p.i.AbstractProblemLoader Environment load took 148.1ns 
149939     INFO  Test worker     d.u.i.k.p.i.AbstractProblemLoader Creating init config 
152700     DEBUG Test worker     d.u.i.k.p.i.AbstractProblemLoader Init config took 2.76s 
152703     INFO  Test worker     d.u.i.k.p.i.AbstractProblemLoader Loading environment from src/test/resources/testcase/termLabels/flatSteps/FlatSteps.java 
152703     DEBUG Test worker     d.u.i.k.p.i.AbstractProblemLoader Environment load took 86.5ns 
152703     INFO  Test worker     d.u.i.k.p.i.AbstractProblemLoader Creating init config 
155423     DEBUG Test worker     d.u.i.k.p.i.AbstractProblemLoader Init config took 2.72s 
155430     INFO  Test worker     d.u.i.k.p.i.AbstractProblemLoader Loading environment from src/test/resources/testcase/termLabels/flatSteps/FlatSteps.java 
155430     DEBUG Test worker     d.u.i.k.p.i.AbstractProblemLoader Environment load took 82.9ns 
155430     INFO  Test worker     d.u.i.k.p.i.AbstractProblemLoader Creating init config 
158140     DEBUG Test worker     d.u.i.k.p.i.AbstractProblemLoader Init config took 2.71s 
158147     INFO  Test worker     d.u.i.k.p.i.AbstractProblemLoader Loading environment from src/test/resources/testcase/termLabels/flatSteps/FlatSteps.java 
158147     DEBUG Test worker     d.u.i.k.p.i.AbstractProblemLoader Environment load took 107.1ns 
158148     INFO  Test worker     d.u.i.k.p.i.AbstractProblemLoader Creating init config 
160944     DEBUG Test worker     d.u.i.k.p.i.AbstractProblemLoader Init config took 2.8s 
160947     INFO  Test worker     d.u.i.k.p.i.AbstractProblemLoader Loading environment from src/test/resources/testcase/termLabels/flatSteps/FlatSteps.java 
160947     DEBUG Test worker     d.u.i.k.p.i.AbstractProblemLoader Environment load took 126.8ns 
160948     INFO  Test worker     d.u.i.k.p.i.AbstractProblemLoader Creating init config 
163632     DEBUG Test worker     d.u.i.k.p.i.AbstractProblemLoader Init config took 2.68s 
]]></system-out>
  <system-err><![CDATA[]]></system-err>
</testsuite>
