<?xml version="1.0" encoding="UTF-8"?>
<testsuite name="de.uka.ilkd.key.java.TestContextStatementBlock" tests="1" skipped="0" failures="0" errors="0" timestamp="2023-05-15T06:25:16" hostname="fv-az1100-952" time="1.113">
  <properties/>
  <testcase name="testContextTermInstantiation()" classname="de.uka.ilkd.key.java.TestContextStatementBlock" time="1.113"/>
  <system-out><![CDATA[23349      INFO  Test worker     d.u.i.k.n.KeyIO           Parsing took 11 ms 
23350      DEBUG Test worker     d.u.i.k.n.KeyIO           Load declarations of de.uka.ilkd.key.nparser.KeyAst$File:  /home/runner/work/key/key/key.core/src/test/resources/testcase/testrules.key:9#1 
23351      INFO  Test worker     d.u.i.k.n.KeyIO           MODE: declarations took 1 ms 
23352      DEBUG Test worker     d.u.i.k.n.KeyIO           MODE: 2nd degree decls took 0 
23505      DEBUG Test worker     d.u.i.k.n.KeyIO           MODE: taclets took 152ms 
]]></system-out>
  <system-err><![CDATA[]]></system-err>
</testsuite>
