<?xml version="1.0" encoding="UTF-8"?>
<testsuite name="de.uka.ilkd.key.logic.TestClashFreeSubst" tests="14" skipped="2" failures="0" errors="0" timestamp="2023-05-15T06:25:29" hostname="fv-az1100-952" time="50.16">
  <properties/>
  <testcase name="testMultiShareBound()" classname="de.uka.ilkd.key.logic.TestClashFreeSubst" time="0.934"/>
  <testcase name="testClash()" classname="de.uka.ilkd.key.logic.TestClashFreeSubst" time="0.938"/>
  <testcase name="testShare()" classname="de.uka.ilkd.key.logic.TestClashFreeSubst" time="0.983"/>
  <testcase name="testSubst()" classname="de.uka.ilkd.key.logic.TestClashFreeSubst" time="0.927"/>
  <testcase name="testWary0()" classname="de.uka.ilkd.key.logic.TestClashFreeSubst" time="0.913"/>
  <testcase name="testWary1()" classname="de.uka.ilkd.key.logic.TestClashFreeSubst" time="0.896"/>
  <testcase name="testWary2()" classname="de.uka.ilkd.key.logic.TestClashFreeSubst" time="0.969"/>
  <testcase name="testClashInSubstTerm()" classname="de.uka.ilkd.key.logic.TestClashFreeSubst" time="0.923"/>
  <testcase name="testShareWary()" classname="de.uka.ilkd.key.logic.TestClashFreeSubst" time="0.982"/>
  <testcase name="testMultiSubst()" classname="de.uka.ilkd.key.logic.TestClashFreeSubst" time="0.962"/>
  <testcase name="xtestMultiClash()" classname="de.uka.ilkd.key.logic.TestClashFreeSubst" time="0.0">
    <skipped/>
  </testcase>
  <testcase name="testSubstInSubstTerm()" classname="de.uka.ilkd.key.logic.TestClashFreeSubst" time="0.822"/>
  <testcase name="testSubstWary()" classname="de.uka.ilkd.key.logic.TestClashFreeSubst" time="0.838"/>
  <testcase name="xtestMultiClash1()" classname="de.uka.ilkd.key.logic.TestClashFreeSubst" time="0.001">
    <skipped/>
  </testcase>
  <system-out><![CDATA[36102      INFO  Test worker     d.u.i.k.n.KeyIO           Parsing took 0 ms 
36102      DEBUG Test worker     d.u.i.k.n.KeyIO           Load declarations of de.uka.ilkd.key.nparser.KeyAst$File:  <unknown>:1#1 
36102      INFO  Test worker     d.u.i.k.n.KeyIO           MODE: declarations took 0 ms 
36102      DEBUG Test worker     d.u.i.k.n.KeyIO           MODE: 2nd degree decls took 0 
37032      INFO  Test worker     d.u.i.k.n.KeyIO           Parsing took 0 ms 
37033      DEBUG Test worker     d.u.i.k.n.KeyIO           Load declarations of de.uka.ilkd.key.nparser.KeyAst$File:  <unknown>:1#1 
37033      INFO  Test worker     d.u.i.k.n.KeyIO           MODE: declarations took 0 ms 
37033      DEBUG Test worker     d.u.i.k.n.KeyIO           MODE: 2nd degree decls took 0 
40297      INFO  Test worker     d.u.i.k.n.KeyIO           Parsing took 0 ms 
40298      DEBUG Test worker     d.u.i.k.n.KeyIO           Load declarations of de.uka.ilkd.key.nparser.KeyAst$File:  <unknown>:1#1 
40298      INFO  Test worker     d.u.i.k.n.KeyIO           MODE: declarations took 0 ms 
40299      DEBUG Test worker     d.u.i.k.n.KeyIO           MODE: 2nd degree decls took 0 
41229      INFO  Test worker     d.u.i.k.n.KeyIO           Parsing took 0 ms 
41230      DEBUG Test worker     d.u.i.k.n.KeyIO           Load declarations of de.uka.ilkd.key.nparser.KeyAst$File:  <unknown>:1#1 
41231      INFO  Test worker     d.u.i.k.n.KeyIO           MODE: declarations took 1 ms 
41231      DEBUG Test worker     d.u.i.k.n.KeyIO           MODE: 2nd degree decls took 0 
44225      INFO  Test worker     d.u.i.k.n.KeyIO           Parsing took 0 ms 
44225      DEBUG Test worker     d.u.i.k.n.KeyIO           Load declarations of de.uka.ilkd.key.nparser.KeyAst$File:  <unknown>:1#1 
44225      INFO  Test worker     d.u.i.k.n.KeyIO           MODE: declarations took 0 ms 
44225      DEBUG Test worker     d.u.i.k.n.KeyIO           MODE: 2nd degree decls took 0 
45203      INFO  Test worker     d.u.i.k.n.KeyIO           Parsing took 0 ms 
45204      DEBUG Test worker     d.u.i.k.n.KeyIO           Load declarations of de.uka.ilkd.key.nparser.KeyAst$File:  <unknown>:1#1 
45205      INFO  Test worker     d.u.i.k.n.KeyIO           MODE: declarations took 1 ms 
45205      DEBUG Test worker     d.u.i.k.n.KeyIO           MODE: 2nd degree decls took 0 
48290      INFO  Test worker     d.u.i.k.n.KeyIO           Parsing took 0 ms 
48291      DEBUG Test worker     d.u.i.k.n.KeyIO           Load declarations of de.uka.ilkd.key.nparser.KeyAst$File:  <unknown>:1#1 
48291      INFO  Test worker     d.u.i.k.n.KeyIO           MODE: declarations took 0 ms 
48292      DEBUG Test worker     d.u.i.k.n.KeyIO           MODE: 2nd degree decls took 0 
49213      INFO  Test worker     d.u.i.k.n.KeyIO           Parsing took 0 ms 
49214      DEBUG Test worker     d.u.i.k.n.KeyIO           Load declarations of de.uka.ilkd.key.nparser.KeyAst$File:  <unknown>:1#1 
49215      INFO  Test worker     d.u.i.k.n.KeyIO           MODE: declarations took 1 ms 
49215      DEBUG Test worker     d.u.i.k.n.KeyIO           MODE: 2nd degree decls took 0 
52163      INFO  Test worker     d.u.i.k.n.KeyIO           Parsing took 0 ms 
52163      DEBUG Test worker     d.u.i.k.n.KeyIO           Load declarations of de.uka.ilkd.key.nparser.KeyAst$File:  <unknown>:1#1 
52164      INFO  Test worker     d.u.i.k.n.KeyIO           MODE: declarations took 1 ms 
52164      DEBUG Test worker     d.u.i.k.n.KeyIO           MODE: 2nd degree decls took 0 
53071      INFO  Test worker     d.u.i.k.n.KeyIO           Parsing took 0 ms 
53071      DEBUG Test worker     d.u.i.k.n.KeyIO           Load declarations of de.uka.ilkd.key.nparser.KeyAst$File:  <unknown>:1#1 
53072      INFO  Test worker     d.u.i.k.n.KeyIO           MODE: declarations took 1 ms 
53072      DEBUG Test worker     d.u.i.k.n.KeyIO           MODE: 2nd degree decls took 0 
56138      INFO  Test worker     d.u.i.k.n.KeyIO           Parsing took 0 ms 
56138      DEBUG Test worker     d.u.i.k.n.KeyIO           Load declarations of de.uka.ilkd.key.nparser.KeyAst$File:  <unknown>:1#1 
56139      INFO  Test worker     d.u.i.k.n.KeyIO           MODE: declarations took 1 ms 
56139      DEBUG Test worker     d.u.i.k.n.KeyIO           MODE: 2nd degree decls took 0 
57029      INFO  Test worker     d.u.i.k.n.KeyIO           Parsing took 0 ms 
57030      DEBUG Test worker     d.u.i.k.n.KeyIO           Load declarations of de.uka.ilkd.key.nparser.KeyAst$File:  <unknown>:1#1 
57031      INFO  Test worker     d.u.i.k.n.KeyIO           MODE: declarations took 1 ms 
57031      DEBUG Test worker     d.u.i.k.n.KeyIO           MODE: 2nd degree decls took 0 
60044      INFO  Test worker     d.u.i.k.n.KeyIO           Parsing took 0 ms 
60044      DEBUG Test worker     d.u.i.k.n.KeyIO           Load declarations of de.uka.ilkd.key.nparser.KeyAst$File:  <unknown>:1#1 
60046      INFO  Test worker     d.u.i.k.n.KeyIO           MODE: declarations took 2 ms 
60046      DEBUG Test worker     d.u.i.k.n.KeyIO           MODE: 2nd degree decls took 0 
61008      INFO  Test worker     d.u.i.k.n.KeyIO           Parsing took 0 ms 
61008      DEBUG Test worker     d.u.i.k.n.KeyIO           Load declarations of de.uka.ilkd.key.nparser.KeyAst$File:  <unknown>:1#1 
61008      INFO  Test worker     d.u.i.k.n.KeyIO           MODE: declarations took 0 ms 
61009      DEBUG Test worker     d.u.i.k.n.KeyIO           MODE: 2nd degree decls took 0 
63982      INFO  Test worker     d.u.i.k.n.KeyIO           Parsing took 0 ms 
63982      DEBUG Test worker     d.u.i.k.n.KeyIO           Load declarations of de.uka.ilkd.key.nparser.KeyAst$File:  <unknown>:1#1 
63983      INFO  Test worker     d.u.i.k.n.KeyIO           MODE: declarations took 1 ms 
63983      DEBUG Test worker     d.u.i.k.n.KeyIO           MODE: 2nd degree decls took 0 
64894      INFO  Test worker     d.u.i.k.n.KeyIO           Parsing took 0 ms 
64895      DEBUG Test worker     d.u.i.k.n.KeyIO           Load declarations of de.uka.ilkd.key.nparser.KeyAst$File:  <unknown>:1#1 
64895      INFO  Test worker     d.u.i.k.n.KeyIO           MODE: declarations took 0 ms 
64895      DEBUG Test worker     d.u.i.k.n.KeyIO           MODE: 2nd degree decls took 0 
67930      INFO  Test worker     d.u.i.k.n.KeyIO           Parsing took 0 ms 
67931      DEBUG Test worker     d.u.i.k.n.KeyIO           Load declarations of de.uka.ilkd.key.nparser.KeyAst$File:  <unknown>:1#1 
67931      INFO  Test worker     d.u.i.k.n.KeyIO           MODE: declarations took 0 ms 
67931      DEBUG Test worker     d.u.i.k.n.KeyIO           MODE: 2nd degree decls took 0 
68910      INFO  Test worker     d.u.i.k.n.KeyIO           Parsing took 0 ms 
68910      DEBUG Test worker     d.u.i.k.n.KeyIO           Load declarations of de.uka.ilkd.key.nparser.KeyAst$File:  <unknown>:1#1 
68911      INFO  Test worker     d.u.i.k.n.KeyIO           MODE: declarations took 1 ms 
68911      DEBUG Test worker     d.u.i.k.n.KeyIO           MODE: 2nd degree decls took 0 
72193      INFO  Test worker     d.u.i.k.n.KeyIO           Parsing took 0 ms 
72193      DEBUG Test worker     d.u.i.k.n.KeyIO           Load declarations of de.uka.ilkd.key.nparser.KeyAst$File:  <unknown>:1#1 
72194      INFO  Test worker     d.u.i.k.n.KeyIO           MODE: declarations took 1 ms 
72194      DEBUG Test worker     d.u.i.k.n.KeyIO           MODE: 2nd degree decls took 0 
73152      INFO  Test worker     d.u.i.k.n.KeyIO           Parsing took 0 ms 
73152      DEBUG Test worker     d.u.i.k.n.KeyIO           Load declarations of de.uka.ilkd.key.nparser.KeyAst$File:  <unknown>:1#1 
73152      INFO  Test worker     d.u.i.k.n.KeyIO           MODE: declarations took 0 ms 
73152      DEBUG Test worker     d.u.i.k.n.KeyIO           MODE: 2nd degree decls took 0 
79065      INFO  Test worker     d.u.i.k.n.KeyIO           Parsing took 0 ms 
79066      DEBUG Test worker     d.u.i.k.n.KeyIO           Load declarations of de.uka.ilkd.key.nparser.KeyAst$File:  <unknown>:1#1 
79069      INFO  Test worker     d.u.i.k.n.KeyIO           MODE: declarations took 3 ms 
79069      DEBUG Test worker     d.u.i.k.n.KeyIO           MODE: 2nd degree decls took 0 
79882      INFO  Test worker     d.u.i.k.n.KeyIO           Parsing took 0 ms 
79883      DEBUG Test worker     d.u.i.k.n.KeyIO           Load declarations of de.uka.ilkd.key.nparser.KeyAst$File:  <unknown>:1#1 
79883      INFO  Test worker     d.u.i.k.n.KeyIO           MODE: declarations took 0 ms 
79883      DEBUG Test worker     d.u.i.k.n.KeyIO           MODE: 2nd degree decls took 0 
82632      INFO  Test worker     d.u.i.k.n.KeyIO           Parsing took 0 ms 
82633      DEBUG Test worker     d.u.i.k.n.KeyIO           Load declarations of de.uka.ilkd.key.nparser.KeyAst$File:  <unknown>:1#1 
82633      INFO  Test worker     d.u.i.k.n.KeyIO           MODE: declarations took 0 ms 
82634      DEBUG Test worker     d.u.i.k.n.KeyIO           MODE: 2nd degree decls took 0 
83466      INFO  Test worker     d.u.i.k.n.KeyIO           Parsing took 1 ms 
83466      DEBUG Test worker     d.u.i.k.n.KeyIO           Load declarations of de.uka.ilkd.key.nparser.KeyAst$File:  <unknown>:1#1 
83467      INFO  Test worker     d.u.i.k.n.KeyIO           MODE: declarations took 1 ms 
83467      DEBUG Test worker     d.u.i.k.n.KeyIO           MODE: 2nd degree decls took 0 
]]></system-out>
  <system-err><![CDATA[]]></system-err>
</testsuite>
