<?xml version="1.0" encoding="UTF-8"?>
<testsuite name="de.uka.ilkd.key.testcase.smt.testgen.TestTestgen" tests="1" skipped="0" failures="0" errors="0" timestamp="2023-05-23T13:45:03" hostname="fv-az553-149" time="5.482">
  <properties/>
  <testcase name="testMiddle()" classname="de.uka.ilkd.key.testcase.smt.testgen.TestTestgen" time="5.482"/>
  <system-out><![CDATA[19017      WARN  Test worker     d.u.i.k.t.s.t.TestTestgen Warning: Z3_CE is not installed, tests skipped. 
19017      WARN  Test worker     d.u.i.k.t.s.t.TestTestgen Maybe use JVM system property "z3SolverPath" to define the path to the Z3 command. 
19017      INFO  Test worker     d.u.i.k.p.i.AbstractProblemLoader Loading environment from src\test\resources\testcase\smt\tg\middle.key 
19017      DEBUG Test worker     d.u.i.k.p.i.AbstractProblemLoader Environment load took 240ns 
19017      INFO  Test worker     d.u.i.k.p.i.AbstractProblemLoader Creating init config 
23605      DEBUG Test worker     d.u.i.k.p.i.AbstractProblemLoader Init config took 4.59s 
23730      INFO  Test worker     d.u.i.k.p.i.AbstractProblemLoader Replaying proof Middle[Middle::middle(int,int,int)].JML normal_behavior operation contract.0 
23746      DEBUG Test worker     d.u.i.k.p.i.IntermediateProofReplayer Proof replay took 17.7ns 
]]></system-out>
  <system-err><![CDATA[]]></system-err>
</testsuite>
