<?xml version="1.0" encoding="UTF-8"?>
<testsuite name="recoder.testsuite.basic.SetupModelTest" tests="1" skipped="1" failures="0" errors="0" timestamp="2023-01-31T16:35:14" hostname="fv-az419-509" time="0.0">
  <properties/>
  <testcase name="testSetupModel" classname="recoder.testsuite.basic.SetupModelTest" time="0.0">
    <skipped/>
  </testcase>
  <system-out><![CDATA[]]></system-out>
  <system-err><![CDATA[]]></system-err>
</testsuite>
