<?xml version="1.0" encoding="UTF-8"?>
<testsuite name="de.uka.ilkd.key.proof.proverules.ProveRulesTest" tests="198" skipped="0" failures="0" errors="0" timestamp="2023-04-18T01:07:10" hostname="fv-az438-53" time="658.024">
  <properties/>
  <testcase name="eqTermCut" classname="de.uka.ilkd.key.proof.proverules.ProveRulesTest" time="3.867"/>
  <testcase name="equivAllRight" classname="de.uka.ilkd.key.proof.proverules.ProveRulesTest" time="3.651"/>
  <testcase name="irrflConcrete1" classname="de.uka.ilkd.key.proof.proverules.ProveRulesTest" time="3.513"/>
  <testcase name="irrflConcrete2" classname="de.uka.ilkd.key.proof.proverules.ProveRulesTest" time="3.405"/>
  <testcase name="cancel_gtPos" classname="de.uka.ilkd.key.proof.proverules.ProveRulesTest" time="3.363"/>
  <testcase name="cancel_gtNeg" classname="de.uka.ilkd.key.proof.proverules.ProveRulesTest" time="3.369"/>
  <testcase name="moduloIntIsInInt" classname="de.uka.ilkd.key.proof.proverules.ProveRulesTest" time="3.305"/>
  <testcase name="moduloLongIsInLong" classname="de.uka.ilkd.key.proof.proverules.ProveRulesTest" time="3.294"/>
  <testcase name="moduloShortIsInShort" classname="de.uka.ilkd.key.proof.proverules.ProveRulesTest" time="3.298"/>
  <testcase name="moduloByteIsInByte" classname="de.uka.ilkd.key.proof.proverules.ProveRulesTest" time="3.282"/>
  <testcase name="moduloCharIsInChar" classname="de.uka.ilkd.key.proof.proverules.ProveRulesTest" time="3.236"/>
  <testcase name="div_unique1" classname="de.uka.ilkd.key.proof.proverules.ProveRulesTest" time="3.295"/>
  <testcase name="div_unique2" classname="de.uka.ilkd.key.proof.proverules.ProveRulesTest" time="3.321"/>
  <testcase name="div_exists" classname="de.uka.ilkd.key.proof.proverules.ProveRulesTest" time="3.403"/>
  <testcase name="div_one" classname="de.uka.ilkd.key.proof.proverules.ProveRulesTest" time="3.269"/>
  <testcase name="jdiv_one" classname="de.uka.ilkd.key.proof.proverules.ProveRulesTest" time="3.286"/>
  <testcase name="div_zero" classname="de.uka.ilkd.key.proof.proverules.ProveRulesTest" time="3.261"/>
  <testcase name="divResZero1" classname="de.uka.ilkd.key.proof.proverules.ProveRulesTest" time="3.237"/>
  <testcase name="divResZero2" classname="de.uka.ilkd.key.proof.proverules.ProveRulesTest" time="3.253"/>
  <testcase name="divResOne1" classname="de.uka.ilkd.key.proof.proverules.ProveRulesTest" time="3.273"/>
  <testcase name="divResOne2" classname="de.uka.ilkd.key.proof.proverules.ProveRulesTest" time="3.275"/>
  <testcase name="div_cancel1" classname="de.uka.ilkd.key.proof.proverules.ProveRulesTest" time="3.255"/>
  <testcase name="div_cancel2" classname="de.uka.ilkd.key.proof.proverules.ProveRulesTest" time="3.231"/>
  <testcase name="divAddMultDenom" classname="de.uka.ilkd.key.proof.proverules.ProveRulesTest" time="3.298"/>
  <testcase name="divMinus" classname="de.uka.ilkd.key.proof.proverules.ProveRulesTest" time="3.294"/>
  <testcase name="divMinusDenom" classname="de.uka.ilkd.key.proof.proverules.ProveRulesTest" time="3.264"/>
  <testcase name="divLeastDPos" classname="de.uka.ilkd.key.proof.proverules.ProveRulesTest" time="3.275"/>
  <testcase name="divLeastDNeg" classname="de.uka.ilkd.key.proof.proverules.ProveRulesTest" time="3.228"/>
  <testcase name="divGreatestDPos" classname="de.uka.ilkd.key.proof.proverules.ProveRulesTest" time="3.246"/>
  <testcase name="divGreatestDNeg" classname="de.uka.ilkd.key.proof.proverules.ProveRulesTest" time="3.225"/>
  <testcase name="divIncreasingPos" classname="de.uka.ilkd.key.proof.proverules.ProveRulesTest" time="3.238"/>
  <testcase name="divIncreasingNeg" classname="de.uka.ilkd.key.proof.proverules.ProveRulesTest" time="3.226"/>
  <testcase name="jdiv_zero" classname="de.uka.ilkd.key.proof.proverules.ProveRulesTest" time="3.211"/>
  <testcase name="jdivPulloutMinusNum" classname="de.uka.ilkd.key.proof.proverules.ProveRulesTest" time="3.295"/>
  <testcase name="jdivPulloutMinusDenom" classname="de.uka.ilkd.key.proof.proverules.ProveRulesTest" time="3.313"/>
  <testcase name="jdiv_uniquePosPos" classname="de.uka.ilkd.key.proof.proverules.ProveRulesTest" time="3.241"/>
  <testcase name="jdiv_uniquePosNeg" classname="de.uka.ilkd.key.proof.proverules.ProveRulesTest" time="3.227"/>
  <testcase name="jdiv_uniqueNegPos" classname="de.uka.ilkd.key.proof.proverules.ProveRulesTest" time="3.22"/>
  <testcase name="jdiv_uniqueNegNeg" classname="de.uka.ilkd.key.proof.proverules.ProveRulesTest" time="3.226"/>
  <testcase name="jdivMultDenom1" classname="de.uka.ilkd.key.proof.proverules.ProveRulesTest" time="3.243"/>
  <testcase name="jdivMultDenom2" classname="de.uka.ilkd.key.proof.proverules.ProveRulesTest" time="3.252"/>
  <testcase name="mod_geZero" classname="de.uka.ilkd.key.proof.proverules.ProveRulesTest" time="3.216"/>
  <testcase name="mod_lessDenom" classname="de.uka.ilkd.key.proof.proverules.ProveRulesTest" time="3.208"/>
  <testcase name="jmod_NumPos" classname="de.uka.ilkd.key.proof.proverules.ProveRulesTest" time="3.21"/>
  <testcase name="jmod_NumNeg" classname="de.uka.ilkd.key.proof.proverules.ProveRulesTest" time="3.22"/>
  <testcase name="jmod_geZero" classname="de.uka.ilkd.key.proof.proverules.ProveRulesTest" time="3.203"/>
  <testcase name="jmodNumZero" classname="de.uka.ilkd.key.proof.proverules.ProveRulesTest" time="3.215"/>
  <testcase name="jmod_pulloutminusNum" classname="de.uka.ilkd.key.proof.proverules.ProveRulesTest" time="3.255"/>
  <testcase name="jmod_pulloutminusDenom" classname="de.uka.ilkd.key.proof.proverules.ProveRulesTest" time="3.2"/>
  <testcase name="jmodUnique1" classname="de.uka.ilkd.key.proof.proverules.ProveRulesTest" time="3.268"/>
  <testcase name="jmodUnique2" classname="de.uka.ilkd.key.proof.proverules.ProveRulesTest" time="3.272"/>
  <testcase name="intDivRem" classname="de.uka.ilkd.key.proof.proverules.ProveRulesTest" time="3.198"/>
  <testcase name="jmodjmod" classname="de.uka.ilkd.key.proof.proverules.ProveRulesTest" time="3.223"/>
  <testcase name="jmodDivisible" classname="de.uka.ilkd.key.proof.proverules.ProveRulesTest" time="3.231"/>
  <testcase name="jmodDivisibleRep" classname="de.uka.ilkd.key.proof.proverules.ProveRulesTest" time="3.23"/>
  <testcase name="jdivAddMultDenom" classname="de.uka.ilkd.key.proof.proverules.ProveRulesTest" time="3.331"/>
  <testcase name="jmodAltZero" classname="de.uka.ilkd.key.proof.proverules.ProveRulesTest" time="3.217"/>
  <testcase name="jmodAddMultDenomZero" classname="de.uka.ilkd.key.proof.proverules.ProveRulesTest" time="3.211"/>
  <testcase name="polyDiv_zero" classname="de.uka.ilkd.key.proof.proverules.ProveRulesTest" time="3.207"/>
  <testcase name="polyMod_ltdivDenom" classname="de.uka.ilkd.key.proof.proverules.ProveRulesTest" time="3.214"/>
  <testcase name="bsum_empty" classname="de.uka.ilkd.key.proof.proverules.ProveRulesTest" time="3.188"/>
  <testcase name="bsum_induction_upper" classname="de.uka.ilkd.key.proof.proverules.ProveRulesTest" time="3.212"/>
  <testcase name="bsum_induction_lower" classname="de.uka.ilkd.key.proof.proverules.ProveRulesTest" time="3.222"/>
  <testcase name="bsum_num_of_bounds" classname="de.uka.ilkd.key.proof.proverules.ProveRulesTest" time="3.246"/>
  <testcase name="bsum_num_of_bounds2" classname="de.uka.ilkd.key.proof.proverules.ProveRulesTest" time="3.206"/>
  <testcase name="bsum_induction_upper2" classname="de.uka.ilkd.key.proof.proverules.ProveRulesTest" time="3.192"/>
  <testcase name="bsum_induction_upper_concrete" classname="de.uka.ilkd.key.proof.proverules.ProveRulesTest" time="3.191"/>
  <testcase name="bsum_induction_upper_concrete_2" classname="de.uka.ilkd.key.proof.proverules.ProveRulesTest" time="3.181"/>
  <testcase name="bsum_induction_upper2_concrete" classname="de.uka.ilkd.key.proof.proverules.ProveRulesTest" time="3.204"/>
  <testcase name="bsum_induction_lower_concrete" classname="de.uka.ilkd.key.proof.proverules.ProveRulesTest" time="3.188"/>
  <testcase name="bsum_induction_lower2" classname="de.uka.ilkd.key.proof.proverules.ProveRulesTest" time="3.185"/>
  <testcase name="bsum_induction_lower2_concrete" classname="de.uka.ilkd.key.proof.proverules.ProveRulesTest" time="3.188"/>
  <testcase name="bsum_positive" classname="de.uka.ilkd.key.proof.proverules.ProveRulesTest" time="3.243"/>
  <testcase name="bsum_upper_bound" classname="de.uka.ilkd.key.proof.proverules.ProveRulesTest" time="3.246"/>
  <testcase name="bsum_lower_bound" classname="de.uka.ilkd.key.proof.proverules.ProveRulesTest" time="3.239"/>
  <testcase name="bsum_positive_lower_bound_element" classname="de.uka.ilkd.key.proof.proverules.ProveRulesTest" time="3.269"/>
  <testcase name="bsum_sub_same_index" classname="de.uka.ilkd.key.proof.proverules.ProveRulesTest" time="3.223"/>
  <testcase name="bsum_less_same_index" classname="de.uka.ilkd.key.proof.proverules.ProveRulesTest" time="3.239"/>
  <testcase name="bsum_equal_except_one_index" classname="de.uka.ilkd.key.proof.proverules.ProveRulesTest" time="3.244"/>
  <testcase name="bsum_num_of_is_max" classname="de.uka.ilkd.key.proof.proverules.ProveRulesTest" time="3.224"/>
  <testcase name="bsum_num_of_is_max2" classname="de.uka.ilkd.key.proof.proverules.ProveRulesTest" time="3.221"/>
  <testcase name="bsum_num_of_is_max3" classname="de.uka.ilkd.key.proof.proverules.ProveRulesTest" time="3.208"/>
  <testcase name="bsum_num_of_is_max4" classname="de.uka.ilkd.key.proof.proverules.ProveRulesTest" time="3.238"/>
  <testcase name="bsum_num_of_lt_max" classname="de.uka.ilkd.key.proof.proverules.ProveRulesTest" time="3.218"/>
  <testcase name="bsum_num_of_lt_max2" classname="de.uka.ilkd.key.proof.proverules.ProveRulesTest" time="3.212"/>
  <testcase name="bsum_num_of_lt_max3" classname="de.uka.ilkd.key.proof.proverules.ProveRulesTest" time="3.236"/>
  <testcase name="bsum_num_of_lt_max4" classname="de.uka.ilkd.key.proof.proverules.ProveRulesTest" time="3.213"/>
  <testcase name="bsum_num_of_gt0" classname="de.uka.ilkd.key.proof.proverules.ProveRulesTest" time="3.209"/>
  <testcase name="bsum_num_of_gt0_alt" classname="de.uka.ilkd.key.proof.proverules.ProveRulesTest" time="3.236"/>
  <testcase name="bsum_add_concrete" classname="de.uka.ilkd.key.proof.proverules.ProveRulesTest" time="3.208"/>
  <testcase name="bprod_all_positive" classname="de.uka.ilkd.key.proof.proverules.ProveRulesTest" time="3.209"/>
  <testcase name="bprod_split" classname="de.uka.ilkd.key.proof.proverules.ProveRulesTest" time="3.191"/>
  <testcase name="powConcrete0" classname="de.uka.ilkd.key.proof.proverules.ProveRulesTest" time="3.185"/>
  <testcase name="powConcrete1" classname="de.uka.ilkd.key.proof.proverules.ProveRulesTest" time="3.195"/>
  <testcase name="powSplitFactor" classname="de.uka.ilkd.key.proof.proverules.ProveRulesTest" time="3.191"/>
  <testcase name="powAdd" classname="de.uka.ilkd.key.proof.proverules.ProveRulesTest" time="3.195"/>
  <testcase name="powMono" classname="de.uka.ilkd.key.proof.proverules.ProveRulesTest" time="3.228"/>
  <testcase name="powMonoConcrete" classname="de.uka.ilkd.key.proof.proverules.ProveRulesTest" time="3.19"/>
  <testcase name="powMonoConcreteRight" classname="de.uka.ilkd.key.proof.proverules.ProveRulesTest" time="3.209"/>
  <testcase name="powPositive" classname="de.uka.ilkd.key.proof.proverules.ProveRulesTest" time="3.195"/>
  <testcase name="powPositiveConcrete" classname="de.uka.ilkd.key.proof.proverules.ProveRulesTest" time="3.189"/>
  <testcase name="powGeq1Concrete" classname="de.uka.ilkd.key.proof.proverules.ProveRulesTest" time="3.205"/>
  <testcase name="pow2InIntLower" classname="de.uka.ilkd.key.proof.proverules.ProveRulesTest" time="3.189"/>
  <testcase name="pow2InIntUpper" classname="de.uka.ilkd.key.proof.proverules.ProveRulesTest" time="3.213"/>
  <testcase name="logSelfConcrete" classname="de.uka.ilkd.key.proof.proverules.ProveRulesTest" time="3.196"/>
  <testcase name="log1Concrete" classname="de.uka.ilkd.key.proof.proverules.ProveRulesTest" time="3.195"/>
  <testcase name="logProduct" classname="de.uka.ilkd.key.proof.proverules.ProveRulesTest" time="3.196"/>
  <testcase name="logTimesBaseConcrete" classname="de.uka.ilkd.key.proof.proverules.ProveRulesTest" time="3.187"/>
  <testcase name="logProdIdentity" classname="de.uka.ilkd.key.proof.proverules.ProveRulesTest" time="3.212"/>
  <testcase name="logProdIdentityConcrete" classname="de.uka.ilkd.key.proof.proverules.ProveRulesTest" time="3.188"/>
  <testcase name="logPowIdentity" classname="de.uka.ilkd.key.proof.proverules.ProveRulesTest" time="3.21"/>
  <testcase name="logPowIdentityConcrete" classname="de.uka.ilkd.key.proof.proverules.ProveRulesTest" time="3.189"/>
  <testcase name="logPositive" classname="de.uka.ilkd.key.proof.proverules.ProveRulesTest" time="3.203"/>
  <testcase name="logPositiveConcrete" classname="de.uka.ilkd.key.proof.proverules.ProveRulesTest" time="3.193"/>
  <testcase name="logMono" classname="de.uka.ilkd.key.proof.proverules.ProveRulesTest" time="3.22"/>
  <testcase name="logMonoConcrete" classname="de.uka.ilkd.key.proof.proverules.ProveRulesTest" time="3.186"/>
  <testcase name="powLogLess" classname="de.uka.ilkd.key.proof.proverules.ProveRulesTest" time="3.207"/>
  <testcase name="powLogMore2" classname="de.uka.ilkd.key.proof.proverules.ProveRulesTest" time="3.257"/>
  <testcase name="logLessThanPow" classname="de.uka.ilkd.key.proof.proverules.ProveRulesTest" time="3.242"/>
  <testcase name="logLessThanPowConcrete" classname="de.uka.ilkd.key.proof.proverules.ProveRulesTest" time="3.194"/>
  <testcase name="logSqueeze" classname="de.uka.ilkd.key.proof.proverules.ProveRulesTest" time="3.207"/>
  <testcase name="ifthenelse_equals" classname="de.uka.ilkd.key.proof.proverules.ProveRulesTest" time="3.199"/>
  <testcase name="ifthenelse_equals_1" classname="de.uka.ilkd.key.proof.proverules.ProveRulesTest" time="3.207"/>
  <testcase name="ifthenelse_equals_2" classname="de.uka.ilkd.key.proof.proverules.ProveRulesTest" time="3.191"/>
  <testcase name="disjointWithSingleton1" classname="de.uka.ilkd.key.proof.proverules.ProveRulesTest" time="3.194"/>
  <testcase name="disjointWithSingleton2" classname="de.uka.ilkd.key.proof.proverules.ProveRulesTest" time="3.186"/>
  <testcase name="disjointArrayRanges" classname="de.uka.ilkd.key.proof.proverules.ProveRulesTest" time="3.218"/>
  <testcase name="disjointArrayRangeAllFields1" classname="de.uka.ilkd.key.proof.proverules.ProveRulesTest" time="3.206"/>
  <testcase name="disjointArrayRangeAllFields2" classname="de.uka.ilkd.key.proof.proverules.ProveRulesTest" time="3.187"/>
  <testcase name="seqSelfDefinition" classname="de.uka.ilkd.key.proof.proverules.ProveRulesTest" time="3.217"/>
  <testcase name="seqOutsideValue" classname="de.uka.ilkd.key.proof.proverules.ProveRulesTest" time="3.218"/>
  <testcase name="castedGetAny" classname="de.uka.ilkd.key.proof.proverules.ProveRulesTest" time="3.217"/>
  <testcase name="seqGetAlphaCast" classname="de.uka.ilkd.key.proof.proverules.ProveRulesTest" time="3.185"/>
  <testcase name="getOfSeqSingleton" classname="de.uka.ilkd.key.proof.proverules.ProveRulesTest" time="3.21"/>
  <testcase name="getOfSeqSingletonConcrete" classname="de.uka.ilkd.key.proof.proverules.ProveRulesTest" time="3.191"/>
  <testcase name="getOfSeqConcat" classname="de.uka.ilkd.key.proof.proverules.ProveRulesTest" time="3.205"/>
  <testcase name="getOfSeqSub" classname="de.uka.ilkd.key.proof.proverules.ProveRulesTest" time="3.245"/>
  <testcase name="getOfSeqReverse" classname="de.uka.ilkd.key.proof.proverules.ProveRulesTest" time="3.214"/>
  <testcase name="lenOfSeqEmpty" classname="de.uka.ilkd.key.proof.proverules.ProveRulesTest" time="3.195"/>
  <testcase name="lenOfSeqSingleton" classname="de.uka.ilkd.key.proof.proverules.ProveRulesTest" time="3.216"/>
  <testcase name="lenOfSeqConcat" classname="de.uka.ilkd.key.proof.proverules.ProveRulesTest" time="3.2"/>
  <testcase name="lenOfSeqSub" classname="de.uka.ilkd.key.proof.proverules.ProveRulesTest" time="3.217"/>
  <testcase name="lenOfSeqReverse" classname="de.uka.ilkd.key.proof.proverules.ProveRulesTest" time="3.209"/>
  <testcase name="equalityToSeqGetAndSeqLenLeft" classname="de.uka.ilkd.key.proof.proverules.ProveRulesTest" time="3.224"/>
  <testcase name="equalityToSeqGetAndSeqLenRight" classname="de.uka.ilkd.key.proof.proverules.ProveRulesTest" time="3.2"/>
  <testcase name="getOfSeqSingletonEQ" classname="de.uka.ilkd.key.proof.proverules.ProveRulesTest" time="3.188"/>
  <testcase name="getOfSeqConcatEQ" classname="de.uka.ilkd.key.proof.proverules.ProveRulesTest" time="3.221"/>
  <testcase name="getOfSeqSubEQ" classname="de.uka.ilkd.key.proof.proverules.ProveRulesTest" time="3.2"/>
  <testcase name="getOfSeqReverseEQ" classname="de.uka.ilkd.key.proof.proverules.ProveRulesTest" time="3.215"/>
  <testcase name="lenOfSeqEmptyEQ" classname="de.uka.ilkd.key.proof.proverules.ProveRulesTest" time="3.205"/>
  <testcase name="lenOfSeqSingletonEQ" classname="de.uka.ilkd.key.proof.proverules.ProveRulesTest" time="3.217"/>
  <testcase name="lenOfSeqConcatEQ" classname="de.uka.ilkd.key.proof.proverules.ProveRulesTest" time="3.185"/>
  <testcase name="lenOfSeqSubEQ" classname="de.uka.ilkd.key.proof.proverules.ProveRulesTest" time="3.215"/>
  <testcase name="lenOfSeqReverseEQ" classname="de.uka.ilkd.key.proof.proverules.ProveRulesTest" time="3.189"/>
  <testcase name="getOfSeqDefEQ" classname="de.uka.ilkd.key.proof.proverules.ProveRulesTest" time="3.212"/>
  <testcase name="lenOfSeqDefEQ" classname="de.uka.ilkd.key.proof.proverules.ProveRulesTest" time="3.187"/>
  <testcase name="seqConcatWithSeqEmpty1" classname="de.uka.ilkd.key.proof.proverules.ProveRulesTest" time="3.22"/>
  <testcase name="seqConcatWithSeqEmpty2" classname="de.uka.ilkd.key.proof.proverules.ProveRulesTest" time="3.233"/>
  <testcase name="seqReverseOfSeqEmpty" classname="de.uka.ilkd.key.proof.proverules.ProveRulesTest" time="3.198"/>
  <testcase name="subSeqComplete" classname="de.uka.ilkd.key.proof.proverules.ProveRulesTest" time="3.218"/>
  <testcase name="subSeqTailR" classname="de.uka.ilkd.key.proof.proverules.ProveRulesTest" time="3.209"/>
  <testcase name="subSeqTailL" classname="de.uka.ilkd.key.proof.proverules.ProveRulesTest" time="3.229"/>
  <testcase name="subSeqTailEQR" classname="de.uka.ilkd.key.proof.proverules.ProveRulesTest" time="3.229"/>
  <testcase name="subSeqTailEQL" classname="de.uka.ilkd.key.proof.proverules.ProveRulesTest" time="3.204"/>
  <testcase name="seqDef_split" classname="de.uka.ilkd.key.proof.proverules.ProveRulesTest" time="3.236"/>
  <testcase name="seqDef_induction_upper" classname="de.uka.ilkd.key.proof.proverules.ProveRulesTest" time="3.253"/>
  <testcase name="seqDef_induction_upper_concrete" classname="de.uka.ilkd.key.proof.proverules.ProveRulesTest" time="3.229"/>
  <testcase name="seqDef_induction_lower" classname="de.uka.ilkd.key.proof.proverules.ProveRulesTest" time="3.257"/>
  <testcase name="seqDef_induction_lower_concrete" classname="de.uka.ilkd.key.proof.proverules.ProveRulesTest" time="3.261"/>
  <testcase name="seqDef_split_in_three" classname="de.uka.ilkd.key.proof.proverules.ProveRulesTest" time="3.327"/>
  <testcase name="seqDef_empty" classname="de.uka.ilkd.key.proof.proverules.ProveRulesTest" time="3.203"/>
  <testcase name="seqDef_one_summand" classname="de.uka.ilkd.key.proof.proverules.ProveRulesTest" time="3.208"/>
  <testcase name="seqDef_lower_equals_upper" classname="de.uka.ilkd.key.proof.proverules.ProveRulesTest" time="3.22"/>
  <testcase name="seqDefOfSeq" classname="de.uka.ilkd.key.proof.proverules.ProveRulesTest" time="3.229"/>
  <testcase name="seqSelfDefinitionEQ2" classname="de.uka.ilkd.key.proof.proverules.ProveRulesTest" time="3.225"/>
  <testcase name="indexOfSeqSingleton" classname="de.uka.ilkd.key.proof.proverules.ProveRulesTest" time="3.195"/>
  <testcase name="indexOfSeqConcatFirst" classname="de.uka.ilkd.key.proof.proverules.ProveRulesTest" time="3.245"/>
  <testcase name="indexOfSeqConcatSecond" classname="de.uka.ilkd.key.proof.proverules.ProveRulesTest" time="3.24"/>
  <testcase name="indexOfSeqSub" classname="de.uka.ilkd.key.proof.proverules.ProveRulesTest" time="3.236"/>
  <testcase name="lenOfArray2seq" classname="de.uka.ilkd.key.proof.proverules.ProveRulesTest" time="3.223"/>
  <testcase name="getAnyOfArray2seq" classname="de.uka.ilkd.key.proof.proverules.ProveRulesTest" time="3.226"/>
  <testcase name="getOfArray2seq" classname="de.uka.ilkd.key.proof.proverules.ProveRulesTest" time="3.201"/>
  <testcase name="getAnyOfNPermInv" classname="de.uka.ilkd.key.proof.proverules.ProveRulesTest" time="3.215"/>
  <testcase name="seqNPermRange" classname="de.uka.ilkd.key.proof.proverules.ProveRulesTest" time="3.285"/>
  <testcase name="seqPermTrans" classname="de.uka.ilkd.key.proof.proverules.ProveRulesTest" time="3.243"/>
  <testcase name="seqPermRefl" classname="de.uka.ilkd.key.proof.proverules.ProveRulesTest" time="3.23"/>
  <testcase name="seqPermSplit" classname="de.uka.ilkd.key.proof.proverules.ProveRulesTest" time="3.21"/>
  <testcase name="seqNPermRight" classname="de.uka.ilkd.key.proof.proverules.ProveRulesTest" time="3.43"/>
  <testcase name="seqPermFromSwap" classname="de.uka.ilkd.key.proof.proverules.ProveRulesTest" time="3.264"/>
  <testcase name="seqPermTransAlt0" classname="de.uka.ilkd.key.proof.proverules.ProveRulesTest" time="3.222"/>
  <testcase name="seqPermTransAlt1" classname="de.uka.ilkd.key.proof.proverules.ProveRulesTest" time="3.209"/>
  <testcase name="seqPermTransAlt2" classname="de.uka.ilkd.key.proof.proverules.ProveRulesTest" time="3.211"/>
  <testcase name="seqPermTransAlt3" classname="de.uka.ilkd.key.proof.proverules.ProveRulesTest" time="3.211"/>
  <testcase name="seqPermForall" classname="de.uka.ilkd.key.proof.proverules.ProveRulesTest" time="3.3"/>
  <testcase name="seqPermExists" classname="de.uka.ilkd.key.proof.proverules.ProveRulesTest" time="3.275"/>
  <testcase name="schiffl_lemma_2" classname="de.uka.ilkd.key.proof.proverules.ProveRulesTest" time="19.893"/>
  <testcase name="schiffl_thm_1" classname="de.uka.ilkd.key.proof.proverules.ProveRulesTest" time="3.838"/>
  <testcase name="eqSameSeq" classname="de.uka.ilkd.key.proof.proverules.ProveRulesTest" time="3.245"/>
  <system-out><![CDATA[380        WARN  Test worker     d.u.i.k.n.ParsingFacade   /home/runner/work/key/key/key.core/src/test/resources/testcase/dummyTrue.key took 13 ms to parse. 
388        WARN  Test worker     d.u.i.k.n.ParsingFacade   Parsing time 13 ms. 
520        WARN  Test worker     d.u.i.k.s.ProofSettings   No proof-settings could be loaded, using defaults java.io.FileNotFoundException: /home/runner/.key/proof-settings.props (No such file or directory)
	at java.base/java.io.FileInputStream.open0(Native Method)

533        WARN  Test worker     d.u.i.k.n.ParsingFacade   file:/home/runner/work/key/key/key.core/build/resources/main/de/uka/ilkd/key/proof/rules/standardRules.key took 6 ms to parse. 
534        WARN  Test worker     d.u.i.k.n.ParsingFacade   Parsing time 19 ms. 
547        WARN  Test worker     d.u.i.k.n.ParsingFacade   file:/home/runner/work/key/key/key.core/build/resources/main/de/uka/ilkd/key/proof/rules/ldt.key took 1 ms to parse. 
561        WARN  Test worker     d.u.i.k.n.ParsingFacade   Parsing time 20 ms. 
567        WARN  Test worker     d.u.i.k.n.ParsingFacade   file:/home/runner/work/key/key/key.core/build/resources/main/de/uka/ilkd/key/proof/rules/boolean.key took 3 ms to parse. 
567        WARN  Test worker     d.u.i.k.n.ParsingFacade   Parsing time 23 ms. 
597        WARN  Test worker     d.u.i.k.n.ParsingFacade   file:/home/runner/work/key/key/key.core/build/resources/main/de/uka/ilkd/key/proof/rules/ruleSetsDeclarations.key took 12 ms to parse. 
598        WARN  Test worker     d.u.i.k.n.ParsingFacade   Parsing time 35 ms. 
627        WARN  Test worker     d.u.i.k.n.ParsingFacade   file:/home/runner/work/key/key/key.core/build/resources/main/de/uka/ilkd/key/proof/rules/integerHeader.key took 4 ms to parse. 
627        WARN  Test worker     d.u.i.k.n.ParsingFacade   Parsing time 39 ms. 
629        WARN  Test worker     d.u.i.k.n.ParsingFacade   file:/home/runner/work/key/key/key.core/build/resources/main/de/uka/ilkd/key/proof/rules/floatHeader.key took 1 ms to parse. 
631        WARN  Test worker     d.u.i.k.n.ParsingFacade   Parsing time 40 ms. 
633        WARN  Test worker     d.u.i.k.n.ParsingFacade   file:/home/runner/work/key/key/key.core/build/resources/main/de/uka/ilkd/key/proof/rules/heap.key took 0 ms to parse. 
634        WARN  Test worker     d.u.i.k.n.ParsingFacade   Parsing time 40 ms. 
636        WARN  Test worker     d.u.i.k.n.ParsingFacade   file:/home/runner/work/key/key/key.core/build/resources/main/de/uka/ilkd/key/proof/rules/locSets.key took 0 ms to parse. 
636        WARN  Test worker     d.u.i.k.n.ParsingFacade   Parsing time 40 ms. 
638        WARN  Test worker     d.u.i.k.n.ParsingFacade   file:/home/runner/work/key/key/key.core/build/resources/main/de/uka/ilkd/key/proof/rules/permission.key took 1 ms to parse. 
638        WARN  Test worker     d.u.i.k.n.ParsingFacade   Parsing time 41 ms. 
639        WARN  Test worker     d.u.i.k.n.ParsingFacade   file:/home/runner/work/key/key/key.core/build/resources/main/de/uka/ilkd/key/proof/rules/reach.key took 0 ms to parse. 
640        WARN  Test worker     d.u.i.k.n.ParsingFacade   Parsing time 41 ms. 
640        WARN  Test worker     d.u.i.k.n.ParsingFacade   file:/home/runner/work/key/key/key.core/build/resources/main/de/uka/ilkd/key/proof/rules/seq.key took 0 ms to parse. 
641        WARN  Test worker     d.u.i.k.n.ParsingFacade   Parsing time 41 ms. 
670        WARN  Test worker     d.u.i.k.n.ParsingFacade   file:/home/runner/work/key/key/key.core/build/resources/main/de/uka/ilkd/key/proof/rules/map.key took 28 ms to parse. 
674        WARN  Test worker     d.u.i.k.n.ParsingFacade   Parsing time 69 ms. 
678        WARN  Test worker     d.u.i.k.n.ParsingFacade   file:/home/runner/work/key/key/key.core/build/resources/main/de/uka/ilkd/key/proof/rules/freeADT.key took 0 ms to parse. 
678        WARN  Test worker     d.u.i.k.n.ParsingFacade   Parsing time 69 ms. 
679        WARN  Test worker     d.u.i.k.n.ParsingFacade   file:/home/runner/work/key/key/key.core/build/resources/main/de/uka/ilkd/key/proof/rules/wellfound.key took 0 ms to parse. 
680        WARN  Test worker     d.u.i.k.n.ParsingFacade   Parsing time 69 ms. 
681        WARN  Test worker     d.u.i.k.n.ParsingFacade   file:/home/runner/work/key/key/key.core/build/resources/main/de/uka/ilkd/key/proof/rules/charListHeader.key took 1 ms to parse. 
682        WARN  Test worker     d.u.i.k.n.ParsingFacade   Parsing time 70 ms. 
843        WARN  Test worker     d.u.i.k.n.ParsingFacade   file:/home/runner/work/key/key/key.core/build/resources/main/de/uka/ilkd/key/proof/rules/propRule.key took 5 ms to parse. 
844        WARN  Test worker     d.u.i.k.n.ParsingFacade   Parsing time 75 ms. 
865        WARN  Test worker     d.u.i.k.n.ParsingFacade   file:/home/runner/work/key/key/key.core/build/resources/main/de/uka/ilkd/key/proof/rules/firstOrderRules.key took 3 ms to parse. 
866        WARN  Test worker     d.u.i.k.n.ParsingFacade   Parsing time 78 ms. 
883        WARN  Test worker     d.u.i.k.n.ParsingFacade   file:/home/runner/work/key/key/key.core/build/resources/main/de/uka/ilkd/key/proof/rules/ifThenElseRules.key took 5 ms to parse. 
883        WARN  Test worker     d.u.i.k.n.ParsingFacade   Parsing time 83 ms. 
911        WARN  Test worker     d.u.i.k.n.ParsingFacade   file:/home/runner/work/key/key/key.core/build/resources/main/de/uka/ilkd/key/proof/rules/formulaNormalisationRules.key took 11 ms to parse. 
911        WARN  Test worker     d.u.i.k.n.ParsingFacade   Parsing time 94 ms. 
960        WARN  Test worker     d.u.i.k.n.ParsingFacade   file:/home/runner/work/key/key/key.core/build/resources/main/de/uka/ilkd/key/proof/rules/updateRules.key took 4 ms to parse. 
961        WARN  Test worker     d.u.i.k.n.ParsingFacade   Parsing time 98 ms. 
973        WARN  Test worker     d.u.i.k.n.ParsingFacade   file:/home/runner/work/key/key/key.core/build/resources/main/de/uka/ilkd/key/proof/rules/integerRulesCommon.key took 1 ms to parse. 
973        WARN  Test worker     d.u.i.k.n.ParsingFacade   Parsing time 99 ms. 
1063       WARN  Test worker     d.u.i.k.n.ParsingFacade   file:/home/runner/work/key/key/key.core/build/resources/main/de/uka/ilkd/key/proof/rules/intRules.key took 4 ms to parse. 
1063       WARN  Test worker     d.u.i.k.n.ParsingFacade   Parsing time 103 ms. 
1077       WARN  Test worker     d.u.i.k.n.ParsingFacade   file:/home/runner/work/key/key/key.core/build/resources/main/de/uka/ilkd/key/proof/rules/intRulesUncheckedSemantics.key took 2 ms to parse. 
1078       WARN  Test worker     d.u.i.k.n.ParsingFacade   Parsing time 105 ms. 
1087       WARN  Test worker     d.u.i.k.n.ParsingFacade   file:/home/runner/work/key/key/key.core/build/resources/main/de/uka/ilkd/key/proof/rules/intRulesCheckedSemantics.key took 1 ms to parse. 
1087       WARN  Test worker     d.u.i.k.n.ParsingFacade   Parsing time 106 ms. 
1095       WARN  Test worker     d.u.i.k.n.ParsingFacade   file:/home/runner/work/key/key/key.core/build/resources/main/de/uka/ilkd/key/proof/rules/intRulesJavaSemantics.key took 2 ms to parse. 
1096       WARN  Test worker     d.u.i.k.n.ParsingFacade   Parsing time 108 ms. 
1169       WARN  Test worker     d.u.i.k.n.ParsingFacade   file:/home/runner/work/key/key/key.core/build/resources/main/de/uka/ilkd/key/proof/rules/integerSimplificationRules.key took 60 ms to parse. 
1170       WARN  Test worker     d.u.i.k.n.ParsingFacade   Parsing time 168 ms. 
1269       WARN  Test worker     d.u.i.k.n.ParsingFacade   file:/home/runner/work/key/key/key.core/build/resources/main/de/uka/ilkd/key/proof/rules/intDiv.key took 5 ms to parse. 
1270       WARN  Test worker     d.u.i.k.n.ParsingFacade   Parsing time 173 ms. 
1297       WARN  Test worker     d.u.i.k.n.ParsingFacade   file:/home/runner/work/key/key/key.core/build/resources/main/de/uka/ilkd/key/proof/rules/bsum.key took 10 ms to parse. 
1297       WARN  Test worker     d.u.i.k.n.ParsingFacade   Parsing time 183 ms. 
1328       WARN  Test worker     d.u.i.k.n.ParsingFacade   file:/home/runner/work/key/key/key.core/build/resources/main/de/uka/ilkd/key/proof/rules/bprod.key took 3 ms to parse. 
1329       WARN  Test worker     d.u.i.k.n.ParsingFacade   Parsing time 186 ms. 
1341       WARN  Test worker     d.u.i.k.n.ParsingFacade   file:/home/runner/work/key/key/key.core/build/resources/main/de/uka/ilkd/key/proof/rules/binaryAxioms.key took 1 ms to parse. 
1341       WARN  Test worker     d.u.i.k.n.ParsingFacade   Parsing time 187 ms. 
1377       WARN  Test worker     d.u.i.k.n.ParsingFacade   file:/home/runner/work/key/key/key.core/build/resources/main/de/uka/ilkd/key/proof/rules/binaryLemmas.key took 33 ms to parse. 
1378       WARN  Test worker     d.u.i.k.n.ParsingFacade   Parsing time 220 ms. 
1384       WARN  Test worker     d.u.i.k.n.ParsingFacade   file:/home/runner/work/key/key/key.core/build/resources/main/de/uka/ilkd/key/proof/rules/intPow.key took 2 ms to parse. 
1385       WARN  Test worker     d.u.i.k.n.ParsingFacade   Parsing time 222 ms. 
1403       WARN  Test worker     d.u.i.k.n.ParsingFacade   file:/home/runner/work/key/key/key.core/build/resources/main/de/uka/ilkd/key/proof/rules/floatRulesCommon.key took 4 ms to parse. 
1403       WARN  Test worker     d.u.i.k.n.ParsingFacade   Parsing time 226 ms. 
1416       WARN  Test worker     d.u.i.k.n.ParsingFacade   file:/home/runner/work/key/key/key.core/build/resources/main/de/uka/ilkd/key/proof/rules/floatRules.key took 0 ms to parse. 
1416       WARN  Test worker     d.u.i.k.n.ParsingFacade   Parsing time 226 ms. 
1418       WARN  Test worker     d.u.i.k.n.ParsingFacade   file:/home/runner/work/key/key/key.core/build/resources/main/de/uka/ilkd/key/proof/rules/floatRulesVerifyNormal.key took 1 ms to parse. 
1418       WARN  Test worker     d.u.i.k.n.ParsingFacade   Parsing time 227 ms. 
1421       WARN  Test worker     d.u.i.k.n.ParsingFacade   file:/home/runner/work/key/key/key.core/build/resources/main/de/uka/ilkd/key/proof/rules/floatRulesAssumeStrictfp.key took 2 ms to parse. 
1422       WARN  Test worker     d.u.i.k.n.ParsingFacade   Parsing time 229 ms. 
1439       WARN  Test worker     d.u.i.k.n.ParsingFacade   file:/home/runner/work/key/key/key.core/build/resources/main/de/uka/ilkd/key/proof/rules/genericRules.key took 2 ms to parse. 
1440       WARN  Test worker     d.u.i.k.n.ParsingFacade   Parsing time 231 ms. 
1448       WARN  Test worker     d.u.i.k.n.ParsingFacade   file:/home/runner/work/key/key/key.core/build/resources/main/de/uka/ilkd/key/proof/rules/booleanRules.key took 0 ms to parse. 
1449       WARN  Test worker     d.u.i.k.n.ParsingFacade   Parsing time 231 ms. 
1452       WARN  Test worker     d.u.i.k.n.ParsingFacade   file:/home/runner/work/key/key/key.core/build/resources/main/de/uka/ilkd/key/proof/rules/epsilon.key took 1 ms to parse. 
1452       WARN  Test worker     d.u.i.k.n.ParsingFacade   Parsing time 232 ms. 
1464       WARN  Test worker     d.u.i.k.n.ParsingFacade   file:/home/runner/work/key/key/key.core/build/resources/main/de/uka/ilkd/key/proof/rules/locSetsRules.key took 10 ms to parse. 
1465       WARN  Test worker     d.u.i.k.n.ParsingFacade   Parsing time 242 ms. 
1499       WARN  Test worker     d.u.i.k.n.ParsingFacade   file:/home/runner/work/key/key/key.core/build/resources/main/de/uka/ilkd/key/proof/rules/heapRules.key took 9 ms to parse. 
1499       WARN  Test worker     d.u.i.k.n.ParsingFacade   Parsing time 251 ms. 
1531       WARN  Test worker     d.u.i.k.n.ParsingFacade   file:/home/runner/work/key/key/key.core/build/resources/main/de/uka/ilkd/key/proof/rules/permissionRules.key took 3 ms to parse. 
1532       WARN  Test worker     d.u.i.k.n.ParsingFacade   Parsing time 254 ms. 
1582       WARN  Test worker     d.u.i.k.n.ParsingFacade   file:/home/runner/work/key/key/key.core/build/resources/main/de/uka/ilkd/key/proof/rules/reachRules.key took 4 ms to parse. 
1583       WARN  Test worker     d.u.i.k.n.ParsingFacade   Parsing time 258 ms. 
1594       WARN  Test worker     d.u.i.k.n.ParsingFacade   file:/home/runner/work/key/key/key.core/build/resources/main/de/uka/ilkd/key/proof/rules/seqCoreRules.key took 1 ms to parse. 
1594       WARN  Test worker     d.u.i.k.n.ParsingFacade   Parsing time 259 ms. 
1604       WARN  Test worker     d.u.i.k.n.ParsingFacade   file:/home/runner/work/key/key/key.core/build/resources/main/de/uka/ilkd/key/proof/rules/seqRules.key took 8 ms to parse. 
1604       WARN  Test worker     d.u.i.k.n.ParsingFacade   Parsing time 267 ms. 
1627       WARN  Test worker     d.u.i.k.n.ParsingFacade   file:/home/runner/work/key/key/key.core/build/resources/main/de/uka/ilkd/key/proof/rules/seqPerm.key took 5 ms to parse. 
1628       WARN  Test worker     d.u.i.k.n.ParsingFacade   Parsing time 272 ms. 
1642       WARN  Test worker     d.u.i.k.n.ParsingFacade   file:/home/runner/work/key/key/key.core/build/resources/main/de/uka/ilkd/key/proof/rules/seqPerm2.key took 1 ms to parse. 
1642       WARN  Test worker     d.u.i.k.n.ParsingFacade   Parsing time 273 ms. 
1684       WARN  Test worker     d.u.i.k.n.ParsingFacade   file:/home/runner/work/key/key/key.core/build/resources/main/de/uka/ilkd/key/proof/rules/javaRules.key took 37 ms to parse. 
1685       WARN  Test worker     d.u.i.k.n.ParsingFacade   Parsing time 310 ms. 
1694       WARN  Test worker     d.u.i.k.n.ParsingFacade   file:/home/runner/work/key/key/key.core/build/resources/main/de/uka/ilkd/key/proof/rules/assertions.key took 1 ms to parse. 
1694       WARN  Test worker     d.u.i.k.n.ParsingFacade   Parsing time 311 ms. 
2210       WARN  Test worker     d.u.i.k.n.ParsingFacade   file:/home/runner/work/key/key/key.core/build/resources/main/de/uka/ilkd/key/proof/rules/loopRules.key took 1 ms to parse. 
2211       WARN  Test worker     d.u.i.k.n.ParsingFacade   Parsing time 312 ms. 
2222       WARN  Test worker     d.u.i.k.n.ParsingFacade   file:/home/runner/work/key/key/key.core/build/resources/main/de/uka/ilkd/key/proof/rules/activeUse.key took 3 ms to parse. 
2222       WARN  Test worker     d.u.i.k.n.ParsingFacade   Parsing time 315 ms. 
2271       WARN  Test worker     d.u.i.k.n.ParsingFacade   file:/home/runner/work/key/key/key.core/build/resources/main/de/uka/ilkd/key/proof/rules/instanceAllocation.key took 6 ms to parse. 
2272       WARN  Test worker     d.u.i.k.n.ParsingFacade   Parsing time 321 ms. 
2285       WARN  Test worker     d.u.i.k.n.ParsingFacade   file:/home/runner/work/key/key/key.core/build/resources/main/de/uka/ilkd/key/proof/rules/java5.key took 1 ms to parse. 
2285       WARN  Test worker     d.u.i.k.n.ParsingFacade   Parsing time 322 ms. 
2315       WARN  Test worker     d.u.i.k.n.ParsingFacade   file:/home/runner/work/key/key/key.core/build/resources/main/de/uka/ilkd/key/proof/rules/integerAssignment2UpdateRules.key took 27 ms to parse. 
2316       WARN  Test worker     d.u.i.k.n.ParsingFacade   Parsing time 349 ms. 
2362       WARN  Test worker     d.u.i.k.n.ParsingFacade   file:/home/runner/work/key/key/key.core/build/resources/main/de/uka/ilkd/key/proof/rules/floatAssignment2UpdateRules.key took 6 ms to parse. 
2367       WARN  Test worker     d.u.i.k.n.ParsingFacade   Parsing time 355 ms. 
2392       WARN  Test worker     d.u.i.k.n.ParsingFacade   file:/home/runner/work/key/key/key.core/build/resources/main/de/uka/ilkd/key/proof/rules/bigint.key took 3 ms to parse. 
2392       WARN  Test worker     d.u.i.k.n.ParsingFacade   Parsing time 358 ms. 
2406       WARN  Test worker     d.u.i.k.n.ParsingFacade   file:/home/runner/work/key/key/key.core/build/resources/main/de/uka/ilkd/key/proof/rules/adtProgramDecompositionRules.key took 2 ms to parse. 
2408       WARN  Test worker     d.u.i.k.n.ParsingFacade   Parsing time 360 ms. 
2424       WARN  Test worker     d.u.i.k.n.ParsingFacade   file:/home/runner/work/key/key/key.core/build/resources/main/de/uka/ilkd/key/proof/rules/precRules.key took 0 ms to parse. 
2426       WARN  Test worker     d.u.i.k.n.ParsingFacade   Parsing time 360 ms. 
2434       WARN  Test worker     d.u.i.k.n.ParsingFacade   file:/home/runner/work/key/key/key.core/build/resources/main/de/uka/ilkd/key/proof/rules/charListRules.key took 3 ms to parse. 
2434       WARN  Test worker     d.u.i.k.n.ParsingFacade   Parsing time 363 ms. 
2443       WARN  Test worker     d.u.i.k.n.ParsingFacade   file:/home/runner/work/key/key/key.core/build/resources/main/de/uka/ilkd/key/proof/rules/regExTheory.key took 0 ms to parse. 
2444       WARN  Test worker     d.u.i.k.n.ParsingFacade   Parsing time 363 ms. 
2448       WARN  Test worker     d.u.i.k.n.ParsingFacade   file:/home/runner/work/key/key/key.core/build/resources/main/de/uka/ilkd/key/proof/rules/regExHeader.key took 0 ms to parse. 
2448       WARN  Test worker     d.u.i.k.n.ParsingFacade   Parsing time 363 ms. 
2450       WARN  Test worker     d.u.i.k.n.ParsingFacade   file:/home/runner/work/key/key/key.core/build/resources/main/de/uka/ilkd/key/proof/rules/regExAxioms.key took 1 ms to parse. 
2450       WARN  Test worker     d.u.i.k.n.ParsingFacade   Parsing time 364 ms. 
2455       WARN  Test worker     d.u.i.k.n.ParsingFacade   file:/home/runner/work/key/key/key.core/build/resources/main/de/uka/ilkd/key/proof/rules/regExLemmaProven.key took 2 ms to parse. 
2456       WARN  Test worker     d.u.i.k.n.ParsingFacade   Parsing time 366 ms. 
2461       WARN  Test worker     d.u.i.k.n.ParsingFacade   file:/home/runner/work/key/key/key.core/build/resources/main/de/uka/ilkd/key/proof/rules/seqEq.key took 1 ms to parse. 
2461       WARN  Test worker     d.u.i.k.n.ParsingFacade   Parsing time 367 ms. 
2469       WARN  Test worker     d.u.i.k.n.ParsingFacade   file:/home/runner/work/key/key/key.core/build/resources/main/de/uka/ilkd/key/proof/rules/infFlow.key took 3 ms to parse. 
2469       WARN  Test worker     d.u.i.k.n.ParsingFacade   Parsing time 370 ms. 
2473       WARN  Test worker     d.u.i.k.n.ParsingFacade   file:/home/runner/work/key/key/key.core/build/resources/main/de/uka/ilkd/key/proof/rules/mapSize.key took 0 ms to parse. 
2473       WARN  Test worker     d.u.i.k.n.ParsingFacade   Parsing time 370 ms. 
2475       WARN  Test worker     d.u.i.k.n.ParsingFacade   file:/home/runner/work/key/key/key.core/build/resources/main/de/uka/ilkd/key/proof/rules/wd.key took 0 ms to parse. 
2476       WARN  Test worker     d.u.i.k.n.ParsingFacade   Parsing time 370 ms. 
2478       WARN  Test worker     d.u.i.k.n.ParsingFacade   file:/home/runner/work/key/key/key.core/build/resources/main/de/uka/ilkd/key/proof/rules/wdHeader.key took 1 ms to parse. 
2478       WARN  Test worker     d.u.i.k.n.ParsingFacade   Parsing time 371 ms. 
2480       WARN  Test worker     d.u.i.k.n.ParsingFacade   file:/home/runner/work/key/key/key.core/build/resources/main/de/uka/ilkd/key/proof/rules/wdGeneralRules.key took 1 ms to parse. 
2480       WARN  Test worker     d.u.i.k.n.ParsingFacade   Parsing time 372 ms. 
2490       WARN  Test worker     d.u.i.k.n.ParsingFacade   file:/home/runner/work/key/key/key.core/build/resources/main/de/uka/ilkd/key/proof/rules/wdNumericalRules.key took 6 ms to parse. 
2490       WARN  Test worker     d.u.i.k.n.ParsingFacade   Parsing time 378 ms. 
2509       WARN  Test worker     d.u.i.k.n.ParsingFacade   file:/home/runner/work/key/key/key.core/build/resources/main/de/uka/ilkd/key/proof/rules/wdLocSetRules.key took 1 ms to parse. 
2509       WARN  Test worker     d.u.i.k.n.ParsingFacade   Parsing time 379 ms. 
2514       WARN  Test worker     d.u.i.k.n.ParsingFacade   file:/home/runner/work/key/key/key.core/build/resources/main/de/uka/ilkd/key/proof/rules/wdHeapRules.key took 0 ms to parse. 
2515       WARN  Test worker     d.u.i.k.n.ParsingFacade   Parsing time 379 ms. 
2518       WARN  Test worker     d.u.i.k.n.ParsingFacade   file:/home/runner/work/key/key/key.core/build/resources/main/de/uka/ilkd/key/proof/rules/wdReachRules.key took 0 ms to parse. 
2519       WARN  Test worker     d.u.i.k.n.ParsingFacade   Parsing time 379 ms. 
2521       WARN  Test worker     d.u.i.k.n.ParsingFacade   file:/home/runner/work/key/key/key.core/build/resources/main/de/uka/ilkd/key/proof/rules/wdSeqRules.key took 1 ms to parse. 
2521       WARN  Test worker     d.u.i.k.n.ParsingFacade   Parsing time 380 ms. 
2524       WARN  Test worker     d.u.i.k.n.ParsingFacade   file:/home/runner/work/key/key/key.core/build/resources/main/de/uka/ilkd/key/proof/rules/wdStringRules.key took 0 ms to parse. 
2525       WARN  Test worker     d.u.i.k.n.ParsingFacade   Parsing time 380 ms. 
2527       WARN  Test worker     d.u.i.k.n.ParsingFacade   file:/home/runner/work/key/key/key.core/build/resources/main/de/uka/ilkd/key/proof/rules/wdRegExRules.key took 0 ms to parse. 
2527       WARN  Test worker     d.u.i.k.n.ParsingFacade   Parsing time 380 ms. 
2533       WARN  Test worker     d.u.i.k.n.ParsingFacade   file:/home/runner/work/key/key/key.core/build/resources/main/de/uka/ilkd/key/proof/rules/wdFormulaRules.key took 4 ms to parse. 
2534       WARN  Test worker     d.u.i.k.n.ParsingFacade   Parsing time 384 ms. 
2589       WARN  Test worker     d.u.i.k.n.ParsingFacade   file:/home/runner/work/key/key/key.core/build/resources/main/de/uka/ilkd/key/proof/rules/loopInvariantRules.key took 1 ms to parse. 
2589       WARN  Test worker     d.u.i.k.n.ParsingFacade   Parsing time 385 ms. 
2592       WARN  Test worker     d.u.i.k.n.ParsingFacade   file:/home/runner/work/key/key/key.core/build/resources/main/de/uka/ilkd/key/proof/rules/forLoopRules.key took 0 ms to parse. 
2593       WARN  Test worker     d.u.i.k.n.ParsingFacade   Parsing time 385 ms. 
2601       WARN  Test worker     d.u.i.k.n.ParsingFacade   file:/home/runner/work/key/key/key.core/build/resources/main/de/uka/ilkd/key/proof/rules/execRules.key took 5 ms to parse. 
2601       WARN  Test worker     d.u.i.k.n.ParsingFacade   Parsing time 390 ms. 
2677       WARN  Test worker     d.u.i.k.n.ParsingFacade   file:/home/runner/work/key/key/key.core/build/resources/main/de/uka/ilkd/key/proof/rules/loopScopeRules.key took 2 ms to parse. 
2678       WARN  Test worker     d.u.i.k.n.ParsingFacade   Parsing time 392 ms. 
5898       WARN  Test worker     d.u.i.k.n.ParsingFacade   file:/home/runner/work/key/key/key.core/build/resources/main/de/uka/ilkd/key/java/JavaRedux/java/lang/String.key took 4 ms to parse. 
5898       WARN  Test worker     d.u.i.k.n.ParsingFacade   Parsing time 396 ms. 
8286       WARN  Test worker     d.u.i.k.n.ParsingFacade   /home/runner/work/key/key/key.core/src/test/resources/testcase/dummyTrue.key took 0 ms to parse. 
8287       WARN  Test worker     d.u.i.k.n.ParsingFacade   Parsing time 396 ms. 
8298       WARN  Test worker     d.u.i.k.n.ParsingFacade   /home/runner/work/key/key/key.core/tacletProofs/firstOrder/Taclet_eqTermCut.proof took 1 ms to parse. 
8298       WARN  Test worker     d.u.i.k.n.ParsingFacade   Parsing time 397 ms. 
9283       WARN  Test worker     d.u.i.k.n.ParsingFacade   file:/home/runner/work/key/key/key.core/build/resources/main/de/uka/ilkd/key/java/JavaRedux/java/lang/String.key took 3 ms to parse. 
9284       WARN  Test worker     d.u.i.k.n.ParsingFacade   Parsing time 400 ms. 
11167      INFO  Test worker     d.u.i.k.t.l.TacletProofObligationInput Proof obligation for taclet: eqTermCut 
12154      WARN  Test worker     d.u.i.k.n.ParsingFacade   /home/runner/work/key/key/key.core/tacletProofs/firstOrder/Taclet_eqTermCut.proof took 0 ms to parse. 
12154      WARN  Test worker     d.u.i.k.n.ParsingFacade   Parsing time 400 ms. 
12166      WARN  Test worker     d.u.i.k.n.ParsingFacade   /home/runner/work/key/key/key.core/tacletProofs/firstOrder/Taclet_equivAllRight.proof took 0 ms to parse. 
12166      WARN  Test worker     d.u.i.k.n.ParsingFacade   Parsing time 400 ms. 
13123      WARN  Test worker     d.u.i.k.n.ParsingFacade   file:/home/runner/work/key/key/key.core/build/resources/main/de/uka/ilkd/key/java/JavaRedux/java/lang/String.key took 2 ms to parse. 
13123      WARN  Test worker     d.u.i.k.n.ParsingFacade   Parsing time 402 ms. 
14919      INFO  Test worker     d.u.i.k.t.l.TacletProofObligationInput Proof obligation for taclet: equivAllRight 
15815      WARN  Test worker     d.u.i.k.n.ParsingFacade   /home/runner/work/key/key/key.core/tacletProofs/firstOrder/Taclet_equivAllRight.proof took 0 ms to parse. 
15815      WARN  Test worker     d.u.i.k.n.ParsingFacade   Parsing time 402 ms. 
15818      WARN  Test worker     d.u.i.k.n.ParsingFacade   /home/runner/work/key/key/key.core/tacletProofs/IntDiv/Taclet_irrflConcrete1.proof took 0 ms to parse. 
15818      WARN  Test worker     d.u.i.k.n.ParsingFacade   Parsing time 402 ms. 
16717      WARN  Test worker     d.u.i.k.n.ParsingFacade   file:/home/runner/work/key/key/key.core/build/resources/main/de/uka/ilkd/key/java/JavaRedux/java/lang/String.key took 1 ms to parse. 
16718      WARN  Test worker     d.u.i.k.n.ParsingFacade   Parsing time 403 ms. 
18448      INFO  Test worker     d.u.i.k.t.l.TacletProofObligationInput Proof obligation for taclet: irrflConcrete1 
19330      WARN  Test worker     d.u.i.k.n.ParsingFacade   /home/runner/work/key/key/key.core/tacletProofs/IntDiv/Taclet_irrflConcrete1.proof took 0 ms to parse. 
19330      WARN  Test worker     d.u.i.k.n.ParsingFacade   Parsing time 403 ms. 
19332      WARN  Test worker     d.u.i.k.n.ParsingFacade   /home/runner/work/key/key/key.core/tacletProofs/IntDiv/Taclet_irrflConcrete2.proof took 0 ms to parse. 
19332      WARN  Test worker     d.u.i.k.n.ParsingFacade   Parsing time 403 ms. 
20154      WARN  Test worker     d.u.i.k.n.ParsingFacade   file:/home/runner/work/key/key/key.core/build/resources/main/de/uka/ilkd/key/java/JavaRedux/java/lang/String.key took 1 ms to parse. 
20154      WARN  Test worker     d.u.i.k.n.ParsingFacade   Parsing time 404 ms. 
21879      INFO  Test worker     d.u.i.k.t.l.TacletProofObligationInput Proof obligation for taclet: irrflConcrete2 
22733      WARN  Test worker     d.u.i.k.n.ParsingFacade   /home/runner/work/key/key/key.core/tacletProofs/IntDiv/Taclet_irrflConcrete2.proof took 0 ms to parse. 
22734      WARN  Test worker     d.u.i.k.n.ParsingFacade   Parsing time 404 ms. 
22736      WARN  Test worker     d.u.i.k.n.ParsingFacade   /home/runner/work/key/key/key.core/tacletProofs/IntDiv/Taclet_cancel_gtPos.proof took 0 ms to parse. 
22737      WARN  Test worker     d.u.i.k.n.ParsingFacade   Parsing time 404 ms. 
23544      WARN  Test worker     d.u.i.k.n.ParsingFacade   file:/home/runner/work/key/key/key.core/build/resources/main/de/uka/ilkd/key/java/JavaRedux/java/lang/String.key took 1 ms to parse. 
23545      WARN  Test worker     d.u.i.k.n.ParsingFacade   Parsing time 405 ms. 
25240      INFO  Test worker     d.u.i.k.t.l.TacletProofObligationInput Proof obligation for taclet: cancel_gtPos 
26096      WARN  Test worker     d.u.i.k.n.ParsingFacade   /home/runner/work/key/key/key.core/tacletProofs/IntDiv/Taclet_cancel_gtPos.proof took 1 ms to parse. 
26096      WARN  Test worker     d.u.i.k.n.ParsingFacade   Parsing time 406 ms. 
26100      WARN  Test worker     d.u.i.k.n.ParsingFacade   /home/runner/work/key/key/key.core/tacletProofs/IntDiv/Taclet_cancel_gtNeg.proof took 0 ms to parse. 
26100      WARN  Test worker     d.u.i.k.n.ParsingFacade   Parsing time 406 ms. 
26907      WARN  Test worker     d.u.i.k.n.ParsingFacade   file:/home/runner/work/key/key/key.core/build/resources/main/de/uka/ilkd/key/java/JavaRedux/java/lang/String.key took 1 ms to parse. 
26907      WARN  Test worker     d.u.i.k.n.ParsingFacade   Parsing time 407 ms. 
28620      INFO  Test worker     d.u.i.k.t.l.TacletProofObligationInput Proof obligation for taclet: cancel_gtNeg 
29466      WARN  Test worker     d.u.i.k.n.ParsingFacade   /home/runner/work/key/key/key.core/tacletProofs/IntDiv/Taclet_cancel_gtNeg.proof took 1 ms to parse. 
29466      WARN  Test worker     d.u.i.k.n.ParsingFacade   Parsing time 408 ms. 
29469      WARN  Test worker     d.u.i.k.n.ParsingFacade   /home/runner/work/key/key/key.core/tacletProofs/intRulesIgnoringOF/Taclet_moduloIntIsInInt.proof took 0 ms to parse. 
29470      WARN  Test worker     d.u.i.k.n.ParsingFacade   Parsing time 408 ms. 
30245      WARN  Test worker     d.u.i.k.n.ParsingFacade   file:/home/runner/work/key/key/key.core/build/resources/main/de/uka/ilkd/key/java/JavaRedux/java/lang/String.key took 2 ms to parse. 
30246      WARN  Test worker     d.u.i.k.n.ParsingFacade   Parsing time 410 ms. 
31951      INFO  Test worker     d.u.i.k.t.l.TacletProofObligationInput Proof obligation for taclet: moduloIntIsInInt 
32771      WARN  Test worker     d.u.i.k.n.ParsingFacade   /home/runner/work/key/key/key.core/tacletProofs/intRulesIgnoringOF/Taclet_moduloIntIsInInt.proof took 0 ms to parse. 
32772      WARN  Test worker     d.u.i.k.n.ParsingFacade   Parsing time 410 ms. 
32774      WARN  Test worker     d.u.i.k.n.ParsingFacade   /home/runner/work/key/key/key.core/tacletProofs/intRulesIgnoringOF/Taclet_moduloLongIsInLong.proof took 0 ms to parse. 
32775      WARN  Test worker     d.u.i.k.n.ParsingFacade   Parsing time 410 ms. 
33547      WARN  Test worker     d.u.i.k.n.ParsingFacade   file:/home/runner/work/key/key/key.core/build/resources/main/de/uka/ilkd/key/java/JavaRedux/java/lang/String.key took 2 ms to parse. 
33547      WARN  Test worker     d.u.i.k.n.ParsingFacade   Parsing time 412 ms. 
35237      INFO  Test worker     d.u.i.k.t.l.TacletProofObligationInput Proof obligation for taclet: moduloLongIsInLong 
36065      WARN  Test worker     d.u.i.k.n.ParsingFacade   /home/runner/work/key/key/key.core/tacletProofs/intRulesIgnoringOF/Taclet_moduloLongIsInLong.proof took 0 ms to parse. 
36065      WARN  Test worker     d.u.i.k.n.ParsingFacade   Parsing time 412 ms. 
36068      WARN  Test worker     d.u.i.k.n.ParsingFacade   /home/runner/work/key/key/key.core/tacletProofs/intRulesIgnoringOF/Taclet_moduloShortIsInShort.proof took 0 ms to parse. 
36069      WARN  Test worker     d.u.i.k.n.ParsingFacade   Parsing time 412 ms. 
36871      WARN  Test worker     d.u.i.k.n.ParsingFacade   file:/home/runner/work/key/key/key.core/build/resources/main/de/uka/ilkd/key/java/JavaRedux/java/lang/String.key took 1 ms to parse. 
36872      WARN  Test worker     d.u.i.k.n.ParsingFacade   Parsing time 413 ms. 
38551      INFO  Test worker     d.u.i.k.t.l.TacletProofObligationInput Proof obligation for taclet: moduloShortIsInShort 
39361      WARN  Test worker     d.u.i.k.n.ParsingFacade   /home/runner/work/key/key/key.core/tacletProofs/intRulesIgnoringOF/Taclet_moduloShortIsInShort.proof took 0 ms to parse. 
39363      WARN  Test worker     d.u.i.k.n.ParsingFacade   Parsing time 413 ms. 
39367      WARN  Test worker     d.u.i.k.n.ParsingFacade   /home/runner/work/key/key/key.core/tacletProofs/intRulesIgnoringOF/Taclet_moduloByteIsInByte.proof took 0 ms to parse. 
39369      WARN  Test worker     d.u.i.k.n.ParsingFacade   Parsing time 413 ms. 
40161      WARN  Test worker     d.u.i.k.n.ParsingFacade   file:/home/runner/work/key/key/key.core/build/resources/main/de/uka/ilkd/key/java/JavaRedux/java/lang/String.key took 1 ms to parse. 
40161      WARN  Test worker     d.u.i.k.n.ParsingFacade   Parsing time 414 ms. 
41816      INFO  Test worker     d.u.i.k.t.l.TacletProofObligationInput Proof obligation for taclet: moduloByteIsInByte 
42647      WARN  Test worker     d.u.i.k.n.ParsingFacade   /home/runner/work/key/key/key.core/tacletProofs/intRulesIgnoringOF/Taclet_moduloByteIsInByte.proof took 0 ms to parse. 
42647      WARN  Test worker     d.u.i.k.n.ParsingFacade   Parsing time 414 ms. 
42649      WARN  Test worker     d.u.i.k.n.ParsingFacade   /home/runner/work/key/key/key.core/tacletProofs/intRulesIgnoringOF/Taclet_moduloCharIsInChar.proof took 0 ms to parse. 
42649      WARN  Test worker     d.u.i.k.n.ParsingFacade   Parsing time 414 ms. 
43436      WARN  Test worker     d.u.i.k.n.ParsingFacade   file:/home/runner/work/key/key/key.core/build/resources/main/de/uka/ilkd/key/java/JavaRedux/java/lang/String.key took 1 ms to parse. 
43436      WARN  Test worker     d.u.i.k.n.ParsingFacade   Parsing time 415 ms. 
45076      INFO  Test worker     d.u.i.k.t.l.TacletProofObligationInput Proof obligation for taclet: moduloCharIsInChar 
45884      WARN  Test worker     d.u.i.k.n.ParsingFacade   /home/runner/work/key/key/key.core/tacletProofs/intRulesIgnoringOF/Taclet_moduloCharIsInChar.proof took 0 ms to parse. 
45884      WARN  Test worker     d.u.i.k.n.ParsingFacade   Parsing time 415 ms. 
45886      WARN  Test worker     d.u.i.k.n.ParsingFacade   /home/runner/work/key/key/key.core/tacletProofs/IntDiv/Taclet_div_unique1.proof took 1 ms to parse. 
45886      WARN  Test worker     d.u.i.k.n.ParsingFacade   Parsing time 416 ms. 
46671      WARN  Test worker     d.u.i.k.n.ParsingFacade   file:/home/runner/work/key/key/key.core/build/resources/main/de/uka/ilkd/key/java/JavaRedux/java/lang/String.key took 1 ms to parse. 
46671      WARN  Test worker     d.u.i.k.n.ParsingFacade   Parsing time 417 ms. 
48342      INFO  Test worker     d.u.i.k.t.l.TacletProofObligationInput Proof obligation for taclet: div_unique1 
49172      WARN  Test worker     d.u.i.k.n.ParsingFacade   /home/runner/work/key/key/key.core/tacletProofs/IntDiv/Taclet_div_unique1.proof took 1 ms to parse. 
49178      WARN  Test worker     d.u.i.k.n.ParsingFacade   Parsing time 418 ms. 
49180      WARN  Test worker     d.u.i.k.n.ParsingFacade   /home/runner/work/key/key/key.core/tacletProofs/IntDiv/Taclet_div_unique2.proof took 0 ms to parse. 
49182      WARN  Test worker     d.u.i.k.n.ParsingFacade   Parsing time 418 ms. 
49973      WARN  Test worker     d.u.i.k.n.ParsingFacade   file:/home/runner/work/key/key/key.core/build/resources/main/de/uka/ilkd/key/java/JavaRedux/java/lang/String.key took 2 ms to parse. 
49973      WARN  Test worker     d.u.i.k.n.ParsingFacade   Parsing time 420 ms. 
51635      INFO  Test worker     d.u.i.k.t.l.TacletProofObligationInput Proof obligation for taclet: div_unique2 
52496      WARN  Test worker     d.u.i.k.n.ParsingFacade   /home/runner/work/key/key/key.core/tacletProofs/IntDiv/Taclet_div_unique2.proof took 0 ms to parse. 
52496      WARN  Test worker     d.u.i.k.n.ParsingFacade   Parsing time 420 ms. 
52502      WARN  Test worker     d.u.i.k.n.ParsingFacade   /home/runner/work/key/key/key.core/tacletProofs/IntDiv/Taclet_div_exists.proof took 0 ms to parse. 
52502      WARN  Test worker     d.u.i.k.n.ParsingFacade   Parsing time 420 ms. 
53292      WARN  Test worker     d.u.i.k.n.ParsingFacade   file:/home/runner/work/key/key/key.core/build/resources/main/de/uka/ilkd/key/java/JavaRedux/java/lang/String.key took 1 ms to parse. 
53293      WARN  Test worker     d.u.i.k.n.ParsingFacade   Parsing time 421 ms. 
54959      INFO  Test worker     d.u.i.k.t.l.TacletProofObligationInput Proof obligation for taclet: div_exists 
55902      WARN  Test worker     d.u.i.k.n.ParsingFacade   /home/runner/work/key/key/key.core/tacletProofs/IntDiv/Taclet_div_exists.proof took 0 ms to parse. 
55902      WARN  Test worker     d.u.i.k.n.ParsingFacade   Parsing time 421 ms. 
55905      WARN  Test worker     d.u.i.k.n.ParsingFacade   /home/runner/work/key/key/key.core/tacletProofs/IntDiv/Taclet_div_one.proof took 0 ms to parse. 
55905      WARN  Test worker     d.u.i.k.n.ParsingFacade   Parsing time 421 ms. 
56666      WARN  Test worker     d.u.i.k.n.ParsingFacade   file:/home/runner/work/key/key/key.core/build/resources/main/de/uka/ilkd/key/java/JavaRedux/java/lang/String.key took 1 ms to parse. 
56667      WARN  Test worker     d.u.i.k.n.ParsingFacade   Parsing time 422 ms. 
58356      INFO  Test worker     d.u.i.k.t.l.TacletProofObligationInput Proof obligation for taclet: div_one 
59170      WARN  Test worker     d.u.i.k.n.ParsingFacade   /home/runner/work/key/key/key.core/tacletProofs/IntDiv/Taclet_div_one.proof took 0 ms to parse. 
59171      WARN  Test worker     d.u.i.k.n.ParsingFacade   Parsing time 422 ms. 
59174      WARN  Test worker     d.u.i.k.n.ParsingFacade   /home/runner/work/key/key/key.core/tacletProofs/IntDiv/Taclet_jdiv_one.proof took 1 ms to parse. 
59174      WARN  Test worker     d.u.i.k.n.ParsingFacade   Parsing time 423 ms. 
59969      WARN  Test worker     d.u.i.k.n.ParsingFacade   file:/home/runner/work/key/key/key.core/build/resources/main/de/uka/ilkd/key/java/JavaRedux/java/lang/String.key took 1 ms to parse. 
59969      WARN  Test worker     d.u.i.k.n.ParsingFacade   Parsing time 424 ms. 
61626      INFO  Test worker     d.u.i.k.t.l.TacletProofObligationInput Proof obligation for taclet: jdiv_one 
62458      WARN  Test worker     d.u.i.k.n.ParsingFacade   /home/runner/work/key/key/key.core/tacletProofs/IntDiv/Taclet_jdiv_one.proof took 0 ms to parse. 
62458      WARN  Test worker     d.u.i.k.n.ParsingFacade   Parsing time 424 ms. 
62462      WARN  Test worker     d.u.i.k.n.ParsingFacade   /home/runner/work/key/key/key.core/tacletProofs/IntDiv/Taclet_div_zero.proof took 1 ms to parse. 
62462      WARN  Test worker     d.u.i.k.n.ParsingFacade   Parsing time 425 ms. 
63250      WARN  Test worker     d.u.i.k.n.ParsingFacade   file:/home/runner/work/key/key/key.core/build/resources/main/de/uka/ilkd/key/java/JavaRedux/java/lang/String.key took 1 ms to parse. 
63250      WARN  Test worker     d.u.i.k.n.ParsingFacade   Parsing time 426 ms. 
64886      INFO  Test worker     d.u.i.k.t.l.TacletProofObligationInput Proof obligation for taclet: div_zero 
65721      WARN  Test worker     d.u.i.k.n.ParsingFacade   /home/runner/work/key/key/key.core/tacletProofs/IntDiv/Taclet_div_zero.proof took 0 ms to parse. 
65721      WARN  Test worker     d.u.i.k.n.ParsingFacade   Parsing time 426 ms. 
65723      WARN  Test worker     d.u.i.k.n.ParsingFacade   /home/runner/work/key/key/key.core/tacletProofs/IntDiv/Taclet_divResZero1.proof took 0 ms to parse. 
65723      WARN  Test worker     d.u.i.k.n.ParsingFacade   Parsing time 426 ms. 
66508      WARN  Test worker     d.u.i.k.n.ParsingFacade   file:/home/runner/work/key/key/key.core/build/resources/main/de/uka/ilkd/key/java/JavaRedux/java/lang/String.key took 1 ms to parse. 
66508      WARN  Test worker     d.u.i.k.n.ParsingFacade   Parsing time 427 ms. 
68144      INFO  Test worker     d.u.i.k.t.l.TacletProofObligationInput Proof obligation for taclet: divResZero1 
68957      WARN  Test worker     d.u.i.k.n.ParsingFacade   /home/runner/work/key/key/key.core/tacletProofs/IntDiv/Taclet_divResZero1.proof took 0 ms to parse. 
68958      WARN  Test worker     d.u.i.k.n.ParsingFacade   Parsing time 427 ms. 
68960      WARN  Test worker     d.u.i.k.n.ParsingFacade   /home/runner/work/key/key/key.core/tacletProofs/IntDiv/Taclet_divResZero2.proof took 0 ms to parse. 
68960      WARN  Test worker     d.u.i.k.n.ParsingFacade   Parsing time 427 ms. 
69749      WARN  Test worker     d.u.i.k.n.ParsingFacade   file:/home/runner/work/key/key/key.core/build/resources/main/de/uka/ilkd/key/java/JavaRedux/java/lang/String.key took 2 ms to parse. 
69749      WARN  Test worker     d.u.i.k.n.ParsingFacade   Parsing time 429 ms. 
71410      INFO  Test worker     d.u.i.k.t.l.TacletProofObligationInput Proof obligation for taclet: divResZero2 
72209      WARN  Test worker     d.u.i.k.n.ParsingFacade   /home/runner/work/key/key/key.core/tacletProofs/IntDiv/Taclet_divResZero2.proof took 0 ms to parse. 
72210      WARN  Test worker     d.u.i.k.n.ParsingFacade   Parsing time 429 ms. 
72216      WARN  Test worker     d.u.i.k.n.ParsingFacade   /home/runner/work/key/key/key.core/tacletProofs/IntDiv/Taclet_divResOne1.proof took 0 ms to parse. 
72216      WARN  Test worker     d.u.i.k.n.ParsingFacade   Parsing time 429 ms. 
73009      WARN  Test worker     d.u.i.k.n.ParsingFacade   file:/home/runner/work/key/key/key.core/build/resources/main/de/uka/ilkd/key/java/JavaRedux/java/lang/String.key took 2 ms to parse. 
73009      WARN  Test worker     d.u.i.k.n.ParsingFacade   Parsing time 431 ms. 
74665      INFO  Test worker     d.u.i.k.t.l.TacletProofObligationInput Proof obligation for taclet: divResOne1 
75482      WARN  Test worker     d.u.i.k.n.ParsingFacade   /home/runner/work/key/key/key.core/tacletProofs/IntDiv/Taclet_divResOne1.proof took 0 ms to parse. 
75483      WARN  Test worker     d.u.i.k.n.ParsingFacade   Parsing time 431 ms. 
75485      WARN  Test worker     d.u.i.k.n.ParsingFacade   /home/runner/work/key/key/key.core/tacletProofs/IntDiv/Taclet_divResOne2.proof took 0 ms to parse. 
75485      WARN  Test worker     d.u.i.k.n.ParsingFacade   Parsing time 431 ms. 
76246      WARN  Test worker     d.u.i.k.n.ParsingFacade   file:/home/runner/work/key/key/key.core/build/resources/main/de/uka/ilkd/key/java/JavaRedux/java/lang/String.key took 1 ms to parse. 
76247      WARN  Test worker     d.u.i.k.n.ParsingFacade   Parsing time 432 ms. 
77930      INFO  Test worker     d.u.i.k.t.l.TacletProofObligationInput Proof obligation for taclet: divResOne2 
78759      WARN  Test worker     d.u.i.k.n.ParsingFacade   /home/runner/work/key/key/key.core/tacletProofs/IntDiv/Taclet_divResOne2.proof took 0 ms to parse. 
78759      WARN  Test worker     d.u.i.k.n.ParsingFacade   Parsing time 432 ms. 
78760      WARN  Test worker     d.u.i.k.n.ParsingFacade   /home/runner/work/key/key/key.core/tacletProofs/IntDiv/Taclet_div_cancel1.proof took 0 ms to parse. 
78760      WARN  Test worker     d.u.i.k.n.ParsingFacade   Parsing time 432 ms. 
79521      WARN  Test worker     d.u.i.k.n.ParsingFacade   file:/home/runner/work/key/key/key.core/build/resources/main/de/uka/ilkd/key/java/JavaRedux/java/lang/String.key took 1 ms to parse. 
79521      WARN  Test worker     d.u.i.k.n.ParsingFacade   Parsing time 433 ms. 
81190      INFO  Test worker     d.u.i.k.t.l.TacletProofObligationInput Proof obligation for taclet: div_cancel1 
82013      WARN  Test worker     d.u.i.k.n.ParsingFacade   /home/runner/work/key/key/key.core/tacletProofs/IntDiv/Taclet_div_cancel1.proof took 0 ms to parse. 
82014      WARN  Test worker     d.u.i.k.n.ParsingFacade   Parsing time 433 ms. 
82016      WARN  Test worker     d.u.i.k.n.ParsingFacade   /home/runner/work/key/key/key.core/tacletProofs/IntDiv/Taclet_div_cancel2.proof took 0 ms to parse. 
82016      WARN  Test worker     d.u.i.k.n.ParsingFacade   Parsing time 433 ms. 
82802      WARN  Test worker     d.u.i.k.n.ParsingFacade   file:/home/runner/work/key/key/key.core/build/resources/main/de/uka/ilkd/key/java/JavaRedux/java/lang/String.key took 1 ms to parse. 
82803      WARN  Test worker     d.u.i.k.n.ParsingFacade   Parsing time 434 ms. 
84439      INFO  Test worker     d.u.i.k.t.l.TacletProofObligationInput Proof obligation for taclet: div_cancel2 
85244      WARN  Test worker     d.u.i.k.n.ParsingFacade   /home/runner/work/key/key/key.core/tacletProofs/IntDiv/Taclet_div_cancel2.proof took 0 ms to parse. 
85244      WARN  Test worker     d.u.i.k.n.ParsingFacade   Parsing time 434 ms. 
85246      WARN  Test worker     d.u.i.k.n.ParsingFacade   /home/runner/work/key/key/key.core/tacletProofs/IntDiv/Taclet_divAddMultDenom.proof took 0 ms to parse. 
85246      WARN  Test worker     d.u.i.k.n.ParsingFacade   Parsing time 434 ms. 
86036      WARN  Test worker     d.u.i.k.n.ParsingFacade   file:/home/runner/work/key/key/key.core/build/resources/main/de/uka/ilkd/key/java/JavaRedux/java/lang/String.key took 1 ms to parse. 
86036      WARN  Test worker     d.u.i.k.n.ParsingFacade   Parsing time 435 ms. 
87668      INFO  Test worker     d.u.i.k.t.l.TacletProofObligationInput Proof obligation for taclet: divAddMultDenom 
88543      WARN  Test worker     d.u.i.k.n.ParsingFacade   /home/runner/work/key/key/key.core/tacletProofs/IntDiv/Taclet_divAddMultDenom.proof took 0 ms to parse. 
88543      WARN  Test worker     d.u.i.k.n.ParsingFacade   Parsing time 435 ms. 
88544      WARN  Test worker     d.u.i.k.n.ParsingFacade   /home/runner/work/key/key/key.core/tacletProofs/IntDiv/Taclet_divMinus.proof took 0 ms to parse. 
88544      WARN  Test worker     d.u.i.k.n.ParsingFacade   Parsing time 435 ms. 
89335      WARN  Test worker     d.u.i.k.n.ParsingFacade   file:/home/runner/work/key/key/key.core/build/resources/main/de/uka/ilkd/key/java/JavaRedux/java/lang/String.key took 1 ms to parse. 
89335      WARN  Test worker     d.u.i.k.n.ParsingFacade   Parsing time 436 ms. 
91006      INFO  Test worker     d.u.i.k.t.l.TacletProofObligationInput Proof obligation for taclet: divMinus 
91836      WARN  Test worker     d.u.i.k.n.ParsingFacade   /home/runner/work/key/key/key.core/tacletProofs/IntDiv/Taclet_divMinus.proof took 0 ms to parse. 
91837      WARN  Test worker     d.u.i.k.n.ParsingFacade   Parsing time 436 ms. 
91839      WARN  Test worker     d.u.i.k.n.ParsingFacade   /home/runner/work/key/key/key.core/tacletProofs/IntDiv/Taclet_divMinusDenom.proof took 0 ms to parse. 
91839      WARN  Test worker     d.u.i.k.n.ParsingFacade   Parsing time 436 ms. 
92630      WARN  Test worker     d.u.i.k.n.ParsingFacade   file:/home/runner/work/key/key/key.core/build/resources/main/de/uka/ilkd/key/java/JavaRedux/java/lang/String.key took 1 ms to parse. 
92631      WARN  Test worker     d.u.i.k.n.ParsingFacade   Parsing time 437 ms. 
94286      INFO  Test worker     d.u.i.k.t.l.TacletProofObligationInput Proof obligation for taclet: divMinusDenom 
95100      WARN  Test worker     d.u.i.k.n.ParsingFacade   /home/runner/work/key/key/key.core/tacletProofs/IntDiv/Taclet_divMinusDenom.proof took 0 ms to parse. 
95100      WARN  Test worker     d.u.i.k.n.ParsingFacade   Parsing time 437 ms. 
95102      WARN  Test worker     d.u.i.k.n.ParsingFacade   /home/runner/work/key/key/key.core/tacletProofs/IntDiv/Taclet_divLeastDPos.proof took 0 ms to parse. 
95102      WARN  Test worker     d.u.i.k.n.ParsingFacade   Parsing time 437 ms. 
95909      WARN  Test worker     d.u.i.k.n.ParsingFacade   file:/home/runner/work/key/key/key.core/build/resources/main/de/uka/ilkd/key/java/JavaRedux/java/lang/String.key took 1 ms to parse. 
95909      WARN  Test worker     d.u.i.k.n.ParsingFacade   Parsing time 438 ms. 
97568      INFO  Test worker     d.u.i.k.t.l.TacletProofObligationInput Proof obligation for taclet: divLeastDPos 
98375      WARN  Test worker     d.u.i.k.n.ParsingFacade   /home/runner/work/key/key/key.core/tacletProofs/IntDiv/Taclet_divLeastDPos.proof took 0 ms to parse. 
98376      WARN  Test worker     d.u.i.k.n.ParsingFacade   Parsing time 438 ms. 
98377      WARN  Test worker     d.u.i.k.n.ParsingFacade   /home/runner/work/key/key/key.core/tacletProofs/IntDiv/Taclet_divLeastDNeg.proof took 0 ms to parse. 
98378      WARN  Test worker     d.u.i.k.n.ParsingFacade   Parsing time 438 ms. 
99138      WARN  Test worker     d.u.i.k.n.ParsingFacade   file:/home/runner/work/key/key/key.core/build/resources/main/de/uka/ilkd/key/java/JavaRedux/java/lang/String.key took 1 ms to parse. 
99138      WARN  Test worker     d.u.i.k.n.ParsingFacade   Parsing time 439 ms. 
100795     INFO  Test worker     d.u.i.k.t.l.TacletProofObligationInput Proof obligation for taclet: divLeastDNeg 
101603     WARN  Test worker     d.u.i.k.n.ParsingFacade   /home/runner/work/key/key/key.core/tacletProofs/IntDiv/Taclet_divLeastDNeg.proof took 0 ms to parse. 
101603     WARN  Test worker     d.u.i.k.n.ParsingFacade   Parsing time 439 ms. 
101604     WARN  Test worker     d.u.i.k.n.ParsingFacade   /home/runner/work/key/key/key.core/tacletProofs/IntDiv/Taclet_divGreatestDPos.proof took 0 ms to parse. 
101605     WARN  Test worker     d.u.i.k.n.ParsingFacade   Parsing time 439 ms. 
102363     WARN  Test worker     d.u.i.k.n.ParsingFacade   file:/home/runner/work/key/key/key.core/build/resources/main/de/uka/ilkd/key/java/JavaRedux/java/lang/String.key took 1 ms to parse. 
102364     WARN  Test worker     d.u.i.k.n.ParsingFacade   Parsing time 440 ms. 
104030     INFO  Test worker     d.u.i.k.t.l.TacletProofObligationInput Proof obligation for taclet: divGreatestDPos 
104849     WARN  Test worker     d.u.i.k.n.ParsingFacade   /home/runner/work/key/key/key.core/tacletProofs/IntDiv/Taclet_divGreatestDPos.proof took 0 ms to parse. 
104850     WARN  Test worker     d.u.i.k.n.ParsingFacade   Parsing time 440 ms. 
104852     WARN  Test worker     d.u.i.k.n.ParsingFacade   /home/runner/work/key/key/key.core/tacletProofs/IntDiv/Taclet_divGreatestDNeg.proof took 0 ms to parse. 
104852     WARN  Test worker     d.u.i.k.n.ParsingFacade   Parsing time 440 ms. 
105641     WARN  Test worker     d.u.i.k.n.ParsingFacade   file:/home/runner/work/key/key/key.core/build/resources/main/de/uka/ilkd/key/java/JavaRedux/java/lang/String.key took 1 ms to parse. 
105641     WARN  Test worker     d.u.i.k.n.ParsingFacade   Parsing time 441 ms. 
107273     INFO  Test worker     d.u.i.k.t.l.TacletProofObligationInput Proof obligation for taclet: divGreatestDNeg 
108074     WARN  Test worker     d.u.i.k.n.ParsingFacade   /home/runner/work/key/key/key.core/tacletProofs/IntDiv/Taclet_divGreatestDNeg.proof took 0 ms to parse. 
108075     WARN  Test worker     d.u.i.k.n.ParsingFacade   Parsing time 441 ms. 
108078     WARN  Test worker     d.u.i.k.n.ParsingFacade   /home/runner/work/key/key/key.core/tacletProofs/IntDiv/Taclet_divIncreasingPos.proof took 0 ms to parse. 
108078     WARN  Test worker     d.u.i.k.n.ParsingFacade   Parsing time 441 ms. 
108864     WARN  Test worker     d.u.i.k.n.ParsingFacade   file:/home/runner/work/key/key/key.core/build/resources/main/de/uka/ilkd/key/java/JavaRedux/java/lang/String.key took 1 ms to parse. 
108865     WARN  Test worker     d.u.i.k.n.ParsingFacade   Parsing time 442 ms. 
110495     INFO  Test worker     d.u.i.k.t.l.TacletProofObligationInput Proof obligation for taclet: divIncreasingPos 
111314     WARN  Test worker     d.u.i.k.n.ParsingFacade   /home/runner/work/key/key/key.core/tacletProofs/IntDiv/Taclet_divIncreasingPos.proof took 0 ms to parse. 
111315     WARN  Test worker     d.u.i.k.n.ParsingFacade   Parsing time 442 ms. 
111317     WARN  Test worker     d.u.i.k.n.ParsingFacade   /home/runner/work/key/key/key.core/tacletProofs/IntDiv/Taclet_divIncreasingNeg.proof took 0 ms to parse. 
111317     WARN  Test worker     d.u.i.k.n.ParsingFacade   Parsing time 442 ms. 
112116     WARN  Test worker     d.u.i.k.n.ParsingFacade   file:/home/runner/work/key/key/key.core/build/resources/main/de/uka/ilkd/key/java/JavaRedux/java/lang/String.key took 1 ms to parse. 
112117     WARN  Test worker     d.u.i.k.n.ParsingFacade   Parsing time 443 ms. 
113764     INFO  Test worker     d.u.i.k.t.l.TacletProofObligationInput Proof obligation for taclet: divIncreasingNeg 
114540     WARN  Test worker     d.u.i.k.n.ParsingFacade   /home/runner/work/key/key/key.core/tacletProofs/IntDiv/Taclet_divIncreasingNeg.proof took 0 ms to parse. 
114541     WARN  Test worker     d.u.i.k.n.ParsingFacade   Parsing time 443 ms. 
114542     WARN  Test worker     d.u.i.k.n.ParsingFacade   /home/runner/work/key/key/key.core/tacletProofs/IntDiv/Taclet_jdiv_zero.proof took 0 ms to parse. 
114543     WARN  Test worker     d.u.i.k.n.ParsingFacade   Parsing time 443 ms. 
115325     WARN  Test worker     d.u.i.k.n.ParsingFacade   file:/home/runner/work/key/key/key.core/build/resources/main/de/uka/ilkd/key/java/JavaRedux/java/lang/String.key took 1 ms to parse. 
115326     WARN  Test worker     d.u.i.k.n.ParsingFacade   Parsing time 444 ms. 
116980     INFO  Test worker     d.u.i.k.t.l.TacletProofObligationInput Proof obligation for taclet: jdiv_zero 
117752     WARN  Test worker     d.u.i.k.n.ParsingFacade   /home/runner/work/key/key/key.core/tacletProofs/IntDiv/Taclet_jdiv_zero.proof took 0 ms to parse. 
117752     WARN  Test worker     d.u.i.k.n.ParsingFacade   Parsing time 444 ms. 
117753     WARN  Test worker     d.u.i.k.n.ParsingFacade   /home/runner/work/key/key/key.core/tacletProofs/IntDiv/Taclet_jdivPulloutMinusNum.proof took 0 ms to parse. 
117753     WARN  Test worker     d.u.i.k.n.ParsingFacade   Parsing time 444 ms. 
118537     WARN  Test worker     d.u.i.k.n.ParsingFacade   file:/home/runner/work/key/key/key.core/build/resources/main/de/uka/ilkd/key/java/JavaRedux/java/lang/String.key took 1 ms to parse. 
118537     WARN  Test worker     d.u.i.k.n.ParsingFacade   Parsing time 445 ms. 
120190     INFO  Test worker     d.u.i.k.t.l.TacletProofObligationInput Proof obligation for taclet: jdivPulloutMinusNum 
121046     WARN  Test worker     d.u.i.k.n.ParsingFacade   /home/runner/work/key/key/key.core/tacletProofs/IntDiv/Taclet_jdivPulloutMinusNum.proof took 0 ms to parse. 
121046     WARN  Test worker     d.u.i.k.n.ParsingFacade   Parsing time 445 ms. 
121049     WARN  Test worker     d.u.i.k.n.ParsingFacade   /home/runner/work/key/key/key.core/tacletProofs/IntDiv/Taclet_jdivPulloutMinusDenom.proof took 0 ms to parse. 
121057     WARN  Test worker     d.u.i.k.n.ParsingFacade   Parsing time 445 ms. 
121839     WARN  Test worker     d.u.i.k.n.ParsingFacade   file:/home/runner/work/key/key/key.core/build/resources/main/de/uka/ilkd/key/java/JavaRedux/java/lang/String.key took 1 ms to parse. 
121840     WARN  Test worker     d.u.i.k.n.ParsingFacade   Parsing time 446 ms. 
123499     INFO  Test worker     d.u.i.k.t.l.TacletProofObligationInput Proof obligation for taclet: jdivPulloutMinusDenom 
124359     WARN  Test worker     d.u.i.k.n.ParsingFacade   /home/runner/work/key/key/key.core/tacletProofs/IntDiv/Taclet_jdivPulloutMinusDenom.proof took 0 ms to parse. 
124359     WARN  Test worker     d.u.i.k.n.ParsingFacade   Parsing time 446 ms. 
124361     WARN  Test worker     d.u.i.k.n.ParsingFacade   /home/runner/work/key/key/key.core/tacletProofs/IntDiv/Taclet_jdiv_uniquePosPos.proof took 0 ms to parse. 
124361     WARN  Test worker     d.u.i.k.n.ParsingFacade   Parsing time 446 ms. 
125119     WARN  Test worker     d.u.i.k.n.ParsingFacade   file:/home/runner/work/key/key/key.core/build/resources/main/de/uka/ilkd/key/java/JavaRedux/java/lang/String.key took 1 ms to parse. 
125119     WARN  Test worker     d.u.i.k.n.ParsingFacade   Parsing time 447 ms. 
126778     INFO  Test worker     d.u.i.k.t.l.TacletProofObligationInput Proof obligation for taclet: jdiv_uniquePosPos 
127602     WARN  Test worker     d.u.i.k.n.ParsingFacade   /home/runner/work/key/key/key.core/tacletProofs/IntDiv/Taclet_jdiv_uniquePosPos.proof took 0 ms to parse. 
127602     WARN  Test worker     d.u.i.k.n.ParsingFacade   Parsing time 447 ms. 
127603     WARN  Test worker     d.u.i.k.n.ParsingFacade   /home/runner/work/key/key/key.core/tacletProofs/IntDiv/Taclet_jdiv_uniquePosNeg.proof took 0 ms to parse. 
127603     WARN  Test worker     d.u.i.k.n.ParsingFacade   Parsing time 447 ms. 
128391     WARN  Test worker     d.u.i.k.n.ParsingFacade   file:/home/runner/work/key/key/key.core/build/resources/main/de/uka/ilkd/key/java/JavaRedux/java/lang/String.key took 2 ms to parse. 
128392     WARN  Test worker     d.u.i.k.n.ParsingFacade   Parsing time 449 ms. 
130018     INFO  Test worker     d.u.i.k.t.l.TacletProofObligationInput Proof obligation for taclet: jdiv_uniquePosNeg 
130829     WARN  Test worker     d.u.i.k.n.ParsingFacade   /home/runner/work/key/key/key.core/tacletProofs/IntDiv/Taclet_jdiv_uniquePosNeg.proof took 0 ms to parse. 
130829     WARN  Test worker     d.u.i.k.n.ParsingFacade   Parsing time 449 ms. 
130830     WARN  Test worker     d.u.i.k.n.ParsingFacade   /home/runner/work/key/key/key.core/tacletProofs/IntDiv/Taclet_jdiv_uniqueNegPos.proof took 0 ms to parse. 
130830     WARN  Test worker     d.u.i.k.n.ParsingFacade   Parsing time 449 ms. 
131613     WARN  Test worker     d.u.i.k.n.ParsingFacade   file:/home/runner/work/key/key/key.core/build/resources/main/de/uka/ilkd/key/java/JavaRedux/java/lang/String.key took 1 ms to parse. 
131613     WARN  Test worker     d.u.i.k.n.ParsingFacade   Parsing time 450 ms. 
133240     INFO  Test worker     d.u.i.k.t.l.TacletProofObligationInput Proof obligation for taclet: jdiv_uniqueNegPos 
134048     WARN  Test worker     d.u.i.k.n.ParsingFacade   /home/runner/work/key/key/key.core/tacletProofs/IntDiv/Taclet_jdiv_uniqueNegPos.proof took 0 ms to parse. 
134048     WARN  Test worker     d.u.i.k.n.ParsingFacade   Parsing time 450 ms. 
134050     WARN  Test worker     d.u.i.k.n.ParsingFacade   /home/runner/work/key/key/key.core/tacletProofs/IntDiv/Taclet_jdiv_uniqueNegNeg.proof took 0 ms to parse. 
134050     WARN  Test worker     d.u.i.k.n.ParsingFacade   Parsing time 450 ms. 
134830     WARN  Test worker     d.u.i.k.n.ParsingFacade   file:/home/runner/work/key/key/key.core/build/resources/main/de/uka/ilkd/key/java/JavaRedux/java/lang/String.key took 1 ms to parse. 
134830     WARN  Test worker     d.u.i.k.n.ParsingFacade   Parsing time 451 ms. 
136489     INFO  Test worker     d.u.i.k.t.l.TacletProofObligationInput Proof obligation for taclet: jdiv_uniqueNegNeg 
137274     WARN  Test worker     d.u.i.k.n.ParsingFacade   /home/runner/work/key/key/key.core/tacletProofs/IntDiv/Taclet_jdiv_uniqueNegNeg.proof took 0 ms to parse. 
137274     WARN  Test worker     d.u.i.k.n.ParsingFacade   Parsing time 451 ms. 
137276     WARN  Test worker     d.u.i.k.n.ParsingFacade   /home/runner/work/key/key/key.core/tacletProofs/IntDiv/Taclet_jdivMultDenom1.proof took 0 ms to parse. 
137276     WARN  Test worker     d.u.i.k.n.ParsingFacade   Parsing time 451 ms. 
138055     WARN  Test worker     d.u.i.k.n.ParsingFacade   file:/home/runner/work/key/key/key.core/build/resources/main/de/uka/ilkd/key/java/JavaRedux/java/lang/String.key took 1 ms to parse. 
138056     WARN  Test worker     d.u.i.k.n.ParsingFacade   Parsing time 452 ms. 
139706     INFO  Test worker     d.u.i.k.t.l.TacletProofObligationInput Proof obligation for taclet: jdivMultDenom1 
140518     WARN  Test worker     d.u.i.k.n.ParsingFacade   /home/runner/work/key/key/key.core/tacletProofs/IntDiv/Taclet_jdivMultDenom1.proof took 0 ms to parse. 
140518     WARN  Test worker     d.u.i.k.n.ParsingFacade   Parsing time 452 ms. 
140519     WARN  Test worker     d.u.i.k.n.ParsingFacade   /home/runner/work/key/key/key.core/tacletProofs/IntDiv/Taclet_jdivMultDenom2.proof took 0 ms to parse. 
140519     WARN  Test worker     d.u.i.k.n.ParsingFacade   Parsing time 452 ms. 
141326     WARN  Test worker     d.u.i.k.n.ParsingFacade   file:/home/runner/work/key/key/key.core/build/resources/main/de/uka/ilkd/key/java/JavaRedux/java/lang/String.key took 1 ms to parse. 
141326     WARN  Test worker     d.u.i.k.n.ParsingFacade   Parsing time 453 ms. 
142977     INFO  Test worker     d.u.i.k.t.l.TacletProofObligationInput Proof obligation for taclet: jdivMultDenom2 
143770     WARN  Test worker     d.u.i.k.n.ParsingFacade   /home/runner/work/key/key/key.core/tacletProofs/IntDiv/Taclet_jdivMultDenom2.proof took 0 ms to parse. 
143770     WARN  Test worker     d.u.i.k.n.ParsingFacade   Parsing time 453 ms. 
143771     WARN  Test worker     d.u.i.k.n.ParsingFacade   /home/runner/work/key/key/key.core/tacletProofs/IntDiv/Taclet_mod_geZero.proof took 0 ms to parse. 
143771     WARN  Test worker     d.u.i.k.n.ParsingFacade   Parsing time 453 ms. 
144526     WARN  Test worker     d.u.i.k.n.ParsingFacade   file:/home/runner/work/key/key/key.core/build/resources/main/de/uka/ilkd/key/java/JavaRedux/java/lang/String.key took 1 ms to parse. 
144526     WARN  Test worker     d.u.i.k.n.ParsingFacade   Parsing time 454 ms. 
146185     INFO  Test worker     d.u.i.k.t.l.TacletProofObligationInput Proof obligation for taclet: mod_geZero 
146985     WARN  Test worker     d.u.i.k.n.ParsingFacade   /home/runner/work/key/key/key.core/tacletProofs/IntDiv/Taclet_mod_geZero.proof took 0 ms to parse. 
146985     WARN  Test worker     d.u.i.k.n.ParsingFacade   Parsing time 454 ms. 
146986     WARN  Test worker     d.u.i.k.n.ParsingFacade   /home/runner/work/key/key/key.core/tacletProofs/IntDiv/Taclet_mod_lessDenom.proof took 0 ms to parse. 
146986     WARN  Test worker     d.u.i.k.n.ParsingFacade   Parsing time 454 ms. 
147742     WARN  Test worker     d.u.i.k.n.ParsingFacade   file:/home/runner/work/key/key/key.core/build/resources/main/de/uka/ilkd/key/java/JavaRedux/java/lang/String.key took 1 ms to parse. 
147742     WARN  Test worker     d.u.i.k.n.ParsingFacade   Parsing time 455 ms. 
149393     INFO  Test worker     d.u.i.k.t.l.TacletProofObligationInput Proof obligation for taclet: mod_lessDenom 
150193     WARN  Test worker     d.u.i.k.n.ParsingFacade   /home/runner/work/key/key/key.core/tacletProofs/IntDiv/Taclet_mod_lessDenom.proof took 0 ms to parse. 
150193     WARN  Test worker     d.u.i.k.n.ParsingFacade   Parsing time 455 ms. 
150195     WARN  Test worker     d.u.i.k.n.ParsingFacade   /home/runner/work/key/key/key.core/tacletProofs/IntDiv/Taclet_jmod_NumPos.proof took 0 ms to parse. 
150195     WARN  Test worker     d.u.i.k.n.ParsingFacade   Parsing time 455 ms. 
150976     WARN  Test worker     d.u.i.k.n.ParsingFacade   file:/home/runner/work/key/key/key.core/build/resources/main/de/uka/ilkd/key/java/JavaRedux/java/lang/String.key took 2 ms to parse. 
150976     WARN  Test worker     d.u.i.k.n.ParsingFacade   Parsing time 457 ms. 
152604     INFO  Test worker     d.u.i.k.t.l.TacletProofObligationInput Proof obligation for taclet: jmod_NumPos 
153403     WARN  Test worker     d.u.i.k.n.ParsingFacade   /home/runner/work/key/key/key.core/tacletProofs/IntDiv/Taclet_jmod_NumPos.proof took 0 ms to parse. 
153403     WARN  Test worker     d.u.i.k.n.ParsingFacade   Parsing time 457 ms. 
153405     WARN  Test worker     d.u.i.k.n.ParsingFacade   /home/runner/work/key/key/key.core/tacletProofs/IntDiv/Taclet_jmod_NumNeg.proof took 0 ms to parse. 
153405     WARN  Test worker     d.u.i.k.n.ParsingFacade   Parsing time 457 ms. 
154183     WARN  Test worker     d.u.i.k.n.ParsingFacade   file:/home/runner/work/key/key/key.core/build/resources/main/de/uka/ilkd/key/java/JavaRedux/java/lang/String.key took 1 ms to parse. 
154183     WARN  Test worker     d.u.i.k.n.ParsingFacade   Parsing time 458 ms. 
155811     INFO  Test worker     d.u.i.k.t.l.TacletProofObligationInput Proof obligation for taclet: jmod_NumNeg 
156624     WARN  Test worker     d.u.i.k.n.ParsingFacade   /home/runner/work/key/key/key.core/tacletProofs/IntDiv/Taclet_jmod_NumNeg.proof took 0 ms to parse. 
156624     WARN  Test worker     d.u.i.k.n.ParsingFacade   Parsing time 458 ms. 
156625     WARN  Test worker     d.u.i.k.n.ParsingFacade   /home/runner/work/key/key/key.core/tacletProofs/IntDiv/Taclet_jmod_geZero.proof took 0 ms to parse. 
156625     WARN  Test worker     d.u.i.k.n.ParsingFacade   Parsing time 458 ms. 
157404     WARN  Test worker     d.u.i.k.n.ParsingFacade   file:/home/runner/work/key/key/key.core/build/resources/main/de/uka/ilkd/key/java/JavaRedux/java/lang/String.key took 1 ms to parse. 
157404     WARN  Test worker     d.u.i.k.n.ParsingFacade   Parsing time 459 ms. 
159026     INFO  Test worker     d.u.i.k.t.l.TacletProofObligationInput Proof obligation for taclet: jmod_geZero 
159827     WARN  Test worker     d.u.i.k.n.ParsingFacade   /home/runner/work/key/key/key.core/tacletProofs/IntDiv/Taclet_jmod_geZero.proof took 0 ms to parse. 
159827     WARN  Test worker     d.u.i.k.n.ParsingFacade   Parsing time 459 ms. 
159828     WARN  Test worker     d.u.i.k.n.ParsingFacade   /home/runner/work/key/key/key.core/tacletProofs/IntDiv/Taclet_jmodNumZero.proof took 0 ms to parse. 
159828     WARN  Test worker     d.u.i.k.n.ParsingFacade   Parsing time 459 ms. 
160609     WARN  Test worker     d.u.i.k.n.ParsingFacade   file:/home/runner/work/key/key/key.core/build/resources/main/de/uka/ilkd/key/java/JavaRedux/java/lang/String.key took 2 ms to parse. 
160609     WARN  Test worker     d.u.i.k.n.ParsingFacade   Parsing time 461 ms. 
162262     INFO  Test worker     d.u.i.k.t.l.TacletProofObligationInput Proof obligation for taclet: jmodNumZero 
163041     WARN  Test worker     d.u.i.k.n.ParsingFacade   /home/runner/work/key/key/key.core/tacletProofs/IntDiv/Taclet_jmodNumZero.proof took 0 ms to parse. 
163041     WARN  Test worker     d.u.i.k.n.ParsingFacade   Parsing time 461 ms. 
163044     WARN  Test worker     d.u.i.k.n.ParsingFacade   /home/runner/work/key/key/key.core/tacletProofs/IntDiv/Taclet_jmod_pulloutminusNum.proof took 0 ms to parse. 
163044     WARN  Test worker     d.u.i.k.n.ParsingFacade   Parsing time 461 ms. 
163846     WARN  Test worker     d.u.i.k.n.ParsingFacade   file:/home/runner/work/key/key/key.core/build/resources/main/de/uka/ilkd/key/java/JavaRedux/java/lang/String.key took 1 ms to parse. 
163848     WARN  Test worker     d.u.i.k.n.ParsingFacade   Parsing time 462 ms. 
165495     INFO  Test worker     d.u.i.k.t.l.TacletProofObligationInput Proof obligation for taclet: jmod_pulloutminusNum 
166296     WARN  Test worker     d.u.i.k.n.ParsingFacade   /home/runner/work/key/key/key.core/tacletProofs/IntDiv/Taclet_jmod_pulloutminusNum.proof took 0 ms to parse. 
166296     WARN  Test worker     d.u.i.k.n.ParsingFacade   Parsing time 462 ms. 
166301     WARN  Test worker     d.u.i.k.n.ParsingFacade   /home/runner/work/key/key/key.core/tacletProofs/IntDiv/Taclet_jmod_pulloutminusDenom.proof took 0 ms to parse. 
166301     WARN  Test worker     d.u.i.k.n.ParsingFacade   Parsing time 462 ms. 
167057     WARN  Test worker     d.u.i.k.n.ParsingFacade   file:/home/runner/work/key/key/key.core/build/resources/main/de/uka/ilkd/key/java/JavaRedux/java/lang/String.key took 1 ms to parse. 
167057     WARN  Test worker     d.u.i.k.n.ParsingFacade   Parsing time 463 ms. 
168702     INFO  Test worker     d.u.i.k.t.l.TacletProofObligationInput Proof obligation for taclet: jmod_pulloutminusDenom 
169496     WARN  Test worker     d.u.i.k.n.ParsingFacade   /home/runner/work/key/key/key.core/tacletProofs/IntDiv/Taclet_jmod_pulloutminusDenom.proof took 0 ms to parse. 
169496     WARN  Test worker     d.u.i.k.n.ParsingFacade   Parsing time 463 ms. 
169498     WARN  Test worker     d.u.i.k.n.ParsingFacade   /home/runner/work/key/key/key.core/tacletProofs/IntDiv/Taclet_jmodUnique1.proof took 0 ms to parse. 
169498     WARN  Test worker     d.u.i.k.n.ParsingFacade   Parsing time 463 ms. 
170253     WARN  Test worker     d.u.i.k.n.ParsingFacade   file:/home/runner/work/key/key/key.core/build/resources/main/de/uka/ilkd/key/java/JavaRedux/java/lang/String.key took 1 ms to parse. 
170253     WARN  Test worker     d.u.i.k.n.ParsingFacade   Parsing time 464 ms. 
171903     INFO  Test worker     d.u.i.k.t.l.TacletProofObligationInput Proof obligation for taclet: jmodUnique1 
172764     WARN  Test worker     d.u.i.k.n.ParsingFacade   /home/runner/work/key/key/key.core/tacletProofs/IntDiv/Taclet_jmodUnique1.proof took 0 ms to parse. 
172764     WARN  Test worker     d.u.i.k.n.ParsingFacade   Parsing time 464 ms. 
172766     WARN  Test worker     d.u.i.k.n.ParsingFacade   /home/runner/work/key/key/key.core/tacletProofs/IntDiv/Taclet_jmodUnique2.proof took 0 ms to parse. 
172767     WARN  Test worker     d.u.i.k.n.ParsingFacade   Parsing time 464 ms. 
173547     WARN  Test worker     d.u.i.k.n.ParsingFacade   file:/home/runner/work/key/key/key.core/build/resources/main/de/uka/ilkd/key/java/JavaRedux/java/lang/String.key took 1 ms to parse. 
173547     WARN  Test worker     d.u.i.k.n.ParsingFacade   Parsing time 465 ms. 
175172     INFO  Test worker     d.u.i.k.t.l.TacletProofObligationInput Proof obligation for taclet: jmodUnique2 
176036     WARN  Test worker     d.u.i.k.n.ParsingFacade   /home/runner/work/key/key/key.core/tacletProofs/IntDiv/Taclet_jmodUnique2.proof took 0 ms to parse. 
176036     WARN  Test worker     d.u.i.k.n.ParsingFacade   Parsing time 465 ms. 
176038     WARN  Test worker     d.u.i.k.n.ParsingFacade   /home/runner/work/key/key/key.core/tacletProofs/IntDiv/Taclet_intDivRem.proof took 0 ms to parse. 
176038     WARN  Test worker     d.u.i.k.n.ParsingFacade   Parsing time 465 ms. 
176817     WARN  Test worker     d.u.i.k.n.ParsingFacade   file:/home/runner/work/key/key/key.core/build/resources/main/de/uka/ilkd/key/java/JavaRedux/java/lang/String.key took 1 ms to parse. 
176817     WARN  Test worker     d.u.i.k.n.ParsingFacade   Parsing time 466 ms. 
178441     INFO  Test worker     d.u.i.k.t.l.TacletProofObligationInput Proof obligation for taclet: intDivRem 
179235     WARN  Test worker     d.u.i.k.n.ParsingFacade   /home/runner/work/key/key/key.core/tacletProofs/IntDiv/Taclet_intDivRem.proof took 0 ms to parse. 
179235     WARN  Test worker     d.u.i.k.n.ParsingFacade   Parsing time 466 ms. 
179236     WARN  Test worker     d.u.i.k.n.ParsingFacade   /home/runner/work/key/key/key.core/tacletProofs/IntDiv/Taclet_jmodjmod.proof took 0 ms to parse. 
179236     WARN  Test worker     d.u.i.k.n.ParsingFacade   Parsing time 466 ms. 
180012     WARN  Test worker     d.u.i.k.n.ParsingFacade   file:/home/runner/work/key/key/key.core/build/resources/main/de/uka/ilkd/key/java/JavaRedux/java/lang/String.key took 1 ms to parse. 
180012     WARN  Test worker     d.u.i.k.n.ParsingFacade   Parsing time 467 ms. 
181657     INFO  Test worker     d.u.i.k.t.l.TacletProofObligationInput Proof obligation for taclet: jmodjmod 
182458     WARN  Test worker     d.u.i.k.n.ParsingFacade   /home/runner/work/key/key/key.core/tacletProofs/IntDiv/Taclet_jmodjmod.proof took 0 ms to parse. 
182458     WARN  Test worker     d.u.i.k.n.ParsingFacade   Parsing time 467 ms. 
182459     WARN  Test worker     d.u.i.k.n.ParsingFacade   /home/runner/work/key/key/key.core/tacletProofs/IntDiv/Taclet_jmodDivisible.proof took 0 ms to parse. 
182459     WARN  Test worker     d.u.i.k.n.ParsingFacade   Parsing time 467 ms. 
183250     WARN  Test worker     d.u.i.k.n.ParsingFacade   file:/home/runner/work/key/key/key.core/build/resources/main/de/uka/ilkd/key/java/JavaRedux/java/lang/String.key took 1 ms to parse. 
183250     WARN  Test worker     d.u.i.k.n.ParsingFacade   Parsing time 468 ms. 
184895     INFO  Test worker     d.u.i.k.t.l.TacletProofObligationInput Proof obligation for taclet: jmodDivisible 
185688     WARN  Test worker     d.u.i.k.n.ParsingFacade   /home/runner/work/key/key/key.core/tacletProofs/IntDiv/Taclet_jmodDivisible.proof took 0 ms to parse. 
185688     WARN  Test worker     d.u.i.k.n.ParsingFacade   Parsing time 468 ms. 
185690     WARN  Test worker     d.u.i.k.n.ParsingFacade   /home/runner/work/key/key/key.core/tacletProofs/IntDiv/Taclet_jmodDivisibleRep.proof took 0 ms to parse. 
185690     WARN  Test worker     d.u.i.k.n.ParsingFacade   Parsing time 468 ms. 
186480     WARN  Test worker     d.u.i.k.n.ParsingFacade   file:/home/runner/work/key/key/key.core/build/resources/main/de/uka/ilkd/key/java/JavaRedux/java/lang/String.key took 1 ms to parse. 
186480     WARN  Test worker     d.u.i.k.n.ParsingFacade   Parsing time 469 ms. 
188126     INFO  Test worker     d.u.i.k.t.l.TacletProofObligationInput Proof obligation for taclet: jmodDivisibleRep 
188919     WARN  Test worker     d.u.i.k.n.ParsingFacade   /home/runner/work/key/key/key.core/tacletProofs/IntDiv/Taclet_jmodDivisibleRep.proof took 1 ms to parse. 
188919     WARN  Test worker     d.u.i.k.n.ParsingFacade   Parsing time 470 ms. 
188920     WARN  Test worker     d.u.i.k.n.ParsingFacade   /home/runner/work/key/key/key.core/tacletProofs/IntDiv/Taclet_jdivAddMultDenom.proof took 0 ms to parse. 
188920     WARN  Test worker     d.u.i.k.n.ParsingFacade   Parsing time 470 ms. 
189674     WARN  Test worker     d.u.i.k.n.ParsingFacade   file:/home/runner/work/key/key/key.core/build/resources/main/de/uka/ilkd/key/java/JavaRedux/java/lang/String.key took 1 ms to parse. 
189674     WARN  Test worker     d.u.i.k.n.ParsingFacade   Parsing time 471 ms. 
191324     INFO  Test worker     d.u.i.k.t.l.TacletProofObligationInput Proof obligation for taclet: jdivAddMultDenom 
192250     WARN  Test worker     d.u.i.k.n.ParsingFacade   /home/runner/work/key/key/key.core/tacletProofs/IntDiv/Taclet_jdivAddMultDenom.proof took 0 ms to parse. 
192250     WARN  Test worker     d.u.i.k.n.ParsingFacade   Parsing time 471 ms. 
192251     WARN  Test worker     d.u.i.k.n.ParsingFacade   /home/runner/work/key/key/key.core/tacletProofs/IntDiv/Taclet_jmodAltZero.proof took 0 ms to parse. 
192251     WARN  Test worker     d.u.i.k.n.ParsingFacade   Parsing time 471 ms. 
193010     WARN  Test worker     d.u.i.k.n.ParsingFacade   file:/home/runner/work/key/key/key.core/build/resources/main/de/uka/ilkd/key/java/JavaRedux/java/lang/String.key took 1 ms to parse. 
193010     WARN  Test worker     d.u.i.k.n.ParsingFacade   Parsing time 472 ms. 
194664     INFO  Test worker     d.u.i.k.t.l.TacletProofObligationInput Proof obligation for taclet: jmodAltZero 
195466     WARN  Test worker     d.u.i.k.n.ParsingFacade   /home/runner/work/key/key/key.core/tacletProofs/IntDiv/Taclet_jmodAltZero.proof took 0 ms to parse. 
195466     WARN  Test worker     d.u.i.k.n.ParsingFacade   Parsing time 472 ms. 
195467     WARN  Test worker     d.u.i.k.n.ParsingFacade   /home/runner/work/key/key/key.core/tacletProofs/IntDiv/Taclet_jmodAddMultDenomZero.proof took 0 ms to parse. 
195467     WARN  Test worker     d.u.i.k.n.ParsingFacade   Parsing time 472 ms. 
196257     WARN  Test worker     d.u.i.k.n.ParsingFacade   file:/home/runner/work/key/key/key.core/build/resources/main/de/uka/ilkd/key/java/JavaRedux/java/lang/String.key took 1 ms to parse. 
196258     WARN  Test worker     d.u.i.k.n.ParsingFacade   Parsing time 473 ms. 
197880     INFO  Test worker     d.u.i.k.t.l.TacletProofObligationInput Proof obligation for taclet: jmodAddMultDenomZero 
198677     WARN  Test worker     d.u.i.k.n.ParsingFacade   /home/runner/work/key/key/key.core/tacletProofs/IntDiv/Taclet_jmodAddMultDenomZero.proof took 0 ms to parse. 
198677     WARN  Test worker     d.u.i.k.n.ParsingFacade   Parsing time 473 ms. 
198679     WARN  Test worker     d.u.i.k.n.ParsingFacade   /home/runner/work/key/key/key.core/tacletProofs/IntDiv/Taclet_polyDiv_zero.proof took 1 ms to parse. 
198679     WARN  Test worker     d.u.i.k.n.ParsingFacade   Parsing time 474 ms. 
199456     WARN  Test worker     d.u.i.k.n.ParsingFacade   file:/home/runner/work/key/key/key.core/build/resources/main/de/uka/ilkd/key/java/JavaRedux/java/lang/String.key took 1 ms to parse. 
199456     WARN  Test worker     d.u.i.k.n.ParsingFacade   Parsing time 475 ms. 
201079     INFO  Test worker     d.u.i.k.t.l.TacletProofObligationInput Proof obligation for taclet: polyDiv_zero 
201884     WARN  Test worker     d.u.i.k.n.ParsingFacade   /home/runner/work/key/key/key.core/tacletProofs/IntDiv/Taclet_polyDiv_zero.proof took 0 ms to parse. 
201885     WARN  Test worker     d.u.i.k.n.ParsingFacade   Parsing time 475 ms. 
201886     WARN  Test worker     d.u.i.k.n.ParsingFacade   /home/runner/work/key/key/key.core/tacletProofs/IntDiv/Taclet_polyMod_ltdivDenom.proof took 0 ms to parse. 
201886     WARN  Test worker     d.u.i.k.n.ParsingFacade   Parsing time 475 ms. 
202665     WARN  Test worker     d.u.i.k.n.ParsingFacade   file:/home/runner/work/key/key/key.core/build/resources/main/de/uka/ilkd/key/java/JavaRedux/java/lang/String.key took 2 ms to parse. 
202665     WARN  Test worker     d.u.i.k.n.ParsingFacade   Parsing time 477 ms. 
204322     INFO  Test worker     d.u.i.k.t.l.TacletProofObligationInput Proof obligation for taclet: polyMod_ltdivDenom 
205099     WARN  Test worker     d.u.i.k.n.ParsingFacade   /home/runner/work/key/key/key.core/tacletProofs/IntDiv/Taclet_polyMod_ltdivDenom.proof took 0 ms to parse. 
205099     WARN  Test worker     d.u.i.k.n.ParsingFacade   Parsing time 477 ms. 
205100     WARN  Test worker     d.u.i.k.n.ParsingFacade   /home/runner/work/key/key/key.core/tacletProofs/bsum/Taclet_bsum_empty.proof took 0 ms to parse. 
205100     WARN  Test worker     d.u.i.k.n.ParsingFacade   Parsing time 477 ms. 
205876     WARN  Test worker     d.u.i.k.n.ParsingFacade   file:/home/runner/work/key/key/key.core/build/resources/main/de/uka/ilkd/key/java/JavaRedux/java/lang/String.key took 1 ms to parse. 
205876     WARN  Test worker     d.u.i.k.n.ParsingFacade   Parsing time 478 ms. 
207518     INFO  Test worker     d.u.i.k.t.l.TacletProofObligationInput Proof obligation for taclet: bsum_empty 
208287     WARN  Test worker     d.u.i.k.n.ParsingFacade   /home/runner/work/key/key/key.core/tacletProofs/bsum/Taclet_bsum_empty.proof took 0 ms to parse. 
208287     WARN  Test worker     d.u.i.k.n.ParsingFacade   Parsing time 478 ms. 
208289     WARN  Test worker     d.u.i.k.n.ParsingFacade   /home/runner/work/key/key/key.core/tacletProofs/bsum/Taclet_bsum_induction_upper.proof took 0 ms to parse. 
208289     WARN  Test worker     d.u.i.k.n.ParsingFacade   Parsing time 478 ms. 
209066     WARN  Test worker     d.u.i.k.n.ParsingFacade   file:/home/runner/work/key/key/key.core/build/resources/main/de/uka/ilkd/key/java/JavaRedux/java/lang/String.key took 1 ms to parse. 
209066     WARN  Test worker     d.u.i.k.n.ParsingFacade   Parsing time 479 ms. 
210706     INFO  Test worker     d.u.i.k.t.l.TacletProofObligationInput Proof obligation for taclet: bsum_induction_upper 
211499     WARN  Test worker     d.u.i.k.n.ParsingFacade   /home/runner/work/key/key/key.core/tacletProofs/bsum/Taclet_bsum_induction_upper.proof took 0 ms to parse. 
211499     WARN  Test worker     d.u.i.k.n.ParsingFacade   Parsing time 479 ms. 
211500     WARN  Test worker     d.u.i.k.n.ParsingFacade   /home/runner/work/key/key/key.core/tacletProofs/bsum/Taclet_bsum_induction_lower.proof took 0 ms to parse. 
211500     WARN  Test worker     d.u.i.k.n.ParsingFacade   Parsing time 479 ms. 
212255     WARN  Test worker     d.u.i.k.n.ParsingFacade   file:/home/runner/work/key/key/key.core/build/resources/main/de/uka/ilkd/key/java/JavaRedux/java/lang/String.key took 1 ms to parse. 
212255     WARN  Test worker     d.u.i.k.n.ParsingFacade   Parsing time 480 ms. 
213908     INFO  Test worker     d.u.i.k.t.l.TacletProofObligationInput Proof obligation for taclet: bsum_induction_lower 
214719     WARN  Test worker     d.u.i.k.n.ParsingFacade   /home/runner/work/key/key/key.core/tacletProofs/bsum/Taclet_bsum_induction_lower.proof took 0 ms to parse. 
214720     WARN  Test worker     d.u.i.k.n.ParsingFacade   Parsing time 480 ms. 
214724     WARN  Test worker     d.u.i.k.n.ParsingFacade   /home/runner/work/key/key/key.core/tacletProofs/bsum/Taclet_bsum_num_of_bounds.proof took 0 ms to parse. 
214724     WARN  Test worker     d.u.i.k.n.ParsingFacade   Parsing time 480 ms. 
215504     WARN  Test worker     d.u.i.k.n.ParsingFacade   file:/home/runner/work/key/key/key.core/build/resources/main/de/uka/ilkd/key/java/JavaRedux/java/lang/String.key took 2 ms to parse. 
215504     WARN  Test worker     d.u.i.k.n.ParsingFacade   Parsing time 482 ms. 
217158     INFO  Test worker     d.u.i.k.t.l.TacletProofObligationInput Proof obligation for taclet: bsum_num_of_bounds 
217967     WARN  Test worker     d.u.i.k.n.ParsingFacade   /home/runner/work/key/key/key.core/tacletProofs/bsum/Taclet_bsum_num_of_bounds.proof took 0 ms to parse. 
217967     WARN  Test worker     d.u.i.k.n.ParsingFacade   Parsing time 482 ms. 
217969     WARN  Test worker     d.u.i.k.n.ParsingFacade   /home/runner/work/key/key/key.core/tacletProofs/bsum/Taclet_bsum_num_of_bounds2.proof took 0 ms to parse. 
217970     WARN  Test worker     d.u.i.k.n.ParsingFacade   Parsing time 482 ms. 
218748     WARN  Test worker     d.u.i.k.n.ParsingFacade   file:/home/runner/work/key/key/key.core/build/resources/main/de/uka/ilkd/key/java/JavaRedux/java/lang/String.key took 1 ms to parse. 
218748     WARN  Test worker     d.u.i.k.n.ParsingFacade   Parsing time 483 ms. 
220371     INFO  Test worker     d.u.i.k.t.l.TacletProofObligationInput Proof obligation for taclet: bsum_num_of_bounds2 
221174     WARN  Test worker     d.u.i.k.n.ParsingFacade   /home/runner/work/key/key/key.core/tacletProofs/bsum/Taclet_bsum_num_of_bounds2.proof took 0 ms to parse. 
221174     WARN  Test worker     d.u.i.k.n.ParsingFacade   Parsing time 483 ms. 
221175     WARN  Test worker     d.u.i.k.n.ParsingFacade   /home/runner/work/key/key/key.core/tacletProofs/bsum/Taclet_bsum_induction_upper2.proof took 0 ms to parse. 
221175     WARN  Test worker     d.u.i.k.n.ParsingFacade   Parsing time 483 ms. 
221951     WARN  Test worker     d.u.i.k.n.ParsingFacade   file:/home/runner/work/key/key/key.core/build/resources/main/de/uka/ilkd/key/java/JavaRedux/java/lang/String.key took 1 ms to parse. 
221951     WARN  Test worker     d.u.i.k.n.ParsingFacade   Parsing time 484 ms. 
223575     INFO  Test worker     d.u.i.k.t.l.TacletProofObligationInput Proof obligation for taclet: bsum_induction_upper2 
224366     WARN  Test worker     d.u.i.k.n.ParsingFacade   /home/runner/work/key/key/key.core/tacletProofs/bsum/Taclet_bsum_induction_upper2.proof took 0 ms to parse. 
224366     WARN  Test worker     d.u.i.k.n.ParsingFacade   Parsing time 484 ms. 
224368     WARN  Test worker     d.u.i.k.n.ParsingFacade   /home/runner/work/key/key/key.core/tacletProofs/bsum/Taclet_bsum_induction_upper_concrete.proof took 0 ms to parse. 
224368     WARN  Test worker     d.u.i.k.n.ParsingFacade   Parsing time 484 ms. 
225147     WARN  Test worker     d.u.i.k.n.ParsingFacade   file:/home/runner/work/key/key/key.core/build/resources/main/de/uka/ilkd/key/java/JavaRedux/java/lang/String.key took 2 ms to parse. 
225147     WARN  Test worker     d.u.i.k.n.ParsingFacade   Parsing time 486 ms. 
226789     INFO  Test worker     d.u.i.k.t.l.TacletProofObligationInput Proof obligation for taclet: bsum_induction_upper_concrete 
227557     WARN  Test worker     d.u.i.k.n.ParsingFacade   /home/runner/work/key/key/key.core/tacletProofs/bsum/Taclet_bsum_induction_upper_concrete.proof took 0 ms to parse. 
227557     WARN  Test worker     d.u.i.k.n.ParsingFacade   Parsing time 486 ms. 
227559     WARN  Test worker     d.u.i.k.n.ParsingFacade   /home/runner/work/key/key/key.core/tacletProofs/bsum/Taclet_bsum_induction_upper_concrete_2.proof took 0 ms to parse. 
227559     WARN  Test worker     d.u.i.k.n.ParsingFacade   Parsing time 486 ms. 
228332     WARN  Test worker     d.u.i.k.n.ParsingFacade   file:/home/runner/work/key/key/key.core/build/resources/main/de/uka/ilkd/key/java/JavaRedux/java/lang/String.key took 1 ms to parse. 
228333     WARN  Test worker     d.u.i.k.n.ParsingFacade   Parsing time 487 ms. 
229969     INFO  Test worker     d.u.i.k.t.l.TacletProofObligationInput Proof obligation for taclet: bsum_induction_upper_concrete_2 
230738     WARN  Test worker     d.u.i.k.n.ParsingFacade   /home/runner/work/key/key/key.core/tacletProofs/bsum/Taclet_bsum_induction_upper_concrete_2.proof took 0 ms to parse. 
230738     WARN  Test worker     d.u.i.k.n.ParsingFacade   Parsing time 487 ms. 
230739     WARN  Test worker     d.u.i.k.n.ParsingFacade   /home/runner/work/key/key/key.core/tacletProofs/bsum/Taclet_bsum_induction_upper2_concrete.proof took 0 ms to parse. 
230740     WARN  Test worker     d.u.i.k.n.ParsingFacade   Parsing time 487 ms. 
231515     WARN  Test worker     d.u.i.k.n.ParsingFacade   file:/home/runner/work/key/key/key.core/build/resources/main/de/uka/ilkd/key/java/JavaRedux/java/lang/String.key took 1 ms to parse. 
231515     WARN  Test worker     d.u.i.k.n.ParsingFacade   Parsing time 488 ms. 
233154     INFO  Test worker     d.u.i.k.t.l.TacletProofObligationInput Proof obligation for taclet: bsum_induction_upper2_concrete 
233943     WARN  Test worker     d.u.i.k.n.ParsingFacade   /home/runner/work/key/key/key.core/tacletProofs/bsum/Taclet_bsum_induction_upper2_concrete.proof took 0 ms to parse. 
233943     WARN  Test worker     d.u.i.k.n.ParsingFacade   Parsing time 488 ms. 
233944     WARN  Test worker     d.u.i.k.n.ParsingFacade   /home/runner/work/key/key/key.core/tacletProofs/bsum/Taclet_bsum_induction_lower_concrete.proof took 0 ms to parse. 
233944     WARN  Test worker     d.u.i.k.n.ParsingFacade   Parsing time 488 ms. 
234696     WARN  Test worker     d.u.i.k.n.ParsingFacade   file:/home/runner/work/key/key/key.core/build/resources/main/de/uka/ilkd/key/java/JavaRedux/java/lang/String.key took 1 ms to parse. 
234696     WARN  Test worker     d.u.i.k.n.ParsingFacade   Parsing time 489 ms. 
236341     INFO  Test worker     d.u.i.k.t.l.TacletProofObligationInput Proof obligation for taclet: bsum_induction_lower_concrete 
237130     WARN  Test worker     d.u.i.k.n.ParsingFacade   /home/runner/work/key/key/key.core/tacletProofs/bsum/Taclet_bsum_induction_lower_concrete.proof took 0 ms to parse. 
237130     WARN  Test worker     d.u.i.k.n.ParsingFacade   Parsing time 489 ms. 
237131     WARN  Test worker     d.u.i.k.n.ParsingFacade   /home/runner/work/key/key/key.core/tacletProofs/bsum/Taclet_bsum_induction_lower2.proof took 0 ms to parse. 
237131     WARN  Test worker     d.u.i.k.n.ParsingFacade   Parsing time 489 ms. 
237883     WARN  Test worker     d.u.i.k.n.ParsingFacade   file:/home/runner/work/key/key/key.core/build/resources/main/de/uka/ilkd/key/java/JavaRedux/java/lang/String.key took 1 ms to parse. 
237883     WARN  Test worker     d.u.i.k.n.ParsingFacade   Parsing time 490 ms. 
239525     INFO  Test worker     d.u.i.k.t.l.TacletProofObligationInput Proof obligation for taclet: bsum_induction_lower2 
240316     WARN  Test worker     d.u.i.k.n.ParsingFacade   /home/runner/work/key/key/key.core/tacletProofs/bsum/Taclet_bsum_induction_lower2.proof took 0 ms to parse. 
240316     WARN  Test worker     d.u.i.k.n.ParsingFacade   Parsing time 490 ms. 
240317     WARN  Test worker     d.u.i.k.n.ParsingFacade   /home/runner/work/key/key/key.core/tacletProofs/bsum/Taclet_bsum_induction_lower2_concrete.proof took 0 ms to parse. 
240317     WARN  Test worker     d.u.i.k.n.ParsingFacade   Parsing time 490 ms. 
241094     WARN  Test worker     d.u.i.k.n.ParsingFacade   file:/home/runner/work/key/key/key.core/build/resources/main/de/uka/ilkd/key/java/JavaRedux/java/lang/String.key took 1 ms to parse. 
241094     WARN  Test worker     d.u.i.k.n.ParsingFacade   Parsing time 491 ms. 
242713     INFO  Test worker     d.u.i.k.t.l.TacletProofObligationInput Proof obligation for taclet: bsum_induction_lower2_concrete 
243503     WARN  Test worker     d.u.i.k.n.ParsingFacade   /home/runner/work/key/key/key.core/tacletProofs/bsum/Taclet_bsum_induction_lower2_concrete.proof took 0 ms to parse. 
243503     WARN  Test worker     d.u.i.k.n.ParsingFacade   Parsing time 491 ms. 
243504     WARN  Test worker     d.u.i.k.n.ParsingFacade   /home/runner/work/key/key/key.core/tacletProofs/bsum/Taclet_bsum_positive.proof took 0 ms to parse. 
243505     WARN  Test worker     d.u.i.k.n.ParsingFacade   Parsing time 491 ms. 
244281     WARN  Test worker     d.u.i.k.n.ParsingFacade   file:/home/runner/work/key/key/key.core/build/resources/main/de/uka/ilkd/key/java/JavaRedux/java/lang/String.key took 1 ms to parse. 
244281     WARN  Test worker     d.u.i.k.n.ParsingFacade   Parsing time 492 ms. 
245897     INFO  Test worker     d.u.i.k.t.l.TacletProofObligationInput Proof obligation for taclet: bsum_positive 
246746     WARN  Test worker     d.u.i.k.n.ParsingFacade   /home/runner/work/key/key/key.core/tacletProofs/bsum/Taclet_bsum_positive.proof took 0 ms to parse. 
246746     WARN  Test worker     d.u.i.k.n.ParsingFacade   Parsing time 492 ms. 
246748     WARN  Test worker     d.u.i.k.n.ParsingFacade   /home/runner/work/key/key/key.core/tacletProofs/bsum/Taclet_bsum_upper_bound.proof took 0 ms to parse. 
246748     WARN  Test worker     d.u.i.k.n.ParsingFacade   Parsing time 492 ms. 
247547     WARN  Test worker     d.u.i.k.n.ParsingFacade   file:/home/runner/work/key/key/key.core/build/resources/main/de/uka/ilkd/key/java/JavaRedux/java/lang/String.key took 1 ms to parse. 
247547     WARN  Test worker     d.u.i.k.n.ParsingFacade   Parsing time 493 ms. 
249188     INFO  Test worker     d.u.i.k.t.l.TacletProofObligationInput Proof obligation for taclet: bsum_upper_bound 
249992     WARN  Test worker     d.u.i.k.n.ParsingFacade   /home/runner/work/key/key/key.core/tacletProofs/bsum/Taclet_bsum_upper_bound.proof took 0 ms to parse. 
249993     WARN  Test worker     d.u.i.k.n.ParsingFacade   Parsing time 493 ms. 
249995     WARN  Test worker     d.u.i.k.n.ParsingFacade   /home/runner/work/key/key/key.core/tacletProofs/bsum/Taclet_bsum_lower_bound.proof took 0 ms to parse. 
249995     WARN  Test worker     d.u.i.k.n.ParsingFacade   Parsing time 493 ms. 
250779     WARN  Test worker     d.u.i.k.n.ParsingFacade   file:/home/runner/work/key/key/key.core/build/resources/main/de/uka/ilkd/key/java/JavaRedux/java/lang/String.key took 1 ms to parse. 
250779     WARN  Test worker     d.u.i.k.n.ParsingFacade   Parsing time 494 ms. 
252436     INFO  Test worker     d.u.i.k.t.l.TacletProofObligationInput Proof obligation for taclet: bsum_lower_bound 
253233     WARN  Test worker     d.u.i.k.n.ParsingFacade   /home/runner/work/key/key/key.core/tacletProofs/bsum/Taclet_bsum_lower_bound.proof took 1 ms to parse. 
253233     WARN  Test worker     d.u.i.k.n.ParsingFacade   Parsing time 495 ms. 
253236     WARN  Test worker     d.u.i.k.n.ParsingFacade   /home/runner/work/key/key/key.core/tacletProofs/bsum/Taclet_bsum_positive_lower_bound_element.proof took 0 ms to parse. 
253236     WARN  Test worker     d.u.i.k.n.ParsingFacade   Parsing time 495 ms. 
254025     WARN  Test worker     d.u.i.k.n.ParsingFacade   file:/home/runner/work/key/key/key.core/build/resources/main/de/uka/ilkd/key/java/JavaRedux/java/lang/String.key took 1 ms to parse. 
254025     WARN  Test worker     d.u.i.k.n.ParsingFacade   Parsing time 496 ms. 
255668     INFO  Test worker     d.u.i.k.t.l.TacletProofObligationInput Proof obligation for taclet: bsum_positive_lower_bound_element 
256501     WARN  Test worker     d.u.i.k.n.ParsingFacade   /home/runner/work/key/key/key.core/tacletProofs/bsum/Taclet_bsum_positive_lower_bound_element.proof took 0 ms to parse. 
256501     WARN  Test worker     d.u.i.k.n.ParsingFacade   Parsing time 496 ms. 
256503     WARN  Test worker     d.u.i.k.n.ParsingFacade   /home/runner/work/key/key/key.core/tacletProofs/bsum/Taclet_bsum_sub_same_index.proof took 0 ms to parse. 
256503     WARN  Test worker     d.u.i.k.n.ParsingFacade   Parsing time 496 ms. 
257259     WARN  Test worker     d.u.i.k.n.ParsingFacade   file:/home/runner/work/key/key/key.core/build/resources/main/de/uka/ilkd/key/java/JavaRedux/java/lang/String.key took 1 ms to parse. 
257259     WARN  Test worker     d.u.i.k.n.ParsingFacade   Parsing time 497 ms. 
258905     INFO  Test worker     d.u.i.k.t.l.TacletProofObligationInput Proof obligation for taclet: bsum_sub_same_index 
259725     WARN  Test worker     d.u.i.k.n.ParsingFacade   /home/runner/work/key/key/key.core/tacletProofs/bsum/Taclet_bsum_sub_same_index.proof took 0 ms to parse. 
259725     WARN  Test worker     d.u.i.k.n.ParsingFacade   Parsing time 497 ms. 
259726     WARN  Test worker     d.u.i.k.n.ParsingFacade   /home/runner/work/key/key/key.core/tacletProofs/bsum/Taclet_bsum_less_same_index.proof took 0 ms to parse. 
259726     WARN  Test worker     d.u.i.k.n.ParsingFacade   Parsing time 497 ms. 
260480     WARN  Test worker     d.u.i.k.n.ParsingFacade   file:/home/runner/work/key/key/key.core/build/resources/main/de/uka/ilkd/key/java/JavaRedux/java/lang/String.key took 1 ms to parse. 
260480     WARN  Test worker     d.u.i.k.n.ParsingFacade   Parsing time 498 ms. 
262126     INFO  Test worker     d.u.i.k.t.l.TacletProofObligationInput Proof obligation for taclet: bsum_less_same_index 
262963     WARN  Test worker     d.u.i.k.n.ParsingFacade   /home/runner/work/key/key/key.core/tacletProofs/bsum/Taclet_bsum_less_same_index.proof took 0 ms to parse. 
262963     WARN  Test worker     d.u.i.k.n.ParsingFacade   Parsing time 498 ms. 
262965     WARN  Test worker     d.u.i.k.n.ParsingFacade   /home/runner/work/key/key/key.core/tacletProofs/bsum/Taclet_bsum_equal_except_one_index.proof took 1 ms to parse. 
262965     WARN  Test worker     d.u.i.k.n.ParsingFacade   Parsing time 499 ms. 
263742     WARN  Test worker     d.u.i.k.n.ParsingFacade   file:/home/runner/work/key/key/key.core/build/resources/main/de/uka/ilkd/key/java/JavaRedux/java/lang/String.key took 1 ms to parse. 
263742     WARN  Test worker     d.u.i.k.n.ParsingFacade   Parsing time 500 ms. 
265367     INFO  Test worker     d.u.i.k.t.l.TacletProofObligationInput Proof obligation for taclet: bsum_equal_except_one_index 
266207     WARN  Test worker     d.u.i.k.n.ParsingFacade   /home/runner/work/key/key/key.core/tacletProofs/bsum/Taclet_bsum_equal_except_one_index.proof took 0 ms to parse. 
266207     WARN  Test worker     d.u.i.k.n.ParsingFacade   Parsing time 500 ms. 
266210     WARN  Test worker     d.u.i.k.n.ParsingFacade   /home/runner/work/key/key/key.core/tacletProofs/bsum/Taclet_bsum_num_of_is_max.proof took 0 ms to parse. 
266210     WARN  Test worker     d.u.i.k.n.ParsingFacade   Parsing time 500 ms. 
266996     WARN  Test worker     d.u.i.k.n.ParsingFacade   file:/home/runner/work/key/key/key.core/build/resources/main/de/uka/ilkd/key/java/JavaRedux/java/lang/String.key took 1 ms to parse. 
266996     WARN  Test worker     d.u.i.k.n.ParsingFacade   Parsing time 501 ms. 
268624     INFO  Test worker     d.u.i.k.t.l.TacletProofObligationInput Proof obligation for taclet: bsum_num_of_is_max 
269432     WARN  Test worker     d.u.i.k.n.ParsingFacade   /home/runner/work/key/key/key.core/tacletProofs/bsum/Taclet_bsum_num_of_is_max.proof took 0 ms to parse. 
269432     WARN  Test worker     d.u.i.k.n.ParsingFacade   Parsing time 501 ms. 
269433     WARN  Test worker     d.u.i.k.n.ParsingFacade   /home/runner/work/key/key/key.core/tacletProofs/bsum/Taclet_bsum_num_of_is_max2.proof took 0 ms to parse. 
269433     WARN  Test worker     d.u.i.k.n.ParsingFacade   Parsing time 501 ms. 
270210     WARN  Test worker     d.u.i.k.n.ParsingFacade   file:/home/runner/work/key/key/key.core/build/resources/main/de/uka/ilkd/key/java/JavaRedux/java/lang/String.key took 1 ms to parse. 
270211     WARN  Test worker     d.u.i.k.n.ParsingFacade   Parsing time 502 ms. 
271856     INFO  Test worker     d.u.i.k.t.l.TacletProofObligationInput Proof obligation for taclet: bsum_num_of_is_max2 
272652     WARN  Test worker     d.u.i.k.n.ParsingFacade   /home/runner/work/key/key/key.core/tacletProofs/bsum/Taclet_bsum_num_of_is_max2.proof took 0 ms to parse. 
272652     WARN  Test worker     d.u.i.k.n.ParsingFacade   Parsing time 502 ms. 
272654     WARN  Test worker     d.u.i.k.n.ParsingFacade   /home/runner/work/key/key/key.core/tacletProofs/bsum/Taclet_bsum_num_of_is_max3.proof took 0 ms to parse. 
272654     WARN  Test worker     d.u.i.k.n.ParsingFacade   Parsing time 502 ms. 
273432     WARN  Test worker     d.u.i.k.n.ParsingFacade   file:/home/runner/work/key/key/key.core/build/resources/main/de/uka/ilkd/key/java/JavaRedux/java/lang/String.key took 1 ms to parse. 
273432     WARN  Test worker     d.u.i.k.n.ParsingFacade   Parsing time 503 ms. 
275076     INFO  Test worker     d.u.i.k.t.l.TacletProofObligationInput Proof obligation for taclet: bsum_num_of_is_max3 
275861     WARN  Test worker     d.u.i.k.n.ParsingFacade   /home/runner/work/key/key/key.core/tacletProofs/bsum/Taclet_bsum_num_of_is_max3.proof took 0 ms to parse. 
275861     WARN  Test worker     d.u.i.k.n.ParsingFacade   Parsing time 503 ms. 
275862     WARN  Test worker     d.u.i.k.n.ParsingFacade   /home/runner/work/key/key/key.core/tacletProofs/bsum/Taclet_bsum_num_of_is_max4.proof took 0 ms to parse. 
275862     WARN  Test worker     d.u.i.k.n.ParsingFacade   Parsing time 503 ms. 
276638     WARN  Test worker     d.u.i.k.n.ParsingFacade   file:/home/runner/work/key/key/key.core/build/resources/main/de/uka/ilkd/key/java/JavaRedux/java/lang/String.key took 1 ms to parse. 
276638     WARN  Test worker     d.u.i.k.n.ParsingFacade   Parsing time 504 ms. 
278281     INFO  Test worker     d.u.i.k.t.l.TacletProofObligationInput Proof obligation for taclet: bsum_num_of_is_max4 
279099     WARN  Test worker     d.u.i.k.n.ParsingFacade   /home/runner/work/key/key/key.core/tacletProofs/bsum/Taclet_bsum_num_of_is_max4.proof took 0 ms to parse. 
279099     WARN  Test worker     d.u.i.k.n.ParsingFacade   Parsing time 504 ms. 
279100     WARN  Test worker     d.u.i.k.n.ParsingFacade   /home/runner/work/key/key/key.core/tacletProofs/bsum/Taclet_bsum_num_of_lt_max.proof took 0 ms to parse. 
279100     WARN  Test worker     d.u.i.k.n.ParsingFacade   Parsing time 504 ms. 
279855     WARN  Test worker     d.u.i.k.n.ParsingFacade   file:/home/runner/work/key/key/key.core/build/resources/main/de/uka/ilkd/key/java/JavaRedux/java/lang/String.key took 1 ms to parse. 
279855     WARN  Test worker     d.u.i.k.n.ParsingFacade   Parsing time 505 ms. 
281505     INFO  Test worker     d.u.i.k.t.l.TacletProofObligationInput Proof obligation for taclet: bsum_num_of_lt_max 
282317     WARN  Test worker     d.u.i.k.n.ParsingFacade   /home/runner/work/key/key/key.core/tacletProofs/bsum/Taclet_bsum_num_of_lt_max.proof took 0 ms to parse. 
282317     WARN  Test worker     d.u.i.k.n.ParsingFacade   Parsing time 505 ms. 
282318     WARN  Test worker     d.u.i.k.n.ParsingFacade   /home/runner/work/key/key/key.core/tacletProofs/bsum/Taclet_bsum_num_of_lt_max2.proof took 0 ms to parse. 
282318     WARN  Test worker     d.u.i.k.n.ParsingFacade   Parsing time 505 ms. 
283097     WARN  Test worker     d.u.i.k.n.ParsingFacade   file:/home/runner/work/key/key/key.core/build/resources/main/de/uka/ilkd/key/java/JavaRedux/java/lang/String.key took 1 ms to parse. 
283097     WARN  Test worker     d.u.i.k.n.ParsingFacade   Parsing time 506 ms. 
284715     INFO  Test worker     d.u.i.k.t.l.TacletProofObligationInput Proof obligation for taclet: bsum_num_of_lt_max2 
285529     WARN  Test worker     d.u.i.k.n.ParsingFacade   /home/runner/work/key/key/key.core/tacletProofs/bsum/Taclet_bsum_num_of_lt_max2.proof took 0 ms to parse. 
285529     WARN  Test worker     d.u.i.k.n.ParsingFacade   Parsing time 506 ms. 
285530     WARN  Test worker     d.u.i.k.n.ParsingFacade   /home/runner/work/key/key/key.core/tacletProofs/bsum/Taclet_bsum_num_of_lt_max3.proof took 0 ms to parse. 
285530     WARN  Test worker     d.u.i.k.n.ParsingFacade   Parsing time 506 ms. 
286309     WARN  Test worker     d.u.i.k.n.ParsingFacade   file:/home/runner/work/key/key/key.core/build/resources/main/de/uka/ilkd/key/java/JavaRedux/java/lang/String.key took 2 ms to parse. 
286309     WARN  Test worker     d.u.i.k.n.ParsingFacade   Parsing time 508 ms. 
287930     INFO  Test worker     d.u.i.k.t.l.TacletProofObligationInput Proof obligation for taclet: bsum_num_of_lt_max3 
288764     WARN  Test worker     d.u.i.k.n.ParsingFacade   /home/runner/work/key/key/key.core/tacletProofs/bsum/Taclet_bsum_num_of_lt_max3.proof took 0 ms to parse. 
288764     WARN  Test worker     d.u.i.k.n.ParsingFacade   Parsing time 508 ms. 
288767     WARN  Test worker     d.u.i.k.n.ParsingFacade   /home/runner/work/key/key/key.core/tacletProofs/bsum/Taclet_bsum_num_of_lt_max4.proof took 0 ms to parse. 
288767     WARN  Test worker     d.u.i.k.n.ParsingFacade   Parsing time 508 ms. 
289545     WARN  Test worker     d.u.i.k.n.ParsingFacade   file:/home/runner/work/key/key/key.core/build/resources/main/de/uka/ilkd/key/java/JavaRedux/java/lang/String.key took 1 ms to parse. 
289545     WARN  Test worker     d.u.i.k.n.ParsingFacade   Parsing time 509 ms. 
291166     INFO  Test worker     d.u.i.k.t.l.TacletProofObligationInput Proof obligation for taclet: bsum_num_of_lt_max4 
291978     WARN  Test worker     d.u.i.k.n.ParsingFacade   /home/runner/work/key/key/key.core/tacletProofs/bsum/Taclet_bsum_num_of_lt_max4.proof took 0 ms to parse. 
291978     WARN  Test worker     d.u.i.k.n.ParsingFacade   Parsing time 509 ms. 
291979     WARN  Test worker     d.u.i.k.n.ParsingFacade   /home/runner/work/key/key/key.core/tacletProofs/bsum/Taclet_bsum_num_of_gt0.proof took 0 ms to parse. 
291979     WARN  Test worker     d.u.i.k.n.ParsingFacade   Parsing time 509 ms. 
292756     WARN  Test worker     d.u.i.k.n.ParsingFacade   file:/home/runner/work/key/key/key.core/build/resources/main/de/uka/ilkd/key/java/JavaRedux/java/lang/String.key took 1 ms to parse. 
292756     WARN  Test worker     d.u.i.k.n.ParsingFacade   Parsing time 510 ms. 
294398     INFO  Test worker     d.u.i.k.t.l.TacletProofObligationInput Proof obligation for taclet: bsum_num_of_gt0 
295187     WARN  Test worker     d.u.i.k.n.ParsingFacade   /home/runner/work/key/key/key.core/tacletProofs/bsum/Taclet_bsum_num_of_gt0.proof took 0 ms to parse. 
295187     WARN  Test worker     d.u.i.k.n.ParsingFacade   Parsing time 510 ms. 
295188     WARN  Test worker     d.u.i.k.n.ParsingFacade   /home/runner/work/key/key/key.core/tacletProofs/bsum/Taclet_bsum_num_of_gt0_alt.proof took 0 ms to parse. 
295188     WARN  Test worker     d.u.i.k.n.ParsingFacade   Parsing time 510 ms. 
295965     WARN  Test worker     d.u.i.k.n.ParsingFacade   file:/home/runner/work/key/key/key.core/build/resources/main/de/uka/ilkd/key/java/JavaRedux/java/lang/String.key took 1 ms to parse. 
295965     WARN  Test worker     d.u.i.k.n.ParsingFacade   Parsing time 511 ms. 
297604     INFO  Test worker     d.u.i.k.t.l.TacletProofObligationInput Proof obligation for taclet: bsum_num_of_gt0_alt 
298422     WARN  Test worker     d.u.i.k.n.ParsingFacade   /home/runner/work/key/key/key.core/tacletProofs/bsum/Taclet_bsum_num_of_gt0_alt.proof took 0 ms to parse. 
298423     WARN  Test worker     d.u.i.k.n.ParsingFacade   Parsing time 511 ms. 
298425     WARN  Test worker     d.u.i.k.n.ParsingFacade   /home/runner/work/key/key/key.core/tacletProofs/bsum/Taclet_bsum_add_concrete.proof took 0 ms to parse. 
298425     WARN  Test worker     d.u.i.k.n.ParsingFacade   Parsing time 511 ms. 
299183     WARN  Test worker     d.u.i.k.n.ParsingFacade   file:/home/runner/work/key/key/key.core/build/resources/main/de/uka/ilkd/key/java/JavaRedux/java/lang/String.key took 1 ms to parse. 
299184     WARN  Test worker     d.u.i.k.n.ParsingFacade   Parsing time 512 ms. 
300831     INFO  Test worker     d.u.i.k.t.l.TacletProofObligationInput Proof obligation for taclet: bsum_add_concrete 
301631     WARN  Test worker     d.u.i.k.n.ParsingFacade   /home/runner/work/key/key/key.core/tacletProofs/bsum/Taclet_bsum_add_concrete.proof took 0 ms to parse. 
301631     WARN  Test worker     d.u.i.k.n.ParsingFacade   Parsing time 512 ms. 
301633     WARN  Test worker     d.u.i.k.n.ParsingFacade   /home/runner/work/key/key/key.core/tacletProofs/bprod/Taclet_bprod_all_positive.proof took 0 ms to parse. 
301633     WARN  Test worker     d.u.i.k.n.ParsingFacade   Parsing time 512 ms. 
302387     WARN  Test worker     d.u.i.k.n.ParsingFacade   file:/home/runner/work/key/key/key.core/build/resources/main/de/uka/ilkd/key/java/JavaRedux/java/lang/String.key took 1 ms to parse. 
302387     WARN  Test worker     d.u.i.k.n.ParsingFacade   Parsing time 513 ms. 
304035     INFO  Test worker     d.u.i.k.t.l.TacletProofObligationInput Proof obligation for taclet: bprod_all_positive 
304840     WARN  Test worker     d.u.i.k.n.ParsingFacade   /home/runner/work/key/key/key.core/tacletProofs/bprod/Taclet_bprod_all_positive.proof took 0 ms to parse. 
304840     WARN  Test worker     d.u.i.k.n.ParsingFacade   Parsing time 513 ms. 
304841     WARN  Test worker     d.u.i.k.n.ParsingFacade   /home/runner/work/key/key/key.core/tacletProofs/bprod/Taclet_bprod_split.proof took 0 ms to parse. 
304841     WARN  Test worker     d.u.i.k.n.ParsingFacade   Parsing time 513 ms. 
305617     WARN  Test worker     d.u.i.k.n.ParsingFacade   file:/home/runner/work/key/key/key.core/build/resources/main/de/uka/ilkd/key/java/JavaRedux/java/lang/String.key took 1 ms to parse. 
305618     WARN  Test worker     d.u.i.k.n.ParsingFacade   Parsing time 514 ms. 
307237     INFO  Test worker     d.u.i.k.t.l.TacletProofObligationInput Proof obligation for taclet: bprod_split 
308030     WARN  Test worker     d.u.i.k.n.ParsingFacade   /home/runner/work/key/key/key.core/tacletProofs/bprod/Taclet_bprod_split.proof took 0 ms to parse. 
308030     WARN  Test worker     d.u.i.k.n.ParsingFacade   Parsing time 514 ms. 
308031     WARN  Test worker     d.u.i.k.n.ParsingFacade   /home/runner/work/key/key/key.core/tacletProofs/intPow/Taclet_powConcrete0.proof took 0 ms to parse. 
308031     WARN  Test worker     d.u.i.k.n.ParsingFacade   Parsing time 514 ms. 
308805     WARN  Test worker     d.u.i.k.n.ParsingFacade   file:/home/runner/work/key/key/key.core/build/resources/main/de/uka/ilkd/key/java/JavaRedux/java/lang/String.key took 1 ms to parse. 
308806     WARN  Test worker     d.u.i.k.n.ParsingFacade   Parsing time 515 ms. 
310425     INFO  Test worker     d.u.i.k.t.l.TacletProofObligationInput Proof obligation for taclet: powConcrete0 
311216     WARN  Test worker     d.u.i.k.n.ParsingFacade   /home/runner/work/key/key/key.core/tacletProofs/intPow/Taclet_powConcrete0.proof took 0 ms to parse. 
311216     WARN  Test worker     d.u.i.k.n.ParsingFacade   Parsing time 515 ms. 
311217     WARN  Test worker     d.u.i.k.n.ParsingFacade   /home/runner/work/key/key/key.core/tacletProofs/intPow/Taclet_powConcrete1.proof took 0 ms to parse. 
311217     WARN  Test worker     d.u.i.k.n.ParsingFacade   Parsing time 515 ms. 
311998     WARN  Test worker     d.u.i.k.n.ParsingFacade   file:/home/runner/work/key/key/key.core/build/resources/main/de/uka/ilkd/key/java/JavaRedux/java/lang/String.key took 1 ms to parse. 
311998     WARN  Test worker     d.u.i.k.n.ParsingFacade   Parsing time 516 ms. 
313617     INFO  Test worker     d.u.i.k.t.l.TacletProofObligationInput Proof obligation for taclet: powConcrete1 
314410     WARN  Test worker     d.u.i.k.n.ParsingFacade   /home/runner/work/key/key/key.core/tacletProofs/intPow/Taclet_powConcrete1.proof took 0 ms to parse. 
314410     WARN  Test worker     d.u.i.k.n.ParsingFacade   Parsing time 516 ms. 
314411     WARN  Test worker     d.u.i.k.n.ParsingFacade   /home/runner/work/key/key/key.core/tacletProofs/intPow/Taclet_powSplitFactor.proof took 0 ms to parse. 
314411     WARN  Test worker     d.u.i.k.n.ParsingFacade   Parsing time 516 ms. 
315189     WARN  Test worker     d.u.i.k.n.ParsingFacade   file:/home/runner/work/key/key/key.core/build/resources/main/de/uka/ilkd/key/java/JavaRedux/java/lang/String.key took 1 ms to parse. 
315190     WARN  Test worker     d.u.i.k.n.ParsingFacade   Parsing time 517 ms. 
316829     INFO  Test worker     d.u.i.k.t.l.TacletProofObligationInput Proof obligation for taclet: powSplitFactor 
317602     WARN  Test worker     d.u.i.k.n.ParsingFacade   /home/runner/work/key/key/key.core/tacletProofs/intPow/Taclet_powSplitFactor.proof took 0 ms to parse. 
317602     WARN  Test worker     d.u.i.k.n.ParsingFacade   Parsing time 517 ms. 
317603     WARN  Test worker     d.u.i.k.n.ParsingFacade   /home/runner/work/key/key/key.core/tacletProofs/intPow/Taclet_powAdd.proof took 0 ms to parse. 
317603     WARN  Test worker     d.u.i.k.n.ParsingFacade   Parsing time 517 ms. 
318378     WARN  Test worker     d.u.i.k.n.ParsingFacade   file:/home/runner/work/key/key/key.core/build/resources/main/de/uka/ilkd/key/java/JavaRedux/java/lang/String.key took 1 ms to parse. 
318378     WARN  Test worker     d.u.i.k.n.ParsingFacade   Parsing time 518 ms. 
320021     INFO  Test worker     d.u.i.k.t.l.TacletProofObligationInput Proof obligation for taclet: powAdd 
320796     WARN  Test worker     d.u.i.k.n.ParsingFacade   /home/runner/work/key/key/key.core/tacletProofs/intPow/Taclet_powAdd.proof took 0 ms to parse. 
320797     WARN  Test worker     d.u.i.k.n.ParsingFacade   Parsing time 518 ms. 
320799     WARN  Test worker     d.u.i.k.n.ParsingFacade   /home/runner/work/key/key/key.core/tacletProofs/intPow/Taclet_powMono.proof took 0 ms to parse. 
320799     WARN  Test worker     d.u.i.k.n.ParsingFacade   Parsing time 518 ms. 
321579     WARN  Test worker     d.u.i.k.n.ParsingFacade   file:/home/runner/work/key/key/key.core/build/resources/main/de/uka/ilkd/key/java/JavaRedux/java/lang/String.key took 1 ms to parse. 
321579     WARN  Test worker     d.u.i.k.n.ParsingFacade   Parsing time 519 ms. 
323221     INFO  Test worker     d.u.i.k.t.l.TacletProofObligationInput Proof obligation for taclet: powMono 
324024     WARN  Test worker     d.u.i.k.n.ParsingFacade   /home/runner/work/key/key/key.core/tacletProofs/intPow/Taclet_powMono.proof took 0 ms to parse. 
324025     WARN  Test worker     d.u.i.k.n.ParsingFacade   Parsing time 519 ms. 
324026     WARN  Test worker     d.u.i.k.n.ParsingFacade   /home/runner/work/key/key/key.core/tacletProofs/intPow/Taclet_powMonoConcrete.proof took 0 ms to parse. 
324027     WARN  Test worker     d.u.i.k.n.ParsingFacade   Parsing time 519 ms. 
324777     WARN  Test worker     d.u.i.k.n.ParsingFacade   file:/home/runner/work/key/key/key.core/build/resources/main/de/uka/ilkd/key/java/JavaRedux/java/lang/String.key took 1 ms to parse. 
324777     WARN  Test worker     d.u.i.k.n.ParsingFacade   Parsing time 520 ms. 
326421     INFO  Test worker     d.u.i.k.t.l.TacletProofObligationInput Proof obligation for taclet: powMonoConcrete 
327214     WARN  Test worker     d.u.i.k.n.ParsingFacade   /home/runner/work/key/key/key.core/tacletProofs/intPow/Taclet_powMonoConcrete.proof took 0 ms to parse. 
327214     WARN  Test worker     d.u.i.k.n.ParsingFacade   Parsing time 520 ms. 
327215     WARN  Test worker     d.u.i.k.n.ParsingFacade   /home/runner/work/key/key/key.core/tacletProofs/intPow/Taclet_powMonoConcreteRight.proof took 0 ms to parse. 
327215     WARN  Test worker     d.u.i.k.n.ParsingFacade   Parsing time 520 ms. 
327997     WARN  Test worker     d.u.i.k.n.ParsingFacade   file:/home/runner/work/key/key/key.core/build/resources/main/de/uka/ilkd/key/java/JavaRedux/java/lang/String.key took 1 ms to parse. 
327998     WARN  Test worker     d.u.i.k.n.ParsingFacade   Parsing time 521 ms. 
329629     INFO  Test worker     d.u.i.k.t.l.TacletProofObligationInput Proof obligation for taclet: powMonoConcreteRight 
330423     WARN  Test worker     d.u.i.k.n.ParsingFacade   /home/runner/work/key/key/key.core/tacletProofs/intPow/Taclet_powMonoConcreteRight.proof took 0 ms to parse. 
330423     WARN  Test worker     d.u.i.k.n.ParsingFacade   Parsing time 521 ms. 
330425     WARN  Test worker     d.u.i.k.n.ParsingFacade   /home/runner/work/key/key/key.core/tacletProofs/intPow/Taclet_powPositive.proof took 1 ms to parse. 
330425     WARN  Test worker     d.u.i.k.n.ParsingFacade   Parsing time 522 ms. 
331201     WARN  Test worker     d.u.i.k.n.ParsingFacade   file:/home/runner/work/key/key/key.core/build/resources/main/de/uka/ilkd/key/java/JavaRedux/java/lang/String.key took 1 ms to parse. 
331202     WARN  Test worker     d.u.i.k.n.ParsingFacade   Parsing time 523 ms. 
332823     INFO  Test worker     d.u.i.k.t.l.TacletProofObligationInput Proof obligation for taclet: powPositive 
333618     WARN  Test worker     d.u.i.k.n.ParsingFacade   /home/runner/work/key/key/key.core/tacletProofs/intPow/Taclet_powPositive.proof took 0 ms to parse. 
333619     WARN  Test worker     d.u.i.k.n.ParsingFacade   Parsing time 523 ms. 
333622     WARN  Test worker     d.u.i.k.n.ParsingFacade   /home/runner/work/key/key/key.core/tacletProofs/intPow/Taclet_powPositiveConcrete.proof took 1 ms to parse. 
333622     WARN  Test worker     d.u.i.k.n.ParsingFacade   Parsing time 524 ms. 
334397     WARN  Test worker     d.u.i.k.n.ParsingFacade   file:/home/runner/work/key/key/key.core/build/resources/main/de/uka/ilkd/key/java/JavaRedux/java/lang/String.key took 1 ms to parse. 
334397     WARN  Test worker     d.u.i.k.n.ParsingFacade   Parsing time 525 ms. 
336018     INFO  Test worker     d.u.i.k.t.l.TacletProofObligationInput Proof obligation for taclet: powPositiveConcrete 
336809     WARN  Test worker     d.u.i.k.n.ParsingFacade   /home/runner/work/key/key/key.core/tacletProofs/intPow/Taclet_powPositiveConcrete.proof took 1 ms to parse. 
336809     WARN  Test worker     d.u.i.k.n.ParsingFacade   Parsing time 526 ms. 
336810     WARN  Test worker     d.u.i.k.n.ParsingFacade   /home/runner/work/key/key/key.core/tacletProofs/intPow/Taclet_powGeq1Concrete.proof took 0 ms to parse. 
336810     WARN  Test worker     d.u.i.k.n.ParsingFacade   Parsing time 526 ms. 
337589     WARN  Test worker     d.u.i.k.n.ParsingFacade   file:/home/runner/work/key/key/key.core/build/resources/main/de/uka/ilkd/key/java/JavaRedux/java/lang/String.key took 1 ms to parse. 
337590     WARN  Test worker     d.u.i.k.n.ParsingFacade   Parsing time 527 ms. 
339242     INFO  Test worker     d.u.i.k.t.l.TacletProofObligationInput Proof obligation for taclet: powGeq1Concrete 
340013     WARN  Test worker     d.u.i.k.n.ParsingFacade   /home/runner/work/key/key/key.core/tacletProofs/intPow/Taclet_powGeq1Concrete.proof took 0 ms to parse. 
340013     WARN  Test worker     d.u.i.k.n.ParsingFacade   Parsing time 527 ms. 
340014     WARN  Test worker     d.u.i.k.n.ParsingFacade   /home/runner/work/key/key/key.core/tacletProofs/intPow/Taclet_pow2InIntLower.proof took 0 ms to parse. 
340014     WARN  Test worker     d.u.i.k.n.ParsingFacade   Parsing time 527 ms. 
340794     WARN  Test worker     d.u.i.k.n.ParsingFacade   file:/home/runner/work/key/key/key.core/build/resources/main/de/uka/ilkd/key/java/JavaRedux/java/lang/String.key took 1 ms to parse. 
340794     WARN  Test worker     d.u.i.k.n.ParsingFacade   Parsing time 528 ms. 
342436     INFO  Test worker     d.u.i.k.t.l.TacletProofObligationInput Proof obligation for taclet: pow2InIntLower 
343202     WARN  Test worker     d.u.i.k.n.ParsingFacade   /home/runner/work/key/key/key.core/tacletProofs/intPow/Taclet_pow2InIntLower.proof took 0 ms to parse. 
343202     WARN  Test worker     d.u.i.k.n.ParsingFacade   Parsing time 528 ms. 
343203     WARN  Test worker     d.u.i.k.n.ParsingFacade   /home/runner/work/key/key/key.core/tacletProofs/intPow/Taclet_pow2InIntUpper.proof took 0 ms to parse. 
343203     WARN  Test worker     d.u.i.k.n.ParsingFacade   Parsing time 528 ms. 
343981     WARN  Test worker     d.u.i.k.n.ParsingFacade   file:/home/runner/work/key/key/key.core/build/resources/main/de/uka/ilkd/key/java/JavaRedux/java/lang/String.key took 1 ms to parse. 
343981     WARN  Test worker     d.u.i.k.n.ParsingFacade   Parsing time 529 ms. 
345622     INFO  Test worker     d.u.i.k.t.l.TacletProofObligationInput Proof obligation for taclet: pow2InIntUpper 
346415     WARN  Test worker     d.u.i.k.n.ParsingFacade   /home/runner/work/key/key/key.core/tacletProofs/intPow/Taclet_pow2InIntUpper.proof took 0 ms to parse. 
346416     WARN  Test worker     d.u.i.k.n.ParsingFacade   Parsing time 529 ms. 
346417     WARN  Test worker     d.u.i.k.n.ParsingFacade   /home/runner/work/key/key/key.core/tacletProofs/intPow/Taclet_logSelfConcrete.proof took 0 ms to parse. 
346417     WARN  Test worker     d.u.i.k.n.ParsingFacade   Parsing time 529 ms. 
347168     WARN  Test worker     d.u.i.k.n.ParsingFacade   file:/home/runner/work/key/key/key.core/build/resources/main/de/uka/ilkd/key/java/JavaRedux/java/lang/String.key took 1 ms to parse. 
347168     WARN  Test worker     d.u.i.k.n.ParsingFacade   Parsing time 530 ms. 
348813     INFO  Test worker     d.u.i.k.t.l.TacletProofObligationInput Proof obligation for taclet: logSelfConcrete 
349611     WARN  Test worker     d.u.i.k.n.ParsingFacade   /home/runner/work/key/key/key.core/tacletProofs/intPow/Taclet_logSelfConcrete.proof took 0 ms to parse. 
349612     WARN  Test worker     d.u.i.k.n.ParsingFacade   Parsing time 530 ms. 
349613     WARN  Test worker     d.u.i.k.n.ParsingFacade   /home/runner/work/key/key/key.core/tacletProofs/intPow/Taclet_log1Concrete.proof took 0 ms to parse. 
349613     WARN  Test worker     d.u.i.k.n.ParsingFacade   Parsing time 530 ms. 
350364     WARN  Test worker     d.u.i.k.n.ParsingFacade   file:/home/runner/work/key/key/key.core/build/resources/main/de/uka/ilkd/key/java/JavaRedux/java/lang/String.key took 1 ms to parse. 
350364     WARN  Test worker     d.u.i.k.n.ParsingFacade   Parsing time 531 ms. 
352007     INFO  Test worker     d.u.i.k.t.l.TacletProofObligationInput Proof obligation for taclet: log1Concrete 
352807     WARN  Test worker     d.u.i.k.n.ParsingFacade   /home/runner/work/key/key/key.core/tacletProofs/intPow/Taclet_log1Concrete.proof took 0 ms to parse. 
352807     WARN  Test worker     d.u.i.k.n.ParsingFacade   Parsing time 531 ms. 
352808     WARN  Test worker     d.u.i.k.n.ParsingFacade   /home/runner/work/key/key/key.core/tacletProofs/intPow/Taclet_logProduct.proof took 0 ms to parse. 
352808     WARN  Test worker     d.u.i.k.n.ParsingFacade   Parsing time 531 ms. 
353585     WARN  Test worker     d.u.i.k.n.ParsingFacade   file:/home/runner/work/key/key/key.core/build/resources/main/de/uka/ilkd/key/java/JavaRedux/java/lang/String.key took 1 ms to parse. 
353585     WARN  Test worker     d.u.i.k.n.ParsingFacade   Parsing time 532 ms. 
355204     INFO  Test worker     d.u.i.k.t.l.TacletProofObligationInput Proof obligation for taclet: logProduct 
356002     WARN  Test worker     d.u.i.k.n.ParsingFacade   /home/runner/work/key/key/key.core/tacletProofs/intPow/Taclet_logProduct.proof took 0 ms to parse. 
356003     WARN  Test worker     d.u.i.k.n.ParsingFacade   Parsing time 532 ms. 
356005     WARN  Test worker     d.u.i.k.n.ParsingFacade   /home/runner/work/key/key/key.core/tacletProofs/intPow/Taclet_logTimesBaseConcrete.proof took 1 ms to parse. 
356005     WARN  Test worker     d.u.i.k.n.ParsingFacade   Parsing time 533 ms. 
356779     WARN  Test worker     d.u.i.k.n.ParsingFacade   file:/home/runner/work/key/key/key.core/build/resources/main/de/uka/ilkd/key/java/JavaRedux/java/lang/String.key took 1 ms to parse. 
356779     WARN  Test worker     d.u.i.k.n.ParsingFacade   Parsing time 534 ms. 
358395     INFO  Test worker     d.u.i.k.t.l.TacletProofObligationInput Proof obligation for taclet: logTimesBaseConcrete 
359189     WARN  Test worker     d.u.i.k.n.ParsingFacade   /home/runner/work/key/key/key.core/tacletProofs/intPow/Taclet_logTimesBaseConcrete.proof took 0 ms to parse. 
359189     WARN  Test worker     d.u.i.k.n.ParsingFacade   Parsing time 534 ms. 
359191     WARN  Test worker     d.u.i.k.n.ParsingFacade   /home/runner/work/key/key/key.core/tacletProofs/intPow/Taclet_logProdIdentity.proof took 0 ms to parse. 
359191     WARN  Test worker     d.u.i.k.n.ParsingFacade   Parsing time 534 ms. 
359968     WARN  Test worker     d.u.i.k.n.ParsingFacade   file:/home/runner/work/key/key/key.core/build/resources/main/de/uka/ilkd/key/java/JavaRedux/java/lang/String.key took 1 ms to parse. 
359968     WARN  Test worker     d.u.i.k.n.ParsingFacade   Parsing time 535 ms. 
361611     INFO  Test worker     d.u.i.k.t.l.TacletProofObligationInput Proof obligation for taclet: logProdIdentity 
362402     WARN  Test worker     d.u.i.k.n.ParsingFacade   /home/runner/work/key/key/key.core/tacletProofs/intPow/Taclet_logProdIdentity.proof took 0 ms to parse. 
362402     WARN  Test worker     d.u.i.k.n.ParsingFacade   Parsing time 535 ms. 
362403     WARN  Test worker     d.u.i.k.n.ParsingFacade   /home/runner/work/key/key/key.core/tacletProofs/intPow/Taclet_logProdIdentityConcrete.proof took 0 ms to parse. 
362403     WARN  Test worker     d.u.i.k.n.ParsingFacade   Parsing time 535 ms. 
363180     WARN  Test worker     d.u.i.k.n.ParsingFacade   file:/home/runner/work/key/key/key.core/build/resources/main/de/uka/ilkd/key/java/JavaRedux/java/lang/String.key took 1 ms to parse. 
363180     WARN  Test worker     d.u.i.k.n.ParsingFacade   Parsing time 536 ms. 
364821     INFO  Test worker     d.u.i.k.t.l.TacletProofObligationInput Proof obligation for taclet: logProdIdentityConcrete 
365589     WARN  Test worker     d.u.i.k.n.ParsingFacade   /home/runner/work/key/key/key.core/tacletProofs/intPow/Taclet_logProdIdentityConcrete.proof took 0 ms to parse. 
365589     WARN  Test worker     d.u.i.k.n.ParsingFacade   Parsing time 536 ms. 
365590     WARN  Test worker     d.u.i.k.n.ParsingFacade   /home/runner/work/key/key/key.core/tacletProofs/intPow/Taclet_logPowIdentity.proof took 0 ms to parse. 
365591     WARN  Test worker     d.u.i.k.n.ParsingFacade   Parsing time 536 ms. 
366368     WARN  Test worker     d.u.i.k.n.ParsingFacade   file:/home/runner/work/key/key/key.core/build/resources/main/de/uka/ilkd/key/java/JavaRedux/java/lang/String.key took 1 ms to parse. 
366369     WARN  Test worker     d.u.i.k.n.ParsingFacade   Parsing time 537 ms. 
368007     INFO  Test worker     d.u.i.k.t.l.TacletProofObligationInput Proof obligation for taclet: logPowIdentity 
368799     WARN  Test worker     d.u.i.k.n.ParsingFacade   /home/runner/work/key/key/key.core/tacletProofs/intPow/Taclet_logPowIdentity.proof took 0 ms to parse. 
368799     WARN  Test worker     d.u.i.k.n.ParsingFacade   Parsing time 537 ms. 
368800     WARN  Test worker     d.u.i.k.n.ParsingFacade   /home/runner/work/key/key/key.core/tacletProofs/intPow/Taclet_logPowIdentityConcrete.proof took 0 ms to parse. 
368801     WARN  Test worker     d.u.i.k.n.ParsingFacade   Parsing time 537 ms. 
369551     WARN  Test worker     d.u.i.k.n.ParsingFacade   file:/home/runner/work/key/key/key.core/build/resources/main/de/uka/ilkd/key/java/JavaRedux/java/lang/String.key took 1 ms to parse. 
369551     WARN  Test worker     d.u.i.k.n.ParsingFacade   Parsing time 538 ms. 
371197     INFO  Test worker     d.u.i.k.t.l.TacletProofObligationInput Proof obligation for taclet: logPowIdentityConcrete 
371989     WARN  Test worker     d.u.i.k.n.ParsingFacade   /home/runner/work/key/key/key.core/tacletProofs/intPow/Taclet_logPowIdentityConcrete.proof took 0 ms to parse. 
371989     WARN  Test worker     d.u.i.k.n.ParsingFacade   Parsing time 538 ms. 
371990     WARN  Test worker     d.u.i.k.n.ParsingFacade   /home/runner/work/key/key/key.core/tacletProofs/intPow/Taclet_logPositive.proof took 0 ms to parse. 
371990     WARN  Test worker     d.u.i.k.n.ParsingFacade   Parsing time 538 ms. 
372741     WARN  Test worker     d.u.i.k.n.ParsingFacade   file:/home/runner/work/key/key/key.core/build/resources/main/de/uka/ilkd/key/java/JavaRedux/java/lang/String.key took 1 ms to parse. 
372741     WARN  Test worker     d.u.i.k.n.ParsingFacade   Parsing time 539 ms. 
374385     INFO  Test worker     d.u.i.k.t.l.TacletProofObligationInput Proof obligation for taclet: logPositive 
375191     WARN  Test worker     d.u.i.k.n.ParsingFacade   /home/runner/work/key/key/key.core/tacletProofs/intPow/Taclet_logPositive.proof took 0 ms to parse. 
375192     WARN  Test worker     d.u.i.k.n.ParsingFacade   Parsing time 539 ms. 
375193     WARN  Test worker     d.u.i.k.n.ParsingFacade   /home/runner/work/key/key/key.core/tacletProofs/intPow/Taclet_logPositiveConcrete.proof took 0 ms to parse. 
375193     WARN  Test worker     d.u.i.k.n.ParsingFacade   Parsing time 539 ms. 
375969     WARN  Test worker     d.u.i.k.n.ParsingFacade   file:/home/runner/work/key/key/key.core/build/resources/main/de/uka/ilkd/key/java/JavaRedux/java/lang/String.key took 2 ms to parse. 
375969     WARN  Test worker     d.u.i.k.n.ParsingFacade   Parsing time 541 ms. 
377588     INFO  Test worker     d.u.i.k.t.l.TacletProofObligationInput Proof obligation for taclet: logPositiveConcrete 
378384     WARN  Test worker     d.u.i.k.n.ParsingFacade   /home/runner/work/key/key/key.core/tacletProofs/intPow/Taclet_logPositiveConcrete.proof took 0 ms to parse. 
378384     WARN  Test worker     d.u.i.k.n.ParsingFacade   Parsing time 541 ms. 
378386     WARN  Test worker     d.u.i.k.n.ParsingFacade   /home/runner/work/key/key/key.core/tacletProofs/intPow/Taclet_logMono.proof took 0 ms to parse. 
378386     WARN  Test worker     d.u.i.k.n.ParsingFacade   Parsing time 541 ms. 
379165     WARN  Test worker     d.u.i.k.n.ParsingFacade   file:/home/runner/work/key/key/key.core/build/resources/main/de/uka/ilkd/key/java/JavaRedux/java/lang/String.key took 1 ms to parse. 
379165     WARN  Test worker     d.u.i.k.n.ParsingFacade   Parsing time 542 ms. 
380781     INFO  Test worker     d.u.i.k.t.l.TacletProofObligationInput Proof obligation for taclet: logMono 
381605     WARN  Test worker     d.u.i.k.n.ParsingFacade   /home/runner/work/key/key/key.core/tacletProofs/intPow/Taclet_logMono.proof took 1 ms to parse. 
381605     WARN  Test worker     d.u.i.k.n.ParsingFacade   Parsing time 543 ms. 
381606     WARN  Test worker     d.u.i.k.n.ParsingFacade   /home/runner/work/key/key/key.core/tacletProofs/intPow/Taclet_logMonoConcrete.proof took 0 ms to parse. 
381606     WARN  Test worker     d.u.i.k.n.ParsingFacade   Parsing time 543 ms. 
382378     WARN  Test worker     d.u.i.k.n.ParsingFacade   file:/home/runner/work/key/key/key.core/build/resources/main/de/uka/ilkd/key/java/JavaRedux/java/lang/String.key took 1 ms to parse. 
382378     WARN  Test worker     d.u.i.k.n.ParsingFacade   Parsing time 544 ms. 
384021     INFO  Test worker     d.u.i.k.t.l.TacletProofObligationInput Proof obligation for taclet: logMonoConcrete 
384790     WARN  Test worker     d.u.i.k.n.ParsingFacade   /home/runner/work/key/key/key.core/tacletProofs/intPow/Taclet_logMonoConcrete.proof took 0 ms to parse. 
384790     WARN  Test worker     d.u.i.k.n.ParsingFacade   Parsing time 544 ms. 
384792     WARN  Test worker     d.u.i.k.n.ParsingFacade   /home/runner/work/key/key/key.core/tacletProofs/intPow/Taclet_powLogLess.proof took 0 ms to parse. 
384792     WARN  Test worker     d.u.i.k.n.ParsingFacade   Parsing time 544 ms. 
385568     WARN  Test worker     d.u.i.k.n.ParsingFacade   file:/home/runner/work/key/key/key.core/build/resources/main/de/uka/ilkd/key/java/JavaRedux/java/lang/String.key took 1 ms to parse. 
385568     WARN  Test worker     d.u.i.k.n.ParsingFacade   Parsing time 545 ms. 
387210     INFO  Test worker     d.u.i.k.t.l.TacletProofObligationInput Proof obligation for taclet: powLogLess 
387998     WARN  Test worker     d.u.i.k.n.ParsingFacade   /home/runner/work/key/key/key.core/tacletProofs/intPow/Taclet_powLogLess.proof took 0 ms to parse. 
387998     WARN  Test worker     d.u.i.k.n.ParsingFacade   Parsing time 545 ms. 
387999     WARN  Test worker     d.u.i.k.n.ParsingFacade   /home/runner/work/key/key/key.core/tacletProofs/intPow/Taclet_powLogMore2.proof took 0 ms to parse. 
387999     WARN  Test worker     d.u.i.k.n.ParsingFacade   Parsing time 545 ms. 
388800     WARN  Test worker     d.u.i.k.n.ParsingFacade   file:/home/runner/work/key/key/key.core/build/resources/main/de/uka/ilkd/key/java/JavaRedux/java/lang/String.key took 1 ms to parse. 
388800     WARN  Test worker     d.u.i.k.n.ParsingFacade   Parsing time 546 ms. 
390441     INFO  Test worker     d.u.i.k.t.l.TacletProofObligationInput Proof obligation for taclet: powLogMore2 
391255     WARN  Test worker     d.u.i.k.n.ParsingFacade   /home/runner/work/key/key/key.core/tacletProofs/intPow/Taclet_powLogMore2.proof took 1 ms to parse. 
391255     WARN  Test worker     d.u.i.k.n.ParsingFacade   Parsing time 547 ms. 
391256     WARN  Test worker     d.u.i.k.n.ParsingFacade   /home/runner/work/key/key/key.core/tacletProofs/intPow/Taclet_logLessThanPow.proof took 0 ms to parse. 
391256     WARN  Test worker     d.u.i.k.n.ParsingFacade   Parsing time 547 ms. 
392011     WARN  Test worker     d.u.i.k.n.ParsingFacade   file:/home/runner/work/key/key/key.core/build/resources/main/de/uka/ilkd/key/java/JavaRedux/java/lang/String.key took 1 ms to parse. 
392011     WARN  Test worker     d.u.i.k.n.ParsingFacade   Parsing time 548 ms. 
393683     INFO  Test worker     d.u.i.k.t.l.TacletProofObligationInput Proof obligation for taclet: logLessThanPow 
394497     WARN  Test worker     d.u.i.k.n.ParsingFacade   /home/runner/work/key/key/key.core/tacletProofs/intPow/Taclet_logLessThanPow.proof took 0 ms to parse. 
394497     WARN  Test worker     d.u.i.k.n.ParsingFacade   Parsing time 548 ms. 
394498     WARN  Test worker     d.u.i.k.n.ParsingFacade   /home/runner/work/key/key/key.core/tacletProofs/intPow/Taclet_logLessThanPowConcrete.proof took 0 ms to parse. 
394498     WARN  Test worker     d.u.i.k.n.ParsingFacade   Parsing time 548 ms. 
395274     WARN  Test worker     d.u.i.k.n.ParsingFacade   file:/home/runner/work/key/key/key.core/build/resources/main/de/uka/ilkd/key/java/JavaRedux/java/lang/String.key took 1 ms to parse. 
395274     WARN  Test worker     d.u.i.k.n.ParsingFacade   Parsing time 549 ms. 
396896     INFO  Test worker     d.u.i.k.t.l.TacletProofObligationInput Proof obligation for taclet: logLessThanPowConcrete 
397690     WARN  Test worker     d.u.i.k.n.ParsingFacade   /home/runner/work/key/key/key.core/tacletProofs/intPow/Taclet_logLessThanPowConcrete.proof took 0 ms to parse. 
397690     WARN  Test worker     d.u.i.k.n.ParsingFacade   Parsing time 549 ms. 
397692     WARN  Test worker     d.u.i.k.n.ParsingFacade   /home/runner/work/key/key/key.core/tacletProofs/intPow/Taclet_logSqueeze.proof took 0 ms to parse. 
397692     WARN  Test worker     d.u.i.k.n.ParsingFacade   Parsing time 549 ms. 
398482     WARN  Test worker     d.u.i.k.n.ParsingFacade   file:/home/runner/work/key/key/key.core/build/resources/main/de/uka/ilkd/key/java/JavaRedux/java/lang/String.key took 1 ms to parse. 
398483     WARN  Test worker     d.u.i.k.n.ParsingFacade   Parsing time 550 ms. 
400102     INFO  Test worker     d.u.i.k.t.l.TacletProofObligationInput Proof obligation for taclet: logSqueeze 
400897     WARN  Test worker     d.u.i.k.n.ParsingFacade   /home/runner/work/key/key/key.core/tacletProofs/intPow/Taclet_logSqueeze.proof took 0 ms to parse. 
400897     WARN  Test worker     d.u.i.k.n.ParsingFacade   Parsing time 550 ms. 
400898     WARN  Test worker     d.u.i.k.n.ParsingFacade   /home/runner/work/key/key/key.core/tacletProofs/booleanRules/Taclet_ifthenelse_equals.proof took 0 ms to parse. 
400898     WARN  Test worker     d.u.i.k.n.ParsingFacade   Parsing time 550 ms. 
401672     WARN  Test worker     d.u.i.k.n.ParsingFacade   file:/home/runner/work/key/key/key.core/build/resources/main/de/uka/ilkd/key/java/JavaRedux/java/lang/String.key took 1 ms to parse. 
401673     WARN  Test worker     d.u.i.k.n.ParsingFacade   Parsing time 551 ms. 
403323     INFO  Test worker     d.u.i.k.t.l.TacletProofObligationInput Proof obligation for taclet: ifthenelse_equals 
404096     WARN  Test worker     d.u.i.k.n.ParsingFacade   /home/runner/work/key/key/key.core/tacletProofs/booleanRules/Taclet_ifthenelse_equals.proof took 0 ms to parse. 
404097     WARN  Test worker     d.u.i.k.n.ParsingFacade   Parsing time 551 ms. 
404098     WARN  Test worker     d.u.i.k.n.ParsingFacade   /home/runner/work/key/key/key.core/tacletProofs/booleanRules/Taclet_ifthenelse_equals_1.proof took 0 ms to parse. 
404099     WARN  Test worker     d.u.i.k.n.ParsingFacade   Parsing time 551 ms. 
404875     WARN  Test worker     d.u.i.k.n.ParsingFacade   file:/home/runner/work/key/key/key.core/build/resources/main/de/uka/ilkd/key/java/JavaRedux/java/lang/String.key took 1 ms to parse. 
404875     WARN  Test worker     d.u.i.k.n.ParsingFacade   Parsing time 552 ms. 
406511     INFO  Test worker     d.u.i.k.t.l.TacletProofObligationInput Proof obligation for taclet: ifthenelse_equals_1 
407303     WARN  Test worker     d.u.i.k.n.ParsingFacade   /home/runner/work/key/key/key.core/tacletProofs/booleanRules/Taclet_ifthenelse_equals_1.proof took 0 ms to parse. 
407303     WARN  Test worker     d.u.i.k.n.ParsingFacade   Parsing time 552 ms. 
407304     WARN  Test worker     d.u.i.k.n.ParsingFacade   /home/runner/work/key/key/key.core/tacletProofs/booleanRules/Taclet_ifthenelse_equals_2.proof took 0 ms to parse. 
407304     WARN  Test worker     d.u.i.k.n.ParsingFacade   Parsing time 552 ms. 
408055     WARN  Test worker     d.u.i.k.n.ParsingFacade   file:/home/runner/work/key/key/key.core/build/resources/main/de/uka/ilkd/key/java/JavaRedux/java/lang/String.key took 1 ms to parse. 
408055     WARN  Test worker     d.u.i.k.n.ParsingFacade   Parsing time 553 ms. 
409700     INFO  Test worker     d.u.i.k.t.l.TacletProofObligationInput Proof obligation for taclet: ifthenelse_equals_2 
410495     WARN  Test worker     d.u.i.k.n.ParsingFacade   /home/runner/work/key/key/key.core/tacletProofs/booleanRules/Taclet_ifthenelse_equals_2.proof took 0 ms to parse. 
410495     WARN  Test worker     d.u.i.k.n.ParsingFacade   Parsing time 553 ms. 
410496     WARN  Test worker     d.u.i.k.n.ParsingFacade   /home/runner/work/key/key/key.core/tacletProofs/locSet/Taclet_disjointWithSingleton1.proof took 0 ms to parse. 
410496     WARN  Test worker     d.u.i.k.n.ParsingFacade   Parsing time 553 ms. 
411271     WARN  Test worker     d.u.i.k.n.ParsingFacade   file:/home/runner/work/key/key/key.core/build/resources/main/de/uka/ilkd/key/java/JavaRedux/java/lang/String.key took 1 ms to parse. 
411271     WARN  Test worker     d.u.i.k.n.ParsingFacade   Parsing time 554 ms. 
412893     INFO  Test worker     d.u.i.k.t.l.TacletProofObligationInput Proof obligation for taclet: disjointWithSingleton1 
413689     WARN  Test worker     d.u.i.k.n.ParsingFacade   /home/runner/work/key/key/key.core/tacletProofs/locSet/Taclet_disjointWithSingleton1.proof took 1 ms to parse. 
413689     WARN  Test worker     d.u.i.k.n.ParsingFacade   Parsing time 555 ms. 
413690     WARN  Test worker     d.u.i.k.n.ParsingFacade   /home/runner/work/key/key/key.core/tacletProofs/locSet/Taclet_disjointWithSingleton2.proof took 0 ms to parse. 
413690     WARN  Test worker     d.u.i.k.n.ParsingFacade   Parsing time 555 ms. 
414465     WARN  Test worker     d.u.i.k.n.ParsingFacade   file:/home/runner/work/key/key/key.core/build/resources/main/de/uka/ilkd/key/java/JavaRedux/java/lang/String.key took 1 ms to parse. 
414465     WARN  Test worker     d.u.i.k.n.ParsingFacade   Parsing time 556 ms. 
416103     INFO  Test worker     d.u.i.k.t.l.TacletProofObligationInput Proof obligation for taclet: disjointWithSingleton2 
416875     WARN  Test worker     d.u.i.k.n.ParsingFacade   /home/runner/work/key/key/key.core/tacletProofs/locSet/Taclet_disjointWithSingleton2.proof took 0 ms to parse. 
416875     WARN  Test worker     d.u.i.k.n.ParsingFacade   Parsing time 556 ms. 
416876     WARN  Test worker     d.u.i.k.n.ParsingFacade   /home/runner/work/key/key/key.core/tacletProofs/locSet/Taclet_disjointArrayRanges.proof took 0 ms to parse. 
416876     WARN  Test worker     d.u.i.k.n.ParsingFacade   Parsing time 556 ms. 
417653     WARN  Test worker     d.u.i.k.n.ParsingFacade   file:/home/runner/work/key/key/key.core/build/resources/main/de/uka/ilkd/key/java/JavaRedux/java/lang/String.key took 1 ms to parse. 
417653     WARN  Test worker     d.u.i.k.n.ParsingFacade   Parsing time 557 ms. 
419291     INFO  Test worker     d.u.i.k.t.l.TacletProofObligationInput Proof obligation for taclet: disjointArrayRanges 
420093     WARN  Test worker     d.u.i.k.n.ParsingFacade   /home/runner/work/key/key/key.core/tacletProofs/locSet/Taclet_disjointArrayRanges.proof took 0 ms to parse. 
420093     WARN  Test worker     d.u.i.k.n.ParsingFacade   Parsing time 557 ms. 
420094     WARN  Test worker     d.u.i.k.n.ParsingFacade   /home/runner/work/key/key/key.core/tacletProofs/locSet/Taclet_disjointArrayRangeAllFields1.proof took 0 ms to parse. 
420094     WARN  Test worker     d.u.i.k.n.ParsingFacade   Parsing time 557 ms. 
420845     WARN  Test worker     d.u.i.k.n.ParsingFacade   file:/home/runner/work/key/key/key.core/build/resources/main/de/uka/ilkd/key/java/JavaRedux/java/lang/String.key took 1 ms to parse. 
420845     WARN  Test worker     d.u.i.k.n.ParsingFacade   Parsing time 558 ms. 
422494     INFO  Test worker     d.u.i.k.t.l.TacletProofObligationInput Proof obligation for taclet: disjointArrayRangeAllFields1 
423298     WARN  Test worker     d.u.i.k.n.ParsingFacade   /home/runner/work/key/key/key.core/tacletProofs/locSet/Taclet_disjointArrayRangeAllFields1.proof took 0 ms to parse. 
423299     WARN  Test worker     d.u.i.k.n.ParsingFacade   Parsing time 558 ms. 
423300     WARN  Test worker     d.u.i.k.n.ParsingFacade   /home/runner/work/key/key/key.core/tacletProofs/locSet/Taclet_disjointArrayRangeAllFields2.proof took 0 ms to parse. 
423300     WARN  Test worker     d.u.i.k.n.ParsingFacade   Parsing time 558 ms. 
424070     WARN  Test worker     d.u.i.k.n.ParsingFacade   file:/home/runner/work/key/key/key.core/build/resources/main/de/uka/ilkd/key/java/JavaRedux/java/lang/String.key took 1 ms to parse. 
424070     WARN  Test worker     d.u.i.k.n.ParsingFacade   Parsing time 559 ms. 
425683     INFO  Test worker     d.u.i.k.t.l.TacletProofObligationInput Proof obligation for taclet: disjointArrayRangeAllFields2 
426486     WARN  Test worker     d.u.i.k.n.ParsingFacade   /home/runner/work/key/key/key.core/tacletProofs/locSet/Taclet_disjointArrayRangeAllFields2.proof took 0 ms to parse. 
426486     WARN  Test worker     d.u.i.k.n.ParsingFacade   Parsing time 559 ms. 
426487     WARN  Test worker     d.u.i.k.n.ParsingFacade   /home/runner/work/key/key/key.core/tacletProofs/seqRules/Taclet_seqSelfDefinition.proof took 0 ms to parse. 
426487     WARN  Test worker     d.u.i.k.n.ParsingFacade   Parsing time 559 ms. 
427264     WARN  Test worker     d.u.i.k.n.ParsingFacade   file:/home/runner/work/key/key/key.core/build/resources/main/de/uka/ilkd/key/java/JavaRedux/java/lang/String.key took 1 ms to parse. 
427264     WARN  Test worker     d.u.i.k.n.ParsingFacade   Parsing time 560 ms. 
428907     INFO  Test worker     d.u.i.k.t.l.TacletProofObligationInput Proof obligation for taclet: seqSelfDefinition 
429703     WARN  Test worker     d.u.i.k.n.ParsingFacade   /home/runner/work/key/key/key.core/tacletProofs/seqRules/Taclet_seqSelfDefinition.proof took 0 ms to parse. 
429703     WARN  Test worker     d.u.i.k.n.ParsingFacade   Parsing time 560 ms. 
429704     WARN  Test worker     d.u.i.k.n.ParsingFacade   /home/runner/work/key/key/key.core/tacletProofs/seqRules/Taclet_seqOutsideValue.proof took 0 ms to parse. 
429704     WARN  Test worker     d.u.i.k.n.ParsingFacade   Parsing time 560 ms. 
430480     WARN  Test worker     d.u.i.k.n.ParsingFacade   file:/home/runner/work/key/key/key.core/build/resources/main/de/uka/ilkd/key/java/JavaRedux/java/lang/String.key took 1 ms to parse. 
430480     WARN  Test worker     d.u.i.k.n.ParsingFacade   Parsing time 561 ms. 
432119     INFO  Test worker     d.u.i.k.t.l.TacletProofObligationInput Proof obligation for taclet: seqOutsideValue 
432920     WARN  Test worker     d.u.i.k.n.ParsingFacade   /home/runner/work/key/key/key.core/tacletProofs/seqRules/Taclet_seqOutsideValue.proof took 0 ms to parse. 
432920     WARN  Test worker     d.u.i.k.n.ParsingFacade   Parsing time 561 ms. 
432922     WARN  Test worker     d.u.i.k.n.ParsingFacade   /home/runner/work/key/key/key.core/tacletProofs/seqRules/Taclet_castedGetAny.proof took 1 ms to parse. 
432922     WARN  Test worker     d.u.i.k.n.ParsingFacade   Parsing time 562 ms. 
433696     WARN  Test worker     d.u.i.k.n.ParsingFacade   file:/home/runner/work/key/key/key.core/build/resources/main/de/uka/ilkd/key/java/JavaRedux/java/lang/String.key took 1 ms to parse. 
433696     WARN  Test worker     d.u.i.k.n.ParsingFacade   Parsing time 563 ms. 
435312     INFO  Test worker     d.u.i.k.t.l.TacletProofObligationInput Proof obligation for taclet: castedGetAny 
436137     WARN  Test worker     d.u.i.k.n.ParsingFacade   /home/runner/work/key/key/key.core/tacletProofs/seqRules/Taclet_castedGetAny.proof took 0 ms to parse. 
436137     WARN  Test worker     d.u.i.k.n.ParsingFacade   Parsing time 563 ms. 
436138     WARN  Test worker     d.u.i.k.n.ParsingFacade   /home/runner/work/key/key/key.core/tacletProofs/seqRules/Taclet_seqGetAlphaCast.proof took 0 ms to parse. 
436138     WARN  Test worker     d.u.i.k.n.ParsingFacade   Parsing time 563 ms. 
436911     WARN  Test worker     d.u.i.k.n.ParsingFacade   file:/home/runner/work/key/key/key.core/build/resources/main/de/uka/ilkd/key/java/JavaRedux/java/lang/String.key took 1 ms to parse. 
436911     WARN  Test worker     d.u.i.k.n.ParsingFacade   Parsing time 564 ms. 
438547     INFO  Test worker     d.u.i.k.t.l.TacletProofObligationInput Proof obligation for taclet: seqGetAlphaCast 
439323     WARN  Test worker     d.u.i.k.n.ParsingFacade   /home/runner/work/key/key/key.core/tacletProofs/seqRules/Taclet_seqGetAlphaCast.proof took 0 ms to parse. 
439323     WARN  Test worker     d.u.i.k.n.ParsingFacade   Parsing time 564 ms. 
439324     WARN  Test worker     d.u.i.k.n.ParsingFacade   /home/runner/work/key/key/key.core/tacletProofs/seqRules/Taclet_getOfSeqSingleton.proof took 0 ms to parse. 
439324     WARN  Test worker     d.u.i.k.n.ParsingFacade   Parsing time 564 ms. 
440097     WARN  Test worker     d.u.i.k.n.ParsingFacade   file:/home/runner/work/key/key/key.core/build/resources/main/de/uka/ilkd/key/java/JavaRedux/java/lang/String.key took 1 ms to parse. 
440097     WARN  Test worker     d.u.i.k.n.ParsingFacade   Parsing time 565 ms. 
441733     INFO  Test worker     d.u.i.k.t.l.TacletProofObligationInput Proof obligation for taclet: getOfSeqSingleton 
442533     WARN  Test worker     d.u.i.k.n.ParsingFacade   /home/runner/work/key/key/key.core/tacletProofs/seqRules/Taclet_getOfSeqSingleton.proof took 0 ms to parse. 
442533     WARN  Test worker     d.u.i.k.n.ParsingFacade   Parsing time 565 ms. 
442534     WARN  Test worker     d.u.i.k.n.ParsingFacade   /home/runner/work/key/key/key.core/tacletProofs/seqRules/Taclet_getOfSeqSingletonConcrete.proof took 0 ms to parse. 
442534     WARN  Test worker     d.u.i.k.n.ParsingFacade   Parsing time 565 ms. 
443284     WARN  Test worker     d.u.i.k.n.ParsingFacade   file:/home/runner/work/key/key/key.core/build/resources/main/de/uka/ilkd/key/java/JavaRedux/java/lang/String.key took 1 ms to parse. 
443284     WARN  Test worker     d.u.i.k.n.ParsingFacade   Parsing time 566 ms. 
444925     INFO  Test worker     d.u.i.k.t.l.TacletProofObligationInput Proof obligation for taclet: getOfSeqSingletonConcrete 
445724     WARN  Test worker     d.u.i.k.n.ParsingFacade   /home/runner/work/key/key/key.core/tacletProofs/seqRules/Taclet_getOfSeqSingletonConcrete.proof took 0 ms to parse. 
445724     WARN  Test worker     d.u.i.k.n.ParsingFacade   Parsing time 566 ms. 
445725     WARN  Test worker     d.u.i.k.n.ParsingFacade   /home/runner/work/key/key/key.core/tacletProofs/seqRules/Taclet_getOfSeqConcat.proof took 0 ms to parse. 
445725     WARN  Test worker     d.u.i.k.n.ParsingFacade   Parsing time 566 ms. 
446500     WARN  Test worker     d.u.i.k.n.ParsingFacade   file:/home/runner/work/key/key/key.core/build/resources/main/de/uka/ilkd/key/java/JavaRedux/java/lang/String.key took 1 ms to parse. 
446500     WARN  Test worker     d.u.i.k.n.ParsingFacade   Parsing time 567 ms. 
448144     INFO  Test worker     d.u.i.k.t.l.TacletProofObligationInput Proof obligation for taclet: getOfSeqConcat 
448929     WARN  Test worker     d.u.i.k.n.ParsingFacade   /home/runner/work/key/key/key.core/tacletProofs/seqRules/Taclet_getOfSeqConcat.proof took 0 ms to parse. 
448929     WARN  Test worker     d.u.i.k.n.ParsingFacade   Parsing time 567 ms. 
448930     WARN  Test worker     d.u.i.k.n.ParsingFacade   /home/runner/work/key/key/key.core/tacletProofs/seqRules/Taclet_getOfSeqSub.proof took 0 ms to parse. 
448930     WARN  Test worker     d.u.i.k.n.ParsingFacade   Parsing time 567 ms. 
449706     WARN  Test worker     d.u.i.k.n.ParsingFacade   file:/home/runner/work/key/key/key.core/build/resources/main/de/uka/ilkd/key/java/JavaRedux/java/lang/String.key took 1 ms to parse. 
449706     WARN  Test worker     d.u.i.k.n.ParsingFacade   Parsing time 568 ms. 
451371     INFO  Test worker     d.u.i.k.t.l.TacletProofObligationInput Proof obligation for taclet: getOfSeqSub 
452173     WARN  Test worker     d.u.i.k.n.ParsingFacade   /home/runner/work/key/key/key.core/tacletProofs/seqRules/Taclet_getOfSeqSub.proof took 0 ms to parse. 
452173     WARN  Test worker     d.u.i.k.n.ParsingFacade   Parsing time 568 ms. 
452174     WARN  Test worker     d.u.i.k.n.ParsingFacade   /home/runner/work/key/key/key.core/tacletProofs/seqRules/Taclet_getOfSeqReverse.proof took 0 ms to parse. 
452174     WARN  Test worker     d.u.i.k.n.ParsingFacade   Parsing time 568 ms. 
452950     WARN  Test worker     d.u.i.k.n.ParsingFacade   file:/home/runner/work/key/key/key.core/build/resources/main/de/uka/ilkd/key/java/JavaRedux/java/lang/String.key took 1 ms to parse. 
452950     WARN  Test worker     d.u.i.k.n.ParsingFacade   Parsing time 569 ms. 
454575     INFO  Test worker     d.u.i.k.t.l.TacletProofObligationInput Proof obligation for taclet: getOfSeqReverse 
455387     WARN  Test worker     d.u.i.k.n.ParsingFacade   /home/runner/work/key/key/key.core/tacletProofs/seqRules/Taclet_getOfSeqReverse.proof took 0 ms to parse. 
455387     WARN  Test worker     d.u.i.k.n.ParsingFacade   Parsing time 569 ms. 
455388     WARN  Test worker     d.u.i.k.n.ParsingFacade   /home/runner/work/key/key/key.core/tacletProofs/seqRules/Taclet_lenOfSeqEmpty.proof took 0 ms to parse. 
455388     WARN  Test worker     d.u.i.k.n.ParsingFacade   Parsing time 569 ms. 
456163     WARN  Test worker     d.u.i.k.n.ParsingFacade   file:/home/runner/work/key/key/key.core/build/resources/main/de/uka/ilkd/key/java/JavaRedux/java/lang/String.key took 1 ms to parse. 
456164     WARN  Test worker     d.u.i.k.n.ParsingFacade   Parsing time 570 ms. 
457804     INFO  Test worker     d.u.i.k.t.l.TacletProofObligationInput Proof obligation for taclet: lenOfSeqEmpty 
458582     WARN  Test worker     d.u.i.k.n.ParsingFacade   /home/runner/work/key/key/key.core/tacletProofs/seqRules/Taclet_lenOfSeqEmpty.proof took 0 ms to parse. 
458582     WARN  Test worker     d.u.i.k.n.ParsingFacade   Parsing time 570 ms. 
458583     WARN  Test worker     d.u.i.k.n.ParsingFacade   /home/runner/work/key/key/key.core/tacletProofs/seqRules/Taclet_lenOfSeqSingleton.proof took 0 ms to parse. 
458583     WARN  Test worker     d.u.i.k.n.ParsingFacade   Parsing time 570 ms. 
459356     WARN  Test worker     d.u.i.k.n.ParsingFacade   file:/home/runner/work/key/key/key.core/build/resources/main/de/uka/ilkd/key/java/JavaRedux/java/lang/String.key took 1 ms to parse. 
459356     WARN  Test worker     d.u.i.k.n.ParsingFacade   Parsing time 571 ms. 
460997     INFO  Test worker     d.u.i.k.t.l.TacletProofObligationInput Proof obligation for taclet: lenOfSeqSingleton 
461799     WARN  Test worker     d.u.i.k.n.ParsingFacade   /home/runner/work/key/key/key.core/tacletProofs/seqRules/Taclet_lenOfSeqSingleton.proof took 1 ms to parse. 
461799     WARN  Test worker     d.u.i.k.n.ParsingFacade   Parsing time 572 ms. 
461800     WARN  Test worker     d.u.i.k.n.ParsingFacade   /home/runner/work/key/key/key.core/tacletProofs/seqRules/Taclet_lenOfSeqConcat.proof took 0 ms to parse. 
461800     WARN  Test worker     d.u.i.k.n.ParsingFacade   Parsing time 572 ms. 
462575     WARN  Test worker     d.u.i.k.n.ParsingFacade   file:/home/runner/work/key/key/key.core/build/resources/main/de/uka/ilkd/key/java/JavaRedux/java/lang/String.key took 1 ms to parse. 
462575     WARN  Test worker     d.u.i.k.n.ParsingFacade   Parsing time 573 ms. 
464195     INFO  Test worker     d.u.i.k.t.l.TacletProofObligationInput Proof obligation for taclet: lenOfSeqConcat 
464998     WARN  Test worker     d.u.i.k.n.ParsingFacade   /home/runner/work/key/key/key.core/tacletProofs/seqRules/Taclet_lenOfSeqConcat.proof took 0 ms to parse. 
464998     WARN  Test worker     d.u.i.k.n.ParsingFacade   Parsing time 573 ms. 
465000     WARN  Test worker     d.u.i.k.n.ParsingFacade   /home/runner/work/key/key/key.core/tacletProofs/seqRules/Taclet_lenOfSeqSub.proof took 0 ms to parse. 
465000     WARN  Test worker     d.u.i.k.n.ParsingFacade   Parsing time 573 ms. 
465774     WARN  Test worker     d.u.i.k.n.ParsingFacade   file:/home/runner/work/key/key/key.core/build/resources/main/de/uka/ilkd/key/java/JavaRedux/java/lang/String.key took 2 ms to parse. 
465774     WARN  Test worker     d.u.i.k.n.ParsingFacade   Parsing time 575 ms. 
467417     INFO  Test worker     d.u.i.k.t.l.TacletProofObligationInput Proof obligation for taclet: lenOfSeqSub 
468215     WARN  Test worker     d.u.i.k.n.ParsingFacade   /home/runner/work/key/key/key.core/tacletProofs/seqRules/Taclet_lenOfSeqSub.proof took 0 ms to parse. 
468215     WARN  Test worker     d.u.i.k.n.ParsingFacade   Parsing time 575 ms. 
468217     WARN  Test worker     d.u.i.k.n.ParsingFacade   /home/runner/work/key/key/key.core/tacletProofs/seqRules/Taclet_lenOfSeqReverse.proof took 0 ms to parse. 
468217     WARN  Test worker     d.u.i.k.n.ParsingFacade   Parsing time 575 ms. 
468968     WARN  Test worker     d.u.i.k.n.ParsingFacade   file:/home/runner/work/key/key/key.core/build/resources/main/de/uka/ilkd/key/java/JavaRedux/java/lang/String.key took 1 ms to parse. 
468968     WARN  Test worker     d.u.i.k.n.ParsingFacade   Parsing time 576 ms. 
470611     INFO  Test worker     d.u.i.k.t.l.TacletProofObligationInput Proof obligation for taclet: lenOfSeqReverse 
471424     WARN  Test worker     d.u.i.k.n.ParsingFacade   /home/runner/work/key/key/key.core/tacletProofs/seqRules/Taclet_lenOfSeqReverse.proof took 0 ms to parse. 
471424     WARN  Test worker     d.u.i.k.n.ParsingFacade   Parsing time 576 ms. 
471425     WARN  Test worker     d.u.i.k.n.ParsingFacade   /home/runner/work/key/key/key.core/tacletProofs/seqRules/Taclet_equalityToSeqGetAndSeqLenLeft.proof took 0 ms to parse. 
471425     WARN  Test worker     d.u.i.k.n.ParsingFacade   Parsing time 576 ms. 
472202     WARN  Test worker     d.u.i.k.n.ParsingFacade   file:/home/runner/work/key/key/key.core/build/resources/main/de/uka/ilkd/key/java/JavaRedux/java/lang/String.key took 1 ms to parse. 
472202     WARN  Test worker     d.u.i.k.n.ParsingFacade   Parsing time 577 ms. 
473840     INFO  Test worker     d.u.i.k.t.l.TacletProofObligationInput Proof obligation for taclet: equalityToSeqGetAndSeqLenLeft 
474649     WARN  Test worker     d.u.i.k.n.ParsingFacade   /home/runner/work/key/key/key.core/tacletProofs/seqRules/Taclet_equalityToSeqGetAndSeqLenLeft.proof took 0 ms to parse. 
474649     WARN  Test worker     d.u.i.k.n.ParsingFacade   Parsing time 577 ms. 
474650     WARN  Test worker     d.u.i.k.n.ParsingFacade   /home/runner/work/key/key/key.core/tacletProofs/seqRules/Taclet_equalityToSeqGetAndSeqLenRight.proof took 0 ms to parse. 
474650     WARN  Test worker     d.u.i.k.n.ParsingFacade   Parsing time 577 ms. 
475403     WARN  Test worker     d.u.i.k.n.ParsingFacade   file:/home/runner/work/key/key/key.core/build/resources/main/de/uka/ilkd/key/java/JavaRedux/java/lang/String.key took 1 ms to parse. 
475403     WARN  Test worker     d.u.i.k.n.ParsingFacade   Parsing time 578 ms. 
477046     INFO  Test worker     d.u.i.k.t.l.TacletProofObligationInput Proof obligation for taclet: equalityToSeqGetAndSeqLenRight 
477848     WARN  Test worker     d.u.i.k.n.ParsingFacade   /home/runner/work/key/key/key.core/tacletProofs/seqRules/Taclet_equalityToSeqGetAndSeqLenRight.proof took 0 ms to parse. 
477848     WARN  Test worker     d.u.i.k.n.ParsingFacade   Parsing time 578 ms. 
477850     WARN  Test worker     d.u.i.k.n.ParsingFacade   /home/runner/work/key/key/key.core/tacletProofs/seqRules/Taclet_getOfSeqSingletonEQ.proof took 0 ms to parse. 
477850     WARN  Test worker     d.u.i.k.n.ParsingFacade   Parsing time 578 ms. 
478620     WARN  Test worker     d.u.i.k.n.ParsingFacade   file:/home/runner/work/key/key/key.core/build/resources/main/de/uka/ilkd/key/java/JavaRedux/java/lang/String.key took 1 ms to parse. 
478620     WARN  Test worker     d.u.i.k.n.ParsingFacade   Parsing time 579 ms. 
480260     INFO  Test worker     d.u.i.k.t.l.TacletProofObligationInput Proof obligation for taclet: getOfSeqSingletonEQ 
481036     WARN  Test worker     d.u.i.k.n.ParsingFacade   /home/runner/work/key/key/key.core/tacletProofs/seqRules/Taclet_getOfSeqSingletonEQ.proof took 0 ms to parse. 
481036     WARN  Test worker     d.u.i.k.n.ParsingFacade   Parsing time 579 ms. 
481038     WARN  Test worker     d.u.i.k.n.ParsingFacade   /home/runner/work/key/key/key.core/tacletProofs/seqRules/Taclet_getOfSeqConcatEQ.proof took 0 ms to parse. 
481038     WARN  Test worker     d.u.i.k.n.ParsingFacade   Parsing time 579 ms. 
481810     WARN  Test worker     d.u.i.k.n.ParsingFacade   file:/home/runner/work/key/key/key.core/build/resources/main/de/uka/ilkd/key/java/JavaRedux/java/lang/String.key took 1 ms to parse. 
481810     WARN  Test worker     d.u.i.k.n.ParsingFacade   Parsing time 580 ms. 
483451     INFO  Test worker     d.u.i.k.t.l.TacletProofObligationInput Proof obligation for taclet: getOfSeqConcatEQ 
484258     WARN  Test worker     d.u.i.k.n.ParsingFacade   /home/runner/work/key/key/key.core/tacletProofs/seqRules/Taclet_getOfSeqConcatEQ.proof took 0 ms to parse. 
484258     WARN  Test worker     d.u.i.k.n.ParsingFacade   Parsing time 580 ms. 
484259     WARN  Test worker     d.u.i.k.n.ParsingFacade   /home/runner/work/key/key/key.core/tacletProofs/seqRules/Taclet_getOfSeqSubEQ.proof took 0 ms to parse. 
484259     WARN  Test worker     d.u.i.k.n.ParsingFacade   Parsing time 580 ms. 
485035     WARN  Test worker     d.u.i.k.n.ParsingFacade   file:/home/runner/work/key/key/key.core/build/resources/main/de/uka/ilkd/key/java/JavaRedux/java/lang/String.key took 1 ms to parse. 
485035     WARN  Test worker     d.u.i.k.n.ParsingFacade   Parsing time 581 ms. 
486660     INFO  Test worker     d.u.i.k.t.l.TacletProofObligationInput Proof obligation for taclet: getOfSeqSubEQ 
487458     WARN  Test worker     d.u.i.k.n.ParsingFacade   /home/runner/work/key/key/key.core/tacletProofs/seqRules/Taclet_getOfSeqSubEQ.proof took 0 ms to parse. 
487458     WARN  Test worker     d.u.i.k.n.ParsingFacade   Parsing time 581 ms. 
487459     WARN  Test worker     d.u.i.k.n.ParsingFacade   /home/runner/work/key/key/key.core/tacletProofs/seqRules/Taclet_getOfSeqReverseEQ.proof took 0 ms to parse. 
487459     WARN  Test worker     d.u.i.k.n.ParsingFacade   Parsing time 581 ms. 
488234     WARN  Test worker     d.u.i.k.n.ParsingFacade   file:/home/runner/work/key/key/key.core/build/resources/main/de/uka/ilkd/key/java/JavaRedux/java/lang/String.key took 1 ms to parse. 
488234     WARN  Test worker     d.u.i.k.n.ParsingFacade   Parsing time 582 ms. 
489871     INFO  Test worker     d.u.i.k.t.l.TacletProofObligationInput Proof obligation for taclet: getOfSeqReverseEQ 
490673     WARN  Test worker     d.u.i.k.n.ParsingFacade   /home/runner/work/key/key/key.core/tacletProofs/seqRules/Taclet_getOfSeqReverseEQ.proof took 0 ms to parse. 
490673     WARN  Test worker     d.u.i.k.n.ParsingFacade   Parsing time 582 ms. 
490674     WARN  Test worker     d.u.i.k.n.ParsingFacade   /home/runner/work/key/key/key.core/tacletProofs/seqRules/Taclet_lenOfSeqEmptyEQ.proof took 0 ms to parse. 
490674     WARN  Test worker     d.u.i.k.n.ParsingFacade   Parsing time 582 ms. 
491451     WARN  Test worker     d.u.i.k.n.ParsingFacade   file:/home/runner/work/key/key/key.core/build/resources/main/de/uka/ilkd/key/java/JavaRedux/java/lang/String.key took 1 ms to parse. 
491451     WARN  Test worker     d.u.i.k.n.ParsingFacade   Parsing time 583 ms. 
493077     INFO  Test worker     d.u.i.k.t.l.TacletProofObligationInput Proof obligation for taclet: lenOfSeqEmptyEQ 
493877     WARN  Test worker     d.u.i.k.n.ParsingFacade   /home/runner/work/key/key/key.core/tacletProofs/seqRules/Taclet_lenOfSeqEmptyEQ.proof took 0 ms to parse. 
493877     WARN  Test worker     d.u.i.k.n.ParsingFacade   Parsing time 583 ms. 
493879     WARN  Test worker     d.u.i.k.n.ParsingFacade   /home/runner/work/key/key/key.core/tacletProofs/seqRules/Taclet_lenOfSeqSingletonEQ.proof took 1 ms to parse. 
493879     WARN  Test worker     d.u.i.k.n.ParsingFacade   Parsing time 584 ms. 
494654     WARN  Test worker     d.u.i.k.n.ParsingFacade   file:/home/runner/work/key/key/key.core/build/resources/main/de/uka/ilkd/key/java/JavaRedux/java/lang/String.key took 1 ms to parse. 
494654     WARN  Test worker     d.u.i.k.n.ParsingFacade   Parsing time 585 ms. 
496295     INFO  Test worker     d.u.i.k.t.l.TacletProofObligationInput Proof obligation for taclet: lenOfSeqSingletonEQ 
497094     WARN  Test worker     d.u.i.k.n.ParsingFacade   /home/runner/work/key/key/key.core/tacletProofs/seqRules/Taclet_lenOfSeqSingletonEQ.proof took 0 ms to parse. 
497095     WARN  Test worker     d.u.i.k.n.ParsingFacade   Parsing time 585 ms. 
497096     WARN  Test worker     d.u.i.k.n.ParsingFacade   /home/runner/work/key/key/key.core/tacletProofs/seqRules/Taclet_lenOfSeqConcatEQ.proof took 0 ms to parse. 
497096     WARN  Test worker     d.u.i.k.n.ParsingFacade   Parsing time 585 ms. 
497867     WARN  Test worker     d.u.i.k.n.ParsingFacade   file:/home/runner/work/key/key/key.core/build/resources/main/de/uka/ilkd/key/java/JavaRedux/java/lang/String.key took 1 ms to parse. 
497867     WARN  Test worker     d.u.i.k.n.ParsingFacade   Parsing time 586 ms. 
499481     INFO  Test worker     d.u.i.k.t.l.TacletProofObligationInput Proof obligation for taclet: lenOfSeqConcatEQ 
500280     WARN  Test worker     d.u.i.k.n.ParsingFacade   /home/runner/work/key/key/key.core/tacletProofs/seqRules/Taclet_lenOfSeqConcatEQ.proof took 0 ms to parse. 
500280     WARN  Test worker     d.u.i.k.n.ParsingFacade   Parsing time 586 ms. 
500281     WARN  Test worker     d.u.i.k.n.ParsingFacade   /home/runner/work/key/key/key.core/tacletProofs/seqRules/Taclet_lenOfSeqSubEQ.proof took 0 ms to parse. 
500281     WARN  Test worker     d.u.i.k.n.ParsingFacade   Parsing time 586 ms. 
501057     WARN  Test worker     d.u.i.k.n.ParsingFacade   file:/home/runner/work/key/key/key.core/build/resources/main/de/uka/ilkd/key/java/JavaRedux/java/lang/String.key took 1 ms to parse. 
501057     WARN  Test worker     d.u.i.k.n.ParsingFacade   Parsing time 587 ms. 
502696     INFO  Test worker     d.u.i.k.t.l.TacletProofObligationInput Proof obligation for taclet: lenOfSeqSubEQ 
503495     WARN  Test worker     d.u.i.k.n.ParsingFacade   /home/runner/work/key/key/key.core/tacletProofs/seqRules/Taclet_lenOfSeqSubEQ.proof took 0 ms to parse. 
503495     WARN  Test worker     d.u.i.k.n.ParsingFacade   Parsing time 587 ms. 
503496     WARN  Test worker     d.u.i.k.n.ParsingFacade   /home/runner/work/key/key/key.core/tacletProofs/seqRules/Taclet_lenOfSeqReverseEQ.proof took 0 ms to parse. 
503496     WARN  Test worker     d.u.i.k.n.ParsingFacade   Parsing time 587 ms. 
504267     WARN  Test worker     d.u.i.k.n.ParsingFacade   file:/home/runner/work/key/key/key.core/build/resources/main/de/uka/ilkd/key/java/JavaRedux/java/lang/String.key took 1 ms to parse. 
504267     WARN  Test worker     d.u.i.k.n.ParsingFacade   Parsing time 588 ms. 
505907     INFO  Test worker     d.u.i.k.t.l.TacletProofObligationInput Proof obligation for taclet: lenOfSeqReverseEQ 
506683     WARN  Test worker     d.u.i.k.n.ParsingFacade   /home/runner/work/key/key/key.core/tacletProofs/seqRules/Taclet_lenOfSeqReverseEQ.proof took 0 ms to parse. 
506683     WARN  Test worker     d.u.i.k.n.ParsingFacade   Parsing time 588 ms. 
506685     WARN  Test worker     d.u.i.k.n.ParsingFacade   /home/runner/work/key/key/key.core/tacletProofs/seqRules/Taclet_getOfSeqDefEQ.proof took 1 ms to parse. 
506685     WARN  Test worker     d.u.i.k.n.ParsingFacade   Parsing time 589 ms. 
507455     WARN  Test worker     d.u.i.k.n.ParsingFacade   file:/home/runner/work/key/key/key.core/build/resources/main/de/uka/ilkd/key/java/JavaRedux/java/lang/String.key took 1 ms to parse. 
507455     WARN  Test worker     d.u.i.k.n.ParsingFacade   Parsing time 590 ms. 
509097     INFO  Test worker     d.u.i.k.t.l.TacletProofObligationInput Proof obligation for taclet: getOfSeqDefEQ 
509896     WARN  Test worker     d.u.i.k.n.ParsingFacade   /home/runner/work/key/key/key.core/tacletProofs/seqRules/Taclet_getOfSeqDefEQ.proof took 0 ms to parse. 
509896     WARN  Test worker     d.u.i.k.n.ParsingFacade   Parsing time 590 ms. 
509897     WARN  Test worker     d.u.i.k.n.ParsingFacade   /home/runner/work/key/key/key.core/tacletProofs/seqRules/Taclet_lenOfSeqDefEQ.proof took 0 ms to parse. 
509897     WARN  Test worker     d.u.i.k.n.ParsingFacade   Parsing time 590 ms. 
510668     WARN  Test worker     d.u.i.k.n.ParsingFacade   file:/home/runner/work/key/key/key.core/build/resources/main/de/uka/ilkd/key/java/JavaRedux/java/lang/String.key took 1 ms to parse. 
510668     WARN  Test worker     d.u.i.k.n.ParsingFacade   Parsing time 591 ms. 
512303     INFO  Test worker     d.u.i.k.t.l.TacletProofObligationInput Proof obligation for taclet: lenOfSeqDefEQ 
513083     WARN  Test worker     d.u.i.k.n.ParsingFacade   /home/runner/work/key/key/key.core/tacletProofs/seqRules/Taclet_lenOfSeqDefEQ.proof took 0 ms to parse. 
513083     WARN  Test worker     d.u.i.k.n.ParsingFacade   Parsing time 591 ms. 
513084     WARN  Test worker     d.u.i.k.n.ParsingFacade   /home/runner/work/key/key/key.core/tacletProofs/seqRules/Taclet_seqConcatWithSeqEmpty1.proof took 0 ms to parse. 
513084     WARN  Test worker     d.u.i.k.n.ParsingFacade   Parsing time 591 ms. 
513858     WARN  Test worker     d.u.i.k.n.ParsingFacade   file:/home/runner/work/key/key/key.core/build/resources/main/de/uka/ilkd/key/java/JavaRedux/java/lang/String.key took 1 ms to parse. 
513858     WARN  Test worker     d.u.i.k.n.ParsingFacade   Parsing time 592 ms. 
515494     INFO  Test worker     d.u.i.k.t.l.TacletProofObligationInput Proof obligation for taclet: seqConcatWithSeqEmpty1 
516302     WARN  Test worker     d.u.i.k.n.ParsingFacade   /home/runner/work/key/key/key.core/tacletProofs/seqRules/Taclet_seqConcatWithSeqEmpty1.proof took 0 ms to parse. 
516302     WARN  Test worker     d.u.i.k.n.ParsingFacade   Parsing time 592 ms. 
516303     WARN  Test worker     d.u.i.k.n.ParsingFacade   /home/runner/work/key/key/key.core/tacletProofs/seqRules/Taclet_seqConcatWithSeqEmpty2.proof took 0 ms to parse. 
516303     WARN  Test worker     d.u.i.k.n.ParsingFacade   Parsing time 592 ms. 
517080     WARN  Test worker     d.u.i.k.n.ParsingFacade   file:/home/runner/work/key/key/key.core/build/resources/main/de/uka/ilkd/key/java/JavaRedux/java/lang/String.key took 1 ms to parse. 
517080     WARN  Test worker     d.u.i.k.n.ParsingFacade   Parsing time 593 ms. 
518726     INFO  Test worker     d.u.i.k.t.l.TacletProofObligationInput Proof obligation for taclet: seqConcatWithSeqEmpty2 
519536     WARN  Test worker     d.u.i.k.n.ParsingFacade   /home/runner/work/key/key/key.core/tacletProofs/seqRules/Taclet_seqConcatWithSeqEmpty2.proof took 0 ms to parse. 
519536     WARN  Test worker     d.u.i.k.n.ParsingFacade   Parsing time 593 ms. 
519537     WARN  Test worker     d.u.i.k.n.ParsingFacade   /home/runner/work/key/key/key.core/tacletProofs/seqRules/Taclet_seqReverseOfSeqEmpty.proof took 0 ms to parse. 
519537     WARN  Test worker     d.u.i.k.n.ParsingFacade   Parsing time 593 ms. 
520287     WARN  Test worker     d.u.i.k.n.ParsingFacade   file:/home/runner/work/key/key/key.core/build/resources/main/de/uka/ilkd/key/java/JavaRedux/java/lang/String.key took 1 ms to parse. 
520287     WARN  Test worker     d.u.i.k.n.ParsingFacade   Parsing time 594 ms. 
521929     INFO  Test worker     d.u.i.k.t.l.TacletProofObligationInput Proof obligation for taclet: seqReverseOfSeqEmpty 
522734     WARN  Test worker     d.u.i.k.n.ParsingFacade   /home/runner/work/key/key/key.core/tacletProofs/seqRules/Taclet_seqReverseOfSeqEmpty.proof took 0 ms to parse. 
522734     WARN  Test worker     d.u.i.k.n.ParsingFacade   Parsing time 594 ms. 
522735     WARN  Test worker     d.u.i.k.n.ParsingFacade   /home/runner/work/key/key/key.core/tacletProofs/seqRules/Taclet_subSeqComplete.proof took 0 ms to parse. 
522735     WARN  Test worker     d.u.i.k.n.ParsingFacade   Parsing time 594 ms. 
523506     WARN  Test worker     d.u.i.k.n.ParsingFacade   file:/home/runner/work/key/key/key.core/build/resources/main/de/uka/ilkd/key/java/JavaRedux/java/lang/String.key took 1 ms to parse. 
523506     WARN  Test worker     d.u.i.k.n.ParsingFacade   Parsing time 595 ms. 
525146     INFO  Test worker     d.u.i.k.t.l.TacletProofObligationInput Proof obligation for taclet: subSeqComplete 
525952     WARN  Test worker     d.u.i.k.n.ParsingFacade   /home/runner/work/key/key/key.core/tacletProofs/seqRules/Taclet_subSeqComplete.proof took 0 ms to parse. 
525952     WARN  Test worker     d.u.i.k.n.ParsingFacade   Parsing time 595 ms. 
525953     WARN  Test worker     d.u.i.k.n.ParsingFacade   /home/runner/work/key/key/key.core/tacletProofs/seqRules/Taclet_subSeqTailR.proof took 0 ms to parse. 
525953     WARN  Test worker     d.u.i.k.n.ParsingFacade   Parsing time 595 ms. 
526727     WARN  Test worker     d.u.i.k.n.ParsingFacade   file:/home/runner/work/key/key/key.core/build/resources/main/de/uka/ilkd/key/java/JavaRedux/java/lang/String.key took 1 ms to parse. 
526727     WARN  Test worker     d.u.i.k.n.ParsingFacade   Parsing time 596 ms. 
528363     INFO  Test worker     d.u.i.k.t.l.TacletProofObligationInput Proof obligation for taclet: subSeqTailR 
529160     WARN  Test worker     d.u.i.k.n.ParsingFacade   /home/runner/work/key/key/key.core/tacletProofs/seqRules/Taclet_subSeqTailR.proof took 0 ms to parse. 
529160     WARN  Test worker     d.u.i.k.n.ParsingFacade   Parsing time 596 ms. 
529162     WARN  Test worker     d.u.i.k.n.ParsingFacade   /home/runner/work/key/key/key.core/tacletProofs/seqRules/Taclet_subSeqTailL.proof took 1 ms to parse. 
529162     WARN  Test worker     d.u.i.k.n.ParsingFacade   Parsing time 597 ms. 
529936     WARN  Test worker     d.u.i.k.n.ParsingFacade   file:/home/runner/work/key/key/key.core/build/resources/main/de/uka/ilkd/key/java/JavaRedux/java/lang/String.key took 1 ms to parse. 
529936     WARN  Test worker     d.u.i.k.n.ParsingFacade   Parsing time 598 ms. 
531571     INFO  Test worker     d.u.i.k.t.l.TacletProofObligationInput Proof obligation for taclet: subSeqTailL 
532390     WARN  Test worker     d.u.i.k.n.ParsingFacade   /home/runner/work/key/key/key.core/tacletProofs/seqRules/Taclet_subSeqTailL.proof took 0 ms to parse. 
532390     WARN  Test worker     d.u.i.k.n.ParsingFacade   Parsing time 598 ms. 
532391     WARN  Test worker     d.u.i.k.n.ParsingFacade   /home/runner/work/key/key/key.core/tacletProofs/seqRules/Taclet_subSeqTailEQR.proof took 0 ms to parse. 
532391     WARN  Test worker     d.u.i.k.n.ParsingFacade   Parsing time 598 ms. 
533164     WARN  Test worker     d.u.i.k.n.ParsingFacade   file:/home/runner/work/key/key/key.core/build/resources/main/de/uka/ilkd/key/java/JavaRedux/java/lang/String.key took 1 ms to parse. 
533164     WARN  Test worker     d.u.i.k.n.ParsingFacade   Parsing time 599 ms. 
534801     INFO  Test worker     d.u.i.k.t.l.TacletProofObligationInput Proof obligation for taclet: subSeqTailEQR 
535618     WARN  Test worker     d.u.i.k.n.ParsingFacade   /home/runner/work/key/key/key.core/tacletProofs/seqRules/Taclet_subSeqTailEQR.proof took 0 ms to parse. 
535619     WARN  Test worker     d.u.i.k.n.ParsingFacade   Parsing time 599 ms. 
535621     WARN  Test worker     d.u.i.k.n.ParsingFacade   /home/runner/work/key/key/key.core/tacletProofs/seqRules/Taclet_subSeqTailEQL.proof took 0 ms to parse. 
535621     WARN  Test worker     d.u.i.k.n.ParsingFacade   Parsing time 599 ms. 
536396     WARN  Test worker     d.u.i.k.n.ParsingFacade   file:/home/runner/work/key/key/key.core/build/resources/main/de/uka/ilkd/key/java/JavaRedux/java/lang/String.key took 1 ms to parse. 
536396     WARN  Test worker     d.u.i.k.n.ParsingFacade   Parsing time 600 ms. 
538011     INFO  Test worker     d.u.i.k.t.l.TacletProofObligationInput Proof obligation for taclet: subSeqTailEQL 
538823     WARN  Test worker     d.u.i.k.n.ParsingFacade   /home/runner/work/key/key/key.core/tacletProofs/seqRules/Taclet_subSeqTailEQL.proof took 0 ms to parse. 
538823     WARN  Test worker     d.u.i.k.n.ParsingFacade   Parsing time 600 ms. 
538824     WARN  Test worker     d.u.i.k.n.ParsingFacade   /home/runner/work/key/key/key.core/tacletProofs/seqRules/Taclet_seqDef_split.proof took 0 ms to parse. 
538824     WARN  Test worker     d.u.i.k.n.ParsingFacade   Parsing time 600 ms. 
539598     WARN  Test worker     d.u.i.k.n.ParsingFacade   file:/home/runner/work/key/key/key.core/build/resources/main/de/uka/ilkd/key/java/JavaRedux/java/lang/String.key took 1 ms to parse. 
539598     WARN  Test worker     d.u.i.k.n.ParsingFacade   Parsing time 601 ms. 
541234     INFO  Test worker     d.u.i.k.t.l.TacletProofObligationInput Proof obligation for taclet: seqDef_split 
542059     WARN  Test worker     d.u.i.k.n.ParsingFacade   /home/runner/work/key/key/key.core/tacletProofs/seqRules/Taclet_seqDef_split.proof took 0 ms to parse. 
542059     WARN  Test worker     d.u.i.k.n.ParsingFacade   Parsing time 601 ms. 
542060     WARN  Test worker     d.u.i.k.n.ParsingFacade   /home/runner/work/key/key/key.core/tacletProofs/seqRules/Taclet_seqDef_induction_upper.proof took 0 ms to parse. 
542060     WARN  Test worker     d.u.i.k.n.ParsingFacade   Parsing time 601 ms. 
542833     WARN  Test worker     d.u.i.k.n.ParsingFacade   file:/home/runner/work/key/key/key.core/build/resources/main/de/uka/ilkd/key/java/JavaRedux/java/lang/String.key took 1 ms to parse. 
542833     WARN  Test worker     d.u.i.k.n.ParsingFacade   Parsing time 602 ms. 
544467     INFO  Test worker     d.u.i.k.t.l.TacletProofObligationInput Proof obligation for taclet: seqDef_induction_upper 
545310     WARN  Test worker     d.u.i.k.n.ParsingFacade   /home/runner/work/key/key/key.core/tacletProofs/seqRules/Taclet_seqDef_induction_upper.proof took 0 ms to parse. 
545311     WARN  Test worker     d.u.i.k.n.ParsingFacade   Parsing time 602 ms. 
545313     WARN  Test worker     d.u.i.k.n.ParsingFacade   /home/runner/work/key/key/key.core/tacletProofs/seqRules/Taclet_seqDef_induction_upper_concrete.proof took 0 ms to parse. 
545313     WARN  Test worker     d.u.i.k.n.ParsingFacade   Parsing time 602 ms. 
546090     WARN  Test worker     d.u.i.k.n.ParsingFacade   file:/home/runner/work/key/key/key.core/build/resources/main/de/uka/ilkd/key/java/JavaRedux/java/lang/String.key took 1 ms to parse. 
546090     WARN  Test worker     d.u.i.k.n.ParsingFacade   Parsing time 603 ms. 
547730     INFO  Test worker     d.u.i.k.t.l.TacletProofObligationInput Proof obligation for taclet: seqDef_induction_upper_concrete 
548541     WARN  Test worker     d.u.i.k.n.ParsingFacade   /home/runner/work/key/key/key.core/tacletProofs/seqRules/Taclet_seqDef_induction_upper_concrete.proof took 0 ms to parse. 
548541     WARN  Test worker     d.u.i.k.n.ParsingFacade   Parsing time 603 ms. 
548542     WARN  Test worker     d.u.i.k.n.ParsingFacade   /home/runner/work/key/key/key.core/tacletProofs/seqRules/Taclet_seqDef_induction_lower.proof took 0 ms to parse. 
548542     WARN  Test worker     d.u.i.k.n.ParsingFacade   Parsing time 603 ms. 
549315     WARN  Test worker     d.u.i.k.n.ParsingFacade   file:/home/runner/work/key/key/key.core/build/resources/main/de/uka/ilkd/key/java/JavaRedux/java/lang/String.key took 1 ms to parse. 
549315     WARN  Test worker     d.u.i.k.n.ParsingFacade   Parsing time 604 ms. 
550961     INFO  Test worker     d.u.i.k.t.l.TacletProofObligationInput Proof obligation for taclet: seqDef_induction_lower 
551797     WARN  Test worker     d.u.i.k.n.ParsingFacade   /home/runner/work/key/key/key.core/tacletProofs/seqRules/Taclet_seqDef_induction_lower.proof took 0 ms to parse. 
551798     WARN  Test worker     d.u.i.k.n.ParsingFacade   Parsing time 604 ms. 
551799     WARN  Test worker     d.u.i.k.n.ParsingFacade   /home/runner/work/key/key/key.core/tacletProofs/seqRules/Taclet_seqDef_induction_lower_concrete.proof took 0 ms to parse. 
551799     WARN  Test worker     d.u.i.k.n.ParsingFacade   Parsing time 604 ms. 
552575     WARN  Test worker     d.u.i.k.n.ParsingFacade   file:/home/runner/work/key/key/key.core/build/resources/main/de/uka/ilkd/key/java/JavaRedux/java/lang/String.key took 1 ms to parse. 
552575     WARN  Test worker     d.u.i.k.n.ParsingFacade   Parsing time 605 ms. 
554214     INFO  Test worker     d.u.i.k.t.l.TacletProofObligationInput Proof obligation for taclet: seqDef_induction_lower_concrete 
555058     WARN  Test worker     d.u.i.k.n.ParsingFacade   /home/runner/work/key/key/key.core/tacletProofs/seqRules/Taclet_seqDef_induction_lower_concrete.proof took 0 ms to parse. 
555058     WARN  Test worker     d.u.i.k.n.ParsingFacade   Parsing time 605 ms. 
555060     WARN  Test worker     d.u.i.k.n.ParsingFacade   /home/runner/work/key/key/key.core/tacletProofs/seqRules/Taclet_seqDef_split_in_three.proof took 0 ms to parse. 
555060     WARN  Test worker     d.u.i.k.n.ParsingFacade   Parsing time 605 ms. 
555841     WARN  Test worker     d.u.i.k.n.ParsingFacade   file:/home/runner/work/key/key/key.core/build/resources/main/de/uka/ilkd/key/java/JavaRedux/java/lang/String.key took 1 ms to parse. 
555841     WARN  Test worker     d.u.i.k.n.ParsingFacade   Parsing time 606 ms. 
557479     INFO  Test worker     d.u.i.k.t.l.TacletProofObligationInput Proof obligation for taclet: seqDef_split_in_three 
558385     WARN  Test worker     d.u.i.k.n.ParsingFacade   /home/runner/work/key/key/key.core/tacletProofs/seqRules/Taclet_seqDef_split_in_three.proof took 0 ms to parse. 
558385     WARN  Test worker     d.u.i.k.n.ParsingFacade   Parsing time 606 ms. 
558387     WARN  Test worker     d.u.i.k.n.ParsingFacade   /home/runner/work/key/key/key.core/tacletProofs/seqRules/Taclet_seqDef_empty.proof took 0 ms to parse. 
558387     WARN  Test worker     d.u.i.k.n.ParsingFacade   Parsing time 606 ms. 
559163     WARN  Test worker     d.u.i.k.n.ParsingFacade   file:/home/runner/work/key/key/key.core/build/resources/main/de/uka/ilkd/key/java/JavaRedux/java/lang/String.key took 1 ms to parse. 
559163     WARN  Test worker     d.u.i.k.n.ParsingFacade   Parsing time 607 ms. 
560806     INFO  Test worker     d.u.i.k.t.l.TacletProofObligationInput Proof obligation for taclet: seqDef_empty 
561588     WARN  Test worker     d.u.i.k.n.ParsingFacade   /home/runner/work/key/key/key.core/tacletProofs/seqRules/Taclet_seqDef_empty.proof took 0 ms to parse. 
561588     WARN  Test worker     d.u.i.k.n.ParsingFacade   Parsing time 607 ms. 
561590     WARN  Test worker     d.u.i.k.n.ParsingFacade   /home/runner/work/key/key/key.core/tacletProofs/seqRules/Taclet_seqDef_one_summand.proof took 1 ms to parse. 
561590     WARN  Test worker     d.u.i.k.n.ParsingFacade   Parsing time 608 ms. 
562362     WARN  Test worker     d.u.i.k.n.ParsingFacade   file:/home/runner/work/key/key/key.core/build/resources/main/de/uka/ilkd/key/java/JavaRedux/java/lang/String.key took 1 ms to parse. 
562362     WARN  Test worker     d.u.i.k.n.ParsingFacade   Parsing time 609 ms. 
563995     INFO  Test worker     d.u.i.k.t.l.TacletProofObligationInput Proof obligation for taclet: seqDef_one_summand 
564797     WARN  Test worker     d.u.i.k.n.ParsingFacade   /home/runner/work/key/key/key.core/tacletProofs/seqRules/Taclet_seqDef_one_summand.proof took 0 ms to parse. 
564797     WARN  Test worker     d.u.i.k.n.ParsingFacade   Parsing time 609 ms. 
564798     WARN  Test worker     d.u.i.k.n.ParsingFacade   /home/runner/work/key/key/key.core/tacletProofs/seqRules/Taclet_seqDef_lower_equals_upper.proof took 0 ms to parse. 
564798     WARN  Test worker     d.u.i.k.n.ParsingFacade   Parsing time 609 ms. 
565570     WARN  Test worker     d.u.i.k.n.ParsingFacade   file:/home/runner/work/key/key/key.core/build/resources/main/de/uka/ilkd/key/java/JavaRedux/java/lang/String.key took 1 ms to parse. 
565570     WARN  Test worker     d.u.i.k.n.ParsingFacade   Parsing time 610 ms. 
567214     INFO  Test worker     d.u.i.k.t.l.TacletProofObligationInput Proof obligation for taclet: seqDef_lower_equals_upper 
568017     WARN  Test worker     d.u.i.k.n.ParsingFacade   /home/runner/work/key/key/key.core/tacletProofs/seqRules/Taclet_seqDef_lower_equals_upper.proof took 0 ms to parse. 
568017     WARN  Test worker     d.u.i.k.n.ParsingFacade   Parsing time 610 ms. 
568018     WARN  Test worker     d.u.i.k.n.ParsingFacade   /home/runner/work/key/key/key.core/tacletProofs/seqRules/Taclet_seqDefOfSeq.proof took 0 ms to parse. 
568018     WARN  Test worker     d.u.i.k.n.ParsingFacade   Parsing time 610 ms. 
568793     WARN  Test worker     d.u.i.k.n.ParsingFacade   file:/home/runner/work/key/key/key.core/build/resources/main/de/uka/ilkd/key/java/JavaRedux/java/lang/String.key took 1 ms to parse. 
568794     WARN  Test worker     d.u.i.k.n.ParsingFacade   Parsing time 611 ms. 
570432     INFO  Test worker     d.u.i.k.t.l.TacletProofObligationInput Proof obligation for taclet: seqDefOfSeq 
571246     WARN  Test worker     d.u.i.k.n.ParsingFacade   /home/runner/work/key/key/key.core/tacletProofs/seqRules/Taclet_seqDefOfSeq.proof took 0 ms to parse. 
571246     WARN  Test worker     d.u.i.k.n.ParsingFacade   Parsing time 611 ms. 
571248     WARN  Test worker     d.u.i.k.n.ParsingFacade   /home/runner/work/key/key/key.core/tacletProofs/seqRules/Taclet_seqSelfDefinitionEQ2.proof took 0 ms to parse. 
571248     WARN  Test worker     d.u.i.k.n.ParsingFacade   Parsing time 611 ms. 
572022     WARN  Test worker     d.u.i.k.n.ParsingFacade   file:/home/runner/work/key/key/key.core/build/resources/main/de/uka/ilkd/key/java/JavaRedux/java/lang/String.key took 1 ms to parse. 
572022     WARN  Test worker     d.u.i.k.n.ParsingFacade   Parsing time 612 ms. 
573659     INFO  Test worker     d.u.i.k.t.l.TacletProofObligationInput Proof obligation for taclet: seqSelfDefinitionEQ2 
574471     WARN  Test worker     d.u.i.k.n.ParsingFacade   /home/runner/work/key/key/key.core/tacletProofs/seqRules/Taclet_seqSelfDefinitionEQ2.proof took 1 ms to parse. 
574471     WARN  Test worker     d.u.i.k.n.ParsingFacade   Parsing time 613 ms. 
574472     WARN  Test worker     d.u.i.k.n.ParsingFacade   /home/runner/work/key/key/key.core/tacletProofs/seqRules/Taclet_indexOfSeqSingleton.proof took 0 ms to parse. 
574472     WARN  Test worker     d.u.i.k.n.ParsingFacade   Parsing time 613 ms. 
575223     WARN  Test worker     d.u.i.k.n.ParsingFacade   file:/home/runner/work/key/key/key.core/build/resources/main/de/uka/ilkd/key/java/JavaRedux/java/lang/String.key took 1 ms to parse. 
575223     WARN  Test worker     d.u.i.k.n.ParsingFacade   Parsing time 614 ms. 
576865     INFO  Test worker     d.u.i.k.t.l.TacletProofObligationInput Proof obligation for taclet: indexOfSeqSingleton 
577665     WARN  Test worker     d.u.i.k.n.ParsingFacade   /home/runner/work/key/key/key.core/tacletProofs/seqRules/Taclet_indexOfSeqSingleton.proof took 0 ms to parse. 
577665     WARN  Test worker     d.u.i.k.n.ParsingFacade   Parsing time 614 ms. 
577667     WARN  Test worker     d.u.i.k.n.ParsingFacade   /home/runner/work/key/key/key.core/tacletProofs/seqRules/Taclet_indexOfSeqConcatFirst.proof took 1 ms to parse. 
577667     WARN  Test worker     d.u.i.k.n.ParsingFacade   Parsing time 615 ms. 
578442     WARN  Test worker     d.u.i.k.n.ParsingFacade   file:/home/runner/work/key/key/key.core/build/resources/main/de/uka/ilkd/key/java/JavaRedux/java/lang/String.key took 1 ms to parse. 
578442     WARN  Test worker     d.u.i.k.n.ParsingFacade   Parsing time 616 ms. 
580093     INFO  Test worker     d.u.i.k.t.l.TacletProofObligationInput Proof obligation for taclet: indexOfSeqConcatFirst 
580910     WARN  Test worker     d.u.i.k.n.ParsingFacade   /home/runner/work/key/key/key.core/tacletProofs/seqRules/Taclet_indexOfSeqConcatFirst.proof took 0 ms to parse. 
580911     WARN  Test worker     d.u.i.k.n.ParsingFacade   Parsing time 616 ms. 
580912     WARN  Test worker     d.u.i.k.n.ParsingFacade   /home/runner/work/key/key/key.core/tacletProofs/seqRules/Taclet_indexOfSeqConcatSecond.proof took 0 ms to parse. 
580912     WARN  Test worker     d.u.i.k.n.ParsingFacade   Parsing time 616 ms. 
581687     WARN  Test worker     d.u.i.k.n.ParsingFacade   file:/home/runner/work/key/key/key.core/build/resources/main/de/uka/ilkd/key/java/JavaRedux/java/lang/String.key took 1 ms to parse. 
581687     WARN  Test worker     d.u.i.k.n.ParsingFacade   Parsing time 617 ms. 
583333     INFO  Test worker     d.u.i.k.t.l.TacletProofObligationInput Proof obligation for taclet: indexOfSeqConcatSecond 
584150     WARN  Test worker     d.u.i.k.n.ParsingFacade   /home/runner/work/key/key/key.core/tacletProofs/seqRules/Taclet_indexOfSeqConcatSecond.proof took 0 ms to parse. 
584150     WARN  Test worker     d.u.i.k.n.ParsingFacade   Parsing time 617 ms. 
584152     WARN  Test worker     d.u.i.k.n.ParsingFacade   /home/runner/work/key/key/key.core/tacletProofs/seqRules/Taclet_indexOfSeqSub.proof took 0 ms to parse. 
584152     WARN  Test worker     d.u.i.k.n.ParsingFacade   Parsing time 617 ms. 
584926     WARN  Test worker     d.u.i.k.n.ParsingFacade   file:/home/runner/work/key/key/key.core/build/resources/main/de/uka/ilkd/key/java/JavaRedux/java/lang/String.key took 1 ms to parse. 
584926     WARN  Test worker     d.u.i.k.n.ParsingFacade   Parsing time 618 ms. 
586568     INFO  Test worker     d.u.i.k.t.l.TacletProofObligationInput Proof obligation for taclet: indexOfSeqSub 
587387     WARN  Test worker     d.u.i.k.n.ParsingFacade   /home/runner/work/key/key/key.core/tacletProofs/seqRules/Taclet_indexOfSeqSub.proof took 1 ms to parse. 
587387     WARN  Test worker     d.u.i.k.n.ParsingFacade   Parsing time 619 ms. 
587388     WARN  Test worker     d.u.i.k.n.ParsingFacade   /home/runner/work/key/key/key.core/tacletProofs/seqRules/Taclet_lenOfArray2seq.proof took 0 ms to parse. 
587388     WARN  Test worker     d.u.i.k.n.ParsingFacade   Parsing time 619 ms. 
588167     WARN  Test worker     d.u.i.k.n.ParsingFacade   file:/home/runner/work/key/key/key.core/build/resources/main/de/uka/ilkd/key/java/JavaRedux/java/lang/String.key took 1 ms to parse. 
588167     WARN  Test worker     d.u.i.k.n.ParsingFacade   Parsing time 620 ms. 
589807     INFO  Test worker     d.u.i.k.t.l.TacletProofObligationInput Proof obligation for taclet: lenOfArray2seq 
590610     WARN  Test worker     d.u.i.k.n.ParsingFacade   /home/runner/work/key/key/key.core/tacletProofs/seqRules/Taclet_lenOfArray2seq.proof took 1 ms to parse. 
590610     WARN  Test worker     d.u.i.k.n.ParsingFacade   Parsing time 621 ms. 
590611     WARN  Test worker     d.u.i.k.n.ParsingFacade   /home/runner/work/key/key/key.core/tacletProofs/seqRules/Taclet_getAnyOfArray2seq.proof took 0 ms to parse. 
590611     WARN  Test worker     d.u.i.k.n.ParsingFacade   Parsing time 621 ms. 
591389     WARN  Test worker     d.u.i.k.n.ParsingFacade   file:/home/runner/work/key/key/key.core/build/resources/main/de/uka/ilkd/key/java/JavaRedux/java/lang/String.key took 1 ms to parse. 
591389     WARN  Test worker     d.u.i.k.n.ParsingFacade   Parsing time 622 ms. 
593031     INFO  Test worker     d.u.i.k.t.l.TacletProofObligationInput Proof obligation for taclet: getAnyOfArray2seq 
593836     WARN  Test worker     d.u.i.k.n.ParsingFacade   /home/runner/work/key/key/key.core/tacletProofs/seqRules/Taclet_getAnyOfArray2seq.proof took 0 ms to parse. 
593836     WARN  Test worker     d.u.i.k.n.ParsingFacade   Parsing time 622 ms. 
593837     WARN  Test worker     d.u.i.k.n.ParsingFacade   /home/runner/work/key/key/key.core/tacletProofs/seqRules/Taclet_getOfArray2seq.proof took 0 ms to parse. 
593837     WARN  Test worker     d.u.i.k.n.ParsingFacade   Parsing time 622 ms. 
594587     WARN  Test worker     d.u.i.k.n.ParsingFacade   file:/home/runner/work/key/key/key.core/build/resources/main/de/uka/ilkd/key/java/JavaRedux/java/lang/String.key took 1 ms to parse. 
594587     WARN  Test worker     d.u.i.k.n.ParsingFacade   Parsing time 623 ms. 
596251     INFO  Test worker     d.u.i.k.t.l.TacletProofObligationInput Proof obligation for taclet: getOfArray2seq 
597037     WARN  Test worker     d.u.i.k.n.ParsingFacade   /home/runner/work/key/key/key.core/tacletProofs/seqRules/Taclet_getOfArray2seq.proof took 1 ms to parse. 
597037     WARN  Test worker     d.u.i.k.n.ParsingFacade   Parsing time 624 ms. 
597038     WARN  Test worker     d.u.i.k.n.ParsingFacade   /home/runner/work/key/key/key.core/tacletProofs/seqPerm/Taclet_getAnyOfNPermInv.proof took 0 ms to parse. 
597038     WARN  Test worker     d.u.i.k.n.ParsingFacade   Parsing time 624 ms. 
597809     WARN  Test worker     d.u.i.k.n.ParsingFacade   file:/home/runner/work/key/key/key.core/build/resources/main/de/uka/ilkd/key/java/JavaRedux/java/lang/String.key took 1 ms to parse. 
597809     WARN  Test worker     d.u.i.k.n.ParsingFacade   Parsing time 625 ms. 
599446     INFO  Test worker     d.u.i.k.t.l.TacletProofObligationInput Proof obligation for taclet: getAnyOfNPermInv 
600251     WARN  Test worker     d.u.i.k.n.ParsingFacade   /home/runner/work/key/key/key.core/tacletProofs/seqPerm/Taclet_getAnyOfNPermInv.proof took 0 ms to parse. 
600252     WARN  Test worker     d.u.i.k.n.ParsingFacade   Parsing time 625 ms. 
600254     WARN  Test worker     d.u.i.k.n.ParsingFacade   /home/runner/work/key/key/key.core/tacletProofs/seqPerm/Taclet_seqNPermRange.proof took 0 ms to parse. 
600254     WARN  Test worker     d.u.i.k.n.ParsingFacade   Parsing time 625 ms. 
601027     WARN  Test worker     d.u.i.k.n.ParsingFacade   file:/home/runner/work/key/key/key.core/build/resources/main/de/uka/ilkd/key/java/JavaRedux/java/lang/String.key took 1 ms to parse. 
601027     WARN  Test worker     d.u.i.k.n.ParsingFacade   Parsing time 626 ms. 
602665     INFO  Test worker     d.u.i.k.t.l.TacletProofObligationInput Proof obligation for taclet: seqNPermRange 
603537     WARN  Test worker     d.u.i.k.n.ParsingFacade   /home/runner/work/key/key/key.core/tacletProofs/seqPerm/Taclet_seqNPermRange.proof took 0 ms to parse. 
603537     WARN  Test worker     d.u.i.k.n.ParsingFacade   Parsing time 626 ms. 
603538     WARN  Test worker     d.u.i.k.n.ParsingFacade   /home/runner/work/key/key/key.core/tacletProofs/seqPerm/Taclet_seqPermTrans.proof took 0 ms to parse. 
603538     WARN  Test worker     d.u.i.k.n.ParsingFacade   Parsing time 626 ms. 
604314     WARN  Test worker     d.u.i.k.n.ParsingFacade   file:/home/runner/work/key/key/key.core/build/resources/main/de/uka/ilkd/key/java/JavaRedux/java/lang/String.key took 1 ms to parse. 
604314     WARN  Test worker     d.u.i.k.n.ParsingFacade   Parsing time 627 ms. 
605948     INFO  Test worker     d.u.i.k.t.l.TacletProofObligationInput Proof obligation for taclet: seqPermTrans 
606780     WARN  Test worker     d.u.i.k.n.ParsingFacade   /home/runner/work/key/key/key.core/tacletProofs/seqPerm/Taclet_seqPermTrans.proof took 0 ms to parse. 
606780     WARN  Test worker     d.u.i.k.n.ParsingFacade   Parsing time 627 ms. 
606784     WARN  Test worker     d.u.i.k.n.ParsingFacade   /home/runner/work/key/key/key.core/tacletProofs/seqPerm/Taclet_seqPermRefl.proof took 3 ms to parse. 
606784     WARN  Test worker     d.u.i.k.n.ParsingFacade   Parsing time 630 ms. 
607558     WARN  Test worker     d.u.i.k.n.ParsingFacade   file:/home/runner/work/key/key/key.core/build/resources/main/de/uka/ilkd/key/java/JavaRedux/java/lang/String.key took 1 ms to parse. 
607558     WARN  Test worker     d.u.i.k.n.ParsingFacade   Parsing time 631 ms. 
609190     INFO  Test worker     d.u.i.k.t.l.TacletProofObligationInput Proof obligation for taclet: seqPermRefl 
610009     WARN  Test worker     d.u.i.k.n.ParsingFacade   /home/runner/work/key/key/key.core/tacletProofs/seqPerm/Taclet_seqPermRefl.proof took 0 ms to parse. 
610009     WARN  Test worker     d.u.i.k.n.ParsingFacade   Parsing time 631 ms. 
610011     WARN  Test worker     d.u.i.k.n.ParsingFacade   /home/runner/work/key/key/key.core/tacletProofs/seqPerm/Taclet_seqPermSplit.proof took 0 ms to parse. 
610011     WARN  Test worker     d.u.i.k.n.ParsingFacade   Parsing time 631 ms. 
610783     WARN  Test worker     d.u.i.k.n.ParsingFacade   file:/home/runner/work/key/key/key.core/build/resources/main/de/uka/ilkd/key/java/JavaRedux/java/lang/String.key took 1 ms to parse. 
610783     WARN  Test worker     d.u.i.k.n.ParsingFacade   Parsing time 632 ms. 
612420     INFO  Test worker     d.u.i.k.t.l.TacletProofObligationInput Proof obligation for taclet: seqPermSplit 
613219     WARN  Test worker     d.u.i.k.n.ParsingFacade   /home/runner/work/key/key/key.core/tacletProofs/seqPerm/Taclet_seqPermSplit.proof took 0 ms to parse. 
613220     WARN  Test worker     d.u.i.k.n.ParsingFacade   Parsing time 632 ms. 
613222     WARN  Test worker     d.u.i.k.n.ParsingFacade   /home/runner/work/key/key/key.core/tacletProofs/seqRules/Taclet_seqNPermRight.proof took 0 ms to parse. 
613222     WARN  Test worker     d.u.i.k.n.ParsingFacade   Parsing time 632 ms. 
613997     WARN  Test worker     d.u.i.k.n.ParsingFacade   file:/home/runner/work/key/key/key.core/build/resources/main/de/uka/ilkd/key/java/JavaRedux/java/lang/String.key took 2 ms to parse. 
613997     WARN  Test worker     d.u.i.k.n.ParsingFacade   Parsing time 634 ms. 
615647     INFO  Test worker     d.u.i.k.t.l.TacletProofObligationInput Proof obligation for taclet: seqNPermRight 
616649     WARN  Test worker     d.u.i.k.n.ParsingFacade   /home/runner/work/key/key/key.core/tacletProofs/seqRules/Taclet_seqNPermRight.proof took 0 ms to parse. 
616649     WARN  Test worker     d.u.i.k.n.ParsingFacade   Parsing time 634 ms. 
616652     WARN  Test worker     d.u.i.k.n.ParsingFacade   /home/runner/work/key/key/key.core/tacletProofs/seqPerm/Taclet_seqPermFromSwap.proof took 0 ms to parse. 
616652     WARN  Test worker     d.u.i.k.n.ParsingFacade   Parsing time 634 ms. 
617428     WARN  Test worker     d.u.i.k.n.ParsingFacade   file:/home/runner/work/key/key/key.core/build/resources/main/de/uka/ilkd/key/java/JavaRedux/java/lang/String.key took 1 ms to parse. 
617428     WARN  Test worker     d.u.i.k.n.ParsingFacade   Parsing time 635 ms. 
619065     INFO  Test worker     d.u.i.k.t.l.TacletProofObligationInput Proof obligation for taclet: seqPermFromSwap 
619914     WARN  Test worker     d.u.i.k.n.ParsingFacade   /home/runner/work/key/key/key.core/tacletProofs/seqPerm/Taclet_seqPermFromSwap.proof took 0 ms to parse. 
619914     WARN  Test worker     d.u.i.k.n.ParsingFacade   Parsing time 635 ms. 
619915     WARN  Test worker     d.u.i.k.n.ParsingFacade   /home/runner/work/key/key/key.core/tacletProofs/seqPerm/Taclet_seqPermTransAlt0.proof took 0 ms to parse. 
619915     WARN  Test worker     d.u.i.k.n.ParsingFacade   Parsing time 635 ms. 
620688     WARN  Test worker     d.u.i.k.n.ParsingFacade   file:/home/runner/work/key/key/key.core/build/resources/main/de/uka/ilkd/key/java/JavaRedux/java/lang/String.key took 1 ms to parse. 
620688     WARN  Test worker     d.u.i.k.n.ParsingFacade   Parsing time 636 ms. 
622336     INFO  Test worker     d.u.i.k.t.l.TacletProofObligationInput Proof obligation for taclet: seqPermTransAlt0 
623136     WARN  Test worker     d.u.i.k.n.ParsingFacade   /home/runner/work/key/key/key.core/tacletProofs/seqPerm/Taclet_seqPermTransAlt0.proof took 0 ms to parse. 
623136     WARN  Test worker     d.u.i.k.n.ParsingFacade   Parsing time 636 ms. 
623137     WARN  Test worker     d.u.i.k.n.ParsingFacade   /home/runner/work/key/key/key.core/tacletProofs/seqPerm/Taclet_seqPermTransAlt1.proof took 0 ms to parse. 
623137     WARN  Test worker     d.u.i.k.n.ParsingFacade   Parsing time 636 ms. 
623905     WARN  Test worker     d.u.i.k.n.ParsingFacade   file:/home/runner/work/key/key/key.core/build/resources/main/de/uka/ilkd/key/java/JavaRedux/java/lang/String.key took 1 ms to parse. 
623905     WARN  Test worker     d.u.i.k.n.ParsingFacade   Parsing time 637 ms. 
625544     INFO  Test worker     d.u.i.k.t.l.TacletProofObligationInput Proof obligation for taclet: seqPermTransAlt1 
626344     WARN  Test worker     d.u.i.k.n.ParsingFacade   /home/runner/work/key/key/key.core/tacletProofs/seqPerm/Taclet_seqPermTransAlt1.proof took 0 ms to parse. 
626345     WARN  Test worker     d.u.i.k.n.ParsingFacade   Parsing time 637 ms. 
626346     WARN  Test worker     d.u.i.k.n.ParsingFacade   /home/runner/work/key/key/key.core/tacletProofs/seqPerm/Taclet_seqPermTransAlt2.proof took 0 ms to parse. 
626347     WARN  Test worker     d.u.i.k.n.ParsingFacade   Parsing time 637 ms. 
627120     WARN  Test worker     d.u.i.k.n.ParsingFacade   file:/home/runner/work/key/key/key.core/build/resources/main/de/uka/ilkd/key/java/JavaRedux/java/lang/String.key took 1 ms to parse. 
627120     WARN  Test worker     d.u.i.k.n.ParsingFacade   Parsing time 638 ms. 
628755     INFO  Test worker     d.u.i.k.t.l.TacletProofObligationInput Proof obligation for taclet: seqPermTransAlt2 
629555     WARN  Test worker     d.u.i.k.n.ParsingFacade   /home/runner/work/key/key/key.core/tacletProofs/seqPerm/Taclet_seqPermTransAlt2.proof took 0 ms to parse. 
629555     WARN  Test worker     d.u.i.k.n.ParsingFacade   Parsing time 638 ms. 
629556     WARN  Test worker     d.u.i.k.n.ParsingFacade   /home/runner/work/key/key/key.core/tacletProofs/seqPerm/Taclet_seqPermTransAlt3.proof took 0 ms to parse. 
629556     WARN  Test worker     d.u.i.k.n.ParsingFacade   Parsing time 638 ms. 
630328     WARN  Test worker     d.u.i.k.n.ParsingFacade   file:/home/runner/work/key/key/key.core/build/resources/main/de/uka/ilkd/key/java/JavaRedux/java/lang/String.key took 2 ms to parse. 
630328     WARN  Test worker     d.u.i.k.n.ParsingFacade   Parsing time 640 ms. 
631965     INFO  Test worker     d.u.i.k.t.l.TacletProofObligationInput Proof obligation for taclet: seqPermTransAlt3 
632766     WARN  Test worker     d.u.i.k.n.ParsingFacade   /home/runner/work/key/key/key.core/tacletProofs/seqPerm/Taclet_seqPermTransAlt3.proof took 0 ms to parse. 
632766     WARN  Test worker     d.u.i.k.n.ParsingFacade   Parsing time 640 ms. 
632767     WARN  Test worker     d.u.i.k.n.ParsingFacade   /home/runner/work/key/key/key.core/tacletProofs/seqPerm/Taclet_seqPermForall.proof took 0 ms to parse. 
632767     WARN  Test worker     d.u.i.k.n.ParsingFacade   Parsing time 640 ms. 
633539     WARN  Test worker     d.u.i.k.n.ParsingFacade   file:/home/runner/work/key/key/key.core/build/resources/main/de/uka/ilkd/key/java/JavaRedux/java/lang/String.key took 1 ms to parse. 
633539     WARN  Test worker     d.u.i.k.n.ParsingFacade   Parsing time 641 ms. 
635171     INFO  Test worker     d.u.i.k.t.l.TacletProofObligationInput Proof obligation for taclet: seqPermForall 
636066     WARN  Test worker     d.u.i.k.n.ParsingFacade   /home/runner/work/key/key/key.core/tacletProofs/seqPerm/Taclet_seqPermForall.proof took 0 ms to parse. 
636067     WARN  Test worker     d.u.i.k.n.ParsingFacade   Parsing time 641 ms. 
636069     WARN  Test worker     d.u.i.k.n.ParsingFacade   /home/runner/work/key/key/key.core/tacletProofs/seqPerm/Taclet_seqPermExists.proof took 0 ms to parse. 
636069     WARN  Test worker     d.u.i.k.n.ParsingFacade   Parsing time 641 ms. 
636848     WARN  Test worker     d.u.i.k.n.ParsingFacade   file:/home/runner/work/key/key/key.core/build/resources/main/de/uka/ilkd/key/java/JavaRedux/java/lang/String.key took 1 ms to parse. 
636848     WARN  Test worker     d.u.i.k.n.ParsingFacade   Parsing time 642 ms. 
638492     INFO  Test worker     d.u.i.k.t.l.TacletProofObligationInput Proof obligation for taclet: seqPermExists 
639341     WARN  Test worker     d.u.i.k.n.ParsingFacade   /home/runner/work/key/key/key.core/tacletProofs/seqPerm/Taclet_seqPermExists.proof took 0 ms to parse. 
639341     WARN  Test worker     d.u.i.k.n.ParsingFacade   Parsing time 642 ms. 
639344     WARN  Test worker     d.u.i.k.n.ParsingFacade   /home/runner/work/key/key/key.core/tacletProofs/seqPerm2/Taclet_schiffl_lemma_2.proof took 1 ms to parse. 
639344     WARN  Test worker     d.u.i.k.n.ParsingFacade   Parsing time 643 ms. 
640142     WARN  Test worker     d.u.i.k.n.ParsingFacade   file:/home/runner/work/key/key/key.core/build/resources/main/de/uka/ilkd/key/java/JavaRedux/java/lang/String.key took 2 ms to parse. 
640142     WARN  Test worker     d.u.i.k.n.ParsingFacade   Parsing time 645 ms. 
641783     INFO  Test worker     d.u.i.k.t.l.TacletProofObligationInput Proof obligation for taclet: schiffl_lemma_2 
642594     WARN  Test worker     d.u.i.k.n.ParsingFacade   /home/runner/work/key/key/key.core/tacletProofs/seqPerm2/Taclet_schiffl_lemma_2.proof took 0 ms to parse. 
642594     WARN  Test worker     d.u.i.k.n.ParsingFacade   Parsing time 645 ms. 
659235     WARN  Test worker     d.u.i.k.n.ParsingFacade   /home/runner/work/key/key/key.core/tacletProofs/seqPerm2/Taclet_schiffl_thm_1.proof took 0 ms to parse. 
659236     WARN  Test worker     d.u.i.k.n.ParsingFacade   Parsing time 645 ms. 
660033     WARN  Test worker     d.u.i.k.n.ParsingFacade   file:/home/runner/work/key/key/key.core/build/resources/main/de/uka/ilkd/key/java/JavaRedux/java/lang/String.key took 2 ms to parse. 
660033     WARN  Test worker     d.u.i.k.n.ParsingFacade   Parsing time 647 ms. 
661716     INFO  Test worker     d.u.i.k.t.l.TacletProofObligationInput Proof obligation for taclet: schiffl_thm_1 
662542     WARN  Test worker     d.u.i.k.n.ParsingFacade   /home/runner/work/key/key/key.core/tacletProofs/seqPerm2/Taclet_schiffl_thm_1.proof took 0 ms to parse. 
662542     WARN  Test worker     d.u.i.k.n.ParsingFacade   Parsing time 647 ms. 
663074     WARN  Test worker     d.u.i.k.n.ParsingFacade   /home/runner/work/key/key/key.core/tacletProofs/seqRules/Taclet_eqSameSeq.proof took 0 ms to parse. 
663074     WARN  Test worker     d.u.i.k.n.ParsingFacade   Parsing time 647 ms. 
663841     WARN  Test worker     d.u.i.k.n.ParsingFacade   file:/home/runner/work/key/key/key.core/build/resources/main/de/uka/ilkd/key/java/JavaRedux/java/lang/String.key took 1 ms to parse. 
663841     WARN  Test worker     d.u.i.k.n.ParsingFacade   Parsing time 648 ms. 
665471     INFO  Test worker     d.u.i.k.t.l.TacletProofObligationInput Proof obligation for taclet: eqSameSeq 
666317     WARN  Test worker     d.u.i.k.n.ParsingFacade   /home/runner/work/key/key/key.core/tacletProofs/seqRules/Taclet_eqSameSeq.proof took 0 ms to parse. 
666318     WARN  Test worker     d.u.i.k.n.ParsingFacade   Parsing time 648 ms. 
]]></system-out>
  <system-err><![CDATA[]]></system-err>
</testsuite>
