<?xml version="1.0" encoding="UTF-8"?>
<testsuite name="de.uka.ilkd.key.proof.proverules.ProveRulesTest" tests="196" skipped="0" failures="0" errors="0" timestamp="2023-04-05T11:36:26" hostname="fv-az283-283" time="841.423">
  <properties/>
  <testcase name="eqTermCut" classname="de.uka.ilkd.key.proof.proverules.ProveRulesTest" time="5.061"/>
  <testcase name="equivAllRight" classname="de.uka.ilkd.key.proof.proverules.ProveRulesTest" time="4.713"/>
  <testcase name="irrflConcrete1" classname="de.uka.ilkd.key.proof.proverules.ProveRulesTest" time="4.548"/>
  <testcase name="irrflConcrete2" classname="de.uka.ilkd.key.proof.proverules.ProveRulesTest" time="4.492"/>
  <testcase name="cancel_gtPos" classname="de.uka.ilkd.key.proof.proverules.ProveRulesTest" time="4.379"/>
  <testcase name="cancel_gtNeg" classname="de.uka.ilkd.key.proof.proverules.ProveRulesTest" time="4.248"/>
  <testcase name="moduloIntIsInInt" classname="de.uka.ilkd.key.proof.proverules.ProveRulesTest" time="4.354"/>
  <testcase name="moduloLongIsInLong" classname="de.uka.ilkd.key.proof.proverules.ProveRulesTest" time="4.254"/>
  <testcase name="moduloShortIsInShort" classname="de.uka.ilkd.key.proof.proverules.ProveRulesTest" time="4.278"/>
  <testcase name="moduloByteIsInByte" classname="de.uka.ilkd.key.proof.proverules.ProveRulesTest" time="4.23"/>
  <testcase name="moduloCharIsInChar" classname="de.uka.ilkd.key.proof.proverules.ProveRulesTest" time="4.235"/>
  <testcase name="div_unique1" classname="de.uka.ilkd.key.proof.proverules.ProveRulesTest" time="4.387"/>
  <testcase name="div_unique2" classname="de.uka.ilkd.key.proof.proverules.ProveRulesTest" time="4.307"/>
  <testcase name="div_exists" classname="de.uka.ilkd.key.proof.proverules.ProveRulesTest" time="4.614"/>
  <testcase name="div_one" classname="de.uka.ilkd.key.proof.proverules.ProveRulesTest" time="4.27"/>
  <testcase name="jdiv_one" classname="de.uka.ilkd.key.proof.proverules.ProveRulesTest" time="4.188"/>
  <testcase name="div_zero" classname="de.uka.ilkd.key.proof.proverules.ProveRulesTest" time="4.329"/>
  <testcase name="divResZero1" classname="de.uka.ilkd.key.proof.proverules.ProveRulesTest" time="4.206"/>
  <testcase name="divResZero2" classname="de.uka.ilkd.key.proof.proverules.ProveRulesTest" time="4.203"/>
  <testcase name="divResOne1" classname="de.uka.ilkd.key.proof.proverules.ProveRulesTest" time="4.238"/>
  <testcase name="divResOne2" classname="de.uka.ilkd.key.proof.proverules.ProveRulesTest" time="4.254"/>
  <testcase name="div_cancel1" classname="de.uka.ilkd.key.proof.proverules.ProveRulesTest" time="4.171"/>
  <testcase name="div_cancel2" classname="de.uka.ilkd.key.proof.proverules.ProveRulesTest" time="4.203"/>
  <testcase name="divAddMultDenom" classname="de.uka.ilkd.key.proof.proverules.ProveRulesTest" time="4.295"/>
  <testcase name="divMinus" classname="de.uka.ilkd.key.proof.proverules.ProveRulesTest" time="4.278"/>
  <testcase name="divMinusDenom" classname="de.uka.ilkd.key.proof.proverules.ProveRulesTest" time="4.243"/>
  <testcase name="divLeastDPos" classname="de.uka.ilkd.key.proof.proverules.ProveRulesTest" time="4.179"/>
  <testcase name="divLeastDNeg" classname="de.uka.ilkd.key.proof.proverules.ProveRulesTest" time="4.15"/>
  <testcase name="divGreatestDPos" classname="de.uka.ilkd.key.proof.proverules.ProveRulesTest" time="4.271"/>
  <testcase name="divGreatestDNeg" classname="de.uka.ilkd.key.proof.proverules.ProveRulesTest" time="4.169"/>
  <testcase name="divIncreasingPos" classname="de.uka.ilkd.key.proof.proverules.ProveRulesTest" time="4.274"/>
  <testcase name="divIncreasingNeg" classname="de.uka.ilkd.key.proof.proverules.ProveRulesTest" time="4.18"/>
  <testcase name="jdiv_zero" classname="de.uka.ilkd.key.proof.proverules.ProveRulesTest" time="4.274"/>
  <testcase name="jdivPulloutMinusNum" classname="de.uka.ilkd.key.proof.proverules.ProveRulesTest" time="4.244"/>
  <testcase name="jdivPulloutMinusDenom" classname="de.uka.ilkd.key.proof.proverules.ProveRulesTest" time="4.288"/>
  <testcase name="jdiv_uniquePosPos" classname="de.uka.ilkd.key.proof.proverules.ProveRulesTest" time="4.235"/>
  <testcase name="jdiv_uniquePosNeg" classname="de.uka.ilkd.key.proof.proverules.ProveRulesTest" time="4.259"/>
  <testcase name="jdiv_uniqueNegPos" classname="de.uka.ilkd.key.proof.proverules.ProveRulesTest" time="4.222"/>
  <testcase name="jdiv_uniqueNegNeg" classname="de.uka.ilkd.key.proof.proverules.ProveRulesTest" time="4.246"/>
  <testcase name="jdivMultDenom1" classname="de.uka.ilkd.key.proof.proverules.ProveRulesTest" time="4.262"/>
  <testcase name="jdivMultDenom2" classname="de.uka.ilkd.key.proof.proverules.ProveRulesTest" time="4.226"/>
  <testcase name="mod_geZero" classname="de.uka.ilkd.key.proof.proverules.ProveRulesTest" time="4.241"/>
  <testcase name="mod_lessDenom" classname="de.uka.ilkd.key.proof.proverules.ProveRulesTest" time="4.181"/>
  <testcase name="jmod_NumPos" classname="de.uka.ilkd.key.proof.proverules.ProveRulesTest" time="4.075"/>
  <testcase name="jmod_NumNeg" classname="de.uka.ilkd.key.proof.proverules.ProveRulesTest" time="4.101"/>
  <testcase name="jmod_geZero" classname="de.uka.ilkd.key.proof.proverules.ProveRulesTest" time="4.106"/>
  <testcase name="jmodNumZero" classname="de.uka.ilkd.key.proof.proverules.ProveRulesTest" time="3.973"/>
  <testcase name="jmod_pulloutminusNum" classname="de.uka.ilkd.key.proof.proverules.ProveRulesTest" time="4.039"/>
  <testcase name="jmod_pulloutminusDenom" classname="de.uka.ilkd.key.proof.proverules.ProveRulesTest" time="3.992"/>
  <testcase name="jmodUnique1" classname="de.uka.ilkd.key.proof.proverules.ProveRulesTest" time="4.251"/>
  <testcase name="jmodUnique2" classname="de.uka.ilkd.key.proof.proverules.ProveRulesTest" time="4.304"/>
  <testcase name="intDivRem" classname="de.uka.ilkd.key.proof.proverules.ProveRulesTest" time="4.069"/>
  <testcase name="jmodjmod" classname="de.uka.ilkd.key.proof.proverules.ProveRulesTest" time="4.174"/>
  <testcase name="jmodDivisible" classname="de.uka.ilkd.key.proof.proverules.ProveRulesTest" time="4.124"/>
  <testcase name="jmodDivisibleRep" classname="de.uka.ilkd.key.proof.proverules.ProveRulesTest" time="4.144"/>
  <testcase name="jdivAddMultDenom" classname="de.uka.ilkd.key.proof.proverules.ProveRulesTest" time="4.445"/>
  <testcase name="jmodAltZero" classname="de.uka.ilkd.key.proof.proverules.ProveRulesTest" time="4.142"/>
  <testcase name="jmodAddMultDenomZero" classname="de.uka.ilkd.key.proof.proverules.ProveRulesTest" time="4.117"/>
  <testcase name="polyDiv_zero" classname="de.uka.ilkd.key.proof.proverules.ProveRulesTest" time="4.105"/>
  <testcase name="polyMod_ltdivDenom" classname="de.uka.ilkd.key.proof.proverules.ProveRulesTest" time="4.098"/>
  <testcase name="bsum_empty" classname="de.uka.ilkd.key.proof.proverules.ProveRulesTest" time="4.072"/>
  <testcase name="bsum_induction_upper" classname="de.uka.ilkd.key.proof.proverules.ProveRulesTest" time="4.043"/>
  <testcase name="bsum_induction_lower" classname="de.uka.ilkd.key.proof.proverules.ProveRulesTest" time="4.191"/>
  <testcase name="bsum_num_of_bounds" classname="de.uka.ilkd.key.proof.proverules.ProveRulesTest" time="4.119"/>
  <testcase name="bsum_num_of_bounds2" classname="de.uka.ilkd.key.proof.proverules.ProveRulesTest" time="4.098"/>
  <testcase name="bsum_induction_upper2" classname="de.uka.ilkd.key.proof.proverules.ProveRulesTest" time="4.1"/>
  <testcase name="bsum_induction_upper_concrete" classname="de.uka.ilkd.key.proof.proverules.ProveRulesTest" time="4.121"/>
  <testcase name="bsum_induction_upper_concrete_2" classname="de.uka.ilkd.key.proof.proverules.ProveRulesTest" time="4.108"/>
  <testcase name="bsum_induction_upper2_concrete" classname="de.uka.ilkd.key.proof.proverules.ProveRulesTest" time="4.111"/>
  <testcase name="bsum_induction_lower_concrete" classname="de.uka.ilkd.key.proof.proverules.ProveRulesTest" time="4.132"/>
  <testcase name="bsum_induction_lower2" classname="de.uka.ilkd.key.proof.proverules.ProveRulesTest" time="4.107"/>
  <testcase name="bsum_induction_lower2_concrete" classname="de.uka.ilkd.key.proof.proverules.ProveRulesTest" time="4.133"/>
  <testcase name="bsum_positive" classname="de.uka.ilkd.key.proof.proverules.ProveRulesTest" time="4.236"/>
  <testcase name="bsum_upper_bound" classname="de.uka.ilkd.key.proof.proverules.ProveRulesTest" time="4.113"/>
  <testcase name="bsum_lower_bound" classname="de.uka.ilkd.key.proof.proverules.ProveRulesTest" time="4.2"/>
  <testcase name="bsum_positive_lower_bound_element" classname="de.uka.ilkd.key.proof.proverules.ProveRulesTest" time="4.08"/>
  <testcase name="bsum_sub_same_index" classname="de.uka.ilkd.key.proof.proverules.ProveRulesTest" time="4.092"/>
  <testcase name="bsum_less_same_index" classname="de.uka.ilkd.key.proof.proverules.ProveRulesTest" time="3.944"/>
  <testcase name="bsum_equal_except_one_index" classname="de.uka.ilkd.key.proof.proverules.ProveRulesTest" time="3.907"/>
  <testcase name="bsum_num_of_is_max" classname="de.uka.ilkd.key.proof.proverules.ProveRulesTest" time="4.052"/>
  <testcase name="bsum_num_of_is_max2" classname="de.uka.ilkd.key.proof.proverules.ProveRulesTest" time="4.084"/>
  <testcase name="bsum_num_of_is_max3" classname="de.uka.ilkd.key.proof.proverules.ProveRulesTest" time="4.185"/>
  <testcase name="bsum_num_of_is_max4" classname="de.uka.ilkd.key.proof.proverules.ProveRulesTest" time="4.17"/>
  <testcase name="bsum_num_of_lt_max" classname="de.uka.ilkd.key.proof.proverules.ProveRulesTest" time="4.113"/>
  <testcase name="bsum_num_of_lt_max2" classname="de.uka.ilkd.key.proof.proverules.ProveRulesTest" time="4.281"/>
  <testcase name="bsum_num_of_lt_max3" classname="de.uka.ilkd.key.proof.proverules.ProveRulesTest" time="4.294"/>
  <testcase name="bsum_num_of_lt_max4" classname="de.uka.ilkd.key.proof.proverules.ProveRulesTest" time="4.126"/>
  <testcase name="bsum_num_of_gt0" classname="de.uka.ilkd.key.proof.proverules.ProveRulesTest" time="4.171"/>
  <testcase name="bsum_num_of_gt0_alt" classname="de.uka.ilkd.key.proof.proverules.ProveRulesTest" time="4.074"/>
  <testcase name="bsum_add_concrete" classname="de.uka.ilkd.key.proof.proverules.ProveRulesTest" time="4.1"/>
  <testcase name="bprod_all_positive" classname="de.uka.ilkd.key.proof.proverules.ProveRulesTest" time="4.05"/>
  <testcase name="bprod_split" classname="de.uka.ilkd.key.proof.proverules.ProveRulesTest" time="4.065"/>
  <testcase name="powConcrete0" classname="de.uka.ilkd.key.proof.proverules.ProveRulesTest" time="4.082"/>
  <testcase name="powConcrete1" classname="de.uka.ilkd.key.proof.proverules.ProveRulesTest" time="4.095"/>
  <testcase name="powSplitFactor" classname="de.uka.ilkd.key.proof.proverules.ProveRulesTest" time="3.996"/>
  <testcase name="powAdd" classname="de.uka.ilkd.key.proof.proverules.ProveRulesTest" time="4.088"/>
  <testcase name="powMono" classname="de.uka.ilkd.key.proof.proverules.ProveRulesTest" time="4.056"/>
  <testcase name="powMonoConcrete" classname="de.uka.ilkd.key.proof.proverules.ProveRulesTest" time="4.014"/>
  <testcase name="powMonoConcreteRight" classname="de.uka.ilkd.key.proof.proverules.ProveRulesTest" time="4.05"/>
  <testcase name="powPositive" classname="de.uka.ilkd.key.proof.proverules.ProveRulesTest" time="4.088"/>
  <testcase name="powPositiveConcrete" classname="de.uka.ilkd.key.proof.proverules.ProveRulesTest" time="4.136"/>
  <testcase name="powGeq1Concrete" classname="de.uka.ilkd.key.proof.proverules.ProveRulesTest" time="4.073"/>
  <testcase name="pow2InIntLower" classname="de.uka.ilkd.key.proof.proverules.ProveRulesTest" time="4.044"/>
  <testcase name="pow2InIntUpper" classname="de.uka.ilkd.key.proof.proverules.ProveRulesTest" time="4.099"/>
  <testcase name="logSelfConcrete" classname="de.uka.ilkd.key.proof.proverules.ProveRulesTest" time="4.02"/>
  <testcase name="log1Concrete" classname="de.uka.ilkd.key.proof.proverules.ProveRulesTest" time="4.025"/>
  <testcase name="logProduct" classname="de.uka.ilkd.key.proof.proverules.ProveRulesTest" time="4.064"/>
  <testcase name="logTimesBaseConcrete" classname="de.uka.ilkd.key.proof.proverules.ProveRulesTest" time="4.066"/>
  <testcase name="logProdIdentity" classname="de.uka.ilkd.key.proof.proverules.ProveRulesTest" time="4.058"/>
  <testcase name="logProdIdentityConcrete" classname="de.uka.ilkd.key.proof.proverules.ProveRulesTest" time="4.079"/>
  <testcase name="logPowIdentity" classname="de.uka.ilkd.key.proof.proverules.ProveRulesTest" time="4.053"/>
  <testcase name="logPowIdentityConcrete" classname="de.uka.ilkd.key.proof.proverules.ProveRulesTest" time="4.064"/>
  <testcase name="logPositive" classname="de.uka.ilkd.key.proof.proverules.ProveRulesTest" time="4.062"/>
  <testcase name="logPositiveConcrete" classname="de.uka.ilkd.key.proof.proverules.ProveRulesTest" time="4.086"/>
  <testcase name="logMono" classname="de.uka.ilkd.key.proof.proverules.ProveRulesTest" time="4.122"/>
  <testcase name="logMonoConcrete" classname="de.uka.ilkd.key.proof.proverules.ProveRulesTest" time="4.118"/>
  <testcase name="powLogLess" classname="de.uka.ilkd.key.proof.proverules.ProveRulesTest" time="4.106"/>
  <testcase name="powLogMore2" classname="de.uka.ilkd.key.proof.proverules.ProveRulesTest" time="4.134"/>
  <testcase name="logLessThanPow" classname="de.uka.ilkd.key.proof.proverules.ProveRulesTest" time="4.163"/>
  <testcase name="logLessThanPowConcrete" classname="de.uka.ilkd.key.proof.proverules.ProveRulesTest" time="4.094"/>
  <testcase name="logSqueeze" classname="de.uka.ilkd.key.proof.proverules.ProveRulesTest" time="4.088"/>
  <testcase name="ifthenelse_equals" classname="de.uka.ilkd.key.proof.proverules.ProveRulesTest" time="4.074"/>
  <testcase name="ifthenelse_equals_1" classname="de.uka.ilkd.key.proof.proverules.ProveRulesTest" time="4.048"/>
  <testcase name="ifthenelse_equals_2" classname="de.uka.ilkd.key.proof.proverules.ProveRulesTest" time="4.116"/>
  <testcase name="disjointWithSingleton1" classname="de.uka.ilkd.key.proof.proverules.ProveRulesTest" time="4.096"/>
  <testcase name="disjointWithSingleton2" classname="de.uka.ilkd.key.proof.proverules.ProveRulesTest" time="4.165"/>
  <testcase name="disjointArrayRanges" classname="de.uka.ilkd.key.proof.proverules.ProveRulesTest" time="4.12"/>
  <testcase name="disjointArrayRangeAllFields1" classname="de.uka.ilkd.key.proof.proverules.ProveRulesTest" time="4.171"/>
  <testcase name="disjointArrayRangeAllFields2" classname="de.uka.ilkd.key.proof.proverules.ProveRulesTest" time="4.155"/>
  <testcase name="seqSelfDefinition" classname="de.uka.ilkd.key.proof.proverules.ProveRulesTest" time="4.111"/>
  <testcase name="seqOutsideValue" classname="de.uka.ilkd.key.proof.proverules.ProveRulesTest" time="4.17"/>
  <testcase name="castedGetAny" classname="de.uka.ilkd.key.proof.proverules.ProveRulesTest" time="4.064"/>
  <testcase name="seqGetAlphaCast" classname="de.uka.ilkd.key.proof.proverules.ProveRulesTest" time="4.156"/>
  <testcase name="getOfSeqSingleton" classname="de.uka.ilkd.key.proof.proverules.ProveRulesTest" time="4.078"/>
  <testcase name="getOfSeqSingletonConcrete" classname="de.uka.ilkd.key.proof.proverules.ProveRulesTest" time="4.051"/>
  <testcase name="getOfSeqConcat" classname="de.uka.ilkd.key.proof.proverules.ProveRulesTest" time="4.097"/>
  <testcase name="getOfSeqSub" classname="de.uka.ilkd.key.proof.proverules.ProveRulesTest" time="4.153"/>
  <testcase name="getOfSeqReverse" classname="de.uka.ilkd.key.proof.proverules.ProveRulesTest" time="4.168"/>
  <testcase name="lenOfSeqEmpty" classname="de.uka.ilkd.key.proof.proverules.ProveRulesTest" time="4.092"/>
  <testcase name="lenOfSeqSingleton" classname="de.uka.ilkd.key.proof.proverules.ProveRulesTest" time="4.081"/>
  <testcase name="lenOfSeqConcat" classname="de.uka.ilkd.key.proof.proverules.ProveRulesTest" time="4.032"/>
  <testcase name="lenOfSeqSub" classname="de.uka.ilkd.key.proof.proverules.ProveRulesTest" time="4.018"/>
  <testcase name="lenOfSeqReverse" classname="de.uka.ilkd.key.proof.proverules.ProveRulesTest" time="4.069"/>
  <testcase name="equalityToSeqGetAndSeqLenLeft" classname="de.uka.ilkd.key.proof.proverules.ProveRulesTest" time="4.059"/>
  <testcase name="equalityToSeqGetAndSeqLenRight" classname="de.uka.ilkd.key.proof.proverules.ProveRulesTest" time="4.129"/>
  <testcase name="getOfSeqSingletonEQ" classname="de.uka.ilkd.key.proof.proverules.ProveRulesTest" time="4.039"/>
  <testcase name="getOfSeqConcatEQ" classname="de.uka.ilkd.key.proof.proverules.ProveRulesTest" time="4.094"/>
  <testcase name="getOfSeqSubEQ" classname="de.uka.ilkd.key.proof.proverules.ProveRulesTest" time="4.118"/>
  <testcase name="getOfSeqReverseEQ" classname="de.uka.ilkd.key.proof.proverules.ProveRulesTest" time="4.13"/>
  <testcase name="lenOfSeqEmptyEQ" classname="de.uka.ilkd.key.proof.proverules.ProveRulesTest" time="4.076"/>
  <testcase name="lenOfSeqSingletonEQ" classname="de.uka.ilkd.key.proof.proverules.ProveRulesTest" time="4.048"/>
  <testcase name="lenOfSeqConcatEQ" classname="de.uka.ilkd.key.proof.proverules.ProveRulesTest" time="4.108"/>
  <testcase name="lenOfSeqSubEQ" classname="de.uka.ilkd.key.proof.proverules.ProveRulesTest" time="4.054"/>
  <testcase name="lenOfSeqReverseEQ" classname="de.uka.ilkd.key.proof.proverules.ProveRulesTest" time="4.114"/>
  <testcase name="getOfSeqDefEQ" classname="de.uka.ilkd.key.proof.proverules.ProveRulesTest" time="4.133"/>
  <testcase name="lenOfSeqDefEQ" classname="de.uka.ilkd.key.proof.proverules.ProveRulesTest" time="4.145"/>
  <testcase name="seqConcatWithSeqEmpty1" classname="de.uka.ilkd.key.proof.proverules.ProveRulesTest" time="4.096"/>
  <testcase name="seqConcatWithSeqEmpty2" classname="de.uka.ilkd.key.proof.proverules.ProveRulesTest" time="4.138"/>
  <testcase name="seqReverseOfSeqEmpty" classname="de.uka.ilkd.key.proof.proverules.ProveRulesTest" time="4.084"/>
  <testcase name="subSeqComplete" classname="de.uka.ilkd.key.proof.proverules.ProveRulesTest" time="4.138"/>
  <testcase name="subSeqTailR" classname="de.uka.ilkd.key.proof.proverules.ProveRulesTest" time="4.157"/>
  <testcase name="subSeqTailL" classname="de.uka.ilkd.key.proof.proverules.ProveRulesTest" time="4.156"/>
  <testcase name="subSeqTailEQR" classname="de.uka.ilkd.key.proof.proverules.ProveRulesTest" time="4.163"/>
  <testcase name="subSeqTailEQL" classname="de.uka.ilkd.key.proof.proverules.ProveRulesTest" time="4.33"/>
  <testcase name="seqDef_split" classname="de.uka.ilkd.key.proof.proverules.ProveRulesTest" time="4.302"/>
  <testcase name="seqDef_induction_upper" classname="de.uka.ilkd.key.proof.proverules.ProveRulesTest" time="4.302"/>
  <testcase name="seqDef_induction_upper_concrete" classname="de.uka.ilkd.key.proof.proverules.ProveRulesTest" time="4.197"/>
  <testcase name="seqDef_induction_lower" classname="de.uka.ilkd.key.proof.proverules.ProveRulesTest" time="4.216"/>
  <testcase name="seqDef_induction_lower_concrete" classname="de.uka.ilkd.key.proof.proverules.ProveRulesTest" time="4.266"/>
  <testcase name="seqDef_split_in_three" classname="de.uka.ilkd.key.proof.proverules.ProveRulesTest" time="4.408"/>
  <testcase name="seqDef_empty" classname="de.uka.ilkd.key.proof.proverules.ProveRulesTest" time="4.09"/>
  <testcase name="seqDef_one_summand" classname="de.uka.ilkd.key.proof.proverules.ProveRulesTest" time="4.062"/>
  <testcase name="seqDef_lower_equals_upper" classname="de.uka.ilkd.key.proof.proverules.ProveRulesTest" time="4.127"/>
  <testcase name="seqDefOfSeq" classname="de.uka.ilkd.key.proof.proverules.ProveRulesTest" time="4.159"/>
  <testcase name="seqSelfDefinitionEQ2" classname="de.uka.ilkd.key.proof.proverules.ProveRulesTest" time="4.18"/>
  <testcase name="indexOfSeqSingleton" classname="de.uka.ilkd.key.proof.proverules.ProveRulesTest" time="4.175"/>
  <testcase name="indexOfSeqConcatFirst" classname="de.uka.ilkd.key.proof.proverules.ProveRulesTest" time="4.224"/>
  <testcase name="indexOfSeqConcatSecond" classname="de.uka.ilkd.key.proof.proverules.ProveRulesTest" time="4.252"/>
  <testcase name="indexOfSeqSub" classname="de.uka.ilkd.key.proof.proverules.ProveRulesTest" time="4.273"/>
  <testcase name="lenOfArray2seq" classname="de.uka.ilkd.key.proof.proverules.ProveRulesTest" time="4.251"/>
  <testcase name="getAnyOfArray2seq" classname="de.uka.ilkd.key.proof.proverules.ProveRulesTest" time="4.183"/>
  <testcase name="getOfArray2seq" classname="de.uka.ilkd.key.proof.proverules.ProveRulesTest" time="4.168"/>
  <testcase name="getAnyOfNPermInv" classname="de.uka.ilkd.key.proof.proverules.ProveRulesTest" time="4.21"/>
  <testcase name="seqNPermRange" classname="de.uka.ilkd.key.proof.proverules.ProveRulesTest" time="4.225"/>
  <testcase name="seqPermTrans" classname="de.uka.ilkd.key.proof.proverules.ProveRulesTest" time="4.272"/>
  <testcase name="seqPermRefl" classname="de.uka.ilkd.key.proof.proverules.ProveRulesTest" time="4.134"/>
  <testcase name="seqPermSplit" classname="de.uka.ilkd.key.proof.proverules.ProveRulesTest" time="4.129"/>
  <testcase name="seqNPermRight" classname="de.uka.ilkd.key.proof.proverules.ProveRulesTest" time="4.628"/>
  <testcase name="seqPermFromSwap" classname="de.uka.ilkd.key.proof.proverules.ProveRulesTest" time="4.273"/>
  <testcase name="seqPermTransAlt0" classname="de.uka.ilkd.key.proof.proverules.ProveRulesTest" time="4.123"/>
  <testcase name="seqPermTransAlt1" classname="de.uka.ilkd.key.proof.proverules.ProveRulesTest" time="4.199"/>
  <testcase name="seqPermTransAlt2" classname="de.uka.ilkd.key.proof.proverules.ProveRulesTest" time="4.164"/>
  <testcase name="seqPermTransAlt3" classname="de.uka.ilkd.key.proof.proverules.ProveRulesTest" time="4.067"/>
  <testcase name="schiffl_lemma_2" classname="de.uka.ilkd.key.proof.proverules.ProveRulesTest" time="27.714"/>
  <testcase name="schiffl_thm_1" classname="de.uka.ilkd.key.proof.proverules.ProveRulesTest" time="5.092"/>
  <testcase name="eqSameSeq" classname="de.uka.ilkd.key.proof.proverules.ProveRulesTest" time="4.476"/>
  <system-out><![CDATA[667        WARN  Test worker     d.u.i.k.s.ProofSettings   No proof-settings could be loaded, using defaults java.io.FileNotFoundException: /home/runner/.key/proof-settings.props (No such file or directory)
	at java.base/java.io.FileInputStream.open0(Native Method)

14428      INFO  Test worker     d.u.i.k.t.l.TacletProofObligationInput Proof obligation for taclet: eqTermCut 
19352      INFO  Test worker     d.u.i.k.t.l.TacletProofObligationInput Proof obligation for taclet: equivAllRight 
23880      INFO  Test worker     d.u.i.k.t.l.TacletProofObligationInput Proof obligation for taclet: irrflConcrete1 
28412      INFO  Test worker     d.u.i.k.t.l.TacletProofObligationInput Proof obligation for taclet: irrflConcrete2 
32790      INFO  Test worker     d.u.i.k.t.l.TacletProofObligationInput Proof obligation for taclet: cancel_gtPos 
37112      INFO  Test worker     d.u.i.k.t.l.TacletProofObligationInput Proof obligation for taclet: cancel_gtNeg 
41465      INFO  Test worker     d.u.i.k.t.l.TacletProofObligationInput Proof obligation for taclet: moduloIntIsInInt 
45739      INFO  Test worker     d.u.i.k.t.l.TacletProofObligationInput Proof obligation for taclet: moduloLongIsInLong 
50032      INFO  Test worker     d.u.i.k.t.l.TacletProofObligationInput Proof obligation for taclet: moduloShortIsInShort 
54261      INFO  Test worker     d.u.i.k.t.l.TacletProofObligationInput Proof obligation for taclet: moduloByteIsInByte 
58468      INFO  Test worker     d.u.i.k.t.l.TacletProofObligationInput Proof obligation for taclet: moduloCharIsInChar 
62713      INFO  Test worker     d.u.i.k.t.l.TacletProofObligationInput Proof obligation for taclet: div_unique1 
67113      INFO  Test worker     d.u.i.k.t.l.TacletProofObligationInput Proof obligation for taclet: div_unique2 
71340      INFO  Test worker     d.u.i.k.t.l.TacletProofObligationInput Proof obligation for taclet: div_exists 
76057      INFO  Test worker     d.u.i.k.t.l.TacletProofObligationInput Proof obligation for taclet: div_one 
80265      INFO  Test worker     d.u.i.k.t.l.TacletProofObligationInput Proof obligation for taclet: jdiv_one 
84530      INFO  Test worker     d.u.i.k.t.l.TacletProofObligationInput Proof obligation for taclet: div_zero 
88811      INFO  Test worker     d.u.i.k.t.l.TacletProofObligationInput Proof obligation for taclet: divResZero1 
92979      INFO  Test worker     d.u.i.k.t.l.TacletProofObligationInput Proof obligation for taclet: divResZero2 
97227      INFO  Test worker     d.u.i.k.t.l.TacletProofObligationInput Proof obligation for taclet: divResOne1 
101456     INFO  Test worker     d.u.i.k.t.l.TacletProofObligationInput Proof obligation for taclet: divResOne2 
105643     INFO  Test worker     d.u.i.k.t.l.TacletProofObligationInput Proof obligation for taclet: div_cancel1 
109862     INFO  Test worker     d.u.i.k.t.l.TacletProofObligationInput Proof obligation for taclet: div_cancel2 
114100     INFO  Test worker     d.u.i.k.t.l.TacletProofObligationInput Proof obligation for taclet: divAddMultDenom 
118378     INFO  Test worker     d.u.i.k.t.l.TacletProofObligationInput Proof obligation for taclet: divMinus 
122634     INFO  Test worker     d.u.i.k.t.l.TacletProofObligationInput Proof obligation for taclet: divMinusDenom 
126857     INFO  Test worker     d.u.i.k.t.l.TacletProofObligationInput Proof obligation for taclet: divLeastDPos 
131041     INFO  Test worker     d.u.i.k.t.l.TacletProofObligationInput Proof obligation for taclet: divLeastDNeg 
135279     INFO  Test worker     d.u.i.k.t.l.TacletProofObligationInput Proof obligation for taclet: divGreatestDPos 
139450     INFO  Test worker     d.u.i.k.t.l.TacletProofObligationInput Proof obligation for taclet: divGreatestDNeg 
143686     INFO  Test worker     d.u.i.k.t.l.TacletProofObligationInput Proof obligation for taclet: divIncreasingPos 
147900     INFO  Test worker     d.u.i.k.t.l.TacletProofObligationInput Proof obligation for taclet: divIncreasingNeg 
152213     INFO  Test worker     d.u.i.k.t.l.TacletProofObligationInput Proof obligation for taclet: jdiv_zero 
156404     INFO  Test worker     d.u.i.k.t.l.TacletProofObligationInput Proof obligation for taclet: jdivPulloutMinusNum 
160624     INFO  Test worker     d.u.i.k.t.l.TacletProofObligationInput Proof obligation for taclet: jdivPulloutMinusDenom 
164900     INFO  Test worker     d.u.i.k.t.l.TacletProofObligationInput Proof obligation for taclet: jdiv_uniquePosPos 
169170     INFO  Test worker     d.u.i.k.t.l.TacletProofObligationInput Proof obligation for taclet: jdiv_uniquePosNeg 
173395     INFO  Test worker     d.u.i.k.t.l.TacletProofObligationInput Proof obligation for taclet: jdiv_uniqueNegPos 
177633     INFO  Test worker     d.u.i.k.t.l.TacletProofObligationInput Proof obligation for taclet: jdiv_uniqueNegNeg 
181874     INFO  Test worker     d.u.i.k.t.l.TacletProofObligationInput Proof obligation for taclet: jdivMultDenom1 
186172     INFO  Test worker     d.u.i.k.t.l.TacletProofObligationInput Proof obligation for taclet: jdivMultDenom2 
190401     INFO  Test worker     d.u.i.k.t.l.TacletProofObligationInput Proof obligation for taclet: mod_geZero 
194587     INFO  Test worker     d.u.i.k.t.l.TacletProofObligationInput Proof obligation for taclet: mod_lessDenom 
198735     INFO  Test worker     d.u.i.k.t.l.TacletProofObligationInput Proof obligation for taclet: jmod_NumPos 
202743     INFO  Test worker     d.u.i.k.t.l.TacletProofObligationInput Proof obligation for taclet: jmod_NumNeg 
206910     INFO  Test worker     d.u.i.k.t.l.TacletProofObligationInput Proof obligation for taclet: jmod_geZero 
210932     INFO  Test worker     d.u.i.k.t.l.TacletProofObligationInput Proof obligation for taclet: jmodNumZero 
214926     INFO  Test worker     d.u.i.k.t.l.TacletProofObligationInput Proof obligation for taclet: jmod_pulloutminusNum 
218930     INFO  Test worker     d.u.i.k.t.l.TacletProofObligationInput Proof obligation for taclet: jmod_pulloutminusDenom 
222963     INFO  Test worker     d.u.i.k.t.l.TacletProofObligationInput Proof obligation for taclet: jmodUnique1 
227181     INFO  Test worker     d.u.i.k.t.l.TacletProofObligationInput Proof obligation for taclet: jmodUnique2 
231575     INFO  Test worker     d.u.i.k.t.l.TacletProofObligationInput Proof obligation for taclet: intDivRem 
235617     INFO  Test worker     d.u.i.k.t.l.TacletProofObligationInput Proof obligation for taclet: jmodjmod 
239778     INFO  Test worker     d.u.i.k.t.l.TacletProofObligationInput Proof obligation for taclet: jmodDivisible 
243917     INFO  Test worker     d.u.i.k.t.l.TacletProofObligationInput Proof obligation for taclet: jmodDivisibleRep 
248056     INFO  Test worker     d.u.i.k.t.l.TacletProofObligationInput Proof obligation for taclet: jdivAddMultDenom 
252598     INFO  Test worker     d.u.i.k.t.l.TacletProofObligationInput Proof obligation for taclet: jmodAltZero 
256677     INFO  Test worker     d.u.i.k.t.l.TacletProofObligationInput Proof obligation for taclet: jmodAddMultDenomZero 
260769     INFO  Test worker     d.u.i.k.t.l.TacletProofObligationInput Proof obligation for taclet: polyDiv_zero 
264884     INFO  Test worker     d.u.i.k.t.l.TacletProofObligationInput Proof obligation for taclet: polyMod_ltdivDenom 
268964     INFO  Test worker     d.u.i.k.t.l.TacletProofObligationInput Proof obligation for taclet: bsum_empty 
273010     INFO  Test worker     d.u.i.k.t.l.TacletProofObligationInput Proof obligation for taclet: bsum_induction_upper 
277140     INFO  Test worker     d.u.i.k.t.l.TacletProofObligationInput Proof obligation for taclet: bsum_induction_lower 
281262     INFO  Test worker     d.u.i.k.t.l.TacletProofObligationInput Proof obligation for taclet: bsum_num_of_bounds 
285368     INFO  Test worker     d.u.i.k.t.l.TacletProofObligationInput Proof obligation for taclet: bsum_num_of_bounds2 
289520     INFO  Test worker     d.u.i.k.t.l.TacletProofObligationInput Proof obligation for taclet: bsum_induction_upper2 
293604     INFO  Test worker     d.u.i.k.t.l.TacletProofObligationInput Proof obligation for taclet: bsum_induction_upper_concrete 
297759     INFO  Test worker     d.u.i.k.t.l.TacletProofObligationInput Proof obligation for taclet: bsum_induction_upper_concrete_2 
301844     INFO  Test worker     d.u.i.k.t.l.TacletProofObligationInput Proof obligation for taclet: bsum_induction_upper2_concrete 
305948     INFO  Test worker     d.u.i.k.t.l.TacletProofObligationInput Proof obligation for taclet: bsum_induction_lower_concrete 
310116     INFO  Test worker     d.u.i.k.t.l.TacletProofObligationInput Proof obligation for taclet: bsum_induction_lower2 
314216     INFO  Test worker     d.u.i.k.t.l.TacletProofObligationInput Proof obligation for taclet: bsum_induction_lower2_concrete 
318304     INFO  Test worker     d.u.i.k.t.l.TacletProofObligationInput Proof obligation for taclet: bsum_positive 
322507     INFO  Test worker     d.u.i.k.t.l.TacletProofObligationInput Proof obligation for taclet: bsum_upper_bound 
326719     INFO  Test worker     d.u.i.k.t.l.TacletProofObligationInput Proof obligation for taclet: bsum_lower_bound 
330802     INFO  Test worker     d.u.i.k.t.l.TacletProofObligationInput Proof obligation for taclet: bsum_positive_lower_bound_element 
334899     INFO  Test worker     d.u.i.k.t.l.TacletProofObligationInput Proof obligation for taclet: bsum_sub_same_index 
338874     INFO  Test worker     d.u.i.k.t.l.TacletProofObligationInput Proof obligation for taclet: bsum_less_same_index 
342826     INFO  Test worker     d.u.i.k.t.l.TacletProofObligationInput Proof obligation for taclet: bsum_equal_except_one_index 
346795     INFO  Test worker     d.u.i.k.t.l.TacletProofObligationInput Proof obligation for taclet: bsum_num_of_is_max 
350906     INFO  Test worker     d.u.i.k.t.l.TacletProofObligationInput Proof obligation for taclet: bsum_num_of_is_max2 
355069     INFO  Test worker     d.u.i.k.t.l.TacletProofObligationInput Proof obligation for taclet: bsum_num_of_is_max3 
359233     INFO  Test worker     d.u.i.k.t.l.TacletProofObligationInput Proof obligation for taclet: bsum_num_of_is_max4 
363349     INFO  Test worker     d.u.i.k.t.l.TacletProofObligationInput Proof obligation for taclet: bsum_num_of_lt_max 
367548     INFO  Test worker     d.u.i.k.t.l.TacletProofObligationInput Proof obligation for taclet: bsum_num_of_lt_max2 
371936     INFO  Test worker     d.u.i.k.t.l.TacletProofObligationInput Proof obligation for taclet: bsum_num_of_lt_max3 
376114     INFO  Test worker     d.u.i.k.t.l.TacletProofObligationInput Proof obligation for taclet: bsum_num_of_lt_max4 
380202     INFO  Test worker     d.u.i.k.t.l.TacletProofObligationInput Proof obligation for taclet: bsum_num_of_gt0 
384322     INFO  Test worker     d.u.i.k.t.l.TacletProofObligationInput Proof obligation for taclet: bsum_num_of_gt0_alt 
388453     INFO  Test worker     d.u.i.k.t.l.TacletProofObligationInput Proof obligation for taclet: bsum_add_concrete 
392492     INFO  Test worker     d.u.i.k.t.l.TacletProofObligationInput Proof obligation for taclet: bprod_all_positive 
396519     INFO  Test worker     d.u.i.k.t.l.TacletProofObligationInput Proof obligation for taclet: bprod_split 
400657     INFO  Test worker     d.u.i.k.t.l.TacletProofObligationInput Proof obligation for taclet: powConcrete0 
404714     INFO  Test worker     d.u.i.k.t.l.TacletProofObligationInput Proof obligation for taclet: powConcrete1 
408771     INFO  Test worker     d.u.i.k.t.l.TacletProofObligationInput Proof obligation for taclet: powSplitFactor 
412826     INFO  Test worker     d.u.i.k.t.l.TacletProofObligationInput Proof obligation for taclet: powAdd 
416864     INFO  Test worker     d.u.i.k.t.l.TacletProofObligationInput Proof obligation for taclet: powMono 
420934     INFO  Test worker     d.u.i.k.t.l.TacletProofObligationInput Proof obligation for taclet: powMonoConcrete 
424959     INFO  Test worker     d.u.i.k.t.l.TacletProofObligationInput Proof obligation for taclet: powMonoConcreteRight 
429026     INFO  Test worker     d.u.i.k.t.l.TacletProofObligationInput Proof obligation for taclet: powPositive 
433170     INFO  Test worker     d.u.i.k.t.l.TacletProofObligationInput Proof obligation for taclet: powPositiveConcrete 
437244     INFO  Test worker     d.u.i.k.t.l.TacletProofObligationInput Proof obligation for taclet: powGeq1Concrete 
441291     INFO  Test worker     d.u.i.k.t.l.TacletProofObligationInput Proof obligation for taclet: pow2InIntLower 
445390     INFO  Test worker     d.u.i.k.t.l.TacletProofObligationInput Proof obligation for taclet: pow2InIntUpper 
449420     INFO  Test worker     d.u.i.k.t.l.TacletProofObligationInput Proof obligation for taclet: logSelfConcrete 
453466     INFO  Test worker     d.u.i.k.t.l.TacletProofObligationInput Proof obligation for taclet: log1Concrete 
457490     INFO  Test worker     d.u.i.k.t.l.TacletProofObligationInput Proof obligation for taclet: logProduct 
461567     INFO  Test worker     d.u.i.k.t.l.TacletProofObligationInput Proof obligation for taclet: logTimesBaseConcrete 
465624     INFO  Test worker     d.u.i.k.t.l.TacletProofObligationInput Proof obligation for taclet: logProdIdentity 
469716     INFO  Test worker     d.u.i.k.t.l.TacletProofObligationInput Proof obligation for taclet: logProdIdentityConcrete 
473769     INFO  Test worker     d.u.i.k.t.l.TacletProofObligationInput Proof obligation for taclet: logPowIdentity 
477819     INFO  Test worker     d.u.i.k.t.l.TacletProofObligationInput Proof obligation for taclet: logPowIdentityConcrete 
481838     INFO  Test worker     d.u.i.k.t.l.TacletProofObligationInput Proof obligation for taclet: logPositive 
485978     INFO  Test worker     d.u.i.k.t.l.TacletProofObligationInput Proof obligation for taclet: logPositiveConcrete 
490009     INFO  Test worker     d.u.i.k.t.l.TacletProofObligationInput Proof obligation for taclet: logMono 
494193     INFO  Test worker     d.u.i.k.t.l.TacletProofObligationInput Proof obligation for taclet: logMonoConcrete 
498270     INFO  Test worker     d.u.i.k.t.l.TacletProofObligationInput Proof obligation for taclet: powLogLess 
502386     INFO  Test worker     d.u.i.k.t.l.TacletProofObligationInput Proof obligation for taclet: powLogMore2 
506511     INFO  Test worker     d.u.i.k.t.l.TacletProofObligationInput Proof obligation for taclet: logLessThanPow 
510708     INFO  Test worker     d.u.i.k.t.l.TacletProofObligationInput Proof obligation for taclet: logLessThanPowConcrete 
514785     INFO  Test worker     d.u.i.k.t.l.TacletProofObligationInput Proof obligation for taclet: logSqueeze 
518863     INFO  Test worker     d.u.i.k.t.l.TacletProofObligationInput Proof obligation for taclet: ifthenelse_equals 
522910     INFO  Test worker     d.u.i.k.t.l.TacletProofObligationInput Proof obligation for taclet: ifthenelse_equals_1 
526998     INFO  Test worker     d.u.i.k.t.l.TacletProofObligationInput Proof obligation for taclet: ifthenelse_equals_2 
531120     INFO  Test worker     d.u.i.k.t.l.TacletProofObligationInput Proof obligation for taclet: disjointWithSingleton1 
535277     INFO  Test worker     d.u.i.k.t.l.TacletProofObligationInput Proof obligation for taclet: disjointWithSingleton2 
539397     INFO  Test worker     d.u.i.k.t.l.TacletProofObligationInput Proof obligation for taclet: disjointArrayRanges 
543556     INFO  Test worker     d.u.i.k.t.l.TacletProofObligationInput Proof obligation for taclet: disjointArrayRangeAllFields1 
547707     INFO  Test worker     d.u.i.k.t.l.TacletProofObligationInput Proof obligation for taclet: disjointArrayRangeAllFields2 
551815     INFO  Test worker     d.u.i.k.t.l.TacletProofObligationInput Proof obligation for taclet: seqSelfDefinition 
555990     INFO  Test worker     d.u.i.k.t.l.TacletProofObligationInput Proof obligation for taclet: seqOutsideValue 
560103     INFO  Test worker     d.u.i.k.t.l.TacletProofObligationInput Proof obligation for taclet: castedGetAny 
564226     INFO  Test worker     d.u.i.k.t.l.TacletProofObligationInput Proof obligation for taclet: seqGetAlphaCast 
568313     INFO  Test worker     d.u.i.k.t.l.TacletProofObligationInput Proof obligation for taclet: getOfSeqSingleton 
572381     INFO  Test worker     d.u.i.k.t.l.TacletProofObligationInput Proof obligation for taclet: getOfSeqSingletonConcrete 
576432     INFO  Test worker     d.u.i.k.t.l.TacletProofObligationInput Proof obligation for taclet: getOfSeqConcat 
580592     INFO  Test worker     d.u.i.k.t.l.TacletProofObligationInput Proof obligation for taclet: getOfSeqSub 
584739     INFO  Test worker     d.u.i.k.t.l.TacletProofObligationInput Proof obligation for taclet: getOfSeqReverse 
588888     INFO  Test worker     d.u.i.k.t.l.TacletProofObligationInput Proof obligation for taclet: lenOfSeqEmpty 
592947     INFO  Test worker     d.u.i.k.t.l.TacletProofObligationInput Proof obligation for taclet: lenOfSeqSingleton 
596979     INFO  Test worker     d.u.i.k.t.l.TacletProofObligationInput Proof obligation for taclet: lenOfSeqConcat 
601015     INFO  Test worker     d.u.i.k.t.l.TacletProofObligationInput Proof obligation for taclet: lenOfSeqSub 
605069     INFO  Test worker     d.u.i.k.t.l.TacletProofObligationInput Proof obligation for taclet: lenOfSeqReverse 
609125     INFO  Test worker     d.u.i.k.t.l.TacletProofObligationInput Proof obligation for taclet: equalityToSeqGetAndSeqLenLeft 
613235     INFO  Test worker     d.u.i.k.t.l.TacletProofObligationInput Proof obligation for taclet: equalityToSeqGetAndSeqLenRight 
617285     INFO  Test worker     d.u.i.k.t.l.TacletProofObligationInput Proof obligation for taclet: getOfSeqSingletonEQ 
621411     INFO  Test worker     d.u.i.k.t.l.TacletProofObligationInput Proof obligation for taclet: getOfSeqConcatEQ 
625494     INFO  Test worker     d.u.i.k.t.l.TacletProofObligationInput Proof obligation for taclet: getOfSeqSubEQ 
629621     INFO  Test worker     d.u.i.k.t.l.TacletProofObligationInput Proof obligation for taclet: getOfSeqReverseEQ 
633709     INFO  Test worker     d.u.i.k.t.l.TacletProofObligationInput Proof obligation for taclet: lenOfSeqEmptyEQ 
637757     INFO  Test worker     d.u.i.k.t.l.TacletProofObligationInput Proof obligation for taclet: lenOfSeqSingletonEQ 
641857     INFO  Test worker     d.u.i.k.t.l.TacletProofObligationInput Proof obligation for taclet: lenOfSeqConcatEQ 
645901     INFO  Test worker     d.u.i.k.t.l.TacletProofObligationInput Proof obligation for taclet: lenOfSeqSubEQ 
650023     INFO  Test worker     d.u.i.k.t.l.TacletProofObligationInput Proof obligation for taclet: lenOfSeqReverseEQ 
654170     INFO  Test worker     d.u.i.k.t.l.TacletProofObligationInput Proof obligation for taclet: getOfSeqDefEQ 
658288     INFO  Test worker     d.u.i.k.t.l.TacletProofObligationInput Proof obligation for taclet: lenOfSeqDefEQ 
662389     INFO  Test worker     d.u.i.k.t.l.TacletProofObligationInput Proof obligation for taclet: seqConcatWithSeqEmpty1 
666528     INFO  Test worker     d.u.i.k.t.l.TacletProofObligationInput Proof obligation for taclet: seqConcatWithSeqEmpty2 
670622     INFO  Test worker     d.u.i.k.t.l.TacletProofObligationInput Proof obligation for taclet: seqReverseOfSeqEmpty 
674724     INFO  Test worker     d.u.i.k.t.l.TacletProofObligationInput Proof obligation for taclet: subSeqComplete 
678883     INFO  Test worker     d.u.i.k.t.l.TacletProofObligationInput Proof obligation for taclet: subSeqTailR 
683016     INFO  Test worker     d.u.i.k.t.l.TacletProofObligationInput Proof obligation for taclet: subSeqTailL 
687185     INFO  Test worker     d.u.i.k.t.l.TacletProofObligationInput Proof obligation for taclet: subSeqTailEQR 
691461     INFO  Test worker     d.u.i.k.t.l.TacletProofObligationInput Proof obligation for taclet: subSeqTailEQL 
695718     INFO  Test worker     d.u.i.k.t.l.TacletProofObligationInput Proof obligation for taclet: seqDef_split 
700096     INFO  Test worker     d.u.i.k.t.l.TacletProofObligationInput Proof obligation for taclet: seqDef_induction_upper 
704315     INFO  Test worker     d.u.i.k.t.l.TacletProofObligationInput Proof obligation for taclet: seqDef_induction_upper_concrete 
708501     INFO  Test worker     d.u.i.k.t.l.TacletProofObligationInput Proof obligation for taclet: seqDef_induction_lower 
712741     INFO  Test worker     d.u.i.k.t.l.TacletProofObligationInput Proof obligation for taclet: seqDef_induction_lower_concrete 
716959     INFO  Test worker     d.u.i.k.t.l.TacletProofObligationInput Proof obligation for taclet: seqDef_split_in_three 
721360     INFO  Test worker     d.u.i.k.t.l.TacletProofObligationInput Proof obligation for taclet: seqDef_empty 
725403     INFO  Test worker     d.u.i.k.t.l.TacletProofObligationInput Proof obligation for taclet: seqDef_one_summand 
729516     INFO  Test worker     d.u.i.k.t.l.TacletProofObligationInput Proof obligation for taclet: seqDef_lower_equals_upper 
733642     INFO  Test worker     d.u.i.k.t.l.TacletProofObligationInput Proof obligation for taclet: seqDefOfSeq 
737853     INFO  Test worker     d.u.i.k.t.l.TacletProofObligationInput Proof obligation for taclet: seqSelfDefinitionEQ2 
742040     INFO  Test worker     d.u.i.k.t.l.TacletProofObligationInput Proof obligation for taclet: indexOfSeqSingleton 
746227     INFO  Test worker     d.u.i.k.t.l.TacletProofObligationInput Proof obligation for taclet: indexOfSeqConcatFirst 
750456     INFO  Test worker     d.u.i.k.t.l.TacletProofObligationInput Proof obligation for taclet: indexOfSeqConcatSecond 
754730     INFO  Test worker     d.u.i.k.t.l.TacletProofObligationInput Proof obligation for taclet: indexOfSeqSub 
759011     INFO  Test worker     d.u.i.k.t.l.TacletProofObligationInput Proof obligation for taclet: lenOfArray2seq 
763229     INFO  Test worker     d.u.i.k.t.l.TacletProofObligationInput Proof obligation for taclet: getAnyOfArray2seq 
767374     INFO  Test worker     d.u.i.k.t.l.TacletProofObligationInput Proof obligation for taclet: getOfArray2seq 
771591     INFO  Test worker     d.u.i.k.t.l.TacletProofObligationInput Proof obligation for taclet: getAnyOfNPermInv 
775736     INFO  Test worker     d.u.i.k.t.l.TacletProofObligationInput Proof obligation for taclet: seqNPermRange 
780017     INFO  Test worker     d.u.i.k.t.l.TacletProofObligationInput Proof obligation for taclet: seqPermTrans 
784240     INFO  Test worker     d.u.i.k.t.l.TacletProofObligationInput Proof obligation for taclet: seqPermRefl 
788347     INFO  Test worker     d.u.i.k.t.l.TacletProofObligationInput Proof obligation for taclet: seqPermSplit 
792488     INFO  Test worker     d.u.i.k.t.l.TacletProofObligationInput Proof obligation for taclet: seqNPermRight 
797119     INFO  Test worker     d.u.i.k.t.l.TacletProofObligationInput Proof obligation for taclet: seqPermFromSwap 
801394     INFO  Test worker     d.u.i.k.t.l.TacletProofObligationInput Proof obligation for taclet: seqPermTransAlt0 
805596     INFO  Test worker     d.u.i.k.t.l.TacletProofObligationInput Proof obligation for taclet: seqPermTransAlt1 
809756     INFO  Test worker     d.u.i.k.t.l.TacletProofObligationInput Proof obligation for taclet: seqPermTransAlt2 
813840     INFO  Test worker     d.u.i.k.t.l.TacletProofObligationInput Proof obligation for taclet: seqPermTransAlt3 
817958     INFO  Test worker     d.u.i.k.t.l.TacletProofObligationInput Proof obligation for taclet: schiffl_lemma_2 
819002     INFO  Test worker     d.u.i.k.m.s.ProofScriptEngine 1: 'macro split-prop' 
819057     INFO  Test worker     d.u.i.k.m.s.ProofScriptEngine 2: 'rule allRight' 
819083     INFO  Test worker     d.u.i.k.m.s.ProofScriptEngine 3: 'rule allRight' 
819092     INFO  Test worker     d.u.i.k.m.s.ProofScriptEngine 4: 'macro split-prop' 
819104     INFO  Test worker     d.u.i.k.m.s.ProofScriptEngine 5: 'rule 'seqPermDefLeft'' 
819108     INFO  Test worker     d.u.i.k.m.s.ProofScriptEngine 6: 'rule 'andLeft'' 
819110     INFO  Test worker     d.u.i.k.m.s.ProofScriptEngine 7: 'rule 'exLeft'' 
819115     INFO  Test worker     d.u.i.k.m.s.ProofScriptEngine 8: 'macro split-prop' 
819121     INFO  Test worker     d.u.i.k.m.s.ProofScriptEngine 9: 'rule  seqNPermRange' 
819126     INFO  Test worker     d.u.i.k.m.s.ProofScriptEngine 10: 'instantiate var=iv with='v_x_0' occ=1' 
819131     INFO  Test worker     d.u.i.k.m.s.ProofScriptEngine 11: 'rule impLeft' 
819134     INFO  Test worker     d.u.i.k.m.s.ProofScriptEngine 12: 'tryclose branch' 
819408     INFO  Test worker     d.u.i.k.m.s.ProofScriptEngine 13: 'rule andLeft' 
819409     INFO  Test worker     d.u.i.k.m.s.ProofScriptEngine 14: 'rule andLeft' 
819411     INFO  Test worker     d.u.i.k.m.s.ProofScriptEngine 15: 'instantiate var=iv with='v_y_0' occ=1' 
819412     INFO  Test worker     d.u.i.k.m.s.ProofScriptEngine 16: 'rule impLeft' 
819413     INFO  Test worker     d.u.i.k.m.s.ProofScriptEngine 17: 'tryclose branch' 
819584     INFO  Test worker     d.u.i.k.m.s.ProofScriptEngine 18: 'rule andLeft' 
819586     INFO  Test worker     d.u.i.k.m.s.ProofScriptEngine 19: 'rule andLeft' 
819590     INFO  Test worker     d.u.i.k.m.s.ProofScriptEngine 20: 'rule seqNPermDefLeft' 
819592     INFO  Test worker     d.u.i.k.m.s.ProofScriptEngine 21: 'instantiate var=iv with='v_x_0' occ=2' 
819593     INFO  Test worker     d.u.i.k.m.s.ProofScriptEngine 22: 'rule impLeft' 
819594     INFO  Test worker     d.u.i.k.m.s.ProofScriptEngine 23: 'tryclose branch' 
819800     INFO  Test worker     d.u.i.k.m.s.ProofScriptEngine 24: 'rule exLeft' 
819802     INFO  Test worker     d.u.i.k.m.s.ProofScriptEngine 25: 'rule andLeft' 
819804     INFO  Test worker     d.u.i.k.m.s.ProofScriptEngine 26: 'rule andLeft' 
819804     INFO  Test worker     d.u.i.k.m.s.ProofScriptEngine 27: 'instantiate hide var=iv with='v_y_0' occ=2' 
819805     INFO  Test worker     d.u.i.k.m.s.ProofScriptEngine 28: 'rule impLeft' 
819807     INFO  Test worker     d.u.i.k.m.s.ProofScriptEngine 29: 'tryclose branch' 
819966     INFO  Test worker     d.u.i.k.m.s.ProofScriptEngine 30: 'rule exLeft' 
819968     INFO  Test worker     d.u.i.k.m.s.ProofScriptEngine 31: 'rule andLeft' 
819969     INFO  Test worker     d.u.i.k.m.s.ProofScriptEngine 32: 'rule andLeft' 
819970     INFO  Test worker     d.u.i.k.m.s.ProofScriptEngine 33: 'instantiate var=iv with='jv_0' occ=1' 
819971     INFO  Test worker     d.u.i.k.m.s.ProofScriptEngine 34: 'rule impLeft' 
819973     INFO  Test worker     d.u.i.k.m.s.ProofScriptEngine 35: 'tryclose branch' 
819981     INFO  Test worker     d.u.i.k.m.s.ProofScriptEngine 36: 'rule andLeft' 
819982     INFO  Test worker     d.u.i.k.m.s.ProofScriptEngine 37: 'rule andLeft' 
819983     INFO  Test worker     d.u.i.k.m.s.ProofScriptEngine 38: 'rule castAdd formula='s_0[jv_0] = v_x_0' occ=0' 
819986     INFO  Test worker     d.u.i.k.m.s.ProofScriptEngine 39: 'instantiate hide var=iv with='jv_1' occ=1' 
819988     INFO  Test worker     d.u.i.k.m.s.ProofScriptEngine 40: 'rule impLeft' 
819989     INFO  Test worker     d.u.i.k.m.s.ProofScriptEngine 41: 'tryclose branch' 
819996     INFO  Test worker     d.u.i.k.m.s.ProofScriptEngine 42: 'rule andLeft' 
819997     INFO  Test worker     d.u.i.k.m.s.ProofScriptEngine 43: 'rule andLeft' 
819998     INFO  Test worker     d.u.i.k.m.s.ProofScriptEngine 44: 'rule castAdd formula='s_0[jv_1] = v_y_0' occ=0' 
819999     INFO  Test worker     d.u.i.k.m.s.ProofScriptEngine 45: 'instantiate var=iv  with='v_x_0'' 
820000     INFO  Test worker     d.u.i.k.m.s.ProofScriptEngine 46: 'rule impLeft' 
820001     INFO  Test worker     d.u.i.k.m.s.ProofScriptEngine 47: 'tryclose branch' 
820172     INFO  Test worker     d.u.i.k.m.s.ProofScriptEngine 48: 'instantiate var=iv  with='v_y_0'' 
820173     INFO  Test worker     d.u.i.k.m.s.ProofScriptEngine 49: 'rule impLeft' 
820175     INFO  Test worker     d.u.i.k.m.s.ProofScriptEngine 50: 'tryclose branch' 
820332     INFO  Test worker     d.u.i.k.m.s.ProofScriptEngine 51: 'cut 'v_x_0 = v_y_0'' 
820334     INFO  Test worker     d.u.i.k.m.s.ProofScriptEngine 52: 'instantiate hide var='v_r' with='seqSwap(s_0,v_x_0,jv_0)'' 
820336     INFO  Test worker     d.u.i.k.m.s.ProofScriptEngine 53: 'rule andRight' 
820338     INFO  Test worker     d.u.i.k.m.s.ProofScriptEngine 54: 'rule andRight' 
820340     INFO  Test worker     d.u.i.k.m.s.ProofScriptEngine 55: 'rule andRight' 
820341     INFO  Test worker     d.u.i.k.m.s.ProofScriptEngine 56: 'rule andRight' 
820344     INFO  Test worker     d.u.i.k.m.s.ProofScriptEngine 57: 'rule lenOfSwap' 
820345     INFO  Test worker     d.u.i.k.m.s.ProofScriptEngine 58: 'tryclose branch' 
820349     INFO  Test worker     d.u.i.k.m.s.ProofScriptEngine 59: 'rule seqNPermSwapNPerm' 
820352     INFO  Test worker     d.u.i.k.m.s.ProofScriptEngine 60: 'instantiate hide var='iv' with='v_x_0' occ=1' 
820354     INFO  Test worker     d.u.i.k.m.s.ProofScriptEngine 61: 'instantiate hide var='jv' with='jv_0'' 
820355     INFO  Test worker     d.u.i.k.m.s.ProofScriptEngine 62: 'rule impLeft' 
820356     INFO  Test worker     d.u.i.k.m.s.ProofScriptEngine 63: 'tryclose branch' 
820485     INFO  Test worker     d.u.i.k.m.s.ProofScriptEngine 64: 'tryclose branch' 
820490     INFO  Test worker     d.u.i.k.m.s.ProofScriptEngine 65: 'rule allRight' 
820492     INFO  Test worker     d.u.i.k.m.s.ProofScriptEngine 66: 'rule impRight' 
820493     INFO  Test worker     d.u.i.k.m.s.ProofScriptEngine 67: 'rule andLeft' 
820494     INFO  Test worker     d.u.i.k.m.s.ProofScriptEngine 68: 'instantiate var=iv with='v_iv_0'' 
820496     INFO  Test worker     d.u.i.k.m.s.ProofScriptEngine 69: 'rule impLeft' 
820497     INFO  Test worker     d.u.i.k.m.s.ProofScriptEngine 70: 'tryclose branch' 
820650     INFO  Test worker     d.u.i.k.m.s.ProofScriptEngine 71: 'rule getOfSwap' 
820651     INFO  Test worker     d.u.i.k.m.s.ProofScriptEngine 72: 'rule ifthenelse_negated' 
820652     INFO  Test worker     d.u.i.k.m.s.ProofScriptEngine 73: 'rule ifthenelse_split occ=0' 
820654     INFO  Test worker     d.u.i.k.m.s.ProofScriptEngine 74: 'rule andLeft' 
820655     INFO  Test worker     d.u.i.k.m.s.ProofScriptEngine 75: 'rule andLeft' 
820658     INFO  Test worker     d.u.i.k.m.s.ProofScriptEngine 76: 'rule andLeft' 
820658     INFO  Test worker     d.u.i.k.m.s.ProofScriptEngine 77: 'rule ifthenelse_split occ=0' 
820660     INFO  Test worker     d.u.i.k.m.s.ProofScriptEngine 78: 'tryclose branch' 
820787     INFO  Test worker     d.u.i.k.m.s.ProofScriptEngine 79: 'rule ifthenelse_split occ=0' 
820789     INFO  Test worker     d.u.i.k.m.s.ProofScriptEngine 80: 'tryclose branch' 
820916     INFO  Test worker     d.u.i.k.m.s.ProofScriptEngine 81: 'tryclose branch' 
820922     INFO  Test worker     d.u.i.k.m.s.ProofScriptEngine 82: 'tryclose branch' 
820928     INFO  Test worker     d.u.i.k.m.s.ProofScriptEngine 83: 'rule getOfSwap' 
820929     INFO  Test worker     d.u.i.k.m.s.ProofScriptEngine 84: 'rule ifthenelse_negated' 
820930     INFO  Test worker     d.u.i.k.m.s.ProofScriptEngine 85: 'rule ifthenelse_split occ=0' 
820932     INFO  Test worker     d.u.i.k.m.s.ProofScriptEngine 86: 'rule andLeft' 
820933     INFO  Test worker     d.u.i.k.m.s.ProofScriptEngine 87: 'rule andLeft' 
820934     INFO  Test worker     d.u.i.k.m.s.ProofScriptEngine 88: 'rule andLeft' 
820934     INFO  Test worker     d.u.i.k.m.s.ProofScriptEngine 89: 'rule ifthenelse_split occ=0' 
820936     INFO  Test worker     d.u.i.k.m.s.ProofScriptEngine 90: 'tryclose branch' 
820947     INFO  Test worker     d.u.i.k.m.s.ProofScriptEngine 91: 'tryclose branch' 
820953     INFO  Test worker     d.u.i.k.m.s.ProofScriptEngine 92: 'tryclose branch' 
821076     INFO  Test worker     d.u.i.k.m.s.ProofScriptEngine 93: 'rule getOfSwap' 
821078     INFO  Test worker     d.u.i.k.m.s.ProofScriptEngine 94: 'rule ifthenelse_negated' 
821079     INFO  Test worker     d.u.i.k.m.s.ProofScriptEngine 95: 'rule ifthenelse_split occ=0' 
821081     INFO  Test worker     d.u.i.k.m.s.ProofScriptEngine 96: 'rule andLeft' 
821082     INFO  Test worker     d.u.i.k.m.s.ProofScriptEngine 97: 'rule andLeft' 
821083     INFO  Test worker     d.u.i.k.m.s.ProofScriptEngine 98: 'rule andLeft' 
821083     INFO  Test worker     d.u.i.k.m.s.ProofScriptEngine 99: 'rule ifthenelse_split occ=0' 
821084     INFO  Test worker     d.u.i.k.m.s.ProofScriptEngine 100: 'tryclose branch' 
821150     INFO  Test worker     d.u.i.k.m.s.ProofScriptEngine 101: 'tryclose branch' 
821156     INFO  Test worker     d.u.i.k.m.s.ProofScriptEngine 102: 'tryclose branch' 
821280     INFO  Test worker     d.u.i.k.m.s.ProofScriptEngine 103: 'cut '(int)s_0[v_x_0] = (int)s_0[v_y_0]'' 
821282     INFO  Test worker     d.u.i.k.m.s.ProofScriptEngine 104: 'rule seqNPermInjective' 
821285     INFO  Test worker     d.u.i.k.m.s.ProofScriptEngine 105: 'instantiate hide var=iv with='v_x_0'' 
821286     INFO  Test worker     d.u.i.k.m.s.ProofScriptEngine 106: 'instantiate hide var=jv with='v_y_0'' 
821287     INFO  Test worker     d.u.i.k.m.s.ProofScriptEngine 107: 'rule impLeft' 
821288     INFO  Test worker     d.u.i.k.m.s.ProofScriptEngine 108: 'tryclose branch' 
821449     INFO  Test worker     d.u.i.k.m.s.ProofScriptEngine 109: 'tryclose branch' 
821455     INFO  Test worker     d.u.i.k.m.s.ProofScriptEngine 110: 'cut '(int)s_0[v_x_0] = v_x_0'' 
821456     INFO  Test worker     d.u.i.k.m.s.ProofScriptEngine 111: 'instantiate hide var=v_r with='seqSwap(s_0,v_y_0,jv_1)'' 
821459     INFO  Test worker     d.u.i.k.m.s.ProofScriptEngine 112: 'rule andRight' 
821460     INFO  Test worker     d.u.i.k.m.s.ProofScriptEngine 113: 'rule andRight' 
821461     INFO  Test worker     d.u.i.k.m.s.ProofScriptEngine 114: 'rule andRight' 
821462     INFO  Test worker     d.u.i.k.m.s.ProofScriptEngine 115: 'rule andRight' 
821463     INFO  Test worker     d.u.i.k.m.s.ProofScriptEngine 116: 'tryclose branch' 
821473     INFO  Test worker     d.u.i.k.m.s.ProofScriptEngine 117: 'rule seqNPermSwapNPerm' 
821475     INFO  Test worker     d.u.i.k.m.s.ProofScriptEngine 118: 'instantiate hide var=iv with='v_y_0'' 
821477     INFO  Test worker     d.u.i.k.m.s.ProofScriptEngine 119: 'instantiate hide var=jv with='jv_1'' 
821477     INFO  Test worker     d.u.i.k.m.s.ProofScriptEngine 120: 'tryclose branch' 
821585     INFO  Test worker     d.u.i.k.m.s.ProofScriptEngine 121: 'rule allRight' 
821587     INFO  Test worker     d.u.i.k.m.s.ProofScriptEngine 122: 'rule impRight' 
821589     INFO  Test worker     d.u.i.k.m.s.ProofScriptEngine 123: 'rule andLeft' 
821590     INFO  Test worker     d.u.i.k.m.s.ProofScriptEngine 124: 'instantiate var=iv with='v_iv_0'' 
821592     INFO  Test worker     d.u.i.k.m.s.ProofScriptEngine 125: 'rule impLeft' 
821593     INFO  Test worker     d.u.i.k.m.s.ProofScriptEngine 126: 'tryclose branch' 
821754     INFO  Test worker     d.u.i.k.m.s.ProofScriptEngine 127: 'rule getOfSwap' 
821756     INFO  Test worker     d.u.i.k.m.s.ProofScriptEngine 128: 'rule ifthenelse_negated' 
821757     INFO  Test worker     d.u.i.k.m.s.ProofScriptEngine 129: 'rule ifthenelse_split occ=0' 
821759     INFO  Test worker     d.u.i.k.m.s.ProofScriptEngine 130: 'rule andLeft' 
821760     INFO  Test worker     d.u.i.k.m.s.ProofScriptEngine 131: 'rule andLeft' 
821760     INFO  Test worker     d.u.i.k.m.s.ProofScriptEngine 132: 'rule andLeft' 
821761     INFO  Test worker     d.u.i.k.m.s.ProofScriptEngine 133: 'rule ifthenelse_split occ=0' 
821763     INFO  Test worker     d.u.i.k.m.s.ProofScriptEngine 134: 'tryclose branch' 
821859     INFO  Test worker     d.u.i.k.m.s.ProofScriptEngine 135: 'rule ifthenelse_split occ=0' 
821860     INFO  Test worker     d.u.i.k.m.s.ProofScriptEngine 136: 'tryclose branch' 
821949     INFO  Test worker     d.u.i.k.m.s.ProofScriptEngine 137: 'instantiate var=iv with='v_y_0'' 
821950     INFO  Test worker     d.u.i.k.m.s.ProofScriptEngine 138: 'rule impLeft' 
821951     INFO  Test worker     d.u.i.k.m.s.ProofScriptEngine 139: 'tryclose branch' 
821955     INFO  Test worker     d.u.i.k.m.s.ProofScriptEngine 140: 'tryclose branch' 
821960     INFO  Test worker     d.u.i.k.m.s.ProofScriptEngine 141: 'tryclose branch' 
821964     INFO  Test worker     d.u.i.k.m.s.ProofScriptEngine 142: 'tryclose branch' 
822106     INFO  Test worker     d.u.i.k.m.s.ProofScriptEngine 143: 'rule getOfSwap' 
822107     INFO  Test worker     d.u.i.k.m.s.ProofScriptEngine 144: 'rule ifthenelse_negated' 
822110     INFO  Test worker     d.u.i.k.m.s.ProofScriptEngine 145: 'rule ifthenelse_split occ=0' 
822111     INFO  Test worker     d.u.i.k.m.s.ProofScriptEngine 146: 'tryclose branch' 
822123     INFO  Test worker     d.u.i.k.m.s.ProofScriptEngine 147: 'tryclose branch' 
822220     INFO  Test worker     d.u.i.k.m.s.ProofScriptEngine 148: 'tryclose branch' 
826459     INFO  Test worker     d.u.i.k.m.s.ProofScriptEngine 149: 'cut  '(int)s_0[v_y_0] = v_y_0'' 
826460     INFO  Test worker     d.u.i.k.m.s.ProofScriptEngine 150: 'instantiate hide var=v_r with='seqSwap(s_0,v_x_0,jv_0)'' 
826466     INFO  Test worker     d.u.i.k.m.s.ProofScriptEngine 151: 'rule andRight' 
826467     INFO  Test worker     d.u.i.k.m.s.ProofScriptEngine 152: 'rule andRight' 
826468     INFO  Test worker     d.u.i.k.m.s.ProofScriptEngine 153: 'rule andRight' 
826469     INFO  Test worker     d.u.i.k.m.s.ProofScriptEngine 154: 'rule andRight' 
826469     INFO  Test worker     d.u.i.k.m.s.ProofScriptEngine 155: 'tryclose branch' 
826480     INFO  Test worker     d.u.i.k.m.s.ProofScriptEngine 156: 'rule seqNPermSwapNPerm' 
826482     INFO  Test worker     d.u.i.k.m.s.ProofScriptEngine 157: 'instantiate hide var=iv with='v_x_0'' 
826483     INFO  Test worker     d.u.i.k.m.s.ProofScriptEngine 158: 'instantiate hide var=jv with='jv_0'' 
826484     INFO  Test worker     d.u.i.k.m.s.ProofScriptEngine 159: 'rule impLeft' 
826484     INFO  Test worker     d.u.i.k.m.s.ProofScriptEngine 160: 'tryclose branch' 
826599     INFO  Test worker     d.u.i.k.m.s.ProofScriptEngine 161: 'tryclose branch' 
826603     INFO  Test worker     d.u.i.k.m.s.ProofScriptEngine 162: 'rule allRight' 
826605     INFO  Test worker     d.u.i.k.m.s.ProofScriptEngine 163: 'rule impRight' 
826606     INFO  Test worker     d.u.i.k.m.s.ProofScriptEngine 164: 'rule andLeft' 
826607     INFO  Test worker     d.u.i.k.m.s.ProofScriptEngine 165: 'instantiate var=iv with='v_iv_0'' 
826607     INFO  Test worker     d.u.i.k.m.s.ProofScriptEngine 166: 'rule impLeft' 
826608     INFO  Test worker     d.u.i.k.m.s.ProofScriptEngine 167: 'tryclose branch' 
826725     INFO  Test worker     d.u.i.k.m.s.ProofScriptEngine 168: 'rule getOfSwap' 
826727     INFO  Test worker     d.u.i.k.m.s.ProofScriptEngine 169: 'rule ifthenelse_negated' 
826727     INFO  Test worker     d.u.i.k.m.s.ProofScriptEngine 170: 'rule ifthenelse_split occ=0' 
826730     INFO  Test worker     d.u.i.k.m.s.ProofScriptEngine 171: 'rule andLeft' 
826731     INFO  Test worker     d.u.i.k.m.s.ProofScriptEngine 172: 'rule andLeft' 
826732     INFO  Test worker     d.u.i.k.m.s.ProofScriptEngine 173: 'rule andLeft' 
826733     INFO  Test worker     d.u.i.k.m.s.ProofScriptEngine 174: 'rule ifthenelse_split occ=0' 
826734     INFO  Test worker     d.u.i.k.m.s.ProofScriptEngine 175: 'tryclose branch' 
826827     INFO  Test worker     d.u.i.k.m.s.ProofScriptEngine 176: 'rule ifthenelse_split occ=0' 
826828     INFO  Test worker     d.u.i.k.m.s.ProofScriptEngine 177: 'tryclose branch' 
826918     INFO  Test worker     d.u.i.k.m.s.ProofScriptEngine 178: 'tryclose branch' 
826924     INFO  Test worker     d.u.i.k.m.s.ProofScriptEngine 179: 'tryclose branch' 
826929     INFO  Test worker     d.u.i.k.m.s.ProofScriptEngine 180: 'rule getOfSwap' 
826930     INFO  Test worker     d.u.i.k.m.s.ProofScriptEngine 181: 'rule ifthenelse_negated' 
826931     INFO  Test worker     d.u.i.k.m.s.ProofScriptEngine 182: 'rule ifthenelse_split occ=0' 
826932     INFO  Test worker     d.u.i.k.m.s.ProofScriptEngine 183: 'tryclose branch' 
826943     INFO  Test worker     d.u.i.k.m.s.ProofScriptEngine 184: 'tryclose branch' 
827047     INFO  Test worker     d.u.i.k.m.s.ProofScriptEngine 185: 'rule getOfSwap' 
827048     INFO  Test worker     d.u.i.k.m.s.ProofScriptEngine 186: 'rule ifthenelse_negated' 
827048     INFO  Test worker     d.u.i.k.m.s.ProofScriptEngine 187: 'rule ifthenelse_split occ=0' 
827050     INFO  Test worker     d.u.i.k.m.s.ProofScriptEngine 188: 'tryclose branch' 
827139     INFO  Test worker     d.u.i.k.m.s.ProofScriptEngine 189: 'tryclose branch' 
827150     INFO  Test worker     d.u.i.k.m.s.ProofScriptEngine 190: 'cut '(int)s_0[v_x_0]=v_y_0'' 
827151     INFO  Test worker     d.u.i.k.m.s.ProofScriptEngine 191: 'instantiate hide var=v_r with='seqSwap(seqSwap(s_0,jv_0,v_x_0),jv_0,v_y_0)'' 
827153     INFO  Test worker     d.u.i.k.m.s.ProofScriptEngine 192: 'rule andRight' 
827154     INFO  Test worker     d.u.i.k.m.s.ProofScriptEngine 193: 'rule andRight' 
827154     INFO  Test worker     d.u.i.k.m.s.ProofScriptEngine 194: 'rule andRight' 
827155     INFO  Test worker     d.u.i.k.m.s.ProofScriptEngine 195: 'rule andRight' 
827155     INFO  Test worker     d.u.i.k.m.s.ProofScriptEngine 196: 'tryclose branch' 
827168     INFO  Test worker     d.u.i.k.m.s.ProofScriptEngine 197: 'rule seqNPermSwapNPerm' 
827169     INFO  Test worker     d.u.i.k.m.s.ProofScriptEngine 198: 'instantiate hide var=iv with='jv_0'' 
827170     INFO  Test worker     d.u.i.k.m.s.ProofScriptEngine 199: 'instantiate hide var=jv with='v_x_0'' 
827171     INFO  Test worker     d.u.i.k.m.s.ProofScriptEngine 200: 'rule impLeft' 
827172     INFO  Test worker     d.u.i.k.m.s.ProofScriptEngine 201: 'tryclose branch' 
827280     INFO  Test worker     d.u.i.k.m.s.ProofScriptEngine 202: 'rule seqNPermSwapNPerm formula='seqNPerm(seqSwap(s_0, jv_0, v_x_0))'' 
827282     INFO  Test worker     d.u.i.k.m.s.ProofScriptEngine 203: 'instantiate hide var=iv with='jv_0'' 
827283     INFO  Test worker     d.u.i.k.m.s.ProofScriptEngine 204: 'instantiate hide var=jv with='v_y_0'' 
827283     INFO  Test worker     d.u.i.k.m.s.ProofScriptEngine 205: 'rule impLeft' 
827284     INFO  Test worker     d.u.i.k.m.s.ProofScriptEngine 206: 'tryclose branch' 
827402     INFO  Test worker     d.u.i.k.m.s.ProofScriptEngine 207: 'tryclose branch' 
827408     INFO  Test worker     d.u.i.k.m.s.ProofScriptEngine 208: 'rule allRight' 
827409     INFO  Test worker     d.u.i.k.m.s.ProofScriptEngine 209: 'rule impRight' 
827409     INFO  Test worker     d.u.i.k.m.s.ProofScriptEngine 210: 'rule andLeft' 
827410     INFO  Test worker     d.u.i.k.m.s.ProofScriptEngine 211: 'instantiate var=iv with='v_iv_0'' 
827411     INFO  Test worker     d.u.i.k.m.s.ProofScriptEngine 212: 'rule impLeft' 
827412     INFO  Test worker     d.u.i.k.m.s.ProofScriptEngine 213: 'tryclose branch' 
827529     INFO  Test worker     d.u.i.k.m.s.ProofScriptEngine 214: 'rule getOfSwap' 
827531     INFO  Test worker     d.u.i.k.m.s.ProofScriptEngine 215: 'rule ifthenelse_negated' 
827532     INFO  Test worker     d.u.i.k.m.s.ProofScriptEngine 216: 'rule ifthenelse_split occ=0' 
827533     INFO  Test worker     d.u.i.k.m.s.ProofScriptEngine 217: 'rule andLeft' 
827534     INFO  Test worker     d.u.i.k.m.s.ProofScriptEngine 218: 'rule andLeft' 
827534     INFO  Test worker     d.u.i.k.m.s.ProofScriptEngine 219: 'rule andLeft' 
827535     INFO  Test worker     d.u.i.k.m.s.ProofScriptEngine 220: 'rule ifthenelse_split occ=0' 
827536     INFO  Test worker     d.u.i.k.m.s.ProofScriptEngine 221: 'rule getOfSwap' 
827537     INFO  Test worker     d.u.i.k.m.s.ProofScriptEngine 222: 'rule ifthenelse_negated' 
827538     INFO  Test worker     d.u.i.k.m.s.ProofScriptEngine 223: 'rule ifthenelse_split occ=0' 
827539     INFO  Test worker     d.u.i.k.m.s.ProofScriptEngine 224: 'rule andLeft' 
827539     INFO  Test worker     d.u.i.k.m.s.ProofScriptEngine 225: 'rule andLeft' 
827540     INFO  Test worker     d.u.i.k.m.s.ProofScriptEngine 226: 'rule andLeft' 
827540     INFO  Test worker     d.u.i.k.m.s.ProofScriptEngine 227: 'rule ifthenelse_split occ=0' 
827541     INFO  Test worker     d.u.i.k.m.s.ProofScriptEngine 228: 'tryclose branch' 
827649     INFO  Test worker     d.u.i.k.m.s.ProofScriptEngine 229: 'rule ifthenelse_split occ=0' 
827651     INFO  Test worker     d.u.i.k.m.s.ProofScriptEngine 230: 'tryclose branch' 
827659     INFO  Test worker     d.u.i.k.m.s.ProofScriptEngine 231: 'tryclose branch' 
827753     INFO  Test worker     d.u.i.k.m.s.ProofScriptEngine 232: 'tryclose branch' 
827851     INFO  Test worker     d.u.i.k.m.s.ProofScriptEngine 233: 'rule ifthenelse_split' 
827853     INFO  Test worker     d.u.i.k.m.s.ProofScriptEngine 234: 'rule getOfSwap' 
827854     INFO  Test worker     d.u.i.k.m.s.ProofScriptEngine 235: 'rule ifthenelse_negated' 
827855     INFO  Test worker     d.u.i.k.m.s.ProofScriptEngine 236: 'rule ifthenelse_split occ=0' 
827856     INFO  Test worker     d.u.i.k.m.s.ProofScriptEngine 237: 'rule andLeft' 
827856     INFO  Test worker     d.u.i.k.m.s.ProofScriptEngine 238: 'rule andLeft' 
827857     INFO  Test worker     d.u.i.k.m.s.ProofScriptEngine 239: 'rule andLeft' 
827857     INFO  Test worker     d.u.i.k.m.s.ProofScriptEngine 240: 'rule ifthenelse_split occ=0' 
827858     INFO  Test worker     d.u.i.k.m.s.ProofScriptEngine 241: 'tryclose branch' 
827963     INFO  Test worker     d.u.i.k.m.s.ProofScriptEngine 242: 'tryclose branch' 
827970     INFO  Test worker     d.u.i.k.m.s.ProofScriptEngine 243: 'tryclose branch' 
828085     INFO  Test worker     d.u.i.k.m.s.ProofScriptEngine 244: 'rule getOfSwap' 
828086     INFO  Test worker     d.u.i.k.m.s.ProofScriptEngine 245: 'rule ifthenelse_negated' 
828087     INFO  Test worker     d.u.i.k.m.s.ProofScriptEngine 246: 'rule ifthenelse_split occ=0' 
828088     INFO  Test worker     d.u.i.k.m.s.ProofScriptEngine 247: 'rule andLeft' 
828088     INFO  Test worker     d.u.i.k.m.s.ProofScriptEngine 248: 'rule andLeft' 
828089     INFO  Test worker     d.u.i.k.m.s.ProofScriptEngine 249: 'rule andLeft' 
828138     INFO  Test worker     d.u.i.k.m.s.ProofScriptEngine 250: 'rule ifthenelse_split occ=0' 
828139     INFO  Test worker     d.u.i.k.m.s.ProofScriptEngine 251: 'tryclose branch' 
828145     INFO  Test worker     d.u.i.k.m.s.ProofScriptEngine 252: 'rule ifthenelse_split occ=0' 
828146     INFO  Test worker     d.u.i.k.m.s.ProofScriptEngine 253: 'tryclose branch' 
828248     INFO  Test worker     d.u.i.k.m.s.ProofScriptEngine 254: 'tryclose branch' 
828254     INFO  Test worker     d.u.i.k.m.s.ProofScriptEngine 255: 'tryclose branch' 
828260     INFO  Test worker     d.u.i.k.m.s.ProofScriptEngine 256: 'tryclose branch' 
828379     INFO  Test worker     d.u.i.k.m.s.ProofScriptEngine 257: 'rule getOfSwap' 
828381     INFO  Test worker     d.u.i.k.m.s.ProofScriptEngine 258: 'rule ifthenelse_negated' 
828381     INFO  Test worker     d.u.i.k.m.s.ProofScriptEngine 259: 'rule ifthenelse_split occ=0' 
828383     INFO  Test worker     d.u.i.k.m.s.ProofScriptEngine 260: 'rule andLeft' 
828383     INFO  Test worker     d.u.i.k.m.s.ProofScriptEngine 261: 'rule andLeft' 
828383     INFO  Test worker     d.u.i.k.m.s.ProofScriptEngine 262: 'rule andLeft' 
828384     INFO  Test worker     d.u.i.k.m.s.ProofScriptEngine 263: 'rule ifthenelse_split occ=0' 
828385     INFO  Test worker     d.u.i.k.m.s.ProofScriptEngine 264: 'tryclose branch' 
828452     INFO  Test worker     d.u.i.k.m.s.ProofScriptEngine 265: 'rule ifthenelse_split occ=0' 
828453     INFO  Test worker     d.u.i.k.m.s.ProofScriptEngine 266: 'rule getOfSwap' 
828453     INFO  Test worker     d.u.i.k.m.s.ProofScriptEngine 267: 'rule ifthenelse_negated' 
828454     INFO  Test worker     d.u.i.k.m.s.ProofScriptEngine 268: 'rule ifthenelse_split occ=0' 
828455     INFO  Test worker     d.u.i.k.m.s.ProofScriptEngine 269: 'tryclose branch' 
828462     INFO  Test worker     d.u.i.k.m.s.ProofScriptEngine 270: 'tryclose branch' 
828468     INFO  Test worker     d.u.i.k.m.s.ProofScriptEngine 271: 'tryclose branch' 
828610     INFO  Test worker     d.u.i.k.m.s.ProofScriptEngine 272: 'tryclose branch' 
828720     INFO  Test worker     d.u.i.k.m.s.ProofScriptEngine 273: 'rule getOfSwap' 
828722     INFO  Test worker     d.u.i.k.m.s.ProofScriptEngine 274: 'rule ifthenelse_negated' 
828722     INFO  Test worker     d.u.i.k.m.s.ProofScriptEngine 275: 'rule ifthenelse_split occ=0' 
828723     INFO  Test worker     d.u.i.k.m.s.ProofScriptEngine 276: 'tryclose branch' 
828934     INFO  Test worker     d.u.i.k.m.s.ProofScriptEngine 277: 'tryclose branch' 
829042     INFO  Test worker     d.u.i.k.m.s.ProofScriptEngine 278: 'cut 'int::seqGet(s_0, v_y_0)=v_x_0'' 
829043     INFO  Test worker     d.u.i.k.m.s.ProofScriptEngine 279: 'tryclose branch' 
833102     INFO  Test worker     d.u.i.k.m.s.ProofScriptEngine 280: 'rule seqNPermSwapNPerm' 
833110     INFO  Test worker     d.u.i.k.m.s.ProofScriptEngine 281: 'instantiate hide var=iv with='jv_1'' 
833111     INFO  Test worker     d.u.i.k.m.s.ProofScriptEngine 282: 'instantiate hide var=jv with='v_y_0'' 
833112     INFO  Test worker     d.u.i.k.m.s.ProofScriptEngine 283: 'rule impLeft' 
833113     INFO  Test worker     d.u.i.k.m.s.ProofScriptEngine 284: 'tryclose branch' 
833254     INFO  Test worker     d.u.i.k.m.s.ProofScriptEngine 285: 'rule seqNPermSwapNPerm formula='seqNPerm(seqSwap(s_0,jv_1,v_y_0))'' 
833255     INFO  Test worker     d.u.i.k.m.s.ProofScriptEngine 286: 'instantiate hide var=iv with='jv_1'' 
833256     INFO  Test worker     d.u.i.k.m.s.ProofScriptEngine 287: 'instantiate hide var=jv with='v_x_0'' 
833257     INFO  Test worker     d.u.i.k.m.s.ProofScriptEngine 288: 'rule impLeft' 
833258     INFO  Test worker     d.u.i.k.m.s.ProofScriptEngine 289: 'tryclose branch' 
833385     INFO  Test worker     d.u.i.k.m.s.ProofScriptEngine 290: 'tryclose branch' 
837167     INFO  Test worker     d.u.i.k.m.s.ProofScriptEngine 291: 'tryclose branch' 
841017     INFO  Test worker     d.u.i.k.m.s.ProofScriptEngine 292: 'rule seqNPermSwapNPerm formula='seqNPerm(s_0)'' 
841023     INFO  Test worker     d.u.i.k.m.s.ProofScriptEngine 293: 'instantiate hide var=iv with='v_x_0'' 
841025     INFO  Test worker     d.u.i.k.m.s.ProofScriptEngine 294: 'instantiate hide var=jv with='jv_0'' 
841025     INFO  Test worker     d.u.i.k.m.s.ProofScriptEngine 295: 'rule impLeft' 
841026     INFO  Test worker     d.u.i.k.m.s.ProofScriptEngine 296: 'tryclose branch' 
841165     INFO  Test worker     d.u.i.k.m.s.ProofScriptEngine 297: 'rule seqNPermSwapNPerm formula='seqNPerm(seqSwap(s_0,v_x_0,jv_0))'' 
841167     INFO  Test worker     d.u.i.k.m.s.ProofScriptEngine 298: 'instantiate hide var=iv with='v_y_0'' 
841168     INFO  Test worker     d.u.i.k.m.s.ProofScriptEngine 299: 'instantiate hide var=jv with='jv_1'' 
841170     INFO  Test worker     d.u.i.k.m.s.ProofScriptEngine 300: 'instantiate hide var=v_r with='seqSwap(seqSwap(s_0, v_x_0, jv_0), v_y_0, jv_1)' ...' 
841172     INFO  Test worker     d.u.i.k.m.s.ProofScriptEngine 301: 'tryclose branch' 
845852     INFO  Test worker     d.u.i.k.t.l.TacletProofObligationInput Proof obligation for taclet: schiffl_thm_1 
846917     INFO  Test worker     d.u.i.k.m.s.ProofScriptEngine 1: 'macro split-prop' 
846927     INFO  Test worker     d.u.i.k.m.s.ProofScriptEngine 2: 'rule schiffl_lemma_2 formula='seqPerm(f_s, f_t)'' 
846940     INFO  Test worker     d.u.i.k.m.s.ProofScriptEngine 3: 'instantiate hide var=x with='f_x'' 
846942     INFO  Test worker     d.u.i.k.m.s.ProofScriptEngine 4: 'instantiate hide var=y with='f_y'' 
846944     INFO  Test worker     d.u.i.k.m.s.ProofScriptEngine 5: 'rule impLeft' 
846945     INFO  Test worker     d.u.i.k.m.s.ProofScriptEngine 6: 'tryclose branch' 
846950     INFO  Test worker     d.u.i.k.m.s.ProofScriptEngine 7: 'rule exLeft' 
846952     INFO  Test worker     d.u.i.k.m.s.ProofScriptEngine 8: 'macro split-prop' 
846955     INFO  Test worker     d.u.i.k.m.s.ProofScriptEngine 9: 'rule seqPermDef occ=1' 
846958     INFO  Test worker     d.u.i.k.m.s.ProofScriptEngine 10: 'rule andRight' 
846959     INFO  Test worker     d.u.i.k.m.s.ProofScriptEngine 11: 'tryclose branch' 
846970     INFO  Test worker     d.u.i.k.m.s.ProofScriptEngine 12: 'instantiate hide var=s with='r_0'' 
846972     INFO  Test worker     d.u.i.k.m.s.ProofScriptEngine 13: 'rule andRight' 
846972     INFO  Test worker     d.u.i.k.m.s.ProofScriptEngine 14: 'tryclose branch' 
847031     INFO  Test worker     d.u.i.k.m.s.ProofScriptEngine 15: 'rule allRight' 
847032     INFO  Test worker     d.u.i.k.m.s.ProofScriptEngine 16: 'rule impRight' 
847032     INFO  Test worker     d.u.i.k.m.s.ProofScriptEngine 17: 'instantiate hide var=iv with='iv_0'' 
847033     INFO  Test worker     d.u.i.k.m.s.ProofScriptEngine 18: 'rule impLeft' 
847033     INFO  Test worker     d.u.i.k.m.s.ProofScriptEngine 19: 'tryclose branch' 
847109     INFO  Test worker     d.u.i.k.m.s.ProofScriptEngine 20: 'rule andLeft' 
847110     INFO  Test worker     d.u.i.k.m.s.ProofScriptEngine 21: 'rule seqNPermRange' 
847111     INFO  Test worker     d.u.i.k.m.s.ProofScriptEngine 22: 'instantiate hide var=iv with='iv_0'' 
847112     INFO  Test worker     d.u.i.k.m.s.ProofScriptEngine 23: 'rule impLeft' 
847113     INFO  Test worker     d.u.i.k.m.s.ProofScriptEngine 24: 'tryclose branch' 
847116     INFO  Test worker     d.u.i.k.m.s.ProofScriptEngine 25: 'rule andLeft' 
847118     INFO  Test worker     d.u.i.k.m.s.ProofScriptEngine 26: 'rule andLeft' 
847118     INFO  Test worker     d.u.i.k.m.s.ProofScriptEngine 27: 'rule seqNPermRange' 
847120     INFO  Test worker     d.u.i.k.m.s.ProofScriptEngine 28: 'instantiate hide var=iv with='f_x'' 
847121     INFO  Test worker     d.u.i.k.m.s.ProofScriptEngine 29: 'rule impLeft' 
847121     INFO  Test worker     d.u.i.k.m.s.ProofScriptEngine 30: 'tryclose branch' 
847208     INFO  Test worker     d.u.i.k.m.s.ProofScriptEngine 31: 'rule andLeft' 
847209     INFO  Test worker     d.u.i.k.m.s.ProofScriptEngine 32: 'rule andLeft' 
847209     INFO  Test worker     d.u.i.k.m.s.ProofScriptEngine 33: 'rule seqNPermRange' 
847210     INFO  Test worker     d.u.i.k.m.s.ProofScriptEngine 34: 'instantiate hide var=iv with='f_y'' 
847212     INFO  Test worker     d.u.i.k.m.s.ProofScriptEngine 35: 'rule impLeft' 
847212     INFO  Test worker     d.u.i.k.m.s.ProofScriptEngine 36: 'tryclose branch' 
847288     INFO  Test worker     d.u.i.k.m.s.ProofScriptEngine 37: 'rule andLeft' 
847289     INFO  Test worker     d.u.i.k.m.s.ProofScriptEngine 38: 'rule andLeft' 
847290     INFO  Test worker     d.u.i.k.m.s.ProofScriptEngine 39: 'rule getOfSeqDef occ=0' 
847290     INFO  Test worker     d.u.i.k.m.s.ProofScriptEngine 40: 'rule getOfSeqDef' 
847291     INFO  Test worker     d.u.i.k.m.s.ProofScriptEngine 41: 'rule ifthenelse_split occ=0' 
847292     INFO  Test worker     d.u.i.k.m.s.ProofScriptEngine 42: 'rule andLeft occ=0' 
847292     INFO  Test worker     d.u.i.k.m.s.ProofScriptEngine 43: 'rule sub_zero_2 occ=0' 
847293     INFO  Test worker     d.u.i.k.m.s.ProofScriptEngine 44: 'rule ifthenelse_split occ=2' 
847294     INFO  Test worker     d.u.i.k.m.s.ProofScriptEngine 45: 'rule andLeft' 
847294     INFO  Test worker     d.u.i.k.m.s.ProofScriptEngine 46: 'rule sub_zero_2 occ=0' 
847295     INFO  Test worker     d.u.i.k.m.s.ProofScriptEngine 47: 'rule add_zero_right occ=0' 
847295     INFO  Test worker     d.u.i.k.m.s.ProofScriptEngine 48: 'rule add_zero_right occ=0' 
847296     INFO  Test worker     d.u.i.k.m.s.ProofScriptEngine 49: 'rule add_zero_right occ=0' 
847296     INFO  Test worker     d.u.i.k.m.s.ProofScriptEngine 50: 'rule add_zero_right occ=0' 
847297     INFO  Test worker     d.u.i.k.m.s.ProofScriptEngine 51: 'rule add_zero_right occ=0' 
847297     INFO  Test worker     d.u.i.k.m.s.ProofScriptEngine 52: 'rule add_zero_right occ=0' 
847298     INFO  Test worker     d.u.i.k.m.s.ProofScriptEngine 53: 'rule ifthenelse_split occ=0' 
847299     INFO  Test worker     d.u.i.k.m.s.ProofScriptEngine 54: 'rule ifthenelse_split occ=0' 
847300     INFO  Test worker     d.u.i.k.m.s.ProofScriptEngine 55: 'tryclose branch' 
847302     INFO  Test worker     d.u.i.k.m.s.ProofScriptEngine 56: 'tryclose branch' 
847340     INFO  Test worker     d.u.i.k.m.s.ProofScriptEngine 57: 'rule ifthenelse_split occ=0' 
847342     INFO  Test worker     d.u.i.k.m.s.ProofScriptEngine 58: 'tryclose branch' 
847405     INFO  Test worker     d.u.i.k.m.s.ProofScriptEngine 59: 'rule ifthenelse_split occ=0' 
847406     INFO  Test worker     d.u.i.k.m.s.ProofScriptEngine 60: 'rule seqNPermInjective' 
847408     INFO  Test worker     d.u.i.k.m.s.ProofScriptEngine 61: 'instantiate hide var=iv with='iv_0'' 
847410     INFO  Test worker     d.u.i.k.m.s.ProofScriptEngine 62: 'instantiate hide var=jv with='f_y'' 
847411     INFO  Test worker     d.u.i.k.m.s.ProofScriptEngine 63: 'rule impLeft' 
847411     INFO  Test worker     d.u.i.k.m.s.ProofScriptEngine 64: 'tryclose branch' 
847462     INFO  Test worker     d.u.i.k.m.s.ProofScriptEngine 65: 'tryclose branch' 
847465     INFO  Test worker     d.u.i.k.m.s.ProofScriptEngine 66: 'rule ifthenelse_split occ=0' 
847466     INFO  Test worker     d.u.i.k.m.s.ProofScriptEngine 67: 'rule seqNPermInjective' 
847468     INFO  Test worker     d.u.i.k.m.s.ProofScriptEngine 68: 'instantiate hide var=iv with='iv_0'' 
847470     INFO  Test worker     d.u.i.k.m.s.ProofScriptEngine 69: 'instantiate hide var=jv with='f_x'' 
847470     INFO  Test worker     d.u.i.k.m.s.ProofScriptEngine 70: 'rule impLeft' 
847471     INFO  Test worker     d.u.i.k.m.s.ProofScriptEngine 71: 'tryclose branch' 
847530     INFO  Test worker     d.u.i.k.m.s.ProofScriptEngine 72: 'tryclose branch' 
847533     INFO  Test worker     d.u.i.k.m.s.ProofScriptEngine 73: 'tryclose branch' 
847536     INFO  Test worker     d.u.i.k.m.s.ProofScriptEngine 74: 'tryclose branch' 
847597     INFO  Test worker     d.u.i.k.m.s.ProofScriptEngine 75: 'tryclose branch' 
850934     INFO  Test worker     d.u.i.k.t.l.TacletProofObligationInput Proof obligation for taclet: eqSameSeq 
]]></system-out>
  <system-err><![CDATA[]]></system-err>
</testsuite>
