<?xml version="1.0" encoding="UTF-8"?>
<testsuite name="de.uka.ilkd.key.parser.TestParser" tests="5" skipped="1" failures="0" errors="0" timestamp="2023-05-23T10:13:18" hostname="fv-az402-454" time="5.128">
  <properties/>
  <testcase name="testConstantEvaluationError()" classname="de.uka.ilkd.key.parser.TestParser" time="1.033"/>
  <testcase name="testGenericSort()" classname="de.uka.ilkd.key.parser.TestParser" time="0.001"/>
  <testcase name="testIssue1566()" classname="de.uka.ilkd.key.parser.TestParser" time="3.105"/>
  <testcase name="testIssue39()" classname="de.uka.ilkd.key.parser.TestParser" time="0.986"/>
  <testcase name="testRelativeInclude()" classname="de.uka.ilkd.key.parser.TestParser" time="0.002">
    <skipped/>
  </testcase>
  <system-out><![CDATA[315609     INFO  Test worker     d.u.i.k.p.i.AbstractProblemLoader Loading environment from src/test/resources/testcase/parserErrorTest/AssignToArray.java 
315609     DEBUG Test worker     d.u.i.k.p.i.AbstractProblemLoader Environment load took 89.5ns 
315610     INFO  Test worker     d.u.i.k.p.i.AbstractProblemLoader Creating init config 
316642     INFO  Test worker     d.u.i.k.n.KeyIO           Parsing took 0 ms 
316642     DEBUG Test worker     d.u.i.k.n.KeyIO           Load declarations of de.uka.ilkd.key.nparser.KeyAst$File:  <unknown>:1#1 
316642     INFO  Test worker     d.u.i.k.n.KeyIO           MODE: declarations took 0 ms 
316642     DEBUG Test worker     d.u.i.k.n.KeyIO           MODE: 2nd degree decls took 0 
316643     DEBUG Test worker     d.u.i.k.n.KeyIO           MODE: taclets took 1ms 
316644     INFO  Test worker     d.u.i.k.p.i.AbstractProblemLoader Loading environment from src/test/resources/testcase/issues/1566/a.key 
316644     DEBUG Test worker     d.u.i.k.p.i.AbstractProblemLoader Environment load took 199.41ns 
316645     INFO  Test worker     d.u.i.k.p.i.AbstractProblemLoader Creating init config 
319729     DEBUG Test worker     d.u.i.k.p.i.AbstractProblemLoader Init config took 3.08s 
319746     INFO  Test worker     d.u.i.k.p.i.AbstractProblemLoader Replaying proof a.key 
319747     DEBUG Test worker     d.u.i.k.p.i.IntermediateProofReplayer Proof replay took 7.1ns 
319749     INFO  Test worker     d.u.i.k.p.i.AbstractProblemLoader Loading environment from src/test/resources/testcase/issues/39/A.java 
319749     DEBUG Test worker     d.u.i.k.p.i.AbstractProblemLoader Environment load took 77.1ns 
319750     INFO  Test worker     d.u.i.k.p.i.AbstractProblemLoader Creating init config 
]]></system-out>
  <system-err><![CDATA[]]></system-err>
</testsuite>
