<?xml version="1.0" encoding="UTF-8"?>
<testsuite name="de.uka.ilkd.key.parser.TestDeclParser" tests="14" skipped="2" failures="0" errors="0" timestamp="2023-05-23T10:11:46" hostname="fv-az402-454" time="11.962">
  <properties/>
  <testcase name="testGenericSortDecl1()" classname="de.uka.ilkd.key.parser.TestDeclParser" time="1.065"/>
  <testcase name="testGenericSortDecl2()" classname="de.uka.ilkd.key.parser.TestDeclParser" time="1.005"/>
  <testcase name="testGenericSortDecl3()" classname="de.uka.ilkd.key.parser.TestDeclParser" time="1.022"/>
  <testcase name="testGenericSortDecl4()" classname="de.uka.ilkd.key.parser.TestDeclParser" time="1.006"/>
  <testcase name="testGenericSortDecl5()" classname="de.uka.ilkd.key.parser.TestDeclParser" time="0.0">
    <skipped/>
  </testcase>
  <testcase name="testGenericSortDecl6()" classname="de.uka.ilkd.key.parser.TestDeclParser" time="0.928"/>
  <testcase name="testSortDecl()" classname="de.uka.ilkd.key.parser.TestDeclParser" time="1.006"/>
  <testcase name="testProxySortDecl()" classname="de.uka.ilkd.key.parser.TestDeclParser" time="1.004"/>
  <testcase name="testArrayDecl()" classname="de.uka.ilkd.key.parser.TestDeclParser" time="0.995"/>
  <testcase name="testAmbiguousDecls()" classname="de.uka.ilkd.key.parser.TestDeclParser" time="0.001">
    <skipped/>
  </testcase>
  <testcase name="testHeurDecl()" classname="de.uka.ilkd.key.parser.TestDeclParser" time="0.993"/>
  <testcase name="testFunctionDecl()" classname="de.uka.ilkd.key.parser.TestDeclParser" time="0.932"/>
  <testcase name="testPredicateDecl()" classname="de.uka.ilkd.key.parser.TestDeclParser" time="0.996"/>
  <testcase name="testSVDecl()" classname="de.uka.ilkd.key.parser.TestDeclParser" time="1.007"/>
  <system-out><![CDATA[224508     INFO  Test worker     d.u.i.k.n.KeyIO           Parsing took 0 ms 
224508     DEBUG Test worker     d.u.i.k.n.KeyIO           Load declarations of de.uka.ilkd.key.nparser.KeyAst$File:  <unknown>:1#1 
224509     INFO  Test worker     d.u.i.k.n.KeyIO           MODE: declarations took 1 ms 
224509     DEBUG Test worker     d.u.i.k.n.KeyIO           MODE: 2nd degree decls took 0 
224509     DEBUG Test worker     d.u.i.k.n.KeyIO           MODE: taclets took 0ms 
225514     INFO  Test worker     d.u.i.k.n.KeyIO           Parsing took 0 ms 
225514     DEBUG Test worker     d.u.i.k.n.KeyIO           Load declarations of de.uka.ilkd.key.nparser.KeyAst$File:  <unknown>:1#1 
225514     INFO  Test worker     d.u.i.k.n.KeyIO           MODE: declarations took 0 ms 
225514     DEBUG Test worker     d.u.i.k.n.KeyIO           MODE: 2nd degree decls took 0 
225515     DEBUG Test worker     d.u.i.k.n.KeyIO           MODE: taclets took 0ms 
226537     INFO  Test worker     d.u.i.k.n.KeyIO           Parsing took 0 ms 
226537     DEBUG Test worker     d.u.i.k.n.KeyIO           Load declarations of de.uka.ilkd.key.nparser.KeyAst$File:  <unknown>:1#1 
226537     INFO  Test worker     d.u.i.k.n.KeyIO           MODE: declarations took 0 ms 
226537     DEBUG Test worker     d.u.i.k.n.KeyIO           MODE: 2nd degree decls took 0 
226537     DEBUG Test worker     d.u.i.k.n.KeyIO           MODE: taclets took 0ms 
227543     INFO  Test worker     d.u.i.k.n.KeyIO           Parsing took 0 ms 
227543     DEBUG Test worker     d.u.i.k.n.KeyIO           Load declarations of de.uka.ilkd.key.nparser.KeyAst$File:  <unknown>:1#1 
227543     INFO  Test worker     d.u.i.k.n.KeyIO           MODE: declarations took 0 ms 
227543     DEBUG Test worker     d.u.i.k.n.KeyIO           MODE: 2nd degree decls took 0 
227544     DEBUG Test worker     d.u.i.k.n.KeyIO           MODE: taclets took 0ms 
228471     INFO  Test worker     d.u.i.k.n.KeyIO           Parsing took 0 ms 
228472     DEBUG Test worker     d.u.i.k.n.KeyIO           Load declarations of de.uka.ilkd.key.nparser.KeyAst$File:  <unknown>:1#1 
228472     INFO  Test worker     d.u.i.k.n.KeyIO           MODE: declarations took 0 ms 
228472     DEBUG Test worker     d.u.i.k.n.KeyIO           MODE: 2nd degree decls took 0 
228472     DEBUG Test worker     d.u.i.k.n.KeyIO           MODE: taclets took 0ms 
229477     INFO  Test worker     d.u.i.k.n.KeyIO           Parsing took 0 ms 
229478     DEBUG Test worker     d.u.i.k.n.KeyIO           Load declarations of de.uka.ilkd.key.nparser.KeyAst$File:  <unknown>:1#1 
229478     INFO  Test worker     d.u.i.k.n.KeyIO           MODE: declarations took 0 ms 
229478     DEBUG Test worker     d.u.i.k.n.KeyIO           MODE: 2nd degree decls took 0 
229478     DEBUG Test worker     d.u.i.k.n.KeyIO           MODE: taclets took 0ms 
230479     INFO  Test worker     d.u.i.k.n.KeyIO           Parsing took 1 ms 
230479     DEBUG Test worker     d.u.i.k.n.KeyIO           Load declarations of de.uka.ilkd.key.nparser.KeyAst$File:  <unknown>:1#1 
230481     INFO  Test worker     d.u.i.k.n.KeyIO           MODE: declarations took 2 ms 
230481     DEBUG Test worker     d.u.i.k.n.KeyIO           MODE: 2nd degree decls took 0 
230481     DEBUG Test worker     d.u.i.k.n.KeyIO           MODE: taclets took 0ms 
231474     INFO  Test worker     d.u.i.k.n.KeyIO           Parsing took 0 ms 
231475     DEBUG Test worker     d.u.i.k.n.KeyIO           Load declarations of de.uka.ilkd.key.nparser.KeyAst$File:  <unknown>:1#1 
231475     INFO  Test worker     d.u.i.k.n.KeyIO           MODE: declarations took 0 ms 
231476     DEBUG Test worker     d.u.i.k.n.KeyIO           MODE: 2nd degree decls took 0 
231476     DEBUG Test worker     d.u.i.k.n.KeyIO           MODE: taclets took 0ms 
232470     INFO  Test worker     d.u.i.k.n.KeyIO           Parsing took 0 ms 
232471     DEBUG Test worker     d.u.i.k.n.KeyIO           Load declarations of de.uka.ilkd.key.nparser.KeyAst$File:  <unknown>:1#1 
232471     INFO  Test worker     d.u.i.k.n.KeyIO           MODE: declarations took 0 ms 
232471     DEBUG Test worker     d.u.i.k.n.KeyIO           MODE: 2nd degree decls took 0 
232471     DEBUG Test worker     d.u.i.k.n.KeyIO           MODE: taclets took 0ms 
233403     INFO  Test worker     d.u.i.k.n.KeyIO           Parsing took 1 ms 
233403     DEBUG Test worker     d.u.i.k.n.KeyIO           Load declarations of de.uka.ilkd.key.nparser.KeyAst$File:  <unknown>:1#1 
233403     INFO  Test worker     d.u.i.k.n.KeyIO           MODE: declarations took 0 ms 
233403     DEBUG Test worker     d.u.i.k.n.KeyIO           MODE: 2nd degree decls took 0 
233404     DEBUG Test worker     d.u.i.k.n.KeyIO           MODE: taclets took 0ms 
234399     INFO  Test worker     d.u.i.k.n.KeyIO           Parsing took 0 ms 
234400     DEBUG Test worker     d.u.i.k.n.KeyIO           Load declarations of de.uka.ilkd.key.nparser.KeyAst$File:  <unknown>:1#1 
234400     INFO  Test worker     d.u.i.k.n.KeyIO           MODE: declarations took 0 ms 
234400     DEBUG Test worker     d.u.i.k.n.KeyIO           MODE: 2nd degree decls took 0 
234400     DEBUG Test worker     d.u.i.k.n.KeyIO           MODE: taclets took 0ms 
235406     INFO  Test worker     d.u.i.k.n.KeyIO           Parsing took 0 ms 
235406     DEBUG Test worker     d.u.i.k.n.KeyIO           Load declarations of de.uka.ilkd.key.nparser.KeyAst$File:  <unknown>:1#1 
235406     INFO  Test worker     d.u.i.k.n.KeyIO           MODE: declarations took 0 ms 
235406     DEBUG Test worker     d.u.i.k.n.KeyIO           MODE: 2nd degree decls took 0 
235407     DEBUG Test worker     d.u.i.k.n.KeyIO           MODE: taclets took 0ms 
]]></system-out>
  <system-err><![CDATA[]]></system-err>
</testsuite>
