<?xml version="1.0" encoding="UTF-8"?>
<testsuite name="de.uka.ilkd.key.util.TestProofStarter" tests="2" skipped="0" failures="0" errors="0" timestamp="2023-05-23T10:22:37" hostname="fv-az402-454" time="59.813">
  <properties/>
  <testcase name="testDirectProofWithOneStepSimplification()" classname="de.uka.ilkd.key.util.TestProofStarter" time="30.373"/>
  <testcase name="testDirectProof()" classname="de.uka.ilkd.key.util.TestProofStarter" time="29.44"/>
  <system-out><![CDATA[874528     INFO  Test worker     d.u.i.k.p.i.AbstractProblemLoader Loading environment from src/test/resources/testcase/proofStarter/CC/project.key 
874528     DEBUG Test worker     d.u.i.k.p.i.AbstractProblemLoader Environment load took 187.61ns 
874529     INFO  Test worker     d.u.i.k.p.i.AbstractProblemLoader Creating init config 
877991     DEBUG Test worker     d.u.i.k.p.i.AbstractProblemLoader Init config took 3.46s 
878041     INFO  Test worker     d.u.i.k.p.i.AbstractProblemLoader Replaying proof CC[CC::calcCoinIndex([I,[I)].JML normal_behavior operation contract.0 
878043     DEBUG Test worker     d.u.i.k.p.i.IntermediateProofReplayer Proof replay took 2.6ns 
904895     INFO  Test worker     d.u.i.k.p.i.AbstractProblemLoader Loading environment from src/test/resources/testcase/proofStarter/CC/project.key 
904895     DEBUG Test worker     d.u.i.k.p.i.AbstractProblemLoader Environment load took 94.9ns 
904896     INFO  Test worker     d.u.i.k.p.i.AbstractProblemLoader Creating init config 
908231     DEBUG Test worker     d.u.i.k.p.i.AbstractProblemLoader Init config took 3.33s 
908274     INFO  Test worker     d.u.i.k.p.i.AbstractProblemLoader Replaying proof CC[CC::calcCoinIndex([I,[I)].JML normal_behavior operation contract.0 
908276     DEBUG Test worker     d.u.i.k.p.i.IntermediateProofReplayer Proof replay took 2.7ns 
]]></system-out>
  <system-err><![CDATA[]]></system-err>
</testsuite>
