<?xml version="1.0" encoding="UTF-8"?>
<testsuite name="de.uka.ilkd.key.taclettranslation.TestTacletTranslator" tests="5" skipped="0" failures="0" errors="0" timestamp="2023-05-23T10:22:27" hostname="fv-az402-454" time="0.016">
  <properties/>
  <testcase name="testPropositional1()" classname="de.uka.ilkd.key.taclettranslation.TestTacletTranslator" time="0.004"/>
  <testcase name="testPropositional2()" classname="de.uka.ilkd.key.taclettranslation.TestTacletTranslator" time="0.002"/>
  <testcase name="testNegativePolarity()" classname="de.uka.ilkd.key.taclettranslation.TestTacletTranslator" time="0.002"/>
  <testcase name="testNoPolarity()" classname="de.uka.ilkd.key.taclettranslation.TestTacletTranslator" time="0.002"/>
  <testcase name="testPositivePolarity()" classname="de.uka.ilkd.key.taclettranslation.TestTacletTranslator" time="0.003"/>
  <system-out><![CDATA[864150     INFO  Test worker     d.u.i.k.n.KeyIO           Parsing took 1 ms 
864150     DEBUG Test worker     d.u.i.k.n.KeyIO           Load declarations of de.uka.ilkd.key.nparser.KeyAst$File:  <unknown>:1#1 
864150     INFO  Test worker     d.u.i.k.n.KeyIO           MODE: declarations took 0 ms 
864150     DEBUG Test worker     d.u.i.k.n.KeyIO           MODE: 2nd degree decls took 0 
864151     DEBUG Test worker     d.u.i.k.n.KeyIO           MODE: taclets took 0ms 
864154     INFO  Test worker     d.u.i.k.n.KeyIO           Parsing took 0 ms 
864154     DEBUG Test worker     d.u.i.k.n.KeyIO           Load declarations of de.uka.ilkd.key.nparser.KeyAst$File:  <unknown>:1#1 
864154     INFO  Test worker     d.u.i.k.n.KeyIO           MODE: declarations took 0 ms 
864155     DEBUG Test worker     d.u.i.k.n.KeyIO           MODE: 2nd degree decls took 0 
864155     DEBUG Test worker     d.u.i.k.n.KeyIO           MODE: taclets took 0ms 
864157     INFO  Test worker     d.u.i.k.n.KeyIO           Parsing took 0 ms 
864157     DEBUG Test worker     d.u.i.k.n.KeyIO           Load declarations of de.uka.ilkd.key.nparser.KeyAst$File:  <unknown>:1#1 
864158     INFO  Test worker     d.u.i.k.n.KeyIO           MODE: declarations took 1 ms 
864158     DEBUG Test worker     d.u.i.k.n.KeyIO           MODE: 2nd degree decls took 0 
864158     DEBUG Test worker     d.u.i.k.n.KeyIO           MODE: taclets took 0ms 
864160     INFO  Test worker     d.u.i.k.n.KeyIO           Parsing took 0 ms 
864160     DEBUG Test worker     d.u.i.k.n.KeyIO           Load declarations of de.uka.ilkd.key.nparser.KeyAst$File:  <unknown>:1#1 
864160     INFO  Test worker     d.u.i.k.n.KeyIO           MODE: declarations took 0 ms 
864160     DEBUG Test worker     d.u.i.k.n.KeyIO           MODE: 2nd degree decls took 0 
864161     DEBUG Test worker     d.u.i.k.n.KeyIO           MODE: taclets took 0ms 
864162     INFO  Test worker     d.u.i.k.n.KeyIO           Parsing took 0 ms 
864162     DEBUG Test worker     d.u.i.k.n.KeyIO           Load declarations of de.uka.ilkd.key.nparser.KeyAst$File:  <unknown>:1#1 
864164     INFO  Test worker     d.u.i.k.n.KeyIO           MODE: declarations took 2 ms 
864164     DEBUG Test worker     d.u.i.k.n.KeyIO           MODE: 2nd degree decls took 0 
864164     DEBUG Test worker     d.u.i.k.n.KeyIO           MODE: taclets took 0ms 
]]></system-out>
  <system-err><![CDATA[]]></system-err>
</testsuite>
