<?xml version="1.0" encoding="UTF-8"?>
<testsuite name="de.uka.ilkd.key.rule.tacletbuilder.BranchNamingFunctionsTest" tests="5" skipped="0" failures="0" errors="0" timestamp="2023-05-23T10:17:46" hostname="fv-az402-454" time="0.009">
  <properties/>
  <testcase name="[1] \test, [\test]" classname="de.uka.ilkd.key.rule.tacletbuilder.BranchNamingFunctionsTest" time="0.005"/>
  <testcase name="[2] \test(a), [\test|a]" classname="de.uka.ilkd.key.rule.tacletbuilder.BranchNamingFunctionsTest" time="0.0"/>
  <testcase name="[3] \test(a,b), [\test|a|b]" classname="de.uka.ilkd.key.rule.tacletbuilder.BranchNamingFunctionsTest" time="0.001"/>
  <testcase name="[4] \test(    a, b  ), [\test|a|b]" classname="de.uka.ilkd.key.rule.tacletbuilder.BranchNamingFunctionsTest" time="0.0"/>
  <testcase name="[5] \test(    a, b  )XX\test(a) test: \test(a,b,c,d)end, [\test|a|b]XX[\test|a] test: [\test|a|b|c|d]end" classname="de.uka.ilkd.key.rule.tacletbuilder.BranchNamingFunctionsTest" time="0.001"/>
  <system-out><![CDATA[583629     INFO  Test worker     d.u.i.k.r.t.b.BranchNamingFunctions Register branch name function: \nameLabelOf 
583629     INFO  Test worker     d.u.i.k.r.t.b.BranchNamingFunctions Register branch name function: \test 
]]></system-out>
  <system-err><![CDATA[]]></system-err>
</testsuite>
