<?xml version="1.0" encoding="UTF-8"?>
<testsuite name="de.uka.ilkd.key.parser.TestTacletParser" tests="20" skipped="0" failures="0" errors="0" timestamp="2023-05-23T10:13:23" hostname="fv-az402-454" time="0.074">
  <properties/>
  <testcase name="testAllRight()" classname="de.uka.ilkd.key.parser.TestTacletParser" time="0.003"/>
  <testcase name="testSchemaJava0()" classname="de.uka.ilkd.key.parser.TestTacletParser" time="0.001"/>
  <testcase name="testSchemaJava1()" classname="de.uka.ilkd.key.parser.TestTacletParser" time="0.007"/>
  <testcase name="testSchemaJava2()" classname="de.uka.ilkd.key.parser.TestTacletParser" time="0.003"/>
  <testcase name="testSchemaJava4()" classname="de.uka.ilkd.key.parser.TestTacletParser" time="0.003"/>
  <testcase name="testSchemaJava6()" classname="de.uka.ilkd.key.parser.TestTacletParser" time="0.016"/>
  <testcase name="testSchemaJava8()" classname="de.uka.ilkd.key.parser.TestTacletParser" time="0.002"/>
  <testcase name="testCut()" classname="de.uka.ilkd.key.parser.TestTacletParser" time="0.001"/>
  <testcase name="testMakeInsertEq()" classname="de.uka.ilkd.key.parser.TestTacletParser" time="0.004"/>
  <testcase name="testAllLeft()" classname="de.uka.ilkd.key.parser.TestTacletParser" time="0.002"/>
  <testcase name="testClose()" classname="de.uka.ilkd.key.parser.TestTacletParser" time="0.002"/>
  <testcase name="testSchemaJava10()" classname="de.uka.ilkd.key.parser.TestTacletParser" time="0.001"/>
  <testcase name="testSchemaJava11()" classname="de.uka.ilkd.key.parser.TestTacletParser" time="0.01"/>
  <testcase name="testFIdempotent()" classname="de.uka.ilkd.key.parser.TestTacletParser" time="0.002"/>
  <testcase name="testImpRight()" classname="de.uka.ilkd.key.parser.TestTacletParser" time="0.002"/>
  <testcase name="testVarcondNew()" classname="de.uka.ilkd.key.parser.TestTacletParser" time="0.005"/>
  <testcase name="testFreeReplacewithVariables()" classname="de.uka.ilkd.key.parser.TestTacletParser" time="0.003"/>
  <testcase name="testImpLeft()" classname="de.uka.ilkd.key.parser.TestTacletParser" time="0.001"/>
  <testcase name="testContraposition()" classname="de.uka.ilkd.key.parser.TestTacletParser" time="0.002"/>
  <testcase name="testExConjSplit()" classname="de.uka.ilkd.key.parser.TestTacletParser" time="0.002"/>
  <system-out><![CDATA[320738     INFO  Test worker     d.u.i.k.n.KeyIO           Parsing took 0 ms 
320738     DEBUG Test worker     d.u.i.k.n.KeyIO           Load declarations of de.uka.ilkd.key.nparser.KeyAst$File:  <unknown>:1#1 
320738     INFO  Test worker     d.u.i.k.n.KeyIO           MODE: declarations took 0 ms 
320738     DEBUG Test worker     d.u.i.k.n.KeyIO           MODE: 2nd degree decls took 0 
320739     DEBUG Test worker     d.u.i.k.n.KeyIO           MODE: taclets took 1ms 
320740     INFO  Test worker     d.u.i.k.n.KeyIO           Parsing took 1 ms 
320740     DEBUG Test worker     d.u.i.k.n.KeyIO           Load declarations of de.uka.ilkd.key.nparser.KeyAst$File:  <unknown>:2#1 
320740     INFO  Test worker     d.u.i.k.n.KeyIO           MODE: declarations took 0 ms 
320740     DEBUG Test worker     d.u.i.k.n.KeyIO           MODE: 2nd degree decls took 0 
320740     DEBUG Test worker     d.u.i.k.n.KeyIO           MODE: taclets took 0ms 
320740     INFO  Test worker     d.u.i.k.n.KeyIO           Parsing took 0 ms 
320740     DEBUG Test worker     d.u.i.k.n.KeyIO           Load declarations of de.uka.ilkd.key.nparser.KeyAst$File:  <unknown>:1#1 
320740     INFO  Test worker     d.u.i.k.n.KeyIO           MODE: declarations took 0 ms 
320740     DEBUG Test worker     d.u.i.k.n.KeyIO           MODE: 2nd degree decls took 0 
320741     DEBUG Test worker     d.u.i.k.n.KeyIO           MODE: taclets took 0ms 
320741     INFO  Test worker     d.u.i.k.n.KeyIO           Parsing took 0 ms 
320741     DEBUG Test worker     d.u.i.k.n.KeyIO           Load declarations of de.uka.ilkd.key.nparser.KeyAst$File:  <unknown>:2#1 
320741     INFO  Test worker     d.u.i.k.n.KeyIO           MODE: declarations took 0 ms 
320741     DEBUG Test worker     d.u.i.k.n.KeyIO           MODE: 2nd degree decls took 0 
320742     DEBUG Test worker     d.u.i.k.n.KeyIO           MODE: taclets took 1ms 
320742     INFO  Test worker     d.u.i.k.n.KeyIO           Parsing took 0 ms 
320742     DEBUG Test worker     d.u.i.k.n.KeyIO           Load declarations of de.uka.ilkd.key.nparser.KeyAst$File:  <unknown>:1#1 
320742     INFO  Test worker     d.u.i.k.n.KeyIO           MODE: declarations took 0 ms 
320742     DEBUG Test worker     d.u.i.k.n.KeyIO           MODE: 2nd degree decls took 0 
320743     DEBUG Test worker     d.u.i.k.n.KeyIO           MODE: taclets took 1ms 
320743     WARN  Test worker     d.u.i.k.n.KeYParser       [syntax-error] <unknown>:2:21: extraneous input '<' expecting {MODALITY, FORALL, EXISTS, '\if', '\ifEx', 'true', 'false', '(', ')', '{', '@', NOT, '-', STRING_LITERAL, CHAR_LITERAL, BIN_LITERAL, HEX_LITERAL, IDENT, INT_LITERAL, FLOAT_LITERAL, DOUBLE_LITERAL, REAL_LITERAL} [@12,22:22='<',<173>,2:21] (argument_list, call, accessterm, primitive_term, primitive_labeled_term, bracket_term, atom_prefix, strong_arith_term_2, strong_arith_term_1, weak_arith_term, comparison_term, equality_term, term60, conjunction_term, disjunction_term, implication_term, equivalence_term, elementary_update_term, parallel_term, term, taclet, rulesOrAxioms, decls, file) 
320746     WARN  Test worker     d.u.i.k.n.KeYParser       [syntax-error] <unknown>:2:23: no viable alternative at input '{..' [@14,24:25='..',<144>,2:23] (atom_prefix, strong_arith_term_2, strong_arith_term_1, weak_arith_term, comparison_term, equality_term, term60, conjunction_term, disjunction_term, implication_term, equivalence_term, elementary_update_term, parallel_term, term, argument_list, call, accessterm, primitive_term, primitive_labeled_term, bracket_term, atom_prefix, strong_arith_term_2, strong_arith_term_1, weak_arith_term, comparison_term, equality_term, term60, conjunction_term, disjunction_term, implication_term, equivalence_term, elementary_update_term, parallel_term, term, taclet, rulesOrAxioms, decls, file) 
320748     WARN  Test worker     d.u.i.k.n.KeYParser       [syntax-error] <unknown>:2:33: mismatched input ';' expecting {',', ')'} [@21,34:34=';',<138>,2:33] (argument_list, call, accessterm, primitive_term, primitive_labeled_term, bracket_term, atom_prefix, strong_arith_term_2, strong_arith_term_1, weak_arith_term, comparison_term, equality_term, term60, conjunction_term, disjunction_term, implication_term, equivalence_term, elementary_update_term, parallel_term, term, taclet, rulesOrAxioms, decls, file) 
320749     WARN  Test worker     d.u.i.k.n.KeYParser       [syntax-error] <unknown>:2:41: no viable alternative at input '#i;' [@26,42:42=';',<138>,2:41] (option_list, taclet, rulesOrAxioms, decls, file) 
320749     WARN  Test worker     d.u.i.k.n.KeYParser       [syntax-error] <unknown>:2:43: mismatched input '<' expecting {'(', '{'} [@28,44:44='<',<173>,2:43] (taclet, rulesOrAxioms, decls, file) 
320749     WARN  Test worker     d.u.i.k.n.KeYParser       [syntax-error] <unknown>:2:47: mismatched input '+' expecting {'(', '{'} [@32,48:48='+',<167>,2:47] (taclet, rulesOrAxioms, decls, file) 
320749     WARN  Test worker     d.u.i.k.n.KeYParser       [syntax-error] <unknown>:2:52: extraneous input '..' expecting {'\lemma', '}', IDENT, '/*!'} [@37,53:54='..',<144>,2:52] (rulesOrAxioms, decls, file) 
320749     WARN  Test worker     d.u.i.k.n.KeYParser       [syntax-error] <unknown>:2:56: mismatched input '>' expecting {<EOF>, '\problem', '\chooseContract', '\proofObligation', '\proof'} [@40,57:57='>',<168>,2:56] (file) 
320751     INFO  Test worker     d.u.i.k.n.KeyIO           Parsing took 1 ms 
320751     DEBUG Test worker     d.u.i.k.n.KeyIO           Load declarations of de.uka.ilkd.key.nparser.KeyAst$File:  <unknown>:1#1 
320751     INFO  Test worker     d.u.i.k.n.KeyIO           MODE: declarations took 0 ms 
320751     DEBUG Test worker     d.u.i.k.n.KeyIO           MODE: 2nd degree decls took 0 
320751     DEBUG Test worker     d.u.i.k.n.KeyIO           MODE: taclets took 0ms 
320751     WARN  Test worker     d.u.i.k.n.KeYParser       [syntax-error] <unknown>:2:21: extraneous input '<' expecting {MODALITY, FORALL, EXISTS, '\if', '\ifEx', 'true', 'false', '(', ')', '{', '@', NOT, '-', STRING_LITERAL, CHAR_LITERAL, BIN_LITERAL, HEX_LITERAL, IDENT, INT_LITERAL, FLOAT_LITERAL, DOUBLE_LITERAL, REAL_LITERAL} [@12,22:22='<',<173>,2:21] (argument_list, call, accessterm, primitive_term, primitive_labeled_term, bracket_term, atom_prefix, strong_arith_term_2, strong_arith_term_1, weak_arith_term, comparison_term, equality_term, term60, conjunction_term, disjunction_term, implication_term, equivalence_term, elementary_update_term, parallel_term, term, taclet, rulesOrAxioms, decls, file) 
320751     WARN  Test worker     d.u.i.k.n.KeYParser       [syntax-error] <unknown>:2:23: no viable alternative at input '{..' [@14,24:25='..',<144>,2:23] (atom_prefix, strong_arith_term_2, strong_arith_term_1, weak_arith_term, comparison_term, equality_term, term60, conjunction_term, disjunction_term, implication_term, equivalence_term, elementary_update_term, parallel_term, term, argument_list, call, accessterm, primitive_term, primitive_labeled_term, bracket_term, atom_prefix, strong_arith_term_2, strong_arith_term_1, weak_arith_term, comparison_term, equality_term, term60, conjunction_term, disjunction_term, implication_term, equivalence_term, elementary_update_term, parallel_term, term, taclet, rulesOrAxioms, decls, file) 
320752     WARN  Test worker     d.u.i.k.n.KeYParser       [syntax-error] <unknown>:2:33: mismatched input ';' expecting {',', ')'} [@21,34:34=';',<138>,2:33] (argument_list, call, accessterm, primitive_term, primitive_labeled_term, bracket_term, atom_prefix, strong_arith_term_2, strong_arith_term_1, weak_arith_term, comparison_term, equality_term, term60, conjunction_term, disjunction_term, implication_term, equivalence_term, elementary_update_term, parallel_term, term, taclet, rulesOrAxioms, decls, file) 
320752     WARN  Test worker     d.u.i.k.n.KeYParser       [syntax-error] <unknown>:2:43: no viable alternative at input '#lab;' [@26,44:44=';',<138>,2:43] (option_list, taclet, rulesOrAxioms, decls, file) 
320752     WARN  Test worker     d.u.i.k.n.KeYParser       [syntax-error] <unknown>:2:45: mismatched input '<' expecting {'(', '{'} [@28,46:46='<',<173>,2:45] (taclet, rulesOrAxioms, decls, file) 
320752     WARN  Test worker     d.u.i.k.n.KeYParser       [syntax-error] <unknown>:2:50: mismatched input '+' expecting {'(', '{'} [@32,51:51='+',<167>,2:50] (taclet, rulesOrAxioms, decls, file) 
320752     WARN  Test worker     d.u.i.k.n.KeYParser       [syntax-error] <unknown>:2:56: extraneous input '..' expecting {'\lemma', '}', IDENT, '/*!'} [@38,57:58='..',<144>,2:56] (rulesOrAxioms, decls, file) 
320752     WARN  Test worker     d.u.i.k.n.KeYParser       [syntax-error] <unknown>:2:60: mismatched input '>' expecting {<EOF>, '\problem', '\chooseContract', '\proofObligation', '\proof'} [@41,61:61='>',<168>,2:60] (file) 
320753     INFO  Test worker     d.u.i.k.n.KeyIO           Parsing took 0 ms 
320753     DEBUG Test worker     d.u.i.k.n.KeyIO           Load declarations of de.uka.ilkd.key.nparser.KeyAst$File:  <unknown>:1#1 
320753     INFO  Test worker     d.u.i.k.n.KeyIO           MODE: declarations took 0 ms 
320753     DEBUG Test worker     d.u.i.k.n.KeyIO           MODE: 2nd degree decls took 0 
320754     DEBUG Test worker     d.u.i.k.n.KeyIO           MODE: taclets took 1ms 
320754     INFO  Test worker     d.u.i.k.n.KeyIO           Parsing took 0 ms 
320754     DEBUG Test worker     d.u.i.k.n.KeyIO           Load declarations of de.uka.ilkd.key.nparser.KeyAst$File:  <unknown>:2#1 
320754     INFO  Test worker     d.u.i.k.n.KeyIO           MODE: declarations took 0 ms 
320754     DEBUG Test worker     d.u.i.k.n.KeyIO           MODE: 2nd degree decls took 0 
320755     DEBUG Test worker     d.u.i.k.n.KeyIO           MODE: taclets took 1ms 
320756     INFO  Test worker     d.u.i.k.n.KeyIO           Parsing took 1 ms 
320756     DEBUG Test worker     d.u.i.k.n.KeyIO           Load declarations of de.uka.ilkd.key.nparser.KeyAst$File:  <unknown>:1#1 
320756     INFO  Test worker     d.u.i.k.n.KeyIO           MODE: declarations took 0 ms 
320756     DEBUG Test worker     d.u.i.k.n.KeyIO           MODE: 2nd degree decls took 0 
320756     DEBUG Test worker     d.u.i.k.n.KeyIO           MODE: taclets took 0ms 
320756     INFO  Test worker     d.u.i.k.n.KeyIO           Parsing took 0 ms 
320757     DEBUG Test worker     d.u.i.k.n.KeyIO           Load declarations of de.uka.ilkd.key.nparser.KeyAst$File:  <unknown>:2#1 
320770     INFO  Test worker     d.u.i.k.n.KeyIO           MODE: declarations took 13 ms 
320770     DEBUG Test worker     d.u.i.k.n.KeyIO           MODE: 2nd degree decls took 0 
320771     DEBUG Test worker     d.u.i.k.n.KeyIO           MODE: taclets took 1ms 
320772     INFO  Test worker     d.u.i.k.n.KeyIO           Parsing took 1 ms 
320772     DEBUG Test worker     d.u.i.k.n.KeyIO           Load declarations of de.uka.ilkd.key.nparser.KeyAst$File:  <unknown>:1#1 
320772     INFO  Test worker     d.u.i.k.n.KeyIO           MODE: declarations took 0 ms 
320772     DEBUG Test worker     d.u.i.k.n.KeyIO           MODE: 2nd degree decls took 0 
320772     DEBUG Test worker     d.u.i.k.n.KeyIO           MODE: taclets took 0ms 
320772     INFO  Test worker     d.u.i.k.n.KeyIO           Parsing took 0 ms 
320773     DEBUG Test worker     d.u.i.k.n.KeyIO           Load declarations of de.uka.ilkd.key.nparser.KeyAst$File:  <unknown>:2#1 
320773     INFO  Test worker     d.u.i.k.n.KeyIO           MODE: declarations took 0 ms 
320773     DEBUG Test worker     d.u.i.k.n.KeyIO           MODE: 2nd degree decls took 0 
320773     DEBUG Test worker     d.u.i.k.n.KeyIO           MODE: taclets took 0ms 
320774     INFO  Test worker     d.u.i.k.n.KeyIO           Parsing took 1 ms 
320774     DEBUG Test worker     d.u.i.k.n.KeyIO           Load declarations of de.uka.ilkd.key.nparser.KeyAst$File:  <unknown>:1#1 
320774     INFO  Test worker     d.u.i.k.n.KeyIO           MODE: declarations took 0 ms 
320774     DEBUG Test worker     d.u.i.k.n.KeyIO           MODE: 2nd degree decls took 0 
320774     DEBUG Test worker     d.u.i.k.n.KeyIO           MODE: taclets took 0ms 
320774     INFO  Test worker     d.u.i.k.n.KeyIO           Parsing took 0 ms 
320774     DEBUG Test worker     d.u.i.k.n.KeyIO           Load declarations of de.uka.ilkd.key.nparser.KeyAst$File:  <unknown>:2#1 
320775     INFO  Test worker     d.u.i.k.n.KeyIO           MODE: declarations took 1 ms 
320775     DEBUG Test worker     d.u.i.k.n.KeyIO           MODE: 2nd degree decls took 0 
320775     DEBUG Test worker     d.u.i.k.n.KeyIO           MODE: taclets took 0ms 
320775     INFO  Test worker     d.u.i.k.n.KeyIO           Parsing took 0 ms 
320775     DEBUG Test worker     d.u.i.k.n.KeyIO           Load declarations of de.uka.ilkd.key.nparser.KeyAst$File:  <unknown>:1#1 
320776     INFO  Test worker     d.u.i.k.n.KeyIO           MODE: declarations took 0 ms 
320776     DEBUG Test worker     d.u.i.k.n.KeyIO           MODE: 2nd degree decls took 0 
320779     DEBUG Test worker     d.u.i.k.n.KeyIO           MODE: taclets took 2ms 
320779     INFO  Test worker     d.u.i.k.n.KeyIO           Parsing took 0 ms 
320779     DEBUG Test worker     d.u.i.k.n.KeyIO           Load declarations of de.uka.ilkd.key.nparser.KeyAst$File:  <unknown>:2#1 
320779     INFO  Test worker     d.u.i.k.n.KeyIO           MODE: declarations took 0 ms 
320779     DEBUG Test worker     d.u.i.k.n.KeyIO           MODE: 2nd degree decls took 0 
320780     DEBUG Test worker     d.u.i.k.n.KeyIO           MODE: taclets took 0ms 
320780     INFO  Test worker     d.u.i.k.n.KeyIO           Parsing took 0 ms 
320780     DEBUG Test worker     d.u.i.k.n.KeyIO           Load declarations of de.uka.ilkd.key.nparser.KeyAst$File:  <unknown>:1#1 
320780     INFO  Test worker     d.u.i.k.n.KeyIO           MODE: declarations took 0 ms 
320780     DEBUG Test worker     d.u.i.k.n.KeyIO           MODE: 2nd degree decls took 0 
320781     DEBUG Test worker     d.u.i.k.n.KeyIO           MODE: taclets took 0ms 
320781     INFO  Test worker     d.u.i.k.n.KeyIO           Parsing took 0 ms 
320781     DEBUG Test worker     d.u.i.k.n.KeyIO           Load declarations of de.uka.ilkd.key.nparser.KeyAst$File:  <unknown>:2#1 
320781     INFO  Test worker     d.u.i.k.n.KeyIO           MODE: declarations took 0 ms 
320781     DEBUG Test worker     d.u.i.k.n.KeyIO           MODE: 2nd degree decls took 0 
320782     DEBUG Test worker     d.u.i.k.n.KeyIO           MODE: taclets took 0ms 
320782     INFO  Test worker     d.u.i.k.n.KeyIO           Parsing took 0 ms 
320782     DEBUG Test worker     d.u.i.k.n.KeyIO           Load declarations of de.uka.ilkd.key.nparser.KeyAst$File:  <unknown>:1#1 
320782     INFO  Test worker     d.u.i.k.n.KeyIO           MODE: declarations took 0 ms 
320782     DEBUG Test worker     d.u.i.k.n.KeyIO           MODE: 2nd degree decls took 0 
320782     DEBUG Test worker     d.u.i.k.n.KeyIO           MODE: taclets took 0ms 
320783     INFO  Test worker     d.u.i.k.n.KeyIO           Parsing took 0 ms 
320783     DEBUG Test worker     d.u.i.k.n.KeyIO           Load declarations of de.uka.ilkd.key.nparser.KeyAst$File:  <unknown>:2#1 
320783     INFO  Test worker     d.u.i.k.n.KeyIO           MODE: declarations took 0 ms 
320783     DEBUG Test worker     d.u.i.k.n.KeyIO           MODE: 2nd degree decls took 0 
320783     DEBUG Test worker     d.u.i.k.n.KeyIO           MODE: taclets took 0ms 
320783     INFO  Test worker     d.u.i.k.n.KeyIO           Parsing took 0 ms 
320783     DEBUG Test worker     d.u.i.k.n.KeyIO           Load declarations of de.uka.ilkd.key.nparser.KeyAst$File:  <unknown>:1#1 
320783     INFO  Test worker     d.u.i.k.n.KeyIO           MODE: declarations took 0 ms 
320784     DEBUG Test worker     d.u.i.k.n.KeyIO           MODE: 2nd degree decls took 1 
320784     DEBUG Test worker     d.u.i.k.n.KeyIO           MODE: taclets took 0ms 
320784     INFO  Test worker     d.u.i.k.n.KeyIO           Parsing took 0 ms 
320784     DEBUG Test worker     d.u.i.k.n.KeyIO           Load declarations of de.uka.ilkd.key.nparser.KeyAst$File:  <unknown>:2#1 
320784     INFO  Test worker     d.u.i.k.n.KeyIO           MODE: declarations took 0 ms 
320784     DEBUG Test worker     d.u.i.k.n.KeyIO           MODE: 2nd degree decls took 0 
320785     DEBUG Test worker     d.u.i.k.n.KeyIO           MODE: taclets took 1ms 
320785     INFO  Test worker     d.u.i.k.n.KeyIO           Parsing took 0 ms 
320785     DEBUG Test worker     d.u.i.k.n.KeyIO           Load declarations of de.uka.ilkd.key.nparser.KeyAst$File:  <unknown>:1#1 
320785     INFO  Test worker     d.u.i.k.n.KeyIO           MODE: declarations took 0 ms 
320785     DEBUG Test worker     d.u.i.k.n.KeyIO           MODE: 2nd degree decls took 0 
320786     DEBUG Test worker     d.u.i.k.n.KeyIO           MODE: taclets took 1ms 
320792     INFO  Test worker     d.u.i.k.n.KeyIO           Parsing took 6 ms 
320792     DEBUG Test worker     d.u.i.k.n.KeyIO           Load declarations of de.uka.ilkd.key.nparser.KeyAst$File:  <unknown>:2#1 
320792     INFO  Test worker     d.u.i.k.n.KeyIO           MODE: declarations took 0 ms 
320792     DEBUG Test worker     d.u.i.k.n.KeyIO           MODE: 2nd degree decls took 0 
320794     DEBUG Test worker     d.u.i.k.n.KeyIO           MODE: taclets took 2ms 
320795     INFO  Test worker     d.u.i.k.n.KeyIO           Parsing took 0 ms 
320795     DEBUG Test worker     d.u.i.k.n.KeyIO           Load declarations of de.uka.ilkd.key.nparser.KeyAst$File:  <unknown>:1#1 
320795     INFO  Test worker     d.u.i.k.n.KeyIO           MODE: declarations took 0 ms 
320795     DEBUG Test worker     d.u.i.k.n.KeyIO           MODE: 2nd degree decls took 0 
320795     DEBUG Test worker     d.u.i.k.n.KeyIO           MODE: taclets took 0ms 
320796     INFO  Test worker     d.u.i.k.n.KeyIO           Parsing took 0 ms 
320796     DEBUG Test worker     d.u.i.k.n.KeyIO           Load declarations of de.uka.ilkd.key.nparser.KeyAst$File:  <unknown>:2#1 
320796     INFO  Test worker     d.u.i.k.n.KeyIO           MODE: declarations took 0 ms 
320796     DEBUG Test worker     d.u.i.k.n.KeyIO           MODE: 2nd degree decls took 0 
320796     DEBUG Test worker     d.u.i.k.n.KeyIO           MODE: taclets took 0ms 
320797     INFO  Test worker     d.u.i.k.n.KeyIO           Parsing took 0 ms 
320797     DEBUG Test worker     d.u.i.k.n.KeyIO           Load declarations of de.uka.ilkd.key.nparser.KeyAst$File:  <unknown>:1#1 
320797     INFO  Test worker     d.u.i.k.n.KeyIO           MODE: declarations took 0 ms 
320797     DEBUG Test worker     d.u.i.k.n.KeyIO           MODE: 2nd degree decls took 0 
320797     DEBUG Test worker     d.u.i.k.n.KeyIO           MODE: taclets took 0ms 
320798     INFO  Test worker     d.u.i.k.n.KeyIO           Parsing took 0 ms 
320798     DEBUG Test worker     d.u.i.k.n.KeyIO           Load declarations of de.uka.ilkd.key.nparser.KeyAst$File:  <unknown>:2#1 
320798     INFO  Test worker     d.u.i.k.n.KeyIO           MODE: declarations took 0 ms 
320798     DEBUG Test worker     d.u.i.k.n.KeyIO           MODE: 2nd degree decls took 0 
320798     DEBUG Test worker     d.u.i.k.n.KeyIO           MODE: taclets took 0ms 
320799     INFO  Test worker     d.u.i.k.n.KeyIO           Parsing took 0 ms 
320800     DEBUG Test worker     d.u.i.k.n.KeyIO           Load declarations of de.uka.ilkd.key.nparser.KeyAst$File:  <unknown>:1#1 
320800     INFO  Test worker     d.u.i.k.n.KeyIO           MODE: declarations took 0 ms 
320800     DEBUG Test worker     d.u.i.k.n.KeyIO           MODE: 2nd degree decls took 0 
320802     DEBUG Test worker     d.u.i.k.n.KeyIO           MODE: taclets took 0ms 
320802     INFO  Test worker     d.u.i.k.n.KeyIO           Parsing took 0 ms 
320802     DEBUG Test worker     d.u.i.k.n.KeyIO           Load declarations of de.uka.ilkd.key.nparser.KeyAst$File:  <unknown>:2#1 
320802     INFO  Test worker     d.u.i.k.n.KeyIO           MODE: declarations took 0 ms 
320802     DEBUG Test worker     d.u.i.k.n.KeyIO           MODE: 2nd degree decls took 0 
320802     DEBUG Test worker     d.u.i.k.n.KeyIO           MODE: taclets took 0ms 
320803     INFO  Test worker     d.u.i.k.n.KeyIO           Parsing took 1 ms 
320803     DEBUG Test worker     d.u.i.k.n.KeyIO           Load declarations of de.uka.ilkd.key.nparser.KeyAst$File:  <unknown>:2#1 
320803     INFO  Test worker     d.u.i.k.n.KeyIO           MODE: declarations took 0 ms 
320803     DEBUG Test worker     d.u.i.k.n.KeyIO           MODE: 2nd degree decls took 0 
320803     DEBUG Test worker     d.u.i.k.n.KeyIO           MODE: taclets took 0ms 
320803     INFO  Test worker     d.u.i.k.n.KeyIO           Parsing took 0 ms 
320803     DEBUG Test worker     d.u.i.k.n.KeyIO           Load declarations of de.uka.ilkd.key.nparser.KeyAst$File:  <unknown>:1#1 
320803     INFO  Test worker     d.u.i.k.n.KeyIO           MODE: declarations took 0 ms 
320804     DEBUG Test worker     d.u.i.k.n.KeyIO           MODE: 2nd degree decls took 1 
320804     DEBUG Test worker     d.u.i.k.n.KeyIO           MODE: taclets took 0ms 
320804     INFO  Test worker     d.u.i.k.n.KeyIO           Parsing took 0 ms 
320804     DEBUG Test worker     d.u.i.k.n.KeyIO           Load declarations of de.uka.ilkd.key.nparser.KeyAst$File:  <unknown>:2#1 
320804     INFO  Test worker     d.u.i.k.n.KeyIO           MODE: declarations took 0 ms 
320804     DEBUG Test worker     d.u.i.k.n.KeyIO           MODE: 2nd degree decls took 0 
320807     INFO  Test worker     d.u.i.k.n.KeyIO           Parsing took 1 ms 
320807     DEBUG Test worker     d.u.i.k.n.KeyIO           Load declarations of de.uka.ilkd.key.nparser.KeyAst$File:  <unknown>:1#1 
320807     INFO  Test worker     d.u.i.k.n.KeyIO           MODE: declarations took 0 ms 
320807     DEBUG Test worker     d.u.i.k.n.KeyIO           MODE: 2nd degree decls took 0 
320807     DEBUG Test worker     d.u.i.k.n.KeyIO           MODE: taclets took 0ms 
320807     INFO  Test worker     d.u.i.k.n.KeyIO           Parsing took 0 ms 
320807     DEBUG Test worker     d.u.i.k.n.KeyIO           Load declarations of de.uka.ilkd.key.nparser.KeyAst$File:  <unknown>:2#1 
320807     INFO  Test worker     d.u.i.k.n.KeyIO           MODE: declarations took 0 ms 
320807     DEBUG Test worker     d.u.i.k.n.KeyIO           MODE: 2nd degree decls took 0 
320808     DEBUG Test worker     d.u.i.k.n.KeyIO           MODE: taclets took 1ms 
320808     INFO  Test worker     d.u.i.k.n.KeyIO           Parsing took 0 ms 
320808     DEBUG Test worker     d.u.i.k.n.KeyIO           Load declarations of de.uka.ilkd.key.nparser.KeyAst$File:  <unknown>:1#1 
320808     INFO  Test worker     d.u.i.k.n.KeyIO           MODE: declarations took 0 ms 
320808     DEBUG Test worker     d.u.i.k.n.KeyIO           MODE: 2nd degree decls took 0 
320809     DEBUG Test worker     d.u.i.k.n.KeyIO           MODE: taclets took 1ms 
320809     INFO  Test worker     d.u.i.k.n.KeyIO           Parsing took 0 ms 
320809     DEBUG Test worker     d.u.i.k.n.KeyIO           Load declarations of de.uka.ilkd.key.nparser.KeyAst$File:  <unknown>:2#1 
320809     INFO  Test worker     d.u.i.k.n.KeyIO           MODE: declarations took 0 ms 
320809     DEBUG Test worker     d.u.i.k.n.KeyIO           MODE: 2nd degree decls took 0 
320809     DEBUG Test worker     d.u.i.k.n.KeyIO           MODE: taclets took 0ms 
320810     INFO  Test worker     d.u.i.k.n.KeyIO           Parsing took 0 ms 
320810     DEBUG Test worker     d.u.i.k.n.KeyIO           Load declarations of de.uka.ilkd.key.nparser.KeyAst$File:  <unknown>:1#1 
320810     INFO  Test worker     d.u.i.k.n.KeyIO           MODE: declarations took 0 ms 
320810     DEBUG Test worker     d.u.i.k.n.KeyIO           MODE: 2nd degree decls took 0 
320810     DEBUG Test worker     d.u.i.k.n.KeyIO           MODE: taclets took 0ms 
320811     INFO  Test worker     d.u.i.k.n.KeyIO           Parsing took 1 ms 
320811     DEBUG Test worker     d.u.i.k.n.KeyIO           Load declarations of de.uka.ilkd.key.nparser.KeyAst$File:  <unknown>:2#1 
320811     INFO  Test worker     d.u.i.k.n.KeyIO           MODE: declarations took 0 ms 
320811     DEBUG Test worker     d.u.i.k.n.KeyIO           MODE: 2nd degree decls took 0 
320811     DEBUG Test worker     d.u.i.k.n.KeyIO           MODE: taclets took 0ms 
]]></system-out>
  <system-err><![CDATA[]]></system-err>
</testsuite>
