<?xml version="1.0" encoding="UTF-8"?>
<testsuite name="de.uka.ilkd.key.rule.loop.LoopScopeInvRuleTests" tests="1" skipped="0" failures="0" errors="0" timestamp="2023-05-23T10:16:03" hostname="fv-az402-454" time="5.526">
  <properties/>
  <testcase name="testDoAutomaticProofOfBenchmarkWithLabeledBreaksAndContinues()" classname="de.uka.ilkd.key.rule.loop.LoopScopeInvRuleTests" time="5.526"/>
  <system-out><![CDATA[480459     INFO  Test worker     d.u.i.k.p.i.AbstractProblemLoader Loading environment from src/test/resources/testcase/loopScopeInvRule/Test.key 
480460     DEBUG Test worker     d.u.i.k.p.i.AbstractProblemLoader Environment load took 738.62ns 
480461     INFO  Test worker     d.u.i.k.p.i.AbstractProblemLoader Creating init config 
480686     DEBUG Test worker     d.u.i.k.j.TypeConverter   No LDT found for Meta 
480686     DEBUG Test worker     d.u.i.k.j.TypeConverter   No LDT found for Meta 
480687     DEBUG Test worker     d.u.i.k.j.TypeConverter   No LDT found for Meta 
480687     DEBUG Test worker     d.u.i.k.j.TypeConverter   No LDT found for Meta 
481393     DEBUG Test worker     d.u.i.k.j.TypeConverter   No LDT found for JavaBigintExpression 
485281     DEBUG Test worker     d.u.i.k.p.i.AbstractProblemLoader Init config took 4.82s 
485326     INFO  Test worker     d.u.i.k.p.i.AbstractProblemLoader Replaying proof Test[Test::loopScopeRuleBenchmark(int,boolean)].JML normal_behavior operation contract.0 
485329     DEBUG Test worker     d.u.i.k.p.i.IntermediateProofReplayer Proof replay took 16ns 
]]></system-out>
  <system-err><![CDATA[]]></system-err>
</testsuite>
