<?xml version="1.0" encoding="UTF-8"?>
<testsuite name="de.uka.ilkd.key.proof.TestOneStepSimplifier" tests="1" skipped="0" failures="0" errors="0" timestamp="2023-05-23T10:15:36" hostname="fv-az402-454" time="4.279">
  <properties/>
  <testcase name="loadWithRestriction()" classname="de.uka.ilkd.key.proof.TestOneStepSimplifier" time="4.279"/>
  <system-out><![CDATA[452953     INFO  Test worker     d.u.i.k.p.i.AbstractProblemLoader Loading environment from src/test/resources/testcase/ossRestriction.proof 
452954     DEBUG Test worker     d.u.i.k.p.i.AbstractProblemLoader Environment load took 167.41ns 
452955     INFO  Test worker     d.u.i.k.p.i.AbstractProblemLoader Creating init config 
453109     DEBUG Test worker     d.u.i.k.j.TypeConverter   No LDT found for Meta 
453109     DEBUG Test worker     d.u.i.k.j.TypeConverter   No LDT found for Meta 
453112     DEBUG Test worker     d.u.i.k.j.TypeConverter   No LDT found for Meta 
453112     DEBUG Test worker     d.u.i.k.j.TypeConverter   No LDT found for Meta 
453694     DEBUG Test worker     d.u.i.k.j.TypeConverter   No LDT found for JavaBigintExpression 
457181     DEBUG Test worker     d.u.i.k.p.i.AbstractProblemLoader Init config took 4.23s 
457227     INFO  Test worker     d.u.i.k.p.i.AbstractProblemLoader Replaying proof ossRestriction.proof 
457230     DEBUG Test worker     d.u.i.k.p.i.IntermediateProofReplayer Proof replay took 897.83ns 
]]></system-out>
  <system-err><![CDATA[]]></system-err>
</testsuite>
