<?xml version="1.0" encoding="UTF-8"?>
<testsuite name="de.uka.ilkd.key.java.TestContextStatementBlock" tests="1" skipped="0" failures="0" errors="0" timestamp="2023-05-23T10:08:26" hostname="fv-az402-454" time="1.247">
  <properties/>
  <testcase name="testContextTermInstantiation()" classname="de.uka.ilkd.key.java.TestContextStatementBlock" time="1.247"/>
  <system-out><![CDATA[24056      INFO  Test worker     d.u.i.k.n.KeyIO           Parsing took 6 ms 
24056      DEBUG Test worker     d.u.i.k.n.KeyIO           Load declarations of de.uka.ilkd.key.nparser.KeyAst$File:  /home/runner/work/key/key/key.core/src/test/resources/testcase/testrules.key:9#1 
24057      INFO  Test worker     d.u.i.k.n.KeyIO           MODE: declarations took 1 ms 
24057      DEBUG Test worker     d.u.i.k.n.KeyIO           MODE: 2nd degree decls took 0 
24203      DEBUG Test worker     d.u.i.k.n.KeyIO           MODE: taclets took 144ms 
]]></system-out>
  <system-err><![CDATA[]]></system-err>
</testsuite>
