<?xml version="1.0" encoding="UTF-8"?>
<testsuite name="de.uka.ilkd.key.parser.TestTermParserSorts" tests="2" skipped="0" failures="0" errors="0" timestamp="2023-05-23T10:15:32" hostname="fv-az402-454" time="3.151">
  <properties/>
  <testcase name="testParseIntegerArgs()" classname="de.uka.ilkd.key.parser.TestTermParserSorts" time="0.016"/>
  <testcase name="testParseSequencePrettySyntax()" classname="de.uka.ilkd.key.parser.TestTermParserSorts" time="0.002"/>
  <system-out><![CDATA[449762     INFO  Test worker     d.u.i.k.n.KeyIO           Parsing took 0 ms 
449762     DEBUG Test worker     d.u.i.k.n.KeyIO           Load declarations of de.uka.ilkd.key.nparser.KeyAst$File:  <unknown>:1#1 
449762     INFO  Test worker     d.u.i.k.n.KeyIO           MODE: declarations took 0 ms 
449762     DEBUG Test worker     d.u.i.k.n.KeyIO           MODE: 2nd degree decls took 0 
449762     INFO  Test worker     d.u.i.k.n.KeyIO           Parsing took 0 ms 
449762     DEBUG Test worker     d.u.i.k.n.KeyIO           Load declarations of de.uka.ilkd.key.nparser.KeyAst$File:  <unknown>:1#1 
449762     INFO  Test worker     d.u.i.k.n.KeyIO           MODE: declarations took 0 ms 
449762     DEBUG Test worker     d.u.i.k.n.KeyIO           MODE: 2nd degree decls took 0 
449762     INFO  Test worker     d.u.i.k.n.KeyIO           Parsing took 0 ms 
449762     DEBUG Test worker     d.u.i.k.n.KeyIO           Load declarations of de.uka.ilkd.key.nparser.KeyAst$File:  <unknown>:1#1 
449762     INFO  Test worker     d.u.i.k.n.KeyIO           MODE: declarations took 0 ms 
449763     DEBUG Test worker     d.u.i.k.n.KeyIO           MODE: 2nd degree decls took 0 
452911     INFO  Test worker     d.u.i.k.n.KeyIO           Parsing took 0 ms 
452912     DEBUG Test worker     d.u.i.k.n.KeyIO           Load declarations of de.uka.ilkd.key.nparser.KeyAst$File:  <unknown>:1#1 
452912     INFO  Test worker     d.u.i.k.n.KeyIO           MODE: declarations took 0 ms 
452912     DEBUG Test worker     d.u.i.k.n.KeyIO           MODE: 2nd degree decls took 0 
452912     INFO  Test worker     d.u.i.k.n.KeyIO           Parsing took 0 ms 
452912     DEBUG Test worker     d.u.i.k.n.KeyIO           Load declarations of de.uka.ilkd.key.nparser.KeyAst$File:  <unknown>:1#1 
452912     INFO  Test worker     d.u.i.k.n.KeyIO           MODE: declarations took 0 ms 
452912     DEBUG Test worker     d.u.i.k.n.KeyIO           MODE: 2nd degree decls took 0 
452912     INFO  Test worker     d.u.i.k.n.KeyIO           Parsing took 0 ms 
452912     DEBUG Test worker     d.u.i.k.n.KeyIO           Load declarations of de.uka.ilkd.key.nparser.KeyAst$File:  <unknown>:1#1 
452912     INFO  Test worker     d.u.i.k.n.KeyIO           MODE: declarations took 0 ms 
452912     DEBUG Test worker     d.u.i.k.n.KeyIO           MODE: 2nd degree decls took 0 
]]></system-out>
  <system-err><![CDATA[]]></system-err>
</testsuite>
