<?xml version="1.0" encoding="UTF-8"?>
<testsuite name="de.uka.ilkd.key.logic.TestClashFreeSubst" tests="14" skipped="2" failures="0" errors="0" timestamp="2023-05-23T10:08:41" hostname="fv-az402-454" time="51.938">
  <properties/>
  <testcase name="testMultiShareBound()" classname="de.uka.ilkd.key.logic.TestClashFreeSubst" time="1.069"/>
  <testcase name="testClash()" classname="de.uka.ilkd.key.logic.TestClashFreeSubst" time="0.943"/>
  <testcase name="testShare()" classname="de.uka.ilkd.key.logic.TestClashFreeSubst" time="0.973"/>
  <testcase name="testSubst()" classname="de.uka.ilkd.key.logic.TestClashFreeSubst" time="0.962"/>
  <testcase name="testWary0()" classname="de.uka.ilkd.key.logic.TestClashFreeSubst" time="0.963"/>
  <testcase name="testWary1()" classname="de.uka.ilkd.key.logic.TestClashFreeSubst" time="0.939"/>
  <testcase name="testWary2()" classname="de.uka.ilkd.key.logic.TestClashFreeSubst" time="0.944"/>
  <testcase name="testClashInSubstTerm()" classname="de.uka.ilkd.key.logic.TestClashFreeSubst" time="0.98"/>
  <testcase name="testShareWary()" classname="de.uka.ilkd.key.logic.TestClashFreeSubst" time="0.976"/>
  <testcase name="testMultiSubst()" classname="de.uka.ilkd.key.logic.TestClashFreeSubst" time="0.943"/>
  <testcase name="xtestMultiClash()" classname="de.uka.ilkd.key.logic.TestClashFreeSubst" time="0.0">
    <skipped/>
  </testcase>
  <testcase name="testSubstInSubstTerm()" classname="de.uka.ilkd.key.logic.TestClashFreeSubst" time="0.958"/>
  <testcase name="testSubstWary()" classname="de.uka.ilkd.key.logic.TestClashFreeSubst" time="0.923"/>
  <testcase name="xtestMultiClash1()" classname="de.uka.ilkd.key.logic.TestClashFreeSubst" time="0.0">
    <skipped/>
  </testcase>
  <system-out><![CDATA[37921      INFO  Test worker     d.u.i.k.n.KeyIO           Parsing took 0 ms 
37922      DEBUG Test worker     d.u.i.k.n.KeyIO           Load declarations of de.uka.ilkd.key.nparser.KeyAst$File:  <unknown>:1#1 
37922      INFO  Test worker     d.u.i.k.n.KeyIO           MODE: declarations took 0 ms 
37923      DEBUG Test worker     d.u.i.k.n.KeyIO           MODE: 2nd degree decls took 0 
38985      INFO  Test worker     d.u.i.k.n.KeyIO           Parsing took 0 ms 
38985      DEBUG Test worker     d.u.i.k.n.KeyIO           Load declarations of de.uka.ilkd.key.nparser.KeyAst$File:  <unknown>:1#1 
38985      INFO  Test worker     d.u.i.k.n.KeyIO           MODE: declarations took 0 ms 
38985      DEBUG Test worker     d.u.i.k.n.KeyIO           MODE: 2nd degree decls took 0 
42129      INFO  Test worker     d.u.i.k.n.KeyIO           Parsing took 0 ms 
42129      DEBUG Test worker     d.u.i.k.n.KeyIO           Load declarations of de.uka.ilkd.key.nparser.KeyAst$File:  <unknown>:1#1 
42129      INFO  Test worker     d.u.i.k.n.KeyIO           MODE: declarations took 0 ms 
42129      DEBUG Test worker     d.u.i.k.n.KeyIO           MODE: 2nd degree decls took 0 
43066      INFO  Test worker     d.u.i.k.n.KeyIO           Parsing took 0 ms 
43066      DEBUG Test worker     d.u.i.k.n.KeyIO           Load declarations of de.uka.ilkd.key.nparser.KeyAst$File:  <unknown>:1#1 
43067      INFO  Test worker     d.u.i.k.n.KeyIO           MODE: declarations took 1 ms 
43067      DEBUG Test worker     d.u.i.k.n.KeyIO           MODE: 2nd degree decls took 0 
46188      INFO  Test worker     d.u.i.k.n.KeyIO           Parsing took 0 ms 
46188      DEBUG Test worker     d.u.i.k.n.KeyIO           Load declarations of de.uka.ilkd.key.nparser.KeyAst$File:  <unknown>:1#1 
46188      INFO  Test worker     d.u.i.k.n.KeyIO           MODE: declarations took 0 ms 
46188      DEBUG Test worker     d.u.i.k.n.KeyIO           MODE: 2nd degree decls took 0 
47158      INFO  Test worker     d.u.i.k.n.KeyIO           Parsing took 0 ms 
47158      DEBUG Test worker     d.u.i.k.n.KeyIO           Load declarations of de.uka.ilkd.key.nparser.KeyAst$File:  <unknown>:1#1 
47158      INFO  Test worker     d.u.i.k.n.KeyIO           MODE: declarations took 0 ms 
47159      DEBUG Test worker     d.u.i.k.n.KeyIO           MODE: 2nd degree decls took 1 
50303      INFO  Test worker     d.u.i.k.n.KeyIO           Parsing took 1 ms 
50303      DEBUG Test worker     d.u.i.k.n.KeyIO           Load declarations of de.uka.ilkd.key.nparser.KeyAst$File:  <unknown>:1#1 
50304      INFO  Test worker     d.u.i.k.n.KeyIO           MODE: declarations took 1 ms 
50304      DEBUG Test worker     d.u.i.k.n.KeyIO           MODE: 2nd degree decls took 0 
51258      INFO  Test worker     d.u.i.k.n.KeyIO           Parsing took 0 ms 
51261      DEBUG Test worker     d.u.i.k.n.KeyIO           Load declarations of de.uka.ilkd.key.nparser.KeyAst$File:  <unknown>:1#1 
51262      INFO  Test worker     d.u.i.k.n.KeyIO           MODE: declarations took 1 ms 
51263      DEBUG Test worker     d.u.i.k.n.KeyIO           MODE: 2nd degree decls took 0 
54394      INFO  Test worker     d.u.i.k.n.KeyIO           Parsing took 0 ms 
54394      DEBUG Test worker     d.u.i.k.n.KeyIO           Load declarations of de.uka.ilkd.key.nparser.KeyAst$File:  <unknown>:1#1 
54395      INFO  Test worker     d.u.i.k.n.KeyIO           MODE: declarations took 1 ms 
54395      DEBUG Test worker     d.u.i.k.n.KeyIO           MODE: 2nd degree decls took 0 
55352      INFO  Test worker     d.u.i.k.n.KeyIO           Parsing took 0 ms 
55353      DEBUG Test worker     d.u.i.k.n.KeyIO           Load declarations of de.uka.ilkd.key.nparser.KeyAst$File:  <unknown>:1#1 
55353      INFO  Test worker     d.u.i.k.n.KeyIO           MODE: declarations took 0 ms 
55353      DEBUG Test worker     d.u.i.k.n.KeyIO           MODE: 2nd degree decls took 0 
58467      INFO  Test worker     d.u.i.k.n.KeyIO           Parsing took 0 ms 
58467      DEBUG Test worker     d.u.i.k.n.KeyIO           Load declarations of de.uka.ilkd.key.nparser.KeyAst$File:  <unknown>:1#1 
58467      INFO  Test worker     d.u.i.k.n.KeyIO           MODE: declarations took 0 ms 
58467      DEBUG Test worker     d.u.i.k.n.KeyIO           MODE: 2nd degree decls took 0 
59403      INFO  Test worker     d.u.i.k.n.KeyIO           Parsing took 0 ms 
59403      DEBUG Test worker     d.u.i.k.n.KeyIO           Load declarations of de.uka.ilkd.key.nparser.KeyAst$File:  <unknown>:1#1 
59404      INFO  Test worker     d.u.i.k.n.KeyIO           MODE: declarations took 1 ms 
59404      DEBUG Test worker     d.u.i.k.n.KeyIO           MODE: 2nd degree decls took 0 
62492      INFO  Test worker     d.u.i.k.n.KeyIO           Parsing took 0 ms 
62492      DEBUG Test worker     d.u.i.k.n.KeyIO           Load declarations of de.uka.ilkd.key.nparser.KeyAst$File:  <unknown>:1#1 
62493      INFO  Test worker     d.u.i.k.n.KeyIO           MODE: declarations took 1 ms 
62493      DEBUG Test worker     d.u.i.k.n.KeyIO           MODE: 2nd degree decls took 0 
63433      INFO  Test worker     d.u.i.k.n.KeyIO           Parsing took 0 ms 
63433      DEBUG Test worker     d.u.i.k.n.KeyIO           Load declarations of de.uka.ilkd.key.nparser.KeyAst$File:  <unknown>:1#1 
63434      INFO  Test worker     d.u.i.k.n.KeyIO           MODE: declarations took 1 ms 
63434      DEBUG Test worker     d.u.i.k.n.KeyIO           MODE: 2nd degree decls took 0 
66525      INFO  Test worker     d.u.i.k.n.KeyIO           Parsing took 0 ms 
66525      DEBUG Test worker     d.u.i.k.n.KeyIO           Load declarations of de.uka.ilkd.key.nparser.KeyAst$File:  <unknown>:1#1 
66525      INFO  Test worker     d.u.i.k.n.KeyIO           MODE: declarations took 0 ms 
66526      DEBUG Test worker     d.u.i.k.n.KeyIO           MODE: 2nd degree decls took 0 
67501      INFO  Test worker     d.u.i.k.n.KeyIO           Parsing took 0 ms 
67501      DEBUG Test worker     d.u.i.k.n.KeyIO           Load declarations of de.uka.ilkd.key.nparser.KeyAst$File:  <unknown>:1#1 
67501      INFO  Test worker     d.u.i.k.n.KeyIO           MODE: declarations took 0 ms 
67501      DEBUG Test worker     d.u.i.k.n.KeyIO           MODE: 2nd degree decls took 0 
70608      INFO  Test worker     d.u.i.k.n.KeyIO           Parsing took 0 ms 
70608      DEBUG Test worker     d.u.i.k.n.KeyIO           Load declarations of de.uka.ilkd.key.nparser.KeyAst$File:  <unknown>:1#1 
70609      INFO  Test worker     d.u.i.k.n.KeyIO           MODE: declarations took 1 ms 
70609      DEBUG Test worker     d.u.i.k.n.KeyIO           MODE: 2nd degree decls took 0 
71580      INFO  Test worker     d.u.i.k.n.KeyIO           Parsing took 1 ms 
71581      DEBUG Test worker     d.u.i.k.n.KeyIO           Load declarations of de.uka.ilkd.key.nparser.KeyAst$File:  <unknown>:1#1 
71581      INFO  Test worker     d.u.i.k.n.KeyIO           MODE: declarations took 0 ms 
71582      DEBUG Test worker     d.u.i.k.n.KeyIO           MODE: 2nd degree decls took 0 
74680      INFO  Test worker     d.u.i.k.n.KeyIO           Parsing took 0 ms 
74680      DEBUG Test worker     d.u.i.k.n.KeyIO           Load declarations of de.uka.ilkd.key.nparser.KeyAst$File:  <unknown>:1#1 
74681      INFO  Test worker     d.u.i.k.n.KeyIO           MODE: declarations took 1 ms 
74681      DEBUG Test worker     d.u.i.k.n.KeyIO           MODE: 2nd degree decls took 0 
75617      INFO  Test worker     d.u.i.k.n.KeyIO           Parsing took 0 ms 
75618      DEBUG Test worker     d.u.i.k.n.KeyIO           Load declarations of de.uka.ilkd.key.nparser.KeyAst$File:  <unknown>:1#1 
75619      INFO  Test worker     d.u.i.k.n.KeyIO           MODE: declarations took 1 ms 
75620      DEBUG Test worker     d.u.i.k.n.KeyIO           MODE: 2nd degree decls took 0 
81759      INFO  Test worker     d.u.i.k.n.KeyIO           Parsing took 0 ms 
81759      DEBUG Test worker     d.u.i.k.n.KeyIO           Load declarations of de.uka.ilkd.key.nparser.KeyAst$File:  <unknown>:1#1 
81760      INFO  Test worker     d.u.i.k.n.KeyIO           MODE: declarations took 1 ms 
81760      DEBUG Test worker     d.u.i.k.n.KeyIO           MODE: 2nd degree decls took 0 
82704      INFO  Test worker     d.u.i.k.n.KeyIO           Parsing took 0 ms 
82705      DEBUG Test worker     d.u.i.k.n.KeyIO           Load declarations of de.uka.ilkd.key.nparser.KeyAst$File:  <unknown>:1#1 
82713      INFO  Test worker     d.u.i.k.n.KeyIO           MODE: declarations took 8 ms 
82713      DEBUG Test worker     d.u.i.k.n.KeyIO           MODE: 2nd degree decls took 0 
85851      INFO  Test worker     d.u.i.k.n.KeyIO           Parsing took 0 ms 
85851      DEBUG Test worker     d.u.i.k.n.KeyIO           Load declarations of de.uka.ilkd.key.nparser.KeyAst$File:  <unknown>:1#1 
85852      INFO  Test worker     d.u.i.k.n.KeyIO           MODE: declarations took 1 ms 
85852      DEBUG Test worker     d.u.i.k.n.KeyIO           MODE: 2nd degree decls took 0 
86772      INFO  Test worker     d.u.i.k.n.KeyIO           Parsing took 0 ms 
86772      DEBUG Test worker     d.u.i.k.n.KeyIO           Load declarations of de.uka.ilkd.key.nparser.KeyAst$File:  <unknown>:1#1 
86773      INFO  Test worker     d.u.i.k.n.KeyIO           MODE: declarations took 1 ms 
86773      DEBUG Test worker     d.u.i.k.n.KeyIO           MODE: 2nd degree decls took 0 
]]></system-out>
  <system-err><![CDATA[]]></system-err>
</testsuite>
