<?xml version="1.0" encoding="UTF-8"?>
<testsuite name="de.uka.ilkd.key.rule.TestSchemaModalOperators" tests="4" skipped="0" failures="0" errors="0" timestamp="2023-05-23T10:16:02" hostname="fv-az402-454" time="1.224">
  <properties/>
  <testcase name="testSchemaModalities1()" classname="de.uka.ilkd.key.rule.TestSchemaModalOperators" time="1.198"/>
  <testcase name="testSchemaModalities2()" classname="de.uka.ilkd.key.rule.TestSchemaModalOperators" time="0.008"/>
  <testcase name="testSchemaModalities3()" classname="de.uka.ilkd.key.rule.TestSchemaModalOperators" time="0.007"/>
  <testcase name="testSchemaModalities4()" classname="de.uka.ilkd.key.rule.TestSchemaModalOperators" time="0.009"/>
  <system-out><![CDATA[480358     INFO  Test worker     d.u.i.k.n.KeyIO           Parsing took 3 ms 
480358     DEBUG Test worker     d.u.i.k.n.KeyIO           Load declarations of de.uka.ilkd.key.nparser.KeyAst$File:  /home/runner/work/key/key/key.core/src/test/resources/testcase/testrules.key:9#1 
480360     INFO  Test worker     d.u.i.k.n.KeyIO           MODE: declarations took 2 ms 
480361     DEBUG Test worker     d.u.i.k.n.KeyIO           MODE: 2nd degree decls took 1 
480387     DEBUG Test worker     d.u.i.k.n.KeyIO           MODE: taclets took 26ms 
]]></system-out>
  <system-err><![CDATA[]]></system-err>
</testsuite>
