<?xml version="1.0" encoding="UTF-8"?>
<testsuite name="de.uka.ilkd.key.parser.TestDeclParser" tests="14" skipped="2" failures="0" errors="0" timestamp="2023-05-26T22:23:58" hostname="fv-az456-882" time="13.06">
  <properties/>
  <testcase name="testGenericSortDecl1()" classname="de.uka.ilkd.key.parser.TestDeclParser" time="1.084"/>
  <testcase name="testGenericSortDecl2()" classname="de.uka.ilkd.key.parser.TestDeclParser" time="1.065"/>
  <testcase name="testGenericSortDecl3()" classname="de.uka.ilkd.key.parser.TestDeclParser" time="1.118"/>
  <testcase name="testGenericSortDecl4()" classname="de.uka.ilkd.key.parser.TestDeclParser" time="1.079"/>
  <testcase name="testGenericSortDecl5()" classname="de.uka.ilkd.key.parser.TestDeclParser" time="0.0">
    <skipped/>
  </testcase>
  <testcase name="testGenericSortDecl6()" classname="de.uka.ilkd.key.parser.TestDeclParser" time="1.045"/>
  <testcase name="testSortDecl()" classname="de.uka.ilkd.key.parser.TestDeclParser" time="1.044"/>
  <testcase name="testProxySortDecl()" classname="de.uka.ilkd.key.parser.TestDeclParser" time="1.095"/>
  <testcase name="testArrayDecl()" classname="de.uka.ilkd.key.parser.TestDeclParser" time="1.071"/>
  <testcase name="testAmbiguousDecls()" classname="de.uka.ilkd.key.parser.TestDeclParser" time="0.0">
    <skipped/>
  </testcase>
  <testcase name="testHeurDecl()" classname="de.uka.ilkd.key.parser.TestDeclParser" time="1.085"/>
  <testcase name="testFunctionDecl()" classname="de.uka.ilkd.key.parser.TestDeclParser" time="1.096"/>
  <testcase name="testPredicateDecl()" classname="de.uka.ilkd.key.parser.TestDeclParser" time="1.061"/>
  <testcase name="testSVDecl()" classname="de.uka.ilkd.key.parser.TestDeclParser" time="1.212"/>
  <system-out><![CDATA[236786     INFO  Test worker     d.u.i.k.n.KeyIO           Parsing took 0 ms 
236786     DEBUG Test worker     d.u.i.k.n.KeyIO           Load declarations of de.uka.ilkd.key.nparser.KeyAst$File:  <unknown>:1#1 
236786     INFO  Test worker     d.u.i.k.n.KeyIO           MODE: declarations took 0 ms 
236786     DEBUG Test worker     d.u.i.k.n.KeyIO           MODE: 2nd degree decls took 0 
236786     DEBUG Test worker     d.u.i.k.n.KeyIO           MODE: taclets took 0ms 
237853     INFO  Test worker     d.u.i.k.n.KeyIO           Parsing took 0 ms 
237853     DEBUG Test worker     d.u.i.k.n.KeyIO           Load declarations of de.uka.ilkd.key.nparser.KeyAst$File:  <unknown>:1#1 
237853     INFO  Test worker     d.u.i.k.n.KeyIO           MODE: declarations took 0 ms 
237853     DEBUG Test worker     d.u.i.k.n.KeyIO           MODE: 2nd degree decls took 0 
237853     DEBUG Test worker     d.u.i.k.n.KeyIO           MODE: taclets took 0ms 
238979     INFO  Test worker     d.u.i.k.n.KeyIO           Parsing took 0 ms 
238979     DEBUG Test worker     d.u.i.k.n.KeyIO           Load declarations of de.uka.ilkd.key.nparser.KeyAst$File:  <unknown>:1#1 
238979     INFO  Test worker     d.u.i.k.n.KeyIO           MODE: declarations took 0 ms 
238979     DEBUG Test worker     d.u.i.k.n.KeyIO           MODE: 2nd degree decls took 0 
238979     DEBUG Test worker     d.u.i.k.n.KeyIO           MODE: taclets took 0ms 
240050     INFO  Test worker     d.u.i.k.n.KeyIO           Parsing took 0 ms 
240050     DEBUG Test worker     d.u.i.k.n.KeyIO           Load declarations of de.uka.ilkd.key.nparser.KeyAst$File:  <unknown>:1#1 
240050     INFO  Test worker     d.u.i.k.n.KeyIO           MODE: declarations took 0 ms 
240050     DEBUG Test worker     d.u.i.k.n.KeyIO           MODE: 2nd degree decls took 0 
240050     DEBUG Test worker     d.u.i.k.n.KeyIO           MODE: taclets took 0ms 
241098     INFO  Test worker     d.u.i.k.n.KeyIO           Parsing took 0 ms 
241098     DEBUG Test worker     d.u.i.k.n.KeyIO           Load declarations of de.uka.ilkd.key.nparser.KeyAst$File:  <unknown>:1#1 
241098     INFO  Test worker     d.u.i.k.n.KeyIO           MODE: declarations took 0 ms 
241098     DEBUG Test worker     d.u.i.k.n.KeyIO           MODE: 2nd degree decls took 0 
241098     DEBUG Test worker     d.u.i.k.n.KeyIO           MODE: taclets took 0ms 
242145     INFO  Test worker     d.u.i.k.n.KeyIO           Parsing took 0 ms 
242145     DEBUG Test worker     d.u.i.k.n.KeyIO           Load declarations of de.uka.ilkd.key.nparser.KeyAst$File:  <unknown>:1#1 
242145     INFO  Test worker     d.u.i.k.n.KeyIO           MODE: declarations took 0 ms 
242145     DEBUG Test worker     d.u.i.k.n.KeyIO           MODE: 2nd degree decls took 0 
242145     DEBUG Test worker     d.u.i.k.n.KeyIO           MODE: taclets took 0ms 
243242     INFO  Test worker     d.u.i.k.n.KeyIO           Parsing took 0 ms 
243242     DEBUG Test worker     d.u.i.k.n.KeyIO           Load declarations of de.uka.ilkd.key.nparser.KeyAst$File:  <unknown>:1#1 
243242     INFO  Test worker     d.u.i.k.n.KeyIO           MODE: declarations took 0 ms 
243242     DEBUG Test worker     d.u.i.k.n.KeyIO           MODE: 2nd degree decls took 0 
243242     DEBUG Test worker     d.u.i.k.n.KeyIO           MODE: taclets took 0ms 
244309     INFO  Test worker     d.u.i.k.n.KeyIO           Parsing took 0 ms 
244309     DEBUG Test worker     d.u.i.k.n.KeyIO           Load declarations of de.uka.ilkd.key.nparser.KeyAst$File:  <unknown>:1#1 
244309     INFO  Test worker     d.u.i.k.n.KeyIO           MODE: declarations took 0 ms 
244309     DEBUG Test worker     d.u.i.k.n.KeyIO           MODE: 2nd degree decls took 0 
244309     DEBUG Test worker     d.u.i.k.n.KeyIO           MODE: taclets took 0ms 
245395     INFO  Test worker     d.u.i.k.n.KeyIO           Parsing took 0 ms 
245395     DEBUG Test worker     d.u.i.k.n.KeyIO           Load declarations of de.uka.ilkd.key.nparser.KeyAst$File:  <unknown>:1#1 
245395     INFO  Test worker     d.u.i.k.n.KeyIO           MODE: declarations took 0 ms 
245395     DEBUG Test worker     d.u.i.k.n.KeyIO           MODE: 2nd degree decls took 0 
245395     DEBUG Test worker     d.u.i.k.n.KeyIO           MODE: taclets took 0ms 
246488     INFO  Test worker     d.u.i.k.n.KeyIO           Parsing took 0 ms 
246488     DEBUG Test worker     d.u.i.k.n.KeyIO           Load declarations of de.uka.ilkd.key.nparser.KeyAst$File:  <unknown>:1#1 
246488     INFO  Test worker     d.u.i.k.n.KeyIO           MODE: declarations took 0 ms 
246488     DEBUG Test worker     d.u.i.k.n.KeyIO           MODE: 2nd degree decls took 0 
246488     DEBUG Test worker     d.u.i.k.n.KeyIO           MODE: taclets took 0ms 
247552     INFO  Test worker     d.u.i.k.n.KeyIO           Parsing took 0 ms 
247552     DEBUG Test worker     d.u.i.k.n.KeyIO           Load declarations of de.uka.ilkd.key.nparser.KeyAst$File:  <unknown>:1#1 
247552     INFO  Test worker     d.u.i.k.n.KeyIO           MODE: declarations took 0 ms 
247552     DEBUG Test worker     d.u.i.k.n.KeyIO           MODE: 2nd degree decls took 0 
247552     DEBUG Test worker     d.u.i.k.n.KeyIO           MODE: taclets took 0ms 
248764     INFO  Test worker     d.u.i.k.n.KeyIO           Parsing took 0 ms 
248764     DEBUG Test worker     d.u.i.k.n.KeyIO           Load declarations of de.uka.ilkd.key.nparser.KeyAst$File:  <unknown>:1#1 
248764     INFO  Test worker     d.u.i.k.n.KeyIO           MODE: declarations took 0 ms 
248764     DEBUG Test worker     d.u.i.k.n.KeyIO           MODE: 2nd degree decls took 0 
248764     DEBUG Test worker     d.u.i.k.n.KeyIO           MODE: taclets took 0ms 
]]></system-out>
  <system-err><![CDATA[]]></system-err>
</testsuite>
