<?xml version="1.0" encoding="UTF-8"?>
<testsuite name="de.uka.ilkd.key.util.TestProofStarter" tests="2" skipped="0" failures="0" errors="0" timestamp="2023-05-26T22:35:26" hostname="fv-az456-882" time="63.516">
  <properties/>
  <testcase name="testDirectProofWithOneStepSimplification()" classname="de.uka.ilkd.key.util.TestProofStarter" time="33.206"/>
  <testcase name="testDirectProof()" classname="de.uka.ilkd.key.util.TestProofStarter" time="30.31"/>
  <system-out><![CDATA[923637     INFO  Test worker     d.u.i.k.p.i.AbstractProblemLoader Loading environment from src\test\resources\testcase\proofStarter\CC\project.key 
923637     DEBUG Test worker     d.u.i.k.p.i.AbstractProblemLoader Environment load took 163.5ns 
923653     INFO  Test worker     d.u.i.k.p.i.AbstractProblemLoader Creating init config 
927043     DEBUG Test worker     d.u.i.k.p.i.AbstractProblemLoader Init config took 3.39s 
927090     INFO  Test worker     d.u.i.k.p.i.AbstractProblemLoader Replaying proof CC[CC::calcCoinIndex([I,[I)].JML normal_behavior operation contract.0 
927107     DEBUG Test worker     d.u.i.k.p.i.IntermediateProofReplayer Proof replay took 1.8ns 
956822     INFO  Test worker     d.u.i.k.p.i.AbstractProblemLoader Loading environment from src\test\resources\testcase\proofStarter\CC\project.key 
956822     DEBUG Test worker     d.u.i.k.p.i.AbstractProblemLoader Environment load took 360.9ns 
956822     INFO  Test worker     d.u.i.k.p.i.AbstractProblemLoader Creating init config 
960245     DEBUG Test worker     d.u.i.k.p.i.AbstractProblemLoader Init config took 3.42s 
960417     INFO  Test worker     d.u.i.k.p.i.AbstractProblemLoader Replaying proof CC[CC::calcCoinIndex([I,[I)].JML normal_behavior operation contract.0 
960417     DEBUG Test worker     d.u.i.k.p.i.IntermediateProofReplayer Proof replay took 2.2ns 
]]></system-out>
  <system-err><![CDATA[]]></system-err>
</testsuite>
