<?xml version="1.0" encoding="UTF-8"?>
<testsuite name="de.uka.ilkd.key.taclettranslation.TestTacletTranslator" tests="5" skipped="0" failures="0" errors="0" timestamp="2023-05-26T22:35:11" hostname="fv-az456-882" time="0.026">
  <properties/>
  <testcase name="testPropositional1()" classname="de.uka.ilkd.key.taclettranslation.TestTacletTranslator" time="0.014"/>
  <testcase name="testPropositional2()" classname="de.uka.ilkd.key.taclettranslation.TestTacletTranslator" time="0.003"/>
  <testcase name="testNegativePolarity()" classname="de.uka.ilkd.key.taclettranslation.TestTacletTranslator" time="0.003"/>
  <testcase name="testNoPolarity()" classname="de.uka.ilkd.key.taclettranslation.TestTacletTranslator" time="0.003"/>
  <testcase name="testPositivePolarity()" classname="de.uka.ilkd.key.taclettranslation.TestTacletTranslator" time="0.003"/>
  <system-out><![CDATA[908469     INFO  Test worker     d.u.i.k.n.KeyIO           Parsing took 0 ms 
908469     DEBUG Test worker     d.u.i.k.n.KeyIO           Load declarations of de.uka.ilkd.key.nparser.KeyAst$File:  <unknown>:1#1 
908469     INFO  Test worker     d.u.i.k.n.KeyIO           MODE: declarations took 0 ms 
908469     DEBUG Test worker     d.u.i.k.n.KeyIO           MODE: 2nd degree decls took 0 
908469     DEBUG Test worker     d.u.i.k.n.KeyIO           MODE: taclets took 0ms 
908484     INFO  Test worker     d.u.i.k.n.KeyIO           Parsing took 0 ms 
908484     DEBUG Test worker     d.u.i.k.n.KeyIO           Load declarations of de.uka.ilkd.key.nparser.KeyAst$File:  <unknown>:1#1 
908484     INFO  Test worker     d.u.i.k.n.KeyIO           MODE: declarations took 0 ms 
908484     DEBUG Test worker     d.u.i.k.n.KeyIO           MODE: 2nd degree decls took 0 
908484     DEBUG Test worker     d.u.i.k.n.KeyIO           MODE: taclets took 0ms 
908484     INFO  Test worker     d.u.i.k.n.KeyIO           Parsing took 0 ms 
908484     DEBUG Test worker     d.u.i.k.n.KeyIO           Load declarations of de.uka.ilkd.key.nparser.KeyAst$File:  <unknown>:1#1 
908484     INFO  Test worker     d.u.i.k.n.KeyIO           MODE: declarations took 0 ms 
908484     DEBUG Test worker     d.u.i.k.n.KeyIO           MODE: 2nd degree decls took 0 
908484     DEBUG Test worker     d.u.i.k.n.KeyIO           MODE: taclets took 0ms 
908500     INFO  Test worker     d.u.i.k.n.KeyIO           Parsing took 16 ms 
908500     DEBUG Test worker     d.u.i.k.n.KeyIO           Load declarations of de.uka.ilkd.key.nparser.KeyAst$File:  <unknown>:1#1 
908500     INFO  Test worker     d.u.i.k.n.KeyIO           MODE: declarations took 0 ms 
908500     DEBUG Test worker     d.u.i.k.n.KeyIO           MODE: 2nd degree decls took 0 
908500     DEBUG Test worker     d.u.i.k.n.KeyIO           MODE: taclets took 0ms 
908500     INFO  Test worker     d.u.i.k.n.KeyIO           Parsing took 0 ms 
908500     DEBUG Test worker     d.u.i.k.n.KeyIO           Load declarations of de.uka.ilkd.key.nparser.KeyAst$File:  <unknown>:1#1 
908500     INFO  Test worker     d.u.i.k.n.KeyIO           MODE: declarations took 0 ms 
908500     DEBUG Test worker     d.u.i.k.n.KeyIO           MODE: 2nd degree decls took 0 
908500     DEBUG Test worker     d.u.i.k.n.KeyIO           MODE: taclets took 0ms 
]]></system-out>
  <system-err><![CDATA[]]></system-err>
</testsuite>
