<?xml version="1.0" encoding="UTF-8"?>
<testsuite name="de.uka.ilkd.key.proof.io.consistency.TestProofBundleIO" tests="3" skipped="0" failures="0" errors="0" timestamp="2023-05-26T22:28:21" hostname="fv-az456-882" time="8.471">
  <properties/>
  <testcase name="testSimpleFileRepo()" classname="de.uka.ilkd.key.proof.io.consistency.TestProofBundleIO" time="0.074"/>
  <testcase name="testComplexBundleGeneration()" classname="de.uka.ilkd.key.proof.io.consistency.TestProofBundleIO" time="1.501"/>
  <testcase name="testSimpleBundleGeneration()" classname="de.uka.ilkd.key.proof.io.consistency.TestProofBundleIO" time="6.896"/>
  <system-out><![CDATA[498435     INFO  Test worker     d.u.i.k.p.i.AbstractProblemLoader Loading environment from D:\a\key\key\key.core\src\test\resources\testcase\proofBundle\complexBundleGeneration\test.key 
498435     DEBUG Test worker     d.u.i.k.p.i.AbstractProblemLoader Environment load took 140.1ns 
498435     INFO  Test worker     d.u.i.k.p.i.AbstractProblemLoader Creating init config 
498966     DEBUG Test worker     d.u.i.k.p.i.AbstractProblemLoader Init config took 524.33ms 
498997     INFO  Test worker     d.u.i.k.p.i.AbstractProblemLoader Replaying proof Test[Test::constant()].JML normal_behavior operation contract.0 
498997     DEBUG Test worker     d.u.i.k.p.i.IntermediateProofReplayer Proof replay took 7.8ns 
499331     INFO  Test worker     d.u.i.k.p.i.AbstractProblemLoader Loading environment from D:\a\key\key\key.core\src\test\resources\testcase\proofBundle\complexBundleGeneration\test.zproof 
499378     DEBUG Test worker     d.u.i.k.p.i.AbstractProblemLoader Environment load took 43.53ms 
499378     INFO  Test worker     d.u.i.k.p.i.AbstractProblemLoader Creating init config 
499862     DEBUG Test worker     d.u.i.k.p.i.AbstractProblemLoader Init config took 484ms 
499909     INFO  Test worker     d.u.i.k.p.i.AbstractProblemLoader Replaying proof Test[Test::constant()].JML normal_behavior operation contract.0 
499925     DEBUG Test worker     d.u.i.k.p.i.IntermediateProofReplayer Proof replay took 23.27ms 
499942     INFO  Test worker     d.u.i.k.p.i.AbstractProblemLoader Loading environment from D:\a\key\key\key.core\src\test\resources\testcase\proofBundle\simpleBundleGeneration\test.key 
499942     DEBUG Test worker     d.u.i.k.p.i.AbstractProblemLoader Environment load took 142.2ns 
499944     INFO  Test worker     d.u.i.k.p.i.AbstractProblemLoader Creating init config 
503260     DEBUG Test worker     d.u.i.k.p.i.AbstractProblemLoader Init config took 3.32s 
503307     INFO  Test worker     d.u.i.k.p.i.AbstractProblemLoader Replaying proof Test[Test::constant()].JML normal_behavior operation contract.0 
503307     DEBUG Test worker     d.u.i.k.p.i.IntermediateProofReplayer Proof replay took 10.4ns 
503422     INFO  Test worker     d.u.i.k.p.i.AbstractProblemLoader Loading environment from D:\a\key\key\key.core\src\test\resources\testcase\proofBundle\simpleBundleGeneration\test.zproof 
503438     DEBUG Test worker     d.u.i.k.p.i.AbstractProblemLoader Environment load took 4.22ms 
503438     INFO  Test worker     d.u.i.k.p.i.AbstractProblemLoader Creating init config 
506724     DEBUG Test worker     d.u.i.k.p.i.AbstractProblemLoader Init config took 3.29s 
506787     INFO  Test worker     d.u.i.k.p.i.AbstractProblemLoader Replaying proof Test[Test::constant()].JML normal_behavior operation contract.0 
506802     DEBUG Test worker     d.u.i.k.p.i.IntermediateProofReplayer Proof replay took 11.91ms 
]]></system-out>
  <system-err><![CDATA[]]></system-err>
</testsuite>
