<?xml version="1.0" encoding="UTF-8"?>
<testsuite name="de.uka.ilkd.key.proof.TestOneStepSimplifier" tests="1" skipped="0" failures="0" errors="0" timestamp="2023-05-26T22:28:06" hostname="fv-az456-882" time="4.774">
  <properties/>
  <testcase name="loadWithRestriction()" classname="de.uka.ilkd.key.proof.TestOneStepSimplifier" time="4.774"/>
  <system-out><![CDATA[484237     INFO  Test worker     d.u.i.k.p.i.AbstractProblemLoader Loading environment from src\test\resources\testcase\ossRestriction.proof 
484237     DEBUG Test worker     d.u.i.k.p.i.AbstractProblemLoader Environment load took 125.1ns 
484237     INFO  Test worker     d.u.i.k.p.i.AbstractProblemLoader Creating init config 
484362     DEBUG Test worker     d.u.i.k.j.TypeConverter   No LDT found for Meta 
484362     DEBUG Test worker     d.u.i.k.j.TypeConverter   No LDT found for Meta 
484362     DEBUG Test worker     d.u.i.k.j.TypeConverter   No LDT found for Meta 
484362     DEBUG Test worker     d.u.i.k.j.TypeConverter   No LDT found for Meta 
484996     DEBUG Test worker     d.u.i.k.j.TypeConverter   No LDT found for JavaBigintExpression 
488676     DEBUG Test worker     d.u.i.k.p.i.AbstractProblemLoader Init config took 4.44s 
489004     INFO  Test worker     d.u.i.k.p.i.AbstractProblemLoader Replaying proof ossRestriction.proof 
489019     DEBUG Test worker     d.u.i.k.p.i.IntermediateProofReplayer Proof replay took 1.17ms 
]]></system-out>
  <system-err><![CDATA[]]></system-err>
</testsuite>
