<?xml version="1.0" encoding="UTF-8"?>
<testsuite name="de.uka.ilkd.key.proof.io.TestZipProofSaving" tests="1" skipped="0" failures="0" errors="0" timestamp="2023-05-26T22:28:12" hostname="fv-az456-882" time="8.061">
  <properties/>
  <testcase name="testZip()" classname="de.uka.ilkd.key.proof.io.TestZipProofSaving" time="8.061"/>
  <system-out><![CDATA[490301     INFO  Test worker     d.u.i.k.p.i.AbstractProblemLoader Loading environment from C:\Users\RUNNER~1\AppData\Local\Temp\keyZipTest1110304216230573169.key 
490301     DEBUG Test worker     d.u.i.k.p.i.AbstractProblemLoader Environment load took 6.23ms 
490301     INFO  Test worker     d.u.i.k.p.i.AbstractProblemLoader Creating init config 
490426     DEBUG Test worker     d.u.i.k.j.TypeConverter   No LDT found for Meta 
490426     DEBUG Test worker     d.u.i.k.j.TypeConverter   No LDT found for Meta 
490426     DEBUG Test worker     d.u.i.k.j.TypeConverter   No LDT found for Meta 
490442     DEBUG Test worker     d.u.i.k.j.TypeConverter   No LDT found for Meta 
491132     DEBUG Test worker     d.u.i.k.j.TypeConverter   No LDT found for JavaBigintExpression 
494863     DEBUG Test worker     d.u.i.k.p.i.AbstractProblemLoader Init config took 4.56s 
494894     INFO  Test worker     d.u.i.k.p.i.AbstractProblemLoader Replaying proof keyZipTest1110304216230573169.key 
494894     DEBUG Test worker     d.u.i.k.p.i.IntermediateProofReplayer Proof replay took 8.8ns 
495025     INFO  Test worker     d.u.i.k.p.i.AbstractProblemLoader Loading environment from C:\Users\RUNNER~1\AppData\Local\Temp\keyZipTest14684903211955768297.proof.gz 
495025     DEBUG Test worker     d.u.i.k.p.i.AbstractProblemLoader Environment load took 890.4ns 
495025     INFO  Test worker     d.u.i.k.p.i.AbstractProblemLoader Creating init config 
498229     DEBUG Test worker     d.u.i.k.p.i.AbstractProblemLoader Init config took 3.2s 
498245     INFO  Test worker     d.u.i.k.p.i.AbstractProblemLoader Replaying proof keyZipTest14684903211955768297.proof.gz 
498245     DEBUG Test worker     d.u.i.k.p.i.IntermediateProofReplayer Proof replay took 4.78ms 
]]></system-out>
  <system-err><![CDATA[]]></system-err>
</testsuite>
