<?xml version="1.0" encoding="UTF-8"?>
<testsuite name="de.uka.ilkd.key.logic.TestClashFreeSubst" tests="14" skipped="2" failures="0" errors="0" timestamp="2023-05-26T22:20:43" hostname="fv-az456-882" time="54.351">
  <properties/>
  <testcase name="testMultiShareBound()" classname="de.uka.ilkd.key.logic.TestClashFreeSubst" time="1.068"/>
  <testcase name="testClash()" classname="de.uka.ilkd.key.logic.TestClashFreeSubst" time="1.029"/>
  <testcase name="testShare()" classname="de.uka.ilkd.key.logic.TestClashFreeSubst" time="1.098"/>
  <testcase name="testSubst()" classname="de.uka.ilkd.key.logic.TestClashFreeSubst" time="0.989"/>
  <testcase name="testWary0()" classname="de.uka.ilkd.key.logic.TestClashFreeSubst" time="1.027"/>
  <testcase name="testWary1()" classname="de.uka.ilkd.key.logic.TestClashFreeSubst" time="1.033"/>
  <testcase name="testWary2()" classname="de.uka.ilkd.key.logic.TestClashFreeSubst" time="0.988"/>
  <testcase name="testClashInSubstTerm()" classname="de.uka.ilkd.key.logic.TestClashFreeSubst" time="0.988"/>
  <testcase name="testShareWary()" classname="de.uka.ilkd.key.logic.TestClashFreeSubst" time="1.031"/>
  <testcase name="testMultiSubst()" classname="de.uka.ilkd.key.logic.TestClashFreeSubst" time="0.979"/>
  <testcase name="xtestMultiClash()" classname="de.uka.ilkd.key.logic.TestClashFreeSubst" time="0.0">
    <skipped/>
  </testcase>
  <testcase name="testSubstInSubstTerm()" classname="de.uka.ilkd.key.logic.TestClashFreeSubst" time="0.995"/>
  <testcase name="testSubstWary()" classname="de.uka.ilkd.key.logic.TestClashFreeSubst" time="0.999"/>
  <testcase name="xtestMultiClash1()" classname="de.uka.ilkd.key.logic.TestClashFreeSubst" time="0.001">
    <skipped/>
  </testcase>
  <system-out><![CDATA[40781      INFO  Test worker     d.u.i.k.n.KeyIO           Parsing took 0 ms 
40781      DEBUG Test worker     d.u.i.k.n.KeyIO           Load declarations of de.uka.ilkd.key.nparser.KeyAst$File:  <unknown>:1#1 
40781      INFO  Test worker     d.u.i.k.n.KeyIO           MODE: declarations took 0 ms 
40781      DEBUG Test worker     d.u.i.k.n.KeyIO           MODE: 2nd degree decls took 0 
41838      INFO  Test worker     d.u.i.k.n.KeyIO           Parsing took 0 ms 
41838      DEBUG Test worker     d.u.i.k.n.KeyIO           Load declarations of de.uka.ilkd.key.nparser.KeyAst$File:  <unknown>:1#1 
41838      INFO  Test worker     d.u.i.k.n.KeyIO           MODE: declarations took 0 ms 
41838      DEBUG Test worker     d.u.i.k.n.KeyIO           MODE: 2nd degree decls took 0 
45229      INFO  Test worker     d.u.i.k.n.KeyIO           Parsing took 0 ms 
45229      DEBUG Test worker     d.u.i.k.n.KeyIO           Load declarations of de.uka.ilkd.key.nparser.KeyAst$File:  <unknown>:1#1 
45229      INFO  Test worker     d.u.i.k.n.KeyIO           MODE: declarations took 0 ms 
45229      DEBUG Test worker     d.u.i.k.n.KeyIO           MODE: 2nd degree decls took 0 
46245      INFO  Test worker     d.u.i.k.n.KeyIO           Parsing took 0 ms 
46245      DEBUG Test worker     d.u.i.k.n.KeyIO           Load declarations of de.uka.ilkd.key.nparser.KeyAst$File:  <unknown>:1#1 
46245      INFO  Test worker     d.u.i.k.n.KeyIO           MODE: declarations took 0 ms 
46245      DEBUG Test worker     d.u.i.k.n.KeyIO           MODE: 2nd degree decls took 0 
49640      INFO  Test worker     d.u.i.k.n.KeyIO           Parsing took 0 ms 
49640      DEBUG Test worker     d.u.i.k.n.KeyIO           Load declarations of de.uka.ilkd.key.nparser.KeyAst$File:  <unknown>:1#1 
49640      INFO  Test worker     d.u.i.k.n.KeyIO           MODE: declarations took 0 ms 
49656      DEBUG Test worker     d.u.i.k.n.KeyIO           MODE: 2nd degree decls took 0 
50730      INFO  Test worker     d.u.i.k.n.KeyIO           Parsing took 0 ms 
50730      DEBUG Test worker     d.u.i.k.n.KeyIO           Load declarations of de.uka.ilkd.key.nparser.KeyAst$File:  <unknown>:1#1 
50730      INFO  Test worker     d.u.i.k.n.KeyIO           MODE: declarations took 0 ms 
50730      DEBUG Test worker     d.u.i.k.n.KeyIO           MODE: 2nd degree decls took 0 
54056      INFO  Test worker     d.u.i.k.n.KeyIO           Parsing took 0 ms 
54056      DEBUG Test worker     d.u.i.k.n.KeyIO           Load declarations of de.uka.ilkd.key.nparser.KeyAst$File:  <unknown>:1#1 
54056      INFO  Test worker     d.u.i.k.n.KeyIO           MODE: declarations took 0 ms 
54056      DEBUG Test worker     d.u.i.k.n.KeyIO           MODE: 2nd degree decls took 0 
55033      INFO  Test worker     d.u.i.k.n.KeyIO           Parsing took 0 ms 
55033      DEBUG Test worker     d.u.i.k.n.KeyIO           Load declarations of de.uka.ilkd.key.nparser.KeyAst$File:  <unknown>:1#1 
55033      INFO  Test worker     d.u.i.k.n.KeyIO           MODE: declarations took 0 ms 
55033      DEBUG Test worker     d.u.i.k.n.KeyIO           MODE: 2nd degree decls took 0 
58378      INFO  Test worker     d.u.i.k.n.KeyIO           Parsing took 0 ms 
58378      DEBUG Test worker     d.u.i.k.n.KeyIO           Load declarations of de.uka.ilkd.key.nparser.KeyAst$File:  <unknown>:1#1 
58378      INFO  Test worker     d.u.i.k.n.KeyIO           MODE: declarations took 0 ms 
58378      DEBUG Test worker     d.u.i.k.n.KeyIO           MODE: 2nd degree decls took 0 
59399      INFO  Test worker     d.u.i.k.n.KeyIO           Parsing took 0 ms 
59399      DEBUG Test worker     d.u.i.k.n.KeyIO           Load declarations of de.uka.ilkd.key.nparser.KeyAst$File:  <unknown>:1#1 
59399      INFO  Test worker     d.u.i.k.n.KeyIO           MODE: declarations took 0 ms 
59399      DEBUG Test worker     d.u.i.k.n.KeyIO           MODE: 2nd degree decls took 0 
62676      INFO  Test worker     d.u.i.k.n.KeyIO           Parsing took 0 ms 
62676      DEBUG Test worker     d.u.i.k.n.KeyIO           Load declarations of de.uka.ilkd.key.nparser.KeyAst$File:  <unknown>:1#1 
62676      INFO  Test worker     d.u.i.k.n.KeyIO           MODE: declarations took 0 ms 
62676      DEBUG Test worker     d.u.i.k.n.KeyIO           MODE: 2nd degree decls took 0 
63696      INFO  Test worker     d.u.i.k.n.KeyIO           Parsing took 0 ms 
63696      DEBUG Test worker     d.u.i.k.n.KeyIO           Load declarations of de.uka.ilkd.key.nparser.KeyAst$File:  <unknown>:1#1 
63696      INFO  Test worker     d.u.i.k.n.KeyIO           MODE: declarations took 0 ms 
63696      DEBUG Test worker     d.u.i.k.n.KeyIO           MODE: 2nd degree decls took 0 
66865      INFO  Test worker     d.u.i.k.n.KeyIO           Parsing took 0 ms 
66865      DEBUG Test worker     d.u.i.k.n.KeyIO           Load declarations of de.uka.ilkd.key.nparser.KeyAst$File:  <unknown>:1#1 
66865      INFO  Test worker     d.u.i.k.n.KeyIO           MODE: declarations took 0 ms 
66865      DEBUG Test worker     d.u.i.k.n.KeyIO           MODE: 2nd degree decls took 0 
67850      INFO  Test worker     d.u.i.k.n.KeyIO           Parsing took 0 ms 
67850      DEBUG Test worker     d.u.i.k.n.KeyIO           Load declarations of de.uka.ilkd.key.nparser.KeyAst$File:  <unknown>:1#1 
67850      INFO  Test worker     d.u.i.k.n.KeyIO           MODE: declarations took 0 ms 
67850      DEBUG Test worker     d.u.i.k.n.KeyIO           MODE: 2nd degree decls took 0 
71139      INFO  Test worker     d.u.i.k.n.KeyIO           Parsing took 0 ms 
71139      DEBUG Test worker     d.u.i.k.n.KeyIO           Load declarations of de.uka.ilkd.key.nparser.KeyAst$File:  <unknown>:1#1 
71139      INFO  Test worker     d.u.i.k.n.KeyIO           MODE: declarations took 0 ms 
71139      DEBUG Test worker     d.u.i.k.n.KeyIO           MODE: 2nd degree decls took 0 
72129      INFO  Test worker     d.u.i.k.n.KeyIO           Parsing took 0 ms 
72129      DEBUG Test worker     d.u.i.k.n.KeyIO           Load declarations of de.uka.ilkd.key.nparser.KeyAst$File:  <unknown>:1#1 
72129      INFO  Test worker     d.u.i.k.n.KeyIO           MODE: declarations took 0 ms 
72129      DEBUG Test worker     d.u.i.k.n.KeyIO           MODE: 2nd degree decls took 0 
75402      INFO  Test worker     d.u.i.k.n.KeyIO           Parsing took 0 ms 
75402      DEBUG Test worker     d.u.i.k.n.KeyIO           Load declarations of de.uka.ilkd.key.nparser.KeyAst$File:  <unknown>:1#1 
75402      INFO  Test worker     d.u.i.k.n.KeyIO           MODE: declarations took 0 ms 
75402      DEBUG Test worker     d.u.i.k.n.KeyIO           MODE: 2nd degree decls took 0 
76419      INFO  Test worker     d.u.i.k.n.KeyIO           Parsing took 0 ms 
76419      DEBUG Test worker     d.u.i.k.n.KeyIO           Load declarations of de.uka.ilkd.key.nparser.KeyAst$File:  <unknown>:1#1 
76419      INFO  Test worker     d.u.i.k.n.KeyIO           MODE: declarations took 0 ms 
76419      DEBUG Test worker     d.u.i.k.n.KeyIO           MODE: 2nd degree decls took 0 
79618      INFO  Test worker     d.u.i.k.n.KeyIO           Parsing took 0 ms 
79618      DEBUG Test worker     d.u.i.k.n.KeyIO           Load declarations of de.uka.ilkd.key.nparser.KeyAst$File:  <unknown>:1#1 
79618      INFO  Test worker     d.u.i.k.n.KeyIO           MODE: declarations took 0 ms 
79618      DEBUG Test worker     d.u.i.k.n.KeyIO           MODE: 2nd degree decls took 0 
80592      INFO  Test worker     d.u.i.k.n.KeyIO           Parsing took 0 ms 
80593      DEBUG Test worker     d.u.i.k.n.KeyIO           Load declarations of de.uka.ilkd.key.nparser.KeyAst$File:  <unknown>:1#1 
80593      INFO  Test worker     d.u.i.k.n.KeyIO           MODE: declarations took 0 ms 
80593      DEBUG Test worker     d.u.i.k.n.KeyIO           MODE: 2nd degree decls took 0 
86841      INFO  Test worker     d.u.i.k.n.KeyIO           Parsing took 0 ms 
86841      DEBUG Test worker     d.u.i.k.n.KeyIO           Load declarations of de.uka.ilkd.key.nparser.KeyAst$File:  <unknown>:1#1 
86856      INFO  Test worker     d.u.i.k.n.KeyIO           MODE: declarations took 15 ms 
86856      DEBUG Test worker     d.u.i.k.n.KeyIO           MODE: 2nd degree decls took 0 
87828      INFO  Test worker     d.u.i.k.n.KeyIO           Parsing took 0 ms 
87828      DEBUG Test worker     d.u.i.k.n.KeyIO           Load declarations of de.uka.ilkd.key.nparser.KeyAst$File:  <unknown>:1#1 
87828      INFO  Test worker     d.u.i.k.n.KeyIO           MODE: declarations took 0 ms 
87828      DEBUG Test worker     d.u.i.k.n.KeyIO           MODE: 2nd degree decls took 0 
91011      INFO  Test worker     d.u.i.k.n.KeyIO           Parsing took 0 ms 
91011      DEBUG Test worker     d.u.i.k.n.KeyIO           Load declarations of de.uka.ilkd.key.nparser.KeyAst$File:  <unknown>:1#1 
91011      INFO  Test worker     d.u.i.k.n.KeyIO           MODE: declarations took 0 ms 
91011      DEBUG Test worker     d.u.i.k.n.KeyIO           MODE: 2nd degree decls took 0 
92001      INFO  Test worker     d.u.i.k.n.KeyIO           Parsing took 0 ms 
92001      DEBUG Test worker     d.u.i.k.n.KeyIO           Load declarations of de.uka.ilkd.key.nparser.KeyAst$File:  <unknown>:1#1 
92001      INFO  Test worker     d.u.i.k.n.KeyIO           MODE: declarations took 0 ms 
92001      DEBUG Test worker     d.u.i.k.n.KeyIO           MODE: 2nd degree decls took 0 
]]></system-out>
  <system-err><![CDATA[]]></system-err>
</testsuite>
