<?xml version="1.0" encoding="UTF-8"?>
<testsuite name="de.uka.ilkd.key.rule.merge.PredicateAbstractionLatticeTests" tests="3" skipped="0" failures="0" errors="0" timestamp="2023-05-26T22:30:14" hostname="fv-az456-882" time="6.534">
  <properties/>
  <testcase name="testToAndFromString()" classname="de.uka.ilkd.key.rule.merge.PredicateAbstractionLatticeTests" time="3.298"/>
  <testcase name="testCreateSignLatticeWithPredicates()" classname="de.uka.ilkd.key.rule.merge.PredicateAbstractionLatticeTests" time="3.236"/>
  <testcase name="testTrivialPredicatesLattice()" classname="de.uka.ilkd.key.rule.merge.PredicateAbstractionLatticeTests" time="0.0"/>
  <system-out><![CDATA[611551     INFO  Test worker     d.u.i.k.p.i.AbstractProblemLoader Loading environment from src\test\resources\testcase\merge\dummy.key 
611551     DEBUG Test worker     d.u.i.k.p.i.AbstractProblemLoader Environment load took 134.7ns 
611551     INFO  Test worker     d.u.i.k.p.i.AbstractProblemLoader Creating init config 
614818     DEBUG Test worker     d.u.i.k.p.i.AbstractProblemLoader Init config took 3.27s 
614834     INFO  Test worker     d.u.i.k.p.i.AbstractProblemLoader Replaying proof dummy.key 
614834     DEBUG Test worker     d.u.i.k.p.i.IntermediateProofReplayer Proof replay took 9.7ns 
614834     INFO  Test worker     d.u.i.k.p.i.AbstractProblemLoader Loading environment from src\test\resources\testcase\merge\dummy.key 
614834     DEBUG Test worker     d.u.i.k.p.i.AbstractProblemLoader Environment load took 169.4ns 
614834     INFO  Test worker     d.u.i.k.p.i.AbstractProblemLoader Creating init config 
618039     DEBUG Test worker     d.u.i.k.p.i.AbstractProblemLoader Init config took 3.21s 
618070     INFO  Test worker     d.u.i.k.p.i.AbstractProblemLoader Replaying proof dummy.key 
618070     DEBUG Test worker     d.u.i.k.p.i.IntermediateProofReplayer Proof replay took 10.7ns 
]]></system-out>
  <system-err><![CDATA[]]></system-err>
</testsuite>
