<?xml version="1.0" encoding="UTF-8"?>
<testsuite name="de.uka.ilkd.key.rule.loop.LoopScopeInvRuleTests" tests="1" skipped="0" failures="0" errors="0" timestamp="2023-05-26T22:28:36" hostname="fv-az456-882" time="4.811">
  <properties/>
  <testcase name="testDoAutomaticProofOfBenchmarkWithLabeledBreaksAndContinues()" classname="de.uka.ilkd.key.rule.loop.LoopScopeInvRuleTests" time="4.811"/>
  <system-out><![CDATA[514005     INFO  Test worker     d.u.i.k.p.i.AbstractProblemLoader Loading environment from src\test\resources\testcase\loopScopeInvRule\Test.key 
514005     DEBUG Test worker     d.u.i.k.p.i.AbstractProblemLoader Environment load took 143.6ns 
514005     INFO  Test worker     d.u.i.k.p.i.AbstractProblemLoader Creating init config 
514130     DEBUG Test worker     d.u.i.k.j.TypeConverter   No LDT found for Meta 
514130     DEBUG Test worker     d.u.i.k.j.TypeConverter   No LDT found for Meta 
514130     DEBUG Test worker     d.u.i.k.j.TypeConverter   No LDT found for Meta 
514130     DEBUG Test worker     d.u.i.k.j.TypeConverter   No LDT found for Meta 
514700     DEBUG Test worker     d.u.i.k.j.TypeConverter   No LDT found for JavaBigintExpression 
518121     DEBUG Test worker     d.u.i.k.p.i.AbstractProblemLoader Init config took 4.11s 
518152     INFO  Test worker     d.u.i.k.p.i.AbstractProblemLoader Replaying proof Test[Test::loopScopeRuleBenchmark(int,boolean)].JML normal_behavior operation contract.0 
518168     DEBUG Test worker     d.u.i.k.p.i.IntermediateProofReplayer Proof replay took 18.1ns 
]]></system-out>
  <system-err><![CDATA[]]></system-err>
</testsuite>
