<?xml version="1.0" encoding="UTF-8"?>
<testsuite name="de.uka.ilkd.key.proof.runallproofs.RunAllProofsFunctional" tests="34" skipped="0" failures="0" errors="0" timestamp="2023-05-22T21:04:40" hostname="fv-az1241-856" time="7053.422">
  <properties/>
  <testcase name="newBook" classname="de.uka.ilkd.key.proof.runallproofs.RunAllProofsFunctional" time="84.112"/>
  <testcase name="oldBook" classname="de.uka.ilkd.key.proof.runallproofs.RunAllProofsFunctional" time="22.841"/>
  <testcase name="comprehensions" classname="de.uka.ilkd.key.proof.runallproofs.RunAllProofsFunctional" time="87.25"/>
  <testcase name="performance" classname="de.uka.ilkd.key.proof.runallproofs.RunAllProofsFunctional" time="310.16"/>
  <testcase name="performancePOConstruction" classname="de.uka.ilkd.key.proof.runallproofs.RunAllProofsFunctional" time="105.042"/>
  <testcase name="applicationRestrictions" classname="de.uka.ilkd.key.proof.runallproofs.RunAllProofsFunctional" time="65.137"/>
  <testcase name="blockContracts" classname="de.uka.ilkd.key.proof.runallproofs.RunAllProofsFunctional" time="180.056"/>
  <testcase name="jmlAsserts" classname="de.uka.ilkd.key.proof.runallproofs.RunAllProofsFunctional" time="120.454"/>
  <testcase name="javaCard" classname="de.uka.ilkd.key.proof.runallproofs.RunAllProofsFunctional" time="175.041"/>
  <testcase name="list" classname="de.uka.ilkd.key.proof.runallproofs.RunAllProofsFunctional" time="334.809"/>
  <testcase name="list_ghost" classname="de.uka.ilkd.key.proof.runallproofs.RunAllProofsFunctional" time="88.371"/>
  <testcase name="list_recursive" classname="de.uka.ilkd.key.proof.runallproofs.RunAllProofsFunctional" time="28.835"/>
  <testcase name="list_seq" classname="de.uka.ilkd.key.proof.runallproofs.RunAllProofsFunctional" time="233.88"/>
  <testcase name="observer" classname="de.uka.ilkd.key.proof.runallproofs.RunAllProofsFunctional" time="126.316"/>
  <testcase name="removeDups" classname="de.uka.ilkd.key.proof.runallproofs.RunAllProofsFunctional" time="187.495"/>
  <testcase name="quicksort" classname="de.uka.ilkd.key.proof.runallproofs.RunAllProofsFunctional" time="142.722"/>
  <testcase name="simpleTests" classname="de.uka.ilkd.key.proof.runallproofs.RunAllProofsFunctional" time="210.999"/>
  <testcase name="SmansEtAl" classname="de.uka.ilkd.key.proof.runallproofs.RunAllProofsFunctional" time="253.654"/>
  <testcase name="VACID0" classname="de.uka.ilkd.key.proof.runallproofs.RunAllProofsFunctional" time="103.319"/>
  <testcase name="VSTTE10" classname="de.uka.ilkd.key.proof.runallproofs.RunAllProofsFunctional" time="234.045"/>
  <testcase name="WeideEtAl" classname="de.uka.ilkd.key.proof.runallproofs.RunAllProofsFunctional" time="37.011"/>
  <testcase name="arithmetic" classname="de.uka.ilkd.key.proof.runallproofs.RunAllProofsFunctional" time="617.83"/>
  <testcase name="arrays" classname="de.uka.ilkd.key.proof.runallproofs.RunAllProofsFunctional" time="73.451"/>
  <testcase name="javadl" classname="de.uka.ilkd.key.proof.runallproofs.RunAllProofsFunctional" time="844.624"/>
  <testcase name="FOL" classname="de.uka.ilkd.key.proof.runallproofs.RunAllProofsFunctional" time="378.416"/>
  <testcase name="strings" classname="de.uka.ilkd.key.proof.runallproofs.RunAllProofsFunctional" time="197.341"/>
  <testcase name="simple_info_flow" classname="de.uka.ilkd.key.proof.runallproofs.RunAllProofsFunctional" time="18.62"/>
  <testcase name="modelMethods" classname="de.uka.ilkd.key.proof.runallproofs.RunAllProofsFunctional" time="248.583"/>
  <testcase name="permissionHeap" classname="de.uka.ilkd.key.proof.runallproofs.RunAllProofsFunctional" time="1133.324"/>
  <testcase name="completionScopes" classname="de.uka.ilkd.key.proof.runallproofs.RunAllProofsFunctional" time="68.998"/>
  <testcase name="reload_examples" classname="de.uka.ilkd.key.proof.runallproofs.RunAllProofsFunctional" time="58.527"/>
  <testcase name="proofLoadRepair" classname="de.uka.ilkd.key.proof.runallproofs.RunAllProofsFunctional" time="24.44"/>
  <testcase name="switch" classname="de.uka.ilkd.key.proof.runallproofs.RunAllProofsFunctional" time="83.011"/>
  <testcase name="redux" classname="de.uka.ilkd.key.proof.runallproofs.RunAllProofsFunctional" time="174.683"/>
  <system-out><![CDATA[272        INFO  Test worker     d.u.i.k.p.r.RunAllProofsTestUnit Running test newBook 
515        INFO  Timeout watchdog d.u.i.k.p.r.p.ForkedTestFileRunner Timeout watcher launched (2000 secs.) 
529        WARN  main            d.u.i.k.s.ProofSettings   No proof-settings could be loaded, using defaults java.io.FileNotFoundException: /home/runner/.key/proof-settings.props (No such file or directory)
	at java.base/java.io.FileInputStream.open0(Native Method)

596        INFO  main            d.u.i.k.p.r.p.TestFile    Now processing file /home/runner/work/key/key/key.core/../key.ui/examples/newBook/09.list_modelfield/ArrayList.add.key 
749        INFO  main            d.u.i.k.p.i.AbstractProblemLoader Loading environment from /home/runner/work/key/key/key.core/../key.ui/examples/newBook/09.list_modelfield/ArrayList.add.key 
772        DEBUG main            d.u.i.k.p.i.AbstractProblemLoader Environment load took 2.96ms 
1059       INFO  main            d.u.i.k.p.i.AbstractProblemLoader Creating init config 
2221       DEBUG main            d.u.i.k.j.TypeConverter   No LDT found for Meta 
2221       DEBUG main            d.u.i.k.j.TypeConverter   No LDT found for Meta 
2231       DEBUG main            d.u.i.k.j.TypeConverter   No LDT found for Meta 
2231       DEBUG main            d.u.i.k.j.TypeConverter   No LDT found for Meta 
4325       DEBUG main            d.u.i.k.j.TypeConverter   No LDT found for JavaBigintExpression 
11109      DEBUG main            d.u.i.k.p.i.AbstractProblemLoader Init config took 10.05s 
11299      INFO  main            d.u.i.k.p.i.AbstractProblemLoader Replaying proof ArrayList[List::add(int)].JML normal_behavior operation contract.0 
11349      DEBUG main            d.u.i.k.p.i.IntermediateProofReplayer Proof replay took 44ns 
36510      INFO  main            d.u.i.k.p.r.p.TestFile    ... finished proof: closed. 
36832      INFO  main            d.u.i.k.p.i.AbstractProblemLoader Loading environment from /home/runner/work/key/key/key.core/../key.ui/examples/newBook/09.list_modelfield/ArrayList.add.key.proof 
36832      DEBUG main            d.u.i.k.p.i.AbstractProblemLoader Environment load took 260.2ns 
36843      INFO  main            d.u.i.k.p.i.AbstractProblemLoader Creating init config 
40675      DEBUG main            d.u.i.k.p.i.AbstractProblemLoader Init config took 3.83s 
40781      INFO  main            d.u.i.k.p.i.AbstractProblemLoader Replaying proof ArrayList[List::add(int)].JML normal_behavior operation contract.0 
42873      DEBUG main            d.u.i.k.p.i.IntermediateProofReplayer Proof replay took 1.99s 
42886      DEBUG main            d.u.i.k.p.r.p.TestFile    ... success: reloaded. 
42888      INFO  main            d.u.i.k.p.r.p.TestFile    Now processing file /home/runner/work/key/key/key.core/../key.ui/examples/newBook/09.list_modelfield/ArrayList.remFirst.key 
42888      INFO  main            d.u.i.k.p.i.AbstractProblemLoader Loading environment from /home/runner/work/key/key/key.core/../key.ui/examples/newBook/09.list_modelfield/ArrayList.remFirst.key 
42890      DEBUG main            d.u.i.k.p.i.AbstractProblemLoader Environment load took 84ns 
42892      INFO  main            d.u.i.k.p.i.AbstractProblemLoader Creating init config 
46588      DEBUG main            d.u.i.k.p.i.AbstractProblemLoader Init config took 3.7s 
46685      INFO  main            d.u.i.k.p.i.AbstractProblemLoader Replaying proof ArrayList[List::remFirst()].JML normal_behavior operation contract.0 
46690      DEBUG main            d.u.i.k.p.i.IntermediateProofReplayer Proof replay took 7.4ns 
52952      INFO  main            d.u.i.k.p.r.p.TestFile    ... finished proof: closed. 
53196      INFO  main            d.u.i.k.p.i.AbstractProblemLoader Loading environment from /home/runner/work/key/key/key.core/../key.ui/examples/newBook/09.list_modelfield/ArrayList.remFirst.key.proof 
53197      DEBUG main            d.u.i.k.p.i.AbstractProblemLoader Environment load took 1.01ms 
53204      INFO  main            d.u.i.k.p.i.AbstractProblemLoader Creating init config 
56719      DEBUG main            d.u.i.k.p.i.AbstractProblemLoader Init config took 3.51s 
56790      INFO  main            d.u.i.k.p.i.AbstractProblemLoader Replaying proof ArrayList[List::remFirst()].JML normal_behavior operation contract.0 
57693      DEBUG main            d.u.i.k.p.i.IntermediateProofReplayer Proof replay took 867.21ms 
57696      DEBUG main            d.u.i.k.p.r.p.TestFile    ... success: reloaded. 
57697      INFO  main            d.u.i.k.p.r.p.TestFile    Now processing file /home/runner/work/key/key/key.core/../key.ui/examples/newBook/09.list_modelfield/ArrayList.empty.key 
57697      INFO  main            d.u.i.k.p.i.AbstractProblemLoader Loading environment from /home/runner/work/key/key/key.core/../key.ui/examples/newBook/09.list_modelfield/ArrayList.empty.key 
57697      DEBUG main            d.u.i.k.p.i.AbstractProblemLoader Environment load took 83.4ns 
57698      INFO  main            d.u.i.k.p.i.AbstractProblemLoader Creating init config 
61384      DEBUG main            d.u.i.k.p.i.AbstractProblemLoader Init config took 3.69s 
61448      INFO  main            d.u.i.k.p.i.AbstractProblemLoader Replaying proof ArrayList[List::empty()].JML normal_behavior operation contract.0 
61450      DEBUG main            d.u.i.k.p.i.IntermediateProofReplayer Proof replay took 5.6ns 
62899      INFO  main            d.u.i.k.p.r.p.TestFile    ... finished proof: closed. 
63097      INFO  main            d.u.i.k.p.i.AbstractProblemLoader Loading environment from /home/runner/work/key/key/key.core/../key.ui/examples/newBook/09.list_modelfield/ArrayList.empty.key.proof 
63098      DEBUG main            d.u.i.k.p.i.AbstractProblemLoader Environment load took 150.5ns 
63107      INFO  main            d.u.i.k.p.i.AbstractProblemLoader Creating init config 
66675      DEBUG main            d.u.i.k.p.i.AbstractProblemLoader Init config took 3.57s 
66737      INFO  main            d.u.i.k.p.i.AbstractProblemLoader Replaying proof ArrayList[List::empty()].JML normal_behavior operation contract.0 
66925      DEBUG main            d.u.i.k.p.i.IntermediateProofReplayer Proof replay took 180.36ms 
66927      DEBUG main            d.u.i.k.p.r.p.TestFile    ... success: reloaded. 
66928      INFO  main            d.u.i.k.p.r.p.TestFile    Now processing file /home/runner/work/key/key/key.core/../key.ui/examples/newBook/09.list_modelfield/ArrayList.size.key 
66929      INFO  main            d.u.i.k.p.i.AbstractProblemLoader Loading environment from /home/runner/work/key/key/key.core/../key.ui/examples/newBook/09.list_modelfield/ArrayList.size.key 
66929      DEBUG main            d.u.i.k.p.i.AbstractProblemLoader Environment load took 512.91ns 
66930      INFO  main            d.u.i.k.p.i.AbstractProblemLoader Creating init config 
70437      DEBUG main            d.u.i.k.p.i.AbstractProblemLoader Init config took 3.51s 
70501      INFO  main            d.u.i.k.p.i.AbstractProblemLoader Replaying proof ArrayList[List::size()].JML normal_behavior operation contract.0 
70504      DEBUG main            d.u.i.k.p.i.IntermediateProofReplayer Proof replay took 6ns 
71108      INFO  main            d.u.i.k.p.r.p.TestFile    ... finished proof: closed. 
71309      INFO  main            d.u.i.k.p.i.AbstractProblemLoader Loading environment from /home/runner/work/key/key/key.core/../key.ui/examples/newBook/09.list_modelfield/ArrayList.size.key.proof 
71310      DEBUG main            d.u.i.k.p.i.AbstractProblemLoader Environment load took 992.31ns 
71312      INFO  main            d.u.i.k.p.i.AbstractProblemLoader Creating init config 
74726      DEBUG main            d.u.i.k.p.i.AbstractProblemLoader Init config took 3.41s 
74787      INFO  main            d.u.i.k.p.i.AbstractProblemLoader Replaying proof ArrayList[List::size()].JML normal_behavior operation contract.0 
74872      DEBUG main            d.u.i.k.p.i.IntermediateProofReplayer Proof replay took 79.21ms 
74874      DEBUG main            d.u.i.k.p.r.p.TestFile    ... success: reloaded. 
74875      INFO  main            d.u.i.k.p.r.p.TestFile    Now processing file /home/runner/work/key/key/key.core/../key.ui/examples/newBook/09.list_modelfield/ArrayList.get.key 
74876      INFO  main            d.u.i.k.p.i.AbstractProblemLoader Loading environment from /home/runner/work/key/key/key.core/../key.ui/examples/newBook/09.list_modelfield/ArrayList.get.key 
74876      DEBUG main            d.u.i.k.p.i.AbstractProblemLoader Environment load took 472.41ns 
74878      INFO  main            d.u.i.k.p.i.AbstractProblemLoader Creating init config 
78409      DEBUG main            d.u.i.k.p.i.AbstractProblemLoader Init config took 3.53s 
78484      INFO  main            d.u.i.k.p.i.AbstractProblemLoader Replaying proof ArrayList[List::get(int)].JML normal_behavior operation contract.0 
78485      DEBUG main            d.u.i.k.p.i.IntermediateProofReplayer Proof replay took 7.4ns 
79891      INFO  main            d.u.i.k.p.r.p.TestFile    ... finished proof: closed. 
80089      INFO  main            d.u.i.k.p.i.AbstractProblemLoader Loading environment from /home/runner/work/key/key/key.core/../key.ui/examples/newBook/09.list_modelfield/ArrayList.get.key.proof 
80090      DEBUG main            d.u.i.k.p.i.AbstractProblemLoader Environment load took 1.16ms 
80092      INFO  main            d.u.i.k.p.i.AbstractProblemLoader Creating init config 
83592      DEBUG main            d.u.i.k.p.i.AbstractProblemLoader Init config took 3.5s 
83663      INFO  main            d.u.i.k.p.i.AbstractProblemLoader Replaying proof ArrayList[List::get(int)].JML normal_behavior operation contract.0 
83819      DEBUG main            d.u.i.k.p.i.IntermediateProofReplayer Proof replay took 148.01ms 
83820      DEBUG main            d.u.i.k.p.r.p.TestFile    ... success: reloaded. 
84375      INFO  Test worker     d.u.i.k.p.r.RunAllProofsTestUnit Returning from test newBook 
84382      INFO  Test worker     d.u.i.k.p.r.RunAllProofsTestUnit Running test oldBook 
496        INFO  Timeout watchdog d.u.i.k.p.r.p.ForkedTestFileRunner Timeout watcher launched (2000 secs.) 
516        WARN  main            d.u.i.k.s.ProofSettings   The settings in /home/runner/.key/proof-settings.props are *not* read. 
567        INFO  main            d.u.i.k.p.r.p.TestFile    Now processing file /home/runner/work/key/key/key.core/../key.ui/examples/standard_key/BookExamples/02FirstOrderLogic/Ex2.58.key 
710        INFO  main            d.u.i.k.p.i.AbstractProblemLoader Loading environment from /home/runner/work/key/key/key.core/../key.ui/examples/standard_key/BookExamples/02FirstOrderLogic/Ex2.58.key 
731        DEBUG main            d.u.i.k.p.i.AbstractProblemLoader Environment load took 2.05ms 
1070       INFO  main            d.u.i.k.p.i.AbstractProblemLoader Creating init config 
2468       DEBUG main            d.u.i.k.j.TypeConverter   No LDT found for Meta 
2468       DEBUG main            d.u.i.k.j.TypeConverter   No LDT found for Meta 
2472       DEBUG main            d.u.i.k.j.TypeConverter   No LDT found for Meta 
2473       DEBUG main            d.u.i.k.j.TypeConverter   No LDT found for Meta 
4330       DEBUG main            d.u.i.k.j.TypeConverter   No LDT found for JavaBigintExpression 
10702      DEBUG main            d.u.i.k.p.i.AbstractProblemLoader Init config took 9.63s 
10783      INFO  main            d.u.i.k.p.i.AbstractProblemLoader Replaying proof Ex2.58.key 
10830      DEBUG main            d.u.i.k.p.i.IntermediateProofReplayer Proof replay took 40.7ns 
11018      INFO  main            d.u.i.k.p.r.p.TestFile    ... finished proof: closed. 
11148      INFO  main            d.u.i.k.p.i.AbstractProblemLoader Loading environment from /home/runner/work/key/key/key.core/../key.ui/examples/standard_key/BookExamples/02FirstOrderLogic/Ex2.58.key.proof 
11149      DEBUG main            d.u.i.k.p.i.AbstractProblemLoader Environment load took 198.3ns 
11155      INFO  main            d.u.i.k.p.i.AbstractProblemLoader Creating init config 
14737      DEBUG main            d.u.i.k.p.i.AbstractProblemLoader Init config took 3.58s 
14778      INFO  main            d.u.i.k.p.i.AbstractProblemLoader Replaying proof Ex2.58.key.proof 
14790      DEBUG main            d.u.i.k.p.i.IntermediateProofReplayer Proof replay took 4.93ms 
14805      DEBUG main            d.u.i.k.p.r.p.TestFile    ... success: reloaded. 
14807      INFO  main            d.u.i.k.p.r.p.TestFile    Now processing file /home/runner/work/key/key/key.core/../key.ui/examples/standard_key/BookExamples/03DynamicLogic/Sect3.3.1.key 
14808      INFO  main            d.u.i.k.p.i.AbstractProblemLoader Loading environment from /home/runner/work/key/key/key.core/../key.ui/examples/standard_key/BookExamples/03DynamicLogic/Sect3.3.1.key 
14811      DEBUG main            d.u.i.k.p.i.AbstractProblemLoader Environment load took 2.58ms 
14831      INFO  main            d.u.i.k.p.i.AbstractProblemLoader Creating init config 
18279      DEBUG main            d.u.i.k.p.i.AbstractProblemLoader Init config took 3.45s 
18320      INFO  main            d.u.i.k.p.i.AbstractProblemLoader Replaying proof Sect3.3.1.key 
18324      DEBUG main            d.u.i.k.p.i.IntermediateProofReplayer Proof replay took 6.8ns 
18935      INFO  main            d.u.i.k.p.r.p.TestFile    ... finished proof: closed. 
19107      INFO  main            d.u.i.k.p.i.AbstractProblemLoader Loading environment from /home/runner/work/key/key/key.core/../key.ui/examples/standard_key/BookExamples/03DynamicLogic/Sect3.3.1.key.proof 
19109      DEBUG main            d.u.i.k.p.i.AbstractProblemLoader Environment load took 1.71ms 
19113      INFO  main            d.u.i.k.p.i.AbstractProblemLoader Creating init config 
22439      DEBUG main            d.u.i.k.p.i.AbstractProblemLoader Init config took 3.33s 
22485      INFO  main            d.u.i.k.p.i.AbstractProblemLoader Replaying proof Sect3.3.1.key.proof 
22624      DEBUG main            d.u.i.k.p.i.IntermediateProofReplayer Proof replay took 128.81ms 
22626      DEBUG main            d.u.i.k.p.r.p.TestFile    ... success: reloaded. 
107222     INFO  Test worker     d.u.i.k.p.r.RunAllProofsTestUnit Returning from test oldBook 
107224     INFO  Test worker     d.u.i.k.p.r.RunAllProofsTestUnit Running test comprehensions 
537        INFO  Timeout watchdog d.u.i.k.p.r.p.ForkedTestFileRunner Timeout watcher launched (2000 secs.) 
553        WARN  main            d.u.i.k.s.ProofSettings   The settings in /home/runner/.key/proof-settings.props are *not* read. 
592        INFO  main            d.u.i.k.p.r.p.TestFile    Now processing file /home/runner/work/key/key/key.core/../key.ui/examples/heap/comprehensions/general_sum.key 
755        INFO  main            d.u.i.k.p.i.AbstractProblemLoader Loading environment from /home/runner/work/key/key/key.core/../key.ui/examples/heap/comprehensions/general_sum.key 
797        DEBUG main            d.u.i.k.p.i.AbstractProblemLoader Environment load took 5.95ms 
1133       INFO  main            d.u.i.k.p.i.AbstractProblemLoader Creating init config 
2437       DEBUG main            d.u.i.k.j.TypeConverter   No LDT found for Meta 
2438       DEBUG main            d.u.i.k.j.TypeConverter   No LDT found for Meta 
2440       DEBUG main            d.u.i.k.j.TypeConverter   No LDT found for Meta 
2441       DEBUG main            d.u.i.k.j.TypeConverter   No LDT found for Meta 
4387       DEBUG main            d.u.i.k.j.TypeConverter   No LDT found for JavaBigintExpression 
11384      DEBUG main            d.u.i.k.p.i.AbstractProblemLoader Init config took 10.25s 
11557      INFO  main            d.u.i.k.p.i.AbstractProblemLoader Replaying proof GSum[GSum::doNothing()].JML operation contract.0 
11612      DEBUG main            d.u.i.k.p.i.IntermediateProofReplayer Proof replay took 38.9ns 
12127      INFO  main            d.u.i.k.p.r.p.TestFile    ... finished proof: closed. 
12271      INFO  main            d.u.i.k.p.i.AbstractProblemLoader Loading environment from /home/runner/work/key/key/key.core/../key.ui/examples/heap/comprehensions/general_sum.key.proof 
12272      DEBUG main            d.u.i.k.p.i.AbstractProblemLoader Environment load took 1.04ms 
12275      INFO  main            d.u.i.k.p.i.AbstractProblemLoader Creating init config 
16076      DEBUG main            d.u.i.k.p.i.AbstractProblemLoader Init config took 3.8s 
16172      INFO  main            d.u.i.k.p.i.AbstractProblemLoader Replaying proof GSum[GSum::doNothing()].JML operation contract.0 
16200      DEBUG main            d.u.i.k.p.i.IntermediateProofReplayer Proof replay took 22.29ms 
16220      DEBUG main            d.u.i.k.p.r.p.TestFile    ... success: reloaded. 
16231      INFO  main            d.u.i.k.p.r.p.TestFile    Now processing file /home/runner/work/key/key/key.core/../key.ui/examples/heap/comprehensions/sum0.key 
16232      INFO  main            d.u.i.k.p.i.AbstractProblemLoader Loading environment from /home/runner/work/key/key/key.core/../key.ui/examples/heap/comprehensions/sum0.key 
16232      DEBUG main            d.u.i.k.p.i.AbstractProblemLoader Environment load took 125.8ns 
16237      INFO  main            d.u.i.k.p.i.AbstractProblemLoader Creating init config 
19900      DEBUG main            d.u.i.k.p.i.AbstractProblemLoader Init config took 3.66s 
19993      INFO  main            d.u.i.k.p.i.AbstractProblemLoader Replaying proof Sum[Sum::sum0([I)].JML normal_behavior operation contract.0 
19996      DEBUG main            d.u.i.k.p.i.IntermediateProofReplayer Proof replay took 6.8ns 
20124      DEBUG Thread-4        d.u.i.k.l.l.OriginTermLabel commonFileName is null! 
20124      DEBUG Thread-4        d.u.i.k.l.l.OriginTermLabel commonFileName is null! 
20363      DEBUG Thread-4        d.u.i.k.l.l.OriginTermLabel commonFileName is null! 
20364      DEBUG Thread-4        d.u.i.k.l.l.OriginTermLabel commonFileName is null! 
20603      DEBUG Thread-4        d.u.i.k.l.l.OriginTermLabel commonFileName is null! 
20807      INFO  main            d.u.i.k.p.r.p.TestFile    ... finished proof: closed. 
20998      INFO  main            d.u.i.k.p.i.AbstractProblemLoader Loading environment from /home/runner/work/key/key/key.core/../key.ui/examples/heap/comprehensions/sum0.key.proof 
21003      DEBUG main            d.u.i.k.p.i.AbstractProblemLoader Environment load took 4.5ms 
21006      INFO  main            d.u.i.k.p.i.AbstractProblemLoader Creating init config 
24661      DEBUG main            d.u.i.k.p.i.AbstractProblemLoader Init config took 3.65s 
24725      INFO  main            d.u.i.k.p.i.AbstractProblemLoader Replaying proof Sum[Sum::sum0([I)].JML normal_behavior operation contract.0 
24770      DEBUG main            d.u.i.k.l.l.OriginTermLabel commonFileName is null! 
24771      DEBUG main            d.u.i.k.l.l.OriginTermLabel commonFileName is null! 
24863      DEBUG main            d.u.i.k.l.l.OriginTermLabel commonFileName is null! 
24918      DEBUG main            d.u.i.k.l.l.OriginTermLabel commonFileName is null! 
24920      DEBUG main            d.u.i.k.l.l.OriginTermLabel commonFileName is null! 
24924      DEBUG main            d.u.i.k.p.i.IntermediateProofReplayer Proof replay took 191.94ms 
24926      DEBUG main            d.u.i.k.p.r.p.TestFile    ... success: reloaded. 
24928      INFO  main            d.u.i.k.p.r.p.TestFile    Now processing file /home/runner/work/key/key/key.core/../key.ui/examples/heap/comprehensions/sum1.key 
24928      INFO  main            d.u.i.k.p.i.AbstractProblemLoader Loading environment from /home/runner/work/key/key/key.core/../key.ui/examples/heap/comprehensions/sum1.key 
24931      DEBUG main            d.u.i.k.p.i.AbstractProblemLoader Environment load took 3.02ms 
24933      INFO  main            d.u.i.k.p.i.AbstractProblemLoader Creating init config 
28346      DEBUG main            d.u.i.k.p.i.AbstractProblemLoader Init config took 3.41s 
28413      INFO  main            d.u.i.k.p.i.AbstractProblemLoader Replaying proof Sum[Sum::sum1([I)].JML normal_behavior operation contract.0 
28416      DEBUG main            d.u.i.k.p.i.IntermediateProofReplayer Proof replay took 7.1ns 
28500      DEBUG Thread-7        d.u.i.k.l.l.OriginTermLabel commonFileName is null! 
28501      DEBUG Thread-7        d.u.i.k.l.l.OriginTermLabel commonFileName is null! 
28727      DEBUG Thread-7        d.u.i.k.l.l.OriginTermLabel commonFileName is null! 
28728      DEBUG Thread-7        d.u.i.k.l.l.OriginTermLabel commonFileName is null! 
28890      DEBUG Thread-7        d.u.i.k.l.l.OriginTermLabel commonFileName is null! 
29226      INFO  main            d.u.i.k.p.r.p.TestFile    ... finished proof: closed. 
29419      INFO  main            d.u.i.k.p.i.AbstractProblemLoader Loading environment from /home/runner/work/key/key/key.core/../key.ui/examples/heap/comprehensions/sum1.key.proof 
29420      DEBUG main            d.u.i.k.p.i.AbstractProblemLoader Environment load took 854.61ns 
29422      INFO  main            d.u.i.k.p.i.AbstractProblemLoader Creating init config 
32833      DEBUG main            d.u.i.k.p.i.AbstractProblemLoader Init config took 3.41s 
32900      INFO  main            d.u.i.k.p.i.AbstractProblemLoader Replaying proof Sum[Sum::sum1([I)].JML normal_behavior operation contract.0 
32946      DEBUG main            d.u.i.k.l.l.OriginTermLabel commonFileName is null! 
32947      DEBUG main            d.u.i.k.l.l.OriginTermLabel commonFileName is null! 
33021      DEBUG main            d.u.i.k.l.l.OriginTermLabel commonFileName is null! 
33074      DEBUG main            d.u.i.k.l.l.OriginTermLabel commonFileName is null! 
33075      DEBUG main            d.u.i.k.l.l.OriginTermLabel commonFileName is null! 
33080      DEBUG main            d.u.i.k.p.i.IntermediateProofReplayer Proof replay took 172.56ms 
33081      DEBUG main            d.u.i.k.p.r.p.TestFile    ... success: reloaded. 
33083      INFO  main            d.u.i.k.p.r.p.TestFile    Now processing file /home/runner/work/key/key/key.core/../key.ui/examples/heap/comprehensions/sum2.key 
33083      INFO  main            d.u.i.k.p.i.AbstractProblemLoader Loading environment from /home/runner/work/key/key/key.core/../key.ui/examples/heap/comprehensions/sum2.key 
33084      DEBUG main            d.u.i.k.p.i.AbstractProblemLoader Environment load took 395.71ns 
33085      INFO  main            d.u.i.k.p.i.AbstractProblemLoader Creating init config 
36526      DEBUG main            d.u.i.k.p.i.AbstractProblemLoader Init config took 3.44s 
36587      INFO  main            d.u.i.k.p.i.AbstractProblemLoader Replaying proof Sum[Sum::sum2([I)].JML normal_behavior operation contract.0 
36591      DEBUG main            d.u.i.k.p.i.IntermediateProofReplayer Proof replay took 8.5ns 
36656      DEBUG Thread-10       d.u.i.k.l.l.OriginTermLabel commonFileName is null! 
36658      DEBUG Thread-10       d.u.i.k.l.l.OriginTermLabel commonFileName is null! 
36820      DEBUG Thread-10       d.u.i.k.l.l.OriginTermLabel commonFileName is null! 
36821      DEBUG Thread-10       d.u.i.k.l.l.OriginTermLabel commonFileName is null! 
36942      DEBUG Thread-10       d.u.i.k.l.l.OriginTermLabel commonFileName is null! 
37196      INFO  main            d.u.i.k.p.r.p.TestFile    ... finished proof: closed. 
37416      INFO  main            d.u.i.k.p.i.AbstractProblemLoader Loading environment from /home/runner/work/key/key/key.core/../key.ui/examples/heap/comprehensions/sum2.key.proof 
37417      DEBUG main            d.u.i.k.p.i.AbstractProblemLoader Environment load took 941.01ns 
37419      INFO  main            d.u.i.k.p.i.AbstractProblemLoader Creating init config 
40771      DEBUG main            d.u.i.k.p.i.AbstractProblemLoader Init config took 3.35s 
40838      INFO  main            d.u.i.k.p.i.AbstractProblemLoader Replaying proof Sum[Sum::sum2([I)].JML normal_behavior operation contract.0 
40879      DEBUG main            d.u.i.k.l.l.OriginTermLabel commonFileName is null! 
40880      DEBUG main            d.u.i.k.l.l.OriginTermLabel commonFileName is null! 
40941      DEBUG main            d.u.i.k.l.l.OriginTermLabel commonFileName is null! 
40990      DEBUG main            d.u.i.k.l.l.OriginTermLabel commonFileName is null! 
40991      DEBUG main            d.u.i.k.l.l.OriginTermLabel commonFileName is null! 
40994      DEBUG main            d.u.i.k.p.i.IntermediateProofReplayer Proof replay took 150.8ms 
40996      DEBUG main            d.u.i.k.p.r.p.TestFile    ... success: reloaded. 
40998      INFO  main            d.u.i.k.p.r.p.TestFile    Now processing file /home/runner/work/key/key/key.core/../key.ui/examples/heap/comprehensions/sum3.key 
40998      INFO  main            d.u.i.k.p.i.AbstractProblemLoader Loading environment from /home/runner/work/key/key/key.core/../key.ui/examples/heap/comprehensions/sum3.key 
40999      DEBUG main            d.u.i.k.p.i.AbstractProblemLoader Environment load took 357.4ns 
41000      INFO  main            d.u.i.k.p.i.AbstractProblemLoader Creating init config 
44412      DEBUG main            d.u.i.k.p.i.AbstractProblemLoader Init config took 3.41s 
44467      INFO  main            d.u.i.k.p.i.AbstractProblemLoader Replaying proof Sum[Sum::sum3([I)].JML normal_behavior operation contract.0 
44472      DEBUG main            d.u.i.k.p.i.IntermediateProofReplayer Proof replay took 9.2ns 
44571      DEBUG Thread-13       d.u.i.k.l.l.OriginTermLabel commonFileName is null! 
44571      DEBUG Thread-13       d.u.i.k.l.l.OriginTermLabel commonFileName is null! 
44760      DEBUG Thread-13       d.u.i.k.l.l.OriginTermLabel commonFileName is null! 
44765      DEBUG Thread-13       d.u.i.k.l.l.OriginTermLabel commonFileName is null! 
44892      DEBUG Thread-13       d.u.i.k.l.l.OriginTermLabel commonFileName is null! 
45078      INFO  main            d.u.i.k.p.r.p.TestFile    ... finished proof: closed. 
45286      INFO  main            d.u.i.k.p.i.AbstractProblemLoader Loading environment from /home/runner/work/key/key/key.core/../key.ui/examples/heap/comprehensions/sum3.key.proof 
45287      DEBUG main            d.u.i.k.p.i.AbstractProblemLoader Environment load took 1.56ms 
45291      INFO  main            d.u.i.k.p.i.AbstractProblemLoader Creating init config 
48622      DEBUG main            d.u.i.k.p.i.AbstractProblemLoader Init config took 3.33s 
48677      INFO  main            d.u.i.k.p.i.AbstractProblemLoader Replaying proof Sum[Sum::sum3([I)].JML normal_behavior operation contract.0 
48744      DEBUG main            d.u.i.k.l.l.OriginTermLabel commonFileName is null! 
48744      DEBUG main            d.u.i.k.l.l.OriginTermLabel commonFileName is null! 
48799      DEBUG main            d.u.i.k.l.l.OriginTermLabel commonFileName is null! 
48836      DEBUG main            d.u.i.k.l.l.OriginTermLabel commonFileName is null! 
48837      DEBUG main            d.u.i.k.l.l.OriginTermLabel commonFileName is null! 
48839      DEBUG main            d.u.i.k.p.i.IntermediateProofReplayer Proof replay took 157.52ms 
48840      DEBUG main            d.u.i.k.p.r.p.TestFile    ... success: reloaded. 
48841      INFO  main            d.u.i.k.p.r.p.TestFile    Now processing file /home/runner/work/key/key/key.core/../key.ui/examples/heap/comprehensions/segsum.key 
48841      INFO  main            d.u.i.k.p.i.AbstractProblemLoader Loading environment from /home/runner/work/key/key/key.core/../key.ui/examples/heap/comprehensions/segsum.key 
48842      DEBUG main            d.u.i.k.p.i.AbstractProblemLoader Environment load took 79.4ns 
48843      INFO  main            d.u.i.k.p.i.AbstractProblemLoader Creating init config 
52310      DEBUG main            d.u.i.k.p.i.AbstractProblemLoader Init config took 3.47s 
52368      INFO  main            d.u.i.k.p.i.AbstractProblemLoader Replaying proof SegSum[SegSum::segSum([I,int,int)].JML normal_behavior operation contract.0 
52370      DEBUG main            d.u.i.k.p.i.IntermediateProofReplayer Proof replay took 9.2ns 
53076      INFO  main            d.u.i.k.p.r.p.TestFile    ... finished proof: closed. 
53324      INFO  main            d.u.i.k.p.i.AbstractProblemLoader Loading environment from /home/runner/work/key/key/key.core/../key.ui/examples/heap/comprehensions/segsum.key.proof 
53325      DEBUG main            d.u.i.k.p.i.AbstractProblemLoader Environment load took 1.07ms 
53327      INFO  main            d.u.i.k.p.i.AbstractProblemLoader Creating init config 
56684      DEBUG main            d.u.i.k.p.i.AbstractProblemLoader Init config took 3.36s 
56752      INFO  main            d.u.i.k.p.i.AbstractProblemLoader Replaying proof SegSum[SegSum::segSum([I,int,int)].JML normal_behavior operation contract.0 
56882      DEBUG main            d.u.i.k.p.i.IntermediateProofReplayer Proof replay took 124.28ms 
56884      DEBUG main            d.u.i.k.p.r.p.TestFile    ... success: reloaded. 
56885      INFO  main            d.u.i.k.p.r.p.TestFile    Now processing file /home/runner/work/key/key/key.core/../key.ui/examples/heap/comprehensions/bsum_negative.key 
56885      INFO  main            d.u.i.k.p.i.AbstractProblemLoader Loading environment from /home/runner/work/key/key/key.core/../key.ui/examples/heap/comprehensions/bsum_negative.key 
56886      DEBUG main            d.u.i.k.p.i.AbstractProblemLoader Environment load took 440.81ns 
56888      INFO  main            d.u.i.k.p.i.AbstractProblemLoader Creating init config 
60085      DEBUG main            d.u.i.k.p.i.AbstractProblemLoader Init config took 3.2s 
60109      INFO  main            d.u.i.k.p.i.AbstractProblemLoader Replaying proof bsum_negative.key 
60111      DEBUG main            d.u.i.k.p.i.IntermediateProofReplayer Proof replay took 9ns 
60214      INFO  main            d.u.i.k.p.r.p.TestFile    ... finished proof: closed. 
60422      INFO  main            d.u.i.k.p.i.AbstractProblemLoader Loading environment from /home/runner/work/key/key/key.core/../key.ui/examples/heap/comprehensions/bsum_negative.key.proof 
60422      DEBUG main            d.u.i.k.p.i.AbstractProblemLoader Environment load took 126.8ns 
60423      INFO  main            d.u.i.k.p.i.AbstractProblemLoader Creating init config 
63505      DEBUG main            d.u.i.k.p.i.AbstractProblemLoader Init config took 3.08s 
63531      INFO  main            d.u.i.k.p.i.AbstractProblemLoader Replaying proof bsum_negative.key.proof 
63536      DEBUG main            d.u.i.k.p.i.IntermediateProofReplayer Proof replay took 2.55ms 
63537      DEBUG main            d.u.i.k.p.r.p.TestFile    ... success: reloaded. 
63538      INFO  main            d.u.i.k.p.r.p.TestFile    Now processing file /home/runner/work/key/key/key.core/../key.ui/examples/heap/comprehensions/bsum_neg2.key 
63538      INFO  main            d.u.i.k.p.i.AbstractProblemLoader Loading environment from /home/runner/work/key/key/key.core/../key.ui/examples/heap/comprehensions/bsum_neg2.key 
63539      DEBUG main            d.u.i.k.p.i.AbstractProblemLoader Environment load took 150.4ns 
63540      INFO  main            d.u.i.k.p.i.AbstractProblemLoader Creating init config 
66735      DEBUG main            d.u.i.k.p.i.AbstractProblemLoader Init config took 3.2s 
66760      INFO  main            d.u.i.k.p.i.AbstractProblemLoader Replaying proof bsum_neg2.key 
66763      DEBUG main            d.u.i.k.p.i.IntermediateProofReplayer Proof replay took 9ns 
66866      INFO  main            d.u.i.k.p.r.p.TestFile    ... finished proof: closed. 
67086      INFO  main            d.u.i.k.p.i.AbstractProblemLoader Loading environment from /home/runner/work/key/key/key.core/../key.ui/examples/heap/comprehensions/bsum_neg2.key.proof 
67086      DEBUG main            d.u.i.k.p.i.AbstractProblemLoader Environment load took 134ns 
67087      INFO  main            d.u.i.k.p.i.AbstractProblemLoader Creating init config 
70138      DEBUG main            d.u.i.k.p.i.AbstractProblemLoader Init config took 3.05s 
70160      INFO  main            d.u.i.k.p.i.AbstractProblemLoader Replaying proof bsum_neg2.key.proof 
70166      DEBUG main            d.u.i.k.p.i.IntermediateProofReplayer Proof replay took 4.42ms 
70168      DEBUG main            d.u.i.k.p.r.p.TestFile    ... success: reloaded. 
70169      INFO  main            d.u.i.k.p.r.p.TestFile    Now processing file /home/runner/work/key/key/key.core/../key.ui/examples/heap/comprehensions/bsumSplit.key 
70170      INFO  main            d.u.i.k.p.i.AbstractProblemLoader Loading environment from /home/runner/work/key/key/key.core/../key.ui/examples/heap/comprehensions/bsumSplit.key 
70172      DEBUG main            d.u.i.k.p.i.AbstractProblemLoader Environment load took 1.94ms 
70174      INFO  main            d.u.i.k.p.i.AbstractProblemLoader Creating init config 
73368      DEBUG main            d.u.i.k.p.i.AbstractProblemLoader Init config took 3.19s 
73388      INFO  main            d.u.i.k.p.i.AbstractProblemLoader Replaying proof bsumSplit.key 
73389      DEBUG main            d.u.i.k.p.i.IntermediateProofReplayer Proof replay took 7.2ns 
73492      INFO  main            d.u.i.k.p.r.p.TestFile    ... finished proof: closed. 
73721      INFO  main            d.u.i.k.p.i.AbstractProblemLoader Loading environment from /home/runner/work/key/key/key.core/../key.ui/examples/heap/comprehensions/bsumSplit.key.proof 
73722      DEBUG main            d.u.i.k.p.i.AbstractProblemLoader Environment load took 961.41ns 
73728      INFO  main            d.u.i.k.p.i.AbstractProblemLoader Creating init config 
76817      DEBUG main            d.u.i.k.p.i.AbstractProblemLoader Init config took 3.09s 
76836      INFO  main            d.u.i.k.p.i.AbstractProblemLoader Replaying proof bsumSplit.key.proof 
76845      DEBUG main            d.u.i.k.p.i.IntermediateProofReplayer Proof replay took 6.16ms 
76846      DEBUG main            d.u.i.k.p.r.p.TestFile    ... success: reloaded. 
76847      INFO  main            d.u.i.k.p.r.p.TestFile    Now processing file /home/runner/work/key/key/key.core/../key.ui/examples/heap/comprehensions/bprodSplit.key 
76847      INFO  main            d.u.i.k.p.i.AbstractProblemLoader Loading environment from /home/runner/work/key/key/key.core/../key.ui/examples/heap/comprehensions/bprodSplit.key 
76847      DEBUG main            d.u.i.k.p.i.AbstractProblemLoader Environment load took 194.9ns 
76848      INFO  main            d.u.i.k.p.i.AbstractProblemLoader Creating init config 
80001      DEBUG main            d.u.i.k.p.i.AbstractProblemLoader Init config took 3.15s 
80020      INFO  main            d.u.i.k.p.i.AbstractProblemLoader Replaying proof bprodSplit.key 
80021      DEBUG main            d.u.i.k.p.i.IntermediateProofReplayer Proof replay took 7.1ns 
80127      INFO  main            d.u.i.k.p.r.p.TestFile    ... finished proof: closed. 
80355      INFO  main            d.u.i.k.p.i.AbstractProblemLoader Loading environment from /home/runner/work/key/key/key.core/../key.ui/examples/heap/comprehensions/bprodSplit.key.proof 
80355      DEBUG main            d.u.i.k.p.i.AbstractProblemLoader Environment load took 123.5ns 
80357      INFO  main            d.u.i.k.p.i.AbstractProblemLoader Creating init config 
83511      DEBUG main            d.u.i.k.p.i.AbstractProblemLoader Init config took 3.15s 
83533      INFO  main            d.u.i.k.p.i.AbstractProblemLoader Replaying proof bprodSplit.key.proof 
83540      DEBUG main            d.u.i.k.p.i.IntermediateProofReplayer Proof replay took 4.2ms 
83542      DEBUG main            d.u.i.k.p.r.p.TestFile    ... success: reloaded. 
83543      INFO  main            d.u.i.k.p.r.p.TestFile    Now processing file /home/runner/work/key/key/key.core/../key.ui/examples/heap/comprehensions/bsumSplitInvalid.key 
83543      INFO  main            d.u.i.k.p.i.AbstractProblemLoader Loading environment from /home/runner/work/key/key/key.core/../key.ui/examples/heap/comprehensions/bsumSplitInvalid.key 
83543      DEBUG main            d.u.i.k.p.i.AbstractProblemLoader Environment load took 150.2ns 
83544      INFO  main            d.u.i.k.p.i.AbstractProblemLoader Creating init config 
86665      DEBUG main            d.u.i.k.p.i.AbstractProblemLoader Init config took 3.12s 
86683      INFO  main            d.u.i.k.p.i.AbstractProblemLoader Replaying proof bsumSplitInvalid.key 
86684      DEBUG main            d.u.i.k.p.i.IntermediateProofReplayer Proof replay took 6.7ns 
86787      INFO  main            d.u.i.k.p.r.p.TestFile    ... finished proof: open goal(s) 
194473     INFO  Test worker     d.u.i.k.p.r.RunAllProofsTestUnit Returning from test comprehensions 
194479     INFO  Test worker     d.u.i.k.p.r.RunAllProofsTestUnit Running test performance 
426        INFO  Timeout watchdog d.u.i.k.p.r.p.ForkedTestFileRunner Timeout watcher launched (2000 secs.) 
443        WARN  main            d.u.i.k.s.ProofSettings   The settings in /home/runner/.key/proof-settings.props are *not* read. 
480        INFO  main            d.u.i.k.p.r.p.TestFile    Now processing file /home/runner/work/key/key/key.core/../key.ui/examples/performance-test/Disjoint(Disjoint__disjoint_08()).JML_operation_contract.0.key 
642        INFO  main            d.u.i.k.p.i.AbstractProblemLoader Loading environment from /home/runner/work/key/key/key.core/../key.ui/examples/performance-test/Disjoint(Disjoint__disjoint_08()).JML_operation_contract.0.key 
664        DEBUG main            d.u.i.k.p.i.AbstractProblemLoader Environment load took 3.21ms 
1024       INFO  main            d.u.i.k.p.i.AbstractProblemLoader Creating init config 
2422       DEBUG main            d.u.i.k.j.TypeConverter   No LDT found for Meta 
2424       DEBUG main            d.u.i.k.j.TypeConverter   No LDT found for Meta 
2428       DEBUG main            d.u.i.k.j.TypeConverter   No LDT found for Meta 
2429       DEBUG main            d.u.i.k.j.TypeConverter   No LDT found for Meta 
4019       DEBUG main            d.u.i.k.j.TypeConverter   No LDT found for JavaBigintExpression 
12557      DEBUG main            d.u.i.k.j.r.ClassPreparationMethodBuilder clPrepBuilder: Inner Class detected. Reject building class initialisation methods. 
23843      DEBUG main            d.u.i.k.p.i.AbstractProblemLoader Init config took 22.82s 
24117      INFO  main            d.u.i.k.p.i.AbstractProblemLoader Replaying proof Disjoint[Disjoint::disjoint_8()].JML operation contract.0 
24189      DEBUG main            d.u.i.k.p.i.IntermediateProofReplayer Proof replay took 353.81ns 
28028      INFO  main            d.u.i.k.p.r.p.TestFile    ... finished proof: closed. 
28267      INFO  main            d.u.i.k.p.i.AbstractProblemLoader Loading environment from /home/runner/work/key/key/key.core/../key.ui/examples/performance-test/Disjoint(Disjoint__disjoint_08()).JML_operation_contract.0.key.proof 
28267      DEBUG main            d.u.i.k.p.i.AbstractProblemLoader Environment load took 338.5ns 
28270      INFO  main            d.u.i.k.p.i.AbstractProblemLoader Creating init config 
32817      DEBUG main            d.u.i.k.j.r.ClassPreparationMethodBuilder clPrepBuilder: Inner Class detected. Reject building class initialisation methods. 
42824      DEBUG main            d.u.i.k.p.i.AbstractProblemLoader Init config took 14.55s 
43058      INFO  main            d.u.i.k.p.i.AbstractProblemLoader Replaying proof Disjoint[Disjoint::disjoint_8()].JML operation contract.0 
43601      DEBUG main            d.u.i.k.p.i.IntermediateProofReplayer Proof replay took 523.5ms 
43621      DEBUG main            d.u.i.k.p.r.p.TestFile    ... success: reloaded. 
43623      INFO  main            d.u.i.k.p.r.p.TestFile    Now processing file /home/runner/work/key/key/key.core/../key.ui/examples/performance-test/Disjoint(Disjoint__disjoint2_08()).JML_operation_contract.0.key 
43624      INFO  main            d.u.i.k.p.i.AbstractProblemLoader Loading environment from /home/runner/work/key/key/key.core/../key.ui/examples/performance-test/Disjoint(Disjoint__disjoint2_08()).JML_operation_contract.0.key 
43624      DEBUG main            d.u.i.k.p.i.AbstractProblemLoader Environment load took 98ns 
43626      INFO  main            d.u.i.k.p.i.AbstractProblemLoader Creating init config 
48149      DEBUG main            d.u.i.k.j.r.ClassPreparationMethodBuilder clPrepBuilder: Inner Class detected. Reject building class initialisation methods. 
58017      DEBUG main            d.u.i.k.p.i.AbstractProblemLoader Init config took 14.39s 
58159      INFO  main            d.u.i.k.p.i.AbstractProblemLoader Replaying proof Disjoint[Disjoint::disjoint2_8()].JML operation contract.0 
58163      DEBUG main            d.u.i.k.p.i.IntermediateProofReplayer Proof replay took 28ns 
59576      INFO  main            d.u.i.k.p.r.p.TestFile    ... finished proof: closed. 
59930      INFO  main            d.u.i.k.p.i.AbstractProblemLoader Loading environment from /home/runner/work/key/key/key.core/../key.ui/examples/performance-test/Disjoint(Disjoint__disjoint2_08()).JML_operation_contract.0.key.proof 
59933      DEBUG main            d.u.i.k.p.i.AbstractProblemLoader Environment load took 2.65ms 
59938      INFO  main            d.u.i.k.p.i.AbstractProblemLoader Creating init config 
64303      DEBUG main            d.u.i.k.j.r.ClassPreparationMethodBuilder clPrepBuilder: Inner Class detected. Reject building class initialisation methods. 
74007      DEBUG main            d.u.i.k.p.i.AbstractProblemLoader Init config took 14.07s 
74151      INFO  main            d.u.i.k.p.i.AbstractProblemLoader Replaying proof Disjoint[Disjoint::disjoint2_8()].JML operation contract.0 
74334      DEBUG main            d.u.i.k.p.i.IntermediateProofReplayer Proof replay took 170.33ms 
74344      DEBUG main            d.u.i.k.p.r.p.TestFile    ... success: reloaded. 
74347      INFO  main            d.u.i.k.p.r.p.TestFile    Now processing file /home/runner/work/key/key/key.core/../key.ui/examples/performance-test/AccessChain1(AccessChain1__foo_08()).JML_operation_contract.0.key 
74348      INFO  main            d.u.i.k.p.i.AbstractProblemLoader Loading environment from /home/runner/work/key/key/key.core/../key.ui/examples/performance-test/AccessChain1(AccessChain1__foo_08()).JML_operation_contract.0.key 
74348      DEBUG main            d.u.i.k.p.i.AbstractProblemLoader Environment load took 156ns 
74351      INFO  main            d.u.i.k.p.i.AbstractProblemLoader Creating init config 
78610      DEBUG main            d.u.i.k.j.r.ClassPreparationMethodBuilder clPrepBuilder: Inner Class detected. Reject building class initialisation methods. 
88185      DEBUG main            d.u.i.k.p.i.AbstractProblemLoader Init config took 13.83s 
88318      INFO  main            d.u.i.k.p.i.AbstractProblemLoader Replaying proof AccessChain1[AccessChain1::foo_8()].JML operation contract.0 
88322      DEBUG main            d.u.i.k.p.i.IntermediateProofReplayer Proof replay took 11.3ns 
91843      INFO  main            d.u.i.k.p.r.p.TestFile    ... finished proof: closed. 
92281      INFO  main            d.u.i.k.p.i.AbstractProblemLoader Loading environment from /home/runner/work/key/key/key.core/../key.ui/examples/performance-test/AccessChain1(AccessChain1__foo_08()).JML_operation_contract.0.key.proof 
92284      DEBUG main            d.u.i.k.p.i.AbstractProblemLoader Environment load took 2.78ms 
92287      INFO  main            d.u.i.k.p.i.AbstractProblemLoader Creating init config 
96455      DEBUG main            d.u.i.k.j.r.ClassPreparationMethodBuilder clPrepBuilder: Inner Class detected. Reject building class initialisation methods. 
105997     DEBUG main            d.u.i.k.p.i.AbstractProblemLoader Init config took 13.71s 
106162     INFO  main            d.u.i.k.p.i.AbstractProblemLoader Replaying proof AccessChain1[AccessChain1::foo_8()].JML operation contract.0 
106939     DEBUG main            d.u.i.k.p.i.IntermediateProofReplayer Proof replay took 752.95ms 
106946     DEBUG main            d.u.i.k.p.r.p.TestFile    ... success: reloaded. 
106949     INFO  main            d.u.i.k.p.r.p.TestFile    Now processing file /home/runner/work/key/key/key.core/../key.ui/examples/performance-test/AccessChain4(AccessChain4__foo_08()).JML_operation_contract.0.key 
106950     INFO  main            d.u.i.k.p.i.AbstractProblemLoader Loading environment from /home/runner/work/key/key/key.core/../key.ui/examples/performance-test/AccessChain4(AccessChain4__foo_08()).JML_operation_contract.0.key 
106950     DEBUG main            d.u.i.k.p.i.AbstractProblemLoader Environment load took 397.01ns 
106952     INFO  main            d.u.i.k.p.i.AbstractProblemLoader Creating init config 
111202     DEBUG main            d.u.i.k.j.r.ClassPreparationMethodBuilder clPrepBuilder: Inner Class detected. Reject building class initialisation methods. 
120719     DEBUG main            d.u.i.k.p.i.AbstractProblemLoader Init config took 13.77s 
120855     INFO  main            d.u.i.k.p.i.AbstractProblemLoader Replaying proof AccessChain4[AccessChain4::foo_8()].JML operation contract.0 
120859     DEBUG main            d.u.i.k.p.i.IntermediateProofReplayer Proof replay took 13.5ns 
129619     INFO  main            d.u.i.k.p.r.p.TestFile    ... finished proof: closed. 
130154     INFO  main            d.u.i.k.p.i.AbstractProblemLoader Loading environment from /home/runner/work/key/key/key.core/../key.ui/examples/performance-test/AccessChain4(AccessChain4__foo_08()).JML_operation_contract.0.key.proof 
130155     DEBUG main            d.u.i.k.p.i.AbstractProblemLoader Environment load took 289.11ns 
130158     INFO  main            d.u.i.k.p.i.AbstractProblemLoader Creating init config 
134258     DEBUG main            d.u.i.k.j.r.ClassPreparationMethodBuilder clPrepBuilder: Inner Class detected. Reject building class initialisation methods. 
143736     DEBUG main            d.u.i.k.p.i.AbstractProblemLoader Init config took 13.58s 
143861     INFO  main            d.u.i.k.p.i.AbstractProblemLoader Replaying proof AccessChain4[AccessChain4::foo_8()].JML operation contract.0 
145219     DEBUG main            d.u.i.k.p.i.IntermediateProofReplayer Proof replay took 1.32s 
145222     DEBUG main            d.u.i.k.p.r.p.TestFile    ... success: reloaded. 
145224     INFO  main            d.u.i.k.p.r.p.TestFile    Now processing file /home/runner/work/key/key/key.core/../key.ui/examples/performance-test/Disjoint(Disjoint__xZero_08()).JML_operation_contract.0.key 
145225     INFO  main            d.u.i.k.p.i.AbstractProblemLoader Loading environment from /home/runner/work/key/key/key.core/../key.ui/examples/performance-test/Disjoint(Disjoint__xZero_08()).JML_operation_contract.0.key 
145225     DEBUG main            d.u.i.k.p.i.AbstractProblemLoader Environment load took 384.41ns 
145227     INFO  main            d.u.i.k.p.i.AbstractProblemLoader Creating init config 
149493     DEBUG main            d.u.i.k.j.r.ClassPreparationMethodBuilder clPrepBuilder: Inner Class detected. Reject building class initialisation methods. 
159048     DEBUG main            d.u.i.k.p.i.AbstractProblemLoader Init config took 13.82s 
159169     INFO  main            d.u.i.k.p.i.AbstractProblemLoader Replaying proof Disjoint[Disjoint::xZero_8()].JML operation contract.0 
159171     DEBUG main            d.u.i.k.p.i.IntermediateProofReplayer Proof replay took 13.7ns 
160480     INFO  main            d.u.i.k.p.r.p.TestFile    ... finished proof: closed. 
160965     INFO  main            d.u.i.k.p.i.AbstractProblemLoader Loading environment from /home/runner/work/key/key/key.core/../key.ui/examples/performance-test/Disjoint(Disjoint__xZero_08()).JML_operation_contract.0.key.proof 
160965     DEBUG main            d.u.i.k.p.i.AbstractProblemLoader Environment load took 697.02ns 
160967     INFO  main            d.u.i.k.p.i.AbstractProblemLoader Creating init config 
165010     DEBUG main            d.u.i.k.j.r.ClassPreparationMethodBuilder clPrepBuilder: Inner Class detected. Reject building class initialisation methods. 
174395     DEBUG main            d.u.i.k.p.i.AbstractProblemLoader Init config took 13.43s 
174514     INFO  main            d.u.i.k.p.i.AbstractProblemLoader Replaying proof Disjoint[Disjoint::xZero_8()].JML operation contract.0 
174788     DEBUG main            d.u.i.k.p.i.IntermediateProofReplayer Proof replay took 264.97ms 
174790     DEBUG main            d.u.i.k.p.r.p.TestFile    ... success: reloaded. 
174792     INFO  main            d.u.i.k.p.r.p.TestFile    Now processing file /home/runner/work/key/key/key.core/../key.ui/examples/performance-test/Dynamic(Dynamic__foo_08()).JML_operation_contract.0.key 
174792     INFO  main            d.u.i.k.p.i.AbstractProblemLoader Loading environment from /home/runner/work/key/key/key.core/../key.ui/examples/performance-test/Dynamic(Dynamic__foo_08()).JML_operation_contract.0.key 
174792     DEBUG main            d.u.i.k.p.i.AbstractProblemLoader Environment load took 239.31ns 
174793     INFO  main            d.u.i.k.p.i.AbstractProblemLoader Creating init config 
179005     DEBUG main            d.u.i.k.j.r.ClassPreparationMethodBuilder clPrepBuilder: Inner Class detected. Reject building class initialisation methods. 
188567     DEBUG main            d.u.i.k.p.i.AbstractProblemLoader Init config took 13.77s 
188724     INFO  main            d.u.i.k.p.i.AbstractProblemLoader Replaying proof Dynamic[Dynamic::foo_8()].JML operation contract.0 
188729     DEBUG main            d.u.i.k.p.i.IntermediateProofReplayer Proof replay took 13.4ns 
196390     INFO  main            d.u.i.k.p.r.p.TestFile    ... finished proof: closed. 
196920     INFO  main            d.u.i.k.p.i.AbstractProblemLoader Loading environment from /home/runner/work/key/key/key.core/../key.ui/examples/performance-test/Dynamic(Dynamic__foo_08()).JML_operation_contract.0.key.proof 
196921     DEBUG main            d.u.i.k.p.i.AbstractProblemLoader Environment load took 847.82ns 
196923     INFO  main            d.u.i.k.p.i.AbstractProblemLoader Creating init config 
200966     DEBUG main            d.u.i.k.j.r.ClassPreparationMethodBuilder clPrepBuilder: Inner Class detected. Reject building class initialisation methods. 
210409     DEBUG main            d.u.i.k.p.i.AbstractProblemLoader Init config took 13.49s 
210529     INFO  main            d.u.i.k.p.i.AbstractProblemLoader Replaying proof Dynamic[Dynamic::foo_8()].JML operation contract.0 
211389     DEBUG main            d.u.i.k.p.i.IntermediateProofReplayer Proof replay took 832.54ms 
211392     DEBUG main            d.u.i.k.p.r.p.TestFile    ... success: reloaded. 
211394     INFO  main            d.u.i.k.p.r.p.TestFile    Now processing file /home/runner/work/key/key/key.core/../key.ui/examples/performance-test/DynamicGhost(DynamicGhost__dynamicGhost_08()).JML_normal_behavior_operation_contract.0.key 
211394     INFO  main            d.u.i.k.p.i.AbstractProblemLoader Loading environment from /home/runner/work/key/key/key.core/../key.ui/examples/performance-test/DynamicGhost(DynamicGhost__dynamicGhost_08()).JML_normal_behavior_operation_contract.0.key 
211394     DEBUG main            d.u.i.k.p.i.AbstractProblemLoader Environment load took 151.2ns 
211395     INFO  main            d.u.i.k.p.i.AbstractProblemLoader Creating init config 
215617     DEBUG main            d.u.i.k.j.r.ClassPreparationMethodBuilder clPrepBuilder: Inner Class detected. Reject building class initialisation methods. 
225114     DEBUG main            d.u.i.k.p.i.AbstractProblemLoader Init config took 13.72s 
225251     INFO  main            d.u.i.k.p.i.AbstractProblemLoader Replaying proof DynamicGhost[DynamicGhost::dynamicGhost_8()].JML normal_behavior operation contract.0 
225254     DEBUG main            d.u.i.k.p.i.IntermediateProofReplayer Proof replay took 12ns 
231138     INFO  main            d.u.i.k.p.r.p.TestFile    ... finished proof: closed. 
231712     INFO  main            d.u.i.k.p.i.AbstractProblemLoader Loading environment from /home/runner/work/key/key/key.core/../key.ui/examples/performance-test/DynamicGhost(DynamicGhost__dynamicGhost_08()).JML_normal_behavior_operation_contract.0.key.proof 
231713     DEBUG main            d.u.i.k.p.i.AbstractProblemLoader Environment load took 897.02ns 
231715     INFO  main            d.u.i.k.p.i.AbstractProblemLoader Creating init config 
235754     DEBUG main            d.u.i.k.j.r.ClassPreparationMethodBuilder clPrepBuilder: Inner Class detected. Reject building class initialisation methods. 
245196     DEBUG main            d.u.i.k.p.i.AbstractProblemLoader Init config took 13.48s 
245313     INFO  main            d.u.i.k.p.i.AbstractProblemLoader Replaying proof DynamicGhost[DynamicGhost::dynamicGhost_8()].JML normal_behavior operation contract.0 
246128     DEBUG main            d.u.i.k.p.i.IntermediateProofReplayer Proof replay took 786.07ms 
246132     DEBUG main            d.u.i.k.p.r.p.TestFile    ... success: reloaded. 
246134     INFO  main            d.u.i.k.p.r.p.TestFile    Now processing file /home/runner/work/key/key/key.core/../key.ui/examples/performance-test/GhostFrame(GhostFrame__foo_08()).JML_operation_contract.0.key 
246135     INFO  main            d.u.i.k.p.i.AbstractProblemLoader Loading environment from /home/runner/work/key/key/key.core/../key.ui/examples/performance-test/GhostFrame(GhostFrame__foo_08()).JML_operation_contract.0.key 
246135     DEBUG main            d.u.i.k.p.i.AbstractProblemLoader Environment load took 414.41ns 
246136     INFO  main            d.u.i.k.p.i.AbstractProblemLoader Creating init config 
250346     DEBUG main            d.u.i.k.j.r.ClassPreparationMethodBuilder clPrepBuilder: Inner Class detected. Reject building class initialisation methods. 
259880     DEBUG main            d.u.i.k.p.i.AbstractProblemLoader Init config took 13.74s 
259996     INFO  main            d.u.i.k.p.i.AbstractProblemLoader Replaying proof GhostFrame[GhostFrame::foo_8()].JML operation contract.0 
259999     DEBUG main            d.u.i.k.p.i.IntermediateProofReplayer Proof replay took 15.1ns 
262708     INFO  main            d.u.i.k.p.r.p.TestFile    ... finished proof: closed. 
263280     INFO  main            d.u.i.k.p.i.AbstractProblemLoader Loading environment from /home/runner/work/key/key/key.core/../key.ui/examples/performance-test/GhostFrame(GhostFrame__foo_08()).JML_operation_contract.0.key.proof 
263281     DEBUG main            d.u.i.k.p.i.AbstractProblemLoader Environment load took 844.82ns 
263283     INFO  main            d.u.i.k.p.i.AbstractProblemLoader Creating init config 
267317     DEBUG main            d.u.i.k.j.r.ClassPreparationMethodBuilder clPrepBuilder: Inner Class detected. Reject building class initialisation methods. 
276757     DEBUG main            d.u.i.k.p.i.AbstractProblemLoader Init config took 13.47s 
276870     INFO  main            d.u.i.k.p.i.AbstractProblemLoader Replaying proof GhostFrame[GhostFrame::foo_8()].JML operation contract.0 
277362     DEBUG main            d.u.i.k.p.i.IntermediateProofReplayer Proof replay took 481.28ms 
277364     DEBUG main            d.u.i.k.p.r.p.TestFile    ... success: reloaded. 
277366     INFO  main            d.u.i.k.p.r.p.TestFile    Now processing file /home/runner/work/key/key/key.core/../key.ui/examples/performance-test/Modelfield(Modelfield__foo_08()).JML_operation_contract.0.key 
277366     INFO  main            d.u.i.k.p.i.AbstractProblemLoader Loading environment from /home/runner/work/key/key/key.core/../key.ui/examples/performance-test/Modelfield(Modelfield__foo_08()).JML_operation_contract.0.key 
277366     DEBUG main            d.u.i.k.p.i.AbstractProblemLoader Environment load took 143ns 
277367     INFO  main            d.u.i.k.p.i.AbstractProblemLoader Creating init config 
281490     DEBUG main            d.u.i.k.j.r.ClassPreparationMethodBuilder clPrepBuilder: Inner Class detected. Reject building class initialisation methods. 
290900     DEBUG main            d.u.i.k.p.i.AbstractProblemLoader Init config took 13.53s 
291025     INFO  main            d.u.i.k.p.i.AbstractProblemLoader Replaying proof Modelfield[Modelfield::foo_8()].JML operation contract.0 
291027     DEBUG main            d.u.i.k.p.i.IntermediateProofReplayer Proof replay took 7.6ns 
295211     INFO  main            d.u.i.k.p.r.p.TestFile    ... finished proof: closed. 
295804     INFO  main            d.u.i.k.p.i.AbstractProblemLoader Loading environment from /home/runner/work/key/key/key.core/../key.ui/examples/performance-test/Modelfield(Modelfield__foo_08()).JML_operation_contract.0.key.proof 
295804     DEBUG main            d.u.i.k.p.i.AbstractProblemLoader Environment load took 147.6ns 
295806     INFO  main            d.u.i.k.p.i.AbstractProblemLoader Creating init config 
299812     DEBUG main            d.u.i.k.j.r.ClassPreparationMethodBuilder clPrepBuilder: Inner Class detected. Reject building class initialisation methods. 
309219     DEBUG main            d.u.i.k.p.i.AbstractProblemLoader Init config took 13.41s 
309364     INFO  main            d.u.i.k.p.i.AbstractProblemLoader Replaying proof Modelfield[Modelfield::foo_8()].JML operation contract.0 
309942     DEBUG main            d.u.i.k.p.i.IntermediateProofReplayer Proof replay took 559.88ms 
309947     DEBUG main            d.u.i.k.p.r.p.TestFile    ... success: reloaded. 
504638     INFO  Test worker     d.u.i.k.p.r.RunAllProofsTestUnit Returning from test performance 
504639     INFO  Test worker     d.u.i.k.p.r.RunAllProofsTestUnit Running test performancePOConstruction 
459        INFO  Timeout watchdog d.u.i.k.p.r.p.ForkedTestFileRunner Timeout watcher launched (2000 secs.) 
494        WARN  main            d.u.i.k.s.ProofSettings   The settings in /home/runner/.key/proof-settings.props are *not* read. 
565        INFO  main            d.u.i.k.p.r.p.TestFile    Now processing file /home/runner/work/key/key/key.core/../key.ui/examples/performance-test/Test(Test__a0(int)).JML_normal_behavior_operation_contract.0.key 
727        INFO  main            d.u.i.k.p.i.AbstractProblemLoader Loading environment from /home/runner/work/key/key/key.core/../key.ui/examples/performance-test/Test(Test__a0(int)).JML_normal_behavior_operation_contract.0.key 
750        DEBUG main            d.u.i.k.p.i.AbstractProblemLoader Environment load took 2.46ms 
1041       INFO  main            d.u.i.k.p.i.AbstractProblemLoader Creating init config 
2469       DEBUG main            d.u.i.k.j.TypeConverter   No LDT found for Meta 
2471       DEBUG main            d.u.i.k.j.TypeConverter   No LDT found for Meta 
2476       DEBUG main            d.u.i.k.j.TypeConverter   No LDT found for Meta 
2477       DEBUG main            d.u.i.k.j.TypeConverter   No LDT found for Meta 
4494       DEBUG main            d.u.i.k.j.TypeConverter   No LDT found for JavaBigintExpression 
12886      DEBUG main            d.u.i.k.j.r.ClassPreparationMethodBuilder clPrepBuilder: Inner Class detected. Reject building class initialisation methods. 
24240      DEBUG main            d.u.i.k.p.i.AbstractProblemLoader Init config took 23.2s 
25849      INFO  main            d.u.i.k.p.i.AbstractProblemLoader Replaying proof Test[Test::a0(int)].JML normal_behavior operation contract.0 
25955      DEBUG main            d.u.i.k.p.i.IntermediateProofReplayer Proof replay took 69.1ns 
26515      INFO  main            d.u.i.k.p.r.p.TestFile    ... finished proof: closed. 
26765      INFO  main            d.u.i.k.p.i.AbstractProblemLoader Loading environment from /home/runner/work/key/key/key.core/../key.ui/examples/performance-test/Test(Test__a0(int)).JML_normal_behavior_operation_contract.0.key.proof 
26766      DEBUG main            d.u.i.k.p.i.AbstractProblemLoader Environment load took 171.7ns 
26771      INFO  main            d.u.i.k.p.i.AbstractProblemLoader Creating init config 
31255      DEBUG main            d.u.i.k.j.r.ClassPreparationMethodBuilder clPrepBuilder: Inner Class detected. Reject building class initialisation methods. 
41322      DEBUG main            d.u.i.k.p.i.AbstractProblemLoader Init config took 14.55s 
42634      INFO  main            d.u.i.k.p.i.AbstractProblemLoader Replaying proof Test[Test::a0(int)].JML normal_behavior operation contract.0 
42673      DEBUG main            d.u.i.k.p.i.IntermediateProofReplayer Proof replay took 33ms 
42689      DEBUG main            d.u.i.k.p.r.p.TestFile    ... success: reloaded. 
42691      INFO  main            d.u.i.k.p.r.p.TestFile    Now processing file /home/runner/work/key/key/key.core/../key.ui/examples/performance-test/Test(Test__a1(int)).JML_normal_behavior_operation_contract.0.key 
42691      INFO  main            d.u.i.k.p.i.AbstractProblemLoader Loading environment from /home/runner/work/key/key/key.core/../key.ui/examples/performance-test/Test(Test__a1(int)).JML_normal_behavior_operation_contract.0.key 
42692      DEBUG main            d.u.i.k.p.i.AbstractProblemLoader Environment load took 97.9ns 
42700      INFO  main            d.u.i.k.p.i.AbstractProblemLoader Creating init config 
46933      DEBUG main            d.u.i.k.j.r.ClassPreparationMethodBuilder clPrepBuilder: Inner Class detected. Reject building class initialisation methods. 
56796      DEBUG main            d.u.i.k.p.i.AbstractProblemLoader Init config took 14.1s 
58074      INFO  main            d.u.i.k.p.i.AbstractProblemLoader Replaying proof Test[Test::a1(int)].JML normal_behavior operation contract.0 
58081      DEBUG main            d.u.i.k.p.i.IntermediateProofReplayer Proof replay took 24.3ns 
58687      INFO  main            d.u.i.k.p.r.p.TestFile    ... finished proof: closed. 
59064      INFO  main            d.u.i.k.p.i.AbstractProblemLoader Loading environment from /home/runner/work/key/key/key.core/../key.ui/examples/performance-test/Test(Test__a1(int)).JML_normal_behavior_operation_contract.0.key.proof 
59064      DEBUG main            d.u.i.k.p.i.AbstractProblemLoader Environment load took 166.6ns 
59069      INFO  main            d.u.i.k.p.i.AbstractProblemLoader Creating init config 
63239      DEBUG main            d.u.i.k.j.r.ClassPreparationMethodBuilder clPrepBuilder: Inner Class detected. Reject building class initialisation methods. 
72927      DEBUG main            d.u.i.k.p.i.AbstractProblemLoader Init config took 13.86s 
74158      INFO  main            d.u.i.k.p.i.AbstractProblemLoader Replaying proof Test[Test::a1(int)].JML normal_behavior operation contract.0 
74244      DEBUG main            d.u.i.k.p.i.IntermediateProofReplayer Proof replay took 81.61ms 
74246      DEBUG main            d.u.i.k.p.r.p.TestFile    ... success: reloaded. 
74248      INFO  main            d.u.i.k.p.r.p.TestFile    Now processing file /home/runner/work/key/key/key.core/../key.ui/examples/performance-test/Test(Test__f1(int)).JML_normal_behavior_operation_contract.0.key 
74249      INFO  main            d.u.i.k.p.i.AbstractProblemLoader Loading environment from /home/runner/work/key/key/key.core/../key.ui/examples/performance-test/Test(Test__f1(int)).JML_normal_behavior_operation_contract.0.key 
74249      DEBUG main            d.u.i.k.p.i.AbstractProblemLoader Environment load took 302.2ns 
74251      INFO  main            d.u.i.k.p.i.AbstractProblemLoader Creating init config 
78386      DEBUG main            d.u.i.k.j.r.ClassPreparationMethodBuilder clPrepBuilder: Inner Class detected. Reject building class initialisation methods. 
88066      DEBUG main            d.u.i.k.p.i.AbstractProblemLoader Init config took 13.82s 
89320      INFO  main            d.u.i.k.p.i.AbstractProblemLoader Replaying proof Test[Test::f1(int)].JML normal_behavior operation contract.0 
89325      DEBUG main            d.u.i.k.p.i.IntermediateProofReplayer Proof replay took 8.5ns 
89629      INFO  main            d.u.i.k.p.r.p.TestFile    ... finished proof: closed. 
89971      INFO  main            d.u.i.k.p.i.AbstractProblemLoader Loading environment from /home/runner/work/key/key/key.core/../key.ui/examples/performance-test/Test(Test__f1(int)).JML_normal_behavior_operation_contract.0.key.proof 
89971      DEBUG main            d.u.i.k.p.i.AbstractProblemLoader Environment load took 620.31ns 
89973      INFO  main            d.u.i.k.p.i.AbstractProblemLoader Creating init config 
94024      DEBUG main            d.u.i.k.j.r.ClassPreparationMethodBuilder clPrepBuilder: Inner Class detected. Reject building class initialisation methods. 
103531     DEBUG main            d.u.i.k.p.i.AbstractProblemLoader Init config took 13.56s 
104750     INFO  main            d.u.i.k.p.i.AbstractProblemLoader Replaying proof Test[Test::f1(int)].JML normal_behavior operation contract.0 
104816     DEBUG main            d.u.i.k.p.i.IntermediateProofReplayer Proof replay took 62.68ms 
104818     DEBUG main            d.u.i.k.p.r.p.TestFile    ... success: reloaded. 
609680     INFO  Test worker     d.u.i.k.p.r.RunAllProofsTestUnit Returning from test performancePOConstruction 
609683     INFO  Test worker     d.u.i.k.p.r.RunAllProofsTestUnit Running test applicationRestrictions 
522        INFO  Timeout watchdog d.u.i.k.p.r.p.ForkedTestFileRunner Timeout watcher launched (2000 secs.) 
541        WARN  main            d.u.i.k.s.ProofSettings   The settings in /home/runner/.key/proof-settings.props are *not* read. 
592        INFO  main            d.u.i.k.p.r.p.TestFile    Now processing file /home/runner/work/key/key/key.core/../key.ui/examples/heap/polarity_tests/wellformed1.key 
756        INFO  main            d.u.i.k.p.i.AbstractProblemLoader Loading environment from /home/runner/work/key/key/key.core/../key.ui/examples/heap/polarity_tests/wellformed1.key 
779        DEBUG main            d.u.i.k.p.i.AbstractProblemLoader Environment load took 2.92ms 
1144       INFO  main            d.u.i.k.p.i.AbstractProblemLoader Creating init config 
2415       DEBUG main            d.u.i.k.j.TypeConverter   No LDT found for Meta 
2416       DEBUG main            d.u.i.k.j.TypeConverter   No LDT found for Meta 
2418       DEBUG main            d.u.i.k.j.TypeConverter   No LDT found for Meta 
2418       DEBUG main            d.u.i.k.j.TypeConverter   No LDT found for Meta 
4229       DEBUG main            d.u.i.k.j.TypeConverter   No LDT found for JavaBigintExpression 
10684      DEBUG main            d.u.i.k.p.i.AbstractProblemLoader Init config took 9.54s 
10761      INFO  main            d.u.i.k.p.i.AbstractProblemLoader Replaying proof wellformed1.key 
10807      DEBUG main            d.u.i.k.p.i.IntermediateProofReplayer Proof replay took 56.9ns 
10987      INFO  main            d.u.i.k.p.r.p.TestFile    ... finished proof: closed. 
11110      INFO  main            d.u.i.k.p.i.AbstractProblemLoader Loading environment from /home/runner/work/key/key/key.core/../key.ui/examples/heap/polarity_tests/wellformed1.key.proof 
11111      DEBUG main            d.u.i.k.p.i.AbstractProblemLoader Environment load took 223.71ns 
11119      INFO  main            d.u.i.k.p.i.AbstractProblemLoader Creating init config 
14845      DEBUG main            d.u.i.k.p.i.AbstractProblemLoader Init config took 3.73s 
14904      INFO  main            d.u.i.k.p.i.AbstractProblemLoader Replaying proof wellformed1.key.proof 
14913      DEBUG main            d.u.i.k.p.i.IntermediateProofReplayer Proof replay took 3.06ms 
14929      DEBUG main            d.u.i.k.p.r.p.TestFile    ... success: reloaded. 
14930      INFO  main            d.u.i.k.p.r.p.TestFile    Now processing file /home/runner/work/key/key/key.core/../key.ui/examples/heap/polarity_tests/wellformed2.key 
14931      INFO  main            d.u.i.k.p.i.AbstractProblemLoader Loading environment from /home/runner/work/key/key/key.core/../key.ui/examples/heap/polarity_tests/wellformed2.key 
14931      DEBUG main            d.u.i.k.p.i.AbstractProblemLoader Environment load took 341.31ns 
14934      INFO  main            d.u.i.k.p.i.AbstractProblemLoader Creating init config 
18501      DEBUG main            d.u.i.k.p.i.AbstractProblemLoader Init config took 3.57s 
18540      INFO  main            d.u.i.k.p.i.AbstractProblemLoader Replaying proof wellformed2.key 
18543      DEBUG main            d.u.i.k.p.i.IntermediateProofReplayer Proof replay took 7.6ns 
18647      INFO  main            d.u.i.k.p.r.p.TestFile    ... finished proof: open goal(s) 
18816      INFO  main            d.u.i.k.p.r.p.TestFile    Now processing file /home/runner/work/key/key/key.core/../key.ui/examples/heap/polarity_tests/wellformed3.key 
18817      INFO  main            d.u.i.k.p.i.AbstractProblemLoader Loading environment from /home/runner/work/key/key/key.core/../key.ui/examples/heap/polarity_tests/wellformed3.key 
18817      DEBUG main            d.u.i.k.p.i.AbstractProblemLoader Environment load took 266.11ns 
18819      INFO  main            d.u.i.k.p.i.AbstractProblemLoader Creating init config 
22267      DEBUG main            d.u.i.k.p.i.AbstractProblemLoader Init config took 3.45s 
22296      INFO  main            d.u.i.k.p.i.AbstractProblemLoader Replaying proof wellformed3.key 
22298      DEBUG main            d.u.i.k.p.i.IntermediateProofReplayer Proof replay took 24.7ns 
22401      INFO  main            d.u.i.k.p.r.p.TestFile    ... finished proof: closed. 
22576      INFO  main            d.u.i.k.p.i.AbstractProblemLoader Loading environment from /home/runner/work/key/key/key.core/../key.ui/examples/heap/polarity_tests/wellformed3.key.proof 
22576      DEBUG main            d.u.i.k.p.i.AbstractProblemLoader Environment load took 163.4ns 
22578      INFO  main            d.u.i.k.p.i.AbstractProblemLoader Creating init config 
25990      DEBUG main            d.u.i.k.p.i.AbstractProblemLoader Init config took 3.41s 
26019      INFO  main            d.u.i.k.p.i.AbstractProblemLoader Replaying proof wellformed3.key.proof 
26030      DEBUG main            d.u.i.k.p.i.IntermediateProofReplayer Proof replay took 6.48ms 
26033      DEBUG main            d.u.i.k.p.r.p.TestFile    ... success: reloaded. 
26034      INFO  main            d.u.i.k.p.r.p.TestFile    Now processing file /home/runner/work/key/key/key.core/../key.ui/examples/heap/polarity_tests/wellformed4.key 
26035      INFO  main            d.u.i.k.p.i.AbstractProblemLoader Loading environment from /home/runner/work/key/key/key.core/../key.ui/examples/heap/polarity_tests/wellformed4.key 
26035      DEBUG main            d.u.i.k.p.i.AbstractProblemLoader Environment load took 451.61ns 
26042      INFO  main            d.u.i.k.p.i.AbstractProblemLoader Creating init config 
29443      DEBUG main            d.u.i.k.p.i.AbstractProblemLoader Init config took 3.4s 
29472      INFO  main            d.u.i.k.p.i.AbstractProblemLoader Replaying proof wellformed4.key 
29475      DEBUG main            d.u.i.k.p.i.IntermediateProofReplayer Proof replay took 8.1ns 
29582      INFO  main            d.u.i.k.p.r.p.TestFile    ... finished proof: open goal(s) 
29754      INFO  main            d.u.i.k.p.r.p.TestFile    Now processing file /home/runner/work/key/key/key.core/../key.ui/examples/heap/polarity_tests/wellformed5.key 
29754      INFO  main            d.u.i.k.p.i.AbstractProblemLoader Loading environment from /home/runner/work/key/key/key.core/../key.ui/examples/heap/polarity_tests/wellformed5.key 
29754      DEBUG main            d.u.i.k.p.i.AbstractProblemLoader Environment load took 97.8ns 
29758      INFO  main            d.u.i.k.p.i.AbstractProblemLoader Creating init config 
33114      DEBUG main            d.u.i.k.p.i.AbstractProblemLoader Init config took 3.36s 
33142      INFO  main            d.u.i.k.p.i.AbstractProblemLoader Replaying proof wellformed5.key 
33146      DEBUG main            d.u.i.k.p.i.IntermediateProofReplayer Proof replay took 7.8ns 
33250      INFO  main            d.u.i.k.p.r.p.TestFile    ... finished proof: closed. 
33415      INFO  main            d.u.i.k.p.i.AbstractProblemLoader Loading environment from /home/runner/work/key/key/key.core/../key.ui/examples/heap/polarity_tests/wellformed5.key.proof 
33415      DEBUG main            d.u.i.k.p.i.AbstractProblemLoader Environment load took 137.7ns 
33418      INFO  main            d.u.i.k.p.i.AbstractProblemLoader Creating init config 
36810      DEBUG main            d.u.i.k.p.i.AbstractProblemLoader Init config took 3.39s 
36835      INFO  main            d.u.i.k.p.i.AbstractProblemLoader Replaying proof wellformed5.key.proof 
36839      DEBUG main            d.u.i.k.p.i.IntermediateProofReplayer Proof replay took 1.85ms 
36841      DEBUG main            d.u.i.k.p.r.p.TestFile    ... success: reloaded. 
36842      INFO  main            d.u.i.k.p.r.p.TestFile    Now processing file /home/runner/work/key/key/key.core/../key.ui/examples/heap/polarity_tests/wellformed6.key 
36843      INFO  main            d.u.i.k.p.i.AbstractProblemLoader Loading environment from /home/runner/work/key/key/key.core/../key.ui/examples/heap/polarity_tests/wellformed6.key 
36843      DEBUG main            d.u.i.k.p.i.AbstractProblemLoader Environment load took 369.11ns 
36844      INFO  main            d.u.i.k.p.i.AbstractProblemLoader Creating init config 
40148      DEBUG main            d.u.i.k.p.i.AbstractProblemLoader Init config took 3.3s 
40174      INFO  main            d.u.i.k.p.i.AbstractProblemLoader Replaying proof wellformed6.key 
40176      DEBUG main            d.u.i.k.p.i.IntermediateProofReplayer Proof replay took 7.2ns 
40278      INFO  main            d.u.i.k.p.r.p.TestFile    ... finished proof: open goal(s) 
40456      INFO  main            d.u.i.k.p.r.p.TestFile    Now processing file /home/runner/work/key/key/key.core/../key.ui/examples/heap/polarity_tests/wellformed7.key 
40456      INFO  main            d.u.i.k.p.i.AbstractProblemLoader Loading environment from /home/runner/work/key/key/key.core/../key.ui/examples/heap/polarity_tests/wellformed7.key 
40456      DEBUG main            d.u.i.k.p.i.AbstractProblemLoader Environment load took 91.5ns 
40458      INFO  main            d.u.i.k.p.i.AbstractProblemLoader Creating init config 
43725      DEBUG main            d.u.i.k.p.i.AbstractProblemLoader Init config took 3.27s 
43751      INFO  main            d.u.i.k.p.i.AbstractProblemLoader Replaying proof wellformed7.key 
43754      DEBUG main            d.u.i.k.p.i.IntermediateProofReplayer Proof replay took 9.4ns 
43857      INFO  main            d.u.i.k.p.r.p.TestFile    ... finished proof: closed. 
44023      INFO  main            d.u.i.k.p.i.AbstractProblemLoader Loading environment from /home/runner/work/key/key/key.core/../key.ui/examples/heap/polarity_tests/wellformed7.key.proof 
44024      DEBUG main            d.u.i.k.p.i.AbstractProblemLoader Environment load took 1.56ms 
44026      INFO  main            d.u.i.k.p.i.AbstractProblemLoader Creating init config 
47328      DEBUG main            d.u.i.k.p.i.AbstractProblemLoader Init config took 3.3s 
47352      INFO  main            d.u.i.k.p.i.AbstractProblemLoader Replaying proof wellformed7.key.proof 
47356      DEBUG main            d.u.i.k.p.i.IntermediateProofReplayer Proof replay took 2.27ms 
47358      DEBUG main            d.u.i.k.p.r.p.TestFile    ... success: reloaded. 
47359      INFO  main            d.u.i.k.p.r.p.TestFile    Now processing file /home/runner/work/key/key/key.core/../key.ui/examples/heap/polarity_tests/wellformed8.key 
47359      INFO  main            d.u.i.k.p.i.AbstractProblemLoader Loading environment from /home/runner/work/key/key/key.core/../key.ui/examples/heap/polarity_tests/wellformed8.key 
47359      DEBUG main            d.u.i.k.p.i.AbstractProblemLoader Environment load took 283.81ns 
47361      INFO  main            d.u.i.k.p.i.AbstractProblemLoader Creating init config 
50639      DEBUG main            d.u.i.k.p.i.AbstractProblemLoader Init config took 3.28s 
50664      INFO  main            d.u.i.k.p.i.AbstractProblemLoader Replaying proof wellformed8.key 
50666      DEBUG main            d.u.i.k.p.i.IntermediateProofReplayer Proof replay took 10.1ns 
50770      INFO  main            d.u.i.k.p.r.p.TestFile    ... finished proof: open goal(s) 
50969      INFO  main            d.u.i.k.p.r.p.TestFile    Now processing file /home/runner/work/key/key/key.core/../key.ui/examples/heap/polarity_tests/wellformed9.key 
50969      INFO  main            d.u.i.k.p.i.AbstractProblemLoader Loading environment from /home/runner/work/key/key/key.core/../key.ui/examples/heap/polarity_tests/wellformed9.key 
50969      DEBUG main            d.u.i.k.p.i.AbstractProblemLoader Environment load took 87.6ns 
50971      INFO  main            d.u.i.k.p.i.AbstractProblemLoader Creating init config 
54182      DEBUG main            d.u.i.k.p.i.AbstractProblemLoader Init config took 3.21s 
54207      INFO  main            d.u.i.k.p.i.AbstractProblemLoader Replaying proof wellformed9.key 
54209      DEBUG main            d.u.i.k.p.i.IntermediateProofReplayer Proof replay took 8.5ns 
54312      INFO  main            d.u.i.k.p.r.p.TestFile    ... finished proof: closed. 
54527      INFO  main            d.u.i.k.p.i.AbstractProblemLoader Loading environment from /home/runner/work/key/key/key.core/../key.ui/examples/heap/polarity_tests/wellformed9.key.proof 
54529      DEBUG main            d.u.i.k.p.i.AbstractProblemLoader Environment load took 1.59ms 
54531      INFO  main            d.u.i.k.p.i.AbstractProblemLoader Creating init config 
57752      DEBUG main            d.u.i.k.p.i.AbstractProblemLoader Init config took 3.22s 
57777      INFO  main            d.u.i.k.p.i.AbstractProblemLoader Replaying proof wellformed9.key.proof 
57782      DEBUG main            d.u.i.k.p.i.IntermediateProofReplayer Proof replay took 1.83ms 
57784      DEBUG main            d.u.i.k.p.r.p.TestFile    ... success: reloaded. 
57785      INFO  main            d.u.i.k.p.r.p.TestFile    Now processing file /home/runner/work/key/key/key.core/../key.ui/examples/heap/polarity_tests/wellformed10.key 
57786      INFO  main            d.u.i.k.p.i.AbstractProblemLoader Loading environment from /home/runner/work/key/key/key.core/../key.ui/examples/heap/polarity_tests/wellformed10.key 
57786      DEBUG main            d.u.i.k.p.i.AbstractProblemLoader Environment load took 314.9ns 
57788      INFO  main            d.u.i.k.p.i.AbstractProblemLoader Creating init config 
61122      DEBUG main            d.u.i.k.p.i.AbstractProblemLoader Init config took 3.33s 
61142      INFO  main            d.u.i.k.p.i.AbstractProblemLoader Replaying proof wellformed10.key 
61144      DEBUG main            d.u.i.k.p.i.IntermediateProofReplayer Proof replay took 9.2ns 
61250      INFO  main            d.u.i.k.p.r.p.TestFile    ... finished proof: open goal(s) 
61463      INFO  main            d.u.i.k.p.r.p.TestFile    Now processing file /home/runner/work/key/key/key.core/../key.ui/examples/heap/polarity_tests/wellformed11.key 
61464      INFO  main            d.u.i.k.p.i.AbstractProblemLoader Loading environment from /home/runner/work/key/key/key.core/../key.ui/examples/heap/polarity_tests/wellformed11.key 
61464      DEBUG main            d.u.i.k.p.i.AbstractProblemLoader Environment load took 95.4ns 
61467      INFO  main            d.u.i.k.p.i.AbstractProblemLoader Creating init config 
64600      DEBUG main            d.u.i.k.p.i.AbstractProblemLoader Init config took 3.13s 
64619      INFO  main            d.u.i.k.p.i.AbstractProblemLoader Replaying proof wellformed11.key 
64621      DEBUG main            d.u.i.k.p.i.IntermediateProofReplayer Proof replay took 6.7ns 
64725      INFO  main            d.u.i.k.p.r.p.TestFile    ... finished proof: open goal(s) 
674818     INFO  Test worker     d.u.i.k.p.r.RunAllProofsTestUnit Returning from test applicationRestrictions 
674821     INFO  Test worker     d.u.i.k.p.r.RunAllProofsTestUnit Running test blockContracts 
484        INFO  Timeout watchdog d.u.i.k.p.r.p.ForkedTestFileRunner Timeout watcher launched (2000 secs.) 
520        WARN  main            d.u.i.k.s.ProofSettings   The settings in /home/runner/.key/proof-settings.props are *not* read. 
562        INFO  main            d.u.i.k.p.r.p.TestFile    Now processing file /home/runner/work/key/key/key.core/../key.ui/examples/heap/block_contracts/Simple__add.key 
694        INFO  main            d.u.i.k.p.i.AbstractProblemLoader Loading environment from /home/runner/work/key/key/key.core/../key.ui/examples/heap/block_contracts/Simple__add.key 
715        DEBUG main            d.u.i.k.p.i.AbstractProblemLoader Environment load took 2.59ms 
1024       INFO  main            d.u.i.k.p.i.AbstractProblemLoader Creating init config 
2350       DEBUG main            d.u.i.k.j.TypeConverter   No LDT found for Meta 
2351       DEBUG main            d.u.i.k.j.TypeConverter   No LDT found for Meta 
2353       DEBUG main            d.u.i.k.j.TypeConverter   No LDT found for Meta 
2353       DEBUG main            d.u.i.k.j.TypeConverter   No LDT found for Meta 
4038       DEBUG main            d.u.i.k.j.TypeConverter   No LDT found for JavaBigintExpression 
11667      DEBUG main            d.u.i.k.p.i.AbstractProblemLoader Init config took 10.64s 
11903      INFO  main            d.u.i.k.p.i.AbstractProblemLoader Replaying proof Simple[Simple::add(int,int)].JML operation contract.0 
12027      DEBUG main            d.u.i.k.p.i.IntermediateProofReplayer Proof replay took 443.81ns 
12893      INFO  main            d.u.i.k.p.r.p.TestFile    ... finished proof: closed. 
13051      INFO  main            d.u.i.k.p.i.AbstractProblemLoader Loading environment from /home/runner/work/key/key/key.core/../key.ui/examples/heap/block_contracts/Simple__add.key.proof 
13055      DEBUG main            d.u.i.k.p.i.AbstractProblemLoader Environment load took 3.19ms 
13058      INFO  main            d.u.i.k.p.i.AbstractProblemLoader Creating init config 
17571      DEBUG main            d.u.i.k.p.i.AbstractProblemLoader Init config took 4.51s 
17668      INFO  main            d.u.i.k.p.i.AbstractProblemLoader Replaying proof Simple[Simple::add(int,int)].JML operation contract.0 
17789      DEBUG main            d.u.i.k.p.i.IntermediateProofReplayer Proof replay took 114.54ms 
17801      DEBUG main            d.u.i.k.p.r.p.TestFile    ... success: reloaded. 
17806      INFO  main            d.u.i.k.p.r.p.TestFile    Now processing file /home/runner/work/key/key/key.core/../key.ui/examples/heap/block_contracts/Simple__addAbsoluteValues.key 
17806      INFO  main            d.u.i.k.p.i.AbstractProblemLoader Loading environment from /home/runner/work/key/key/key.core/../key.ui/examples/heap/block_contracts/Simple__addAbsoluteValues.key 
17807      DEBUG main            d.u.i.k.p.i.AbstractProblemLoader Environment load took 373.21ns 
17812      INFO  main            d.u.i.k.p.i.AbstractProblemLoader Creating init config 
22000      DEBUG main            d.u.i.k.p.i.AbstractProblemLoader Init config took 4.19s 
22086      INFO  main            d.u.i.k.p.i.AbstractProblemLoader Replaying proof Simple[Simple::addAbsoluteValues(int,int)].JML normal_behavior operation contract.0 
22090      DEBUG main            d.u.i.k.p.i.IntermediateProofReplayer Proof replay took 17.4ns 
23512      INFO  main            d.u.i.k.p.r.p.TestFile    ... finished proof: closed. 
23764      INFO  main            d.u.i.k.p.i.AbstractProblemLoader Loading environment from /home/runner/work/key/key/key.core/../key.ui/examples/heap/block_contracts/Simple__addAbsoluteValues.key.proof 
23766      DEBUG main            d.u.i.k.p.i.AbstractProblemLoader Environment load took 1.53ms 
23771      INFO  main            d.u.i.k.p.i.AbstractProblemLoader Creating init config 
27921      DEBUG main            d.u.i.k.p.i.AbstractProblemLoader Init config took 4.15s 
27993      INFO  main            d.u.i.k.p.i.AbstractProblemLoader Replaying proof Simple[Simple::addAbsoluteValues(int,int)].JML normal_behavior operation contract.0 
28308      DEBUG main            d.u.i.k.p.i.IntermediateProofReplayer Proof replay took 305.51ms 
28310      DEBUG main            d.u.i.k.p.r.p.TestFile    ... success: reloaded. 
28312      INFO  main            d.u.i.k.p.r.p.TestFile    Now processing file /home/runner/work/key/key/key.core/../key.ui/examples/heap/block_contracts/Simple__addWithJump.key 
28313      INFO  main            d.u.i.k.p.i.AbstractProblemLoader Loading environment from /home/runner/work/key/key/key.core/../key.ui/examples/heap/block_contracts/Simple__addWithJump.key 
28313      DEBUG main            d.u.i.k.p.i.AbstractProblemLoader Environment load took 337.51ns 
28314      INFO  main            d.u.i.k.p.i.AbstractProblemLoader Creating init config 
32350      DEBUG main            d.u.i.k.p.i.AbstractProblemLoader Init config took 4.04s 
32450      INFO  main            d.u.i.k.p.i.AbstractProblemLoader Replaying proof Simple[Simple::addWithJump(int,int,int)].JML operation contract.0 
32457      DEBUG main            d.u.i.k.p.i.IntermediateProofReplayer Proof replay took 26.4ns 
32764      INFO  main            d.u.i.k.p.r.p.TestFile    ... finished proof: closed. 
32991      INFO  main            d.u.i.k.p.i.AbstractProblemLoader Loading environment from /home/runner/work/key/key/key.core/../key.ui/examples/heap/block_contracts/Simple__addWithJump.key.proof 
32992      DEBUG main            d.u.i.k.p.i.AbstractProblemLoader Environment load took 581.11ns 
32993      INFO  main            d.u.i.k.p.i.AbstractProblemLoader Creating init config 
36950      DEBUG main            d.u.i.k.p.i.AbstractProblemLoader Init config took 3.96s 
37012      INFO  main            d.u.i.k.p.i.AbstractProblemLoader Replaying proof Simple[Simple::addWithJump(int,int,int)].JML operation contract.0 
37081      DEBUG main            d.u.i.k.p.i.IntermediateProofReplayer Proof replay took 64.86ms 
37083      DEBUG main            d.u.i.k.p.r.p.TestFile    ... success: reloaded. 
37084      INFO  main            d.u.i.k.p.r.p.TestFile    Now processing file /home/runner/work/key/key/key.core/../key.ui/examples/heap/block_contracts/Simple__addWithTwoBlockContracts.key 
37086      INFO  main            d.u.i.k.p.i.AbstractProblemLoader Loading environment from /home/runner/work/key/key/key.core/../key.ui/examples/heap/block_contracts/Simple__addWithTwoBlockContracts.key 
37086      DEBUG main            d.u.i.k.p.i.AbstractProblemLoader Environment load took 307.7ns 
37087      INFO  main            d.u.i.k.p.i.AbstractProblemLoader Creating init config 
41064      DEBUG main            d.u.i.k.p.i.AbstractProblemLoader Init config took 3.98s 
41123      INFO  main            d.u.i.k.p.i.AbstractProblemLoader Replaying proof Simple[Simple::addWithTwoBlockContracts(int,int,int)].JML operation contract.0 
41127      DEBUG main            d.u.i.k.p.i.IntermediateProofReplayer Proof replay took 15.3ns 
41431      INFO  main            d.u.i.k.p.r.p.TestFile    ... finished proof: closed. 
41683      INFO  main            d.u.i.k.p.i.AbstractProblemLoader Loading environment from /home/runner/work/key/key/key.core/../key.ui/examples/heap/block_contracts/Simple__addWithTwoBlockContracts.key.proof 
41686      DEBUG main            d.u.i.k.p.i.AbstractProblemLoader Environment load took 2.98ms 
41688      INFO  main            d.u.i.k.p.i.AbstractProblemLoader Creating init config 
45613      DEBUG main            d.u.i.k.p.i.AbstractProblemLoader Init config took 3.93s 
45676      INFO  main            d.u.i.k.p.i.AbstractProblemLoader Replaying proof Simple[Simple::addWithTwoBlockContracts(int,int,int)].JML operation contract.0 
45782      DEBUG main            d.u.i.k.p.i.IntermediateProofReplayer Proof replay took 102.32ms 
45784      DEBUG main            d.u.i.k.p.r.p.TestFile    ... success: reloaded. 
45786      INFO  main            d.u.i.k.p.r.p.TestFile    Now processing file /home/runner/work/key/key/key.core/../key.ui/examples/heap/block_contracts/Simple__generateByteArray.key 
45786      INFO  main            d.u.i.k.p.i.AbstractProblemLoader Loading environment from /home/runner/work/key/key/key.core/../key.ui/examples/heap/block_contracts/Simple__generateByteArray.key 
45786      DEBUG main            d.u.i.k.p.i.AbstractProblemLoader Environment load took 371.41ns 
45788      INFO  main            d.u.i.k.p.i.AbstractProblemLoader Creating init config 
49738      DEBUG main            d.u.i.k.p.i.AbstractProblemLoader Init config took 3.95s 
49808      INFO  main            d.u.i.k.p.i.AbstractProblemLoader Replaying proof Simple[Simple::generateByteArray()].JML normal_behavior operation contract.0 
49812      DEBUG main            d.u.i.k.p.i.IntermediateProofReplayer Proof replay took 12.9ns 
52747      INFO  main            d.u.i.k.p.r.p.TestFile    ... finished proof: closed. 
53042      INFO  main            d.u.i.k.p.i.AbstractProblemLoader Loading environment from /home/runner/work/key/key/key.core/../key.ui/examples/heap/block_contracts/Simple__generateByteArray.key.proof 
53042      DEBUG main            d.u.i.k.p.i.AbstractProblemLoader Environment load took 182.2ns 
53044      INFO  main            d.u.i.k.p.i.AbstractProblemLoader Creating init config 
56924      DEBUG main            d.u.i.k.p.i.AbstractProblemLoader Init config took 3.88s 
57003      INFO  main            d.u.i.k.p.i.AbstractProblemLoader Replaying proof Simple[Simple::generateByteArray()].JML normal_behavior operation contract.0 
57414      DEBUG main            d.u.i.k.p.i.IntermediateProofReplayer Proof replay took 390.68ms 
57416      DEBUG main            d.u.i.k.p.r.p.TestFile    ... success: reloaded. 
57417      INFO  main            d.u.i.k.p.r.p.TestFile    Now processing file /home/runner/work/key/key/key.core/../key.ui/examples/heap/block_contracts/Simple__getLength.key 
57418      INFO  main            d.u.i.k.p.i.AbstractProblemLoader Loading environment from /home/runner/work/key/key/key.core/../key.ui/examples/heap/block_contracts/Simple__getLength.key 
57418      DEBUG main            d.u.i.k.p.i.AbstractProblemLoader Environment load took 278ns 
57419      INFO  main            d.u.i.k.p.i.AbstractProblemLoader Creating init config 
61391      DEBUG main            d.u.i.k.p.i.AbstractProblemLoader Init config took 3.97s 
61483      INFO  main            d.u.i.k.p.i.AbstractProblemLoader Replaying proof Simple[Simple::getLength()].JML normal_behavior operation contract.0 
61486      DEBUG main            d.u.i.k.p.i.IntermediateProofReplayer Proof replay took 21.5ns 
61589      INFO  main            d.u.i.k.p.r.p.TestFile    ... finished proof: closed. 
61890      INFO  main            d.u.i.k.p.i.AbstractProblemLoader Loading environment from /home/runner/work/key/key/key.core/../key.ui/examples/heap/block_contracts/Simple__getLength.key.proof 
61890      DEBUG main            d.u.i.k.p.i.AbstractProblemLoader Environment load took 139.2ns 
61892      INFO  main            d.u.i.k.p.i.AbstractProblemLoader Creating init config 
65799      DEBUG main            d.u.i.k.p.i.AbstractProblemLoader Init config took 3.91s 
65853      INFO  main            d.u.i.k.p.i.AbstractProblemLoader Replaying proof Simple[Simple::getLength()].JML normal_behavior operation contract.0 
65865      DEBUG main            d.u.i.k.p.i.IntermediateProofReplayer Proof replay took 9.83ms 
65866      DEBUG main            d.u.i.k.p.r.p.TestFile    ... success: reloaded. 
65867      INFO  main            d.u.i.k.p.r.p.TestFile    Now processing file /home/runner/work/key/key/key.core/../key.ui/examples/heap/block_contracts/Simple__square.key 
65868      INFO  main            d.u.i.k.p.i.AbstractProblemLoader Loading environment from /home/runner/work/key/key/key.core/../key.ui/examples/heap/block_contracts/Simple__square.key 
65868      DEBUG main            d.u.i.k.p.i.AbstractProblemLoader Environment load took 135.9ns 
65870      INFO  main            d.u.i.k.p.i.AbstractProblemLoader Creating init config 
69815      DEBUG main            d.u.i.k.p.i.AbstractProblemLoader Init config took 3.94s 
69870      INFO  main            d.u.i.k.p.i.AbstractProblemLoader Replaying proof Simple[Simple::square(int)].JML operation contract.0 
69873      DEBUG main            d.u.i.k.p.i.IntermediateProofReplayer Proof replay took 16.3ns 
70480      INFO  main            d.u.i.k.p.r.p.TestFile    ... finished proof: closed. 
70712      INFO  main            d.u.i.k.p.i.AbstractProblemLoader Loading environment from /home/runner/work/key/key/key.core/../key.ui/examples/heap/block_contracts/Simple__square.key.proof 
70713      DEBUG main            d.u.i.k.p.i.AbstractProblemLoader Environment load took 785.61ns 
70715      INFO  main            d.u.i.k.p.i.AbstractProblemLoader Creating init config 
74560      DEBUG main            d.u.i.k.p.i.AbstractProblemLoader Init config took 3.84s 
74617      INFO  main            d.u.i.k.p.i.AbstractProblemLoader Replaying proof Simple[Simple::square(int)].JML operation contract.0 
74771      DEBUG main            d.u.i.k.p.i.IntermediateProofReplayer Proof replay took 148.55ms 
74772      DEBUG main            d.u.i.k.p.r.p.TestFile    ... success: reloaded. 
74774      INFO  main            d.u.i.k.p.r.p.TestFile    Now processing file /home/runner/work/key/key/key.core/../key.ui/examples/heap/block_contracts/Simple__unnecessaryBlockContract.key 
74774      INFO  main            d.u.i.k.p.i.AbstractProblemLoader Loading environment from /home/runner/work/key/key/key.core/../key.ui/examples/heap/block_contracts/Simple__unnecessaryBlockContract.key 
74775      DEBUG main            d.u.i.k.p.i.AbstractProblemLoader Environment load took 274.9ns 
74776      INFO  main            d.u.i.k.p.i.AbstractProblemLoader Creating init config 
78772      DEBUG main            d.u.i.k.p.i.AbstractProblemLoader Init config took 4s 
78851      INFO  main            d.u.i.k.p.i.AbstractProblemLoader Replaying proof Simple[Simple::unnecessaryBlockContract()].JML operation contract.0 
78855      DEBUG main            d.u.i.k.p.i.IntermediateProofReplayer Proof replay took 16.5ns 
78957      INFO  main            d.u.i.k.p.r.p.TestFile    ... finished proof: closed. 
79215      INFO  main            d.u.i.k.p.i.AbstractProblemLoader Loading environment from /home/runner/work/key/key/key.core/../key.ui/examples/heap/block_contracts/Simple__unnecessaryBlockContract.key.proof 
79215      DEBUG main            d.u.i.k.p.i.AbstractProblemLoader Environment load took 184.9ns 
79218      INFO  main            d.u.i.k.p.i.AbstractProblemLoader Creating init config 
83018      DEBUG main            d.u.i.k.p.i.AbstractProblemLoader Init config took 3.8s 
83068      INFO  main            d.u.i.k.p.i.AbstractProblemLoader Replaying proof Simple[Simple::unnecessaryBlockContract()].JML operation contract.0 
83103      DEBUG main            d.u.i.k.p.i.IntermediateProofReplayer Proof replay took 31.94ms 
83104      DEBUG main            d.u.i.k.p.r.p.TestFile    ... success: reloaded. 
83106      INFO  main            d.u.i.k.p.r.p.TestFile    Now processing file /home/runner/work/key/key/key.core/../key.ui/examples/heap/block_contracts/Simple__unnecessaryLoopInvariant.key 
83106      INFO  main            d.u.i.k.p.i.AbstractProblemLoader Loading environment from /home/runner/work/key/key/key.core/../key.ui/examples/heap/block_contracts/Simple__unnecessaryLoopInvariant.key 
83106      DEBUG main            d.u.i.k.p.i.AbstractProblemLoader Environment load took 130.4ns 
83107      INFO  main            d.u.i.k.p.i.AbstractProblemLoader Creating init config 
86943      DEBUG main            d.u.i.k.p.i.AbstractProblemLoader Init config took 3.84s 
86994      INFO  main            d.u.i.k.p.i.AbstractProblemLoader Replaying proof Simple[Simple::unnecessaryLoopInvariant()].JML operation contract.0 
86996      DEBUG main            d.u.i.k.p.i.IntermediateProofReplayer Proof replay took 14.9ns 
87098      INFO  main            d.u.i.k.p.r.p.TestFile    ... finished proof: closed. 
87368      INFO  main            d.u.i.k.p.i.AbstractProblemLoader Loading environment from /home/runner/work/key/key/key.core/../key.ui/examples/heap/block_contracts/Simple__unnecessaryLoopInvariant.key.proof 
87368      DEBUG main            d.u.i.k.p.i.AbstractProblemLoader Environment load took 152.5ns 
87371      INFO  main            d.u.i.k.p.i.AbstractProblemLoader Creating init config 
91190      DEBUG main            d.u.i.k.p.i.AbstractProblemLoader Init config took 3.82s 
91240      INFO  main            d.u.i.k.p.i.AbstractProblemLoader Replaying proof Simple[Simple::unnecessaryLoopInvariant()].JML operation contract.0 
91266      DEBUG main            d.u.i.k.p.i.IntermediateProofReplayer Proof replay took 22.56ms 
91268      DEBUG main            d.u.i.k.p.r.p.TestFile    ... success: reloaded. 
91270      INFO  main            d.u.i.k.p.r.p.TestFile    Now processing file /home/runner/work/key/key/key.core/../key.ui/examples/standard_key/java_dl/jml-assert/assert.key 
91271      INFO  main            d.u.i.k.p.i.AbstractProblemLoader Loading environment from /home/runner/work/key/key/key.core/../key.ui/examples/standard_key/java_dl/jml-assert/assert.key 
91271      DEBUG main            d.u.i.k.p.i.AbstractProblemLoader Environment load took 280.11ns 
91272      INFO  main            d.u.i.k.p.i.AbstractProblemLoader Creating init config 
94640      DEBUG main            d.u.i.k.p.i.AbstractProblemLoader Init config took 3.37s 
94714      INFO  main            d.u.i.k.p.i.AbstractProblemLoader Replaying proof Assert[Assert::createArray(int)].JML normal_behavior operation contract.0 
94717      DEBUG main            d.u.i.k.p.i.IntermediateProofReplayer Proof replay took 9.5ns 
95021      INFO  main            d.u.i.k.p.r.p.TestFile    ... finished proof: closed. 
95278      INFO  main            d.u.i.k.p.i.AbstractProblemLoader Loading environment from /home/runner/work/key/key/key.core/../key.ui/examples/standard_key/java_dl/jml-assert/assert.key.proof 
95278      DEBUG main            d.u.i.k.p.i.AbstractProblemLoader Environment load took 136.1ns 
95279      INFO  main            d.u.i.k.p.i.AbstractProblemLoader Creating init config 
98607      DEBUG main            d.u.i.k.p.i.AbstractProblemLoader Init config took 3.33s 
98665      INFO  main            d.u.i.k.p.i.AbstractProblemLoader Replaying proof Assert[Assert::createArray(int)].JML normal_behavior operation contract.0 
98739      DEBUG main            d.u.i.k.p.i.IntermediateProofReplayer Proof replay took 70.89ms 
98740      DEBUG main            d.u.i.k.p.r.p.TestFile    ... success: reloaded. 
98742      INFO  main            d.u.i.k.p.r.p.TestFile    Now processing file /home/runner/work/key/key/key.core/../key.ui/examples/standard_key/java_dl/jml-assert/assert_assume_order.key 
98743      INFO  main            d.u.i.k.p.i.AbstractProblemLoader Loading environment from /home/runner/work/key/key/key.core/../key.ui/examples/standard_key/java_dl/jml-assert/assert_assume_order.key 
98743      DEBUG main            d.u.i.k.p.i.AbstractProblemLoader Environment load took 285.4ns 
98744      INFO  main            d.u.i.k.p.i.AbstractProblemLoader Creating init config 
102060     DEBUG main            d.u.i.k.p.i.AbstractProblemLoader Init config took 3.32s 
102107     INFO  main            d.u.i.k.p.i.AbstractProblemLoader Replaying proof AssertAssume[AssertAssume::singleAssumeAssert(int)].JML normal_behavior operation contract.0 
102109     DEBUG main            d.u.i.k.p.i.IntermediateProofReplayer Proof replay took 8ns 
102211     INFO  main            d.u.i.k.p.r.p.TestFile    ... finished proof: closed. 
102476     INFO  main            d.u.i.k.p.i.AbstractProblemLoader Loading environment from /home/runner/work/key/key/key.core/../key.ui/examples/standard_key/java_dl/jml-assert/assert_assume_order.key.proof 
102476     DEBUG main            d.u.i.k.p.i.AbstractProblemLoader Environment load took 141.1ns 
102478     INFO  main            d.u.i.k.p.i.AbstractProblemLoader Creating init config 
105861     DEBUG main            d.u.i.k.p.i.AbstractProblemLoader Init config took 3.38s 
105908     INFO  main            d.u.i.k.p.i.AbstractProblemLoader Replaying proof AssertAssume[AssertAssume::singleAssumeAssert(int)].JML normal_behavior operation contract.0 
105926     DEBUG main            d.u.i.k.p.i.IntermediateProofReplayer Proof replay took 15.34ms 
105929     DEBUG main            d.u.i.k.p.r.p.TestFile    ... success: reloaded. 
105932     INFO  main            d.u.i.k.p.r.p.TestFile    Now processing file /home/runner/work/key/key/key.core/../key.ui/examples/heap/block_loop_contracts/SimpleVariants/sum_onBlock_external.key 
105933     INFO  main            d.u.i.k.p.i.AbstractProblemLoader Loading environment from /home/runner/work/key/key/key.core/../key.ui/examples/heap/block_loop_contracts/SimpleVariants/sum_onBlock_external.key 
105937     DEBUG main            d.u.i.k.p.i.AbstractProblemLoader Environment load took 4.37ms 
105939     INFO  main            d.u.i.k.p.i.AbstractProblemLoader Creating init config 
109477     DEBUG main            d.u.i.k.p.i.AbstractProblemLoader Init config took 3.54s 
109523     INFO  main            d.u.i.k.p.i.AbstractProblemLoader Replaying proof LoopContractExamplesAll[LoopContractExamplesAll::sum_loopContract_onBlock([I)].JML normal_behavior operation contract.0 
109526     DEBUG main            d.u.i.k.p.i.IntermediateProofReplayer Proof replay took 12.8ns 
109729     INFO  main            d.u.i.k.p.r.p.TestFile    ... finished proof: closed. 
110025     INFO  main            d.u.i.k.p.i.AbstractProblemLoader Loading environment from /home/runner/work/key/key/key.core/../key.ui/examples/heap/block_loop_contracts/SimpleVariants/sum_onBlock_external.key.proof 
110025     DEBUG main            d.u.i.k.p.i.AbstractProblemLoader Environment load took 142.7ns 
110026     INFO  main            d.u.i.k.p.i.AbstractProblemLoader Creating init config 
113569     DEBUG main            d.u.i.k.p.i.AbstractProblemLoader Init config took 3.54s 
113613     INFO  main            d.u.i.k.p.i.AbstractProblemLoader Replaying proof LoopContractExamplesAll[LoopContractExamplesAll::sum_loopContract_onBlock([I)].JML normal_behavior operation contract.0 
113665     DEBUG main            d.u.i.k.p.i.IntermediateProofReplayer Proof replay took 49.75ms 
113667     DEBUG main            d.u.i.k.p.r.p.TestFile    ... success: reloaded. 
113668     INFO  main            d.u.i.k.p.r.p.TestFile    Now processing file /home/runner/work/key/key/key.core/../key.ui/examples/heap/block_loop_contracts/SimpleVariants/sum_onBlock_internal.key 
113669     INFO  main            d.u.i.k.p.i.AbstractProblemLoader Loading environment from /home/runner/work/key/key/key.core/../key.ui/examples/heap/block_loop_contracts/SimpleVariants/sum_onBlock_internal.key 
113669     DEBUG main            d.u.i.k.p.i.AbstractProblemLoader Environment load took 389.81ns 
113670     INFO  main            d.u.i.k.p.i.AbstractProblemLoader Creating init config 
117344     DEBUG main            d.u.i.k.p.i.AbstractProblemLoader Init config took 3.67s 
117389     INFO  main            d.u.i.k.p.i.AbstractProblemLoader Replaying proof LoopContractExamplesAll[LoopContractExamplesAll::sum_loopContract_onBlock([I)].JML normal_behavior operation contract.0 
117392     DEBUG main            d.u.i.k.p.i.IntermediateProofReplayer Proof replay took 13.9ns 
118296     INFO  main            d.u.i.k.p.r.p.TestFile    ... finished proof: closed. 
118624     INFO  main            d.u.i.k.p.i.AbstractProblemLoader Loading environment from /home/runner/work/key/key/key.core/../key.ui/examples/heap/block_loop_contracts/SimpleVariants/sum_onBlock_internal.key.proof 
118624     DEBUG main            d.u.i.k.p.i.AbstractProblemLoader Environment load took 155.9ns 
118626     INFO  main            d.u.i.k.p.i.AbstractProblemLoader Creating init config 
122129     DEBUG main            d.u.i.k.p.i.AbstractProblemLoader Init config took 3.5s 
122172     INFO  main            d.u.i.k.p.i.AbstractProblemLoader Replaying proof LoopContractExamplesAll[LoopContractExamplesAll::sum_loopContract_onBlock([I)].JML normal_behavior operation contract.0 
122551     DEBUG main            d.u.i.k.p.i.IntermediateProofReplayer Proof replay took 372.85ms 
122553     DEBUG main            d.u.i.k.p.r.p.TestFile    ... success: reloaded. 
122554     INFO  main            d.u.i.k.p.r.p.TestFile    Now processing file /home/runner/work/key/key/key.core/../key.ui/examples/heap/block_loop_contracts/SimpleVariants/sum_onBlock_loop.key 
122555     INFO  main            d.u.i.k.p.i.AbstractProblemLoader Loading environment from /home/runner/work/key/key/key.core/../key.ui/examples/heap/block_loop_contracts/SimpleVariants/sum_onBlock_loop.key 
122555     DEBUG main            d.u.i.k.p.i.AbstractProblemLoader Environment load took 160.5ns 
122556     INFO  main            d.u.i.k.p.i.AbstractProblemLoader Creating init config 
126224     DEBUG main            d.u.i.k.p.i.AbstractProblemLoader Init config took 3.67s 
126271     INFO  main            d.u.i.k.p.i.AbstractProblemLoader Replaying proof LoopContractExamplesAll[LoopContractExamplesAll::sum_loopContract_onBlock([I)].JML normal_behavior loop contract.0 
126273     DEBUG main            d.u.i.k.p.i.IntermediateProofReplayer Proof replay took 13.5ns 
127377     INFO  main            d.u.i.k.p.r.p.TestFile    ... finished proof: closed. 
127733     INFO  main            d.u.i.k.p.i.AbstractProblemLoader Loading environment from /home/runner/work/key/key/key.core/../key.ui/examples/heap/block_loop_contracts/SimpleVariants/sum_onBlock_loop.key.proof 
127733     DEBUG main            d.u.i.k.p.i.AbstractProblemLoader Environment load took 733.01ns 
127735     INFO  main            d.u.i.k.p.i.AbstractProblemLoader Creating init config 
131279     DEBUG main            d.u.i.k.p.i.AbstractProblemLoader Init config took 3.54s 
131326     INFO  main            d.u.i.k.p.i.AbstractProblemLoader Replaying proof LoopContractExamplesAll[LoopContractExamplesAll::sum_loopContract_onBlock([I)].JML normal_behavior loop contract.0 
131676     DEBUG main            d.u.i.k.p.i.IntermediateProofReplayer Proof replay took 344.58ms 
131677     DEBUG main            d.u.i.k.p.r.p.TestFile    ... success: reloaded. 
131678     INFO  main            d.u.i.k.p.r.p.TestFile    Now processing file /home/runner/work/key/key/key.core/../key.ui/examples/heap/block_loop_contracts/SimpleVariants/sum_onLoop_external.key 
131679     INFO  main            d.u.i.k.p.i.AbstractProblemLoader Loading environment from /home/runner/work/key/key/key.core/../key.ui/examples/heap/block_loop_contracts/SimpleVariants/sum_onLoop_external.key 
131679     DEBUG main            d.u.i.k.p.i.AbstractProblemLoader Environment load took 113.3ns 
131680     INFO  main            d.u.i.k.p.i.AbstractProblemLoader Creating init config 
135343     DEBUG main            d.u.i.k.p.i.AbstractProblemLoader Init config took 3.66s 
135388     INFO  main            d.u.i.k.p.i.AbstractProblemLoader Replaying proof LoopContractExamplesAll[LoopContractExamplesAll::sum_loopContract_onLoop([I)].JML normal_behavior operation contract.0 
135392     DEBUG main            d.u.i.k.p.i.IntermediateProofReplayer Proof replay took 12.8ns 
135595     INFO  main            d.u.i.k.p.r.p.TestFile    ... finished proof: closed. 
135941     INFO  main            d.u.i.k.p.i.AbstractProblemLoader Loading environment from /home/runner/work/key/key/key.core/../key.ui/examples/heap/block_loop_contracts/SimpleVariants/sum_onLoop_external.key.proof 
135941     DEBUG main            d.u.i.k.p.i.AbstractProblemLoader Environment load took 201.8ns 
135943     INFO  main            d.u.i.k.p.i.AbstractProblemLoader Creating init config 
139502     DEBUG main            d.u.i.k.p.i.AbstractProblemLoader Init config took 3.56s 
139548     INFO  main            d.u.i.k.p.i.AbstractProblemLoader Replaying proof LoopContractExamplesAll[LoopContractExamplesAll::sum_loopContract_onLoop([I)].JML normal_behavior operation contract.0 
139597     DEBUG main            d.u.i.k.p.i.IntermediateProofReplayer Proof replay took 46.04ms 
139599     DEBUG main            d.u.i.k.p.r.p.TestFile    ... success: reloaded. 
139601     INFO  main            d.u.i.k.p.r.p.TestFile    Now processing file /home/runner/work/key/key/key.core/../key.ui/examples/heap/block_loop_contracts/SimpleVariants/sum_onLoop_internal.key 
139601     INFO  main            d.u.i.k.p.i.AbstractProblemLoader Loading environment from /home/runner/work/key/key/key.core/../key.ui/examples/heap/block_loop_contracts/SimpleVariants/sum_onLoop_internal.key 
139602     DEBUG main            d.u.i.k.p.i.AbstractProblemLoader Environment load took 349.81ns 
139603     INFO  main            d.u.i.k.p.i.AbstractProblemLoader Creating init config 
143170     DEBUG main            d.u.i.k.p.i.AbstractProblemLoader Init config took 3.57s 
143213     INFO  main            d.u.i.k.p.i.AbstractProblemLoader Replaying proof LoopContractExamplesAll[LoopContractExamplesAll::sum_loopContract_onLoop([I)].JML normal_behavior operation contract.0 
143216     DEBUG main            d.u.i.k.p.i.IntermediateProofReplayer Proof replay took 14.7ns 
144143     INFO  main            d.u.i.k.p.r.p.TestFile    ... finished proof: closed. 
144474     INFO  main            d.u.i.k.p.i.AbstractProblemLoader Loading environment from /home/runner/work/key/key/key.core/../key.ui/examples/heap/block_loop_contracts/SimpleVariants/sum_onLoop_internal.key.proof 
144478     DEBUG main            d.u.i.k.p.i.AbstractProblemLoader Environment load took 3.95ms 
144479     INFO  main            d.u.i.k.p.i.AbstractProblemLoader Creating init config 
148017     DEBUG main            d.u.i.k.p.i.AbstractProblemLoader Init config took 3.54s 
148073     INFO  main            d.u.i.k.p.i.AbstractProblemLoader Replaying proof LoopContractExamplesAll[LoopContractExamplesAll::sum_loopContract_onLoop([I)].JML normal_behavior operation contract.0 
148397     DEBUG main            d.u.i.k.p.i.IntermediateProofReplayer Proof replay took 318.89ms 
148399     DEBUG main            d.u.i.k.p.r.p.TestFile    ... success: reloaded. 
148400     INFO  main            d.u.i.k.p.r.p.TestFile    Now processing file /home/runner/work/key/key/key.core/../key.ui/examples/heap/block_loop_contracts/SimpleVariants/sum_onLoop_loop.key 
148401     INFO  main            d.u.i.k.p.i.AbstractProblemLoader Loading environment from /home/runner/work/key/key/key.core/../key.ui/examples/heap/block_loop_contracts/SimpleVariants/sum_onLoop_loop.key 
148401     DEBUG main            d.u.i.k.p.i.AbstractProblemLoader Environment load took 290ns 
148402     INFO  main            d.u.i.k.p.i.AbstractProblemLoader Creating init config 
152032     DEBUG main            d.u.i.k.p.i.AbstractProblemLoader Init config took 3.63s 
152079     INFO  main            d.u.i.k.p.i.AbstractProblemLoader Replaying proof LoopContractExamplesAll[LoopContractExamplesAll::sum_loopContract_onLoop([I)].JML normal_behavior loop contract.0 
152082     DEBUG main            d.u.i.k.p.i.IntermediateProofReplayer Proof replay took 13.2ns 
153086     INFO  main            d.u.i.k.p.r.p.TestFile    ... finished proof: closed. 
153479     INFO  main            d.u.i.k.p.i.AbstractProblemLoader Loading environment from /home/runner/work/key/key/key.core/../key.ui/examples/heap/block_loop_contracts/SimpleVariants/sum_onLoop_loop.key.proof 
153479     DEBUG main            d.u.i.k.p.i.AbstractProblemLoader Environment load took 765.11ns 
153481     INFO  main            d.u.i.k.p.i.AbstractProblemLoader Creating init config 
156964     DEBUG main            d.u.i.k.p.i.AbstractProblemLoader Init config took 3.48s 
157008     INFO  main            d.u.i.k.p.i.AbstractProblemLoader Replaying proof LoopContractExamplesAll[LoopContractExamplesAll::sum_loopContract_onLoop([I)].JML normal_behavior loop contract.0 
157373     DEBUG main            d.u.i.k.p.i.IntermediateProofReplayer Proof replay took 361.14ms 
157374     DEBUG main            d.u.i.k.p.r.p.TestFile    ... success: reloaded. 
157376     INFO  main            d.u.i.k.p.r.p.TestFile    Now processing file /home/runner/work/key/key/key.core/../key.ui/examples/heap/block_loop_contracts/Free/blockContracts0.key 
157376     INFO  main            d.u.i.k.p.i.AbstractProblemLoader Loading environment from /home/runner/work/key/key/key.core/../key.ui/examples/heap/block_loop_contracts/Free/blockContracts0.key 
157376     DEBUG main            d.u.i.k.p.i.AbstractProblemLoader Environment load took 210ns 
157377     INFO  main            d.u.i.k.p.i.AbstractProblemLoader Creating init config 
160581     DEBUG main            d.u.i.k.p.i.AbstractProblemLoader Init config took 3.2s 
160627     INFO  main            d.u.i.k.p.i.AbstractProblemLoader Replaying proof FreeConditions[FreeConditions::blockContract0()].JML normal_behavior operation contract.0 
160629     DEBUG main            d.u.i.k.p.i.IntermediateProofReplayer Proof replay took 21ns 
160732     INFO  main            d.u.i.k.p.r.p.TestFile    ... finished proof: closed. 
161114     INFO  main            d.u.i.k.p.i.AbstractProblemLoader Loading environment from /home/runner/work/key/key/key.core/../key.ui/examples/heap/block_loop_contracts/Free/blockContracts0.key.proof 
161114     DEBUG main            d.u.i.k.p.i.AbstractProblemLoader Environment load took 143.9ns 
161116     INFO  main            d.u.i.k.p.i.AbstractProblemLoader Creating init config 
164155     DEBUG main            d.u.i.k.p.i.AbstractProblemLoader Init config took 3.04s 
164199     INFO  main            d.u.i.k.p.i.AbstractProblemLoader Replaying proof FreeConditions[FreeConditions::blockContract0()].JML normal_behavior operation contract.0 
164229     DEBUG main            d.u.i.k.p.i.IntermediateProofReplayer Proof replay took 27.42ms 
164230     DEBUG main            d.u.i.k.p.r.p.TestFile    ... success: reloaded. 
164231     INFO  main            d.u.i.k.p.r.p.TestFile    Now processing file /home/runner/work/key/key/key.core/../key.ui/examples/heap/block_loop_contracts/Free/blockContracts1.key 
164231     INFO  main            d.u.i.k.p.i.AbstractProblemLoader Loading environment from /home/runner/work/key/key/key.core/../key.ui/examples/heap/block_loop_contracts/Free/blockContracts1.key 
164231     DEBUG main            d.u.i.k.p.i.AbstractProblemLoader Environment load took 95.3ns 
164232     INFO  main            d.u.i.k.p.i.AbstractProblemLoader Creating init config 
167359     DEBUG main            d.u.i.k.p.i.AbstractProblemLoader Init config took 3.13s 
167399     INFO  main            d.u.i.k.p.i.AbstractProblemLoader Replaying proof FreeConditions[FreeConditions::blockContract1()].JML normal_behavior operation contract.0 
167401     DEBUG main            d.u.i.k.p.i.IntermediateProofReplayer Proof replay took 47.5ns 
167504     INFO  main            d.u.i.k.p.r.p.TestFile    ... finished proof: closed. 
167856     INFO  main            d.u.i.k.p.i.AbstractProblemLoader Loading environment from /home/runner/work/key/key/key.core/../key.ui/examples/heap/block_loop_contracts/Free/blockContracts1.key.proof 
167856     DEBUG main            d.u.i.k.p.i.AbstractProblemLoader Environment load took 176.9ns 
167857     INFO  main            d.u.i.k.p.i.AbstractProblemLoader Creating init config 
170972     DEBUG main            d.u.i.k.p.i.AbstractProblemLoader Init config took 3.11s 
171016     INFO  main            d.u.i.k.p.i.AbstractProblemLoader Replaying proof FreeConditions[FreeConditions::blockContract1()].JML normal_behavior operation contract.0 
171045     DEBUG main            d.u.i.k.p.i.IntermediateProofReplayer Proof replay took 25.36ms 
171046     DEBUG main            d.u.i.k.p.r.p.TestFile    ... success: reloaded. 
171048     INFO  main            d.u.i.k.p.r.p.TestFile    Now processing file /home/runner/work/key/key/key.core/../key.ui/examples/heap/block_loop_contracts/Finally/block_finally.key 
171048     INFO  main            d.u.i.k.p.i.AbstractProblemLoader Loading environment from /home/runner/work/key/key/key.core/../key.ui/examples/heap/block_loop_contracts/Finally/block_finally.key 
171049     DEBUG main            d.u.i.k.p.i.AbstractProblemLoader Environment load took 260.7ns 
171050     INFO  main            d.u.i.k.p.i.AbstractProblemLoader Creating init config 
174285     DEBUG main            d.u.i.k.p.i.AbstractProblemLoader Init config took 3.23s 
174331     INFO  main            d.u.i.k.p.i.AbstractProblemLoader Replaying proof AuxiliaryContractsFinally[AuxiliaryContractsFinally::breakThrowContinueBlockContract(java.lang.Exception)].JML block contract.0 
174333     DEBUG main            d.u.i.k.p.i.IntermediateProofReplayer Proof replay took 12.8ns 
175045     INFO  main            d.u.i.k.p.r.p.TestFile    ... finished proof: open goal(s) 
175425     INFO  main            d.u.i.k.p.r.p.TestFile    Now processing file /home/runner/work/key/key/key.core/../key.ui/examples/heap/block_loop_contracts/Finally/loop_finally.key 
175426     INFO  main            d.u.i.k.p.i.AbstractProblemLoader Loading environment from /home/runner/work/key/key/key.core/../key.ui/examples/heap/block_loop_contracts/Finally/loop_finally.key 
175426     DEBUG main            d.u.i.k.p.i.AbstractProblemLoader Environment load took 79.9ns 
175428     INFO  main            d.u.i.k.p.i.AbstractProblemLoader Creating init config 
178558     DEBUG main            d.u.i.k.p.i.AbstractProblemLoader Init config took 3.13s 
178608     INFO  main            d.u.i.k.p.i.AbstractProblemLoader Replaying proof AuxiliaryContractsFinally[AuxiliaryContractsFinally::breakThrowContinueLoopContract(java.lang.Exception)].JML normal_behavior loop contract.0 
178612     DEBUG main            d.u.i.k.p.i.IntermediateProofReplayer Proof replay took 13.7ns 
179431     INFO  main            d.u.i.k.p.r.p.TestFile    ... finished proof: open goal(s) 
854875     INFO  Test worker     d.u.i.k.p.r.RunAllProofsTestUnit Returning from test blockContracts 
854877     INFO  Test worker     d.u.i.k.p.r.RunAllProofsTestUnit Running test jmlAsserts 
452        INFO  Timeout watchdog d.u.i.k.p.r.p.ForkedTestFileRunner Timeout watcher launched (2000 secs.) 
480        WARN  main            d.u.i.k.s.ProofSettings   The settings in /home/runner/.key/proof-settings.props are *not* read. 
536        INFO  main            d.u.i.k.p.r.p.TestFile    Now processing file /home/runner/work/key/key/key.core/../key.ui/examples/standard_key/java_dl/jml-assert/assert.key 
677        INFO  main            d.u.i.k.p.i.AbstractProblemLoader Loading environment from /home/runner/work/key/key/key.core/../key.ui/examples/standard_key/java_dl/jml-assert/assert.key 
698        DEBUG main            d.u.i.k.p.i.AbstractProblemLoader Environment load took 2.98ms 
1007       INFO  main            d.u.i.k.p.i.AbstractProblemLoader Creating init config 
2128       DEBUG main            d.u.i.k.j.TypeConverter   No LDT found for Meta 
2128       DEBUG main            d.u.i.k.j.TypeConverter   No LDT found for Meta 
2130       DEBUG main            d.u.i.k.j.TypeConverter   No LDT found for Meta 
2130       DEBUG main            d.u.i.k.j.TypeConverter   No LDT found for Meta 
4005       DEBUG main            d.u.i.k.j.TypeConverter   No LDT found for JavaBigintExpression 
10862      DEBUG main            d.u.i.k.p.i.AbstractProblemLoader Init config took 9.85s 
11133      INFO  main            d.u.i.k.p.i.AbstractProblemLoader Replaying proof Assert[Assert::createArray(int)].JML normal_behavior operation contract.0 
11183      DEBUG main            d.u.i.k.p.i.IntermediateProofReplayer Proof replay took 36.9ns 
12421      INFO  main            d.u.i.k.p.r.p.TestFile    ... finished proof: closed. 
12584      INFO  main            d.u.i.k.p.i.AbstractProblemLoader Loading environment from /home/runner/work/key/key/key.core/../key.ui/examples/standard_key/java_dl/jml-assert/assert.key.proof 
12585      DEBUG main            d.u.i.k.p.i.AbstractProblemLoader Environment load took 170.8ns 
12588      INFO  main            d.u.i.k.p.i.AbstractProblemLoader Creating init config 
16634      DEBUG main            d.u.i.k.p.i.AbstractProblemLoader Init config took 4.05s 
16718      INFO  main            d.u.i.k.p.i.AbstractProblemLoader Replaying proof Assert[Assert::createArray(int)].JML normal_behavior operation contract.0 
16847      DEBUG main            d.u.i.k.p.i.IntermediateProofReplayer Proof replay took 121.09ms 
16856      DEBUG main            d.u.i.k.p.r.p.TestFile    ... success: reloaded. 
16858      INFO  main            d.u.i.k.p.r.p.TestFile    Now processing file /home/runner/work/key/key/key.core/../key.ui/examples/heap/block_loop_contracts/Free/assertions0.key 
16859      INFO  main            d.u.i.k.p.i.AbstractProblemLoader Loading environment from /home/runner/work/key/key/key.core/../key.ui/examples/heap/block_loop_contracts/Free/assertions0.key 
16859      DEBUG main            d.u.i.k.p.i.AbstractProblemLoader Environment load took 421.61ns 
16862      INFO  main            d.u.i.k.p.i.AbstractProblemLoader Creating init config 
20578      DEBUG main            d.u.i.k.p.i.AbstractProblemLoader Init config took 3.72s 
20673      INFO  main            d.u.i.k.p.i.AbstractProblemLoader Replaying proof FreeConditions[FreeConditions::assertions0()].JML normal_behavior operation contract.0 
20680      DEBUG main            d.u.i.k.p.i.IntermediateProofReplayer Proof replay took 15.6ns 
20886      INFO  main            d.u.i.k.p.r.p.TestFile    ... finished proof: closed. 
21059      INFO  main            d.u.i.k.p.i.AbstractProblemLoader Loading environment from /home/runner/work/key/key/key.core/../key.ui/examples/heap/block_loop_contracts/Free/assertions0.key.proof 
21066      DEBUG main            d.u.i.k.p.i.AbstractProblemLoader Environment load took 6.28ms 
21068      INFO  main            d.u.i.k.p.i.AbstractProblemLoader Creating init config 
24559      DEBUG main            d.u.i.k.p.i.AbstractProblemLoader Init config took 3.49s 
24622      INFO  main            d.u.i.k.p.i.AbstractProblemLoader Replaying proof FreeConditions[FreeConditions::assertions0()].JML normal_behavior operation contract.0 
24661      DEBUG main            d.u.i.k.p.i.IntermediateProofReplayer Proof replay took 35.21ms 
24662      DEBUG main            d.u.i.k.p.r.p.TestFile    ... success: reloaded. 
24665      INFO  main            d.u.i.k.p.r.p.TestFile    Now processing file /home/runner/work/key/key/key.core/../key.ui/examples/heap/block_loop_contracts/Free/assertions1.key 
24666      INFO  main            d.u.i.k.p.i.AbstractProblemLoader Loading environment from /home/runner/work/key/key/key.core/../key.ui/examples/heap/block_loop_contracts/Free/assertions1.key 
24666      DEBUG main            d.u.i.k.p.i.AbstractProblemLoader Environment load took 286.6ns 
24668      INFO  main            d.u.i.k.p.i.AbstractProblemLoader Creating init config 
28142      DEBUG main            d.u.i.k.p.i.AbstractProblemLoader Init config took 3.47s 
28205      INFO  main            d.u.i.k.p.i.AbstractProblemLoader Replaying proof FreeConditions[FreeConditions::assertions1()].JML normal_behavior operation contract.0 
28209      DEBUG main            d.u.i.k.p.i.IntermediateProofReplayer Proof replay took 14.5ns 
28314      INFO  main            d.u.i.k.p.r.p.TestFile    ... finished proof: closed. 
28548      INFO  main            d.u.i.k.p.i.AbstractProblemLoader Loading environment from /home/runner/work/key/key/key.core/../key.ui/examples/heap/block_loop_contracts/Free/assertions1.key.proof 
28549      DEBUG main            d.u.i.k.p.i.AbstractProblemLoader Environment load took 611.81ns 
28552      INFO  main            d.u.i.k.p.i.AbstractProblemLoader Creating init config 
31965      DEBUG main            d.u.i.k.p.i.AbstractProblemLoader Init config took 3.41s 
32045      INFO  main            d.u.i.k.p.i.AbstractProblemLoader Replaying proof FreeConditions[FreeConditions::assertions1()].JML normal_behavior operation contract.0 
32062      DEBUG main            d.u.i.k.p.i.IntermediateProofReplayer Proof replay took 11.59ms 
32064      DEBUG main            d.u.i.k.p.r.p.TestFile    ... success: reloaded. 
32073      INFO  main            d.u.i.k.p.r.p.TestFile    Now processing file /home/runner/work/key/key/key.core/../key.ui/examples/standard_key/java_dl/jml-assert/recursion-assert.key 
32080      INFO  main            d.u.i.k.p.i.AbstractProblemLoader Loading environment from /home/runner/work/key/key/key.core/../key.ui/examples/standard_key/java_dl/jml-assert/recursion-assert.key 
32080      DEBUG main            d.u.i.k.p.i.AbstractProblemLoader Environment load took 153.8ns 
32084      INFO  main            d.u.i.k.p.i.AbstractProblemLoader Creating init config 
35693      DEBUG main            d.u.i.k.p.i.AbstractProblemLoader Init config took 3.61s 
35754      INFO  main            d.u.i.k.p.i.AbstractProblemLoader Replaying proof RecursiveMethod[RecursiveMethod::fac1(int)].JML normal_behavior operation contract.0 
35757      DEBUG main            d.u.i.k.p.i.IntermediateProofReplayer Proof replay took 8ns 
35966      INFO  main            d.u.i.k.p.r.p.TestFile    ... finished proof: closed. 
36226      INFO  main            d.u.i.k.p.i.AbstractProblemLoader Loading environment from /home/runner/work/key/key/key.core/../key.ui/examples/standard_key/java_dl/jml-assert/recursion-assert.key.proof 
36228      DEBUG main            d.u.i.k.p.i.AbstractProblemLoader Environment load took 1.78ms 
36230      INFO  main            d.u.i.k.p.i.AbstractProblemLoader Creating init config 
39825      DEBUG main            d.u.i.k.p.i.AbstractProblemLoader Init config took 3.6s 
39884      INFO  main            d.u.i.k.p.i.AbstractProblemLoader Replaying proof RecursiveMethod[RecursiveMethod::fac1(int)].JML normal_behavior operation contract.0 
39950      DEBUG main            d.u.i.k.p.i.IntermediateProofReplayer Proof replay took 61.61ms 
39952      DEBUG main            d.u.i.k.p.r.p.TestFile    ... success: reloaded. 
39953      INFO  main            d.u.i.k.p.r.p.TestFile    Now processing file /home/runner/work/key/key/key.core/../key.ui/examples/standard_key/java_dl/jml-assert/recursion-assume.key 
39954      INFO  main            d.u.i.k.p.i.AbstractProblemLoader Loading environment from /home/runner/work/key/key/key.core/../key.ui/examples/standard_key/java_dl/jml-assert/recursion-assume.key 
39954      DEBUG main            d.u.i.k.p.i.AbstractProblemLoader Environment load took 295.4ns 
39955      INFO  main            d.u.i.k.p.i.AbstractProblemLoader Creating init config 
43433      DEBUG main            d.u.i.k.p.i.AbstractProblemLoader Init config took 3.48s 
43489      INFO  main            d.u.i.k.p.i.AbstractProblemLoader Replaying proof RecursiveMethod[RecursiveMethod::fac2(int)].JML normal_behavior operation contract.0 
43491      DEBUG main            d.u.i.k.p.i.IntermediateProofReplayer Proof replay took 7.3ns 
43699      INFO  main            d.u.i.k.p.r.p.TestFile    ... finished proof: closed. 
43954      INFO  main            d.u.i.k.p.i.AbstractProblemLoader Loading environment from /home/runner/work/key/key/key.core/../key.ui/examples/standard_key/java_dl/jml-assert/recursion-assume.key.proof 
43955      DEBUG main            d.u.i.k.p.i.AbstractProblemLoader Environment load took 760.81ns 
43956      INFO  main            d.u.i.k.p.i.AbstractProblemLoader Creating init config 
47415      DEBUG main            d.u.i.k.p.i.AbstractProblemLoader Init config took 3.46s 
47469      INFO  main            d.u.i.k.p.i.AbstractProblemLoader Replaying proof RecursiveMethod[RecursiveMethod::fac2(int)].JML normal_behavior operation contract.0 
47522      DEBUG main            d.u.i.k.p.i.IntermediateProofReplayer Proof replay took 48.47ms 
47523      DEBUG main            d.u.i.k.p.r.p.TestFile    ... success: reloaded. 
47525      INFO  main            d.u.i.k.p.r.p.TestFile    Now processing file /home/runner/work/key/key/key.core/../key.ui/examples/standard_key/java_dl/jml-assert/quantor-assert.key 
47525      INFO  main            d.u.i.k.p.i.AbstractProblemLoader Loading environment from /home/runner/work/key/key/key.core/../key.ui/examples/standard_key/java_dl/jml-assert/quantor-assert.key 
47527      DEBUG main            d.u.i.k.p.i.AbstractProblemLoader Environment load took 1.26ms 
47528      INFO  main            d.u.i.k.p.i.AbstractProblemLoader Creating init config 
51061      DEBUG main            d.u.i.k.p.i.AbstractProblemLoader Init config took 3.53s 
51116      INFO  main            d.u.i.k.p.i.AbstractProblemLoader Replaying proof Quantor[Quantor::square1(int)].JML normal_behavior operation contract.0 
51119      DEBUG main            d.u.i.k.p.i.IntermediateProofReplayer Proof replay took 9ns 
51322      INFO  main            d.u.i.k.p.r.p.TestFile    ... finished proof: closed. 
51573      INFO  main            d.u.i.k.p.i.AbstractProblemLoader Loading environment from /home/runner/work/key/key/key.core/../key.ui/examples/standard_key/java_dl/jml-assert/quantor-assert.key.proof 
51574      DEBUG main            d.u.i.k.p.i.AbstractProblemLoader Environment load took 651.51ns 
51577      INFO  main            d.u.i.k.p.i.AbstractProblemLoader Creating init config 
54958      DEBUG main            d.u.i.k.p.i.AbstractProblemLoader Init config took 3.38s 
55032      INFO  main            d.u.i.k.p.i.AbstractProblemLoader Replaying proof Quantor[Quantor::square1(int)].JML normal_behavior operation contract.0 
55058      DEBUG main            d.u.i.k.p.i.IntermediateProofReplayer Proof replay took 22.03ms 
55060      DEBUG main            d.u.i.k.p.r.p.TestFile    ... success: reloaded. 
55061      INFO  main            d.u.i.k.p.r.p.TestFile    Now processing file /home/runner/work/key/key/key.core/../key.ui/examples/standard_key/java_dl/jml-assert/quantor-assume.key 
55062      INFO  main            d.u.i.k.p.i.AbstractProblemLoader Loading environment from /home/runner/work/key/key/key.core/../key.ui/examples/standard_key/java_dl/jml-assert/quantor-assume.key 
55062      DEBUG main            d.u.i.k.p.i.AbstractProblemLoader Environment load took 360.11ns 
55064      INFO  main            d.u.i.k.p.i.AbstractProblemLoader Creating init config 
58630      DEBUG main            d.u.i.k.p.i.AbstractProblemLoader Init config took 3.57s 
58685      INFO  main            d.u.i.k.p.i.AbstractProblemLoader Replaying proof Quantor[Quantor::square2(int)].JML normal_behavior operation contract.0 
58687      DEBUG main            d.u.i.k.p.i.IntermediateProofReplayer Proof replay took 8.2ns 
58790      INFO  main            d.u.i.k.p.r.p.TestFile    ... finished proof: closed. 
59070      INFO  main            d.u.i.k.p.i.AbstractProblemLoader Loading environment from /home/runner/work/key/key/key.core/../key.ui/examples/standard_key/java_dl/jml-assert/quantor-assume.key.proof 
59070      DEBUG main            d.u.i.k.p.i.AbstractProblemLoader Environment load took 138.8ns 
59071      INFO  main            d.u.i.k.p.i.AbstractProblemLoader Creating init config 
62510      DEBUG main            d.u.i.k.p.i.AbstractProblemLoader Init config took 3.44s 
62561      INFO  main            d.u.i.k.p.i.AbstractProblemLoader Replaying proof Quantor[Quantor::square2(int)].JML normal_behavior operation contract.0 
62600      DEBUG main            d.u.i.k.p.i.IntermediateProofReplayer Proof replay took 24.01ms 
62602      DEBUG main            d.u.i.k.p.r.p.TestFile    ... success: reloaded. 
62604      INFO  main            d.u.i.k.p.r.p.TestFile    Now processing file /home/runner/work/key/key/key.core/../key.ui/examples/standard_key/java_dl/jml-assert/model-methods-static-static.key 
62604      INFO  main            d.u.i.k.p.i.AbstractProblemLoader Loading environment from /home/runner/work/key/key/key.core/../key.ui/examples/standard_key/java_dl/jml-assert/model-methods-static-static.key 
62605      DEBUG main            d.u.i.k.p.i.AbstractProblemLoader Environment load took 279.1ns 
62606      INFO  main            d.u.i.k.p.i.AbstractProblemLoader Creating init config 
66018      DEBUG main            d.u.i.k.p.i.AbstractProblemLoader Init config took 3.41s 
66067      INFO  main            d.u.i.k.p.i.AbstractProblemLoader Replaying proof ModelMethods[ModelMethods::test1()].JML normal_behavior operation contract.0 
66069      DEBUG main            d.u.i.k.p.i.IntermediateProofReplayer Proof replay took 8.5ns 
66174      INFO  main            d.u.i.k.p.r.p.TestFile    ... finished proof: closed. 
66421      INFO  main            d.u.i.k.p.i.AbstractProblemLoader Loading environment from /home/runner/work/key/key/key.core/../key.ui/examples/standard_key/java_dl/jml-assert/model-methods-static-static.key.proof 
66421      DEBUG main            d.u.i.k.p.i.AbstractProblemLoader Environment load took 197.1ns 
66422      INFO  main            d.u.i.k.p.i.AbstractProblemLoader Creating init config 
69810      DEBUG main            d.u.i.k.p.i.AbstractProblemLoader Init config took 3.39s 
69859      INFO  main            d.u.i.k.p.i.AbstractProblemLoader Replaying proof ModelMethods[ModelMethods::test1()].JML normal_behavior operation contract.0 
69871      DEBUG main            d.u.i.k.p.i.IntermediateProofReplayer Proof replay took 8.8ms 
69872      DEBUG main            d.u.i.k.p.r.p.TestFile    ... success: reloaded. 
69874      INFO  main            d.u.i.k.p.r.p.TestFile    Now processing file /home/runner/work/key/key/key.core/../key.ui/examples/standard_key/java_dl/jml-assert/model-methods-instance-static.key 
69874      INFO  main            d.u.i.k.p.i.AbstractProblemLoader Loading environment from /home/runner/work/key/key/key.core/../key.ui/examples/standard_key/java_dl/jml-assert/model-methods-instance-static.key 
69874      DEBUG main            d.u.i.k.p.i.AbstractProblemLoader Environment load took 339.61ns 
69876      INFO  main            d.u.i.k.p.i.AbstractProblemLoader Creating init config 
73351      DEBUG main            d.u.i.k.p.i.AbstractProblemLoader Init config took 3.48s 
73400      INFO  main            d.u.i.k.p.i.AbstractProblemLoader Replaying proof ModelMethods[ModelMethods::test2()].JML normal_behavior operation contract.0 
73402      DEBUG main            d.u.i.k.p.i.IntermediateProofReplayer Proof replay took 8.4ns 
73506      INFO  main            d.u.i.k.p.r.p.TestFile    ... finished proof: closed. 
73767      INFO  main            d.u.i.k.p.i.AbstractProblemLoader Loading environment from /home/runner/work/key/key/key.core/../key.ui/examples/standard_key/java_dl/jml-assert/model-methods-instance-static.key.proof 
73767      DEBUG main            d.u.i.k.p.i.AbstractProblemLoader Environment load took 143.9ns 
73771      INFO  main            d.u.i.k.p.i.AbstractProblemLoader Creating init config 
77119      DEBUG main            d.u.i.k.p.i.AbstractProblemLoader Init config took 3.35s 
77174      INFO  main            d.u.i.k.p.i.AbstractProblemLoader Replaying proof ModelMethods[ModelMethods::test2()].JML normal_behavior operation contract.0 
77188      DEBUG main            d.u.i.k.p.i.IntermediateProofReplayer Proof replay took 11.52ms 
77190      DEBUG main            d.u.i.k.p.r.p.TestFile    ... success: reloaded. 
77191      INFO  main            d.u.i.k.p.r.p.TestFile    Now processing file /home/runner/work/key/key/key.core/../key.ui/examples/standard_key/java_dl/jml-assert/model-methods-instance-instance.key 
77191      INFO  main            d.u.i.k.p.i.AbstractProblemLoader Loading environment from /home/runner/work/key/key/key.core/../key.ui/examples/standard_key/java_dl/jml-assert/model-methods-instance-instance.key 
77192      DEBUG main            d.u.i.k.p.i.AbstractProblemLoader Environment load took 291.5ns 
77193      INFO  main            d.u.i.k.p.i.AbstractProblemLoader Creating init config 
80580      DEBUG main            d.u.i.k.p.i.AbstractProblemLoader Init config took 3.39s 
80631      INFO  main            d.u.i.k.p.i.AbstractProblemLoader Replaying proof ModelMethods[ModelMethods::test3()].JML normal_behavior operation contract.0 
80633      DEBUG main            d.u.i.k.p.i.IntermediateProofReplayer Proof replay took 7.9ns 
80736      INFO  main            d.u.i.k.p.r.p.TestFile    ... finished proof: closed. 
81001      INFO  main            d.u.i.k.p.i.AbstractProblemLoader Loading environment from /home/runner/work/key/key/key.core/../key.ui/examples/standard_key/java_dl/jml-assert/model-methods-instance-instance.key.proof 
81001      DEBUG main            d.u.i.k.p.i.AbstractProblemLoader Environment load took 177.1ns 
81002      INFO  main            d.u.i.k.p.i.AbstractProblemLoader Creating init config 
84296      DEBUG main            d.u.i.k.p.i.AbstractProblemLoader Init config took 3.29s 
84345      INFO  main            d.u.i.k.p.i.AbstractProblemLoader Replaying proof ModelMethods[ModelMethods::test3()].JML normal_behavior operation contract.0 
84362      DEBUG main            d.u.i.k.p.i.IntermediateProofReplayer Proof replay took 13.99ms 
84363      DEBUG main            d.u.i.k.p.r.p.TestFile    ... success: reloaded. 
84364      INFO  main            d.u.i.k.p.r.p.TestFile    Now processing file /home/runner/work/key/key/key.core/../key.ui/examples/standard_key/java_dl/jml-assert/model-methods-static-instance.key 
84364      INFO  main            d.u.i.k.p.i.AbstractProblemLoader Loading environment from /home/runner/work/key/key/key.core/../key.ui/examples/standard_key/java_dl/jml-assert/model-methods-static-instance.key 
84365      DEBUG main            d.u.i.k.p.i.AbstractProblemLoader Environment load took 167.4ns 
84366      INFO  main            d.u.i.k.p.i.AbstractProblemLoader Creating init config 
87862      DEBUG main            d.u.i.k.p.i.AbstractProblemLoader Init config took 3.5s 
87925      INFO  main            d.u.i.k.p.i.AbstractProblemLoader Replaying proof ModelMethods[ModelMethods::test4()].JML normal_behavior operation contract.0 
87928      DEBUG main            d.u.i.k.p.i.IntermediateProofReplayer Proof replay took 8.5ns 
88130      INFO  main            d.u.i.k.p.r.p.TestFile    ... finished proof: closed. 
88403      INFO  main            d.u.i.k.p.i.AbstractProblemLoader Loading environment from /home/runner/work/key/key/key.core/../key.ui/examples/standard_key/java_dl/jml-assert/model-methods-static-instance.key.proof 
88404      DEBUG main            d.u.i.k.p.i.AbstractProblemLoader Environment load took 160.5ns 
88405      INFO  main            d.u.i.k.p.i.AbstractProblemLoader Creating init config 
91782      DEBUG main            d.u.i.k.p.i.AbstractProblemLoader Init config took 3.38s 
91831      INFO  main            d.u.i.k.p.i.AbstractProblemLoader Replaying proof ModelMethods[ModelMethods::test4()].JML normal_behavior operation contract.0 
91875      DEBUG main            d.u.i.k.p.i.IntermediateProofReplayer Proof replay took 40.67ms 
91876      DEBUG main            d.u.i.k.p.r.p.TestFile    ... success: reloaded. 
91878      INFO  main            d.u.i.k.p.r.p.TestFile    Now processing file /home/runner/work/key/key/key.core/../key.ui/examples/standard_key/java_dl/jml-assert/assert-old/inc-field.key 
91878      INFO  main            d.u.i.k.p.i.AbstractProblemLoader Loading environment from /home/runner/work/key/key/key.core/../key.ui/examples/standard_key/java_dl/jml-assert/assert-old/inc-field.key 
91878      DEBUG main            d.u.i.k.p.i.AbstractProblemLoader Environment load took 137.8ns 
91879      INFO  main            d.u.i.k.p.i.AbstractProblemLoader Creating init config 
95171      DEBUG main            d.u.i.k.p.i.AbstractProblemLoader Init config took 3.29s 
95217      INFO  main            d.u.i.k.p.i.AbstractProblemLoader Replaying proof Inc[Inc::inc_field()].JML normal_behavior operation contract.0 
95218      DEBUG main            d.u.i.k.p.i.IntermediateProofReplayer Proof replay took 8.2ns 
95422      INFO  main            d.u.i.k.p.r.p.TestFile    ... finished proof: closed. 
95694      INFO  main            d.u.i.k.p.i.AbstractProblemLoader Loading environment from /home/runner/work/key/key/key.core/../key.ui/examples/standard_key/java_dl/jml-assert/assert-old/inc-field.key.proof 
95695      DEBUG main            d.u.i.k.p.i.AbstractProblemLoader Environment load took 550.81ns 
95696      INFO  main            d.u.i.k.p.i.AbstractProblemLoader Creating init config 
98965      DEBUG main            d.u.i.k.p.i.AbstractProblemLoader Init config took 3.27s 
99016      INFO  main            d.u.i.k.p.i.AbstractProblemLoader Replaying proof Inc[Inc::inc_field()].JML normal_behavior operation contract.0 
99059      DEBUG main            d.u.i.k.p.i.IntermediateProofReplayer Proof replay took 40.58ms 
99061      DEBUG main            d.u.i.k.p.r.p.TestFile    ... success: reloaded. 
99062      INFO  main            d.u.i.k.p.r.p.TestFile    Now processing file /home/runner/work/key/key/key.core/../key.ui/examples/standard_key/java_dl/jml-assert/assert-old/inc-parameter.key 
99062      INFO  main            d.u.i.k.p.i.AbstractProblemLoader Loading environment from /home/runner/work/key/key/key.core/../key.ui/examples/standard_key/java_dl/jml-assert/assert-old/inc-parameter.key 
99062      DEBUG main            d.u.i.k.p.i.AbstractProblemLoader Environment load took 135.8ns 
99063      INFO  main            d.u.i.k.p.i.AbstractProblemLoader Creating init config 
102338     DEBUG main            d.u.i.k.p.i.AbstractProblemLoader Init config took 3.28s 
102382     INFO  main            d.u.i.k.p.i.AbstractProblemLoader Replaying proof Inc[Inc::inc_parameter(int)].JML normal_behavior operation contract.0 
102384     DEBUG main            d.u.i.k.p.i.IntermediateProofReplayer Proof replay took 7.8ns 
102490     INFO  main            d.u.i.k.p.r.p.TestFile    ... finished proof: closed. 
102774     INFO  main            d.u.i.k.p.i.AbstractProblemLoader Loading environment from /home/runner/work/key/key/key.core/../key.ui/examples/standard_key/java_dl/jml-assert/assert-old/inc-parameter.key.proof 
102774     DEBUG main            d.u.i.k.p.i.AbstractProblemLoader Environment load took 122.2ns 
102776     INFO  main            d.u.i.k.p.i.AbstractProblemLoader Creating init config 
105992     DEBUG main            d.u.i.k.p.i.AbstractProblemLoader Init config took 3.22s 
106036     INFO  main            d.u.i.k.p.i.AbstractProblemLoader Replaying proof Inc[Inc::inc_parameter(int)].JML normal_behavior operation contract.0 
106057     DEBUG main            d.u.i.k.p.i.IntermediateProofReplayer Proof replay took 18.28ms 
106058     DEBUG main            d.u.i.k.p.r.p.TestFile    ... success: reloaded. 
106058     INFO  main            d.u.i.k.p.r.p.TestFile    Now processing file /home/runner/work/key/key/key.core/../key.ui/examples/standard_key/java_dl/jml-assert/assert-old/inc-parameter-field.key 
106059     INFO  main            d.u.i.k.p.i.AbstractProblemLoader Loading environment from /home/runner/work/key/key/key.core/../key.ui/examples/standard_key/java_dl/jml-assert/assert-old/inc-parameter-field.key 
106059     DEBUG main            d.u.i.k.p.i.AbstractProblemLoader Environment load took 123.6ns 
106060     INFO  main            d.u.i.k.p.i.AbstractProblemLoader Creating init config 
109326     DEBUG main            d.u.i.k.p.i.AbstractProblemLoader Init config took 3.27s 
109371     INFO  main            d.u.i.k.p.i.AbstractProblemLoader Replaying proof Inc[Inc::inc_parameter_field(Inc)].JML normal_behavior operation contract.0 
109373     DEBUG main            d.u.i.k.p.i.IntermediateProofReplayer Proof replay took 7.9ns 
109576     INFO  main            d.u.i.k.p.r.p.TestFile    ... finished proof: closed. 
109869     INFO  main            d.u.i.k.p.i.AbstractProblemLoader Loading environment from /home/runner/work/key/key/key.core/../key.ui/examples/standard_key/java_dl/jml-assert/assert-old/inc-parameter-field.key.proof 
109869     DEBUG main            d.u.i.k.p.i.AbstractProblemLoader Environment load took 124.8ns 
109871     INFO  main            d.u.i.k.p.i.AbstractProblemLoader Creating init config 
113062     DEBUG main            d.u.i.k.p.i.AbstractProblemLoader Init config took 3.19s 
113120     INFO  main            d.u.i.k.p.i.AbstractProblemLoader Replaying proof Inc[Inc::inc_parameter_field(Inc)].JML normal_behavior operation contract.0 
113172     DEBUG main            d.u.i.k.p.i.IntermediateProofReplayer Proof replay took 47.07ms 
113173     DEBUG main            d.u.i.k.p.r.p.TestFile    ... success: reloaded. 
113174     INFO  main            d.u.i.k.p.r.p.TestFile    Now processing file /home/runner/work/key/key/key.core/../key.ui/examples/standard_key/java_dl/jml-assert/assert-old/inc-ghost-field.key 
113175     INFO  main            d.u.i.k.p.i.AbstractProblemLoader Loading environment from /home/runner/work/key/key/key.core/../key.ui/examples/standard_key/java_dl/jml-assert/assert-old/inc-ghost-field.key 
113175     DEBUG main            d.u.i.k.p.i.AbstractProblemLoader Environment load took 246.5ns 
113176     INFO  main            d.u.i.k.p.i.AbstractProblemLoader Creating init config 
116397     DEBUG main            d.u.i.k.p.i.AbstractProblemLoader Init config took 3.22s 
116441     INFO  main            d.u.i.k.p.i.AbstractProblemLoader Replaying proof Inc[Inc::inc_ghost_field()].JML normal_behavior operation contract.0 
116444     DEBUG main            d.u.i.k.p.i.IntermediateProofReplayer Proof replay took 8.2ns 
116646     INFO  main            d.u.i.k.p.r.p.TestFile    ... finished proof: closed. 
116960     INFO  main            d.u.i.k.p.i.AbstractProblemLoader Loading environment from /home/runner/work/key/key/key.core/../key.ui/examples/standard_key/java_dl/jml-assert/assert-old/inc-ghost-field.key.proof 
116961     DEBUG main            d.u.i.k.p.i.AbstractProblemLoader Environment load took 139.5ns 
116962     INFO  main            d.u.i.k.p.i.AbstractProblemLoader Creating init config 
120129     DEBUG main            d.u.i.k.p.i.AbstractProblemLoader Init config took 3.17s 
120188     INFO  main            d.u.i.k.p.i.AbstractProblemLoader Replaying proof Inc[Inc::inc_ghost_field()].JML normal_behavior operation contract.0 
120227     DEBUG main            d.u.i.k.p.i.IntermediateProofReplayer Proof replay took 35.68ms 
120228     DEBUG main            d.u.i.k.p.r.p.TestFile    ... success: reloaded. 
975329     INFO  Test worker     d.u.i.k.p.r.RunAllProofsTestUnit Returning from test jmlAsserts 
975332     INFO  Test worker     d.u.i.k.p.r.RunAllProofsTestUnit Running test javaCard 
455        INFO  Timeout watchdog d.u.i.k.p.r.p.ForkedTestFileRunner Timeout watcher launched (2000 secs.) 
485        WARN  main            d.u.i.k.s.ProofSettings   The settings in /home/runner/.key/proof-settings.props are *not* read. 
563        INFO  main            d.u.i.k.p.r.p.TestFile    Now processing file /home/runner/work/key/key/key.core/../key.ui/examples/heap/javacard/updateBalance0.key 
712        INFO  main            d.u.i.k.p.i.AbstractProblemLoader Loading environment from /home/runner/work/key/key/key.core/../key.ui/examples/heap/javacard/updateBalance0.key 
732        DEBUG main            d.u.i.k.p.i.AbstractProblemLoader Environment load took 2.33ms 
1060       INFO  main            d.u.i.k.p.i.AbstractProblemLoader Creating init config 
2349       DEBUG main            d.u.i.k.j.TypeConverter   No LDT found for Meta 
2351       DEBUG main            d.u.i.k.j.TypeConverter   No LDT found for Meta 
2353       DEBUG main            d.u.i.k.j.TypeConverter   No LDT found for Meta 
2353       DEBUG main            d.u.i.k.j.TypeConverter   No LDT found for Meta 
4272       DEBUG main            d.u.i.k.j.TypeConverter   No LDT found for JavaBigintExpression 
9065       DEBUG main            d.u.i.k.p.i.AbstractProblemLoader Init config took 8.01s 
9225       INFO  main            d.u.i.k.p.i.AbstractProblemLoader Replaying proof Examples[Examples::updateBalance(short)].JML normal_behavior operation contract.0 
9273       DEBUG main            d.u.i.k.p.i.IntermediateProofReplayer Proof replay took 38.3ns 
10916      INFO  main            d.u.i.k.p.r.p.TestFile    ... finished proof: closed. 
11071      INFO  main            d.u.i.k.p.i.AbstractProblemLoader Loading environment from /home/runner/work/key/key/key.core/../key.ui/examples/heap/javacard/updateBalance0.key.proof 
11072      DEBUG main            d.u.i.k.p.i.AbstractProblemLoader Environment load took 625.51ns 
11074      INFO  main            d.u.i.k.p.i.AbstractProblemLoader Creating init config 
13548      DEBUG main            d.u.i.k.p.i.AbstractProblemLoader Init config took 2.47s 
13657      INFO  main            d.u.i.k.p.i.AbstractProblemLoader Replaying proof Examples[Examples::updateBalance(short)].JML normal_behavior operation contract.0 
13948      DEBUG main            d.u.i.k.p.i.IntermediateProofReplayer Proof replay took 265.98ms 
13958      DEBUG main            d.u.i.k.p.r.p.TestFile    ... success: reloaded. 
13968      INFO  main            d.u.i.k.p.r.p.TestFile    Now processing file /home/runner/work/key/key/key.core/../key.ui/examples/heap/javacard/updateBalance1.key 
13969      INFO  main            d.u.i.k.p.i.AbstractProblemLoader Loading environment from /home/runner/work/key/key/key.core/../key.ui/examples/heap/javacard/updateBalance1.key 
13969      DEBUG main            d.u.i.k.p.i.AbstractProblemLoader Environment load took 391.41ns 
13972      INFO  main            d.u.i.k.p.i.AbstractProblemLoader Creating init config 
16205      DEBUG main            d.u.i.k.p.i.AbstractProblemLoader Init config took 2.23s 
16287      INFO  main            d.u.i.k.p.i.AbstractProblemLoader Replaying proof Examples[Examples::updateBalance(short)].JML normal_behavior operation contract.1 
16294      DEBUG main            d.u.i.k.p.i.IntermediateProofReplayer Proof replay took 8.4ns 
17204      INFO  main            d.u.i.k.p.r.p.TestFile    ... finished proof: closed. 
17366      INFO  main            d.u.i.k.p.i.AbstractProblemLoader Loading environment from /home/runner/work/key/key/key.core/../key.ui/examples/heap/javacard/updateBalance1.key.proof 
17367      DEBUG main            d.u.i.k.p.i.AbstractProblemLoader Environment load took 705.81ns 
17369      INFO  main            d.u.i.k.p.i.AbstractProblemLoader Creating init config 
19587      DEBUG main            d.u.i.k.p.i.AbstractProblemLoader Init config took 2.22s 
19646      INFO  main            d.u.i.k.p.i.AbstractProblemLoader Replaying proof Examples[Examples::updateBalance(short)].JML normal_behavior operation contract.1 
19847      DEBUG main            d.u.i.k.p.i.IntermediateProofReplayer Proof replay took 194.3ms 
19850      DEBUG main            d.u.i.k.p.r.p.TestFile    ... success: reloaded. 
19855      INFO  main            d.u.i.k.p.r.p.TestFile    Now processing file /home/runner/work/key/key/key.core/../key.ui/examples/heap/javacard/setArray1.key 
19855      INFO  main            d.u.i.k.p.i.AbstractProblemLoader Loading environment from /home/runner/work/key/key/key.core/../key.ui/examples/heap/javacard/setArray1.key 
19856      DEBUG main            d.u.i.k.p.i.AbstractProblemLoader Environment load took 298.7ns 
19858      INFO  main            d.u.i.k.p.i.AbstractProblemLoader Creating init config 
22082      DEBUG main            d.u.i.k.p.i.AbstractProblemLoader Init config took 2.22s 
22162      INFO  main            d.u.i.k.p.i.AbstractProblemLoader Replaying proof Examples[Examples::setArray1([B)].JML normal_behavior operation contract.0 
22165      DEBUG main            d.u.i.k.p.i.IntermediateProofReplayer Proof replay took 7ns 
23572      INFO  main            d.u.i.k.p.r.p.TestFile    ... finished proof: closed. 
23713      INFO  main            d.u.i.k.p.i.AbstractProblemLoader Loading environment from /home/runner/work/key/key/key.core/../key.ui/examples/heap/javacard/setArray1.key.proof 
23714      DEBUG main            d.u.i.k.p.i.AbstractProblemLoader Environment load took 730.21ns 
23715      INFO  main            d.u.i.k.p.i.AbstractProblemLoader Creating init config 
25813      DEBUG main            d.u.i.k.p.i.AbstractProblemLoader Init config took 2.1s 
25867      INFO  main            d.u.i.k.p.i.AbstractProblemLoader Replaying proof Examples[Examples::setArray1([B)].JML normal_behavior operation contract.0 
26153      DEBUG main            d.u.i.k.p.i.IntermediateProofReplayer Proof replay took 277.99ms 
26157      DEBUG main            d.u.i.k.p.r.p.TestFile    ... success: reloaded. 
26160      INFO  main            d.u.i.k.p.r.p.TestFile    Now processing file /home/runner/work/key/key/key.core/../key.ui/examples/heap/javacard/setArray2.key 
26160      INFO  main            d.u.i.k.p.i.AbstractProblemLoader Loading environment from /home/runner/work/key/key/key.core/../key.ui/examples/heap/javacard/setArray2.key 
26161      DEBUG main            d.u.i.k.p.i.AbstractProblemLoader Environment load took 271ns 
26163      INFO  main            d.u.i.k.p.i.AbstractProblemLoader Creating init config 
28312      DEBUG main            d.u.i.k.p.i.AbstractProblemLoader Init config took 2.15s 
28362      INFO  main            d.u.i.k.p.i.AbstractProblemLoader Replaying proof Examples[Examples::setArray2([B)].JML normal_behavior operation contract.0 
28365      DEBUG main            d.u.i.k.p.i.IntermediateProofReplayer Proof replay took 5.7ns 
29772      INFO  main            d.u.i.k.p.r.p.TestFile    ... finished proof: closed. 
29932      INFO  main            d.u.i.k.p.i.AbstractProblemLoader Loading environment from /home/runner/work/key/key/key.core/../key.ui/examples/heap/javacard/setArray2.key.proof 
29933      DEBUG main            d.u.i.k.p.i.AbstractProblemLoader Environment load took 1.35ms 
29936      INFO  main            d.u.i.k.p.i.AbstractProblemLoader Creating init config 
32018      DEBUG main            d.u.i.k.p.i.AbstractProblemLoader Init config took 2.08s 
32072      INFO  main            d.u.i.k.p.i.AbstractProblemLoader Replaying proof Examples[Examples::setArray2([B)].JML normal_behavior operation contract.0 
32402      DEBUG main            d.u.i.k.p.i.IntermediateProofReplayer Proof replay took 319.99ms 
32405      DEBUG main            d.u.i.k.p.r.p.TestFile    ... success: reloaded. 
32409      INFO  main            d.u.i.k.p.r.p.TestFile    Now processing file /home/runner/work/key/key/key.core/../key.ui/examples/heap/javacard/arrayFillNonAtomic.key 
32410      INFO  main            d.u.i.k.p.i.AbstractProblemLoader Loading environment from /home/runner/work/key/key/key.core/../key.ui/examples/heap/javacard/arrayFillNonAtomic.key 
32410      DEBUG main            d.u.i.k.p.i.AbstractProblemLoader Environment load took 289.2ns 
32411      INFO  main            d.u.i.k.p.i.AbstractProblemLoader Creating init config 
34427      DEBUG main            d.u.i.k.p.i.AbstractProblemLoader Init config took 2.02s 
34501      INFO  main            d.u.i.k.p.i.AbstractProblemLoader Replaying proof javacard.framework.Util[javacard.framework.Util::arrayFillNonAtomic([B,short,short,byte)].JML behavior operation contract.0.transaction_inactive 
34505      DEBUG main            d.u.i.k.p.i.IntermediateProofReplayer Proof replay took 6.6ns 
35681      DEBUG Thread-13       d.u.i.k.l.o.ProgramSV     Match failed: Former match of  SchemaVariable incompatible with  the current match. 
35681      DEBUG Thread-13       d.u.i.k.l.o.ProgramSV     Match failed: Former match of  SchemaVariable incompatible with  the current match. 
37519      DEBUG Thread-13       d.u.i.k.l.o.ProgramSV     Match failed: Former match of  SchemaVariable incompatible with  the current match. 
37519      DEBUG Thread-13       d.u.i.k.l.o.ProgramSV     Match failed: Former match of  SchemaVariable incompatible with  the current match. 
39692      INFO  main            d.u.i.k.p.r.p.TestFile    ... finished proof: closed. 
39898      INFO  main            d.u.i.k.p.i.AbstractProblemLoader Loading environment from /home/runner/work/key/key/key.core/../key.ui/examples/heap/javacard/arrayFillNonAtomic.key.proof 
39898      DEBUG main            d.u.i.k.p.i.AbstractProblemLoader Environment load took 620.51ns 
39900      INFO  main            d.u.i.k.p.i.AbstractProblemLoader Creating init config 
41866      DEBUG main            d.u.i.k.p.i.AbstractProblemLoader Init config took 1.97s 
41941      INFO  main            d.u.i.k.p.i.AbstractProblemLoader Replaying proof javacard.framework.Util[javacard.framework.Util::arrayFillNonAtomic([B,short,short,byte)].JML behavior operation contract.0.transaction_inactive 
43170      DEBUG main            d.u.i.k.p.i.IntermediateProofReplayer Proof replay took 1.2s 
43172      DEBUG main            d.u.i.k.p.r.p.TestFile    ... success: reloaded. 
43173      INFO  main            d.u.i.k.p.r.p.TestFile    Now processing file /home/runner/work/key/key/key.core/../key.ui/examples/heap/coincidence_count/project.key 
43174      INFO  main            d.u.i.k.p.i.AbstractProblemLoader Loading environment from /home/runner/work/key/key/key.core/../key.ui/examples/heap/coincidence_count/project.key 
43174      DEBUG main            d.u.i.k.p.i.AbstractProblemLoader Environment load took 293.5ns 
43176      INFO  main            d.u.i.k.p.i.AbstractProblemLoader Creating init config 
47776      DEBUG main            d.u.i.k.p.i.AbstractProblemLoader Init config took 4.6s 
47854      INFO  main            d.u.i.k.p.i.AbstractProblemLoader Replaying proof CC[CC::calcCoinIndex([I,[I)].JML normal_behavior operation contract.0 
47862      DEBUG main            d.u.i.k.p.i.IntermediateProofReplayer Proof replay took 8.1ns 
72854      INFO  main            d.u.i.k.p.r.p.TestFile    ... finished proof: closed. 
73241      INFO  main            d.u.i.k.p.i.AbstractProblemLoader Loading environment from /home/runner/work/key/key/key.core/../key.ui/examples/heap/coincidence_count/project.key.proof 
73242      DEBUG main            d.u.i.k.p.i.AbstractProblemLoader Environment load took 669.91ns 
73246      INFO  main            d.u.i.k.p.i.AbstractProblemLoader Creating init config 
76569      DEBUG main            d.u.i.k.p.i.AbstractProblemLoader Init config took 3.32s 
76628      INFO  main            d.u.i.k.p.i.AbstractProblemLoader Replaying proof CC[CC::calcCoinIndex([I,[I)].JML normal_behavior operation contract.0 
78036      DEBUG main            d.u.i.k.p.i.IntermediateProofReplayer Proof replay took 1.33s 
78041      DEBUG main            d.u.i.k.p.r.p.TestFile    ... success: reloaded. 
78042      INFO  main            d.u.i.k.p.r.p.TestFile    Now processing file /home/runner/work/key/key/key.core/../key.ui/examples/heap/verifyThis11_1_Maximum/project.key 
78043      INFO  main            d.u.i.k.p.i.AbstractProblemLoader Loading environment from /home/runner/work/key/key/key.core/../key.ui/examples/heap/verifyThis11_1_Maximum/project.key 
78043      DEBUG main            d.u.i.k.p.i.AbstractProblemLoader Environment load took 285.81ns 
78044      INFO  main            d.u.i.k.p.i.AbstractProblemLoader Creating init config 
81526      DEBUG main            d.u.i.k.p.i.AbstractProblemLoader Init config took 3.48s 
81577      INFO  main            d.u.i.k.p.i.AbstractProblemLoader Replaying proof Maximum[Maximum::maxIndex([I)].JML normal_behavior operation contract.0 
81579      DEBUG main            d.u.i.k.p.i.IntermediateProofReplayer Proof replay took 6.5ns 
82804      INFO  main            d.u.i.k.p.r.p.TestFile    ... finished proof: closed. 
83128      INFO  main            d.u.i.k.p.i.AbstractProblemLoader Loading environment from /home/runner/work/key/key/key.core/../key.ui/examples/heap/verifyThis11_1_Maximum/project.key.proof 
83129      DEBUG main            d.u.i.k.p.i.AbstractProblemLoader Environment load took 744.91ns 
83131      INFO  main            d.u.i.k.p.i.AbstractProblemLoader Creating init config 
86433      DEBUG main            d.u.i.k.p.i.AbstractProblemLoader Init config took 3.3s 
86499      INFO  main            d.u.i.k.p.i.AbstractProblemLoader Replaying proof Maximum[Maximum::maxIndex([I)].JML normal_behavior operation contract.0 
86754      DEBUG main            d.u.i.k.p.i.IntermediateProofReplayer Proof replay took 246.83ms 
86755      DEBUG main            d.u.i.k.p.r.p.TestFile    ... success: reloaded. 
86756      INFO  main            d.u.i.k.p.r.p.TestFile    Now processing file /home/runner/work/key/key/key.core/../key.ui/examples/heap/fm12_01_LRS/lcp.key 
86757      INFO  main            d.u.i.k.p.i.AbstractProblemLoader Loading environment from /home/runner/work/key/key/key.core/../key.ui/examples/heap/fm12_01_LRS/lcp.key 
86757      DEBUG main            d.u.i.k.p.i.AbstractProblemLoader Environment load took 313.4ns 
86758      INFO  main            d.u.i.k.p.i.AbstractProblemLoader Creating init config 
91011      DEBUG main            d.u.i.k.p.i.AbstractProblemLoader Init config took 4.25s 
91088      INFO  main            d.u.i.k.p.i.AbstractProblemLoader Replaying proof LCP[LCP::lcp([I,int,int)].JML normal_behavior operation contract.0 
91092      DEBUG main            d.u.i.k.p.i.IntermediateProofReplayer Proof replay took 7.1ns 
92298      INFO  main            d.u.i.k.p.r.p.TestFile    ... finished proof: closed. 
92623      INFO  main            d.u.i.k.p.i.AbstractProblemLoader Loading environment from /home/runner/work/key/key/key.core/../key.ui/examples/heap/fm12_01_LRS/lcp.key.proof 
92624      DEBUG main            d.u.i.k.p.i.AbstractProblemLoader Environment load took 597.21ns 
92625      INFO  main            d.u.i.k.p.i.AbstractProblemLoader Creating init config 
96438      DEBUG main            d.u.i.k.p.i.AbstractProblemLoader Init config took 3.81s 
96508      INFO  main            d.u.i.k.p.i.AbstractProblemLoader Replaying proof LCP[LCP::lcp([I,int,int)].JML normal_behavior operation contract.0 
96806      DEBUG main            d.u.i.k.p.i.IntermediateProofReplayer Proof replay took 290.85ms 
96808      DEBUG main            d.u.i.k.p.r.p.TestFile    ... success: reloaded. 
96809      INFO  main            d.u.i.k.p.r.p.TestFile    Now processing file /home/runner/work/key/key/key.core/../key.ui/examples/heap/SemanticSlicing/project.key 
96809      INFO  main            d.u.i.k.p.i.AbstractProblemLoader Loading environment from /home/runner/work/key/key/key.core/../key.ui/examples/heap/SemanticSlicing/project.key 
96810      DEBUG main            d.u.i.k.p.i.AbstractProblemLoader Environment load took 371.71ns 
96811      INFO  main            d.u.i.k.p.i.AbstractProblemLoader Creating init config 
100326     DEBUG main            d.u.i.k.p.i.AbstractProblemLoader Init config took 3.52s 
100390     INFO  main            d.u.i.k.p.i.AbstractProblemLoader Replaying proof unsatcore_after.competition.postcond5.scope333.LRS[unsatcore_after.competition.postcond5.scope333.LRS::doLRS()].JML operation contract.0 
100392     DEBUG main            d.u.i.k.p.i.IntermediateProofReplayer Proof replay took 6.4ns 
105596     INFO  main            d.u.i.k.p.r.p.TestFile    ... finished proof: closed. 
105959     INFO  main            d.u.i.k.p.i.AbstractProblemLoader Loading environment from /home/runner/work/key/key/key.core/../key.ui/examples/heap/SemanticSlicing/project.key.proof 
105960     DEBUG main            d.u.i.k.p.i.AbstractProblemLoader Environment load took 581.11ns 
105962     INFO  main            d.u.i.k.p.i.AbstractProblemLoader Creating init config 
109353     DEBUG main            d.u.i.k.p.i.AbstractProblemLoader Init config took 3.39s 
109440     INFO  main            d.u.i.k.p.i.AbstractProblemLoader Replaying proof unsatcore_after.competition.postcond5.scope333.LRS[unsatcore_after.competition.postcond5.scope333.LRS::doLRS()].JML operation contract.0 
110538     DEBUG main            d.u.i.k.p.i.IntermediateProofReplayer Proof replay took 1.08s 
110540     DEBUG main            d.u.i.k.p.r.p.TestFile    ... success: reloaded. 
110542     INFO  main            d.u.i.k.p.r.p.TestFile    Now processing file /home/runner/work/key/key/key.core/../key.ui/examples/heap/information_flow/ArrayList_contains.key 
110543     INFO  main            d.u.i.k.p.i.AbstractProblemLoader Loading environment from /home/runner/work/key/key/key.core/../key.ui/examples/heap/information_flow/ArrayList_contains.key 
110543     DEBUG main            d.u.i.k.p.i.AbstractProblemLoader Environment load took 398.9ns 
110545     INFO  main            d.u.i.k.p.i.AbstractProblemLoader Creating init config 
114144     DEBUG main            d.u.i.k.p.i.AbstractProblemLoader Init config took 3.6s 
114194     INFO  main            d.u.i.k.p.i.AbstractProblemLoader Replaying proof ArrayList[ArrayList::get(int)].JML normal_behavior operation contract.0 
114196     DEBUG main            d.u.i.k.p.i.IntermediateProofReplayer Proof replay took 6.8ns 
114600     INFO  main            d.u.i.k.p.r.p.TestFile    ... finished proof: closed. 
114935     INFO  main            d.u.i.k.p.i.AbstractProblemLoader Loading environment from /home/runner/work/key/key/key.core/../key.ui/examples/heap/information_flow/ArrayList_contains.key.proof 
114935     DEBUG main            d.u.i.k.p.i.AbstractProblemLoader Environment load took 133.1ns 
114936     INFO  main            d.u.i.k.p.i.AbstractProblemLoader Creating init config 
118491     DEBUG main            d.u.i.k.p.i.AbstractProblemLoader Init config took 3.55s 
118536     INFO  main            d.u.i.k.p.i.AbstractProblemLoader Replaying proof ArrayList[ArrayList::get(int)].JML normal_behavior operation contract.0 
118612     DEBUG main            d.u.i.k.p.i.IntermediateProofReplayer Proof replay took 72.76ms 
118613     DEBUG main            d.u.i.k.p.r.p.TestFile    ... success: reloaded. 
118614     INFO  main            d.u.i.k.p.r.p.TestFile    Now processing file /home/runner/work/key/key/key.core/../key.ui/examples/heap/information_flow/ArrayList_get.key 
118614     INFO  main            d.u.i.k.p.i.AbstractProblemLoader Loading environment from /home/runner/work/key/key/key.core/../key.ui/examples/heap/information_flow/ArrayList_get.key 
118614     DEBUG main            d.u.i.k.p.i.AbstractProblemLoader Environment load took 96.8ns 
118615     INFO  main            d.u.i.k.p.i.AbstractProblemLoader Creating init config 
122251     DEBUG main            d.u.i.k.p.i.AbstractProblemLoader Init config took 3.64s 
122300     INFO  main            d.u.i.k.p.i.AbstractProblemLoader Replaying proof ArrayList[ArrayList::contains(java.lang.Object)].JML normal_behavior operation contract.0 
122302     DEBUG main            d.u.i.k.p.i.IntermediateProofReplayer Proof replay took 6.9ns 
123522     INFO  main            d.u.i.k.p.r.p.TestFile    ... finished proof: closed. 
123857     INFO  main            d.u.i.k.p.i.AbstractProblemLoader Loading environment from /home/runner/work/key/key/key.core/../key.ui/examples/heap/information_flow/ArrayList_get.key.proof 
123858     DEBUG main            d.u.i.k.p.i.AbstractProblemLoader Environment load took 616.91ns 
123861     INFO  main            d.u.i.k.p.i.AbstractProblemLoader Creating init config 
127282     DEBUG main            d.u.i.k.p.i.AbstractProblemLoader Init config took 3.42s 
127330     INFO  main            d.u.i.k.p.i.AbstractProblemLoader Replaying proof ArrayList[ArrayList::contains(java.lang.Object)].JML normal_behavior operation contract.0 
127590     DEBUG main            d.u.i.k.p.i.IntermediateProofReplayer Proof replay took 252.4ms 
127592     DEBUG main            d.u.i.k.p.r.p.TestFile    ... success: reloaded. 
127593     INFO  main            d.u.i.k.p.r.p.TestFile    Now processing file /home/runner/work/key/key/key.core/../key.ui/examples/heap/information_flow/ArrayList_size.key 
127594     INFO  main            d.u.i.k.p.i.AbstractProblemLoader Loading environment from /home/runner/work/key/key/key.core/../key.ui/examples/heap/information_flow/ArrayList_size.key 
127594     DEBUG main            d.u.i.k.p.i.AbstractProblemLoader Environment load took 268.7ns 
127596     INFO  main            d.u.i.k.p.i.AbstractProblemLoader Creating init config 
131190     DEBUG main            d.u.i.k.p.i.AbstractProblemLoader Init config took 3.59s 
131235     INFO  main            d.u.i.k.p.i.AbstractProblemLoader Replaying proof ArrayList[ArrayList::size()].JML normal_behavior operation contract.0 
131237     DEBUG main            d.u.i.k.p.i.IntermediateProofReplayer Proof replay took 6.2ns 
131342     INFO  main            d.u.i.k.p.r.p.TestFile    ... finished proof: closed. 
131679     INFO  main            d.u.i.k.p.i.AbstractProblemLoader Loading environment from /home/runner/work/key/key/key.core/../key.ui/examples/heap/information_flow/ArrayList_size.key.proof 
131679     DEBUG main            d.u.i.k.p.i.AbstractProblemLoader Environment load took 129.2ns 
131680     INFO  main            d.u.i.k.p.i.AbstractProblemLoader Creating init config 
135116     DEBUG main            d.u.i.k.p.i.AbstractProblemLoader Init config took 3.44s 
135165     INFO  main            d.u.i.k.p.i.AbstractProblemLoader Replaying proof ArrayList[ArrayList::size()].JML normal_behavior operation contract.0 
135185     DEBUG main            d.u.i.k.p.i.IntermediateProofReplayer Proof replay took 17.36ms 
135185     DEBUG main            d.u.i.k.p.r.p.TestFile    ... success: reloaded. 
135186     INFO  main            d.u.i.k.p.r.p.TestFile    Now processing file /home/runner/work/key/key/key.core/../key.ui/examples/heap/information_flow/UpdateAbstraction_ex7_3_secure.key 
135187     INFO  main            d.u.i.k.p.i.AbstractProblemLoader Loading environment from /home/runner/work/key/key/key.core/../key.ui/examples/heap/information_flow/UpdateAbstraction_ex7_3_secure.key 
135187     DEBUG main            d.u.i.k.p.i.AbstractProblemLoader Environment load took 108.4ns 
135188     INFO  main            d.u.i.k.p.i.AbstractProblemLoader Creating init config 
138687     DEBUG main            d.u.i.k.p.i.AbstractProblemLoader Init config took 3.5s 
138752     INFO  main            d.u.i.k.p.i.AbstractProblemLoader Replaying proof UpdateAbstraction[UpdateAbstraction::ex7_3_secure()].JML operation contract.0 
138754     DEBUG main            d.u.i.k.p.i.IntermediateProofReplayer Proof replay took 6.8ns 
138959     INFO  main            d.u.i.k.p.r.p.TestFile    ... finished proof: closed. 
139301     INFO  main            d.u.i.k.p.i.AbstractProblemLoader Loading environment from /home/runner/work/key/key/key.core/../key.ui/examples/heap/information_flow/UpdateAbstraction_ex7_3_secure.key.proof 
139301     DEBUG main            d.u.i.k.p.i.AbstractProblemLoader Environment load took 222.1ns 
139302     INFO  main            d.u.i.k.p.i.AbstractProblemLoader Creating init config 
142739     DEBUG main            d.u.i.k.p.i.AbstractProblemLoader Init config took 3.44s 
142783     INFO  main            d.u.i.k.p.i.AbstractProblemLoader Replaying proof UpdateAbstraction[UpdateAbstraction::ex7_3_secure()].JML operation contract.0 
142826     DEBUG main            d.u.i.k.p.i.IntermediateProofReplayer Proof replay took 40.12ms 
142827     DEBUG main            d.u.i.k.p.r.p.TestFile    ... success: reloaded. 
142828     INFO  main            d.u.i.k.p.r.p.TestFile    Now processing file /home/runner/work/key/key/key.core/../key.ui/examples/heap/information_flow/UpdateAbstraction_ex7_4_secure.key 
142829     INFO  main            d.u.i.k.p.i.AbstractProblemLoader Loading environment from /home/runner/work/key/key/key.core/../key.ui/examples/heap/information_flow/UpdateAbstraction_ex7_4_secure.key 
142829     DEBUG main            d.u.i.k.p.i.AbstractProblemLoader Environment load took 401.71ns 
142830     INFO  main            d.u.i.k.p.i.AbstractProblemLoader Creating init config 
146241     DEBUG main            d.u.i.k.p.i.AbstractProblemLoader Init config took 3.41s 
146306     INFO  main            d.u.i.k.p.i.AbstractProblemLoader Replaying proof UpdateAbstraction[UpdateAbstraction::ex7_4_secure()].JML operation contract.0 
146308     DEBUG main            d.u.i.k.p.i.IntermediateProofReplayer Proof replay took 6.5ns 
146613     INFO  main            d.u.i.k.p.r.p.TestFile    ... finished proof: closed. 
146968     INFO  main            d.u.i.k.p.i.AbstractProblemLoader Loading environment from /home/runner/work/key/key/key.core/../key.ui/examples/heap/information_flow/UpdateAbstraction_ex7_4_secure.key.proof 
146969     DEBUG main            d.u.i.k.p.i.AbstractProblemLoader Environment load took 986.02ns 
146970     INFO  main            d.u.i.k.p.i.AbstractProblemLoader Creating init config 
150350     DEBUG main            d.u.i.k.p.i.AbstractProblemLoader Init config took 3.38s 
150404     INFO  main            d.u.i.k.p.i.AbstractProblemLoader Replaying proof UpdateAbstraction[UpdateAbstraction::ex7_4_secure()].JML operation contract.0 
150472     DEBUG main            d.u.i.k.p.i.IntermediateProofReplayer Proof replay took 65.19ms 
150474     DEBUG main            d.u.i.k.p.r.p.TestFile    ... success: reloaded. 
150475     INFO  main            d.u.i.k.p.r.p.TestFile    Now processing file /home/runner/work/key/key/key.core/../key.ui/examples/heap/information_flow/UpdateAbstraction_ex7_5_secure.key 
150475     INFO  main            d.u.i.k.p.i.AbstractProblemLoader Loading environment from /home/runner/work/key/key/key.core/../key.ui/examples/heap/information_flow/UpdateAbstraction_ex7_5_secure.key 
150475     DEBUG main            d.u.i.k.p.i.AbstractProblemLoader Environment load took 261.3ns 
150480     INFO  main            d.u.i.k.p.i.AbstractProblemLoader Creating init config 
154007     DEBUG main            d.u.i.k.p.i.AbstractProblemLoader Init config took 3.53s 
154048     INFO  main            d.u.i.k.p.i.AbstractProblemLoader Replaying proof UpdateAbstraction[UpdateAbstraction::ex7_5_secure()].JML operation contract.0 
154049     DEBUG main            d.u.i.k.p.i.IntermediateProofReplayer Proof replay took 6.7ns 
154152     INFO  main            d.u.i.k.p.r.p.TestFile    ... finished proof: closed. 
154684     INFO  main            d.u.i.k.p.i.AbstractProblemLoader Loading environment from /home/runner/work/key/key/key.core/../key.ui/examples/heap/information_flow/UpdateAbstraction_ex7_5_secure.key.proof 
154684     DEBUG main            d.u.i.k.p.i.AbstractProblemLoader Environment load took 151.8ns 
154690     INFO  main            d.u.i.k.p.i.AbstractProblemLoader Creating init config 
158088     DEBUG main            d.u.i.k.p.i.AbstractProblemLoader Init config took 3.4s 
158148     INFO  main            d.u.i.k.p.i.AbstractProblemLoader Replaying proof UpdateAbstraction[UpdateAbstraction::ex7_5_secure()].JML operation contract.0 
158177     DEBUG main            d.u.i.k.p.i.IntermediateProofReplayer Proof replay took 26.95ms 
158178     DEBUG main            d.u.i.k.p.r.p.TestFile    ... success: reloaded. 
158179     INFO  main            d.u.i.k.p.r.p.TestFile    Now processing file /home/runner/work/key/key/key.core/../key.ui/examples/heap/information_flow/UpdateAbstraction_ex7_6_secure.key 
158179     INFO  main            d.u.i.k.p.i.AbstractProblemLoader Loading environment from /home/runner/work/key/key/key.core/../key.ui/examples/heap/information_flow/UpdateAbstraction_ex7_6_secure.key 
158179     DEBUG main            d.u.i.k.p.i.AbstractProblemLoader Environment load took 128.4ns 
158180     INFO  main            d.u.i.k.p.i.AbstractProblemLoader Creating init config 
161683     DEBUG main            d.u.i.k.p.i.AbstractProblemLoader Init config took 3.5s 
161725     INFO  main            d.u.i.k.p.i.AbstractProblemLoader Replaying proof UpdateAbstraction[UpdateAbstraction::ex7_6_secure()].JML operation contract.0 
161726     DEBUG main            d.u.i.k.p.i.IntermediateProofReplayer Proof replay took 5.9ns 
162029     INFO  main            d.u.i.k.p.r.p.TestFile    ... finished proof: closed. 
162419     INFO  main            d.u.i.k.p.i.AbstractProblemLoader Loading environment from /home/runner/work/key/key/key.core/../key.ui/examples/heap/information_flow/UpdateAbstraction_ex7_6_secure.key.proof 
162419     DEBUG main            d.u.i.k.p.i.AbstractProblemLoader Environment load took 131.7ns 
162423     INFO  main            d.u.i.k.p.i.AbstractProblemLoader Creating init config 
165847     DEBUG main            d.u.i.k.p.i.AbstractProblemLoader Init config took 3.42s 
165896     INFO  main            d.u.i.k.p.i.AbstractProblemLoader Replaying proof UpdateAbstraction[UpdateAbstraction::ex7_6_secure()].JML operation contract.0 
165980     DEBUG main            d.u.i.k.p.i.IntermediateProofReplayer Proof replay took 79.93ms 
165981     DEBUG main            d.u.i.k.p.r.p.TestFile    ... success: reloaded. 
165982     INFO  main            d.u.i.k.p.r.p.TestFile    Now processing file /home/runner/work/key/key/key.core/../key.ui/examples/heap/information_flow/UpdateAbstraction_ex9_secure.key 
165983     INFO  main            d.u.i.k.p.i.AbstractProblemLoader Loading environment from /home/runner/work/key/key/key.core/../key.ui/examples/heap/information_flow/UpdateAbstraction_ex9_secure.key 
165983     DEBUG main            d.u.i.k.p.i.AbstractProblemLoader Environment load took 260ns 
165984     INFO  main            d.u.i.k.p.i.AbstractProblemLoader Creating init config 
169407     DEBUG main            d.u.i.k.p.i.AbstractProblemLoader Init config took 3.42s 
169450     INFO  main            d.u.i.k.p.i.AbstractProblemLoader Replaying proof UpdateAbstraction[UpdateAbstraction::ex9_secure()].JML operation contract.0 
169452     DEBUG main            d.u.i.k.p.i.IntermediateProofReplayer Proof replay took 6.9ns 
170658     INFO  main            d.u.i.k.p.r.p.TestFile    ... finished proof: closed. 
171060     INFO  main            d.u.i.k.p.i.AbstractProblemLoader Loading environment from /home/runner/work/key/key/key.core/../key.ui/examples/heap/information_flow/UpdateAbstraction_ex9_secure.key.proof 
171061     DEBUG main            d.u.i.k.p.i.AbstractProblemLoader Environment load took 961.41ns 
171062     INFO  main            d.u.i.k.p.i.AbstractProblemLoader Creating init config 
174488     DEBUG main            d.u.i.k.p.i.AbstractProblemLoader Init config took 3.43s 
174529     INFO  main            d.u.i.k.p.i.AbstractProblemLoader Replaying proof UpdateAbstraction[UpdateAbstraction::ex9_secure()].JML operation contract.0 
174808     DEBUG main            d.u.i.k.p.i.IntermediateProofReplayer Proof replay took 274.82ms 
174809     DEBUG main            d.u.i.k.p.r.p.TestFile    ... success: reloaded. 
1150373    INFO  Test worker     d.u.i.k.p.r.RunAllProofsTestUnit Returning from test javaCard 
1150379    INFO  Test worker     d.u.i.k.p.r.RunAllProofsTestUnit Running test list 
454        INFO  Timeout watchdog d.u.i.k.p.r.p.ForkedTestFileRunner Timeout watcher launched (2000 secs.) 
492        WARN  main            d.u.i.k.s.ProofSettings   The settings in /home/runner/.key/proof-settings.props are *not* read. 
553        INFO  main            d.u.i.k.p.r.p.TestFile    Now processing file /home/runner/work/key/key/key.core/../key.ui/examples/heap/list/ArrayList_add.key 
719        INFO  main            d.u.i.k.p.i.AbstractProblemLoader Loading environment from /home/runner/work/key/key/key.core/../key.ui/examples/heap/list/ArrayList_add.key 
739        DEBUG main            d.u.i.k.p.i.AbstractProblemLoader Environment load took 3.13ms 
1038       INFO  main            d.u.i.k.p.i.AbstractProblemLoader Creating init config 
2432       DEBUG main            d.u.i.k.j.TypeConverter   No LDT found for Meta 
2432       DEBUG main            d.u.i.k.j.TypeConverter   No LDT found for Meta 
2436       DEBUG main            d.u.i.k.j.TypeConverter   No LDT found for Meta 
2436       DEBUG main            d.u.i.k.j.TypeConverter   No LDT found for Meta 
4508       DEBUG main            d.u.i.k.j.TypeConverter   No LDT found for JavaBigintExpression 
8851       DEBUG main            d.u.i.k.j.r.ClassPreparationMethodBuilder clPrepBuilder: Inner Class detected. Reject building class initialisation methods. 
12221      DEBUG main            d.u.i.k.p.i.AbstractProblemLoader Init config took 11.18s 
12447      INFO  main            d.u.i.k.p.i.AbstractProblemLoader Replaying proof ArrayList[List::add(java.lang.Object)].JML normal_behavior operation contract.0 
12494      DEBUG main            d.u.i.k.p.i.IntermediateProofReplayer Proof replay took 37.3ns 
20080      INFO  main            d.u.i.k.p.r.p.TestFile    ... finished proof: closed. 
20357      INFO  main            d.u.i.k.p.i.AbstractProblemLoader Loading environment from /home/runner/work/key/key/key.core/../key.ui/examples/heap/list/ArrayList_add.key.proof 
20357      DEBUG main            d.u.i.k.p.i.AbstractProblemLoader Environment load took 283.1ns 
20362      INFO  main            d.u.i.k.p.i.AbstractProblemLoader Creating init config 
21847      DEBUG main            d.u.i.k.j.r.ClassPreparationMethodBuilder clPrepBuilder: Inner Class detected. Reject building class initialisation methods. 
24714      DEBUG main            d.u.i.k.p.i.AbstractProblemLoader Init config took 4.35s 
24834      INFO  main            d.u.i.k.p.i.AbstractProblemLoader Replaying proof ArrayList[List::add(java.lang.Object)].JML normal_behavior operation contract.0 
26256      DEBUG main            d.u.i.k.p.i.IntermediateProofReplayer Proof replay took 1.39s 
26266      DEBUG main            d.u.i.k.p.r.p.TestFile    ... success: reloaded. 
26268      INFO  main            d.u.i.k.p.r.p.TestFile    Now processing file /home/runner/work/key/key/key.core/../key.ui/examples/heap/list/ArrayList_ArrayList.key 
26269      INFO  main            d.u.i.k.p.i.AbstractProblemLoader Loading environment from /home/runner/work/key/key/key.core/../key.ui/examples/heap/list/ArrayList_ArrayList.key 
26270      DEBUG main            d.u.i.k.p.i.AbstractProblemLoader Environment load took 382.31ns 
26272      INFO  main            d.u.i.k.p.i.AbstractProblemLoader Creating init config 
27544      DEBUG main            d.u.i.k.j.r.ClassPreparationMethodBuilder clPrepBuilder: Inner Class detected. Reject building class initialisation methods. 
30297      DEBUG main            d.u.i.k.p.i.AbstractProblemLoader Init config took 4.03s 
30384      INFO  main            d.u.i.k.p.i.AbstractProblemLoader Replaying proof ArrayList[ArrayList::ArrayList()].JML normal_behavior operation contract.0 
30387      DEBUG main            d.u.i.k.p.i.IntermediateProofReplayer Proof replay took 7.3ns 
32497      INFO  main            d.u.i.k.p.r.p.TestFile    ... finished proof: closed. 
32741      INFO  main            d.u.i.k.p.i.AbstractProblemLoader Loading environment from /home/runner/work/key/key/key.core/../key.ui/examples/heap/list/ArrayList_ArrayList.key.proof 
32742      DEBUG main            d.u.i.k.p.i.AbstractProblemLoader Environment load took 622.21ns 
32744      INFO  main            d.u.i.k.p.i.AbstractProblemLoader Creating init config 
33993      DEBUG main            d.u.i.k.j.r.ClassPreparationMethodBuilder clPrepBuilder: Inner Class detected. Reject building class initialisation methods. 
36696      DEBUG main            d.u.i.k.p.i.AbstractProblemLoader Init config took 3.95s 
36777      INFO  main            d.u.i.k.p.i.AbstractProblemLoader Replaying proof ArrayList[ArrayList::ArrayList()].JML normal_behavior operation contract.0 
37094      DEBUG main            d.u.i.k.p.i.IntermediateProofReplayer Proof replay took 303.67ms 
37096      DEBUG main            d.u.i.k.p.r.p.TestFile    ... success: reloaded. 
37098      INFO  main            d.u.i.k.p.r.p.TestFile    Now processing file /home/runner/work/key/key/key.core/../key.ui/examples/heap/list/ArrayList_concatenate.key 
37099      INFO  main            d.u.i.k.p.i.AbstractProblemLoader Loading environment from /home/runner/work/key/key/key.core/../key.ui/examples/heap/list/ArrayList_concatenate.key 
37099      DEBUG main            d.u.i.k.p.i.AbstractProblemLoader Environment load took 279ns 
37101      INFO  main            d.u.i.k.p.i.AbstractProblemLoader Creating init config 
38384      DEBUG main            d.u.i.k.j.r.ClassPreparationMethodBuilder clPrepBuilder: Inner Class detected. Reject building class initialisation methods. 
41015      DEBUG main            d.u.i.k.p.i.AbstractProblemLoader Init config took 3.91s 
41091      INFO  main            d.u.i.k.p.i.AbstractProblemLoader Replaying proof ArrayList[List::concatenate(List)].JML normal_behavior operation contract.0 
41093      DEBUG main            d.u.i.k.p.i.IntermediateProofReplayer Proof replay took 6.4ns 
74573      INFO  main            d.u.i.k.p.r.p.TestFile    ... finished proof: closed. 
74889      INFO  main            d.u.i.k.p.i.AbstractProblemLoader Loading environment from /home/runner/work/key/key/key.core/../key.ui/examples/heap/list/ArrayList_concatenate.key.proof 
74889      DEBUG main            d.u.i.k.p.i.AbstractProblemLoader Environment load took 255.3ns 
74894      INFO  main            d.u.i.k.p.i.AbstractProblemLoader Creating init config 
76106      DEBUG main            d.u.i.k.j.r.ClassPreparationMethodBuilder clPrepBuilder: Inner Class detected. Reject building class initialisation methods. 
78760      DEBUG main            d.u.i.k.p.i.AbstractProblemLoader Init config took 3.87s 
78848      INFO  main            d.u.i.k.p.i.AbstractProblemLoader Replaying proof ArrayList[List::concatenate(List)].JML normal_behavior operation contract.0 
81873      DEBUG main            d.u.i.k.p.i.IntermediateProofReplayer Proof replay took 2.95s 
81878      DEBUG main            d.u.i.k.p.r.p.TestFile    ... success: reloaded. 
81879      INFO  main            d.u.i.k.p.r.p.TestFile    Now processing file /home/runner/work/key/key/key.core/../key.ui/examples/heap/list/ArrayList_contains_dep.key 
81880      INFO  main            d.u.i.k.p.i.AbstractProblemLoader Loading environment from /home/runner/work/key/key/key.core/../key.ui/examples/heap/list/ArrayList_contains_dep.key 
81880      DEBUG main            d.u.i.k.p.i.AbstractProblemLoader Environment load took 310.21ns 
81881      INFO  main            d.u.i.k.p.i.AbstractProblemLoader Creating init config 
83150      DEBUG main            d.u.i.k.j.r.ClassPreparationMethodBuilder clPrepBuilder: Inner Class detected. Reject building class initialisation methods. 
85828      DEBUG main            d.u.i.k.p.i.AbstractProblemLoader Init config took 3.95s 
85961      INFO  main            d.u.i.k.p.i.AbstractProblemLoader Replaying proof ArrayList[List::contains(java.lang.Object)].JML accessible clause.0 
85964      DEBUG main            d.u.i.k.p.i.IntermediateProofReplayer Proof replay took 6.4ns 
89671      INFO  main            d.u.i.k.p.r.p.TestFile    ... finished proof: closed. 
90065      INFO  main            d.u.i.k.p.i.AbstractProblemLoader Loading environment from /home/runner/work/key/key/key.core/../key.ui/examples/heap/list/ArrayList_contains_dep.key.proof 
90066      DEBUG main            d.u.i.k.p.i.AbstractProblemLoader Environment load took 556.41ns 
90069      INFO  main            d.u.i.k.p.i.AbstractProblemLoader Creating init config 
91322      DEBUG main            d.u.i.k.j.r.ClassPreparationMethodBuilder clPrepBuilder: Inner Class detected. Reject building class initialisation methods. 
93861      DEBUG main            d.u.i.k.p.i.AbstractProblemLoader Init config took 3.79s 
93940      INFO  main            d.u.i.k.p.i.AbstractProblemLoader Replaying proof ArrayList[List::contains(java.lang.Object)].JML accessible clause.0 
94549      DEBUG main            d.u.i.k.p.i.IntermediateProofReplayer Proof replay took 598.26ms 
94551      DEBUG main            d.u.i.k.p.r.p.TestFile    ... success: reloaded. 
94553      INFO  main            d.u.i.k.p.r.p.TestFile    Now processing file /home/runner/work/key/key/key.core/../key.ui/examples/heap/list/ArrayList_enlarge.key 
94554      INFO  main            d.u.i.k.p.i.AbstractProblemLoader Loading environment from /home/runner/work/key/key/key.core/../key.ui/examples/heap/list/ArrayList_enlarge.key 
94554      DEBUG main            d.u.i.k.p.i.AbstractProblemLoader Environment load took 255.7ns 
94563      INFO  main            d.u.i.k.p.i.AbstractProblemLoader Creating init config 
95802      DEBUG main            d.u.i.k.j.r.ClassPreparationMethodBuilder clPrepBuilder: Inner Class detected. Reject building class initialisation methods. 
98503      DEBUG main            d.u.i.k.p.i.AbstractProblemLoader Init config took 3.94s 
98568      INFO  main            d.u.i.k.p.i.AbstractProblemLoader Replaying proof ArrayList[ArrayList::enlarge()].JML normal_behavior operation contract.0 
98570      DEBUG main            d.u.i.k.p.i.IntermediateProofReplayer Proof replay took 5.7ns 
101657     INFO  main            d.u.i.k.p.r.p.TestFile    ... finished proof: closed. 
101927     INFO  main            d.u.i.k.p.i.AbstractProblemLoader Loading environment from /home/runner/work/key/key/key.core/../key.ui/examples/heap/list/ArrayList_enlarge.key.proof 
101927     DEBUG main            d.u.i.k.p.i.AbstractProblemLoader Environment load took 601.61ns 
101929     INFO  main            d.u.i.k.p.i.AbstractProblemLoader Creating init config 
103128     DEBUG main            d.u.i.k.j.r.ClassPreparationMethodBuilder clPrepBuilder: Inner Class detected. Reject building class initialisation methods. 
105797     DEBUG main            d.u.i.k.p.i.AbstractProblemLoader Init config took 3.87s 
105885     INFO  main            d.u.i.k.p.i.AbstractProblemLoader Replaying proof ArrayList[ArrayList::enlarge()].JML normal_behavior operation contract.0 
106441     DEBUG main            d.u.i.k.p.i.IntermediateProofReplayer Proof replay took 545.99ms 
106442     DEBUG main            d.u.i.k.p.r.p.TestFile    ... success: reloaded. 
106444     INFO  main            d.u.i.k.p.r.p.TestFile    Now processing file /home/runner/work/key/key/key.core/../key.ui/examples/heap/list/ArrayList_footprint.key 
106445     INFO  main            d.u.i.k.p.i.AbstractProblemLoader Loading environment from /home/runner/work/key/key/key.core/../key.ui/examples/heap/list/ArrayList_footprint.key 
106445     DEBUG main            d.u.i.k.p.i.AbstractProblemLoader Environment load took 246.9ns 
106446     INFO  main            d.u.i.k.p.i.AbstractProblemLoader Creating init config 
107689     DEBUG main            d.u.i.k.j.r.ClassPreparationMethodBuilder clPrepBuilder: Inner Class detected. Reject building class initialisation methods. 
110433     DEBUG main            d.u.i.k.p.i.AbstractProblemLoader Init config took 3.99s 
110495     INFO  main            d.u.i.k.p.i.AbstractProblemLoader Replaying proof List[List::$footprint()].JML accessible clause.0 
110497     DEBUG main            d.u.i.k.p.i.IntermediateProofReplayer Proof replay took 23.7ns 
110600     INFO  main            d.u.i.k.p.r.p.TestFile    ... finished proof: closed. 
110855     INFO  main            d.u.i.k.p.i.AbstractProblemLoader Loading environment from /home/runner/work/key/key/key.core/../key.ui/examples/heap/list/ArrayList_footprint.key.proof 
110856     DEBUG main            d.u.i.k.p.i.AbstractProblemLoader Environment load took 127.4ns 
110857     INFO  main            d.u.i.k.p.i.AbstractProblemLoader Creating init config 
112093     DEBUG main            d.u.i.k.j.r.ClassPreparationMethodBuilder clPrepBuilder: Inner Class detected. Reject building class initialisation methods. 
114778     DEBUG main            d.u.i.k.p.i.AbstractProblemLoader Init config took 3.92s 
114842     INFO  main            d.u.i.k.p.i.AbstractProblemLoader Replaying proof List[List::$footprint()].JML accessible clause.0 
114847     DEBUG main            d.u.i.k.p.i.IntermediateProofReplayer Proof replay took 1.63ms 
114848     DEBUG main            d.u.i.k.p.r.p.TestFile    ... success: reloaded. 
114850     INFO  main            d.u.i.k.p.r.p.TestFile    Now processing file /home/runner/work/key/key/key.core/../key.ui/examples/heap/list/ArrayList_get_dep.key 
114850     INFO  main            d.u.i.k.p.i.AbstractProblemLoader Loading environment from /home/runner/work/key/key/key.core/../key.ui/examples/heap/list/ArrayList_get_dep.key 
114850     DEBUG main            d.u.i.k.p.i.AbstractProblemLoader Environment load took 292.5ns 
114852     INFO  main            d.u.i.k.p.i.AbstractProblemLoader Creating init config 
116152     DEBUG main            d.u.i.k.j.r.ClassPreparationMethodBuilder clPrepBuilder: Inner Class detected. Reject building class initialisation methods. 
118773     DEBUG main            d.u.i.k.p.i.AbstractProblemLoader Init config took 3.92s 
118841     INFO  main            d.u.i.k.p.i.AbstractProblemLoader Replaying proof ArrayList[List::get(int)].JML accessible clause.0 
118843     DEBUG main            d.u.i.k.p.i.IntermediateProofReplayer Proof replay took 6.4ns 
119355     INFO  main            d.u.i.k.p.r.p.TestFile    ... finished proof: closed. 
119623     INFO  main            d.u.i.k.p.i.AbstractProblemLoader Loading environment from /home/runner/work/key/key/key.core/../key.ui/examples/heap/list/ArrayList_get_dep.key.proof 
119623     DEBUG main            d.u.i.k.p.i.AbstractProblemLoader Environment load took 225.7ns 
119624     INFO  main            d.u.i.k.p.i.AbstractProblemLoader Creating init config 
120832     DEBUG main            d.u.i.k.j.r.ClassPreparationMethodBuilder clPrepBuilder: Inner Class detected. Reject building class initialisation methods. 
123392     DEBUG main            d.u.i.k.p.i.AbstractProblemLoader Init config took 3.77s 
123452     INFO  main            d.u.i.k.p.i.AbstractProblemLoader Replaying proof ArrayList[List::get(int)].JML accessible clause.0 
123560     DEBUG main            d.u.i.k.p.i.IntermediateProofReplayer Proof replay took 103.5ms 
123561     DEBUG main            d.u.i.k.p.r.p.TestFile    ... success: reloaded. 
123563     INFO  main            d.u.i.k.p.r.p.TestFile    Now processing file /home/runner/work/key/key/key.core/../key.ui/examples/heap/list/ArrayList_get_exceptional.key 
123563     INFO  main            d.u.i.k.p.i.AbstractProblemLoader Loading environment from /home/runner/work/key/key/key.core/../key.ui/examples/heap/list/ArrayList_get_exceptional.key 
123564     DEBUG main            d.u.i.k.p.i.AbstractProblemLoader Environment load took 295.5ns 
123565     INFO  main            d.u.i.k.p.i.AbstractProblemLoader Creating init config 
124735     DEBUG main            d.u.i.k.j.r.ClassPreparationMethodBuilder clPrepBuilder: Inner Class detected. Reject building class initialisation methods. 
127348     DEBUG main            d.u.i.k.p.i.AbstractProblemLoader Init config took 3.78s 
127411     INFO  main            d.u.i.k.p.i.AbstractProblemLoader Replaying proof ArrayList[List::get(int)].JML exceptional_behavior operation contract.0 
127415     DEBUG main            d.u.i.k.p.i.IntermediateProofReplayer Proof replay took 6.4ns 
129135     INFO  main            d.u.i.k.p.r.p.TestFile    ... finished proof: closed. 
129419     INFO  main            d.u.i.k.p.i.AbstractProblemLoader Loading environment from /home/runner/work/key/key/key.core/../key.ui/examples/heap/list/ArrayList_get_exceptional.key.proof 
129420     DEBUG main            d.u.i.k.p.i.AbstractProblemLoader Environment load took 769.51ns 
129422     INFO  main            d.u.i.k.p.i.AbstractProblemLoader Creating init config 
130575     DEBUG main            d.u.i.k.j.r.ClassPreparationMethodBuilder clPrepBuilder: Inner Class detected. Reject building class initialisation methods. 
133202     DEBUG main            d.u.i.k.p.i.AbstractProblemLoader Init config took 3.78s 
133264     INFO  main            d.u.i.k.p.i.AbstractProblemLoader Replaying proof ArrayList[List::get(int)].JML exceptional_behavior operation contract.0 
133567     DEBUG main            d.u.i.k.p.i.IntermediateProofReplayer Proof replay took 295.84ms 
133569     DEBUG main            d.u.i.k.p.r.p.TestFile    ... success: reloaded. 
133571     INFO  main            d.u.i.k.p.r.p.TestFile    Now processing file /home/runner/work/key/key/key.core/../key.ui/examples/heap/list/ArrayList_get_normal.key 
133571     INFO  main            d.u.i.k.p.i.AbstractProblemLoader Loading environment from /home/runner/work/key/key/key.core/../key.ui/examples/heap/list/ArrayList_get_normal.key 
133572     DEBUG main            d.u.i.k.p.i.AbstractProblemLoader Environment load took 244.5ns 
133573     INFO  main            d.u.i.k.p.i.AbstractProblemLoader Creating init config 
134817     DEBUG main            d.u.i.k.j.r.ClassPreparationMethodBuilder clPrepBuilder: Inner Class detected. Reject building class initialisation methods. 
137331     DEBUG main            d.u.i.k.p.i.AbstractProblemLoader Init config took 3.76s 
137391     INFO  main            d.u.i.k.p.i.AbstractProblemLoader Replaying proof ArrayList[List::get(int)].JML normal_behavior operation contract.0 
137394     DEBUG main            d.u.i.k.p.i.IntermediateProofReplayer Proof replay took 6.1ns 
137999     INFO  main            d.u.i.k.p.r.p.TestFile    ... finished proof: closed. 
138277     INFO  main            d.u.i.k.p.i.AbstractProblemLoader Loading environment from /home/runner/work/key/key/key.core/../key.ui/examples/heap/list/ArrayList_get_normal.key.proof 
138278     DEBUG main            d.u.i.k.p.i.AbstractProblemLoader Environment load took 808.13ns 
138279     INFO  main            d.u.i.k.p.i.AbstractProblemLoader Creating init config 
139467     DEBUG main            d.u.i.k.j.r.ClassPreparationMethodBuilder clPrepBuilder: Inner Class detected. Reject building class initialisation methods. 
141997     DEBUG main            d.u.i.k.p.i.AbstractProblemLoader Init config took 3.72s 
142054     INFO  main            d.u.i.k.p.i.AbstractProblemLoader Replaying proof ArrayList[List::get(int)].JML normal_behavior operation contract.0 
142161     DEBUG main            d.u.i.k.p.i.IntermediateProofReplayer Proof replay took 102.25ms 
142162     DEBUG main            d.u.i.k.p.r.p.TestFile    ... success: reloaded. 
142163     INFO  main            d.u.i.k.p.r.p.TestFile    Now processing file /home/runner/work/key/key/key.core/../key.ui/examples/heap/list/ArrayList_inv.key 
142164     INFO  main            d.u.i.k.p.i.AbstractProblemLoader Loading environment from /home/runner/work/key/key/key.core/../key.ui/examples/heap/list/ArrayList_inv.key 
142164     DEBUG main            d.u.i.k.p.i.AbstractProblemLoader Environment load took 205.7ns 
142165     INFO  main            d.u.i.k.p.i.AbstractProblemLoader Creating init config 
143367     DEBUG main            d.u.i.k.j.r.ClassPreparationMethodBuilder clPrepBuilder: Inner Class detected. Reject building class initialisation methods. 
146008     DEBUG main            d.u.i.k.p.i.AbstractProblemLoader Init config took 3.84s 
146071     INFO  main            d.u.i.k.p.i.AbstractProblemLoader Replaying proof ArrayList[java.lang.Object::<inv>()].JML accessible clause.0 
146073     DEBUG main            d.u.i.k.p.i.IntermediateProofReplayer Proof replay took 7.4ns 
146576     INFO  main            d.u.i.k.p.r.p.TestFile    ... finished proof: closed. 
146872     INFO  main            d.u.i.k.p.i.AbstractProblemLoader Loading environment from /home/runner/work/key/key/key.core/../key.ui/examples/heap/list/ArrayList_inv.key.proof 
146873     DEBUG main            d.u.i.k.p.i.AbstractProblemLoader Environment load took 129ns 
146874     INFO  main            d.u.i.k.p.i.AbstractProblemLoader Creating init config 
148072     DEBUG main            d.u.i.k.j.r.ClassPreparationMethodBuilder clPrepBuilder: Inner Class detected. Reject building class initialisation methods. 
150625     DEBUG main            d.u.i.k.p.i.AbstractProblemLoader Init config took 3.75s 
150683     INFO  main            d.u.i.k.p.i.AbstractProblemLoader Replaying proof ArrayList[java.lang.Object::<inv>()].JML accessible clause.0 
150745     DEBUG main            d.u.i.k.p.i.IntermediateProofReplayer Proof replay took 57.11ms 
150746     DEBUG main            d.u.i.k.p.r.p.TestFile    ... success: reloaded. 
150748     INFO  main            d.u.i.k.p.r.p.TestFile    Now processing file /home/runner/work/key/key/key.core/../key.ui/examples/heap/list/ArrayList_iterator.key 
150748     INFO  main            d.u.i.k.p.i.AbstractProblemLoader Loading environment from /home/runner/work/key/key/key.core/../key.ui/examples/heap/list/ArrayList_iterator.key 
150749     DEBUG main            d.u.i.k.p.i.AbstractProblemLoader Environment load took 254.1ns 
150750     INFO  main            d.u.i.k.p.i.AbstractProblemLoader Creating init config 
151922     DEBUG main            d.u.i.k.j.r.ClassPreparationMethodBuilder clPrepBuilder: Inner Class detected. Reject building class initialisation methods. 
154456     DEBUG main            d.u.i.k.p.i.AbstractProblemLoader Init config took 3.7s 
154516     INFO  main            d.u.i.k.p.i.AbstractProblemLoader Replaying proof ArrayList[List::iterator()].JML normal_behavior operation contract.0 
154518     DEBUG main            d.u.i.k.p.i.IntermediateProofReplayer Proof replay took 7.3ns 
155223     INFO  main            d.u.i.k.p.r.p.TestFile    ... finished proof: closed. 
155523     INFO  main            d.u.i.k.p.i.AbstractProblemLoader Loading environment from /home/runner/work/key/key/key.core/../key.ui/examples/heap/list/ArrayList_iterator.key.proof 
155524     DEBUG main            d.u.i.k.p.i.AbstractProblemLoader Environment load took 783.21ns 
155526     INFO  main            d.u.i.k.p.i.AbstractProblemLoader Creating init config 
156707     DEBUG main            d.u.i.k.j.r.ClassPreparationMethodBuilder clPrepBuilder: Inner Class detected. Reject building class initialisation methods. 
159216     DEBUG main            d.u.i.k.p.i.AbstractProblemLoader Init config took 3.69s 
159277     INFO  main            d.u.i.k.p.i.AbstractProblemLoader Replaying proof ArrayList[List::iterator()].JML normal_behavior operation contract.0 
159390     DEBUG main            d.u.i.k.p.i.IntermediateProofReplayer Proof replay took 108.4ms 
159391     DEBUG main            d.u.i.k.p.r.p.TestFile    ... success: reloaded. 
159393     INFO  main            d.u.i.k.p.r.p.TestFile    Now processing file /home/runner/work/key/key/key.core/../key.ui/examples/heap/list/ArrayList_size_dep.key 
159393     INFO  main            d.u.i.k.p.i.AbstractProblemLoader Loading environment from /home/runner/work/key/key/key.core/../key.ui/examples/heap/list/ArrayList_size_dep.key 
159394     DEBUG main            d.u.i.k.p.i.AbstractProblemLoader Environment load took 325.61ns 
159396     INFO  main            d.u.i.k.p.i.AbstractProblemLoader Creating init config 
160584     DEBUG main            d.u.i.k.j.r.ClassPreparationMethodBuilder clPrepBuilder: Inner Class detected. Reject building class initialisation methods. 
163100     DEBUG main            d.u.i.k.p.i.AbstractProblemLoader Init config took 3.7s 
163164     INFO  main            d.u.i.k.p.i.AbstractProblemLoader Replaying proof ArrayList[List::size()].JML accessible clause.0 
163166     DEBUG main            d.u.i.k.p.i.IntermediateProofReplayer Proof replay took 6.4ns 
163369     INFO  main            d.u.i.k.p.r.p.TestFile    ... finished proof: closed. 
163651     INFO  main            d.u.i.k.p.i.AbstractProblemLoader Loading environment from /home/runner/work/key/key/key.core/../key.ui/examples/heap/list/ArrayList_size_dep.key.proof 
163651     DEBUG main            d.u.i.k.p.i.AbstractProblemLoader Environment load took 129.4ns 
163653     INFO  main            d.u.i.k.p.i.AbstractProblemLoader Creating init config 
164825     DEBUG main            d.u.i.k.j.r.ClassPreparationMethodBuilder clPrepBuilder: Inner Class detected. Reject building class initialisation methods. 
167375     DEBUG main            d.u.i.k.p.i.AbstractProblemLoader Init config took 3.72s 
167444     INFO  main            d.u.i.k.p.i.AbstractProblemLoader Replaying proof ArrayList[List::size()].JML accessible clause.0 
167484     DEBUG main            d.u.i.k.p.i.IntermediateProofReplayer Proof replay took 37.45ms 
167485     DEBUG main            d.u.i.k.p.r.p.TestFile    ... success: reloaded. 
167486     INFO  main            d.u.i.k.p.r.p.TestFile    Now processing file /home/runner/work/key/key/key.core/../key.ui/examples/heap/list/ArrayList_size.key 
167487     INFO  main            d.u.i.k.p.i.AbstractProblemLoader Loading environment from /home/runner/work/key/key/key.core/../key.ui/examples/heap/list/ArrayList_size.key 
167487     DEBUG main            d.u.i.k.p.i.AbstractProblemLoader Environment load took 134.9ns 
167488     INFO  main            d.u.i.k.p.i.AbstractProblemLoader Creating init config 
168675     DEBUG main            d.u.i.k.j.r.ClassPreparationMethodBuilder clPrepBuilder: Inner Class detected. Reject building class initialisation methods. 
171244     DEBUG main            d.u.i.k.p.i.AbstractProblemLoader Init config took 3.76s 
171308     INFO  main            d.u.i.k.p.i.AbstractProblemLoader Replaying proof ArrayList[List::size()].JML normal_behavior operation contract.0 
171310     DEBUG main            d.u.i.k.p.i.IntermediateProofReplayer Proof replay took 7ns 
171613     INFO  main            d.u.i.k.p.r.p.TestFile    ... finished proof: closed. 
171926     INFO  main            d.u.i.k.p.i.AbstractProblemLoader Loading environment from /home/runner/work/key/key/key.core/../key.ui/examples/heap/list/ArrayList_size.key.proof 
171927     DEBUG main            d.u.i.k.p.i.AbstractProblemLoader Environment load took 733.11ns 
171928     INFO  main            d.u.i.k.p.i.AbstractProblemLoader Creating init config 
173065     DEBUG main            d.u.i.k.j.r.ClassPreparationMethodBuilder clPrepBuilder: Inner Class detected. Reject building class initialisation methods. 
175583     DEBUG main            d.u.i.k.p.i.AbstractProblemLoader Init config took 3.65s 
175641     INFO  main            d.u.i.k.p.i.AbstractProblemLoader Replaying proof ArrayList[List::size()].JML normal_behavior operation contract.0 
175690     DEBUG main            d.u.i.k.p.i.IntermediateProofReplayer Proof replay took 46.3ms 
175691     DEBUG main            d.u.i.k.p.r.p.TestFile    ... success: reloaded. 
175693     INFO  main            d.u.i.k.p.r.p.TestFile    Now processing file /home/runner/work/key/key/key.core/../key.ui/examples/heap/list/ArrayList.ArrayListIterator_ArrayListIterator.key 
175693     INFO  main            d.u.i.k.p.i.AbstractProblemLoader Loading environment from /home/runner/work/key/key/key.core/../key.ui/examples/heap/list/ArrayList.ArrayListIterator_ArrayListIterator.key 
175693     DEBUG main            d.u.i.k.p.i.AbstractProblemLoader Environment load took 160.3ns 
175694     INFO  main            d.u.i.k.p.i.AbstractProblemLoader Creating init config 
176891     DEBUG main            d.u.i.k.j.r.ClassPreparationMethodBuilder clPrepBuilder: Inner Class detected. Reject building class initialisation methods. 
179446     DEBUG main            d.u.i.k.p.i.AbstractProblemLoader Init config took 3.75s 
179522     INFO  main            d.u.i.k.p.i.AbstractProblemLoader Replaying proof ArrayList.ArrayListIterator[ArrayList.ArrayListIterator::ArrayListIterator(ArrayList)].JML normal_behavior operation contract.0 
179525     DEBUG main            d.u.i.k.p.i.IntermediateProofReplayer Proof replay took 7.1ns 
180431     INFO  main            d.u.i.k.p.r.p.TestFile    ... finished proof: closed. 
180776     INFO  main            d.u.i.k.p.i.AbstractProblemLoader Loading environment from /home/runner/work/key/key/key.core/../key.ui/examples/heap/list/ArrayList.ArrayListIterator_ArrayListIterator.key.proof 
180777     DEBUG main            d.u.i.k.p.i.AbstractProblemLoader Environment load took 578.21ns 
180778     INFO  main            d.u.i.k.p.i.AbstractProblemLoader Creating init config 
181950     DEBUG main            d.u.i.k.j.r.ClassPreparationMethodBuilder clPrepBuilder: Inner Class detected. Reject building class initialisation methods. 
184399     DEBUG main            d.u.i.k.p.i.AbstractProblemLoader Init config took 3.62s 
184472     INFO  main            d.u.i.k.p.i.AbstractProblemLoader Replaying proof ArrayList.ArrayListIterator[ArrayList.ArrayListIterator::ArrayListIterator(ArrayList)].JML normal_behavior operation contract.0 
184615     DEBUG main            d.u.i.k.p.i.IntermediateProofReplayer Proof replay took 137.77ms 
184617     DEBUG main            d.u.i.k.p.r.p.TestFile    ... success: reloaded. 
184618     INFO  main            d.u.i.k.p.r.p.TestFile    Now processing file /home/runner/work/key/key/key.core/../key.ui/examples/heap/list/ArrayList.ArrayListIterator_hasNext_dep.key 
184619     INFO  main            d.u.i.k.p.i.AbstractProblemLoader Loading environment from /home/runner/work/key/key/key.core/../key.ui/examples/heap/list/ArrayList.ArrayListIterator_hasNext_dep.key 
184619     DEBUG main            d.u.i.k.p.i.AbstractProblemLoader Environment load took 122.7ns 
184620     INFO  main            d.u.i.k.p.i.AbstractProblemLoader Creating init config 
185828     DEBUG main            d.u.i.k.j.r.ClassPreparationMethodBuilder clPrepBuilder: Inner Class detected. Reject building class initialisation methods. 
188504     DEBUG main            d.u.i.k.p.i.AbstractProblemLoader Init config took 3.88s 
188574     INFO  main            d.u.i.k.p.i.AbstractProblemLoader Replaying proof ArrayList.ArrayListIterator[ListIterator::hasNext()].JML accessible clause.0 
188576     DEBUG main            d.u.i.k.p.i.IntermediateProofReplayer Proof replay took 6.6ns 
189080     INFO  main            d.u.i.k.p.r.p.TestFile    ... finished proof: closed. 
189410     INFO  main            d.u.i.k.p.i.AbstractProblemLoader Loading environment from /home/runner/work/key/key/key.core/../key.ui/examples/heap/list/ArrayList.ArrayListIterator_hasNext_dep.key.proof 
189410     DEBUG main            d.u.i.k.p.i.AbstractProblemLoader Environment load took 177.41ns 
189412     INFO  main            d.u.i.k.p.i.AbstractProblemLoader Creating init config 
190581     DEBUG main            d.u.i.k.j.r.ClassPreparationMethodBuilder clPrepBuilder: Inner Class detected. Reject building class initialisation methods. 
193053     DEBUG main            d.u.i.k.p.i.AbstractProblemLoader Init config took 3.64s 
193132     INFO  main            d.u.i.k.p.i.AbstractProblemLoader Replaying proof ArrayList.ArrayListIterator[ListIterator::hasNext()].JML accessible clause.0 
193207     DEBUG main            d.u.i.k.p.i.IntermediateProofReplayer Proof replay took 71.79ms 
193209     DEBUG main            d.u.i.k.p.r.p.TestFile    ... success: reloaded. 
193210     INFO  main            d.u.i.k.p.r.p.TestFile    Now processing file /home/runner/work/key/key/key.core/../key.ui/examples/heap/list/ArrayList.ArrayListIterator_hasNext.key 
193211     INFO  main            d.u.i.k.p.i.AbstractProblemLoader Loading environment from /home/runner/work/key/key/key.core/../key.ui/examples/heap/list/ArrayList.ArrayListIterator_hasNext.key 
193211     DEBUG main            d.u.i.k.p.i.AbstractProblemLoader Environment load took 299.61ns 
193212     INFO  main            d.u.i.k.p.i.AbstractProblemLoader Creating init config 
194406     DEBUG main            d.u.i.k.j.r.ClassPreparationMethodBuilder clPrepBuilder: Inner Class detected. Reject building class initialisation methods. 
196999     DEBUG main            d.u.i.k.p.i.AbstractProblemLoader Init config took 3.79s 
197069     INFO  main            d.u.i.k.p.i.AbstractProblemLoader Replaying proof ArrayList.ArrayListIterator[ListIterator::hasNext()].JML normal_behavior operation contract.0 
197071     DEBUG main            d.u.i.k.p.i.IntermediateProofReplayer Proof replay took 7.2ns 
197607     INFO  main            d.u.i.k.p.r.p.TestFile    ... finished proof: closed. 
197918     INFO  main            d.u.i.k.p.i.AbstractProblemLoader Loading environment from /home/runner/work/key/key/key.core/../key.ui/examples/heap/list/ArrayList.ArrayListIterator_hasNext.key.proof 
197920     DEBUG main            d.u.i.k.p.i.AbstractProblemLoader Environment load took 1.78ms 
197922     INFO  main            d.u.i.k.p.i.AbstractProblemLoader Creating init config 
199091     DEBUG main            d.u.i.k.j.r.ClassPreparationMethodBuilder clPrepBuilder: Inner Class detected. Reject building class initialisation methods. 
201600     DEBUG main            d.u.i.k.p.i.AbstractProblemLoader Init config took 3.68s 
201667     INFO  main            d.u.i.k.p.i.AbstractProblemLoader Replaying proof ArrayList.ArrayListIterator[ListIterator::hasNext()].JML normal_behavior operation contract.0 
201739     DEBUG main            d.u.i.k.p.i.IntermediateProofReplayer Proof replay took 68.7ms 
201741     DEBUG main            d.u.i.k.p.r.p.TestFile    ... success: reloaded. 
201742     INFO  main            d.u.i.k.p.r.p.TestFile    Now processing file /home/runner/work/key/key/key.core/../key.ui/examples/heap/list/ArrayList.ArrayListIterator_inv.key 
201743     INFO  main            d.u.i.k.p.i.AbstractProblemLoader Loading environment from /home/runner/work/key/key/key.core/../key.ui/examples/heap/list/ArrayList.ArrayListIterator_inv.key 
201743     DEBUG main            d.u.i.k.p.i.AbstractProblemLoader Environment load took 153.6ns 
201744     INFO  main            d.u.i.k.p.i.AbstractProblemLoader Creating init config 
202930     DEBUG main            d.u.i.k.j.r.ClassPreparationMethodBuilder clPrepBuilder: Inner Class detected. Reject building class initialisation methods. 
205538     DEBUG main            d.u.i.k.p.i.AbstractProblemLoader Init config took 3.79s 
205624     INFO  main            d.u.i.k.p.i.AbstractProblemLoader Replaying proof ArrayList.ArrayListIterator[java.lang.Object::<inv>()].JML accessible clause.0 
205626     DEBUG main            d.u.i.k.p.i.IntermediateProofReplayer Proof replay took 6.5ns 
206833     INFO  main            d.u.i.k.p.r.p.TestFile    ... finished proof: closed. 
207171     INFO  main            d.u.i.k.p.i.AbstractProblemLoader Loading environment from /home/runner/work/key/key/key.core/../key.ui/examples/heap/list/ArrayList.ArrayListIterator_inv.key.proof 
207171     DEBUG main            d.u.i.k.p.i.AbstractProblemLoader Environment load took 131.1ns 
207173     INFO  main            d.u.i.k.p.i.AbstractProblemLoader Creating init config 
208345     DEBUG main            d.u.i.k.j.r.ClassPreparationMethodBuilder clPrepBuilder: Inner Class detected. Reject building class initialisation methods. 
210776     DEBUG main            d.u.i.k.p.i.AbstractProblemLoader Init config took 3.6s 
210857     INFO  main            d.u.i.k.p.i.AbstractProblemLoader Replaying proof ArrayList.ArrayListIterator[java.lang.Object::<inv>()].JML accessible clause.0 
210983     DEBUG main            d.u.i.k.p.i.IntermediateProofReplayer Proof replay took 121.22ms 
210984     DEBUG main            d.u.i.k.p.r.p.TestFile    ... success: reloaded. 
210986     INFO  main            d.u.i.k.p.r.p.TestFile    Now processing file /home/runner/work/key/key/key.core/../key.ui/examples/heap/list/ArrayList.ArrayListIterator_list.key 
210986     INFO  main            d.u.i.k.p.i.AbstractProblemLoader Loading environment from /home/runner/work/key/key/key.core/../key.ui/examples/heap/list/ArrayList.ArrayListIterator_list.key 
210986     DEBUG main            d.u.i.k.p.i.AbstractProblemLoader Environment load took 283.81ns 
210988     INFO  main            d.u.i.k.p.i.AbstractProblemLoader Creating init config 
212200     DEBUG main            d.u.i.k.j.r.ClassPreparationMethodBuilder clPrepBuilder: Inner Class detected. Reject building class initialisation methods. 
214691     DEBUG main            d.u.i.k.p.i.AbstractProblemLoader Init config took 3.7s 
214769     INFO  main            d.u.i.k.p.i.AbstractProblemLoader Replaying proof ListIterator[ListIterator::$list()].JML accessible clause.0 
214771     DEBUG main            d.u.i.k.p.i.IntermediateProofReplayer Proof replay took 6.5ns 
214872     INFO  main            d.u.i.k.p.r.p.TestFile    ... finished proof: closed. 
215197     INFO  main            d.u.i.k.p.i.AbstractProblemLoader Loading environment from /home/runner/work/key/key/key.core/../key.ui/examples/heap/list/ArrayList.ArrayListIterator_list.key.proof 
215197     DEBUG main            d.u.i.k.p.i.AbstractProblemLoader Environment load took 134.7ns 
215198     INFO  main            d.u.i.k.p.i.AbstractProblemLoader Creating init config 
216346     DEBUG main            d.u.i.k.j.r.ClassPreparationMethodBuilder clPrepBuilder: Inner Class detected. Reject building class initialisation methods. 
218887     DEBUG main            d.u.i.k.p.i.AbstractProblemLoader Init config took 3.69s 
218934     INFO  main            d.u.i.k.p.i.AbstractProblemLoader Replaying proof ListIterator[ListIterator::$list()].JML accessible clause.0 
218937     DEBUG main            d.u.i.k.p.i.IntermediateProofReplayer Proof replay took 1.35ms 
218938     DEBUG main            d.u.i.k.p.r.p.TestFile    ... success: reloaded. 
218939     INFO  main            d.u.i.k.p.r.p.TestFile    Now processing file /home/runner/work/key/key/key.core/../key.ui/examples/heap/list/ArrayList.ArrayListIterator_next_exceptional.key 
218940     INFO  main            d.u.i.k.p.i.AbstractProblemLoader Loading environment from /home/runner/work/key/key/key.core/../key.ui/examples/heap/list/ArrayList.ArrayListIterator_next_exceptional.key 
218940     DEBUG main            d.u.i.k.p.i.AbstractProblemLoader Environment load took 131.9ns 
218941     INFO  main            d.u.i.k.p.i.AbstractProblemLoader Creating init config 
220115     DEBUG main            d.u.i.k.j.r.ClassPreparationMethodBuilder clPrepBuilder: Inner Class detected. Reject building class initialisation methods. 
222619     DEBUG main            d.u.i.k.p.i.AbstractProblemLoader Init config took 3.68s 
222688     INFO  main            d.u.i.k.p.i.AbstractProblemLoader Replaying proof ArrayList.ArrayListIterator[ListIterator::next()].JML exceptional_behavior operation contract.0 
222691     DEBUG main            d.u.i.k.p.i.IntermediateProofReplayer Proof replay took 7.2ns 
223798     INFO  main            d.u.i.k.p.r.p.TestFile    ... finished proof: closed. 
224152     INFO  main            d.u.i.k.p.i.AbstractProblemLoader Loading environment from /home/runner/work/key/key/key.core/../key.ui/examples/heap/list/ArrayList.ArrayListIterator_next_exceptional.key.proof 
224152     DEBUG main            d.u.i.k.p.i.AbstractProblemLoader Environment load took 164.9ns 
224154     INFO  main            d.u.i.k.p.i.AbstractProblemLoader Creating init config 
225287     DEBUG main            d.u.i.k.j.r.ClassPreparationMethodBuilder clPrepBuilder: Inner Class detected. Reject building class initialisation methods. 
227755     DEBUG main            d.u.i.k.p.i.AbstractProblemLoader Init config took 3.6s 
227821     INFO  main            d.u.i.k.p.i.AbstractProblemLoader Replaying proof ArrayList.ArrayListIterator[ListIterator::next()].JML exceptional_behavior operation contract.0 
228023     DEBUG main            d.u.i.k.p.i.IntermediateProofReplayer Proof replay took 196.35ms 
228025     DEBUG main            d.u.i.k.p.r.p.TestFile    ... success: reloaded. 
228027     INFO  main            d.u.i.k.p.r.p.TestFile    Now processing file /home/runner/work/key/key/key.core/../key.ui/examples/heap/list/ArrayList.ArrayListIterator_next_normal.key 
228027     INFO  main            d.u.i.k.p.i.AbstractProblemLoader Loading environment from /home/runner/work/key/key/key.core/../key.ui/examples/heap/list/ArrayList.ArrayListIterator_next_normal.key 
228027     DEBUG main            d.u.i.k.p.i.AbstractProblemLoader Environment load took 307.81ns 
228029     INFO  main            d.u.i.k.p.i.AbstractProblemLoader Creating init config 
229294     DEBUG main            d.u.i.k.j.r.ClassPreparationMethodBuilder clPrepBuilder: Inner Class detected. Reject building class initialisation methods. 
231864     DEBUG main            d.u.i.k.p.i.AbstractProblemLoader Init config took 3.84s 
231957     INFO  main            d.u.i.k.p.i.AbstractProblemLoader Replaying proof ArrayList.ArrayListIterator[ListIterator::next()].JML normal_behavior operation contract.0 
231959     DEBUG main            d.u.i.k.p.i.IntermediateProofReplayer Proof replay took 6.6ns 
233165     INFO  main            d.u.i.k.p.r.p.TestFile    ... finished proof: closed. 
233560     INFO  main            d.u.i.k.p.i.AbstractProblemLoader Loading environment from /home/runner/work/key/key/key.core/../key.ui/examples/heap/list/ArrayList.ArrayListIterator_next_normal.key.proof 
233560     DEBUG main            d.u.i.k.p.i.AbstractProblemLoader Environment load took 125.7ns 
233561     INFO  main            d.u.i.k.p.i.AbstractProblemLoader Creating init config 
234724     DEBUG main            d.u.i.k.j.r.ClassPreparationMethodBuilder clPrepBuilder: Inner Class detected. Reject building class initialisation methods. 
237224     DEBUG main            d.u.i.k.p.i.AbstractProblemLoader Init config took 3.66s 
237288     INFO  main            d.u.i.k.p.i.AbstractProblemLoader Replaying proof ArrayList.ArrayListIterator[ListIterator::next()].JML normal_behavior operation contract.0 
237566     DEBUG main            d.u.i.k.p.i.IntermediateProofReplayer Proof replay took 272.53ms 
237567     DEBUG main            d.u.i.k.p.r.p.TestFile    ... success: reloaded. 
237568     INFO  main            d.u.i.k.p.r.p.TestFile    Now processing file /home/runner/work/key/key/key.core/../key.ui/examples/heap/list/ArrayList.ArrayListIterator_pos.key 
237568     INFO  main            d.u.i.k.p.i.AbstractProblemLoader Loading environment from /home/runner/work/key/key/key.core/../key.ui/examples/heap/list/ArrayList.ArrayListIterator_pos.key 
237569     DEBUG main            d.u.i.k.p.i.AbstractProblemLoader Environment load took 92.6ns 
237570     INFO  main            d.u.i.k.p.i.AbstractProblemLoader Creating init config 
238772     DEBUG main            d.u.i.k.j.r.ClassPreparationMethodBuilder clPrepBuilder: Inner Class detected. Reject building class initialisation methods. 
241294     DEBUG main            d.u.i.k.p.i.AbstractProblemLoader Init config took 3.72s 
241343     INFO  main            d.u.i.k.p.i.AbstractProblemLoader Replaying proof ListIterator[ListIterator::$pos()].JML accessible clause.0 
241345     DEBUG main            d.u.i.k.p.i.IntermediateProofReplayer Proof replay took 7ns 
241448     INFO  main            d.u.i.k.p.r.p.TestFile    ... finished proof: closed. 
241800     INFO  main            d.u.i.k.p.i.AbstractProblemLoader Loading environment from /home/runner/work/key/key/key.core/../key.ui/examples/heap/list/ArrayList.ArrayListIterator_pos.key.proof 
241800     DEBUG main            d.u.i.k.p.i.AbstractProblemLoader Environment load took 126.4ns 
241801     INFO  main            d.u.i.k.p.i.AbstractProblemLoader Creating init config 
242965     DEBUG main            d.u.i.k.j.r.ClassPreparationMethodBuilder clPrepBuilder: Inner Class detected. Reject building class initialisation methods. 
245388     DEBUG main            d.u.i.k.p.i.AbstractProblemLoader Init config took 3.59s 
245439     INFO  main            d.u.i.k.p.i.AbstractProblemLoader Replaying proof ListIterator[ListIterator::$pos()].JML accessible clause.0 
245442     DEBUG main            d.u.i.k.p.i.IntermediateProofReplayer Proof replay took 1.24ms 
245442     DEBUG main            d.u.i.k.p.r.p.TestFile    ... success: reloaded. 
245444     INFO  main            d.u.i.k.p.r.p.TestFile    Now processing file /home/runner/work/key/key/key.core/../key.ui/examples/heap/list/Client_m.key 
245444     INFO  main            d.u.i.k.p.i.AbstractProblemLoader Loading environment from /home/runner/work/key/key/key.core/../key.ui/examples/heap/list/Client_m.key 
245444     DEBUG main            d.u.i.k.p.i.AbstractProblemLoader Environment load took 136.5ns 
245446     INFO  main            d.u.i.k.p.i.AbstractProblemLoader Creating init config 
246643     DEBUG main            d.u.i.k.j.r.ClassPreparationMethodBuilder clPrepBuilder: Inner Class detected. Reject building class initialisation methods. 
249276     DEBUG main            d.u.i.k.p.i.AbstractProblemLoader Init config took 3.83s 
249329     INFO  main            d.u.i.k.p.i.AbstractProblemLoader Replaying proof Client[Client::m(List)].JML normal_behavior operation contract.0 
249338     DEBUG main            d.u.i.k.p.i.IntermediateProofReplayer Proof replay took 7ns 
249741     INFO  main            d.u.i.k.p.r.p.TestFile    ... finished proof: closed. 
250121     INFO  main            d.u.i.k.p.i.AbstractProblemLoader Loading environment from /home/runner/work/key/key/key.core/../key.ui/examples/heap/list/Client_m.key.proof 
250121     DEBUG main            d.u.i.k.p.i.AbstractProblemLoader Environment load took 138.9ns 
250122     INFO  main            d.u.i.k.p.i.AbstractProblemLoader Creating init config 
251297     DEBUG main            d.u.i.k.j.r.ClassPreparationMethodBuilder clPrepBuilder: Inner Class detected. Reject building class initialisation methods. 
253848     DEBUG main            d.u.i.k.p.i.AbstractProblemLoader Init config took 3.73s 
253900     INFO  main            d.u.i.k.p.i.AbstractProblemLoader Replaying proof Client[Client::m(List)].JML normal_behavior operation contract.0 
253992     DEBUG main            d.u.i.k.p.i.IntermediateProofReplayer Proof replay took 88.12ms 
253994     DEBUG main            d.u.i.k.p.r.p.TestFile    ... success: reloaded. 
253995     INFO  main            d.u.i.k.p.r.p.TestFile    Now processing file /home/runner/work/key/key/key.core/../key.ui/examples/heap/list/Client_n.key 
253995     INFO  main            d.u.i.k.p.i.AbstractProblemLoader Loading environment from /home/runner/work/key/key/key.core/../key.ui/examples/heap/list/Client_n.key 
253995     DEBUG main            d.u.i.k.p.i.AbstractProblemLoader Environment load took 140.4ns 
253996     INFO  main            d.u.i.k.p.i.AbstractProblemLoader Creating init config 
255206     DEBUG main            d.u.i.k.j.r.ClassPreparationMethodBuilder clPrepBuilder: Inner Class detected. Reject building class initialisation methods. 
257690     DEBUG main            d.u.i.k.p.i.AbstractProblemLoader Init config took 3.69s 
257742     INFO  main            d.u.i.k.p.i.AbstractProblemLoader Replaying proof Client[Client::n(List)].JML normal_behavior operation contract.0 
257744     DEBUG main            d.u.i.k.p.i.IntermediateProofReplayer Proof replay took 8.1ns 
257849     INFO  main            d.u.i.k.p.r.p.TestFile    ... finished proof: closed. 
258270     INFO  main            d.u.i.k.p.i.AbstractProblemLoader Loading environment from /home/runner/work/key/key/key.core/../key.ui/examples/heap/list/Client_n.key.proof 
258270     DEBUG main            d.u.i.k.p.i.AbstractProblemLoader Environment load took 111ns 
258271     INFO  main            d.u.i.k.p.i.AbstractProblemLoader Creating init config 
259435     DEBUG main            d.u.i.k.j.r.ClassPreparationMethodBuilder clPrepBuilder: Inner Class detected. Reject building class initialisation methods. 
261949     DEBUG main            d.u.i.k.p.i.AbstractProblemLoader Init config took 3.68s 
261999     INFO  main            d.u.i.k.p.i.AbstractProblemLoader Replaying proof Client[Client::n(List)].JML normal_behavior operation contract.0 
262025     DEBUG main            d.u.i.k.p.i.IntermediateProofReplayer Proof replay took 24.13ms 
262026     DEBUG main            d.u.i.k.p.r.p.TestFile    ... success: reloaded. 
262027     INFO  main            d.u.i.k.p.r.p.TestFile    Now processing file /home/runner/work/key/key/key.core/../key.ui/examples/heap/list/LinkedList_get_exceptional.key 
262027     INFO  main            d.u.i.k.p.i.AbstractProblemLoader Loading environment from /home/runner/work/key/key/key.core/../key.ui/examples/heap/list/LinkedList_get_exceptional.key 
262027     DEBUG main            d.u.i.k.p.i.AbstractProblemLoader Environment load took 125.9ns 
262028     INFO  main            d.u.i.k.p.i.AbstractProblemLoader Creating init config 
263208     DEBUG main            d.u.i.k.j.r.ClassPreparationMethodBuilder clPrepBuilder: Inner Class detected. Reject building class initialisation methods. 
265723     DEBUG main            d.u.i.k.p.i.AbstractProblemLoader Init config took 3.69s 
265779     INFO  main            d.u.i.k.p.i.AbstractProblemLoader Replaying proof LinkedList[List::get(int)].JML exceptional_behavior operation contract.0 
265781     DEBUG main            d.u.i.k.p.i.IntermediateProofReplayer Proof replay took 6.5ns 
268706     INFO  main            d.u.i.k.p.r.p.TestFile    ... finished proof: closed. 
269097     INFO  main            d.u.i.k.p.i.AbstractProblemLoader Loading environment from /home/runner/work/key/key/key.core/../key.ui/examples/heap/list/LinkedList_get_exceptional.key.proof 
269098     DEBUG main            d.u.i.k.p.i.AbstractProblemLoader Environment load took 550.51ns 
269100     INFO  main            d.u.i.k.p.i.AbstractProblemLoader Creating init config 
270242     DEBUG main            d.u.i.k.j.r.ClassPreparationMethodBuilder clPrepBuilder: Inner Class detected. Reject building class initialisation methods. 
272676     DEBUG main            d.u.i.k.p.i.AbstractProblemLoader Init config took 3.58s 
272745     INFO  main            d.u.i.k.p.i.AbstractProblemLoader Replaying proof LinkedList[List::get(int)].JML exceptional_behavior operation contract.0 
273172     DEBUG main            d.u.i.k.p.i.IntermediateProofReplayer Proof replay took 416.3ms 
273174     DEBUG main            d.u.i.k.p.r.p.TestFile    ... success: reloaded. 
273175     INFO  main            d.u.i.k.p.r.p.TestFile    Now processing file /home/runner/work/key/key/key.core/../key.ui/examples/heap/list/LinkedList_get_normal.key 
273175     INFO  main            d.u.i.k.p.i.AbstractProblemLoader Loading environment from /home/runner/work/key/key/key.core/../key.ui/examples/heap/list/LinkedList_get_normal.key 
273175     DEBUG main            d.u.i.k.p.i.AbstractProblemLoader Environment load took 104.2ns 
273176     INFO  main            d.u.i.k.p.i.AbstractProblemLoader Creating init config 
274350     DEBUG main            d.u.i.k.j.r.ClassPreparationMethodBuilder clPrepBuilder: Inner Class detected. Reject building class initialisation methods. 
276850     DEBUG main            d.u.i.k.p.i.AbstractProblemLoader Init config took 3.67s 
276912     INFO  main            d.u.i.k.p.i.AbstractProblemLoader Replaying proof LinkedList[List::get(int)].JML normal_behavior operation contract.0 
276914     DEBUG main            d.u.i.k.p.i.IntermediateProofReplayer Proof replay took 7.6ns 
284107     INFO  main            d.u.i.k.p.r.p.TestFile    ... finished proof: closed. 
284647     INFO  main            d.u.i.k.p.i.AbstractProblemLoader Loading environment from /home/runner/work/key/key/key.core/../key.ui/examples/heap/list/LinkedList_get_normal.key.proof 
284649     DEBUG main            d.u.i.k.p.i.AbstractProblemLoader Environment load took 587.22ns 
284652     INFO  main            d.u.i.k.p.i.AbstractProblemLoader Creating init config 
285845     DEBUG main            d.u.i.k.j.r.ClassPreparationMethodBuilder clPrepBuilder: Inner Class detected. Reject building class initialisation methods. 
288313     DEBUG main            d.u.i.k.p.i.AbstractProblemLoader Init config took 3.66s 
288370     INFO  main            d.u.i.k.p.i.AbstractProblemLoader Replaying proof LinkedList[List::get(int)].JML normal_behavior operation contract.0 
288978     DEBUG main            d.u.i.k.p.i.IntermediateProofReplayer Proof replay took 588.01ms 
288981     DEBUG main            d.u.i.k.p.r.p.TestFile    ... success: reloaded. 
288982     INFO  main            d.u.i.k.p.r.p.TestFile    Now processing file /home/runner/work/key/key/key.core/../key.ui/examples/heap/list/LinkedList_LinkedList.key 
288982     INFO  main            d.u.i.k.p.i.AbstractProblemLoader Loading environment from /home/runner/work/key/key/key.core/../key.ui/examples/heap/list/LinkedList_LinkedList.key 
288982     DEBUG main            d.u.i.k.p.i.AbstractProblemLoader Environment load took 105.6ns 
288983     INFO  main            d.u.i.k.p.i.AbstractProblemLoader Creating init config 
290139     DEBUG main            d.u.i.k.j.r.ClassPreparationMethodBuilder clPrepBuilder: Inner Class detected. Reject building class initialisation methods. 
292665     DEBUG main            d.u.i.k.p.i.AbstractProblemLoader Init config took 3.68s 
292721     INFO  main            d.u.i.k.p.i.AbstractProblemLoader Replaying proof LinkedList[LinkedList::LinkedList()].JML normal_behavior operation contract.0 
292722     DEBUG main            d.u.i.k.p.i.IntermediateProofReplayer Proof replay took 7.2ns 
293427     INFO  main            d.u.i.k.p.r.p.TestFile    ... finished proof: closed. 
293857     INFO  main            d.u.i.k.p.i.AbstractProblemLoader Loading environment from /home/runner/work/key/key/key.core/../key.ui/examples/heap/list/LinkedList_LinkedList.key.proof 
293857     DEBUG main            d.u.i.k.p.i.AbstractProblemLoader Environment load took 104.3ns 
293860     INFO  main            d.u.i.k.p.i.AbstractProblemLoader Creating init config 
295010     DEBUG main            d.u.i.k.j.r.ClassPreparationMethodBuilder clPrepBuilder: Inner Class detected. Reject building class initialisation methods. 
297479     DEBUG main            d.u.i.k.p.i.AbstractProblemLoader Init config took 3.62s 
297536     INFO  main            d.u.i.k.p.i.AbstractProblemLoader Replaying proof LinkedList[LinkedList::LinkedList()].JML normal_behavior operation contract.0 
297672     DEBUG main            d.u.i.k.p.i.IntermediateProofReplayer Proof replay took 132.1ms 
297674     DEBUG main            d.u.i.k.p.r.p.TestFile    ... success: reloaded. 
297675     INFO  main            d.u.i.k.p.r.p.TestFile    Now processing file /home/runner/work/key/key/key.core/../key.ui/examples/heap/list/LinkedList_size_dep.key 
297675     INFO  main            d.u.i.k.p.i.AbstractProblemLoader Loading environment from /home/runner/work/key/key/key.core/../key.ui/examples/heap/list/LinkedList_size_dep.key 
297675     DEBUG main            d.u.i.k.p.i.AbstractProblemLoader Environment load took 113.4ns 
297676     INFO  main            d.u.i.k.p.i.AbstractProblemLoader Creating init config 
298813     DEBUG main            d.u.i.k.j.r.ClassPreparationMethodBuilder clPrepBuilder: Inner Class detected. Reject building class initialisation methods. 
301389     DEBUG main            d.u.i.k.p.i.AbstractProblemLoader Init config took 3.71s 
301444     INFO  main            d.u.i.k.p.i.AbstractProblemLoader Replaying proof LinkedList[List::size()].JML accessible clause.0 
301446     DEBUG main            d.u.i.k.p.i.IntermediateProofReplayer Proof replay took 7ns 
302081     INFO  main            d.u.i.k.p.r.p.TestFile    ... finished proof: closed. 
302488     INFO  main            d.u.i.k.p.i.AbstractProblemLoader Loading environment from /home/runner/work/key/key/key.core/../key.ui/examples/heap/list/LinkedList_size_dep.key.proof 
302488     DEBUG main            d.u.i.k.p.i.AbstractProblemLoader Environment load took 121.8ns 
302489     INFO  main            d.u.i.k.p.i.AbstractProblemLoader Creating init config 
303636     DEBUG main            d.u.i.k.j.r.ClassPreparationMethodBuilder clPrepBuilder: Inner Class detected. Reject building class initialisation methods. 
306018     DEBUG main            d.u.i.k.p.i.AbstractProblemLoader Init config took 3.53s 
306075     INFO  main            d.u.i.k.p.i.AbstractProblemLoader Replaying proof LinkedList[List::size()].JML accessible clause.0 
306149     DEBUG main            d.u.i.k.p.i.IntermediateProofReplayer Proof replay took 70.22ms 
306150     DEBUG main            d.u.i.k.p.r.p.TestFile    ... success: reloaded. 
306152     INFO  main            d.u.i.k.p.r.p.TestFile    Now processing file /home/runner/work/key/key/key.core/../key.ui/examples/heap/list/LinkedList_size.key 
306152     INFO  main            d.u.i.k.p.i.AbstractProblemLoader Loading environment from /home/runner/work/key/key/key.core/../key.ui/examples/heap/list/LinkedList_size.key 
306152     DEBUG main            d.u.i.k.p.i.AbstractProblemLoader Environment load took 303.41ns 
306153     INFO  main            d.u.i.k.p.i.AbstractProblemLoader Creating init config 
307355     DEBUG main            d.u.i.k.j.r.ClassPreparationMethodBuilder clPrepBuilder: Inner Class detected. Reject building class initialisation methods. 
309890     DEBUG main            d.u.i.k.p.i.AbstractProblemLoader Init config took 3.74s 
309975     INFO  main            d.u.i.k.p.i.AbstractProblemLoader Replaying proof LinkedList[List::size()].JML normal_behavior operation contract.0 
309977     DEBUG main            d.u.i.k.p.i.IntermediateProofReplayer Proof replay took 7.2ns 
310582     INFO  main            d.u.i.k.p.r.p.TestFile    ... finished proof: closed. 
311014     INFO  main            d.u.i.k.p.i.AbstractProblemLoader Loading environment from /home/runner/work/key/key/key.core/../key.ui/examples/heap/list/LinkedList_size.key.proof 
311015     DEBUG main            d.u.i.k.p.i.AbstractProblemLoader Environment load took 193.21ns 
311016     INFO  main            d.u.i.k.p.i.AbstractProblemLoader Creating init config 
312163     DEBUG main            d.u.i.k.j.r.ClassPreparationMethodBuilder clPrepBuilder: Inner Class detected. Reject building class initialisation methods. 
314623     DEBUG main            d.u.i.k.p.i.AbstractProblemLoader Init config took 3.61s 
314695     INFO  main            d.u.i.k.p.i.AbstractProblemLoader Replaying proof LinkedList[List::size()].JML normal_behavior operation contract.0 
314755     DEBUG main            d.u.i.k.p.i.IntermediateProofReplayer Proof replay took 57ms 
314756     DEBUG main            d.u.i.k.p.r.p.TestFile    ... success: reloaded. 
314757     INFO  main            d.u.i.k.p.r.p.TestFile    Now processing file /home/runner/work/key/key/key.core/../key.ui/examples/heap/list/MySet_footprint.key 
314760     INFO  main            d.u.i.k.p.i.AbstractProblemLoader Loading environment from /home/runner/work/key/key/key.core/../key.ui/examples/heap/list/MySet_footprint.key 
314760     DEBUG main            d.u.i.k.p.i.AbstractProblemLoader Environment load took 232ns 
314762     INFO  main            d.u.i.k.p.i.AbstractProblemLoader Creating init config 
315947     DEBUG main            d.u.i.k.j.r.ClassPreparationMethodBuilder clPrepBuilder: Inner Class detected. Reject building class initialisation methods. 
318451     DEBUG main            d.u.i.k.p.i.AbstractProblemLoader Init config took 3.69s 
318513     INFO  main            d.u.i.k.p.i.AbstractProblemLoader Replaying proof MySet[MySet::$footprint()].JML accessible clause.0 
318515     DEBUG main            d.u.i.k.p.i.IntermediateProofReplayer Proof replay took 7.6ns 
318918     INFO  main            d.u.i.k.p.r.p.TestFile    ... finished proof: closed. 
319365     INFO  main            d.u.i.k.p.i.AbstractProblemLoader Loading environment from /home/runner/work/key/key/key.core/../key.ui/examples/heap/list/MySet_footprint.key.proof 
319366     DEBUG main            d.u.i.k.p.i.AbstractProblemLoader Environment load took 107ns 
319367     INFO  main            d.u.i.k.p.i.AbstractProblemLoader Creating init config 
320527     DEBUG main            d.u.i.k.j.r.ClassPreparationMethodBuilder clPrepBuilder: Inner Class detected. Reject building class initialisation methods. 
322946     DEBUG main            d.u.i.k.p.i.AbstractProblemLoader Init config took 3.58s 
323021     INFO  main            d.u.i.k.p.i.AbstractProblemLoader Replaying proof MySet[MySet::$footprint()].JML accessible clause.0 
323064     DEBUG main            d.u.i.k.p.i.IntermediateProofReplayer Proof replay took 40ms 
323065     DEBUG main            d.u.i.k.p.r.p.TestFile    ... success: reloaded. 
323066     INFO  main            d.u.i.k.p.r.p.TestFile    Now processing file /home/runner/work/key/key/key.core/../key.ui/examples/heap/list/MySet_MySet.key 
323066     INFO  main            d.u.i.k.p.i.AbstractProblemLoader Loading environment from /home/runner/work/key/key/key.core/../key.ui/examples/heap/list/MySet_MySet.key 
323066     DEBUG main            d.u.i.k.p.i.AbstractProblemLoader Environment load took 122.2ns 
323067     INFO  main            d.u.i.k.p.i.AbstractProblemLoader Creating init config 
324191     DEBUG main            d.u.i.k.j.r.ClassPreparationMethodBuilder clPrepBuilder: Inner Class detected. Reject building class initialisation methods. 
326706     DEBUG main            d.u.i.k.p.i.AbstractProblemLoader Init config took 3.64s 
326765     INFO  main            d.u.i.k.p.i.AbstractProblemLoader Replaying proof MySet[MySet::MySet()].JML normal_behavior operation contract.0 
326766     DEBUG main            d.u.i.k.p.i.IntermediateProofReplayer Proof replay took 7.1ns 
329883     INFO  main            d.u.i.k.p.r.p.TestFile    ... finished proof: closed. 
330335     INFO  main            d.u.i.k.p.i.AbstractProblemLoader Loading environment from /home/runner/work/key/key/key.core/../key.ui/examples/heap/list/MySet_MySet.key.proof 
330335     DEBUG main            d.u.i.k.p.i.AbstractProblemLoader Environment load took 149ns 
330336     INFO  main            d.u.i.k.p.i.AbstractProblemLoader Creating init config 
331500     DEBUG main            d.u.i.k.j.r.ClassPreparationMethodBuilder clPrepBuilder: Inner Class detected. Reject building class initialisation methods. 
334025     DEBUG main            d.u.i.k.p.i.AbstractProblemLoader Init config took 3.69s 
334084     INFO  main            d.u.i.k.p.i.AbstractProblemLoader Replaying proof MySet[MySet::MySet()].JML normal_behavior operation contract.0 
334570     DEBUG main            d.u.i.k.p.i.IntermediateProofReplayer Proof replay took 473.72ms 
334572     DEBUG main            d.u.i.k.p.r.p.TestFile    ... success: reloaded. 
1485185    INFO  Test worker     d.u.i.k.p.r.RunAllProofsTestUnit Returning from test list 
1485189    INFO  Test worker     d.u.i.k.p.r.RunAllProofsTestUnit Running test list_ghost 
447        INFO  Timeout watchdog d.u.i.k.p.r.p.ForkedTestFileRunner Timeout watcher launched (2000 secs.) 
466        WARN  main            d.u.i.k.s.ProofSettings   The settings in /home/runner/.key/proof-settings.props are *not* read. 
517        INFO  main            d.u.i.k.p.r.p.TestFile    Now processing file /home/runner/work/key/key/key.core/../key.ui/examples/heap/list_ghost/ArrayList_add.key 
673        INFO  main            d.u.i.k.p.i.AbstractProblemLoader Loading environment from /home/runner/work/key/key/key.core/../key.ui/examples/heap/list_ghost/ArrayList_add.key 
693        DEBUG main            d.u.i.k.p.i.AbstractProblemLoader Environment load took 2.58ms 
997        INFO  main            d.u.i.k.p.i.AbstractProblemLoader Creating init config 
2200       DEBUG main            d.u.i.k.j.TypeConverter   No LDT found for Meta 
2201       DEBUG main            d.u.i.k.j.TypeConverter   No LDT found for Meta 
2202       DEBUG main            d.u.i.k.j.TypeConverter   No LDT found for Meta 
2203       DEBUG main            d.u.i.k.j.TypeConverter   No LDT found for Meta 
4080       DEBUG main            d.u.i.k.j.TypeConverter   No LDT found for JavaBigintExpression 
11049      DEBUG main            d.u.i.k.p.i.AbstractProblemLoader Init config took 10.05s 
11284      INFO  main            d.u.i.k.p.i.AbstractProblemLoader Replaying proof ArrayList[List::add(java.lang.Object)].JML normal_behavior operation contract.0 
11332      DEBUG main            d.u.i.k.p.i.IntermediateProofReplayer Proof replay took 36.6ns 
17704      INFO  main            d.u.i.k.p.r.p.TestFile    ... finished proof: closed. 
17967      INFO  main            d.u.i.k.p.i.AbstractProblemLoader Loading environment from /home/runner/work/key/key/key.core/../key.ui/examples/heap/list_ghost/ArrayList_add.key.proof 
17973      DEBUG main            d.u.i.k.p.i.AbstractProblemLoader Environment load took 5.79ms 
17976      INFO  main            d.u.i.k.p.i.AbstractProblemLoader Creating init config 
21795      DEBUG main            d.u.i.k.p.i.AbstractProblemLoader Init config took 3.82s 
21871      INFO  main            d.u.i.k.p.i.AbstractProblemLoader Replaying proof ArrayList[List::add(java.lang.Object)].JML normal_behavior operation contract.0 
22831      DEBUG main            d.u.i.k.p.i.IntermediateProofReplayer Proof replay took 932.69ms 
22841      DEBUG main            d.u.i.k.p.r.p.TestFile    ... success: reloaded. 
22844      INFO  main            d.u.i.k.p.r.p.TestFile    Now processing file /home/runner/work/key/key/key.core/../key.ui/examples/heap/list_ghost/ArrayList_ArrayList.key 
22845      INFO  main            d.u.i.k.p.i.AbstractProblemLoader Loading environment from /home/runner/work/key/key/key.core/../key.ui/examples/heap/list_ghost/ArrayList_ArrayList.key 
22845      DEBUG main            d.u.i.k.p.i.AbstractProblemLoader Environment load took 258.01ns 
22847      INFO  main            d.u.i.k.p.i.AbstractProblemLoader Creating init config 
26508      DEBUG main            d.u.i.k.p.i.AbstractProblemLoader Init config took 3.66s 
26581      INFO  main            d.u.i.k.p.i.AbstractProblemLoader Replaying proof ArrayList[ArrayList::ArrayList()].JML normal_behavior operation contract.0 
26584      DEBUG main            d.u.i.k.p.i.IntermediateProofReplayer Proof replay took 5.8ns 
28094      INFO  main            d.u.i.k.p.r.p.TestFile    ... finished proof: closed. 
28293      INFO  main            d.u.i.k.p.i.AbstractProblemLoader Loading environment from /home/runner/work/key/key/key.core/../key.ui/examples/heap/list_ghost/ArrayList_ArrayList.key.proof 
28294      DEBUG main            d.u.i.k.p.i.AbstractProblemLoader Environment load took 594.81ns 
28296      INFO  main            d.u.i.k.p.i.AbstractProblemLoader Creating init config 
31762      DEBUG main            d.u.i.k.p.i.AbstractProblemLoader Init config took 3.47s 
31828      INFO  main            d.u.i.k.p.i.AbstractProblemLoader Replaying proof ArrayList[ArrayList::ArrayList()].JML normal_behavior operation contract.0 
32085      DEBUG main            d.u.i.k.p.i.IntermediateProofReplayer Proof replay took 248.12ms 
32087      DEBUG main            d.u.i.k.p.r.p.TestFile    ... success: reloaded. 
32089      INFO  main            d.u.i.k.p.r.p.TestFile    Now processing file /home/runner/work/key/key/key.core/../key.ui/examples/heap/list_ghost/ArrayList_enlarge.key 
32090      INFO  main            d.u.i.k.p.i.AbstractProblemLoader Loading environment from /home/runner/work/key/key/key.core/../key.ui/examples/heap/list_ghost/ArrayList_enlarge.key 
32090      DEBUG main            d.u.i.k.p.i.AbstractProblemLoader Environment load took 322.81ns 
32092      INFO  main            d.u.i.k.p.i.AbstractProblemLoader Creating init config 
35556      DEBUG main            d.u.i.k.p.i.AbstractProblemLoader Init config took 3.46s 
35631      INFO  main            d.u.i.k.p.i.AbstractProblemLoader Replaying proof ArrayList[ArrayList::enlarge()].JML normal_behavior operation contract.0 
35634      DEBUG main            d.u.i.k.p.i.IntermediateProofReplayer Proof replay took 16.7ns 
38486      INFO  main            d.u.i.k.p.r.p.TestFile    ... finished proof: closed. 
38705      INFO  main            d.u.i.k.p.i.AbstractProblemLoader Loading environment from /home/runner/work/key/key/key.core/../key.ui/examples/heap/list_ghost/ArrayList_enlarge.key.proof 
38706      DEBUG main            d.u.i.k.p.i.AbstractProblemLoader Environment load took 528.41ns 
38710      INFO  main            d.u.i.k.p.i.AbstractProblemLoader Creating init config 
42162      DEBUG main            d.u.i.k.p.i.AbstractProblemLoader Init config took 3.45s 
42220      INFO  main            d.u.i.k.p.i.AbstractProblemLoader Replaying proof ArrayList[ArrayList::enlarge()].JML normal_behavior operation contract.0 
42793      DEBUG main            d.u.i.k.p.i.IntermediateProofReplayer Proof replay took 560.48ms 
42795      DEBUG main            d.u.i.k.p.r.p.TestFile    ... success: reloaded. 
42797      INFO  main            d.u.i.k.p.r.p.TestFile    Now processing file /home/runner/work/key/key/key.core/../key.ui/examples/heap/list_ghost/ArrayList_get_dep.key 
42798      INFO  main            d.u.i.k.p.i.AbstractProblemLoader Loading environment from /home/runner/work/key/key/key.core/../key.ui/examples/heap/list_ghost/ArrayList_get_dep.key 
42798      DEBUG main            d.u.i.k.p.i.AbstractProblemLoader Environment load took 295.21ns 
42799      INFO  main            d.u.i.k.p.i.AbstractProblemLoader Creating init config 
46328      DEBUG main            d.u.i.k.p.i.AbstractProblemLoader Init config took 3.53s 
46406      INFO  main            d.u.i.k.p.i.AbstractProblemLoader Replaying proof ArrayList[List::get(int)].JML accessible clause.0 
46409      DEBUG main            d.u.i.k.p.i.IntermediateProofReplayer Proof replay took 6.6ns 
46913      INFO  main            d.u.i.k.p.r.p.TestFile    ... finished proof: closed. 
47151      INFO  main            d.u.i.k.p.i.AbstractProblemLoader Loading environment from /home/runner/work/key/key/key.core/../key.ui/examples/heap/list_ghost/ArrayList_get_dep.key.proof 
47153      DEBUG main            d.u.i.k.p.i.AbstractProblemLoader Environment load took 1.36ms 
47155      INFO  main            d.u.i.k.p.i.AbstractProblemLoader Creating init config 
50511      DEBUG main            d.u.i.k.p.i.AbstractProblemLoader Init config took 3.36s 
50568      INFO  main            d.u.i.k.p.i.AbstractProblemLoader Replaying proof ArrayList[List::get(int)].JML accessible clause.0 
50669      DEBUG main            d.u.i.k.p.i.IntermediateProofReplayer Proof replay took 96.44ms 
50671      DEBUG main            d.u.i.k.p.r.p.TestFile    ... success: reloaded. 
50672      INFO  main            d.u.i.k.p.r.p.TestFile    Now processing file /home/runner/work/key/key/key.core/../key.ui/examples/heap/list_ghost/ArrayList_get_exceptional.key 
50673      INFO  main            d.u.i.k.p.i.AbstractProblemLoader Loading environment from /home/runner/work/key/key/key.core/../key.ui/examples/heap/list_ghost/ArrayList_get_exceptional.key 
50673      DEBUG main            d.u.i.k.p.i.AbstractProblemLoader Environment load took 269.31ns 
50674      INFO  main            d.u.i.k.p.i.AbstractProblemLoader Creating init config 
54090      DEBUG main            d.u.i.k.p.i.AbstractProblemLoader Init config took 3.42s 
54179      INFO  main            d.u.i.k.p.i.AbstractProblemLoader Replaying proof ArrayList[List::get(int)].JML exceptional_behavior operation contract.0 
54182      DEBUG main            d.u.i.k.p.i.IntermediateProofReplayer Proof replay took 6.1ns 
55190      INFO  main            d.u.i.k.p.r.p.TestFile    ... finished proof: closed. 
55428      INFO  main            d.u.i.k.p.i.AbstractProblemLoader Loading environment from /home/runner/work/key/key/key.core/../key.ui/examples/heap/list_ghost/ArrayList_get_exceptional.key.proof 
55429      DEBUG main            d.u.i.k.p.i.AbstractProblemLoader Environment load took 631.01ns 
55431      INFO  main            d.u.i.k.p.i.AbstractProblemLoader Creating init config 
58773      DEBUG main            d.u.i.k.p.i.AbstractProblemLoader Init config took 3.34s 
58840      INFO  main            d.u.i.k.p.i.AbstractProblemLoader Replaying proof ArrayList[List::get(int)].JML exceptional_behavior operation contract.0 
59078      DEBUG main            d.u.i.k.p.i.IntermediateProofReplayer Proof replay took 231ms 
59080      DEBUG main            d.u.i.k.p.r.p.TestFile    ... success: reloaded. 
59082      INFO  main            d.u.i.k.p.r.p.TestFile    Now processing file /home/runner/work/key/key/key.core/../key.ui/examples/heap/list_ghost/ArrayList_get_normal.key 
59083      INFO  main            d.u.i.k.p.i.AbstractProblemLoader Loading environment from /home/runner/work/key/key/key.core/../key.ui/examples/heap/list_ghost/ArrayList_get_normal.key 
59083      DEBUG main            d.u.i.k.p.i.AbstractProblemLoader Environment load took 207.8ns 
59084      INFO  main            d.u.i.k.p.i.AbstractProblemLoader Creating init config 
62541      DEBUG main            d.u.i.k.p.i.AbstractProblemLoader Init config took 3.46s 
62592      INFO  main            d.u.i.k.p.i.AbstractProblemLoader Replaying proof ArrayList[List::get(int)].JML normal_behavior operation contract.0 
62595      DEBUG main            d.u.i.k.p.i.IntermediateProofReplayer Proof replay took 6.9ns 
62898      INFO  main            d.u.i.k.p.r.p.TestFile    ... finished proof: closed. 
63162      INFO  main            d.u.i.k.p.i.AbstractProblemLoader Loading environment from /home/runner/work/key/key/key.core/../key.ui/examples/heap/list_ghost/ArrayList_get_normal.key.proof 
63163      DEBUG main            d.u.i.k.p.i.AbstractProblemLoader Environment load took 517.91ns 
63164      INFO  main            d.u.i.k.p.i.AbstractProblemLoader Creating init config 
66484      DEBUG main            d.u.i.k.p.i.AbstractProblemLoader Init config took 3.32s 
66531      INFO  main            d.u.i.k.p.i.AbstractProblemLoader Replaying proof ArrayList[List::get(int)].JML normal_behavior operation contract.0 
66600      DEBUG main            d.u.i.k.p.i.IntermediateProofReplayer Proof replay took 65.31ms 
66602      DEBUG main            d.u.i.k.p.r.p.TestFile    ... success: reloaded. 
66603      INFO  main            d.u.i.k.p.r.p.TestFile    Now processing file /home/runner/work/key/key/key.core/../key.ui/examples/heap/list_ghost/ArrayList_inv.key 
66604      INFO  main            d.u.i.k.p.i.AbstractProblemLoader Loading environment from /home/runner/work/key/key/key.core/../key.ui/examples/heap/list_ghost/ArrayList_inv.key 
66604      DEBUG main            d.u.i.k.p.i.AbstractProblemLoader Environment load took 234.81ns 
66606      INFO  main            d.u.i.k.p.i.AbstractProblemLoader Creating init config 
70005      DEBUG main            d.u.i.k.p.i.AbstractProblemLoader Init config took 3.4s 
70053      INFO  main            d.u.i.k.p.i.AbstractProblemLoader Replaying proof ArrayList[java.lang.Object::<inv>()].JML accessible clause.0 
70055      DEBUG main            d.u.i.k.p.i.IntermediateProofReplayer Proof replay took 6.6ns 
70157      INFO  main            d.u.i.k.p.r.p.TestFile    ... finished proof: closed. 
70377      INFO  main            d.u.i.k.p.i.AbstractProblemLoader Loading environment from /home/runner/work/key/key/key.core/../key.ui/examples/heap/list_ghost/ArrayList_inv.key.proof 
70377      DEBUG main            d.u.i.k.p.i.AbstractProblemLoader Environment load took 147.9ns 
70378      INFO  main            d.u.i.k.p.i.AbstractProblemLoader Creating init config 
73706      DEBUG main            d.u.i.k.p.i.AbstractProblemLoader Init config took 3.33s 
73768      INFO  main            d.u.i.k.p.i.AbstractProblemLoader Replaying proof ArrayList[java.lang.Object::<inv>()].JML accessible clause.0 
73790      DEBUG main            d.u.i.k.p.i.IntermediateProofReplayer Proof replay took 16.73ms 
73792      DEBUG main            d.u.i.k.p.r.p.TestFile    ... success: reloaded. 
73794      INFO  main            d.u.i.k.p.r.p.TestFile    Now processing file /home/runner/work/key/key/key.core/../key.ui/examples/heap/list_ghost/ArrayList_size_dep.key 
73794      INFO  main            d.u.i.k.p.i.AbstractProblemLoader Loading environment from /home/runner/work/key/key/key.core/../key.ui/examples/heap/list_ghost/ArrayList_size_dep.key 
73795      DEBUG main            d.u.i.k.p.i.AbstractProblemLoader Environment load took 275.9ns 
73796      INFO  main            d.u.i.k.p.i.AbstractProblemLoader Creating init config 
77164      DEBUG main            d.u.i.k.p.i.AbstractProblemLoader Init config took 3.37s 
77210      INFO  main            d.u.i.k.p.i.AbstractProblemLoader Replaying proof ArrayList[List::size()].JML accessible clause.0 
77212      DEBUG main            d.u.i.k.p.i.IntermediateProofReplayer Proof replay took 6.5ns 
77314      INFO  main            d.u.i.k.p.r.p.TestFile    ... finished proof: closed. 
77596      INFO  main            d.u.i.k.p.i.AbstractProblemLoader Loading environment from /home/runner/work/key/key/key.core/../key.ui/examples/heap/list_ghost/ArrayList_size_dep.key.proof 
77596      DEBUG main            d.u.i.k.p.i.AbstractProblemLoader Environment load took 159ns 
77600      INFO  main            d.u.i.k.p.i.AbstractProblemLoader Creating init config 
80905      DEBUG main            d.u.i.k.p.i.AbstractProblemLoader Init config took 3.31s 
80976      INFO  main            d.u.i.k.p.i.AbstractProblemLoader Replaying proof ArrayList[List::size()].JML accessible clause.0 
80997      DEBUG main            d.u.i.k.p.i.IntermediateProofReplayer Proof replay took 18.78ms 
80998      DEBUG main            d.u.i.k.p.r.p.TestFile    ... success: reloaded. 
81000      INFO  main            d.u.i.k.p.r.p.TestFile    Now processing file /home/runner/work/key/key/key.core/../key.ui/examples/heap/list_ghost/ArrayList_size.key 
81000      INFO  main            d.u.i.k.p.i.AbstractProblemLoader Loading environment from /home/runner/work/key/key/key.core/../key.ui/examples/heap/list_ghost/ArrayList_size.key 
81000      DEBUG main            d.u.i.k.p.i.AbstractProblemLoader Environment load took 141.3ns 
81001      INFO  main            d.u.i.k.p.i.AbstractProblemLoader Creating init config 
84369      DEBUG main            d.u.i.k.p.i.AbstractProblemLoader Init config took 3.37s 
84415      INFO  main            d.u.i.k.p.i.AbstractProblemLoader Replaying proof ArrayList[List::size()].JML normal_behavior operation contract.0 
84417      DEBUG main            d.u.i.k.p.i.IntermediateProofReplayer Proof replay took 6.2ns 
84520      INFO  main            d.u.i.k.p.r.p.TestFile    ... finished proof: closed. 
84750      INFO  main            d.u.i.k.p.i.AbstractProblemLoader Loading environment from /home/runner/work/key/key/key.core/../key.ui/examples/heap/list_ghost/ArrayList_size.key.proof 
84750      DEBUG main            d.u.i.k.p.i.AbstractProblemLoader Environment load took 128.2ns 
84751      INFO  main            d.u.i.k.p.i.AbstractProblemLoader Creating init config 
88062      DEBUG main            d.u.i.k.p.i.AbstractProblemLoader Init config took 3.31s 
88114      INFO  main            d.u.i.k.p.i.AbstractProblemLoader Replaying proof ArrayList[List::size()].JML normal_behavior operation contract.0 
88137      DEBUG main            d.u.i.k.p.i.IntermediateProofReplayer Proof replay took 19.44ms 
88138      DEBUG main            d.u.i.k.p.r.p.TestFile    ... success: reloaded. 
1573559    INFO  Test worker     d.u.i.k.p.r.RunAllProofsTestUnit Returning from test list_ghost 
1573560    INFO  Test worker     d.u.i.k.p.r.RunAllProofsTestUnit Running test list_recursive 
413        INFO  Timeout watchdog d.u.i.k.p.r.p.ForkedTestFileRunner Timeout watcher launched (2000 secs.) 
437        WARN  main            d.u.i.k.s.ProofSettings   The settings in /home/runner/.key/proof-settings.props are *not* read. 
492        INFO  main            d.u.i.k.p.r.p.TestFile    Now processing file /home/runner/work/key/key/key.core/../key.ui/examples/heap/list_recursiveSpec/ListOperationsNonNull_getNextNN_normal_behavior.key 
654        INFO  main            d.u.i.k.p.i.AbstractProblemLoader Loading environment from /home/runner/work/key/key/key.core/../key.ui/examples/heap/list_recursiveSpec/ListOperationsNonNull_getNextNN_normal_behavior.key 
674        DEBUG main            d.u.i.k.p.i.AbstractProblemLoader Environment load took 2.18ms 
968        INFO  main            d.u.i.k.p.i.AbstractProblemLoader Creating init config 
2308       DEBUG main            d.u.i.k.j.TypeConverter   No LDT found for Meta 
2308       DEBUG main            d.u.i.k.j.TypeConverter   No LDT found for Meta 
2312       DEBUG main            d.u.i.k.j.TypeConverter   No LDT found for Meta 
2312       DEBUG main            d.u.i.k.j.TypeConverter   No LDT found for Meta 
4226       DEBUG main            d.u.i.k.j.TypeConverter   No LDT found for JavaBigintExpression 
11035      DEBUG main            d.u.i.k.p.i.AbstractProblemLoader Init config took 10.07s 
11301      INFO  main            d.u.i.k.p.i.AbstractProblemLoader Replaying proof ListOperationsNonNull[ListOperationsNonNull::getNextNN(ListNN,int)].JML normal_behavior operation contract.0 
11353      DEBUG main            d.u.i.k.p.i.IntermediateProofReplayer Proof replay took 37.6ns 
12910      INFO  main            d.u.i.k.p.r.p.TestFile    ... finished proof: closed. 
13161      INFO  main            d.u.i.k.p.i.AbstractProblemLoader Loading environment from /home/runner/work/key/key/key.core/../key.ui/examples/heap/list_recursiveSpec/ListOperationsNonNull_getNextNN_normal_behavior.key.proof 
13161      DEBUG main            d.u.i.k.p.i.AbstractProblemLoader Environment load took 623.71ns 
13164      INFO  main            d.u.i.k.p.i.AbstractProblemLoader Creating init config 
17008      DEBUG main            d.u.i.k.p.i.AbstractProblemLoader Init config took 3.84s 
17100      INFO  main            d.u.i.k.p.i.AbstractProblemLoader Replaying proof ListOperationsNonNull[ListOperationsNonNull::getNextNN(ListNN,int)].JML normal_behavior operation contract.0 
17359      DEBUG main            d.u.i.k.p.i.IntermediateProofReplayer Proof replay took 249.13ms 
17372      DEBUG main            d.u.i.k.p.r.p.TestFile    ... success: reloaded. 
17375      INFO  main            d.u.i.k.p.r.p.TestFile    Now processing file /home/runner/work/key/key/key.core/../key.ui/examples/heap/list_recursiveSpec/ListOperationsNonNull_setValueAt_normal_behavior.key 
17376      INFO  main            d.u.i.k.p.i.AbstractProblemLoader Loading environment from /home/runner/work/key/key/key.core/../key.ui/examples/heap/list_recursiveSpec/ListOperationsNonNull_setValueAt_normal_behavior.key 
17376      DEBUG main            d.u.i.k.p.i.AbstractProblemLoader Environment load took 311.21ns 
17382      INFO  main            d.u.i.k.p.i.AbstractProblemLoader Creating init config 
21109      DEBUG main            d.u.i.k.p.i.AbstractProblemLoader Init config took 3.73s 
21191      INFO  main            d.u.i.k.p.i.AbstractProblemLoader Replaying proof ListOperationsNonNull[ListOperationsNonNull::setValueAt_NN(ListNN,int,int)].JML normal_behavior operation contract.0 
21194      DEBUG main            d.u.i.k.p.i.IntermediateProofReplayer Proof replay took 6.5ns 
21232      DEBUG main            d.u.i.k.m.s.ProofScriptEngine 1: 'macro autopilot' 
24575      DEBUG main            d.u.i.k.m.s.ProofScriptEngine 2: 'macro simp-upd' 
24587      DEBUG main            d.u.i.k.m.s.ProofScriptEngine 3: 'rule observerDependencyEQ' 
24615      DEBUG main            d.u.i.k.m.s.ProofScriptEngine 4: 'tryclose' 
24656      INFO  main            d.u.i.k.p.r.p.TestFile    ... finished proof: closed. 
24843      INFO  main            d.u.i.k.p.i.AbstractProblemLoader Loading environment from /home/runner/work/key/key/key.core/../key.ui/examples/heap/list_recursiveSpec/ListOperationsNonNull_setValueAt_normal_behavior.key.proof 
24843      DEBUG main            d.u.i.k.p.i.AbstractProblemLoader Environment load took 596.71ns 
24846      INFO  main            d.u.i.k.p.i.AbstractProblemLoader Creating init config 
28364      DEBUG main            d.u.i.k.p.i.AbstractProblemLoader Init config took 3.52s 
28437      INFO  main            d.u.i.k.p.i.AbstractProblemLoader Replaying proof ListOperationsNonNull[ListOperationsNonNull::setValueAt_NN(ListNN,int,int)].JML normal_behavior operation contract.0 
28621      DEBUG main            d.u.i.k.p.i.IntermediateProofReplayer Proof replay took 176.79ms 
28623      DEBUG main            d.u.i.k.p.r.p.TestFile    ... success: reloaded. 
1602393    INFO  Test worker     d.u.i.k.p.r.RunAllProofsTestUnit Returning from test list_recursive 
1602395    INFO  Test worker     d.u.i.k.p.r.RunAllProofsTestUnit Running test list_seq 
431        INFO  Timeout watchdog d.u.i.k.p.r.p.ForkedTestFileRunner Timeout watcher launched (2000 secs.) 
460        WARN  main            d.u.i.k.s.ProofSettings   The settings in /home/runner/.key/proof-settings.props are *not* read. 
523        INFO  main            d.u.i.k.p.r.p.TestFile    Now processing file /home/runner/work/key/key/key.core/../key.ui/examples/heap/list_seq/SimplifiedLinkedList.remove.key 
714        INFO  main            d.u.i.k.p.i.AbstractProblemLoader Loading environment from /home/runner/work/key/key/key.core/../key.ui/examples/heap/list_seq/SimplifiedLinkedList.remove.key 
735        DEBUG main            d.u.i.k.p.i.AbstractProblemLoader Environment load took 2.74ms 
1051       INFO  main            d.u.i.k.p.i.AbstractProblemLoader Creating init config 
2277       DEBUG main            d.u.i.k.j.TypeConverter   No LDT found for Meta 
2279       DEBUG main            d.u.i.k.j.TypeConverter   No LDT found for Meta 
2283       DEBUG main            d.u.i.k.j.TypeConverter   No LDT found for Meta 
2284       DEBUG main            d.u.i.k.j.TypeConverter   No LDT found for Meta 
3931       DEBUG main            d.u.i.k.j.TypeConverter   No LDT found for JavaBigintExpression 
11257      DEBUG main            d.u.i.k.p.i.AbstractProblemLoader Init config took 10.21s 
11477      INFO  main            d.u.i.k.p.i.AbstractProblemLoader Replaying proof SimplifiedLinkedList[SimplifiedLinkedList::remove(int)].JML normal_behavior operation contract.0 
11566      DEBUG main            d.u.i.k.p.i.IntermediateProofReplayer Proof replay took 45.3ns 
123425     INFO  main            d.u.i.k.p.r.p.TestFile    ... finished proof: closed. 
123927     INFO  main            d.u.i.k.p.i.AbstractProblemLoader Loading environment from /home/runner/work/key/key/key.core/../key.ui/examples/heap/list_seq/SimplifiedLinkedList.remove.key.proof 
123928     DEBUG main            d.u.i.k.p.i.AbstractProblemLoader Environment load took 657.41ns 
123947     INFO  main            d.u.i.k.p.i.AbstractProblemLoader Creating init config 
128218     DEBUG main            d.u.i.k.p.i.AbstractProblemLoader Init config took 4.27s 
128356     INFO  main            d.u.i.k.p.i.AbstractProblemLoader Replaying proof SimplifiedLinkedList[SimplifiedLinkedList::remove(int)].JML normal_behavior operation contract.0 
134565     DEBUG main            d.u.i.k.p.i.IntermediateProofReplayer Proof replay took 5.91s 
134587     DEBUG main            d.u.i.k.p.r.p.TestFile    ... success: reloaded. 
134589     INFO  main            d.u.i.k.p.r.p.TestFile    Now processing file /home/runner/work/key/key/key.core/../key.ui/examples/heap/list_seq/ArrayList.ArrayList.key 
134590     INFO  main            d.u.i.k.p.i.AbstractProblemLoader Loading environment from /home/runner/work/key/key/key.core/../key.ui/examples/heap/list_seq/ArrayList.ArrayList.key 
134590     DEBUG main            d.u.i.k.p.i.AbstractProblemLoader Environment load took 370.31ns 
134592     INFO  main            d.u.i.k.p.i.AbstractProblemLoader Creating init config 
138558     DEBUG main            d.u.i.k.p.i.AbstractProblemLoader Init config took 3.97s 
138701     INFO  main            d.u.i.k.p.i.AbstractProblemLoader Replaying proof ArrayList[ArrayList::ArrayList()].JML normal_behavior operation contract.0 
138706     DEBUG main            d.u.i.k.p.i.IntermediateProofReplayer Proof replay took 7.6ns 
139912     INFO  main            d.u.i.k.p.r.p.TestFile    ... finished proof: closed. 
140159     INFO  main            d.u.i.k.p.i.AbstractProblemLoader Loading environment from /home/runner/work/key/key/key.core/../key.ui/examples/heap/list_seq/ArrayList.ArrayList.key.proof 
140161     DEBUG main            d.u.i.k.p.i.AbstractProblemLoader Environment load took 1.75ms 
140165     INFO  main            d.u.i.k.p.i.AbstractProblemLoader Creating init config 
144078     DEBUG main            d.u.i.k.p.i.AbstractProblemLoader Init config took 3.91s 
144234     INFO  main            d.u.i.k.p.i.AbstractProblemLoader Replaying proof ArrayList[ArrayList::ArrayList()].JML normal_behavior operation contract.0 
144426     DEBUG main            d.u.i.k.p.i.IntermediateProofReplayer Proof replay took 186.82ms 
144429     DEBUG main            d.u.i.k.p.r.p.TestFile    ... success: reloaded. 
144431     INFO  main            d.u.i.k.p.r.p.TestFile    Now processing file /home/runner/work/key/key/key.core/../key.ui/examples/heap/list_seq/ArrayList.add.key 
144431     INFO  main            d.u.i.k.p.i.AbstractProblemLoader Loading environment from /home/runner/work/key/key/key.core/../key.ui/examples/heap/list_seq/ArrayList.add.key 
144438     DEBUG main            d.u.i.k.p.i.AbstractProblemLoader Environment load took 6.11ms 
144439     INFO  main            d.u.i.k.p.i.AbstractProblemLoader Creating init config 
148355     DEBUG main            d.u.i.k.p.i.AbstractProblemLoader Init config took 3.92s 
148456     INFO  main            d.u.i.k.p.i.AbstractProblemLoader Replaying proof ArrayList[List::add(java.lang.Object)].JML normal_behavior operation contract.0 
148458     DEBUG main            d.u.i.k.p.i.IntermediateProofReplayer Proof replay took 5.5ns 
152768     INFO  main            d.u.i.k.p.r.p.TestFile    ... finished proof: closed. 
153009     INFO  main            d.u.i.k.p.i.AbstractProblemLoader Loading environment from /home/runner/work/key/key/key.core/../key.ui/examples/heap/list_seq/ArrayList.add.key.proof 
153009     DEBUG main            d.u.i.k.p.i.AbstractProblemLoader Environment load took 141.8ns 
153011     INFO  main            d.u.i.k.p.i.AbstractProblemLoader Creating init config 
156993     DEBUG main            d.u.i.k.p.i.AbstractProblemLoader Init config took 3.98s 
157091     INFO  main            d.u.i.k.p.i.AbstractProblemLoader Replaying proof ArrayList[List::add(java.lang.Object)].JML normal_behavior operation contract.0 
157690     DEBUG main            d.u.i.k.p.i.IntermediateProofReplayer Proof replay took 581.51ms 
157693     DEBUG main            d.u.i.k.p.r.p.TestFile    ... success: reloaded. 
157694     INFO  main            d.u.i.k.p.r.p.TestFile    Now processing file /home/runner/work/key/key/key.core/../key.ui/examples/heap/list_seq/ArrayList.contains.key 
157694     INFO  main            d.u.i.k.p.i.AbstractProblemLoader Loading environment from /home/runner/work/key/key/key.core/../key.ui/examples/heap/list_seq/ArrayList.contains.key 
157695     DEBUG main            d.u.i.k.p.i.AbstractProblemLoader Environment load took 260ns 
157696     INFO  main            d.u.i.k.p.i.AbstractProblemLoader Creating init config 
161695     DEBUG main            d.u.i.k.p.i.AbstractProblemLoader Init config took 4s 
161833     INFO  main            d.u.i.k.p.i.AbstractProblemLoader Replaying proof ArrayList[List::contains(java.lang.Object)].JML normal_behavior operation contract.0 
161835     DEBUG main            d.u.i.k.p.i.IntermediateProofReplayer Proof replay took 6.3ns 
163842     INFO  main            d.u.i.k.p.r.p.TestFile    ... finished proof: closed. 
164082     INFO  main            d.u.i.k.p.i.AbstractProblemLoader Loading environment from /home/runner/work/key/key/key.core/../key.ui/examples/heap/list_seq/ArrayList.contains.key.proof 
164083     DEBUG main            d.u.i.k.p.i.AbstractProblemLoader Environment load took 1.09ms 
164086     INFO  main            d.u.i.k.p.i.AbstractProblemLoader Creating init config 
167975     DEBUG main            d.u.i.k.p.i.AbstractProblemLoader Init config took 3.89s 
168073     INFO  main            d.u.i.k.p.i.AbstractProblemLoader Replaying proof ArrayList[List::contains(java.lang.Object)].JML normal_behavior operation contract.0 
168426     DEBUG main            d.u.i.k.p.i.IntermediateProofReplayer Proof replay took 344.75ms 
168428     DEBUG main            d.u.i.k.p.r.p.TestFile    ... success: reloaded. 
168429     INFO  main            d.u.i.k.p.r.p.TestFile    Now processing file /home/runner/work/key/key/key.core/../key.ui/examples/heap/list_seq/ArrayList.enlarge.key 
168430     INFO  main            d.u.i.k.p.i.AbstractProblemLoader Loading environment from /home/runner/work/key/key/key.core/../key.ui/examples/heap/list_seq/ArrayList.enlarge.key 
168430     DEBUG main            d.u.i.k.p.i.AbstractProblemLoader Environment load took 336.11ns 
168431     INFO  main            d.u.i.k.p.i.AbstractProblemLoader Creating init config 
172302     DEBUG main            d.u.i.k.p.i.AbstractProblemLoader Init config took 3.87s 
172420     INFO  main            d.u.i.k.p.i.AbstractProblemLoader Replaying proof ArrayList[ArrayList::enlarge()].JML normal_behavior operation contract.0 
172421     DEBUG main            d.u.i.k.p.i.IntermediateProofReplayer Proof replay took 6.2ns 
175171     INFO  main            d.u.i.k.p.r.p.TestFile    ... finished proof: closed. 
175412     INFO  main            d.u.i.k.p.i.AbstractProblemLoader Loading environment from /home/runner/work/key/key/key.core/../key.ui/examples/heap/list_seq/ArrayList.enlarge.key.proof 
175412     DEBUG main            d.u.i.k.p.i.AbstractProblemLoader Environment load took 522.51ns 
175414     INFO  main            d.u.i.k.p.i.AbstractProblemLoader Creating init config 
179136     DEBUG main            d.u.i.k.p.i.AbstractProblemLoader Init config took 3.72s 
179260     INFO  main            d.u.i.k.p.i.AbstractProblemLoader Replaying proof ArrayList[ArrayList::enlarge()].JML normal_behavior operation contract.0 
179736     DEBUG main            d.u.i.k.p.i.IntermediateProofReplayer Proof replay took 467.1ms 
179738     DEBUG main            d.u.i.k.p.r.p.TestFile    ... success: reloaded. 
179740     INFO  main            d.u.i.k.p.r.p.TestFile    Now processing file /home/runner/work/key/key/key.core/../key.ui/examples/heap/list_seq/ArrayList.get.key 
179740     INFO  main            d.u.i.k.p.i.AbstractProblemLoader Loading environment from /home/runner/work/key/key/key.core/../key.ui/examples/heap/list_seq/ArrayList.get.key 
179741     DEBUG main            d.u.i.k.p.i.AbstractProblemLoader Environment load took 545.21ns 
179741     INFO  main            d.u.i.k.p.i.AbstractProblemLoader Creating init config 
183589     DEBUG main            d.u.i.k.p.i.AbstractProblemLoader Init config took 3.85s 
183679     INFO  main            d.u.i.k.p.i.AbstractProblemLoader Replaying proof ArrayList[List::get(int)].JML normal_behavior operation contract.0 
183681     DEBUG main            d.u.i.k.p.i.IntermediateProofReplayer Proof replay took 6.4ns 
184384     INFO  main            d.u.i.k.p.r.p.TestFile    ... finished proof: closed. 
184631     INFO  main            d.u.i.k.p.i.AbstractProblemLoader Loading environment from /home/runner/work/key/key/key.core/../key.ui/examples/heap/list_seq/ArrayList.get.key.proof 
184631     DEBUG main            d.u.i.k.p.i.AbstractProblemLoader Environment load took 140.2ns 
184632     INFO  main            d.u.i.k.p.i.AbstractProblemLoader Creating init config 
188438     DEBUG main            d.u.i.k.p.i.AbstractProblemLoader Init config took 3.81s 
188548     INFO  main            d.u.i.k.p.i.AbstractProblemLoader Replaying proof ArrayList[List::get(int)].JML normal_behavior operation contract.0 
188649     DEBUG main            d.u.i.k.p.i.IntermediateProofReplayer Proof replay took 95.83ms 
188651     DEBUG main            d.u.i.k.p.r.p.TestFile    ... success: reloaded. 
188653     INFO  main            d.u.i.k.p.r.p.TestFile    Now processing file /home/runner/work/key/key/key.core/../key.ui/examples/heap/list_seq/ArrayList.newArray.key 
188653     INFO  main            d.u.i.k.p.i.AbstractProblemLoader Loading environment from /home/runner/work/key/key/key.core/../key.ui/examples/heap/list_seq/ArrayList.newArray.key 
188654     DEBUG main            d.u.i.k.p.i.AbstractProblemLoader Environment load took 316.81ns 
188655     INFO  main            d.u.i.k.p.i.AbstractProblemLoader Creating init config 
192478     DEBUG main            d.u.i.k.p.i.AbstractProblemLoader Init config took 3.82s 
192567     INFO  main            d.u.i.k.p.i.AbstractProblemLoader Replaying proof ArrayList[ArrayList::newArray(int)].JML normal_behavior operation contract.0 
192570     DEBUG main            d.u.i.k.p.i.IntermediateProofReplayer Proof replay took 7ns 
192976     INFO  main            d.u.i.k.p.r.p.TestFile    ... finished proof: closed. 
193207     INFO  main            d.u.i.k.p.i.AbstractProblemLoader Loading environment from /home/runner/work/key/key/key.core/../key.ui/examples/heap/list_seq/ArrayList.newArray.key.proof 
193208     DEBUG main            d.u.i.k.p.i.AbstractProblemLoader Environment load took 647.31ns 
193209     INFO  main            d.u.i.k.p.i.AbstractProblemLoader Creating init config 
196887     DEBUG main            d.u.i.k.p.i.AbstractProblemLoader Init config took 3.68s 
196991     INFO  main            d.u.i.k.p.i.AbstractProblemLoader Replaying proof ArrayList[ArrayList::newArray(int)].JML normal_behavior operation contract.0 
197093     DEBUG main            d.u.i.k.p.i.IntermediateProofReplayer Proof replay took 71.63ms 
197095     DEBUG main            d.u.i.k.p.r.p.TestFile    ... success: reloaded. 
197099     INFO  main            d.u.i.k.p.r.p.TestFile    Now processing file /home/runner/work/key/key/key.core/../key.ui/examples/heap/list_seq/ArrayList.remove.0.key 
197100     INFO  main            d.u.i.k.p.i.AbstractProblemLoader Loading environment from /home/runner/work/key/key/key.core/../key.ui/examples/heap/list_seq/ArrayList.remove.0.key 
197100     DEBUG main            d.u.i.k.p.i.AbstractProblemLoader Environment load took 358.71ns 
197101     INFO  main            d.u.i.k.p.i.AbstractProblemLoader Creating init config 
200928     DEBUG main            d.u.i.k.p.i.AbstractProblemLoader Init config took 3.83s 
201042     INFO  main            d.u.i.k.p.i.AbstractProblemLoader Replaying proof ArrayList[List::remove(java.lang.Object)].JML normal_behavior operation contract.0 
201044     DEBUG main            d.u.i.k.p.i.IntermediateProofReplayer Proof replay took 7.5ns 
203654     INFO  main            d.u.i.k.p.r.p.TestFile    ... finished proof: closed. 
203928     INFO  main            d.u.i.k.p.i.AbstractProblemLoader Loading environment from /home/runner/work/key/key/key.core/../key.ui/examples/heap/list_seq/ArrayList.remove.0.key.proof 
203930     DEBUG main            d.u.i.k.p.i.AbstractProblemLoader Environment load took 1.29ms 
203931     INFO  main            d.u.i.k.p.i.AbstractProblemLoader Creating init config 
207602     DEBUG main            d.u.i.k.p.i.AbstractProblemLoader Init config took 3.67s 
207699     INFO  main            d.u.i.k.p.i.AbstractProblemLoader Replaying proof ArrayList[List::remove(java.lang.Object)].JML normal_behavior operation contract.0 
208371     DEBUG main            d.u.i.k.p.i.IntermediateProofReplayer Proof replay took 663.26ms 
208375     DEBUG main            d.u.i.k.p.r.p.TestFile    ... success: reloaded. 
208377     INFO  main            d.u.i.k.p.r.p.TestFile    Now processing file /home/runner/work/key/key/key.core/../key.ui/examples/heap/list_seq/ArrayList.remove.1.key 
208379     INFO  main            d.u.i.k.p.i.AbstractProblemLoader Loading environment from /home/runner/work/key/key/key.core/../key.ui/examples/heap/list_seq/ArrayList.remove.1.key 
208380     DEBUG main            d.u.i.k.p.i.AbstractProblemLoader Environment load took 567.81ns 
208382     INFO  main            d.u.i.k.p.i.AbstractProblemLoader Creating init config 
212166     DEBUG main            d.u.i.k.p.i.AbstractProblemLoader Init config took 3.78s 
212269     INFO  main            d.u.i.k.p.i.AbstractProblemLoader Replaying proof ArrayList[List::remove(java.lang.Object)].JML normal_behavior operation contract.1 
212272     DEBUG main            d.u.i.k.p.i.IntermediateProofReplayer Proof replay took 6.8ns 
227638     INFO  main            d.u.i.k.p.r.p.TestFile    ... finished proof: closed. 
227990     INFO  main            d.u.i.k.p.i.AbstractProblemLoader Loading environment from /home/runner/work/key/key/key.core/../key.ui/examples/heap/list_seq/ArrayList.remove.1.key.proof 
227990     DEBUG main            d.u.i.k.p.i.AbstractProblemLoader Environment load took 272.31ns 
227993     INFO  main            d.u.i.k.p.i.AbstractProblemLoader Creating init config 
231631     DEBUG main            d.u.i.k.p.i.AbstractProblemLoader Init config took 3.64s 
231718     INFO  main            d.u.i.k.p.i.AbstractProblemLoader Replaying proof ArrayList[List::remove(java.lang.Object)].JML normal_behavior operation contract.1 
233595     DEBUG main            d.u.i.k.p.i.IntermediateProofReplayer Proof replay took 1.84s 
233599     DEBUG main            d.u.i.k.p.r.p.TestFile    ... success: reloaded. 
1836273    INFO  Test worker     d.u.i.k.p.r.RunAllProofsTestUnit Returning from test list_seq 
1836276    INFO  Test worker     d.u.i.k.p.r.RunAllProofsTestUnit Running test observer 
422        INFO  Timeout watchdog d.u.i.k.p.r.p.ForkedTestFileRunner Timeout watcher launched (2000 secs.) 
436        WARN  main            d.u.i.k.s.ProofSettings   The settings in /home/runner/.key/proof-settings.props are *not* read. 
469        INFO  main            d.u.i.k.p.r.p.TestFile    Now processing file /home/runner/work/key/key/key.core/../key.ui/examples/heap/observer/ExampleObserver_ExampleObserver.key 
615        INFO  main            d.u.i.k.p.i.AbstractProblemLoader Loading environment from /home/runner/work/key/key/key.core/../key.ui/examples/heap/observer/ExampleObserver_ExampleObserver.key 
637        DEBUG main            d.u.i.k.p.i.AbstractProblemLoader Environment load took 2.53ms 
926        INFO  main            d.u.i.k.p.i.AbstractProblemLoader Creating init config 
2117       DEBUG main            d.u.i.k.j.TypeConverter   No LDT found for Meta 
2118       DEBUG main            d.u.i.k.j.TypeConverter   No LDT found for Meta 
2120       DEBUG main            d.u.i.k.j.TypeConverter   No LDT found for Meta 
2120       DEBUG main            d.u.i.k.j.TypeConverter   No LDT found for Meta 
3911       DEBUG main            d.u.i.k.j.TypeConverter   No LDT found for JavaBigintExpression 
10820      DEBUG main            d.u.i.k.p.i.AbstractProblemLoader Init config took 9.89s 
11005      INFO  main            d.u.i.k.p.i.AbstractProblemLoader Replaying proof ExampleObserver[ExampleObserver::ExampleObserver(ExampleSubject)].JML normal_behavior operation contract.0 
11067      DEBUG main            d.u.i.k.p.i.IntermediateProofReplayer Proof replay took 37ns 
12508      INFO  main            d.u.i.k.p.r.p.TestFile    ... finished proof: closed. 
12672      INFO  main            d.u.i.k.p.i.AbstractProblemLoader Loading environment from /home/runner/work/key/key/key.core/../key.ui/examples/heap/observer/ExampleObserver_ExampleObserver.key.proof 
12672      DEBUG main            d.u.i.k.p.i.AbstractProblemLoader Environment load took 295.4ns 
12675      INFO  main            d.u.i.k.p.i.AbstractProblemLoader Creating init config 
16565      DEBUG main            d.u.i.k.p.i.AbstractProblemLoader Init config took 3.89s 
16666      INFO  main            d.u.i.k.p.i.AbstractProblemLoader Replaying proof ExampleObserver[ExampleObserver::ExampleObserver(ExampleSubject)].JML normal_behavior operation contract.0 
16872      DEBUG main            d.u.i.k.p.i.IntermediateProofReplayer Proof replay took 196.22ms 
16892      DEBUG main            d.u.i.k.p.r.p.TestFile    ... success: reloaded. 
16900      INFO  main            d.u.i.k.p.r.p.TestFile    Now processing file /home/runner/work/key/key/key.core/../key.ui/examples/heap/observer/ExampleObserver_inv.key 
16900      INFO  main            d.u.i.k.p.i.AbstractProblemLoader Loading environment from /home/runner/work/key/key/key.core/../key.ui/examples/heap/observer/ExampleObserver_inv.key 
16901      DEBUG main            d.u.i.k.p.i.AbstractProblemLoader Environment load took 320.2ns 
16903      INFO  main            d.u.i.k.p.i.AbstractProblemLoader Creating init config 
20647      DEBUG main            d.u.i.k.p.i.AbstractProblemLoader Init config took 3.74s 
20739      INFO  main            d.u.i.k.p.i.AbstractProblemLoader Replaying proof ExampleObserver[java.lang.Object::<inv>()].JML accessible clause.0 
20746      DEBUG main            d.u.i.k.p.i.IntermediateProofReplayer Proof replay took 24ns 
20867      INFO  main            d.u.i.k.p.r.p.TestFile    ... finished proof: closed. 
21023      INFO  main            d.u.i.k.p.i.AbstractProblemLoader Loading environment from /home/runner/work/key/key/key.core/../key.ui/examples/heap/observer/ExampleObserver_inv.key.proof 
21023      DEBUG main            d.u.i.k.p.i.AbstractProblemLoader Environment load took 152.2ns 
21027      INFO  main            d.u.i.k.p.i.AbstractProblemLoader Creating init config 
24666      DEBUG main            d.u.i.k.p.i.AbstractProblemLoader Init config took 3.64s 
24742      INFO  main            d.u.i.k.p.i.AbstractProblemLoader Replaying proof ExampleObserver[java.lang.Object::<inv>()].JML accessible clause.0 
24774      DEBUG main            d.u.i.k.p.i.IntermediateProofReplayer Proof replay took 26.57ms 
24777      DEBUG main            d.u.i.k.p.r.p.TestFile    ... success: reloaded. 
24779      INFO  main            d.u.i.k.p.r.p.TestFile    Now processing file /home/runner/work/key/key/key.core/../key.ui/examples/heap/observer/ExampleObserver_subject.key 
24779      INFO  main            d.u.i.k.p.i.AbstractProblemLoader Loading environment from /home/runner/work/key/key/key.core/../key.ui/examples/heap/observer/ExampleObserver_subject.key 
24780      DEBUG main            d.u.i.k.p.i.AbstractProblemLoader Environment load took 99ns 
24782      INFO  main            d.u.i.k.p.i.AbstractProblemLoader Creating init config 
28420      DEBUG main            d.u.i.k.p.i.AbstractProblemLoader Init config took 3.64s 
28503      INFO  main            d.u.i.k.p.i.AbstractProblemLoader Replaying proof Observer[Observer::$subject()].JML accessible clause.0 
28506      DEBUG main            d.u.i.k.p.i.IntermediateProofReplayer Proof replay took 7.3ns 
28609      INFO  main            d.u.i.k.p.r.p.TestFile    ... finished proof: closed. 
28784      INFO  main            d.u.i.k.p.i.AbstractProblemLoader Loading environment from /home/runner/work/key/key/key.core/../key.ui/examples/heap/observer/ExampleObserver_subject.key.proof 
28784      DEBUG main            d.u.i.k.p.i.AbstractProblemLoader Environment load took 141.1ns 
28786      INFO  main            d.u.i.k.p.i.AbstractProblemLoader Creating init config 
32350      DEBUG main            d.u.i.k.p.i.AbstractProblemLoader Init config took 3.56s 
32412      INFO  main            d.u.i.k.p.i.AbstractProblemLoader Replaying proof Observer[Observer::$subject()].JML accessible clause.0 
32417      DEBUG main            d.u.i.k.p.i.IntermediateProofReplayer Proof replay took 2.27ms 
32418      DEBUG main            d.u.i.k.p.r.p.TestFile    ... success: reloaded. 
32420      INFO  main            d.u.i.k.p.r.p.TestFile    Now processing file /home/runner/work/key/key/key.core/../key.ui/examples/heap/observer/ExampleObserver_update.key 
32421      INFO  main            d.u.i.k.p.i.AbstractProblemLoader Loading environment from /home/runner/work/key/key/key.core/../key.ui/examples/heap/observer/ExampleObserver_update.key 
32421      DEBUG main            d.u.i.k.p.i.AbstractProblemLoader Environment load took 286ns 
32422      INFO  main            d.u.i.k.p.i.AbstractProblemLoader Creating init config 
35906      DEBUG main            d.u.i.k.p.i.AbstractProblemLoader Init config took 3.48s 
35969      INFO  main            d.u.i.k.p.i.AbstractProblemLoader Replaying proof ExampleObserver[Observer::update()].JML normal_behavior operation contract.0 
35972      DEBUG main            d.u.i.k.p.i.IntermediateProofReplayer Proof replay took 6.9ns 
36385      INFO  main            d.u.i.k.p.r.p.TestFile    ... finished proof: closed. 
36586      INFO  main            d.u.i.k.p.i.AbstractProblemLoader Loading environment from /home/runner/work/key/key/key.core/../key.ui/examples/heap/observer/ExampleObserver_update.key.proof 
36587      DEBUG main            d.u.i.k.p.i.AbstractProblemLoader Environment load took 1.57ms 
36589      INFO  main            d.u.i.k.p.i.AbstractProblemLoader Creating init config 
40080      DEBUG main            d.u.i.k.p.i.AbstractProblemLoader Init config took 3.49s 
40140      INFO  main            d.u.i.k.p.i.AbstractProblemLoader Replaying proof ExampleObserver[Observer::update()].JML normal_behavior operation contract.0 
40224      DEBUG main            d.u.i.k.p.i.IntermediateProofReplayer Proof replay took 80.23ms 
40226      DEBUG main            d.u.i.k.p.r.p.TestFile    ... success: reloaded. 
40228      INFO  main            d.u.i.k.p.r.p.TestFile    Now processing file /home/runner/work/key/key/key.core/../key.ui/examples/heap/observer/ExampleObserver_upToDate.key 
40228      INFO  main            d.u.i.k.p.i.AbstractProblemLoader Loading environment from /home/runner/work/key/key/key.core/../key.ui/examples/heap/observer/ExampleObserver_upToDate.key 
40228      DEBUG main            d.u.i.k.p.i.AbstractProblemLoader Environment load took 244.1ns 
40229      INFO  main            d.u.i.k.p.i.AbstractProblemLoader Creating init config 
43769      DEBUG main            d.u.i.k.p.i.AbstractProblemLoader Init config took 3.54s 
43828      INFO  main            d.u.i.k.p.i.AbstractProblemLoader Replaying proof ExampleObserver[Observer::$upToDate()].JML accessible clause.0 
43831      DEBUG main            d.u.i.k.p.i.IntermediateProofReplayer Proof replay took 7ns 
44042      INFO  main            d.u.i.k.p.r.p.TestFile    ... finished proof: closed. 
44292      INFO  main            d.u.i.k.p.i.AbstractProblemLoader Loading environment from /home/runner/work/key/key/key.core/../key.ui/examples/heap/observer/ExampleObserver_upToDate.key.proof 
44297      DEBUG main            d.u.i.k.p.i.AbstractProblemLoader Environment load took 4.33ms 
44298      INFO  main            d.u.i.k.p.i.AbstractProblemLoader Creating init config 
47794      DEBUG main            d.u.i.k.p.i.AbstractProblemLoader Init config took 3.5s 
47853      INFO  main            d.u.i.k.p.i.AbstractProblemLoader Replaying proof ExampleObserver[Observer::$upToDate()].JML accessible clause.0 
47883      DEBUG main            d.u.i.k.p.i.IntermediateProofReplayer Proof replay took 27.02ms 
47884      DEBUG main            d.u.i.k.p.r.p.TestFile    ... success: reloaded. 
47886      INFO  main            d.u.i.k.p.r.p.TestFile    Now processing file /home/runner/work/key/key/key.core/../key.ui/examples/heap/observer/ExampleObserver_value.key 
47886      INFO  main            d.u.i.k.p.i.AbstractProblemLoader Loading environment from /home/runner/work/key/key/key.core/../key.ui/examples/heap/observer/ExampleObserver_value.key 
47886      DEBUG main            d.u.i.k.p.i.AbstractProblemLoader Environment load took 176.8ns 
47887      INFO  main            d.u.i.k.p.i.AbstractProblemLoader Creating init config 
51374      DEBUG main            d.u.i.k.p.i.AbstractProblemLoader Init config took 3.49s 
51454      INFO  main            d.u.i.k.p.i.AbstractProblemLoader Replaying proof ExampleObserver[ExampleObserver::value()].JML normal_behavior operation contract.0 
51456      DEBUG main            d.u.i.k.p.i.IntermediateProofReplayer Proof replay took 7ns 
51560      INFO  main            d.u.i.k.p.r.p.TestFile    ... finished proof: closed. 
51773      INFO  main            d.u.i.k.p.i.AbstractProblemLoader Loading environment from /home/runner/work/key/key/key.core/../key.ui/examples/heap/observer/ExampleObserver_value.key.proof 
51774      DEBUG main            d.u.i.k.p.i.AbstractProblemLoader Environment load took 600.91ns 
51775      INFO  main            d.u.i.k.p.i.AbstractProblemLoader Creating init config 
55222      DEBUG main            d.u.i.k.p.i.AbstractProblemLoader Init config took 3.45s 
55277      INFO  main            d.u.i.k.p.i.AbstractProblemLoader Replaying proof ExampleObserver[ExampleObserver::value()].JML normal_behavior operation contract.0 
55306      DEBUG main            d.u.i.k.p.i.IntermediateProofReplayer Proof replay took 25.9ms 
55307      DEBUG main            d.u.i.k.p.r.p.TestFile    ... success: reloaded. 
55309      INFO  main            d.u.i.k.p.r.p.TestFile    Now processing file /home/runner/work/key/key/key.core/../key.ui/examples/heap/observer/ExampleSubject_addObserver.key 
55309      INFO  main            d.u.i.k.p.i.AbstractProblemLoader Loading environment from /home/runner/work/key/key/key.core/../key.ui/examples/heap/observer/ExampleSubject_addObserver.key 
55309      DEBUG main            d.u.i.k.p.i.AbstractProblemLoader Environment load took 132.1ns 
55310      INFO  main            d.u.i.k.p.i.AbstractProblemLoader Creating init config 
58719      DEBUG main            d.u.i.k.p.i.AbstractProblemLoader Init config took 3.41s 
58793      INFO  main            d.u.i.k.p.i.AbstractProblemLoader Replaying proof ExampleSubject[Subject::addObserver(Observer)].JML normal_behavior operation contract.0 
58795      DEBUG main            d.u.i.k.p.i.IntermediateProofReplayer Proof replay took 7.5ns 
66069      INFO  main            d.u.i.k.p.r.p.TestFile    ... finished proof: closed. 
66376      INFO  main            d.u.i.k.p.i.AbstractProblemLoader Loading environment from /home/runner/work/key/key/key.core/../key.ui/examples/heap/observer/ExampleSubject_addObserver.key.proof 
66376      DEBUG main            d.u.i.k.p.i.AbstractProblemLoader Environment load took 157.8ns 
66378      INFO  main            d.u.i.k.p.i.AbstractProblemLoader Creating init config 
69815      DEBUG main            d.u.i.k.p.i.AbstractProblemLoader Init config took 3.44s 
69886      INFO  main            d.u.i.k.p.i.AbstractProblemLoader Replaying proof ExampleSubject[Subject::addObserver(Observer)].JML normal_behavior operation contract.0 
70870      DEBUG main            d.u.i.k.p.i.IntermediateProofReplayer Proof replay took 961.03ms 
70872      DEBUG main            d.u.i.k.p.r.p.TestFile    ... success: reloaded. 
70874      INFO  main            d.u.i.k.p.r.p.TestFile    Now processing file /home/runner/work/key/key/key.core/../key.ui/examples/heap/observer/ExampleSubject_change.key 
70875      INFO  main            d.u.i.k.p.i.AbstractProblemLoader Loading environment from /home/runner/work/key/key/key.core/../key.ui/examples/heap/observer/ExampleSubject_change.key 
70875      DEBUG main            d.u.i.k.p.i.AbstractProblemLoader Environment load took 256.8ns 
70876      INFO  main            d.u.i.k.p.i.AbstractProblemLoader Creating init config 
74408      DEBUG main            d.u.i.k.p.i.AbstractProblemLoader Init config took 3.53s 
74474      INFO  main            d.u.i.k.p.i.AbstractProblemLoader Replaying proof ExampleSubject[ExampleSubject::change()].JML normal_behavior operation contract.0 
74477      DEBUG main            d.u.i.k.p.i.IntermediateProofReplayer Proof replay took 7.7ns 
75183      INFO  main            d.u.i.k.p.r.p.TestFile    ... finished proof: closed. 
75424      INFO  main            d.u.i.k.p.i.AbstractProblemLoader Loading environment from /home/runner/work/key/key/key.core/../key.ui/examples/heap/observer/ExampleSubject_change.key.proof 
75425      DEBUG main            d.u.i.k.p.i.AbstractProblemLoader Environment load took 822.61ns 
75427      INFO  main            d.u.i.k.p.i.AbstractProblemLoader Creating init config 
78797      DEBUG main            d.u.i.k.p.i.AbstractProblemLoader Init config took 3.37s 
78854      INFO  main            d.u.i.k.p.i.AbstractProblemLoader Replaying proof ExampleSubject[ExampleSubject::change()].JML normal_behavior operation contract.0 
78970      DEBUG main            d.u.i.k.p.i.IntermediateProofReplayer Proof replay took 110.39ms 
78972      DEBUG main            d.u.i.k.p.r.p.TestFile    ... success: reloaded. 
78974      INFO  main            d.u.i.k.p.r.p.TestFile    Now processing file /home/runner/work/key/key/key.core/../key.ui/examples/heap/observer/ExampleSubject_ExampleSubject.key 
78974      INFO  main            d.u.i.k.p.i.AbstractProblemLoader Loading environment from /home/runner/work/key/key/key.core/../key.ui/examples/heap/observer/ExampleSubject_ExampleSubject.key 
78975      DEBUG main            d.u.i.k.p.i.AbstractProblemLoader Environment load took 258.3ns 
78976      INFO  main            d.u.i.k.p.i.AbstractProblemLoader Creating init config 
82470      DEBUG main            d.u.i.k.p.i.AbstractProblemLoader Init config took 3.49s 
82543      INFO  main            d.u.i.k.p.i.AbstractProblemLoader Replaying proof ExampleSubject[ExampleSubject::ExampleSubject()].JML normal_behavior operation contract.0 
82546      DEBUG main            d.u.i.k.p.i.IntermediateProofReplayer Proof replay took 8ns 
83953      INFO  main            d.u.i.k.p.r.p.TestFile    ... finished proof: closed. 
84228      INFO  main            d.u.i.k.p.i.AbstractProblemLoader Loading environment from /home/runner/work/key/key/key.core/../key.ui/examples/heap/observer/ExampleSubject_ExampleSubject.key.proof 
84228      DEBUG main            d.u.i.k.p.i.AbstractProblemLoader Environment load took 581.11ns 
84230      INFO  main            d.u.i.k.p.i.AbstractProblemLoader Creating init config 
87565      DEBUG main            d.u.i.k.p.i.AbstractProblemLoader Init config took 3.33s 
87628      INFO  main            d.u.i.k.p.i.AbstractProblemLoader Replaying proof ExampleSubject[ExampleSubject::ExampleSubject()].JML normal_behavior operation contract.0 
87879      DEBUG main            d.u.i.k.p.i.IntermediateProofReplayer Proof replay took 241.69ms 
87881      DEBUG main            d.u.i.k.p.r.p.TestFile    ... success: reloaded. 
87883      INFO  main            d.u.i.k.p.r.p.TestFile    Now processing file /home/runner/work/key/key/key.core/../key.ui/examples/heap/observer/ExampleSubject_footprint.key 
87883      INFO  main            d.u.i.k.p.i.AbstractProblemLoader Loading environment from /home/runner/work/key/key/key.core/../key.ui/examples/heap/observer/ExampleSubject_footprint.key 
87883      DEBUG main            d.u.i.k.p.i.AbstractProblemLoader Environment load took 332.81ns 
87885      INFO  main            d.u.i.k.p.i.AbstractProblemLoader Creating init config 
91364      DEBUG main            d.u.i.k.p.i.AbstractProblemLoader Init config took 3.48s 
91424      INFO  main            d.u.i.k.p.i.AbstractProblemLoader Replaying proof ExampleSubject[Subject::$footprint()].JML accessible clause.0 
91433      DEBUG main            d.u.i.k.p.i.IntermediateProofReplayer Proof replay took 8.2ns 
91636      INFO  main            d.u.i.k.p.r.p.TestFile    ... finished proof: closed. 
91960      INFO  main            d.u.i.k.p.i.AbstractProblemLoader Loading environment from /home/runner/work/key/key/key.core/../key.ui/examples/heap/observer/ExampleSubject_footprint.key.proof 
91960      DEBUG main            d.u.i.k.p.i.AbstractProblemLoader Environment load took 662.11ns 
91962      INFO  main            d.u.i.k.p.i.AbstractProblemLoader Creating init config 
95357      DEBUG main            d.u.i.k.p.i.AbstractProblemLoader Init config took 3.4s 
95437      INFO  main            d.u.i.k.p.i.AbstractProblemLoader Replaying proof ExampleSubject[Subject::$footprint()].JML accessible clause.0 
95463      DEBUG main            d.u.i.k.p.i.IntermediateProofReplayer Proof replay took 23.39ms 
95465      DEBUG main            d.u.i.k.p.r.p.TestFile    ... success: reloaded. 
95467      INFO  main            d.u.i.k.p.r.p.TestFile    Now processing file /home/runner/work/key/key/key.core/../key.ui/examples/heap/observer/ExampleSubject_inv.key 
95467      INFO  main            d.u.i.k.p.i.AbstractProblemLoader Loading environment from /home/runner/work/key/key/key.core/../key.ui/examples/heap/observer/ExampleSubject_inv.key 
95467      DEBUG main            d.u.i.k.p.i.AbstractProblemLoader Environment load took 249.3ns 
95469      INFO  main            d.u.i.k.p.i.AbstractProblemLoader Creating init config 
98790      DEBUG main            d.u.i.k.p.i.AbstractProblemLoader Init config took 3.32s 
98844      INFO  main            d.u.i.k.p.i.AbstractProblemLoader Replaying proof ExampleSubject[java.lang.Object::<inv>()].JML accessible clause.0 
98847      DEBUG main            d.u.i.k.p.i.IntermediateProofReplayer Proof replay took 7.1ns 
100255     INFO  main            d.u.i.k.p.r.p.TestFile    ... finished proof: closed. 
100561     INFO  main            d.u.i.k.p.i.AbstractProblemLoader Loading environment from /home/runner/work/key/key/key.core/../key.ui/examples/heap/observer/ExampleSubject_inv.key.proof 
100561     DEBUG main            d.u.i.k.p.i.AbstractProblemLoader Environment load took 338.01ns 
100563     INFO  main            d.u.i.k.p.i.AbstractProblemLoader Creating init config 
103972     DEBUG main            d.u.i.k.p.i.AbstractProblemLoader Init config took 3.41s 
104033     INFO  main            d.u.i.k.p.i.AbstractProblemLoader Replaying proof ExampleSubject[java.lang.Object::<inv>()].JML accessible clause.0 
104201     DEBUG main            d.u.i.k.p.i.IntermediateProofReplayer Proof replay took 159.51ms 
104203     DEBUG main            d.u.i.k.p.r.p.TestFile    ... success: reloaded. 
104204     INFO  main            d.u.i.k.p.r.p.TestFile    Now processing file /home/runner/work/key/key/key.core/../key.ui/examples/heap/observer/ExampleSubject_notifyObservers.key 
104205     INFO  main            d.u.i.k.p.i.AbstractProblemLoader Loading environment from /home/runner/work/key/key/key.core/../key.ui/examples/heap/observer/ExampleSubject_notifyObservers.key 
104205     DEBUG main            d.u.i.k.p.i.AbstractProblemLoader Environment load took 245.1ns 
104206     INFO  main            d.u.i.k.p.i.AbstractProblemLoader Creating init config 
107521     DEBUG main            d.u.i.k.p.i.AbstractProblemLoader Init config took 3.31s 
107574     INFO  main            d.u.i.k.p.i.AbstractProblemLoader Replaying proof Subject[Subject::notifyObservers()].JML normal_behavior operation contract.0 
107576     DEBUG main            d.u.i.k.p.i.IntermediateProofReplayer Proof replay took 8.3ns 
107678     INFO  main            d.u.i.k.p.r.p.TestFile    ... finished proof: closed. 
107931     INFO  main            d.u.i.k.p.i.AbstractProblemLoader Loading environment from /home/runner/work/key/key/key.core/../key.ui/examples/heap/observer/ExampleSubject_notifyObservers.key.proof 
107931     DEBUG main            d.u.i.k.p.i.AbstractProblemLoader Environment load took 134.7ns 
107932     INFO  main            d.u.i.k.p.i.AbstractProblemLoader Creating init config 
111316     DEBUG main            d.u.i.k.p.i.AbstractProblemLoader Init config took 3.38s 
111370     INFO  main            d.u.i.k.p.i.AbstractProblemLoader Replaying proof Subject[Subject::notifyObservers()].JML normal_behavior operation contract.0 
111376     DEBUG main            d.u.i.k.p.i.IntermediateProofReplayer Proof replay took 3.65ms 
111377     DEBUG main            d.u.i.k.p.r.p.TestFile    ... success: reloaded. 
111378     INFO  main            d.u.i.k.p.r.p.TestFile    Now processing file /home/runner/work/key/key/key.core/../key.ui/examples/heap/observer/ExampleSubject_value_dep.key 
111379     INFO  main            d.u.i.k.p.i.AbstractProblemLoader Loading environment from /home/runner/work/key/key/key.core/../key.ui/examples/heap/observer/ExampleSubject_value_dep.key 
111379     DEBUG main            d.u.i.k.p.i.AbstractProblemLoader Environment load took 131.1ns 
111380     INFO  main            d.u.i.k.p.i.AbstractProblemLoader Creating init config 
114837     DEBUG main            d.u.i.k.p.i.AbstractProblemLoader Init config took 3.46s 
114888     INFO  main            d.u.i.k.p.i.AbstractProblemLoader Replaying proof ExampleSubject[ExampleSubject::value()].JML accessible clause.0 
114890     DEBUG main            d.u.i.k.p.i.IntermediateProofReplayer Proof replay took 7.6ns 
114996     INFO  main            d.u.i.k.p.r.p.TestFile    ... finished proof: closed. 
115263     INFO  main            d.u.i.k.p.i.AbstractProblemLoader Loading environment from /home/runner/work/key/key/key.core/../key.ui/examples/heap/observer/ExampleSubject_value_dep.key.proof 
115264     DEBUG main            d.u.i.k.p.i.AbstractProblemLoader Environment load took 129.5ns 
115265     INFO  main            d.u.i.k.p.i.AbstractProblemLoader Creating init config 
118633     DEBUG main            d.u.i.k.p.i.AbstractProblemLoader Init config took 3.37s 
118688     INFO  main            d.u.i.k.p.i.AbstractProblemLoader Replaying proof ExampleSubject[ExampleSubject::value()].JML accessible clause.0 
118721     DEBUG main            d.u.i.k.p.i.IntermediateProofReplayer Proof replay took 28.78ms 
118722     DEBUG main            d.u.i.k.p.r.p.TestFile    ... success: reloaded. 
118724     INFO  main            d.u.i.k.p.r.p.TestFile    Now processing file /home/runner/work/key/key/key.core/../key.ui/examples/heap/observer/ExampleSubject_value.key 
118725     INFO  main            d.u.i.k.p.i.AbstractProblemLoader Loading environment from /home/runner/work/key/key/key.core/../key.ui/examples/heap/observer/ExampleSubject_value.key 
118725     DEBUG main            d.u.i.k.p.i.AbstractProblemLoader Environment load took 131.6ns 
118726     INFO  main            d.u.i.k.p.i.AbstractProblemLoader Creating init config 
122204     DEBUG main            d.u.i.k.p.i.AbstractProblemLoader Init config took 3.48s 
122278     INFO  main            d.u.i.k.p.i.AbstractProblemLoader Replaying proof ExampleSubject[ExampleSubject::value()].JML normal_behavior operation contract.0 
122280     DEBUG main            d.u.i.k.p.i.IntermediateProofReplayer Proof replay took 7.9ns 
122382     INFO  main            d.u.i.k.p.r.p.TestFile    ... finished proof: closed. 
122667     INFO  main            d.u.i.k.p.i.AbstractProblemLoader Loading environment from /home/runner/work/key/key/key.core/../key.ui/examples/heap/observer/ExampleSubject_value.key.proof 
122667     DEBUG main            d.u.i.k.p.i.AbstractProblemLoader Environment load took 121ns 
122668     INFO  main            d.u.i.k.p.i.AbstractProblemLoader Creating init config 
125985     DEBUG main            d.u.i.k.p.i.AbstractProblemLoader Init config took 3.32s 
126058     INFO  main            d.u.i.k.p.i.AbstractProblemLoader Replaying proof ExampleSubject[ExampleSubject::value()].JML normal_behavior operation contract.0 
126081     DEBUG main            d.u.i.k.p.i.IntermediateProofReplayer Proof replay took 17.05ms 
126083     DEBUG main            d.u.i.k.p.r.p.TestFile    ... success: reloaded. 
1962590    INFO  Test worker     d.u.i.k.p.r.RunAllProofsTestUnit Returning from test observer 
1962592    INFO  Test worker     d.u.i.k.p.r.RunAllProofsTestUnit Running test removeDups 
448        INFO  Timeout watchdog d.u.i.k.p.r.p.ForkedTestFileRunner Timeout watcher launched (2000 secs.) 
471        WARN  main            d.u.i.k.s.ProofSettings   The settings in /home/runner/.key/proof-settings.props are *not* read. 
543        INFO  main            d.u.i.k.p.r.p.TestFile    Now processing file /home/runner/work/key/key/key.core/../key.ui/examples/heap/removeDups/arrayPart.key 
725        INFO  main            d.u.i.k.p.i.AbstractProblemLoader Loading environment from /home/runner/work/key/key/key.core/../key.ui/examples/heap/removeDups/arrayPart.key 
746        DEBUG main            d.u.i.k.p.i.AbstractProblemLoader Environment load took 2.73ms 
1074       INFO  main            d.u.i.k.p.i.AbstractProblemLoader Creating init config 
2278       DEBUG main            d.u.i.k.j.TypeConverter   No LDT found for Meta 
2279       DEBUG main            d.u.i.k.j.TypeConverter   No LDT found for Meta 
2281       DEBUG main            d.u.i.k.j.TypeConverter   No LDT found for Meta 
2281       DEBUG main            d.u.i.k.j.TypeConverter   No LDT found for Meta 
4002       DEBUG main            d.u.i.k.j.TypeConverter   No LDT found for JavaBigintExpression 
10586      DEBUG main            d.u.i.k.p.i.AbstractProblemLoader Init config took 9.51s 
10828      INFO  main            d.u.i.k.p.i.AbstractProblemLoader Replaying proof RemoveDup[RemoveDup::arrayPart([I,int)].JML normal_behavior operation contract.0 
10880      DEBUG main            d.u.i.k.p.i.IntermediateProofReplayer Proof replay took 38.5ns 
14421      INFO  main            d.u.i.k.p.r.p.TestFile    ... finished proof: closed. 
14679      INFO  main            d.u.i.k.p.i.AbstractProblemLoader Loading environment from /home/runner/work/key/key/key.core/../key.ui/examples/heap/removeDups/arrayPart.key.proof 
14682      DEBUG main            d.u.i.k.p.i.AbstractProblemLoader Environment load took 2.81ms 
14686      INFO  main            d.u.i.k.p.i.AbstractProblemLoader Creating init config 
18391      DEBUG main            d.u.i.k.p.i.AbstractProblemLoader Init config took 3.71s 
18484      INFO  main            d.u.i.k.p.i.AbstractProblemLoader Replaying proof RemoveDup[RemoveDup::arrayPart([I,int)].JML normal_behavior operation contract.0 
19032      DEBUG main            d.u.i.k.p.i.IntermediateProofReplayer Proof replay took 520.14ms 
19041      DEBUG main            d.u.i.k.p.r.p.TestFile    ... success: reloaded. 
19044      INFO  main            d.u.i.k.p.r.p.TestFile    Now processing file /home/runner/work/key/key/key.core/../key.ui/examples/heap/removeDups/contains.key 
19045      INFO  main            d.u.i.k.p.i.AbstractProblemLoader Loading environment from /home/runner/work/key/key/key.core/../key.ui/examples/heap/removeDups/contains.key 
19045      DEBUG main            d.u.i.k.p.i.AbstractProblemLoader Environment load took 270.9ns 
19049      INFO  main            d.u.i.k.p.i.AbstractProblemLoader Creating init config 
22654      DEBUG main            d.u.i.k.p.i.AbstractProblemLoader Init config took 3.61s 
22743      INFO  main            d.u.i.k.p.i.AbstractProblemLoader Replaying proof RemoveDup[RemoveDup::contains([I,int,int)].JML normal_behavior operation contract.0 
22745      DEBUG main            d.u.i.k.p.i.IntermediateProofReplayer Proof replay took 7.3ns 
23451      INFO  main            d.u.i.k.p.r.p.TestFile    ... finished proof: closed. 
23658      INFO  main            d.u.i.k.p.i.AbstractProblemLoader Loading environment from /home/runner/work/key/key/key.core/../key.ui/examples/heap/removeDups/contains.key.proof 
23659      DEBUG main            d.u.i.k.p.i.AbstractProblemLoader Environment load took 789.61ns 
23661      INFO  main            d.u.i.k.p.i.AbstractProblemLoader Creating init config 
27139      DEBUG main            d.u.i.k.p.i.AbstractProblemLoader Init config took 3.48s 
27200      INFO  main            d.u.i.k.p.i.AbstractProblemLoader Replaying proof RemoveDup[RemoveDup::contains([I,int,int)].JML normal_behavior operation contract.0 
27380      DEBUG main            d.u.i.k.p.i.IntermediateProofReplayer Proof replay took 173.52ms 
27381      DEBUG main            d.u.i.k.p.r.p.TestFile    ... success: reloaded. 
27384      INFO  main            d.u.i.k.p.r.p.TestFile    Now processing file /home/runner/work/key/key/key.core/../key.ui/examples/heap/removeDups/removeDup.key 
27385      INFO  main            d.u.i.k.p.i.AbstractProblemLoader Loading environment from /home/runner/work/key/key/key.core/../key.ui/examples/heap/removeDups/removeDup.key 
27385      DEBUG main            d.u.i.k.p.i.AbstractProblemLoader Environment load took 286.81ns 
27388      INFO  main            d.u.i.k.p.i.AbstractProblemLoader Creating init config 
30894      DEBUG main            d.u.i.k.p.i.AbstractProblemLoader Init config took 3.51s 
30953      INFO  main            d.u.i.k.p.i.AbstractProblemLoader Replaying proof RemoveDup[RemoveDup::removeDup([I)].JML normal_behavior operation contract.0 
30956      DEBUG main            d.u.i.k.p.i.IntermediateProofReplayer Proof replay took 7.4ns 
37049      DEBUG Thread-7        d.u.i.k.j.d.VariableSpecification Program match. Variables have different dimension (template #v0 = #vi;, source a#11[] = var;) 
64545      INFO  main            d.u.i.k.p.r.p.TestFile    ... finished proof: closed. 
64927      INFO  main            d.u.i.k.p.i.AbstractProblemLoader Loading environment from /home/runner/work/key/key/key.core/../key.ui/examples/heap/removeDups/removeDup.key.proof 
64927      DEBUG main            d.u.i.k.p.i.AbstractProblemLoader Environment load took 324.5ns 
64933      INFO  main            d.u.i.k.p.i.AbstractProblemLoader Creating init config 
68413      DEBUG main            d.u.i.k.p.i.AbstractProblemLoader Init config took 3.48s 
68469      INFO  main            d.u.i.k.p.i.AbstractProblemLoader Replaying proof RemoveDup[RemoveDup::removeDup([I)].JML normal_behavior operation contract.0 
71027      DEBUG main            d.u.i.k.p.i.IntermediateProofReplayer Proof replay took 2.48s 
71032      DEBUG main            d.u.i.k.p.r.p.TestFile    ... success: reloaded. 
71033      INFO  main            d.u.i.k.p.r.p.TestFile    Now processing file /home/runner/work/key/key/key.core/../key.ui/examples/heap/saddleback_search/Saddleback_search.key 
71034      INFO  main            d.u.i.k.p.i.AbstractProblemLoader Loading environment from /home/runner/work/key/key/key.core/../key.ui/examples/heap/saddleback_search/Saddleback_search.key 
71034      DEBUG main            d.u.i.k.p.i.AbstractProblemLoader Environment load took 375.11ns 
71036      INFO  main            d.u.i.k.p.i.AbstractProblemLoader Creating init config 
74548      DEBUG main            d.u.i.k.p.i.AbstractProblemLoader Init config took 3.51s 
74598      INFO  main            d.u.i.k.p.i.AbstractProblemLoader Replaying proof Saddleback[Saddleback::search([[I,int)].JML normal_behavior operation contract.0 
74609      DEBUG main            d.u.i.k.p.i.IntermediateProofReplayer Proof replay took 5.9ns 
178711     INFO  main            d.u.i.k.p.r.p.TestFile    ... finished proof: closed. 
179244     INFO  main            d.u.i.k.p.i.AbstractProblemLoader Loading environment from /home/runner/work/key/key/key.core/../key.ui/examples/heap/saddleback_search/Saddleback_search.key.proof 
179244     DEBUG main            d.u.i.k.p.i.AbstractProblemLoader Environment load took 283.5ns 
179259     INFO  main            d.u.i.k.p.i.AbstractProblemLoader Creating init config 
182487     DEBUG main            d.u.i.k.p.i.AbstractProblemLoader Init config took 3.23s 
182535     INFO  main            d.u.i.k.p.i.AbstractProblemLoader Replaying proof Saddleback[Saddleback::search([[I,int)].JML normal_behavior operation contract.0 
186238     DEBUG main            d.u.i.k.p.i.IntermediateProofReplayer Proof replay took 3.5s 
186307     DEBUG main            d.u.i.k.p.r.p.TestFile    ... success: reloaded. 
2150084    INFO  Test worker     d.u.i.k.p.r.RunAllProofsTestUnit Returning from test removeDups 
2150086    INFO  Test worker     d.u.i.k.p.r.RunAllProofsTestUnit Running test quicksort 
427        INFO  Timeout watchdog d.u.i.k.p.r.p.ForkedTestFileRunner Timeout watcher launched (2000 secs.) 
449        WARN  main            d.u.i.k.s.ProofSettings   The settings in /home/runner/.key/proof-settings.props are *not* read. 
495        INFO  main            d.u.i.k.p.r.p.TestFile    Now processing file /home/runner/work/key/key/key.core/../key.ui/examples/heap/quicksort/toplevel.key 
679        INFO  main            d.u.i.k.p.i.AbstractProblemLoader Loading environment from /home/runner/work/key/key/key.core/../key.ui/examples/heap/quicksort/toplevel.key 
700        DEBUG main            d.u.i.k.p.i.AbstractProblemLoader Environment load took 2.64ms 
1001       INFO  main            d.u.i.k.p.i.AbstractProblemLoader Creating init config 
2383       DEBUG main            d.u.i.k.j.TypeConverter   No LDT found for Meta 
2384       DEBUG main            d.u.i.k.j.TypeConverter   No LDT found for Meta 
2388       DEBUG main            d.u.i.k.j.TypeConverter   No LDT found for Meta 
2388       DEBUG main            d.u.i.k.j.TypeConverter   No LDT found for Meta 
4542       DEBUG main            d.u.i.k.j.TypeConverter   No LDT found for JavaBigintExpression 
11010      DEBUG main            d.u.i.k.p.i.AbstractProblemLoader Init config took 10.01s 
11210      INFO  main            d.u.i.k.p.i.AbstractProblemLoader Replaying proof Quicksort[Quicksort::sort([I)].JML normal_behavior operation contract.0 
11260      DEBUG main            d.u.i.k.p.i.IntermediateProofReplayer Proof replay took 38.1ns 
12807      INFO  main            d.u.i.k.p.r.p.TestFile    ... finished proof: closed. 
12999      INFO  main            d.u.i.k.p.i.AbstractProblemLoader Loading environment from /home/runner/work/key/key/key.core/../key.ui/examples/heap/quicksort/toplevel.key.proof 
13004      DEBUG main            d.u.i.k.p.i.AbstractProblemLoader Environment load took 4.57ms 
13010      INFO  main            d.u.i.k.p.i.AbstractProblemLoader Creating init config 
16740      DEBUG main            d.u.i.k.p.i.AbstractProblemLoader Init config took 3.73s 
16864      INFO  main            d.u.i.k.p.i.AbstractProblemLoader Replaying proof Quicksort[Quicksort::sort([I)].JML normal_behavior operation contract.0 
17198      DEBUG main            d.u.i.k.p.i.IntermediateProofReplayer Proof replay took 312.04ms 
17208      DEBUG main            d.u.i.k.p.r.p.TestFile    ... success: reloaded. 
17213      INFO  main            d.u.i.k.p.r.p.TestFile    Now processing file /home/runner/work/key/key/key.core/../key.ui/examples/heap/quicksort/sort.key 
17214      INFO  main            d.u.i.k.p.i.AbstractProblemLoader Loading environment from /home/runner/work/key/key/key.core/../key.ui/examples/heap/quicksort/sort.key 
17214      DEBUG main            d.u.i.k.p.i.AbstractProblemLoader Environment load took 384.31ns 
17219      INFO  main            d.u.i.k.p.i.AbstractProblemLoader Creating init config 
20731      DEBUG main            d.u.i.k.p.i.AbstractProblemLoader Init config took 3.51s 
20805      INFO  main            d.u.i.k.p.i.AbstractProblemLoader Replaying proof Quicksort[Quicksort::sort([I,int,int)].JML normal_behavior operation contract.0 
20809      DEBUG main            d.u.i.k.p.i.IntermediateProofReplayer Proof replay took 6.9ns 
20843      DEBUG main            d.u.i.k.m.s.ProofScriptEngine 1: 'script 'sort.script'' 
20847      INFO  main            d.u.i.k.m.s.ProofScriptCommand Included script /home/runner/work/key/key/key.core/../key.ui/examples/heap/quicksort/sort.script 
20848      DEBUG main            d.u.i.k.m.s.ProofScriptEngine 1: 'macro autopilot-prep' 
22339      DEBUG main            d.u.i.k.m.s.ProofScriptEngine 2: 'select formula="{heapAtPre:=heap || exc:=null || heap:=heapAfter_sort_0}
   seq ...' 
22344      DEBUG main            d.u.i.k.m.s.ProofScriptEngine 3: 'macro simp-upd' 
22361      DEBUG main            d.u.i.k.m.s.ProofScriptEngine 4: 'let   @seqPre="seqDef{int u;}(0, array.length, array[u])"
    @seqSplit="seqDef ...' 
22366      DEBUG main            d.u.i.k.m.s.ProofScriptEngine 5: 'rule seqPermSym 
  formula="seqPerm(@seqSplit, @seqPre)"' 
22387      DEBUG main            d.u.i.k.m.s.ProofScriptEngine 6: 'rule seqPermSym
  formula="seqPerm(@seqSort, @seqSplit)"' 
22390      DEBUG main            d.u.i.k.m.s.ProofScriptEngine 7: 'rule seqPermSym
  formula="seqPerm(@seqSort0, @seqSort)"' 
22392      DEBUG main            d.u.i.k.m.s.ProofScriptEngine 8: 'rule seqPermTrans
  formula="seqPerm(@seqPre, @seqSplit)"' 
22393      DEBUG main            d.u.i.k.m.s.ProofScriptEngine 9: 'rule seqPermTrans
  formula="seqPerm(@seqPre, @seqSort)"' 
22395      DEBUG main            d.u.i.k.m.s.ProofScriptEngine 10: 'rule seqPermSym
  formula="seqPerm(@seqPre, @seqSort0)"' 
22396      DEBUG main            d.u.i.k.m.s.ProofScriptEngine 11: 'tryclose' 
56013      INFO  main            d.u.i.k.p.r.p.TestFile    ... finished proof: closed. 
56418      INFO  main            d.u.i.k.p.i.AbstractProblemLoader Loading environment from /home/runner/work/key/key/key.core/../key.ui/examples/heap/quicksort/sort.key.proof 
56419      DEBUG main            d.u.i.k.p.i.AbstractProblemLoader Environment load took 529.91ns 
56426      INFO  main            d.u.i.k.p.i.AbstractProblemLoader Creating init config 
59821      DEBUG main            d.u.i.k.p.i.AbstractProblemLoader Init config took 3.39s 
59903      INFO  main            d.u.i.k.p.i.AbstractProblemLoader Replaying proof Quicksort[Quicksort::sort([I,int,int)].JML normal_behavior operation contract.0 
62711      DEBUG main            d.u.i.k.p.i.IntermediateProofReplayer Proof replay took 2.62s 
62772      DEBUG main            d.u.i.k.p.r.p.TestFile    ... success: reloaded. 
62776      INFO  main            d.u.i.k.p.r.p.TestFile    Now processing file /home/runner/work/key/key/key.core/../key.ui/examples/heap/quicksort/split.key 
62784      INFO  main            d.u.i.k.p.i.AbstractProblemLoader Loading environment from /home/runner/work/key/key/key.core/../key.ui/examples/heap/quicksort/split.key 
62784      DEBUG main            d.u.i.k.p.i.AbstractProblemLoader Environment load took 188.9ns 
62786      INFO  main            d.u.i.k.p.i.AbstractProblemLoader Creating init config 
66420      DEBUG main            d.u.i.k.p.i.AbstractProblemLoader Init config took 3.63s 
66479      INFO  main            d.u.i.k.p.i.AbstractProblemLoader Replaying proof Quicksort[Quicksort::split([I,int,int)].JML normal_behavior operation contract.0 
66483      DEBUG main            d.u.i.k.p.i.IntermediateProofReplayer Proof replay took 6.5ns 
66484      DEBUG main            d.u.i.k.m.s.ProofScriptEngine 1: 'macro autopilot-prep' 
68000      DEBUG main            d.u.i.k.m.s.ProofScriptEngine 2: 'tryclose' 
117002     DEBUG main            d.u.i.k.m.s.ProofScriptEngine 3: 'macro simp-upd' 
117120     DEBUG main            d.u.i.k.m.s.ProofScriptEngine 4: 'rule seqPermFromSwap' 
117141     DEBUG main            d.u.i.k.m.s.ProofScriptEngine 5: 'rule andRight' 
117143     DEBUG main            d.u.i.k.m.s.ProofScriptEngine 6: 'auto' 
117173     DEBUG main            d.u.i.k.m.s.ProofScriptEngine 7: 'instantiate hide var=iv with=i_0' 
117178     DEBUG main            d.u.i.k.m.s.ProofScriptEngine 8: 'instantiate hide var=jv with=j_0' 
117180     DEBUG main            d.u.i.k.m.s.ProofScriptEngine 9: 'auto' 
125679     DEBUG main            d.u.i.k.m.s.ProofScriptEngine 10: 'macro simp-upd' 
125787     DEBUG main            d.u.i.k.m.s.ProofScriptEngine 11: 'rule seqPermFromSwap' 
125792     DEBUG main            d.u.i.k.m.s.ProofScriptEngine 12: 'rule andRight' 
125793     DEBUG main            d.u.i.k.m.s.ProofScriptEngine 13: 'auto' 
125812     DEBUG main            d.u.i.k.m.s.ProofScriptEngine 14: 'instantiate hide var=iv with=i_0' 
125816     DEBUG main            d.u.i.k.m.s.ProofScriptEngine 15: 'instantiate hide var=jv with=to' 
125818     DEBUG main            d.u.i.k.m.s.ProofScriptEngine 16: 'auto' 
132631     INFO  main            d.u.i.k.p.r.p.TestFile    ... finished proof: closed. 
133175     INFO  main            d.u.i.k.p.i.AbstractProblemLoader Loading environment from /home/runner/work/key/key/key.core/../key.ui/examples/heap/quicksort/split.key.proof 
133176     DEBUG main            d.u.i.k.p.i.AbstractProblemLoader Environment load took 532.71ns 
133188     INFO  main            d.u.i.k.p.i.AbstractProblemLoader Creating init config 
136443     DEBUG main            d.u.i.k.p.i.AbstractProblemLoader Init config took 3.26s 
136503     INFO  main            d.u.i.k.p.i.AbstractProblemLoader Replaying proof Quicksort[Quicksort::split([I,int,int)].JML normal_behavior operation contract.0 
141630     DEBUG main            d.u.i.k.p.i.IntermediateProofReplayer Proof replay took 4.87s 
141642     DEBUG main            d.u.i.k.p.r.p.TestFile    ... success: reloaded. 
2292806    INFO  Test worker     d.u.i.k.p.r.RunAllProofsTestUnit Returning from test quicksort 
2292809    INFO  Test worker     d.u.i.k.p.r.RunAllProofsTestUnit Running test simpleTests 
507        INFO  Timeout watchdog d.u.i.k.p.r.p.ForkedTestFileRunner Timeout watcher launched (2000 secs.) 
520        WARN  main            d.u.i.k.s.ProofSettings   The settings in /home/runner/.key/proof-settings.props are *not* read. 
583        INFO  main            d.u.i.k.p.r.p.TestFile    Now processing file /home/runner/work/key/key/key.core/../key.ui/examples/heap/simple/anonymise_datagroup.key 
747        INFO  main            d.u.i.k.p.i.AbstractProblemLoader Loading environment from /home/runner/work/key/key/key.core/../key.ui/examples/heap/simple/anonymise_datagroup.key 
770        DEBUG main            d.u.i.k.p.i.AbstractProblemLoader Environment load took 2.76ms 
1106       INFO  main            d.u.i.k.p.i.AbstractProblemLoader Creating init config 
2425       DEBUG main            d.u.i.k.j.TypeConverter   No LDT found for Meta 
2426       DEBUG main            d.u.i.k.j.TypeConverter   No LDT found for Meta 
2430       DEBUG main            d.u.i.k.j.TypeConverter   No LDT found for Meta 
2431       DEBUG main            d.u.i.k.j.TypeConverter   No LDT found for Meta 
3986       DEBUG main            d.u.i.k.j.TypeConverter   No LDT found for JavaBigintExpression 
10357      DEBUG main            d.u.i.k.p.i.AbstractProblemLoader Init config took 9.25s 
10439      INFO  main            d.u.i.k.p.i.AbstractProblemLoader Replaying proof anonymise_datagroup.key 
10483      DEBUG main            d.u.i.k.p.i.IntermediateProofReplayer Proof replay took 37.1ns 
10760      INFO  main            d.u.i.k.p.r.p.TestFile    ... finished proof: closed. 
10883      INFO  main            d.u.i.k.p.i.AbstractProblemLoader Loading environment from /home/runner/work/key/key/key.core/../key.ui/examples/heap/simple/anonymise_datagroup.key.proof 
10885      DEBUG main            d.u.i.k.p.i.AbstractProblemLoader Environment load took 2.37ms 
10892      INFO  main            d.u.i.k.p.i.AbstractProblemLoader Creating init config 
14527      DEBUG main            d.u.i.k.p.i.AbstractProblemLoader Init config took 3.64s 
14593      INFO  main            d.u.i.k.p.i.AbstractProblemLoader Replaying proof anonymise_datagroup.key.proof 
14631      DEBUG main            d.u.i.k.p.i.IntermediateProofReplayer Proof replay took 28ms 
14655      DEBUG main            d.u.i.k.p.r.p.TestFile    ... success: reloaded. 
14658      INFO  main            d.u.i.k.p.r.p.TestFile    Now processing file /home/runner/work/key/key/key.core/../key.ui/examples/heap/simple/array_creation.key 
14659      INFO  main            d.u.i.k.p.i.AbstractProblemLoader Loading environment from /home/runner/work/key/key/key.core/../key.ui/examples/heap/simple/array_creation.key 
14659      DEBUG main            d.u.i.k.p.i.AbstractProblemLoader Environment load took 131.6ns 
14665      INFO  main            d.u.i.k.p.i.AbstractProblemLoader Creating init config 
18164      DEBUG main            d.u.i.k.p.i.AbstractProblemLoader Init config took 3.5s 
18211      INFO  main            d.u.i.k.p.i.AbstractProblemLoader Replaying proof array_creation.key 
18215      DEBUG main            d.u.i.k.p.i.IntermediateProofReplayer Proof replay took 7.9ns 
19030      INFO  main            d.u.i.k.p.r.p.TestFile    ... finished proof: closed. 
19222      INFO  main            d.u.i.k.p.i.AbstractProblemLoader Loading environment from /home/runner/work/key/key/key.core/../key.ui/examples/heap/simple/array_creation.key.proof 
19226      DEBUG main            d.u.i.k.p.i.AbstractProblemLoader Environment load took 3.6ms 
19230      INFO  main            d.u.i.k.p.i.AbstractProblemLoader Creating init config 
22675      DEBUG main            d.u.i.k.p.i.AbstractProblemLoader Init config took 3.45s 
22721      INFO  main            d.u.i.k.p.i.AbstractProblemLoader Replaying proof array_creation.key.proof 
22951      DEBUG main            d.u.i.k.p.i.IntermediateProofReplayer Proof replay took 216.8ms 
22953      DEBUG main            d.u.i.k.p.r.p.TestFile    ... success: reloaded. 
22955      INFO  main            d.u.i.k.p.r.p.TestFile    Now processing file /home/runner/work/key/key/key.core/../key.ui/examples/heap/simple/arrays_with_disjoint_sorts.key 
22955      INFO  main            d.u.i.k.p.i.AbstractProblemLoader Loading environment from /home/runner/work/key/key/key.core/../key.ui/examples/heap/simple/arrays_with_disjoint_sorts.key 
22956      DEBUG main            d.u.i.k.p.i.AbstractProblemLoader Environment load took 169.8ns 
22958      INFO  main            d.u.i.k.p.i.AbstractProblemLoader Creating init config 
26338      DEBUG main            d.u.i.k.p.i.AbstractProblemLoader Init config took 3.38s 
26373      INFO  main            d.u.i.k.p.i.AbstractProblemLoader Replaying proof arrays_with_disjoint_sorts.key 
26379      DEBUG main            d.u.i.k.p.i.IntermediateProofReplayer Proof replay took 8ns 
26594      INFO  main            d.u.i.k.p.r.p.TestFile    ... finished proof: closed. 
26788      INFO  main            d.u.i.k.p.i.AbstractProblemLoader Loading environment from /home/runner/work/key/key/key.core/../key.ui/examples/heap/simple/arrays_with_disjoint_sorts.key.proof 
26789      DEBUG main            d.u.i.k.p.i.AbstractProblemLoader Environment load took 597.41ns 
26791      INFO  main            d.u.i.k.p.i.AbstractProblemLoader Creating init config 
30097      DEBUG main            d.u.i.k.p.i.AbstractProblemLoader Init config took 3.31s 
30127      INFO  main            d.u.i.k.p.i.AbstractProblemLoader Replaying proof arrays_with_disjoint_sorts.key.proof 
30164      DEBUG main            d.u.i.k.p.i.IntermediateProofReplayer Proof replay took 32.42ms 
30165      DEBUG main            d.u.i.k.p.r.p.TestFile    ... success: reloaded. 
30167      INFO  main            d.u.i.k.p.r.p.TestFile    Now processing file /home/runner/work/key/key/key.core/../key.ui/examples/heap/simple/arrays.key 
30167      INFO  main            d.u.i.k.p.i.AbstractProblemLoader Loading environment from /home/runner/work/key/key/key.core/../key.ui/examples/heap/simple/arrays.key 
30167      DEBUG main            d.u.i.k.p.i.AbstractProblemLoader Environment load took 272.91ns 
30169      INFO  main            d.u.i.k.p.i.AbstractProblemLoader Creating init config 
33463      DEBUG main            d.u.i.k.p.i.AbstractProblemLoader Init config took 3.29s 
33491      INFO  main            d.u.i.k.p.i.AbstractProblemLoader Replaying proof arrays.key 
33494      DEBUG main            d.u.i.k.p.i.IntermediateProofReplayer Proof replay took 6.7ns 
33698      INFO  main            d.u.i.k.p.r.p.TestFile    ... finished proof: closed. 
33887      INFO  main            d.u.i.k.p.i.AbstractProblemLoader Loading environment from /home/runner/work/key/key/key.core/../key.ui/examples/heap/simple/arrays.key.proof 
33887      DEBUG main            d.u.i.k.p.i.AbstractProblemLoader Environment load took 727.01ns 
33889      INFO  main            d.u.i.k.p.i.AbstractProblemLoader Creating init config 
37087      DEBUG main            d.u.i.k.p.i.AbstractProblemLoader Init config took 3.2s 
37116      INFO  main            d.u.i.k.p.i.AbstractProblemLoader Replaying proof arrays.key.proof 
37173      DEBUG main            d.u.i.k.p.i.IntermediateProofReplayer Proof replay took 52.72ms 
37174      DEBUG main            d.u.i.k.p.r.p.TestFile    ... success: reloaded. 
37175      INFO  main            d.u.i.k.p.r.p.TestFile    Now processing file /home/runner/work/key/key/key.core/../key.ui/examples/heap/simple/attributes.key 
37176      INFO  main            d.u.i.k.p.i.AbstractProblemLoader Loading environment from /home/runner/work/key/key/key.core/../key.ui/examples/heap/simple/attributes.key 
37176      DEBUG main            d.u.i.k.p.i.AbstractProblemLoader Environment load took 240.7ns 
37177      INFO  main            d.u.i.k.p.i.AbstractProblemLoader Creating init config 
40464      DEBUG main            d.u.i.k.p.i.AbstractProblemLoader Init config took 3.29s 
40489      INFO  main            d.u.i.k.p.i.AbstractProblemLoader Replaying proof attributes.key 
40492      DEBUG main            d.u.i.k.p.i.IntermediateProofReplayer Proof replay took 7.2ns 
40597      INFO  main            d.u.i.k.p.r.p.TestFile    ... finished proof: closed. 
40791      INFO  main            d.u.i.k.p.i.AbstractProblemLoader Loading environment from /home/runner/work/key/key/key.core/../key.ui/examples/heap/simple/attributes.key.proof 
40791      DEBUG main            d.u.i.k.p.i.AbstractProblemLoader Environment load took 178.1ns 
40792      INFO  main            d.u.i.k.p.i.AbstractProblemLoader Creating init config 
44155      DEBUG main            d.u.i.k.p.i.AbstractProblemLoader Init config took 3.36s 
44180      INFO  main            d.u.i.k.p.i.AbstractProblemLoader Replaying proof attributes.key.proof 
44184      DEBUG main            d.u.i.k.p.i.IntermediateProofReplayer Proof replay took 2.11ms 
44185      DEBUG main            d.u.i.k.p.r.p.TestFile    ... success: reloaded. 
44186      INFO  main            d.u.i.k.p.r.p.TestFile    Now processing file /home/runner/work/key/key/key.core/../key.ui/examples/heap/simple/constructor_contracts.key 
44186      INFO  main            d.u.i.k.p.i.AbstractProblemLoader Loading environment from /home/runner/work/key/key/key.core/../key.ui/examples/heap/simple/constructor_contracts.key 
44187      DEBUG main            d.u.i.k.p.i.AbstractProblemLoader Environment load took 139.2ns 
44189      INFO  main            d.u.i.k.p.i.AbstractProblemLoader Creating init config 
47917      DEBUG main            d.u.i.k.p.i.AbstractProblemLoader Init config took 3.73s 
47945      INFO  main            d.u.i.k.p.i.AbstractProblemLoader Replaying proof constructor_contracts.key 
47948      DEBUG main            d.u.i.k.p.i.IntermediateProofReplayer Proof replay took 8.3ns 
48762      INFO  main            d.u.i.k.p.r.p.TestFile    ... finished proof: closed. 
48976      INFO  main            d.u.i.k.p.i.AbstractProblemLoader Loading environment from /home/runner/work/key/key/key.core/../key.ui/examples/heap/simple/constructor_contracts.key.proof 
48976      DEBUG main            d.u.i.k.p.i.AbstractProblemLoader Environment load took 189.4ns 
48979      INFO  main            d.u.i.k.p.i.AbstractProblemLoader Creating init config 
52605      DEBUG main            d.u.i.k.p.i.AbstractProblemLoader Init config took 3.63s 
52632      INFO  main            d.u.i.k.p.i.AbstractProblemLoader Replaying proof constructor_contracts.key.proof 
52795      DEBUG main            d.u.i.k.p.i.IntermediateProofReplayer Proof replay took 157.32ms 
52797      DEBUG main            d.u.i.k.p.r.p.TestFile    ... success: reloaded. 
52799      INFO  main            d.u.i.k.p.r.p.TestFile    Now processing file /home/runner/work/key/key/key.core/../key.ui/examples/heap/simple/dependencies.key 
52800      INFO  main            d.u.i.k.p.i.AbstractProblemLoader Loading environment from /home/runner/work/key/key/key.core/../key.ui/examples/heap/simple/dependencies.key 
52800      DEBUG main            d.u.i.k.p.i.AbstractProblemLoader Environment load took 262.2ns 
52802      INFO  main            d.u.i.k.p.i.AbstractProblemLoader Creating init config 
56182      DEBUG main            d.u.i.k.p.i.AbstractProblemLoader Init config took 3.38s 
56205      INFO  main            d.u.i.k.p.i.AbstractProblemLoader Replaying proof dependencies.key 
56207      DEBUG main            d.u.i.k.p.i.IntermediateProofReplayer Proof replay took 7.2ns 
56313      INFO  main            d.u.i.k.p.r.p.TestFile    ... finished proof: closed. 
56555      INFO  main            d.u.i.k.p.i.AbstractProblemLoader Loading environment from /home/runner/work/key/key/key.core/../key.ui/examples/heap/simple/dependencies.key.proof 
56556      DEBUG main            d.u.i.k.p.i.AbstractProblemLoader Environment load took 1.54ms 
56560      INFO  main            d.u.i.k.p.i.AbstractProblemLoader Creating init config 
59680      DEBUG main            d.u.i.k.p.i.AbstractProblemLoader Init config took 3.12s 
59704      INFO  main            d.u.i.k.p.i.AbstractProblemLoader Replaying proof dependencies.key.proof 
59718      DEBUG main            d.u.i.k.p.i.IntermediateProofReplayer Proof replay took 11.94ms 
59720      DEBUG main            d.u.i.k.p.r.p.TestFile    ... success: reloaded. 
59721      INFO  main            d.u.i.k.p.r.p.TestFile    Now processing file /home/runner/work/key/key/key.core/../key.ui/examples/heap/simple/dependency_contracts.key 
59721      INFO  main            d.u.i.k.p.i.AbstractProblemLoader Loading environment from /home/runner/work/key/key/key.core/../key.ui/examples/heap/simple/dependency_contracts.key 
59721      DEBUG main            d.u.i.k.p.i.AbstractProblemLoader Environment load took 243.3ns 
59723      INFO  main            d.u.i.k.p.i.AbstractProblemLoader Creating init config 
63389      DEBUG main            d.u.i.k.p.i.AbstractProblemLoader Init config took 3.67s 
63414      INFO  main            d.u.i.k.p.i.AbstractProblemLoader Replaying proof dependency_contracts.key 
63416      DEBUG main            d.u.i.k.p.i.IntermediateProofReplayer Proof replay took 7ns 
65232      INFO  main            d.u.i.k.p.r.p.TestFile    ... finished proof: closed. 
65547      INFO  main            d.u.i.k.p.i.AbstractProblemLoader Loading environment from /home/runner/work/key/key/key.core/../key.ui/examples/heap/simple/dependency_contracts.key.proof 
65548      DEBUG main            d.u.i.k.p.i.AbstractProblemLoader Environment load took 525.81ns 
65551      INFO  main            d.u.i.k.p.i.AbstractProblemLoader Creating init config 
69054      DEBUG main            d.u.i.k.p.i.AbstractProblemLoader Init config took 3.5s 
69079      INFO  main            d.u.i.k.p.i.AbstractProblemLoader Replaying proof dependency_contracts.key.proof 
69346      DEBUG main            d.u.i.k.p.i.IntermediateProofReplayer Proof replay took 256.55ms 
69349      DEBUG main            d.u.i.k.p.r.p.TestFile    ... success: reloaded. 
69350      INFO  main            d.u.i.k.p.r.p.TestFile    Now processing file /home/runner/work/key/key/key.core/../key.ui/examples/heap/simple/invariant_preservation.key 
69351      INFO  main            d.u.i.k.p.i.AbstractProblemLoader Loading environment from /home/runner/work/key/key/key.core/../key.ui/examples/heap/simple/invariant_preservation.key 
69351      DEBUG main            d.u.i.k.p.i.AbstractProblemLoader Environment load took 364.21ns 
69353      INFO  main            d.u.i.k.p.i.AbstractProblemLoader Creating init config 
72883      DEBUG main            d.u.i.k.p.i.AbstractProblemLoader Init config took 3.53s 
72906      INFO  main            d.u.i.k.p.i.AbstractProblemLoader Replaying proof invariant_preservation.key 
72910      DEBUG main            d.u.i.k.p.i.IntermediateProofReplayer Proof replay took 8ns 
73114      INFO  main            d.u.i.k.p.r.p.TestFile    ... finished proof: closed. 
73380      INFO  main            d.u.i.k.p.i.AbstractProblemLoader Loading environment from /home/runner/work/key/key/key.core/../key.ui/examples/heap/simple/invariant_preservation.key.proof 
73382      DEBUG main            d.u.i.k.p.i.AbstractProblemLoader Environment load took 1.38ms 
73384      INFO  main            d.u.i.k.p.i.AbstractProblemLoader Creating init config 
76777      DEBUG main            d.u.i.k.p.i.AbstractProblemLoader Init config took 3.39s 
76799      INFO  main            d.u.i.k.p.i.AbstractProblemLoader Replaying proof invariant_preservation.key.proof 
76840      DEBUG main            d.u.i.k.p.i.IntermediateProofReplayer Proof replay took 38.12ms 
76858      DEBUG main            d.u.i.k.p.r.p.TestFile    ... success: reloaded. 
76860      INFO  main            d.u.i.k.p.r.p.TestFile    Now processing file /home/runner/work/key/key/key.core/../key.ui/examples/heap/simple/locsets.key 
76860      INFO  main            d.u.i.k.p.i.AbstractProblemLoader Loading environment from /home/runner/work/key/key/key.core/../key.ui/examples/heap/simple/locsets.key 
76860      DEBUG main            d.u.i.k.p.i.AbstractProblemLoader Environment load took 135.4ns 
76861      INFO  main            d.u.i.k.p.i.AbstractProblemLoader Creating init config 
80098      DEBUG main            d.u.i.k.p.i.AbstractProblemLoader Init config took 3.24s 
80116      INFO  main            d.u.i.k.p.i.AbstractProblemLoader Replaying proof locsets.key 
80118      DEBUG main            d.u.i.k.p.i.IntermediateProofReplayer Proof replay took 7.1ns 
80221      INFO  main            d.u.i.k.p.r.p.TestFile    ... finished proof: closed. 
80524      INFO  main            d.u.i.k.p.i.AbstractProblemLoader Loading environment from /home/runner/work/key/key/key.core/../key.ui/examples/heap/simple/locsets.key.proof 
80524      DEBUG main            d.u.i.k.p.i.AbstractProblemLoader Environment load took 197.2ns 
80526      INFO  main            d.u.i.k.p.i.AbstractProblemLoader Creating init config 
83627      DEBUG main            d.u.i.k.p.i.AbstractProblemLoader Init config took 3.1s 
83645      INFO  main            d.u.i.k.p.i.AbstractProblemLoader Replaying proof locsets.key.proof 
83650      DEBUG main            d.u.i.k.p.i.IntermediateProofReplayer Proof replay took 2.77ms 
83651      DEBUG main            d.u.i.k.p.r.p.TestFile    ... success: reloaded. 
83652      INFO  main            d.u.i.k.p.r.p.TestFile    Now processing file /home/runner/work/key/key/key.core/../key.ui/examples/heap/simple/loop1.key 
83652      INFO  main            d.u.i.k.p.i.AbstractProblemLoader Loading environment from /home/runner/work/key/key/key.core/../key.ui/examples/heap/simple/loop1.key 
83653      DEBUG main            d.u.i.k.p.i.AbstractProblemLoader Environment load took 235.91ns 
83654      INFO  main            d.u.i.k.p.i.AbstractProblemLoader Creating init config 
87175      DEBUG main            d.u.i.k.p.i.AbstractProblemLoader Init config took 3.52s 
87197      INFO  main            d.u.i.k.p.i.AbstractProblemLoader Replaying proof loop1.key 
87198      DEBUG main            d.u.i.k.p.i.IntermediateProofReplayer Proof replay took 8.5ns 
87405      INFO  main            d.u.i.k.p.r.p.TestFile    ... finished proof: closed. 
87646      INFO  main            d.u.i.k.p.i.AbstractProblemLoader Loading environment from /home/runner/work/key/key/key.core/../key.ui/examples/heap/simple/loop1.key.proof 
87646      DEBUG main            d.u.i.k.p.i.AbstractProblemLoader Environment load took 138.9ns 
87649      INFO  main            d.u.i.k.p.i.AbstractProblemLoader Creating init config 
91224      DEBUG main            d.u.i.k.p.i.AbstractProblemLoader Init config took 3.58s 
91247      INFO  main            d.u.i.k.p.i.AbstractProblemLoader Replaying proof loop1.key.proof 
91350      DEBUG main            d.u.i.k.p.i.IntermediateProofReplayer Proof replay took 100.18ms 
91353      DEBUG main            d.u.i.k.p.r.p.TestFile    ... success: reloaded. 
91354      INFO  main            d.u.i.k.p.r.p.TestFile    Now processing file /home/runner/work/key/key/key.core/../key.ui/examples/heap/simple/loop2.key 
91354      INFO  main            d.u.i.k.p.i.AbstractProblemLoader Loading environment from /home/runner/work/key/key/key.core/../key.ui/examples/heap/simple/loop2.key 
91355      DEBUG main            d.u.i.k.p.i.AbstractProblemLoader Environment load took 242.71ns 
91356      INFO  main            d.u.i.k.p.i.AbstractProblemLoader Creating init config 
94715      DEBUG main            d.u.i.k.p.i.AbstractProblemLoader Init config took 3.36s 
94736      INFO  main            d.u.i.k.p.i.AbstractProblemLoader Replaying proof loop2.key 
94738      DEBUG main            d.u.i.k.p.i.IntermediateProofReplayer Proof replay took 19.4ns 
95568      INFO  main            d.u.i.k.p.r.p.TestFile    ... finished proof: closed. 
95864      INFO  main            d.u.i.k.p.i.AbstractProblemLoader Loading environment from /home/runner/work/key/key/key.core/../key.ui/examples/heap/simple/loop2.key.proof 
95865      DEBUG main            d.u.i.k.p.i.AbstractProblemLoader Environment load took 642.91ns 
95867      INFO  main            d.u.i.k.p.i.AbstractProblemLoader Creating init config 
99280      DEBUG main            d.u.i.k.p.i.AbstractProblemLoader Init config took 3.41s 
99301      INFO  main            d.u.i.k.p.i.AbstractProblemLoader Replaying proof loop2.key.proof 
99486      DEBUG main            d.u.i.k.p.i.IntermediateProofReplayer Proof replay took 179.89ms 
99488      DEBUG main            d.u.i.k.p.r.p.TestFile    ... success: reloaded. 
99490      INFO  main            d.u.i.k.p.r.p.TestFile    Now processing file /home/runner/work/key/key/key.core/../key.ui/examples/heap/simple/modifies_datagroup.key 
99490      INFO  main            d.u.i.k.p.i.AbstractProblemLoader Loading environment from /home/runner/work/key/key/key.core/../key.ui/examples/heap/simple/modifies_datagroup.key 
99490      DEBUG main            d.u.i.k.p.i.AbstractProblemLoader Environment load took 275.31ns 
99492      INFO  main            d.u.i.k.p.i.AbstractProblemLoader Creating init config 
102635     DEBUG main            d.u.i.k.p.i.AbstractProblemLoader Init config took 3.14s 
102653     INFO  main            d.u.i.k.p.i.AbstractProblemLoader Replaying proof modifies_datagroup.key 
102655     DEBUG main            d.u.i.k.p.i.IntermediateProofReplayer Proof replay took 7.6ns 
102762     INFO  main            d.u.i.k.p.r.p.TestFile    ... finished proof: closed. 
103105     INFO  main            d.u.i.k.p.i.AbstractProblemLoader Loading environment from /home/runner/work/key/key/key.core/../key.ui/examples/heap/simple/modifies_datagroup.key.proof 
103105     DEBUG main            d.u.i.k.p.i.AbstractProblemLoader Environment load took 137.1ns 
103106     INFO  main            d.u.i.k.p.i.AbstractProblemLoader Creating init config 
106223     DEBUG main            d.u.i.k.p.i.AbstractProblemLoader Init config took 3.12s 
106241     INFO  main            d.u.i.k.p.i.AbstractProblemLoader Replaying proof modifies_datagroup.key.proof 
106249     DEBUG main            d.u.i.k.p.i.IntermediateProofReplayer Proof replay took 4.81ms 
106250     DEBUG main            d.u.i.k.p.r.p.TestFile    ... success: reloaded. 
106251     INFO  main            d.u.i.k.p.r.p.TestFile    Now processing file /home/runner/work/key/key/key.core/../key.ui/examples/heap/simple/modifies.key 
106251     INFO  main            d.u.i.k.p.i.AbstractProblemLoader Loading environment from /home/runner/work/key/key/key.core/../key.ui/examples/heap/simple/modifies.key 
106251     DEBUG main            d.u.i.k.p.i.AbstractProblemLoader Environment load took 265.51ns 
106253     INFO  main            d.u.i.k.p.i.AbstractProblemLoader Creating init config 
109337     DEBUG main            d.u.i.k.p.i.AbstractProblemLoader Init config took 3.08s 
109359     INFO  main            d.u.i.k.p.i.AbstractProblemLoader Replaying proof modifies.key 
109362     DEBUG main            d.u.i.k.p.i.IntermediateProofReplayer Proof replay took 25.9ns 
109465     INFO  main            d.u.i.k.p.r.p.TestFile    ... finished proof: closed. 
109733     INFO  main            d.u.i.k.p.i.AbstractProblemLoader Loading environment from /home/runner/work/key/key/key.core/../key.ui/examples/heap/simple/modifies.key.proof 
109733     DEBUG main            d.u.i.k.p.i.AbstractProblemLoader Environment load took 124.7ns 
109743     INFO  main            d.u.i.k.p.i.AbstractProblemLoader Creating init config 
112851     DEBUG main            d.u.i.k.p.i.AbstractProblemLoader Init config took 3.11s 
112869     INFO  main            d.u.i.k.p.i.AbstractProblemLoader Replaying proof modifies.key.proof 
112887     DEBUG main            d.u.i.k.p.i.IntermediateProofReplayer Proof replay took 16.02ms 
112889     DEBUG main            d.u.i.k.p.r.p.TestFile    ... success: reloaded. 
112889     INFO  main            d.u.i.k.p.r.p.TestFile    Now processing file /home/runner/work/key/key/key.core/../key.ui/examples/heap/simple/object_creation.key 
112890     INFO  main            d.u.i.k.p.i.AbstractProblemLoader Loading environment from /home/runner/work/key/key/key.core/../key.ui/examples/heap/simple/object_creation.key 
112890     DEBUG main            d.u.i.k.p.i.AbstractProblemLoader Environment load took 224.11ns 
112892     INFO  main            d.u.i.k.p.i.AbstractProblemLoader Creating init config 
116092     DEBUG main            d.u.i.k.p.i.AbstractProblemLoader Init config took 3.2s 
116111     INFO  main            d.u.i.k.p.i.AbstractProblemLoader Replaying proof object_creation.key 
116112     DEBUG main            d.u.i.k.p.i.IntermediateProofReplayer Proof replay took 7.3ns 
116416     INFO  main            d.u.i.k.p.r.p.TestFile    ... finished proof: closed. 
116694     INFO  main            d.u.i.k.p.i.AbstractProblemLoader Loading environment from /home/runner/work/key/key/key.core/../key.ui/examples/heap/simple/object_creation.key.proof 
116694     DEBUG main            d.u.i.k.p.i.AbstractProblemLoader Environment load took 138.5ns 
116696     INFO  main            d.u.i.k.p.i.AbstractProblemLoader Creating init config 
119773     DEBUG main            d.u.i.k.p.i.AbstractProblemLoader Init config took 3.08s 
119794     INFO  main            d.u.i.k.p.i.AbstractProblemLoader Replaying proof object_creation.key.proof 
119861     DEBUG main            d.u.i.k.p.i.IntermediateProofReplayer Proof replay took 62.96ms 
119862     DEBUG main            d.u.i.k.p.r.p.TestFile    ... success: reloaded. 
119863     INFO  main            d.u.i.k.p.r.p.TestFile    Now processing file /home/runner/work/key/key/key.core/../key.ui/examples/heap/simple/operation_contracts.key 
119864     INFO  main            d.u.i.k.p.i.AbstractProblemLoader Loading environment from /home/runner/work/key/key/key.core/../key.ui/examples/heap/simple/operation_contracts.key 
119864     DEBUG main            d.u.i.k.p.i.AbstractProblemLoader Environment load took 285.81ns 
119866     INFO  main            d.u.i.k.p.i.AbstractProblemLoader Creating init config 
123335     DEBUG main            d.u.i.k.p.i.AbstractProblemLoader Init config took 3.47s 
123353     INFO  main            d.u.i.k.p.i.AbstractProblemLoader Replaying proof operation_contracts.key 
123355     DEBUG main            d.u.i.k.p.i.IntermediateProofReplayer Proof replay took 7.6ns 
124365     INFO  main            d.u.i.k.p.r.p.TestFile    ... finished proof: closed. 
124704     INFO  main            d.u.i.k.p.i.AbstractProblemLoader Loading environment from /home/runner/work/key/key/key.core/../key.ui/examples/heap/simple/operation_contracts.key.proof 
124704     DEBUG main            d.u.i.k.p.i.AbstractProblemLoader Environment load took 555.01ns 
124707     INFO  main            d.u.i.k.p.i.AbstractProblemLoader Creating init config 
128217     DEBUG main            d.u.i.k.p.i.AbstractProblemLoader Init config took 3.51s 
128237     INFO  main            d.u.i.k.p.i.AbstractProblemLoader Replaying proof operation_contracts.key.proof 
128411     DEBUG main            d.u.i.k.p.i.IntermediateProofReplayer Proof replay took 165.54ms 
128414     DEBUG main            d.u.i.k.p.r.p.TestFile    ... success: reloaded. 
128416     INFO  main            d.u.i.k.p.r.p.TestFile    Now processing file /home/runner/work/key/key/key.core/../key.ui/examples/heap/simple/select_store.key 
128417     INFO  main            d.u.i.k.p.i.AbstractProblemLoader Loading environment from /home/runner/work/key/key/key.core/../key.ui/examples/heap/simple/select_store.key 
128417     DEBUG main            d.u.i.k.p.i.AbstractProblemLoader Environment load took 312.21ns 
128418     INFO  main            d.u.i.k.p.i.AbstractProblemLoader Creating init config 
131609     DEBUG main            d.u.i.k.p.i.AbstractProblemLoader Init config took 3.19s 
131627     INFO  main            d.u.i.k.p.i.AbstractProblemLoader Replaying proof select_store.key 
131629     DEBUG main            d.u.i.k.p.i.IntermediateProofReplayer Proof replay took 8.5ns 
131732     INFO  main            d.u.i.k.p.r.p.TestFile    ... finished proof: closed. 
132051     INFO  main            d.u.i.k.p.i.AbstractProblemLoader Loading environment from /home/runner/work/key/key/key.core/../key.ui/examples/heap/simple/select_store.key.proof 
132051     DEBUG main            d.u.i.k.p.i.AbstractProblemLoader Environment load took 190.8ns 
132053     INFO  main            d.u.i.k.p.i.AbstractProblemLoader Creating init config 
135146     DEBUG main            d.u.i.k.p.i.AbstractProblemLoader Init config took 3.09s 
135163     INFO  main            d.u.i.k.p.i.AbstractProblemLoader Replaying proof select_store.key.proof 
135168     DEBUG main            d.u.i.k.p.i.IntermediateProofReplayer Proof replay took 2.88ms 
135169     DEBUG main            d.u.i.k.p.r.p.TestFile    ... success: reloaded. 
135170     INFO  main            d.u.i.k.p.r.p.TestFile    Now processing file /home/runner/work/key/key/key.core/../key.ui/examples/heap/simple/selection_sort.key 
135171     INFO  main            d.u.i.k.p.i.AbstractProblemLoader Loading environment from /home/runner/work/key/key/key.core/../key.ui/examples/heap/simple/selection_sort.key 
135171     DEBUG main            d.u.i.k.p.i.AbstractProblemLoader Environment load took 162.7ns 
135172     INFO  main            d.u.i.k.p.i.AbstractProblemLoader Creating init config 
138649     DEBUG main            d.u.i.k.p.i.AbstractProblemLoader Init config took 3.48s 
138668     INFO  main            d.u.i.k.p.i.AbstractProblemLoader Replaying proof selection_sort.key 
138671     DEBUG main            d.u.i.k.p.i.IntermediateProofReplayer Proof replay took 8.3ns 
143879     INFO  main            d.u.i.k.p.r.p.TestFile    ... finished proof: closed. 
144250     INFO  main            d.u.i.k.p.i.AbstractProblemLoader Loading environment from /home/runner/work/key/key/key.core/../key.ui/examples/heap/simple/selection_sort.key.proof 
144259     DEBUG main            d.u.i.k.p.i.AbstractProblemLoader Environment load took 9.08ms 
144261     INFO  main            d.u.i.k.p.i.AbstractProblemLoader Creating init config 
147753     DEBUG main            d.u.i.k.p.i.AbstractProblemLoader Init config took 3.49s 
147770     INFO  main            d.u.i.k.p.i.AbstractProblemLoader Replaying proof selection_sort.key.proof 
148687     DEBUG main            d.u.i.k.p.i.IntermediateProofReplayer Proof replay took 890.19ms 
148690     DEBUG main            d.u.i.k.p.r.p.TestFile    ... success: reloaded. 
148691     INFO  main            d.u.i.k.p.r.p.TestFile    Now processing file /home/runner/work/key/key/key.core/../key.ui/examples/heap/simple/seq.key 
148692     INFO  main            d.u.i.k.p.i.AbstractProblemLoader Loading environment from /home/runner/work/key/key/key.core/../key.ui/examples/heap/simple/seq.key 
148692     DEBUG main            d.u.i.k.p.i.AbstractProblemLoader Environment load took 242.81ns 
148694     INFO  main            d.u.i.k.p.i.AbstractProblemLoader Creating init config 
151893     DEBUG main            d.u.i.k.p.i.AbstractProblemLoader Init config took 3.2s 
151912     INFO  main            d.u.i.k.p.i.AbstractProblemLoader Replaying proof seq.key 
151914     DEBUG main            d.u.i.k.p.i.IntermediateProofReplayer Proof replay took 8.9ns 
152519     INFO  main            d.u.i.k.p.r.p.TestFile    ... finished proof: closed. 
152885     INFO  main            d.u.i.k.p.i.AbstractProblemLoader Loading environment from /home/runner/work/key/key/key.core/../key.ui/examples/heap/simple/seq.key.proof 
152886     DEBUG main            d.u.i.k.p.i.AbstractProblemLoader Environment load took 1.22ms 
152889     INFO  main            d.u.i.k.p.i.AbstractProblemLoader Creating init config 
155990     DEBUG main            d.u.i.k.p.i.AbstractProblemLoader Init config took 3.1s 
156008     INFO  main            d.u.i.k.p.i.AbstractProblemLoader Replaying proof seq.key.proof 
156083     DEBUG main            d.u.i.k.p.i.IntermediateProofReplayer Proof replay took 69.49ms 
156084     DEBUG main            d.u.i.k.p.r.p.TestFile    ... success: reloaded. 
156085     INFO  main            d.u.i.k.p.r.p.TestFile    Now processing file /home/runner/work/key/key/key.core/../key.ui/examples/heap/simple/oldForParams.key 
156085     INFO  main            d.u.i.k.p.i.AbstractProblemLoader Loading environment from /home/runner/work/key/key/key.core/../key.ui/examples/heap/simple/oldForParams.key 
156085     DEBUG main            d.u.i.k.p.i.AbstractProblemLoader Environment load took 108.2ns 
156086     INFO  main            d.u.i.k.p.i.AbstractProblemLoader Creating init config 
159452     DEBUG main            d.u.i.k.p.i.AbstractProblemLoader Init config took 3.37s 
159529     INFO  main            d.u.i.k.p.i.AbstractProblemLoader Replaying proof OldForParameters[OldForParameters::method(int)].JML operation contract.0 
159532     DEBUG main            d.u.i.k.p.i.IntermediateProofReplayer Proof replay took 6.5ns 
159835     INFO  main            d.u.i.k.p.r.p.TestFile    ... finished proof: closed. 
160198     INFO  main            d.u.i.k.p.i.AbstractProblemLoader Loading environment from /home/runner/work/key/key/key.core/../key.ui/examples/heap/simple/oldForParams.key.proof 
160198     DEBUG main            d.u.i.k.p.i.AbstractProblemLoader Environment load took 121.7ns 
160199     INFO  main            d.u.i.k.p.i.AbstractProblemLoader Creating init config 
163592     DEBUG main            d.u.i.k.p.i.AbstractProblemLoader Init config took 3.39s 
163645     INFO  main            d.u.i.k.p.i.AbstractProblemLoader Replaying proof OldForParameters[OldForParameters::method(int)].JML operation contract.0 
163715     DEBUG main            d.u.i.k.p.i.IntermediateProofReplayer Proof replay took 66.61ms 
163716     DEBUG main            d.u.i.k.p.r.p.TestFile    ... success: reloaded. 
163719     INFO  main            d.u.i.k.p.r.p.TestFile    Now processing file /home/runner/work/key/key/key.core/../key.ui/examples/heap/simple/parse_lmtd.key 
163719     INFO  main            d.u.i.k.p.i.AbstractProblemLoader Loading environment from /home/runner/work/key/key/key.core/../key.ui/examples/heap/simple/parse_lmtd.key 
163720     DEBUG main            d.u.i.k.p.i.AbstractProblemLoader Environment load took 262.7ns 
163721     INFO  main            d.u.i.k.p.i.AbstractProblemLoader Creating init config 
167170     DEBUG main            d.u.i.k.p.i.AbstractProblemLoader Init config took 3.45s 
167224     INFO  main            d.u.i.k.p.i.AbstractProblemLoader Replaying proof ParseLmtd[ParseLmtd::simple(int)].JML normal_behavior operation contract.0 
167226     DEBUG main            d.u.i.k.p.i.IntermediateProofReplayer Proof replay took 7.9ns 
167429     INFO  main            d.u.i.k.p.r.p.TestFile    ... finished proof: closed. 
167803     INFO  main            d.u.i.k.p.i.AbstractProblemLoader Loading environment from /home/runner/work/key/key/key.core/../key.ui/examples/heap/simple/parse_lmtd.key.proof 
167803     DEBUG main            d.u.i.k.p.i.AbstractProblemLoader Environment load took 518.61ns 
167804     INFO  main            d.u.i.k.p.i.AbstractProblemLoader Creating init config 
171205     DEBUG main            d.u.i.k.p.i.AbstractProblemLoader Init config took 3.4s 
171257     INFO  main            d.u.i.k.p.i.AbstractProblemLoader Replaying proof ParseLmtd[ParseLmtd::simple(int)].JML normal_behavior operation contract.0 
171295     DEBUG main            d.u.i.k.p.i.IntermediateProofReplayer Proof replay took 35.73ms 
171297     DEBUG main            d.u.i.k.p.r.p.TestFile    ... success: reloaded. 
171298     INFO  main            d.u.i.k.p.r.p.TestFile    Now processing file /home/runner/work/key/key/key.core/../key.ui/examples/heap/strictly_pure/strictlyPureMethod.key 
171298     INFO  main            d.u.i.k.p.i.AbstractProblemLoader Loading environment from /home/runner/work/key/key/key.core/../key.ui/examples/heap/strictly_pure/strictlyPureMethod.key 
171298     DEBUG main            d.u.i.k.p.i.AbstractProblemLoader Environment load took 105.9ns 
171299     INFO  main            d.u.i.k.p.i.AbstractProblemLoader Creating init config 
174574     DEBUG main            d.u.i.k.p.i.AbstractProblemLoader Init config took 3.27s 
174622     INFO  main            d.u.i.k.p.i.AbstractProblemLoader Replaying proof StrictlyPure[StrictlyPure::strictlyPureMethod()].JML operation contract.0 
174624     DEBUG main            d.u.i.k.p.i.IntermediateProofReplayer Proof replay took 7.5ns 
174826     INFO  main            d.u.i.k.p.r.p.TestFile    ... finished proof: closed. 
175174     INFO  main            d.u.i.k.p.i.AbstractProblemLoader Loading environment from /home/runner/work/key/key/key.core/../key.ui/examples/heap/strictly_pure/strictlyPureMethod.key.proof 
175175     DEBUG main            d.u.i.k.p.i.AbstractProblemLoader Environment load took 1.17ms 
175177     INFO  main            d.u.i.k.p.i.AbstractProblemLoader Creating init config 
178341     DEBUG main            d.u.i.k.p.i.AbstractProblemLoader Init config took 3.16s 
178400     INFO  main            d.u.i.k.p.i.AbstractProblemLoader Replaying proof StrictlyPure[StrictlyPure::strictlyPureMethod()].JML operation contract.0 
178456     DEBUG main            d.u.i.k.p.i.IntermediateProofReplayer Proof replay took 52.84ms 
178457     DEBUG main            d.u.i.k.p.r.p.TestFile    ... success: reloaded. 
178458     INFO  main            d.u.i.k.p.r.p.TestFile    Now processing file /home/runner/work/key/key/key.core/../key.ui/examples/heap/strictly_pure/useStrictlyPureMethod.key 
178458     INFO  main            d.u.i.k.p.i.AbstractProblemLoader Loading environment from /home/runner/work/key/key/key.core/../key.ui/examples/heap/strictly_pure/useStrictlyPureMethod.key 
178458     DEBUG main            d.u.i.k.p.i.AbstractProblemLoader Environment load took 125ns 
178459     INFO  main            d.u.i.k.p.i.AbstractProblemLoader Creating init config 
181709     DEBUG main            d.u.i.k.p.i.AbstractProblemLoader Init config took 3.25s 
181753     INFO  main            d.u.i.k.p.i.AbstractProblemLoader Replaying proof StrictlyPure[StrictlyPure::useStrictlyPureMethod(StrictlyPureClass)].JML operation contract.0 
181755     DEBUG main            d.u.i.k.p.i.IntermediateProofReplayer Proof replay took 7.2ns 
182058     INFO  main            d.u.i.k.p.r.p.TestFile    ... finished proof: closed. 
182405     INFO  main            d.u.i.k.p.i.AbstractProblemLoader Loading environment from /home/runner/work/key/key/key.core/../key.ui/examples/heap/strictly_pure/useStrictlyPureMethod.key.proof 
182406     DEBUG main            d.u.i.k.p.i.AbstractProblemLoader Environment load took 885.62ns 
182408     INFO  main            d.u.i.k.p.i.AbstractProblemLoader Creating init config 
185639     DEBUG main            d.u.i.k.p.i.AbstractProblemLoader Init config took 3.23s 
185691     INFO  main            d.u.i.k.p.i.AbstractProblemLoader Replaying proof StrictlyPure[StrictlyPure::useStrictlyPureMethod(StrictlyPureClass)].JML operation contract.0 
185775     DEBUG main            d.u.i.k.p.i.IntermediateProofReplayer Proof replay took 80.61ms 
185776     DEBUG main            d.u.i.k.p.r.p.TestFile    ... success: reloaded. 
185778     INFO  main            d.u.i.k.p.r.p.TestFile    Now processing file /home/runner/work/key/key/key.core/../key.ui/examples/heap/Wellfounded/ackermann.key 
185778     INFO  main            d.u.i.k.p.i.AbstractProblemLoader Loading environment from /home/runner/work/key/key/key.core/../key.ui/examples/heap/Wellfounded/ackermann.key 
185778     DEBUG main            d.u.i.k.p.i.AbstractProblemLoader Environment load took 93.1ns 
185779     INFO  main            d.u.i.k.p.i.AbstractProblemLoader Creating init config 
189153     DEBUG main            d.u.i.k.p.i.AbstractProblemLoader Init config took 3.37s 
189196     INFO  main            d.u.i.k.p.i.AbstractProblemLoader Replaying proof Ackermann[Ackermann::a(int,int)].JML normal_behavior operation contract.0 
189199     DEBUG main            d.u.i.k.p.i.IntermediateProofReplayer Proof replay took 7.2ns 
189502     INFO  main            d.u.i.k.p.r.p.TestFile    ... finished proof: closed. 
189919     INFO  main            d.u.i.k.p.i.AbstractProblemLoader Loading environment from /home/runner/work/key/key/key.core/../key.ui/examples/heap/Wellfounded/ackermann.key.proof 
189919     DEBUG main            d.u.i.k.p.i.AbstractProblemLoader Environment load took 129.5ns 
189920     INFO  main            d.u.i.k.p.i.AbstractProblemLoader Creating init config 
193138     DEBUG main            d.u.i.k.p.i.AbstractProblemLoader Init config took 3.22s 
193181     INFO  main            d.u.i.k.p.i.AbstractProblemLoader Replaying proof Ackermann[Ackermann::a(int,int)].JML normal_behavior operation contract.0 
193271     DEBUG main            d.u.i.k.p.i.IntermediateProofReplayer Proof replay took 85.77ms 
193273     DEBUG main            d.u.i.k.p.r.p.TestFile    ... success: reloaded. 
193274     INFO  main            d.u.i.k.p.r.p.TestFile    Now processing file /home/runner/work/key/key/key.core/../key.ui/examples/standard_key/unicode_test.key 
193274     INFO  main            d.u.i.k.p.i.AbstractProblemLoader Loading environment from /home/runner/work/key/key/key.core/../key.ui/examples/standard_key/unicode_test.key 
193274     DEBUG main            d.u.i.k.p.i.AbstractProblemLoader Environment load took 129.9ns 
193276     INFO  main            d.u.i.k.p.i.AbstractProblemLoader Creating init config 
196422     DEBUG main            d.u.i.k.p.i.AbstractProblemLoader Init config took 3.15s 
196438     INFO  main            d.u.i.k.p.i.AbstractProblemLoader Replaying proof unicode_test.key 
196440     DEBUG main            d.u.i.k.p.i.IntermediateProofReplayer Proof replay took 7.8ns 
196542     INFO  main            d.u.i.k.p.r.p.TestFile    ... finished proof: closed. 
196891     INFO  main            d.u.i.k.p.i.AbstractProblemLoader Loading environment from /home/runner/work/key/key/key.core/../key.ui/examples/standard_key/unicode_test.key.proof 
196891     DEBUG main            d.u.i.k.p.i.AbstractProblemLoader Environment load took 113.5ns 
196892     INFO  main            d.u.i.k.p.i.AbstractProblemLoader Creating init config 
199988     DEBUG main            d.u.i.k.p.i.AbstractProblemLoader Init config took 3.1s 
200004     INFO  main            d.u.i.k.p.i.AbstractProblemLoader Replaying proof unicode_test.key.proof 
200006     DEBUG main            d.u.i.k.p.i.IntermediateProofReplayer Proof replay took 474.81ns 
200007     DEBUG main            d.u.i.k.p.r.p.TestFile    ... success: reloaded. 
200008     INFO  main            d.u.i.k.p.r.p.TestFile    Now processing file /home/runner/work/key/key/key.core/../key.ui/examples/heap/strictlyModular/mayExpand.key 
200008     INFO  main            d.u.i.k.p.i.AbstractProblemLoader Loading environment from /home/runner/work/key/key/key.core/../key.ui/examples/heap/strictlyModular/mayExpand.key 
200008     DEBUG main            d.u.i.k.p.i.AbstractProblemLoader Environment load took 227ns 
200009     INFO  main            d.u.i.k.p.i.AbstractProblemLoader Creating init config 
203271     DEBUG main            d.u.i.k.p.i.AbstractProblemLoader Init config took 3.26s 
203318     INFO  main            d.u.i.k.p.i.AbstractProblemLoader Replaying proof Modular[Modular::m()].JML operation contract.0 
203320     DEBUG main            d.u.i.k.p.i.IntermediateProofReplayer Proof replay took 8.1ns 
203425     INFO  main            d.u.i.k.p.r.p.TestFile    ... finished proof: closed. 
203805     INFO  main            d.u.i.k.p.i.AbstractProblemLoader Loading environment from /home/runner/work/key/key/key.core/../key.ui/examples/heap/strictlyModular/mayExpand.key.proof 
203805     DEBUG main            d.u.i.k.p.i.AbstractProblemLoader Environment load took 110.3ns 
203806     INFO  main            d.u.i.k.p.i.AbstractProblemLoader Creating init config 
206966     DEBUG main            d.u.i.k.p.i.AbstractProblemLoader Init config took 3.16s 
207009     INFO  main            d.u.i.k.p.i.AbstractProblemLoader Replaying proof Modular[Modular::m()].JML operation contract.0 
207032     DEBUG main            d.u.i.k.p.i.IntermediateProofReplayer Proof replay took 20.54ms 
207033     DEBUG main            d.u.i.k.p.r.p.TestFile    ... success: reloaded. 
207034     INFO  main            d.u.i.k.p.r.p.TestFile    Now processing file /home/runner/work/key/key/key.core/../key.ui/examples/heap/strictlyModular/modularOnly.key 
207035     INFO  main            d.u.i.k.p.i.AbstractProblemLoader Loading environment from /home/runner/work/key/key/key.core/../key.ui/examples/heap/strictlyModular/modularOnly.key 
207035     DEBUG main            d.u.i.k.p.i.AbstractProblemLoader Environment load took 123.8ns 
207036     INFO  main            d.u.i.k.p.i.AbstractProblemLoader Creating init config 
210202     DEBUG main            d.u.i.k.p.i.AbstractProblemLoader Init config took 3.17s 
210268     INFO  main            d.u.i.k.p.i.AbstractProblemLoader Replaying proof Modular[Modular::m()].JML operation contract.0 
210270     DEBUG main            d.u.i.k.p.i.IntermediateProofReplayer Proof replay took 7.7ns 
210374     INFO  main            d.u.i.k.p.r.p.TestFile    ... finished proof: open goal(s) 
2503807    INFO  Test worker     d.u.i.k.p.r.RunAllProofsTestUnit Returning from test simpleTests 
2503808    INFO  Test worker     d.u.i.k.p.r.RunAllProofsTestUnit Running test SmansEtAl 
421        INFO  Timeout watchdog d.u.i.k.p.r.p.ForkedTestFileRunner Timeout watcher launched (2000 secs.) 
454        WARN  main            d.u.i.k.s.ProofSettings   The settings in /home/runner/.key/proof-settings.props are *not* read. 
527        INFO  main            d.u.i.k.p.r.p.TestFile    Now processing file /home/runner/work/key/key/key.core/../key.ui/examples/heap/SmansEtAl/ArrayList_add.key 
690        INFO  main            d.u.i.k.p.i.AbstractProblemLoader Loading environment from /home/runner/work/key/key/key.core/../key.ui/examples/heap/SmansEtAl/ArrayList_add.key 
710        DEBUG main            d.u.i.k.p.i.AbstractProblemLoader Environment load took 2.87ms 
1017       INFO  main            d.u.i.k.p.i.AbstractProblemLoader Creating init config 
2294       DEBUG main            d.u.i.k.j.TypeConverter   No LDT found for Meta 
2295       DEBUG main            d.u.i.k.j.TypeConverter   No LDT found for Meta 
2301       DEBUG main            d.u.i.k.j.TypeConverter   No LDT found for Meta 
2301       DEBUG main            d.u.i.k.j.TypeConverter   No LDT found for Meta 
3954       DEBUG main            d.u.i.k.j.TypeConverter   No LDT found for JavaBigintExpression 
10503      DEBUG main            d.u.i.k.p.i.AbstractProblemLoader Init config took 9.49s 
10702      INFO  main            d.u.i.k.p.i.AbstractProblemLoader Replaying proof ArrayList[ArrayList::add(java.lang.Object)].JML normal_behavior operation contract.0 
10748      DEBUG main            d.u.i.k.p.i.IntermediateProofReplayer Proof replay took 37.3ns 
20345      INFO  main            d.u.i.k.p.r.p.TestFile    ... finished proof: closed. 
20579      INFO  main            d.u.i.k.p.i.AbstractProblemLoader Loading environment from /home/runner/work/key/key/key.core/../key.ui/examples/heap/SmansEtAl/ArrayList_add.key.proof 
20582      DEBUG main            d.u.i.k.p.i.AbstractProblemLoader Environment load took 3.76ms 
20599      INFO  main            d.u.i.k.p.i.AbstractProblemLoader Creating init config 
24873      DEBUG main            d.u.i.k.p.i.AbstractProblemLoader Init config took 4.27s 
24956      INFO  main            d.u.i.k.p.i.AbstractProblemLoader Replaying proof ArrayList[ArrayList::add(java.lang.Object)].JML normal_behavior operation contract.0 
26712      DEBUG main            d.u.i.k.p.i.IntermediateProofReplayer Proof replay took 1.71s 
26727      DEBUG main            d.u.i.k.p.r.p.TestFile    ... success: reloaded. 
26733      INFO  main            d.u.i.k.p.r.p.TestFile    Now processing file /home/runner/work/key/key/key.core/../key.ui/examples/heap/SmansEtAl/ArrayList_ArrayList.key 
26733      INFO  main            d.u.i.k.p.i.AbstractProblemLoader Loading environment from /home/runner/work/key/key/key.core/../key.ui/examples/heap/SmansEtAl/ArrayList_ArrayList.key 
26733      DEBUG main            d.u.i.k.p.i.AbstractProblemLoader Environment load took 140ns 
26735      INFO  main            d.u.i.k.p.i.AbstractProblemLoader Creating init config 
30749      DEBUG main            d.u.i.k.p.i.AbstractProblemLoader Init config took 4.01s 
30830      INFO  main            d.u.i.k.p.i.AbstractProblemLoader Replaying proof ArrayList[ArrayList::ArrayList()].JML normal_behavior operation contract.0 
30834      DEBUG main            d.u.i.k.p.i.IntermediateProofReplayer Proof replay took 7.9ns 
32252      INFO  main            d.u.i.k.p.r.p.TestFile    ... finished proof: closed. 
32477      INFO  main            d.u.i.k.p.i.AbstractProblemLoader Loading environment from /home/runner/work/key/key/key.core/../key.ui/examples/heap/SmansEtAl/ArrayList_ArrayList.key.proof 
32477      DEBUG main            d.u.i.k.p.i.AbstractProblemLoader Environment load took 567.81ns 
32480      INFO  main            d.u.i.k.p.i.AbstractProblemLoader Creating init config 
36250      DEBUG main            d.u.i.k.p.i.AbstractProblemLoader Init config took 3.77s 
36348      INFO  main            d.u.i.k.p.i.AbstractProblemLoader Replaying proof ArrayList[ArrayList::ArrayList()].JML normal_behavior operation contract.0 
36626      DEBUG main            d.u.i.k.p.i.IntermediateProofReplayer Proof replay took 248.86ms 
36628      DEBUG main            d.u.i.k.p.r.p.TestFile    ... success: reloaded. 
36630      INFO  main            d.u.i.k.p.r.p.TestFile    Now processing file /home/runner/work/key/key/key.core/../key.ui/examples/heap/SmansEtAl/ArrayList_footprint.key 
36631      INFO  main            d.u.i.k.p.i.AbstractProblemLoader Loading environment from /home/runner/work/key/key/key.core/../key.ui/examples/heap/SmansEtAl/ArrayList_footprint.key 
36631      DEBUG main            d.u.i.k.p.i.AbstractProblemLoader Environment load took 318.21ns 
36633      INFO  main            d.u.i.k.p.i.AbstractProblemLoader Creating init config 
40266      DEBUG main            d.u.i.k.p.i.AbstractProblemLoader Init config took 3.63s 
40333      INFO  main            d.u.i.k.p.i.AbstractProblemLoader Replaying proof ArrayList[ArrayList::$footprint()].JML accessible clause.0 
40335      DEBUG main            d.u.i.k.p.i.IntermediateProofReplayer Proof replay took 7.1ns 
40438      INFO  main            d.u.i.k.p.r.p.TestFile    ... finished proof: closed. 
40661      INFO  main            d.u.i.k.p.i.AbstractProblemLoader Loading environment from /home/runner/work/key/key/key.core/../key.ui/examples/heap/SmansEtAl/ArrayList_footprint.key.proof 
40661      DEBUG main            d.u.i.k.p.i.AbstractProblemLoader Environment load took 149.9ns 
40662      INFO  main            d.u.i.k.p.i.AbstractProblemLoader Creating init config 
44316      DEBUG main            d.u.i.k.p.i.AbstractProblemLoader Init config took 3.65s 
44372      INFO  main            d.u.i.k.p.i.AbstractProblemLoader Replaying proof ArrayList[ArrayList::$footprint()].JML accessible clause.0 
44390      DEBUG main            d.u.i.k.p.i.IntermediateProofReplayer Proof replay took 14.16ms 
44391      DEBUG main            d.u.i.k.p.r.p.TestFile    ... success: reloaded. 
44393      INFO  main            d.u.i.k.p.r.p.TestFile    Now processing file /home/runner/work/key/key/key.core/../key.ui/examples/heap/SmansEtAl/ArrayList_get_dep.key 
44393      INFO  main            d.u.i.k.p.i.AbstractProblemLoader Loading environment from /home/runner/work/key/key/key.core/../key.ui/examples/heap/SmansEtAl/ArrayList_get_dep.key 
44393      DEBUG main            d.u.i.k.p.i.AbstractProblemLoader Environment load took 252.6ns 
44395      INFO  main            d.u.i.k.p.i.AbstractProblemLoader Creating init config 
47998      DEBUG main            d.u.i.k.p.i.AbstractProblemLoader Init config took 3.6s 
48071      INFO  main            d.u.i.k.p.i.AbstractProblemLoader Replaying proof ArrayList[ArrayList::get(int)].JML accessible clause.0 
48074      DEBUG main            d.u.i.k.p.i.IntermediateProofReplayer Proof replay took 7.3ns 
48478      INFO  main            d.u.i.k.p.r.p.TestFile    ... finished proof: closed. 
48692      INFO  main            d.u.i.k.p.i.AbstractProblemLoader Loading environment from /home/runner/work/key/key/key.core/../key.ui/examples/heap/SmansEtAl/ArrayList_get_dep.key.proof 
48693      DEBUG main            d.u.i.k.p.i.AbstractProblemLoader Environment load took 982.42ns 
48695      INFO  main            d.u.i.k.p.i.AbstractProblemLoader Creating init config 
52328      DEBUG main            d.u.i.k.p.i.AbstractProblemLoader Init config took 3.63s 
52383      INFO  main            d.u.i.k.p.i.AbstractProblemLoader Replaying proof ArrayList[ArrayList::get(int)].JML accessible clause.0 
52492      DEBUG main            d.u.i.k.p.i.IntermediateProofReplayer Proof replay took 104.23ms 
52494      DEBUG main            d.u.i.k.p.r.p.TestFile    ... success: reloaded. 
52495      INFO  main            d.u.i.k.p.r.p.TestFile    Now processing file /home/runner/work/key/key/key.core/../key.ui/examples/heap/SmansEtAl/ArrayList_get.key 
52496      INFO  main            d.u.i.k.p.i.AbstractProblemLoader Loading environment from /home/runner/work/key/key/key.core/../key.ui/examples/heap/SmansEtAl/ArrayList_get.key 
52496      DEBUG main            d.u.i.k.p.i.AbstractProblemLoader Environment load took 298.51ns 
52498      INFO  main            d.u.i.k.p.i.AbstractProblemLoader Creating init config 
56233      DEBUG main            d.u.i.k.p.i.AbstractProblemLoader Init config took 3.74s 
56296      INFO  main            d.u.i.k.p.i.AbstractProblemLoader Replaying proof ArrayList[ArrayList::get(int)].JML normal_behavior operation contract.0 
56300      DEBUG main            d.u.i.k.p.i.IntermediateProofReplayer Proof replay took 6.5ns 
56503      INFO  main            d.u.i.k.p.r.p.TestFile    ... finished proof: closed. 
56841      INFO  main            d.u.i.k.p.i.AbstractProblemLoader Loading environment from /home/runner/work/key/key/key.core/../key.ui/examples/heap/SmansEtAl/ArrayList_get.key.proof 
56842      DEBUG main            d.u.i.k.p.i.AbstractProblemLoader Environment load took 760.62ns 
56849      INFO  main            d.u.i.k.p.i.AbstractProblemLoader Creating init config 
60539      DEBUG main            d.u.i.k.p.i.AbstractProblemLoader Init config took 3.69s 
60596      INFO  main            d.u.i.k.p.i.AbstractProblemLoader Replaying proof ArrayList[ArrayList::get(int)].JML normal_behavior operation contract.0 
60650      DEBUG main            d.u.i.k.p.i.IntermediateProofReplayer Proof replay took 50.79ms 
60653      DEBUG main            d.u.i.k.p.r.p.TestFile    ... success: reloaded. 
60655      INFO  main            d.u.i.k.p.r.p.TestFile    Now processing file /home/runner/work/key/key/key.core/../key.ui/examples/heap/SmansEtAl/ArrayList_inv.key 
60655      INFO  main            d.u.i.k.p.i.AbstractProblemLoader Loading environment from /home/runner/work/key/key/key.core/../key.ui/examples/heap/SmansEtAl/ArrayList_inv.key 
60656      DEBUG main            d.u.i.k.p.i.AbstractProblemLoader Environment load took 697.21ns 
60657      INFO  main            d.u.i.k.p.i.AbstractProblemLoader Creating init config 
64201      DEBUG main            d.u.i.k.p.i.AbstractProblemLoader Init config took 3.54s 
64256      INFO  main            d.u.i.k.p.i.AbstractProblemLoader Replaying proof ArrayList[java.lang.Object::<inv>()].JML accessible clause.0 
64258      DEBUG main            d.u.i.k.p.i.IntermediateProofReplayer Proof replay took 7.8ns 
64476      INFO  main            d.u.i.k.p.r.p.TestFile    ... finished proof: closed. 
64677      INFO  main            d.u.i.k.p.i.AbstractProblemLoader Loading environment from /home/runner/work/key/key/key.core/../key.ui/examples/heap/SmansEtAl/ArrayList_inv.key.proof 
64678      DEBUG main            d.u.i.k.p.i.AbstractProblemLoader Environment load took 186.3ns 
64679      INFO  main            d.u.i.k.p.i.AbstractProblemLoader Creating init config 
68206      DEBUG main            d.u.i.k.p.i.AbstractProblemLoader Init config took 3.53s 
68256      INFO  main            d.u.i.k.p.i.AbstractProblemLoader Replaying proof ArrayList[java.lang.Object::<inv>()].JML accessible clause.0 
68273      DEBUG main            d.u.i.k.p.i.IntermediateProofReplayer Proof replay took 13.6ms 
68274      DEBUG main            d.u.i.k.p.r.p.TestFile    ... success: reloaded. 
68276      INFO  main            d.u.i.k.p.r.p.TestFile    Now processing file /home/runner/work/key/key/key.core/../key.ui/examples/heap/SmansEtAl/ArrayList_size_dep.key 
68276      INFO  main            d.u.i.k.p.i.AbstractProblemLoader Loading environment from /home/runner/work/key/key/key.core/../key.ui/examples/heap/SmansEtAl/ArrayList_size_dep.key 
68276      DEBUG main            d.u.i.k.p.i.AbstractProblemLoader Environment load took 140.9ns 
68277      INFO  main            d.u.i.k.p.i.AbstractProblemLoader Creating init config 
71868      DEBUG main            d.u.i.k.p.i.AbstractProblemLoader Init config took 3.59s 
71941      INFO  main            d.u.i.k.p.i.AbstractProblemLoader Replaying proof ArrayList[ArrayList::size()].JML accessible clause.0 
71944      DEBUG main            d.u.i.k.p.i.IntermediateProofReplayer Proof replay took 7.5ns 
72046      INFO  main            d.u.i.k.p.r.p.TestFile    ... finished proof: closed. 
72283      INFO  main            d.u.i.k.p.i.AbstractProblemLoader Loading environment from /home/runner/work/key/key/key.core/../key.ui/examples/heap/SmansEtAl/ArrayList_size_dep.key.proof 
72283      DEBUG main            d.u.i.k.p.i.AbstractProblemLoader Environment load took 181.9ns 
72284      INFO  main            d.u.i.k.p.i.AbstractProblemLoader Creating init config 
75799      DEBUG main            d.u.i.k.p.i.AbstractProblemLoader Init config took 3.51s 
75849      INFO  main            d.u.i.k.p.i.AbstractProblemLoader Replaying proof ArrayList[ArrayList::size()].JML accessible clause.0 
75877      DEBUG main            d.u.i.k.p.i.IntermediateProofReplayer Proof replay took 22.58ms 
75878      DEBUG main            d.u.i.k.p.r.p.TestFile    ... success: reloaded. 
75880      INFO  main            d.u.i.k.p.r.p.TestFile    Now processing file /home/runner/work/key/key/key.core/../key.ui/examples/heap/SmansEtAl/ArrayList_size.key 
75880      INFO  main            d.u.i.k.p.i.AbstractProblemLoader Loading environment from /home/runner/work/key/key/key.core/../key.ui/examples/heap/SmansEtAl/ArrayList_size.key 
75881      DEBUG main            d.u.i.k.p.i.AbstractProblemLoader Environment load took 300.81ns 
75884      INFO  main            d.u.i.k.p.i.AbstractProblemLoader Creating init config 
79479      DEBUG main            d.u.i.k.p.i.AbstractProblemLoader Init config took 3.6s 
79533      INFO  main            d.u.i.k.p.i.AbstractProblemLoader Replaying proof ArrayList[ArrayList::size()].JML normal_behavior operation contract.0 
79540      DEBUG main            d.u.i.k.p.i.IntermediateProofReplayer Proof replay took 8.1ns 
79644      INFO  main            d.u.i.k.p.r.p.TestFile    ... finished proof: closed. 
79901      INFO  main            d.u.i.k.p.i.AbstractProblemLoader Loading environment from /home/runner/work/key/key/key.core/../key.ui/examples/heap/SmansEtAl/ArrayList_size.key.proof 
79901      DEBUG main            d.u.i.k.p.i.AbstractProblemLoader Environment load took 135.8ns 
79902      INFO  main            d.u.i.k.p.i.AbstractProblemLoader Creating init config 
83344      DEBUG main            d.u.i.k.p.i.AbstractProblemLoader Init config took 3.44s 
83410      INFO  main            d.u.i.k.p.i.AbstractProblemLoader Replaying proof ArrayList[ArrayList::size()].JML normal_behavior operation contract.0 
83441      DEBUG main            d.u.i.k.p.i.IntermediateProofReplayer Proof replay took 25.63ms 
83442      DEBUG main            d.u.i.k.p.r.p.TestFile    ... success: reloaded. 
83444      INFO  main            d.u.i.k.p.r.p.TestFile    Now processing file /home/runner/work/key/key/key.core/../key.ui/examples/heap/SmansEtAl/Cell_Cell.key 
83445      INFO  main            d.u.i.k.p.i.AbstractProblemLoader Loading environment from /home/runner/work/key/key/key.core/../key.ui/examples/heap/SmansEtAl/Cell_Cell.key 
83445      DEBUG main            d.u.i.k.p.i.AbstractProblemLoader Environment load took 330.51ns 
83446      INFO  main            d.u.i.k.p.i.AbstractProblemLoader Creating init config 
86956      DEBUG main            d.u.i.k.p.i.AbstractProblemLoader Init config took 3.51s 
87002      INFO  main            d.u.i.k.p.i.AbstractProblemLoader Replaying proof Cell[Cell::Cell()].JML normal_behavior operation contract.0 
87005      DEBUG main            d.u.i.k.p.i.IntermediateProofReplayer Proof replay took 7.3ns 
87310      INFO  main            d.u.i.k.p.r.p.TestFile    ... finished proof: closed. 
87630      INFO  main            d.u.i.k.p.i.AbstractProblemLoader Loading environment from /home/runner/work/key/key/key.core/../key.ui/examples/heap/SmansEtAl/Cell_Cell.key.proof 
87631      DEBUG main            d.u.i.k.p.i.AbstractProblemLoader Environment load took 804.82ns 
87633      INFO  main            d.u.i.k.p.i.AbstractProblemLoader Creating init config 
91068      DEBUG main            d.u.i.k.p.i.AbstractProblemLoader Init config took 3.43s 
91121      INFO  main            d.u.i.k.p.i.AbstractProblemLoader Replaying proof Cell[Cell::Cell()].JML normal_behavior operation contract.0 
91184      DEBUG main            d.u.i.k.p.i.IntermediateProofReplayer Proof replay took 58.64ms 
91185      DEBUG main            d.u.i.k.p.r.p.TestFile    ... success: reloaded. 
91187      INFO  main            d.u.i.k.p.r.p.TestFile    Now processing file /home/runner/work/key/key/key.core/../key.ui/examples/heap/SmansEtAl/Cell_footprint.key 
91187      INFO  main            d.u.i.k.p.i.AbstractProblemLoader Loading environment from /home/runner/work/key/key/key.core/../key.ui/examples/heap/SmansEtAl/Cell_footprint.key 
91187      DEBUG main            d.u.i.k.p.i.AbstractProblemLoader Environment load took 165.1ns 
91188      INFO  main            d.u.i.k.p.i.AbstractProblemLoader Creating init config 
94501      DEBUG main            d.u.i.k.p.i.AbstractProblemLoader Init config took 3.31s 
94548      INFO  main            d.u.i.k.p.i.AbstractProblemLoader Replaying proof Cell[Cell::$footprint()].JML accessible clause.0 
94550      DEBUG main            d.u.i.k.p.i.IntermediateProofReplayer Proof replay took 19ns 
94653      INFO  main            d.u.i.k.p.r.p.TestFile    ... finished proof: closed. 
94912      INFO  main            d.u.i.k.p.i.AbstractProblemLoader Loading environment from /home/runner/work/key/key/key.core/../key.ui/examples/heap/SmansEtAl/Cell_footprint.key.proof 
94912      DEBUG main            d.u.i.k.p.i.AbstractProblemLoader Environment load took 229.81ns 
94913      INFO  main            d.u.i.k.p.i.AbstractProblemLoader Creating init config 
98251      DEBUG main            d.u.i.k.p.i.AbstractProblemLoader Init config took 3.34s 
98292      INFO  main            d.u.i.k.p.i.AbstractProblemLoader Replaying proof Cell[Cell::$footprint()].JML accessible clause.0 
98298      DEBUG main            d.u.i.k.p.i.IntermediateProofReplayer Proof replay took 4.87ms 
98299      DEBUG main            d.u.i.k.p.r.p.TestFile    ... success: reloaded. 
98301      INFO  main            d.u.i.k.p.r.p.TestFile    Now processing file /home/runner/work/key/key/key.core/../key.ui/examples/heap/SmansEtAl/Cell_getX_dep.key 
98301      INFO  main            d.u.i.k.p.i.AbstractProblemLoader Loading environment from /home/runner/work/key/key/key.core/../key.ui/examples/heap/SmansEtAl/Cell_getX_dep.key 
98301      DEBUG main            d.u.i.k.p.i.AbstractProblemLoader Environment load took 121.9ns 
98302      INFO  main            d.u.i.k.p.i.AbstractProblemLoader Creating init config 
101735     DEBUG main            d.u.i.k.p.i.AbstractProblemLoader Init config took 3.43s 
101778     INFO  main            d.u.i.k.p.i.AbstractProblemLoader Replaying proof Cell[Cell::getX()].JML accessible clause.0 
101780     DEBUG main            d.u.i.k.p.i.IntermediateProofReplayer Proof replay took 7.5ns 
101885     INFO  main            d.u.i.k.p.r.p.TestFile    ... finished proof: closed. 
102152     INFO  main            d.u.i.k.p.i.AbstractProblemLoader Loading environment from /home/runner/work/key/key/key.core/../key.ui/examples/heap/SmansEtAl/Cell_getX_dep.key.proof 
102153     DEBUG main            d.u.i.k.p.i.AbstractProblemLoader Environment load took 135.2ns 
102155     INFO  main            d.u.i.k.p.i.AbstractProblemLoader Creating init config 
105481     DEBUG main            d.u.i.k.p.i.AbstractProblemLoader Init config took 3.33s 
105522     INFO  main            d.u.i.k.p.i.AbstractProblemLoader Replaying proof Cell[Cell::getX()].JML accessible clause.0 
105542     DEBUG main            d.u.i.k.p.i.IntermediateProofReplayer Proof replay took 17.67ms 
105543     DEBUG main            d.u.i.k.p.r.p.TestFile    ... success: reloaded. 
105545     INFO  main            d.u.i.k.p.r.p.TestFile    Now processing file /home/runner/work/key/key/key.core/../key.ui/examples/heap/SmansEtAl/Cell_getX.key 
105546     INFO  main            d.u.i.k.p.i.AbstractProblemLoader Loading environment from /home/runner/work/key/key/key.core/../key.ui/examples/heap/SmansEtAl/Cell_getX.key 
105546     DEBUG main            d.u.i.k.p.i.AbstractProblemLoader Environment load took 242ns 
105547     INFO  main            d.u.i.k.p.i.AbstractProblemLoader Creating init config 
108953     DEBUG main            d.u.i.k.p.i.AbstractProblemLoader Init config took 3.41s 
108999     INFO  main            d.u.i.k.p.i.AbstractProblemLoader Replaying proof Cell[Cell::getX()].JML normal_behavior operation contract.0 
109001     DEBUG main            d.u.i.k.p.i.IntermediateProofReplayer Proof replay took 7.7ns 
109106     INFO  main            d.u.i.k.p.r.p.TestFile    ... finished proof: closed. 
109363     INFO  main            d.u.i.k.p.i.AbstractProblemLoader Loading environment from /home/runner/work/key/key/key.core/../key.ui/examples/heap/SmansEtAl/Cell_getX.key.proof 
109364     DEBUG main            d.u.i.k.p.i.AbstractProblemLoader Environment load took 156ns 
109365     INFO  main            d.u.i.k.p.i.AbstractProblemLoader Creating init config 
112686     DEBUG main            d.u.i.k.p.i.AbstractProblemLoader Init config took 3.32s 
112734     INFO  main            d.u.i.k.p.i.AbstractProblemLoader Replaying proof Cell[Cell::getX()].JML normal_behavior operation contract.0 
112754     DEBUG main            d.u.i.k.p.i.IntermediateProofReplayer Proof replay took 17.13ms 
112755     DEBUG main            d.u.i.k.p.r.p.TestFile    ... success: reloaded. 
112757     INFO  main            d.u.i.k.p.r.p.TestFile    Now processing file /home/runner/work/key/key/key.core/../key.ui/examples/heap/SmansEtAl/Cell_inv.key 
112758     INFO  main            d.u.i.k.p.i.AbstractProblemLoader Loading environment from /home/runner/work/key/key/key.core/../key.ui/examples/heap/SmansEtAl/Cell_inv.key 
112758     DEBUG main            d.u.i.k.p.i.AbstractProblemLoader Environment load took 257.81ns 
112759     INFO  main            d.u.i.k.p.i.AbstractProblemLoader Creating init config 
116270     DEBUG main            d.u.i.k.p.i.AbstractProblemLoader Init config took 3.51s 
116320     INFO  main            d.u.i.k.p.i.AbstractProblemLoader Replaying proof Cell[java.lang.Object::<inv>()].JML accessible clause.0 
116322     DEBUG main            d.u.i.k.p.i.IntermediateProofReplayer Proof replay took 7.4ns 
116425     INFO  main            d.u.i.k.p.r.p.TestFile    ... finished proof: closed. 
116687     INFO  main            d.u.i.k.p.i.AbstractProblemLoader Loading environment from /home/runner/work/key/key/key.core/../key.ui/examples/heap/SmansEtAl/Cell_inv.key.proof 
116687     DEBUG main            d.u.i.k.p.i.AbstractProblemLoader Environment load took 122.9ns 
116689     INFO  main            d.u.i.k.p.i.AbstractProblemLoader Creating init config 
119989     DEBUG main            d.u.i.k.p.i.AbstractProblemLoader Init config took 3.3s 
120040     INFO  main            d.u.i.k.p.i.AbstractProblemLoader Replaying proof Cell[java.lang.Object::<inv>()].JML accessible clause.0 
120047     DEBUG main            d.u.i.k.p.i.IntermediateProofReplayer Proof replay took 2.62ms 
120048     DEBUG main            d.u.i.k.p.r.p.TestFile    ... success: reloaded. 
120049     INFO  main            d.u.i.k.p.r.p.TestFile    Now processing file /home/runner/work/key/key/key.core/../key.ui/examples/heap/SmansEtAl/Cell_setX.key 
120049     INFO  main            d.u.i.k.p.i.AbstractProblemLoader Loading environment from /home/runner/work/key/key/key.core/../key.ui/examples/heap/SmansEtAl/Cell_setX.key 
120049     DEBUG main            d.u.i.k.p.i.AbstractProblemLoader Environment load took 105.6ns 
120051     INFO  main            d.u.i.k.p.i.AbstractProblemLoader Creating init config 
123440     DEBUG main            d.u.i.k.p.i.AbstractProblemLoader Init config took 3.39s 
123481     INFO  main            d.u.i.k.p.i.AbstractProblemLoader Replaying proof Cell[Cell::setX(int)].JML normal_behavior operation contract.0 
123482     DEBUG main            d.u.i.k.p.i.IntermediateProofReplayer Proof replay took 6.7ns 
123586     INFO  main            d.u.i.k.p.r.p.TestFile    ... finished proof: closed. 
123871     INFO  main            d.u.i.k.p.i.AbstractProblemLoader Loading environment from /home/runner/work/key/key/key.core/../key.ui/examples/heap/SmansEtAl/Cell_setX.key.proof 
123871     DEBUG main            d.u.i.k.p.i.AbstractProblemLoader Environment load took 162.7ns 
123873     INFO  main            d.u.i.k.p.i.AbstractProblemLoader Creating init config 
127220     DEBUG main            d.u.i.k.p.i.AbstractProblemLoader Init config took 3.35s 
127260     INFO  main            d.u.i.k.p.i.AbstractProblemLoader Replaying proof Cell[Cell::setX(int)].JML normal_behavior operation contract.0 
127292     DEBUG main            d.u.i.k.p.i.IntermediateProofReplayer Proof replay took 30.08ms 
127293     DEBUG main            d.u.i.k.p.r.p.TestFile    ... success: reloaded. 
127295     INFO  main            d.u.i.k.p.r.p.TestFile    Now processing file /home/runner/work/key/key/key.core/../key.ui/examples/heap/SmansEtAl/CellClient_m.key 
127295     INFO  main            d.u.i.k.p.i.AbstractProblemLoader Loading environment from /home/runner/work/key/key/key.core/../key.ui/examples/heap/SmansEtAl/CellClient_m.key 
127295     DEBUG main            d.u.i.k.p.i.AbstractProblemLoader Environment load took 89.8ns 
127296     INFO  main            d.u.i.k.p.i.AbstractProblemLoader Creating init config 
130708     DEBUG main            d.u.i.k.p.i.AbstractProblemLoader Init config took 3.41s 
130748     INFO  main            d.u.i.k.p.i.AbstractProblemLoader Replaying proof CellClient[CellClient::m()].JML operation contract.0 
130750     DEBUG main            d.u.i.k.p.i.IntermediateProofReplayer Proof replay took 7.2ns 
131456     INFO  main            d.u.i.k.p.r.p.TestFile    ... finished proof: closed. 
131793     INFO  main            d.u.i.k.p.i.AbstractProblemLoader Loading environment from /home/runner/work/key/key/key.core/../key.ui/examples/heap/SmansEtAl/CellClient_m.key.proof 
131793     DEBUG main            d.u.i.k.p.i.AbstractProblemLoader Environment load took 498.91ns 
131795     INFO  main            d.u.i.k.p.i.AbstractProblemLoader Creating init config 
135058     DEBUG main            d.u.i.k.p.i.AbstractProblemLoader Init config took 3.26s 
135103     INFO  main            d.u.i.k.p.i.AbstractProblemLoader Replaying proof CellClient[CellClient::m()].JML operation contract.0 
135245     DEBUG main            d.u.i.k.p.i.IntermediateProofReplayer Proof replay took 137.28ms 
135246     DEBUG main            d.u.i.k.p.r.p.TestFile    ... success: reloaded. 
135247     INFO  main            d.u.i.k.p.r.p.TestFile    Now processing file /home/runner/work/key/key/key.core/../key.ui/examples/heap/SmansEtAl/Iterator_footprint.key 
135248     INFO  main            d.u.i.k.p.i.AbstractProblemLoader Loading environment from /home/runner/work/key/key/key.core/../key.ui/examples/heap/SmansEtAl/Iterator_footprint.key 
135248     DEBUG main            d.u.i.k.p.i.AbstractProblemLoader Environment load took 261.2ns 
135249     INFO  main            d.u.i.k.p.i.AbstractProblemLoader Creating init config 
138694     DEBUG main            d.u.i.k.p.i.AbstractProblemLoader Init config took 3.44s 
138740     INFO  main            d.u.i.k.p.i.AbstractProblemLoader Replaying proof Iterator[Iterator::$footprint()].JML accessible clause.0 
138742     DEBUG main            d.u.i.k.p.i.IntermediateProofReplayer Proof replay took 6.9ns 
138846     INFO  main            d.u.i.k.p.r.p.TestFile    ... finished proof: closed. 
139145     INFO  main            d.u.i.k.p.i.AbstractProblemLoader Loading environment from /home/runner/work/key/key/key.core/../key.ui/examples/heap/SmansEtAl/Iterator_footprint.key.proof 
139145     DEBUG main            d.u.i.k.p.i.AbstractProblemLoader Environment load took 171.6ns 
139146     INFO  main            d.u.i.k.p.i.AbstractProblemLoader Creating init config 
142448     DEBUG main            d.u.i.k.p.i.AbstractProblemLoader Init config took 3.3s 
142491     INFO  main            d.u.i.k.p.i.AbstractProblemLoader Replaying proof Iterator[Iterator::$footprint()].JML accessible clause.0 
142509     DEBUG main            d.u.i.k.p.i.IntermediateProofReplayer Proof replay took 15.56ms 
142510     DEBUG main            d.u.i.k.p.r.p.TestFile    ... success: reloaded. 
142512     INFO  main            d.u.i.k.p.r.p.TestFile    Now processing file /home/runner/work/key/key/key.core/../key.ui/examples/heap/SmansEtAl/Iterator_hasNext_dep.key 
142513     INFO  main            d.u.i.k.p.i.AbstractProblemLoader Loading environment from /home/runner/work/key/key/key.core/../key.ui/examples/heap/SmansEtAl/Iterator_hasNext_dep.key 
142514     DEBUG main            d.u.i.k.p.i.AbstractProblemLoader Environment load took 743.81ns 
142515     INFO  main            d.u.i.k.p.i.AbstractProblemLoader Creating init config 
145944     DEBUG main            d.u.i.k.p.i.AbstractProblemLoader Init config took 3.43s 
145987     INFO  main            d.u.i.k.p.i.AbstractProblemLoader Replaying proof Iterator[Iterator::hasNext()].JML accessible clause.0 
145993     DEBUG main            d.u.i.k.p.i.IntermediateProofReplayer Proof replay took 9.6ns 
146813     INFO  main            d.u.i.k.p.r.p.TestFile    ... finished proof: closed. 
147128     INFO  main            d.u.i.k.p.i.AbstractProblemLoader Loading environment from /home/runner/work/key/key/key.core/../key.ui/examples/heap/SmansEtAl/Iterator_hasNext_dep.key.proof 
147129     DEBUG main            d.u.i.k.p.i.AbstractProblemLoader Environment load took 1.82ms 
147131     INFO  main            d.u.i.k.p.i.AbstractProblemLoader Creating init config 
150451     DEBUG main            d.u.i.k.p.i.AbstractProblemLoader Init config took 3.32s 
150503     INFO  main            d.u.i.k.p.i.AbstractProblemLoader Replaying proof Iterator[Iterator::hasNext()].JML accessible clause.0 
150648     DEBUG main            d.u.i.k.p.i.IntermediateProofReplayer Proof replay took 137.86ms 
150650     DEBUG main            d.u.i.k.p.r.p.TestFile    ... success: reloaded. 
150651     INFO  main            d.u.i.k.p.r.p.TestFile    Now processing file /home/runner/work/key/key/key.core/../key.ui/examples/heap/SmansEtAl/Iterator_hasNext.key 
150652     INFO  main            d.u.i.k.p.i.AbstractProblemLoader Loading environment from /home/runner/work/key/key/key.core/../key.ui/examples/heap/SmansEtAl/Iterator_hasNext.key 
150652     DEBUG main            d.u.i.k.p.i.AbstractProblemLoader Environment load took 239.4ns 
150653     INFO  main            d.u.i.k.p.i.AbstractProblemLoader Creating init config 
154056     DEBUG main            d.u.i.k.p.i.AbstractProblemLoader Init config took 3.4s 
154100     INFO  main            d.u.i.k.p.i.AbstractProblemLoader Replaying proof Iterator[Iterator::hasNext()].JML normal_behavior operation contract.0 
154102     DEBUG main            d.u.i.k.p.i.IntermediateProofReplayer Proof replay took 7.9ns 
154807     INFO  main            d.u.i.k.p.r.p.TestFile    ... finished proof: closed. 
155149     INFO  main            d.u.i.k.p.i.AbstractProblemLoader Loading environment from /home/runner/work/key/key/key.core/../key.ui/examples/heap/SmansEtAl/Iterator_hasNext.key.proof 
155150     DEBUG main            d.u.i.k.p.i.AbstractProblemLoader Environment load took 503.01ns 
155151     INFO  main            d.u.i.k.p.i.AbstractProblemLoader Creating init config 
158524     DEBUG main            d.u.i.k.p.i.AbstractProblemLoader Init config took 3.37s 
158570     INFO  main            d.u.i.k.p.i.AbstractProblemLoader Replaying proof Iterator[Iterator::hasNext()].JML normal_behavior operation contract.0 
158699     DEBUG main            d.u.i.k.p.i.IntermediateProofReplayer Proof replay took 122.27ms 
158701     DEBUG main            d.u.i.k.p.r.p.TestFile    ... success: reloaded. 
158702     INFO  main            d.u.i.k.p.r.p.TestFile    Now processing file /home/runner/work/key/key/key.core/../key.ui/examples/heap/SmansEtAl/Iterator_inv.key 
158703     INFO  main            d.u.i.k.p.i.AbstractProblemLoader Loading environment from /home/runner/work/key/key/key.core/../key.ui/examples/heap/SmansEtAl/Iterator_inv.key 
158703     DEBUG main            d.u.i.k.p.i.AbstractProblemLoader Environment load took 295.8ns 
158704     INFO  main            d.u.i.k.p.i.AbstractProblemLoader Creating init config 
162097     DEBUG main            d.u.i.k.p.i.AbstractProblemLoader Init config took 3.39s 
162141     INFO  main            d.u.i.k.p.i.AbstractProblemLoader Replaying proof Iterator[java.lang.Object::<inv>()].JML accessible clause.0 
162143     DEBUG main            d.u.i.k.p.i.IntermediateProofReplayer Proof replay took 7.1ns 
162350     INFO  main            d.u.i.k.p.r.p.TestFile    ... finished proof: closed. 
162697     INFO  main            d.u.i.k.p.i.AbstractProblemLoader Loading environment from /home/runner/work/key/key/key.core/../key.ui/examples/heap/SmansEtAl/Iterator_inv.key.proof 
162698     DEBUG main            d.u.i.k.p.i.AbstractProblemLoader Environment load took 136.2ns 
162699     INFO  main            d.u.i.k.p.i.AbstractProblemLoader Creating init config 
165932     DEBUG main            d.u.i.k.p.i.AbstractProblemLoader Init config took 3.23s 
165977     INFO  main            d.u.i.k.p.i.AbstractProblemLoader Replaying proof Iterator[java.lang.Object::<inv>()].JML accessible clause.0 
166013     DEBUG main            d.u.i.k.p.i.IntermediateProofReplayer Proof replay took 32.24ms 
166014     DEBUG main            d.u.i.k.p.r.p.TestFile    ... success: reloaded. 
166015     INFO  main            d.u.i.k.p.r.p.TestFile    Now processing file /home/runner/work/key/key/key.core/../key.ui/examples/heap/SmansEtAl/Iterator_Iterator.key 
166015     INFO  main            d.u.i.k.p.i.AbstractProblemLoader Loading environment from /home/runner/work/key/key/key.core/../key.ui/examples/heap/SmansEtAl/Iterator_Iterator.key 
166015     DEBUG main            d.u.i.k.p.i.AbstractProblemLoader Environment load took 90.3ns 
166016     INFO  main            d.u.i.k.p.i.AbstractProblemLoader Creating init config 
169421     DEBUG main            d.u.i.k.p.i.AbstractProblemLoader Init config took 3.4s 
169469     INFO  main            d.u.i.k.p.i.AbstractProblemLoader Replaying proof Iterator[Iterator::Iterator(ArrayList)].JML normal_behavior operation contract.0 
169471     DEBUG main            d.u.i.k.p.i.IntermediateProofReplayer Proof replay took 7.6ns 
171180     INFO  main            d.u.i.k.p.r.p.TestFile    ... finished proof: closed. 
171521     INFO  main            d.u.i.k.p.i.AbstractProblemLoader Loading environment from /home/runner/work/key/key/key.core/../key.ui/examples/heap/SmansEtAl/Iterator_Iterator.key.proof 
171521     DEBUG main            d.u.i.k.p.i.AbstractProblemLoader Environment load took 310.21ns 
171523     INFO  main            d.u.i.k.p.i.AbstractProblemLoader Creating init config 
174948     DEBUG main            d.u.i.k.p.i.AbstractProblemLoader Init config took 3.42s 
174991     INFO  main            d.u.i.k.p.i.AbstractProblemLoader Replaying proof Iterator[Iterator::Iterator(ArrayList)].JML normal_behavior operation contract.0 
175260     DEBUG main            d.u.i.k.p.i.IntermediateProofReplayer Proof replay took 253.68ms 
175262     DEBUG main            d.u.i.k.p.r.p.TestFile    ... success: reloaded. 
175264     INFO  main            d.u.i.k.p.r.p.TestFile    Now processing file /home/runner/work/key/key/key.core/../key.ui/examples/heap/SmansEtAl/Iterator_list_dep.key 
175265     INFO  main            d.u.i.k.p.i.AbstractProblemLoader Loading environment from /home/runner/work/key/key/key.core/../key.ui/examples/heap/SmansEtAl/Iterator_list_dep.key 
175265     DEBUG main            d.u.i.k.p.i.AbstractProblemLoader Environment load took 266.11ns 
175266     INFO  main            d.u.i.k.p.i.AbstractProblemLoader Creating init config 
178637     DEBUG main            d.u.i.k.p.i.AbstractProblemLoader Init config took 3.37s 
178678     INFO  main            d.u.i.k.p.i.AbstractProblemLoader Replaying proof Iterator[Iterator::list()].JML accessible clause.0 
178680     DEBUG main            d.u.i.k.p.i.IntermediateProofReplayer Proof replay took 7.1ns 
178782     INFO  main            d.u.i.k.p.r.p.TestFile    ... finished proof: closed. 
179131     INFO  main            d.u.i.k.p.i.AbstractProblemLoader Loading environment from /home/runner/work/key/key/key.core/../key.ui/examples/heap/SmansEtAl/Iterator_list_dep.key.proof 
179131     DEBUG main            d.u.i.k.p.i.AbstractProblemLoader Environment load took 119.2ns 
179133     INFO  main            d.u.i.k.p.i.AbstractProblemLoader Creating init config 
182426     DEBUG main            d.u.i.k.p.i.AbstractProblemLoader Init config took 3.29s 
182469     INFO  main            d.u.i.k.p.i.AbstractProblemLoader Replaying proof Iterator[Iterator::list()].JML accessible clause.0 
182497     DEBUG main            d.u.i.k.p.i.IntermediateProofReplayer Proof replay took 25.85ms 
182498     DEBUG main            d.u.i.k.p.r.p.TestFile    ... success: reloaded. 
182500     INFO  main            d.u.i.k.p.r.p.TestFile    Now processing file /home/runner/work/key/key/key.core/../key.ui/examples/heap/SmansEtAl/Iterator_list.key 
182500     INFO  main            d.u.i.k.p.i.AbstractProblemLoader Loading environment from /home/runner/work/key/key/key.core/../key.ui/examples/heap/SmansEtAl/Iterator_list.key 
182500     DEBUG main            d.u.i.k.p.i.AbstractProblemLoader Environment load took 151.6ns 
182501     INFO  main            d.u.i.k.p.i.AbstractProblemLoader Creating init config 
185825     DEBUG main            d.u.i.k.p.i.AbstractProblemLoader Init config took 3.32s 
185881     INFO  main            d.u.i.k.p.i.AbstractProblemLoader Replaying proof Iterator[Iterator::list()].JML normal_behavior operation contract.0 
185883     DEBUG main            d.u.i.k.p.i.IntermediateProofReplayer Proof replay took 6.8ns 
185985     INFO  main            d.u.i.k.p.r.p.TestFile    ... finished proof: closed. 
186373     INFO  main            d.u.i.k.p.i.AbstractProblemLoader Loading environment from /home/runner/work/key/key/key.core/../key.ui/examples/heap/SmansEtAl/Iterator_list.key.proof 
186374     DEBUG main            d.u.i.k.p.i.AbstractProblemLoader Environment load took 147ns 
186375     INFO  main            d.u.i.k.p.i.AbstractProblemLoader Creating init config 
189674     DEBUG main            d.u.i.k.p.i.AbstractProblemLoader Init config took 3.3s 
189721     INFO  main            d.u.i.k.p.i.AbstractProblemLoader Replaying proof Iterator[Iterator::list()].JML normal_behavior operation contract.0 
189748     DEBUG main            d.u.i.k.p.i.IntermediateProofReplayer Proof replay took 24.71ms 
189749     DEBUG main            d.u.i.k.p.r.p.TestFile    ... success: reloaded. 
189750     INFO  main            d.u.i.k.p.r.p.TestFile    Now processing file /home/runner/work/key/key/key.core/../key.ui/examples/heap/SmansEtAl/Iterator_next.key 
189750     INFO  main            d.u.i.k.p.i.AbstractProblemLoader Loading environment from /home/runner/work/key/key/key.core/../key.ui/examples/heap/SmansEtAl/Iterator_next.key 
189750     DEBUG main            d.u.i.k.p.i.AbstractProblemLoader Environment load took 129.4ns 
189751     INFO  main            d.u.i.k.p.i.AbstractProblemLoader Creating init config 
193088     DEBUG main            d.u.i.k.p.i.AbstractProblemLoader Init config took 3.34s 
193130     INFO  main            d.u.i.k.p.i.AbstractProblemLoader Replaying proof Iterator[Iterator::next()].JML normal_behavior operation contract.0 
193132     DEBUG main            d.u.i.k.p.i.IntermediateProofReplayer Proof replay took 7.3ns 
196745     INFO  main            d.u.i.k.p.r.p.TestFile    ... finished proof: closed. 
197127     INFO  main            d.u.i.k.p.i.AbstractProblemLoader Loading environment from /home/runner/work/key/key/key.core/../key.ui/examples/heap/SmansEtAl/Iterator_next.key.proof 
197127     DEBUG main            d.u.i.k.p.i.AbstractProblemLoader Environment load took 482.71ns 
197129     INFO  main            d.u.i.k.p.i.AbstractProblemLoader Creating init config 
200402     DEBUG main            d.u.i.k.p.i.AbstractProblemLoader Init config took 3.27s 
200447     INFO  main            d.u.i.k.p.i.AbstractProblemLoader Replaying proof Iterator[Iterator::next()].JML normal_behavior operation contract.0 
200882     DEBUG main            d.u.i.k.p.i.IntermediateProofReplayer Proof replay took 413.16ms 
200884     DEBUG main            d.u.i.k.p.r.p.TestFile    ... success: reloaded. 
200885     INFO  main            d.u.i.k.p.r.p.TestFile    Now processing file /home/runner/work/key/key/key.core/../key.ui/examples/heap/SmansEtAl/Stack_footprint.key 
200886     INFO  main            d.u.i.k.p.i.AbstractProblemLoader Loading environment from /home/runner/work/key/key/key.core/../key.ui/examples/heap/SmansEtAl/Stack_footprint.key 
200886     DEBUG main            d.u.i.k.p.i.AbstractProblemLoader Environment load took 134.9ns 
200887     INFO  main            d.u.i.k.p.i.AbstractProblemLoader Creating init config 
204284     DEBUG main            d.u.i.k.p.i.AbstractProblemLoader Init config took 3.4s 
204325     INFO  main            d.u.i.k.p.i.AbstractProblemLoader Replaying proof Stack[Stack::$footprint()].JML accessible clause.0 
204327     DEBUG main            d.u.i.k.p.i.IntermediateProofReplayer Proof replay took 7.5ns 
204651     INFO  main            d.u.i.k.p.r.p.TestFile    ... finished proof: closed. 
204998     INFO  main            d.u.i.k.p.i.AbstractProblemLoader Loading environment from /home/runner/work/key/key/key.core/../key.ui/examples/heap/SmansEtAl/Stack_footprint.key.proof 
204998     DEBUG main            d.u.i.k.p.i.AbstractProblemLoader Environment load took 118ns 
205000     INFO  main            d.u.i.k.p.i.AbstractProblemLoader Creating init config 
208235     DEBUG main            d.u.i.k.p.i.AbstractProblemLoader Init config took 3.23s 
208277     INFO  main            d.u.i.k.p.i.AbstractProblemLoader Replaying proof Stack[Stack::$footprint()].JML accessible clause.0 
208320     DEBUG main            d.u.i.k.p.i.IntermediateProofReplayer Proof replay took 39.32ms 
208322     DEBUG main            d.u.i.k.p.r.p.TestFile    ... success: reloaded. 
208325     INFO  main            d.u.i.k.p.r.p.TestFile    Now processing file /home/runner/work/key/key/key.core/../key.ui/examples/heap/SmansEtAl/Stack_inv.key 
208326     INFO  main            d.u.i.k.p.i.AbstractProblemLoader Loading environment from /home/runner/work/key/key/key.core/../key.ui/examples/heap/SmansEtAl/Stack_inv.key 
208326     DEBUG main            d.u.i.k.p.i.AbstractProblemLoader Environment load took 274.81ns 
208328     INFO  main            d.u.i.k.p.i.AbstractProblemLoader Creating init config 
211734     DEBUG main            d.u.i.k.p.i.AbstractProblemLoader Init config took 3.41s 
211776     INFO  main            d.u.i.k.p.i.AbstractProblemLoader Replaying proof Stack[java.lang.Object::<inv>()].JML accessible clause.0 
211778     DEBUG main            d.u.i.k.p.i.IntermediateProofReplayer Proof replay took 7.9ns 
211880     INFO  main            d.u.i.k.p.r.p.TestFile    ... finished proof: closed. 
212234     INFO  main            d.u.i.k.p.i.AbstractProblemLoader Loading environment from /home/runner/work/key/key/key.core/../key.ui/examples/heap/SmansEtAl/Stack_inv.key.proof 
212234     DEBUG main            d.u.i.k.p.i.AbstractProblemLoader Environment load took 253.81ns 
212236     INFO  main            d.u.i.k.p.i.AbstractProblemLoader Creating init config 
215462     DEBUG main            d.u.i.k.p.i.AbstractProblemLoader Init config took 3.23s 
215502     INFO  main            d.u.i.k.p.i.AbstractProblemLoader Replaying proof Stack[java.lang.Object::<inv>()].JML accessible clause.0 
215518     DEBUG main            d.u.i.k.p.i.IntermediateProofReplayer Proof replay took 13.59ms 
215520     DEBUG main            d.u.i.k.p.r.p.TestFile    ... success: reloaded. 
215521     INFO  main            d.u.i.k.p.r.p.TestFile    Now processing file /home/runner/work/key/key/key.core/../key.ui/examples/heap/SmansEtAl/Stack_push.key 
215521     INFO  main            d.u.i.k.p.i.AbstractProblemLoader Loading environment from /home/runner/work/key/key/key.core/../key.ui/examples/heap/SmansEtAl/Stack_push.key 
215522     DEBUG main            d.u.i.k.p.i.AbstractProblemLoader Environment load took 419.61ns 
215523     INFO  main            d.u.i.k.p.i.AbstractProblemLoader Creating init config 
218917     DEBUG main            d.u.i.k.p.i.AbstractProblemLoader Init config took 3.39s 
218962     INFO  main            d.u.i.k.p.i.AbstractProblemLoader Replaying proof Stack[Stack::push(java.lang.Object)].JML normal_behavior operation contract.0 
218963     DEBUG main            d.u.i.k.p.i.IntermediateProofReplayer Proof replay took 7.1ns 
219868     INFO  main            d.u.i.k.p.r.p.TestFile    ... finished proof: closed. 
220291     INFO  main            d.u.i.k.p.i.AbstractProblemLoader Loading environment from /home/runner/work/key/key/key.core/../key.ui/examples/heap/SmansEtAl/Stack_push.key.proof 
220292     DEBUG main            d.u.i.k.p.i.AbstractProblemLoader Environment load took 561.11ns 
220293     INFO  main            d.u.i.k.p.i.AbstractProblemLoader Creating init config 
223588     DEBUG main            d.u.i.k.p.i.AbstractProblemLoader Init config took 3.29s 
223634     INFO  main            d.u.i.k.p.i.AbstractProblemLoader Replaying proof Stack[Stack::push(java.lang.Object)].JML normal_behavior operation contract.0 
223802     DEBUG main            d.u.i.k.p.i.IntermediateProofReplayer Proof replay took 162.9ms 
223804     DEBUG main            d.u.i.k.p.r.p.TestFile    ... success: reloaded. 
223808     INFO  main            d.u.i.k.p.r.p.TestFile    Now processing file /home/runner/work/key/key/key.core/../key.ui/examples/heap/SmansEtAl/Stack_size.key 
223809     INFO  main            d.u.i.k.p.i.AbstractProblemLoader Loading environment from /home/runner/work/key/key/key.core/../key.ui/examples/heap/SmansEtAl/Stack_size.key 
223809     DEBUG main            d.u.i.k.p.i.AbstractProblemLoader Environment load took 243.7ns 
223811     INFO  main            d.u.i.k.p.i.AbstractProblemLoader Creating init config 
227108     DEBUG main            d.u.i.k.p.i.AbstractProblemLoader Init config took 3.3s 
227149     INFO  main            d.u.i.k.p.i.AbstractProblemLoader Replaying proof Stack[Stack::size()].JML accessible clause.0 
227151     DEBUG main            d.u.i.k.p.i.IntermediateProofReplayer Proof replay took 24.6ns 
227454     INFO  main            d.u.i.k.p.r.p.TestFile    ... finished proof: closed. 
227851     INFO  main            d.u.i.k.p.i.AbstractProblemLoader Loading environment from /home/runner/work/key/key/key.core/../key.ui/examples/heap/SmansEtAl/Stack_size.key.proof 
227851     DEBUG main            d.u.i.k.p.i.AbstractProblemLoader Environment load took 104.2ns 
227853     INFO  main            d.u.i.k.p.i.AbstractProblemLoader Creating init config 
231116     DEBUG main            d.u.i.k.p.i.AbstractProblemLoader Init config took 3.26s 
231155     INFO  main            d.u.i.k.p.i.AbstractProblemLoader Replaying proof Stack[Stack::size()].JML accessible clause.0 
231212     DEBUG main            d.u.i.k.p.i.IntermediateProofReplayer Proof replay took 53.69ms 
231213     DEBUG main            d.u.i.k.p.r.p.TestFile    ... success: reloaded. 
231214     INFO  main            d.u.i.k.p.r.p.TestFile    Now processing file /home/runner/work/key/key/key.core/../key.ui/examples/heap/SmansEtAl/Stack_Stack.key 
231215     INFO  main            d.u.i.k.p.i.AbstractProblemLoader Loading environment from /home/runner/work/key/key/key.core/../key.ui/examples/heap/SmansEtAl/Stack_Stack.key 
231216     DEBUG main            d.u.i.k.p.i.AbstractProblemLoader Environment load took 1.35ms 
231217     INFO  main            d.u.i.k.p.i.AbstractProblemLoader Creating init config 
234594     DEBUG main            d.u.i.k.p.i.AbstractProblemLoader Init config took 3.38s 
234635     INFO  main            d.u.i.k.p.i.AbstractProblemLoader Replaying proof Stack[Stack::Stack()].JML normal_behavior operation contract.0 
234637     DEBUG main            d.u.i.k.p.i.IntermediateProofReplayer Proof replay took 7.6ns 
235945     INFO  main            d.u.i.k.p.r.p.TestFile    ... finished proof: closed. 
236347     INFO  main            d.u.i.k.p.i.AbstractProblemLoader Loading environment from /home/runner/work/key/key/key.core/../key.ui/examples/heap/SmansEtAl/Stack_Stack.key.proof 
236347     DEBUG main            d.u.i.k.p.i.AbstractProblemLoader Environment load took 463.91ns 
236349     INFO  main            d.u.i.k.p.i.AbstractProblemLoader Creating init config 
239617     DEBUG main            d.u.i.k.p.i.AbstractProblemLoader Init config took 3.27s 
239670     INFO  main            d.u.i.k.p.i.AbstractProblemLoader Replaying proof Stack[Stack::Stack()].JML normal_behavior operation contract.0 
239927     DEBUG main            d.u.i.k.p.i.IntermediateProofReplayer Proof replay took 247.75ms 
239928     DEBUG main            d.u.i.k.p.r.p.TestFile    ... success: reloaded. 
239930     INFO  main            d.u.i.k.p.r.p.TestFile    Now processing file /home/runner/work/key/key/key.core/../key.ui/examples/heap/SmansEtAl/Stack_switchContents.key 
239930     INFO  main            d.u.i.k.p.i.AbstractProblemLoader Loading environment from /home/runner/work/key/key/key.core/../key.ui/examples/heap/SmansEtAl/Stack_switchContents.key 
239930     DEBUG main            d.u.i.k.p.i.AbstractProblemLoader Environment load took 107.9ns 
239931     INFO  main            d.u.i.k.p.i.AbstractProblemLoader Creating init config 
243180     DEBUG main            d.u.i.k.p.i.AbstractProblemLoader Init config took 3.25s 
243221     INFO  main            d.u.i.k.p.i.AbstractProblemLoader Replaying proof Stack[Stack::switchContents(Stack)].JML normal_behavior operation contract.0 
243223     DEBUG main            d.u.i.k.p.i.IntermediateProofReplayer Proof replay took 6.7ns 
249016     INFO  main            d.u.i.k.p.r.p.TestFile    ... finished proof: closed. 
249444     INFO  main            d.u.i.k.p.i.AbstractProblemLoader Loading environment from /home/runner/work/key/key/key.core/../key.ui/examples/heap/SmansEtAl/Stack_switchContents.key.proof 
249445     DEBUG main            d.u.i.k.p.i.AbstractProblemLoader Environment load took 555.31ns 
249447     INFO  main            d.u.i.k.p.i.AbstractProblemLoader Creating init config 
252713     DEBUG main            d.u.i.k.p.i.AbstractProblemLoader Init config took 3.27s 
252755     INFO  main            d.u.i.k.p.i.AbstractProblemLoader Replaying proof Stack[Stack::switchContents(Stack)].JML normal_behavior operation contract.0 
253420     DEBUG main            d.u.i.k.p.i.IntermediateProofReplayer Proof replay took 646.98ms 
253423     DEBUG main            d.u.i.k.p.r.p.TestFile    ... success: reloaded. 
2757461    INFO  Test worker     d.u.i.k.p.r.RunAllProofsTestUnit Returning from test SmansEtAl 
2757462    INFO  Test worker     d.u.i.k.p.r.RunAllProofsTestUnit Running test VACID0 
426        INFO  Timeout watchdog d.u.i.k.p.r.p.ForkedTestFileRunner Timeout watcher launched (2000 secs.) 
457        WARN  main            d.u.i.k.s.ProofSettings   The settings in /home/runner/.key/proof-settings.props are *not* read. 
519        INFO  main            d.u.i.k.p.r.p.TestFile    Now processing file /home/runner/work/key/key/key.core/../key.ui/examples/heap/vacid0_01_SparseArray/Harness_sparseArrayTestHarness1.key 
685        INFO  main            d.u.i.k.p.i.AbstractProblemLoader Loading environment from /home/runner/work/key/key/key.core/../key.ui/examples/heap/vacid0_01_SparseArray/Harness_sparseArrayTestHarness1.key 
706        DEBUG main            d.u.i.k.p.i.AbstractProblemLoader Environment load took 2.6ms 
993        INFO  main            d.u.i.k.p.i.AbstractProblemLoader Creating init config 
2239       DEBUG main            d.u.i.k.j.TypeConverter   No LDT found for Meta 
2240       DEBUG main            d.u.i.k.j.TypeConverter   No LDT found for Meta 
2245       DEBUG main            d.u.i.k.j.TypeConverter   No LDT found for Meta 
2245       DEBUG main            d.u.i.k.j.TypeConverter   No LDT found for Meta 
4007       DEBUG main            d.u.i.k.j.TypeConverter   No LDT found for JavaBigintExpression 
11257      DEBUG main            d.u.i.k.p.i.AbstractProblemLoader Init config took 10.26s 
11461      INFO  main            d.u.i.k.p.i.AbstractProblemLoader Replaying proof Harness[Harness::sparseArrayTestHarness1()].JML normal_behavior operation contract.0 
11512      DEBUG main            d.u.i.k.p.i.IntermediateProofReplayer Proof replay took 44.5ns 
13657      INFO  main            d.u.i.k.p.r.p.TestFile    ... finished proof: closed. 
13888      INFO  main            d.u.i.k.p.i.AbstractProblemLoader Loading environment from /home/runner/work/key/key/key.core/../key.ui/examples/heap/vacid0_01_SparseArray/Harness_sparseArrayTestHarness1.key.proof 
13893      DEBUG main            d.u.i.k.p.i.AbstractProblemLoader Environment load took 4.38ms 
13900      INFO  main            d.u.i.k.p.i.AbstractProblemLoader Creating init config 
17930      DEBUG main            d.u.i.k.p.i.AbstractProblemLoader Init config took 4.03s 
18013      INFO  main            d.u.i.k.p.i.AbstractProblemLoader Replaying proof Harness[Harness::sparseArrayTestHarness1()].JML normal_behavior operation contract.0 
18263      DEBUG main            d.u.i.k.p.i.IntermediateProofReplayer Proof replay took 238.93ms 
18273      DEBUG main            d.u.i.k.p.r.p.TestFile    ... success: reloaded. 
18275      INFO  main            d.u.i.k.p.r.p.TestFile    Now processing file /home/runner/work/key/key/key.core/../key.ui/examples/heap/vacid0_01_SparseArray/Harness_sparseArrayTestHarness2.key 
18275      INFO  main            d.u.i.k.p.i.AbstractProblemLoader Loading environment from /home/runner/work/key/key/key.core/../key.ui/examples/heap/vacid0_01_SparseArray/Harness_sparseArrayTestHarness2.key 
18276      DEBUG main            d.u.i.k.p.i.AbstractProblemLoader Environment load took 279.31ns 
18278      INFO  main            d.u.i.k.p.i.AbstractProblemLoader Creating init config 
22099      DEBUG main            d.u.i.k.p.i.AbstractProblemLoader Init config took 3.82s 
22180      INFO  main            d.u.i.k.p.i.AbstractProblemLoader Replaying proof Harness[Harness::sparseArrayTestHarness2()].JML normal_behavior operation contract.0 
22184      DEBUG main            d.u.i.k.p.i.IntermediateProofReplayer Proof replay took 6.3ns 
34757      INFO  main            d.u.i.k.p.r.p.TestFile    ... finished proof: closed. 
35040      INFO  main            d.u.i.k.p.i.AbstractProblemLoader Loading environment from /home/runner/work/key/key/key.core/../key.ui/examples/heap/vacid0_01_SparseArray/Harness_sparseArrayTestHarness2.key.proof 
35041      DEBUG main            d.u.i.k.p.i.AbstractProblemLoader Environment load took 628.41ns 
35045      INFO  main            d.u.i.k.p.i.AbstractProblemLoader Creating init config 
38682      DEBUG main            d.u.i.k.p.i.AbstractProblemLoader Init config took 3.64s 
38758      INFO  main            d.u.i.k.p.i.AbstractProblemLoader Replaying proof Harness[Harness::sparseArrayTestHarness2()].JML normal_behavior operation contract.0 
40346      DEBUG main            d.u.i.k.p.i.IntermediateProofReplayer Proof replay took 1.54s 
40352      DEBUG main            d.u.i.k.p.r.p.TestFile    ... success: reloaded. 
40356      INFO  main            d.u.i.k.p.r.p.TestFile    Now processing file /home/runner/work/key/key/key.core/../key.ui/examples/heap/vacid0_01_SparseArray/MemoryAllocator_alloc_unsigned.key 
40356      INFO  main            d.u.i.k.p.i.AbstractProblemLoader Loading environment from /home/runner/work/key/key/key.core/../key.ui/examples/heap/vacid0_01_SparseArray/MemoryAllocator_alloc_unsigned.key 
40356      DEBUG main            d.u.i.k.p.i.AbstractProblemLoader Environment load took 145.3ns 
40359      INFO  main            d.u.i.k.p.i.AbstractProblemLoader Creating init config 
43933      DEBUG main            d.u.i.k.p.i.AbstractProblemLoader Init config took 3.57s 
43992      INFO  main            d.u.i.k.p.i.AbstractProblemLoader Replaying proof MemoryAllocator[MemoryAllocator::alloc_unsigned(int)].JML normal_behavior operation contract.0 
43994      DEBUG main            d.u.i.k.p.i.IntermediateProofReplayer Proof replay took 6.8ns 
45304      INFO  main            d.u.i.k.p.r.p.TestFile    ... finished proof: closed. 
45515      INFO  main            d.u.i.k.p.i.AbstractProblemLoader Loading environment from /home/runner/work/key/key/key.core/../key.ui/examples/heap/vacid0_01_SparseArray/MemoryAllocator_alloc_unsigned.key.proof 
45515      DEBUG main            d.u.i.k.p.i.AbstractProblemLoader Environment load took 522.09ns 
45518      INFO  main            d.u.i.k.p.i.AbstractProblemLoader Creating init config 
49063      DEBUG main            d.u.i.k.p.i.AbstractProblemLoader Init config took 3.55s 
49120      INFO  main            d.u.i.k.p.i.AbstractProblemLoader Replaying proof MemoryAllocator[MemoryAllocator::alloc_unsigned(int)].JML normal_behavior operation contract.0 
49412      DEBUG main            d.u.i.k.p.i.IntermediateProofReplayer Proof replay took 283.56ms 
49414      DEBUG main            d.u.i.k.p.r.p.TestFile    ... success: reloaded. 
49415      INFO  main            d.u.i.k.p.r.p.TestFile    Now processing file /home/runner/work/key/key/key.core/../key.ui/examples/heap/vacid0_01_SparseArray/MemoryAllocator_alloc.key 
49416      INFO  main            d.u.i.k.p.i.AbstractProblemLoader Loading environment from /home/runner/work/key/key/key.core/../key.ui/examples/heap/vacid0_01_SparseArray/MemoryAllocator_alloc.key 
49416      DEBUG main            d.u.i.k.p.i.AbstractProblemLoader Environment load took 258.31ns 
49417      INFO  main            d.u.i.k.p.i.AbstractProblemLoader Creating init config 
53173      DEBUG main            d.u.i.k.p.i.AbstractProblemLoader Init config took 3.76s 
53236      INFO  main            d.u.i.k.p.i.AbstractProblemLoader Replaying proof MemoryAllocator[MemoryAllocator::alloc(int)].JML normal_behavior operation contract.0 
53238      DEBUG main            d.u.i.k.p.i.IntermediateProofReplayer Proof replay took 7.1ns 
54043      INFO  main            d.u.i.k.p.r.p.TestFile    ... finished proof: closed. 
54281      INFO  main            d.u.i.k.p.i.AbstractProblemLoader Loading environment from /home/runner/work/key/key/key.core/../key.ui/examples/heap/vacid0_01_SparseArray/MemoryAllocator_alloc.key.proof 
54282      DEBUG main            d.u.i.k.p.i.AbstractProblemLoader Environment load took 521.81ns 
54283      INFO  main            d.u.i.k.p.i.AbstractProblemLoader Creating init config 
57889      DEBUG main            d.u.i.k.p.i.AbstractProblemLoader Init config took 3.61s 
57953      INFO  main            d.u.i.k.p.i.AbstractProblemLoader Replaying proof MemoryAllocator[MemoryAllocator::alloc(int)].JML normal_behavior operation contract.0 
58164      DEBUG main            d.u.i.k.p.i.IntermediateProofReplayer Proof replay took 205.77ms 
58165      DEBUG main            d.u.i.k.p.r.p.TestFile    ... success: reloaded. 
58167      INFO  main            d.u.i.k.p.r.p.TestFile    Now processing file /home/runner/work/key/key/key.core/../key.ui/examples/heap/vacid0_01_SparseArray/SparseArray_get_dep.key 
58167      INFO  main            d.u.i.k.p.i.AbstractProblemLoader Loading environment from /home/runner/work/key/key/key.core/../key.ui/examples/heap/vacid0_01_SparseArray/SparseArray_get_dep.key 
58168      DEBUG main            d.u.i.k.p.i.AbstractProblemLoader Environment load took 287.3ns 
58169      INFO  main            d.u.i.k.p.i.AbstractProblemLoader Creating init config 
61693      DEBUG main            d.u.i.k.p.i.AbstractProblemLoader Init config took 3.52s 
61772      INFO  main            d.u.i.k.p.i.AbstractProblemLoader Replaying proof SparseArray[SparseArray::get(int)].JML accessible clause.0 
61775      DEBUG main            d.u.i.k.p.i.IntermediateProofReplayer Proof replay took 23.1ns 
65898      INFO  main            d.u.i.k.p.r.p.TestFile    ... finished proof: closed. 
66142      INFO  main            d.u.i.k.p.i.AbstractProblemLoader Loading environment from /home/runner/work/key/key/key.core/../key.ui/examples/heap/vacid0_01_SparseArray/SparseArray_get_dep.key.proof 
66143      DEBUG main            d.u.i.k.p.i.AbstractProblemLoader Environment load took 689.81ns 
66145      INFO  main            d.u.i.k.p.i.AbstractProblemLoader Creating init config 
69706      DEBUG main            d.u.i.k.p.i.AbstractProblemLoader Init config took 3.56s 
69787      INFO  main            d.u.i.k.p.i.AbstractProblemLoader Replaying proof SparseArray[SparseArray::get(int)].JML accessible clause.0 
70280      DEBUG main            d.u.i.k.p.i.IntermediateProofReplayer Proof replay took 475.95ms 
70281      DEBUG main            d.u.i.k.p.r.p.TestFile    ... success: reloaded. 
70283      INFO  main            d.u.i.k.p.r.p.TestFile    Now processing file /home/runner/work/key/key/key.core/../key.ui/examples/heap/vacid0_01_SparseArray/SparseArray_get.key 
70283      INFO  main            d.u.i.k.p.i.AbstractProblemLoader Loading environment from /home/runner/work/key/key/key.core/../key.ui/examples/heap/vacid0_01_SparseArray/SparseArray_get.key 
70284      DEBUG main            d.u.i.k.p.i.AbstractProblemLoader Environment load took 298.2ns 
70285      INFO  main            d.u.i.k.p.i.AbstractProblemLoader Creating init config 
73756      DEBUG main            d.u.i.k.p.i.AbstractProblemLoader Init config took 3.47s 
73845      INFO  main            d.u.i.k.p.i.AbstractProblemLoader Replaying proof SparseArray[SparseArray::get(int)].JML normal_behavior operation contract.0 
73847      DEBUG main            d.u.i.k.p.i.IntermediateProofReplayer Proof replay took 6.1ns 
76696      INFO  main            d.u.i.k.p.r.p.TestFile    ... finished proof: closed. 
76927      INFO  main            d.u.i.k.p.i.AbstractProblemLoader Loading environment from /home/runner/work/key/key/key.core/../key.ui/examples/heap/vacid0_01_SparseArray/SparseArray_get.key.proof 
76928      DEBUG main            d.u.i.k.p.i.AbstractProblemLoader Environment load took 557.91ns 
76930      INFO  main            d.u.i.k.p.i.AbstractProblemLoader Creating init config 
80308      DEBUG main            d.u.i.k.p.i.AbstractProblemLoader Init config took 3.38s 
80386      INFO  main            d.u.i.k.p.i.AbstractProblemLoader Replaying proof SparseArray[SparseArray::get(int)].JML normal_behavior operation contract.0 
80866      DEBUG main            d.u.i.k.p.i.IntermediateProofReplayer Proof replay took 468.78ms 
80868      DEBUG main            d.u.i.k.p.r.p.TestFile    ... success: reloaded. 
80869      INFO  main            d.u.i.k.p.r.p.TestFile    Now processing file /home/runner/work/key/key/key.core/../key.ui/examples/heap/vacid0_01_SparseArray/SparseArray_inv.key 
80869      INFO  main            d.u.i.k.p.i.AbstractProblemLoader Loading environment from /home/runner/work/key/key/key.core/../key.ui/examples/heap/vacid0_01_SparseArray/SparseArray_inv.key 
80870      DEBUG main            d.u.i.k.p.i.AbstractProblemLoader Environment load took 140.5ns 
80871      INFO  main            d.u.i.k.p.i.AbstractProblemLoader Creating init config 
84452      DEBUG main            d.u.i.k.p.i.AbstractProblemLoader Init config took 3.58s 
84533      INFO  main            d.u.i.k.p.i.AbstractProblemLoader Replaying proof SparseArray[java.lang.Object::<inv>()].JML accessible clause.0 
84536      DEBUG main            d.u.i.k.p.i.IntermediateProofReplayer Proof replay took 6.6ns 
86846      INFO  main            d.u.i.k.p.r.p.TestFile    ... finished proof: closed. 
87090      INFO  main            d.u.i.k.p.i.AbstractProblemLoader Loading environment from /home/runner/work/key/key/key.core/../key.ui/examples/heap/vacid0_01_SparseArray/SparseArray_inv.key.proof 
87090      DEBUG main            d.u.i.k.p.i.AbstractProblemLoader Environment load took 278.2ns 
87092      INFO  main            d.u.i.k.p.i.AbstractProblemLoader Creating init config 
90577      DEBUG main            d.u.i.k.p.i.AbstractProblemLoader Init config took 3.48s 
90645      INFO  main            d.u.i.k.p.i.AbstractProblemLoader Replaying proof SparseArray[java.lang.Object::<inv>()].JML accessible clause.0 
90814      DEBUG main            d.u.i.k.p.i.IntermediateProofReplayer Proof replay took 163.67ms 
90816      DEBUG main            d.u.i.k.p.r.p.TestFile    ... success: reloaded. 
90817      INFO  main            d.u.i.k.p.r.p.TestFile    Now processing file /home/runner/work/key/key/key.core/../key.ui/examples/heap/vacid0_01_SparseArray/SparseArray_SparseArray.key 
90817      INFO  main            d.u.i.k.p.i.AbstractProblemLoader Loading environment from /home/runner/work/key/key/key.core/../key.ui/examples/heap/vacid0_01_SparseArray/SparseArray_SparseArray.key 
90818      DEBUG main            d.u.i.k.p.i.AbstractProblemLoader Environment load took 180.1ns 
90819      INFO  main            d.u.i.k.p.i.AbstractProblemLoader Creating init config 
94258      DEBUG main            d.u.i.k.p.i.AbstractProblemLoader Init config took 3.44s 
94328      INFO  main            d.u.i.k.p.i.AbstractProblemLoader Replaying proof SparseArray[SparseArray::SparseArray(int)].JML normal_behavior operation contract.0 
94330      DEBUG main            d.u.i.k.p.i.IntermediateProofReplayer Proof replay took 7.1ns 
98664      INFO  main            d.u.i.k.p.r.p.TestFile    ... finished proof: closed. 
98944      INFO  main            d.u.i.k.p.i.AbstractProblemLoader Loading environment from /home/runner/work/key/key/key.core/../key.ui/examples/heap/vacid0_01_SparseArray/SparseArray_SparseArray.key.proof 
98945      DEBUG main            d.u.i.k.p.i.AbstractProblemLoader Environment load took 501.81ns 
98946      INFO  main            d.u.i.k.p.i.AbstractProblemLoader Creating init config 
102415     DEBUG main            d.u.i.k.p.i.AbstractProblemLoader Init config took 3.47s 
102484     INFO  main            d.u.i.k.p.i.AbstractProblemLoader Replaying proof SparseArray[SparseArray::SparseArray(int)].JML normal_behavior operation contract.0 
103106     DEBUG main            d.u.i.k.p.i.IntermediateProofReplayer Proof replay took 612.11ms 
103107     DEBUG main            d.u.i.k.p.r.p.TestFile    ... success: reloaded. 
2860780    INFO  Test worker     d.u.i.k.p.r.RunAllProofsTestUnit Returning from test VACID0 
2860785    INFO  Test worker     d.u.i.k.p.r.RunAllProofsTestUnit Running test VSTTE10 
453        INFO  Timeout watchdog d.u.i.k.p.r.p.ForkedTestFileRunner Timeout watcher launched (2000 secs.) 
477        WARN  main            d.u.i.k.s.ProofSettings   The settings in /home/runner/.key/proof-settings.props are *not* read. 
526        INFO  main            d.u.i.k.p.r.p.TestFile    Now processing file /home/runner/work/key/key/key.core/../key.ui/examples/heap/vstte10_01_SumAndMax/SumAndMax_sumAndMax.key 
662        INFO  main            d.u.i.k.p.i.AbstractProblemLoader Loading environment from /home/runner/work/key/key/key.core/../key.ui/examples/heap/vstte10_01_SumAndMax/SumAndMax_sumAndMax.key 
683        DEBUG main            d.u.i.k.p.i.AbstractProblemLoader Environment load took 2.42ms 
977        INFO  main            d.u.i.k.p.i.AbstractProblemLoader Creating init config 
2239       DEBUG main            d.u.i.k.j.TypeConverter   No LDT found for Meta 
2239       DEBUG main            d.u.i.k.j.TypeConverter   No LDT found for Meta 
2249       DEBUG main            d.u.i.k.j.TypeConverter   No LDT found for Meta 
2250       DEBUG main            d.u.i.k.j.TypeConverter   No LDT found for Meta 
4006       DEBUG main            d.u.i.k.j.TypeConverter   No LDT found for JavaBigintExpression 
10484      DEBUG main            d.u.i.k.p.i.AbstractProblemLoader Init config took 9.51s 
10685      INFO  main            d.u.i.k.p.i.AbstractProblemLoader Replaying proof SumAndMax[SumAndMax::sumAndMax([I)].JML normal_behavior operation contract.0 
10746      DEBUG main            d.u.i.k.p.i.IntermediateProofReplayer Proof replay took 51.9ns 
17649      INFO  main            d.u.i.k.p.r.p.TestFile    ... finished proof: closed. 
17871      INFO  main            d.u.i.k.p.i.AbstractProblemLoader Loading environment from /home/runner/work/key/key/key.core/../key.ui/examples/heap/vstte10_01_SumAndMax/SumAndMax_sumAndMax.key.proof 
17872      DEBUG main            d.u.i.k.p.i.AbstractProblemLoader Environment load took 1.26ms 
17876      INFO  main            d.u.i.k.p.i.AbstractProblemLoader Creating init config 
21391      DEBUG main            d.u.i.k.p.i.AbstractProblemLoader Init config took 3.51s 
21465      INFO  main            d.u.i.k.p.i.AbstractProblemLoader Replaying proof SumAndMax[SumAndMax::sumAndMax([I)].JML normal_behavior operation contract.0 
22396      DEBUG main            d.u.i.k.p.i.IntermediateProofReplayer Proof replay took 903.18ms 
22406      DEBUG main            d.u.i.k.p.r.p.TestFile    ... success: reloaded. 
22408      INFO  main            d.u.i.k.p.r.p.TestFile    Now processing file /home/runner/work/key/key/key.core/../key.ui/examples/heap/vstte10_03_LinkedList/Node_cons.key 
22408      INFO  main            d.u.i.k.p.i.AbstractProblemLoader Loading environment from /home/runner/work/key/key/key.core/../key.ui/examples/heap/vstte10_03_LinkedList/Node_cons.key 
22408      DEBUG main            d.u.i.k.p.i.AbstractProblemLoader Environment load took 253.3ns 
22410      INFO  main            d.u.i.k.p.i.AbstractProblemLoader Creating init config 
26025      DEBUG main            d.u.i.k.p.i.AbstractProblemLoader Init config took 3.62s 
26106      INFO  main            d.u.i.k.p.i.AbstractProblemLoader Replaying proof Node[Node::cons(int,Node)].JML normal_behavior operation contract.0 
26113      DEBUG main            d.u.i.k.p.i.IntermediateProofReplayer Proof replay took 8.3ns 
28128      INFO  main            d.u.i.k.p.r.p.TestFile    ... finished proof: closed. 
28339      INFO  main            d.u.i.k.p.i.AbstractProblemLoader Loading environment from /home/runner/work/key/key/key.core/../key.ui/examples/heap/vstte10_03_LinkedList/Node_cons.key.proof 
28339      DEBUG main            d.u.i.k.p.i.AbstractProblemLoader Environment load took 600.51ns 
28341      INFO  main            d.u.i.k.p.i.AbstractProblemLoader Creating init config 
31600      DEBUG main            d.u.i.k.p.i.AbstractProblemLoader Init config took 3.26s 
31668      INFO  main            d.u.i.k.p.i.AbstractProblemLoader Replaying proof Node[Node::cons(int,Node)].JML normal_behavior operation contract.0 
32083      DEBUG main            d.u.i.k.p.i.IntermediateProofReplayer Proof replay took 400.12ms 
32085      DEBUG main            d.u.i.k.p.r.p.TestFile    ... success: reloaded. 
32087      INFO  main            d.u.i.k.p.r.p.TestFile    Now processing file /home/runner/work/key/key/key.core/../key.ui/examples/heap/vstte10_03_LinkedList/Node_inv.key 
32087      INFO  main            d.u.i.k.p.i.AbstractProblemLoader Loading environment from /home/runner/work/key/key/key.core/../key.ui/examples/heap/vstte10_03_LinkedList/Node_inv.key 
32088      DEBUG main            d.u.i.k.p.i.AbstractProblemLoader Environment load took 269.5ns 
32090      INFO  main            d.u.i.k.p.i.AbstractProblemLoader Creating init config 
35358      DEBUG main            d.u.i.k.p.i.AbstractProblemLoader Init config took 3.27s 
35425      INFO  main            d.u.i.k.p.i.AbstractProblemLoader Replaying proof Node[java.lang.Object::<inv>()].JML accessible clause.0 
35428      DEBUG main            d.u.i.k.p.i.IntermediateProofReplayer Proof replay took 24ns 
35834      INFO  main            d.u.i.k.p.r.p.TestFile    ... finished proof: closed. 
36031      INFO  main            d.u.i.k.p.i.AbstractProblemLoader Loading environment from /home/runner/work/key/key/key.core/../key.ui/examples/heap/vstte10_03_LinkedList/Node_inv.key.proof 
36033      DEBUG main            d.u.i.k.p.i.AbstractProblemLoader Environment load took 2.17ms 
36035      INFO  main            d.u.i.k.p.i.AbstractProblemLoader Creating init config 
39325      DEBUG main            d.u.i.k.p.i.AbstractProblemLoader Init config took 3.29s 
39398      INFO  main            d.u.i.k.p.i.AbstractProblemLoader Replaying proof Node[java.lang.Object::<inv>()].JML accessible clause.0 
39450      DEBUG main            d.u.i.k.p.i.IntermediateProofReplayer Proof replay took 47.95ms 
39452      DEBUG main            d.u.i.k.p.r.p.TestFile    ... success: reloaded. 
39454      INFO  main            d.u.i.k.p.r.p.TestFile    Now processing file /home/runner/work/key/key/key.core/../key.ui/examples/heap/vstte10_03_LinkedList/Node_search.key 
39454      INFO  main            d.u.i.k.p.i.AbstractProblemLoader Loading environment from /home/runner/work/key/key/key.core/../key.ui/examples/heap/vstte10_03_LinkedList/Node_search.key 
39454      DEBUG main            d.u.i.k.p.i.AbstractProblemLoader Environment load took 267.9ns 
39456      INFO  main            d.u.i.k.p.i.AbstractProblemLoader Creating init config 
42811      DEBUG main            d.u.i.k.p.i.AbstractProblemLoader Init config took 3.36s 
42873      INFO  main            d.u.i.k.p.i.AbstractProblemLoader Replaying proof Node[Node::search()].JML normal_behavior operation contract.0 
42875      DEBUG main            d.u.i.k.p.i.IntermediateProofReplayer Proof replay took 6.8ns 
51595      INFO  main            d.u.i.k.p.r.p.TestFile    ... finished proof: closed. 
51892      INFO  main            d.u.i.k.p.i.AbstractProblemLoader Loading environment from /home/runner/work/key/key/key.core/../key.ui/examples/heap/vstte10_03_LinkedList/Node_search.key.proof 
51893      DEBUG main            d.u.i.k.p.i.AbstractProblemLoader Environment load took 569.41ns 
51897      INFO  main            d.u.i.k.p.i.AbstractProblemLoader Creating init config 
55071      DEBUG main            d.u.i.k.p.i.AbstractProblemLoader Init config took 3.17s 
55136      INFO  main            d.u.i.k.p.i.AbstractProblemLoader Replaying proof Node[Node::search()].JML normal_behavior operation contract.0 
56207      DEBUG main            d.u.i.k.p.i.IntermediateProofReplayer Proof replay took 1.02s 
56211      DEBUG main            d.u.i.k.p.r.p.TestFile    ... success: reloaded. 
56212      INFO  main            d.u.i.k.p.r.p.TestFile    Now processing file /home/runner/work/key/key/key.core/../key.ui/examples/heap/vstte10_04_Queens/Queens_isConsistent.key 
56213      INFO  main            d.u.i.k.p.i.AbstractProblemLoader Loading environment from /home/runner/work/key/key/key.core/../key.ui/examples/heap/vstte10_04_Queens/Queens_isConsistent.key 
56213      DEBUG main            d.u.i.k.p.i.AbstractProblemLoader Environment load took 248.2ns 
56214      INFO  main            d.u.i.k.p.i.AbstractProblemLoader Creating init config 
59801      DEBUG main            d.u.i.k.p.i.AbstractProblemLoader Init config took 3.59s 
59871      INFO  main            d.u.i.k.p.i.AbstractProblemLoader Replaying proof Queens[Queens::isConsistent([I,int)].JML normal_behavior operation contract.0 
59873      DEBUG main            d.u.i.k.p.i.IntermediateProofReplayer Proof replay took 5.5ns 
62425      INFO  main            d.u.i.k.p.r.p.TestFile    ... finished proof: closed. 
62691      INFO  main            d.u.i.k.p.i.AbstractProblemLoader Loading environment from /home/runner/work/key/key/key.core/../key.ui/examples/heap/vstte10_04_Queens/Queens_isConsistent.key.proof 
62692      DEBUG main            d.u.i.k.p.i.AbstractProblemLoader Environment load took 644.51ns 
62694      INFO  main            d.u.i.k.p.i.AbstractProblemLoader Creating init config 
65927      DEBUG main            d.u.i.k.p.i.AbstractProblemLoader Init config took 3.23s 
65983      INFO  main            d.u.i.k.p.i.AbstractProblemLoader Replaying proof Queens[Queens::isConsistent([I,int)].JML normal_behavior operation contract.0 
66532      DEBUG main            d.u.i.k.p.i.IntermediateProofReplayer Proof replay took 539.28ms 
66534      DEBUG main            d.u.i.k.p.r.p.TestFile    ... success: reloaded. 
66535      INFO  main            d.u.i.k.p.r.p.TestFile    Now processing file /home/runner/work/key/key/key.core/../key.ui/examples/heap/vstte10_04_Queens/Queens_nQueens.key 
66536      INFO  main            d.u.i.k.p.i.AbstractProblemLoader Loading environment from /home/runner/work/key/key/key.core/../key.ui/examples/heap/vstte10_04_Queens/Queens_nQueens.key 
66536      DEBUG main            d.u.i.k.p.i.AbstractProblemLoader Environment load took 686.91ns 
66537      INFO  main            d.u.i.k.p.i.AbstractProblemLoader Creating init config 
69958      DEBUG main            d.u.i.k.p.i.AbstractProblemLoader Init config took 3.42s 
70019      INFO  main            d.u.i.k.p.i.AbstractProblemLoader Replaying proof Queens[Queens::nQueens(int)].JML normal_behavior operation contract.0 
70025      DEBUG main            d.u.i.k.p.i.IntermediateProofReplayer Proof replay took 8ns 
86491      INFO  main            d.u.i.k.p.r.p.TestFile    ... finished proof: closed. 
86796      INFO  main            d.u.i.k.p.i.AbstractProblemLoader Loading environment from /home/runner/work/key/key/key.core/../key.ui/examples/heap/vstte10_04_Queens/Queens_nQueens.key.proof 
86796      DEBUG main            d.u.i.k.p.i.AbstractProblemLoader Environment load took 227.8ns 
86798      INFO  main            d.u.i.k.p.i.AbstractProblemLoader Creating init config 
90067      DEBUG main            d.u.i.k.p.i.AbstractProblemLoader Init config took 3.27s 
90121      INFO  main            d.u.i.k.p.i.AbstractProblemLoader Replaying proof Queens[Queens::nQueens(int)].JML normal_behavior operation contract.0 
91498      DEBUG main            d.u.i.k.p.i.IntermediateProofReplayer Proof replay took 1.35s 
91500      DEBUG main            d.u.i.k.p.r.p.TestFile    ... success: reloaded. 
91502      INFO  main            d.u.i.k.p.r.p.TestFile    Now processing file /home/runner/work/key/key/key.core/../key.ui/examples/heap/vstte10_05_Queue/AmortizedQueue_AmortizedQueue.key 
91502      INFO  main            d.u.i.k.p.i.AbstractProblemLoader Loading environment from /home/runner/work/key/key/key.core/../key.ui/examples/heap/vstte10_05_Queue/AmortizedQueue_AmortizedQueue.key 
91503      DEBUG main            d.u.i.k.p.i.AbstractProblemLoader Environment load took 264.9ns 
91504      INFO  main            d.u.i.k.p.i.AbstractProblemLoader Creating init config 
94926      DEBUG main            d.u.i.k.p.i.AbstractProblemLoader Init config took 3.42s 
94986      INFO  main            d.u.i.k.p.i.AbstractProblemLoader Replaying proof AmortizedQueue[AmortizedQueue::AmortizedQueue()].JML normal_behavior operation contract.0 
94988      DEBUG main            d.u.i.k.p.i.IntermediateProofReplayer Proof replay took 6.7ns 
96799      INFO  main            d.u.i.k.p.r.p.TestFile    ... finished proof: closed. 
97147      INFO  main            d.u.i.k.p.i.AbstractProblemLoader Loading environment from /home/runner/work/key/key/key.core/../key.ui/examples/heap/vstte10_05_Queue/AmortizedQueue_AmortizedQueue.key.proof 
97148      DEBUG main            d.u.i.k.p.i.AbstractProblemLoader Environment load took 904.41ns 
97149      INFO  main            d.u.i.k.p.i.AbstractProblemLoader Creating init config 
100452     DEBUG main            d.u.i.k.p.i.AbstractProblemLoader Init config took 3.3s 
100507     INFO  main            d.u.i.k.p.i.AbstractProblemLoader Replaying proof AmortizedQueue[AmortizedQueue::AmortizedQueue()].JML normal_behavior operation contract.0 
100823     DEBUG main            d.u.i.k.p.i.IntermediateProofReplayer Proof replay took 308.21ms 
100824     DEBUG main            d.u.i.k.p.r.p.TestFile    ... success: reloaded. 
100826     INFO  main            d.u.i.k.p.r.p.TestFile    Now processing file /home/runner/work/key/key/key.core/../key.ui/examples/heap/vstte10_05_Queue/AmortizedQueue_front.key 
100826     INFO  main            d.u.i.k.p.i.AbstractProblemLoader Loading environment from /home/runner/work/key/key/key.core/../key.ui/examples/heap/vstte10_05_Queue/AmortizedQueue_front.key 
100827     DEBUG main            d.u.i.k.p.i.AbstractProblemLoader Environment load took 314.31ns 
100828     INFO  main            d.u.i.k.p.i.AbstractProblemLoader Creating init config 
104146     DEBUG main            d.u.i.k.p.i.AbstractProblemLoader Init config took 3.32s 
104200     INFO  main            d.u.i.k.p.i.AbstractProblemLoader Replaying proof AmortizedQueue[AmortizedQueue::front()].JML normal_behavior operation contract.0 
104203     DEBUG main            d.u.i.k.p.i.IntermediateProofReplayer Proof replay took 6.2ns 
104822     INFO  main            d.u.i.k.p.r.p.TestFile    ... finished proof: closed. 
105071     INFO  main            d.u.i.k.p.i.AbstractProblemLoader Loading environment from /home/runner/work/key/key/key.core/../key.ui/examples/heap/vstte10_05_Queue/AmortizedQueue_front.key.proof 
105071     DEBUG main            d.u.i.k.p.i.AbstractProblemLoader Environment load took 560.51ns 
105073     INFO  main            d.u.i.k.p.i.AbstractProblemLoader Creating init config 
108307     DEBUG main            d.u.i.k.p.i.AbstractProblemLoader Init config took 3.23s 
108368     INFO  main            d.u.i.k.p.i.AbstractProblemLoader Replaying proof AmortizedQueue[AmortizedQueue::front()].JML normal_behavior operation contract.0 
108446     DEBUG main            d.u.i.k.p.i.IntermediateProofReplayer Proof replay took 74.21ms 
108447     DEBUG main            d.u.i.k.p.r.p.TestFile    ... success: reloaded. 
108449     INFO  main            d.u.i.k.p.r.p.TestFile    Now processing file /home/runner/work/key/key/key.core/../key.ui/examples/heap/vstte10_05_Queue/LinkedList_concat.key 
108449     INFO  main            d.u.i.k.p.i.AbstractProblemLoader Loading environment from /home/runner/work/key/key/key.core/../key.ui/examples/heap/vstte10_05_Queue/LinkedList_concat.key 
108449     DEBUG main            d.u.i.k.p.i.AbstractProblemLoader Environment load took 120.7ns 
108450     INFO  main            d.u.i.k.p.i.AbstractProblemLoader Creating init config 
111682     DEBUG main            d.u.i.k.p.i.AbstractProblemLoader Init config took 3.23s 
111740     INFO  main            d.u.i.k.p.i.AbstractProblemLoader Replaying proof LinkedList[LinkedList::concat(LinkedList)].JML normal_behavior operation contract.0 
111742     DEBUG main            d.u.i.k.p.i.IntermediateProofReplayer Proof replay took 23.9ns 
123441     INFO  main            d.u.i.k.p.r.p.TestFile    ... finished proof: closed. 
123800     INFO  main            d.u.i.k.p.i.AbstractProblemLoader Loading environment from /home/runner/work/key/key/key.core/../key.ui/examples/heap/vstte10_05_Queue/LinkedList_concat.key.proof 
123800     DEBUG main            d.u.i.k.p.i.AbstractProblemLoader Environment load took 504.01ns 
123803     INFO  main            d.u.i.k.p.i.AbstractProblemLoader Creating init config 
127055     DEBUG main            d.u.i.k.p.i.AbstractProblemLoader Init config took 3.25s 
127109     INFO  main            d.u.i.k.p.i.AbstractProblemLoader Replaying proof LinkedList[LinkedList::concat(LinkedList)].JML normal_behavior operation contract.0 
128248     DEBUG main            d.u.i.k.p.i.IntermediateProofReplayer Proof replay took 1.09s 
128251     DEBUG main            d.u.i.k.p.r.p.TestFile    ... success: reloaded. 
128253     INFO  main            d.u.i.k.p.r.p.TestFile    Now processing file /home/runner/work/key/key/key.core/../key.ui/examples/heap/vstte10_05_Queue/LinkedList_cons.key 
128253     INFO  main            d.u.i.k.p.i.AbstractProblemLoader Loading environment from /home/runner/work/key/key/key.core/../key.ui/examples/heap/vstte10_05_Queue/LinkedList_cons.key 
128253     DEBUG main            d.u.i.k.p.i.AbstractProblemLoader Environment load took 234.7ns 
128257     INFO  main            d.u.i.k.p.i.AbstractProblemLoader Creating init config 
131539     DEBUG main            d.u.i.k.p.i.AbstractProblemLoader Init config took 3.28s 
131592     INFO  main            d.u.i.k.p.i.AbstractProblemLoader Replaying proof LinkedList[LinkedList::cons(int)].JML normal_behavior operation contract.0 
131594     DEBUG main            d.u.i.k.p.i.IntermediateProofReplayer Proof replay took 6.8ns 
134630     INFO  main            d.u.i.k.p.r.p.TestFile    ... finished proof: closed. 
134952     INFO  main            d.u.i.k.p.i.AbstractProblemLoader Loading environment from /home/runner/work/key/key/key.core/../key.ui/examples/heap/vstte10_05_Queue/LinkedList_cons.key.proof 
134952     DEBUG main            d.u.i.k.p.i.AbstractProblemLoader Environment load took 143.9ns 
134954     INFO  main            d.u.i.k.p.i.AbstractProblemLoader Creating init config 
138160     DEBUG main            d.u.i.k.p.i.AbstractProblemLoader Init config took 3.21s 
138213     INFO  main            d.u.i.k.p.i.AbstractProblemLoader Replaying proof LinkedList[LinkedList::cons(int)].JML normal_behavior operation contract.0 
138599     DEBUG main            d.u.i.k.p.i.IntermediateProofReplayer Proof replay took 374.96ms 
138600     DEBUG main            d.u.i.k.p.r.p.TestFile    ... success: reloaded. 
138601     INFO  main            d.u.i.k.p.r.p.TestFile    Now processing file /home/runner/work/key/key/key.core/../key.ui/examples/heap/vstte10_05_Queue/LinkedList_head.key 
138601     INFO  main            d.u.i.k.p.i.AbstractProblemLoader Loading environment from /home/runner/work/key/key/key.core/../key.ui/examples/heap/vstte10_05_Queue/LinkedList_head.key 
138601     DEBUG main            d.u.i.k.p.i.AbstractProblemLoader Environment load took 172.8ns 
138602     INFO  main            d.u.i.k.p.i.AbstractProblemLoader Creating init config 
141871     DEBUG main            d.u.i.k.p.i.AbstractProblemLoader Init config took 3.27s 
141925     INFO  main            d.u.i.k.p.i.AbstractProblemLoader Replaying proof LinkedList[LinkedList::head()].JML normal_behavior operation contract.0 
141927     DEBUG main            d.u.i.k.p.i.IntermediateProofReplayer Proof replay took 8ns 
142130     INFO  main            d.u.i.k.p.r.p.TestFile    ... finished proof: closed. 
142443     INFO  main            d.u.i.k.p.i.AbstractProblemLoader Loading environment from /home/runner/work/key/key/key.core/../key.ui/examples/heap/vstte10_05_Queue/LinkedList_head.key.proof 
142443     DEBUG main            d.u.i.k.p.i.AbstractProblemLoader Environment load took 131ns 
142445     INFO  main            d.u.i.k.p.i.AbstractProblemLoader Creating init config 
145729     DEBUG main            d.u.i.k.p.i.AbstractProblemLoader Init config took 3.28s 
145797     INFO  main            d.u.i.k.p.i.AbstractProblemLoader Replaying proof LinkedList[LinkedList::head()].JML normal_behavior operation contract.0 
145816     DEBUG main            d.u.i.k.p.i.IntermediateProofReplayer Proof replay took 16.36ms 
145817     DEBUG main            d.u.i.k.p.r.p.TestFile    ... success: reloaded. 
145819     INFO  main            d.u.i.k.p.r.p.TestFile    Now processing file /home/runner/work/key/key/key.core/../key.ui/examples/heap/vstte10_05_Queue/LinkedList_inv.key 
145819     INFO  main            d.u.i.k.p.i.AbstractProblemLoader Loading environment from /home/runner/work/key/key/key.core/../key.ui/examples/heap/vstte10_05_Queue/LinkedList_inv.key 
145819     DEBUG main            d.u.i.k.p.i.AbstractProblemLoader Environment load took 224.4ns 
145820     INFO  main            d.u.i.k.p.i.AbstractProblemLoader Creating init config 
149024     DEBUG main            d.u.i.k.p.i.AbstractProblemLoader Init config took 3.2s 
149076     INFO  main            d.u.i.k.p.i.AbstractProblemLoader Replaying proof LinkedList[java.lang.Object::<inv>()].JML accessible clause.0 
149078     DEBUG main            d.u.i.k.p.i.IntermediateProofReplayer Proof replay took 6.5ns 
149481     INFO  main            d.u.i.k.p.r.p.TestFile    ... finished proof: closed. 
149782     INFO  main            d.u.i.k.p.i.AbstractProblemLoader Loading environment from /home/runner/work/key/key/key.core/../key.ui/examples/heap/vstte10_05_Queue/LinkedList_inv.key.proof 
149782     DEBUG main            d.u.i.k.p.i.AbstractProblemLoader Environment load took 140.7ns 
149783     INFO  main            d.u.i.k.p.i.AbstractProblemLoader Creating init config 
152917     DEBUG main            d.u.i.k.p.i.AbstractProblemLoader Init config took 3.13s 
152967     INFO  main            d.u.i.k.p.i.AbstractProblemLoader Replaying proof LinkedList[java.lang.Object::<inv>()].JML accessible clause.0 
153028     DEBUG main            d.u.i.k.p.i.IntermediateProofReplayer Proof replay took 54.23ms 
153029     DEBUG main            d.u.i.k.p.r.p.TestFile    ... success: reloaded. 
153031     INFO  main            d.u.i.k.p.r.p.TestFile    Now processing file /home/runner/work/key/key/key.core/../key.ui/examples/heap/vstte10_05_Queue/LinkedList_length.key 
153031     INFO  main            d.u.i.k.p.i.AbstractProblemLoader Loading environment from /home/runner/work/key/key/key.core/../key.ui/examples/heap/vstte10_05_Queue/LinkedList_length.key 
153031     DEBUG main            d.u.i.k.p.i.AbstractProblemLoader Environment load took 240.9ns 
153032     INFO  main            d.u.i.k.p.i.AbstractProblemLoader Creating init config 
156238     DEBUG main            d.u.i.k.p.i.AbstractProblemLoader Init config took 3.21s 
156289     INFO  main            d.u.i.k.p.i.AbstractProblemLoader Replaying proof LinkedList[LinkedList::length()].JML normal_behavior operation contract.0 
156291     DEBUG main            d.u.i.k.p.i.IntermediateProofReplayer Proof replay took 6.5ns 
156393     INFO  main            d.u.i.k.p.r.p.TestFile    ... finished proof: closed. 
156699     INFO  main            d.u.i.k.p.i.AbstractProblemLoader Loading environment from /home/runner/work/key/key/key.core/../key.ui/examples/heap/vstte10_05_Queue/LinkedList_length.key.proof 
156699     DEBUG main            d.u.i.k.p.i.AbstractProblemLoader Environment load took 121.9ns 
156700     INFO  main            d.u.i.k.p.i.AbstractProblemLoader Creating init config 
159913     DEBUG main            d.u.i.k.p.i.AbstractProblemLoader Init config took 3.21s 
159977     INFO  main            d.u.i.k.p.i.AbstractProblemLoader Replaying proof LinkedList[LinkedList::length()].JML normal_behavior operation contract.0 
159998     DEBUG main            d.u.i.k.p.i.IntermediateProofReplayer Proof replay took 19.6ms 
160000     DEBUG main            d.u.i.k.p.r.p.TestFile    ... success: reloaded. 
160001     INFO  main            d.u.i.k.p.r.p.TestFile    Now processing file /home/runner/work/key/key/key.core/../key.ui/examples/heap/vstte10_05_Queue/LinkedList_LinkedList1.key 
160001     INFO  main            d.u.i.k.p.i.AbstractProblemLoader Loading environment from /home/runner/work/key/key/key.core/../key.ui/examples/heap/vstte10_05_Queue/LinkedList_LinkedList1.key 
160002     DEBUG main            d.u.i.k.p.i.AbstractProblemLoader Environment load took 191.5ns 
160003     INFO  main            d.u.i.k.p.i.AbstractProblemLoader Creating init config 
163244     DEBUG main            d.u.i.k.p.i.AbstractProblemLoader Init config took 3.24s 
163297     INFO  main            d.u.i.k.p.i.AbstractProblemLoader Replaying proof LinkedList[LinkedList::LinkedList(int,LinkedList)].JML normal_behavior operation contract.0 
163299     DEBUG main            d.u.i.k.p.i.IntermediateProofReplayer Proof replay took 15.9ns 
165807     INFO  main            d.u.i.k.p.r.p.TestFile    ... finished proof: closed. 
166163     INFO  main            d.u.i.k.p.i.AbstractProblemLoader Loading environment from /home/runner/work/key/key/key.core/../key.ui/examples/heap/vstte10_05_Queue/LinkedList_LinkedList1.key.proof 
166164     DEBUG main            d.u.i.k.p.i.AbstractProblemLoader Environment load took 496.71ns 
166165     INFO  main            d.u.i.k.p.i.AbstractProblemLoader Creating init config 
169255     DEBUG main            d.u.i.k.p.i.AbstractProblemLoader Init config took 3.09s 
169316     INFO  main            d.u.i.k.p.i.AbstractProblemLoader Replaying proof LinkedList[LinkedList::LinkedList(int,LinkedList)].JML normal_behavior operation contract.0 
169650     DEBUG main            d.u.i.k.p.i.IntermediateProofReplayer Proof replay took 326.26ms 
169651     DEBUG main            d.u.i.k.p.r.p.TestFile    ... success: reloaded. 
169653     INFO  main            d.u.i.k.p.r.p.TestFile    Now processing file /home/runner/work/key/key/key.core/../key.ui/examples/heap/vstte10_05_Queue/LinkedList_LinkedList2.key 
169654     INFO  main            d.u.i.k.p.i.AbstractProblemLoader Loading environment from /home/runner/work/key/key/key.core/../key.ui/examples/heap/vstte10_05_Queue/LinkedList_LinkedList2.key 
169654     DEBUG main            d.u.i.k.p.i.AbstractProblemLoader Environment load took 119.8ns 
169655     INFO  main            d.u.i.k.p.i.AbstractProblemLoader Creating init config 
172943     DEBUG main            d.u.i.k.p.i.AbstractProblemLoader Init config took 3.29s 
173022     INFO  main            d.u.i.k.p.i.AbstractProblemLoader Replaying proof LinkedList[LinkedList::LinkedList(int,LinkedList)].JML normal_behavior operation contract.0 
173024     DEBUG main            d.u.i.k.p.i.IntermediateProofReplayer Proof replay took 6.7ns 
175432     INFO  main            d.u.i.k.p.r.p.TestFile    ... finished proof: closed. 
175781     INFO  main            d.u.i.k.p.i.AbstractProblemLoader Loading environment from /home/runner/work/key/key/key.core/../key.ui/examples/heap/vstte10_05_Queue/LinkedList_LinkedList2.key.proof 
175782     DEBUG main            d.u.i.k.p.i.AbstractProblemLoader Environment load took 520.01ns 
175784     INFO  main            d.u.i.k.p.i.AbstractProblemLoader Creating init config 
178909     DEBUG main            d.u.i.k.p.i.AbstractProblemLoader Init config took 3.13s 
178961     INFO  main            d.u.i.k.p.i.AbstractProblemLoader Replaying proof LinkedList[LinkedList::LinkedList(int,LinkedList)].JML normal_behavior operation contract.0 
179312     DEBUG main            d.u.i.k.p.i.IntermediateProofReplayer Proof replay took 342.37ms 
179314     DEBUG main            d.u.i.k.p.r.p.TestFile    ... success: reloaded. 
179315     INFO  main            d.u.i.k.p.r.p.TestFile    Now processing file /home/runner/work/key/key/key.core/../key.ui/examples/heap/vstte10_05_Queue/LinkedList_LinkedList3.key 
179316     INFO  main            d.u.i.k.p.i.AbstractProblemLoader Loading environment from /home/runner/work/key/key/key.core/../key.ui/examples/heap/vstte10_05_Queue/LinkedList_LinkedList3.key 
179316     DEBUG main            d.u.i.k.p.i.AbstractProblemLoader Environment load took 231.5ns 
179318     INFO  main            d.u.i.k.p.i.AbstractProblemLoader Creating init config 
182526     DEBUG main            d.u.i.k.p.i.AbstractProblemLoader Init config took 3.21s 
182585     INFO  main            d.u.i.k.p.i.AbstractProblemLoader Replaying proof LinkedList[LinkedList::LinkedList(int,LinkedList)].JML normal_behavior operation contract.0 
182586     DEBUG main            d.u.i.k.p.i.IntermediateProofReplayer Proof replay took 6.6ns 
200312     INFO  main            d.u.i.k.p.r.p.TestFile    ... finished proof: closed. 
200747     INFO  main            d.u.i.k.p.i.AbstractProblemLoader Loading environment from /home/runner/work/key/key/key.core/../key.ui/examples/heap/vstte10_05_Queue/LinkedList_LinkedList3.key.proof 
200748     DEBUG main            d.u.i.k.p.i.AbstractProblemLoader Environment load took 553.01ns 
200754     INFO  main            d.u.i.k.p.i.AbstractProblemLoader Creating init config 
203874     DEBUG main            d.u.i.k.p.i.AbstractProblemLoader Init config took 3.12s 
203927     INFO  main            d.u.i.k.p.i.AbstractProblemLoader Replaying proof LinkedList[LinkedList::LinkedList(int,LinkedList)].JML normal_behavior operation contract.0 
205733     DEBUG main            d.u.i.k.p.i.IntermediateProofReplayer Proof replay took 1.7s 
205739     DEBUG main            d.u.i.k.p.r.p.TestFile    ... success: reloaded. 
205740     INFO  main            d.u.i.k.p.r.p.TestFile    Now processing file /home/runner/work/key/key/key.core/../key.ui/examples/heap/vstte10_05_Queue/LinkedList_reverse.key 
205741     INFO  main            d.u.i.k.p.i.AbstractProblemLoader Loading environment from /home/runner/work/key/key/key.core/../key.ui/examples/heap/vstte10_05_Queue/LinkedList_reverse.key 
205741     DEBUG main            d.u.i.k.p.i.AbstractProblemLoader Environment load took 215.4ns 
205742     INFO  main            d.u.i.k.p.i.AbstractProblemLoader Creating init config 
209138     DEBUG main            d.u.i.k.p.i.AbstractProblemLoader Init config took 3.4s 
209190     INFO  main            d.u.i.k.p.i.AbstractProblemLoader Replaying proof LinkedList[LinkedList::reverse()].JML normal_behavior operation contract.0 
209196     DEBUG main            d.u.i.k.p.i.IntermediateProofReplayer Proof replay took 6.9ns 
221403     INFO  main            d.u.i.k.p.r.p.TestFile    ... finished proof: closed. 
221817     INFO  main            d.u.i.k.p.i.AbstractProblemLoader Loading environment from /home/runner/work/key/key/key.core/../key.ui/examples/heap/vstte10_05_Queue/LinkedList_reverse.key.proof 
221818     DEBUG main            d.u.i.k.p.i.AbstractProblemLoader Environment load took 658.91ns 
221821     INFO  main            d.u.i.k.p.i.AbstractProblemLoader Creating init config 
224972     DEBUG main            d.u.i.k.p.i.AbstractProblemLoader Init config took 3.15s 
225041     INFO  main            d.u.i.k.p.i.AbstractProblemLoader Replaying proof LinkedList[LinkedList::reverse()].JML normal_behavior operation contract.0 
226103     DEBUG main            d.u.i.k.p.i.IntermediateProofReplayer Proof replay took 1.03s 
226106     DEBUG main            d.u.i.k.p.r.p.TestFile    ... success: reloaded. 
226108     INFO  main            d.u.i.k.p.r.p.TestFile    Now processing file /home/runner/work/key/key/key.core/../key.ui/examples/heap/vstte10_05_Queue/LinkedList_tail.key 
226108     INFO  main            d.u.i.k.p.i.AbstractProblemLoader Loading environment from /home/runner/work/key/key/key.core/../key.ui/examples/heap/vstte10_05_Queue/LinkedList_tail.key 
226108     DEBUG main            d.u.i.k.p.i.AbstractProblemLoader Environment load took 136.5ns 
226110     INFO  main            d.u.i.k.p.i.AbstractProblemLoader Creating init config 
229335     DEBUG main            d.u.i.k.p.i.AbstractProblemLoader Init config took 3.23s 
229418     INFO  main            d.u.i.k.p.i.AbstractProblemLoader Replaying proof LinkedList[LinkedList::tail()].JML normal_behavior operation contract.0 
229422     DEBUG main            d.u.i.k.p.i.IntermediateProofReplayer Proof replay took 42.2ns 
230126     INFO  main            d.u.i.k.p.r.p.TestFile    ... finished proof: closed. 
230474     INFO  main            d.u.i.k.p.i.AbstractProblemLoader Loading environment from /home/runner/work/key/key/key.core/../key.ui/examples/heap/vstte10_05_Queue/LinkedList_tail.key.proof 
230475     DEBUG main            d.u.i.k.p.i.AbstractProblemLoader Environment load took 487.81ns 
230476     INFO  main            d.u.i.k.p.i.AbstractProblemLoader Creating init config 
233653     DEBUG main            d.u.i.k.p.i.AbstractProblemLoader Init config took 3.18s 
233703     INFO  main            d.u.i.k.p.i.AbstractProblemLoader Replaying proof LinkedList[LinkedList::tail()].JML normal_behavior operation contract.0 
233831     DEBUG main            d.u.i.k.p.i.IntermediateProofReplayer Proof replay took 124.16ms 
233832     DEBUG main            d.u.i.k.p.r.p.TestFile    ... success: reloaded. 
3094826    INFO  Test worker     d.u.i.k.p.r.RunAllProofsTestUnit Returning from test VSTTE10 
3094827    INFO  Test worker     d.u.i.k.p.r.RunAllProofsTestUnit Running test WeideEtAl 
450        INFO  Timeout watchdog d.u.i.k.p.r.p.ForkedTestFileRunner Timeout watcher launched (2000 secs.) 
467        WARN  main            d.u.i.k.s.ProofSettings   The settings in /home/runner/.key/proof-settings.props are *not* read. 
524        INFO  main            d.u.i.k.p.r.p.TestFile    Now processing file /home/runner/work/key/key/key.core/../key.ui/examples/heap/WeideEtAl_01_AddAndMultiply/AddAndMultiply_add.key 
696        INFO  main            d.u.i.k.p.i.AbstractProblemLoader Loading environment from /home/runner/work/key/key/key.core/../key.ui/examples/heap/WeideEtAl_01_AddAndMultiply/AddAndMultiply_add.key 
724        DEBUG main            d.u.i.k.p.i.AbstractProblemLoader Environment load took 2.61ms 
1021       INFO  main            d.u.i.k.p.i.AbstractProblemLoader Creating init config 
2356       DEBUG main            d.u.i.k.j.TypeConverter   No LDT found for Meta 
2356       DEBUG main            d.u.i.k.j.TypeConverter   No LDT found for Meta 
2360       DEBUG main            d.u.i.k.j.TypeConverter   No LDT found for Meta 
2361       DEBUG main            d.u.i.k.j.TypeConverter   No LDT found for Meta 
4126       DEBUG main            d.u.i.k.j.TypeConverter   No LDT found for JavaBigintExpression 
10415      DEBUG main            d.u.i.k.p.i.AbstractProblemLoader Init config took 9.39s 
10620      INFO  main            d.u.i.k.p.i.AbstractProblemLoader Replaying proof AddAndMultiply[AddAndMultiply::add(int,int)].JML normal_behavior operation contract.0 
10663      DEBUG main            d.u.i.k.p.i.IntermediateProofReplayer Proof replay took 36.2ns 
12509      INFO  main            d.u.i.k.p.r.p.TestFile    ... finished proof: closed. 
12697      INFO  main            d.u.i.k.p.i.AbstractProblemLoader Loading environment from /home/runner/work/key/key/key.core/../key.ui/examples/heap/WeideEtAl_01_AddAndMultiply/AddAndMultiply_add.key.proof 
12697      DEBUG main            d.u.i.k.p.i.AbstractProblemLoader Environment load took 244.5ns 
12701      INFO  main            d.u.i.k.p.i.AbstractProblemLoader Creating init config 
16242      DEBUG main            d.u.i.k.p.i.AbstractProblemLoader Init config took 3.54s 
16358      INFO  main            d.u.i.k.p.i.AbstractProblemLoader Replaying proof AddAndMultiply[AddAndMultiply::add(int,int)].JML normal_behavior operation contract.0 
16826      DEBUG main            d.u.i.k.p.i.IntermediateProofReplayer Proof replay took 442.97ms 
16836      DEBUG main            d.u.i.k.p.r.p.TestFile    ... success: reloaded. 
16840      INFO  main            d.u.i.k.p.r.p.TestFile    Now processing file /home/runner/work/key/key/key.core/../key.ui/examples/heap/WeideEtAl_01_AddAndMultiply/AddAndMultiply_mul.key 
16841      INFO  main            d.u.i.k.p.i.AbstractProblemLoader Loading environment from /home/runner/work/key/key/key.core/../key.ui/examples/heap/WeideEtAl_01_AddAndMultiply/AddAndMultiply_mul.key 
16842      DEBUG main            d.u.i.k.p.i.AbstractProblemLoader Environment load took 404.11ns 
16848      INFO  main            d.u.i.k.p.i.AbstractProblemLoader Creating init config 
20218      DEBUG main            d.u.i.k.p.i.AbstractProblemLoader Init config took 3.37s 
20304      INFO  main            d.u.i.k.p.i.AbstractProblemLoader Replaying proof AddAndMultiply[AddAndMultiply::mul(int,int)].JML normal_behavior operation contract.0 
20308      DEBUG main            d.u.i.k.p.i.IntermediateProofReplayer Proof replay took 6.8ns 
21015      INFO  main            d.u.i.k.p.r.p.TestFile    ... finished proof: closed. 
21251      INFO  main            d.u.i.k.p.i.AbstractProblemLoader Loading environment from /home/runner/work/key/key/key.core/../key.ui/examples/heap/WeideEtAl_01_AddAndMultiply/AddAndMultiply_mul.key.proof 
21251      DEBUG main            d.u.i.k.p.i.AbstractProblemLoader Environment load took 522.81ns 
21253      INFO  main            d.u.i.k.p.i.AbstractProblemLoader Creating init config 
24523      DEBUG main            d.u.i.k.p.i.AbstractProblemLoader Init config took 3.27s 
24588      INFO  main            d.u.i.k.p.i.AbstractProblemLoader Replaying proof AddAndMultiply[AddAndMultiply::mul(int,int)].JML normal_behavior operation contract.0 
24745      DEBUG main            d.u.i.k.p.i.IntermediateProofReplayer Proof replay took 150.87ms 
24746      DEBUG main            d.u.i.k.p.r.p.TestFile    ... success: reloaded. 
24748      INFO  main            d.u.i.k.p.r.p.TestFile    Now processing file /home/runner/work/key/key/key.core/../key.ui/examples/heap/WeideEtAl_02_BinarySearch/BinarySearch_search.key 
24748      INFO  main            d.u.i.k.p.i.AbstractProblemLoader Loading environment from /home/runner/work/key/key/key.core/../key.ui/examples/heap/WeideEtAl_02_BinarySearch/BinarySearch_search.key 
24749      DEBUG main            d.u.i.k.p.i.AbstractProblemLoader Environment load took 280.4ns 
24750      INFO  main            d.u.i.k.p.i.AbstractProblemLoader Creating init config 
28096      DEBUG main            d.u.i.k.p.i.AbstractProblemLoader Init config took 3.35s 
28157      INFO  main            d.u.i.k.p.i.AbstractProblemLoader Replaying proof BinarySearch[BinarySearch::search([I,int)].JML normal_behavior operation contract.0 
28165      DEBUG main            d.u.i.k.p.i.IntermediateProofReplayer Proof replay took 7ns 
32484      INFO  main            d.u.i.k.p.r.p.TestFile    ... finished proof: closed. 
32739      INFO  main            d.u.i.k.p.i.AbstractProblemLoader Loading environment from /home/runner/work/key/key/key.core/../key.ui/examples/heap/WeideEtAl_02_BinarySearch/BinarySearch_search.key.proof 
32739      DEBUG main            d.u.i.k.p.i.AbstractProblemLoader Environment load took 286ns 
32741      INFO  main            d.u.i.k.p.i.AbstractProblemLoader Creating init config 
35989      DEBUG main            d.u.i.k.p.i.AbstractProblemLoader Init config took 3.25s 
36045      INFO  main            d.u.i.k.p.i.AbstractProblemLoader Replaying proof BinarySearch[BinarySearch::search([I,int)].JML normal_behavior operation contract.0 
36796      DEBUG main            d.u.i.k.p.i.IntermediateProofReplayer Proof replay took 724.78ms 
36799      DEBUG main            d.u.i.k.p.r.p.TestFile    ... success: reloaded. 
3131837    INFO  Test worker     d.u.i.k.p.r.RunAllProofsTestUnit Returning from test WeideEtAl 
3131838    INFO  Test worker     d.u.i.k.p.r.RunAllProofsTestUnit Running test arithmetic 
500        INFO  Timeout watchdog d.u.i.k.p.r.p.ForkedTestFileRunner Timeout watcher launched (2000 secs.) 
523        WARN  main            d.u.i.k.s.ProofSettings   The settings in /home/runner/.key/proof-settings.props are *not* read. 
582        INFO  main            d.u.i.k.p.r.p.TestFile    Now processing file /home/runner/work/key/key/key.core/../key.ui/examples/standard_key/arith/binomial1.key 
773        INFO  main            d.u.i.k.p.i.AbstractProblemLoader Loading environment from /home/runner/work/key/key/key.core/../key.ui/examples/standard_key/arith/binomial1.key 
795        DEBUG main            d.u.i.k.p.i.AbstractProblemLoader Environment load took 3.2ms 
1122       INFO  main            d.u.i.k.p.i.AbstractProblemLoader Creating init config 
2540       DEBUG main            d.u.i.k.j.TypeConverter   No LDT found for Meta 
2540       DEBUG main            d.u.i.k.j.TypeConverter   No LDT found for Meta 
2544       DEBUG main            d.u.i.k.j.TypeConverter   No LDT found for Meta 
2544       DEBUG main            d.u.i.k.j.TypeConverter   No LDT found for Meta 
4890       DEBUG main            d.u.i.k.j.TypeConverter   No LDT found for JavaBigintExpression 
11141      DEBUG main            d.u.i.k.p.i.AbstractProblemLoader Init config took 10.02s 
11229      INFO  main            d.u.i.k.p.i.AbstractProblemLoader Replaying proof binomial1.key 
11283      DEBUG main            d.u.i.k.p.i.IntermediateProofReplayer Proof replay took 42.8ns 
11663      INFO  main            d.u.i.k.p.r.p.TestFile    ... finished proof: closed. 
11790      INFO  main            d.u.i.k.p.i.AbstractProblemLoader Loading environment from /home/runner/work/key/key/key.core/../key.ui/examples/standard_key/arith/binomial1.key.proof 
11793      DEBUG main            d.u.i.k.p.i.AbstractProblemLoader Environment load took 2.59ms 
11799      INFO  main            d.u.i.k.p.i.AbstractProblemLoader Creating init config 
15230      DEBUG main            d.u.i.k.p.i.AbstractProblemLoader Init config took 3.43s 
15270      INFO  main            d.u.i.k.p.i.AbstractProblemLoader Replaying proof binomial1.key.proof 
15295      DEBUG main            d.u.i.k.p.i.IntermediateProofReplayer Proof replay took 18.71ms 
15309      DEBUG main            d.u.i.k.p.r.p.TestFile    ... success: reloaded. 
15310      INFO  main            d.u.i.k.p.r.p.TestFile    Now processing file /home/runner/work/key/key/key.core/../key.ui/examples/standard_key/arith/binomial2.key 
15311      INFO  main            d.u.i.k.p.i.AbstractProblemLoader Loading environment from /home/runner/work/key/key/key.core/../key.ui/examples/standard_key/arith/binomial2.key 
15311      DEBUG main            d.u.i.k.p.i.AbstractProblemLoader Environment load took 287.4ns 
15313      INFO  main            d.u.i.k.p.i.AbstractProblemLoader Creating init config 
18478      DEBUG main            d.u.i.k.p.i.AbstractProblemLoader Init config took 3.16s 
18513      INFO  main            d.u.i.k.p.i.AbstractProblemLoader Replaying proof binomial2.key 
18517      DEBUG main            d.u.i.k.p.i.IntermediateProofReplayer Proof replay took 29.5ns 
18620      INFO  main            d.u.i.k.p.r.p.TestFile    ... finished proof: closed. 
18783      INFO  main            d.u.i.k.p.i.AbstractProblemLoader Loading environment from /home/runner/work/key/key/key.core/../key.ui/examples/standard_key/arith/binomial2.key.proof 
18784      DEBUG main            d.u.i.k.p.i.AbstractProblemLoader Environment load took 534.51ns 
18786      INFO  main            d.u.i.k.p.i.AbstractProblemLoader Creating init config 
21868      DEBUG main            d.u.i.k.p.i.AbstractProblemLoader Init config took 3.08s 
21898      INFO  main            d.u.i.k.p.i.AbstractProblemLoader Replaying proof binomial2.key.proof 
21918      DEBUG main            d.u.i.k.p.i.IntermediateProofReplayer Proof replay took 15.11ms 
21920      DEBUG main            d.u.i.k.p.r.p.TestFile    ... success: reloaded. 
21921      INFO  main            d.u.i.k.p.r.p.TestFile    Now processing file /home/runner/work/key/key/key.core/../key.ui/examples/standard_key/arith/check_jdiv.key 
21922      INFO  main            d.u.i.k.p.i.AbstractProblemLoader Loading environment from /home/runner/work/key/key/key.core/../key.ui/examples/standard_key/arith/check_jdiv.key 
21922      DEBUG main            d.u.i.k.p.i.AbstractProblemLoader Environment load took 305.31ns 
21924      INFO  main            d.u.i.k.p.i.AbstractProblemLoader Creating init config 
24944      DEBUG main            d.u.i.k.p.i.AbstractProblemLoader Init config took 3.02s 
24971      INFO  main            d.u.i.k.p.i.AbstractProblemLoader Replaying proof check_jdiv.key 
24976      DEBUG main            d.u.i.k.p.i.IntermediateProofReplayer Proof replay took 32.4ns 
31786      INFO  main            d.u.i.k.p.r.p.TestFile    ... finished proof: closed. 
32074      INFO  main            d.u.i.k.p.i.AbstractProblemLoader Loading environment from /home/runner/work/key/key/key.core/../key.ui/examples/standard_key/arith/check_jdiv.key.proof 
32074      DEBUG main            d.u.i.k.p.i.AbstractProblemLoader Environment load took 607.41ns 
32078      INFO  main            d.u.i.k.p.i.AbstractProblemLoader Creating init config 
35081      DEBUG main            d.u.i.k.p.i.AbstractProblemLoader Init config took 3s 
35120      INFO  main            d.u.i.k.p.i.AbstractProblemLoader Replaying proof check_jdiv.key.proof 
35727      DEBUG main            d.u.i.k.p.i.IntermediateProofReplayer Proof replay took 567.13ms 
35730      DEBUG main            d.u.i.k.p.r.p.TestFile    ... success: reloaded. 
35732      INFO  main            d.u.i.k.p.r.p.TestFile    Now processing file /home/runner/work/key/key/key.core/../key.ui/examples/standard_key/arith/check_jdiv_concrete.key 
35732      INFO  main            d.u.i.k.p.i.AbstractProblemLoader Loading environment from /home/runner/work/key/key/key.core/../key.ui/examples/standard_key/arith/check_jdiv_concrete.key 
35733      DEBUG main            d.u.i.k.p.i.AbstractProblemLoader Environment load took 334.11ns 
35735      INFO  main            d.u.i.k.p.i.AbstractProblemLoader Creating init config 
38716      DEBUG main            d.u.i.k.p.i.AbstractProblemLoader Init config took 2.98s 
38741      INFO  main            d.u.i.k.p.i.AbstractProblemLoader Replaying proof check_jdiv_concrete.key 
38744      DEBUG main            d.u.i.k.p.i.IntermediateProofReplayer Proof replay took 6.8ns 
38847      INFO  main            d.u.i.k.p.r.p.TestFile    ... finished proof: closed. 
39114      INFO  main            d.u.i.k.p.i.AbstractProblemLoader Loading environment from /home/runner/work/key/key/key.core/../key.ui/examples/standard_key/arith/check_jdiv_concrete.key.proof 
39115      DEBUG main            d.u.i.k.p.i.AbstractProblemLoader Environment load took 140.5ns 
39118      INFO  main            d.u.i.k.p.i.AbstractProblemLoader Creating init config 
42018      DEBUG main            d.u.i.k.p.i.AbstractProblemLoader Init config took 2.9s 
42066      INFO  main            d.u.i.k.p.i.AbstractProblemLoader Replaying proof check_jdiv_concrete.key.proof 
42075      DEBUG main            d.u.i.k.p.i.IntermediateProofReplayer Proof replay took 4.91ms 
42078      DEBUG main            d.u.i.k.p.r.p.TestFile    ... success: reloaded. 
42079      INFO  main            d.u.i.k.p.r.p.TestFile    Now processing file /home/runner/work/key/key/key.core/../key.ui/examples/standard_key/arith/check_jdiv_instantiated.key 
42080      INFO  main            d.u.i.k.p.i.AbstractProblemLoader Loading environment from /home/runner/work/key/key/key.core/../key.ui/examples/standard_key/arith/check_jdiv_instantiated.key 
42080      DEBUG main            d.u.i.k.p.i.AbstractProblemLoader Environment load took 299.3ns 
42082      INFO  main            d.u.i.k.p.i.AbstractProblemLoader Creating init config 
45085      DEBUG main            d.u.i.k.p.i.AbstractProblemLoader Init config took 3s 
45115      INFO  main            d.u.i.k.p.i.AbstractProblemLoader Replaying proof check_jdiv_instantiated.key 
45117      DEBUG main            d.u.i.k.p.i.IntermediateProofReplayer Proof replay took 7.1ns 
49356      INFO  main            d.u.i.k.p.r.p.TestFile    ... finished proof: closed. 
49623      INFO  main            d.u.i.k.p.i.AbstractProblemLoader Loading environment from /home/runner/work/key/key/key.core/../key.ui/examples/standard_key/arith/check_jdiv_instantiated.key.proof 
49623      DEBUG main            d.u.i.k.p.i.AbstractProblemLoader Environment load took 530.2ns 
49626      INFO  main            d.u.i.k.p.i.AbstractProblemLoader Creating init config 
52539      DEBUG main            d.u.i.k.p.i.AbstractProblemLoader Init config took 2.91s 
52565      INFO  main            d.u.i.k.p.i.AbstractProblemLoader Replaying proof check_jdiv_instantiated.key.proof 
52909      DEBUG main            d.u.i.k.p.i.IntermediateProofReplayer Proof replay took 311.5ms 
52911      DEBUG main            d.u.i.k.p.r.p.TestFile    ... success: reloaded. 
52913      INFO  main            d.u.i.k.p.r.p.TestFile    Now processing file /home/runner/work/key/key/key.core/../key.ui/examples/standard_key/arith/check_jmod.key 
52914      INFO  main            d.u.i.k.p.i.AbstractProblemLoader Loading environment from /home/runner/work/key/key/key.core/../key.ui/examples/standard_key/arith/check_jmod.key 
52915      DEBUG main            d.u.i.k.p.i.AbstractProblemLoader Environment load took 699.41ns 
52917      INFO  main            d.u.i.k.p.i.AbstractProblemLoader Creating init config 
55837      DEBUG main            d.u.i.k.p.i.AbstractProblemLoader Init config took 2.92s 
55864      INFO  main            d.u.i.k.p.i.AbstractProblemLoader Replaying proof check_jmod.key 
55867      DEBUG main            d.u.i.k.p.i.IntermediateProofReplayer Proof replay took 8.5ns 
56572      INFO  main            d.u.i.k.p.r.p.TestFile    ... finished proof: closed. 
56864      INFO  main            d.u.i.k.p.i.AbstractProblemLoader Loading environment from /home/runner/work/key/key/key.core/../key.ui/examples/standard_key/arith/check_jmod.key.proof 
56865      DEBUG main            d.u.i.k.p.i.AbstractProblemLoader Environment load took 986.62ns 
56866      INFO  main            d.u.i.k.p.i.AbstractProblemLoader Creating init config 
59662      DEBUG main            d.u.i.k.p.i.AbstractProblemLoader Init config took 2.8s 
59683      INFO  main            d.u.i.k.p.i.AbstractProblemLoader Replaying proof check_jmod.key.proof 
59755      DEBUG main            d.u.i.k.p.i.IntermediateProofReplayer Proof replay took 62.27ms 
59761      DEBUG main            d.u.i.k.p.r.p.TestFile    ... success: reloaded. 
59762      INFO  main            d.u.i.k.p.r.p.TestFile    Now processing file /home/runner/work/key/key/key.core/../key.ui/examples/standard_key/arith/complexExpressions.key 
59763      INFO  main            d.u.i.k.p.i.AbstractProblemLoader Loading environment from /home/runner/work/key/key/key.core/../key.ui/examples/standard_key/arith/complexExpressions.key 
59763      DEBUG main            d.u.i.k.p.i.AbstractProblemLoader Environment load took 162.2ns 
59764      INFO  main            d.u.i.k.p.i.AbstractProblemLoader Creating init config 
62683      DEBUG main            d.u.i.k.p.i.AbstractProblemLoader Init config took 2.92s 
62707      INFO  main            d.u.i.k.p.i.AbstractProblemLoader Replaying proof complexExpressions.key 
62710      DEBUG main            d.u.i.k.p.i.IntermediateProofReplayer Proof replay took 7.6ns 
62817      INFO  main            d.u.i.k.p.r.p.TestFile    ... finished proof: closed. 
63045      INFO  main            d.u.i.k.p.i.AbstractProblemLoader Loading environment from /home/runner/work/key/key/key.core/../key.ui/examples/standard_key/arith/complexExpressions.key.proof 
63045      DEBUG main            d.u.i.k.p.i.AbstractProblemLoader Environment load took 155.5ns 
63046      INFO  main            d.u.i.k.p.i.AbstractProblemLoader Creating init config 
65884      DEBUG main            d.u.i.k.p.i.AbstractProblemLoader Init config took 2.84s 
65908      INFO  main            d.u.i.k.p.i.AbstractProblemLoader Replaying proof complexExpressions.key.proof 
65923      DEBUG main            d.u.i.k.p.i.IntermediateProofReplayer Proof replay took 12.32ms 
65923      DEBUG main            d.u.i.k.p.r.p.TestFile    ... success: reloaded. 
65924      INFO  main            d.u.i.k.p.r.p.TestFile    Now processing file /home/runner/work/key/key/key.core/../key.ui/examples/standard_key/arith/compound_unaryMinus.key 
65925      INFO  main            d.u.i.k.p.i.AbstractProblemLoader Loading environment from /home/runner/work/key/key/key.core/../key.ui/examples/standard_key/arith/compound_unaryMinus.key 
65925      DEBUG main            d.u.i.k.p.i.AbstractProblemLoader Environment load took 120.6ns 
65926      INFO  main            d.u.i.k.p.i.AbstractProblemLoader Creating init config 
68892      DEBUG main            d.u.i.k.p.i.AbstractProblemLoader Init config took 2.97s 
68917      INFO  main            d.u.i.k.p.i.AbstractProblemLoader Replaying proof compound_unaryMinus.key 
68920      DEBUG main            d.u.i.k.p.i.IntermediateProofReplayer Proof replay took 8.6ns 
69025      INFO  main            d.u.i.k.p.r.p.TestFile    ... finished proof: closed. 
69254      INFO  main            d.u.i.k.p.i.AbstractProblemLoader Loading environment from /home/runner/work/key/key/key.core/../key.ui/examples/standard_key/arith/compound_unaryMinus.key.proof 
69255      DEBUG main            d.u.i.k.p.i.AbstractProblemLoader Environment load took 140ns 
69256      INFO  main            d.u.i.k.p.i.AbstractProblemLoader Creating init config 
72152      DEBUG main            d.u.i.k.p.i.AbstractProblemLoader Init config took 2.9s 
72175      INFO  main            d.u.i.k.p.i.AbstractProblemLoader Replaying proof compound_unaryMinus.key.proof 
72182      DEBUG main            d.u.i.k.p.i.IntermediateProofReplayer Proof replay took 4.72ms 
72182      DEBUG main            d.u.i.k.p.r.p.TestFile    ... success: reloaded. 
72183      INFO  main            d.u.i.k.p.r.p.TestFile    Now processing file /home/runner/work/key/key/key.core/../key.ui/examples/standard_key/arith/computation.key 
72184      INFO  main            d.u.i.k.p.i.AbstractProblemLoader Loading environment from /home/runner/work/key/key/key.core/../key.ui/examples/standard_key/arith/computation.key 
72184      DEBUG main            d.u.i.k.p.i.AbstractProblemLoader Environment load took 139.7ns 
72185      INFO  main            d.u.i.k.p.i.AbstractProblemLoader Creating init config 
75206      DEBUG main            d.u.i.k.p.i.AbstractProblemLoader Init config took 3.02s 
75231      INFO  main            d.u.i.k.p.i.AbstractProblemLoader Replaying proof computation.key 
75233      DEBUG main            d.u.i.k.p.i.IntermediateProofReplayer Proof replay took 7.8ns 
77000      INFO  main            d.u.i.k.p.r.p.TestFile    ... finished proof: closed. 
77397      INFO  main            d.u.i.k.p.i.AbstractProblemLoader Loading environment from /home/runner/work/key/key/key.core/../key.ui/examples/standard_key/arith/computation.key.proof 
77398      DEBUG main            d.u.i.k.p.i.AbstractProblemLoader Environment load took 523.91ns 
77400      INFO  main            d.u.i.k.p.i.AbstractProblemLoader Creating init config 
80217      DEBUG main            d.u.i.k.p.i.AbstractProblemLoader Init config took 2.82s 
80239      INFO  main            d.u.i.k.p.i.AbstractProblemLoader Replaying proof computation.key.proof 
80428      DEBUG main            d.u.i.k.p.i.IntermediateProofReplayer Proof replay took 183.74ms 
80430      DEBUG main            d.u.i.k.p.r.p.TestFile    ... success: reloaded. 
80432      INFO  main            d.u.i.k.p.r.p.TestFile    Now processing file /home/runner/work/key/key/key.core/../key.ui/examples/standard_key/arith/cubicSum.key 
80433      INFO  main            d.u.i.k.p.i.AbstractProblemLoader Loading environment from /home/runner/work/key/key/key.core/../key.ui/examples/standard_key/arith/cubicSum.key 
80433      DEBUG main            d.u.i.k.p.i.AbstractProblemLoader Environment load took 257.8ns 
80435      INFO  main            d.u.i.k.p.i.AbstractProblemLoader Creating init config 
83567      DEBUG main            d.u.i.k.p.i.AbstractProblemLoader Init config took 3.13s 
83591      INFO  main            d.u.i.k.p.i.AbstractProblemLoader Replaying proof cubicSum.key 
83594      DEBUG main            d.u.i.k.p.i.IntermediateProofReplayer Proof replay took 7.8ns 
84711      INFO  main            d.u.i.k.p.r.p.TestFile    ... finished proof: closed. 
85042      INFO  main            d.u.i.k.p.i.AbstractProblemLoader Loading environment from /home/runner/work/key/key/key.core/../key.ui/examples/standard_key/arith/cubicSum.key.proof 
85042      DEBUG main            d.u.i.k.p.i.AbstractProblemLoader Environment load took 539.61ns 
85045      INFO  main            d.u.i.k.p.i.AbstractProblemLoader Creating init config 
88048      DEBUG main            d.u.i.k.p.i.AbstractProblemLoader Init config took 3s 
88083      INFO  main            d.u.i.k.p.i.AbstractProblemLoader Replaying proof cubicSum.key.proof 
88301      DEBUG main            d.u.i.k.p.i.IntermediateProofReplayer Proof replay took 212.31ms 
88303      DEBUG main            d.u.i.k.p.r.p.TestFile    ... success: reloaded. 
88304      INFO  main            d.u.i.k.p.r.p.TestFile    Now processing file /home/runner/work/key/key/key.core/../key.ui/examples/standard_key/arith/divByZero.key 
88305      INFO  main            d.u.i.k.p.i.AbstractProblemLoader Loading environment from /home/runner/work/key/key/key.core/../key.ui/examples/standard_key/arith/divByZero.key 
88305      DEBUG main            d.u.i.k.p.i.AbstractProblemLoader Environment load took 241.4ns 
88306      INFO  main            d.u.i.k.p.i.AbstractProblemLoader Creating init config 
91233      DEBUG main            d.u.i.k.p.i.AbstractProblemLoader Init config took 2.93s 
91263      INFO  main            d.u.i.k.p.i.AbstractProblemLoader Replaying proof divByZero.key 
91268      DEBUG main            d.u.i.k.p.i.IntermediateProofReplayer Proof replay took 8.4ns 
91572      INFO  main            d.u.i.k.p.r.p.TestFile    ... finished proof: closed. 
91842      INFO  main            d.u.i.k.p.i.AbstractProblemLoader Loading environment from /home/runner/work/key/key/key.core/../key.ui/examples/standard_key/arith/divByZero.key.proof 
91843      DEBUG main            d.u.i.k.p.i.AbstractProblemLoader Environment load took 595.41ns 
91845      INFO  main            d.u.i.k.p.i.AbstractProblemLoader Creating init config 
94833      DEBUG main            d.u.i.k.p.i.AbstractProblemLoader Init config took 2.99s 
94852      INFO  main            d.u.i.k.p.i.AbstractProblemLoader Replaying proof divByZero.key.proof 
94900      DEBUG main            d.u.i.k.p.i.IntermediateProofReplayer Proof replay took 44.51ms 
94901      DEBUG main            d.u.i.k.p.r.p.TestFile    ... success: reloaded. 
94903      INFO  main            d.u.i.k.p.r.p.TestFile    Now processing file /home/runner/work/key/key/key.core/../key.ui/examples/standard_key/arith/divisionAssoc.key 
94903      INFO  main            d.u.i.k.p.i.AbstractProblemLoader Loading environment from /home/runner/work/key/key/key.core/../key.ui/examples/standard_key/arith/divisionAssoc.key 
94903      DEBUG main            d.u.i.k.p.i.AbstractProblemLoader Environment load took 381.51ns 
94905      INFO  main            d.u.i.k.p.i.AbstractProblemLoader Creating init config 
97801      DEBUG main            d.u.i.k.p.i.AbstractProblemLoader Init config took 2.9s 
97820      INFO  main            d.u.i.k.p.i.AbstractProblemLoader Replaying proof divisionAssoc.key 
97822      DEBUG main            d.u.i.k.p.i.IntermediateProofReplayer Proof replay took 8.6ns 
98728      INFO  main            d.u.i.k.p.r.p.TestFile    ... finished proof: closed. 
99008      INFO  main            d.u.i.k.p.i.AbstractProblemLoader Loading environment from /home/runner/work/key/key/key.core/../key.ui/examples/standard_key/arith/divisionAssoc.key.proof 
99009      DEBUG main            d.u.i.k.p.i.AbstractProblemLoader Environment load took 1.19ms 
99011      INFO  main            d.u.i.k.p.i.AbstractProblemLoader Creating init config 
101805     DEBUG main            d.u.i.k.p.i.AbstractProblemLoader Init config took 2.79s 
101824     INFO  main            d.u.i.k.p.i.AbstractProblemLoader Replaying proof divisionAssoc.key.proof 
101896     DEBUG main            d.u.i.k.p.i.IntermediateProofReplayer Proof replay took 66.34ms 
101899     DEBUG main            d.u.i.k.p.r.p.TestFile    ... success: reloaded. 
101900     INFO  main            d.u.i.k.p.r.p.TestFile    Now processing file /home/runner/work/key/key/key.core/../key.ui/examples/standard_key/arith/divisionBy2.key 
101901     INFO  main            d.u.i.k.p.i.AbstractProblemLoader Loading environment from /home/runner/work/key/key/key.core/../key.ui/examples/standard_key/arith/divisionBy2.key 
101901     DEBUG main            d.u.i.k.p.i.AbstractProblemLoader Environment load took 336.4ns 
101903     INFO  main            d.u.i.k.p.i.AbstractProblemLoader Creating init config 
104813     DEBUG main            d.u.i.k.p.i.AbstractProblemLoader Init config took 2.91s 
104856     INFO  main            d.u.i.k.p.i.AbstractProblemLoader Replaying proof divisionBy2.key 
104859     DEBUG main            d.u.i.k.p.i.IntermediateProofReplayer Proof replay took 8.4ns 
104966     INFO  main            d.u.i.k.p.r.p.TestFile    ... finished proof: closed. 
105246     INFO  main            d.u.i.k.p.i.AbstractProblemLoader Loading environment from /home/runner/work/key/key/key.core/../key.ui/examples/standard_key/arith/divisionBy2.key.proof 
105246     DEBUG main            d.u.i.k.p.i.AbstractProblemLoader Environment load took 540.21ns 
105248     INFO  main            d.u.i.k.p.i.AbstractProblemLoader Creating init config 
108026     DEBUG main            d.u.i.k.p.i.AbstractProblemLoader Init config took 2.78s 
108043     INFO  main            d.u.i.k.p.i.AbstractProblemLoader Replaying proof divisionBy2.key.proof 
108052     DEBUG main            d.u.i.k.p.i.IntermediateProofReplayer Proof replay took 6.73ms 
108053     DEBUG main            d.u.i.k.p.r.p.TestFile    ... success: reloaded. 
108054     INFO  main            d.u.i.k.p.r.p.TestFile    Now processing file /home/runner/work/key/key/key.core/../key.ui/examples/standard_key/arith/euclidean/gcdHelp-post.key 
108055     INFO  main            d.u.i.k.p.i.AbstractProblemLoader Loading environment from /home/runner/work/key/key/key.core/../key.ui/examples/standard_key/arith/euclidean/gcdHelp-post.key 
108055     DEBUG main            d.u.i.k.p.i.AbstractProblemLoader Environment load took 224.4ns 
108056     INFO  main            d.u.i.k.p.i.AbstractProblemLoader Creating init config 
111064     DEBUG main            d.u.i.k.p.i.AbstractProblemLoader Init config took 3.01s 
111085     INFO  main            d.u.i.k.p.i.AbstractProblemLoader Replaying proof gcdHelp-post.key 
111087     DEBUG main            d.u.i.k.p.i.IntermediateProofReplayer Proof replay took 7.2ns 
115359     INFO  main            d.u.i.k.p.r.p.TestFile    ... finished proof: closed. 
115661     INFO  main            d.u.i.k.p.i.AbstractProblemLoader Loading environment from /home/runner/work/key/key/key.core/../key.ui/examples/standard_key/arith/euclidean/gcdHelp-post.key.proof 
115661     DEBUG main            d.u.i.k.p.i.AbstractProblemLoader Environment load took 579.91ns 
115663     INFO  main            d.u.i.k.p.i.AbstractProblemLoader Creating init config 
118540     DEBUG main            d.u.i.k.p.i.AbstractProblemLoader Init config took 2.88s 
118561     INFO  main            d.u.i.k.p.i.AbstractProblemLoader Replaying proof gcdHelp-post.key.proof 
118875     DEBUG main            d.u.i.k.p.i.IntermediateProofReplayer Proof replay took 301.21ms 
118877     DEBUG main            d.u.i.k.p.r.p.TestFile    ... success: reloaded. 
118878     INFO  main            d.u.i.k.p.r.p.TestFile    Now processing file /home/runner/work/key/key/key.core/../key.ui/examples/standard_key/arith/gemplusDecimal/add.key 
118879     INFO  main            d.u.i.k.p.i.AbstractProblemLoader Loading environment from /home/runner/work/key/key/key.core/../key.ui/examples/standard_key/arith/gemplusDecimal/add.key 
118879     DEBUG main            d.u.i.k.p.i.AbstractProblemLoader Environment load took 278.1ns 
118882     INFO  main            d.u.i.k.p.i.AbstractProblemLoader Creating init config 
121835     DEBUG main            d.u.i.k.p.i.AbstractProblemLoader Init config took 2.95s 
121857     INFO  main            d.u.i.k.p.i.AbstractProblemLoader Replaying proof add.key 
121859     DEBUG main            d.u.i.k.p.i.IntermediateProofReplayer Proof replay took 7.8ns 
175610     INFO  main            d.u.i.k.p.r.p.TestFile    ... finished proof: closed. 
176125     INFO  main            d.u.i.k.p.i.AbstractProblemLoader Loading environment from /home/runner/work/key/key/key.core/../key.ui/examples/standard_key/arith/gemplusDecimal/add.key.proof 
176125     DEBUG main            d.u.i.k.p.i.AbstractProblemLoader Environment load took 514.61ns 
176140     INFO  main            d.u.i.k.p.i.AbstractProblemLoader Creating init config 
179073     DEBUG main            d.u.i.k.p.i.AbstractProblemLoader Init config took 2.93s 
179093     INFO  main            d.u.i.k.p.i.AbstractProblemLoader Replaying proof add.key.proof 
184267     DEBUG main            d.u.i.k.p.i.IntermediateProofReplayer Proof replay took 5.06s 
184276     DEBUG main            d.u.i.k.p.r.p.TestFile    ... success: reloaded. 
184277     INFO  main            d.u.i.k.p.r.p.TestFile    Now processing file /home/runner/work/key/key/key.core/../key.ui/examples/standard_key/arith/jdivevenodd.key 
184278     INFO  main            d.u.i.k.p.i.AbstractProblemLoader Loading environment from /home/runner/work/key/key/key.core/../key.ui/examples/standard_key/arith/jdivevenodd.key 
184278     DEBUG main            d.u.i.k.p.i.AbstractProblemLoader Environment load took 113ns 
184279     INFO  main            d.u.i.k.p.i.AbstractProblemLoader Creating init config 
187235     DEBUG main            d.u.i.k.p.i.AbstractProblemLoader Init config took 2.96s 
187252     INFO  main            d.u.i.k.p.i.AbstractProblemLoader Replaying proof jdivevenodd.key 
187254     DEBUG main            d.u.i.k.p.i.IntermediateProofReplayer Proof replay took 6.4ns 
187458     INFO  main            d.u.i.k.p.r.p.TestFile    ... finished proof: closed. 
187918     INFO  main            d.u.i.k.p.i.AbstractProblemLoader Loading environment from /home/runner/work/key/key/key.core/../key.ui/examples/standard_key/arith/jdivevenodd.key.proof 
187919     DEBUG main            d.u.i.k.p.i.AbstractProblemLoader Environment load took 561.71ns 
187921     INFO  main            d.u.i.k.p.i.AbstractProblemLoader Creating init config 
190836     DEBUG main            d.u.i.k.p.i.AbstractProblemLoader Init config took 2.91s 
190854     INFO  main            d.u.i.k.p.i.AbstractProblemLoader Replaying proof jdivevenodd.key.proof 
190877     DEBUG main            d.u.i.k.p.i.IntermediateProofReplayer Proof replay took 20.46ms 
190879     DEBUG main            d.u.i.k.p.r.p.TestFile    ... success: reloaded. 
190880     INFO  main            d.u.i.k.p.r.p.TestFile    Now processing file /home/runner/work/key/key/key.core/../key.ui/examples/standard_key/arith/median.key 
190880     INFO  main            d.u.i.k.p.i.AbstractProblemLoader Loading environment from /home/runner/work/key/key/key.core/../key.ui/examples/standard_key/arith/median.key 
190881     DEBUG main            d.u.i.k.p.i.AbstractProblemLoader Environment load took 238.7ns 
190882     INFO  main            d.u.i.k.p.i.AbstractProblemLoader Creating init config 
193793     DEBUG main            d.u.i.k.p.i.AbstractProblemLoader Init config took 2.91s 
193811     INFO  main            d.u.i.k.p.i.AbstractProblemLoader Replaying proof median.key 
193814     DEBUG main            d.u.i.k.p.i.IntermediateProofReplayer Proof replay took 6.4ns 
214195     INFO  main            d.u.i.k.p.r.p.TestFile    ... finished proof: closed. 
214632     INFO  main            d.u.i.k.p.i.AbstractProblemLoader Loading environment from /home/runner/work/key/key/key.core/../key.ui/examples/standard_key/arith/median.key.proof 
214637     DEBUG main            d.u.i.k.p.i.AbstractProblemLoader Environment load took 5.43ms 
214641     INFO  main            d.u.i.k.p.i.AbstractProblemLoader Creating init config 
217461     DEBUG main            d.u.i.k.p.i.AbstractProblemLoader Init config took 2.82s 
217484     INFO  main            d.u.i.k.p.i.AbstractProblemLoader Replaying proof median.key.proof 
219158     DEBUG main            d.u.i.k.p.i.IntermediateProofReplayer Proof replay took 1.6s 
219161     DEBUG main            d.u.i.k.p.r.p.TestFile    ... success: reloaded. 
219164     INFO  main            d.u.i.k.p.r.p.TestFile    Now processing file /home/runner/work/key/key/key.core/../key.ui/examples/standard_key/arith/mod1.key 
219164     INFO  main            d.u.i.k.p.i.AbstractProblemLoader Loading environment from /home/runner/work/key/key/key.core/../key.ui/examples/standard_key/arith/mod1.key 
219164     DEBUG main            d.u.i.k.p.i.AbstractProblemLoader Environment load took 102.1ns 
219165     INFO  main            d.u.i.k.p.i.AbstractProblemLoader Creating init config 
222034     DEBUG main            d.u.i.k.p.i.AbstractProblemLoader Init config took 2.87s 
222051     INFO  main            d.u.i.k.p.i.AbstractProblemLoader Replaying proof mod1.key 
222054     DEBUG main            d.u.i.k.p.i.IntermediateProofReplayer Proof replay took 7.6ns 
222157     INFO  main            d.u.i.k.p.r.p.TestFile    ... finished proof: closed. 
222555     INFO  main            d.u.i.k.p.i.AbstractProblemLoader Loading environment from /home/runner/work/key/key/key.core/../key.ui/examples/standard_key/arith/mod1.key.proof 
222555     DEBUG main            d.u.i.k.p.i.AbstractProblemLoader Environment load took 131.3ns 
222557     INFO  main            d.u.i.k.p.i.AbstractProblemLoader Creating init config 
225518     DEBUG main            d.u.i.k.p.i.AbstractProblemLoader Init config took 2.96s 
225534     INFO  main            d.u.i.k.p.i.AbstractProblemLoader Replaying proof mod1.key.proof 
225539     DEBUG main            d.u.i.k.p.i.IntermediateProofReplayer Proof replay took 3.17ms 
225540     DEBUG main            d.u.i.k.p.r.p.TestFile    ... success: reloaded. 
225541     INFO  main            d.u.i.k.p.r.p.TestFile    Now processing file /home/runner/work/key/key/key.core/../key.ui/examples/standard_key/arith/mod2.key 
225542     INFO  main            d.u.i.k.p.i.AbstractProblemLoader Loading environment from /home/runner/work/key/key/key.core/../key.ui/examples/standard_key/arith/mod2.key 
225542     DEBUG main            d.u.i.k.p.i.AbstractProblemLoader Environment load took 154ns 
225543     INFO  main            d.u.i.k.p.i.AbstractProblemLoader Creating init config 
228406     DEBUG main            d.u.i.k.p.i.AbstractProblemLoader Init config took 2.86s 
228424     INFO  main            d.u.i.k.p.i.AbstractProblemLoader Replaying proof mod2.key 
228428     DEBUG main            d.u.i.k.p.i.IntermediateProofReplayer Proof replay took 8.1ns 
228532     INFO  main            d.u.i.k.p.r.p.TestFile    ... finished proof: closed. 
228833     INFO  main            d.u.i.k.p.i.AbstractProblemLoader Loading environment from /home/runner/work/key/key/key.core/../key.ui/examples/standard_key/arith/mod2.key.proof 
228833     DEBUG main            d.u.i.k.p.i.AbstractProblemLoader Environment load took 123.1ns 
228835     INFO  main            d.u.i.k.p.i.AbstractProblemLoader Creating init config 
231715     DEBUG main            d.u.i.k.p.i.AbstractProblemLoader Init config took 2.88s 
231733     INFO  main            d.u.i.k.p.i.AbstractProblemLoader Replaying proof mod2.key.proof 
231737     DEBUG main            d.u.i.k.p.i.IntermediateProofReplayer Proof replay took 2.29ms 
231738     DEBUG main            d.u.i.k.p.r.p.TestFile    ... success: reloaded. 
231739     INFO  main            d.u.i.k.p.r.p.TestFile    Now processing file /home/runner/work/key/key/key.core/../key.ui/examples/standard_key/arith/mod7.key 
231740     INFO  main            d.u.i.k.p.i.AbstractProblemLoader Loading environment from /home/runner/work/key/key/key.core/../key.ui/examples/standard_key/arith/mod7.key 
231740     DEBUG main            d.u.i.k.p.i.AbstractProblemLoader Environment load took 272.41ns 
231741     INFO  main            d.u.i.k.p.i.AbstractProblemLoader Creating init config 
234643     DEBUG main            d.u.i.k.p.i.AbstractProblemLoader Init config took 2.9s 
234660     INFO  main            d.u.i.k.p.i.AbstractProblemLoader Replaying proof mod7.key 
234662     DEBUG main            d.u.i.k.p.i.IntermediateProofReplayer Proof replay took 6.7ns 
234764     INFO  main            d.u.i.k.p.r.p.TestFile    ... finished proof: closed. 
235089     INFO  main            d.u.i.k.p.i.AbstractProblemLoader Loading environment from /home/runner/work/key/key/key.core/../key.ui/examples/standard_key/arith/mod7.key.proof 
235089     DEBUG main            d.u.i.k.p.i.AbstractProblemLoader Environment load took 124.3ns 
235090     INFO  main            d.u.i.k.p.i.AbstractProblemLoader Creating init config 
237950     DEBUG main            d.u.i.k.p.i.AbstractProblemLoader Init config took 2.86s 
237972     INFO  main            d.u.i.k.p.i.AbstractProblemLoader Replaying proof mod7.key.proof 
237984     DEBUG main            d.u.i.k.p.i.IntermediateProofReplayer Proof replay took 9.03ms 
237985     DEBUG main            d.u.i.k.p.r.p.TestFile    ... success: reloaded. 
237985     INFO  main            d.u.i.k.p.r.p.TestFile    Now processing file /home/runner/work/key/key/key.core/../key.ui/examples/standard_key/arith/overflow_hija.key 
237986     INFO  main            d.u.i.k.p.i.AbstractProblemLoader Loading environment from /home/runner/work/key/key/key.core/../key.ui/examples/standard_key/arith/overflow_hija.key 
237986     DEBUG main            d.u.i.k.p.i.AbstractProblemLoader Environment load took 117.7ns 
237988     INFO  main            d.u.i.k.p.i.AbstractProblemLoader Creating init config 
240857     DEBUG main            d.u.i.k.p.i.AbstractProblemLoader Init config took 2.87s 
240877     INFO  main            d.u.i.k.p.i.AbstractProblemLoader Replaying proof overflow_hija.key 
240879     DEBUG main            d.u.i.k.p.i.IntermediateProofReplayer Proof replay took 7ns 
246769     INFO  main            d.u.i.k.p.r.p.TestFile    ... finished proof: closed. 
247173     INFO  main            d.u.i.k.p.i.AbstractProblemLoader Loading environment from /home/runner/work/key/key/key.core/../key.ui/examples/standard_key/arith/overflow_hija.key.proof 
247173     DEBUG main            d.u.i.k.p.i.AbstractProblemLoader Environment load took 149.7ns 
247176     INFO  main            d.u.i.k.p.i.AbstractProblemLoader Creating init config 
250073     DEBUG main            d.u.i.k.p.i.AbstractProblemLoader Init config took 2.9s 
250095     INFO  main            d.u.i.k.p.i.AbstractProblemLoader Replaying proof overflow_hija.key.proof 
250591     DEBUG main            d.u.i.k.p.i.IntermediateProofReplayer Proof replay took 486.36ms 
250593     DEBUG main            d.u.i.k.p.r.p.TestFile    ... success: reloaded. 
250594     INFO  main            d.u.i.k.p.r.p.TestFile    Now processing file /home/runner/work/key/key/key.core/../key.ui/examples/standard_key/arith/poly_division0.key 
250595     INFO  main            d.u.i.k.p.i.AbstractProblemLoader Loading environment from /home/runner/work/key/key/key.core/../key.ui/examples/standard_key/arith/poly_division0.key 
250595     DEBUG main            d.u.i.k.p.i.AbstractProblemLoader Environment load took 144ns 
250596     INFO  main            d.u.i.k.p.i.AbstractProblemLoader Creating init config 
253495     DEBUG main            d.u.i.k.p.i.AbstractProblemLoader Init config took 2.9s 
253512     INFO  main            d.u.i.k.p.i.AbstractProblemLoader Replaying proof poly_division0.key 
253514     DEBUG main            d.u.i.k.p.i.IntermediateProofReplayer Proof replay took 8.6ns 
253621     INFO  main            d.u.i.k.p.r.p.TestFile    ... finished proof: closed. 
254040     INFO  main            d.u.i.k.p.i.AbstractProblemLoader Loading environment from /home/runner/work/key/key/key.core/../key.ui/examples/standard_key/arith/poly_division0.key.proof 
254040     DEBUG main            d.u.i.k.p.i.AbstractProblemLoader Environment load took 124.1ns 
254042     INFO  main            d.u.i.k.p.i.AbstractProblemLoader Creating init config 
256931     DEBUG main            d.u.i.k.p.i.AbstractProblemLoader Init config took 2.89s 
256949     INFO  main            d.u.i.k.p.i.AbstractProblemLoader Replaying proof poly_division0.key.proof 
256962     DEBUG main            d.u.i.k.p.i.IntermediateProofReplayer Proof replay took 11.24ms 
256963     DEBUG main            d.u.i.k.p.r.p.TestFile    ... success: reloaded. 
256964     INFO  main            d.u.i.k.p.r.p.TestFile    Now processing file /home/runner/work/key/key/key.core/../key.ui/examples/standard_key/arith/poly_division1.key 
256964     INFO  main            d.u.i.k.p.i.AbstractProblemLoader Loading environment from /home/runner/work/key/key/key.core/../key.ui/examples/standard_key/arith/poly_division1.key 
256964     DEBUG main            d.u.i.k.p.i.AbstractProblemLoader Environment load took 104.5ns 
256965     INFO  main            d.u.i.k.p.i.AbstractProblemLoader Creating init config 
259829     DEBUG main            d.u.i.k.p.i.AbstractProblemLoader Init config took 2.86s 
259845     INFO  main            d.u.i.k.p.i.AbstractProblemLoader Replaying proof poly_division1.key 
259847     DEBUG main            d.u.i.k.p.i.IntermediateProofReplayer Proof replay took 8.5ns 
259949     INFO  main            d.u.i.k.p.r.p.TestFile    ... finished proof: closed. 
260292     INFO  main            d.u.i.k.p.i.AbstractProblemLoader Loading environment from /home/runner/work/key/key/key.core/../key.ui/examples/standard_key/arith/poly_division1.key.proof 
260292     DEBUG main            d.u.i.k.p.i.AbstractProblemLoader Environment load took 182.9ns 
260294     INFO  main            d.u.i.k.p.i.AbstractProblemLoader Creating init config 
263133     DEBUG main            d.u.i.k.p.i.AbstractProblemLoader Init config took 2.84s 
263150     INFO  main            d.u.i.k.p.i.AbstractProblemLoader Replaying proof poly_division1.key.proof 
263160     DEBUG main            d.u.i.k.p.i.IntermediateProofReplayer Proof replay took 8.22ms 
263161     DEBUG main            d.u.i.k.p.r.p.TestFile    ... success: reloaded. 
263162     INFO  main            d.u.i.k.p.r.p.TestFile    Now processing file /home/runner/work/key/key/key.core/../key.ui/examples/standard_key/inEqSimp/division.key 
263162     INFO  main            d.u.i.k.p.i.AbstractProblemLoader Loading environment from /home/runner/work/key/key/key.core/../key.ui/examples/standard_key/inEqSimp/division.key 
263162     DEBUG main            d.u.i.k.p.i.AbstractProblemLoader Environment load took 130.7ns 
263163     INFO  main            d.u.i.k.p.i.AbstractProblemLoader Creating init config 
266077     DEBUG main            d.u.i.k.p.i.AbstractProblemLoader Init config took 2.91s 
266093     INFO  main            d.u.i.k.p.i.AbstractProblemLoader Replaying proof division.key 
266096     DEBUG main            d.u.i.k.p.i.IntermediateProofReplayer Proof replay took 8.3ns 
268629     INFO  main            d.u.i.k.p.r.p.TestFile    ... finished proof: closed. 
269027     INFO  main            d.u.i.k.p.i.AbstractProblemLoader Loading environment from /home/runner/work/key/key/key.core/../key.ui/examples/standard_key/inEqSimp/division.key.proof 
269027     DEBUG main            d.u.i.k.p.i.AbstractProblemLoader Environment load took 131.7ns 
269031     INFO  main            d.u.i.k.p.i.AbstractProblemLoader Creating init config 
271870     DEBUG main            d.u.i.k.p.i.AbstractProblemLoader Init config took 2.84s 
271888     INFO  main            d.u.i.k.p.i.AbstractProblemLoader Replaying proof division.key.proof 
272017     DEBUG main            d.u.i.k.p.i.IntermediateProofReplayer Proof replay took 120.45ms 
272018     DEBUG main            d.u.i.k.p.r.p.TestFile    ... success: reloaded. 
272019     INFO  main            d.u.i.k.p.r.p.TestFile    Now processing file /home/runner/work/key/key/key.core/../key.ui/examples/standard_key/inEqSimp/inequations0.key 
272020     INFO  main            d.u.i.k.p.i.AbstractProblemLoader Loading environment from /home/runner/work/key/key/key.core/../key.ui/examples/standard_key/inEqSimp/inequations0.key 
272020     DEBUG main            d.u.i.k.p.i.AbstractProblemLoader Environment load took 303.41ns 
272022     INFO  main            d.u.i.k.p.i.AbstractProblemLoader Creating init config 
275023     DEBUG main            d.u.i.k.p.i.AbstractProblemLoader Init config took 3s 
275040     INFO  main            d.u.i.k.p.i.AbstractProblemLoader Replaying proof inequations0.key 
275041     DEBUG main            d.u.i.k.p.i.IntermediateProofReplayer Proof replay took 43.9ns 
275144     INFO  main            d.u.i.k.p.r.p.TestFile    ... finished proof: closed. 
275540     INFO  main            d.u.i.k.p.i.AbstractProblemLoader Loading environment from /home/runner/work/key/key/key.core/../key.ui/examples/standard_key/inEqSimp/inequations0.key.proof 
275540     DEBUG main            d.u.i.k.p.i.AbstractProblemLoader Environment load took 116.2ns 
275542     INFO  main            d.u.i.k.p.i.AbstractProblemLoader Creating init config 
278482     DEBUG main            d.u.i.k.p.i.AbstractProblemLoader Init config took 2.94s 
278501     INFO  main            d.u.i.k.p.i.AbstractProblemLoader Replaying proof inequations0.key.proof 
278507     DEBUG main            d.u.i.k.p.i.IntermediateProofReplayer Proof replay took 3.41ms 
278508     DEBUG main            d.u.i.k.p.r.p.TestFile    ... success: reloaded. 
278509     INFO  main            d.u.i.k.p.r.p.TestFile    Now processing file /home/runner/work/key/key/key.core/../key.ui/examples/standard_key/inEqSimp/inequations1.key 
278509     INFO  main            d.u.i.k.p.i.AbstractProblemLoader Loading environment from /home/runner/work/key/key/key.core/../key.ui/examples/standard_key/inEqSimp/inequations1.key 
278509     DEBUG main            d.u.i.k.p.i.AbstractProblemLoader Environment load took 185.5ns 
278511     INFO  main            d.u.i.k.p.i.AbstractProblemLoader Creating init config 
281474     DEBUG main            d.u.i.k.p.i.AbstractProblemLoader Init config took 2.96s 
281489     INFO  main            d.u.i.k.p.i.AbstractProblemLoader Replaying proof inequations1.key 
281491     DEBUG main            d.u.i.k.p.i.IntermediateProofReplayer Proof replay took 3.2ns 
281593     INFO  main            d.u.i.k.p.r.p.TestFile    ... finished proof: closed. 
281938     INFO  main            d.u.i.k.p.i.AbstractProblemLoader Loading environment from /home/runner/work/key/key/key.core/../key.ui/examples/standard_key/inEqSimp/inequations1.key.proof 
281938     DEBUG main            d.u.i.k.p.i.AbstractProblemLoader Environment load took 102.3ns 
281941     INFO  main            d.u.i.k.p.i.AbstractProblemLoader Creating init config 
284804     DEBUG main            d.u.i.k.p.i.AbstractProblemLoader Init config took 2.86s 
284824     INFO  main            d.u.i.k.p.i.AbstractProblemLoader Replaying proof inequations1.key.proof 
284830     DEBUG main            d.u.i.k.p.i.IntermediateProofReplayer Proof replay took 2.03ms 
284831     DEBUG main            d.u.i.k.p.r.p.TestFile    ... success: reloaded. 
284831     INFO  main            d.u.i.k.p.r.p.TestFile    Now processing file /home/runner/work/key/key/key.core/../key.ui/examples/standard_key/inEqSimp/inequations2.key 
284832     INFO  main            d.u.i.k.p.i.AbstractProblemLoader Loading environment from /home/runner/work/key/key/key.core/../key.ui/examples/standard_key/inEqSimp/inequations2.key 
284832     DEBUG main            d.u.i.k.p.i.AbstractProblemLoader Environment load took 96.1ns 
284833     INFO  main            d.u.i.k.p.i.AbstractProblemLoader Creating init config 
287704     DEBUG main            d.u.i.k.p.i.AbstractProblemLoader Init config took 2.87s 
287721     INFO  main            d.u.i.k.p.i.AbstractProblemLoader Replaying proof inequations2.key 
287722     DEBUG main            d.u.i.k.p.i.IntermediateProofReplayer Proof replay took 3.2ns 
287824     INFO  main            d.u.i.k.p.r.p.TestFile    ... finished proof: closed. 
288192     INFO  main            d.u.i.k.p.i.AbstractProblemLoader Loading environment from /home/runner/work/key/key/key.core/../key.ui/examples/standard_key/inEqSimp/inequations2.key.proof 
288192     DEBUG main            d.u.i.k.p.i.AbstractProblemLoader Environment load took 96.3ns 
288193     INFO  main            d.u.i.k.p.i.AbstractProblemLoader Creating init config 
291018     DEBUG main            d.u.i.k.p.i.AbstractProblemLoader Init config took 2.82s 
291035     INFO  main            d.u.i.k.p.i.AbstractProblemLoader Replaying proof inequations2.key.proof 
291040     DEBUG main            d.u.i.k.p.i.IntermediateProofReplayer Proof replay took 2ms 
291041     DEBUG main            d.u.i.k.p.r.p.TestFile    ... success: reloaded. 
291041     INFO  main            d.u.i.k.p.r.p.TestFile    Now processing file /home/runner/work/key/key/key.core/../key.ui/examples/standard_key/inEqSimp/linApprox.key 
291042     INFO  main            d.u.i.k.p.i.AbstractProblemLoader Loading environment from /home/runner/work/key/key/key.core/../key.ui/examples/standard_key/inEqSimp/linApprox.key 
291042     DEBUG main            d.u.i.k.p.i.AbstractProblemLoader Environment load took 242.81ns 
291043     INFO  main            d.u.i.k.p.i.AbstractProblemLoader Creating init config 
293881     DEBUG main            d.u.i.k.p.i.AbstractProblemLoader Init config took 2.84s 
293898     INFO  main            d.u.i.k.p.i.AbstractProblemLoader Replaying proof linApprox.key 
293899     DEBUG main            d.u.i.k.p.i.IntermediateProofReplayer Proof replay took 2.9ns 
294003     INFO  main            d.u.i.k.p.r.p.TestFile    ... finished proof: closed. 
294370     INFO  main            d.u.i.k.p.i.AbstractProblemLoader Loading environment from /home/runner/work/key/key/key.core/../key.ui/examples/standard_key/inEqSimp/linApprox.key.proof 
294370     DEBUG main            d.u.i.k.p.i.AbstractProblemLoader Environment load took 119ns 
294371     INFO  main            d.u.i.k.p.i.AbstractProblemLoader Creating init config 
297244     DEBUG main            d.u.i.k.p.i.AbstractProblemLoader Init config took 2.87s 
297260     INFO  main            d.u.i.k.p.i.AbstractProblemLoader Replaying proof linApprox.key.proof 
297266     DEBUG main            d.u.i.k.p.i.IntermediateProofReplayer Proof replay took 3.87ms 
297267     DEBUG main            d.u.i.k.p.r.p.TestFile    ... success: reloaded. 
297268     INFO  main            d.u.i.k.p.r.p.TestFile    Now processing file /home/runner/work/key/key/key.core/../key.ui/examples/standard_key/inEqSimp/nonLinInEqExample0.key 
297268     INFO  main            d.u.i.k.p.i.AbstractProblemLoader Loading environment from /home/runner/work/key/key/key.core/../key.ui/examples/standard_key/inEqSimp/nonLinInEqExample0.key 
297268     DEBUG main            d.u.i.k.p.i.AbstractProblemLoader Environment load took 72.5ns 
297269     INFO  main            d.u.i.k.p.i.AbstractProblemLoader Creating init config 
300098     DEBUG main            d.u.i.k.p.i.AbstractProblemLoader Init config took 2.83s 
300113     INFO  main            d.u.i.k.p.i.AbstractProblemLoader Replaying proof nonLinInEqExample0.key 
300115     DEBUG main            d.u.i.k.p.i.IntermediateProofReplayer Proof replay took 3.7ns 
300218     INFO  main            d.u.i.k.p.r.p.TestFile    ... finished proof: closed. 
300591     INFO  main            d.u.i.k.p.i.AbstractProblemLoader Loading environment from /home/runner/work/key/key/key.core/../key.ui/examples/standard_key/inEqSimp/nonLinInEqExample0.key.proof 
300591     DEBUG main            d.u.i.k.p.i.AbstractProblemLoader Environment load took 106.2ns 
300593     INFO  main            d.u.i.k.p.i.AbstractProblemLoader Creating init config 
303439     DEBUG main            d.u.i.k.p.i.AbstractProblemLoader Init config took 2.85s 
303456     INFO  main            d.u.i.k.p.i.AbstractProblemLoader Replaying proof nonLinInEqExample0.key.proof 
303459     DEBUG main            d.u.i.k.p.i.IntermediateProofReplayer Proof replay took 1.46ms 
303459     DEBUG main            d.u.i.k.p.r.p.TestFile    ... success: reloaded. 
303460     INFO  main            d.u.i.k.p.r.p.TestFile    Now processing file /home/runner/work/key/key/key.core/../key.ui/examples/standard_key/inEqSimp/nonLinInEqExample2.key 
303461     INFO  main            d.u.i.k.p.i.AbstractProblemLoader Loading environment from /home/runner/work/key/key/key.core/../key.ui/examples/standard_key/inEqSimp/nonLinInEqExample2.key 
303461     DEBUG main            d.u.i.k.p.i.AbstractProblemLoader Environment load took 125ns 
303462     INFO  main            d.u.i.k.p.i.AbstractProblemLoader Creating init config 
306339     DEBUG main            d.u.i.k.p.i.AbstractProblemLoader Init config took 2.88s 
306358     INFO  main            d.u.i.k.p.i.AbstractProblemLoader Replaying proof nonLinInEqExample2.key 
306360     DEBUG main            d.u.i.k.p.i.IntermediateProofReplayer Proof replay took 3.4ns 
306764     INFO  main            d.u.i.k.p.r.p.TestFile    ... finished proof: closed. 
307142     INFO  main            d.u.i.k.p.i.AbstractProblemLoader Loading environment from /home/runner/work/key/key/key.core/../key.ui/examples/standard_key/inEqSimp/nonLinInEqExample2.key.proof 
307142     DEBUG main            d.u.i.k.p.i.AbstractProblemLoader Environment load took 123.5ns 
307144     INFO  main            d.u.i.k.p.i.AbstractProblemLoader Creating init config 
309957     DEBUG main            d.u.i.k.p.i.AbstractProblemLoader Init config took 2.81s 
309974     INFO  main            d.u.i.k.p.i.AbstractProblemLoader Replaying proof nonLinInEqExample2.key.proof 
310018     DEBUG main            d.u.i.k.p.i.IntermediateProofReplayer Proof replay took 37.36ms 
310019     DEBUG main            d.u.i.k.p.r.p.TestFile    ... success: reloaded. 
310020     INFO  main            d.u.i.k.p.r.p.TestFile    Now processing file /home/runner/work/key/key/key.core/../key.ui/examples/standard_key/inEqSimp/nonLinInEqExample3.key 
310021     INFO  main            d.u.i.k.p.i.AbstractProblemLoader Loading environment from /home/runner/work/key/key/key.core/../key.ui/examples/standard_key/inEqSimp/nonLinInEqExample3.key 
310021     DEBUG main            d.u.i.k.p.i.AbstractProblemLoader Environment load took 78.9ns 
310022     INFO  main            d.u.i.k.p.i.AbstractProblemLoader Creating init config 
312907     DEBUG main            d.u.i.k.p.i.AbstractProblemLoader Init config took 2.88s 
312923     INFO  main            d.u.i.k.p.i.AbstractProblemLoader Replaying proof nonLinInEqExample3.key 
312925     DEBUG main            d.u.i.k.p.i.IntermediateProofReplayer Proof replay took 3ns 
313228     INFO  main            d.u.i.k.p.r.p.TestFile    ... finished proof: closed. 
313658     INFO  main            d.u.i.k.p.i.AbstractProblemLoader Loading environment from /home/runner/work/key/key/key.core/../key.ui/examples/standard_key/inEqSimp/nonLinInEqExample3.key.proof 
313658     DEBUG main            d.u.i.k.p.i.AbstractProblemLoader Environment load took 119.1ns 
313659     INFO  main            d.u.i.k.p.i.AbstractProblemLoader Creating init config 
316501     DEBUG main            d.u.i.k.p.i.AbstractProblemLoader Init config took 2.84s 
316516     INFO  main            d.u.i.k.p.i.AbstractProblemLoader Replaying proof nonLinInEqExample3.key.proof 
316540     DEBUG main            d.u.i.k.p.i.IntermediateProofReplayer Proof replay took 21.77ms 
316541     DEBUG main            d.u.i.k.p.r.p.TestFile    ... success: reloaded. 
316542     INFO  main            d.u.i.k.p.r.p.TestFile    Now processing file /home/runner/work/key/key/key.core/../key.ui/examples/standard_key/inEqSimp/nonLinInEqExample4.key 
316542     INFO  main            d.u.i.k.p.i.AbstractProblemLoader Loading environment from /home/runner/work/key/key/key.core/../key.ui/examples/standard_key/inEqSimp/nonLinInEqExample4.key 
316542     DEBUG main            d.u.i.k.p.i.AbstractProblemLoader Environment load took 113.7ns 
316544     INFO  main            d.u.i.k.p.i.AbstractProblemLoader Creating init config 
319369     DEBUG main            d.u.i.k.p.i.AbstractProblemLoader Init config took 2.83s 
319386     INFO  main            d.u.i.k.p.i.AbstractProblemLoader Replaying proof nonLinInEqExample4.key 
319387     DEBUG main            d.u.i.k.p.i.IntermediateProofReplayer Proof replay took 3.5ns 
319489     INFO  main            d.u.i.k.p.r.p.TestFile    ... finished proof: closed. 
319906     INFO  main            d.u.i.k.p.i.AbstractProblemLoader Loading environment from /home/runner/work/key/key/key.core/../key.ui/examples/standard_key/inEqSimp/nonLinInEqExample4.key.proof 
319906     DEBUG main            d.u.i.k.p.i.AbstractProblemLoader Environment load took 102ns 
319907     INFO  main            d.u.i.k.p.i.AbstractProblemLoader Creating init config 
322736     DEBUG main            d.u.i.k.p.i.AbstractProblemLoader Init config took 2.83s 
322753     INFO  main            d.u.i.k.p.i.AbstractProblemLoader Replaying proof nonLinInEqExample4.key.proof 
322765     DEBUG main            d.u.i.k.p.i.IntermediateProofReplayer Proof replay took 4.88ms 
322766     DEBUG main            d.u.i.k.p.r.p.TestFile    ... success: reloaded. 
322767     INFO  main            d.u.i.k.p.r.p.TestFile    Now processing file /home/runner/work/key/key/key.core/../key.ui/examples/standard_key/inEqSimp/quadraticInEq.key 
322767     INFO  main            d.u.i.k.p.i.AbstractProblemLoader Loading environment from /home/runner/work/key/key/key.core/../key.ui/examples/standard_key/inEqSimp/quadraticInEq.key 
322768     DEBUG main            d.u.i.k.p.i.AbstractProblemLoader Environment load took 138.8ns 
322769     INFO  main            d.u.i.k.p.i.AbstractProblemLoader Creating init config 
325604     DEBUG main            d.u.i.k.p.i.AbstractProblemLoader Init config took 2.84s 
325620     INFO  main            d.u.i.k.p.i.AbstractProblemLoader Replaying proof quadraticInEq.key 
325622     DEBUG main            d.u.i.k.p.i.IntermediateProofReplayer Proof replay took 3ns 
326027     INFO  main            d.u.i.k.p.r.p.TestFile    ... finished proof: closed. 
326451     INFO  main            d.u.i.k.p.i.AbstractProblemLoader Loading environment from /home/runner/work/key/key/key.core/../key.ui/examples/standard_key/inEqSimp/quadraticInEq.key.proof 
326452     DEBUG main            d.u.i.k.p.i.AbstractProblemLoader Environment load took 1.06ms 
326454     INFO  main            d.u.i.k.p.i.AbstractProblemLoader Creating init config 
329259     DEBUG main            d.u.i.k.p.i.AbstractProblemLoader Init config took 2.8s 
329276     INFO  main            d.u.i.k.p.i.AbstractProblemLoader Replaying proof quadraticInEq.key.proof 
329330     DEBUG main            d.u.i.k.p.i.IntermediateProofReplayer Proof replay took 50.04ms 
329332     DEBUG main            d.u.i.k.p.r.p.TestFile    ... success: reloaded. 
329333     INFO  main            d.u.i.k.p.r.p.TestFile    Now processing file /home/runner/work/key/key/key.core/../key.ui/examples/standard_key/inEqSimp/quadraticInEq10.key 
329333     INFO  main            d.u.i.k.p.i.AbstractProblemLoader Loading environment from /home/runner/work/key/key/key.core/../key.ui/examples/standard_key/inEqSimp/quadraticInEq10.key 
329333     DEBUG main            d.u.i.k.p.i.AbstractProblemLoader Environment load took 186.1ns 
329335     INFO  main            d.u.i.k.p.i.AbstractProblemLoader Creating init config 
332172     DEBUG main            d.u.i.k.p.i.AbstractProblemLoader Init config took 2.84s 
332188     INFO  main            d.u.i.k.p.i.AbstractProblemLoader Replaying proof quadraticInEq10.key 
332190     DEBUG main            d.u.i.k.p.i.IntermediateProofReplayer Proof replay took 3.3ns 
332494     INFO  main            d.u.i.k.p.r.p.TestFile    ... finished proof: closed. 
332931     INFO  main            d.u.i.k.p.i.AbstractProblemLoader Loading environment from /home/runner/work/key/key/key.core/../key.ui/examples/standard_key/inEqSimp/quadraticInEq10.key.proof 
332931     DEBUG main            d.u.i.k.p.i.AbstractProblemLoader Environment load took 117ns 
332934     INFO  main            d.u.i.k.p.i.AbstractProblemLoader Creating init config 
335859     DEBUG main            d.u.i.k.p.i.AbstractProblemLoader Init config took 2.92s 
335876     INFO  main            d.u.i.k.p.i.AbstractProblemLoader Replaying proof quadraticInEq10.key.proof 
335897     DEBUG main            d.u.i.k.p.i.IntermediateProofReplayer Proof replay took 18.31ms 
335898     DEBUG main            d.u.i.k.p.r.p.TestFile    ... success: reloaded. 
335899     INFO  main            d.u.i.k.p.r.p.TestFile    Now processing file /home/runner/work/key/key/key.core/../key.ui/examples/standard_key/inEqSimp/quadraticInEq13.key 
335899     INFO  main            d.u.i.k.p.i.AbstractProblemLoader Loading environment from /home/runner/work/key/key/key.core/../key.ui/examples/standard_key/inEqSimp/quadraticInEq13.key 
335900     DEBUG main            d.u.i.k.p.i.AbstractProblemLoader Environment load took 139.9ns 
335901     INFO  main            d.u.i.k.p.i.AbstractProblemLoader Creating init config 
338821     DEBUG main            d.u.i.k.p.i.AbstractProblemLoader Init config took 2.92s 
338838     INFO  main            d.u.i.k.p.i.AbstractProblemLoader Replaying proof quadraticInEq13.key 
338839     DEBUG main            d.u.i.k.p.i.IntermediateProofReplayer Proof replay took 2.9ns 
339142     INFO  main            d.u.i.k.p.r.p.TestFile    ... finished proof: closed. 
339587     INFO  main            d.u.i.k.p.i.AbstractProblemLoader Loading environment from /home/runner/work/key/key/key.core/../key.ui/examples/standard_key/inEqSimp/quadraticInEq13.key.proof 
339587     DEBUG main            d.u.i.k.p.i.AbstractProblemLoader Environment load took 160.5ns 
339589     INFO  main            d.u.i.k.p.i.AbstractProblemLoader Creating init config 
342409     DEBUG main            d.u.i.k.p.i.AbstractProblemLoader Init config took 2.82s 
342425     INFO  main            d.u.i.k.p.i.AbstractProblemLoader Replaying proof quadraticInEq13.key.proof 
342452     DEBUG main            d.u.i.k.p.i.IntermediateProofReplayer Proof replay took 24.19ms 
342453     DEBUG main            d.u.i.k.p.r.p.TestFile    ... success: reloaded. 
342454     INFO  main            d.u.i.k.p.r.p.TestFile    Now processing file /home/runner/work/key/key/key.core/../key.ui/examples/standard_key/inEqSimp/quadraticInEq14.key 
342454     INFO  main            d.u.i.k.p.i.AbstractProblemLoader Loading environment from /home/runner/work/key/key/key.core/../key.ui/examples/standard_key/inEqSimp/quadraticInEq14.key 
342455     DEBUG main            d.u.i.k.p.i.AbstractProblemLoader Environment load took 111.8ns 
342456     INFO  main            d.u.i.k.p.i.AbstractProblemLoader Creating init config 
345409     DEBUG main            d.u.i.k.p.i.AbstractProblemLoader Init config took 2.95s 
345425     INFO  main            d.u.i.k.p.i.AbstractProblemLoader Replaying proof quadraticInEq14.key 
345427     DEBUG main            d.u.i.k.p.i.IntermediateProofReplayer Proof replay took 3.4ns 
345731     INFO  main            d.u.i.k.p.r.p.TestFile    ... finished proof: closed. 
346213     INFO  main            d.u.i.k.p.i.AbstractProblemLoader Loading environment from /home/runner/work/key/key/key.core/../key.ui/examples/standard_key/inEqSimp/quadraticInEq14.key.proof 
346213     DEBUG main            d.u.i.k.p.i.AbstractProblemLoader Environment load took 107.1ns 
346215     INFO  main            d.u.i.k.p.i.AbstractProblemLoader Creating init config 
349023     DEBUG main            d.u.i.k.p.i.AbstractProblemLoader Init config took 2.81s 
349041     INFO  main            d.u.i.k.p.i.AbstractProblemLoader Replaying proof quadraticInEq14.key.proof 
349073     DEBUG main            d.u.i.k.p.i.IntermediateProofReplayer Proof replay took 29.09ms 
349074     DEBUG main            d.u.i.k.p.r.p.TestFile    ... success: reloaded. 
349075     INFO  main            d.u.i.k.p.r.p.TestFile    Now processing file /home/runner/work/key/key/key.core/../key.ui/examples/standard_key/inEqSimp/quadraticInEq2.key 
349075     INFO  main            d.u.i.k.p.i.AbstractProblemLoader Loading environment from /home/runner/work/key/key/key.core/../key.ui/examples/standard_key/inEqSimp/quadraticInEq2.key 
349076     DEBUG main            d.u.i.k.p.i.AbstractProblemLoader Environment load took 209.5ns 
349077     INFO  main            d.u.i.k.p.i.AbstractProblemLoader Creating init config 
351999     DEBUG main            d.u.i.k.p.i.AbstractProblemLoader Init config took 2.92s 
352017     INFO  main            d.u.i.k.p.i.AbstractProblemLoader Replaying proof quadraticInEq2.key 
352020     DEBUG main            d.u.i.k.p.i.IntermediateProofReplayer Proof replay took 3.6ns 
352124     INFO  main            d.u.i.k.p.r.p.TestFile    ... finished proof: closed. 
352578     INFO  main            d.u.i.k.p.i.AbstractProblemLoader Loading environment from /home/runner/work/key/key/key.core/../key.ui/examples/standard_key/inEqSimp/quadraticInEq2.key.proof 
352579     DEBUG main            d.u.i.k.p.i.AbstractProblemLoader Environment load took 99.8ns 
352580     INFO  main            d.u.i.k.p.i.AbstractProblemLoader Creating init config 
355369     DEBUG main            d.u.i.k.p.i.AbstractProblemLoader Init config took 2.79s 
355386     INFO  main            d.u.i.k.p.i.AbstractProblemLoader Replaying proof quadraticInEq2.key.proof 
355391     DEBUG main            d.u.i.k.p.i.IntermediateProofReplayer Proof replay took 2.83ms 
355392     DEBUG main            d.u.i.k.p.r.p.TestFile    ... success: reloaded. 
355393     INFO  main            d.u.i.k.p.r.p.TestFile    Now processing file /home/runner/work/key/key/key.core/../key.ui/examples/standard_key/inEqSimp/quadraticInEq3.key 
355393     INFO  main            d.u.i.k.p.i.AbstractProblemLoader Loading environment from /home/runner/work/key/key/key.core/../key.ui/examples/standard_key/inEqSimp/quadraticInEq3.key 
355393     DEBUG main            d.u.i.k.p.i.AbstractProblemLoader Environment load took 144.6ns 
355394     INFO  main            d.u.i.k.p.i.AbstractProblemLoader Creating init config 
358431     DEBUG main            d.u.i.k.p.i.AbstractProblemLoader Init config took 3.04s 
358447     INFO  main            d.u.i.k.p.i.AbstractProblemLoader Replaying proof quadraticInEq3.key 
358449     DEBUG main            d.u.i.k.p.i.IntermediateProofReplayer Proof replay took 3.8ns 
358552     INFO  main            d.u.i.k.p.r.p.TestFile    ... finished proof: closed. 
359034     INFO  main            d.u.i.k.p.i.AbstractProblemLoader Loading environment from /home/runner/work/key/key/key.core/../key.ui/examples/standard_key/inEqSimp/quadraticInEq3.key.proof 
359034     DEBUG main            d.u.i.k.p.i.AbstractProblemLoader Environment load took 102.8ns 
359035     INFO  main            d.u.i.k.p.i.AbstractProblemLoader Creating init config 
361901     DEBUG main            d.u.i.k.p.i.AbstractProblemLoader Init config took 2.87s 
361916     INFO  main            d.u.i.k.p.i.AbstractProblemLoader Replaying proof quadraticInEq3.key.proof 
361926     DEBUG main            d.u.i.k.p.i.IntermediateProofReplayer Proof replay took 7.68ms 
361926     DEBUG main            d.u.i.k.p.r.p.TestFile    ... success: reloaded. 
361927     INFO  main            d.u.i.k.p.r.p.TestFile    Now processing file /home/runner/work/key/key/key.core/../key.ui/examples/standard_key/inEqSimp/quadraticInEq4.key 
361928     INFO  main            d.u.i.k.p.i.AbstractProblemLoader Loading environment from /home/runner/work/key/key/key.core/../key.ui/examples/standard_key/inEqSimp/quadraticInEq4.key 
361928     DEBUG main            d.u.i.k.p.i.AbstractProblemLoader Environment load took 132.6ns 
361929     INFO  main            d.u.i.k.p.i.AbstractProblemLoader Creating init config 
364785     DEBUG main            d.u.i.k.p.i.AbstractProblemLoader Init config took 2.86s 
364803     INFO  main            d.u.i.k.p.i.AbstractProblemLoader Replaying proof quadraticInEq4.key 
364805     DEBUG main            d.u.i.k.p.i.IntermediateProofReplayer Proof replay took 3.6ns 
364907     INFO  main            d.u.i.k.p.r.p.TestFile    ... finished proof: closed. 
365341     INFO  main            d.u.i.k.p.i.AbstractProblemLoader Loading environment from /home/runner/work/key/key/key.core/../key.ui/examples/standard_key/inEqSimp/quadraticInEq4.key.proof 
365341     DEBUG main            d.u.i.k.p.i.AbstractProblemLoader Environment load took 100.3ns 
365342     INFO  main            d.u.i.k.p.i.AbstractProblemLoader Creating init config 
368099     DEBUG main            d.u.i.k.p.i.AbstractProblemLoader Init config took 2.76s 
368114     INFO  main            d.u.i.k.p.i.AbstractProblemLoader Replaying proof quadraticInEq4.key.proof 
368123     DEBUG main            d.u.i.k.p.i.IntermediateProofReplayer Proof replay took 6.4ms 
368123     DEBUG main            d.u.i.k.p.r.p.TestFile    ... success: reloaded. 
368124     INFO  main            d.u.i.k.p.r.p.TestFile    Now processing file /home/runner/work/key/key/key.core/../key.ui/examples/standard_key/inEqSimp/quadraticInEq5.key 
368125     INFO  main            d.u.i.k.p.i.AbstractProblemLoader Loading environment from /home/runner/work/key/key/key.core/../key.ui/examples/standard_key/inEqSimp/quadraticInEq5.key 
368125     DEBUG main            d.u.i.k.p.i.AbstractProblemLoader Environment load took 100.6ns 
368126     INFO  main            d.u.i.k.p.i.AbstractProblemLoader Creating init config 
371030     DEBUG main            d.u.i.k.p.i.AbstractProblemLoader Init config took 2.9s 
371046     INFO  main            d.u.i.k.p.i.AbstractProblemLoader Replaying proof quadraticInEq5.key 
371047     DEBUG main            d.u.i.k.p.i.IntermediateProofReplayer Proof replay took 3ns 
371149     INFO  main            d.u.i.k.p.r.p.TestFile    ... finished proof: closed. 
371620     INFO  main            d.u.i.k.p.i.AbstractProblemLoader Loading environment from /home/runner/work/key/key/key.core/../key.ui/examples/standard_key/inEqSimp/quadraticInEq5.key.proof 
371621     DEBUG main            d.u.i.k.p.i.AbstractProblemLoader Environment load took 96.6ns 
371622     INFO  main            d.u.i.k.p.i.AbstractProblemLoader Creating init config 
374438     DEBUG main            d.u.i.k.p.i.AbstractProblemLoader Init config took 2.82s 
374456     INFO  main            d.u.i.k.p.i.AbstractProblemLoader Replaying proof quadraticInEq5.key.proof 
374464     DEBUG main            d.u.i.k.p.i.IntermediateProofReplayer Proof replay took 5.91ms 
374464     DEBUG main            d.u.i.k.p.r.p.TestFile    ... success: reloaded. 
374465     INFO  main            d.u.i.k.p.r.p.TestFile    Now processing file /home/runner/work/key/key/key.core/../key.ui/examples/standard_key/inEqSimp/quadraticInEq6.key 
374466     INFO  main            d.u.i.k.p.i.AbstractProblemLoader Loading environment from /home/runner/work/key/key/key.core/../key.ui/examples/standard_key/inEqSimp/quadraticInEq6.key 
374466     DEBUG main            d.u.i.k.p.i.AbstractProblemLoader Environment load took 113ns 
374467     INFO  main            d.u.i.k.p.i.AbstractProblemLoader Creating init config 
377318     DEBUG main            d.u.i.k.p.i.AbstractProblemLoader Init config took 2.85s 
377334     INFO  main            d.u.i.k.p.i.AbstractProblemLoader Replaying proof quadraticInEq6.key 
377336     DEBUG main            d.u.i.k.p.i.IntermediateProofReplayer Proof replay took 3.2ns 
377439     INFO  main            d.u.i.k.p.r.p.TestFile    ... finished proof: closed. 
377896     INFO  main            d.u.i.k.p.i.AbstractProblemLoader Loading environment from /home/runner/work/key/key/key.core/../key.ui/examples/standard_key/inEqSimp/quadraticInEq6.key.proof 
377896     DEBUG main            d.u.i.k.p.i.AbstractProblemLoader Environment load took 115.7ns 
377898     INFO  main            d.u.i.k.p.i.AbstractProblemLoader Creating init config 
380670     DEBUG main            d.u.i.k.p.i.AbstractProblemLoader Init config took 2.77s 
380688     INFO  main            d.u.i.k.p.i.AbstractProblemLoader Replaying proof quadraticInEq6.key.proof 
380696     DEBUG main            d.u.i.k.p.i.IntermediateProofReplayer Proof replay took 5.79ms 
380697     DEBUG main            d.u.i.k.p.r.p.TestFile    ... success: reloaded. 
380698     INFO  main            d.u.i.k.p.r.p.TestFile    Now processing file /home/runner/work/key/key/key.core/../key.ui/examples/standard_key/inEqSimp/quadraticInEq7.key 
380698     INFO  main            d.u.i.k.p.i.AbstractProblemLoader Loading environment from /home/runner/work/key/key/key.core/../key.ui/examples/standard_key/inEqSimp/quadraticInEq7.key 
380698     DEBUG main            d.u.i.k.p.i.AbstractProblemLoader Environment load took 75.6ns 
380699     INFO  main            d.u.i.k.p.i.AbstractProblemLoader Creating init config 
383508     DEBUG main            d.u.i.k.p.i.AbstractProblemLoader Init config took 2.81s 
383524     INFO  main            d.u.i.k.p.i.AbstractProblemLoader Replaying proof quadraticInEq7.key 
383526     DEBUG main            d.u.i.k.p.i.IntermediateProofReplayer Proof replay took 4.1ns 
383628     INFO  main            d.u.i.k.p.r.p.TestFile    ... finished proof: closed. 
384097     INFO  main            d.u.i.k.p.i.AbstractProblemLoader Loading environment from /home/runner/work/key/key/key.core/../key.ui/examples/standard_key/inEqSimp/quadraticInEq7.key.proof 
384098     DEBUG main            d.u.i.k.p.i.AbstractProblemLoader Environment load took 120.1ns 
384099     INFO  main            d.u.i.k.p.i.AbstractProblemLoader Creating init config 
386939     DEBUG main            d.u.i.k.p.i.AbstractProblemLoader Init config took 2.84s 
386956     INFO  main            d.u.i.k.p.i.AbstractProblemLoader Replaying proof quadraticInEq7.key.proof 
386961     DEBUG main            d.u.i.k.p.i.IntermediateProofReplayer Proof replay took 3.49ms 
386962     DEBUG main            d.u.i.k.p.r.p.TestFile    ... success: reloaded. 
386965     INFO  main            d.u.i.k.p.r.p.TestFile    Now processing file /home/runner/work/key/key/key.core/../key.ui/examples/standard_key/inEqSimp/quadraticInEq8.key 
386965     INFO  main            d.u.i.k.p.i.AbstractProblemLoader Loading environment from /home/runner/work/key/key/key.core/../key.ui/examples/standard_key/inEqSimp/quadraticInEq8.key 
386965     DEBUG main            d.u.i.k.p.i.AbstractProblemLoader Environment load took 90.9ns 
386970     INFO  main            d.u.i.k.p.i.AbstractProblemLoader Creating init config 
389836     DEBUG main            d.u.i.k.p.i.AbstractProblemLoader Init config took 2.87s 
389855     INFO  main            d.u.i.k.p.i.AbstractProblemLoader Replaying proof quadraticInEq8.key 
389857     DEBUG main            d.u.i.k.p.i.IntermediateProofReplayer Proof replay took 3.3ns 
390060     INFO  main            d.u.i.k.p.r.p.TestFile    ... finished proof: closed. 
390543     INFO  main            d.u.i.k.p.i.AbstractProblemLoader Loading environment from /home/runner/work/key/key/key.core/../key.ui/examples/standard_key/inEqSimp/quadraticInEq8.key.proof 
390543     DEBUG main            d.u.i.k.p.i.AbstractProblemLoader Environment load took 97.5ns 
390544     INFO  main            d.u.i.k.p.i.AbstractProblemLoader Creating init config 
393425     DEBUG main            d.u.i.k.p.i.AbstractProblemLoader Init config took 2.88s 
393442     INFO  main            d.u.i.k.p.i.AbstractProblemLoader Replaying proof quadraticInEq8.key.proof 
393455     DEBUG main            d.u.i.k.p.i.IntermediateProofReplayer Proof replay took 10.51ms 
393456     DEBUG main            d.u.i.k.p.r.p.TestFile    ... success: reloaded. 
393457     INFO  main            d.u.i.k.p.r.p.TestFile    Now processing file /home/runner/work/key/key/key.core/../key.ui/examples/standard_key/inEqSimp/simplify0.key 
393458     INFO  main            d.u.i.k.p.i.AbstractProblemLoader Loading environment from /home/runner/work/key/key/key.core/../key.ui/examples/standard_key/inEqSimp/simplify0.key 
393458     DEBUG main            d.u.i.k.p.i.AbstractProblemLoader Environment load took 59ns 
393459     INFO  main            d.u.i.k.p.i.AbstractProblemLoader Creating init config 
396371     DEBUG main            d.u.i.k.p.i.AbstractProblemLoader Init config took 2.91s 
396389     INFO  main            d.u.i.k.p.i.AbstractProblemLoader Replaying proof simplify0.key 
396390     DEBUG main            d.u.i.k.p.i.IntermediateProofReplayer Proof replay took 3.5ns 
396493     INFO  main            d.u.i.k.p.r.p.TestFile    ... finished proof: closed. 
396970     INFO  main            d.u.i.k.p.i.AbstractProblemLoader Loading environment from /home/runner/work/key/key/key.core/../key.ui/examples/standard_key/inEqSimp/simplify0.key.proof 
396971     DEBUG main            d.u.i.k.p.i.AbstractProblemLoader Environment load took 130ns 
396972     INFO  main            d.u.i.k.p.i.AbstractProblemLoader Creating init config 
399775     DEBUG main            d.u.i.k.p.i.AbstractProblemLoader Init config took 2.8s 
399793     INFO  main            d.u.i.k.p.i.AbstractProblemLoader Replaying proof simplify0.key.proof 
399798     DEBUG main            d.u.i.k.p.i.IntermediateProofReplayer Proof replay took 3.26ms 
399799     DEBUG main            d.u.i.k.p.r.p.TestFile    ... success: reloaded. 
399799     INFO  main            d.u.i.k.p.r.p.TestFile    Now processing file /home/runner/work/key/key/key.core/../key.ui/examples/standard_key/inEqSimp/simplify1.key 
399800     INFO  main            d.u.i.k.p.i.AbstractProblemLoader Loading environment from /home/runner/work/key/key/key.core/../key.ui/examples/standard_key/inEqSimp/simplify1.key 
399800     DEBUG main            d.u.i.k.p.i.AbstractProblemLoader Environment load took 187.1ns 
399801     INFO  main            d.u.i.k.p.i.AbstractProblemLoader Creating init config 
402562     DEBUG main            d.u.i.k.p.i.AbstractProblemLoader Init config took 2.76s 
402577     INFO  main            d.u.i.k.p.i.AbstractProblemLoader Replaying proof simplify1.key 
402578     DEBUG main            d.u.i.k.p.i.IntermediateProofReplayer Proof replay took 4ns 
402680     INFO  main            d.u.i.k.p.r.p.TestFile    ... finished proof: closed. 
403181     INFO  main            d.u.i.k.p.i.AbstractProblemLoader Loading environment from /home/runner/work/key/key/key.core/../key.ui/examples/standard_key/inEqSimp/simplify1.key.proof 
403182     DEBUG main            d.u.i.k.p.i.AbstractProblemLoader Environment load took 89ns 
403183     INFO  main            d.u.i.k.p.i.AbstractProblemLoader Creating init config 
406019     DEBUG main            d.u.i.k.p.i.AbstractProblemLoader Init config took 2.84s 
406035     INFO  main            d.u.i.k.p.i.AbstractProblemLoader Replaying proof simplify1.key.proof 
406039     DEBUG main            d.u.i.k.p.i.IntermediateProofReplayer Proof replay took 1.78ms 
406040     DEBUG main            d.u.i.k.p.r.p.TestFile    ... success: reloaded. 
406040     INFO  main            d.u.i.k.p.r.p.TestFile    Now processing file /home/runner/work/key/key/key.core/../key.ui/examples/standard_key/inEqSimp/simplify2.key 
406040     INFO  main            d.u.i.k.p.i.AbstractProblemLoader Loading environment from /home/runner/work/key/key/key.core/../key.ui/examples/standard_key/inEqSimp/simplify2.key 
406040     DEBUG main            d.u.i.k.p.i.AbstractProblemLoader Environment load took 73.3ns 
406042     INFO  main            d.u.i.k.p.i.AbstractProblemLoader Creating init config 
408917     DEBUG main            d.u.i.k.p.i.AbstractProblemLoader Init config took 2.88s 
408934     INFO  main            d.u.i.k.p.i.AbstractProblemLoader Replaying proof simplify2.key 
408935     DEBUG main            d.u.i.k.p.i.IntermediateProofReplayer Proof replay took 3.7ns 
409138     INFO  main            d.u.i.k.p.r.p.TestFile    ... finished proof: closed. 
409650     INFO  main            d.u.i.k.p.i.AbstractProblemLoader Loading environment from /home/runner/work/key/key/key.core/../key.ui/examples/standard_key/inEqSimp/simplify2.key.proof 
409650     DEBUG main            d.u.i.k.p.i.AbstractProblemLoader Environment load took 93.1ns 
409652     INFO  main            d.u.i.k.p.i.AbstractProblemLoader Creating init config 
412586     DEBUG main            d.u.i.k.p.i.AbstractProblemLoader Init config took 2.93s 
412603     INFO  main            d.u.i.k.p.i.AbstractProblemLoader Replaying proof simplify2.key.proof 
412621     DEBUG main            d.u.i.k.p.i.IntermediateProofReplayer Proof replay took 15.98ms 
412623     DEBUG main            d.u.i.k.p.r.p.TestFile    ... success: reloaded. 
412623     INFO  main            d.u.i.k.p.r.p.TestFile    Now processing file /home/runner/work/key/key/key.core/../key.ui/examples/standard_key/inEqSimp/simplify3.key 
412624     INFO  main            d.u.i.k.p.i.AbstractProblemLoader Loading environment from /home/runner/work/key/key/key.core/../key.ui/examples/standard_key/inEqSimp/simplify3.key 
412624     DEBUG main            d.u.i.k.p.i.AbstractProblemLoader Environment load took 105.8ns 
412625     INFO  main            d.u.i.k.p.i.AbstractProblemLoader Creating init config 
415475     DEBUG main            d.u.i.k.p.i.AbstractProblemLoader Init config took 2.85s 
415491     INFO  main            d.u.i.k.p.i.AbstractProblemLoader Replaying proof simplify3.key 
415492     DEBUG main            d.u.i.k.p.i.IntermediateProofReplayer Proof replay took 3.2ns 
415594     INFO  main            d.u.i.k.p.r.p.TestFile    ... finished proof: closed. 
416122     INFO  main            d.u.i.k.p.i.AbstractProblemLoader Loading environment from /home/runner/work/key/key/key.core/../key.ui/examples/standard_key/inEqSimp/simplify3.key.proof 
416122     DEBUG main            d.u.i.k.p.i.AbstractProblemLoader Environment load took 103ns 
416123     INFO  main            d.u.i.k.p.i.AbstractProblemLoader Creating init config 
418911     DEBUG main            d.u.i.k.p.i.AbstractProblemLoader Init config took 2.79s 
418928     INFO  main            d.u.i.k.p.i.AbstractProblemLoader Replaying proof simplify3.key.proof 
418933     DEBUG main            d.u.i.k.p.i.IntermediateProofReplayer Proof replay took 2.38ms 
418934     DEBUG main            d.u.i.k.p.r.p.TestFile    ... success: reloaded. 
418935     INFO  main            d.u.i.k.p.r.p.TestFile    Now processing file /home/runner/work/key/key/key.core/../key.ui/examples/standard_key/inEqSimp/simplify4.key 
418935     INFO  main            d.u.i.k.p.i.AbstractProblemLoader Loading environment from /home/runner/work/key/key/key.core/../key.ui/examples/standard_key/inEqSimp/simplify4.key 
418935     DEBUG main            d.u.i.k.p.i.AbstractProblemLoader Environment load took 54.8ns 
418936     INFO  main            d.u.i.k.p.i.AbstractProblemLoader Creating init config 
421673     DEBUG main            d.u.i.k.p.i.AbstractProblemLoader Init config took 2.74s 
421690     INFO  main            d.u.i.k.p.i.AbstractProblemLoader Replaying proof simplify4.key 
421691     DEBUG main            d.u.i.k.p.i.IntermediateProofReplayer Proof replay took 3.6ns 
421794     INFO  main            d.u.i.k.p.r.p.TestFile    ... finished proof: closed. 
422337     INFO  main            d.u.i.k.p.i.AbstractProblemLoader Loading environment from /home/runner/work/key/key/key.core/../key.ui/examples/standard_key/inEqSimp/simplify4.key.proof 
422337     DEBUG main            d.u.i.k.p.i.AbstractProblemLoader Environment load took 89.2ns 
422338     INFO  main            d.u.i.k.p.i.AbstractProblemLoader Creating init config 
425107     DEBUG main            d.u.i.k.p.i.AbstractProblemLoader Init config took 2.77s 
425123     INFO  main            d.u.i.k.p.i.AbstractProblemLoader Replaying proof simplify4.key.proof 
425143     DEBUG main            d.u.i.k.p.i.IntermediateProofReplayer Proof replay took 17.4ms 
425144     DEBUG main            d.u.i.k.p.r.p.TestFile    ... success: reloaded. 
425144     INFO  main            d.u.i.k.p.r.p.TestFile    Now processing file /home/runner/work/key/key/key.core/../key.ui/examples/standard_key/inEqSimp/simplify5.key 
425145     INFO  main            d.u.i.k.p.i.AbstractProblemLoader Loading environment from /home/runner/work/key/key/key.core/../key.ui/examples/standard_key/inEqSimp/simplify5.key 
425145     DEBUG main            d.u.i.k.p.i.AbstractProblemLoader Environment load took 64.1ns 
425146     INFO  main            d.u.i.k.p.i.AbstractProblemLoader Creating init config 
427992     DEBUG main            d.u.i.k.p.i.AbstractProblemLoader Init config took 2.85s 
428010     INFO  main            d.u.i.k.p.i.AbstractProblemLoader Replaying proof simplify5.key 
428011     DEBUG main            d.u.i.k.p.i.IntermediateProofReplayer Proof replay took 3.4ns 
428716     INFO  main            d.u.i.k.p.r.p.TestFile    ... finished proof: closed. 
429255     INFO  main            d.u.i.k.p.i.AbstractProblemLoader Loading environment from /home/runner/work/key/key/key.core/../key.ui/examples/standard_key/inEqSimp/simplify5.key.proof 
429255     DEBUG main            d.u.i.k.p.i.AbstractProblemLoader Environment load took 168.1ns 
429257     INFO  main            d.u.i.k.p.i.AbstractProblemLoader Creating init config 
432086     DEBUG main            d.u.i.k.p.i.AbstractProblemLoader Init config took 2.83s 
432102     INFO  main            d.u.i.k.p.i.AbstractProblemLoader Replaying proof simplify5.key.proof 
432178     DEBUG main            d.u.i.k.p.i.IntermediateProofReplayer Proof replay took 70.5ms 
432179     DEBUG main            d.u.i.k.p.r.p.TestFile    ... success: reloaded. 
432180     INFO  main            d.u.i.k.p.r.p.TestFile    Now processing file /home/runner/work/key/key/key.core/../key.ui/examples/standard_key/inEqSimp/subsumptionExample.key 
432180     INFO  main            d.u.i.k.p.i.AbstractProblemLoader Loading environment from /home/runner/work/key/key/key.core/../key.ui/examples/standard_key/inEqSimp/subsumptionExample.key 
432180     DEBUG main            d.u.i.k.p.i.AbstractProblemLoader Environment load took 89.6ns 
432181     INFO  main            d.u.i.k.p.i.AbstractProblemLoader Creating init config 
435011     DEBUG main            d.u.i.k.p.i.AbstractProblemLoader Init config took 2.83s 
435027     INFO  main            d.u.i.k.p.i.AbstractProblemLoader Replaying proof subsumptionExample.key 
435028     DEBUG main            d.u.i.k.p.i.IntermediateProofReplayer Proof replay took 3.5ns 
435130     INFO  main            d.u.i.k.p.r.p.TestFile    ... finished proof: closed. 
435687     INFO  main            d.u.i.k.p.i.AbstractProblemLoader Loading environment from /home/runner/work/key/key/key.core/../key.ui/examples/standard_key/inEqSimp/subsumptionExample.key.proof 
435687     DEBUG main            d.u.i.k.p.i.AbstractProblemLoader Environment load took 88.1ns 
435688     INFO  main            d.u.i.k.p.i.AbstractProblemLoader Creating init config 
438418     DEBUG main            d.u.i.k.p.i.AbstractProblemLoader Init config took 2.73s 
438434     INFO  main            d.u.i.k.p.i.AbstractProblemLoader Replaying proof subsumptionExample.key.proof 
438436     DEBUG main            d.u.i.k.p.i.IntermediateProofReplayer Proof replay took 926.02ns 
438437     DEBUG main            d.u.i.k.p.r.p.TestFile    ... success: reloaded. 
438438     INFO  main            d.u.i.k.p.r.p.TestFile    Now processing file /home/runner/work/key/key/key.core/../key.ui/examples/standard_key/polySimp/simplify0.key 
438438     INFO  main            d.u.i.k.p.i.AbstractProblemLoader Loading environment from /home/runner/work/key/key/key.core/../key.ui/examples/standard_key/polySimp/simplify0.key 
438438     DEBUG main            d.u.i.k.p.i.AbstractProblemLoader Environment load took 53.1ns 
438440     INFO  main            d.u.i.k.p.i.AbstractProblemLoader Creating init config 
441197     DEBUG main            d.u.i.k.p.i.AbstractProblemLoader Init config took 2.76s 
441214     INFO  main            d.u.i.k.p.i.AbstractProblemLoader Replaying proof simplify0.key 
441215     DEBUG main            d.u.i.k.p.i.IntermediateProofReplayer Proof replay took 3.8ns 
441519     INFO  main            d.u.i.k.p.r.p.TestFile    ... finished proof: closed. 
442055     INFO  main            d.u.i.k.p.i.AbstractProblemLoader Loading environment from /home/runner/work/key/key/key.core/../key.ui/examples/standard_key/polySimp/simplify0.key.proof 
442055     DEBUG main            d.u.i.k.p.i.AbstractProblemLoader Environment load took 92ns 
442057     INFO  main            d.u.i.k.p.i.AbstractProblemLoader Creating init config 
444825     DEBUG main            d.u.i.k.p.i.AbstractProblemLoader Init config took 2.77s 
444842     INFO  main            d.u.i.k.p.i.AbstractProblemLoader Replaying proof simplify0.key.proof 
444866     DEBUG main            d.u.i.k.p.i.IntermediateProofReplayer Proof replay took 20.12ms 
444867     DEBUG main            d.u.i.k.p.r.p.TestFile    ... success: reloaded. 
444868     INFO  main            d.u.i.k.p.r.p.TestFile    Now processing file /home/runner/work/key/key/key.core/../key.ui/examples/standard_key/polySimp/simplify1.key 
444868     INFO  main            d.u.i.k.p.i.AbstractProblemLoader Loading environment from /home/runner/work/key/key/key.core/../key.ui/examples/standard_key/polySimp/simplify1.key 
444868     DEBUG main            d.u.i.k.p.i.AbstractProblemLoader Environment load took 110.2ns 
444870     INFO  main            d.u.i.k.p.i.AbstractProblemLoader Creating init config 
447693     DEBUG main            d.u.i.k.p.i.AbstractProblemLoader Init config took 2.82s 
447709     INFO  main            d.u.i.k.p.i.AbstractProblemLoader Replaying proof simplify1.key 
447710     DEBUG main            d.u.i.k.p.i.IntermediateProofReplayer Proof replay took 3ns 
448113     INFO  main            d.u.i.k.p.r.p.TestFile    ... finished proof: closed. 
448676     INFO  main            d.u.i.k.p.i.AbstractProblemLoader Loading environment from /home/runner/work/key/key/key.core/../key.ui/examples/standard_key/polySimp/simplify1.key.proof 
448676     DEBUG main            d.u.i.k.p.i.AbstractProblemLoader Environment load took 83.4ns 
448678     INFO  main            d.u.i.k.p.i.AbstractProblemLoader Creating init config 
451412     DEBUG main            d.u.i.k.p.i.AbstractProblemLoader Init config took 2.73s 
451429     INFO  main            d.u.i.k.p.i.AbstractProblemLoader Replaying proof simplify1.key.proof 
451462     DEBUG main            d.u.i.k.p.i.IntermediateProofReplayer Proof replay took 29.99ms 
451463     DEBUG main            d.u.i.k.p.r.p.TestFile    ... success: reloaded. 
451464     INFO  main            d.u.i.k.p.r.p.TestFile    Now processing file /home/runner/work/key/key/key.core/../key.ui/examples/standard_key/polySimp/simplify10.key 
451464     INFO  main            d.u.i.k.p.i.AbstractProblemLoader Loading environment from /home/runner/work/key/key/key.core/../key.ui/examples/standard_key/polySimp/simplify10.key 
451464     DEBUG main            d.u.i.k.p.i.AbstractProblemLoader Environment load took 104.1ns 
451466     INFO  main            d.u.i.k.p.i.AbstractProblemLoader Creating init config 
454327     DEBUG main            d.u.i.k.p.i.AbstractProblemLoader Init config took 2.86s 
454345     INFO  main            d.u.i.k.p.i.AbstractProblemLoader Replaying proof simplify10.key 
454348     DEBUG main            d.u.i.k.p.i.IntermediateProofReplayer Proof replay took 4.1ns 
454653     INFO  main            d.u.i.k.p.r.p.TestFile    ... finished proof: closed. 
455239     INFO  main            d.u.i.k.p.i.AbstractProblemLoader Loading environment from /home/runner/work/key/key/key.core/../key.ui/examples/standard_key/polySimp/simplify10.key.proof 
455239     DEBUG main            d.u.i.k.p.i.AbstractProblemLoader Environment load took 108.7ns 
455241     INFO  main            d.u.i.k.p.i.AbstractProblemLoader Creating init config 
457982     DEBUG main            d.u.i.k.p.i.AbstractProblemLoader Init config took 2.74s 
458001     INFO  main            d.u.i.k.p.i.AbstractProblemLoader Replaying proof simplify10.key.proof 
458044     DEBUG main            d.u.i.k.p.i.IntermediateProofReplayer Proof replay took 40.59ms 
458045     DEBUG main            d.u.i.k.p.r.p.TestFile    ... success: reloaded. 
458046     INFO  main            d.u.i.k.p.r.p.TestFile    Now processing file /home/runner/work/key/key/key.core/../key.ui/examples/standard_key/polySimp/simplify11.key 
458046     INFO  main            d.u.i.k.p.i.AbstractProblemLoader Loading environment from /home/runner/work/key/key/key.core/../key.ui/examples/standard_key/polySimp/simplify11.key 
458046     DEBUG main            d.u.i.k.p.i.AbstractProblemLoader Environment load took 116.5ns 
458048     INFO  main            d.u.i.k.p.i.AbstractProblemLoader Creating init config 
460878     DEBUG main            d.u.i.k.p.i.AbstractProblemLoader Init config took 2.83s 
460895     INFO  main            d.u.i.k.p.i.AbstractProblemLoader Replaying proof simplify11.key 
460896     DEBUG main            d.u.i.k.p.i.IntermediateProofReplayer Proof replay took 3.6ns 
461199     INFO  main            d.u.i.k.p.r.p.TestFile    ... finished proof: closed. 
461801     INFO  main            d.u.i.k.p.i.AbstractProblemLoader Loading environment from /home/runner/work/key/key/key.core/../key.ui/examples/standard_key/polySimp/simplify11.key.proof 
461801     DEBUG main            d.u.i.k.p.i.AbstractProblemLoader Environment load took 101.4ns 
461803     INFO  main            d.u.i.k.p.i.AbstractProblemLoader Creating init config 
464578     DEBUG main            d.u.i.k.p.i.AbstractProblemLoader Init config took 2.77s 
464595     INFO  main            d.u.i.k.p.i.AbstractProblemLoader Replaying proof simplify11.key.proof 
464623     DEBUG main            d.u.i.k.p.i.IntermediateProofReplayer Proof replay took 24.88ms 
464624     DEBUG main            d.u.i.k.p.r.p.TestFile    ... success: reloaded. 
464625     INFO  main            d.u.i.k.p.r.p.TestFile    Now processing file /home/runner/work/key/key/key.core/../key.ui/examples/standard_key/polySimp/simplify12.key 
464625     INFO  main            d.u.i.k.p.i.AbstractProblemLoader Loading environment from /home/runner/work/key/key/key.core/../key.ui/examples/standard_key/polySimp/simplify12.key 
464625     DEBUG main            d.u.i.k.p.i.AbstractProblemLoader Environment load took 64.2ns 
464626     INFO  main            d.u.i.k.p.i.AbstractProblemLoader Creating init config 
467522     DEBUG main            d.u.i.k.p.i.AbstractProblemLoader Init config took 2.9s 
467538     INFO  main            d.u.i.k.p.i.AbstractProblemLoader Replaying proof simplify12.key 
467539     DEBUG main            d.u.i.k.p.i.IntermediateProofReplayer Proof replay took 3.3ns 
467643     INFO  main            d.u.i.k.p.r.p.TestFile    ... finished proof: closed. 
468226     INFO  main            d.u.i.k.p.i.AbstractProblemLoader Loading environment from /home/runner/work/key/key/key.core/../key.ui/examples/standard_key/polySimp/simplify12.key.proof 
468226     DEBUG main            d.u.i.k.p.i.AbstractProblemLoader Environment load took 92.2ns 
468227     INFO  main            d.u.i.k.p.i.AbstractProblemLoader Creating init config 
471040     DEBUG main            d.u.i.k.p.i.AbstractProblemLoader Init config took 2.81s 
471055     INFO  main            d.u.i.k.p.i.AbstractProblemLoader Replaying proof simplify12.key.proof 
471069     DEBUG main            d.u.i.k.p.i.IntermediateProofReplayer Proof replay took 11.99ms 
471071     DEBUG main            d.u.i.k.p.r.p.TestFile    ... success: reloaded. 
471072     INFO  main            d.u.i.k.p.r.p.TestFile    Now processing file /home/runner/work/key/key/key.core/../key.ui/examples/standard_key/polySimp/simplify13.key 
471072     INFO  main            d.u.i.k.p.i.AbstractProblemLoader Loading environment from /home/runner/work/key/key/key.core/../key.ui/examples/standard_key/polySimp/simplify13.key 
471072     DEBUG main            d.u.i.k.p.i.AbstractProblemLoader Environment load took 63.8ns 
471073     INFO  main            d.u.i.k.p.i.AbstractProblemLoader Creating init config 
473958     DEBUG main            d.u.i.k.p.i.AbstractProblemLoader Init config took 2.88s 
473974     INFO  main            d.u.i.k.p.i.AbstractProblemLoader Replaying proof simplify13.key 
473976     DEBUG main            d.u.i.k.p.i.IntermediateProofReplayer Proof replay took 3.3ns 
474078     INFO  main            d.u.i.k.p.r.p.TestFile    ... finished proof: closed. 
474673     INFO  main            d.u.i.k.p.i.AbstractProblemLoader Loading environment from /home/runner/work/key/key/key.core/../key.ui/examples/standard_key/polySimp/simplify13.key.proof 
474673     DEBUG main            d.u.i.k.p.i.AbstractProblemLoader Environment load took 93.4ns 
474675     INFO  main            d.u.i.k.p.i.AbstractProblemLoader Creating init config 
477613     DEBUG main            d.u.i.k.p.i.AbstractProblemLoader Init config took 2.94s 
477631     INFO  main            d.u.i.k.p.i.AbstractProblemLoader Replaying proof simplify13.key.proof 
477640     DEBUG main            d.u.i.k.p.i.IntermediateProofReplayer Proof replay took 7.33ms 
477642     DEBUG main            d.u.i.k.p.r.p.TestFile    ... success: reloaded. 
477642     INFO  main            d.u.i.k.p.r.p.TestFile    Now processing file /home/runner/work/key/key/key.core/../key.ui/examples/standard_key/polySimp/simplify14.key 
477642     INFO  main            d.u.i.k.p.i.AbstractProblemLoader Loading environment from /home/runner/work/key/key/key.core/../key.ui/examples/standard_key/polySimp/simplify14.key 
477642     DEBUG main            d.u.i.k.p.i.AbstractProblemLoader Environment load took 65.2ns 
477644     INFO  main            d.u.i.k.p.i.AbstractProblemLoader Creating init config 
480614     DEBUG main            d.u.i.k.p.i.AbstractProblemLoader Init config took 2.97s 
480631     INFO  main            d.u.i.k.p.i.AbstractProblemLoader Replaying proof simplify14.key 
480633     DEBUG main            d.u.i.k.p.i.IntermediateProofReplayer Proof replay took 3.8ns 
480734     INFO  main            d.u.i.k.p.r.p.TestFile    ... finished proof: closed. 
481292     INFO  main            d.u.i.k.p.i.AbstractProblemLoader Loading environment from /home/runner/work/key/key/key.core/../key.ui/examples/standard_key/polySimp/simplify14.key.proof 
481293     DEBUG main            d.u.i.k.p.i.AbstractProblemLoader Environment load took 90.1ns 
481294     INFO  main            d.u.i.k.p.i.AbstractProblemLoader Creating init config 
484094     DEBUG main            d.u.i.k.p.i.AbstractProblemLoader Init config took 2.8s 
484112     INFO  main            d.u.i.k.p.i.AbstractProblemLoader Replaying proof simplify14.key.proof 
484115     DEBUG main            d.u.i.k.p.i.IntermediateProofReplayer Proof replay took 1.84ms 
484116     DEBUG main            d.u.i.k.p.r.p.TestFile    ... success: reloaded. 
484117     INFO  main            d.u.i.k.p.r.p.TestFile    Now processing file /home/runner/work/key/key/key.core/../key.ui/examples/standard_key/polySimp/simplify15.key 
484117     INFO  main            d.u.i.k.p.i.AbstractProblemLoader Loading environment from /home/runner/work/key/key/key.core/../key.ui/examples/standard_key/polySimp/simplify15.key 
484117     DEBUG main            d.u.i.k.p.i.AbstractProblemLoader Environment load took 78.7ns 
484118     INFO  main            d.u.i.k.p.i.AbstractProblemLoader Creating init config 
486942     DEBUG main            d.u.i.k.p.i.AbstractProblemLoader Init config took 2.82s 
486957     INFO  main            d.u.i.k.p.i.AbstractProblemLoader Replaying proof simplify15.key 
486958     DEBUG main            d.u.i.k.p.i.IntermediateProofReplayer Proof replay took 3.1ns 
487060     INFO  main            d.u.i.k.p.r.p.TestFile    ... finished proof: closed. 
487631     INFO  main            d.u.i.k.p.i.AbstractProblemLoader Loading environment from /home/runner/work/key/key/key.core/../key.ui/examples/standard_key/polySimp/simplify15.key.proof 
487631     DEBUG main            d.u.i.k.p.i.AbstractProblemLoader Environment load took 91.9ns 
487632     INFO  main            d.u.i.k.p.i.AbstractProblemLoader Creating init config 
490482     DEBUG main            d.u.i.k.p.i.AbstractProblemLoader Init config took 2.85s 
490499     INFO  main            d.u.i.k.p.i.AbstractProblemLoader Replaying proof simplify15.key.proof 
490501     DEBUG main            d.u.i.k.p.i.IntermediateProofReplayer Proof replay took 848.11ns 
490502     DEBUG main            d.u.i.k.p.r.p.TestFile    ... success: reloaded. 
490504     INFO  main            d.u.i.k.p.r.p.TestFile    Now processing file /home/runner/work/key/key/key.core/../key.ui/examples/standard_key/polySimp/simplify16.key 
490504     INFO  main            d.u.i.k.p.i.AbstractProblemLoader Loading environment from /home/runner/work/key/key/key.core/../key.ui/examples/standard_key/polySimp/simplify16.key 
490504     DEBUG main            d.u.i.k.p.i.AbstractProblemLoader Environment load took 120.8ns 
490505     INFO  main            d.u.i.k.p.i.AbstractProblemLoader Creating init config 
493310     DEBUG main            d.u.i.k.p.i.AbstractProblemLoader Init config took 2.81s 
493326     INFO  main            d.u.i.k.p.i.AbstractProblemLoader Replaying proof simplify16.key 
493327     DEBUG main            d.u.i.k.p.i.IntermediateProofReplayer Proof replay took 3.4ns 
493429     INFO  main            d.u.i.k.p.r.p.TestFile    ... finished proof: closed. 
494022     INFO  main            d.u.i.k.p.i.AbstractProblemLoader Loading environment from /home/runner/work/key/key/key.core/../key.ui/examples/standard_key/polySimp/simplify16.key.proof 
494022     DEBUG main            d.u.i.k.p.i.AbstractProblemLoader Environment load took 90.4ns 
494023     INFO  main            d.u.i.k.p.i.AbstractProblemLoader Creating init config 
496851     DEBUG main            d.u.i.k.p.i.AbstractProblemLoader Init config took 2.83s 
496869     INFO  main            d.u.i.k.p.i.AbstractProblemLoader Replaying proof simplify16.key.proof 
496871     DEBUG main            d.u.i.k.p.i.IntermediateProofReplayer Proof replay took 596.41ns 
496872     DEBUG main            d.u.i.k.p.r.p.TestFile    ... success: reloaded. 
496873     INFO  main            d.u.i.k.p.r.p.TestFile    Now processing file /home/runner/work/key/key/key.core/../key.ui/examples/standard_key/polySimp/simplify17.key 
496873     INFO  main            d.u.i.k.p.i.AbstractProblemLoader Loading environment from /home/runner/work/key/key/key.core/../key.ui/examples/standard_key/polySimp/simplify17.key 
496873     DEBUG main            d.u.i.k.p.i.AbstractProblemLoader Environment load took 109.7ns 
496874     INFO  main            d.u.i.k.p.i.AbstractProblemLoader Creating init config 
499713     DEBUG main            d.u.i.k.p.i.AbstractProblemLoader Init config took 2.84s 
499730     INFO  main            d.u.i.k.p.i.AbstractProblemLoader Replaying proof simplify17.key 
499731     DEBUG main            d.u.i.k.p.i.IntermediateProofReplayer Proof replay took 4.4ns 
499834     INFO  main            d.u.i.k.p.r.p.TestFile    ... finished proof: closed. 
500458     INFO  main            d.u.i.k.p.i.AbstractProblemLoader Loading environment from /home/runner/work/key/key/key.core/../key.ui/examples/standard_key/polySimp/simplify17.key.proof 
500458     DEBUG main            d.u.i.k.p.i.AbstractProblemLoader Environment load took 93.7ns 
500459     INFO  main            d.u.i.k.p.i.AbstractProblemLoader Creating init config 
503291     DEBUG main            d.u.i.k.p.i.AbstractProblemLoader Init config took 2.83s 
503306     INFO  main            d.u.i.k.p.i.AbstractProblemLoader Replaying proof simplify17.key.proof 
503315     DEBUG main            d.u.i.k.p.i.IntermediateProofReplayer Proof replay took 7.1ms 
503316     DEBUG main            d.u.i.k.p.r.p.TestFile    ... success: reloaded. 
503317     INFO  main            d.u.i.k.p.r.p.TestFile    Now processing file /home/runner/work/key/key/key.core/../key.ui/examples/standard_key/polySimp/simplify18.key 
503317     INFO  main            d.u.i.k.p.i.AbstractProblemLoader Loading environment from /home/runner/work/key/key/key.core/../key.ui/examples/standard_key/polySimp/simplify18.key 
503317     DEBUG main            d.u.i.k.p.i.AbstractProblemLoader Environment load took 78.2ns 
503318     INFO  main            d.u.i.k.p.i.AbstractProblemLoader Creating init config 
506156     DEBUG main            d.u.i.k.p.i.AbstractProblemLoader Init config took 2.84s 
506172     INFO  main            d.u.i.k.p.i.AbstractProblemLoader Replaying proof simplify18.key 
506173     DEBUG main            d.u.i.k.p.i.IntermediateProofReplayer Proof replay took 3.1ns 
506376     INFO  main            d.u.i.k.p.r.p.TestFile    ... finished proof: closed. 
507007     INFO  main            d.u.i.k.p.i.AbstractProblemLoader Loading environment from /home/runner/work/key/key/key.core/../key.ui/examples/standard_key/polySimp/simplify18.key.proof 
507007     DEBUG main            d.u.i.k.p.i.AbstractProblemLoader Environment load took 111.8ns 
507008     INFO  main            d.u.i.k.p.i.AbstractProblemLoader Creating init config 
509727     DEBUG main            d.u.i.k.p.i.AbstractProblemLoader Init config took 2.72s 
509744     INFO  main            d.u.i.k.p.i.AbstractProblemLoader Replaying proof simplify18.key.proof 
509765     DEBUG main            d.u.i.k.p.i.IntermediateProofReplayer Proof replay took 19.23ms 
509766     DEBUG main            d.u.i.k.p.r.p.TestFile    ... success: reloaded. 
509767     INFO  main            d.u.i.k.p.r.p.TestFile    Now processing file /home/runner/work/key/key/key.core/../key.ui/examples/standard_key/polySimp/simplify19.key 
509767     INFO  main            d.u.i.k.p.i.AbstractProblemLoader Loading environment from /home/runner/work/key/key/key.core/../key.ui/examples/standard_key/polySimp/simplify19.key 
509767     DEBUG main            d.u.i.k.p.i.AbstractProblemLoader Environment load took 89.7ns 
509768     INFO  main            d.u.i.k.p.i.AbstractProblemLoader Creating init config 
512670     DEBUG main            d.u.i.k.p.i.AbstractProblemLoader Init config took 2.9s 
512687     INFO  main            d.u.i.k.p.i.AbstractProblemLoader Replaying proof simplify19.key 
512688     DEBUG main            d.u.i.k.p.i.IntermediateProofReplayer Proof replay took 4.1ns 
516607     INFO  main            d.u.i.k.p.r.p.TestFile    ... finished proof: closed. 
517278     INFO  main            d.u.i.k.p.i.AbstractProblemLoader Loading environment from /home/runner/work/key/key/key.core/../key.ui/examples/standard_key/polySimp/simplify19.key.proof 
517278     DEBUG main            d.u.i.k.p.i.AbstractProblemLoader Environment load took 95.4ns 
517280     INFO  main            d.u.i.k.p.i.AbstractProblemLoader Creating init config 
520111     DEBUG main            d.u.i.k.p.i.AbstractProblemLoader Init config took 2.83s 
520128     INFO  main            d.u.i.k.p.i.AbstractProblemLoader Replaying proof simplify19.key.proof 
520478     DEBUG main            d.u.i.k.p.i.IntermediateProofReplayer Proof replay took 337.86ms 
520480     DEBUG main            d.u.i.k.p.r.p.TestFile    ... success: reloaded. 
520480     INFO  main            d.u.i.k.p.r.p.TestFile    Now processing file /home/runner/work/key/key/key.core/../key.ui/examples/standard_key/polySimp/simplify2.key 
520480     INFO  main            d.u.i.k.p.i.AbstractProblemLoader Loading environment from /home/runner/work/key/key/key.core/../key.ui/examples/standard_key/polySimp/simplify2.key 
520481     DEBUG main            d.u.i.k.p.i.AbstractProblemLoader Environment load took 75.8ns 
520481     INFO  main            d.u.i.k.p.i.AbstractProblemLoader Creating init config 
523363     DEBUG main            d.u.i.k.p.i.AbstractProblemLoader Init config took 2.88s 
523380     INFO  main            d.u.i.k.p.i.AbstractProblemLoader Replaying proof simplify2.key 
523384     DEBUG main            d.u.i.k.p.i.IntermediateProofReplayer Proof replay took 3.8ns 
523486     INFO  main            d.u.i.k.p.r.p.TestFile    ... finished proof: closed. 
524179     INFO  main            d.u.i.k.p.i.AbstractProblemLoader Loading environment from /home/runner/work/key/key/key.core/../key.ui/examples/standard_key/polySimp/simplify2.key.proof 
524179     DEBUG main            d.u.i.k.p.i.AbstractProblemLoader Environment load took 91.8ns 
524180     INFO  main            d.u.i.k.p.i.AbstractProblemLoader Creating init config 
526993     DEBUG main            d.u.i.k.p.i.AbstractProblemLoader Init config took 2.81s 
527009     INFO  main            d.u.i.k.p.i.AbstractProblemLoader Replaying proof simplify2.key.proof 
527011     DEBUG main            d.u.i.k.p.i.IntermediateProofReplayer Proof replay took 992.62ns 
527012     DEBUG main            d.u.i.k.p.r.p.TestFile    ... success: reloaded. 
527013     INFO  main            d.u.i.k.p.r.p.TestFile    Now processing file /home/runner/work/key/key/key.core/../key.ui/examples/standard_key/polySimp/simplify20.key 
527013     INFO  main            d.u.i.k.p.i.AbstractProblemLoader Loading environment from /home/runner/work/key/key/key.core/../key.ui/examples/standard_key/polySimp/simplify20.key 
527013     DEBUG main            d.u.i.k.p.i.AbstractProblemLoader Environment load took 56.1ns 
527014     INFO  main            d.u.i.k.p.i.AbstractProblemLoader Creating init config 
529879     DEBUG main            d.u.i.k.p.i.AbstractProblemLoader Init config took 2.86s 
529894     INFO  main            d.u.i.k.p.i.AbstractProblemLoader Replaying proof simplify20.key 
529896     DEBUG main            d.u.i.k.p.i.IntermediateProofReplayer Proof replay took 3.9ns 
530800     INFO  main            d.u.i.k.p.r.p.TestFile    ... finished proof: closed. 
531472     INFO  main            d.u.i.k.p.i.AbstractProblemLoader Loading environment from /home/runner/work/key/key/key.core/../key.ui/examples/standard_key/polySimp/simplify20.key.proof 
531473     DEBUG main            d.u.i.k.p.i.AbstractProblemLoader Environment load took 437.91ns 
531474     INFO  main            d.u.i.k.p.i.AbstractProblemLoader Creating init config 
534226     DEBUG main            d.u.i.k.p.i.AbstractProblemLoader Init config took 2.75s 
534243     INFO  main            d.u.i.k.p.i.AbstractProblemLoader Replaying proof simplify20.key.proof 
534331     DEBUG main            d.u.i.k.p.i.IntermediateProofReplayer Proof replay took 82.57ms 
534332     DEBUG main            d.u.i.k.p.r.p.TestFile    ... success: reloaded. 
534333     INFO  main            d.u.i.k.p.r.p.TestFile    Now processing file /home/runner/work/key/key/key.core/../key.ui/examples/standard_key/polySimp/simplify21.key 
534333     INFO  main            d.u.i.k.p.i.AbstractProblemLoader Loading environment from /home/runner/work/key/key/key.core/../key.ui/examples/standard_key/polySimp/simplify21.key 
534333     DEBUG main            d.u.i.k.p.i.AbstractProblemLoader Environment load took 96.2ns 
534336     INFO  main            d.u.i.k.p.i.AbstractProblemLoader Creating init config 
537163     DEBUG main            d.u.i.k.p.i.AbstractProblemLoader Init config took 2.83s 
537180     INFO  main            d.u.i.k.p.i.AbstractProblemLoader Replaying proof simplify21.key 
537182     DEBUG main            d.u.i.k.p.i.IntermediateProofReplayer Proof replay took 3.5ns 
537888     INFO  main            d.u.i.k.p.r.p.TestFile    ... finished proof: closed. 
538619     INFO  main            d.u.i.k.p.i.AbstractProblemLoader Loading environment from /home/runner/work/key/key/key.core/../key.ui/examples/standard_key/polySimp/simplify21.key.proof 
538619     DEBUG main            d.u.i.k.p.i.AbstractProblemLoader Environment load took 85.3ns 
538622     INFO  main            d.u.i.k.p.i.AbstractProblemLoader Creating init config 
541515     DEBUG main            d.u.i.k.p.i.AbstractProblemLoader Init config took 2.89s 
541537     INFO  main            d.u.i.k.p.i.AbstractProblemLoader Replaying proof simplify21.key.proof 
541630     DEBUG main            d.u.i.k.p.i.IntermediateProofReplayer Proof replay took 88.42ms 
541632     DEBUG main            d.u.i.k.p.r.p.TestFile    ... success: reloaded. 
541632     INFO  main            d.u.i.k.p.r.p.TestFile    Now processing file /home/runner/work/key/key/key.core/../key.ui/examples/standard_key/polySimp/simplify22.key 
541633     INFO  main            d.u.i.k.p.i.AbstractProblemLoader Loading environment from /home/runner/work/key/key/key.core/../key.ui/examples/standard_key/polySimp/simplify22.key 
541633     DEBUG main            d.u.i.k.p.i.AbstractProblemLoader Environment load took 76.2ns 
541634     INFO  main            d.u.i.k.p.i.AbstractProblemLoader Creating init config 
544584     DEBUG main            d.u.i.k.p.i.AbstractProblemLoader Init config took 2.95s 
544603     INFO  main            d.u.i.k.p.i.AbstractProblemLoader Replaying proof simplify22.key 
544604     DEBUG main            d.u.i.k.p.i.IntermediateProofReplayer Proof replay took 3.8ns 
544706     INFO  main            d.u.i.k.p.r.p.TestFile    ... finished proof: closed. 
545429     INFO  main            d.u.i.k.p.i.AbstractProblemLoader Loading environment from /home/runner/work/key/key/key.core/../key.ui/examples/standard_key/polySimp/simplify22.key.proof 
545429     DEBUG main            d.u.i.k.p.i.AbstractProblemLoader Environment load took 126.4ns 
545430     INFO  main            d.u.i.k.p.i.AbstractProblemLoader Creating init config 
548236     DEBUG main            d.u.i.k.p.i.AbstractProblemLoader Init config took 2.81s 
548251     INFO  main            d.u.i.k.p.i.AbstractProblemLoader Replaying proof simplify22.key.proof 
548264     DEBUG main            d.u.i.k.p.i.IntermediateProofReplayer Proof replay took 3.22ms 
548265     DEBUG main            d.u.i.k.p.r.p.TestFile    ... success: reloaded. 
548265     INFO  main            d.u.i.k.p.r.p.TestFile    Now processing file /home/runner/work/key/key/key.core/../key.ui/examples/standard_key/polySimp/simplify23.key 
548265     INFO  main            d.u.i.k.p.i.AbstractProblemLoader Loading environment from /home/runner/work/key/key/key.core/../key.ui/examples/standard_key/polySimp/simplify23.key 
548265     DEBUG main            d.u.i.k.p.i.AbstractProblemLoader Environment load took 59ns 
548266     INFO  main            d.u.i.k.p.i.AbstractProblemLoader Creating init config 
551103     DEBUG main            d.u.i.k.p.i.AbstractProblemLoader Init config took 2.84s 
551119     INFO  main            d.u.i.k.p.i.AbstractProblemLoader Replaying proof simplify23.key 
551122     DEBUG main            d.u.i.k.p.i.IntermediateProofReplayer Proof replay took 3.3ns 
551324     INFO  main            d.u.i.k.p.r.p.TestFile    ... finished proof: closed. 
552014     INFO  main            d.u.i.k.p.i.AbstractProblemLoader Loading environment from /home/runner/work/key/key/key.core/../key.ui/examples/standard_key/polySimp/simplify23.key.proof 
552014     DEBUG main            d.u.i.k.p.i.AbstractProblemLoader Environment load took 94.4ns 
552015     INFO  main            d.u.i.k.p.i.AbstractProblemLoader Creating init config 
554768     DEBUG main            d.u.i.k.p.i.AbstractProblemLoader Init config took 2.75s 
554785     INFO  main            d.u.i.k.p.i.AbstractProblemLoader Replaying proof simplify23.key.proof 
554803     DEBUG main            d.u.i.k.p.i.IntermediateProofReplayer Proof replay took 15.64ms 
554804     DEBUG main            d.u.i.k.p.r.p.TestFile    ... success: reloaded. 
554805     INFO  main            d.u.i.k.p.r.p.TestFile    Now processing file /home/runner/work/key/key/key.core/../key.ui/examples/standard_key/polySimp/simplify24.key 
554805     INFO  main            d.u.i.k.p.i.AbstractProblemLoader Loading environment from /home/runner/work/key/key/key.core/../key.ui/examples/standard_key/polySimp/simplify24.key 
554805     DEBUG main            d.u.i.k.p.i.AbstractProblemLoader Environment load took 158.2ns 
554806     INFO  main            d.u.i.k.p.i.AbstractProblemLoader Creating init config 
557605     DEBUG main            d.u.i.k.p.i.AbstractProblemLoader Init config took 2.8s 
557620     INFO  main            d.u.i.k.p.i.AbstractProblemLoader Replaying proof simplify24.key 
557621     DEBUG main            d.u.i.k.p.i.IntermediateProofReplayer Proof replay took 3.1ns 
557723     INFO  main            d.u.i.k.p.r.p.TestFile    ... finished proof: closed. 
558377     INFO  main            d.u.i.k.p.i.AbstractProblemLoader Loading environment from /home/runner/work/key/key/key.core/../key.ui/examples/standard_key/polySimp/simplify24.key.proof 
558377     DEBUG main            d.u.i.k.p.i.AbstractProblemLoader Environment load took 80.5ns 
558378     INFO  main            d.u.i.k.p.i.AbstractProblemLoader Creating init config 
561013     DEBUG main            d.u.i.k.p.i.AbstractProblemLoader Init config took 2.64s 
561029     INFO  main            d.u.i.k.p.i.AbstractProblemLoader Replaying proof simplify24.key.proof 
561034     DEBUG main            d.u.i.k.p.i.IntermediateProofReplayer Proof replay took 3.27ms 
561034     DEBUG main            d.u.i.k.p.r.p.TestFile    ... success: reloaded. 
561035     INFO  main            d.u.i.k.p.r.p.TestFile    Now processing file /home/runner/work/key/key/key.core/../key.ui/examples/standard_key/polySimp/simplify25.key 
561036     INFO  main            d.u.i.k.p.i.AbstractProblemLoader Loading environment from /home/runner/work/key/key/key.core/../key.ui/examples/standard_key/polySimp/simplify25.key 
561036     DEBUG main            d.u.i.k.p.i.AbstractProblemLoader Environment load took 80.6ns 
561037     INFO  main            d.u.i.k.p.i.AbstractProblemLoader Creating init config 
563826     DEBUG main            d.u.i.k.p.i.AbstractProblemLoader Init config took 2.79s 
563843     INFO  main            d.u.i.k.p.i.AbstractProblemLoader Replaying proof simplify25.key 
563844     DEBUG main            d.u.i.k.p.i.IntermediateProofReplayer Proof replay took 3.8ns 
563946     INFO  main            d.u.i.k.p.r.p.TestFile    ... finished proof: closed. 
564620     INFO  main            d.u.i.k.p.i.AbstractProblemLoader Loading environment from /home/runner/work/key/key/key.core/../key.ui/examples/standard_key/polySimp/simplify25.key.proof 
564620     DEBUG main            d.u.i.k.p.i.AbstractProblemLoader Environment load took 75.2ns 
564621     INFO  main            d.u.i.k.p.i.AbstractProblemLoader Creating init config 
567401     DEBUG main            d.u.i.k.p.i.AbstractProblemLoader Init config took 2.78s 
567416     INFO  main            d.u.i.k.p.i.AbstractProblemLoader Replaying proof simplify25.key.proof 
567421     DEBUG main            d.u.i.k.p.i.IntermediateProofReplayer Proof replay took 3.37ms 
567422     DEBUG main            d.u.i.k.p.r.p.TestFile    ... success: reloaded. 
567423     INFO  main            d.u.i.k.p.r.p.TestFile    Now processing file /home/runner/work/key/key/key.core/../key.ui/examples/standard_key/polySimp/simplify3.key 
567423     INFO  main            d.u.i.k.p.i.AbstractProblemLoader Loading environment from /home/runner/work/key/key/key.core/../key.ui/examples/standard_key/polySimp/simplify3.key 
567423     DEBUG main            d.u.i.k.p.i.AbstractProblemLoader Environment load took 51.4ns 
567424     INFO  main            d.u.i.k.p.i.AbstractProblemLoader Creating init config 
570185     DEBUG main            d.u.i.k.p.i.AbstractProblemLoader Init config took 2.76s 
570200     INFO  main            d.u.i.k.p.i.AbstractProblemLoader Replaying proof simplify3.key 
570202     DEBUG main            d.u.i.k.p.i.IntermediateProofReplayer Proof replay took 3.8ns 
570303     INFO  main            d.u.i.k.p.r.p.TestFile    ... finished proof: closed. 
570966     INFO  main            d.u.i.k.p.i.AbstractProblemLoader Loading environment from /home/runner/work/key/key/key.core/../key.ui/examples/standard_key/polySimp/simplify3.key.proof 
570966     DEBUG main            d.u.i.k.p.i.AbstractProblemLoader Environment load took 82.2ns 
570967     INFO  main            d.u.i.k.p.i.AbstractProblemLoader Creating init config 
573790     DEBUG main            d.u.i.k.p.i.AbstractProblemLoader Init config took 2.82s 
573806     INFO  main            d.u.i.k.p.i.AbstractProblemLoader Replaying proof simplify3.key.proof 
573809     DEBUG main            d.u.i.k.p.i.IntermediateProofReplayer Proof replay took 1.08ms 
573810     DEBUG main            d.u.i.k.p.r.p.TestFile    ... success: reloaded. 
573810     INFO  main            d.u.i.k.p.r.p.TestFile    Now processing file /home/runner/work/key/key/key.core/../key.ui/examples/standard_key/polySimp/simplify4.key 
573810     INFO  main            d.u.i.k.p.i.AbstractProblemLoader Loading environment from /home/runner/work/key/key/key.core/../key.ui/examples/standard_key/polySimp/simplify4.key 
573810     DEBUG main            d.u.i.k.p.i.AbstractProblemLoader Environment load took 59.7ns 
573813     INFO  main            d.u.i.k.p.i.AbstractProblemLoader Creating init config 
576660     DEBUG main            d.u.i.k.p.i.AbstractProblemLoader Init config took 2.85s 
576679     INFO  main            d.u.i.k.p.i.AbstractProblemLoader Replaying proof simplify4.key 
576680     DEBUG main            d.u.i.k.p.i.IntermediateProofReplayer Proof replay took 4.3ns 
576784     INFO  main            d.u.i.k.p.r.p.TestFile    ... finished proof: closed. 
577477     INFO  main            d.u.i.k.p.i.AbstractProblemLoader Loading environment from /home/runner/work/key/key/key.core/../key.ui/examples/standard_key/polySimp/simplify4.key.proof 
577477     DEBUG main            d.u.i.k.p.i.AbstractProblemLoader Environment load took 88.8ns 
577478     INFO  main            d.u.i.k.p.i.AbstractProblemLoader Creating init config 
580304     DEBUG main            d.u.i.k.p.i.AbstractProblemLoader Init config took 2.83s 
580324     INFO  main            d.u.i.k.p.i.AbstractProblemLoader Replaying proof simplify4.key.proof 
580327     DEBUG main            d.u.i.k.p.i.IntermediateProofReplayer Proof replay took 1.44ms 
580328     DEBUG main            d.u.i.k.p.r.p.TestFile    ... success: reloaded. 
580329     INFO  main            d.u.i.k.p.r.p.TestFile    Now processing file /home/runner/work/key/key/key.core/../key.ui/examples/standard_key/polySimp/simplify5.key 
580330     INFO  main            d.u.i.k.p.i.AbstractProblemLoader Loading environment from /home/runner/work/key/key/key.core/../key.ui/examples/standard_key/polySimp/simplify5.key 
580330     DEBUG main            d.u.i.k.p.i.AbstractProblemLoader Environment load took 96.7ns 
580331     INFO  main            d.u.i.k.p.i.AbstractProblemLoader Creating init config 
583103     DEBUG main            d.u.i.k.p.i.AbstractProblemLoader Init config took 2.77s 
583118     INFO  main            d.u.i.k.p.i.AbstractProblemLoader Replaying proof simplify5.key 
583119     DEBUG main            d.u.i.k.p.i.IntermediateProofReplayer Proof replay took 3.7ns 
583221     INFO  main            d.u.i.k.p.r.p.TestFile    ... finished proof: closed. 
583919     INFO  main            d.u.i.k.p.i.AbstractProblemLoader Loading environment from /home/runner/work/key/key/key.core/../key.ui/examples/standard_key/polySimp/simplify5.key.proof 
583919     DEBUG main            d.u.i.k.p.i.AbstractProblemLoader Environment load took 86.9ns 
583920     INFO  main            d.u.i.k.p.i.AbstractProblemLoader Creating init config 
586700     DEBUG main            d.u.i.k.p.i.AbstractProblemLoader Init config took 2.78s 
586717     INFO  main            d.u.i.k.p.i.AbstractProblemLoader Replaying proof simplify5.key.proof 
586727     DEBUG main            d.u.i.k.p.i.IntermediateProofReplayer Proof replay took 8.33ms 
586728     DEBUG main            d.u.i.k.p.r.p.TestFile    ... success: reloaded. 
586729     INFO  main            d.u.i.k.p.r.p.TestFile    Now processing file /home/runner/work/key/key/key.core/../key.ui/examples/standard_key/polySimp/simplify6.key 
586729     INFO  main            d.u.i.k.p.i.AbstractProblemLoader Loading environment from /home/runner/work/key/key/key.core/../key.ui/examples/standard_key/polySimp/simplify6.key 
586729     DEBUG main            d.u.i.k.p.i.AbstractProblemLoader Environment load took 109.8ns 
586730     INFO  main            d.u.i.k.p.i.AbstractProblemLoader Creating init config 
589548     DEBUG main            d.u.i.k.p.i.AbstractProblemLoader Init config took 2.82s 
589565     INFO  main            d.u.i.k.p.i.AbstractProblemLoader Replaying proof simplify6.key 
589566     DEBUG main            d.u.i.k.p.i.IntermediateProofReplayer Proof replay took 3.4ns 
589669     INFO  main            d.u.i.k.p.r.p.TestFile    ... finished proof: closed. 
590369     INFO  main            d.u.i.k.p.i.AbstractProblemLoader Loading environment from /home/runner/work/key/key/key.core/../key.ui/examples/standard_key/polySimp/simplify6.key.proof 
590369     DEBUG main            d.u.i.k.p.i.AbstractProblemLoader Environment load took 105.7ns 
590370     INFO  main            d.u.i.k.p.i.AbstractProblemLoader Creating init config 
593168     DEBUG main            d.u.i.k.p.i.AbstractProblemLoader Init config took 2.8s 
593186     INFO  main            d.u.i.k.p.i.AbstractProblemLoader Replaying proof simplify6.key.proof 
593188     DEBUG main            d.u.i.k.p.i.IntermediateProofReplayer Proof replay took 383.71ns 
593188     DEBUG main            d.u.i.k.p.r.p.TestFile    ... success: reloaded. 
593189     INFO  main            d.u.i.k.p.r.p.TestFile    Now processing file /home/runner/work/key/key/key.core/../key.ui/examples/standard_key/polySimp/simplify7.key 
593189     INFO  main            d.u.i.k.p.i.AbstractProblemLoader Loading environment from /home/runner/work/key/key/key.core/../key.ui/examples/standard_key/polySimp/simplify7.key 
593189     DEBUG main            d.u.i.k.p.i.AbstractProblemLoader Environment load took 70ns 
593190     INFO  main            d.u.i.k.p.i.AbstractProblemLoader Creating init config 
595958     DEBUG main            d.u.i.k.p.i.AbstractProblemLoader Init config took 2.77s 
595974     INFO  main            d.u.i.k.p.i.AbstractProblemLoader Replaying proof simplify7.key 
595976     DEBUG main            d.u.i.k.p.i.IntermediateProofReplayer Proof replay took 3.2ns 
596078     INFO  main            d.u.i.k.p.r.p.TestFile    ... finished proof: closed. 
596797     INFO  main            d.u.i.k.p.i.AbstractProblemLoader Loading environment from /home/runner/work/key/key/key.core/../key.ui/examples/standard_key/polySimp/simplify7.key.proof 
596797     DEBUG main            d.u.i.k.p.i.AbstractProblemLoader Environment load took 89.3ns 
596798     INFO  main            d.u.i.k.p.i.AbstractProblemLoader Creating init config 
599583     DEBUG main            d.u.i.k.p.i.AbstractProblemLoader Init config took 2.78s 
599599     INFO  main            d.u.i.k.p.i.AbstractProblemLoader Replaying proof simplify7.key.proof 
599602     DEBUG main            d.u.i.k.p.i.IntermediateProofReplayer Proof replay took 836.12ns 
599603     DEBUG main            d.u.i.k.p.r.p.TestFile    ... success: reloaded. 
599603     INFO  main            d.u.i.k.p.r.p.TestFile    Now processing file /home/runner/work/key/key/key.core/../key.ui/examples/standard_key/polySimp/simplify8.key 
599603     INFO  main            d.u.i.k.p.i.AbstractProblemLoader Loading environment from /home/runner/work/key/key/key.core/../key.ui/examples/standard_key/polySimp/simplify8.key 
599603     DEBUG main            d.u.i.k.p.i.AbstractProblemLoader Environment load took 50.7ns 
599607     INFO  main            d.u.i.k.p.i.AbstractProblemLoader Creating init config 
602336     DEBUG main            d.u.i.k.p.i.AbstractProblemLoader Init config took 2.73s 
602353     INFO  main            d.u.i.k.p.i.AbstractProblemLoader Replaying proof simplify8.key 
602354     DEBUG main            d.u.i.k.p.i.IntermediateProofReplayer Proof replay took 3.5ns 
607108     INFO  main            d.u.i.k.p.r.p.TestFile    ... finished proof: closed. 
607875     INFO  main            d.u.i.k.p.i.AbstractProblemLoader Loading environment from /home/runner/work/key/key/key.core/../key.ui/examples/standard_key/polySimp/simplify8.key.proof 
607875     DEBUG main            d.u.i.k.p.i.AbstractProblemLoader Environment load took 85.8ns 
607878     INFO  main            d.u.i.k.p.i.AbstractProblemLoader Creating init config 
610783     DEBUG main            d.u.i.k.p.i.AbstractProblemLoader Init config took 2.91s 
610804     INFO  main            d.u.i.k.p.i.AbstractProblemLoader Replaying proof simplify8.key.proof 
611039     DEBUG main            d.u.i.k.p.i.IntermediateProofReplayer Proof replay took 230.28ms 
611042     DEBUG main            d.u.i.k.p.r.p.TestFile    ... success: reloaded. 
611042     INFO  main            d.u.i.k.p.r.p.TestFile    Now processing file /home/runner/work/key/key/key.core/../key.ui/examples/standard_key/polySimp/simplify9.key 
611042     INFO  main            d.u.i.k.p.i.AbstractProblemLoader Loading environment from /home/runner/work/key/key/key.core/../key.ui/examples/standard_key/polySimp/simplify9.key 
611043     DEBUG main            d.u.i.k.p.i.AbstractProblemLoader Environment load took 62.9ns 
611044     INFO  main            d.u.i.k.p.i.AbstractProblemLoader Creating init config 
613798     DEBUG main            d.u.i.k.p.i.AbstractProblemLoader Init config took 2.75s 
613815     INFO  main            d.u.i.k.p.i.AbstractProblemLoader Replaying proof simplify9.key 
613817     DEBUG main            d.u.i.k.p.i.IntermediateProofReplayer Proof replay took 3.2ns 
614020     INFO  main            d.u.i.k.p.r.p.TestFile    ... finished proof: closed. 
614817     INFO  main            d.u.i.k.p.i.AbstractProblemLoader Loading environment from /home/runner/work/key/key/key.core/../key.ui/examples/standard_key/polySimp/simplify9.key.proof 
614817     DEBUG main            d.u.i.k.p.i.AbstractProblemLoader Environment load took 82.6ns 
614819     INFO  main            d.u.i.k.p.i.AbstractProblemLoader Creating init config 
617548     DEBUG main            d.u.i.k.p.i.AbstractProblemLoader Init config took 2.73s 
617565     INFO  main            d.u.i.k.p.i.AbstractProblemLoader Replaying proof simplify9.key.proof 
617580     DEBUG main            d.u.i.k.p.i.IntermediateProofReplayer Proof replay took 12.65ms 
617581     DEBUG main            d.u.i.k.p.r.p.TestFile    ... success: reloaded. 
3749667    INFO  Test worker     d.u.i.k.p.r.RunAllProofsTestUnit Returning from test arithmetic 
3749668    INFO  Test worker     d.u.i.k.p.r.RunAllProofsTestUnit Running test arrays 
543        INFO  Timeout watchdog d.u.i.k.p.r.p.ForkedTestFileRunner Timeout watcher launched (2000 secs.) 
566        WARN  main            d.u.i.k.s.ProofSettings   The settings in /home/runner/.key/proof-settings.props are *not* read. 
609        INFO  main            d.u.i.k.p.r.p.TestFile    Now processing file /home/runner/work/key/key/key.core/../key.ui/examples/standard_key/arrays/arrayStoreException/array2DimPrim.key 
789        INFO  main            d.u.i.k.p.i.AbstractProblemLoader Loading environment from /home/runner/work/key/key/key.core/../key.ui/examples/standard_key/arrays/arrayStoreException/array2DimPrim.key 
813        DEBUG main            d.u.i.k.p.i.AbstractProblemLoader Environment load took 2.2ms 
1206       INFO  main            d.u.i.k.p.i.AbstractProblemLoader Creating init config 
2429       DEBUG main            d.u.i.k.j.TypeConverter   No LDT found for Meta 
2430       DEBUG main            d.u.i.k.j.TypeConverter   No LDT found for Meta 
2435       DEBUG main            d.u.i.k.j.TypeConverter   No LDT found for Meta 
2436       DEBUG main            d.u.i.k.j.TypeConverter   No LDT found for Meta 
4363       DEBUG main            d.u.i.k.j.TypeConverter   No LDT found for JavaBigintExpression 
10877      DEBUG main            d.u.i.k.p.i.AbstractProblemLoader Init config took 9.67s 
10956      INFO  main            d.u.i.k.p.i.AbstractProblemLoader Replaying proof array2DimPrim.key 
11002      DEBUG main            d.u.i.k.p.i.IntermediateProofReplayer Proof replay took 36.7ns 
16047      INFO  main            d.u.i.k.p.r.p.TestFile    ... finished proof: closed. 
16370      INFO  main            d.u.i.k.p.i.AbstractProblemLoader Loading environment from /home/runner/work/key/key/key.core/../key.ui/examples/standard_key/arrays/arrayStoreException/array2DimPrim.key.proof 
16370      DEBUG main            d.u.i.k.p.i.AbstractProblemLoader Environment load took 163.8ns 
16381      INFO  main            d.u.i.k.p.i.AbstractProblemLoader Creating init config 
19995      DEBUG main            d.u.i.k.p.i.AbstractProblemLoader Init config took 3.61s 
20052      INFO  main            d.u.i.k.p.i.AbstractProblemLoader Replaying proof array2DimPrim.key.proof 
20809      DEBUG main            d.u.i.k.p.i.IntermediateProofReplayer Proof replay took 721.44ms 
20828      DEBUG main            d.u.i.k.p.r.p.TestFile    ... success: reloaded. 
20830      INFO  main            d.u.i.k.p.r.p.TestFile    Now processing file /home/runner/work/key/key/key.core/../key.ui/examples/standard_key/arrays/arrayStoreException/arrayStoreKnownDynType.key 
20830      INFO  main            d.u.i.k.p.i.AbstractProblemLoader Loading environment from /home/runner/work/key/key/key.core/../key.ui/examples/standard_key/arrays/arrayStoreException/arrayStoreKnownDynType.key 
20831      DEBUG main            d.u.i.k.p.i.AbstractProblemLoader Environment load took 267.4ns 
20833      INFO  main            d.u.i.k.p.i.AbstractProblemLoader Creating init config 
24119      DEBUG main            d.u.i.k.p.i.AbstractProblemLoader Init config took 3.29s 
24155      INFO  main            d.u.i.k.p.i.AbstractProblemLoader Replaying proof arrayStoreKnownDynType.key 
24158      DEBUG main            d.u.i.k.p.i.IntermediateProofReplayer Proof replay took 8ns 
24462      INFO  main            d.u.i.k.p.r.p.TestFile    ... finished proof: closed. 
24751      INFO  main            d.u.i.k.p.i.AbstractProblemLoader Loading environment from /home/runner/work/key/key/key.core/../key.ui/examples/standard_key/arrays/arrayStoreException/arrayStoreKnownDynType.key.proof 
24752      DEBUG main            d.u.i.k.p.i.AbstractProblemLoader Environment load took 463.21ns 
24754      INFO  main            d.u.i.k.p.i.AbstractProblemLoader Creating init config 
28009      DEBUG main            d.u.i.k.p.i.AbstractProblemLoader Init config took 3.25s 
28038      INFO  main            d.u.i.k.p.i.AbstractProblemLoader Replaying proof arrayStoreKnownDynType.key.proof 
28112      DEBUG main            d.u.i.k.p.i.IntermediateProofReplayer Proof replay took 65.88ms 
28115      DEBUG main            d.u.i.k.p.r.p.TestFile    ... success: reloaded. 
28117      INFO  main            d.u.i.k.p.r.p.TestFile    Now processing file /home/runner/work/key/key/key.core/../key.ui/examples/standard_key/arrays/arrayStoreException/reverseArray.key 
28118      INFO  main            d.u.i.k.p.i.AbstractProblemLoader Loading environment from /home/runner/work/key/key/key.core/../key.ui/examples/standard_key/arrays/arrayStoreException/reverseArray.key 
28118      DEBUG main            d.u.i.k.p.i.AbstractProblemLoader Environment load took 308.11ns 
28121      INFO  main            d.u.i.k.p.i.AbstractProblemLoader Creating init config 
31255      DEBUG main            d.u.i.k.p.i.AbstractProblemLoader Init config took 3.13s 
31294      INFO  main            d.u.i.k.p.i.AbstractProblemLoader Replaying proof reverseArray.key 
31303      DEBUG main            d.u.i.k.p.i.IntermediateProofReplayer Proof replay took 6.9ns 
32018      INFO  main            d.u.i.k.p.r.p.TestFile    ... finished proof: closed. 
32283      INFO  main            d.u.i.k.p.i.AbstractProblemLoader Loading environment from /home/runner/work/key/key/key.core/../key.ui/examples/standard_key/arrays/arrayStoreException/reverseArray.key.proof 
32284      DEBUG main            d.u.i.k.p.i.AbstractProblemLoader Environment load took 1.04ms 
32290      INFO  main            d.u.i.k.p.i.AbstractProblemLoader Creating init config 
35485      DEBUG main            d.u.i.k.p.i.AbstractProblemLoader Init config took 3.2s 
35514      INFO  main            d.u.i.k.p.i.AbstractProblemLoader Replaying proof reverseArray.key.proof 
35709      DEBUG main            d.u.i.k.p.i.IntermediateProofReplayer Proof replay took 188.92ms 
35712      DEBUG main            d.u.i.k.p.r.p.TestFile    ... success: reloaded. 
35714      INFO  main            d.u.i.k.p.r.p.TestFile    Now processing file /home/runner/work/key/key/key.core/../key.ui/examples/standard_key/arrays/arrayStoreException/throwArrayStoreException.key 
35714      INFO  main            d.u.i.k.p.i.AbstractProblemLoader Loading environment from /home/runner/work/key/key/key.core/../key.ui/examples/standard_key/arrays/arrayStoreException/throwArrayStoreException.key 
35715      DEBUG main            d.u.i.k.p.i.AbstractProblemLoader Environment load took 291.7ns 
35716      INFO  main            d.u.i.k.p.i.AbstractProblemLoader Creating init config 
38890      DEBUG main            d.u.i.k.p.i.AbstractProblemLoader Init config took 3.17s 
38918      INFO  main            d.u.i.k.p.i.AbstractProblemLoader Replaying proof throwArrayStoreException.key 
38921      DEBUG main            d.u.i.k.p.i.IntermediateProofReplayer Proof replay took 7.9ns 
39525      INFO  main            d.u.i.k.p.r.p.TestFile    ... finished proof: closed. 
39814      INFO  main            d.u.i.k.p.i.AbstractProblemLoader Loading environment from /home/runner/work/key/key/key.core/../key.ui/examples/standard_key/arrays/arrayStoreException/throwArrayStoreException.key.proof 
39815      DEBUG main            d.u.i.k.p.i.AbstractProblemLoader Environment load took 530.91ns 
39816      INFO  main            d.u.i.k.p.i.AbstractProblemLoader Creating init config 
42854      DEBUG main            d.u.i.k.p.i.AbstractProblemLoader Init config took 3.04s 
42880      INFO  main            d.u.i.k.p.i.AbstractProblemLoader Replaying proof throwArrayStoreException.key.proof 
42998      DEBUG main            d.u.i.k.p.i.IntermediateProofReplayer Proof replay took 113.42ms 
43000      DEBUG main            d.u.i.k.p.r.p.TestFile    ... success: reloaded. 
43001      INFO  main            d.u.i.k.p.r.p.TestFile    Now processing file /home/runner/work/key/key/key.core/../key.ui/examples/standard_key/arrays/creation/arrayCreation1.key 
43002      INFO  main            d.u.i.k.p.i.AbstractProblemLoader Loading environment from /home/runner/work/key/key/key.core/../key.ui/examples/standard_key/arrays/creation/arrayCreation1.key 
43002      DEBUG main            d.u.i.k.p.i.AbstractProblemLoader Environment load took 298.8ns 
43004      INFO  main            d.u.i.k.p.i.AbstractProblemLoader Creating init config 
46105      DEBUG main            d.u.i.k.p.i.AbstractProblemLoader Init config took 3.1s 
46129      INFO  main            d.u.i.k.p.i.AbstractProblemLoader Replaying proof arrayCreation1.key 
46135      DEBUG main            d.u.i.k.p.i.IntermediateProofReplayer Proof replay took 7.6ns 
46339      INFO  main            d.u.i.k.p.r.p.TestFile    ... finished proof: closed. 
46547      INFO  main            d.u.i.k.p.i.AbstractProblemLoader Loading environment from /home/runner/work/key/key/key.core/../key.ui/examples/standard_key/arrays/creation/arrayCreation1.key.proof 
46548      DEBUG main            d.u.i.k.p.i.AbstractProblemLoader Environment load took 700.81ns 
46551      INFO  main            d.u.i.k.p.i.AbstractProblemLoader Creating init config 
49605      DEBUG main            d.u.i.k.p.i.AbstractProblemLoader Init config took 3.05s 
49630      INFO  main            d.u.i.k.p.i.AbstractProblemLoader Replaying proof arrayCreation1.key.proof 
49665      DEBUG main            d.u.i.k.p.i.IntermediateProofReplayer Proof replay took 32.31ms 
49667      DEBUG main            d.u.i.k.p.r.p.TestFile    ... success: reloaded. 
49668      INFO  main            d.u.i.k.p.r.p.TestFile    Now processing file /home/runner/work/key/key/key.core/../key.ui/examples/standard_key/arrays/arrayStoreException/array2Dim.key 
49669      INFO  main            d.u.i.k.p.i.AbstractProblemLoader Loading environment from /home/runner/work/key/key/key.core/../key.ui/examples/standard_key/arrays/arrayStoreException/array2Dim.key 
49669      DEBUG main            d.u.i.k.p.i.AbstractProblemLoader Environment load took 253.6ns 
49671      INFO  main            d.u.i.k.p.i.AbstractProblemLoader Creating init config 
52864      DEBUG main            d.u.i.k.p.i.AbstractProblemLoader Init config took 3.19s 
52910      INFO  main            d.u.i.k.p.i.AbstractProblemLoader Replaying proof array2Dim.key 
52913      DEBUG main            d.u.i.k.p.i.IntermediateProofReplayer Proof replay took 8.7ns 
57282      INFO  main            d.u.i.k.p.r.p.TestFile    ... finished proof: open goal(s) 
57627      INFO  main            d.u.i.k.p.r.p.TestFile    Now processing file /home/runner/work/key/key/key.core/../key.ui/examples/standard_key/arrays/arrayStoreException/array2DimClose.key 
57628      INFO  main            d.u.i.k.p.i.AbstractProblemLoader Loading environment from /home/runner/work/key/key/key.core/../key.ui/examples/standard_key/arrays/arrayStoreException/array2DimClose.key 
57628      DEBUG main            d.u.i.k.p.i.AbstractProblemLoader Environment load took 233.1ns 
57630      INFO  main            d.u.i.k.p.i.AbstractProblemLoader Creating init config 
60674      DEBUG main            d.u.i.k.p.i.AbstractProblemLoader Init config took 3.04s 
60696      INFO  main            d.u.i.k.p.i.AbstractProblemLoader Replaying proof array2DimClose.key 
60699      DEBUG main            d.u.i.k.p.i.IntermediateProofReplayer Proof replay took 11.7ns 
63629      INFO  main            d.u.i.k.p.r.p.TestFile    ... finished proof: open goal(s) 
64093      INFO  main            d.u.i.k.p.r.p.TestFile    Now processing file /home/runner/work/key/key/key.core/../key.ui/examples/standard_key/arrays/arrayStoreException/throwASEForPrim.key 
64094      INFO  main            d.u.i.k.p.i.AbstractProblemLoader Loading environment from /home/runner/work/key/key/key.core/../key.ui/examples/standard_key/arrays/arrayStoreException/throwASEForPrim.key 
64095      DEBUG main            d.u.i.k.p.i.AbstractProblemLoader Environment load took 251.2ns 
64096      INFO  main            d.u.i.k.p.i.AbstractProblemLoader Creating init config 
67051      DEBUG main            d.u.i.k.p.i.AbstractProblemLoader Init config took 2.96s 
67071      INFO  main            d.u.i.k.p.i.AbstractProblemLoader Replaying proof throwASEForPrim.key 
67073      DEBUG main            d.u.i.k.p.i.IntermediateProofReplayer Proof replay took 6.4ns 
72809      INFO  main            d.u.i.k.p.r.p.TestFile    ... finished proof: open goal(s) 
3823119    INFO  Test worker     d.u.i.k.p.r.RunAllProofsTestUnit Returning from test arrays 
3823120    INFO  Test worker     d.u.i.k.p.r.RunAllProofsTestUnit Running test javadl 
447        INFO  Timeout watchdog d.u.i.k.p.r.p.ForkedTestFileRunner Timeout watcher launched (2000 secs.) 
472        WARN  main            d.u.i.k.s.ProofSettings   The settings in /home/runner/.key/proof-settings.props are *not* read. 
519        INFO  main            d.u.i.k.p.r.p.TestFile    Now processing file /home/runner/work/key/key/key.core/../key.ui/examples/standard_key/instanceCreation/instanceCreation1.key 
676        INFO  main            d.u.i.k.p.i.AbstractProblemLoader Loading environment from /home/runner/work/key/key/key.core/../key.ui/examples/standard_key/instanceCreation/instanceCreation1.key 
697        DEBUG main            d.u.i.k.p.i.AbstractProblemLoader Environment load took 2.8ms 
1045       INFO  main            d.u.i.k.p.i.AbstractProblemLoader Creating init config 
2471       DEBUG main            d.u.i.k.j.TypeConverter   No LDT found for Meta 
2472       DEBUG main            d.u.i.k.j.TypeConverter   No LDT found for Meta 
2476       DEBUG main            d.u.i.k.j.TypeConverter   No LDT found for Meta 
2477       DEBUG main            d.u.i.k.j.TypeConverter   No LDT found for Meta 
4811       DEBUG main            d.u.i.k.j.TypeConverter   No LDT found for JavaBigintExpression 
11138      DEBUG main            d.u.i.k.p.i.AbstractProblemLoader Init config took 10.09s 
11219      INFO  main            d.u.i.k.p.i.AbstractProblemLoader Replaying proof instanceCreation1.key 
11265      DEBUG main            d.u.i.k.p.i.IntermediateProofReplayer Proof replay took 63.8ns 
12529      INFO  main            d.u.i.k.p.r.p.TestFile    ... finished proof: closed. 
12703      INFO  main            d.u.i.k.p.i.AbstractProblemLoader Loading environment from /home/runner/work/key/key/key.core/../key.ui/examples/standard_key/instanceCreation/instanceCreation1.key.proof 
12703      DEBUG main            d.u.i.k.p.i.AbstractProblemLoader Environment load took 206ns 
12714      INFO  main            d.u.i.k.p.i.AbstractProblemLoader Creating init config 
16592      DEBUG main            d.u.i.k.p.i.AbstractProblemLoader Init config took 3.88s 
16662      INFO  main            d.u.i.k.p.i.AbstractProblemLoader Replaying proof instanceCreation1.key.proof 
16891      DEBUG main            d.u.i.k.p.i.IntermediateProofReplayer Proof replay took 211.39ms 
16913      DEBUG main            d.u.i.k.p.r.p.TestFile    ... success: reloaded. 
16919      INFO  main            d.u.i.k.p.r.p.TestFile    Now processing file /home/runner/work/key/key/key.core/../key.ui/examples/standard_key/instanceCreation/instanceCreation2.key 
16920      INFO  main            d.u.i.k.p.i.AbstractProblemLoader Loading environment from /home/runner/work/key/key/key.core/../key.ui/examples/standard_key/instanceCreation/instanceCreation2.key 
16920      DEBUG main            d.u.i.k.p.i.AbstractProblemLoader Environment load took 153.8ns 
16925      INFO  main            d.u.i.k.p.i.AbstractProblemLoader Creating init config 
20420      DEBUG main            d.u.i.k.p.i.AbstractProblemLoader Init config took 3.5s 
20461      INFO  main            d.u.i.k.p.i.AbstractProblemLoader Replaying proof instanceCreation2.key 
20464      DEBUG main            d.u.i.k.p.i.IntermediateProofReplayer Proof replay took 7.7ns 
21280      INFO  main            d.u.i.k.p.r.p.TestFile    ... finished proof: closed. 
21493      INFO  main            d.u.i.k.p.i.AbstractProblemLoader Loading environment from /home/runner/work/key/key/key.core/../key.ui/examples/standard_key/instanceCreation/instanceCreation2.key.proof 
21493      DEBUG main            d.u.i.k.p.i.AbstractProblemLoader Environment load took 215.4ns 
21501      INFO  main            d.u.i.k.p.i.AbstractProblemLoader Creating init config 
24831      DEBUG main            d.u.i.k.p.i.AbstractProblemLoader Init config took 3.33s 
24864      INFO  main            d.u.i.k.p.i.AbstractProblemLoader Replaying proof instanceCreation2.key.proof 
25009      DEBUG main            d.u.i.k.p.i.IntermediateProofReplayer Proof replay took 138.66ms 
25011      DEBUG main            d.u.i.k.p.r.p.TestFile    ... success: reloaded. 
25015      INFO  main            d.u.i.k.p.r.p.TestFile    Now processing file /home/runner/work/key/key/key.core/../key.ui/examples/standard_key/instanceCreation/interfacesAndAbstractClassesHaveNoInstances.key 
25016      INFO  main            d.u.i.k.p.i.AbstractProblemLoader Loading environment from /home/runner/work/key/key/key.core/../key.ui/examples/standard_key/instanceCreation/interfacesAndAbstractClassesHaveNoInstances.key 
25017      DEBUG main            d.u.i.k.p.i.AbstractProblemLoader Environment load took 574.51ns 
25019      INFO  main            d.u.i.k.p.i.AbstractProblemLoader Creating init config 
28490      DEBUG main            d.u.i.k.p.i.AbstractProblemLoader Init config took 3.47s 
28519      INFO  main            d.u.i.k.p.i.AbstractProblemLoader Replaying proof interfacesAndAbstractClassesHaveNoInstances.key 
28521      DEBUG main            d.u.i.k.p.i.IntermediateProofReplayer Proof replay took 5.9ns 
28625      INFO  main            d.u.i.k.p.r.p.TestFile    ... finished proof: closed. 
28822      INFO  main            d.u.i.k.p.i.AbstractProblemLoader Loading environment from /home/runner/work/key/key/key.core/../key.ui/examples/standard_key/instanceCreation/interfacesAndAbstractClassesHaveNoInstances.key.proof 
28824      DEBUG main            d.u.i.k.p.i.AbstractProblemLoader Environment load took 1.6ms 
28827      INFO  main            d.u.i.k.p.i.AbstractProblemLoader Creating init config 
32032      DEBUG main            d.u.i.k.p.i.AbstractProblemLoader Init config took 3.21s 
32058      INFO  main            d.u.i.k.p.i.AbstractProblemLoader Replaying proof interfacesAndAbstractClassesHaveNoInstances.key.proof 
32062      DEBUG main            d.u.i.k.p.i.IntermediateProofReplayer Proof replay took 1.64ms 
32064      DEBUG main            d.u.i.k.p.r.p.TestFile    ... success: reloaded. 
32065      INFO  main            d.u.i.k.p.r.p.TestFile    Now processing file /home/runner/work/key/key/key.core/../key.ui/examples/standard_key/instanceCreation/successiveCreatedObjectsAreDistinct.key 
32065      INFO  main            d.u.i.k.p.i.AbstractProblemLoader Loading environment from /home/runner/work/key/key/key.core/../key.ui/examples/standard_key/instanceCreation/successiveCreatedObjectsAreDistinct.key 
32065      DEBUG main            d.u.i.k.p.i.AbstractProblemLoader Environment load took 123ns 
32067      INFO  main            d.u.i.k.p.i.AbstractProblemLoader Creating init config 
35402      DEBUG main            d.u.i.k.p.i.AbstractProblemLoader Init config took 3.34s 
35430      INFO  main            d.u.i.k.p.i.AbstractProblemLoader Replaying proof successiveCreatedObjectsAreDistinct.key 
35432      DEBUG main            d.u.i.k.p.i.IntermediateProofReplayer Proof replay took 7.4ns 
35938      INFO  main            d.u.i.k.p.r.p.TestFile    ... finished proof: closed. 
36151      INFO  main            d.u.i.k.p.i.AbstractProblemLoader Loading environment from /home/runner/work/key/key/key.core/../key.ui/examples/standard_key/instanceCreation/successiveCreatedObjectsAreDistinct.key.proof 
36156      DEBUG main            d.u.i.k.p.i.AbstractProblemLoader Environment load took 5.19ms 
36158      INFO  main            d.u.i.k.p.i.AbstractProblemLoader Creating init config 
39569      DEBUG main            d.u.i.k.p.i.AbstractProblemLoader Init config took 3.41s 
39597      INFO  main            d.u.i.k.p.i.AbstractProblemLoader Replaying proof successiveCreatedObjectsAreDistinct.key.proof 
39687      DEBUG main            d.u.i.k.p.i.IntermediateProofReplayer Proof replay took 81.58ms 
39689      DEBUG main            d.u.i.k.p.r.p.TestFile    ... success: reloaded. 
39690      INFO  main            d.u.i.k.p.r.p.TestFile    Now processing file /home/runner/work/key/key/key.core/../key.ui/examples/standard_key/instanceCreation/testOverloadingConstructors.key 
39690      INFO  main            d.u.i.k.p.i.AbstractProblemLoader Loading environment from /home/runner/work/key/key/key.core/../key.ui/examples/standard_key/instanceCreation/testOverloadingConstructors.key 
39691      DEBUG main            d.u.i.k.p.i.AbstractProblemLoader Environment load took 220.5ns 
39692      INFO  main            d.u.i.k.p.i.AbstractProblemLoader Creating init config 
42907      DEBUG main            d.u.i.k.p.i.AbstractProblemLoader Init config took 3.22s 
42945      INFO  main            d.u.i.k.p.i.AbstractProblemLoader Replaying proof testOverloadingConstructors.key 
42948      DEBUG main            d.u.i.k.p.i.IntermediateProofReplayer Proof replay took 8.2ns 
43353      INFO  main            d.u.i.k.p.r.p.TestFile    ... finished proof: closed. 
43575      INFO  main            d.u.i.k.p.i.AbstractProblemLoader Loading environment from /home/runner/work/key/key/key.core/../key.ui/examples/standard_key/instanceCreation/testOverloadingConstructors.key.proof 
43580      DEBUG main            d.u.i.k.p.i.AbstractProblemLoader Environment load took 5.25ms 
43581      INFO  main            d.u.i.k.p.i.AbstractProblemLoader Creating init config 
46798      DEBUG main            d.u.i.k.p.i.AbstractProblemLoader Init config took 3.22s 
46822      INFO  main            d.u.i.k.p.i.AbstractProblemLoader Replaying proof testOverloadingConstructors.key.proof 
46900      DEBUG main            d.u.i.k.p.i.IntermediateProofReplayer Proof replay took 75.16ms 
46902      DEBUG main            d.u.i.k.p.r.p.TestFile    ... success: reloaded. 
46903      INFO  main            d.u.i.k.p.r.p.TestFile    Now processing file /home/runner/work/key/key/key.core/../key.ui/examples/standard_key/java_dl/SimpleAttributes.key 
46904      INFO  main            d.u.i.k.p.i.AbstractProblemLoader Loading environment from /home/runner/work/key/key/key.core/../key.ui/examples/standard_key/java_dl/SimpleAttributes.key 
46904      DEBUG main            d.u.i.k.p.i.AbstractProblemLoader Environment load took 232.2ns 
46905      INFO  main            d.u.i.k.p.i.AbstractProblemLoader Creating init config 
50008      DEBUG main            d.u.i.k.p.i.AbstractProblemLoader Init config took 3.1s 
50033      INFO  main            d.u.i.k.p.i.AbstractProblemLoader Replaying proof SimpleAttributes.key 
50035      DEBUG main            d.u.i.k.p.i.IntermediateProofReplayer Proof replay took 9ns 
50239      INFO  main            d.u.i.k.p.r.p.TestFile    ... finished proof: closed. 
50452      INFO  main            d.u.i.k.p.i.AbstractProblemLoader Loading environment from /home/runner/work/key/key/key.core/../key.ui/examples/standard_key/java_dl/SimpleAttributes.key.proof 
50453      DEBUG main            d.u.i.k.p.i.AbstractProblemLoader Environment load took 706.01ns 
50454      INFO  main            d.u.i.k.p.i.AbstractProblemLoader Creating init config 
53642      DEBUG main            d.u.i.k.p.i.AbstractProblemLoader Init config took 3.19s 
53668      INFO  main            d.u.i.k.p.i.AbstractProblemLoader Replaying proof SimpleAttributes.key.proof 
53704      DEBUG main            d.u.i.k.p.i.IntermediateProofReplayer Proof replay took 32.43ms 
53705      DEBUG main            d.u.i.k.p.r.p.TestFile    ... success: reloaded. 
53707      INFO  main            d.u.i.k.p.r.p.TestFile    Now processing file /home/runner/work/key/key/key.core/../key.ui/examples/standard_key/java_dl/arrayMax.key 
53707      INFO  main            d.u.i.k.p.i.AbstractProblemLoader Loading environment from /home/runner/work/key/key/key.core/../key.ui/examples/standard_key/java_dl/arrayMax.key 
53707      DEBUG main            d.u.i.k.p.i.AbstractProblemLoader Environment load took 220.1ns 
53710      INFO  main            d.u.i.k.p.i.AbstractProblemLoader Creating init config 
57001      DEBUG main            d.u.i.k.p.i.AbstractProblemLoader Init config took 3.29s 
57027      INFO  main            d.u.i.k.p.i.AbstractProblemLoader Replaying proof arrayMax.key 
57030      DEBUG main            d.u.i.k.p.i.IntermediateProofReplayer Proof replay took 7.7ns 
58946      INFO  main            d.u.i.k.p.r.p.TestFile    ... finished proof: closed. 
59200      INFO  main            d.u.i.k.p.i.AbstractProblemLoader Loading environment from /home/runner/work/key/key/key.core/../key.ui/examples/standard_key/java_dl/arrayMax.key.proof 
59201      DEBUG main            d.u.i.k.p.i.AbstractProblemLoader Environment load took 629.11ns 
59203      INFO  main            d.u.i.k.p.i.AbstractProblemLoader Creating init config 
62428      DEBUG main            d.u.i.k.p.i.AbstractProblemLoader Init config took 3.22s 
62452      INFO  main            d.u.i.k.p.i.AbstractProblemLoader Replaying proof arrayMax.key.proof 
62800      DEBUG main            d.u.i.k.p.i.IntermediateProofReplayer Proof replay took 338.97ms 
62802      DEBUG main            d.u.i.k.p.r.p.TestFile    ... success: reloaded. 
62803      INFO  main            d.u.i.k.p.r.p.TestFile    Now processing file /home/runner/work/key/key/key.core/../key.ui/examples/standard_key/java_dl/arrayUpdateSimp.key 
62804      INFO  main            d.u.i.k.p.i.AbstractProblemLoader Loading environment from /home/runner/work/key/key/key.core/../key.ui/examples/standard_key/java_dl/arrayUpdateSimp.key 
62804      DEBUG main            d.u.i.k.p.i.AbstractProblemLoader Environment load took 139.3ns 
62807      INFO  main            d.u.i.k.p.i.AbstractProblemLoader Creating init config 
62840      WARN  main            d.u.i.k.j.r.KeYCrossReferenceNameInfo Datatype java.io.InputStream declared twice: Once in FILE:/home/runner/work/key/key/key.core/../key.ui/examples/standard_key/java_dl/./classpath/InputStream.java and once in URL:file:/home/runner/work/key/key/key.core/build/resources/main/de/uka/ilkd/key/java/JavaRedux/java/io/InputStream.java, Keeping one from URL:file:/home/runner/work/key/key/key.core/build/resources/main/de/uka/ilkd/key/java/JavaRedux/java/io/InputStream.java 
62840      WARN  main            d.u.i.k.j.r.KeYCrossReferenceNameInfo Datatype java.lang.System declared twice: Once in FILE:/home/runner/work/key/key/key.core/../key.ui/examples/standard_key/java_dl/./classpath/System.java and once in URL:file:/home/runner/work/key/key/key.core/build/resources/main/de/uka/ilkd/key/java/JavaRedux/java/lang/System.java, Keeping one from URL:file:/home/runner/work/key/key/key.core/build/resources/main/de/uka/ilkd/key/java/JavaRedux/java/lang/System.java 
62840      WARN  main            d.u.i.k.j.r.KeYCrossReferenceNameInfo Datatype java.io.PrintStream declared twice: Once in FILE:/home/runner/work/key/key/key.core/../key.ui/examples/standard_key/java_dl/./classpath/PrintStream.java and once in URL:file:/home/runner/work/key/key/key.core/build/resources/main/de/uka/ilkd/key/java/JavaRedux/java/io/PrintStream.java, Keeping one from URL:file:/home/runner/work/key/key/key.core/build/resources/main/de/uka/ilkd/key/java/JavaRedux/java/io/PrintStream.java 
62847      DEBUG main            d.u.i.k.j.r.ClassFileDeclarationBuilder Parsing: package java.io; public class Closeable { } 
62847      DEBUG main            r.s.KeYCrossReferenceSourceInfo Dynamically created class: java.io.Closeable 
66075      DEBUG main            d.u.i.k.p.i.AbstractProblemLoader Init config took 3.27s 
66116      INFO  main            d.u.i.k.p.i.AbstractProblemLoader Replaying proof arrayUpdateSimp.key 
66119      DEBUG main            d.u.i.k.p.i.IntermediateProofReplayer Proof replay took 7.6ns 
66223      INFO  main            d.u.i.k.p.r.p.TestFile    ... finished proof: closed. 
66473      INFO  main            d.u.i.k.p.i.AbstractProblemLoader Loading environment from /home/runner/work/key/key/key.core/../key.ui/examples/standard_key/java_dl/arrayUpdateSimp.key.proof 
66473      DEBUG main            d.u.i.k.p.i.AbstractProblemLoader Environment load took 187.1ns 
66481      INFO  main            d.u.i.k.p.i.AbstractProblemLoader Creating init config 
66516      WARN  main            d.u.i.k.j.r.KeYCrossReferenceNameInfo Datatype java.io.InputStream declared twice: Once in FILE:/home/runner/work/key/key/key.core/../key.ui/examples/standard_key/java_dl/classpath/InputStream.java and once in URL:file:/home/runner/work/key/key/key.core/build/resources/main/de/uka/ilkd/key/java/JavaRedux/java/io/InputStream.java, Keeping one from URL:file:/home/runner/work/key/key/key.core/build/resources/main/de/uka/ilkd/key/java/JavaRedux/java/io/InputStream.java 
66517      WARN  main            d.u.i.k.j.r.KeYCrossReferenceNameInfo Datatype java.lang.System declared twice: Once in FILE:/home/runner/work/key/key/key.core/../key.ui/examples/standard_key/java_dl/classpath/System.java and once in URL:file:/home/runner/work/key/key/key.core/build/resources/main/de/uka/ilkd/key/java/JavaRedux/java/lang/System.java, Keeping one from URL:file:/home/runner/work/key/key/key.core/build/resources/main/de/uka/ilkd/key/java/JavaRedux/java/lang/System.java 
66517      WARN  main            d.u.i.k.j.r.KeYCrossReferenceNameInfo Datatype java.io.PrintStream declared twice: Once in FILE:/home/runner/work/key/key/key.core/../key.ui/examples/standard_key/java_dl/classpath/PrintStream.java and once in URL:file:/home/runner/work/key/key/key.core/build/resources/main/de/uka/ilkd/key/java/JavaRedux/java/io/PrintStream.java, Keeping one from URL:file:/home/runner/work/key/key/key.core/build/resources/main/de/uka/ilkd/key/java/JavaRedux/java/io/PrintStream.java 
66521      DEBUG main            d.u.i.k.j.r.ClassFileDeclarationBuilder Parsing: package java.io; public class Closeable { } 
66521      DEBUG main            r.s.KeYCrossReferenceSourceInfo Dynamically created class: java.io.Closeable 
69736      DEBUG main            d.u.i.k.p.i.AbstractProblemLoader Init config took 3.26s 
69769      INFO  main            d.u.i.k.p.i.AbstractProblemLoader Replaying proof arrayUpdateSimp.key.proof 
69777      DEBUG main            d.u.i.k.p.i.IntermediateProofReplayer Proof replay took 734.11ns 
69780      DEBUG main            d.u.i.k.p.r.p.TestFile    ... success: reloaded. 
69781      INFO  main            d.u.i.k.p.r.p.TestFile    Now processing file /home/runner/work/key/key/key.core/../key.ui/examples/standard_key/java_dl/attributes.key 
69782      INFO  main            d.u.i.k.p.i.AbstractProblemLoader Loading environment from /home/runner/work/key/key/key.core/../key.ui/examples/standard_key/java_dl/attributes.key 
69782      DEBUG main            d.u.i.k.p.i.AbstractProblemLoader Environment load took 247.5ns 
69783      INFO  main            d.u.i.k.p.i.AbstractProblemLoader Creating init config 
72910      DEBUG main            d.u.i.k.p.i.AbstractProblemLoader Init config took 3.13s 
72933      INFO  main            d.u.i.k.p.i.AbstractProblemLoader Replaying proof attributes.key 
72936      DEBUG main            d.u.i.k.p.i.IntermediateProofReplayer Proof replay took 8.5ns 
73239      INFO  main            d.u.i.k.p.r.p.TestFile    ... finished proof: closed. 
73530      INFO  main            d.u.i.k.p.i.AbstractProblemLoader Loading environment from /home/runner/work/key/key/key.core/../key.ui/examples/standard_key/java_dl/attributes.key.proof 
73530      DEBUG main            d.u.i.k.p.i.AbstractProblemLoader Environment load took 131.5ns 
73531      INFO  main            d.u.i.k.p.i.AbstractProblemLoader Creating init config 
76724      DEBUG main            d.u.i.k.p.i.AbstractProblemLoader Init config took 3.19s 
76749      INFO  main            d.u.i.k.p.i.AbstractProblemLoader Replaying proof attributes.key.proof 
76818      DEBUG main            d.u.i.k.p.i.IntermediateProofReplayer Proof replay took 65.9ms 
76819      DEBUG main            d.u.i.k.p.r.p.TestFile    ... success: reloaded. 
76821      INFO  main            d.u.i.k.p.r.p.TestFile    Now processing file /home/runner/work/key/key/key.core/../key.ui/examples/standard_key/java_dl/break.key 
76821      INFO  main            d.u.i.k.p.i.AbstractProblemLoader Loading environment from /home/runner/work/key/key/key.core/../key.ui/examples/standard_key/java_dl/break.key 
76821      DEBUG main            d.u.i.k.p.i.AbstractProblemLoader Environment load took 217.1ns 
76823      INFO  main            d.u.i.k.p.i.AbstractProblemLoader Creating init config 
76853      WARN  main            d.u.i.k.j.r.KeYCrossReferenceNameInfo Datatype java.io.InputStream declared twice: Once in FILE:/home/runner/work/key/key/key.core/../key.ui/examples/standard_key/java_dl/classpath/InputStream.java and once in URL:file:/home/runner/work/key/key/key.core/build/resources/main/de/uka/ilkd/key/java/JavaRedux/java/io/InputStream.java, Keeping one from URL:file:/home/runner/work/key/key/key.core/build/resources/main/de/uka/ilkd/key/java/JavaRedux/java/io/InputStream.java 
76854      WARN  main            d.u.i.k.j.r.KeYCrossReferenceNameInfo Datatype java.lang.System declared twice: Once in FILE:/home/runner/work/key/key/key.core/../key.ui/examples/standard_key/java_dl/classpath/System.java and once in URL:file:/home/runner/work/key/key/key.core/build/resources/main/de/uka/ilkd/key/java/JavaRedux/java/lang/System.java, Keeping one from URL:file:/home/runner/work/key/key/key.core/build/resources/main/de/uka/ilkd/key/java/JavaRedux/java/lang/System.java 
76854      WARN  main            d.u.i.k.j.r.KeYCrossReferenceNameInfo Datatype java.io.PrintStream declared twice: Once in FILE:/home/runner/work/key/key/key.core/../key.ui/examples/standard_key/java_dl/classpath/PrintStream.java and once in URL:file:/home/runner/work/key/key/key.core/build/resources/main/de/uka/ilkd/key/java/JavaRedux/java/io/PrintStream.java, Keeping one from URL:file:/home/runner/work/key/key/key.core/build/resources/main/de/uka/ilkd/key/java/JavaRedux/java/io/PrintStream.java 
76857      DEBUG main            d.u.i.k.j.r.ClassFileDeclarationBuilder Parsing: package java.io; public class Closeable { } 
76858      DEBUG main            r.s.KeYCrossReferenceSourceInfo Dynamically created class: java.io.Closeable 
80024      DEBUG main            d.u.i.k.p.i.AbstractProblemLoader Init config took 3.2s 
80068      INFO  main            d.u.i.k.p.i.AbstractProblemLoader Replaying proof break.key 
80070      DEBUG main            d.u.i.k.p.i.IntermediateProofReplayer Proof replay took 8.9ns 
80174      INFO  main            d.u.i.k.p.r.p.TestFile    ... finished proof: closed. 
80444      INFO  main            d.u.i.k.p.i.AbstractProblemLoader Loading environment from /home/runner/work/key/key/key.core/../key.ui/examples/standard_key/java_dl/break.key.proof 
80444      DEBUG main            d.u.i.k.p.i.AbstractProblemLoader Environment load took 132.8ns 
80446      INFO  main            d.u.i.k.p.i.AbstractProblemLoader Creating init config 
80477      WARN  main            d.u.i.k.j.r.KeYCrossReferenceNameInfo Datatype java.io.InputStream declared twice: Once in FILE:/home/runner/work/key/key/key.core/../key.ui/examples/standard_key/java_dl/classpath/InputStream.java and once in URL:file:/home/runner/work/key/key/key.core/build/resources/main/de/uka/ilkd/key/java/JavaRedux/java/io/InputStream.java, Keeping one from URL:file:/home/runner/work/key/key/key.core/build/resources/main/de/uka/ilkd/key/java/JavaRedux/java/io/InputStream.java 
80478      WARN  main            d.u.i.k.j.r.KeYCrossReferenceNameInfo Datatype java.lang.System declared twice: Once in FILE:/home/runner/work/key/key/key.core/../key.ui/examples/standard_key/java_dl/classpath/System.java and once in URL:file:/home/runner/work/key/key/key.core/build/resources/main/de/uka/ilkd/key/java/JavaRedux/java/lang/System.java, Keeping one from URL:file:/home/runner/work/key/key/key.core/build/resources/main/de/uka/ilkd/key/java/JavaRedux/java/lang/System.java 
80478      WARN  main            d.u.i.k.j.r.KeYCrossReferenceNameInfo Datatype java.io.PrintStream declared twice: Once in FILE:/home/runner/work/key/key/key.core/../key.ui/examples/standard_key/java_dl/classpath/PrintStream.java and once in URL:file:/home/runner/work/key/key/key.core/build/resources/main/de/uka/ilkd/key/java/JavaRedux/java/io/PrintStream.java, Keeping one from URL:file:/home/runner/work/key/key/key.core/build/resources/main/de/uka/ilkd/key/java/JavaRedux/java/io/PrintStream.java 
80481      DEBUG main            d.u.i.k.j.r.ClassFileDeclarationBuilder Parsing: package java.io; public class Closeable { } 
80482      DEBUG main            r.s.KeYCrossReferenceSourceInfo Dynamically created class: java.io.Closeable 
83495      DEBUG main            d.u.i.k.p.i.AbstractProblemLoader Init config took 3.05s 
83514      INFO  main            d.u.i.k.p.i.AbstractProblemLoader Replaying proof break.key.proof 
83530      DEBUG main            d.u.i.k.p.i.IntermediateProofReplayer Proof replay took 12.72ms 
83531      DEBUG main            d.u.i.k.p.r.p.TestFile    ... success: reloaded. 
83532      INFO  main            d.u.i.k.p.r.p.TestFile    Now processing file /home/runner/work/key/key/key.core/../key.ui/examples/standard_key/java_dl/char.key 
83533      INFO  main            d.u.i.k.p.i.AbstractProblemLoader Loading environment from /home/runner/work/key/key/key.core/../key.ui/examples/standard_key/java_dl/char.key 
83533      DEBUG main            d.u.i.k.p.i.AbstractProblemLoader Environment load took 125.2ns 
83534      INFO  main            d.u.i.k.p.i.AbstractProblemLoader Creating init config 
86698      DEBUG main            d.u.i.k.p.i.AbstractProblemLoader Init config took 3.16s 
86718      INFO  main            d.u.i.k.p.i.AbstractProblemLoader Replaying proof char.key 
86719      DEBUG main            d.u.i.k.p.i.IntermediateProofReplayer Proof replay took 8ns 
86825      INFO  main            d.u.i.k.p.r.p.TestFile    ... finished proof: closed. 
87085      INFO  main            d.u.i.k.p.i.AbstractProblemLoader Loading environment from /home/runner/work/key/key/key.core/../key.ui/examples/standard_key/java_dl/char.key.proof 
87085      DEBUG main            d.u.i.k.p.i.AbstractProblemLoader Environment load took 145.1ns 
87086      INFO  main            d.u.i.k.p.i.AbstractProblemLoader Creating init config 
90113      DEBUG main            d.u.i.k.p.i.AbstractProblemLoader Init config took 3.03s 
90134      INFO  main            d.u.i.k.p.i.AbstractProblemLoader Replaying proof char.key.proof 
90141      DEBUG main            d.u.i.k.p.i.IntermediateProofReplayer Proof replay took 4.45ms 
90142      DEBUG main            d.u.i.k.p.r.p.TestFile    ... success: reloaded. 
90143      INFO  main            d.u.i.k.p.r.p.TestFile    Now processing file /home/runner/work/key/key/key.core/../key.ui/examples/standard_key/java_dl/compileTimeConstants.key 
90143      INFO  main            d.u.i.k.p.i.AbstractProblemLoader Loading environment from /home/runner/work/key/key/key.core/../key.ui/examples/standard_key/java_dl/compileTimeConstants.key 
90144      DEBUG main            d.u.i.k.p.i.AbstractProblemLoader Environment load took 225.3ns 
90145      INFO  main            d.u.i.k.p.i.AbstractProblemLoader Creating init config 
93280      DEBUG main            d.u.i.k.p.i.AbstractProblemLoader Init config took 3.13s 
93300      INFO  main            d.u.i.k.p.i.AbstractProblemLoader Replaying proof compileTimeConstants.key 
93302      DEBUG main            d.u.i.k.p.i.IntermediateProofReplayer Proof replay took 8.6ns 
93405      INFO  main            d.u.i.k.p.r.p.TestFile    ... finished proof: closed. 
93667      INFO  main            d.u.i.k.p.i.AbstractProblemLoader Loading environment from /home/runner/work/key/key/key.core/../key.ui/examples/standard_key/java_dl/compileTimeConstants.key.proof 
93667      DEBUG main            d.u.i.k.p.i.AbstractProblemLoader Environment load took 185.4ns 
93669      INFO  main            d.u.i.k.p.i.AbstractProblemLoader Creating init config 
96763      DEBUG main            d.u.i.k.p.i.AbstractProblemLoader Init config took 3.09s 
96781      INFO  main            d.u.i.k.p.i.AbstractProblemLoader Replaying proof compileTimeConstants.key.proof 
96800      DEBUG main            d.u.i.k.p.i.IntermediateProofReplayer Proof replay took 16.17ms 
96801      DEBUG main            d.u.i.k.p.r.p.TestFile    ... success: reloaded. 
96803      INFO  main            d.u.i.k.p.r.p.TestFile    Now processing file /home/runner/work/key/key/key.core/../key.ui/examples/standard_key/java_dl/constructorException/test.key 
96803      INFO  main            d.u.i.k.p.i.AbstractProblemLoader Loading environment from /home/runner/work/key/key/key.core/../key.ui/examples/standard_key/java_dl/constructorException/test.key 
96803      DEBUG main            d.u.i.k.p.i.AbstractProblemLoader Environment load took 114.8ns 
96804      INFO  main            d.u.i.k.p.i.AbstractProblemLoader Creating init config 
100026     DEBUG main            d.u.i.k.p.i.AbstractProblemLoader Init config took 3.22s 
100108     INFO  main            d.u.i.k.p.i.AbstractProblemLoader Replaying proof Test[Test::Test(int)].JML operation contract.0 
100110     DEBUG main            d.u.i.k.p.i.IntermediateProofReplayer Proof replay took 72.6ns 
100413     INFO  main            d.u.i.k.p.r.p.TestFile    ... finished proof: closed. 
100681     INFO  main            d.u.i.k.p.i.AbstractProblemLoader Loading environment from /home/runner/work/key/key/key.core/../key.ui/examples/standard_key/java_dl/constructorException/test.key.proof 
100681     DEBUG main            d.u.i.k.p.i.AbstractProblemLoader Environment load took 431.71ns 
100682     INFO  main            d.u.i.k.p.i.AbstractProblemLoader Creating init config 
103792     DEBUG main            d.u.i.k.p.i.AbstractProblemLoader Init config took 3.11s 
103846     INFO  main            d.u.i.k.p.i.AbstractProblemLoader Replaying proof Test[Test::Test(int)].JML operation contract.0 
103925     DEBUG main            d.u.i.k.p.i.IntermediateProofReplayer Proof replay took 75.55ms 
103926     DEBUG main            d.u.i.k.p.r.p.TestFile    ... success: reloaded. 
103927     INFO  main            d.u.i.k.p.r.p.TestFile    Now processing file /home/runner/work/key/key/key.core/../key.ui/examples/standard_key/java_dl/constructorException/regressionTestBug1333.key 
103928     INFO  main            d.u.i.k.p.i.AbstractProblemLoader Loading environment from /home/runner/work/key/key/key.core/../key.ui/examples/standard_key/java_dl/constructorException/regressionTestBug1333.key 
103928     DEBUG main            d.u.i.k.p.i.AbstractProblemLoader Environment load took 223.2ns 
103929     INFO  main            d.u.i.k.p.i.AbstractProblemLoader Creating init config 
107119     DEBUG main            d.u.i.k.p.i.AbstractProblemLoader Init config took 3.19s 
107169     INFO  main            d.u.i.k.p.i.AbstractProblemLoader Replaying proof False[False::False()].JML normal_behavior operation contract.0 
107172     DEBUG main            d.u.i.k.p.i.IntermediateProofReplayer Proof replay took 7.4ns 
107278     INFO  main            d.u.i.k.p.r.p.TestFile    ... finished proof: open goal(s) 
107575     INFO  main            d.u.i.k.p.r.p.TestFile    Now processing file /home/runner/work/key/key/key.core/../key.ui/examples/standard_key/java_dl/continue1.key 
107575     INFO  main            d.u.i.k.p.i.AbstractProblemLoader Loading environment from /home/runner/work/key/key/key.core/../key.ui/examples/standard_key/java_dl/continue1.key 
107576     DEBUG main            d.u.i.k.p.i.AbstractProblemLoader Environment load took 74.2ns 
107577     INFO  main            d.u.i.k.p.i.AbstractProblemLoader Creating init config 
107605     WARN  main            d.u.i.k.j.r.KeYCrossReferenceNameInfo Datatype java.io.InputStream declared twice: Once in FILE:/home/runner/work/key/key/key.core/../key.ui/examples/standard_key/java_dl/classpath/InputStream.java and once in URL:file:/home/runner/work/key/key/key.core/build/resources/main/de/uka/ilkd/key/java/JavaRedux/java/io/InputStream.java, Keeping one from URL:file:/home/runner/work/key/key/key.core/build/resources/main/de/uka/ilkd/key/java/JavaRedux/java/io/InputStream.java 
107605     WARN  main            d.u.i.k.j.r.KeYCrossReferenceNameInfo Datatype java.lang.System declared twice: Once in FILE:/home/runner/work/key/key/key.core/../key.ui/examples/standard_key/java_dl/classpath/System.java and once in URL:file:/home/runner/work/key/key/key.core/build/resources/main/de/uka/ilkd/key/java/JavaRedux/java/lang/System.java, Keeping one from URL:file:/home/runner/work/key/key/key.core/build/resources/main/de/uka/ilkd/key/java/JavaRedux/java/lang/System.java 
107605     WARN  main            d.u.i.k.j.r.KeYCrossReferenceNameInfo Datatype java.io.PrintStream declared twice: Once in FILE:/home/runner/work/key/key/key.core/../key.ui/examples/standard_key/java_dl/classpath/PrintStream.java and once in URL:file:/home/runner/work/key/key/key.core/build/resources/main/de/uka/ilkd/key/java/JavaRedux/java/io/PrintStream.java, Keeping one from URL:file:/home/runner/work/key/key/key.core/build/resources/main/de/uka/ilkd/key/java/JavaRedux/java/io/PrintStream.java 
107616     DEBUG main            d.u.i.k.j.r.ClassFileDeclarationBuilder Parsing: package java.io; public class Closeable { } 
107617     DEBUG main            r.s.KeYCrossReferenceSourceInfo Dynamically created class: java.io.Closeable 
110669     DEBUG main            d.u.i.k.p.i.AbstractProblemLoader Init config took 3.09s 
110685     INFO  main            d.u.i.k.p.i.AbstractProblemLoader Replaying proof continue1.key 
110687     DEBUG main            d.u.i.k.p.i.IntermediateProofReplayer Proof replay took 63.9ns 
110789     INFO  main            d.u.i.k.p.r.p.TestFile    ... finished proof: closed. 
111047     INFO  main            d.u.i.k.p.i.AbstractProblemLoader Loading environment from /home/runner/work/key/key/key.core/../key.ui/examples/standard_key/java_dl/continue1.key.proof 
111047     DEBUG main            d.u.i.k.p.i.AbstractProblemLoader Environment load took 173.1ns 
111049     INFO  main            d.u.i.k.p.i.AbstractProblemLoader Creating init config 
111079     WARN  main            d.u.i.k.j.r.KeYCrossReferenceNameInfo Datatype java.io.InputStream declared twice: Once in FILE:/home/runner/work/key/key/key.core/../key.ui/examples/standard_key/java_dl/classpath/InputStream.java and once in URL:file:/home/runner/work/key/key/key.core/build/resources/main/de/uka/ilkd/key/java/JavaRedux/java/io/InputStream.java, Keeping one from URL:file:/home/runner/work/key/key/key.core/build/resources/main/de/uka/ilkd/key/java/JavaRedux/java/io/InputStream.java 
111079     WARN  main            d.u.i.k.j.r.KeYCrossReferenceNameInfo Datatype java.lang.System declared twice: Once in FILE:/home/runner/work/key/key/key.core/../key.ui/examples/standard_key/java_dl/classpath/System.java and once in URL:file:/home/runner/work/key/key/key.core/build/resources/main/de/uka/ilkd/key/java/JavaRedux/java/lang/System.java, Keeping one from URL:file:/home/runner/work/key/key/key.core/build/resources/main/de/uka/ilkd/key/java/JavaRedux/java/lang/System.java 
111079     WARN  main            d.u.i.k.j.r.KeYCrossReferenceNameInfo Datatype java.io.PrintStream declared twice: Once in FILE:/home/runner/work/key/key/key.core/../key.ui/examples/standard_key/java_dl/classpath/PrintStream.java and once in URL:file:/home/runner/work/key/key/key.core/build/resources/main/de/uka/ilkd/key/java/JavaRedux/java/io/PrintStream.java, Keeping one from URL:file:/home/runner/work/key/key/key.core/build/resources/main/de/uka/ilkd/key/java/JavaRedux/java/io/PrintStream.java 
111083     DEBUG main            d.u.i.k.j.r.ClassFileDeclarationBuilder Parsing: package java.io; public class Closeable { } 
111083     DEBUG main            r.s.KeYCrossReferenceSourceInfo Dynamically created class: java.io.Closeable 
114096     DEBUG main            d.u.i.k.p.i.AbstractProblemLoader Init config took 3.05s 
114115     INFO  main            d.u.i.k.p.i.AbstractProblemLoader Replaying proof continue1.key.proof 
114145     DEBUG main            d.u.i.k.p.i.IntermediateProofReplayer Proof replay took 27.17ms 
114147     DEBUG main            d.u.i.k.p.r.p.TestFile    ... success: reloaded. 
114148     INFO  main            d.u.i.k.p.r.p.TestFile    Now processing file /home/runner/work/key/key/key.core/../key.ui/examples/standard_key/java_dl/continue2.key 
114149     INFO  main            d.u.i.k.p.i.AbstractProblemLoader Loading environment from /home/runner/work/key/key/key.core/../key.ui/examples/standard_key/java_dl/continue2.key 
114149     DEBUG main            d.u.i.k.p.i.AbstractProblemLoader Environment load took 262ns 
114150     INFO  main            d.u.i.k.p.i.AbstractProblemLoader Creating init config 
114178     WARN  main            d.u.i.k.j.r.KeYCrossReferenceNameInfo Datatype java.io.InputStream declared twice: Once in FILE:/home/runner/work/key/key/key.core/../key.ui/examples/standard_key/java_dl/classpath/InputStream.java and once in URL:file:/home/runner/work/key/key/key.core/build/resources/main/de/uka/ilkd/key/java/JavaRedux/java/io/InputStream.java, Keeping one from URL:file:/home/runner/work/key/key/key.core/build/resources/main/de/uka/ilkd/key/java/JavaRedux/java/io/InputStream.java 
114178     WARN  main            d.u.i.k.j.r.KeYCrossReferenceNameInfo Datatype java.lang.System declared twice: Once in FILE:/home/runner/work/key/key/key.core/../key.ui/examples/standard_key/java_dl/classpath/System.java and once in URL:file:/home/runner/work/key/key/key.core/build/resources/main/de/uka/ilkd/key/java/JavaRedux/java/lang/System.java, Keeping one from URL:file:/home/runner/work/key/key/key.core/build/resources/main/de/uka/ilkd/key/java/JavaRedux/java/lang/System.java 
114178     WARN  main            d.u.i.k.j.r.KeYCrossReferenceNameInfo Datatype java.io.PrintStream declared twice: Once in FILE:/home/runner/work/key/key/key.core/../key.ui/examples/standard_key/java_dl/classpath/PrintStream.java and once in URL:file:/home/runner/work/key/key/key.core/build/resources/main/de/uka/ilkd/key/java/JavaRedux/java/io/PrintStream.java, Keeping one from URL:file:/home/runner/work/key/key/key.core/build/resources/main/de/uka/ilkd/key/java/JavaRedux/java/io/PrintStream.java 
114182     DEBUG main            d.u.i.k.j.r.ClassFileDeclarationBuilder Parsing: package java.io; public class Closeable { } 
114182     DEBUG main            r.s.KeYCrossReferenceSourceInfo Dynamically created class: java.io.Closeable 
117296     DEBUG main            d.u.i.k.p.i.AbstractProblemLoader Init config took 3.15s 
117314     INFO  main            d.u.i.k.p.i.AbstractProblemLoader Replaying proof continue2.key 
117316     DEBUG main            d.u.i.k.p.i.IntermediateProofReplayer Proof replay took 7.4ns 
117618     INFO  main            d.u.i.k.p.r.p.TestFile    ... finished proof: closed. 
117926     INFO  main            d.u.i.k.p.i.AbstractProblemLoader Loading environment from /home/runner/work/key/key/key.core/../key.ui/examples/standard_key/java_dl/continue2.key.proof 
117927     DEBUG main            d.u.i.k.p.i.AbstractProblemLoader Environment load took 694.71ns 
117928     INFO  main            d.u.i.k.p.i.AbstractProblemLoader Creating init config 
117957     WARN  main            d.u.i.k.j.r.KeYCrossReferenceNameInfo Datatype java.io.InputStream declared twice: Once in FILE:/home/runner/work/key/key/key.core/../key.ui/examples/standard_key/java_dl/classpath/InputStream.java and once in URL:file:/home/runner/work/key/key/key.core/build/resources/main/de/uka/ilkd/key/java/JavaRedux/java/io/InputStream.java, Keeping one from URL:file:/home/runner/work/key/key/key.core/build/resources/main/de/uka/ilkd/key/java/JavaRedux/java/io/InputStream.java 
117957     WARN  main            d.u.i.k.j.r.KeYCrossReferenceNameInfo Datatype java.lang.System declared twice: Once in FILE:/home/runner/work/key/key/key.core/../key.ui/examples/standard_key/java_dl/classpath/System.java and once in URL:file:/home/runner/work/key/key/key.core/build/resources/main/de/uka/ilkd/key/java/JavaRedux/java/lang/System.java, Keeping one from URL:file:/home/runner/work/key/key/key.core/build/resources/main/de/uka/ilkd/key/java/JavaRedux/java/lang/System.java 
117957     WARN  main            d.u.i.k.j.r.KeYCrossReferenceNameInfo Datatype java.io.PrintStream declared twice: Once in FILE:/home/runner/work/key/key/key.core/../key.ui/examples/standard_key/java_dl/classpath/PrintStream.java and once in URL:file:/home/runner/work/key/key/key.core/build/resources/main/de/uka/ilkd/key/java/JavaRedux/java/io/PrintStream.java, Keeping one from URL:file:/home/runner/work/key/key/key.core/build/resources/main/de/uka/ilkd/key/java/JavaRedux/java/io/PrintStream.java 
117960     DEBUG main            d.u.i.k.j.r.ClassFileDeclarationBuilder Parsing: package java.io; public class Closeable { } 
117960     DEBUG main            r.s.KeYCrossReferenceSourceInfo Dynamically created class: java.io.Closeable 
120939     DEBUG main            d.u.i.k.p.i.AbstractProblemLoader Init config took 3.01s 
120957     INFO  main            d.u.i.k.p.i.AbstractProblemLoader Replaying proof continue2.key.proof 
121065     DEBUG main            d.u.i.k.p.i.IntermediateProofReplayer Proof replay took 104.17ms 
121067     DEBUG main            d.u.i.k.p.r.p.TestFile    ... success: reloaded. 
121069     INFO  main            d.u.i.k.p.r.p.TestFile    Now processing file /home/runner/work/key/key/key.core/../key.ui/examples/standard_key/java_dl/complexAssignment.key 
121076     INFO  main            d.u.i.k.p.i.AbstractProblemLoader Loading environment from /home/runner/work/key/key/key.core/../key.ui/examples/standard_key/java_dl/complexAssignment.key 
121077     DEBUG main            d.u.i.k.p.i.AbstractProblemLoader Environment load took 352.7ns 
121078     INFO  main            d.u.i.k.p.i.AbstractProblemLoader Creating init config 
124270     DEBUG main            d.u.i.k.p.i.AbstractProblemLoader Init config took 3.19s 
124287     INFO  main            d.u.i.k.p.i.AbstractProblemLoader Replaying proof complexAssignment.key 
124289     DEBUG main            d.u.i.k.p.i.IntermediateProofReplayer Proof replay took 8.6ns 
124394     INFO  main            d.u.i.k.p.r.p.TestFile    ... finished proof: closed. 
124726     INFO  main            d.u.i.k.p.i.AbstractProblemLoader Loading environment from /home/runner/work/key/key/key.core/../key.ui/examples/standard_key/java_dl/complexAssignment.key.proof 
124726     DEBUG main            d.u.i.k.p.i.AbstractProblemLoader Environment load took 112.8ns 
124727     INFO  main            d.u.i.k.p.i.AbstractProblemLoader Creating init config 
127700     DEBUG main            d.u.i.k.p.i.AbstractProblemLoader Init config took 2.97s 
127718     INFO  main            d.u.i.k.p.i.AbstractProblemLoader Replaying proof complexAssignment.key.proof 
127746     DEBUG main            d.u.i.k.p.i.IntermediateProofReplayer Proof replay took 23.91ms 
127748     DEBUG main            d.u.i.k.p.r.p.TestFile    ... success: reloaded. 
127749     INFO  main            d.u.i.k.p.r.p.TestFile    Now processing file /home/runner/work/key/key/key.core/../key.ui/examples/standard_key/java_dl/danglingElseSolution1.key 
127749     INFO  main            d.u.i.k.p.i.AbstractProblemLoader Loading environment from /home/runner/work/key/key/key.core/../key.ui/examples/standard_key/java_dl/danglingElseSolution1.key 
127750     DEBUG main            d.u.i.k.p.i.AbstractProblemLoader Environment load took 251.3ns 
127751     INFO  main            d.u.i.k.p.i.AbstractProblemLoader Creating init config 
130833     DEBUG main            d.u.i.k.p.i.AbstractProblemLoader Init config took 3.08s 
130850     INFO  main            d.u.i.k.p.i.AbstractProblemLoader Replaying proof danglingElseSolution1.key 
130851     DEBUG main            d.u.i.k.p.i.IntermediateProofReplayer Proof replay took 7.8ns 
130953     INFO  main            d.u.i.k.p.r.p.TestFile    ... finished proof: closed. 
131241     INFO  main            d.u.i.k.p.i.AbstractProblemLoader Loading environment from /home/runner/work/key/key/key.core/../key.ui/examples/standard_key/java_dl/danglingElseSolution1.key.proof 
131242     DEBUG main            d.u.i.k.p.i.AbstractProblemLoader Environment load took 124.2ns 
131243     INFO  main            d.u.i.k.p.i.AbstractProblemLoader Creating init config 
134238     DEBUG main            d.u.i.k.p.i.AbstractProblemLoader Init config took 2.99s 
134257     INFO  main            d.u.i.k.p.i.AbstractProblemLoader Replaying proof danglingElseSolution1.key.proof 
134284     DEBUG main            d.u.i.k.p.i.IntermediateProofReplayer Proof replay took 22.95ms 
134285     DEBUG main            d.u.i.k.p.r.p.TestFile    ... success: reloaded. 
134286     INFO  main            d.u.i.k.p.r.p.TestFile    Now processing file /home/runner/work/key/key/key.core/../key.ui/examples/standard_key/java_dl/danglingElseSolution2.key 
134286     INFO  main            d.u.i.k.p.i.AbstractProblemLoader Loading environment from /home/runner/work/key/key/key.core/../key.ui/examples/standard_key/java_dl/danglingElseSolution2.key 
134286     DEBUG main            d.u.i.k.p.i.AbstractProblemLoader Environment load took 196.5ns 
134289     INFO  main            d.u.i.k.p.i.AbstractProblemLoader Creating init config 
137376     DEBUG main            d.u.i.k.p.i.AbstractProblemLoader Init config took 3.09s 
137394     INFO  main            d.u.i.k.p.i.AbstractProblemLoader Replaying proof danglingElseSolution2.key 
137396     DEBUG main            d.u.i.k.p.i.IntermediateProofReplayer Proof replay took 7.8ns 
137499     INFO  main            d.u.i.k.p.r.p.TestFile    ... finished proof: closed. 
137794     INFO  main            d.u.i.k.p.i.AbstractProblemLoader Loading environment from /home/runner/work/key/key/key.core/../key.ui/examples/standard_key/java_dl/danglingElseSolution2.key.proof 
137794     DEBUG main            d.u.i.k.p.i.AbstractProblemLoader Environment load took 127.6ns 
137795     INFO  main            d.u.i.k.p.i.AbstractProblemLoader Creating init config 
140814     DEBUG main            d.u.i.k.p.i.AbstractProblemLoader Init config took 3.02s 
140832     INFO  main            d.u.i.k.p.i.AbstractProblemLoader Replaying proof danglingElseSolution2.key.proof 
140859     DEBUG main            d.u.i.k.p.i.IntermediateProofReplayer Proof replay took 20.75ms 
140860     DEBUG main            d.u.i.k.p.r.p.TestFile    ... success: reloaded. 
140861     INFO  main            d.u.i.k.p.r.p.TestFile    Now processing file /home/runner/work/key/key/key.core/../key.ui/examples/standard_key/java_dl/deepNonNull/deepNonNull0.key 
140861     INFO  main            d.u.i.k.p.i.AbstractProblemLoader Loading environment from /home/runner/work/key/key/key.core/../key.ui/examples/standard_key/java_dl/deepNonNull/deepNonNull0.key 
140861     DEBUG main            d.u.i.k.p.i.AbstractProblemLoader Environment load took 109.1ns 
140862     INFO  main            d.u.i.k.p.i.AbstractProblemLoader Creating init config 
143961     DEBUG main            d.u.i.k.p.i.AbstractProblemLoader Init config took 3.1s 
144009     INFO  main            d.u.i.k.p.i.AbstractProblemLoader Replaying proof Arrays[Arrays::get()].JML operation contract.0 
144010     DEBUG main            d.u.i.k.p.i.IntermediateProofReplayer Proof replay took 7.7ns 
144214     INFO  main            d.u.i.k.p.r.p.TestFile    ... finished proof: closed. 
144554     INFO  main            d.u.i.k.p.i.AbstractProblemLoader Loading environment from /home/runner/work/key/key/key.core/../key.ui/examples/standard_key/java_dl/deepNonNull/deepNonNull0.key.proof 
144555     DEBUG main            d.u.i.k.p.i.AbstractProblemLoader Environment load took 109.7ns 
144556     INFO  main            d.u.i.k.p.i.AbstractProblemLoader Creating init config 
147592     DEBUG main            d.u.i.k.p.i.AbstractProblemLoader Init config took 3.04s 
147639     INFO  main            d.u.i.k.p.i.AbstractProblemLoader Replaying proof Arrays[Arrays::get()].JML operation contract.0 
147701     DEBUG main            d.u.i.k.p.i.IntermediateProofReplayer Proof replay took 41.42ms 
147702     DEBUG main            d.u.i.k.p.r.p.TestFile    ... success: reloaded. 
147703     INFO  main            d.u.i.k.p.r.p.TestFile    Now processing file /home/runner/work/key/key/key.core/../key.ui/examples/standard_key/java_dl/deepNonNull/deepNonNull1.key 
147703     INFO  main            d.u.i.k.p.i.AbstractProblemLoader Loading environment from /home/runner/work/key/key/key.core/../key.ui/examples/standard_key/java_dl/deepNonNull/deepNonNull1.key 
147704     DEBUG main            d.u.i.k.p.i.AbstractProblemLoader Environment load took 221.1ns 
147705     INFO  main            d.u.i.k.p.i.AbstractProblemLoader Creating init config 
150738     DEBUG main            d.u.i.k.p.i.AbstractProblemLoader Init config took 3.03s 
150786     INFO  main            d.u.i.k.p.i.AbstractProblemLoader Replaying proof Arrays[Arrays::head()].JML operation contract.0 
150788     DEBUG main            d.u.i.k.p.i.IntermediateProofReplayer Proof replay took 8.2ns 
150994     INFO  main            d.u.i.k.p.r.p.TestFile    ... finished proof: closed. 
151319     INFO  main            d.u.i.k.p.i.AbstractProblemLoader Loading environment from /home/runner/work/key/key/key.core/../key.ui/examples/standard_key/java_dl/deepNonNull/deepNonNull1.key.proof 
151319     DEBUG main            d.u.i.k.p.i.AbstractProblemLoader Environment load took 130.4ns 
151322     INFO  main            d.u.i.k.p.i.AbstractProblemLoader Creating init config 
154367     DEBUG main            d.u.i.k.p.i.AbstractProblemLoader Init config took 3.05s 
154429     INFO  main            d.u.i.k.p.i.AbstractProblemLoader Replaying proof Arrays[Arrays::head()].JML operation contract.0 
154474     DEBUG main            d.u.i.k.p.i.IntermediateProofReplayer Proof replay took 40.45ms 
154475     DEBUG main            d.u.i.k.p.r.p.TestFile    ... success: reloaded. 
154476     INFO  main            d.u.i.k.p.r.p.TestFile    Now processing file /home/runner/work/key/key/key.core/../key.ui/examples/standard_key/java_dl/deepNonNull/deepNonNull2.key 
154476     INFO  main            d.u.i.k.p.i.AbstractProblemLoader Loading environment from /home/runner/work/key/key/key.core/../key.ui/examples/standard_key/java_dl/deepNonNull/deepNonNull2.key 
154476     DEBUG main            d.u.i.k.p.i.AbstractProblemLoader Environment load took 202.9ns 
154477     INFO  main            d.u.i.k.p.i.AbstractProblemLoader Creating init config 
157618     DEBUG main            d.u.i.k.p.i.AbstractProblemLoader Init config took 3.14s 
157664     INFO  main            d.u.i.k.p.i.AbstractProblemLoader Replaying proof Arrays[Arrays::unprovable(java.lang.Object)].JML operation contract.0 
157665     DEBUG main            d.u.i.k.p.i.IntermediateProofReplayer Proof replay took 7.9ns 
157773     INFO  main            d.u.i.k.p.r.p.TestFile    ... finished proof: open goal(s) 
158116     INFO  main            d.u.i.k.p.r.p.TestFile    Now processing file /home/runner/work/key/key/key.core/../key.ui/examples/standard_key/java_dl/deepNonNull/deepNonNull3.key 
158117     INFO  main            d.u.i.k.p.i.AbstractProblemLoader Loading environment from /home/runner/work/key/key/key.core/../key.ui/examples/standard_key/java_dl/deepNonNull/deepNonNull3.key 
158117     DEBUG main            d.u.i.k.p.i.AbstractProblemLoader Environment load took 69ns 
158118     INFO  main            d.u.i.k.p.i.AbstractProblemLoader Creating init config 
161142     DEBUG main            d.u.i.k.p.i.AbstractProblemLoader Init config took 3.02s 
161185     INFO  main            d.u.i.k.p.i.AbstractProblemLoader Replaying proof Arrays[Arrays::head([[[[Ljava.lang.Object)].JML operation contract.0 
161186     DEBUG main            d.u.i.k.p.i.IntermediateProofReplayer Proof replay took 7.1ns 
162301     INFO  main            d.u.i.k.p.r.p.TestFile    ... finished proof: closed. 
162674     INFO  main            d.u.i.k.p.i.AbstractProblemLoader Loading environment from /home/runner/work/key/key/key.core/../key.ui/examples/standard_key/java_dl/deepNonNull/deepNonNull3.key.proof 
162674     DEBUG main            d.u.i.k.p.i.AbstractProblemLoader Environment load took 486.01ns 
162676     INFO  main            d.u.i.k.p.i.AbstractProblemLoader Creating init config 
165716     DEBUG main            d.u.i.k.p.i.AbstractProblemLoader Init config took 3.04s 
165762     INFO  main            d.u.i.k.p.i.AbstractProblemLoader Replaying proof Arrays[Arrays::head([[[[Ljava.lang.Object)].JML operation contract.0 
165919     DEBUG main            d.u.i.k.p.i.IntermediateProofReplayer Proof replay took 149.95ms 
165920     DEBUG main            d.u.i.k.p.r.p.TestFile    ... success: reloaded. 
165921     INFO  main            d.u.i.k.p.r.p.TestFile    Now processing file /home/runner/work/key/key/key.core/../key.ui/examples/standard_key/java_dl/exceptions.key 
165921     INFO  main            d.u.i.k.p.i.AbstractProblemLoader Loading environment from /home/runner/work/key/key/key.core/../key.ui/examples/standard_key/java_dl/exceptions.key 
165922     DEBUG main            d.u.i.k.p.i.AbstractProblemLoader Environment load took 293.3ns 
165923     INFO  main            d.u.i.k.p.i.AbstractProblemLoader Creating init config 
165979     WARN  main            d.u.i.k.j.r.KeYCrossReferenceNameInfo Datatype java.io.InputStream declared twice: Once in FILE:/home/runner/work/key/key/key.core/../key.ui/examples/standard_key/java_dl/classpath/InputStream.java and once in URL:file:/home/runner/work/key/key/key.core/build/resources/main/de/uka/ilkd/key/java/JavaRedux/java/io/InputStream.java, Keeping one from URL:file:/home/runner/work/key/key/key.core/build/resources/main/de/uka/ilkd/key/java/JavaRedux/java/io/InputStream.java 
165979     WARN  main            d.u.i.k.j.r.KeYCrossReferenceNameInfo Datatype java.lang.System declared twice: Once in FILE:/home/runner/work/key/key/key.core/../key.ui/examples/standard_key/java_dl/classpath/System.java and once in URL:file:/home/runner/work/key/key/key.core/build/resources/main/de/uka/ilkd/key/java/JavaRedux/java/lang/System.java, Keeping one from URL:file:/home/runner/work/key/key/key.core/build/resources/main/de/uka/ilkd/key/java/JavaRedux/java/lang/System.java 
165979     WARN  main            d.u.i.k.j.r.KeYCrossReferenceNameInfo Datatype java.io.PrintStream declared twice: Once in FILE:/home/runner/work/key/key/key.core/../key.ui/examples/standard_key/java_dl/classpath/PrintStream.java and once in URL:file:/home/runner/work/key/key/key.core/build/resources/main/de/uka/ilkd/key/java/JavaRedux/java/io/PrintStream.java, Keeping one from URL:file:/home/runner/work/key/key/key.core/build/resources/main/de/uka/ilkd/key/java/JavaRedux/java/io/PrintStream.java 
165983     DEBUG main            d.u.i.k.j.r.ClassFileDeclarationBuilder Parsing: package java.io; public class Closeable { } 
165983     DEBUG main            r.s.KeYCrossReferenceSourceInfo Dynamically created class: java.io.Closeable 
168968     DEBUG main            d.u.i.k.p.i.AbstractProblemLoader Init config took 3.04s 
168985     INFO  main            d.u.i.k.p.i.AbstractProblemLoader Replaying proof exceptions.key 
168986     DEBUG main            d.u.i.k.p.i.IntermediateProofReplayer Proof replay took 8.1ns 
169190     INFO  main            d.u.i.k.p.r.p.TestFile    ... finished proof: closed. 
169527     INFO  main            d.u.i.k.p.i.AbstractProblemLoader Loading environment from /home/runner/work/key/key/key.core/../key.ui/examples/standard_key/java_dl/exceptions.key.proof 
169528     DEBUG main            d.u.i.k.p.i.AbstractProblemLoader Environment load took 600.81ns 
169529     INFO  main            d.u.i.k.p.i.AbstractProblemLoader Creating init config 
169558     WARN  main            d.u.i.k.j.r.KeYCrossReferenceNameInfo Datatype java.io.InputStream declared twice: Once in FILE:/home/runner/work/key/key/key.core/../key.ui/examples/standard_key/java_dl/classpath/InputStream.java and once in URL:file:/home/runner/work/key/key/key.core/build/resources/main/de/uka/ilkd/key/java/JavaRedux/java/io/InputStream.java, Keeping one from URL:file:/home/runner/work/key/key/key.core/build/resources/main/de/uka/ilkd/key/java/JavaRedux/java/io/InputStream.java 
169558     WARN  main            d.u.i.k.j.r.KeYCrossReferenceNameInfo Datatype java.lang.System declared twice: Once in FILE:/home/runner/work/key/key/key.core/../key.ui/examples/standard_key/java_dl/classpath/System.java and once in URL:file:/home/runner/work/key/key/key.core/build/resources/main/de/uka/ilkd/key/java/JavaRedux/java/lang/System.java, Keeping one from URL:file:/home/runner/work/key/key/key.core/build/resources/main/de/uka/ilkd/key/java/JavaRedux/java/lang/System.java 
169567     WARN  main            d.u.i.k.j.r.KeYCrossReferenceNameInfo Datatype java.io.PrintStream declared twice: Once in FILE:/home/runner/work/key/key/key.core/../key.ui/examples/standard_key/java_dl/classpath/PrintStream.java and once in URL:file:/home/runner/work/key/key/key.core/build/resources/main/de/uka/ilkd/key/java/JavaRedux/java/io/PrintStream.java, Keeping one from URL:file:/home/runner/work/key/key/key.core/build/resources/main/de/uka/ilkd/key/java/JavaRedux/java/io/PrintStream.java 
169570     DEBUG main            d.u.i.k.j.r.ClassFileDeclarationBuilder Parsing: package java.io; public class Closeable { } 
169571     DEBUG main            r.s.KeYCrossReferenceSourceInfo Dynamically created class: java.io.Closeable 
172561     DEBUG main            d.u.i.k.p.i.AbstractProblemLoader Init config took 3.03s 
172591     INFO  main            d.u.i.k.p.i.AbstractProblemLoader Replaying proof exceptions.key.proof 
172664     DEBUG main            d.u.i.k.p.i.IntermediateProofReplayer Proof replay took 68.24ms 
172666     DEBUG main            d.u.i.k.p.r.p.TestFile    ... success: reloaded. 
172667     INFO  main            d.u.i.k.p.r.p.TestFile    Now processing file /home/runner/work/key/key/key.core/../key.ui/examples/standard_key/java_dl/exceptions1.key 
172667     INFO  main            d.u.i.k.p.i.AbstractProblemLoader Loading environment from /home/runner/work/key/key/key.core/../key.ui/examples/standard_key/java_dl/exceptions1.key 
172668     DEBUG main            d.u.i.k.p.i.AbstractProblemLoader Environment load took 99.6ns 
172669     INFO  main            d.u.i.k.p.i.AbstractProblemLoader Creating init config 
175661     DEBUG main            d.u.i.k.p.i.AbstractProblemLoader Init config took 2.99s 
175678     INFO  main            d.u.i.k.p.i.AbstractProblemLoader Replaying proof exceptions1.key 
175681     DEBUG main            d.u.i.k.p.i.IntermediateProofReplayer Proof replay took 15.3ns 
175886     INFO  main            d.u.i.k.p.r.p.TestFile    ... finished proof: closed. 
176249     INFO  main            d.u.i.k.p.i.AbstractProblemLoader Loading environment from /home/runner/work/key/key/key.core/../key.ui/examples/standard_key/java_dl/exceptions1.key.proof 
176249     DEBUG main            d.u.i.k.p.i.AbstractProblemLoader Environment load took 122ns 
176250     INFO  main            d.u.i.k.p.i.AbstractProblemLoader Creating init config 
179202     DEBUG main            d.u.i.k.p.i.AbstractProblemLoader Init config took 2.95s 
179220     INFO  main            d.u.i.k.p.i.AbstractProblemLoader Replaying proof exceptions1.key.proof 
179266     DEBUG main            d.u.i.k.p.i.IntermediateProofReplayer Proof replay took 42.31ms 
179267     DEBUG main            d.u.i.k.p.r.p.TestFile    ... success: reloaded. 
179268     INFO  main            d.u.i.k.p.r.p.TestFile    Now processing file /home/runner/work/key/key/key.core/../key.ui/examples/standard_key/java_dl/exceptions2.key 
179269     INFO  main            d.u.i.k.p.i.AbstractProblemLoader Loading environment from /home/runner/work/key/key/key.core/../key.ui/examples/standard_key/java_dl/exceptions2.key 
179269     DEBUG main            d.u.i.k.p.i.AbstractProblemLoader Environment load took 221.7ns 
179270     INFO  main            d.u.i.k.p.i.AbstractProblemLoader Creating init config 
182264     DEBUG main            d.u.i.k.p.i.AbstractProblemLoader Init config took 2.99s 
182282     INFO  main            d.u.i.k.p.i.AbstractProblemLoader Replaying proof exceptions2.key 
182285     DEBUG main            d.u.i.k.p.i.IntermediateProofReplayer Proof replay took 9.2ns 
182490     INFO  main            d.u.i.k.p.r.p.TestFile    ... finished proof: closed. 
182849     INFO  main            d.u.i.k.p.i.AbstractProblemLoader Loading environment from /home/runner/work/key/key/key.core/../key.ui/examples/standard_key/java_dl/exceptions2.key.proof 
182849     DEBUG main            d.u.i.k.p.i.AbstractProblemLoader Environment load took 115.9ns 
182851     INFO  main            d.u.i.k.p.i.AbstractProblemLoader Creating init config 
185743     DEBUG main            d.u.i.k.p.i.AbstractProblemLoader Init config took 2.89s 
185771     INFO  main            d.u.i.k.p.i.AbstractProblemLoader Replaying proof exceptions2.key.proof 
185813     DEBUG main            d.u.i.k.p.i.IntermediateProofReplayer Proof replay took 38.95ms 
185814     DEBUG main            d.u.i.k.p.r.p.TestFile    ... success: reloaded. 
185815     INFO  main            d.u.i.k.p.r.p.TestFile    Now processing file /home/runner/work/key/key/key.core/../key.ui/examples/standard_key/java_dl/exceptions3.key 
185816     INFO  main            d.u.i.k.p.i.AbstractProblemLoader Loading environment from /home/runner/work/key/key/key.core/../key.ui/examples/standard_key/java_dl/exceptions3.key 
185816     DEBUG main            d.u.i.k.p.i.AbstractProblemLoader Environment load took 236ns 
185817     INFO  main            d.u.i.k.p.i.AbstractProblemLoader Creating init config 
185843     WARN  main            d.u.i.k.j.r.KeYCrossReferenceNameInfo Datatype java.io.InputStream declared twice: Once in FILE:/home/runner/work/key/key/key.core/../key.ui/examples/standard_key/java_dl/classpath/InputStream.java and once in URL:file:/home/runner/work/key/key/key.core/build/resources/main/de/uka/ilkd/key/java/JavaRedux/java/io/InputStream.java, Keeping one from URL:file:/home/runner/work/key/key/key.core/build/resources/main/de/uka/ilkd/key/java/JavaRedux/java/io/InputStream.java 
185843     WARN  main            d.u.i.k.j.r.KeYCrossReferenceNameInfo Datatype java.lang.System declared twice: Once in FILE:/home/runner/work/key/key/key.core/../key.ui/examples/standard_key/java_dl/classpath/System.java and once in URL:file:/home/runner/work/key/key/key.core/build/resources/main/de/uka/ilkd/key/java/JavaRedux/java/lang/System.java, Keeping one from URL:file:/home/runner/work/key/key/key.core/build/resources/main/de/uka/ilkd/key/java/JavaRedux/java/lang/System.java 
185843     WARN  main            d.u.i.k.j.r.KeYCrossReferenceNameInfo Datatype java.io.PrintStream declared twice: Once in FILE:/home/runner/work/key/key/key.core/../key.ui/examples/standard_key/java_dl/classpath/PrintStream.java and once in URL:file:/home/runner/work/key/key/key.core/build/resources/main/de/uka/ilkd/key/java/JavaRedux/java/io/PrintStream.java, Keeping one from URL:file:/home/runner/work/key/key/key.core/build/resources/main/de/uka/ilkd/key/java/JavaRedux/java/io/PrintStream.java 
185846     DEBUG main            d.u.i.k.j.r.ClassFileDeclarationBuilder Parsing: package java.io; public class Closeable { } 
185846     DEBUG main            r.s.KeYCrossReferenceSourceInfo Dynamically created class: java.io.Closeable 
188881     DEBUG main            d.u.i.k.p.i.AbstractProblemLoader Init config took 3.06s 
188897     INFO  main            d.u.i.k.p.i.AbstractProblemLoader Replaying proof exceptions3.key 
188899     DEBUG main            d.u.i.k.p.i.IntermediateProofReplayer Proof replay took 8.7ns 
189005     INFO  main            d.u.i.k.p.r.p.TestFile    ... finished proof: closed. 
189377     INFO  main            d.u.i.k.p.i.AbstractProblemLoader Loading environment from /home/runner/work/key/key/key.core/../key.ui/examples/standard_key/java_dl/exceptions3.key.proof 
189377     DEBUG main            d.u.i.k.p.i.AbstractProblemLoader Environment load took 101.5ns 
189379     INFO  main            d.u.i.k.p.i.AbstractProblemLoader Creating init config 
189406     WARN  main            d.u.i.k.j.r.KeYCrossReferenceNameInfo Datatype java.io.InputStream declared twice: Once in FILE:/home/runner/work/key/key/key.core/../key.ui/examples/standard_key/java_dl/classpath/InputStream.java and once in URL:file:/home/runner/work/key/key/key.core/build/resources/main/de/uka/ilkd/key/java/JavaRedux/java/io/InputStream.java, Keeping one from URL:file:/home/runner/work/key/key/key.core/build/resources/main/de/uka/ilkd/key/java/JavaRedux/java/io/InputStream.java 
189406     WARN  main            d.u.i.k.j.r.KeYCrossReferenceNameInfo Datatype java.lang.System declared twice: Once in FILE:/home/runner/work/key/key/key.core/../key.ui/examples/standard_key/java_dl/classpath/System.java and once in URL:file:/home/runner/work/key/key/key.core/build/resources/main/de/uka/ilkd/key/java/JavaRedux/java/lang/System.java, Keeping one from URL:file:/home/runner/work/key/key/key.core/build/resources/main/de/uka/ilkd/key/java/JavaRedux/java/lang/System.java 
189407     WARN  main            d.u.i.k.j.r.KeYCrossReferenceNameInfo Datatype java.io.PrintStream declared twice: Once in FILE:/home/runner/work/key/key/key.core/../key.ui/examples/standard_key/java_dl/classpath/PrintStream.java and once in URL:file:/home/runner/work/key/key/key.core/build/resources/main/de/uka/ilkd/key/java/JavaRedux/java/io/PrintStream.java, Keeping one from URL:file:/home/runner/work/key/key/key.core/build/resources/main/de/uka/ilkd/key/java/JavaRedux/java/io/PrintStream.java 
189410     DEBUG main            d.u.i.k.j.r.ClassFileDeclarationBuilder Parsing: package java.io; public class Closeable { } 
189410     DEBUG main            r.s.KeYCrossReferenceSourceInfo Dynamically created class: java.io.Closeable 
192347     DEBUG main            d.u.i.k.p.i.AbstractProblemLoader Init config took 2.97s 
192364     INFO  main            d.u.i.k.p.i.AbstractProblemLoader Replaying proof exceptions3.key.proof 
192371     DEBUG main            d.u.i.k.p.i.IntermediateProofReplayer Proof replay took 5.44ms 
192373     DEBUG main            d.u.i.k.p.r.p.TestFile    ... success: reloaded. 
192373     INFO  main            d.u.i.k.p.r.p.TestFile    Now processing file /home/runner/work/key/key/key.core/../key.ui/examples/standard_key/java_dl/exchange.key 
192374     INFO  main            d.u.i.k.p.i.AbstractProblemLoader Loading environment from /home/runner/work/key/key/key.core/../key.ui/examples/standard_key/java_dl/exchange.key 
192374     DEBUG main            d.u.i.k.p.i.AbstractProblemLoader Environment load took 74.1ns 
192375     INFO  main            d.u.i.k.p.i.AbstractProblemLoader Creating init config 
195398     DEBUG main            d.u.i.k.p.i.AbstractProblemLoader Init config took 3.02s 
195415     INFO  main            d.u.i.k.p.i.AbstractProblemLoader Replaying proof exchange.key 
195417     DEBUG main            d.u.i.k.p.i.IntermediateProofReplayer Proof replay took 9.7ns 
195519     INFO  main            d.u.i.k.p.r.p.TestFile    ... finished proof: closed. 
195891     INFO  main            d.u.i.k.p.i.AbstractProblemLoader Loading environment from /home/runner/work/key/key/key.core/../key.ui/examples/standard_key/java_dl/exchange.key.proof 
195892     DEBUG main            d.u.i.k.p.i.AbstractProblemLoader Environment load took 116.4ns 
195893     INFO  main            d.u.i.k.p.i.AbstractProblemLoader Creating init config 
198824     DEBUG main            d.u.i.k.p.i.AbstractProblemLoader Init config took 2.93s 
198847     INFO  main            d.u.i.k.p.i.AbstractProblemLoader Replaying proof exchange.key.proof 
198858     DEBUG main            d.u.i.k.p.i.IntermediateProofReplayer Proof replay took 8.23ms 
198859     DEBUG main            d.u.i.k.p.r.p.TestFile    ... success: reloaded. 
198860     INFO  main            d.u.i.k.p.r.p.TestFile    Now processing file /home/runner/work/key/key/key.core/../key.ui/examples/standard_key/java_dl/if.key 
198860     INFO  main            d.u.i.k.p.i.AbstractProblemLoader Loading environment from /home/runner/work/key/key/key.core/../key.ui/examples/standard_key/java_dl/if.key 
198860     DEBUG main            d.u.i.k.p.i.AbstractProblemLoader Environment load took 112ns 
198861     INFO  main            d.u.i.k.p.i.AbstractProblemLoader Creating init config 
201899     DEBUG main            d.u.i.k.p.i.AbstractProblemLoader Init config took 3.04s 
201914     INFO  main            d.u.i.k.p.i.AbstractProblemLoader Replaying proof if.key 
201916     DEBUG main            d.u.i.k.p.i.IntermediateProofReplayer Proof replay took 9.1ns 
202021     INFO  main            d.u.i.k.p.r.p.TestFile    ... finished proof: closed. 
202474     INFO  main            d.u.i.k.p.i.AbstractProblemLoader Loading environment from /home/runner/work/key/key/key.core/../key.ui/examples/standard_key/java_dl/if.key.proof 
202474     DEBUG main            d.u.i.k.p.i.AbstractProblemLoader Environment load took 129.6ns 
202477     INFO  main            d.u.i.k.p.i.AbstractProblemLoader Creating init config 
205434     DEBUG main            d.u.i.k.p.i.AbstractProblemLoader Init config took 2.96s 
205450     INFO  main            d.u.i.k.p.i.AbstractProblemLoader Replaying proof if.key.proof 
205457     DEBUG main            d.u.i.k.p.i.IntermediateProofReplayer Proof replay took 4.78ms 
205458     DEBUG main            d.u.i.k.p.r.p.TestFile    ... success: reloaded. 
205459     INFO  main            d.u.i.k.p.r.p.TestFile    Now processing file /home/runner/work/key/key/key.core/../key.ui/examples/standard_key/java_dl/incrementcounter.key 
205459     INFO  main            d.u.i.k.p.i.AbstractProblemLoader Loading environment from /home/runner/work/key/key/key.core/../key.ui/examples/standard_key/java_dl/incrementcounter.key 
205459     DEBUG main            d.u.i.k.p.i.AbstractProblemLoader Environment load took 107.1ns 
205460     INFO  main            d.u.i.k.p.i.AbstractProblemLoader Creating init config 
208457     DEBUG main            d.u.i.k.p.i.AbstractProblemLoader Init config took 3s 
208474     INFO  main            d.u.i.k.p.i.AbstractProblemLoader Replaying proof incrementcounter.key 
208475     DEBUG main            d.u.i.k.p.i.IntermediateProofReplayer Proof replay took 7.9ns 
208581     INFO  main            d.u.i.k.p.r.p.TestFile    ... finished proof: closed. 
208958     INFO  main            d.u.i.k.p.i.AbstractProblemLoader Loading environment from /home/runner/work/key/key/key.core/../key.ui/examples/standard_key/java_dl/incrementcounter.key.proof 
208958     DEBUG main            d.u.i.k.p.i.AbstractProblemLoader Environment load took 113.6ns 
208959     INFO  main            d.u.i.k.p.i.AbstractProblemLoader Creating init config 
211886     DEBUG main            d.u.i.k.p.i.AbstractProblemLoader Init config took 2.93s 
211903     INFO  main            d.u.i.k.p.i.AbstractProblemLoader Replaying proof incrementcounter.key.proof 
211909     DEBUG main            d.u.i.k.p.i.IntermediateProofReplayer Proof replay took 3.01ms 
211910     DEBUG main            d.u.i.k.p.r.p.TestFile    ... success: reloaded. 
211910     INFO  main            d.u.i.k.p.r.p.TestFile    Now processing file /home/runner/work/key/key/key.core/../key.ui/examples/standard_key/java_dl/danglingElse.key 
211910     INFO  main            d.u.i.k.p.i.AbstractProblemLoader Loading environment from /home/runner/work/key/key/key.core/../key.ui/examples/standard_key/java_dl/danglingElse.key 
211911     DEBUG main            d.u.i.k.p.i.AbstractProblemLoader Environment load took 118.2ns 
211914     INFO  main            d.u.i.k.p.i.AbstractProblemLoader Creating init config 
214945     DEBUG main            d.u.i.k.p.i.AbstractProblemLoader Init config took 3.03s 
214963     INFO  main            d.u.i.k.p.i.AbstractProblemLoader Replaying proof danglingElse.key 
214966     DEBUG main            d.u.i.k.p.i.IntermediateProofReplayer Proof replay took 8.8ns 
215068     INFO  main            d.u.i.k.p.r.p.TestFile    ... finished proof: open goal(s) 
215501     INFO  main            d.u.i.k.p.r.p.TestFile    Now processing file /home/runner/work/key/key/key.core/../key.ui/examples/standard_key/java_dl/iteratedAssignment.key 
215502     INFO  main            d.u.i.k.p.i.AbstractProblemLoader Loading environment from /home/runner/work/key/key/key.core/../key.ui/examples/standard_key/java_dl/iteratedAssignment.key 
215502     DEBUG main            d.u.i.k.p.i.AbstractProblemLoader Environment load took 79.2ns 
215506     INFO  main            d.u.i.k.p.i.AbstractProblemLoader Creating init config 
218547     DEBUG main            d.u.i.k.p.i.AbstractProblemLoader Init config took 3.04s 
218564     INFO  main            d.u.i.k.p.i.AbstractProblemLoader Replaying proof iteratedAssignment.key 
218567     DEBUG main            d.u.i.k.p.i.IntermediateProofReplayer Proof replay took 8ns 
218970     INFO  main            d.u.i.k.p.r.p.TestFile    ... finished proof: closed. 
219379     INFO  main            d.u.i.k.p.i.AbstractProblemLoader Loading environment from /home/runner/work/key/key/key.core/../key.ui/examples/standard_key/java_dl/iteratedAssignment.key.proof 
219379     DEBUG main            d.u.i.k.p.i.AbstractProblemLoader Environment load took 406.71ns 
219380     INFO  main            d.u.i.k.p.i.AbstractProblemLoader Creating init config 
222296     DEBUG main            d.u.i.k.p.i.AbstractProblemLoader Init config took 2.92s 
222313     INFO  main            d.u.i.k.p.i.AbstractProblemLoader Replaying proof iteratedAssignment.key.proof 
222410     DEBUG main            d.u.i.k.p.i.IntermediateProofReplayer Proof replay took 92.31ms 
222411     DEBUG main            d.u.i.k.p.r.p.TestFile    ... success: reloaded. 
222414     INFO  main            d.u.i.k.p.r.p.TestFile    Now processing file /home/runner/work/key/key/key.core/../key.ui/examples/standard_key/java_dl/assert/assert1.key 
222414     INFO  main            d.u.i.k.p.i.AbstractProblemLoader Loading environment from /home/runner/work/key/key/key.core/../key.ui/examples/standard_key/java_dl/assert/assert1.key 
222414     DEBUG main            d.u.i.k.p.i.AbstractProblemLoader Environment load took 191.5ns 
222416     INFO  main            d.u.i.k.p.i.AbstractProblemLoader Creating init config 
225461     DEBUG main            d.u.i.k.p.i.AbstractProblemLoader Init config took 3.04s 
225503     INFO  main            d.u.i.k.p.i.AbstractProblemLoader Replaying proof C[C::foo()].JML normal_behavior operation contract.0 
225506     DEBUG main            d.u.i.k.p.i.IntermediateProofReplayer Proof replay took 8.6ns 
225709     INFO  main            d.u.i.k.p.r.p.TestFile    ... finished proof: open goal(s) 
226154     INFO  main            d.u.i.k.p.r.p.TestFile    Now processing file /home/runner/work/key/key/key.core/../key.ui/examples/standard_key/java_dl/assert/assert2.key 
226155     INFO  main            d.u.i.k.p.i.AbstractProblemLoader Loading environment from /home/runner/work/key/key/key.core/../key.ui/examples/standard_key/java_dl/assert/assert2.key 
226155     DEBUG main            d.u.i.k.p.i.AbstractProblemLoader Environment load took 71.3ns 
226156     INFO  main            d.u.i.k.p.i.AbstractProblemLoader Creating init config 
229145     DEBUG main            d.u.i.k.p.i.AbstractProblemLoader Init config took 2.99s 
229185     INFO  main            d.u.i.k.p.i.AbstractProblemLoader Replaying proof C[C::bar()].JML exceptional_behavior operation contract.0 
229187     DEBUG main            d.u.i.k.p.i.IntermediateProofReplayer Proof replay took 9.2ns 
229393     INFO  main            d.u.i.k.p.r.p.TestFile    ... finished proof: closed. 
229807     INFO  main            d.u.i.k.p.i.AbstractProblemLoader Loading environment from /home/runner/work/key/key/key.core/../key.ui/examples/standard_key/java_dl/assert/assert2.key.proof 
229807     DEBUG main            d.u.i.k.p.i.AbstractProblemLoader Environment load took 114.9ns 
229808     INFO  main            d.u.i.k.p.i.AbstractProblemLoader Creating init config 
232827     DEBUG main            d.u.i.k.p.i.AbstractProblemLoader Init config took 3.02s 
232867     INFO  main            d.u.i.k.p.i.AbstractProblemLoader Replaying proof C[C::bar()].JML exceptional_behavior operation contract.0 
232923     DEBUG main            d.u.i.k.p.i.IntermediateProofReplayer Proof replay took 52.42ms 
232924     DEBUG main            d.u.i.k.p.r.p.TestFile    ... success: reloaded. 
232925     INFO  main            d.u.i.k.p.r.p.TestFile    Now processing file /home/runner/work/key/key/key.core/../key.ui/examples/standard_key/java_dl/assert/assert3.key 
232925     INFO  main            d.u.i.k.p.i.AbstractProblemLoader Loading environment from /home/runner/work/key/key/key.core/../key.ui/examples/standard_key/java_dl/assert/assert3.key 
232925     DEBUG main            d.u.i.k.p.i.AbstractProblemLoader Environment load took 84ns 
232926     INFO  main            d.u.i.k.p.i.AbstractProblemLoader Creating init config 
235935     DEBUG main            d.u.i.k.p.i.AbstractProblemLoader Init config took 3.01s 
235975     INFO  main            d.u.i.k.p.i.AbstractProblemLoader Replaying proof C[C::foo()].JML normal_behavior operation contract.0 
235978     DEBUG main            d.u.i.k.p.i.IntermediateProofReplayer Proof replay took 25.8ns 
236082     INFO  main            d.u.i.k.p.r.p.TestFile    ... finished proof: open goal(s) 
236521     INFO  main            d.u.i.k.p.r.p.TestFile    Now processing file /home/runner/work/key/key/key.core/../key.ui/examples/standard_key/java_dl/java5/vararg.key 
236522     INFO  main            d.u.i.k.p.i.AbstractProblemLoader Loading environment from /home/runner/work/key/key/key.core/../key.ui/examples/standard_key/java_dl/java5/vararg.key 
236522     DEBUG main            d.u.i.k.p.i.AbstractProblemLoader Environment load took 87.4ns 
236524     INFO  main            d.u.i.k.p.i.AbstractProblemLoader Creating init config 
237642     DEBUG main            d.u.i.k.j.r.ClassPreparationMethodBuilder clPrepBuilder: Inner Class detected. Reject building class initialisation methods. 
239969     DEBUG main            d.u.i.k.p.i.AbstractProblemLoader Init config took 3.44s 
240016     INFO  main            d.u.i.k.p.i.AbstractProblemLoader Replaying proof vararg.key 
240019     DEBUG main            d.u.i.k.p.i.IntermediateProofReplayer Proof replay took 9.5ns 
240419     DEBUG Thread-101      d.u.i.k.j.d.VariableSpecification Program match. Variables have different dimension (template #v0 = #vi;, source var#17[] = new java.lang.Object[]{d1, d2};) 
240667     DEBUG Thread-101      d.u.i.k.j.d.VariableSpecification Program match. Variables have different dimension (template #v0 = #vi;, source var#24[] = new java.lang.Object[]{d1, d2};) 
240886     DEBUG Thread-101      d.u.i.k.j.d.VariableSpecification Program match. Variables have different dimension (template #v0 = #vi;, source var#33[] = new java.lang.Object[]{var_1};) 
240888     DEBUG Thread-101      d.u.i.k.j.d.VariableSpecification Program match. Variables have different dimension (template #v0 = #vi;, source var#33[] = new java.lang.Object[]{var_1};) 
241049     DEBUG Thread-101      d.u.i.k.j.d.VariableSpecification Program match. Variables have different dimension (template #v0 = #vi;, source var#39[] = new java.lang.Object[]{null, null};) 
241246     DEBUG Thread-101      d.u.i.k.j.d.VariableSpecification Program match. Variables have different dimension (template #v0 = #vi;, source var#46[] = new java.lang.Object[]{};) 
241728     INFO  main            d.u.i.k.p.r.p.TestFile    ... finished proof: closed. 
242238     INFO  main            d.u.i.k.p.i.AbstractProblemLoader Loading environment from /home/runner/work/key/key/key.core/../key.ui/examples/standard_key/java_dl/java5/vararg.key.proof 
242241     DEBUG main            d.u.i.k.p.i.AbstractProblemLoader Environment load took 2.75ms 
242243     INFO  main            d.u.i.k.p.i.AbstractProblemLoader Creating init config 
243324     DEBUG main            d.u.i.k.j.r.ClassPreparationMethodBuilder clPrepBuilder: Inner Class detected. Reject building class initialisation methods. 
245574     DEBUG main            d.u.i.k.p.i.AbstractProblemLoader Init config took 3.33s 
245608     INFO  main            d.u.i.k.p.i.AbstractProblemLoader Replaying proof vararg.key.proof 
246082     DEBUG main            d.u.i.k.p.i.IntermediateProofReplayer Proof replay took 448.27ms 
246084     DEBUG main            d.u.i.k.p.r.p.TestFile    ... success: reloaded. 
246084     INFO  main            d.u.i.k.p.r.p.TestFile    Now processing file /home/runner/work/key/key/key.core/../key.ui/examples/standard_key/java_dl/java5/for_Array.key 
246085     INFO  main            d.u.i.k.p.i.AbstractProblemLoader Loading environment from /home/runner/work/key/key/key.core/../key.ui/examples/standard_key/java_dl/java5/for_Array.key 
246085     DEBUG main            d.u.i.k.p.i.AbstractProblemLoader Environment load took 188.1ns 
246086     INFO  main            d.u.i.k.p.i.AbstractProblemLoader Creating init config 
247155     DEBUG main            d.u.i.k.j.r.ClassPreparationMethodBuilder clPrepBuilder: Inner Class detected. Reject building class initialisation methods. 
249504     DEBUG main            d.u.i.k.p.i.AbstractProblemLoader Init config took 3.42s 
249570     INFO  main            d.u.i.k.p.i.AbstractProblemLoader Replaying proof For[For::sum([I)].JML operation contract.0 
249572     DEBUG main            d.u.i.k.p.i.IntermediateProofReplayer Proof replay took 8.4ns 
250075     INFO  main            d.u.i.k.p.r.p.TestFile    ... finished proof: closed. 
250574     INFO  main            d.u.i.k.p.i.AbstractProblemLoader Loading environment from /home/runner/work/key/key/key.core/../key.ui/examples/standard_key/java_dl/java5/for_Array.key.proof 
250574     DEBUG main            d.u.i.k.p.i.AbstractProblemLoader Environment load took 385.91ns 
250575     INFO  main            d.u.i.k.p.i.AbstractProblemLoader Creating init config 
251556     DEBUG main            d.u.i.k.j.r.ClassPreparationMethodBuilder clPrepBuilder: Inner Class detected. Reject building class initialisation methods. 
253756     DEBUG main            d.u.i.k.p.i.AbstractProblemLoader Init config took 3.18s 
253822     INFO  main            d.u.i.k.p.i.AbstractProblemLoader Replaying proof For[For::sum([I)].JML operation contract.0 
253955     DEBUG main            d.u.i.k.p.i.IntermediateProofReplayer Proof replay took 127.03ms 
253957     DEBUG main            d.u.i.k.p.r.p.TestFile    ... success: reloaded. 
253958     INFO  main            d.u.i.k.p.r.p.TestFile    Now processing file /home/runner/work/key/key/key.core/../key.ui/examples/standard_key/java_dl/java5/for_Iterable.key 
253958     INFO  main            d.u.i.k.p.i.AbstractProblemLoader Loading environment from /home/runner/work/key/key/key.core/../key.ui/examples/standard_key/java_dl/java5/for_Iterable.key 
253959     DEBUG main            d.u.i.k.p.i.AbstractProblemLoader Environment load took 256.3ns 
253960     INFO  main            d.u.i.k.p.i.AbstractProblemLoader Creating init config 
255104     DEBUG main            d.u.i.k.j.r.ClassPreparationMethodBuilder clPrepBuilder: Inner Class detected. Reject building class initialisation methods. 
257336     DEBUG main            d.u.i.k.p.i.AbstractProblemLoader Init config took 3.38s 
257397     INFO  main            d.u.i.k.p.i.AbstractProblemLoader Replaying proof For[For::infiniteLoop(For)].JML operation contract.0 
257399     DEBUG main            d.u.i.k.p.i.IntermediateProofReplayer Proof replay took 8ns 
257601     INFO  main            d.u.i.k.p.r.p.TestFile    ... finished proof: closed. 
258102     INFO  main            d.u.i.k.p.i.AbstractProblemLoader Loading environment from /home/runner/work/key/key/key.core/../key.ui/examples/standard_key/java_dl/java5/for_Iterable.key.proof 
258102     DEBUG main            d.u.i.k.p.i.AbstractProblemLoader Environment load took 408.71ns 
258104     INFO  main            d.u.i.k.p.i.AbstractProblemLoader Creating init config 
259109     DEBUG main            d.u.i.k.j.r.ClassPreparationMethodBuilder clPrepBuilder: Inner Class detected. Reject building class initialisation methods. 
261278     DEBUG main            d.u.i.k.p.i.AbstractProblemLoader Init config took 3.17s 
261346     INFO  main            d.u.i.k.p.i.AbstractProblemLoader Replaying proof For[For::infiniteLoop(For)].JML operation contract.0 
261424     DEBUG main            d.u.i.k.p.i.IntermediateProofReplayer Proof replay took 74.01ms 
261425     DEBUG main            d.u.i.k.p.r.p.TestFile    ... success: reloaded. 
261427     INFO  main            d.u.i.k.p.r.p.TestFile    Now processing file /home/runner/work/key/key/key.core/../key.ui/examples/standard_key/java_dl/java5/for_ReferenceArray.key 
261427     INFO  main            d.u.i.k.p.i.AbstractProblemLoader Loading environment from /home/runner/work/key/key/key.core/../key.ui/examples/standard_key/java_dl/java5/for_ReferenceArray.key 
261427     DEBUG main            d.u.i.k.p.i.AbstractProblemLoader Environment load took 237.9ns 
261428     INFO  main            d.u.i.k.p.i.AbstractProblemLoader Creating init config 
262452     DEBUG main            d.u.i.k.j.r.ClassPreparationMethodBuilder clPrepBuilder: Inner Class detected. Reject building class initialisation methods. 
264613     DEBUG main            d.u.i.k.p.i.AbstractProblemLoader Init config took 3.18s 
264675     INFO  main            d.u.i.k.p.i.AbstractProblemLoader Replaying proof ForReferenceArray[ForReferenceArray::foo([Ljava.lang.Object)].JML operation contract.0 
264678     DEBUG main            d.u.i.k.p.i.IntermediateProofReplayer Proof replay took 25.1ns 
264981     INFO  main            d.u.i.k.p.r.p.TestFile    ... finished proof: closed. 
265446     INFO  main            d.u.i.k.p.i.AbstractProblemLoader Loading environment from /home/runner/work/key/key/key.core/../key.ui/examples/standard_key/java_dl/java5/for_ReferenceArray.key.proof 
265446     DEBUG main            d.u.i.k.p.i.AbstractProblemLoader Environment load took 119.8ns 
265447     INFO  main            d.u.i.k.p.i.AbstractProblemLoader Creating init config 
266479     DEBUG main            d.u.i.k.j.r.ClassPreparationMethodBuilder clPrepBuilder: Inner Class detected. Reject building class initialisation methods. 
268669     DEBUG main            d.u.i.k.p.i.AbstractProblemLoader Init config took 3.22s 
268746     INFO  main            d.u.i.k.p.i.AbstractProblemLoader Replaying proof ForReferenceArray[ForReferenceArray::foo([Ljava.lang.Object)].JML operation contract.0 
268824     DEBUG main            d.u.i.k.p.i.IntermediateProofReplayer Proof replay took 74.1ms 
268825     DEBUG main            d.u.i.k.p.r.p.TestFile    ... success: reloaded. 
268826     INFO  main            d.u.i.k.p.r.p.TestFile    Now processing file /home/runner/work/key/key/key.core/../key.ui/examples/standard_key/java_dl/jml-bigint/cast.key 
268826     INFO  main            d.u.i.k.p.i.AbstractProblemLoader Loading environment from /home/runner/work/key/key/key.core/../key.ui/examples/standard_key/java_dl/jml-bigint/cast.key 
268826     DEBUG main            d.u.i.k.p.i.AbstractProblemLoader Environment load took 158.2ns 
268827     INFO  main            d.u.i.k.p.i.AbstractProblemLoader Creating init config 
271936     DEBUG main            d.u.i.k.p.i.AbstractProblemLoader Init config took 3.11s 
272002     INFO  main            d.u.i.k.p.i.AbstractProblemLoader Replaying proof Mult[Mult::cast()].JML operation contract.0 
272004     DEBUG main            d.u.i.k.p.i.IntermediateProofReplayer Proof replay took 8.8ns 
272106     INFO  main            d.u.i.k.p.r.p.TestFile    ... finished proof: closed. 
272597     INFO  main            d.u.i.k.p.i.AbstractProblemLoader Loading environment from /home/runner/work/key/key/key.core/../key.ui/examples/standard_key/java_dl/jml-bigint/cast.key.proof 
272597     DEBUG main            d.u.i.k.p.i.AbstractProblemLoader Environment load took 110.8ns 
272598     INFO  main            d.u.i.k.p.i.AbstractProblemLoader Creating init config 
275685     DEBUG main            d.u.i.k.p.i.AbstractProblemLoader Init config took 3.09s 
275725     INFO  main            d.u.i.k.p.i.AbstractProblemLoader Replaying proof Mult[Mult::cast()].JML operation contract.0 
275744     DEBUG main            d.u.i.k.p.i.IntermediateProofReplayer Proof replay took 16.42ms 
275745     DEBUG main            d.u.i.k.p.r.p.TestFile    ... success: reloaded. 
275746     INFO  main            d.u.i.k.p.r.p.TestFile    Now processing file /home/runner/work/key/key/key.core/../key.ui/examples/standard_key/java_dl/jml-free/loopInvFree.key 
275747     INFO  main            d.u.i.k.p.i.AbstractProblemLoader Loading environment from /home/runner/work/key/key/key.core/../key.ui/examples/standard_key/java_dl/jml-free/loopInvFree.key 
275747     DEBUG main            d.u.i.k.p.i.AbstractProblemLoader Environment load took 285.81ns 
275748     INFO  main            d.u.i.k.p.i.AbstractProblemLoader Creating init config 
278879     DEBUG main            d.u.i.k.p.i.AbstractProblemLoader Init config took 3.13s 
278923     INFO  main            d.u.i.k.p.i.AbstractProblemLoader Replaying proof LoopInvFree[LoopInvFree::test()].JML operation contract.0 
278925     DEBUG main            d.u.i.k.p.i.IntermediateProofReplayer Proof replay took 16.3ns 
279128     INFO  main            d.u.i.k.p.r.p.TestFile    ... finished proof: closed. 
279642     INFO  main            d.u.i.k.p.i.AbstractProblemLoader Loading environment from /home/runner/work/key/key/key.core/../key.ui/examples/standard_key/java_dl/jml-free/loopInvFree.key.proof 
279642     DEBUG main            d.u.i.k.p.i.AbstractProblemLoader Environment load took 127.3ns 
279643     INFO  main            d.u.i.k.p.i.AbstractProblemLoader Creating init config 
282682     DEBUG main            d.u.i.k.p.i.AbstractProblemLoader Init config took 3.04s 
282720     INFO  main            d.u.i.k.p.i.AbstractProblemLoader Replaying proof LoopInvFree[LoopInvFree::test()].JML operation contract.0 
282780     DEBUG main            d.u.i.k.p.i.IntermediateProofReplayer Proof replay took 57.35ms 
282782     DEBUG main            d.u.i.k.p.r.p.TestFile    ... success: reloaded. 
282783     INFO  main            d.u.i.k.p.r.p.TestFile    Now processing file /home/runner/work/key/key/key.core/../key.ui/examples/standard_key/java_dl/jml-free/ensuresFree.key 
282783     INFO  main            d.u.i.k.p.i.AbstractProblemLoader Loading environment from /home/runner/work/key/key/key.core/../key.ui/examples/standard_key/java_dl/jml-free/ensuresFree.key 
282783     DEBUG main            d.u.i.k.p.i.AbstractProblemLoader Environment load took 97.9ns 
282784     INFO  main            d.u.i.k.p.i.AbstractProblemLoader Creating init config 
285898     DEBUG main            d.u.i.k.p.i.AbstractProblemLoader Init config took 3.11s 
285937     INFO  main            d.u.i.k.p.i.AbstractProblemLoader Replaying proof EnsuresFree[EnsuresFree::test()].JML operation contract.0 
285939     DEBUG main            d.u.i.k.p.i.IntermediateProofReplayer Proof replay took 8.8ns 
286041     INFO  main            d.u.i.k.p.r.p.TestFile    ... finished proof: closed. 
286501     INFO  main            d.u.i.k.p.i.AbstractProblemLoader Loading environment from /home/runner/work/key/key/key.core/../key.ui/examples/standard_key/java_dl/jml-free/ensuresFree.key.proof 
286501     DEBUG main            d.u.i.k.p.i.AbstractProblemLoader Environment load took 86.6ns 
286502     INFO  main            d.u.i.k.p.i.AbstractProblemLoader Creating init config 
289436     DEBUG main            d.u.i.k.p.i.AbstractProblemLoader Init config took 2.93s 
289478     INFO  main            d.u.i.k.p.i.AbstractProblemLoader Replaying proof EnsuresFree[EnsuresFree::test()].JML operation contract.0 
289504     DEBUG main            d.u.i.k.p.i.IntermediateProofReplayer Proof replay took 23.24ms 
289505     DEBUG main            d.u.i.k.p.r.p.TestFile    ... success: reloaded. 
289506     INFO  main            d.u.i.k.p.r.p.TestFile    Now processing file /home/runner/work/key/key/key.core/../key.ui/examples/standard_key/java_dl/jml-information-flow.key 
289506     INFO  main            d.u.i.k.p.i.AbstractProblemLoader Loading environment from /home/runner/work/key/key/key.core/../key.ui/examples/standard_key/java_dl/jml-information-flow.key 
289506     DEBUG main            d.u.i.k.p.i.AbstractProblemLoader Environment load took 184.8ns 
289513     INFO  main            d.u.i.k.p.i.AbstractProblemLoader Creating init config 
292935     DEBUG main            d.u.i.k.p.i.AbstractProblemLoader Init config took 3.42s 
292957     INFO  main            d.u.i.k.p.i.AbstractProblemLoader Replaying proof jml-information-flow.key 
292958     DEBUG main            d.u.i.k.p.i.IntermediateProofReplayer Proof replay took 8.1ns 
459044     INFO  main            d.u.i.k.p.r.p.TestFile    ... finished proof: closed. 
459792     INFO  main            d.u.i.k.p.i.AbstractProblemLoader Loading environment from /home/runner/work/key/key/key.core/../key.ui/examples/standard_key/java_dl/jml-information-flow.key.proof 
459792     DEBUG main            d.u.i.k.p.i.AbstractProblemLoader Environment load took 196.8ns 
459801     INFO  main            d.u.i.k.p.i.AbstractProblemLoader Creating init config 
462999     DEBUG main            d.u.i.k.p.i.AbstractProblemLoader Init config took 3.2s 
463027     INFO  main            d.u.i.k.p.i.AbstractProblemLoader Replaying proof jml-information-flow.key.proof 
468296     DEBUG main            d.u.i.k.p.i.IntermediateProofReplayer Proof replay took 5.12s 
468304     DEBUG main            d.u.i.k.p.r.p.TestFile    ... success: reloaded. 
468305     INFO  main            d.u.i.k.p.r.p.TestFile    Now processing file /home/runner/work/key/key/key.core/../key.ui/examples/standard_key/java_dl/jml-min/min-unprovable1.key 
468305     INFO  main            d.u.i.k.p.i.AbstractProblemLoader Loading environment from /home/runner/work/key/key/key.core/../key.ui/examples/standard_key/java_dl/jml-min/min-unprovable1.key 
468305     DEBUG main            d.u.i.k.p.i.AbstractProblemLoader Environment load took 98.3ns 
468306     INFO  main            d.u.i.k.p.i.AbstractProblemLoader Creating init config 
471950     DEBUG main            d.u.i.k.p.i.AbstractProblemLoader Init config took 3.64s 
471991     INFO  main            d.u.i.k.p.i.AbstractProblemLoader Replaying proof Min[Min::foo()].JML operation contract.0 
471992     DEBUG main            d.u.i.k.p.i.IntermediateProofReplayer Proof replay took 8.6ns 
472094     INFO  main            d.u.i.k.p.r.p.TestFile    ... finished proof: open goal(s) 
472597     INFO  main            d.u.i.k.p.r.p.TestFile    Now processing file /home/runner/work/key/key/key.core/../key.ui/examples/standard_key/java_dl/jml-min/min-unprovable2.key 
472597     INFO  main            d.u.i.k.p.i.AbstractProblemLoader Loading environment from /home/runner/work/key/key/key.core/../key.ui/examples/standard_key/java_dl/jml-min/min-unprovable2.key 
472597     DEBUG main            d.u.i.k.p.i.AbstractProblemLoader Environment load took 62.3ns 
472598     INFO  main            d.u.i.k.p.i.AbstractProblemLoader Creating init config 
475641     DEBUG main            d.u.i.k.p.i.AbstractProblemLoader Init config took 3.04s 
475681     INFO  main            d.u.i.k.p.i.AbstractProblemLoader Replaying proof Min[Min::foo2()].JML operation contract.0 
475682     DEBUG main            d.u.i.k.p.i.IntermediateProofReplayer Proof replay took 8.4ns 
475784     INFO  main            d.u.i.k.p.r.p.TestFile    ... finished proof: open goal(s) 
476282     INFO  main            d.u.i.k.p.r.p.TestFile    Now processing file /home/runner/work/key/key/key.core/../key.ui/examples/standard_key/java_dl/methodCall.key 
476283     INFO  main            d.u.i.k.p.i.AbstractProblemLoader Loading environment from /home/runner/work/key/key/key.core/../key.ui/examples/standard_key/java_dl/methodCall.key 
476283     DEBUG main            d.u.i.k.p.i.AbstractProblemLoader Environment load took 85.9ns 
476284     INFO  main            d.u.i.k.p.i.AbstractProblemLoader Creating init config 
479301     DEBUG main            d.u.i.k.p.i.AbstractProblemLoader Init config took 3.02s 
479318     INFO  main            d.u.i.k.p.i.AbstractProblemLoader Replaying proof methodCall.key 
479319     DEBUG main            d.u.i.k.p.i.IntermediateProofReplayer Proof replay took 7.5ns 
479422     INFO  main            d.u.i.k.p.r.p.TestFile    ... finished proof: closed. 
479906     INFO  main            d.u.i.k.p.i.AbstractProblemLoader Loading environment from /home/runner/work/key/key/key.core/../key.ui/examples/standard_key/java_dl/methodCall.key.proof 
479906     DEBUG main            d.u.i.k.p.i.AbstractProblemLoader Environment load took 84.5ns 
479908     INFO  main            d.u.i.k.p.i.AbstractProblemLoader Creating init config 
482973     DEBUG main            d.u.i.k.p.i.AbstractProblemLoader Init config took 3.07s 
482990     INFO  main            d.u.i.k.p.i.AbstractProblemLoader Replaying proof methodCall.key.proof 
482995     DEBUG main            d.u.i.k.p.i.IntermediateProofReplayer Proof replay took 2.52ms 
482996     DEBUG main            d.u.i.k.p.r.p.TestFile    ... success: reloaded. 
482996     INFO  main            d.u.i.k.p.r.p.TestFile    Now processing file /home/runner/work/key/key/key.core/../key.ui/examples/standard_key/java_dl/methodCall1.key 
482996     INFO  main            d.u.i.k.p.i.AbstractProblemLoader Loading environment from /home/runner/work/key/key/key.core/../key.ui/examples/standard_key/java_dl/methodCall1.key 
482997     DEBUG main            d.u.i.k.p.i.AbstractProblemLoader Environment load took 55.8ns 
482998     INFO  main            d.u.i.k.p.i.AbstractProblemLoader Creating init config 
486042     DEBUG main            d.u.i.k.p.i.AbstractProblemLoader Init config took 3.04s 
486058     INFO  main            d.u.i.k.p.i.AbstractProblemLoader Replaying proof methodCall1.key 
486059     DEBUG main            d.u.i.k.p.i.IntermediateProofReplayer Proof replay took 7.5ns 
486163     INFO  main            d.u.i.k.p.r.p.TestFile    ... finished proof: closed. 
486672     INFO  main            d.u.i.k.p.i.AbstractProblemLoader Loading environment from /home/runner/work/key/key/key.core/../key.ui/examples/standard_key/java_dl/methodCall1.key.proof 
486672     DEBUG main            d.u.i.k.p.i.AbstractProblemLoader Environment load took 93.3ns 
486674     INFO  main            d.u.i.k.p.i.AbstractProblemLoader Creating init config 
489670     DEBUG main            d.u.i.k.p.i.AbstractProblemLoader Init config took 3s 
489686     INFO  main            d.u.i.k.p.i.AbstractProblemLoader Replaying proof methodCall1.key.proof 
489710     DEBUG main            d.u.i.k.p.i.IntermediateProofReplayer Proof replay took 20.05ms 
489711     DEBUG main            d.u.i.k.p.r.p.TestFile    ... success: reloaded. 
489711     INFO  main            d.u.i.k.p.r.p.TestFile    Now processing file /home/runner/work/key/key/key.core/../key.ui/examples/standard_key/java_dl/methodCall1box.key 
489712     INFO  main            d.u.i.k.p.i.AbstractProblemLoader Loading environment from /home/runner/work/key/key/key.core/../key.ui/examples/standard_key/java_dl/methodCall1box.key 
489712     DEBUG main            d.u.i.k.p.i.AbstractProblemLoader Environment load took 92.4ns 
489713     INFO  main            d.u.i.k.p.i.AbstractProblemLoader Creating init config 
492725     DEBUG main            d.u.i.k.p.i.AbstractProblemLoader Init config took 3.01s 
492741     INFO  main            d.u.i.k.p.i.AbstractProblemLoader Replaying proof methodCall1box.key 
492742     DEBUG main            d.u.i.k.p.i.IntermediateProofReplayer Proof replay took 9.1ns 
492845     INFO  main            d.u.i.k.p.r.p.TestFile    ... finished proof: closed. 
493379     INFO  main            d.u.i.k.p.i.AbstractProblemLoader Loading environment from /home/runner/work/key/key/key.core/../key.ui/examples/standard_key/java_dl/methodCall1box.key.proof 
493379     DEBUG main            d.u.i.k.p.i.AbstractProblemLoader Environment load took 113.4ns 
493380     INFO  main            d.u.i.k.p.i.AbstractProblemLoader Creating init config 
496442     DEBUG main            d.u.i.k.p.i.AbstractProblemLoader Init config took 3.06s 
496457     INFO  main            d.u.i.k.p.i.AbstractProblemLoader Replaying proof methodCall1box.key.proof 
496478     DEBUG main            d.u.i.k.p.i.IntermediateProofReplayer Proof replay took 18.33ms 
496478     DEBUG main            d.u.i.k.p.r.p.TestFile    ... success: reloaded. 
496479     INFO  main            d.u.i.k.p.r.p.TestFile    Now processing file /home/runner/work/key/key/key.core/../key.ui/examples/standard_key/java_dl/methodCall3.key 
496479     INFO  main            d.u.i.k.p.i.AbstractProblemLoader Loading environment from /home/runner/work/key/key/key.core/../key.ui/examples/standard_key/java_dl/methodCall3.key 
496480     DEBUG main            d.u.i.k.p.i.AbstractProblemLoader Environment load took 56.6ns 
496480     INFO  main            d.u.i.k.p.i.AbstractProblemLoader Creating init config 
499522     DEBUG main            d.u.i.k.p.i.AbstractProblemLoader Init config took 3.04s 
499538     INFO  main            d.u.i.k.p.i.AbstractProblemLoader Replaying proof methodCall3.key 
499540     DEBUG main            d.u.i.k.p.i.IntermediateProofReplayer Proof replay took 8.3ns 
499642     INFO  main            d.u.i.k.p.r.p.TestFile    ... finished proof: closed. 
500164     INFO  main            d.u.i.k.p.i.AbstractProblemLoader Loading environment from /home/runner/work/key/key/key.core/../key.ui/examples/standard_key/java_dl/methodCall3.key.proof 
500164     DEBUG main            d.u.i.k.p.i.AbstractProblemLoader Environment load took 85.5ns 
500165     INFO  main            d.u.i.k.p.i.AbstractProblemLoader Creating init config 
503172     DEBUG main            d.u.i.k.p.i.AbstractProblemLoader Init config took 3.01s 
503190     INFO  main            d.u.i.k.p.i.AbstractProblemLoader Replaying proof methodCall3.key.proof 
503208     DEBUG main            d.u.i.k.p.i.IntermediateProofReplayer Proof replay took 15.74ms 
503209     DEBUG main            d.u.i.k.p.r.p.TestFile    ... success: reloaded. 
503210     INFO  main            d.u.i.k.p.r.p.TestFile    Now processing file /home/runner/work/key/key/key.core/../key.ui/examples/standard_key/java_dl/polishFlagSort.key 
503210     INFO  main            d.u.i.k.p.i.AbstractProblemLoader Loading environment from /home/runner/work/key/key/key.core/../key.ui/examples/standard_key/java_dl/polishFlagSort.key 
503210     DEBUG main            d.u.i.k.p.i.AbstractProblemLoader Environment load took 89.6ns 
503212     INFO  main            d.u.i.k.p.i.AbstractProblemLoader Creating init config 
506282     DEBUG main            d.u.i.k.p.i.AbstractProblemLoader Init config took 3.07s 
506299     INFO  main            d.u.i.k.p.i.AbstractProblemLoader Replaying proof polishFlagSort.key 
506301     DEBUG main            d.u.i.k.p.i.IntermediateProofReplayer Proof replay took 8.4ns 
509311     INFO  main            d.u.i.k.p.r.p.TestFile    ... finished proof: closed. 
509934     INFO  main            d.u.i.k.p.i.AbstractProblemLoader Loading environment from /home/runner/work/key/key/key.core/../key.ui/examples/standard_key/java_dl/polishFlagSort.key.proof 
509934     DEBUG main            d.u.i.k.p.i.AbstractProblemLoader Environment load took 85.7ns 
509936     INFO  main            d.u.i.k.p.i.AbstractProblemLoader Creating init config 
512960     DEBUG main            d.u.i.k.p.i.AbstractProblemLoader Init config took 3.02s 
512978     INFO  main            d.u.i.k.p.i.AbstractProblemLoader Replaying proof polishFlagSort.key.proof 
513484     DEBUG main            d.u.i.k.p.i.IntermediateProofReplayer Proof replay took 494.1ms 
513486     DEBUG main            d.u.i.k.p.r.p.TestFile    ... success: reloaded. 
513487     INFO  main            d.u.i.k.p.r.p.TestFile    Now processing file /home/runner/work/key/key/key.core/../key.ui/examples/standard_key/java_dl/postConditionTaclets1.key 
513487     INFO  main            d.u.i.k.p.i.AbstractProblemLoader Loading environment from /home/runner/work/key/key/key.core/../key.ui/examples/standard_key/java_dl/postConditionTaclets1.key 
513487     DEBUG main            d.u.i.k.p.i.AbstractProblemLoader Environment load took 96.6ns 
513489     INFO  main            d.u.i.k.p.i.AbstractProblemLoader Creating init config 
516500     DEBUG main            d.u.i.k.p.i.AbstractProblemLoader Init config took 3.01s 
516515     INFO  main            d.u.i.k.p.i.AbstractProblemLoader Replaying proof postConditionTaclets1.key 
516517     DEBUG main            d.u.i.k.p.i.IntermediateProofReplayer Proof replay took 7.6ns 
516618     INFO  main            d.u.i.k.p.r.p.TestFile    ... finished proof: closed. 
517229     INFO  main            d.u.i.k.p.i.AbstractProblemLoader Loading environment from /home/runner/work/key/key/key.core/../key.ui/examples/standard_key/java_dl/postConditionTaclets1.key.proof 
517229     DEBUG main            d.u.i.k.p.i.AbstractProblemLoader Environment load took 80.9ns 
517230     INFO  main            d.u.i.k.p.i.AbstractProblemLoader Creating init config 
520204     DEBUG main            d.u.i.k.p.i.AbstractProblemLoader Init config took 2.97s 
520220     INFO  main            d.u.i.k.p.i.AbstractProblemLoader Replaying proof postConditionTaclets1.key.proof 
520222     DEBUG main            d.u.i.k.p.i.IntermediateProofReplayer Proof replay took 476.61ns 
520223     DEBUG main            d.u.i.k.p.r.p.TestFile    ... success: reloaded. 
520223     INFO  main            d.u.i.k.p.r.p.TestFile    Now processing file /home/runner/work/key/key/key.core/../key.ui/examples/standard_key/java_dl/postConditionTaclets2.key 
520224     INFO  main            d.u.i.k.p.i.AbstractProblemLoader Loading environment from /home/runner/work/key/key/key.core/../key.ui/examples/standard_key/java_dl/postConditionTaclets2.key 
520224     DEBUG main            d.u.i.k.p.i.AbstractProblemLoader Environment load took 145.4ns 
520225     INFO  main            d.u.i.k.p.i.AbstractProblemLoader Creating init config 
523209     DEBUG main            d.u.i.k.p.i.AbstractProblemLoader Init config took 2.98s 
523225     INFO  main            d.u.i.k.p.i.AbstractProblemLoader Replaying proof postConditionTaclets2.key 
523226     DEBUG main            d.u.i.k.p.i.IntermediateProofReplayer Proof replay took 8ns 
523329     INFO  main            d.u.i.k.p.r.p.TestFile    ... finished proof: closed. 
523895     INFO  main            d.u.i.k.p.i.AbstractProblemLoader Loading environment from /home/runner/work/key/key/key.core/../key.ui/examples/standard_key/java_dl/postConditionTaclets2.key.proof 
523895     DEBUG main            d.u.i.k.p.i.AbstractProblemLoader Environment load took 123.2ns 
523897     INFO  main            d.u.i.k.p.i.AbstractProblemLoader Creating init config 
526856     DEBUG main            d.u.i.k.p.i.AbstractProblemLoader Init config took 2.96s 
526871     INFO  main            d.u.i.k.p.i.AbstractProblemLoader Replaying proof postConditionTaclets2.key.proof 
526873     DEBUG main            d.u.i.k.p.i.IntermediateProofReplayer Proof replay took 839.41ns 
526874     DEBUG main            d.u.i.k.p.r.p.TestFile    ... success: reloaded. 
526875     INFO  main            d.u.i.k.p.r.p.TestFile    Now processing file /home/runner/work/key/key/key.core/../key.ui/examples/standard_key/java_dl/quantifiedQuery.key 
526875     INFO  main            d.u.i.k.p.i.AbstractProblemLoader Loading environment from /home/runner/work/key/key/key.core/../key.ui/examples/standard_key/java_dl/quantifiedQuery.key 
526876     DEBUG main            d.u.i.k.p.i.AbstractProblemLoader Environment load took 113.5ns 
526877     INFO  main            d.u.i.k.p.i.AbstractProblemLoader Creating init config 
529944     DEBUG main            d.u.i.k.p.i.AbstractProblemLoader Init config took 3.07s 
529962     INFO  main            d.u.i.k.p.i.AbstractProblemLoader Replaying proof quantifiedQuery.key 
529964     DEBUG main            d.u.i.k.p.i.IntermediateProofReplayer Proof replay took 9.1ns 
530067     INFO  main            d.u.i.k.p.r.p.TestFile    ... finished proof: closed. 
530614     INFO  main            d.u.i.k.p.i.AbstractProblemLoader Loading environment from /home/runner/work/key/key/key.core/../key.ui/examples/standard_key/java_dl/quantifiedQuery.key.proof 
530614     DEBUG main            d.u.i.k.p.i.AbstractProblemLoader Environment load took 124.6ns 
530616     INFO  main            d.u.i.k.p.i.AbstractProblemLoader Creating init config 
533634     DEBUG main            d.u.i.k.p.i.AbstractProblemLoader Init config took 3.02s 
533649     INFO  main            d.u.i.k.p.i.AbstractProblemLoader Replaying proof quantifiedQuery.key.proof 
533673     DEBUG main            d.u.i.k.p.i.IntermediateProofReplayer Proof replay took 21.55ms 
533674     DEBUG main            d.u.i.k.p.r.p.TestFile    ... success: reloaded. 
533675     INFO  main            d.u.i.k.p.r.p.TestFile    Now processing file /home/runner/work/key/key/key.core/../key.ui/examples/standard_key/java_dl/recursion/triangular.key 
533676     INFO  main            d.u.i.k.p.i.AbstractProblemLoader Loading environment from /home/runner/work/key/key/key.core/../key.ui/examples/standard_key/java_dl/recursion/triangular.key 
533676     DEBUG main            d.u.i.k.p.i.AbstractProblemLoader Environment load took 243.7ns 
533677     INFO  main            d.u.i.k.p.i.AbstractProblemLoader Creating init config 
536699     DEBUG main            d.u.i.k.p.i.AbstractProblemLoader Init config took 3.02s 
536758     INFO  main            d.u.i.k.p.i.AbstractProblemLoader Replaying proof Triangular[Triangular::tria(int)].JML normal_behavior operation contract.0 
536760     DEBUG main            d.u.i.k.p.i.IntermediateProofReplayer Proof replay took 8ns 
536962     INFO  main            d.u.i.k.p.r.p.TestFile    ... finished proof: closed. 
537563     INFO  main            d.u.i.k.p.i.AbstractProblemLoader Loading environment from /home/runner/work/key/key/key.core/../key.ui/examples/standard_key/java_dl/recursion/triangular.key.proof 
537564     DEBUG main            d.u.i.k.p.i.AbstractProblemLoader Environment load took 85.1ns 
537565     INFO  main            d.u.i.k.p.i.AbstractProblemLoader Creating init config 
540570     DEBUG main            d.u.i.k.p.i.AbstractProblemLoader Init config took 3.01s 
540617     INFO  main            d.u.i.k.p.i.AbstractProblemLoader Replaying proof Triangular[Triangular::tria(int)].JML normal_behavior operation contract.0 
540662     DEBUG main            d.u.i.k.p.i.IntermediateProofReplayer Proof replay took 42.49ms 
540663     DEBUG main            d.u.i.k.p.r.p.TestFile    ... success: reloaded. 
540663     INFO  main            d.u.i.k.p.r.p.TestFile    Now processing file /home/runner/work/key/key/key.core/../key.ui/examples/standard_key/java_dl/reverseArray.key 
540664     INFO  main            d.u.i.k.p.i.AbstractProblemLoader Loading environment from /home/runner/work/key/key/key.core/../key.ui/examples/standard_key/java_dl/reverseArray.key 
540664     DEBUG main            d.u.i.k.p.i.AbstractProblemLoader Environment load took 89.1ns 
540666     INFO  main            d.u.i.k.p.i.AbstractProblemLoader Creating init config 
540692     WARN  main            d.u.i.k.j.r.KeYCrossReferenceNameInfo Datatype java.io.InputStream declared twice: Once in FILE:/home/runner/work/key/key/key.core/../key.ui/examples/standard_key/java_dl/./classpath/InputStream.java and once in URL:file:/home/runner/work/key/key/key.core/build/resources/main/de/uka/ilkd/key/java/JavaRedux/java/io/InputStream.java, Keeping one from URL:file:/home/runner/work/key/key/key.core/build/resources/main/de/uka/ilkd/key/java/JavaRedux/java/io/InputStream.java 
540692     WARN  main            d.u.i.k.j.r.KeYCrossReferenceNameInfo Datatype java.lang.System declared twice: Once in FILE:/home/runner/work/key/key/key.core/../key.ui/examples/standard_key/java_dl/./classpath/System.java and once in URL:file:/home/runner/work/key/key/key.core/build/resources/main/de/uka/ilkd/key/java/JavaRedux/java/lang/System.java, Keeping one from URL:file:/home/runner/work/key/key/key.core/build/resources/main/de/uka/ilkd/key/java/JavaRedux/java/lang/System.java 
540692     WARN  main            d.u.i.k.j.r.KeYCrossReferenceNameInfo Datatype java.io.PrintStream declared twice: Once in FILE:/home/runner/work/key/key/key.core/../key.ui/examples/standard_key/java_dl/./classpath/PrintStream.java and once in URL:file:/home/runner/work/key/key/key.core/build/resources/main/de/uka/ilkd/key/java/JavaRedux/java/io/PrintStream.java, Keeping one from URL:file:/home/runner/work/key/key/key.core/build/resources/main/de/uka/ilkd/key/java/JavaRedux/java/io/PrintStream.java 
540696     DEBUG main            d.u.i.k.j.r.ClassFileDeclarationBuilder Parsing: package java.io; public class Closeable { } 
540696     DEBUG main            r.s.KeYCrossReferenceSourceInfo Dynamically created class: java.io.Closeable 
543924     DEBUG main            d.u.i.k.p.i.AbstractProblemLoader Init config took 3.26s 
543947     INFO  main            d.u.i.k.p.i.AbstractProblemLoader Replaying proof reverseArray.key 
543949     DEBUG main            d.u.i.k.p.i.IntermediateProofReplayer Proof replay took 7.7ns 
550019     INFO  main            d.u.i.k.p.r.p.TestFile    ... finished proof: closed. 
550645     INFO  main            d.u.i.k.p.i.AbstractProblemLoader Loading environment from /home/runner/work/key/key/key.core/../key.ui/examples/standard_key/java_dl/reverseArray.key.proof 
550645     DEBUG main            d.u.i.k.p.i.AbstractProblemLoader Environment load took 132.7ns 
550647     INFO  main            d.u.i.k.p.i.AbstractProblemLoader Creating init config 
550672     WARN  main            d.u.i.k.j.r.KeYCrossReferenceNameInfo Datatype java.io.InputStream declared twice: Once in FILE:/home/runner/work/key/key/key.core/../key.ui/examples/standard_key/java_dl/classpath/InputStream.java and once in URL:file:/home/runner/work/key/key/key.core/build/resources/main/de/uka/ilkd/key/java/JavaRedux/java/io/InputStream.java, Keeping one from URL:file:/home/runner/work/key/key/key.core/build/resources/main/de/uka/ilkd/key/java/JavaRedux/java/io/InputStream.java 
550672     WARN  main            d.u.i.k.j.r.KeYCrossReferenceNameInfo Datatype java.lang.System declared twice: Once in FILE:/home/runner/work/key/key/key.core/../key.ui/examples/standard_key/java_dl/classpath/System.java and once in URL:file:/home/runner/work/key/key/key.core/build/resources/main/de/uka/ilkd/key/java/JavaRedux/java/lang/System.java, Keeping one from URL:file:/home/runner/work/key/key/key.core/build/resources/main/de/uka/ilkd/key/java/JavaRedux/java/lang/System.java 
550672     WARN  main            d.u.i.k.j.r.KeYCrossReferenceNameInfo Datatype java.io.PrintStream declared twice: Once in FILE:/home/runner/work/key/key/key.core/../key.ui/examples/standard_key/java_dl/classpath/PrintStream.java and once in URL:file:/home/runner/work/key/key/key.core/build/resources/main/de/uka/ilkd/key/java/JavaRedux/java/io/PrintStream.java, Keeping one from URL:file:/home/runner/work/key/key/key.core/build/resources/main/de/uka/ilkd/key/java/JavaRedux/java/io/PrintStream.java 
550675     DEBUG main            d.u.i.k.j.r.ClassFileDeclarationBuilder Parsing: package java.io; public class Closeable { } 
550675     DEBUG main            r.s.KeYCrossReferenceSourceInfo Dynamically created class: java.io.Closeable 
553684     DEBUG main            d.u.i.k.p.i.AbstractProblemLoader Init config took 3.04s 
553702     INFO  main            d.u.i.k.p.i.AbstractProblemLoader Replaying proof reverseArray.key.proof 
554611     DEBUG main            d.u.i.k.p.i.IntermediateProofReplayer Proof replay took 895.23ms 
554613     DEBUG main            d.u.i.k.p.r.p.TestFile    ... success: reloaded. 
554614     INFO  main            d.u.i.k.p.r.p.TestFile    Now processing file /home/runner/work/key/key/key.core/../key.ui/examples/standard_key/java_dl/reverseArray2.key 
554615     INFO  main            d.u.i.k.p.i.AbstractProblemLoader Loading environment from /home/runner/work/key/key/key.core/../key.ui/examples/standard_key/java_dl/reverseArray2.key 
554615     DEBUG main            d.u.i.k.p.i.AbstractProblemLoader Environment load took 114.3ns 
554618     INFO  main            d.u.i.k.p.i.AbstractProblemLoader Creating init config 
554647     WARN  main            d.u.i.k.j.r.KeYCrossReferenceNameInfo Datatype java.io.InputStream declared twice: Once in FILE:/home/runner/work/key/key/key.core/../key.ui/examples/standard_key/java_dl/classpath/InputStream.java and once in URL:file:/home/runner/work/key/key/key.core/build/resources/main/de/uka/ilkd/key/java/JavaRedux/java/io/InputStream.java, Keeping one from URL:file:/home/runner/work/key/key/key.core/build/resources/main/de/uka/ilkd/key/java/JavaRedux/java/io/InputStream.java 
554648     WARN  main            d.u.i.k.j.r.KeYCrossReferenceNameInfo Datatype java.lang.System declared twice: Once in FILE:/home/runner/work/key/key/key.core/../key.ui/examples/standard_key/java_dl/classpath/System.java and once in URL:file:/home/runner/work/key/key/key.core/build/resources/main/de/uka/ilkd/key/java/JavaRedux/java/lang/System.java, Keeping one from URL:file:/home/runner/work/key/key/key.core/build/resources/main/de/uka/ilkd/key/java/JavaRedux/java/lang/System.java 
554648     WARN  main            d.u.i.k.j.r.KeYCrossReferenceNameInfo Datatype java.io.PrintStream declared twice: Once in FILE:/home/runner/work/key/key/key.core/../key.ui/examples/standard_key/java_dl/classpath/PrintStream.java and once in URL:file:/home/runner/work/key/key/key.core/build/resources/main/de/uka/ilkd/key/java/JavaRedux/java/io/PrintStream.java, Keeping one from URL:file:/home/runner/work/key/key/key.core/build/resources/main/de/uka/ilkd/key/java/JavaRedux/java/io/PrintStream.java 
554651     DEBUG main            d.u.i.k.j.r.ClassFileDeclarationBuilder Parsing: package java.io; public class Closeable { } 
554651     DEBUG main            r.s.KeYCrossReferenceSourceInfo Dynamically created class: java.io.Closeable 
557938     DEBUG main            d.u.i.k.p.i.AbstractProblemLoader Init config took 3.32s 
557955     INFO  main            d.u.i.k.p.i.AbstractProblemLoader Replaying proof reverseArray2.key 
557957     DEBUG main            d.u.i.k.p.i.IntermediateProofReplayer Proof replay took 37.4ns 
559886     INFO  main            d.u.i.k.p.r.p.TestFile    ... finished proof: closed. 
560581     INFO  main            d.u.i.k.p.i.AbstractProblemLoader Loading environment from /home/runner/work/key/key/key.core/../key.ui/examples/standard_key/java_dl/reverseArray2.key.proof 
560581     DEBUG main            d.u.i.k.p.i.AbstractProblemLoader Environment load took 85.3ns 
560583     INFO  main            d.u.i.k.p.i.AbstractProblemLoader Creating init config 
560611     WARN  main            d.u.i.k.j.r.KeYCrossReferenceNameInfo Datatype java.io.InputStream declared twice: Once in FILE:/home/runner/work/key/key/key.core/../key.ui/examples/standard_key/java_dl/classpath/InputStream.java and once in URL:file:/home/runner/work/key/key/key.core/build/resources/main/de/uka/ilkd/key/java/JavaRedux/java/io/InputStream.java, Keeping one from URL:file:/home/runner/work/key/key/key.core/build/resources/main/de/uka/ilkd/key/java/JavaRedux/java/io/InputStream.java 
560611     WARN  main            d.u.i.k.j.r.KeYCrossReferenceNameInfo Datatype java.lang.System declared twice: Once in FILE:/home/runner/work/key/key/key.core/../key.ui/examples/standard_key/java_dl/classpath/System.java and once in URL:file:/home/runner/work/key/key/key.core/build/resources/main/de/uka/ilkd/key/java/JavaRedux/java/lang/System.java, Keeping one from URL:file:/home/runner/work/key/key/key.core/build/resources/main/de/uka/ilkd/key/java/JavaRedux/java/lang/System.java 
560611     WARN  main            d.u.i.k.j.r.KeYCrossReferenceNameInfo Datatype java.io.PrintStream declared twice: Once in FILE:/home/runner/work/key/key/key.core/../key.ui/examples/standard_key/java_dl/classpath/PrintStream.java and once in URL:file:/home/runner/work/key/key/key.core/build/resources/main/de/uka/ilkd/key/java/JavaRedux/java/io/PrintStream.java, Keeping one from URL:file:/home/runner/work/key/key/key.core/build/resources/main/de/uka/ilkd/key/java/JavaRedux/java/io/PrintStream.java 
560615     DEBUG main            d.u.i.k.j.r.ClassFileDeclarationBuilder Parsing: package java.io; public class Closeable { } 
560616     DEBUG main            r.s.KeYCrossReferenceSourceInfo Dynamically created class: java.io.Closeable 
563631     DEBUG main            d.u.i.k.p.i.AbstractProblemLoader Init config took 3.05s 
563648     INFO  main            d.u.i.k.p.i.AbstractProblemLoader Replaying proof reverseArray2.key.proof 
563945     DEBUG main            d.u.i.k.p.i.IntermediateProofReplayer Proof replay took 291.66ms 
563947     DEBUG main            d.u.i.k.p.r.p.TestFile    ... success: reloaded. 
563948     INFO  main            d.u.i.k.p.r.p.TestFile    Now processing file /home/runner/work/key/key/key.core/../key.ui/examples/standard_key/java_dl/simpleAssignment.key 
563949     INFO  main            d.u.i.k.p.i.AbstractProblemLoader Loading environment from /home/runner/work/key/key/key.core/../key.ui/examples/standard_key/java_dl/simpleAssignment.key 
563949     DEBUG main            d.u.i.k.p.i.AbstractProblemLoader Environment load took 132ns 
563950     INFO  main            d.u.i.k.p.i.AbstractProblemLoader Creating init config 
566927     DEBUG main            d.u.i.k.p.i.AbstractProblemLoader Init config took 2.98s 
566942     INFO  main            d.u.i.k.p.i.AbstractProblemLoader Replaying proof simpleAssignment.key 
566944     DEBUG main            d.u.i.k.p.i.IntermediateProofReplayer Proof replay took 3.6ns 
567045     INFO  main            d.u.i.k.p.r.p.TestFile    ... finished proof: closed. 
567711     INFO  main            d.u.i.k.p.i.AbstractProblemLoader Loading environment from /home/runner/work/key/key/key.core/../key.ui/examples/standard_key/java_dl/simpleAssignment.key.proof 
567712     DEBUG main            d.u.i.k.p.i.AbstractProblemLoader Environment load took 94ns 
567713     INFO  main            d.u.i.k.p.i.AbstractProblemLoader Creating init config 
570590     DEBUG main            d.u.i.k.p.i.AbstractProblemLoader Init config took 2.88s 
570606     INFO  main            d.u.i.k.p.i.AbstractProblemLoader Replaying proof simpleAssignment.key.proof 
570609     DEBUG main            d.u.i.k.p.i.IntermediateProofReplayer Proof replay took 983.51ns 
570610     DEBUG main            d.u.i.k.p.r.p.TestFile    ... success: reloaded. 
570610     INFO  main            d.u.i.k.p.r.p.TestFile    Now processing file /home/runner/work/key/key/key.core/../key.ui/examples/standard_key/java_dl/simpleAssignment2.key 
570611     INFO  main            d.u.i.k.p.i.AbstractProblemLoader Loading environment from /home/runner/work/key/key/key.core/../key.ui/examples/standard_key/java_dl/simpleAssignment2.key 
570611     DEBUG main            d.u.i.k.p.i.AbstractProblemLoader Environment load took 127.7ns 
570612     INFO  main            d.u.i.k.p.i.AbstractProblemLoader Creating init config 
573639     DEBUG main            d.u.i.k.p.i.AbstractProblemLoader Init config took 3.03s 
573658     INFO  main            d.u.i.k.p.i.AbstractProblemLoader Replaying proof simpleAssignment2.key 
573660     DEBUG main            d.u.i.k.p.i.IntermediateProofReplayer Proof replay took 4.4ns 
573765     INFO  main            d.u.i.k.p.r.p.TestFile    ... finished proof: closed. 
574371     INFO  main            d.u.i.k.p.i.AbstractProblemLoader Loading environment from /home/runner/work/key/key/key.core/../key.ui/examples/standard_key/java_dl/simpleAssignment2.key.proof 
574371     DEBUG main            d.u.i.k.p.i.AbstractProblemLoader Environment load took 81.5ns 
574372     INFO  main            d.u.i.k.p.i.AbstractProblemLoader Creating init config 
577335     DEBUG main            d.u.i.k.p.i.AbstractProblemLoader Init config took 2.96s 
577349     INFO  main            d.u.i.k.p.i.AbstractProblemLoader Replaying proof simpleAssignment2.key.proof 
577351     DEBUG main            d.u.i.k.p.i.IntermediateProofReplayer Proof replay took 429.11ns 
577352     DEBUG main            d.u.i.k.p.r.p.TestFile    ... success: reloaded. 
577353     INFO  main            d.u.i.k.p.r.p.TestFile    Now processing file /home/runner/work/key/key/key.core/../key.ui/examples/standard_key/java_dl/splittingWithQueries.key 
577353     INFO  main            d.u.i.k.p.i.AbstractProblemLoader Loading environment from /home/runner/work/key/key/key.core/../key.ui/examples/standard_key/java_dl/splittingWithQueries.key 
577353     DEBUG main            d.u.i.k.p.i.AbstractProblemLoader Environment load took 137.5ns 
577354     INFO  main            d.u.i.k.p.i.AbstractProblemLoader Creating init config 
580473     DEBUG main            d.u.i.k.p.i.AbstractProblemLoader Init config took 3.12s 
580489     INFO  main            d.u.i.k.p.i.AbstractProblemLoader Replaying proof splittingWithQueries.key 
580490     DEBUG main            d.u.i.k.p.i.IntermediateProofReplayer Proof replay took 3.7ns 
580592     INFO  main            d.u.i.k.p.r.p.TestFile    ... finished proof: closed. 
581225     INFO  main            d.u.i.k.p.i.AbstractProblemLoader Loading environment from /home/runner/work/key/key/key.core/../key.ui/examples/standard_key/java_dl/splittingWithQueries.key.proof 
581225     DEBUG main            d.u.i.k.p.i.AbstractProblemLoader Environment load took 78.4ns 
581226     INFO  main            d.u.i.k.p.i.AbstractProblemLoader Creating init config 
584260     DEBUG main            d.u.i.k.p.i.AbstractProblemLoader Init config took 3.03s 
584276     INFO  main            d.u.i.k.p.i.AbstractProblemLoader Replaying proof splittingWithQueries.key.proof 
584280     DEBUG main            d.u.i.k.p.i.IntermediateProofReplayer Proof replay took 2.33ms 
584281     DEBUG main            d.u.i.k.p.r.p.TestFile    ... success: reloaded. 
584283     INFO  main            d.u.i.k.p.r.p.TestFile    Now processing file /home/runner/work/key/key/key.core/../key.ui/examples/standard_key/java_dl/strassen/strassen.key 
584283     INFO  main            d.u.i.k.p.i.AbstractProblemLoader Loading environment from /home/runner/work/key/key/key.core/../key.ui/examples/standard_key/java_dl/strassen/strassen.key 
584283     DEBUG main            d.u.i.k.p.i.AbstractProblemLoader Environment load took 83.6ns 
584284     INFO  main            d.u.i.k.p.i.AbstractProblemLoader Creating init config 
587394     DEBUG main            d.u.i.k.p.i.AbstractProblemLoader Init config took 3.11s 
587435     INFO  main            d.u.i.k.p.i.AbstractProblemLoader Replaying proof Matrix22[Matrix22::strassen(Matrix22,Matrix22)].JML normal_behavior operation contract.0 
587437     DEBUG main            d.u.i.k.p.i.IntermediateProofReplayer Proof replay took 3.7ns 
594200     INFO  main            d.u.i.k.p.r.p.TestFile    ... finished proof: closed. 
594981     INFO  main            d.u.i.k.p.i.AbstractProblemLoader Loading environment from /home/runner/work/key/key/key.core/../key.ui/examples/standard_key/java_dl/strassen/strassen.key.proof 
594982     DEBUG main            d.u.i.k.p.i.AbstractProblemLoader Environment load took 91.4ns 
594983     INFO  main            d.u.i.k.p.i.AbstractProblemLoader Creating init config 
598112     DEBUG main            d.u.i.k.p.i.AbstractProblemLoader Init config took 3.13s 
598157     INFO  main            d.u.i.k.p.i.AbstractProblemLoader Replaying proof Matrix22[Matrix22::strassen(Matrix22,Matrix22)].JML normal_behavior operation contract.0 
599198     DEBUG main            d.u.i.k.p.i.IntermediateProofReplayer Proof replay took 1.03s 
599200     DEBUG main            d.u.i.k.p.r.p.TestFile    ... success: reloaded. 
599200     INFO  main            d.u.i.k.p.r.p.TestFile    Now processing file /home/runner/work/key/key/key.core/../key.ui/examples/standard_key/java_dl/symmArray.key 
599201     INFO  main            d.u.i.k.p.i.AbstractProblemLoader Loading environment from /home/runner/work/key/key/key.core/../key.ui/examples/standard_key/java_dl/symmArray.key 
599201     DEBUG main            d.u.i.k.p.i.AbstractProblemLoader Environment load took 120.5ns 
599206     INFO  main            d.u.i.k.p.i.AbstractProblemLoader Creating init config 
602323     DEBUG main            d.u.i.k.p.i.AbstractProblemLoader Init config took 3.12s 
602341     INFO  main            d.u.i.k.p.i.AbstractProblemLoader Replaying proof symmArray.key 
602342     DEBUG main            d.u.i.k.p.i.IntermediateProofReplayer Proof replay took 4.2ns 
738645     INFO  main            d.u.i.k.p.r.p.TestFile    ... finished proof: closed. 
739382     INFO  main            d.u.i.k.p.i.AbstractProblemLoader Loading environment from /home/runner/work/key/key/key.core/../key.ui/examples/standard_key/java_dl/symmArray.key.proof 
739382     DEBUG main            d.u.i.k.p.i.AbstractProblemLoader Environment load took 168.4ns 
739388     INFO  main            d.u.i.k.p.i.AbstractProblemLoader Creating init config 
742473     DEBUG main            d.u.i.k.p.i.AbstractProblemLoader Init config took 3.09s 
742494     INFO  main            d.u.i.k.p.i.AbstractProblemLoader Replaying proof symmArray.key.proof 
744055     DEBUG main            d.u.i.k.p.i.IntermediateProofReplayer Proof replay took 1.49s 
744061     DEBUG main            d.u.i.k.p.r.p.TestFile    ... success: reloaded. 
744062     INFO  main            d.u.i.k.p.r.p.TestFile    Now processing file /home/runner/work/key/key/key.core/../key.ui/examples/standard_key/java_dl/testcontext.key 
744062     INFO  main            d.u.i.k.p.i.AbstractProblemLoader Loading environment from /home/runner/work/key/key/key.core/../key.ui/examples/standard_key/java_dl/testcontext.key 
744062     DEBUG main            d.u.i.k.p.i.AbstractProblemLoader Environment load took 128.4ns 
744063     INFO  main            d.u.i.k.p.i.AbstractProblemLoader Creating init config 
744087     WARN  main            d.u.i.k.j.r.KeYCrossReferenceNameInfo Datatype java.io.InputStream declared twice: Once in FILE:/home/runner/work/key/key/key.core/../key.ui/examples/standard_key/java_dl/classpath/InputStream.java and once in URL:file:/home/runner/work/key/key/key.core/build/resources/main/de/uka/ilkd/key/java/JavaRedux/java/io/InputStream.java, Keeping one from URL:file:/home/runner/work/key/key/key.core/build/resources/main/de/uka/ilkd/key/java/JavaRedux/java/io/InputStream.java 
744087     WARN  main            d.u.i.k.j.r.KeYCrossReferenceNameInfo Datatype java.lang.System declared twice: Once in FILE:/home/runner/work/key/key/key.core/../key.ui/examples/standard_key/java_dl/classpath/System.java and once in URL:file:/home/runner/work/key/key/key.core/build/resources/main/de/uka/ilkd/key/java/JavaRedux/java/lang/System.java, Keeping one from URL:file:/home/runner/work/key/key/key.core/build/resources/main/de/uka/ilkd/key/java/JavaRedux/java/lang/System.java 
744088     WARN  main            d.u.i.k.j.r.KeYCrossReferenceNameInfo Datatype java.io.PrintStream declared twice: Once in FILE:/home/runner/work/key/key/key.core/../key.ui/examples/standard_key/java_dl/classpath/PrintStream.java and once in URL:file:/home/runner/work/key/key/key.core/build/resources/main/de/uka/ilkd/key/java/JavaRedux/java/io/PrintStream.java, Keeping one from URL:file:/home/runner/work/key/key/key.core/build/resources/main/de/uka/ilkd/key/java/JavaRedux/java/io/PrintStream.java 
744091     DEBUG main            d.u.i.k.j.r.ClassFileDeclarationBuilder Parsing: package java.io; public class Closeable { } 
744091     DEBUG main            r.s.KeYCrossReferenceSourceInfo Dynamically created class: java.io.Closeable 
747161     DEBUG main            d.u.i.k.p.i.AbstractProblemLoader Init config took 3.1s 
747177     INFO  main            d.u.i.k.p.i.AbstractProblemLoader Replaying proof testcontext.key 
747179     DEBUG main            d.u.i.k.p.i.IntermediateProofReplayer Proof replay took 3.3ns 
747582     INFO  main            d.u.i.k.p.r.p.TestFile    ... finished proof: closed. 
748375     INFO  main            d.u.i.k.p.i.AbstractProblemLoader Loading environment from /home/runner/work/key/key/key.core/../key.ui/examples/standard_key/java_dl/testcontext.key.proof 
748375     DEBUG main            d.u.i.k.p.i.AbstractProblemLoader Environment load took 144.4ns 
748376     INFO  main            d.u.i.k.p.i.AbstractProblemLoader Creating init config 
748402     WARN  main            d.u.i.k.j.r.KeYCrossReferenceNameInfo Datatype java.io.InputStream declared twice: Once in FILE:/home/runner/work/key/key/key.core/../key.ui/examples/standard_key/java_dl/classpath/InputStream.java and once in URL:file:/home/runner/work/key/key/key.core/build/resources/main/de/uka/ilkd/key/java/JavaRedux/java/io/InputStream.java, Keeping one from URL:file:/home/runner/work/key/key/key.core/build/resources/main/de/uka/ilkd/key/java/JavaRedux/java/io/InputStream.java 
748402     WARN  main            d.u.i.k.j.r.KeYCrossReferenceNameInfo Datatype java.lang.System declared twice: Once in FILE:/home/runner/work/key/key/key.core/../key.ui/examples/standard_key/java_dl/classpath/System.java and once in URL:file:/home/runner/work/key/key/key.core/build/resources/main/de/uka/ilkd/key/java/JavaRedux/java/lang/System.java, Keeping one from URL:file:/home/runner/work/key/key/key.core/build/resources/main/de/uka/ilkd/key/java/JavaRedux/java/lang/System.java 
748402     WARN  main            d.u.i.k.j.r.KeYCrossReferenceNameInfo Datatype java.io.PrintStream declared twice: Once in FILE:/home/runner/work/key/key/key.core/../key.ui/examples/standard_key/java_dl/classpath/PrintStream.java and once in URL:file:/home/runner/work/key/key/key.core/build/resources/main/de/uka/ilkd/key/java/JavaRedux/java/io/PrintStream.java, Keeping one from URL:file:/home/runner/work/key/key/key.core/build/resources/main/de/uka/ilkd/key/java/JavaRedux/java/io/PrintStream.java 
748405     DEBUG main            d.u.i.k.j.r.ClassFileDeclarationBuilder Parsing: package java.io; public class Closeable { } 
748405     DEBUG main            r.s.KeYCrossReferenceSourceInfo Dynamically created class: java.io.Closeable 
751296     DEBUG main            d.u.i.k.p.i.AbstractProblemLoader Init config took 2.92s 
751311     INFO  main            d.u.i.k.p.i.AbstractProblemLoader Replaying proof testcontext.key.proof 
751388     DEBUG main            d.u.i.k.p.i.IntermediateProofReplayer Proof replay took 73.59ms 
751389     DEBUG main            d.u.i.k.p.r.p.TestFile    ... success: reloaded. 
751390     INFO  main            d.u.i.k.p.r.p.TestFile    Now processing file /home/runner/work/key/key/key.core/../key.ui/examples/standard_key/staticInitialisation/cascadeStaticInitialisation.key 
751390     INFO  main            d.u.i.k.p.i.AbstractProblemLoader Loading environment from /home/runner/work/key/key/key.core/../key.ui/examples/standard_key/staticInitialisation/cascadeStaticInitialisation.key 
751390     DEBUG main            d.u.i.k.p.i.AbstractProblemLoader Environment load took 80.1ns 
751393     INFO  main            d.u.i.k.p.i.AbstractProblemLoader Creating init config 
751416     WARN  main            d.u.i.k.j.r.KeYCrossReferenceNameInfo Datatype java.lang.System declared twice: Once in FILE:/home/runner/work/key/key/key.core/../key.ui/examples/standard_key/staticInitialisation/classpath/System.java and once in URL:file:/home/runner/work/key/key/key.core/build/resources/main/de/uka/ilkd/key/java/JavaRedux/java/lang/System.java, Keeping one from URL:file:/home/runner/work/key/key/key.core/build/resources/main/de/uka/ilkd/key/java/JavaRedux/java/lang/System.java 
751416     WARN  main            d.u.i.k.j.r.KeYCrossReferenceNameInfo Datatype java.io.PrintStream declared twice: Once in FILE:/home/runner/work/key/key/key.core/../key.ui/examples/standard_key/staticInitialisation/classpath/PrintStream.java and once in URL:file:/home/runner/work/key/key/key.core/build/resources/main/de/uka/ilkd/key/java/JavaRedux/java/io/PrintStream.java, Keeping one from URL:file:/home/runner/work/key/key/key.core/build/resources/main/de/uka/ilkd/key/java/JavaRedux/java/io/PrintStream.java 
754438     DEBUG main            d.u.i.k.p.i.AbstractProblemLoader Init config took 3.05s 
754455     INFO  main            d.u.i.k.p.i.AbstractProblemLoader Replaying proof cascadeStaticInitialisation.key 
754456     DEBUG main            d.u.i.k.p.i.IntermediateProofReplayer Proof replay took 3.5ns 
755409     INFO  main            d.u.i.k.p.r.p.TestFile    ... finished proof: closed. 
756073     INFO  main            d.u.i.k.p.i.AbstractProblemLoader Loading environment from /home/runner/work/key/key/key.core/../key.ui/examples/standard_key/staticInitialisation/cascadeStaticInitialisation.key.proof 
756073     DEBUG main            d.u.i.k.p.i.AbstractProblemLoader Environment load took 97.1ns 
756074     INFO  main            d.u.i.k.p.i.AbstractProblemLoader Creating init config 
756098     WARN  main            d.u.i.k.j.r.KeYCrossReferenceNameInfo Datatype java.lang.System declared twice: Once in FILE:/home/runner/work/key/key/key.core/../key.ui/examples/standard_key/staticInitialisation/classpath/System.java and once in URL:file:/home/runner/work/key/key/key.core/build/resources/main/de/uka/ilkd/key/java/JavaRedux/java/lang/System.java, Keeping one from URL:file:/home/runner/work/key/key/key.core/build/resources/main/de/uka/ilkd/key/java/JavaRedux/java/lang/System.java 
756098     WARN  main            d.u.i.k.j.r.KeYCrossReferenceNameInfo Datatype java.io.PrintStream declared twice: Once in FILE:/home/runner/work/key/key/key.core/../key.ui/examples/standard_key/staticInitialisation/classpath/PrintStream.java and once in URL:file:/home/runner/work/key/key/key.core/build/resources/main/de/uka/ilkd/key/java/JavaRedux/java/io/PrintStream.java, Keeping one from URL:file:/home/runner/work/key/key/key.core/build/resources/main/de/uka/ilkd/key/java/JavaRedux/java/io/PrintStream.java 
759044     DEBUG main            d.u.i.k.p.i.AbstractProblemLoader Init config took 2.97s 
759062     INFO  main            d.u.i.k.p.i.AbstractProblemLoader Replaying proof cascadeStaticInitialisation.key.proof 
759256     DEBUG main            d.u.i.k.p.i.IntermediateProofReplayer Proof replay took 191.21ms 
759258     DEBUG main            d.u.i.k.p.r.p.TestFile    ... success: reloaded. 
759259     INFO  main            d.u.i.k.p.r.p.TestFile    Now processing file /home/runner/work/key/key/key.core/../key.ui/examples/standard_key/staticInitialisation/erroneousClassImpliesErroneousSubclass.key 
759259     INFO  main            d.u.i.k.p.i.AbstractProblemLoader Loading environment from /home/runner/work/key/key/key.core/../key.ui/examples/standard_key/staticInitialisation/erroneousClassImpliesErroneousSubclass.key 
759259     DEBUG main            d.u.i.k.p.i.AbstractProblemLoader Environment load took 102.4ns 
759260     INFO  main            d.u.i.k.p.i.AbstractProblemLoader Creating init config 
759283     WARN  main            d.u.i.k.j.r.KeYCrossReferenceNameInfo Datatype java.lang.System declared twice: Once in FILE:/home/runner/work/key/key/key.core/../key.ui/examples/standard_key/staticInitialisation/classpath/System.java and once in URL:file:/home/runner/work/key/key/key.core/build/resources/main/de/uka/ilkd/key/java/JavaRedux/java/lang/System.java, Keeping one from URL:file:/home/runner/work/key/key/key.core/build/resources/main/de/uka/ilkd/key/java/JavaRedux/java/lang/System.java 
759284     WARN  main            d.u.i.k.j.r.KeYCrossReferenceNameInfo Datatype java.io.PrintStream declared twice: Once in FILE:/home/runner/work/key/key/key.core/../key.ui/examples/standard_key/staticInitialisation/classpath/PrintStream.java and once in URL:file:/home/runner/work/key/key/key.core/build/resources/main/de/uka/ilkd/key/java/JavaRedux/java/io/PrintStream.java, Keeping one from URL:file:/home/runner/work/key/key/key.core/build/resources/main/de/uka/ilkd/key/java/JavaRedux/java/io/PrintStream.java 
762391     DEBUG main            d.u.i.k.p.i.AbstractProblemLoader Init config took 3.13s 
762409     INFO  main            d.u.i.k.p.i.AbstractProblemLoader Replaying proof erroneousClassImpliesErroneousSubclass.key 
762410     DEBUG main            d.u.i.k.p.i.IntermediateProofReplayer Proof replay took 3.7ns 
762512     INFO  main            d.u.i.k.p.r.p.TestFile    ... finished proof: closed. 
763229     INFO  main            d.u.i.k.p.i.AbstractProblemLoader Loading environment from /home/runner/work/key/key/key.core/../key.ui/examples/standard_key/staticInitialisation/erroneousClassImpliesErroneousSubclass.key.proof 
763229     DEBUG main            d.u.i.k.p.i.AbstractProblemLoader Environment load took 188.6ns 
763230     INFO  main            d.u.i.k.p.i.AbstractProblemLoader Creating init config 
763260     WARN  main            d.u.i.k.j.r.KeYCrossReferenceNameInfo Datatype java.lang.System declared twice: Once in FILE:/home/runner/work/key/key/key.core/../key.ui/examples/standard_key/staticInitialisation/classpath/System.java and once in URL:file:/home/runner/work/key/key/key.core/build/resources/main/de/uka/ilkd/key/java/JavaRedux/java/lang/System.java, Keeping one from URL:file:/home/runner/work/key/key/key.core/build/resources/main/de/uka/ilkd/key/java/JavaRedux/java/lang/System.java 
763260     WARN  main            d.u.i.k.j.r.KeYCrossReferenceNameInfo Datatype java.io.PrintStream declared twice: Once in FILE:/home/runner/work/key/key/key.core/../key.ui/examples/standard_key/staticInitialisation/classpath/PrintStream.java and once in URL:file:/home/runner/work/key/key/key.core/build/resources/main/de/uka/ilkd/key/java/JavaRedux/java/io/PrintStream.java, Keeping one from URL:file:/home/runner/work/key/key/key.core/build/resources/main/de/uka/ilkd/key/java/JavaRedux/java/io/PrintStream.java 
766240     DEBUG main            d.u.i.k.p.i.AbstractProblemLoader Init config took 3.01s 
766256     INFO  main            d.u.i.k.p.i.AbstractProblemLoader Replaying proof erroneousClassImpliesErroneousSubclass.key.proof 
766258     DEBUG main            d.u.i.k.p.i.IntermediateProofReplayer Proof replay took 663.71ns 
766259     DEBUG main            d.u.i.k.p.r.p.TestFile    ... success: reloaded. 
766264     INFO  main            d.u.i.k.p.r.p.TestFile    Now processing file /home/runner/work/key/key/key.core/../key.ui/examples/standard_key/staticInitialisation/initializedSubclassImpliesInitializedSuperclass.key 
766264     INFO  main            d.u.i.k.p.i.AbstractProblemLoader Loading environment from /home/runner/work/key/key/key.core/../key.ui/examples/standard_key/staticInitialisation/initializedSubclassImpliesInitializedSuperclass.key 
766265     DEBUG main            d.u.i.k.p.i.AbstractProblemLoader Environment load took 356.61ns 
766266     INFO  main            d.u.i.k.p.i.AbstractProblemLoader Creating init config 
766295     WARN  main            d.u.i.k.j.r.KeYCrossReferenceNameInfo Datatype java.lang.System declared twice: Once in FILE:/home/runner/work/key/key/key.core/../key.ui/examples/standard_key/staticInitialisation/classpath/System.java and once in URL:file:/home/runner/work/key/key/key.core/build/resources/main/de/uka/ilkd/key/java/JavaRedux/java/lang/System.java, Keeping one from URL:file:/home/runner/work/key/key/key.core/build/resources/main/de/uka/ilkd/key/java/JavaRedux/java/lang/System.java 
766296     WARN  main            d.u.i.k.j.r.KeYCrossReferenceNameInfo Datatype java.io.PrintStream declared twice: Once in FILE:/home/runner/work/key/key/key.core/../key.ui/examples/standard_key/staticInitialisation/classpath/PrintStream.java and once in URL:file:/home/runner/work/key/key/key.core/build/resources/main/de/uka/ilkd/key/java/JavaRedux/java/io/PrintStream.java, Keeping one from URL:file:/home/runner/work/key/key/key.core/build/resources/main/de/uka/ilkd/key/java/JavaRedux/java/io/PrintStream.java 
769298     DEBUG main            d.u.i.k.p.i.AbstractProblemLoader Init config took 3.03s 
769313     INFO  main            d.u.i.k.p.i.AbstractProblemLoader Replaying proof initializedSubclassImpliesInitializedSuperclass.key 
769314     DEBUG main            d.u.i.k.p.i.IntermediateProofReplayer Proof replay took 3.1ns 
769416     INFO  main            d.u.i.k.p.r.p.TestFile    ... finished proof: closed. 
770078     INFO  main            d.u.i.k.p.i.AbstractProblemLoader Loading environment from /home/runner/work/key/key/key.core/../key.ui/examples/standard_key/staticInitialisation/initializedSubclassImpliesInitializedSuperclass.key.proof 
770078     DEBUG main            d.u.i.k.p.i.AbstractProblemLoader Environment load took 108.8ns 
770079     INFO  main            d.u.i.k.p.i.AbstractProblemLoader Creating init config 
770109     WARN  main            d.u.i.k.j.r.KeYCrossReferenceNameInfo Datatype java.lang.System declared twice: Once in FILE:/home/runner/work/key/key/key.core/../key.ui/examples/standard_key/staticInitialisation/classpath/System.java and once in URL:file:/home/runner/work/key/key/key.core/build/resources/main/de/uka/ilkd/key/java/JavaRedux/java/lang/System.java, Keeping one from URL:file:/home/runner/work/key/key/key.core/build/resources/main/de/uka/ilkd/key/java/JavaRedux/java/lang/System.java 
770110     WARN  main            d.u.i.k.j.r.KeYCrossReferenceNameInfo Datatype java.io.PrintStream declared twice: Once in FILE:/home/runner/work/key/key/key.core/../key.ui/examples/standard_key/staticInitialisation/classpath/PrintStream.java and once in URL:file:/home/runner/work/key/key/key.core/build/resources/main/de/uka/ilkd/key/java/JavaRedux/java/io/PrintStream.java, Keeping one from URL:file:/home/runner/work/key/key/key.core/build/resources/main/de/uka/ilkd/key/java/JavaRedux/java/io/PrintStream.java 
773097     DEBUG main            d.u.i.k.p.i.AbstractProblemLoader Init config took 3.02s 
773111     INFO  main            d.u.i.k.p.i.AbstractProblemLoader Replaying proof initializedSubclassImpliesInitializedSuperclass.key.proof 
773114     DEBUG main            d.u.i.k.p.i.IntermediateProofReplayer Proof replay took 545.31ns 
773115     DEBUG main            d.u.i.k.p.r.p.TestFile    ... success: reloaded. 
773115     INFO  main            d.u.i.k.p.r.p.TestFile    Now processing file /home/runner/work/key/key/key.core/../key.ui/examples/standard_key/staticInitialisation/localDeclared.key 
773116     INFO  main            d.u.i.k.p.i.AbstractProblemLoader Loading environment from /home/runner/work/key/key/key.core/../key.ui/examples/standard_key/staticInitialisation/localDeclared.key 
773116     DEBUG main            d.u.i.k.p.i.AbstractProblemLoader Environment load took 89.3ns 
773117     INFO  main            d.u.i.k.p.i.AbstractProblemLoader Creating init config 
773142     WARN  main            d.u.i.k.j.r.KeYCrossReferenceNameInfo Datatype java.lang.System declared twice: Once in FILE:/home/runner/work/key/key/key.core/../key.ui/examples/standard_key/staticInitialisation/classpath/System.java and once in URL:file:/home/runner/work/key/key/key.core/build/resources/main/de/uka/ilkd/key/java/JavaRedux/java/lang/System.java, Keeping one from URL:file:/home/runner/work/key/key/key.core/build/resources/main/de/uka/ilkd/key/java/JavaRedux/java/lang/System.java 
773142     WARN  main            d.u.i.k.j.r.KeYCrossReferenceNameInfo Datatype java.io.PrintStream declared twice: Once in FILE:/home/runner/work/key/key/key.core/../key.ui/examples/standard_key/staticInitialisation/classpath/PrintStream.java and once in URL:file:/home/runner/work/key/key/key.core/build/resources/main/de/uka/ilkd/key/java/JavaRedux/java/io/PrintStream.java, Keeping one from URL:file:/home/runner/work/key/key/key.core/build/resources/main/de/uka/ilkd/key/java/JavaRedux/java/io/PrintStream.java 
776144     DEBUG main            d.u.i.k.p.i.AbstractProblemLoader Init config took 3.03s 
776161     INFO  main            d.u.i.k.p.i.AbstractProblemLoader Replaying proof localDeclared.key 
776162     DEBUG main            d.u.i.k.p.i.IntermediateProofReplayer Proof replay took 3.7ns 
776570     INFO  main            d.u.i.k.p.r.p.TestFile    ... finished proof: closed. 
777239     INFO  main            d.u.i.k.p.i.AbstractProblemLoader Loading environment from /home/runner/work/key/key/key.core/../key.ui/examples/standard_key/staticInitialisation/localDeclared.key.proof 
777239     DEBUG main            d.u.i.k.p.i.AbstractProblemLoader Environment load took 93.9ns 
777240     INFO  main            d.u.i.k.p.i.AbstractProblemLoader Creating init config 
777267     WARN  main            d.u.i.k.j.r.KeYCrossReferenceNameInfo Datatype java.lang.System declared twice: Once in FILE:/home/runner/work/key/key/key.core/../key.ui/examples/standard_key/staticInitialisation/classpath/System.java and once in URL:file:/home/runner/work/key/key/key.core/build/resources/main/de/uka/ilkd/key/java/JavaRedux/java/lang/System.java, Keeping one from URL:file:/home/runner/work/key/key/key.core/build/resources/main/de/uka/ilkd/key/java/JavaRedux/java/lang/System.java 
777267     WARN  main            d.u.i.k.j.r.KeYCrossReferenceNameInfo Datatype java.io.PrintStream declared twice: Once in FILE:/home/runner/work/key/key/key.core/../key.ui/examples/standard_key/staticInitialisation/classpath/PrintStream.java and once in URL:file:/home/runner/work/key/key/key.core/build/resources/main/de/uka/ilkd/key/java/JavaRedux/java/io/PrintStream.java, Keeping one from URL:file:/home/runner/work/key/key/key.core/build/resources/main/de/uka/ilkd/key/java/JavaRedux/java/io/PrintStream.java 
780280     DEBUG main            d.u.i.k.p.i.AbstractProblemLoader Init config took 3.04s 
780296     INFO  main            d.u.i.k.p.i.AbstractProblemLoader Replaying proof localDeclared.key.proof 
780370     DEBUG main            d.u.i.k.p.i.IntermediateProofReplayer Proof replay took 71.37ms 
780371     DEBUG main            d.u.i.k.p.r.p.TestFile    ... success: reloaded. 
780372     INFO  main            d.u.i.k.p.r.p.TestFile    Now processing file /home/runner/work/key/key/key.core/../key.ui/examples/standard_key/staticInitialisation/localDeclaredMethod.key 
780372     INFO  main            d.u.i.k.p.i.AbstractProblemLoader Loading environment from /home/runner/work/key/key/key.core/../key.ui/examples/standard_key/staticInitialisation/localDeclaredMethod.key 
780372     DEBUG main            d.u.i.k.p.i.AbstractProblemLoader Environment load took 129.9ns 
780374     INFO  main            d.u.i.k.p.i.AbstractProblemLoader Creating init config 
780396     WARN  main            d.u.i.k.j.r.KeYCrossReferenceNameInfo Datatype java.lang.System declared twice: Once in FILE:/home/runner/work/key/key/key.core/../key.ui/examples/standard_key/staticInitialisation/classpath/System.java and once in URL:file:/home/runner/work/key/key/key.core/build/resources/main/de/uka/ilkd/key/java/JavaRedux/java/lang/System.java, Keeping one from URL:file:/home/runner/work/key/key/key.core/build/resources/main/de/uka/ilkd/key/java/JavaRedux/java/lang/System.java 
780396     WARN  main            d.u.i.k.j.r.KeYCrossReferenceNameInfo Datatype java.io.PrintStream declared twice: Once in FILE:/home/runner/work/key/key/key.core/../key.ui/examples/standard_key/staticInitialisation/classpath/PrintStream.java and once in URL:file:/home/runner/work/key/key/key.core/build/resources/main/de/uka/ilkd/key/java/JavaRedux/java/io/PrintStream.java, Keeping one from URL:file:/home/runner/work/key/key/key.core/build/resources/main/de/uka/ilkd/key/java/JavaRedux/java/io/PrintStream.java 
783422     DEBUG main            d.u.i.k.p.i.AbstractProblemLoader Init config took 3.05s 
783438     INFO  main            d.u.i.k.p.i.AbstractProblemLoader Replaying proof localDeclaredMethod.key 
783439     DEBUG main            d.u.i.k.p.i.IntermediateProofReplayer Proof replay took 3.8ns 
783743     INFO  main            d.u.i.k.p.r.p.TestFile    ... finished proof: closed. 
784454     INFO  main            d.u.i.k.p.i.AbstractProblemLoader Loading environment from /home/runner/work/key/key/key.core/../key.ui/examples/standard_key/staticInitialisation/localDeclaredMethod.key.proof 
784454     DEBUG main            d.u.i.k.p.i.AbstractProblemLoader Environment load took 106ns 
784456     INFO  main            d.u.i.k.p.i.AbstractProblemLoader Creating init config 
784479     WARN  main            d.u.i.k.j.r.KeYCrossReferenceNameInfo Datatype java.lang.System declared twice: Once in FILE:/home/runner/work/key/key/key.core/../key.ui/examples/standard_key/staticInitialisation/classpath/System.java and once in URL:file:/home/runner/work/key/key/key.core/build/resources/main/de/uka/ilkd/key/java/JavaRedux/java/lang/System.java, Keeping one from URL:file:/home/runner/work/key/key/key.core/build/resources/main/de/uka/ilkd/key/java/JavaRedux/java/lang/System.java 
784479     WARN  main            d.u.i.k.j.r.KeYCrossReferenceNameInfo Datatype java.io.PrintStream declared twice: Once in FILE:/home/runner/work/key/key/key.core/../key.ui/examples/standard_key/staticInitialisation/classpath/PrintStream.java and once in URL:file:/home/runner/work/key/key/key.core/build/resources/main/de/uka/ilkd/key/java/JavaRedux/java/io/PrintStream.java, Keeping one from URL:file:/home/runner/work/key/key/key.core/build/resources/main/de/uka/ilkd/key/java/JavaRedux/java/io/PrintStream.java 
787380     DEBUG main            d.u.i.k.p.i.AbstractProblemLoader Init config took 2.92s 
787396     INFO  main            d.u.i.k.p.i.AbstractProblemLoader Replaying proof localDeclaredMethod.key.proof 
787468     DEBUG main            d.u.i.k.p.i.IntermediateProofReplayer Proof replay took 69.89ms 
787470     DEBUG main            d.u.i.k.p.r.p.TestFile    ... success: reloaded. 
787470     INFO  main            d.u.i.k.p.r.p.TestFile    Now processing file /home/runner/work/key/key/key.core/../key.ui/examples/standard_key/staticInitialisation/objectOfErroneousClass.key 
787471     INFO  main            d.u.i.k.p.i.AbstractProblemLoader Loading environment from /home/runner/work/key/key/key.core/../key.ui/examples/standard_key/staticInitialisation/objectOfErroneousClass.key 
787471     DEBUG main            d.u.i.k.p.i.AbstractProblemLoader Environment load took 170.8ns 
787472     INFO  main            d.u.i.k.p.i.AbstractProblemLoader Creating init config 
787499     WARN  main            d.u.i.k.j.r.KeYCrossReferenceNameInfo Datatype java.lang.System declared twice: Once in FILE:/home/runner/work/key/key/key.core/../key.ui/examples/standard_key/staticInitialisation/classpath/System.java and once in URL:file:/home/runner/work/key/key/key.core/build/resources/main/de/uka/ilkd/key/java/JavaRedux/java/lang/System.java, Keeping one from URL:file:/home/runner/work/key/key/key.core/build/resources/main/de/uka/ilkd/key/java/JavaRedux/java/lang/System.java 
787499     WARN  main            d.u.i.k.j.r.KeYCrossReferenceNameInfo Datatype java.io.PrintStream declared twice: Once in FILE:/home/runner/work/key/key/key.core/../key.ui/examples/standard_key/staticInitialisation/classpath/PrintStream.java and once in URL:file:/home/runner/work/key/key/key.core/build/resources/main/de/uka/ilkd/key/java/JavaRedux/java/io/PrintStream.java, Keeping one from URL:file:/home/runner/work/key/key/key.core/build/resources/main/de/uka/ilkd/key/java/JavaRedux/java/io/PrintStream.java 
790538     DEBUG main            d.u.i.k.p.i.AbstractProblemLoader Init config took 3.07s 
790558     INFO  main            d.u.i.k.p.i.AbstractProblemLoader Replaying proof objectOfErroneousClass.key 
790561     DEBUG main            d.u.i.k.p.i.IntermediateProofReplayer Proof replay took 3.9ns 
808269     INFO  main            d.u.i.k.p.r.p.TestFile    ... finished proof: closed. 
809051     INFO  main            d.u.i.k.p.i.AbstractProblemLoader Loading environment from /home/runner/work/key/key/key.core/../key.ui/examples/standard_key/staticInitialisation/objectOfErroneousClass.key.proof 
809051     DEBUG main            d.u.i.k.p.i.AbstractProblemLoader Environment load took 92.8ns 
809055     INFO  main            d.u.i.k.p.i.AbstractProblemLoader Creating init config 
809079     WARN  main            d.u.i.k.j.r.KeYCrossReferenceNameInfo Datatype java.lang.System declared twice: Once in FILE:/home/runner/work/key/key/key.core/../key.ui/examples/standard_key/staticInitialisation/classpath/System.java and once in URL:file:/home/runner/work/key/key/key.core/build/resources/main/de/uka/ilkd/key/java/JavaRedux/java/lang/System.java, Keeping one from URL:file:/home/runner/work/key/key/key.core/build/resources/main/de/uka/ilkd/key/java/JavaRedux/java/lang/System.java 
809080     WARN  main            d.u.i.k.j.r.KeYCrossReferenceNameInfo Datatype java.io.PrintStream declared twice: Once in FILE:/home/runner/work/key/key/key.core/../key.ui/examples/standard_key/staticInitialisation/classpath/PrintStream.java and once in URL:file:/home/runner/work/key/key/key.core/build/resources/main/de/uka/ilkd/key/java/JavaRedux/java/io/PrintStream.java, Keeping one from URL:file:/home/runner/work/key/key/key.core/build/resources/main/de/uka/ilkd/key/java/JavaRedux/java/io/PrintStream.java 
812058     DEBUG main            d.u.i.k.p.i.AbstractProblemLoader Init config took 3s 
812079     INFO  main            d.u.i.k.p.i.AbstractProblemLoader Replaying proof objectOfErroneousClass.key.proof 
815047     DEBUG main            d.u.i.k.p.i.IntermediateProofReplayer Proof replay took 2.93s 
815051     DEBUG main            d.u.i.k.p.r.p.TestFile    ... success: reloaded. 
815052     INFO  main            d.u.i.k.p.r.p.TestFile    Now processing file /home/runner/work/key/key/key.core/../key.ui/examples/standard_key/staticInitialisation/staticInitialisersAreNonSimple.key 
815052     INFO  main            d.u.i.k.p.i.AbstractProblemLoader Loading environment from /home/runner/work/key/key/key.core/../key.ui/examples/standard_key/staticInitialisation/staticInitialisersAreNonSimple.key 
815053     DEBUG main            d.u.i.k.p.i.AbstractProblemLoader Environment load took 85.3ns 
815054     INFO  main            d.u.i.k.p.i.AbstractProblemLoader Creating init config 
815084     WARN  main            d.u.i.k.j.r.KeYCrossReferenceNameInfo Datatype java.lang.System declared twice: Once in FILE:/home/runner/work/key/key/key.core/../key.ui/examples/standard_key/staticInitialisation/classpath/System.java and once in URL:file:/home/runner/work/key/key/key.core/build/resources/main/de/uka/ilkd/key/java/JavaRedux/java/lang/System.java, Keeping one from URL:file:/home/runner/work/key/key/key.core/build/resources/main/de/uka/ilkd/key/java/JavaRedux/java/lang/System.java 
815084     WARN  main            d.u.i.k.j.r.KeYCrossReferenceNameInfo Datatype java.io.PrintStream declared twice: Once in FILE:/home/runner/work/key/key/key.core/../key.ui/examples/standard_key/staticInitialisation/classpath/PrintStream.java and once in URL:file:/home/runner/work/key/key/key.core/build/resources/main/de/uka/ilkd/key/java/JavaRedux/java/io/PrintStream.java, Keeping one from URL:file:/home/runner/work/key/key/key.core/build/resources/main/de/uka/ilkd/key/java/JavaRedux/java/io/PrintStream.java 
818148     DEBUG main            d.u.i.k.p.i.AbstractProblemLoader Init config took 3.09s 
818164     INFO  main            d.u.i.k.p.i.AbstractProblemLoader Replaying proof staticInitialisersAreNonSimple.key 
818166     DEBUG main            d.u.i.k.p.i.IntermediateProofReplayer Proof replay took 3.4ns 
818569     INFO  main            d.u.i.k.p.r.p.TestFile    ... finished proof: closed. 
819361     INFO  main            d.u.i.k.p.i.AbstractProblemLoader Loading environment from /home/runner/work/key/key/key.core/../key.ui/examples/standard_key/staticInitialisation/staticInitialisersAreNonSimple.key.proof 
819361     DEBUG main            d.u.i.k.p.i.AbstractProblemLoader Environment load took 79.1ns 
819363     INFO  main            d.u.i.k.p.i.AbstractProblemLoader Creating init config 
819391     WARN  main            d.u.i.k.j.r.KeYCrossReferenceNameInfo Datatype java.lang.System declared twice: Once in FILE:/home/runner/work/key/key/key.core/../key.ui/examples/standard_key/staticInitialisation/classpath/System.java and once in URL:file:/home/runner/work/key/key/key.core/build/resources/main/de/uka/ilkd/key/java/JavaRedux/java/lang/System.java, Keeping one from URL:file:/home/runner/work/key/key/key.core/build/resources/main/de/uka/ilkd/key/java/JavaRedux/java/lang/System.java 
819391     WARN  main            d.u.i.k.j.r.KeYCrossReferenceNameInfo Datatype java.io.PrintStream declared twice: Once in FILE:/home/runner/work/key/key/key.core/../key.ui/examples/standard_key/staticInitialisation/classpath/PrintStream.java and once in URL:file:/home/runner/work/key/key/key.core/build/resources/main/de/uka/ilkd/key/java/JavaRedux/java/io/PrintStream.java, Keeping one from URL:file:/home/runner/work/key/key/key.core/build/resources/main/de/uka/ilkd/key/java/JavaRedux/java/io/PrintStream.java 
822457     DEBUG main            d.u.i.k.p.i.AbstractProblemLoader Init config took 3.09s 
822474     INFO  main            d.u.i.k.p.i.AbstractProblemLoader Replaying proof staticInitialisersAreNonSimple.key.proof 
822593     DEBUG main            d.u.i.k.p.i.IntermediateProofReplayer Proof replay took 115.85ms 
822595     DEBUG main            d.u.i.k.p.r.p.TestFile    ... success: reloaded. 
822595     INFO  main            d.u.i.k.p.r.p.TestFile    Now processing file /home/runner/work/key/key/key.core/../key.ui/examples/standard_key/types/disjoint.key 
822596     INFO  main            d.u.i.k.p.i.AbstractProblemLoader Loading environment from /home/runner/work/key/key/key.core/../key.ui/examples/standard_key/types/disjoint.key 
822596     DEBUG main            d.u.i.k.p.i.AbstractProblemLoader Environment load took 66.9ns 
822596     INFO  main            d.u.i.k.p.i.AbstractProblemLoader Creating init config 
825579     DEBUG main            d.u.i.k.p.i.AbstractProblemLoader Init config took 2.98s 
825594     INFO  main            d.u.i.k.p.i.AbstractProblemLoader Replaying proof disjoint.key 
825595     DEBUG main            d.u.i.k.p.i.IntermediateProofReplayer Proof replay took 3.3ns 
825697     INFO  main            d.u.i.k.p.r.p.TestFile    ... finished proof: closed. 
826417     INFO  main            d.u.i.k.p.i.AbstractProblemLoader Loading environment from /home/runner/work/key/key/key.core/../key.ui/examples/standard_key/types/disjoint.key.proof 
826417     DEBUG main            d.u.i.k.p.i.AbstractProblemLoader Environment load took 90.6ns 
826418     INFO  main            d.u.i.k.p.i.AbstractProblemLoader Creating init config 
829308     DEBUG main            d.u.i.k.p.i.AbstractProblemLoader Init config took 2.89s 
829323     INFO  main            d.u.i.k.p.i.AbstractProblemLoader Replaying proof disjoint.key.proof 
829325     DEBUG main            d.u.i.k.p.i.IntermediateProofReplayer Proof replay took 579.31ns 
829325     DEBUG main            d.u.i.k.p.r.p.TestFile    ... success: reloaded. 
829326     INFO  main            d.u.i.k.p.r.p.TestFile    Now processing file /home/runner/work/key/key/key.core/../key.ui/examples/../../key.core/src/test/resources/testcase/classpath/classpath.key 
829326     INFO  main            d.u.i.k.p.i.AbstractProblemLoader Loading environment from /home/runner/work/key/key/key.core/../key.ui/examples/../../key.core/src/test/resources/testcase/classpath/classpath.key 
829326     DEBUG main            d.u.i.k.p.i.AbstractProblemLoader Environment load took 98.9ns 
829327     INFO  main            d.u.i.k.p.i.AbstractProblemLoader Creating init config 
829356     WARN  main            d.u.i.k.j.r.KeYCrossReferenceNameInfo Datatype cp.C declared twice: Once in FILE:/home/runner/work/key/key/key.core/../key.ui/examples/../../key.core/src/test/resources/testcase/classpath/classpath/C.class and once in FILE:/home/runner/work/key/key/key.core/../key.ui/examples/../../key.core/src/test/resources/testcase/classpath/classpath/C.jml, Keeping one from FILE:/home/runner/work/key/key/key.core/../key.ui/examples/../../key.core/src/test/resources/testcase/classpath/classpath/C.jml 
829362     DEBUG main            d.u.i.k.j.r.ClassFileDeclarationBuilder Parsing: package cp; public class Unresolved1 { } 
829362     DEBUG main            r.s.KeYCrossReferenceSourceInfo Dynamically created class: cp.Unresolved1 
829363     DEBUG main            d.u.i.k.j.r.ClassFileDeclarationBuilder Parsing: package cp; public class Unresolved2 { } 
829363     DEBUG main            r.s.KeYCrossReferenceSourceInfo Dynamically created class: cp.Unresolved2 
832520     DEBUG main            d.u.i.k.p.i.AbstractProblemLoader Init config took 3.19s 
832539     INFO  main            d.u.i.k.p.i.AbstractProblemLoader Replaying proof classpath.key 
832541     DEBUG main            d.u.i.k.p.i.IntermediateProofReplayer Proof replay took 3.4ns 
832649     INFO  main            d.u.i.k.p.r.p.TestFile    ... finished proof: closed. 
833382     INFO  main            d.u.i.k.p.i.AbstractProblemLoader Loading environment from /home/runner/work/key/key/key.core/../key.ui/examples/../../key.core/src/test/resources/testcase/classpath/classpath.key.proof 
833383     DEBUG main            d.u.i.k.p.i.AbstractProblemLoader Environment load took 72.9ns 
833383     INFO  main            d.u.i.k.p.i.AbstractProblemLoader Creating init config 
833423     WARN  main            d.u.i.k.j.r.KeYCrossReferenceNameInfo Datatype cp.C declared twice: Once in FILE:/home/runner/work/key/key/key.core/../key.ui/examples/../../key.core/src/test/resources/testcase/classpath/classpath/C.class and once in FILE:/home/runner/work/key/key/key.core/../key.ui/examples/../../key.core/src/test/resources/testcase/classpath/classpath/C.jml, Keeping one from FILE:/home/runner/work/key/key/key.core/../key.ui/examples/../../key.core/src/test/resources/testcase/classpath/classpath/C.jml 
833426     DEBUG main            d.u.i.k.j.r.ClassFileDeclarationBuilder Parsing: package cp; public class Unresolved1 { } 
833427     DEBUG main            r.s.KeYCrossReferenceSourceInfo Dynamically created class: cp.Unresolved1 
833427     DEBUG main            d.u.i.k.j.r.ClassFileDeclarationBuilder Parsing: package cp; public class Unresolved2 { } 
833427     DEBUG main            r.s.KeYCrossReferenceSourceInfo Dynamically created class: cp.Unresolved2 
836488     DEBUG main            d.u.i.k.p.i.AbstractProblemLoader Init config took 3.1s 
836506     INFO  main            d.u.i.k.p.i.AbstractProblemLoader Replaying proof classpath.key.proof 
836508     DEBUG main            d.u.i.k.p.i.IntermediateProofReplayer Proof replay took 756.41ns 
836509     DEBUG main            d.u.i.k.p.r.p.TestFile    ... success: reloaded. 
836510     INFO  main            d.u.i.k.p.r.p.TestFile    Now processing file /home/runner/work/key/key/key.core/../key.ui/examples/heap/inconsistent_represents/MyClass_m.key 
836510     INFO  main            d.u.i.k.p.i.AbstractProblemLoader Loading environment from /home/runner/work/key/key/key.core/../key.ui/examples/heap/inconsistent_represents/MyClass_m.key 
836510     DEBUG main            d.u.i.k.p.i.AbstractProblemLoader Environment load took 95.9ns 
836511     INFO  main            d.u.i.k.p.i.AbstractProblemLoader Creating init config 
839552     DEBUG main            d.u.i.k.p.i.AbstractProblemLoader Init config took 3.04s 
839593     INFO  main            d.u.i.k.p.i.AbstractProblemLoader Replaying proof MyClass[MyClass::m()].JML operation contract.0 
839595     DEBUG main            d.u.i.k.p.i.IntermediateProofReplayer Proof replay took 3.5ns 
839697     INFO  main            d.u.i.k.p.r.p.TestFile    ... finished proof: open goal(s) 
840493     INFO  main            d.u.i.k.p.r.p.TestFile    Now processing file /home/runner/work/key/key/key.core/../key.ui/examples/heap/inconsistent_represents/MyClass_n.key 
840493     INFO  main            d.u.i.k.p.i.AbstractProblemLoader Loading environment from /home/runner/work/key/key/key.core/../key.ui/examples/heap/inconsistent_represents/MyClass_n.key 
840493     DEBUG main            d.u.i.k.p.i.AbstractProblemLoader Environment load took 78.7ns 
840494     INFO  main            d.u.i.k.p.i.AbstractProblemLoader Creating init config 
843542     DEBUG main            d.u.i.k.p.i.AbstractProblemLoader Init config took 3.05s 
843582     INFO  main            d.u.i.k.p.i.AbstractProblemLoader Replaying proof MyClass[MyClass::n()].JML operation contract.0 
843584     DEBUG main            d.u.i.k.p.i.IntermediateProofReplayer Proof replay took 3.7ns 
843686     INFO  main            d.u.i.k.p.r.p.TestFile    ... finished proof: open goal(s) 
4667743    INFO  Test worker     d.u.i.k.p.r.RunAllProofsTestUnit Returning from test javadl 
4667745    INFO  Test worker     d.u.i.k.p.r.RunAllProofsTestUnit Running test FOL 
436        INFO  Timeout watchdog d.u.i.k.p.r.p.ForkedTestFileRunner Timeout watcher launched (2000 secs.) 
453        WARN  main            d.u.i.k.s.ProofSettings   The settings in /home/runner/.key/proof-settings.props are *not* read. 
490        INFO  main            d.u.i.k.p.r.p.TestFile    Now processing file /home/runner/work/key/key/key.core/../key.ui/examples/standard_key/pred_log/count.key 
643        INFO  main            d.u.i.k.p.i.AbstractProblemLoader Loading environment from /home/runner/work/key/key/key.core/../key.ui/examples/standard_key/pred_log/count.key 
665        DEBUG main            d.u.i.k.p.i.AbstractProblemLoader Environment load took 2.81ms 
991        INFO  main            d.u.i.k.p.i.AbstractProblemLoader Creating init config 
2130       DEBUG main            d.u.i.k.j.TypeConverter   No LDT found for Meta 
2130       DEBUG main            d.u.i.k.j.TypeConverter   No LDT found for Meta 
2135       DEBUG main            d.u.i.k.j.TypeConverter   No LDT found for Meta 
2135       DEBUG main            d.u.i.k.j.TypeConverter   No LDT found for Meta 
3875       DEBUG main            d.u.i.k.j.TypeConverter   No LDT found for JavaBigintExpression 
10657      DEBUG main            d.u.i.k.p.i.AbstractProblemLoader Init config took 9.67s 
10741      INFO  main            d.u.i.k.p.i.AbstractProblemLoader Replaying proof count.key 
10796      DEBUG main            d.u.i.k.p.i.IntermediateProofReplayer Proof replay took 54.3ns 
11101      INFO  main            d.u.i.k.p.r.p.TestFile    ... finished proof: closed. 
11228      INFO  main            d.u.i.k.p.i.AbstractProblemLoader Loading environment from /home/runner/work/key/key/key.core/../key.ui/examples/standard_key/pred_log/count.key.proof 
11228      DEBUG main            d.u.i.k.p.i.AbstractProblemLoader Environment load took 280.9ns 
11233      INFO  main            d.u.i.k.p.i.AbstractProblemLoader Creating init config 
14846      DEBUG main            d.u.i.k.p.i.AbstractProblemLoader Init config took 3.61s 
14904      INFO  main            d.u.i.k.p.i.AbstractProblemLoader Replaying proof count.key.proof 
14932      DEBUG main            d.u.i.k.p.i.IntermediateProofReplayer Proof replay took 17.84ms 
14950      DEBUG main            d.u.i.k.p.r.p.TestFile    ... success: reloaded. 
14958      INFO  main            d.u.i.k.p.r.p.TestFile    Now processing file /home/runner/work/key/key/key.core/../key.ui/examples/standard_key/pred_log/count2.key 
14960      INFO  main            d.u.i.k.p.i.AbstractProblemLoader Loading environment from /home/runner/work/key/key/key.core/../key.ui/examples/standard_key/pred_log/count2.key 
14960      DEBUG main            d.u.i.k.p.i.AbstractProblemLoader Environment load took 291.41ns 
14962      INFO  main            d.u.i.k.p.i.AbstractProblemLoader Creating init config 
18505      DEBUG main            d.u.i.k.p.i.AbstractProblemLoader Init config took 3.54s 
18541      INFO  main            d.u.i.k.p.i.AbstractProblemLoader Replaying proof count2.key 
18543      DEBUG main            d.u.i.k.p.i.IntermediateProofReplayer Proof replay took 7.7ns 
18646      INFO  main            d.u.i.k.p.r.p.TestFile    ... finished proof: closed. 
18799      INFO  main            d.u.i.k.p.i.AbstractProblemLoader Loading environment from /home/runner/work/key/key/key.core/../key.ui/examples/standard_key/pred_log/count2.key.proof 
18799      DEBUG main            d.u.i.k.p.i.AbstractProblemLoader Environment load took 140.7ns 
18802      INFO  main            d.u.i.k.p.i.AbstractProblemLoader Creating init config 
22102      DEBUG main            d.u.i.k.p.i.AbstractProblemLoader Init config took 3.3s 
22133      INFO  main            d.u.i.k.p.i.AbstractProblemLoader Replaying proof count2.key.proof 
22141      DEBUG main            d.u.i.k.p.i.IntermediateProofReplayer Proof replay took 4.57ms 
22142      DEBUG main            d.u.i.k.p.r.p.TestFile    ... success: reloaded. 
22143      INFO  main            d.u.i.k.p.r.p.TestFile    Now processing file /home/runner/work/key/key/key.core/../key.ui/examples/standard_key/pred_log/count3.key 
22143      INFO  main            d.u.i.k.p.i.AbstractProblemLoader Loading environment from /home/runner/work/key/key/key.core/../key.ui/examples/standard_key/pred_log/count3.key 
22143      DEBUG main            d.u.i.k.p.i.AbstractProblemLoader Environment load took 276.5ns 
22145      INFO  main            d.u.i.k.p.i.AbstractProblemLoader Creating init config 
25517      DEBUG main            d.u.i.k.p.i.AbstractProblemLoader Init config took 3.37s 
25544      INFO  main            d.u.i.k.p.i.AbstractProblemLoader Replaying proof count3.key 
25546      DEBUG main            d.u.i.k.p.i.IntermediateProofReplayer Proof replay took 7.8ns 
25651      INFO  main            d.u.i.k.p.r.p.TestFile    ... finished proof: closed. 
25816      INFO  main            d.u.i.k.p.i.AbstractProblemLoader Loading environment from /home/runner/work/key/key/key.core/../key.ui/examples/standard_key/pred_log/count3.key.proof 
25818      DEBUG main            d.u.i.k.p.i.AbstractProblemLoader Environment load took 1.77ms 
25819      INFO  main            d.u.i.k.p.i.AbstractProblemLoader Creating init config 
29053      DEBUG main            d.u.i.k.p.i.AbstractProblemLoader Init config took 3.23s 
29099      INFO  main            d.u.i.k.p.i.AbstractProblemLoader Replaying proof count3.key.proof 
29115      DEBUG main            d.u.i.k.p.i.IntermediateProofReplayer Proof replay took 11.15ms 
29117      DEBUG main            d.u.i.k.p.r.p.TestFile    ... success: reloaded. 
29120      INFO  main            d.u.i.k.p.r.p.TestFile    Now processing file /home/runner/work/key/key/key.core/../key.ui/examples/standard_key/pred_log/equalities.key 
29120      INFO  main            d.u.i.k.p.i.AbstractProblemLoader Loading environment from /home/runner/work/key/key/key.core/../key.ui/examples/standard_key/pred_log/equalities.key 
29121      DEBUG main            d.u.i.k.p.i.AbstractProblemLoader Environment load took 126.5ns 
29124      INFO  main            d.u.i.k.p.i.AbstractProblemLoader Creating init config 
32316      DEBUG main            d.u.i.k.p.i.AbstractProblemLoader Init config took 3.19s 
32339      INFO  main            d.u.i.k.p.i.AbstractProblemLoader Replaying proof equalities.key 
32341      DEBUG main            d.u.i.k.p.i.IntermediateProofReplayer Proof replay took 7.8ns 
32447      INFO  main            d.u.i.k.p.r.p.TestFile    ... finished proof: closed. 
32617      INFO  main            d.u.i.k.p.i.AbstractProblemLoader Loading environment from /home/runner/work/key/key/key.core/../key.ui/examples/standard_key/pred_log/equalities.key.proof 
32618      DEBUG main            d.u.i.k.p.i.AbstractProblemLoader Environment load took 802.52ns 
32620      INFO  main            d.u.i.k.p.i.AbstractProblemLoader Creating init config 
35884      DEBUG main            d.u.i.k.p.i.AbstractProblemLoader Init config took 3.26s 
35908      INFO  main            d.u.i.k.p.i.AbstractProblemLoader Replaying proof equalities.key.proof 
35913      DEBUG main            d.u.i.k.p.i.IntermediateProofReplayer Proof replay took 2.18ms 
35915      DEBUG main            d.u.i.k.p.r.p.TestFile    ... success: reloaded. 
35915      INFO  main            d.u.i.k.p.r.p.TestFile    Now processing file /home/runner/work/key/key/key.core/../key.ui/examples/standard_key/pred_log/equalities2.key 
35916      INFO  main            d.u.i.k.p.i.AbstractProblemLoader Loading environment from /home/runner/work/key/key/key.core/../key.ui/examples/standard_key/pred_log/equalities2.key 
35916      DEBUG main            d.u.i.k.p.i.AbstractProblemLoader Environment load took 262.4ns 
35918      INFO  main            d.u.i.k.p.i.AbstractProblemLoader Creating init config 
39202      DEBUG main            d.u.i.k.p.i.AbstractProblemLoader Init config took 3.28s 
39225      INFO  main            d.u.i.k.p.i.AbstractProblemLoader Replaying proof equalities2.key 
39227      DEBUG main            d.u.i.k.p.i.IntermediateProofReplayer Proof replay took 9.4ns 
39336      INFO  main            d.u.i.k.p.r.p.TestFile    ... finished proof: closed. 
39519      INFO  main            d.u.i.k.p.i.AbstractProblemLoader Loading environment from /home/runner/work/key/key/key.core/../key.ui/examples/standard_key/pred_log/equalities2.key.proof 
39519      DEBUG main            d.u.i.k.p.i.AbstractProblemLoader Environment load took 445.01ns 
39521      INFO  main            d.u.i.k.p.i.AbstractProblemLoader Creating init config 
42736      DEBUG main            d.u.i.k.p.i.AbstractProblemLoader Init config took 3.21s 
42758      INFO  main            d.u.i.k.p.i.AbstractProblemLoader Replaying proof equalities2.key.proof 
42774      DEBUG main            d.u.i.k.p.i.IntermediateProofReplayer Proof replay took 13.18ms 
42776      DEBUG main            d.u.i.k.p.r.p.TestFile    ... success: reloaded. 
42776      INFO  main            d.u.i.k.p.r.p.TestFile    Now processing file /home/runner/work/key/key/key.core/../key.ui/examples/standard_key/pred_log/equalities3.key 
42777      INFO  main            d.u.i.k.p.i.AbstractProblemLoader Loading environment from /home/runner/work/key/key/key.core/../key.ui/examples/standard_key/pred_log/equalities3.key 
42777      DEBUG main            d.u.i.k.p.i.AbstractProblemLoader Environment load took 158.5ns 
42778      INFO  main            d.u.i.k.p.i.AbstractProblemLoader Creating init config 
45954      DEBUG main            d.u.i.k.p.i.AbstractProblemLoader Init config took 3.18s 
45973      INFO  main            d.u.i.k.p.i.AbstractProblemLoader Replaying proof equalities3.key 
45975      DEBUG main            d.u.i.k.p.i.IntermediateProofReplayer Proof replay took 7.6ns 
46079      INFO  main            d.u.i.k.p.r.p.TestFile    ... finished proof: closed. 
46283      INFO  main            d.u.i.k.p.i.AbstractProblemLoader Loading environment from /home/runner/work/key/key/key.core/../key.ui/examples/standard_key/pred_log/equalities3.key.proof 
46284      DEBUG main            d.u.i.k.p.i.AbstractProblemLoader Environment load took 570.61ns 
46285      INFO  main            d.u.i.k.p.i.AbstractProblemLoader Creating init config 
49455      DEBUG main            d.u.i.k.p.i.AbstractProblemLoader Init config took 3.17s 
49474      INFO  main            d.u.i.k.p.i.AbstractProblemLoader Replaying proof equalities3.key.proof 
49487      DEBUG main            d.u.i.k.p.i.IntermediateProofReplayer Proof replay took 10.68ms 
49489      DEBUG main            d.u.i.k.p.r.p.TestFile    ... success: reloaded. 
49491      INFO  main            d.u.i.k.p.r.p.TestFile    Now processing file /home/runner/work/key/key/key.core/../key.ui/examples/standard_key/pred_log/functions.key 
49491      INFO  main            d.u.i.k.p.i.AbstractProblemLoader Loading environment from /home/runner/work/key/key/key.core/../key.ui/examples/standard_key/pred_log/functions.key 
49491      DEBUG main            d.u.i.k.p.i.AbstractProblemLoader Environment load took 357.71ns 
49493      INFO  main            d.u.i.k.p.i.AbstractProblemLoader Creating init config 
52586      DEBUG main            d.u.i.k.p.i.AbstractProblemLoader Init config took 3.09s 
52605      INFO  main            d.u.i.k.p.i.AbstractProblemLoader Replaying proof functions.key 
52607      DEBUG main            d.u.i.k.p.i.IntermediateProofReplayer Proof replay took 7.8ns 
52710      INFO  main            d.u.i.k.p.r.p.TestFile    ... finished proof: closed. 
52902      INFO  main            d.u.i.k.p.i.AbstractProblemLoader Loading environment from /home/runner/work/key/key/key.core/../key.ui/examples/standard_key/pred_log/functions.key.proof 
52902      DEBUG main            d.u.i.k.p.i.AbstractProblemLoader Environment load took 151.3ns 
52904      INFO  main            d.u.i.k.p.i.AbstractProblemLoader Creating init config 
55955      DEBUG main            d.u.i.k.p.i.AbstractProblemLoader Init config took 3.05s 
55973      INFO  main            d.u.i.k.p.i.AbstractProblemLoader Replaying proof functions.key.proof 
55978      DEBUG main            d.u.i.k.p.i.IntermediateProofReplayer Proof replay took 3.33ms 
55979      DEBUG main            d.u.i.k.p.r.p.TestFile    ... success: reloaded. 
55980      INFO  main            d.u.i.k.p.r.p.TestFile    Now processing file /home/runner/work/key/key/key.core/../key.ui/examples/standard_key/pred_log/mv1.key 
55980      INFO  main            d.u.i.k.p.i.AbstractProblemLoader Loading environment from /home/runner/work/key/key/key.core/../key.ui/examples/standard_key/pred_log/mv1.key 
55981      DEBUG main            d.u.i.k.p.i.AbstractProblemLoader Environment load took 208.2ns 
55982      INFO  main            d.u.i.k.p.i.AbstractProblemLoader Creating init config 
59070      DEBUG main            d.u.i.k.p.i.AbstractProblemLoader Init config took 3.09s 
59088      INFO  main            d.u.i.k.p.i.AbstractProblemLoader Replaying proof mv1.key 
59090      DEBUG main            d.u.i.k.p.i.IntermediateProofReplayer Proof replay took 9.1ns 
59195      INFO  main            d.u.i.k.p.r.p.TestFile    ... finished proof: closed. 
59398      INFO  main            d.u.i.k.p.i.AbstractProblemLoader Loading environment from /home/runner/work/key/key/key.core/../key.ui/examples/standard_key/pred_log/mv1.key.proof 
59399      DEBUG main            d.u.i.k.p.i.AbstractProblemLoader Environment load took 145ns 
59400      INFO  main            d.u.i.k.p.i.AbstractProblemLoader Creating init config 
62432      DEBUG main            d.u.i.k.p.i.AbstractProblemLoader Init config took 3.03s 
62449      INFO  main            d.u.i.k.p.i.AbstractProblemLoader Replaying proof mv1.key.proof 
62452      DEBUG main            d.u.i.k.p.i.IntermediateProofReplayer Proof replay took 1.07ms 
62453      DEBUG main            d.u.i.k.p.r.p.TestFile    ... success: reloaded. 
62454      INFO  main            d.u.i.k.p.r.p.TestFile    Now processing file /home/runner/work/key/key/key.core/../key.ui/examples/standard_key/pred_log/mv2.key 
62454      INFO  main            d.u.i.k.p.i.AbstractProblemLoader Loading environment from /home/runner/work/key/key/key.core/../key.ui/examples/standard_key/pred_log/mv2.key 
62454      DEBUG main            d.u.i.k.p.i.AbstractProblemLoader Environment load took 100.3ns 
62455      INFO  main            d.u.i.k.p.i.AbstractProblemLoader Creating init config 
65673      DEBUG main            d.u.i.k.p.i.AbstractProblemLoader Init config took 3.22s 
65690      INFO  main            d.u.i.k.p.i.AbstractProblemLoader Replaying proof mv2.key 
65692      DEBUG main            d.u.i.k.p.i.IntermediateProofReplayer Proof replay took 7.5ns 
65795      INFO  main            d.u.i.k.p.r.p.TestFile    ... finished proof: closed. 
66031      INFO  main            d.u.i.k.p.i.AbstractProblemLoader Loading environment from /home/runner/work/key/key/key.core/../key.ui/examples/standard_key/pred_log/mv2.key.proof 
66031      DEBUG main            d.u.i.k.p.i.AbstractProblemLoader Environment load took 137.5ns 
66033      INFO  main            d.u.i.k.p.i.AbstractProblemLoader Creating init config 
69166      DEBUG main            d.u.i.k.p.i.AbstractProblemLoader Init config took 3.13s 
69184      INFO  main            d.u.i.k.p.i.AbstractProblemLoader Replaying proof mv2.key.proof 
69189      DEBUG main            d.u.i.k.p.i.IntermediateProofReplayer Proof replay took 2.26ms 
69190      DEBUG main            d.u.i.k.p.r.p.TestFile    ... success: reloaded. 
69190      INFO  main            d.u.i.k.p.r.p.TestFile    Now processing file /home/runner/work/key/key/key.core/../key.ui/examples/standard_key/pred_log/quantifiers.key 
69191      INFO  main            d.u.i.k.p.i.AbstractProblemLoader Loading environment from /home/runner/work/key/key/key.core/../key.ui/examples/standard_key/pred_log/quantifiers.key 
69191      DEBUG main            d.u.i.k.p.i.AbstractProblemLoader Environment load took 121.6ns 
69192      INFO  main            d.u.i.k.p.i.AbstractProblemLoader Creating init config 
72484      DEBUG main            d.u.i.k.p.i.AbstractProblemLoader Init config took 3.29s 
72501      INFO  main            d.u.i.k.p.i.AbstractProblemLoader Replaying proof quantifiers.key 
72503      DEBUG main            d.u.i.k.p.i.IntermediateProofReplayer Proof replay took 8.6ns 
72605      INFO  main            d.u.i.k.p.r.p.TestFile    ... finished proof: closed. 
72833      INFO  main            d.u.i.k.p.i.AbstractProblemLoader Loading environment from /home/runner/work/key/key/key.core/../key.ui/examples/standard_key/pred_log/quantifiers.key.proof 
72833      DEBUG main            d.u.i.k.p.i.AbstractProblemLoader Environment load took 169.4ns 
72834      INFO  main            d.u.i.k.p.i.AbstractProblemLoader Creating init config 
75991      DEBUG main            d.u.i.k.p.i.AbstractProblemLoader Init config took 3.16s 
76008      INFO  main            d.u.i.k.p.i.AbstractProblemLoader Replaying proof quantifiers.key.proof 
76014      DEBUG main            d.u.i.k.p.i.IntermediateProofReplayer Proof replay took 3.24ms 
76015      DEBUG main            d.u.i.k.p.r.p.TestFile    ... success: reloaded. 
76015      INFO  main            d.u.i.k.p.r.p.TestFile    Now processing file /home/runner/work/key/key/key.core/../key.ui/examples/standard_key/pred_log/simpleEps.key 
76016      INFO  main            d.u.i.k.p.i.AbstractProblemLoader Loading environment from /home/runner/work/key/key/key.core/../key.ui/examples/standard_key/pred_log/simpleEps.key 
76016      DEBUG main            d.u.i.k.p.i.AbstractProblemLoader Environment load took 155.9ns 
76017      INFO  main            d.u.i.k.p.i.AbstractProblemLoader Creating init config 
79216      DEBUG main            d.u.i.k.p.i.AbstractProblemLoader Init config took 3.2s 
79236      INFO  main            d.u.i.k.p.i.AbstractProblemLoader Replaying proof simpleEps.key 
79238      DEBUG main            d.u.i.k.p.i.IntermediateProofReplayer Proof replay took 8.8ns 
79340      INFO  main            d.u.i.k.p.r.p.TestFile    ... finished proof: closed. 
79584      INFO  main            d.u.i.k.p.i.AbstractProblemLoader Loading environment from /home/runner/work/key/key/key.core/../key.ui/examples/standard_key/pred_log/simpleEps.key.proof 
79584      DEBUG main            d.u.i.k.p.i.AbstractProblemLoader Environment load took 135.6ns 
79588      INFO  main            d.u.i.k.p.i.AbstractProblemLoader Creating init config 
82773      DEBUG main            d.u.i.k.p.i.AbstractProblemLoader Init config took 3.18s 
82795      INFO  main            d.u.i.k.p.i.AbstractProblemLoader Replaying proof simpleEps.key.proof 
82808      DEBUG main            d.u.i.k.p.i.IntermediateProofReplayer Proof replay took 7.5ms 
82811      DEBUG main            d.u.i.k.p.r.p.TestFile    ... success: reloaded. 
82812      INFO  main            d.u.i.k.p.r.p.TestFile    Now processing file /home/runner/work/key/key/key.core/../key.ui/examples/standard_key/pred_log/steam1.key 
82812      INFO  main            d.u.i.k.p.i.AbstractProblemLoader Loading environment from /home/runner/work/key/key/key.core/../key.ui/examples/standard_key/pred_log/steam1.key 
82812      DEBUG main            d.u.i.k.p.i.AbstractProblemLoader Environment load took 219.9ns 
82815      INFO  main            d.u.i.k.p.i.AbstractProblemLoader Creating init config 
86061      DEBUG main            d.u.i.k.p.i.AbstractProblemLoader Init config took 3.25s 
86091      INFO  main            d.u.i.k.p.i.AbstractProblemLoader Replaying proof steam1.key 
86093      DEBUG main            d.u.i.k.p.i.IntermediateProofReplayer Proof replay took 25ns 
86606      INFO  main            d.u.i.k.p.r.p.TestFile    ... finished proof: closed. 
86861      INFO  main            d.u.i.k.p.i.AbstractProblemLoader Loading environment from /home/runner/work/key/key/key.core/../key.ui/examples/standard_key/pred_log/steam1.key.proof 
86865      DEBUG main            d.u.i.k.p.i.AbstractProblemLoader Environment load took 3.66ms 
86868      INFO  main            d.u.i.k.p.i.AbstractProblemLoader Creating init config 
90063      DEBUG main            d.u.i.k.p.i.AbstractProblemLoader Init config took 3.19s 
90094      INFO  main            d.u.i.k.p.i.AbstractProblemLoader Replaying proof steam1.key.proof 
90147      DEBUG main            d.u.i.k.p.i.IntermediateProofReplayer Proof replay took 46.57ms 
90150      DEBUG main            d.u.i.k.p.r.p.TestFile    ... success: reloaded. 
90151      INFO  main            d.u.i.k.p.r.p.TestFile    Now processing file /home/runner/work/key/key/key.core/../key.ui/examples/standard_key/pred_log/tptp/PUZ/PUZ001p1.key 
90151      INFO  main            d.u.i.k.p.i.AbstractProblemLoader Loading environment from /home/runner/work/key/key/key.core/../key.ui/examples/standard_key/pred_log/tptp/PUZ/PUZ001p1.key 
90152      DEBUG main            d.u.i.k.p.i.AbstractProblemLoader Environment load took 253.1ns 
90154      INFO  main            d.u.i.k.p.i.AbstractProblemLoader Creating init config 
93488      DEBUG main            d.u.i.k.p.i.AbstractProblemLoader Init config took 3.33s 
93517      INFO  main            d.u.i.k.p.i.AbstractProblemLoader Replaying proof PUZ001p1.key 
93519      DEBUG main            d.u.i.k.p.i.IntermediateProofReplayer Proof replay took 8.7ns 
97743      INFO  main            d.u.i.k.p.r.p.TestFile    ... finished proof: closed. 
98032      INFO  main            d.u.i.k.p.i.AbstractProblemLoader Loading environment from /home/runner/work/key/key/key.core/../key.ui/examples/standard_key/pred_log/tptp/PUZ/PUZ001p1.key.proof 
98033      DEBUG main            d.u.i.k.p.i.AbstractProblemLoader Environment load took 448.61ns 
98035      INFO  main            d.u.i.k.p.i.AbstractProblemLoader Creating init config 
101220     DEBUG main            d.u.i.k.p.i.AbstractProblemLoader Init config took 3.18s 
101240     INFO  main            d.u.i.k.p.i.AbstractProblemLoader Replaying proof PUZ001p1.key.proof 
101425     DEBUG main            d.u.i.k.p.i.IntermediateProofReplayer Proof replay took 172.27ms 
101428     DEBUG main            d.u.i.k.p.r.p.TestFile    ... success: reloaded. 
101429     INFO  main            d.u.i.k.p.r.p.TestFile    Now processing file /home/runner/work/key/key/key.core/../key.ui/examples/standard_key/pred_log/tptp/PUZ/PUZ001p1-eq.key 
101429     INFO  main            d.u.i.k.p.i.AbstractProblemLoader Loading environment from /home/runner/work/key/key/key.core/../key.ui/examples/standard_key/pred_log/tptp/PUZ/PUZ001p1-eq.key 
101429     DEBUG main            d.u.i.k.p.i.AbstractProblemLoader Environment load took 209.2ns 
101431     INFO  main            d.u.i.k.p.i.AbstractProblemLoader Creating init config 
104586     DEBUG main            d.u.i.k.p.i.AbstractProblemLoader Init config took 3.15s 
104604     INFO  main            d.u.i.k.p.i.AbstractProblemLoader Replaying proof PUZ001p1-eq.key 
104606     DEBUG main            d.u.i.k.p.i.IntermediateProofReplayer Proof replay took 7.5ns 
104810     INFO  main            d.u.i.k.p.r.p.TestFile    ... finished proof: closed. 
105104     INFO  main            d.u.i.k.p.i.AbstractProblemLoader Loading environment from /home/runner/work/key/key/key.core/../key.ui/examples/standard_key/pred_log/tptp/PUZ/PUZ001p1-eq.key.proof 
105109     DEBUG main            d.u.i.k.p.i.AbstractProblemLoader Environment load took 4.67ms 
105111     INFO  main            d.u.i.k.p.i.AbstractProblemLoader Creating init config 
108286     DEBUG main            d.u.i.k.p.i.AbstractProblemLoader Init config took 3.17s 
108303     INFO  main            d.u.i.k.p.i.AbstractProblemLoader Replaying proof PUZ001p1-eq.key.proof 
108325     DEBUG main            d.u.i.k.p.i.IntermediateProofReplayer Proof replay took 18.16ms 
108326     DEBUG main            d.u.i.k.p.r.p.TestFile    ... success: reloaded. 
108327     INFO  main            d.u.i.k.p.r.p.TestFile    Now processing file /home/runner/work/key/key/key.core/../key.ui/examples/standard_key/pred_log/tptp/PUZ/PUZ031p1.key 
108327     INFO  main            d.u.i.k.p.i.AbstractProblemLoader Loading environment from /home/runner/work/key/key/key.core/../key.ui/examples/standard_key/pred_log/tptp/PUZ/PUZ031p1.key 
108327     DEBUG main            d.u.i.k.p.i.AbstractProblemLoader Environment load took 121.3ns 
108329     INFO  main            d.u.i.k.p.i.AbstractProblemLoader Creating init config 
111571     DEBUG main            d.u.i.k.p.i.AbstractProblemLoader Init config took 3.24s 
111591     INFO  main            d.u.i.k.p.i.AbstractProblemLoader Replaying proof PUZ031p1.key 
111595     DEBUG main            d.u.i.k.p.i.IntermediateProofReplayer Proof replay took 9.3ns 
122342     INFO  main            d.u.i.k.p.r.p.TestFile    ... finished proof: closed. 
122619     INFO  main            d.u.i.k.p.i.AbstractProblemLoader Loading environment from /home/runner/work/key/key/key.core/../key.ui/examples/standard_key/pred_log/tptp/PUZ/PUZ031p1.key.proof 
122620     DEBUG main            d.u.i.k.p.i.AbstractProblemLoader Environment load took 592.71ns 
122622     INFO  main            d.u.i.k.p.i.AbstractProblemLoader Creating init config 
125928     DEBUG main            d.u.i.k.p.i.AbstractProblemLoader Init config took 3.31s 
125947     INFO  main            d.u.i.k.p.i.AbstractProblemLoader Replaying proof PUZ031p1.key.proof 
126054     DEBUG main            d.u.i.k.p.i.IntermediateProofReplayer Proof replay took 98.69ms 
126056     DEBUG main            d.u.i.k.p.r.p.TestFile    ... success: reloaded. 
126057     INFO  main            d.u.i.k.p.r.p.TestFile    Now processing file /home/runner/work/key/key/key.core/../key.ui/examples/standard_key/pred_log/tptp/SET/SET027p3.key 
126058     INFO  main            d.u.i.k.p.i.AbstractProblemLoader Loading environment from /home/runner/work/key/key/key.core/../key.ui/examples/standard_key/pred_log/tptp/SET/SET027p3.key 
126058     DEBUG main            d.u.i.k.p.i.AbstractProblemLoader Environment load took 224ns 
126059     INFO  main            d.u.i.k.p.i.AbstractProblemLoader Creating init config 
129303     DEBUG main            d.u.i.k.p.i.AbstractProblemLoader Init config took 3.24s 
129319     INFO  main            d.u.i.k.p.i.AbstractProblemLoader Replaying proof SET027p3.key 
129321     DEBUG main            d.u.i.k.p.i.IntermediateProofReplayer Proof replay took 8.4ns 
129424     INFO  main            d.u.i.k.p.r.p.TestFile    ... finished proof: closed. 
129724     INFO  main            d.u.i.k.p.i.AbstractProblemLoader Loading environment from /home/runner/work/key/key/key.core/../key.ui/examples/standard_key/pred_log/tptp/SET/SET027p3.key.proof 
129724     DEBUG main            d.u.i.k.p.i.AbstractProblemLoader Environment load took 146.9ns 
129726     INFO  main            d.u.i.k.p.i.AbstractProblemLoader Creating init config 
132942     DEBUG main            d.u.i.k.p.i.AbstractProblemLoader Init config took 3.22s 
132958     INFO  main            d.u.i.k.p.i.AbstractProblemLoader Replaying proof SET027p3.key.proof 
132968     DEBUG main            d.u.i.k.p.i.IntermediateProofReplayer Proof replay took 6.93ms 
132969     DEBUG main            d.u.i.k.p.r.p.TestFile    ... success: reloaded. 
132969     INFO  main            d.u.i.k.p.r.p.TestFile    Now processing file /home/runner/work/key/key/key.core/../key.ui/examples/standard_key/pred_log/tptp/SET/SET043p1.key 
132970     INFO  main            d.u.i.k.p.i.AbstractProblemLoader Loading environment from /home/runner/work/key/key/key.core/../key.ui/examples/standard_key/pred_log/tptp/SET/SET043p1.key 
132970     DEBUG main            d.u.i.k.p.i.AbstractProblemLoader Environment load took 132.3ns 
132971     INFO  main            d.u.i.k.p.i.AbstractProblemLoader Creating init config 
136148     DEBUG main            d.u.i.k.p.i.AbstractProblemLoader Init config took 3.18s 
136164     INFO  main            d.u.i.k.p.i.AbstractProblemLoader Replaying proof SET043p1.key 
136165     DEBUG main            d.u.i.k.p.i.IntermediateProofReplayer Proof replay took 8.9ns 
136269     INFO  main            d.u.i.k.p.r.p.TestFile    ... finished proof: closed. 
136557     INFO  main            d.u.i.k.p.i.AbstractProblemLoader Loading environment from /home/runner/work/key/key/key.core/../key.ui/examples/standard_key/pred_log/tptp/SET/SET043p1.key.proof 
136558     DEBUG main            d.u.i.k.p.i.AbstractProblemLoader Environment load took 1.07ms 
136559     INFO  main            d.u.i.k.p.i.AbstractProblemLoader Creating init config 
139711     DEBUG main            d.u.i.k.p.i.AbstractProblemLoader Init config took 3.15s 
139728     INFO  main            d.u.i.k.p.i.AbstractProblemLoader Replaying proof SET043p1.key.proof 
139732     DEBUG main            d.u.i.k.p.i.IntermediateProofReplayer Proof replay took 1.63ms 
139733     DEBUG main            d.u.i.k.p.r.p.TestFile    ... success: reloaded. 
139733     INFO  main            d.u.i.k.p.r.p.TestFile    Now processing file /home/runner/work/key/key/key.core/../key.ui/examples/standard_key/pred_log/tptp/SET/SET045p1.key 
139734     INFO  main            d.u.i.k.p.i.AbstractProblemLoader Loading environment from /home/runner/work/key/key/key.core/../key.ui/examples/standard_key/pred_log/tptp/SET/SET045p1.key 
139734     DEBUG main            d.u.i.k.p.i.AbstractProblemLoader Environment load took 99.8ns 
139735     INFO  main            d.u.i.k.p.i.AbstractProblemLoader Creating init config 
143003     DEBUG main            d.u.i.k.p.i.AbstractProblemLoader Init config took 3.27s 
143019     INFO  main            d.u.i.k.p.i.AbstractProblemLoader Replaying proof SET045p1.key 
143021     DEBUG main            d.u.i.k.p.i.IntermediateProofReplayer Proof replay took 9.1ns 
143123     INFO  main            d.u.i.k.p.r.p.TestFile    ... finished proof: closed. 
143410     INFO  main            d.u.i.k.p.i.AbstractProblemLoader Loading environment from /home/runner/work/key/key/key.core/../key.ui/examples/standard_key/pred_log/tptp/SET/SET045p1.key.proof 
143410     DEBUG main            d.u.i.k.p.i.AbstractProblemLoader Environment load took 143.3ns 
143411     INFO  main            d.u.i.k.p.i.AbstractProblemLoader Creating init config 
146536     DEBUG main            d.u.i.k.p.i.AbstractProblemLoader Init config took 3.12s 
146552     INFO  main            d.u.i.k.p.i.AbstractProblemLoader Replaying proof SET045p1.key.proof 
146561     DEBUG main            d.u.i.k.p.i.IntermediateProofReplayer Proof replay took 6.19ms 
146562     DEBUG main            d.u.i.k.p.r.p.TestFile    ... success: reloaded. 
146563     INFO  main            d.u.i.k.p.r.p.TestFile    Now processing file /home/runner/work/key/key/key.core/../key.ui/examples/standard_key/pred_log/tptp/SET/SET062p3.key 
146563     INFO  main            d.u.i.k.p.i.AbstractProblemLoader Loading environment from /home/runner/work/key/key/key.core/../key.ui/examples/standard_key/pred_log/tptp/SET/SET062p3.key 
146563     DEBUG main            d.u.i.k.p.i.AbstractProblemLoader Environment load took 134.1ns 
146564     INFO  main            d.u.i.k.p.i.AbstractProblemLoader Creating init config 
149786     DEBUG main            d.u.i.k.p.i.AbstractProblemLoader Init config took 3.22s 
149803     INFO  main            d.u.i.k.p.i.AbstractProblemLoader Replaying proof SET062p3.key 
149805     DEBUG main            d.u.i.k.p.i.IntermediateProofReplayer Proof replay took 8.9ns 
149912     INFO  main            d.u.i.k.p.r.p.TestFile    ... finished proof: closed. 
150215     INFO  main            d.u.i.k.p.i.AbstractProblemLoader Loading environment from /home/runner/work/key/key/key.core/../key.ui/examples/standard_key/pred_log/tptp/SET/SET062p3.key.proof 
150215     DEBUG main            d.u.i.k.p.i.AbstractProblemLoader Environment load took 127.7ns 
150217     INFO  main            d.u.i.k.p.i.AbstractProblemLoader Creating init config 
153342     DEBUG main            d.u.i.k.p.i.AbstractProblemLoader Init config took 3.12s 
153358     INFO  main            d.u.i.k.p.i.AbstractProblemLoader Replaying proof SET062p3.key.proof 
153366     DEBUG main            d.u.i.k.p.i.IntermediateProofReplayer Proof replay took 5.89ms 
153367     DEBUG main            d.u.i.k.p.r.p.TestFile    ... success: reloaded. 
153368     INFO  main            d.u.i.k.p.r.p.TestFile    Now processing file /home/runner/work/key/key/key.core/../key.ui/examples/standard_key/pred_log/tptp/SET/SET063p3.key 
153368     INFO  main            d.u.i.k.p.i.AbstractProblemLoader Loading environment from /home/runner/work/key/key/key.core/../key.ui/examples/standard_key/pred_log/tptp/SET/SET063p3.key 
153368     DEBUG main            d.u.i.k.p.i.AbstractProblemLoader Environment load took 114.4ns 
153370     INFO  main            d.u.i.k.p.i.AbstractProblemLoader Creating init config 
156592     DEBUG main            d.u.i.k.p.i.AbstractProblemLoader Init config took 3.22s 
156609     INFO  main            d.u.i.k.p.i.AbstractProblemLoader Replaying proof SET063p3.key 
156610     DEBUG main            d.u.i.k.p.i.IntermediateProofReplayer Proof replay took 7.8ns 
156715     INFO  main            d.u.i.k.p.r.p.TestFile    ... finished proof: closed. 
157026     INFO  main            d.u.i.k.p.i.AbstractProblemLoader Loading environment from /home/runner/work/key/key/key.core/../key.ui/examples/standard_key/pred_log/tptp/SET/SET063p3.key.proof 
157026     DEBUG main            d.u.i.k.p.i.AbstractProblemLoader Environment load took 131.6ns 
157028     INFO  main            d.u.i.k.p.i.AbstractProblemLoader Creating init config 
160128     DEBUG main            d.u.i.k.p.i.AbstractProblemLoader Init config took 3.1s 
160145     INFO  main            d.u.i.k.p.i.AbstractProblemLoader Replaying proof SET063p3.key.proof 
160155     DEBUG main            d.u.i.k.p.i.IntermediateProofReplayer Proof replay took 7.51ms 
160155     DEBUG main            d.u.i.k.p.r.p.TestFile    ... success: reloaded. 
160157     INFO  main            d.u.i.k.p.r.p.TestFile    Now processing file /home/runner/work/key/key/key.core/../key.ui/examples/standard_key/pred_log/tptp/SYN/SYN036p2.key 
160157     INFO  main            d.u.i.k.p.i.AbstractProblemLoader Loading environment from /home/runner/work/key/key/key.core/../key.ui/examples/standard_key/pred_log/tptp/SYN/SYN036p2.key 
160157     DEBUG main            d.u.i.k.p.i.AbstractProblemLoader Environment load took 222.6ns 
160158     INFO  main            d.u.i.k.p.i.AbstractProblemLoader Creating init config 
163350     DEBUG main            d.u.i.k.p.i.AbstractProblemLoader Init config took 3.19s 
163369     INFO  main            d.u.i.k.p.i.AbstractProblemLoader Replaying proof SYN036p2.key 
163371     DEBUG main            d.u.i.k.p.i.IntermediateProofReplayer Proof replay took 8ns 
163677     INFO  main            d.u.i.k.p.r.p.TestFile    ... finished proof: closed. 
164026     INFO  main            d.u.i.k.p.i.AbstractProblemLoader Loading environment from /home/runner/work/key/key/key.core/../key.ui/examples/standard_key/pred_log/tptp/SYN/SYN036p2.key.proof 
164027     DEBUG main            d.u.i.k.p.i.AbstractProblemLoader Environment load took 1.07ms 
164029     INFO  main            d.u.i.k.p.i.AbstractProblemLoader Creating init config 
167138     DEBUG main            d.u.i.k.p.i.AbstractProblemLoader Init config took 3.11s 
167155     INFO  main            d.u.i.k.p.i.AbstractProblemLoader Replaying proof SYN036p2.key.proof 
167261     DEBUG main            d.u.i.k.p.i.IntermediateProofReplayer Proof replay took 95.77ms 
167262     DEBUG main            d.u.i.k.p.r.p.TestFile    ... success: reloaded. 
167263     INFO  main            d.u.i.k.p.r.p.TestFile    Now processing file /home/runner/work/key/key/key.core/../key.ui/examples/standard_key/pred_log/tptp/SYN/SYN550p1.key 
167263     INFO  main            d.u.i.k.p.i.AbstractProblemLoader Loading environment from /home/runner/work/key/key/key.core/../key.ui/examples/standard_key/pred_log/tptp/SYN/SYN550p1.key 
167263     DEBUG main            d.u.i.k.p.i.AbstractProblemLoader Environment load took 97.5ns 
167265     INFO  main            d.u.i.k.p.i.AbstractProblemLoader Creating init config 
170414     DEBUG main            d.u.i.k.p.i.AbstractProblemLoader Init config took 3.15s 
170431     INFO  main            d.u.i.k.p.i.AbstractProblemLoader Replaying proof SYN550p1.key 
170433     DEBUG main            d.u.i.k.p.i.IntermediateProofReplayer Proof replay took 23.5ns 
174130     INFO  main            d.u.i.k.p.r.p.TestFile    ... finished proof: closed. 
174475     INFO  main            d.u.i.k.p.i.AbstractProblemLoader Loading environment from /home/runner/work/key/key/key.core/../key.ui/examples/standard_key/pred_log/tptp/SYN/SYN550p1.key.proof 
174475     DEBUG main            d.u.i.k.p.i.AbstractProblemLoader Environment load took 134.1ns 
174477     INFO  main            d.u.i.k.p.i.AbstractProblemLoader Creating init config 
177585     DEBUG main            d.u.i.k.p.i.AbstractProblemLoader Init config took 3.11s 
177601     INFO  main            d.u.i.k.p.i.AbstractProblemLoader Replaying proof SYN550p1.key.proof 
177713     DEBUG main            d.u.i.k.p.i.IntermediateProofReplayer Proof replay took 103.37ms 
177714     DEBUG main            d.u.i.k.p.r.p.TestFile    ... success: reloaded. 
177715     INFO  main            d.u.i.k.p.r.p.TestFile    Now processing file /home/runner/work/key/key/key.core/../key.ui/examples/standard_key/prop_log/reallySimple.key 
177715     INFO  main            d.u.i.k.p.i.AbstractProblemLoader Loading environment from /home/runner/work/key/key/key.core/../key.ui/examples/standard_key/prop_log/reallySimple.key 
177716     DEBUG main            d.u.i.k.p.i.AbstractProblemLoader Environment load took 114.4ns 
177717     INFO  main            d.u.i.k.p.i.AbstractProblemLoader Creating init config 
180997     DEBUG main            d.u.i.k.p.i.AbstractProblemLoader Init config took 3.28s 
181013     INFO  main            d.u.i.k.p.i.AbstractProblemLoader Replaying proof reallySimple.key 
181015     DEBUG main            d.u.i.k.p.i.IntermediateProofReplayer Proof replay took 8.1ns 
181117     INFO  main            d.u.i.k.p.r.p.TestFile    ... finished proof: open goal(s) 
181460     INFO  main            d.u.i.k.p.r.p.TestFile    Now processing file /home/runner/work/key/key/key.core/../key.ui/examples/standard_key/pred_log/sameName1.key 
181460     INFO  main            d.u.i.k.p.i.AbstractProblemLoader Loading environment from /home/runner/work/key/key/key.core/../key.ui/examples/standard_key/pred_log/sameName1.key 
181460     DEBUG main            d.u.i.k.p.i.AbstractProblemLoader Environment load took 76.4ns 
181461     INFO  main            d.u.i.k.p.i.AbstractProblemLoader Creating init config 
184628     DEBUG main            d.u.i.k.p.i.AbstractProblemLoader Init config took 3.17s 
184645     INFO  main            d.u.i.k.p.i.AbstractProblemLoader Replaying proof sameName1.key 
184646     DEBUG main            d.u.i.k.p.i.IntermediateProofReplayer Proof replay took 35.9ns 
184749     INFO  main            d.u.i.k.p.r.p.TestFile    ... finished proof: open goal(s) 
185140     INFO  main            d.u.i.k.p.r.p.TestFile    Now processing file /home/runner/work/key/key/key.core/../key.ui/examples/standard_key/pred_log/jbyteIfEx.key 
185141     INFO  main            d.u.i.k.p.i.AbstractProblemLoader Loading environment from /home/runner/work/key/key/key.core/../key.ui/examples/standard_key/pred_log/jbyteIfEx.key 
185141     DEBUG main            d.u.i.k.p.i.AbstractProblemLoader Environment load took 87ns 
185142     INFO  main            d.u.i.k.p.i.AbstractProblemLoader Creating init config 
188253     DEBUG main            d.u.i.k.p.i.AbstractProblemLoader Init config took 3.11s 
188269     INFO  main            d.u.i.k.p.i.AbstractProblemLoader Replaying proof jbyteIfEx.key 
188271     DEBUG main            d.u.i.k.p.i.IntermediateProofReplayer Proof replay took 8.6ns 
188374     INFO  main            d.u.i.k.p.r.p.TestFile    ... finished proof: closed. 
188692     INFO  main            d.u.i.k.p.i.AbstractProblemLoader Loading environment from /home/runner/work/key/key/key.core/../key.ui/examples/standard_key/pred_log/jbyteIfEx.key.proof 
188692     DEBUG main            d.u.i.k.p.i.AbstractProblemLoader Environment load took 153.3ns 
188697     INFO  main            d.u.i.k.p.i.AbstractProblemLoader Creating init config 
191858     DEBUG main            d.u.i.k.p.i.AbstractProblemLoader Init config took 3.16s 
191875     INFO  main            d.u.i.k.p.i.AbstractProblemLoader Replaying proof jbyteIfEx.key.proof 
191888     DEBUG main            d.u.i.k.p.i.IntermediateProofReplayer Proof replay took 10.41ms 
191889     DEBUG main            d.u.i.k.p.r.p.TestFile    ... success: reloaded. 
191890     INFO  main            d.u.i.k.p.r.p.TestFile    Now processing file /home/runner/work/key/key/key.core/../key.ui/examples/standard_key/prop_log/allClausesLength4.key 
191890     INFO  main            d.u.i.k.p.i.AbstractProblemLoader Loading environment from /home/runner/work/key/key/key.core/../key.ui/examples/standard_key/prop_log/allClausesLength4.key 
191890     DEBUG main            d.u.i.k.p.i.AbstractProblemLoader Environment load took 149.8ns 
191891     INFO  main            d.u.i.k.p.i.AbstractProblemLoader Creating init config 
195168     DEBUG main            d.u.i.k.p.i.AbstractProblemLoader Init config took 3.28s 
195184     INFO  main            d.u.i.k.p.i.AbstractProblemLoader Replaying proof allClausesLength4.key 
195185     DEBUG main            d.u.i.k.p.i.IntermediateProofReplayer Proof replay took 7.7ns 
195288     INFO  main            d.u.i.k.p.r.p.TestFile    ... finished proof: closed. 
195729     INFO  main            d.u.i.k.p.i.AbstractProblemLoader Loading environment from /home/runner/work/key/key/key.core/../key.ui/examples/standard_key/prop_log/allClausesLength4.key.proof 
195730     DEBUG main            d.u.i.k.p.i.AbstractProblemLoader Environment load took 124.7ns 
195731     INFO  main            d.u.i.k.p.i.AbstractProblemLoader Creating init config 
198862     DEBUG main            d.u.i.k.p.i.AbstractProblemLoader Init config took 3.13s 
198881     INFO  main            d.u.i.k.p.i.AbstractProblemLoader Replaying proof allClausesLength4.key.proof 
198903     DEBUG main            d.u.i.k.p.i.IntermediateProofReplayer Proof replay took 18.1ms 
198905     DEBUG main            d.u.i.k.p.r.p.TestFile    ... success: reloaded. 
198906     INFO  main            d.u.i.k.p.r.p.TestFile    Now processing file /home/runner/work/key/key/key.core/../key.ui/examples/standard_key/prop_log/allClausesLength5.key 
198907     INFO  main            d.u.i.k.p.i.AbstractProblemLoader Loading environment from /home/runner/work/key/key/key.core/../key.ui/examples/standard_key/prop_log/allClausesLength5.key 
198907     DEBUG main            d.u.i.k.p.i.AbstractProblemLoader Environment load took 160.7ns 
198908     INFO  main            d.u.i.k.p.i.AbstractProblemLoader Creating init config 
202077     DEBUG main            d.u.i.k.p.i.AbstractProblemLoader Init config took 3.17s 
202094     INFO  main            d.u.i.k.p.i.AbstractProblemLoader Replaying proof allClausesLength5.key 
202096     DEBUG main            d.u.i.k.p.i.IntermediateProofReplayer Proof replay took 8.1ns 
202400     INFO  main            d.u.i.k.p.r.p.TestFile    ... finished proof: closed. 
202773     INFO  main            d.u.i.k.p.i.AbstractProblemLoader Loading environment from /home/runner/work/key/key/key.core/../key.ui/examples/standard_key/prop_log/allClausesLength5.key.proof 
202774     DEBUG main            d.u.i.k.p.i.AbstractProblemLoader Environment load took 1.6ms 
202776     INFO  main            d.u.i.k.p.i.AbstractProblemLoader Creating init config 
205906     DEBUG main            d.u.i.k.p.i.AbstractProblemLoader Init config took 3.13s 
205925     INFO  main            d.u.i.k.p.i.AbstractProblemLoader Replaying proof allClausesLength5.key.proof 
205981     DEBUG main            d.u.i.k.p.i.IntermediateProofReplayer Proof replay took 50.36ms 
205983     DEBUG main            d.u.i.k.p.r.p.TestFile    ... success: reloaded. 
205984     INFO  main            d.u.i.k.p.r.p.TestFile    Now processing file /home/runner/work/key/key/key.core/../key.ui/examples/standard_key/prop_log/doubleNeg.key 
205984     INFO  main            d.u.i.k.p.i.AbstractProblemLoader Loading environment from /home/runner/work/key/key/key.core/../key.ui/examples/standard_key/prop_log/doubleNeg.key 
205984     DEBUG main            d.u.i.k.p.i.AbstractProblemLoader Environment load took 102.4ns 
205985     INFO  main            d.u.i.k.p.i.AbstractProblemLoader Creating init config 
209107     DEBUG main            d.u.i.k.p.i.AbstractProblemLoader Init config took 3.12s 
209123     INFO  main            d.u.i.k.p.i.AbstractProblemLoader Replaying proof doubleNeg.key 
209124     DEBUG main            d.u.i.k.p.i.IntermediateProofReplayer Proof replay took 7.4ns 
209230     INFO  main            d.u.i.k.p.r.p.TestFile    ... finished proof: closed. 
209585     INFO  main            d.u.i.k.p.i.AbstractProblemLoader Loading environment from /home/runner/work/key/key/key.core/../key.ui/examples/standard_key/prop_log/doubleNeg.key.proof 
209585     DEBUG main            d.u.i.k.p.i.AbstractProblemLoader Environment load took 199.5ns 
209586     INFO  main            d.u.i.k.p.i.AbstractProblemLoader Creating init config 
212690     DEBUG main            d.u.i.k.p.i.AbstractProblemLoader Init config took 3.1s 
212707     INFO  main            d.u.i.k.p.i.AbstractProblemLoader Replaying proof doubleNeg.key.proof 
212709     DEBUG main            d.u.i.k.p.i.IntermediateProofReplayer Proof replay took 820.81ns 
212710     DEBUG main            d.u.i.k.p.r.p.TestFile    ... success: reloaded. 
212711     INFO  main            d.u.i.k.p.r.p.TestFile    Now processing file /home/runner/work/key/key/key.core/../key.ui/examples/standard_key/prop_log/liarsville.key 
212711     INFO  main            d.u.i.k.p.i.AbstractProblemLoader Loading environment from /home/runner/work/key/key/key.core/../key.ui/examples/standard_key/prop_log/liarsville.key 
212711     DEBUG main            d.u.i.k.p.i.AbstractProblemLoader Environment load took 154.7ns 
212713     INFO  main            d.u.i.k.p.i.AbstractProblemLoader Creating init config 
215968     DEBUG main            d.u.i.k.p.i.AbstractProblemLoader Init config took 3.26s 
215984     INFO  main            d.u.i.k.p.i.AbstractProblemLoader Replaying proof liarsville.key 
215985     DEBUG main            d.u.i.k.p.i.IntermediateProofReplayer Proof replay took 7.7ns 
216088     INFO  main            d.u.i.k.p.r.p.TestFile    ... finished proof: closed. 
216451     INFO  main            d.u.i.k.p.i.AbstractProblemLoader Loading environment from /home/runner/work/key/key/key.core/../key.ui/examples/standard_key/prop_log/liarsville.key.proof 
216451     DEBUG main            d.u.i.k.p.i.AbstractProblemLoader Environment load took 117.9ns 
216452     INFO  main            d.u.i.k.p.i.AbstractProblemLoader Creating init config 
219526     DEBUG main            d.u.i.k.p.i.AbstractProblemLoader Init config took 3.07s 
219542     INFO  main            d.u.i.k.p.i.AbstractProblemLoader Replaying proof liarsville.key.proof 
219546     DEBUG main            d.u.i.k.p.i.IntermediateProofReplayer Proof replay took 2.68ms 
219547     DEBUG main            d.u.i.k.p.r.p.TestFile    ... success: reloaded. 
219548     INFO  main            d.u.i.k.p.r.p.TestFile    Now processing file /home/runner/work/key/key/key.core/../key.ui/examples/standard_key/prop_log/simplest.key 
219548     INFO  main            d.u.i.k.p.i.AbstractProblemLoader Loading environment from /home/runner/work/key/key/key.core/../key.ui/examples/standard_key/prop_log/simplest.key 
219548     DEBUG main            d.u.i.k.p.i.AbstractProblemLoader Environment load took 239ns 
219550     INFO  main            d.u.i.k.p.i.AbstractProblemLoader Creating init config 
222708     DEBUG main            d.u.i.k.p.i.AbstractProblemLoader Init config took 3.16s 
222724     INFO  main            d.u.i.k.p.i.AbstractProblemLoader Replaying proof simplest.key 
222725     DEBUG main            d.u.i.k.p.i.IntermediateProofReplayer Proof replay took 7.8ns 
222827     INFO  main            d.u.i.k.p.r.p.TestFile    ... finished proof: closed. 
223195     INFO  main            d.u.i.k.p.i.AbstractProblemLoader Loading environment from /home/runner/work/key/key/key.core/../key.ui/examples/standard_key/prop_log/simplest.key.proof 
223195     DEBUG main            d.u.i.k.p.i.AbstractProblemLoader Environment load took 147ns 
223196     INFO  main            d.u.i.k.p.i.AbstractProblemLoader Creating init config 
226331     DEBUG main            d.u.i.k.p.i.AbstractProblemLoader Init config took 3.14s 
226347     INFO  main            d.u.i.k.p.i.AbstractProblemLoader Replaying proof simplest.key.proof 
226349     DEBUG main            d.u.i.k.p.i.IntermediateProofReplayer Proof replay took 117.3ns 
226349     DEBUG main            d.u.i.k.p.r.p.TestFile    ... success: reloaded. 
226350     INFO  main            d.u.i.k.p.r.p.TestFile    Now processing file /home/runner/work/key/key/key.core/../key.ui/examples/standard_key/prop_log/contraposition.key 
226350     INFO  main            d.u.i.k.p.i.AbstractProblemLoader Loading environment from /home/runner/work/key/key/key.core/../key.ui/examples/standard_key/prop_log/contraposition.key 
226350     DEBUG main            d.u.i.k.p.i.AbstractProblemLoader Environment load took 90.6ns 
226351     INFO  main            d.u.i.k.p.i.AbstractProblemLoader Creating init config 
229553     DEBUG main            d.u.i.k.p.i.AbstractProblemLoader Init config took 3.2s 
229569     INFO  main            d.u.i.k.p.i.AbstractProblemLoader Replaying proof contraposition.key 
229570     DEBUG main            d.u.i.k.p.i.IntermediateProofReplayer Proof replay took 7.8ns 
229672     INFO  main            d.u.i.k.p.r.p.TestFile    ... finished proof: closed. 
230035     INFO  main            d.u.i.k.p.i.AbstractProblemLoader Loading environment from /home/runner/work/key/key/key.core/../key.ui/examples/standard_key/prop_log/contraposition.key.proof 
230035     DEBUG main            d.u.i.k.p.i.AbstractProblemLoader Environment load took 105.5ns 
230036     INFO  main            d.u.i.k.p.i.AbstractProblemLoader Creating init config 
233106     DEBUG main            d.u.i.k.p.i.AbstractProblemLoader Init config took 3.07s 
233122     INFO  main            d.u.i.k.p.i.AbstractProblemLoader Replaying proof contraposition.key.proof 
233125     DEBUG main            d.u.i.k.p.i.IntermediateProofReplayer Proof replay took 754.31ns 
233125     DEBUG main            d.u.i.k.p.r.p.TestFile    ... success: reloaded. 
233126     INFO  main            d.u.i.k.p.r.p.TestFile    Now processing file /home/runner/work/key/key/key.core/../key.ui/examples/standard_key/quantifiers/elimination0.key 
233126     INFO  main            d.u.i.k.p.i.AbstractProblemLoader Loading environment from /home/runner/work/key/key/key.core/../key.ui/examples/standard_key/quantifiers/elimination0.key 
233126     DEBUG main            d.u.i.k.p.i.AbstractProblemLoader Environment load took 68.9ns 
233129     INFO  main            d.u.i.k.p.i.AbstractProblemLoader Creating init config 
236291     DEBUG main            d.u.i.k.p.i.AbstractProblemLoader Init config took 3.16s 
236306     INFO  main            d.u.i.k.p.i.AbstractProblemLoader Replaying proof elimination0.key 
236309     DEBUG main            d.u.i.k.p.i.IntermediateProofReplayer Proof replay took 7.7ns 
236411     INFO  main            d.u.i.k.p.r.p.TestFile    ... finished proof: closed. 
236810     INFO  main            d.u.i.k.p.i.AbstractProblemLoader Loading environment from /home/runner/work/key/key/key.core/../key.ui/examples/standard_key/quantifiers/elimination0.key.proof 
236810     DEBUG main            d.u.i.k.p.i.AbstractProblemLoader Environment load took 109.8ns 
236812     INFO  main            d.u.i.k.p.i.AbstractProblemLoader Creating init config 
239940     DEBUG main            d.u.i.k.p.i.AbstractProblemLoader Init config took 3.13s 
239956     INFO  main            d.u.i.k.p.i.AbstractProblemLoader Replaying proof elimination0.key.proof 
239959     DEBUG main            d.u.i.k.p.i.IntermediateProofReplayer Proof replay took 1.93ms 
239960     DEBUG main            d.u.i.k.p.r.p.TestFile    ... success: reloaded. 
239962     INFO  main            d.u.i.k.p.r.p.TestFile    Now processing file /home/runner/work/key/key/key.core/../key.ui/examples/standard_key/quantifiers/heuristic_PUZ001p1-eq.key 
239962     INFO  main            d.u.i.k.p.i.AbstractProblemLoader Loading environment from /home/runner/work/key/key/key.core/../key.ui/examples/standard_key/quantifiers/heuristic_PUZ001p1-eq.key 
239962     DEBUG main            d.u.i.k.p.i.AbstractProblemLoader Environment load took 130.3ns 
239963     INFO  main            d.u.i.k.p.i.AbstractProblemLoader Creating init config 
243102     DEBUG main            d.u.i.k.p.i.AbstractProblemLoader Init config took 3.14s 
243119     INFO  main            d.u.i.k.p.i.AbstractProblemLoader Replaying proof heuristic_PUZ001p1-eq.key 
243121     DEBUG main            d.u.i.k.p.i.IntermediateProofReplayer Proof replay took 6.7ns 
243328     INFO  main            d.u.i.k.p.r.p.TestFile    ... finished proof: closed. 
243810     INFO  main            d.u.i.k.p.i.AbstractProblemLoader Loading environment from /home/runner/work/key/key/key.core/../key.ui/examples/standard_key/quantifiers/heuristic_PUZ001p1-eq.key.proof 
243810     DEBUG main            d.u.i.k.p.i.AbstractProblemLoader Environment load took 111.2ns 
243812     INFO  main            d.u.i.k.p.i.AbstractProblemLoader Creating init config 
246955     DEBUG main            d.u.i.k.p.i.AbstractProblemLoader Init config took 3.14s 
246971     INFO  main            d.u.i.k.p.i.AbstractProblemLoader Replaying proof heuristic_PUZ001p1-eq.key.proof 
246987     DEBUG main            d.u.i.k.p.i.IntermediateProofReplayer Proof replay took 14.06ms 
246989     DEBUG main            d.u.i.k.p.r.p.TestFile    ... success: reloaded. 
246990     INFO  main            d.u.i.k.p.r.p.TestFile    Now processing file /home/runner/work/key/key/key.core/../key.ui/examples/standard_key/quantifiers/heuristic_PUZ001p1.key 
246990     INFO  main            d.u.i.k.p.i.AbstractProblemLoader Loading environment from /home/runner/work/key/key/key.core/../key.ui/examples/standard_key/quantifiers/heuristic_PUZ001p1.key 
246990     DEBUG main            d.u.i.k.p.i.AbstractProblemLoader Environment load took 115.1ns 
246992     INFO  main            d.u.i.k.p.i.AbstractProblemLoader Creating init config 
250136     DEBUG main            d.u.i.k.p.i.AbstractProblemLoader Init config took 3.14s 
250160     INFO  main            d.u.i.k.p.i.AbstractProblemLoader Replaying proof heuristic_PUZ001p1.key 
250163     DEBUG main            d.u.i.k.p.i.IntermediateProofReplayer Proof replay took 7.7ns 
251994     INFO  main            d.u.i.k.p.r.p.TestFile    ... finished proof: closed. 
252403     INFO  main            d.u.i.k.p.i.AbstractProblemLoader Loading environment from /home/runner/work/key/key/key.core/../key.ui/examples/standard_key/quantifiers/heuristic_PUZ001p1.key.proof 
252404     DEBUG main            d.u.i.k.p.i.AbstractProblemLoader Environment load took 396.61ns 
252406     INFO  main            d.u.i.k.p.i.AbstractProblemLoader Creating init config 
255457     DEBUG main            d.u.i.k.p.i.AbstractProblemLoader Init config took 3.05s 
255476     INFO  main            d.u.i.k.p.i.AbstractProblemLoader Replaying proof heuristic_PUZ001p1.key.proof 
255552     DEBUG main            d.u.i.k.p.i.IntermediateProofReplayer Proof replay took 70.51ms 
255554     DEBUG main            d.u.i.k.p.r.p.TestFile    ... success: reloaded. 
255555     INFO  main            d.u.i.k.p.r.p.TestFile    Now processing file /home/runner/work/key/key/key.core/../key.ui/examples/standard_key/quantifiers/heuristic_PUZ031p1.key 
255556     INFO  main            d.u.i.k.p.i.AbstractProblemLoader Loading environment from /home/runner/work/key/key/key.core/../key.ui/examples/standard_key/quantifiers/heuristic_PUZ031p1.key 
255556     DEBUG main            d.u.i.k.p.i.AbstractProblemLoader Environment load took 205.1ns 
255558     INFO  main            d.u.i.k.p.i.AbstractProblemLoader Creating init config 
258749     DEBUG main            d.u.i.k.p.i.AbstractProblemLoader Init config took 3.19s 
258766     INFO  main            d.u.i.k.p.i.AbstractProblemLoader Replaying proof heuristic_PUZ031p1.key 
258769     DEBUG main            d.u.i.k.p.i.IntermediateProofReplayer Proof replay took 7.4ns 
264830     INFO  main            d.u.i.k.p.r.p.TestFile    ... finished proof: closed. 
265288     INFO  main            d.u.i.k.p.i.AbstractProblemLoader Loading environment from /home/runner/work/key/key/key.core/../key.ui/examples/standard_key/quantifiers/heuristic_PUZ031p1.key.proof 
265288     DEBUG main            d.u.i.k.p.i.AbstractProblemLoader Environment load took 256.6ns 
265290     INFO  main            d.u.i.k.p.i.AbstractProblemLoader Creating init config 
268301     DEBUG main            d.u.i.k.p.i.AbstractProblemLoader Init config took 3.01s 
268319     INFO  main            d.u.i.k.p.i.AbstractProblemLoader Replaying proof heuristic_PUZ031p1.key.proof 
268397     DEBUG main            d.u.i.k.p.i.IntermediateProofReplayer Proof replay took 73.05ms 
268399     DEBUG main            d.u.i.k.p.r.p.TestFile    ... success: reloaded. 
268400     INFO  main            d.u.i.k.p.r.p.TestFile    Now processing file /home/runner/work/key/key/key.core/../key.ui/examples/standard_key/quantifiers/heuristic_SYN036p2.key 
268400     INFO  main            d.u.i.k.p.i.AbstractProblemLoader Loading environment from /home/runner/work/key/key/key.core/../key.ui/examples/standard_key/quantifiers/heuristic_SYN036p2.key 
268401     DEBUG main            d.u.i.k.p.i.AbstractProblemLoader Environment load took 197.2ns 
268402     INFO  main            d.u.i.k.p.i.AbstractProblemLoader Creating init config 
271572     DEBUG main            d.u.i.k.p.i.AbstractProblemLoader Init config took 3.17s 
271588     INFO  main            d.u.i.k.p.i.AbstractProblemLoader Replaying proof heuristic_SYN036p2.key 
271590     DEBUG main            d.u.i.k.p.i.IntermediateProofReplayer Proof replay took 8.3ns 
271896     INFO  main            d.u.i.k.p.r.p.TestFile    ... finished proof: closed. 
272345     INFO  main            d.u.i.k.p.i.AbstractProblemLoader Loading environment from /home/runner/work/key/key/key.core/../key.ui/examples/standard_key/quantifiers/heuristic_SYN036p2.key.proof 
272345     DEBUG main            d.u.i.k.p.i.AbstractProblemLoader Environment load took 509.51ns 
272347     INFO  main            d.u.i.k.p.i.AbstractProblemLoader Creating init config 
275413     DEBUG main            d.u.i.k.p.i.AbstractProblemLoader Init config took 3.07s 
275428     INFO  main            d.u.i.k.p.i.AbstractProblemLoader Replaying proof heuristic_SYN036p2.key.proof 
275525     DEBUG main            d.u.i.k.p.i.IntermediateProofReplayer Proof replay took 88.03ms 
275526     DEBUG main            d.u.i.k.p.r.p.TestFile    ... success: reloaded. 
275528     INFO  main            d.u.i.k.p.r.p.TestFile    Now processing file /home/runner/work/key/key/key.core/../key.ui/examples/standard_key/quantifiers/injectivity.key 
275528     INFO  main            d.u.i.k.p.i.AbstractProblemLoader Loading environment from /home/runner/work/key/key/key.core/../key.ui/examples/standard_key/quantifiers/injectivity.key 
275528     DEBUG main            d.u.i.k.p.i.AbstractProblemLoader Environment load took 107.4ns 
275529     INFO  main            d.u.i.k.p.i.AbstractProblemLoader Creating init config 
278623     DEBUG main            d.u.i.k.p.i.AbstractProblemLoader Init config took 3.09s 
278640     INFO  main            d.u.i.k.p.i.AbstractProblemLoader Replaying proof injectivity.key 
278642     DEBUG main            d.u.i.k.p.i.IntermediateProofReplayer Proof replay took 8ns 
278744     INFO  main            d.u.i.k.p.r.p.TestFile    ... finished proof: closed. 
279191     INFO  main            d.u.i.k.p.i.AbstractProblemLoader Loading environment from /home/runner/work/key/key/key.core/../key.ui/examples/standard_key/quantifiers/injectivity.key.proof 
279191     DEBUG main            d.u.i.k.p.i.AbstractProblemLoader Environment load took 107.8ns 
279192     INFO  main            d.u.i.k.p.i.AbstractProblemLoader Creating init config 
282264     DEBUG main            d.u.i.k.p.i.AbstractProblemLoader Init config took 3.07s 
282280     INFO  main            d.u.i.k.p.i.AbstractProblemLoader Replaying proof injectivity.key.proof 
282284     DEBUG main            d.u.i.k.p.i.IntermediateProofReplayer Proof replay took 2.37ms 
282285     DEBUG main            d.u.i.k.p.r.p.TestFile    ... success: reloaded. 
282286     INFO  main            d.u.i.k.p.r.p.TestFile    Now processing file /home/runner/work/key/key/key.core/../key.ui/examples/standard_key/quantifiers/normalisation0.key 
282287     INFO  main            d.u.i.k.p.i.AbstractProblemLoader Loading environment from /home/runner/work/key/key/key.core/../key.ui/examples/standard_key/quantifiers/normalisation0.key 
282287     DEBUG main            d.u.i.k.p.i.AbstractProblemLoader Environment load took 120.3ns 
282292     INFO  main            d.u.i.k.p.i.AbstractProblemLoader Creating init config 
285382     DEBUG main            d.u.i.k.p.i.AbstractProblemLoader Init config took 3.09s 
285397     INFO  main            d.u.i.k.p.i.AbstractProblemLoader Replaying proof normalisation0.key 
285399     DEBUG main            d.u.i.k.p.i.IntermediateProofReplayer Proof replay took 7.5ns 
285502     INFO  main            d.u.i.k.p.r.p.TestFile    ... finished proof: closed. 
285938     INFO  main            d.u.i.k.p.i.AbstractProblemLoader Loading environment from /home/runner/work/key/key/key.core/../key.ui/examples/standard_key/quantifiers/normalisation0.key.proof 
285938     DEBUG main            d.u.i.k.p.i.AbstractProblemLoader Environment load took 123ns 
285940     INFO  main            d.u.i.k.p.i.AbstractProblemLoader Creating init config 
289065     DEBUG main            d.u.i.k.p.i.AbstractProblemLoader Init config took 3.13s 
289080     INFO  main            d.u.i.k.p.i.AbstractProblemLoader Replaying proof normalisation0.key.proof 
289085     DEBUG main            d.u.i.k.p.i.IntermediateProofReplayer Proof replay took 2.93ms 
289086     DEBUG main            d.u.i.k.p.r.p.TestFile    ... success: reloaded. 
289087     INFO  main            d.u.i.k.p.r.p.TestFile    Now processing file /home/runner/work/key/key/key.core/../key.ui/examples/standard_key/quantifiers/normalisation1.key 
289088     INFO  main            d.u.i.k.p.i.AbstractProblemLoader Loading environment from /home/runner/work/key/key/key.core/../key.ui/examples/standard_key/quantifiers/normalisation1.key 
289088     DEBUG main            d.u.i.k.p.i.AbstractProblemLoader Environment load took 63.1ns 
289089     INFO  main            d.u.i.k.p.i.AbstractProblemLoader Creating init config 
292190     DEBUG main            d.u.i.k.p.i.AbstractProblemLoader Init config took 3.1s 
292230     INFO  main            d.u.i.k.p.i.AbstractProblemLoader Replaying proof normalisation1.key 
292232     DEBUG main            d.u.i.k.p.i.IntermediateProofReplayer Proof replay took 9.7ns 
292339     INFO  main            d.u.i.k.p.r.p.TestFile    ... finished proof: closed. 
292773     INFO  main            d.u.i.k.p.i.AbstractProblemLoader Loading environment from /home/runner/work/key/key/key.core/../key.ui/examples/standard_key/quantifiers/normalisation1.key.proof 
292773     DEBUG main            d.u.i.k.p.i.AbstractProblemLoader Environment load took 141.4ns 
292775     INFO  main            d.u.i.k.p.i.AbstractProblemLoader Creating init config 
295846     DEBUG main            d.u.i.k.p.i.AbstractProblemLoader Init config took 3.07s 
295863     INFO  main            d.u.i.k.p.i.AbstractProblemLoader Replaying proof normalisation1.key.proof 
295868     DEBUG main            d.u.i.k.p.i.IntermediateProofReplayer Proof replay took 3.33ms 
295869     DEBUG main            d.u.i.k.p.r.p.TestFile    ... success: reloaded. 
295869     INFO  main            d.u.i.k.p.r.p.TestFile    Now processing file /home/runner/work/key/key/key.core/../key.ui/examples/standard_key/quantifiers/normalisation2.key 
295870     INFO  main            d.u.i.k.p.i.AbstractProblemLoader Loading environment from /home/runner/work/key/key/key.core/../key.ui/examples/standard_key/quantifiers/normalisation2.key 
295870     DEBUG main            d.u.i.k.p.i.AbstractProblemLoader Environment load took 155.7ns 
295871     INFO  main            d.u.i.k.p.i.AbstractProblemLoader Creating init config 
298978     DEBUG main            d.u.i.k.p.i.AbstractProblemLoader Init config took 3.11s 
298993     INFO  main            d.u.i.k.p.i.AbstractProblemLoader Replaying proof normalisation2.key 
298995     DEBUG main            d.u.i.k.p.i.IntermediateProofReplayer Proof replay took 8.7ns 
299097     INFO  main            d.u.i.k.p.r.p.TestFile    ... finished proof: closed. 
299533     INFO  main            d.u.i.k.p.i.AbstractProblemLoader Loading environment from /home/runner/work/key/key/key.core/../key.ui/examples/standard_key/quantifiers/normalisation2.key.proof 
299533     DEBUG main            d.u.i.k.p.i.AbstractProblemLoader Environment load took 138.8ns 
299535     INFO  main            d.u.i.k.p.i.AbstractProblemLoader Creating init config 
302580     DEBUG main            d.u.i.k.p.i.AbstractProblemLoader Init config took 3.04s 
302595     INFO  main            d.u.i.k.p.i.AbstractProblemLoader Replaying proof normalisation2.key.proof 
302599     DEBUG main            d.u.i.k.p.i.IntermediateProofReplayer Proof replay took 2.62ms 
302600     DEBUG main            d.u.i.k.p.r.p.TestFile    ... success: reloaded. 
302601     INFO  main            d.u.i.k.p.r.p.TestFile    Now processing file /home/runner/work/key/key/key.core/../key.ui/examples/standard_key/quantifiers/normalisation3.key 
302601     INFO  main            d.u.i.k.p.i.AbstractProblemLoader Loading environment from /home/runner/work/key/key/key.core/../key.ui/examples/standard_key/quantifiers/normalisation3.key 
302601     DEBUG main            d.u.i.k.p.i.AbstractProblemLoader Environment load took 110.4ns 
302602     INFO  main            d.u.i.k.p.i.AbstractProblemLoader Creating init config 
305723     DEBUG main            d.u.i.k.p.i.AbstractProblemLoader Init config took 3.12s 
305738     INFO  main            d.u.i.k.p.i.AbstractProblemLoader Replaying proof normalisation3.key 
305740     DEBUG main            d.u.i.k.p.i.IntermediateProofReplayer Proof replay took 8.6ns 
305842     INFO  main            d.u.i.k.p.r.p.TestFile    ... finished proof: closed. 
306280     INFO  main            d.u.i.k.p.i.AbstractProblemLoader Loading environment from /home/runner/work/key/key/key.core/../key.ui/examples/standard_key/quantifiers/normalisation3.key.proof 
306281     DEBUG main            d.u.i.k.p.i.AbstractProblemLoader Environment load took 95.1ns 
306282     INFO  main            d.u.i.k.p.i.AbstractProblemLoader Creating init config 
309344     DEBUG main            d.u.i.k.p.i.AbstractProblemLoader Init config took 3.06s 
309360     INFO  main            d.u.i.k.p.i.AbstractProblemLoader Replaying proof normalisation3.key.proof 
309365     DEBUG main            d.u.i.k.p.i.IntermediateProofReplayer Proof replay took 3.81ms 
309366     DEBUG main            d.u.i.k.p.r.p.TestFile    ... success: reloaded. 
309367     INFO  main            d.u.i.k.p.r.p.TestFile    Now processing file /home/runner/work/key/key/key.core/../key.ui/examples/standard_key/quantifiers/normalisation4.key 
309367     INFO  main            d.u.i.k.p.i.AbstractProblemLoader Loading environment from /home/runner/work/key/key/key.core/../key.ui/examples/standard_key/quantifiers/normalisation4.key 
309367     DEBUG main            d.u.i.k.p.i.AbstractProblemLoader Environment load took 125.7ns 
309368     INFO  main            d.u.i.k.p.i.AbstractProblemLoader Creating init config 
312520     DEBUG main            d.u.i.k.p.i.AbstractProblemLoader Init config took 3.15s 
312536     INFO  main            d.u.i.k.p.i.AbstractProblemLoader Replaying proof normalisation4.key 
312539     DEBUG main            d.u.i.k.p.i.IntermediateProofReplayer Proof replay took 9.1ns 
312641     INFO  main            d.u.i.k.p.r.p.TestFile    ... finished proof: closed. 
313094     INFO  main            d.u.i.k.p.i.AbstractProblemLoader Loading environment from /home/runner/work/key/key/key.core/../key.ui/examples/standard_key/quantifiers/normalisation4.key.proof 
313094     DEBUG main            d.u.i.k.p.i.AbstractProblemLoader Environment load took 97.2ns 
313095     INFO  main            d.u.i.k.p.i.AbstractProblemLoader Creating init config 
316113     DEBUG main            d.u.i.k.p.i.AbstractProblemLoader Init config took 3.02s 
316128     INFO  main            d.u.i.k.p.i.AbstractProblemLoader Replaying proof normalisation4.key.proof 
316136     DEBUG main            d.u.i.k.p.i.IntermediateProofReplayer Proof replay took 6.36ms 
316138     DEBUG main            d.u.i.k.p.r.p.TestFile    ... success: reloaded. 
316139     INFO  main            d.u.i.k.p.r.p.TestFile    Now processing file /home/runner/work/key/key/key.core/../key.ui/examples/standard_key/quantifiers/normalisation5.key 
316139     INFO  main            d.u.i.k.p.i.AbstractProblemLoader Loading environment from /home/runner/work/key/key/key.core/../key.ui/examples/standard_key/quantifiers/normalisation5.key 
316139     DEBUG main            d.u.i.k.p.i.AbstractProblemLoader Environment load took 103.2ns 
316140     INFO  main            d.u.i.k.p.i.AbstractProblemLoader Creating init config 
319245     DEBUG main            d.u.i.k.p.i.AbstractProblemLoader Init config took 3.1s 
319260     INFO  main            d.u.i.k.p.i.AbstractProblemLoader Replaying proof normalisation5.key 
319262     DEBUG main            d.u.i.k.p.i.IntermediateProofReplayer Proof replay took 8.3ns 
319364     INFO  main            d.u.i.k.p.r.p.TestFile    ... finished proof: closed. 
319832     INFO  main            d.u.i.k.p.i.AbstractProblemLoader Loading environment from /home/runner/work/key/key/key.core/../key.ui/examples/standard_key/quantifiers/normalisation5.key.proof 
319833     DEBUG main            d.u.i.k.p.i.AbstractProblemLoader Environment load took 107.9ns 
319834     INFO  main            d.u.i.k.p.i.AbstractProblemLoader Creating init config 
322928     DEBUG main            d.u.i.k.p.i.AbstractProblemLoader Init config took 3.09s 
322943     INFO  main            d.u.i.k.p.i.AbstractProblemLoader Replaying proof normalisation5.key.proof 
322950     DEBUG main            d.u.i.k.p.i.IntermediateProofReplayer Proof replay took 5.21ms 
322951     DEBUG main            d.u.i.k.p.r.p.TestFile    ... success: reloaded. 
322952     INFO  main            d.u.i.k.p.r.p.TestFile    Now processing file /home/runner/work/key/key/key.core/../key.ui/examples/standard_key/quantifiers/normalisation6.key 
322952     INFO  main            d.u.i.k.p.i.AbstractProblemLoader Loading environment from /home/runner/work/key/key/key.core/../key.ui/examples/standard_key/quantifiers/normalisation6.key 
322953     DEBUG main            d.u.i.k.p.i.AbstractProblemLoader Environment load took 156.5ns 
322954     INFO  main            d.u.i.k.p.i.AbstractProblemLoader Creating init config 
326075     DEBUG main            d.u.i.k.p.i.AbstractProblemLoader Init config took 3.12s 
326091     INFO  main            d.u.i.k.p.i.AbstractProblemLoader Replaying proof normalisation6.key 
326093     DEBUG main            d.u.i.k.p.i.IntermediateProofReplayer Proof replay took 9.1ns 
326198     INFO  main            d.u.i.k.p.r.p.TestFile    ... finished proof: closed. 
326662     INFO  main            d.u.i.k.p.i.AbstractProblemLoader Loading environment from /home/runner/work/key/key/key.core/../key.ui/examples/standard_key/quantifiers/normalisation6.key.proof 
326662     DEBUG main            d.u.i.k.p.i.AbstractProblemLoader Environment load took 92ns 
326664     INFO  main            d.u.i.k.p.i.AbstractProblemLoader Creating init config 
329803     DEBUG main            d.u.i.k.p.i.AbstractProblemLoader Init config took 3.14s 
329824     INFO  main            d.u.i.k.p.i.AbstractProblemLoader Replaying proof normalisation6.key.proof 
329830     DEBUG main            d.u.i.k.p.i.IntermediateProofReplayer Proof replay took 4.21ms 
329832     DEBUG main            d.u.i.k.p.r.p.TestFile    ... success: reloaded. 
329833     INFO  main            d.u.i.k.p.r.p.TestFile    Now processing file /home/runner/work/key/key/key.core/../key.ui/examples/standard_key/quantifiers/normalisation7.key 
329833     INFO  main            d.u.i.k.p.i.AbstractProblemLoader Loading environment from /home/runner/work/key/key/key.core/../key.ui/examples/standard_key/quantifiers/normalisation7.key 
329834     DEBUG main            d.u.i.k.p.i.AbstractProblemLoader Environment load took 106.8ns 
329835     INFO  main            d.u.i.k.p.i.AbstractProblemLoader Creating init config 
332940     DEBUG main            d.u.i.k.p.i.AbstractProblemLoader Init config took 3.1s 
332955     INFO  main            d.u.i.k.p.i.AbstractProblemLoader Replaying proof normalisation7.key 
332957     DEBUG main            d.u.i.k.p.i.IntermediateProofReplayer Proof replay took 7.2ns 
333059     INFO  main            d.u.i.k.p.r.p.TestFile    ... finished proof: closed. 
333554     INFO  main            d.u.i.k.p.i.AbstractProblemLoader Loading environment from /home/runner/work/key/key/key.core/../key.ui/examples/standard_key/quantifiers/normalisation7.key.proof 
333554     DEBUG main            d.u.i.k.p.i.AbstractProblemLoader Environment load took 121.4ns 
333555     INFO  main            d.u.i.k.p.i.AbstractProblemLoader Creating init config 
336672     DEBUG main            d.u.i.k.p.i.AbstractProblemLoader Init config took 3.12s 
336690     INFO  main            d.u.i.k.p.i.AbstractProblemLoader Replaying proof normalisation7.key.proof 
336694     DEBUG main            d.u.i.k.p.i.IntermediateProofReplayer Proof replay took 2.85ms 
336695     DEBUG main            d.u.i.k.p.r.p.TestFile    ... success: reloaded. 
336696     INFO  main            d.u.i.k.p.r.p.TestFile    Now processing file /home/runner/work/key/key/key.core/../key.ui/examples/standard_key/quantifiers/normalisation8.key 
336696     INFO  main            d.u.i.k.p.i.AbstractProblemLoader Loading environment from /home/runner/work/key/key/key.core/../key.ui/examples/standard_key/quantifiers/normalisation8.key 
336697     DEBUG main            d.u.i.k.p.i.AbstractProblemLoader Environment load took 127.7ns 
336698     INFO  main            d.u.i.k.p.i.AbstractProblemLoader Creating init config 
339818     DEBUG main            d.u.i.k.p.i.AbstractProblemLoader Init config took 3.12s 
339835     INFO  main            d.u.i.k.p.i.AbstractProblemLoader Replaying proof normalisation8.key 
339837     DEBUG main            d.u.i.k.p.i.IntermediateProofReplayer Proof replay took 8.8ns 
339940     INFO  main            d.u.i.k.p.r.p.TestFile    ... finished proof: closed. 
340435     INFO  main            d.u.i.k.p.i.AbstractProblemLoader Loading environment from /home/runner/work/key/key/key.core/../key.ui/examples/standard_key/quantifiers/normalisation8.key.proof 
340435     DEBUG main            d.u.i.k.p.i.AbstractProblemLoader Environment load took 97ns 
340436     INFO  main            d.u.i.k.p.i.AbstractProblemLoader Creating init config 
343512     DEBUG main            d.u.i.k.p.i.AbstractProblemLoader Init config took 3.08s 
343528     INFO  main            d.u.i.k.p.i.AbstractProblemLoader Replaying proof normalisation8.key.proof 
343538     DEBUG main            d.u.i.k.p.i.IntermediateProofReplayer Proof replay took 8.36ms 
343539     DEBUG main            d.u.i.k.p.r.p.TestFile    ... success: reloaded. 
343540     INFO  main            d.u.i.k.p.r.p.TestFile    Now processing file /home/runner/work/key/key/key.core/../key.ui/examples/standard_key/quantifiers/normalisation9.key 
343540     INFO  main            d.u.i.k.p.i.AbstractProblemLoader Loading environment from /home/runner/work/key/key/key.core/../key.ui/examples/standard_key/quantifiers/normalisation9.key 
343540     DEBUG main            d.u.i.k.p.i.AbstractProblemLoader Environment load took 123.3ns 
343541     INFO  main            d.u.i.k.p.i.AbstractProblemLoader Creating init config 
346639     DEBUG main            d.u.i.k.p.i.AbstractProblemLoader Init config took 3.1s 
346654     INFO  main            d.u.i.k.p.i.AbstractProblemLoader Replaying proof normalisation9.key 
346656     DEBUG main            d.u.i.k.p.i.IntermediateProofReplayer Proof replay took 7.8ns 
346758     INFO  main            d.u.i.k.p.r.p.TestFile    ... finished proof: closed. 
347262     INFO  main            d.u.i.k.p.i.AbstractProblemLoader Loading environment from /home/runner/work/key/key/key.core/../key.ui/examples/standard_key/quantifiers/normalisation9.key.proof 
347262     DEBUG main            d.u.i.k.p.i.AbstractProblemLoader Environment load took 91.8ns 
347263     INFO  main            d.u.i.k.p.i.AbstractProblemLoader Creating init config 
350341     DEBUG main            d.u.i.k.p.i.AbstractProblemLoader Init config took 3.08s 
350356     INFO  main            d.u.i.k.p.i.AbstractProblemLoader Replaying proof normalisation9.key.proof 
350367     DEBUG main            d.u.i.k.p.i.IntermediateProofReplayer Proof replay took 8.92ms 
350368     DEBUG main            d.u.i.k.p.r.p.TestFile    ... success: reloaded. 
350369     INFO  main            d.u.i.k.p.r.p.TestFile    Now processing file /home/runner/work/key/key/key.core/../key.ui/examples/standard_key/quantifiers/normalisation10.key 
350370     INFO  main            d.u.i.k.p.i.AbstractProblemLoader Loading environment from /home/runner/work/key/key/key.core/../key.ui/examples/standard_key/quantifiers/normalisation10.key 
350370     DEBUG main            d.u.i.k.p.i.AbstractProblemLoader Environment load took 111.2ns 
350371     INFO  main            d.u.i.k.p.i.AbstractProblemLoader Creating init config 
353519     DEBUG main            d.u.i.k.p.i.AbstractProblemLoader Init config took 3.15s 
353535     INFO  main            d.u.i.k.p.i.AbstractProblemLoader Replaying proof normalisation10.key 
353537     DEBUG main            d.u.i.k.p.i.IntermediateProofReplayer Proof replay took 9.7ns 
353640     INFO  main            d.u.i.k.p.r.p.TestFile    ... finished proof: closed. 
354152     INFO  main            d.u.i.k.p.i.AbstractProblemLoader Loading environment from /home/runner/work/key/key/key.core/../key.ui/examples/standard_key/quantifiers/normalisation10.key.proof 
354152     DEBUG main            d.u.i.k.p.i.AbstractProblemLoader Environment load took 91.2ns 
354153     INFO  main            d.u.i.k.p.i.AbstractProblemLoader Creating init config 
357206     DEBUG main            d.u.i.k.p.i.AbstractProblemLoader Init config took 3.05s 
357221     INFO  main            d.u.i.k.p.i.AbstractProblemLoader Replaying proof normalisation10.key.proof 
357230     DEBUG main            d.u.i.k.p.i.IntermediateProofReplayer Proof replay took 6.32ms 
357231     DEBUG main            d.u.i.k.p.r.p.TestFile    ... success: reloaded. 
357232     INFO  main            d.u.i.k.p.r.p.TestFile    Now processing file /home/runner/work/key/key/key.core/../key.ui/examples/standard_key/quantifiers/normalisation12.key 
357232     INFO  main            d.u.i.k.p.i.AbstractProblemLoader Loading environment from /home/runner/work/key/key/key.core/../key.ui/examples/standard_key/quantifiers/normalisation12.key 
357232     DEBUG main            d.u.i.k.p.i.AbstractProblemLoader Environment load took 80.1ns 
357233     INFO  main            d.u.i.k.p.i.AbstractProblemLoader Creating init config 
360376     DEBUG main            d.u.i.k.p.i.AbstractProblemLoader Init config took 3.14s 
360393     INFO  main            d.u.i.k.p.i.AbstractProblemLoader Replaying proof normalisation12.key 
360394     DEBUG main            d.u.i.k.p.i.IntermediateProofReplayer Proof replay took 9.3ns 
360496     INFO  main            d.u.i.k.p.r.p.TestFile    ... finished proof: closed. 
360994     INFO  main            d.u.i.k.p.i.AbstractProblemLoader Loading environment from /home/runner/work/key/key/key.core/../key.ui/examples/standard_key/quantifiers/normalisation12.key.proof 
360994     DEBUG main            d.u.i.k.p.i.AbstractProblemLoader Environment load took 119.7ns 
360995     INFO  main            d.u.i.k.p.i.AbstractProblemLoader Creating init config 
364046     DEBUG main            d.u.i.k.p.i.AbstractProblemLoader Init config took 3.05s 
364062     INFO  main            d.u.i.k.p.i.AbstractProblemLoader Replaying proof normalisation12.key.proof 
364067     DEBUG main            d.u.i.k.p.i.IntermediateProofReplayer Proof replay took 1.5ms 
364069     DEBUG main            d.u.i.k.p.r.p.TestFile    ... success: reloaded. 
364070     INFO  main            d.u.i.k.p.r.p.TestFile    Now processing file /home/runner/work/key/key/key.core/../key.ui/examples/standard_key/quantifiers/normalisation13.key 
364070     INFO  main            d.u.i.k.p.i.AbstractProblemLoader Loading environment from /home/runner/work/key/key/key.core/../key.ui/examples/standard_key/quantifiers/normalisation13.key 
364070     DEBUG main            d.u.i.k.p.i.AbstractProblemLoader Environment load took 99.1ns 
364071     INFO  main            d.u.i.k.p.i.AbstractProblemLoader Creating init config 
367368     DEBUG main            d.u.i.k.p.i.AbstractProblemLoader Init config took 3.3s 
367384     INFO  main            d.u.i.k.p.i.AbstractProblemLoader Replaying proof normalisation13.key 
367386     DEBUG main            d.u.i.k.p.i.IntermediateProofReplayer Proof replay took 8.2ns 
367488     INFO  main            d.u.i.k.p.r.p.TestFile    ... finished proof: closed. 
368016     INFO  main            d.u.i.k.p.i.AbstractProblemLoader Loading environment from /home/runner/work/key/key/key.core/../key.ui/examples/standard_key/quantifiers/normalisation13.key.proof 
368016     DEBUG main            d.u.i.k.p.i.AbstractProblemLoader Environment load took 86.9ns 
368017     INFO  main            d.u.i.k.p.i.AbstractProblemLoader Creating init config 
371166     DEBUG main            d.u.i.k.p.i.AbstractProblemLoader Init config took 3.15s 
371182     INFO  main            d.u.i.k.p.i.AbstractProblemLoader Replaying proof normalisation13.key.proof 
371184     DEBUG main            d.u.i.k.p.i.IntermediateProofReplayer Proof replay took 698.61ns 
371185     DEBUG main            d.u.i.k.p.r.p.TestFile    ... success: reloaded. 
371186     INFO  main            d.u.i.k.p.r.p.TestFile    Now processing file /home/runner/work/key/key/key.core/../key.ui/examples/standard_key/quantifiers/triggers0.key 
371186     INFO  main            d.u.i.k.p.i.AbstractProblemLoader Loading environment from /home/runner/work/key/key/key.core/../key.ui/examples/standard_key/quantifiers/triggers0.key 
371186     DEBUG main            d.u.i.k.p.i.AbstractProblemLoader Environment load took 125.3ns 
371187     INFO  main            d.u.i.k.p.i.AbstractProblemLoader Creating init config 
374399     DEBUG main            d.u.i.k.p.i.AbstractProblemLoader Init config took 3.21s 
374414     INFO  main            d.u.i.k.p.i.AbstractProblemLoader Replaying proof triggers0.key 
374416     DEBUG main            d.u.i.k.p.i.IntermediateProofReplayer Proof replay took 7.9ns 
374518     INFO  main            d.u.i.k.p.r.p.TestFile    ... finished proof: closed. 
375035     INFO  main            d.u.i.k.p.i.AbstractProblemLoader Loading environment from /home/runner/work/key/key/key.core/../key.ui/examples/standard_key/quantifiers/triggers0.key.proof 
375035     DEBUG main            d.u.i.k.p.i.AbstractProblemLoader Environment load took 89.4ns 
375036     INFO  main            d.u.i.k.p.i.AbstractProblemLoader Creating init config 
378156     DEBUG main            d.u.i.k.p.i.AbstractProblemLoader Init config took 3.12s 
378172     INFO  main            d.u.i.k.p.i.AbstractProblemLoader Replaying proof triggers0.key.proof 
378176     DEBUG main            d.u.i.k.p.i.IntermediateProofReplayer Proof replay took 1.99ms 
378177     DEBUG main            d.u.i.k.p.r.p.TestFile    ... success: reloaded. 
5046160    INFO  Test worker     d.u.i.k.p.r.RunAllProofsTestUnit Returning from test FOL 
5046161    INFO  Test worker     d.u.i.k.p.r.RunAllProofsTestUnit Running test strings 
481        INFO  Timeout watchdog d.u.i.k.p.r.p.ForkedTestFileRunner Timeout watcher launched (2000 secs.) 
515        WARN  main            d.u.i.k.s.ProofSettings   The settings in /home/runner/.key/proof-settings.props are *not* read. 
579        INFO  main            d.u.i.k.p.r.p.TestFile    Now processing file /home/runner/work/key/key/key.core/../key.ui/examples/standard_key/strings/charAt0.key 
731        INFO  main            d.u.i.k.p.i.AbstractProblemLoader Loading environment from /home/runner/work/key/key/key.core/../key.ui/examples/standard_key/strings/charAt0.key 
752        DEBUG main            d.u.i.k.p.i.AbstractProblemLoader Environment load took 2.35ms 
1088       INFO  main            d.u.i.k.p.i.AbstractProblemLoader Creating init config 
2411       DEBUG main            d.u.i.k.j.TypeConverter   No LDT found for Meta 
2411       DEBUG main            d.u.i.k.j.TypeConverter   No LDT found for Meta 
2415       DEBUG main            d.u.i.k.j.TypeConverter   No LDT found for Meta 
2415       DEBUG main            d.u.i.k.j.TypeConverter   No LDT found for Meta 
4305       DEBUG main            d.u.i.k.j.TypeConverter   No LDT found for JavaBigintExpression 
10558      DEBUG main            d.u.i.k.p.i.AbstractProblemLoader Init config took 9.47s 
10645      INFO  main            d.u.i.k.p.i.AbstractProblemLoader Replaying proof charAt0.key 
10691      DEBUG main            d.u.i.k.p.i.IntermediateProofReplayer Proof replay took 41.1ns 
11267      INFO  main            d.u.i.k.p.r.p.TestFile    ... finished proof: closed. 
11396      INFO  main            d.u.i.k.p.i.AbstractProblemLoader Loading environment from /home/runner/work/key/key/key.core/../key.ui/examples/standard_key/strings/charAt0.key.proof 
11398      DEBUG main            d.u.i.k.p.i.AbstractProblemLoader Environment load took 1.44ms 
11405      INFO  main            d.u.i.k.p.i.AbstractProblemLoader Creating init config 
14924      DEBUG main            d.u.i.k.p.i.AbstractProblemLoader Init config took 3.52s 
14963      INFO  main            d.u.i.k.p.i.AbstractProblemLoader Replaying proof charAt0.key.proof 
14997      DEBUG main            d.u.i.k.p.i.IntermediateProofReplayer Proof replay took 26.69ms 
15013      DEBUG main            d.u.i.k.p.r.p.TestFile    ... success: reloaded. 
15014      INFO  main            d.u.i.k.p.r.p.TestFile    Now processing file /home/runner/work/key/key/key.core/../key.ui/examples/standard_key/strings/charAt1.key 
15015      INFO  main            d.u.i.k.p.i.AbstractProblemLoader Loading environment from /home/runner/work/key/key/key.core/../key.ui/examples/standard_key/strings/charAt1.key 
15015      DEBUG main            d.u.i.k.p.i.AbstractProblemLoader Environment load took 301ns 
15017      INFO  main            d.u.i.k.p.i.AbstractProblemLoader Creating init config 
18520      DEBUG main            d.u.i.k.p.i.AbstractProblemLoader Init config took 3.5s 
18556      INFO  main            d.u.i.k.p.i.AbstractProblemLoader Replaying proof charAt1.key 
18559      DEBUG main            d.u.i.k.p.i.IntermediateProofReplayer Proof replay took 6.6ns 
18863      INFO  main            d.u.i.k.p.r.p.TestFile    ... finished proof: closed. 
19038      INFO  main            d.u.i.k.p.i.AbstractProblemLoader Loading environment from /home/runner/work/key/key/key.core/../key.ui/examples/standard_key/strings/charAt1.key.proof 
19039      DEBUG main            d.u.i.k.p.i.AbstractProblemLoader Environment load took 463.81ns 
19041      INFO  main            d.u.i.k.p.i.AbstractProblemLoader Creating init config 
22424      DEBUG main            d.u.i.k.p.i.AbstractProblemLoader Init config took 3.38s 
22455      INFO  main            d.u.i.k.p.i.AbstractProblemLoader Replaying proof charAt1.key.proof 
22481      DEBUG main            d.u.i.k.p.i.IntermediateProofReplayer Proof replay took 21.3ms 
22482      DEBUG main            d.u.i.k.p.r.p.TestFile    ... success: reloaded. 
22483      INFO  main            d.u.i.k.p.r.p.TestFile    Now processing file /home/runner/work/key/key/key.core/../key.ui/examples/standard_key/strings/concat1.key 
22484      INFO  main            d.u.i.k.p.i.AbstractProblemLoader Loading environment from /home/runner/work/key/key/key.core/../key.ui/examples/standard_key/strings/concat1.key 
22484      DEBUG main            d.u.i.k.p.i.AbstractProblemLoader Environment load took 293.9ns 
22486      INFO  main            d.u.i.k.p.i.AbstractProblemLoader Creating init config 
25724      DEBUG main            d.u.i.k.p.i.AbstractProblemLoader Init config took 3.24s 
25752      INFO  main            d.u.i.k.p.i.AbstractProblemLoader Replaying proof concat1.key 
25754      DEBUG main            d.u.i.k.p.i.IntermediateProofReplayer Proof replay took 6.4ns 
25857      INFO  main            d.u.i.k.p.r.p.TestFile    ... finished proof: closed. 
26037      INFO  main            d.u.i.k.p.i.AbstractProblemLoader Loading environment from /home/runner/work/key/key/key.core/../key.ui/examples/standard_key/strings/concat1.key.proof 
26038      DEBUG main            d.u.i.k.p.i.AbstractProblemLoader Environment load took 457.81ns 
26040      INFO  main            d.u.i.k.p.i.AbstractProblemLoader Creating init config 
29237      DEBUG main            d.u.i.k.p.i.AbstractProblemLoader Init config took 3.2s 
29264      INFO  main            d.u.i.k.p.i.AbstractProblemLoader Replaying proof concat1.key.proof 
29268      DEBUG main            d.u.i.k.p.i.IntermediateProofReplayer Proof replay took 1.79ms 
29269      DEBUG main            d.u.i.k.p.r.p.TestFile    ... success: reloaded. 
29270      INFO  main            d.u.i.k.p.r.p.TestFile    Now processing file /home/runner/work/key/key/key.core/../key.ui/examples/standard_key/strings/concat2.key 
29271      INFO  main            d.u.i.k.p.i.AbstractProblemLoader Loading environment from /home/runner/work/key/key/key.core/../key.ui/examples/standard_key/strings/concat2.key 
29271      DEBUG main            d.u.i.k.p.i.AbstractProblemLoader Environment load took 233.8ns 
29273      INFO  main            d.u.i.k.p.i.AbstractProblemLoader Creating init config 
32424      DEBUG main            d.u.i.k.p.i.AbstractProblemLoader Init config took 3.15s 
32449      INFO  main            d.u.i.k.p.i.AbstractProblemLoader Replaying proof concat2.key 
32451      DEBUG main            d.u.i.k.p.i.IntermediateProofReplayer Proof replay took 7.2ns 
32555      INFO  main            d.u.i.k.p.r.p.TestFile    ... finished proof: closed. 
32776      INFO  main            d.u.i.k.p.i.AbstractProblemLoader Loading environment from /home/runner/work/key/key/key.core/../key.ui/examples/standard_key/strings/concat2.key.proof 
32776      DEBUG main            d.u.i.k.p.i.AbstractProblemLoader Environment load took 151.6ns 
32778      INFO  main            d.u.i.k.p.i.AbstractProblemLoader Creating init config 
35919      DEBUG main            d.u.i.k.p.i.AbstractProblemLoader Init config took 3.14s 
35947      INFO  main            d.u.i.k.p.i.AbstractProblemLoader Replaying proof concat2.key.proof 
35964      DEBUG main            d.u.i.k.p.i.IntermediateProofReplayer Proof replay took 14.03ms 
35966      DEBUG main            d.u.i.k.p.r.p.TestFile    ... success: reloaded. 
35967      INFO  main            d.u.i.k.p.r.p.TestFile    Now processing file /home/runner/work/key/key/key.core/../key.ui/examples/standard_key/strings/deriveLength1.key 
35967      INFO  main            d.u.i.k.p.i.AbstractProblemLoader Loading environment from /home/runner/work/key/key/key.core/../key.ui/examples/standard_key/strings/deriveLength1.key 
35967      DEBUG main            d.u.i.k.p.i.AbstractProblemLoader Environment load took 134.5ns 
35969      INFO  main            d.u.i.k.p.i.AbstractProblemLoader Creating init config 
39102      DEBUG main            d.u.i.k.p.i.AbstractProblemLoader Init config took 3.13s 
39126      INFO  main            d.u.i.k.p.i.AbstractProblemLoader Replaying proof deriveLength1.key 
39128      DEBUG main            d.u.i.k.p.i.IntermediateProofReplayer Proof replay took 6.6ns 
39235      INFO  main            d.u.i.k.p.r.p.TestFile    ... finished proof: closed. 
39439      INFO  main            d.u.i.k.p.i.AbstractProblemLoader Loading environment from /home/runner/work/key/key/key.core/../key.ui/examples/standard_key/strings/deriveLength1.key.proof 
39439      DEBUG main            d.u.i.k.p.i.AbstractProblemLoader Environment load took 521.91ns 
39441      INFO  main            d.u.i.k.p.i.AbstractProblemLoader Creating init config 
42599      DEBUG main            d.u.i.k.p.i.AbstractProblemLoader Init config took 3.16s 
42623      INFO  main            d.u.i.k.p.i.AbstractProblemLoader Replaying proof deriveLength1.key.proof 
42639      DEBUG main            d.u.i.k.p.i.IntermediateProofReplayer Proof replay took 13.17ms 
42641      DEBUG main            d.u.i.k.p.r.p.TestFile    ... success: reloaded. 
42642      INFO  main            d.u.i.k.p.r.p.TestFile    Now processing file /home/runner/work/key/key/key.core/../key.ui/examples/standard_key/strings/emptyStringLengthZero.key 
42643      INFO  main            d.u.i.k.p.i.AbstractProblemLoader Loading environment from /home/runner/work/key/key/key.core/../key.ui/examples/standard_key/strings/emptyStringLengthZero.key 
42643      DEBUG main            d.u.i.k.p.i.AbstractProblemLoader Environment load took 229.4ns 
42645      INFO  main            d.u.i.k.p.i.AbstractProblemLoader Creating init config 
45763      DEBUG main            d.u.i.k.p.i.AbstractProblemLoader Init config took 3.12s 
45785      INFO  main            d.u.i.k.p.i.AbstractProblemLoader Replaying proof emptyStringLengthZero.key 
45787      DEBUG main            d.u.i.k.p.i.IntermediateProofReplayer Proof replay took 7ns 
45896      INFO  main            d.u.i.k.p.r.p.TestFile    ... finished proof: closed. 
46097      INFO  main            d.u.i.k.p.i.AbstractProblemLoader Loading environment from /home/runner/work/key/key/key.core/../key.ui/examples/standard_key/strings/emptyStringLengthZero.key.proof 
46098      DEBUG main            d.u.i.k.p.i.AbstractProblemLoader Environment load took 155.2ns 
46099      INFO  main            d.u.i.k.p.i.AbstractProblemLoader Creating init config 
49196      DEBUG main            d.u.i.k.p.i.AbstractProblemLoader Init config took 3.1s 
49215      INFO  main            d.u.i.k.p.i.AbstractProblemLoader Replaying proof emptyStringLengthZero.key.proof 
49223      DEBUG main            d.u.i.k.p.i.IntermediateProofReplayer Proof replay took 4.87ms 
49224      DEBUG main            d.u.i.k.p.r.p.TestFile    ... success: reloaded. 
49225      INFO  main            d.u.i.k.p.r.p.TestFile    Now processing file /home/runner/work/key/key/key.core/../key.ui/examples/standard_key/strings/implicitBooleanStringConversion.key 
49225      INFO  main            d.u.i.k.p.i.AbstractProblemLoader Loading environment from /home/runner/work/key/key/key.core/../key.ui/examples/standard_key/strings/implicitBooleanStringConversion.key 
49225      DEBUG main            d.u.i.k.p.i.AbstractProblemLoader Environment load took 217.4ns 
49227      INFO  main            d.u.i.k.p.i.AbstractProblemLoader Creating init config 
52403      DEBUG main            d.u.i.k.p.i.AbstractProblemLoader Init config took 3.18s 
52429      INFO  main            d.u.i.k.p.i.AbstractProblemLoader Replaying proof implicitBooleanStringConversion.key 
52431      DEBUG main            d.u.i.k.p.i.IntermediateProofReplayer Proof replay took 9.6ns 
53651      INFO  main            d.u.i.k.p.r.p.TestFile    ... finished proof: closed. 
53943      INFO  main            d.u.i.k.p.i.AbstractProblemLoader Loading environment from /home/runner/work/key/key/key.core/../key.ui/examples/standard_key/strings/implicitBooleanStringConversion.key.proof 
53944      DEBUG main            d.u.i.k.p.i.AbstractProblemLoader Environment load took 208.6ns 
53949      INFO  main            d.u.i.k.p.i.AbstractProblemLoader Creating init config 
57079      DEBUG main            d.u.i.k.p.i.AbstractProblemLoader Init config took 3.13s 
57101      INFO  main            d.u.i.k.p.i.AbstractProblemLoader Replaying proof implicitBooleanStringConversion.key.proof 
57269      DEBUG main            d.u.i.k.p.i.IntermediateProofReplayer Proof replay took 159.27ms 
57271      DEBUG main            d.u.i.k.p.r.p.TestFile    ... success: reloaded. 
57272      INFO  main            d.u.i.k.p.r.p.TestFile    Now processing file /home/runner/work/key/key/key.core/../key.ui/examples/standard_key/strings/implicitBooleanStringConversion2.key 
57273      INFO  main            d.u.i.k.p.i.AbstractProblemLoader Loading environment from /home/runner/work/key/key/key.core/../key.ui/examples/standard_key/strings/implicitBooleanStringConversion2.key 
57273      DEBUG main            d.u.i.k.p.i.AbstractProblemLoader Environment load took 277.7ns 
57274      INFO  main            d.u.i.k.p.i.AbstractProblemLoader Creating init config 
60526      DEBUG main            d.u.i.k.p.i.AbstractProblemLoader Init config took 3.25s 
60549      INFO  main            d.u.i.k.p.i.AbstractProblemLoader Replaying proof implicitBooleanStringConversion2.key 
60551      DEBUG main            d.u.i.k.p.i.IntermediateProofReplayer Proof replay took 7.5ns 
60955      INFO  main            d.u.i.k.p.r.p.TestFile    ... finished proof: closed. 
61224      INFO  main            d.u.i.k.p.i.AbstractProblemLoader Loading environment from /home/runner/work/key/key/key.core/../key.ui/examples/standard_key/strings/implicitBooleanStringConversion2.key.proof 
61225      DEBUG main            d.u.i.k.p.i.AbstractProblemLoader Environment load took 506.31ns 
61226      INFO  main            d.u.i.k.p.i.AbstractProblemLoader Creating init config 
64304      DEBUG main            d.u.i.k.p.i.AbstractProblemLoader Init config took 3.08s 
64328      INFO  main            d.u.i.k.p.i.AbstractProblemLoader Replaying proof implicitBooleanStringConversion2.key.proof 
64387      DEBUG main            d.u.i.k.p.i.IntermediateProofReplayer Proof replay took 54.29ms 
64389      DEBUG main            d.u.i.k.p.r.p.TestFile    ... success: reloaded. 
64390      INFO  main            d.u.i.k.p.r.p.TestFile    Now processing file /home/runner/work/key/key/key.core/../key.ui/examples/standard_key/strings/implicitIntStringConversion.key 
64390      INFO  main            d.u.i.k.p.i.AbstractProblemLoader Loading environment from /home/runner/work/key/key/key.core/../key.ui/examples/standard_key/strings/implicitIntStringConversion.key 
64390      DEBUG main            d.u.i.k.p.i.AbstractProblemLoader Environment load took 254.7ns 
64392      INFO  main            d.u.i.k.p.i.AbstractProblemLoader Creating init config 
67477      DEBUG main            d.u.i.k.p.i.AbstractProblemLoader Init config took 3.08s 
67499      INFO  main            d.u.i.k.p.i.AbstractProblemLoader Replaying proof implicitIntStringConversion.key 
67502      DEBUG main            d.u.i.k.p.i.IntermediateProofReplayer Proof replay took 8.3ns 
68306      INFO  main            d.u.i.k.p.r.p.TestFile    ... finished proof: closed. 
68580      INFO  main            d.u.i.k.p.i.AbstractProblemLoader Loading environment from /home/runner/work/key/key/key.core/../key.ui/examples/standard_key/strings/implicitIntStringConversion.key.proof 
68581      DEBUG main            d.u.i.k.p.i.AbstractProblemLoader Environment load took 447.01ns 
68582      INFO  main            d.u.i.k.p.i.AbstractProblemLoader Creating init config 
71658      DEBUG main            d.u.i.k.p.i.AbstractProblemLoader Init config took 3.08s 
71680      INFO  main            d.u.i.k.p.i.AbstractProblemLoader Replaying proof implicitIntStringConversion.key.proof 
71806      DEBUG main            d.u.i.k.p.i.IntermediateProofReplayer Proof replay took 118.45ms 
71808      DEBUG main            d.u.i.k.p.r.p.TestFile    ... success: reloaded. 
71809      INFO  main            d.u.i.k.p.r.p.TestFile    Now processing file /home/runner/work/key/key/key.core/../key.ui/examples/standard_key/strings/implicitNullStringConversion.key 
71809      INFO  main            d.u.i.k.p.i.AbstractProblemLoader Loading environment from /home/runner/work/key/key/key.core/../key.ui/examples/standard_key/strings/implicitNullStringConversion.key 
71809      DEBUG main            d.u.i.k.p.i.AbstractProblemLoader Environment load took 222.9ns 
71811      INFO  main            d.u.i.k.p.i.AbstractProblemLoader Creating init config 
74965      DEBUG main            d.u.i.k.p.i.AbstractProblemLoader Init config took 3.15s 
74986      INFO  main            d.u.i.k.p.i.AbstractProblemLoader Replaying proof implicitNullStringConversion.key 
74988      DEBUG main            d.u.i.k.p.i.IntermediateProofReplayer Proof replay took 8.3ns 
75395      INFO  main            d.u.i.k.p.r.p.TestFile    ... finished proof: closed. 
75663      INFO  main            d.u.i.k.p.i.AbstractProblemLoader Loading environment from /home/runner/work/key/key/key.core/../key.ui/examples/standard_key/strings/implicitNullStringConversion.key.proof 
75663      DEBUG main            d.u.i.k.p.i.AbstractProblemLoader Environment load took 525.01ns 
75665      INFO  main            d.u.i.k.p.i.AbstractProblemLoader Creating init config 
78762      DEBUG main            d.u.i.k.p.i.AbstractProblemLoader Init config took 3.1s 
78783      INFO  main            d.u.i.k.p.i.AbstractProblemLoader Replaying proof implicitNullStringConversion.key.proof 
78840      DEBUG main            d.u.i.k.p.i.IntermediateProofReplayer Proof replay took 52.3ms 
78841      DEBUG main            d.u.i.k.p.r.p.TestFile    ... success: reloaded. 
78842      INFO  main            d.u.i.k.p.r.p.TestFile    Now processing file /home/runner/work/key/key/key.core/../key.ui/examples/standard_key/strings/implicitNullStringConversion2.key 
78843      INFO  main            d.u.i.k.p.i.AbstractProblemLoader Loading environment from /home/runner/work/key/key/key.core/../key.ui/examples/standard_key/strings/implicitNullStringConversion2.key 
78843      DEBUG main            d.u.i.k.p.i.AbstractProblemLoader Environment load took 222.4ns 
78844      INFO  main            d.u.i.k.p.i.AbstractProblemLoader Creating init config 
81975      DEBUG main            d.u.i.k.p.i.AbstractProblemLoader Init config took 3.13s 
81997      INFO  main            d.u.i.k.p.i.AbstractProblemLoader Replaying proof implicitNullStringConversion2.key 
82000      DEBUG main            d.u.i.k.p.i.IntermediateProofReplayer Proof replay took 8.1ns 
82306      INFO  main            d.u.i.k.p.r.p.TestFile    ... finished proof: closed. 
82566      INFO  main            d.u.i.k.p.i.AbstractProblemLoader Loading environment from /home/runner/work/key/key/key.core/../key.ui/examples/standard_key/strings/implicitNullStringConversion2.key.proof 
82566      DEBUG main            d.u.i.k.p.i.AbstractProblemLoader Environment load took 430.31ns 
82568      INFO  main            d.u.i.k.p.i.AbstractProblemLoader Creating init config 
85655      DEBUG main            d.u.i.k.p.i.AbstractProblemLoader Init config took 3.09s 
85687      INFO  main            d.u.i.k.p.i.AbstractProblemLoader Replaying proof implicitNullStringConversion2.key.proof 
85725      DEBUG main            d.u.i.k.p.i.IntermediateProofReplayer Proof replay took 34.31ms 
85726      DEBUG main            d.u.i.k.p.r.p.TestFile    ... success: reloaded. 
85727      INFO  main            d.u.i.k.p.r.p.TestFile    Now processing file /home/runner/work/key/key/key.core/../key.ui/examples/standard_key/strings/implicitObjectStringConversion.key 
85728      INFO  main            d.u.i.k.p.i.AbstractProblemLoader Loading environment from /home/runner/work/key/key/key.core/../key.ui/examples/standard_key/strings/implicitObjectStringConversion.key 
85728      DEBUG main            d.u.i.k.p.i.AbstractProblemLoader Environment load took 253.5ns 
85730      INFO  main            d.u.i.k.p.i.AbstractProblemLoader Creating init config 
88941      DEBUG main            d.u.i.k.p.i.AbstractProblemLoader Init config took 3.21s 
88965      INFO  main            d.u.i.k.p.i.AbstractProblemLoader Replaying proof implicitObjectStringConversion.key 
88967      DEBUG main            d.u.i.k.p.i.IntermediateProofReplayer Proof replay took 10.1ns 
89680      INFO  main            d.u.i.k.p.r.p.TestFile    ... finished proof: closed. 
89943      INFO  main            d.u.i.k.p.i.AbstractProblemLoader Loading environment from /home/runner/work/key/key/key.core/../key.ui/examples/standard_key/strings/implicitObjectStringConversion.key.proof 
89943      DEBUG main            d.u.i.k.p.i.AbstractProblemLoader Environment load took 498.61ns 
89945      INFO  main            d.u.i.k.p.i.AbstractProblemLoader Creating init config 
93207      DEBUG main            d.u.i.k.p.i.AbstractProblemLoader Init config took 3.26s 
93233      INFO  main            d.u.i.k.p.i.AbstractProblemLoader Replaying proof implicitObjectStringConversion.key.proof 
93314      DEBUG main            d.u.i.k.p.i.IntermediateProofReplayer Proof replay took 75.87ms 
93316      DEBUG main            d.u.i.k.p.r.p.TestFile    ... success: reloaded. 
93317      INFO  main            d.u.i.k.p.r.p.TestFile    Now processing file /home/runner/work/key/key/key.core/../key.ui/examples/standard_key/strings/literalEquality.key 
93318      INFO  main            d.u.i.k.p.i.AbstractProblemLoader Loading environment from /home/runner/work/key/key/key.core/../key.ui/examples/standard_key/strings/literalEquality.key 
93318      DEBUG main            d.u.i.k.p.i.AbstractProblemLoader Environment load took 110.3ns 
93339      INFO  main            d.u.i.k.p.i.AbstractProblemLoader Creating init config 
96450      DEBUG main            d.u.i.k.p.i.AbstractProblemLoader Init config took 3.11s 
96472      INFO  main            d.u.i.k.p.i.AbstractProblemLoader Replaying proof literalEquality.key 
96474      DEBUG main            d.u.i.k.p.i.IntermediateProofReplayer Proof replay took 7.3ns 
96577      INFO  main            d.u.i.k.p.r.p.TestFile    ... finished proof: closed. 
96836      INFO  main            d.u.i.k.p.i.AbstractProblemLoader Loading environment from /home/runner/work/key/key/key.core/../key.ui/examples/standard_key/strings/literalEquality.key.proof 
96836      DEBUG main            d.u.i.k.p.i.AbstractProblemLoader Environment load took 308.5ns 
96838      INFO  main            d.u.i.k.p.i.AbstractProblemLoader Creating init config 
99869      DEBUG main            d.u.i.k.p.i.AbstractProblemLoader Init config took 3.03s 
99887      INFO  main            d.u.i.k.p.i.AbstractProblemLoader Replaying proof literalEquality.key.proof 
99892      DEBUG main            d.u.i.k.p.i.IntermediateProofReplayer Proof replay took 2.84ms 
99893      DEBUG main            d.u.i.k.p.r.p.TestFile    ... success: reloaded. 
99893      INFO  main            d.u.i.k.p.r.p.TestFile    Now processing file /home/runner/work/key/key/key.core/../key.ui/examples/standard_key/strings/replace0.key 
99894      INFO  main            d.u.i.k.p.i.AbstractProblemLoader Loading environment from /home/runner/work/key/key/key.core/../key.ui/examples/standard_key/strings/replace0.key 
99894      DEBUG main            d.u.i.k.p.i.AbstractProblemLoader Environment load took 111.4ns 
99895      INFO  main            d.u.i.k.p.i.AbstractProblemLoader Creating init config 
102953     DEBUG main            d.u.i.k.p.i.AbstractProblemLoader Init config took 3.06s 
102969     INFO  main            d.u.i.k.p.i.AbstractProblemLoader Replaying proof replace0.key 
102970     DEBUG main            d.u.i.k.p.i.IntermediateProofReplayer Proof replay took 8ns 
103076     INFO  main            d.u.i.k.p.r.p.TestFile    ... finished proof: closed. 
103335     INFO  main            d.u.i.k.p.i.AbstractProblemLoader Loading environment from /home/runner/work/key/key/key.core/../key.ui/examples/standard_key/strings/replace0.key.proof 
103336     DEBUG main            d.u.i.k.p.i.AbstractProblemLoader Environment load took 139.8ns 
103337     INFO  main            d.u.i.k.p.i.AbstractProblemLoader Creating init config 
106327     DEBUG main            d.u.i.k.p.i.AbstractProblemLoader Init config took 2.99s 
106345     INFO  main            d.u.i.k.p.i.AbstractProblemLoader Replaying proof replace0.key.proof 
106353     DEBUG main            d.u.i.k.p.i.IntermediateProofReplayer Proof replay took 6.47ms 
106354     DEBUG main            d.u.i.k.p.r.p.TestFile    ... success: reloaded. 
106355     INFO  main            d.u.i.k.p.r.p.TestFile    Now processing file /home/runner/work/key/key/key.core/../key.ui/examples/standard_key/strings/replace1.key 
106355     INFO  main            d.u.i.k.p.i.AbstractProblemLoader Loading environment from /home/runner/work/key/key/key.core/../key.ui/examples/standard_key/strings/replace1.key 
106356     DEBUG main            d.u.i.k.p.i.AbstractProblemLoader Environment load took 112.8ns 
106357     INFO  main            d.u.i.k.p.i.AbstractProblemLoader Creating init config 
109470     DEBUG main            d.u.i.k.p.i.AbstractProblemLoader Init config took 3.11s 
109486     INFO  main            d.u.i.k.p.i.AbstractProblemLoader Replaying proof replace1.key 
109488     DEBUG main            d.u.i.k.p.i.IntermediateProofReplayer Proof replay took 7.5ns 
109594     INFO  main            d.u.i.k.p.r.p.TestFile    ... finished proof: closed. 
109879     INFO  main            d.u.i.k.p.i.AbstractProblemLoader Loading environment from /home/runner/work/key/key/key.core/../key.ui/examples/standard_key/strings/replace1.key.proof 
109881     DEBUG main            d.u.i.k.p.i.AbstractProblemLoader Environment load took 2.08ms 
109883     INFO  main            d.u.i.k.p.i.AbstractProblemLoader Creating init config 
112886     DEBUG main            d.u.i.k.p.i.AbstractProblemLoader Init config took 3s 
112903     INFO  main            d.u.i.k.p.i.AbstractProblemLoader Replaying proof replace1.key.proof 
112913     DEBUG main            d.u.i.k.p.i.IntermediateProofReplayer Proof replay took 8.03ms 
112914     DEBUG main            d.u.i.k.p.r.p.TestFile    ... success: reloaded. 
112915     INFO  main            d.u.i.k.p.r.p.TestFile    Now processing file /home/runner/work/key/key/key.core/../key.ui/examples/standard_key/strings/simpleAssignment.key 
112916     INFO  main            d.u.i.k.p.i.AbstractProblemLoader Loading environment from /home/runner/work/key/key/key.core/../key.ui/examples/standard_key/strings/simpleAssignment.key 
112916     DEBUG main            d.u.i.k.p.i.AbstractProblemLoader Environment load took 230.6ns 
112917     INFO  main            d.u.i.k.p.i.AbstractProblemLoader Creating init config 
116009     DEBUG main            d.u.i.k.p.i.AbstractProblemLoader Init config took 3.09s 
116026     INFO  main            d.u.i.k.p.i.AbstractProblemLoader Replaying proof simpleAssignment.key 
116028     DEBUG main            d.u.i.k.p.i.IntermediateProofReplayer Proof replay took 8.2ns 
116130     INFO  main            d.u.i.k.p.r.p.TestFile    ... finished proof: closed. 
116408     INFO  main            d.u.i.k.p.i.AbstractProblemLoader Loading environment from /home/runner/work/key/key/key.core/../key.ui/examples/standard_key/strings/simpleAssignment.key.proof 
116408     DEBUG main            d.u.i.k.p.i.AbstractProblemLoader Environment load took 164ns 
116410     INFO  main            d.u.i.k.p.i.AbstractProblemLoader Creating init config 
119443     DEBUG main            d.u.i.k.p.i.AbstractProblemLoader Init config took 3.03s 
119464     INFO  main            d.u.i.k.p.i.AbstractProblemLoader Replaying proof simpleAssignment.key.proof 
119469     DEBUG main            d.u.i.k.p.i.IntermediateProofReplayer Proof replay took 1.93ms 
119470     DEBUG main            d.u.i.k.p.r.p.TestFile    ... success: reloaded. 
119471     INFO  main            d.u.i.k.p.r.p.TestFile    Now processing file /home/runner/work/key/key/key.core/../key.ui/examples/standard_key/strings/simpleLengthComp.key 
119472     INFO  main            d.u.i.k.p.i.AbstractProblemLoader Loading environment from /home/runner/work/key/key/key.core/../key.ui/examples/standard_key/strings/simpleLengthComp.key 
119472     DEBUG main            d.u.i.k.p.i.AbstractProblemLoader Environment load took 215.5ns 
119473     INFO  main            d.u.i.k.p.i.AbstractProblemLoader Creating init config 
122542     DEBUG main            d.u.i.k.p.i.AbstractProblemLoader Init config took 3.07s 
122560     INFO  main            d.u.i.k.p.i.AbstractProblemLoader Replaying proof simpleLengthComp.key 
122563     DEBUG main            d.u.i.k.p.i.IntermediateProofReplayer Proof replay took 6.4ns 
122768     INFO  main            d.u.i.k.p.r.p.TestFile    ... finished proof: closed. 
123054     INFO  main            d.u.i.k.p.i.AbstractProblemLoader Loading environment from /home/runner/work/key/key/key.core/../key.ui/examples/standard_key/strings/simpleLengthComp.key.proof 
123054     DEBUG main            d.u.i.k.p.i.AbstractProblemLoader Environment load took 158.2ns 
123055     INFO  main            d.u.i.k.p.i.AbstractProblemLoader Creating init config 
126102     DEBUG main            d.u.i.k.p.i.AbstractProblemLoader Init config took 3.05s 
126122     INFO  main            d.u.i.k.p.i.AbstractProblemLoader Replaying proof simpleLengthComp.key.proof 
126163     DEBUG main            d.u.i.k.p.i.IntermediateProofReplayer Proof replay took 34.91ms 
126164     DEBUG main            d.u.i.k.p.r.p.TestFile    ... success: reloaded. 
126166     INFO  main            d.u.i.k.p.r.p.TestFile    Now processing file /home/runner/work/key/key/key.core/../key.ui/examples/standard_key/strings/stringCompileTimeConstant1.key 
126166     INFO  main            d.u.i.k.p.i.AbstractProblemLoader Loading environment from /home/runner/work/key/key/key.core/../key.ui/examples/standard_key/strings/stringCompileTimeConstant1.key 
126166     DEBUG main            d.u.i.k.p.i.AbstractProblemLoader Environment load took 246ns 
126168     INFO  main            d.u.i.k.p.i.AbstractProblemLoader Creating init config 
129230     DEBUG main            d.u.i.k.p.i.AbstractProblemLoader Init config took 3.06s 
129247     INFO  main            d.u.i.k.p.i.AbstractProblemLoader Replaying proof stringCompileTimeConstant1.key 
129249     DEBUG main            d.u.i.k.p.i.IntermediateProofReplayer Proof replay took 6.9ns 
129354     INFO  main            d.u.i.k.p.r.p.TestFile    ... finished proof: closed. 
129644     INFO  main            d.u.i.k.p.i.AbstractProblemLoader Loading environment from /home/runner/work/key/key/key.core/../key.ui/examples/standard_key/strings/stringCompileTimeConstant1.key.proof 
129645     DEBUG main            d.u.i.k.p.i.AbstractProblemLoader Environment load took 129.2ns 
129646     INFO  main            d.u.i.k.p.i.AbstractProblemLoader Creating init config 
132697     DEBUG main            d.u.i.k.p.i.AbstractProblemLoader Init config took 3.05s 
132715     INFO  main            d.u.i.k.p.i.AbstractProblemLoader Replaying proof stringCompileTimeConstant1.key.proof 
132721     DEBUG main            d.u.i.k.p.i.IntermediateProofReplayer Proof replay took 4.11ms 
132722     DEBUG main            d.u.i.k.p.r.p.TestFile    ... success: reloaded. 
132723     INFO  main            d.u.i.k.p.r.p.TestFile    Now processing file /home/runner/work/key/key/key.core/../key.ui/examples/standard_key/strings/stringCompileTimeConstant2.key 
132723     INFO  main            d.u.i.k.p.i.AbstractProblemLoader Loading environment from /home/runner/work/key/key/key.core/../key.ui/examples/standard_key/strings/stringCompileTimeConstant2.key 
132723     DEBUG main            d.u.i.k.p.i.AbstractProblemLoader Environment load took 108ns 
132725     INFO  main            d.u.i.k.p.i.AbstractProblemLoader Creating init config 
136001     DEBUG main            d.u.i.k.p.i.AbstractProblemLoader Init config took 3.28s 
136019     INFO  main            d.u.i.k.p.i.AbstractProblemLoader Replaying proof stringCompileTimeConstant2.key 
136021     DEBUG main            d.u.i.k.p.i.IntermediateProofReplayer Proof replay took 8.2ns 
139888     INFO  main            d.u.i.k.p.r.p.TestFile    ... finished proof: closed. 
140251     INFO  main            d.u.i.k.p.i.AbstractProblemLoader Loading environment from /home/runner/work/key/key/key.core/../key.ui/examples/standard_key/strings/stringCompileTimeConstant2.key.proof 
140252     DEBUG main            d.u.i.k.p.i.AbstractProblemLoader Environment load took 532.21ns 
140254     INFO  main            d.u.i.k.p.i.AbstractProblemLoader Creating init config 
143511     DEBUG main            d.u.i.k.p.i.AbstractProblemLoader Init config took 3.26s 
143529     INFO  main            d.u.i.k.p.i.AbstractProblemLoader Replaying proof stringCompileTimeConstant2.key.proof 
144069     DEBUG main            d.u.i.k.p.i.IntermediateProofReplayer Proof replay took 526.66ms 
144071     DEBUG main            d.u.i.k.p.r.p.TestFile    ... success: reloaded. 
144073     INFO  main            d.u.i.k.p.r.p.TestFile    Now processing file /home/runner/work/key/key/key.core/../key.ui/examples/standard_key/strings/stringEquality1.key 
144073     INFO  main            d.u.i.k.p.i.AbstractProblemLoader Loading environment from /home/runner/work/key/key/key.core/../key.ui/examples/standard_key/strings/stringEquality1.key 
144073     DEBUG main            d.u.i.k.p.i.AbstractProblemLoader Environment load took 213.5ns 
144075     INFO  main            d.u.i.k.p.i.AbstractProblemLoader Creating init config 
147113     DEBUG main            d.u.i.k.p.i.AbstractProblemLoader Init config took 3.04s 
147129     INFO  main            d.u.i.k.p.i.AbstractProblemLoader Replaying proof stringEquality1.key 
147131     DEBUG main            d.u.i.k.p.i.IntermediateProofReplayer Proof replay took 7.9ns 
147234     INFO  main            d.u.i.k.p.r.p.TestFile    ... finished proof: closed. 
147618     INFO  main            d.u.i.k.p.i.AbstractProblemLoader Loading environment from /home/runner/work/key/key/key.core/../key.ui/examples/standard_key/strings/stringEquality1.key.proof 
147618     DEBUG main            d.u.i.k.p.i.AbstractProblemLoader Environment load took 128.3ns 
147620     INFO  main            d.u.i.k.p.i.AbstractProblemLoader Creating init config 
150594     DEBUG main            d.u.i.k.p.i.AbstractProblemLoader Init config took 2.97s 
150611     INFO  main            d.u.i.k.p.i.AbstractProblemLoader Replaying proof stringEquality1.key.proof 
150625     DEBUG main            d.u.i.k.p.i.IntermediateProofReplayer Proof replay took 10.68ms 
150626     DEBUG main            d.u.i.k.p.r.p.TestFile    ... success: reloaded. 
150627     INFO  main            d.u.i.k.p.r.p.TestFile    Now processing file /home/runner/work/key/key/key.core/../key.ui/examples/standard_key/strings/stringEquality2.key 
150627     INFO  main            d.u.i.k.p.i.AbstractProblemLoader Loading environment from /home/runner/work/key/key/key.core/../key.ui/examples/standard_key/strings/stringEquality2.key 
150627     DEBUG main            d.u.i.k.p.i.AbstractProblemLoader Environment load took 144.2ns 
150628     INFO  main            d.u.i.k.p.i.AbstractProblemLoader Creating init config 
153665     DEBUG main            d.u.i.k.p.i.AbstractProblemLoader Init config took 3.04s 
153682     INFO  main            d.u.i.k.p.i.AbstractProblemLoader Replaying proof stringEquality2.key 
153683     DEBUG main            d.u.i.k.p.i.IntermediateProofReplayer Proof replay took 7.5ns 
154187     INFO  main            d.u.i.k.p.r.p.TestFile    ... finished proof: closed. 
154537     INFO  main            d.u.i.k.p.i.AbstractProblemLoader Loading environment from /home/runner/work/key/key/key.core/../key.ui/examples/standard_key/strings/stringEquality2.key.proof 
154537     DEBUG main            d.u.i.k.p.i.AbstractProblemLoader Environment load took 416.31ns 
154539     INFO  main            d.u.i.k.p.i.AbstractProblemLoader Creating init config 
157540     DEBUG main            d.u.i.k.p.i.AbstractProblemLoader Init config took 3s 
157557     INFO  main            d.u.i.k.p.i.AbstractProblemLoader Replaying proof stringEquality2.key.proof 
157634     DEBUG main            d.u.i.k.p.i.IntermediateProofReplayer Proof replay took 72.19ms 
157636     DEBUG main            d.u.i.k.p.r.p.TestFile    ... success: reloaded. 
157637     INFO  main            d.u.i.k.p.r.p.TestFile    Now processing file /home/runner/work/key/key/key.core/../key.ui/examples/standard_key/strings/substring0.key 
157637     INFO  main            d.u.i.k.p.i.AbstractProblemLoader Loading environment from /home/runner/work/key/key/key.core/../key.ui/examples/standard_key/strings/substring0.key 
157637     DEBUG main            d.u.i.k.p.i.AbstractProblemLoader Environment load took 95.3ns 
157638     INFO  main            d.u.i.k.p.i.AbstractProblemLoader Creating init config 
160705     DEBUG main            d.u.i.k.p.i.AbstractProblemLoader Init config took 3.07s 
160722     INFO  main            d.u.i.k.p.i.AbstractProblemLoader Replaying proof substring0.key 
160723     DEBUG main            d.u.i.k.p.i.IntermediateProofReplayer Proof replay took 8.1ns 
160833     INFO  main            d.u.i.k.p.r.p.TestFile    ... finished proof: closed. 
161195     INFO  main            d.u.i.k.p.i.AbstractProblemLoader Loading environment from /home/runner/work/key/key/key.core/../key.ui/examples/standard_key/strings/substring0.key.proof 
161195     DEBUG main            d.u.i.k.p.i.AbstractProblemLoader Environment load took 126.2ns 
161196     INFO  main            d.u.i.k.p.i.AbstractProblemLoader Creating init config 
164183     DEBUG main            d.u.i.k.p.i.AbstractProblemLoader Init config took 2.99s 
164200     INFO  main            d.u.i.k.p.i.AbstractProblemLoader Replaying proof substring0.key.proof 
164203     DEBUG main            d.u.i.k.p.i.IntermediateProofReplayer Proof replay took 735.21ns 
164204     DEBUG main            d.u.i.k.p.r.p.TestFile    ... success: reloaded. 
164205     INFO  main            d.u.i.k.p.r.p.TestFile    Now processing file /home/runner/work/key/key/key.core/../key.ui/examples/standard_key/strings/substring1.key 
164205     INFO  main            d.u.i.k.p.i.AbstractProblemLoader Loading environment from /home/runner/work/key/key/key.core/../key.ui/examples/standard_key/strings/substring1.key 
164205     DEBUG main            d.u.i.k.p.i.AbstractProblemLoader Environment load took 108.3ns 
164206     INFO  main            d.u.i.k.p.i.AbstractProblemLoader Creating init config 
167249     DEBUG main            d.u.i.k.p.i.AbstractProblemLoader Init config took 3.04s 
167267     INFO  main            d.u.i.k.p.i.AbstractProblemLoader Replaying proof substring1.key 
167268     DEBUG main            d.u.i.k.p.i.IntermediateProofReplayer Proof replay took 8.8ns 
167370     INFO  main            d.u.i.k.p.r.p.TestFile    ... finished proof: closed. 
167697     INFO  main            d.u.i.k.p.i.AbstractProblemLoader Loading environment from /home/runner/work/key/key/key.core/../key.ui/examples/standard_key/strings/substring1.key.proof 
167698     DEBUG main            d.u.i.k.p.i.AbstractProblemLoader Environment load took 124.6ns 
167699     INFO  main            d.u.i.k.p.i.AbstractProblemLoader Creating init config 
170650     DEBUG main            d.u.i.k.p.i.AbstractProblemLoader Init config took 2.95s 
170666     INFO  main            d.u.i.k.p.i.AbstractProblemLoader Replaying proof substring1.key.proof 
170668     DEBUG main            d.u.i.k.p.i.IntermediateProofReplayer Proof replay took 550.31ns 
170669     DEBUG main            d.u.i.k.p.r.p.TestFile    ... success: reloaded. 
170669     INFO  main            d.u.i.k.p.r.p.TestFile    Now processing file /home/runner/work/key/key/key.core/../key.ui/examples/standard_key/strings/substring2.key 
170669     INFO  main            d.u.i.k.p.i.AbstractProblemLoader Loading environment from /home/runner/work/key/key/key.core/../key.ui/examples/standard_key/strings/substring2.key 
170670     DEBUG main            d.u.i.k.p.i.AbstractProblemLoader Environment load took 115.1ns 
170671     INFO  main            d.u.i.k.p.i.AbstractProblemLoader Creating init config 
173678     DEBUG main            d.u.i.k.p.i.AbstractProblemLoader Init config took 3.01s 
173694     INFO  main            d.u.i.k.p.i.AbstractProblemLoader Replaying proof substring2.key 
173696     DEBUG main            d.u.i.k.p.i.IntermediateProofReplayer Proof replay took 9.1ns 
173800     INFO  main            d.u.i.k.p.r.p.TestFile    ... finished proof: closed. 
174141     INFO  main            d.u.i.k.p.i.AbstractProblemLoader Loading environment from /home/runner/work/key/key/key.core/../key.ui/examples/standard_key/strings/substring2.key.proof 
174141     DEBUG main            d.u.i.k.p.i.AbstractProblemLoader Environment load took 121.7ns 
174143     INFO  main            d.u.i.k.p.i.AbstractProblemLoader Creating init config 
177057     DEBUG main            d.u.i.k.p.i.AbstractProblemLoader Init config took 2.91s 
177073     INFO  main            d.u.i.k.p.i.AbstractProblemLoader Replaying proof substring2.key.proof 
177081     DEBUG main            d.u.i.k.p.i.IntermediateProofReplayer Proof replay took 3.47ms 
177082     DEBUG main            d.u.i.k.p.r.p.TestFile    ... success: reloaded. 
177084     INFO  main            d.u.i.k.p.r.p.TestFile    Now processing file /home/runner/work/key/key/key.core/../key.ui/examples/standard_key/strings/substring3.key 
177084     INFO  main            d.u.i.k.p.i.AbstractProblemLoader Loading environment from /home/runner/work/key/key/key.core/../key.ui/examples/standard_key/strings/substring3.key 
177084     DEBUG main            d.u.i.k.p.i.AbstractProblemLoader Environment load took 183.2ns 
177085     INFO  main            d.u.i.k.p.i.AbstractProblemLoader Creating init config 
180190     DEBUG main            d.u.i.k.p.i.AbstractProblemLoader Init config took 3.1s 
180205     INFO  main            d.u.i.k.p.i.AbstractProblemLoader Replaying proof substring3.key 
180207     DEBUG main            d.u.i.k.p.i.IntermediateProofReplayer Proof replay took 7.8ns 
180310     INFO  main            d.u.i.k.p.r.p.TestFile    ... finished proof: closed. 
180659     INFO  main            d.u.i.k.p.i.AbstractProblemLoader Loading environment from /home/runner/work/key/key/key.core/../key.ui/examples/standard_key/strings/substring3.key.proof 
180659     DEBUG main            d.u.i.k.p.i.AbstractProblemLoader Environment load took 132.3ns 
180660     INFO  main            d.u.i.k.p.i.AbstractProblemLoader Creating init config 
183582     DEBUG main            d.u.i.k.p.i.AbstractProblemLoader Init config took 2.92s 
183599     INFO  main            d.u.i.k.p.i.AbstractProblemLoader Replaying proof substring3.key.proof 
183604     DEBUG main            d.u.i.k.p.i.IntermediateProofReplayer Proof replay took 3.52ms 
183605     DEBUG main            d.u.i.k.p.r.p.TestFile    ... success: reloaded. 
183606     INFO  main            d.u.i.k.p.r.p.TestFile    Now processing file /home/runner/work/key/key/key.core/../key.ui/examples/standard_key/strings/substring4.key 
183606     INFO  main            d.u.i.k.p.i.AbstractProblemLoader Loading environment from /home/runner/work/key/key/key.core/../key.ui/examples/standard_key/strings/substring4.key 
183607     DEBUG main            d.u.i.k.p.i.AbstractProblemLoader Environment load took 623.31ns 
183611     INFO  main            d.u.i.k.p.i.AbstractProblemLoader Creating init config 
186623     DEBUG main            d.u.i.k.p.i.AbstractProblemLoader Init config took 3.01s 
186639     INFO  main            d.u.i.k.p.i.AbstractProblemLoader Replaying proof substring4.key 
186640     DEBUG main            d.u.i.k.p.i.IntermediateProofReplayer Proof replay took 7ns 
186745     INFO  main            d.u.i.k.p.r.p.TestFile    ... finished proof: closed. 
187087     INFO  main            d.u.i.k.p.i.AbstractProblemLoader Loading environment from /home/runner/work/key/key/key.core/../key.ui/examples/standard_key/strings/substring4.key.proof 
187087     DEBUG main            d.u.i.k.p.i.AbstractProblemLoader Environment load took 115.1ns 
187088     INFO  main            d.u.i.k.p.i.AbstractProblemLoader Creating init config 
190022     DEBUG main            d.u.i.k.p.i.AbstractProblemLoader Init config took 2.93s 
190038     INFO  main            d.u.i.k.p.i.AbstractProblemLoader Replaying proof substring4.key.proof 
190046     DEBUG main            d.u.i.k.p.i.IntermediateProofReplayer Proof replay took 5.28ms 
190047     DEBUG main            d.u.i.k.p.r.p.TestFile    ... success: reloaded. 
190047     INFO  main            d.u.i.k.p.r.p.TestFile    Now processing file /home/runner/work/key/key/key.core/../key.ui/examples/standard_key/strings/substring5.key 
190048     INFO  main            d.u.i.k.p.i.AbstractProblemLoader Loading environment from /home/runner/work/key/key/key.core/../key.ui/examples/standard_key/strings/substring5.key 
190048     DEBUG main            d.u.i.k.p.i.AbstractProblemLoader Environment load took 120.3ns 
190049     INFO  main            d.u.i.k.p.i.AbstractProblemLoader Creating init config 
193187     DEBUG main            d.u.i.k.p.i.AbstractProblemLoader Init config took 3.14s 
193207     INFO  main            d.u.i.k.p.i.AbstractProblemLoader Replaying proof substring5.key 
193210     DEBUG main            d.u.i.k.p.i.IntermediateProofReplayer Proof replay took 8.5ns 
193613     INFO  main            d.u.i.k.p.r.p.TestFile    ... finished proof: closed. 
193991     INFO  main            d.u.i.k.p.i.AbstractProblemLoader Loading environment from /home/runner/work/key/key/key.core/../key.ui/examples/standard_key/strings/substring5.key.proof 
193991     DEBUG main            d.u.i.k.p.i.AbstractProblemLoader Environment load took 188.2ns 
193993     INFO  main            d.u.i.k.p.i.AbstractProblemLoader Creating init config 
197003     DEBUG main            d.u.i.k.p.i.AbstractProblemLoader Init config took 3.01s 
197018     INFO  main            d.u.i.k.p.i.AbstractProblemLoader Replaying proof substring5.key.proof 
197066     DEBUG main            d.u.i.k.p.i.IntermediateProofReplayer Proof replay took 43.33ms 
197067     DEBUG main            d.u.i.k.p.r.p.TestFile    ... success: reloaded. 
5243502    INFO  Test worker     d.u.i.k.p.r.RunAllProofsTestUnit Returning from test strings 
5243503    INFO  Test worker     d.u.i.k.p.r.RunAllProofsTestUnit Running test simple_info_flow 
493        INFO  Timeout watchdog d.u.i.k.p.r.p.ForkedTestFileRunner Timeout watcher launched (2000 secs.) 
530        WARN  main            d.u.i.k.s.ProofSettings   The settings in /home/runner/.key/proof-settings.props are *not* read. 
566        INFO  main            d.u.i.k.p.r.p.TestFile    Now processing file /home/runner/work/key/key/key.core/../key.ui/examples/heap/information_flow/UpdateAbstraction_ex7_1_insecure.key 
721        INFO  main            d.u.i.k.p.i.AbstractProblemLoader Loading environment from /home/runner/work/key/key/key.core/../key.ui/examples/heap/information_flow/UpdateAbstraction_ex7_1_insecure.key 
744        DEBUG main            d.u.i.k.p.i.AbstractProblemLoader Environment load took 2.85ms 
1064       INFO  main            d.u.i.k.p.i.AbstractProblemLoader Creating init config 
2340       DEBUG main            d.u.i.k.j.TypeConverter   No LDT found for Meta 
2341       DEBUG main            d.u.i.k.j.TypeConverter   No LDT found for Meta 
2343       DEBUG main            d.u.i.k.j.TypeConverter   No LDT found for Meta 
2343       DEBUG main            d.u.i.k.j.TypeConverter   No LDT found for Meta 
4630       DEBUG main            d.u.i.k.j.TypeConverter   No LDT found for JavaBigintExpression 
12268      DEBUG main            d.u.i.k.p.i.AbstractProblemLoader Init config took 11.2s 
12451      INFO  main            d.u.i.k.p.i.AbstractProblemLoader Replaying proof UpdateAbstraction[UpdateAbstraction::ex7_1_insecure()].JML operation contract.0 
12501      DEBUG main            d.u.i.k.p.i.IntermediateProofReplayer Proof replay took 53.3ns 
13322      INFO  main            d.u.i.k.p.r.p.TestFile    ... finished proof: open goal(s) 
13557      INFO  main            d.u.i.k.p.r.p.TestFile    Now processing file /home/runner/work/key/key/key.core/../key.ui/examples/heap/information_flow/UpdateAbstraction_ex7_2_insecure.key 
13558      INFO  main            d.u.i.k.p.i.AbstractProblemLoader Loading environment from /home/runner/work/key/key/key.core/../key.ui/examples/heap/information_flow/UpdateAbstraction_ex7_2_insecure.key 
13558      DEBUG main            d.u.i.k.p.i.AbstractProblemLoader Environment load took 238.2ns 
13562      INFO  main            d.u.i.k.p.i.AbstractProblemLoader Creating init config 
17703      DEBUG main            d.u.i.k.p.i.AbstractProblemLoader Init config took 4.14s 
17799      INFO  main            d.u.i.k.p.i.AbstractProblemLoader Replaying proof UpdateAbstraction[UpdateAbstraction::ex7_2_insecure()].JML operation contract.0 
17803      DEBUG main            d.u.i.k.p.i.IntermediateProofReplayer Proof replay took 8.6ns 
18215      INFO  main            d.u.i.k.p.r.p.TestFile    ... finished proof: open goal(s) 
5262122    INFO  Test worker     d.u.i.k.p.r.RunAllProofsTestUnit Returning from test simple_info_flow 
5262123    INFO  Test worker     d.u.i.k.p.r.RunAllProofsTestUnit Running test modelMethods 
438        INFO  Timeout watchdog d.u.i.k.p.r.p.ForkedTestFileRunner Timeout watcher launched (2000 secs.) 
457        WARN  main            d.u.i.k.s.ProofSettings   The settings in /home/runner/.key/proof-settings.props are *not* read. 
508        INFO  main            d.u.i.k.p.r.p.TestFile    Now processing file /home/runner/work/key/key/key.core/../key.ui/examples/heap/model_methods/Cell_footprint_acc.key 
665        INFO  main            d.u.i.k.p.i.AbstractProblemLoader Loading environment from /home/runner/work/key/key/key.core/../key.ui/examples/heap/model_methods/Cell_footprint_acc.key 
688        DEBUG main            d.u.i.k.p.i.AbstractProblemLoader Environment load took 2.46ms 
1008       INFO  main            d.u.i.k.p.i.AbstractProblemLoader Creating init config 
2432       DEBUG main            d.u.i.k.j.TypeConverter   No LDT found for Meta 
2432       DEBUG main            d.u.i.k.j.TypeConverter   No LDT found for Meta 
2434       DEBUG main            d.u.i.k.j.TypeConverter   No LDT found for Meta 
2434       DEBUG main            d.u.i.k.j.TypeConverter   No LDT found for Meta 
4107       DEBUG main            d.u.i.k.j.TypeConverter   No LDT found for JavaBigintExpression 
11476      DEBUG main            d.u.i.k.p.i.AbstractProblemLoader Init config took 10.47s 
11730      INFO  main            d.u.i.k.p.i.AbstractProblemLoader Replaying proof Cell[Cell::footprint()].JML accessible clause.0 
11783      DEBUG main            d.u.i.k.p.i.IntermediateProofReplayer Proof replay took 39.2ns 
12442      INFO  main            d.u.i.k.p.r.p.TestFile    ... finished proof: closed. 
12594      INFO  main            d.u.i.k.p.i.AbstractProblemLoader Loading environment from /home/runner/work/key/key/key.core/../key.ui/examples/heap/model_methods/Cell_footprint_acc.key.proof 
12595      DEBUG main            d.u.i.k.p.i.AbstractProblemLoader Environment load took 263.5ns 
12599      INFO  main            d.u.i.k.p.i.AbstractProblemLoader Creating init config 
16678      DEBUG main            d.u.i.k.p.i.AbstractProblemLoader Init config took 4.08s 
16788      INFO  main            d.u.i.k.p.i.AbstractProblemLoader Replaying proof Cell[Cell::footprint()].JML accessible clause.0 
16845      DEBUG main            d.u.i.k.p.i.IntermediateProofReplayer Proof replay took 50.67ms 
16854      DEBUG main            d.u.i.k.p.r.p.TestFile    ... success: reloaded. 
16857      INFO  main            d.u.i.k.p.r.p.TestFile    Now processing file /home/runner/work/key/key/key.core/../key.ui/examples/heap/model_methods/Cell_footprint.key 
16857      INFO  main            d.u.i.k.p.i.AbstractProblemLoader Loading environment from /home/runner/work/key/key/key.core/../key.ui/examples/heap/model_methods/Cell_footprint.key 
16857      DEBUG main            d.u.i.k.p.i.AbstractProblemLoader Environment load took 242.2ns 
16859      INFO  main            d.u.i.k.p.i.AbstractProblemLoader Creating init config 
20730      DEBUG main            d.u.i.k.p.i.AbstractProblemLoader Init config took 3.87s 
20831      INFO  main            d.u.i.k.p.i.AbstractProblemLoader Replaying proof Cell[Cell::footprint()].JML model_behavior operation contract.0 
20835      DEBUG main            d.u.i.k.p.i.IntermediateProofReplayer Proof replay took 6.9ns 
20946      INFO  main            d.u.i.k.p.r.p.TestFile    ... finished proof: closed. 
21122      INFO  main            d.u.i.k.p.i.AbstractProblemLoader Loading environment from /home/runner/work/key/key/key.core/../key.ui/examples/heap/model_methods/Cell_footprint.key.proof 
21125      DEBUG main            d.u.i.k.p.i.AbstractProblemLoader Environment load took 2.96ms 
21128      INFO  main            d.u.i.k.p.i.AbstractProblemLoader Creating init config 
24972      DEBUG main            d.u.i.k.p.i.AbstractProblemLoader Init config took 3.84s 
25053      INFO  main            d.u.i.k.p.i.AbstractProblemLoader Replaying proof Cell[Cell::footprint()].JML model_behavior operation contract.0 
25072      DEBUG main            d.u.i.k.p.i.IntermediateProofReplayer Proof replay took 16.27ms 
25073      DEBUG main            d.u.i.k.p.r.p.TestFile    ... success: reloaded. 
25078      INFO  main            d.u.i.k.p.r.p.TestFile    Now processing file /home/runner/work/key/key/key.core/../key.ui/examples/heap/model_methods/Cell_get_acc.key 
25078      INFO  main            d.u.i.k.p.i.AbstractProblemLoader Loading environment from /home/runner/work/key/key/key.core/../key.ui/examples/heap/model_methods/Cell_get_acc.key 
25078      DEBUG main            d.u.i.k.p.i.AbstractProblemLoader Environment load took 138.3ns 
25082      INFO  main            d.u.i.k.p.i.AbstractProblemLoader Creating init config 
28810      DEBUG main            d.u.i.k.p.i.AbstractProblemLoader Init config took 3.73s 
28895      INFO  main            d.u.i.k.p.i.AbstractProblemLoader Replaying proof Cell[Cell::get()].JML accessible clause.0 
28897      DEBUG main            d.u.i.k.p.i.IntermediateProofReplayer Proof replay took 8.3ns 
29211      INFO  main            d.u.i.k.p.r.p.TestFile    ... finished proof: closed. 
29402      INFO  main            d.u.i.k.p.i.AbstractProblemLoader Loading environment from /home/runner/work/key/key/key.core/../key.ui/examples/heap/model_methods/Cell_get_acc.key.proof 
29403      DEBUG main            d.u.i.k.p.i.AbstractProblemLoader Environment load took 472.01ns 
29405      INFO  main            d.u.i.k.p.i.AbstractProblemLoader Creating init config 
32990      DEBUG main            d.u.i.k.p.i.AbstractProblemLoader Init config took 3.58s 
33059      INFO  main            d.u.i.k.p.i.AbstractProblemLoader Replaying proof Cell[Cell::get()].JML accessible clause.0 
33111      DEBUG main            d.u.i.k.p.i.IntermediateProofReplayer Proof replay took 48.02ms 
33113      DEBUG main            d.u.i.k.p.r.p.TestFile    ... success: reloaded. 
33115      INFO  main            d.u.i.k.p.r.p.TestFile    Now processing file /home/runner/work/key/key/key.core/../key.ui/examples/heap/model_methods/Cell_get.key 
33115      INFO  main            d.u.i.k.p.i.AbstractProblemLoader Loading environment from /home/runner/work/key/key/key.core/../key.ui/examples/heap/model_methods/Cell_get.key 
33116      DEBUG main            d.u.i.k.p.i.AbstractProblemLoader Environment load took 257.3ns 
33117      INFO  main            d.u.i.k.p.i.AbstractProblemLoader Creating init config 
36819      DEBUG main            d.u.i.k.p.i.AbstractProblemLoader Init config took 3.7s 
36914      INFO  main            d.u.i.k.p.i.AbstractProblemLoader Replaying proof Cell[Cell::get()].JML operation contract.0 
36918      DEBUG main            d.u.i.k.p.i.IntermediateProofReplayer Proof replay took 6.8ns 
37021      INFO  main            d.u.i.k.p.r.p.TestFile    ... finished proof: closed. 
37263      INFO  main            d.u.i.k.p.i.AbstractProblemLoader Loading environment from /home/runner/work/key/key/key.core/../key.ui/examples/heap/model_methods/Cell_get.key.proof 
37263      DEBUG main            d.u.i.k.p.i.AbstractProblemLoader Environment load took 165.9ns 
37265      INFO  main            d.u.i.k.p.i.AbstractProblemLoader Creating init config 
40839      DEBUG main            d.u.i.k.p.i.AbstractProblemLoader Init config took 3.57s 
40908      INFO  main            d.u.i.k.p.i.AbstractProblemLoader Replaying proof Cell[Cell::get()].JML operation contract.0 
40935      DEBUG main            d.u.i.k.p.i.IntermediateProofReplayer Proof replay took 24.42ms 
40937      DEBUG main            d.u.i.k.p.r.p.TestFile    ... success: reloaded. 
40939      INFO  main            d.u.i.k.p.r.p.TestFile    Now processing file /home/runner/work/key/key/key.core/../key.ui/examples/heap/model_methods/Cell_post_set.key 
40939      INFO  main            d.u.i.k.p.i.AbstractProblemLoader Loading environment from /home/runner/work/key/key/key.core/../key.ui/examples/heap/model_methods/Cell_post_set.key 
40939      DEBUG main            d.u.i.k.p.i.AbstractProblemLoader Environment load took 222.3ns 
40941      INFO  main            d.u.i.k.p.i.AbstractProblemLoader Creating init config 
44619      DEBUG main            d.u.i.k.p.i.AbstractProblemLoader Init config took 3.68s 
44682      INFO  main            d.u.i.k.p.i.AbstractProblemLoader Replaying proof Cell[Cell::post_set(int)].JML model_behavior operation contract.0 
44685      DEBUG main            d.u.i.k.p.i.IntermediateProofReplayer Proof replay took 7.5ns 
44788      INFO  main            d.u.i.k.p.r.p.TestFile    ... finished proof: closed. 
44988      INFO  main            d.u.i.k.p.i.AbstractProblemLoader Loading environment from /home/runner/work/key/key/key.core/../key.ui/examples/heap/model_methods/Cell_post_set.key.proof 
44989      DEBUG main            d.u.i.k.p.i.AbstractProblemLoader Environment load took 207.8ns 
44990      INFO  main            d.u.i.k.p.i.AbstractProblemLoader Creating init config 
48617      DEBUG main            d.u.i.k.p.i.AbstractProblemLoader Init config took 3.63s 
48676      INFO  main            d.u.i.k.p.i.AbstractProblemLoader Replaying proof Cell[Cell::post_set(int)].JML model_behavior operation contract.0 
48688      DEBUG main            d.u.i.k.p.i.IntermediateProofReplayer Proof replay took 8.87ms 
48689      DEBUG main            d.u.i.k.p.r.p.TestFile    ... success: reloaded. 
48690      INFO  main            d.u.i.k.p.r.p.TestFile    Now processing file /home/runner/work/key/key/key.core/../key.ui/examples/heap/model_methods/Cell_set.key 
48690      INFO  main            d.u.i.k.p.i.AbstractProblemLoader Loading environment from /home/runner/work/key/key/key.core/../key.ui/examples/heap/model_methods/Cell_set.key 
48691      DEBUG main            d.u.i.k.p.i.AbstractProblemLoader Environment load took 170.1ns 
48692      INFO  main            d.u.i.k.p.i.AbstractProblemLoader Creating init config 
52387      DEBUG main            d.u.i.k.p.i.AbstractProblemLoader Init config took 3.7s 
52451      INFO  main            d.u.i.k.p.i.AbstractProblemLoader Replaying proof Cell[Cell::set(int)].JML operation contract.0 
52454      DEBUG main            d.u.i.k.p.i.IntermediateProofReplayer Proof replay took 7.6ns 
62030      INFO  main            d.u.i.k.p.r.p.TestFile    ... finished proof: closed. 
62312      INFO  main            d.u.i.k.p.i.AbstractProblemLoader Loading environment from /home/runner/work/key/key/key.core/../key.ui/examples/heap/model_methods/Cell_set.key.proof 
62314      DEBUG main            d.u.i.k.p.i.AbstractProblemLoader Environment load took 2.06ms 
62316      INFO  main            d.u.i.k.p.i.AbstractProblemLoader Creating init config 
65901      DEBUG main            d.u.i.k.p.i.AbstractProblemLoader Init config took 3.59s 
65963      INFO  main            d.u.i.k.p.i.AbstractProblemLoader Replaying proof Cell[Cell::set(int)].JML operation contract.0 
66837      DEBUG main            d.u.i.k.p.i.IntermediateProofReplayer Proof replay took 852.52ms 
66840      DEBUG main            d.u.i.k.p.r.p.TestFile    ... success: reloaded. 
66842      INFO  main            d.u.i.k.p.r.p.TestFile    Now processing file /home/runner/work/key/key/key.core/../key.ui/examples/heap/model_methods/CellTest_callSet.key 
66842      INFO  main            d.u.i.k.p.i.AbstractProblemLoader Loading environment from /home/runner/work/key/key/key.core/../key.ui/examples/heap/model_methods/CellTest_callSet.key 
66842      DEBUG main            d.u.i.k.p.i.AbstractProblemLoader Environment load took 129.4ns 
66844      INFO  main            d.u.i.k.p.i.AbstractProblemLoader Creating init config 
70451      DEBUG main            d.u.i.k.p.i.AbstractProblemLoader Init config took 3.61s 
70508      INFO  main            d.u.i.k.p.i.AbstractProblemLoader Replaying proof CellTest[CellTest::callSet(Cell,int)].JML operation contract.0 
70510      DEBUG main            d.u.i.k.p.i.IntermediateProofReplayer Proof replay took 6.8ns 
70813      INFO  main            d.u.i.k.p.r.p.TestFile    ... finished proof: closed. 
71044      INFO  main            d.u.i.k.p.i.AbstractProblemLoader Loading environment from /home/runner/work/key/key/key.core/../key.ui/examples/heap/model_methods/CellTest_callSet.key.proof 
71044      DEBUG main            d.u.i.k.p.i.AbstractProblemLoader Environment load took 157.7ns 
71046      INFO  main            d.u.i.k.p.i.AbstractProblemLoader Creating init config 
74598      DEBUG main            d.u.i.k.p.i.AbstractProblemLoader Init config took 3.55s 
74656      INFO  main            d.u.i.k.p.i.AbstractProblemLoader Replaying proof CellTest[CellTest::callSet(Cell,int)].JML operation contract.0 
74740      DEBUG main            d.u.i.k.p.i.IntermediateProofReplayer Proof replay took 80.88ms 
74741      DEBUG main            d.u.i.k.p.r.p.TestFile    ... success: reloaded. 
74743      INFO  main            d.u.i.k.p.r.p.TestFile    Now processing file /home/runner/work/key/key/key.core/../key.ui/examples/heap/model_methods/CellTest_test2.key 
74744      INFO  main            d.u.i.k.p.i.AbstractProblemLoader Loading environment from /home/runner/work/key/key/key.core/../key.ui/examples/heap/model_methods/CellTest_test2.key 
74744      DEBUG main            d.u.i.k.p.i.AbstractProblemLoader Environment load took 147.6ns 
74745      INFO  main            d.u.i.k.p.i.AbstractProblemLoader Creating init config 
78497      DEBUG main            d.u.i.k.p.i.AbstractProblemLoader Init config took 3.75s 
78562      INFO  main            d.u.i.k.p.i.AbstractProblemLoader Replaying proof CellTest[CellTest::test2(Cell)].JML operation contract.0 
78566      DEBUG main            d.u.i.k.p.i.IntermediateProofReplayer Proof replay took 8.3ns 
78970      INFO  main            d.u.i.k.p.r.p.TestFile    ... finished proof: closed. 
79234      INFO  main            d.u.i.k.p.i.AbstractProblemLoader Loading environment from /home/runner/work/key/key/key.core/../key.ui/examples/heap/model_methods/CellTest_test2.key.proof 
79234      DEBUG main            d.u.i.k.p.i.AbstractProblemLoader Environment load took 229.4ns 
79236      INFO  main            d.u.i.k.p.i.AbstractProblemLoader Creating init config 
82769      DEBUG main            d.u.i.k.p.i.AbstractProblemLoader Init config took 3.53s 
82826      INFO  main            d.u.i.k.p.i.AbstractProblemLoader Replaying proof CellTest[CellTest::test2(Cell)].JML operation contract.0 
82946      DEBUG main            d.u.i.k.p.i.IntermediateProofReplayer Proof replay took 115.68ms 
82947      DEBUG main            d.u.i.k.p.r.p.TestFile    ... success: reloaded. 
82949      INFO  main            d.u.i.k.p.r.p.TestFile    Now processing file /home/runner/work/key/key/key.core/../key.ui/examples/heap/model_methods/CellTest_test.key 
82950      INFO  main            d.u.i.k.p.i.AbstractProblemLoader Loading environment from /home/runner/work/key/key/key.core/../key.ui/examples/heap/model_methods/CellTest_test.key 
82950      DEBUG main            d.u.i.k.p.i.AbstractProblemLoader Environment load took 215.8ns 
82951      INFO  main            d.u.i.k.p.i.AbstractProblemLoader Creating init config 
86523      DEBUG main            d.u.i.k.p.i.AbstractProblemLoader Init config took 3.57s 
86585      INFO  main            d.u.i.k.p.i.AbstractProblemLoader Replaying proof CellTest[CellTest::test(Recell)].JML operation contract.0 
86588      DEBUG main            d.u.i.k.p.i.IntermediateProofReplayer Proof replay took 7ns 
90502      INFO  main            d.u.i.k.p.r.p.TestFile    ... finished proof: closed. 
90803      INFO  main            d.u.i.k.p.i.AbstractProblemLoader Loading environment from /home/runner/work/key/key/key.core/../key.ui/examples/heap/model_methods/CellTest_test.key.proof 
90808      DEBUG main            d.u.i.k.p.i.AbstractProblemLoader Environment load took 4.92ms 
90810      INFO  main            d.u.i.k.p.i.AbstractProblemLoader Creating init config 
94346      DEBUG main            d.u.i.k.p.i.AbstractProblemLoader Init config took 3.54s 
94398      INFO  main            d.u.i.k.p.i.AbstractProblemLoader Replaying proof CellTest[CellTest::test(Recell)].JML operation contract.0 
95172      DEBUG main            d.u.i.k.p.i.IntermediateProofReplayer Proof replay took 749.98ms 
95174      DEBUG main            d.u.i.k.p.r.p.TestFile    ... success: reloaded. 
95176      INFO  main            d.u.i.k.p.r.p.TestFile    Now processing file /home/runner/work/key/key/key.core/../key.ui/examples/heap/model_methods/Coll1_add.key 
95177      INFO  main            d.u.i.k.p.i.AbstractProblemLoader Loading environment from /home/runner/work/key/key/key.core/../key.ui/examples/heap/model_methods/Coll1_add.key 
95177      DEBUG main            d.u.i.k.p.i.AbstractProblemLoader Environment load took 161.9ns 
95178      INFO  main            d.u.i.k.p.i.AbstractProblemLoader Creating init config 
98764      DEBUG main            d.u.i.k.p.i.AbstractProblemLoader Init config took 3.59s 
98817      INFO  main            d.u.i.k.p.i.AbstractProblemLoader Replaying proof Coll1[Coll::add(int)].JML operation contract.0 
98819      DEBUG main            d.u.i.k.p.i.IntermediateProofReplayer Proof replay took 7.3ns 
98923      INFO  main            d.u.i.k.p.r.p.TestFile    ... finished proof: closed. 
99200      INFO  main            d.u.i.k.p.i.AbstractProblemLoader Loading environment from /home/runner/work/key/key/key.core/../key.ui/examples/heap/model_methods/Coll1_add.key.proof 
99200      DEBUG main            d.u.i.k.p.i.AbstractProblemLoader Environment load took 143.8ns 
99201      INFO  main            d.u.i.k.p.i.AbstractProblemLoader Creating init config 
102662     DEBUG main            d.u.i.k.p.i.AbstractProblemLoader Init config took 3.46s 
102714     INFO  main            d.u.i.k.p.i.AbstractProblemLoader Replaying proof Coll1[Coll::add(int)].JML operation contract.0 
102726     DEBUG main            d.u.i.k.p.i.IntermediateProofReplayer Proof replay took 9.92ms 
102727     DEBUG main            d.u.i.k.p.r.p.TestFile    ... success: reloaded. 
102728     INFO  main            d.u.i.k.p.r.p.TestFile    Now processing file /home/runner/work/key/key/key.core/../key.ui/examples/heap/model_methods/Coll1_Coll1_add_pre.key 
102729     INFO  main            d.u.i.k.p.i.AbstractProblemLoader Loading environment from /home/runner/work/key/key/key.core/../key.ui/examples/heap/model_methods/Coll1_Coll1_add_pre.key 
102729     DEBUG main            d.u.i.k.p.i.AbstractProblemLoader Environment load took 111.1ns 
102730     INFO  main            d.u.i.k.p.i.AbstractProblemLoader Creating init config 
106309     DEBUG main            d.u.i.k.p.i.AbstractProblemLoader Init config took 3.58s 
106360     INFO  main            d.u.i.k.p.i.AbstractProblemLoader Replaying proof Coll1[Coll1::add_pre(int)].JML model_behavior operation contract.0 
106362     DEBUG main            d.u.i.k.p.i.IntermediateProofReplayer Proof replay took 7.8ns 
106465     INFO  main            d.u.i.k.p.r.p.TestFile    ... finished proof: closed. 
106714     INFO  main            d.u.i.k.p.i.AbstractProblemLoader Loading environment from /home/runner/work/key/key/key.core/../key.ui/examples/heap/model_methods/Coll1_Coll1_add_pre.key.proof 
106714     DEBUG main            d.u.i.k.p.i.AbstractProblemLoader Environment load took 142.4ns 
106715     INFO  main            d.u.i.k.p.i.AbstractProblemLoader Creating init config 
110188     DEBUG main            d.u.i.k.p.i.AbstractProblemLoader Init config took 3.47s 
110238     INFO  main            d.u.i.k.p.i.AbstractProblemLoader Replaying proof Coll1[Coll1::add_pre(int)].JML model_behavior operation contract.0 
110242     DEBUG main            d.u.i.k.p.i.IntermediateProofReplayer Proof replay took 2.09ms 
110243     DEBUG main            d.u.i.k.p.r.p.TestFile    ... success: reloaded. 
110245     INFO  main            d.u.i.k.p.r.p.TestFile    Now processing file /home/runner/work/key/key/key.core/../key.ui/examples/heap/model_methods/Coll1_Coll_add_pre.key 
110245     INFO  main            d.u.i.k.p.i.AbstractProblemLoader Loading environment from /home/runner/work/key/key/key.core/../key.ui/examples/heap/model_methods/Coll1_Coll_add_pre.key 
110245     DEBUG main            d.u.i.k.p.i.AbstractProblemLoader Environment load took 120ns 
110246     INFO  main            d.u.i.k.p.i.AbstractProblemLoader Creating init config 
113827     DEBUG main            d.u.i.k.p.i.AbstractProblemLoader Init config took 3.58s 
113898     INFO  main            d.u.i.k.p.i.AbstractProblemLoader Replaying proof Coll1[Coll::add_pre(int)].JML model_behavior operation contract.0 
113900     DEBUG main            d.u.i.k.p.i.IntermediateProofReplayer Proof replay took 8.3ns 
114002     INFO  main            d.u.i.k.p.r.p.TestFile    ... finished proof: closed. 
114254     INFO  main            d.u.i.k.p.i.AbstractProblemLoader Loading environment from /home/runner/work/key/key/key.core/../key.ui/examples/heap/model_methods/Coll1_Coll_add_pre.key.proof 
114254     DEBUG main            d.u.i.k.p.i.AbstractProblemLoader Environment load took 159.6ns 
114255     INFO  main            d.u.i.k.p.i.AbstractProblemLoader Creating init config 
117685     DEBUG main            d.u.i.k.p.i.AbstractProblemLoader Init config took 3.43s 
117747     INFO  main            d.u.i.k.p.i.AbstractProblemLoader Replaying proof Coll1[Coll::add_pre(int)].JML model_behavior operation contract.0 
117752     DEBUG main            d.u.i.k.p.i.IntermediateProofReplayer Proof replay took 3.1ms 
117753     DEBUG main            d.u.i.k.p.r.p.TestFile    ... success: reloaded. 
117754     INFO  main            d.u.i.k.p.r.p.TestFile    Now processing file /home/runner/work/key/key/key.core/../key.ui/examples/heap/model_methods/Coll2_add.key 
117755     INFO  main            d.u.i.k.p.i.AbstractProblemLoader Loading environment from /home/runner/work/key/key/key.core/../key.ui/examples/heap/model_methods/Coll2_add.key 
117755     DEBUG main            d.u.i.k.p.i.AbstractProblemLoader Environment load took 248.3ns 
117756     INFO  main            d.u.i.k.p.i.AbstractProblemLoader Creating init config 
121320     DEBUG main            d.u.i.k.p.i.AbstractProblemLoader Init config took 3.56s 
121371     INFO  main            d.u.i.k.p.i.AbstractProblemLoader Replaying proof Coll2[Coll::add(int)].JML operation contract.0 
121373     DEBUG main            d.u.i.k.p.i.IntermediateProofReplayer Proof replay took 7.2ns 
121478     INFO  main            d.u.i.k.p.r.p.TestFile    ... finished proof: closed. 
121763     INFO  main            d.u.i.k.p.i.AbstractProblemLoader Loading environment from /home/runner/work/key/key/key.core/../key.ui/examples/heap/model_methods/Coll2_add.key.proof 
121763     DEBUG main            d.u.i.k.p.i.AbstractProblemLoader Environment load took 176.3ns 
121765     INFO  main            d.u.i.k.p.i.AbstractProblemLoader Creating init config 
125272     DEBUG main            d.u.i.k.p.i.AbstractProblemLoader Init config took 3.51s 
125321     INFO  main            d.u.i.k.p.i.AbstractProblemLoader Replaying proof Coll2[Coll::add(int)].JML operation contract.0 
125332     DEBUG main            d.u.i.k.p.i.IntermediateProofReplayer Proof replay took 9.32ms 
125334     DEBUG main            d.u.i.k.p.r.p.TestFile    ... success: reloaded. 
125335     INFO  main            d.u.i.k.p.r.p.TestFile    Now processing file /home/runner/work/key/key/key.core/../key.ui/examples/heap/model_methods/Coll2_Coll2_add_pre.key 
125335     INFO  main            d.u.i.k.p.i.AbstractProblemLoader Loading environment from /home/runner/work/key/key/key.core/../key.ui/examples/heap/model_methods/Coll2_Coll2_add_pre.key 
125335     DEBUG main            d.u.i.k.p.i.AbstractProblemLoader Environment load took 209.7ns 
125337     INFO  main            d.u.i.k.p.i.AbstractProblemLoader Creating init config 
128921     DEBUG main            d.u.i.k.p.i.AbstractProblemLoader Init config took 3.58s 
128973     INFO  main            d.u.i.k.p.i.AbstractProblemLoader Replaying proof Coll2[Coll2::add_pre(int)].JML model_behavior operation contract.0 
128977     DEBUG main            d.u.i.k.p.i.IntermediateProofReplayer Proof replay took 7.8ns 
129080     INFO  main            d.u.i.k.p.r.p.TestFile    ... finished proof: closed. 
129343     INFO  main            d.u.i.k.p.i.AbstractProblemLoader Loading environment from /home/runner/work/key/key/key.core/../key.ui/examples/heap/model_methods/Coll2_Coll2_add_pre.key.proof 
129343     DEBUG main            d.u.i.k.p.i.AbstractProblemLoader Environment load took 183.7ns 
129345     INFO  main            d.u.i.k.p.i.AbstractProblemLoader Creating init config 
132819     DEBUG main            d.u.i.k.p.i.AbstractProblemLoader Init config took 3.47s 
132866     INFO  main            d.u.i.k.p.i.AbstractProblemLoader Replaying proof Coll2[Coll2::add_pre(int)].JML model_behavior operation contract.0 
132870     DEBUG main            d.u.i.k.p.i.IntermediateProofReplayer Proof replay took 2.22ms 
132872     DEBUG main            d.u.i.k.p.r.p.TestFile    ... success: reloaded. 
132873     INFO  main            d.u.i.k.p.r.p.TestFile    Now processing file /home/runner/work/key/key/key.core/../key.ui/examples/heap/model_methods/Coll2_Coll_add_pre.key 
132873     INFO  main            d.u.i.k.p.i.AbstractProblemLoader Loading environment from /home/runner/work/key/key/key.core/../key.ui/examples/heap/model_methods/Coll2_Coll_add_pre.key 
132874     DEBUG main            d.u.i.k.p.i.AbstractProblemLoader Environment load took 198.9ns 
132875     INFO  main            d.u.i.k.p.i.AbstractProblemLoader Creating init config 
136440     DEBUG main            d.u.i.k.p.i.AbstractProblemLoader Init config took 3.57s 
136489     INFO  main            d.u.i.k.p.i.AbstractProblemLoader Replaying proof Coll2[Coll::add_pre(int)].JML model_behavior operation contract.0 
136491     DEBUG main            d.u.i.k.p.i.IntermediateProofReplayer Proof replay took 7.6ns 
136594     INFO  main            d.u.i.k.p.r.p.TestFile    ... finished proof: closed. 
136943     INFO  main            d.u.i.k.p.i.AbstractProblemLoader Loading environment from /home/runner/work/key/key/key.core/../key.ui/examples/heap/model_methods/Coll2_Coll_add_pre.key.proof 
136943     DEBUG main            d.u.i.k.p.i.AbstractProblemLoader Environment load took 168.9ns 
136944     INFO  main            d.u.i.k.p.i.AbstractProblemLoader Creating init config 
140335     DEBUG main            d.u.i.k.p.i.AbstractProblemLoader Init config took 3.39s 
140381     INFO  main            d.u.i.k.p.i.AbstractProblemLoader Replaying proof Coll2[Coll::add_pre(int)].JML model_behavior operation contract.0 
140385     DEBUG main            d.u.i.k.p.i.IntermediateProofReplayer Proof replay took 2.83ms 
140386     DEBUG main            d.u.i.k.p.r.p.TestFile    ... success: reloaded. 
140388     INFO  main            d.u.i.k.p.r.p.TestFile    Now processing file /home/runner/work/key/key/key.core/../key.ui/examples/heap/model_methods/Coll_add.key 
140388     INFO  main            d.u.i.k.p.i.AbstractProblemLoader Loading environment from /home/runner/work/key/key/key.core/../key.ui/examples/heap/model_methods/Coll_add.key 
140388     DEBUG main            d.u.i.k.p.i.AbstractProblemLoader Environment load took 123.8ns 
140389     INFO  main            d.u.i.k.p.i.AbstractProblemLoader Creating init config 
144002     DEBUG main            d.u.i.k.p.i.AbstractProblemLoader Init config took 3.61s 
144060     INFO  main            d.u.i.k.p.i.AbstractProblemLoader Replaying proof Coll[Coll::add(int)].JML operation contract.0 
144062     DEBUG main            d.u.i.k.p.i.IntermediateProofReplayer Proof replay took 7.5ns 
144164     INFO  main            d.u.i.k.p.r.p.TestFile    ... finished proof: closed. 
144470     INFO  main            d.u.i.k.p.i.AbstractProblemLoader Loading environment from /home/runner/work/key/key/key.core/../key.ui/examples/heap/model_methods/Coll_add.key.proof 
144471     DEBUG main            d.u.i.k.p.i.AbstractProblemLoader Environment load took 155.62ns 
144472     INFO  main            d.u.i.k.p.i.AbstractProblemLoader Creating init config 
147919     DEBUG main            d.u.i.k.p.i.AbstractProblemLoader Init config took 3.45s 
147989     INFO  main            d.u.i.k.p.i.AbstractProblemLoader Replaying proof Coll[Coll::add(int)].JML operation contract.0 
147994     DEBUG main            d.u.i.k.p.i.IntermediateProofReplayer Proof replay took 3.3ms 
147995     DEBUG main            d.u.i.k.p.r.p.TestFile    ... success: reloaded. 
147997     INFO  main            d.u.i.k.p.r.p.TestFile    Now processing file /home/runner/work/key/key/key.core/../key.ui/examples/heap/model_methods/Coll_add_pre.key 
147998     INFO  main            d.u.i.k.p.i.AbstractProblemLoader Loading environment from /home/runner/work/key/key/key.core/../key.ui/examples/heap/model_methods/Coll_add_pre.key 
147998     DEBUG main            d.u.i.k.p.i.AbstractProblemLoader Environment load took 271.4ns 
148001     INFO  main            d.u.i.k.p.i.AbstractProblemLoader Creating init config 
151502     DEBUG main            d.u.i.k.p.i.AbstractProblemLoader Init config took 3.5s 
151550     INFO  main            d.u.i.k.p.i.AbstractProblemLoader Replaying proof Coll[Coll::add_pre(int)].JML model_behavior operation contract.0 
151552     DEBUG main            d.u.i.k.p.i.IntermediateProofReplayer Proof replay took 7.1ns 
151654     INFO  main            d.u.i.k.p.r.p.TestFile    ... finished proof: closed. 
151950     INFO  main            d.u.i.k.p.i.AbstractProblemLoader Loading environment from /home/runner/work/key/key/key.core/../key.ui/examples/heap/model_methods/Coll_add_pre.key.proof 
151950     DEBUG main            d.u.i.k.p.i.AbstractProblemLoader Environment load took 209.4ns 
151951     INFO  main            d.u.i.k.p.i.AbstractProblemLoader Creating init config 
155365     DEBUG main            d.u.i.k.p.i.AbstractProblemLoader Init config took 3.41s 
155417     INFO  main            d.u.i.k.p.i.AbstractProblemLoader Replaying proof Coll[Coll::add_pre(int)].JML model_behavior operation contract.0 
155425     DEBUG main            d.u.i.k.p.i.IntermediateProofReplayer Proof replay took 5.28ms 
155427     DEBUG main            d.u.i.k.p.r.p.TestFile    ... success: reloaded. 
155429     INFO  main            d.u.i.k.p.r.p.TestFile    Now processing file /home/runner/work/key/key/key.core/../key.ui/examples/heap/model_methods/Indirect_callAdd.key 
155429     INFO  main            d.u.i.k.p.i.AbstractProblemLoader Loading environment from /home/runner/work/key/key/key.core/../key.ui/examples/heap/model_methods/Indirect_callAdd.key 
155429     DEBUG main            d.u.i.k.p.i.AbstractProblemLoader Environment load took 211ns 
155431     INFO  main            d.u.i.k.p.i.AbstractProblemLoader Creating init config 
158998     DEBUG main            d.u.i.k.p.i.AbstractProblemLoader Init config took 3.57s 
159046     INFO  main            d.u.i.k.p.i.AbstractProblemLoader Replaying proof Indirect[Indirect::callAdd(Coll,int)].JML operation contract.0 
159048     DEBUG main            d.u.i.k.p.i.IntermediateProofReplayer Proof replay took 7.4ns 
159252     INFO  main            d.u.i.k.p.r.p.TestFile    ... finished proof: closed. 
159600     INFO  main            d.u.i.k.p.i.AbstractProblemLoader Loading environment from /home/runner/work/key/key/key.core/../key.ui/examples/heap/model_methods/Indirect_callAdd.key.proof 
159600     DEBUG main            d.u.i.k.p.i.AbstractProblemLoader Environment load took 155.2ns 
159601     INFO  main            d.u.i.k.p.i.AbstractProblemLoader Creating init config 
163071     DEBUG main            d.u.i.k.p.i.AbstractProblemLoader Init config took 3.47s 
163118     INFO  main            d.u.i.k.p.i.AbstractProblemLoader Replaying proof Indirect[Indirect::callAdd(Coll,int)].JML operation contract.0 
163156     DEBUG main            d.u.i.k.p.i.IntermediateProofReplayer Proof replay took 35.09ms 
163157     DEBUG main            d.u.i.k.p.r.p.TestFile    ... success: reloaded. 
163159     INFO  main            d.u.i.k.p.r.p.TestFile    Now processing file /home/runner/work/key/key/key.core/../key.ui/examples/heap/model_methods/Indirect_test.key 
163159     INFO  main            d.u.i.k.p.i.AbstractProblemLoader Loading environment from /home/runner/work/key/key/key.core/../key.ui/examples/heap/model_methods/Indirect_test.key 
163159     DEBUG main            d.u.i.k.p.i.AbstractProblemLoader Environment load took 240.31ns 
163161     INFO  main            d.u.i.k.p.i.AbstractProblemLoader Creating init config 
166688     DEBUG main            d.u.i.k.p.i.AbstractProblemLoader Init config took 3.53s 
166738     INFO  main            d.u.i.k.p.i.AbstractProblemLoader Replaying proof Indirect[Indirect::test(Coll1,Coll2)].JML operation contract.0 
166740     DEBUG main            d.u.i.k.p.i.IntermediateProofReplayer Proof replay took 7.9ns 
167046     INFO  main            d.u.i.k.p.r.p.TestFile    ... finished proof: closed. 
167387     INFO  main            d.u.i.k.p.i.AbstractProblemLoader Loading environment from /home/runner/work/key/key/key.core/../key.ui/examples/heap/model_methods/Indirect_test.key.proof 
167387     DEBUG main            d.u.i.k.p.i.AbstractProblemLoader Environment load took 163.2ns 
167388     INFO  main            d.u.i.k.p.i.AbstractProblemLoader Creating init config 
170800     DEBUG main            d.u.i.k.p.i.AbstractProblemLoader Init config took 3.41s 
170846     INFO  main            d.u.i.k.p.i.AbstractProblemLoader Replaying proof Indirect[Indirect::test(Coll1,Coll2)].JML operation contract.0 
170922     DEBUG main            d.u.i.k.p.i.IntermediateProofReplayer Proof replay took 72.43ms 
170923     DEBUG main            d.u.i.k.p.r.p.TestFile    ... success: reloaded. 
170925     INFO  main            d.u.i.k.p.r.p.TestFile    Now processing file /home/runner/work/key/key/key.core/../key.ui/examples/heap/model_methods/Recell_Cell_footprint.key 
170925     INFO  main            d.u.i.k.p.i.AbstractProblemLoader Loading environment from /home/runner/work/key/key/key.core/../key.ui/examples/heap/model_methods/Recell_Cell_footprint.key 
170925     DEBUG main            d.u.i.k.p.i.AbstractProblemLoader Environment load took 259.11ns 
170926     INFO  main            d.u.i.k.p.i.AbstractProblemLoader Creating init config 
174538     DEBUG main            d.u.i.k.p.i.AbstractProblemLoader Init config took 3.61s 
174586     INFO  main            d.u.i.k.p.i.AbstractProblemLoader Replaying proof Recell[Cell::footprint()].JML model_behavior operation contract.0 
174588     DEBUG main            d.u.i.k.p.i.IntermediateProofReplayer Proof replay took 8.6ns 
174690     INFO  main            d.u.i.k.p.r.p.TestFile    ... finished proof: closed. 
175016     INFO  main            d.u.i.k.p.i.AbstractProblemLoader Loading environment from /home/runner/work/key/key/key.core/../key.ui/examples/heap/model_methods/Recell_Cell_footprint.key.proof 
175016     DEBUG main            d.u.i.k.p.i.AbstractProblemLoader Environment load took 132.6ns 
175017     INFO  main            d.u.i.k.p.i.AbstractProblemLoader Creating init config 
178364     DEBUG main            d.u.i.k.p.i.AbstractProblemLoader Init config took 3.35s 
178413     INFO  main            d.u.i.k.p.i.AbstractProblemLoader Replaying proof Recell[Cell::footprint()].JML model_behavior operation contract.0 
178419     DEBUG main            d.u.i.k.p.i.IntermediateProofReplayer Proof replay took 3.99ms 
178420     DEBUG main            d.u.i.k.p.r.p.TestFile    ... success: reloaded. 
178421     INFO  main            d.u.i.k.p.r.p.TestFile    Now processing file /home/runner/work/key/key/key.core/../key.ui/examples/heap/model_methods/Recell_Cell_post_set.key 
178421     INFO  main            d.u.i.k.p.i.AbstractProblemLoader Loading environment from /home/runner/work/key/key/key.core/../key.ui/examples/heap/model_methods/Recell_Cell_post_set.key 
178421     DEBUG main            d.u.i.k.p.i.AbstractProblemLoader Environment load took 74.2ns 
178422     INFO  main            d.u.i.k.p.i.AbstractProblemLoader Creating init config 
181955     DEBUG main            d.u.i.k.p.i.AbstractProblemLoader Init config took 3.53s 
182003     INFO  main            d.u.i.k.p.i.AbstractProblemLoader Replaying proof Recell[Cell::post_set(int)].JML model_behavior operation contract.0 
182004     DEBUG main            d.u.i.k.p.i.IntermediateProofReplayer Proof replay took 7.3ns 
182106     INFO  main            d.u.i.k.p.r.p.TestFile    ... finished proof: closed. 
182443     INFO  main            d.u.i.k.p.i.AbstractProblemLoader Loading environment from /home/runner/work/key/key/key.core/../key.ui/examples/heap/model_methods/Recell_Cell_post_set.key.proof 
182443     DEBUG main            d.u.i.k.p.i.AbstractProblemLoader Environment load took 123.8ns 
182444     INFO  main            d.u.i.k.p.i.AbstractProblemLoader Creating init config 
185889     DEBUG main            d.u.i.k.p.i.AbstractProblemLoader Init config took 3.44s 
185938     INFO  main            d.u.i.k.p.i.AbstractProblemLoader Replaying proof Recell[Cell::post_set(int)].JML model_behavior operation contract.0 
185946     DEBUG main            d.u.i.k.p.i.IntermediateProofReplayer Proof replay took 6.79ms 
185948     DEBUG main            d.u.i.k.p.r.p.TestFile    ... success: reloaded. 
185949     INFO  main            d.u.i.k.p.r.p.TestFile    Now processing file /home/runner/work/key/key/key.core/../key.ui/examples/heap/model_methods/Recell_footprint_acc.key 
185949     INFO  main            d.u.i.k.p.i.AbstractProblemLoader Loading environment from /home/runner/work/key/key/key.core/../key.ui/examples/heap/model_methods/Recell_footprint_acc.key 
185949     DEBUG main            d.u.i.k.p.i.AbstractProblemLoader Environment load took 125.7ns 
185950     INFO  main            d.u.i.k.p.i.AbstractProblemLoader Creating init config 
189425     DEBUG main            d.u.i.k.p.i.AbstractProblemLoader Init config took 3.47s 
189470     INFO  main            d.u.i.k.p.i.AbstractProblemLoader Replaying proof Recell[Cell::footprint()].JML accessible clause.0 
189472     DEBUG main            d.u.i.k.p.i.IntermediateProofReplayer Proof replay took 7.5ns 
189579     INFO  main            d.u.i.k.p.r.p.TestFile    ... finished proof: closed. 
189991     INFO  main            d.u.i.k.p.i.AbstractProblemLoader Loading environment from /home/runner/work/key/key/key.core/../key.ui/examples/heap/model_methods/Recell_footprint_acc.key.proof 
189992     DEBUG main            d.u.i.k.p.i.AbstractProblemLoader Environment load took 129.5ns 
189993     INFO  main            d.u.i.k.p.i.AbstractProblemLoader Creating init config 
193366     DEBUG main            d.u.i.k.p.i.AbstractProblemLoader Init config took 3.37s 
193411     INFO  main            d.u.i.k.p.i.AbstractProblemLoader Replaying proof Recell[Cell::footprint()].JML accessible clause.0 
193437     DEBUG main            d.u.i.k.p.i.IntermediateProofReplayer Proof replay took 23.23ms 
193438     DEBUG main            d.u.i.k.p.r.p.TestFile    ... success: reloaded. 
193440     INFO  main            d.u.i.k.p.r.p.TestFile    Now processing file /home/runner/work/key/key/key.core/../key.ui/examples/heap/model_methods/Recell_get_acc.key 
193440     INFO  main            d.u.i.k.p.i.AbstractProblemLoader Loading environment from /home/runner/work/key/key/key.core/../key.ui/examples/heap/model_methods/Recell_get_acc.key 
193440     DEBUG main            d.u.i.k.p.i.AbstractProblemLoader Environment load took 110.3ns 
193441     INFO  main            d.u.i.k.p.i.AbstractProblemLoader Creating init config 
196940     DEBUG main            d.u.i.k.p.i.AbstractProblemLoader Init config took 3.5s 
196985     INFO  main            d.u.i.k.p.i.AbstractProblemLoader Replaying proof Recell[Cell::get()].JML accessible clause.0 
196987     DEBUG main            d.u.i.k.p.i.IntermediateProofReplayer Proof replay took 7.4ns 
197091     INFO  main            d.u.i.k.p.r.p.TestFile    ... finished proof: closed. 
197452     INFO  main            d.u.i.k.p.i.AbstractProblemLoader Loading environment from /home/runner/work/key/key/key.core/../key.ui/examples/heap/model_methods/Recell_get_acc.key.proof 
197452     DEBUG main            d.u.i.k.p.i.AbstractProblemLoader Environment load took 189.41ns 
197453     INFO  main            d.u.i.k.p.i.AbstractProblemLoader Creating init config 
200815     DEBUG main            d.u.i.k.p.i.AbstractProblemLoader Init config took 3.36s 
200872     INFO  main            d.u.i.k.p.i.AbstractProblemLoader Replaying proof Recell[Cell::get()].JML accessible clause.0 
200899     DEBUG main            d.u.i.k.p.i.IntermediateProofReplayer Proof replay took 23.83ms 
200901     DEBUG main            d.u.i.k.p.r.p.TestFile    ... success: reloaded. 
200902     INFO  main            d.u.i.k.p.r.p.TestFile    Now processing file /home/runner/work/key/key/key.core/../key.ui/examples/heap/model_methods/Recell_get.key 
200902     INFO  main            d.u.i.k.p.i.AbstractProblemLoader Loading environment from /home/runner/work/key/key/key.core/../key.ui/examples/heap/model_methods/Recell_get.key 
200903     DEBUG main            d.u.i.k.p.i.AbstractProblemLoader Environment load took 297.71ns 
200904     INFO  main            d.u.i.k.p.i.AbstractProblemLoader Creating init config 
204408     DEBUG main            d.u.i.k.p.i.AbstractProblemLoader Init config took 3.5s 
204456     INFO  main            d.u.i.k.p.i.AbstractProblemLoader Replaying proof Recell[Cell::get()].JML operation contract.0 
204458     DEBUG main            d.u.i.k.p.i.IntermediateProofReplayer Proof replay took 20.8ns 
204560     INFO  main            d.u.i.k.p.r.p.TestFile    ... finished proof: closed. 
204926     INFO  main            d.u.i.k.p.i.AbstractProblemLoader Loading environment from /home/runner/work/key/key/key.core/../key.ui/examples/heap/model_methods/Recell_get.key.proof 
204927     DEBUG main            d.u.i.k.p.i.AbstractProblemLoader Environment load took 120ns 
204928     INFO  main            d.u.i.k.p.i.AbstractProblemLoader Creating init config 
208254     DEBUG main            d.u.i.k.p.i.AbstractProblemLoader Init config took 3.33s 
208303     INFO  main            d.u.i.k.p.i.AbstractProblemLoader Replaying proof Recell[Cell::get()].JML operation contract.0 
208318     DEBUG main            d.u.i.k.p.i.IntermediateProofReplayer Proof replay took 12.59ms 
208319     DEBUG main            d.u.i.k.p.r.p.TestFile    ... success: reloaded. 
208321     INFO  main            d.u.i.k.p.r.p.TestFile    Now processing file /home/runner/work/key/key/key.core/../key.ui/examples/heap/model_methods/Recell_Recell_footprint.key 
208321     INFO  main            d.u.i.k.p.i.AbstractProblemLoader Loading environment from /home/runner/work/key/key/key.core/../key.ui/examples/heap/model_methods/Recell_Recell_footprint.key 
208321     DEBUG main            d.u.i.k.p.i.AbstractProblemLoader Environment load took 255.31ns 
208323     INFO  main            d.u.i.k.p.i.AbstractProblemLoader Creating init config 
211792     DEBUG main            d.u.i.k.p.i.AbstractProblemLoader Init config took 3.47s 
211837     INFO  main            d.u.i.k.p.i.AbstractProblemLoader Replaying proof Recell[Recell::footprint()].JML model_behavior operation contract.0 
211840     DEBUG main            d.u.i.k.p.i.IntermediateProofReplayer Proof replay took 7.8ns 
211941     INFO  main            d.u.i.k.p.r.p.TestFile    ... finished proof: closed. 
212330     INFO  main            d.u.i.k.p.i.AbstractProblemLoader Loading environment from /home/runner/work/key/key/key.core/../key.ui/examples/heap/model_methods/Recell_Recell_footprint.key.proof 
212330     DEBUG main            d.u.i.k.p.i.AbstractProblemLoader Environment load took 130ns 
212331     INFO  main            d.u.i.k.p.i.AbstractProblemLoader Creating init config 
215681     DEBUG main            d.u.i.k.p.i.AbstractProblemLoader Init config took 3.35s 
215726     INFO  main            d.u.i.k.p.i.AbstractProblemLoader Replaying proof Recell[Recell::footprint()].JML model_behavior operation contract.0 
215730     DEBUG main            d.u.i.k.p.i.IntermediateProofReplayer Proof replay took 2.1ms 
215731     DEBUG main            d.u.i.k.p.r.p.TestFile    ... success: reloaded. 
215732     INFO  main            d.u.i.k.p.r.p.TestFile    Now processing file /home/runner/work/key/key/key.core/../key.ui/examples/heap/model_methods/Recell_Recell_post_set.key 
215732     INFO  main            d.u.i.k.p.i.AbstractProblemLoader Loading environment from /home/runner/work/key/key/key.core/../key.ui/examples/heap/model_methods/Recell_Recell_post_set.key 
215733     DEBUG main            d.u.i.k.p.i.AbstractProblemLoader Environment load took 232.11ns 
215734     INFO  main            d.u.i.k.p.i.AbstractProblemLoader Creating init config 
219285     DEBUG main            d.u.i.k.p.i.AbstractProblemLoader Init config took 3.55s 
219332     INFO  main            d.u.i.k.p.i.AbstractProblemLoader Replaying proof Recell[Recell::post_set(int)].JML model_behavior operation contract.0 
219334     DEBUG main            d.u.i.k.p.i.IntermediateProofReplayer Proof replay took 7.7ns 
219437     INFO  main            d.u.i.k.p.r.p.TestFile    ... finished proof: closed. 
219817     INFO  main            d.u.i.k.p.i.AbstractProblemLoader Loading environment from /home/runner/work/key/key/key.core/../key.ui/examples/heap/model_methods/Recell_Recell_post_set.key.proof 
219817     DEBUG main            d.u.i.k.p.i.AbstractProblemLoader Environment load took 145ns 
219818     INFO  main            d.u.i.k.p.i.AbstractProblemLoader Creating init config 
223212     DEBUG main            d.u.i.k.p.i.AbstractProblemLoader Init config took 3.39s 
223257     INFO  main            d.u.i.k.p.i.AbstractProblemLoader Replaying proof Recell[Recell::post_set(int)].JML model_behavior operation contract.0 
223262     DEBUG main            d.u.i.k.p.i.IntermediateProofReplayer Proof replay took 3.04ms 
223264     DEBUG main            d.u.i.k.p.r.p.TestFile    ... success: reloaded. 
223265     INFO  main            d.u.i.k.p.r.p.TestFile    Now processing file /home/runner/work/key/key/key.core/../key.ui/examples/heap/model_methods/Recell_set.key 
223265     INFO  main            d.u.i.k.p.i.AbstractProblemLoader Loading environment from /home/runner/work/key/key/key.core/../key.ui/examples/heap/model_methods/Recell_set.key 
223265     DEBUG main            d.u.i.k.p.i.AbstractProblemLoader Environment load took 113.4ns 
223266     INFO  main            d.u.i.k.p.i.AbstractProblemLoader Creating init config 
226793     DEBUG main            d.u.i.k.p.i.AbstractProblemLoader Init config took 3.53s 
226839     INFO  main            d.u.i.k.p.i.AbstractProblemLoader Replaying proof Recell[Cell::set(int)].JML operation contract.0 
226842     DEBUG main            d.u.i.k.p.i.IntermediateProofReplayer Proof replay took 7.3ns 
236114     INFO  main            d.u.i.k.p.r.p.TestFile    ... finished proof: closed. 
236533     INFO  main            d.u.i.k.p.i.AbstractProblemLoader Loading environment from /home/runner/work/key/key/key.core/../key.ui/examples/heap/model_methods/Recell_set.key.proof 
236534     DEBUG main            d.u.i.k.p.i.AbstractProblemLoader Environment load took 190.8ns 
236535     INFO  main            d.u.i.k.p.i.AbstractProblemLoader Creating init config 
239963     DEBUG main            d.u.i.k.p.i.AbstractProblemLoader Init config took 3.43s 
240014     INFO  main            d.u.i.k.p.i.AbstractProblemLoader Replaying proof Recell[Cell::set(int)].JML operation contract.0 
240721     DEBUG main            d.u.i.k.p.i.IntermediateProofReplayer Proof replay took 683.65ms 
240760     DEBUG main            d.u.i.k.p.r.p.TestFile    ... success: reloaded. 
240761     INFO  main            d.u.i.k.p.r.p.TestFile    Now processing file /home/runner/work/key/key/key.core/../key.ui/examples/heap/model_methods/Recell_undo.key 
240761     INFO  main            d.u.i.k.p.i.AbstractProblemLoader Loading environment from /home/runner/work/key/key/key.core/../key.ui/examples/heap/model_methods/Recell_undo.key 
240761     DEBUG main            d.u.i.k.p.i.AbstractProblemLoader Environment load took 62.9ns 
240762     INFO  main            d.u.i.k.p.i.AbstractProblemLoader Creating init config 
244218     DEBUG main            d.u.i.k.p.i.AbstractProblemLoader Init config took 3.46s 
244264     INFO  main            d.u.i.k.p.i.AbstractProblemLoader Replaying proof Recell[Recell::undo()].JML operation contract.0 
244266     DEBUG main            d.u.i.k.p.i.IntermediateProofReplayer Proof replay took 45.4ns 
244471     INFO  main            d.u.i.k.p.r.p.TestFile    ... finished proof: closed. 
244868     INFO  main            d.u.i.k.p.i.AbstractProblemLoader Loading environment from /home/runner/work/key/key/key.core/../key.ui/examples/heap/model_methods/Recell_undo.key.proof 
244869     DEBUG main            d.u.i.k.p.i.AbstractProblemLoader Environment load took 152.8ns 
244870     INFO  main            d.u.i.k.p.i.AbstractProblemLoader Creating init config 
248246     DEBUG main            d.u.i.k.p.i.AbstractProblemLoader Init config took 3.38s 
248297     INFO  main            d.u.i.k.p.i.AbstractProblemLoader Replaying proof Recell[Recell::undo()].JML operation contract.0 
248346     DEBUG main            d.u.i.k.p.i.IntermediateProofReplayer Proof replay took 45.61ms 
248347     DEBUG main            d.u.i.k.p.r.p.TestFile    ... success: reloaded. 
5510705    INFO  Test worker     d.u.i.k.p.r.RunAllProofsTestUnit Returning from test modelMethods 
5510706    INFO  Test worker     d.u.i.k.p.r.RunAllProofsTestUnit Running test permissionHeap 
530        INFO  Timeout watchdog d.u.i.k.p.r.p.ForkedTestFileRunner Timeout watcher launched (2000 secs.) 
542        WARN  main            d.u.i.k.s.ProofSettings   The settings in /home/runner/.key/proof-settings.props are *not* read. 
576        INFO  main            d.u.i.k.p.r.p.TestFile    Now processing file /home/runner/work/key/key/key.core/../key.ui/examples/heap/permissions/permissions_method0.key 
765        INFO  main            d.u.i.k.p.i.AbstractProblemLoader Loading environment from /home/runner/work/key/key/key.core/../key.ui/examples/heap/permissions/permissions_method0.key 
793        DEBUG main            d.u.i.k.p.i.AbstractProblemLoader Environment load took 3.17ms 
1111       INFO  main            d.u.i.k.p.i.AbstractProblemLoader Creating init config 
2566       DEBUG main            d.u.i.k.j.TypeConverter   No LDT found for Meta 
2567       DEBUG main            d.u.i.k.j.TypeConverter   No LDT found for Meta 
2571       DEBUG main            d.u.i.k.j.TypeConverter   No LDT found for Meta 
2571       DEBUG main            d.u.i.k.j.TypeConverter   No LDT found for Meta 
4500       DEBUG main            d.u.i.k.j.TypeConverter   No LDT found for JavaBigintExpression 
11418      DEBUG main            d.u.i.k.p.i.AbstractProblemLoader Init config took 10.31s 
11575      INFO  main            d.u.i.k.p.i.AbstractProblemLoader Replaying proof MyClass[MyClass::method0()].JML normal_behavior operation contract.0 
11623      DEBUG main            d.u.i.k.p.i.IntermediateProofReplayer Proof replay took 40.2ns 
12908      INFO  main            d.u.i.k.p.r.p.TestFile    ... finished proof: closed. 
13067      INFO  main            d.u.i.k.p.i.AbstractProblemLoader Loading environment from /home/runner/work/key/key/key.core/../key.ui/examples/heap/permissions/permissions_method0.key.proof 
13068      DEBUG main            d.u.i.k.p.i.AbstractProblemLoader Environment load took 1.17ms 
13072      INFO  main            d.u.i.k.p.i.AbstractProblemLoader Creating init config 
17090      DEBUG main            d.u.i.k.p.i.AbstractProblemLoader Init config took 4.02s 
17201      INFO  main            d.u.i.k.p.i.AbstractProblemLoader Replaying proof MyClass[MyClass::method0()].JML normal_behavior operation contract.0 
17349      DEBUG main            d.u.i.k.p.i.IntermediateProofReplayer Proof replay took 139.9ms 
17358      DEBUG main            d.u.i.k.p.r.p.TestFile    ... success: reloaded. 
17360      INFO  main            d.u.i.k.p.r.p.TestFile    Now processing file /home/runner/work/key/key/key.core/../key.ui/examples/heap/permissions/permissions_method1.key 
17360      INFO  main            d.u.i.k.p.i.AbstractProblemLoader Loading environment from /home/runner/work/key/key/key.core/../key.ui/examples/heap/permissions/permissions_method1.key 
17361      DEBUG main            d.u.i.k.p.i.AbstractProblemLoader Environment load took 277.31ns 
17363      INFO  main            d.u.i.k.p.i.AbstractProblemLoader Creating init config 
21251      DEBUG main            d.u.i.k.p.i.AbstractProblemLoader Init config took 3.89s 
21333      INFO  main            d.u.i.k.p.i.AbstractProblemLoader Replaying proof MyClass[MyClass::method1()].JML normal_behavior operation contract.0 
21337      DEBUG main            d.u.i.k.p.i.IntermediateProofReplayer Proof replay took 7.6ns 
21741      INFO  main            d.u.i.k.p.r.p.TestFile    ... finished proof: closed. 
21931      INFO  main            d.u.i.k.p.i.AbstractProblemLoader Loading environment from /home/runner/work/key/key/key.core/../key.ui/examples/heap/permissions/permissions_method1.key.proof 
21931      DEBUG main            d.u.i.k.p.i.AbstractProblemLoader Environment load took 174.9ns 
21933      INFO  main            d.u.i.k.p.i.AbstractProblemLoader Creating init config 
25514      DEBUG main            d.u.i.k.p.i.AbstractProblemLoader Init config took 3.58s 
25585      INFO  main            d.u.i.k.p.i.AbstractProblemLoader Replaying proof MyClass[MyClass::method1()].JML normal_behavior operation contract.0 
25702      DEBUG main            d.u.i.k.p.i.IntermediateProofReplayer Proof replay took 111.34ms 
25703      DEBUG main            d.u.i.k.p.r.p.TestFile    ... success: reloaded. 
25705      INFO  main            d.u.i.k.p.r.p.TestFile    Now processing file /home/runner/work/key/key/key.core/../key.ui/examples/heap/permissions/permissions_method3.key 
25706      INFO  main            d.u.i.k.p.i.AbstractProblemLoader Loading environment from /home/runner/work/key/key/key.core/../key.ui/examples/heap/permissions/permissions_method3.key 
25706      DEBUG main            d.u.i.k.p.i.AbstractProblemLoader Environment load took 272.01ns 
25707      INFO  main            d.u.i.k.p.i.AbstractProblemLoader Creating init config 
29394      DEBUG main            d.u.i.k.p.i.AbstractProblemLoader Init config took 3.69s 
29457      INFO  main            d.u.i.k.p.i.AbstractProblemLoader Replaying proof MyClass[MyClass::method3()].JML normal_behavior operation contract.0 
29478      DEBUG main            d.u.i.k.p.i.IntermediateProofReplayer Proof replay took 26.9ns 
31395      INFO  main            d.u.i.k.p.r.p.TestFile    ... finished proof: closed. 
31608      INFO  main            d.u.i.k.p.i.AbstractProblemLoader Loading environment from /home/runner/work/key/key/key.core/../key.ui/examples/heap/permissions/permissions_method3.key.proof 
31609      DEBUG main            d.u.i.k.p.i.AbstractProblemLoader Environment load took 224.6ns 
31610      INFO  main            d.u.i.k.p.i.AbstractProblemLoader Creating init config 
35162      DEBUG main            d.u.i.k.p.i.AbstractProblemLoader Init config took 3.55s 
35221      INFO  main            d.u.i.k.p.i.AbstractProblemLoader Replaying proof MyClass[MyClass::method3()].JML normal_behavior operation contract.0 
35689      DEBUG main            d.u.i.k.p.i.IntermediateProofReplayer Proof replay took 457.22ms 
35691      DEBUG main            d.u.i.k.p.r.p.TestFile    ... success: reloaded. 
35693      INFO  main            d.u.i.k.p.r.p.TestFile    Now processing file /home/runner/work/key/key/key.core/../key.ui/examples/heap/permissions/permissions_setAB.key 
35694      INFO  main            d.u.i.k.p.i.AbstractProblemLoader Loading environment from /home/runner/work/key/key/key.core/../key.ui/examples/heap/permissions/permissions_setAB.key 
35694      DEBUG main            d.u.i.k.p.i.AbstractProblemLoader Environment load took 268.41ns 
35696      INFO  main            d.u.i.k.p.i.AbstractProblemLoader Creating init config 
39428      DEBUG main            d.u.i.k.p.i.AbstractProblemLoader Init config took 3.73s 
39489      INFO  main            d.u.i.k.p.i.AbstractProblemLoader Replaying proof MyClass[MyClass::setAB()].JML normal_behavior operation contract.0 
39492      DEBUG main            d.u.i.k.p.i.IntermediateProofReplayer Proof replay took 8.3ns 
41506      INFO  main            d.u.i.k.p.r.p.TestFile    ... finished proof: closed. 
41748      INFO  main            d.u.i.k.p.i.AbstractProblemLoader Loading environment from /home/runner/work/key/key/key.core/../key.ui/examples/heap/permissions/permissions_setAB.key.proof 
41751      DEBUG main            d.u.i.k.p.i.AbstractProblemLoader Environment load took 3.47ms 
41753      INFO  main            d.u.i.k.p.i.AbstractProblemLoader Creating init config 
45348      DEBUG main            d.u.i.k.p.i.AbstractProblemLoader Init config took 3.59s 
45405      INFO  main            d.u.i.k.p.i.AbstractProblemLoader Replaying proof MyClass[MyClass::setAB()].JML normal_behavior operation contract.0 
45691      DEBUG main            d.u.i.k.p.i.IntermediateProofReplayer Proof replay took 279.4ms 
45693      DEBUG main            d.u.i.k.p.r.p.TestFile    ... success: reloaded. 
45694      INFO  main            d.u.i.k.p.r.p.TestFile    Now processing file /home/runner/work/key/key/key.core/../key.ui/examples/heap/permissions/permissionProperties.key 
45695      INFO  main            d.u.i.k.p.i.AbstractProblemLoader Loading environment from /home/runner/work/key/key/key.core/../key.ui/examples/heap/permissions/permissionProperties.key 
45695      DEBUG main            d.u.i.k.p.i.AbstractProblemLoader Environment load took 256.2ns 
45697      INFO  main            d.u.i.k.p.i.AbstractProblemLoader Creating init config 
45911      DEBUG main            d.u.i.k.j.TypeConverter   No LDT found for Meta 
45912      DEBUG main            d.u.i.k.j.TypeConverter   No LDT found for Meta 
45913      DEBUG main            d.u.i.k.j.TypeConverter   No LDT found for Meta 
45913      DEBUG main            d.u.i.k.j.TypeConverter   No LDT found for Meta 
46779      DEBUG main            d.u.i.k.j.TypeConverter   No LDT found for JavaBigintExpression 
50562      DEBUG main            d.u.i.k.p.i.AbstractProblemLoader Init config took 4.86s 
50589      INFO  main            d.u.i.k.p.i.AbstractProblemLoader Replaying proof permissionProperties.key 
50591      DEBUG main            d.u.i.k.p.i.IntermediateProofReplayer Proof replay took 7.5ns 
50695      INFO  main            d.u.i.k.p.r.p.TestFile    ... finished proof: closed. 
50915      INFO  main            d.u.i.k.p.i.AbstractProblemLoader Loading environment from /home/runner/work/key/key/key.core/../key.ui/examples/heap/permissions/permissionProperties.key.proof 
50916      DEBUG main            d.u.i.k.p.i.AbstractProblemLoader Environment load took 598.21ns 
50917      INFO  main            d.u.i.k.p.i.AbstractProblemLoader Creating init config 
54276      DEBUG main            d.u.i.k.p.i.AbstractProblemLoader Init config took 3.36s 
54301      INFO  main            d.u.i.k.p.i.AbstractProblemLoader Replaying proof permissionProperties.key.proof 
54327      DEBUG main            d.u.i.k.p.i.IntermediateProofReplayer Proof replay took 22.94ms 
54328      DEBUG main            d.u.i.k.p.r.p.TestFile    ... success: reloaded. 
54330      INFO  main            d.u.i.k.p.r.p.TestFile    Now processing file /home/runner/work/key/key/key.core/../key.ui/examples/heap/permissions/threads/AFilter_AFilter.key 
54330      INFO  main            d.u.i.k.p.i.AbstractProblemLoader Loading environment from /home/runner/work/key/key/key.core/../key.ui/examples/heap/permissions/threads/AFilter_AFilter.key 
54330      DEBUG main            d.u.i.k.p.i.AbstractProblemLoader Environment load took 118.5ns 
54331      INFO  main            d.u.i.k.p.i.AbstractProblemLoader Creating init config 
54502      DEBUG main            d.u.i.k.j.TypeConverter   No LDT found for Meta 
54503      DEBUG main            d.u.i.k.j.TypeConverter   No LDT found for Meta 
54504      DEBUG main            d.u.i.k.j.TypeConverter   No LDT found for Meta 
54504      DEBUG main            d.u.i.k.j.TypeConverter   No LDT found for Meta 
55292      DEBUG main            d.u.i.k.j.TypeConverter   No LDT found for JavaBigintExpression 
62644      DEBUG main            d.u.i.k.p.i.AbstractProblemLoader Init config took 8.31s 
62792      INFO  main            d.u.i.k.p.i.AbstractProblemLoader Replaying proof AFilter[AFilter::AFilter(Sampler,Buffer)].JML normal_behavior operation contract.0 
62795      DEBUG main            d.u.i.k.p.i.IntermediateProofReplayer Proof replay took 25.5ns 
64202      INFO  main            d.u.i.k.p.r.p.TestFile    ... finished proof: closed. 
64546      INFO  main            d.u.i.k.p.i.AbstractProblemLoader Loading environment from /home/runner/work/key/key/key.core/../key.ui/examples/heap/permissions/threads/AFilter_AFilter.key.proof 
64546      DEBUG main            d.u.i.k.p.i.AbstractProblemLoader Environment load took 438.41ns 
64552      INFO  main            d.u.i.k.p.i.AbstractProblemLoader Creating init config 
70920      DEBUG main            d.u.i.k.p.i.AbstractProblemLoader Init config took 6.37s 
71059      INFO  main            d.u.i.k.p.i.AbstractProblemLoader Replaying proof AFilter[AFilter::AFilter(Sampler,Buffer)].JML normal_behavior operation contract.0 
71288      DEBUG main            d.u.i.k.p.i.IntermediateProofReplayer Proof replay took 223.87ms 
71290      DEBUG main            d.u.i.k.p.r.p.TestFile    ... success: reloaded. 
71292      INFO  main            d.u.i.k.p.r.p.TestFile    Now processing file /home/runner/work/key/key/key.core/../key.ui/examples/heap/permissions/threads/AFilter_initPost_accessible.key 
71292      INFO  main            d.u.i.k.p.i.AbstractProblemLoader Loading environment from /home/runner/work/key/key/key.core/../key.ui/examples/heap/permissions/threads/AFilter_initPost_accessible.key 
71293      DEBUG main            d.u.i.k.p.i.AbstractProblemLoader Environment load took 269.81ns 
71294      INFO  main            d.u.i.k.p.i.AbstractProblemLoader Creating init config 
77781      DEBUG main            d.u.i.k.p.i.AbstractProblemLoader Init config took 6.49s 
77936      INFO  main            d.u.i.k.p.i.AbstractProblemLoader Replaying proof AFilter[ThreadSpec2::initPost()].JML accessible clause.0 
77938      DEBUG main            d.u.i.k.p.i.IntermediateProofReplayer Proof replay took 8.2ns 
78041      INFO  main            d.u.i.k.p.r.p.TestFile    ... finished proof: closed. 
78345      INFO  main            d.u.i.k.p.i.AbstractProblemLoader Loading environment from /home/runner/work/key/key/key.core/../key.ui/examples/heap/permissions/threads/AFilter_initPost_accessible.key.proof 
78345      DEBUG main            d.u.i.k.p.i.AbstractProblemLoader Environment load took 191.3ns 
78346      INFO  main            d.u.i.k.p.i.AbstractProblemLoader Creating init config 
84660      DEBUG main            d.u.i.k.p.i.AbstractProblemLoader Init config took 6.31s 
84784      INFO  main            d.u.i.k.p.i.AbstractProblemLoader Replaying proof AFilter[ThreadSpec2::initPost()].JML accessible clause.0 
84805      DEBUG main            d.u.i.k.p.i.IntermediateProofReplayer Proof replay took 17.46ms 
84807      DEBUG main            d.u.i.k.p.r.p.TestFile    ... success: reloaded. 
84809      INFO  main            d.u.i.k.p.r.p.TestFile    Now processing file /home/runner/work/key/key/key.core/../key.ui/examples/heap/permissions/threads/AFilter_inv_accessible1.key 
84809      INFO  main            d.u.i.k.p.i.AbstractProblemLoader Loading environment from /home/runner/work/key/key/key.core/../key.ui/examples/heap/permissions/threads/AFilter_inv_accessible1.key 
84809      DEBUG main            d.u.i.k.p.i.AbstractProblemLoader Environment load took 253.71ns 
84811      INFO  main            d.u.i.k.p.i.AbstractProblemLoader Creating init config 
91007      DEBUG main            d.u.i.k.p.i.AbstractProblemLoader Init config took 6.2s 
91127      INFO  main            d.u.i.k.p.i.AbstractProblemLoader Replaying proof AFilter[java.lang.Object::<inv>()].JML accessible clause.0 
91131      DEBUG main            d.u.i.k.p.i.IntermediateProofReplayer Proof replay took 142.5ns 
91233      INFO  main            d.u.i.k.p.r.p.TestFile    ... finished proof: closed. 
91533      INFO  main            d.u.i.k.p.i.AbstractProblemLoader Loading environment from /home/runner/work/key/key/key.core/../key.ui/examples/heap/permissions/threads/AFilter_inv_accessible1.key.proof 
91533      DEBUG main            d.u.i.k.p.i.AbstractProblemLoader Environment load took 150.8ns 
91534      INFO  main            d.u.i.k.p.i.AbstractProblemLoader Creating init config 
97840      DEBUG main            d.u.i.k.p.i.AbstractProblemLoader Init config took 6.31s 
97953      INFO  main            d.u.i.k.p.i.AbstractProblemLoader Replaying proof AFilter[java.lang.Object::<inv>()].JML accessible clause.0 
97958      DEBUG main            d.u.i.k.p.i.IntermediateProofReplayer Proof replay took 3.31ms 
97960      DEBUG main            d.u.i.k.p.r.p.TestFile    ... success: reloaded. 
97961      INFO  main            d.u.i.k.p.r.p.TestFile    Now processing file /home/runner/work/key/key/key.core/../key.ui/examples/heap/permissions/threads/AFilter_inv_accessible2.key 
97961      INFO  main            d.u.i.k.p.i.AbstractProblemLoader Loading environment from /home/runner/work/key/key/key.core/../key.ui/examples/heap/permissions/threads/AFilter_inv_accessible2.key 
97962      DEBUG main            d.u.i.k.p.i.AbstractProblemLoader Environment load took 150.1ns 
97963      INFO  main            d.u.i.k.p.i.AbstractProblemLoader Creating init config 
104241     DEBUG main            d.u.i.k.p.i.AbstractProblemLoader Init config took 6.28s 
104376     INFO  main            d.u.i.k.p.i.AbstractProblemLoader Replaying proof AFilter[java.lang.Object::<inv>()].JML accessible clause.1 
104378     DEBUG main            d.u.i.k.p.i.IntermediateProofReplayer Proof replay took 7.9ns 
104480     INFO  main            d.u.i.k.p.r.p.TestFile    ... finished proof: closed. 
104783     INFO  main            d.u.i.k.p.i.AbstractProblemLoader Loading environment from /home/runner/work/key/key/key.core/../key.ui/examples/heap/permissions/threads/AFilter_inv_accessible2.key.proof 
104784     DEBUG main            d.u.i.k.p.i.AbstractProblemLoader Environment load took 144.3ns 
104785     INFO  main            d.u.i.k.p.i.AbstractProblemLoader Creating init config 
111046     DEBUG main            d.u.i.k.p.i.AbstractProblemLoader Init config took 6.26s 
111177     INFO  main            d.u.i.k.p.i.AbstractProblemLoader Replaying proof AFilter[java.lang.Object::<inv>()].JML accessible clause.1 
111187     DEBUG main            d.u.i.k.p.i.IntermediateProofReplayer Proof replay took 4.13ms 
111189     DEBUG main            d.u.i.k.p.r.p.TestFile    ... success: reloaded. 
111192     INFO  main            d.u.i.k.p.r.p.TestFile    Now processing file /home/runner/work/key/key/key.core/../key.ui/examples/heap/permissions/threads/AFilter_joinTransfer_accessible.key 
111192     INFO  main            d.u.i.k.p.i.AbstractProblemLoader Loading environment from /home/runner/work/key/key/key.core/../key.ui/examples/heap/permissions/threads/AFilter_joinTransfer_accessible.key 
111193     DEBUG main            d.u.i.k.p.i.AbstractProblemLoader Environment load took 221.2ns 
111194     INFO  main            d.u.i.k.p.i.AbstractProblemLoader Creating init config 
117499     DEBUG main            d.u.i.k.p.i.AbstractProblemLoader Init config took 6.3s 
117616     INFO  main            d.u.i.k.p.i.AbstractProblemLoader Replaying proof AFilter[ThreadSpec2::joinTransfer()].JML accessible clause.0 
117618     DEBUG main            d.u.i.k.p.i.IntermediateProofReplayer Proof replay took 8.6ns 
119124     INFO  main            d.u.i.k.p.r.p.TestFile    ... finished proof: closed. 
119466     INFO  main            d.u.i.k.p.i.AbstractProblemLoader Loading environment from /home/runner/work/key/key/key.core/../key.ui/examples/heap/permissions/threads/AFilter_joinTransfer_accessible.key.proof 
119466     DEBUG main            d.u.i.k.p.i.AbstractProblemLoader Environment load took 517.41ns 
119468     INFO  main            d.u.i.k.p.i.AbstractProblemLoader Creating init config 
125747     DEBUG main            d.u.i.k.p.i.AbstractProblemLoader Init config took 6.28s 
125863     INFO  main            d.u.i.k.p.i.AbstractProblemLoader Replaying proof AFilter[ThreadSpec2::joinTransfer()].JML accessible clause.0 
126068     DEBUG main            d.u.i.k.p.i.IntermediateProofReplayer Proof replay took 197.83ms 
126070     DEBUG main            d.u.i.k.p.r.p.TestFile    ... success: reloaded. 
126072     INFO  main            d.u.i.k.p.r.p.TestFile    Now processing file /home/runner/work/key/key/key.core/../key.ui/examples/heap/permissions/threads/AFilter_joinTransfer_contract.key 
126072     INFO  main            d.u.i.k.p.i.AbstractProblemLoader Loading environment from /home/runner/work/key/key/key.core/../key.ui/examples/heap/permissions/threads/AFilter_joinTransfer_contract.key 
126072     DEBUG main            d.u.i.k.p.i.AbstractProblemLoader Environment load took 219.9ns 
126074     INFO  main            d.u.i.k.p.i.AbstractProblemLoader Creating init config 
132385     DEBUG main            d.u.i.k.p.i.AbstractProblemLoader Init config took 6.31s 
132497     INFO  main            d.u.i.k.p.i.AbstractProblemLoader Replaying proof AFilter[ThreadSpec2::joinTransfer()].JML model_behavior operation contract.0 
132499     DEBUG main            d.u.i.k.p.i.IntermediateProofReplayer Proof replay took 8.1ns 
132605     INFO  main            d.u.i.k.p.r.p.TestFile    ... finished proof: closed. 
132909     INFO  main            d.u.i.k.p.i.AbstractProblemLoader Loading environment from /home/runner/work/key/key/key.core/../key.ui/examples/heap/permissions/threads/AFilter_joinTransfer_contract.key.proof 
132910     DEBUG main            d.u.i.k.p.i.AbstractProblemLoader Environment load took 158.7ns 
132911     INFO  main            d.u.i.k.p.i.AbstractProblemLoader Creating init config 
139170     DEBUG main            d.u.i.k.p.i.AbstractProblemLoader Init config took 6.26s 
139280     INFO  main            d.u.i.k.p.i.AbstractProblemLoader Replaying proof AFilter[ThreadSpec2::joinTransfer()].JML model_behavior operation contract.0 
139295     DEBUG main            d.u.i.k.p.i.IntermediateProofReplayer Proof replay took 12.51ms 
139298     DEBUG main            d.u.i.k.p.r.p.TestFile    ... success: reloaded. 
139306     INFO  main            d.u.i.k.p.r.p.TestFile    Now processing file /home/runner/work/key/key/key.core/../key.ui/examples/heap/permissions/threads/AFilter_postJoin_accessible.key 
139306     INFO  main            d.u.i.k.p.i.AbstractProblemLoader Loading environment from /home/runner/work/key/key/key.core/../key.ui/examples/heap/permissions/threads/AFilter_postJoin_accessible.key 
139306     DEBUG main            d.u.i.k.p.i.AbstractProblemLoader Environment load took 114.7ns 
139308     INFO  main            d.u.i.k.p.i.AbstractProblemLoader Creating init config 
145516     DEBUG main            d.u.i.k.p.i.AbstractProblemLoader Init config took 6.21s 
145633     INFO  main            d.u.i.k.p.i.AbstractProblemLoader Replaying proof AFilter[ThreadSpec2::postJoin(java.lang.Object)].JML accessible clause.0 
145641     DEBUG main            d.u.i.k.p.i.IntermediateProofReplayer Proof replay took 9.6ns 
145744     INFO  main            d.u.i.k.p.r.p.TestFile    ... finished proof: closed. 
146077     INFO  main            d.u.i.k.p.i.AbstractProblemLoader Loading environment from /home/runner/work/key/key/key.core/../key.ui/examples/heap/permissions/threads/AFilter_postJoin_accessible.key.proof 
146077     DEBUG main            d.u.i.k.p.i.AbstractProblemLoader Environment load took 157.8ns 
146079     INFO  main            d.u.i.k.p.i.AbstractProblemLoader Creating init config 
152463     DEBUG main            d.u.i.k.p.i.AbstractProblemLoader Init config took 6.38s 
152574     INFO  main            d.u.i.k.p.i.AbstractProblemLoader Replaying proof AFilter[ThreadSpec2::postJoin(java.lang.Object)].JML accessible clause.0 
152586     DEBUG main            d.u.i.k.p.i.IntermediateProofReplayer Proof replay took 9.47ms 
152587     DEBUG main            d.u.i.k.p.r.p.TestFile    ... success: reloaded. 
152589     INFO  main            d.u.i.k.p.r.p.TestFile    Now processing file /home/runner/work/key/key/key.core/../key.ui/examples/heap/permissions/threads/AFilter_preStart_accessible.key 
152589     INFO  main            d.u.i.k.p.i.AbstractProblemLoader Loading environment from /home/runner/work/key/key/key.core/../key.ui/examples/heap/permissions/threads/AFilter_preStart_accessible.key 
152589     DEBUG main            d.u.i.k.p.i.AbstractProblemLoader Environment load took 150.5ns 
152590     INFO  main            d.u.i.k.p.i.AbstractProblemLoader Creating init config 
158898     DEBUG main            d.u.i.k.p.i.AbstractProblemLoader Init config took 6.31s 
159004     INFO  main            d.u.i.k.p.i.AbstractProblemLoader Replaying proof AFilter[ThreadSpec2::preStart(java.lang.Object)].JML accessible clause.0 
159006     DEBUG main            d.u.i.k.p.i.IntermediateProofReplayer Proof replay took 8.2ns 
159413     INFO  main            d.u.i.k.p.r.p.TestFile    ... finished proof: closed. 
159766     INFO  main            d.u.i.k.p.i.AbstractProblemLoader Loading environment from /home/runner/work/key/key/key.core/../key.ui/examples/heap/permissions/threads/AFilter_preStart_accessible.key.proof 
159767     DEBUG main            d.u.i.k.p.i.AbstractProblemLoader Environment load took 554.41ns 
159768     INFO  main            d.u.i.k.p.i.AbstractProblemLoader Creating init config 
165966     DEBUG main            d.u.i.k.p.i.AbstractProblemLoader Init config took 6.2s 
166079     INFO  main            d.u.i.k.p.i.AbstractProblemLoader Replaying proof AFilter[ThreadSpec2::preStart(java.lang.Object)].JML accessible clause.0 
166134     DEBUG main            d.u.i.k.p.i.IntermediateProofReplayer Proof replay took 49.53ms 
166136     DEBUG main            d.u.i.k.p.r.p.TestFile    ... success: reloaded. 
166137     INFO  main            d.u.i.k.p.r.p.TestFile    Now processing file /home/runner/work/key/key/key.core/../key.ui/examples/heap/permissions/threads/AFilter_startTransfer_accessible.key 
166137     INFO  main            d.u.i.k.p.i.AbstractProblemLoader Loading environment from /home/runner/work/key/key/key.core/../key.ui/examples/heap/permissions/threads/AFilter_startTransfer_accessible.key 
166138     DEBUG main            d.u.i.k.p.i.AbstractProblemLoader Environment load took 246.21ns 
166139     INFO  main            d.u.i.k.p.i.AbstractProblemLoader Creating init config 
172423     DEBUG main            d.u.i.k.p.i.AbstractProblemLoader Init config took 6.28s 
172530     INFO  main            d.u.i.k.p.i.AbstractProblemLoader Replaying proof AFilter[ThreadSpec2::startTransfer()].JML accessible clause.0 
172533     DEBUG main            d.u.i.k.p.i.IntermediateProofReplayer Proof replay took 8.3ns 
185751     INFO  main            d.u.i.k.p.r.p.TestFile    ... finished proof: closed. 
186164     INFO  main            d.u.i.k.p.i.AbstractProblemLoader Loading environment from /home/runner/work/key/key/key.core/../key.ui/examples/heap/permissions/threads/AFilter_startTransfer_accessible.key.proof 
186164     DEBUG main            d.u.i.k.p.i.AbstractProblemLoader Environment load took 453.31ns 
186166     INFO  main            d.u.i.k.p.i.AbstractProblemLoader Creating init config 
192353     DEBUG main            d.u.i.k.p.i.AbstractProblemLoader Init config took 6.19s 
192460     INFO  main            d.u.i.k.p.i.AbstractProblemLoader Replaying proof AFilter[ThreadSpec2::startTransfer()].JML accessible clause.0 
193587     DEBUG main            d.u.i.k.p.i.IntermediateProofReplayer Proof replay took 1.1s 
193589     DEBUG main            d.u.i.k.p.r.p.TestFile    ... success: reloaded. 
193591     INFO  main            d.u.i.k.p.r.p.TestFile    Now processing file /home/runner/work/key/key/key.core/../key.ui/examples/heap/permissions/threads/AFilter_startTransfer_contract.key 
193591     INFO  main            d.u.i.k.p.i.AbstractProblemLoader Loading environment from /home/runner/work/key/key/key.core/../key.ui/examples/heap/permissions/threads/AFilter_startTransfer_contract.key 
193591     DEBUG main            d.u.i.k.p.i.AbstractProblemLoader Environment load took 213.6ns 
193592     INFO  main            d.u.i.k.p.i.AbstractProblemLoader Creating init config 
199806     DEBUG main            d.u.i.k.p.i.AbstractProblemLoader Init config took 6.21s 
199916     INFO  main            d.u.i.k.p.i.AbstractProblemLoader Replaying proof AFilter[ThreadSpec2::startTransfer()].JML model_behavior operation contract.0 
199918     DEBUG main            d.u.i.k.p.i.IntermediateProofReplayer Proof replay took 7.5ns 
200523     INFO  main            d.u.i.k.p.r.p.TestFile    ... finished proof: closed. 
200958     INFO  main            d.u.i.k.p.i.AbstractProblemLoader Loading environment from /home/runner/work/key/key/key.core/../key.ui/examples/heap/permissions/threads/AFilter_startTransfer_contract.key.proof 
200958     DEBUG main            d.u.i.k.p.i.AbstractProblemLoader Environment load took 158.4ns 
200960     INFO  main            d.u.i.k.p.i.AbstractProblemLoader Creating init config 
207057     DEBUG main            d.u.i.k.p.i.AbstractProblemLoader Init config took 6.1s 
207187     INFO  main            d.u.i.k.p.i.AbstractProblemLoader Replaying proof AFilter[ThreadSpec2::startTransfer()].JML model_behavior operation contract.0 
207260     DEBUG main            d.u.i.k.p.i.IntermediateProofReplayer Proof replay took 67.06ms 
207261     DEBUG main            d.u.i.k.p.r.p.TestFile    ... success: reloaded. 
207263     INFO  main            d.u.i.k.p.r.p.TestFile    Now processing file /home/runner/work/key/key/key.core/../key.ui/examples/heap/permissions/threads/AFilter_stateInv_accessible.key 
207263     INFO  main            d.u.i.k.p.i.AbstractProblemLoader Loading environment from /home/runner/work/key/key/key.core/../key.ui/examples/heap/permissions/threads/AFilter_stateInv_accessible.key 
207264     DEBUG main            d.u.i.k.p.i.AbstractProblemLoader Environment load took 130.8ns 
207265     INFO  main            d.u.i.k.p.i.AbstractProblemLoader Creating init config 
213585     DEBUG main            d.u.i.k.p.i.AbstractProblemLoader Init config took 6.32s 
213693     INFO  main            d.u.i.k.p.i.AbstractProblemLoader Replaying proof AFilter[ThreadSpec2::stateInv()].JML accessible clause.0 
213696     DEBUG main            d.u.i.k.p.i.IntermediateProofReplayer Proof replay took 9.9ns 
214099     INFO  main            d.u.i.k.p.r.p.TestFile    ... finished proof: closed. 
214468     INFO  main            d.u.i.k.p.i.AbstractProblemLoader Loading environment from /home/runner/work/key/key/key.core/../key.ui/examples/heap/permissions/threads/AFilter_stateInv_accessible.key.proof 
214468     DEBUG main            d.u.i.k.p.i.AbstractProblemLoader Environment load took 193.9ns 
214471     INFO  main            d.u.i.k.p.i.AbstractProblemLoader Creating init config 
220661     DEBUG main            d.u.i.k.p.i.AbstractProblemLoader Init config took 6.19s 
220768     INFO  main            d.u.i.k.p.i.AbstractProblemLoader Replaying proof AFilter[ThreadSpec2::stateInv()].JML accessible clause.0 
220828     DEBUG main            d.u.i.k.p.i.IntermediateProofReplayer Proof replay took 55.74ms 
220830     DEBUG main            d.u.i.k.p.r.p.TestFile    ... success: reloaded. 
220832     INFO  main            d.u.i.k.p.r.p.TestFile    Now processing file /home/runner/work/key/key/key.core/../key.ui/examples/heap/permissions/threads/AFilter_staticPermissions_accessible.key 
220833     INFO  main            d.u.i.k.p.i.AbstractProblemLoader Loading environment from /home/runner/work/key/key/key.core/../key.ui/examples/heap/permissions/threads/AFilter_staticPermissions_accessible.key 
220833     DEBUG main            d.u.i.k.p.i.AbstractProblemLoader Environment load took 226.8ns 
220834     INFO  main            d.u.i.k.p.i.AbstractProblemLoader Creating init config 
227047     DEBUG main            d.u.i.k.p.i.AbstractProblemLoader Init config took 6.21s 
227152     INFO  main            d.u.i.k.p.i.AbstractProblemLoader Replaying proof AFilter[ThreadSpec2::staticPermissions()].JML accessible clause.0 
227154     DEBUG main            d.u.i.k.p.i.IntermediateProofReplayer Proof replay took 8.1ns 
227261     INFO  main            d.u.i.k.p.r.p.TestFile    ... finished proof: closed. 
227623     INFO  main            d.u.i.k.p.i.AbstractProblemLoader Loading environment from /home/runner/work/key/key/key.core/../key.ui/examples/heap/permissions/threads/AFilter_staticPermissions_accessible.key.proof 
227623     DEBUG main            d.u.i.k.p.i.AbstractProblemLoader Environment load took 115.4ns 
227625     INFO  main            d.u.i.k.p.i.AbstractProblemLoader Creating init config 
233764     DEBUG main            d.u.i.k.p.i.AbstractProblemLoader Init config took 6.14s 
233877     INFO  main            d.u.i.k.p.i.AbstractProblemLoader Replaying proof AFilter[ThreadSpec2::staticPermissions()].JML accessible clause.0 
233892     DEBUG main            d.u.i.k.p.i.IntermediateProofReplayer Proof replay took 12.37ms 
233893     DEBUG main            d.u.i.k.p.r.p.TestFile    ... success: reloaded. 
233894     INFO  main            d.u.i.k.p.r.p.TestFile    Now processing file /home/runner/work/key/key/key.core/../key.ui/examples/heap/permissions/threads/AFilter_workingPermissions_accessible.key 
233895     INFO  main            d.u.i.k.p.i.AbstractProblemLoader Loading environment from /home/runner/work/key/key/key.core/../key.ui/examples/heap/permissions/threads/AFilter_workingPermissions_accessible.key 
233895     DEBUG main            d.u.i.k.p.i.AbstractProblemLoader Environment load took 100.7ns 
233896     INFO  main            d.u.i.k.p.i.AbstractProblemLoader Creating init config 
240138     DEBUG main            d.u.i.k.p.i.AbstractProblemLoader Init config took 6.24s 
240265     INFO  main            d.u.i.k.p.i.AbstractProblemLoader Replaying proof AFilter[ThreadSpec2::workingPermissions()].JML accessible clause.0 
240269     DEBUG main            d.u.i.k.p.i.IntermediateProofReplayer Proof replay took 8.7ns 
240372     INFO  main            d.u.i.k.p.r.p.TestFile    ... finished proof: closed. 
240732     INFO  main            d.u.i.k.p.i.AbstractProblemLoader Loading environment from /home/runner/work/key/key/key.core/../key.ui/examples/heap/permissions/threads/AFilter_workingPermissions_accessible.key.proof 
240732     DEBUG main            d.u.i.k.p.i.AbstractProblemLoader Environment load took 123.6ns 
240734     INFO  main            d.u.i.k.p.i.AbstractProblemLoader Creating init config 
246849     DEBUG main            d.u.i.k.p.i.AbstractProblemLoader Init config took 6.12s 
246973     INFO  main            d.u.i.k.p.i.AbstractProblemLoader Replaying proof AFilter[ThreadSpec2::workingPermissions()].JML accessible clause.0 
246986     DEBUG main            d.u.i.k.p.i.IntermediateProofReplayer Proof replay took 10.71ms 
246987     DEBUG main            d.u.i.k.p.r.p.TestFile    ... success: reloaded. 
246988     INFO  main            d.u.i.k.p.r.p.TestFile    Now processing file /home/runner/work/key/key/key.core/../key.ui/examples/heap/permissions/threads/BFilter_BFilter.key 
246988     INFO  main            d.u.i.k.p.i.AbstractProblemLoader Loading environment from /home/runner/work/key/key/key.core/../key.ui/examples/heap/permissions/threads/BFilter_BFilter.key 
246988     DEBUG main            d.u.i.k.p.i.AbstractProblemLoader Environment load took 116.1ns 
246990     INFO  main            d.u.i.k.p.i.AbstractProblemLoader Creating init config 
253370     DEBUG main            d.u.i.k.p.i.AbstractProblemLoader Init config took 6.38s 
253506     INFO  main            d.u.i.k.p.i.AbstractProblemLoader Replaying proof BFilter[BFilter::BFilter(Sampler,Buffer)].JML normal_behavior operation contract.0 
253508     DEBUG main            d.u.i.k.p.i.IntermediateProofReplayer Proof replay took 9.5ns 
254818     INFO  main            d.u.i.k.p.r.p.TestFile    ... finished proof: closed. 
255267     INFO  main            d.u.i.k.p.i.AbstractProblemLoader Loading environment from /home/runner/work/key/key/key.core/../key.ui/examples/heap/permissions/threads/BFilter_BFilter.key.proof 
255267     DEBUG main            d.u.i.k.p.i.AbstractProblemLoader Environment load took 429.31ns 
255269     INFO  main            d.u.i.k.p.i.AbstractProblemLoader Creating init config 
261501     DEBUG main            d.u.i.k.p.i.AbstractProblemLoader Init config took 6.23s 
261626     INFO  main            d.u.i.k.p.i.AbstractProblemLoader Replaying proof BFilter[BFilter::BFilter(Sampler,Buffer)].JML normal_behavior operation contract.0 
261824     DEBUG main            d.u.i.k.p.i.IntermediateProofReplayer Proof replay took 193.08ms 
261826     DEBUG main            d.u.i.k.p.r.p.TestFile    ... success: reloaded. 
261827     INFO  main            d.u.i.k.p.r.p.TestFile    Now processing file /home/runner/work/key/key/key.core/../key.ui/examples/heap/permissions/threads/BFilter_initPost_accessible.key 
261828     INFO  main            d.u.i.k.p.i.AbstractProblemLoader Loading environment from /home/runner/work/key/key/key.core/../key.ui/examples/heap/permissions/threads/BFilter_initPost_accessible.key 
261828     DEBUG main            d.u.i.k.p.i.AbstractProblemLoader Environment load took 166.1ns 
261829     INFO  main            d.u.i.k.p.i.AbstractProblemLoader Creating init config 
268002     DEBUG main            d.u.i.k.p.i.AbstractProblemLoader Init config took 6.17s 
268110     INFO  main            d.u.i.k.p.i.AbstractProblemLoader Replaying proof BFilter[ThreadSpec2::initPost()].JML accessible clause.0 
268113     DEBUG main            d.u.i.k.p.i.IntermediateProofReplayer Proof replay took 9.5ns 
268217     INFO  main            d.u.i.k.p.r.p.TestFile    ... finished proof: closed. 
268649     INFO  main            d.u.i.k.p.i.AbstractProblemLoader Loading environment from /home/runner/work/key/key/key.core/../key.ui/examples/heap/permissions/threads/BFilter_initPost_accessible.key.proof 
268649     DEBUG main            d.u.i.k.p.i.AbstractProblemLoader Environment load took 142.2ns 
268650     INFO  main            d.u.i.k.p.i.AbstractProblemLoader Creating init config 
274827     DEBUG main            d.u.i.k.p.i.AbstractProblemLoader Init config took 6.18s 
274935     INFO  main            d.u.i.k.p.i.AbstractProblemLoader Replaying proof BFilter[ThreadSpec2::initPost()].JML accessible clause.0 
274951     DEBUG main            d.u.i.k.p.i.IntermediateProofReplayer Proof replay took 13.83ms 
274953     DEBUG main            d.u.i.k.p.r.p.TestFile    ... success: reloaded. 
274954     INFO  main            d.u.i.k.p.r.p.TestFile    Now processing file /home/runner/work/key/key/key.core/../key.ui/examples/heap/permissions/threads/BFilter_inv_accessible1.key 
274954     INFO  main            d.u.i.k.p.i.AbstractProblemLoader Loading environment from /home/runner/work/key/key/key.core/../key.ui/examples/heap/permissions/threads/BFilter_inv_accessible1.key 
274955     DEBUG main            d.u.i.k.p.i.AbstractProblemLoader Environment load took 232.2ns 
274956     INFO  main            d.u.i.k.p.i.AbstractProblemLoader Creating init config 
281157     DEBUG main            d.u.i.k.p.i.AbstractProblemLoader Init config took 6.2s 
281262     INFO  main            d.u.i.k.p.i.AbstractProblemLoader Replaying proof BFilter[java.lang.Object::<inv>()].JML accessible clause.0 
281264     DEBUG main            d.u.i.k.p.i.IntermediateProofReplayer Proof replay took 8.8ns 
281366     INFO  main            d.u.i.k.p.r.p.TestFile    ... finished proof: closed. 
281734     INFO  main            d.u.i.k.p.i.AbstractProblemLoader Loading environment from /home/runner/work/key/key/key.core/../key.ui/examples/heap/permissions/threads/BFilter_inv_accessible1.key.proof 
281735     DEBUG main            d.u.i.k.p.i.AbstractProblemLoader Environment load took 112.8ns 
281736     INFO  main            d.u.i.k.p.i.AbstractProblemLoader Creating init config 
287816     DEBUG main            d.u.i.k.p.i.AbstractProblemLoader Init config took 6.08s 
287928     INFO  main            d.u.i.k.p.i.AbstractProblemLoader Replaying proof BFilter[java.lang.Object::<inv>()].JML accessible clause.0 
287932     DEBUG main            d.u.i.k.p.i.IntermediateProofReplayer Proof replay took 2.41ms 
287933     DEBUG main            d.u.i.k.p.r.p.TestFile    ... success: reloaded. 
287934     INFO  main            d.u.i.k.p.r.p.TestFile    Now processing file /home/runner/work/key/key/key.core/../key.ui/examples/heap/permissions/threads/BFilter_inv_accessible2.key 
287935     INFO  main            d.u.i.k.p.i.AbstractProblemLoader Loading environment from /home/runner/work/key/key/key.core/../key.ui/examples/heap/permissions/threads/BFilter_inv_accessible2.key 
287935     DEBUG main            d.u.i.k.p.i.AbstractProblemLoader Environment load took 120.4ns 
287939     INFO  main            d.u.i.k.p.i.AbstractProblemLoader Creating init config 
294147     DEBUG main            d.u.i.k.p.i.AbstractProblemLoader Init config took 6.21s 
294256     INFO  main            d.u.i.k.p.i.AbstractProblemLoader Replaying proof BFilter[java.lang.Object::<inv>()].JML accessible clause.1 
294260     DEBUG main            d.u.i.k.p.i.IntermediateProofReplayer Proof replay took 9.9ns 
294364     INFO  main            d.u.i.k.p.r.p.TestFile    ... finished proof: closed. 
294756     INFO  main            d.u.i.k.p.i.AbstractProblemLoader Loading environment from /home/runner/work/key/key/key.core/../key.ui/examples/heap/permissions/threads/BFilter_inv_accessible2.key.proof 
294756     DEBUG main            d.u.i.k.p.i.AbstractProblemLoader Environment load took 118.6ns 
294757     INFO  main            d.u.i.k.p.i.AbstractProblemLoader Creating init config 
300924     DEBUG main            d.u.i.k.p.i.AbstractProblemLoader Init config took 6.17s 
301034     INFO  main            d.u.i.k.p.i.AbstractProblemLoader Replaying proof BFilter[java.lang.Object::<inv>()].JML accessible clause.1 
301038     DEBUG main            d.u.i.k.p.i.IntermediateProofReplayer Proof replay took 2.28ms 
301039     DEBUG main            d.u.i.k.p.r.p.TestFile    ... success: reloaded. 
301041     INFO  main            d.u.i.k.p.r.p.TestFile    Now processing file /home/runner/work/key/key/key.core/../key.ui/examples/heap/permissions/threads/BFilter_joinTransfer_accessible.key 
301041     INFO  main            d.u.i.k.p.i.AbstractProblemLoader Loading environment from /home/runner/work/key/key/key.core/../key.ui/examples/heap/permissions/threads/BFilter_joinTransfer_accessible.key 
301041     DEBUG main            d.u.i.k.p.i.AbstractProblemLoader Environment load took 88.4ns 
301042     INFO  main            d.u.i.k.p.i.AbstractProblemLoader Creating init config 
307240     DEBUG main            d.u.i.k.p.i.AbstractProblemLoader Init config took 6.2s 
307367     INFO  main            d.u.i.k.p.i.AbstractProblemLoader Replaying proof BFilter[ThreadSpec2::joinTransfer()].JML accessible clause.0 
307369     DEBUG main            d.u.i.k.p.i.IntermediateProofReplayer Proof replay took 8.4ns 
308776     INFO  main            d.u.i.k.p.r.p.TestFile    ... finished proof: closed. 
309254     INFO  main            d.u.i.k.p.i.AbstractProblemLoader Loading environment from /home/runner/work/key/key/key.core/../key.ui/examples/heap/permissions/threads/BFilter_joinTransfer_accessible.key.proof 
309254     DEBUG main            d.u.i.k.p.i.AbstractProblemLoader Environment load took 444.61ns 
309256     INFO  main            d.u.i.k.p.i.AbstractProblemLoader Creating init config 
315386     DEBUG main            d.u.i.k.p.i.AbstractProblemLoader Init config took 6.13s 
315493     INFO  main            d.u.i.k.p.i.AbstractProblemLoader Replaying proof BFilter[ThreadSpec2::joinTransfer()].JML accessible clause.0 
315644     DEBUG main            d.u.i.k.p.i.IntermediateProofReplayer Proof replay took 143.79ms 
315645     DEBUG main            d.u.i.k.p.r.p.TestFile    ... success: reloaded. 
315649     INFO  main            d.u.i.k.p.r.p.TestFile    Now processing file /home/runner/work/key/key/key.core/../key.ui/examples/heap/permissions/threads/BFilter_joinTransfer_contract.key 
315649     INFO  main            d.u.i.k.p.i.AbstractProblemLoader Loading environment from /home/runner/work/key/key/key.core/../key.ui/examples/heap/permissions/threads/BFilter_joinTransfer_contract.key 
315649     DEBUG main            d.u.i.k.p.i.AbstractProblemLoader Environment load took 201.6ns 
315650     INFO  main            d.u.i.k.p.i.AbstractProblemLoader Creating init config 
321864     DEBUG main            d.u.i.k.p.i.AbstractProblemLoader Init config took 6.21s 
321975     INFO  main            d.u.i.k.p.i.AbstractProblemLoader Replaying proof BFilter[ThreadSpec2::joinTransfer()].JML model_behavior operation contract.0 
321977     DEBUG main            d.u.i.k.p.i.IntermediateProofReplayer Proof replay took 10.7ns 
322080     INFO  main            d.u.i.k.p.r.p.TestFile    ... finished proof: closed. 
322641     INFO  main            d.u.i.k.p.i.AbstractProblemLoader Loading environment from /home/runner/work/key/key/key.core/../key.ui/examples/heap/permissions/threads/BFilter_joinTransfer_contract.key.proof 
322642     DEBUG main            d.u.i.k.p.i.AbstractProblemLoader Environment load took 156.8ns 
322643     INFO  main            d.u.i.k.p.i.AbstractProblemLoader Creating init config 
328870     DEBUG main            d.u.i.k.p.i.AbstractProblemLoader Init config took 6.23s 
328984     INFO  main            d.u.i.k.p.i.AbstractProblemLoader Replaying proof BFilter[ThreadSpec2::joinTransfer()].JML model_behavior operation contract.0 
328996     DEBUG main            d.u.i.k.p.i.IntermediateProofReplayer Proof replay took 10.21ms 
328998     DEBUG main            d.u.i.k.p.r.p.TestFile    ... success: reloaded. 
328999     INFO  main            d.u.i.k.p.r.p.TestFile    Now processing file /home/runner/work/key/key/key.core/../key.ui/examples/heap/permissions/threads/BFilter_postJoin_accessible.key 
328999     INFO  main            d.u.i.k.p.i.AbstractProblemLoader Loading environment from /home/runner/work/key/key/key.core/../key.ui/examples/heap/permissions/threads/BFilter_postJoin_accessible.key 
329000     DEBUG main            d.u.i.k.p.i.AbstractProblemLoader Environment load took 231ns 
329001     INFO  main            d.u.i.k.p.i.AbstractProblemLoader Creating init config 
335285     DEBUG main            d.u.i.k.p.i.AbstractProblemLoader Init config took 6.28s 
335411     INFO  main            d.u.i.k.p.i.AbstractProblemLoader Replaying proof BFilter[ThreadSpec2::postJoin(java.lang.Object)].JML accessible clause.0 
335414     DEBUG main            d.u.i.k.p.i.IntermediateProofReplayer Proof replay took 9.3ns 
335518     INFO  main            d.u.i.k.p.r.p.TestFile    ... finished proof: closed. 
335928     INFO  main            d.u.i.k.p.i.AbstractProblemLoader Loading environment from /home/runner/work/key/key/key.core/../key.ui/examples/heap/permissions/threads/BFilter_postJoin_accessible.key.proof 
335928     DEBUG main            d.u.i.k.p.i.AbstractProblemLoader Environment load took 133.4ns 
335929     INFO  main            d.u.i.k.p.i.AbstractProblemLoader Creating init config 
342059     DEBUG main            d.u.i.k.p.i.AbstractProblemLoader Init config took 6.13s 
342174     INFO  main            d.u.i.k.p.i.AbstractProblemLoader Replaying proof BFilter[ThreadSpec2::postJoin(java.lang.Object)].JML accessible clause.0 
342184     DEBUG main            d.u.i.k.p.i.IntermediateProofReplayer Proof replay took 8.07ms 
342185     DEBUG main            d.u.i.k.p.r.p.TestFile    ... success: reloaded. 
342186     INFO  main            d.u.i.k.p.r.p.TestFile    Now processing file /home/runner/work/key/key/key.core/../key.ui/examples/heap/permissions/threads/BFilter_preStart_accessible.key 
342187     INFO  main            d.u.i.k.p.i.AbstractProblemLoader Loading environment from /home/runner/work/key/key/key.core/../key.ui/examples/heap/permissions/threads/BFilter_preStart_accessible.key 
342187     DEBUG main            d.u.i.k.p.i.AbstractProblemLoader Environment load took 88.9ns 
342188     INFO  main            d.u.i.k.p.i.AbstractProblemLoader Creating init config 
348475     DEBUG main            d.u.i.k.p.i.AbstractProblemLoader Init config took 6.29s 
348575     INFO  main            d.u.i.k.p.i.AbstractProblemLoader Replaying proof BFilter[ThreadSpec2::preStart(java.lang.Object)].JML accessible clause.0 
348577     DEBUG main            d.u.i.k.p.i.IntermediateProofReplayer Proof replay took 8.6ns 
348991     INFO  main            d.u.i.k.p.r.p.TestFile    ... finished proof: closed. 
349422     INFO  main            d.u.i.k.p.i.AbstractProblemLoader Loading environment from /home/runner/work/key/key/key.core/../key.ui/examples/heap/permissions/threads/BFilter_preStart_accessible.key.proof 
349422     DEBUG main            d.u.i.k.p.i.AbstractProblemLoader Environment load took 289.5ns 
349423     INFO  main            d.u.i.k.p.i.AbstractProblemLoader Creating init config 
355591     DEBUG main            d.u.i.k.p.i.AbstractProblemLoader Init config took 6.17s 
355697     INFO  main            d.u.i.k.p.i.AbstractProblemLoader Replaying proof BFilter[ThreadSpec2::preStart(java.lang.Object)].JML accessible clause.0 
355743     DEBUG main            d.u.i.k.p.i.IntermediateProofReplayer Proof replay took 42.35ms 
355744     DEBUG main            d.u.i.k.p.r.p.TestFile    ... success: reloaded. 
355745     INFO  main            d.u.i.k.p.r.p.TestFile    Now processing file /home/runner/work/key/key/key.core/../key.ui/examples/heap/permissions/threads/BFilter_startTransfer_accessible.key 
355746     INFO  main            d.u.i.k.p.i.AbstractProblemLoader Loading environment from /home/runner/work/key/key/key.core/../key.ui/examples/heap/permissions/threads/BFilter_startTransfer_accessible.key 
355746     DEBUG main            d.u.i.k.p.i.AbstractProblemLoader Environment load took 83.2ns 
355747     INFO  main            d.u.i.k.p.i.AbstractProblemLoader Creating init config 
362121     DEBUG main            d.u.i.k.p.i.AbstractProblemLoader Init config took 6.37s 
362229     INFO  main            d.u.i.k.p.i.AbstractProblemLoader Replaying proof BFilter[ThreadSpec2::startTransfer()].JML accessible clause.0 
362231     DEBUG main            d.u.i.k.p.i.IntermediateProofReplayer Proof replay took 9.4ns 
375869     INFO  main            d.u.i.k.p.r.p.TestFile    ... finished proof: closed. 
376348     INFO  main            d.u.i.k.p.i.AbstractProblemLoader Loading environment from /home/runner/work/key/key/key.core/../key.ui/examples/heap/permissions/threads/BFilter_startTransfer_accessible.key.proof 
376349     DEBUG main            d.u.i.k.p.i.AbstractProblemLoader Environment load took 394.11ns 
376351     INFO  main            d.u.i.k.p.i.AbstractProblemLoader Creating init config 
382495     DEBUG main            d.u.i.k.p.i.AbstractProblemLoader Init config took 6.14s 
382600     INFO  main            d.u.i.k.p.i.AbstractProblemLoader Replaying proof BFilter[ThreadSpec2::startTransfer()].JML accessible clause.0 
383629     DEBUG main            d.u.i.k.p.i.IntermediateProofReplayer Proof replay took 1.01s 
383632     DEBUG main            d.u.i.k.p.r.p.TestFile    ... success: reloaded. 
383633     INFO  main            d.u.i.k.p.r.p.TestFile    Now processing file /home/runner/work/key/key/key.core/../key.ui/examples/heap/permissions/threads/BFilter_startTransfer_contract.key 
383633     INFO  main            d.u.i.k.p.i.AbstractProblemLoader Loading environment from /home/runner/work/key/key/key.core/../key.ui/examples/heap/permissions/threads/BFilter_startTransfer_contract.key 
383633     DEBUG main            d.u.i.k.p.i.AbstractProblemLoader Environment load took 318.61ns 
383635     INFO  main            d.u.i.k.p.i.AbstractProblemLoader Creating init config 
389906     DEBUG main            d.u.i.k.p.i.AbstractProblemLoader Init config took 6.27s 
390011     INFO  main            d.u.i.k.p.i.AbstractProblemLoader Replaying proof BFilter[ThreadSpec2::startTransfer()].JML model_behavior operation contract.0 
390014     DEBUG main            d.u.i.k.p.i.IntermediateProofReplayer Proof replay took 9.4ns 
391436     INFO  main            d.u.i.k.p.r.p.TestFile    ... finished proof: closed. 
391902     INFO  main            d.u.i.k.p.i.AbstractProblemLoader Loading environment from /home/runner/work/key/key/key.core/../key.ui/examples/heap/permissions/threads/BFilter_startTransfer_contract.key.proof 
391903     DEBUG main            d.u.i.k.p.i.AbstractProblemLoader Environment load took 798.01ns 
391905     INFO  main            d.u.i.k.p.i.AbstractProblemLoader Creating init config 
398131     DEBUG main            d.u.i.k.p.i.AbstractProblemLoader Init config took 6.23s 
398237     INFO  main            d.u.i.k.p.i.AbstractProblemLoader Replaying proof BFilter[ThreadSpec2::startTransfer()].JML model_behavior operation contract.0 
398390     DEBUG main            d.u.i.k.p.i.IntermediateProofReplayer Proof replay took 143.24ms 
398394     DEBUG main            d.u.i.k.p.r.p.TestFile    ... success: reloaded. 
398395     INFO  main            d.u.i.k.p.r.p.TestFile    Now processing file /home/runner/work/key/key/key.core/../key.ui/examples/heap/permissions/threads/BFilter_stateInv_accessible.key 
398395     INFO  main            d.u.i.k.p.i.AbstractProblemLoader Loading environment from /home/runner/work/key/key/key.core/../key.ui/examples/heap/permissions/threads/BFilter_stateInv_accessible.key 
398395     DEBUG main            d.u.i.k.p.i.AbstractProblemLoader Environment load took 138.5ns 
398396     INFO  main            d.u.i.k.p.i.AbstractProblemLoader Creating init config 
404645     DEBUG main            d.u.i.k.p.i.AbstractProblemLoader Init config took 6.25s 
404771     INFO  main            d.u.i.k.p.i.AbstractProblemLoader Replaying proof BFilter[ThreadSpec2::stateInv()].JML accessible clause.0 
404772     DEBUG main            d.u.i.k.p.i.IntermediateProofReplayer Proof replay took 8.6ns 
405177     INFO  main            d.u.i.k.p.r.p.TestFile    ... finished proof: closed. 
405661     INFO  main            d.u.i.k.p.i.AbstractProblemLoader Loading environment from /home/runner/work/key/key/key.core/../key.ui/examples/heap/permissions/threads/BFilter_stateInv_accessible.key.proof 
405662     DEBUG main            d.u.i.k.p.i.AbstractProblemLoader Environment load took 595.61ns 
405663     INFO  main            d.u.i.k.p.i.AbstractProblemLoader Creating init config 
411850     DEBUG main            d.u.i.k.p.i.AbstractProblemLoader Init config took 6.19s 
411956     INFO  main            d.u.i.k.p.i.AbstractProblemLoader Replaying proof BFilter[ThreadSpec2::stateInv()].JML accessible clause.0 
412008     DEBUG main            d.u.i.k.p.i.IntermediateProofReplayer Proof replay took 49.47ms 
412009     DEBUG main            d.u.i.k.p.r.p.TestFile    ... success: reloaded. 
412011     INFO  main            d.u.i.k.p.r.p.TestFile    Now processing file /home/runner/work/key/key/key.core/../key.ui/examples/heap/permissions/threads/BFilter_staticPermissions_accessible.key 
412011     INFO  main            d.u.i.k.p.i.AbstractProblemLoader Loading environment from /home/runner/work/key/key/key.core/../key.ui/examples/heap/permissions/threads/BFilter_staticPermissions_accessible.key 
412011     DEBUG main            d.u.i.k.p.i.AbstractProblemLoader Environment load took 106.7ns 
412012     INFO  main            d.u.i.k.p.i.AbstractProblemLoader Creating init config 
418408     DEBUG main            d.u.i.k.p.i.AbstractProblemLoader Init config took 6.4s 
418516     INFO  main            d.u.i.k.p.i.AbstractProblemLoader Replaying proof BFilter[ThreadSpec2::staticPermissions()].JML accessible clause.0 
418518     DEBUG main            d.u.i.k.p.i.IntermediateProofReplayer Proof replay took 8.7ns 
418620     INFO  main            d.u.i.k.p.r.p.TestFile    ... finished proof: closed. 
419095     INFO  main            d.u.i.k.p.i.AbstractProblemLoader Loading environment from /home/runner/work/key/key/key.core/../key.ui/examples/heap/permissions/threads/BFilter_staticPermissions_accessible.key.proof 
419095     DEBUG main            d.u.i.k.p.i.AbstractProblemLoader Environment load took 146.7ns 
419096     INFO  main            d.u.i.k.p.i.AbstractProblemLoader Creating init config 
425251     DEBUG main            d.u.i.k.p.i.AbstractProblemLoader Init config took 6.16s 
425359     INFO  main            d.u.i.k.p.i.AbstractProblemLoader Replaying proof BFilter[ThreadSpec2::staticPermissions()].JML accessible clause.0 
425372     DEBUG main            d.u.i.k.p.i.IntermediateProofReplayer Proof replay took 11.51ms 
425373     DEBUG main            d.u.i.k.p.r.p.TestFile    ... success: reloaded. 
425374     INFO  main            d.u.i.k.p.r.p.TestFile    Now processing file /home/runner/work/key/key/key.core/../key.ui/examples/heap/permissions/threads/BFilter_workingPermissions_accessible.key 
425374     INFO  main            d.u.i.k.p.i.AbstractProblemLoader Loading environment from /home/runner/work/key/key/key.core/../key.ui/examples/heap/permissions/threads/BFilter_workingPermissions_accessible.key 
425374     DEBUG main            d.u.i.k.p.i.AbstractProblemLoader Environment load took 102.8ns 
425375     INFO  main            d.u.i.k.p.i.AbstractProblemLoader Creating init config 
431441     DEBUG main            d.u.i.k.p.i.AbstractProblemLoader Init config took 6.07s 
431545     INFO  main            d.u.i.k.p.i.AbstractProblemLoader Replaying proof BFilter[ThreadSpec2::workingPermissions()].JML accessible clause.0 
431547     DEBUG main            d.u.i.k.p.i.IntermediateProofReplayer Proof replay took 7.5ns 
431651     INFO  main            d.u.i.k.p.r.p.TestFile    ... finished proof: closed. 
432136     INFO  main            d.u.i.k.p.i.AbstractProblemLoader Loading environment from /home/runner/work/key/key/key.core/../key.ui/examples/heap/permissions/threads/BFilter_workingPermissions_accessible.key.proof 
432136     DEBUG main            d.u.i.k.p.i.AbstractProblemLoader Environment load took 107ns 
432138     INFO  main            d.u.i.k.p.i.AbstractProblemLoader Creating init config 
438000     DEBUG main            d.u.i.k.p.i.AbstractProblemLoader Init config took 5.86s 
438103     INFO  main            d.u.i.k.p.i.AbstractProblemLoader Replaying proof BFilter[ThreadSpec2::workingPermissions()].JML accessible clause.0 
438115     DEBUG main            d.u.i.k.p.i.IntermediateProofReplayer Proof replay took 9.99ms 
438117     DEBUG main            d.u.i.k.p.r.p.TestFile    ... success: reloaded. 
438118     INFO  main            d.u.i.k.p.r.p.TestFile    Now processing file /home/runner/work/key/key/key.core/../key.ui/examples/heap/permissions/threads/Fib_Fib.key 
438118     INFO  main            d.u.i.k.p.i.AbstractProblemLoader Loading environment from /home/runner/work/key/key/key.core/../key.ui/examples/heap/permissions/threads/Fib_Fib.key 
438118     DEBUG main            d.u.i.k.p.i.AbstractProblemLoader Environment load took 197.5ns 
438119     INFO  main            d.u.i.k.p.i.AbstractProblemLoader Creating init config 
443939     DEBUG main            d.u.i.k.p.i.AbstractProblemLoader Init config took 5.82s 
444058     INFO  main            d.u.i.k.p.i.AbstractProblemLoader Replaying proof Fib[Fib::Fib(int)].JML normal_behavior operation contract.0 
444060     DEBUG main            d.u.i.k.p.i.IntermediateProofReplayer Proof replay took 8.2ns 
444763     INFO  main            d.u.i.k.p.r.p.TestFile    ... finished proof: closed. 
445283     INFO  main            d.u.i.k.p.i.AbstractProblemLoader Loading environment from /home/runner/work/key/key/key.core/../key.ui/examples/heap/permissions/threads/Fib_Fib.key.proof 
445283     DEBUG main            d.u.i.k.p.i.AbstractProblemLoader Environment load took 297.7ns 
445284     INFO  main            d.u.i.k.p.i.AbstractProblemLoader Creating init config 
451258     DEBUG main            d.u.i.k.p.i.AbstractProblemLoader Init config took 5.97s 
451377     INFO  main            d.u.i.k.p.i.AbstractProblemLoader Replaying proof Fib[Fib::Fib(int)].JML normal_behavior operation contract.0 
451511     DEBUG main            d.u.i.k.p.i.IntermediateProofReplayer Proof replay took 130.55ms 
451512     DEBUG main            d.u.i.k.p.r.p.TestFile    ... success: reloaded. 
451513     INFO  main            d.u.i.k.p.r.p.TestFile    Now processing file /home/runner/work/key/key/key.core/../key.ui/examples/heap/permissions/threads/Fib_initPost_accessible.key 
451514     INFO  main            d.u.i.k.p.i.AbstractProblemLoader Loading environment from /home/runner/work/key/key/key.core/../key.ui/examples/heap/permissions/threads/Fib_initPost_accessible.key 
451514     DEBUG main            d.u.i.k.p.i.AbstractProblemLoader Environment load took 125.8ns 
451515     INFO  main            d.u.i.k.p.i.AbstractProblemLoader Creating init config 
457785     DEBUG main            d.u.i.k.p.i.AbstractProblemLoader Init config took 6.27s 
457887     INFO  main            d.u.i.k.p.i.AbstractProblemLoader Replaying proof Fib[ThreadSpec::initPost()].JML accessible clause.0 
457889     DEBUG main            d.u.i.k.p.i.IntermediateProofReplayer Proof replay took 9.3ns 
457991     INFO  main            d.u.i.k.p.r.p.TestFile    ... finished proof: closed. 
458486     INFO  main            d.u.i.k.p.i.AbstractProblemLoader Loading environment from /home/runner/work/key/key/key.core/../key.ui/examples/heap/permissions/threads/Fib_initPost_accessible.key.proof 
458486     DEBUG main            d.u.i.k.p.i.AbstractProblemLoader Environment load took 115.7ns 
458488     INFO  main            d.u.i.k.p.i.AbstractProblemLoader Creating init config 
464483     DEBUG main            d.u.i.k.p.i.AbstractProblemLoader Init config took 5.99s 
464606     INFO  main            d.u.i.k.p.i.AbstractProblemLoader Replaying proof Fib[ThreadSpec::initPost()].JML accessible clause.0 
464615     DEBUG main            d.u.i.k.p.i.IntermediateProofReplayer Proof replay took 6.37ms 
464616     DEBUG main            d.u.i.k.p.r.p.TestFile    ... success: reloaded. 
464618     INFO  main            d.u.i.k.p.r.p.TestFile    Now processing file /home/runner/work/key/key/key.core/../key.ui/examples/heap/permissions/threads/Fib_inv1_accessible.key 
464619     INFO  main            d.u.i.k.p.i.AbstractProblemLoader Loading environment from /home/runner/work/key/key/key.core/../key.ui/examples/heap/permissions/threads/Fib_inv1_accessible.key 
464619     DEBUG main            d.u.i.k.p.i.AbstractProblemLoader Environment load took 317ns 
464621     INFO  main            d.u.i.k.p.i.AbstractProblemLoader Creating init config 
470728     DEBUG main            d.u.i.k.p.i.AbstractProblemLoader Init config took 6.11s 
470832     INFO  main            d.u.i.k.p.i.AbstractProblemLoader Replaying proof Fib[java.lang.Object::<inv>()].JML accessible clause.0 
470834     DEBUG main            d.u.i.k.p.i.IntermediateProofReplayer Proof replay took 8.4ns 
470936     INFO  main            d.u.i.k.p.r.p.TestFile    ... finished proof: closed. 
471438     INFO  main            d.u.i.k.p.i.AbstractProblemLoader Loading environment from /home/runner/work/key/key/key.core/../key.ui/examples/heap/permissions/threads/Fib_inv1_accessible.key.proof 
471438     DEBUG main            d.u.i.k.p.i.AbstractProblemLoader Environment load took 97ns 
471439     INFO  main            d.u.i.k.p.i.AbstractProblemLoader Creating init config 
477388     DEBUG main            d.u.i.k.p.i.AbstractProblemLoader Init config took 5.95s 
477499     INFO  main            d.u.i.k.p.i.AbstractProblemLoader Replaying proof Fib[java.lang.Object::<inv>()].JML accessible clause.0 
477504     DEBUG main            d.u.i.k.p.i.IntermediateProofReplayer Proof replay took 2.42ms 
477504     DEBUG main            d.u.i.k.p.r.p.TestFile    ... success: reloaded. 
477506     INFO  main            d.u.i.k.p.r.p.TestFile    Now processing file /home/runner/work/key/key/key.core/../key.ui/examples/heap/permissions/threads/Fib_inv2_accessible.key 
477507     INFO  main            d.u.i.k.p.i.AbstractProblemLoader Loading environment from /home/runner/work/key/key/key.core/../key.ui/examples/heap/permissions/threads/Fib_inv2_accessible.key 
477508     DEBUG main            d.u.i.k.p.i.AbstractProblemLoader Environment load took 288.4ns 
477510     INFO  main            d.u.i.k.p.i.AbstractProblemLoader Creating init config 
483498     DEBUG main            d.u.i.k.p.i.AbstractProblemLoader Init config took 5.99s 
483618     INFO  main            d.u.i.k.p.i.AbstractProblemLoader Replaying proof Fib[java.lang.Object::<inv>()].JML accessible clause.1 
483620     DEBUG main            d.u.i.k.p.i.IntermediateProofReplayer Proof replay took 24.8ns 
483722     INFO  main            d.u.i.k.p.r.p.TestFile    ... finished proof: closed. 
484225     INFO  main            d.u.i.k.p.i.AbstractProblemLoader Loading environment from /home/runner/work/key/key/key.core/../key.ui/examples/heap/permissions/threads/Fib_inv2_accessible.key.proof 
484225     DEBUG main            d.u.i.k.p.i.AbstractProblemLoader Environment load took 92.4ns 
484227     INFO  main            d.u.i.k.p.i.AbstractProblemLoader Creating init config 
490300     DEBUG main            d.u.i.k.p.i.AbstractProblemLoader Init config took 6.07s 
490406     INFO  main            d.u.i.k.p.i.AbstractProblemLoader Replaying proof Fib[java.lang.Object::<inv>()].JML accessible clause.1 
490410     DEBUG main            d.u.i.k.p.i.IntermediateProofReplayer Proof replay took 2.18ms 
490410     DEBUG main            d.u.i.k.p.r.p.TestFile    ... success: reloaded. 
490411     INFO  main            d.u.i.k.p.r.p.TestFile    Now processing file /home/runner/work/key/key/key.core/../key.ui/examples/heap/permissions/threads/Fib_joinTransfer_accessible.key 
490412     INFO  main            d.u.i.k.p.i.AbstractProblemLoader Loading environment from /home/runner/work/key/key/key.core/../key.ui/examples/heap/permissions/threads/Fib_joinTransfer_accessible.key 
490412     DEBUG main            d.u.i.k.p.i.AbstractProblemLoader Environment load took 60.4ns 
490413     INFO  main            d.u.i.k.p.i.AbstractProblemLoader Creating init config 
496437     DEBUG main            d.u.i.k.p.i.AbstractProblemLoader Init config took 6.02s 
496533     INFO  main            d.u.i.k.p.i.AbstractProblemLoader Replaying proof Fib[ThreadSpec::joinTransfer()].JML accessible clause.0 
496535     DEBUG main            d.u.i.k.p.i.IntermediateProofReplayer Proof replay took 8.8ns 
496741     INFO  main            d.u.i.k.p.r.p.TestFile    ... finished proof: closed. 
497269     INFO  main            d.u.i.k.p.i.AbstractProblemLoader Loading environment from /home/runner/work/key/key/key.core/../key.ui/examples/heap/permissions/threads/Fib_joinTransfer_accessible.key.proof 
497270     DEBUG main            d.u.i.k.p.i.AbstractProblemLoader Environment load took 454.71ns 
497271     INFO  main            d.u.i.k.p.i.AbstractProblemLoader Creating init config 
503225     DEBUG main            d.u.i.k.p.i.AbstractProblemLoader Init config took 5.95s 
503323     INFO  main            d.u.i.k.p.i.AbstractProblemLoader Replaying proof Fib[ThreadSpec::joinTransfer()].JML accessible clause.0 
503356     DEBUG main            d.u.i.k.p.i.IntermediateProofReplayer Proof replay took 30.56ms 
503357     DEBUG main            d.u.i.k.p.r.p.TestFile    ... success: reloaded. 
503358     INFO  main            d.u.i.k.p.r.p.TestFile    Now processing file /home/runner/work/key/key/key.core/../key.ui/examples/heap/permissions/threads/Fib_joinTransfer_contract.key 
503359     INFO  main            d.u.i.k.p.i.AbstractProblemLoader Loading environment from /home/runner/work/key/key/key.core/../key.ui/examples/heap/permissions/threads/Fib_joinTransfer_contract.key 
503359     DEBUG main            d.u.i.k.p.i.AbstractProblemLoader Environment load took 103.7ns 
503360     INFO  main            d.u.i.k.p.i.AbstractProblemLoader Creating init config 
509342     DEBUG main            d.u.i.k.p.i.AbstractProblemLoader Init config took 5.98s 
509461     INFO  main            d.u.i.k.p.i.AbstractProblemLoader Replaying proof Fib[ThreadSpec::joinTransfer()].JML model_behavior operation contract.0 
509463     DEBUG main            d.u.i.k.p.i.IntermediateProofReplayer Proof replay took 24.9ns 
509565     INFO  main            d.u.i.k.p.r.p.TestFile    ... finished proof: closed. 
510080     INFO  main            d.u.i.k.p.i.AbstractProblemLoader Loading environment from /home/runner/work/key/key/key.core/../key.ui/examples/heap/permissions/threads/Fib_joinTransfer_contract.key.proof 
510081     DEBUG main            d.u.i.k.p.i.AbstractProblemLoader Environment load took 111.3ns 
510082     INFO  main            d.u.i.k.p.i.AbstractProblemLoader Creating init config 
516120     DEBUG main            d.u.i.k.p.i.AbstractProblemLoader Init config took 6.04s 
516227     INFO  main            d.u.i.k.p.i.AbstractProblemLoader Replaying proof Fib[ThreadSpec::joinTransfer()].JML model_behavior operation contract.0 
516238     DEBUG main            d.u.i.k.p.i.IntermediateProofReplayer Proof replay took 8.57ms 
516239     DEBUG main            d.u.i.k.p.r.p.TestFile    ... success: reloaded. 
516240     INFO  main            d.u.i.k.p.r.p.TestFile    Now processing file /home/runner/work/key/key/key.core/../key.ui/examples/heap/permissions/threads/Fib_postJoin_accessible.key 
516240     INFO  main            d.u.i.k.p.i.AbstractProblemLoader Loading environment from /home/runner/work/key/key/key.core/../key.ui/examples/heap/permissions/threads/Fib_postJoin_accessible.key 
516240     DEBUG main            d.u.i.k.p.i.AbstractProblemLoader Environment load took 127.9ns 
516241     INFO  main            d.u.i.k.p.i.AbstractProblemLoader Creating init config 
522265     DEBUG main            d.u.i.k.p.i.AbstractProblemLoader Init config took 6.02s 
522360     INFO  main            d.u.i.k.p.i.AbstractProblemLoader Replaying proof Fib[ThreadSpec::postJoin(java.lang.Object)].JML accessible clause.0 
522362     DEBUG main            d.u.i.k.p.i.IntermediateProofReplayer Proof replay took 8.2ns 
522464     INFO  main            d.u.i.k.p.r.p.TestFile    ... finished proof: closed. 
522998     INFO  main            d.u.i.k.p.i.AbstractProblemLoader Loading environment from /home/runner/work/key/key/key.core/../key.ui/examples/heap/permissions/threads/Fib_postJoin_accessible.key.proof 
522998     DEBUG main            d.u.i.k.p.i.AbstractProblemLoader Environment load took 104.2ns 
522999     INFO  main            d.u.i.k.p.i.AbstractProblemLoader Creating init config 
528938     DEBUG main            d.u.i.k.p.i.AbstractProblemLoader Init config took 5.94s 
529051     INFO  main            d.u.i.k.p.i.AbstractProblemLoader Replaying proof Fib[ThreadSpec::postJoin(java.lang.Object)].JML accessible clause.0 
529061     DEBUG main            d.u.i.k.p.i.IntermediateProofReplayer Proof replay took 7.58ms 
529062     DEBUG main            d.u.i.k.p.r.p.TestFile    ... success: reloaded. 
529063     INFO  main            d.u.i.k.p.r.p.TestFile    Now processing file /home/runner/work/key/key/key.core/../key.ui/examples/heap/permissions/threads/Fib_preStart_accessible.key 
529064     INFO  main            d.u.i.k.p.i.AbstractProblemLoader Loading environment from /home/runner/work/key/key/key.core/../key.ui/examples/heap/permissions/threads/Fib_preStart_accessible.key 
529064     DEBUG main            d.u.i.k.p.i.AbstractProblemLoader Environment load took 119.2ns 
529065     INFO  main            d.u.i.k.p.i.AbstractProblemLoader Creating init config 
535092     DEBUG main            d.u.i.k.p.i.AbstractProblemLoader Init config took 6.03s 
535190     INFO  main            d.u.i.k.p.i.AbstractProblemLoader Replaying proof Fib[ThreadSpec::preStart(java.lang.Object)].JML accessible clause.0 
535192     DEBUG main            d.u.i.k.p.i.IntermediateProofReplayer Proof replay took 26.1ns 
535294     INFO  main            d.u.i.k.p.r.p.TestFile    ... finished proof: closed. 
535817     INFO  main            d.u.i.k.p.i.AbstractProblemLoader Loading environment from /home/runner/work/key/key/key.core/../key.ui/examples/heap/permissions/threads/Fib_preStart_accessible.key.proof 
535817     DEBUG main            d.u.i.k.p.i.AbstractProblemLoader Environment load took 99ns 
535818     INFO  main            d.u.i.k.p.i.AbstractProblemLoader Creating init config 
541729     DEBUG main            d.u.i.k.p.i.AbstractProblemLoader Init config took 5.91s 
541841     INFO  main            d.u.i.k.p.i.AbstractProblemLoader Replaying proof Fib[ThreadSpec::preStart(java.lang.Object)].JML accessible clause.0 
541850     DEBUG main            d.u.i.k.p.i.IntermediateProofReplayer Proof replay took 6.42ms 
541851     DEBUG main            d.u.i.k.p.r.p.TestFile    ... success: reloaded. 
541852     INFO  main            d.u.i.k.p.r.p.TestFile    Now processing file /home/runner/work/key/key/key.core/../key.ui/examples/heap/permissions/threads/Fib_startTransfer_accessible.key 
541852     INFO  main            d.u.i.k.p.i.AbstractProblemLoader Loading environment from /home/runner/work/key/key/key.core/../key.ui/examples/heap/permissions/threads/Fib_startTransfer_accessible.key 
541852     DEBUG main            d.u.i.k.p.i.AbstractProblemLoader Environment load took 120.8ns 
541853     INFO  main            d.u.i.k.p.i.AbstractProblemLoader Creating init config 
547814     DEBUG main            d.u.i.k.p.i.AbstractProblemLoader Init config took 5.96s 
547935     INFO  main            d.u.i.k.p.i.AbstractProblemLoader Replaying proof Fib[ThreadSpec::startTransfer()].JML accessible clause.0 
547936     DEBUG main            d.u.i.k.p.i.IntermediateProofReplayer Proof replay took 7.8ns 
548239     INFO  main            d.u.i.k.p.r.p.TestFile    ... finished proof: closed. 
548825     INFO  main            d.u.i.k.p.i.AbstractProblemLoader Loading environment from /home/runner/work/key/key/key.core/../key.ui/examples/heap/permissions/threads/Fib_startTransfer_accessible.key.proof 
548826     DEBUG main            d.u.i.k.p.i.AbstractProblemLoader Environment load took 155.3ns 
548827     INFO  main            d.u.i.k.p.i.AbstractProblemLoader Creating init config 
554742     DEBUG main            d.u.i.k.p.i.AbstractProblemLoader Init config took 5.92s 
554843     INFO  main            d.u.i.k.p.i.AbstractProblemLoader Replaying proof Fib[ThreadSpec::startTransfer()].JML accessible clause.0 
554890     DEBUG main            d.u.i.k.p.i.IntermediateProofReplayer Proof replay took 45.16ms 
554892     DEBUG main            d.u.i.k.p.r.p.TestFile    ... success: reloaded. 
554893     INFO  main            d.u.i.k.p.r.p.TestFile    Now processing file /home/runner/work/key/key/key.core/../key.ui/examples/heap/permissions/threads/Fib_startTransfer_contract.key 
554893     INFO  main            d.u.i.k.p.i.AbstractProblemLoader Loading environment from /home/runner/work/key/key/key.core/../key.ui/examples/heap/permissions/threads/Fib_startTransfer_contract.key 
554893     DEBUG main            d.u.i.k.p.i.AbstractProblemLoader Environment load took 68.8ns 
554894     INFO  main            d.u.i.k.p.i.AbstractProblemLoader Creating init config 
560981     DEBUG main            d.u.i.k.p.i.AbstractProblemLoader Init config took 6.09s 
561083     INFO  main            d.u.i.k.p.i.AbstractProblemLoader Replaying proof Fib[ThreadSpec::startTransfer()].JML model_behavior operation contract.0 
561085     DEBUG main            d.u.i.k.p.i.IntermediateProofReplayer Proof replay took 8.1ns 
561187     INFO  main            d.u.i.k.p.r.p.TestFile    ... finished proof: closed. 
561724     INFO  main            d.u.i.k.p.i.AbstractProblemLoader Loading environment from /home/runner/work/key/key/key.core/../key.ui/examples/heap/permissions/threads/Fib_startTransfer_contract.key.proof 
561724     DEBUG main            d.u.i.k.p.i.AbstractProblemLoader Environment load took 96ns 
561725     INFO  main            d.u.i.k.p.i.AbstractProblemLoader Creating init config 
567710     DEBUG main            d.u.i.k.p.i.AbstractProblemLoader Init config took 5.98s 
567810     INFO  main            d.u.i.k.p.i.AbstractProblemLoader Replaying proof Fib[ThreadSpec::startTransfer()].JML model_behavior operation contract.0 
567821     DEBUG main            d.u.i.k.p.i.IntermediateProofReplayer Proof replay took 8.89ms 
567822     DEBUG main            d.u.i.k.p.r.p.TestFile    ... success: reloaded. 
567823     INFO  main            d.u.i.k.p.r.p.TestFile    Now processing file /home/runner/work/key/key/key.core/../key.ui/examples/heap/permissions/threads/Fib_workingPermissions_accessible.key 
567824     INFO  main            d.u.i.k.p.i.AbstractProblemLoader Loading environment from /home/runner/work/key/key/key.core/../key.ui/examples/heap/permissions/threads/Fib_workingPermissions_accessible.key 
567824     DEBUG main            d.u.i.k.p.i.AbstractProblemLoader Environment load took 71.9ns 
567825     INFO  main            d.u.i.k.p.i.AbstractProblemLoader Creating init config 
573883     DEBUG main            d.u.i.k.p.i.AbstractProblemLoader Init config took 6.06s 
573988     INFO  main            d.u.i.k.p.i.AbstractProblemLoader Replaying proof Fib[ThreadSpec::workingPermissions()].JML accessible clause.0 
573990     DEBUG main            d.u.i.k.p.i.IntermediateProofReplayer Proof replay took 7.7ns 
574091     INFO  main            d.u.i.k.p.r.p.TestFile    ... finished proof: closed. 
574643     INFO  main            d.u.i.k.p.i.AbstractProblemLoader Loading environment from /home/runner/work/key/key/key.core/../key.ui/examples/heap/permissions/threads/Fib_workingPermissions_accessible.key.proof 
574643     DEBUG main            d.u.i.k.p.i.AbstractProblemLoader Environment load took 165.1ns 
574644     INFO  main            d.u.i.k.p.i.AbstractProblemLoader Creating init config 
580625     DEBUG main            d.u.i.k.p.i.AbstractProblemLoader Init config took 5.98s 
580724     INFO  main            d.u.i.k.p.i.AbstractProblemLoader Replaying proof Fib[ThreadSpec::workingPermissions()].JML accessible clause.0 
580729     DEBUG main            d.u.i.k.p.i.IntermediateProofReplayer Proof replay took 2.84ms 
580729     DEBUG main            d.u.i.k.p.r.p.TestFile    ... success: reloaded. 
580730     INFO  main            d.u.i.k.p.r.p.TestFile    Now processing file /home/runner/work/key/key/key.core/../key.ui/examples/heap/permissions/threads/Plotter_initPost_accessible.key 
580731     INFO  main            d.u.i.k.p.i.AbstractProblemLoader Loading environment from /home/runner/work/key/key/key.core/../key.ui/examples/heap/permissions/threads/Plotter_initPost_accessible.key 
580731     DEBUG main            d.u.i.k.p.i.AbstractProblemLoader Environment load took 73.8ns 
580732     INFO  main            d.u.i.k.p.i.AbstractProblemLoader Creating init config 
586942     DEBUG main            d.u.i.k.p.i.AbstractProblemLoader Init config took 6.21s 
587094     INFO  main            d.u.i.k.p.i.AbstractProblemLoader Replaying proof Plotter[ThreadSpec2::initPost()].JML accessible clause.0 
587096     DEBUG main            d.u.i.k.p.i.IntermediateProofReplayer Proof replay took 8.2ns 
587298     INFO  main            d.u.i.k.p.r.p.TestFile    ... finished proof: closed. 
587872     INFO  main            d.u.i.k.p.i.AbstractProblemLoader Loading environment from /home/runner/work/key/key/key.core/../key.ui/examples/heap/permissions/threads/Plotter_initPost_accessible.key.proof 
587873     DEBUG main            d.u.i.k.p.i.AbstractProblemLoader Environment load took 86.3ns 
587873     INFO  main            d.u.i.k.p.i.AbstractProblemLoader Creating init config 
593876     DEBUG main            d.u.i.k.p.i.AbstractProblemLoader Init config took 6s 
593978     INFO  main            d.u.i.k.p.i.AbstractProblemLoader Replaying proof Plotter[ThreadSpec2::initPost()].JML accessible clause.0 
593997     DEBUG main            d.u.i.k.p.i.IntermediateProofReplayer Proof replay took 17.01ms 
593998     DEBUG main            d.u.i.k.p.r.p.TestFile    ... success: reloaded. 
593999     INFO  main            d.u.i.k.p.r.p.TestFile    Now processing file /home/runner/work/key/key/key.core/../key.ui/examples/heap/permissions/threads/Plotter_inv_accessible1.key 
593999     INFO  main            d.u.i.k.p.i.AbstractProblemLoader Loading environment from /home/runner/work/key/key/key.core/../key.ui/examples/heap/permissions/threads/Plotter_inv_accessible1.key 
593999     DEBUG main            d.u.i.k.p.i.AbstractProblemLoader Environment load took 63ns 
594000     INFO  main            d.u.i.k.p.i.AbstractProblemLoader Creating init config 
599976     DEBUG main            d.u.i.k.p.i.AbstractProblemLoader Init config took 5.98s 
600071     INFO  main            d.u.i.k.p.i.AbstractProblemLoader Replaying proof Plotter[java.lang.Object::<inv>()].JML accessible clause.0 
600073     DEBUG main            d.u.i.k.p.i.IntermediateProofReplayer Proof replay took 8.8ns 
600175     INFO  main            d.u.i.k.p.r.p.TestFile    ... finished proof: closed. 
600768     INFO  main            d.u.i.k.p.i.AbstractProblemLoader Loading environment from /home/runner/work/key/key/key.core/../key.ui/examples/heap/permissions/threads/Plotter_inv_accessible1.key.proof 
600768     DEBUG main            d.u.i.k.p.i.AbstractProblemLoader Environment load took 90.6ns 
600769     INFO  main            d.u.i.k.p.i.AbstractProblemLoader Creating init config 
606624     DEBUG main            d.u.i.k.p.i.AbstractProblemLoader Init config took 5.86s 
606740     INFO  main            d.u.i.k.p.i.AbstractProblemLoader Replaying proof Plotter[java.lang.Object::<inv>()].JML accessible clause.0 
606745     DEBUG main            d.u.i.k.p.i.IntermediateProofReplayer Proof replay took 2.2ms 
606746     DEBUG main            d.u.i.k.p.r.p.TestFile    ... success: reloaded. 
606747     INFO  main            d.u.i.k.p.r.p.TestFile    Now processing file /home/runner/work/key/key/key.core/../key.ui/examples/heap/permissions/threads/Plotter_inv_accessible2.key 
606748     INFO  main            d.u.i.k.p.i.AbstractProblemLoader Loading environment from /home/runner/work/key/key/key.core/../key.ui/examples/heap/permissions/threads/Plotter_inv_accessible2.key 
606748     DEBUG main            d.u.i.k.p.i.AbstractProblemLoader Environment load took 62.2ns 
606749     INFO  main            d.u.i.k.p.i.AbstractProblemLoader Creating init config 
612772     DEBUG main            d.u.i.k.p.i.AbstractProblemLoader Init config took 6.02s 
612872     INFO  main            d.u.i.k.p.i.AbstractProblemLoader Replaying proof Plotter[java.lang.Object::<inv>()].JML accessible clause.1 
612873     DEBUG main            d.u.i.k.p.i.IntermediateProofReplayer Proof replay took 8ns 
612975     INFO  main            d.u.i.k.p.r.p.TestFile    ... finished proof: closed. 
613564     INFO  main            d.u.i.k.p.i.AbstractProblemLoader Loading environment from /home/runner/work/key/key/key.core/../key.ui/examples/heap/permissions/threads/Plotter_inv_accessible2.key.proof 
613564     DEBUG main            d.u.i.k.p.i.AbstractProblemLoader Environment load took 89.5ns 
613566     INFO  main            d.u.i.k.p.i.AbstractProblemLoader Creating init config 
619405     DEBUG main            d.u.i.k.p.i.AbstractProblemLoader Init config took 5.84s 
619518     INFO  main            d.u.i.k.p.i.AbstractProblemLoader Replaying proof Plotter[java.lang.Object::<inv>()].JML accessible clause.1 
619523     DEBUG main            d.u.i.k.p.i.IntermediateProofReplayer Proof replay took 2.25ms 
619523     DEBUG main            d.u.i.k.p.r.p.TestFile    ... success: reloaded. 
619525     INFO  main            d.u.i.k.p.r.p.TestFile    Now processing file /home/runner/work/key/key/key.core/../key.ui/examples/heap/permissions/threads/Plotter_joinTransfer_contract.key 
619525     INFO  main            d.u.i.k.p.i.AbstractProblemLoader Loading environment from /home/runner/work/key/key/key.core/../key.ui/examples/heap/permissions/threads/Plotter_joinTransfer_contract.key 
619525     DEBUG main            d.u.i.k.p.i.AbstractProblemLoader Environment load took 79.9ns 
619526     INFO  main            d.u.i.k.p.i.AbstractProblemLoader Creating init config 
625439     DEBUG main            d.u.i.k.p.i.AbstractProblemLoader Init config took 5.91s 
625543     INFO  main            d.u.i.k.p.i.AbstractProblemLoader Replaying proof Plotter[ThreadSpec2::joinTransfer()].JML model_behavior operation contract.0 
625545     DEBUG main            d.u.i.k.p.i.IntermediateProofReplayer Proof replay took 8.5ns 
625647     INFO  main            d.u.i.k.p.r.p.TestFile    ... finished proof: closed. 
626251     INFO  main            d.u.i.k.p.i.AbstractProblemLoader Loading environment from /home/runner/work/key/key/key.core/../key.ui/examples/heap/permissions/threads/Plotter_joinTransfer_contract.key.proof 
626251     DEBUG main            d.u.i.k.p.i.AbstractProblemLoader Environment load took 162.3ns 
626252     INFO  main            d.u.i.k.p.i.AbstractProblemLoader Creating init config 
632195     DEBUG main            d.u.i.k.p.i.AbstractProblemLoader Init config took 5.94s 
632296     INFO  main            d.u.i.k.p.i.AbstractProblemLoader Replaying proof Plotter[ThreadSpec2::joinTransfer()].JML model_behavior operation contract.0 
632308     DEBUG main            d.u.i.k.p.i.IntermediateProofReplayer Proof replay took 10.34ms 
632309     DEBUG main            d.u.i.k.p.r.p.TestFile    ... success: reloaded. 
632310     INFO  main            d.u.i.k.p.r.p.TestFile    Now processing file /home/runner/work/key/key/key.core/../key.ui/examples/heap/permissions/threads/Plotter_Plotter.key 
632311     INFO  main            d.u.i.k.p.i.AbstractProblemLoader Loading environment from /home/runner/work/key/key/key.core/../key.ui/examples/heap/permissions/threads/Plotter_Plotter.key 
632311     DEBUG main            d.u.i.k.p.i.AbstractProblemLoader Environment load took 89.5ns 
632312     INFO  main            d.u.i.k.p.i.AbstractProblemLoader Creating init config 
638281     DEBUG main            d.u.i.k.p.i.AbstractProblemLoader Init config took 5.97s 
638392     INFO  main            d.u.i.k.p.i.AbstractProblemLoader Replaying proof Plotter[Plotter::Plotter(AFilter,BFilter,Buffer)].JML normal_behavior operation contract.0 
638394     DEBUG main            d.u.i.k.p.i.IntermediateProofReplayer Proof replay took 8.2ns 
640701     INFO  main            d.u.i.k.p.r.p.TestFile    ... finished proof: closed. 
641345     INFO  main            d.u.i.k.p.i.AbstractProblemLoader Loading environment from /home/runner/work/key/key/key.core/../key.ui/examples/heap/permissions/threads/Plotter_Plotter.key.proof 
641345     DEBUG main            d.u.i.k.p.i.AbstractProblemLoader Environment load took 417.41ns 
641346     INFO  main            d.u.i.k.p.i.AbstractProblemLoader Creating init config 
647222     DEBUG main            d.u.i.k.p.i.AbstractProblemLoader Init config took 5.88s 
647322     INFO  main            d.u.i.k.p.i.AbstractProblemLoader Replaying proof Plotter[Plotter::Plotter(AFilter,BFilter,Buffer)].JML normal_behavior operation contract.0 
647650     DEBUG main            d.u.i.k.p.i.IntermediateProofReplayer Proof replay took 319.12ms 
647651     DEBUG main            d.u.i.k.p.r.p.TestFile    ... success: reloaded. 
647652     INFO  main            d.u.i.k.p.r.p.TestFile    Now processing file /home/runner/work/key/key/key.core/../key.ui/examples/heap/permissions/threads/Plotter_postJoin_accessible.key 
647652     INFO  main            d.u.i.k.p.i.AbstractProblemLoader Loading environment from /home/runner/work/key/key/key.core/../key.ui/examples/heap/permissions/threads/Plotter_postJoin_accessible.key 
647653     DEBUG main            d.u.i.k.p.i.AbstractProblemLoader Environment load took 145.2ns 
647654     INFO  main            d.u.i.k.p.i.AbstractProblemLoader Creating init config 
653574     DEBUG main            d.u.i.k.p.i.AbstractProblemLoader Init config took 5.92s 
653675     INFO  main            d.u.i.k.p.i.AbstractProblemLoader Replaying proof Plotter[ThreadSpec2::postJoin(java.lang.Object)].JML accessible clause.0 
653677     DEBUG main            d.u.i.k.p.i.IntermediateProofReplayer Proof replay took 8.8ns 
653779     INFO  main            d.u.i.k.p.r.p.TestFile    ... finished proof: closed. 
654392     INFO  main            d.u.i.k.p.i.AbstractProblemLoader Loading environment from /home/runner/work/key/key/key.core/../key.ui/examples/heap/permissions/threads/Plotter_postJoin_accessible.key.proof 
654392     DEBUG main            d.u.i.k.p.i.AbstractProblemLoader Environment load took 105.9ns 
654393     INFO  main            d.u.i.k.p.i.AbstractProblemLoader Creating init config 
660267     DEBUG main            d.u.i.k.p.i.AbstractProblemLoader Init config took 5.87s 
660370     INFO  main            d.u.i.k.p.i.AbstractProblemLoader Replaying proof Plotter[ThreadSpec2::postJoin(java.lang.Object)].JML accessible clause.0 
660388     DEBUG main            d.u.i.k.p.i.IntermediateProofReplayer Proof replay took 14.89ms 
660389     DEBUG main            d.u.i.k.p.r.p.TestFile    ... success: reloaded. 
660390     INFO  main            d.u.i.k.p.r.p.TestFile    Now processing file /home/runner/work/key/key/key.core/../key.ui/examples/heap/permissions/threads/Plotter_preStart_accessible.key 
660390     INFO  main            d.u.i.k.p.i.AbstractProblemLoader Loading environment from /home/runner/work/key/key/key.core/../key.ui/examples/heap/permissions/threads/Plotter_preStart_accessible.key 
660390     DEBUG main            d.u.i.k.p.i.AbstractProblemLoader Environment load took 225.8ns 
660391     INFO  main            d.u.i.k.p.i.AbstractProblemLoader Creating init config 
666338     DEBUG main            d.u.i.k.p.i.AbstractProblemLoader Init config took 5.95s 
666462     INFO  main            d.u.i.k.p.i.AbstractProblemLoader Replaying proof Plotter[ThreadSpec2::preStart(java.lang.Object)].JML accessible clause.0 
666464     DEBUG main            d.u.i.k.p.i.IntermediateProofReplayer Proof replay took 8.3ns 
667768     INFO  main            d.u.i.k.p.r.p.TestFile    ... finished proof: closed. 
668440     INFO  main            d.u.i.k.p.i.AbstractProblemLoader Loading environment from /home/runner/work/key/key/key.core/../key.ui/examples/heap/permissions/threads/Plotter_preStart_accessible.key.proof 
668440     DEBUG main            d.u.i.k.p.i.AbstractProblemLoader Environment load took 132.3ns 
668441     INFO  main            d.u.i.k.p.i.AbstractProblemLoader Creating init config 
674394     DEBUG main            d.u.i.k.p.i.AbstractProblemLoader Init config took 5.95s 
674494     INFO  main            d.u.i.k.p.i.AbstractProblemLoader Replaying proof Plotter[ThreadSpec2::preStart(java.lang.Object)].JML accessible clause.0 
674603     DEBUG main            d.u.i.k.p.i.IntermediateProofReplayer Proof replay took 105.63ms 
674604     DEBUG main            d.u.i.k.p.r.p.TestFile    ... success: reloaded. 
674605     INFO  main            d.u.i.k.p.r.p.TestFile    Now processing file /home/runner/work/key/key/key.core/../key.ui/examples/heap/permissions/threads/Plotter_stateInv_accessible.key 
674606     INFO  main            d.u.i.k.p.i.AbstractProblemLoader Loading environment from /home/runner/work/key/key/key.core/../key.ui/examples/heap/permissions/threads/Plotter_stateInv_accessible.key 
674606     DEBUG main            d.u.i.k.p.i.AbstractProblemLoader Environment load took 92.2ns 
674607     INFO  main            d.u.i.k.p.i.AbstractProblemLoader Creating init config 
680661     DEBUG main            d.u.i.k.p.i.AbstractProblemLoader Init config took 6.05s 
680757     INFO  main            d.u.i.k.p.i.AbstractProblemLoader Replaying proof Plotter[ThreadSpec2::stateInv()].JML accessible clause.0 
680758     DEBUG main            d.u.i.k.p.i.IntermediateProofReplayer Proof replay took 8ns 
690880     INFO  main            d.u.i.k.p.r.p.TestFile    ... finished proof: closed. 
691556     INFO  main            d.u.i.k.p.i.AbstractProblemLoader Loading environment from /home/runner/work/key/key/key.core/../key.ui/examples/heap/permissions/threads/Plotter_stateInv_accessible.key.proof 
691557     DEBUG main            d.u.i.k.p.i.AbstractProblemLoader Environment load took 98.4ns 
691558     INFO  main            d.u.i.k.p.i.AbstractProblemLoader Creating init config 
697491     DEBUG main            d.u.i.k.p.i.AbstractProblemLoader Init config took 5.93s 
697605     INFO  main            d.u.i.k.p.i.AbstractProblemLoader Replaying proof Plotter[ThreadSpec2::stateInv()].JML accessible clause.0 
698395     DEBUG main            d.u.i.k.p.i.IntermediateProofReplayer Proof replay took 772.38ms 
698396     DEBUG main            d.u.i.k.p.r.p.TestFile    ... success: reloaded. 
698397     INFO  main            d.u.i.k.p.r.p.TestFile    Now processing file /home/runner/work/key/key/key.core/../key.ui/examples/heap/permissions/threads/Plotter_staticPermissions_accessible.key 
698398     INFO  main            d.u.i.k.p.i.AbstractProblemLoader Loading environment from /home/runner/work/key/key/key.core/../key.ui/examples/heap/permissions/threads/Plotter_staticPermissions_accessible.key 
698398     DEBUG main            d.u.i.k.p.i.AbstractProblemLoader Environment load took 139.1ns 
698399     INFO  main            d.u.i.k.p.i.AbstractProblemLoader Creating init config 
704407     DEBUG main            d.u.i.k.p.i.AbstractProblemLoader Init config took 6.01s 
704508     INFO  main            d.u.i.k.p.i.AbstractProblemLoader Replaying proof Plotter[ThreadSpec2::staticPermissions()].JML accessible clause.0 
704510     DEBUG main            d.u.i.k.p.i.IntermediateProofReplayer Proof replay took 43.1ns 
705518     INFO  main            d.u.i.k.p.r.p.TestFile    ... finished proof: closed. 
706173     INFO  main            d.u.i.k.p.i.AbstractProblemLoader Loading environment from /home/runner/work/key/key/key.core/../key.ui/examples/heap/permissions/threads/Plotter_staticPermissions_accessible.key.proof 
706173     DEBUG main            d.u.i.k.p.i.AbstractProblemLoader Environment load took 134.9ns 
706174     INFO  main            d.u.i.k.p.i.AbstractProblemLoader Creating init config 
712062     DEBUG main            d.u.i.k.p.i.AbstractProblemLoader Init config took 5.89s 
712166     INFO  main            d.u.i.k.p.i.AbstractProblemLoader Replaying proof Plotter[ThreadSpec2::staticPermissions()].JML accessible clause.0 
712248     DEBUG main            d.u.i.k.p.i.IntermediateProofReplayer Proof replay took 78.59ms 
712250     DEBUG main            d.u.i.k.p.r.p.TestFile    ... success: reloaded. 
712251     INFO  main            d.u.i.k.p.r.p.TestFile    Now processing file /home/runner/work/key/key/key.core/../key.ui/examples/heap/permissions/threads/Plotter_workingPermissions_accessible.key 
712251     INFO  main            d.u.i.k.p.i.AbstractProblemLoader Loading environment from /home/runner/work/key/key/key.core/../key.ui/examples/heap/permissions/threads/Plotter_workingPermissions_accessible.key 
712251     DEBUG main            d.u.i.k.p.i.AbstractProblemLoader Environment load took 103.5ns 
712252     INFO  main            d.u.i.k.p.i.AbstractProblemLoader Creating init config 
718288     DEBUG main            d.u.i.k.p.i.AbstractProblemLoader Init config took 6.04s 
718386     INFO  main            d.u.i.k.p.i.AbstractProblemLoader Replaying proof Plotter[ThreadSpec2::workingPermissions()].JML accessible clause.0 
718388     DEBUG main            d.u.i.k.p.i.IntermediateProofReplayer Proof replay took 4.2ns 
718590     INFO  main            d.u.i.k.p.r.p.TestFile    ... finished proof: closed. 
719255     INFO  main            d.u.i.k.p.i.AbstractProblemLoader Loading environment from /home/runner/work/key/key/key.core/../key.ui/examples/heap/permissions/threads/Plotter_workingPermissions_accessible.key.proof 
719255     DEBUG main            d.u.i.k.p.i.AbstractProblemLoader Environment load took 89.9ns 
719256     INFO  main            d.u.i.k.p.i.AbstractProblemLoader Creating init config 
725102     DEBUG main            d.u.i.k.p.i.AbstractProblemLoader Init config took 5.85s 
725202     INFO  main            d.u.i.k.p.i.AbstractProblemLoader Replaying proof Plotter[ThreadSpec2::workingPermissions()].JML accessible clause.0 
725223     DEBUG main            d.u.i.k.p.i.IntermediateProofReplayer Proof replay took 18.72ms 
725224     DEBUG main            d.u.i.k.p.r.p.TestFile    ... success: reloaded. 
725225     INFO  main            d.u.i.k.p.r.p.TestFile    Now processing file /home/runner/work/key/key/key.core/../key.ui/examples/heap/permissions/threads/Sampler_initPost_accessible.key 
725225     INFO  main            d.u.i.k.p.i.AbstractProblemLoader Loading environment from /home/runner/work/key/key/key.core/../key.ui/examples/heap/permissions/threads/Sampler_initPost_accessible.key 
725225     DEBUG main            d.u.i.k.p.i.AbstractProblemLoader Environment load took 101.1ns 
725226     INFO  main            d.u.i.k.p.i.AbstractProblemLoader Creating init config 
731218     DEBUG main            d.u.i.k.p.i.AbstractProblemLoader Init config took 5.99s 
731324     INFO  main            d.u.i.k.p.i.AbstractProblemLoader Replaying proof Sampler[ThreadSpec2::initPost()].JML accessible clause.0 
731326     DEBUG main            d.u.i.k.p.i.IntermediateProofReplayer Proof replay took 3.8ns 
731428     INFO  main            d.u.i.k.p.r.p.TestFile    ... finished proof: closed. 
732079     INFO  main            d.u.i.k.p.i.AbstractProblemLoader Loading environment from /home/runner/work/key/key/key.core/../key.ui/examples/heap/permissions/threads/Sampler_initPost_accessible.key.proof 
732079     DEBUG main            d.u.i.k.p.i.AbstractProblemLoader Environment load took 134.3ns 
732080     INFO  main            d.u.i.k.p.i.AbstractProblemLoader Creating init config 
738033     DEBUG main            d.u.i.k.p.i.AbstractProblemLoader Init config took 5.95s 
738137     INFO  main            d.u.i.k.p.i.AbstractProblemLoader Replaying proof Sampler[ThreadSpec2::initPost()].JML accessible clause.0 
738146     DEBUG main            d.u.i.k.p.i.IntermediateProofReplayer Proof replay took 6.79ms 
738147     DEBUG main            d.u.i.k.p.r.p.TestFile    ... success: reloaded. 
738148     INFO  main            d.u.i.k.p.r.p.TestFile    Now processing file /home/runner/work/key/key/key.core/../key.ui/examples/heap/permissions/threads/Sampler_inv_accessible1.key 
738148     INFO  main            d.u.i.k.p.i.AbstractProblemLoader Loading environment from /home/runner/work/key/key/key.core/../key.ui/examples/heap/permissions/threads/Sampler_inv_accessible1.key 
738148     DEBUG main            d.u.i.k.p.i.AbstractProblemLoader Environment load took 55.4ns 
738149     INFO  main            d.u.i.k.p.i.AbstractProblemLoader Creating init config 
744119     DEBUG main            d.u.i.k.p.i.AbstractProblemLoader Init config took 5.97s 
744214     INFO  main            d.u.i.k.p.i.AbstractProblemLoader Replaying proof Sampler[java.lang.Object::<inv>()].JML accessible clause.0 
744216     DEBUG main            d.u.i.k.p.i.IntermediateProofReplayer Proof replay took 3.3ns 
744318     INFO  main            d.u.i.k.p.r.p.TestFile    ... finished proof: closed. 
744983     INFO  main            d.u.i.k.p.i.AbstractProblemLoader Loading environment from /home/runner/work/key/key/key.core/../key.ui/examples/heap/permissions/threads/Sampler_inv_accessible1.key.proof 
744983     DEBUG main            d.u.i.k.p.i.AbstractProblemLoader Environment load took 86.4ns 
744985     INFO  main            d.u.i.k.p.i.AbstractProblemLoader Creating init config 
750922     DEBUG main            d.u.i.k.p.i.AbstractProblemLoader Init config took 5.94s 
751023     INFO  main            d.u.i.k.p.i.AbstractProblemLoader Replaying proof Sampler[java.lang.Object::<inv>()].JML accessible clause.0 
751027     DEBUG main            d.u.i.k.p.i.IntermediateProofReplayer Proof replay took 2.07ms 
751028     DEBUG main            d.u.i.k.p.r.p.TestFile    ... success: reloaded. 
751029     INFO  main            d.u.i.k.p.r.p.TestFile    Now processing file /home/runner/work/key/key/key.core/../key.ui/examples/heap/permissions/threads/Sampler_inv_accessible2.key 
751029     INFO  main            d.u.i.k.p.i.AbstractProblemLoader Loading environment from /home/runner/work/key/key/key.core/../key.ui/examples/heap/permissions/threads/Sampler_inv_accessible2.key 
751029     DEBUG main            d.u.i.k.p.i.AbstractProblemLoader Environment load took 74.1ns 
751030     INFO  main            d.u.i.k.p.i.AbstractProblemLoader Creating init config 
756979     DEBUG main            d.u.i.k.p.i.AbstractProblemLoader Init config took 5.95s 
757094     INFO  main            d.u.i.k.p.i.AbstractProblemLoader Replaying proof Sampler[java.lang.Object::<inv>()].JML accessible clause.1 
757096     DEBUG main            d.u.i.k.p.i.IntermediateProofReplayer Proof replay took 3.3ns 
757198     INFO  main            d.u.i.k.p.r.p.TestFile    ... finished proof: closed. 
757877     INFO  main            d.u.i.k.p.i.AbstractProblemLoader Loading environment from /home/runner/work/key/key/key.core/../key.ui/examples/heap/permissions/threads/Sampler_inv_accessible2.key.proof 
757877     DEBUG main            d.u.i.k.p.i.AbstractProblemLoader Environment load took 90ns 
757878     INFO  main            d.u.i.k.p.i.AbstractProblemLoader Creating init config 
763732     DEBUG main            d.u.i.k.p.i.AbstractProblemLoader Init config took 5.85s 
763844     INFO  main            d.u.i.k.p.i.AbstractProblemLoader Replaying proof Sampler[java.lang.Object::<inv>()].JML accessible clause.1 
763848     DEBUG main            d.u.i.k.p.i.IntermediateProofReplayer Proof replay took 2.08ms 
763849     DEBUG main            d.u.i.k.p.r.p.TestFile    ... success: reloaded. 
763850     INFO  main            d.u.i.k.p.r.p.TestFile    Now processing file /home/runner/work/key/key/key.core/../key.ui/examples/heap/permissions/threads/Sampler_joinTransfer_accessible.key 
763850     INFO  main            d.u.i.k.p.i.AbstractProblemLoader Loading environment from /home/runner/work/key/key/key.core/../key.ui/examples/heap/permissions/threads/Sampler_joinTransfer_accessible.key 
763850     DEBUG main            d.u.i.k.p.i.AbstractProblemLoader Environment load took 77.8ns 
763851     INFO  main            d.u.i.k.p.i.AbstractProblemLoader Creating init config 
769827     DEBUG main            d.u.i.k.p.i.AbstractProblemLoader Init config took 5.98s 
769935     INFO  main            d.u.i.k.p.i.AbstractProblemLoader Replaying proof Sampler[ThreadSpec2::joinTransfer()].JML accessible clause.0 
769937     DEBUG main            d.u.i.k.p.i.IntermediateProofReplayer Proof replay took 3.2ns 
774550     INFO  main            d.u.i.k.p.r.p.TestFile    ... finished proof: closed. 
775255     INFO  main            d.u.i.k.p.i.AbstractProblemLoader Loading environment from /home/runner/work/key/key/key.core/../key.ui/examples/heap/permissions/threads/Sampler_joinTransfer_accessible.key.proof 
775255     DEBUG main            d.u.i.k.p.i.AbstractProblemLoader Environment load took 93ns 
775257     INFO  main            d.u.i.k.p.i.AbstractProblemLoader Creating init config 
781207     DEBUG main            d.u.i.k.p.i.AbstractProblemLoader Init config took 5.95s 
781308     INFO  main            d.u.i.k.p.i.AbstractProblemLoader Replaying proof Sampler[ThreadSpec2::joinTransfer()].JML accessible clause.0 
782095     DEBUG main            d.u.i.k.p.i.IntermediateProofReplayer Proof replay took 769.73ms 
782097     DEBUG main            d.u.i.k.p.r.p.TestFile    ... success: reloaded. 
782098     INFO  main            d.u.i.k.p.r.p.TestFile    Now processing file /home/runner/work/key/key/key.core/../key.ui/examples/heap/permissions/threads/Sampler_joinTransfer_contract.key 
782098     INFO  main            d.u.i.k.p.i.AbstractProblemLoader Loading environment from /home/runner/work/key/key/key.core/../key.ui/examples/heap/permissions/threads/Sampler_joinTransfer_contract.key 
782098     DEBUG main            d.u.i.k.p.i.AbstractProblemLoader Environment load took 97.4ns 
782099     INFO  main            d.u.i.k.p.i.AbstractProblemLoader Creating init config 
788079     DEBUG main            d.u.i.k.p.i.AbstractProblemLoader Init config took 5.98s 
788176     INFO  main            d.u.i.k.p.i.AbstractProblemLoader Replaying proof Sampler[ThreadSpec2::joinTransfer()].JML model_behavior operation contract.0 
788177     DEBUG main            d.u.i.k.p.i.IntermediateProofReplayer Proof replay took 4ns 
788279     INFO  main            d.u.i.k.p.r.p.TestFile    ... finished proof: closed. 
788985     INFO  main            d.u.i.k.p.i.AbstractProblemLoader Loading environment from /home/runner/work/key/key/key.core/../key.ui/examples/heap/permissions/threads/Sampler_joinTransfer_contract.key.proof 
788985     DEBUG main            d.u.i.k.p.i.AbstractProblemLoader Environment load took 97.7ns 
788986     INFO  main            d.u.i.k.p.i.AbstractProblemLoader Creating init config 
794945     DEBUG main            d.u.i.k.p.i.AbstractProblemLoader Init config took 5.96s 
795045     INFO  main            d.u.i.k.p.i.AbstractProblemLoader Replaying proof Sampler[ThreadSpec2::joinTransfer()].JML model_behavior operation contract.0 
795056     DEBUG main            d.u.i.k.p.i.IntermediateProofReplayer Proof replay took 8.5ms 
795057     DEBUG main            d.u.i.k.p.r.p.TestFile    ... success: reloaded. 
795058     INFO  main            d.u.i.k.p.r.p.TestFile    Now processing file /home/runner/work/key/key/key.core/../key.ui/examples/heap/permissions/threads/Sampler_postJoin_accessible.key 
795058     INFO  main            d.u.i.k.p.i.AbstractProblemLoader Loading environment from /home/runner/work/key/key/key.core/../key.ui/examples/heap/permissions/threads/Sampler_postJoin_accessible.key 
795058     DEBUG main            d.u.i.k.p.i.AbstractProblemLoader Environment load took 143.3ns 
795059     INFO  main            d.u.i.k.p.i.AbstractProblemLoader Creating init config 
801143     DEBUG main            d.u.i.k.p.i.AbstractProblemLoader Init config took 6.08s 
801241     INFO  main            d.u.i.k.p.i.AbstractProblemLoader Replaying proof Sampler[ThreadSpec2::postJoin(java.lang.Object)].JML accessible clause.0 
801243     DEBUG main            d.u.i.k.p.i.IntermediateProofReplayer Proof replay took 3.2ns 
801345     INFO  main            d.u.i.k.p.r.p.TestFile    ... finished proof: closed. 
802041     INFO  main            d.u.i.k.p.i.AbstractProblemLoader Loading environment from /home/runner/work/key/key/key.core/../key.ui/examples/heap/permissions/threads/Sampler_postJoin_accessible.key.proof 
802042     DEBUG main            d.u.i.k.p.i.AbstractProblemLoader Environment load took 103.1ns 
802043     INFO  main            d.u.i.k.p.i.AbstractProblemLoader Creating init config 
807888     DEBUG main            d.u.i.k.p.i.AbstractProblemLoader Init config took 5.85s 
807988     INFO  main            d.u.i.k.p.i.AbstractProblemLoader Replaying proof Sampler[ThreadSpec2::postJoin(java.lang.Object)].JML accessible clause.0 
808000     DEBUG main            d.u.i.k.p.i.IntermediateProofReplayer Proof replay took 10.3ms 
808001     DEBUG main            d.u.i.k.p.r.p.TestFile    ... success: reloaded. 
808002     INFO  main            d.u.i.k.p.r.p.TestFile    Now processing file /home/runner/work/key/key/key.core/../key.ui/examples/heap/permissions/threads/Sampler_preStart_accessible.key 
808003     INFO  main            d.u.i.k.p.i.AbstractProblemLoader Loading environment from /home/runner/work/key/key/key.core/../key.ui/examples/heap/permissions/threads/Sampler_preStart_accessible.key 
808003     DEBUG main            d.u.i.k.p.i.AbstractProblemLoader Environment load took 76.3ns 
808004     INFO  main            d.u.i.k.p.i.AbstractProblemLoader Creating init config 
813977     DEBUG main            d.u.i.k.p.i.AbstractProblemLoader Init config took 5.97s 
814077     INFO  main            d.u.i.k.p.i.AbstractProblemLoader Replaying proof Sampler[ThreadSpec2::preStart(java.lang.Object)].JML accessible clause.0 
814079     DEBUG main            d.u.i.k.p.i.IntermediateProofReplayer Proof replay took 3.4ns 
814181     INFO  main            d.u.i.k.p.r.p.TestFile    ... finished proof: closed. 
814891     INFO  main            d.u.i.k.p.i.AbstractProblemLoader Loading environment from /home/runner/work/key/key/key.core/../key.ui/examples/heap/permissions/threads/Sampler_preStart_accessible.key.proof 
814891     DEBUG main            d.u.i.k.p.i.AbstractProblemLoader Environment load took 154.7ns 
814892     INFO  main            d.u.i.k.p.i.AbstractProblemLoader Creating init config 
820715     DEBUG main            d.u.i.k.p.i.AbstractProblemLoader Init config took 5.82s 
820821     INFO  main            d.u.i.k.p.i.AbstractProblemLoader Replaying proof Sampler[ThreadSpec2::preStart(java.lang.Object)].JML accessible clause.0 
820833     DEBUG main            d.u.i.k.p.i.IntermediateProofReplayer Proof replay took 10.28ms 
820834     DEBUG main            d.u.i.k.p.r.p.TestFile    ... success: reloaded. 
820835     INFO  main            d.u.i.k.p.r.p.TestFile    Now processing file /home/runner/work/key/key/key.core/../key.ui/examples/heap/permissions/threads/Sampler_run.key 
820835     INFO  main            d.u.i.k.p.i.AbstractProblemLoader Loading environment from /home/runner/work/key/key/key.core/../key.ui/examples/heap/permissions/threads/Sampler_run.key 
820835     DEBUG main            d.u.i.k.p.i.AbstractProblemLoader Environment load took 53.7ns 
820836     INFO  main            d.u.i.k.p.i.AbstractProblemLoader Creating init config 
826722     DEBUG main            d.u.i.k.p.i.AbstractProblemLoader Init config took 5.89s 
826818     INFO  main            d.u.i.k.p.i.AbstractProblemLoader Replaying proof Sampler[ThreadSpec2::run()].JML normal_behavior operation contract.0 
826819     DEBUG main            d.u.i.k.p.i.IntermediateProofReplayer Proof replay took 3.2ns 
827025     INFO  main            d.u.i.k.p.r.p.TestFile    ... finished proof: closed. 
827733     INFO  main            d.u.i.k.p.i.AbstractProblemLoader Loading environment from /home/runner/work/key/key/key.core/../key.ui/examples/heap/permissions/threads/Sampler_run.key.proof 
827733     DEBUG main            d.u.i.k.p.i.AbstractProblemLoader Environment load took 83.3ns 
827734     INFO  main            d.u.i.k.p.i.AbstractProblemLoader Creating init config 
833596     DEBUG main            d.u.i.k.p.i.AbstractProblemLoader Init config took 5.86s 
833714     INFO  main            d.u.i.k.p.i.AbstractProblemLoader Replaying proof Sampler[ThreadSpec2::run()].JML normal_behavior operation contract.0 
833757     DEBUG main            d.u.i.k.p.i.IntermediateProofReplayer Proof replay took 41.73ms 
833758     DEBUG main            d.u.i.k.p.r.p.TestFile    ... success: reloaded. 
833760     INFO  main            d.u.i.k.p.r.p.TestFile    Now processing file /home/runner/work/key/key/key.core/../key.ui/examples/heap/permissions/threads/Sampler_Sampler.key 
833760     INFO  main            d.u.i.k.p.i.AbstractProblemLoader Loading environment from /home/runner/work/key/key/key.core/../key.ui/examples/heap/permissions/threads/Sampler_Sampler.key 
833760     DEBUG main            d.u.i.k.p.i.AbstractProblemLoader Environment load took 101.2ns 
833761     INFO  main            d.u.i.k.p.i.AbstractProblemLoader Creating init config 
839682     DEBUG main            d.u.i.k.p.i.AbstractProblemLoader Init config took 5.92s 
839780     INFO  main            d.u.i.k.p.i.AbstractProblemLoader Replaying proof Sampler[Sampler::Sampler(Buffer)].JML normal_behavior operation contract.0 
839782     DEBUG main            d.u.i.k.p.i.IntermediateProofReplayer Proof replay took 3.5ns 
840485     INFO  main            d.u.i.k.p.r.p.TestFile    ... finished proof: closed. 
841245     INFO  main            d.u.i.k.p.i.AbstractProblemLoader Loading environment from /home/runner/work/key/key/key.core/../key.ui/examples/heap/permissions/threads/Sampler_Sampler.key.proof 
841246     DEBUG main            d.u.i.k.p.i.AbstractProblemLoader Environment load took 108ns 
841248     INFO  main            d.u.i.k.p.i.AbstractProblemLoader Creating init config 
847097     DEBUG main            d.u.i.k.p.i.AbstractProblemLoader Init config took 5.85s 
847192     INFO  main            d.u.i.k.p.i.AbstractProblemLoader Replaying proof Sampler[Sampler::Sampler(Buffer)].JML normal_behavior operation contract.0 
847306     DEBUG main            d.u.i.k.p.i.IntermediateProofReplayer Proof replay took 110.29ms 
847307     DEBUG main            d.u.i.k.p.r.p.TestFile    ... success: reloaded. 
847308     INFO  main            d.u.i.k.p.r.p.TestFile    Now processing file /home/runner/work/key/key/key.core/../key.ui/examples/heap/permissions/threads/Sampler_startTransfer_accessible.key 
847308     INFO  main            d.u.i.k.p.i.AbstractProblemLoader Loading environment from /home/runner/work/key/key/key.core/../key.ui/examples/heap/permissions/threads/Sampler_startTransfer_accessible.key 
847308     DEBUG main            d.u.i.k.p.i.AbstractProblemLoader Environment load took 190.2ns 
847309     INFO  main            d.u.i.k.p.i.AbstractProblemLoader Creating init config 
853312     DEBUG main            d.u.i.k.p.i.AbstractProblemLoader Init config took 6s 
853427     INFO  main            d.u.i.k.p.i.AbstractProblemLoader Replaying proof Sampler[ThreadSpec2::startTransfer()].JML accessible clause.0 
853429     DEBUG main            d.u.i.k.p.i.IntermediateProofReplayer Proof replay took 3.6ns 
858911     INFO  main            d.u.i.k.p.r.p.TestFile    ... finished proof: closed. 
859654     INFO  main            d.u.i.k.p.i.AbstractProblemLoader Loading environment from /home/runner/work/key/key/key.core/../key.ui/examples/heap/permissions/threads/Sampler_startTransfer_accessible.key.proof 
859655     DEBUG main            d.u.i.k.p.i.AbstractProblemLoader Environment load took 89.1ns 
859660     INFO  main            d.u.i.k.p.i.AbstractProblemLoader Creating init config 
865521     DEBUG main            d.u.i.k.p.i.AbstractProblemLoader Init config took 5.86s 
865634     INFO  main            d.u.i.k.p.i.AbstractProblemLoader Replaying proof Sampler[ThreadSpec2::startTransfer()].JML accessible clause.0 
866381     DEBUG main            d.u.i.k.p.i.IntermediateProofReplayer Proof replay took 733.85ms 
866383     DEBUG main            d.u.i.k.p.r.p.TestFile    ... success: reloaded. 
866384     INFO  main            d.u.i.k.p.r.p.TestFile    Now processing file /home/runner/work/key/key/key.core/../key.ui/examples/heap/permissions/threads/Sampler_startTransfer_contract.key 
866384     INFO  main            d.u.i.k.p.i.AbstractProblemLoader Loading environment from /home/runner/work/key/key/key.core/../key.ui/examples/heap/permissions/threads/Sampler_startTransfer_contract.key 
866384     DEBUG main            d.u.i.k.p.i.AbstractProblemLoader Environment load took 76.5ns 
866385     INFO  main            d.u.i.k.p.i.AbstractProblemLoader Creating init config 
872413     DEBUG main            d.u.i.k.p.i.AbstractProblemLoader Init config took 6.03s 
872535     INFO  main            d.u.i.k.p.i.AbstractProblemLoader Replaying proof Sampler[ThreadSpec2::startTransfer()].JML model_behavior operation contract.0 
872537     DEBUG main            d.u.i.k.p.i.IntermediateProofReplayer Proof replay took 3.6ns 
872639     INFO  main            d.u.i.k.p.r.p.TestFile    ... finished proof: closed. 
873373     INFO  main            d.u.i.k.p.i.AbstractProblemLoader Loading environment from /home/runner/work/key/key/key.core/../key.ui/examples/heap/permissions/threads/Sampler_startTransfer_contract.key.proof 
873373     DEBUG main            d.u.i.k.p.i.AbstractProblemLoader Environment load took 98.5ns 
873374     INFO  main            d.u.i.k.p.i.AbstractProblemLoader Creating init config 
879333     DEBUG main            d.u.i.k.p.i.AbstractProblemLoader Init config took 5.96s 
879429     INFO  main            d.u.i.k.p.i.AbstractProblemLoader Replaying proof Sampler[ThreadSpec2::startTransfer()].JML model_behavior operation contract.0 
879439     DEBUG main            d.u.i.k.p.i.IntermediateProofReplayer Proof replay took 8.27ms 
879440     DEBUG main            d.u.i.k.p.r.p.TestFile    ... success: reloaded. 
879441     INFO  main            d.u.i.k.p.r.p.TestFile    Now processing file /home/runner/work/key/key/key.core/../key.ui/examples/heap/permissions/threads/Sampler_stateInv_accessible.key 
879442     INFO  main            d.u.i.k.p.i.AbstractProblemLoader Loading environment from /home/runner/work/key/key/key.core/../key.ui/examples/heap/permissions/threads/Sampler_stateInv_accessible.key 
879442     DEBUG main            d.u.i.k.p.i.AbstractProblemLoader Environment load took 75.1ns 
879442     INFO  main            d.u.i.k.p.i.AbstractProblemLoader Creating init config 
885331     DEBUG main            d.u.i.k.p.i.AbstractProblemLoader Init config took 5.89s 
885449     INFO  main            d.u.i.k.p.i.AbstractProblemLoader Replaying proof Sampler[ThreadSpec2::stateInv()].JML accessible clause.0 
885452     DEBUG main            d.u.i.k.p.i.IntermediateProofReplayer Proof replay took 3.4ns 
885554     INFO  main            d.u.i.k.p.r.p.TestFile    ... finished proof: closed. 
886323     INFO  main            d.u.i.k.p.i.AbstractProblemLoader Loading environment from /home/runner/work/key/key/key.core/../key.ui/examples/heap/permissions/threads/Sampler_stateInv_accessible.key.proof 
886324     DEBUG main            d.u.i.k.p.i.AbstractProblemLoader Environment load took 92.8ns 
886325     INFO  main            d.u.i.k.p.i.AbstractProblemLoader Creating init config 
892235     DEBUG main            d.u.i.k.p.i.AbstractProblemLoader Init config took 5.91s 
892358     INFO  main            d.u.i.k.p.i.AbstractProblemLoader Replaying proof Sampler[ThreadSpec2::stateInv()].JML accessible clause.0 
892368     DEBUG main            d.u.i.k.p.i.IntermediateProofReplayer Proof replay took 7.95ms 
892369     DEBUG main            d.u.i.k.p.r.p.TestFile    ... success: reloaded. 
892370     INFO  main            d.u.i.k.p.r.p.TestFile    Now processing file /home/runner/work/key/key/key.core/../key.ui/examples/heap/permissions/threads/Sampler_staticPermissions_accessible.key 
892371     INFO  main            d.u.i.k.p.i.AbstractProblemLoader Loading environment from /home/runner/work/key/key/key.core/../key.ui/examples/heap/permissions/threads/Sampler_staticPermissions_accessible.key 
892371     DEBUG main            d.u.i.k.p.i.AbstractProblemLoader Environment load took 142.1ns 
892372     INFO  main            d.u.i.k.p.i.AbstractProblemLoader Creating init config 
898355     DEBUG main            d.u.i.k.p.i.AbstractProblemLoader Init config took 5.98s 
898473     INFO  main            d.u.i.k.p.i.AbstractProblemLoader Replaying proof Sampler[ThreadSpec2::staticPermissions()].JML accessible clause.0 
898488     DEBUG main            d.u.i.k.p.i.IntermediateProofReplayer Proof replay took 3.7ns 
898595     INFO  main            d.u.i.k.p.r.p.TestFile    ... finished proof: closed. 
899353     INFO  main            d.u.i.k.p.i.AbstractProblemLoader Loading environment from /home/runner/work/key/key/key.core/../key.ui/examples/heap/permissions/threads/Sampler_staticPermissions_accessible.key.proof 
899353     DEBUG main            d.u.i.k.p.i.AbstractProblemLoader Environment load took 106.6ns 
899354     INFO  main            d.u.i.k.p.i.AbstractProblemLoader Creating init config 
905194     DEBUG main            d.u.i.k.p.i.AbstractProblemLoader Init config took 5.84s 
905315     INFO  main            d.u.i.k.p.i.AbstractProblemLoader Replaying proof Sampler[ThreadSpec2::staticPermissions()].JML accessible clause.0 
905322     DEBUG main            d.u.i.k.p.i.IntermediateProofReplayer Proof replay took 5.38ms 
905324     DEBUG main            d.u.i.k.p.r.p.TestFile    ... success: reloaded. 
905325     INFO  main            d.u.i.k.p.r.p.TestFile    Now processing file /home/runner/work/key/key/key.core/../key.ui/examples/heap/permissions/threads/Sampler_workingPermissions_accessible.key 
905325     INFO  main            d.u.i.k.p.i.AbstractProblemLoader Loading environment from /home/runner/work/key/key/key.core/../key.ui/examples/heap/permissions/threads/Sampler_workingPermissions_accessible.key 
905325     DEBUG main            d.u.i.k.p.i.AbstractProblemLoader Environment load took 138.6ns 
905326     INFO  main            d.u.i.k.p.i.AbstractProblemLoader Creating init config 
911329     DEBUG main            d.u.i.k.p.i.AbstractProblemLoader Init config took 6s 
911423     INFO  main            d.u.i.k.p.i.AbstractProblemLoader Replaying proof Sampler[ThreadSpec2::workingPermissions()].JML accessible clause.0 
911425     DEBUG main            d.u.i.k.p.i.IntermediateProofReplayer Proof replay took 3.5ns 
911527     INFO  main            d.u.i.k.p.r.p.TestFile    ... finished proof: closed. 
912279     INFO  main            d.u.i.k.p.i.AbstractProblemLoader Loading environment from /home/runner/work/key/key/key.core/../key.ui/examples/heap/permissions/threads/Sampler_workingPermissions_accessible.key.proof 
912279     DEBUG main            d.u.i.k.p.i.AbstractProblemLoader Environment load took 128ns 
912280     INFO  main            d.u.i.k.p.i.AbstractProblemLoader Creating init config 
918498     DEBUG main            d.u.i.k.p.i.AbstractProblemLoader Init config took 6.22s 
918607     INFO  main            d.u.i.k.p.i.AbstractProblemLoader Replaying proof Sampler[ThreadSpec2::workingPermissions()].JML accessible clause.0 
918617     DEBUG main            d.u.i.k.p.i.IntermediateProofReplayer Proof replay took 7.49ms 
918618     DEBUG main            d.u.i.k.p.r.p.TestFile    ... success: reloaded. 
918619     INFO  main            d.u.i.k.p.r.p.TestFile    Now processing file /home/runner/work/key/key/key.core/../key.ui/examples/heap/permissions/mulleretal/ReadWrite_doRead_contract.key 
918620     INFO  main            d.u.i.k.p.i.AbstractProblemLoader Loading environment from /home/runner/work/key/key/key.core/../key.ui/examples/heap/permissions/mulleretal/ReadWrite_doRead_contract.key 
918620     DEBUG main            d.u.i.k.p.i.AbstractProblemLoader Environment load took 181.9ns 
918621     INFO  main            d.u.i.k.p.i.AbstractProblemLoader Creating init config 
922481     DEBUG main            d.u.i.k.p.i.AbstractProblemLoader Init config took 3.86s 
922520     INFO  main            d.u.i.k.p.i.AbstractProblemLoader Replaying proof ReadWrite[ReadWrite::doRead()].JML normal_behavior operation contract.0 
922523     DEBUG main            d.u.i.k.p.i.IntermediateProofReplayer Proof replay took 3.4ns 
925005     INFO  main            d.u.i.k.p.r.p.TestFile    ... finished proof: closed. 
925868     INFO  main            d.u.i.k.p.i.AbstractProblemLoader Loading environment from /home/runner/work/key/key/key.core/../key.ui/examples/heap/permissions/mulleretal/ReadWrite_doRead_contract.key.proof 
925868     DEBUG main            d.u.i.k.p.i.AbstractProblemLoader Environment load took 372.41ns 
925870     INFO  main            d.u.i.k.p.i.AbstractProblemLoader Creating init config 
929607     DEBUG main            d.u.i.k.p.i.AbstractProblemLoader Init config took 3.74s 
929647     INFO  main            d.u.i.k.p.i.AbstractProblemLoader Replaying proof ReadWrite[ReadWrite::doRead()].JML normal_behavior operation contract.0 
930353     DEBUG main            d.u.i.k.p.i.IntermediateProofReplayer Proof replay took 697.03ms 
930354     DEBUG main            d.u.i.k.p.r.p.TestFile    ... success: reloaded. 
930355     INFO  main            d.u.i.k.p.r.p.TestFile    Now processing file /home/runner/work/key/key/key.core/../key.ui/examples/heap/permissions/mulleretal/ReadWrite_doWrite_contract.key 
930355     INFO  main            d.u.i.k.p.i.AbstractProblemLoader Loading environment from /home/runner/work/key/key/key.core/../key.ui/examples/heap/permissions/mulleretal/ReadWrite_doWrite_contract.key 
930355     DEBUG main            d.u.i.k.p.i.AbstractProblemLoader Environment load took 69.7ns 
930368     INFO  main            d.u.i.k.p.i.AbstractProblemLoader Creating init config 
933984     DEBUG main            d.u.i.k.p.i.AbstractProblemLoader Init config took 3.62s 
934027     INFO  main            d.u.i.k.p.i.AbstractProblemLoader Replaying proof ReadWrite[ReadWrite::doWrite()].JML normal_behavior operation contract.0 
934029     DEBUG main            d.u.i.k.p.i.IntermediateProofReplayer Proof replay took 4ns 
936336     INFO  main            d.u.i.k.p.r.p.TestFile    ... finished proof: closed. 
937159     INFO  main            d.u.i.k.p.i.AbstractProblemLoader Loading environment from /home/runner/work/key/key/key.core/../key.ui/examples/heap/permissions/mulleretal/ReadWrite_doWrite_contract.key.proof 
937159     DEBUG main            d.u.i.k.p.i.AbstractProblemLoader Environment load took 108.7ns 
937160     INFO  main            d.u.i.k.p.i.AbstractProblemLoader Creating init config 
940910     DEBUG main            d.u.i.k.p.i.AbstractProblemLoader Init config took 3.75s 
940957     INFO  main            d.u.i.k.p.i.AbstractProblemLoader Replaying proof ReadWrite[ReadWrite::doWrite()].JML normal_behavior operation contract.0 
941975     DEBUG main            d.u.i.k.p.i.IntermediateProofReplayer Proof replay took 1.01s 
941977     DEBUG main            d.u.i.k.p.r.p.TestFile    ... success: reloaded. 
941978     INFO  main            d.u.i.k.p.r.p.TestFile    Now processing file /home/runner/work/key/key/key.core/../key.ui/examples/heap/permissions/mulleretal/ReadWrite_read_contract.key 
941978     INFO  main            d.u.i.k.p.i.AbstractProblemLoader Loading environment from /home/runner/work/key/key/key.core/../key.ui/examples/heap/permissions/mulleretal/ReadWrite_read_contract.key 
941978     DEBUG main            d.u.i.k.p.i.AbstractProblemLoader Environment load took 175.7ns 
941979     INFO  main            d.u.i.k.p.i.AbstractProblemLoader Creating init config 
945575     DEBUG main            d.u.i.k.p.i.AbstractProblemLoader Init config took 3.6s 
945626     INFO  main            d.u.i.k.p.i.AbstractProblemLoader Replaying proof ReadWrite[ReadWrite::read()].JML normal_behavior operation contract.0 
945629     DEBUG main            d.u.i.k.p.i.IntermediateProofReplayer Proof replay took 3.3ns 
945731     INFO  main            d.u.i.k.p.r.p.TestFile    ... finished proof: closed. 
946495     INFO  main            d.u.i.k.p.i.AbstractProblemLoader Loading environment from /home/runner/work/key/key/key.core/../key.ui/examples/heap/permissions/mulleretal/ReadWrite_read_contract.key.proof 
946495     DEBUG main            d.u.i.k.p.i.AbstractProblemLoader Environment load took 91.8ns 
946496     INFO  main            d.u.i.k.p.i.AbstractProblemLoader Creating init config 
949878     DEBUG main            d.u.i.k.p.i.AbstractProblemLoader Init config took 3.38s 
949918     INFO  main            d.u.i.k.p.i.AbstractProblemLoader Replaying proof ReadWrite[ReadWrite::read()].JML normal_behavior operation contract.0 
949929     DEBUG main            d.u.i.k.p.i.IntermediateProofReplayer Proof replay took 9.57ms 
949930     DEBUG main            d.u.i.k.p.r.p.TestFile    ... success: reloaded. 
949931     INFO  main            d.u.i.k.p.r.p.TestFile    Now processing file /home/runner/work/key/key/key.core/../key.ui/examples/heap/permissions/mulleretal/ReadWrite_write_contract.key 
949932     INFO  main            d.u.i.k.p.i.AbstractProblemLoader Loading environment from /home/runner/work/key/key/key.core/../key.ui/examples/heap/permissions/mulleretal/ReadWrite_write_contract.key 
949932     DEBUG main            d.u.i.k.p.i.AbstractProblemLoader Environment load took 88.5ns 
949933     INFO  main            d.u.i.k.p.i.AbstractProblemLoader Creating init config 
953550     DEBUG main            d.u.i.k.p.i.AbstractProblemLoader Init config took 3.62s 
953594     INFO  main            d.u.i.k.p.i.AbstractProblemLoader Replaying proof ReadWrite[ReadWrite::write()].JML normal_behavior operation contract.0 
953601     DEBUG main            d.u.i.k.p.i.IntermediateProofReplayer Proof replay took 3.6ns 
953804     INFO  main            d.u.i.k.p.r.p.TestFile    ... finished proof: closed. 
954587     INFO  main            d.u.i.k.p.i.AbstractProblemLoader Loading environment from /home/runner/work/key/key/key.core/../key.ui/examples/heap/permissions/mulleretal/ReadWrite_write_contract.key.proof 
954587     DEBUG main            d.u.i.k.p.i.AbstractProblemLoader Environment load took 84.6ns 
954588     INFO  main            d.u.i.k.p.i.AbstractProblemLoader Creating init config 
958032     DEBUG main            d.u.i.k.p.i.AbstractProblemLoader Init config took 3.44s 
958072     INFO  main            d.u.i.k.p.i.AbstractProblemLoader Replaying proof ReadWrite[ReadWrite::write()].JML normal_behavior operation contract.0 
958108     DEBUG main            d.u.i.k.p.i.IntermediateProofReplayer Proof replay took 34.27ms 
958109     DEBUG main            d.u.i.k.p.r.p.TestFile    ... success: reloaded. 
958110     INFO  main            d.u.i.k.p.r.p.TestFile    Now processing file /home/runner/work/key/key/key.core/../key.ui/examples/heap/permissions/mulleretal/ReadWrite_inv1_accessible.key 
958110     INFO  main            d.u.i.k.p.i.AbstractProblemLoader Loading environment from /home/runner/work/key/key/key.core/../key.ui/examples/heap/permissions/mulleretal/ReadWrite_inv1_accessible.key 
958110     DEBUG main            d.u.i.k.p.i.AbstractProblemLoader Environment load took 104.3ns 
958111     INFO  main            d.u.i.k.p.i.AbstractProblemLoader Creating init config 
961701     DEBUG main            d.u.i.k.p.i.AbstractProblemLoader Init config took 3.59s 
961740     INFO  main            d.u.i.k.p.i.AbstractProblemLoader Replaying proof ReadWrite[java.lang.Object::<inv>()].JML accessible clause.0 
961742     DEBUG main            d.u.i.k.p.i.IntermediateProofReplayer Proof replay took 3.8ns 
961844     INFO  main            d.u.i.k.p.r.p.TestFile    ... finished proof: closed. 
962655     INFO  main            d.u.i.k.p.i.AbstractProblemLoader Loading environment from /home/runner/work/key/key/key.core/../key.ui/examples/heap/permissions/mulleretal/ReadWrite_inv1_accessible.key.proof 
962655     DEBUG main            d.u.i.k.p.i.AbstractProblemLoader Environment load took 89.4ns 
962656     INFO  main            d.u.i.k.p.i.AbstractProblemLoader Creating init config 
966060     DEBUG main            d.u.i.k.p.i.AbstractProblemLoader Init config took 3.4s 
966098     INFO  main            d.u.i.k.p.i.AbstractProblemLoader Replaying proof ReadWrite[java.lang.Object::<inv>()].JML accessible clause.0 
966102     DEBUG main            d.u.i.k.p.i.IntermediateProofReplayer Proof replay took 2.1ms 
966102     DEBUG main            d.u.i.k.p.r.p.TestFile    ... success: reloaded. 
966103     INFO  main            d.u.i.k.p.r.p.TestFile    Now processing file /home/runner/work/key/key/key.core/../key.ui/examples/heap/permissions/mulleretal/ReadWrite_inv2_accessible.key 
966103     INFO  main            d.u.i.k.p.i.AbstractProblemLoader Loading environment from /home/runner/work/key/key/key.core/../key.ui/examples/heap/permissions/mulleretal/ReadWrite_inv2_accessible.key 
966104     DEBUG main            d.u.i.k.p.i.AbstractProblemLoader Environment load took 141.9ns 
966104     INFO  main            d.u.i.k.p.i.AbstractProblemLoader Creating init config 
969617     DEBUG main            d.u.i.k.p.i.AbstractProblemLoader Init config took 3.51s 
969659     INFO  main            d.u.i.k.p.i.AbstractProblemLoader Replaying proof ReadWrite[java.lang.Object::<inv>()].JML accessible clause.1 
969661     DEBUG main            d.u.i.k.p.i.IntermediateProofReplayer Proof replay took 4ns 
969763     INFO  main            d.u.i.k.p.r.p.TestFile    ... finished proof: closed. 
970553     INFO  main            d.u.i.k.p.i.AbstractProblemLoader Loading environment from /home/runner/work/key/key/key.core/../key.ui/examples/heap/permissions/mulleretal/ReadWrite_inv2_accessible.key.proof 
970553     DEBUG main            d.u.i.k.p.i.AbstractProblemLoader Environment load took 96.3ns 
970554     INFO  main            d.u.i.k.p.i.AbstractProblemLoader Creating init config 
973935     DEBUG main            d.u.i.k.p.i.AbstractProblemLoader Init config took 3.38s 
973974     INFO  main            d.u.i.k.p.i.AbstractProblemLoader Replaying proof ReadWrite[java.lang.Object::<inv>()].JML accessible clause.1 
973978     DEBUG main            d.u.i.k.p.i.IntermediateProofReplayer Proof replay took 2.03ms 
973978     DEBUG main            d.u.i.k.p.r.p.TestFile    ... success: reloaded. 
973979     INFO  main            d.u.i.k.p.r.p.TestFile    Now processing file /home/runner/work/key/key/key.core/../key.ui/examples/heap/permissions/lockspec/Counter_lockConsistent_contract.key 
973980     INFO  main            d.u.i.k.p.i.AbstractProblemLoader Loading environment from /home/runner/work/key/key/key.core/../key.ui/examples/heap/permissions/lockspec/Counter_lockConsistent_contract.key 
973980     DEBUG main            d.u.i.k.p.i.AbstractProblemLoader Environment load took 57.9ns 
973981     INFO  main            d.u.i.k.p.i.AbstractProblemLoader Creating init config 
978443     DEBUG main            d.u.i.k.p.i.AbstractProblemLoader Init config took 4.46s 
978510     INFO  main            d.u.i.k.p.i.AbstractProblemLoader Replaying proof Counter[LockSpec::lockConsistent()].JML model_behavior operation contract.0 
978511     DEBUG main            d.u.i.k.p.i.IntermediateProofReplayer Proof replay took 3.2ns 
979918     INFO  main            d.u.i.k.p.r.p.TestFile    ... finished proof: closed. 
980783     INFO  main            d.u.i.k.p.i.AbstractProblemLoader Loading environment from /home/runner/work/key/key/key.core/../key.ui/examples/heap/permissions/lockspec/Counter_lockConsistent_contract.key.proof 
980783     DEBUG main            d.u.i.k.p.i.AbstractProblemLoader Environment load took 104.5ns 
980784     INFO  main            d.u.i.k.p.i.AbstractProblemLoader Creating init config 
984852     DEBUG main            d.u.i.k.p.i.AbstractProblemLoader Init config took 4.07s 
984976     INFO  main            d.u.i.k.p.i.AbstractProblemLoader Replaying proof Counter[LockSpec::lockConsistent()].JML model_behavior operation contract.0 
985335     DEBUG main            d.u.i.k.p.i.IntermediateProofReplayer Proof replay took 331.14ms 
985336     DEBUG main            d.u.i.k.p.r.p.TestFile    ... success: reloaded. 
985340     INFO  main            d.u.i.k.p.r.p.TestFile    Now processing file /home/runner/work/key/key/key.core/../key.ui/examples/heap/permissions/lockspec/Counter_increase_contract.key 
985340     INFO  main            d.u.i.k.p.i.AbstractProblemLoader Loading environment from /home/runner/work/key/key/key.core/../key.ui/examples/heap/permissions/lockspec/Counter_increase_contract.key 
985341     DEBUG main            d.u.i.k.p.i.AbstractProblemLoader Environment load took 238.31ns 
985341     INFO  main            d.u.i.k.p.i.AbstractProblemLoader Creating init config 
989608     DEBUG main            d.u.i.k.p.i.AbstractProblemLoader Init config took 4.27s 
989694     INFO  main            d.u.i.k.p.i.AbstractProblemLoader Replaying proof Counter[Counter::increase()].JML normal_behavior operation contract.0 
989701     DEBUG main            d.u.i.k.p.i.IntermediateProofReplayer Proof replay took 3.4ns 
991913     INFO  main            d.u.i.k.p.r.p.TestFile    ... finished proof: closed. 
992799     INFO  main            d.u.i.k.p.i.AbstractProblemLoader Loading environment from /home/runner/work/key/key/key.core/../key.ui/examples/heap/permissions/lockspec/Counter_increase_contract.key.proof 
992799     DEBUG main            d.u.i.k.p.i.AbstractProblemLoader Environment load took 423.71ns 
992801     INFO  main            d.u.i.k.p.i.AbstractProblemLoader Creating init config 
997088     DEBUG main            d.u.i.k.p.i.AbstractProblemLoader Init config took 4.29s 
997149     INFO  main            d.u.i.k.p.i.AbstractProblemLoader Replaying proof Counter[Counter::increase()].JML normal_behavior operation contract.0 
997622     DEBUG main            d.u.i.k.p.i.IntermediateProofReplayer Proof replay took 455.13ms 
997625     DEBUG main            d.u.i.k.p.r.p.TestFile    ... success: reloaded. 
997626     INFO  main            d.u.i.k.p.r.p.TestFile    Now processing file /home/runner/work/key/key/key.core/../key.ui/examples/heap/permissions/lockspec/Counter_fp_accessible.key 
997627     INFO  main            d.u.i.k.p.i.AbstractProblemLoader Loading environment from /home/runner/work/key/key/key.core/../key.ui/examples/heap/permissions/lockspec/Counter_fp_accessible.key 
997627     DEBUG main            d.u.i.k.p.i.AbstractProblemLoader Environment load took 181.41ns 
997628     INFO  main            d.u.i.k.p.i.AbstractProblemLoader Creating init config 
1001784    DEBUG main            d.u.i.k.p.i.AbstractProblemLoader Init config took 4.16s 
1001865    INFO  main            d.u.i.k.p.i.AbstractProblemLoader Replaying proof Counter[LockSpec::fp()].JML accessible clause.0 
1001868    DEBUG main            d.u.i.k.p.i.IntermediateProofReplayer Proof replay took 3.6ns 
1001971    INFO  main            d.u.i.k.p.r.p.TestFile    ... finished proof: closed. 
1002780    INFO  main            d.u.i.k.p.i.AbstractProblemLoader Loading environment from /home/runner/work/key/key/key.core/../key.ui/examples/heap/permissions/lockspec/Counter_fp_accessible.key.proof 
1002781    DEBUG main            d.u.i.k.p.i.AbstractProblemLoader Environment load took 105.3ns 
1002782    INFO  main            d.u.i.k.p.i.AbstractProblemLoader Creating init config 
1006879    DEBUG main            d.u.i.k.p.i.AbstractProblemLoader Init config took 4.1s 
1006954    INFO  main            d.u.i.k.p.i.AbstractProblemLoader Replaying proof Counter[LockSpec::fp()].JML accessible clause.0 
1006969    DEBUG main            d.u.i.k.p.i.IntermediateProofReplayer Proof replay took 13.04ms 
1006970    DEBUG main            d.u.i.k.p.r.p.TestFile    ... success: reloaded. 
1006971    INFO  main            d.u.i.k.p.r.p.TestFile    Now processing file /home/runner/work/key/key/key.core/../key.ui/examples/heap/permissions/lockspec/Counter_fpLock_accessible.key 
1006972    INFO  main            d.u.i.k.p.i.AbstractProblemLoader Loading environment from /home/runner/work/key/key/key.core/../key.ui/examples/heap/permissions/lockspec/Counter_fpLock_accessible.key 
1006972    DEBUG main            d.u.i.k.p.i.AbstractProblemLoader Environment load took 189.91ns 
1006973    INFO  main            d.u.i.k.p.i.AbstractProblemLoader Creating init config 
1011482    DEBUG main            d.u.i.k.p.i.AbstractProblemLoader Init config took 4.51s 
1011556    INFO  main            d.u.i.k.p.i.AbstractProblemLoader Replaying proof Counter[LockSpec::fpLock()].JML accessible clause.0 
1011567    DEBUG main            d.u.i.k.p.i.IntermediateProofReplayer Proof replay took 4.9ns 
1011673    INFO  main            d.u.i.k.p.r.p.TestFile    ... finished proof: closed. 
1012503    INFO  main            d.u.i.k.p.i.AbstractProblemLoader Loading environment from /home/runner/work/key/key/key.core/../key.ui/examples/heap/permissions/lockspec/Counter_fpLock_accessible.key.proof 
1012503    DEBUG main            d.u.i.k.p.i.AbstractProblemLoader Environment load took 104.2ns 
1012504    INFO  main            d.u.i.k.p.i.AbstractProblemLoader Creating init config 
1016523    DEBUG main            d.u.i.k.p.i.AbstractProblemLoader Init config took 4.02s 
1016599    INFO  main            d.u.i.k.p.i.AbstractProblemLoader Replaying proof Counter[LockSpec::fpLock()].JML accessible clause.0 
1016621    DEBUG main            d.u.i.k.p.i.IntermediateProofReplayer Proof replay took 20.03ms 
1016622    DEBUG main            d.u.i.k.p.r.p.TestFile    ... success: reloaded. 
1016623    INFO  main            d.u.i.k.p.r.p.TestFile    Now processing file /home/runner/work/key/key/key.core/../key.ui/examples/heap/permissions/lockspec/Counter_fpPerm_accessible.key 
1016624    INFO  main            d.u.i.k.p.i.AbstractProblemLoader Loading environment from /home/runner/work/key/key/key.core/../key.ui/examples/heap/permissions/lockspec/Counter_fpPerm_accessible.key 
1016624    DEBUG main            d.u.i.k.p.i.AbstractProblemLoader Environment load took 188.7ns 
1016625    INFO  main            d.u.i.k.p.i.AbstractProblemLoader Creating init config 
1020870    DEBUG main            d.u.i.k.p.i.AbstractProblemLoader Init config took 4.24s 
1020940    INFO  main            d.u.i.k.p.i.AbstractProblemLoader Replaying proof Counter[LockSpec::fpPerm()].JML accessible clause.0 
1020942    DEBUG main            d.u.i.k.p.i.IntermediateProofReplayer Proof replay took 21.6ns 
1021051    INFO  main            d.u.i.k.p.r.p.TestFile    ... finished proof: closed. 
1021869    INFO  main            d.u.i.k.p.i.AbstractProblemLoader Loading environment from /home/runner/work/key/key/key.core/../key.ui/examples/heap/permissions/lockspec/Counter_fpPerm_accessible.key.proof 
1021869    DEBUG main            d.u.i.k.p.i.AbstractProblemLoader Environment load took 94.8ns 
1021870    INFO  main            d.u.i.k.p.i.AbstractProblemLoader Creating init config 
1025946    DEBUG main            d.u.i.k.p.i.AbstractProblemLoader Init config took 4.08s 
1026014    INFO  main            d.u.i.k.p.i.AbstractProblemLoader Replaying proof Counter[LockSpec::fpPerm()].JML accessible clause.0 
1026028    DEBUG main            d.u.i.k.p.i.IntermediateProofReplayer Proof replay took 11.06ms 
1026030    DEBUG main            d.u.i.k.p.r.p.TestFile    ... success: reloaded. 
1026031    INFO  main            d.u.i.k.p.r.p.TestFile    Now processing file /home/runner/work/key/key/key.core/../key.ui/examples/heap/permissions/lockspec/Counter_inv_accessible1.key 
1026031    INFO  main            d.u.i.k.p.i.AbstractProblemLoader Loading environment from /home/runner/work/key/key/key.core/../key.ui/examples/heap/permissions/lockspec/Counter_inv_accessible1.key 
1026032    DEBUG main            d.u.i.k.p.i.AbstractProblemLoader Environment load took 204.2ns 
1026033    INFO  main            d.u.i.k.p.i.AbstractProblemLoader Creating init config 
1030357    DEBUG main            d.u.i.k.p.i.AbstractProblemLoader Init config took 4.32s 
1030446    INFO  main            d.u.i.k.p.i.AbstractProblemLoader Replaying proof Counter[java.lang.Object::<inv>()].JML accessible clause.0 
1030447    DEBUG main            d.u.i.k.p.i.IntermediateProofReplayer Proof replay took 3.7ns 
1030549    INFO  main            d.u.i.k.p.r.p.TestFile    ... finished proof: closed. 
1031422    INFO  main            d.u.i.k.p.i.AbstractProblemLoader Loading environment from /home/runner/work/key/key/key.core/../key.ui/examples/heap/permissions/lockspec/Counter_inv_accessible1.key.proof 
1031422    DEBUG main            d.u.i.k.p.i.AbstractProblemLoader Environment load took 101.9ns 
1031423    INFO  main            d.u.i.k.p.i.AbstractProblemLoader Creating init config 
1035537    DEBUG main            d.u.i.k.p.i.AbstractProblemLoader Init config took 4.11s 
1035621    INFO  main            d.u.i.k.p.i.AbstractProblemLoader Replaying proof Counter[java.lang.Object::<inv>()].JML accessible clause.0 
1035637    DEBUG main            d.u.i.k.p.i.IntermediateProofReplayer Proof replay took 13.35ms 
1035638    DEBUG main            d.u.i.k.p.r.p.TestFile    ... success: reloaded. 
1035638    INFO  main            d.u.i.k.p.r.p.TestFile    Now processing file /home/runner/work/key/key/key.core/../key.ui/examples/heap/permissions/lockspec/Counter_inv_accessible2.key 
1035639    INFO  main            d.u.i.k.p.i.AbstractProblemLoader Loading environment from /home/runner/work/key/key/key.core/../key.ui/examples/heap/permissions/lockspec/Counter_inv_accessible2.key 
1035639    DEBUG main            d.u.i.k.p.i.AbstractProblemLoader Environment load took 134.2ns 
1035640    INFO  main            d.u.i.k.p.i.AbstractProblemLoader Creating init config 
1039713    DEBUG main            d.u.i.k.p.i.AbstractProblemLoader Init config took 4.07s 
1039779    INFO  main            d.u.i.k.p.i.AbstractProblemLoader Replaying proof Counter[java.lang.Object::<inv>()].JML accessible clause.1 
1039781    DEBUG main            d.u.i.k.p.i.IntermediateProofReplayer Proof replay took 3.6ns 
1039883    INFO  main            d.u.i.k.p.r.p.TestFile    ... finished proof: closed. 
1040758    INFO  main            d.u.i.k.p.i.AbstractProblemLoader Loading environment from /home/runner/work/key/key/key.core/../key.ui/examples/heap/permissions/lockspec/Counter_inv_accessible2.key.proof 
1040758    DEBUG main            d.u.i.k.p.i.AbstractProblemLoader Environment load took 85.8ns 
1040759    INFO  main            d.u.i.k.p.i.AbstractProblemLoader Creating init config 
1044723    DEBUG main            d.u.i.k.p.i.AbstractProblemLoader Init config took 3.96s 
1044791    INFO  main            d.u.i.k.p.i.AbstractProblemLoader Replaying proof Counter[java.lang.Object::<inv>()].JML accessible clause.1 
1044808    DEBUG main            d.u.i.k.p.i.IntermediateProofReplayer Proof replay took 14.66ms 
1044809    DEBUG main            d.u.i.k.p.r.p.TestFile    ... success: reloaded. 
1044809    INFO  main            d.u.i.k.p.r.p.TestFile    Now processing file /home/runner/work/key/key/key.core/../key.ui/examples/heap/permissions/lockspec/Counter_lockRef_accessible.key 
1044810    INFO  main            d.u.i.k.p.i.AbstractProblemLoader Loading environment from /home/runner/work/key/key/key.core/../key.ui/examples/heap/permissions/lockspec/Counter_lockRef_accessible.key 
1044810    DEBUG main            d.u.i.k.p.i.AbstractProblemLoader Environment load took 174.2ns 
1044811    INFO  main            d.u.i.k.p.i.AbstractProblemLoader Creating init config 
1049019    DEBUG main            d.u.i.k.p.i.AbstractProblemLoader Init config took 4.21s 
1049084    INFO  main            d.u.i.k.p.i.AbstractProblemLoader Replaying proof Counter[LockSpec::lockRef()].JML accessible clause.0 
1049086    DEBUG main            d.u.i.k.p.i.IntermediateProofReplayer Proof replay took 16.5ns 
1049389    INFO  main            d.u.i.k.p.r.p.TestFile    ... finished proof: closed. 
1050248    INFO  main            d.u.i.k.p.i.AbstractProblemLoader Loading environment from /home/runner/work/key/key/key.core/../key.ui/examples/heap/permissions/lockspec/Counter_lockRef_accessible.key.proof 
1050249    DEBUG main            d.u.i.k.p.i.AbstractProblemLoader Environment load took 86.5ns 
1050250    INFO  main            d.u.i.k.p.i.AbstractProblemLoader Creating init config 
1054330    DEBUG main            d.u.i.k.p.i.AbstractProblemLoader Init config took 4.08s 
1054396    INFO  main            d.u.i.k.p.i.AbstractProblemLoader Replaying proof Counter[LockSpec::lockRef()].JML accessible clause.0 
1054443    DEBUG main            d.u.i.k.p.i.IntermediateProofReplayer Proof replay took 43.56ms 
1054444    DEBUG main            d.u.i.k.p.r.p.TestFile    ... success: reloaded. 
1054445    INFO  main            d.u.i.k.p.r.p.TestFile    Now processing file /home/runner/work/key/key/key.core/../key.ui/examples/heap/permissions/lockspec/Counter_lockRef_contract1.key 
1054446    INFO  main            d.u.i.k.p.i.AbstractProblemLoader Loading environment from /home/runner/work/key/key/key.core/../key.ui/examples/heap/permissions/lockspec/Counter_lockRef_contract1.key 
1054447    DEBUG main            d.u.i.k.p.i.AbstractProblemLoader Environment load took 223.61ns 
1054448    INFO  main            d.u.i.k.p.i.AbstractProblemLoader Creating init config 
1058584    DEBUG main            d.u.i.k.p.i.AbstractProblemLoader Init config took 4.14s 
1058655    INFO  main            d.u.i.k.p.i.AbstractProblemLoader Replaying proof Counter[LockSpec::lockRef()].JML model_behavior operation contract.0 
1058657    DEBUG main            d.u.i.k.p.i.IntermediateProofReplayer Proof replay took 4.6ns 
1058759    INFO  main            d.u.i.k.p.r.p.TestFile    ... finished proof: closed. 
1059636    INFO  main            d.u.i.k.p.i.AbstractProblemLoader Loading environment from /home/runner/work/key/key/key.core/../key.ui/examples/heap/permissions/lockspec/Counter_lockRef_contract1.key.proof 
1059636    DEBUG main            d.u.i.k.p.i.AbstractProblemLoader Environment load took 79ns 
1059637    INFO  main            d.u.i.k.p.i.AbstractProblemLoader Creating init config 
1063601    DEBUG main            d.u.i.k.p.i.AbstractProblemLoader Init config took 3.96s 
1063672    INFO  main            d.u.i.k.p.i.AbstractProblemLoader Replaying proof Counter[LockSpec::lockRef()].JML model_behavior operation contract.0 
1063680    DEBUG main            d.u.i.k.p.i.IntermediateProofReplayer Proof replay took 5.37ms 
1063681    DEBUG main            d.u.i.k.p.r.p.TestFile    ... success: reloaded. 
1063682    INFO  main            d.u.i.k.p.r.p.TestFile    Now processing file /home/runner/work/key/key/key.core/../key.ui/examples/heap/permissions/lockspec/Counter_lockRef_contract2.key 
1063682    INFO  main            d.u.i.k.p.i.AbstractProblemLoader Loading environment from /home/runner/work/key/key/key.core/../key.ui/examples/heap/permissions/lockspec/Counter_lockRef_contract2.key 
1063682    DEBUG main            d.u.i.k.p.i.AbstractProblemLoader Environment load took 181.3ns 
1063683    INFO  main            d.u.i.k.p.i.AbstractProblemLoader Creating init config 
1067925    DEBUG main            d.u.i.k.p.i.AbstractProblemLoader Init config took 4.24s 
1068009    INFO  main            d.u.i.k.p.i.AbstractProblemLoader Replaying proof Counter[Counter::lockRef()].JML model_behavior operation contract.0 
1068011    DEBUG main            d.u.i.k.p.i.IntermediateProofReplayer Proof replay took 3.7ns 
1068116    INFO  main            d.u.i.k.p.r.p.TestFile    ... finished proof: closed. 
1068963    INFO  main            d.u.i.k.p.i.AbstractProblemLoader Loading environment from /home/runner/work/key/key/key.core/../key.ui/examples/heap/permissions/lockspec/Counter_lockRef_contract2.key.proof 
1068963    DEBUG main            d.u.i.k.p.i.AbstractProblemLoader Environment load took 129.1ns 
1068964    INFO  main            d.u.i.k.p.i.AbstractProblemLoader Creating init config 
1072978    DEBUG main            d.u.i.k.p.i.AbstractProblemLoader Init config took 4.01s 
1073053    INFO  main            d.u.i.k.p.i.AbstractProblemLoader Replaying proof Counter[Counter::lockRef()].JML model_behavior operation contract.0 
1073061    DEBUG main            d.u.i.k.p.i.IntermediateProofReplayer Proof replay took 5.85ms 
1073062    DEBUG main            d.u.i.k.p.r.p.TestFile    ... success: reloaded. 
1073063    INFO  main            d.u.i.k.p.r.p.TestFile    Now processing file /home/runner/work/key/key/key.core/../key.ui/examples/heap/permissions/lockspec/Counter_lockState_accessible.key 
1073064    INFO  main            d.u.i.k.p.i.AbstractProblemLoader Loading environment from /home/runner/work/key/key/key.core/../key.ui/examples/heap/permissions/lockspec/Counter_lockState_accessible.key 
1073064    DEBUG main            d.u.i.k.p.i.AbstractProblemLoader Environment load took 187.41ns 
1073065    INFO  main            d.u.i.k.p.i.AbstractProblemLoader Creating init config 
1077138    DEBUG main            d.u.i.k.p.i.AbstractProblemLoader Init config took 4.07s 
1077218    INFO  main            d.u.i.k.p.i.AbstractProblemLoader Replaying proof Counter[LockSpec::lockState(boolean)].JML accessible clause.0 
1077221    DEBUG main            d.u.i.k.p.i.IntermediateProofReplayer Proof replay took 3.5ns 
1077624    INFO  main            d.u.i.k.p.r.p.TestFile    ... finished proof: closed. 
1078512    INFO  main            d.u.i.k.p.i.AbstractProblemLoader Loading environment from /home/runner/work/key/key/key.core/../key.ui/examples/heap/permissions/lockspec/Counter_lockState_accessible.key.proof 
1078513    DEBUG main            d.u.i.k.p.i.AbstractProblemLoader Environment load took 115.5ns 
1078514    INFO  main            d.u.i.k.p.i.AbstractProblemLoader Creating init config 
1082796    DEBUG main            d.u.i.k.p.i.AbstractProblemLoader Init config took 4.28s 
1082872    INFO  main            d.u.i.k.p.i.AbstractProblemLoader Replaying proof Counter[LockSpec::lockState(boolean)].JML accessible clause.0 
1082960    DEBUG main            d.u.i.k.p.i.IntermediateProofReplayer Proof replay took 83.43ms 
1082961    DEBUG main            d.u.i.k.p.r.p.TestFile    ... success: reloaded. 
1082962    INFO  main            d.u.i.k.p.r.p.TestFile    Now processing file /home/runner/work/key/key/key.core/../key.ui/examples/heap/permissions/lockspec/Counter_lockStatus_accessible.key 
1082965    INFO  main            d.u.i.k.p.i.AbstractProblemLoader Loading environment from /home/runner/work/key/key/key.core/../key.ui/examples/heap/permissions/lockspec/Counter_lockStatus_accessible.key 
1082965    DEBUG main            d.u.i.k.p.i.AbstractProblemLoader Environment load took 204.71ns 
1082966    INFO  main            d.u.i.k.p.i.AbstractProblemLoader Creating init config 
1087042    DEBUG main            d.u.i.k.p.i.AbstractProblemLoader Init config took 4.08s 
1087110    INFO  main            d.u.i.k.p.i.AbstractProblemLoader Replaying proof Counter[LockSpec::lockStatus(boolean)].JML accessible clause.0 
1087113    DEBUG main            d.u.i.k.p.i.IntermediateProofReplayer Proof replay took 3.8ns 
1087315    INFO  main            d.u.i.k.p.r.p.TestFile    ... finished proof: closed. 
1088201    INFO  main            d.u.i.k.p.i.AbstractProblemLoader Loading environment from /home/runner/work/key/key/key.core/../key.ui/examples/heap/permissions/lockspec/Counter_lockStatus_accessible.key.proof 
1088201    DEBUG main            d.u.i.k.p.i.AbstractProblemLoader Environment load took 80.6ns 
1088202    INFO  main            d.u.i.k.p.i.AbstractProblemLoader Creating init config 
1092262    DEBUG main            d.u.i.k.p.i.AbstractProblemLoader Init config took 4.06s 
1092343    INFO  main            d.u.i.k.p.i.AbstractProblemLoader Replaying proof Counter[LockSpec::lockStatus(boolean)].JML accessible clause.0 
1092373    DEBUG main            d.u.i.k.p.i.IntermediateProofReplayer Proof replay took 27.43ms 
1092374    DEBUG main            d.u.i.k.p.r.p.TestFile    ... success: reloaded. 
1092375    INFO  main            d.u.i.k.p.r.p.TestFile    Now processing file /home/runner/work/key/key/key.core/../key.ui/examples/heap/permissions/lockspec/Counter_lockTransfer_accessible.key 
1092375    INFO  main            d.u.i.k.p.i.AbstractProblemLoader Loading environment from /home/runner/work/key/key/key.core/../key.ui/examples/heap/permissions/lockspec/Counter_lockTransfer_accessible.key 
1092376    DEBUG main            d.u.i.k.p.i.AbstractProblemLoader Environment load took 259.81ns 
1092377    INFO  main            d.u.i.k.p.i.AbstractProblemLoader Creating init config 
1096696    DEBUG main            d.u.i.k.p.i.AbstractProblemLoader Init config took 4.32s 
1096764    INFO  main            d.u.i.k.p.i.AbstractProblemLoader Replaying proof Counter[LockSpec::lockTransfer()].JML accessible clause.0 
1096766    DEBUG main            d.u.i.k.p.i.IntermediateProofReplayer Proof replay took 3.7ns 
1097169    INFO  main            d.u.i.k.p.r.p.TestFile    ... finished proof: closed. 
1098096    INFO  main            d.u.i.k.p.i.AbstractProblemLoader Loading environment from /home/runner/work/key/key/key.core/../key.ui/examples/heap/permissions/lockspec/Counter_lockTransfer_accessible.key.proof 
1098096    DEBUG main            d.u.i.k.p.i.AbstractProblemLoader Environment load took 86.2ns 
1098097    INFO  main            d.u.i.k.p.i.AbstractProblemLoader Creating init config 
1102287    DEBUG main            d.u.i.k.p.i.AbstractProblemLoader Init config took 4.19s 
1102379    INFO  main            d.u.i.k.p.i.AbstractProblemLoader Replaying proof Counter[LockSpec::lockTransfer()].JML accessible clause.0 
1102454    DEBUG main            d.u.i.k.p.i.IntermediateProofReplayer Proof replay took 72.23ms 
1102455    DEBUG main            d.u.i.k.p.r.p.TestFile    ... success: reloaded. 
1102456    INFO  main            d.u.i.k.p.r.p.TestFile    Now processing file /home/runner/work/key/key/key.core/../key.ui/examples/heap/permissions/lockspec/Counter_unlockTransfer_accessible.key 
1102457    INFO  main            d.u.i.k.p.i.AbstractProblemLoader Loading environment from /home/runner/work/key/key/key.core/../key.ui/examples/heap/permissions/lockspec/Counter_unlockTransfer_accessible.key 
1102457    DEBUG main            d.u.i.k.p.i.AbstractProblemLoader Environment load took 201.8ns 
1102459    INFO  main            d.u.i.k.p.i.AbstractProblemLoader Creating init config 
1106634    DEBUG main            d.u.i.k.p.i.AbstractProblemLoader Init config took 4.17s 
1106734    INFO  main            d.u.i.k.p.i.AbstractProblemLoader Replaying proof Counter[LockSpec::unlockTransfer()].JML accessible clause.0 
1106737    DEBUG main            d.u.i.k.p.i.IntermediateProofReplayer Proof replay took 3.2ns 
1107140    INFO  main            d.u.i.k.p.r.p.TestFile    ... finished proof: closed. 
1108138    INFO  main            d.u.i.k.p.i.AbstractProblemLoader Loading environment from /home/runner/work/key/key/key.core/../key.ui/examples/heap/permissions/lockspec/Counter_unlockTransfer_accessible.key.proof 
1108138    DEBUG main            d.u.i.k.p.i.AbstractProblemLoader Environment load took 120.6ns 
1108140    INFO  main            d.u.i.k.p.i.AbstractProblemLoader Creating init config 
1112265    DEBUG main            d.u.i.k.p.i.AbstractProblemLoader Init config took 4.13s 
1112346    INFO  main            d.u.i.k.p.i.AbstractProblemLoader Replaying proof Counter[LockSpec::unlockTransfer()].JML accessible clause.0 
1112448    DEBUG main            d.u.i.k.p.i.IntermediateProofReplayer Proof replay took 93.82ms 
1112450    DEBUG main            d.u.i.k.p.r.p.TestFile    ... success: reloaded. 
1112451    INFO  main            d.u.i.k.p.r.p.TestFile    Now processing file /home/runner/work/key/key/key.core/../key.ui/examples/heap/permissions/threads/Plotter_startTransfer_contract.proof 
1112451    INFO  main            d.u.i.k.p.i.AbstractProblemLoader Loading environment from /home/runner/work/key/key/key.core/../key.ui/examples/heap/permissions/threads/Plotter_startTransfer_contract.proof 
1112451    DEBUG main            d.u.i.k.p.i.AbstractProblemLoader Environment load took 226.4ns 
1112453    INFO  main            d.u.i.k.p.i.AbstractProblemLoader Creating init config 
1118930    DEBUG main            d.u.i.k.p.i.AbstractProblemLoader Init config took 6.48s 
1119086    INFO  main            d.u.i.k.p.i.AbstractProblemLoader Replaying proof Plotter[ThreadSpec2::startTransfer()].JML model_behavior operation contract.0 
1119329    DEBUG main            d.u.i.k.p.i.IntermediateProofReplayer Proof replay took 230.97ms 
1119330    INFO  main            d.u.i.k.p.r.p.TestFile    ... success: loaded 
1119331    INFO  main            d.u.i.k.p.r.p.TestFile    Now processing file /home/runner/work/key/key/key.core/../key.ui/examples/heap/permissions/threads/Plotter_startTransfer_accessible.proof 
1119331    INFO  main            d.u.i.k.p.i.AbstractProblemLoader Loading environment from /home/runner/work/key/key/key.core/../key.ui/examples/heap/permissions/threads/Plotter_startTransfer_accessible.proof 
1119331    DEBUG main            d.u.i.k.p.i.AbstractProblemLoader Environment load took 65.7ns 
1119332    INFO  main            d.u.i.k.p.i.AbstractProblemLoader Creating init config 
1126036    DEBUG main            d.u.i.k.p.i.AbstractProblemLoader Init config took 6.7s 
1126158    INFO  main            d.u.i.k.p.i.AbstractProblemLoader Replaying proof Plotter[ThreadSpec2::startTransfer()].JML accessible clause.0 
1126284    DEBUG main            d.u.i.k.p.i.IntermediateProofReplayer Proof replay took 120.71ms 
1126284    INFO  main            d.u.i.k.p.r.p.TestFile    ... success: loaded 
1126286    INFO  main            d.u.i.k.p.r.p.TestFile    Now processing file /home/runner/work/key/key/key.core/../key.ui/examples/heap/permissions/threads/Plotter_joinTransfer_accessible.proof 
1126287    INFO  main            d.u.i.k.p.i.AbstractProblemLoader Loading environment from /home/runner/work/key/key/key.core/../key.ui/examples/heap/permissions/threads/Plotter_joinTransfer_accessible.proof 
1126287    DEBUG main            d.u.i.k.p.i.AbstractProblemLoader Environment load took 177ns 
1126288    INFO  main            d.u.i.k.p.i.AbstractProblemLoader Creating init config 
1132756    DEBUG main            d.u.i.k.p.i.AbstractProblemLoader Init config took 6.47s 
1132865    INFO  main            d.u.i.k.p.i.AbstractProblemLoader Replaying proof Plotter[ThreadSpec2::joinTransfer()].JML accessible clause.0 
1132881    WARN  main            d.u.i.k.p.i.IntermediateProofReplayer Proof contains wrong number of \assumes instatiations for Definition_axiom_for_stateInv_in_Plotter 
1132884    WARN  main            d.u.i.k.p.i.IntermediateProofReplayer Proof contains wrong number of \assumes instatiations for Definition_axiom_for_stateInv_in_Plotter 
1132886    WARN  main            d.u.i.k.p.i.IntermediateProofReplayer Proof contains wrong number of \assumes instatiations for Definition_axiom_for_workingPermissions_in_Plotter 
1132887    WARN  main            d.u.i.k.p.i.IntermediateProofReplayer Proof contains wrong number of \assumes instatiations for Definition_axiom_for_staticPermissions_in_Plotter 
1132888    WARN  main            d.u.i.k.p.i.IntermediateProofReplayer Proof contains wrong number of \assumes instatiations for Definition_axiom_for_joinTransfer_in_Plotter 
1132890    WARN  main            d.u.i.k.p.i.IntermediateProofReplayer Proof contains wrong number of \assumes instatiations for Definition_axiom_for_stateInv_in_BFilter 
1132897    WARN  main            d.u.i.k.p.i.IntermediateProofReplayer Proof contains wrong number of \assumes instatiations for Definition_axiom_for_stateInv_in_AFilter 
1132900    WARN  main            d.u.i.k.p.i.IntermediateProofReplayer Proof contains wrong number of \assumes instatiations for Definition_axiom_for_stateInv_in_BFilter 
1132902    WARN  main            d.u.i.k.p.i.IntermediateProofReplayer Proof contains wrong number of \assumes instatiations for Definition_axiom_for_stateInv_in_AFilter 
1132904    WARN  main            d.u.i.k.p.i.IntermediateProofReplayer Proof contains wrong number of \assumes instatiations for Definition_axiom_for_staticPermissions_in_AFilter 
1132905    WARN  main            d.u.i.k.p.i.IntermediateProofReplayer Proof contains wrong number of \assumes instatiations for Definition_axiom_for_staticPermissions_in_Plotter 
1132906    WARN  main            d.u.i.k.p.i.IntermediateProofReplayer Proof contains wrong number of \assumes instatiations for Definition_axiom_for_staticPermissions_in_BFilter 
1132908    WARN  main            d.u.i.k.p.i.IntermediateProofReplayer Proof contains wrong number of \assumes instatiations for Definition_axiom_for_workingPermissions_in_Plotter 
1132909    WARN  main            d.u.i.k.p.i.IntermediateProofReplayer Proof contains wrong number of \assumes instatiations for Definition_axiom_for_stateInv_in_Sampler 
1132910    WARN  main            d.u.i.k.p.i.IntermediateProofReplayer Proof contains wrong number of \assumes instatiations for Definition_axiom_for_stateInv_in_Sampler 
1132912    WARN  main            d.u.i.k.p.i.IntermediateProofReplayer Proof contains wrong number of \assumes instatiations for Definition_axiom_for_staticPermissions_in_Sampler 
1132912    WARN  main            d.u.i.k.p.i.IntermediateProofReplayer Proof contains wrong number of \assumes instatiations for Definition_axiom_for_staticPermissions_in_BFilter 
1132914    WARN  main            d.u.i.k.p.i.IntermediateProofReplayer Proof contains wrong number of \assumes instatiations for Definition_axiom_for_staticPermissions_in_AFilter 
1132915    WARN  main            d.u.i.k.p.i.IntermediateProofReplayer Proof contains wrong number of \assumes instatiations for Definition_axiom_for_staticPermissions_in_Sampler 
1132916    WARN  main            d.u.i.k.p.i.IntermediateProofReplayer Proof contains wrong number of \assumes instatiations for Definition_axiom_for_staticPermissions_in_Sampler 
1132919    WARN  main            d.u.i.k.p.i.IntermediateProofReplayer Proof contains wrong number of \assumes instatiations for Definition_axiom_for_staticPermissions_in_Sampler 
1132920    WARN  main            d.u.i.k.p.i.IntermediateProofReplayer Proof contains wrong number of \assumes instatiations for Definition_axiom_for_joinTransfer_in_Plotter 
1133037    DEBUG main            d.u.i.k.p.i.IntermediateProofReplayer Proof replay took 160.97ms 
1133038    INFO  main            d.u.i.k.p.r.p.TestFile    ... success: loaded 
6644028    INFO  Test worker     d.u.i.k.p.r.RunAllProofsTestUnit Returning from test permissionHeap 
6644030    INFO  Test worker     d.u.i.k.p.r.RunAllProofsTestUnit Running test completionScopes 
501        INFO  Timeout watchdog d.u.i.k.p.r.p.ForkedTestFileRunner Timeout watcher launched (2000 secs.) 
510        WARN  main            d.u.i.k.s.ProofSettings   The settings in /home/runner/.key/proof-settings.props are *not* read. 
546        INFO  main            d.u.i.k.p.r.p.TestFile    Now processing file /home/runner/work/key/key/key.core/../key.ui/examples/completionscopes/testCcatchReturnVal.key 
689        INFO  main            d.u.i.k.p.i.AbstractProblemLoader Loading environment from /home/runner/work/key/key/key.core/../key.ui/examples/completionscopes/testCcatchReturnVal.key 
710        DEBUG main            d.u.i.k.p.i.AbstractProblemLoader Environment load took 2.43ms 
1006       INFO  main            d.u.i.k.p.i.AbstractProblemLoader Creating init config 
2393       DEBUG main            d.u.i.k.j.TypeConverter   No LDT found for Meta 
2393       DEBUG main            d.u.i.k.j.TypeConverter   No LDT found for Meta 
2395       DEBUG main            d.u.i.k.j.TypeConverter   No LDT found for Meta 
2397       DEBUG main            d.u.i.k.j.TypeConverter   No LDT found for Meta 
4121       DEBUG main            d.u.i.k.j.TypeConverter   No LDT found for JavaBigintExpression 
11008      DEBUG main            d.u.i.k.p.i.AbstractProblemLoader Init config took 10s 
11170      INFO  main            d.u.i.k.p.i.AbstractProblemLoader Replaying proof CompletionScopes[CompletionScopes::testCcatchReturnVal()].JML normal_behavior operation contract.0 
11217      DEBUG main            d.u.i.k.p.i.IntermediateProofReplayer Proof replay took 40.5ns 
11976      INFO  main            d.u.i.k.p.r.p.TestFile    ... finished proof: closed. 
12110      INFO  main            d.u.i.k.p.i.AbstractProblemLoader Loading environment from /home/runner/work/key/key/key.core/../key.ui/examples/completionscopes/testCcatchReturnVal.key.proof 
12110      DEBUG main            d.u.i.k.p.i.AbstractProblemLoader Environment load took 443.51ns 
12114      INFO  main            d.u.i.k.p.i.AbstractProblemLoader Creating init config 
15919      DEBUG main            d.u.i.k.p.i.AbstractProblemLoader Init config took 3.81s 
16003      INFO  main            d.u.i.k.p.i.AbstractProblemLoader Replaying proof CompletionScopes[CompletionScopes::testCcatchReturnVal()].JML normal_behavior operation contract.0 
16076      DEBUG main            d.u.i.k.p.i.IntermediateProofReplayer Proof replay took 67.74ms 
16099      DEBUG main            d.u.i.k.p.r.p.TestFile    ... success: reloaded. 
16101      INFO  main            d.u.i.k.p.r.p.TestFile    Now processing file /home/runner/work/key/key/key.core/../key.ui/examples/completionscopes/testMultCcatchClauses.key 
16101      INFO  main            d.u.i.k.p.i.AbstractProblemLoader Loading environment from /home/runner/work/key/key/key.core/../key.ui/examples/completionscopes/testMultCcatchClauses.key 
16101      DEBUG main            d.u.i.k.p.i.AbstractProblemLoader Environment load took 243.1ns 
16105      INFO  main            d.u.i.k.p.i.AbstractProblemLoader Creating init config 
19821      DEBUG main            d.u.i.k.p.i.AbstractProblemLoader Init config took 3.72s 
19928      INFO  main            d.u.i.k.p.i.AbstractProblemLoader Replaying proof CompletionScopes[CompletionScopes::testMultCcatchClauses()].JML normal_behavior operation contract.0 
19934      DEBUG main            d.u.i.k.p.i.IntermediateProofReplayer Proof replay took 7.8ns 
20544      INFO  main            d.u.i.k.p.r.p.TestFile    ... finished proof: closed. 
20720      INFO  main            d.u.i.k.p.i.AbstractProblemLoader Loading environment from /home/runner/work/key/key/key.core/../key.ui/examples/completionscopes/testMultCcatchClauses.key.proof 
20722      DEBUG main            d.u.i.k.p.i.AbstractProblemLoader Environment load took 2.25ms 
20724      INFO  main            d.u.i.k.p.i.AbstractProblemLoader Creating init config 
24326      DEBUG main            d.u.i.k.p.i.AbstractProblemLoader Init config took 3.6s 
24393      INFO  main            d.u.i.k.p.i.AbstractProblemLoader Replaying proof CompletionScopes[CompletionScopes::testMultCcatchClauses()].JML normal_behavior operation contract.0 
24531      DEBUG main            d.u.i.k.p.i.IntermediateProofReplayer Proof replay took 133.1ms 
24533      DEBUG main            d.u.i.k.p.r.p.TestFile    ... success: reloaded. 
24536      INFO  main            d.u.i.k.p.r.p.TestFile    Now processing file /home/runner/work/key/key/key.core/../key.ui/examples/completionscopes/testNestedExec.key 
24537      INFO  main            d.u.i.k.p.i.AbstractProblemLoader Loading environment from /home/runner/work/key/key/key.core/../key.ui/examples/completionscopes/testNestedExec.key 
24537      DEBUG main            d.u.i.k.p.i.AbstractProblemLoader Environment load took 264.81ns 
24539      INFO  main            d.u.i.k.p.i.AbstractProblemLoader Creating init config 
28068      DEBUG main            d.u.i.k.p.i.AbstractProblemLoader Init config took 3.53s 
28131      INFO  main            d.u.i.k.p.i.AbstractProblemLoader Replaying proof CompletionScopes[CompletionScopes::testMultCcatchClauses()].JML normal_behavior operation contract.0 
28134      DEBUG main            d.u.i.k.p.i.IntermediateProofReplayer Proof replay took 6.4ns 
28539      INFO  main            d.u.i.k.p.r.p.TestFile    ... finished proof: closed. 
28733      INFO  main            d.u.i.k.p.i.AbstractProblemLoader Loading environment from /home/runner/work/key/key/key.core/../key.ui/examples/completionscopes/testNestedExec.key.proof 
28737      DEBUG main            d.u.i.k.p.i.AbstractProblemLoader Environment load took 3.89ms 
28739      INFO  main            d.u.i.k.p.i.AbstractProblemLoader Creating init config 
32196      DEBUG main            d.u.i.k.p.i.AbstractProblemLoader Init config took 3.46s 
32255      INFO  main            d.u.i.k.p.i.AbstractProblemLoader Replaying proof CompletionScopes[CompletionScopes::testMultCcatchClauses()].JML normal_behavior operation contract.0 
32353      DEBUG main            d.u.i.k.p.i.IntermediateProofReplayer Proof replay took 93.98ms 
32355      DEBUG main            d.u.i.k.p.r.p.TestFile    ... success: reloaded. 
32356      INFO  main            d.u.i.k.p.r.p.TestFile    Now processing file /home/runner/work/key/key/key.core/../key.ui/examples/completionscopes/testCcatchBreakLabel.key 
32357      INFO  main            d.u.i.k.p.i.AbstractProblemLoader Loading environment from /home/runner/work/key/key/key.core/../key.ui/examples/completionscopes/testCcatchBreakLabel.key 
32357      DEBUG main            d.u.i.k.p.i.AbstractProblemLoader Environment load took 204.9ns 
32359      INFO  main            d.u.i.k.p.i.AbstractProblemLoader Creating init config 
35863      DEBUG main            d.u.i.k.p.i.AbstractProblemLoader Init config took 3.5s 
35920      INFO  main            d.u.i.k.p.i.AbstractProblemLoader Replaying proof CompletionScopes[CompletionScopes::testBreakLabel()].JML normal_behavior operation contract.0 
35923      DEBUG main            d.u.i.k.p.i.IntermediateProofReplayer Proof replay took 7.5ns 
35944      DEBUG Thread-10       d.u.i.k.l.o.ProgramSV     Match failed: Former match of  SchemaVariable incompatible with  the current match. 
36025      INFO  main            d.u.i.k.p.r.p.TestFile    ... finished proof: closed. 
36249      INFO  main            d.u.i.k.p.i.AbstractProblemLoader Loading environment from /home/runner/work/key/key/key.core/../key.ui/examples/completionscopes/testCcatchBreakLabel.key.proof 
36250      DEBUG main            d.u.i.k.p.i.AbstractProblemLoader Environment load took 201.3ns 
36251      INFO  main            d.u.i.k.p.i.AbstractProblemLoader Creating init config 
39643      DEBUG main            d.u.i.k.p.i.AbstractProblemLoader Init config took 3.39s 
39738      INFO  main            d.u.i.k.p.i.AbstractProblemLoader Replaying proof CompletionScopes[CompletionScopes::testBreakLabel()].JML normal_behavior operation contract.0 
39761      DEBUG main            d.u.i.k.p.i.IntermediateProofReplayer Proof replay took 13.85ms 
39762      DEBUG main            d.u.i.k.p.r.p.TestFile    ... success: reloaded. 
39764      INFO  main            d.u.i.k.p.r.p.TestFile    Now processing file /home/runner/work/key/key/key.core/../key.ui/examples/completionscopes/testCcatchContinueLabel.key 
39765      INFO  main            d.u.i.k.p.i.AbstractProblemLoader Loading environment from /home/runner/work/key/key/key.core/../key.ui/examples/completionscopes/testCcatchContinueLabel.key 
39765      DEBUG main            d.u.i.k.p.i.AbstractProblemLoader Environment load took 210.9ns 
39766      INFO  main            d.u.i.k.p.i.AbstractProblemLoader Creating init config 
43262      DEBUG main            d.u.i.k.p.i.AbstractProblemLoader Init config took 3.5s 
43332      INFO  main            d.u.i.k.p.i.AbstractProblemLoader Replaying proof CompletionScopes[CompletionScopes::testContinueLabel()].JML normal_behavior operation contract.0 
43334      DEBUG main            d.u.i.k.p.i.IntermediateProofReplayer Proof replay took 6.8ns 
43359      DEBUG Thread-13       d.u.i.k.l.o.ProgramSV     Match failed: Former match of  SchemaVariable incompatible with  the current match. 
43437      INFO  main            d.u.i.k.p.r.p.TestFile    ... finished proof: closed. 
43626      INFO  main            d.u.i.k.p.i.AbstractProblemLoader Loading environment from /home/runner/work/key/key/key.core/../key.ui/examples/completionscopes/testCcatchContinueLabel.key.proof 
43626      DEBUG main            d.u.i.k.p.i.AbstractProblemLoader Environment load took 159.7ns 
43627      INFO  main            d.u.i.k.p.i.AbstractProblemLoader Creating init config 
47029      DEBUG main            d.u.i.k.p.i.AbstractProblemLoader Init config took 3.4s 
47113      INFO  main            d.u.i.k.p.i.AbstractProblemLoader Replaying proof CompletionScopes[CompletionScopes::testContinueLabel()].JML normal_behavior operation contract.0 
47128      DEBUG main            d.u.i.k.p.i.IntermediateProofReplayer Proof replay took 12.26ms 
47129      DEBUG main            d.u.i.k.p.r.p.TestFile    ... success: reloaded. 
47134      INFO  main            d.u.i.k.p.r.p.TestFile    Now processing file /home/runner/work/key/key/key.core/../key.ui/examples/completionscopes/testCcatchBreakLabelWildcard.key 
47134      INFO  main            d.u.i.k.p.i.AbstractProblemLoader Loading environment from /home/runner/work/key/key/key.core/../key.ui/examples/completionscopes/testCcatchBreakLabelWildcard.key 
47135      DEBUG main            d.u.i.k.p.i.AbstractProblemLoader Environment load took 228.21ns 
47136      INFO  main            d.u.i.k.p.i.AbstractProblemLoader Creating init config 
50501      DEBUG main            d.u.i.k.p.i.AbstractProblemLoader Init config took 3.37s 
50563      INFO  main            d.u.i.k.p.i.AbstractProblemLoader Replaying proof CompletionScopes[CompletionScopes::testBreakLabelWildcard()].JML normal_behavior operation contract.0 
50566      DEBUG main            d.u.i.k.p.i.IntermediateProofReplayer Proof replay took 7.9ns 
50592      DEBUG Thread-16       d.u.i.k.l.o.ProgramSV     Match failed: Former match of  SchemaVariable incompatible with  the current match. 
50593      DEBUG Thread-16       d.u.i.k.l.o.ProgramSV     Match failed: Former match of  SchemaVariable incompatible with  the current match. 
50675      INFO  main            d.u.i.k.p.r.p.TestFile    ... finished proof: closed. 
50893      INFO  main            d.u.i.k.p.i.AbstractProblemLoader Loading environment from /home/runner/work/key/key/key.core/../key.ui/examples/completionscopes/testCcatchBreakLabelWildcard.key.proof 
50894      DEBUG main            d.u.i.k.p.i.AbstractProblemLoader Environment load took 161.9ns 
50895      INFO  main            d.u.i.k.p.i.AbstractProblemLoader Creating init config 
54277      DEBUG main            d.u.i.k.p.i.AbstractProblemLoader Init config took 3.38s 
54329      INFO  main            d.u.i.k.p.i.AbstractProblemLoader Replaying proof CompletionScopes[CompletionScopes::testBreakLabelWildcard()].JML normal_behavior operation contract.0 
54342      DEBUG main            d.u.i.k.p.i.IntermediateProofReplayer Proof replay took 10.54ms 
54343      DEBUG main            d.u.i.k.p.r.p.TestFile    ... success: reloaded. 
54345      INFO  main            d.u.i.k.p.r.p.TestFile    Now processing file /home/runner/work/key/key/key.core/../key.ui/examples/completionscopes/testCcatchContinueLabelWildcard.key 
54345      INFO  main            d.u.i.k.p.i.AbstractProblemLoader Loading environment from /home/runner/work/key/key/key.core/../key.ui/examples/completionscopes/testCcatchContinueLabelWildcard.key 
54345      DEBUG main            d.u.i.k.p.i.AbstractProblemLoader Environment load took 174.1ns 
54346      INFO  main            d.u.i.k.p.i.AbstractProblemLoader Creating init config 
57730      DEBUG main            d.u.i.k.p.i.AbstractProblemLoader Init config took 3.38s 
57780      INFO  main            d.u.i.k.p.i.AbstractProblemLoader Replaying proof CompletionScopes[CompletionScopes::testContinueLabelWildcard()].JML normal_behavior operation contract.0 
57782      DEBUG main            d.u.i.k.p.i.IntermediateProofReplayer Proof replay took 7.3ns 
57807      DEBUG Thread-19       d.u.i.k.l.o.ProgramSV     Match failed: Former match of  SchemaVariable incompatible with  the current match. 
57808      DEBUG Thread-19       d.u.i.k.l.o.ProgramSV     Match failed: Former match of  SchemaVariable incompatible with  the current match. 
57885      INFO  main            d.u.i.k.p.r.p.TestFile    ... finished proof: closed. 
58101      INFO  main            d.u.i.k.p.i.AbstractProblemLoader Loading environment from /home/runner/work/key/key/key.core/../key.ui/examples/completionscopes/testCcatchContinueLabelWildcard.key.proof 
58101      DEBUG main            d.u.i.k.p.i.AbstractProblemLoader Environment load took 244.31ns 
58103      INFO  main            d.u.i.k.p.i.AbstractProblemLoader Creating init config 
61539      DEBUG main            d.u.i.k.p.i.AbstractProblemLoader Init config took 3.44s 
61589      INFO  main            d.u.i.k.p.i.AbstractProblemLoader Replaying proof CompletionScopes[CompletionScopes::testContinueLabelWildcard()].JML normal_behavior operation contract.0 
61603      DEBUG main            d.u.i.k.p.i.IntermediateProofReplayer Proof replay took 12.02ms 
61604      DEBUG main            d.u.i.k.p.r.p.TestFile    ... success: reloaded. 
61606      INFO  main            d.u.i.k.p.r.p.TestFile    Now processing file /home/runner/work/key/key/key.core/../key.ui/examples/completionscopes/testCcatchBreakLabelNonmatchingNested.key 
61606      INFO  main            d.u.i.k.p.i.AbstractProblemLoader Loading environment from /home/runner/work/key/key/key.core/../key.ui/examples/completionscopes/testCcatchBreakLabelNonmatchingNested.key 
61606      DEBUG main            d.u.i.k.p.i.AbstractProblemLoader Environment load took 126.3ns 
61608      INFO  main            d.u.i.k.p.i.AbstractProblemLoader Creating init config 
65014      DEBUG main            d.u.i.k.p.i.AbstractProblemLoader Init config took 3.41s 
65064      INFO  main            d.u.i.k.p.i.AbstractProblemLoader Replaying proof CompletionScopes[CompletionScopes::testBreakLabelNonmatchingNested()].JML normal_behavior operation contract.0 
65066      DEBUG main            d.u.i.k.p.i.IntermediateProofReplayer Proof replay took 9.6ns 
65085      DEBUG Thread-22       d.u.i.k.l.o.ProgramSV     Match failed: Former match of  SchemaVariable incompatible with  the current match. 
65086      DEBUG Thread-22       d.u.i.k.l.o.ProgramSV     Match failed: Former match of  SchemaVariable incompatible with  the current match. 
65168      INFO  main            d.u.i.k.p.r.p.TestFile    ... finished proof: closed. 
65396      INFO  main            d.u.i.k.p.i.AbstractProblemLoader Loading environment from /home/runner/work/key/key/key.core/../key.ui/examples/completionscopes/testCcatchBreakLabelNonmatchingNested.key.proof 
65397      DEBUG main            d.u.i.k.p.i.AbstractProblemLoader Environment load took 143.4ns 
65398      INFO  main            d.u.i.k.p.i.AbstractProblemLoader Creating init config 
68693      DEBUG main            d.u.i.k.p.i.AbstractProblemLoader Init config took 3.3s 
68742      INFO  main            d.u.i.k.p.i.AbstractProblemLoader Replaying proof CompletionScopes[CompletionScopes::testBreakLabelNonmatchingNested()].JML normal_behavior operation contract.0 
68757      DEBUG main            d.u.i.k.p.i.IntermediateProofReplayer Proof replay took 12.53ms 
68758      DEBUG main            d.u.i.k.p.r.p.TestFile    ... success: reloaded. 
6713027    INFO  Test worker     d.u.i.k.p.r.RunAllProofsTestUnit Returning from test completionScopes 
6713028    INFO  Test worker     d.u.i.k.p.r.RunAllProofsTestUnit Running test reload_examples 
472        INFO  Timeout watchdog d.u.i.k.p.r.p.ForkedTestFileRunner Timeout watcher launched (2000 secs.) 
490        WARN  main            d.u.i.k.s.ProofSettings   The settings in /home/runner/.key/proof-settings.props are *not* read. 
537        INFO  main            d.u.i.k.p.r.p.TestFile    Now processing file /home/runner/work/key/key/key.core/../key.ui/examples/firstTouch/05-ReverseArray/reverseArray.key 
681        INFO  main            d.u.i.k.p.i.AbstractProblemLoader Loading environment from /home/runner/work/key/key/key.core/../key.ui/examples/firstTouch/05-ReverseArray/reverseArray.key 
703        DEBUG main            d.u.i.k.p.i.AbstractProblemLoader Environment load took 2.45ms 
1026       INFO  main            d.u.i.k.p.i.AbstractProblemLoader Creating init config 
2302       DEBUG main            d.u.i.k.j.TypeConverter   No LDT found for Meta 
2302       DEBUG main            d.u.i.k.j.TypeConverter   No LDT found for Meta 
2304       DEBUG main            d.u.i.k.j.TypeConverter   No LDT found for Meta 
2304       DEBUG main            d.u.i.k.j.TypeConverter   No LDT found for Meta 
4245       DEBUG main            d.u.i.k.j.TypeConverter   No LDT found for JavaBigintExpression 
10947      DEBUG main            d.u.i.k.p.i.AbstractProblemLoader Init config took 9.92s 
11087      INFO  main            d.u.i.k.p.i.AbstractProblemLoader Replaying proof ReverseArray[ReverseArray::reverse()].JML normal_behavior operation contract.0 
11157      DEBUG main            d.u.i.k.p.i.IntermediateProofReplayer Proof replay took 42.9ns 
24584      INFO  main            d.u.i.k.p.r.p.TestFile    ... finished proof: closed. 
24909      INFO  main            d.u.i.k.p.i.AbstractProblemLoader Loading environment from /home/runner/work/key/key/key.core/../key.ui/examples/firstTouch/05-ReverseArray/reverseArray.key.proof 
24909      DEBUG main            d.u.i.k.p.i.AbstractProblemLoader Environment load took 533.41ns 
24921      INFO  main            d.u.i.k.p.i.AbstractProblemLoader Creating init config 
28668      DEBUG main            d.u.i.k.p.i.AbstractProblemLoader Init config took 3.75s 
28741      INFO  main            d.u.i.k.p.i.AbstractProblemLoader Replaying proof ReverseArray[ReverseArray::reverse()].JML normal_behavior operation contract.0 
30413      DEBUG main            d.u.i.k.p.i.IntermediateProofReplayer Proof replay took 1.59s 
30437      DEBUG main            d.u.i.k.p.r.p.TestFile    ... success: reloaded. 
30440      INFO  main            d.u.i.k.p.r.p.TestFile    Now processing file /home/runner/work/key/key/key.core/../key.ui/examples/standard_key/arith/saveProofTest.key.proof 
30441      INFO  main            d.u.i.k.p.i.AbstractProblemLoader Loading environment from /home/runner/work/key/key/key.core/../key.ui/examples/standard_key/arith/saveProofTest.key.proof 
30441      DEBUG main            d.u.i.k.p.i.AbstractProblemLoader Environment load took 184.9ns 
30451      INFO  main            d.u.i.k.p.i.AbstractProblemLoader Creating init config 
33896      DEBUG main            d.u.i.k.p.i.AbstractProblemLoader Init config took 3.44s 
33930      INFO  main            d.u.i.k.p.i.AbstractProblemLoader Replaying proof saveProofTest.key.proof 
33939      DEBUG main            d.u.i.k.p.i.IntermediateProofReplayer Proof replay took 4.36ms 
33940      INFO  main            d.u.i.k.p.r.p.TestFile    ... success: loaded 
33941      INFO  main            d.u.i.k.p.r.p.TestFile    Now processing file /home/runner/work/key/key/key.core/../key.ui/examples/heap/permutedSum/perm.proof 
33942      INFO  main            d.u.i.k.p.i.AbstractProblemLoader Loading environment from /home/runner/work/key/key/key.core/../key.ui/examples/heap/permutedSum/perm.proof 
33942      DEBUG main            d.u.i.k.p.i.AbstractProblemLoader Environment load took 274ns 
33947      INFO  main            d.u.i.k.p.i.AbstractProblemLoader Creating init config 
37575      DEBUG main            d.u.i.k.p.i.AbstractProblemLoader Init config took 3.63s 
37682      INFO  main            d.u.i.k.p.i.AbstractProblemLoader Replaying proof Perm[Perm::foo()].JML normal_behavior operation contract.0 
39254      DEBUG main            d.u.i.k.p.i.IntermediateProofReplayer Proof replay took 1.51s 
39256      INFO  main            d.u.i.k.p.r.p.TestFile    ... success: loaded 
39258      INFO  main            d.u.i.k.p.r.p.TestFile    Now processing file /home/runner/work/key/key/key.core/../key.ui/examples/firstTouch/05-ReverseArray/reverseArray.proof 
39259      INFO  main            d.u.i.k.p.i.AbstractProblemLoader Loading environment from /home/runner/work/key/key/key.core/../key.ui/examples/firstTouch/05-ReverseArray/reverseArray.proof 
39259      DEBUG main            d.u.i.k.p.i.AbstractProblemLoader Environment load took 291.71ns 
39262      INFO  main            d.u.i.k.p.i.AbstractProblemLoader Creating init config 
42833      DEBUG main            d.u.i.k.p.i.AbstractProblemLoader Init config took 3.57s 
42894      INFO  main            d.u.i.k.p.i.AbstractProblemLoader Replaying proof ReverseArray[ReverseArray::reverse()].JML normal_behavior operation contract.0 
44412      DEBUG main            d.u.i.k.p.i.IntermediateProofReplayer Proof replay took 1.47s 
44416      INFO  main            d.u.i.k.p.r.p.TestFile    ... success: loaded 
44418      INFO  main            d.u.i.k.p.r.p.TestFile    Now processing file /home/runner/work/key/key/key.core/../key.ui/examples/heap/verifyThis15_1_RelaxedPrefix/relax.proof 
44418      INFO  main            d.u.i.k.p.i.AbstractProblemLoader Loading environment from /home/runner/work/key/key/key.core/../key.ui/examples/heap/verifyThis15_1_RelaxedPrefix/relax.proof 
44418      DEBUG main            d.u.i.k.p.i.AbstractProblemLoader Environment load took 236.7ns 
44420      INFO  main            d.u.i.k.p.i.AbstractProblemLoader Creating init config 
47858      DEBUG main            d.u.i.k.p.i.AbstractProblemLoader Init config took 3.44s 
47958      INFO  main            d.u.i.k.p.i.AbstractProblemLoader Replaying proof Relaxed[Relaxed::isRelaxedPrefix([I,[I)].JML operation contract.0 
48617      DEBUG main            d.u.i.k.p.i.IntermediateProofReplayer Proof replay took 639.65ms 
48619      INFO  main            d.u.i.k.p.r.p.TestFile    ... success: loaded 
48620      INFO  main            d.u.i.k.p.r.p.TestFile    Now processing file /home/runner/work/key/key/key.core/../key.ui/examples/heap/verifyThis15_3_DLL/doUndo.proof 
48621      INFO  main            d.u.i.k.p.i.AbstractProblemLoader Loading environment from /home/runner/work/key/key/key.core/../key.ui/examples/heap/verifyThis15_3_DLL/doUndo.proof 
48621      DEBUG main            d.u.i.k.p.i.AbstractProblemLoader Environment load took 244.1ns 
48624      INFO  main            d.u.i.k.p.i.AbstractProblemLoader Creating init config 
49905      DEBUG main            d.u.i.k.j.r.ClassPreparationMethodBuilder clPrepBuilder: Inner Class detected. Reject building class initialisation methods. 
52438      DEBUG main            d.u.i.k.p.i.AbstractProblemLoader Init config took 3.81s 
52580      INFO  main            d.u.i.k.p.i.AbstractProblemLoader Replaying proof DoubleLinkedList[DoubleLinkedList::doUndo(DoubleLinkedList.Node,int)].JML normal_behavior operation contract.0 
53671      DEBUG main            d.u.i.k.p.i.IntermediateProofReplayer Proof replay took 1.05s 
53673      INFO  main            d.u.i.k.p.r.p.TestFile    ... success: loaded 
53675      INFO  main            d.u.i.k.p.r.p.TestFile    Now processing file /home/runner/work/key/key/key.core/../key.ui/examples/heap/verifyThis15_2_ParallelGcd/parallelGcd.proof 
53676      INFO  main            d.u.i.k.p.i.AbstractProblemLoader Loading environment from /home/runner/work/key/key/key.core/../key.ui/examples/heap/verifyThis15_2_ParallelGcd/parallelGcd.proof 
53676      DEBUG main            d.u.i.k.p.i.AbstractProblemLoader Environment load took 191.1ns 
53678      INFO  main            d.u.i.k.p.i.AbstractProblemLoader Creating init config 
57287      DEBUG main            d.u.i.k.p.i.AbstractProblemLoader Init config took 3.61s 
57377      INFO  main            d.u.i.k.p.i.AbstractProblemLoader Replaying proof ParallelGcd[ParallelGcd::parallelGcd(int,int,[Z)].JML behavior operation contract.0 
58314      DEBUG main            d.u.i.k.p.i.IntermediateProofReplayer Proof replay took 920.37ms 
58317      INFO  main            d.u.i.k.p.r.p.TestFile    ... success: loaded 
6771555    INFO  Test worker     d.u.i.k.p.r.RunAllProofsTestUnit Returning from test reload_examples 
6771556    INFO  Test worker     d.u.i.k.p.r.RunAllProofsTestUnit Running test proofLoadRepair 
467        INFO  Timeout watchdog d.u.i.k.p.r.p.ForkedTestFileRunner Timeout watcher launched (2000 secs.) 
506        WARN  main            d.u.i.k.s.ProofSettings   The settings in /home/runner/.key/proof-settings.props are *not* read. 
561        INFO  main            d.u.i.k.p.r.p.TestFile    Now processing file /home/runner/work/key/key/key.core/../key.ui/examples/proofLoadRepair/disjConj-manipulated.proof 
711        INFO  main            d.u.i.k.p.i.AbstractProblemLoader Loading environment from /home/runner/work/key/key/key.core/../key.ui/examples/proofLoadRepair/disjConj-manipulated.proof 
732        DEBUG main            d.u.i.k.p.i.AbstractProblemLoader Environment load took 2.34ms 
1059       INFO  main            d.u.i.k.p.i.AbstractProblemLoader Creating init config 
2286       DEBUG main            d.u.i.k.j.TypeConverter   No LDT found for Meta 
2287       DEBUG main            d.u.i.k.j.TypeConverter   No LDT found for Meta 
2289       DEBUG main            d.u.i.k.j.TypeConverter   No LDT found for Meta 
2290       DEBUG main            d.u.i.k.j.TypeConverter   No LDT found for Meta 
4593       DEBUG main            d.u.i.k.j.TypeConverter   No LDT found for JavaBigintExpression 
10628      DEBUG main            d.u.i.k.p.i.AbstractProblemLoader Init config took 9.57s 
10742      INFO  main            d.u.i.k.p.i.AbstractProblemLoader Replaying proof disjConj-manipulated.proof 
10816      WARN  main            d.u.i.k.p.i.IntermediateProofReplayer Proof contains wrong number of \assumes instatiations for andLeft 
10817      WARN  main            d.u.i.k.p.i.IntermediateProofReplayer Proof contains wrong number of \assumes instatiations for replace_known_right 
10824      WARN  main            d.u.i.k.p.i.IntermediateProofReplayer Proof contains wrong number of \assumes instatiations for close 
10826      DEBUG main            d.u.i.k.p.i.IntermediateProofReplayer Proof replay took 25.17ms 
10832      INFO  main            d.u.i.k.p.r.p.TestFile    ... success: loaded 
10837      INFO  main            d.u.i.k.p.r.p.TestFile    Now processing file /home/runner/work/key/key/key.core/../key.ui/examples/proofLoadRepair/insufficient-manipulated.proof 
10837      INFO  main            d.u.i.k.p.i.AbstractProblemLoader Loading environment from /home/runner/work/key/key/key.core/../key.ui/examples/proofLoadRepair/insufficient-manipulated.proof 
10838      DEBUG main            d.u.i.k.p.i.AbstractProblemLoader Environment load took 255.11ns 
10843      INFO  main            d.u.i.k.p.i.AbstractProblemLoader Creating init config 
14279      DEBUG main            d.u.i.k.p.i.AbstractProblemLoader Init config took 3.44s 
14303      INFO  main            d.u.i.k.p.i.AbstractProblemLoader Replaying proof insufficient-manipulated.proof 
14328      WARN  main            d.u.i.k.p.i.IntermediateProofReplayer Proof contains wrong number of \assumes instatiations for applyEq 
14341      DEBUG main            d.u.i.k.p.i.IntermediateProofReplayer Proof replay took 18.47ms 
14345      INFO  main            d.u.i.k.p.r.p.TestFile    ... success: loading failed 
14347      INFO  main            d.u.i.k.p.r.p.TestFile    Now processing file /home/runner/work/key/key/key.core/../key.ui/examples/../../key.core/src/test/resources/testcase/issues/1716/incorrectPolarity.proof 
14347      INFO  main            d.u.i.k.p.i.AbstractProblemLoader Loading environment from /home/runner/work/key/key/key.core/../key.ui/examples/../../key.core/src/test/resources/testcase/issues/1716/incorrectPolarity.proof 
14347      DEBUG main            d.u.i.k.p.i.AbstractProblemLoader Environment load took 265ns 
14350      INFO  main            d.u.i.k.p.i.AbstractProblemLoader Creating init config 
17814      DEBUG main            d.u.i.k.p.i.AbstractProblemLoader Init config took 3.46s 
17850      INFO  main            d.u.i.k.p.i.AbstractProblemLoader Replaying proof incorrectPolarity.proof 
17854      DEBUG main            d.u.i.k.p.i.IntermediateProofReplayer Proof replay took 224.81ns 
17855      INFO  main            d.u.i.k.p.r.p.TestFile    ... success: loading failed 
17856      INFO  main            d.u.i.k.p.r.p.TestFile    Now processing file /home/runner/work/key/key/key.core/../key.ui/examples/../../key.core/src/test/resources/testcase/issues/1716/incorrectPolarity2.proof 
17856      INFO  main            d.u.i.k.p.i.AbstractProblemLoader Loading environment from /home/runner/work/key/key/key.core/../key.ui/examples/../../key.core/src/test/resources/testcase/issues/1716/incorrectPolarity2.proof 
17856      DEBUG main            d.u.i.k.p.i.AbstractProblemLoader Environment load took 142.4ns 
17858      INFO  main            d.u.i.k.p.i.AbstractProblemLoader Creating init config 
21046      DEBUG main            d.u.i.k.p.i.AbstractProblemLoader Init config took 3.19s 
21075      INFO  main            d.u.i.k.p.i.AbstractProblemLoader Replaying proof incorrectPolarity2.proof 
21079      DEBUG main            d.u.i.k.p.i.IntermediateProofReplayer Proof replay took 685.21ns 
21079      INFO  main            d.u.i.k.p.r.p.TestFile    ... success: loading failed 
21081      INFO  main            d.u.i.k.p.r.p.TestFile    Now processing file /home/runner/work/key/key/key.core/../key.ui/examples/../../key.core/src/test/resources/testcase/issues/1716/incorrectPolarity3.proof 
21081      INFO  main            d.u.i.k.p.i.AbstractProblemLoader Loading environment from /home/runner/work/key/key/key.core/../key.ui/examples/../../key.core/src/test/resources/testcase/issues/1716/incorrectPolarity3.proof 
21081      DEBUG main            d.u.i.k.p.i.AbstractProblemLoader Environment load took 227.91ns 
21083      INFO  main            d.u.i.k.p.i.AbstractProblemLoader Creating init config 
24177      DEBUG main            d.u.i.k.p.i.AbstractProblemLoader Init config took 3.09s 
24204      INFO  main            d.u.i.k.p.i.AbstractProblemLoader Replaying proof incorrectPolarity3.proof 
24209      DEBUG main            d.u.i.k.p.i.IntermediateProofReplayer Proof replay took 1.92ms 
24210      INFO  main            d.u.i.k.p.r.p.TestFile    ... success: loading failed 
6795994    INFO  Test worker     d.u.i.k.p.r.RunAllProofsTestUnit Returning from test proofLoadRepair 
6795995    INFO  Test worker     d.u.i.k.p.r.RunAllProofsTestUnit Running test switch 
445        INFO  Timeout watchdog d.u.i.k.p.r.p.ForkedTestFileRunner Timeout watcher launched (2000 secs.) 
480        WARN  main            d.u.i.k.s.ProofSettings   The settings in /home/runner/.key/proof-settings.props are *not* read. 
544        INFO  main            d.u.i.k.p.r.p.TestFile    Now processing file /home/runner/work/key/key/key.core/../key.ui/examples/standard_key/java_dl/switch/labeled_case.key 
703        INFO  main            d.u.i.k.p.i.AbstractProblemLoader Loading environment from /home/runner/work/key/key/key.core/../key.ui/examples/standard_key/java_dl/switch/labeled_case.key 
724        DEBUG main            d.u.i.k.p.i.AbstractProblemLoader Environment load took 2.27ms 
1045       INFO  main            d.u.i.k.p.i.AbstractProblemLoader Creating init config 
2451       DEBUG main            d.u.i.k.j.TypeConverter   No LDT found for Meta 
2451       DEBUG main            d.u.i.k.j.TypeConverter   No LDT found for Meta 
2453       DEBUG main            d.u.i.k.j.TypeConverter   No LDT found for Meta 
2453       DEBUG main            d.u.i.k.j.TypeConverter   No LDT found for Meta 
4336       DEBUG main            d.u.i.k.j.TypeConverter   No LDT found for JavaBigintExpression 
10931      DEBUG main            d.u.i.k.p.i.AbstractProblemLoader Init config took 9.88s 
11167      INFO  main            d.u.i.k.p.i.AbstractProblemLoader Replaying proof LabeledCase[LabeledCase::m(int)].JML normal_behavior operation contract.0 
11220      DEBUG main            d.u.i.k.p.i.IntermediateProofReplayer Proof replay took 39ns 
12163      INFO  main            d.u.i.k.p.r.p.TestFile    ... finished proof: closed. 
12297      INFO  main            d.u.i.k.p.i.AbstractProblemLoader Loading environment from /home/runner/work/key/key/key.core/../key.ui/examples/standard_key/java_dl/switch/labeled_case.key.proof 
12298      DEBUG main            d.u.i.k.p.i.AbstractProblemLoader Environment load took 510.81ns 
12306      INFO  main            d.u.i.k.p.i.AbstractProblemLoader Creating init config 
16090      DEBUG main            d.u.i.k.p.i.AbstractProblemLoader Init config took 3.78s 
16173      INFO  main            d.u.i.k.p.i.AbstractProblemLoader Replaying proof LabeledCase[LabeledCase::m(int)].JML normal_behavior operation contract.0 
16256      DEBUG main            d.u.i.k.p.i.IntermediateProofReplayer Proof replay took 75.99ms 
16264      DEBUG main            d.u.i.k.p.r.p.TestFile    ... success: reloaded. 
16266      INFO  main            d.u.i.k.p.r.p.TestFile    Now processing file /home/runner/work/key/key/key.core/../key.ui/examples/standard_key/java_dl/switch/empty_switch.key 
16266      INFO  main            d.u.i.k.p.i.AbstractProblemLoader Loading environment from /home/runner/work/key/key/key.core/../key.ui/examples/standard_key/java_dl/switch/empty_switch.key 
16267      DEBUG main            d.u.i.k.p.i.AbstractProblemLoader Environment load took 295.71ns 
16269      INFO  main            d.u.i.k.p.i.AbstractProblemLoader Creating init config 
19786      DEBUG main            d.u.i.k.p.i.AbstractProblemLoader Init config took 3.52s 
19829      INFO  main            d.u.i.k.p.i.AbstractProblemLoader Replaying proof empty_switch.key 
19833      DEBUG main            d.u.i.k.p.i.IntermediateProofReplayer Proof replay took 9.4ns 
19936      INFO  main            d.u.i.k.p.r.p.TestFile    ... finished proof: closed. 
20115      INFO  main            d.u.i.k.p.i.AbstractProblemLoader Loading environment from /home/runner/work/key/key/key.core/../key.ui/examples/standard_key/java_dl/switch/empty_switch.key.proof 
20116      DEBUG main            d.u.i.k.p.i.AbstractProblemLoader Environment load took 469ns 
20119      INFO  main            d.u.i.k.p.i.AbstractProblemLoader Creating init config 
23541      DEBUG main            d.u.i.k.p.i.AbstractProblemLoader Init config took 3.42s 
23571      INFO  main            d.u.i.k.p.i.AbstractProblemLoader Replaying proof empty_switch.key.proof 
23577      DEBUG main            d.u.i.k.p.i.IntermediateProofReplayer Proof replay took 2.74ms 
23578      DEBUG main            d.u.i.k.p.r.p.TestFile    ... success: reloaded. 
23579      INFO  main            d.u.i.k.p.r.p.TestFile    Now processing file /home/runner/work/key/key/key.core/../key.ui/examples/standard_key/java_dl/switch/empty_switch_null.key 
23580      INFO  main            d.u.i.k.p.i.AbstractProblemLoader Loading environment from /home/runner/work/key/key/key.core/../key.ui/examples/standard_key/java_dl/switch/empty_switch_null.key 
23580      DEBUG main            d.u.i.k.p.i.AbstractProblemLoader Environment load took 231.3ns 
23581      INFO  main            d.u.i.k.p.i.AbstractProblemLoader Creating init config 
26894      DEBUG main            d.u.i.k.p.i.AbstractProblemLoader Init config took 3.31s 
26921      INFO  main            d.u.i.k.p.i.AbstractProblemLoader Replaying proof empty_switch_null.key 
26924      DEBUG main            d.u.i.k.p.i.IntermediateProofReplayer Proof replay took 6.9ns 
27128      INFO  main            d.u.i.k.p.r.p.TestFile    ... finished proof: closed. 
27347      INFO  main            d.u.i.k.p.i.AbstractProblemLoader Loading environment from /home/runner/work/key/key/key.core/../key.ui/examples/standard_key/java_dl/switch/empty_switch_null.key.proof 
27349      DEBUG main            d.u.i.k.p.i.AbstractProblemLoader Environment load took 1.58ms 
27352      INFO  main            d.u.i.k.p.i.AbstractProblemLoader Creating init config 
30615      DEBUG main            d.u.i.k.p.i.AbstractProblemLoader Init config took 3.26s 
30649      INFO  main            d.u.i.k.p.i.AbstractProblemLoader Replaying proof empty_switch_null.key.proof 
30715      DEBUG main            d.u.i.k.p.i.IntermediateProofReplayer Proof replay took 47.89ms 
30717      DEBUG main            d.u.i.k.p.r.p.TestFile    ... success: reloaded. 
30718      INFO  main            d.u.i.k.p.r.p.TestFile    Now processing file /home/runner/work/key/key/key.core/../key.ui/examples/standard_key/java_dl/switch/empty_switch_null_catch.key 
30718      INFO  main            d.u.i.k.p.i.AbstractProblemLoader Loading environment from /home/runner/work/key/key/key.core/../key.ui/examples/standard_key/java_dl/switch/empty_switch_null_catch.key 
30719      DEBUG main            d.u.i.k.p.i.AbstractProblemLoader Environment load took 215.5ns 
30720      INFO  main            d.u.i.k.p.i.AbstractProblemLoader Creating init config 
34000      DEBUG main            d.u.i.k.p.i.AbstractProblemLoader Init config took 3.28s 
34028      INFO  main            d.u.i.k.p.i.AbstractProblemLoader Replaying proof empty_switch_null_catch.key 
34030      DEBUG main            d.u.i.k.p.i.IntermediateProofReplayer Proof replay took 6.4ns 
34236      INFO  main            d.u.i.k.p.r.p.TestFile    ... finished proof: closed. 
34432      INFO  main            d.u.i.k.p.i.AbstractProblemLoader Loading environment from /home/runner/work/key/key/key.core/../key.ui/examples/standard_key/java_dl/switch/empty_switch_null_catch.key.proof 
34432      DEBUG main            d.u.i.k.p.i.AbstractProblemLoader Environment load took 557.61ns 
34434      INFO  main            d.u.i.k.p.i.AbstractProblemLoader Creating init config 
37571      DEBUG main            d.u.i.k.p.i.AbstractProblemLoader Init config took 3.14s 
37599      INFO  main            d.u.i.k.p.i.AbstractProblemLoader Replaying proof empty_switch_null_catch.key.proof 
37659      DEBUG main            d.u.i.k.p.i.IntermediateProofReplayer Proof replay took 56.17ms 
37660      DEBUG main            d.u.i.k.p.r.p.TestFile    ... success: reloaded. 
37661      INFO  main            d.u.i.k.p.r.p.TestFile    Now processing file /home/runner/work/key/key/key.core/../key.ui/examples/standard_key/java_dl/switch/empty_switch_array_out_of_bounds.key 
37662      INFO  main            d.u.i.k.p.i.AbstractProblemLoader Loading environment from /home/runner/work/key/key/key.core/../key.ui/examples/standard_key/java_dl/switch/empty_switch_array_out_of_bounds.key 
37662      DEBUG main            d.u.i.k.p.i.AbstractProblemLoader Environment load took 279.4ns 
37664      INFO  main            d.u.i.k.p.i.AbstractProblemLoader Creating init config 
40957      DEBUG main            d.u.i.k.p.i.AbstractProblemLoader Init config took 3.29s 
40982      INFO  main            d.u.i.k.p.i.AbstractProblemLoader Replaying proof empty_switch_array_out_of_bounds.key 
40986      DEBUG main            d.u.i.k.p.i.IntermediateProofReplayer Proof replay took 6.3ns 
41391      INFO  main            d.u.i.k.p.r.p.TestFile    ... finished proof: closed. 
41611      INFO  main            d.u.i.k.p.i.AbstractProblemLoader Loading environment from /home/runner/work/key/key/key.core/../key.ui/examples/standard_key/java_dl/switch/empty_switch_array_out_of_bounds.key.proof 
41614      DEBUG main            d.u.i.k.p.i.AbstractProblemLoader Environment load took 2.74ms 
41616      INFO  main            d.u.i.k.p.i.AbstractProblemLoader Creating init config 
44833      DEBUG main            d.u.i.k.p.i.AbstractProblemLoader Init config took 3.22s 
44859      INFO  main            d.u.i.k.p.i.AbstractProblemLoader Replaying proof empty_switch_array_out_of_bounds.key.proof 
44952      DEBUG main            d.u.i.k.p.i.IntermediateProofReplayer Proof replay took 89.07ms 
44953      DEBUG main            d.u.i.k.p.r.p.TestFile    ... success: reloaded. 
44955      INFO  main            d.u.i.k.p.r.p.TestFile    Now processing file /home/runner/work/key/key/key.core/../key.ui/examples/standard_key/java_dl/switch/empty_switch_array_out_of_bounds_catch.key 
44955      INFO  main            d.u.i.k.p.i.AbstractProblemLoader Loading environment from /home/runner/work/key/key/key.core/../key.ui/examples/standard_key/java_dl/switch/empty_switch_array_out_of_bounds_catch.key 
44956      DEBUG main            d.u.i.k.p.i.AbstractProblemLoader Environment load took 316.91ns 
44957      INFO  main            d.u.i.k.p.i.AbstractProblemLoader Creating init config 
48237      DEBUG main            d.u.i.k.p.i.AbstractProblemLoader Init config took 3.28s 
48279      INFO  main            d.u.i.k.p.i.AbstractProblemLoader Replaying proof empty_switch_array_out_of_bounds_catch.key 
48283      DEBUG main            d.u.i.k.p.i.IntermediateProofReplayer Proof replay took 7.1ns 
48487      INFO  main            d.u.i.k.p.r.p.TestFile    ... finished proof: closed. 
48702      INFO  main            d.u.i.k.p.i.AbstractProblemLoader Loading environment from /home/runner/work/key/key/key.core/../key.ui/examples/standard_key/java_dl/switch/empty_switch_array_out_of_bounds_catch.key.proof 
48703      DEBUG main            d.u.i.k.p.i.AbstractProblemLoader Environment load took 586.11ns 
48705      INFO  main            d.u.i.k.p.i.AbstractProblemLoader Creating init config 
51898      DEBUG main            d.u.i.k.p.i.AbstractProblemLoader Init config took 3.19s 
51920      INFO  main            d.u.i.k.p.i.AbstractProblemLoader Replaying proof empty_switch_array_out_of_bounds_catch.key.proof 
51977      DEBUG main            d.u.i.k.p.i.IntermediateProofReplayer Proof replay took 52.68ms 
51978      DEBUG main            d.u.i.k.p.r.p.TestFile    ... success: reloaded. 
51980      INFO  main            d.u.i.k.p.r.p.TestFile    Now processing file /home/runner/work/key/key/key.core/../key.ui/examples/standard_key/java_dl/switch/switch_in_switch.key 
51980      INFO  main            d.u.i.k.p.i.AbstractProblemLoader Loading environment from /home/runner/work/key/key/key.core/../key.ui/examples/standard_key/java_dl/switch/switch_in_switch.key 
51980      DEBUG main            d.u.i.k.p.i.AbstractProblemLoader Environment load took 230.7ns 
51982      INFO  main            d.u.i.k.p.i.AbstractProblemLoader Creating init config 
55236      DEBUG main            d.u.i.k.p.i.AbstractProblemLoader Init config took 3.25s 
55292      INFO  main            d.u.i.k.p.i.AbstractProblemLoader Replaying proof SwitchInSwitch[SwitchInSwitch::m(int)].JML normal_behavior operation contract.0 
55294      DEBUG main            d.u.i.k.p.i.IntermediateProofReplayer Proof replay took 7.2ns 
61153      INFO  main            d.u.i.k.p.r.p.TestFile    ... finished proof: closed. 
61504      INFO  main            d.u.i.k.p.i.AbstractProblemLoader Loading environment from /home/runner/work/key/key/key.core/../key.ui/examples/standard_key/java_dl/switch/switch_in_switch.key.proof 
61509      DEBUG main            d.u.i.k.p.i.AbstractProblemLoader Environment load took 5ms 
61511      INFO  main            d.u.i.k.p.i.AbstractProblemLoader Creating init config 
64741      DEBUG main            d.u.i.k.p.i.AbstractProblemLoader Init config took 3.23s 
64807      INFO  main            d.u.i.k.p.i.AbstractProblemLoader Replaying proof SwitchInSwitch[SwitchInSwitch::m(int)].JML normal_behavior operation contract.0 
65604      DEBUG main            d.u.i.k.p.i.IntermediateProofReplayer Proof replay took 753.81ms 
65606      DEBUG main            d.u.i.k.p.r.p.TestFile    ... success: reloaded. 
65608      INFO  main            d.u.i.k.p.r.p.TestFile    Now processing file /home/runner/work/key/key/key.core/../key.ui/examples/standard_key/java_dl/switch/while_and_switch.key 
65608      INFO  main            d.u.i.k.p.i.AbstractProblemLoader Loading environment from /home/runner/work/key/key/key.core/../key.ui/examples/standard_key/java_dl/switch/while_and_switch.key 
65608      DEBUG main            d.u.i.k.p.i.AbstractProblemLoader Environment load took 227.9ns 
65609      INFO  main            d.u.i.k.p.i.AbstractProblemLoader Creating init config 
68850      DEBUG main            d.u.i.k.p.i.AbstractProblemLoader Init config took 3.24s 
68907      INFO  main            d.u.i.k.p.i.AbstractProblemLoader Replaying proof WhileAndSwitch[WhileAndSwitch::m(int)].JML normal_behavior operation contract.0 
68910      DEBUG main            d.u.i.k.p.i.IntermediateProofReplayer Proof replay took 7.4ns 
69919      INFO  main            d.u.i.k.p.r.p.TestFile    ... finished proof: closed. 
70160      INFO  main            d.u.i.k.p.i.AbstractProblemLoader Loading environment from /home/runner/work/key/key/key.core/../key.ui/examples/standard_key/java_dl/switch/while_and_switch.key.proof 
70161      DEBUG main            d.u.i.k.p.i.AbstractProblemLoader Environment load took 932.22ns 
70163      INFO  main            d.u.i.k.p.i.AbstractProblemLoader Creating init config 
73331      DEBUG main            d.u.i.k.p.i.AbstractProblemLoader Init config took 3.17s 
73384      INFO  main            d.u.i.k.p.i.AbstractProblemLoader Replaying proof WhileAndSwitch[WhileAndSwitch::m(int)].JML normal_behavior operation contract.0 
73587      DEBUG main            d.u.i.k.p.i.IntermediateProofReplayer Proof replay took 195.33ms 
73588      DEBUG main            d.u.i.k.p.r.p.TestFile    ... success: reloaded. 
73590      INFO  main            d.u.i.k.p.r.p.TestFile    Now processing file /home/runner/work/key/key/key.core/../key.ui/examples/standard_key/java_dl/switch/large_switch.key 
73591      INFO  main            d.u.i.k.p.i.AbstractProblemLoader Loading environment from /home/runner/work/key/key/key.core/../key.ui/examples/standard_key/java_dl/switch/large_switch.key 
73591      DEBUG main            d.u.i.k.p.i.AbstractProblemLoader Environment load took 211.1ns 
73592      INFO  main            d.u.i.k.p.i.AbstractProblemLoader Creating init config 
76940      DEBUG main            d.u.i.k.p.i.AbstractProblemLoader Init config took 3.35s 
76990      INFO  main            d.u.i.k.p.i.AbstractProblemLoader Replaying proof LargeSwitch[LargeSwitch::m(int)].JML normal_behavior operation contract.0 
76992      DEBUG main            d.u.i.k.p.i.IntermediateProofReplayer Proof replay took 7.9ns 
78706      INFO  main            d.u.i.k.p.r.p.TestFile    ... finished proof: closed. 
79000      INFO  main            d.u.i.k.p.i.AbstractProblemLoader Loading environment from /home/runner/work/key/key/key.core/../key.ui/examples/standard_key/java_dl/switch/large_switch.key.proof 
79000      DEBUG main            d.u.i.k.p.i.AbstractProblemLoader Environment load took 413.4ns 
79002      INFO  main            d.u.i.k.p.i.AbstractProblemLoader Creating init config 
82194      DEBUG main            d.u.i.k.p.i.AbstractProblemLoader Init config took 3.19s 
82252      INFO  main            d.u.i.k.p.i.AbstractProblemLoader Replaying proof LargeSwitch[LargeSwitch::m(int)].JML normal_behavior operation contract.0 
82769      DEBUG main            d.u.i.k.p.i.IntermediateProofReplayer Proof replay took 496.37ms 
82771      DEBUG main            d.u.i.k.p.r.p.TestFile    ... success: reloaded. 
6879006    INFO  Test worker     d.u.i.k.p.r.RunAllProofsTestUnit Returning from test switch 
6879008    INFO  Test worker     d.u.i.k.p.r.RunAllProofsTestUnit Running test redux 
519        INFO  Timeout watchdog d.u.i.k.p.r.p.ForkedTestFileRunner Timeout watcher launched (2000 secs.) 
548        WARN  main            d.u.i.k.s.ProofSettings   The settings in /home/runner/.key/proof-settings.props are *not* read. 
605        INFO  main            d.u.i.k.p.r.p.TestFile    Now processing file /home/runner/work/key/key/key.core/../key.ui/examples/redux/arrays/Arrays.copyOf.key 
790        INFO  main            d.u.i.k.p.i.AbstractProblemLoader Loading environment from /home/runner/work/key/key/key.core/../key.ui/examples/redux/arrays/Arrays.copyOf.key 
809        DEBUG main            d.u.i.k.p.i.AbstractProblemLoader Environment load took 2.23ms 
1110       INFO  main            d.u.i.k.p.i.AbstractProblemLoader Creating init config 
2356       DEBUG main            d.u.i.k.j.TypeConverter   No LDT found for Meta 
2357       DEBUG main            d.u.i.k.j.TypeConverter   No LDT found for Meta 
2361       DEBUG main            d.u.i.k.j.TypeConverter   No LDT found for Meta 
2362       DEBUG main            d.u.i.k.j.TypeConverter   No LDT found for Meta 
4035       DEBUG main            d.u.i.k.j.TypeConverter   No LDT found for JavaBigintExpression 
11446      DEBUG main            d.u.i.k.p.i.AbstractProblemLoader Init config took 10.34s 
11686      INFO  main            d.u.i.k.p.i.AbstractProblemLoader Replaying proof Arrays[Arrays::copyOf([I,int)].JML normal_behavior operation contract.0 
11736      DEBUG main            d.u.i.k.p.i.IntermediateProofReplayer Proof replay took 40.6ns 
18440      INFO  main            d.u.i.k.p.r.p.TestFile    ... finished proof: closed. 
18662      INFO  main            d.u.i.k.p.i.AbstractProblemLoader Loading environment from /home/runner/work/key/key/key.core/../key.ui/examples/redux/arrays/Arrays.copyOf.key.proof 
18662      DEBUG main            d.u.i.k.p.i.AbstractProblemLoader Environment load took 239.5ns 
18668      INFO  main            d.u.i.k.p.i.AbstractProblemLoader Creating init config 
23136      DEBUG main            d.u.i.k.p.i.AbstractProblemLoader Init config took 4.47s 
23213      INFO  main            d.u.i.k.p.i.AbstractProblemLoader Replaying proof Arrays[Arrays::copyOf([I,int)].JML normal_behavior operation contract.0 
24002      DEBUG main            d.u.i.k.p.i.IntermediateProofReplayer Proof replay took 763.3ms 
24013      DEBUG main            d.u.i.k.p.r.p.TestFile    ... success: reloaded. 
24014      INFO  main            d.u.i.k.p.r.p.TestFile    Now processing file /home/runner/work/key/key/key.core/../key.ui/examples/redux/arrays/Arrays.copyOf.float.key 
24015      INFO  main            d.u.i.k.p.i.AbstractProblemLoader Loading environment from /home/runner/work/key/key/key.core/../key.ui/examples/redux/arrays/Arrays.copyOf.float.key 
24015      DEBUG main            d.u.i.k.p.i.AbstractProblemLoader Environment load took 319.31ns 
24017      INFO  main            d.u.i.k.p.i.AbstractProblemLoader Creating init config 
28403      DEBUG main            d.u.i.k.p.i.AbstractProblemLoader Init config took 4.39s 
28479      INFO  main            d.u.i.k.p.i.AbstractProblemLoader Replaying proof Arrays[Arrays::copyOf([F,int)].JML normal_behavior operation contract.0 
28481      DEBUG main            d.u.i.k.p.i.IntermediateProofReplayer Proof replay took 7ns 
28521      DEBUG main            d.u.i.k.m.s.ProofScriptEngine 1: 'macro autopilot' 
34649      DEBUG main            d.u.i.k.m.s.ProofScriptEngine 2: 'smt solver=Z3' 
34766      INFO  main            d.u.i.k.m.s.SMTCommand    Finished run on goal 17 in 84ms, result is valid 
34769      DEBUG main            d.u.i.k.m.s.ProofScriptEngine 3: 'tryclose' 
37101      INFO  main            d.u.i.k.p.r.p.TestFile    ... finished proof: closed. 
37340      INFO  main            d.u.i.k.p.i.AbstractProblemLoader Loading environment from /home/runner/work/key/key/key.core/../key.ui/examples/redux/arrays/Arrays.copyOf.float.key.proof 
37341      DEBUG main            d.u.i.k.p.i.AbstractProblemLoader Environment load took 447.41ns 
37346      INFO  main            d.u.i.k.p.i.AbstractProblemLoader Creating init config 
41671      DEBUG main            d.u.i.k.p.i.AbstractProblemLoader Init config took 4.32s 
41759      INFO  main            d.u.i.k.p.i.AbstractProblemLoader Replaying proof Arrays[Arrays::copyOf([F,int)].JML normal_behavior operation contract.0 
41871      INFO  main            d.u.i.k.s.SMTFocusResults Analyzing unsat core: (L_6) 
42879      DEBUG main            d.u.i.k.p.i.IntermediateProofReplayer Proof replay took 1.09s 
42882      DEBUG main            d.u.i.k.p.r.p.TestFile    ... success: reloaded. 
42888      INFO  main            d.u.i.k.p.r.p.TestFile    Now processing file /home/runner/work/key/key/key.core/../key.ui/examples/redux/arrays/Arrays.copyOfRange.key 
42889      INFO  main            d.u.i.k.p.i.AbstractProblemLoader Loading environment from /home/runner/work/key/key/key.core/../key.ui/examples/redux/arrays/Arrays.copyOfRange.key 
42889      DEBUG main            d.u.i.k.p.i.AbstractProblemLoader Environment load took 147.9ns 
42892      INFO  main            d.u.i.k.p.i.AbstractProblemLoader Creating init config 
47247      DEBUG main            d.u.i.k.p.i.AbstractProblemLoader Init config took 4.35s 
47308      INFO  main            d.u.i.k.p.i.AbstractProblemLoader Replaying proof Arrays[Arrays::copyOfRange([I,int,int)].JML normal_behavior operation contract.0 
47310      DEBUG main            d.u.i.k.p.i.IntermediateProofReplayer Proof replay took 6.6ns 
53742      INFO  main            d.u.i.k.p.r.p.TestFile    ... finished proof: closed. 
54068      INFO  main            d.u.i.k.p.i.AbstractProblemLoader Loading environment from /home/runner/work/key/key/key.core/../key.ui/examples/redux/arrays/Arrays.copyOfRange.key.proof 
54068      DEBUG main            d.u.i.k.p.i.AbstractProblemLoader Environment load took 212.6ns 
54071      INFO  main            d.u.i.k.p.i.AbstractProblemLoader Creating init config 
58225      DEBUG main            d.u.i.k.p.i.AbstractProblemLoader Init config took 4.15s 
58283      INFO  main            d.u.i.k.p.i.AbstractProblemLoader Replaying proof Arrays[Arrays::copyOfRange([I,int,int)].JML normal_behavior operation contract.0 
59072      DEBUG main            d.u.i.k.p.i.IntermediateProofReplayer Proof replay took 761.75ms 
59075      DEBUG main            d.u.i.k.p.r.p.TestFile    ... success: reloaded. 
59076      INFO  main            d.u.i.k.p.r.p.TestFile    Now processing file /home/runner/work/key/key/key.core/../key.ui/examples/redux/arrays/Arrays.copyOfRange.float.key 
59076      INFO  main            d.u.i.k.p.i.AbstractProblemLoader Loading environment from /home/runner/work/key/key/key.core/../key.ui/examples/redux/arrays/Arrays.copyOfRange.float.key 
59077      DEBUG main            d.u.i.k.p.i.AbstractProblemLoader Environment load took 126.9ns 
59078      INFO  main            d.u.i.k.p.i.AbstractProblemLoader Creating init config 
63172      DEBUG main            d.u.i.k.p.i.AbstractProblemLoader Init config took 4.09s 
63229      INFO  main            d.u.i.k.p.i.AbstractProblemLoader Replaying proof Arrays[Arrays::copyOfRange([F,int,int)].JML normal_behavior operation contract.0 
63231      DEBUG main            d.u.i.k.p.i.IntermediateProofReplayer Proof replay took 6.9ns 
63232      DEBUG main            d.u.i.k.m.s.ProofScriptEngine 1: 'macro autopilot' 
71213      DEBUG main            d.u.i.k.m.s.ProofScriptEngine 2: 'smt solver=Z3' 
71265      INFO  main            d.u.i.k.m.s.SMTCommand    Finished run on goal 27 in 46ms, result is valid 
71265      DEBUG main            d.u.i.k.m.s.ProofScriptEngine 3: 'tryclose' 
76016      INFO  main            d.u.i.k.p.r.p.TestFile    ... finished proof: closed. 
76274      INFO  main            d.u.i.k.p.i.AbstractProblemLoader Loading environment from /home/runner/work/key/key/key.core/../key.ui/examples/redux/arrays/Arrays.copyOfRange.float.key.proof 
76274      DEBUG main            d.u.i.k.p.i.AbstractProblemLoader Environment load took 205.9ns 
76277      INFO  main            d.u.i.k.p.i.AbstractProblemLoader Creating init config 
80217      DEBUG main            d.u.i.k.p.i.AbstractProblemLoader Init config took 3.94s 
80290      INFO  main            d.u.i.k.p.i.AbstractProblemLoader Replaying proof Arrays[Arrays::copyOfRange([F,int,int)].JML normal_behavior operation contract.0 
80385      INFO  main            d.u.i.k.s.SMTFocusResults Analyzing unsat core: (L_8) 
81667      DEBUG main            d.u.i.k.p.i.IntermediateProofReplayer Proof replay took 1.35s 
81670      DEBUG main            d.u.i.k.p.r.p.TestFile    ... success: reloaded. 
81671      INFO  main            d.u.i.k.p.r.p.TestFile    Now processing file /home/runner/work/key/key/key.core/../key.ui/examples/redux/arrays/Arrays.equals.key 
81672      INFO  main            d.u.i.k.p.i.AbstractProblemLoader Loading environment from /home/runner/work/key/key/key.core/../key.ui/examples/redux/arrays/Arrays.equals.key 
81672      DEBUG main            d.u.i.k.p.i.AbstractProblemLoader Environment load took 211.5ns 
81673      INFO  main            d.u.i.k.p.i.AbstractProblemLoader Creating init config 
85857      DEBUG main            d.u.i.k.p.i.AbstractProblemLoader Init config took 4.18s 
85910      INFO  main            d.u.i.k.p.i.AbstractProblemLoader Replaying proof Arrays[Arrays::equals([B,[B)].JML normal_behavior operation contract.0 
85912      DEBUG main            d.u.i.k.p.i.IntermediateProofReplayer Proof replay took 6.1ns 
86617      INFO  main            d.u.i.k.p.r.p.TestFile    ... finished proof: closed. 
87020      INFO  main            d.u.i.k.p.i.AbstractProblemLoader Loading environment from /home/runner/work/key/key/key.core/../key.ui/examples/redux/arrays/Arrays.equals.key.proof 
87021      DEBUG main            d.u.i.k.p.i.AbstractProblemLoader Environment load took 418.01ns 
87022      INFO  main            d.u.i.k.p.i.AbstractProblemLoader Creating init config 
91075      DEBUG main            d.u.i.k.p.i.AbstractProblemLoader Init config took 4.05s 
91140      INFO  main            d.u.i.k.p.i.AbstractProblemLoader Replaying proof Arrays[Arrays::equals([B,[B)].JML normal_behavior operation contract.0 
91377      DEBUG main            d.u.i.k.p.i.IntermediateProofReplayer Proof replay took 232.2ms 
91378      DEBUG main            d.u.i.k.p.r.p.TestFile    ... success: reloaded. 
91380      INFO  main            d.u.i.k.p.r.p.TestFile    Now processing file /home/runner/work/key/key/key.core/../key.ui/examples/redux/arrays/Arrays.fill.key 
91380      INFO  main            d.u.i.k.p.i.AbstractProblemLoader Loading environment from /home/runner/work/key/key/key.core/../key.ui/examples/redux/arrays/Arrays.fill.key 
91381      DEBUG main            d.u.i.k.p.i.AbstractProblemLoader Environment load took 212ns 
91382      INFO  main            d.u.i.k.p.i.AbstractProblemLoader Creating init config 
95397      DEBUG main            d.u.i.k.p.i.AbstractProblemLoader Init config took 4.02s 
95480      INFO  main            d.u.i.k.p.i.AbstractProblemLoader Replaying proof Arrays[Arrays::fill([I,int)].JML normal_behavior operation contract.0 
95482      DEBUG main            d.u.i.k.p.i.IntermediateProofReplayer Proof replay took 6.8ns 
95687      INFO  main            d.u.i.k.p.r.p.TestFile    ... finished proof: closed. 
95926      INFO  main            d.u.i.k.p.i.AbstractProblemLoader Loading environment from /home/runner/work/key/key/key.core/../key.ui/examples/redux/arrays/Arrays.fill.key.proof 
95927      DEBUG main            d.u.i.k.p.i.AbstractProblemLoader Environment load took 161.9ns 
95929      INFO  main            d.u.i.k.p.i.AbstractProblemLoader Creating init config 
99986      DEBUG main            d.u.i.k.p.i.AbstractProblemLoader Init config took 4.06s 
100043     INFO  main            d.u.i.k.p.i.AbstractProblemLoader Replaying proof Arrays[Arrays::fill([I,int)].JML normal_behavior operation contract.0 
100095     DEBUG main            d.u.i.k.p.i.IntermediateProofReplayer Proof replay took 47.96ms 
100096     DEBUG main            d.u.i.k.p.r.p.TestFile    ... success: reloaded. 
100097     INFO  main            d.u.i.k.p.r.p.TestFile    Now processing file /home/runner/work/key/key/key.core/../key.ui/examples/redux/arrays/Arrays.fill.float.key 
100098     INFO  main            d.u.i.k.p.i.AbstractProblemLoader Loading environment from /home/runner/work/key/key/key.core/../key.ui/examples/redux/arrays/Arrays.fill.float.key 
100098     DEBUG main            d.u.i.k.p.i.AbstractProblemLoader Environment load took 136.3ns 
100100     INFO  main            d.u.i.k.p.i.AbstractProblemLoader Creating init config 
104222     DEBUG main            d.u.i.k.p.i.AbstractProblemLoader Init config took 4.12s 
104270     INFO  main            d.u.i.k.p.i.AbstractProblemLoader Replaying proof Arrays[Arrays::fill([F,float)].JML normal_behavior operation contract.0 
104272     DEBUG main            d.u.i.k.p.i.IntermediateProofReplayer Proof replay took 7.4ns 
104576     INFO  main            d.u.i.k.p.r.p.TestFile    ... finished proof: closed. 
104836     INFO  main            d.u.i.k.p.i.AbstractProblemLoader Loading environment from /home/runner/work/key/key/key.core/../key.ui/examples/redux/arrays/Arrays.fill.float.key.proof 
104836     DEBUG main            d.u.i.k.p.i.AbstractProblemLoader Environment load took 436.41ns 
104838     INFO  main            d.u.i.k.p.i.AbstractProblemLoader Creating init config 
108948     DEBUG main            d.u.i.k.p.i.AbstractProblemLoader Init config took 4.11s 
108998     INFO  main            d.u.i.k.p.i.AbstractProblemLoader Replaying proof Arrays[Arrays::fill([F,float)].JML normal_behavior operation contract.0 
109064     DEBUG main            d.u.i.k.p.i.IntermediateProofReplayer Proof replay took 62.76ms 
109065     DEBUG main            d.u.i.k.p.r.p.TestFile    ... success: reloaded. 
109066     INFO  main            d.u.i.k.p.r.p.TestFile    Now processing file /home/runner/work/key/key/key.core/../key.ui/examples/redux/arrays/Arrays.fillFromTo.key 
109067     INFO  main            d.u.i.k.p.i.AbstractProblemLoader Loading environment from /home/runner/work/key/key/key.core/../key.ui/examples/redux/arrays/Arrays.fillFromTo.key 
109067     DEBUG main            d.u.i.k.p.i.AbstractProblemLoader Environment load took 259.3ns 
109068     INFO  main            d.u.i.k.p.i.AbstractProblemLoader Creating init config 
113088     DEBUG main            d.u.i.k.p.i.AbstractProblemLoader Init config took 4.02s 
113138     INFO  main            d.u.i.k.p.i.AbstractProblemLoader Replaying proof Arrays[Arrays::fill([I,int,int,int)].JML normal_behavior operation contract.0 
113140     DEBUG main            d.u.i.k.p.i.IntermediateProofReplayer Proof replay took 6.8ns 
113947     INFO  main            d.u.i.k.p.r.p.TestFile    ... finished proof: closed. 
114288     INFO  main            d.u.i.k.p.i.AbstractProblemLoader Loading environment from /home/runner/work/key/key/key.core/../key.ui/examples/redux/arrays/Arrays.fillFromTo.key.proof 
114288     DEBUG main            d.u.i.k.p.i.AbstractProblemLoader Environment load took 545.61ns 
114290     INFO  main            d.u.i.k.p.i.AbstractProblemLoader Creating init config 
118242     DEBUG main            d.u.i.k.p.i.AbstractProblemLoader Init config took 3.95s 
118290     INFO  main            d.u.i.k.p.i.AbstractProblemLoader Replaying proof Arrays[Arrays::fill([I,int,int,int)].JML normal_behavior operation contract.0 
118452     DEBUG main            d.u.i.k.p.i.IntermediateProofReplayer Proof replay took 157.85ms 
118455     DEBUG main            d.u.i.k.p.r.p.TestFile    ... success: reloaded. 
118455     INFO  main            d.u.i.k.p.r.p.TestFile    Now processing file /home/runner/work/key/key/key.core/../key.ui/examples/redux/arrays/Arrays.fillFromTo.float.key 
118456     INFO  main            d.u.i.k.p.i.AbstractProblemLoader Loading environment from /home/runner/work/key/key/key.core/../key.ui/examples/redux/arrays/Arrays.fillFromTo.float.key 
118456     DEBUG main            d.u.i.k.p.i.AbstractProblemLoader Environment load took 173.2ns 
118457     INFO  main            d.u.i.k.p.i.AbstractProblemLoader Creating init config 
122466     DEBUG main            d.u.i.k.p.i.AbstractProblemLoader Init config took 4.01s 
122512     INFO  main            d.u.i.k.p.i.AbstractProblemLoader Replaying proof Arrays[Arrays::fill([F,int,int,float)].JML normal_behavior operation contract.0 
122513     DEBUG main            d.u.i.k.p.i.IntermediateProofReplayer Proof replay took 7.1ns 
123422     INFO  main            d.u.i.k.p.r.p.TestFile    ... finished proof: closed. 
123725     INFO  main            d.u.i.k.p.i.AbstractProblemLoader Loading environment from /home/runner/work/key/key/key.core/../key.ui/examples/redux/arrays/Arrays.fillFromTo.float.key.proof 
123726     DEBUG main            d.u.i.k.p.i.AbstractProblemLoader Environment load took 1.03ms 
123728     INFO  main            d.u.i.k.p.i.AbstractProblemLoader Creating init config 
127694     DEBUG main            d.u.i.k.p.i.AbstractProblemLoader Init config took 3.97s 
127738     INFO  main            d.u.i.k.p.i.AbstractProblemLoader Replaying proof Arrays[Arrays::fill([F,int,int,float)].JML normal_behavior operation contract.0 
127944     DEBUG main            d.u.i.k.p.i.IntermediateProofReplayer Proof replay took 200.15ms 
127945     DEBUG main            d.u.i.k.p.r.p.TestFile    ... success: reloaded. 
127946     INFO  main            d.u.i.k.p.r.p.TestFile    Now processing file /home/runner/work/key/key/key.core/../key.ui/examples/redux/arrays/ArrayCopy.arraycopy.normal.0.key 
127946     INFO  main            d.u.i.k.p.i.AbstractProblemLoader Loading environment from /home/runner/work/key/key/key.core/../key.ui/examples/redux/arrays/ArrayCopy.arraycopy.normal.0.key 
127946     DEBUG main            d.u.i.k.p.i.AbstractProblemLoader Environment load took 241.4ns 
127947     INFO  main            d.u.i.k.p.i.AbstractProblemLoader Creating init config 
131984     DEBUG main            d.u.i.k.p.i.AbstractProblemLoader Init config took 4.04s 
132030     INFO  main            d.u.i.k.p.i.AbstractProblemLoader Replaying proof ArrayCopy[ArrayCopy::arraycopy(java.lang.Object,int,java.lang.Object,int,int)].JML normal_behavior operation contract.0 
132032     DEBUG main            d.u.i.k.p.i.IntermediateProofReplayer Proof replay took 7ns 
140674     INFO  main            d.u.i.k.p.r.p.TestFile    ... finished proof: closed. 
140982     INFO  main            d.u.i.k.p.i.AbstractProblemLoader Loading environment from /home/runner/work/key/key/key.core/../key.ui/examples/redux/arrays/ArrayCopy.arraycopy.normal.0.key.proof 
140982     DEBUG main            d.u.i.k.p.i.AbstractProblemLoader Environment load took 476.31ns 
140984     INFO  main            d.u.i.k.p.i.AbstractProblemLoader Creating init config 
144940     DEBUG main            d.u.i.k.p.i.AbstractProblemLoader Init config took 3.96s 
144984     INFO  main            d.u.i.k.p.i.AbstractProblemLoader Replaying proof ArrayCopy[ArrayCopy::arraycopy(java.lang.Object,int,java.lang.Object,int,int)].JML normal_behavior operation contract.0 
146284     DEBUG main            d.u.i.k.p.i.IntermediateProofReplayer Proof replay took 1.28s 
146286     DEBUG main            d.u.i.k.p.r.p.TestFile    ... success: reloaded. 
146287     INFO  main            d.u.i.k.p.r.p.TestFile    Now processing file /home/runner/work/key/key/key.core/../key.ui/examples/redux/arrays/ArrayCopy.arraycopy.exceptional.0.key 
146287     INFO  main            d.u.i.k.p.i.AbstractProblemLoader Loading environment from /home/runner/work/key/key/key.core/../key.ui/examples/redux/arrays/ArrayCopy.arraycopy.exceptional.0.key 
146287     DEBUG main            d.u.i.k.p.i.AbstractProblemLoader Environment load took 119.9ns 
146288     INFO  main            d.u.i.k.p.i.AbstractProblemLoader Creating init config 
150362     DEBUG main            d.u.i.k.p.i.AbstractProblemLoader Init config took 4.07s 
150405     INFO  main            d.u.i.k.p.i.AbstractProblemLoader Replaying proof ArrayCopy[ArrayCopy::arraycopy(java.lang.Object,int,java.lang.Object,int,int)].JML exceptional_behavior operation contract.0 
150407     DEBUG main            d.u.i.k.p.i.IntermediateProofReplayer Proof replay took 8ns 
150912     INFO  main            d.u.i.k.p.r.p.TestFile    ... finished proof: closed. 
151245     INFO  main            d.u.i.k.p.i.AbstractProblemLoader Loading environment from /home/runner/work/key/key/key.core/../key.ui/examples/redux/arrays/ArrayCopy.arraycopy.exceptional.0.key.proof 
151245     DEBUG main            d.u.i.k.p.i.AbstractProblemLoader Environment load took 433.61ns 
151247     INFO  main            d.u.i.k.p.i.AbstractProblemLoader Creating init config 
155157     DEBUG main            d.u.i.k.p.i.AbstractProblemLoader Init config took 3.91s 
155211     INFO  main            d.u.i.k.p.i.AbstractProblemLoader Replaying proof ArrayCopy[ArrayCopy::arraycopy(java.lang.Object,int,java.lang.Object,int,int)].JML exceptional_behavior operation contract.0 
155366     DEBUG main            d.u.i.k.p.i.IntermediateProofReplayer Proof replay took 150.98ms 
155368     DEBUG main            d.u.i.k.p.r.p.TestFile    ... success: reloaded. 
155369     INFO  main            d.u.i.k.p.r.p.TestFile    Now processing file /home/runner/work/key/key/key.core/../key.ui/examples/redux/arrays/ArrayCopy.arraycopy.exceptional.1.key 
155370     INFO  main            d.u.i.k.p.i.AbstractProblemLoader Loading environment from /home/runner/work/key/key/key.core/../key.ui/examples/redux/arrays/ArrayCopy.arraycopy.exceptional.1.key 
155370     DEBUG main            d.u.i.k.p.i.AbstractProblemLoader Environment load took 100.9ns 
155371     INFO  main            d.u.i.k.p.i.AbstractProblemLoader Creating init config 
159452     DEBUG main            d.u.i.k.p.i.AbstractProblemLoader Init config took 4.08s 
159500     INFO  main            d.u.i.k.p.i.AbstractProblemLoader Replaying proof ArrayCopy[ArrayCopy::arraycopy(java.lang.Object,int,java.lang.Object,int,int)].JML exceptional_behavior operation contract.1 
159503     DEBUG main            d.u.i.k.p.i.IntermediateProofReplayer Proof replay took 7ns 
167964     INFO  main            d.u.i.k.p.r.p.TestFile    ... finished proof: closed. 
168275     INFO  main            d.u.i.k.p.i.AbstractProblemLoader Loading environment from /home/runner/work/key/key/key.core/../key.ui/examples/redux/arrays/ArrayCopy.arraycopy.exceptional.1.key.proof 
168276     DEBUG main            d.u.i.k.p.i.AbstractProblemLoader Environment load took 471.01ns 
168280     INFO  main            d.u.i.k.p.i.AbstractProblemLoader Creating init config 
172140     DEBUG main            d.u.i.k.p.i.AbstractProblemLoader Init config took 3.86s 
172196     INFO  main            d.u.i.k.p.i.AbstractProblemLoader Replaying proof ArrayCopy[ArrayCopy::arraycopy(java.lang.Object,int,java.lang.Object,int,int)].JML exceptional_behavior operation contract.1 
174453     DEBUG main            d.u.i.k.p.i.IntermediateProofReplayer Proof replay took 2.23s 
174455     DEBUG main            d.u.i.k.p.r.p.TestFile    ... success: reloaded. 
7053690    INFO  Test worker     d.u.i.k.p.r.RunAllProofsTestUnit Returning from test redux 
]]></system-out>
  <system-err><![CDATA[ANTLR Tool version 4.12.0 used for code generation does not match the current runtime version 4.13.0
ANTLR Tool version 4.12.0 used for code generation does not match the current runtime version 4.13.0
ANTLR Tool version 4.12.0 used for code generation does not match the current runtime version 4.13.0
ANTLR Tool version 4.12.0 used for code generation does not match the current runtime version 4.13.0
ANTLR Tool version 4.12.0 used for code generation does not match the current runtime version 4.13.0
ANTLR Tool version 4.12.0 used for code generation does not match the current runtime version 4.13.0
ANTLR Tool version 4.12.0 used for code generation does not match the current runtime version 4.13.0
ANTLR Tool version 4.12.0 used for code generation does not match the current runtime version 4.13.0
ANTLR Tool version 4.12.0 used for code generation does not match the current runtime version 4.13.0
ANTLR Tool version 4.12.0 used for code generation does not match the current runtime version 4.13.0
ANTLR Tool version 4.12.0 used for code generation does not match the current runtime version 4.13.0
ANTLR Tool version 4.12.0 used for code generation does not match the current runtime version 4.13.0
ANTLR Tool version 4.12.0 used for code generation does not match the current runtime version 4.13.0
ANTLR Tool version 4.12.0 used for code generation does not match the current runtime version 4.13.0
ANTLR Tool version 4.12.0 used for code generation does not match the current runtime version 4.13.0
ANTLR Tool version 4.12.0 used for code generation does not match the current runtime version 4.13.0
ANTLR Tool version 4.12.0 used for code generation does not match the current runtime version 4.13.0
ANTLR Tool version 4.12.0 used for code generation does not match the current runtime version 4.13.0
ANTLR Tool version 4.12.0 used for code generation does not match the current runtime version 4.13.0
ANTLR Tool version 4.12.0 used for code generation does not match the current runtime version 4.13.0
ANTLR Tool version 4.12.0 used for code generation does not match the current runtime version 4.13.0
ANTLR Tool version 4.12.0 used for code generation does not match the current runtime version 4.13.0
ANTLR Tool version 4.12.0 used for code generation does not match the current runtime version 4.13.0
ANTLR Tool version 4.12.0 used for code generation does not match the current runtime version 4.13.0
ANTLR Tool version 4.12.0 used for code generation does not match the current runtime version 4.13.0
ANTLR Tool version 4.12.0 used for code generation does not match the current runtime version 4.13.0
ANTLR Tool version 4.12.0 used for code generation does not match the current runtime version 4.13.0
ANTLR Tool version 4.12.0 used for code generation does not match the current runtime version 4.13.0
ANTLR Tool version 4.12.0 used for code generation does not match the current runtime version 4.13.0
ANTLR Tool version 4.12.0 used for code generation does not match the current runtime version 4.13.0
ANTLR Tool version 4.12.0 used for code generation does not match the current runtime version 4.13.0
ANTLR Tool version 4.12.0 used for code generation does not match the current runtime version 4.13.0
ANTLR Tool version 4.12.0 used for code generation does not match the current runtime version 4.13.0
ANTLR Tool version 4.12.0 used for code generation does not match the current runtime version 4.13.0
ANTLR Tool version 4.12.0 used for code generation does not match the current runtime version 4.13.0
ANTLR Tool version 4.12.0 used for code generation does not match the current runtime version 4.13.0
ANTLR Tool version 4.12.0 used for code generation does not match the current runtime version 4.13.0
ANTLR Tool version 4.12.0 used for code generation does not match the current runtime version 4.13.0
ANTLR Tool version 4.12.0 used for code generation does not match the current runtime version 4.13.0
ANTLR Tool version 4.12.0 used for code generation does not match the current runtime version 4.13.0
ANTLR Tool version 4.12.0 used for code generation does not match the current runtime version 4.13.0
ANTLR Tool version 4.12.0 used for code generation does not match the current runtime version 4.13.0
ANTLR Tool version 4.12.0 used for code generation does not match the current runtime version 4.13.0
ANTLR Tool version 4.12.0 used for code generation does not match the current runtime version 4.13.0
ANTLR Tool version 4.12.0 used for code generation does not match the current runtime version 4.13.0
ANTLR Tool version 4.12.0 used for code generation does not match the current runtime version 4.13.0
ANTLR Tool version 4.12.0 used for code generation does not match the current runtime version 4.13.0
ANTLR Tool version 4.12.0 used for code generation does not match the current runtime version 4.13.0
ANTLR Tool version 4.12.0 used for code generation does not match the current runtime version 4.13.0
ANTLR Tool version 4.12.0 used for code generation does not match the current runtime version 4.13.0
ANTLR Tool version 4.12.0 used for code generation does not match the current runtime version 4.13.0
ANTLR Tool version 4.12.0 used for code generation does not match the current runtime version 4.13.0
ANTLR Tool version 4.12.0 used for code generation does not match the current runtime version 4.13.0
ANTLR Tool version 4.12.0 used for code generation does not match the current runtime version 4.13.0
ANTLR Tool version 4.12.0 used for code generation does not match the current runtime version 4.13.0
ANTLR Tool version 4.12.0 used for code generation does not match the current runtime version 4.13.0
ANTLR Tool version 4.12.0 used for code generation does not match the current runtime version 4.13.0
ANTLR Tool version 4.12.0 used for code generation does not match the current runtime version 4.13.0
ANTLR Tool version 4.12.0 used for code generation does not match the current runtime version 4.13.0
ANTLR Tool version 4.12.0 used for code generation does not match the current runtime version 4.13.0
ANTLR Tool version 4.12.0 used for code generation does not match the current runtime version 4.13.0
ANTLR Tool version 4.12.0 used for code generation does not match the current runtime version 4.13.0
ANTLR Tool version 4.12.0 used for code generation does not match the current runtime version 4.13.0
ANTLR Tool version 4.12.0 used for code generation does not match the current runtime version 4.13.0
ANTLR Tool version 4.12.0 used for code generation does not match the current runtime version 4.13.0
ANTLR Tool version 4.12.0 used for code generation does not match the current runtime version 4.13.0
ANTLR Tool version 4.12.0 used for code generation does not match the current runtime version 4.13.0
ANTLR Tool version 4.12.0 used for code generation does not match the current runtime version 4.13.0
ANTLR Tool version 4.12.0 used for code generation does not match the current runtime version 4.13.0
ANTLR Tool version 4.12.0 used for code generation does not match the current runtime version 4.13.0
ANTLR Tool version 4.12.0 used for code generation does not match the current runtime version 4.13.0
ANTLR Tool version 4.12.0 used for code generation does not match the current runtime version 4.13.0
ANTLR Tool version 4.12.0 used for code generation does not match the current runtime version 4.13.0
ANTLR Tool version 4.12.0 used for code generation does not match the current runtime version 4.13.0
ANTLR Tool version 4.12.0 used for code generation does not match the current runtime version 4.13.0
ANTLR Tool version 4.12.0 used for code generation does not match the current runtime version 4.13.0
ANTLR Tool version 4.12.0 used for code generation does not match the current runtime version 4.13.0
ANTLR Tool version 4.12.0 used for code generation does not match the current runtime version 4.13.0
ANTLR Tool version 4.12.0 used for code generation does not match the current runtime version 4.13.0
ANTLR Tool version 4.12.0 used for code generation does not match the current runtime version 4.13.0
ANTLR Tool version 4.12.0 used for code generation does not match the current runtime version 4.13.0
ANTLR Tool version 4.12.0 used for code generation does not match the current runtime version 4.13.0
ANTLR Tool version 4.12.0 used for code generation does not match the current runtime version 4.13.0
ANTLR Tool version 4.12.0 used for code generation does not match the current runtime version 4.13.0
ANTLR Tool version 4.12.0 used for code generation does not match the current runtime version 4.13.0
ANTLR Tool version 4.12.0 used for code generation does not match the current runtime version 4.13.0
ANTLR Tool version 4.12.0 used for code generation does not match the current runtime version 4.13.0
ANTLR Tool version 4.12.0 used for code generation does not match the current runtime version 4.13.0
ANTLR Tool version 4.12.0 used for code generation does not match the current runtime version 4.13.0
ANTLR Tool version 4.12.0 used for code generation does not match the current runtime version 4.13.0
ANTLR Tool version 4.12.0 used for code generation does not match the current runtime version 4.13.0
ANTLR Tool version 4.12.0 used for code generation does not match the current runtime version 4.13.0
ANTLR Tool version 4.12.0 used for code generation does not match the current runtime version 4.13.0
ANTLR Tool version 4.12.0 used for code generation does not match the current runtime version 4.13.0
ANTLR Tool version 4.12.0 used for code generation does not match the current runtime version 4.13.0
ANTLR Tool version 4.12.0 used for code generation does not match the current runtime version 4.13.0
ANTLR Tool version 4.12.0 used for code generation does not match the current runtime version 4.13.0
ANTLR Tool version 4.12.0 used for code generation does not match the current runtime version 4.13.0
ANTLR Tool version 4.12.0 used for code generation does not match the current runtime version 4.13.0
ANTLR Tool version 4.12.0 used for code generation does not match the current runtime version 4.13.0
ANTLR Tool version 4.12.0 used for code generation does not match the current runtime version 4.13.0
ANTLR Tool version 4.12.0 used for code generation does not match the current runtime version 4.13.0
ANTLR Tool version 4.12.0 used for code generation does not match the current runtime version 4.13.0
ANTLR Tool version 4.12.0 used for code generation does not match the current runtime version 4.13.0
ANTLR Tool version 4.12.0 used for code generation does not match the current runtime version 4.13.0
ANTLR Tool version 4.12.0 used for code generation does not match the current runtime version 4.13.0
ANTLR Tool version 4.12.0 used for code generation does not match the current runtime version 4.13.0
ANTLR Tool version 4.12.0 used for code generation does not match the current runtime version 4.13.0
ANTLR Tool version 4.12.0 used for code generation does not match the current runtime version 4.13.0
ANTLR Tool version 4.12.0 used for code generation does not match the current runtime version 4.13.0
ANTLR Tool version 4.12.0 used for code generation does not match the current runtime version 4.13.0
ANTLR Tool version 4.12.0 used for code generation does not match the current runtime version 4.13.0
ANTLR Tool version 4.12.0 used for code generation does not match the current runtime version 4.13.0
ANTLR Tool version 4.12.0 used for code generation does not match the current runtime version 4.13.0
ANTLR Tool version 4.12.0 used for code generation does not match the current runtime version 4.13.0
ANTLR Tool version 4.12.0 used for code generation does not match the current runtime version 4.13.0
ANTLR Tool version 4.12.0 used for code generation does not match the current runtime version 4.13.0
ANTLR Tool version 4.12.0 used for code generation does not match the current runtime version 4.13.0
ANTLR Tool version 4.12.0 used for code generation does not match the current runtime version 4.13.0
ANTLR Tool version 4.12.0 used for code generation does not match the current runtime version 4.13.0
ANTLR Tool version 4.12.0 used for code generation does not match the current runtime version 4.13.0
ANTLR Tool version 4.12.0 used for code generation does not match the current runtime version 4.13.0
ANTLR Tool version 4.12.0 used for code generation does not match the current runtime version 4.13.0
ANTLR Tool version 4.12.0 used for code generation does not match the current runtime version 4.13.0
ANTLR Tool version 4.12.0 used for code generation does not match the current runtime version 4.13.0
ANTLR Tool version 4.12.0 used for code generation does not match the current runtime version 4.13.0
ANTLR Tool version 4.12.0 used for code generation does not match the current runtime version 4.13.0
ANTLR Tool version 4.12.0 used for code generation does not match the current runtime version 4.13.0
ANTLR Tool version 4.12.0 used for code generation does not match the current runtime version 4.13.0
ANTLR Tool version 4.12.0 used for code generation does not match the current runtime version 4.13.0
ANTLR Tool version 4.12.0 used for code generation does not match the current runtime version 4.13.0
ANTLR Tool version 4.12.0 used for code generation does not match the current runtime version 4.13.0
ANTLR Tool version 4.12.0 used for code generation does not match the current runtime version 4.13.0
ANTLR Tool version 4.12.0 used for code generation does not match the current runtime version 4.13.0
ANTLR Tool version 4.12.0 used for code generation does not match the current runtime version 4.13.0
ANTLR Tool version 4.12.0 used for code generation does not match the current runtime version 4.13.0
]]></system-err>
</testsuite>
