<?xml version="1.0" encoding="UTF-8"?>
<testsuite name="de.uka.ilkd.key.logic.TestClashFreeSubst" tests="14" skipped="2" failures="0" errors="0" timestamp="2023-04-18T07:17:44" hostname="fv-az256-224" time="55.952">
  <properties/>
  <testcase name="testMultiShareBound()" classname="de.uka.ilkd.key.logic.TestClashFreeSubst" time="1.062"/>
  <testcase name="testClash()" classname="de.uka.ilkd.key.logic.TestClashFreeSubst" time="1.054"/>
  <testcase name="testShare()" classname="de.uka.ilkd.key.logic.TestClashFreeSubst" time="1.064"/>
  <testcase name="testSubst()" classname="de.uka.ilkd.key.logic.TestClashFreeSubst" time="1.032"/>
  <testcase name="testWary0()" classname="de.uka.ilkd.key.logic.TestClashFreeSubst" time="1.042"/>
  <testcase name="testWary1()" classname="de.uka.ilkd.key.logic.TestClashFreeSubst" time="1.023"/>
  <testcase name="testWary2()" classname="de.uka.ilkd.key.logic.TestClashFreeSubst" time="1.0"/>
  <testcase name="testClashInSubstTerm()" classname="de.uka.ilkd.key.logic.TestClashFreeSubst" time="1.027"/>
  <testcase name="testShareWary()" classname="de.uka.ilkd.key.logic.TestClashFreeSubst" time="0.989"/>
  <testcase name="testMultiSubst()" classname="de.uka.ilkd.key.logic.TestClashFreeSubst" time="0.993"/>
  <testcase name="xtestMultiClash()" classname="de.uka.ilkd.key.logic.TestClashFreeSubst" time="0.0">
    <skipped/>
  </testcase>
  <testcase name="testSubstInSubstTerm()" classname="de.uka.ilkd.key.logic.TestClashFreeSubst" time="0.993"/>
  <testcase name="testSubstWary()" classname="de.uka.ilkd.key.logic.TestClashFreeSubst" time="1.05"/>
  <testcase name="xtestMultiClash1()" classname="de.uka.ilkd.key.logic.TestClashFreeSubst" time="0.0">
    <skipped/>
  </testcase>
  <system-out><![CDATA[41311      INFO  Test worker     d.u.i.k.n.KeyIO           Parsing took 1 ms 
41311      INFO  Test worker     d.u.i.k.n.KeyIO           MODE: declarations took 0 ms 
42368      INFO  Test worker     d.u.i.k.n.KeyIO           Parsing took 0 ms 
42368      INFO  Test worker     d.u.i.k.n.KeyIO           MODE: declarations took 0 ms 
45820      INFO  Test worker     d.u.i.k.n.KeyIO           Parsing took 0 ms 
45820      INFO  Test worker     d.u.i.k.n.KeyIO           MODE: declarations took 0 ms 
46867      INFO  Test worker     d.u.i.k.n.KeyIO           Parsing took 0 ms 
46867      INFO  Test worker     d.u.i.k.n.KeyIO           MODE: declarations took 0 ms 
50272      INFO  Test worker     d.u.i.k.n.KeyIO           Parsing took 0 ms 
50272      INFO  Test worker     d.u.i.k.n.KeyIO           MODE: declarations took 0 ms 
51333      INFO  Test worker     d.u.i.k.n.KeyIO           Parsing took 0 ms 
51334      INFO  Test worker     d.u.i.k.n.KeyIO           MODE: declarations took 0 ms 
54744      INFO  Test worker     d.u.i.k.n.KeyIO           Parsing took 0 ms 
54745      INFO  Test worker     d.u.i.k.n.KeyIO           MODE: declarations took 0 ms 
55770      INFO  Test worker     d.u.i.k.n.KeyIO           Parsing took 0 ms 
55772      INFO  Test worker     d.u.i.k.n.KeyIO           MODE: declarations took 0 ms 
59119      INFO  Test worker     d.u.i.k.n.KeyIO           Parsing took 0 ms 
59120      INFO  Test worker     d.u.i.k.n.KeyIO           MODE: declarations took 1 ms 
60158      INFO  Test worker     d.u.i.k.n.KeyIO           Parsing took 0 ms 
60158      INFO  Test worker     d.u.i.k.n.KeyIO           MODE: declarations took 0 ms 
63536      INFO  Test worker     d.u.i.k.n.KeyIO           Parsing took 0 ms 
63536      INFO  Test worker     d.u.i.k.n.KeyIO           MODE: declarations took 0 ms 
64555      INFO  Test worker     d.u.i.k.n.KeyIO           Parsing took 0 ms 
64556      INFO  Test worker     d.u.i.k.n.KeyIO           MODE: declarations took 0 ms 
67872      INFO  Test worker     d.u.i.k.n.KeyIO           Parsing took 0 ms 
67872      INFO  Test worker     d.u.i.k.n.KeyIO           MODE: declarations took 0 ms 
68869      INFO  Test worker     d.u.i.k.n.KeyIO           Parsing took 1 ms 
68869      INFO  Test worker     d.u.i.k.n.KeyIO           MODE: declarations took 0 ms 
72146      INFO  Test worker     d.u.i.k.n.KeyIO           Parsing took 0 ms 
72146      INFO  Test worker     d.u.i.k.n.KeyIO           MODE: declarations took 0 ms 
73170      INFO  Test worker     d.u.i.k.n.KeyIO           Parsing took 0 ms 
73170      INFO  Test worker     d.u.i.k.n.KeyIO           MODE: declarations took 0 ms 
76510      INFO  Test worker     d.u.i.k.n.KeyIO           Parsing took 0 ms 
76510      INFO  Test worker     d.u.i.k.n.KeyIO           MODE: declarations took 0 ms 
77497      INFO  Test worker     d.u.i.k.n.KeyIO           Parsing took 0 ms 
77497      INFO  Test worker     d.u.i.k.n.KeyIO           MODE: declarations took 0 ms 
80861      INFO  Test worker     d.u.i.k.n.KeyIO           Parsing took 0 ms 
80862      INFO  Test worker     d.u.i.k.n.KeyIO           MODE: declarations took 0 ms 
81850      INFO  Test worker     d.u.i.k.n.KeyIO           Parsing took 0 ms 
81851      INFO  Test worker     d.u.i.k.n.KeyIO           MODE: declarations took 0 ms 
88513      INFO  Test worker     d.u.i.k.n.KeyIO           Parsing took 0 ms 
88513      INFO  Test worker     d.u.i.k.n.KeyIO           MODE: declarations took 0 ms 
89503      INFO  Test worker     d.u.i.k.n.KeyIO           Parsing took 0 ms 
89503      INFO  Test worker     d.u.i.k.n.KeyIO           MODE: declarations took 0 ms 
92831      INFO  Test worker     d.u.i.k.n.KeyIO           Parsing took 0 ms 
92832      INFO  Test worker     d.u.i.k.n.KeyIO           MODE: declarations took 1 ms 
93874      INFO  Test worker     d.u.i.k.n.KeyIO           Parsing took 0 ms 
93875      INFO  Test worker     d.u.i.k.n.KeyIO           MODE: declarations took 0 ms 
]]></system-out>
  <system-err><![CDATA[]]></system-err>
</testsuite>
