<?xml version="1.0" encoding="UTF-8"?>
<testsuite name="de.uka.ilkd.key.parser.TestTermParserHeap" tests="39" skipped="0" failures="0" errors="0" timestamp="2023-04-18T07:22:50" hostname="fv-az256-224" time="127.246">
  <properties/>
  <testcase name="testBracketHeapUpdate()" classname="de.uka.ilkd.key.parser.TestTermParserHeap" time="0.026"/>
  <testcase name="testStore()" classname="de.uka.ilkd.key.parser.TestTermParserHeap" time="0.008"/>
  <testcase name="testUnknownConstant()" classname="de.uka.ilkd.key.parser.TestTermParserHeap" time="0.002"/>
  <testcase name="testAllFieldsSelector()" classname="de.uka.ilkd.key.parser.TestTermParserHeap" time="0.001"/>
  <testcase name="testParsePrettyPrintedSelect()" classname="de.uka.ilkd.key.parser.TestTermParserHeap" time="0.002"/>
  <testcase name="testAccessStaticMembers()" classname="de.uka.ilkd.key.parser.TestTermParserHeap" time="0.006"/>
  <testcase name="testAtOperator_1()" classname="de.uka.ilkd.key.parser.TestTermParserHeap" time="0.002"/>
  <testcase name="testAtOperator_2()" classname="de.uka.ilkd.key.parser.TestTermParserHeap" time="0.003"/>
  <testcase name="testAtOperator_3()" classname="de.uka.ilkd.key.parser.TestTermParserHeap" time="0.001"/>
  <testcase name="testAtOperator_4()" classname="de.uka.ilkd.key.parser.TestTermParserHeap" time="0.005"/>
  <testcase name="testAtOperator_5()" classname="de.uka.ilkd.key.parser.TestTermParserHeap" time="0.002"/>
  <testcase name="testAtOperator_6()" classname="de.uka.ilkd.key.parser.TestTermParserHeap" time="0.002"/>
  <testcase name="testAtOperator_7()" classname="de.uka.ilkd.key.parser.TestTermParserHeap" time="0.003"/>
  <testcase name="testAtOperator_8()" classname="de.uka.ilkd.key.parser.TestTermParserHeap" time="0.002"/>
  <testcase name="testVerifyExceptionIfAtOperatorNotPreceededBySelectTerm()" classname="de.uka.ilkd.key.parser.TestTermParserHeap" time="0.002"/>
  <testcase name="testBugResettingCounter()" classname="de.uka.ilkd.key.parser.TestTermParserHeap" time="0.002"/>
  <testcase name="testLocationSets()" classname="de.uka.ilkd.key.parser.TestTermParserHeap" time="0.002"/>
  <testcase name="testQuantifiedSelect()" classname="de.uka.ilkd.key.parser.TestTermParserHeap" time="0.012"/>
  <testcase name="testGenericObjectProperties()" classname="de.uka.ilkd.key.parser.TestTermParserHeap" time="0.002"/>
  <testcase name="testQueryInheritance_1()" classname="de.uka.ilkd.key.parser.TestTermParserHeap" time="0.002"/>
  <testcase name="testQueryInheritance_2()" classname="de.uka.ilkd.key.parser.TestTermParserHeap" time="0.003"/>
  <testcase name="testQueryInheritance_3()" classname="de.uka.ilkd.key.parser.TestTermParserHeap" time="0.001"/>
  <testcase name="testQueryInheritance_4()" classname="de.uka.ilkd.key.parser.TestTermParserHeap" time="0.002"/>
  <testcase name="testQueryInheritance_5()" classname="de.uka.ilkd.key.parser.TestTermParserHeap" time="0.001"/>
  <testcase name="testQueryInheritance_6()" classname="de.uka.ilkd.key.parser.TestTermParserHeap" time="0.002"/>
  <testcase name="testQueryInheritance_7()" classname="de.uka.ilkd.key.parser.TestTermParserHeap" time="0.003"/>
  <testcase name="testQueryInheritance_8()" classname="de.uka.ilkd.key.parser.TestTermParserHeap" time="0.001"/>
  <testcase name="testQueryInheritance_9()" classname="de.uka.ilkd.key.parser.TestTermParserHeap" time="0.017"/>
  <testcase name="testQueryBasic_10()" classname="de.uka.ilkd.key.parser.TestTermParserHeap" time="0.001"/>
  <testcase name="testQueryBasic_11()" classname="de.uka.ilkd.key.parser.TestTermParserHeap" time="0.002"/>
  <testcase name="testQueryBasic_1()" classname="de.uka.ilkd.key.parser.TestTermParserHeap" time="0.001"/>
  <testcase name="testQueryBasic_2()" classname="de.uka.ilkd.key.parser.TestTermParserHeap" time="0.001"/>
  <testcase name="testQueryBasic_3()" classname="de.uka.ilkd.key.parser.TestTermParserHeap" time="0.002"/>
  <testcase name="testQueryBasic_4()" classname="de.uka.ilkd.key.parser.TestTermParserHeap" time="0.004"/>
  <testcase name="testQueryBasic_5()" classname="de.uka.ilkd.key.parser.TestTermParserHeap" time="0.001"/>
  <testcase name="testQueryBasic_6()" classname="de.uka.ilkd.key.parser.TestTermParserHeap" time="0.004"/>
  <testcase name="testQueryBasic_7()" classname="de.uka.ilkd.key.parser.TestTermParserHeap" time="0.001"/>
  <testcase name="testQueryBasic_8()" classname="de.uka.ilkd.key.parser.TestTermParserHeap" time="0.001"/>
  <testcase name="testQueryBasic_9()" classname="de.uka.ilkd.key.parser.TestTermParserHeap" time="0.001"/>
  <system-out><![CDATA[347981     INFO  Test worker     d.u.i.k.n.KeyIO           Parsing took 1 ms 
347982     INFO  Test worker     d.u.i.k.n.KeyIO           MODE: declarations took 1 ms 
347982     INFO  Test worker     d.u.i.k.n.KeyIO           Parsing took 0 ms 
347982     INFO  Test worker     d.u.i.k.n.KeyIO           MODE: declarations took 0 ms 
347982     INFO  Test worker     d.u.i.k.n.KeyIO           Parsing took 0 ms 
347982     INFO  Test worker     d.u.i.k.n.KeyIO           MODE: declarations took 0 ms 
347982     INFO  Test worker     d.u.i.k.n.KeyIO           Parsing took 0 ms 
347982     INFO  Test worker     d.u.i.k.n.KeyIO           MODE: declarations took 0 ms 
347982     INFO  Test worker     d.u.i.k.n.KeyIO           Parsing took 0 ms 
347982     INFO  Test worker     d.u.i.k.n.KeyIO           MODE: declarations took 0 ms 
351402     INFO  Test worker     d.u.i.k.n.KeyIO           Parsing took 0 ms 
351402     INFO  Test worker     d.u.i.k.n.KeyIO           MODE: declarations took 0 ms 
351402     INFO  Test worker     d.u.i.k.n.KeyIO           Parsing took 0 ms 
351403     INFO  Test worker     d.u.i.k.n.KeyIO           MODE: declarations took 1 ms 
351403     INFO  Test worker     d.u.i.k.n.KeyIO           Parsing took 0 ms 
351403     INFO  Test worker     d.u.i.k.n.KeyIO           MODE: declarations took 0 ms 
351403     INFO  Test worker     d.u.i.k.n.KeyIO           Parsing took 0 ms 
351403     INFO  Test worker     d.u.i.k.n.KeyIO           MODE: declarations took 0 ms 
351403     INFO  Test worker     d.u.i.k.n.KeyIO           Parsing took 0 ms 
351403     INFO  Test worker     d.u.i.k.n.KeyIO           MODE: declarations took 0 ms 
354790     INFO  Test worker     d.u.i.k.n.KeyIO           Parsing took 0 ms 
354790     INFO  Test worker     d.u.i.k.n.KeyIO           MODE: declarations took 0 ms 
354790     INFO  Test worker     d.u.i.k.n.KeyIO           Parsing took 0 ms 
354790     INFO  Test worker     d.u.i.k.n.KeyIO           MODE: declarations took 0 ms 
354790     INFO  Test worker     d.u.i.k.n.KeyIO           Parsing took 0 ms 
354790     INFO  Test worker     d.u.i.k.n.KeyIO           MODE: declarations took 0 ms 
354790     INFO  Test worker     d.u.i.k.n.KeyIO           Parsing took 0 ms 
354790     INFO  Test worker     d.u.i.k.n.KeyIO           MODE: declarations took 0 ms 
354791     INFO  Test worker     d.u.i.k.n.KeyIO           Parsing took 0 ms 
354791     INFO  Test worker     d.u.i.k.n.KeyIO           MODE: declarations took 0 ms 
354791     INFO  Test worker     d.u.i.k.n.KeyIO           Parsing took 0 ms 
354791     INFO  Test worker     d.u.i.k.n.KeyIO           MODE: declarations took 0 ms 
358528     INFO  Test worker     d.u.i.k.n.KeyIO           Parsing took 0 ms 
358528     INFO  Test worker     d.u.i.k.n.KeyIO           MODE: declarations took 0 ms 
358528     INFO  Test worker     d.u.i.k.n.KeyIO           Parsing took 0 ms 
358528     INFO  Test worker     d.u.i.k.n.KeyIO           MODE: declarations took 0 ms 
358528     INFO  Test worker     d.u.i.k.n.KeyIO           Parsing took 0 ms 
358528     INFO  Test worker     d.u.i.k.n.KeyIO           MODE: declarations took 0 ms 
358528     INFO  Test worker     d.u.i.k.n.KeyIO           Parsing took 0 ms 
358528     INFO  Test worker     d.u.i.k.n.KeyIO           MODE: declarations took 0 ms 
358528     INFO  Test worker     d.u.i.k.n.KeyIO           Parsing took 0 ms 
358528     INFO  Test worker     d.u.i.k.n.KeyIO           MODE: declarations took 0 ms 
361876     INFO  Test worker     d.u.i.k.n.KeyIO           Parsing took 0 ms 
361876     INFO  Test worker     d.u.i.k.n.KeyIO           MODE: declarations took 0 ms 
361876     INFO  Test worker     d.u.i.k.n.KeyIO           Parsing took 0 ms 
361876     INFO  Test worker     d.u.i.k.n.KeyIO           MODE: declarations took 0 ms 
361876     INFO  Test worker     d.u.i.k.n.KeyIO           Parsing took 0 ms 
361876     INFO  Test worker     d.u.i.k.n.KeyIO           MODE: declarations took 0 ms 
361876     INFO  Test worker     d.u.i.k.n.KeyIO           Parsing took 0 ms 
361876     INFO  Test worker     d.u.i.k.n.KeyIO           MODE: declarations took 0 ms 
361876     INFO  Test worker     d.u.i.k.n.KeyIO           Parsing took 0 ms 
361876     INFO  Test worker     d.u.i.k.n.KeyIO           MODE: declarations took 0 ms 
365320     INFO  Test worker     d.u.i.k.n.KeyIO           Parsing took 0 ms 
365320     INFO  Test worker     d.u.i.k.n.KeyIO           MODE: declarations took 0 ms 
365321     INFO  Test worker     d.u.i.k.n.KeyIO           Parsing took 0 ms 
365321     INFO  Test worker     d.u.i.k.n.KeyIO           MODE: declarations took 0 ms 
365321     INFO  Test worker     d.u.i.k.n.KeyIO           Parsing took 0 ms 
365322     INFO  Test worker     d.u.i.k.n.KeyIO           MODE: declarations took 0 ms 
365322     INFO  Test worker     d.u.i.k.n.KeyIO           Parsing took 0 ms 
365322     INFO  Test worker     d.u.i.k.n.KeyIO           MODE: declarations took 0 ms 
365322     INFO  Test worker     d.u.i.k.n.KeyIO           Parsing took 0 ms 
365323     INFO  Test worker     d.u.i.k.n.KeyIO           MODE: declarations took 0 ms 
368624     INFO  Test worker     d.u.i.k.n.KeyIO           Parsing took 0 ms 
368624     INFO  Test worker     d.u.i.k.n.KeyIO           MODE: declarations took 0 ms 
368624     INFO  Test worker     d.u.i.k.n.KeyIO           Parsing took 0 ms 
368624     INFO  Test worker     d.u.i.k.n.KeyIO           MODE: declarations took 0 ms 
368624     INFO  Test worker     d.u.i.k.n.KeyIO           Parsing took 0 ms 
368624     INFO  Test worker     d.u.i.k.n.KeyIO           MODE: declarations took 0 ms 
368624     INFO  Test worker     d.u.i.k.n.KeyIO           Parsing took 0 ms 
368624     INFO  Test worker     d.u.i.k.n.KeyIO           MODE: declarations took 0 ms 
368624     INFO  Test worker     d.u.i.k.n.KeyIO           Parsing took 0 ms 
368624     INFO  Test worker     d.u.i.k.n.KeyIO           MODE: declarations took 0 ms 
371930     INFO  Test worker     d.u.i.k.n.KeyIO           Parsing took 0 ms 
371930     INFO  Test worker     d.u.i.k.n.KeyIO           MODE: declarations took 0 ms 
371930     INFO  Test worker     d.u.i.k.n.KeyIO           Parsing took 0 ms 
371930     INFO  Test worker     d.u.i.k.n.KeyIO           MODE: declarations took 0 ms 
371930     INFO  Test worker     d.u.i.k.n.KeyIO           Parsing took 0 ms 
371930     INFO  Test worker     d.u.i.k.n.KeyIO           MODE: declarations took 0 ms 
371930     INFO  Test worker     d.u.i.k.n.KeyIO           Parsing took 0 ms 
371931     INFO  Test worker     d.u.i.k.n.KeyIO           MODE: declarations took 1 ms 
371931     INFO  Test worker     d.u.i.k.n.KeyIO           Parsing took 0 ms 
371932     INFO  Test worker     d.u.i.k.n.KeyIO           MODE: declarations took 1 ms 
375319     INFO  Test worker     d.u.i.k.n.KeyIO           Parsing took 0 ms 
375319     INFO  Test worker     d.u.i.k.n.KeyIO           MODE: declarations took 0 ms 
375319     INFO  Test worker     d.u.i.k.n.KeyIO           Parsing took 0 ms 
375319     INFO  Test worker     d.u.i.k.n.KeyIO           MODE: declarations took 0 ms 
375319     INFO  Test worker     d.u.i.k.n.KeyIO           Parsing took 0 ms 
375320     INFO  Test worker     d.u.i.k.n.KeyIO           MODE: declarations took 0 ms 
375320     INFO  Test worker     d.u.i.k.n.KeyIO           Parsing took 0 ms 
375320     INFO  Test worker     d.u.i.k.n.KeyIO           MODE: declarations took 0 ms 
375320     INFO  Test worker     d.u.i.k.n.KeyIO           Parsing took 0 ms 
375320     INFO  Test worker     d.u.i.k.n.KeyIO           MODE: declarations took 0 ms 
378766     INFO  Test worker     d.u.i.k.n.KeyIO           Parsing took 0 ms 
378766     INFO  Test worker     d.u.i.k.n.KeyIO           MODE: declarations took 0 ms 
378766     INFO  Test worker     d.u.i.k.n.KeyIO           Parsing took 0 ms 
378766     INFO  Test worker     d.u.i.k.n.KeyIO           MODE: declarations took 0 ms 
378766     INFO  Test worker     d.u.i.k.n.KeyIO           Parsing took 0 ms 
378766     INFO  Test worker     d.u.i.k.n.KeyIO           MODE: declarations took 0 ms 
378767     INFO  Test worker     d.u.i.k.n.KeyIO           Parsing took 0 ms 
378767     INFO  Test worker     d.u.i.k.n.KeyIO           MODE: declarations took 0 ms 
378767     INFO  Test worker     d.u.i.k.n.KeyIO           Parsing took 0 ms 
378767     INFO  Test worker     d.u.i.k.n.KeyIO           MODE: declarations took 0 ms 
382086     INFO  Test worker     d.u.i.k.n.KeyIO           Parsing took 0 ms 
382086     INFO  Test worker     d.u.i.k.n.KeyIO           MODE: declarations took 0 ms 
382086     INFO  Test worker     d.u.i.k.n.KeyIO           Parsing took 0 ms 
382086     INFO  Test worker     d.u.i.k.n.KeyIO           MODE: declarations took 0 ms 
382086     INFO  Test worker     d.u.i.k.n.KeyIO           Parsing took 0 ms 
382086     INFO  Test worker     d.u.i.k.n.KeyIO           MODE: declarations took 0 ms 
382086     INFO  Test worker     d.u.i.k.n.KeyIO           Parsing took 0 ms 
382086     INFO  Test worker     d.u.i.k.n.KeyIO           MODE: declarations took 0 ms 
382086     INFO  Test worker     d.u.i.k.n.KeyIO           Parsing took 0 ms 
382086     INFO  Test worker     d.u.i.k.n.KeyIO           MODE: declarations took 0 ms 
385406     INFO  Test worker     d.u.i.k.n.KeyIO           Parsing took 0 ms 
385407     INFO  Test worker     d.u.i.k.n.KeyIO           MODE: declarations took 0 ms 
385407     INFO  Test worker     d.u.i.k.n.KeyIO           Parsing took 0 ms 
385407     INFO  Test worker     d.u.i.k.n.KeyIO           MODE: declarations took 0 ms 
385407     INFO  Test worker     d.u.i.k.n.KeyIO           Parsing took 0 ms 
385407     INFO  Test worker     d.u.i.k.n.KeyIO           MODE: declarations took 0 ms 
385407     INFO  Test worker     d.u.i.k.n.KeyIO           Parsing took 0 ms 
385407     INFO  Test worker     d.u.i.k.n.KeyIO           MODE: declarations took 0 ms 
385407     INFO  Test worker     d.u.i.k.n.KeyIO           Parsing took 0 ms 
385407     INFO  Test worker     d.u.i.k.n.KeyIO           MODE: declarations took 0 ms 
388710     INFO  Test worker     d.u.i.k.n.KeyIO           Parsing took 0 ms 
388710     INFO  Test worker     d.u.i.k.n.KeyIO           MODE: declarations took 0 ms 
388711     INFO  Test worker     d.u.i.k.n.KeyIO           Parsing took 0 ms 
388711     INFO  Test worker     d.u.i.k.n.KeyIO           MODE: declarations took 0 ms 
388711     INFO  Test worker     d.u.i.k.n.KeyIO           Parsing took 0 ms 
388712     INFO  Test worker     d.u.i.k.n.KeyIO           MODE: declarations took 0 ms 
388712     INFO  Test worker     d.u.i.k.n.KeyIO           Parsing took 0 ms 
388712     INFO  Test worker     d.u.i.k.n.KeyIO           MODE: declarations took 0 ms 
388712     INFO  Test worker     d.u.i.k.n.KeyIO           Parsing took 0 ms 
388712     INFO  Test worker     d.u.i.k.n.KeyIO           MODE: declarations took 0 ms 
392027     INFO  Test worker     d.u.i.k.n.KeyIO           Parsing took 0 ms 
392027     INFO  Test worker     d.u.i.k.n.KeyIO           MODE: declarations took 0 ms 
392027     INFO  Test worker     d.u.i.k.n.KeyIO           Parsing took 0 ms 
392027     INFO  Test worker     d.u.i.k.n.KeyIO           MODE: declarations took 0 ms 
392027     INFO  Test worker     d.u.i.k.n.KeyIO           Parsing took 0 ms 
392027     INFO  Test worker     d.u.i.k.n.KeyIO           MODE: declarations took 0 ms 
392028     INFO  Test worker     d.u.i.k.n.KeyIO           Parsing took 1 ms 
392028     INFO  Test worker     d.u.i.k.n.KeyIO           MODE: declarations took 0 ms 
392028     INFO  Test worker     d.u.i.k.n.KeyIO           Parsing took 0 ms 
392028     INFO  Test worker     d.u.i.k.n.KeyIO           MODE: declarations took 0 ms 
395377     INFO  Test worker     d.u.i.k.n.KeyIO           Parsing took 0 ms 
395377     INFO  Test worker     d.u.i.k.n.KeyIO           MODE: declarations took 0 ms 
395377     INFO  Test worker     d.u.i.k.n.KeyIO           Parsing took 0 ms 
395377     INFO  Test worker     d.u.i.k.n.KeyIO           MODE: declarations took 0 ms 
395377     INFO  Test worker     d.u.i.k.n.KeyIO           Parsing took 0 ms 
395377     INFO  Test worker     d.u.i.k.n.KeyIO           MODE: declarations took 0 ms 
395377     INFO  Test worker     d.u.i.k.n.KeyIO           Parsing took 0 ms 
395377     INFO  Test worker     d.u.i.k.n.KeyIO           MODE: declarations took 0 ms 
395377     INFO  Test worker     d.u.i.k.n.KeyIO           Parsing took 0 ms 
395377     INFO  Test worker     d.u.i.k.n.KeyIO           MODE: declarations took 0 ms 
395379     WARN  Test worker     d.u.i.k.n.KeYParser       [syntax-error] <unknown>:1:11: mismatched input '@' expecting {'/', ':=', '.', '(', ')', '{', '[', '@', PARALLEL, OR, AND, IMP, '=', NOT_EQUALS, '%', '*', '-', '+', '>', GREATEREQUAL, '<', LESSEQUAL, LGUILLEMETS, EQV} [@11,11:11='@',<153>,1:11] (termEOF) 
398700     INFO  Test worker     d.u.i.k.n.KeyIO           Parsing took 0 ms 
398700     INFO  Test worker     d.u.i.k.n.KeyIO           MODE: declarations took 0 ms 
398700     INFO  Test worker     d.u.i.k.n.KeyIO           Parsing took 0 ms 
398700     INFO  Test worker     d.u.i.k.n.KeyIO           MODE: declarations took 0 ms 
398700     INFO  Test worker     d.u.i.k.n.KeyIO           Parsing took 0 ms 
398700     INFO  Test worker     d.u.i.k.n.KeyIO           MODE: declarations took 0 ms 
398700     INFO  Test worker     d.u.i.k.n.KeyIO           Parsing took 0 ms 
398700     INFO  Test worker     d.u.i.k.n.KeyIO           MODE: declarations took 0 ms 
398700     INFO  Test worker     d.u.i.k.n.KeyIO           Parsing took 0 ms 
398700     INFO  Test worker     d.u.i.k.n.KeyIO           MODE: declarations took 0 ms 
401988     INFO  Test worker     d.u.i.k.n.KeyIO           Parsing took 0 ms 
401988     INFO  Test worker     d.u.i.k.n.KeyIO           MODE: declarations took 0 ms 
401988     INFO  Test worker     d.u.i.k.n.KeyIO           Parsing took 0 ms 
401988     INFO  Test worker     d.u.i.k.n.KeyIO           MODE: declarations took 0 ms 
401988     INFO  Test worker     d.u.i.k.n.KeyIO           Parsing took 0 ms 
401988     INFO  Test worker     d.u.i.k.n.KeyIO           MODE: declarations took 0 ms 
401988     INFO  Test worker     d.u.i.k.n.KeyIO           Parsing took 0 ms 
401988     INFO  Test worker     d.u.i.k.n.KeyIO           MODE: declarations took 0 ms 
401988     INFO  Test worker     d.u.i.k.n.KeyIO           Parsing took 0 ms 
401988     INFO  Test worker     d.u.i.k.n.KeyIO           MODE: declarations took 0 ms 
405299     INFO  Test worker     d.u.i.k.n.KeyIO           Parsing took 0 ms 
405299     INFO  Test worker     d.u.i.k.n.KeyIO           MODE: declarations took 0 ms 
405299     INFO  Test worker     d.u.i.k.n.KeyIO           Parsing took 0 ms 
405299     INFO  Test worker     d.u.i.k.n.KeyIO           MODE: declarations took 0 ms 
405300     INFO  Test worker     d.u.i.k.n.KeyIO           Parsing took 1 ms 
405300     INFO  Test worker     d.u.i.k.n.KeyIO           MODE: declarations took 0 ms 
405300     INFO  Test worker     d.u.i.k.n.KeyIO           Parsing took 0 ms 
405308     INFO  Test worker     d.u.i.k.n.KeyIO           MODE: declarations took 0 ms 
405309     INFO  Test worker     d.u.i.k.n.KeyIO           Parsing took 0 ms 
405309     INFO  Test worker     d.u.i.k.n.KeyIO           MODE: declarations took 0 ms 
408729     INFO  Test worker     d.u.i.k.n.KeyIO           Parsing took 0 ms 
408730     INFO  Test worker     d.u.i.k.n.KeyIO           MODE: declarations took 1 ms 
408730     INFO  Test worker     d.u.i.k.n.KeyIO           Parsing took 0 ms 
408730     INFO  Test worker     d.u.i.k.n.KeyIO           MODE: declarations took 0 ms 
408730     INFO  Test worker     d.u.i.k.n.KeyIO           Parsing took 0 ms 
408730     INFO  Test worker     d.u.i.k.n.KeyIO           MODE: declarations took 0 ms 
408730     INFO  Test worker     d.u.i.k.n.KeyIO           Parsing took 0 ms 
408730     INFO  Test worker     d.u.i.k.n.KeyIO           MODE: declarations took 0 ms 
408730     INFO  Test worker     d.u.i.k.n.KeyIO           Parsing took 0 ms 
408730     INFO  Test worker     d.u.i.k.n.KeyIO           MODE: declarations took 0 ms 
412030     INFO  Test worker     d.u.i.k.n.KeyIO           Parsing took 0 ms 
412030     INFO  Test worker     d.u.i.k.n.KeyIO           MODE: declarations took 0 ms 
412030     INFO  Test worker     d.u.i.k.n.KeyIO           Parsing took 0 ms 
412030     INFO  Test worker     d.u.i.k.n.KeyIO           MODE: declarations took 0 ms 
412030     INFO  Test worker     d.u.i.k.n.KeyIO           Parsing took 0 ms 
412030     INFO  Test worker     d.u.i.k.n.KeyIO           MODE: declarations took 0 ms 
412030     INFO  Test worker     d.u.i.k.n.KeyIO           Parsing took 0 ms 
412030     INFO  Test worker     d.u.i.k.n.KeyIO           MODE: declarations took 0 ms 
412030     INFO  Test worker     d.u.i.k.n.KeyIO           Parsing took 0 ms 
412030     INFO  Test worker     d.u.i.k.n.KeyIO           MODE: declarations took 0 ms 
415390     INFO  Test worker     d.u.i.k.n.KeyIO           Parsing took 1 ms 
415390     INFO  Test worker     d.u.i.k.n.KeyIO           MODE: declarations took 0 ms 
415390     INFO  Test worker     d.u.i.k.n.KeyIO           Parsing took 0 ms 
415390     INFO  Test worker     d.u.i.k.n.KeyIO           MODE: declarations took 0 ms 
415390     INFO  Test worker     d.u.i.k.n.KeyIO           Parsing took 0 ms 
415390     INFO  Test worker     d.u.i.k.n.KeyIO           MODE: declarations took 0 ms 
415390     INFO  Test worker     d.u.i.k.n.KeyIO           Parsing took 0 ms 
415390     INFO  Test worker     d.u.i.k.n.KeyIO           MODE: declarations took 0 ms 
415390     INFO  Test worker     d.u.i.k.n.KeyIO           Parsing took 0 ms 
415391     INFO  Test worker     d.u.i.k.n.KeyIO           MODE: declarations took 1 ms 
418800     INFO  Test worker     d.u.i.k.n.KeyIO           Parsing took 1 ms 
418800     INFO  Test worker     d.u.i.k.n.KeyIO           MODE: declarations took 0 ms 
418800     INFO  Test worker     d.u.i.k.n.KeyIO           Parsing took 0 ms 
418800     INFO  Test worker     d.u.i.k.n.KeyIO           MODE: declarations took 0 ms 
418800     INFO  Test worker     d.u.i.k.n.KeyIO           Parsing took 0 ms 
418800     INFO  Test worker     d.u.i.k.n.KeyIO           MODE: declarations took 0 ms 
418800     INFO  Test worker     d.u.i.k.n.KeyIO           Parsing took 0 ms 
418800     INFO  Test worker     d.u.i.k.n.KeyIO           MODE: declarations took 0 ms 
418800     INFO  Test worker     d.u.i.k.n.KeyIO           Parsing took 0 ms 
418800     INFO  Test worker     d.u.i.k.n.KeyIO           MODE: declarations took 0 ms 
422140     INFO  Test worker     d.u.i.k.n.KeyIO           Parsing took 0 ms 
422141     INFO  Test worker     d.u.i.k.n.KeyIO           MODE: declarations took 0 ms 
422141     INFO  Test worker     d.u.i.k.n.KeyIO           Parsing took 0 ms 
422141     INFO  Test worker     d.u.i.k.n.KeyIO           MODE: declarations took 0 ms 
422141     INFO  Test worker     d.u.i.k.n.KeyIO           Parsing took 0 ms 
422141     INFO  Test worker     d.u.i.k.n.KeyIO           MODE: declarations took 0 ms 
422141     INFO  Test worker     d.u.i.k.n.KeyIO           Parsing took 0 ms 
422141     INFO  Test worker     d.u.i.k.n.KeyIO           MODE: declarations took 0 ms 
422141     INFO  Test worker     d.u.i.k.n.KeyIO           Parsing took 0 ms 
422141     INFO  Test worker     d.u.i.k.n.KeyIO           MODE: declarations took 0 ms 
425510     INFO  Test worker     d.u.i.k.n.KeyIO           Parsing took 0 ms 
425510     INFO  Test worker     d.u.i.k.n.KeyIO           MODE: declarations took 0 ms 
425510     INFO  Test worker     d.u.i.k.n.KeyIO           Parsing took 0 ms 
425510     INFO  Test worker     d.u.i.k.n.KeyIO           MODE: declarations took 0 ms 
425510     INFO  Test worker     d.u.i.k.n.KeyIO           Parsing took 0 ms 
425510     INFO  Test worker     d.u.i.k.n.KeyIO           MODE: declarations took 0 ms 
425510     INFO  Test worker     d.u.i.k.n.KeyIO           Parsing took 0 ms 
425510     INFO  Test worker     d.u.i.k.n.KeyIO           MODE: declarations took 0 ms 
425510     INFO  Test worker     d.u.i.k.n.KeyIO           Parsing took 0 ms 
425510     INFO  Test worker     d.u.i.k.n.KeyIO           MODE: declarations took 0 ms 
428898     INFO  Test worker     d.u.i.k.n.KeyIO           Parsing took 0 ms 
428898     INFO  Test worker     d.u.i.k.n.KeyIO           MODE: declarations took 0 ms 
428898     INFO  Test worker     d.u.i.k.n.KeyIO           Parsing took 0 ms 
428898     INFO  Test worker     d.u.i.k.n.KeyIO           MODE: declarations took 0 ms 
428898     INFO  Test worker     d.u.i.k.n.KeyIO           Parsing took 0 ms 
428898     INFO  Test worker     d.u.i.k.n.KeyIO           MODE: declarations took 0 ms 
428898     INFO  Test worker     d.u.i.k.n.KeyIO           Parsing took 0 ms 
428898     INFO  Test worker     d.u.i.k.n.KeyIO           MODE: declarations took 0 ms 
428898     INFO  Test worker     d.u.i.k.n.KeyIO           Parsing took 0 ms 
428898     INFO  Test worker     d.u.i.k.n.KeyIO           MODE: declarations took 0 ms 
432255     INFO  Test worker     d.u.i.k.n.KeyIO           Parsing took 0 ms 
432255     INFO  Test worker     d.u.i.k.n.KeyIO           MODE: declarations took 0 ms 
432255     INFO  Test worker     d.u.i.k.n.KeyIO           Parsing took 0 ms 
432256     INFO  Test worker     d.u.i.k.n.KeyIO           MODE: declarations took 0 ms 
432256     INFO  Test worker     d.u.i.k.n.KeyIO           Parsing took 0 ms 
432256     INFO  Test worker     d.u.i.k.n.KeyIO           MODE: declarations took 0 ms 
432256     INFO  Test worker     d.u.i.k.n.KeyIO           Parsing took 0 ms 
432256     INFO  Test worker     d.u.i.k.n.KeyIO           MODE: declarations took 0 ms 
432256     INFO  Test worker     d.u.i.k.n.KeyIO           Parsing took 0 ms 
432256     INFO  Test worker     d.u.i.k.n.KeyIO           MODE: declarations took 0 ms 
435620     INFO  Test worker     d.u.i.k.n.KeyIO           Parsing took 0 ms 
435620     INFO  Test worker     d.u.i.k.n.KeyIO           MODE: declarations took 0 ms 
435620     INFO  Test worker     d.u.i.k.n.KeyIO           Parsing took 0 ms 
435620     INFO  Test worker     d.u.i.k.n.KeyIO           MODE: declarations took 0 ms 
435620     INFO  Test worker     d.u.i.k.n.KeyIO           Parsing took 0 ms 
435620     INFO  Test worker     d.u.i.k.n.KeyIO           MODE: declarations took 0 ms 
435620     INFO  Test worker     d.u.i.k.n.KeyIO           Parsing took 0 ms 
435620     INFO  Test worker     d.u.i.k.n.KeyIO           MODE: declarations took 0 ms 
435620     INFO  Test worker     d.u.i.k.n.KeyIO           Parsing took 0 ms 
435620     INFO  Test worker     d.u.i.k.n.KeyIO           MODE: declarations took 0 ms 
438951     INFO  Test worker     d.u.i.k.n.KeyIO           Parsing took 0 ms 
438965     INFO  Test worker     d.u.i.k.n.KeyIO           MODE: declarations took 0 ms 
438965     INFO  Test worker     d.u.i.k.n.KeyIO           Parsing took 0 ms 
438965     INFO  Test worker     d.u.i.k.n.KeyIO           MODE: declarations took 0 ms 
438966     INFO  Test worker     d.u.i.k.n.KeyIO           Parsing took 0 ms 
438966     INFO  Test worker     d.u.i.k.n.KeyIO           MODE: declarations took 0 ms 
438966     INFO  Test worker     d.u.i.k.n.KeyIO           Parsing took 0 ms 
438966     INFO  Test worker     d.u.i.k.n.KeyIO           MODE: declarations took 0 ms 
438967     INFO  Test worker     d.u.i.k.n.KeyIO           Parsing took 0 ms 
438967     INFO  Test worker     d.u.i.k.n.KeyIO           MODE: declarations took 0 ms 
442344     INFO  Test worker     d.u.i.k.n.KeyIO           Parsing took 0 ms 
442344     INFO  Test worker     d.u.i.k.n.KeyIO           MODE: declarations took 0 ms 
442345     INFO  Test worker     d.u.i.k.n.KeyIO           Parsing took 0 ms 
442345     INFO  Test worker     d.u.i.k.n.KeyIO           MODE: declarations took 0 ms 
442345     INFO  Test worker     d.u.i.k.n.KeyIO           Parsing took 0 ms 
442345     INFO  Test worker     d.u.i.k.n.KeyIO           MODE: declarations took 0 ms 
442345     INFO  Test worker     d.u.i.k.n.KeyIO           Parsing took 0 ms 
442345     INFO  Test worker     d.u.i.k.n.KeyIO           MODE: declarations took 0 ms 
442345     INFO  Test worker     d.u.i.k.n.KeyIO           Parsing took 0 ms 
442345     INFO  Test worker     d.u.i.k.n.KeyIO           MODE: declarations took 0 ms 
445620     INFO  Test worker     d.u.i.k.n.KeyIO           Parsing took 0 ms 
445620     INFO  Test worker     d.u.i.k.n.KeyIO           MODE: declarations took 0 ms 
445620     INFO  Test worker     d.u.i.k.n.KeyIO           Parsing took 0 ms 
445621     INFO  Test worker     d.u.i.k.n.KeyIO           MODE: declarations took 1 ms 
445621     INFO  Test worker     d.u.i.k.n.KeyIO           Parsing took 0 ms 
445621     INFO  Test worker     d.u.i.k.n.KeyIO           MODE: declarations took 0 ms 
445621     INFO  Test worker     d.u.i.k.n.KeyIO           Parsing took 0 ms 
445621     INFO  Test worker     d.u.i.k.n.KeyIO           MODE: declarations took 0 ms 
445621     INFO  Test worker     d.u.i.k.n.KeyIO           Parsing took 0 ms 
445621     INFO  Test worker     d.u.i.k.n.KeyIO           MODE: declarations took 0 ms 
448835     INFO  Test worker     d.u.i.k.n.KeyIO           Parsing took 1 ms 
448835     INFO  Test worker     d.u.i.k.n.KeyIO           MODE: declarations took 0 ms 
448835     INFO  Test worker     d.u.i.k.n.KeyIO           Parsing took 0 ms 
448835     INFO  Test worker     d.u.i.k.n.KeyIO           MODE: declarations took 0 ms 
448835     INFO  Test worker     d.u.i.k.n.KeyIO           Parsing took 0 ms 
448835     INFO  Test worker     d.u.i.k.n.KeyIO           MODE: declarations took 0 ms 
448835     INFO  Test worker     d.u.i.k.n.KeyIO           Parsing took 0 ms 
448835     INFO  Test worker     d.u.i.k.n.KeyIO           MODE: declarations took 0 ms 
448835     INFO  Test worker     d.u.i.k.n.KeyIO           Parsing took 0 ms 
448835     INFO  Test worker     d.u.i.k.n.KeyIO           MODE: declarations took 0 ms 
452129     INFO  Test worker     d.u.i.k.n.KeyIO           Parsing took 0 ms 
452129     INFO  Test worker     d.u.i.k.n.KeyIO           MODE: declarations took 0 ms 
452129     INFO  Test worker     d.u.i.k.n.KeyIO           Parsing took 0 ms 
452129     INFO  Test worker     d.u.i.k.n.KeyIO           MODE: declarations took 0 ms 
452130     INFO  Test worker     d.u.i.k.n.KeyIO           Parsing took 1 ms 
452130     INFO  Test worker     d.u.i.k.n.KeyIO           MODE: declarations took 0 ms 
452130     INFO  Test worker     d.u.i.k.n.KeyIO           Parsing took 0 ms 
452130     INFO  Test worker     d.u.i.k.n.KeyIO           MODE: declarations took 0 ms 
452130     INFO  Test worker     d.u.i.k.n.KeyIO           Parsing took 0 ms 
452130     INFO  Test worker     d.u.i.k.n.KeyIO           MODE: declarations took 0 ms 
455528     INFO  Test worker     d.u.i.k.n.KeyIO           Parsing took 0 ms 
455529     INFO  Test worker     d.u.i.k.n.KeyIO           MODE: declarations took 1 ms 
455529     INFO  Test worker     d.u.i.k.n.KeyIO           Parsing took 0 ms 
455529     INFO  Test worker     d.u.i.k.n.KeyIO           MODE: declarations took 0 ms 
455529     INFO  Test worker     d.u.i.k.n.KeyIO           Parsing took 0 ms 
455529     INFO  Test worker     d.u.i.k.n.KeyIO           MODE: declarations took 0 ms 
455529     INFO  Test worker     d.u.i.k.n.KeyIO           Parsing took 0 ms 
455529     INFO  Test worker     d.u.i.k.n.KeyIO           MODE: declarations took 0 ms 
455529     INFO  Test worker     d.u.i.k.n.KeyIO           Parsing took 0 ms 
455529     INFO  Test worker     d.u.i.k.n.KeyIO           MODE: declarations took 0 ms 
458801     INFO  Test worker     d.u.i.k.n.KeyIO           Parsing took 0 ms 
458801     INFO  Test worker     d.u.i.k.n.KeyIO           MODE: declarations took 0 ms 
458801     INFO  Test worker     d.u.i.k.n.KeyIO           Parsing took 0 ms 
458801     INFO  Test worker     d.u.i.k.n.KeyIO           MODE: declarations took 0 ms 
458802     INFO  Test worker     d.u.i.k.n.KeyIO           Parsing took 0 ms 
458802     INFO  Test worker     d.u.i.k.n.KeyIO           MODE: declarations took 0 ms 
458802     INFO  Test worker     d.u.i.k.n.KeyIO           Parsing took 0 ms 
458802     INFO  Test worker     d.u.i.k.n.KeyIO           MODE: declarations took 0 ms 
458802     INFO  Test worker     d.u.i.k.n.KeyIO           Parsing took 0 ms 
458802     INFO  Test worker     d.u.i.k.n.KeyIO           MODE: declarations took 0 ms 
462080     INFO  Test worker     d.u.i.k.n.KeyIO           Parsing took 1 ms 
462080     INFO  Test worker     d.u.i.k.n.KeyIO           MODE: declarations took 0 ms 
462080     INFO  Test worker     d.u.i.k.n.KeyIO           Parsing took 0 ms 
462080     INFO  Test worker     d.u.i.k.n.KeyIO           MODE: declarations took 0 ms 
462080     INFO  Test worker     d.u.i.k.n.KeyIO           Parsing took 0 ms 
462080     INFO  Test worker     d.u.i.k.n.KeyIO           MODE: declarations took 0 ms 
462080     INFO  Test worker     d.u.i.k.n.KeyIO           Parsing took 0 ms 
462080     INFO  Test worker     d.u.i.k.n.KeyIO           MODE: declarations took 0 ms 
462080     INFO  Test worker     d.u.i.k.n.KeyIO           Parsing took 0 ms 
462080     INFO  Test worker     d.u.i.k.n.KeyIO           MODE: declarations took 0 ms 
465432     INFO  Test worker     d.u.i.k.n.KeyIO           Parsing took 0 ms 
465432     INFO  Test worker     d.u.i.k.n.KeyIO           MODE: declarations took 0 ms 
465432     INFO  Test worker     d.u.i.k.n.KeyIO           Parsing took 0 ms 
465432     INFO  Test worker     d.u.i.k.n.KeyIO           MODE: declarations took 0 ms 
465432     INFO  Test worker     d.u.i.k.n.KeyIO           Parsing took 0 ms 
465432     INFO  Test worker     d.u.i.k.n.KeyIO           MODE: declarations took 0 ms 
465432     INFO  Test worker     d.u.i.k.n.KeyIO           Parsing took 0 ms 
465432     INFO  Test worker     d.u.i.k.n.KeyIO           MODE: declarations took 0 ms 
465432     INFO  Test worker     d.u.i.k.n.KeyIO           Parsing took 0 ms 
465432     INFO  Test worker     d.u.i.k.n.KeyIO           MODE: declarations took 0 ms 
468746     INFO  Test worker     d.u.i.k.n.KeyIO           Parsing took 0 ms 
468746     INFO  Test worker     d.u.i.k.n.KeyIO           MODE: declarations took 0 ms 
468746     INFO  Test worker     d.u.i.k.n.KeyIO           Parsing took 0 ms 
468746     INFO  Test worker     d.u.i.k.n.KeyIO           MODE: declarations took 0 ms 
468746     INFO  Test worker     d.u.i.k.n.KeyIO           Parsing took 0 ms 
468746     INFO  Test worker     d.u.i.k.n.KeyIO           MODE: declarations took 0 ms 
468746     INFO  Test worker     d.u.i.k.n.KeyIO           Parsing took 0 ms 
468746     INFO  Test worker     d.u.i.k.n.KeyIO           MODE: declarations took 0 ms 
468746     INFO  Test worker     d.u.i.k.n.KeyIO           Parsing took 0 ms 
468746     INFO  Test worker     d.u.i.k.n.KeyIO           MODE: declarations took 0 ms 
471978     INFO  Test worker     d.u.i.k.n.KeyIO           Parsing took 0 ms 
471978     INFO  Test worker     d.u.i.k.n.KeyIO           MODE: declarations took 0 ms 
471978     INFO  Test worker     d.u.i.k.n.KeyIO           Parsing took 0 ms 
471978     INFO  Test worker     d.u.i.k.n.KeyIO           MODE: declarations took 0 ms 
471978     INFO  Test worker     d.u.i.k.n.KeyIO           Parsing took 0 ms 
471979     INFO  Test worker     d.u.i.k.n.KeyIO           MODE: declarations took 0 ms 
471979     INFO  Test worker     d.u.i.k.n.KeyIO           Parsing took 0 ms 
471979     INFO  Test worker     d.u.i.k.n.KeyIO           MODE: declarations took 0 ms 
471979     INFO  Test worker     d.u.i.k.n.KeyIO           Parsing took 0 ms 
471979     INFO  Test worker     d.u.i.k.n.KeyIO           MODE: declarations took 0 ms 
475225     INFO  Test worker     d.u.i.k.n.KeyIO           Parsing took 0 ms 
475225     INFO  Test worker     d.u.i.k.n.KeyIO           MODE: declarations took 0 ms 
475225     INFO  Test worker     d.u.i.k.n.KeyIO           Parsing took 0 ms 
475225     INFO  Test worker     d.u.i.k.n.KeyIO           MODE: declarations took 0 ms 
475225     INFO  Test worker     d.u.i.k.n.KeyIO           Parsing took 0 ms 
475225     INFO  Test worker     d.u.i.k.n.KeyIO           MODE: declarations took 0 ms 
475225     INFO  Test worker     d.u.i.k.n.KeyIO           Parsing took 0 ms 
475225     INFO  Test worker     d.u.i.k.n.KeyIO           MODE: declarations took 0 ms 
475225     INFO  Test worker     d.u.i.k.n.KeyIO           Parsing took 0 ms 
475226     INFO  Test worker     d.u.i.k.n.KeyIO           MODE: declarations took 0 ms 
]]></system-out>
  <system-err><![CDATA[]]></system-err>
</testsuite>
