<?xml version="1.0" encoding="UTF-8"?>
<testsuite name="de.uka.ilkd.key.nparser.ParseLDTsTests" tests="2" skipped="0" failures="0" errors="0" timestamp="2023-04-18T07:20:48" hostname="fv-az256-224" time="1.063">
  <properties/>
  <testcase name="testLDT()" classname="de.uka.ilkd.key.nparser.ParseLDTsTests" time="0.017"/>
  <testcase name="testSR()" classname="de.uka.ilkd.key.nparser.ParseLDTsTests" time="1.046"/>
  <system-out><![CDATA[226049     INFO  Test worker     d.u.i.k.n.KeyIO           Parsing took 8 ms 
226050     INFO  Test worker     d.u.i.k.n.KeyIO           MODE: declarations took 1 ms 
226455     INFO  Test worker     d.u.i.k.n.KeyIO           Parsing took 398 ms 
226458     INFO  Test worker     d.u.i.k.n.KeyIO           MODE: declarations took 3 ms 
]]></system-out>
  <system-err><![CDATA[]]></system-err>
</testsuite>
