<?xml version="1.0" encoding="UTF-8"?>
<testsuite name="de.uka.ilkd.key.taclettranslation.TestTacletTranslator" tests="5" skipped="0" failures="0" errors="0" timestamp="2023-04-18T07:32:36" hostname="fv-az256-224" time="0.015">
  <properties/>
  <testcase name="testPropositional1()" classname="de.uka.ilkd.key.taclettranslation.TestTacletTranslator" time="0.003"/>
  <testcase name="testPropositional2()" classname="de.uka.ilkd.key.taclettranslation.TestTacletTranslator" time="0.001"/>
  <testcase name="testNegativePolarity()" classname="de.uka.ilkd.key.taclettranslation.TestTacletTranslator" time="0.006"/>
  <testcase name="testNoPolarity()" classname="de.uka.ilkd.key.taclettranslation.TestTacletTranslator" time="0.002"/>
  <testcase name="testPositivePolarity()" classname="de.uka.ilkd.key.taclettranslation.TestTacletTranslator" time="0.001"/>
  <system-out><![CDATA[933831     INFO  Test worker     d.u.i.k.n.KeyIO           Parsing took 0 ms 
933831     INFO  Test worker     d.u.i.k.n.KeyIO           MODE: declarations took 0 ms 
933835     INFO  Test worker     d.u.i.k.n.KeyIO           Parsing took 1 ms 
933835     INFO  Test worker     d.u.i.k.n.KeyIO           MODE: declarations took 0 ms 
933839     INFO  Test worker     d.u.i.k.n.KeyIO           Parsing took 0 ms 
933840     INFO  Test worker     d.u.i.k.n.KeyIO           MODE: declarations took 0 ms 
933842     INFO  Test worker     d.u.i.k.n.KeyIO           Parsing took 0 ms 
933842     INFO  Test worker     d.u.i.k.n.KeyIO           MODE: declarations took 0 ms 
933844     INFO  Test worker     d.u.i.k.n.KeyIO           Parsing took 0 ms 
933845     INFO  Test worker     d.u.i.k.n.KeyIO           MODE: declarations took 0 ms 
]]></system-out>
  <system-err><![CDATA[]]></system-err>
</testsuite>
