<?xml version="1.0" encoding="UTF-8"?>
<testsuite name="de.uka.ilkd.key.logic.TestVariableNamer" tests="3" skipped="0" failures="0" errors="0" timestamp="2023-04-18T07:20:09" hostname="fv-az256-224" time="0.017">
  <properties/>
  <testcase name="testInnerRename()" classname="de.uka.ilkd.key.logic.TestVariableNamer" time="0.006"/>
  <testcase name="testNameProposals()" classname="de.uka.ilkd.key.logic.TestVariableNamer" time="0.002"/>
  <testcase name="testInnerRenameUniqueness()" classname="de.uka.ilkd.key.logic.TestVariableNamer" time="0.002"/>
  <system-out><![CDATA[]]></system-out>
  <system-err><![CDATA[]]></system-err>
</testsuite>
