<?xml version="1.0" encoding="UTF-8"?>
<testsuite name="de.uka.ilkd.key.nparser.ExprTest" tests="23" skipped="0" failures="0" errors="0" timestamp="2023-04-18T07:20:46" hostname="fv-az256-224" time="2.707">
  <properties/>
  <testcase name="[1] (bprod{int y;}(1, 2, y) = 0)" classname="de.uka.ilkd.key.nparser.ExprTest" time="0.037"/>
  <testcase name="[2] 1 = 1 -&gt; 2 = 2" classname="de.uka.ilkd.key.nparser.ExprTest" time="0.027"/>
  <testcase name="[3] \&lt; { int x = 1; } \&gt; x=1" classname="de.uka.ilkd.key.nparser.ExprTest" time="1.05"/>
  <testcase name="[4] \&lt;{ int x = 1; {int s = 2;} }\&gt; x=x" classname="de.uka.ilkd.key.nparser.ExprTest" time="1.209"/>
  <testcase name="[5] true" classname="de.uka.ilkd.key.nparser.ExprTest" time="0.016"/>
  <testcase name="[6] true &amp; false" classname="de.uka.ilkd.key.nparser.ExprTest" time="0.015"/>
  <testcase name="[7] 0" classname="de.uka.ilkd.key.nparser.ExprTest" time="0.015"/>
  <testcase name="[8] 1" classname="de.uka.ilkd.key.nparser.ExprTest" time="0.015"/>
  <testcase name="[9] 42" classname="de.uka.ilkd.key.nparser.ExprTest" time="0.014"/>
  <testcase name="[10] -5" classname="de.uka.ilkd.key.nparser.ExprTest" time="0.015"/>
  <testcase name="[11] 1 + 1 = 2" classname="de.uka.ilkd.key.nparser.ExprTest" time="0.014"/>
  <testcase name="[12] \if (3=4) \then (1) \else (2)" classname="de.uka.ilkd.key.nparser.ExprTest" time="0.023"/>
  <testcase name="[13] \if (3=4 &amp; 1=1) \then (\if (3=4) \then (1) \else (2)) \else (2)" classname="de.uka.ilkd.key.nparser.ExprTest" time="0.019"/>
  <testcase name="[14] aa + bb*cc" classname="de.uka.ilkd.key.nparser.ExprTest" time="0.024"/>
  <testcase name="[15] aa%bb*cc &lt; -123" classname="de.uka.ilkd.key.nparser.ExprTest" time="0.018"/>
  <testcase name="[16] \forall int x; true" classname="de.uka.ilkd.key.nparser.ExprTest" time="0.018"/>
  <testcase name="[17] \forall numbers x; x = x" classname="de.uka.ilkd.key.nparser.ExprTest" time="0.025"/>
  <testcase name="[18] (int)3+2" classname="de.uka.ilkd.key.nparser.ExprTest" time="0.02"/>
  <testcase name="[19] 1.f + 1f = 20e-1f * (2f-1f)" classname="de.uka.ilkd.key.nparser.ExprTest" time="0.025"/>
  <testcase name="[20] 1.d + 1d &lt;= 20e+1d * .01d" classname="de.uka.ilkd.key.nparser.ExprTest" time="0.017"/>
  <testcase name="[21] 1f &lt;= 2f" classname="de.uka.ilkd.key.nparser.ExprTest" time="0.025"/>
  <testcase name="[22] 2d &gt; 1d" classname="de.uka.ilkd.key.nparser.ExprTest" time="0.021"/>
  <testcase name="[23] seqEmpty + seqEmpty" classname="de.uka.ilkd.key.nparser.ExprTest" time="0.013"/>
  <system-out><![CDATA[223346     INFO  Test worker     d.u.i.k.n.KeyIO           Parsing took 10 ms 
223347     INFO  Test worker     d.u.i.k.n.KeyIO           MODE: declarations took 1 ms 
223360     INFO  Test worker     d.u.i.k.n.ExprTest        Term: equals(bprod{y:int}(Z(1(#)),Z(2(#)),y),Z(0(#))) 
223381     INFO  Test worker     d.u.i.k.n.KeyIO           Parsing took 9 ms 
223394     INFO  Test worker     d.u.i.k.n.KeyIO           MODE: declarations took 1 ms 
223397     INFO  Test worker     d.u.i.k.n.ExprTest        Term: imp(equals(Z(1(#)),Z(1(#))),equals(Z(2(#)),Z(2(#)))) 
223420     INFO  Test worker     d.u.i.k.n.KeyIO           Parsing took 19 ms 
223422     INFO  Test worker     d.u.i.k.n.KeyIO           MODE: declarations took 1 ms 
224446     INFO  Test worker     d.u.i.k.n.ExprTest        Term: \<{
  int x = 1;
}\> (equals(x,Z(1(#)))) 
224460     INFO  Test worker     d.u.i.k.n.KeyIO           Parsing took 9 ms 
224462     INFO  Test worker     d.u.i.k.n.KeyIO           MODE: declarations took 1 ms 
225658     INFO  Test worker     d.u.i.k.n.ExprTest        Term: \<{
  int x = 1;
  {
    int s = 2;
  }
}\> (equals(x,x)) 
225669     INFO  Test worker     d.u.i.k.n.KeyIO           Parsing took 9 ms 
225670     INFO  Test worker     d.u.i.k.n.KeyIO           MODE: declarations took 1 ms 
225673     INFO  Test worker     d.u.i.k.n.ExprTest        Term: true 
225686     INFO  Test worker     d.u.i.k.n.KeyIO           Parsing took 8 ms 
225688     INFO  Test worker     d.u.i.k.n.KeyIO           MODE: declarations took 1 ms 
225690     INFO  Test worker     d.u.i.k.n.ExprTest        Term: and(true,false) 
225702     INFO  Test worker     d.u.i.k.n.KeyIO           Parsing took 10 ms 
225703     INFO  Test worker     d.u.i.k.n.KeyIO           MODE: declarations took 1 ms 
225706     INFO  Test worker     d.u.i.k.n.ExprTest        Term: Z(0(#)) 
225717     INFO  Test worker     d.u.i.k.n.KeyIO           Parsing took 9 ms 
225719     INFO  Test worker     d.u.i.k.n.KeyIO           MODE: declarations took 1 ms 
225721     INFO  Test worker     d.u.i.k.n.ExprTest        Term: Z(1(#)) 
225732     INFO  Test worker     d.u.i.k.n.KeyIO           Parsing took 9 ms 
225734     INFO  Test worker     d.u.i.k.n.KeyIO           MODE: declarations took 2 ms 
225736     INFO  Test worker     d.u.i.k.n.ExprTest        Term: Z(2(4(#))) 
225748     INFO  Test worker     d.u.i.k.n.KeyIO           Parsing took 9 ms 
225749     INFO  Test worker     d.u.i.k.n.KeyIO           MODE: declarations took 1 ms 
225752     INFO  Test worker     d.u.i.k.n.ExprTest        Term: Z(neglit(5(#))) 
225764     INFO  Test worker     d.u.i.k.n.KeyIO           Parsing took 9 ms 
225765     INFO  Test worker     d.u.i.k.n.KeyIO           MODE: declarations took 1 ms 
225768     INFO  Test worker     d.u.i.k.n.ExprTest        Term: equals(add(Z(1(#)),Z(1(#))),Z(2(#))) 
225786     INFO  Test worker     d.u.i.k.n.KeyIO           Parsing took 15 ms 
225787     INFO  Test worker     d.u.i.k.n.KeyIO           MODE: declarations took 1 ms 
225792     INFO  Test worker     d.u.i.k.n.ExprTest        Term: if-then-else(equals(Z(3(#)),Z(4(#))),Z(1(#)),Z(2(#))) 
225805     INFO  Test worker     d.u.i.k.n.KeyIO           Parsing took 9 ms 
225808     INFO  Test worker     d.u.i.k.n.KeyIO           MODE: declarations took 2 ms 
225811     INFO  Test worker     d.u.i.k.n.ExprTest        Term: if-then-else(and(equals(Z(3(#)),Z(4(#))),equals(Z(1(#)),Z(1(#)))),if-then-else(equals(Z(3(#)),Z(4(#))),Z(1(#)),Z(2(#))),Z(2(#))) 
225831     INFO  Test worker     d.u.i.k.n.KeyIO           Parsing took 15 ms 
225833     INFO  Test worker     d.u.i.k.n.KeyIO           MODE: declarations took 1 ms 
225836     INFO  Test worker     d.u.i.k.n.ExprTest        Term: add(aa,mul(bb,cc)) 
225850     INFO  Test worker     d.u.i.k.n.KeyIO           Parsing took 10 ms 
225852     INFO  Test worker     d.u.i.k.n.KeyIO           MODE: declarations took 1 ms 
225855     INFO  Test worker     d.u.i.k.n.ExprTest        Term: lt(mul(mod(aa,bb),cc),Z(neglit(3(2(1(#)))))) 
225870     INFO  Test worker     d.u.i.k.n.KeyIO           Parsing took 9 ms 
225872     INFO  Test worker     d.u.i.k.n.KeyIO           MODE: declarations took 1 ms 
225875     INFO  Test worker     d.u.i.k.n.ExprTest        Term: all{x:int}(true) 
225892     INFO  Test worker     d.u.i.k.n.KeyIO           Parsing took 14 ms 
225897     INFO  Test worker     d.u.i.k.n.KeyIO           MODE: declarations took 4 ms 
225901     INFO  Test worker     d.u.i.k.n.ExprTest        Term: all{x:numbers}(equals(x,x)) 
225918     INFO  Test worker     d.u.i.k.n.KeyIO           Parsing took 11 ms 
225921     INFO  Test worker     d.u.i.k.n.KeyIO           MODE: declarations took 2 ms 
225925     INFO  Test worker     d.u.i.k.n.ExprTest        Term: add(int::cast(Z(3(#))),Z(2(#))) 
225941     INFO  Test worker     d.u.i.k.n.KeyIO           Parsing took 12 ms 
225943     INFO  Test worker     d.u.i.k.n.KeyIO           MODE: declarations took 1 ms 
225948     INFO  Test worker     d.u.i.k.n.ExprTest        Term: equals(addFloat(FP(6(1(2(3(5(3(5(6(0(1(#))))))))))),FP(6(1(2(3(5(3(5(6(0(1(#)))))))))))),mulFloat(FP(4(2(8(1(4(7(3(7(0(1(#))))))))))),subFloat(FP(4(2(8(1(4(7(3(7(0(1(#))))))))))),FP(6(1(2(3(5(3(5(6(0(1(#)))))))))))))) 
225966     INFO  Test worker     d.u.i.k.n.KeyIO           Parsing took 8 ms 
225968     INFO  Test worker     d.u.i.k.n.KeyIO           MODE: declarations took 0 ms 
225973     INFO  Test worker     d.u.i.k.n.ExprTest        Term: leqDouble(addDouble(DFP(8(0(4(7(1(0(0(0(8(8(1(4(2(8(1(7(0(6(4(#)))))))))))))))))))),DFP(8(0(4(7(1(0(0(0(8(8(1(4(2(8(1(7(0(6(4(#))))))))))))))))))))),mulDouble(DFP(4(8(7(6(0(0(2(8(9(0(9(8(0(4(2(1(4(6(4(#)))))))))))))))))))),DFP(5(7(6(7(8(0(4(0(3(9(2(2(8(1(9(6(7(5(4(#)))))))))))))))))))))) 
225990     INFO  Test worker     d.u.i.k.n.KeyIO           Parsing took 10 ms 
225997     INFO  Test worker     d.u.i.k.n.KeyIO           MODE: declarations took 1 ms 
226002     INFO  Test worker     d.u.i.k.n.ExprTest        Term: leqFloat(FP(6(1(2(3(5(3(5(6(0(1(#))))))))))),FP(4(2(8(1(4(7(3(7(0(1(#)))))))))))) 
226020     INFO  Test worker     d.u.i.k.n.KeyIO           Parsing took 13 ms 
226022     INFO  Test worker     d.u.i.k.n.KeyIO           MODE: declarations took 1 ms 
226025     INFO  Test worker     d.u.i.k.n.ExprTest        Term: gtDouble(DFP(4(0(9(7(8(3(7(2(4(8(1(0(6(8(6(1(1(6(4(#)))))))))))))))))))),DFP(8(0(4(7(1(0(0(0(8(8(1(4(2(8(1(7(0(6(4(#))))))))))))))))))))) 
226036     INFO  Test worker     d.u.i.k.n.KeyIO           Parsing took 9 ms 
226037     INFO  Test worker     d.u.i.k.n.KeyIO           MODE: declarations took 1 ms 
226039     INFO  Test worker     d.u.i.k.n.ExprTest        Term: seqConcat(seqEmpty,seqEmpty) 
]]></system-out>
  <system-err><![CDATA[]]></system-err>
</testsuite>
