<?xml version="1.0" encoding="UTF-8"?>
<testsuite name="de.uka.ilkd.key.logic.TestName" tests="1" skipped="0" failures="0" errors="0" timestamp="2023-04-18T07:18:45" hostname="fv-az256-224" time="0.011">
  <properties/>
  <testcase name="testEquals()" classname="de.uka.ilkd.key.logic.TestName" time="0.011"/>
  <system-out><![CDATA[]]></system-out>
  <system-err><![CDATA[]]></system-err>
</testsuite>
