<?xml version="1.0" encoding="UTF-8"?>
<testsuite name="de.uka.ilkd.key.parser.TestTermParser" tests="47" skipped="4" failures="0" errors="0" timestamp="2023-04-18T07:22:43" hostname="fv-az256-224" time="3.913">
  <properties/>
  <testcase name="testNotEqual()" classname="de.uka.ilkd.key.parser.TestTermParser" time="0.012"/>
  <testcase name="testProgramVariables()" classname="de.uka.ilkd.key.parser.TestTermParser" time="0.081"/>
  <testcase name="testAttributeWithSpecifiedSortOnObject()" classname="de.uka.ilkd.key.parser.TestTermParser" time="0.013"/>
  <testcase name="testCast()" classname="de.uka.ilkd.key.parser.TestTermParser" time="0.004"/>
  <testcase name="testJavaQueryAndAttribute_all()" classname="de.uka.ilkd.key.parser.TestTermParser" time="0.001">
    <skipped/>
  </testcase>
  <testcase name="test10()" classname="de.uka.ilkd.key.parser.TestTermParser" time="0.006"/>
  <testcase name="test11()" classname="de.uka.ilkd.key.parser.TestTermParser" time="0.002"/>
  <testcase name="test12()" classname="de.uka.ilkd.key.parser.TestTermParser" time="0.0">
    <skipped/>
  </testcase>
  <testcase name="test13()" classname="de.uka.ilkd.key.parser.TestTermParser" time="0.005"/>
  <testcase name="test14()" classname="de.uka.ilkd.key.parser.TestTermParser" time="0.003"/>
  <testcase name="test1a()" classname="de.uka.ilkd.key.parser.TestTermParser" time="0.002"/>
  <testcase name="testJavaAttributeAccess_4()" classname="de.uka.ilkd.key.parser.TestTermParser" time="0.006"/>
  <testcase name="testAttributeOnObject()" classname="de.uka.ilkd.key.parser.TestTermParser" time="0.004"/>
  <testcase name="testNegativeLiteralParsing1()" classname="de.uka.ilkd.key.parser.TestTermParser" time="0.002"/>
  <testcase name="testNegativeLiteralParsing2()" classname="de.uka.ilkd.key.parser.TestTermParser" time="0.001"/>
  <testcase name="testNegativeLiteralParsing3()" classname="de.uka.ilkd.key.parser.TestTermParser" time="0.002"/>
  <testcase name="xtestParsingArrayWithSpaces()" classname="de.uka.ilkd.key.parser.TestTermParser" time="0.0">
    <skipped/>
  </testcase>
  <testcase name="testAmbigiousFuncVarPred()" classname="de.uka.ilkd.key.parser.TestTermParser" time="0.002"/>
  <testcase name="test1()" classname="de.uka.ilkd.key.parser.TestTermParser" time="0.004"/>
  <testcase name="test2()" classname="de.uka.ilkd.key.parser.TestTermParser" time="0.002"/>
  <testcase name="test3()" classname="de.uka.ilkd.key.parser.TestTermParser" time="0.002"/>
  <testcase name="test5()" classname="de.uka.ilkd.key.parser.TestTermParser" time="0.002"/>
  <testcase name="test6()" classname="de.uka.ilkd.key.parser.TestTermParser" time="0.001"/>
  <testcase name="test7()" classname="de.uka.ilkd.key.parser.TestTermParser" time="0.002"/>
  <testcase name="test8()" classname="de.uka.ilkd.key.parser.TestTermParser" time="0.002"/>
  <testcase name="test9()" classname="de.uka.ilkd.key.parser.TestTermParser" time="0.002"/>
  <testcase name="testBindingUpdateTerm()" classname="de.uka.ilkd.key.parser.TestTermParser" time="0.001"/>
  <testcase name="testJavaStaticQuery()" classname="de.uka.ilkd.key.parser.TestTermParser" time="0.003"/>
  <testcase name="testInfix1()" classname="de.uka.ilkd.key.parser.TestTermParser" time="0.002"/>
  <testcase name="testInfix2()" classname="de.uka.ilkd.key.parser.TestTermParser" time="0.003"/>
  <testcase name="testInfix3()" classname="de.uka.ilkd.key.parser.TestTermParser" time="0.003"/>
  <testcase name="testInfix4()" classname="de.uka.ilkd.key.parser.TestTermParser" time="0.003"/>
  <testcase name="testIfThenElse()" classname="de.uka.ilkd.key.parser.TestTermParser" time="0.006"/>
  <testcase name="testJavaAttributeAccessBoth_1()" classname="de.uka.ilkd.key.parser.TestTermParser" time="0.004"/>
  <testcase name="testJavaAttributeAccessBoth_2()" classname="de.uka.ilkd.key.parser.TestTermParser" time="0.003"/>
  <testcase name="testJavaAttributeAccessBoth_3()" classname="de.uka.ilkd.key.parser.TestTermParser" time="0.003"/>
  <testcase name="testBindingUpdateTerm_1()" classname="de.uka.ilkd.key.parser.TestTermParser" time="0.002"/>
  <testcase name="testBindingUpdateTerm_3()" classname="de.uka.ilkd.key.parser.TestTermParser" time="0.004"/>
  <testcase name="testBindingUpdateTerm_4()" classname="de.uka.ilkd.key.parser.TestTermParser" time="0.001"/>
  <testcase name="testBindingUpdateTerm_5()" classname="de.uka.ilkd.key.parser.TestTermParser" time="0.002"/>
  <testcase name="testBindingUpdateTerm_6()" classname="de.uka.ilkd.key.parser.TestTermParser" time="0.001"/>
  <testcase name="testBindingUpdateTerm_7()" classname="de.uka.ilkd.key.parser.TestTermParser" time="0.002"/>
  <testcase name="testBindingUpdateTerm_8()" classname="de.uka.ilkd.key.parser.TestTermParser" time="0.002"/>
  <testcase name="testParsingArray()" classname="de.uka.ilkd.key.parser.TestTermParser" time="0.004"/>
  <testcase name="xtestBindingUpdateTermOldBindingAlternative()" classname="de.uka.ilkd.key.parser.TestTermParser" time="0.0">
    <skipped/>
  </testcase>
  <testcase name="testJavaStaticQueryWithParameter()" classname="de.uka.ilkd.key.parser.TestTermParser" time="0.004"/>
  <testcase name="testParsingArrayCombination()" classname="de.uka.ilkd.key.parser.TestTermParser" time="0.003"/>
  <system-out><![CDATA[340474     INFO  Test worker     d.u.i.k.n.KeyIO           Parsing took 1 ms 
340474     INFO  Test worker     d.u.i.k.n.KeyIO           MODE: declarations took 0 ms 
340477     WARN  Test worker     d.u.i.k.j.r.KeYCrossReferenceNameInfo Datatype T declared twice: Once in UNKNOWN:unknown and once in UNKNOWN:unknown, Keeping one from UNKNOWN:unknown 
340640     INFO  Test worker     d.u.i.k.n.KeyIO           Parsing took 1 ms 
340641     INFO  Test worker     d.u.i.k.n.KeyIO           MODE: declarations took 0 ms 
340723     WARN  Test worker     d.u.i.k.j.r.KeYCrossReferenceNameInfo Datatype T declared twice: Once in UNKNOWN:unknown and once in UNKNOWN:unknown, Keeping one from UNKNOWN:unknown 
340822     INFO  Test worker     d.u.i.k.n.KeyIO           Parsing took 0 ms 
340826     INFO  Test worker     d.u.i.k.n.KeyIO           MODE: declarations took 0 ms 
340833     WARN  Test worker     d.u.i.k.j.r.KeYCrossReferenceNameInfo Datatype T declared twice: Once in UNKNOWN:unknown and once in UNKNOWN:unknown, Keeping one from UNKNOWN:unknown 
340927     INFO  Test worker     d.u.i.k.n.KeyIO           Parsing took 0 ms 
340929     INFO  Test worker     d.u.i.k.n.KeyIO           MODE: declarations took 0 ms 
340931     WARN  Test worker     d.u.i.k.j.r.KeYCrossReferenceNameInfo Datatype T declared twice: Once in UNKNOWN:unknown and once in UNKNOWN:unknown, Keeping one from UNKNOWN:unknown 
341024     WARN  Test worker     d.u.i.k.j.r.KeYCrossReferenceNameInfo Datatype T declared twice: Once in UNKNOWN:unknown and once in UNKNOWN:unknown, Keeping one from UNKNOWN:unknown 
341121     INFO  Test worker     d.u.i.k.n.KeyIO           Parsing took 0 ms 
341123     INFO  Test worker     d.u.i.k.n.KeyIO           MODE: declarations took 1 ms 
341124     INFO  Test worker     d.u.i.k.p.TestTermParser  Out: \<{
  int x = 1;
  {
    int s = 2;
  }
}\> (equals(x,x)) 
341129     WARN  Test worker     d.u.i.k.j.r.KeYCrossReferenceNameInfo Datatype T declared twice: Once in UNKNOWN:unknown and once in UNKNOWN:unknown, Keeping one from UNKNOWN:unknown 
341203     INFO  Test worker     d.u.i.k.n.KeyIO           Parsing took 0 ms 
341203     INFO  Test worker     d.u.i.k.n.KeyIO           MODE: declarations took 0 ms 
341205     INFO  Test worker     d.u.i.k.p.TestTermParser  Out: \[{
  int x = 2;
  {
    String s = ""}";
  }
}\] (true) 
341205     WARN  Test worker     d.u.i.k.j.r.KeYCrossReferenceNameInfo Datatype T declared twice: Once in UNKNOWN:unknown and once in UNKNOWN:unknown, Keeping one from UNKNOWN:unknown 
341277     WARN  Test worker     d.u.i.k.j.r.KeYCrossReferenceNameInfo Datatype T declared twice: Once in UNKNOWN:unknown and once in UNKNOWN:unknown, Keeping one from UNKNOWN:unknown 
341414     INFO  Test worker     d.u.i.k.n.KeyIO           Parsing took 0 ms 
341414     INFO  Test worker     d.u.i.k.n.KeyIO           MODE: declarations took 0 ms 
341420     WARN  Test worker     d.u.i.k.j.r.KeYCrossReferenceNameInfo Datatype T declared twice: Once in UNKNOWN:unknown and once in UNKNOWN:unknown, Keeping one from UNKNOWN:unknown 
341489     INFO  Test worker     d.u.i.k.n.KeyIO           Parsing took 0 ms 
341489     INFO  Test worker     d.u.i.k.n.KeyIO           MODE: declarations took 0 ms 
341491     INFO  Test worker     d.u.i.k.p.TestTermParser  Out: \<{
  int[] i;
}\> (diamond(true)) 
341492     WARN  Test worker     d.u.i.k.j.r.KeYCrossReferenceNameInfo Datatype T declared twice: Once in UNKNOWN:unknown and once in UNKNOWN:unknown, Keeping one from UNKNOWN:unknown 
341574     INFO  Test worker     d.u.i.k.n.KeyIO           Parsing took 0 ms 
341574     INFO  Test worker     d.u.i.k.n.KeyIO           MODE: declarations took 0 ms 
341577     WARN  Test worker     d.u.i.k.j.r.KeYCrossReferenceNameInfo Datatype T declared twice: Once in UNKNOWN:unknown and once in UNKNOWN:unknown, Keeping one from UNKNOWN:unknown 
341660     INFO  Test worker     d.u.i.k.n.KeyIO           Parsing took 1 ms 
341660     INFO  Test worker     d.u.i.k.n.KeyIO           MODE: declarations took 0 ms 
341666     WARN  Test worker     d.u.i.k.j.r.KeYCrossReferenceNameInfo Datatype T declared twice: Once in UNKNOWN:unknown and once in UNKNOWN:unknown, Keeping one from UNKNOWN:unknown 
341737     INFO  Test worker     d.u.i.k.n.KeyIO           Parsing took 0 ms 
341738     INFO  Test worker     d.u.i.k.n.KeyIO           MODE: declarations took 0 ms 
341741     WARN  Test worker     d.u.i.k.j.r.KeYCrossReferenceNameInfo Datatype T declared twice: Once in UNKNOWN:unknown and once in UNKNOWN:unknown, Keeping one from UNKNOWN:unknown 
341811     INFO  Test worker     d.u.i.k.n.KeyIO           Parsing took 0 ms 
341812     INFO  Test worker     d.u.i.k.n.KeyIO           MODE: declarations took 0 ms 
341813     WARN  Test worker     d.u.i.k.j.r.KeYCrossReferenceNameInfo Datatype T declared twice: Once in UNKNOWN:unknown and once in UNKNOWN:unknown, Keeping one from UNKNOWN:unknown 
341882     INFO  Test worker     d.u.i.k.n.KeyIO           Parsing took 1 ms 
341882     INFO  Test worker     d.u.i.k.n.KeyIO           MODE: declarations took 0 ms 
341883     WARN  Test worker     d.u.i.k.j.r.KeYCrossReferenceNameInfo Datatype T declared twice: Once in UNKNOWN:unknown and once in UNKNOWN:unknown, Keeping one from UNKNOWN:unknown 
341953     INFO  Test worker     d.u.i.k.n.KeyIO           Parsing took 1 ms 
341953     INFO  Test worker     d.u.i.k.n.KeyIO           MODE: declarations took 0 ms 
341955     WARN  Test worker     d.u.i.k.j.r.KeYCrossReferenceNameInfo Datatype T declared twice: Once in UNKNOWN:unknown and once in UNKNOWN:unknown, Keeping one from UNKNOWN:unknown 
342029     WARN  Test worker     d.u.i.k.j.r.KeYCrossReferenceNameInfo Datatype T declared twice: Once in UNKNOWN:unknown and once in UNKNOWN:unknown, Keeping one from UNKNOWN:unknown 
342118     INFO  Test worker     d.u.i.k.n.KeyIO           Parsing took 1 ms 
342118     INFO  Test worker     d.u.i.k.n.KeyIO           MODE: declarations took 0 ms 
342120     WARN  Test worker     d.u.i.k.j.r.KeYCrossReferenceNameInfo Datatype T declared twice: Once in UNKNOWN:unknown and once in UNKNOWN:unknown, Keeping one from UNKNOWN:unknown 
342205     INFO  Test worker     d.u.i.k.n.KeyIO           Parsing took 0 ms 
342206     INFO  Test worker     d.u.i.k.n.KeyIO           MODE: declarations took 0 ms 
342209     WARN  Test worker     d.u.i.k.j.r.KeYCrossReferenceNameInfo Datatype T declared twice: Once in UNKNOWN:unknown and once in UNKNOWN:unknown, Keeping one from UNKNOWN:unknown 
342282     INFO  Test worker     d.u.i.k.n.KeyIO           Parsing took 1 ms 
342282     INFO  Test worker     d.u.i.k.n.KeyIO           MODE: declarations took 0 ms 
342284     WARN  Test worker     d.u.i.k.j.r.KeYCrossReferenceNameInfo Datatype T declared twice: Once in UNKNOWN:unknown and once in UNKNOWN:unknown, Keeping one from UNKNOWN:unknown 
342358     INFO  Test worker     d.u.i.k.n.KeyIO           Parsing took 1 ms 
342358     INFO  Test worker     d.u.i.k.n.KeyIO           MODE: declarations took 0 ms 
342359     WARN  Test worker     d.u.i.k.j.r.KeYCrossReferenceNameInfo Datatype T declared twice: Once in UNKNOWN:unknown and once in UNKNOWN:unknown, Keeping one from UNKNOWN:unknown 
342429     INFO  Test worker     d.u.i.k.n.KeyIO           Parsing took 0 ms 
342429     INFO  Test worker     d.u.i.k.n.KeyIO           MODE: declarations took 0 ms 
342431     WARN  Test worker     d.u.i.k.j.r.KeYCrossReferenceNameInfo Datatype T declared twice: Once in UNKNOWN:unknown and once in UNKNOWN:unknown, Keeping one from UNKNOWN:unknown 
342505     INFO  Test worker     d.u.i.k.n.KeyIO           Parsing took 0 ms 
342505     INFO  Test worker     d.u.i.k.n.KeyIO           MODE: declarations took 0 ms 
342507     WARN  Test worker     d.u.i.k.j.r.KeYCrossReferenceNameInfo Datatype T declared twice: Once in UNKNOWN:unknown and once in UNKNOWN:unknown, Keeping one from UNKNOWN:unknown 
342581     INFO  Test worker     d.u.i.k.n.KeyIO           Parsing took 0 ms 
342582     INFO  Test worker     d.u.i.k.n.KeyIO           MODE: declarations took 0 ms 
342583     WARN  Test worker     d.u.i.k.j.r.KeYCrossReferenceNameInfo Datatype T declared twice: Once in UNKNOWN:unknown and once in UNKNOWN:unknown, Keeping one from UNKNOWN:unknown 
342658     INFO  Test worker     d.u.i.k.n.KeyIO           Parsing took 0 ms 
342659     INFO  Test worker     d.u.i.k.n.KeyIO           MODE: declarations took 0 ms 
342661     WARN  Test worker     d.u.i.k.j.r.KeYCrossReferenceNameInfo Datatype T declared twice: Once in UNKNOWN:unknown and once in UNKNOWN:unknown, Keeping one from UNKNOWN:unknown 
342735     INFO  Test worker     d.u.i.k.n.KeyIO           Parsing took 0 ms 
342736     INFO  Test worker     d.u.i.k.n.KeyIO           MODE: declarations took 0 ms 
342739     WARN  Test worker     d.u.i.k.j.r.KeYCrossReferenceNameInfo Datatype T declared twice: Once in UNKNOWN:unknown and once in UNKNOWN:unknown, Keeping one from UNKNOWN:unknown 
342819     INFO  Test worker     d.u.i.k.n.KeyIO           Parsing took 0 ms 
342819     INFO  Test worker     d.u.i.k.n.KeyIO           MODE: declarations took 0 ms 
342821     WARN  Test worker     d.u.i.k.j.r.KeYCrossReferenceNameInfo Datatype T declared twice: Once in UNKNOWN:unknown and once in UNKNOWN:unknown, Keeping one from UNKNOWN:unknown 
342889     INFO  Test worker     d.u.i.k.n.KeyIO           Parsing took 0 ms 
342889     INFO  Test worker     d.u.i.k.n.KeyIO           MODE: declarations took 0 ms 
342892     WARN  Test worker     d.u.i.k.j.r.KeYCrossReferenceNameInfo Datatype T declared twice: Once in UNKNOWN:unknown and once in UNKNOWN:unknown, Keeping one from UNKNOWN:unknown 
342973     INFO  Test worker     d.u.i.k.n.KeyIO           Parsing took 0 ms 
342973     INFO  Test worker     d.u.i.k.n.KeyIO           MODE: declarations took 0 ms 
342975     WARN  Test worker     d.u.i.k.j.r.KeYCrossReferenceNameInfo Datatype T declared twice: Once in UNKNOWN:unknown and once in UNKNOWN:unknown, Keeping one from UNKNOWN:unknown 
343052     INFO  Test worker     d.u.i.k.n.KeyIO           Parsing took 1 ms 
343052     INFO  Test worker     d.u.i.k.n.KeyIO           MODE: declarations took 0 ms 
343054     WARN  Test worker     d.u.i.k.j.r.KeYCrossReferenceNameInfo Datatype T declared twice: Once in UNKNOWN:unknown and once in UNKNOWN:unknown, Keeping one from UNKNOWN:unknown 
343131     INFO  Test worker     d.u.i.k.n.KeyIO           Parsing took 1 ms 
343131     INFO  Test worker     d.u.i.k.n.KeyIO           MODE: declarations took 0 ms 
343134     WARN  Test worker     d.u.i.k.j.r.KeYCrossReferenceNameInfo Datatype T declared twice: Once in UNKNOWN:unknown and once in UNKNOWN:unknown, Keeping one from UNKNOWN:unknown 
343204     INFO  Test worker     d.u.i.k.n.KeyIO           Parsing took 0 ms 
343205     INFO  Test worker     d.u.i.k.n.KeyIO           MODE: declarations took 0 ms 
343207     WARN  Test worker     d.u.i.k.j.r.KeYCrossReferenceNameInfo Datatype T declared twice: Once in UNKNOWN:unknown and once in UNKNOWN:unknown, Keeping one from UNKNOWN:unknown 
343286     INFO  Test worker     d.u.i.k.n.KeyIO           Parsing took 0 ms 
343287     INFO  Test worker     d.u.i.k.n.KeyIO           MODE: declarations took 1 ms 
343292     WARN  Test worker     d.u.i.k.j.r.KeYCrossReferenceNameInfo Datatype T declared twice: Once in UNKNOWN:unknown and once in UNKNOWN:unknown, Keeping one from UNKNOWN:unknown 
343375     INFO  Test worker     d.u.i.k.n.KeyIO           Parsing took 0 ms 
343376     INFO  Test worker     d.u.i.k.n.KeyIO           MODE: declarations took 0 ms 
343380     WARN  Test worker     d.u.i.k.j.r.KeYCrossReferenceNameInfo Datatype T declared twice: Once in UNKNOWN:unknown and once in UNKNOWN:unknown, Keeping one from UNKNOWN:unknown 
343451     INFO  Test worker     d.u.i.k.n.KeyIO           Parsing took 0 ms 
343451     INFO  Test worker     d.u.i.k.n.KeyIO           MODE: declarations took 0 ms 
343454     WARN  Test worker     d.u.i.k.j.r.KeYCrossReferenceNameInfo Datatype T declared twice: Once in UNKNOWN:unknown and once in UNKNOWN:unknown, Keeping one from UNKNOWN:unknown 
343531     INFO  Test worker     d.u.i.k.n.KeyIO           Parsing took 0 ms 
343532     INFO  Test worker     d.u.i.k.n.KeyIO           MODE: declarations took 0 ms 
343534     WARN  Test worker     d.u.i.k.j.r.KeYCrossReferenceNameInfo Datatype T declared twice: Once in UNKNOWN:unknown and once in UNKNOWN:unknown, Keeping one from UNKNOWN:unknown 
343611     INFO  Test worker     d.u.i.k.n.KeyIO           Parsing took 0 ms 
343611     INFO  Test worker     d.u.i.k.n.KeyIO           MODE: declarations took 0 ms 
343613     WARN  Test worker     d.u.i.k.j.r.KeYCrossReferenceNameInfo Datatype T declared twice: Once in UNKNOWN:unknown and once in UNKNOWN:unknown, Keeping one from UNKNOWN:unknown 
343691     INFO  Test worker     d.u.i.k.n.KeyIO           Parsing took 0 ms 
343691     INFO  Test worker     d.u.i.k.n.KeyIO           MODE: declarations took 0 ms 
343695     WARN  Test worker     d.u.i.k.j.r.KeYCrossReferenceNameInfo Datatype T declared twice: Once in UNKNOWN:unknown and once in UNKNOWN:unknown, Keeping one from UNKNOWN:unknown 
343769     INFO  Test worker     d.u.i.k.n.KeyIO           Parsing took 0 ms 
343769     INFO  Test worker     d.u.i.k.n.KeyIO           MODE: declarations took 0 ms 
343770     WARN  Test worker     d.u.i.k.j.r.KeYCrossReferenceNameInfo Datatype T declared twice: Once in UNKNOWN:unknown and once in UNKNOWN:unknown, Keeping one from UNKNOWN:unknown 
343839     INFO  Test worker     d.u.i.k.n.KeyIO           Parsing took 1 ms 
343839     INFO  Test worker     d.u.i.k.n.KeyIO           MODE: declarations took 0 ms 
343841     WARN  Test worker     d.u.i.k.j.r.KeYCrossReferenceNameInfo Datatype T declared twice: Once in UNKNOWN:unknown and once in UNKNOWN:unknown, Keeping one from UNKNOWN:unknown 
343910     INFO  Test worker     d.u.i.k.n.KeyIO           Parsing took 0 ms 
343910     INFO  Test worker     d.u.i.k.n.KeyIO           MODE: declarations took 0 ms 
343912     WARN  Test worker     d.u.i.k.j.r.KeYCrossReferenceNameInfo Datatype T declared twice: Once in UNKNOWN:unknown and once in UNKNOWN:unknown, Keeping one from UNKNOWN:unknown 
343981     INFO  Test worker     d.u.i.k.n.KeyIO           Parsing took 0 ms 
343981     INFO  Test worker     d.u.i.k.n.KeyIO           MODE: declarations took 0 ms 
343984     WARN  Test worker     d.u.i.k.j.r.KeYCrossReferenceNameInfo Datatype T declared twice: Once in UNKNOWN:unknown and once in UNKNOWN:unknown, Keeping one from UNKNOWN:unknown 
344056     INFO  Test worker     d.u.i.k.n.KeyIO           Parsing took 0 ms 
344057     INFO  Test worker     d.u.i.k.n.KeyIO           MODE: declarations took 1 ms 
344058     WARN  Test worker     d.u.i.k.j.r.KeYCrossReferenceNameInfo Datatype T declared twice: Once in UNKNOWN:unknown and once in UNKNOWN:unknown, Keeping one from UNKNOWN:unknown 
344143     INFO  Test worker     d.u.i.k.n.KeyIO           Parsing took 0 ms 
344143     INFO  Test worker     d.u.i.k.n.KeyIO           MODE: declarations took 0 ms 
344146     WARN  Test worker     d.u.i.k.j.r.KeYCrossReferenceNameInfo Datatype T declared twice: Once in UNKNOWN:unknown and once in UNKNOWN:unknown, Keeping one from UNKNOWN:unknown 
344229     WARN  Test worker     d.u.i.k.j.r.KeYCrossReferenceNameInfo Datatype T declared twice: Once in UNKNOWN:unknown and once in UNKNOWN:unknown, Keeping one from UNKNOWN:unknown 
344299     INFO  Test worker     d.u.i.k.n.KeyIO           Parsing took 0 ms 
344299     INFO  Test worker     d.u.i.k.n.KeyIO           MODE: declarations took 0 ms 
344303     WARN  Test worker     d.u.i.k.j.r.KeYCrossReferenceNameInfo Datatype T declared twice: Once in UNKNOWN:unknown and once in UNKNOWN:unknown, Keeping one from UNKNOWN:unknown 
344374     INFO  Test worker     d.u.i.k.n.KeyIO           Parsing took 0 ms 
344375     INFO  Test worker     d.u.i.k.n.KeyIO           MODE: declarations took 0 ms 
]]></system-out>
  <system-err><![CDATA[]]></system-err>
</testsuite>
