<?xml version="1.0" encoding="UTF-8"?>
<testsuite name="de.uka.ilkd.key.parser.TestDeclParser" tests="14" skipped="2" failures="0" errors="0" timestamp="2023-04-18T07:21:00" hostname="fv-az256-224" time="12.524">
  <properties/>
  <testcase name="testGenericSortDecl1()" classname="de.uka.ilkd.key.parser.TestDeclParser" time="1.107"/>
  <testcase name="testGenericSortDecl2()" classname="de.uka.ilkd.key.parser.TestDeclParser" time="1.007"/>
  <testcase name="testGenericSortDecl3()" classname="de.uka.ilkd.key.parser.TestDeclParser" time="1.047"/>
  <testcase name="testGenericSortDecl4()" classname="de.uka.ilkd.key.parser.TestDeclParser" time="1.047"/>
  <testcase name="testGenericSortDecl5()" classname="de.uka.ilkd.key.parser.TestDeclParser" time="0.0">
    <skipped/>
  </testcase>
  <testcase name="testGenericSortDecl6()" classname="de.uka.ilkd.key.parser.TestDeclParser" time="0.997"/>
  <testcase name="testSortDecl()" classname="de.uka.ilkd.key.parser.TestDeclParser" time="1.084"/>
  <testcase name="testProxySortDecl()" classname="de.uka.ilkd.key.parser.TestDeclParser" time="1.092"/>
  <testcase name="testArrayDecl()" classname="de.uka.ilkd.key.parser.TestDeclParser" time="1.036"/>
  <testcase name="testAmbiguousDecls()" classname="de.uka.ilkd.key.parser.TestDeclParser" time="0.0">
    <skipped/>
  </testcase>
  <testcase name="testHeurDecl()" classname="de.uka.ilkd.key.parser.TestDeclParser" time="0.978"/>
  <testcase name="testFunctionDecl()" classname="de.uka.ilkd.key.parser.TestDeclParser" time="1.049"/>
  <testcase name="testPredicateDecl()" classname="de.uka.ilkd.key.parser.TestDeclParser" time="1.072"/>
  <testcase name="testSVDecl()" classname="de.uka.ilkd.key.parser.TestDeclParser" time="1.004"/>
  <system-out><![CDATA[238273     INFO  Test worker     d.u.i.k.n.KeyIO           Parsing took 0 ms 
238273     INFO  Test worker     d.u.i.k.n.KeyIO           MODE: declarations took 0 ms 
239281     INFO  Test worker     d.u.i.k.n.KeyIO           Parsing took 0 ms 
239281     INFO  Test worker     d.u.i.k.n.KeyIO           MODE: declarations took 0 ms 
240329     INFO  Test worker     d.u.i.k.n.KeyIO           Parsing took 0 ms 
240329     INFO  Test worker     d.u.i.k.n.KeyIO           MODE: declarations took 0 ms 
241377     INFO  Test worker     d.u.i.k.n.KeyIO           Parsing took 1 ms 
241377     INFO  Test worker     d.u.i.k.n.KeyIO           MODE: declarations took 0 ms 
242375     INFO  Test worker     d.u.i.k.n.KeyIO           Parsing took 1 ms 
242375     INFO  Test worker     d.u.i.k.n.KeyIO           MODE: declarations took 0 ms 
243459     INFO  Test worker     d.u.i.k.n.KeyIO           Parsing took 0 ms 
243459     INFO  Test worker     d.u.i.k.n.KeyIO           MODE: declarations took 0 ms 
244551     INFO  Test worker     d.u.i.k.n.KeyIO           Parsing took 0 ms 
244551     INFO  Test worker     d.u.i.k.n.KeyIO           MODE: declarations took 0 ms 
245585     INFO  Test worker     d.u.i.k.n.KeyIO           Parsing took 0 ms 
245586     INFO  Test worker     d.u.i.k.n.KeyIO           MODE: declarations took 0 ms 
246565     INFO  Test worker     d.u.i.k.n.KeyIO           Parsing took 0 ms 
246565     INFO  Test worker     d.u.i.k.n.KeyIO           MODE: declarations took 0 ms 
247614     INFO  Test worker     d.u.i.k.n.KeyIO           Parsing took 0 ms 
247614     INFO  Test worker     d.u.i.k.n.KeyIO           MODE: declarations took 0 ms 
248687     INFO  Test worker     d.u.i.k.n.KeyIO           Parsing took 0 ms 
248687     INFO  Test worker     d.u.i.k.n.KeyIO           MODE: declarations took 0 ms 
249691     INFO  Test worker     d.u.i.k.n.KeyIO           Parsing took 1 ms 
249691     INFO  Test worker     d.u.i.k.n.KeyIO           MODE: declarations took 0 ms 
]]></system-out>
  <system-err><![CDATA[]]></system-err>
</testsuite>
