<?xml version="1.0" encoding="UTF-8"?>
<testsuite name="de.uka.ilkd.key.logic.TestClashFreeSubst" tests="14" skipped="2" failures="0" errors="0" timestamp="2023-04-05T13:29:52" hostname="fv-az440-149" time="42.527">
  <properties/>
  <testcase name="testMultiShareBound()" classname="de.uka.ilkd.key.logic.TestClashFreeSubst" time="0.826"/>
  <testcase name="testClash()" classname="de.uka.ilkd.key.logic.TestClashFreeSubst" time="0.804"/>
  <testcase name="testShare()" classname="de.uka.ilkd.key.logic.TestClashFreeSubst" time="0.796"/>
  <testcase name="testSubst()" classname="de.uka.ilkd.key.logic.TestClashFreeSubst" time="0.795"/>
  <testcase name="testWary0()" classname="de.uka.ilkd.key.logic.TestClashFreeSubst" time="0.781"/>
  <testcase name="testWary1()" classname="de.uka.ilkd.key.logic.TestClashFreeSubst" time="0.799"/>
  <testcase name="testWary2()" classname="de.uka.ilkd.key.logic.TestClashFreeSubst" time="0.781"/>
  <testcase name="testClashInSubstTerm()" classname="de.uka.ilkd.key.logic.TestClashFreeSubst" time="0.78"/>
  <testcase name="testShareWary()" classname="de.uka.ilkd.key.logic.TestClashFreeSubst" time="0.78"/>
  <testcase name="testMultiSubst()" classname="de.uka.ilkd.key.logic.TestClashFreeSubst" time="0.777"/>
  <testcase name="xtestMultiClash()" classname="de.uka.ilkd.key.logic.TestClashFreeSubst" time="0.0">
    <skipped/>
  </testcase>
  <testcase name="testSubstInSubstTerm()" classname="de.uka.ilkd.key.logic.TestClashFreeSubst" time="0.772"/>
  <testcase name="testSubstWary()" classname="de.uka.ilkd.key.logic.TestClashFreeSubst" time="0.769"/>
  <testcase name="xtestMultiClash1()" classname="de.uka.ilkd.key.logic.TestClashFreeSubst" time="0.0">
    <skipped/>
  </testcase>
  <system-out><![CDATA[30416      INFO  Test worker     d.u.i.k.n.KeyIO           Parsing took 0 ms 
30418      INFO  Test worker     d.u.i.k.n.KeyIO           MODE: declarations took 0 ms 
31235      INFO  Test worker     d.u.i.k.n.KeyIO           Parsing took 0 ms 
31237      INFO  Test worker     d.u.i.k.n.KeyIO           MODE: declarations took 0 ms 
33857      INFO  Test worker     d.u.i.k.n.KeyIO           Parsing took 0 ms 
33858      INFO  Test worker     d.u.i.k.n.KeyIO           MODE: declarations took 0 ms 
34653      INFO  Test worker     d.u.i.k.n.KeyIO           Parsing took 1 ms 
34653      INFO  Test worker     d.u.i.k.n.KeyIO           MODE: declarations took 0 ms 
37232      INFO  Test worker     d.u.i.k.n.KeyIO           Parsing took 0 ms 
37233      INFO  Test worker     d.u.i.k.n.KeyIO           MODE: declarations took 0 ms 
38024      INFO  Test worker     d.u.i.k.n.KeyIO           Parsing took 0 ms 
38024      INFO  Test worker     d.u.i.k.n.KeyIO           MODE: declarations took 0 ms 
40600      INFO  Test worker     d.u.i.k.n.KeyIO           Parsing took 0 ms 
40603      INFO  Test worker     d.u.i.k.n.KeyIO           MODE: declarations took 0 ms 
41391      INFO  Test worker     d.u.i.k.n.KeyIO           Parsing took 0 ms 
41392      INFO  Test worker     d.u.i.k.n.KeyIO           MODE: declarations took 0 ms 
43934      INFO  Test worker     d.u.i.k.n.KeyIO           Parsing took 1 ms 
43934      INFO  Test worker     d.u.i.k.n.KeyIO           MODE: declarations took 0 ms 
44710      INFO  Test worker     d.u.i.k.n.KeyIO           Parsing took 0 ms 
44710      INFO  Test worker     d.u.i.k.n.KeyIO           MODE: declarations took 0 ms 
47250      INFO  Test worker     d.u.i.k.n.KeyIO           Parsing took 0 ms 
47253      INFO  Test worker     d.u.i.k.n.KeyIO           MODE: declarations took 0 ms 
48044      INFO  Test worker     d.u.i.k.n.KeyIO           Parsing took 0 ms 
48045      INFO  Test worker     d.u.i.k.n.KeyIO           MODE: declarations took 0 ms 
50575      INFO  Test worker     d.u.i.k.n.KeyIO           Parsing took 0 ms 
50576      INFO  Test worker     d.u.i.k.n.KeyIO           MODE: declarations took 0 ms 
51350      INFO  Test worker     d.u.i.k.n.KeyIO           Parsing took 0 ms 
51351      INFO  Test worker     d.u.i.k.n.KeyIO           MODE: declarations took 0 ms 
53902      INFO  Test worker     d.u.i.k.n.KeyIO           Parsing took 0 ms 
53903      INFO  Test worker     d.u.i.k.n.KeyIO           MODE: declarations took 0 ms 
54676      INFO  Test worker     d.u.i.k.n.KeyIO           Parsing took 0 ms 
54677      INFO  Test worker     d.u.i.k.n.KeyIO           MODE: declarations took 0 ms 
57246      INFO  Test worker     d.u.i.k.n.KeyIO           Parsing took 0 ms 
57247      INFO  Test worker     d.u.i.k.n.KeyIO           MODE: declarations took 0 ms 
58021      INFO  Test worker     d.u.i.k.n.KeyIO           Parsing took 0 ms 
58022      INFO  Test worker     d.u.i.k.n.KeyIO           MODE: declarations took 0 ms 
60549      INFO  Test worker     d.u.i.k.n.KeyIO           Parsing took 0 ms 
60550      INFO  Test worker     d.u.i.k.n.KeyIO           MODE: declarations took 0 ms 
61321      INFO  Test worker     d.u.i.k.n.KeyIO           Parsing took 0 ms 
61322      INFO  Test worker     d.u.i.k.n.KeyIO           MODE: declarations took 0 ms 
66355      INFO  Test worker     d.u.i.k.n.KeyIO           Parsing took 0 ms 
66355      INFO  Test worker     d.u.i.k.n.KeyIO           MODE: declarations took 0 ms 
67125      INFO  Test worker     d.u.i.k.n.KeyIO           Parsing took 0 ms 
67125      INFO  Test worker     d.u.i.k.n.KeyIO           MODE: declarations took 0 ms 
69637      INFO  Test worker     d.u.i.k.n.KeyIO           Parsing took 0 ms 
69638      INFO  Test worker     d.u.i.k.n.KeyIO           MODE: declarations took 0 ms 
70404      INFO  Test worker     d.u.i.k.n.KeyIO           Parsing took 0 ms 
70405      INFO  Test worker     d.u.i.k.n.KeyIO           MODE: declarations took 1 ms 
]]></system-out>
  <system-err><![CDATA[]]></system-err>
</testsuite>
