<?xml version="1.0" encoding="UTF-8"?>
<testsuite name="de.uka.ilkd.key.parser.TestDeclParser" tests="14" skipped="2" failures="0" errors="0" timestamp="2023-04-05T13:32:21" hostname="fv-az440-149" time="9.69">
  <properties/>
  <testcase name="testGenericSortDecl1()" classname="de.uka.ilkd.key.parser.TestDeclParser" time="0.886"/>
  <testcase name="testGenericSortDecl2()" classname="de.uka.ilkd.key.parser.TestDeclParser" time="0.771"/>
  <testcase name="testGenericSortDecl3()" classname="de.uka.ilkd.key.parser.TestDeclParser" time="0.842"/>
  <testcase name="testGenericSortDecl4()" classname="de.uka.ilkd.key.parser.TestDeclParser" time="0.819"/>
  <testcase name="testGenericSortDecl5()" classname="de.uka.ilkd.key.parser.TestDeclParser" time="0.0">
    <skipped/>
  </testcase>
  <testcase name="testGenericSortDecl6()" classname="de.uka.ilkd.key.parser.TestDeclParser" time="0.76"/>
  <testcase name="testSortDecl()" classname="de.uka.ilkd.key.parser.TestDeclParser" time="0.816"/>
  <testcase name="testProxySortDecl()" classname="de.uka.ilkd.key.parser.TestDeclParser" time="0.819"/>
  <testcase name="testArrayDecl()" classname="de.uka.ilkd.key.parser.TestDeclParser" time="0.816"/>
  <testcase name="testAmbiguousDecls()" classname="de.uka.ilkd.key.parser.TestDeclParser" time="0.0">
    <skipped/>
  </testcase>
  <testcase name="testHeurDecl()" classname="de.uka.ilkd.key.parser.TestDeclParser" time="0.758"/>
  <testcase name="testFunctionDecl()" classname="de.uka.ilkd.key.parser.TestDeclParser" time="0.815"/>
  <testcase name="testPredicateDecl()" classname="de.uka.ilkd.key.parser.TestDeclParser" time="0.821"/>
  <testcase name="testSVDecl()" classname="de.uka.ilkd.key.parser.TestDeclParser" time="0.755"/>
  <system-out><![CDATA[179700     INFO  Test worker     d.u.i.k.n.KeyIO           Parsing took 0 ms 
179701     INFO  Test worker     d.u.i.k.n.KeyIO           MODE: declarations took 1 ms 
180472     INFO  Test worker     d.u.i.k.n.KeyIO           Parsing took 0 ms 
180472     INFO  Test worker     d.u.i.k.n.KeyIO           MODE: declarations took 0 ms 
181322     INFO  Test worker     d.u.i.k.n.KeyIO           Parsing took 0 ms 
181323     INFO  Test worker     d.u.i.k.n.KeyIO           MODE: declarations took 1 ms 
182142     INFO  Test worker     d.u.i.k.n.KeyIO           Parsing took 0 ms 
182142     INFO  Test worker     d.u.i.k.n.KeyIO           MODE: declarations took 0 ms 
182902     INFO  Test worker     d.u.i.k.n.KeyIO           Parsing took 0 ms 
182902     INFO  Test worker     d.u.i.k.n.KeyIO           MODE: declarations took 0 ms 
183719     INFO  Test worker     d.u.i.k.n.KeyIO           Parsing took 0 ms 
183719     INFO  Test worker     d.u.i.k.n.KeyIO           MODE: declarations took 0 ms 
184539     INFO  Test worker     d.u.i.k.n.KeyIO           Parsing took 0 ms 
184539     INFO  Test worker     d.u.i.k.n.KeyIO           MODE: declarations took 0 ms 
185355     INFO  Test worker     d.u.i.k.n.KeyIO           Parsing took 0 ms 
185356     INFO  Test worker     d.u.i.k.n.KeyIO           MODE: declarations took 0 ms 
186114     INFO  Test worker     d.u.i.k.n.KeyIO           Parsing took 0 ms 
186114     INFO  Test worker     d.u.i.k.n.KeyIO           MODE: declarations took 0 ms 
186929     INFO  Test worker     d.u.i.k.n.KeyIO           Parsing took 0 ms 
186929     INFO  Test worker     d.u.i.k.n.KeyIO           MODE: declarations took 0 ms 
187750     INFO  Test worker     d.u.i.k.n.KeyIO           Parsing took 0 ms 
187750     INFO  Test worker     d.u.i.k.n.KeyIO           MODE: declarations took 0 ms 
188505     INFO  Test worker     d.u.i.k.n.KeyIO           Parsing took 0 ms 
188505     INFO  Test worker     d.u.i.k.n.KeyIO           MODE: declarations took 0 ms 
]]></system-out>
  <system-err><![CDATA[]]></system-err>
</testsuite>
