<?xml version="1.0" encoding="UTF-8"?>
<testsuite name="de.uka.ilkd.key.parser.TestTermParserSorts" tests="2" skipped="0" failures="0" errors="0" timestamp="2023-04-05T13:35:24" hostname="fv-az440-149" time="2.551">
  <properties/>
  <testcase name="testParseIntegerArgs()" classname="de.uka.ilkd.key.parser.TestTermParserSorts" time="0.016"/>
  <testcase name="testParseSequencePrettySyntax()" classname="de.uka.ilkd.key.parser.TestTermParserSorts" time="0.001"/>
  <system-out><![CDATA[362345     INFO  Test worker     d.u.i.k.n.KeyIO           Parsing took 0 ms 
362345     INFO  Test worker     d.u.i.k.n.KeyIO           MODE: declarations took 0 ms 
362345     INFO  Test worker     d.u.i.k.n.KeyIO           Parsing took 0 ms 
362345     INFO  Test worker     d.u.i.k.n.KeyIO           MODE: declarations took 0 ms 
362345     INFO  Test worker     d.u.i.k.n.KeyIO           Parsing took 0 ms 
362345     INFO  Test worker     d.u.i.k.n.KeyIO           MODE: declarations took 0 ms 
364896     INFO  Test worker     d.u.i.k.n.KeyIO           Parsing took 0 ms 
364896     INFO  Test worker     d.u.i.k.n.KeyIO           MODE: declarations took 0 ms 
364896     INFO  Test worker     d.u.i.k.n.KeyIO           Parsing took 0 ms 
364896     INFO  Test worker     d.u.i.k.n.KeyIO           MODE: declarations took 0 ms 
364896     INFO  Test worker     d.u.i.k.n.KeyIO           Parsing took 0 ms 
364896     INFO  Test worker     d.u.i.k.n.KeyIO           MODE: declarations took 0 ms 
]]></system-out>
  <system-err><![CDATA[]]></system-err>
</testsuite>
