<?xml version="1.0" encoding="UTF-8"?>
<testsuite name="de.uka.ilkd.key.parser.TestTermParserHeap" tests="39" skipped="0" failures="0" errors="0" timestamp="2023-04-05T09:21:53" hostname="fv-az842-22" time="113.473">
  <properties/>
  <testcase name="testBracketHeapUpdate()" classname="de.uka.ilkd.key.parser.TestTermParserHeap" time="0.079"/>
  <testcase name="testStore()" classname="de.uka.ilkd.key.parser.TestTermParserHeap" time="0.007"/>
  <testcase name="testUnknownConstant()" classname="de.uka.ilkd.key.parser.TestTermParserHeap" time="0.002"/>
  <testcase name="testAllFieldsSelector()" classname="de.uka.ilkd.key.parser.TestTermParserHeap" time="0.001"/>
  <testcase name="testParsePrettyPrintedSelect()" classname="de.uka.ilkd.key.parser.TestTermParserHeap" time="0.003"/>
  <testcase name="testAccessStaticMembers()" classname="de.uka.ilkd.key.parser.TestTermParserHeap" time="0.003"/>
  <testcase name="testAtOperator_1()" classname="de.uka.ilkd.key.parser.TestTermParserHeap" time="0.002"/>
  <testcase name="testAtOperator_2()" classname="de.uka.ilkd.key.parser.TestTermParserHeap" time="0.001"/>
  <testcase name="testAtOperator_3()" classname="de.uka.ilkd.key.parser.TestTermParserHeap" time="0.002"/>
  <testcase name="testAtOperator_4()" classname="de.uka.ilkd.key.parser.TestTermParserHeap" time="0.006"/>
  <testcase name="testAtOperator_5()" classname="de.uka.ilkd.key.parser.TestTermParserHeap" time="0.003"/>
  <testcase name="testAtOperator_6()" classname="de.uka.ilkd.key.parser.TestTermParserHeap" time="0.004"/>
  <testcase name="testAtOperator_7()" classname="de.uka.ilkd.key.parser.TestTermParserHeap" time="0.002"/>
  <testcase name="testAtOperator_8()" classname="de.uka.ilkd.key.parser.TestTermParserHeap" time="0.002"/>
  <testcase name="testVerifyExceptionIfAtOperatorNotPreceededBySelectTerm()" classname="de.uka.ilkd.key.parser.TestTermParserHeap" time="0.004"/>
  <testcase name="testBugResettingCounter()" classname="de.uka.ilkd.key.parser.TestTermParserHeap" time="0.002"/>
  <testcase name="testLocationSets()" classname="de.uka.ilkd.key.parser.TestTermParserHeap" time="0.002"/>
  <testcase name="testQuantifiedSelect()" classname="de.uka.ilkd.key.parser.TestTermParserHeap" time="0.002"/>
  <testcase name="testGenericObjectProperties()" classname="de.uka.ilkd.key.parser.TestTermParserHeap" time="0.002"/>
  <testcase name="testQueryInheritance_1()" classname="de.uka.ilkd.key.parser.TestTermParserHeap" time="0.002"/>
  <testcase name="testQueryInheritance_2()" classname="de.uka.ilkd.key.parser.TestTermParserHeap" time="0.002"/>
  <testcase name="testQueryInheritance_3()" classname="de.uka.ilkd.key.parser.TestTermParserHeap" time="0.001"/>
  <testcase name="testQueryInheritance_4()" classname="de.uka.ilkd.key.parser.TestTermParserHeap" time="0.002"/>
  <testcase name="testQueryInheritance_5()" classname="de.uka.ilkd.key.parser.TestTermParserHeap" time="0.004"/>
  <testcase name="testQueryInheritance_6()" classname="de.uka.ilkd.key.parser.TestTermParserHeap" time="0.002"/>
  <testcase name="testQueryInheritance_7()" classname="de.uka.ilkd.key.parser.TestTermParserHeap" time="0.002"/>
  <testcase name="testQueryInheritance_8()" classname="de.uka.ilkd.key.parser.TestTermParserHeap" time="0.005"/>
  <testcase name="testQueryInheritance_9()" classname="de.uka.ilkd.key.parser.TestTermParserHeap" time="0.002"/>
  <testcase name="testQueryBasic_10()" classname="de.uka.ilkd.key.parser.TestTermParserHeap" time="0.002"/>
  <testcase name="testQueryBasic_11()" classname="de.uka.ilkd.key.parser.TestTermParserHeap" time="0.002"/>
  <testcase name="testQueryBasic_1()" classname="de.uka.ilkd.key.parser.TestTermParserHeap" time="0.001"/>
  <testcase name="testQueryBasic_2()" classname="de.uka.ilkd.key.parser.TestTermParserHeap" time="0.002"/>
  <testcase name="testQueryBasic_3()" classname="de.uka.ilkd.key.parser.TestTermParserHeap" time="0.001"/>
  <testcase name="testQueryBasic_4()" classname="de.uka.ilkd.key.parser.TestTermParserHeap" time="0.002"/>
  <testcase name="testQueryBasic_5()" classname="de.uka.ilkd.key.parser.TestTermParserHeap" time="0.003"/>
  <testcase name="testQueryBasic_6()" classname="de.uka.ilkd.key.parser.TestTermParserHeap" time="0.002"/>
  <testcase name="testQueryBasic_7()" classname="de.uka.ilkd.key.parser.TestTermParserHeap" time="0.002"/>
  <testcase name="testQueryBasic_8()" classname="de.uka.ilkd.key.parser.TestTermParserHeap" time="0.003"/>
  <testcase name="testQueryBasic_9()" classname="de.uka.ilkd.key.parser.TestTermParserHeap" time="0.001"/>
  <system-out><![CDATA[312624     INFO  Test worker     d.u.i.k.n.KeyIO           Parsing took 0 ms 
312625     INFO  Test worker     d.u.i.k.n.KeyIO           MODE: declarations took 0 ms 
312625     INFO  Test worker     d.u.i.k.n.KeyIO           Parsing took 0 ms 
312625     INFO  Test worker     d.u.i.k.n.KeyIO           MODE: declarations took 0 ms 
312625     INFO  Test worker     d.u.i.k.n.KeyIO           Parsing took 0 ms 
312625     INFO  Test worker     d.u.i.k.n.KeyIO           MODE: declarations took 0 ms 
312625     INFO  Test worker     d.u.i.k.n.KeyIO           Parsing took 0 ms 
312625     INFO  Test worker     d.u.i.k.n.KeyIO           MODE: declarations took 0 ms 
312625     INFO  Test worker     d.u.i.k.n.KeyIO           Parsing took 0 ms 
312625     INFO  Test worker     d.u.i.k.n.KeyIO           MODE: declarations took 0 ms 
315760     INFO  Test worker     d.u.i.k.n.KeyIO           Parsing took 0 ms 
315760     INFO  Test worker     d.u.i.k.n.KeyIO           MODE: declarations took 0 ms 
315760     INFO  Test worker     d.u.i.k.n.KeyIO           Parsing took 0 ms 
315760     INFO  Test worker     d.u.i.k.n.KeyIO           MODE: declarations took 0 ms 
315760     INFO  Test worker     d.u.i.k.n.KeyIO           Parsing took 0 ms 
315760     INFO  Test worker     d.u.i.k.n.KeyIO           MODE: declarations took 0 ms 
315760     INFO  Test worker     d.u.i.k.n.KeyIO           Parsing took 0 ms 
315760     INFO  Test worker     d.u.i.k.n.KeyIO           MODE: declarations took 0 ms 
315761     INFO  Test worker     d.u.i.k.n.KeyIO           Parsing took 1 ms 
315761     INFO  Test worker     d.u.i.k.n.KeyIO           MODE: declarations took 0 ms 
318695     INFO  Test worker     d.u.i.k.n.KeyIO           Parsing took 0 ms 
318696     INFO  Test worker     d.u.i.k.n.KeyIO           MODE: declarations took 1 ms 
318696     INFO  Test worker     d.u.i.k.n.KeyIO           Parsing took 0 ms 
318696     INFO  Test worker     d.u.i.k.n.KeyIO           MODE: declarations took 0 ms 
318696     INFO  Test worker     d.u.i.k.n.KeyIO           Parsing took 0 ms 
318696     INFO  Test worker     d.u.i.k.n.KeyIO           MODE: declarations took 0 ms 
318696     INFO  Test worker     d.u.i.k.n.KeyIO           Parsing took 0 ms 
318696     INFO  Test worker     d.u.i.k.n.KeyIO           MODE: declarations took 0 ms 
318696     INFO  Test worker     d.u.i.k.n.KeyIO           Parsing took 0 ms 
318696     INFO  Test worker     d.u.i.k.n.KeyIO           MODE: declarations took 0 ms 
318696     INFO  Test worker     d.u.i.k.n.KeyIO           Parsing took 0 ms 
318696     INFO  Test worker     d.u.i.k.n.KeyIO           MODE: declarations took 0 ms 
321610     INFO  Test worker     d.u.i.k.n.KeyIO           Parsing took 0 ms 
321610     INFO  Test worker     d.u.i.k.n.KeyIO           MODE: declarations took 0 ms 
321610     INFO  Test worker     d.u.i.k.n.KeyIO           Parsing took 0 ms 
321610     INFO  Test worker     d.u.i.k.n.KeyIO           MODE: declarations took 0 ms 
321610     INFO  Test worker     d.u.i.k.n.KeyIO           Parsing took 0 ms 
321610     INFO  Test worker     d.u.i.k.n.KeyIO           MODE: declarations took 0 ms 
321610     INFO  Test worker     d.u.i.k.n.KeyIO           Parsing took 0 ms 
321610     INFO  Test worker     d.u.i.k.n.KeyIO           MODE: declarations took 0 ms 
321610     INFO  Test worker     d.u.i.k.n.KeyIO           Parsing took 0 ms 
321610     INFO  Test worker     d.u.i.k.n.KeyIO           MODE: declarations took 0 ms 
324508     INFO  Test worker     d.u.i.k.n.KeyIO           Parsing took 0 ms 
324508     INFO  Test worker     d.u.i.k.n.KeyIO           MODE: declarations took 0 ms 
324508     INFO  Test worker     d.u.i.k.n.KeyIO           Parsing took 0 ms 
324508     INFO  Test worker     d.u.i.k.n.KeyIO           MODE: declarations took 0 ms 
324508     INFO  Test worker     d.u.i.k.n.KeyIO           Parsing took 0 ms 
324508     INFO  Test worker     d.u.i.k.n.KeyIO           MODE: declarations took 0 ms 
324508     INFO  Test worker     d.u.i.k.n.KeyIO           Parsing took 0 ms 
324509     INFO  Test worker     d.u.i.k.n.KeyIO           MODE: declarations took 0 ms 
324509     INFO  Test worker     d.u.i.k.n.KeyIO           Parsing took 0 ms 
324509     INFO  Test worker     d.u.i.k.n.KeyIO           MODE: declarations took 0 ms 
327343     INFO  Test worker     d.u.i.k.n.KeyIO           Parsing took 0 ms 
327343     INFO  Test worker     d.u.i.k.n.KeyIO           MODE: declarations took 0 ms 
327343     INFO  Test worker     d.u.i.k.n.KeyIO           Parsing took 0 ms 
327343     INFO  Test worker     d.u.i.k.n.KeyIO           MODE: declarations took 0 ms 
327343     INFO  Test worker     d.u.i.k.n.KeyIO           Parsing took 0 ms 
327343     INFO  Test worker     d.u.i.k.n.KeyIO           MODE: declarations took 0 ms 
327343     INFO  Test worker     d.u.i.k.n.KeyIO           Parsing took 0 ms 
327344     INFO  Test worker     d.u.i.k.n.KeyIO           MODE: declarations took 0 ms 
327344     INFO  Test worker     d.u.i.k.n.KeyIO           Parsing took 0 ms 
327344     INFO  Test worker     d.u.i.k.n.KeyIO           MODE: declarations took 0 ms 
330213     INFO  Test worker     d.u.i.k.n.KeyIO           Parsing took 0 ms 
330214     INFO  Test worker     d.u.i.k.n.KeyIO           MODE: declarations took 0 ms 
330214     INFO  Test worker     d.u.i.k.n.KeyIO           Parsing took 0 ms 
330214     INFO  Test worker     d.u.i.k.n.KeyIO           MODE: declarations took 0 ms 
330214     INFO  Test worker     d.u.i.k.n.KeyIO           Parsing took 0 ms 
330214     INFO  Test worker     d.u.i.k.n.KeyIO           MODE: declarations took 0 ms 
330214     INFO  Test worker     d.u.i.k.n.KeyIO           Parsing took 0 ms 
330214     INFO  Test worker     d.u.i.k.n.KeyIO           MODE: declarations took 0 ms 
330214     INFO  Test worker     d.u.i.k.n.KeyIO           Parsing took 0 ms 
330214     INFO  Test worker     d.u.i.k.n.KeyIO           MODE: declarations took 0 ms 
332987     INFO  Test worker     d.u.i.k.n.KeyIO           Parsing took 0 ms 
332988     INFO  Test worker     d.u.i.k.n.KeyIO           MODE: declarations took 0 ms 
332988     INFO  Test worker     d.u.i.k.n.KeyIO           Parsing took 0 ms 
332988     INFO  Test worker     d.u.i.k.n.KeyIO           MODE: declarations took 0 ms 
332988     INFO  Test worker     d.u.i.k.n.KeyIO           Parsing took 0 ms 
332988     INFO  Test worker     d.u.i.k.n.KeyIO           MODE: declarations took 0 ms 
332988     INFO  Test worker     d.u.i.k.n.KeyIO           Parsing took 0 ms 
332988     INFO  Test worker     d.u.i.k.n.KeyIO           MODE: declarations took 0 ms 
332988     INFO  Test worker     d.u.i.k.n.KeyIO           Parsing took 0 ms 
332988     INFO  Test worker     d.u.i.k.n.KeyIO           MODE: declarations took 0 ms 
335838     INFO  Test worker     d.u.i.k.n.KeyIO           Parsing took 0 ms 
335838     INFO  Test worker     d.u.i.k.n.KeyIO           MODE: declarations took 0 ms 
335838     INFO  Test worker     d.u.i.k.n.KeyIO           Parsing took 0 ms 
335838     INFO  Test worker     d.u.i.k.n.KeyIO           MODE: declarations took 0 ms 
335838     INFO  Test worker     d.u.i.k.n.KeyIO           Parsing took 0 ms 
335838     INFO  Test worker     d.u.i.k.n.KeyIO           MODE: declarations took 0 ms 
335838     INFO  Test worker     d.u.i.k.n.KeyIO           Parsing took 0 ms 
335838     INFO  Test worker     d.u.i.k.n.KeyIO           MODE: declarations took 0 ms 
335838     INFO  Test worker     d.u.i.k.n.KeyIO           Parsing took 0 ms 
335838     INFO  Test worker     d.u.i.k.n.KeyIO           MODE: declarations took 0 ms 
338804     INFO  Test worker     d.u.i.k.n.KeyIO           Parsing took 0 ms 
338804     INFO  Test worker     d.u.i.k.n.KeyIO           MODE: declarations took 0 ms 
338804     INFO  Test worker     d.u.i.k.n.KeyIO           Parsing took 0 ms 
338804     INFO  Test worker     d.u.i.k.n.KeyIO           MODE: declarations took 0 ms 
338804     INFO  Test worker     d.u.i.k.n.KeyIO           Parsing took 0 ms 
338804     INFO  Test worker     d.u.i.k.n.KeyIO           MODE: declarations took 0 ms 
338804     INFO  Test worker     d.u.i.k.n.KeyIO           Parsing took 0 ms 
338804     INFO  Test worker     d.u.i.k.n.KeyIO           MODE: declarations took 0 ms 
338804     INFO  Test worker     d.u.i.k.n.KeyIO           Parsing took 0 ms 
338804     INFO  Test worker     d.u.i.k.n.KeyIO           MODE: declarations took 0 ms 
341755     INFO  Test worker     d.u.i.k.n.KeyIO           Parsing took 0 ms 
341756     INFO  Test worker     d.u.i.k.n.KeyIO           MODE: declarations took 0 ms 
341756     INFO  Test worker     d.u.i.k.n.KeyIO           Parsing took 0 ms 
341756     INFO  Test worker     d.u.i.k.n.KeyIO           MODE: declarations took 0 ms 
341756     INFO  Test worker     d.u.i.k.n.KeyIO           Parsing took 0 ms 
341757     INFO  Test worker     d.u.i.k.n.KeyIO           MODE: declarations took 0 ms 
341757     INFO  Test worker     d.u.i.k.n.KeyIO           Parsing took 0 ms 
341757     INFO  Test worker     d.u.i.k.n.KeyIO           MODE: declarations took 0 ms 
341757     INFO  Test worker     d.u.i.k.n.KeyIO           Parsing took 0 ms 
341757     INFO  Test worker     d.u.i.k.n.KeyIO           MODE: declarations took 0 ms 
344782     INFO  Test worker     d.u.i.k.n.KeyIO           Parsing took 0 ms 
344783     INFO  Test worker     d.u.i.k.n.KeyIO           MODE: declarations took 0 ms 
344783     INFO  Test worker     d.u.i.k.n.KeyIO           Parsing took 0 ms 
344784     INFO  Test worker     d.u.i.k.n.KeyIO           MODE: declarations took 0 ms 
344784     INFO  Test worker     d.u.i.k.n.KeyIO           Parsing took 0 ms 
344784     INFO  Test worker     d.u.i.k.n.KeyIO           MODE: declarations took 0 ms 
344784     INFO  Test worker     d.u.i.k.n.KeyIO           Parsing took 0 ms 
344784     INFO  Test worker     d.u.i.k.n.KeyIO           MODE: declarations took 0 ms 
344785     INFO  Test worker     d.u.i.k.n.KeyIO           Parsing took 0 ms 
344785     INFO  Test worker     d.u.i.k.n.KeyIO           MODE: declarations took 0 ms 
347819     INFO  Test worker     d.u.i.k.n.KeyIO           Parsing took 0 ms 
347819     INFO  Test worker     d.u.i.k.n.KeyIO           MODE: declarations took 0 ms 
347819     INFO  Test worker     d.u.i.k.n.KeyIO           Parsing took 0 ms 
347819     INFO  Test worker     d.u.i.k.n.KeyIO           MODE: declarations took 0 ms 
347819     INFO  Test worker     d.u.i.k.n.KeyIO           Parsing took 0 ms 
347819     INFO  Test worker     d.u.i.k.n.KeyIO           MODE: declarations took 0 ms 
347819     INFO  Test worker     d.u.i.k.n.KeyIO           Parsing took 0 ms 
347819     INFO  Test worker     d.u.i.k.n.KeyIO           MODE: declarations took 0 ms 
347819     INFO  Test worker     d.u.i.k.n.KeyIO           Parsing took 0 ms 
347819     INFO  Test worker     d.u.i.k.n.KeyIO           MODE: declarations took 0 ms 
350894     INFO  Test worker     d.u.i.k.n.KeyIO           Parsing took 0 ms 
350894     INFO  Test worker     d.u.i.k.n.KeyIO           MODE: declarations took 0 ms 
350894     INFO  Test worker     d.u.i.k.n.KeyIO           Parsing took 0 ms 
350894     INFO  Test worker     d.u.i.k.n.KeyIO           MODE: declarations took 0 ms 
350895     INFO  Test worker     d.u.i.k.n.KeyIO           Parsing took 0 ms 
350895     INFO  Test worker     d.u.i.k.n.KeyIO           MODE: declarations took 0 ms 
350895     INFO  Test worker     d.u.i.k.n.KeyIO           Parsing took 0 ms 
350895     INFO  Test worker     d.u.i.k.n.KeyIO           MODE: declarations took 0 ms 
350895     INFO  Test worker     d.u.i.k.n.KeyIO           Parsing took 0 ms 
350895     INFO  Test worker     d.u.i.k.n.KeyIO           MODE: declarations took 0 ms 
353850     INFO  Test worker     d.u.i.k.n.KeyIO           Parsing took 0 ms 
353850     INFO  Test worker     d.u.i.k.n.KeyIO           MODE: declarations took 0 ms 
353850     INFO  Test worker     d.u.i.k.n.KeyIO           Parsing took 0 ms 
353850     INFO  Test worker     d.u.i.k.n.KeyIO           MODE: declarations took 0 ms 
353850     INFO  Test worker     d.u.i.k.n.KeyIO           Parsing took 0 ms 
353850     INFO  Test worker     d.u.i.k.n.KeyIO           MODE: declarations took 0 ms 
353850     INFO  Test worker     d.u.i.k.n.KeyIO           Parsing took 0 ms 
353850     INFO  Test worker     d.u.i.k.n.KeyIO           MODE: declarations took 0 ms 
353852     INFO  Test worker     d.u.i.k.n.KeyIO           Parsing took 0 ms 
353852     INFO  Test worker     d.u.i.k.n.KeyIO           MODE: declarations took 0 ms 
353853     WARN  Test worker     d.u.i.k.n.KeYParser       [syntax-error] <unknown>:1:11: mismatched input '@' expecting {'/', ':=', '.', '(', ')', '{', '[', '@', PARALLEL, OR, AND, IMP, '=', NOT_EQUALS, '%', '*', '-', '+', '>', GREATEREQUAL, '<', LESSEQUAL, LGUILLEMETS, EQV} [@11,11:11='@',<153>,1:11] (termEOF) 
356769     INFO  Test worker     d.u.i.k.n.KeyIO           Parsing took 0 ms 
356769     INFO  Test worker     d.u.i.k.n.KeyIO           MODE: declarations took 0 ms 
356769     INFO  Test worker     d.u.i.k.n.KeyIO           Parsing took 0 ms 
356769     INFO  Test worker     d.u.i.k.n.KeyIO           MODE: declarations took 0 ms 
356769     INFO  Test worker     d.u.i.k.n.KeyIO           Parsing took 0 ms 
356769     INFO  Test worker     d.u.i.k.n.KeyIO           MODE: declarations took 0 ms 
356770     INFO  Test worker     d.u.i.k.n.KeyIO           Parsing took 0 ms 
356770     INFO  Test worker     d.u.i.k.n.KeyIO           MODE: declarations took 0 ms 
356770     INFO  Test worker     d.u.i.k.n.KeyIO           Parsing took 0 ms 
356770     INFO  Test worker     d.u.i.k.n.KeyIO           MODE: declarations took 0 ms 
359674     INFO  Test worker     d.u.i.k.n.KeyIO           Parsing took 0 ms 
359674     INFO  Test worker     d.u.i.k.n.KeyIO           MODE: declarations took 0 ms 
359674     INFO  Test worker     d.u.i.k.n.KeyIO           Parsing took 0 ms 
359674     INFO  Test worker     d.u.i.k.n.KeyIO           MODE: declarations took 0 ms 
359674     INFO  Test worker     d.u.i.k.n.KeyIO           Parsing took 0 ms 
359674     INFO  Test worker     d.u.i.k.n.KeyIO           MODE: declarations took 0 ms 
359674     INFO  Test worker     d.u.i.k.n.KeyIO           Parsing took 0 ms 
359674     INFO  Test worker     d.u.i.k.n.KeyIO           MODE: declarations took 0 ms 
359674     INFO  Test worker     d.u.i.k.n.KeyIO           Parsing took 0 ms 
359674     INFO  Test worker     d.u.i.k.n.KeyIO           MODE: declarations took 0 ms 
362746     INFO  Test worker     d.u.i.k.n.KeyIO           Parsing took 0 ms 
362746     INFO  Test worker     d.u.i.k.n.KeyIO           MODE: declarations took 0 ms 
362746     INFO  Test worker     d.u.i.k.n.KeyIO           Parsing took 0 ms 
362746     INFO  Test worker     d.u.i.k.n.KeyIO           MODE: declarations took 0 ms 
362746     INFO  Test worker     d.u.i.k.n.KeyIO           Parsing took 0 ms 
362746     INFO  Test worker     d.u.i.k.n.KeyIO           MODE: declarations took 0 ms 
362746     INFO  Test worker     d.u.i.k.n.KeyIO           Parsing took 0 ms 
362746     INFO  Test worker     d.u.i.k.n.KeyIO           MODE: declarations took 0 ms 
362746     INFO  Test worker     d.u.i.k.n.KeyIO           Parsing took 0 ms 
362746     INFO  Test worker     d.u.i.k.n.KeyIO           MODE: declarations took 0 ms 
365806     INFO  Test worker     d.u.i.k.n.KeyIO           Parsing took 0 ms 
365806     INFO  Test worker     d.u.i.k.n.KeyIO           MODE: declarations took 0 ms 
365806     INFO  Test worker     d.u.i.k.n.KeyIO           Parsing took 0 ms 
365806     INFO  Test worker     d.u.i.k.n.KeyIO           MODE: declarations took 0 ms 
365806     INFO  Test worker     d.u.i.k.n.KeyIO           Parsing took 0 ms 
365806     INFO  Test worker     d.u.i.k.n.KeyIO           MODE: declarations took 0 ms 
365806     INFO  Test worker     d.u.i.k.n.KeyIO           Parsing took 0 ms 
365806     INFO  Test worker     d.u.i.k.n.KeyIO           MODE: declarations took 0 ms 
365806     INFO  Test worker     d.u.i.k.n.KeyIO           Parsing took 0 ms 
365806     INFO  Test worker     d.u.i.k.n.KeyIO           MODE: declarations took 0 ms 
368950     INFO  Test worker     d.u.i.k.n.KeyIO           Parsing took 0 ms 
368950     INFO  Test worker     d.u.i.k.n.KeyIO           MODE: declarations took 0 ms 
368950     INFO  Test worker     d.u.i.k.n.KeyIO           Parsing took 0 ms 
368950     INFO  Test worker     d.u.i.k.n.KeyIO           MODE: declarations took 0 ms 
368950     INFO  Test worker     d.u.i.k.n.KeyIO           Parsing took 0 ms 
368950     INFO  Test worker     d.u.i.k.n.KeyIO           MODE: declarations took 0 ms 
368950     INFO  Test worker     d.u.i.k.n.KeyIO           Parsing took 0 ms 
368950     INFO  Test worker     d.u.i.k.n.KeyIO           MODE: declarations took 0 ms 
368950     INFO  Test worker     d.u.i.k.n.KeyIO           Parsing took 0 ms 
368951     INFO  Test worker     d.u.i.k.n.KeyIO           MODE: declarations took 1 ms 
372074     INFO  Test worker     d.u.i.k.n.KeyIO           Parsing took 0 ms 
372074     INFO  Test worker     d.u.i.k.n.KeyIO           MODE: declarations took 0 ms 
372074     INFO  Test worker     d.u.i.k.n.KeyIO           Parsing took 0 ms 
372074     INFO  Test worker     d.u.i.k.n.KeyIO           MODE: declarations took 0 ms 
372074     INFO  Test worker     d.u.i.k.n.KeyIO           Parsing took 0 ms 
372074     INFO  Test worker     d.u.i.k.n.KeyIO           MODE: declarations took 0 ms 
372074     INFO  Test worker     d.u.i.k.n.KeyIO           Parsing took 0 ms 
372074     INFO  Test worker     d.u.i.k.n.KeyIO           MODE: declarations took 0 ms 
372074     INFO  Test worker     d.u.i.k.n.KeyIO           Parsing took 0 ms 
372074     INFO  Test worker     d.u.i.k.n.KeyIO           MODE: declarations took 0 ms 
375201     INFO  Test worker     d.u.i.k.n.KeyIO           Parsing took 0 ms 
375201     INFO  Test worker     d.u.i.k.n.KeyIO           MODE: declarations took 0 ms 
375201     INFO  Test worker     d.u.i.k.n.KeyIO           Parsing took 0 ms 
375201     INFO  Test worker     d.u.i.k.n.KeyIO           MODE: declarations took 0 ms 
375201     INFO  Test worker     d.u.i.k.n.KeyIO           Parsing took 0 ms 
375201     INFO  Test worker     d.u.i.k.n.KeyIO           MODE: declarations took 0 ms 
375201     INFO  Test worker     d.u.i.k.n.KeyIO           Parsing took 0 ms 
375201     INFO  Test worker     d.u.i.k.n.KeyIO           MODE: declarations took 0 ms 
375201     INFO  Test worker     d.u.i.k.n.KeyIO           Parsing took 0 ms 
375201     INFO  Test worker     d.u.i.k.n.KeyIO           MODE: declarations took 0 ms 
378254     INFO  Test worker     d.u.i.k.n.KeyIO           Parsing took 0 ms 
378254     INFO  Test worker     d.u.i.k.n.KeyIO           MODE: declarations took 0 ms 
378254     INFO  Test worker     d.u.i.k.n.KeyIO           Parsing took 0 ms 
378254     INFO  Test worker     d.u.i.k.n.KeyIO           MODE: declarations took 0 ms 
378254     INFO  Test worker     d.u.i.k.n.KeyIO           Parsing took 0 ms 
378254     INFO  Test worker     d.u.i.k.n.KeyIO           MODE: declarations took 0 ms 
378254     INFO  Test worker     d.u.i.k.n.KeyIO           Parsing took 0 ms 
378254     INFO  Test worker     d.u.i.k.n.KeyIO           MODE: declarations took 0 ms 
378254     INFO  Test worker     d.u.i.k.n.KeyIO           Parsing took 0 ms 
378254     INFO  Test worker     d.u.i.k.n.KeyIO           MODE: declarations took 0 ms 
381366     INFO  Test worker     d.u.i.k.n.KeyIO           Parsing took 0 ms 
381367     INFO  Test worker     d.u.i.k.n.KeyIO           MODE: declarations took 0 ms 
381367     INFO  Test worker     d.u.i.k.n.KeyIO           Parsing took 0 ms 
381367     INFO  Test worker     d.u.i.k.n.KeyIO           MODE: declarations took 0 ms 
381368     INFO  Test worker     d.u.i.k.n.KeyIO           Parsing took 0 ms 
381368     INFO  Test worker     d.u.i.k.n.KeyIO           MODE: declarations took 0 ms 
381368     INFO  Test worker     d.u.i.k.n.KeyIO           Parsing took 0 ms 
381368     INFO  Test worker     d.u.i.k.n.KeyIO           MODE: declarations took 0 ms 
381369     INFO  Test worker     d.u.i.k.n.KeyIO           Parsing took 0 ms 
381369     INFO  Test worker     d.u.i.k.n.KeyIO           MODE: declarations took 0 ms 
384484     INFO  Test worker     d.u.i.k.n.KeyIO           Parsing took 1 ms 
384484     INFO  Test worker     d.u.i.k.n.KeyIO           MODE: declarations took 0 ms 
384484     INFO  Test worker     d.u.i.k.n.KeyIO           Parsing took 0 ms 
384484     INFO  Test worker     d.u.i.k.n.KeyIO           MODE: declarations took 0 ms 
384484     INFO  Test worker     d.u.i.k.n.KeyIO           Parsing took 0 ms 
384484     INFO  Test worker     d.u.i.k.n.KeyIO           MODE: declarations took 0 ms 
384484     INFO  Test worker     d.u.i.k.n.KeyIO           Parsing took 0 ms 
384484     INFO  Test worker     d.u.i.k.n.KeyIO           MODE: declarations took 0 ms 
384484     INFO  Test worker     d.u.i.k.n.KeyIO           Parsing took 0 ms 
384484     INFO  Test worker     d.u.i.k.n.KeyIO           MODE: declarations took 0 ms 
387486     INFO  Test worker     d.u.i.k.n.KeyIO           Parsing took 0 ms 
387486     INFO  Test worker     d.u.i.k.n.KeyIO           MODE: declarations took 0 ms 
387486     INFO  Test worker     d.u.i.k.n.KeyIO           Parsing took 0 ms 
387486     INFO  Test worker     d.u.i.k.n.KeyIO           MODE: declarations took 0 ms 
387486     INFO  Test worker     d.u.i.k.n.KeyIO           Parsing took 0 ms 
387487     INFO  Test worker     d.u.i.k.n.KeyIO           MODE: declarations took 1 ms 
387487     INFO  Test worker     d.u.i.k.n.KeyIO           Parsing took 0 ms 
387487     INFO  Test worker     d.u.i.k.n.KeyIO           MODE: declarations took 0 ms 
387487     INFO  Test worker     d.u.i.k.n.KeyIO           Parsing took 0 ms 
387487     INFO  Test worker     d.u.i.k.n.KeyIO           MODE: declarations took 0 ms 
390551     INFO  Test worker     d.u.i.k.n.KeyIO           Parsing took 0 ms 
390552     INFO  Test worker     d.u.i.k.n.KeyIO           MODE: declarations took 1 ms 
390552     INFO  Test worker     d.u.i.k.n.KeyIO           Parsing took 0 ms 
390552     INFO  Test worker     d.u.i.k.n.KeyIO           MODE: declarations took 0 ms 
390553     INFO  Test worker     d.u.i.k.n.KeyIO           Parsing took 0 ms 
390553     INFO  Test worker     d.u.i.k.n.KeyIO           MODE: declarations took 0 ms 
390553     INFO  Test worker     d.u.i.k.n.KeyIO           Parsing took 0 ms 
390553     INFO  Test worker     d.u.i.k.n.KeyIO           MODE: declarations took 0 ms 
390553     INFO  Test worker     d.u.i.k.n.KeyIO           Parsing took 0 ms 
390553     INFO  Test worker     d.u.i.k.n.KeyIO           MODE: declarations took 0 ms 
393588     INFO  Test worker     d.u.i.k.n.KeyIO           Parsing took 0 ms 
393588     INFO  Test worker     d.u.i.k.n.KeyIO           MODE: declarations took 0 ms 
393588     INFO  Test worker     d.u.i.k.n.KeyIO           Parsing took 0 ms 
393588     INFO  Test worker     d.u.i.k.n.KeyIO           MODE: declarations took 0 ms 
393588     INFO  Test worker     d.u.i.k.n.KeyIO           Parsing took 0 ms 
393588     INFO  Test worker     d.u.i.k.n.KeyIO           MODE: declarations took 0 ms 
393588     INFO  Test worker     d.u.i.k.n.KeyIO           Parsing took 0 ms 
393588     INFO  Test worker     d.u.i.k.n.KeyIO           MODE: declarations took 0 ms 
393588     INFO  Test worker     d.u.i.k.n.KeyIO           Parsing took 0 ms 
393588     INFO  Test worker     d.u.i.k.n.KeyIO           MODE: declarations took 0 ms 
396571     INFO  Test worker     d.u.i.k.n.KeyIO           Parsing took 1 ms 
396571     INFO  Test worker     d.u.i.k.n.KeyIO           MODE: declarations took 0 ms 
396571     INFO  Test worker     d.u.i.k.n.KeyIO           Parsing took 0 ms 
396571     INFO  Test worker     d.u.i.k.n.KeyIO           MODE: declarations took 0 ms 
396571     INFO  Test worker     d.u.i.k.n.KeyIO           Parsing took 0 ms 
396571     INFO  Test worker     d.u.i.k.n.KeyIO           MODE: declarations took 0 ms 
396571     INFO  Test worker     d.u.i.k.n.KeyIO           Parsing took 0 ms 
396571     INFO  Test worker     d.u.i.k.n.KeyIO           MODE: declarations took 0 ms 
396571     INFO  Test worker     d.u.i.k.n.KeyIO           Parsing took 0 ms 
396571     INFO  Test worker     d.u.i.k.n.KeyIO           MODE: declarations took 0 ms 
399546     INFO  Test worker     d.u.i.k.n.KeyIO           Parsing took 1 ms 
399546     INFO  Test worker     d.u.i.k.n.KeyIO           MODE: declarations took 0 ms 
399546     INFO  Test worker     d.u.i.k.n.KeyIO           Parsing took 0 ms 
399546     INFO  Test worker     d.u.i.k.n.KeyIO           MODE: declarations took 0 ms 
399546     INFO  Test worker     d.u.i.k.n.KeyIO           Parsing took 0 ms 
399546     INFO  Test worker     d.u.i.k.n.KeyIO           MODE: declarations took 0 ms 
399546     INFO  Test worker     d.u.i.k.n.KeyIO           Parsing took 0 ms 
399546     INFO  Test worker     d.u.i.k.n.KeyIO           MODE: declarations took 0 ms 
399546     INFO  Test worker     d.u.i.k.n.KeyIO           Parsing took 0 ms 
399546     INFO  Test worker     d.u.i.k.n.KeyIO           MODE: declarations took 0 ms 
402563     INFO  Test worker     d.u.i.k.n.KeyIO           Parsing took 0 ms 
402563     INFO  Test worker     d.u.i.k.n.KeyIO           MODE: declarations took 0 ms 
402563     INFO  Test worker     d.u.i.k.n.KeyIO           Parsing took 0 ms 
402563     INFO  Test worker     d.u.i.k.n.KeyIO           MODE: declarations took 0 ms 
402563     INFO  Test worker     d.u.i.k.n.KeyIO           Parsing took 0 ms 
402563     INFO  Test worker     d.u.i.k.n.KeyIO           MODE: declarations took 0 ms 
402563     INFO  Test worker     d.u.i.k.n.KeyIO           Parsing took 0 ms 
402563     INFO  Test worker     d.u.i.k.n.KeyIO           MODE: declarations took 0 ms 
402563     INFO  Test worker     d.u.i.k.n.KeyIO           Parsing took 0 ms 
402563     INFO  Test worker     d.u.i.k.n.KeyIO           MODE: declarations took 0 ms 
405486     INFO  Test worker     d.u.i.k.n.KeyIO           Parsing took 1 ms 
405486     INFO  Test worker     d.u.i.k.n.KeyIO           MODE: declarations took 0 ms 
405486     INFO  Test worker     d.u.i.k.n.KeyIO           Parsing took 0 ms 
405486     INFO  Test worker     d.u.i.k.n.KeyIO           MODE: declarations took 0 ms 
405486     INFO  Test worker     d.u.i.k.n.KeyIO           Parsing took 0 ms 
405486     INFO  Test worker     d.u.i.k.n.KeyIO           MODE: declarations took 0 ms 
405486     INFO  Test worker     d.u.i.k.n.KeyIO           Parsing took 0 ms 
405486     INFO  Test worker     d.u.i.k.n.KeyIO           MODE: declarations took 0 ms 
405486     INFO  Test worker     d.u.i.k.n.KeyIO           Parsing took 0 ms 
405486     INFO  Test worker     d.u.i.k.n.KeyIO           MODE: declarations took 0 ms 
408400     INFO  Test worker     d.u.i.k.n.KeyIO           Parsing took 0 ms 
408400     INFO  Test worker     d.u.i.k.n.KeyIO           MODE: declarations took 0 ms 
408400     INFO  Test worker     d.u.i.k.n.KeyIO           Parsing took 0 ms 
408400     INFO  Test worker     d.u.i.k.n.KeyIO           MODE: declarations took 0 ms 
408400     INFO  Test worker     d.u.i.k.n.KeyIO           Parsing took 0 ms 
408400     INFO  Test worker     d.u.i.k.n.KeyIO           MODE: declarations took 0 ms 
408400     INFO  Test worker     d.u.i.k.n.KeyIO           Parsing took 0 ms 
408400     INFO  Test worker     d.u.i.k.n.KeyIO           MODE: declarations took 0 ms 
408400     INFO  Test worker     d.u.i.k.n.KeyIO           Parsing took 0 ms 
408400     INFO  Test worker     d.u.i.k.n.KeyIO           MODE: declarations took 0 ms 
411359     INFO  Test worker     d.u.i.k.n.KeyIO           Parsing took 0 ms 
411359     INFO  Test worker     d.u.i.k.n.KeyIO           MODE: declarations took 0 ms 
411359     INFO  Test worker     d.u.i.k.n.KeyIO           Parsing took 0 ms 
411359     INFO  Test worker     d.u.i.k.n.KeyIO           MODE: declarations took 0 ms 
411359     INFO  Test worker     d.u.i.k.n.KeyIO           Parsing took 0 ms 
411359     INFO  Test worker     d.u.i.k.n.KeyIO           MODE: declarations took 0 ms 
411359     INFO  Test worker     d.u.i.k.n.KeyIO           Parsing took 0 ms 
411359     INFO  Test worker     d.u.i.k.n.KeyIO           MODE: declarations took 0 ms 
411359     INFO  Test worker     d.u.i.k.n.KeyIO           Parsing took 0 ms 
411359     INFO  Test worker     d.u.i.k.n.KeyIO           MODE: declarations took 0 ms 
414291     INFO  Test worker     d.u.i.k.n.KeyIO           Parsing took 0 ms 
414292     INFO  Test worker     d.u.i.k.n.KeyIO           MODE: declarations took 1 ms 
414292     INFO  Test worker     d.u.i.k.n.KeyIO           Parsing took 0 ms 
414292     INFO  Test worker     d.u.i.k.n.KeyIO           MODE: declarations took 0 ms 
414292     INFO  Test worker     d.u.i.k.n.KeyIO           Parsing took 0 ms 
414292     INFO  Test worker     d.u.i.k.n.KeyIO           MODE: declarations took 0 ms 
414292     INFO  Test worker     d.u.i.k.n.KeyIO           Parsing took 0 ms 
414292     INFO  Test worker     d.u.i.k.n.KeyIO           MODE: declarations took 0 ms 
414292     INFO  Test worker     d.u.i.k.n.KeyIO           Parsing took 0 ms 
414292     INFO  Test worker     d.u.i.k.n.KeyIO           MODE: declarations took 0 ms 
417218     INFO  Test worker     d.u.i.k.n.KeyIO           Parsing took 0 ms 
417218     INFO  Test worker     d.u.i.k.n.KeyIO           MODE: declarations took 0 ms 
417218     INFO  Test worker     d.u.i.k.n.KeyIO           Parsing took 0 ms 
417218     INFO  Test worker     d.u.i.k.n.KeyIO           MODE: declarations took 0 ms 
417218     INFO  Test worker     d.u.i.k.n.KeyIO           Parsing took 0 ms 
417218     INFO  Test worker     d.u.i.k.n.KeyIO           MODE: declarations took 0 ms 
417218     INFO  Test worker     d.u.i.k.n.KeyIO           Parsing took 0 ms 
417218     INFO  Test worker     d.u.i.k.n.KeyIO           MODE: declarations took 0 ms 
417218     INFO  Test worker     d.u.i.k.n.KeyIO           Parsing took 0 ms 
417218     INFO  Test worker     d.u.i.k.n.KeyIO           MODE: declarations took 0 ms 
420127     INFO  Test worker     d.u.i.k.n.KeyIO           Parsing took 0 ms 
420127     INFO  Test worker     d.u.i.k.n.KeyIO           MODE: declarations took 0 ms 
420127     INFO  Test worker     d.u.i.k.n.KeyIO           Parsing took 0 ms 
420127     INFO  Test worker     d.u.i.k.n.KeyIO           MODE: declarations took 0 ms 
420127     INFO  Test worker     d.u.i.k.n.KeyIO           Parsing took 0 ms 
420127     INFO  Test worker     d.u.i.k.n.KeyIO           MODE: declarations took 0 ms 
420128     INFO  Test worker     d.u.i.k.n.KeyIO           Parsing took 0 ms 
420128     INFO  Test worker     d.u.i.k.n.KeyIO           MODE: declarations took 0 ms 
420128     INFO  Test worker     d.u.i.k.n.KeyIO           Parsing took 0 ms 
420128     INFO  Test worker     d.u.i.k.n.KeyIO           MODE: declarations took 0 ms 
423121     INFO  Test worker     d.u.i.k.n.KeyIO           Parsing took 0 ms 
423121     INFO  Test worker     d.u.i.k.n.KeyIO           MODE: declarations took 0 ms 
423121     INFO  Test worker     d.u.i.k.n.KeyIO           Parsing took 0 ms 
423121     INFO  Test worker     d.u.i.k.n.KeyIO           MODE: declarations took 0 ms 
423121     INFO  Test worker     d.u.i.k.n.KeyIO           Parsing took 0 ms 
423122     INFO  Test worker     d.u.i.k.n.KeyIO           MODE: declarations took 1 ms 
423122     INFO  Test worker     d.u.i.k.n.KeyIO           Parsing took 0 ms 
423122     INFO  Test worker     d.u.i.k.n.KeyIO           MODE: declarations took 0 ms 
423122     INFO  Test worker     d.u.i.k.n.KeyIO           Parsing took 0 ms 
423122     INFO  Test worker     d.u.i.k.n.KeyIO           MODE: declarations took 0 ms 
426096     INFO  Test worker     d.u.i.k.n.KeyIO           Parsing took 0 ms 
426096     INFO  Test worker     d.u.i.k.n.KeyIO           MODE: declarations took 0 ms 
426096     INFO  Test worker     d.u.i.k.n.KeyIO           Parsing took 0 ms 
426096     INFO  Test worker     d.u.i.k.n.KeyIO           MODE: declarations took 0 ms 
426096     INFO  Test worker     d.u.i.k.n.KeyIO           Parsing took 0 ms 
426096     INFO  Test worker     d.u.i.k.n.KeyIO           MODE: declarations took 0 ms 
426097     INFO  Test worker     d.u.i.k.n.KeyIO           Parsing took 0 ms 
426097     INFO  Test worker     d.u.i.k.n.KeyIO           MODE: declarations took 0 ms 
426097     INFO  Test worker     d.u.i.k.n.KeyIO           Parsing took 0 ms 
426097     INFO  Test worker     d.u.i.k.n.KeyIO           MODE: declarations took 0 ms 
]]></system-out>
  <system-err><![CDATA[]]></system-err>
</testsuite>
