<?xml version="1.0" encoding="UTF-8"?>
<testsuite name="de.uka.ilkd.key.symbolic_execution.testcase.strategy.TestMethodBreakpointWithHitCount" tests="1" skipped="0" failures="0" errors="0" timestamp="2023-02-02T14:39:50" hostname="fv-az398-741" time="5.417">
  <properties/>
  <testcase name="testBreakpointStopCondition()" classname="de.uka.ilkd.key.symbolic_execution.testcase.strategy.TestMethodBreakpointWithHitCount" time="5.417"/>
  <system-out><![CDATA[]]></system-out>
  <system-err><![CDATA[]]></system-err>
</testsuite>
