<?xml version="1.0" encoding="UTF-8"?>
<testsuite name="de.uka.ilkd.key.symbolic_execution.testcase.slicing.TestThinBackwardSlicer" tests="44" skipped="0" failures="0" errors="0" timestamp="2023-01-31T18:05:42" hostname="fv-az567-287" time="121.826">
  <properties/>
  <testcase name="testAliasChanged()" classname="de.uka.ilkd.key.symbolic_execution.testcase.slicing.TestThinBackwardSlicer" time="2.796"/>
  <testcase name="testAliasNotAvailable()" classname="de.uka.ilkd.key.symbolic_execution.testcase.slicing.TestThinBackwardSlicer" time="2.816"/>
  <testcase name="testAliasedByExecutionTest()" classname="de.uka.ilkd.key.symbolic_execution.testcase.slicing.TestThinBackwardSlicer" time="2.697"/>
  <testcase name="testAliasing()" classname="de.uka.ilkd.key.symbolic_execution.testcase.slicing.TestThinBackwardSlicer" time="2.862"/>
  <testcase name="testArrayIndexAsVariableFieldTest()" classname="de.uka.ilkd.key.symbolic_execution.testcase.slicing.TestThinBackwardSlicer" time="2.79"/>
  <testcase name="testArrayIndexSideeffectsAfter()" classname="de.uka.ilkd.key.symbolic_execution.testcase.slicing.TestThinBackwardSlicer" time="2.719"/>
  <testcase name="testArrayIndexSideeffectsBevore()" classname="de.uka.ilkd.key.symbolic_execution.testcase.slicing.TestThinBackwardSlicer" time="2.734"/>
  <testcase name="testArrayIndexVariableTest()" classname="de.uka.ilkd.key.symbolic_execution.testcase.slicing.TestThinBackwardSlicer" time="2.769"/>
  <testcase name="testBlockContractAssignableEverything()" classname="de.uka.ilkd.key.symbolic_execution.testcase.slicing.TestThinBackwardSlicer" time="2.745"/>
  <testcase name="testBlockContractAssignableLocationNotRequested()" classname="de.uka.ilkd.key.symbolic_execution.testcase.slicing.TestThinBackwardSlicer" time="2.748"/>
  <testcase name="testBlockContractAssignableRequestedLocation()" classname="de.uka.ilkd.key.symbolic_execution.testcase.slicing.TestThinBackwardSlicer" time="2.754"/>
  <testcase name="testEquivalenceClasses_Index_0()" classname="de.uka.ilkd.key.symbolic_execution.testcase.slicing.TestThinBackwardSlicer" time="2.823"/>
  <testcase name="testEquivalenceClasses_Index_0_no_OSS()" classname="de.uka.ilkd.key.symbolic_execution.testcase.slicing.TestThinBackwardSlicer" time="2.823"/>
  <testcase name="testEquivalenceClasses_Index_1()" classname="de.uka.ilkd.key.symbolic_execution.testcase.slicing.TestThinBackwardSlicer" time="2.808"/>
  <testcase name="testEquivalenceClasses_Index_1_no_OSS()" classname="de.uka.ilkd.key.symbolic_execution.testcase.slicing.TestThinBackwardSlicer" time="2.831"/>
  <testcase name="testFigure2Instance_right()" classname="de.uka.ilkd.key.symbolic_execution.testcase.slicing.TestThinBackwardSlicer" time="2.764"/>
  <testcase name="testFigure2Local_right()" classname="de.uka.ilkd.key.symbolic_execution.testcase.slicing.TestThinBackwardSlicer" time="2.749"/>
  <testcase name="testFigure2Param_right()" classname="de.uka.ilkd.key.symbolic_execution.testcase.slicing.TestThinBackwardSlicer" time="2.762"/>
  <testcase name="testFigure2_left()" classname="de.uka.ilkd.key.symbolic_execution.testcase.slicing.TestThinBackwardSlicer" time="2.797"/>
  <testcase name="testFigure2_right()" classname="de.uka.ilkd.key.symbolic_execution.testcase.slicing.TestThinBackwardSlicer" time="2.796"/>
  <testcase name="testInstanceFieldsAliased()" classname="de.uka.ilkd.key.symbolic_execution.testcase.slicing.TestThinBackwardSlicer" time="2.778"/>
  <testcase name="testIntEndTest()" classname="de.uka.ilkd.key.symbolic_execution.testcase.slicing.TestThinBackwardSlicer" time="2.702"/>
  <testcase name="testLoopInvariantInListFieldsTest()" classname="de.uka.ilkd.key.symbolic_execution.testcase.slicing.TestThinBackwardSlicer" time="2.847"/>
  <testcase name="testLoopInvariantNestedListFieldsTest()" classname="de.uka.ilkd.key.symbolic_execution.testcase.slicing.TestThinBackwardSlicer" time="2.961"/>
  <testcase name="testLoopInvariantNotInListFieldsTest()" classname="de.uka.ilkd.key.symbolic_execution.testcase.slicing.TestThinBackwardSlicer" time="2.848"/>
  <testcase name="testLoopInvariantStarFieldsTest()" classname="de.uka.ilkd.key.symbolic_execution.testcase.slicing.TestThinBackwardSlicer" time="2.824"/>
  <testcase name="testMethodCallTest()" classname="de.uka.ilkd.key.symbolic_execution.testcase.slicing.TestThinBackwardSlicer" time="2.749"/>
  <testcase name="testMethodContractAssignableEverything()" classname="de.uka.ilkd.key.symbolic_execution.testcase.slicing.TestThinBackwardSlicer" time="2.739"/>
  <testcase name="testMethodContractAssignableLocationNotRequested()" classname="de.uka.ilkd.key.symbolic_execution.testcase.slicing.TestThinBackwardSlicer" time="2.738"/>
  <testcase name="testMethodContractAssignableRequestedLocation()" classname="de.uka.ilkd.key.symbolic_execution.testcase.slicing.TestThinBackwardSlicer" time="2.731"/>
  <testcase name="testNestedInstanceAccess_subResult()" classname="de.uka.ilkd.key.symbolic_execution.testcase.slicing.TestThinBackwardSlicer" time="2.75"/>
  <testcase name="testNestedInstanceFields()" classname="de.uka.ilkd.key.symbolic_execution.testcase.slicing.TestThinBackwardSlicer" time="2.743"/>
  <testcase name="testNotAliasedByExecutionTest()" classname="de.uka.ilkd.key.symbolic_execution.testcase.slicing.TestThinBackwardSlicer" time="2.71"/>
  <testcase name="testReadWriteTest()" classname="de.uka.ilkd.key.symbolic_execution.testcase.slicing.TestThinBackwardSlicer" time="2.714"/>
  <testcase name="testSimpleAliasChanged()" classname="de.uka.ilkd.key.symbolic_execution.testcase.slicing.TestThinBackwardSlicer" time="2.713"/>
  <testcase name="testSimpleArrayTest()" classname="de.uka.ilkd.key.symbolic_execution.testcase.slicing.TestThinBackwardSlicer" time="2.724"/>
  <testcase name="testSimpleInstanceFields()" classname="de.uka.ilkd.key.symbolic_execution.testcase.slicing.TestThinBackwardSlicer" time="2.721"/>
  <testcase name="testSimpleLocalVariables()" classname="de.uka.ilkd.key.symbolic_execution.testcase.slicing.TestThinBackwardSlicer" time="2.686"/>
  <testcase name="testSimpleLoopInvariantTest()" classname="de.uka.ilkd.key.symbolic_execution.testcase.slicing.TestThinBackwardSlicer" time="2.747"/>
  <testcase name="testSimpleMultidimensionArrayTest()" classname="de.uka.ilkd.key.symbolic_execution.testcase.slicing.TestThinBackwardSlicer" time="2.842"/>
  <testcase name="testSimpleStaticFields()" classname="de.uka.ilkd.key.symbolic_execution.testcase.slicing.TestThinBackwardSlicer" time="2.702"/>
  <testcase name="testSimpleStaticLoopInvariantTest()" classname="de.uka.ilkd.key.symbolic_execution.testcase.slicing.TestThinBackwardSlicer" time="2.793"/>
  <testcase name="testSimpleThisInstanceFields()" classname="de.uka.ilkd.key.symbolic_execution.testcase.slicing.TestThinBackwardSlicer" time="2.698"/>
  <testcase name="testValueChange()" classname="de.uka.ilkd.key.symbolic_execution.testcase.slicing.TestThinBackwardSlicer" time="2.77"/>
  <system-out><![CDATA[1067327    WARN  Test worker     d.u.i.k.p.i.IntermediateProofReplayer Proof contains wrong number of \assumes instatiations for Partial_inv_axiom_for_JML_class_invariant_nr_0_in_AliasChanged 
1067327    WARN  Test worker     d.u.i.k.p.i.IntermediateProofReplayer Proof contains wrong number of \assumes instatiations for Partial_inv_axiom_for_JML_class_invariant_nr_0_in_AliasChanged 
1067342    WARN  Test worker     d.u.i.k.p.i.IntermediateProofReplayer Proof contains wrong number of \assumes instatiations for Partial_inv_axiom_for_JML_class_invariant_nr_0_in_AliasChanged 
1067343    WARN  Test worker     d.u.i.k.p.i.IntermediateProofReplayer Proof contains wrong number of \assumes instatiations for Partial_inv_axiom_for_JML_class_invariant_nr_0_in_AliasChanged 
1070162    WARN  Test worker     d.u.i.k.p.i.IntermediateProofReplayer Proof contains wrong number of \assumes instatiations for Partial_inv_axiom_for_JML_class_invariant_nr_0_in_AliasNotAvailable 
1070163    WARN  Test worker     d.u.i.k.p.i.IntermediateProofReplayer Proof contains wrong number of \assumes instatiations for Partial_inv_axiom_for_JML_class_invariant_nr_0_in_AliasNotAvailable 
1070165    WARN  Test worker     d.u.i.k.p.i.IntermediateProofReplayer Proof contains wrong number of \assumes instatiations for Partial_inv_axiom_for_JML_class_invariant_nr_0_in_AliasNotAvailable 
1070166    WARN  Test worker     d.u.i.k.p.i.IntermediateProofReplayer Proof contains wrong number of \assumes instatiations for Partial_inv_axiom_for_JML_class_invariant_nr_0_in_AliasNotAvailable 
1122915    WARN  Test worker     d.u.i.k.p.i.IntermediateProofReplayer Proof contains wrong number of \assumes instatiations for Partial_inv_axiom_for_JML_class_invariant_nr_0_in_InstanceFieldsAliased 
1122915    WARN  Test worker     d.u.i.k.p.i.IntermediateProofReplayer Proof contains wrong number of \assumes instatiations for Partial_inv_axiom_for_JML_class_invariant_nr_0_in_InstanceFieldsAliased 
1122934    WARN  Test worker     d.u.i.k.p.i.IntermediateProofReplayer Proof contains wrong number of \assumes instatiations for Partial_inv_axiom_for_JML_class_invariant_nr_0_in_InstanceFieldsAliased 
1122934    WARN  Test worker     d.u.i.k.p.i.IntermediateProofReplayer Proof contains wrong number of \assumes instatiations for Partial_inv_axiom_for_JML_class_invariant_nr_0_in_InstanceFieldsAliased 
1131248    WARN  Test worker     d.u.i.k.p.i.IntermediateProofReplayer Proof contains wrong number of \assumes instatiations for Partial_inv_axiom_for_JML_class_invariant_nr_1_in_LoopInvariantNestedListFieldsTest 
1131249    WARN  Test worker     d.u.i.k.p.i.IntermediateProofReplayer Proof contains wrong number of \assumes instatiations for Partial_inv_axiom_for_JML_class_invariant_nr_2_in_LoopInvariantNestedListFieldsTest 
1131249    WARN  Test worker     d.u.i.k.p.i.IntermediateProofReplayer Proof contains wrong number of \assumes instatiations for Partial_inv_axiom_for_JML_class_invariant_nr_0_in_LoopInvariantNestedListFieldsTest 
1131329    WARN  Test worker     d.u.i.k.p.i.IntermediateProofReplayer Proof contains wrong number of \assumes instatiations for Partial_inv_axiom_for_JML_class_invariant_nr_2_in_LoopInvariantNestedListFieldsTest 
1131330    WARN  Test worker     d.u.i.k.p.i.IntermediateProofReplayer Proof contains wrong number of \assumes instatiations for Partial_inv_axiom_for_JML_class_invariant_nr_0_in_LoopInvariantNestedListFieldsTest 
1131330    WARN  Test worker     d.u.i.k.p.i.IntermediateProofReplayer Proof contains wrong number of \assumes instatiations for Partial_inv_axiom_for_JML_class_invariant_nr_1_in_LoopInvariantNestedListFieldsTest 
1131414    WARN  Test worker     d.u.i.k.p.i.IntermediateProofReplayer Proof contains wrong number of \assumes instatiations for Partial_inv_axiom_for_JML_class_invariant_nr_2_in_LoopInvariantNestedListFieldsTest 
1131415    WARN  Test worker     d.u.i.k.p.i.IntermediateProofReplayer Proof contains wrong number of \assumes instatiations for Partial_inv_axiom_for_JML_class_invariant_nr_1_in_LoopInvariantNestedListFieldsTest 
1131415    WARN  Test worker     d.u.i.k.p.i.IntermediateProofReplayer Proof contains wrong number of \assumes instatiations for Partial_inv_axiom_for_JML_class_invariant_nr_0_in_LoopInvariantNestedListFieldsTest 
1150851    WARN  Test worker     d.u.i.k.p.i.IntermediateProofReplayer Proof contains wrong number of \assumes instatiations for Class_invariant_axiom_for_java_lang_Class 
1150853    WARN  Test worker     d.u.i.k.p.i.IntermediateProofReplayer Proof contains wrong number of \assumes instatiations for Class_invariant_axiom_for_java_lang_Character 
1153558    WARN  Test worker     d.u.i.k.p.i.IntermediateProofReplayer Proof contains wrong number of \assumes instatiations for Partial_inv_axiom_for_JML_class_invariant_nr_0_in_NestedInstanceFields 
1153573    WARN  Test worker     d.u.i.k.p.i.IntermediateProofReplayer Proof contains wrong number of \assumes instatiations for Partial_inv_axiom_for_JML_class_invariant_nr_0_in_NestedInstanceFields 
]]></system-out>
  <system-err><![CDATA[]]></system-err>
</testsuite>
