<?xml version="1.0" encoding="UTF-8"?>
<testsuite name="org.key_project.util.testcase.java.StringUtilTest" tests="15" skipped="0" failures="0" errors="0" timestamp="2023-02-06T14:08:43" hostname="fv-az563-995" time="0.026">
  <properties/>
  <testcase name="testReplaceAll()" classname="org.key_project.util.testcase.java.StringUtilTest" time="0.001"/>
  <testcase name="testToLowerCase()" classname="org.key_project.util.testcase.java.StringUtilTest" time="0.0"/>
  <testcase name="testCreateIgnoreCaseComparator()" classname="org.key_project.util.testcase.java.StringUtilTest" time="0.001"/>
  <testcase name="testFillString()" classname="org.key_project.util.testcase.java.StringUtilTest" time="0.008"/>
  <testcase name="testChop()" classname="org.key_project.util.testcase.java.StringUtilTest" time="0.0"/>
  <testcase name="testTrim()" classname="org.key_project.util.testcase.java.StringUtilTest" time="0.001"/>
  <testcase name="testTestTrim()" classname="org.key_project.util.testcase.java.StringUtilTest" time="0.001"/>
  <testcase name="testContains()" classname="org.key_project.util.testcase.java.StringUtilTest" time="0.001"/>
  <testcase name="testTrimRight()" classname="org.key_project.util.testcase.java.StringUtilTest" time="0.0"/>
  <testcase name="testToSingleLinedString()" classname="org.key_project.util.testcase.java.StringUtilTest" time="0.0"/>
  <testcase name="testIsEmpty()" classname="org.key_project.util.testcase.java.StringUtilTest" time="0.0"/>
  <testcase name="testEqualIgnoreWhiteSpace()" classname="org.key_project.util.testcase.java.StringUtilTest" time="0.01"/>
  <testcase name="testRepeat()" classname="org.key_project.util.testcase.java.StringUtilTest" time="0.0"/>
  <testcase name="testIsTrimmedEmpty()" classname="org.key_project.util.testcase.java.StringUtilTest" time="0.001"/>
  <testcase name="testStartsWith()" classname="org.key_project.util.testcase.java.StringUtilTest" time="0.0"/>
  <system-out><![CDATA[]]></system-out>
  <system-err><![CDATA[]]></system-err>
</testsuite>
