<?xml version="1.0" encoding="UTF-8"?>
<testsuite name="org.key_project.slicing.EndToEndTests" tests="11" skipped="0" failures="0" errors="0" timestamp="2023-03-31T20:20:34" hostname="fv-az401-679" time="269.274">
  <properties/>
  <testcase name="sliceIfThenElseSplit()" classname="org.key_project.slicing.EndToEndTests" time="61.288"/>
  <testcase name="deduplicateChecksMergabilityCorrectly()" classname="org.key_project.slicing.EndToEndTests" time="9.473"/>
  <testcase name="sliceDuplicatesAway()" classname="org.key_project.slicing.EndToEndTests" time="37.329"/>
  <testcase name="sliceMultipleIterations()" classname="org.key_project.slicing.EndToEndTests" time="70.023"/>
  <testcase name="sliceDuplicatesAwayOpenGoals()" classname="org.key_project.slicing.EndToEndTests" time="35.264"/>
  <testcase name="sliceCutExample()" classname="org.key_project.slicing.EndToEndTests" time="8.639"/>
  <testcase name="sliceAgathaWithOpenGoal()" classname="org.key_project.slicing.EndToEndTests" time="8.809"/>
  <testcase name="sliceSimpleSMT()" classname="org.key_project.slicing.EndToEndTests" time="0.001"/>
  <testcase name="sliceWithOpenGoal()" classname="org.key_project.slicing.EndToEndTests" time="17.816"/>
  <testcase name="sliceAgatha()" classname="org.key_project.slicing.EndToEndTests" time="8.927"/>
  <testcase name="sliceJavaProof()" classname="org.key_project.slicing.EndToEndTests" time="11.698"/>
  <system-out><![CDATA[loading /home/runner/work/key/key/keyext.slicing/src/test/resources/testcase/ifThenElseSplit.proof
[20:20:34.228] ?[31mWARN ?[0;39m ?[36mProofIndependentSettings?[0;39m - The settings in /home/runner/.key/proofIndependentSettings.props are *not* read due to flag 'key.disregardSettings'
[20:20:34.385] ?[31mWARN ?[0;39m ?[36mProofSettings?[0;39m - The settings in /home/runner/.key/proof-settings.props are *not* read.
[20:20:48.657] ?[34mINFO ?[0;39m ?[36mKeyStrokeSettings?[0;39m - Save keyboard shortcuts to: /home/runner/.key/keystrokes.properties
loading /home/runner/work/key/key/keyext.slicing/src/test/resources/testcase/ifThenElseSplit.proof
[20:20:59.836] ?[34mINFO ?[0;39m ?[36mDependencyAnalyzer?[0;39m - merging 2 and 3
loading /tmp/KeYslice5355664102628698881/ifThenElseSplit_slice1.proof
[20:21:09.989] ?[34mINFO ?[0;39m ?[36mDependencyAnalyzer?[0;39m - merging 3 and 4
loading /tmp/KeYslice1423316038406441164/ifThenElseSplit_slice2.proof
[20:21:19.506] ?[34mINFO ?[0;39m ?[36mDependencyAnalyzer?[0;39m - merging 4 and 5
loading /tmp/KeYslice16570051443953225532/ifThenElseSplit_slice3.proof
[20:21:29.031] ?[34mINFO ?[0;39m ?[36mDependencyAnalyzer?[0;39m - merging 5 and 6
loading /home/runner/work/key/key/keyext.slicing/src/test/resources/testcase/deduplicateCheck4.proof
loading /home/runner/work/key/key/keyext.slicing/src/test/resources/testcase/exampleDuplicate.proof
[20:21:47.991] ?[34mINFO ?[0;39m ?[36mDependencyAnalyzer?[0;39m - merging 2 and 3
loading /tmp/KeYslice12360084419931102803/exampleDuplicate_slice1.proof
[20:21:57.239] ?[34mINFO ?[0;39m ?[36mDependencyAnalyzer?[0;39m - merging 3 and 4
loading /tmp/KeYslice6404862163788469238/exampleDuplicate_slice2.proof
[20:22:06.757] ?[34mINFO ?[0;39m ?[36mDependencyAnalyzer?[0;39m - merging 4 and 5
loading /tmp/KeYslice6676194400585068872/exampleDuplicate_slice3.proof
loading /home/runner/work/key/key/keyext.slicing/src/test/resources/testcase/../../../../../key.ui/examples/firstTouch/05-ReverseArray/reverseArray.proof
[20:22:28.792] ?[34mINFO ?[0;39m ?[36mDependencyAnalyzer?[0;39m - merging 1354 and 4678
[20:22:28.819] ?[34mINFO ?[0;39m ?[36mDependencyAnalyzer?[0;39m - merging 1010 and 4663
[20:22:28.890] ?[34mINFO ?[0;39m ?[36mDependencyAnalyzer?[0;39m - merging 2591 and 3795
[20:22:28.894] ?[34mINFO ?[0;39m ?[36mDependencyAnalyzer?[0;39m - merging 3958 and 4306
loading /tmp/KeYslice3667877141725465239/reverseArray_slice1.proof
[20:22:43.589] ?[34mINFO ?[0;39m ?[36mDependencyAnalyzer?[0;39m - merging 880 and 3473
[20:22:43.590] ?[34mINFO ?[0;39m ?[36mDependencyAnalyzer?[0;39m - merging 2219 and 2914
[20:22:43.603] ?[34mINFO ?[0;39m ?[36mDependencyAnalyzer?[0;39m - merging 1281 and 3384
[20:22:43.612] ?[34mINFO ?[0;39m ?[36mDependencyAnalyzer?[0;39m - merging 2973 and 3148
[20:22:43.617] ?[34mINFO ?[0;39m ?[36mDependencyAnalyzer?[0;39m - merging 947 and 3782
[20:22:43.623] ?[34mINFO ?[0;39m ?[36mDependencyAnalyzer?[0;39m - merging 879 and 3479
[20:22:43.630] ?[34mINFO ?[0;39m ?[36mDependencyAnalyzer?[0;39m - merging 943 and 3370
loading /tmp/KeYslice12432224204958263811/reverseArray_slice2.proof
[20:22:57.194] ?[34mINFO ?[0;39m ?[36mDependencyAnalyzer?[0;39m - merging 1301 and 3381
[20:22:57.199] ?[34mINFO ?[0;39m ?[36mDependencyAnalyzer?[0;39m - merging 883 and 3469
[20:22:57.203] ?[34mINFO ?[0;39m ?[36mDependencyAnalyzer?[0;39m - merging 2973 and 3147
[20:22:57.212] ?[34mINFO ?[0;39m ?[36mDependencyAnalyzer?[0;39m - merging 882 and 3474
[20:22:57.218] ?[34mINFO ?[0;39m ?[36mDependencyAnalyzer?[0;39m - merging 946 and 3368
[20:22:57.229] ?[34mINFO ?[0;39m ?[36mDependencyAnalyzer?[0;39m - merging 2220 and 2914
[20:22:57.230] ?[34mINFO ?[0;39m ?[36mDependencyAnalyzer?[0;39m - merging 781 and 3554
[20:22:57.233] ?[34mINFO ?[0;39m ?[36mDependencyAnalyzer?[0;39m - merging 782 and 3569
[20:22:57.237] ?[34mINFO ?[0;39m ?[36mDependencyAnalyzer?[0;39m - merging 949 and 3776
loading /tmp/KeYslice8638086768743708621/reverseArray_slice3.proof
[20:23:11.161] ?[34mINFO ?[0;39m ?[36mDependencyAnalyzer?[0;39m - merging 784 and 3548
[20:23:11.168] ?[34mINFO ?[0;39m ?[36mDependencyAnalyzer?[0;39m - merging 757 and 3657
[20:23:11.171] ?[34mINFO ?[0;39m ?[36mDependencyAnalyzer?[0;39m - merging 2973 and 3146
[20:23:11.173] ?[34mINFO ?[0;39m ?[36mDependencyAnalyzer?[0;39m - merging 1285 and 3379
[20:23:11.174] ?[34mINFO ?[0;39m ?[36mDependencyAnalyzer?[0;39m - merging 885 and 3469
[20:23:11.183] ?[34mINFO ?[0;39m ?[36mDependencyAnalyzer?[0;39m - merging 756 and 3651
[20:23:11.185] ?[34mINFO ?[0;39m ?[36mDependencyAnalyzer?[0;39m - merging 2221 and 2914
[20:23:11.190] ?[34mINFO ?[0;39m ?[36mDependencyAnalyzer?[0;39m - merging 1296 and 3803
[20:23:11.194] ?[34mINFO ?[0;39m ?[36mDependencyAnalyzer?[0;39m - merging 785 and 3562
[20:23:11.203] ?[34mINFO ?[0;39m ?[36mDependencyAnalyzer?[0;39m - merging 1302 and 3378
[20:23:11.210] ?[34mINFO ?[0;39m ?[36mDependencyAnalyzer?[0;39m - merging 886 and 3465
loading /tmp/KeYslice10064533279477417426/reverseArray_slice4.proof
[20:23:23.962] ?[34mINFO ?[0;39m ?[36mDependencyAnalyzer?[0;39m - merging 1396 and 3388
[20:23:23.965] ?[34mINFO ?[0;39m ?[36mDependencyAnalyzer?[0;39m - merging 787 and 3555
[20:23:23.967] ?[34mINFO ?[0;39m ?[36mDependencyAnalyzer?[0;39m - merging 889 and 3464
[20:23:23.975] ?[34mINFO ?[0;39m ?[36mDependencyAnalyzer?[0;39m - merging 2222 and 2914
[20:23:23.977] ?[34mINFO ?[0;39m ?[36mDependencyAnalyzer?[0;39m - merging 759 and 3643
[20:23:23.979] ?[34mINFO ?[0;39m ?[36mDependencyAnalyzer?[0;39m - merging 2973 and 3145
[20:23:23.980] ?[34mINFO ?[0;39m ?[36mDependencyAnalyzer?[0;39m - merging 1298 and 3793
[20:23:23.982] ?[34mINFO ?[0;39m ?[36mDependencyAnalyzer?[0;39m - merging 788 and 3542
[20:23:23.984] ?[34mINFO ?[0;39m ?[36mDependencyAnalyzer?[0;39m - merging 888 and 3465
[20:23:23.985] ?[34mINFO ?[0;39m ?[36mDependencyAnalyzer?[0;39m - merging 621 and 3786
[20:23:23.987] ?[34mINFO ?[0;39m ?[36mDependencyAnalyzer?[0;39m - merging 1288 and 3376
[20:23:23.990] ?[34mINFO ?[0;39m ?[36mDependencyAnalyzer?[0;39m - merging 760 and 3648
loading /home/runner/work/key/key/keyext.slicing/src/test/resources/testcase/exampleDuplicateOpen.proof
[20:23:35.272] ?[34mINFO ?[0;39m ?[36mDependencyAnalyzer?[0;39m - merging 2 and 3
loading /tmp/KeYslice11549352828869885708/exampleDuplicateOpen_slice1.proof
[20:23:43.963] ?[34mINFO ?[0;39m ?[36mDependencyAnalyzer?[0;39m - merging 3 and 4
loading /tmp/KeYslice12123690423527626885/exampleDuplicateOpen_slice2.proof
[20:23:52.687] ?[34mINFO ?[0;39m ?[36mDependencyAnalyzer?[0;39m - merging 4 and 5
loading /tmp/KeYslice14188070076979417417/exampleDuplicateOpen_slice3.proof
loading /home/runner/work/key/key/keyext.slicing/src/test/resources/testcase/cutExample.proof
loading /home/runner/work/key/key/keyext.slicing/src/test/resources/testcase/agathaOpenGoal.proof
loading /home/runner/work/key/key/keyext.slicing/src/test/resources/testcase/openGoal1.proof
loading /home/runner/work/key/key/keyext.slicing/src/test/resources/testcase/openGoal2.proof
loading /home/runner/work/key/key/keyext.slicing/src/test/resources/testcase/agatha.proof
loading /home/runner/work/key/key/keyext.slicing/src/test/resources/testcase/../../../../../key.ui/examples/heap/verifyThis15_2_ParallelGcd/parallelGcd.proof
]]></system-out>
  <system-err><![CDATA[]]></system-err>
</testsuite>
