<?xml version="1.0" encoding="UTF-8"?>
<testsuite name="de.uka.ilkd.key.parser.TestDeclParser" tests="14" skipped="2" failures="0" errors="0" timestamp="2023-04-19T10:44:24" hostname="fv-az283-150" time="10.161">
  <properties/>
  <testcase name="testGenericSortDecl1()" classname="de.uka.ilkd.key.parser.TestDeclParser" time="0.905"/>
  <testcase name="testGenericSortDecl2()" classname="de.uka.ilkd.key.parser.TestDeclParser" time="0.892"/>
  <testcase name="testGenericSortDecl3()" classname="de.uka.ilkd.key.parser.TestDeclParser" time="0.777"/>
  <testcase name="testGenericSortDecl4()" classname="de.uka.ilkd.key.parser.TestDeclParser" time="0.839"/>
  <testcase name="testGenericSortDecl5()" classname="de.uka.ilkd.key.parser.TestDeclParser" time="0.0">
    <skipped/>
  </testcase>
  <testcase name="testGenericSortDecl6()" classname="de.uka.ilkd.key.parser.TestDeclParser" time="0.894"/>
  <testcase name="testSortDecl()" classname="de.uka.ilkd.key.parser.TestDeclParser" time="0.893"/>
  <testcase name="testProxySortDecl()" classname="de.uka.ilkd.key.parser.TestDeclParser" time="0.883"/>
  <testcase name="testArrayDecl()" classname="de.uka.ilkd.key.parser.TestDeclParser" time="0.854"/>
  <testcase name="testAmbiguousDecls()" classname="de.uka.ilkd.key.parser.TestDeclParser" time="0.0">
    <skipped/>
  </testcase>
  <testcase name="testHeurDecl()" classname="de.uka.ilkd.key.parser.TestDeclParser" time="0.778"/>
  <testcase name="testFunctionDecl()" classname="de.uka.ilkd.key.parser.TestDeclParser" time="0.856"/>
  <testcase name="testPredicateDecl()" classname="de.uka.ilkd.key.parser.TestDeclParser" time="0.76"/>
  <testcase name="testSVDecl()" classname="de.uka.ilkd.key.parser.TestDeclParser" time="0.826"/>
  <system-out><![CDATA[193089     INFO  Test worker     d.u.i.k.n.KeyIO           Parsing took 0 ms 
193089     DEBUG Test worker     d.u.i.k.n.KeyIO           Load declarations of de.uka.ilkd.key.nparser.KeyAst$File:  <unknown>:1#1 
193089     INFO  Test worker     d.u.i.k.n.KeyIO           MODE: declarations took 0 ms 
193089     DEBUG Test worker     d.u.i.k.n.KeyIO           MODE: 2nd degree decls took 0 
193089     DEBUG Test worker     d.u.i.k.n.KeyIO           MODE: taclets took 0ms 
193982     INFO  Test worker     d.u.i.k.n.KeyIO           Parsing took 0 ms 
193982     DEBUG Test worker     d.u.i.k.n.KeyIO           Load declarations of de.uka.ilkd.key.nparser.KeyAst$File:  <unknown>:1#1 
193982     INFO  Test worker     d.u.i.k.n.KeyIO           MODE: declarations took 0 ms 
193982     DEBUG Test worker     d.u.i.k.n.KeyIO           MODE: 2nd degree decls took 0 
193982     DEBUG Test worker     d.u.i.k.n.KeyIO           MODE: taclets took 0ms 
194759     INFO  Test worker     d.u.i.k.n.KeyIO           Parsing took 0 ms 
194760     DEBUG Test worker     d.u.i.k.n.KeyIO           Load declarations of de.uka.ilkd.key.nparser.KeyAst$File:  <unknown>:1#1 
194760     INFO  Test worker     d.u.i.k.n.KeyIO           MODE: declarations took 0 ms 
194760     DEBUG Test worker     d.u.i.k.n.KeyIO           MODE: 2nd degree decls took 0 
194760     DEBUG Test worker     d.u.i.k.n.KeyIO           MODE: taclets took 0ms 
195599     INFO  Test worker     d.u.i.k.n.KeyIO           Parsing took 0 ms 
195599     DEBUG Test worker     d.u.i.k.n.KeyIO           Load declarations of de.uka.ilkd.key.nparser.KeyAst$File:  <unknown>:1#1 
195599     INFO  Test worker     d.u.i.k.n.KeyIO           MODE: declarations took 0 ms 
195599     DEBUG Test worker     d.u.i.k.n.KeyIO           MODE: 2nd degree decls took 0 
195599     DEBUG Test worker     d.u.i.k.n.KeyIO           MODE: taclets took 0ms 
196494     INFO  Test worker     d.u.i.k.n.KeyIO           Parsing took 0 ms 
196494     DEBUG Test worker     d.u.i.k.n.KeyIO           Load declarations of de.uka.ilkd.key.nparser.KeyAst$File:  <unknown>:1#1 
196494     INFO  Test worker     d.u.i.k.n.KeyIO           MODE: declarations took 0 ms 
196494     DEBUG Test worker     d.u.i.k.n.KeyIO           MODE: 2nd degree decls took 0 
196495     DEBUG Test worker     d.u.i.k.n.KeyIO           MODE: taclets took 0ms 
197388     INFO  Test worker     d.u.i.k.n.KeyIO           Parsing took 0 ms 
197389     DEBUG Test worker     d.u.i.k.n.KeyIO           Load declarations of de.uka.ilkd.key.nparser.KeyAst$File:  <unknown>:1#1 
197389     INFO  Test worker     d.u.i.k.n.KeyIO           MODE: declarations took 0 ms 
197389     DEBUG Test worker     d.u.i.k.n.KeyIO           MODE: 2nd degree decls took 0 
197389     DEBUG Test worker     d.u.i.k.n.KeyIO           MODE: taclets took 0ms 
198270     INFO  Test worker     d.u.i.k.n.KeyIO           Parsing took 0 ms 
198270     DEBUG Test worker     d.u.i.k.n.KeyIO           Load declarations of de.uka.ilkd.key.nparser.KeyAst$File:  <unknown>:1#1 
198270     INFO  Test worker     d.u.i.k.n.KeyIO           MODE: declarations took 0 ms 
198270     DEBUG Test worker     d.u.i.k.n.KeyIO           MODE: 2nd degree decls took 0 
198270     DEBUG Test worker     d.u.i.k.n.KeyIO           MODE: taclets took 0ms 
199124     INFO  Test worker     d.u.i.k.n.KeyIO           Parsing took 0 ms 
199125     DEBUG Test worker     d.u.i.k.n.KeyIO           Load declarations of de.uka.ilkd.key.nparser.KeyAst$File:  <unknown>:1#1 
199125     INFO  Test worker     d.u.i.k.n.KeyIO           MODE: declarations took 0 ms 
199125     DEBUG Test worker     d.u.i.k.n.KeyIO           MODE: 2nd degree decls took 0 
199125     DEBUG Test worker     d.u.i.k.n.KeyIO           MODE: taclets took 0ms 
199904     INFO  Test worker     d.u.i.k.n.KeyIO           Parsing took 0 ms 
199904     DEBUG Test worker     d.u.i.k.n.KeyIO           Load declarations of de.uka.ilkd.key.nparser.KeyAst$File:  <unknown>:1#1 
199904     INFO  Test worker     d.u.i.k.n.KeyIO           MODE: declarations took 0 ms 
199904     DEBUG Test worker     d.u.i.k.n.KeyIO           MODE: 2nd degree decls took 0 
199904     DEBUG Test worker     d.u.i.k.n.KeyIO           MODE: taclets took 0ms 
200759     INFO  Test worker     d.u.i.k.n.KeyIO           Parsing took 0 ms 
200760     DEBUG Test worker     d.u.i.k.n.KeyIO           Load declarations of de.uka.ilkd.key.nparser.KeyAst$File:  <unknown>:1#1 
200760     INFO  Test worker     d.u.i.k.n.KeyIO           MODE: declarations took 0 ms 
200760     DEBUG Test worker     d.u.i.k.n.KeyIO           MODE: 2nd degree decls took 0 
200760     DEBUG Test worker     d.u.i.k.n.KeyIO           MODE: taclets took 0ms 
201519     INFO  Test worker     d.u.i.k.n.KeyIO           Parsing took 0 ms 
201519     DEBUG Test worker     d.u.i.k.n.KeyIO           Load declarations of de.uka.ilkd.key.nparser.KeyAst$File:  <unknown>:1#1 
201520     INFO  Test worker     d.u.i.k.n.KeyIO           MODE: declarations took 1 ms 
201520     DEBUG Test worker     d.u.i.k.n.KeyIO           MODE: 2nd degree decls took 0 
201520     DEBUG Test worker     d.u.i.k.n.KeyIO           MODE: taclets took 0ms 
202345     INFO  Test worker     d.u.i.k.n.KeyIO           Parsing took 0 ms 
202345     DEBUG Test worker     d.u.i.k.n.KeyIO           Load declarations of de.uka.ilkd.key.nparser.KeyAst$File:  <unknown>:1#1 
202346     INFO  Test worker     d.u.i.k.n.KeyIO           MODE: declarations took 1 ms 
202346     DEBUG Test worker     d.u.i.k.n.KeyIO           MODE: 2nd degree decls took 0 
202346     DEBUG Test worker     d.u.i.k.n.KeyIO           MODE: taclets took 0ms 
]]></system-out>
  <system-err><![CDATA[]]></system-err>
</testsuite>
