<?xml version="1.0" encoding="UTF-8"?>
<testsuite name="de.uka.ilkd.key.parser.TestTermParserSorts" tests="2" skipped="0" failures="0" errors="0" timestamp="2023-04-19T10:47:35" hostname="fv-az283-150" time="2.59">
  <properties/>
  <testcase name="testParseIntegerArgs()" classname="de.uka.ilkd.key.parser.TestTermParserSorts" time="0.013"/>
  <testcase name="testParseSequencePrettySyntax()" classname="de.uka.ilkd.key.parser.TestTermParserSorts" time="0.002"/>
  <system-out><![CDATA[383774     INFO  Test worker     d.u.i.k.n.KeyIO           Parsing took 0 ms 
383774     DEBUG Test worker     d.u.i.k.n.KeyIO           Load declarations of de.uka.ilkd.key.nparser.KeyAst$File:  <unknown>:1#1 
383774     INFO  Test worker     d.u.i.k.n.KeyIO           MODE: declarations took 0 ms 
383774     DEBUG Test worker     d.u.i.k.n.KeyIO           MODE: 2nd degree decls took 0 
383774     INFO  Test worker     d.u.i.k.n.KeyIO           Parsing took 0 ms 
383774     DEBUG Test worker     d.u.i.k.n.KeyIO           Load declarations of de.uka.ilkd.key.nparser.KeyAst$File:  <unknown>:1#1 
383774     INFO  Test worker     d.u.i.k.n.KeyIO           MODE: declarations took 0 ms 
383774     DEBUG Test worker     d.u.i.k.n.KeyIO           MODE: 2nd degree decls took 0 
383774     INFO  Test worker     d.u.i.k.n.KeyIO           Parsing took 0 ms 
383774     DEBUG Test worker     d.u.i.k.n.KeyIO           Load declarations of de.uka.ilkd.key.nparser.KeyAst$File:  <unknown>:1#1 
383774     INFO  Test worker     d.u.i.k.n.KeyIO           MODE: declarations took 0 ms 
383774     DEBUG Test worker     d.u.i.k.n.KeyIO           MODE: 2nd degree decls took 0 
386362     INFO  Test worker     d.u.i.k.n.KeyIO           Parsing took 0 ms 
386362     DEBUG Test worker     d.u.i.k.n.KeyIO           Load declarations of de.uka.ilkd.key.nparser.KeyAst$File:  <unknown>:1#1 
386362     INFO  Test worker     d.u.i.k.n.KeyIO           MODE: declarations took 0 ms 
386362     DEBUG Test worker     d.u.i.k.n.KeyIO           MODE: 2nd degree decls took 0 
386362     INFO  Test worker     d.u.i.k.n.KeyIO           Parsing took 0 ms 
386362     DEBUG Test worker     d.u.i.k.n.KeyIO           Load declarations of de.uka.ilkd.key.nparser.KeyAst$File:  <unknown>:1#1 
386362     INFO  Test worker     d.u.i.k.n.KeyIO           MODE: declarations took 0 ms 
386362     DEBUG Test worker     d.u.i.k.n.KeyIO           MODE: 2nd degree decls took 0 
386362     INFO  Test worker     d.u.i.k.n.KeyIO           Parsing took 0 ms 
386362     DEBUG Test worker     d.u.i.k.n.KeyIO           Load declarations of de.uka.ilkd.key.nparser.KeyAst$File:  <unknown>:1#1 
386363     INFO  Test worker     d.u.i.k.n.KeyIO           MODE: declarations took 1 ms 
386363     DEBUG Test worker     d.u.i.k.n.KeyIO           MODE: 2nd degree decls took 0 
]]></system-out>
  <system-err><![CDATA[]]></system-err>
</testsuite>
