<?xml version="1.0" encoding="UTF-8"?>
<testsuite name="de.uka.ilkd.key.java.TestContextStatementBlock" tests="1" skipped="0" failures="0" errors="0" timestamp="2023-04-19T10:41:32" hostname="fv-az283-150" time="1.056">
  <properties/>
  <testcase name="testContextTermInstantiation()" classname="de.uka.ilkd.key.java.TestContextStatementBlock" time="1.056"/>
  <system-out><![CDATA[21339      INFO  Test worker     d.u.i.k.n.KeyIO           Parsing took 3 ms 
21352      DEBUG Test worker     d.u.i.k.n.KeyIO           Load declarations of de.uka.ilkd.key.nparser.KeyAst$File:  /home/runner/work/key/key/key.core/src/test/resources/testcase/testrules.key:9#1 
21354      INFO  Test worker     d.u.i.k.n.KeyIO           MODE: declarations took 2 ms 
21355      DEBUG Test worker     d.u.i.k.n.KeyIO           MODE: 2nd degree decls took 1 
21460      DEBUG Test worker     d.u.i.k.n.KeyIO           MODE: taclets took 104ms 
]]></system-out>
  <system-err><![CDATA[]]></system-err>
</testsuite>
