<?xml version="1.0" encoding="UTF-8"?>
<testsuite name="de.uka.ilkd.key.parser.TestTacletParser" tests="20" skipped="0" failures="0" errors="0" timestamp="2023-04-19T10:45:47" hostname="fv-az283-150" time="0.061">
  <properties/>
  <testcase name="testAllRight()" classname="de.uka.ilkd.key.parser.TestTacletParser" time="0.002"/>
  <testcase name="testSchemaJava0()" classname="de.uka.ilkd.key.parser.TestTacletParser" time="0.002"/>
  <testcase name="testSchemaJava1()" classname="de.uka.ilkd.key.parser.TestTacletParser" time="0.005"/>
  <testcase name="testSchemaJava2()" classname="de.uka.ilkd.key.parser.TestTacletParser" time="0.002"/>
  <testcase name="testSchemaJava4()" classname="de.uka.ilkd.key.parser.TestTacletParser" time="0.002"/>
  <testcase name="testSchemaJava6()" classname="de.uka.ilkd.key.parser.TestTacletParser" time="0.002"/>
  <testcase name="testSchemaJava8()" classname="de.uka.ilkd.key.parser.TestTacletParser" time="0.001"/>
  <testcase name="testCut()" classname="de.uka.ilkd.key.parser.TestTacletParser" time="0.002"/>
  <testcase name="testMakeInsertEq()" classname="de.uka.ilkd.key.parser.TestTacletParser" time="0.001"/>
  <testcase name="testAllLeft()" classname="de.uka.ilkd.key.parser.TestTacletParser" time="0.002"/>
  <testcase name="testClose()" classname="de.uka.ilkd.key.parser.TestTacletParser" time="0.002"/>
  <testcase name="testSchemaJava10()" classname="de.uka.ilkd.key.parser.TestTacletParser" time="0.001"/>
  <testcase name="testSchemaJava11()" classname="de.uka.ilkd.key.parser.TestTacletParser" time="0.015"/>
  <testcase name="testFIdempotent()" classname="de.uka.ilkd.key.parser.TestTacletParser" time="0.002"/>
  <testcase name="testImpRight()" classname="de.uka.ilkd.key.parser.TestTacletParser" time="0.001"/>
  <testcase name="testVarcondNew()" classname="de.uka.ilkd.key.parser.TestTacletParser" time="0.011"/>
  <testcase name="testFreeReplacewithVariables()" classname="de.uka.ilkd.key.parser.TestTacletParser" time="0.002"/>
  <testcase name="testImpLeft()" classname="de.uka.ilkd.key.parser.TestTacletParser" time="0.001"/>
  <testcase name="testContraposition()" classname="de.uka.ilkd.key.parser.TestTacletParser" time="0.001"/>
  <testcase name="testExConjSplit()" classname="de.uka.ilkd.key.parser.TestTacletParser" time="0.002"/>
  <system-out><![CDATA[275270     INFO  Test worker     d.u.i.k.n.KeyIO           Parsing took 0 ms 
275270     DEBUG Test worker     d.u.i.k.n.KeyIO           Load declarations of de.uka.ilkd.key.nparser.KeyAst$File:  <unknown>:1#1 
275270     INFO  Test worker     d.u.i.k.n.KeyIO           MODE: declarations took 0 ms 
275270     DEBUG Test worker     d.u.i.k.n.KeyIO           MODE: 2nd degree decls took 0 
275271     DEBUG Test worker     d.u.i.k.n.KeyIO           MODE: taclets took 0ms 
275272     INFO  Test worker     d.u.i.k.n.KeyIO           Parsing took 1 ms 
275272     DEBUG Test worker     d.u.i.k.n.KeyIO           Load declarations of de.uka.ilkd.key.nparser.KeyAst$File:  <unknown>:2#1 
275272     INFO  Test worker     d.u.i.k.n.KeyIO           MODE: declarations took 0 ms 
275272     DEBUG Test worker     d.u.i.k.n.KeyIO           MODE: 2nd degree decls took 0 
275272     DEBUG Test worker     d.u.i.k.n.KeyIO           MODE: taclets took 0ms 
275273     INFO  Test worker     d.u.i.k.n.KeyIO           Parsing took 0 ms 
275273     DEBUG Test worker     d.u.i.k.n.KeyIO           Load declarations of de.uka.ilkd.key.nparser.KeyAst$File:  <unknown>:1#1 
275273     INFO  Test worker     d.u.i.k.n.KeyIO           MODE: declarations took 0 ms 
275273     DEBUG Test worker     d.u.i.k.n.KeyIO           MODE: 2nd degree decls took 0 
275273     DEBUG Test worker     d.u.i.k.n.KeyIO           MODE: taclets took 0ms 
275273     INFO  Test worker     d.u.i.k.n.KeyIO           Parsing took 0 ms 
275273     DEBUG Test worker     d.u.i.k.n.KeyIO           Load declarations of de.uka.ilkd.key.nparser.KeyAst$File:  <unknown>:2#1 
275273     INFO  Test worker     d.u.i.k.n.KeyIO           MODE: declarations took 0 ms 
275273     DEBUG Test worker     d.u.i.k.n.KeyIO           MODE: 2nd degree decls took 0 
275274     DEBUG Test worker     d.u.i.k.n.KeyIO           MODE: taclets took 1ms 
275274     INFO  Test worker     d.u.i.k.n.KeyIO           Parsing took 0 ms 
275274     DEBUG Test worker     d.u.i.k.n.KeyIO           Load declarations of de.uka.ilkd.key.nparser.KeyAst$File:  <unknown>:1#1 
275274     INFO  Test worker     d.u.i.k.n.KeyIO           MODE: declarations took 0 ms 
275274     DEBUG Test worker     d.u.i.k.n.KeyIO           MODE: 2nd degree decls took 0 
275275     DEBUG Test worker     d.u.i.k.n.KeyIO           MODE: taclets took 0ms 
275275     WARN  Test worker     d.u.i.k.n.KeYParser       [syntax-error] <unknown>:2:21: extraneous input '<' expecting {MODALITY, FORALL, EXISTS, '\if', '\ifEx', 'true', 'false', '(', ')', '{', '@', NOT, '-', STRING_LITERAL, CHAR_LITERAL, BIN_LITERAL, HEX_LITERAL, IDENT, INT_LITERAL, FLOAT_LITERAL, DOUBLE_LITERAL, REAL_LITERAL} [@12,22:22='<',<173>,2:21] (argument_list, call, accessterm, primitive_term, primitive_labeled_term, bracket_term, atom_prefix, strong_arith_term_2, strong_arith_term_1, weak_arith_term, comparison_term, equality_term, term60, conjunction_term, disjunction_term, implication_term, equivalence_term, elementary_update_term, parallel_term, term, taclet, rulesOrAxioms, decls, file) 
275277     WARN  Test worker     d.u.i.k.n.KeYParser       [syntax-error] <unknown>:2:23: no viable alternative at input '{..' [@14,24:25='..',<144>,2:23] (atom_prefix, strong_arith_term_2, strong_arith_term_1, weak_arith_term, comparison_term, equality_term, term60, conjunction_term, disjunction_term, implication_term, equivalence_term, elementary_update_term, parallel_term, term, argument_list, call, accessterm, primitive_term, primitive_labeled_term, bracket_term, atom_prefix, strong_arith_term_2, strong_arith_term_1, weak_arith_term, comparison_term, equality_term, term60, conjunction_term, disjunction_term, implication_term, equivalence_term, elementary_update_term, parallel_term, term, taclet, rulesOrAxioms, decls, file) 
275278     WARN  Test worker     d.u.i.k.n.KeYParser       [syntax-error] <unknown>:2:33: mismatched input ';' expecting {',', ')'} [@21,34:34=';',<138>,2:33] (argument_list, call, accessterm, primitive_term, primitive_labeled_term, bracket_term, atom_prefix, strong_arith_term_2, strong_arith_term_1, weak_arith_term, comparison_term, equality_term, term60, conjunction_term, disjunction_term, implication_term, equivalence_term, elementary_update_term, parallel_term, term, taclet, rulesOrAxioms, decls, file) 
275278     WARN  Test worker     d.u.i.k.n.KeYParser       [syntax-error] <unknown>:2:41: no viable alternative at input '#i;' [@26,42:42=';',<138>,2:41] (option_list, taclet, rulesOrAxioms, decls, file) 
275278     WARN  Test worker     d.u.i.k.n.KeYParser       [syntax-error] <unknown>:2:43: mismatched input '<' expecting {'(', '{'} [@28,44:44='<',<173>,2:43] (taclet, rulesOrAxioms, decls, file) 
275278     WARN  Test worker     d.u.i.k.n.KeYParser       [syntax-error] <unknown>:2:47: mismatched input '+' expecting {'(', '{'} [@32,48:48='+',<167>,2:47] (taclet, rulesOrAxioms, decls, file) 
275278     WARN  Test worker     d.u.i.k.n.KeYParser       [syntax-error] <unknown>:2:52: extraneous input '..' expecting {'\lemma', '}', IDENT, '/*!'} [@37,53:54='..',<144>,2:52] (rulesOrAxioms, decls, file) 
275279     WARN  Test worker     d.u.i.k.n.KeYParser       [syntax-error] <unknown>:2:56: mismatched input '>' expecting {<EOF>, '\problem', '\chooseContract', '\proofObligation', '\proof'} [@40,57:57='>',<168>,2:56] (file) 
275279     INFO  Test worker     d.u.i.k.n.KeyIO           Parsing took 0 ms 
275279     DEBUG Test worker     d.u.i.k.n.KeyIO           Load declarations of de.uka.ilkd.key.nparser.KeyAst$File:  <unknown>:1#1 
275280     INFO  Test worker     d.u.i.k.n.KeyIO           MODE: declarations took 1 ms 
275280     DEBUG Test worker     d.u.i.k.n.KeyIO           MODE: 2nd degree decls took 0 
275280     DEBUG Test worker     d.u.i.k.n.KeyIO           MODE: taclets took 0ms 
275280     WARN  Test worker     d.u.i.k.n.KeYParser       [syntax-error] <unknown>:2:21: extraneous input '<' expecting {MODALITY, FORALL, EXISTS, '\if', '\ifEx', 'true', 'false', '(', ')', '{', '@', NOT, '-', STRING_LITERAL, CHAR_LITERAL, BIN_LITERAL, HEX_LITERAL, IDENT, INT_LITERAL, FLOAT_LITERAL, DOUBLE_LITERAL, REAL_LITERAL} [@12,22:22='<',<173>,2:21] (argument_list, call, accessterm, primitive_term, primitive_labeled_term, bracket_term, atom_prefix, strong_arith_term_2, strong_arith_term_1, weak_arith_term, comparison_term, equality_term, term60, conjunction_term, disjunction_term, implication_term, equivalence_term, elementary_update_term, parallel_term, term, taclet, rulesOrAxioms, decls, file) 
275280     WARN  Test worker     d.u.i.k.n.KeYParser       [syntax-error] <unknown>:2:23: no viable alternative at input '{..' [@14,24:25='..',<144>,2:23] (atom_prefix, strong_arith_term_2, strong_arith_term_1, weak_arith_term, comparison_term, equality_term, term60, conjunction_term, disjunction_term, implication_term, equivalence_term, elementary_update_term, parallel_term, term, argument_list, call, accessterm, primitive_term, primitive_labeled_term, bracket_term, atom_prefix, strong_arith_term_2, strong_arith_term_1, weak_arith_term, comparison_term, equality_term, term60, conjunction_term, disjunction_term, implication_term, equivalence_term, elementary_update_term, parallel_term, term, taclet, rulesOrAxioms, decls, file) 
275280     WARN  Test worker     d.u.i.k.n.KeYParser       [syntax-error] <unknown>:2:33: mismatched input ';' expecting {',', ')'} [@21,34:34=';',<138>,2:33] (argument_list, call, accessterm, primitive_term, primitive_labeled_term, bracket_term, atom_prefix, strong_arith_term_2, strong_arith_term_1, weak_arith_term, comparison_term, equality_term, term60, conjunction_term, disjunction_term, implication_term, equivalence_term, elementary_update_term, parallel_term, term, taclet, rulesOrAxioms, decls, file) 
275281     WARN  Test worker     d.u.i.k.n.KeYParser       [syntax-error] <unknown>:2:43: no viable alternative at input '#lab;' [@26,44:44=';',<138>,2:43] (option_list, taclet, rulesOrAxioms, decls, file) 
275281     WARN  Test worker     d.u.i.k.n.KeYParser       [syntax-error] <unknown>:2:45: mismatched input '<' expecting {'(', '{'} [@28,46:46='<',<173>,2:45] (taclet, rulesOrAxioms, decls, file) 
275281     WARN  Test worker     d.u.i.k.n.KeYParser       [syntax-error] <unknown>:2:50: mismatched input '+' expecting {'(', '{'} [@32,51:51='+',<167>,2:50] (taclet, rulesOrAxioms, decls, file) 
275281     WARN  Test worker     d.u.i.k.n.KeYParser       [syntax-error] <unknown>:2:56: extraneous input '..' expecting {'\lemma', '}', IDENT, '/*!'} [@38,57:58='..',<144>,2:56] (rulesOrAxioms, decls, file) 
275281     WARN  Test worker     d.u.i.k.n.KeYParser       [syntax-error] <unknown>:2:60: mismatched input '>' expecting {<EOF>, '\problem', '\chooseContract', '\proofObligation', '\proof'} [@41,61:61='>',<168>,2:60] (file) 
275282     INFO  Test worker     d.u.i.k.n.KeyIO           Parsing took 1 ms 
275282     DEBUG Test worker     d.u.i.k.n.KeyIO           Load declarations of de.uka.ilkd.key.nparser.KeyAst$File:  <unknown>:1#1 
275282     INFO  Test worker     d.u.i.k.n.KeyIO           MODE: declarations took 0 ms 
275282     DEBUG Test worker     d.u.i.k.n.KeyIO           MODE: 2nd degree decls took 0 
275282     DEBUG Test worker     d.u.i.k.n.KeyIO           MODE: taclets took 0ms 
275283     INFO  Test worker     d.u.i.k.n.KeyIO           Parsing took 1 ms 
275283     DEBUG Test worker     d.u.i.k.n.KeyIO           Load declarations of de.uka.ilkd.key.nparser.KeyAst$File:  <unknown>:2#1 
275283     INFO  Test worker     d.u.i.k.n.KeyIO           MODE: declarations took 0 ms 
275283     DEBUG Test worker     d.u.i.k.n.KeyIO           MODE: 2nd degree decls took 0 
275284     DEBUG Test worker     d.u.i.k.n.KeyIO           MODE: taclets took 1ms 
275284     INFO  Test worker     d.u.i.k.n.KeyIO           Parsing took 0 ms 
275284     DEBUG Test worker     d.u.i.k.n.KeyIO           Load declarations of de.uka.ilkd.key.nparser.KeyAst$File:  <unknown>:1#1 
275284     INFO  Test worker     d.u.i.k.n.KeyIO           MODE: declarations took 0 ms 
275284     DEBUG Test worker     d.u.i.k.n.KeyIO           MODE: 2nd degree decls took 0 
275285     DEBUG Test worker     d.u.i.k.n.KeyIO           MODE: taclets took 0ms 
275285     INFO  Test worker     d.u.i.k.n.KeyIO           Parsing took 0 ms 
275285     DEBUG Test worker     d.u.i.k.n.KeyIO           Load declarations of de.uka.ilkd.key.nparser.KeyAst$File:  <unknown>:2#1 
275285     INFO  Test worker     d.u.i.k.n.KeyIO           MODE: declarations took 0 ms 
275285     DEBUG Test worker     d.u.i.k.n.KeyIO           MODE: 2nd degree decls took 0 
275286     DEBUG Test worker     d.u.i.k.n.KeyIO           MODE: taclets took 1ms 
275286     INFO  Test worker     d.u.i.k.n.KeyIO           Parsing took 0 ms 
275286     DEBUG Test worker     d.u.i.k.n.KeyIO           Load declarations of de.uka.ilkd.key.nparser.KeyAst$File:  <unknown>:1#1 
275287     INFO  Test worker     d.u.i.k.n.KeyIO           MODE: declarations took 1 ms 
275287     DEBUG Test worker     d.u.i.k.n.KeyIO           MODE: 2nd degree decls took 0 
275287     DEBUG Test worker     d.u.i.k.n.KeyIO           MODE: taclets took 0ms 
275287     INFO  Test worker     d.u.i.k.n.KeyIO           Parsing took 0 ms 
275287     DEBUG Test worker     d.u.i.k.n.KeyIO           Load declarations of de.uka.ilkd.key.nparser.KeyAst$File:  <unknown>:2#1 
275287     INFO  Test worker     d.u.i.k.n.KeyIO           MODE: declarations took 0 ms 
275287     DEBUG Test worker     d.u.i.k.n.KeyIO           MODE: 2nd degree decls took 0 
275288     DEBUG Test worker     d.u.i.k.n.KeyIO           MODE: taclets took 1ms 
275288     INFO  Test worker     d.u.i.k.n.KeyIO           Parsing took 0 ms 
275288     DEBUG Test worker     d.u.i.k.n.KeyIO           Load declarations of de.uka.ilkd.key.nparser.KeyAst$File:  <unknown>:1#1 
275288     INFO  Test worker     d.u.i.k.n.KeyIO           MODE: declarations took 0 ms 
275288     DEBUG Test worker     d.u.i.k.n.KeyIO           MODE: 2nd degree decls took 0 
275288     DEBUG Test worker     d.u.i.k.n.KeyIO           MODE: taclets took 0ms 
275289     INFO  Test worker     d.u.i.k.n.KeyIO           Parsing took 0 ms 
275289     DEBUG Test worker     d.u.i.k.n.KeyIO           Load declarations of de.uka.ilkd.key.nparser.KeyAst$File:  <unknown>:2#1 
275289     INFO  Test worker     d.u.i.k.n.KeyIO           MODE: declarations took 0 ms 
275289     DEBUG Test worker     d.u.i.k.n.KeyIO           MODE: 2nd degree decls took 0 
275289     DEBUG Test worker     d.u.i.k.n.KeyIO           MODE: taclets took 0ms 
275289     INFO  Test worker     d.u.i.k.n.KeyIO           Parsing took 0 ms 
275289     DEBUG Test worker     d.u.i.k.n.KeyIO           Load declarations of de.uka.ilkd.key.nparser.KeyAst$File:  <unknown>:1#1 
275289     INFO  Test worker     d.u.i.k.n.KeyIO           MODE: declarations took 0 ms 
275290     DEBUG Test worker     d.u.i.k.n.KeyIO           MODE: 2nd degree decls took 1 
275290     DEBUG Test worker     d.u.i.k.n.KeyIO           MODE: taclets took 0ms 
275290     INFO  Test worker     d.u.i.k.n.KeyIO           Parsing took 0 ms 
275290     DEBUG Test worker     d.u.i.k.n.KeyIO           Load declarations of de.uka.ilkd.key.nparser.KeyAst$File:  <unknown>:2#1 
275290     INFO  Test worker     d.u.i.k.n.KeyIO           MODE: declarations took 0 ms 
275290     DEBUG Test worker     d.u.i.k.n.KeyIO           MODE: 2nd degree decls took 0 
275290     DEBUG Test worker     d.u.i.k.n.KeyIO           MODE: taclets took 0ms 
275291     INFO  Test worker     d.u.i.k.n.KeyIO           Parsing took 0 ms 
275291     DEBUG Test worker     d.u.i.k.n.KeyIO           Load declarations of de.uka.ilkd.key.nparser.KeyAst$File:  <unknown>:1#1 
275291     INFO  Test worker     d.u.i.k.n.KeyIO           MODE: declarations took 0 ms 
275291     DEBUG Test worker     d.u.i.k.n.KeyIO           MODE: 2nd degree decls took 0 
275291     DEBUG Test worker     d.u.i.k.n.KeyIO           MODE: taclets took 0ms 
275292     INFO  Test worker     d.u.i.k.n.KeyIO           Parsing took 0 ms 
275292     DEBUG Test worker     d.u.i.k.n.KeyIO           Load declarations of de.uka.ilkd.key.nparser.KeyAst$File:  <unknown>:2#1 
275292     INFO  Test worker     d.u.i.k.n.KeyIO           MODE: declarations took 0 ms 
275292     DEBUG Test worker     d.u.i.k.n.KeyIO           MODE: 2nd degree decls took 0 
275293     DEBUG Test worker     d.u.i.k.n.KeyIO           MODE: taclets took 1ms 
275293     INFO  Test worker     d.u.i.k.n.KeyIO           Parsing took 0 ms 
275293     DEBUG Test worker     d.u.i.k.n.KeyIO           Load declarations of de.uka.ilkd.key.nparser.KeyAst$File:  <unknown>:1#1 
275293     INFO  Test worker     d.u.i.k.n.KeyIO           MODE: declarations took 0 ms 
275293     DEBUG Test worker     d.u.i.k.n.KeyIO           MODE: 2nd degree decls took 0 
275293     DEBUG Test worker     d.u.i.k.n.KeyIO           MODE: taclets took 0ms 
275294     INFO  Test worker     d.u.i.k.n.KeyIO           Parsing took 1 ms 
275294     DEBUG Test worker     d.u.i.k.n.KeyIO           Load declarations of de.uka.ilkd.key.nparser.KeyAst$File:  <unknown>:2#1 
275294     INFO  Test worker     d.u.i.k.n.KeyIO           MODE: declarations took 0 ms 
275294     DEBUG Test worker     d.u.i.k.n.KeyIO           MODE: 2nd degree decls took 0 
275294     DEBUG Test worker     d.u.i.k.n.KeyIO           MODE: taclets took 0ms 
275294     INFO  Test worker     d.u.i.k.n.KeyIO           Parsing took 0 ms 
275294     DEBUG Test worker     d.u.i.k.n.KeyIO           Load declarations of de.uka.ilkd.key.nparser.KeyAst$File:  <unknown>:1#1 
275294     INFO  Test worker     d.u.i.k.n.KeyIO           MODE: declarations took 0 ms 
275294     DEBUG Test worker     d.u.i.k.n.KeyIO           MODE: 2nd degree decls took 0 
275295     DEBUG Test worker     d.u.i.k.n.KeyIO           MODE: taclets took 0ms 
275295     INFO  Test worker     d.u.i.k.n.KeyIO           Parsing took 0 ms 
275295     DEBUG Test worker     d.u.i.k.n.KeyIO           Load declarations of de.uka.ilkd.key.nparser.KeyAst$File:  <unknown>:2#1 
275295     INFO  Test worker     d.u.i.k.n.KeyIO           MODE: declarations took 0 ms 
275295     DEBUG Test worker     d.u.i.k.n.KeyIO           MODE: 2nd degree decls took 0 
275295     DEBUG Test worker     d.u.i.k.n.KeyIO           MODE: taclets took 0ms 
275296     INFO  Test worker     d.u.i.k.n.KeyIO           Parsing took 0 ms 
275296     DEBUG Test worker     d.u.i.k.n.KeyIO           Load declarations of de.uka.ilkd.key.nparser.KeyAst$File:  <unknown>:1#1 
275296     INFO  Test worker     d.u.i.k.n.KeyIO           MODE: declarations took 0 ms 
275296     DEBUG Test worker     d.u.i.k.n.KeyIO           MODE: 2nd degree decls took 0 
275296     DEBUG Test worker     d.u.i.k.n.KeyIO           MODE: taclets took 0ms 
275297     INFO  Test worker     d.u.i.k.n.KeyIO           Parsing took 1 ms 
275297     DEBUG Test worker     d.u.i.k.n.KeyIO           Load declarations of de.uka.ilkd.key.nparser.KeyAst$File:  <unknown>:2#1 
275297     INFO  Test worker     d.u.i.k.n.KeyIO           MODE: declarations took 0 ms 
275297     DEBUG Test worker     d.u.i.k.n.KeyIO           MODE: 2nd degree decls took 0 
275310     DEBUG Test worker     d.u.i.k.n.KeyIO           MODE: taclets took 13ms 
275311     INFO  Test worker     d.u.i.k.n.KeyIO           Parsing took 0 ms 
275311     DEBUG Test worker     d.u.i.k.n.KeyIO           Load declarations of de.uka.ilkd.key.nparser.KeyAst$File:  <unknown>:1#1 
275311     INFO  Test worker     d.u.i.k.n.KeyIO           MODE: declarations took 0 ms 
275311     DEBUG Test worker     d.u.i.k.n.KeyIO           MODE: 2nd degree decls took 0 
275311     DEBUG Test worker     d.u.i.k.n.KeyIO           MODE: taclets took 0ms 
275312     INFO  Test worker     d.u.i.k.n.KeyIO           Parsing took 1 ms 
275312     DEBUG Test worker     d.u.i.k.n.KeyIO           Load declarations of de.uka.ilkd.key.nparser.KeyAst$File:  <unknown>:2#1 
275312     INFO  Test worker     d.u.i.k.n.KeyIO           MODE: declarations took 0 ms 
275312     DEBUG Test worker     d.u.i.k.n.KeyIO           MODE: 2nd degree decls took 0 
275312     DEBUG Test worker     d.u.i.k.n.KeyIO           MODE: taclets took 0ms 
275313     INFO  Test worker     d.u.i.k.n.KeyIO           Parsing took 1 ms 
275313     DEBUG Test worker     d.u.i.k.n.KeyIO           Load declarations of de.uka.ilkd.key.nparser.KeyAst$File:  <unknown>:1#1 
275313     INFO  Test worker     d.u.i.k.n.KeyIO           MODE: declarations took 0 ms 
275313     DEBUG Test worker     d.u.i.k.n.KeyIO           MODE: 2nd degree decls took 0 
275313     DEBUG Test worker     d.u.i.k.n.KeyIO           MODE: taclets took 0ms 
275313     INFO  Test worker     d.u.i.k.n.KeyIO           Parsing took 0 ms 
275313     DEBUG Test worker     d.u.i.k.n.KeyIO           Load declarations of de.uka.ilkd.key.nparser.KeyAst$File:  <unknown>:2#1 
275313     INFO  Test worker     d.u.i.k.n.KeyIO           MODE: declarations took 0 ms 
275313     DEBUG Test worker     d.u.i.k.n.KeyIO           MODE: 2nd degree decls took 0 
275314     DEBUG Test worker     d.u.i.k.n.KeyIO           MODE: taclets took 0ms 
275315     INFO  Test worker     d.u.i.k.n.KeyIO           Parsing took 0 ms 
275315     DEBUG Test worker     d.u.i.k.n.KeyIO           Load declarations of de.uka.ilkd.key.nparser.KeyAst$File:  <unknown>:1#1 
275315     INFO  Test worker     d.u.i.k.n.KeyIO           MODE: declarations took 0 ms 
275315     DEBUG Test worker     d.u.i.k.n.KeyIO           MODE: 2nd degree decls took 0 
275315     DEBUG Test worker     d.u.i.k.n.KeyIO           MODE: taclets took 0ms 
275316     INFO  Test worker     d.u.i.k.n.KeyIO           Parsing took 1 ms 
275316     DEBUG Test worker     d.u.i.k.n.KeyIO           Load declarations of de.uka.ilkd.key.nparser.KeyAst$File:  <unknown>:2#1 
275316     INFO  Test worker     d.u.i.k.n.KeyIO           MODE: declarations took 0 ms 
275316     DEBUG Test worker     d.u.i.k.n.KeyIO           MODE: 2nd degree decls took 0 
275316     DEBUG Test worker     d.u.i.k.n.KeyIO           MODE: taclets took 0ms 
275325     INFO  Test worker     d.u.i.k.n.KeyIO           Parsing took 9 ms 
275325     DEBUG Test worker     d.u.i.k.n.KeyIO           Load declarations of de.uka.ilkd.key.nparser.KeyAst$File:  <unknown>:2#1 
275325     INFO  Test worker     d.u.i.k.n.KeyIO           MODE: declarations took 0 ms 
275325     DEBUG Test worker     d.u.i.k.n.KeyIO           MODE: 2nd degree decls took 0 
275325     DEBUG Test worker     d.u.i.k.n.KeyIO           MODE: taclets took 0ms 
275326     INFO  Test worker     d.u.i.k.n.KeyIO           Parsing took 1 ms 
275326     DEBUG Test worker     d.u.i.k.n.KeyIO           Load declarations of de.uka.ilkd.key.nparser.KeyAst$File:  <unknown>:1#1 
275326     INFO  Test worker     d.u.i.k.n.KeyIO           MODE: declarations took 0 ms 
275326     DEBUG Test worker     d.u.i.k.n.KeyIO           MODE: 2nd degree decls took 0 
275326     DEBUG Test worker     d.u.i.k.n.KeyIO           MODE: taclets took 0ms 
275326     INFO  Test worker     d.u.i.k.n.KeyIO           Parsing took 0 ms 
275326     DEBUG Test worker     d.u.i.k.n.KeyIO           Load declarations of de.uka.ilkd.key.nparser.KeyAst$File:  <unknown>:2#1 
275326     INFO  Test worker     d.u.i.k.n.KeyIO           MODE: declarations took 0 ms 
275326     DEBUG Test worker     d.u.i.k.n.KeyIO           MODE: 2nd degree decls took 0 
275327     INFO  Test worker     d.u.i.k.n.KeyIO           Parsing took 0 ms 
275327     DEBUG Test worker     d.u.i.k.n.KeyIO           Load declarations of de.uka.ilkd.key.nparser.KeyAst$File:  <unknown>:1#1 
275327     INFO  Test worker     d.u.i.k.n.KeyIO           MODE: declarations took 0 ms 
275327     DEBUG Test worker     d.u.i.k.n.KeyIO           MODE: 2nd degree decls took 0 
275328     DEBUG Test worker     d.u.i.k.n.KeyIO           MODE: taclets took 0ms 
275328     INFO  Test worker     d.u.i.k.n.KeyIO           Parsing took 0 ms 
275328     DEBUG Test worker     d.u.i.k.n.KeyIO           Load declarations of de.uka.ilkd.key.nparser.KeyAst$File:  <unknown>:2#1 
275328     INFO  Test worker     d.u.i.k.n.KeyIO           MODE: declarations took 0 ms 
275328     DEBUG Test worker     d.u.i.k.n.KeyIO           MODE: 2nd degree decls took 0 
275328     DEBUG Test worker     d.u.i.k.n.KeyIO           MODE: taclets took 0ms 
275329     INFO  Test worker     d.u.i.k.n.KeyIO           Parsing took 1 ms 
275329     DEBUG Test worker     d.u.i.k.n.KeyIO           Load declarations of de.uka.ilkd.key.nparser.KeyAst$File:  <unknown>:1#1 
275329     INFO  Test worker     d.u.i.k.n.KeyIO           MODE: declarations took 0 ms 
275329     DEBUG Test worker     d.u.i.k.n.KeyIO           MODE: 2nd degree decls took 0 
275329     DEBUG Test worker     d.u.i.k.n.KeyIO           MODE: taclets took 0ms 
275329     INFO  Test worker     d.u.i.k.n.KeyIO           Parsing took 0 ms 
275329     DEBUG Test worker     d.u.i.k.n.KeyIO           Load declarations of de.uka.ilkd.key.nparser.KeyAst$File:  <unknown>:2#1 
275329     INFO  Test worker     d.u.i.k.n.KeyIO           MODE: declarations took 0 ms 
275329     DEBUG Test worker     d.u.i.k.n.KeyIO           MODE: 2nd degree decls took 0 
275329     DEBUG Test worker     d.u.i.k.n.KeyIO           MODE: taclets took 0ms 
275330     INFO  Test worker     d.u.i.k.n.KeyIO           Parsing took 0 ms 
275330     DEBUG Test worker     d.u.i.k.n.KeyIO           Load declarations of de.uka.ilkd.key.nparser.KeyAst$File:  <unknown>:1#1 
275330     INFO  Test worker     d.u.i.k.n.KeyIO           MODE: declarations took 0 ms 
275330     DEBUG Test worker     d.u.i.k.n.KeyIO           MODE: 2nd degree decls took 0 
275330     DEBUG Test worker     d.u.i.k.n.KeyIO           MODE: taclets took 0ms 
275331     INFO  Test worker     d.u.i.k.n.KeyIO           Parsing took 1 ms 
275331     DEBUG Test worker     d.u.i.k.n.KeyIO           Load declarations of de.uka.ilkd.key.nparser.KeyAst$File:  <unknown>:2#1 
275331     INFO  Test worker     d.u.i.k.n.KeyIO           MODE: declarations took 0 ms 
275331     DEBUG Test worker     d.u.i.k.n.KeyIO           MODE: 2nd degree decls took 0 
275331     DEBUG Test worker     d.u.i.k.n.KeyIO           MODE: taclets took 0ms 
]]></system-out>
  <system-err><![CDATA[]]></system-err>
</testsuite>
