<?xml version="1.0" encoding="UTF-8"?>
<testsuite name="de.uka.ilkd.key.proof.runallproofs.RunAllProofsFunctional" tests="34" skipped="0" failures="0" errors="0" timestamp="2023-06-09T13:41:43" hostname="fv-az210-601" time="6885.36">
  <properties/>
  <testcase name="newBook" classname="de.uka.ilkd.key.proof.runallproofs.RunAllProofsFunctional" time="79.76"/>
  <testcase name="oldBook" classname="de.uka.ilkd.key.proof.runallproofs.RunAllProofsFunctional" time="23.753"/>
  <testcase name="comprehensions" classname="de.uka.ilkd.key.proof.runallproofs.RunAllProofsFunctional" time="86.478"/>
  <testcase name="performance" classname="de.uka.ilkd.key.proof.runallproofs.RunAllProofsFunctional" time="286.953"/>
  <testcase name="performancePOConstruction" classname="de.uka.ilkd.key.proof.runallproofs.RunAllProofsFunctional" time="102.707"/>
  <testcase name="applicationRestrictions" classname="de.uka.ilkd.key.proof.runallproofs.RunAllProofsFunctional" time="61.883"/>
  <testcase name="blockContracts" classname="de.uka.ilkd.key.proof.runallproofs.RunAllProofsFunctional" time="181.634"/>
  <testcase name="jmlAsserts" classname="de.uka.ilkd.key.proof.runallproofs.RunAllProofsFunctional" time="114.266"/>
  <testcase name="javaCard" classname="de.uka.ilkd.key.proof.runallproofs.RunAllProofsFunctional" time="167.931"/>
  <testcase name="list" classname="de.uka.ilkd.key.proof.runallproofs.RunAllProofsFunctional" time="340.746"/>
  <testcase name="list_ghost" classname="de.uka.ilkd.key.proof.runallproofs.RunAllProofsFunctional" time="91.878"/>
  <testcase name="list_recursive" classname="de.uka.ilkd.key.proof.runallproofs.RunAllProofsFunctional" time="30.555"/>
  <testcase name="list_seq" classname="de.uka.ilkd.key.proof.runallproofs.RunAllProofsFunctional" time="220.102"/>
  <testcase name="observer" classname="de.uka.ilkd.key.proof.runallproofs.RunAllProofsFunctional" time="128.754"/>
  <testcase name="removeDups" classname="de.uka.ilkd.key.proof.runallproofs.RunAllProofsFunctional" time="183.292"/>
  <testcase name="quicksort" classname="de.uka.ilkd.key.proof.runallproofs.RunAllProofsFunctional" time="145.842"/>
  <testcase name="simpleTests" classname="de.uka.ilkd.key.proof.runallproofs.RunAllProofsFunctional" time="207.651"/>
  <testcase name="SmansEtAl" classname="de.uka.ilkd.key.proof.runallproofs.RunAllProofsFunctional" time="262.63"/>
  <testcase name="VACID0" classname="de.uka.ilkd.key.proof.runallproofs.RunAllProofsFunctional" time="101.236"/>
  <testcase name="VSTTE10" classname="de.uka.ilkd.key.proof.runallproofs.RunAllProofsFunctional" time="234.973"/>
  <testcase name="WeideEtAl" classname="de.uka.ilkd.key.proof.runallproofs.RunAllProofsFunctional" time="37.347"/>
  <testcase name="arithmetic" classname="de.uka.ilkd.key.proof.runallproofs.RunAllProofsFunctional" time="656.97"/>
  <testcase name="arrays" classname="de.uka.ilkd.key.proof.runallproofs.RunAllProofsFunctional" time="75.496"/>
  <testcase name="javadl" classname="de.uka.ilkd.key.proof.runallproofs.RunAllProofsFunctional" time="786.945"/>
  <testcase name="FOL" classname="de.uka.ilkd.key.proof.runallproofs.RunAllProofsFunctional" time="351.238"/>
  <testcase name="strings" classname="de.uka.ilkd.key.proof.runallproofs.RunAllProofsFunctional" time="194.323"/>
  <testcase name="simple_info_flow" classname="de.uka.ilkd.key.proof.runallproofs.RunAllProofsFunctional" time="17.233"/>
  <testcase name="modelMethods" classname="de.uka.ilkd.key.proof.runallproofs.RunAllProofsFunctional" time="229.402"/>
  <testcase name="permissionHeap" classname="de.uka.ilkd.key.proof.runallproofs.RunAllProofsFunctional" time="1086.069"/>
  <testcase name="completionScopes" classname="de.uka.ilkd.key.proof.runallproofs.RunAllProofsFunctional" time="68.459"/>
  <testcase name="reload_examples" classname="de.uka.ilkd.key.proof.runallproofs.RunAllProofsFunctional" time="55.363"/>
  <testcase name="proofLoadRepair" classname="de.uka.ilkd.key.proof.runallproofs.RunAllProofsFunctional" time="24.776"/>
  <testcase name="switch" classname="de.uka.ilkd.key.proof.runallproofs.RunAllProofsFunctional" time="83.05"/>
  <testcase name="redux" classname="de.uka.ilkd.key.proof.runallproofs.RunAllProofsFunctional" time="165.634"/>
  <system-out><![CDATA[598        INFO  Test worker     d.u.i.k.p.r.RunAllProofsTestUnit Running test newBook 
447        INFO  Timeout watchdog d.u.i.k.p.r.p.ForkedTestFileRunner Timeout watcher launched (2000 secs.) 
474        WARN  main            d.u.i.k.s.ProofSettings   No proof-settings could be loaded, using defaults java.io.FileNotFoundException: /home/runner/.key/proof-settings.props (No such file or directory)
	at java.base/java.io.FileInputStream.open0(Native Method)

513        INFO  main            d.u.i.k.p.r.p.TestFile    Now processing file /home/runner/work/key/key/key.core/../key.ui/examples/newBook/09.list_modelfield/ArrayList.add.key 
719        INFO  main            d.u.i.k.p.i.AbstractProblemLoader Loading environment from /home/runner/work/key/key/key.core/../key.ui/examples/newBook/09.list_modelfield/ArrayList.add.key 
748        DEBUG main            d.u.i.k.p.i.AbstractProblemLoader Environment load took 4.77ms 
1096       INFO  main            d.u.i.k.p.i.AbstractProblemLoader Creating init config 
2340       DEBUG main            d.u.i.k.j.TypeConverter   No LDT found for Meta 
2342       DEBUG main            d.u.i.k.j.TypeConverter   No LDT found for Meta 
2355       DEBUG main            d.u.i.k.j.TypeConverter   No LDT found for Meta 
2355       DEBUG main            d.u.i.k.j.TypeConverter   No LDT found for Meta 
3868       DEBUG main            d.u.i.k.j.TypeConverter   No LDT found for JavaBigintExpression 
10943      DEBUG main            d.u.i.k.p.i.AbstractProblemLoader Init config took 9.85s 
11163      INFO  main            d.u.i.k.p.i.AbstractProblemLoader Replaying proof ArrayList[List::add(int)].JML normal_behavior operation contract.0 
11212      DEBUG main            d.u.i.k.p.i.IntermediateProofReplayer Proof replay took 42.9ns 
33411      INFO  main            d.u.i.k.p.r.p.TestFile    ... finished proof: closed. 
33777      INFO  main            d.u.i.k.p.i.AbstractProblemLoader Loading environment from /home/runner/work/key/key/key.core/../key.ui/examples/newBook/09.list_modelfield/ArrayList.add.key.proof 
33778      DEBUG main            d.u.i.k.p.i.AbstractProblemLoader Environment load took 773.61ns 
33788      INFO  main            d.u.i.k.p.i.AbstractProblemLoader Creating init config 
37806      DEBUG main            d.u.i.k.p.i.AbstractProblemLoader Init config took 4.02s 
37885      INFO  main            d.u.i.k.p.i.AbstractProblemLoader Replaying proof ArrayList[List::add(int)].JML normal_behavior operation contract.0 
39095      DEBUG main            d.u.i.k.p.i.IntermediateProofReplayer Proof replay took 1.13s 
39110      DEBUG main            d.u.i.k.p.r.p.TestFile    ... success: reloaded. 
39113      INFO  main            d.u.i.k.p.r.p.TestFile    Now processing file /home/runner/work/key/key/key.core/../key.ui/examples/newBook/09.list_modelfield/ArrayList.remFirst.key 
39114      INFO  main            d.u.i.k.p.i.AbstractProblemLoader Loading environment from /home/runner/work/key/key/key.core/../key.ui/examples/newBook/09.list_modelfield/ArrayList.remFirst.key 
39114      DEBUG main            d.u.i.k.p.i.AbstractProblemLoader Environment load took 90.2ns 
39119      INFO  main            d.u.i.k.p.i.AbstractProblemLoader Creating init config 
43037      DEBUG main            d.u.i.k.p.i.AbstractProblemLoader Init config took 3.92s 
43112      INFO  main            d.u.i.k.p.i.AbstractProblemLoader Replaying proof ArrayList[List::remFirst()].JML normal_behavior operation contract.0 
43115      DEBUG main            d.u.i.k.p.i.IntermediateProofReplayer Proof replay took 20.1ns 
48157      INFO  main            d.u.i.k.p.r.p.TestFile    ... finished proof: closed. 
48454      INFO  main            d.u.i.k.p.i.AbstractProblemLoader Loading environment from /home/runner/work/key/key/key.core/../key.ui/examples/newBook/09.list_modelfield/ArrayList.remFirst.key.proof 
48455      DEBUG main            d.u.i.k.p.i.AbstractProblemLoader Environment load took 982.61ns 
48460      INFO  main            d.u.i.k.p.i.AbstractProblemLoader Creating init config 
52218      DEBUG main            d.u.i.k.p.i.AbstractProblemLoader Init config took 3.76s 
52286      INFO  main            d.u.i.k.p.i.AbstractProblemLoader Replaying proof ArrayList[List::remFirst()].JML normal_behavior operation contract.0 
52772      DEBUG main            d.u.i.k.p.i.IntermediateProofReplayer Proof replay took 465.37ms 
52779      DEBUG main            d.u.i.k.p.r.p.TestFile    ... success: reloaded. 
52780      INFO  main            d.u.i.k.p.r.p.TestFile    Now processing file /home/runner/work/key/key/key.core/../key.ui/examples/newBook/09.list_modelfield/ArrayList.empty.key 
52781      INFO  main            d.u.i.k.p.i.AbstractProblemLoader Loading environment from /home/runner/work/key/key/key.core/../key.ui/examples/newBook/09.list_modelfield/ArrayList.empty.key 
52781      DEBUG main            d.u.i.k.p.i.AbstractProblemLoader Environment load took 96.3ns 
52782      INFO  main            d.u.i.k.p.i.AbstractProblemLoader Creating init config 
56409      DEBUG main            d.u.i.k.p.i.AbstractProblemLoader Init config took 3.63s 
56475      INFO  main            d.u.i.k.p.i.AbstractProblemLoader Replaying proof ArrayList[List::empty()].JML normal_behavior operation contract.0 
56478      DEBUG main            d.u.i.k.p.i.IntermediateProofReplayer Proof replay took 5.9ns 
57786      INFO  main            d.u.i.k.p.r.p.TestFile    ... finished proof: closed. 
58018      INFO  main            d.u.i.k.p.i.AbstractProblemLoader Loading environment from /home/runner/work/key/key/key.core/../key.ui/examples/newBook/09.list_modelfield/ArrayList.empty.key.proof 
58019      DEBUG main            d.u.i.k.p.i.AbstractProblemLoader Environment load took 909.11ns 
58021      INFO  main            d.u.i.k.p.i.AbstractProblemLoader Creating init config 
61761      DEBUG main            d.u.i.k.p.i.AbstractProblemLoader Init config took 3.74s 
61826      INFO  main            d.u.i.k.p.i.AbstractProblemLoader Replaying proof ArrayList[List::empty()].JML normal_behavior operation contract.0 
61959      DEBUG main            d.u.i.k.p.i.IntermediateProofReplayer Proof replay took 125.69ms 
61961      DEBUG main            d.u.i.k.p.r.p.TestFile    ... success: reloaded. 
61964      INFO  main            d.u.i.k.p.r.p.TestFile    Now processing file /home/runner/work/key/key/key.core/../key.ui/examples/newBook/09.list_modelfield/ArrayList.size.key 
61964      INFO  main            d.u.i.k.p.i.AbstractProblemLoader Loading environment from /home/runner/work/key/key/key.core/../key.ui/examples/newBook/09.list_modelfield/ArrayList.size.key 
61964      DEBUG main            d.u.i.k.p.i.AbstractProblemLoader Environment load took 105.7ns 
61965      INFO  main            d.u.i.k.p.i.AbstractProblemLoader Creating init config 
65601      DEBUG main            d.u.i.k.p.i.AbstractProblemLoader Init config took 3.64s 
65681      INFO  main            d.u.i.k.p.i.AbstractProblemLoader Replaying proof ArrayList[List::size()].JML normal_behavior operation contract.0 
65687      DEBUG main            d.u.i.k.p.i.IntermediateProofReplayer Proof replay took 6.5ns 
66192      INFO  main            d.u.i.k.p.r.p.TestFile    ... finished proof: closed. 
66412      INFO  main            d.u.i.k.p.i.AbstractProblemLoader Loading environment from /home/runner/work/key/key/key.core/../key.ui/examples/newBook/09.list_modelfield/ArrayList.size.key.proof 
66412      DEBUG main            d.u.i.k.p.i.AbstractProblemLoader Environment load took 148ns 
66414      INFO  main            d.u.i.k.p.i.AbstractProblemLoader Creating init config 
70237      DEBUG main            d.u.i.k.p.i.AbstractProblemLoader Init config took 3.82s 
70308      INFO  main            d.u.i.k.p.i.AbstractProblemLoader Replaying proof ArrayList[List::size()].JML normal_behavior operation contract.0 
70361      DEBUG main            d.u.i.k.p.i.IntermediateProofReplayer Proof replay took 46.95ms 
70365      DEBUG main            d.u.i.k.p.r.p.TestFile    ... success: reloaded. 
70366      INFO  main            d.u.i.k.p.r.p.TestFile    Now processing file /home/runner/work/key/key/key.core/../key.ui/examples/newBook/09.list_modelfield/ArrayList.get.key 
70367      INFO  main            d.u.i.k.p.i.AbstractProblemLoader Loading environment from /home/runner/work/key/key/key.core/../key.ui/examples/newBook/09.list_modelfield/ArrayList.get.key 
70368      DEBUG main            d.u.i.k.p.i.AbstractProblemLoader Environment load took 904.91ns 
70370      INFO  main            d.u.i.k.p.i.AbstractProblemLoader Creating init config 
74064      DEBUG main            d.u.i.k.p.i.AbstractProblemLoader Init config took 3.69s 
74125      INFO  main            d.u.i.k.p.i.AbstractProblemLoader Replaying proof ArrayList[List::get(int)].JML normal_behavior operation contract.0 
74129      DEBUG main            d.u.i.k.p.i.IntermediateProofReplayer Proof replay took 6.9ns 
75536      INFO  main            d.u.i.k.p.r.p.TestFile    ... finished proof: closed. 
75749      INFO  main            d.u.i.k.p.i.AbstractProblemLoader Loading environment from /home/runner/work/key/key/key.core/../key.ui/examples/newBook/09.list_modelfield/ArrayList.get.key.proof 
75750      DEBUG main            d.u.i.k.p.i.AbstractProblemLoader Environment load took 963.3ns 
75752      INFO  main            d.u.i.k.p.i.AbstractProblemLoader Creating init config 
79227      DEBUG main            d.u.i.k.p.i.AbstractProblemLoader Init config took 3.47s 
79300      INFO  main            d.u.i.k.p.i.AbstractProblemLoader Replaying proof ArrayList[List::get(int)].JML normal_behavior operation contract.0 
79387      DEBUG main            d.u.i.k.p.i.IntermediateProofReplayer Proof replay took 80.28ms 
79388      DEBUG main            d.u.i.k.p.r.p.TestFile    ... success: reloaded. 
80350      INFO  Test worker     d.u.i.k.p.r.RunAllProofsTestUnit Returning from test newBook 
80355      INFO  Test worker     d.u.i.k.p.r.RunAllProofsTestUnit Running test oldBook 
477        INFO  Timeout watchdog d.u.i.k.p.r.p.ForkedTestFileRunner Timeout watcher launched (2000 secs.) 
501        WARN  main            d.u.i.k.s.ProofSettings   The settings in /home/runner/.key/proof-settings.props are *not* read. 
569        INFO  main            d.u.i.k.p.r.p.TestFile    Now processing file /home/runner/work/key/key/key.core/../key.ui/examples/standard_key/BookExamples/02FirstOrderLogic/Ex2.58.key 
726        INFO  main            d.u.i.k.p.i.AbstractProblemLoader Loading environment from /home/runner/work/key/key/key.core/../key.ui/examples/standard_key/BookExamples/02FirstOrderLogic/Ex2.58.key 
749        DEBUG main            d.u.i.k.p.i.AbstractProblemLoader Environment load took 5.18ms 
1067       INFO  main            d.u.i.k.p.i.AbstractProblemLoader Creating init config 
2549       DEBUG main            d.u.i.k.j.TypeConverter   No LDT found for Meta 
2550       DEBUG main            d.u.i.k.j.TypeConverter   No LDT found for Meta 
2551       DEBUG main            d.u.i.k.j.TypeConverter   No LDT found for Meta 
2552       DEBUG main            d.u.i.k.j.TypeConverter   No LDT found for Meta 
4624       DEBUG main            d.u.i.k.j.TypeConverter   No LDT found for JavaBigintExpression 
11421      DEBUG main            d.u.i.k.p.i.AbstractProblemLoader Init config took 10.35s 
11502      INFO  main            d.u.i.k.p.i.AbstractProblemLoader Replaying proof Ex2.58.key 
11549      DEBUG main            d.u.i.k.p.i.IntermediateProofReplayer Proof replay took 41.3ns 
11738      INFO  main            d.u.i.k.p.r.p.TestFile    ... finished proof: closed. 
11889      INFO  main            d.u.i.k.p.i.AbstractProblemLoader Loading environment from /home/runner/work/key/key/key.core/../key.ui/examples/standard_key/BookExamples/02FirstOrderLogic/Ex2.58.key.proof 
11892      DEBUG main            d.u.i.k.p.i.AbstractProblemLoader Environment load took 2.71ms 
11904      INFO  main            d.u.i.k.p.i.AbstractProblemLoader Creating init config 
15506      DEBUG main            d.u.i.k.p.i.AbstractProblemLoader Init config took 3.6s 
15564      INFO  main            d.u.i.k.p.i.AbstractProblemLoader Replaying proof Ex2.58.key.proof 
15573      DEBUG main            d.u.i.k.p.i.IntermediateProofReplayer Proof replay took 3.5ms 
15591      DEBUG main            d.u.i.k.p.r.p.TestFile    ... success: reloaded. 
15595      INFO  main            d.u.i.k.p.r.p.TestFile    Now processing file /home/runner/work/key/key/key.core/../key.ui/examples/standard_key/BookExamples/03DynamicLogic/Sect3.3.1.key 
15596      INFO  main            d.u.i.k.p.i.AbstractProblemLoader Loading environment from /home/runner/work/key/key/key.core/../key.ui/examples/standard_key/BookExamples/03DynamicLogic/Sect3.3.1.key 
15596      DEBUG main            d.u.i.k.p.i.AbstractProblemLoader Environment load took 543.7ns 
15604      INFO  main            d.u.i.k.p.i.AbstractProblemLoader Creating init config 
19090      DEBUG main            d.u.i.k.p.i.AbstractProblemLoader Init config took 3.49s 
19132      INFO  main            d.u.i.k.p.i.AbstractProblemLoader Replaying proof Sect3.3.1.key 
19137      DEBUG main            d.u.i.k.p.i.IntermediateProofReplayer Proof replay took 7.5ns 
19850      INFO  main            d.u.i.k.p.r.p.TestFile    ... finished proof: closed. 
20030      INFO  main            d.u.i.k.p.i.AbstractProblemLoader Loading environment from /home/runner/work/key/key/key.core/../key.ui/examples/standard_key/BookExamples/03DynamicLogic/Sect3.3.1.key.proof 
20031      DEBUG main            d.u.i.k.p.i.AbstractProblemLoader Environment load took 167.6ns 
20035      INFO  main            d.u.i.k.p.i.AbstractProblemLoader Creating init config 
23428      DEBUG main            d.u.i.k.p.i.AbstractProblemLoader Init config took 3.39s 
23460      INFO  main            d.u.i.k.p.i.AbstractProblemLoader Replaying proof Sect3.3.1.key.proof 
23537      DEBUG main            d.u.i.k.p.i.IntermediateProofReplayer Proof replay took 72.8ms 
23538      DEBUG main            d.u.i.k.p.r.p.TestFile    ... success: reloaded. 
104106     INFO  Test worker     d.u.i.k.p.r.RunAllProofsTestUnit Returning from test oldBook 
104123     INFO  Test worker     d.u.i.k.p.r.RunAllProofsTestUnit Running test comprehensions 
502        INFO  Timeout watchdog d.u.i.k.p.r.p.ForkedTestFileRunner Timeout watcher launched (2000 secs.) 
538        WARN  main            d.u.i.k.s.ProofSettings   The settings in /home/runner/.key/proof-settings.props are *not* read. 
583        INFO  main            d.u.i.k.p.r.p.TestFile    Now processing file /home/runner/work/key/key/key.core/../key.ui/examples/heap/comprehensions/general_sum.key 
738        INFO  main            d.u.i.k.p.i.AbstractProblemLoader Loading environment from /home/runner/work/key/key/key.core/../key.ui/examples/heap/comprehensions/general_sum.key 
773        DEBUG main            d.u.i.k.p.i.AbstractProblemLoader Environment load took 11.19ms 
1069       INFO  main            d.u.i.k.p.i.AbstractProblemLoader Creating init config 
2319       DEBUG main            d.u.i.k.j.TypeConverter   No LDT found for Meta 
2320       DEBUG main            d.u.i.k.j.TypeConverter   No LDT found for Meta 
2323       DEBUG main            d.u.i.k.j.TypeConverter   No LDT found for Meta 
2323       DEBUG main            d.u.i.k.j.TypeConverter   No LDT found for Meta 
4336       DEBUG main            d.u.i.k.j.TypeConverter   No LDT found for JavaBigintExpression 
11067      DEBUG main            d.u.i.k.p.i.AbstractProblemLoader Init config took 10s 
11256      INFO  main            d.u.i.k.p.i.AbstractProblemLoader Replaying proof GSum[GSum::doNothing()].JML operation contract.0 
11302      DEBUG main            d.u.i.k.p.i.IntermediateProofReplayer Proof replay took 41.4ns 
11749      INFO  main            d.u.i.k.p.r.p.TestFile    ... finished proof: closed. 
11879      INFO  main            d.u.i.k.p.i.AbstractProblemLoader Loading environment from /home/runner/work/key/key/key.core/../key.ui/examples/heap/comprehensions/general_sum.key.proof 
11879      DEBUG main            d.u.i.k.p.i.AbstractProblemLoader Environment load took 168.8ns 
11886      INFO  main            d.u.i.k.p.i.AbstractProblemLoader Creating init config 
15678      DEBUG main            d.u.i.k.p.i.AbstractProblemLoader Init config took 3.79s 
15809      INFO  main            d.u.i.k.p.i.AbstractProblemLoader Replaying proof GSum[GSum::doNothing()].JML operation contract.0 
15844      DEBUG main            d.u.i.k.p.i.IntermediateProofReplayer Proof replay took 29.31ms 
15852      DEBUG main            d.u.i.k.p.r.p.TestFile    ... success: reloaded. 
15854      INFO  main            d.u.i.k.p.r.p.TestFile    Now processing file /home/runner/work/key/key/key.core/../key.ui/examples/heap/comprehensions/sum0.key 
15854      INFO  main            d.u.i.k.p.i.AbstractProblemLoader Loading environment from /home/runner/work/key/key/key.core/../key.ui/examples/heap/comprehensions/sum0.key 
15855      DEBUG main            d.u.i.k.p.i.AbstractProblemLoader Environment load took 444.7ns 
15857      INFO  main            d.u.i.k.p.i.AbstractProblemLoader Creating init config 
19272      DEBUG main            d.u.i.k.p.i.AbstractProblemLoader Init config took 3.41s 
19350      INFO  main            d.u.i.k.p.i.AbstractProblemLoader Replaying proof Sum[Sum::sum0([I)].JML normal_behavior operation contract.0 
19353      DEBUG main            d.u.i.k.p.i.IntermediateProofReplayer Proof replay took 7.7ns 
19543      DEBUG Thread-4        d.u.i.k.l.l.OriginTermLabel commonFileName is null! 
19544      DEBUG Thread-4        d.u.i.k.l.l.OriginTermLabel commonFileName is null! 
19875      DEBUG Thread-4        d.u.i.k.l.l.OriginTermLabel commonFileName is null! 
19877      DEBUG Thread-4        d.u.i.k.l.l.OriginTermLabel commonFileName is null! 
20193      DEBUG Thread-4        d.u.i.k.l.l.OriginTermLabel commonFileName is null! 
20462      INFO  main            d.u.i.k.p.r.p.TestFile    ... finished proof: closed. 
20629      INFO  main            d.u.i.k.p.i.AbstractProblemLoader Loading environment from /home/runner/work/key/key/key.core/../key.ui/examples/heap/comprehensions/sum0.key.proof 
20630      DEBUG main            d.u.i.k.p.i.AbstractProblemLoader Environment load took 1.06ms 
20633      INFO  main            d.u.i.k.p.i.AbstractProblemLoader Creating init config 
24029      DEBUG main            d.u.i.k.p.i.AbstractProblemLoader Init config took 3.4s 
24100      INFO  main            d.u.i.k.p.i.AbstractProblemLoader Replaying proof Sum[Sum::sum0([I)].JML normal_behavior operation contract.0 
24137      DEBUG main            d.u.i.k.l.l.OriginTermLabel commonFileName is null! 
24138      DEBUG main            d.u.i.k.l.l.OriginTermLabel commonFileName is null! 
24199      DEBUG main            d.u.i.k.l.l.OriginTermLabel commonFileName is null! 
24240      DEBUG main            d.u.i.k.l.l.OriginTermLabel commonFileName is null! 
24241      DEBUG main            d.u.i.k.l.l.OriginTermLabel commonFileName is null! 
24247      DEBUG main            d.u.i.k.p.i.IntermediateProofReplayer Proof replay took 140.03ms 
24249      DEBUG main            d.u.i.k.p.r.p.TestFile    ... success: reloaded. 
24251      INFO  main            d.u.i.k.p.r.p.TestFile    Now processing file /home/runner/work/key/key/key.core/../key.ui/examples/heap/comprehensions/sum1.key 
24251      INFO  main            d.u.i.k.p.i.AbstractProblemLoader Loading environment from /home/runner/work/key/key/key.core/../key.ui/examples/heap/comprehensions/sum1.key 
24252      DEBUG main            d.u.i.k.p.i.AbstractProblemLoader Environment load took 436.4ns 
24254      INFO  main            d.u.i.k.p.i.AbstractProblemLoader Creating init config 
27563      DEBUG main            d.u.i.k.p.i.AbstractProblemLoader Init config took 3.31s 
27629      INFO  main            d.u.i.k.p.i.AbstractProblemLoader Replaying proof Sum[Sum::sum1([I)].JML normal_behavior operation contract.0 
27634      DEBUG main            d.u.i.k.p.i.IntermediateProofReplayer Proof replay took 8.3ns 
27765      DEBUG Thread-7        d.u.i.k.l.l.OriginTermLabel commonFileName is null! 
27766      DEBUG Thread-7        d.u.i.k.l.l.OriginTermLabel commonFileName is null! 
27992      DEBUG Thread-7        d.u.i.k.l.l.OriginTermLabel commonFileName is null! 
27994      DEBUG Thread-7        d.u.i.k.l.l.OriginTermLabel commonFileName is null! 
28189      DEBUG Thread-7        d.u.i.k.l.l.OriginTermLabel commonFileName is null! 
28440      INFO  main            d.u.i.k.p.r.p.TestFile    ... finished proof: closed. 
28743      INFO  main            d.u.i.k.p.i.AbstractProblemLoader Loading environment from /home/runner/work/key/key/key.core/../key.ui/examples/heap/comprehensions/sum1.key.proof 
28744      DEBUG main            d.u.i.k.p.i.AbstractProblemLoader Environment load took 930.21ns 
28746      INFO  main            d.u.i.k.p.i.AbstractProblemLoader Creating init config 
32208      DEBUG main            d.u.i.k.p.i.AbstractProblemLoader Init config took 3.46s 
32269      INFO  main            d.u.i.k.p.i.AbstractProblemLoader Replaying proof Sum[Sum::sum1([I)].JML normal_behavior operation contract.0 
32320      DEBUG main            d.u.i.k.l.l.OriginTermLabel commonFileName is null! 
32321      DEBUG main            d.u.i.k.l.l.OriginTermLabel commonFileName is null! 
32374      DEBUG main            d.u.i.k.l.l.OriginTermLabel commonFileName is null! 
32410      DEBUG main            d.u.i.k.l.l.OriginTermLabel commonFileName is null! 
32411      DEBUG main            d.u.i.k.l.l.OriginTermLabel commonFileName is null! 
32415      DEBUG main            d.u.i.k.p.i.IntermediateProofReplayer Proof replay took 139.71ms 
32417      DEBUG main            d.u.i.k.p.r.p.TestFile    ... success: reloaded. 
32418      INFO  main            d.u.i.k.p.r.p.TestFile    Now processing file /home/runner/work/key/key/key.core/../key.ui/examples/heap/comprehensions/sum2.key 
32420      INFO  main            d.u.i.k.p.i.AbstractProblemLoader Loading environment from /home/runner/work/key/key/key.core/../key.ui/examples/heap/comprehensions/sum2.key 
32420      DEBUG main            d.u.i.k.p.i.AbstractProblemLoader Environment load took 525.91ns 
32422      INFO  main            d.u.i.k.p.i.AbstractProblemLoader Creating init config 
35882      DEBUG main            d.u.i.k.p.i.AbstractProblemLoader Init config took 3.46s 
35948      INFO  main            d.u.i.k.p.i.AbstractProblemLoader Replaying proof Sum[Sum::sum2([I)].JML normal_behavior operation contract.0 
35951      DEBUG main            d.u.i.k.p.i.IntermediateProofReplayer Proof replay took 7.7ns 
36013      DEBUG Thread-10       d.u.i.k.l.l.OriginTermLabel commonFileName is null! 
36014      DEBUG Thread-10       d.u.i.k.l.l.OriginTermLabel commonFileName is null! 
36172      DEBUG Thread-10       d.u.i.k.l.l.OriginTermLabel commonFileName is null! 
36173      DEBUG Thread-10       d.u.i.k.l.l.OriginTermLabel commonFileName is null! 
36287      DEBUG Thread-10       d.u.i.k.l.l.OriginTermLabel commonFileName is null! 
36455      INFO  main            d.u.i.k.p.r.p.TestFile    ... finished proof: closed. 
36746      INFO  main            d.u.i.k.p.i.AbstractProblemLoader Loading environment from /home/runner/work/key/key/key.core/../key.ui/examples/heap/comprehensions/sum2.key.proof 
36749      DEBUG main            d.u.i.k.p.i.AbstractProblemLoader Environment load took 2.99ms 
36751      INFO  main            d.u.i.k.p.i.AbstractProblemLoader Creating init config 
40143      DEBUG main            d.u.i.k.p.i.AbstractProblemLoader Init config took 3.39s 
40201      INFO  main            d.u.i.k.p.i.AbstractProblemLoader Replaying proof Sum[Sum::sum2([I)].JML normal_behavior operation contract.0 
40241      DEBUG main            d.u.i.k.l.l.OriginTermLabel commonFileName is null! 
40241      DEBUG main            d.u.i.k.l.l.OriginTermLabel commonFileName is null! 
40289      DEBUG main            d.u.i.k.l.l.OriginTermLabel commonFileName is null! 
40319      DEBUG main            d.u.i.k.l.l.OriginTermLabel commonFileName is null! 
40320      DEBUG main            d.u.i.k.l.l.OriginTermLabel commonFileName is null! 
40323      DEBUG main            d.u.i.k.p.i.IntermediateProofReplayer Proof replay took 117.29ms 
40325      DEBUG main            d.u.i.k.p.r.p.TestFile    ... success: reloaded. 
40326      INFO  main            d.u.i.k.p.r.p.TestFile    Now processing file /home/runner/work/key/key/key.core/../key.ui/examples/heap/comprehensions/sum3.key 
40327      INFO  main            d.u.i.k.p.i.AbstractProblemLoader Loading environment from /home/runner/work/key/key/key.core/../key.ui/examples/heap/comprehensions/sum3.key 
40327      DEBUG main            d.u.i.k.p.i.AbstractProblemLoader Environment load took 389.3ns 
40329      INFO  main            d.u.i.k.p.i.AbstractProblemLoader Creating init config 
43783      DEBUG main            d.u.i.k.p.i.AbstractProblemLoader Init config took 3.45s 
43840      INFO  main            d.u.i.k.p.i.AbstractProblemLoader Replaying proof Sum[Sum::sum3([I)].JML normal_behavior operation contract.0 
43843      DEBUG main            d.u.i.k.p.i.IntermediateProofReplayer Proof replay took 8.5ns 
43915      DEBUG Thread-13       d.u.i.k.l.l.OriginTermLabel commonFileName is null! 
43921      DEBUG Thread-13       d.u.i.k.l.l.OriginTermLabel commonFileName is null! 
44089      DEBUG Thread-13       d.u.i.k.l.l.OriginTermLabel commonFileName is null! 
44090      DEBUG Thread-13       d.u.i.k.l.l.OriginTermLabel commonFileName is null! 
44217      DEBUG Thread-13       d.u.i.k.l.l.OriginTermLabel commonFileName is null! 
44448      INFO  main            d.u.i.k.p.r.p.TestFile    ... finished proof: closed. 
44691      INFO  main            d.u.i.k.p.i.AbstractProblemLoader Loading environment from /home/runner/work/key/key/key.core/../key.ui/examples/heap/comprehensions/sum3.key.proof 
44692      DEBUG main            d.u.i.k.p.i.AbstractProblemLoader Environment load took 1.01ms 
44697      INFO  main            d.u.i.k.p.i.AbstractProblemLoader Creating init config 
48092      DEBUG main            d.u.i.k.p.i.AbstractProblemLoader Init config took 3.39s 
48157      INFO  main            d.u.i.k.p.i.AbstractProblemLoader Replaying proof Sum[Sum::sum3([I)].JML normal_behavior operation contract.0 
48193      DEBUG main            d.u.i.k.l.l.OriginTermLabel commonFileName is null! 
48193      DEBUG main            d.u.i.k.l.l.OriginTermLabel commonFileName is null! 
48238      DEBUG main            d.u.i.k.l.l.OriginTermLabel commonFileName is null! 
48266      DEBUG main            d.u.i.k.l.l.OriginTermLabel commonFileName is null! 
48266      DEBUG main            d.u.i.k.l.l.OriginTermLabel commonFileName is null! 
48271      DEBUG main            d.u.i.k.p.i.IntermediateProofReplayer Proof replay took 109.13ms 
48272      DEBUG main            d.u.i.k.p.r.p.TestFile    ... success: reloaded. 
48273      INFO  main            d.u.i.k.p.r.p.TestFile    Now processing file /home/runner/work/key/key/key.core/../key.ui/examples/heap/comprehensions/segsum.key 
48274      INFO  main            d.u.i.k.p.i.AbstractProblemLoader Loading environment from /home/runner/work/key/key/key.core/../key.ui/examples/heap/comprehensions/segsum.key 
48274      DEBUG main            d.u.i.k.p.i.AbstractProblemLoader Environment load took 95.2ns 
48285      INFO  main            d.u.i.k.p.i.AbstractProblemLoader Creating init config 
51657      DEBUG main            d.u.i.k.p.i.AbstractProblemLoader Init config took 3.37s 
51709      INFO  main            d.u.i.k.p.i.AbstractProblemLoader Replaying proof SegSum[SegSum::segSum([I,int,int)].JML normal_behavior operation contract.0 
51711      DEBUG main            d.u.i.k.p.i.IntermediateProofReplayer Proof replay took 8.1ns 
52315      INFO  main            d.u.i.k.p.r.p.TestFile    ... finished proof: closed. 
52558      INFO  main            d.u.i.k.p.i.AbstractProblemLoader Loading environment from /home/runner/work/key/key/key.core/../key.ui/examples/heap/comprehensions/segsum.key.proof 
52564      DEBUG main            d.u.i.k.p.i.AbstractProblemLoader Environment load took 5.22ms 
52565      INFO  main            d.u.i.k.p.i.AbstractProblemLoader Creating init config 
55997      DEBUG main            d.u.i.k.p.i.AbstractProblemLoader Init config took 3.43s 
56060      INFO  main            d.u.i.k.p.i.AbstractProblemLoader Replaying proof SegSum[SegSum::segSum([I,int,int)].JML normal_behavior operation contract.0 
56172      DEBUG main            d.u.i.k.p.i.IntermediateProofReplayer Proof replay took 104.83ms 
56174      DEBUG main            d.u.i.k.p.r.p.TestFile    ... success: reloaded. 
56176      INFO  main            d.u.i.k.p.r.p.TestFile    Now processing file /home/runner/work/key/key/key.core/../key.ui/examples/heap/comprehensions/bsum_negative.key 
56176      INFO  main            d.u.i.k.p.i.AbstractProblemLoader Loading environment from /home/runner/work/key/key/key.core/../key.ui/examples/heap/comprehensions/bsum_negative.key 
56177      DEBUG main            d.u.i.k.p.i.AbstractProblemLoader Environment load took 373.3ns 
56181      INFO  main            d.u.i.k.p.i.AbstractProblemLoader Creating init config 
59453      DEBUG main            d.u.i.k.p.i.AbstractProblemLoader Init config took 3.27s 
59479      INFO  main            d.u.i.k.p.i.AbstractProblemLoader Replaying proof bsum_negative.key 
59482      DEBUG main            d.u.i.k.p.i.IntermediateProofReplayer Proof replay took 9.6ns 
59585      INFO  main            d.u.i.k.p.r.p.TestFile    ... finished proof: closed. 
59795      INFO  main            d.u.i.k.p.i.AbstractProblemLoader Loading environment from /home/runner/work/key/key/key.core/../key.ui/examples/heap/comprehensions/bsum_negative.key.proof 
59795      DEBUG main            d.u.i.k.p.i.AbstractProblemLoader Environment load took 127.9ns 
59797      INFO  main            d.u.i.k.p.i.AbstractProblemLoader Creating init config 
62818      DEBUG main            d.u.i.k.p.i.AbstractProblemLoader Init config took 3.02s 
62841      INFO  main            d.u.i.k.p.i.AbstractProblemLoader Replaying proof bsum_negative.key.proof 
62845      DEBUG main            d.u.i.k.p.i.IntermediateProofReplayer Proof replay took 1.53ms 
62846      DEBUG main            d.u.i.k.p.r.p.TestFile    ... success: reloaded. 
62846      INFO  main            d.u.i.k.p.r.p.TestFile    Now processing file /home/runner/work/key/key/key.core/../key.ui/examples/heap/comprehensions/bsum_neg2.key 
62846      INFO  main            d.u.i.k.p.i.AbstractProblemLoader Loading environment from /home/runner/work/key/key/key.core/../key.ui/examples/heap/comprehensions/bsum_neg2.key 
62847      DEBUG main            d.u.i.k.p.i.AbstractProblemLoader Environment load took 72.2ns 
62847      INFO  main            d.u.i.k.p.i.AbstractProblemLoader Creating init config 
65951      DEBUG main            d.u.i.k.p.i.AbstractProblemLoader Init config took 3.1s 
65975      INFO  main            d.u.i.k.p.i.AbstractProblemLoader Replaying proof bsum_neg2.key 
65978      DEBUG main            d.u.i.k.p.i.IntermediateProofReplayer Proof replay took 8.6ns 
66081      INFO  main            d.u.i.k.p.r.p.TestFile    ... finished proof: closed. 
66303      INFO  main            d.u.i.k.p.i.AbstractProblemLoader Loading environment from /home/runner/work/key/key/key.core/../key.ui/examples/heap/comprehensions/bsum_neg2.key.proof 
66303      DEBUG main            d.u.i.k.p.i.AbstractProblemLoader Environment load took 131.2ns 
66305      INFO  main            d.u.i.k.p.i.AbstractProblemLoader Creating init config 
69434      DEBUG main            d.u.i.k.p.i.AbstractProblemLoader Init config took 3.13s 
69457      INFO  main            d.u.i.k.p.i.AbstractProblemLoader Replaying proof bsum_neg2.key.proof 
69460      DEBUG main            d.u.i.k.p.i.IntermediateProofReplayer Proof replay took 887.71ns 
69462      DEBUG main            d.u.i.k.p.r.p.TestFile    ... success: reloaded. 
69462      INFO  main            d.u.i.k.p.r.p.TestFile    Now processing file /home/runner/work/key/key/key.core/../key.ui/examples/heap/comprehensions/bsumSplit.key 
69463      INFO  main            d.u.i.k.p.i.AbstractProblemLoader Loading environment from /home/runner/work/key/key/key.core/../key.ui/examples/heap/comprehensions/bsumSplit.key 
69463      DEBUG main            d.u.i.k.p.i.AbstractProblemLoader Environment load took 130.2ns 
69464      INFO  main            d.u.i.k.p.i.AbstractProblemLoader Creating init config 
72694      DEBUG main            d.u.i.k.p.i.AbstractProblemLoader Init config took 3.23s 
72715      INFO  main            d.u.i.k.p.i.AbstractProblemLoader Replaying proof bsumSplit.key 
72717      DEBUG main            d.u.i.k.p.i.IntermediateProofReplayer Proof replay took 9.1ns 
72820      INFO  main            d.u.i.k.p.r.p.TestFile    ... finished proof: closed. 
73135      INFO  main            d.u.i.k.p.i.AbstractProblemLoader Loading environment from /home/runner/work/key/key/key.core/../key.ui/examples/heap/comprehensions/bsumSplit.key.proof 
73135      DEBUG main            d.u.i.k.p.i.AbstractProblemLoader Environment load took 128.9ns 
73139      INFO  main            d.u.i.k.p.i.AbstractProblemLoader Creating init config 
76224      DEBUG main            d.u.i.k.p.i.AbstractProblemLoader Init config took 3.09s 
76247      INFO  main            d.u.i.k.p.i.AbstractProblemLoader Replaying proof bsumSplit.key.proof 
76254      DEBUG main            d.u.i.k.p.i.IntermediateProofReplayer Proof replay took 4.13ms 
76256      DEBUG main            d.u.i.k.p.r.p.TestFile    ... success: reloaded. 
76256      INFO  main            d.u.i.k.p.r.p.TestFile    Now processing file /home/runner/work/key/key/key.core/../key.ui/examples/heap/comprehensions/bprodSplit.key 
76257      INFO  main            d.u.i.k.p.i.AbstractProblemLoader Loading environment from /home/runner/work/key/key/key.core/../key.ui/examples/heap/comprehensions/bprodSplit.key 
76257      DEBUG main            d.u.i.k.p.i.AbstractProblemLoader Environment load took 392.5ns 
76258      INFO  main            d.u.i.k.p.i.AbstractProblemLoader Creating init config 
79301      DEBUG main            d.u.i.k.p.i.AbstractProblemLoader Init config took 3.04s 
79321      INFO  main            d.u.i.k.p.i.AbstractProblemLoader Replaying proof bprodSplit.key 
79323      DEBUG main            d.u.i.k.p.i.IntermediateProofReplayer Proof replay took 8.6ns 
79427      INFO  main            d.u.i.k.p.r.p.TestFile    ... finished proof: closed. 
79680      INFO  main            d.u.i.k.p.i.AbstractProblemLoader Loading environment from /home/runner/work/key/key/key.core/../key.ui/examples/heap/comprehensions/bprodSplit.key.proof 
79680      DEBUG main            d.u.i.k.p.i.AbstractProblemLoader Environment load took 128.2ns 
79682      INFO  main            d.u.i.k.p.i.AbstractProblemLoader Creating init config 
82632      DEBUG main            d.u.i.k.p.i.AbstractProblemLoader Init config took 2.95s 
82651      INFO  main            d.u.i.k.p.i.AbstractProblemLoader Replaying proof bprodSplit.key.proof 
82657      DEBUG main            d.u.i.k.p.i.IntermediateProofReplayer Proof replay took 2.71ms 
82658      DEBUG main            d.u.i.k.p.r.p.TestFile    ... success: reloaded. 
82659      INFO  main            d.u.i.k.p.r.p.TestFile    Now processing file /home/runner/work/key/key/key.core/../key.ui/examples/heap/comprehensions/bsumSplitInvalid.key 
82660      INFO  main            d.u.i.k.p.i.AbstractProblemLoader Loading environment from /home/runner/work/key/key/key.core/../key.ui/examples/heap/comprehensions/bsumSplitInvalid.key 
82660      DEBUG main            d.u.i.k.p.i.AbstractProblemLoader Environment load took 277.1ns 
82661      INFO  main            d.u.i.k.p.i.AbstractProblemLoader Creating init config 
85801      DEBUG main            d.u.i.k.p.i.AbstractProblemLoader Init config took 3.14s 
85820      INFO  main            d.u.i.k.p.i.AbstractProblemLoader Replaying proof bsumSplitInvalid.key 
85822      DEBUG main            d.u.i.k.p.i.IntermediateProofReplayer Proof replay took 8.5ns 
85927      INFO  main            d.u.i.k.p.r.p.TestFile    ... finished proof: open goal(s) 
190598     INFO  Test worker     d.u.i.k.p.r.RunAllProofsTestUnit Returning from test comprehensions 
190603     INFO  Test worker     d.u.i.k.p.r.RunAllProofsTestUnit Running test performance 
534        INFO  Timeout watchdog d.u.i.k.p.r.p.ForkedTestFileRunner Timeout watcher launched (2000 secs.) 
561        WARN  main            d.u.i.k.s.ProofSettings   The settings in /home/runner/.key/proof-settings.props are *not* read. 
610        INFO  main            d.u.i.k.p.r.p.TestFile    Now processing file /home/runner/work/key/key/key.core/../key.ui/examples/performance-test/Disjoint(Disjoint__disjoint_08()).JML_operation_contract.0.key 
760        INFO  main            d.u.i.k.p.i.AbstractProblemLoader Loading environment from /home/runner/work/key/key/key.core/../key.ui/examples/performance-test/Disjoint(Disjoint__disjoint_08()).JML_operation_contract.0.key 
788        DEBUG main            d.u.i.k.p.i.AbstractProblemLoader Environment load took 3.55ms 
1121       INFO  main            d.u.i.k.p.i.AbstractProblemLoader Creating init config 
2677       DEBUG main            d.u.i.k.j.TypeConverter   No LDT found for Meta 
2678       DEBUG main            d.u.i.k.j.TypeConverter   No LDT found for Meta 
2683       DEBUG main            d.u.i.k.j.TypeConverter   No LDT found for Meta 
2683       DEBUG main            d.u.i.k.j.TypeConverter   No LDT found for Meta 
4785       DEBUG main            d.u.i.k.j.TypeConverter   No LDT found for JavaBigintExpression 
12393      DEBUG main            d.u.i.k.j.r.ClassPreparationMethodBuilder clPrepBuilder: Inner Class detected. Reject building class initialisation methods. 
22670      DEBUG main            d.u.i.k.p.i.AbstractProblemLoader Init config took 21.55s 
22930      INFO  main            d.u.i.k.p.i.AbstractProblemLoader Replaying proof Disjoint[Disjoint::disjoint_8()].JML operation contract.0 
23042      DEBUG main            d.u.i.k.p.i.IntermediateProofReplayer Proof replay took 433.21ns 
26393      INFO  main            d.u.i.k.p.r.p.TestFile    ... finished proof: closed. 
26704      INFO  main            d.u.i.k.p.i.AbstractProblemLoader Loading environment from /home/runner/work/key/key/key.core/../key.ui/examples/performance-test/Disjoint(Disjoint__disjoint_08()).JML_operation_contract.0.key.proof 
26705      DEBUG main            d.u.i.k.p.i.AbstractProblemLoader Environment load took 1.45ms 
26715      INFO  main            d.u.i.k.p.i.AbstractProblemLoader Creating init config 
30781      DEBUG main            d.u.i.k.j.r.ClassPreparationMethodBuilder clPrepBuilder: Inner Class detected. Reject building class initialisation methods. 
39794      DEBUG main            d.u.i.k.p.i.AbstractProblemLoader Init config took 13.08s 
39936      INFO  main            d.u.i.k.p.i.AbstractProblemLoader Replaying proof Disjoint[Disjoint::disjoint_8()].JML operation contract.0 
40396      DEBUG main            d.u.i.k.p.i.IntermediateProofReplayer Proof replay took 445.42ms 
40407      DEBUG main            d.u.i.k.p.r.p.TestFile    ... success: reloaded. 
40410      INFO  main            d.u.i.k.p.r.p.TestFile    Now processing file /home/runner/work/key/key/key.core/../key.ui/examples/performance-test/Disjoint(Disjoint__disjoint2_08()).JML_operation_contract.0.key 
40411      INFO  main            d.u.i.k.p.i.AbstractProblemLoader Loading environment from /home/runner/work/key/key/key.core/../key.ui/examples/performance-test/Disjoint(Disjoint__disjoint2_08()).JML_operation_contract.0.key 
40411      DEBUG main            d.u.i.k.p.i.AbstractProblemLoader Environment load took 519.1ns 
40414      INFO  main            d.u.i.k.p.i.AbstractProblemLoader Creating init config 
44314      DEBUG main            d.u.i.k.j.r.ClassPreparationMethodBuilder clPrepBuilder: Inner Class detected. Reject building class initialisation methods. 
53138      DEBUG main            d.u.i.k.p.i.AbstractProblemLoader Init config took 12.72s 
53269      INFO  main            d.u.i.k.p.i.AbstractProblemLoader Replaying proof Disjoint[Disjoint::disjoint2_8()].JML operation contract.0 
53274      DEBUG main            d.u.i.k.p.i.IntermediateProofReplayer Proof replay took 23.9ns 
54682      INFO  main            d.u.i.k.p.r.p.TestFile    ... finished proof: closed. 
55079      INFO  main            d.u.i.k.p.i.AbstractProblemLoader Loading environment from /home/runner/work/key/key/key.core/../key.ui/examples/performance-test/Disjoint(Disjoint__disjoint2_08()).JML_operation_contract.0.key.proof 
55083      DEBUG main            d.u.i.k.p.i.AbstractProblemLoader Environment load took 3.78ms 
55085      INFO  main            d.u.i.k.p.i.AbstractProblemLoader Creating init config 
58710      DEBUG main            d.u.i.k.j.r.ClassPreparationMethodBuilder clPrepBuilder: Inner Class detected. Reject building class initialisation methods. 
67651      DEBUG main            d.u.i.k.p.i.AbstractProblemLoader Init config took 12.57s 
67785      INFO  main            d.u.i.k.p.i.AbstractProblemLoader Replaying proof Disjoint[Disjoint::disjoint2_8()].JML operation contract.0 
67899      DEBUG main            d.u.i.k.p.i.IntermediateProofReplayer Proof replay took 109.57ms 
67901      DEBUG main            d.u.i.k.p.r.p.TestFile    ... success: reloaded. 
67903      INFO  main            d.u.i.k.p.r.p.TestFile    Now processing file /home/runner/work/key/key/key.core/../key.ui/examples/performance-test/AccessChain1(AccessChain1__foo_08()).JML_operation_contract.0.key 
67903      INFO  main            d.u.i.k.p.i.AbstractProblemLoader Loading environment from /home/runner/work/key/key/key.core/../key.ui/examples/performance-test/AccessChain1(AccessChain1__foo_08()).JML_operation_contract.0.key 
67903      DEBUG main            d.u.i.k.p.i.AbstractProblemLoader Environment load took 91.2ns 
67905      INFO  main            d.u.i.k.p.i.AbstractProblemLoader Creating init config 
71685      DEBUG main            d.u.i.k.j.r.ClassPreparationMethodBuilder clPrepBuilder: Inner Class detected. Reject building class initialisation methods. 
80769      DEBUG main            d.u.i.k.p.i.AbstractProblemLoader Init config took 12.86s 
80905      INFO  main            d.u.i.k.p.i.AbstractProblemLoader Replaying proof AccessChain1[AccessChain1::foo_8()].JML operation contract.0 
80908      DEBUG main            d.u.i.k.p.i.IntermediateProofReplayer Proof replay took 13.9ns 
84224      INFO  main            d.u.i.k.p.r.p.TestFile    ... finished proof: closed. 
84676      INFO  main            d.u.i.k.p.i.AbstractProblemLoader Loading environment from /home/runner/work/key/key/key.core/../key.ui/examples/performance-test/AccessChain1(AccessChain1__foo_08()).JML_operation_contract.0.key.proof 
84676      DEBUG main            d.u.i.k.p.i.AbstractProblemLoader Environment load took 163.7ns 
84684      INFO  main            d.u.i.k.p.i.AbstractProblemLoader Creating init config 
88416      DEBUG main            d.u.i.k.j.r.ClassPreparationMethodBuilder clPrepBuilder: Inner Class detected. Reject building class initialisation methods. 
97272      DEBUG main            d.u.i.k.p.i.AbstractProblemLoader Init config took 12.59s 
97402      INFO  main            d.u.i.k.p.i.AbstractProblemLoader Replaying proof AccessChain1[AccessChain1::foo_8()].JML operation contract.0 
98018      DEBUG main            d.u.i.k.p.i.IntermediateProofReplayer Proof replay took 599.26ms 
98022      DEBUG main            d.u.i.k.p.r.p.TestFile    ... success: reloaded. 
98024      INFO  main            d.u.i.k.p.r.p.TestFile    Now processing file /home/runner/work/key/key/key.core/../key.ui/examples/performance-test/AccessChain4(AccessChain4__foo_08()).JML_operation_contract.0.key 
98025      INFO  main            d.u.i.k.p.i.AbstractProblemLoader Loading environment from /home/runner/work/key/key/key.core/../key.ui/examples/performance-test/AccessChain4(AccessChain4__foo_08()).JML_operation_contract.0.key 
98025      DEBUG main            d.u.i.k.p.i.AbstractProblemLoader Environment load took 229ns 
98026      INFO  main            d.u.i.k.p.i.AbstractProblemLoader Creating init config 
101965     DEBUG main            d.u.i.k.j.r.ClassPreparationMethodBuilder clPrepBuilder: Inner Class detected. Reject building class initialisation methods. 
110573     DEBUG main            d.u.i.k.p.i.AbstractProblemLoader Init config took 12.55s 
110692     INFO  main            d.u.i.k.p.i.AbstractProblemLoader Replaying proof AccessChain4[AccessChain4::foo_8()].JML operation contract.0 
110695     DEBUG main            d.u.i.k.p.i.IntermediateProofReplayer Proof replay took 12.2ns 
118594     INFO  main            d.u.i.k.p.r.p.TestFile    ... finished proof: closed. 
119090     INFO  main            d.u.i.k.p.i.AbstractProblemLoader Loading environment from /home/runner/work/key/key/key.core/../key.ui/examples/performance-test/AccessChain4(AccessChain4__foo_08()).JML_operation_contract.0.key.proof 
119091     DEBUG main            d.u.i.k.p.i.AbstractProblemLoader Environment load took 150.5ns 
119104     INFO  main            d.u.i.k.p.i.AbstractProblemLoader Creating init config 
122707     DEBUG main            d.u.i.k.j.r.ClassPreparationMethodBuilder clPrepBuilder: Inner Class detected. Reject building class initialisation methods. 
131127     DEBUG main            d.u.i.k.p.i.AbstractProblemLoader Init config took 12.02s 
131249     INFO  main            d.u.i.k.p.i.AbstractProblemLoader Replaying proof AccessChain4[AccessChain4::foo_8()].JML operation contract.0 
132318     DEBUG main            d.u.i.k.p.i.IntermediateProofReplayer Proof replay took 1.02s 
132321     DEBUG main            d.u.i.k.p.r.p.TestFile    ... success: reloaded. 
132323     INFO  main            d.u.i.k.p.r.p.TestFile    Now processing file /home/runner/work/key/key/key.core/../key.ui/examples/performance-test/Disjoint(Disjoint__xZero_08()).JML_operation_contract.0.key 
132324     INFO  main            d.u.i.k.p.i.AbstractProblemLoader Loading environment from /home/runner/work/key/key/key.core/../key.ui/examples/performance-test/Disjoint(Disjoint__xZero_08()).JML_operation_contract.0.key 
132324     DEBUG main            d.u.i.k.p.i.AbstractProblemLoader Environment load took 282ns 
132326     INFO  main            d.u.i.k.p.i.AbstractProblemLoader Creating init config 
136277     DEBUG main            d.u.i.k.j.r.ClassPreparationMethodBuilder clPrepBuilder: Inner Class detected. Reject building class initialisation methods. 
145229     DEBUG main            d.u.i.k.p.i.AbstractProblemLoader Init config took 12.9s 
145347     INFO  main            d.u.i.k.p.i.AbstractProblemLoader Replaying proof Disjoint[Disjoint::xZero_8()].JML operation contract.0 
145350     DEBUG main            d.u.i.k.p.i.IntermediateProofReplayer Proof replay took 11.4ns 
146765     INFO  main            d.u.i.k.p.r.p.TestFile    ... finished proof: closed. 
147244     INFO  main            d.u.i.k.p.i.AbstractProblemLoader Loading environment from /home/runner/work/key/key/key.core/../key.ui/examples/performance-test/Disjoint(Disjoint__xZero_08()).JML_operation_contract.0.key.proof 
147244     DEBUG main            d.u.i.k.p.i.AbstractProblemLoader Environment load took 186.2ns 
147250     INFO  main            d.u.i.k.p.i.AbstractProblemLoader Creating init config 
151177     DEBUG main            d.u.i.k.j.r.ClassPreparationMethodBuilder clPrepBuilder: Inner Class detected. Reject building class initialisation methods. 
160454     DEBUG main            d.u.i.k.p.i.AbstractProblemLoader Init config took 13.2s 
160579     INFO  main            d.u.i.k.p.i.AbstractProblemLoader Replaying proof Disjoint[Disjoint::xZero_8()].JML operation contract.0 
160860     DEBUG main            d.u.i.k.p.i.IntermediateProofReplayer Proof replay took 272.7ms 
160863     DEBUG main            d.u.i.k.p.r.p.TestFile    ... success: reloaded. 
160865     INFO  main            d.u.i.k.p.r.p.TestFile    Now processing file /home/runner/work/key/key/key.core/../key.ui/examples/performance-test/Dynamic(Dynamic__foo_08()).JML_operation_contract.0.key 
160866     INFO  main            d.u.i.k.p.i.AbstractProblemLoader Loading environment from /home/runner/work/key/key/key.core/../key.ui/examples/performance-test/Dynamic(Dynamic__foo_08()).JML_operation_contract.0.key 
160867     DEBUG main            d.u.i.k.p.i.AbstractProblemLoader Environment load took 614.11ns 
160868     INFO  main            d.u.i.k.p.i.AbstractProblemLoader Creating init config 
164871     DEBUG main            d.u.i.k.j.r.ClassPreparationMethodBuilder clPrepBuilder: Inner Class detected. Reject building class initialisation methods. 
174041     DEBUG main            d.u.i.k.p.i.AbstractProblemLoader Init config took 13.17s 
174158     INFO  main            d.u.i.k.p.i.AbstractProblemLoader Replaying proof Dynamic[Dynamic::foo_8()].JML operation contract.0 
174161     DEBUG main            d.u.i.k.p.i.IntermediateProofReplayer Proof replay took 13.4ns 
181105     INFO  main            d.u.i.k.p.r.p.TestFile    ... finished proof: closed. 
181624     INFO  main            d.u.i.k.p.i.AbstractProblemLoader Loading environment from /home/runner/work/key/key/key.core/../key.ui/examples/performance-test/Dynamic(Dynamic__foo_08()).JML_operation_contract.0.key.proof 
181625     DEBUG main            d.u.i.k.p.i.AbstractProblemLoader Environment load took 767.61ns 
181627     INFO  main            d.u.i.k.p.i.AbstractProblemLoader Creating init config 
185430     DEBUG main            d.u.i.k.j.r.ClassPreparationMethodBuilder clPrepBuilder: Inner Class detected. Reject building class initialisation methods. 
194470     DEBUG main            d.u.i.k.p.i.AbstractProblemLoader Init config took 12.84s 
194617     INFO  main            d.u.i.k.p.i.AbstractProblemLoader Replaying proof Dynamic[Dynamic::foo_8()].JML operation contract.0 
195289     DEBUG main            d.u.i.k.p.i.IntermediateProofReplayer Proof replay took 642.99ms 
195291     DEBUG main            d.u.i.k.p.r.p.TestFile    ... success: reloaded. 
195293     INFO  main            d.u.i.k.p.r.p.TestFile    Now processing file /home/runner/work/key/key/key.core/../key.ui/examples/performance-test/DynamicGhost(DynamicGhost__dynamicGhost_08()).JML_normal_behavior_operation_contract.0.key 
195294     INFO  main            d.u.i.k.p.i.AbstractProblemLoader Loading environment from /home/runner/work/key/key/key.core/../key.ui/examples/performance-test/DynamicGhost(DynamicGhost__dynamicGhost_08()).JML_normal_behavior_operation_contract.0.key 
195294     DEBUG main            d.u.i.k.p.i.AbstractProblemLoader Environment load took 287.2ns 
195295     INFO  main            d.u.i.k.p.i.AbstractProblemLoader Creating init config 
199212     DEBUG main            d.u.i.k.j.r.ClassPreparationMethodBuilder clPrepBuilder: Inner Class detected. Reject building class initialisation methods. 
208131     DEBUG main            d.u.i.k.p.i.AbstractProblemLoader Init config took 12.84s 
208251     INFO  main            d.u.i.k.p.i.AbstractProblemLoader Replaying proof DynamicGhost[DynamicGhost::dynamicGhost_8()].JML normal_behavior operation contract.0 
208254     DEBUG main            d.u.i.k.p.i.IntermediateProofReplayer Proof replay took 12ns 
213723     INFO  main            d.u.i.k.p.r.p.TestFile    ... finished proof: closed. 
214270     INFO  main            d.u.i.k.p.i.AbstractProblemLoader Loading environment from /home/runner/work/key/key/key.core/../key.ui/examples/performance-test/DynamicGhost(DynamicGhost__dynamicGhost_08()).JML_normal_behavior_operation_contract.0.key.proof 
214271     DEBUG main            d.u.i.k.p.i.AbstractProblemLoader Environment load took 753.41ns 
214273     INFO  main            d.u.i.k.p.i.AbstractProblemLoader Creating init config 
218030     DEBUG main            d.u.i.k.j.r.ClassPreparationMethodBuilder clPrepBuilder: Inner Class detected. Reject building class initialisation methods. 
226819     DEBUG main            d.u.i.k.p.i.AbstractProblemLoader Init config took 12.55s 
226977     INFO  main            d.u.i.k.p.i.AbstractProblemLoader Replaying proof DynamicGhost[DynamicGhost::dynamicGhost_8()].JML normal_behavior operation contract.0 
227653     DEBUG main            d.u.i.k.p.i.IntermediateProofReplayer Proof replay took 653.73ms 
227656     DEBUG main            d.u.i.k.p.r.p.TestFile    ... success: reloaded. 
227658     INFO  main            d.u.i.k.p.r.p.TestFile    Now processing file /home/runner/work/key/key/key.core/../key.ui/examples/performance-test/GhostFrame(GhostFrame__foo_08()).JML_operation_contract.0.key 
227659     INFO  main            d.u.i.k.p.i.AbstractProblemLoader Loading environment from /home/runner/work/key/key/key.core/../key.ui/examples/performance-test/GhostFrame(GhostFrame__foo_08()).JML_operation_contract.0.key 
227664     DEBUG main            d.u.i.k.p.i.AbstractProblemLoader Environment load took 5.05ms 
227671     INFO  main            d.u.i.k.p.i.AbstractProblemLoader Creating init config 
231575     DEBUG main            d.u.i.k.j.r.ClassPreparationMethodBuilder clPrepBuilder: Inner Class detected. Reject building class initialisation methods. 
240577     DEBUG main            d.u.i.k.p.i.AbstractProblemLoader Init config took 12.91s 
240690     INFO  main            d.u.i.k.p.i.AbstractProblemLoader Replaying proof GhostFrame[GhostFrame::foo_8()].JML operation contract.0 
240693     DEBUG main            d.u.i.k.p.i.IntermediateProofReplayer Proof replay took 18.6ns 
243206     INFO  main            d.u.i.k.p.r.p.TestFile    ... finished proof: closed. 
243812     INFO  main            d.u.i.k.p.i.AbstractProblemLoader Loading environment from /home/runner/work/key/key/key.core/../key.ui/examples/performance-test/GhostFrame(GhostFrame__foo_08()).JML_operation_contract.0.key.proof 
243812     DEBUG main            d.u.i.k.p.i.AbstractProblemLoader Environment load took 146.1ns 
243814     INFO  main            d.u.i.k.p.i.AbstractProblemLoader Creating init config 
247487     DEBUG main            d.u.i.k.j.r.ClassPreparationMethodBuilder clPrepBuilder: Inner Class detected. Reject building class initialisation methods. 
256473     DEBUG main            d.u.i.k.p.i.AbstractProblemLoader Init config took 12.66s 
256589     INFO  main            d.u.i.k.p.i.AbstractProblemLoader Replaying proof GhostFrame[GhostFrame::foo_8()].JML operation contract.0 
257010     DEBUG main            d.u.i.k.p.i.IntermediateProofReplayer Proof replay took 412.31ms 
257012     DEBUG main            d.u.i.k.p.r.p.TestFile    ... success: reloaded. 
257014     INFO  main            d.u.i.k.p.r.p.TestFile    Now processing file /home/runner/work/key/key/key.core/../key.ui/examples/performance-test/Modelfield(Modelfield__foo_08()).JML_operation_contract.0.key 
257014     INFO  main            d.u.i.k.p.i.AbstractProblemLoader Loading environment from /home/runner/work/key/key/key.core/../key.ui/examples/performance-test/Modelfield(Modelfield__foo_08()).JML_operation_contract.0.key 
257014     DEBUG main            d.u.i.k.p.i.AbstractProblemLoader Environment load took 89.5ns 
257015     INFO  main            d.u.i.k.p.i.AbstractProblemLoader Creating init config 
260851     DEBUG main            d.u.i.k.j.r.ClassPreparationMethodBuilder clPrepBuilder: Inner Class detected. Reject building class initialisation methods. 
269522     DEBUG main            d.u.i.k.p.i.AbstractProblemLoader Init config took 12.51s 
269632     INFO  main            d.u.i.k.p.i.AbstractProblemLoader Replaying proof Modelfield[Modelfield::foo_8()].JML operation contract.0 
269634     DEBUG main            d.u.i.k.p.i.IntermediateProofReplayer Proof replay took 7ns 
273448     INFO  main            d.u.i.k.p.r.p.TestFile    ... finished proof: closed. 
274033     INFO  main            d.u.i.k.p.i.AbstractProblemLoader Loading environment from /home/runner/work/key/key/key.core/../key.ui/examples/performance-test/Modelfield(Modelfield__foo_08()).JML_operation_contract.0.key.proof 
274033     DEBUG main            d.u.i.k.p.i.AbstractProblemLoader Environment load took 722.4ns 
274036     INFO  main            d.u.i.k.p.i.AbstractProblemLoader Creating init config 
277513     DEBUG main            d.u.i.k.j.r.ClassPreparationMethodBuilder clPrepBuilder: Inner Class detected. Reject building class initialisation methods. 
286132     DEBUG main            d.u.i.k.p.i.AbstractProblemLoader Init config took 12.1s 
286264     INFO  main            d.u.i.k.p.i.AbstractProblemLoader Replaying proof Modelfield[Modelfield::foo_8()].JML operation contract.0 
286731     DEBUG main            d.u.i.k.p.i.IntermediateProofReplayer Proof replay took 452.01ms 
286733     DEBUG main            d.u.i.k.p.r.p.TestFile    ... success: reloaded. 
477554     INFO  Test worker     d.u.i.k.p.r.RunAllProofsTestUnit Returning from test performance 
477556     INFO  Test worker     d.u.i.k.p.r.RunAllProofsTestUnit Running test performancePOConstruction 
494        INFO  Timeout watchdog d.u.i.k.p.r.p.ForkedTestFileRunner Timeout watcher launched (2000 secs.) 
501        WARN  main            d.u.i.k.s.ProofSettings   The settings in /home/runner/.key/proof-settings.props are *not* read. 
535        INFO  main            d.u.i.k.p.r.p.TestFile    Now processing file /home/runner/work/key/key/key.core/../key.ui/examples/performance-test/Test(Test__a0(int)).JML_normal_behavior_operation_contract.0.key 
682        INFO  main            d.u.i.k.p.i.AbstractProblemLoader Loading environment from /home/runner/work/key/key/key.core/../key.ui/examples/performance-test/Test(Test__a0(int)).JML_normal_behavior_operation_contract.0.key 
706        DEBUG main            d.u.i.k.p.i.AbstractProblemLoader Environment load took 2.85ms 
1015       INFO  main            d.u.i.k.p.i.AbstractProblemLoader Creating init config 
2353       DEBUG main            d.u.i.k.j.TypeConverter   No LDT found for Meta 
2355       DEBUG main            d.u.i.k.j.TypeConverter   No LDT found for Meta 
2357       DEBUG main            d.u.i.k.j.TypeConverter   No LDT found for Meta 
2359       DEBUG main            d.u.i.k.j.TypeConverter   No LDT found for Meta 
4291       DEBUG main            d.u.i.k.j.TypeConverter   No LDT found for JavaBigintExpression 
12066      DEBUG main            d.u.i.k.j.r.ClassPreparationMethodBuilder clPrepBuilder: Inner Class detected. Reject building class initialisation methods. 
23105      DEBUG main            d.u.i.k.p.i.AbstractProblemLoader Init config took 22.09s 
24703      INFO  main            d.u.i.k.p.i.AbstractProblemLoader Replaying proof Test[Test::a0(int)].JML normal_behavior operation contract.0 
24829      DEBUG main            d.u.i.k.p.i.IntermediateProofReplayer Proof replay took 42.1ns 
25309      INFO  main            d.u.i.k.p.r.p.TestFile    ... finished proof: closed. 
25604      INFO  main            d.u.i.k.p.i.AbstractProblemLoader Loading environment from /home/runner/work/key/key/key.core/../key.ui/examples/performance-test/Test(Test__a0(int)).JML_normal_behavior_operation_contract.0.key.proof 
25612      DEBUG main            d.u.i.k.p.i.AbstractProblemLoader Environment load took 8.06ms 
25616      INFO  main            d.u.i.k.p.i.AbstractProblemLoader Creating init config 
30541      DEBUG main            d.u.i.k.j.r.ClassPreparationMethodBuilder clPrepBuilder: Inner Class detected. Reject building class initialisation methods. 
40747      DEBUG main            d.u.i.k.p.i.AbstractProblemLoader Init config took 15.13s 
42215      INFO  main            d.u.i.k.p.i.AbstractProblemLoader Replaying proof Test[Test::a0(int)].JML normal_behavior operation contract.0 
42251      DEBUG main            d.u.i.k.p.i.IntermediateProofReplayer Proof replay took 28.92ms 
42265      DEBUG main            d.u.i.k.p.r.p.TestFile    ... success: reloaded. 
42268      INFO  main            d.u.i.k.p.r.p.TestFile    Now processing file /home/runner/work/key/key/key.core/../key.ui/examples/performance-test/Test(Test__a1(int)).JML_normal_behavior_operation_contract.0.key 
42268      INFO  main            d.u.i.k.p.i.AbstractProblemLoader Loading environment from /home/runner/work/key/key/key.core/../key.ui/examples/performance-test/Test(Test__a1(int)).JML_normal_behavior_operation_contract.0.key 
42268      DEBUG main            d.u.i.k.p.i.AbstractProblemLoader Environment load took 106.8ns 
42270      INFO  main            d.u.i.k.p.i.AbstractProblemLoader Creating init config 
46778      DEBUG main            d.u.i.k.j.r.ClassPreparationMethodBuilder clPrepBuilder: Inner Class detected. Reject building class initialisation methods. 
56525      DEBUG main            d.u.i.k.p.i.AbstractProblemLoader Init config took 14.25s 
57850      INFO  main            d.u.i.k.p.i.AbstractProblemLoader Replaying proof Test[Test::a1(int)].JML normal_behavior operation contract.0 
57854      DEBUG main            d.u.i.k.p.i.IntermediateProofReplayer Proof replay took 7ns 
58364      INFO  main            d.u.i.k.p.r.p.TestFile    ... finished proof: closed. 
58705      INFO  main            d.u.i.k.p.i.AbstractProblemLoader Loading environment from /home/runner/work/key/key/key.core/../key.ui/examples/performance-test/Test(Test__a1(int)).JML_normal_behavior_operation_contract.0.key.proof 
58705      DEBUG main            d.u.i.k.p.i.AbstractProblemLoader Environment load took 842.81ns 
58709      INFO  main            d.u.i.k.p.i.AbstractProblemLoader Creating init config 
62697      DEBUG main            d.u.i.k.j.r.ClassPreparationMethodBuilder clPrepBuilder: Inner Class detected. Reject building class initialisation methods. 
71758      DEBUG main            d.u.i.k.p.i.AbstractProblemLoader Init config took 13.05s 
73089      INFO  main            d.u.i.k.p.i.AbstractProblemLoader Replaying proof Test[Test::a1(int)].JML normal_behavior operation contract.0 
73166      DEBUG main            d.u.i.k.p.i.IntermediateProofReplayer Proof replay took 71.74ms 
73168      DEBUG main            d.u.i.k.p.r.p.TestFile    ... success: reloaded. 
73170      INFO  main            d.u.i.k.p.r.p.TestFile    Now processing file /home/runner/work/key/key/key.core/../key.ui/examples/performance-test/Test(Test__f1(int)).JML_normal_behavior_operation_contract.0.key 
73171      INFO  main            d.u.i.k.p.i.AbstractProblemLoader Loading environment from /home/runner/work/key/key/key.core/../key.ui/examples/performance-test/Test(Test__f1(int)).JML_normal_behavior_operation_contract.0.key 
73171      DEBUG main            d.u.i.k.p.i.AbstractProblemLoader Environment load took 375ns 
73173      INFO  main            d.u.i.k.p.i.AbstractProblemLoader Creating init config 
77138      DEBUG main            d.u.i.k.j.r.ClassPreparationMethodBuilder clPrepBuilder: Inner Class detected. Reject building class initialisation methods. 
86101      DEBUG main            d.u.i.k.p.i.AbstractProblemLoader Init config took 12.93s 
87360      INFO  main            d.u.i.k.p.i.AbstractProblemLoader Replaying proof Test[Test::f1(int)].JML normal_behavior operation contract.0 
87363      DEBUG main            d.u.i.k.p.i.IntermediateProofReplayer Proof replay took 6.8ns 
87667      INFO  main            d.u.i.k.p.r.p.TestFile    ... finished proof: closed. 
88012      INFO  main            d.u.i.k.p.i.AbstractProblemLoader Loading environment from /home/runner/work/key/key/key.core/../key.ui/examples/performance-test/Test(Test__f1(int)).JML_normal_behavior_operation_contract.0.key.proof 
88012      DEBUG main            d.u.i.k.p.i.AbstractProblemLoader Environment load took 603.8ns 
88014      INFO  main            d.u.i.k.p.i.AbstractProblemLoader Creating init config 
91965      DEBUG main            d.u.i.k.j.r.ClassPreparationMethodBuilder clPrepBuilder: Inner Class detected. Reject building class initialisation methods. 
101156     DEBUG main            d.u.i.k.p.i.AbstractProblemLoader Init config took 13.14s 
102419     INFO  main            d.u.i.k.p.i.AbstractProblemLoader Replaying proof Test[Test::f1(int)].JML normal_behavior operation contract.0 
102475     DEBUG main            d.u.i.k.p.i.IntermediateProofReplayer Proof replay took 51.81ms 
102477     DEBUG main            d.u.i.k.p.r.p.TestFile    ... success: reloaded. 
580261     INFO  Test worker     d.u.i.k.p.r.RunAllProofsTestUnit Returning from test performancePOConstruction 
580263     INFO  Test worker     d.u.i.k.p.r.RunAllProofsTestUnit Running test applicationRestrictions 
473        INFO  Timeout watchdog d.u.i.k.p.r.p.ForkedTestFileRunner Timeout watcher launched (2000 secs.) 
488        WARN  main            d.u.i.k.s.ProofSettings   The settings in /home/runner/.key/proof-settings.props are *not* read. 
530        INFO  main            d.u.i.k.p.r.p.TestFile    Now processing file /home/runner/work/key/key/key.core/../key.ui/examples/heap/polarity_tests/wellformed1.key 
692        INFO  main            d.u.i.k.p.i.AbstractProblemLoader Loading environment from /home/runner/work/key/key/key.core/../key.ui/examples/heap/polarity_tests/wellformed1.key 
722        DEBUG main            d.u.i.k.p.i.AbstractProblemLoader Environment load took 3.75ms 
1066       INFO  main            d.u.i.k.p.i.AbstractProblemLoader Creating init config 
2365       DEBUG main            d.u.i.k.j.TypeConverter   No LDT found for Meta 
2367       DEBUG main            d.u.i.k.j.TypeConverter   No LDT found for Meta 
2371       DEBUG main            d.u.i.k.j.TypeConverter   No LDT found for Meta 
2372       DEBUG main            d.u.i.k.j.TypeConverter   No LDT found for Meta 
4053       DEBUG main            d.u.i.k.j.TypeConverter   No LDT found for JavaBigintExpression 
10311      DEBUG main            d.u.i.k.p.i.AbstractProblemLoader Init config took 9.24s 
10406      INFO  main            d.u.i.k.p.i.AbstractProblemLoader Replaying proof wellformed1.key 
10453      DEBUG main            d.u.i.k.p.i.IntermediateProofReplayer Proof replay took 39.4ns 
10638      INFO  main            d.u.i.k.p.r.p.TestFile    ... finished proof: closed. 
10803      INFO  main            d.u.i.k.p.i.AbstractProblemLoader Loading environment from /home/runner/work/key/key/key.core/../key.ui/examples/heap/polarity_tests/wellformed1.key.proof 
10804      DEBUG main            d.u.i.k.p.i.AbstractProblemLoader Environment load took 715.31ns 
10810      INFO  main            d.u.i.k.p.i.AbstractProblemLoader Creating init config 
14539      DEBUG main            d.u.i.k.p.i.AbstractProblemLoader Init config took 3.73s 
14576      INFO  main            d.u.i.k.p.i.AbstractProblemLoader Replaying proof wellformed1.key.proof 
14588      DEBUG main            d.u.i.k.p.i.IntermediateProofReplayer Proof replay took 5.76ms 
14601      DEBUG main            d.u.i.k.p.r.p.TestFile    ... success: reloaded. 
14602      INFO  main            d.u.i.k.p.r.p.TestFile    Now processing file /home/runner/work/key/key/key.core/../key.ui/examples/heap/polarity_tests/wellformed2.key 
14603      INFO  main            d.u.i.k.p.i.AbstractProblemLoader Loading environment from /home/runner/work/key/key/key.core/../key.ui/examples/heap/polarity_tests/wellformed2.key 
14603      DEBUG main            d.u.i.k.p.i.AbstractProblemLoader Environment load took 326ns 
14606      INFO  main            d.u.i.k.p.i.AbstractProblemLoader Creating init config 
17934      DEBUG main            d.u.i.k.p.i.AbstractProblemLoader Init config took 3.33s 
17971      INFO  main            d.u.i.k.p.i.AbstractProblemLoader Replaying proof wellformed2.key 
17974      DEBUG main            d.u.i.k.p.i.IntermediateProofReplayer Proof replay took 8.1ns 
18078      INFO  main            d.u.i.k.p.r.p.TestFile    ... finished proof: open goal(s) 
18236      INFO  main            d.u.i.k.p.r.p.TestFile    Now processing file /home/runner/work/key/key/key.core/../key.ui/examples/heap/polarity_tests/wellformed3.key 
18236      INFO  main            d.u.i.k.p.i.AbstractProblemLoader Loading environment from /home/runner/work/key/key/key.core/../key.ui/examples/heap/polarity_tests/wellformed3.key 
18237      DEBUG main            d.u.i.k.p.i.AbstractProblemLoader Environment load took 164.7ns 
18242      INFO  main            d.u.i.k.p.i.AbstractProblemLoader Creating init config 
21370      DEBUG main            d.u.i.k.p.i.AbstractProblemLoader Init config took 3.13s 
21404      INFO  main            d.u.i.k.p.i.AbstractProblemLoader Replaying proof wellformed3.key 
21407      DEBUG main            d.u.i.k.p.i.IntermediateProofReplayer Proof replay took 7.5ns 
21510      INFO  main            d.u.i.k.p.r.p.TestFile    ... finished proof: closed. 
21724      INFO  main            d.u.i.k.p.i.AbstractProblemLoader Loading environment from /home/runner/work/key/key/key.core/../key.ui/examples/heap/polarity_tests/wellformed3.key.proof 
21725      DEBUG main            d.u.i.k.p.i.AbstractProblemLoader Environment load took 1.06ms 
21728      INFO  main            d.u.i.k.p.i.AbstractProblemLoader Creating init config 
24883      DEBUG main            d.u.i.k.p.i.AbstractProblemLoader Init config took 3.16s 
24913      INFO  main            d.u.i.k.p.i.AbstractProblemLoader Replaying proof wellformed3.key.proof 
24919      DEBUG main            d.u.i.k.p.i.IntermediateProofReplayer Proof replay took 2.25ms 
24920      DEBUG main            d.u.i.k.p.r.p.TestFile    ... success: reloaded. 
24921      INFO  main            d.u.i.k.p.r.p.TestFile    Now processing file /home/runner/work/key/key/key.core/../key.ui/examples/heap/polarity_tests/wellformed4.key 
24922      INFO  main            d.u.i.k.p.i.AbstractProblemLoader Loading environment from /home/runner/work/key/key/key.core/../key.ui/examples/heap/polarity_tests/wellformed4.key 
24922      DEBUG main            d.u.i.k.p.i.AbstractProblemLoader Environment load took 305.8ns 
24924      INFO  main            d.u.i.k.p.i.AbstractProblemLoader Creating init config 
28114      DEBUG main            d.u.i.k.p.i.AbstractProblemLoader Init config took 3.19s 
28138      INFO  main            d.u.i.k.p.i.AbstractProblemLoader Replaying proof wellformed4.key 
28140      DEBUG main            d.u.i.k.p.i.IntermediateProofReplayer Proof replay took 6.9ns 
28248      INFO  main            d.u.i.k.p.r.p.TestFile    ... finished proof: open goal(s) 
28427      INFO  main            d.u.i.k.p.r.p.TestFile    Now processing file /home/runner/work/key/key/key.core/../key.ui/examples/heap/polarity_tests/wellformed5.key 
28427      INFO  main            d.u.i.k.p.i.AbstractProblemLoader Loading environment from /home/runner/work/key/key/key.core/../key.ui/examples/heap/polarity_tests/wellformed5.key 
28427      DEBUG main            d.u.i.k.p.i.AbstractProblemLoader Environment load took 96.4ns 
28430      INFO  main            d.u.i.k.p.i.AbstractProblemLoader Creating init config 
31523      DEBUG main            d.u.i.k.p.i.AbstractProblemLoader Init config took 3.09s 
31563      INFO  main            d.u.i.k.p.i.AbstractProblemLoader Replaying proof wellformed5.key 
31566      DEBUG main            d.u.i.k.p.i.IntermediateProofReplayer Proof replay took 7.6ns 
31670      INFO  main            d.u.i.k.p.r.p.TestFile    ... finished proof: closed. 
31814      INFO  main            d.u.i.k.p.i.AbstractProblemLoader Loading environment from /home/runner/work/key/key/key.core/../key.ui/examples/heap/polarity_tests/wellformed5.key.proof 
31815      DEBUG main            d.u.i.k.p.i.AbstractProblemLoader Environment load took 256ns 
31816      INFO  main            d.u.i.k.p.i.AbstractProblemLoader Creating init config 
34879      DEBUG main            d.u.i.k.p.i.AbstractProblemLoader Init config took 3.06s 
34902      INFO  main            d.u.i.k.p.i.AbstractProblemLoader Replaying proof wellformed5.key.proof 
34905      DEBUG main            d.u.i.k.p.i.IntermediateProofReplayer Proof replay took 1.14ms 
34907      DEBUG main            d.u.i.k.p.r.p.TestFile    ... success: reloaded. 
34907      INFO  main            d.u.i.k.p.r.p.TestFile    Now processing file /home/runner/work/key/key/key.core/../key.ui/examples/heap/polarity_tests/wellformed6.key 
34908      INFO  main            d.u.i.k.p.i.AbstractProblemLoader Loading environment from /home/runner/work/key/key/key.core/../key.ui/examples/heap/polarity_tests/wellformed6.key 
34908      DEBUG main            d.u.i.k.p.i.AbstractProblemLoader Environment load took 257ns 
34910      INFO  main            d.u.i.k.p.i.AbstractProblemLoader Creating init config 
37859      DEBUG main            d.u.i.k.p.i.AbstractProblemLoader Init config took 2.95s 
37881      INFO  main            d.u.i.k.p.i.AbstractProblemLoader Replaying proof wellformed6.key 
37883      DEBUG main            d.u.i.k.p.i.IntermediateProofReplayer Proof replay took 6.9ns 
37986      INFO  main            d.u.i.k.p.r.p.TestFile    ... finished proof: open goal(s) 
38150      INFO  main            d.u.i.k.p.r.p.TestFile    Now processing file /home/runner/work/key/key/key.core/../key.ui/examples/heap/polarity_tests/wellformed7.key 
38150      INFO  main            d.u.i.k.p.i.AbstractProblemLoader Loading environment from /home/runner/work/key/key/key.core/../key.ui/examples/heap/polarity_tests/wellformed7.key 
38150      DEBUG main            d.u.i.k.p.i.AbstractProblemLoader Environment load took 75.6ns 
38152      INFO  main            d.u.i.k.p.i.AbstractProblemLoader Creating init config 
41182      DEBUG main            d.u.i.k.p.i.AbstractProblemLoader Init config took 3.03s 
41205      INFO  main            d.u.i.k.p.i.AbstractProblemLoader Replaying proof wellformed7.key 
41209      DEBUG main            d.u.i.k.p.i.IntermediateProofReplayer Proof replay took 8.3ns 
41312      INFO  main            d.u.i.k.p.r.p.TestFile    ... finished proof: closed. 
41523      INFO  main            d.u.i.k.p.i.AbstractProblemLoader Loading environment from /home/runner/work/key/key/key.core/../key.ui/examples/heap/polarity_tests/wellformed7.key.proof 
41523      DEBUG main            d.u.i.k.p.i.AbstractProblemLoader Environment load took 182.7ns 
41524      INFO  main            d.u.i.k.p.i.AbstractProblemLoader Creating init config 
44548      DEBUG main            d.u.i.k.p.i.AbstractProblemLoader Init config took 3.02s 
44570      INFO  main            d.u.i.k.p.i.AbstractProblemLoader Replaying proof wellformed7.key.proof 
44575      DEBUG main            d.u.i.k.p.i.IntermediateProofReplayer Proof replay took 1.77ms 
44576      DEBUG main            d.u.i.k.p.r.p.TestFile    ... success: reloaded. 
44578      INFO  main            d.u.i.k.p.r.p.TestFile    Now processing file /home/runner/work/key/key/key.core/../key.ui/examples/heap/polarity_tests/wellformed8.key 
44578      INFO  main            d.u.i.k.p.i.AbstractProblemLoader Loading environment from /home/runner/work/key/key/key.core/../key.ui/examples/heap/polarity_tests/wellformed8.key 
44578      DEBUG main            d.u.i.k.p.i.AbstractProblemLoader Environment load took 323.8ns 
44580      INFO  main            d.u.i.k.p.i.AbstractProblemLoader Creating init config 
47721      DEBUG main            d.u.i.k.p.i.AbstractProblemLoader Init config took 3.14s 
47743      INFO  main            d.u.i.k.p.i.AbstractProblemLoader Replaying proof wellformed8.key 
47745      DEBUG main            d.u.i.k.p.i.IntermediateProofReplayer Proof replay took 10ns 
47851      INFO  main            d.u.i.k.p.r.p.TestFile    ... finished proof: open goal(s) 
48050      INFO  main            d.u.i.k.p.r.p.TestFile    Now processing file /home/runner/work/key/key/key.core/../key.ui/examples/heap/polarity_tests/wellformed9.key 
48050      INFO  main            d.u.i.k.p.i.AbstractProblemLoader Loading environment from /home/runner/work/key/key/key.core/../key.ui/examples/heap/polarity_tests/wellformed9.key 
48051      DEBUG main            d.u.i.k.p.i.AbstractProblemLoader Environment load took 81.3ns 
48052      INFO  main            d.u.i.k.p.i.AbstractProblemLoader Creating init config 
51157      DEBUG main            d.u.i.k.p.i.AbstractProblemLoader Init config took 3.1s 
51204      INFO  main            d.u.i.k.p.i.AbstractProblemLoader Replaying proof wellformed9.key 
51206      DEBUG main            d.u.i.k.p.i.IntermediateProofReplayer Proof replay took 8.5ns 
51309      INFO  main            d.u.i.k.p.r.p.TestFile    ... finished proof: closed. 
51484      INFO  main            d.u.i.k.p.i.AbstractProblemLoader Loading environment from /home/runner/work/key/key/key.core/../key.ui/examples/heap/polarity_tests/wellformed9.key.proof 
51484      DEBUG main            d.u.i.k.p.i.AbstractProblemLoader Environment load took 151.5ns 
51486      INFO  main            d.u.i.k.p.i.AbstractProblemLoader Creating init config 
54601      DEBUG main            d.u.i.k.p.i.AbstractProblemLoader Init config took 3.11s 
54621      INFO  main            d.u.i.k.p.i.AbstractProblemLoader Replaying proof wellformed9.key.proof 
54625      DEBUG main            d.u.i.k.p.i.IntermediateProofReplayer Proof replay took 1.84ms 
54627      DEBUG main            d.u.i.k.p.r.p.TestFile    ... success: reloaded. 
54628      INFO  main            d.u.i.k.p.r.p.TestFile    Now processing file /home/runner/work/key/key/key.core/../key.ui/examples/heap/polarity_tests/wellformed10.key 
54628      INFO  main            d.u.i.k.p.i.AbstractProblemLoader Loading environment from /home/runner/work/key/key/key.core/../key.ui/examples/heap/polarity_tests/wellformed10.key 
54628      DEBUG main            d.u.i.k.p.i.AbstractProblemLoader Environment load took 96.3ns 
54629      INFO  main            d.u.i.k.p.i.AbstractProblemLoader Creating init config 
57742      DEBUG main            d.u.i.k.p.i.AbstractProblemLoader Init config took 3.11s 
57761      INFO  main            d.u.i.k.p.i.AbstractProblemLoader Replaying proof wellformed10.key 
57762      DEBUG main            d.u.i.k.p.i.IntermediateProofReplayer Proof replay took 8.5ns 
57870      INFO  main            d.u.i.k.p.r.p.TestFile    ... finished proof: open goal(s) 
58078      INFO  main            d.u.i.k.p.r.p.TestFile    Now processing file /home/runner/work/key/key/key.core/../key.ui/examples/heap/polarity_tests/wellformed11.key 
58078      INFO  main            d.u.i.k.p.i.AbstractProblemLoader Loading environment from /home/runner/work/key/key/key.core/../key.ui/examples/heap/polarity_tests/wellformed11.key 
58078      DEBUG main            d.u.i.k.p.i.AbstractProblemLoader Environment load took 80.1ns 
58080      INFO  main            d.u.i.k.p.i.AbstractProblemLoader Creating init config 
61264      DEBUG main            d.u.i.k.p.i.AbstractProblemLoader Init config took 3.18s 
61284      INFO  main            d.u.i.k.p.i.AbstractProblemLoader Replaying proof wellformed11.key 
61286      DEBUG main            d.u.i.k.p.i.IntermediateProofReplayer Proof replay took 8.3ns 
61391      INFO  main            d.u.i.k.p.r.p.TestFile    ... finished proof: open goal(s) 
642141     INFO  Test worker     d.u.i.k.p.r.RunAllProofsTestUnit Returning from test applicationRestrictions 
642146     INFO  Test worker     d.u.i.k.p.r.RunAllProofsTestUnit Running test blockContracts 
436        INFO  Timeout watchdog d.u.i.k.p.r.p.ForkedTestFileRunner Timeout watcher launched (2000 secs.) 
443        WARN  main            d.u.i.k.s.ProofSettings   The settings in /home/runner/.key/proof-settings.props are *not* read. 
489        INFO  main            d.u.i.k.p.r.p.TestFile    Now processing file /home/runner/work/key/key/key.core/../key.ui/examples/heap/block_contracts/Simple__add.key 
645        INFO  main            d.u.i.k.p.i.AbstractProblemLoader Loading environment from /home/runner/work/key/key/key.core/../key.ui/examples/heap/block_contracts/Simple__add.key 
667        DEBUG main            d.u.i.k.p.i.AbstractProblemLoader Environment load took 2.38ms 
1016       INFO  main            d.u.i.k.p.i.AbstractProblemLoader Creating init config 
2362       DEBUG main            d.u.i.k.j.TypeConverter   No LDT found for Meta 
2363       DEBUG main            d.u.i.k.j.TypeConverter   No LDT found for Meta 
2367       DEBUG main            d.u.i.k.j.TypeConverter   No LDT found for Meta 
2367       DEBUG main            d.u.i.k.j.TypeConverter   No LDT found for Meta 
4405       DEBUG main            d.u.i.k.j.TypeConverter   No LDT found for JavaBigintExpression 
12406      DEBUG main            d.u.i.k.p.i.AbstractProblemLoader Init config took 11.39s 
12600      INFO  main            d.u.i.k.p.i.AbstractProblemLoader Replaying proof Simple[Simple::add(int,int)].JML operation contract.0 
12743      DEBUG main            d.u.i.k.p.i.IntermediateProofReplayer Proof replay took 930.41ns 
13786      INFO  main            d.u.i.k.p.r.p.TestFile    ... finished proof: closed. 
13969      INFO  main            d.u.i.k.p.i.AbstractProblemLoader Loading environment from /home/runner/work/key/key/key.core/../key.ui/examples/heap/block_contracts/Simple__add.key.proof 
13970      DEBUG main            d.u.i.k.p.i.AbstractProblemLoader Environment load took 814.11ns 
13975      INFO  main            d.u.i.k.p.i.AbstractProblemLoader Creating init config 
18530      DEBUG main            d.u.i.k.p.i.AbstractProblemLoader Init config took 4.55s 
18607      INFO  main            d.u.i.k.p.i.AbstractProblemLoader Replaying proof Simple[Simple::add(int,int)].JML operation contract.0 
18696      DEBUG main            d.u.i.k.p.i.IntermediateProofReplayer Proof replay took 79.92ms 
18705      DEBUG main            d.u.i.k.p.r.p.TestFile    ... success: reloaded. 
18707      INFO  main            d.u.i.k.p.r.p.TestFile    Now processing file /home/runner/work/key/key/key.core/../key.ui/examples/heap/block_contracts/Simple__addAbsoluteValues.key 
18707      INFO  main            d.u.i.k.p.i.AbstractProblemLoader Loading environment from /home/runner/work/key/key/key.core/../key.ui/examples/heap/block_contracts/Simple__addAbsoluteValues.key 
18708      DEBUG main            d.u.i.k.p.i.AbstractProblemLoader Environment load took 427.9ns 
18710      INFO  main            d.u.i.k.p.i.AbstractProblemLoader Creating init config 
22903      DEBUG main            d.u.i.k.p.i.AbstractProblemLoader Init config took 4.19s 
22979      INFO  main            d.u.i.k.p.i.AbstractProblemLoader Replaying proof Simple[Simple::addAbsoluteValues(int,int)].JML normal_behavior operation contract.0 
22983      DEBUG main            d.u.i.k.p.i.IntermediateProofReplayer Proof replay took 34ns 
24406      INFO  main            d.u.i.k.p.r.p.TestFile    ... finished proof: closed. 
24734      INFO  main            d.u.i.k.p.i.AbstractProblemLoader Loading environment from /home/runner/work/key/key/key.core/../key.ui/examples/heap/block_contracts/Simple__addAbsoluteValues.key.proof 
24735      DEBUG main            d.u.i.k.p.i.AbstractProblemLoader Environment load took 609ns 
24737      INFO  main            d.u.i.k.p.i.AbstractProblemLoader Creating init config 
28736      DEBUG main            d.u.i.k.p.i.AbstractProblemLoader Init config took 4s 
28811      INFO  main            d.u.i.k.p.i.AbstractProblemLoader Replaying proof Simple[Simple::addAbsoluteValues(int,int)].JML normal_behavior operation contract.0 
29038      DEBUG main            d.u.i.k.p.i.IntermediateProofReplayer Proof replay took 216.52ms 
29040      DEBUG main            d.u.i.k.p.r.p.TestFile    ... success: reloaded. 
29042      INFO  main            d.u.i.k.p.r.p.TestFile    Now processing file /home/runner/work/key/key/key.core/../key.ui/examples/heap/block_contracts/Simple__addWithJump.key 
29043      INFO  main            d.u.i.k.p.i.AbstractProblemLoader Loading environment from /home/runner/work/key/key/key.core/../key.ui/examples/heap/block_contracts/Simple__addWithJump.key 
29043      DEBUG main            d.u.i.k.p.i.AbstractProblemLoader Environment load took 288.9ns 
29045      INFO  main            d.u.i.k.p.i.AbstractProblemLoader Creating init config 
33113      DEBUG main            d.u.i.k.p.i.AbstractProblemLoader Init config took 4.07s 
33187      INFO  main            d.u.i.k.p.i.AbstractProblemLoader Replaying proof Simple[Simple::addWithJump(int,int,int)].JML operation contract.0 
33190      DEBUG main            d.u.i.k.p.i.IntermediateProofReplayer Proof replay took 66.1ns 
33394      INFO  main            d.u.i.k.p.r.p.TestFile    ... finished proof: closed. 
33655      INFO  main            d.u.i.k.p.i.AbstractProblemLoader Loading environment from /home/runner/work/key/key/key.core/../key.ui/examples/heap/block_contracts/Simple__addWithJump.key.proof 
33657      DEBUG main            d.u.i.k.p.i.AbstractProblemLoader Environment load took 1.29ms 
33659      INFO  main            d.u.i.k.p.i.AbstractProblemLoader Creating init config 
37503      DEBUG main            d.u.i.k.p.i.AbstractProblemLoader Init config took 3.84s 
37559      INFO  main            d.u.i.k.p.i.AbstractProblemLoader Replaying proof Simple[Simple::addWithJump(int,int,int)].JML operation contract.0 
37611      DEBUG main            d.u.i.k.p.i.IntermediateProofReplayer Proof replay took 48.86ms 
37613      DEBUG main            d.u.i.k.p.r.p.TestFile    ... success: reloaded. 
37615      INFO  main            d.u.i.k.p.r.p.TestFile    Now processing file /home/runner/work/key/key/key.core/../key.ui/examples/heap/block_contracts/Simple__addWithTwoBlockContracts.key 
37616      INFO  main            d.u.i.k.p.i.AbstractProblemLoader Loading environment from /home/runner/work/key/key/key.core/../key.ui/examples/heap/block_contracts/Simple__addWithTwoBlockContracts.key 
37616      DEBUG main            d.u.i.k.p.i.AbstractProblemLoader Environment load took 342ns 
37618      INFO  main            d.u.i.k.p.i.AbstractProblemLoader Creating init config 
41474      DEBUG main            d.u.i.k.p.i.AbstractProblemLoader Init config took 3.86s 
41530      INFO  main            d.u.i.k.p.i.AbstractProblemLoader Replaying proof Simple[Simple::addWithTwoBlockContracts(int,int,int)].JML operation contract.0 
41533      DEBUG main            d.u.i.k.p.i.IntermediateProofReplayer Proof replay took 10.6ns 
41838      INFO  main            d.u.i.k.p.r.p.TestFile    ... finished proof: closed. 
42052      INFO  main            d.u.i.k.p.i.AbstractProblemLoader Loading environment from /home/runner/work/key/key/key.core/../key.ui/examples/heap/block_contracts/Simple__addWithTwoBlockContracts.key.proof 
42055      DEBUG main            d.u.i.k.p.i.AbstractProblemLoader Environment load took 2.49ms 
42058      INFO  main            d.u.i.k.p.i.AbstractProblemLoader Creating init config 
45819      DEBUG main            d.u.i.k.p.i.AbstractProblemLoader Init config took 3.76s 
45871      INFO  main            d.u.i.k.p.i.AbstractProblemLoader Replaying proof Simple[Simple::addWithTwoBlockContracts(int,int,int)].JML operation contract.0 
45945      DEBUG main            d.u.i.k.p.i.IntermediateProofReplayer Proof replay took 70.01ms 
45947      DEBUG main            d.u.i.k.p.r.p.TestFile    ... success: reloaded. 
45948      INFO  main            d.u.i.k.p.r.p.TestFile    Now processing file /home/runner/work/key/key/key.core/../key.ui/examples/heap/block_contracts/Simple__generateByteArray.key 
45949      INFO  main            d.u.i.k.p.i.AbstractProblemLoader Loading environment from /home/runner/work/key/key/key.core/../key.ui/examples/heap/block_contracts/Simple__generateByteArray.key 
45949      DEBUG main            d.u.i.k.p.i.AbstractProblemLoader Environment load took 240.6ns 
45950      INFO  main            d.u.i.k.p.i.AbstractProblemLoader Creating init config 
50014      DEBUG main            d.u.i.k.p.i.AbstractProblemLoader Init config took 4.06s 
50077      INFO  main            d.u.i.k.p.i.AbstractProblemLoader Replaying proof Simple[Simple::generateByteArray()].JML normal_behavior operation contract.0 
50080      DEBUG main            d.u.i.k.p.i.IntermediateProofReplayer Proof replay took 26.2ns 
52492      INFO  main            d.u.i.k.p.r.p.TestFile    ... finished proof: closed. 
52769      INFO  main            d.u.i.k.p.i.AbstractProblemLoader Loading environment from /home/runner/work/key/key/key.core/../key.ui/examples/heap/block_contracts/Simple__generateByteArray.key.proof 
52772      DEBUG main            d.u.i.k.p.i.AbstractProblemLoader Environment load took 3.57ms 
52774      INFO  main            d.u.i.k.p.i.AbstractProblemLoader Creating init config 
56733      DEBUG main            d.u.i.k.p.i.AbstractProblemLoader Init config took 3.96s 
56786      INFO  main            d.u.i.k.p.i.AbstractProblemLoader Replaying proof Simple[Simple::generateByteArray()].JML normal_behavior operation contract.0 
57100      DEBUG main            d.u.i.k.p.i.IntermediateProofReplayer Proof replay took 295.02ms 
57102      DEBUG main            d.u.i.k.p.r.p.TestFile    ... success: reloaded. 
57104      INFO  main            d.u.i.k.p.r.p.TestFile    Now processing file /home/runner/work/key/key/key.core/../key.ui/examples/heap/block_contracts/Simple__getLength.key 
57105      INFO  main            d.u.i.k.p.i.AbstractProblemLoader Loading environment from /home/runner/work/key/key/key.core/../key.ui/examples/heap/block_contracts/Simple__getLength.key 
57105      DEBUG main            d.u.i.k.p.i.AbstractProblemLoader Environment load took 310.6ns 
57106      INFO  main            d.u.i.k.p.i.AbstractProblemLoader Creating init config 
60948      DEBUG main            d.u.i.k.p.i.AbstractProblemLoader Init config took 3.84s 
61004      INFO  main            d.u.i.k.p.i.AbstractProblemLoader Replaying proof Simple[Simple::getLength()].JML normal_behavior operation contract.0 
61007      DEBUG main            d.u.i.k.p.i.IntermediateProofReplayer Proof replay took 13.4ns 
61109      INFO  main            d.u.i.k.p.r.p.TestFile    ... finished proof: closed. 
61355      INFO  main            d.u.i.k.p.i.AbstractProblemLoader Loading environment from /home/runner/work/key/key/key.core/../key.ui/examples/heap/block_contracts/Simple__getLength.key.proof 
61356      DEBUG main            d.u.i.k.p.i.AbstractProblemLoader Environment load took 168.9ns 
61357      INFO  main            d.u.i.k.p.i.AbstractProblemLoader Creating init config 
65307      DEBUG main            d.u.i.k.p.i.AbstractProblemLoader Init config took 3.95s 
65359      INFO  main            d.u.i.k.p.i.AbstractProblemLoader Replaying proof Simple[Simple::getLength()].JML normal_behavior operation contract.0 
65370      DEBUG main            d.u.i.k.p.i.IntermediateProofReplayer Proof replay took 8.02ms 
65371      DEBUG main            d.u.i.k.p.r.p.TestFile    ... success: reloaded. 
65373      INFO  main            d.u.i.k.p.r.p.TestFile    Now processing file /home/runner/work/key/key/key.core/../key.ui/examples/heap/block_contracts/Simple__square.key 
65373      INFO  main            d.u.i.k.p.i.AbstractProblemLoader Loading environment from /home/runner/work/key/key/key.core/../key.ui/examples/heap/block_contracts/Simple__square.key 
65374      DEBUG main            d.u.i.k.p.i.AbstractProblemLoader Environment load took 359.5ns 
65375      INFO  main            d.u.i.k.p.i.AbstractProblemLoader Creating init config 
69313      DEBUG main            d.u.i.k.p.i.AbstractProblemLoader Init config took 3.94s 
69363      INFO  main            d.u.i.k.p.i.AbstractProblemLoader Replaying proof Simple[Simple::square(int)].JML operation contract.0 
69365      DEBUG main            d.u.i.k.p.i.IntermediateProofReplayer Proof replay took 12.7ns 
69873      INFO  main            d.u.i.k.p.r.p.TestFile    ... finished proof: closed. 
70104      INFO  main            d.u.i.k.p.i.AbstractProblemLoader Loading environment from /home/runner/work/key/key/key.core/../key.ui/examples/heap/block_contracts/Simple__square.key.proof 
70104      DEBUG main            d.u.i.k.p.i.AbstractProblemLoader Environment load took 159.8ns 
70106      INFO  main            d.u.i.k.p.i.AbstractProblemLoader Creating init config 
73727      DEBUG main            d.u.i.k.p.i.AbstractProblemLoader Init config took 3.62s 
73789      INFO  main            d.u.i.k.p.i.AbstractProblemLoader Replaying proof Simple[Simple::square(int)].JML operation contract.0 
73903      DEBUG main            d.u.i.k.p.i.IntermediateProofReplayer Proof replay took 109.48ms 
73904      DEBUG main            d.u.i.k.p.r.p.TestFile    ... success: reloaded. 
73906      INFO  main            d.u.i.k.p.r.p.TestFile    Now processing file /home/runner/work/key/key/key.core/../key.ui/examples/heap/block_contracts/Simple__unnecessaryBlockContract.key 
73906      INFO  main            d.u.i.k.p.i.AbstractProblemLoader Loading environment from /home/runner/work/key/key/key.core/../key.ui/examples/heap/block_contracts/Simple__unnecessaryBlockContract.key 
73907      DEBUG main            d.u.i.k.p.i.AbstractProblemLoader Environment load took 293.9ns 
73908      INFO  main            d.u.i.k.p.i.AbstractProblemLoader Creating init config 
78006      DEBUG main            d.u.i.k.p.i.AbstractProblemLoader Init config took 4.1s 
78057      INFO  main            d.u.i.k.p.i.AbstractProblemLoader Replaying proof Simple[Simple::unnecessaryBlockContract()].JML operation contract.0 
78060      DEBUG main            d.u.i.k.p.i.IntermediateProofReplayer Proof replay took 32.1ns 
78163      INFO  main            d.u.i.k.p.r.p.TestFile    ... finished proof: closed. 
78414      INFO  main            d.u.i.k.p.i.AbstractProblemLoader Loading environment from /home/runner/work/key/key/key.core/../key.ui/examples/heap/block_contracts/Simple__unnecessaryBlockContract.key.proof 
78415      DEBUG main            d.u.i.k.p.i.AbstractProblemLoader Environment load took 688.3ns 
78416      INFO  main            d.u.i.k.p.i.AbstractProblemLoader Creating init config 
82125      DEBUG main            d.u.i.k.p.i.AbstractProblemLoader Init config took 3.71s 
82198      INFO  main            d.u.i.k.p.i.AbstractProblemLoader Replaying proof Simple[Simple::unnecessaryBlockContract()].JML operation contract.0 
82224      DEBUG main            d.u.i.k.p.i.IntermediateProofReplayer Proof replay took 23.68ms 
82225      DEBUG main            d.u.i.k.p.r.p.TestFile    ... success: reloaded. 
82227      INFO  main            d.u.i.k.p.r.p.TestFile    Now processing file /home/runner/work/key/key/key.core/../key.ui/examples/heap/block_contracts/Simple__unnecessaryLoopInvariant.key 
82227      INFO  main            d.u.i.k.p.i.AbstractProblemLoader Loading environment from /home/runner/work/key/key/key.core/../key.ui/examples/heap/block_contracts/Simple__unnecessaryLoopInvariant.key 
82227      DEBUG main            d.u.i.k.p.i.AbstractProblemLoader Environment load took 121.3ns 
82229      INFO  main            d.u.i.k.p.i.AbstractProblemLoader Creating init config 
86253      DEBUG main            d.u.i.k.p.i.AbstractProblemLoader Init config took 4.02s 
86312      INFO  main            d.u.i.k.p.i.AbstractProblemLoader Replaying proof Simple[Simple::unnecessaryLoopInvariant()].JML operation contract.0 
86316      DEBUG main            d.u.i.k.p.i.IntermediateProofReplayer Proof replay took 13.6ns 
86418      INFO  main            d.u.i.k.p.r.p.TestFile    ... finished proof: closed. 
86673      INFO  main            d.u.i.k.p.i.AbstractProblemLoader Loading environment from /home/runner/work/key/key/key.core/../key.ui/examples/heap/block_contracts/Simple__unnecessaryLoopInvariant.key.proof 
86673      DEBUG main            d.u.i.k.p.i.AbstractProblemLoader Environment load took 147.1ns 
86675      INFO  main            d.u.i.k.p.i.AbstractProblemLoader Creating init config 
90559      DEBUG main            d.u.i.k.p.i.AbstractProblemLoader Init config took 3.88s 
90616      INFO  main            d.u.i.k.p.i.AbstractProblemLoader Replaying proof Simple[Simple::unnecessaryLoopInvariant()].JML operation contract.0 
90646      DEBUG main            d.u.i.k.p.i.IntermediateProofReplayer Proof replay took 24.29ms 
90648      DEBUG main            d.u.i.k.p.r.p.TestFile    ... success: reloaded. 
90656      INFO  main            d.u.i.k.p.r.p.TestFile    Now processing file /home/runner/work/key/key/key.core/../key.ui/examples/standard_key/java_dl/jml-assert/assert.key 
90656      INFO  main            d.u.i.k.p.i.AbstractProblemLoader Loading environment from /home/runner/work/key/key/key.core/../key.ui/examples/standard_key/java_dl/jml-assert/assert.key 
90657      DEBUG main            d.u.i.k.p.i.AbstractProblemLoader Environment load took 973.21ns 
90659      INFO  main            d.u.i.k.p.i.AbstractProblemLoader Creating init config 
94023      DEBUG main            d.u.i.k.p.i.AbstractProblemLoader Init config took 3.36s 
94081      INFO  main            d.u.i.k.p.i.AbstractProblemLoader Replaying proof Assert[Assert::createArray(int)].JML normal_behavior operation contract.0 
94084      DEBUG main            d.u.i.k.p.i.IntermediateProofReplayer Proof replay took 7.7ns 
94387      INFO  main            d.u.i.k.p.r.p.TestFile    ... finished proof: closed. 
94631      INFO  main            d.u.i.k.p.i.AbstractProblemLoader Loading environment from /home/runner/work/key/key/key.core/../key.ui/examples/standard_key/java_dl/jml-assert/assert.key.proof 
94632      DEBUG main            d.u.i.k.p.i.AbstractProblemLoader Environment load took 632.2ns 
94633      INFO  main            d.u.i.k.p.i.AbstractProblemLoader Creating init config 
97905      DEBUG main            d.u.i.k.p.i.AbstractProblemLoader Init config took 3.27s 
97965      INFO  main            d.u.i.k.p.i.AbstractProblemLoader Replaying proof Assert[Assert::createArray(int)].JML normal_behavior operation contract.0 
98030      DEBUG main            d.u.i.k.p.i.IntermediateProofReplayer Proof replay took 61.63ms 
98033      DEBUG main            d.u.i.k.p.r.p.TestFile    ... success: reloaded. 
98035      INFO  main            d.u.i.k.p.r.p.TestFile    Now processing file /home/runner/work/key/key/key.core/../key.ui/examples/standard_key/java_dl/jml-assert/assert_assume_order.key 
98036      INFO  main            d.u.i.k.p.i.AbstractProblemLoader Loading environment from /home/runner/work/key/key/key.core/../key.ui/examples/standard_key/java_dl/jml-assert/assert_assume_order.key 
98036      DEBUG main            d.u.i.k.p.i.AbstractProblemLoader Environment load took 341.7ns 
98037      INFO  main            d.u.i.k.p.i.AbstractProblemLoader Creating init config 
101540     DEBUG main            d.u.i.k.p.i.AbstractProblemLoader Init config took 3.5s 
101596     INFO  main            d.u.i.k.p.i.AbstractProblemLoader Replaying proof AssertAssume[AssertAssume::singleAssumeAssert(int)].JML normal_behavior operation contract.0 
101598     DEBUG main            d.u.i.k.p.i.IntermediateProofReplayer Proof replay took 8.6ns 
101708     INFO  main            d.u.i.k.p.r.p.TestFile    ... finished proof: closed. 
101963     INFO  main            d.u.i.k.p.i.AbstractProblemLoader Loading environment from /home/runner/work/key/key/key.core/../key.ui/examples/standard_key/java_dl/jml-assert/assert_assume_order.key.proof 
101963     DEBUG main            d.u.i.k.p.i.AbstractProblemLoader Environment load took 141.3ns 
101965     INFO  main            d.u.i.k.p.i.AbstractProblemLoader Creating init config 
105332     DEBUG main            d.u.i.k.p.i.AbstractProblemLoader Init config took 3.37s 
105377     INFO  main            d.u.i.k.p.i.AbstractProblemLoader Replaying proof AssertAssume[AssertAssume::singleAssumeAssert(int)].JML normal_behavior operation contract.0 
105389     DEBUG main            d.u.i.k.p.i.IntermediateProofReplayer Proof replay took 9.61ms 
105391     DEBUG main            d.u.i.k.p.r.p.TestFile    ... success: reloaded. 
105393     INFO  main            d.u.i.k.p.r.p.TestFile    Now processing file /home/runner/work/key/key/key.core/../key.ui/examples/heap/block_loop_contracts/SimpleVariants/sum_onBlock_external.key 
105393     INFO  main            d.u.i.k.p.i.AbstractProblemLoader Loading environment from /home/runner/work/key/key/key.core/../key.ui/examples/heap/block_loop_contracts/SimpleVariants/sum_onBlock_external.key 
105393     DEBUG main            d.u.i.k.p.i.AbstractProblemLoader Environment load took 150.8ns 
105395     INFO  main            d.u.i.k.p.i.AbstractProblemLoader Creating init config 
109260     DEBUG main            d.u.i.k.p.i.AbstractProblemLoader Init config took 3.86s 
109328     INFO  main            d.u.i.k.p.i.AbstractProblemLoader Replaying proof LoopContractExamplesAll[LoopContractExamplesAll::sum_loopContract_onBlock([I)].JML normal_behavior operation contract.0 
109331     DEBUG main            d.u.i.k.p.i.IntermediateProofReplayer Proof replay took 12.9ns 
109535     INFO  main            d.u.i.k.p.r.p.TestFile    ... finished proof: closed. 
109847     INFO  main            d.u.i.k.p.i.AbstractProblemLoader Loading environment from /home/runner/work/key/key/key.core/../key.ui/examples/heap/block_loop_contracts/SimpleVariants/sum_onBlock_external.key.proof 
109847     DEBUG main            d.u.i.k.p.i.AbstractProblemLoader Environment load took 149.9ns 
109849     INFO  main            d.u.i.k.p.i.AbstractProblemLoader Creating init config 
113562     DEBUG main            d.u.i.k.p.i.AbstractProblemLoader Init config took 3.71s 
113607     INFO  main            d.u.i.k.p.i.AbstractProblemLoader Replaying proof LoopContractExamplesAll[LoopContractExamplesAll::sum_loopContract_onBlock([I)].JML normal_behavior operation contract.0 
113650     DEBUG main            d.u.i.k.p.i.IntermediateProofReplayer Proof replay took 40.72ms 
113651     DEBUG main            d.u.i.k.p.r.p.TestFile    ... success: reloaded. 
113652     INFO  main            d.u.i.k.p.r.p.TestFile    Now processing file /home/runner/work/key/key/key.core/../key.ui/examples/heap/block_loop_contracts/SimpleVariants/sum_onBlock_internal.key 
113653     INFO  main            d.u.i.k.p.i.AbstractProblemLoader Loading environment from /home/runner/work/key/key/key.core/../key.ui/examples/heap/block_loop_contracts/SimpleVariants/sum_onBlock_internal.key 
113653     DEBUG main            d.u.i.k.p.i.AbstractProblemLoader Environment load took 138ns 
113654     INFO  main            d.u.i.k.p.i.AbstractProblemLoader Creating init config 
117458     DEBUG main            d.u.i.k.p.i.AbstractProblemLoader Init config took 3.8s 
117501     INFO  main            d.u.i.k.p.i.AbstractProblemLoader Replaying proof LoopContractExamplesAll[LoopContractExamplesAll::sum_loopContract_onBlock([I)].JML normal_behavior operation contract.0 
117504     DEBUG main            d.u.i.k.p.i.IntermediateProofReplayer Proof replay took 14.8ns 
118314     INFO  main            d.u.i.k.p.r.p.TestFile    ... finished proof: closed. 
118640     INFO  main            d.u.i.k.p.i.AbstractProblemLoader Loading environment from /home/runner/work/key/key/key.core/../key.ui/examples/heap/block_loop_contracts/SimpleVariants/sum_onBlock_internal.key.proof 
118640     DEBUG main            d.u.i.k.p.i.AbstractProblemLoader Environment load took 169ns 
118641     INFO  main            d.u.i.k.p.i.AbstractProblemLoader Creating init config 
122380     DEBUG main            d.u.i.k.p.i.AbstractProblemLoader Init config took 3.74s 
122420     INFO  main            d.u.i.k.p.i.AbstractProblemLoader Replaying proof LoopContractExamplesAll[LoopContractExamplesAll::sum_loopContract_onBlock([I)].JML normal_behavior operation contract.0 
122669     DEBUG main            d.u.i.k.p.i.IntermediateProofReplayer Proof replay took 245.28ms 
122671     DEBUG main            d.u.i.k.p.r.p.TestFile    ... success: reloaded. 
122672     INFO  main            d.u.i.k.p.r.p.TestFile    Now processing file /home/runner/work/key/key/key.core/../key.ui/examples/heap/block_loop_contracts/SimpleVariants/sum_onBlock_loop.key 
122672     INFO  main            d.u.i.k.p.i.AbstractProblemLoader Loading environment from /home/runner/work/key/key/key.core/../key.ui/examples/heap/block_loop_contracts/SimpleVariants/sum_onBlock_loop.key 
122673     DEBUG main            d.u.i.k.p.i.AbstractProblemLoader Environment load took 381.9ns 
122674     INFO  main            d.u.i.k.p.i.AbstractProblemLoader Creating init config 
126433     DEBUG main            d.u.i.k.p.i.AbstractProblemLoader Init config took 3.76s 
126478     INFO  main            d.u.i.k.p.i.AbstractProblemLoader Replaying proof LoopContractExamplesAll[LoopContractExamplesAll::sum_loopContract_onBlock([I)].JML normal_behavior loop contract.0 
126481     DEBUG main            d.u.i.k.p.i.IntermediateProofReplayer Proof replay took 14.8ns 
127386     INFO  main            d.u.i.k.p.r.p.TestFile    ... finished proof: closed. 
127840     INFO  main            d.u.i.k.p.i.AbstractProblemLoader Loading environment from /home/runner/work/key/key/key.core/../key.ui/examples/heap/block_loop_contracts/SimpleVariants/sum_onBlock_loop.key.proof 
127840     DEBUG main            d.u.i.k.p.i.AbstractProblemLoader Environment load took 757.21ns 
127842     INFO  main            d.u.i.k.p.i.AbstractProblemLoader Creating init config 
131460     DEBUG main            d.u.i.k.p.i.AbstractProblemLoader Init config took 3.62s 
131515     INFO  main            d.u.i.k.p.i.AbstractProblemLoader Replaying proof LoopContractExamplesAll[LoopContractExamplesAll::sum_loopContract_onBlock([I)].JML normal_behavior loop contract.0 
131839     DEBUG main            d.u.i.k.p.i.IntermediateProofReplayer Proof replay took 318.7ms 
131840     DEBUG main            d.u.i.k.p.r.p.TestFile    ... success: reloaded. 
131842     INFO  main            d.u.i.k.p.r.p.TestFile    Now processing file /home/runner/work/key/key/key.core/../key.ui/examples/heap/block_loop_contracts/SimpleVariants/sum_onLoop_external.key 
131842     INFO  main            d.u.i.k.p.i.AbstractProblemLoader Loading environment from /home/runner/work/key/key/key.core/../key.ui/examples/heap/block_loop_contracts/SimpleVariants/sum_onLoop_external.key 
131842     DEBUG main            d.u.i.k.p.i.AbstractProblemLoader Environment load took 192.2ns 
131844     INFO  main            d.u.i.k.p.i.AbstractProblemLoader Creating init config 
135602     DEBUG main            d.u.i.k.p.i.AbstractProblemLoader Init config took 3.76s 
135644     INFO  main            d.u.i.k.p.i.AbstractProblemLoader Replaying proof LoopContractExamplesAll[LoopContractExamplesAll::sum_loopContract_onLoop([I)].JML normal_behavior operation contract.0 
135647     DEBUG main            d.u.i.k.p.i.IntermediateProofReplayer Proof replay took 15.1ns 
135852     INFO  main            d.u.i.k.p.r.p.TestFile    ... finished proof: closed. 
136268     INFO  main            d.u.i.k.p.i.AbstractProblemLoader Loading environment from /home/runner/work/key/key/key.core/../key.ui/examples/heap/block_loop_contracts/SimpleVariants/sum_onLoop_external.key.proof 
136268     DEBUG main            d.u.i.k.p.i.AbstractProblemLoader Environment load took 140.5ns 
136269     INFO  main            d.u.i.k.p.i.AbstractProblemLoader Creating init config 
139997     DEBUG main            d.u.i.k.p.i.AbstractProblemLoader Init config took 3.73s 
140039     INFO  main            d.u.i.k.p.i.AbstractProblemLoader Replaying proof LoopContractExamplesAll[LoopContractExamplesAll::sum_loopContract_onLoop([I)].JML normal_behavior operation contract.0 
140078     DEBUG main            d.u.i.k.p.i.IntermediateProofReplayer Proof replay took 36.59ms 
140079     DEBUG main            d.u.i.k.p.r.p.TestFile    ... success: reloaded. 
140081     INFO  main            d.u.i.k.p.r.p.TestFile    Now processing file /home/runner/work/key/key/key.core/../key.ui/examples/heap/block_loop_contracts/SimpleVariants/sum_onLoop_internal.key 
140081     INFO  main            d.u.i.k.p.i.AbstractProblemLoader Loading environment from /home/runner/work/key/key/key.core/../key.ui/examples/heap/block_loop_contracts/SimpleVariants/sum_onLoop_internal.key 
140081     DEBUG main            d.u.i.k.p.i.AbstractProblemLoader Environment load took 115ns 
140082     INFO  main            d.u.i.k.p.i.AbstractProblemLoader Creating init config 
143927     DEBUG main            d.u.i.k.p.i.AbstractProblemLoader Init config took 3.84s 
143970     INFO  main            d.u.i.k.p.i.AbstractProblemLoader Replaying proof LoopContractExamplesAll[LoopContractExamplesAll::sum_loopContract_onLoop([I)].JML normal_behavior operation contract.0 
143973     DEBUG main            d.u.i.k.p.i.IntermediateProofReplayer Proof replay took 14.9ns 
144776     INFO  main            d.u.i.k.p.r.p.TestFile    ... finished proof: closed. 
145204     INFO  main            d.u.i.k.p.i.AbstractProblemLoader Loading environment from /home/runner/work/key/key/key.core/../key.ui/examples/heap/block_loop_contracts/SimpleVariants/sum_onLoop_internal.key.proof 
145204     DEBUG main            d.u.i.k.p.i.AbstractProblemLoader Environment load took 699.4ns 
145206     INFO  main            d.u.i.k.p.i.AbstractProblemLoader Creating init config 
149092     DEBUG main            d.u.i.k.p.i.AbstractProblemLoader Init config took 3.89s 
149146     INFO  main            d.u.i.k.p.i.AbstractProblemLoader Replaying proof LoopContractExamplesAll[LoopContractExamplesAll::sum_loopContract_onLoop([I)].JML normal_behavior operation contract.0 
149432     DEBUG main            d.u.i.k.p.i.IntermediateProofReplayer Proof replay took 265.68ms 
149434     DEBUG main            d.u.i.k.p.r.p.TestFile    ... success: reloaded. 
149436     INFO  main            d.u.i.k.p.r.p.TestFile    Now processing file /home/runner/work/key/key/key.core/../key.ui/examples/heap/block_loop_contracts/SimpleVariants/sum_onLoop_loop.key 
149437     INFO  main            d.u.i.k.p.i.AbstractProblemLoader Loading environment from /home/runner/work/key/key/key.core/../key.ui/examples/heap/block_loop_contracts/SimpleVariants/sum_onLoop_loop.key 
149437     DEBUG main            d.u.i.k.p.i.AbstractProblemLoader Environment load took 291.6ns 
149439     INFO  main            d.u.i.k.p.i.AbstractProblemLoader Creating init config 
153331     DEBUG main            d.u.i.k.p.i.AbstractProblemLoader Init config took 3.89s 
153378     INFO  main            d.u.i.k.p.i.AbstractProblemLoader Replaying proof LoopContractExamplesAll[LoopContractExamplesAll::sum_loopContract_onLoop([I)].JML normal_behavior loop contract.0 
153381     DEBUG main            d.u.i.k.p.i.IntermediateProofReplayer Proof replay took 30.4ns 
154290     INFO  main            d.u.i.k.p.r.p.TestFile    ... finished proof: closed. 
154694     INFO  main            d.u.i.k.p.i.AbstractProblemLoader Loading environment from /home/runner/work/key/key/key.core/../key.ui/examples/heap/block_loop_contracts/SimpleVariants/sum_onLoop_loop.key.proof 
154694     DEBUG main            d.u.i.k.p.i.AbstractProblemLoader Environment load took 698.01ns 
154696     INFO  main            d.u.i.k.p.i.AbstractProblemLoader Creating init config 
158331     DEBUG main            d.u.i.k.p.i.AbstractProblemLoader Init config took 3.64s 
158391     INFO  main            d.u.i.k.p.i.AbstractProblemLoader Replaying proof LoopContractExamplesAll[LoopContractExamplesAll::sum_loopContract_onLoop([I)].JML normal_behavior loop contract.0 
158631     DEBUG main            d.u.i.k.p.i.IntermediateProofReplayer Proof replay took 235.49ms 
158633     DEBUG main            d.u.i.k.p.r.p.TestFile    ... success: reloaded. 
158634     INFO  main            d.u.i.k.p.r.p.TestFile    Now processing file /home/runner/work/key/key/key.core/../key.ui/examples/heap/block_loop_contracts/Free/blockContracts0.key 
158635     INFO  main            d.u.i.k.p.i.AbstractProblemLoader Loading environment from /home/runner/work/key/key/key.core/../key.ui/examples/heap/block_loop_contracts/Free/blockContracts0.key 
158635     DEBUG main            d.u.i.k.p.i.AbstractProblemLoader Environment load took 351.9ns 
158636     INFO  main            d.u.i.k.p.i.AbstractProblemLoader Creating init config 
161923     DEBUG main            d.u.i.k.p.i.AbstractProblemLoader Init config took 3.29s 
161964     INFO  main            d.u.i.k.p.i.AbstractProblemLoader Replaying proof FreeConditions[FreeConditions::blockContract0()].JML normal_behavior operation contract.0 
161966     DEBUG main            d.u.i.k.p.i.IntermediateProofReplayer Proof replay took 16.2ns 
162069     INFO  main            d.u.i.k.p.r.p.TestFile    ... finished proof: closed. 
162443     INFO  main            d.u.i.k.p.i.AbstractProblemLoader Loading environment from /home/runner/work/key/key/key.core/../key.ui/examples/heap/block_loop_contracts/Free/blockContracts0.key.proof 
162444     DEBUG main            d.u.i.k.p.i.AbstractProblemLoader Environment load took 131.4ns 
162445     INFO  main            d.u.i.k.p.i.AbstractProblemLoader Creating init config 
165705     DEBUG main            d.u.i.k.p.i.AbstractProblemLoader Init config took 3.26s 
165745     INFO  main            d.u.i.k.p.i.AbstractProblemLoader Replaying proof FreeConditions[FreeConditions::blockContract0()].JML normal_behavior operation contract.0 
165771     DEBUG main            d.u.i.k.p.i.IntermediateProofReplayer Proof replay took 23.81ms 
165773     DEBUG main            d.u.i.k.p.r.p.TestFile    ... success: reloaded. 
165774     INFO  main            d.u.i.k.p.r.p.TestFile    Now processing file /home/runner/work/key/key/key.core/../key.ui/examples/heap/block_loop_contracts/Free/blockContracts1.key 
165774     INFO  main            d.u.i.k.p.i.AbstractProblemLoader Loading environment from /home/runner/work/key/key/key.core/../key.ui/examples/heap/block_loop_contracts/Free/blockContracts1.key 
165774     DEBUG main            d.u.i.k.p.i.AbstractProblemLoader Environment load took 142.3ns 
165775     INFO  main            d.u.i.k.p.i.AbstractProblemLoader Creating init config 
169028     DEBUG main            d.u.i.k.p.i.AbstractProblemLoader Init config took 3.25s 
169089     INFO  main            d.u.i.k.p.i.AbstractProblemLoader Replaying proof FreeConditions[FreeConditions::blockContract1()].JML normal_behavior operation contract.0 
169091     DEBUG main            d.u.i.k.p.i.IntermediateProofReplayer Proof replay took 15.9ns 
169196     INFO  main            d.u.i.k.p.r.p.TestFile    ... finished proof: closed. 
169552     INFO  main            d.u.i.k.p.i.AbstractProblemLoader Loading environment from /home/runner/work/key/key/key.core/../key.ui/examples/heap/block_loop_contracts/Free/blockContracts1.key.proof 
169552     DEBUG main            d.u.i.k.p.i.AbstractProblemLoader Environment load took 134.3ns 
169553     INFO  main            d.u.i.k.p.i.AbstractProblemLoader Creating init config 
172752     DEBUG main            d.u.i.k.p.i.AbstractProblemLoader Init config took 3.2s 
172793     INFO  main            d.u.i.k.p.i.AbstractProblemLoader Replaying proof FreeConditions[FreeConditions::blockContract1()].JML normal_behavior operation contract.0 
172817     DEBUG main            d.u.i.k.p.i.IntermediateProofReplayer Proof replay took 21.63ms 
172819     DEBUG main            d.u.i.k.p.r.p.TestFile    ... success: reloaded. 
172820     INFO  main            d.u.i.k.p.r.p.TestFile    Now processing file /home/runner/work/key/key/key.core/../key.ui/examples/heap/block_loop_contracts/Finally/block_finally.key 
172820     INFO  main            d.u.i.k.p.i.AbstractProblemLoader Loading environment from /home/runner/work/key/key/key.core/../key.ui/examples/heap/block_loop_contracts/Finally/block_finally.key 
172820     DEBUG main            d.u.i.k.p.i.AbstractProblemLoader Environment load took 142.9ns 
172822     INFO  main            d.u.i.k.p.i.AbstractProblemLoader Creating init config 
176128     DEBUG main            d.u.i.k.p.i.AbstractProblemLoader Init config took 3.31s 
176172     INFO  main            d.u.i.k.p.i.AbstractProblemLoader Replaying proof AuxiliaryContractsFinally[AuxiliaryContractsFinally::breakThrowContinueBlockContract(java.lang.Exception)].JML block contract.0 
176174     DEBUG main            d.u.i.k.p.i.IntermediateProofReplayer Proof replay took 30ns 
176779     INFO  main            d.u.i.k.p.r.p.TestFile    ... finished proof: open goal(s) 
177140     INFO  main            d.u.i.k.p.r.p.TestFile    Now processing file /home/runner/work/key/key/key.core/../key.ui/examples/heap/block_loop_contracts/Finally/loop_finally.key 
177140     INFO  main            d.u.i.k.p.i.AbstractProblemLoader Loading environment from /home/runner/work/key/key/key.core/../key.ui/examples/heap/block_loop_contracts/Finally/loop_finally.key 
177140     DEBUG main            d.u.i.k.p.i.AbstractProblemLoader Environment load took 87.3ns 
177142     INFO  main            d.u.i.k.p.i.AbstractProblemLoader Creating init config 
180296     DEBUG main            d.u.i.k.p.i.AbstractProblemLoader Init config took 3.15s 
180342     INFO  main            d.u.i.k.p.i.AbstractProblemLoader Replaying proof AuxiliaryContractsFinally[AuxiliaryContractsFinally::breakThrowContinueLoopContract(java.lang.Exception)].JML normal_behavior loop contract.0 
180345     DEBUG main            d.u.i.k.p.i.IntermediateProofReplayer Proof replay took 13.1ns 
181064     INFO  main            d.u.i.k.p.r.p.TestFile    ... finished proof: open goal(s) 
823779     INFO  Test worker     d.u.i.k.p.r.RunAllProofsTestUnit Returning from test blockContracts 
823780     INFO  Test worker     d.u.i.k.p.r.RunAllProofsTestUnit Running test jmlAsserts 
490        INFO  Timeout watchdog d.u.i.k.p.r.p.ForkedTestFileRunner Timeout watcher launched (2000 secs.) 
509        WARN  main            d.u.i.k.s.ProofSettings   The settings in /home/runner/.key/proof-settings.props are *not* read. 
545        INFO  main            d.u.i.k.p.r.p.TestFile    Now processing file /home/runner/work/key/key/key.core/../key.ui/examples/standard_key/java_dl/jml-assert/assert.key 
683        INFO  main            d.u.i.k.p.i.AbstractProblemLoader Loading environment from /home/runner/work/key/key/key.core/../key.ui/examples/standard_key/java_dl/jml-assert/assert.key 
713        DEBUG main            d.u.i.k.p.i.AbstractProblemLoader Environment load took 4.52ms 
996        INFO  main            d.u.i.k.p.i.AbstractProblemLoader Creating init config 
2269       DEBUG main            d.u.i.k.j.TypeConverter   No LDT found for Meta 
2270       DEBUG main            d.u.i.k.j.TypeConverter   No LDT found for Meta 
2274       DEBUG main            d.u.i.k.j.TypeConverter   No LDT found for Meta 
2275       DEBUG main            d.u.i.k.j.TypeConverter   No LDT found for Meta 
4607       DEBUG main            d.u.i.k.j.TypeConverter   No LDT found for JavaBigintExpression 
10951      DEBUG main            d.u.i.k.p.i.AbstractProblemLoader Init config took 9.95s 
11125      INFO  main            d.u.i.k.p.i.AbstractProblemLoader Replaying proof Assert[Assert::createArray(int)].JML normal_behavior operation contract.0 
11176      DEBUG main            d.u.i.k.p.i.IntermediateProofReplayer Proof replay took 84.7ns 
12415      INFO  main            d.u.i.k.p.r.p.TestFile    ... finished proof: closed. 
12570      INFO  main            d.u.i.k.p.i.AbstractProblemLoader Loading environment from /home/runner/work/key/key/key.core/../key.ui/examples/standard_key/java_dl/jml-assert/assert.key.proof 
12571      DEBUG main            d.u.i.k.p.i.AbstractProblemLoader Environment load took 1.53ms 
12574      INFO  main            d.u.i.k.p.i.AbstractProblemLoader Creating init config 
16221      DEBUG main            d.u.i.k.p.i.AbstractProblemLoader Init config took 3.65s 
16325      INFO  main            d.u.i.k.p.i.AbstractProblemLoader Replaying proof Assert[Assert::createArray(int)].JML normal_behavior operation contract.0 
16429      DEBUG main            d.u.i.k.p.i.IntermediateProofReplayer Proof replay took 95.93ms 
16438      DEBUG main            d.u.i.k.p.r.p.TestFile    ... success: reloaded. 
16440      INFO  main            d.u.i.k.p.r.p.TestFile    Now processing file /home/runner/work/key/key/key.core/../key.ui/examples/heap/block_loop_contracts/Free/assertions0.key 
16440      INFO  main            d.u.i.k.p.i.AbstractProblemLoader Loading environment from /home/runner/work/key/key/key.core/../key.ui/examples/heap/block_loop_contracts/Free/assertions0.key 
16442      DEBUG main            d.u.i.k.p.i.AbstractProblemLoader Environment load took 1.3ms 
16444      INFO  main            d.u.i.k.p.i.AbstractProblemLoader Creating init config 
19791      DEBUG main            d.u.i.k.p.i.AbstractProblemLoader Init config took 3.35s 
19887      INFO  main            d.u.i.k.p.i.AbstractProblemLoader Replaying proof FreeConditions[FreeConditions::assertions0()].JML normal_behavior operation contract.0 
19892      DEBUG main            d.u.i.k.p.i.IntermediateProofReplayer Proof replay took 16ns 
20095      INFO  main            d.u.i.k.p.r.p.TestFile    ... finished proof: closed. 
20334      INFO  main            d.u.i.k.p.i.AbstractProblemLoader Loading environment from /home/runner/work/key/key/key.core/../key.ui/examples/heap/block_loop_contracts/Free/assertions0.key.proof 
20338      DEBUG main            d.u.i.k.p.i.AbstractProblemLoader Environment load took 4.72ms 
20340      INFO  main            d.u.i.k.p.i.AbstractProblemLoader Creating init config 
23590      DEBUG main            d.u.i.k.p.i.AbstractProblemLoader Init config took 3.25s 
23654      INFO  main            d.u.i.k.p.i.AbstractProblemLoader Replaying proof FreeConditions[FreeConditions::assertions0()].JML normal_behavior operation contract.0 
23694      DEBUG main            d.u.i.k.p.i.IntermediateProofReplayer Proof replay took 36.9ms 
23699      DEBUG main            d.u.i.k.p.r.p.TestFile    ... success: reloaded. 
23701      INFO  main            d.u.i.k.p.r.p.TestFile    Now processing file /home/runner/work/key/key/key.core/../key.ui/examples/heap/block_loop_contracts/Free/assertions1.key 
23702      INFO  main            d.u.i.k.p.i.AbstractProblemLoader Loading environment from /home/runner/work/key/key/key.core/../key.ui/examples/heap/block_loop_contracts/Free/assertions1.key 
23702      DEBUG main            d.u.i.k.p.i.AbstractProblemLoader Environment load took 358.7ns 
23705      INFO  main            d.u.i.k.p.i.AbstractProblemLoader Creating init config 
26939      DEBUG main            d.u.i.k.p.i.AbstractProblemLoader Init config took 3.23s 
27000      INFO  main            d.u.i.k.p.i.AbstractProblemLoader Replaying proof FreeConditions[FreeConditions::assertions1()].JML normal_behavior operation contract.0 
27004      DEBUG main            d.u.i.k.p.i.IntermediateProofReplayer Proof replay took 30.1ns 
27106      INFO  main            d.u.i.k.p.r.p.TestFile    ... finished proof: closed. 
27315      INFO  main            d.u.i.k.p.i.AbstractProblemLoader Loading environment from /home/runner/work/key/key/key.core/../key.ui/examples/heap/block_loop_contracts/Free/assertions1.key.proof 
27315      DEBUG main            d.u.i.k.p.i.AbstractProblemLoader Environment load took 140.4ns 
27317      INFO  main            d.u.i.k.p.i.AbstractProblemLoader Creating init config 
30406      DEBUG main            d.u.i.k.p.i.AbstractProblemLoader Init config took 3.09s 
30480      INFO  main            d.u.i.k.p.i.AbstractProblemLoader Replaying proof FreeConditions[FreeConditions::assertions1()].JML normal_behavior operation contract.0 
30499      DEBUG main            d.u.i.k.p.i.IntermediateProofReplayer Proof replay took 11.59ms 
30500      DEBUG main            d.u.i.k.p.r.p.TestFile    ... success: reloaded. 
30502      INFO  main            d.u.i.k.p.r.p.TestFile    Now processing file /home/runner/work/key/key/key.core/../key.ui/examples/standard_key/java_dl/jml-assert/recursion-assert.key 
30503      INFO  main            d.u.i.k.p.i.AbstractProblemLoader Loading environment from /home/runner/work/key/key/key.core/../key.ui/examples/standard_key/java_dl/jml-assert/recursion-assert.key 
30503      DEBUG main            d.u.i.k.p.i.AbstractProblemLoader Environment load took 296.7ns 
30506      INFO  main            d.u.i.k.p.i.AbstractProblemLoader Creating init config 
33892      DEBUG main            d.u.i.k.p.i.AbstractProblemLoader Init config took 3.39s 
33956      INFO  main            d.u.i.k.p.i.AbstractProblemLoader Replaying proof RecursiveMethod[RecursiveMethod::fac1(int)].JML normal_behavior operation contract.0 
33959      DEBUG main            d.u.i.k.p.i.IntermediateProofReplayer Proof replay took 86.2ns 
34264      INFO  main            d.u.i.k.p.r.p.TestFile    ... finished proof: closed. 
34485      INFO  main            d.u.i.k.p.i.AbstractProblemLoader Loading environment from /home/runner/work/key/key/key.core/../key.ui/examples/standard_key/java_dl/jml-assert/recursion-assert.key.proof 
34486      DEBUG main            d.u.i.k.p.i.AbstractProblemLoader Environment load took 680.8ns 
34488      INFO  main            d.u.i.k.p.i.AbstractProblemLoader Creating init config 
37850      DEBUG main            d.u.i.k.p.i.AbstractProblemLoader Init config took 3.36s 
37905      INFO  main            d.u.i.k.p.i.AbstractProblemLoader Replaying proof RecursiveMethod[RecursiveMethod::fac1(int)].JML normal_behavior operation contract.0 
37957      DEBUG main            d.u.i.k.p.i.IntermediateProofReplayer Proof replay took 48ms 
37959      DEBUG main            d.u.i.k.p.r.p.TestFile    ... success: reloaded. 
37961      INFO  main            d.u.i.k.p.r.p.TestFile    Now processing file /home/runner/work/key/key/key.core/../key.ui/examples/standard_key/java_dl/jml-assert/recursion-assume.key 
37961      INFO  main            d.u.i.k.p.i.AbstractProblemLoader Loading environment from /home/runner/work/key/key/key.core/../key.ui/examples/standard_key/java_dl/jml-assert/recursion-assume.key 
37962      DEBUG main            d.u.i.k.p.i.AbstractProblemLoader Environment load took 285.6ns 
37963      INFO  main            d.u.i.k.p.i.AbstractProblemLoader Creating init config 
41311      DEBUG main            d.u.i.k.p.i.AbstractProblemLoader Init config took 3.35s 
41382      INFO  main            d.u.i.k.p.i.AbstractProblemLoader Replaying proof RecursiveMethod[RecursiveMethod::fac2(int)].JML normal_behavior operation contract.0 
41384      DEBUG main            d.u.i.k.p.i.IntermediateProofReplayer Proof replay took 6.8ns 
41587      INFO  main            d.u.i.k.p.r.p.TestFile    ... finished proof: closed. 
41797      INFO  main            d.u.i.k.p.i.AbstractProblemLoader Loading environment from /home/runner/work/key/key/key.core/../key.ui/examples/standard_key/java_dl/jml-assert/recursion-assume.key.proof 
41797      DEBUG main            d.u.i.k.p.i.AbstractProblemLoader Environment load took 342.4ns 
41799      INFO  main            d.u.i.k.p.i.AbstractProblemLoader Creating init config 
45001      DEBUG main            d.u.i.k.p.i.AbstractProblemLoader Init config took 3.2s 
45056      INFO  main            d.u.i.k.p.i.AbstractProblemLoader Replaying proof RecursiveMethod[RecursiveMethod::fac2(int)].JML normal_behavior operation contract.0 
45142      DEBUG main            d.u.i.k.p.i.IntermediateProofReplayer Proof replay took 81.61ms 
45144      DEBUG main            d.u.i.k.p.r.p.TestFile    ... success: reloaded. 
45145      INFO  main            d.u.i.k.p.r.p.TestFile    Now processing file /home/runner/work/key/key/key.core/../key.ui/examples/standard_key/java_dl/jml-assert/quantor-assert.key 
45146      INFO  main            d.u.i.k.p.i.AbstractProblemLoader Loading environment from /home/runner/work/key/key/key.core/../key.ui/examples/standard_key/java_dl/jml-assert/quantor-assert.key 
45146      DEBUG main            d.u.i.k.p.i.AbstractProblemLoader Environment load took 318.9ns 
45148      INFO  main            d.u.i.k.p.i.AbstractProblemLoader Creating init config 
48520      DEBUG main            d.u.i.k.p.i.AbstractProblemLoader Init config took 3.37s 
48599      INFO  main            d.u.i.k.p.i.AbstractProblemLoader Replaying proof Quantor[Quantor::square1(int)].JML normal_behavior operation contract.0 
48601      DEBUG main            d.u.i.k.p.i.IntermediateProofReplayer Proof replay took 8.1ns 
48704      INFO  main            d.u.i.k.p.r.p.TestFile    ... finished proof: closed. 
48929      INFO  main            d.u.i.k.p.i.AbstractProblemLoader Loading environment from /home/runner/work/key/key/key.core/../key.ui/examples/standard_key/java_dl/jml-assert/quantor-assert.key.proof 
48930      DEBUG main            d.u.i.k.p.i.AbstractProblemLoader Environment load took 173.3ns 
48931      INFO  main            d.u.i.k.p.i.AbstractProblemLoader Creating init config 
52223      DEBUG main            d.u.i.k.p.i.AbstractProblemLoader Init config took 3.29s 
52280      INFO  main            d.u.i.k.p.i.AbstractProblemLoader Replaying proof Quantor[Quantor::square1(int)].JML normal_behavior operation contract.0 
52303      DEBUG main            d.u.i.k.p.i.IntermediateProofReplayer Proof replay took 19.64ms 
52304      DEBUG main            d.u.i.k.p.r.p.TestFile    ... success: reloaded. 
52305      INFO  main            d.u.i.k.p.r.p.TestFile    Now processing file /home/runner/work/key/key/key.core/../key.ui/examples/standard_key/java_dl/jml-assert/quantor-assume.key 
52305      INFO  main            d.u.i.k.p.i.AbstractProblemLoader Loading environment from /home/runner/work/key/key/key.core/../key.ui/examples/standard_key/java_dl/jml-assert/quantor-assume.key 
52306      DEBUG main            d.u.i.k.p.i.AbstractProblemLoader Environment load took 128.1ns 
52307      INFO  main            d.u.i.k.p.i.AbstractProblemLoader Creating init config 
55510      DEBUG main            d.u.i.k.p.i.AbstractProblemLoader Init config took 3.2s 
55562      INFO  main            d.u.i.k.p.i.AbstractProblemLoader Replaying proof Quantor[Quantor::square2(int)].JML normal_behavior operation contract.0 
55564      DEBUG main            d.u.i.k.p.i.IntermediateProofReplayer Proof replay took 8.9ns 
55667      INFO  main            d.u.i.k.p.r.p.TestFile    ... finished proof: closed. 
55948      INFO  main            d.u.i.k.p.i.AbstractProblemLoader Loading environment from /home/runner/work/key/key/key.core/../key.ui/examples/standard_key/java_dl/jml-assert/quantor-assume.key.proof 
55948      DEBUG main            d.u.i.k.p.i.AbstractProblemLoader Environment load took 130.5ns 
55949      INFO  main            d.u.i.k.p.i.AbstractProblemLoader Creating init config 
58985      DEBUG main            d.u.i.k.p.i.AbstractProblemLoader Init config took 3.04s 
59051      INFO  main            d.u.i.k.p.i.AbstractProblemLoader Replaying proof Quantor[Quantor::square2(int)].JML normal_behavior operation contract.0 
59075      DEBUG main            d.u.i.k.p.i.IntermediateProofReplayer Proof replay took 19.99ms 
59077      DEBUG main            d.u.i.k.p.r.p.TestFile    ... success: reloaded. 
59079      INFO  main            d.u.i.k.p.r.p.TestFile    Now processing file /home/runner/work/key/key/key.core/../key.ui/examples/standard_key/java_dl/jml-assert/model-methods-static-static.key 
59080      INFO  main            d.u.i.k.p.i.AbstractProblemLoader Loading environment from /home/runner/work/key/key/key.core/../key.ui/examples/standard_key/java_dl/jml-assert/model-methods-static-static.key 
59080      DEBUG main            d.u.i.k.p.i.AbstractProblemLoader Environment load took 274.1ns 
59081      INFO  main            d.u.i.k.p.i.AbstractProblemLoader Creating init config 
62258      DEBUG main            d.u.i.k.p.i.AbstractProblemLoader Init config took 3.18s 
62306      INFO  main            d.u.i.k.p.i.AbstractProblemLoader Replaying proof ModelMethods[ModelMethods::test1()].JML normal_behavior operation contract.0 
62308      DEBUG main            d.u.i.k.p.i.IntermediateProofReplayer Proof replay took 8.7ns 
62411      INFO  main            d.u.i.k.p.r.p.TestFile    ... finished proof: closed. 
62624      INFO  main            d.u.i.k.p.i.AbstractProblemLoader Loading environment from /home/runner/work/key/key/key.core/../key.ui/examples/standard_key/java_dl/jml-assert/model-methods-static-static.key.proof 
62625      DEBUG main            d.u.i.k.p.i.AbstractProblemLoader Environment load took 751.5ns 
62626      INFO  main            d.u.i.k.p.i.AbstractProblemLoader Creating init config 
65676      DEBUG main            d.u.i.k.p.i.AbstractProblemLoader Init config took 3.05s 
65732      INFO  main            d.u.i.k.p.i.AbstractProblemLoader Replaying proof ModelMethods[ModelMethods::test1()].JML normal_behavior operation contract.0 
65743      DEBUG main            d.u.i.k.p.i.IntermediateProofReplayer Proof replay took 8.14ms 
65744      DEBUG main            d.u.i.k.p.r.p.TestFile    ... success: reloaded. 
65745      INFO  main            d.u.i.k.p.r.p.TestFile    Now processing file /home/runner/work/key/key/key.core/../key.ui/examples/standard_key/java_dl/jml-assert/model-methods-instance-static.key 
65745      INFO  main            d.u.i.k.p.i.AbstractProblemLoader Loading environment from /home/runner/work/key/key/key.core/../key.ui/examples/standard_key/java_dl/jml-assert/model-methods-instance-static.key 
65745      DEBUG main            d.u.i.k.p.i.AbstractProblemLoader Environment load took 154.5ns 
65746      INFO  main            d.u.i.k.p.i.AbstractProblemLoader Creating init config 
68978      DEBUG main            d.u.i.k.p.i.AbstractProblemLoader Init config took 3.23s 
69025      INFO  main            d.u.i.k.p.i.AbstractProblemLoader Replaying proof ModelMethods[ModelMethods::test2()].JML normal_behavior operation contract.0 
69027      DEBUG main            d.u.i.k.p.i.IntermediateProofReplayer Proof replay took 8.8ns 
69129      INFO  main            d.u.i.k.p.r.p.TestFile    ... finished proof: closed. 
69464      INFO  main            d.u.i.k.p.i.AbstractProblemLoader Loading environment from /home/runner/work/key/key/key.core/../key.ui/examples/standard_key/java_dl/jml-assert/model-methods-instance-static.key.proof 
69465      DEBUG main            d.u.i.k.p.i.AbstractProblemLoader Environment load took 145.6ns 
69471      INFO  main            d.u.i.k.p.i.AbstractProblemLoader Creating init config 
72614      DEBUG main            d.u.i.k.p.i.AbstractProblemLoader Init config took 3.14s 
72686      INFO  main            d.u.i.k.p.i.AbstractProblemLoader Replaying proof ModelMethods[ModelMethods::test2()].JML normal_behavior operation contract.0 
72699      DEBUG main            d.u.i.k.p.i.IntermediateProofReplayer Proof replay took 10.57ms 
72701      DEBUG main            d.u.i.k.p.r.p.TestFile    ... success: reloaded. 
72702      INFO  main            d.u.i.k.p.r.p.TestFile    Now processing file /home/runner/work/key/key/key.core/../key.ui/examples/standard_key/java_dl/jml-assert/model-methods-instance-instance.key 
72703      INFO  main            d.u.i.k.p.i.AbstractProblemLoader Loading environment from /home/runner/work/key/key/key.core/../key.ui/examples/standard_key/java_dl/jml-assert/model-methods-instance-instance.key 
72703      DEBUG main            d.u.i.k.p.i.AbstractProblemLoader Environment load took 338.2ns 
72704      INFO  main            d.u.i.k.p.i.AbstractProblemLoader Creating init config 
75809      DEBUG main            d.u.i.k.p.i.AbstractProblemLoader Init config took 3.11s 
75857      INFO  main            d.u.i.k.p.i.AbstractProblemLoader Replaying proof ModelMethods[ModelMethods::test3()].JML normal_behavior operation contract.0 
75859      DEBUG main            d.u.i.k.p.i.IntermediateProofReplayer Proof replay took 8.7ns 
75964      INFO  main            d.u.i.k.p.r.p.TestFile    ... finished proof: closed. 
76233      INFO  main            d.u.i.k.p.i.AbstractProblemLoader Loading environment from /home/runner/work/key/key/key.core/../key.ui/examples/standard_key/java_dl/jml-assert/model-methods-instance-instance.key.proof 
76233      DEBUG main            d.u.i.k.p.i.AbstractProblemLoader Environment load took 157.4ns 
76235      INFO  main            d.u.i.k.p.i.AbstractProblemLoader Creating init config 
79370      DEBUG main            d.u.i.k.p.i.AbstractProblemLoader Init config took 3.13s 
79441      INFO  main            d.u.i.k.p.i.AbstractProblemLoader Replaying proof ModelMethods[ModelMethods::test3()].JML normal_behavior operation contract.0 
79455      DEBUG main            d.u.i.k.p.i.IntermediateProofReplayer Proof replay took 12.06ms 
79457      DEBUG main            d.u.i.k.p.r.p.TestFile    ... success: reloaded. 
79458      INFO  main            d.u.i.k.p.r.p.TestFile    Now processing file /home/runner/work/key/key/key.core/../key.ui/examples/standard_key/java_dl/jml-assert/model-methods-static-instance.key 
79459      INFO  main            d.u.i.k.p.i.AbstractProblemLoader Loading environment from /home/runner/work/key/key/key.core/../key.ui/examples/standard_key/java_dl/jml-assert/model-methods-static-instance.key 
79459      DEBUG main            d.u.i.k.p.i.AbstractProblemLoader Environment load took 401.1ns 
79461      INFO  main            d.u.i.k.p.i.AbstractProblemLoader Creating init config 
82603      DEBUG main            d.u.i.k.p.i.AbstractProblemLoader Init config took 3.14s 
82680      INFO  main            d.u.i.k.p.i.AbstractProblemLoader Replaying proof ModelMethods[ModelMethods::test4()].JML normal_behavior operation contract.0 
82681      DEBUG main            d.u.i.k.p.i.IntermediateProofReplayer Proof replay took 7.7ns 
82883      INFO  main            d.u.i.k.p.r.p.TestFile    ... finished proof: closed. 
83164      INFO  main            d.u.i.k.p.i.AbstractProblemLoader Loading environment from /home/runner/work/key/key/key.core/../key.ui/examples/standard_key/java_dl/jml-assert/model-methods-static-instance.key.proof 
83164      DEBUG main            d.u.i.k.p.i.AbstractProblemLoader Environment load took 139.4ns 
83166      INFO  main            d.u.i.k.p.i.AbstractProblemLoader Creating init config 
86331      DEBUG main            d.u.i.k.p.i.AbstractProblemLoader Init config took 3.17s 
86389      INFO  main            d.u.i.k.p.i.AbstractProblemLoader Replaying proof ModelMethods[ModelMethods::test4()].JML normal_behavior operation contract.0 
86433      DEBUG main            d.u.i.k.p.i.IntermediateProofReplayer Proof replay took 39.84ms 
86437      DEBUG main            d.u.i.k.p.r.p.TestFile    ... success: reloaded. 
86439      INFO  main            d.u.i.k.p.r.p.TestFile    Now processing file /home/runner/work/key/key/key.core/../key.ui/examples/standard_key/java_dl/jml-assert/assert-old/inc-field.key 
86439      INFO  main            d.u.i.k.p.i.AbstractProblemLoader Loading environment from /home/runner/work/key/key/key.core/../key.ui/examples/standard_key/java_dl/jml-assert/assert-old/inc-field.key 
86440      DEBUG main            d.u.i.k.p.i.AbstractProblemLoader Environment load took 303.2ns 
86441      INFO  main            d.u.i.k.p.i.AbstractProblemLoader Creating init config 
89616      DEBUG main            d.u.i.k.p.i.AbstractProblemLoader Init config took 3.18s 
89661      INFO  main            d.u.i.k.p.i.AbstractProblemLoader Replaying proof Inc[Inc::inc_field()].JML normal_behavior operation contract.0 
89663      DEBUG main            d.u.i.k.p.i.IntermediateProofReplayer Proof replay took 8.4ns 
89865      INFO  main            d.u.i.k.p.r.p.TestFile    ... finished proof: closed. 
90171      INFO  main            d.u.i.k.p.i.AbstractProblemLoader Loading environment from /home/runner/work/key/key/key.core/../key.ui/examples/standard_key/java_dl/jml-assert/assert-old/inc-field.key.proof 
90171      DEBUG main            d.u.i.k.p.i.AbstractProblemLoader Environment load took 309.2ns 
90173      INFO  main            d.u.i.k.p.i.AbstractProblemLoader Creating init config 
93283      DEBUG main            d.u.i.k.p.i.AbstractProblemLoader Init config took 3.11s 
93330      INFO  main            d.u.i.k.p.i.AbstractProblemLoader Replaying proof Inc[Inc::inc_field()].JML normal_behavior operation contract.0 
93361      DEBUG main            d.u.i.k.p.i.IntermediateProofReplayer Proof replay took 28.5ms 
93362      DEBUG main            d.u.i.k.p.r.p.TestFile    ... success: reloaded. 
93363      INFO  main            d.u.i.k.p.r.p.TestFile    Now processing file /home/runner/work/key/key/key.core/../key.ui/examples/standard_key/java_dl/jml-assert/assert-old/inc-parameter.key 
93363      INFO  main            d.u.i.k.p.i.AbstractProblemLoader Loading environment from /home/runner/work/key/key/key.core/../key.ui/examples/standard_key/java_dl/jml-assert/assert-old/inc-parameter.key 
93363      DEBUG main            d.u.i.k.p.i.AbstractProblemLoader Environment load took 78.9ns 
93364      INFO  main            d.u.i.k.p.i.AbstractProblemLoader Creating init config 
96560      DEBUG main            d.u.i.k.p.i.AbstractProblemLoader Init config took 3.2s 
96616      INFO  main            d.u.i.k.p.i.AbstractProblemLoader Replaying proof Inc[Inc::inc_parameter(int)].JML normal_behavior operation contract.0 
96618      DEBUG main            d.u.i.k.p.i.IntermediateProofReplayer Proof replay took 8.9ns 
96721      INFO  main            d.u.i.k.p.r.p.TestFile    ... finished proof: closed. 
97004      INFO  main            d.u.i.k.p.i.AbstractProblemLoader Loading environment from /home/runner/work/key/key/key.core/../key.ui/examples/standard_key/java_dl/jml-assert/assert-old/inc-parameter.key.proof 
97004      DEBUG main            d.u.i.k.p.i.AbstractProblemLoader Environment load took 211.4ns 
97006      INFO  main            d.u.i.k.p.i.AbstractProblemLoader Creating init config 
100123     DEBUG main            d.u.i.k.p.i.AbstractProblemLoader Init config took 3.12s 
100169     INFO  main            d.u.i.k.p.i.AbstractProblemLoader Replaying proof Inc[Inc::inc_parameter(int)].JML normal_behavior operation contract.0 
100200     DEBUG main            d.u.i.k.p.i.IntermediateProofReplayer Proof replay took 26.01ms 
100202     DEBUG main            d.u.i.k.p.r.p.TestFile    ... success: reloaded. 
100203     INFO  main            d.u.i.k.p.r.p.TestFile    Now processing file /home/runner/work/key/key/key.core/../key.ui/examples/standard_key/java_dl/jml-assert/assert-old/inc-parameter-field.key 
100204     INFO  main            d.u.i.k.p.i.AbstractProblemLoader Loading environment from /home/runner/work/key/key/key.core/../key.ui/examples/standard_key/java_dl/jml-assert/assert-old/inc-parameter-field.key 
100204     DEBUG main            d.u.i.k.p.i.AbstractProblemLoader Environment load took 327.8ns 
100205     INFO  main            d.u.i.k.p.i.AbstractProblemLoader Creating init config 
103336     DEBUG main            d.u.i.k.p.i.AbstractProblemLoader Init config took 3.13s 
103381     INFO  main            d.u.i.k.p.i.AbstractProblemLoader Replaying proof Inc[Inc::inc_parameter_field(Inc)].JML normal_behavior operation contract.0 
103383     DEBUG main            d.u.i.k.p.i.IntermediateProofReplayer Proof replay took 9ns 
103588     INFO  main            d.u.i.k.p.r.p.TestFile    ... finished proof: closed. 
103895     INFO  main            d.u.i.k.p.i.AbstractProblemLoader Loading environment from /home/runner/work/key/key/key.core/../key.ui/examples/standard_key/java_dl/jml-assert/assert-old/inc-parameter-field.key.proof 
103896     DEBUG main            d.u.i.k.p.i.AbstractProblemLoader Environment load took 656.71ns 
103898     INFO  main            d.u.i.k.p.i.AbstractProblemLoader Creating init config 
107035     DEBUG main            d.u.i.k.p.i.AbstractProblemLoader Init config took 3.14s 
107077     INFO  main            d.u.i.k.p.i.AbstractProblemLoader Replaying proof Inc[Inc::inc_parameter_field(Inc)].JML normal_behavior operation contract.0 
107113     DEBUG main            d.u.i.k.p.i.IntermediateProofReplayer Proof replay took 32.95ms 
107114     DEBUG main            d.u.i.k.p.r.p.TestFile    ... success: reloaded. 
107115     INFO  main            d.u.i.k.p.r.p.TestFile    Now processing file /home/runner/work/key/key/key.core/../key.ui/examples/standard_key/java_dl/jml-assert/assert-old/inc-ghost-field.key 
107115     INFO  main            d.u.i.k.p.i.AbstractProblemLoader Loading environment from /home/runner/work/key/key/key.core/../key.ui/examples/standard_key/java_dl/jml-assert/assert-old/inc-ghost-field.key 
107115     DEBUG main            d.u.i.k.p.i.AbstractProblemLoader Environment load took 108ns 
107116     INFO  main            d.u.i.k.p.i.AbstractProblemLoader Creating init config 
110335     DEBUG main            d.u.i.k.p.i.AbstractProblemLoader Init config took 3.22s 
110378     INFO  main            d.u.i.k.p.i.AbstractProblemLoader Replaying proof Inc[Inc::inc_ghost_field()].JML normal_behavior operation contract.0 
110380     DEBUG main            d.u.i.k.p.i.IntermediateProofReplayer Proof replay took 8.7ns 
110584     INFO  main            d.u.i.k.p.r.p.TestFile    ... finished proof: closed. 
110880     INFO  main            d.u.i.k.p.i.AbstractProblemLoader Loading environment from /home/runner/work/key/key/key.core/../key.ui/examples/standard_key/java_dl/jml-assert/assert-old/inc-ghost-field.key.proof 
110880     DEBUG main            d.u.i.k.p.i.AbstractProblemLoader Environment load took 141ns 
110881     INFO  main            d.u.i.k.p.i.AbstractProblemLoader Creating init config 
113959     DEBUG main            d.u.i.k.p.i.AbstractProblemLoader Init config took 3.08s 
114013     INFO  main            d.u.i.k.p.i.AbstractProblemLoader Replaying proof Inc[Inc::inc_ghost_field()].JML normal_behavior operation contract.0 
114043     DEBUG main            d.u.i.k.p.i.IntermediateProofReplayer Proof replay took 27.37ms 
114045     DEBUG main            d.u.i.k.p.r.p.TestFile    ... success: reloaded. 
938045     INFO  Test worker     d.u.i.k.p.r.RunAllProofsTestUnit Returning from test jmlAsserts 
938046     INFO  Test worker     d.u.i.k.p.r.RunAllProofsTestUnit Running test javaCard 
408        INFO  Timeout watchdog d.u.i.k.p.r.p.ForkedTestFileRunner Timeout watcher launched (2000 secs.) 
427        WARN  main            d.u.i.k.s.ProofSettings   The settings in /home/runner/.key/proof-settings.props are *not* read. 
466        INFO  main            d.u.i.k.p.r.p.TestFile    Now processing file /home/runner/work/key/key/key.core/../key.ui/examples/heap/javacard/updateBalance0.key 
702        INFO  main            d.u.i.k.p.i.AbstractProblemLoader Loading environment from /home/runner/work/key/key/key.core/../key.ui/examples/heap/javacard/updateBalance0.key 
732        DEBUG main            d.u.i.k.p.i.AbstractProblemLoader Environment load took 3.23ms 
1071       INFO  main            d.u.i.k.p.i.AbstractProblemLoader Creating init config 
2485       DEBUG main            d.u.i.k.j.TypeConverter   No LDT found for Meta 
2485       DEBUG main            d.u.i.k.j.TypeConverter   No LDT found for Meta 
2490       DEBUG main            d.u.i.k.j.TypeConverter   No LDT found for Meta 
2490       DEBUG main            d.u.i.k.j.TypeConverter   No LDT found for Meta 
4199       DEBUG main            d.u.i.k.j.TypeConverter   No LDT found for JavaBigintExpression 
8772       DEBUG main            d.u.i.k.p.i.AbstractProblemLoader Init config took 7.7s 
9013       INFO  main            d.u.i.k.p.i.AbstractProblemLoader Replaying proof Examples[Examples::updateBalance(short)].JML normal_behavior operation contract.0 
9067       DEBUG main            d.u.i.k.p.i.IntermediateProofReplayer Proof replay took 37.9ns 
10912      INFO  main            d.u.i.k.p.r.p.TestFile    ... finished proof: closed. 
11129      INFO  main            d.u.i.k.p.i.AbstractProblemLoader Loading environment from /home/runner/work/key/key/key.core/../key.ui/examples/heap/javacard/updateBalance0.key.proof 
11135      DEBUG main            d.u.i.k.p.i.AbstractProblemLoader Environment load took 6.04ms 
11138      INFO  main            d.u.i.k.p.i.AbstractProblemLoader Creating init config 
13487      DEBUG main            d.u.i.k.p.i.AbstractProblemLoader Init config took 2.35s 
13561      INFO  main            d.u.i.k.p.i.AbstractProblemLoader Replaying proof Examples[Examples::updateBalance(short)].JML normal_behavior operation contract.0 
13774      DEBUG main            d.u.i.k.p.i.IntermediateProofReplayer Proof replay took 195.54ms 
13784      DEBUG main            d.u.i.k.p.r.p.TestFile    ... success: reloaded. 
13788      INFO  main            d.u.i.k.p.r.p.TestFile    Now processing file /home/runner/work/key/key/key.core/../key.ui/examples/heap/javacard/updateBalance1.key 
13789      INFO  main            d.u.i.k.p.i.AbstractProblemLoader Loading environment from /home/runner/work/key/key/key.core/../key.ui/examples/heap/javacard/updateBalance1.key 
13789      DEBUG main            d.u.i.k.p.i.AbstractProblemLoader Environment load took 276.5ns 
13792      INFO  main            d.u.i.k.p.i.AbstractProblemLoader Creating init config 
15831      DEBUG main            d.u.i.k.p.i.AbstractProblemLoader Init config took 2.04s 
15902      INFO  main            d.u.i.k.p.i.AbstractProblemLoader Replaying proof Examples[Examples::updateBalance(short)].JML normal_behavior operation contract.1 
15908      DEBUG main            d.u.i.k.p.i.IntermediateProofReplayer Proof replay took 7.1ns 
16713      INFO  main            d.u.i.k.p.r.p.TestFile    ... finished proof: closed. 
16880      INFO  main            d.u.i.k.p.i.AbstractProblemLoader Loading environment from /home/runner/work/key/key/key.core/../key.ui/examples/heap/javacard/updateBalance1.key.proof 
16883      DEBUG main            d.u.i.k.p.i.AbstractProblemLoader Environment load took 2.97ms 
16885      INFO  main            d.u.i.k.p.i.AbstractProblemLoader Creating init config 
18969      DEBUG main            d.u.i.k.p.i.AbstractProblemLoader Init config took 2.08s 
19029      INFO  main            d.u.i.k.p.i.AbstractProblemLoader Replaying proof Examples[Examples::updateBalance(short)].JML normal_behavior operation contract.1 
19167      DEBUG main            d.u.i.k.p.i.IntermediateProofReplayer Proof replay took 131.57ms 
19170      DEBUG main            d.u.i.k.p.r.p.TestFile    ... success: reloaded. 
19173      INFO  main            d.u.i.k.p.r.p.TestFile    Now processing file /home/runner/work/key/key/key.core/../key.ui/examples/heap/javacard/setArray1.key 
19174      INFO  main            d.u.i.k.p.i.AbstractProblemLoader Loading environment from /home/runner/work/key/key/key.core/../key.ui/examples/heap/javacard/setArray1.key 
19174      DEBUG main            d.u.i.k.p.i.AbstractProblemLoader Environment load took 288.5ns 
19176      INFO  main            d.u.i.k.p.i.AbstractProblemLoader Creating init config 
21220      DEBUG main            d.u.i.k.p.i.AbstractProblemLoader Init config took 2.04s 
21271      INFO  main            d.u.i.k.p.i.AbstractProblemLoader Replaying proof Examples[Examples::setArray1([B)].JML normal_behavior operation contract.0 
21273      DEBUG main            d.u.i.k.p.i.IntermediateProofReplayer Proof replay took 7.1ns 
22579      INFO  main            d.u.i.k.p.r.p.TestFile    ... finished proof: closed. 
22746      INFO  main            d.u.i.k.p.i.AbstractProblemLoader Loading environment from /home/runner/work/key/key/key.core/../key.ui/examples/heap/javacard/setArray1.key.proof 
22746      DEBUG main            d.u.i.k.p.i.AbstractProblemLoader Environment load took 140.5ns 
22750      INFO  main            d.u.i.k.p.i.AbstractProblemLoader Creating init config 
24760      DEBUG main            d.u.i.k.p.i.AbstractProblemLoader Init config took 2.01s 
24812      INFO  main            d.u.i.k.p.i.AbstractProblemLoader Replaying proof Examples[Examples::setArray1([B)].JML normal_behavior operation contract.0 
25052      DEBUG main            d.u.i.k.p.i.IntermediateProofReplayer Proof replay took 233.27ms 
25056      DEBUG main            d.u.i.k.p.r.p.TestFile    ... success: reloaded. 
25059      INFO  main            d.u.i.k.p.r.p.TestFile    Now processing file /home/runner/work/key/key/key.core/../key.ui/examples/heap/javacard/setArray2.key 
25059      INFO  main            d.u.i.k.p.i.AbstractProblemLoader Loading environment from /home/runner/work/key/key/key.core/../key.ui/examples/heap/javacard/setArray2.key 
25060      DEBUG main            d.u.i.k.p.i.AbstractProblemLoader Environment load took 312.2ns 
25061      INFO  main            d.u.i.k.p.i.AbstractProblemLoader Creating init config 
27149      DEBUG main            d.u.i.k.p.i.AbstractProblemLoader Init config took 2.09s 
27206      INFO  main            d.u.i.k.p.i.AbstractProblemLoader Replaying proof Examples[Examples::setArray2([B)].JML normal_behavior operation contract.0 
27209      DEBUG main            d.u.i.k.p.i.IntermediateProofReplayer Proof replay took 7.3ns 
28533      INFO  main            d.u.i.k.p.r.p.TestFile    ... finished proof: closed. 
28717      INFO  main            d.u.i.k.p.i.AbstractProblemLoader Loading environment from /home/runner/work/key/key/key.core/../key.ui/examples/heap/javacard/setArray2.key.proof 
28718      DEBUG main            d.u.i.k.p.i.AbstractProblemLoader Environment load took 818.21ns 
28719      INFO  main            d.u.i.k.p.i.AbstractProblemLoader Creating init config 
30697      DEBUG main            d.u.i.k.p.i.AbstractProblemLoader Init config took 1.98s 
30755      INFO  main            d.u.i.k.p.i.AbstractProblemLoader Replaying proof Examples[Examples::setArray2([B)].JML normal_behavior operation contract.0 
31053      DEBUG main            d.u.i.k.p.i.IntermediateProofReplayer Proof replay took 290.33ms 
31056      DEBUG main            d.u.i.k.p.r.p.TestFile    ... success: reloaded. 
31058      INFO  main            d.u.i.k.p.r.p.TestFile    Now processing file /home/runner/work/key/key/key.core/../key.ui/examples/heap/javacard/arrayFillNonAtomic.key 
31059      INFO  main            d.u.i.k.p.i.AbstractProblemLoader Loading environment from /home/runner/work/key/key/key.core/../key.ui/examples/heap/javacard/arrayFillNonAtomic.key 
31060      DEBUG main            d.u.i.k.p.i.AbstractProblemLoader Environment load took 326.7ns 
31061      INFO  main            d.u.i.k.p.i.AbstractProblemLoader Creating init config 
33073      DEBUG main            d.u.i.k.p.i.AbstractProblemLoader Init config took 2.01s 
33181      INFO  main            d.u.i.k.p.i.AbstractProblemLoader Replaying proof javacard.framework.Util[javacard.framework.Util::arrayFillNonAtomic([B,short,short,byte)].JML behavior operation contract.0.transaction_inactive 
33184      DEBUG main            d.u.i.k.p.i.IntermediateProofReplayer Proof replay took 7.1ns 
34292      DEBUG Thread-13       d.u.i.k.l.o.ProgramSV     Match failed: Former match of  SchemaVariable incompatible with  the current match. 
34293      DEBUG Thread-13       d.u.i.k.l.o.ProgramSV     Match failed: Former match of  SchemaVariable incompatible with  the current match. 
36019      DEBUG Thread-13       d.u.i.k.l.o.ProgramSV     Match failed: Former match of  SchemaVariable incompatible with  the current match. 
36020      DEBUG Thread-13       d.u.i.k.l.o.ProgramSV     Match failed: Former match of  SchemaVariable incompatible with  the current match. 
38105      INFO  main            d.u.i.k.p.r.p.TestFile    ... finished proof: closed. 
38305      INFO  main            d.u.i.k.p.i.AbstractProblemLoader Loading environment from /home/runner/work/key/key/key.core/../key.ui/examples/heap/javacard/arrayFillNonAtomic.key.proof 
38306      DEBUG main            d.u.i.k.p.i.AbstractProblemLoader Environment load took 244.9ns 
38310      INFO  main            d.u.i.k.p.i.AbstractProblemLoader Creating init config 
40234      DEBUG main            d.u.i.k.p.i.AbstractProblemLoader Init config took 1.92s 
40302      INFO  main            d.u.i.k.p.i.AbstractProblemLoader Replaying proof javacard.framework.Util[javacard.framework.Util::arrayFillNonAtomic([B,short,short,byte)].JML behavior operation contract.0.transaction_inactive 
41172      DEBUG main            d.u.i.k.p.i.IntermediateProofReplayer Proof replay took 851.49ms 
41173      DEBUG main            d.u.i.k.p.r.p.TestFile    ... success: reloaded. 
41174      INFO  main            d.u.i.k.p.r.p.TestFile    Now processing file /home/runner/work/key/key/key.core/../key.ui/examples/heap/coincidence_count/project.key 
41174      INFO  main            d.u.i.k.p.i.AbstractProblemLoader Loading environment from /home/runner/work/key/key/key.core/../key.ui/examples/heap/coincidence_count/project.key 
41175      DEBUG main            d.u.i.k.p.i.AbstractProblemLoader Environment load took 301.2ns 
41176      INFO  main            d.u.i.k.p.i.AbstractProblemLoader Creating init config 
45497      DEBUG main            d.u.i.k.p.i.AbstractProblemLoader Init config took 4.32s 
45554      INFO  main            d.u.i.k.p.i.AbstractProblemLoader Replaying proof CC[CC::calcCoinIndex([I,[I)].JML normal_behavior operation contract.0 
45559      DEBUG main            d.u.i.k.p.i.IntermediateProofReplayer Proof replay took 6.9ns 
68057      INFO  main            d.u.i.k.p.r.p.TestFile    ... finished proof: closed. 
68432      INFO  main            d.u.i.k.p.i.AbstractProblemLoader Loading environment from /home/runner/work/key/key/key.core/../key.ui/examples/heap/coincidence_count/project.key.proof 
68432      DEBUG main            d.u.i.k.p.i.AbstractProblemLoader Environment load took 676ns 
68436      INFO  main            d.u.i.k.p.i.AbstractProblemLoader Creating init config 
71799      DEBUG main            d.u.i.k.p.i.AbstractProblemLoader Init config took 3.36s 
71855      INFO  main            d.u.i.k.p.i.AbstractProblemLoader Replaying proof CC[CC::calcCoinIndex([I,[I)].JML normal_behavior operation contract.0 
72962      DEBUG main            d.u.i.k.p.i.IntermediateProofReplayer Proof replay took 1.03s 
72966      DEBUG main            d.u.i.k.p.r.p.TestFile    ... success: reloaded. 
72967      INFO  main            d.u.i.k.p.r.p.TestFile    Now processing file /home/runner/work/key/key/key.core/../key.ui/examples/heap/verifyThis11_1_Maximum/project.key 
72968      INFO  main            d.u.i.k.p.i.AbstractProblemLoader Loading environment from /home/runner/work/key/key/key.core/../key.ui/examples/heap/verifyThis11_1_Maximum/project.key 
72968      DEBUG main            d.u.i.k.p.i.AbstractProblemLoader Environment load took 245.8ns 
72970      INFO  main            d.u.i.k.p.i.AbstractProblemLoader Creating init config 
76307      DEBUG main            d.u.i.k.p.i.AbstractProblemLoader Init config took 3.34s 
76368      INFO  main            d.u.i.k.p.i.AbstractProblemLoader Replaying proof Maximum[Maximum::maxIndex([I)].JML normal_behavior operation contract.0 
76371      DEBUG main            d.u.i.k.p.i.IntermediateProofReplayer Proof replay took 7.2ns 
77588      INFO  main            d.u.i.k.p.r.p.TestFile    ... finished proof: closed. 
77908      INFO  main            d.u.i.k.p.i.AbstractProblemLoader Loading environment from /home/runner/work/key/key/key.core/../key.ui/examples/heap/verifyThis11_1_Maximum/project.key.proof 
77909      DEBUG main            d.u.i.k.p.i.AbstractProblemLoader Environment load took 663.11ns 
77910      INFO  main            d.u.i.k.p.i.AbstractProblemLoader Creating init config 
81116      DEBUG main            d.u.i.k.p.i.AbstractProblemLoader Init config took 3.21s 
81166      INFO  main            d.u.i.k.p.i.AbstractProblemLoader Replaying proof Maximum[Maximum::maxIndex([I)].JML normal_behavior operation contract.0 
81334      DEBUG main            d.u.i.k.p.i.IntermediateProofReplayer Proof replay took 160.5ms 
81335      DEBUG main            d.u.i.k.p.r.p.TestFile    ... success: reloaded. 
81336      INFO  main            d.u.i.k.p.r.p.TestFile    Now processing file /home/runner/work/key/key/key.core/../key.ui/examples/heap/fm12_01_LRS/lcp.key 
81337      INFO  main            d.u.i.k.p.i.AbstractProblemLoader Loading environment from /home/runner/work/key/key/key.core/../key.ui/examples/heap/fm12_01_LRS/lcp.key 
81337      DEBUG main            d.u.i.k.p.i.AbstractProblemLoader Environment load took 80.6ns 
81338      INFO  main            d.u.i.k.p.i.AbstractProblemLoader Creating init config 
85400      DEBUG main            d.u.i.k.p.i.AbstractProblemLoader Init config took 4.06s 
85476      INFO  main            d.u.i.k.p.i.AbstractProblemLoader Replaying proof LCP[LCP::lcp([I,int,int)].JML normal_behavior operation contract.0 
85479      DEBUG main            d.u.i.k.p.i.IntermediateProofReplayer Proof replay took 7.7ns 
86702      INFO  main            d.u.i.k.p.r.p.TestFile    ... finished proof: closed. 
87024      INFO  main            d.u.i.k.p.i.AbstractProblemLoader Loading environment from /home/runner/work/key/key/key.core/../key.ui/examples/heap/fm12_01_LRS/lcp.key.proof 
87024      DEBUG main            d.u.i.k.p.i.AbstractProblemLoader Environment load took 578.4ns 
87026      INFO  main            d.u.i.k.p.i.AbstractProblemLoader Creating init config 
90746      DEBUG main            d.u.i.k.p.i.AbstractProblemLoader Init config took 3.72s 
90819      INFO  main            d.u.i.k.p.i.AbstractProblemLoader Replaying proof LCP[LCP::lcp([I,int,int)].JML normal_behavior operation contract.0 
91051      DEBUG main            d.u.i.k.p.i.IntermediateProofReplayer Proof replay took 225.86ms 
91053      DEBUG main            d.u.i.k.p.r.p.TestFile    ... success: reloaded. 
91054      INFO  main            d.u.i.k.p.r.p.TestFile    Now processing file /home/runner/work/key/key/key.core/../key.ui/examples/heap/SemanticSlicing/project.key 
91054      INFO  main            d.u.i.k.p.i.AbstractProblemLoader Loading environment from /home/runner/work/key/key/key.core/../key.ui/examples/heap/SemanticSlicing/project.key 
91054      DEBUG main            d.u.i.k.p.i.AbstractProblemLoader Environment load took 101.8ns 
91055      INFO  main            d.u.i.k.p.i.AbstractProblemLoader Creating init config 
94520      DEBUG main            d.u.i.k.p.i.AbstractProblemLoader Init config took 3.46s 
94587      INFO  main            d.u.i.k.p.i.AbstractProblemLoader Replaying proof unsatcore_after.competition.postcond5.scope333.LRS[unsatcore_after.competition.postcond5.scope333.LRS::doLRS()].JML operation contract.0 
94589      DEBUG main            d.u.i.k.p.i.IntermediateProofReplayer Proof replay took 7.7ns 
99642      INFO  main            d.u.i.k.p.r.p.TestFile    ... finished proof: closed. 
100008     INFO  main            d.u.i.k.p.i.AbstractProblemLoader Loading environment from /home/runner/work/key/key/key.core/../key.ui/examples/heap/SemanticSlicing/project.key.proof 
100009     DEBUG main            d.u.i.k.p.i.AbstractProblemLoader Environment load took 590.71ns 
100011     INFO  main            d.u.i.k.p.i.AbstractProblemLoader Creating init config 
103343     DEBUG main            d.u.i.k.p.i.AbstractProblemLoader Init config took 3.33s 
103422     INFO  main            d.u.i.k.p.i.AbstractProblemLoader Replaying proof unsatcore_after.competition.postcond5.scope333.LRS[unsatcore_after.competition.postcond5.scope333.LRS::doLRS()].JML operation contract.0 
104241     DEBUG main            d.u.i.k.p.i.IntermediateProofReplayer Proof replay took 800.12ms 
104243     DEBUG main            d.u.i.k.p.r.p.TestFile    ... success: reloaded. 
104244     INFO  main            d.u.i.k.p.r.p.TestFile    Now processing file /home/runner/work/key/key/key.core/../key.ui/examples/heap/information_flow/ArrayList_contains.key 
104244     INFO  main            d.u.i.k.p.i.AbstractProblemLoader Loading environment from /home/runner/work/key/key/key.core/../key.ui/examples/heap/information_flow/ArrayList_contains.key 
104244     DEBUG main            d.u.i.k.p.i.AbstractProblemLoader Environment load took 150.4ns 
104246     INFO  main            d.u.i.k.p.i.AbstractProblemLoader Creating init config 
107848     DEBUG main            d.u.i.k.p.i.AbstractProblemLoader Init config took 3.6s 
107911     INFO  main            d.u.i.k.p.i.AbstractProblemLoader Replaying proof ArrayList[ArrayList::get(int)].JML normal_behavior operation contract.0 
107919     DEBUG main            d.u.i.k.p.i.IntermediateProofReplayer Proof replay took 8.4ns 
108422     INFO  main            d.u.i.k.p.r.p.TestFile    ... finished proof: closed. 
108812     INFO  main            d.u.i.k.p.i.AbstractProblemLoader Loading environment from /home/runner/work/key/key/key.core/../key.ui/examples/heap/information_flow/ArrayList_contains.key.proof 
108813     DEBUG main            d.u.i.k.p.i.AbstractProblemLoader Environment load took 594.21ns 
108814     INFO  main            d.u.i.k.p.i.AbstractProblemLoader Creating init config 
112311     DEBUG main            d.u.i.k.p.i.AbstractProblemLoader Init config took 3.5s 
112375     INFO  main            d.u.i.k.p.i.AbstractProblemLoader Replaying proof ArrayList[ArrayList::get(int)].JML normal_behavior operation contract.0 
112450     DEBUG main            d.u.i.k.p.i.IntermediateProofReplayer Proof replay took 69.5ms 
112452     DEBUG main            d.u.i.k.p.r.p.TestFile    ... success: reloaded. 
112453     INFO  main            d.u.i.k.p.r.p.TestFile    Now processing file /home/runner/work/key/key/key.core/../key.ui/examples/heap/information_flow/ArrayList_get.key 
112454     INFO  main            d.u.i.k.p.i.AbstractProblemLoader Loading environment from /home/runner/work/key/key/key.core/../key.ui/examples/heap/information_flow/ArrayList_get.key 
112454     DEBUG main            d.u.i.k.p.i.AbstractProblemLoader Environment load took 327.1ns 
112455     INFO  main            d.u.i.k.p.i.AbstractProblemLoader Creating init config 
116064     DEBUG main            d.u.i.k.p.i.AbstractProblemLoader Init config took 3.61s 
116114     INFO  main            d.u.i.k.p.i.AbstractProblemLoader Replaying proof ArrayList[ArrayList::contains(java.lang.Object)].JML normal_behavior operation contract.0 
116115     DEBUG main            d.u.i.k.p.i.IntermediateProofReplayer Proof replay took 7.2ns 
117224     INFO  main            d.u.i.k.p.r.p.TestFile    ... finished proof: closed. 
117591     INFO  main            d.u.i.k.p.i.AbstractProblemLoader Loading environment from /home/runner/work/key/key/key.core/../key.ui/examples/heap/information_flow/ArrayList_get.key.proof 
117591     DEBUG main            d.u.i.k.p.i.AbstractProblemLoader Environment load took 154.7ns 
117594     INFO  main            d.u.i.k.p.i.AbstractProblemLoader Creating init config 
121096     DEBUG main            d.u.i.k.p.i.AbstractProblemLoader Init config took 3.5s 
121145     INFO  main            d.u.i.k.p.i.AbstractProblemLoader Replaying proof ArrayList[ArrayList::contains(java.lang.Object)].JML normal_behavior operation contract.0 
121320     DEBUG main            d.u.i.k.p.i.IntermediateProofReplayer Proof replay took 169.96ms 
121322     DEBUG main            d.u.i.k.p.r.p.TestFile    ... success: reloaded. 
121323     INFO  main            d.u.i.k.p.r.p.TestFile    Now processing file /home/runner/work/key/key/key.core/../key.ui/examples/heap/information_flow/ArrayList_size.key 
121323     INFO  main            d.u.i.k.p.i.AbstractProblemLoader Loading environment from /home/runner/work/key/key/key.core/../key.ui/examples/heap/information_flow/ArrayList_size.key 
121323     DEBUG main            d.u.i.k.p.i.AbstractProblemLoader Environment load took 261.8ns 
121325     INFO  main            d.u.i.k.p.i.AbstractProblemLoader Creating init config 
124854     DEBUG main            d.u.i.k.p.i.AbstractProblemLoader Init config took 3.53s 
124904     INFO  main            d.u.i.k.p.i.AbstractProblemLoader Replaying proof ArrayList[ArrayList::size()].JML normal_behavior operation contract.0 
124906     DEBUG main            d.u.i.k.p.i.IntermediateProofReplayer Proof replay took 7.9ns 
125008     INFO  main            d.u.i.k.p.r.p.TestFile    ... finished proof: closed. 
125360     INFO  main            d.u.i.k.p.i.AbstractProblemLoader Loading environment from /home/runner/work/key/key/key.core/../key.ui/examples/heap/information_flow/ArrayList_size.key.proof 
125360     DEBUG main            d.u.i.k.p.i.AbstractProblemLoader Environment load took 152.3ns 
125361     INFO  main            d.u.i.k.p.i.AbstractProblemLoader Creating init config 
128866     DEBUG main            d.u.i.k.p.i.AbstractProblemLoader Init config took 3.5s 
128917     INFO  main            d.u.i.k.p.i.AbstractProblemLoader Replaying proof ArrayList[ArrayList::size()].JML normal_behavior operation contract.0 
128934     DEBUG main            d.u.i.k.p.i.IntermediateProofReplayer Proof replay took 15.03ms 
128936     DEBUG main            d.u.i.k.p.r.p.TestFile    ... success: reloaded. 
128937     INFO  main            d.u.i.k.p.r.p.TestFile    Now processing file /home/runner/work/key/key/key.core/../key.ui/examples/heap/information_flow/UpdateAbstraction_ex7_3_secure.key 
128938     INFO  main            d.u.i.k.p.i.AbstractProblemLoader Loading environment from /home/runner/work/key/key/key.core/../key.ui/examples/heap/information_flow/UpdateAbstraction_ex7_3_secure.key 
128938     DEBUG main            d.u.i.k.p.i.AbstractProblemLoader Environment load took 258.4ns 
128939     INFO  main            d.u.i.k.p.i.AbstractProblemLoader Creating init config 
132442     DEBUG main            d.u.i.k.p.i.AbstractProblemLoader Init config took 3.5s 
132490     INFO  main            d.u.i.k.p.i.AbstractProblemLoader Replaying proof UpdateAbstraction[UpdateAbstraction::ex7_3_secure()].JML operation contract.0 
132495     DEBUG main            d.u.i.k.p.i.IntermediateProofReplayer Proof replay took 6.8ns 
132700     INFO  main            d.u.i.k.p.r.p.TestFile    ... finished proof: closed. 
133053     INFO  main            d.u.i.k.p.i.AbstractProblemLoader Loading environment from /home/runner/work/key/key/key.core/../key.ui/examples/heap/information_flow/UpdateAbstraction_ex7_3_secure.key.proof 
133054     DEBUG main            d.u.i.k.p.i.AbstractProblemLoader Environment load took 134.4ns 
133055     INFO  main            d.u.i.k.p.i.AbstractProblemLoader Creating init config 
136417     DEBUG main            d.u.i.k.p.i.AbstractProblemLoader Init config took 3.36s 
136475     INFO  main            d.u.i.k.p.i.AbstractProblemLoader Replaying proof UpdateAbstraction[UpdateAbstraction::ex7_3_secure()].JML operation contract.0 
136511     DEBUG main            d.u.i.k.p.i.IntermediateProofReplayer Proof replay took 33.62ms 
136512     DEBUG main            d.u.i.k.p.r.p.TestFile    ... success: reloaded. 
136513     INFO  main            d.u.i.k.p.r.p.TestFile    Now processing file /home/runner/work/key/key/key.core/../key.ui/examples/heap/information_flow/UpdateAbstraction_ex7_4_secure.key 
136513     INFO  main            d.u.i.k.p.i.AbstractProblemLoader Loading environment from /home/runner/work/key/key/key.core/../key.ui/examples/heap/information_flow/UpdateAbstraction_ex7_4_secure.key 
136514     DEBUG main            d.u.i.k.p.i.AbstractProblemLoader Environment load took 119ns 
136515     INFO  main            d.u.i.k.p.i.AbstractProblemLoader Creating init config 
139962     DEBUG main            d.u.i.k.p.i.AbstractProblemLoader Init config took 3.45s 
140007     INFO  main            d.u.i.k.p.i.AbstractProblemLoader Replaying proof UpdateAbstraction[UpdateAbstraction::ex7_4_secure()].JML operation contract.0 
140010     DEBUG main            d.u.i.k.p.i.IntermediateProofReplayer Proof replay took 7.4ns 
140313     INFO  main            d.u.i.k.p.r.p.TestFile    ... finished proof: closed. 
140660     INFO  main            d.u.i.k.p.i.AbstractProblemLoader Loading environment from /home/runner/work/key/key/key.core/../key.ui/examples/heap/information_flow/UpdateAbstraction_ex7_4_secure.key.proof 
140661     DEBUG main            d.u.i.k.p.i.AbstractProblemLoader Environment load took 638.4ns 
140662     INFO  main            d.u.i.k.p.i.AbstractProblemLoader Creating init config 
144063     DEBUG main            d.u.i.k.p.i.AbstractProblemLoader Init config took 3.4s 
144108     INFO  main            d.u.i.k.p.i.AbstractProblemLoader Replaying proof UpdateAbstraction[UpdateAbstraction::ex7_4_secure()].JML operation contract.0 
144157     DEBUG main            d.u.i.k.p.i.IntermediateProofReplayer Proof replay took 46.9ms 
144159     DEBUG main            d.u.i.k.p.r.p.TestFile    ... success: reloaded. 
144159     INFO  main            d.u.i.k.p.r.p.TestFile    Now processing file /home/runner/work/key/key/key.core/../key.ui/examples/heap/information_flow/UpdateAbstraction_ex7_5_secure.key 
144160     INFO  main            d.u.i.k.p.i.AbstractProblemLoader Loading environment from /home/runner/work/key/key/key.core/../key.ui/examples/heap/information_flow/UpdateAbstraction_ex7_5_secure.key 
144160     DEBUG main            d.u.i.k.p.i.AbstractProblemLoader Environment load took 295.2ns 
144162     INFO  main            d.u.i.k.p.i.AbstractProblemLoader Creating init config 
147468     DEBUG main            d.u.i.k.p.i.AbstractProblemLoader Init config took 3.31s 
147511     INFO  main            d.u.i.k.p.i.AbstractProblemLoader Replaying proof UpdateAbstraction[UpdateAbstraction::ex7_5_secure()].JML operation contract.0 
147513     DEBUG main            d.u.i.k.p.i.IntermediateProofReplayer Proof replay took 7.1ns 
147616     INFO  main            d.u.i.k.p.r.p.TestFile    ... finished proof: closed. 
147969     INFO  main            d.u.i.k.p.i.AbstractProblemLoader Loading environment from /home/runner/work/key/key/key.core/../key.ui/examples/heap/information_flow/UpdateAbstraction_ex7_5_secure.key.proof 
147969     DEBUG main            d.u.i.k.p.i.AbstractProblemLoader Environment load took 141.3ns 
147971     INFO  main            d.u.i.k.p.i.AbstractProblemLoader Creating init config 
151234     DEBUG main            d.u.i.k.p.i.AbstractProblemLoader Init config took 3.26s 
151278     INFO  main            d.u.i.k.p.i.AbstractProblemLoader Replaying proof UpdateAbstraction[UpdateAbstraction::ex7_5_secure()].JML operation contract.0 
151299     DEBUG main            d.u.i.k.p.i.IntermediateProofReplayer Proof replay took 18.62ms 
151301     DEBUG main            d.u.i.k.p.r.p.TestFile    ... success: reloaded. 
151302     INFO  main            d.u.i.k.p.r.p.TestFile    Now processing file /home/runner/work/key/key/key.core/../key.ui/examples/heap/information_flow/UpdateAbstraction_ex7_6_secure.key 
151302     INFO  main            d.u.i.k.p.i.AbstractProblemLoader Loading environment from /home/runner/work/key/key/key.core/../key.ui/examples/heap/information_flow/UpdateAbstraction_ex7_6_secure.key 
151302     DEBUG main            d.u.i.k.p.i.AbstractProblemLoader Environment load took 306.4ns 
151304     INFO  main            d.u.i.k.p.i.AbstractProblemLoader Creating init config 
154618     DEBUG main            d.u.i.k.p.i.AbstractProblemLoader Init config took 3.31s 
154658     INFO  main            d.u.i.k.p.i.AbstractProblemLoader Replaying proof UpdateAbstraction[UpdateAbstraction::ex7_6_secure()].JML operation contract.0 
154659     DEBUG main            d.u.i.k.p.i.IntermediateProofReplayer Proof replay took 5.9ns 
155062     INFO  main            d.u.i.k.p.r.p.TestFile    ... finished proof: closed. 
155465     INFO  main            d.u.i.k.p.i.AbstractProblemLoader Loading environment from /home/runner/work/key/key/key.core/../key.ui/examples/heap/information_flow/UpdateAbstraction_ex7_6_secure.key.proof 
155466     DEBUG main            d.u.i.k.p.i.AbstractProblemLoader Environment load took 164.5ns 
155467     INFO  main            d.u.i.k.p.i.AbstractProblemLoader Creating init config 
158901     DEBUG main            d.u.i.k.p.i.AbstractProblemLoader Init config took 3.43s 
158945     INFO  main            d.u.i.k.p.i.AbstractProblemLoader Replaying proof UpdateAbstraction[UpdateAbstraction::ex7_6_secure()].JML operation contract.0 
159031     DEBUG main            d.u.i.k.p.i.IntermediateProofReplayer Proof replay took 83.61ms 
159033     DEBUG main            d.u.i.k.p.r.p.TestFile    ... success: reloaded. 
159034     INFO  main            d.u.i.k.p.r.p.TestFile    Now processing file /home/runner/work/key/key/key.core/../key.ui/examples/heap/information_flow/UpdateAbstraction_ex9_secure.key 
159035     INFO  main            d.u.i.k.p.i.AbstractProblemLoader Loading environment from /home/runner/work/key/key/key.core/../key.ui/examples/heap/information_flow/UpdateAbstraction_ex9_secure.key 
159035     DEBUG main            d.u.i.k.p.i.AbstractProblemLoader Environment load took 299ns 
159036     INFO  main            d.u.i.k.p.i.AbstractProblemLoader Creating init config 
162370     DEBUG main            d.u.i.k.p.i.AbstractProblemLoader Init config took 3.33s 
162418     INFO  main            d.u.i.k.p.i.AbstractProblemLoader Replaying proof UpdateAbstraction[UpdateAbstraction::ex9_secure()].JML operation contract.0 
162420     DEBUG main            d.u.i.k.p.i.IntermediateProofReplayer Proof replay took 7.4ns 
163624     INFO  main            d.u.i.k.p.r.p.TestFile    ... finished proof: closed. 
164054     INFO  main            d.u.i.k.p.i.AbstractProblemLoader Loading environment from /home/runner/work/key/key/key.core/../key.ui/examples/heap/information_flow/UpdateAbstraction_ex9_secure.key.proof 
164055     DEBUG main            d.u.i.k.p.i.AbstractProblemLoader Environment load took 936.31ns 
164056     INFO  main            d.u.i.k.p.i.AbstractProblemLoader Creating init config 
167414     DEBUG main            d.u.i.k.p.i.AbstractProblemLoader Init config took 3.36s 
167458     INFO  main            d.u.i.k.p.i.AbstractProblemLoader Replaying proof UpdateAbstraction[UpdateAbstraction::ex9_secure()].JML operation contract.0 
167671     DEBUG main            d.u.i.k.p.i.IntermediateProofReplayer Proof replay took 207.8ms 
167672     DEBUG main            d.u.i.k.p.r.p.TestFile    ... success: reloaded. 
1105973    INFO  Test worker     d.u.i.k.p.r.RunAllProofsTestUnit Returning from test javaCard 
1105979    INFO  Test worker     d.u.i.k.p.r.RunAllProofsTestUnit Running test list 
435        INFO  Timeout watchdog d.u.i.k.p.r.p.ForkedTestFileRunner Timeout watcher launched (2000 secs.) 
449        WARN  main            d.u.i.k.s.ProofSettings   The settings in /home/runner/.key/proof-settings.props are *not* read. 
486        INFO  main            d.u.i.k.p.r.p.TestFile    Now processing file /home/runner/work/key/key/key.core/../key.ui/examples/heap/list/ArrayList_add.key 
644        INFO  main            d.u.i.k.p.i.AbstractProblemLoader Loading environment from /home/runner/work/key/key/key.core/../key.ui/examples/heap/list/ArrayList_add.key 
666        DEBUG main            d.u.i.k.p.i.AbstractProblemLoader Environment load took 3.2ms 
994        INFO  main            d.u.i.k.p.i.AbstractProblemLoader Creating init config 
2206       DEBUG main            d.u.i.k.j.TypeConverter   No LDT found for Meta 
2206       DEBUG main            d.u.i.k.j.TypeConverter   No LDT found for Meta 
2210       DEBUG main            d.u.i.k.j.TypeConverter   No LDT found for Meta 
2210       DEBUG main            d.u.i.k.j.TypeConverter   No LDT found for Meta 
3855       DEBUG main            d.u.i.k.j.TypeConverter   No LDT found for JavaBigintExpression 
8138       DEBUG main            d.u.i.k.j.r.ClassPreparationMethodBuilder clPrepBuilder: Inner Class detected. Reject building class initialisation methods. 
11427      DEBUG main            d.u.i.k.p.i.AbstractProblemLoader Init config took 10.43s 
11617      INFO  main            d.u.i.k.p.i.AbstractProblemLoader Replaying proof ArrayList[List::add(java.lang.Object)].JML normal_behavior operation contract.0 
11666      DEBUG main            d.u.i.k.p.i.IntermediateProofReplayer Proof replay took 37.7ns 
19261      INFO  main            d.u.i.k.p.r.p.TestFile    ... finished proof: closed. 
19538      INFO  main            d.u.i.k.p.i.AbstractProblemLoader Loading environment from /home/runner/work/key/key/key.core/../key.ui/examples/heap/list/ArrayList_add.key.proof 
19539      DEBUG main            d.u.i.k.p.i.AbstractProblemLoader Environment load took 833.21ns 
19543      INFO  main            d.u.i.k.p.i.AbstractProblemLoader Creating init config 
21015      DEBUG main            d.u.i.k.j.r.ClassPreparationMethodBuilder clPrepBuilder: Inner Class detected. Reject building class initialisation methods. 
24047      DEBUG main            d.u.i.k.p.i.AbstractProblemLoader Init config took 4.5s 
24185      INFO  main            d.u.i.k.p.i.AbstractProblemLoader Replaying proof ArrayList[List::add(java.lang.Object)].JML normal_behavior operation contract.0 
25131      DEBUG main            d.u.i.k.p.i.IntermediateProofReplayer Proof replay took 899.92ms 
25153      DEBUG main            d.u.i.k.p.r.p.TestFile    ... success: reloaded. 
25156      INFO  main            d.u.i.k.p.r.p.TestFile    Now processing file /home/runner/work/key/key/key.core/../key.ui/examples/heap/list/ArrayList_ArrayList.key 
25160      INFO  main            d.u.i.k.p.i.AbstractProblemLoader Loading environment from /home/runner/work/key/key/key.core/../key.ui/examples/heap/list/ArrayList_ArrayList.key 
25160      DEBUG main            d.u.i.k.p.i.AbstractProblemLoader Environment load took 602.8ns 
25163      INFO  main            d.u.i.k.p.i.AbstractProblemLoader Creating init config 
26807      DEBUG main            d.u.i.k.j.r.ClassPreparationMethodBuilder clPrepBuilder: Inner Class detected. Reject building class initialisation methods. 
29737      DEBUG main            d.u.i.k.p.i.AbstractProblemLoader Init config took 4.57s 
29843      INFO  main            d.u.i.k.p.i.AbstractProblemLoader Replaying proof ArrayList[ArrayList::ArrayList()].JML normal_behavior operation contract.0 
29847      DEBUG main            d.u.i.k.p.i.IntermediateProofReplayer Proof replay took 7.6ns 
31905      INFO  main            d.u.i.k.p.r.p.TestFile    ... finished proof: closed. 
32166      INFO  main            d.u.i.k.p.i.AbstractProblemLoader Loading environment from /home/runner/work/key/key/key.core/../key.ui/examples/heap/list/ArrayList_ArrayList.key.proof 
32169      DEBUG main            d.u.i.k.p.i.AbstractProblemLoader Environment load took 2.88ms 
32176      INFO  main            d.u.i.k.p.i.AbstractProblemLoader Creating init config 
33549      DEBUG main            d.u.i.k.j.r.ClassPreparationMethodBuilder clPrepBuilder: Inner Class detected. Reject building class initialisation methods. 
36478      DEBUG main            d.u.i.k.p.i.AbstractProblemLoader Init config took 4.3s 
36556      INFO  main            d.u.i.k.p.i.AbstractProblemLoader Replaying proof ArrayList[ArrayList::ArrayList()].JML normal_behavior operation contract.0 
36827      DEBUG main            d.u.i.k.p.i.IntermediateProofReplayer Proof replay took 258.56ms 
36829      DEBUG main            d.u.i.k.p.r.p.TestFile    ... success: reloaded. 
36831      INFO  main            d.u.i.k.p.r.p.TestFile    Now processing file /home/runner/work/key/key/key.core/../key.ui/examples/heap/list/ArrayList_concatenate.key 
36831      INFO  main            d.u.i.k.p.i.AbstractProblemLoader Loading environment from /home/runner/work/key/key/key.core/../key.ui/examples/heap/list/ArrayList_concatenate.key 
36832      DEBUG main            d.u.i.k.p.i.AbstractProblemLoader Environment load took 296.2ns 
36834      INFO  main            d.u.i.k.p.i.AbstractProblemLoader Creating init config 
38168      DEBUG main            d.u.i.k.j.r.ClassPreparationMethodBuilder clPrepBuilder: Inner Class detected. Reject building class initialisation methods. 
41139      DEBUG main            d.u.i.k.p.i.AbstractProblemLoader Init config took 4.31s 
41235      INFO  main            d.u.i.k.p.i.AbstractProblemLoader Replaying proof ArrayList[List::concatenate(List)].JML normal_behavior operation contract.0 
41238      DEBUG main            d.u.i.k.p.i.IntermediateProofReplayer Proof replay took 7.7ns 
73239      INFO  main            d.u.i.k.p.r.p.TestFile    ... finished proof: closed. 
73588      INFO  main            d.u.i.k.p.i.AbstractProblemLoader Loading environment from /home/runner/work/key/key/key.core/../key.ui/examples/heap/list/ArrayList_concatenate.key.proof 
73589      DEBUG main            d.u.i.k.p.i.AbstractProblemLoader Environment load took 300.7ns 
73593      INFO  main            d.u.i.k.p.i.AbstractProblemLoader Creating init config 
74921      DEBUG main            d.u.i.k.j.r.ClassPreparationMethodBuilder clPrepBuilder: Inner Class detected. Reject building class initialisation methods. 
77763      DEBUG main            d.u.i.k.p.i.AbstractProblemLoader Init config took 4.17s 
77860      INFO  main            d.u.i.k.p.i.AbstractProblemLoader Replaying proof ArrayList[List::concatenate(List)].JML normal_behavior operation contract.0 
80154      DEBUG main            d.u.i.k.p.i.IntermediateProofReplayer Proof replay took 2.22s 
80161      DEBUG main            d.u.i.k.p.r.p.TestFile    ... success: reloaded. 
80163      INFO  main            d.u.i.k.p.r.p.TestFile    Now processing file /home/runner/work/key/key/key.core/../key.ui/examples/heap/list/ArrayList_contains_dep.key 
80163      INFO  main            d.u.i.k.p.i.AbstractProblemLoader Loading environment from /home/runner/work/key/key/key.core/../key.ui/examples/heap/list/ArrayList_contains_dep.key 
80163      DEBUG main            d.u.i.k.p.i.AbstractProblemLoader Environment load took 294.1ns 
80165      INFO  main            d.u.i.k.p.i.AbstractProblemLoader Creating init config 
81518      DEBUG main            d.u.i.k.j.r.ClassPreparationMethodBuilder clPrepBuilder: Inner Class detected. Reject building class initialisation methods. 
84267      DEBUG main            d.u.i.k.p.i.AbstractProblemLoader Init config took 4.1s 
84344      INFO  main            d.u.i.k.p.i.AbstractProblemLoader Replaying proof ArrayList[List::contains(java.lang.Object)].JML accessible clause.0 
84347      DEBUG main            d.u.i.k.p.i.IntermediateProofReplayer Proof replay took 24.1ns 
88144      INFO  main            d.u.i.k.p.r.p.TestFile    ... finished proof: closed. 
88439      INFO  main            d.u.i.k.p.i.AbstractProblemLoader Loading environment from /home/runner/work/key/key/key.core/../key.ui/examples/heap/list/ArrayList_contains_dep.key.proof 
88439      DEBUG main            d.u.i.k.p.i.AbstractProblemLoader Environment load took 626.21ns 
88445      INFO  main            d.u.i.k.p.i.AbstractProblemLoader Creating init config 
89729      DEBUG main            d.u.i.k.j.r.ClassPreparationMethodBuilder clPrepBuilder: Inner Class detected. Reject building class initialisation methods. 
92537      DEBUG main            d.u.i.k.p.i.AbstractProblemLoader Init config took 4.09s 
92618      INFO  main            d.u.i.k.p.i.AbstractProblemLoader Replaying proof ArrayList[List::contains(java.lang.Object)].JML accessible clause.0 
93063      DEBUG main            d.u.i.k.p.i.IntermediateProofReplayer Proof replay took 431.64ms 
93067      DEBUG main            d.u.i.k.p.r.p.TestFile    ... success: reloaded. 
93069      INFO  main            d.u.i.k.p.r.p.TestFile    Now processing file /home/runner/work/key/key/key.core/../key.ui/examples/heap/list/ArrayList_enlarge.key 
93069      INFO  main            d.u.i.k.p.i.AbstractProblemLoader Loading environment from /home/runner/work/key/key/key.core/../key.ui/examples/heap/list/ArrayList_enlarge.key 
93069      DEBUG main            d.u.i.k.p.i.AbstractProblemLoader Environment load took 317.8ns 
93071      INFO  main            d.u.i.k.p.i.AbstractProblemLoader Creating init config 
94370      DEBUG main            d.u.i.k.j.r.ClassPreparationMethodBuilder clPrepBuilder: Inner Class detected. Reject building class initialisation methods. 
97141      DEBUG main            d.u.i.k.p.i.AbstractProblemLoader Init config took 4.07s 
97213      INFO  main            d.u.i.k.p.i.AbstractProblemLoader Replaying proof ArrayList[ArrayList::enlarge()].JML normal_behavior operation contract.0 
97215      DEBUG main            d.u.i.k.p.i.IntermediateProofReplayer Proof replay took 6.6ns 
100245     INFO  main            d.u.i.k.p.r.p.TestFile    ... finished proof: closed. 
100552     INFO  main            d.u.i.k.p.i.AbstractProblemLoader Loading environment from /home/runner/work/key/key/key.core/../key.ui/examples/heap/list/ArrayList_enlarge.key.proof 
100553     DEBUG main            d.u.i.k.p.i.AbstractProblemLoader Environment load took 671.5ns 
100555     INFO  main            d.u.i.k.p.i.AbstractProblemLoader Creating init config 
101803     DEBUG main            d.u.i.k.j.r.ClassPreparationMethodBuilder clPrepBuilder: Inner Class detected. Reject building class initialisation methods. 
104656     DEBUG main            d.u.i.k.p.i.AbstractProblemLoader Init config took 4.1s 
104723     INFO  main            d.u.i.k.p.i.AbstractProblemLoader Replaying proof ArrayList[ArrayList::enlarge()].JML normal_behavior operation contract.0 
105114     DEBUG main            d.u.i.k.p.i.IntermediateProofReplayer Proof replay took 380.46ms 
105115     DEBUG main            d.u.i.k.p.r.p.TestFile    ... success: reloaded. 
105118     INFO  main            d.u.i.k.p.r.p.TestFile    Now processing file /home/runner/work/key/key/key.core/../key.ui/examples/heap/list/ArrayList_footprint.key 
105118     INFO  main            d.u.i.k.p.i.AbstractProblemLoader Loading environment from /home/runner/work/key/key/key.core/../key.ui/examples/heap/list/ArrayList_footprint.key 
105118     DEBUG main            d.u.i.k.p.i.AbstractProblemLoader Environment load took 284ns 
105120     INFO  main            d.u.i.k.p.i.AbstractProblemLoader Creating init config 
106415     DEBUG main            d.u.i.k.j.r.ClassPreparationMethodBuilder clPrepBuilder: Inner Class detected. Reject building class initialisation methods. 
109120     DEBUG main            d.u.i.k.p.i.AbstractProblemLoader Init config took 4s 
109203     INFO  main            d.u.i.k.p.i.AbstractProblemLoader Replaying proof List[List::$footprint()].JML accessible clause.0 
109206     DEBUG main            d.u.i.k.p.i.IntermediateProofReplayer Proof replay took 6.8ns 
109308     INFO  main            d.u.i.k.p.r.p.TestFile    ... finished proof: closed. 
109538     INFO  main            d.u.i.k.p.i.AbstractProblemLoader Loading environment from /home/runner/work/key/key/key.core/../key.ui/examples/heap/list/ArrayList_footprint.key.proof 
109538     DEBUG main            d.u.i.k.p.i.AbstractProblemLoader Environment load took 148.5ns 
109540     INFO  main            d.u.i.k.p.i.AbstractProblemLoader Creating init config 
110813     DEBUG main            d.u.i.k.j.r.ClassPreparationMethodBuilder clPrepBuilder: Inner Class detected. Reject building class initialisation methods. 
113514     DEBUG main            d.u.i.k.p.i.AbstractProblemLoader Init config took 3.97s 
113572     INFO  main            d.u.i.k.p.i.AbstractProblemLoader Replaying proof List[List::$footprint()].JML accessible clause.0 
113575     DEBUG main            d.u.i.k.p.i.IntermediateProofReplayer Proof replay took 1.12ms 
113577     DEBUG main            d.u.i.k.p.r.p.TestFile    ... success: reloaded. 
113578     INFO  main            d.u.i.k.p.r.p.TestFile    Now processing file /home/runner/work/key/key/key.core/../key.ui/examples/heap/list/ArrayList_get_dep.key 
113579     INFO  main            d.u.i.k.p.i.AbstractProblemLoader Loading environment from /home/runner/work/key/key/key.core/../key.ui/examples/heap/list/ArrayList_get_dep.key 
113579     DEBUG main            d.u.i.k.p.i.AbstractProblemLoader Environment load took 307.6ns 
113581     INFO  main            d.u.i.k.p.i.AbstractProblemLoader Creating init config 
114860     DEBUG main            d.u.i.k.j.r.ClassPreparationMethodBuilder clPrepBuilder: Inner Class detected. Reject building class initialisation methods. 
117551     DEBUG main            d.u.i.k.p.i.AbstractProblemLoader Init config took 3.97s 
117622     INFO  main            d.u.i.k.p.i.AbstractProblemLoader Replaying proof ArrayList[List::get(int)].JML accessible clause.0 
117625     DEBUG main            d.u.i.k.p.i.IntermediateProofReplayer Proof replay took 7.5ns 
118235     INFO  main            d.u.i.k.p.r.p.TestFile    ... finished proof: closed. 
118510     INFO  main            d.u.i.k.p.i.AbstractProblemLoader Loading environment from /home/runner/work/key/key/key.core/../key.ui/examples/heap/list/ArrayList_get_dep.key.proof 
118511     DEBUG main            d.u.i.k.p.i.AbstractProblemLoader Environment load took 980.62ns 
118514     INFO  main            d.u.i.k.p.i.AbstractProblemLoader Creating init config 
119770     DEBUG main            d.u.i.k.j.r.ClassPreparationMethodBuilder clPrepBuilder: Inner Class detected. Reject building class initialisation methods. 
122387     DEBUG main            d.u.i.k.p.i.AbstractProblemLoader Init config took 3.87s 
122449     INFO  main            d.u.i.k.p.i.AbstractProblemLoader Replaying proof ArrayList[List::get(int)].JML accessible clause.0 
122522     DEBUG main            d.u.i.k.p.i.IntermediateProofReplayer Proof replay took 68.93ms 
122523     DEBUG main            d.u.i.k.p.r.p.TestFile    ... success: reloaded. 
122525     INFO  main            d.u.i.k.p.r.p.TestFile    Now processing file /home/runner/work/key/key/key.core/../key.ui/examples/heap/list/ArrayList_get_exceptional.key 
122525     INFO  main            d.u.i.k.p.i.AbstractProblemLoader Loading environment from /home/runner/work/key/key/key.core/../key.ui/examples/heap/list/ArrayList_get_exceptional.key 
122525     DEBUG main            d.u.i.k.p.i.AbstractProblemLoader Environment load took 199.8ns 
122526     INFO  main            d.u.i.k.p.i.AbstractProblemLoader Creating init config 
123785     DEBUG main            d.u.i.k.j.r.ClassPreparationMethodBuilder clPrepBuilder: Inner Class detected. Reject building class initialisation methods. 
126531     DEBUG main            d.u.i.k.p.i.AbstractProblemLoader Init config took 4.01s 
126598     INFO  main            d.u.i.k.p.i.AbstractProblemLoader Replaying proof ArrayList[List::get(int)].JML exceptional_behavior operation contract.0 
126600     DEBUG main            d.u.i.k.p.i.IntermediateProofReplayer Proof replay took 7.4ns 
128214     INFO  main            d.u.i.k.p.r.p.TestFile    ... finished proof: closed. 
128511     INFO  main            d.u.i.k.p.i.AbstractProblemLoader Loading environment from /home/runner/work/key/key/key.core/../key.ui/examples/heap/list/ArrayList_get_exceptional.key.proof 
128512     DEBUG main            d.u.i.k.p.i.AbstractProblemLoader Environment load took 628.21ns 
128513     INFO  main            d.u.i.k.p.i.AbstractProblemLoader Creating init config 
129738     DEBUG main            d.u.i.k.j.r.ClassPreparationMethodBuilder clPrepBuilder: Inner Class detected. Reject building class initialisation methods. 
132419     DEBUG main            d.u.i.k.p.i.AbstractProblemLoader Init config took 3.91s 
132504     INFO  main            d.u.i.k.p.i.AbstractProblemLoader Replaying proof ArrayList[List::get(int)].JML exceptional_behavior operation contract.0 
132751     DEBUG main            d.u.i.k.p.i.IntermediateProofReplayer Proof replay took 236.2ms 
132753     DEBUG main            d.u.i.k.p.r.p.TestFile    ... success: reloaded. 
132754     INFO  main            d.u.i.k.p.r.p.TestFile    Now processing file /home/runner/work/key/key/key.core/../key.ui/examples/heap/list/ArrayList_get_normal.key 
132755     INFO  main            d.u.i.k.p.i.AbstractProblemLoader Loading environment from /home/runner/work/key/key/key.core/../key.ui/examples/heap/list/ArrayList_get_normal.key 
132755     DEBUG main            d.u.i.k.p.i.AbstractProblemLoader Environment load took 280.5ns 
132756     INFO  main            d.u.i.k.p.i.AbstractProblemLoader Creating init config 
134035     DEBUG main            d.u.i.k.j.r.ClassPreparationMethodBuilder clPrepBuilder: Inner Class detected. Reject building class initialisation methods. 
136848     DEBUG main            d.u.i.k.p.i.AbstractProblemLoader Init config took 4.09s 
136909     INFO  main            d.u.i.k.p.i.AbstractProblemLoader Replaying proof ArrayList[List::get(int)].JML normal_behavior operation contract.0 
136911     DEBUG main            d.u.i.k.p.i.IntermediateProofReplayer Proof replay took 7.2ns 
137520     INFO  main            d.u.i.k.p.r.p.TestFile    ... finished proof: closed. 
137815     INFO  main            d.u.i.k.p.i.AbstractProblemLoader Loading environment from /home/runner/work/key/key/key.core/../key.ui/examples/heap/list/ArrayList_get_normal.key.proof 
137816     DEBUG main            d.u.i.k.p.i.AbstractProblemLoader Environment load took 811.71ns 
137818     INFO  main            d.u.i.k.p.i.AbstractProblemLoader Creating init config 
139078     DEBUG main            d.u.i.k.j.r.ClassPreparationMethodBuilder clPrepBuilder: Inner Class detected. Reject building class initialisation methods. 
141788     DEBUG main            d.u.i.k.p.i.AbstractProblemLoader Init config took 3.97s 
141852     INFO  main            d.u.i.k.p.i.AbstractProblemLoader Replaying proof ArrayList[List::get(int)].JML normal_behavior operation contract.0 
141927     DEBUG main            d.u.i.k.p.i.IntermediateProofReplayer Proof replay took 70.72ms 
141931     DEBUG main            d.u.i.k.p.r.p.TestFile    ... success: reloaded. 
141932     INFO  main            d.u.i.k.p.r.p.TestFile    Now processing file /home/runner/work/key/key/key.core/../key.ui/examples/heap/list/ArrayList_inv.key 
141932     INFO  main            d.u.i.k.p.i.AbstractProblemLoader Loading environment from /home/runner/work/key/key/key.core/../key.ui/examples/heap/list/ArrayList_inv.key 
141932     DEBUG main            d.u.i.k.p.i.AbstractProblemLoader Environment load took 130.2ns 
141934     INFO  main            d.u.i.k.p.i.AbstractProblemLoader Creating init config 
143228     DEBUG main            d.u.i.k.j.r.ClassPreparationMethodBuilder clPrepBuilder: Inner Class detected. Reject building class initialisation methods. 
146010     DEBUG main            d.u.i.k.p.i.AbstractProblemLoader Init config took 4.08s 
146074     INFO  main            d.u.i.k.p.i.AbstractProblemLoader Replaying proof ArrayList[java.lang.Object::<inv>()].JML accessible clause.0 
146076     DEBUG main            d.u.i.k.p.i.IntermediateProofReplayer Proof replay took 7ns 
146580     INFO  main            d.u.i.k.p.r.p.TestFile    ... finished proof: closed. 
146890     INFO  main            d.u.i.k.p.i.AbstractProblemLoader Loading environment from /home/runner/work/key/key/key.core/../key.ui/examples/heap/list/ArrayList_inv.key.proof 
146890     DEBUG main            d.u.i.k.p.i.AbstractProblemLoader Environment load took 254.2ns 
146892     INFO  main            d.u.i.k.p.i.AbstractProblemLoader Creating init config 
148122     DEBUG main            d.u.i.k.j.r.ClassPreparationMethodBuilder clPrepBuilder: Inner Class detected. Reject building class initialisation methods. 
150903     DEBUG main            d.u.i.k.p.i.AbstractProblemLoader Init config took 4.01s 
150987     INFO  main            d.u.i.k.p.i.AbstractProblemLoader Replaying proof ArrayList[java.lang.Object::<inv>()].JML accessible clause.0 
151037     DEBUG main            d.u.i.k.p.i.IntermediateProofReplayer Proof replay took 46.19ms 
151038     DEBUG main            d.u.i.k.p.r.p.TestFile    ... success: reloaded. 
151040     INFO  main            d.u.i.k.p.r.p.TestFile    Now processing file /home/runner/work/key/key/key.core/../key.ui/examples/heap/list/ArrayList_iterator.key 
151040     INFO  main            d.u.i.k.p.i.AbstractProblemLoader Loading environment from /home/runner/work/key/key/key.core/../key.ui/examples/heap/list/ArrayList_iterator.key 
151040     DEBUG main            d.u.i.k.p.i.AbstractProblemLoader Environment load took 134.7ns 
151041     INFO  main            d.u.i.k.p.i.AbstractProblemLoader Creating init config 
152333     DEBUG main            d.u.i.k.j.r.ClassPreparationMethodBuilder clPrepBuilder: Inner Class detected. Reject building class initialisation methods. 
155064     DEBUG main            d.u.i.k.p.i.AbstractProblemLoader Init config took 4.02s 
155126     INFO  main            d.u.i.k.p.i.AbstractProblemLoader Replaying proof ArrayList[List::iterator()].JML normal_behavior operation contract.0 
155128     DEBUG main            d.u.i.k.p.i.IntermediateProofReplayer Proof replay took 7.5ns 
155833     INFO  main            d.u.i.k.p.r.p.TestFile    ... finished proof: closed. 
156149     INFO  main            d.u.i.k.p.i.AbstractProblemLoader Loading environment from /home/runner/work/key/key/key.core/../key.ui/examples/heap/list/ArrayList_iterator.key.proof 
156155     DEBUG main            d.u.i.k.p.i.AbstractProblemLoader Environment load took 6.03ms 
156157     INFO  main            d.u.i.k.p.i.AbstractProblemLoader Creating init config 
157369     DEBUG main            d.u.i.k.j.r.ClassPreparationMethodBuilder clPrepBuilder: Inner Class detected. Reject building class initialisation methods. 
160048     DEBUG main            d.u.i.k.p.i.AbstractProblemLoader Init config took 3.89s 
160111     INFO  main            d.u.i.k.p.i.AbstractProblemLoader Replaying proof ArrayList[List::iterator()].JML normal_behavior operation contract.0 
160201     DEBUG main            d.u.i.k.p.i.IntermediateProofReplayer Proof replay took 85.69ms 
160203     DEBUG main            d.u.i.k.p.r.p.TestFile    ... success: reloaded. 
160204     INFO  main            d.u.i.k.p.r.p.TestFile    Now processing file /home/runner/work/key/key/key.core/../key.ui/examples/heap/list/ArrayList_size_dep.key 
160205     INFO  main            d.u.i.k.p.i.AbstractProblemLoader Loading environment from /home/runner/work/key/key/key.core/../key.ui/examples/heap/list/ArrayList_size_dep.key 
160205     DEBUG main            d.u.i.k.p.i.AbstractProblemLoader Environment load took 146.3ns 
160206     INFO  main            d.u.i.k.p.i.AbstractProblemLoader Creating init config 
161448     DEBUG main            d.u.i.k.j.r.ClassPreparationMethodBuilder clPrepBuilder: Inner Class detected. Reject building class initialisation methods. 
164231     DEBUG main            d.u.i.k.p.i.AbstractProblemLoader Init config took 4.03s 
164299     INFO  main            d.u.i.k.p.i.AbstractProblemLoader Replaying proof ArrayList[List::size()].JML accessible clause.0 
164302     DEBUG main            d.u.i.k.p.i.IntermediateProofReplayer Proof replay took 8.5ns 
164504     INFO  main            d.u.i.k.p.r.p.TestFile    ... finished proof: closed. 
164810     INFO  main            d.u.i.k.p.i.AbstractProblemLoader Loading environment from /home/runner/work/key/key/key.core/../key.ui/examples/heap/list/ArrayList_size_dep.key.proof 
164810     DEBUG main            d.u.i.k.p.i.AbstractProblemLoader Environment load took 145.7ns 
164811     INFO  main            d.u.i.k.p.i.AbstractProblemLoader Creating init config 
166026     DEBUG main            d.u.i.k.j.r.ClassPreparationMethodBuilder clPrepBuilder: Inner Class detected. Reject building class initialisation methods. 
168748     DEBUG main            d.u.i.k.p.i.AbstractProblemLoader Init config took 3.94s 
168808     INFO  main            d.u.i.k.p.i.AbstractProblemLoader Replaying proof ArrayList[List::size()].JML accessible clause.0 
168835     DEBUG main            d.u.i.k.p.i.IntermediateProofReplayer Proof replay took 22.72ms 
168836     DEBUG main            d.u.i.k.p.r.p.TestFile    ... success: reloaded. 
168838     INFO  main            d.u.i.k.p.r.p.TestFile    Now processing file /home/runner/work/key/key/key.core/../key.ui/examples/heap/list/ArrayList_size.key 
168838     INFO  main            d.u.i.k.p.i.AbstractProblemLoader Loading environment from /home/runner/work/key/key/key.core/../key.ui/examples/heap/list/ArrayList_size.key 
168839     DEBUG main            d.u.i.k.p.i.AbstractProblemLoader Environment load took 281.3ns 
168840     INFO  main            d.u.i.k.p.i.AbstractProblemLoader Creating init config 
170087     DEBUG main            d.u.i.k.j.r.ClassPreparationMethodBuilder clPrepBuilder: Inner Class detected. Reject building class initialisation methods. 
172731     DEBUG main            d.u.i.k.p.i.AbstractProblemLoader Init config took 3.89s 
172798     INFO  main            d.u.i.k.p.i.AbstractProblemLoader Replaying proof ArrayList[List::size()].JML normal_behavior operation contract.0 
172801     DEBUG main            d.u.i.k.p.i.IntermediateProofReplayer Proof replay took 7.7ns 
173104     INFO  main            d.u.i.k.p.r.p.TestFile    ... finished proof: closed. 
173422     INFO  main            d.u.i.k.p.i.AbstractProblemLoader Loading environment from /home/runner/work/key/key/key.core/../key.ui/examples/heap/list/ArrayList_size.key.proof 
173424     DEBUG main            d.u.i.k.p.i.AbstractProblemLoader Environment load took 980.51ns 
173425     INFO  main            d.u.i.k.p.i.AbstractProblemLoader Creating init config 
174636     DEBUG main            d.u.i.k.j.r.ClassPreparationMethodBuilder clPrepBuilder: Inner Class detected. Reject building class initialisation methods. 
177278     DEBUG main            d.u.i.k.p.i.AbstractProblemLoader Init config took 3.85s 
177356     INFO  main            d.u.i.k.p.i.AbstractProblemLoader Replaying proof ArrayList[List::size()].JML normal_behavior operation contract.0 
177394     DEBUG main            d.u.i.k.p.i.IntermediateProofReplayer Proof replay took 34.56ms 
177395     DEBUG main            d.u.i.k.p.r.p.TestFile    ... success: reloaded. 
177396     INFO  main            d.u.i.k.p.r.p.TestFile    Now processing file /home/runner/work/key/key/key.core/../key.ui/examples/heap/list/ArrayList.ArrayListIterator_ArrayListIterator.key 
177397     INFO  main            d.u.i.k.p.i.AbstractProblemLoader Loading environment from /home/runner/work/key/key/key.core/../key.ui/examples/heap/list/ArrayList.ArrayListIterator_ArrayListIterator.key 
177397     DEBUG main            d.u.i.k.p.i.AbstractProblemLoader Environment load took 130.7ns 
177398     INFO  main            d.u.i.k.p.i.AbstractProblemLoader Creating init config 
178619     DEBUG main            d.u.i.k.j.r.ClassPreparationMethodBuilder clPrepBuilder: Inner Class detected. Reject building class initialisation methods. 
181382     DEBUG main            d.u.i.k.p.i.AbstractProblemLoader Init config took 3.98s 
181458     INFO  main            d.u.i.k.p.i.AbstractProblemLoader Replaying proof ArrayList.ArrayListIterator[ArrayList.ArrayListIterator::ArrayListIterator(ArrayList)].JML normal_behavior operation contract.0 
181461     DEBUG main            d.u.i.k.p.i.IntermediateProofReplayer Proof replay took 8.1ns 
182365     INFO  main            d.u.i.k.p.r.p.TestFile    ... finished proof: closed. 
182687     INFO  main            d.u.i.k.p.i.AbstractProblemLoader Loading environment from /home/runner/work/key/key/key.core/../key.ui/examples/heap/list/ArrayList.ArrayListIterator_ArrayListIterator.key.proof 
182687     DEBUG main            d.u.i.k.p.i.AbstractProblemLoader Environment load took 909.01ns 
182689     INFO  main            d.u.i.k.p.i.AbstractProblemLoader Creating init config 
183868     DEBUG main            d.u.i.k.j.r.ClassPreparationMethodBuilder clPrepBuilder: Inner Class detected. Reject building class initialisation methods. 
186413     DEBUG main            d.u.i.k.p.i.AbstractProblemLoader Init config took 3.72s 
186485     INFO  main            d.u.i.k.p.i.AbstractProblemLoader Replaying proof ArrayList.ArrayListIterator[ArrayList.ArrayListIterator::ArrayListIterator(ArrayList)].JML normal_behavior operation contract.0 
186586     DEBUG main            d.u.i.k.p.i.IntermediateProofReplayer Proof replay took 94.65ms 
186587     DEBUG main            d.u.i.k.p.r.p.TestFile    ... success: reloaded. 
186589     INFO  main            d.u.i.k.p.r.p.TestFile    Now processing file /home/runner/work/key/key/key.core/../key.ui/examples/heap/list/ArrayList.ArrayListIterator_hasNext_dep.key 
186589     INFO  main            d.u.i.k.p.i.AbstractProblemLoader Loading environment from /home/runner/work/key/key/key.core/../key.ui/examples/heap/list/ArrayList.ArrayListIterator_hasNext_dep.key 
186589     DEBUG main            d.u.i.k.p.i.AbstractProblemLoader Environment load took 255ns 
186591     INFO  main            d.u.i.k.p.i.AbstractProblemLoader Creating init config 
187757     DEBUG main            d.u.i.k.j.r.ClassPreparationMethodBuilder clPrepBuilder: Inner Class detected. Reject building class initialisation methods. 
190284     DEBUG main            d.u.i.k.p.i.AbstractProblemLoader Init config took 3.69s 
190349     INFO  main            d.u.i.k.p.i.AbstractProblemLoader Replaying proof ArrayList.ArrayListIterator[ListIterator::hasNext()].JML accessible clause.0 
190351     DEBUG main            d.u.i.k.p.i.IntermediateProofReplayer Proof replay took 7.2ns 
190855     INFO  main            d.u.i.k.p.r.p.TestFile    ... finished proof: closed. 
191169     INFO  main            d.u.i.k.p.i.AbstractProblemLoader Loading environment from /home/runner/work/key/key/key.core/../key.ui/examples/heap/list/ArrayList.ArrayListIterator_hasNext_dep.key.proof 
191169     DEBUG main            d.u.i.k.p.i.AbstractProblemLoader Environment load took 677.41ns 
191171     INFO  main            d.u.i.k.p.i.AbstractProblemLoader Creating init config 
192317     DEBUG main            d.u.i.k.j.r.ClassPreparationMethodBuilder clPrepBuilder: Inner Class detected. Reject building class initialisation methods. 
194770     DEBUG main            d.u.i.k.p.i.AbstractProblemLoader Init config took 3.6s 
194835     INFO  main            d.u.i.k.p.i.AbstractProblemLoader Replaying proof ArrayList.ArrayListIterator[ListIterator::hasNext()].JML accessible clause.0 
194882     DEBUG main            d.u.i.k.p.i.IntermediateProofReplayer Proof replay took 44.69ms 
194884     DEBUG main            d.u.i.k.p.r.p.TestFile    ... success: reloaded. 
194885     INFO  main            d.u.i.k.p.r.p.TestFile    Now processing file /home/runner/work/key/key/key.core/../key.ui/examples/heap/list/ArrayList.ArrayListIterator_hasNext.key 
194886     INFO  main            d.u.i.k.p.i.AbstractProblemLoader Loading environment from /home/runner/work/key/key/key.core/../key.ui/examples/heap/list/ArrayList.ArrayListIterator_hasNext.key 
194886     DEBUG main            d.u.i.k.p.i.AbstractProblemLoader Environment load took 355.5ns 
194887     INFO  main            d.u.i.k.p.i.AbstractProblemLoader Creating init config 
196085     DEBUG main            d.u.i.k.j.r.ClassPreparationMethodBuilder clPrepBuilder: Inner Class detected. Reject building class initialisation methods. 
198707     DEBUG main            d.u.i.k.p.i.AbstractProblemLoader Init config took 3.82s 
198788     INFO  main            d.u.i.k.p.i.AbstractProblemLoader Replaying proof ArrayList.ArrayListIterator[ListIterator::hasNext()].JML normal_behavior operation contract.0 
198790     DEBUG main            d.u.i.k.p.i.IntermediateProofReplayer Proof replay took 8.6ns 
199299     INFO  main            d.u.i.k.p.r.p.TestFile    ... finished proof: closed. 
199646     INFO  main            d.u.i.k.p.i.AbstractProblemLoader Loading environment from /home/runner/work/key/key/key.core/../key.ui/examples/heap/list/ArrayList.ArrayListIterator_hasNext.key.proof 
199647     DEBUG main            d.u.i.k.p.i.AbstractProblemLoader Environment load took 143.1ns 
199648     INFO  main            d.u.i.k.p.i.AbstractProblemLoader Creating init config 
200867     DEBUG main            d.u.i.k.j.r.ClassPreparationMethodBuilder clPrepBuilder: Inner Class detected. Reject building class initialisation methods. 
203419     DEBUG main            d.u.i.k.p.i.AbstractProblemLoader Init config took 3.77s 
203505     INFO  main            d.u.i.k.p.i.AbstractProblemLoader Replaying proof ArrayList.ArrayListIterator[ListIterator::hasNext()].JML normal_behavior operation contract.0 
203562     DEBUG main            d.u.i.k.p.i.IntermediateProofReplayer Proof replay took 53.25ms 
203564     DEBUG main            d.u.i.k.p.r.p.TestFile    ... success: reloaded. 
203565     INFO  main            d.u.i.k.p.r.p.TestFile    Now processing file /home/runner/work/key/key/key.core/../key.ui/examples/heap/list/ArrayList.ArrayListIterator_inv.key 
203566     INFO  main            d.u.i.k.p.i.AbstractProblemLoader Loading environment from /home/runner/work/key/key/key.core/../key.ui/examples/heap/list/ArrayList.ArrayListIterator_inv.key 
203566     DEBUG main            d.u.i.k.p.i.AbstractProblemLoader Environment load took 75.7ns 
203567     INFO  main            d.u.i.k.p.i.AbstractProblemLoader Creating init config 
204816     DEBUG main            d.u.i.k.j.r.ClassPreparationMethodBuilder clPrepBuilder: Inner Class detected. Reject building class initialisation methods. 
207377     DEBUG main            d.u.i.k.p.i.AbstractProblemLoader Init config took 3.81s 
207455     INFO  main            d.u.i.k.p.i.AbstractProblemLoader Replaying proof ArrayList.ArrayListIterator[java.lang.Object::<inv>()].JML accessible clause.0 
207458     DEBUG main            d.u.i.k.p.i.IntermediateProofReplayer Proof replay took 7.3ns 
208764     INFO  main            d.u.i.k.p.r.p.TestFile    ... finished proof: closed. 
209137     INFO  main            d.u.i.k.p.i.AbstractProblemLoader Loading environment from /home/runner/work/key/key/key.core/../key.ui/examples/heap/list/ArrayList.ArrayListIterator_inv.key.proof 
209137     DEBUG main            d.u.i.k.p.i.AbstractProblemLoader Environment load took 139.9ns 
209138     INFO  main            d.u.i.k.p.i.AbstractProblemLoader Creating init config 
210318     DEBUG main            d.u.i.k.j.r.ClassPreparationMethodBuilder clPrepBuilder: Inner Class detected. Reject building class initialisation methods. 
212855     DEBUG main            d.u.i.k.p.i.AbstractProblemLoader Init config took 3.72s 
212923     INFO  main            d.u.i.k.p.i.AbstractProblemLoader Replaying proof ArrayList.ArrayListIterator[java.lang.Object::<inv>()].JML accessible clause.0 
213028     DEBUG main            d.u.i.k.p.i.IntermediateProofReplayer Proof replay took 97ms 
213029     DEBUG main            d.u.i.k.p.r.p.TestFile    ... success: reloaded. 
213032     INFO  main            d.u.i.k.p.r.p.TestFile    Now processing file /home/runner/work/key/key/key.core/../key.ui/examples/heap/list/ArrayList.ArrayListIterator_list.key 
213032     INFO  main            d.u.i.k.p.i.AbstractProblemLoader Loading environment from /home/runner/work/key/key/key.core/../key.ui/examples/heap/list/ArrayList.ArrayListIterator_list.key 
213032     DEBUG main            d.u.i.k.p.i.AbstractProblemLoader Environment load took 77.7ns 
213033     INFO  main            d.u.i.k.p.i.AbstractProblemLoader Creating init config 
214292     DEBUG main            d.u.i.k.j.r.ClassPreparationMethodBuilder clPrepBuilder: Inner Class detected. Reject building class initialisation methods. 
216806     DEBUG main            d.u.i.k.p.i.AbstractProblemLoader Init config took 3.77s 
216856     INFO  main            d.u.i.k.p.i.AbstractProblemLoader Replaying proof ListIterator[ListIterator::$list()].JML accessible clause.0 
216858     DEBUG main            d.u.i.k.p.i.IntermediateProofReplayer Proof replay took 7.5ns 
216961     INFO  main            d.u.i.k.p.r.p.TestFile    ... finished proof: closed. 
217296     INFO  main            d.u.i.k.p.i.AbstractProblemLoader Loading environment from /home/runner/work/key/key/key.core/../key.ui/examples/heap/list/ArrayList.ArrayListIterator_list.key.proof 
217296     DEBUG main            d.u.i.k.p.i.AbstractProblemLoader Environment load took 168.9ns 
217297     INFO  main            d.u.i.k.p.i.AbstractProblemLoader Creating init config 
218482     DEBUG main            d.u.i.k.j.r.ClassPreparationMethodBuilder clPrepBuilder: Inner Class detected. Reject building class initialisation methods. 
221114     DEBUG main            d.u.i.k.p.i.AbstractProblemLoader Init config took 3.82s 
221166     INFO  main            d.u.i.k.p.i.AbstractProblemLoader Replaying proof ListIterator[ListIterator::$list()].JML accessible clause.0 
221170     DEBUG main            d.u.i.k.p.i.IntermediateProofReplayer Proof replay took 980.81ns 
221170     DEBUG main            d.u.i.k.p.r.p.TestFile    ... success: reloaded. 
221172     INFO  main            d.u.i.k.p.r.p.TestFile    Now processing file /home/runner/work/key/key/key.core/../key.ui/examples/heap/list/ArrayList.ArrayListIterator_next_exceptional.key 
221172     INFO  main            d.u.i.k.p.i.AbstractProblemLoader Loading environment from /home/runner/work/key/key/key.core/../key.ui/examples/heap/list/ArrayList.ArrayListIterator_next_exceptional.key 
221172     DEBUG main            d.u.i.k.p.i.AbstractProblemLoader Environment load took 101ns 
221173     INFO  main            d.u.i.k.p.i.AbstractProblemLoader Creating init config 
222415     DEBUG main            d.u.i.k.j.r.ClassPreparationMethodBuilder clPrepBuilder: Inner Class detected. Reject building class initialisation methods. 
225034     DEBUG main            d.u.i.k.p.i.AbstractProblemLoader Init config took 3.86s 
225108     INFO  main            d.u.i.k.p.i.AbstractProblemLoader Replaying proof ArrayList.ArrayListIterator[ListIterator::next()].JML exceptional_behavior operation contract.0 
225111     DEBUG main            d.u.i.k.p.i.IntermediateProofReplayer Proof replay took 7.7ns 
226216     INFO  main            d.u.i.k.p.r.p.TestFile    ... finished proof: closed. 
226594     INFO  main            d.u.i.k.p.i.AbstractProblemLoader Loading environment from /home/runner/work/key/key/key.core/../key.ui/examples/heap/list/ArrayList.ArrayListIterator_next_exceptional.key.proof 
226595     DEBUG main            d.u.i.k.p.i.AbstractProblemLoader Environment load took 613.71ns 
226597     INFO  main            d.u.i.k.p.i.AbstractProblemLoader Creating init config 
227786     DEBUG main            d.u.i.k.j.r.ClassPreparationMethodBuilder clPrepBuilder: Inner Class detected. Reject building class initialisation methods. 
230413     DEBUG main            d.u.i.k.p.i.AbstractProblemLoader Init config took 3.82s 
230480     INFO  main            d.u.i.k.p.i.AbstractProblemLoader Replaying proof ArrayList.ArrayListIterator[ListIterator::next()].JML exceptional_behavior operation contract.0 
230609     DEBUG main            d.u.i.k.p.i.IntermediateProofReplayer Proof replay took 123.71ms 
230610     DEBUG main            d.u.i.k.p.r.p.TestFile    ... success: reloaded. 
230611     INFO  main            d.u.i.k.p.r.p.TestFile    Now processing file /home/runner/work/key/key/key.core/../key.ui/examples/heap/list/ArrayList.ArrayListIterator_next_normal.key 
230612     INFO  main            d.u.i.k.p.i.AbstractProblemLoader Loading environment from /home/runner/work/key/key/key.core/../key.ui/examples/heap/list/ArrayList.ArrayListIterator_next_normal.key 
230612     DEBUG main            d.u.i.k.p.i.AbstractProblemLoader Environment load took 154.3ns 
230613     INFO  main            d.u.i.k.p.i.AbstractProblemLoader Creating init config 
231884     DEBUG main            d.u.i.k.j.r.ClassPreparationMethodBuilder clPrepBuilder: Inner Class detected. Reject building class initialisation methods. 
234578     DEBUG main            d.u.i.k.p.i.AbstractProblemLoader Init config took 3.96s 
234670     INFO  main            d.u.i.k.p.i.AbstractProblemLoader Replaying proof ArrayList.ArrayListIterator[ListIterator::next()].JML normal_behavior operation contract.0 
234672     DEBUG main            d.u.i.k.p.i.IntermediateProofReplayer Proof replay took 7.5ns 
235783     INFO  main            d.u.i.k.p.r.p.TestFile    ... finished proof: closed. 
236202     INFO  main            d.u.i.k.p.i.AbstractProblemLoader Loading environment from /home/runner/work/key/key/key.core/../key.ui/examples/heap/list/ArrayList.ArrayListIterator_next_normal.key.proof 
236202     DEBUG main            d.u.i.k.p.i.AbstractProblemLoader Environment load took 136ns 
236203     INFO  main            d.u.i.k.p.i.AbstractProblemLoader Creating init config 
237400     DEBUG main            d.u.i.k.j.r.ClassPreparationMethodBuilder clPrepBuilder: Inner Class detected. Reject building class initialisation methods. 
239990     DEBUG main            d.u.i.k.p.i.AbstractProblemLoader Init config took 3.79s 
240060     INFO  main            d.u.i.k.p.i.AbstractProblemLoader Replaying proof ArrayList.ArrayListIterator[ListIterator::next()].JML normal_behavior operation contract.0 
240231     DEBUG main            d.u.i.k.p.i.IntermediateProofReplayer Proof replay took 165.25ms 
240232     DEBUG main            d.u.i.k.p.r.p.TestFile    ... success: reloaded. 
240234     INFO  main            d.u.i.k.p.r.p.TestFile    Now processing file /home/runner/work/key/key/key.core/../key.ui/examples/heap/list/ArrayList.ArrayListIterator_pos.key 
240234     INFO  main            d.u.i.k.p.i.AbstractProblemLoader Loading environment from /home/runner/work/key/key/key.core/../key.ui/examples/heap/list/ArrayList.ArrayListIterator_pos.key 
240234     DEBUG main            d.u.i.k.p.i.AbstractProblemLoader Environment load took 148.3ns 
240236     INFO  main            d.u.i.k.p.i.AbstractProblemLoader Creating init config 
241460     DEBUG main            d.u.i.k.j.r.ClassPreparationMethodBuilder clPrepBuilder: Inner Class detected. Reject building class initialisation methods. 
244097     DEBUG main            d.u.i.k.p.i.AbstractProblemLoader Init config took 3.86s 
244148     INFO  main            d.u.i.k.p.i.AbstractProblemLoader Replaying proof ListIterator[ListIterator::$pos()].JML accessible clause.0 
244150     DEBUG main            d.u.i.k.p.i.IntermediateProofReplayer Proof replay took 7.3ns 
244254     INFO  main            d.u.i.k.p.r.p.TestFile    ... finished proof: closed. 
244611     INFO  main            d.u.i.k.p.i.AbstractProblemLoader Loading environment from /home/runner/work/key/key/key.core/../key.ui/examples/heap/list/ArrayList.ArrayListIterator_pos.key.proof 
244611     DEBUG main            d.u.i.k.p.i.AbstractProblemLoader Environment load took 137.3ns 
244612     INFO  main            d.u.i.k.p.i.AbstractProblemLoader Creating init config 
245829     DEBUG main            d.u.i.k.j.r.ClassPreparationMethodBuilder clPrepBuilder: Inner Class detected. Reject building class initialisation methods. 
248357     DEBUG main            d.u.i.k.p.i.AbstractProblemLoader Init config took 3.74s 
248411     INFO  main            d.u.i.k.p.i.AbstractProblemLoader Replaying proof ListIterator[ListIterator::$pos()].JML accessible clause.0 
248416     DEBUG main            d.u.i.k.p.i.IntermediateProofReplayer Proof replay took 949.41ns 
248419     DEBUG main            d.u.i.k.p.r.p.TestFile    ... success: reloaded. 
248421     INFO  main            d.u.i.k.p.r.p.TestFile    Now processing file /home/runner/work/key/key/key.core/../key.ui/examples/heap/list/Client_m.key 
248421     INFO  main            d.u.i.k.p.i.AbstractProblemLoader Loading environment from /home/runner/work/key/key/key.core/../key.ui/examples/heap/list/Client_m.key 
248422     DEBUG main            d.u.i.k.p.i.AbstractProblemLoader Environment load took 331.5ns 
248423     INFO  main            d.u.i.k.p.i.AbstractProblemLoader Creating init config 
249619     DEBUG main            d.u.i.k.j.r.ClassPreparationMethodBuilder clPrepBuilder: Inner Class detected. Reject building class initialisation methods. 
252171     DEBUG main            d.u.i.k.p.i.AbstractProblemLoader Init config took 3.75s 
252222     INFO  main            d.u.i.k.p.i.AbstractProblemLoader Replaying proof Client[Client::m(List)].JML normal_behavior operation contract.0 
252224     DEBUG main            d.u.i.k.p.i.IntermediateProofReplayer Proof replay took 7.7ns 
252628     INFO  main            d.u.i.k.p.r.p.TestFile    ... finished proof: closed. 
253011     INFO  main            d.u.i.k.p.i.AbstractProblemLoader Loading environment from /home/runner/work/key/key/key.core/../key.ui/examples/heap/list/Client_m.key.proof 
253011     DEBUG main            d.u.i.k.p.i.AbstractProblemLoader Environment load took 135.1ns 
253012     INFO  main            d.u.i.k.p.i.AbstractProblemLoader Creating init config 
254255     DEBUG main            d.u.i.k.j.r.ClassPreparationMethodBuilder clPrepBuilder: Inner Class detected. Reject building class initialisation methods. 
256880     DEBUG main            d.u.i.k.p.i.AbstractProblemLoader Init config took 3.87s 
256941     INFO  main            d.u.i.k.p.i.AbstractProblemLoader Replaying proof Client[Client::m(List)].JML normal_behavior operation contract.0 
257015     DEBUG main            d.u.i.k.p.i.IntermediateProofReplayer Proof replay took 70.08ms 
257017     DEBUG main            d.u.i.k.p.r.p.TestFile    ... success: reloaded. 
257018     INFO  main            d.u.i.k.p.r.p.TestFile    Now processing file /home/runner/work/key/key/key.core/../key.ui/examples/heap/list/Client_n.key 
257018     INFO  main            d.u.i.k.p.i.AbstractProblemLoader Loading environment from /home/runner/work/key/key/key.core/../key.ui/examples/heap/list/Client_n.key 
257019     DEBUG main            d.u.i.k.p.i.AbstractProblemLoader Environment load took 99.4ns 
257020     INFO  main            d.u.i.k.p.i.AbstractProblemLoader Creating init config 
258245     DEBUG main            d.u.i.k.j.r.ClassPreparationMethodBuilder clPrepBuilder: Inner Class detected. Reject building class initialisation methods. 
260838     DEBUG main            d.u.i.k.p.i.AbstractProblemLoader Init config took 3.82s 
260895     INFO  main            d.u.i.k.p.i.AbstractProblemLoader Replaying proof Client[Client::n(List)].JML normal_behavior operation contract.0 
260898     DEBUG main            d.u.i.k.p.i.IntermediateProofReplayer Proof replay took 7.7ns 
261000     INFO  main            d.u.i.k.p.r.p.TestFile    ... finished proof: closed. 
261400     INFO  main            d.u.i.k.p.i.AbstractProblemLoader Loading environment from /home/runner/work/key/key/key.core/../key.ui/examples/heap/list/Client_n.key.proof 
261400     DEBUG main            d.u.i.k.p.i.AbstractProblemLoader Environment load took 448.9ns 
261401     INFO  main            d.u.i.k.p.i.AbstractProblemLoader Creating init config 
262585     DEBUG main            d.u.i.k.j.r.ClassPreparationMethodBuilder clPrepBuilder: Inner Class detected. Reject building class initialisation methods. 
265154     DEBUG main            d.u.i.k.p.i.AbstractProblemLoader Init config took 3.75s 
265209     INFO  main            d.u.i.k.p.i.AbstractProblemLoader Replaying proof Client[Client::n(List)].JML normal_behavior operation contract.0 
265232     DEBUG main            d.u.i.k.p.i.IntermediateProofReplayer Proof replay took 20.22ms 
265233     DEBUG main            d.u.i.k.p.r.p.TestFile    ... success: reloaded. 
265235     INFO  main            d.u.i.k.p.r.p.TestFile    Now processing file /home/runner/work/key/key/key.core/../key.ui/examples/heap/list/LinkedList_get_exceptional.key 
265235     INFO  main            d.u.i.k.p.i.AbstractProblemLoader Loading environment from /home/runner/work/key/key/key.core/../key.ui/examples/heap/list/LinkedList_get_exceptional.key 
265235     DEBUG main            d.u.i.k.p.i.AbstractProblemLoader Environment load took 173.4ns 
265237     INFO  main            d.u.i.k.p.i.AbstractProblemLoader Creating init config 
266481     DEBUG main            d.u.i.k.j.r.ClassPreparationMethodBuilder clPrepBuilder: Inner Class detected. Reject building class initialisation methods. 
269030     DEBUG main            d.u.i.k.p.i.AbstractProblemLoader Init config took 3.79s 
269109     INFO  main            d.u.i.k.p.i.AbstractProblemLoader Replaying proof LinkedList[List::get(int)].JML exceptional_behavior operation contract.0 
269111     DEBUG main            d.u.i.k.p.i.IntermediateProofReplayer Proof replay took 6.4ns 
271865     INFO  main            d.u.i.k.p.r.p.TestFile    ... finished proof: closed. 
272358     INFO  main            d.u.i.k.p.i.AbstractProblemLoader Loading environment from /home/runner/work/key/key/key.core/../key.ui/examples/heap/list/LinkedList_get_exceptional.key.proof 
272359     DEBUG main            d.u.i.k.p.i.AbstractProblemLoader Environment load took 619.3ns 
272361     INFO  main            d.u.i.k.p.i.AbstractProblemLoader Creating init config 
273541     DEBUG main            d.u.i.k.j.r.ClassPreparationMethodBuilder clPrepBuilder: Inner Class detected. Reject building class initialisation methods. 
276081     DEBUG main            d.u.i.k.p.i.AbstractProblemLoader Init config took 3.72s 
276139     INFO  main            d.u.i.k.p.i.AbstractProblemLoader Replaying proof LinkedList[List::get(int)].JML exceptional_behavior operation contract.0 
276459     DEBUG main            d.u.i.k.p.i.IntermediateProofReplayer Proof replay took 309.98ms 
276461     DEBUG main            d.u.i.k.p.r.p.TestFile    ... success: reloaded. 
276462     INFO  main            d.u.i.k.p.r.p.TestFile    Now processing file /home/runner/work/key/key/key.core/../key.ui/examples/heap/list/LinkedList_get_normal.key 
276463     INFO  main            d.u.i.k.p.i.AbstractProblemLoader Loading environment from /home/runner/work/key/key/key.core/../key.ui/examples/heap/list/LinkedList_get_normal.key 
276463     DEBUG main            d.u.i.k.p.i.AbstractProblemLoader Environment load took 277.6ns 
276464     INFO  main            d.u.i.k.p.i.AbstractProblemLoader Creating init config 
277725     DEBUG main            d.u.i.k.j.r.ClassPreparationMethodBuilder clPrepBuilder: Inner Class detected. Reject building class initialisation methods. 
280273     DEBUG main            d.u.i.k.p.i.AbstractProblemLoader Init config took 3.81s 
280336     INFO  main            d.u.i.k.p.i.AbstractProblemLoader Replaying proof LinkedList[List::get(int)].JML normal_behavior operation contract.0 
280338     DEBUG main            d.u.i.k.p.i.IntermediateProofReplayer Proof replay took 7ns 
288202     INFO  main            d.u.i.k.p.r.p.TestFile    ... finished proof: closed. 
288734     INFO  main            d.u.i.k.p.i.AbstractProblemLoader Loading environment from /home/runner/work/key/key/key.core/../key.ui/examples/heap/list/LinkedList_get_normal.key.proof 
288735     DEBUG main            d.u.i.k.p.i.AbstractProblemLoader Environment load took 556.5ns 
288737     INFO  main            d.u.i.k.p.i.AbstractProblemLoader Creating init config 
289926     DEBUG main            d.u.i.k.j.r.ClassPreparationMethodBuilder clPrepBuilder: Inner Class detected. Reject building class initialisation methods. 
292477     DEBUG main            d.u.i.k.p.i.AbstractProblemLoader Init config took 3.74s 
292534     INFO  main            d.u.i.k.p.i.AbstractProblemLoader Replaying proof LinkedList[List::get(int)].JML normal_behavior operation contract.0 
293129     DEBUG main            d.u.i.k.p.i.IntermediateProofReplayer Proof replay took 564.22ms 
293132     DEBUG main            d.u.i.k.p.r.p.TestFile    ... success: reloaded. 
293133     INFO  main            d.u.i.k.p.r.p.TestFile    Now processing file /home/runner/work/key/key/key.core/../key.ui/examples/heap/list/LinkedList_LinkedList.key 
293133     INFO  main            d.u.i.k.p.i.AbstractProblemLoader Loading environment from /home/runner/work/key/key/key.core/../key.ui/examples/heap/list/LinkedList_LinkedList.key 
293134     DEBUG main            d.u.i.k.p.i.AbstractProblemLoader Environment load took 375.9ns 
293135     INFO  main            d.u.i.k.p.i.AbstractProblemLoader Creating init config 
294393     DEBUG main            d.u.i.k.j.r.ClassPreparationMethodBuilder clPrepBuilder: Inner Class detected. Reject building class initialisation methods. 
297012     DEBUG main            d.u.i.k.p.i.AbstractProblemLoader Init config took 3.88s 
297069     INFO  main            d.u.i.k.p.i.AbstractProblemLoader Replaying proof LinkedList[LinkedList::LinkedList()].JML normal_behavior operation contract.0 
297071     DEBUG main            d.u.i.k.p.i.IntermediateProofReplayer Proof replay took 7.9ns 
297679     INFO  main            d.u.i.k.p.r.p.TestFile    ... finished proof: closed. 
298135     INFO  main            d.u.i.k.p.i.AbstractProblemLoader Loading environment from /home/runner/work/key/key/key.core/../key.ui/examples/heap/list/LinkedList_LinkedList.key.proof 
298135     DEBUG main            d.u.i.k.p.i.AbstractProblemLoader Environment load took 117ns 
298137     INFO  main            d.u.i.k.p.i.AbstractProblemLoader Creating init config 
299319     DEBUG main            d.u.i.k.j.r.ClassPreparationMethodBuilder clPrepBuilder: Inner Class detected. Reject building class initialisation methods. 
301814     DEBUG main            d.u.i.k.p.i.AbstractProblemLoader Init config took 3.68s 
301875     INFO  main            d.u.i.k.p.i.AbstractProblemLoader Replaying proof LinkedList[LinkedList::LinkedList()].JML normal_behavior operation contract.0 
301966     DEBUG main            d.u.i.k.p.i.IntermediateProofReplayer Proof replay took 87.01ms 
301968     DEBUG main            d.u.i.k.p.r.p.TestFile    ... success: reloaded. 
301969     INFO  main            d.u.i.k.p.r.p.TestFile    Now processing file /home/runner/work/key/key/key.core/../key.ui/examples/heap/list/LinkedList_size_dep.key 
301969     INFO  main            d.u.i.k.p.i.AbstractProblemLoader Loading environment from /home/runner/work/key/key/key.core/../key.ui/examples/heap/list/LinkedList_size_dep.key 
301969     DEBUG main            d.u.i.k.p.i.AbstractProblemLoader Environment load took 121.6ns 
301970     INFO  main            d.u.i.k.p.i.AbstractProblemLoader Creating init config 
303164     DEBUG main            d.u.i.k.j.r.ClassPreparationMethodBuilder clPrepBuilder: Inner Class detected. Reject building class initialisation methods. 
305724     DEBUG main            d.u.i.k.p.i.AbstractProblemLoader Init config took 3.75s 
305780     INFO  main            d.u.i.k.p.i.AbstractProblemLoader Replaying proof LinkedList[List::size()].JML accessible clause.0 
305782     DEBUG main            d.u.i.k.p.i.IntermediateProofReplayer Proof replay took 12.9ns 
306485     INFO  main            d.u.i.k.p.r.p.TestFile    ... finished proof: closed. 
306890     INFO  main            d.u.i.k.p.i.AbstractProblemLoader Loading environment from /home/runner/work/key/key/key.core/../key.ui/examples/heap/list/LinkedList_size_dep.key.proof 
306890     DEBUG main            d.u.i.k.p.i.AbstractProblemLoader Environment load took 135.6ns 
306891     INFO  main            d.u.i.k.p.i.AbstractProblemLoader Creating init config 
308092     DEBUG main            d.u.i.k.j.r.ClassPreparationMethodBuilder clPrepBuilder: Inner Class detected. Reject building class initialisation methods. 
310646     DEBUG main            d.u.i.k.p.i.AbstractProblemLoader Init config took 3.75s 
310706     INFO  main            d.u.i.k.p.i.AbstractProblemLoader Replaying proof LinkedList[List::size()].JML accessible clause.0 
310754     DEBUG main            d.u.i.k.p.i.IntermediateProofReplayer Proof replay took 43.72ms 
310755     DEBUG main            d.u.i.k.p.r.p.TestFile    ... success: reloaded. 
310756     INFO  main            d.u.i.k.p.r.p.TestFile    Now processing file /home/runner/work/key/key/key.core/../key.ui/examples/heap/list/LinkedList_size.key 
310756     INFO  main            d.u.i.k.p.i.AbstractProblemLoader Loading environment from /home/runner/work/key/key/key.core/../key.ui/examples/heap/list/LinkedList_size.key 
310757     DEBUG main            d.u.i.k.p.i.AbstractProblemLoader Environment load took 118.6ns 
310758     INFO  main            d.u.i.k.p.i.AbstractProblemLoader Creating init config 
311950     DEBUG main            d.u.i.k.j.r.ClassPreparationMethodBuilder clPrepBuilder: Inner Class detected. Reject building class initialisation methods. 
314574     DEBUG main            d.u.i.k.p.i.AbstractProblemLoader Init config took 3.82s 
314630     INFO  main            d.u.i.k.p.i.AbstractProblemLoader Replaying proof LinkedList[List::size()].JML normal_behavior operation contract.0 
314632     DEBUG main            d.u.i.k.p.i.IntermediateProofReplayer Proof replay took 6.8ns 
315237     INFO  main            d.u.i.k.p.r.p.TestFile    ... finished proof: closed. 
315660     INFO  main            d.u.i.k.p.i.AbstractProblemLoader Loading environment from /home/runner/work/key/key/key.core/../key.ui/examples/heap/list/LinkedList_size.key.proof 
315660     DEBUG main            d.u.i.k.p.i.AbstractProblemLoader Environment load took 269.6ns 
315661     INFO  main            d.u.i.k.p.i.AbstractProblemLoader Creating init config 
316865     DEBUG main            d.u.i.k.j.r.ClassPreparationMethodBuilder clPrepBuilder: Inner Class detected. Reject building class initialisation methods. 
319473     DEBUG main            d.u.i.k.p.i.AbstractProblemLoader Init config took 3.81s 
319547     INFO  main            d.u.i.k.p.i.AbstractProblemLoader Replaying proof LinkedList[List::size()].JML normal_behavior operation contract.0 
319585     DEBUG main            d.u.i.k.p.i.IntermediateProofReplayer Proof replay took 34.56ms 
319587     DEBUG main            d.u.i.k.p.r.p.TestFile    ... success: reloaded. 
319589     INFO  main            d.u.i.k.p.r.p.TestFile    Now processing file /home/runner/work/key/key/key.core/../key.ui/examples/heap/list/MySet_footprint.key 
319589     INFO  main            d.u.i.k.p.i.AbstractProblemLoader Loading environment from /home/runner/work/key/key/key.core/../key.ui/examples/heap/list/MySet_footprint.key 
319589     DEBUG main            d.u.i.k.p.i.AbstractProblemLoader Environment load took 122.8ns 
319591     INFO  main            d.u.i.k.p.i.AbstractProblemLoader Creating init config 
320820     DEBUG main            d.u.i.k.j.r.ClassPreparationMethodBuilder clPrepBuilder: Inner Class detected. Reject building class initialisation methods. 
323367     DEBUG main            d.u.i.k.p.i.AbstractProblemLoader Init config took 3.78s 
323433     INFO  main            d.u.i.k.p.i.AbstractProblemLoader Replaying proof MySet[MySet::$footprint()].JML accessible clause.0 
323435     DEBUG main            d.u.i.k.p.i.IntermediateProofReplayer Proof replay took 8ns 
323738     INFO  main            d.u.i.k.p.r.p.TestFile    ... finished proof: closed. 
324196     INFO  main            d.u.i.k.p.i.AbstractProblemLoader Loading environment from /home/runner/work/key/key/key.core/../key.ui/examples/heap/list/MySet_footprint.key.proof 
324197     DEBUG main            d.u.i.k.p.i.AbstractProblemLoader Environment load took 138.7ns 
324198     INFO  main            d.u.i.k.p.i.AbstractProblemLoader Creating init config 
325435     DEBUG main            d.u.i.k.j.r.ClassPreparationMethodBuilder clPrepBuilder: Inner Class detected. Reject building class initialisation methods. 
328054     DEBUG main            d.u.i.k.p.i.AbstractProblemLoader Init config took 3.86s 
328133     INFO  main            d.u.i.k.p.i.AbstractProblemLoader Replaying proof MySet[MySet::$footprint()].JML accessible clause.0 
328164     DEBUG main            d.u.i.k.p.i.IntermediateProofReplayer Proof replay took 27.39ms 
328165     DEBUG main            d.u.i.k.p.r.p.TestFile    ... success: reloaded. 
328167     INFO  main            d.u.i.k.p.r.p.TestFile    Now processing file /home/runner/work/key/key/key.core/../key.ui/examples/heap/list/MySet_MySet.key 
328167     INFO  main            d.u.i.k.p.i.AbstractProblemLoader Loading environment from /home/runner/work/key/key/key.core/../key.ui/examples/heap/list/MySet_MySet.key 
328167     DEBUG main            d.u.i.k.p.i.AbstractProblemLoader Environment load took 109.4ns 
328168     INFO  main            d.u.i.k.p.i.AbstractProblemLoader Creating init config 
329587     DEBUG main            d.u.i.k.j.r.ClassPreparationMethodBuilder clPrepBuilder: Inner Class detected. Reject building class initialisation methods. 
332530     DEBUG main            d.u.i.k.p.i.AbstractProblemLoader Init config took 4.36s 
332602     INFO  main            d.u.i.k.p.i.AbstractProblemLoader Replaying proof MySet[MySet::MySet()].JML normal_behavior operation contract.0 
332603     DEBUG main            d.u.i.k.p.i.IntermediateProofReplayer Proof replay took 8ns 
335825     INFO  main            d.u.i.k.p.r.p.TestFile    ... finished proof: closed. 
336304     INFO  main            d.u.i.k.p.i.AbstractProblemLoader Loading environment from /home/runner/work/key/key/key.core/../key.ui/examples/heap/list/MySet_MySet.key.proof 
336304     DEBUG main            d.u.i.k.p.i.AbstractProblemLoader Environment load took 120.4ns 
336306     INFO  main            d.u.i.k.p.i.AbstractProblemLoader Creating init config 
337489     DEBUG main            d.u.i.k.j.r.ClassPreparationMethodBuilder clPrepBuilder: Inner Class detected. Reject building class initialisation methods. 
340063     DEBUG main            d.u.i.k.p.i.AbstractProblemLoader Init config took 3.76s 
340128     INFO  main            d.u.i.k.p.i.AbstractProblemLoader Replaying proof MySet[MySet::MySet()].JML normal_behavior operation contract.0 
340519     DEBUG main            d.u.i.k.p.i.IntermediateProofReplayer Proof replay took 377.39ms 
340520     DEBUG main            d.u.i.k.p.r.p.TestFile    ... success: reloaded. 
1446722    INFO  Test worker     d.u.i.k.p.r.RunAllProofsTestUnit Returning from test list 
1446725    INFO  Test worker     d.u.i.k.p.r.RunAllProofsTestUnit Running test list_ghost 
446        INFO  Timeout watchdog d.u.i.k.p.r.p.ForkedTestFileRunner Timeout watcher launched (2000 secs.) 
472        WARN  main            d.u.i.k.s.ProofSettings   The settings in /home/runner/.key/proof-settings.props are *not* read. 
547        INFO  main            d.u.i.k.p.r.p.TestFile    Now processing file /home/runner/work/key/key/key.core/../key.ui/examples/heap/list_ghost/ArrayList_add.key 
724        INFO  main            d.u.i.k.p.i.AbstractProblemLoader Loading environment from /home/runner/work/key/key/key.core/../key.ui/examples/heap/list_ghost/ArrayList_add.key 
754        DEBUG main            d.u.i.k.p.i.AbstractProblemLoader Environment load took 3.55ms 
1104       INFO  main            d.u.i.k.p.i.AbstractProblemLoader Creating init config 
2467       DEBUG main            d.u.i.k.j.TypeConverter   No LDT found for Meta 
2468       DEBUG main            d.u.i.k.j.TypeConverter   No LDT found for Meta 
2473       DEBUG main            d.u.i.k.j.TypeConverter   No LDT found for Meta 
2474       DEBUG main            d.u.i.k.j.TypeConverter   No LDT found for Meta 
4487       DEBUG main            d.u.i.k.j.TypeConverter   No LDT found for JavaBigintExpression 
12210      DEBUG main            d.u.i.k.p.i.AbstractProblemLoader Init config took 11.11s 
12380      INFO  main            d.u.i.k.p.i.AbstractProblemLoader Replaying proof ArrayList[List::add(java.lang.Object)].JML normal_behavior operation contract.0 
12425      DEBUG main            d.u.i.k.p.i.IntermediateProofReplayer Proof replay took 82ns 
19290      INFO  main            d.u.i.k.p.r.p.TestFile    ... finished proof: closed. 
19533      INFO  main            d.u.i.k.p.i.AbstractProblemLoader Loading environment from /home/runner/work/key/key/key.core/../key.ui/examples/heap/list_ghost/ArrayList_add.key.proof 
19533      DEBUG main            d.u.i.k.p.i.AbstractProblemLoader Environment load took 349.1ns 
19537      INFO  main            d.u.i.k.p.i.AbstractProblemLoader Creating init config 
23605      DEBUG main            d.u.i.k.p.i.AbstractProblemLoader Init config took 4.07s 
23689      INFO  main            d.u.i.k.p.i.AbstractProblemLoader Replaying proof ArrayList[List::add(java.lang.Object)].JML normal_behavior operation contract.0 
24423      DEBUG main            d.u.i.k.p.i.IntermediateProofReplayer Proof replay took 697.02ms 
24434      DEBUG main            d.u.i.k.p.r.p.TestFile    ... success: reloaded. 
24438      INFO  main            d.u.i.k.p.r.p.TestFile    Now processing file /home/runner/work/key/key/key.core/../key.ui/examples/heap/list_ghost/ArrayList_ArrayList.key 
24439      INFO  main            d.u.i.k.p.i.AbstractProblemLoader Loading environment from /home/runner/work/key/key/key.core/../key.ui/examples/heap/list_ghost/ArrayList_ArrayList.key 
24439      DEBUG main            d.u.i.k.p.i.AbstractProblemLoader Environment load took 329.2ns 
24441      INFO  main            d.u.i.k.p.i.AbstractProblemLoader Creating init config 
28323      DEBUG main            d.u.i.k.p.i.AbstractProblemLoader Init config took 3.88s 
28405      INFO  main            d.u.i.k.p.i.AbstractProblemLoader Replaying proof ArrayList[ArrayList::ArrayList()].JML normal_behavior operation contract.0 
28409      DEBUG main            d.u.i.k.p.i.IntermediateProofReplayer Proof replay took 7.7ns 
29916      INFO  main            d.u.i.k.p.r.p.TestFile    ... finished proof: closed. 
30126      INFO  main            d.u.i.k.p.i.AbstractProblemLoader Loading environment from /home/runner/work/key/key/key.core/../key.ui/examples/heap/list_ghost/ArrayList_ArrayList.key.proof 
30127      DEBUG main            d.u.i.k.p.i.AbstractProblemLoader Environment load took 586ns 
30132      INFO  main            d.u.i.k.p.i.AbstractProblemLoader Creating init config 
33683      DEBUG main            d.u.i.k.p.i.AbstractProblemLoader Init config took 3.55s 
33755      INFO  main            d.u.i.k.p.i.AbstractProblemLoader Replaying proof ArrayList[ArrayList::ArrayList()].JML normal_behavior operation contract.0 
33973      DEBUG main            d.u.i.k.p.i.IntermediateProofReplayer Proof replay took 207.75ms 
33977      DEBUG main            d.u.i.k.p.r.p.TestFile    ... success: reloaded. 
33980      INFO  main            d.u.i.k.p.r.p.TestFile    Now processing file /home/runner/work/key/key/key.core/../key.ui/examples/heap/list_ghost/ArrayList_enlarge.key 
33980      INFO  main            d.u.i.k.p.i.AbstractProblemLoader Loading environment from /home/runner/work/key/key/key.core/../key.ui/examples/heap/list_ghost/ArrayList_enlarge.key 
33981      DEBUG main            d.u.i.k.p.i.AbstractProblemLoader Environment load took 313.4ns 
33985      INFO  main            d.u.i.k.p.i.AbstractProblemLoader Creating init config 
37663      DEBUG main            d.u.i.k.p.i.AbstractProblemLoader Init config took 3.68s 
37727      INFO  main            d.u.i.k.p.i.AbstractProblemLoader Replaying proof ArrayList[ArrayList::enlarge()].JML normal_behavior operation contract.0 
37730      DEBUG main            d.u.i.k.p.i.IntermediateProofReplayer Proof replay took 8ns 
40670      INFO  main            d.u.i.k.p.r.p.TestFile    ... finished proof: closed. 
40910      INFO  main            d.u.i.k.p.i.AbstractProblemLoader Loading environment from /home/runner/work/key/key/key.core/../key.ui/examples/heap/list_ghost/ArrayList_enlarge.key.proof 
40911      DEBUG main            d.u.i.k.p.i.AbstractProblemLoader Environment load took 266.6ns 
40913      INFO  main            d.u.i.k.p.i.AbstractProblemLoader Creating init config 
44390      DEBUG main            d.u.i.k.p.i.AbstractProblemLoader Init config took 3.48s 
44459      INFO  main            d.u.i.k.p.i.AbstractProblemLoader Replaying proof ArrayList[ArrayList::enlarge()].JML normal_behavior operation contract.0 
44902      DEBUG main            d.u.i.k.p.i.IntermediateProofReplayer Proof replay took 430.09ms 
44904      DEBUG main            d.u.i.k.p.r.p.TestFile    ... success: reloaded. 
44907      INFO  main            d.u.i.k.p.r.p.TestFile    Now processing file /home/runner/work/key/key/key.core/../key.ui/examples/heap/list_ghost/ArrayList_get_dep.key 
44908      INFO  main            d.u.i.k.p.i.AbstractProblemLoader Loading environment from /home/runner/work/key/key/key.core/../key.ui/examples/heap/list_ghost/ArrayList_get_dep.key 
44908      DEBUG main            d.u.i.k.p.i.AbstractProblemLoader Environment load took 269.8ns 
44909      INFO  main            d.u.i.k.p.i.AbstractProblemLoader Creating init config 
48311      DEBUG main            d.u.i.k.p.i.AbstractProblemLoader Init config took 3.4s 
48376      INFO  main            d.u.i.k.p.i.AbstractProblemLoader Replaying proof ArrayList[List::get(int)].JML accessible clause.0 
48379      DEBUG main            d.u.i.k.p.i.IntermediateProofReplayer Proof replay took 7.5ns 
48883      INFO  main            d.u.i.k.p.r.p.TestFile    ... finished proof: closed. 
49103      INFO  main            d.u.i.k.p.i.AbstractProblemLoader Loading environment from /home/runner/work/key/key/key.core/../key.ui/examples/heap/list_ghost/ArrayList_get_dep.key.proof 
49105      DEBUG main            d.u.i.k.p.i.AbstractProblemLoader Environment load took 1.68ms 
49107      INFO  main            d.u.i.k.p.i.AbstractProblemLoader Creating init config 
52580      DEBUG main            d.u.i.k.p.i.AbstractProblemLoader Init config took 3.47s 
52650      INFO  main            d.u.i.k.p.i.AbstractProblemLoader Replaying proof ArrayList[List::get(int)].JML accessible clause.0 
52728      DEBUG main            d.u.i.k.p.i.IntermediateProofReplayer Proof replay took 69.97ms 
52730      DEBUG main            d.u.i.k.p.r.p.TestFile    ... success: reloaded. 
52732      INFO  main            d.u.i.k.p.r.p.TestFile    Now processing file /home/runner/work/key/key/key.core/../key.ui/examples/heap/list_ghost/ArrayList_get_exceptional.key 
52732      INFO  main            d.u.i.k.p.i.AbstractProblemLoader Loading environment from /home/runner/work/key/key/key.core/../key.ui/examples/heap/list_ghost/ArrayList_get_exceptional.key 
52733      DEBUG main            d.u.i.k.p.i.AbstractProblemLoader Environment load took 310.9ns 
52734      INFO  main            d.u.i.k.p.i.AbstractProblemLoader Creating init config 
56233      DEBUG main            d.u.i.k.p.i.AbstractProblemLoader Init config took 3.5s 
56298      INFO  main            d.u.i.k.p.i.AbstractProblemLoader Replaying proof ArrayList[List::get(int)].JML exceptional_behavior operation contract.0 
56300      DEBUG main            d.u.i.k.p.i.IntermediateProofReplayer Proof replay took 7.3ns 
57311      INFO  main            d.u.i.k.p.r.p.TestFile    ... finished proof: closed. 
57560      INFO  main            d.u.i.k.p.i.AbstractProblemLoader Loading environment from /home/runner/work/key/key/key.core/../key.ui/examples/heap/list_ghost/ArrayList_get_exceptional.key.proof 
57562      DEBUG main            d.u.i.k.p.i.AbstractProblemLoader Environment load took 1.75ms 
57564      INFO  main            d.u.i.k.p.i.AbstractProblemLoader Creating init config 
61100      DEBUG main            d.u.i.k.p.i.AbstractProblemLoader Init config took 3.54s 
61166      INFO  main            d.u.i.k.p.i.AbstractProblemLoader Replaying proof ArrayList[List::get(int)].JML exceptional_behavior operation contract.0 
61353      DEBUG main            d.u.i.k.p.i.IntermediateProofReplayer Proof replay took 178.4ms 
61355      DEBUG main            d.u.i.k.p.r.p.TestFile    ... success: reloaded. 
61357      INFO  main            d.u.i.k.p.r.p.TestFile    Now processing file /home/runner/work/key/key/key.core/../key.ui/examples/heap/list_ghost/ArrayList_get_normal.key 
61357      INFO  main            d.u.i.k.p.i.AbstractProblemLoader Loading environment from /home/runner/work/key/key/key.core/../key.ui/examples/heap/list_ghost/ArrayList_get_normal.key 
61358      DEBUG main            d.u.i.k.p.i.AbstractProblemLoader Environment load took 305ns 
61359      INFO  main            d.u.i.k.p.i.AbstractProblemLoader Creating init config 
64838      DEBUG main            d.u.i.k.p.i.AbstractProblemLoader Init config took 3.48s 
64899      INFO  main            d.u.i.k.p.i.AbstractProblemLoader Replaying proof ArrayList[List::get(int)].JML normal_behavior operation contract.0 
64904      DEBUG main            d.u.i.k.p.i.IntermediateProofReplayer Proof replay took 9ns 
65308      INFO  main            d.u.i.k.p.r.p.TestFile    ... finished proof: closed. 
65557      INFO  main            d.u.i.k.p.i.AbstractProblemLoader Loading environment from /home/runner/work/key/key/key.core/../key.ui/examples/heap/list_ghost/ArrayList_get_normal.key.proof 
65558      DEBUG main            d.u.i.k.p.i.AbstractProblemLoader Environment load took 568.3ns 
65559      INFO  main            d.u.i.k.p.i.AbstractProblemLoader Creating init config 
69053      DEBUG main            d.u.i.k.p.i.AbstractProblemLoader Init config took 3.49s 
69122      INFO  main            d.u.i.k.p.i.AbstractProblemLoader Replaying proof ArrayList[List::get(int)].JML normal_behavior operation contract.0 
69191      DEBUG main            d.u.i.k.p.i.IntermediateProofReplayer Proof replay took 61.78ms 
69192      DEBUG main            d.u.i.k.p.r.p.TestFile    ... success: reloaded. 
69194      INFO  main            d.u.i.k.p.r.p.TestFile    Now processing file /home/runner/work/key/key/key.core/../key.ui/examples/heap/list_ghost/ArrayList_inv.key 
69195      INFO  main            d.u.i.k.p.i.AbstractProblemLoader Loading environment from /home/runner/work/key/key/key.core/../key.ui/examples/heap/list_ghost/ArrayList_inv.key 
69195      DEBUG main            d.u.i.k.p.i.AbstractProblemLoader Environment load took 279.7ns 
69196      INFO  main            d.u.i.k.p.i.AbstractProblemLoader Creating init config 
72639      DEBUG main            d.u.i.k.p.i.AbstractProblemLoader Init config took 3.44s 
72695      INFO  main            d.u.i.k.p.i.AbstractProblemLoader Replaying proof ArrayList[java.lang.Object::<inv>()].JML accessible clause.0 
72697      DEBUG main            d.u.i.k.p.i.IntermediateProofReplayer Proof replay took 7.8ns 
72800      INFO  main            d.u.i.k.p.r.p.TestFile    ... finished proof: closed. 
73033      INFO  main            d.u.i.k.p.i.AbstractProblemLoader Loading environment from /home/runner/work/key/key/key.core/../key.ui/examples/heap/list_ghost/ArrayList_inv.key.proof 
73034      DEBUG main            d.u.i.k.p.i.AbstractProblemLoader Environment load took 137.6ns 
73036      INFO  main            d.u.i.k.p.i.AbstractProblemLoader Creating init config 
76474      DEBUG main            d.u.i.k.p.i.AbstractProblemLoader Init config took 3.44s 
76533      INFO  main            d.u.i.k.p.i.AbstractProblemLoader Replaying proof ArrayList[java.lang.Object::<inv>()].JML accessible clause.0 
76548      DEBUG main            d.u.i.k.p.i.IntermediateProofReplayer Proof replay took 11.94ms 
76550      DEBUG main            d.u.i.k.p.r.p.TestFile    ... success: reloaded. 
76552      INFO  main            d.u.i.k.p.r.p.TestFile    Now processing file /home/runner/work/key/key/key.core/../key.ui/examples/heap/list_ghost/ArrayList_size_dep.key 
76552      INFO  main            d.u.i.k.p.i.AbstractProblemLoader Loading environment from /home/runner/work/key/key/key.core/../key.ui/examples/heap/list_ghost/ArrayList_size_dep.key 
76552      DEBUG main            d.u.i.k.p.i.AbstractProblemLoader Environment load took 319.4ns 
76554      INFO  main            d.u.i.k.p.i.AbstractProblemLoader Creating init config 
80041      DEBUG main            d.u.i.k.p.i.AbstractProblemLoader Init config took 3.49s 
80096      INFO  main            d.u.i.k.p.i.AbstractProblemLoader Replaying proof ArrayList[List::size()].JML accessible clause.0 
80098      DEBUG main            d.u.i.k.p.i.IntermediateProofReplayer Proof replay took 7.5ns 
80201      INFO  main            d.u.i.k.p.r.p.TestFile    ... finished proof: closed. 
80455      INFO  main            d.u.i.k.p.i.AbstractProblemLoader Loading environment from /home/runner/work/key/key/key.core/../key.ui/examples/heap/list_ghost/ArrayList_size_dep.key.proof 
80456      DEBUG main            d.u.i.k.p.i.AbstractProblemLoader Environment load took 755.41ns 
80458      INFO  main            d.u.i.k.p.i.AbstractProblemLoader Creating init config 
83930      DEBUG main            d.u.i.k.p.i.AbstractProblemLoader Init config took 3.47s 
83995      INFO  main            d.u.i.k.p.i.AbstractProblemLoader Replaying proof ArrayList[List::size()].JML accessible clause.0 
84012      DEBUG main            d.u.i.k.p.i.IntermediateProofReplayer Proof replay took 14.13ms 
84015      DEBUG main            d.u.i.k.p.r.p.TestFile    ... success: reloaded. 
84018      INFO  main            d.u.i.k.p.r.p.TestFile    Now processing file /home/runner/work/key/key/key.core/../key.ui/examples/heap/list_ghost/ArrayList_size.key 
84018      INFO  main            d.u.i.k.p.i.AbstractProblemLoader Loading environment from /home/runner/work/key/key/key.core/../key.ui/examples/heap/list_ghost/ArrayList_size.key 
84019      DEBUG main            d.u.i.k.p.i.AbstractProblemLoader Environment load took 322.6ns 
84021      INFO  main            d.u.i.k.p.i.AbstractProblemLoader Creating init config 
87649      DEBUG main            d.u.i.k.p.i.AbstractProblemLoader Init config took 3.63s 
87706      INFO  main            d.u.i.k.p.i.AbstractProblemLoader Replaying proof ArrayList[List::size()].JML normal_behavior operation contract.0 
87708      DEBUG main            d.u.i.k.p.i.IntermediateProofReplayer Proof replay took 8.5ns 
87814      INFO  main            d.u.i.k.p.r.p.TestFile    ... finished proof: closed. 
88081      INFO  main            d.u.i.k.p.i.AbstractProblemLoader Loading environment from /home/runner/work/key/key/key.core/../key.ui/examples/heap/list_ghost/ArrayList_size.key.proof 
88081      DEBUG main            d.u.i.k.p.i.AbstractProblemLoader Environment load took 155.1ns 
88082      INFO  main            d.u.i.k.p.i.AbstractProblemLoader Creating init config 
91562      DEBUG main            d.u.i.k.p.i.AbstractProblemLoader Init config took 3.48s 
91614      INFO  main            d.u.i.k.p.i.AbstractProblemLoader Replaying proof ArrayList[List::size()].JML normal_behavior operation contract.0 
91632      DEBUG main            d.u.i.k.p.i.IntermediateProofReplayer Proof replay took 15.82ms 
91640      DEBUG main            d.u.i.k.p.r.p.TestFile    ... success: reloaded. 
1538601    INFO  Test worker     d.u.i.k.p.r.RunAllProofsTestUnit Returning from test list_ghost 
1538603    INFO  Test worker     d.u.i.k.p.r.RunAllProofsTestUnit Running test list_recursive 
506        INFO  Timeout watchdog d.u.i.k.p.r.p.ForkedTestFileRunner Timeout watcher launched (2000 secs.) 
526        WARN  main            d.u.i.k.s.ProofSettings   The settings in /home/runner/.key/proof-settings.props are *not* read. 
561        INFO  main            d.u.i.k.p.r.p.TestFile    Now processing file /home/runner/work/key/key/key.core/../key.ui/examples/heap/list_recursiveSpec/ListOperationsNonNull_getNextNN_normal_behavior.key 
731        INFO  main            d.u.i.k.p.i.AbstractProblemLoader Loading environment from /home/runner/work/key/key/key.core/../key.ui/examples/heap/list_recursiveSpec/ListOperationsNonNull_getNextNN_normal_behavior.key 
757        DEBUG main            d.u.i.k.p.i.AbstractProblemLoader Environment load took 3.46ms 
1066       INFO  main            d.u.i.k.p.i.AbstractProblemLoader Creating init config 
2501       DEBUG main            d.u.i.k.j.TypeConverter   No LDT found for Meta 
2502       DEBUG main            d.u.i.k.j.TypeConverter   No LDT found for Meta 
2506       DEBUG main            d.u.i.k.j.TypeConverter   No LDT found for Meta 
2506       DEBUG main            d.u.i.k.j.TypeConverter   No LDT found for Meta 
4225       DEBUG main            d.u.i.k.j.TypeConverter   No LDT found for JavaBigintExpression 
11172      DEBUG main            d.u.i.k.p.i.AbstractProblemLoader Init config took 10.11s 
11356      INFO  main            d.u.i.k.p.i.AbstractProblemLoader Replaying proof ListOperationsNonNull[ListOperationsNonNull::getNextNN(ListNN,int)].JML normal_behavior operation contract.0 
11404      DEBUG main            d.u.i.k.p.i.IntermediateProofReplayer Proof replay took 43.2ns 
13449      INFO  main            d.u.i.k.p.r.p.TestFile    ... finished proof: closed. 
13654      INFO  main            d.u.i.k.p.i.AbstractProblemLoader Loading environment from /home/runner/work/key/key/key.core/../key.ui/examples/heap/list_recursiveSpec/ListOperationsNonNull_getNextNN_normal_behavior.key.proof 
13654      DEBUG main            d.u.i.k.p.i.AbstractProblemLoader Environment load took 200.7ns 
13657      INFO  main            d.u.i.k.p.i.AbstractProblemLoader Creating init config 
17706      DEBUG main            d.u.i.k.p.i.AbstractProblemLoader Init config took 4.05s 
17811      INFO  main            d.u.i.k.p.i.AbstractProblemLoader Replaying proof ListOperationsNonNull[ListOperationsNonNull::getNextNN(ListNN,int)].JML normal_behavior operation contract.0 
18105      DEBUG main            d.u.i.k.p.i.IntermediateProofReplayer Proof replay took 272.99ms 
18118      DEBUG main            d.u.i.k.p.r.p.TestFile    ... success: reloaded. 
18128      INFO  main            d.u.i.k.p.r.p.TestFile    Now processing file /home/runner/work/key/key/key.core/../key.ui/examples/heap/list_recursiveSpec/ListOperationsNonNull_setValueAt_normal_behavior.key 
18130      INFO  main            d.u.i.k.p.i.AbstractProblemLoader Loading environment from /home/runner/work/key/key/key.core/../key.ui/examples/heap/list_recursiveSpec/ListOperationsNonNull_setValueAt_normal_behavior.key 
18130      DEBUG main            d.u.i.k.p.i.AbstractProblemLoader Environment load took 371.3ns 
18136      INFO  main            d.u.i.k.p.i.AbstractProblemLoader Creating init config 
22038      DEBUG main            d.u.i.k.p.i.AbstractProblemLoader Init config took 3.9s 
22126      INFO  main            d.u.i.k.p.i.AbstractProblemLoader Replaying proof ListOperationsNonNull[ListOperationsNonNull::setValueAt_NN(ListNN,int,int)].JML normal_behavior operation contract.0 
22131      DEBUG main            d.u.i.k.p.i.IntermediateProofReplayer Proof replay took 9.7ns 
22186      DEBUG main            d.u.i.k.m.s.ProofScriptEngine [1] goal: 0, source line: 51, command: 'macro autopilot' 
25881      DEBUG main            d.u.i.k.m.s.ProofScriptEngine [2] goal: 79, source line: 52, command: 'macro simp-upd' 
25891      DEBUG main            d.u.i.k.m.s.ProofScriptEngine [3] goal: 1451, source line: 53, command: 'rule observerDependencyEQ' 
25916      DEBUG main            d.u.i.k.m.s.ProofScriptEngine [4] goal: 1452, source line: 54, command: 'tryclose' 
25968      INFO  main            d.u.i.k.p.r.p.TestFile    ... finished proof: closed. 
26189      INFO  main            d.u.i.k.p.i.AbstractProblemLoader Loading environment from /home/runner/work/key/key/key.core/../key.ui/examples/heap/list_recursiveSpec/ListOperationsNonNull_setValueAt_normal_behavior.key.proof 
26190      DEBUG main            d.u.i.k.p.i.AbstractProblemLoader Environment load took 887.61ns 
26195      INFO  main            d.u.i.k.p.i.AbstractProblemLoader Creating init config 
30048      DEBUG main            d.u.i.k.p.i.AbstractProblemLoader Init config took 3.85s 
30142      INFO  main            d.u.i.k.p.i.AbstractProblemLoader Replaying proof ListOperationsNonNull[ListOperationsNonNull::setValueAt_NN(ListNN,int,int)].JML normal_behavior operation contract.0 
30316      DEBUG main            d.u.i.k.p.i.IntermediateProofReplayer Proof replay took 167.43ms 
30318      DEBUG main            d.u.i.k.p.r.p.TestFile    ... success: reloaded. 
1569157    INFO  Test worker     d.u.i.k.p.r.RunAllProofsTestUnit Returning from test list_recursive 
1569159    INFO  Test worker     d.u.i.k.p.r.RunAllProofsTestUnit Running test list_seq 
457        INFO  Timeout watchdog d.u.i.k.p.r.p.ForkedTestFileRunner Timeout watcher launched (2000 secs.) 
465        WARN  main            d.u.i.k.s.ProofSettings   The settings in /home/runner/.key/proof-settings.props are *not* read. 
511        INFO  main            d.u.i.k.p.r.p.TestFile    Now processing file /home/runner/work/key/key/key.core/../key.ui/examples/heap/list_seq/SimplifiedLinkedList.remove.key 
660        INFO  main            d.u.i.k.p.i.AbstractProblemLoader Loading environment from /home/runner/work/key/key/key.core/../key.ui/examples/heap/list_seq/SimplifiedLinkedList.remove.key 
685        DEBUG main            d.u.i.k.p.i.AbstractProblemLoader Environment load took 2.89ms 
1008       INFO  main            d.u.i.k.p.i.AbstractProblemLoader Creating init config 
2418       DEBUG main            d.u.i.k.j.TypeConverter   No LDT found for Meta 
2420       DEBUG main            d.u.i.k.j.TypeConverter   No LDT found for Meta 
2423       DEBUG main            d.u.i.k.j.TypeConverter   No LDT found for Meta 
2424       DEBUG main            d.u.i.k.j.TypeConverter   No LDT found for Meta 
4215       DEBUG main            d.u.i.k.j.TypeConverter   No LDT found for JavaBigintExpression 
12236      DEBUG main            d.u.i.k.p.i.AbstractProblemLoader Init config took 11.23s 
12594      INFO  main            d.u.i.k.p.i.AbstractProblemLoader Replaying proof SimplifiedLinkedList[SimplifiedLinkedList::remove(int)].JML normal_behavior operation contract.0 
12690      DEBUG main            d.u.i.k.p.i.IntermediateProofReplayer Proof replay took 47ns 
106076     INFO  main            d.u.i.k.p.r.p.TestFile    ... finished proof: closed. 
106631     INFO  main            d.u.i.k.p.i.AbstractProblemLoader Loading environment from /home/runner/work/key/key/key.core/../key.ui/examples/heap/list_seq/SimplifiedLinkedList.remove.key.proof 
106631     DEBUG main            d.u.i.k.p.i.AbstractProblemLoader Environment load took 730.3ns 
106651     INFO  main            d.u.i.k.p.i.AbstractProblemLoader Creating init config 
111194     DEBUG main            d.u.i.k.p.i.AbstractProblemLoader Init config took 4.54s 
111322     INFO  main            d.u.i.k.p.i.AbstractProblemLoader Replaying proof SimplifiedLinkedList[SimplifiedLinkedList::remove(int)].JML normal_behavior operation contract.0 
115468     DEBUG main            d.u.i.k.p.i.IntermediateProofReplayer Proof replay took 3.82s 
115501     DEBUG main            d.u.i.k.p.r.p.TestFile    ... success: reloaded. 
115516     INFO  main            d.u.i.k.p.r.p.TestFile    Now processing file /home/runner/work/key/key/key.core/../key.ui/examples/heap/list_seq/ArrayList.ArrayList.key 
115517     INFO  main            d.u.i.k.p.i.AbstractProblemLoader Loading environment from /home/runner/work/key/key/key.core/../key.ui/examples/heap/list_seq/ArrayList.ArrayList.key 
115518     DEBUG main            d.u.i.k.p.i.AbstractProblemLoader Environment load took 317.5ns 
115521     INFO  main            d.u.i.k.p.i.AbstractProblemLoader Creating init config 
120132     DEBUG main            d.u.i.k.p.i.AbstractProblemLoader Init config took 4.61s 
120246     INFO  main            d.u.i.k.p.i.AbstractProblemLoader Replaying proof ArrayList[ArrayList::ArrayList()].JML normal_behavior operation contract.0 
120250     DEBUG main            d.u.i.k.p.i.IntermediateProofReplayer Proof replay took 7.6ns 
121658     INFO  main            d.u.i.k.p.r.p.TestFile    ... finished proof: closed. 
121954     INFO  main            d.u.i.k.p.i.AbstractProblemLoader Loading environment from /home/runner/work/key/key/key.core/../key.ui/examples/heap/list_seq/ArrayList.ArrayList.key.proof 
121955     DEBUG main            d.u.i.k.p.i.AbstractProblemLoader Environment load took 625.11ns 
121957     INFO  main            d.u.i.k.p.i.AbstractProblemLoader Creating init config 
126169     DEBUG main            d.u.i.k.p.i.AbstractProblemLoader Init config took 4.21s 
126284     INFO  main            d.u.i.k.p.i.AbstractProblemLoader Replaying proof ArrayList[ArrayList::ArrayList()].JML normal_behavior operation contract.0 
126433     DEBUG main            d.u.i.k.p.i.IntermediateProofReplayer Proof replay took 143.07ms 
126436     DEBUG main            d.u.i.k.p.r.p.TestFile    ... success: reloaded. 
126440     INFO  main            d.u.i.k.p.r.p.TestFile    Now processing file /home/runner/work/key/key/key.core/../key.ui/examples/heap/list_seq/ArrayList.add.key 
126440     INFO  main            d.u.i.k.p.i.AbstractProblemLoader Loading environment from /home/runner/work/key/key/key.core/../key.ui/examples/heap/list_seq/ArrayList.add.key 
126441     DEBUG main            d.u.i.k.p.i.AbstractProblemLoader Environment load took 281.4ns 
126444     INFO  main            d.u.i.k.p.i.AbstractProblemLoader Creating init config 
130765     DEBUG main            d.u.i.k.p.i.AbstractProblemLoader Init config took 4.32s 
130879     INFO  main            d.u.i.k.p.i.AbstractProblemLoader Replaying proof ArrayList[List::add(java.lang.Object)].JML normal_behavior operation contract.0 
130884     DEBUG main            d.u.i.k.p.i.IntermediateProofReplayer Proof replay took 7.4ns 
135670     INFO  main            d.u.i.k.p.r.p.TestFile    ... finished proof: closed. 
135906     INFO  main            d.u.i.k.p.i.AbstractProblemLoader Loading environment from /home/runner/work/key/key/key.core/../key.ui/examples/heap/list_seq/ArrayList.add.key.proof 
135906     DEBUG main            d.u.i.k.p.i.AbstractProblemLoader Environment load took 157.4ns 
135908     INFO  main            d.u.i.k.p.i.AbstractProblemLoader Creating init config 
140118     DEBUG main            d.u.i.k.p.i.AbstractProblemLoader Init config took 4.21s 
140215     INFO  main            d.u.i.k.p.i.AbstractProblemLoader Replaying proof ArrayList[List::add(java.lang.Object)].JML normal_behavior operation contract.0 
140597     DEBUG main            d.u.i.k.p.i.IntermediateProofReplayer Proof replay took 359.74ms 
140600     DEBUG main            d.u.i.k.p.r.p.TestFile    ... success: reloaded. 
140602     INFO  main            d.u.i.k.p.r.p.TestFile    Now processing file /home/runner/work/key/key/key.core/../key.ui/examples/heap/list_seq/ArrayList.contains.key 
140602     INFO  main            d.u.i.k.p.i.AbstractProblemLoader Loading environment from /home/runner/work/key/key/key.core/../key.ui/examples/heap/list_seq/ArrayList.contains.key 
140603     DEBUG main            d.u.i.k.p.i.AbstractProblemLoader Environment load took 285.6ns 
140604     INFO  main            d.u.i.k.p.i.AbstractProblemLoader Creating init config 
144875     DEBUG main            d.u.i.k.p.i.AbstractProblemLoader Init config took 4.27s 
145001     INFO  main            d.u.i.k.p.i.AbstractProblemLoader Replaying proof ArrayList[List::contains(java.lang.Object)].JML normal_behavior operation contract.0 
145003     DEBUG main            d.u.i.k.p.i.IntermediateProofReplayer Proof replay took 7.7ns 
147228     INFO  main            d.u.i.k.p.r.p.TestFile    ... finished proof: closed. 
147485     INFO  main            d.u.i.k.p.i.AbstractProblemLoader Loading environment from /home/runner/work/key/key/key.core/../key.ui/examples/heap/list_seq/ArrayList.contains.key.proof 
147486     DEBUG main            d.u.i.k.p.i.AbstractProblemLoader Environment load took 582.61ns 
147487     INFO  main            d.u.i.k.p.i.AbstractProblemLoader Creating init config 
151623     DEBUG main            d.u.i.k.p.i.AbstractProblemLoader Init config took 4.14s 
151726     INFO  main            d.u.i.k.p.i.AbstractProblemLoader Replaying proof ArrayList[List::contains(java.lang.Object)].JML normal_behavior operation contract.0 
151993     DEBUG main            d.u.i.k.p.i.IntermediateProofReplayer Proof replay took 232.83ms 
151995     DEBUG main            d.u.i.k.p.r.p.TestFile    ... success: reloaded. 
151997     INFO  main            d.u.i.k.p.r.p.TestFile    Now processing file /home/runner/work/key/key/key.core/../key.ui/examples/heap/list_seq/ArrayList.enlarge.key 
151997     INFO  main            d.u.i.k.p.i.AbstractProblemLoader Loading environment from /home/runner/work/key/key/key.core/../key.ui/examples/heap/list_seq/ArrayList.enlarge.key 
151998     DEBUG main            d.u.i.k.p.i.AbstractProblemLoader Environment load took 382.2ns 
151999     INFO  main            d.u.i.k.p.i.AbstractProblemLoader Creating init config 
156192     DEBUG main            d.u.i.k.p.i.AbstractProblemLoader Init config took 4.19s 
156298     INFO  main            d.u.i.k.p.i.AbstractProblemLoader Replaying proof ArrayList[ArrayList::enlarge()].JML normal_behavior operation contract.0 
156301     DEBUG main            d.u.i.k.p.i.IntermediateProofReplayer Proof replay took 7.6ns 
159111     INFO  main            d.u.i.k.p.r.p.TestFile    ... finished proof: closed. 
159405     INFO  main            d.u.i.k.p.i.AbstractProblemLoader Loading environment from /home/runner/work/key/key/key.core/../key.ui/examples/heap/list_seq/ArrayList.enlarge.key.proof 
159406     DEBUG main            d.u.i.k.p.i.AbstractProblemLoader Environment load took 795.01ns 
159408     INFO  main            d.u.i.k.p.i.AbstractProblemLoader Creating init config 
163647     DEBUG main            d.u.i.k.p.i.AbstractProblemLoader Init config took 4.24s 
163769     INFO  main            d.u.i.k.p.i.AbstractProblemLoader Replaying proof ArrayList[ArrayList::enlarge()].JML normal_behavior operation contract.0 
164162     DEBUG main            d.u.i.k.p.i.IntermediateProofReplayer Proof replay took 380.92ms 
164167     DEBUG main            d.u.i.k.p.r.p.TestFile    ... success: reloaded. 
164169     INFO  main            d.u.i.k.p.r.p.TestFile    Now processing file /home/runner/work/key/key/key.core/../key.ui/examples/heap/list_seq/ArrayList.get.key 
164170     INFO  main            d.u.i.k.p.i.AbstractProblemLoader Loading environment from /home/runner/work/key/key/key.core/../key.ui/examples/heap/list_seq/ArrayList.get.key 
164170     DEBUG main            d.u.i.k.p.i.AbstractProblemLoader Environment load took 169.6ns 
164171     INFO  main            d.u.i.k.p.i.AbstractProblemLoader Creating init config 
168395     DEBUG main            d.u.i.k.p.i.AbstractProblemLoader Init config took 4.22s 
168489     INFO  main            d.u.i.k.p.i.AbstractProblemLoader Replaying proof ArrayList[List::get(int)].JML normal_behavior operation contract.0 
168491     DEBUG main            d.u.i.k.p.i.IntermediateProofReplayer Proof replay took 8.4ns 
169296     INFO  main            d.u.i.k.p.r.p.TestFile    ... finished proof: closed. 
169533     INFO  main            d.u.i.k.p.i.AbstractProblemLoader Loading environment from /home/runner/work/key/key/key.core/../key.ui/examples/heap/list_seq/ArrayList.get.key.proof 
169534     DEBUG main            d.u.i.k.p.i.AbstractProblemLoader Environment load took 573.3ns 
169535     INFO  main            d.u.i.k.p.i.AbstractProblemLoader Creating init config 
173679     DEBUG main            d.u.i.k.p.i.AbstractProblemLoader Init config took 4.14s 
173788     INFO  main            d.u.i.k.p.i.AbstractProblemLoader Replaying proof ArrayList[List::get(int)].JML normal_behavior operation contract.0 
173849     DEBUG main            d.u.i.k.p.i.IntermediateProofReplayer Proof replay took 57.52ms 
173851     DEBUG main            d.u.i.k.p.r.p.TestFile    ... success: reloaded. 
173853     INFO  main            d.u.i.k.p.r.p.TestFile    Now processing file /home/runner/work/key/key/key.core/../key.ui/examples/heap/list_seq/ArrayList.newArray.key 
173853     INFO  main            d.u.i.k.p.i.AbstractProblemLoader Loading environment from /home/runner/work/key/key/key.core/../key.ui/examples/heap/list_seq/ArrayList.newArray.key 
173853     DEBUG main            d.u.i.k.p.i.AbstractProblemLoader Environment load took 275.7ns 
173855     INFO  main            d.u.i.k.p.i.AbstractProblemLoader Creating init config 
178064     DEBUG main            d.u.i.k.p.i.AbstractProblemLoader Init config took 4.21s 
178167     INFO  main            d.u.i.k.p.i.AbstractProblemLoader Replaying proof ArrayList[ArrayList::newArray(int)].JML normal_behavior operation contract.0 
178169     DEBUG main            d.u.i.k.p.i.IntermediateProofReplayer Proof replay took 8.3ns 
178572     INFO  main            d.u.i.k.p.r.p.TestFile    ... finished proof: closed. 
178846     INFO  main            d.u.i.k.p.i.AbstractProblemLoader Loading environment from /home/runner/work/key/key/key.core/../key.ui/examples/heap/list_seq/ArrayList.newArray.key.proof 
178847     DEBUG main            d.u.i.k.p.i.AbstractProblemLoader Environment load took 611.1ns 
178848     INFO  main            d.u.i.k.p.i.AbstractProblemLoader Creating init config 
182962     DEBUG main            d.u.i.k.p.i.AbstractProblemLoader Init config took 4.11s 
183078     INFO  main            d.u.i.k.p.i.AbstractProblemLoader Replaying proof ArrayList[ArrayList::newArray(int)].JML normal_behavior operation contract.0 
183140     DEBUG main            d.u.i.k.p.i.IntermediateProofReplayer Proof replay took 57.62ms 
183141     DEBUG main            d.u.i.k.p.r.p.TestFile    ... success: reloaded. 
183143     INFO  main            d.u.i.k.p.r.p.TestFile    Now processing file /home/runner/work/key/key/key.core/../key.ui/examples/heap/list_seq/ArrayList.remove.0.key 
183143     INFO  main            d.u.i.k.p.i.AbstractProblemLoader Loading environment from /home/runner/work/key/key/key.core/../key.ui/examples/heap/list_seq/ArrayList.remove.0.key 
183143     DEBUG main            d.u.i.k.p.i.AbstractProblemLoader Environment load took 271.9ns 
183144     INFO  main            d.u.i.k.p.i.AbstractProblemLoader Creating init config 
187246     DEBUG main            d.u.i.k.p.i.AbstractProblemLoader Init config took 4.1s 
187343     INFO  main            d.u.i.k.p.i.AbstractProblemLoader Replaying proof ArrayList[List::remove(java.lang.Object)].JML normal_behavior operation contract.0 
187346     DEBUG main            d.u.i.k.p.i.IntermediateProofReplayer Proof replay took 8ns 
189887     INFO  main            d.u.i.k.p.r.p.TestFile    ... finished proof: closed. 
190193     INFO  main            d.u.i.k.p.i.AbstractProblemLoader Loading environment from /home/runner/work/key/key/key.core/../key.ui/examples/heap/list_seq/ArrayList.remove.0.key.proof 
190194     DEBUG main            d.u.i.k.p.i.AbstractProblemLoader Environment load took 186.6ns 
190196     INFO  main            d.u.i.k.p.i.AbstractProblemLoader Creating init config 
194203     DEBUG main            d.u.i.k.p.i.AbstractProblemLoader Init config took 4.01s 
194299     INFO  main            d.u.i.k.p.i.AbstractProblemLoader Replaying proof ArrayList[List::remove(java.lang.Object)].JML normal_behavior operation contract.0 
194778     DEBUG main            d.u.i.k.p.i.IntermediateProofReplayer Proof replay took 470.26ms 
194780     DEBUG main            d.u.i.k.p.r.p.TestFile    ... success: reloaded. 
194782     INFO  main            d.u.i.k.p.r.p.TestFile    Now processing file /home/runner/work/key/key/key.core/../key.ui/examples/heap/list_seq/ArrayList.remove.1.key 
194782     INFO  main            d.u.i.k.p.i.AbstractProblemLoader Loading environment from /home/runner/work/key/key/key.core/../key.ui/examples/heap/list_seq/ArrayList.remove.1.key 
194783     DEBUG main            d.u.i.k.p.i.AbstractProblemLoader Environment load took 299.5ns 
194784     INFO  main            d.u.i.k.p.i.AbstractProblemLoader Creating init config 
198788     DEBUG main            d.u.i.k.p.i.AbstractProblemLoader Init config took 4s 
198882     INFO  main            d.u.i.k.p.i.AbstractProblemLoader Replaying proof ArrayList[List::remove(java.lang.Object)].JML normal_behavior operation contract.1 
198885     DEBUG main            d.u.i.k.p.i.IntermediateProofReplayer Proof replay took 7.5ns 
214444     INFO  main            d.u.i.k.p.r.p.TestFile    ... finished proof: closed. 
214797     INFO  main            d.u.i.k.p.i.AbstractProblemLoader Loading environment from /home/runner/work/key/key/key.core/../key.ui/examples/heap/list_seq/ArrayList.remove.1.key.proof 
214797     DEBUG main            d.u.i.k.p.i.AbstractProblemLoader Environment load took 626.4ns 
214801     INFO  main            d.u.i.k.p.i.AbstractProblemLoader Creating init config 
218609     DEBUG main            d.u.i.k.p.i.AbstractProblemLoader Init config took 3.81s 
218699     INFO  main            d.u.i.k.p.i.AbstractProblemLoader Replaying proof ArrayList[List::remove(java.lang.Object)].JML normal_behavior operation contract.1 
219847     DEBUG main            d.u.i.k.p.i.IntermediateProofReplayer Proof replay took 1.12s 
219850     DEBUG main            d.u.i.k.p.r.p.TestFile    ... success: reloaded. 
1789260    INFO  Test worker     d.u.i.k.p.r.RunAllProofsTestUnit Returning from test list_seq 
1789263    INFO  Test worker     d.u.i.k.p.r.RunAllProofsTestUnit Running test observer 
475        INFO  Timeout watchdog d.u.i.k.p.r.p.ForkedTestFileRunner Timeout watcher launched (2000 secs.) 
506        WARN  main            d.u.i.k.s.ProofSettings   The settings in /home/runner/.key/proof-settings.props are *not* read. 
573        INFO  main            d.u.i.k.p.r.p.TestFile    Now processing file /home/runner/work/key/key/key.core/../key.ui/examples/heap/observer/ExampleObserver_ExampleObserver.key 
722        INFO  main            d.u.i.k.p.i.AbstractProblemLoader Loading environment from /home/runner/work/key/key/key.core/../key.ui/examples/heap/observer/ExampleObserver_ExampleObserver.key 
743        DEBUG main            d.u.i.k.p.i.AbstractProblemLoader Environment load took 2.72ms 
1048       INFO  main            d.u.i.k.p.i.AbstractProblemLoader Creating init config 
2357       DEBUG main            d.u.i.k.j.TypeConverter   No LDT found for Meta 
2358       DEBUG main            d.u.i.k.j.TypeConverter   No LDT found for Meta 
2363       DEBUG main            d.u.i.k.j.TypeConverter   No LDT found for Meta 
2364       DEBUG main            d.u.i.k.j.TypeConverter   No LDT found for Meta 
4110       DEBUG main            d.u.i.k.j.TypeConverter   No LDT found for JavaBigintExpression 
11117      DEBUG main            d.u.i.k.p.i.AbstractProblemLoader Init config took 10.07s 
11322      INFO  main            d.u.i.k.p.i.AbstractProblemLoader Replaying proof ExampleObserver[ExampleObserver::ExampleObserver(ExampleSubject)].JML normal_behavior operation contract.0 
11377      DEBUG main            d.u.i.k.p.i.IntermediateProofReplayer Proof replay took 38ns 
12675      INFO  main            d.u.i.k.p.r.p.TestFile    ... finished proof: closed. 
12837      INFO  main            d.u.i.k.p.i.AbstractProblemLoader Loading environment from /home/runner/work/key/key/key.core/../key.ui/examples/heap/observer/ExampleObserver_ExampleObserver.key.proof 
12840      DEBUG main            d.u.i.k.p.i.AbstractProblemLoader Environment load took 3.15ms 
12845      INFO  main            d.u.i.k.p.i.AbstractProblemLoader Creating init config 
16901      DEBUG main            d.u.i.k.p.i.AbstractProblemLoader Init config took 4.06s 
17033      INFO  main            d.u.i.k.p.i.AbstractProblemLoader Replaying proof ExampleObserver[ExampleObserver::ExampleObserver(ExampleSubject)].JML normal_behavior operation contract.0 
17206      DEBUG main            d.u.i.k.p.i.IntermediateProofReplayer Proof replay took 159.22ms 
17216      DEBUG main            d.u.i.k.p.r.p.TestFile    ... success: reloaded. 
17223      INFO  main            d.u.i.k.p.r.p.TestFile    Now processing file /home/runner/work/key/key/key.core/../key.ui/examples/heap/observer/ExampleObserver_inv.key 
17224      INFO  main            d.u.i.k.p.i.AbstractProblemLoader Loading environment from /home/runner/work/key/key/key.core/../key.ui/examples/heap/observer/ExampleObserver_inv.key 
17224      DEBUG main            d.u.i.k.p.i.AbstractProblemLoader Environment load took 202.2ns 
17228      INFO  main            d.u.i.k.p.i.AbstractProblemLoader Creating init config 
21152      DEBUG main            d.u.i.k.p.i.AbstractProblemLoader Init config took 3.92s 
21239      INFO  main            d.u.i.k.p.i.AbstractProblemLoader Replaying proof ExampleObserver[java.lang.Object::<inv>()].JML accessible clause.0 
21243      DEBUG main            d.u.i.k.p.i.IntermediateProofReplayer Proof replay took 7.5ns 
21347      INFO  main            d.u.i.k.p.r.p.TestFile    ... finished proof: closed. 
21533      INFO  main            d.u.i.k.p.i.AbstractProblemLoader Loading environment from /home/runner/work/key/key/key.core/../key.ui/examples/heap/observer/ExampleObserver_inv.key.proof 
21533      DEBUG main            d.u.i.k.p.i.AbstractProblemLoader Environment load took 714.3ns 
21536      INFO  main            d.u.i.k.p.i.AbstractProblemLoader Creating init config 
25146      DEBUG main            d.u.i.k.p.i.AbstractProblemLoader Init config took 3.61s 
25253      INFO  main            d.u.i.k.p.i.AbstractProblemLoader Replaying proof ExampleObserver[java.lang.Object::<inv>()].JML accessible clause.0 
25287      DEBUG main            d.u.i.k.p.i.IntermediateProofReplayer Proof replay took 27.76ms 
25289      DEBUG main            d.u.i.k.p.r.p.TestFile    ... success: reloaded. 
25291      INFO  main            d.u.i.k.p.r.p.TestFile    Now processing file /home/runner/work/key/key/key.core/../key.ui/examples/heap/observer/ExampleObserver_subject.key 
25292      INFO  main            d.u.i.k.p.i.AbstractProblemLoader Loading environment from /home/runner/work/key/key/key.core/../key.ui/examples/heap/observer/ExampleObserver_subject.key 
25292      DEBUG main            d.u.i.k.p.i.AbstractProblemLoader Environment load took 225.7ns 
25298      INFO  main            d.u.i.k.p.i.AbstractProblemLoader Creating init config 
28963      DEBUG main            d.u.i.k.p.i.AbstractProblemLoader Init config took 3.66s 
29056      INFO  main            d.u.i.k.p.i.AbstractProblemLoader Replaying proof Observer[Observer::$subject()].JML accessible clause.0 
29064      DEBUG main            d.u.i.k.p.i.IntermediateProofReplayer Proof replay took 8.8ns 
29170      INFO  main            d.u.i.k.p.r.p.TestFile    ... finished proof: closed. 
29370      INFO  main            d.u.i.k.p.i.AbstractProblemLoader Loading environment from /home/runner/work/key/key/key.core/../key.ui/examples/heap/observer/ExampleObserver_subject.key.proof 
29371      DEBUG main            d.u.i.k.p.i.AbstractProblemLoader Environment load took 166ns 
29375      INFO  main            d.u.i.k.p.i.AbstractProblemLoader Creating init config 
33000      DEBUG main            d.u.i.k.p.i.AbstractProblemLoader Init config took 3.62s 
33065      INFO  main            d.u.i.k.p.i.AbstractProblemLoader Replaying proof Observer[Observer::$subject()].JML accessible clause.0 
33071      DEBUG main            d.u.i.k.p.i.IntermediateProofReplayer Proof replay took 2.25ms 
33072      DEBUG main            d.u.i.k.p.r.p.TestFile    ... success: reloaded. 
33074      INFO  main            d.u.i.k.p.r.p.TestFile    Now processing file /home/runner/work/key/key/key.core/../key.ui/examples/heap/observer/ExampleObserver_update.key 
33074      INFO  main            d.u.i.k.p.i.AbstractProblemLoader Loading environment from /home/runner/work/key/key/key.core/../key.ui/examples/heap/observer/ExampleObserver_update.key 
33074      DEBUG main            d.u.i.k.p.i.AbstractProblemLoader Environment load took 271.8ns 
33076      INFO  main            d.u.i.k.p.i.AbstractProblemLoader Creating init config 
36767      DEBUG main            d.u.i.k.p.i.AbstractProblemLoader Init config took 3.69s 
36846      INFO  main            d.u.i.k.p.i.AbstractProblemLoader Replaying proof ExampleObserver[Observer::update()].JML normal_behavior operation contract.0 
36850      DEBUG main            d.u.i.k.p.i.IntermediateProofReplayer Proof replay took 8.3ns 
37355      INFO  main            d.u.i.k.p.r.p.TestFile    ... finished proof: closed. 
37593      INFO  main            d.u.i.k.p.i.AbstractProblemLoader Loading environment from /home/runner/work/key/key/key.core/../key.ui/examples/heap/observer/ExampleObserver_update.key.proof 
37594      DEBUG main            d.u.i.k.p.i.AbstractProblemLoader Environment load took 580.8ns 
37595      INFO  main            d.u.i.k.p.i.AbstractProblemLoader Creating init config 
41194      DEBUG main            d.u.i.k.p.i.AbstractProblemLoader Init config took 3.6s 
41259      INFO  main            d.u.i.k.p.i.AbstractProblemLoader Replaying proof ExampleObserver[Observer::update()].JML normal_behavior operation contract.0 
41339      DEBUG main            d.u.i.k.p.i.IntermediateProofReplayer Proof replay took 75.68ms 
41341      DEBUG main            d.u.i.k.p.r.p.TestFile    ... success: reloaded. 
41343      INFO  main            d.u.i.k.p.r.p.TestFile    Now processing file /home/runner/work/key/key/key.core/../key.ui/examples/heap/observer/ExampleObserver_upToDate.key 
41343      INFO  main            d.u.i.k.p.i.AbstractProblemLoader Loading environment from /home/runner/work/key/key/key.core/../key.ui/examples/heap/observer/ExampleObserver_upToDate.key 
41344      DEBUG main            d.u.i.k.p.i.AbstractProblemLoader Environment load took 309.4ns 
41345      INFO  main            d.u.i.k.p.i.AbstractProblemLoader Creating init config 
45028      DEBUG main            d.u.i.k.p.i.AbstractProblemLoader Init config took 3.68s 
45087      INFO  main            d.u.i.k.p.i.AbstractProblemLoader Replaying proof ExampleObserver[Observer::$upToDate()].JML accessible clause.0 
45089      DEBUG main            d.u.i.k.p.i.IntermediateProofReplayer Proof replay took 7.4ns 
45294      INFO  main            d.u.i.k.p.r.p.TestFile    ... finished proof: closed. 
45503      INFO  main            d.u.i.k.p.i.AbstractProblemLoader Loading environment from /home/runner/work/key/key/key.core/../key.ui/examples/heap/observer/ExampleObserver_upToDate.key.proof 
45503      DEBUG main            d.u.i.k.p.i.AbstractProblemLoader Environment load took 159.7ns 
45505      INFO  main            d.u.i.k.p.i.AbstractProblemLoader Creating init config 
49064      DEBUG main            d.u.i.k.p.i.AbstractProblemLoader Init config took 3.56s 
49130      INFO  main            d.u.i.k.p.i.AbstractProblemLoader Replaying proof ExampleObserver[Observer::$upToDate()].JML accessible clause.0 
49162      DEBUG main            d.u.i.k.p.i.IntermediateProofReplayer Proof replay took 26.88ms 
49163      DEBUG main            d.u.i.k.p.r.p.TestFile    ... success: reloaded. 
49165      INFO  main            d.u.i.k.p.r.p.TestFile    Now processing file /home/runner/work/key/key/key.core/../key.ui/examples/heap/observer/ExampleObserver_value.key 
49166      INFO  main            d.u.i.k.p.i.AbstractProblemLoader Loading environment from /home/runner/work/key/key/key.core/../key.ui/examples/heap/observer/ExampleObserver_value.key 
49166      DEBUG main            d.u.i.k.p.i.AbstractProblemLoader Environment load took 163.7ns 
49167      INFO  main            d.u.i.k.p.i.AbstractProblemLoader Creating init config 
52655      DEBUG main            d.u.i.k.p.i.AbstractProblemLoader Init config took 3.49s 
52712      INFO  main            d.u.i.k.p.i.AbstractProblemLoader Replaying proof ExampleObserver[ExampleObserver::value()].JML normal_behavior operation contract.0 
52715      DEBUG main            d.u.i.k.p.i.IntermediateProofReplayer Proof replay took 7.3ns 
52822      INFO  main            d.u.i.k.p.r.p.TestFile    ... finished proof: closed. 
53048      INFO  main            d.u.i.k.p.i.AbstractProblemLoader Loading environment from /home/runner/work/key/key/key.core/../key.ui/examples/heap/observer/ExampleObserver_value.key.proof 
53049      DEBUG main            d.u.i.k.p.i.AbstractProblemLoader Environment load took 617.8ns 
53050      INFO  main            d.u.i.k.p.i.AbstractProblemLoader Creating init config 
56524      DEBUG main            d.u.i.k.p.i.AbstractProblemLoader Init config took 3.47s 
56600      INFO  main            d.u.i.k.p.i.AbstractProblemLoader Replaying proof ExampleObserver[ExampleObserver::value()].JML normal_behavior operation contract.0 
56633      DEBUG main            d.u.i.k.p.i.IntermediateProofReplayer Proof replay took 23.73ms 
56636      DEBUG main            d.u.i.k.p.r.p.TestFile    ... success: reloaded. 
56637      INFO  main            d.u.i.k.p.r.p.TestFile    Now processing file /home/runner/work/key/key/key.core/../key.ui/examples/heap/observer/ExampleSubject_addObserver.key 
56638      INFO  main            d.u.i.k.p.i.AbstractProblemLoader Loading environment from /home/runner/work/key/key/key.core/../key.ui/examples/heap/observer/ExampleSubject_addObserver.key 
56638      DEBUG main            d.u.i.k.p.i.AbstractProblemLoader Environment load took 274.8ns 
56647      INFO  main            d.u.i.k.p.i.AbstractProblemLoader Creating init config 
60118      DEBUG main            d.u.i.k.p.i.AbstractProblemLoader Init config took 3.47s 
60178      INFO  main            d.u.i.k.p.i.AbstractProblemLoader Replaying proof ExampleSubject[Subject::addObserver(Observer)].JML normal_behavior operation contract.0 
60180      DEBUG main            d.u.i.k.p.i.IntermediateProofReplayer Proof replay took 7.8ns 
66994      INFO  main            d.u.i.k.p.r.p.TestFile    ... finished proof: closed. 
67303      INFO  main            d.u.i.k.p.i.AbstractProblemLoader Loading environment from /home/runner/work/key/key/key.core/../key.ui/examples/heap/observer/ExampleSubject_addObserver.key.proof 
67304      DEBUG main            d.u.i.k.p.i.AbstractProblemLoader Environment load took 622ns 
67307      INFO  main            d.u.i.k.p.i.AbstractProblemLoader Creating init config 
70839      DEBUG main            d.u.i.k.p.i.AbstractProblemLoader Init config took 3.53s 
70899      INFO  main            d.u.i.k.p.i.AbstractProblemLoader Replaying proof ExampleSubject[Subject::addObserver(Observer)].JML normal_behavior operation contract.0 
71691      DEBUG main            d.u.i.k.p.i.IntermediateProofReplayer Proof replay took 763.13ms 
71694      DEBUG main            d.u.i.k.p.r.p.TestFile    ... success: reloaded. 
71699      INFO  main            d.u.i.k.p.r.p.TestFile    Now processing file /home/runner/work/key/key/key.core/../key.ui/examples/heap/observer/ExampleSubject_change.key 
71701      INFO  main            d.u.i.k.p.i.AbstractProblemLoader Loading environment from /home/runner/work/key/key/key.core/../key.ui/examples/heap/observer/ExampleSubject_change.key 
71702      DEBUG main            d.u.i.k.p.i.AbstractProblemLoader Environment load took 1.28ms 
71704      INFO  main            d.u.i.k.p.i.AbstractProblemLoader Creating init config 
75165      DEBUG main            d.u.i.k.p.i.AbstractProblemLoader Init config took 3.46s 
75223      INFO  main            d.u.i.k.p.i.AbstractProblemLoader Replaying proof ExampleSubject[ExampleSubject::change()].JML normal_behavior operation contract.0 
75225      DEBUG main            d.u.i.k.p.i.IntermediateProofReplayer Proof replay took 6.8ns 
75932      INFO  main            d.u.i.k.p.r.p.TestFile    ... finished proof: closed. 
76174      INFO  main            d.u.i.k.p.i.AbstractProblemLoader Loading environment from /home/runner/work/key/key/key.core/../key.ui/examples/heap/observer/ExampleSubject_change.key.proof 
76175      DEBUG main            d.u.i.k.p.i.AbstractProblemLoader Environment load took 617.3ns 
76177      INFO  main            d.u.i.k.p.i.AbstractProblemLoader Creating init config 
79642      DEBUG main            d.u.i.k.p.i.AbstractProblemLoader Init config took 3.47s 
79714      INFO  main            d.u.i.k.p.i.AbstractProblemLoader Replaying proof ExampleSubject[ExampleSubject::change()].JML normal_behavior operation contract.0 
79793      DEBUG main            d.u.i.k.p.i.IntermediateProofReplayer Proof replay took 71.95ms 
79795      DEBUG main            d.u.i.k.p.r.p.TestFile    ... success: reloaded. 
79797      INFO  main            d.u.i.k.p.r.p.TestFile    Now processing file /home/runner/work/key/key/key.core/../key.ui/examples/heap/observer/ExampleSubject_ExampleSubject.key 
79797      INFO  main            d.u.i.k.p.i.AbstractProblemLoader Loading environment from /home/runner/work/key/key/key.core/../key.ui/examples/heap/observer/ExampleSubject_ExampleSubject.key 
79798      DEBUG main            d.u.i.k.p.i.AbstractProblemLoader Environment load took 262.4ns 
79799      INFO  main            d.u.i.k.p.i.AbstractProblemLoader Creating init config 
83322      DEBUG main            d.u.i.k.p.i.AbstractProblemLoader Init config took 3.52s 
83389      INFO  main            d.u.i.k.p.i.AbstractProblemLoader Replaying proof ExampleSubject[ExampleSubject::ExampleSubject()].JML normal_behavior operation contract.0 
83392      DEBUG main            d.u.i.k.p.i.IntermediateProofReplayer Proof replay took 8.3ns 
84899      INFO  main            d.u.i.k.p.r.p.TestFile    ... finished proof: closed. 
85186      INFO  main            d.u.i.k.p.i.AbstractProblemLoader Loading environment from /home/runner/work/key/key/key.core/../key.ui/examples/heap/observer/ExampleSubject_ExampleSubject.key.proof 
85192      DEBUG main            d.u.i.k.p.i.AbstractProblemLoader Environment load took 5.36ms 
85193      INFO  main            d.u.i.k.p.i.AbstractProblemLoader Creating init config 
88744      DEBUG main            d.u.i.k.p.i.AbstractProblemLoader Init config took 3.55s 
88800      INFO  main            d.u.i.k.p.i.AbstractProblemLoader Replaying proof ExampleSubject[ExampleSubject::ExampleSubject()].JML normal_behavior operation contract.0 
88985      DEBUG main            d.u.i.k.p.i.IntermediateProofReplayer Proof replay took 176.31ms 
88987      DEBUG main            d.u.i.k.p.r.p.TestFile    ... success: reloaded. 
88989      INFO  main            d.u.i.k.p.r.p.TestFile    Now processing file /home/runner/work/key/key/key.core/../key.ui/examples/heap/observer/ExampleSubject_footprint.key 
88989      INFO  main            d.u.i.k.p.i.AbstractProblemLoader Loading environment from /home/runner/work/key/key/key.core/../key.ui/examples/heap/observer/ExampleSubject_footprint.key 
88989      DEBUG main            d.u.i.k.p.i.AbstractProblemLoader Environment load took 287.1ns 
88991      INFO  main            d.u.i.k.p.i.AbstractProblemLoader Creating init config 
92485      DEBUG main            d.u.i.k.p.i.AbstractProblemLoader Init config took 3.49s 
92542      INFO  main            d.u.i.k.p.i.AbstractProblemLoader Replaying proof ExampleSubject[Subject::$footprint()].JML accessible clause.0 
92544      DEBUG main            d.u.i.k.p.i.IntermediateProofReplayer Proof replay took 8.9ns 
92747      INFO  main            d.u.i.k.p.r.p.TestFile    ... finished proof: closed. 
92997      INFO  main            d.u.i.k.p.i.AbstractProblemLoader Loading environment from /home/runner/work/key/key/key.core/../key.ui/examples/heap/observer/ExampleSubject_footprint.key.proof 
92997      DEBUG main            d.u.i.k.p.i.AbstractProblemLoader Environment load took 153.6ns 
92999      INFO  main            d.u.i.k.p.i.AbstractProblemLoader Creating init config 
96529      DEBUG main            d.u.i.k.p.i.AbstractProblemLoader Init config took 3.53s 
96584      INFO  main            d.u.i.k.p.i.AbstractProblemLoader Replaying proof ExampleSubject[Subject::$footprint()].JML accessible clause.0 
96605      DEBUG main            d.u.i.k.p.i.IntermediateProofReplayer Proof replay took 18.61ms 
96607      DEBUG main            d.u.i.k.p.r.p.TestFile    ... success: reloaded. 
96608      INFO  main            d.u.i.k.p.r.p.TestFile    Now processing file /home/runner/work/key/key/key.core/../key.ui/examples/heap/observer/ExampleSubject_inv.key 
96609      INFO  main            d.u.i.k.p.i.AbstractProblemLoader Loading environment from /home/runner/work/key/key/key.core/../key.ui/examples/heap/observer/ExampleSubject_inv.key 
96609      DEBUG main            d.u.i.k.p.i.AbstractProblemLoader Environment load took 140.7ns 
96610      INFO  main            d.u.i.k.p.i.AbstractProblemLoader Creating init config 
100208     DEBUG main            d.u.i.k.p.i.AbstractProblemLoader Init config took 3.6s 
100265     INFO  main            d.u.i.k.p.i.AbstractProblemLoader Replaying proof ExampleSubject[java.lang.Object::<inv>()].JML accessible clause.0 
100267     DEBUG main            d.u.i.k.p.i.IntermediateProofReplayer Proof replay took 8.6ns 
101797     INFO  main            d.u.i.k.p.r.p.TestFile    ... finished proof: closed. 
102081     INFO  main            d.u.i.k.p.i.AbstractProblemLoader Loading environment from /home/runner/work/key/key/key.core/../key.ui/examples/heap/observer/ExampleSubject_inv.key.proof 
102081     DEBUG main            d.u.i.k.p.i.AbstractProblemLoader Environment load took 635.5ns 
102083     INFO  main            d.u.i.k.p.i.AbstractProblemLoader Creating init config 
105680     DEBUG main            d.u.i.k.p.i.AbstractProblemLoader Init config took 3.6s 
105740     INFO  main            d.u.i.k.p.i.AbstractProblemLoader Replaying proof ExampleSubject[java.lang.Object::<inv>()].JML accessible clause.0 
105844     DEBUG main            d.u.i.k.p.i.IntermediateProofReplayer Proof replay took 95.04ms 
105845     DEBUG main            d.u.i.k.p.r.p.TestFile    ... success: reloaded. 
105847     INFO  main            d.u.i.k.p.r.p.TestFile    Now processing file /home/runner/work/key/key/key.core/../key.ui/examples/heap/observer/ExampleSubject_notifyObservers.key 
105848     INFO  main            d.u.i.k.p.i.AbstractProblemLoader Loading environment from /home/runner/work/key/key/key.core/../key.ui/examples/heap/observer/ExampleSubject_notifyObservers.key 
105848     DEBUG main            d.u.i.k.p.i.AbstractProblemLoader Environment load took 328.2ns 
105849     INFO  main            d.u.i.k.p.i.AbstractProblemLoader Creating init config 
109433     DEBUG main            d.u.i.k.p.i.AbstractProblemLoader Init config took 3.58s 
109510     INFO  main            d.u.i.k.p.i.AbstractProblemLoader Replaying proof Subject[Subject::notifyObservers()].JML normal_behavior operation contract.0 
109513     DEBUG main            d.u.i.k.p.i.IntermediateProofReplayer Proof replay took 10.1ns 
109615     INFO  main            d.u.i.k.p.r.p.TestFile    ... finished proof: closed. 
109893     INFO  main            d.u.i.k.p.i.AbstractProblemLoader Loading environment from /home/runner/work/key/key/key.core/../key.ui/examples/heap/observer/ExampleSubject_notifyObservers.key.proof 
109893     DEBUG main            d.u.i.k.p.i.AbstractProblemLoader Environment load took 166.2ns 
109894     INFO  main            d.u.i.k.p.i.AbstractProblemLoader Creating init config 
113344     DEBUG main            d.u.i.k.p.i.AbstractProblemLoader Init config took 3.45s 
113410     INFO  main            d.u.i.k.p.i.AbstractProblemLoader Replaying proof Subject[Subject::notifyObservers()].JML normal_behavior operation contract.0 
113415     DEBUG main            d.u.i.k.p.i.IntermediateProofReplayer Proof replay took 3.06ms 
113416     DEBUG main            d.u.i.k.p.r.p.TestFile    ... success: reloaded. 
113417     INFO  main            d.u.i.k.p.r.p.TestFile    Now processing file /home/runner/work/key/key/key.core/../key.ui/examples/heap/observer/ExampleSubject_value_dep.key 
113418     INFO  main            d.u.i.k.p.i.AbstractProblemLoader Loading environment from /home/runner/work/key/key/key.core/../key.ui/examples/heap/observer/ExampleSubject_value_dep.key 
113419     DEBUG main            d.u.i.k.p.i.AbstractProblemLoader Environment load took 1.16ms 
113420     INFO  main            d.u.i.k.p.i.AbstractProblemLoader Creating init config 
116951     DEBUG main            d.u.i.k.p.i.AbstractProblemLoader Init config took 3.53s 
117010     INFO  main            d.u.i.k.p.i.AbstractProblemLoader Replaying proof ExampleSubject[ExampleSubject::value()].JML accessible clause.0 
117012     DEBUG main            d.u.i.k.p.i.IntermediateProofReplayer Proof replay took 8.3ns 
117117     INFO  main            d.u.i.k.p.r.p.TestFile    ... finished proof: closed. 
117369     INFO  main            d.u.i.k.p.i.AbstractProblemLoader Loading environment from /home/runner/work/key/key/key.core/../key.ui/examples/heap/observer/ExampleSubject_value_dep.key.proof 
117369     DEBUG main            d.u.i.k.p.i.AbstractProblemLoader Environment load took 137.6ns 
117370     INFO  main            d.u.i.k.p.i.AbstractProblemLoader Creating init config 
120828     DEBUG main            d.u.i.k.p.i.AbstractProblemLoader Init config took 3.46s 
120884     INFO  main            d.u.i.k.p.i.AbstractProblemLoader Replaying proof ExampleSubject[ExampleSubject::value()].JML accessible clause.0 
120901     DEBUG main            d.u.i.k.p.i.IntermediateProofReplayer Proof replay took 14.67ms 
120903     DEBUG main            d.u.i.k.p.r.p.TestFile    ... success: reloaded. 
120904     INFO  main            d.u.i.k.p.r.p.TestFile    Now processing file /home/runner/work/key/key/key.core/../key.ui/examples/heap/observer/ExampleSubject_value.key 
120904     INFO  main            d.u.i.k.p.i.AbstractProblemLoader Loading environment from /home/runner/work/key/key/key.core/../key.ui/examples/heap/observer/ExampleSubject_value.key 
120904     DEBUG main            d.u.i.k.p.i.AbstractProblemLoader Environment load took 179.1ns 
120905     INFO  main            d.u.i.k.p.i.AbstractProblemLoader Creating init config 
124452     DEBUG main            d.u.i.k.p.i.AbstractProblemLoader Init config took 3.55s 
124512     INFO  main            d.u.i.k.p.i.AbstractProblemLoader Replaying proof ExampleSubject[ExampleSubject::value()].JML normal_behavior operation contract.0 
124514     DEBUG main            d.u.i.k.p.i.IntermediateProofReplayer Proof replay took 7.8ns 
124617     INFO  main            d.u.i.k.p.r.p.TestFile    ... finished proof: closed. 
124920     INFO  main            d.u.i.k.p.i.AbstractProblemLoader Loading environment from /home/runner/work/key/key/key.core/../key.ui/examples/heap/observer/ExampleSubject_value.key.proof 
124920     DEBUG main            d.u.i.k.p.i.AbstractProblemLoader Environment load took 138.8ns 
124921     INFO  main            d.u.i.k.p.i.AbstractProblemLoader Creating init config 
128432     DEBUG main            d.u.i.k.p.i.AbstractProblemLoader Init config took 3.51s 
128485     INFO  main            d.u.i.k.p.i.AbstractProblemLoader Replaying proof ExampleSubject[ExampleSubject::value()].JML normal_behavior operation contract.0 
128500     DEBUG main            d.u.i.k.p.i.IntermediateProofReplayer Proof replay took 11.64ms 
128501     DEBUG main            d.u.i.k.p.r.p.TestFile    ... success: reloaded. 
1918013    INFO  Test worker     d.u.i.k.p.r.RunAllProofsTestUnit Returning from test observer 
1918016    INFO  Test worker     d.u.i.k.p.r.RunAllProofsTestUnit Running test removeDups 
456        INFO  Timeout watchdog d.u.i.k.p.r.p.ForkedTestFileRunner Timeout watcher launched (2000 secs.) 
496        WARN  main            d.u.i.k.s.ProofSettings   The settings in /home/runner/.key/proof-settings.props are *not* read. 
543        INFO  main            d.u.i.k.p.r.p.TestFile    Now processing file /home/runner/work/key/key/key.core/../key.ui/examples/heap/removeDups/arrayPart.key 
686        INFO  main            d.u.i.k.p.i.AbstractProblemLoader Loading environment from /home/runner/work/key/key/key.core/../key.ui/examples/heap/removeDups/arrayPart.key 
712        DEBUG main            d.u.i.k.p.i.AbstractProblemLoader Environment load took 2.98ms 
1050       INFO  main            d.u.i.k.p.i.AbstractProblemLoader Creating init config 
2425       DEBUG main            d.u.i.k.j.TypeConverter   No LDT found for Meta 
2426       DEBUG main            d.u.i.k.j.TypeConverter   No LDT found for Meta 
2428       DEBUG main            d.u.i.k.j.TypeConverter   No LDT found for Meta 
2428       DEBUG main            d.u.i.k.j.TypeConverter   No LDT found for Meta 
4621       DEBUG main            d.u.i.k.j.TypeConverter   No LDT found for JavaBigintExpression 
11637      DEBUG main            d.u.i.k.p.i.AbstractProblemLoader Init config took 10.59s 
11802      INFO  main            d.u.i.k.p.i.AbstractProblemLoader Replaying proof RemoveDup[RemoveDup::arrayPart([I,int)].JML normal_behavior operation contract.0 
11850      DEBUG main            d.u.i.k.p.i.IntermediateProofReplayer Proof replay took 57.2ns 
15656      INFO  main            d.u.i.k.p.r.p.TestFile    ... finished proof: closed. 
15856      INFO  main            d.u.i.k.p.i.AbstractProblemLoader Loading environment from /home/runner/work/key/key/key.core/../key.ui/examples/heap/removeDups/arrayPart.key.proof 
15863      DEBUG main            d.u.i.k.p.i.AbstractProblemLoader Environment load took 6.27ms 
15866      INFO  main            d.u.i.k.p.i.AbstractProblemLoader Creating init config 
19616      DEBUG main            d.u.i.k.p.i.AbstractProblemLoader Init config took 3.75s 
19715      INFO  main            d.u.i.k.p.i.AbstractProblemLoader Replaying proof RemoveDup[RemoveDup::arrayPart([I,int)].JML normal_behavior operation contract.0 
20138      DEBUG main            d.u.i.k.p.i.IntermediateProofReplayer Proof replay took 407.73ms 
20147      DEBUG main            d.u.i.k.p.r.p.TestFile    ... success: reloaded. 
20149      INFO  main            d.u.i.k.p.r.p.TestFile    Now processing file /home/runner/work/key/key/key.core/../key.ui/examples/heap/removeDups/contains.key 
20149      INFO  main            d.u.i.k.p.i.AbstractProblemLoader Loading environment from /home/runner/work/key/key/key.core/../key.ui/examples/heap/removeDups/contains.key 
20150      DEBUG main            d.u.i.k.p.i.AbstractProblemLoader Environment load took 288.7ns 
20155      INFO  main            d.u.i.k.p.i.AbstractProblemLoader Creating init config 
23762      DEBUG main            d.u.i.k.p.i.AbstractProblemLoader Init config took 3.61s 
23836      INFO  main            d.u.i.k.p.i.AbstractProblemLoader Replaying proof RemoveDup[RemoveDup::contains([I,int,int)].JML normal_behavior operation contract.0 
23839      DEBUG main            d.u.i.k.p.i.IntermediateProofReplayer Proof replay took 17.1ns 
24747      INFO  main            d.u.i.k.p.r.p.TestFile    ... finished proof: closed. 
24923      INFO  main            d.u.i.k.p.i.AbstractProblemLoader Loading environment from /home/runner/work/key/key/key.core/../key.ui/examples/heap/removeDups/contains.key.proof 
24925      DEBUG main            d.u.i.k.p.i.AbstractProblemLoader Environment load took 1.48ms 
24927      INFO  main            d.u.i.k.p.i.AbstractProblemLoader Creating init config 
28474      DEBUG main            d.u.i.k.p.i.AbstractProblemLoader Init config took 3.55s 
28539      INFO  main            d.u.i.k.p.i.AbstractProblemLoader Replaying proof RemoveDup[RemoveDup::contains([I,int,int)].JML normal_behavior operation contract.0 
28663      DEBUG main            d.u.i.k.p.i.IntermediateProofReplayer Proof replay took 117.79ms 
28665      DEBUG main            d.u.i.k.p.r.p.TestFile    ... success: reloaded. 
28667      INFO  main            d.u.i.k.p.r.p.TestFile    Now processing file /home/runner/work/key/key/key.core/../key.ui/examples/heap/removeDups/removeDup.key 
28667      INFO  main            d.u.i.k.p.i.AbstractProblemLoader Loading environment from /home/runner/work/key/key/key.core/../key.ui/examples/heap/removeDups/removeDup.key 
28667      DEBUG main            d.u.i.k.p.i.AbstractProblemLoader Environment load took 285.3ns 
28669      INFO  main            d.u.i.k.p.i.AbstractProblemLoader Creating init config 
32170      DEBUG main            d.u.i.k.p.i.AbstractProblemLoader Init config took 3.5s 
32233      INFO  main            d.u.i.k.p.i.AbstractProblemLoader Replaying proof RemoveDup[RemoveDup::removeDup([I)].JML normal_behavior operation contract.0 
32236      DEBUG main            d.u.i.k.p.i.IntermediateProofReplayer Proof replay took 9.1ns 
60554      INFO  main            d.u.i.k.p.r.p.TestFile    ... finished proof: closed. 
60875      INFO  main            d.u.i.k.p.i.AbstractProblemLoader Loading environment from /home/runner/work/key/key/key.core/../key.ui/examples/heap/removeDups/removeDup.key.proof 
60876      DEBUG main            d.u.i.k.p.i.AbstractProblemLoader Environment load took 465.6ns 
60881      INFO  main            d.u.i.k.p.i.AbstractProblemLoader Creating init config 
64281      DEBUG main            d.u.i.k.p.i.AbstractProblemLoader Init config took 3.4s 
64343      INFO  main            d.u.i.k.p.i.AbstractProblemLoader Replaying proof RemoveDup[RemoveDup::removeDup([I)].JML normal_behavior operation contract.0 
66131      DEBUG main            d.u.i.k.p.i.IntermediateProofReplayer Proof replay took 1.72s 
66135      DEBUG main            d.u.i.k.p.r.p.TestFile    ... success: reloaded. 
66137      INFO  main            d.u.i.k.p.r.p.TestFile    Now processing file /home/runner/work/key/key/key.core/../key.ui/examples/heap/saddleback_search/Saddleback_search.key 
66137      INFO  main            d.u.i.k.p.i.AbstractProblemLoader Loading environment from /home/runner/work/key/key/key.core/../key.ui/examples/heap/saddleback_search/Saddleback_search.key 
66140      DEBUG main            d.u.i.k.p.i.AbstractProblemLoader Environment load took 2.47ms 
66142      INFO  main            d.u.i.k.p.i.AbstractProblemLoader Creating init config 
69701      DEBUG main            d.u.i.k.p.i.AbstractProblemLoader Init config took 3.56s 
69757      INFO  main            d.u.i.k.p.i.AbstractProblemLoader Replaying proof Saddleback[Saddleback::search([[I,int)].JML normal_behavior operation contract.0 
69768      DEBUG main            d.u.i.k.p.i.IntermediateProofReplayer Proof replay took 7.4ns 
176838     INFO  main            d.u.i.k.p.r.p.TestFile    ... finished proof: closed. 
177374     INFO  main            d.u.i.k.p.i.AbstractProblemLoader Loading environment from /home/runner/work/key/key/key.core/../key.ui/examples/heap/saddleback_search/Saddleback_search.key.proof 
177375     DEBUG main            d.u.i.k.p.i.AbstractProblemLoader Environment load took 675.3ns 
177394     INFO  main            d.u.i.k.p.i.AbstractProblemLoader Creating init config 
180724     DEBUG main            d.u.i.k.p.i.AbstractProblemLoader Init config took 3.33s 
180789     INFO  main            d.u.i.k.p.i.AbstractProblemLoader Replaying proof Saddleback[Saddleback::search([[I,int)].JML normal_behavior operation contract.0 
183047     DEBUG main            d.u.i.k.p.i.IntermediateProofReplayer Proof replay took 2.08s 
183058     DEBUG main            d.u.i.k.p.r.p.TestFile    ... success: reloaded. 
2101307    INFO  Test worker     d.u.i.k.p.r.RunAllProofsTestUnit Returning from test removeDups 
2101308    INFO  Test worker     d.u.i.k.p.r.RunAllProofsTestUnit Running test quicksort 
467        INFO  Timeout watchdog d.u.i.k.p.r.p.ForkedTestFileRunner Timeout watcher launched (2000 secs.) 
494        WARN  main            d.u.i.k.s.ProofSettings   The settings in /home/runner/.key/proof-settings.props are *not* read. 
545        INFO  main            d.u.i.k.p.r.p.TestFile    Now processing file /home/runner/work/key/key/key.core/../key.ui/examples/heap/quicksort/toplevel.key 
719        INFO  main            d.u.i.k.p.i.AbstractProblemLoader Loading environment from /home/runner/work/key/key/key.core/../key.ui/examples/heap/quicksort/toplevel.key 
742        DEBUG main            d.u.i.k.p.i.AbstractProblemLoader Environment load took 2.5ms 
1059       INFO  main            d.u.i.k.p.i.AbstractProblemLoader Creating init config 
2453       DEBUG main            d.u.i.k.j.TypeConverter   No LDT found for Meta 
2454       DEBUG main            d.u.i.k.j.TypeConverter   No LDT found for Meta 
2458       DEBUG main            d.u.i.k.j.TypeConverter   No LDT found for Meta 
2458       DEBUG main            d.u.i.k.j.TypeConverter   No LDT found for Meta 
4046       DEBUG main            d.u.i.k.j.TypeConverter   No LDT found for JavaBigintExpression 
11004      DEBUG main            d.u.i.k.p.i.AbstractProblemLoader Init config took 9.94s 
11218      INFO  main            d.u.i.k.p.i.AbstractProblemLoader Replaying proof Quicksort[Quicksort::sort([I)].JML normal_behavior operation contract.0 
11272      DEBUG main            d.u.i.k.p.i.IntermediateProofReplayer Proof replay took 40ns 
12822      INFO  main            d.u.i.k.p.r.p.TestFile    ... finished proof: closed. 
13001      INFO  main            d.u.i.k.p.i.AbstractProblemLoader Loading environment from /home/runner/work/key/key/key.core/../key.ui/examples/heap/quicksort/toplevel.key.proof 
13005      DEBUG main            d.u.i.k.p.i.AbstractProblemLoader Environment load took 3.63ms 
13017      INFO  main            d.u.i.k.p.i.AbstractProblemLoader Creating init config 
16911      DEBUG main            d.u.i.k.p.i.AbstractProblemLoader Init config took 3.89s 
17021      INFO  main            d.u.i.k.p.i.AbstractProblemLoader Replaying proof Quicksort[Quicksort::sort([I)].JML normal_behavior operation contract.0 
17239      DEBUG main            d.u.i.k.p.i.IntermediateProofReplayer Proof replay took 207.48ms 
17248      DEBUG main            d.u.i.k.p.r.p.TestFile    ... success: reloaded. 
17251      INFO  main            d.u.i.k.p.r.p.TestFile    Now processing file /home/runner/work/key/key/key.core/../key.ui/examples/heap/quicksort/sort.key 
17252      INFO  main            d.u.i.k.p.i.AbstractProblemLoader Loading environment from /home/runner/work/key/key/key.core/../key.ui/examples/heap/quicksort/sort.key 
17252      DEBUG main            d.u.i.k.p.i.AbstractProblemLoader Environment load took 341.3ns 
17257      INFO  main            d.u.i.k.p.i.AbstractProblemLoader Creating init config 
21065      DEBUG main            d.u.i.k.p.i.AbstractProblemLoader Init config took 3.81s 
21139      INFO  main            d.u.i.k.p.i.AbstractProblemLoader Replaying proof Quicksort[Quicksort::sort([I,int,int)].JML normal_behavior operation contract.0 
21144      DEBUG main            d.u.i.k.p.i.IntermediateProofReplayer Proof replay took 7.5ns 
21194      DEBUG main            d.u.i.k.m.s.ProofScriptEngine [1] goal: 0, source line: 7, command: 'script 'sort.script'' 
21195      INFO  main            d.u.i.k.m.s.ProofScriptCommand Included script /home/runner/work/key/key/key.core/../key.ui/examples/heap/quicksort/sort.script 
21198      DEBUG main            d.u.i.k.m.s.ProofScriptEngine [1] goal: 0, source line: 1, command: 'macro autopilot-prep' 
22719      DEBUG main            d.u.i.k.m.s.ProofScriptEngine [2] goal: 358, source line: 3, command: 'select formula="{heapAtPre:=heap || exc:=null || heap:=heapAfter_sort_0}
   seq ...' 
22721      DEBUG main            d.u.i.k.m.s.ProofScriptEngine [3] goal: 358, source line: 9, command: 'macro simp-upd' 
22733      DEBUG main            d.u.i.k.m.s.ProofScriptEngine [4] goal: 369, source line: 11, command: 'let   @seqPre="seqDef{int u;}(0, array.length, array[u])"
    @seqSplit="seqDef ...' 
22755      DEBUG main            d.u.i.k.m.s.ProofScriptEngine [5] goal: 369, source line: 16, command: 'rule seqPermSym 
  formula="seqPerm(@seqSplit, @seqPre)"' 
22786      DEBUG main            d.u.i.k.m.s.ProofScriptEngine [6] goal: 370, source line: 19, command: 'rule seqPermSym
  formula="seqPerm(@seqSort, @seqSplit)"' 
22797      DEBUG main            d.u.i.k.m.s.ProofScriptEngine [7] goal: 371, source line: 22, command: 'rule seqPermSym
  formula="seqPerm(@seqSort0, @seqSort)"' 
22799      DEBUG main            d.u.i.k.m.s.ProofScriptEngine [8] goal: 372, source line: 25, command: 'rule seqPermTrans
  formula="seqPerm(@seqPre, @seqSplit)"' 
22801      DEBUG main            d.u.i.k.m.s.ProofScriptEngine [9] goal: 373, source line: 28, command: 'rule seqPermTrans
  formula="seqPerm(@seqPre, @seqSort)"' 
22802      DEBUG main            d.u.i.k.m.s.ProofScriptEngine [10] goal: 374, source line: 31, command: 'rule seqPermSym
  formula="seqPerm(@seqPre, @seqSort0)"' 
22804      DEBUG main            d.u.i.k.m.s.ProofScriptEngine [11] goal: 375, source line: 34, command: 'tryclose' 
58186      INFO  main            d.u.i.k.p.r.p.TestFile    ... finished proof: closed. 
58599      INFO  main            d.u.i.k.p.i.AbstractProblemLoader Loading environment from /home/runner/work/key/key/key.core/../key.ui/examples/heap/quicksort/sort.key.proof 
58600      DEBUG main            d.u.i.k.p.i.AbstractProblemLoader Environment load took 389.51ns 
58608      INFO  main            d.u.i.k.p.i.AbstractProblemLoader Creating init config 
62145      DEBUG main            d.u.i.k.p.i.AbstractProblemLoader Init config took 3.54s 
62226      INFO  main            d.u.i.k.p.i.AbstractProblemLoader Replaying proof Quicksort[Quicksort::sort([I,int,int)].JML normal_behavior operation contract.0 
64619      DEBUG main            d.u.i.k.p.i.IntermediateProofReplayer Proof replay took 2.25s 
64650      DEBUG main            d.u.i.k.p.r.p.TestFile    ... success: reloaded. 
64660      INFO  main            d.u.i.k.p.r.p.TestFile    Now processing file /home/runner/work/key/key/key.core/../key.ui/examples/heap/quicksort/split.key 
64669      INFO  main            d.u.i.k.p.i.AbstractProblemLoader Loading environment from /home/runner/work/key/key/key.core/../key.ui/examples/heap/quicksort/split.key 
64669      DEBUG main            d.u.i.k.p.i.AbstractProblemLoader Environment load took 489.5ns 
64678      INFO  main            d.u.i.k.p.i.AbstractProblemLoader Creating init config 
68484      DEBUG main            d.u.i.k.p.i.AbstractProblemLoader Init config took 3.81s 
68546      INFO  main            d.u.i.k.p.i.AbstractProblemLoader Replaying proof Quicksort[Quicksort::split([I,int,int)].JML normal_behavior operation contract.0 
68551      DEBUG main            d.u.i.k.p.i.IntermediateProofReplayer Proof replay took 6.9ns 
68552      DEBUG main            d.u.i.k.m.s.ProofScriptEngine [1] goal: 0, source line: 15, command: 'macro autopilot-prep' 
70177      DEBUG main            d.u.i.k.m.s.ProofScriptEngine [2] goal: 520, source line: 17, command: 'tryclose' 
121507     DEBUG main            d.u.i.k.m.s.ProofScriptEngine [3] goal: 495, source line: 20, command: 'macro simp-upd' 
121635     DEBUG main            d.u.i.k.m.s.ProofScriptEngine [4] goal: 495, source line: 25, command: 'rule seqPermFromSwap' 
121654     DEBUG main            d.u.i.k.m.s.ProofScriptEngine [5] goal: 40829, source line: 26, command: 'rule andRight' 
121662     DEBUG main            d.u.i.k.m.s.ProofScriptEngine [6] goal: 40830, source line: 27, command: 'auto' 
121691     DEBUG main            d.u.i.k.m.s.ProofScriptEngine [7] goal: 40831, source line: 29, command: 'instantiate hide var=iv with=i_0' 
121694     DEBUG main            d.u.i.k.m.s.ProofScriptEngine [8] goal: 40836, source line: 31, command: 'instantiate hide var=jv with=j_0' 
121697     DEBUG main            d.u.i.k.m.s.ProofScriptEngine [9] goal: 40837, source line: 32, command: 'auto' 
129940     DEBUG main            d.u.i.k.m.s.ProofScriptEngine [10] goal: 190, source line: 34, command: 'macro simp-upd' 
130042     DEBUG main            d.u.i.k.m.s.ProofScriptEngine [11] goal: 46168, source line: 36, command: 'rule seqPermFromSwap' 
130045     DEBUG main            d.u.i.k.m.s.ProofScriptEngine [12] goal: 46169, source line: 37, command: 'rule andRight' 
130049     DEBUG main            d.u.i.k.m.s.ProofScriptEngine [13] goal: 46170, source line: 38, command: 'auto' 
130073     DEBUG main            d.u.i.k.m.s.ProofScriptEngine [14] goal: 46171, source line: 40, command: 'instantiate hide var=iv with=i_0' 
130074     DEBUG main            d.u.i.k.m.s.ProofScriptEngine [15] goal: 46176, source line: 42, command: 'instantiate hide var=jv with=to' 
130078     DEBUG main            d.u.i.k.m.s.ProofScriptEngine [16] goal: 46177, source line: 43, command: 'auto' 
136648     INFO  main            d.u.i.k.p.r.p.TestFile    ... finished proof: closed. 
137347     INFO  main            d.u.i.k.p.i.AbstractProblemLoader Loading environment from /home/runner/work/key/key/key.core/../key.ui/examples/heap/quicksort/split.key.proof 
137348     DEBUG main            d.u.i.k.p.i.AbstractProblemLoader Environment load took 553.9ns 
137361     INFO  main            d.u.i.k.p.i.AbstractProblemLoader Creating init config 
140755     DEBUG main            d.u.i.k.p.i.AbstractProblemLoader Init config took 3.39s 
140830     INFO  main            d.u.i.k.p.i.AbstractProblemLoader Replaying proof Quicksort[Quicksort::split([I,int,int)].JML normal_behavior operation contract.0 
144477     DEBUG main            d.u.i.k.p.i.IntermediateProofReplayer Proof replay took 3.33s 
144551     DEBUG main            d.u.i.k.p.r.p.TestFile    ... success: reloaded. 
2247148    INFO  Test worker     d.u.i.k.p.r.RunAllProofsTestUnit Returning from test quicksort 
2247150    INFO  Test worker     d.u.i.k.p.r.RunAllProofsTestUnit Running test simpleTests 
531        INFO  Timeout watchdog d.u.i.k.p.r.p.ForkedTestFileRunner Timeout watcher launched (2000 secs.) 
556        WARN  main            d.u.i.k.s.ProofSettings   The settings in /home/runner/.key/proof-settings.props are *not* read. 
626        INFO  main            d.u.i.k.p.r.p.TestFile    Now processing file /home/runner/work/key/key/key.core/../key.ui/examples/heap/simple/anonymise_datagroup.key 
790        INFO  main            d.u.i.k.p.i.AbstractProblemLoader Loading environment from /home/runner/work/key/key/key.core/../key.ui/examples/heap/simple/anonymise_datagroup.key 
812        DEBUG main            d.u.i.k.p.i.AbstractProblemLoader Environment load took 2.87ms 
1158       INFO  main            d.u.i.k.p.i.AbstractProblemLoader Creating init config 
2524       DEBUG main            d.u.i.k.j.TypeConverter   No LDT found for Meta 
2524       DEBUG main            d.u.i.k.j.TypeConverter   No LDT found for Meta 
2526       DEBUG main            d.u.i.k.j.TypeConverter   No LDT found for Meta 
2526       DEBUG main            d.u.i.k.j.TypeConverter   No LDT found for Meta 
4435       DEBUG main            d.u.i.k.j.TypeConverter   No LDT found for JavaBigintExpression 
11184      DEBUG main            d.u.i.k.p.i.AbstractProblemLoader Init config took 10.03s 
11264      INFO  main            d.u.i.k.p.i.AbstractProblemLoader Replaying proof anonymise_datagroup.key 
11310      DEBUG main            d.u.i.k.p.i.IntermediateProofReplayer Proof replay took 43.1ns 
11603      INFO  main            d.u.i.k.p.r.p.TestFile    ... finished proof: closed. 
11813      INFO  main            d.u.i.k.p.i.AbstractProblemLoader Loading environment from /home/runner/work/key/key/key.core/../key.ui/examples/heap/simple/anonymise_datagroup.key.proof 
11815      DEBUG main            d.u.i.k.p.i.AbstractProblemLoader Environment load took 1.22ms 
11827      INFO  main            d.u.i.k.p.i.AbstractProblemLoader Creating init config 
15752      DEBUG main            d.u.i.k.p.i.AbstractProblemLoader Init config took 3.93s 
15813      INFO  main            d.u.i.k.p.i.AbstractProblemLoader Replaying proof anonymise_datagroup.key.proof 
15849      DEBUG main            d.u.i.k.p.i.IntermediateProofReplayer Proof replay took 25.03ms 
15872      DEBUG main            d.u.i.k.p.r.p.TestFile    ... success: reloaded. 
15874      INFO  main            d.u.i.k.p.r.p.TestFile    Now processing file /home/runner/work/key/key/key.core/../key.ui/examples/heap/simple/array_creation.key 
15874      INFO  main            d.u.i.k.p.i.AbstractProblemLoader Loading environment from /home/runner/work/key/key/key.core/../key.ui/examples/heap/simple/array_creation.key 
15875      DEBUG main            d.u.i.k.p.i.AbstractProblemLoader Environment load took 298.9ns 
15889      INFO  main            d.u.i.k.p.i.AbstractProblemLoader Creating init config 
19425      DEBUG main            d.u.i.k.p.i.AbstractProblemLoader Init config took 3.54s 
19469      INFO  main            d.u.i.k.p.i.AbstractProblemLoader Replaying proof array_creation.key 
19473      DEBUG main            d.u.i.k.p.i.IntermediateProofReplayer Proof replay took 7.6ns 
20388      INFO  main            d.u.i.k.p.r.p.TestFile    ... finished proof: closed. 
20583      INFO  main            d.u.i.k.p.i.AbstractProblemLoader Loading environment from /home/runner/work/key/key/key.core/../key.ui/examples/heap/simple/array_creation.key.proof 
20587      DEBUG main            d.u.i.k.p.i.AbstractProblemLoader Environment load took 3.05ms 
20597      INFO  main            d.u.i.k.p.i.AbstractProblemLoader Creating init config 
24061      DEBUG main            d.u.i.k.p.i.AbstractProblemLoader Init config took 3.46s 
24094      INFO  main            d.u.i.k.p.i.AbstractProblemLoader Replaying proof array_creation.key.proof 
24222      DEBUG main            d.u.i.k.p.i.IntermediateProofReplayer Proof replay took 122.36ms 
24224      DEBUG main            d.u.i.k.p.r.p.TestFile    ... success: reloaded. 
24226      INFO  main            d.u.i.k.p.r.p.TestFile    Now processing file /home/runner/work/key/key/key.core/../key.ui/examples/heap/simple/arrays_with_disjoint_sorts.key 
24226      INFO  main            d.u.i.k.p.i.AbstractProblemLoader Loading environment from /home/runner/work/key/key/key.core/../key.ui/examples/heap/simple/arrays_with_disjoint_sorts.key 
24227      DEBUG main            d.u.i.k.p.i.AbstractProblemLoader Environment load took 285.2ns 
24229      INFO  main            d.u.i.k.p.i.AbstractProblemLoader Creating init config 
27650      DEBUG main            d.u.i.k.p.i.AbstractProblemLoader Init config took 3.42s 
27679      INFO  main            d.u.i.k.p.i.AbstractProblemLoader Replaying proof arrays_with_disjoint_sorts.key 
27683      DEBUG main            d.u.i.k.p.i.IntermediateProofReplayer Proof replay took 6.9ns 
27888      INFO  main            d.u.i.k.p.r.p.TestFile    ... finished proof: closed. 
28109      INFO  main            d.u.i.k.p.i.AbstractProblemLoader Loading environment from /home/runner/work/key/key/key.core/../key.ui/examples/heap/simple/arrays_with_disjoint_sorts.key.proof 
28111      DEBUG main            d.u.i.k.p.i.AbstractProblemLoader Environment load took 1.8ms 
28113      INFO  main            d.u.i.k.p.i.AbstractProblemLoader Creating init config 
31414      DEBUG main            d.u.i.k.p.i.AbstractProblemLoader Init config took 3.3s 
31449      INFO  main            d.u.i.k.p.i.AbstractProblemLoader Replaying proof arrays_with_disjoint_sorts.key.proof 
31506      DEBUG main            d.u.i.k.p.i.IntermediateProofReplayer Proof replay took 49.12ms 
31508      DEBUG main            d.u.i.k.p.r.p.TestFile    ... success: reloaded. 
31509      INFO  main            d.u.i.k.p.r.p.TestFile    Now processing file /home/runner/work/key/key/key.core/../key.ui/examples/heap/simple/arrays.key 
31510      INFO  main            d.u.i.k.p.i.AbstractProblemLoader Loading environment from /home/runner/work/key/key/key.core/../key.ui/examples/heap/simple/arrays.key 
31510      DEBUG main            d.u.i.k.p.i.AbstractProblemLoader Environment load took 146.5ns 
31512      INFO  main            d.u.i.k.p.i.AbstractProblemLoader Creating init config 
34928      DEBUG main            d.u.i.k.p.i.AbstractProblemLoader Init config took 3.42s 
34957      INFO  main            d.u.i.k.p.i.AbstractProblemLoader Replaying proof arrays.key 
34962      DEBUG main            d.u.i.k.p.i.IntermediateProofReplayer Proof replay took 7.2ns 
35170      INFO  main            d.u.i.k.p.r.p.TestFile    ... finished proof: closed. 
35381      INFO  main            d.u.i.k.p.i.AbstractProblemLoader Loading environment from /home/runner/work/key/key/key.core/../key.ui/examples/heap/simple/arrays.key.proof 
35381      DEBUG main            d.u.i.k.p.i.AbstractProblemLoader Environment load took 166.2ns 
35383      INFO  main            d.u.i.k.p.i.AbstractProblemLoader Creating init config 
38676      DEBUG main            d.u.i.k.p.i.AbstractProblemLoader Init config took 3.29s 
38709      INFO  main            d.u.i.k.p.i.AbstractProblemLoader Replaying proof arrays.key.proof 
38747      DEBUG main            d.u.i.k.p.i.IntermediateProofReplayer Proof replay took 34.45ms 
38749      DEBUG main            d.u.i.k.p.r.p.TestFile    ... success: reloaded. 
38751      INFO  main            d.u.i.k.p.r.p.TestFile    Now processing file /home/runner/work/key/key/key.core/../key.ui/examples/heap/simple/attributes.key 
38752      INFO  main            d.u.i.k.p.i.AbstractProblemLoader Loading environment from /home/runner/work/key/key/key.core/../key.ui/examples/heap/simple/attributes.key 
38752      DEBUG main            d.u.i.k.p.i.AbstractProblemLoader Environment load took 262.8ns 
38754      INFO  main            d.u.i.k.p.i.AbstractProblemLoader Creating init config 
42122      DEBUG main            d.u.i.k.p.i.AbstractProblemLoader Init config took 3.37s 
42156      INFO  main            d.u.i.k.p.i.AbstractProblemLoader Replaying proof attributes.key 
42158      DEBUG main            d.u.i.k.p.i.IntermediateProofReplayer Proof replay took 7.4ns 
42261      INFO  main            d.u.i.k.p.r.p.TestFile    ... finished proof: closed. 
42468      INFO  main            d.u.i.k.p.i.AbstractProblemLoader Loading environment from /home/runner/work/key/key/key.core/../key.ui/examples/heap/simple/attributes.key.proof 
42468      DEBUG main            d.u.i.k.p.i.AbstractProblemLoader Environment load took 151.3ns 
42470      INFO  main            d.u.i.k.p.i.AbstractProblemLoader Creating init config 
45775      DEBUG main            d.u.i.k.p.i.AbstractProblemLoader Init config took 3.31s 
45803      INFO  main            d.u.i.k.p.i.AbstractProblemLoader Replaying proof attributes.key.proof 
45809      DEBUG main            d.u.i.k.p.i.IntermediateProofReplayer Proof replay took 2.33ms 
45810      DEBUG main            d.u.i.k.p.r.p.TestFile    ... success: reloaded. 
45811      INFO  main            d.u.i.k.p.r.p.TestFile    Now processing file /home/runner/work/key/key/key.core/../key.ui/examples/heap/simple/constructor_contracts.key 
45812      INFO  main            d.u.i.k.p.i.AbstractProblemLoader Loading environment from /home/runner/work/key/key/key.core/../key.ui/examples/heap/simple/constructor_contracts.key 
45812      DEBUG main            d.u.i.k.p.i.AbstractProblemLoader Environment load took 292.5ns 
45815      INFO  main            d.u.i.k.p.i.AbstractProblemLoader Creating init config 
49664      DEBUG main            d.u.i.k.p.i.AbstractProblemLoader Init config took 3.85s 
49689      INFO  main            d.u.i.k.p.i.AbstractProblemLoader Replaying proof constructor_contracts.key 
49692      DEBUG main            d.u.i.k.p.i.IntermediateProofReplayer Proof replay took 7.4ns 
50510      INFO  main            d.u.i.k.p.r.p.TestFile    ... finished proof: closed. 
50777      INFO  main            d.u.i.k.p.i.AbstractProblemLoader Loading environment from /home/runner/work/key/key/key.core/../key.ui/examples/heap/simple/constructor_contracts.key.proof 
50777      DEBUG main            d.u.i.k.p.i.AbstractProblemLoader Environment load took 170.8ns 
50779      INFO  main            d.u.i.k.p.i.AbstractProblemLoader Creating init config 
54330      DEBUG main            d.u.i.k.p.i.AbstractProblemLoader Init config took 3.55s 
54363      INFO  main            d.u.i.k.p.i.AbstractProblemLoader Replaying proof constructor_contracts.key.proof 
54537      DEBUG main            d.u.i.k.p.i.IntermediateProofReplayer Proof replay took 161.34ms 
54539      DEBUG main            d.u.i.k.p.r.p.TestFile    ... success: reloaded. 
54541      INFO  main            d.u.i.k.p.r.p.TestFile    Now processing file /home/runner/work/key/key/key.core/../key.ui/examples/heap/simple/dependencies.key 
54542      INFO  main            d.u.i.k.p.i.AbstractProblemLoader Loading environment from /home/runner/work/key/key/key.core/../key.ui/examples/heap/simple/dependencies.key 
54542      DEBUG main            d.u.i.k.p.i.AbstractProblemLoader Environment load took 338.4ns 
54544      INFO  main            d.u.i.k.p.i.AbstractProblemLoader Creating init config 
57634      DEBUG main            d.u.i.k.p.i.AbstractProblemLoader Init config took 3.09s 
57655      INFO  main            d.u.i.k.p.i.AbstractProblemLoader Replaying proof dependencies.key 
57656      DEBUG main            d.u.i.k.p.i.IntermediateProofReplayer Proof replay took 8.1ns 
57759      INFO  main            d.u.i.k.p.r.p.TestFile    ... finished proof: closed. 
57988      INFO  main            d.u.i.k.p.i.AbstractProblemLoader Loading environment from /home/runner/work/key/key/key.core/../key.ui/examples/heap/simple/dependencies.key.proof 
57990      DEBUG main            d.u.i.k.p.i.AbstractProblemLoader Environment load took 1.39ms 
57993      INFO  main            d.u.i.k.p.i.AbstractProblemLoader Creating init config 
61100      DEBUG main            d.u.i.k.p.i.AbstractProblemLoader Init config took 3.11s 
61121      INFO  main            d.u.i.k.p.i.AbstractProblemLoader Replaying proof dependencies.key.proof 
61131      DEBUG main            d.u.i.k.p.i.IntermediateProofReplayer Proof replay took 7.28ms 
61133      DEBUG main            d.u.i.k.p.r.p.TestFile    ... success: reloaded. 
61134      INFO  main            d.u.i.k.p.r.p.TestFile    Now processing file /home/runner/work/key/key/key.core/../key.ui/examples/heap/simple/dependency_contracts.key 
61134      INFO  main            d.u.i.k.p.i.AbstractProblemLoader Loading environment from /home/runner/work/key/key/key.core/../key.ui/examples/heap/simple/dependency_contracts.key 
61134      DEBUG main            d.u.i.k.p.i.AbstractProblemLoader Environment load took 257.6ns 
61136      INFO  main            d.u.i.k.p.i.AbstractProblemLoader Creating init config 
64639      DEBUG main            d.u.i.k.p.i.AbstractProblemLoader Init config took 3.5s 
64661      INFO  main            d.u.i.k.p.i.AbstractProblemLoader Replaying proof dependency_contracts.key 
64663      DEBUG main            d.u.i.k.p.i.IntermediateProofReplayer Proof replay took 6.7ns 
66375      INFO  main            d.u.i.k.p.r.p.TestFile    ... finished proof: closed. 
66636      INFO  main            d.u.i.k.p.i.AbstractProblemLoader Loading environment from /home/runner/work/key/key/key.core/../key.ui/examples/heap/simple/dependency_contracts.key.proof 
66637      DEBUG main            d.u.i.k.p.i.AbstractProblemLoader Environment load took 2.03ms 
66640      INFO  main            d.u.i.k.p.i.AbstractProblemLoader Creating init config 
70156      DEBUG main            d.u.i.k.p.i.AbstractProblemLoader Init config took 3.52s 
70186      INFO  main            d.u.i.k.p.i.AbstractProblemLoader Replaying proof dependency_contracts.key.proof 
70478      DEBUG main            d.u.i.k.p.i.IntermediateProofReplayer Proof replay took 274.67ms 
70483      DEBUG main            d.u.i.k.p.r.p.TestFile    ... success: reloaded. 
70485      INFO  main            d.u.i.k.p.r.p.TestFile    Now processing file /home/runner/work/key/key/key.core/../key.ui/examples/heap/simple/invariant_preservation.key 
70486      INFO  main            d.u.i.k.p.i.AbstractProblemLoader Loading environment from /home/runner/work/key/key/key.core/../key.ui/examples/heap/simple/invariant_preservation.key 
70486      DEBUG main            d.u.i.k.p.i.AbstractProblemLoader Environment load took 346.3ns 
70489      INFO  main            d.u.i.k.p.i.AbstractProblemLoader Creating init config 
73934      DEBUG main            d.u.i.k.p.i.AbstractProblemLoader Init config took 3.45s 
73956      INFO  main            d.u.i.k.p.i.AbstractProblemLoader Replaying proof invariant_preservation.key 
73958      DEBUG main            d.u.i.k.p.i.IntermediateProofReplayer Proof replay took 8.9ns 
74165      INFO  main            d.u.i.k.p.r.p.TestFile    ... finished proof: closed. 
74450      INFO  main            d.u.i.k.p.i.AbstractProblemLoader Loading environment from /home/runner/work/key/key/key.core/../key.ui/examples/heap/simple/invariant_preservation.key.proof 
74450      DEBUG main            d.u.i.k.p.i.AbstractProblemLoader Environment load took 171.8ns 
74454      INFO  main            d.u.i.k.p.i.AbstractProblemLoader Creating init config 
77953      DEBUG main            d.u.i.k.p.i.AbstractProblemLoader Init config took 3.5s 
77973      INFO  main            d.u.i.k.p.i.AbstractProblemLoader Replaying proof invariant_preservation.key.proof 
78013      DEBUG main            d.u.i.k.p.i.IntermediateProofReplayer Proof replay took 36.45ms 
78017      DEBUG main            d.u.i.k.p.r.p.TestFile    ... success: reloaded. 
78020      INFO  main            d.u.i.k.p.r.p.TestFile    Now processing file /home/runner/work/key/key/key.core/../key.ui/examples/heap/simple/locsets.key 
78020      INFO  main            d.u.i.k.p.i.AbstractProblemLoader Loading environment from /home/runner/work/key/key/key.core/../key.ui/examples/heap/simple/locsets.key 
78020      DEBUG main            d.u.i.k.p.i.AbstractProblemLoader Environment load took 93.5ns 
78023      INFO  main            d.u.i.k.p.i.AbstractProblemLoader Creating init config 
81169      DEBUG main            d.u.i.k.p.i.AbstractProblemLoader Init config took 3.15s 
81186      INFO  main            d.u.i.k.p.i.AbstractProblemLoader Replaying proof locsets.key 
81187      DEBUG main            d.u.i.k.p.i.IntermediateProofReplayer Proof replay took 7.8ns 
81290      INFO  main            d.u.i.k.p.r.p.TestFile    ... finished proof: closed. 
81582      INFO  main            d.u.i.k.p.i.AbstractProblemLoader Loading environment from /home/runner/work/key/key/key.core/../key.ui/examples/heap/simple/locsets.key.proof 
81583      DEBUG main            d.u.i.k.p.i.AbstractProblemLoader Environment load took 585.91ns 
81585      INFO  main            d.u.i.k.p.i.AbstractProblemLoader Creating init config 
84781      DEBUG main            d.u.i.k.p.i.AbstractProblemLoader Init config took 3.2s 
84799      INFO  main            d.u.i.k.p.i.AbstractProblemLoader Replaying proof locsets.key.proof 
84803      DEBUG main            d.u.i.k.p.i.IntermediateProofReplayer Proof replay took 2.45ms 
84804      DEBUG main            d.u.i.k.p.r.p.TestFile    ... success: reloaded. 
84805      INFO  main            d.u.i.k.p.r.p.TestFile    Now processing file /home/runner/work/key/key/key.core/../key.ui/examples/heap/simple/loop1.key 
84805      INFO  main            d.u.i.k.p.i.AbstractProblemLoader Loading environment from /home/runner/work/key/key/key.core/../key.ui/examples/heap/simple/loop1.key 
84806      DEBUG main            d.u.i.k.p.i.AbstractProblemLoader Environment load took 142.2ns 
84807      INFO  main            d.u.i.k.p.i.AbstractProblemLoader Creating init config 
88225      DEBUG main            d.u.i.k.p.i.AbstractProblemLoader Init config took 3.42s 
88251      INFO  main            d.u.i.k.p.i.AbstractProblemLoader Replaying proof loop1.key 
88253      DEBUG main            d.u.i.k.p.i.IntermediateProofReplayer Proof replay took 8.6ns 
88556      INFO  main            d.u.i.k.p.r.p.TestFile    ... finished proof: closed. 
88824      INFO  main            d.u.i.k.p.i.AbstractProblemLoader Loading environment from /home/runner/work/key/key/key.core/../key.ui/examples/heap/simple/loop1.key.proof 
88825      DEBUG main            d.u.i.k.p.i.AbstractProblemLoader Environment load took 567.5ns 
88827      INFO  main            d.u.i.k.p.i.AbstractProblemLoader Creating init config 
92285      DEBUG main            d.u.i.k.p.i.AbstractProblemLoader Init config took 3.46s 
92304      INFO  main            d.u.i.k.p.i.AbstractProblemLoader Replaying proof loop1.key.proof 
92381      DEBUG main            d.u.i.k.p.i.IntermediateProofReplayer Proof replay took 74.46ms 
92383      DEBUG main            d.u.i.k.p.r.p.TestFile    ... success: reloaded. 
92384      INFO  main            d.u.i.k.p.r.p.TestFile    Now processing file /home/runner/work/key/key/key.core/../key.ui/examples/heap/simple/loop2.key 
92384      INFO  main            d.u.i.k.p.i.AbstractProblemLoader Loading environment from /home/runner/work/key/key/key.core/../key.ui/examples/heap/simple/loop2.key 
92384      DEBUG main            d.u.i.k.p.i.AbstractProblemLoader Environment load took 134.9ns 
92386      INFO  main            d.u.i.k.p.i.AbstractProblemLoader Creating init config 
95940      DEBUG main            d.u.i.k.p.i.AbstractProblemLoader Init config took 3.55s 
95963      INFO  main            d.u.i.k.p.i.AbstractProblemLoader Replaying proof loop2.key 
95970      DEBUG main            d.u.i.k.p.i.IntermediateProofReplayer Proof replay took 8.8ns 
96777      INFO  main            d.u.i.k.p.r.p.TestFile    ... finished proof: closed. 
97075      INFO  main            d.u.i.k.p.i.AbstractProblemLoader Loading environment from /home/runner/work/key/key/key.core/../key.ui/examples/heap/simple/loop2.key.proof 
97076      DEBUG main            d.u.i.k.p.i.AbstractProblemLoader Environment load took 581.11ns 
97078      INFO  main            d.u.i.k.p.i.AbstractProblemLoader Creating init config 
100431     DEBUG main            d.u.i.k.p.i.AbstractProblemLoader Init config took 3.35s 
100450     INFO  main            d.u.i.k.p.i.AbstractProblemLoader Replaying proof loop2.key.proof 
100582     DEBUG main            d.u.i.k.p.i.IntermediateProofReplayer Proof replay took 125.27ms 
100584     DEBUG main            d.u.i.k.p.r.p.TestFile    ... success: reloaded. 
100585     INFO  main            d.u.i.k.p.r.p.TestFile    Now processing file /home/runner/work/key/key/key.core/../key.ui/examples/heap/simple/modifies_datagroup.key 
100586     INFO  main            d.u.i.k.p.i.AbstractProblemLoader Loading environment from /home/runner/work/key/key/key.core/../key.ui/examples/heap/simple/modifies_datagroup.key 
100586     DEBUG main            d.u.i.k.p.i.AbstractProblemLoader Environment load took 137.8ns 
100587     INFO  main            d.u.i.k.p.i.AbstractProblemLoader Creating init config 
103815     DEBUG main            d.u.i.k.p.i.AbstractProblemLoader Init config took 3.23s 
103833     INFO  main            d.u.i.k.p.i.AbstractProblemLoader Replaying proof modifies_datagroup.key 
103835     DEBUG main            d.u.i.k.p.i.IntermediateProofReplayer Proof replay took 8.6ns 
103940     INFO  main            d.u.i.k.p.r.p.TestFile    ... finished proof: closed. 
104223     INFO  main            d.u.i.k.p.i.AbstractProblemLoader Loading environment from /home/runner/work/key/key/key.core/../key.ui/examples/heap/simple/modifies_datagroup.key.proof 
104224     DEBUG main            d.u.i.k.p.i.AbstractProblemLoader Environment load took 136.9ns 
104225     INFO  main            d.u.i.k.p.i.AbstractProblemLoader Creating init config 
107242     DEBUG main            d.u.i.k.p.i.AbstractProblemLoader Init config took 3.02s 
107260     INFO  main            d.u.i.k.p.i.AbstractProblemLoader Replaying proof modifies_datagroup.key.proof 
107268     DEBUG main            d.u.i.k.p.i.IntermediateProofReplayer Proof replay took 4.57ms 
107270     DEBUG main            d.u.i.k.p.r.p.TestFile    ... success: reloaded. 
107271     INFO  main            d.u.i.k.p.r.p.TestFile    Now processing file /home/runner/work/key/key/key.core/../key.ui/examples/heap/simple/modifies.key 
107271     INFO  main            d.u.i.k.p.i.AbstractProblemLoader Loading environment from /home/runner/work/key/key/key.core/../key.ui/examples/heap/simple/modifies.key 
107272     DEBUG main            d.u.i.k.p.i.AbstractProblemLoader Environment load took 252.9ns 
107276     INFO  main            d.u.i.k.p.i.AbstractProblemLoader Creating init config 
110231     DEBUG main            d.u.i.k.p.i.AbstractProblemLoader Init config took 2.95s 
110248     INFO  main            d.u.i.k.p.i.AbstractProblemLoader Replaying proof modifies.key 
110249     DEBUG main            d.u.i.k.p.i.IntermediateProofReplayer Proof replay took 7.4ns 
110352     INFO  main            d.u.i.k.p.r.p.TestFile    ... finished proof: closed. 
110638     INFO  main            d.u.i.k.p.i.AbstractProblemLoader Loading environment from /home/runner/work/key/key/key.core/../key.ui/examples/heap/simple/modifies.key.proof 
110639     DEBUG main            d.u.i.k.p.i.AbstractProblemLoader Environment load took 146.9ns 
110641     INFO  main            d.u.i.k.p.i.AbstractProblemLoader Creating init config 
113541     DEBUG main            d.u.i.k.p.i.AbstractProblemLoader Init config took 2.9s 
113559     INFO  main            d.u.i.k.p.i.AbstractProblemLoader Replaying proof modifies.key.proof 
113575     DEBUG main            d.u.i.k.p.i.IntermediateProofReplayer Proof replay took 14.12ms 
113577     DEBUG main            d.u.i.k.p.r.p.TestFile    ... success: reloaded. 
113578     INFO  main            d.u.i.k.p.r.p.TestFile    Now processing file /home/runner/work/key/key/key.core/../key.ui/examples/heap/simple/object_creation.key 
113578     INFO  main            d.u.i.k.p.i.AbstractProblemLoader Loading environment from /home/runner/work/key/key/key.core/../key.ui/examples/heap/simple/object_creation.key 
113578     DEBUG main            d.u.i.k.p.i.AbstractProblemLoader Environment load took 89.8ns 
113580     INFO  main            d.u.i.k.p.i.AbstractProblemLoader Creating init config 
116650     DEBUG main            d.u.i.k.p.i.AbstractProblemLoader Init config took 3.07s 
116665     INFO  main            d.u.i.k.p.i.AbstractProblemLoader Replaying proof object_creation.key 
116667     DEBUG main            d.u.i.k.p.i.IntermediateProofReplayer Proof replay took 21.2ns 
116973     INFO  main            d.u.i.k.p.r.p.TestFile    ... finished proof: closed. 
117264     INFO  main            d.u.i.k.p.i.AbstractProblemLoader Loading environment from /home/runner/work/key/key/key.core/../key.ui/examples/heap/simple/object_creation.key.proof 
117264     DEBUG main            d.u.i.k.p.i.AbstractProblemLoader Environment load took 139ns 
117266     INFO  main            d.u.i.k.p.i.AbstractProblemLoader Creating init config 
120116     DEBUG main            d.u.i.k.p.i.AbstractProblemLoader Init config took 2.85s 
120132     INFO  main            d.u.i.k.p.i.AbstractProblemLoader Replaying proof object_creation.key.proof 
120198     DEBUG main            d.u.i.k.p.i.IntermediateProofReplayer Proof replay took 62.19ms 
120200     DEBUG main            d.u.i.k.p.r.p.TestFile    ... success: reloaded. 
120201     INFO  main            d.u.i.k.p.r.p.TestFile    Now processing file /home/runner/work/key/key/key.core/../key.ui/examples/heap/simple/operation_contracts.key 
120201     INFO  main            d.u.i.k.p.i.AbstractProblemLoader Loading environment from /home/runner/work/key/key/key.core/../key.ui/examples/heap/simple/operation_contracts.key 
120201     DEBUG main            d.u.i.k.p.i.AbstractProblemLoader Environment load took 250.3ns 
120204     INFO  main            d.u.i.k.p.i.AbstractProblemLoader Creating init config 
123423     DEBUG main            d.u.i.k.p.i.AbstractProblemLoader Init config took 3.22s 
123439     INFO  main            d.u.i.k.p.i.AbstractProblemLoader Replaying proof operation_contracts.key 
123441     DEBUG main            d.u.i.k.p.i.IntermediateProofReplayer Proof replay took 7.6ns 
124548     INFO  main            d.u.i.k.p.r.p.TestFile    ... finished proof: closed. 
124858     INFO  main            d.u.i.k.p.i.AbstractProblemLoader Loading environment from /home/runner/work/key/key/key.core/../key.ui/examples/heap/simple/operation_contracts.key.proof 
124863     DEBUG main            d.u.i.k.p.i.AbstractProblemLoader Environment load took 5.31ms 
124870     INFO  main            d.u.i.k.p.i.AbstractProblemLoader Creating init config 
128086     DEBUG main            d.u.i.k.p.i.AbstractProblemLoader Init config took 3.22s 
128102     INFO  main            d.u.i.k.p.i.AbstractProblemLoader Replaying proof operation_contracts.key.proof 
128251     DEBUG main            d.u.i.k.p.i.IntermediateProofReplayer Proof replay took 139.8ms 
128253     DEBUG main            d.u.i.k.p.r.p.TestFile    ... success: reloaded. 
128255     INFO  main            d.u.i.k.p.r.p.TestFile    Now processing file /home/runner/work/key/key/key.core/../key.ui/examples/heap/simple/select_store.key 
128255     INFO  main            d.u.i.k.p.i.AbstractProblemLoader Loading environment from /home/runner/work/key/key/key.core/../key.ui/examples/heap/simple/select_store.key 
128256     DEBUG main            d.u.i.k.p.i.AbstractProblemLoader Environment load took 199.7ns 
128257     INFO  main            d.u.i.k.p.i.AbstractProblemLoader Creating init config 
131282     DEBUG main            d.u.i.k.p.i.AbstractProblemLoader Init config took 3.03s 
131299     INFO  main            d.u.i.k.p.i.AbstractProblemLoader Replaying proof select_store.key 
131300     DEBUG main            d.u.i.k.p.i.IntermediateProofReplayer Proof replay took 7.7ns 
131403     INFO  main            d.u.i.k.p.r.p.TestFile    ... finished proof: closed. 
131724     INFO  main            d.u.i.k.p.i.AbstractProblemLoader Loading environment from /home/runner/work/key/key/key.core/../key.ui/examples/heap/simple/select_store.key.proof 
131724     DEBUG main            d.u.i.k.p.i.AbstractProblemLoader Environment load took 173.5ns 
131726     INFO  main            d.u.i.k.p.i.AbstractProblemLoader Creating init config 
134747     DEBUG main            d.u.i.k.p.i.AbstractProblemLoader Init config took 3.02s 
134764     INFO  main            d.u.i.k.p.i.AbstractProblemLoader Replaying proof select_store.key.proof 
134770     DEBUG main            d.u.i.k.p.i.IntermediateProofReplayer Proof replay took 2.78ms 
134771     DEBUG main            d.u.i.k.p.r.p.TestFile    ... success: reloaded. 
134774     INFO  main            d.u.i.k.p.r.p.TestFile    Now processing file /home/runner/work/key/key/key.core/../key.ui/examples/heap/simple/selection_sort.key 
134774     INFO  main            d.u.i.k.p.i.AbstractProblemLoader Loading environment from /home/runner/work/key/key/key.core/../key.ui/examples/heap/simple/selection_sort.key 
134775     DEBUG main            d.u.i.k.p.i.AbstractProblemLoader Environment load took 265.4ns 
134777     INFO  main            d.u.i.k.p.i.AbstractProblemLoader Creating init config 
138232     DEBUG main            d.u.i.k.p.i.AbstractProblemLoader Init config took 3.46s 
138248     INFO  main            d.u.i.k.p.i.AbstractProblemLoader Replaying proof selection_sort.key 
138254     DEBUG main            d.u.i.k.p.i.IntermediateProofReplayer Proof replay took 8.8ns 
143106     INFO  main            d.u.i.k.p.r.p.TestFile    ... finished proof: closed. 
143499     INFO  main            d.u.i.k.p.i.AbstractProblemLoader Loading environment from /home/runner/work/key/key/key.core/../key.ui/examples/heap/simple/selection_sort.key.proof 
143499     DEBUG main            d.u.i.k.p.i.AbstractProblemLoader Environment load took 156.4ns 
143505     INFO  main            d.u.i.k.p.i.AbstractProblemLoader Creating init config 
146868     DEBUG main            d.u.i.k.p.i.AbstractProblemLoader Init config took 3.36s 
146885     INFO  main            d.u.i.k.p.i.AbstractProblemLoader Replaying proof selection_sort.key.proof 
147446     DEBUG main            d.u.i.k.p.i.IntermediateProofReplayer Proof replay took 535.68ms 
147448     DEBUG main            d.u.i.k.p.r.p.TestFile    ... success: reloaded. 
147450     INFO  main            d.u.i.k.p.r.p.TestFile    Now processing file /home/runner/work/key/key/key.core/../key.ui/examples/heap/simple/seq.key 
147450     INFO  main            d.u.i.k.p.i.AbstractProblemLoader Loading environment from /home/runner/work/key/key/key.core/../key.ui/examples/heap/simple/seq.key 
147450     DEBUG main            d.u.i.k.p.i.AbstractProblemLoader Environment load took 254ns 
147452     INFO  main            d.u.i.k.p.i.AbstractProblemLoader Creating init config 
150541     DEBUG main            d.u.i.k.p.i.AbstractProblemLoader Init config took 3.09s 
150560     INFO  main            d.u.i.k.p.i.AbstractProblemLoader Replaying proof seq.key 
150561     DEBUG main            d.u.i.k.p.i.IntermediateProofReplayer Proof replay took 24.9ns 
151166     INFO  main            d.u.i.k.p.r.p.TestFile    ... finished proof: closed. 
151625     INFO  main            d.u.i.k.p.i.AbstractProblemLoader Loading environment from /home/runner/work/key/key/key.core/../key.ui/examples/heap/simple/seq.key.proof 
151626     DEBUG main            d.u.i.k.p.i.AbstractProblemLoader Environment load took 764.01ns 
151628     INFO  main            d.u.i.k.p.i.AbstractProblemLoader Creating init config 
154709     DEBUG main            d.u.i.k.p.i.AbstractProblemLoader Init config took 3.08s 
154729     INFO  main            d.u.i.k.p.i.AbstractProblemLoader Replaying proof seq.key.proof 
154783     DEBUG main            d.u.i.k.p.i.IntermediateProofReplayer Proof replay took 46.54ms 
154784     DEBUG main            d.u.i.k.p.r.p.TestFile    ... success: reloaded. 
154785     INFO  main            d.u.i.k.p.r.p.TestFile    Now processing file /home/runner/work/key/key/key.core/../key.ui/examples/heap/simple/oldForParams.key 
154785     INFO  main            d.u.i.k.p.i.AbstractProblemLoader Loading environment from /home/runner/work/key/key/key.core/../key.ui/examples/heap/simple/oldForParams.key 
154785     DEBUG main            d.u.i.k.p.i.AbstractProblemLoader Environment load took 121.4ns 
154786     INFO  main            d.u.i.k.p.i.AbstractProblemLoader Creating init config 
158111     DEBUG main            d.u.i.k.p.i.AbstractProblemLoader Init config took 3.32s 
158188     INFO  main            d.u.i.k.p.i.AbstractProblemLoader Replaying proof OldForParameters[OldForParameters::method(int)].JML operation contract.0 
158191     DEBUG main            d.u.i.k.p.i.IntermediateProofReplayer Proof replay took 7.9ns 
158494     INFO  main            d.u.i.k.p.r.p.TestFile    ... finished proof: closed. 
158861     INFO  main            d.u.i.k.p.i.AbstractProblemLoader Loading environment from /home/runner/work/key/key/key.core/../key.ui/examples/heap/simple/oldForParams.key.proof 
158861     DEBUG main            d.u.i.k.p.i.AbstractProblemLoader Environment load took 508.2ns 
158863     INFO  main            d.u.i.k.p.i.AbstractProblemLoader Creating init config 
162157     DEBUG main            d.u.i.k.p.i.AbstractProblemLoader Init config took 3.29s 
162218     INFO  main            d.u.i.k.p.i.AbstractProblemLoader Replaying proof OldForParameters[OldForParameters::method(int)].JML operation contract.0 
162271     DEBUG main            d.u.i.k.p.i.IntermediateProofReplayer Proof replay took 48.55ms 
162273     DEBUG main            d.u.i.k.p.r.p.TestFile    ... success: reloaded. 
162276     INFO  main            d.u.i.k.p.r.p.TestFile    Now processing file /home/runner/work/key/key/key.core/../key.ui/examples/heap/simple/parse_lmtd.key 
162276     INFO  main            d.u.i.k.p.i.AbstractProblemLoader Loading environment from /home/runner/work/key/key/key.core/../key.ui/examples/heap/simple/parse_lmtd.key 
162277     DEBUG main            d.u.i.k.p.i.AbstractProblemLoader Environment load took 302.4ns 
162278     INFO  main            d.u.i.k.p.i.AbstractProblemLoader Creating init config 
165674     DEBUG main            d.u.i.k.p.i.AbstractProblemLoader Init config took 3.4s 
165736     INFO  main            d.u.i.k.p.i.AbstractProblemLoader Replaying proof ParseLmtd[ParseLmtd::simple(int)].JML normal_behavior operation contract.0 
165738     DEBUG main            d.u.i.k.p.i.IntermediateProofReplayer Proof replay took 6.9ns 
165940     INFO  main            d.u.i.k.p.r.p.TestFile    ... finished proof: closed. 
166260     INFO  main            d.u.i.k.p.i.AbstractProblemLoader Loading environment from /home/runner/work/key/key/key.core/../key.ui/examples/heap/simple/parse_lmtd.key.proof 
166260     DEBUG main            d.u.i.k.p.i.AbstractProblemLoader Environment load took 127.6ns 
166261     INFO  main            d.u.i.k.p.i.AbstractProblemLoader Creating init config 
169510     DEBUG main            d.u.i.k.p.i.AbstractProblemLoader Init config took 3.25s 
169561     INFO  main            d.u.i.k.p.i.AbstractProblemLoader Replaying proof ParseLmtd[ParseLmtd::simple(int)].JML normal_behavior operation contract.0 
169593     DEBUG main            d.u.i.k.p.i.IntermediateProofReplayer Proof replay took 28.84ms 
169594     DEBUG main            d.u.i.k.p.r.p.TestFile    ... success: reloaded. 
169595     INFO  main            d.u.i.k.p.r.p.TestFile    Now processing file /home/runner/work/key/key/key.core/../key.ui/examples/heap/strictly_pure/strictlyPureMethod.key 
169595     INFO  main            d.u.i.k.p.i.AbstractProblemLoader Loading environment from /home/runner/work/key/key/key.core/../key.ui/examples/heap/strictly_pure/strictlyPureMethod.key 
169596     DEBUG main            d.u.i.k.p.i.AbstractProblemLoader Environment load took 242.2ns 
169597     INFO  main            d.u.i.k.p.i.AbstractProblemLoader Creating init config 
172589     DEBUG main            d.u.i.k.p.i.AbstractProblemLoader Init config took 2.99s 
172672     INFO  main            d.u.i.k.p.i.AbstractProblemLoader Replaying proof StrictlyPure[StrictlyPure::strictlyPureMethod()].JML operation contract.0 
172674     DEBUG main            d.u.i.k.p.i.IntermediateProofReplayer Proof replay took 6.2ns 
172881     INFO  main            d.u.i.k.p.r.p.TestFile    ... finished proof: closed. 
173215     INFO  main            d.u.i.k.p.i.AbstractProblemLoader Loading environment from /home/runner/work/key/key/key.core/../key.ui/examples/heap/strictly_pure/strictlyPureMethod.key.proof 
173215     DEBUG main            d.u.i.k.p.i.AbstractProblemLoader Environment load took 261ns 
173217     INFO  main            d.u.i.k.p.i.AbstractProblemLoader Creating init config 
176170     DEBUG main            d.u.i.k.p.i.AbstractProblemLoader Init config took 2.95s 
176216     INFO  main            d.u.i.k.p.i.AbstractProblemLoader Replaying proof StrictlyPure[StrictlyPure::strictlyPureMethod()].JML operation contract.0 
176260     DEBUG main            d.u.i.k.p.i.IntermediateProofReplayer Proof replay took 40.18ms 
176261     DEBUG main            d.u.i.k.p.r.p.TestFile    ... success: reloaded. 
176262     INFO  main            d.u.i.k.p.r.p.TestFile    Now processing file /home/runner/work/key/key/key.core/../key.ui/examples/heap/strictly_pure/useStrictlyPureMethod.key 
176263     INFO  main            d.u.i.k.p.i.AbstractProblemLoader Loading environment from /home/runner/work/key/key/key.core/../key.ui/examples/heap/strictly_pure/useStrictlyPureMethod.key 
176263     DEBUG main            d.u.i.k.p.i.AbstractProblemLoader Environment load took 130.6ns 
176264     INFO  main            d.u.i.k.p.i.AbstractProblemLoader Creating init config 
179381     DEBUG main            d.u.i.k.p.i.AbstractProblemLoader Init config took 3.12s 
179432     INFO  main            d.u.i.k.p.i.AbstractProblemLoader Replaying proof StrictlyPure[StrictlyPure::useStrictlyPureMethod(StrictlyPureClass)].JML operation contract.0 
179435     DEBUG main            d.u.i.k.p.i.IntermediateProofReplayer Proof replay took 7ns 
179741     INFO  main            d.u.i.k.p.r.p.TestFile    ... finished proof: closed. 
180106     INFO  main            d.u.i.k.p.i.AbstractProblemLoader Loading environment from /home/runner/work/key/key/key.core/../key.ui/examples/heap/strictly_pure/useStrictlyPureMethod.key.proof 
180107     DEBUG main            d.u.i.k.p.i.AbstractProblemLoader Environment load took 601.8ns 
180108     INFO  main            d.u.i.k.p.i.AbstractProblemLoader Creating init config 
183175     DEBUG main            d.u.i.k.p.i.AbstractProblemLoader Init config took 3.07s 
183220     INFO  main            d.u.i.k.p.i.AbstractProblemLoader Replaying proof StrictlyPure[StrictlyPure::useStrictlyPureMethod(StrictlyPureClass)].JML operation contract.0 
183283     DEBUG main            d.u.i.k.p.i.IntermediateProofReplayer Proof replay took 59.96ms 
183284     DEBUG main            d.u.i.k.p.r.p.TestFile    ... success: reloaded. 
183286     INFO  main            d.u.i.k.p.r.p.TestFile    Now processing file /home/runner/work/key/key/key.core/../key.ui/examples/heap/Wellfounded/ackermann.key 
183286     INFO  main            d.u.i.k.p.i.AbstractProblemLoader Loading environment from /home/runner/work/key/key/key.core/../key.ui/examples/heap/Wellfounded/ackermann.key 
183286     DEBUG main            d.u.i.k.p.i.AbstractProblemLoader Environment load took 114.7ns 
183287     INFO  main            d.u.i.k.p.i.AbstractProblemLoader Creating init config 
186468     DEBUG main            d.u.i.k.p.i.AbstractProblemLoader Init config took 3.18s 
186530     INFO  main            d.u.i.k.p.i.AbstractProblemLoader Replaying proof Ackermann[Ackermann::a(int,int)].JML normal_behavior operation contract.0 
186534     DEBUG main            d.u.i.k.p.i.IntermediateProofReplayer Proof replay took 8.5ns 
186937     INFO  main            d.u.i.k.p.r.p.TestFile    ... finished proof: closed. 
187392     INFO  main            d.u.i.k.p.i.AbstractProblemLoader Loading environment from /home/runner/work/key/key/key.core/../key.ui/examples/heap/Wellfounded/ackermann.key.proof 
187393     DEBUG main            d.u.i.k.p.i.AbstractProblemLoader Environment load took 405ns 
187394     INFO  main            d.u.i.k.p.i.AbstractProblemLoader Creating init config 
190536     DEBUG main            d.u.i.k.p.i.AbstractProblemLoader Init config took 3.14s 
190581     INFO  main            d.u.i.k.p.i.AbstractProblemLoader Replaying proof Ackermann[Ackermann::a(int,int)].JML normal_behavior operation contract.0 
190651     DEBUG main            d.u.i.k.p.i.IntermediateProofReplayer Proof replay took 66.05ms 
190653     DEBUG main            d.u.i.k.p.r.p.TestFile    ... success: reloaded. 
190654     INFO  main            d.u.i.k.p.r.p.TestFile    Now processing file /home/runner/work/key/key/key.core/../key.ui/examples/standard_key/unicode_test.key 
190654     INFO  main            d.u.i.k.p.i.AbstractProblemLoader Loading environment from /home/runner/work/key/key/key.core/../key.ui/examples/standard_key/unicode_test.key 
190654     DEBUG main            d.u.i.k.p.i.AbstractProblemLoader Environment load took 103.9ns 
190657     INFO  main            d.u.i.k.p.i.AbstractProblemLoader Creating init config 
193616     DEBUG main            d.u.i.k.p.i.AbstractProblemLoader Init config took 2.96s 
193634     INFO  main            d.u.i.k.p.i.AbstractProblemLoader Replaying proof unicode_test.key 
193636     DEBUG main            d.u.i.k.p.i.IntermediateProofReplayer Proof replay took 7.9ns 
193739     INFO  main            d.u.i.k.p.r.p.TestFile    ... finished proof: closed. 
194283     INFO  main            d.u.i.k.p.i.AbstractProblemLoader Loading environment from /home/runner/work/key/key/key.core/../key.ui/examples/standard_key/unicode_test.key.proof 
194284     DEBUG main            d.u.i.k.p.i.AbstractProblemLoader Environment load took 145.3ns 
194285     INFO  main            d.u.i.k.p.i.AbstractProblemLoader Creating init config 
197149     DEBUG main            d.u.i.k.p.i.AbstractProblemLoader Init config took 2.86s 
197164     INFO  main            d.u.i.k.p.i.AbstractProblemLoader Replaying proof unicode_test.key.proof 
197166     DEBUG main            d.u.i.k.p.i.IntermediateProofReplayer Proof replay took 434.3ns 
197167     DEBUG main            d.u.i.k.p.r.p.TestFile    ... success: reloaded. 
197167     INFO  main            d.u.i.k.p.r.p.TestFile    Now processing file /home/runner/work/key/key/key.core/../key.ui/examples/heap/strictlyModular/mayExpand.key 
197170     INFO  main            d.u.i.k.p.i.AbstractProblemLoader Loading environment from /home/runner/work/key/key/key.core/../key.ui/examples/heap/strictlyModular/mayExpand.key 
197171     DEBUG main            d.u.i.k.p.i.AbstractProblemLoader Environment load took 112.3ns 
197172     INFO  main            d.u.i.k.p.i.AbstractProblemLoader Creating init config 
200168     DEBUG main            d.u.i.k.p.i.AbstractProblemLoader Init config took 3s 
200215     INFO  main            d.u.i.k.p.i.AbstractProblemLoader Replaying proof Modular[Modular::m()].JML operation contract.0 
200217     DEBUG main            d.u.i.k.p.i.IntermediateProofReplayer Proof replay took 8.2ns 
200321     INFO  main            d.u.i.k.p.r.p.TestFile    ... finished proof: closed. 
200685     INFO  main            d.u.i.k.p.i.AbstractProblemLoader Loading environment from /home/runner/work/key/key/key.core/../key.ui/examples/heap/strictlyModular/mayExpand.key.proof 
200686     DEBUG main            d.u.i.k.p.i.AbstractProblemLoader Environment load took 524.4ns 
200688     INFO  main            d.u.i.k.p.i.AbstractProblemLoader Creating init config 
203672     DEBUG main            d.u.i.k.p.i.AbstractProblemLoader Init config took 2.98s 
203717     INFO  main            d.u.i.k.p.i.AbstractProblemLoader Replaying proof Modular[Modular::m()].JML operation contract.0 
203743     DEBUG main            d.u.i.k.p.i.IntermediateProofReplayer Proof replay took 23.13ms 
203744     DEBUG main            d.u.i.k.p.r.p.TestFile    ... success: reloaded. 
203745     INFO  main            d.u.i.k.p.r.p.TestFile    Now processing file /home/runner/work/key/key/key.core/../key.ui/examples/heap/strictlyModular/modularOnly.key 
203746     INFO  main            d.u.i.k.p.i.AbstractProblemLoader Loading environment from /home/runner/work/key/key/key.core/../key.ui/examples/heap/strictlyModular/modularOnly.key 
203746     DEBUG main            d.u.i.k.p.i.AbstractProblemLoader Environment load took 125.4ns 
203747     INFO  main            d.u.i.k.p.i.AbstractProblemLoader Creating init config 
206890     DEBUG main            d.u.i.k.p.i.AbstractProblemLoader Init config took 3.14s 
206936     INFO  main            d.u.i.k.p.i.AbstractProblemLoader Replaying proof Modular[Modular::m()].JML operation contract.0 
206937     DEBUG main            d.u.i.k.p.i.IntermediateProofReplayer Proof replay took 6.9ns 
207042     INFO  main            d.u.i.k.p.r.p.TestFile    ... finished proof: open goal(s) 
2454801    INFO  Test worker     d.u.i.k.p.r.RunAllProofsTestUnit Returning from test simpleTests 
2454805    INFO  Test worker     d.u.i.k.p.r.RunAllProofsTestUnit Running test SmansEtAl 
441        INFO  Timeout watchdog d.u.i.k.p.r.p.ForkedTestFileRunner Timeout watcher launched (2000 secs.) 
466        WARN  main            d.u.i.k.s.ProofSettings   The settings in /home/runner/.key/proof-settings.props are *not* read. 
538        INFO  main            d.u.i.k.p.r.p.TestFile    Now processing file /home/runner/work/key/key/key.core/../key.ui/examples/heap/SmansEtAl/ArrayList_add.key 
693        INFO  main            d.u.i.k.p.i.AbstractProblemLoader Loading environment from /home/runner/work/key/key/key.core/../key.ui/examples/heap/SmansEtAl/ArrayList_add.key 
715        DEBUG main            d.u.i.k.p.i.AbstractProblemLoader Environment load took 2.72ms 
1065       INFO  main            d.u.i.k.p.i.AbstractProblemLoader Creating init config 
2397       DEBUG main            d.u.i.k.j.TypeConverter   No LDT found for Meta 
2398       DEBUG main            d.u.i.k.j.TypeConverter   No LDT found for Meta 
2403       DEBUG main            d.u.i.k.j.TypeConverter   No LDT found for Meta 
2403       DEBUG main            d.u.i.k.j.TypeConverter   No LDT found for Meta 
4277       DEBUG main            d.u.i.k.j.TypeConverter   No LDT found for JavaBigintExpression 
12493      DEBUG main            d.u.i.k.p.i.AbstractProblemLoader Init config took 11.43s 
12664      INFO  main            d.u.i.k.p.i.AbstractProblemLoader Replaying proof ArrayList[ArrayList::add(java.lang.Object)].JML normal_behavior operation contract.0 
12714      DEBUG main            d.u.i.k.p.i.IntermediateProofReplayer Proof replay took 39ns 
23189      INFO  main            d.u.i.k.p.r.p.TestFile    ... finished proof: closed. 
23469      INFO  main            d.u.i.k.p.i.AbstractProblemLoader Loading environment from /home/runner/work/key/key/key.core/../key.ui/examples/heap/SmansEtAl/ArrayList_add.key.proof 
23470      DEBUG main            d.u.i.k.p.i.AbstractProblemLoader Environment load took 1.13ms 
23479      INFO  main            d.u.i.k.p.i.AbstractProblemLoader Creating init config 
27602      DEBUG main            d.u.i.k.p.i.AbstractProblemLoader Init config took 4.12s 
27703      INFO  main            d.u.i.k.p.i.AbstractProblemLoader Replaying proof ArrayList[ArrayList::add(java.lang.Object)].JML normal_behavior operation contract.0 
28890      DEBUG main            d.u.i.k.p.i.IntermediateProofReplayer Proof replay took 1.15s 
28904      DEBUG main            d.u.i.k.p.r.p.TestFile    ... success: reloaded. 
28907      INFO  main            d.u.i.k.p.r.p.TestFile    Now processing file /home/runner/work/key/key/key.core/../key.ui/examples/heap/SmansEtAl/ArrayList_ArrayList.key 
28907      INFO  main            d.u.i.k.p.i.AbstractProblemLoader Loading environment from /home/runner/work/key/key/key.core/../key.ui/examples/heap/SmansEtAl/ArrayList_ArrayList.key 
28908      DEBUG main            d.u.i.k.p.i.AbstractProblemLoader Environment load took 285.5ns 
28910      INFO  main            d.u.i.k.p.i.AbstractProblemLoader Creating init config 
33007      DEBUG main            d.u.i.k.p.i.AbstractProblemLoader Init config took 4.1s 
33079      INFO  main            d.u.i.k.p.i.AbstractProblemLoader Replaying proof ArrayList[ArrayList::ArrayList()].JML normal_behavior operation contract.0 
33085      DEBUG main            d.u.i.k.p.i.IntermediateProofReplayer Proof replay took 8.2ns 
34392      INFO  main            d.u.i.k.p.r.p.TestFile    ... finished proof: closed. 
34600      INFO  main            d.u.i.k.p.i.AbstractProblemLoader Loading environment from /home/runner/work/key/key/key.core/../key.ui/examples/heap/SmansEtAl/ArrayList_ArrayList.key.proof 
34600      DEBUG main            d.u.i.k.p.i.AbstractProblemLoader Environment load took 540.6ns 
34602      INFO  main            d.u.i.k.p.i.AbstractProblemLoader Creating init config 
38579      DEBUG main            d.u.i.k.p.i.AbstractProblemLoader Init config took 3.98s 
38650      INFO  main            d.u.i.k.p.i.AbstractProblemLoader Replaying proof ArrayList[ArrayList::ArrayList()].JML normal_behavior operation contract.0 
38843      DEBUG main            d.u.i.k.p.i.IntermediateProofReplayer Proof replay took 183.06ms 
38846      DEBUG main            d.u.i.k.p.r.p.TestFile    ... success: reloaded. 
38848      INFO  main            d.u.i.k.p.r.p.TestFile    Now processing file /home/runner/work/key/key/key.core/../key.ui/examples/heap/SmansEtAl/ArrayList_footprint.key 
38848      INFO  main            d.u.i.k.p.i.AbstractProblemLoader Loading environment from /home/runner/work/key/key/key.core/../key.ui/examples/heap/SmansEtAl/ArrayList_footprint.key 
38849      DEBUG main            d.u.i.k.p.i.AbstractProblemLoader Environment load took 293ns 
38850      INFO  main            d.u.i.k.p.i.AbstractProblemLoader Creating init config 
42830      DEBUG main            d.u.i.k.p.i.AbstractProblemLoader Init config took 3.98s 
42893      INFO  main            d.u.i.k.p.i.AbstractProblemLoader Replaying proof ArrayList[ArrayList::$footprint()].JML accessible clause.0 
42897      DEBUG main            d.u.i.k.p.i.IntermediateProofReplayer Proof replay took 9.2ns 
43000      INFO  main            d.u.i.k.p.r.p.TestFile    ... finished proof: closed. 
43207      INFO  main            d.u.i.k.p.i.AbstractProblemLoader Loading environment from /home/runner/work/key/key/key.core/../key.ui/examples/heap/SmansEtAl/ArrayList_footprint.key.proof 
43207      DEBUG main            d.u.i.k.p.i.AbstractProblemLoader Environment load took 230.9ns 
43209      INFO  main            d.u.i.k.p.i.AbstractProblemLoader Creating init config 
47097      DEBUG main            d.u.i.k.p.i.AbstractProblemLoader Init config took 3.89s 
47193      INFO  main            d.u.i.k.p.i.AbstractProblemLoader Replaying proof ArrayList[ArrayList::$footprint()].JML accessible clause.0 
47210      DEBUG main            d.u.i.k.p.i.IntermediateProofReplayer Proof replay took 13.45ms 
47211      DEBUG main            d.u.i.k.p.r.p.TestFile    ... success: reloaded. 
47213      INFO  main            d.u.i.k.p.r.p.TestFile    Now processing file /home/runner/work/key/key/key.core/../key.ui/examples/heap/SmansEtAl/ArrayList_get_dep.key 
47213      INFO  main            d.u.i.k.p.i.AbstractProblemLoader Loading environment from /home/runner/work/key/key/key.core/../key.ui/examples/heap/SmansEtAl/ArrayList_get_dep.key 
47214      DEBUG main            d.u.i.k.p.i.AbstractProblemLoader Environment load took 170.8ns 
47215      INFO  main            d.u.i.k.p.i.AbstractProblemLoader Creating init config 
51017      DEBUG main            d.u.i.k.p.i.AbstractProblemLoader Init config took 3.8s 
51110      INFO  main            d.u.i.k.p.i.AbstractProblemLoader Replaying proof ArrayList[ArrayList::get(int)].JML accessible clause.0 
51113      DEBUG main            d.u.i.k.p.i.IntermediateProofReplayer Proof replay took 7.4ns 
51625      INFO  main            d.u.i.k.p.r.p.TestFile    ... finished proof: closed. 
51854      INFO  main            d.u.i.k.p.i.AbstractProblemLoader Loading environment from /home/runner/work/key/key/key.core/../key.ui/examples/heap/SmansEtAl/ArrayList_get_dep.key.proof 
51858      DEBUG main            d.u.i.k.p.i.AbstractProblemLoader Environment load took 3.66ms 
51864      INFO  main            d.u.i.k.p.i.AbstractProblemLoader Creating init config 
55573      DEBUG main            d.u.i.k.p.i.AbstractProblemLoader Init config took 3.71s 
55632      INFO  main            d.u.i.k.p.i.AbstractProblemLoader Replaying proof ArrayList[ArrayList::get(int)].JML accessible clause.0 
55699      DEBUG main            d.u.i.k.p.i.IntermediateProofReplayer Proof replay took 61.9ms 
55701      DEBUG main            d.u.i.k.p.r.p.TestFile    ... success: reloaded. 
55702      INFO  main            d.u.i.k.p.r.p.TestFile    Now processing file /home/runner/work/key/key/key.core/../key.ui/examples/heap/SmansEtAl/ArrayList_get.key 
55703      INFO  main            d.u.i.k.p.i.AbstractProblemLoader Loading environment from /home/runner/work/key/key/key.core/../key.ui/examples/heap/SmansEtAl/ArrayList_get.key 
55703      DEBUG main            d.u.i.k.p.i.AbstractProblemLoader Environment load took 275.2ns 
55704      INFO  main            d.u.i.k.p.i.AbstractProblemLoader Creating init config 
59310      DEBUG main            d.u.i.k.p.i.AbstractProblemLoader Init config took 3.61s 
59361      INFO  main            d.u.i.k.p.i.AbstractProblemLoader Replaying proof ArrayList[ArrayList::get(int)].JML normal_behavior operation contract.0 
59363      DEBUG main            d.u.i.k.p.i.IntermediateProofReplayer Proof replay took 7.2ns 
59570      INFO  main            d.u.i.k.p.r.p.TestFile    ... finished proof: closed. 
59791      INFO  main            d.u.i.k.p.i.AbstractProblemLoader Loading environment from /home/runner/work/key/key/key.core/../key.ui/examples/heap/SmansEtAl/ArrayList_get.key.proof 
59792      DEBUG main            d.u.i.k.p.i.AbstractProblemLoader Environment load took 585.1ns 
59794      INFO  main            d.u.i.k.p.i.AbstractProblemLoader Creating init config 
63489      DEBUG main            d.u.i.k.p.i.AbstractProblemLoader Init config took 3.7s 
63543      INFO  main            d.u.i.k.p.i.AbstractProblemLoader Replaying proof ArrayList[ArrayList::get(int)].JML normal_behavior operation contract.0 
63583      DEBUG main            d.u.i.k.p.i.IntermediateProofReplayer Proof replay took 36.56ms 
63584      DEBUG main            d.u.i.k.p.r.p.TestFile    ... success: reloaded. 
63586      INFO  main            d.u.i.k.p.r.p.TestFile    Now processing file /home/runner/work/key/key/key.core/../key.ui/examples/heap/SmansEtAl/ArrayList_inv.key 
63586      INFO  main            d.u.i.k.p.i.AbstractProblemLoader Loading environment from /home/runner/work/key/key/key.core/../key.ui/examples/heap/SmansEtAl/ArrayList_inv.key 
63586      DEBUG main            d.u.i.k.p.i.AbstractProblemLoader Environment load took 160.4ns 
63588      INFO  main            d.u.i.k.p.i.AbstractProblemLoader Creating init config 
67215      DEBUG main            d.u.i.k.p.i.AbstractProblemLoader Init config took 3.63s 
67265      INFO  main            d.u.i.k.p.i.AbstractProblemLoader Replaying proof ArrayList[java.lang.Object::<inv>()].JML accessible clause.0 
67268      DEBUG main            d.u.i.k.p.i.IntermediateProofReplayer Proof replay took 8.9ns 
67373      INFO  main            d.u.i.k.p.r.p.TestFile    ... finished proof: closed. 
67588      INFO  main            d.u.i.k.p.i.AbstractProblemLoader Loading environment from /home/runner/work/key/key/key.core/../key.ui/examples/heap/SmansEtAl/ArrayList_inv.key.proof 
67589      DEBUG main            d.u.i.k.p.i.AbstractProblemLoader Environment load took 701.51ns 
67590      INFO  main            d.u.i.k.p.i.AbstractProblemLoader Creating init config 
71054      DEBUG main            d.u.i.k.p.i.AbstractProblemLoader Init config took 3.46s 
71133      INFO  main            d.u.i.k.p.i.AbstractProblemLoader Replaying proof ArrayList[java.lang.Object::<inv>()].JML accessible clause.0 
71149      DEBUG main            d.u.i.k.p.i.IntermediateProofReplayer Proof replay took 11.84ms 
71151      DEBUG main            d.u.i.k.p.r.p.TestFile    ... success: reloaded. 
71153      INFO  main            d.u.i.k.p.r.p.TestFile    Now processing file /home/runner/work/key/key/key.core/../key.ui/examples/heap/SmansEtAl/ArrayList_size_dep.key 
71153      INFO  main            d.u.i.k.p.i.AbstractProblemLoader Loading environment from /home/runner/work/key/key/key.core/../key.ui/examples/heap/SmansEtAl/ArrayList_size_dep.key 
71154      DEBUG main            d.u.i.k.p.i.AbstractProblemLoader Environment load took 234.7ns 
71155      INFO  main            d.u.i.k.p.i.AbstractProblemLoader Creating init config 
74731      DEBUG main            d.u.i.k.p.i.AbstractProblemLoader Init config took 3.58s 
74777      INFO  main            d.u.i.k.p.i.AbstractProblemLoader Replaying proof ArrayList[ArrayList::size()].JML accessible clause.0 
74779      DEBUG main            d.u.i.k.p.i.IntermediateProofReplayer Proof replay took 7.3ns 
74884      INFO  main            d.u.i.k.p.r.p.TestFile    ... finished proof: closed. 
75115      INFO  main            d.u.i.k.p.i.AbstractProblemLoader Loading environment from /home/runner/work/key/key/key.core/../key.ui/examples/heap/SmansEtAl/ArrayList_size_dep.key.proof 
75115      DEBUG main            d.u.i.k.p.i.AbstractProblemLoader Environment load took 135.6ns 
75117      INFO  main            d.u.i.k.p.i.AbstractProblemLoader Creating init config 
78603      DEBUG main            d.u.i.k.p.i.AbstractProblemLoader Init config took 3.49s 
78658      INFO  main            d.u.i.k.p.i.AbstractProblemLoader Replaying proof ArrayList[ArrayList::size()].JML accessible clause.0 
78682      DEBUG main            d.u.i.k.p.i.IntermediateProofReplayer Proof replay took 16.84ms 
78683      DEBUG main            d.u.i.k.p.r.p.TestFile    ... success: reloaded. 
78685      INFO  main            d.u.i.k.p.r.p.TestFile    Now processing file /home/runner/work/key/key/key.core/../key.ui/examples/heap/SmansEtAl/ArrayList_size.key 
78685      INFO  main            d.u.i.k.p.i.AbstractProblemLoader Loading environment from /home/runner/work/key/key/key.core/../key.ui/examples/heap/SmansEtAl/ArrayList_size.key 
78685      DEBUG main            d.u.i.k.p.i.AbstractProblemLoader Environment load took 154.4ns 
78686      INFO  main            d.u.i.k.p.i.AbstractProblemLoader Creating init config 
82429      DEBUG main            d.u.i.k.p.i.AbstractProblemLoader Init config took 3.74s 
82482      INFO  main            d.u.i.k.p.i.AbstractProblemLoader Replaying proof ArrayList[ArrayList::size()].JML normal_behavior operation contract.0 
82489      DEBUG main            d.u.i.k.p.i.IntermediateProofReplayer Proof replay took 8.2ns 
82591      INFO  main            d.u.i.k.p.r.p.TestFile    ... finished proof: closed. 
82825      INFO  main            d.u.i.k.p.i.AbstractProblemLoader Loading environment from /home/runner/work/key/key/key.core/../key.ui/examples/heap/SmansEtAl/ArrayList_size.key.proof 
82825      DEBUG main            d.u.i.k.p.i.AbstractProblemLoader Environment load took 136.4ns 
82826      INFO  main            d.u.i.k.p.i.AbstractProblemLoader Creating init config 
86416      DEBUG main            d.u.i.k.p.i.AbstractProblemLoader Init config took 3.59s 
86462      INFO  main            d.u.i.k.p.i.AbstractProblemLoader Replaying proof ArrayList[ArrayList::size()].JML normal_behavior operation contract.0 
86481      DEBUG main            d.u.i.k.p.i.IntermediateProofReplayer Proof replay took 15.61ms 
86482      DEBUG main            d.u.i.k.p.r.p.TestFile    ... success: reloaded. 
86484      INFO  main            d.u.i.k.p.r.p.TestFile    Now processing file /home/runner/work/key/key/key.core/../key.ui/examples/heap/SmansEtAl/Cell_Cell.key 
86484      INFO  main            d.u.i.k.p.i.AbstractProblemLoader Loading environment from /home/runner/work/key/key/key.core/../key.ui/examples/heap/SmansEtAl/Cell_Cell.key 
86485      DEBUG main            d.u.i.k.p.i.AbstractProblemLoader Environment load took 236.2ns 
86486      INFO  main            d.u.i.k.p.i.AbstractProblemLoader Creating init config 
90114      DEBUG main            d.u.i.k.p.i.AbstractProblemLoader Init config took 3.63s 
90171      INFO  main            d.u.i.k.p.i.AbstractProblemLoader Replaying proof Cell[Cell::Cell()].JML normal_behavior operation contract.0 
90174      DEBUG main            d.u.i.k.p.i.IntermediateProofReplayer Proof replay took 8ns 
90381      INFO  main            d.u.i.k.p.r.p.TestFile    ... finished proof: closed. 
90669      INFO  main            d.u.i.k.p.i.AbstractProblemLoader Loading environment from /home/runner/work/key/key/key.core/../key.ui/examples/heap/SmansEtAl/Cell_Cell.key.proof 
90670      DEBUG main            d.u.i.k.p.i.AbstractProblemLoader Environment load took 716.21ns 
90672      INFO  main            d.u.i.k.p.i.AbstractProblemLoader Creating init config 
94151      DEBUG main            d.u.i.k.p.i.AbstractProblemLoader Init config took 3.48s 
94198      INFO  main            d.u.i.k.p.i.AbstractProblemLoader Replaying proof Cell[Cell::Cell()].JML normal_behavior operation contract.0 
94247      DEBUG main            d.u.i.k.p.i.IntermediateProofReplayer Proof replay took 45.21ms 
94248      DEBUG main            d.u.i.k.p.r.p.TestFile    ... success: reloaded. 
94250      INFO  main            d.u.i.k.p.r.p.TestFile    Now processing file /home/runner/work/key/key/key.core/../key.ui/examples/heap/SmansEtAl/Cell_footprint.key 
94250      INFO  main            d.u.i.k.p.i.AbstractProblemLoader Loading environment from /home/runner/work/key/key/key.core/../key.ui/examples/heap/SmansEtAl/Cell_footprint.key 
94250      DEBUG main            d.u.i.k.p.i.AbstractProblemLoader Environment load took 116.4ns 
94251      INFO  main            d.u.i.k.p.i.AbstractProblemLoader Creating init config 
97824      DEBUG main            d.u.i.k.p.i.AbstractProblemLoader Init config took 3.57s 
97869      INFO  main            d.u.i.k.p.i.AbstractProblemLoader Replaying proof Cell[Cell::$footprint()].JML accessible clause.0 
97871      DEBUG main            d.u.i.k.p.i.IntermediateProofReplayer Proof replay took 9ns 
97973      INFO  main            d.u.i.k.p.r.p.TestFile    ... finished proof: closed. 
98226      INFO  main            d.u.i.k.p.i.AbstractProblemLoader Loading environment from /home/runner/work/key/key/key.core/../key.ui/examples/heap/SmansEtAl/Cell_footprint.key.proof 
98227      DEBUG main            d.u.i.k.p.i.AbstractProblemLoader Environment load took 178.6ns 
98229      INFO  main            d.u.i.k.p.i.AbstractProblemLoader Creating init config 
101802     DEBUG main            d.u.i.k.p.i.AbstractProblemLoader Init config took 3.57s 
101854     INFO  main            d.u.i.k.p.i.AbstractProblemLoader Replaying proof Cell[Cell::$footprint()].JML accessible clause.0 
101860     DEBUG main            d.u.i.k.p.i.IntermediateProofReplayer Proof replay took 4.11ms 
101861     DEBUG main            d.u.i.k.p.r.p.TestFile    ... success: reloaded. 
101863     INFO  main            d.u.i.k.p.r.p.TestFile    Now processing file /home/runner/work/key/key/key.core/../key.ui/examples/heap/SmansEtAl/Cell_getX_dep.key 
101863     INFO  main            d.u.i.k.p.i.AbstractProblemLoader Loading environment from /home/runner/work/key/key/key.core/../key.ui/examples/heap/SmansEtAl/Cell_getX_dep.key 
101863     DEBUG main            d.u.i.k.p.i.AbstractProblemLoader Environment load took 127ns 
101865     INFO  main            d.u.i.k.p.i.AbstractProblemLoader Creating init config 
105438     DEBUG main            d.u.i.k.p.i.AbstractProblemLoader Init config took 3.57s 
105482     INFO  main            d.u.i.k.p.i.AbstractProblemLoader Replaying proof Cell[Cell::getX()].JML accessible clause.0 
105484     DEBUG main            d.u.i.k.p.i.IntermediateProofReplayer Proof replay took 8.5ns 
105586     INFO  main            d.u.i.k.p.r.p.TestFile    ... finished proof: closed. 
105858     INFO  main            d.u.i.k.p.i.AbstractProblemLoader Loading environment from /home/runner/work/key/key/key.core/../key.ui/examples/heap/SmansEtAl/Cell_getX_dep.key.proof 
105858     DEBUG main            d.u.i.k.p.i.AbstractProblemLoader Environment load took 296.5ns 
105860     INFO  main            d.u.i.k.p.i.AbstractProblemLoader Creating init config 
109493     DEBUG main            d.u.i.k.p.i.AbstractProblemLoader Init config took 3.63s 
109537     INFO  main            d.u.i.k.p.i.AbstractProblemLoader Replaying proof Cell[Cell::getX()].JML accessible clause.0 
109554     DEBUG main            d.u.i.k.p.i.IntermediateProofReplayer Proof replay took 14.47ms 
109556     DEBUG main            d.u.i.k.p.r.p.TestFile    ... success: reloaded. 
109558     INFO  main            d.u.i.k.p.r.p.TestFile    Now processing file /home/runner/work/key/key/key.core/../key.ui/examples/heap/SmansEtAl/Cell_getX.key 
109558     INFO  main            d.u.i.k.p.i.AbstractProblemLoader Loading environment from /home/runner/work/key/key/key.core/../key.ui/examples/heap/SmansEtAl/Cell_getX.key 
109559     DEBUG main            d.u.i.k.p.i.AbstractProblemLoader Environment load took 360.9ns 
109560     INFO  main            d.u.i.k.p.i.AbstractProblemLoader Creating init config 
113250     DEBUG main            d.u.i.k.p.i.AbstractProblemLoader Init config took 3.69s 
113300     INFO  main            d.u.i.k.p.i.AbstractProblemLoader Replaying proof Cell[Cell::getX()].JML normal_behavior operation contract.0 
113304     DEBUG main            d.u.i.k.p.i.IntermediateProofReplayer Proof replay took 9.4ns 
113406     INFO  main            d.u.i.k.p.r.p.TestFile    ... finished proof: closed. 
113684     INFO  main            d.u.i.k.p.i.AbstractProblemLoader Loading environment from /home/runner/work/key/key/key.core/../key.ui/examples/heap/SmansEtAl/Cell_getX.key.proof 
113684     DEBUG main            d.u.i.k.p.i.AbstractProblemLoader Environment load took 160.7ns 
113685     INFO  main            d.u.i.k.p.i.AbstractProblemLoader Creating init config 
117350     DEBUG main            d.u.i.k.p.i.AbstractProblemLoader Init config took 3.66s 
117392     INFO  main            d.u.i.k.p.i.AbstractProblemLoader Replaying proof Cell[Cell::getX()].JML normal_behavior operation contract.0 
117409     DEBUG main            d.u.i.k.p.i.IntermediateProofReplayer Proof replay took 13.89ms 
117410     DEBUG main            d.u.i.k.p.r.p.TestFile    ... success: reloaded. 
117411     INFO  main            d.u.i.k.p.r.p.TestFile    Now processing file /home/runner/work/key/key/key.core/../key.ui/examples/heap/SmansEtAl/Cell_inv.key 
117411     INFO  main            d.u.i.k.p.i.AbstractProblemLoader Loading environment from /home/runner/work/key/key/key.core/../key.ui/examples/heap/SmansEtAl/Cell_inv.key 
117412     DEBUG main            d.u.i.k.p.i.AbstractProblemLoader Environment load took 135.5ns 
117413     INFO  main            d.u.i.k.p.i.AbstractProblemLoader Creating init config 
120957     DEBUG main            d.u.i.k.p.i.AbstractProblemLoader Init config took 3.54s 
120998     INFO  main            d.u.i.k.p.i.AbstractProblemLoader Replaying proof Cell[java.lang.Object::<inv>()].JML accessible clause.0 
121000     DEBUG main            d.u.i.k.p.i.IntermediateProofReplayer Proof replay took 7.2ns 
121102     INFO  main            d.u.i.k.p.r.p.TestFile    ... finished proof: closed. 
121380     INFO  main            d.u.i.k.p.i.AbstractProblemLoader Loading environment from /home/runner/work/key/key/key.core/../key.ui/examples/heap/SmansEtAl/Cell_inv.key.proof 
121380     DEBUG main            d.u.i.k.p.i.AbstractProblemLoader Environment load took 128.7ns 
121382     INFO  main            d.u.i.k.p.i.AbstractProblemLoader Creating init config 
124880     DEBUG main            d.u.i.k.p.i.AbstractProblemLoader Init config took 3.5s 
124927     INFO  main            d.u.i.k.p.i.AbstractProblemLoader Replaying proof Cell[java.lang.Object::<inv>()].JML accessible clause.0 
124931     DEBUG main            d.u.i.k.p.i.IntermediateProofReplayer Proof replay took 1.72ms 
124932     DEBUG main            d.u.i.k.p.r.p.TestFile    ... success: reloaded. 
124933     INFO  main            d.u.i.k.p.r.p.TestFile    Now processing file /home/runner/work/key/key/key.core/../key.ui/examples/heap/SmansEtAl/Cell_setX.key 
124934     INFO  main            d.u.i.k.p.i.AbstractProblemLoader Loading environment from /home/runner/work/key/key/key.core/../key.ui/examples/heap/SmansEtAl/Cell_setX.key 
124934     DEBUG main            d.u.i.k.p.i.AbstractProblemLoader Environment load took 245.5ns 
124935     INFO  main            d.u.i.k.p.i.AbstractProblemLoader Creating init config 
128485     DEBUG main            d.u.i.k.p.i.AbstractProblemLoader Init config took 3.55s 
128527     INFO  main            d.u.i.k.p.i.AbstractProblemLoader Replaying proof Cell[Cell::setX(int)].JML normal_behavior operation contract.0 
128529     DEBUG main            d.u.i.k.p.i.IntermediateProofReplayer Proof replay took 6.9ns 
128631     INFO  main            d.u.i.k.p.r.p.TestFile    ... finished proof: closed. 
128974     INFO  main            d.u.i.k.p.i.AbstractProblemLoader Loading environment from /home/runner/work/key/key/key.core/../key.ui/examples/heap/SmansEtAl/Cell_setX.key.proof 
128974     DEBUG main            d.u.i.k.p.i.AbstractProblemLoader Environment load took 146ns 
128976     INFO  main            d.u.i.k.p.i.AbstractProblemLoader Creating init config 
132502     DEBUG main            d.u.i.k.p.i.AbstractProblemLoader Init config took 3.53s 
132544     INFO  main            d.u.i.k.p.i.AbstractProblemLoader Replaying proof Cell[Cell::setX(int)].JML normal_behavior operation contract.0 
132568     DEBUG main            d.u.i.k.p.i.IntermediateProofReplayer Proof replay took 22.31ms 
132569     DEBUG main            d.u.i.k.p.r.p.TestFile    ... success: reloaded. 
132571     INFO  main            d.u.i.k.p.r.p.TestFile    Now processing file /home/runner/work/key/key/key.core/../key.ui/examples/heap/SmansEtAl/CellClient_m.key 
132571     INFO  main            d.u.i.k.p.i.AbstractProblemLoader Loading environment from /home/runner/work/key/key/key.core/../key.ui/examples/heap/SmansEtAl/CellClient_m.key 
132571     DEBUG main            d.u.i.k.p.i.AbstractProblemLoader Environment load took 111.7ns 
132572     INFO  main            d.u.i.k.p.i.AbstractProblemLoader Creating init config 
136047     DEBUG main            d.u.i.k.p.i.AbstractProblemLoader Init config took 3.47s 
136091     INFO  main            d.u.i.k.p.i.AbstractProblemLoader Replaying proof CellClient[CellClient::m()].JML operation contract.0 
136094     DEBUG main            d.u.i.k.p.i.IntermediateProofReplayer Proof replay took 7.7ns 
136724     INFO  main            d.u.i.k.p.r.p.TestFile    ... finished proof: closed. 
137042     INFO  main            d.u.i.k.p.i.AbstractProblemLoader Loading environment from /home/runner/work/key/key/key.core/../key.ui/examples/heap/SmansEtAl/CellClient_m.key.proof 
137042     DEBUG main            d.u.i.k.p.i.AbstractProblemLoader Environment load took 148.1ns 
137044     INFO  main            d.u.i.k.p.i.AbstractProblemLoader Creating init config 
140684     DEBUG main            d.u.i.k.p.i.AbstractProblemLoader Init config took 3.64s 
140725     INFO  main            d.u.i.k.p.i.AbstractProblemLoader Replaying proof CellClient[CellClient::m()].JML operation contract.0 
140858     DEBUG main            d.u.i.k.p.i.IntermediateProofReplayer Proof replay took 127.75ms 
140860     DEBUG main            d.u.i.k.p.r.p.TestFile    ... success: reloaded. 
140861     INFO  main            d.u.i.k.p.r.p.TestFile    Now processing file /home/runner/work/key/key/key.core/../key.ui/examples/heap/SmansEtAl/Iterator_footprint.key 
140862     INFO  main            d.u.i.k.p.i.AbstractProblemLoader Loading environment from /home/runner/work/key/key/key.core/../key.ui/examples/heap/SmansEtAl/Iterator_footprint.key 
140862     DEBUG main            d.u.i.k.p.i.AbstractProblemLoader Environment load took 290.3ns 
140865     INFO  main            d.u.i.k.p.i.AbstractProblemLoader Creating init config 
144311     DEBUG main            d.u.i.k.p.i.AbstractProblemLoader Init config took 3.45s 
144356     INFO  main            d.u.i.k.p.i.AbstractProblemLoader Replaying proof Iterator[Iterator::$footprint()].JML accessible clause.0 
144358     DEBUG main            d.u.i.k.p.i.IntermediateProofReplayer Proof replay took 7.1ns 
144460     INFO  main            d.u.i.k.p.r.p.TestFile    ... finished proof: closed. 
144765     INFO  main            d.u.i.k.p.i.AbstractProblemLoader Loading environment from /home/runner/work/key/key/key.core/../key.ui/examples/heap/SmansEtAl/Iterator_footprint.key.proof 
144765     DEBUG main            d.u.i.k.p.i.AbstractProblemLoader Environment load took 169.2ns 
144767     INFO  main            d.u.i.k.p.i.AbstractProblemLoader Creating init config 
148261     DEBUG main            d.u.i.k.p.i.AbstractProblemLoader Init config took 3.49s 
148306     INFO  main            d.u.i.k.p.i.AbstractProblemLoader Replaying proof Iterator[Iterator::$footprint()].JML accessible clause.0 
148319     DEBUG main            d.u.i.k.p.i.IntermediateProofReplayer Proof replay took 6.76ms 
148320     DEBUG main            d.u.i.k.p.r.p.TestFile    ... success: reloaded. 
148322     INFO  main            d.u.i.k.p.r.p.TestFile    Now processing file /home/runner/work/key/key/key.core/../key.ui/examples/heap/SmansEtAl/Iterator_hasNext_dep.key 
148323     INFO  main            d.u.i.k.p.i.AbstractProblemLoader Loading environment from /home/runner/work/key/key/key.core/../key.ui/examples/heap/SmansEtAl/Iterator_hasNext_dep.key 
148323     DEBUG main            d.u.i.k.p.i.AbstractProblemLoader Environment load took 163.2ns 
148324     INFO  main            d.u.i.k.p.i.AbstractProblemLoader Creating init config 
151864     DEBUG main            d.u.i.k.p.i.AbstractProblemLoader Init config took 3.54s 
151936     INFO  main            d.u.i.k.p.i.AbstractProblemLoader Replaying proof Iterator[Iterator::hasNext()].JML accessible clause.0 
151938     DEBUG main            d.u.i.k.p.i.IntermediateProofReplayer Proof replay took 8.7ns 
152645     INFO  main            d.u.i.k.p.r.p.TestFile    ... finished proof: closed. 
152993     INFO  main            d.u.i.k.p.i.AbstractProblemLoader Loading environment from /home/runner/work/key/key/key.core/../key.ui/examples/heap/SmansEtAl/Iterator_hasNext_dep.key.proof 
152994     DEBUG main            d.u.i.k.p.i.AbstractProblemLoader Environment load took 2.73ms 
152997     INFO  main            d.u.i.k.p.i.AbstractProblemLoader Creating init config 
156550     DEBUG main            d.u.i.k.p.i.AbstractProblemLoader Init config took 3.55s 
156598     INFO  main            d.u.i.k.p.i.AbstractProblemLoader Replaying proof Iterator[Iterator::hasNext()].JML accessible clause.0 
156701     DEBUG main            d.u.i.k.p.i.IntermediateProofReplayer Proof replay took 95.42ms 
156702     DEBUG main            d.u.i.k.p.r.p.TestFile    ... success: reloaded. 
156705     INFO  main            d.u.i.k.p.r.p.TestFile    Now processing file /home/runner/work/key/key/key.core/../key.ui/examples/heap/SmansEtAl/Iterator_hasNext.key 
156706     INFO  main            d.u.i.k.p.i.AbstractProblemLoader Loading environment from /home/runner/work/key/key/key.core/../key.ui/examples/heap/SmansEtAl/Iterator_hasNext.key 
156706     DEBUG main            d.u.i.k.p.i.AbstractProblemLoader Environment load took 279.6ns 
156707     INFO  main            d.u.i.k.p.i.AbstractProblemLoader Creating init config 
160211     DEBUG main            d.u.i.k.p.i.AbstractProblemLoader Init config took 3.5s 
160263     INFO  main            d.u.i.k.p.i.AbstractProblemLoader Replaying proof Iterator[Iterator::hasNext()].JML normal_behavior operation contract.0 
160265     DEBUG main            d.u.i.k.p.i.IntermediateProofReplayer Proof replay took 8ns 
160870     INFO  main            d.u.i.k.p.r.p.TestFile    ... finished proof: closed. 
161216     INFO  main            d.u.i.k.p.i.AbstractProblemLoader Loading environment from /home/runner/work/key/key/key.core/../key.ui/examples/heap/SmansEtAl/Iterator_hasNext.key.proof 
161216     DEBUG main            d.u.i.k.p.i.AbstractProblemLoader Environment load took 508ns 
161218     INFO  main            d.u.i.k.p.i.AbstractProblemLoader Creating init config 
164679     DEBUG main            d.u.i.k.p.i.AbstractProblemLoader Init config took 3.46s 
164724     INFO  main            d.u.i.k.p.i.AbstractProblemLoader Replaying proof Iterator[Iterator::hasNext()].JML normal_behavior operation contract.0 
164836     DEBUG main            d.u.i.k.p.i.IntermediateProofReplayer Proof replay took 105ms 
164838     DEBUG main            d.u.i.k.p.r.p.TestFile    ... success: reloaded. 
164839     INFO  main            d.u.i.k.p.r.p.TestFile    Now processing file /home/runner/work/key/key/key.core/../key.ui/examples/heap/SmansEtAl/Iterator_inv.key 
164840     INFO  main            d.u.i.k.p.i.AbstractProblemLoader Loading environment from /home/runner/work/key/key/key.core/../key.ui/examples/heap/SmansEtAl/Iterator_inv.key 
164840     DEBUG main            d.u.i.k.p.i.AbstractProblemLoader Environment load took 312.9ns 
164842     INFO  main            d.u.i.k.p.i.AbstractProblemLoader Creating init config 
168691     DEBUG main            d.u.i.k.p.i.AbstractProblemLoader Init config took 3.85s 
168740     INFO  main            d.u.i.k.p.i.AbstractProblemLoader Replaying proof Iterator[java.lang.Object::<inv>()].JML accessible clause.0 
168742     DEBUG main            d.u.i.k.p.i.IntermediateProofReplayer Proof replay took 94.7ns 
169047     INFO  main            d.u.i.k.p.r.p.TestFile    ... finished proof: closed. 
169396     INFO  main            d.u.i.k.p.i.AbstractProblemLoader Loading environment from /home/runner/work/key/key/key.core/../key.ui/examples/heap/SmansEtAl/Iterator_inv.key.proof 
169396     DEBUG main            d.u.i.k.p.i.AbstractProblemLoader Environment load took 144.8ns 
169398     INFO  main            d.u.i.k.p.i.AbstractProblemLoader Creating init config 
173025     DEBUG main            d.u.i.k.p.i.AbstractProblemLoader Init config took 3.63s 
173070     INFO  main            d.u.i.k.p.i.AbstractProblemLoader Replaying proof Iterator[java.lang.Object::<inv>()].JML accessible clause.0 
173097     DEBUG main            d.u.i.k.p.i.IntermediateProofReplayer Proof replay took 23.62ms 
173098     DEBUG main            d.u.i.k.p.r.p.TestFile    ... success: reloaded. 
173099     INFO  main            d.u.i.k.p.r.p.TestFile    Now processing file /home/runner/work/key/key/key.core/../key.ui/examples/heap/SmansEtAl/Iterator_Iterator.key 
173100     INFO  main            d.u.i.k.p.i.AbstractProblemLoader Loading environment from /home/runner/work/key/key/key.core/../key.ui/examples/heap/SmansEtAl/Iterator_Iterator.key 
173100     DEBUG main            d.u.i.k.p.i.AbstractProblemLoader Environment load took 118ns 
173101     INFO  main            d.u.i.k.p.i.AbstractProblemLoader Creating init config 
176592     DEBUG main            d.u.i.k.p.i.AbstractProblemLoader Init config took 3.49s 
176640     INFO  main            d.u.i.k.p.i.AbstractProblemLoader Replaying proof Iterator[Iterator::Iterator(ArrayList)].JML normal_behavior operation contract.0 
176642     DEBUG main            d.u.i.k.p.i.IntermediateProofReplayer Proof replay took 7.8ns 
178292     INFO  main            d.u.i.k.p.r.p.TestFile    ... finished proof: closed. 
178625     INFO  main            d.u.i.k.p.i.AbstractProblemLoader Loading environment from /home/runner/work/key/key/key.core/../key.ui/examples/heap/SmansEtAl/Iterator_Iterator.key.proof 
178625     DEBUG main            d.u.i.k.p.i.AbstractProblemLoader Environment load took 691.8ns 
178628     INFO  main            d.u.i.k.p.i.AbstractProblemLoader Creating init config 
182340     DEBUG main            d.u.i.k.p.i.AbstractProblemLoader Init config took 3.71s 
182384     INFO  main            d.u.i.k.p.i.AbstractProblemLoader Replaying proof Iterator[Iterator::Iterator(ArrayList)].JML normal_behavior operation contract.0 
182596     DEBUG main            d.u.i.k.p.i.IntermediateProofReplayer Proof replay took 197.15ms 
182598     DEBUG main            d.u.i.k.p.r.p.TestFile    ... success: reloaded. 
182600     INFO  main            d.u.i.k.p.r.p.TestFile    Now processing file /home/runner/work/key/key/key.core/../key.ui/examples/heap/SmansEtAl/Iterator_list_dep.key 
182600     INFO  main            d.u.i.k.p.i.AbstractProblemLoader Loading environment from /home/runner/work/key/key/key.core/../key.ui/examples/heap/SmansEtAl/Iterator_list_dep.key 
182600     DEBUG main            d.u.i.k.p.i.AbstractProblemLoader Environment load took 248.5ns 
182602     INFO  main            d.u.i.k.p.i.AbstractProblemLoader Creating init config 
186125     DEBUG main            d.u.i.k.p.i.AbstractProblemLoader Init config took 3.52s 
186172     INFO  main            d.u.i.k.p.i.AbstractProblemLoader Replaying proof Iterator[Iterator::list()].JML accessible clause.0 
186174     DEBUG main            d.u.i.k.p.i.IntermediateProofReplayer Proof replay took 7.8ns 
186277     INFO  main            d.u.i.k.p.r.p.TestFile    ... finished proof: closed. 
186610     INFO  main            d.u.i.k.p.i.AbstractProblemLoader Loading environment from /home/runner/work/key/key/key.core/../key.ui/examples/heap/SmansEtAl/Iterator_list_dep.key.proof 
186610     DEBUG main            d.u.i.k.p.i.AbstractProblemLoader Environment load took 117.5ns 
186612     INFO  main            d.u.i.k.p.i.AbstractProblemLoader Creating init config 
189910     DEBUG main            d.u.i.k.p.i.AbstractProblemLoader Init config took 3.3s 
189952     INFO  main            d.u.i.k.p.i.AbstractProblemLoader Replaying proof Iterator[Iterator::list()].JML accessible clause.0 
189973     DEBUG main            d.u.i.k.p.i.IntermediateProofReplayer Proof replay took 18.55ms 
189974     DEBUG main            d.u.i.k.p.r.p.TestFile    ... success: reloaded. 
189975     INFO  main            d.u.i.k.p.r.p.TestFile    Now processing file /home/runner/work/key/key/key.core/../key.ui/examples/heap/SmansEtAl/Iterator_list.key 
189976     INFO  main            d.u.i.k.p.i.AbstractProblemLoader Loading environment from /home/runner/work/key/key/key.core/../key.ui/examples/heap/SmansEtAl/Iterator_list.key 
189976     DEBUG main            d.u.i.k.p.i.AbstractProblemLoader Environment load took 142.5ns 
189977     INFO  main            d.u.i.k.p.i.AbstractProblemLoader Creating init config 
193300     DEBUG main            d.u.i.k.p.i.AbstractProblemLoader Init config took 3.32s 
193342     INFO  main            d.u.i.k.p.i.AbstractProblemLoader Replaying proof Iterator[Iterator::list()].JML normal_behavior operation contract.0 
193345     DEBUG main            d.u.i.k.p.i.IntermediateProofReplayer Proof replay took 7.8ns 
193447     INFO  main            d.u.i.k.p.r.p.TestFile    ... finished proof: closed. 
193788     INFO  main            d.u.i.k.p.i.AbstractProblemLoader Loading environment from /home/runner/work/key/key/key.core/../key.ui/examples/heap/SmansEtAl/Iterator_list.key.proof 
193789     DEBUG main            d.u.i.k.p.i.AbstractProblemLoader Environment load took 158.3ns 
193790     INFO  main            d.u.i.k.p.i.AbstractProblemLoader Creating init config 
197131     DEBUG main            d.u.i.k.p.i.AbstractProblemLoader Init config took 3.34s 
197188     INFO  main            d.u.i.k.p.i.AbstractProblemLoader Replaying proof Iterator[Iterator::list()].JML normal_behavior operation contract.0 
197208     DEBUG main            d.u.i.k.p.i.IntermediateProofReplayer Proof replay took 17.49ms 
197209     DEBUG main            d.u.i.k.p.r.p.TestFile    ... success: reloaded. 
197210     INFO  main            d.u.i.k.p.r.p.TestFile    Now processing file /home/runner/work/key/key/key.core/../key.ui/examples/heap/SmansEtAl/Iterator_next.key 
197211     INFO  main            d.u.i.k.p.i.AbstractProblemLoader Loading environment from /home/runner/work/key/key/key.core/../key.ui/examples/heap/SmansEtAl/Iterator_next.key 
197211     DEBUG main            d.u.i.k.p.i.AbstractProblemLoader Environment load took 161.9ns 
197212     INFO  main            d.u.i.k.p.i.AbstractProblemLoader Creating init config 
200772     DEBUG main            d.u.i.k.p.i.AbstractProblemLoader Init config took 3.56s 
200816     INFO  main            d.u.i.k.p.i.AbstractProblemLoader Replaying proof Iterator[Iterator::next()].JML normal_behavior operation contract.0 
200818     DEBUG main            d.u.i.k.p.i.IntermediateProofReplayer Proof replay took 7.9ns 
204075     INFO  main            d.u.i.k.p.r.p.TestFile    ... finished proof: closed. 
204474     INFO  main            d.u.i.k.p.i.AbstractProblemLoader Loading environment from /home/runner/work/key/key/key.core/../key.ui/examples/heap/SmansEtAl/Iterator_next.key.proof 
204475     DEBUG main            d.u.i.k.p.i.AbstractProblemLoader Environment load took 488.7ns 
204478     INFO  main            d.u.i.k.p.i.AbstractProblemLoader Creating init config 
207855     DEBUG main            d.u.i.k.p.i.AbstractProblemLoader Init config took 3.38s 
207902     INFO  main            d.u.i.k.p.i.AbstractProblemLoader Replaying proof Iterator[Iterator::next()].JML normal_behavior operation contract.0 
208237     DEBUG main            d.u.i.k.p.i.IntermediateProofReplayer Proof replay took 317.24ms 
208239     DEBUG main            d.u.i.k.p.r.p.TestFile    ... success: reloaded. 
208240     INFO  main            d.u.i.k.p.r.p.TestFile    Now processing file /home/runner/work/key/key/key.core/../key.ui/examples/heap/SmansEtAl/Stack_footprint.key 
208241     INFO  main            d.u.i.k.p.i.AbstractProblemLoader Loading environment from /home/runner/work/key/key/key.core/../key.ui/examples/heap/SmansEtAl/Stack_footprint.key 
208241     DEBUG main            d.u.i.k.p.i.AbstractProblemLoader Environment load took 124.1ns 
208242     INFO  main            d.u.i.k.p.i.AbstractProblemLoader Creating init config 
211721     DEBUG main            d.u.i.k.p.i.AbstractProblemLoader Init config took 3.48s 
211761     INFO  main            d.u.i.k.p.i.AbstractProblemLoader Replaying proof Stack[Stack::$footprint()].JML accessible clause.0 
211764     DEBUG main            d.u.i.k.p.i.IntermediateProofReplayer Proof replay took 8ns 
212069     INFO  main            d.u.i.k.p.r.p.TestFile    ... finished proof: closed. 
212441     INFO  main            d.u.i.k.p.i.AbstractProblemLoader Loading environment from /home/runner/work/key/key/key.core/../key.ui/examples/heap/SmansEtAl/Stack_footprint.key.proof 
212441     DEBUG main            d.u.i.k.p.i.AbstractProblemLoader Environment load took 654.4ns 
212443     INFO  main            d.u.i.k.p.i.AbstractProblemLoader Creating init config 
215758     DEBUG main            d.u.i.k.p.i.AbstractProblemLoader Init config took 3.32s 
215801     INFO  main            d.u.i.k.p.i.AbstractProblemLoader Replaying proof Stack[Stack::$footprint()].JML accessible clause.0 
215832     DEBUG main            d.u.i.k.p.i.IntermediateProofReplayer Proof replay took 26.83ms 
215833     DEBUG main            d.u.i.k.p.r.p.TestFile    ... success: reloaded. 
215835     INFO  main            d.u.i.k.p.r.p.TestFile    Now processing file /home/runner/work/key/key/key.core/../key.ui/examples/heap/SmansEtAl/Stack_inv.key 
215835     INFO  main            d.u.i.k.p.i.AbstractProblemLoader Loading environment from /home/runner/work/key/key/key.core/../key.ui/examples/heap/SmansEtAl/Stack_inv.key 
215836     DEBUG main            d.u.i.k.p.i.AbstractProblemLoader Environment load took 245.5ns 
215837     INFO  main            d.u.i.k.p.i.AbstractProblemLoader Creating init config 
219280     DEBUG main            d.u.i.k.p.i.AbstractProblemLoader Init config took 3.44s 
219320     INFO  main            d.u.i.k.p.i.AbstractProblemLoader Replaying proof Stack[java.lang.Object::<inv>()].JML accessible clause.0 
219322     DEBUG main            d.u.i.k.p.i.IntermediateProofReplayer Proof replay took 7.9ns 
219424     INFO  main            d.u.i.k.p.r.p.TestFile    ... finished proof: closed. 
219810     INFO  main            d.u.i.k.p.i.AbstractProblemLoader Loading environment from /home/runner/work/key/key/key.core/../key.ui/examples/heap/SmansEtAl/Stack_inv.key.proof 
219810     DEBUG main            d.u.i.k.p.i.AbstractProblemLoader Environment load took 121.1ns 
219815     INFO  main            d.u.i.k.p.i.AbstractProblemLoader Creating init config 
223325     DEBUG main            d.u.i.k.p.i.AbstractProblemLoader Init config took 3.51s 
223366     INFO  main            d.u.i.k.p.i.AbstractProblemLoader Replaying proof Stack[java.lang.Object::<inv>()].JML accessible clause.0 
223380     DEBUG main            d.u.i.k.p.i.IntermediateProofReplayer Proof replay took 11.08ms 
223381     DEBUG main            d.u.i.k.p.r.p.TestFile    ... success: reloaded. 
223382     INFO  main            d.u.i.k.p.r.p.TestFile    Now processing file /home/runner/work/key/key/key.core/../key.ui/examples/heap/SmansEtAl/Stack_push.key 
223383     INFO  main            d.u.i.k.p.i.AbstractProblemLoader Loading environment from /home/runner/work/key/key/key.core/../key.ui/examples/heap/SmansEtAl/Stack_push.key 
223383     DEBUG main            d.u.i.k.p.i.AbstractProblemLoader Environment load took 168.4ns 
223384     INFO  main            d.u.i.k.p.i.AbstractProblemLoader Creating init config 
227001     DEBUG main            d.u.i.k.p.i.AbstractProblemLoader Init config took 3.62s 
227045     INFO  main            d.u.i.k.p.i.AbstractProblemLoader Replaying proof Stack[Stack::push(java.lang.Object)].JML normal_behavior operation contract.0 
227047     DEBUG main            d.u.i.k.p.i.IntermediateProofReplayer Proof replay took 8ns 
227951     INFO  main            d.u.i.k.p.r.p.TestFile    ... finished proof: closed. 
228345     INFO  main            d.u.i.k.p.i.AbstractProblemLoader Loading environment from /home/runner/work/key/key/key.core/../key.ui/examples/heap/SmansEtAl/Stack_push.key.proof 
228346     DEBUG main            d.u.i.k.p.i.AbstractProblemLoader Environment load took 133.6ns 
228347     INFO  main            d.u.i.k.p.i.AbstractProblemLoader Creating init config 
231757     DEBUG main            d.u.i.k.p.i.AbstractProblemLoader Init config took 3.41s 
231799     INFO  main            d.u.i.k.p.i.AbstractProblemLoader Replaying proof Stack[Stack::push(java.lang.Object)].JML normal_behavior operation contract.0 
231923     DEBUG main            d.u.i.k.p.i.IntermediateProofReplayer Proof replay took 118.8ms 
231924     DEBUG main            d.u.i.k.p.r.p.TestFile    ... success: reloaded. 
231926     INFO  main            d.u.i.k.p.r.p.TestFile    Now processing file /home/runner/work/key/key/key.core/../key.ui/examples/heap/SmansEtAl/Stack_size.key 
231926     INFO  main            d.u.i.k.p.i.AbstractProblemLoader Loading environment from /home/runner/work/key/key/key.core/../key.ui/examples/heap/SmansEtAl/Stack_size.key 
231927     DEBUG main            d.u.i.k.p.i.AbstractProblemLoader Environment load took 422.1ns 
231928     INFO  main            d.u.i.k.p.i.AbstractProblemLoader Creating init config 
235576     DEBUG main            d.u.i.k.p.i.AbstractProblemLoader Init config took 3.65s 
235644     INFO  main            d.u.i.k.p.i.AbstractProblemLoader Replaying proof Stack[Stack::size()].JML accessible clause.0 
235646     DEBUG main            d.u.i.k.p.i.IntermediateProofReplayer Proof replay took 9.5ns 
235950     INFO  main            d.u.i.k.p.r.p.TestFile    ... finished proof: closed. 
236364     INFO  main            d.u.i.k.p.i.AbstractProblemLoader Loading environment from /home/runner/work/key/key/key.core/../key.ui/examples/heap/SmansEtAl/Stack_size.key.proof 
236366     DEBUG main            d.u.i.k.p.i.AbstractProblemLoader Environment load took 516ns 
236367     INFO  main            d.u.i.k.p.i.AbstractProblemLoader Creating init config 
239859     DEBUG main            d.u.i.k.p.i.AbstractProblemLoader Init config took 3.49s 
239902     INFO  main            d.u.i.k.p.i.AbstractProblemLoader Replaying proof Stack[Stack::size()].JML accessible clause.0 
239952     DEBUG main            d.u.i.k.p.i.IntermediateProofReplayer Proof replay took 45.53ms 
239953     DEBUG main            d.u.i.k.p.r.p.TestFile    ... success: reloaded. 
239955     INFO  main            d.u.i.k.p.r.p.TestFile    Now processing file /home/runner/work/key/key/key.core/../key.ui/examples/heap/SmansEtAl/Stack_Stack.key 
239955     INFO  main            d.u.i.k.p.i.AbstractProblemLoader Loading environment from /home/runner/work/key/key/key.core/../key.ui/examples/heap/SmansEtAl/Stack_Stack.key 
239955     DEBUG main            d.u.i.k.p.i.AbstractProblemLoader Environment load took 249.6ns 
239956     INFO  main            d.u.i.k.p.i.AbstractProblemLoader Creating init config 
243506     DEBUG main            d.u.i.k.p.i.AbstractProblemLoader Init config took 3.55s 
243573     INFO  main            d.u.i.k.p.i.AbstractProblemLoader Replaying proof Stack[Stack::Stack()].JML normal_behavior operation contract.0 
243575     DEBUG main            d.u.i.k.p.i.IntermediateProofReplayer Proof replay took 8.9ns 
244882     INFO  main            d.u.i.k.p.r.p.TestFile    ... finished proof: closed. 
245348     INFO  main            d.u.i.k.p.i.AbstractProblemLoader Loading environment from /home/runner/work/key/key/key.core/../key.ui/examples/heap/SmansEtAl/Stack_Stack.key.proof 
245349     DEBUG main            d.u.i.k.p.i.AbstractProblemLoader Environment load took 563.21ns 
245351     INFO  main            d.u.i.k.p.i.AbstractProblemLoader Creating init config 
248867     DEBUG main            d.u.i.k.p.i.AbstractProblemLoader Init config took 3.52s 
248912     INFO  main            d.u.i.k.p.i.AbstractProblemLoader Replaying proof Stack[Stack::Stack()].JML normal_behavior operation contract.0 
249141     DEBUG main            d.u.i.k.p.i.IntermediateProofReplayer Proof replay took 220.45ms 
249143     DEBUG main            d.u.i.k.p.r.p.TestFile    ... success: reloaded. 
249145     INFO  main            d.u.i.k.p.r.p.TestFile    Now processing file /home/runner/work/key/key/key.core/../key.ui/examples/heap/SmansEtAl/Stack_switchContents.key 
249145     INFO  main            d.u.i.k.p.i.AbstractProblemLoader Loading environment from /home/runner/work/key/key/key.core/../key.ui/examples/heap/SmansEtAl/Stack_switchContents.key 
249145     DEBUG main            d.u.i.k.p.i.AbstractProblemLoader Environment load took 248.4ns 
249146     INFO  main            d.u.i.k.p.i.AbstractProblemLoader Creating init config 
252656     DEBUG main            d.u.i.k.p.i.AbstractProblemLoader Init config took 3.51s 
252699     INFO  main            d.u.i.k.p.i.AbstractProblemLoader Replaying proof Stack[Stack::switchContents(Stack)].JML normal_behavior operation contract.0 
252701     DEBUG main            d.u.i.k.p.i.IntermediateProofReplayer Proof replay took 7.7ns 
258169     INFO  main            d.u.i.k.p.r.p.TestFile    ... finished proof: closed. 
258609     INFO  main            d.u.i.k.p.i.AbstractProblemLoader Loading environment from /home/runner/work/key/key/key.core/../key.ui/examples/heap/SmansEtAl/Stack_switchContents.key.proof 
258610     DEBUG main            d.u.i.k.p.i.AbstractProblemLoader Environment load took 500ns 
258612     INFO  main            d.u.i.k.p.i.AbstractProblemLoader Creating init config 
261977     DEBUG main            d.u.i.k.p.i.AbstractProblemLoader Init config took 3.36s 
262019     INFO  main            d.u.i.k.p.i.AbstractProblemLoader Replaying proof Stack[Stack::switchContents(Stack)].JML normal_behavior operation contract.0 
262376     DEBUG main            d.u.i.k.p.i.IntermediateProofReplayer Proof replay took 341.57ms 
262378     DEBUG main            d.u.i.k.p.r.p.TestFile    ... success: reloaded. 
2717429    INFO  Test worker     d.u.i.k.p.r.RunAllProofsTestUnit Returning from test SmansEtAl 
2717432    INFO  Test worker     d.u.i.k.p.r.RunAllProofsTestUnit Running test VACID0 
434        INFO  Timeout watchdog d.u.i.k.p.r.p.ForkedTestFileRunner Timeout watcher launched (2000 secs.) 
466        WARN  main            d.u.i.k.s.ProofSettings   The settings in /home/runner/.key/proof-settings.props are *not* read. 
535        INFO  main            d.u.i.k.p.r.p.TestFile    Now processing file /home/runner/work/key/key/key.core/../key.ui/examples/heap/vacid0_01_SparseArray/Harness_sparseArrayTestHarness1.key 
699        INFO  main            d.u.i.k.p.i.AbstractProblemLoader Loading environment from /home/runner/work/key/key/key.core/../key.ui/examples/heap/vacid0_01_SparseArray/Harness_sparseArrayTestHarness1.key 
723        DEBUG main            d.u.i.k.p.i.AbstractProblemLoader Environment load took 2.65ms 
1035       INFO  main            d.u.i.k.p.i.AbstractProblemLoader Creating init config 
2330       DEBUG main            d.u.i.k.j.TypeConverter   No LDT found for Meta 
2330       DEBUG main            d.u.i.k.j.TypeConverter   No LDT found for Meta 
2335       DEBUG main            d.u.i.k.j.TypeConverter   No LDT found for Meta 
2335       DEBUG main            d.u.i.k.j.TypeConverter   No LDT found for Meta 
4628       DEBUG main            d.u.i.k.j.TypeConverter   No LDT found for JavaBigintExpression 
11746      DEBUG main            d.u.i.k.p.i.AbstractProblemLoader Init config took 10.71s 
11943      INFO  main            d.u.i.k.p.i.AbstractProblemLoader Replaying proof Harness[Harness::sparseArrayTestHarness1()].JML normal_behavior operation contract.0 
12044      DEBUG main            d.u.i.k.p.i.IntermediateProofReplayer Proof replay took 61.8ns 
13992      INFO  main            d.u.i.k.p.r.p.TestFile    ... finished proof: closed. 
14172      INFO  main            d.u.i.k.p.i.AbstractProblemLoader Loading environment from /home/runner/work/key/key/key.core/../key.ui/examples/heap/vacid0_01_SparseArray/Harness_sparseArrayTestHarness1.key.proof 
14174      DEBUG main            d.u.i.k.p.i.AbstractProblemLoader Environment load took 1.4ms 
14177      INFO  main            d.u.i.k.p.i.AbstractProblemLoader Creating init config 
18153      DEBUG main            d.u.i.k.p.i.AbstractProblemLoader Init config took 3.98s 
18234      INFO  main            d.u.i.k.p.i.AbstractProblemLoader Replaying proof Harness[Harness::sparseArrayTestHarness1()].JML normal_behavior operation contract.0 
18447      DEBUG main            d.u.i.k.p.i.IntermediateProofReplayer Proof replay took 201.43ms 
18457      DEBUG main            d.u.i.k.p.r.p.TestFile    ... success: reloaded. 
18459      INFO  main            d.u.i.k.p.r.p.TestFile    Now processing file /home/runner/work/key/key/key.core/../key.ui/examples/heap/vacid0_01_SparseArray/Harness_sparseArrayTestHarness2.key 
18460      INFO  main            d.u.i.k.p.i.AbstractProblemLoader Loading environment from /home/runner/work/key/key/key.core/../key.ui/examples/heap/vacid0_01_SparseArray/Harness_sparseArrayTestHarness2.key 
18460      DEBUG main            d.u.i.k.p.i.AbstractProblemLoader Environment load took 279.9ns 
18462      INFO  main            d.u.i.k.p.i.AbstractProblemLoader Creating init config 
21956      DEBUG main            d.u.i.k.p.i.AbstractProblemLoader Init config took 3.49s 
22026      INFO  main            d.u.i.k.p.i.AbstractProblemLoader Replaying proof Harness[Harness::sparseArrayTestHarness2()].JML normal_behavior operation contract.0 
22029      DEBUG main            d.u.i.k.p.i.IntermediateProofReplayer Proof replay took 6.5ns 
35973      INFO  main            d.u.i.k.p.r.p.TestFile    ... finished proof: closed. 
36249      INFO  main            d.u.i.k.p.i.AbstractProblemLoader Loading environment from /home/runner/work/key/key/key.core/../key.ui/examples/heap/vacid0_01_SparseArray/Harness_sparseArrayTestHarness2.key.proof 
36250      DEBUG main            d.u.i.k.p.i.AbstractProblemLoader Environment load took 825.61ns 
36260      INFO  main            d.u.i.k.p.i.AbstractProblemLoader Creating init config 
39656      DEBUG main            d.u.i.k.p.i.AbstractProblemLoader Init config took 3.4s 
39735      INFO  main            d.u.i.k.p.i.AbstractProblemLoader Replaying proof Harness[Harness::sparseArrayTestHarness2()].JML normal_behavior operation contract.0 
41039      DEBUG main            d.u.i.k.p.i.IntermediateProofReplayer Proof replay took 1.23s 
41044      DEBUG main            d.u.i.k.p.r.p.TestFile    ... success: reloaded. 
41046      INFO  main            d.u.i.k.p.r.p.TestFile    Now processing file /home/runner/work/key/key/key.core/../key.ui/examples/heap/vacid0_01_SparseArray/MemoryAllocator_alloc_unsigned.key 
41047      INFO  main            d.u.i.k.p.i.AbstractProblemLoader Loading environment from /home/runner/work/key/key/key.core/../key.ui/examples/heap/vacid0_01_SparseArray/MemoryAllocator_alloc_unsigned.key 
41047      DEBUG main            d.u.i.k.p.i.AbstractProblemLoader Environment load took 372ns 
41049      INFO  main            d.u.i.k.p.i.AbstractProblemLoader Creating init config 
44536      DEBUG main            d.u.i.k.p.i.AbstractProblemLoader Init config took 3.49s 
44596      INFO  main            d.u.i.k.p.i.AbstractProblemLoader Replaying proof MemoryAllocator[MemoryAllocator::alloc_unsigned(int)].JML normal_behavior operation contract.0 
44599      DEBUG main            d.u.i.k.p.i.IntermediateProofReplayer Proof replay took 7.2ns 
45705      INFO  main            d.u.i.k.p.r.p.TestFile    ... finished proof: closed. 
45944      INFO  main            d.u.i.k.p.i.AbstractProblemLoader Loading environment from /home/runner/work/key/key/key.core/../key.ui/examples/heap/vacid0_01_SparseArray/MemoryAllocator_alloc_unsigned.key.proof 
45946      DEBUG main            d.u.i.k.p.i.AbstractProblemLoader Environment load took 2.16ms 
45949      INFO  main            d.u.i.k.p.i.AbstractProblemLoader Creating init config 
49401      DEBUG main            d.u.i.k.p.i.AbstractProblemLoader Init config took 3.45s 
49457      INFO  main            d.u.i.k.p.i.AbstractProblemLoader Replaying proof MemoryAllocator[MemoryAllocator::alloc_unsigned(int)].JML normal_behavior operation contract.0 
49662      DEBUG main            d.u.i.k.p.i.IntermediateProofReplayer Proof replay took 198.26ms 
49663      DEBUG main            d.u.i.k.p.r.p.TestFile    ... success: reloaded. 
49665      INFO  main            d.u.i.k.p.r.p.TestFile    Now processing file /home/runner/work/key/key/key.core/../key.ui/examples/heap/vacid0_01_SparseArray/MemoryAllocator_alloc.key 
49666      INFO  main            d.u.i.k.p.i.AbstractProblemLoader Loading environment from /home/runner/work/key/key/key.core/../key.ui/examples/heap/vacid0_01_SparseArray/MemoryAllocator_alloc.key 
49666      DEBUG main            d.u.i.k.p.i.AbstractProblemLoader Environment load took 441.1ns 
49667      INFO  main            d.u.i.k.p.i.AbstractProblemLoader Creating init config 
53132      DEBUG main            d.u.i.k.p.i.AbstractProblemLoader Init config took 3.46s 
53206      INFO  main            d.u.i.k.p.i.AbstractProblemLoader Replaying proof MemoryAllocator[MemoryAllocator::alloc(int)].JML normal_behavior operation contract.0 
53210      DEBUG main            d.u.i.k.p.i.IntermediateProofReplayer Proof replay took 7.5ns 
54014      INFO  main            d.u.i.k.p.r.p.TestFile    ... finished proof: closed. 
54264      INFO  main            d.u.i.k.p.i.AbstractProblemLoader Loading environment from /home/runner/work/key/key/key.core/../key.ui/examples/heap/vacid0_01_SparseArray/MemoryAllocator_alloc.key.proof 
54265      DEBUG main            d.u.i.k.p.i.AbstractProblemLoader Environment load took 582.9ns 
54269      INFO  main            d.u.i.k.p.i.AbstractProblemLoader Creating init config 
57762      DEBUG main            d.u.i.k.p.i.AbstractProblemLoader Init config took 3.49s 
57826      INFO  main            d.u.i.k.p.i.AbstractProblemLoader Replaying proof MemoryAllocator[MemoryAllocator::alloc(int)].JML normal_behavior operation contract.0 
58004      DEBUG main            d.u.i.k.p.i.IntermediateProofReplayer Proof replay took 170.75ms 
58006      DEBUG main            d.u.i.k.p.r.p.TestFile    ... success: reloaded. 
58008      INFO  main            d.u.i.k.p.r.p.TestFile    Now processing file /home/runner/work/key/key/key.core/../key.ui/examples/heap/vacid0_01_SparseArray/SparseArray_get_dep.key 
58008      INFO  main            d.u.i.k.p.i.AbstractProblemLoader Loading environment from /home/runner/work/key/key/key.core/../key.ui/examples/heap/vacid0_01_SparseArray/SparseArray_get_dep.key 
58009      DEBUG main            d.u.i.k.p.i.AbstractProblemLoader Environment load took 319.1ns 
58010      INFO  main            d.u.i.k.p.i.AbstractProblemLoader Creating init config 
61513      DEBUG main            d.u.i.k.p.i.AbstractProblemLoader Init config took 3.5s 
61600      INFO  main            d.u.i.k.p.i.AbstractProblemLoader Replaying proof SparseArray[SparseArray::get(int)].JML accessible clause.0 
61610      DEBUG main            d.u.i.k.p.i.IntermediateProofReplayer Proof replay took 8.4ns 
64641      INFO  main            d.u.i.k.p.r.p.TestFile    ... finished proof: closed. 
64895      INFO  main            d.u.i.k.p.i.AbstractProblemLoader Loading environment from /home/runner/work/key/key/key.core/../key.ui/examples/heap/vacid0_01_SparseArray/SparseArray_get_dep.key.proof 
64896      DEBUG main            d.u.i.k.p.i.AbstractProblemLoader Environment load took 523ns 
64897      INFO  main            d.u.i.k.p.i.AbstractProblemLoader Creating init config 
68394      DEBUG main            d.u.i.k.p.i.AbstractProblemLoader Init config took 3.5s 
68471      INFO  main            d.u.i.k.p.i.AbstractProblemLoader Replaying proof SparseArray[SparseArray::get(int)].JML accessible clause.0 
68755      DEBUG main            d.u.i.k.p.i.IntermediateProofReplayer Proof replay took 271.63ms 
68757      DEBUG main            d.u.i.k.p.r.p.TestFile    ... success: reloaded. 
68759      INFO  main            d.u.i.k.p.r.p.TestFile    Now processing file /home/runner/work/key/key/key.core/../key.ui/examples/heap/vacid0_01_SparseArray/SparseArray_get.key 
68759      INFO  main            d.u.i.k.p.i.AbstractProblemLoader Loading environment from /home/runner/work/key/key/key.core/../key.ui/examples/heap/vacid0_01_SparseArray/SparseArray_get.key 
68759      DEBUG main            d.u.i.k.p.i.AbstractProblemLoader Environment load took 148.6ns 
68760      INFO  main            d.u.i.k.p.i.AbstractProblemLoader Creating init config 
72289      DEBUG main            d.u.i.k.p.i.AbstractProblemLoader Init config took 3.53s 
72363      INFO  main            d.u.i.k.p.i.AbstractProblemLoader Replaying proof SparseArray[SparseArray::get(int)].JML normal_behavior operation contract.0 
72365      DEBUG main            d.u.i.k.p.i.IntermediateProofReplayer Proof replay took 7.7ns 
75194      INFO  main            d.u.i.k.p.r.p.TestFile    ... finished proof: closed. 
75464      INFO  main            d.u.i.k.p.i.AbstractProblemLoader Loading environment from /home/runner/work/key/key/key.core/../key.ui/examples/heap/vacid0_01_SparseArray/SparseArray_get.key.proof 
75465      DEBUG main            d.u.i.k.p.i.AbstractProblemLoader Environment load took 640.61ns 
75467      INFO  main            d.u.i.k.p.i.AbstractProblemLoader Creating init config 
78989      DEBUG main            d.u.i.k.p.i.AbstractProblemLoader Init config took 3.52s 
79063      INFO  main            d.u.i.k.p.i.AbstractProblemLoader Replaying proof SparseArray[SparseArray::get(int)].JML normal_behavior operation contract.0 
79319      DEBUG main            d.u.i.k.p.i.IntermediateProofReplayer Proof replay took 243.78ms 
79321      DEBUG main            d.u.i.k.p.r.p.TestFile    ... success: reloaded. 
79323      INFO  main            d.u.i.k.p.r.p.TestFile    Now processing file /home/runner/work/key/key/key.core/../key.ui/examples/heap/vacid0_01_SparseArray/SparseArray_inv.key 
79323      INFO  main            d.u.i.k.p.i.AbstractProblemLoader Loading environment from /home/runner/work/key/key/key.core/../key.ui/examples/heap/vacid0_01_SparseArray/SparseArray_inv.key 
79324      DEBUG main            d.u.i.k.p.i.AbstractProblemLoader Environment load took 271.8ns 
79325      INFO  main            d.u.i.k.p.i.AbstractProblemLoader Creating init config 
82807      DEBUG main            d.u.i.k.p.i.AbstractProblemLoader Init config took 3.48s 
82878      INFO  main            d.u.i.k.p.i.AbstractProblemLoader Replaying proof SparseArray[java.lang.Object::<inv>()].JML accessible clause.0 
82881      DEBUG main            d.u.i.k.p.i.IntermediateProofReplayer Proof replay took 8.2ns 
85290      INFO  main            d.u.i.k.p.r.p.TestFile    ... finished proof: closed. 
85533      INFO  main            d.u.i.k.p.i.AbstractProblemLoader Loading environment from /home/runner/work/key/key/key.core/../key.ui/examples/heap/vacid0_01_SparseArray/SparseArray_inv.key.proof 
85534      DEBUG main            d.u.i.k.p.i.AbstractProblemLoader Environment load took 938.81ns 
85536      INFO  main            d.u.i.k.p.i.AbstractProblemLoader Creating init config 
89054      DEBUG main            d.u.i.k.p.i.AbstractProblemLoader Init config took 3.52s 
89139      INFO  main            d.u.i.k.p.i.AbstractProblemLoader Replaying proof SparseArray[java.lang.Object::<inv>()].JML accessible clause.0 
89271      DEBUG main            d.u.i.k.p.i.IntermediateProofReplayer Proof replay took 124.88ms 
89280      DEBUG main            d.u.i.k.p.r.p.TestFile    ... success: reloaded. 
89281      INFO  main            d.u.i.k.p.r.p.TestFile    Now processing file /home/runner/work/key/key/key.core/../key.ui/examples/heap/vacid0_01_SparseArray/SparseArray_SparseArray.key 
89291      INFO  main            d.u.i.k.p.i.AbstractProblemLoader Loading environment from /home/runner/work/key/key/key.core/../key.ui/examples/heap/vacid0_01_SparseArray/SparseArray_SparseArray.key 
89292      DEBUG main            d.u.i.k.p.i.AbstractProblemLoader Environment load took 500.3ns 
89294      INFO  main            d.u.i.k.p.i.AbstractProblemLoader Creating init config 
92637      DEBUG main            d.u.i.k.p.i.AbstractProblemLoader Init config took 3.34s 
92708      INFO  main            d.u.i.k.p.i.AbstractProblemLoader Replaying proof SparseArray[SparseArray::SparseArray(int)].JML normal_behavior operation contract.0 
92711      DEBUG main            d.u.i.k.p.i.IntermediateProofReplayer Proof replay took 8.3ns 
96910      INFO  main            d.u.i.k.p.r.p.TestFile    ... finished proof: closed. 
97183      INFO  main            d.u.i.k.p.i.AbstractProblemLoader Loading environment from /home/runner/work/key/key/key.core/../key.ui/examples/heap/vacid0_01_SparseArray/SparseArray_SparseArray.key.proof 
97184      DEBUG main            d.u.i.k.p.i.AbstractProblemLoader Environment load took 655.71ns 
97186      INFO  main            d.u.i.k.p.i.AbstractProblemLoader Creating init config 
100505     DEBUG main            d.u.i.k.p.i.AbstractProblemLoader Init config took 3.32s 
100586     INFO  main            d.u.i.k.p.i.AbstractProblemLoader Replaying proof SparseArray[SparseArray::SparseArray(int)].JML normal_behavior operation contract.0 
101014     DEBUG main            d.u.i.k.p.i.IntermediateProofReplayer Proof replay took 415.02ms 
101016     DEBUG main            d.u.i.k.p.r.p.TestFile    ... success: reloaded. 
2818667    INFO  Test worker     d.u.i.k.p.r.RunAllProofsTestUnit Returning from test VACID0 
2818668    INFO  Test worker     d.u.i.k.p.r.RunAllProofsTestUnit Running test VSTTE10 
434        INFO  Timeout watchdog d.u.i.k.p.r.p.ForkedTestFileRunner Timeout watcher launched (2000 secs.) 
455        WARN  main            d.u.i.k.s.ProofSettings   The settings in /home/runner/.key/proof-settings.props are *not* read. 
501        INFO  main            d.u.i.k.p.r.p.TestFile    Now processing file /home/runner/work/key/key/key.core/../key.ui/examples/heap/vstte10_01_SumAndMax/SumAndMax_sumAndMax.key 
652        INFO  main            d.u.i.k.p.i.AbstractProblemLoader Loading environment from /home/runner/work/key/key/key.core/../key.ui/examples/heap/vstte10_01_SumAndMax/SumAndMax_sumAndMax.key 
680        DEBUG main            d.u.i.k.p.i.AbstractProblemLoader Environment load took 2.95ms 
1023       INFO  main            d.u.i.k.p.i.AbstractProblemLoader Creating init config 
2299       DEBUG main            d.u.i.k.j.TypeConverter   No LDT found for Meta 
2299       DEBUG main            d.u.i.k.j.TypeConverter   No LDT found for Meta 
2306       DEBUG main            d.u.i.k.j.TypeConverter   No LDT found for Meta 
2307       DEBUG main            d.u.i.k.j.TypeConverter   No LDT found for Meta 
4193       DEBUG main            d.u.i.k.j.TypeConverter   No LDT found for JavaBigintExpression 
10757      DEBUG main            d.u.i.k.p.i.AbstractProblemLoader Init config took 9.73s 
10947      INFO  main            d.u.i.k.p.i.AbstractProblemLoader Replaying proof SumAndMax[SumAndMax::sumAndMax([I)].JML normal_behavior operation contract.0 
10998      DEBUG main            d.u.i.k.p.i.IntermediateProofReplayer Proof replay took 52.8ns 
17849      INFO  main            d.u.i.k.p.r.p.TestFile    ... finished proof: closed. 
18090      INFO  main            d.u.i.k.p.i.AbstractProblemLoader Loading environment from /home/runner/work/key/key/key.core/../key.ui/examples/heap/vstte10_01_SumAndMax/SumAndMax_sumAndMax.key.proof 
18093      DEBUG main            d.u.i.k.p.i.AbstractProblemLoader Environment load took 2.76ms 
18098      INFO  main            d.u.i.k.p.i.AbstractProblemLoader Creating init config 
21844      DEBUG main            d.u.i.k.p.i.AbstractProblemLoader Init config took 3.75s 
21977      INFO  main            d.u.i.k.p.i.AbstractProblemLoader Replaying proof SumAndMax[SumAndMax::sumAndMax([I)].JML normal_behavior operation contract.0 
22646      DEBUG main            d.u.i.k.p.i.IntermediateProofReplayer Proof replay took 640.27ms 
22657      DEBUG main            d.u.i.k.p.r.p.TestFile    ... success: reloaded. 
22659      INFO  main            d.u.i.k.p.r.p.TestFile    Now processing file /home/runner/work/key/key/key.core/../key.ui/examples/heap/vstte10_03_LinkedList/Node_cons.key 
22659      INFO  main            d.u.i.k.p.i.AbstractProblemLoader Loading environment from /home/runner/work/key/key/key.core/../key.ui/examples/heap/vstte10_03_LinkedList/Node_cons.key 
22660      DEBUG main            d.u.i.k.p.i.AbstractProblemLoader Environment load took 282.7ns 
22662      INFO  main            d.u.i.k.p.i.AbstractProblemLoader Creating init config 
26419      DEBUG main            d.u.i.k.p.i.AbstractProblemLoader Init config took 3.76s 
26504      INFO  main            d.u.i.k.p.i.AbstractProblemLoader Replaying proof Node[Node::cons(int,Node)].JML normal_behavior operation contract.0 
26508      DEBUG main            d.u.i.k.p.i.IntermediateProofReplayer Proof replay took 7.5ns 
28626      INFO  main            d.u.i.k.p.r.p.TestFile    ... finished proof: closed. 
28862      INFO  main            d.u.i.k.p.i.AbstractProblemLoader Loading environment from /home/runner/work/key/key/key.core/../key.ui/examples/heap/vstte10_03_LinkedList/Node_cons.key.proof 
28863      DEBUG main            d.u.i.k.p.i.AbstractProblemLoader Environment load took 575.9ns 
28867      INFO  main            d.u.i.k.p.i.AbstractProblemLoader Creating init config 
32388      DEBUG main            d.u.i.k.p.i.AbstractProblemLoader Init config took 3.52s 
32458      INFO  main            d.u.i.k.p.i.AbstractProblemLoader Replaying proof Node[Node::cons(int,Node)].JML normal_behavior operation contract.0 
32792      DEBUG main            d.u.i.k.p.i.IntermediateProofReplayer Proof replay took 319.33ms 
32794      DEBUG main            d.u.i.k.p.r.p.TestFile    ... success: reloaded. 
32796      INFO  main            d.u.i.k.p.r.p.TestFile    Now processing file /home/runner/work/key/key/key.core/../key.ui/examples/heap/vstte10_03_LinkedList/Node_inv.key 
32797      INFO  main            d.u.i.k.p.i.AbstractProblemLoader Loading environment from /home/runner/work/key/key/key.core/../key.ui/examples/heap/vstte10_03_LinkedList/Node_inv.key 
32797      DEBUG main            d.u.i.k.p.i.AbstractProblemLoader Environment load took 278.7ns 
32798      INFO  main            d.u.i.k.p.i.AbstractProblemLoader Creating init config 
36246      DEBUG main            d.u.i.k.p.i.AbstractProblemLoader Init config took 3.45s 
36321      INFO  main            d.u.i.k.p.i.AbstractProblemLoader Replaying proof Node[java.lang.Object::<inv>()].JML accessible clause.0 
36324      DEBUG main            d.u.i.k.p.i.IntermediateProofReplayer Proof replay took 17ns 
36728      INFO  main            d.u.i.k.p.r.p.TestFile    ... finished proof: closed. 
36929      INFO  main            d.u.i.k.p.i.AbstractProblemLoader Loading environment from /home/runner/work/key/key/key.core/../key.ui/examples/heap/vstte10_03_LinkedList/Node_inv.key.proof 
36930      DEBUG main            d.u.i.k.p.i.AbstractProblemLoader Environment load took 696.11ns 
36932      INFO  main            d.u.i.k.p.i.AbstractProblemLoader Creating init config 
40404      DEBUG main            d.u.i.k.p.i.AbstractProblemLoader Init config took 3.47s 
40482      INFO  main            d.u.i.k.p.i.AbstractProblemLoader Replaying proof Node[java.lang.Object::<inv>()].JML accessible clause.0 
40534      DEBUG main            d.u.i.k.p.i.IntermediateProofReplayer Proof replay took 43.04ms 
40536      DEBUG main            d.u.i.k.p.r.p.TestFile    ... success: reloaded. 
40538      INFO  main            d.u.i.k.p.r.p.TestFile    Now processing file /home/runner/work/key/key/key.core/../key.ui/examples/heap/vstte10_03_LinkedList/Node_search.key 
40538      INFO  main            d.u.i.k.p.i.AbstractProblemLoader Loading environment from /home/runner/work/key/key/key.core/../key.ui/examples/heap/vstte10_03_LinkedList/Node_search.key 
40538      DEBUG main            d.u.i.k.p.i.AbstractProblemLoader Environment load took 153.4ns 
40539      INFO  main            d.u.i.k.p.i.AbstractProblemLoader Creating init config 
44012      DEBUG main            d.u.i.k.p.i.AbstractProblemLoader Init config took 3.47s 
44092      INFO  main            d.u.i.k.p.i.AbstractProblemLoader Replaying proof Node[Node::search()].JML normal_behavior operation contract.0 
44095      DEBUG main            d.u.i.k.p.i.IntermediateProofReplayer Proof replay took 6.8ns 
52422      INFO  main            d.u.i.k.p.r.p.TestFile    ... finished proof: closed. 
52744      INFO  main            d.u.i.k.p.i.AbstractProblemLoader Loading environment from /home/runner/work/key/key/key.core/../key.ui/examples/heap/vstte10_03_LinkedList/Node_search.key.proof 
52744      DEBUG main            d.u.i.k.p.i.AbstractProblemLoader Environment load took 319.5ns 
52747      INFO  main            d.u.i.k.p.i.AbstractProblemLoader Creating init config 
56158      DEBUG main            d.u.i.k.p.i.AbstractProblemLoader Init config took 3.41s 
56231      INFO  main            d.u.i.k.p.i.AbstractProblemLoader Replaying proof Node[Node::search()].JML normal_behavior operation contract.0 
56989      DEBUG main            d.u.i.k.p.i.IntermediateProofReplayer Proof replay took 696.57ms 
56993      DEBUG main            d.u.i.k.p.r.p.TestFile    ... success: reloaded. 
56995      INFO  main            d.u.i.k.p.r.p.TestFile    Now processing file /home/runner/work/key/key/key.core/../key.ui/examples/heap/vstte10_04_Queens/Queens_isConsistent.key 
56995      INFO  main            d.u.i.k.p.i.AbstractProblemLoader Loading environment from /home/runner/work/key/key/key.core/../key.ui/examples/heap/vstte10_04_Queens/Queens_isConsistent.key 
56996      DEBUG main            d.u.i.k.p.i.AbstractProblemLoader Environment load took 326.5ns 
56998      INFO  main            d.u.i.k.p.i.AbstractProblemLoader Creating init config 
60725      DEBUG main            d.u.i.k.p.i.AbstractProblemLoader Init config took 3.73s 
60776      INFO  main            d.u.i.k.p.i.AbstractProblemLoader Replaying proof Queens[Queens::isConsistent([I,int)].JML normal_behavior operation contract.0 
60778      DEBUG main            d.u.i.k.p.i.IntermediateProofReplayer Proof replay took 6.8ns 
63010      INFO  main            d.u.i.k.p.r.p.TestFile    ... finished proof: closed. 
63265      INFO  main            d.u.i.k.p.i.AbstractProblemLoader Loading environment from /home/runner/work/key/key/key.core/../key.ui/examples/heap/vstte10_04_Queens/Queens_isConsistent.key.proof 
63266      DEBUG main            d.u.i.k.p.i.AbstractProblemLoader Environment load took 530.4ns 
63267      INFO  main            d.u.i.k.p.i.AbstractProblemLoader Creating init config 
66561      DEBUG main            d.u.i.k.p.i.AbstractProblemLoader Init config took 3.29s 
66611      INFO  main            d.u.i.k.p.i.AbstractProblemLoader Replaying proof Queens[Queens::isConsistent([I,int)].JML normal_behavior operation contract.0 
66979      DEBUG main            d.u.i.k.p.i.IntermediateProofReplayer Proof replay took 357.21ms 
66981      DEBUG main            d.u.i.k.p.r.p.TestFile    ... success: reloaded. 
66982      INFO  main            d.u.i.k.p.r.p.TestFile    Now processing file /home/runner/work/key/key/key.core/../key.ui/examples/heap/vstte10_04_Queens/Queens_nQueens.key 
66983      INFO  main            d.u.i.k.p.i.AbstractProblemLoader Loading environment from /home/runner/work/key/key/key.core/../key.ui/examples/heap/vstte10_04_Queens/Queens_nQueens.key 
66983      DEBUG main            d.u.i.k.p.i.AbstractProblemLoader Environment load took 282.4ns 
66984      INFO  main            d.u.i.k.p.i.AbstractProblemLoader Creating init config 
70276      DEBUG main            d.u.i.k.p.i.AbstractProblemLoader Init config took 3.29s 
70327      INFO  main            d.u.i.k.p.i.AbstractProblemLoader Replaying proof Queens[Queens::nQueens(int)].JML normal_behavior operation contract.0 
70329      DEBUG main            d.u.i.k.p.i.IntermediateProofReplayer Proof replay took 5.7ns 
86173      INFO  main            d.u.i.k.p.r.p.TestFile    ... finished proof: closed. 
86463      INFO  main            d.u.i.k.p.i.AbstractProblemLoader Loading environment from /home/runner/work/key/key/key.core/../key.ui/examples/heap/vstte10_04_Queens/Queens_nQueens.key.proof 
86464      DEBUG main            d.u.i.k.p.i.AbstractProblemLoader Environment load took 742.01ns 
86466      INFO  main            d.u.i.k.p.i.AbstractProblemLoader Creating init config 
89995      DEBUG main            d.u.i.k.p.i.AbstractProblemLoader Init config took 3.53s 
90064      INFO  main            d.u.i.k.p.i.AbstractProblemLoader Replaying proof Queens[Queens::nQueens(int)].JML normal_behavior operation contract.0 
90658      DEBUG main            d.u.i.k.p.i.IntermediateProofReplayer Proof replay took 569.47ms 
90661      DEBUG main            d.u.i.k.p.r.p.TestFile    ... success: reloaded. 
90662      INFO  main            d.u.i.k.p.r.p.TestFile    Now processing file /home/runner/work/key/key/key.core/../key.ui/examples/heap/vstte10_05_Queue/AmortizedQueue_AmortizedQueue.key 
90663      INFO  main            d.u.i.k.p.i.AbstractProblemLoader Loading environment from /home/runner/work/key/key/key.core/../key.ui/examples/heap/vstte10_05_Queue/AmortizedQueue_AmortizedQueue.key 
90663      DEBUG main            d.u.i.k.p.i.AbstractProblemLoader Environment load took 283.8ns 
90664      INFO  main            d.u.i.k.p.i.AbstractProblemLoader Creating init config 
94339      DEBUG main            d.u.i.k.p.i.AbstractProblemLoader Init config took 3.67s 
94404      INFO  main            d.u.i.k.p.i.AbstractProblemLoader Replaying proof AmortizedQueue[AmortizedQueue::AmortizedQueue()].JML normal_behavior operation contract.0 
94406      DEBUG main            d.u.i.k.p.i.IntermediateProofReplayer Proof replay took 7ns 
96218      INFO  main            d.u.i.k.p.r.p.TestFile    ... finished proof: closed. 
96503      INFO  main            d.u.i.k.p.i.AbstractProblemLoader Loading environment from /home/runner/work/key/key/key.core/../key.ui/examples/heap/vstte10_05_Queue/AmortizedQueue_AmortizedQueue.key.proof 
96504      DEBUG main            d.u.i.k.p.i.AbstractProblemLoader Environment load took 167.7ns 
96505      INFO  main            d.u.i.k.p.i.AbstractProblemLoader Creating init config 
100035     DEBUG main            d.u.i.k.p.i.AbstractProblemLoader Init config took 3.53s 
100109     INFO  main            d.u.i.k.p.i.AbstractProblemLoader Replaying proof AmortizedQueue[AmortizedQueue::AmortizedQueue()].JML normal_behavior operation contract.0 
100351     DEBUG main            d.u.i.k.p.i.IntermediateProofReplayer Proof replay took 232.52ms 
100353     DEBUG main            d.u.i.k.p.r.p.TestFile    ... success: reloaded. 
100355     INFO  main            d.u.i.k.p.r.p.TestFile    Now processing file /home/runner/work/key/key/key.core/../key.ui/examples/heap/vstte10_05_Queue/AmortizedQueue_front.key 
100355     INFO  main            d.u.i.k.p.i.AbstractProblemLoader Loading environment from /home/runner/work/key/key/key.core/../key.ui/examples/heap/vstte10_05_Queue/AmortizedQueue_front.key 
100356     DEBUG main            d.u.i.k.p.i.AbstractProblemLoader Environment load took 232ns 
100357     INFO  main            d.u.i.k.p.i.AbstractProblemLoader Creating init config 
103987     DEBUG main            d.u.i.k.p.i.AbstractProblemLoader Init config took 3.63s 
104044     INFO  main            d.u.i.k.p.i.AbstractProblemLoader Replaying proof AmortizedQueue[AmortizedQueue::front()].JML normal_behavior operation contract.0 
104046     DEBUG main            d.u.i.k.p.i.IntermediateProofReplayer Proof replay took 6.7ns 
104754     INFO  main            d.u.i.k.p.r.p.TestFile    ... finished proof: closed. 
105008     INFO  main            d.u.i.k.p.i.AbstractProblemLoader Loading environment from /home/runner/work/key/key/key.core/../key.ui/examples/heap/vstte10_05_Queue/AmortizedQueue_front.key.proof 
105010     DEBUG main            d.u.i.k.p.i.AbstractProblemLoader Environment load took 1.98ms 
105012     INFO  main            d.u.i.k.p.i.AbstractProblemLoader Creating init config 
108673     DEBUG main            d.u.i.k.p.i.AbstractProblemLoader Init config took 3.66s 
108730     INFO  main            d.u.i.k.p.i.AbstractProblemLoader Replaying proof AmortizedQueue[AmortizedQueue::front()].JML normal_behavior operation contract.0 
108785     DEBUG main            d.u.i.k.p.i.IntermediateProofReplayer Proof replay took 50.71ms 
108786     DEBUG main            d.u.i.k.p.r.p.TestFile    ... success: reloaded. 
108788     INFO  main            d.u.i.k.p.r.p.TestFile    Now processing file /home/runner/work/key/key/key.core/../key.ui/examples/heap/vstte10_05_Queue/LinkedList_concat.key 
108788     INFO  main            d.u.i.k.p.i.AbstractProblemLoader Loading environment from /home/runner/work/key/key/key.core/../key.ui/examples/heap/vstte10_05_Queue/LinkedList_concat.key 
108789     DEBUG main            d.u.i.k.p.i.AbstractProblemLoader Environment load took 256ns 
108790     INFO  main            d.u.i.k.p.i.AbstractProblemLoader Creating init config 
112303     DEBUG main            d.u.i.k.p.i.AbstractProblemLoader Init config took 3.51s 
112362     INFO  main            d.u.i.k.p.i.AbstractProblemLoader Replaying proof LinkedList[LinkedList::concat(LinkedList)].JML normal_behavior operation contract.0 
112364     DEBUG main            d.u.i.k.p.i.IntermediateProofReplayer Proof replay took 7.9ns 
123179     INFO  main            d.u.i.k.p.r.p.TestFile    ... finished proof: closed. 
123553     INFO  main            d.u.i.k.p.i.AbstractProblemLoader Loading environment from /home/runner/work/key/key/key.core/../key.ui/examples/heap/vstte10_05_Queue/LinkedList_concat.key.proof 
123554     DEBUG main            d.u.i.k.p.i.AbstractProblemLoader Environment load took 541.1ns 
123557     INFO  main            d.u.i.k.p.i.AbstractProblemLoader Creating init config 
127122     DEBUG main            d.u.i.k.p.i.AbstractProblemLoader Init config took 3.56s 
127180     INFO  main            d.u.i.k.p.i.AbstractProblemLoader Replaying proof LinkedList[LinkedList::concat(LinkedList)].JML normal_behavior operation contract.0 
127883     DEBUG main            d.u.i.k.p.i.IntermediateProofReplayer Proof replay took 662.04ms 
127890     DEBUG main            d.u.i.k.p.r.p.TestFile    ... success: reloaded. 
127892     INFO  main            d.u.i.k.p.r.p.TestFile    Now processing file /home/runner/work/key/key/key.core/../key.ui/examples/heap/vstte10_05_Queue/LinkedList_cons.key 
127892     INFO  main            d.u.i.k.p.i.AbstractProblemLoader Loading environment from /home/runner/work/key/key/key.core/../key.ui/examples/heap/vstte10_05_Queue/LinkedList_cons.key 
127893     DEBUG main            d.u.i.k.p.i.AbstractProblemLoader Environment load took 1.24ms 
127895     INFO  main            d.u.i.k.p.i.AbstractProblemLoader Creating init config 
131510     DEBUG main            d.u.i.k.p.i.AbstractProblemLoader Init config took 3.61s 
131575     INFO  main            d.u.i.k.p.i.AbstractProblemLoader Replaying proof LinkedList[LinkedList::cons(int)].JML normal_behavior operation contract.0 
131577     DEBUG main            d.u.i.k.p.i.IntermediateProofReplayer Proof replay took 7.5ns 
134690     INFO  main            d.u.i.k.p.r.p.TestFile    ... finished proof: closed. 
135014     INFO  main            d.u.i.k.p.i.AbstractProblemLoader Loading environment from /home/runner/work/key/key/key.core/../key.ui/examples/heap/vstte10_05_Queue/LinkedList_cons.key.proof 
135015     DEBUG main            d.u.i.k.p.i.AbstractProblemLoader Environment load took 546.9ns 
135017     INFO  main            d.u.i.k.p.i.AbstractProblemLoader Creating init config 
138465     DEBUG main            d.u.i.k.p.i.AbstractProblemLoader Init config took 3.45s 
138529     INFO  main            d.u.i.k.p.i.AbstractProblemLoader Replaying proof LinkedList[LinkedList::cons(int)].JML normal_behavior operation contract.0 
138802     DEBUG main            d.u.i.k.p.i.IntermediateProofReplayer Proof replay took 260.17ms 
138804     DEBUG main            d.u.i.k.p.r.p.TestFile    ... success: reloaded. 
138805     INFO  main            d.u.i.k.p.r.p.TestFile    Now processing file /home/runner/work/key/key/key.core/../key.ui/examples/heap/vstte10_05_Queue/LinkedList_head.key 
138806     INFO  main            d.u.i.k.p.i.AbstractProblemLoader Loading environment from /home/runner/work/key/key/key.core/../key.ui/examples/heap/vstte10_05_Queue/LinkedList_head.key 
138806     DEBUG main            d.u.i.k.p.i.AbstractProblemLoader Environment load took 172.1ns 
138807     INFO  main            d.u.i.k.p.i.AbstractProblemLoader Creating init config 
142265     DEBUG main            d.u.i.k.p.i.AbstractProblemLoader Init config took 3.46s 
142320     INFO  main            d.u.i.k.p.i.AbstractProblemLoader Replaying proof LinkedList[LinkedList::head()].JML normal_behavior operation contract.0 
142322     DEBUG main            d.u.i.k.p.i.IntermediateProofReplayer Proof replay took 6.7ns 
142550     INFO  main            d.u.i.k.p.r.p.TestFile    ... finished proof: closed. 
142802     INFO  main            d.u.i.k.p.i.AbstractProblemLoader Loading environment from /home/runner/work/key/key/key.core/../key.ui/examples/heap/vstte10_05_Queue/LinkedList_head.key.proof 
142803     DEBUG main            d.u.i.k.p.i.AbstractProblemLoader Environment load took 133.9ns 
142804     INFO  main            d.u.i.k.p.i.AbstractProblemLoader Creating init config 
146309     DEBUG main            d.u.i.k.p.i.AbstractProblemLoader Init config took 3.51s 
146366     INFO  main            d.u.i.k.p.i.AbstractProblemLoader Replaying proof LinkedList[LinkedList::head()].JML normal_behavior operation contract.0 
146383     DEBUG main            d.u.i.k.p.i.IntermediateProofReplayer Proof replay took 14.51ms 
146384     DEBUG main            d.u.i.k.p.r.p.TestFile    ... success: reloaded. 
146385     INFO  main            d.u.i.k.p.r.p.TestFile    Now processing file /home/runner/work/key/key/key.core/../key.ui/examples/heap/vstte10_05_Queue/LinkedList_inv.key 
146386     INFO  main            d.u.i.k.p.i.AbstractProblemLoader Loading environment from /home/runner/work/key/key/key.core/../key.ui/examples/heap/vstte10_05_Queue/LinkedList_inv.key 
146386     DEBUG main            d.u.i.k.p.i.AbstractProblemLoader Environment load took 152ns 
146387     INFO  main            d.u.i.k.p.i.AbstractProblemLoader Creating init config 
149901     DEBUG main            d.u.i.k.p.i.AbstractProblemLoader Init config took 3.51s 
149956     INFO  main            d.u.i.k.p.i.AbstractProblemLoader Replaying proof LinkedList[java.lang.Object::<inv>()].JML accessible clause.0 
149959     DEBUG main            d.u.i.k.p.i.IntermediateProofReplayer Proof replay took 7.8ns 
150362     INFO  main            d.u.i.k.p.r.p.TestFile    ... finished proof: closed. 
150656     INFO  main            d.u.i.k.p.i.AbstractProblemLoader Loading environment from /home/runner/work/key/key/key.core/../key.ui/examples/heap/vstte10_05_Queue/LinkedList_inv.key.proof 
150656     DEBUG main            d.u.i.k.p.i.AbstractProblemLoader Environment load took 808.31ns 
150658     INFO  main            d.u.i.k.p.i.AbstractProblemLoader Creating init config 
154099     DEBUG main            d.u.i.k.p.i.AbstractProblemLoader Init config took 3.44s 
154154     INFO  main            d.u.i.k.p.i.AbstractProblemLoader Replaying proof LinkedList[java.lang.Object::<inv>()].JML accessible clause.0 
154185     DEBUG main            d.u.i.k.p.i.IntermediateProofReplayer Proof replay took 27.01ms 
154187     DEBUG main            d.u.i.k.p.r.p.TestFile    ... success: reloaded. 
154189     INFO  main            d.u.i.k.p.r.p.TestFile    Now processing file /home/runner/work/key/key/key.core/../key.ui/examples/heap/vstte10_05_Queue/LinkedList_length.key 
154189     INFO  main            d.u.i.k.p.i.AbstractProblemLoader Loading environment from /home/runner/work/key/key/key.core/../key.ui/examples/heap/vstte10_05_Queue/LinkedList_length.key 
154189     DEBUG main            d.u.i.k.p.i.AbstractProblemLoader Environment load took 287.8ns 
154192     INFO  main            d.u.i.k.p.i.AbstractProblemLoader Creating init config 
157806     DEBUG main            d.u.i.k.p.i.AbstractProblemLoader Init config took 3.61s 
157863     INFO  main            d.u.i.k.p.i.AbstractProblemLoader Replaying proof LinkedList[LinkedList::length()].JML normal_behavior operation contract.0 
157867     DEBUG main            d.u.i.k.p.i.IntermediateProofReplayer Proof replay took 7.5ns 
158070     INFO  main            d.u.i.k.p.r.p.TestFile    ... finished proof: closed. 
158357     INFO  main            d.u.i.k.p.i.AbstractProblemLoader Loading environment from /home/runner/work/key/key/key.core/../key.ui/examples/heap/vstte10_05_Queue/LinkedList_length.key.proof 
158357     DEBUG main            d.u.i.k.p.i.AbstractProblemLoader Environment load took 151.3ns 
158358     INFO  main            d.u.i.k.p.i.AbstractProblemLoader Creating init config 
161837     DEBUG main            d.u.i.k.p.i.AbstractProblemLoader Init config took 3.48s 
161905     INFO  main            d.u.i.k.p.i.AbstractProblemLoader Replaying proof LinkedList[LinkedList::length()].JML normal_behavior operation contract.0 
161922     DEBUG main            d.u.i.k.p.i.IntermediateProofReplayer Proof replay took 14.94ms 
161923     DEBUG main            d.u.i.k.p.r.p.TestFile    ... success: reloaded. 
161924     INFO  main            d.u.i.k.p.r.p.TestFile    Now processing file /home/runner/work/key/key/key.core/../key.ui/examples/heap/vstte10_05_Queue/LinkedList_LinkedList1.key 
161924     INFO  main            d.u.i.k.p.i.AbstractProblemLoader Loading environment from /home/runner/work/key/key/key.core/../key.ui/examples/heap/vstte10_05_Queue/LinkedList_LinkedList1.key 
161925     DEBUG main            d.u.i.k.p.i.AbstractProblemLoader Environment load took 117.3ns 
161932     INFO  main            d.u.i.k.p.i.AbstractProblemLoader Creating init config 
165541     DEBUG main            d.u.i.k.p.i.AbstractProblemLoader Init config took 3.61s 
165596     INFO  main            d.u.i.k.p.i.AbstractProblemLoader Replaying proof LinkedList[LinkedList::LinkedList(int,LinkedList)].JML normal_behavior operation contract.0 
165599     DEBUG main            d.u.i.k.p.i.IntermediateProofReplayer Proof replay took 7.1ns 
168123     INFO  main            d.u.i.k.p.r.p.TestFile    ... finished proof: closed. 
168458     INFO  main            d.u.i.k.p.i.AbstractProblemLoader Loading environment from /home/runner/work/key/key/key.core/../key.ui/examples/heap/vstte10_05_Queue/LinkedList_LinkedList1.key.proof 
168458     DEBUG main            d.u.i.k.p.i.AbstractProblemLoader Environment load took 615.61ns 
168460     INFO  main            d.u.i.k.p.i.AbstractProblemLoader Creating init config 
171935     DEBUG main            d.u.i.k.p.i.AbstractProblemLoader Init config took 3.47s 
171985     INFO  main            d.u.i.k.p.i.AbstractProblemLoader Replaying proof LinkedList[LinkedList::LinkedList(int,LinkedList)].JML normal_behavior operation contract.0 
172235     DEBUG main            d.u.i.k.p.i.IntermediateProofReplayer Proof replay took 240.54ms 
172236     DEBUG main            d.u.i.k.p.r.p.TestFile    ... success: reloaded. 
172238     INFO  main            d.u.i.k.p.r.p.TestFile    Now processing file /home/runner/work/key/key/key.core/../key.ui/examples/heap/vstte10_05_Queue/LinkedList_LinkedList2.key 
172238     INFO  main            d.u.i.k.p.i.AbstractProblemLoader Loading environment from /home/runner/work/key/key/key.core/../key.ui/examples/heap/vstte10_05_Queue/LinkedList_LinkedList2.key 
172239     DEBUG main            d.u.i.k.p.i.AbstractProblemLoader Environment load took 302.2ns 
172240     INFO  main            d.u.i.k.p.i.AbstractProblemLoader Creating init config 
175544     DEBUG main            d.u.i.k.p.i.AbstractProblemLoader Init config took 3.3s 
175597     INFO  main            d.u.i.k.p.i.AbstractProblemLoader Replaying proof LinkedList[LinkedList::LinkedList(int,LinkedList)].JML normal_behavior operation contract.0 
175599     DEBUG main            d.u.i.k.p.i.IntermediateProofReplayer Proof replay took 6.8ns 
178035     INFO  main            d.u.i.k.p.r.p.TestFile    ... finished proof: closed. 
178379     INFO  main            d.u.i.k.p.i.AbstractProblemLoader Loading environment from /home/runner/work/key/key/key.core/../key.ui/examples/heap/vstte10_05_Queue/LinkedList_LinkedList2.key.proof 
178379     DEBUG main            d.u.i.k.p.i.AbstractProblemLoader Environment load took 175.4ns 
178383     INFO  main            d.u.i.k.p.i.AbstractProblemLoader Creating init config 
181844     DEBUG main            d.u.i.k.p.i.AbstractProblemLoader Init config took 3.46s 
181900     INFO  main            d.u.i.k.p.i.AbstractProblemLoader Replaying proof LinkedList[LinkedList::LinkedList(int,LinkedList)].JML normal_behavior operation contract.0 
182138     DEBUG main            d.u.i.k.p.i.IntermediateProofReplayer Proof replay took 229.04ms 
182140     DEBUG main            d.u.i.k.p.r.p.TestFile    ... success: reloaded. 
182141     INFO  main            d.u.i.k.p.r.p.TestFile    Now processing file /home/runner/work/key/key/key.core/../key.ui/examples/heap/vstte10_05_Queue/LinkedList_LinkedList3.key 
182142     INFO  main            d.u.i.k.p.i.AbstractProblemLoader Loading environment from /home/runner/work/key/key/key.core/../key.ui/examples/heap/vstte10_05_Queue/LinkedList_LinkedList3.key 
182142     DEBUG main            d.u.i.k.p.i.AbstractProblemLoader Environment load took 197ns 
182144     INFO  main            d.u.i.k.p.i.AbstractProblemLoader Creating init config 
185532     DEBUG main            d.u.i.k.p.i.AbstractProblemLoader Init config took 3.39s 
185609     INFO  main            d.u.i.k.p.i.AbstractProblemLoader Replaying proof LinkedList[LinkedList::LinkedList(int,LinkedList)].JML normal_behavior operation contract.0 
185611     DEBUG main            d.u.i.k.p.i.IntermediateProofReplayer Proof replay took 6.4ns 
202542     INFO  main            d.u.i.k.p.r.p.TestFile    ... finished proof: closed. 
202942     INFO  main            d.u.i.k.p.i.AbstractProblemLoader Loading environment from /home/runner/work/key/key/key.core/../key.ui/examples/heap/vstte10_05_Queue/LinkedList_LinkedList3.key.proof 
202943     DEBUG main            d.u.i.k.p.i.AbstractProblemLoader Environment load took 609.61ns 
202949     INFO  main            d.u.i.k.p.i.AbstractProblemLoader Creating init config 
206120     DEBUG main            d.u.i.k.p.i.AbstractProblemLoader Init config took 3.17s 
206181     INFO  main            d.u.i.k.p.i.AbstractProblemLoader Replaying proof LinkedList[LinkedList::LinkedList(int,LinkedList)].JML normal_behavior operation contract.0 
207619     DEBUG main            d.u.i.k.p.i.IntermediateProofReplayer Proof replay took 1.33s 
207632     DEBUG main            d.u.i.k.p.r.p.TestFile    ... success: reloaded. 
207634     INFO  main            d.u.i.k.p.r.p.TestFile    Now processing file /home/runner/work/key/key/key.core/../key.ui/examples/heap/vstte10_05_Queue/LinkedList_reverse.key 
207635     INFO  main            d.u.i.k.p.i.AbstractProblemLoader Loading environment from /home/runner/work/key/key/key.core/../key.ui/examples/heap/vstte10_05_Queue/LinkedList_reverse.key 
207635     DEBUG main            d.u.i.k.p.i.AbstractProblemLoader Environment load took 331.1ns 
207636     INFO  main            d.u.i.k.p.i.AbstractProblemLoader Creating init config 
210847     DEBUG main            d.u.i.k.p.i.AbstractProblemLoader Init config took 3.21s 
210897     INFO  main            d.u.i.k.p.i.AbstractProblemLoader Replaying proof LinkedList[LinkedList::reverse()].JML normal_behavior operation contract.0 
210899     DEBUG main            d.u.i.k.p.i.IntermediateProofReplayer Proof replay took 5.7ns 
222026     INFO  main            d.u.i.k.p.r.p.TestFile    ... finished proof: closed. 
222464     INFO  main            d.u.i.k.p.i.AbstractProblemLoader Loading environment from /home/runner/work/key/key/key.core/../key.ui/examples/heap/vstte10_05_Queue/LinkedList_reverse.key.proof 
222468     DEBUG main            d.u.i.k.p.i.AbstractProblemLoader Environment load took 5.52ms 
222472     INFO  main            d.u.i.k.p.i.AbstractProblemLoader Creating init config 
225781     DEBUG main            d.u.i.k.p.i.AbstractProblemLoader Init config took 3.31s 
225835     INFO  main            d.u.i.k.p.i.AbstractProblemLoader Replaying proof LinkedList[LinkedList::reverse()].JML normal_behavior operation contract.0 
226515     DEBUG main            d.u.i.k.p.i.IntermediateProofReplayer Proof replay took 644.36ms 
226518     DEBUG main            d.u.i.k.p.r.p.TestFile    ... success: reloaded. 
226519     INFO  main            d.u.i.k.p.r.p.TestFile    Now processing file /home/runner/work/key/key/key.core/../key.ui/examples/heap/vstte10_05_Queue/LinkedList_tail.key 
226519     INFO  main            d.u.i.k.p.i.AbstractProblemLoader Loading environment from /home/runner/work/key/key/key.core/../key.ui/examples/heap/vstte10_05_Queue/LinkedList_tail.key 
226519     DEBUG main            d.u.i.k.p.i.AbstractProblemLoader Environment load took 142.1ns 
226521     INFO  main            d.u.i.k.p.i.AbstractProblemLoader Creating init config 
230084     DEBUG main            d.u.i.k.p.i.AbstractProblemLoader Init config took 3.56s 
230138     INFO  main            d.u.i.k.p.i.AbstractProblemLoader Replaying proof LinkedList[LinkedList::tail()].JML normal_behavior operation contract.0 
230140     DEBUG main            d.u.i.k.p.i.IntermediateProofReplayer Proof replay took 43.1ns 
230848     INFO  main            d.u.i.k.p.r.p.TestFile    ... finished proof: closed. 
231194     INFO  main            d.u.i.k.p.i.AbstractProblemLoader Loading environment from /home/runner/work/key/key/key.core/../key.ui/examples/heap/vstte10_05_Queue/LinkedList_tail.key.proof 
231194     DEBUG main            d.u.i.k.p.i.AbstractProblemLoader Environment load took 606.61ns 
231196     INFO  main            d.u.i.k.p.i.AbstractProblemLoader Creating init config 
234609     DEBUG main            d.u.i.k.p.i.AbstractProblemLoader Init config took 3.41s 
234663     INFO  main            d.u.i.k.p.i.AbstractProblemLoader Replaying proof LinkedList[LinkedList::tail()].JML normal_behavior operation contract.0 
234760     DEBUG main            d.u.i.k.p.i.IntermediateProofReplayer Proof replay took 92.11ms 
234761     DEBUG main            d.u.i.k.p.r.p.TestFile    ... success: reloaded. 
3053639    INFO  Test worker     d.u.i.k.p.r.RunAllProofsTestUnit Returning from test VSTTE10 
3053643    INFO  Test worker     d.u.i.k.p.r.RunAllProofsTestUnit Running test WeideEtAl 
439        INFO  Timeout watchdog d.u.i.k.p.r.p.ForkedTestFileRunner Timeout watcher launched (2000 secs.) 
461        WARN  main            d.u.i.k.s.ProofSettings   The settings in /home/runner/.key/proof-settings.props are *not* read. 
544        INFO  main            d.u.i.k.p.r.p.TestFile    Now processing file /home/runner/work/key/key/key.core/../key.ui/examples/heap/WeideEtAl_01_AddAndMultiply/AddAndMultiply_add.key 
700        INFO  main            d.u.i.k.p.i.AbstractProblemLoader Loading environment from /home/runner/work/key/key/key.core/../key.ui/examples/heap/WeideEtAl_01_AddAndMultiply/AddAndMultiply_add.key 
723        DEBUG main            d.u.i.k.p.i.AbstractProblemLoader Environment load took 2.66ms 
1027       INFO  main            d.u.i.k.p.i.AbstractProblemLoader Creating init config 
2409       DEBUG main            d.u.i.k.j.TypeConverter   No LDT found for Meta 
2410       DEBUG main            d.u.i.k.j.TypeConverter   No LDT found for Meta 
2414       DEBUG main            d.u.i.k.j.TypeConverter   No LDT found for Meta 
2414       DEBUG main            d.u.i.k.j.TypeConverter   No LDT found for Meta 
4362       DEBUG main            d.u.i.k.j.TypeConverter   No LDT found for JavaBigintExpression 
10878      DEBUG main            d.u.i.k.p.i.AbstractProblemLoader Init config took 9.85s 
11065      INFO  main            d.u.i.k.p.i.AbstractProblemLoader Replaying proof AddAndMultiply[AddAndMultiply::add(int,int)].JML normal_behavior operation contract.0 
11125      DEBUG main            d.u.i.k.p.i.IntermediateProofReplayer Proof replay took 41.6ns 
13177      INFO  main            d.u.i.k.p.r.p.TestFile    ... finished proof: closed. 
13412      INFO  main            d.u.i.k.p.i.AbstractProblemLoader Loading environment from /home/runner/work/key/key/key.core/../key.ui/examples/heap/WeideEtAl_01_AddAndMultiply/AddAndMultiply_add.key.proof 
13413      DEBUG main            d.u.i.k.p.i.AbstractProblemLoader Environment load took 1.27ms 
13416      INFO  main            d.u.i.k.p.i.AbstractProblemLoader Creating init config 
17164      DEBUG main            d.u.i.k.p.i.AbstractProblemLoader Init config took 3.75s 
17246      INFO  main            d.u.i.k.p.i.AbstractProblemLoader Replaying proof AddAndMultiply[AddAndMultiply::add(int,int)].JML normal_behavior operation contract.0 
17552      DEBUG main            d.u.i.k.p.i.IntermediateProofReplayer Proof replay took 292.22ms 
17564      DEBUG main            d.u.i.k.p.r.p.TestFile    ... success: reloaded. 
17567      INFO  main            d.u.i.k.p.r.p.TestFile    Now processing file /home/runner/work/key/key/key.core/../key.ui/examples/heap/WeideEtAl_01_AddAndMultiply/AddAndMultiply_mul.key 
17567      INFO  main            d.u.i.k.p.i.AbstractProblemLoader Loading environment from /home/runner/work/key/key/key.core/../key.ui/examples/heap/WeideEtAl_01_AddAndMultiply/AddAndMultiply_mul.key 
17567      DEBUG main            d.u.i.k.p.i.AbstractProblemLoader Environment load took 137.4ns 
17571      INFO  main            d.u.i.k.p.i.AbstractProblemLoader Creating init config 
21133      DEBUG main            d.u.i.k.p.i.AbstractProblemLoader Init config took 3.56s 
21208      INFO  main            d.u.i.k.p.i.AbstractProblemLoader Replaying proof AddAndMultiply[AddAndMultiply::mul(int,int)].JML normal_behavior operation contract.0 
21212      DEBUG main            d.u.i.k.p.i.IntermediateProofReplayer Proof replay took 17.5ns 
21821      INFO  main            d.u.i.k.p.r.p.TestFile    ... finished proof: closed. 
22040      INFO  main            d.u.i.k.p.i.AbstractProblemLoader Loading environment from /home/runner/work/key/key/key.core/../key.ui/examples/heap/WeideEtAl_01_AddAndMultiply/AddAndMultiply_mul.key.proof 
22040      DEBUG main            d.u.i.k.p.i.AbstractProblemLoader Environment load took 147.9ns 
22042      INFO  main            d.u.i.k.p.i.AbstractProblemLoader Creating init config 
25217      DEBUG main            d.u.i.k.p.i.AbstractProblemLoader Init config took 3.17s 
25304      INFO  main            d.u.i.k.p.i.AbstractProblemLoader Replaying proof AddAndMultiply[AddAndMultiply::mul(int,int)].JML normal_behavior operation contract.0 
25432      DEBUG main            d.u.i.k.p.i.IntermediateProofReplayer Proof replay took 120.08ms 
25434      DEBUG main            d.u.i.k.p.r.p.TestFile    ... success: reloaded. 
25435      INFO  main            d.u.i.k.p.r.p.TestFile    Now processing file /home/runner/work/key/key/key.core/../key.ui/examples/heap/WeideEtAl_02_BinarySearch/BinarySearch_search.key 
25436      INFO  main            d.u.i.k.p.i.AbstractProblemLoader Loading environment from /home/runner/work/key/key/key.core/../key.ui/examples/heap/WeideEtAl_02_BinarySearch/BinarySearch_search.key 
25436      DEBUG main            d.u.i.k.p.i.AbstractProblemLoader Environment load took 284.1ns 
25438      INFO  main            d.u.i.k.p.i.AbstractProblemLoader Creating init config 
28697      DEBUG main            d.u.i.k.p.i.AbstractProblemLoader Init config took 3.26s 
28765      INFO  main            d.u.i.k.p.i.AbstractProblemLoader Replaying proof BinarySearch[BinarySearch::search([I,int)].JML normal_behavior operation contract.0 
28774      DEBUG main            d.u.i.k.p.i.IntermediateProofReplayer Proof replay took 6.8ns 
33114      INFO  main            d.u.i.k.p.r.p.TestFile    ... finished proof: closed. 
33365      INFO  main            d.u.i.k.p.i.AbstractProblemLoader Loading environment from /home/runner/work/key/key/key.core/../key.ui/examples/heap/WeideEtAl_02_BinarySearch/BinarySearch_search.key.proof 
33365      DEBUG main            d.u.i.k.p.i.AbstractProblemLoader Environment load took 224.2ns 
33367      INFO  main            d.u.i.k.p.i.AbstractProblemLoader Creating init config 
36506      DEBUG main            d.u.i.k.p.i.AbstractProblemLoader Init config took 3.14s 
36559      INFO  main            d.u.i.k.p.i.AbstractProblemLoader Replaying proof BinarySearch[BinarySearch::search([I,int)].JML normal_behavior operation contract.0 
37112      DEBUG main            d.u.i.k.p.i.IntermediateProofReplayer Proof replay took 527.17ms 
37114      DEBUG main            d.u.i.k.p.r.p.TestFile    ... success: reloaded. 
3090988    INFO  Test worker     d.u.i.k.p.r.RunAllProofsTestUnit Returning from test WeideEtAl 
3090990    INFO  Test worker     d.u.i.k.p.r.RunAllProofsTestUnit Running test arithmetic 
406        INFO  Timeout watchdog d.u.i.k.p.r.p.ForkedTestFileRunner Timeout watcher launched (2000 secs.) 
424        WARN  main            d.u.i.k.s.ProofSettings   The settings in /home/runner/.key/proof-settings.props are *not* read. 
461        INFO  main            d.u.i.k.p.r.p.TestFile    Now processing file /home/runner/work/key/key/key.core/../key.ui/examples/standard_key/arith/binomial1.key 
639        INFO  main            d.u.i.k.p.i.AbstractProblemLoader Loading environment from /home/runner/work/key/key/key.core/../key.ui/examples/standard_key/arith/binomial1.key 
660        DEBUG main            d.u.i.k.p.i.AbstractProblemLoader Environment load took 2.33ms 
996        INFO  main            d.u.i.k.p.i.AbstractProblemLoader Creating init config 
2107       DEBUG main            d.u.i.k.j.TypeConverter   No LDT found for Meta 
2108       DEBUG main            d.u.i.k.j.TypeConverter   No LDT found for Meta 
2112       DEBUG main            d.u.i.k.j.TypeConverter   No LDT found for Meta 
2112       DEBUG main            d.u.i.k.j.TypeConverter   No LDT found for Meta 
3884       DEBUG main            d.u.i.k.j.TypeConverter   No LDT found for JavaBigintExpression 
10420      DEBUG main            d.u.i.k.p.i.AbstractProblemLoader Init config took 9.42s 
10497      INFO  main            d.u.i.k.p.i.AbstractProblemLoader Replaying proof binomial1.key 
10544      DEBUG main            d.u.i.k.p.i.IntermediateProofReplayer Proof replay took 43.9ns 
10935      INFO  main            d.u.i.k.p.r.p.TestFile    ... finished proof: closed. 
11060      INFO  main            d.u.i.k.p.i.AbstractProblemLoader Loading environment from /home/runner/work/key/key/key.core/../key.ui/examples/standard_key/arith/binomial1.key.proof 
11060      DEBUG main            d.u.i.k.p.i.AbstractProblemLoader Environment load took 751.61ns 
11065      INFO  main            d.u.i.k.p.i.AbstractProblemLoader Creating init config 
14480      DEBUG main            d.u.i.k.p.i.AbstractProblemLoader Init config took 3.42s 
14515      INFO  main            d.u.i.k.p.i.AbstractProblemLoader Replaying proof binomial1.key.proof 
14531      DEBUG main            d.u.i.k.p.i.IntermediateProofReplayer Proof replay took 10.95ms 
14545      DEBUG main            d.u.i.k.p.r.p.TestFile    ... success: reloaded. 
14546      INFO  main            d.u.i.k.p.r.p.TestFile    Now processing file /home/runner/work/key/key/key.core/../key.ui/examples/standard_key/arith/binomial2.key 
14547      INFO  main            d.u.i.k.p.i.AbstractProblemLoader Loading environment from /home/runner/work/key/key/key.core/../key.ui/examples/standard_key/arith/binomial2.key 
14547      DEBUG main            d.u.i.k.p.i.AbstractProblemLoader Environment load took 317.5ns 
14550      INFO  main            d.u.i.k.p.i.AbstractProblemLoader Creating init config 
17811      DEBUG main            d.u.i.k.p.i.AbstractProblemLoader Init config took 3.26s 
17845      INFO  main            d.u.i.k.p.i.AbstractProblemLoader Replaying proof binomial2.key 
17851      DEBUG main            d.u.i.k.p.i.IntermediateProofReplayer Proof replay took 7.2ns 
17954      INFO  main            d.u.i.k.p.r.p.TestFile    ... finished proof: closed. 
18114      INFO  main            d.u.i.k.p.i.AbstractProblemLoader Loading environment from /home/runner/work/key/key/key.core/../key.ui/examples/standard_key/arith/binomial2.key.proof 
18117      DEBUG main            d.u.i.k.p.i.AbstractProblemLoader Environment load took 2.36ms 
18121      INFO  main            d.u.i.k.p.i.AbstractProblemLoader Creating init config 
21441      DEBUG main            d.u.i.k.p.i.AbstractProblemLoader Init config took 3.32s 
21469      INFO  main            d.u.i.k.p.i.AbstractProblemLoader Replaying proof binomial2.key.proof 
21481      DEBUG main            d.u.i.k.p.i.IntermediateProofReplayer Proof replay took 8.8ms 
21482      DEBUG main            d.u.i.k.p.r.p.TestFile    ... success: reloaded. 
21483      INFO  main            d.u.i.k.p.r.p.TestFile    Now processing file /home/runner/work/key/key/key.core/../key.ui/examples/standard_key/arith/check_jdiv.key 
21484      INFO  main            d.u.i.k.p.i.AbstractProblemLoader Loading environment from /home/runner/work/key/key/key.core/../key.ui/examples/standard_key/arith/check_jdiv.key 
21484      DEBUG main            d.u.i.k.p.i.AbstractProblemLoader Environment load took 210.7ns 
21486      INFO  main            d.u.i.k.p.i.AbstractProblemLoader Creating init config 
24601      DEBUG main            d.u.i.k.p.i.AbstractProblemLoader Init config took 3.12s 
24626      INFO  main            d.u.i.k.p.i.AbstractProblemLoader Replaying proof check_jdiv.key 
24631      DEBUG main            d.u.i.k.p.i.IntermediateProofReplayer Proof replay took 6.9ns 
31332      INFO  main            d.u.i.k.p.r.p.TestFile    ... finished proof: closed. 
31708      INFO  main            d.u.i.k.p.i.AbstractProblemLoader Loading environment from /home/runner/work/key/key/key.core/../key.ui/examples/standard_key/arith/check_jdiv.key.proof 
31709      DEBUG main            d.u.i.k.p.i.AbstractProblemLoader Environment load took 704.61ns 
31716      INFO  main            d.u.i.k.p.i.AbstractProblemLoader Creating init config 
34831      DEBUG main            d.u.i.k.p.i.AbstractProblemLoader Init config took 3.11s 
34854      INFO  main            d.u.i.k.p.i.AbstractProblemLoader Replaying proof check_jdiv.key.proof 
35302      DEBUG main            d.u.i.k.p.i.IntermediateProofReplayer Proof replay took 408.2ms 
35305      DEBUG main            d.u.i.k.p.r.p.TestFile    ... success: reloaded. 
35306      INFO  main            d.u.i.k.p.r.p.TestFile    Now processing file /home/runner/work/key/key/key.core/../key.ui/examples/standard_key/arith/check_jdiv_concrete.key 
35307      INFO  main            d.u.i.k.p.i.AbstractProblemLoader Loading environment from /home/runner/work/key/key/key.core/../key.ui/examples/standard_key/arith/check_jdiv_concrete.key 
35307      DEBUG main            d.u.i.k.p.i.AbstractProblemLoader Environment load took 580.71ns 
35309      INFO  main            d.u.i.k.p.i.AbstractProblemLoader Creating init config 
38418      DEBUG main            d.u.i.k.p.i.AbstractProblemLoader Init config took 3.11s 
38442      INFO  main            d.u.i.k.p.i.AbstractProblemLoader Replaying proof check_jdiv_concrete.key 
38445      DEBUG main            d.u.i.k.p.i.IntermediateProofReplayer Proof replay took 8.1ns 
38547      INFO  main            d.u.i.k.p.r.p.TestFile    ... finished proof: closed. 
38824      INFO  main            d.u.i.k.p.i.AbstractProblemLoader Loading environment from /home/runner/work/key/key/key.core/../key.ui/examples/standard_key/arith/check_jdiv_concrete.key.proof 
38824      DEBUG main            d.u.i.k.p.i.AbstractProblemLoader Environment load took 168.2ns 
38826      INFO  main            d.u.i.k.p.i.AbstractProblemLoader Creating init config 
42020      DEBUG main            d.u.i.k.p.i.AbstractProblemLoader Init config took 3.19s 
42057      INFO  main            d.u.i.k.p.i.AbstractProblemLoader Replaying proof check_jdiv_concrete.key.proof 
42063      DEBUG main            d.u.i.k.p.i.IntermediateProofReplayer Proof replay took 3.33ms 
42064      DEBUG main            d.u.i.k.p.r.p.TestFile    ... success: reloaded. 
42066      INFO  main            d.u.i.k.p.r.p.TestFile    Now processing file /home/runner/work/key/key/key.core/../key.ui/examples/standard_key/arith/check_jdiv_instantiated.key 
42067      INFO  main            d.u.i.k.p.i.AbstractProblemLoader Loading environment from /home/runner/work/key/key/key.core/../key.ui/examples/standard_key/arith/check_jdiv_instantiated.key 
42067      DEBUG main            d.u.i.k.p.i.AbstractProblemLoader Environment load took 340.8ns 
42069      INFO  main            d.u.i.k.p.i.AbstractProblemLoader Creating init config 
45362      DEBUG main            d.u.i.k.p.i.AbstractProblemLoader Init config took 3.29s 
45392      INFO  main            d.u.i.k.p.i.AbstractProblemLoader Replaying proof check_jdiv_instantiated.key 
45395      DEBUG main            d.u.i.k.p.i.IntermediateProofReplayer Proof replay took 8.9ns 
49950      INFO  main            d.u.i.k.p.r.p.TestFile    ... finished proof: closed. 
50231      INFO  main            d.u.i.k.p.i.AbstractProblemLoader Loading environment from /home/runner/work/key/key/key.core/../key.ui/examples/standard_key/arith/check_jdiv_instantiated.key.proof 
50231      DEBUG main            d.u.i.k.p.i.AbstractProblemLoader Environment load took 651.5ns 
50236      INFO  main            d.u.i.k.p.i.AbstractProblemLoader Creating init config 
53480      DEBUG main            d.u.i.k.p.i.AbstractProblemLoader Init config took 3.24s 
53508      INFO  main            d.u.i.k.p.i.AbstractProblemLoader Replaying proof check_jdiv_instantiated.key.proof 
53742      DEBUG main            d.u.i.k.p.i.IntermediateProofReplayer Proof replay took 199.29ms 
53745      DEBUG main            d.u.i.k.p.r.p.TestFile    ... success: reloaded. 
53747      INFO  main            d.u.i.k.p.r.p.TestFile    Now processing file /home/runner/work/key/key/key.core/../key.ui/examples/standard_key/arith/check_jmod.key 
53748      INFO  main            d.u.i.k.p.i.AbstractProblemLoader Loading environment from /home/runner/work/key/key/key.core/../key.ui/examples/standard_key/arith/check_jmod.key 
53748      DEBUG main            d.u.i.k.p.i.AbstractProblemLoader Environment load took 317.8ns 
53749      INFO  main            d.u.i.k.p.i.AbstractProblemLoader Creating init config 
57048      DEBUG main            d.u.i.k.p.i.AbstractProblemLoader Init config took 3.3s 
57070      INFO  main            d.u.i.k.p.i.AbstractProblemLoader Replaying proof check_jmod.key 
57074      DEBUG main            d.u.i.k.p.i.IntermediateProofReplayer Proof replay took 8.4ns 
57779      INFO  main            d.u.i.k.p.r.p.TestFile    ... finished proof: closed. 
58071      INFO  main            d.u.i.k.p.i.AbstractProblemLoader Loading environment from /home/runner/work/key/key/key.core/../key.ui/examples/standard_key/arith/check_jmod.key.proof 
58072      DEBUG main            d.u.i.k.p.i.AbstractProblemLoader Environment load took 612.1ns 
58074      INFO  main            d.u.i.k.p.i.AbstractProblemLoader Creating init config 
61267      DEBUG main            d.u.i.k.p.i.AbstractProblemLoader Init config took 3.19s 
61295      INFO  main            d.u.i.k.p.i.AbstractProblemLoader Replaying proof check_jmod.key.proof 
61342      DEBUG main            d.u.i.k.p.i.IntermediateProofReplayer Proof replay took 40.4ms 
61344      DEBUG main            d.u.i.k.p.r.p.TestFile    ... success: reloaded. 
61345      INFO  main            d.u.i.k.p.r.p.TestFile    Now processing file /home/runner/work/key/key/key.core/../key.ui/examples/standard_key/arith/complexExpressions.key 
61346      INFO  main            d.u.i.k.p.i.AbstractProblemLoader Loading environment from /home/runner/work/key/key/key.core/../key.ui/examples/standard_key/arith/complexExpressions.key 
61346      DEBUG main            d.u.i.k.p.i.AbstractProblemLoader Environment load took 242.4ns 
61348      INFO  main            d.u.i.k.p.i.AbstractProblemLoader Creating init config 
64633      DEBUG main            d.u.i.k.p.i.AbstractProblemLoader Init config took 3.28s 
64657      INFO  main            d.u.i.k.p.i.AbstractProblemLoader Replaying proof complexExpressions.key 
64659      DEBUG main            d.u.i.k.p.i.IntermediateProofReplayer Proof replay took 7.7ns 
64869      INFO  main            d.u.i.k.p.r.p.TestFile    ... finished proof: closed. 
65122      INFO  main            d.u.i.k.p.i.AbstractProblemLoader Loading environment from /home/runner/work/key/key/key.core/../key.ui/examples/standard_key/arith/complexExpressions.key.proof 
65123      DEBUG main            d.u.i.k.p.i.AbstractProblemLoader Environment load took 923.51ns 
65126      INFO  main            d.u.i.k.p.i.AbstractProblemLoader Creating init config 
68451      DEBUG main            d.u.i.k.p.i.AbstractProblemLoader Init config took 3.33s 
68475      INFO  main            d.u.i.k.p.i.AbstractProblemLoader Replaying proof complexExpressions.key.proof 
68488      DEBUG main            d.u.i.k.p.i.IntermediateProofReplayer Proof replay took 10.6ms 
68489      DEBUG main            d.u.i.k.p.r.p.TestFile    ... success: reloaded. 
68490      INFO  main            d.u.i.k.p.r.p.TestFile    Now processing file /home/runner/work/key/key/key.core/../key.ui/examples/standard_key/arith/compound_unaryMinus.key 
68491      INFO  main            d.u.i.k.p.i.AbstractProblemLoader Loading environment from /home/runner/work/key/key/key.core/../key.ui/examples/standard_key/arith/compound_unaryMinus.key 
68491      DEBUG main            d.u.i.k.p.i.AbstractProblemLoader Environment load took 119.2ns 
68492      INFO  main            d.u.i.k.p.i.AbstractProblemLoader Creating init config 
71762      DEBUG main            d.u.i.k.p.i.AbstractProblemLoader Init config took 3.27s 
71786      INFO  main            d.u.i.k.p.i.AbstractProblemLoader Replaying proof compound_unaryMinus.key 
71789      DEBUG main            d.u.i.k.p.i.IntermediateProofReplayer Proof replay took 9.1ns 
71891      INFO  main            d.u.i.k.p.r.p.TestFile    ... finished proof: closed. 
72098      INFO  main            d.u.i.k.p.i.AbstractProblemLoader Loading environment from /home/runner/work/key/key/key.core/../key.ui/examples/standard_key/arith/compound_unaryMinus.key.proof 
72098      DEBUG main            d.u.i.k.p.i.AbstractProblemLoader Environment load took 179.9ns 
72100      INFO  main            d.u.i.k.p.i.AbstractProblemLoader Creating init config 
75237      DEBUG main            d.u.i.k.p.i.AbstractProblemLoader Init config took 3.14s 
75257      INFO  main            d.u.i.k.p.i.AbstractProblemLoader Replaying proof compound_unaryMinus.key.proof 
75264      DEBUG main            d.u.i.k.p.i.IntermediateProofReplayer Proof replay took 4.44ms 
75265      DEBUG main            d.u.i.k.p.r.p.TestFile    ... success: reloaded. 
75266      INFO  main            d.u.i.k.p.r.p.TestFile    Now processing file /home/runner/work/key/key/key.core/../key.ui/examples/standard_key/arith/computation.key 
75268      INFO  main            d.u.i.k.p.i.AbstractProblemLoader Loading environment from /home/runner/work/key/key/key.core/../key.ui/examples/standard_key/arith/computation.key 
75268      DEBUG main            d.u.i.k.p.i.AbstractProblemLoader Environment load took 344.9ns 
75270      INFO  main            d.u.i.k.p.i.AbstractProblemLoader Creating init config 
78413      DEBUG main            d.u.i.k.p.i.AbstractProblemLoader Init config took 3.14s 
78434      INFO  main            d.u.i.k.p.i.AbstractProblemLoader Replaying proof computation.key 
78437      DEBUG main            d.u.i.k.p.i.IntermediateProofReplayer Proof replay took 10.1ns 
80427      INFO  main            d.u.i.k.p.r.p.TestFile    ... finished proof: closed. 
80722      INFO  main            d.u.i.k.p.i.AbstractProblemLoader Loading environment from /home/runner/work/key/key/key.core/../key.ui/examples/standard_key/arith/computation.key.proof 
80723      DEBUG main            d.u.i.k.p.i.AbstractProblemLoader Environment load took 517.9ns 
80725      INFO  main            d.u.i.k.p.i.AbstractProblemLoader Creating init config 
83834      DEBUG main            d.u.i.k.p.i.AbstractProblemLoader Init config took 3.11s 
83854      INFO  main            d.u.i.k.p.i.AbstractProblemLoader Replaying proof computation.key.proof 
83942      DEBUG main            d.u.i.k.p.i.IntermediateProofReplayer Proof replay took 81.27ms 
83944      DEBUG main            d.u.i.k.p.r.p.TestFile    ... success: reloaded. 
83946      INFO  main            d.u.i.k.p.r.p.TestFile    Now processing file /home/runner/work/key/key/key.core/../key.ui/examples/standard_key/arith/cubicSum.key 
83946      INFO  main            d.u.i.k.p.i.AbstractProblemLoader Loading environment from /home/runner/work/key/key/key.core/../key.ui/examples/standard_key/arith/cubicSum.key 
83946      DEBUG main            d.u.i.k.p.i.AbstractProblemLoader Environment load took 242ns 
83948      INFO  main            d.u.i.k.p.i.AbstractProblemLoader Creating init config 
87371      DEBUG main            d.u.i.k.p.i.AbstractProblemLoader Init config took 3.42s 
87391      INFO  main            d.u.i.k.p.i.AbstractProblemLoader Replaying proof cubicSum.key 
87393      DEBUG main            d.u.i.k.p.i.IntermediateProofReplayer Proof replay took 7.7ns 
88704      INFO  main            d.u.i.k.p.r.p.TestFile    ... finished proof: closed. 
89206      INFO  main            d.u.i.k.p.i.AbstractProblemLoader Loading environment from /home/runner/work/key/key/key.core/../key.ui/examples/standard_key/arith/cubicSum.key.proof 
89206      DEBUG main            d.u.i.k.p.i.AbstractProblemLoader Environment load took 714.21ns 
89209      INFO  main            d.u.i.k.p.i.AbstractProblemLoader Creating init config 
92462      DEBUG main            d.u.i.k.p.i.AbstractProblemLoader Init config took 3.25s 
92484      INFO  main            d.u.i.k.p.i.AbstractProblemLoader Replaying proof cubicSum.key.proof 
92608      DEBUG main            d.u.i.k.p.i.IntermediateProofReplayer Proof replay took 116.6ms 
92610      DEBUG main            d.u.i.k.p.r.p.TestFile    ... success: reloaded. 
92611      INFO  main            d.u.i.k.p.r.p.TestFile    Now processing file /home/runner/work/key/key/key.core/../key.ui/examples/standard_key/arith/divByZero.key 
92612      INFO  main            d.u.i.k.p.i.AbstractProblemLoader Loading environment from /home/runner/work/key/key/key.core/../key.ui/examples/standard_key/arith/divByZero.key 
92612      DEBUG main            d.u.i.k.p.i.AbstractProblemLoader Environment load took 367.2ns 
92613      INFO  main            d.u.i.k.p.i.AbstractProblemLoader Creating init config 
96109      DEBUG main            d.u.i.k.p.i.AbstractProblemLoader Init config took 3.5s 
96127      INFO  main            d.u.i.k.p.i.AbstractProblemLoader Replaying proof divByZero.key 
96130      DEBUG main            d.u.i.k.p.i.IntermediateProofReplayer Proof replay took 9.1ns 
96440      INFO  main            d.u.i.k.p.r.p.TestFile    ... finished proof: closed. 
96786      INFO  main            d.u.i.k.p.i.AbstractProblemLoader Loading environment from /home/runner/work/key/key/key.core/../key.ui/examples/standard_key/arith/divByZero.key.proof 
96786      DEBUG main            d.u.i.k.p.i.AbstractProblemLoader Environment load took 249.1ns 
96788      INFO  main            d.u.i.k.p.i.AbstractProblemLoader Creating init config 
100133     DEBUG main            d.u.i.k.p.i.AbstractProblemLoader Init config took 3.34s 
100158     INFO  main            d.u.i.k.p.i.AbstractProblemLoader Replaying proof divByZero.key.proof 
100226     DEBUG main            d.u.i.k.p.i.IntermediateProofReplayer Proof replay took 62.5ms 
100229     DEBUG main            d.u.i.k.p.r.p.TestFile    ... success: reloaded. 
100230     INFO  main            d.u.i.k.p.r.p.TestFile    Now processing file /home/runner/work/key/key/key.core/../key.ui/examples/standard_key/arith/divisionAssoc.key 
100230     INFO  main            d.u.i.k.p.i.AbstractProblemLoader Loading environment from /home/runner/work/key/key/key.core/../key.ui/examples/standard_key/arith/divisionAssoc.key 
100230     DEBUG main            d.u.i.k.p.i.AbstractProblemLoader Environment load took 128ns 
100232     INFO  main            d.u.i.k.p.i.AbstractProblemLoader Creating init config 
103635     DEBUG main            d.u.i.k.p.i.AbstractProblemLoader Init config took 3.4s 
103653     INFO  main            d.u.i.k.p.i.AbstractProblemLoader Replaying proof divisionAssoc.key 
103655     DEBUG main            d.u.i.k.p.i.IntermediateProofReplayer Proof replay took 10ns 
104571     INFO  main            d.u.i.k.p.r.p.TestFile    ... finished proof: closed. 
104890     INFO  main            d.u.i.k.p.i.AbstractProblemLoader Loading environment from /home/runner/work/key/key/key.core/../key.ui/examples/standard_key/arith/divisionAssoc.key.proof 
104891     DEBUG main            d.u.i.k.p.i.AbstractProblemLoader Environment load took 595ns 
104893     INFO  main            d.u.i.k.p.i.AbstractProblemLoader Creating init config 
108223     DEBUG main            d.u.i.k.p.i.AbstractProblemLoader Init config took 3.33s 
108242     INFO  main            d.u.i.k.p.i.AbstractProblemLoader Replaying proof divisionAssoc.key.proof 
108324     DEBUG main            d.u.i.k.p.i.IntermediateProofReplayer Proof replay took 59.38ms 
108325     DEBUG main            d.u.i.k.p.r.p.TestFile    ... success: reloaded. 
108326     INFO  main            d.u.i.k.p.r.p.TestFile    Now processing file /home/runner/work/key/key/key.core/../key.ui/examples/standard_key/arith/divisionBy2.key 
108327     INFO  main            d.u.i.k.p.i.AbstractProblemLoader Loading environment from /home/runner/work/key/key/key.core/../key.ui/examples/standard_key/arith/divisionBy2.key 
108327     DEBUG main            d.u.i.k.p.i.AbstractProblemLoader Environment load took 162.4ns 
108330     INFO  main            d.u.i.k.p.i.AbstractProblemLoader Creating init config 
111727     DEBUG main            d.u.i.k.p.i.AbstractProblemLoader Init config took 3.4s 
111747     INFO  main            d.u.i.k.p.i.AbstractProblemLoader Replaying proof divisionBy2.key 
111750     DEBUG main            d.u.i.k.p.i.IntermediateProofReplayer Proof replay took 16.7ns 
111856     INFO  main            d.u.i.k.p.r.p.TestFile    ... finished proof: closed. 
112149     INFO  main            d.u.i.k.p.i.AbstractProblemLoader Loading environment from /home/runner/work/key/key/key.core/../key.ui/examples/standard_key/arith/divisionBy2.key.proof 
112150     DEBUG main            d.u.i.k.p.i.AbstractProblemLoader Environment load took 289.4ns 
112151     INFO  main            d.u.i.k.p.i.AbstractProblemLoader Creating init config 
115338     DEBUG main            d.u.i.k.p.i.AbstractProblemLoader Init config took 3.19s 
115355     INFO  main            d.u.i.k.p.i.AbstractProblemLoader Replaying proof divisionBy2.key.proof 
115367     DEBUG main            d.u.i.k.p.i.IntermediateProofReplayer Proof replay took 9.29ms 
115369     DEBUG main            d.u.i.k.p.r.p.TestFile    ... success: reloaded. 
115370     INFO  main            d.u.i.k.p.r.p.TestFile    Now processing file /home/runner/work/key/key/key.core/../key.ui/examples/standard_key/arith/euclidean/gcdHelp-post.key 
115370     INFO  main            d.u.i.k.p.i.AbstractProblemLoader Loading environment from /home/runner/work/key/key/key.core/../key.ui/examples/standard_key/arith/euclidean/gcdHelp-post.key 
115371     DEBUG main            d.u.i.k.p.i.AbstractProblemLoader Environment load took 616.61ns 
115372     INFO  main            d.u.i.k.p.i.AbstractProblemLoader Creating init config 
118830     DEBUG main            d.u.i.k.p.i.AbstractProblemLoader Init config took 3.46s 
118849     INFO  main            d.u.i.k.p.i.AbstractProblemLoader Replaying proof gcdHelp-post.key 
118852     DEBUG main            d.u.i.k.p.i.IntermediateProofReplayer Proof replay took 10ns 
122970     INFO  main            d.u.i.k.p.r.p.TestFile    ... finished proof: closed. 
123282     INFO  main            d.u.i.k.p.i.AbstractProblemLoader Loading environment from /home/runner/work/key/key/key.core/../key.ui/examples/standard_key/arith/euclidean/gcdHelp-post.key.proof 
123282     DEBUG main            d.u.i.k.p.i.AbstractProblemLoader Environment load took 232.4ns 
123284     INFO  main            d.u.i.k.p.i.AbstractProblemLoader Creating init config 
126636     DEBUG main            d.u.i.k.p.i.AbstractProblemLoader Init config took 3.35s 
126654     INFO  main            d.u.i.k.p.i.AbstractProblemLoader Replaying proof gcdHelp-post.key.proof 
126881     DEBUG main            d.u.i.k.p.i.IntermediateProofReplayer Proof replay took 213.59ms 
126883     DEBUG main            d.u.i.k.p.r.p.TestFile    ... success: reloaded. 
126886     INFO  main            d.u.i.k.p.r.p.TestFile    Now processing file /home/runner/work/key/key/key.core/../key.ui/examples/standard_key/arith/gemplusDecimal/add.key 
126887     INFO  main            d.u.i.k.p.i.AbstractProblemLoader Loading environment from /home/runner/work/key/key/key.core/../key.ui/examples/standard_key/arith/gemplusDecimal/add.key 
126887     DEBUG main            d.u.i.k.p.i.AbstractProblemLoader Environment load took 139.3ns 
126890     INFO  main            d.u.i.k.p.i.AbstractProblemLoader Creating init config 
130313     DEBUG main            d.u.i.k.p.i.AbstractProblemLoader Init config took 3.42s 
130332     INFO  main            d.u.i.k.p.i.AbstractProblemLoader Replaying proof add.key 
130334     DEBUG main            d.u.i.k.p.i.IntermediateProofReplayer Proof replay took 17.6ns 
187058     INFO  main            d.u.i.k.p.r.p.TestFile    ... finished proof: closed. 
187576     INFO  main            d.u.i.k.p.i.AbstractProblemLoader Loading environment from /home/runner/work/key/key/key.core/../key.ui/examples/standard_key/arith/gemplusDecimal/add.key.proof 
187576     DEBUG main            d.u.i.k.p.i.AbstractProblemLoader Environment load took 511ns 
187586     INFO  main            d.u.i.k.p.i.AbstractProblemLoader Creating init config 
190710     DEBUG main            d.u.i.k.p.i.AbstractProblemLoader Init config took 3.12s 
190730     INFO  main            d.u.i.k.p.i.AbstractProblemLoader Replaying proof add.key.proof 
193649     DEBUG main            d.u.i.k.p.i.IntermediateProofReplayer Proof replay took 2.76s 
193658     DEBUG main            d.u.i.k.p.r.p.TestFile    ... success: reloaded. 
193660     INFO  main            d.u.i.k.p.r.p.TestFile    Now processing file /home/runner/work/key/key/key.core/../key.ui/examples/standard_key/arith/jdivevenodd.key 
193660     INFO  main            d.u.i.k.p.i.AbstractProblemLoader Loading environment from /home/runner/work/key/key/key.core/../key.ui/examples/standard_key/arith/jdivevenodd.key 
193661     DEBUG main            d.u.i.k.p.i.AbstractProblemLoader Environment load took 266.2ns 
193662     INFO  main            d.u.i.k.p.i.AbstractProblemLoader Creating init config 
196969     DEBUG main            d.u.i.k.p.i.AbstractProblemLoader Init config took 3.31s 
196984     INFO  main            d.u.i.k.p.i.AbstractProblemLoader Replaying proof jdivevenodd.key 
196987     DEBUG main            d.u.i.k.p.i.IntermediateProofReplayer Proof replay took 7.6ns 
197194     INFO  main            d.u.i.k.p.r.p.TestFile    ... finished proof: closed. 
197641     INFO  main            d.u.i.k.p.i.AbstractProblemLoader Loading environment from /home/runner/work/key/key/key.core/../key.ui/examples/standard_key/arith/jdivevenodd.key.proof 
197642     DEBUG main            d.u.i.k.p.i.AbstractProblemLoader Environment load took 621.8ns 
197643     INFO  main            d.u.i.k.p.i.AbstractProblemLoader Creating init config 
200792     DEBUG main            d.u.i.k.p.i.AbstractProblemLoader Init config took 3.15s 
200810     INFO  main            d.u.i.k.p.i.AbstractProblemLoader Replaying proof jdivevenodd.key.proof 
200825     DEBUG main            d.u.i.k.p.i.IntermediateProofReplayer Proof replay took 11.84ms 
200826     DEBUG main            d.u.i.k.p.r.p.TestFile    ... success: reloaded. 
200828     INFO  main            d.u.i.k.p.r.p.TestFile    Now processing file /home/runner/work/key/key/key.core/../key.ui/examples/standard_key/arith/median.key 
200828     INFO  main            d.u.i.k.p.i.AbstractProblemLoader Loading environment from /home/runner/work/key/key/key.core/../key.ui/examples/standard_key/arith/median.key 
200829     DEBUG main            d.u.i.k.p.i.AbstractProblemLoader Environment load took 240ns 
200830     INFO  main            d.u.i.k.p.i.AbstractProblemLoader Creating init config 
204157     DEBUG main            d.u.i.k.p.i.AbstractProblemLoader Init config took 3.33s 
204175     INFO  main            d.u.i.k.p.i.AbstractProblemLoader Replaying proof median.key 
204178     DEBUG main            d.u.i.k.p.i.IntermediateProofReplayer Proof replay took 8.3ns 
223650     INFO  main            d.u.i.k.p.r.p.TestFile    ... finished proof: closed. 
224077     INFO  main            d.u.i.k.p.i.AbstractProblemLoader Loading environment from /home/runner/work/key/key/key.core/../key.ui/examples/standard_key/arith/median.key.proof 
224078     DEBUG main            d.u.i.k.p.i.AbstractProblemLoader Environment load took 709.81ns 
224082     INFO  main            d.u.i.k.p.i.AbstractProblemLoader Creating init config 
227269     DEBUG main            d.u.i.k.p.i.AbstractProblemLoader Init config took 3.19s 
227287     INFO  main            d.u.i.k.p.i.AbstractProblemLoader Replaying proof median.key.proof 
228029     DEBUG main            d.u.i.k.p.i.IntermediateProofReplayer Proof replay took 684.84ms 
228033     DEBUG main            d.u.i.k.p.r.p.TestFile    ... success: reloaded. 
228034     INFO  main            d.u.i.k.p.r.p.TestFile    Now processing file /home/runner/work/key/key/key.core/../key.ui/examples/standard_key/arith/mod1.key 
228035     INFO  main            d.u.i.k.p.i.AbstractProblemLoader Loading environment from /home/runner/work/key/key/key.core/../key.ui/examples/standard_key/arith/mod1.key 
228035     DEBUG main            d.u.i.k.p.i.AbstractProblemLoader Environment load took 140.7ns 
228036     INFO  main            d.u.i.k.p.i.AbstractProblemLoader Creating init config 
231288     DEBUG main            d.u.i.k.p.i.AbstractProblemLoader Init config took 3.25s 
231306     INFO  main            d.u.i.k.p.i.AbstractProblemLoader Replaying proof mod1.key 
231309     DEBUG main            d.u.i.k.p.i.IntermediateProofReplayer Proof replay took 8.4ns 
231412     INFO  main            d.u.i.k.p.r.p.TestFile    ... finished proof: closed. 
231814     INFO  main            d.u.i.k.p.i.AbstractProblemLoader Loading environment from /home/runner/work/key/key/key.core/../key.ui/examples/standard_key/arith/mod1.key.proof 
231814     DEBUG main            d.u.i.k.p.i.AbstractProblemLoader Environment load took 126.6ns 
231815     INFO  main            d.u.i.k.p.i.AbstractProblemLoader Creating init config 
234901     DEBUG main            d.u.i.k.p.i.AbstractProblemLoader Init config took 3.09s 
234919     INFO  main            d.u.i.k.p.i.AbstractProblemLoader Replaying proof mod1.key.proof 
234924     DEBUG main            d.u.i.k.p.i.IntermediateProofReplayer Proof replay took 2.25ms 
234925     DEBUG main            d.u.i.k.p.r.p.TestFile    ... success: reloaded. 
234926     INFO  main            d.u.i.k.p.r.p.TestFile    Now processing file /home/runner/work/key/key/key.core/../key.ui/examples/standard_key/arith/mod2.key 
234927     INFO  main            d.u.i.k.p.i.AbstractProblemLoader Loading environment from /home/runner/work/key/key/key.core/../key.ui/examples/standard_key/arith/mod2.key 
234927     DEBUG main            d.u.i.k.p.i.AbstractProblemLoader Environment load took 237.5ns 
234928     INFO  main            d.u.i.k.p.i.AbstractProblemLoader Creating init config 
238060     DEBUG main            d.u.i.k.p.i.AbstractProblemLoader Init config took 3.13s 
238082     INFO  main            d.u.i.k.p.i.AbstractProblemLoader Replaying proof mod2.key 
238087     DEBUG main            d.u.i.k.p.i.IntermediateProofReplayer Proof replay took 8.8ns 
238193     INFO  main            d.u.i.k.p.r.p.TestFile    ... finished proof: closed. 
238496     INFO  main            d.u.i.k.p.i.AbstractProblemLoader Loading environment from /home/runner/work/key/key/key.core/../key.ui/examples/standard_key/arith/mod2.key.proof 
238496     DEBUG main            d.u.i.k.p.i.AbstractProblemLoader Environment load took 138.3ns 
238498     INFO  main            d.u.i.k.p.i.AbstractProblemLoader Creating init config 
241720     DEBUG main            d.u.i.k.p.i.AbstractProblemLoader Init config took 3.22s 
241740     INFO  main            d.u.i.k.p.i.AbstractProblemLoader Replaying proof mod2.key.proof 
241745     DEBUG main            d.u.i.k.p.i.IntermediateProofReplayer Proof replay took 1.83ms 
241746     DEBUG main            d.u.i.k.p.r.p.TestFile    ... success: reloaded. 
241747     INFO  main            d.u.i.k.p.r.p.TestFile    Now processing file /home/runner/work/key/key/key.core/../key.ui/examples/standard_key/arith/mod7.key 
241747     INFO  main            d.u.i.k.p.i.AbstractProblemLoader Loading environment from /home/runner/work/key/key/key.core/../key.ui/examples/standard_key/arith/mod7.key 
241747     DEBUG main            d.u.i.k.p.i.AbstractProblemLoader Environment load took 228.1ns 
241748     INFO  main            d.u.i.k.p.i.AbstractProblemLoader Creating init config 
245054     DEBUG main            d.u.i.k.p.i.AbstractProblemLoader Init config took 3.31s 
245070     INFO  main            d.u.i.k.p.i.AbstractProblemLoader Replaying proof mod7.key 
245072     DEBUG main            d.u.i.k.p.i.IntermediateProofReplayer Proof replay took 8.4ns 
245174     INFO  main            d.u.i.k.p.r.p.TestFile    ... finished proof: closed. 
245493     INFO  main            d.u.i.k.p.i.AbstractProblemLoader Loading environment from /home/runner/work/key/key/key.core/../key.ui/examples/standard_key/arith/mod7.key.proof 
245493     DEBUG main            d.u.i.k.p.i.AbstractProblemLoader Environment load took 126.9ns 
245494     INFO  main            d.u.i.k.p.i.AbstractProblemLoader Creating init config 
248659     DEBUG main            d.u.i.k.p.i.AbstractProblemLoader Init config took 3.16s 
248680     INFO  main            d.u.i.k.p.i.AbstractProblemLoader Replaying proof mod7.key.proof 
248690     DEBUG main            d.u.i.k.p.i.IntermediateProofReplayer Proof replay took 4.77ms 
248691     DEBUG main            d.u.i.k.p.r.p.TestFile    ... success: reloaded. 
248692     INFO  main            d.u.i.k.p.r.p.TestFile    Now processing file /home/runner/work/key/key/key.core/../key.ui/examples/standard_key/arith/overflow_hija.key 
248692     INFO  main            d.u.i.k.p.i.AbstractProblemLoader Loading environment from /home/runner/work/key/key/key.core/../key.ui/examples/standard_key/arith/overflow_hija.key 
248693     DEBUG main            d.u.i.k.p.i.AbstractProblemLoader Environment load took 249.4ns 
248697     INFO  main            d.u.i.k.p.i.AbstractProblemLoader Creating init config 
251999     DEBUG main            d.u.i.k.p.i.AbstractProblemLoader Init config took 3.3s 
252018     INFO  main            d.u.i.k.p.i.AbstractProblemLoader Replaying proof overflow_hija.key 
252020     DEBUG main            d.u.i.k.p.i.IntermediateProofReplayer Proof replay took 8ns 
258170     INFO  main            d.u.i.k.p.r.p.TestFile    ... finished proof: closed. 
258553     INFO  main            d.u.i.k.p.i.AbstractProblemLoader Loading environment from /home/runner/work/key/key/key.core/../key.ui/examples/standard_key/arith/overflow_hija.key.proof 
258555     DEBUG main            d.u.i.k.p.i.AbstractProblemLoader Environment load took 1.56ms 
258558     INFO  main            d.u.i.k.p.i.AbstractProblemLoader Creating init config 
261770     DEBUG main            d.u.i.k.p.i.AbstractProblemLoader Init config took 3.21s 
261791     INFO  main            d.u.i.k.p.i.AbstractProblemLoader Replaying proof overflow_hija.key.proof 
261999     DEBUG main            d.u.i.k.p.i.IntermediateProofReplayer Proof replay took 194.29ms 
262002     DEBUG main            d.u.i.k.p.r.p.TestFile    ... success: reloaded. 
262003     INFO  main            d.u.i.k.p.r.p.TestFile    Now processing file /home/runner/work/key/key/key.core/../key.ui/examples/standard_key/arith/poly_division0.key 
262004     INFO  main            d.u.i.k.p.i.AbstractProblemLoader Loading environment from /home/runner/work/key/key/key.core/../key.ui/examples/standard_key/arith/poly_division0.key 
262004     DEBUG main            d.u.i.k.p.i.AbstractProblemLoader Environment load took 315.8ns 
262005     INFO  main            d.u.i.k.p.i.AbstractProblemLoader Creating init config 
265212     DEBUG main            d.u.i.k.p.i.AbstractProblemLoader Init config took 3.21s 
265228     INFO  main            d.u.i.k.p.i.AbstractProblemLoader Replaying proof poly_division0.key 
265229     DEBUG main            d.u.i.k.p.i.IntermediateProofReplayer Proof replay took 8.8ns 
265337     INFO  main            d.u.i.k.p.r.p.TestFile    ... finished proof: closed. 
265748     INFO  main            d.u.i.k.p.i.AbstractProblemLoader Loading environment from /home/runner/work/key/key/key.core/../key.ui/examples/standard_key/arith/poly_division0.key.proof 
265748     DEBUG main            d.u.i.k.p.i.AbstractProblemLoader Environment load took 178.9ns 
265749     INFO  main            d.u.i.k.p.i.AbstractProblemLoader Creating init config 
268930     DEBUG main            d.u.i.k.p.i.AbstractProblemLoader Init config took 3.18s 
268947     INFO  main            d.u.i.k.p.i.AbstractProblemLoader Replaying proof poly_division0.key.proof 
268955     DEBUG main            d.u.i.k.p.i.IntermediateProofReplayer Proof replay took 5.33ms 
268956     DEBUG main            d.u.i.k.p.r.p.TestFile    ... success: reloaded. 
268957     INFO  main            d.u.i.k.p.r.p.TestFile    Now processing file /home/runner/work/key/key/key.core/../key.ui/examples/standard_key/arith/poly_division1.key 
268957     INFO  main            d.u.i.k.p.i.AbstractProblemLoader Loading environment from /home/runner/work/key/key/key.core/../key.ui/examples/standard_key/arith/poly_division1.key 
268957     DEBUG main            d.u.i.k.p.i.AbstractProblemLoader Environment load took 101.1ns 
268958     INFO  main            d.u.i.k.p.i.AbstractProblemLoader Creating init config 
272179     DEBUG main            d.u.i.k.p.i.AbstractProblemLoader Init config took 3.22s 
272196     INFO  main            d.u.i.k.p.i.AbstractProblemLoader Replaying proof poly_division1.key 
272198     DEBUG main            d.u.i.k.p.i.IntermediateProofReplayer Proof replay took 9.8ns 
272300     INFO  main            d.u.i.k.p.r.p.TestFile    ... finished proof: closed. 
272643     INFO  main            d.u.i.k.p.i.AbstractProblemLoader Loading environment from /home/runner/work/key/key/key.core/../key.ui/examples/standard_key/arith/poly_division1.key.proof 
272644     DEBUG main            d.u.i.k.p.i.AbstractProblemLoader Environment load took 759.61ns 
272646     INFO  main            d.u.i.k.p.i.AbstractProblemLoader Creating init config 
275810     DEBUG main            d.u.i.k.p.i.AbstractProblemLoader Init config took 3.16s 
275829     INFO  main            d.u.i.k.p.i.AbstractProblemLoader Replaying proof poly_division1.key.proof 
275836     DEBUG main            d.u.i.k.p.i.IntermediateProofReplayer Proof replay took 4.63ms 
275837     DEBUG main            d.u.i.k.p.r.p.TestFile    ... success: reloaded. 
275837     INFO  main            d.u.i.k.p.r.p.TestFile    Now processing file /home/runner/work/key/key/key.core/../key.ui/examples/standard_key/inEqSimp/division.key 
275837     INFO  main            d.u.i.k.p.i.AbstractProblemLoader Loading environment from /home/runner/work/key/key/key.core/../key.ui/examples/standard_key/inEqSimp/division.key 
275837     DEBUG main            d.u.i.k.p.i.AbstractProblemLoader Environment load took 86.1ns 
275839     INFO  main            d.u.i.k.p.i.AbstractProblemLoader Creating init config 
279081     DEBUG main            d.u.i.k.p.i.AbstractProblemLoader Init config took 3.24s 
279099     INFO  main            d.u.i.k.p.i.AbstractProblemLoader Replaying proof division.key 
279101     DEBUG main            d.u.i.k.p.i.IntermediateProofReplayer Proof replay took 8.4ns 
281843     INFO  main            d.u.i.k.p.r.p.TestFile    ... finished proof: closed. 
282206     INFO  main            d.u.i.k.p.i.AbstractProblemLoader Loading environment from /home/runner/work/key/key/key.core/../key.ui/examples/standard_key/inEqSimp/division.key.proof 
282207     DEBUG main            d.u.i.k.p.i.AbstractProblemLoader Environment load took 220.5ns 
282210     INFO  main            d.u.i.k.p.i.AbstractProblemLoader Creating init config 
285346     DEBUG main            d.u.i.k.p.i.AbstractProblemLoader Init config took 3.14s 
285362     INFO  main            d.u.i.k.p.i.AbstractProblemLoader Replaying proof division.key.proof 
285482     DEBUG main            d.u.i.k.p.i.IntermediateProofReplayer Proof replay took 109.29ms 
285483     DEBUG main            d.u.i.k.p.r.p.TestFile    ... success: reloaded. 
285484     INFO  main            d.u.i.k.p.r.p.TestFile    Now processing file /home/runner/work/key/key/key.core/../key.ui/examples/standard_key/inEqSimp/inequations0.key 
285485     INFO  main            d.u.i.k.p.i.AbstractProblemLoader Loading environment from /home/runner/work/key/key/key.core/../key.ui/examples/standard_key/inEqSimp/inequations0.key 
285485     DEBUG main            d.u.i.k.p.i.AbstractProblemLoader Environment load took 157ns 
285486     INFO  main            d.u.i.k.p.i.AbstractProblemLoader Creating init config 
288712     DEBUG main            d.u.i.k.p.i.AbstractProblemLoader Init config took 3.23s 
288728     INFO  main            d.u.i.k.p.i.AbstractProblemLoader Replaying proof inequations0.key 
288731     DEBUG main            d.u.i.k.p.i.IntermediateProofReplayer Proof replay took 48.6ns 
288833     INFO  main            d.u.i.k.p.r.p.TestFile    ... finished proof: closed. 
289224     INFO  main            d.u.i.k.p.i.AbstractProblemLoader Loading environment from /home/runner/work/key/key/key.core/../key.ui/examples/standard_key/inEqSimp/inequations0.key.proof 
289224     DEBUG main            d.u.i.k.p.i.AbstractProblemLoader Environment load took 128.7ns 
289226     INFO  main            d.u.i.k.p.i.AbstractProblemLoader Creating init config 
292370     DEBUG main            d.u.i.k.p.i.AbstractProblemLoader Init config took 3.14s 
292386     INFO  main            d.u.i.k.p.i.AbstractProblemLoader Replaying proof inequations0.key.proof 
292390     DEBUG main            d.u.i.k.p.i.IntermediateProofReplayer Proof replay took 2.17ms 
292391     DEBUG main            d.u.i.k.p.r.p.TestFile    ... success: reloaded. 
292392     INFO  main            d.u.i.k.p.r.p.TestFile    Now processing file /home/runner/work/key/key/key.core/../key.ui/examples/standard_key/inEqSimp/inequations1.key 
292392     INFO  main            d.u.i.k.p.i.AbstractProblemLoader Loading environment from /home/runner/work/key/key/key.core/../key.ui/examples/standard_key/inEqSimp/inequations1.key 
292392     DEBUG main            d.u.i.k.p.i.AbstractProblemLoader Environment load took 242.8ns 
292394     INFO  main            d.u.i.k.p.i.AbstractProblemLoader Creating init config 
295612     DEBUG main            d.u.i.k.p.i.AbstractProblemLoader Init config took 3.22s 
295628     INFO  main            d.u.i.k.p.i.AbstractProblemLoader Replaying proof inequations1.key 
295629     DEBUG main            d.u.i.k.p.i.IntermediateProofReplayer Proof replay took 3.7ns 
295732     INFO  main            d.u.i.k.p.r.p.TestFile    ... finished proof: closed. 
296095     INFO  main            d.u.i.k.p.i.AbstractProblemLoader Loading environment from /home/runner/work/key/key/key.core/../key.ui/examples/standard_key/inEqSimp/inequations1.key.proof 
296095     DEBUG main            d.u.i.k.p.i.AbstractProblemLoader Environment load took 136.4ns 
296098     INFO  main            d.u.i.k.p.i.AbstractProblemLoader Creating init config 
299247     DEBUG main            d.u.i.k.p.i.AbstractProblemLoader Init config took 3.15s 
299263     INFO  main            d.u.i.k.p.i.AbstractProblemLoader Replaying proof inequations1.key.proof 
299266     DEBUG main            d.u.i.k.p.i.IntermediateProofReplayer Proof replay took 1.16ms 
299267     DEBUG main            d.u.i.k.p.r.p.TestFile    ... success: reloaded. 
299267     INFO  main            d.u.i.k.p.r.p.TestFile    Now processing file /home/runner/work/key/key/key.core/../key.ui/examples/standard_key/inEqSimp/inequations2.key 
299267     INFO  main            d.u.i.k.p.i.AbstractProblemLoader Loading environment from /home/runner/work/key/key/key.core/../key.ui/examples/standard_key/inEqSimp/inequations2.key 
299267     DEBUG main            d.u.i.k.p.i.AbstractProblemLoader Environment load took 68.5ns 
299268     INFO  main            d.u.i.k.p.i.AbstractProblemLoader Creating init config 
302450     DEBUG main            d.u.i.k.p.i.AbstractProblemLoader Init config took 3.18s 
302466     INFO  main            d.u.i.k.p.i.AbstractProblemLoader Replaying proof inequations2.key 
302468     DEBUG main            d.u.i.k.p.i.IntermediateProofReplayer Proof replay took 4.1ns 
302570     INFO  main            d.u.i.k.p.r.p.TestFile    ... finished proof: closed. 
302937     INFO  main            d.u.i.k.p.i.AbstractProblemLoader Loading environment from /home/runner/work/key/key/key.core/../key.ui/examples/standard_key/inEqSimp/inequations2.key.proof 
302937     DEBUG main            d.u.i.k.p.i.AbstractProblemLoader Environment load took 119ns 
302938     INFO  main            d.u.i.k.p.i.AbstractProblemLoader Creating init config 
306090     DEBUG main            d.u.i.k.p.i.AbstractProblemLoader Init config took 3.15s 
306106     INFO  main            d.u.i.k.p.i.AbstractProblemLoader Replaying proof inequations2.key.proof 
306110     DEBUG main            d.u.i.k.p.i.IntermediateProofReplayer Proof replay took 1.64ms 
306112     DEBUG main            d.u.i.k.p.r.p.TestFile    ... success: reloaded. 
306112     INFO  main            d.u.i.k.p.r.p.TestFile    Now processing file /home/runner/work/key/key/key.core/../key.ui/examples/standard_key/inEqSimp/linApprox.key 
306113     INFO  main            d.u.i.k.p.i.AbstractProblemLoader Loading environment from /home/runner/work/key/key/key.core/../key.ui/examples/standard_key/inEqSimp/linApprox.key 
306113     DEBUG main            d.u.i.k.p.i.AbstractProblemLoader Environment load took 238.5ns 
306114     INFO  main            d.u.i.k.p.i.AbstractProblemLoader Creating init config 
309339     DEBUG main            d.u.i.k.p.i.AbstractProblemLoader Init config took 3.23s 
309356     INFO  main            d.u.i.k.p.i.AbstractProblemLoader Replaying proof linApprox.key 
309358     DEBUG main            d.u.i.k.p.i.IntermediateProofReplayer Proof replay took 4ns 
309461     INFO  main            d.u.i.k.p.r.p.TestFile    ... finished proof: closed. 
309832     INFO  main            d.u.i.k.p.i.AbstractProblemLoader Loading environment from /home/runner/work/key/key/key.core/../key.ui/examples/standard_key/inEqSimp/linApprox.key.proof 
309832     DEBUG main            d.u.i.k.p.i.AbstractProblemLoader Environment load took 119.5ns 
309834     INFO  main            d.u.i.k.p.i.AbstractProblemLoader Creating init config 
312932     DEBUG main            d.u.i.k.p.i.AbstractProblemLoader Init config took 3.1s 
312948     INFO  main            d.u.i.k.p.i.AbstractProblemLoader Replaying proof linApprox.key.proof 
312952     DEBUG main            d.u.i.k.p.i.IntermediateProofReplayer Proof replay took 1.82ms 
312953     DEBUG main            d.u.i.k.p.r.p.TestFile    ... success: reloaded. 
312954     INFO  main            d.u.i.k.p.r.p.TestFile    Now processing file /home/runner/work/key/key/key.core/../key.ui/examples/standard_key/inEqSimp/nonLinInEqExample0.key 
312954     INFO  main            d.u.i.k.p.i.AbstractProblemLoader Loading environment from /home/runner/work/key/key/key.core/../key.ui/examples/standard_key/inEqSimp/nonLinInEqExample0.key 
312954     DEBUG main            d.u.i.k.p.i.AbstractProblemLoader Environment load took 72.4ns 
312955     INFO  main            d.u.i.k.p.i.AbstractProblemLoader Creating init config 
316168     DEBUG main            d.u.i.k.p.i.AbstractProblemLoader Init config took 3.21s 
316184     INFO  main            d.u.i.k.p.i.AbstractProblemLoader Replaying proof nonLinInEqExample0.key 
316186     DEBUG main            d.u.i.k.p.i.IntermediateProofReplayer Proof replay took 3.9ns 
316289     INFO  main            d.u.i.k.p.r.p.TestFile    ... finished proof: closed. 
316673     INFO  main            d.u.i.k.p.i.AbstractProblemLoader Loading environment from /home/runner/work/key/key/key.core/../key.ui/examples/standard_key/inEqSimp/nonLinInEqExample0.key.proof 
316673     DEBUG main            d.u.i.k.p.i.AbstractProblemLoader Environment load took 119.9ns 
316674     INFO  main            d.u.i.k.p.i.AbstractProblemLoader Creating init config 
319849     DEBUG main            d.u.i.k.p.i.AbstractProblemLoader Init config took 3.17s 
319865     INFO  main            d.u.i.k.p.i.AbstractProblemLoader Replaying proof nonLinInEqExample0.key.proof 
319867     DEBUG main            d.u.i.k.p.i.IntermediateProofReplayer Proof replay took 761.31ns 
319868     DEBUG main            d.u.i.k.p.r.p.TestFile    ... success: reloaded. 
319869     INFO  main            d.u.i.k.p.r.p.TestFile    Now processing file /home/runner/work/key/key/key.core/../key.ui/examples/standard_key/inEqSimp/nonLinInEqExample2.key 
319869     INFO  main            d.u.i.k.p.i.AbstractProblemLoader Loading environment from /home/runner/work/key/key/key.core/../key.ui/examples/standard_key/inEqSimp/nonLinInEqExample2.key 
319869     DEBUG main            d.u.i.k.p.i.AbstractProblemLoader Environment load took 125.3ns 
319871     INFO  main            d.u.i.k.p.i.AbstractProblemLoader Creating init config 
323027     DEBUG main            d.u.i.k.p.i.AbstractProblemLoader Init config took 3.16s 
323066     INFO  main            d.u.i.k.p.i.AbstractProblemLoader Replaying proof nonLinInEqExample2.key 
323069     DEBUG main            d.u.i.k.p.i.IntermediateProofReplayer Proof replay took 4.4ns 
323475     INFO  main            d.u.i.k.p.r.p.TestFile    ... finished proof: closed. 
323868     INFO  main            d.u.i.k.p.i.AbstractProblemLoader Loading environment from /home/runner/work/key/key/key.core/../key.ui/examples/standard_key/inEqSimp/nonLinInEqExample2.key.proof 
323868     DEBUG main            d.u.i.k.p.i.AbstractProblemLoader Environment load took 667.01ns 
323870     INFO  main            d.u.i.k.p.i.AbstractProblemLoader Creating init config 
327018     DEBUG main            d.u.i.k.p.i.AbstractProblemLoader Init config took 3.15s 
327035     INFO  main            d.u.i.k.p.i.AbstractProblemLoader Replaying proof nonLinInEqExample2.key.proof 
327066     DEBUG main            d.u.i.k.p.i.IntermediateProofReplayer Proof replay took 27.3ms 
327067     DEBUG main            d.u.i.k.p.r.p.TestFile    ... success: reloaded. 
327068     INFO  main            d.u.i.k.p.r.p.TestFile    Now processing file /home/runner/work/key/key/key.core/../key.ui/examples/standard_key/inEqSimp/nonLinInEqExample3.key 
327069     INFO  main            d.u.i.k.p.i.AbstractProblemLoader Loading environment from /home/runner/work/key/key/key.core/../key.ui/examples/standard_key/inEqSimp/nonLinInEqExample3.key 
327069     DEBUG main            d.u.i.k.p.i.AbstractProblemLoader Environment load took 157ns 
327070     INFO  main            d.u.i.k.p.i.AbstractProblemLoader Creating init config 
330279     DEBUG main            d.u.i.k.p.i.AbstractProblemLoader Init config took 3.21s 
330294     INFO  main            d.u.i.k.p.i.AbstractProblemLoader Replaying proof nonLinInEqExample3.key 
330295     DEBUG main            d.u.i.k.p.i.IntermediateProofReplayer Proof replay took 3.4ns 
330598     INFO  main            d.u.i.k.p.r.p.TestFile    ... finished proof: closed. 
331019     INFO  main            d.u.i.k.p.i.AbstractProblemLoader Loading environment from /home/runner/work/key/key/key.core/../key.ui/examples/standard_key/inEqSimp/nonLinInEqExample3.key.proof 
331020     DEBUG main            d.u.i.k.p.i.AbstractProblemLoader Environment load took 1.12ms 
331021     INFO  main            d.u.i.k.p.i.AbstractProblemLoader Creating init config 
334137     DEBUG main            d.u.i.k.p.i.AbstractProblemLoader Init config took 3.12s 
334153     INFO  main            d.u.i.k.p.i.AbstractProblemLoader Replaying proof nonLinInEqExample3.key.proof 
334172     DEBUG main            d.u.i.k.p.i.IntermediateProofReplayer Proof replay took 16.08ms 
334173     DEBUG main            d.u.i.k.p.r.p.TestFile    ... success: reloaded. 
334174     INFO  main            d.u.i.k.p.r.p.TestFile    Now processing file /home/runner/work/key/key/key.core/../key.ui/examples/standard_key/inEqSimp/nonLinInEqExample4.key 
334174     INFO  main            d.u.i.k.p.i.AbstractProblemLoader Loading environment from /home/runner/work/key/key/key.core/../key.ui/examples/standard_key/inEqSimp/nonLinInEqExample4.key 
334174     DEBUG main            d.u.i.k.p.i.AbstractProblemLoader Environment load took 118.9ns 
334175     INFO  main            d.u.i.k.p.i.AbstractProblemLoader Creating init config 
337377     DEBUG main            d.u.i.k.p.i.AbstractProblemLoader Init config took 3.2s 
337394     INFO  main            d.u.i.k.p.i.AbstractProblemLoader Replaying proof nonLinInEqExample4.key 
337396     DEBUG main            d.u.i.k.p.i.IntermediateProofReplayer Proof replay took 4.2ns 
337505     INFO  main            d.u.i.k.p.r.p.TestFile    ... finished proof: closed. 
337921     INFO  main            d.u.i.k.p.i.AbstractProblemLoader Loading environment from /home/runner/work/key/key/key.core/../key.ui/examples/standard_key/inEqSimp/nonLinInEqExample4.key.proof 
337922     DEBUG main            d.u.i.k.p.i.AbstractProblemLoader Environment load took 213.6ns 
337923     INFO  main            d.u.i.k.p.i.AbstractProblemLoader Creating init config 
341075     DEBUG main            d.u.i.k.p.i.AbstractProblemLoader Init config took 3.15s 
341092     INFO  main            d.u.i.k.p.i.AbstractProblemLoader Replaying proof nonLinInEqExample4.key.proof 
341098     DEBUG main            d.u.i.k.p.i.IntermediateProofReplayer Proof replay took 4.08ms 
341099     DEBUG main            d.u.i.k.p.r.p.TestFile    ... success: reloaded. 
341100     INFO  main            d.u.i.k.p.r.p.TestFile    Now processing file /home/runner/work/key/key/key.core/../key.ui/examples/standard_key/inEqSimp/quadraticInEq.key 
341100     INFO  main            d.u.i.k.p.i.AbstractProblemLoader Loading environment from /home/runner/work/key/key/key.core/../key.ui/examples/standard_key/inEqSimp/quadraticInEq.key 
341100     DEBUG main            d.u.i.k.p.i.AbstractProblemLoader Environment load took 112.8ns 
341102     INFO  main            d.u.i.k.p.i.AbstractProblemLoader Creating init config 
344309     DEBUG main            d.u.i.k.p.i.AbstractProblemLoader Init config took 3.21s 
344324     INFO  main            d.u.i.k.p.i.AbstractProblemLoader Replaying proof quadraticInEq.key 
344327     DEBUG main            d.u.i.k.p.i.IntermediateProofReplayer Proof replay took 3.9ns 
344852     INFO  main            d.u.i.k.p.r.p.TestFile    ... finished proof: closed. 
345273     INFO  main            d.u.i.k.p.i.AbstractProblemLoader Loading environment from /home/runner/work/key/key/key.core/../key.ui/examples/standard_key/inEqSimp/quadraticInEq.key.proof 
345273     DEBUG main            d.u.i.k.p.i.AbstractProblemLoader Environment load took 133.3ns 
345275     INFO  main            d.u.i.k.p.i.AbstractProblemLoader Creating init config 
348479     DEBUG main            d.u.i.k.p.i.AbstractProblemLoader Init config took 3.2s 
348496     INFO  main            d.u.i.k.p.i.AbstractProblemLoader Replaying proof quadraticInEq.key.proof 
348543     DEBUG main            d.u.i.k.p.i.IntermediateProofReplayer Proof replay took 42.14ms 
348545     DEBUG main            d.u.i.k.p.r.p.TestFile    ... success: reloaded. 
348546     INFO  main            d.u.i.k.p.r.p.TestFile    Now processing file /home/runner/work/key/key/key.core/../key.ui/examples/standard_key/inEqSimp/quadraticInEq10.key 
348546     INFO  main            d.u.i.k.p.i.AbstractProblemLoader Loading environment from /home/runner/work/key/key/key.core/../key.ui/examples/standard_key/inEqSimp/quadraticInEq10.key 
348547     DEBUG main            d.u.i.k.p.i.AbstractProblemLoader Environment load took 114ns 
348548     INFO  main            d.u.i.k.p.i.AbstractProblemLoader Creating init config 
351786     DEBUG main            d.u.i.k.p.i.AbstractProblemLoader Init config took 3.24s 
351801     INFO  main            d.u.i.k.p.i.AbstractProblemLoader Replaying proof quadraticInEq10.key 
351804     DEBUG main            d.u.i.k.p.i.IntermediateProofReplayer Proof replay took 4ns 
352110     INFO  main            d.u.i.k.p.r.p.TestFile    ... finished proof: closed. 
352523     INFO  main            d.u.i.k.p.i.AbstractProblemLoader Loading environment from /home/runner/work/key/key/key.core/../key.ui/examples/standard_key/inEqSimp/quadraticInEq10.key.proof 
352523     DEBUG main            d.u.i.k.p.i.AbstractProblemLoader Environment load took 128.8ns 
352524     INFO  main            d.u.i.k.p.i.AbstractProblemLoader Creating init config 
355693     DEBUG main            d.u.i.k.p.i.AbstractProblemLoader Init config took 3.17s 
355709     INFO  main            d.u.i.k.p.i.AbstractProblemLoader Replaying proof quadraticInEq10.key.proof 
355726     DEBUG main            d.u.i.k.p.i.IntermediateProofReplayer Proof replay took 14.2ms 
355728     DEBUG main            d.u.i.k.p.r.p.TestFile    ... success: reloaded. 
355729     INFO  main            d.u.i.k.p.r.p.TestFile    Now processing file /home/runner/work/key/key/key.core/../key.ui/examples/standard_key/inEqSimp/quadraticInEq13.key 
355730     INFO  main            d.u.i.k.p.i.AbstractProblemLoader Loading environment from /home/runner/work/key/key/key.core/../key.ui/examples/standard_key/inEqSimp/quadraticInEq13.key 
355730     DEBUG main            d.u.i.k.p.i.AbstractProblemLoader Environment load took 240.7ns 
355731     INFO  main            d.u.i.k.p.i.AbstractProblemLoader Creating init config 
358971     DEBUG main            d.u.i.k.p.i.AbstractProblemLoader Init config took 3.24s 
358986     INFO  main            d.u.i.k.p.i.AbstractProblemLoader Replaying proof quadraticInEq13.key 
358988     DEBUG main            d.u.i.k.p.i.IntermediateProofReplayer Proof replay took 3.8ns 
359293     INFO  main            d.u.i.k.p.r.p.TestFile    ... finished proof: closed. 
359738     INFO  main            d.u.i.k.p.i.AbstractProblemLoader Loading environment from /home/runner/work/key/key/key.core/../key.ui/examples/standard_key/inEqSimp/quadraticInEq13.key.proof 
359738     DEBUG main            d.u.i.k.p.i.AbstractProblemLoader Environment load took 115.2ns 
359740     INFO  main            d.u.i.k.p.i.AbstractProblemLoader Creating init config 
362881     DEBUG main            d.u.i.k.p.i.AbstractProblemLoader Init config took 3.14s 
362897     INFO  main            d.u.i.k.p.i.AbstractProblemLoader Replaying proof quadraticInEq13.key.proof 
362913     DEBUG main            d.u.i.k.p.i.IntermediateProofReplayer Proof replay took 13.1ms 
362914     DEBUG main            d.u.i.k.p.r.p.TestFile    ... success: reloaded. 
362915     INFO  main            d.u.i.k.p.r.p.TestFile    Now processing file /home/runner/work/key/key/key.core/../key.ui/examples/standard_key/inEqSimp/quadraticInEq14.key 
362916     INFO  main            d.u.i.k.p.i.AbstractProblemLoader Loading environment from /home/runner/work/key/key/key.core/../key.ui/examples/standard_key/inEqSimp/quadraticInEq14.key 
362916     DEBUG main            d.u.i.k.p.i.AbstractProblemLoader Environment load took 67.8ns 
362917     INFO  main            d.u.i.k.p.i.AbstractProblemLoader Creating init config 
366111     DEBUG main            d.u.i.k.p.i.AbstractProblemLoader Init config took 3.19s 
366127     INFO  main            d.u.i.k.p.i.AbstractProblemLoader Replaying proof quadraticInEq14.key 
366129     DEBUG main            d.u.i.k.p.i.IntermediateProofReplayer Proof replay took 4.2ns 
366434     INFO  main            d.u.i.k.p.r.p.TestFile    ... finished proof: closed. 
366900     INFO  main            d.u.i.k.p.i.AbstractProblemLoader Loading environment from /home/runner/work/key/key/key.core/../key.ui/examples/standard_key/inEqSimp/quadraticInEq14.key.proof 
366900     DEBUG main            d.u.i.k.p.i.AbstractProblemLoader Environment load took 130.9ns 
366901     INFO  main            d.u.i.k.p.i.AbstractProblemLoader Creating init config 
370122     DEBUG main            d.u.i.k.p.i.AbstractProblemLoader Init config took 3.22s 
370137     INFO  main            d.u.i.k.p.i.AbstractProblemLoader Replaying proof quadraticInEq14.key.proof 
370158     DEBUG main            d.u.i.k.p.i.IntermediateProofReplayer Proof replay took 16.73ms 
370159     DEBUG main            d.u.i.k.p.r.p.TestFile    ... success: reloaded. 
370162     INFO  main            d.u.i.k.p.r.p.TestFile    Now processing file /home/runner/work/key/key/key.core/../key.ui/examples/standard_key/inEqSimp/quadraticInEq2.key 
370162     INFO  main            d.u.i.k.p.i.AbstractProblemLoader Loading environment from /home/runner/work/key/key/key.core/../key.ui/examples/standard_key/inEqSimp/quadraticInEq2.key 
370162     DEBUG main            d.u.i.k.p.i.AbstractProblemLoader Environment load took 123.6ns 
370163     INFO  main            d.u.i.k.p.i.AbstractProblemLoader Creating init config 
373388     DEBUG main            d.u.i.k.p.i.AbstractProblemLoader Init config took 3.22s 
373404     INFO  main            d.u.i.k.p.i.AbstractProblemLoader Replaying proof quadraticInEq2.key 
373429     DEBUG main            d.u.i.k.p.i.IntermediateProofReplayer Proof replay took 4.9ns 
373533     INFO  main            d.u.i.k.p.r.p.TestFile    ... finished proof: closed. 
373982     INFO  main            d.u.i.k.p.i.AbstractProblemLoader Loading environment from /home/runner/work/key/key/key.core/../key.ui/examples/standard_key/inEqSimp/quadraticInEq2.key.proof 
373983     DEBUG main            d.u.i.k.p.i.AbstractProblemLoader Environment load took 109.5ns 
373984     INFO  main            d.u.i.k.p.i.AbstractProblemLoader Creating init config 
377046     DEBUG main            d.u.i.k.p.i.AbstractProblemLoader Init config took 3.06s 
377062     INFO  main            d.u.i.k.p.i.AbstractProblemLoader Replaying proof quadraticInEq2.key.proof 
377066     DEBUG main            d.u.i.k.p.i.IntermediateProofReplayer Proof replay took 2.64ms 
377067     DEBUG main            d.u.i.k.p.r.p.TestFile    ... success: reloaded. 
377068     INFO  main            d.u.i.k.p.r.p.TestFile    Now processing file /home/runner/work/key/key/key.core/../key.ui/examples/standard_key/inEqSimp/quadraticInEq3.key 
377068     INFO  main            d.u.i.k.p.i.AbstractProblemLoader Loading environment from /home/runner/work/key/key/key.core/../key.ui/examples/standard_key/inEqSimp/quadraticInEq3.key 
377068     DEBUG main            d.u.i.k.p.i.AbstractProblemLoader Environment load took 151.7ns 
377069     INFO  main            d.u.i.k.p.i.AbstractProblemLoader Creating init config 
380218     DEBUG main            d.u.i.k.p.i.AbstractProblemLoader Init config took 3.15s 
380237     INFO  main            d.u.i.k.p.i.AbstractProblemLoader Replaying proof quadraticInEq3.key 
380239     DEBUG main            d.u.i.k.p.i.IntermediateProofReplayer Proof replay took 4.4ns 
380341     INFO  main            d.u.i.k.p.r.p.TestFile    ... finished proof: closed. 
380788     INFO  main            d.u.i.k.p.i.AbstractProblemLoader Loading environment from /home/runner/work/key/key/key.core/../key.ui/examples/standard_key/inEqSimp/quadraticInEq3.key.proof 
380788     DEBUG main            d.u.i.k.p.i.AbstractProblemLoader Environment load took 115.7ns 
380789     INFO  main            d.u.i.k.p.i.AbstractProblemLoader Creating init config 
383951     DEBUG main            d.u.i.k.p.i.AbstractProblemLoader Init config took 3.16s 
383968     INFO  main            d.u.i.k.p.i.AbstractProblemLoader Replaying proof quadraticInEq3.key.proof 
383976     DEBUG main            d.u.i.k.p.i.IntermediateProofReplayer Proof replay took 6.22ms 
383977     DEBUG main            d.u.i.k.p.r.p.TestFile    ... success: reloaded. 
383978     INFO  main            d.u.i.k.p.r.p.TestFile    Now processing file /home/runner/work/key/key/key.core/../key.ui/examples/standard_key/inEqSimp/quadraticInEq4.key 
383978     INFO  main            d.u.i.k.p.i.AbstractProblemLoader Loading environment from /home/runner/work/key/key/key.core/../key.ui/examples/standard_key/inEqSimp/quadraticInEq4.key 
383978     DEBUG main            d.u.i.k.p.i.AbstractProblemLoader Environment load took 106.7ns 
383979     INFO  main            d.u.i.k.p.i.AbstractProblemLoader Creating init config 
387170     DEBUG main            d.u.i.k.p.i.AbstractProblemLoader Init config took 3.19s 
387186     INFO  main            d.u.i.k.p.i.AbstractProblemLoader Replaying proof quadraticInEq4.key 
387187     DEBUG main            d.u.i.k.p.i.IntermediateProofReplayer Proof replay took 3.7ns 
387290     INFO  main            d.u.i.k.p.r.p.TestFile    ... finished proof: closed. 
387743     INFO  main            d.u.i.k.p.i.AbstractProblemLoader Loading environment from /home/runner/work/key/key/key.core/../key.ui/examples/standard_key/inEqSimp/quadraticInEq4.key.proof 
387743     DEBUG main            d.u.i.k.p.i.AbstractProblemLoader Environment load took 115.3ns 
387745     INFO  main            d.u.i.k.p.i.AbstractProblemLoader Creating init config 
390886     DEBUG main            d.u.i.k.p.i.AbstractProblemLoader Init config took 3.14s 
390907     INFO  main            d.u.i.k.p.i.AbstractProblemLoader Replaying proof quadraticInEq4.key.proof 
390915     DEBUG main            d.u.i.k.p.i.IntermediateProofReplayer Proof replay took 4.33ms 
390916     DEBUG main            d.u.i.k.p.r.p.TestFile    ... success: reloaded. 
390918     INFO  main            d.u.i.k.p.r.p.TestFile    Now processing file /home/runner/work/key/key/key.core/../key.ui/examples/standard_key/inEqSimp/quadraticInEq5.key 
390918     INFO  main            d.u.i.k.p.i.AbstractProblemLoader Loading environment from /home/runner/work/key/key/key.core/../key.ui/examples/standard_key/inEqSimp/quadraticInEq5.key 
390918     DEBUG main            d.u.i.k.p.i.AbstractProblemLoader Environment load took 121.8ns 
390920     INFO  main            d.u.i.k.p.i.AbstractProblemLoader Creating init config 
394119     DEBUG main            d.u.i.k.p.i.AbstractProblemLoader Init config took 3.2s 
394136     INFO  main            d.u.i.k.p.i.AbstractProblemLoader Replaying proof quadraticInEq5.key 
394137     DEBUG main            d.u.i.k.p.i.IntermediateProofReplayer Proof replay took 4.5ns 
394240     INFO  main            d.u.i.k.p.r.p.TestFile    ... finished proof: closed. 
394705     INFO  main            d.u.i.k.p.i.AbstractProblemLoader Loading environment from /home/runner/work/key/key/key.core/../key.ui/examples/standard_key/inEqSimp/quadraticInEq5.key.proof 
394705     DEBUG main            d.u.i.k.p.i.AbstractProblemLoader Environment load took 129.1ns 
394707     INFO  main            d.u.i.k.p.i.AbstractProblemLoader Creating init config 
397736     DEBUG main            d.u.i.k.p.i.AbstractProblemLoader Init config took 3.03s 
397752     INFO  main            d.u.i.k.p.i.AbstractProblemLoader Replaying proof quadraticInEq5.key.proof 
397758     DEBUG main            d.u.i.k.p.i.IntermediateProofReplayer Proof replay took 3.94ms 
397759     DEBUG main            d.u.i.k.p.r.p.TestFile    ... success: reloaded. 
397760     INFO  main            d.u.i.k.p.r.p.TestFile    Now processing file /home/runner/work/key/key/key.core/../key.ui/examples/standard_key/inEqSimp/quadraticInEq6.key 
397760     INFO  main            d.u.i.k.p.i.AbstractProblemLoader Loading environment from /home/runner/work/key/key/key.core/../key.ui/examples/standard_key/inEqSimp/quadraticInEq6.key 
397760     DEBUG main            d.u.i.k.p.i.AbstractProblemLoader Environment load took 65.3ns 
397761     INFO  main            d.u.i.k.p.i.AbstractProblemLoader Creating init config 
400887     DEBUG main            d.u.i.k.p.i.AbstractProblemLoader Init config took 3.13s 
400905     INFO  main            d.u.i.k.p.i.AbstractProblemLoader Replaying proof quadraticInEq6.key 
400908     DEBUG main            d.u.i.k.p.i.IntermediateProofReplayer Proof replay took 3.8ns 
401010     INFO  main            d.u.i.k.p.r.p.TestFile    ... finished proof: closed. 
401464     INFO  main            d.u.i.k.p.i.AbstractProblemLoader Loading environment from /home/runner/work/key/key/key.core/../key.ui/examples/standard_key/inEqSimp/quadraticInEq6.key.proof 
401464     DEBUG main            d.u.i.k.p.i.AbstractProblemLoader Environment load took 107ns 
401465     INFO  main            d.u.i.k.p.i.AbstractProblemLoader Creating init config 
404525     DEBUG main            d.u.i.k.p.i.AbstractProblemLoader Init config took 3.06s 
404540     INFO  main            d.u.i.k.p.i.AbstractProblemLoader Replaying proof quadraticInEq6.key.proof 
404546     DEBUG main            d.u.i.k.p.i.IntermediateProofReplayer Proof replay took 4.53ms 
404547     DEBUG main            d.u.i.k.p.r.p.TestFile    ... success: reloaded. 
404548     INFO  main            d.u.i.k.p.r.p.TestFile    Now processing file /home/runner/work/key/key/key.core/../key.ui/examples/standard_key/inEqSimp/quadraticInEq7.key 
404548     INFO  main            d.u.i.k.p.i.AbstractProblemLoader Loading environment from /home/runner/work/key/key/key.core/../key.ui/examples/standard_key/inEqSimp/quadraticInEq7.key 
404548     DEBUG main            d.u.i.k.p.i.AbstractProblemLoader Environment load took 87.2ns 
404549     INFO  main            d.u.i.k.p.i.AbstractProblemLoader Creating init config 
407621     DEBUG main            d.u.i.k.p.i.AbstractProblemLoader Init config took 3.07s 
407637     INFO  main            d.u.i.k.p.i.AbstractProblemLoader Replaying proof quadraticInEq7.key 
407639     DEBUG main            d.u.i.k.p.i.IntermediateProofReplayer Proof replay took 4.2ns 
407741     INFO  main            d.u.i.k.p.r.p.TestFile    ... finished proof: closed. 
408215     INFO  main            d.u.i.k.p.i.AbstractProblemLoader Loading environment from /home/runner/work/key/key/key.core/../key.ui/examples/standard_key/inEqSimp/quadraticInEq7.key.proof 
408215     DEBUG main            d.u.i.k.p.i.AbstractProblemLoader Environment load took 100.7ns 
408217     INFO  main            d.u.i.k.p.i.AbstractProblemLoader Creating init config 
411294     DEBUG main            d.u.i.k.p.i.AbstractProblemLoader Init config took 3.08s 
411313     INFO  main            d.u.i.k.p.i.AbstractProblemLoader Replaying proof quadraticInEq7.key.proof 
411317     DEBUG main            d.u.i.k.p.i.IntermediateProofReplayer Proof replay took 1.93ms 
411318     DEBUG main            d.u.i.k.p.r.p.TestFile    ... success: reloaded. 
411318     INFO  main            d.u.i.k.p.r.p.TestFile    Now processing file /home/runner/work/key/key/key.core/../key.ui/examples/standard_key/inEqSimp/quadraticInEq8.key 
411319     INFO  main            d.u.i.k.p.i.AbstractProblemLoader Loading environment from /home/runner/work/key/key/key.core/../key.ui/examples/standard_key/inEqSimp/quadraticInEq8.key 
411319     DEBUG main            d.u.i.k.p.i.AbstractProblemLoader Environment load took 99.6ns 
411320     INFO  main            d.u.i.k.p.i.AbstractProblemLoader Creating init config 
414423     DEBUG main            d.u.i.k.p.i.AbstractProblemLoader Init config took 3.1s 
414439     INFO  main            d.u.i.k.p.i.AbstractProblemLoader Replaying proof quadraticInEq8.key 
414440     DEBUG main            d.u.i.k.p.i.IntermediateProofReplayer Proof replay took 3.5ns 
414643     INFO  main            d.u.i.k.p.r.p.TestFile    ... finished proof: closed. 
415118     INFO  main            d.u.i.k.p.i.AbstractProblemLoader Loading environment from /home/runner/work/key/key/key.core/../key.ui/examples/standard_key/inEqSimp/quadraticInEq8.key.proof 
415118     DEBUG main            d.u.i.k.p.i.AbstractProblemLoader Environment load took 91.7ns 
415120     INFO  main            d.u.i.k.p.i.AbstractProblemLoader Creating init config 
418109     DEBUG main            d.u.i.k.p.i.AbstractProblemLoader Init config took 2.99s 
418124     INFO  main            d.u.i.k.p.i.AbstractProblemLoader Replaying proof quadraticInEq8.key.proof 
418133     DEBUG main            d.u.i.k.p.i.IntermediateProofReplayer Proof replay took 5.97ms 
418134     DEBUG main            d.u.i.k.p.r.p.TestFile    ... success: reloaded. 
418135     INFO  main            d.u.i.k.p.r.p.TestFile    Now processing file /home/runner/work/key/key/key.core/../key.ui/examples/standard_key/inEqSimp/simplify0.key 
418135     INFO  main            d.u.i.k.p.i.AbstractProblemLoader Loading environment from /home/runner/work/key/key/key.core/../key.ui/examples/standard_key/inEqSimp/simplify0.key 
418135     DEBUG main            d.u.i.k.p.i.AbstractProblemLoader Environment load took 142.4ns 
418137     INFO  main            d.u.i.k.p.i.AbstractProblemLoader Creating init config 
421267     DEBUG main            d.u.i.k.p.i.AbstractProblemLoader Init config took 3.13s 
421283     INFO  main            d.u.i.k.p.i.AbstractProblemLoader Replaying proof simplify0.key 
421285     DEBUG main            d.u.i.k.p.i.IntermediateProofReplayer Proof replay took 3.8ns 
421387     INFO  main            d.u.i.k.p.r.p.TestFile    ... finished proof: closed. 
421885     INFO  main            d.u.i.k.p.i.AbstractProblemLoader Loading environment from /home/runner/work/key/key/key.core/../key.ui/examples/standard_key/inEqSimp/simplify0.key.proof 
421885     DEBUG main            d.u.i.k.p.i.AbstractProblemLoader Environment load took 121.4ns 
421886     INFO  main            d.u.i.k.p.i.AbstractProblemLoader Creating init config 
424990     DEBUG main            d.u.i.k.p.i.AbstractProblemLoader Init config took 3.1s 
425009     INFO  main            d.u.i.k.p.i.AbstractProblemLoader Replaying proof simplify0.key.proof 
425012     DEBUG main            d.u.i.k.p.i.IntermediateProofReplayer Proof replay took 1.08ms 
425013     DEBUG main            d.u.i.k.p.r.p.TestFile    ... success: reloaded. 
425013     INFO  main            d.u.i.k.p.r.p.TestFile    Now processing file /home/runner/work/key/key/key.core/../key.ui/examples/standard_key/inEqSimp/simplify1.key 
425013     INFO  main            d.u.i.k.p.i.AbstractProblemLoader Loading environment from /home/runner/work/key/key/key.core/../key.ui/examples/standard_key/inEqSimp/simplify1.key 
425013     DEBUG main            d.u.i.k.p.i.AbstractProblemLoader Environment load took 58.8ns 
425014     INFO  main            d.u.i.k.p.i.AbstractProblemLoader Creating init config 
428167     DEBUG main            d.u.i.k.p.i.AbstractProblemLoader Init config took 3.15s 
428182     INFO  main            d.u.i.k.p.i.AbstractProblemLoader Replaying proof simplify1.key 
428183     DEBUG main            d.u.i.k.p.i.IntermediateProofReplayer Proof replay took 3.5ns 
428285     INFO  main            d.u.i.k.p.r.p.TestFile    ... finished proof: closed. 
428796     INFO  main            d.u.i.k.p.i.AbstractProblemLoader Loading environment from /home/runner/work/key/key/key.core/../key.ui/examples/standard_key/inEqSimp/simplify1.key.proof 
428796     DEBUG main            d.u.i.k.p.i.AbstractProblemLoader Environment load took 245.9ns 
428797     INFO  main            d.u.i.k.p.i.AbstractProblemLoader Creating init config 
432004     DEBUG main            d.u.i.k.p.i.AbstractProblemLoader Init config took 3.21s 
432021     INFO  main            d.u.i.k.p.i.AbstractProblemLoader Replaying proof simplify1.key.proof 
432024     DEBUG main            d.u.i.k.p.i.IntermediateProofReplayer Proof replay took 1.12ms 
432025     DEBUG main            d.u.i.k.p.r.p.TestFile    ... success: reloaded. 
432025     INFO  main            d.u.i.k.p.r.p.TestFile    Now processing file /home/runner/work/key/key/key.core/../key.ui/examples/standard_key/inEqSimp/simplify2.key 
432025     INFO  main            d.u.i.k.p.i.AbstractProblemLoader Loading environment from /home/runner/work/key/key/key.core/../key.ui/examples/standard_key/inEqSimp/simplify2.key 
432025     DEBUG main            d.u.i.k.p.i.AbstractProblemLoader Environment load took 59.2ns 
432027     INFO  main            d.u.i.k.p.i.AbstractProblemLoader Creating init config 
435074     DEBUG main            d.u.i.k.p.i.AbstractProblemLoader Init config took 3.05s 
435089     INFO  main            d.u.i.k.p.i.AbstractProblemLoader Replaying proof simplify2.key 
435091     DEBUG main            d.u.i.k.p.i.IntermediateProofReplayer Proof replay took 3.3ns 
435196     INFO  main            d.u.i.k.p.r.p.TestFile    ... finished proof: closed. 
435702     INFO  main            d.u.i.k.p.i.AbstractProblemLoader Loading environment from /home/runner/work/key/key/key.core/../key.ui/examples/standard_key/inEqSimp/simplify2.key.proof 
435702     DEBUG main            d.u.i.k.p.i.AbstractProblemLoader Environment load took 107.9ns 
435703     INFO  main            d.u.i.k.p.i.AbstractProblemLoader Creating init config 
438697     DEBUG main            d.u.i.k.p.i.AbstractProblemLoader Init config took 2.99s 
438712     INFO  main            d.u.i.k.p.i.AbstractProblemLoader Replaying proof simplify2.key.proof 
438723     DEBUG main            d.u.i.k.p.i.IntermediateProofReplayer Proof replay took 8.59ms 
438724     DEBUG main            d.u.i.k.p.r.p.TestFile    ... success: reloaded. 
438725     INFO  main            d.u.i.k.p.r.p.TestFile    Now processing file /home/runner/work/key/key/key.core/../key.ui/examples/standard_key/inEqSimp/simplify3.key 
438725     INFO  main            d.u.i.k.p.i.AbstractProblemLoader Loading environment from /home/runner/work/key/key/key.core/../key.ui/examples/standard_key/inEqSimp/simplify3.key 
438725     DEBUG main            d.u.i.k.p.i.AbstractProblemLoader Environment load took 58.7ns 
438726     INFO  main            d.u.i.k.p.i.AbstractProblemLoader Creating init config 
441910     DEBUG main            d.u.i.k.p.i.AbstractProblemLoader Init config took 3.18s 
441926     INFO  main            d.u.i.k.p.i.AbstractProblemLoader Replaying proof simplify3.key 
441928     DEBUG main            d.u.i.k.p.i.IntermediateProofReplayer Proof replay took 3.4ns 
442029     INFO  main            d.u.i.k.p.r.p.TestFile    ... finished proof: closed. 
442536     INFO  main            d.u.i.k.p.i.AbstractProblemLoader Loading environment from /home/runner/work/key/key/key.core/../key.ui/examples/standard_key/inEqSimp/simplify3.key.proof 
442536     DEBUG main            d.u.i.k.p.i.AbstractProblemLoader Environment load took 169.6ns 
442537     INFO  main            d.u.i.k.p.i.AbstractProblemLoader Creating init config 
445634     DEBUG main            d.u.i.k.p.i.AbstractProblemLoader Init config took 3.1s 
445649     INFO  main            d.u.i.k.p.i.AbstractProblemLoader Replaying proof simplify3.key.proof 
445653     DEBUG main            d.u.i.k.p.i.IntermediateProofReplayer Proof replay took 1.83ms 
445654     DEBUG main            d.u.i.k.p.r.p.TestFile    ... success: reloaded. 
445654     INFO  main            d.u.i.k.p.r.p.TestFile    Now processing file /home/runner/work/key/key/key.core/../key.ui/examples/standard_key/inEqSimp/simplify4.key 
445654     INFO  main            d.u.i.k.p.i.AbstractProblemLoader Loading environment from /home/runner/work/key/key/key.core/../key.ui/examples/standard_key/inEqSimp/simplify4.key 
445654     DEBUG main            d.u.i.k.p.i.AbstractProblemLoader Environment load took 56ns 
445655     INFO  main            d.u.i.k.p.i.AbstractProblemLoader Creating init config 
448818     DEBUG main            d.u.i.k.p.i.AbstractProblemLoader Init config took 3.16s 
448836     INFO  main            d.u.i.k.p.i.AbstractProblemLoader Replaying proof simplify4.key 
448838     DEBUG main            d.u.i.k.p.i.IntermediateProofReplayer Proof replay took 3.9ns 
448941     INFO  main            d.u.i.k.p.r.p.TestFile    ... finished proof: closed. 
449461     INFO  main            d.u.i.k.p.i.AbstractProblemLoader Loading environment from /home/runner/work/key/key/key.core/../key.ui/examples/standard_key/inEqSimp/simplify4.key.proof 
449461     DEBUG main            d.u.i.k.p.i.AbstractProblemLoader Environment load took 113.7ns 
449463     INFO  main            d.u.i.k.p.i.AbstractProblemLoader Creating init config 
452612     DEBUG main            d.u.i.k.p.i.AbstractProblemLoader Init config took 3.15s 
452628     INFO  main            d.u.i.k.p.i.AbstractProblemLoader Replaying proof simplify4.key.proof 
452637     DEBUG main            d.u.i.k.p.i.IntermediateProofReplayer Proof replay took 6.8ms 
452641     DEBUG main            d.u.i.k.p.r.p.TestFile    ... success: reloaded. 
452642     INFO  main            d.u.i.k.p.r.p.TestFile    Now processing file /home/runner/work/key/key/key.core/../key.ui/examples/standard_key/inEqSimp/simplify5.key 
452642     INFO  main            d.u.i.k.p.i.AbstractProblemLoader Loading environment from /home/runner/work/key/key/key.core/../key.ui/examples/standard_key/inEqSimp/simplify5.key 
452642     DEBUG main            d.u.i.k.p.i.AbstractProblemLoader Environment load took 56.6ns 
452643     INFO  main            d.u.i.k.p.i.AbstractProblemLoader Creating init config 
455733     DEBUG main            d.u.i.k.p.i.AbstractProblemLoader Init config took 3.09s 
455748     INFO  main            d.u.i.k.p.i.AbstractProblemLoader Replaying proof simplify5.key 
455751     DEBUG main            d.u.i.k.p.i.IntermediateProofReplayer Proof replay took 4.6ns 
456457     INFO  main            d.u.i.k.p.r.p.TestFile    ... finished proof: closed. 
456990     INFO  main            d.u.i.k.p.i.AbstractProblemLoader Loading environment from /home/runner/work/key/key/key.core/../key.ui/examples/standard_key/inEqSimp/simplify5.key.proof 
456994     DEBUG main            d.u.i.k.p.i.AbstractProblemLoader Environment load took 4.58ms 
456996     INFO  main            d.u.i.k.p.i.AbstractProblemLoader Creating init config 
459984     DEBUG main            d.u.i.k.p.i.AbstractProblemLoader Init config took 2.99s 
459999     INFO  main            d.u.i.k.p.i.AbstractProblemLoader Replaying proof simplify5.key.proof 
460067     DEBUG main            d.u.i.k.p.i.IntermediateProofReplayer Proof replay took 62.27ms 
460069     DEBUG main            d.u.i.k.p.r.p.TestFile    ... success: reloaded. 
460070     INFO  main            d.u.i.k.p.r.p.TestFile    Now processing file /home/runner/work/key/key/key.core/../key.ui/examples/standard_key/inEqSimp/subsumptionExample.key 
460071     INFO  main            d.u.i.k.p.i.AbstractProblemLoader Loading environment from /home/runner/work/key/key/key.core/../key.ui/examples/standard_key/inEqSimp/subsumptionExample.key 
460071     DEBUG main            d.u.i.k.p.i.AbstractProblemLoader Environment load took 240.5ns 
460072     INFO  main            d.u.i.k.p.i.AbstractProblemLoader Creating init config 
463124     DEBUG main            d.u.i.k.p.i.AbstractProblemLoader Init config took 3.05s 
463139     INFO  main            d.u.i.k.p.i.AbstractProblemLoader Replaying proof subsumptionExample.key 
463140     DEBUG main            d.u.i.k.p.i.IntermediateProofReplayer Proof replay took 3.4ns 
463245     INFO  main            d.u.i.k.p.r.p.TestFile    ... finished proof: closed. 
463781     INFO  main            d.u.i.k.p.i.AbstractProblemLoader Loading environment from /home/runner/work/key/key/key.core/../key.ui/examples/standard_key/inEqSimp/subsumptionExample.key.proof 
463781     DEBUG main            d.u.i.k.p.i.AbstractProblemLoader Environment load took 90.9ns 
463782     INFO  main            d.u.i.k.p.i.AbstractProblemLoader Creating init config 
466691     DEBUG main            d.u.i.k.p.i.AbstractProblemLoader Init config took 2.91s 
466706     INFO  main            d.u.i.k.p.i.AbstractProblemLoader Replaying proof subsumptionExample.key.proof 
466709     DEBUG main            d.u.i.k.p.i.IntermediateProofReplayer Proof replay took 862.11ns 
466709     DEBUG main            d.u.i.k.p.r.p.TestFile    ... success: reloaded. 
466710     INFO  main            d.u.i.k.p.r.p.TestFile    Now processing file /home/runner/work/key/key/key.core/../key.ui/examples/standard_key/polySimp/simplify0.key 
466710     INFO  main            d.u.i.k.p.i.AbstractProblemLoader Loading environment from /home/runner/work/key/key/key.core/../key.ui/examples/standard_key/polySimp/simplify0.key 
466710     DEBUG main            d.u.i.k.p.i.AbstractProblemLoader Environment load took 88.5ns 
466712     INFO  main            d.u.i.k.p.i.AbstractProblemLoader Creating init config 
469701     DEBUG main            d.u.i.k.p.i.AbstractProblemLoader Init config took 2.99s 
469716     INFO  main            d.u.i.k.p.i.AbstractProblemLoader Replaying proof simplify0.key 
469717     DEBUG main            d.u.i.k.p.i.IntermediateProofReplayer Proof replay took 3.3ns 
469920     INFO  main            d.u.i.k.p.r.p.TestFile    ... finished proof: closed. 
470459     INFO  main            d.u.i.k.p.i.AbstractProblemLoader Loading environment from /home/runner/work/key/key/key.core/../key.ui/examples/standard_key/polySimp/simplify0.key.proof 
470459     DEBUG main            d.u.i.k.p.i.AbstractProblemLoader Environment load took 93.1ns 
470460     INFO  main            d.u.i.k.p.i.AbstractProblemLoader Creating init config 
473536     DEBUG main            d.u.i.k.p.i.AbstractProblemLoader Init config took 3.08s 
473552     INFO  main            d.u.i.k.p.i.AbstractProblemLoader Replaying proof simplify0.key.proof 
473560     DEBUG main            d.u.i.k.p.i.IntermediateProofReplayer Proof replay took 6.14ms 
473562     DEBUG main            d.u.i.k.p.r.p.TestFile    ... success: reloaded. 
473562     INFO  main            d.u.i.k.p.r.p.TestFile    Now processing file /home/runner/work/key/key/key.core/../key.ui/examples/standard_key/polySimp/simplify1.key 
473562     INFO  main            d.u.i.k.p.i.AbstractProblemLoader Loading environment from /home/runner/work/key/key/key.core/../key.ui/examples/standard_key/polySimp/simplify1.key 
473563     DEBUG main            d.u.i.k.p.i.AbstractProblemLoader Environment load took 87.8ns 
473564     INFO  main            d.u.i.k.p.i.AbstractProblemLoader Creating init config 
476528     DEBUG main            d.u.i.k.p.i.AbstractProblemLoader Init config took 2.96s 
476545     INFO  main            d.u.i.k.p.i.AbstractProblemLoader Replaying proof simplify1.key 
476548     DEBUG main            d.u.i.k.p.i.IntermediateProofReplayer Proof replay took 3.3ns 
476951     INFO  main            d.u.i.k.p.r.p.TestFile    ... finished proof: closed. 
477501     INFO  main            d.u.i.k.p.i.AbstractProblemLoader Loading environment from /home/runner/work/key/key/key.core/../key.ui/examples/standard_key/polySimp/simplify1.key.proof 
477501     DEBUG main            d.u.i.k.p.i.AbstractProblemLoader Environment load took 86.5ns 
477502     INFO  main            d.u.i.k.p.i.AbstractProblemLoader Creating init config 
480459     DEBUG main            d.u.i.k.p.i.AbstractProblemLoader Init config took 2.96s 
480475     INFO  main            d.u.i.k.p.i.AbstractProblemLoader Replaying proof simplify1.key.proof 
480487     DEBUG main            d.u.i.k.p.i.IntermediateProofReplayer Proof replay took 9.01ms 
480488     DEBUG main            d.u.i.k.p.r.p.TestFile    ... success: reloaded. 
480488     INFO  main            d.u.i.k.p.r.p.TestFile    Now processing file /home/runner/work/key/key/key.core/../key.ui/examples/standard_key/polySimp/simplify10.key 
480489     INFO  main            d.u.i.k.p.i.AbstractProblemLoader Loading environment from /home/runner/work/key/key/key.core/../key.ui/examples/standard_key/polySimp/simplify10.key 
480489     DEBUG main            d.u.i.k.p.i.AbstractProblemLoader Environment load took 55.3ns 
480490     INFO  main            d.u.i.k.p.i.AbstractProblemLoader Creating init config 
483594     DEBUG main            d.u.i.k.p.i.AbstractProblemLoader Init config took 3.1s 
483610     INFO  main            d.u.i.k.p.i.AbstractProblemLoader Replaying proof simplify10.key 
483611     DEBUG main            d.u.i.k.p.i.IntermediateProofReplayer Proof replay took 3.3ns 
483915     INFO  main            d.u.i.k.p.r.p.TestFile    ... finished proof: closed. 
484492     INFO  main            d.u.i.k.p.i.AbstractProblemLoader Loading environment from /home/runner/work/key/key/key.core/../key.ui/examples/standard_key/polySimp/simplify10.key.proof 
484492     DEBUG main            d.u.i.k.p.i.AbstractProblemLoader Environment load took 85.9ns 
484493     INFO  main            d.u.i.k.p.i.AbstractProblemLoader Creating init config 
487558     DEBUG main            d.u.i.k.p.i.AbstractProblemLoader Init config took 3.06s 
487574     INFO  main            d.u.i.k.p.i.AbstractProblemLoader Replaying proof simplify10.key.proof 
487588     DEBUG main            d.u.i.k.p.i.IntermediateProofReplayer Proof replay took 11.13ms 
487589     DEBUG main            d.u.i.k.p.r.p.TestFile    ... success: reloaded. 
487590     INFO  main            d.u.i.k.p.r.p.TestFile    Now processing file /home/runner/work/key/key/key.core/../key.ui/examples/standard_key/polySimp/simplify11.key 
487590     INFO  main            d.u.i.k.p.i.AbstractProblemLoader Loading environment from /home/runner/work/key/key/key.core/../key.ui/examples/standard_key/polySimp/simplify11.key 
487590     DEBUG main            d.u.i.k.p.i.AbstractProblemLoader Environment load took 74.6ns 
487592     INFO  main            d.u.i.k.p.i.AbstractProblemLoader Creating init config 
490635     DEBUG main            d.u.i.k.p.i.AbstractProblemLoader Init config took 3.04s 
490651     INFO  main            d.u.i.k.p.i.AbstractProblemLoader Replaying proof simplify11.key 
490652     DEBUG main            d.u.i.k.p.i.IntermediateProofReplayer Proof replay took 4.1ns 
490955     INFO  main            d.u.i.k.p.r.p.TestFile    ... finished proof: closed. 
491540     INFO  main            d.u.i.k.p.i.AbstractProblemLoader Loading environment from /home/runner/work/key/key/key.core/../key.ui/examples/standard_key/polySimp/simplify11.key.proof 
491541     DEBUG main            d.u.i.k.p.i.AbstractProblemLoader Environment load took 87.2ns 
491543     INFO  main            d.u.i.k.p.i.AbstractProblemLoader Creating init config 
494607     DEBUG main            d.u.i.k.p.i.AbstractProblemLoader Init config took 3.06s 
494623     INFO  main            d.u.i.k.p.i.AbstractProblemLoader Replaying proof simplify11.key.proof 
494637     DEBUG main            d.u.i.k.p.i.IntermediateProofReplayer Proof replay took 10.55ms 
494638     DEBUG main            d.u.i.k.p.r.p.TestFile    ... success: reloaded. 
494639     INFO  main            d.u.i.k.p.r.p.TestFile    Now processing file /home/runner/work/key/key/key.core/../key.ui/examples/standard_key/polySimp/simplify12.key 
494639     INFO  main            d.u.i.k.p.i.AbstractProblemLoader Loading environment from /home/runner/work/key/key/key.core/../key.ui/examples/standard_key/polySimp/simplify12.key 
494639     DEBUG main            d.u.i.k.p.i.AbstractProblemLoader Environment load took 62.1ns 
494640     INFO  main            d.u.i.k.p.i.AbstractProblemLoader Creating init config 
497796     DEBUG main            d.u.i.k.p.i.AbstractProblemLoader Init config took 3.16s 
497814     INFO  main            d.u.i.k.p.i.AbstractProblemLoader Replaying proof simplify12.key 
497815     DEBUG main            d.u.i.k.p.i.IntermediateProofReplayer Proof replay took 3.1ns 
497917     INFO  main            d.u.i.k.p.r.p.TestFile    ... finished proof: closed. 
498500     INFO  main            d.u.i.k.p.i.AbstractProblemLoader Loading environment from /home/runner/work/key/key/key.core/../key.ui/examples/standard_key/polySimp/simplify12.key.proof 
498500     DEBUG main            d.u.i.k.p.i.AbstractProblemLoader Environment load took 91.8ns 
498501     INFO  main            d.u.i.k.p.i.AbstractProblemLoader Creating init config 
501673     DEBUG main            d.u.i.k.p.i.AbstractProblemLoader Init config took 3.17s 
501689     INFO  main            d.u.i.k.p.i.AbstractProblemLoader Replaying proof simplify12.key.proof 
501696     DEBUG main            d.u.i.k.p.i.IntermediateProofReplayer Proof replay took 5.06ms 
501697     DEBUG main            d.u.i.k.p.r.p.TestFile    ... success: reloaded. 
501698     INFO  main            d.u.i.k.p.r.p.TestFile    Now processing file /home/runner/work/key/key/key.core/../key.ui/examples/standard_key/polySimp/simplify13.key 
501698     INFO  main            d.u.i.k.p.i.AbstractProblemLoader Loading environment from /home/runner/work/key/key/key.core/../key.ui/examples/standard_key/polySimp/simplify13.key 
501698     DEBUG main            d.u.i.k.p.i.AbstractProblemLoader Environment load took 54.3ns 
501699     INFO  main            d.u.i.k.p.i.AbstractProblemLoader Creating init config 
504814     DEBUG main            d.u.i.k.p.i.AbstractProblemLoader Init config took 3.11s 
504829     INFO  main            d.u.i.k.p.i.AbstractProblemLoader Replaying proof simplify13.key 
504830     DEBUG main            d.u.i.k.p.i.IntermediateProofReplayer Proof replay took 3.3ns 
504933     INFO  main            d.u.i.k.p.r.p.TestFile    ... finished proof: closed. 
505507     INFO  main            d.u.i.k.p.i.AbstractProblemLoader Loading environment from /home/runner/work/key/key/key.core/../key.ui/examples/standard_key/polySimp/simplify13.key.proof 
505508     DEBUG main            d.u.i.k.p.i.AbstractProblemLoader Environment load took 232.7ns 
505509     INFO  main            d.u.i.k.p.i.AbstractProblemLoader Creating init config 
508491     DEBUG main            d.u.i.k.p.i.AbstractProblemLoader Init config took 2.98s 
508508     INFO  main            d.u.i.k.p.i.AbstractProblemLoader Replaying proof simplify13.key.proof 
508513     DEBUG main            d.u.i.k.p.i.IntermediateProofReplayer Proof replay took 2.77ms 
508513     DEBUG main            d.u.i.k.p.r.p.TestFile    ... success: reloaded. 
508514     INFO  main            d.u.i.k.p.r.p.TestFile    Now processing file /home/runner/work/key/key/key.core/../key.ui/examples/standard_key/polySimp/simplify14.key 
508514     INFO  main            d.u.i.k.p.i.AbstractProblemLoader Loading environment from /home/runner/work/key/key/key.core/../key.ui/examples/standard_key/polySimp/simplify14.key 
508514     DEBUG main            d.u.i.k.p.i.AbstractProblemLoader Environment load took 50.9ns 
508516     INFO  main            d.u.i.k.p.i.AbstractProblemLoader Creating init config 
511564     DEBUG main            d.u.i.k.p.i.AbstractProblemLoader Init config took 3.05s 
511580     INFO  main            d.u.i.k.p.i.AbstractProblemLoader Replaying proof simplify14.key 
511581     DEBUG main            d.u.i.k.p.i.IntermediateProofReplayer Proof replay took 2.8ns 
511684     INFO  main            d.u.i.k.p.r.p.TestFile    ... finished proof: closed. 
512271     INFO  main            d.u.i.k.p.i.AbstractProblemLoader Loading environment from /home/runner/work/key/key/key.core/../key.ui/examples/standard_key/polySimp/simplify14.key.proof 
512271     DEBUG main            d.u.i.k.p.i.AbstractProblemLoader Environment load took 83.8ns 
512272     INFO  main            d.u.i.k.p.i.AbstractProblemLoader Creating init config 
515253     DEBUG main            d.u.i.k.p.i.AbstractProblemLoader Init config took 2.98s 
515269     INFO  main            d.u.i.k.p.i.AbstractProblemLoader Replaying proof simplify14.key.proof 
515271     DEBUG main            d.u.i.k.p.i.IntermediateProofReplayer Proof replay took 596.1ns 
515272     DEBUG main            d.u.i.k.p.r.p.TestFile    ... success: reloaded. 
515272     INFO  main            d.u.i.k.p.r.p.TestFile    Now processing file /home/runner/work/key/key/key.core/../key.ui/examples/standard_key/polySimp/simplify15.key 
515273     INFO  main            d.u.i.k.p.i.AbstractProblemLoader Loading environment from /home/runner/work/key/key/key.core/../key.ui/examples/standard_key/polySimp/simplify15.key 
515273     DEBUG main            d.u.i.k.p.i.AbstractProblemLoader Environment load took 68.4ns 
515274     INFO  main            d.u.i.k.p.i.AbstractProblemLoader Creating init config 
518231     DEBUG main            d.u.i.k.p.i.AbstractProblemLoader Init config took 2.96s 
518245     INFO  main            d.u.i.k.p.i.AbstractProblemLoader Replaying proof simplify15.key 
518247     DEBUG main            d.u.i.k.p.i.IntermediateProofReplayer Proof replay took 2.9ns 
518348     INFO  main            d.u.i.k.p.r.p.TestFile    ... finished proof: closed. 
518906     INFO  main            d.u.i.k.p.i.AbstractProblemLoader Loading environment from /home/runner/work/key/key/key.core/../key.ui/examples/standard_key/polySimp/simplify15.key.proof 
518906     DEBUG main            d.u.i.k.p.i.AbstractProblemLoader Environment load took 78ns 
518907     INFO  main            d.u.i.k.p.i.AbstractProblemLoader Creating init config 
521799     DEBUG main            d.u.i.k.p.i.AbstractProblemLoader Init config took 2.89s 
521815     INFO  main            d.u.i.k.p.i.AbstractProblemLoader Replaying proof simplify15.key.proof 
521817     DEBUG main            d.u.i.k.p.i.IntermediateProofReplayer Proof replay took 441.6ns 
521818     DEBUG main            d.u.i.k.p.r.p.TestFile    ... success: reloaded. 
521818     INFO  main            d.u.i.k.p.r.p.TestFile    Now processing file /home/runner/work/key/key/key.core/../key.ui/examples/standard_key/polySimp/simplify16.key 
521819     INFO  main            d.u.i.k.p.i.AbstractProblemLoader Loading environment from /home/runner/work/key/key/key.core/../key.ui/examples/standard_key/polySimp/simplify16.key 
521819     DEBUG main            d.u.i.k.p.i.AbstractProblemLoader Environment load took 71.4ns 
521819     INFO  main            d.u.i.k.p.i.AbstractProblemLoader Creating init config 
524665     DEBUG main            d.u.i.k.p.i.AbstractProblemLoader Init config took 2.85s 
524680     INFO  main            d.u.i.k.p.i.AbstractProblemLoader Replaying proof simplify16.key 
524681     DEBUG main            d.u.i.k.p.i.IntermediateProofReplayer Proof replay took 3.1ns 
524785     INFO  main            d.u.i.k.p.r.p.TestFile    ... finished proof: closed. 
525365     INFO  main            d.u.i.k.p.i.AbstractProblemLoader Loading environment from /home/runner/work/key/key/key.core/../key.ui/examples/standard_key/polySimp/simplify16.key.proof 
525365     DEBUG main            d.u.i.k.p.i.AbstractProblemLoader Environment load took 87.2ns 
525366     INFO  main            d.u.i.k.p.i.AbstractProblemLoader Creating init config 
528366     DEBUG main            d.u.i.k.p.i.AbstractProblemLoader Init config took 3s 
528382     INFO  main            d.u.i.k.p.i.AbstractProblemLoader Replaying proof simplify16.key.proof 
528383     DEBUG main            d.u.i.k.p.i.IntermediateProofReplayer Proof replay took 246.3ns 
528384     DEBUG main            d.u.i.k.p.r.p.TestFile    ... success: reloaded. 
528384     INFO  main            d.u.i.k.p.r.p.TestFile    Now processing file /home/runner/work/key/key/key.core/../key.ui/examples/standard_key/polySimp/simplify17.key 
528385     INFO  main            d.u.i.k.p.i.AbstractProblemLoader Loading environment from /home/runner/work/key/key/key.core/../key.ui/examples/standard_key/polySimp/simplify17.key 
528385     DEBUG main            d.u.i.k.p.i.AbstractProblemLoader Environment load took 78.9ns 
528386     INFO  main            d.u.i.k.p.i.AbstractProblemLoader Creating init config 
531409     DEBUG main            d.u.i.k.p.i.AbstractProblemLoader Init config took 3.02s 
531426     INFO  main            d.u.i.k.p.i.AbstractProblemLoader Replaying proof simplify17.key 
531427     DEBUG main            d.u.i.k.p.i.IntermediateProofReplayer Proof replay took 3.4ns 
531529     INFO  main            d.u.i.k.p.r.p.TestFile    ... finished proof: closed. 
532149     INFO  main            d.u.i.k.p.i.AbstractProblemLoader Loading environment from /home/runner/work/key/key/key.core/../key.ui/examples/standard_key/polySimp/simplify17.key.proof 
532149     DEBUG main            d.u.i.k.p.i.AbstractProblemLoader Environment load took 100ns 
532150     INFO  main            d.u.i.k.p.i.AbstractProblemLoader Creating init config 
535106     DEBUG main            d.u.i.k.p.i.AbstractProblemLoader Init config took 2.96s 
535121     INFO  main            d.u.i.k.p.i.AbstractProblemLoader Replaying proof simplify17.key.proof 
535127     DEBUG main            d.u.i.k.p.i.IntermediateProofReplayer Proof replay took 3.94ms 
535128     DEBUG main            d.u.i.k.p.r.p.TestFile    ... success: reloaded. 
535128     INFO  main            d.u.i.k.p.r.p.TestFile    Now processing file /home/runner/work/key/key/key.core/../key.ui/examples/standard_key/polySimp/simplify18.key 
535129     INFO  main            d.u.i.k.p.i.AbstractProblemLoader Loading environment from /home/runner/work/key/key/key.core/../key.ui/examples/standard_key/polySimp/simplify18.key 
535129     DEBUG main            d.u.i.k.p.i.AbstractProblemLoader Environment load took 60.6ns 
535130     INFO  main            d.u.i.k.p.i.AbstractProblemLoader Creating init config 
538162     DEBUG main            d.u.i.k.p.i.AbstractProblemLoader Init config took 3.03s 
538177     INFO  main            d.u.i.k.p.i.AbstractProblemLoader Replaying proof simplify18.key 
538178     DEBUG main            d.u.i.k.p.i.IntermediateProofReplayer Proof replay took 3.2ns 
538381     INFO  main            d.u.i.k.p.r.p.TestFile    ... finished proof: closed. 
538991     INFO  main            d.u.i.k.p.i.AbstractProblemLoader Loading environment from /home/runner/work/key/key/key.core/../key.ui/examples/standard_key/polySimp/simplify18.key.proof 
538991     DEBUG main            d.u.i.k.p.i.AbstractProblemLoader Environment load took 78.9ns 
538992     INFO  main            d.u.i.k.p.i.AbstractProblemLoader Creating init config 
542040     DEBUG main            d.u.i.k.p.i.AbstractProblemLoader Init config took 3.05s 
542057     INFO  main            d.u.i.k.p.i.AbstractProblemLoader Replaying proof simplify18.key.proof 
542068     DEBUG main            d.u.i.k.p.i.IntermediateProofReplayer Proof replay took 9.05ms 
542069     DEBUG main            d.u.i.k.p.r.p.TestFile    ... success: reloaded. 
542070     INFO  main            d.u.i.k.p.r.p.TestFile    Now processing file /home/runner/work/key/key/key.core/../key.ui/examples/standard_key/polySimp/simplify19.key 
542070     INFO  main            d.u.i.k.p.i.AbstractProblemLoader Loading environment from /home/runner/work/key/key/key.core/../key.ui/examples/standard_key/polySimp/simplify19.key 
542071     DEBUG main            d.u.i.k.p.i.AbstractProblemLoader Environment load took 85.7ns 
542072     INFO  main            d.u.i.k.p.i.AbstractProblemLoader Creating init config 
545145     DEBUG main            d.u.i.k.p.i.AbstractProblemLoader Init config took 3.07s 
545161     INFO  main            d.u.i.k.p.i.AbstractProblemLoader Replaying proof simplify19.key 
545162     DEBUG main            d.u.i.k.p.i.IntermediateProofReplayer Proof replay took 2.9ns 
549104     INFO  main            d.u.i.k.p.r.p.TestFile    ... finished proof: closed. 
549783     INFO  main            d.u.i.k.p.i.AbstractProblemLoader Loading environment from /home/runner/work/key/key/key.core/../key.ui/examples/standard_key/polySimp/simplify19.key.proof 
549783     DEBUG main            d.u.i.k.p.i.AbstractProblemLoader Environment load took 110.5ns 
549785     INFO  main            d.u.i.k.p.i.AbstractProblemLoader Creating init config 
552974     DEBUG main            d.u.i.k.p.i.AbstractProblemLoader Init config took 3.19s 
552993     INFO  main            d.u.i.k.p.i.AbstractProblemLoader Replaying proof simplify19.key.proof 
553145     DEBUG main            d.u.i.k.p.i.IntermediateProofReplayer Proof replay took 131.86ms 
553147     DEBUG main            d.u.i.k.p.r.p.TestFile    ... success: reloaded. 
553147     INFO  main            d.u.i.k.p.r.p.TestFile    Now processing file /home/runner/work/key/key/key.core/../key.ui/examples/standard_key/polySimp/simplify2.key 
553148     INFO  main            d.u.i.k.p.i.AbstractProblemLoader Loading environment from /home/runner/work/key/key/key.core/../key.ui/examples/standard_key/polySimp/simplify2.key 
553148     DEBUG main            d.u.i.k.p.i.AbstractProblemLoader Environment load took 523.1ns 
553149     INFO  main            d.u.i.k.p.i.AbstractProblemLoader Creating init config 
556347     DEBUG main            d.u.i.k.p.i.AbstractProblemLoader Init config took 3.2s 
556362     INFO  main            d.u.i.k.p.i.AbstractProblemLoader Replaying proof simplify2.key 
556364     DEBUG main            d.u.i.k.p.i.IntermediateProofReplayer Proof replay took 3ns 
556465     INFO  main            d.u.i.k.p.r.p.TestFile    ... finished proof: closed. 
557145     INFO  main            d.u.i.k.p.i.AbstractProblemLoader Loading environment from /home/runner/work/key/key/key.core/../key.ui/examples/standard_key/polySimp/simplify2.key.proof 
557145     DEBUG main            d.u.i.k.p.i.AbstractProblemLoader Environment load took 86.5ns 
557146     INFO  main            d.u.i.k.p.i.AbstractProblemLoader Creating init config 
560088     DEBUG main            d.u.i.k.p.i.AbstractProblemLoader Init config took 2.94s 
560104     INFO  main            d.u.i.k.p.i.AbstractProblemLoader Replaying proof simplify2.key.proof 
560106     DEBUG main            d.u.i.k.p.i.IntermediateProofReplayer Proof replay took 553.5ns 
560106     DEBUG main            d.u.i.k.p.r.p.TestFile    ... success: reloaded. 
560107     INFO  main            d.u.i.k.p.r.p.TestFile    Now processing file /home/runner/work/key/key/key.core/../key.ui/examples/standard_key/polySimp/simplify20.key 
560107     INFO  main            d.u.i.k.p.i.AbstractProblemLoader Loading environment from /home/runner/work/key/key/key.core/../key.ui/examples/standard_key/polySimp/simplify20.key 
560107     DEBUG main            d.u.i.k.p.i.AbstractProblemLoader Environment load took 50.5ns 
560108     INFO  main            d.u.i.k.p.i.AbstractProblemLoader Creating init config 
563233     DEBUG main            d.u.i.k.p.i.AbstractProblemLoader Init config took 3.13s 
563251     INFO  main            d.u.i.k.p.i.AbstractProblemLoader Replaying proof simplify20.key 
563252     DEBUG main            d.u.i.k.p.i.IntermediateProofReplayer Proof replay took 3.2ns 
564157     INFO  main            d.u.i.k.p.r.p.TestFile    ... finished proof: closed. 
564822     INFO  main            d.u.i.k.p.i.AbstractProblemLoader Loading environment from /home/runner/work/key/key/key.core/../key.ui/examples/standard_key/polySimp/simplify20.key.proof 
564822     DEBUG main            d.u.i.k.p.i.AbstractProblemLoader Environment load took 548.6ns 
564824     INFO  main            d.u.i.k.p.i.AbstractProblemLoader Creating init config 
567827     DEBUG main            d.u.i.k.p.i.AbstractProblemLoader Init config took 3s 
567842     INFO  main            d.u.i.k.p.i.AbstractProblemLoader Replaying proof simplify20.key.proof 
567881     DEBUG main            d.u.i.k.p.i.IntermediateProofReplayer Proof replay took 33.92ms 
567883     DEBUG main            d.u.i.k.p.r.p.TestFile    ... success: reloaded. 
567883     INFO  main            d.u.i.k.p.r.p.TestFile    Now processing file /home/runner/work/key/key/key.core/../key.ui/examples/standard_key/polySimp/simplify21.key 
567883     INFO  main            d.u.i.k.p.i.AbstractProblemLoader Loading environment from /home/runner/work/key/key/key.core/../key.ui/examples/standard_key/polySimp/simplify21.key 
567884     DEBUG main            d.u.i.k.p.i.AbstractProblemLoader Environment load took 88.5ns 
567887     INFO  main            d.u.i.k.p.i.AbstractProblemLoader Creating init config 
570988     DEBUG main            d.u.i.k.p.i.AbstractProblemLoader Init config took 3.1s 
571004     INFO  main            d.u.i.k.p.i.AbstractProblemLoader Replaying proof simplify21.key 
571005     DEBUG main            d.u.i.k.p.i.IntermediateProofReplayer Proof replay took 3ns 
571715     INFO  main            d.u.i.k.p.r.p.TestFile    ... finished proof: closed. 
572406     INFO  main            d.u.i.k.p.i.AbstractProblemLoader Loading environment from /home/runner/work/key/key/key.core/../key.ui/examples/standard_key/polySimp/simplify21.key.proof 
572406     DEBUG main            d.u.i.k.p.i.AbstractProblemLoader Environment load took 302.1ns 
572409     INFO  main            d.u.i.k.p.i.AbstractProblemLoader Creating init config 
575545     DEBUG main            d.u.i.k.p.i.AbstractProblemLoader Init config took 3.14s 
575562     INFO  main            d.u.i.k.p.i.AbstractProblemLoader Replaying proof simplify21.key.proof 
575595     DEBUG main            d.u.i.k.p.i.IntermediateProofReplayer Proof replay took 26.29ms 
575597     DEBUG main            d.u.i.k.p.r.p.TestFile    ... success: reloaded. 
575598     INFO  main            d.u.i.k.p.r.p.TestFile    Now processing file /home/runner/work/key/key/key.core/../key.ui/examples/standard_key/polySimp/simplify22.key 
575598     INFO  main            d.u.i.k.p.i.AbstractProblemLoader Loading environment from /home/runner/work/key/key/key.core/../key.ui/examples/standard_key/polySimp/simplify22.key 
575598     DEBUG main            d.u.i.k.p.i.AbstractProblemLoader Environment load took 54.5ns 
575599     INFO  main            d.u.i.k.p.i.AbstractProblemLoader Creating init config 
578741     DEBUG main            d.u.i.k.p.i.AbstractProblemLoader Init config took 3.14s 
578757     INFO  main            d.u.i.k.p.i.AbstractProblemLoader Replaying proof simplify22.key 
578759     DEBUG main            d.u.i.k.p.i.IntermediateProofReplayer Proof replay took 3.4ns 
578861     INFO  main            d.u.i.k.p.r.p.TestFile    ... finished proof: closed. 
579538     INFO  main            d.u.i.k.p.i.AbstractProblemLoader Loading environment from /home/runner/work/key/key/key.core/../key.ui/examples/standard_key/polySimp/simplify22.key.proof 
579538     DEBUG main            d.u.i.k.p.i.AbstractProblemLoader Environment load took 93ns 
579540     INFO  main            d.u.i.k.p.i.AbstractProblemLoader Creating init config 
582647     DEBUG main            d.u.i.k.p.i.AbstractProblemLoader Init config took 3.11s 
582662     INFO  main            d.u.i.k.p.i.AbstractProblemLoader Replaying proof simplify22.key.proof 
582667     DEBUG main            d.u.i.k.p.i.IntermediateProofReplayer Proof replay took 2.61ms 
582667     DEBUG main            d.u.i.k.p.r.p.TestFile    ... success: reloaded. 
582668     INFO  main            d.u.i.k.p.r.p.TestFile    Now processing file /home/runner/work/key/key/key.core/../key.ui/examples/standard_key/polySimp/simplify23.key 
582668     INFO  main            d.u.i.k.p.i.AbstractProblemLoader Loading environment from /home/runner/work/key/key/key.core/../key.ui/examples/standard_key/polySimp/simplify23.key 
582668     DEBUG main            d.u.i.k.p.i.AbstractProblemLoader Environment load took 92.8ns 
582669     INFO  main            d.u.i.k.p.i.AbstractProblemLoader Creating init config 
585649     DEBUG main            d.u.i.k.p.i.AbstractProblemLoader Init config took 2.98s 
585663     INFO  main            d.u.i.k.p.i.AbstractProblemLoader Replaying proof simplify23.key 
585665     DEBUG main            d.u.i.k.p.i.IntermediateProofReplayer Proof replay took 3.1ns 
585867     INFO  main            d.u.i.k.p.r.p.TestFile    ... finished proof: closed. 
586530     INFO  main            d.u.i.k.p.i.AbstractProblemLoader Loading environment from /home/runner/work/key/key/key.core/../key.ui/examples/standard_key/polySimp/simplify23.key.proof 
586530     DEBUG main            d.u.i.k.p.i.AbstractProblemLoader Environment load took 134.6ns 
586532     INFO  main            d.u.i.k.p.i.AbstractProblemLoader Creating init config 
589688     DEBUG main            d.u.i.k.p.i.AbstractProblemLoader Init config took 3.16s 
589704     INFO  main            d.u.i.k.p.i.AbstractProblemLoader Replaying proof simplify23.key.proof 
589714     DEBUG main            d.u.i.k.p.i.IntermediateProofReplayer Proof replay took 6.8ms 
589715     DEBUG main            d.u.i.k.p.r.p.TestFile    ... success: reloaded. 
589715     INFO  main            d.u.i.k.p.r.p.TestFile    Now processing file /home/runner/work/key/key/key.core/../key.ui/examples/standard_key/polySimp/simplify24.key 
589716     INFO  main            d.u.i.k.p.i.AbstractProblemLoader Loading environment from /home/runner/work/key/key/key.core/../key.ui/examples/standard_key/polySimp/simplify24.key 
589716     DEBUG main            d.u.i.k.p.i.AbstractProblemLoader Environment load took 178.8ns 
589717     INFO  main            d.u.i.k.p.i.AbstractProblemLoader Creating init config 
592878     DEBUG main            d.u.i.k.p.i.AbstractProblemLoader Init config took 3.16s 
592894     INFO  main            d.u.i.k.p.i.AbstractProblemLoader Replaying proof simplify24.key 
592895     DEBUG main            d.u.i.k.p.i.IntermediateProofReplayer Proof replay took 3ns 
592996     INFO  main            d.u.i.k.p.r.p.TestFile    ... finished proof: closed. 
593653     INFO  main            d.u.i.k.p.i.AbstractProblemLoader Loading environment from /home/runner/work/key/key/key.core/../key.ui/examples/standard_key/polySimp/simplify24.key.proof 
593653     DEBUG main            d.u.i.k.p.i.AbstractProblemLoader Environment load took 94ns 
593654     INFO  main            d.u.i.k.p.i.AbstractProblemLoader Creating init config 
596768     DEBUG main            d.u.i.k.p.i.AbstractProblemLoader Init config took 3.11s 
596784     INFO  main            d.u.i.k.p.i.AbstractProblemLoader Replaying proof simplify24.key.proof 
596788     DEBUG main            d.u.i.k.p.i.IntermediateProofReplayer Proof replay took 2.08ms 
596789     DEBUG main            d.u.i.k.p.r.p.TestFile    ... success: reloaded. 
596789     INFO  main            d.u.i.k.p.r.p.TestFile    Now processing file /home/runner/work/key/key/key.core/../key.ui/examples/standard_key/polySimp/simplify25.key 
596796     INFO  main            d.u.i.k.p.i.AbstractProblemLoader Loading environment from /home/runner/work/key/key/key.core/../key.ui/examples/standard_key/polySimp/simplify25.key 
596796     DEBUG main            d.u.i.k.p.i.AbstractProblemLoader Environment load took 93ns 
596797     INFO  main            d.u.i.k.p.i.AbstractProblemLoader Creating init config 
599946     DEBUG main            d.u.i.k.p.i.AbstractProblemLoader Init config took 3.15s 
599964     INFO  main            d.u.i.k.p.i.AbstractProblemLoader Replaying proof simplify25.key 
599965     DEBUG main            d.u.i.k.p.i.IntermediateProofReplayer Proof replay took 2.8ns 
600067     INFO  main            d.u.i.k.p.r.p.TestFile    ... finished proof: closed. 
600733     INFO  main            d.u.i.k.p.i.AbstractProblemLoader Loading environment from /home/runner/work/key/key/key.core/../key.ui/examples/standard_key/polySimp/simplify25.key.proof 
600733     DEBUG main            d.u.i.k.p.i.AbstractProblemLoader Environment load took 99.7ns 
600734     INFO  main            d.u.i.k.p.i.AbstractProblemLoader Creating init config 
603812     DEBUG main            d.u.i.k.p.i.AbstractProblemLoader Init config took 3.08s 
603827     INFO  main            d.u.i.k.p.i.AbstractProblemLoader Replaying proof simplify25.key.proof 
603831     DEBUG main            d.u.i.k.p.i.IntermediateProofReplayer Proof replay took 1.87ms 
603832     DEBUG main            d.u.i.k.p.r.p.TestFile    ... success: reloaded. 
603832     INFO  main            d.u.i.k.p.r.p.TestFile    Now processing file /home/runner/work/key/key/key.core/../key.ui/examples/standard_key/polySimp/simplify3.key 
603832     INFO  main            d.u.i.k.p.i.AbstractProblemLoader Loading environment from /home/runner/work/key/key/key.core/../key.ui/examples/standard_key/polySimp/simplify3.key 
603833     DEBUG main            d.u.i.k.p.i.AbstractProblemLoader Environment load took 52.2ns 
603833     INFO  main            d.u.i.k.p.i.AbstractProblemLoader Creating init config 
606917     DEBUG main            d.u.i.k.p.i.AbstractProblemLoader Init config took 3.08s 
606953     INFO  main            d.u.i.k.p.i.AbstractProblemLoader Replaying proof simplify3.key 
606954     DEBUG main            d.u.i.k.p.i.IntermediateProofReplayer Proof replay took 3.8ns 
607056     INFO  main            d.u.i.k.p.r.p.TestFile    ... finished proof: closed. 
607719     INFO  main            d.u.i.k.p.i.AbstractProblemLoader Loading environment from /home/runner/work/key/key/key.core/../key.ui/examples/standard_key/polySimp/simplify3.key.proof 
607719     DEBUG main            d.u.i.k.p.i.AbstractProblemLoader Environment load took 73.1ns 
607720     INFO  main            d.u.i.k.p.i.AbstractProblemLoader Creating init config 
610605     DEBUG main            d.u.i.k.p.i.AbstractProblemLoader Init config took 2.89s 
610621     INFO  main            d.u.i.k.p.i.AbstractProblemLoader Replaying proof simplify3.key.proof 
610623     DEBUG main            d.u.i.k.p.i.IntermediateProofReplayer Proof replay took 625.11ns 
610624     DEBUG main            d.u.i.k.p.r.p.TestFile    ... success: reloaded. 
610624     INFO  main            d.u.i.k.p.r.p.TestFile    Now processing file /home/runner/work/key/key/key.core/../key.ui/examples/standard_key/polySimp/simplify4.key 
610624     INFO  main            d.u.i.k.p.i.AbstractProblemLoader Loading environment from /home/runner/work/key/key/key.core/../key.ui/examples/standard_key/polySimp/simplify4.key 
610624     DEBUG main            d.u.i.k.p.i.AbstractProblemLoader Environment load took 50.2ns 
610625     INFO  main            d.u.i.k.p.i.AbstractProblemLoader Creating init config 
613738     DEBUG main            d.u.i.k.p.i.AbstractProblemLoader Init config took 3.11s 
613753     INFO  main            d.u.i.k.p.i.AbstractProblemLoader Replaying proof simplify4.key 
613754     DEBUG main            d.u.i.k.p.i.IntermediateProofReplayer Proof replay took 3ns 
613855     INFO  main            d.u.i.k.p.r.p.TestFile    ... finished proof: closed. 
614526     INFO  main            d.u.i.k.p.i.AbstractProblemLoader Loading environment from /home/runner/work/key/key/key.core/../key.ui/examples/standard_key/polySimp/simplify4.key.proof 
614526     DEBUG main            d.u.i.k.p.i.AbstractProblemLoader Environment load took 82.1ns 
614527     INFO  main            d.u.i.k.p.i.AbstractProblemLoader Creating init config 
617475     DEBUG main            d.u.i.k.p.i.AbstractProblemLoader Init config took 2.95s 
617490     INFO  main            d.u.i.k.p.i.AbstractProblemLoader Replaying proof simplify4.key.proof 
617494     DEBUG main            d.u.i.k.p.i.IntermediateProofReplayer Proof replay took 694.5ns 
617494     DEBUG main            d.u.i.k.p.r.p.TestFile    ... success: reloaded. 
617496     INFO  main            d.u.i.k.p.r.p.TestFile    Now processing file /home/runner/work/key/key/key.core/../key.ui/examples/standard_key/polySimp/simplify5.key 
617496     INFO  main            d.u.i.k.p.i.AbstractProblemLoader Loading environment from /home/runner/work/key/key/key.core/../key.ui/examples/standard_key/polySimp/simplify5.key 
617496     DEBUG main            d.u.i.k.p.i.AbstractProblemLoader Environment load took 50.2ns 
617497     INFO  main            d.u.i.k.p.i.AbstractProblemLoader Creating init config 
620539     DEBUG main            d.u.i.k.p.i.AbstractProblemLoader Init config took 3.04s 
620554     INFO  main            d.u.i.k.p.i.AbstractProblemLoader Replaying proof simplify5.key 
620555     DEBUG main            d.u.i.k.p.i.IntermediateProofReplayer Proof replay took 3.4ns 
620657     INFO  main            d.u.i.k.p.r.p.TestFile    ... finished proof: closed. 
621351     INFO  main            d.u.i.k.p.i.AbstractProblemLoader Loading environment from /home/runner/work/key/key/key.core/../key.ui/examples/standard_key/polySimp/simplify5.key.proof 
621351     DEBUG main            d.u.i.k.p.i.AbstractProblemLoader Environment load took 78.4ns 
621353     INFO  main            d.u.i.k.p.i.AbstractProblemLoader Creating init config 
624331     DEBUG main            d.u.i.k.p.i.AbstractProblemLoader Init config took 2.98s 
624346     INFO  main            d.u.i.k.p.i.AbstractProblemLoader Replaying proof simplify5.key.proof 
624352     DEBUG main            d.u.i.k.p.i.IntermediateProofReplayer Proof replay took 2.78ms 
624354     DEBUG main            d.u.i.k.p.r.p.TestFile    ... success: reloaded. 
624354     INFO  main            d.u.i.k.p.r.p.TestFile    Now processing file /home/runner/work/key/key/key.core/../key.ui/examples/standard_key/polySimp/simplify6.key 
624355     INFO  main            d.u.i.k.p.i.AbstractProblemLoader Loading environment from /home/runner/work/key/key/key.core/../key.ui/examples/standard_key/polySimp/simplify6.key 
624355     DEBUG main            d.u.i.k.p.i.AbstractProblemLoader Environment load took 58.2ns 
624356     INFO  main            d.u.i.k.p.i.AbstractProblemLoader Creating init config 
627365     DEBUG main            d.u.i.k.p.i.AbstractProblemLoader Init config took 3.01s 
627380     INFO  main            d.u.i.k.p.i.AbstractProblemLoader Replaying proof simplify6.key 
627381     DEBUG main            d.u.i.k.p.i.IntermediateProofReplayer Proof replay took 3ns 
627483     INFO  main            d.u.i.k.p.r.p.TestFile    ... finished proof: closed. 
628155     INFO  main            d.u.i.k.p.i.AbstractProblemLoader Loading environment from /home/runner/work/key/key/key.core/../key.ui/examples/standard_key/polySimp/simplify6.key.proof 
628155     DEBUG main            d.u.i.k.p.i.AbstractProblemLoader Environment load took 79ns 
628156     INFO  main            d.u.i.k.p.i.AbstractProblemLoader Creating init config 
631131     DEBUG main            d.u.i.k.p.i.AbstractProblemLoader Init config took 2.98s 
631148     INFO  main            d.u.i.k.p.i.AbstractProblemLoader Replaying proof simplify6.key.proof 
631150     DEBUG main            d.u.i.k.p.i.IntermediateProofReplayer Proof replay took 183.5ns 
631151     DEBUG main            d.u.i.k.p.r.p.TestFile    ... success: reloaded. 
631152     INFO  main            d.u.i.k.p.r.p.TestFile    Now processing file /home/runner/work/key/key/key.core/../key.ui/examples/standard_key/polySimp/simplify7.key 
631152     INFO  main            d.u.i.k.p.i.AbstractProblemLoader Loading environment from /home/runner/work/key/key/key.core/../key.ui/examples/standard_key/polySimp/simplify7.key 
631152     DEBUG main            d.u.i.k.p.i.AbstractProblemLoader Environment load took 217.2ns 
631153     INFO  main            d.u.i.k.p.i.AbstractProblemLoader Creating init config 
634205     DEBUG main            d.u.i.k.p.i.AbstractProblemLoader Init config took 3.05s 
634220     INFO  main            d.u.i.k.p.i.AbstractProblemLoader Replaying proof simplify7.key 
634221     DEBUG main            d.u.i.k.p.i.IntermediateProofReplayer Proof replay took 3ns 
634323     INFO  main            d.u.i.k.p.r.p.TestFile    ... finished proof: closed. 
634982     INFO  main            d.u.i.k.p.i.AbstractProblemLoader Loading environment from /home/runner/work/key/key/key.core/../key.ui/examples/standard_key/polySimp/simplify7.key.proof 
634982     DEBUG main            d.u.i.k.p.i.AbstractProblemLoader Environment load took 78.1ns 
634983     INFO  main            d.u.i.k.p.i.AbstractProblemLoader Creating init config 
638014     DEBUG main            d.u.i.k.p.i.AbstractProblemLoader Init config took 3.03s 
638031     INFO  main            d.u.i.k.p.i.AbstractProblemLoader Replaying proof simplify7.key.proof 
638033     DEBUG main            d.u.i.k.p.i.IntermediateProofReplayer Proof replay took 295.4ns 
638033     DEBUG main            d.u.i.k.p.r.p.TestFile    ... success: reloaded. 
638034     INFO  main            d.u.i.k.p.r.p.TestFile    Now processing file /home/runner/work/key/key/key.core/../key.ui/examples/standard_key/polySimp/simplify8.key 
638034     INFO  main            d.u.i.k.p.i.AbstractProblemLoader Loading environment from /home/runner/work/key/key/key.core/../key.ui/examples/standard_key/polySimp/simplify8.key 
638034     DEBUG main            d.u.i.k.p.i.AbstractProblemLoader Environment load took 85ns 
638038     INFO  main            d.u.i.k.p.i.AbstractProblemLoader Creating init config 
640990     DEBUG main            d.u.i.k.p.i.AbstractProblemLoader Init config took 2.95s 
641005     INFO  main            d.u.i.k.p.i.AbstractProblemLoader Replaying proof simplify8.key 
641007     DEBUG main            d.u.i.k.p.i.IntermediateProofReplayer Proof replay took 2.8ns 
645685     INFO  main            d.u.i.k.p.r.p.TestFile    ... finished proof: closed. 
646390     INFO  main            d.u.i.k.p.i.AbstractProblemLoader Loading environment from /home/runner/work/key/key/key.core/../key.ui/examples/standard_key/polySimp/simplify8.key.proof 
646390     DEBUG main            d.u.i.k.p.i.AbstractProblemLoader Environment load took 78.8ns 
646393     INFO  main            d.u.i.k.p.i.AbstractProblemLoader Creating init config 
649514     DEBUG main            d.u.i.k.p.i.AbstractProblemLoader Init config took 3.12s 
649534     INFO  main            d.u.i.k.p.i.AbstractProblemLoader Replaying proof simplify8.key.proof 
649608     DEBUG main            d.u.i.k.p.i.IntermediateProofReplayer Proof replay took 60.68ms 
649612     DEBUG main            d.u.i.k.p.r.p.TestFile    ... success: reloaded. 
649612     INFO  main            d.u.i.k.p.r.p.TestFile    Now processing file /home/runner/work/key/key/key.core/../key.ui/examples/standard_key/polySimp/simplify9.key 
649613     INFO  main            d.u.i.k.p.i.AbstractProblemLoader Loading environment from /home/runner/work/key/key/key.core/../key.ui/examples/standard_key/polySimp/simplify9.key 
649613     DEBUG main            d.u.i.k.p.i.AbstractProblemLoader Environment load took 217.3ns 
649615     INFO  main            d.u.i.k.p.i.AbstractProblemLoader Creating init config 
652761     DEBUG main            d.u.i.k.p.i.AbstractProblemLoader Init config took 3.15s 
652780     INFO  main            d.u.i.k.p.i.AbstractProblemLoader Replaying proof simplify9.key 
652781     DEBUG main            d.u.i.k.p.i.IntermediateProofReplayer Proof replay took 3ns 
652984     INFO  main            d.u.i.k.p.r.p.TestFile    ... finished proof: closed. 
653718     INFO  main            d.u.i.k.p.i.AbstractProblemLoader Loading environment from /home/runner/work/key/key/key.core/../key.ui/examples/standard_key/polySimp/simplify9.key.proof 
653718     DEBUG main            d.u.i.k.p.i.AbstractProblemLoader Environment load took 83.4ns 
653720     INFO  main            d.u.i.k.p.i.AbstractProblemLoader Creating init config 
656711     DEBUG main            d.u.i.k.p.i.AbstractProblemLoader Init config took 2.99s 
656726     INFO  main            d.u.i.k.p.i.AbstractProblemLoader Replaying proof simplify9.key.proof 
656732     DEBUG main            d.u.i.k.p.i.IntermediateProofReplayer Proof replay took 4ms 
656733     DEBUG main            d.u.i.k.p.r.p.TestFile    ... success: reloaded. 
3747957    INFO  Test worker     d.u.i.k.p.r.RunAllProofsTestUnit Returning from test arithmetic 
3747960    INFO  Test worker     d.u.i.k.p.r.RunAllProofsTestUnit Running test arrays 
498        INFO  Timeout watchdog d.u.i.k.p.r.p.ForkedTestFileRunner Timeout watcher launched (2000 secs.) 
503        WARN  main            d.u.i.k.s.ProofSettings   The settings in /home/runner/.key/proof-settings.props are *not* read. 
537        INFO  main            d.u.i.k.p.r.p.TestFile    Now processing file /home/runner/work/key/key/key.core/../key.ui/examples/standard_key/arrays/arrayStoreException/array2DimPrim.key 
678        INFO  main            d.u.i.k.p.i.AbstractProblemLoader Loading environment from /home/runner/work/key/key/key.core/../key.ui/examples/standard_key/arrays/arrayStoreException/array2DimPrim.key 
701        DEBUG main            d.u.i.k.p.i.AbstractProblemLoader Environment load took 2.8ms 
1084       INFO  main            d.u.i.k.p.i.AbstractProblemLoader Creating init config 
2359       DEBUG main            d.u.i.k.j.TypeConverter   No LDT found for Meta 
2361       DEBUG main            d.u.i.k.j.TypeConverter   No LDT found for Meta 
2365       DEBUG main            d.u.i.k.j.TypeConverter   No LDT found for Meta 
2365       DEBUG main            d.u.i.k.j.TypeConverter   No LDT found for Meta 
4249       DEBUG main            d.u.i.k.j.TypeConverter   No LDT found for JavaBigintExpression 
10800      DEBUG main            d.u.i.k.p.i.AbstractProblemLoader Init config took 9.71s 
10939      INFO  main            d.u.i.k.p.i.AbstractProblemLoader Replaying proof array2DimPrim.key 
10995      DEBUG main            d.u.i.k.p.i.IntermediateProofReplayer Proof replay took 55.8ns 
16211      INFO  main            d.u.i.k.p.r.p.TestFile    ... finished proof: closed. 
16463      INFO  main            d.u.i.k.p.i.AbstractProblemLoader Loading environment from /home/runner/work/key/key/key.core/../key.ui/examples/standard_key/arrays/arrayStoreException/array2DimPrim.key.proof 
16468      DEBUG main            d.u.i.k.p.i.AbstractProblemLoader Environment load took 5ms 
16474      INFO  main            d.u.i.k.p.i.AbstractProblemLoader Creating init config 
20144      DEBUG main            d.u.i.k.p.i.AbstractProblemLoader Init config took 3.67s 
20214      INFO  main            d.u.i.k.p.i.AbstractProblemLoader Replaying proof array2DimPrim.key.proof 
20808      DEBUG main            d.u.i.k.p.i.IntermediateProofReplayer Proof replay took 557.89ms 
20830      DEBUG main            d.u.i.k.p.r.p.TestFile    ... success: reloaded. 
20838      INFO  main            d.u.i.k.p.r.p.TestFile    Now processing file /home/runner/work/key/key/key.core/../key.ui/examples/standard_key/arrays/arrayStoreException/arrayStoreKnownDynType.key 
20839      INFO  main            d.u.i.k.p.i.AbstractProblemLoader Loading environment from /home/runner/work/key/key/key.core/../key.ui/examples/standard_key/arrays/arrayStoreException/arrayStoreKnownDynType.key 
20839      DEBUG main            d.u.i.k.p.i.AbstractProblemLoader Environment load took 152ns 
20843      INFO  main            d.u.i.k.p.i.AbstractProblemLoader Creating init config 
24326      DEBUG main            d.u.i.k.p.i.AbstractProblemLoader Init config took 3.48s 
24360      INFO  main            d.u.i.k.p.i.AbstractProblemLoader Replaying proof arrayStoreKnownDynType.key 
24364      DEBUG main            d.u.i.k.p.i.IntermediateProofReplayer Proof replay took 11.1ns 
24668      INFO  main            d.u.i.k.p.r.p.TestFile    ... finished proof: closed. 
24985      INFO  main            d.u.i.k.p.i.AbstractProblemLoader Loading environment from /home/runner/work/key/key/key.core/../key.ui/examples/standard_key/arrays/arrayStoreException/arrayStoreKnownDynType.key.proof 
24986      DEBUG main            d.u.i.k.p.i.AbstractProblemLoader Environment load took 588.9ns 
24988      INFO  main            d.u.i.k.p.i.AbstractProblemLoader Creating init config 
28103      DEBUG main            d.u.i.k.p.i.AbstractProblemLoader Init config took 3.11s 
28134      INFO  main            d.u.i.k.p.i.AbstractProblemLoader Replaying proof arrayStoreKnownDynType.key.proof 
28193      DEBUG main            d.u.i.k.p.i.IntermediateProofReplayer Proof replay took 53.9ms 
28194      DEBUG main            d.u.i.k.p.r.p.TestFile    ... success: reloaded. 
28196      INFO  main            d.u.i.k.p.r.p.TestFile    Now processing file /home/runner/work/key/key/key.core/../key.ui/examples/standard_key/arrays/arrayStoreException/reverseArray.key 
28196      INFO  main            d.u.i.k.p.i.AbstractProblemLoader Loading environment from /home/runner/work/key/key/key.core/../key.ui/examples/standard_key/arrays/arrayStoreException/reverseArray.key 
28196      DEBUG main            d.u.i.k.p.i.AbstractProblemLoader Environment load took 252.2ns 
28199      INFO  main            d.u.i.k.p.i.AbstractProblemLoader Creating init config 
31458      DEBUG main            d.u.i.k.p.i.AbstractProblemLoader Init config took 3.26s 
31498      INFO  main            d.u.i.k.p.i.AbstractProblemLoader Replaying proof reverseArray.key 
31505      DEBUG main            d.u.i.k.p.i.IntermediateProofReplayer Proof replay took 8.1ns 
32413      INFO  main            d.u.i.k.p.r.p.TestFile    ... finished proof: closed. 
32648      INFO  main            d.u.i.k.p.i.AbstractProblemLoader Loading environment from /home/runner/work/key/key/key.core/../key.ui/examples/standard_key/arrays/arrayStoreException/reverseArray.key.proof 
32649      DEBUG main            d.u.i.k.p.i.AbstractProblemLoader Environment load took 571.6ns 
32652      INFO  main            d.u.i.k.p.i.AbstractProblemLoader Creating init config 
35863      DEBUG main            d.u.i.k.p.i.AbstractProblemLoader Init config took 3.21s 
35888      INFO  main            d.u.i.k.p.i.AbstractProblemLoader Replaying proof reverseArray.key.proof 
36041      DEBUG main            d.u.i.k.p.i.IntermediateProofReplayer Proof replay took 145.31ms 
36043      DEBUG main            d.u.i.k.p.r.p.TestFile    ... success: reloaded. 
36045      INFO  main            d.u.i.k.p.r.p.TestFile    Now processing file /home/runner/work/key/key/key.core/../key.ui/examples/standard_key/arrays/arrayStoreException/throwArrayStoreException.key 
36045      INFO  main            d.u.i.k.p.i.AbstractProblemLoader Loading environment from /home/runner/work/key/key/key.core/../key.ui/examples/standard_key/arrays/arrayStoreException/throwArrayStoreException.key 
36046      DEBUG main            d.u.i.k.p.i.AbstractProblemLoader Environment load took 362.8ns 
36047      INFO  main            d.u.i.k.p.i.AbstractProblemLoader Creating init config 
39444      DEBUG main            d.u.i.k.p.i.AbstractProblemLoader Init config took 3.4s 
39470      INFO  main            d.u.i.k.p.i.AbstractProblemLoader Replaying proof throwArrayStoreException.key 
39472      DEBUG main            d.u.i.k.p.i.IntermediateProofReplayer Proof replay took 8ns 
40178      INFO  main            d.u.i.k.p.r.p.TestFile    ... finished proof: closed. 
40403      INFO  main            d.u.i.k.p.i.AbstractProblemLoader Loading environment from /home/runner/work/key/key/key.core/../key.ui/examples/standard_key/arrays/arrayStoreException/throwArrayStoreException.key.proof 
40404      DEBUG main            d.u.i.k.p.i.AbstractProblemLoader Environment load took 1.37ms 
40406      INFO  main            d.u.i.k.p.i.AbstractProblemLoader Creating init config 
43623      DEBUG main            d.u.i.k.p.i.AbstractProblemLoader Init config took 3.22s 
43648      INFO  main            d.u.i.k.p.i.AbstractProblemLoader Replaying proof throwArrayStoreException.key.proof 
43790      DEBUG main            d.u.i.k.p.i.IntermediateProofReplayer Proof replay took 136.86ms 
43792      DEBUG main            d.u.i.k.p.r.p.TestFile    ... success: reloaded. 
43794      INFO  main            d.u.i.k.p.r.p.TestFile    Now processing file /home/runner/work/key/key/key.core/../key.ui/examples/standard_key/arrays/creation/arrayCreation1.key 
43795      INFO  main            d.u.i.k.p.i.AbstractProblemLoader Loading environment from /home/runner/work/key/key/key.core/../key.ui/examples/standard_key/arrays/creation/arrayCreation1.key 
43795      DEBUG main            d.u.i.k.p.i.AbstractProblemLoader Environment load took 314.2ns 
43797      INFO  main            d.u.i.k.p.i.AbstractProblemLoader Creating init config 
47020      DEBUG main            d.u.i.k.p.i.AbstractProblemLoader Init config took 3.22s 
47045      INFO  main            d.u.i.k.p.i.AbstractProblemLoader Replaying proof arrayCreation1.key 
47050      DEBUG main            d.u.i.k.p.i.IntermediateProofReplayer Proof replay took 8.2ns 
47254      INFO  main            d.u.i.k.p.r.p.TestFile    ... finished proof: closed. 
47490      INFO  main            d.u.i.k.p.i.AbstractProblemLoader Loading environment from /home/runner/work/key/key/key.core/../key.ui/examples/standard_key/arrays/creation/arrayCreation1.key.proof 
47490      DEBUG main            d.u.i.k.p.i.AbstractProblemLoader Environment load took 143.7ns 
47492      INFO  main            d.u.i.k.p.i.AbstractProblemLoader Creating init config 
50648      DEBUG main            d.u.i.k.p.i.AbstractProblemLoader Init config took 3.16s 
50674      INFO  main            d.u.i.k.p.i.AbstractProblemLoader Replaying proof arrayCreation1.key.proof 
50710      DEBUG main            d.u.i.k.p.i.IntermediateProofReplayer Proof replay took 31.95ms 
50711      DEBUG main            d.u.i.k.p.r.p.TestFile    ... success: reloaded. 
50712      INFO  main            d.u.i.k.p.r.p.TestFile    Now processing file /home/runner/work/key/key/key.core/../key.ui/examples/standard_key/arrays/arrayStoreException/array2Dim.key 
50713      INFO  main            d.u.i.k.p.i.AbstractProblemLoader Loading environment from /home/runner/work/key/key/key.core/../key.ui/examples/standard_key/arrays/arrayStoreException/array2Dim.key 
50713      DEBUG main            d.u.i.k.p.i.AbstractProblemLoader Environment load took 188.6ns 
50714      INFO  main            d.u.i.k.p.i.AbstractProblemLoader Creating init config 
54009      DEBUG main            d.u.i.k.p.i.AbstractProblemLoader Init config took 3.29s 
54035      INFO  main            d.u.i.k.p.i.AbstractProblemLoader Replaying proof array2Dim.key 
54050      DEBUG main            d.u.i.k.p.i.IntermediateProofReplayer Proof replay took 8.2ns 
58890      INFO  main            d.u.i.k.p.r.p.TestFile    ... finished proof: open goal(s) 
59214      INFO  main            d.u.i.k.p.r.p.TestFile    Now processing file /home/runner/work/key/key/key.core/../key.ui/examples/standard_key/arrays/arrayStoreException/array2DimClose.key 
59219      INFO  main            d.u.i.k.p.i.AbstractProblemLoader Loading environment from /home/runner/work/key/key/key.core/../key.ui/examples/standard_key/arrays/arrayStoreException/array2DimClose.key 
59219      DEBUG main            d.u.i.k.p.i.AbstractProblemLoader Environment load took 336.5ns 
59221      INFO  main            d.u.i.k.p.i.AbstractProblemLoader Creating init config 
62415      DEBUG main            d.u.i.k.p.i.AbstractProblemLoader Init config took 3.19s 
62439      INFO  main            d.u.i.k.p.i.AbstractProblemLoader Replaying proof array2DimClose.key 
62442      DEBUG main            d.u.i.k.p.i.IntermediateProofReplayer Proof replay took 16.7ns 
65497      INFO  main            d.u.i.k.p.r.p.TestFile    ... finished proof: open goal(s) 
65962      INFO  main            d.u.i.k.p.r.p.TestFile    Now processing file /home/runner/work/key/key/key.core/../key.ui/examples/standard_key/arrays/arrayStoreException/throwASEForPrim.key 
65963      INFO  main            d.u.i.k.p.i.AbstractProblemLoader Loading environment from /home/runner/work/key/key/key.core/../key.ui/examples/standard_key/arrays/arrayStoreException/throwASEForPrim.key 
65964      DEBUG main            d.u.i.k.p.i.AbstractProblemLoader Environment load took 327.8ns 
65966      INFO  main            d.u.i.k.p.i.AbstractProblemLoader Creating init config 
69062      DEBUG main            d.u.i.k.p.i.AbstractProblemLoader Init config took 3.1s 
69082      INFO  main            d.u.i.k.p.i.AbstractProblemLoader Replaying proof throwASEForPrim.key 
69085      DEBUG main            d.u.i.k.p.i.IntermediateProofReplayer Proof replay took 6.6ns 
74812      INFO  main            d.u.i.k.p.r.p.TestFile    ... finished proof: open goal(s) 
3823455    INFO  Test worker     d.u.i.k.p.r.RunAllProofsTestUnit Returning from test arrays 
3823456    INFO  Test worker     d.u.i.k.p.r.RunAllProofsTestUnit Running test javadl 
478        INFO  Timeout watchdog d.u.i.k.p.r.p.ForkedTestFileRunner Timeout watcher launched (2000 secs.) 
513        WARN  main            d.u.i.k.s.ProofSettings   The settings in /home/runner/.key/proof-settings.props are *not* read. 
590        INFO  main            d.u.i.k.p.r.p.TestFile    Now processing file /home/runner/work/key/key/key.core/../key.ui/examples/standard_key/instanceCreation/instanceCreation1.key 
750        INFO  main            d.u.i.k.p.i.AbstractProblemLoader Loading environment from /home/runner/work/key/key/key.core/../key.ui/examples/standard_key/instanceCreation/instanceCreation1.key 
771        DEBUG main            d.u.i.k.p.i.AbstractProblemLoader Environment load took 2.44ms 
1170       INFO  main            d.u.i.k.p.i.AbstractProblemLoader Creating init config 
2494       DEBUG main            d.u.i.k.j.TypeConverter   No LDT found for Meta 
2495       DEBUG main            d.u.i.k.j.TypeConverter   No LDT found for Meta 
2499       DEBUG main            d.u.i.k.j.TypeConverter   No LDT found for Meta 
2499       DEBUG main            d.u.i.k.j.TypeConverter   No LDT found for Meta 
4518       DEBUG main            d.u.i.k.j.TypeConverter   No LDT found for JavaBigintExpression 
12253      DEBUG main            d.u.i.k.p.i.AbstractProblemLoader Init config took 11.08s 
12385      INFO  main            d.u.i.k.p.i.AbstractProblemLoader Replaying proof instanceCreation1.key 
12457      DEBUG main            d.u.i.k.p.i.IntermediateProofReplayer Proof replay took 55.2ns 
14005      INFO  main            d.u.i.k.p.r.p.TestFile    ... finished proof: closed. 
14163      INFO  main            d.u.i.k.p.i.AbstractProblemLoader Loading environment from /home/runner/work/key/key/key.core/../key.ui/examples/standard_key/instanceCreation/instanceCreation1.key.proof 
14164      DEBUG main            d.u.i.k.p.i.AbstractProblemLoader Environment load took 538.3ns 
14169      INFO  main            d.u.i.k.p.i.AbstractProblemLoader Creating init config 
18085      DEBUG main            d.u.i.k.p.i.AbstractProblemLoader Init config took 3.92s 
18146      INFO  main            d.u.i.k.p.i.AbstractProblemLoader Replaying proof instanceCreation1.key.proof 
18291      DEBUG main            d.u.i.k.p.i.IntermediateProofReplayer Proof replay took 128.76ms 
18310      DEBUG main            d.u.i.k.p.r.p.TestFile    ... success: reloaded. 
18313      INFO  main            d.u.i.k.p.r.p.TestFile    Now processing file /home/runner/work/key/key/key.core/../key.ui/examples/standard_key/instanceCreation/instanceCreation2.key 
18313      INFO  main            d.u.i.k.p.i.AbstractProblemLoader Loading environment from /home/runner/work/key/key/key.core/../key.ui/examples/standard_key/instanceCreation/instanceCreation2.key 
18313      DEBUG main            d.u.i.k.p.i.AbstractProblemLoader Environment load took 156.3ns 
18319      INFO  main            d.u.i.k.p.i.AbstractProblemLoader Creating init config 
22156      DEBUG main            d.u.i.k.p.i.AbstractProblemLoader Init config took 3.84s 
22214      INFO  main            d.u.i.k.p.i.AbstractProblemLoader Replaying proof instanceCreation2.key 
22218      DEBUG main            d.u.i.k.p.i.IntermediateProofReplayer Proof replay took 7.6ns 
23232      INFO  main            d.u.i.k.p.r.p.TestFile    ... finished proof: closed. 
23451      INFO  main            d.u.i.k.p.i.AbstractProblemLoader Loading environment from /home/runner/work/key/key/key.core/../key.ui/examples/standard_key/instanceCreation/instanceCreation2.key.proof 
23457      DEBUG main            d.u.i.k.p.i.AbstractProblemLoader Environment load took 5.86ms 
23459      INFO  main            d.u.i.k.p.i.AbstractProblemLoader Creating init config 
27135      DEBUG main            d.u.i.k.p.i.AbstractProblemLoader Init config took 3.68s 
27163      INFO  main            d.u.i.k.p.i.AbstractProblemLoader Replaying proof instanceCreation2.key.proof 
27289      DEBUG main            d.u.i.k.p.i.IntermediateProofReplayer Proof replay took 119.3ms 
27291      DEBUG main            d.u.i.k.p.r.p.TestFile    ... success: reloaded. 
27293      INFO  main            d.u.i.k.p.r.p.TestFile    Now processing file /home/runner/work/key/key/key.core/../key.ui/examples/standard_key/instanceCreation/interfacesAndAbstractClassesHaveNoInstances.key 
27293      INFO  main            d.u.i.k.p.i.AbstractProblemLoader Loading environment from /home/runner/work/key/key/key.core/../key.ui/examples/standard_key/instanceCreation/interfacesAndAbstractClassesHaveNoInstances.key 
27293      DEBUG main            d.u.i.k.p.i.AbstractProblemLoader Environment load took 282.8ns 
27295      INFO  main            d.u.i.k.p.i.AbstractProblemLoader Creating init config 
31029      DEBUG main            d.u.i.k.p.i.AbstractProblemLoader Init config took 3.73s 
31061      INFO  main            d.u.i.k.p.i.AbstractProblemLoader Replaying proof interfacesAndAbstractClassesHaveNoInstances.key 
31064      DEBUG main            d.u.i.k.p.i.IntermediateProofReplayer Proof replay took 8.4ns 
31169      INFO  main            d.u.i.k.p.r.p.TestFile    ... finished proof: closed. 
31382      INFO  main            d.u.i.k.p.i.AbstractProblemLoader Loading environment from /home/runner/work/key/key/key.core/../key.ui/examples/standard_key/instanceCreation/interfacesAndAbstractClassesHaveNoInstances.key.proof 
31382      DEBUG main            d.u.i.k.p.i.AbstractProblemLoader Environment load took 252.6ns 
31388      INFO  main            d.u.i.k.p.i.AbstractProblemLoader Creating init config 
34959      DEBUG main            d.u.i.k.p.i.AbstractProblemLoader Init config took 3.57s 
35008      INFO  main            d.u.i.k.p.i.AbstractProblemLoader Replaying proof interfacesAndAbstractClassesHaveNoInstances.key.proof 
35018      DEBUG main            d.u.i.k.p.i.IntermediateProofReplayer Proof replay took 4.11ms 
35019      DEBUG main            d.u.i.k.p.r.p.TestFile    ... success: reloaded. 
35024      INFO  main            d.u.i.k.p.r.p.TestFile    Now processing file /home/runner/work/key/key/key.core/../key.ui/examples/standard_key/instanceCreation/successiveCreatedObjectsAreDistinct.key 
35024      INFO  main            d.u.i.k.p.i.AbstractProblemLoader Loading environment from /home/runner/work/key/key/key.core/../key.ui/examples/standard_key/instanceCreation/successiveCreatedObjectsAreDistinct.key 
35024      DEBUG main            d.u.i.k.p.i.AbstractProblemLoader Environment load took 249.2ns 
35026      INFO  main            d.u.i.k.p.i.AbstractProblemLoader Creating init config 
38667      DEBUG main            d.u.i.k.p.i.AbstractProblemLoader Init config took 3.64s 
38703      INFO  main            d.u.i.k.p.i.AbstractProblemLoader Replaying proof successiveCreatedObjectsAreDistinct.key 
38707      DEBUG main            d.u.i.k.p.i.IntermediateProofReplayer Proof replay took 8.9ns 
39312      INFO  main            d.u.i.k.p.r.p.TestFile    ... finished proof: closed. 
39542      INFO  main            d.u.i.k.p.i.AbstractProblemLoader Loading environment from /home/runner/work/key/key/key.core/../key.ui/examples/standard_key/instanceCreation/successiveCreatedObjectsAreDistinct.key.proof 
39542      DEBUG main            d.u.i.k.p.i.AbstractProblemLoader Environment load took 657.3ns 
39544      INFO  main            d.u.i.k.p.i.AbstractProblemLoader Creating init config 
43000      DEBUG main            d.u.i.k.p.i.AbstractProblemLoader Init config took 3.46s 
43029      INFO  main            d.u.i.k.p.i.AbstractProblemLoader Replaying proof successiveCreatedObjectsAreDistinct.key.proof 
43176      DEBUG main            d.u.i.k.p.i.IntermediateProofReplayer Proof replay took 136.07ms 
43178      DEBUG main            d.u.i.k.p.r.p.TestFile    ... success: reloaded. 
43180      INFO  main            d.u.i.k.p.r.p.TestFile    Now processing file /home/runner/work/key/key/key.core/../key.ui/examples/standard_key/instanceCreation/testOverloadingConstructors.key 
43180      INFO  main            d.u.i.k.p.i.AbstractProblemLoader Loading environment from /home/runner/work/key/key/key.core/../key.ui/examples/standard_key/instanceCreation/testOverloadingConstructors.key 
43181      DEBUG main            d.u.i.k.p.i.AbstractProblemLoader Environment load took 260.2ns 
43182      INFO  main            d.u.i.k.p.i.AbstractProblemLoader Creating init config 
46713      DEBUG main            d.u.i.k.p.i.AbstractProblemLoader Init config took 3.53s 
46742      INFO  main            d.u.i.k.p.i.AbstractProblemLoader Replaying proof testOverloadingConstructors.key 
46744      DEBUG main            d.u.i.k.p.i.IntermediateProofReplayer Proof replay took 8.6ns 
47149      INFO  main            d.u.i.k.p.r.p.TestFile    ... finished proof: closed. 
47391      INFO  main            d.u.i.k.p.i.AbstractProblemLoader Loading environment from /home/runner/work/key/key/key.core/../key.ui/examples/standard_key/instanceCreation/testOverloadingConstructors.key.proof 
47392      DEBUG main            d.u.i.k.p.i.AbstractProblemLoader Environment load took 174.4ns 
47393      INFO  main            d.u.i.k.p.i.AbstractProblemLoader Creating init config 
50884      DEBUG main            d.u.i.k.p.i.AbstractProblemLoader Init config took 3.49s 
50908      INFO  main            d.u.i.k.p.i.AbstractProblemLoader Replaying proof testOverloadingConstructors.key.proof 
50975      DEBUG main            d.u.i.k.p.i.IntermediateProofReplayer Proof replay took 62.62ms 
50977      DEBUG main            d.u.i.k.p.r.p.TestFile    ... success: reloaded. 
50979      INFO  main            d.u.i.k.p.r.p.TestFile    Now processing file /home/runner/work/key/key/key.core/../key.ui/examples/standard_key/java_dl/SimpleAttributes.key 
50979      INFO  main            d.u.i.k.p.i.AbstractProblemLoader Loading environment from /home/runner/work/key/key/key.core/../key.ui/examples/standard_key/java_dl/SimpleAttributes.key 
50980      DEBUG main            d.u.i.k.p.i.AbstractProblemLoader Environment load took 313.2ns 
50982      INFO  main            d.u.i.k.p.i.AbstractProblemLoader Creating init config 
54390      DEBUG main            d.u.i.k.p.i.AbstractProblemLoader Init config took 3.41s 
54420      INFO  main            d.u.i.k.p.i.AbstractProblemLoader Replaying proof SimpleAttributes.key 
54423      DEBUG main            d.u.i.k.p.i.IntermediateProofReplayer Proof replay took 9.2ns 
54629      INFO  main            d.u.i.k.p.r.p.TestFile    ... finished proof: closed. 
54892      INFO  main            d.u.i.k.p.i.AbstractProblemLoader Loading environment from /home/runner/work/key/key/key.core/../key.ui/examples/standard_key/java_dl/SimpleAttributes.key.proof 
54895      DEBUG main            d.u.i.k.p.i.AbstractProblemLoader Environment load took 2.53ms 
54897      INFO  main            d.u.i.k.p.i.AbstractProblemLoader Creating init config 
58293      DEBUG main            d.u.i.k.p.i.AbstractProblemLoader Init config took 3.4s 
58322      INFO  main            d.u.i.k.p.i.AbstractProblemLoader Replaying proof SimpleAttributes.key.proof 
58352      DEBUG main            d.u.i.k.p.i.IntermediateProofReplayer Proof replay took 27.56ms 
58354      DEBUG main            d.u.i.k.p.r.p.TestFile    ... success: reloaded. 
58355      INFO  main            d.u.i.k.p.r.p.TestFile    Now processing file /home/runner/work/key/key/key.core/../key.ui/examples/standard_key/java_dl/arrayMax.key 
58355      INFO  main            d.u.i.k.p.i.AbstractProblemLoader Loading environment from /home/runner/work/key/key/key.core/../key.ui/examples/standard_key/java_dl/arrayMax.key 
58355      DEBUG main            d.u.i.k.p.i.AbstractProblemLoader Environment load took 118.6ns 
58358      INFO  main            d.u.i.k.p.i.AbstractProblemLoader Creating init config 
61840      DEBUG main            d.u.i.k.p.i.AbstractProblemLoader Init config took 3.48s 
61864      INFO  main            d.u.i.k.p.i.AbstractProblemLoader Replaying proof arrayMax.key 
61866      DEBUG main            d.u.i.k.p.i.IntermediateProofReplayer Proof replay took 8ns 
63675      INFO  main            d.u.i.k.p.r.p.TestFile    ... finished proof: closed. 
64044      INFO  main            d.u.i.k.p.i.AbstractProblemLoader Loading environment from /home/runner/work/key/key/key.core/../key.ui/examples/standard_key/java_dl/arrayMax.key.proof 
64047      DEBUG main            d.u.i.k.p.i.AbstractProblemLoader Environment load took 2.54ms 
64049      INFO  main            d.u.i.k.p.i.AbstractProblemLoader Creating init config 
67320      DEBUG main            d.u.i.k.p.i.AbstractProblemLoader Init config took 3.27s 
67346      INFO  main            d.u.i.k.p.i.AbstractProblemLoader Replaying proof arrayMax.key.proof 
67681      DEBUG main            d.u.i.k.p.i.IntermediateProofReplayer Proof replay took 319.81ms 
67683      DEBUG main            d.u.i.k.p.r.p.TestFile    ... success: reloaded. 
67684      INFO  main            d.u.i.k.p.r.p.TestFile    Now processing file /home/runner/work/key/key/key.core/../key.ui/examples/standard_key/java_dl/arrayUpdateSimp.key 
67684      INFO  main            d.u.i.k.p.i.AbstractProblemLoader Loading environment from /home/runner/work/key/key/key.core/../key.ui/examples/standard_key/java_dl/arrayUpdateSimp.key 
67686      DEBUG main            d.u.i.k.p.i.AbstractProblemLoader Environment load took 126.6ns 
67689      INFO  main            d.u.i.k.p.i.AbstractProblemLoader Creating init config 
67726      WARN  main            d.u.i.k.j.r.KeYCrossReferenceNameInfo Datatype java.io.PrintStream declared twice: Once in FILE:/home/runner/work/key/key/key.core/../key.ui/examples/standard_key/java_dl/./classpath/PrintStream.java and once in URL:file:/home/runner/work/key/key/key.core/build/resources/main/de/uka/ilkd/key/java/JavaRedux/java/io/PrintStream.java, Keeping one from URL:file:/home/runner/work/key/key/key.core/build/resources/main/de/uka/ilkd/key/java/JavaRedux/java/io/PrintStream.java 
67726      WARN  main            d.u.i.k.j.r.KeYCrossReferenceNameInfo Datatype java.lang.System declared twice: Once in FILE:/home/runner/work/key/key/key.core/../key.ui/examples/standard_key/java_dl/./classpath/System.java and once in URL:file:/home/runner/work/key/key/key.core/build/resources/main/de/uka/ilkd/key/java/JavaRedux/java/lang/System.java, Keeping one from URL:file:/home/runner/work/key/key/key.core/build/resources/main/de/uka/ilkd/key/java/JavaRedux/java/lang/System.java 
67726      WARN  main            d.u.i.k.j.r.KeYCrossReferenceNameInfo Datatype java.io.InputStream declared twice: Once in FILE:/home/runner/work/key/key/key.core/../key.ui/examples/standard_key/java_dl/./classpath/InputStream.java and once in URL:file:/home/runner/work/key/key/key.core/build/resources/main/de/uka/ilkd/key/java/JavaRedux/java/io/InputStream.java, Keeping one from URL:file:/home/runner/work/key/key/key.core/build/resources/main/de/uka/ilkd/key/java/JavaRedux/java/io/InputStream.java 
67733      DEBUG main            d.u.i.k.j.r.ClassFileDeclarationBuilder Parsing: package java.io; public class Closeable { } 
67734      DEBUG main            r.s.KeYCrossReferenceSourceInfo Dynamically created class: java.io.Closeable 
71046      DEBUG main            d.u.i.k.p.i.AbstractProblemLoader Init config took 3.36s 
71070      INFO  main            d.u.i.k.p.i.AbstractProblemLoader Replaying proof arrayUpdateSimp.key 
71072      DEBUG main            d.u.i.k.p.i.IntermediateProofReplayer Proof replay took 8.4ns 
71190      INFO  main            d.u.i.k.p.r.p.TestFile    ... finished proof: closed. 
71458      INFO  main            d.u.i.k.p.i.AbstractProblemLoader Loading environment from /home/runner/work/key/key/key.core/../key.ui/examples/standard_key/java_dl/arrayUpdateSimp.key.proof 
71460      DEBUG main            d.u.i.k.p.i.AbstractProblemLoader Environment load took 2.09ms 
71466      INFO  main            d.u.i.k.p.i.AbstractProblemLoader Creating init config 
71503      WARN  main            d.u.i.k.j.r.KeYCrossReferenceNameInfo Datatype java.io.PrintStream declared twice: Once in FILE:/home/runner/work/key/key/key.core/../key.ui/examples/standard_key/java_dl/classpath/PrintStream.java and once in URL:file:/home/runner/work/key/key/key.core/build/resources/main/de/uka/ilkd/key/java/JavaRedux/java/io/PrintStream.java, Keeping one from URL:file:/home/runner/work/key/key/key.core/build/resources/main/de/uka/ilkd/key/java/JavaRedux/java/io/PrintStream.java 
71503      WARN  main            d.u.i.k.j.r.KeYCrossReferenceNameInfo Datatype java.lang.System declared twice: Once in FILE:/home/runner/work/key/key/key.core/../key.ui/examples/standard_key/java_dl/classpath/System.java and once in URL:file:/home/runner/work/key/key/key.core/build/resources/main/de/uka/ilkd/key/java/JavaRedux/java/lang/System.java, Keeping one from URL:file:/home/runner/work/key/key/key.core/build/resources/main/de/uka/ilkd/key/java/JavaRedux/java/lang/System.java 
71504      WARN  main            d.u.i.k.j.r.KeYCrossReferenceNameInfo Datatype java.io.InputStream declared twice: Once in FILE:/home/runner/work/key/key/key.core/../key.ui/examples/standard_key/java_dl/classpath/InputStream.java and once in URL:file:/home/runner/work/key/key/key.core/build/resources/main/de/uka/ilkd/key/java/JavaRedux/java/io/InputStream.java, Keeping one from URL:file:/home/runner/work/key/key/key.core/build/resources/main/de/uka/ilkd/key/java/JavaRedux/java/io/InputStream.java 
71508      DEBUG main            d.u.i.k.j.r.ClassFileDeclarationBuilder Parsing: package java.io; public class Closeable { } 
71509      DEBUG main            r.s.KeYCrossReferenceSourceInfo Dynamically created class: java.io.Closeable 
74767      DEBUG main            d.u.i.k.p.i.AbstractProblemLoader Init config took 3.3s 
74791      INFO  main            d.u.i.k.p.i.AbstractProblemLoader Replaying proof arrayUpdateSimp.key.proof 
74794      DEBUG main            d.u.i.k.p.i.IntermediateProofReplayer Proof replay took 999.01ns 
74797      DEBUG main            d.u.i.k.p.r.p.TestFile    ... success: reloaded. 
74798      INFO  main            d.u.i.k.p.r.p.TestFile    Now processing file /home/runner/work/key/key/key.core/../key.ui/examples/standard_key/java_dl/attributes.key 
74798      INFO  main            d.u.i.k.p.i.AbstractProblemLoader Loading environment from /home/runner/work/key/key/key.core/../key.ui/examples/standard_key/java_dl/attributes.key 
74799      DEBUG main            d.u.i.k.p.i.AbstractProblemLoader Environment load took 235.4ns 
74800      INFO  main            d.u.i.k.p.i.AbstractProblemLoader Creating init config 
77969      DEBUG main            d.u.i.k.p.i.AbstractProblemLoader Init config took 3.17s 
78033      INFO  main            d.u.i.k.p.i.AbstractProblemLoader Replaying proof attributes.key 
78044      DEBUG main            d.u.i.k.p.i.IntermediateProofReplayer Proof replay took 8.7ns 
78248      INFO  main            d.u.i.k.p.r.p.TestFile    ... finished proof: closed. 
78503      INFO  main            d.u.i.k.p.i.AbstractProblemLoader Loading environment from /home/runner/work/key/key/key.core/../key.ui/examples/standard_key/java_dl/attributes.key.proof 
78503      DEBUG main            d.u.i.k.p.i.AbstractProblemLoader Environment load took 142.2ns 
78507      INFO  main            d.u.i.k.p.i.AbstractProblemLoader Creating init config 
81684      DEBUG main            d.u.i.k.p.i.AbstractProblemLoader Init config took 3.18s 
81702      INFO  main            d.u.i.k.p.i.AbstractProblemLoader Replaying proof attributes.key.proof 
81748      DEBUG main            d.u.i.k.p.i.IntermediateProofReplayer Proof replay took 42.62ms 
81749      DEBUG main            d.u.i.k.p.r.p.TestFile    ... success: reloaded. 
81750      INFO  main            d.u.i.k.p.r.p.TestFile    Now processing file /home/runner/work/key/key/key.core/../key.ui/examples/standard_key/java_dl/break.key 
81751      INFO  main            d.u.i.k.p.i.AbstractProblemLoader Loading environment from /home/runner/work/key/key/key.core/../key.ui/examples/standard_key/java_dl/break.key 
81751      DEBUG main            d.u.i.k.p.i.AbstractProblemLoader Environment load took 238.4ns 
81753      INFO  main            d.u.i.k.p.i.AbstractProblemLoader Creating init config 
81782      WARN  main            d.u.i.k.j.r.KeYCrossReferenceNameInfo Datatype java.io.PrintStream declared twice: Once in FILE:/home/runner/work/key/key/key.core/../key.ui/examples/standard_key/java_dl/classpath/PrintStream.java and once in URL:file:/home/runner/work/key/key/key.core/build/resources/main/de/uka/ilkd/key/java/JavaRedux/java/io/PrintStream.java, Keeping one from URL:file:/home/runner/work/key/key/key.core/build/resources/main/de/uka/ilkd/key/java/JavaRedux/java/io/PrintStream.java 
81783      WARN  main            d.u.i.k.j.r.KeYCrossReferenceNameInfo Datatype java.lang.System declared twice: Once in FILE:/home/runner/work/key/key/key.core/../key.ui/examples/standard_key/java_dl/classpath/System.java and once in URL:file:/home/runner/work/key/key/key.core/build/resources/main/de/uka/ilkd/key/java/JavaRedux/java/lang/System.java, Keeping one from URL:file:/home/runner/work/key/key/key.core/build/resources/main/de/uka/ilkd/key/java/JavaRedux/java/lang/System.java 
81783      WARN  main            d.u.i.k.j.r.KeYCrossReferenceNameInfo Datatype java.io.InputStream declared twice: Once in FILE:/home/runner/work/key/key/key.core/../key.ui/examples/standard_key/java_dl/classpath/InputStream.java and once in URL:file:/home/runner/work/key/key/key.core/build/resources/main/de/uka/ilkd/key/java/JavaRedux/java/io/InputStream.java, Keeping one from URL:file:/home/runner/work/key/key/key.core/build/resources/main/de/uka/ilkd/key/java/JavaRedux/java/io/InputStream.java 
81787      DEBUG main            d.u.i.k.j.r.ClassFileDeclarationBuilder Parsing: package java.io; public class Closeable { } 
81787      DEBUG main            r.s.KeYCrossReferenceSourceInfo Dynamically created class: java.io.Closeable 
84801      DEBUG main            d.u.i.k.p.i.AbstractProblemLoader Init config took 3.05s 
84819      INFO  main            d.u.i.k.p.i.AbstractProblemLoader Replaying proof break.key 
84821      DEBUG main            d.u.i.k.p.i.IntermediateProofReplayer Proof replay took 7.3ns 
84925      INFO  main            d.u.i.k.p.r.p.TestFile    ... finished proof: closed. 
85183      INFO  main            d.u.i.k.p.i.AbstractProblemLoader Loading environment from /home/runner/work/key/key/key.core/../key.ui/examples/standard_key/java_dl/break.key.proof 
85183      DEBUG main            d.u.i.k.p.i.AbstractProblemLoader Environment load took 235.7ns 
85185      INFO  main            d.u.i.k.p.i.AbstractProblemLoader Creating init config 
85214      WARN  main            d.u.i.k.j.r.KeYCrossReferenceNameInfo Datatype java.io.PrintStream declared twice: Once in FILE:/home/runner/work/key/key/key.core/../key.ui/examples/standard_key/java_dl/classpath/PrintStream.java and once in URL:file:/home/runner/work/key/key/key.core/build/resources/main/de/uka/ilkd/key/java/JavaRedux/java/io/PrintStream.java, Keeping one from URL:file:/home/runner/work/key/key/key.core/build/resources/main/de/uka/ilkd/key/java/JavaRedux/java/io/PrintStream.java 
85214      WARN  main            d.u.i.k.j.r.KeYCrossReferenceNameInfo Datatype java.lang.System declared twice: Once in FILE:/home/runner/work/key/key/key.core/../key.ui/examples/standard_key/java_dl/classpath/System.java and once in URL:file:/home/runner/work/key/key/key.core/build/resources/main/de/uka/ilkd/key/java/JavaRedux/java/lang/System.java, Keeping one from URL:file:/home/runner/work/key/key/key.core/build/resources/main/de/uka/ilkd/key/java/JavaRedux/java/lang/System.java 
85214      WARN  main            d.u.i.k.j.r.KeYCrossReferenceNameInfo Datatype java.io.InputStream declared twice: Once in FILE:/home/runner/work/key/key/key.core/../key.ui/examples/standard_key/java_dl/classpath/InputStream.java and once in URL:file:/home/runner/work/key/key/key.core/build/resources/main/de/uka/ilkd/key/java/JavaRedux/java/io/InputStream.java, Keeping one from URL:file:/home/runner/work/key/key/key.core/build/resources/main/de/uka/ilkd/key/java/JavaRedux/java/io/InputStream.java 
85218      DEBUG main            d.u.i.k.j.r.ClassFileDeclarationBuilder Parsing: package java.io; public class Closeable { } 
85218      DEBUG main            r.s.KeYCrossReferenceSourceInfo Dynamically created class: java.io.Closeable 
88358      DEBUG main            d.u.i.k.p.i.AbstractProblemLoader Init config took 3.17s 
88378      INFO  main            d.u.i.k.p.i.AbstractProblemLoader Replaying proof break.key.proof 
88391      DEBUG main            d.u.i.k.p.i.IntermediateProofReplayer Proof replay took 9.42ms 
88392      DEBUG main            d.u.i.k.p.r.p.TestFile    ... success: reloaded. 
88394      INFO  main            d.u.i.k.p.r.p.TestFile    Now processing file /home/runner/work/key/key/key.core/../key.ui/examples/standard_key/java_dl/char.key 
88394      INFO  main            d.u.i.k.p.i.AbstractProblemLoader Loading environment from /home/runner/work/key/key/key.core/../key.ui/examples/standard_key/java_dl/char.key 
88394      DEBUG main            d.u.i.k.p.i.AbstractProblemLoader Environment load took 121ns 
88395      INFO  main            d.u.i.k.p.i.AbstractProblemLoader Creating init config 
91543      DEBUG main            d.u.i.k.p.i.AbstractProblemLoader Init config took 3.15s 
91583      INFO  main            d.u.i.k.p.i.AbstractProblemLoader Replaying proof char.key 
91585      DEBUG main            d.u.i.k.p.i.IntermediateProofReplayer Proof replay took 8.2ns 
91688      INFO  main            d.u.i.k.p.r.p.TestFile    ... finished proof: closed. 
91961      INFO  main            d.u.i.k.p.i.AbstractProblemLoader Loading environment from /home/runner/work/key/key/key.core/../key.ui/examples/standard_key/java_dl/char.key.proof 
91961      DEBUG main            d.u.i.k.p.i.AbstractProblemLoader Environment load took 181.3ns 
91965      INFO  main            d.u.i.k.p.i.AbstractProblemLoader Creating init config 
95043      DEBUG main            d.u.i.k.p.i.AbstractProblemLoader Init config took 3.08s 
95060      INFO  main            d.u.i.k.p.i.AbstractProblemLoader Replaying proof char.key.proof 
95066      DEBUG main            d.u.i.k.p.i.IntermediateProofReplayer Proof replay took 3.58ms 
95067      DEBUG main            d.u.i.k.p.r.p.TestFile    ... success: reloaded. 
95068      INFO  main            d.u.i.k.p.r.p.TestFile    Now processing file /home/runner/work/key/key/key.core/../key.ui/examples/standard_key/java_dl/compileTimeConstants.key 
95068      INFO  main            d.u.i.k.p.i.AbstractProblemLoader Loading environment from /home/runner/work/key/key/key.core/../key.ui/examples/standard_key/java_dl/compileTimeConstants.key 
95069      DEBUG main            d.u.i.k.p.i.AbstractProblemLoader Environment load took 216ns 
95070      INFO  main            d.u.i.k.p.i.AbstractProblemLoader Creating init config 
98295      DEBUG main            d.u.i.k.p.i.AbstractProblemLoader Init config took 3.23s 
98316      INFO  main            d.u.i.k.p.i.AbstractProblemLoader Replaying proof compileTimeConstants.key 
98318      DEBUG main            d.u.i.k.p.i.IntermediateProofReplayer Proof replay took 8.8ns 
98425      INFO  main            d.u.i.k.p.r.p.TestFile    ... finished proof: closed. 
98709      INFO  main            d.u.i.k.p.i.AbstractProblemLoader Loading environment from /home/runner/work/key/key/key.core/../key.ui/examples/standard_key/java_dl/compileTimeConstants.key.proof 
98709      DEBUG main            d.u.i.k.p.i.AbstractProblemLoader Environment load took 140.9ns 
98710      INFO  main            d.u.i.k.p.i.AbstractProblemLoader Creating init config 
101823     DEBUG main            d.u.i.k.p.i.AbstractProblemLoader Init config took 3.11s 
101839     INFO  main            d.u.i.k.p.i.AbstractProblemLoader Replaying proof compileTimeConstants.key.proof 
101855     DEBUG main            d.u.i.k.p.i.IntermediateProofReplayer Proof replay took 13.01ms 
101863     DEBUG main            d.u.i.k.p.r.p.TestFile    ... success: reloaded. 
101864     INFO  main            d.u.i.k.p.r.p.TestFile    Now processing file /home/runner/work/key/key/key.core/../key.ui/examples/standard_key/java_dl/constructorException/test.key 
101864     INFO  main            d.u.i.k.p.i.AbstractProblemLoader Loading environment from /home/runner/work/key/key/key.core/../key.ui/examples/standard_key/java_dl/constructorException/test.key 
101864     DEBUG main            d.u.i.k.p.i.AbstractProblemLoader Environment load took 127.3ns 
101866     INFO  main            d.u.i.k.p.i.AbstractProblemLoader Creating init config 
105075     DEBUG main            d.u.i.k.p.i.AbstractProblemLoader Init config took 3.21s 
105182     INFO  main            d.u.i.k.p.i.AbstractProblemLoader Replaying proof Test[Test::Test(int)].JML operation contract.0 
105183     DEBUG main            d.u.i.k.p.i.IntermediateProofReplayer Proof replay took 8.6ns 
105490     INFO  main            d.u.i.k.p.r.p.TestFile    ... finished proof: closed. 
105835     INFO  main            d.u.i.k.p.i.AbstractProblemLoader Loading environment from /home/runner/work/key/key/key.core/../key.ui/examples/standard_key/java_dl/constructorException/test.key.proof 
105838     DEBUG main            d.u.i.k.p.i.AbstractProblemLoader Environment load took 2.77ms 
105839     INFO  main            d.u.i.k.p.i.AbstractProblemLoader Creating init config 
109017     DEBUG main            d.u.i.k.p.i.AbstractProblemLoader Init config took 3.18s 
109071     INFO  main            d.u.i.k.p.i.AbstractProblemLoader Replaying proof Test[Test::Test(int)].JML operation contract.0 
109148     DEBUG main            d.u.i.k.p.i.IntermediateProofReplayer Proof replay took 72.93ms 
109150     DEBUG main            d.u.i.k.p.r.p.TestFile    ... success: reloaded. 
109151     INFO  main            d.u.i.k.p.r.p.TestFile    Now processing file /home/runner/work/key/key/key.core/../key.ui/examples/standard_key/java_dl/constructorException/regressionTestBug1333.key 
109151     INFO  main            d.u.i.k.p.i.AbstractProblemLoader Loading environment from /home/runner/work/key/key/key.core/../key.ui/examples/standard_key/java_dl/constructorException/regressionTestBug1333.key 
109151     DEBUG main            d.u.i.k.p.i.AbstractProblemLoader Environment load took 88.4ns 
109152     INFO  main            d.u.i.k.p.i.AbstractProblemLoader Creating init config 
112471     DEBUG main            d.u.i.k.p.i.AbstractProblemLoader Init config took 3.32s 
112526     INFO  main            d.u.i.k.p.i.AbstractProblemLoader Replaying proof False[False::False()].JML normal_behavior operation contract.0 
112529     DEBUG main            d.u.i.k.p.i.IntermediateProofReplayer Proof replay took 8.5ns 
112634     INFO  main            d.u.i.k.p.r.p.TestFile    ... finished proof: open goal(s) 
112929     INFO  main            d.u.i.k.p.r.p.TestFile    Now processing file /home/runner/work/key/key/key.core/../key.ui/examples/standard_key/java_dl/continue1.key 
112929     INFO  main            d.u.i.k.p.i.AbstractProblemLoader Loading environment from /home/runner/work/key/key/key.core/../key.ui/examples/standard_key/java_dl/continue1.key 
112929     DEBUG main            d.u.i.k.p.i.AbstractProblemLoader Environment load took 77.7ns 
112931     INFO  main            d.u.i.k.p.i.AbstractProblemLoader Creating init config 
112970     WARN  main            d.u.i.k.j.r.KeYCrossReferenceNameInfo Datatype java.io.PrintStream declared twice: Once in FILE:/home/runner/work/key/key/key.core/../key.ui/examples/standard_key/java_dl/classpath/PrintStream.java and once in URL:file:/home/runner/work/key/key/key.core/build/resources/main/de/uka/ilkd/key/java/JavaRedux/java/io/PrintStream.java, Keeping one from URL:file:/home/runner/work/key/key/key.core/build/resources/main/de/uka/ilkd/key/java/JavaRedux/java/io/PrintStream.java 
112971     WARN  main            d.u.i.k.j.r.KeYCrossReferenceNameInfo Datatype java.lang.System declared twice: Once in FILE:/home/runner/work/key/key/key.core/../key.ui/examples/standard_key/java_dl/classpath/System.java and once in URL:file:/home/runner/work/key/key/key.core/build/resources/main/de/uka/ilkd/key/java/JavaRedux/java/lang/System.java, Keeping one from URL:file:/home/runner/work/key/key/key.core/build/resources/main/de/uka/ilkd/key/java/JavaRedux/java/lang/System.java 
112971     WARN  main            d.u.i.k.j.r.KeYCrossReferenceNameInfo Datatype java.io.InputStream declared twice: Once in FILE:/home/runner/work/key/key/key.core/../key.ui/examples/standard_key/java_dl/classpath/InputStream.java and once in URL:file:/home/runner/work/key/key/key.core/build/resources/main/de/uka/ilkd/key/java/JavaRedux/java/io/InputStream.java, Keeping one from URL:file:/home/runner/work/key/key/key.core/build/resources/main/de/uka/ilkd/key/java/JavaRedux/java/io/InputStream.java 
112976     DEBUG main            d.u.i.k.j.r.ClassFileDeclarationBuilder Parsing: package java.io; public class Closeable { } 
112976     DEBUG main            r.s.KeYCrossReferenceSourceInfo Dynamically created class: java.io.Closeable 
116069     DEBUG main            d.u.i.k.p.i.AbstractProblemLoader Init config took 3.14s 
116086     INFO  main            d.u.i.k.p.i.AbstractProblemLoader Replaying proof continue1.key 
116089     DEBUG main            d.u.i.k.p.i.IntermediateProofReplayer Proof replay took 7.3ns 
116191     INFO  main            d.u.i.k.p.r.p.TestFile    ... finished proof: closed. 
116473     INFO  main            d.u.i.k.p.i.AbstractProblemLoader Loading environment from /home/runner/work/key/key/key.core/../key.ui/examples/standard_key/java_dl/continue1.key.proof 
116473     DEBUG main            d.u.i.k.p.i.AbstractProblemLoader Environment load took 189.2ns 
116475     INFO  main            d.u.i.k.p.i.AbstractProblemLoader Creating init config 
116519     WARN  main            d.u.i.k.j.r.KeYCrossReferenceNameInfo Datatype java.io.PrintStream declared twice: Once in FILE:/home/runner/work/key/key/key.core/../key.ui/examples/standard_key/java_dl/classpath/PrintStream.java and once in URL:file:/home/runner/work/key/key/key.core/build/resources/main/de/uka/ilkd/key/java/JavaRedux/java/io/PrintStream.java, Keeping one from URL:file:/home/runner/work/key/key/key.core/build/resources/main/de/uka/ilkd/key/java/JavaRedux/java/io/PrintStream.java 
116519     WARN  main            d.u.i.k.j.r.KeYCrossReferenceNameInfo Datatype java.lang.System declared twice: Once in FILE:/home/runner/work/key/key/key.core/../key.ui/examples/standard_key/java_dl/classpath/System.java and once in URL:file:/home/runner/work/key/key/key.core/build/resources/main/de/uka/ilkd/key/java/JavaRedux/java/lang/System.java, Keeping one from URL:file:/home/runner/work/key/key/key.core/build/resources/main/de/uka/ilkd/key/java/JavaRedux/java/lang/System.java 
116519     WARN  main            d.u.i.k.j.r.KeYCrossReferenceNameInfo Datatype java.io.InputStream declared twice: Once in FILE:/home/runner/work/key/key/key.core/../key.ui/examples/standard_key/java_dl/classpath/InputStream.java and once in URL:file:/home/runner/work/key/key/key.core/build/resources/main/de/uka/ilkd/key/java/JavaRedux/java/io/InputStream.java, Keeping one from URL:file:/home/runner/work/key/key/key.core/build/resources/main/de/uka/ilkd/key/java/JavaRedux/java/io/InputStream.java 
116529     DEBUG main            d.u.i.k.j.r.ClassFileDeclarationBuilder Parsing: package java.io; public class Closeable { } 
116534     DEBUG main            r.s.KeYCrossReferenceSourceInfo Dynamically created class: java.io.Closeable 
119774     DEBUG main            d.u.i.k.p.i.AbstractProblemLoader Init config took 3.3s 
119792     INFO  main            d.u.i.k.p.i.AbstractProblemLoader Replaying proof continue1.key.proof 
119817     DEBUG main            d.u.i.k.p.i.IntermediateProofReplayer Proof replay took 22.34ms 
119819     DEBUG main            d.u.i.k.p.r.p.TestFile    ... success: reloaded. 
119820     INFO  main            d.u.i.k.p.r.p.TestFile    Now processing file /home/runner/work/key/key/key.core/../key.ui/examples/standard_key/java_dl/continue2.key 
119821     INFO  main            d.u.i.k.p.i.AbstractProblemLoader Loading environment from /home/runner/work/key/key/key.core/../key.ui/examples/standard_key/java_dl/continue2.key 
119821     DEBUG main            d.u.i.k.p.i.AbstractProblemLoader Environment load took 133.3ns 
119822     INFO  main            d.u.i.k.p.i.AbstractProblemLoader Creating init config 
119852     WARN  main            d.u.i.k.j.r.KeYCrossReferenceNameInfo Datatype java.io.PrintStream declared twice: Once in FILE:/home/runner/work/key/key/key.core/../key.ui/examples/standard_key/java_dl/classpath/PrintStream.java and once in URL:file:/home/runner/work/key/key/key.core/build/resources/main/de/uka/ilkd/key/java/JavaRedux/java/io/PrintStream.java, Keeping one from URL:file:/home/runner/work/key/key/key.core/build/resources/main/de/uka/ilkd/key/java/JavaRedux/java/io/PrintStream.java 
119853     WARN  main            d.u.i.k.j.r.KeYCrossReferenceNameInfo Datatype java.lang.System declared twice: Once in FILE:/home/runner/work/key/key/key.core/../key.ui/examples/standard_key/java_dl/classpath/System.java and once in URL:file:/home/runner/work/key/key/key.core/build/resources/main/de/uka/ilkd/key/java/JavaRedux/java/lang/System.java, Keeping one from URL:file:/home/runner/work/key/key/key.core/build/resources/main/de/uka/ilkd/key/java/JavaRedux/java/lang/System.java 
119853     WARN  main            d.u.i.k.j.r.KeYCrossReferenceNameInfo Datatype java.io.InputStream declared twice: Once in FILE:/home/runner/work/key/key/key.core/../key.ui/examples/standard_key/java_dl/classpath/InputStream.java and once in URL:file:/home/runner/work/key/key/key.core/build/resources/main/de/uka/ilkd/key/java/JavaRedux/java/io/InputStream.java, Keeping one from URL:file:/home/runner/work/key/key/key.core/build/resources/main/de/uka/ilkd/key/java/JavaRedux/java/io/InputStream.java 
119856     DEBUG main            d.u.i.k.j.r.ClassFileDeclarationBuilder Parsing: package java.io; public class Closeable { } 
119857     DEBUG main            r.s.KeYCrossReferenceSourceInfo Dynamically created class: java.io.Closeable 
123351     DEBUG main            d.u.i.k.p.i.AbstractProblemLoader Init config took 3.53s 
123370     INFO  main            d.u.i.k.p.i.AbstractProblemLoader Replaying proof continue2.key 
123372     DEBUG main            d.u.i.k.p.i.IntermediateProofReplayer Proof replay took 8.4ns 
123777     INFO  main            d.u.i.k.p.r.p.TestFile    ... finished proof: closed. 
124088     INFO  main            d.u.i.k.p.i.AbstractProblemLoader Loading environment from /home/runner/work/key/key/key.core/../key.ui/examples/standard_key/java_dl/continue2.key.proof 
124089     DEBUG main            d.u.i.k.p.i.AbstractProblemLoader Environment load took 1.23ms 
124091     INFO  main            d.u.i.k.p.i.AbstractProblemLoader Creating init config 
124123     WARN  main            d.u.i.k.j.r.KeYCrossReferenceNameInfo Datatype java.io.PrintStream declared twice: Once in FILE:/home/runner/work/key/key/key.core/../key.ui/examples/standard_key/java_dl/classpath/PrintStream.java and once in URL:file:/home/runner/work/key/key/key.core/build/resources/main/de/uka/ilkd/key/java/JavaRedux/java/io/PrintStream.java, Keeping one from URL:file:/home/runner/work/key/key/key.core/build/resources/main/de/uka/ilkd/key/java/JavaRedux/java/io/PrintStream.java 
124124     WARN  main            d.u.i.k.j.r.KeYCrossReferenceNameInfo Datatype java.lang.System declared twice: Once in FILE:/home/runner/work/key/key/key.core/../key.ui/examples/standard_key/java_dl/classpath/System.java and once in URL:file:/home/runner/work/key/key/key.core/build/resources/main/de/uka/ilkd/key/java/JavaRedux/java/lang/System.java, Keeping one from URL:file:/home/runner/work/key/key/key.core/build/resources/main/de/uka/ilkd/key/java/JavaRedux/java/lang/System.java 
124124     WARN  main            d.u.i.k.j.r.KeYCrossReferenceNameInfo Datatype java.io.InputStream declared twice: Once in FILE:/home/runner/work/key/key/key.core/../key.ui/examples/standard_key/java_dl/classpath/InputStream.java and once in URL:file:/home/runner/work/key/key/key.core/build/resources/main/de/uka/ilkd/key/java/JavaRedux/java/io/InputStream.java, Keeping one from URL:file:/home/runner/work/key/key/key.core/build/resources/main/de/uka/ilkd/key/java/JavaRedux/java/io/InputStream.java 
124128     DEBUG main            d.u.i.k.j.r.ClassFileDeclarationBuilder Parsing: package java.io; public class Closeable { } 
124128     DEBUG main            r.s.KeYCrossReferenceSourceInfo Dynamically created class: java.io.Closeable 
127264     DEBUG main            d.u.i.k.p.i.AbstractProblemLoader Init config took 3.17s 
127281     INFO  main            d.u.i.k.p.i.AbstractProblemLoader Replaying proof continue2.key.proof 
127387     DEBUG main            d.u.i.k.p.i.IntermediateProofReplayer Proof replay took 102.84ms 
127389     DEBUG main            d.u.i.k.p.r.p.TestFile    ... success: reloaded. 
127391     INFO  main            d.u.i.k.p.r.p.TestFile    Now processing file /home/runner/work/key/key/key.core/../key.ui/examples/standard_key/java_dl/complexAssignment.key 
127391     INFO  main            d.u.i.k.p.i.AbstractProblemLoader Loading environment from /home/runner/work/key/key/key.core/../key.ui/examples/standard_key/java_dl/complexAssignment.key 
127392     DEBUG main            d.u.i.k.p.i.AbstractProblemLoader Environment load took 127.6ns 
127393     INFO  main            d.u.i.k.p.i.AbstractProblemLoader Creating init config 
130577     DEBUG main            d.u.i.k.p.i.AbstractProblemLoader Init config took 3.18s 
130593     INFO  main            d.u.i.k.p.i.AbstractProblemLoader Replaying proof complexAssignment.key 
130595     DEBUG main            d.u.i.k.p.i.IntermediateProofReplayer Proof replay took 7.6ns 
130700     INFO  main            d.u.i.k.p.r.p.TestFile    ... finished proof: closed. 
130987     INFO  main            d.u.i.k.p.i.AbstractProblemLoader Loading environment from /home/runner/work/key/key/key.core/../key.ui/examples/standard_key/java_dl/complexAssignment.key.proof 
130987     DEBUG main            d.u.i.k.p.i.AbstractProblemLoader Environment load took 152.6ns 
130988     INFO  main            d.u.i.k.p.i.AbstractProblemLoader Creating init config 
133998     DEBUG main            d.u.i.k.p.i.AbstractProblemLoader Init config took 3.01s 
134015     INFO  main            d.u.i.k.p.i.AbstractProblemLoader Replaying proof complexAssignment.key.proof 
134026     DEBUG main            d.u.i.k.p.i.IntermediateProofReplayer Proof replay took 8.34ms 
134027     DEBUG main            d.u.i.k.p.r.p.TestFile    ... success: reloaded. 
134028     INFO  main            d.u.i.k.p.r.p.TestFile    Now processing file /home/runner/work/key/key/key.core/../key.ui/examples/standard_key/java_dl/danglingElseSolution1.key 
134028     INFO  main            d.u.i.k.p.i.AbstractProblemLoader Loading environment from /home/runner/work/key/key/key.core/../key.ui/examples/standard_key/java_dl/danglingElseSolution1.key 
134028     DEBUG main            d.u.i.k.p.i.AbstractProblemLoader Environment load took 122.8ns 
134033     INFO  main            d.u.i.k.p.i.AbstractProblemLoader Creating init config 
137278     DEBUG main            d.u.i.k.p.i.AbstractProblemLoader Init config took 3.24s 
137296     INFO  main            d.u.i.k.p.i.AbstractProblemLoader Replaying proof danglingElseSolution1.key 
137298     DEBUG main            d.u.i.k.p.i.IntermediateProofReplayer Proof replay took 8.9ns 
137401     INFO  main            d.u.i.k.p.r.p.TestFile    ... finished proof: closed. 
137717     INFO  main            d.u.i.k.p.i.AbstractProblemLoader Loading environment from /home/runner/work/key/key/key.core/../key.ui/examples/standard_key/java_dl/danglingElseSolution1.key.proof 
137717     DEBUG main            d.u.i.k.p.i.AbstractProblemLoader Environment load took 158.4ns 
137719     INFO  main            d.u.i.k.p.i.AbstractProblemLoader Creating init config 
140793     DEBUG main            d.u.i.k.p.i.AbstractProblemLoader Init config took 3.07s 
140809     INFO  main            d.u.i.k.p.i.AbstractProblemLoader Replaying proof danglingElseSolution1.key.proof 
140827     DEBUG main            d.u.i.k.p.i.IntermediateProofReplayer Proof replay took 14.39ms 
140829     DEBUG main            d.u.i.k.p.r.p.TestFile    ... success: reloaded. 
140829     INFO  main            d.u.i.k.p.r.p.TestFile    Now processing file /home/runner/work/key/key/key.core/../key.ui/examples/standard_key/java_dl/danglingElseSolution2.key 
140830     INFO  main            d.u.i.k.p.i.AbstractProblemLoader Loading environment from /home/runner/work/key/key/key.core/../key.ui/examples/standard_key/java_dl/danglingElseSolution2.key 
140830     DEBUG main            d.u.i.k.p.i.AbstractProblemLoader Environment load took 116ns 
140832     INFO  main            d.u.i.k.p.i.AbstractProblemLoader Creating init config 
144016     DEBUG main            d.u.i.k.p.i.AbstractProblemLoader Init config took 3.18s 
144034     INFO  main            d.u.i.k.p.i.AbstractProblemLoader Replaying proof danglingElseSolution2.key 
144036     DEBUG main            d.u.i.k.p.i.IntermediateProofReplayer Proof replay took 8.4ns 
144140     INFO  main            d.u.i.k.p.r.p.TestFile    ... finished proof: closed. 
144465     INFO  main            d.u.i.k.p.i.AbstractProblemLoader Loading environment from /home/runner/work/key/key/key.core/../key.ui/examples/standard_key/java_dl/danglingElseSolution2.key.proof 
144465     DEBUG main            d.u.i.k.p.i.AbstractProblemLoader Environment load took 142.6ns 
144467     INFO  main            d.u.i.k.p.i.AbstractProblemLoader Creating init config 
147521     DEBUG main            d.u.i.k.p.i.AbstractProblemLoader Init config took 3.05s 
147538     INFO  main            d.u.i.k.p.i.AbstractProblemLoader Replaying proof danglingElseSolution2.key.proof 
147551     DEBUG main            d.u.i.k.p.i.IntermediateProofReplayer Proof replay took 10.31ms 
147557     DEBUG main            d.u.i.k.p.r.p.TestFile    ... success: reloaded. 
147571     INFO  main            d.u.i.k.p.r.p.TestFile    Now processing file /home/runner/work/key/key/key.core/../key.ui/examples/standard_key/java_dl/deepNonNull/deepNonNull0.key 
147572     INFO  main            d.u.i.k.p.i.AbstractProblemLoader Loading environment from /home/runner/work/key/key/key.core/../key.ui/examples/standard_key/java_dl/deepNonNull/deepNonNull0.key 
147572     DEBUG main            d.u.i.k.p.i.AbstractProblemLoader Environment load took 125.5ns 
147574     INFO  main            d.u.i.k.p.i.AbstractProblemLoader Creating init config 
150840     DEBUG main            d.u.i.k.p.i.AbstractProblemLoader Init config took 3.27s 
150925     INFO  main            d.u.i.k.p.i.AbstractProblemLoader Replaying proof Arrays[Arrays::get()].JML operation contract.0 
150927     DEBUG main            d.u.i.k.p.i.IntermediateProofReplayer Proof replay took 8.3ns 
151130     INFO  main            d.u.i.k.p.r.p.TestFile    ... finished proof: closed. 
151602     INFO  main            d.u.i.k.p.i.AbstractProblemLoader Loading environment from /home/runner/work/key/key/key.core/../key.ui/examples/standard_key/java_dl/deepNonNull/deepNonNull0.key.proof 
151603     DEBUG main            d.u.i.k.p.i.AbstractProblemLoader Environment load took 1.62ms 
151605     INFO  main            d.u.i.k.p.i.AbstractProblemLoader Creating init config 
154711     DEBUG main            d.u.i.k.p.i.AbstractProblemLoader Init config took 3.11s 
154760     INFO  main            d.u.i.k.p.i.AbstractProblemLoader Replaying proof Arrays[Arrays::get()].JML operation contract.0 
154795     DEBUG main            d.u.i.k.p.i.IntermediateProofReplayer Proof replay took 32.06ms 
154796     DEBUG main            d.u.i.k.p.r.p.TestFile    ... success: reloaded. 
154797     INFO  main            d.u.i.k.p.r.p.TestFile    Now processing file /home/runner/work/key/key/key.core/../key.ui/examples/standard_key/java_dl/deepNonNull/deepNonNull1.key 
154798     INFO  main            d.u.i.k.p.i.AbstractProblemLoader Loading environment from /home/runner/work/key/key/key.core/../key.ui/examples/standard_key/java_dl/deepNonNull/deepNonNull1.key 
154798     DEBUG main            d.u.i.k.p.i.AbstractProblemLoader Environment load took 220.2ns 
154799     INFO  main            d.u.i.k.p.i.AbstractProblemLoader Creating init config 
158037     DEBUG main            d.u.i.k.p.i.AbstractProblemLoader Init config took 3.24s 
158087     INFO  main            d.u.i.k.p.i.AbstractProblemLoader Replaying proof Arrays[Arrays::head()].JML operation contract.0 
158089     DEBUG main            d.u.i.k.p.i.IntermediateProofReplayer Proof replay took 8.8ns 
158292     INFO  main            d.u.i.k.p.r.p.TestFile    ... finished proof: closed. 
158634     INFO  main            d.u.i.k.p.i.AbstractProblemLoader Loading environment from /home/runner/work/key/key/key.core/../key.ui/examples/standard_key/java_dl/deepNonNull/deepNonNull1.key.proof 
158634     DEBUG main            d.u.i.k.p.i.AbstractProblemLoader Environment load took 207.3ns 
158635     INFO  main            d.u.i.k.p.i.AbstractProblemLoader Creating init config 
161744     DEBUG main            d.u.i.k.p.i.AbstractProblemLoader Init config took 3.11s 
161797     INFO  main            d.u.i.k.p.i.AbstractProblemLoader Replaying proof Arrays[Arrays::head()].JML operation contract.0 
161845     DEBUG main            d.u.i.k.p.i.IntermediateProofReplayer Proof replay took 44.33ms 
161860     DEBUG main            d.u.i.k.p.r.p.TestFile    ... success: reloaded. 
161861     INFO  main            d.u.i.k.p.r.p.TestFile    Now processing file /home/runner/work/key/key/key.core/../key.ui/examples/standard_key/java_dl/deepNonNull/deepNonNull2.key 
161861     INFO  main            d.u.i.k.p.i.AbstractProblemLoader Loading environment from /home/runner/work/key/key/key.core/../key.ui/examples/standard_key/java_dl/deepNonNull/deepNonNull2.key 
161861     DEBUG main            d.u.i.k.p.i.AbstractProblemLoader Environment load took 127.3ns 
161862     INFO  main            d.u.i.k.p.i.AbstractProblemLoader Creating init config 
165201     DEBUG main            d.u.i.k.p.i.AbstractProblemLoader Init config took 3.34s 
165272     INFO  main            d.u.i.k.p.i.AbstractProblemLoader Replaying proof Arrays[Arrays::unprovable(java.lang.Object)].JML operation contract.0 
165273     DEBUG main            d.u.i.k.p.i.IntermediateProofReplayer Proof replay took 8.6ns 
165382     INFO  main            d.u.i.k.p.r.p.TestFile    ... finished proof: open goal(s) 
165717     INFO  main            d.u.i.k.p.r.p.TestFile    Now processing file /home/runner/work/key/key/key.core/../key.ui/examples/standard_key/java_dl/deepNonNull/deepNonNull3.key 
165717     INFO  main            d.u.i.k.p.i.AbstractProblemLoader Loading environment from /home/runner/work/key/key/key.core/../key.ui/examples/standard_key/java_dl/deepNonNull/deepNonNull3.key 
165718     DEBUG main            d.u.i.k.p.i.AbstractProblemLoader Environment load took 85ns 
165719     INFO  main            d.u.i.k.p.i.AbstractProblemLoader Creating init config 
168794     DEBUG main            d.u.i.k.p.i.AbstractProblemLoader Init config took 3.07s 
168842     INFO  main            d.u.i.k.p.i.AbstractProblemLoader Replaying proof Arrays[Arrays::head([[[[Ljava.lang.Object)].JML operation contract.0 
168843     DEBUG main            d.u.i.k.p.i.IntermediateProofReplayer Proof replay took 8.9ns 
169957     INFO  main            d.u.i.k.p.r.p.TestFile    ... finished proof: closed. 
170322     INFO  main            d.u.i.k.p.i.AbstractProblemLoader Loading environment from /home/runner/work/key/key/key.core/../key.ui/examples/standard_key/java_dl/deepNonNull/deepNonNull3.key.proof 
170323     DEBUG main            d.u.i.k.p.i.AbstractProblemLoader Environment load took 480ns 
170324     INFO  main            d.u.i.k.p.i.AbstractProblemLoader Creating init config 
173519     DEBUG main            d.u.i.k.p.i.AbstractProblemLoader Init config took 3.2s 
173569     INFO  main            d.u.i.k.p.i.AbstractProblemLoader Replaying proof Arrays[Arrays::head([[[[Ljava.lang.Object)].JML operation contract.0 
173679     DEBUG main            d.u.i.k.p.i.IntermediateProofReplayer Proof replay took 103.42ms 
173680     DEBUG main            d.u.i.k.p.r.p.TestFile    ... success: reloaded. 
173681     INFO  main            d.u.i.k.p.r.p.TestFile    Now processing file /home/runner/work/key/key/key.core/../key.ui/examples/standard_key/java_dl/exceptions.key 
173682     INFO  main            d.u.i.k.p.i.AbstractProblemLoader Loading environment from /home/runner/work/key/key/key.core/../key.ui/examples/standard_key/java_dl/exceptions.key 
173682     DEBUG main            d.u.i.k.p.i.AbstractProblemLoader Environment load took 259.3ns 
173692     INFO  main            d.u.i.k.p.i.AbstractProblemLoader Creating init config 
173746     WARN  main            d.u.i.k.j.r.KeYCrossReferenceNameInfo Datatype java.io.PrintStream declared twice: Once in FILE:/home/runner/work/key/key/key.core/../key.ui/examples/standard_key/java_dl/classpath/PrintStream.java and once in URL:file:/home/runner/work/key/key/key.core/build/resources/main/de/uka/ilkd/key/java/JavaRedux/java/io/PrintStream.java, Keeping one from URL:file:/home/runner/work/key/key/key.core/build/resources/main/de/uka/ilkd/key/java/JavaRedux/java/io/PrintStream.java 
173747     WARN  main            d.u.i.k.j.r.KeYCrossReferenceNameInfo Datatype java.lang.System declared twice: Once in FILE:/home/runner/work/key/key/key.core/../key.ui/examples/standard_key/java_dl/classpath/System.java and once in URL:file:/home/runner/work/key/key/key.core/build/resources/main/de/uka/ilkd/key/java/JavaRedux/java/lang/System.java, Keeping one from URL:file:/home/runner/work/key/key/key.core/build/resources/main/de/uka/ilkd/key/java/JavaRedux/java/lang/System.java 
173748     WARN  main            d.u.i.k.j.r.KeYCrossReferenceNameInfo Datatype java.io.InputStream declared twice: Once in FILE:/home/runner/work/key/key/key.core/../key.ui/examples/standard_key/java_dl/classpath/InputStream.java and once in URL:file:/home/runner/work/key/key/key.core/build/resources/main/de/uka/ilkd/key/java/JavaRedux/java/io/InputStream.java, Keeping one from URL:file:/home/runner/work/key/key/key.core/build/resources/main/de/uka/ilkd/key/java/JavaRedux/java/io/InputStream.java 
173752     DEBUG main            d.u.i.k.j.r.ClassFileDeclarationBuilder Parsing: package java.io; public class Closeable { } 
173752     DEBUG main            r.s.KeYCrossReferenceSourceInfo Dynamically created class: java.io.Closeable 
176927     DEBUG main            d.u.i.k.p.i.AbstractProblemLoader Init config took 3.24s 
176943     INFO  main            d.u.i.k.p.i.AbstractProblemLoader Replaying proof exceptions.key 
176945     DEBUG main            d.u.i.k.p.i.IntermediateProofReplayer Proof replay took 9.9ns 
177149     INFO  main            d.u.i.k.p.r.p.TestFile    ... finished proof: closed. 
177653     INFO  main            d.u.i.k.p.i.AbstractProblemLoader Loading environment from /home/runner/work/key/key/key.core/../key.ui/examples/standard_key/java_dl/exceptions.key.proof 
177653     DEBUG main            d.u.i.k.p.i.AbstractProblemLoader Environment load took 525.5ns 
177655     INFO  main            d.u.i.k.p.i.AbstractProblemLoader Creating init config 
177685     WARN  main            d.u.i.k.j.r.KeYCrossReferenceNameInfo Datatype java.io.PrintStream declared twice: Once in FILE:/home/runner/work/key/key/key.core/../key.ui/examples/standard_key/java_dl/classpath/PrintStream.java and once in URL:file:/home/runner/work/key/key/key.core/build/resources/main/de/uka/ilkd/key/java/JavaRedux/java/io/PrintStream.java, Keeping one from URL:file:/home/runner/work/key/key/key.core/build/resources/main/de/uka/ilkd/key/java/JavaRedux/java/io/PrintStream.java 
177686     WARN  main            d.u.i.k.j.r.KeYCrossReferenceNameInfo Datatype java.lang.System declared twice: Once in FILE:/home/runner/work/key/key/key.core/../key.ui/examples/standard_key/java_dl/classpath/System.java and once in URL:file:/home/runner/work/key/key/key.core/build/resources/main/de/uka/ilkd/key/java/JavaRedux/java/lang/System.java, Keeping one from URL:file:/home/runner/work/key/key/key.core/build/resources/main/de/uka/ilkd/key/java/JavaRedux/java/lang/System.java 
177686     WARN  main            d.u.i.k.j.r.KeYCrossReferenceNameInfo Datatype java.io.InputStream declared twice: Once in FILE:/home/runner/work/key/key/key.core/../key.ui/examples/standard_key/java_dl/classpath/InputStream.java and once in URL:file:/home/runner/work/key/key/key.core/build/resources/main/de/uka/ilkd/key/java/JavaRedux/java/io/InputStream.java, Keeping one from URL:file:/home/runner/work/key/key/key.core/build/resources/main/de/uka/ilkd/key/java/JavaRedux/java/io/InputStream.java 
177690     DEBUG main            d.u.i.k.j.r.ClassFileDeclarationBuilder Parsing: package java.io; public class Closeable { } 
177690     DEBUG main            r.s.KeYCrossReferenceSourceInfo Dynamically created class: java.io.Closeable 
180713     DEBUG main            d.u.i.k.p.i.AbstractProblemLoader Init config took 3.06s 
180730     INFO  main            d.u.i.k.p.i.AbstractProblemLoader Replaying proof exceptions.key.proof 
180780     DEBUG main            d.u.i.k.p.i.IntermediateProofReplayer Proof replay took 45.68ms 
180781     DEBUG main            d.u.i.k.p.r.p.TestFile    ... success: reloaded. 
180782     INFO  main            d.u.i.k.p.r.p.TestFile    Now processing file /home/runner/work/key/key/key.core/../key.ui/examples/standard_key/java_dl/exceptions1.key 
180782     INFO  main            d.u.i.k.p.i.AbstractProblemLoader Loading environment from /home/runner/work/key/key/key.core/../key.ui/examples/standard_key/java_dl/exceptions1.key 
180782     DEBUG main            d.u.i.k.p.i.AbstractProblemLoader Environment load took 104.2ns 
180784     INFO  main            d.u.i.k.p.i.AbstractProblemLoader Creating init config 
183851     DEBUG main            d.u.i.k.p.i.AbstractProblemLoader Init config took 3.07s 
183869     INFO  main            d.u.i.k.p.i.AbstractProblemLoader Replaying proof exceptions1.key 
183872     DEBUG main            d.u.i.k.p.i.IntermediateProofReplayer Proof replay took 10.6ns 
184077     INFO  main            d.u.i.k.p.r.p.TestFile    ... finished proof: closed. 
184473     INFO  main            d.u.i.k.p.i.AbstractProblemLoader Loading environment from /home/runner/work/key/key/key.core/../key.ui/examples/standard_key/java_dl/exceptions1.key.proof 
184473     DEBUG main            d.u.i.k.p.i.AbstractProblemLoader Environment load took 483.4ns 
184475     INFO  main            d.u.i.k.p.i.AbstractProblemLoader Creating init config 
187601     DEBUG main            d.u.i.k.p.i.AbstractProblemLoader Init config took 3.13s 
187618     INFO  main            d.u.i.k.p.i.AbstractProblemLoader Replaying proof exceptions1.key.proof 
187657     DEBUG main            d.u.i.k.p.i.IntermediateProofReplayer Proof replay took 36.71ms 
187659     DEBUG main            d.u.i.k.p.r.p.TestFile    ... success: reloaded. 
187660     INFO  main            d.u.i.k.p.r.p.TestFile    Now processing file /home/runner/work/key/key/key.core/../key.ui/examples/standard_key/java_dl/exceptions2.key 
187660     INFO  main            d.u.i.k.p.i.AbstractProblemLoader Loading environment from /home/runner/work/key/key/key.core/../key.ui/examples/standard_key/java_dl/exceptions2.key 
187661     DEBUG main            d.u.i.k.p.i.AbstractProblemLoader Environment load took 150.9ns 
187662     INFO  main            d.u.i.k.p.i.AbstractProblemLoader Creating init config 
190861     DEBUG main            d.u.i.k.p.i.AbstractProblemLoader Init config took 3.2s 
190886     INFO  main            d.u.i.k.p.i.AbstractProblemLoader Replaying proof exceptions2.key 
190890     DEBUG main            d.u.i.k.p.i.IntermediateProofReplayer Proof replay took 9.5ns 
191095     INFO  main            d.u.i.k.p.r.p.TestFile    ... finished proof: closed. 
191470     INFO  main            d.u.i.k.p.i.AbstractProblemLoader Loading environment from /home/runner/work/key/key/key.core/../key.ui/examples/standard_key/java_dl/exceptions2.key.proof 
191470     DEBUG main            d.u.i.k.p.i.AbstractProblemLoader Environment load took 114.3ns 
191472     INFO  main            d.u.i.k.p.i.AbstractProblemLoader Creating init config 
194565     DEBUG main            d.u.i.k.p.i.AbstractProblemLoader Init config took 3.09s 
194584     INFO  main            d.u.i.k.p.i.AbstractProblemLoader Replaying proof exceptions2.key.proof 
194626     DEBUG main            d.u.i.k.p.i.IntermediateProofReplayer Proof replay took 39.29ms 
194627     DEBUG main            d.u.i.k.p.r.p.TestFile    ... success: reloaded. 
194628     INFO  main            d.u.i.k.p.r.p.TestFile    Now processing file /home/runner/work/key/key/key.core/../key.ui/examples/standard_key/java_dl/exceptions3.key 
194629     INFO  main            d.u.i.k.p.i.AbstractProblemLoader Loading environment from /home/runner/work/key/key/key.core/../key.ui/examples/standard_key/java_dl/exceptions3.key 
194629     DEBUG main            d.u.i.k.p.i.AbstractProblemLoader Environment load took 106.3ns 
194630     INFO  main            d.u.i.k.p.i.AbstractProblemLoader Creating init config 
194663     WARN  main            d.u.i.k.j.r.KeYCrossReferenceNameInfo Datatype java.io.PrintStream declared twice: Once in FILE:/home/runner/work/key/key/key.core/../key.ui/examples/standard_key/java_dl/classpath/PrintStream.java and once in URL:file:/home/runner/work/key/key/key.core/build/resources/main/de/uka/ilkd/key/java/JavaRedux/java/io/PrintStream.java, Keeping one from URL:file:/home/runner/work/key/key/key.core/build/resources/main/de/uka/ilkd/key/java/JavaRedux/java/io/PrintStream.java 
194663     WARN  main            d.u.i.k.j.r.KeYCrossReferenceNameInfo Datatype java.lang.System declared twice: Once in FILE:/home/runner/work/key/key/key.core/../key.ui/examples/standard_key/java_dl/classpath/System.java and once in URL:file:/home/runner/work/key/key/key.core/build/resources/main/de/uka/ilkd/key/java/JavaRedux/java/lang/System.java, Keeping one from URL:file:/home/runner/work/key/key/key.core/build/resources/main/de/uka/ilkd/key/java/JavaRedux/java/lang/System.java 
194663     WARN  main            d.u.i.k.j.r.KeYCrossReferenceNameInfo Datatype java.io.InputStream declared twice: Once in FILE:/home/runner/work/key/key/key.core/../key.ui/examples/standard_key/java_dl/classpath/InputStream.java and once in URL:file:/home/runner/work/key/key/key.core/build/resources/main/de/uka/ilkd/key/java/JavaRedux/java/io/InputStream.java, Keeping one from URL:file:/home/runner/work/key/key/key.core/build/resources/main/de/uka/ilkd/key/java/JavaRedux/java/io/InputStream.java 
194666     DEBUG main            d.u.i.k.j.r.ClassFileDeclarationBuilder Parsing: package java.io; public class Closeable { } 
194667     DEBUG main            r.s.KeYCrossReferenceSourceInfo Dynamically created class: java.io.Closeable 
197638     DEBUG main            d.u.i.k.p.i.AbstractProblemLoader Init config took 3.01s 
197654     INFO  main            d.u.i.k.p.i.AbstractProblemLoader Replaying proof exceptions3.key 
197656     DEBUG main            d.u.i.k.p.i.IntermediateProofReplayer Proof replay took 8.9ns 
197760     INFO  main            d.u.i.k.p.r.p.TestFile    ... finished proof: closed. 
198145     INFO  main            d.u.i.k.p.i.AbstractProblemLoader Loading environment from /home/runner/work/key/key/key.core/../key.ui/examples/standard_key/java_dl/exceptions3.key.proof 
198145     DEBUG main            d.u.i.k.p.i.AbstractProblemLoader Environment load took 110.7ns 
198146     INFO  main            d.u.i.k.p.i.AbstractProblemLoader Creating init config 
198176     WARN  main            d.u.i.k.j.r.KeYCrossReferenceNameInfo Datatype java.io.PrintStream declared twice: Once in FILE:/home/runner/work/key/key/key.core/../key.ui/examples/standard_key/java_dl/classpath/PrintStream.java and once in URL:file:/home/runner/work/key/key/key.core/build/resources/main/de/uka/ilkd/key/java/JavaRedux/java/io/PrintStream.java, Keeping one from URL:file:/home/runner/work/key/key/key.core/build/resources/main/de/uka/ilkd/key/java/JavaRedux/java/io/PrintStream.java 
198176     WARN  main            d.u.i.k.j.r.KeYCrossReferenceNameInfo Datatype java.lang.System declared twice: Once in FILE:/home/runner/work/key/key/key.core/../key.ui/examples/standard_key/java_dl/classpath/System.java and once in URL:file:/home/runner/work/key/key/key.core/build/resources/main/de/uka/ilkd/key/java/JavaRedux/java/lang/System.java, Keeping one from URL:file:/home/runner/work/key/key/key.core/build/resources/main/de/uka/ilkd/key/java/JavaRedux/java/lang/System.java 
198177     WARN  main            d.u.i.k.j.r.KeYCrossReferenceNameInfo Datatype java.io.InputStream declared twice: Once in FILE:/home/runner/work/key/key/key.core/../key.ui/examples/standard_key/java_dl/classpath/InputStream.java and once in URL:file:/home/runner/work/key/key/key.core/build/resources/main/de/uka/ilkd/key/java/JavaRedux/java/io/InputStream.java, Keeping one from URL:file:/home/runner/work/key/key/key.core/build/resources/main/de/uka/ilkd/key/java/JavaRedux/java/io/InputStream.java 
198180     DEBUG main            d.u.i.k.j.r.ClassFileDeclarationBuilder Parsing: package java.io; public class Closeable { } 
198181     DEBUG main            r.s.KeYCrossReferenceSourceInfo Dynamically created class: java.io.Closeable 
201271     DEBUG main            d.u.i.k.p.i.AbstractProblemLoader Init config took 3.12s 
201286     INFO  main            d.u.i.k.p.i.AbstractProblemLoader Replaying proof exceptions3.key.proof 
201293     DEBUG main            d.u.i.k.p.i.IntermediateProofReplayer Proof replay took 4.86ms 
201295     DEBUG main            d.u.i.k.p.r.p.TestFile    ... success: reloaded. 
201296     INFO  main            d.u.i.k.p.r.p.TestFile    Now processing file /home/runner/work/key/key/key.core/../key.ui/examples/standard_key/java_dl/exchange.key 
201296     INFO  main            d.u.i.k.p.i.AbstractProblemLoader Loading environment from /home/runner/work/key/key/key.core/../key.ui/examples/standard_key/java_dl/exchange.key 
201296     DEBUG main            d.u.i.k.p.i.AbstractProblemLoader Environment load took 119.4ns 
201297     INFO  main            d.u.i.k.p.i.AbstractProblemLoader Creating init config 
204428     DEBUG main            d.u.i.k.p.i.AbstractProblemLoader Init config took 3.13s 
204445     INFO  main            d.u.i.k.p.i.AbstractProblemLoader Replaying proof exchange.key 
204447     DEBUG main            d.u.i.k.p.i.IntermediateProofReplayer Proof replay took 9.4ns 
204549     INFO  main            d.u.i.k.p.r.p.TestFile    ... finished proof: closed. 
204929     INFO  main            d.u.i.k.p.i.AbstractProblemLoader Loading environment from /home/runner/work/key/key/key.core/../key.ui/examples/standard_key/java_dl/exchange.key.proof 
204929     DEBUG main            d.u.i.k.p.i.AbstractProblemLoader Environment load took 144.5ns 
204930     INFO  main            d.u.i.k.p.i.AbstractProblemLoader Creating init config 
207957     DEBUG main            d.u.i.k.p.i.AbstractProblemLoader Init config took 3.03s 
207974     INFO  main            d.u.i.k.p.i.AbstractProblemLoader Replaying proof exchange.key.proof 
207980     DEBUG main            d.u.i.k.p.i.IntermediateProofReplayer Proof replay took 3.74ms 
207981     DEBUG main            d.u.i.k.p.r.p.TestFile    ... success: reloaded. 
207982     INFO  main            d.u.i.k.p.r.p.TestFile    Now processing file /home/runner/work/key/key/key.core/../key.ui/examples/standard_key/java_dl/if.key 
207982     INFO  main            d.u.i.k.p.i.AbstractProblemLoader Loading environment from /home/runner/work/key/key/key.core/../key.ui/examples/standard_key/java_dl/if.key 
207982     DEBUG main            d.u.i.k.p.i.AbstractProblemLoader Environment load took 163.2ns 
207983     INFO  main            d.u.i.k.p.i.AbstractProblemLoader Creating init config 
211011     DEBUG main            d.u.i.k.p.i.AbstractProblemLoader Init config took 3.03s 
211026     INFO  main            d.u.i.k.p.i.AbstractProblemLoader Replaying proof if.key 
211028     DEBUG main            d.u.i.k.p.i.IntermediateProofReplayer Proof replay took 9.3ns 
211130     INFO  main            d.u.i.k.p.r.p.TestFile    ... finished proof: closed. 
211508     INFO  main            d.u.i.k.p.i.AbstractProblemLoader Loading environment from /home/runner/work/key/key/key.core/../key.ui/examples/standard_key/java_dl/if.key.proof 
211509     DEBUG main            d.u.i.k.p.i.AbstractProblemLoader Environment load took 131.7ns 
211510     INFO  main            d.u.i.k.p.i.AbstractProblemLoader Creating init config 
214506     DEBUG main            d.u.i.k.p.i.AbstractProblemLoader Init config took 2.99s 
214523     INFO  main            d.u.i.k.p.i.AbstractProblemLoader Replaying proof if.key.proof 
214528     DEBUG main            d.u.i.k.p.i.IntermediateProofReplayer Proof replay took 3.54ms 
214529     DEBUG main            d.u.i.k.p.r.p.TestFile    ... success: reloaded. 
214530     INFO  main            d.u.i.k.p.r.p.TestFile    Now processing file /home/runner/work/key/key/key.core/../key.ui/examples/standard_key/java_dl/incrementcounter.key 
214530     INFO  main            d.u.i.k.p.i.AbstractProblemLoader Loading environment from /home/runner/work/key/key/key.core/../key.ui/examples/standard_key/java_dl/incrementcounter.key 
214530     DEBUG main            d.u.i.k.p.i.AbstractProblemLoader Environment load took 69.3ns 
214531     INFO  main            d.u.i.k.p.i.AbstractProblemLoader Creating init config 
217512     DEBUG main            d.u.i.k.p.i.AbstractProblemLoader Init config took 2.98s 
217531     INFO  main            d.u.i.k.p.i.AbstractProblemLoader Replaying proof incrementcounter.key 
217533     DEBUG main            d.u.i.k.p.i.IntermediateProofReplayer Proof replay took 8.9ns 
217635     INFO  main            d.u.i.k.p.r.p.TestFile    ... finished proof: closed. 
218033     INFO  main            d.u.i.k.p.i.AbstractProblemLoader Loading environment from /home/runner/work/key/key/key.core/../key.ui/examples/standard_key/java_dl/incrementcounter.key.proof 
218033     DEBUG main            d.u.i.k.p.i.AbstractProblemLoader Environment load took 111.6ns 
218034     INFO  main            d.u.i.k.p.i.AbstractProblemLoader Creating init config 
221053     DEBUG main            d.u.i.k.p.i.AbstractProblemLoader Init config took 3.02s 
221068     INFO  main            d.u.i.k.p.i.AbstractProblemLoader Replaying proof incrementcounter.key.proof 
221073     DEBUG main            d.u.i.k.p.i.IntermediateProofReplayer Proof replay took 2.16ms 
221074     DEBUG main            d.u.i.k.p.r.p.TestFile    ... success: reloaded. 
221074     INFO  main            d.u.i.k.p.r.p.TestFile    Now processing file /home/runner/work/key/key/key.core/../key.ui/examples/standard_key/java_dl/danglingElse.key 
221074     INFO  main            d.u.i.k.p.i.AbstractProblemLoader Loading environment from /home/runner/work/key/key/key.core/../key.ui/examples/standard_key/java_dl/danglingElse.key 
221074     DEBUG main            d.u.i.k.p.i.AbstractProblemLoader Environment load took 67.1ns 
221076     INFO  main            d.u.i.k.p.i.AbstractProblemLoader Creating init config 
224148     DEBUG main            d.u.i.k.p.i.AbstractProblemLoader Init config took 3.07s 
224169     INFO  main            d.u.i.k.p.i.AbstractProblemLoader Replaying proof danglingElse.key 
224172     DEBUG main            d.u.i.k.p.i.IntermediateProofReplayer Proof replay took 9.9ns 
224275     INFO  main            d.u.i.k.p.r.p.TestFile    ... finished proof: open goal(s) 
224752     INFO  main            d.u.i.k.p.r.p.TestFile    Now processing file /home/runner/work/key/key/key.core/../key.ui/examples/standard_key/java_dl/iteratedAssignment.key 
224756     INFO  main            d.u.i.k.p.i.AbstractProblemLoader Loading environment from /home/runner/work/key/key/key.core/../key.ui/examples/standard_key/java_dl/iteratedAssignment.key 
224757     DEBUG main            d.u.i.k.p.i.AbstractProblemLoader Environment load took 506ns 
224761     INFO  main            d.u.i.k.p.i.AbstractProblemLoader Creating init config 
227818     DEBUG main            d.u.i.k.p.i.AbstractProblemLoader Init config took 3.06s 
227836     INFO  main            d.u.i.k.p.i.AbstractProblemLoader Replaying proof iteratedAssignment.key 
227839     DEBUG main            d.u.i.k.p.i.IntermediateProofReplayer Proof replay took 9.4ns 
228243     INFO  main            d.u.i.k.p.r.p.TestFile    ... finished proof: closed. 
228738     INFO  main            d.u.i.k.p.i.AbstractProblemLoader Loading environment from /home/runner/work/key/key/key.core/../key.ui/examples/standard_key/java_dl/iteratedAssignment.key.proof 
228739     DEBUG main            d.u.i.k.p.i.AbstractProblemLoader Environment load took 544.11ns 
228740     INFO  main            d.u.i.k.p.i.AbstractProblemLoader Creating init config 
231814     DEBUG main            d.u.i.k.p.i.AbstractProblemLoader Init config took 3.07s 
231830     INFO  main            d.u.i.k.p.i.AbstractProblemLoader Replaying proof iteratedAssignment.key.proof 
231912     DEBUG main            d.u.i.k.p.i.IntermediateProofReplayer Proof replay took 78.26ms 
231915     DEBUG main            d.u.i.k.p.r.p.TestFile    ... success: reloaded. 
231917     INFO  main            d.u.i.k.p.r.p.TestFile    Now processing file /home/runner/work/key/key/key.core/../key.ui/examples/standard_key/java_dl/assert/assert1.key 
231917     INFO  main            d.u.i.k.p.i.AbstractProblemLoader Loading environment from /home/runner/work/key/key/key.core/../key.ui/examples/standard_key/java_dl/assert/assert1.key 
231917     DEBUG main            d.u.i.k.p.i.AbstractProblemLoader Environment load took 201.6ns 
231919     INFO  main            d.u.i.k.p.i.AbstractProblemLoader Creating init config 
235057     DEBUG main            d.u.i.k.p.i.AbstractProblemLoader Init config took 3.14s 
235101     INFO  main            d.u.i.k.p.i.AbstractProblemLoader Replaying proof C[C::foo()].JML normal_behavior operation contract.0 
235103     DEBUG main            d.u.i.k.p.i.IntermediateProofReplayer Proof replay took 7.7ns 
235309     INFO  main            d.u.i.k.p.r.p.TestFile    ... finished proof: open goal(s) 
235757     INFO  main            d.u.i.k.p.r.p.TestFile    Now processing file /home/runner/work/key/key/key.core/../key.ui/examples/standard_key/java_dl/assert/assert2.key 
235758     INFO  main            d.u.i.k.p.i.AbstractProblemLoader Loading environment from /home/runner/work/key/key/key.core/../key.ui/examples/standard_key/java_dl/assert/assert2.key 
235758     DEBUG main            d.u.i.k.p.i.AbstractProblemLoader Environment load took 267.7ns 
235759     INFO  main            d.u.i.k.p.i.AbstractProblemLoader Creating init config 
238846     DEBUG main            d.u.i.k.p.i.AbstractProblemLoader Init config took 3.09s 
238893     INFO  main            d.u.i.k.p.i.AbstractProblemLoader Replaying proof C[C::bar()].JML exceptional_behavior operation contract.0 
238900     DEBUG main            d.u.i.k.p.i.IntermediateProofReplayer Proof replay took 10.5ns 
239102     INFO  main            d.u.i.k.p.r.p.TestFile    ... finished proof: closed. 
239523     INFO  main            d.u.i.k.p.i.AbstractProblemLoader Loading environment from /home/runner/work/key/key/key.core/../key.ui/examples/standard_key/java_dl/assert/assert2.key.proof 
239523     DEBUG main            d.u.i.k.p.i.AbstractProblemLoader Environment load took 133.6ns 
239524     INFO  main            d.u.i.k.p.i.AbstractProblemLoader Creating init config 
242550     DEBUG main            d.u.i.k.p.i.AbstractProblemLoader Init config took 3.03s 
242601     INFO  main            d.u.i.k.p.i.AbstractProblemLoader Replaying proof C[C::bar()].JML exceptional_behavior operation contract.0 
242653     DEBUG main            d.u.i.k.p.i.IntermediateProofReplayer Proof replay took 44.64ms 
242654     DEBUG main            d.u.i.k.p.r.p.TestFile    ... success: reloaded. 
242655     INFO  main            d.u.i.k.p.r.p.TestFile    Now processing file /home/runner/work/key/key/key.core/../key.ui/examples/standard_key/java_dl/assert/assert3.key 
242655     INFO  main            d.u.i.k.p.i.AbstractProblemLoader Loading environment from /home/runner/work/key/key/key.core/../key.ui/examples/standard_key/java_dl/assert/assert3.key 
242655     DEBUG main            d.u.i.k.p.i.AbstractProblemLoader Environment load took 98.2ns 
242656     INFO  main            d.u.i.k.p.i.AbstractProblemLoader Creating init config 
245681     DEBUG main            d.u.i.k.p.i.AbstractProblemLoader Init config took 3.02s 
245722     INFO  main            d.u.i.k.p.i.AbstractProblemLoader Replaying proof C[C::foo()].JML normal_behavior operation contract.0 
245726     DEBUG main            d.u.i.k.p.i.IntermediateProofReplayer Proof replay took 7.9ns 
245829     INFO  main            d.u.i.k.p.r.p.TestFile    ... finished proof: open goal(s) 
246241     INFO  main            d.u.i.k.p.r.p.TestFile    Now processing file /home/runner/work/key/key/key.core/../key.ui/examples/standard_key/java_dl/java5/vararg.key 
246241     INFO  main            d.u.i.k.p.i.AbstractProblemLoader Loading environment from /home/runner/work/key/key/key.core/../key.ui/examples/standard_key/java_dl/java5/vararg.key 
246241     DEBUG main            d.u.i.k.p.i.AbstractProblemLoader Environment load took 86.1ns 
246243     INFO  main            d.u.i.k.p.i.AbstractProblemLoader Creating init config 
247291     DEBUG main            d.u.i.k.j.r.ClassPreparationMethodBuilder clPrepBuilder: Inner Class detected. Reject building class initialisation methods. 
249704     DEBUG main            d.u.i.k.p.i.AbstractProblemLoader Init config took 3.46s 
249732     INFO  main            d.u.i.k.p.i.AbstractProblemLoader Replaying proof vararg.key 
249735     DEBUG main            d.u.i.k.p.i.IntermediateProofReplayer Proof replay took 7.8ns 
251354     INFO  main            d.u.i.k.p.r.p.TestFile    ... finished proof: closed. 
251921     INFO  main            d.u.i.k.p.i.AbstractProblemLoader Loading environment from /home/runner/work/key/key/key.core/../key.ui/examples/standard_key/java_dl/java5/vararg.key.proof 
251922     DEBUG main            d.u.i.k.p.i.AbstractProblemLoader Environment load took 520.7ns 
251923     INFO  main            d.u.i.k.p.i.AbstractProblemLoader Creating init config 
252959     DEBUG main            d.u.i.k.j.r.ClassPreparationMethodBuilder clPrepBuilder: Inner Class detected. Reject building class initialisation methods. 
255144     DEBUG main            d.u.i.k.p.i.AbstractProblemLoader Init config took 3.22s 
255173     INFO  main            d.u.i.k.p.i.AbstractProblemLoader Replaying proof vararg.key.proof 
255575     DEBUG main            d.u.i.k.p.i.IntermediateProofReplayer Proof replay took 388.48ms 
255577     DEBUG main            d.u.i.k.p.r.p.TestFile    ... success: reloaded. 
255577     INFO  main            d.u.i.k.p.r.p.TestFile    Now processing file /home/runner/work/key/key/key.core/../key.ui/examples/standard_key/java_dl/java5/for_Array.key 
255578     INFO  main            d.u.i.k.p.i.AbstractProblemLoader Loading environment from /home/runner/work/key/key/key.core/../key.ui/examples/standard_key/java_dl/java5/for_Array.key 
255578     DEBUG main            d.u.i.k.p.i.AbstractProblemLoader Environment load took 99ns 
255579     INFO  main            d.u.i.k.p.i.AbstractProblemLoader Creating init config 
256633     DEBUG main            d.u.i.k.j.r.ClassPreparationMethodBuilder clPrepBuilder: Inner Class detected. Reject building class initialisation methods. 
258885     DEBUG main            d.u.i.k.p.i.AbstractProblemLoader Init config took 3.31s 
258951     INFO  main            d.u.i.k.p.i.AbstractProblemLoader Replaying proof For[For::sum([I)].JML operation contract.0 
258953     DEBUG main            d.u.i.k.p.i.IntermediateProofReplayer Proof replay took 8.2ns 
259357     INFO  main            d.u.i.k.p.r.p.TestFile    ... finished proof: closed. 
259886     INFO  main            d.u.i.k.p.i.AbstractProblemLoader Loading environment from /home/runner/work/key/key/key.core/../key.ui/examples/standard_key/java_dl/java5/for_Array.key.proof 
259887     DEBUG main            d.u.i.k.p.i.AbstractProblemLoader Environment load took 692.61ns 
259888     INFO  main            d.u.i.k.p.i.AbstractProblemLoader Creating init config 
260877     DEBUG main            d.u.i.k.j.r.ClassPreparationMethodBuilder clPrepBuilder: Inner Class detected. Reject building class initialisation methods. 
263019     DEBUG main            d.u.i.k.p.i.AbstractProblemLoader Init config took 3.13s 
263081     INFO  main            d.u.i.k.p.i.AbstractProblemLoader Replaying proof For[For::sum([I)].JML operation contract.0 
263170     DEBUG main            d.u.i.k.p.i.IntermediateProofReplayer Proof replay took 85.52ms 
263172     DEBUG main            d.u.i.k.p.r.p.TestFile    ... success: reloaded. 
263173     INFO  main            d.u.i.k.p.r.p.TestFile    Now processing file /home/runner/work/key/key/key.core/../key.ui/examples/standard_key/java_dl/java5/for_Iterable.key 
263173     INFO  main            d.u.i.k.p.i.AbstractProblemLoader Loading environment from /home/runner/work/key/key/key.core/../key.ui/examples/standard_key/java_dl/java5/for_Iterable.key 
263173     DEBUG main            d.u.i.k.p.i.AbstractProblemLoader Environment load took 73.7ns 
263174     INFO  main            d.u.i.k.p.i.AbstractProblemLoader Creating init config 
264163     DEBUG main            d.u.i.k.j.r.ClassPreparationMethodBuilder clPrepBuilder: Inner Class detected. Reject building class initialisation methods. 
266334     DEBUG main            d.u.i.k.p.i.AbstractProblemLoader Init config took 3.16s 
266401     INFO  main            d.u.i.k.p.i.AbstractProblemLoader Replaying proof For[For::infiniteLoop(For)].JML operation contract.0 
266403     DEBUG main            d.u.i.k.p.i.IntermediateProofReplayer Proof replay took 7.1ns 
266608     INFO  main            d.u.i.k.p.r.p.TestFile    ... finished proof: closed. 
267073     INFO  main            d.u.i.k.p.i.AbstractProblemLoader Loading environment from /home/runner/work/key/key/key.core/../key.ui/examples/standard_key/java_dl/java5/for_Iterable.key.proof 
267073     DEBUG main            d.u.i.k.p.i.AbstractProblemLoader Environment load took 108ns 
267074     INFO  main            d.u.i.k.p.i.AbstractProblemLoader Creating init config 
268055     DEBUG main            d.u.i.k.j.r.ClassPreparationMethodBuilder clPrepBuilder: Inner Class detected. Reject building class initialisation methods. 
270134     DEBUG main            d.u.i.k.p.i.AbstractProblemLoader Init config took 3.06s 
270213     INFO  main            d.u.i.k.p.i.AbstractProblemLoader Replaying proof For[For::infiniteLoop(For)].JML operation contract.0 
270288     DEBUG main            d.u.i.k.p.i.IntermediateProofReplayer Proof replay took 70.19ms 
270290     DEBUG main            d.u.i.k.p.r.p.TestFile    ... success: reloaded. 
270291     INFO  main            d.u.i.k.p.r.p.TestFile    Now processing file /home/runner/work/key/key/key.core/../key.ui/examples/standard_key/java_dl/java5/for_ReferenceArray.key 
270291     INFO  main            d.u.i.k.p.i.AbstractProblemLoader Loading environment from /home/runner/work/key/key/key.core/../key.ui/examples/standard_key/java_dl/java5/for_ReferenceArray.key 
270292     DEBUG main            d.u.i.k.p.i.AbstractProblemLoader Environment load took 231.9ns 
270293     INFO  main            d.u.i.k.p.i.AbstractProblemLoader Creating init config 
271306     DEBUG main            d.u.i.k.j.r.ClassPreparationMethodBuilder clPrepBuilder: Inner Class detected. Reject building class initialisation methods. 
273484     DEBUG main            d.u.i.k.p.i.AbstractProblemLoader Init config took 3.19s 
273552     INFO  main            d.u.i.k.p.i.AbstractProblemLoader Replaying proof ForReferenceArray[ForReferenceArray::foo([Ljava.lang.Object)].JML operation contract.0 
273555     DEBUG main            d.u.i.k.p.i.IntermediateProofReplayer Proof replay took 7.7ns 
273858     INFO  main            d.u.i.k.p.r.p.TestFile    ... finished proof: closed. 
274313     INFO  main            d.u.i.k.p.i.AbstractProblemLoader Loading environment from /home/runner/work/key/key/key.core/../key.ui/examples/standard_key/java_dl/java5/for_ReferenceArray.key.proof 
274313     DEBUG main            d.u.i.k.p.i.AbstractProblemLoader Environment load took 534.9ns 
274315     INFO  main            d.u.i.k.p.i.AbstractProblemLoader Creating init config 
275277     DEBUG main            d.u.i.k.j.r.ClassPreparationMethodBuilder clPrepBuilder: Inner Class detected. Reject building class initialisation methods. 
277436     DEBUG main            d.u.i.k.p.i.AbstractProblemLoader Init config took 3.12s 
277514     INFO  main            d.u.i.k.p.i.AbstractProblemLoader Replaying proof ForReferenceArray[ForReferenceArray::foo([Ljava.lang.Object)].JML operation contract.0 
277578     DEBUG main            d.u.i.k.p.i.IntermediateProofReplayer Proof replay took 60.53ms 
277579     DEBUG main            d.u.i.k.p.r.p.TestFile    ... success: reloaded. 
277580     INFO  main            d.u.i.k.p.r.p.TestFile    Now processing file /home/runner/work/key/key/key.core/../key.ui/examples/standard_key/java_dl/jml-bigint/cast.key 
277581     INFO  main            d.u.i.k.p.i.AbstractProblemLoader Loading environment from /home/runner/work/key/key/key.core/../key.ui/examples/standard_key/java_dl/jml-bigint/cast.key 
277581     DEBUG main            d.u.i.k.p.i.AbstractProblemLoader Environment load took 110.1ns 
277582     INFO  main            d.u.i.k.p.i.AbstractProblemLoader Creating init config 
280809     DEBUG main            d.u.i.k.p.i.AbstractProblemLoader Init config took 3.23s 
280852     INFO  main            d.u.i.k.p.i.AbstractProblemLoader Replaying proof Mult[Mult::cast()].JML operation contract.0 
280854     DEBUG main            d.u.i.k.p.i.IntermediateProofReplayer Proof replay took 23.2ns 
280959     INFO  main            d.u.i.k.p.r.p.TestFile    ... finished proof: closed. 
281448     INFO  main            d.u.i.k.p.i.AbstractProblemLoader Loading environment from /home/runner/work/key/key/key.core/../key.ui/examples/standard_key/java_dl/jml-bigint/cast.key.proof 
281448     DEBUG main            d.u.i.k.p.i.AbstractProblemLoader Environment load took 108.1ns 
281449     INFO  main            d.u.i.k.p.i.AbstractProblemLoader Creating init config 
284356     DEBUG main            d.u.i.k.p.i.AbstractProblemLoader Init config took 2.91s 
284397     INFO  main            d.u.i.k.p.i.AbstractProblemLoader Replaying proof Mult[Mult::cast()].JML operation contract.0 
284411     DEBUG main            d.u.i.k.p.i.IntermediateProofReplayer Proof replay took 12.33ms 
284412     DEBUG main            d.u.i.k.p.r.p.TestFile    ... success: reloaded. 
284413     INFO  main            d.u.i.k.p.r.p.TestFile    Now processing file /home/runner/work/key/key/key.core/../key.ui/examples/standard_key/java_dl/jml-free/loopInvFree.key 
284414     INFO  main            d.u.i.k.p.i.AbstractProblemLoader Loading environment from /home/runner/work/key/key/key.core/../key.ui/examples/standard_key/java_dl/jml-free/loopInvFree.key 
284414     DEBUG main            d.u.i.k.p.i.AbstractProblemLoader Environment load took 124.4ns 
284415     INFO  main            d.u.i.k.p.i.AbstractProblemLoader Creating init config 
287509     DEBUG main            d.u.i.k.p.i.AbstractProblemLoader Init config took 3.09s 
287552     INFO  main            d.u.i.k.p.i.AbstractProblemLoader Replaying proof LoopInvFree[LoopInvFree::test()].JML operation contract.0 
287553     DEBUG main            d.u.i.k.p.i.IntermediateProofReplayer Proof replay took 8.8ns 
287857     INFO  main            d.u.i.k.p.r.p.TestFile    ... finished proof: closed. 
288349     INFO  main            d.u.i.k.p.i.AbstractProblemLoader Loading environment from /home/runner/work/key/key/key.core/../key.ui/examples/standard_key/java_dl/jml-free/loopInvFree.key.proof 
288350     DEBUG main            d.u.i.k.p.i.AbstractProblemLoader Environment load took 499.2ns 
288351     INFO  main            d.u.i.k.p.i.AbstractProblemLoader Creating init config 
291356     DEBUG main            d.u.i.k.p.i.AbstractProblemLoader Init config took 3s 
291396     INFO  main            d.u.i.k.p.i.AbstractProblemLoader Replaying proof LoopInvFree[LoopInvFree::test()].JML operation contract.0 
291439     DEBUG main            d.u.i.k.p.i.IntermediateProofReplayer Proof replay took 40.35ms 
291440     DEBUG main            d.u.i.k.p.r.p.TestFile    ... success: reloaded. 
291441     INFO  main            d.u.i.k.p.r.p.TestFile    Now processing file /home/runner/work/key/key/key.core/../key.ui/examples/standard_key/java_dl/jml-free/ensuresFree.key 
291441     INFO  main            d.u.i.k.p.i.AbstractProblemLoader Loading environment from /home/runner/work/key/key/key.core/../key.ui/examples/standard_key/java_dl/jml-free/ensuresFree.key 
291442     DEBUG main            d.u.i.k.p.i.AbstractProblemLoader Environment load took 107.6ns 
291443     INFO  main            d.u.i.k.p.i.AbstractProblemLoader Creating init config 
294491     DEBUG main            d.u.i.k.p.i.AbstractProblemLoader Init config took 3.05s 
294533     INFO  main            d.u.i.k.p.i.AbstractProblemLoader Replaying proof EnsuresFree[EnsuresFree::test()].JML operation contract.0 
294535     DEBUG main            d.u.i.k.p.i.IntermediateProofReplayer Proof replay took 8.6ns 
294637     INFO  main            d.u.i.k.p.r.p.TestFile    ... finished proof: closed. 
295146     INFO  main            d.u.i.k.p.i.AbstractProblemLoader Loading environment from /home/runner/work/key/key/key.core/../key.ui/examples/standard_key/java_dl/jml-free/ensuresFree.key.proof 
295146     DEBUG main            d.u.i.k.p.i.AbstractProblemLoader Environment load took 104.9ns 
295147     INFO  main            d.u.i.k.p.i.AbstractProblemLoader Creating init config 
298193     DEBUG main            d.u.i.k.p.i.AbstractProblemLoader Init config took 3.05s 
298234     INFO  main            d.u.i.k.p.i.AbstractProblemLoader Replaying proof EnsuresFree[EnsuresFree::test()].JML operation contract.0 
298256     DEBUG main            d.u.i.k.p.i.IntermediateProofReplayer Proof replay took 19.44ms 
298257     DEBUG main            d.u.i.k.p.r.p.TestFile    ... success: reloaded. 
298258     INFO  main            d.u.i.k.p.r.p.TestFile    Now processing file /home/runner/work/key/key/key.core/../key.ui/examples/standard_key/java_dl/jml-information-flow.key 
298258     INFO  main            d.u.i.k.p.i.AbstractProblemLoader Loading environment from /home/runner/work/key/key/key.core/../key.ui/examples/standard_key/java_dl/jml-information-flow.key 
298258     DEBUG main            d.u.i.k.p.i.AbstractProblemLoader Environment load took 96.1ns 
298266     INFO  main            d.u.i.k.p.i.AbstractProblemLoader Creating init config 
301572     DEBUG main            d.u.i.k.p.i.AbstractProblemLoader Init config took 3.31s 
301592     INFO  main            d.u.i.k.p.i.AbstractProblemLoader Replaying proof jml-information-flow.key 
301594     DEBUG main            d.u.i.k.p.i.IntermediateProofReplayer Proof replay took 7.2ns 
453177     INFO  main            d.u.i.k.p.r.p.TestFile    ... finished proof: closed. 
453933     INFO  main            d.u.i.k.p.i.AbstractProblemLoader Loading environment from /home/runner/work/key/key/key.core/../key.ui/examples/standard_key/java_dl/jml-information-flow.key.proof 
453933     DEBUG main            d.u.i.k.p.i.AbstractProblemLoader Environment load took 179.3ns 
453942     INFO  main            d.u.i.k.p.i.AbstractProblemLoader Creating init config 
457122     DEBUG main            d.u.i.k.p.i.AbstractProblemLoader Init config took 3.18s 
457142     INFO  main            d.u.i.k.p.i.AbstractProblemLoader Replaying proof jml-information-flow.key.proof 
461011     DEBUG main            d.u.i.k.p.i.IntermediateProofReplayer Proof replay took 3.72s 
461020     DEBUG main            d.u.i.k.p.r.p.TestFile    ... success: reloaded. 
461021     INFO  main            d.u.i.k.p.r.p.TestFile    Now processing file /home/runner/work/key/key/key.core/../key.ui/examples/standard_key/java_dl/jml-min/min-unprovable1.key 
461021     INFO  main            d.u.i.k.p.i.AbstractProblemLoader Loading environment from /home/runner/work/key/key/key.core/../key.ui/examples/standard_key/java_dl/jml-min/min-unprovable1.key 
461021     DEBUG main            d.u.i.k.p.i.AbstractProblemLoader Environment load took 63.1ns 
461023     INFO  main            d.u.i.k.p.i.AbstractProblemLoader Creating init config 
464103     DEBUG main            d.u.i.k.p.i.AbstractProblemLoader Init config took 3.08s 
464145     INFO  main            d.u.i.k.p.i.AbstractProblemLoader Replaying proof Min[Min::foo()].JML operation contract.0 
464146     DEBUG main            d.u.i.k.p.i.IntermediateProofReplayer Proof replay took 7.7ns 
464249     INFO  main            d.u.i.k.p.r.p.TestFile    ... finished proof: open goal(s) 
464978     INFO  main            d.u.i.k.p.r.p.TestFile    Now processing file /home/runner/work/key/key/key.core/../key.ui/examples/standard_key/java_dl/jml-min/min-unprovable2.key 
464979     INFO  main            d.u.i.k.p.i.AbstractProblemLoader Loading environment from /home/runner/work/key/key/key.core/../key.ui/examples/standard_key/java_dl/jml-min/min-unprovable2.key 
464979     DEBUG main            d.u.i.k.p.i.AbstractProblemLoader Environment load took 79ns 
464980     INFO  main            d.u.i.k.p.i.AbstractProblemLoader Creating init config 
467994     DEBUG main            d.u.i.k.p.i.AbstractProblemLoader Init config took 3.01s 
468034     INFO  main            d.u.i.k.p.i.AbstractProblemLoader Replaying proof Min[Min::foo2()].JML operation contract.0 
468036     DEBUG main            d.u.i.k.p.i.IntermediateProofReplayer Proof replay took 7.8ns 
468138     INFO  main            d.u.i.k.p.r.p.TestFile    ... finished proof: open goal(s) 
468654     INFO  main            d.u.i.k.p.r.p.TestFile    Now processing file /home/runner/work/key/key/key.core/../key.ui/examples/standard_key/java_dl/methodCall.key 
468654     INFO  main            d.u.i.k.p.i.AbstractProblemLoader Loading environment from /home/runner/work/key/key/key.core/../key.ui/examples/standard_key/java_dl/methodCall.key 
468654     DEBUG main            d.u.i.k.p.i.AbstractProblemLoader Environment load took 60.7ns 
468655     INFO  main            d.u.i.k.p.i.AbstractProblemLoader Creating init config 
471822     DEBUG main            d.u.i.k.p.i.AbstractProblemLoader Init config took 3.17s 
471838     INFO  main            d.u.i.k.p.i.AbstractProblemLoader Replaying proof methodCall.key 
471839     DEBUG main            d.u.i.k.p.i.IntermediateProofReplayer Proof replay took 8ns 
471942     INFO  main            d.u.i.k.p.r.p.TestFile    ... finished proof: closed. 
472455     INFO  main            d.u.i.k.p.i.AbstractProblemLoader Loading environment from /home/runner/work/key/key/key.core/../key.ui/examples/standard_key/java_dl/methodCall.key.proof 
472455     DEBUG main            d.u.i.k.p.i.AbstractProblemLoader Environment load took 126.6ns 
472456     INFO  main            d.u.i.k.p.i.AbstractProblemLoader Creating init config 
475308     DEBUG main            d.u.i.k.p.i.AbstractProblemLoader Init config took 2.85s 
475326     INFO  main            d.u.i.k.p.i.AbstractProblemLoader Replaying proof methodCall.key.proof 
475330     DEBUG main            d.u.i.k.p.i.IntermediateProofReplayer Proof replay took 2.52ms 
475331     DEBUG main            d.u.i.k.p.r.p.TestFile    ... success: reloaded. 
475332     INFO  main            d.u.i.k.p.r.p.TestFile    Now processing file /home/runner/work/key/key/key.core/../key.ui/examples/standard_key/java_dl/methodCall1.key 
475332     INFO  main            d.u.i.k.p.i.AbstractProblemLoader Loading environment from /home/runner/work/key/key/key.core/../key.ui/examples/standard_key/java_dl/methodCall1.key 
475333     DEBUG main            d.u.i.k.p.i.AbstractProblemLoader Environment load took 76.4ns 
475334     INFO  main            d.u.i.k.p.i.AbstractProblemLoader Creating init config 
478275     DEBUG main            d.u.i.k.p.i.AbstractProblemLoader Init config took 2.94s 
478293     INFO  main            d.u.i.k.p.i.AbstractProblemLoader Replaying proof methodCall1.key 
478295     DEBUG main            d.u.i.k.p.i.IntermediateProofReplayer Proof replay took 8.9ns 
478400     INFO  main            d.u.i.k.p.r.p.TestFile    ... finished proof: closed. 
478913     INFO  main            d.u.i.k.p.i.AbstractProblemLoader Loading environment from /home/runner/work/key/key/key.core/../key.ui/examples/standard_key/java_dl/methodCall1.key.proof 
478914     DEBUG main            d.u.i.k.p.i.AbstractProblemLoader Environment load took 675.01ns 
478915     INFO  main            d.u.i.k.p.i.AbstractProblemLoader Creating init config 
481774     DEBUG main            d.u.i.k.p.i.AbstractProblemLoader Init config took 2.86s 
481790     INFO  main            d.u.i.k.p.i.AbstractProblemLoader Replaying proof methodCall1.key.proof 
481805     DEBUG main            d.u.i.k.p.i.IntermediateProofReplayer Proof replay took 12.8ms 
481806     DEBUG main            d.u.i.k.p.r.p.TestFile    ... success: reloaded. 
481807     INFO  main            d.u.i.k.p.r.p.TestFile    Now processing file /home/runner/work/key/key/key.core/../key.ui/examples/standard_key/java_dl/methodCall1box.key 
481807     INFO  main            d.u.i.k.p.i.AbstractProblemLoader Loading environment from /home/runner/work/key/key/key.core/../key.ui/examples/standard_key/java_dl/methodCall1box.key 
481807     DEBUG main            d.u.i.k.p.i.AbstractProblemLoader Environment load took 96.6ns 
481808     INFO  main            d.u.i.k.p.i.AbstractProblemLoader Creating init config 
484742     DEBUG main            d.u.i.k.p.i.AbstractProblemLoader Init config took 2.93s 
484756     INFO  main            d.u.i.k.p.i.AbstractProblemLoader Replaying proof methodCall1box.key 
484758     DEBUG main            d.u.i.k.p.i.IntermediateProofReplayer Proof replay took 11.4ns 
484860     INFO  main            d.u.i.k.p.r.p.TestFile    ... finished proof: closed. 
485392     INFO  main            d.u.i.k.p.i.AbstractProblemLoader Loading environment from /home/runner/work/key/key/key.core/../key.ui/examples/standard_key/java_dl/methodCall1box.key.proof 
485393     DEBUG main            d.u.i.k.p.i.AbstractProblemLoader Environment load took 157ns 
485394     INFO  main            d.u.i.k.p.i.AbstractProblemLoader Creating init config 
488268     DEBUG main            d.u.i.k.p.i.AbstractProblemLoader Init config took 2.87s 
488283     INFO  main            d.u.i.k.p.i.AbstractProblemLoader Replaying proof methodCall1box.key.proof 
488302     DEBUG main            d.u.i.k.p.i.IntermediateProofReplayer Proof replay took 15.73ms 
488303     DEBUG main            d.u.i.k.p.r.p.TestFile    ... success: reloaded. 
488304     INFO  main            d.u.i.k.p.r.p.TestFile    Now processing file /home/runner/work/key/key/key.core/../key.ui/examples/standard_key/java_dl/methodCall3.key 
488304     INFO  main            d.u.i.k.p.i.AbstractProblemLoader Loading environment from /home/runner/work/key/key/key.core/../key.ui/examples/standard_key/java_dl/methodCall3.key 
488304     DEBUG main            d.u.i.k.p.i.AbstractProblemLoader Environment load took 98.2ns 
488305     INFO  main            d.u.i.k.p.i.AbstractProblemLoader Creating init config 
491263     DEBUG main            d.u.i.k.p.i.AbstractProblemLoader Init config took 2.96s 
491279     INFO  main            d.u.i.k.p.i.AbstractProblemLoader Replaying proof methodCall3.key 
491281     DEBUG main            d.u.i.k.p.i.IntermediateProofReplayer Proof replay took 8.5ns 
491383     INFO  main            d.u.i.k.p.r.p.TestFile    ... finished proof: closed. 
491889     INFO  main            d.u.i.k.p.i.AbstractProblemLoader Loading environment from /home/runner/work/key/key/key.core/../key.ui/examples/standard_key/java_dl/methodCall3.key.proof 
491889     DEBUG main            d.u.i.k.p.i.AbstractProblemLoader Environment load took 107.4ns 
491890     INFO  main            d.u.i.k.p.i.AbstractProblemLoader Creating init config 
494742     DEBUG main            d.u.i.k.p.i.AbstractProblemLoader Init config took 2.85s 
494758     INFO  main            d.u.i.k.p.i.AbstractProblemLoader Replaying proof methodCall3.key.proof 
494769     DEBUG main            d.u.i.k.p.i.IntermediateProofReplayer Proof replay took 9.56ms 
494770     DEBUG main            d.u.i.k.p.r.p.TestFile    ... success: reloaded. 
494771     INFO  main            d.u.i.k.p.r.p.TestFile    Now processing file /home/runner/work/key/key/key.core/../key.ui/examples/standard_key/java_dl/polishFlagSort.key 
494771     INFO  main            d.u.i.k.p.i.AbstractProblemLoader Loading environment from /home/runner/work/key/key/key.core/../key.ui/examples/standard_key/java_dl/polishFlagSort.key 
494771     DEBUG main            d.u.i.k.p.i.AbstractProblemLoader Environment load took 59.6ns 
494773     INFO  main            d.u.i.k.p.i.AbstractProblemLoader Creating init config 
497798     DEBUG main            d.u.i.k.p.i.AbstractProblemLoader Init config took 3.03s 
497814     INFO  main            d.u.i.k.p.i.AbstractProblemLoader Replaying proof polishFlagSort.key 
497816     DEBUG main            d.u.i.k.p.i.IntermediateProofReplayer Proof replay took 7ns 
500628     INFO  main            d.u.i.k.p.r.p.TestFile    ... finished proof: closed. 
501215     INFO  main            d.u.i.k.p.i.AbstractProblemLoader Loading environment from /home/runner/work/key/key/key.core/../key.ui/examples/standard_key/java_dl/polishFlagSort.key.proof 
501215     DEBUG main            d.u.i.k.p.i.AbstractProblemLoader Environment load took 186.1ns 
501217     INFO  main            d.u.i.k.p.i.AbstractProblemLoader Creating init config 
504078     DEBUG main            d.u.i.k.p.i.AbstractProblemLoader Init config took 2.86s 
504093     INFO  main            d.u.i.k.p.i.AbstractProblemLoader Replaying proof polishFlagSort.key.proof 
504441     DEBUG main            d.u.i.k.p.i.IntermediateProofReplayer Proof replay took 334.32ms 
504443     DEBUG main            d.u.i.k.p.r.p.TestFile    ... success: reloaded. 
504444     INFO  main            d.u.i.k.p.r.p.TestFile    Now processing file /home/runner/work/key/key/key.core/../key.ui/examples/standard_key/java_dl/postConditionTaclets1.key 
504444     INFO  main            d.u.i.k.p.i.AbstractProblemLoader Loading environment from /home/runner/work/key/key/key.core/../key.ui/examples/standard_key/java_dl/postConditionTaclets1.key 
504445     DEBUG main            d.u.i.k.p.i.AbstractProblemLoader Environment load took 91.4ns 
504446     INFO  main            d.u.i.k.p.i.AbstractProblemLoader Creating init config 
507314     DEBUG main            d.u.i.k.p.i.AbstractProblemLoader Init config took 2.87s 
507329     INFO  main            d.u.i.k.p.i.AbstractProblemLoader Replaying proof postConditionTaclets1.key 
507331     DEBUG main            d.u.i.k.p.i.IntermediateProofReplayer Proof replay took 8.3ns 
507436     INFO  main            d.u.i.k.p.r.p.TestFile    ... finished proof: closed. 
508045     INFO  main            d.u.i.k.p.i.AbstractProblemLoader Loading environment from /home/runner/work/key/key/key.core/../key.ui/examples/standard_key/java_dl/postConditionTaclets1.key.proof 
508045     DEBUG main            d.u.i.k.p.i.AbstractProblemLoader Environment load took 102.5ns 
508047     INFO  main            d.u.i.k.p.i.AbstractProblemLoader Creating init config 
510873     DEBUG main            d.u.i.k.p.i.AbstractProblemLoader Init config took 2.83s 
510888     INFO  main            d.u.i.k.p.i.AbstractProblemLoader Replaying proof postConditionTaclets1.key.proof 
510891     DEBUG main            d.u.i.k.p.i.IntermediateProofReplayer Proof replay took 408.2ns 
510891     DEBUG main            d.u.i.k.p.r.p.TestFile    ... success: reloaded. 
510892     INFO  main            d.u.i.k.p.r.p.TestFile    Now processing file /home/runner/work/key/key/key.core/../key.ui/examples/standard_key/java_dl/postConditionTaclets2.key 
510893     INFO  main            d.u.i.k.p.i.AbstractProblemLoader Loading environment from /home/runner/work/key/key/key.core/../key.ui/examples/standard_key/java_dl/postConditionTaclets2.key 
510893     DEBUG main            d.u.i.k.p.i.AbstractProblemLoader Environment load took 122.4ns 
510894     INFO  main            d.u.i.k.p.i.AbstractProblemLoader Creating init config 
513747     DEBUG main            d.u.i.k.p.i.AbstractProblemLoader Init config took 2.85s 
513764     INFO  main            d.u.i.k.p.i.AbstractProblemLoader Replaying proof postConditionTaclets2.key 
513766     DEBUG main            d.u.i.k.p.i.IntermediateProofReplayer Proof replay took 9.2ns 
513868     INFO  main            d.u.i.k.p.r.p.TestFile    ... finished proof: closed. 
514408     INFO  main            d.u.i.k.p.i.AbstractProblemLoader Loading environment from /home/runner/work/key/key/key.core/../key.ui/examples/standard_key/java_dl/postConditionTaclets2.key.proof 
514408     DEBUG main            d.u.i.k.p.i.AbstractProblemLoader Environment load took 130.4ns 
514409     INFO  main            d.u.i.k.p.i.AbstractProblemLoader Creating init config 
517291     DEBUG main            d.u.i.k.p.i.AbstractProblemLoader Init config took 2.88s 
517306     INFO  main            d.u.i.k.p.i.AbstractProblemLoader Replaying proof postConditionTaclets2.key.proof 
517309     DEBUG main            d.u.i.k.p.i.IntermediateProofReplayer Proof replay took 947.01ns 
517310     DEBUG main            d.u.i.k.p.r.p.TestFile    ... success: reloaded. 
517310     INFO  main            d.u.i.k.p.r.p.TestFile    Now processing file /home/runner/work/key/key/key.core/../key.ui/examples/standard_key/java_dl/quantifiedQuery.key 
517311     INFO  main            d.u.i.k.p.i.AbstractProblemLoader Loading environment from /home/runner/work/key/key/key.core/../key.ui/examples/standard_key/java_dl/quantifiedQuery.key 
517311     DEBUG main            d.u.i.k.p.i.AbstractProblemLoader Environment load took 94.9ns 
517313     INFO  main            d.u.i.k.p.i.AbstractProblemLoader Creating init config 
520407     DEBUG main            d.u.i.k.p.i.AbstractProblemLoader Init config took 3.09s 
520423     INFO  main            d.u.i.k.p.i.AbstractProblemLoader Replaying proof quantifiedQuery.key 
520425     DEBUG main            d.u.i.k.p.i.IntermediateProofReplayer Proof replay took 22.5ns 
520528     INFO  main            d.u.i.k.p.r.p.TestFile    ... finished proof: closed. 
521113     INFO  main            d.u.i.k.p.i.AbstractProblemLoader Loading environment from /home/runner/work/key/key/key.core/../key.ui/examples/standard_key/java_dl/quantifiedQuery.key.proof 
521113     DEBUG main            d.u.i.k.p.i.AbstractProblemLoader Environment load took 94.5ns 
521114     INFO  main            d.u.i.k.p.i.AbstractProblemLoader Creating init config 
524192     DEBUG main            d.u.i.k.p.i.AbstractProblemLoader Init config took 3.08s 
524214     INFO  main            d.u.i.k.p.i.AbstractProblemLoader Replaying proof quantifiedQuery.key.proof 
524231     DEBUG main            d.u.i.k.p.i.IntermediateProofReplayer Proof replay took 14.46ms 
524232     DEBUG main            d.u.i.k.p.r.p.TestFile    ... success: reloaded. 
524233     INFO  main            d.u.i.k.p.r.p.TestFile    Now processing file /home/runner/work/key/key/key.core/../key.ui/examples/standard_key/java_dl/recursion/triangular.key 
524234     INFO  main            d.u.i.k.p.i.AbstractProblemLoader Loading environment from /home/runner/work/key/key/key.core/../key.ui/examples/standard_key/java_dl/recursion/triangular.key 
524234     DEBUG main            d.u.i.k.p.i.AbstractProblemLoader Environment load took 231.4ns 
524235     INFO  main            d.u.i.k.p.i.AbstractProblemLoader Creating init config 
527526     DEBUG main            d.u.i.k.p.i.AbstractProblemLoader Init config took 3.29s 
527595     INFO  main            d.u.i.k.p.i.AbstractProblemLoader Replaying proof Triangular[Triangular::tria(int)].JML normal_behavior operation contract.0 
527596     DEBUG main            d.u.i.k.p.i.IntermediateProofReplayer Proof replay took 7.8ns 
527799     INFO  main            d.u.i.k.p.r.p.TestFile    ... finished proof: closed. 
528393     INFO  main            d.u.i.k.p.i.AbstractProblemLoader Loading environment from /home/runner/work/key/key/key.core/../key.ui/examples/standard_key/java_dl/recursion/triangular.key.proof 
528393     DEBUG main            d.u.i.k.p.i.AbstractProblemLoader Environment load took 119.9ns 
528395     INFO  main            d.u.i.k.p.i.AbstractProblemLoader Creating init config 
531454     DEBUG main            d.u.i.k.p.i.AbstractProblemLoader Init config took 3.06s 
531499     INFO  main            d.u.i.k.p.i.AbstractProblemLoader Replaying proof Triangular[Triangular::tria(int)].JML normal_behavior operation contract.0 
531534     DEBUG main            d.u.i.k.p.i.IntermediateProofReplayer Proof replay took 32.14ms 
531535     DEBUG main            d.u.i.k.p.r.p.TestFile    ... success: reloaded. 
531535     INFO  main            d.u.i.k.p.r.p.TestFile    Now processing file /home/runner/work/key/key/key.core/../key.ui/examples/standard_key/java_dl/reverseArray.key 
531536     INFO  main            d.u.i.k.p.i.AbstractProblemLoader Loading environment from /home/runner/work/key/key/key.core/../key.ui/examples/standard_key/java_dl/reverseArray.key 
531536     DEBUG main            d.u.i.k.p.i.AbstractProblemLoader Environment load took 96.2ns 
531538     INFO  main            d.u.i.k.p.i.AbstractProblemLoader Creating init config 
531566     WARN  main            d.u.i.k.j.r.KeYCrossReferenceNameInfo Datatype java.io.PrintStream declared twice: Once in FILE:/home/runner/work/key/key/key.core/../key.ui/examples/standard_key/java_dl/./classpath/PrintStream.java and once in URL:file:/home/runner/work/key/key/key.core/build/resources/main/de/uka/ilkd/key/java/JavaRedux/java/io/PrintStream.java, Keeping one from URL:file:/home/runner/work/key/key/key.core/build/resources/main/de/uka/ilkd/key/java/JavaRedux/java/io/PrintStream.java 
531566     WARN  main            d.u.i.k.j.r.KeYCrossReferenceNameInfo Datatype java.lang.System declared twice: Once in FILE:/home/runner/work/key/key/key.core/../key.ui/examples/standard_key/java_dl/./classpath/System.java and once in URL:file:/home/runner/work/key/key/key.core/build/resources/main/de/uka/ilkd/key/java/JavaRedux/java/lang/System.java, Keeping one from URL:file:/home/runner/work/key/key/key.core/build/resources/main/de/uka/ilkd/key/java/JavaRedux/java/lang/System.java 
531566     WARN  main            d.u.i.k.j.r.KeYCrossReferenceNameInfo Datatype java.io.InputStream declared twice: Once in FILE:/home/runner/work/key/key/key.core/../key.ui/examples/standard_key/java_dl/./classpath/InputStream.java and once in URL:file:/home/runner/work/key/key/key.core/build/resources/main/de/uka/ilkd/key/java/JavaRedux/java/io/InputStream.java, Keeping one from URL:file:/home/runner/work/key/key/key.core/build/resources/main/de/uka/ilkd/key/java/JavaRedux/java/io/InputStream.java 
531570     DEBUG main            d.u.i.k.j.r.ClassFileDeclarationBuilder Parsing: package java.io; public class Closeable { } 
531570     DEBUG main            r.s.KeYCrossReferenceSourceInfo Dynamically created class: java.io.Closeable 
534732     DEBUG main            d.u.i.k.p.i.AbstractProblemLoader Init config took 3.19s 
534750     INFO  main            d.u.i.k.p.i.AbstractProblemLoader Replaying proof reverseArray.key 
534752     DEBUG main            d.u.i.k.p.i.IntermediateProofReplayer Proof replay took 8.3ns 
540573     INFO  main            d.u.i.k.p.r.p.TestFile    ... finished proof: closed. 
541231     INFO  main            d.u.i.k.p.i.AbstractProblemLoader Loading environment from /home/runner/work/key/key/key.core/../key.ui/examples/standard_key/java_dl/reverseArray.key.proof 
541231     DEBUG main            d.u.i.k.p.i.AbstractProblemLoader Environment load took 374ns 
541234     INFO  main            d.u.i.k.p.i.AbstractProblemLoader Creating init config 
541261     WARN  main            d.u.i.k.j.r.KeYCrossReferenceNameInfo Datatype java.io.PrintStream declared twice: Once in FILE:/home/runner/work/key/key/key.core/../key.ui/examples/standard_key/java_dl/classpath/PrintStream.java and once in URL:file:/home/runner/work/key/key/key.core/build/resources/main/de/uka/ilkd/key/java/JavaRedux/java/io/PrintStream.java, Keeping one from URL:file:/home/runner/work/key/key/key.core/build/resources/main/de/uka/ilkd/key/java/JavaRedux/java/io/PrintStream.java 
541262     WARN  main            d.u.i.k.j.r.KeYCrossReferenceNameInfo Datatype java.lang.System declared twice: Once in FILE:/home/runner/work/key/key/key.core/../key.ui/examples/standard_key/java_dl/classpath/System.java and once in URL:file:/home/runner/work/key/key/key.core/build/resources/main/de/uka/ilkd/key/java/JavaRedux/java/lang/System.java, Keeping one from URL:file:/home/runner/work/key/key/key.core/build/resources/main/de/uka/ilkd/key/java/JavaRedux/java/lang/System.java 
541262     WARN  main            d.u.i.k.j.r.KeYCrossReferenceNameInfo Datatype java.io.InputStream declared twice: Once in FILE:/home/runner/work/key/key/key.core/../key.ui/examples/standard_key/java_dl/classpath/InputStream.java and once in URL:file:/home/runner/work/key/key/key.core/build/resources/main/de/uka/ilkd/key/java/JavaRedux/java/io/InputStream.java, Keeping one from URL:file:/home/runner/work/key/key/key.core/build/resources/main/de/uka/ilkd/key/java/JavaRedux/java/io/InputStream.java 
541266     DEBUG main            d.u.i.k.j.r.ClassFileDeclarationBuilder Parsing: package java.io; public class Closeable { } 
541266     DEBUG main            r.s.KeYCrossReferenceSourceInfo Dynamically created class: java.io.Closeable 
544336     DEBUG main            d.u.i.k.p.i.AbstractProblemLoader Init config took 3.1s 
544351     INFO  main            d.u.i.k.p.i.AbstractProblemLoader Replaying proof reverseArray.key.proof 
544919     DEBUG main            d.u.i.k.p.i.IntermediateProofReplayer Proof replay took 554.2ms 
544921     DEBUG main            d.u.i.k.p.r.p.TestFile    ... success: reloaded. 
544922     INFO  main            d.u.i.k.p.r.p.TestFile    Now processing file /home/runner/work/key/key/key.core/../key.ui/examples/standard_key/java_dl/reverseArray2.key 
544922     INFO  main            d.u.i.k.p.i.AbstractProblemLoader Loading environment from /home/runner/work/key/key/key.core/../key.ui/examples/standard_key/java_dl/reverseArray2.key 
544922     DEBUG main            d.u.i.k.p.i.AbstractProblemLoader Environment load took 141.8ns 
544924     INFO  main            d.u.i.k.p.i.AbstractProblemLoader Creating init config 
544950     WARN  main            d.u.i.k.j.r.KeYCrossReferenceNameInfo Datatype java.io.PrintStream declared twice: Once in FILE:/home/runner/work/key/key/key.core/../key.ui/examples/standard_key/java_dl/classpath/PrintStream.java and once in URL:file:/home/runner/work/key/key/key.core/build/resources/main/de/uka/ilkd/key/java/JavaRedux/java/io/PrintStream.java, Keeping one from URL:file:/home/runner/work/key/key/key.core/build/resources/main/de/uka/ilkd/key/java/JavaRedux/java/io/PrintStream.java 
544951     WARN  main            d.u.i.k.j.r.KeYCrossReferenceNameInfo Datatype java.lang.System declared twice: Once in FILE:/home/runner/work/key/key/key.core/../key.ui/examples/standard_key/java_dl/classpath/System.java and once in URL:file:/home/runner/work/key/key/key.core/build/resources/main/de/uka/ilkd/key/java/JavaRedux/java/lang/System.java, Keeping one from URL:file:/home/runner/work/key/key/key.core/build/resources/main/de/uka/ilkd/key/java/JavaRedux/java/lang/System.java 
544951     WARN  main            d.u.i.k.j.r.KeYCrossReferenceNameInfo Datatype java.io.InputStream declared twice: Once in FILE:/home/runner/work/key/key/key.core/../key.ui/examples/standard_key/java_dl/classpath/InputStream.java and once in URL:file:/home/runner/work/key/key/key.core/build/resources/main/de/uka/ilkd/key/java/JavaRedux/java/io/InputStream.java, Keeping one from URL:file:/home/runner/work/key/key/key.core/build/resources/main/de/uka/ilkd/key/java/JavaRedux/java/io/InputStream.java 
544954     DEBUG main            d.u.i.k.j.r.ClassFileDeclarationBuilder Parsing: package java.io; public class Closeable { } 
544954     DEBUG main            r.s.KeYCrossReferenceSourceInfo Dynamically created class: java.io.Closeable 
548052     DEBUG main            d.u.i.k.p.i.AbstractProblemLoader Init config took 3.13s 
548069     INFO  main            d.u.i.k.p.i.AbstractProblemLoader Replaying proof reverseArray2.key 
548072     DEBUG main            d.u.i.k.p.i.IntermediateProofReplayer Proof replay took 45.8ns 
549883     INFO  main            d.u.i.k.p.r.p.TestFile    ... finished proof: closed. 
550665     INFO  main            d.u.i.k.p.i.AbstractProblemLoader Loading environment from /home/runner/work/key/key/key.core/../key.ui/examples/standard_key/java_dl/reverseArray2.key.proof 
550665     DEBUG main            d.u.i.k.p.i.AbstractProblemLoader Environment load took 377.1ns 
550667     INFO  main            d.u.i.k.p.i.AbstractProblemLoader Creating init config 
550695     WARN  main            d.u.i.k.j.r.KeYCrossReferenceNameInfo Datatype java.io.PrintStream declared twice: Once in FILE:/home/runner/work/key/key/key.core/../key.ui/examples/standard_key/java_dl/classpath/PrintStream.java and once in URL:file:/home/runner/work/key/key/key.core/build/resources/main/de/uka/ilkd/key/java/JavaRedux/java/io/PrintStream.java, Keeping one from URL:file:/home/runner/work/key/key/key.core/build/resources/main/de/uka/ilkd/key/java/JavaRedux/java/io/PrintStream.java 
550695     WARN  main            d.u.i.k.j.r.KeYCrossReferenceNameInfo Datatype java.lang.System declared twice: Once in FILE:/home/runner/work/key/key/key.core/../key.ui/examples/standard_key/java_dl/classpath/System.java and once in URL:file:/home/runner/work/key/key/key.core/build/resources/main/de/uka/ilkd/key/java/JavaRedux/java/lang/System.java, Keeping one from URL:file:/home/runner/work/key/key/key.core/build/resources/main/de/uka/ilkd/key/java/JavaRedux/java/lang/System.java 
550696     WARN  main            d.u.i.k.j.r.KeYCrossReferenceNameInfo Datatype java.io.InputStream declared twice: Once in FILE:/home/runner/work/key/key/key.core/../key.ui/examples/standard_key/java_dl/classpath/InputStream.java and once in URL:file:/home/runner/work/key/key/key.core/build/resources/main/de/uka/ilkd/key/java/JavaRedux/java/io/InputStream.java, Keeping one from URL:file:/home/runner/work/key/key/key.core/build/resources/main/de/uka/ilkd/key/java/JavaRedux/java/io/InputStream.java 
550699     DEBUG main            d.u.i.k.j.r.ClassFileDeclarationBuilder Parsing: package java.io; public class Closeable { } 
550699     DEBUG main            r.s.KeYCrossReferenceSourceInfo Dynamically created class: java.io.Closeable 
553718     DEBUG main            d.u.i.k.p.i.AbstractProblemLoader Init config took 3.05s 
553736     INFO  main            d.u.i.k.p.i.AbstractProblemLoader Replaying proof reverseArray2.key.proof 
553949     DEBUG main            d.u.i.k.p.i.IntermediateProofReplayer Proof replay took 206.99ms 
553951     DEBUG main            d.u.i.k.p.r.p.TestFile    ... success: reloaded. 
553952     INFO  main            d.u.i.k.p.r.p.TestFile    Now processing file /home/runner/work/key/key/key.core/../key.ui/examples/standard_key/java_dl/simpleAssignment.key 
553952     INFO  main            d.u.i.k.p.i.AbstractProblemLoader Loading environment from /home/runner/work/key/key/key.core/../key.ui/examples/standard_key/java_dl/simpleAssignment.key 
553953     DEBUG main            d.u.i.k.p.i.AbstractProblemLoader Environment load took 93ns 
553953     INFO  main            d.u.i.k.p.i.AbstractProblemLoader Creating init config 
556839     DEBUG main            d.u.i.k.p.i.AbstractProblemLoader Init config took 2.89s 
556854     INFO  main            d.u.i.k.p.i.AbstractProblemLoader Replaying proof simpleAssignment.key 
556856     DEBUG main            d.u.i.k.p.i.IntermediateProofReplayer Proof replay took 3.6ns 
556958     INFO  main            d.u.i.k.p.r.p.TestFile    ... finished proof: closed. 
557604     INFO  main            d.u.i.k.p.i.AbstractProblemLoader Loading environment from /home/runner/work/key/key/key.core/../key.ui/examples/standard_key/java_dl/simpleAssignment.key.proof 
557604     DEBUG main            d.u.i.k.p.i.AbstractProblemLoader Environment load took 88.9ns 
557605     INFO  main            d.u.i.k.p.i.AbstractProblemLoader Creating init config 
560467     DEBUG main            d.u.i.k.p.i.AbstractProblemLoader Init config took 2.86s 
560482     INFO  main            d.u.i.k.p.i.AbstractProblemLoader Replaying proof simpleAssignment.key.proof 
560485     DEBUG main            d.u.i.k.p.i.IntermediateProofReplayer Proof replay took 793.91ns 
560486     DEBUG main            d.u.i.k.p.r.p.TestFile    ... success: reloaded. 
560486     INFO  main            d.u.i.k.p.r.p.TestFile    Now processing file /home/runner/work/key/key/key.core/../key.ui/examples/standard_key/java_dl/simpleAssignment2.key 
560486     INFO  main            d.u.i.k.p.i.AbstractProblemLoader Loading environment from /home/runner/work/key/key/key.core/../key.ui/examples/standard_key/java_dl/simpleAssignment2.key 
560487     DEBUG main            d.u.i.k.p.i.AbstractProblemLoader Environment load took 105.2ns 
560487     INFO  main            d.u.i.k.p.i.AbstractProblemLoader Creating init config 
563227     DEBUG main            d.u.i.k.p.i.AbstractProblemLoader Init config took 2.74s 
563242     INFO  main            d.u.i.k.p.i.AbstractProblemLoader Replaying proof simpleAssignment2.key 
563243     DEBUG main            d.u.i.k.p.i.IntermediateProofReplayer Proof replay took 3.9ns 
563348     INFO  main            d.u.i.k.p.r.p.TestFile    ... finished proof: closed. 
563917     INFO  main            d.u.i.k.p.i.AbstractProblemLoader Loading environment from /home/runner/work/key/key/key.core/../key.ui/examples/standard_key/java_dl/simpleAssignment2.key.proof 
563918     DEBUG main            d.u.i.k.p.i.AbstractProblemLoader Environment load took 94.6ns 
563919     INFO  main            d.u.i.k.p.i.AbstractProblemLoader Creating init config 
566692     DEBUG main            d.u.i.k.p.i.AbstractProblemLoader Init config took 2.77s 
566707     INFO  main            d.u.i.k.p.i.AbstractProblemLoader Replaying proof simpleAssignment2.key.proof 
566710     DEBUG main            d.u.i.k.p.i.IntermediateProofReplayer Proof replay took 518.3ns 
566711     DEBUG main            d.u.i.k.p.r.p.TestFile    ... success: reloaded. 
566711     INFO  main            d.u.i.k.p.r.p.TestFile    Now processing file /home/runner/work/key/key/key.core/../key.ui/examples/standard_key/java_dl/splittingWithQueries.key 
566711     INFO  main            d.u.i.k.p.i.AbstractProblemLoader Loading environment from /home/runner/work/key/key/key.core/../key.ui/examples/standard_key/java_dl/splittingWithQueries.key 
566711     DEBUG main            d.u.i.k.p.i.AbstractProblemLoader Environment load took 81.9ns 
566713     INFO  main            d.u.i.k.p.i.AbstractProblemLoader Creating init config 
569518     DEBUG main            d.u.i.k.p.i.AbstractProblemLoader Init config took 2.81s 
569535     INFO  main            d.u.i.k.p.i.AbstractProblemLoader Replaying proof splittingWithQueries.key 
569537     DEBUG main            d.u.i.k.p.i.IntermediateProofReplayer Proof replay took 4.5ns 
569641     INFO  main            d.u.i.k.p.r.p.TestFile    ... finished proof: closed. 
570275     INFO  main            d.u.i.k.p.i.AbstractProblemLoader Loading environment from /home/runner/work/key/key/key.core/../key.ui/examples/standard_key/java_dl/splittingWithQueries.key.proof 
570275     DEBUG main            d.u.i.k.p.i.AbstractProblemLoader Environment load took 130.6ns 
570276     INFO  main            d.u.i.k.p.i.AbstractProblemLoader Creating init config 
573287     DEBUG main            d.u.i.k.p.i.AbstractProblemLoader Init config took 3.01s 
573304     INFO  main            d.u.i.k.p.i.AbstractProblemLoader Replaying proof splittingWithQueries.key.proof 
573308     DEBUG main            d.u.i.k.p.i.IntermediateProofReplayer Proof replay took 1.74ms 
573309     DEBUG main            d.u.i.k.p.r.p.TestFile    ... success: reloaded. 
573310     INFO  main            d.u.i.k.p.r.p.TestFile    Now processing file /home/runner/work/key/key/key.core/../key.ui/examples/standard_key/java_dl/strassen/strassen.key 
573311     INFO  main            d.u.i.k.p.i.AbstractProblemLoader Loading environment from /home/runner/work/key/key/key.core/../key.ui/examples/standard_key/java_dl/strassen/strassen.key 
573311     DEBUG main            d.u.i.k.p.i.AbstractProblemLoader Environment load took 199.1ns 
573312     INFO  main            d.u.i.k.p.i.AbstractProblemLoader Creating init config 
576353     DEBUG main            d.u.i.k.p.i.AbstractProblemLoader Init config took 3.04s 
576398     INFO  main            d.u.i.k.p.i.AbstractProblemLoader Replaying proof Matrix22[Matrix22::strassen(Matrix22,Matrix22)].JML normal_behavior operation contract.0 
576400     DEBUG main            d.u.i.k.p.i.IntermediateProofReplayer Proof replay took 3.3ns 
582493     INFO  main            d.u.i.k.p.r.p.TestFile    ... finished proof: closed. 
583271     INFO  main            d.u.i.k.p.i.AbstractProblemLoader Loading environment from /home/runner/work/key/key/key.core/../key.ui/examples/standard_key/java_dl/strassen/strassen.key.proof 
583271     DEBUG main            d.u.i.k.p.i.AbstractProblemLoader Environment load took 429.5ns 
583273     INFO  main            d.u.i.k.p.i.AbstractProblemLoader Creating init config 
586264     DEBUG main            d.u.i.k.p.i.AbstractProblemLoader Init config took 2.99s 
586308     INFO  main            d.u.i.k.p.i.AbstractProblemLoader Replaying proof Matrix22[Matrix22::strassen(Matrix22,Matrix22)].JML normal_behavior operation contract.0 
586829     DEBUG main            d.u.i.k.p.i.IntermediateProofReplayer Proof replay took 507.15ms 
586830     DEBUG main            d.u.i.k.p.r.p.TestFile    ... success: reloaded. 
586831     INFO  main            d.u.i.k.p.r.p.TestFile    Now processing file /home/runner/work/key/key/key.core/../key.ui/examples/standard_key/java_dl/symmArray.key 
586832     INFO  main            d.u.i.k.p.i.AbstractProblemLoader Loading environment from /home/runner/work/key/key/key.core/../key.ui/examples/standard_key/java_dl/symmArray.key 
586832     DEBUG main            d.u.i.k.p.i.AbstractProblemLoader Environment load took 108.2ns 
586836     INFO  main            d.u.i.k.p.i.AbstractProblemLoader Creating init config 
589846     DEBUG main            d.u.i.k.p.i.AbstractProblemLoader Init config took 3.01s 
589862     INFO  main            d.u.i.k.p.i.AbstractProblemLoader Replaying proof symmArray.key 
589865     DEBUG main            d.u.i.k.p.i.IntermediateProofReplayer Proof replay took 3.2ns 
689506     INFO  main            d.u.i.k.p.r.p.TestFile    ... finished proof: closed. 
690289     INFO  main            d.u.i.k.p.i.AbstractProblemLoader Loading environment from /home/runner/work/key/key/key.core/../key.ui/examples/standard_key/java_dl/symmArray.key.proof 
690289     DEBUG main            d.u.i.k.p.i.AbstractProblemLoader Environment load took 237.8ns 
690296     INFO  main            d.u.i.k.p.i.AbstractProblemLoader Creating init config 
693141     DEBUG main            d.u.i.k.p.i.AbstractProblemLoader Init config took 2.85s 
693157     INFO  main            d.u.i.k.p.i.AbstractProblemLoader Replaying proof symmArray.key.proof 
694282     DEBUG main            d.u.i.k.p.i.IntermediateProofReplayer Proof replay took 1.06s 
694287     DEBUG main            d.u.i.k.p.r.p.TestFile    ... success: reloaded. 
694288     INFO  main            d.u.i.k.p.r.p.TestFile    Now processing file /home/runner/work/key/key/key.core/../key.ui/examples/standard_key/java_dl/testcontext.key 
694288     INFO  main            d.u.i.k.p.i.AbstractProblemLoader Loading environment from /home/runner/work/key/key/key.core/../key.ui/examples/standard_key/java_dl/testcontext.key 
694289     DEBUG main            d.u.i.k.p.i.AbstractProblemLoader Environment load took 98.6ns 
694290     INFO  main            d.u.i.k.p.i.AbstractProblemLoader Creating init config 
694316     WARN  main            d.u.i.k.j.r.KeYCrossReferenceNameInfo Datatype java.io.PrintStream declared twice: Once in FILE:/home/runner/work/key/key/key.core/../key.ui/examples/standard_key/java_dl/classpath/PrintStream.java and once in URL:file:/home/runner/work/key/key/key.core/build/resources/main/de/uka/ilkd/key/java/JavaRedux/java/io/PrintStream.java, Keeping one from URL:file:/home/runner/work/key/key/key.core/build/resources/main/de/uka/ilkd/key/java/JavaRedux/java/io/PrintStream.java 
694316     WARN  main            d.u.i.k.j.r.KeYCrossReferenceNameInfo Datatype java.lang.System declared twice: Once in FILE:/home/runner/work/key/key/key.core/../key.ui/examples/standard_key/java_dl/classpath/System.java and once in URL:file:/home/runner/work/key/key/key.core/build/resources/main/de/uka/ilkd/key/java/JavaRedux/java/lang/System.java, Keeping one from URL:file:/home/runner/work/key/key/key.core/build/resources/main/de/uka/ilkd/key/java/JavaRedux/java/lang/System.java 
694316     WARN  main            d.u.i.k.j.r.KeYCrossReferenceNameInfo Datatype java.io.InputStream declared twice: Once in FILE:/home/runner/work/key/key/key.core/../key.ui/examples/standard_key/java_dl/classpath/InputStream.java and once in URL:file:/home/runner/work/key/key/key.core/build/resources/main/de/uka/ilkd/key/java/JavaRedux/java/io/InputStream.java, Keeping one from URL:file:/home/runner/work/key/key/key.core/build/resources/main/de/uka/ilkd/key/java/JavaRedux/java/io/InputStream.java 
694319     DEBUG main            d.u.i.k.j.r.ClassFileDeclarationBuilder Parsing: package java.io; public class Closeable { } 
694320     DEBUG main            r.s.KeYCrossReferenceSourceInfo Dynamically created class: java.io.Closeable 
697134     DEBUG main            d.u.i.k.p.i.AbstractProblemLoader Init config took 2.84s 
697150     INFO  main            d.u.i.k.p.i.AbstractProblemLoader Replaying proof testcontext.key 
697151     DEBUG main            d.u.i.k.p.i.IntermediateProofReplayer Proof replay took 3.1ns 
697456     INFO  main            d.u.i.k.p.r.p.TestFile    ... finished proof: closed. 
698252     INFO  main            d.u.i.k.p.i.AbstractProblemLoader Loading environment from /home/runner/work/key/key/key.core/../key.ui/examples/standard_key/java_dl/testcontext.key.proof 
698252     DEBUG main            d.u.i.k.p.i.AbstractProblemLoader Environment load took 91.3ns 
698253     INFO  main            d.u.i.k.p.i.AbstractProblemLoader Creating init config 
698279     WARN  main            d.u.i.k.j.r.KeYCrossReferenceNameInfo Datatype java.io.PrintStream declared twice: Once in FILE:/home/runner/work/key/key/key.core/../key.ui/examples/standard_key/java_dl/classpath/PrintStream.java and once in URL:file:/home/runner/work/key/key/key.core/build/resources/main/de/uka/ilkd/key/java/JavaRedux/java/io/PrintStream.java, Keeping one from URL:file:/home/runner/work/key/key/key.core/build/resources/main/de/uka/ilkd/key/java/JavaRedux/java/io/PrintStream.java 
698279     WARN  main            d.u.i.k.j.r.KeYCrossReferenceNameInfo Datatype java.lang.System declared twice: Once in FILE:/home/runner/work/key/key/key.core/../key.ui/examples/standard_key/java_dl/classpath/System.java and once in URL:file:/home/runner/work/key/key/key.core/build/resources/main/de/uka/ilkd/key/java/JavaRedux/java/lang/System.java, Keeping one from URL:file:/home/runner/work/key/key/key.core/build/resources/main/de/uka/ilkd/key/java/JavaRedux/java/lang/System.java 
698279     WARN  main            d.u.i.k.j.r.KeYCrossReferenceNameInfo Datatype java.io.InputStream declared twice: Once in FILE:/home/runner/work/key/key/key.core/../key.ui/examples/standard_key/java_dl/classpath/InputStream.java and once in URL:file:/home/runner/work/key/key/key.core/build/resources/main/de/uka/ilkd/key/java/JavaRedux/java/io/InputStream.java, Keeping one from URL:file:/home/runner/work/key/key/key.core/build/resources/main/de/uka/ilkd/key/java/JavaRedux/java/io/InputStream.java 
698283     DEBUG main            d.u.i.k.j.r.ClassFileDeclarationBuilder Parsing: package java.io; public class Closeable { } 
698283     DEBUG main            r.s.KeYCrossReferenceSourceInfo Dynamically created class: java.io.Closeable 
701195     DEBUG main            d.u.i.k.p.i.AbstractProblemLoader Init config took 2.94s 
701214     INFO  main            d.u.i.k.p.i.AbstractProblemLoader Replaying proof testcontext.key.proof 
701265     DEBUG main            d.u.i.k.p.i.IntermediateProofReplayer Proof replay took 48.15ms 
701266     DEBUG main            d.u.i.k.p.r.p.TestFile    ... success: reloaded. 
701267     INFO  main            d.u.i.k.p.r.p.TestFile    Now processing file /home/runner/work/key/key/key.core/../key.ui/examples/standard_key/staticInitialisation/cascadeStaticInitialisation.key 
701267     INFO  main            d.u.i.k.p.i.AbstractProblemLoader Loading environment from /home/runner/work/key/key/key.core/../key.ui/examples/standard_key/staticInitialisation/cascadeStaticInitialisation.key 
701267     DEBUG main            d.u.i.k.p.i.AbstractProblemLoader Environment load took 91.2ns 
701270     INFO  main            d.u.i.k.p.i.AbstractProblemLoader Creating init config 
701294     WARN  main            d.u.i.k.j.r.KeYCrossReferenceNameInfo Datatype java.io.PrintStream declared twice: Once in FILE:/home/runner/work/key/key/key.core/../key.ui/examples/standard_key/staticInitialisation/classpath/PrintStream.java and once in URL:file:/home/runner/work/key/key/key.core/build/resources/main/de/uka/ilkd/key/java/JavaRedux/java/io/PrintStream.java, Keeping one from URL:file:/home/runner/work/key/key/key.core/build/resources/main/de/uka/ilkd/key/java/JavaRedux/java/io/PrintStream.java 
701294     WARN  main            d.u.i.k.j.r.KeYCrossReferenceNameInfo Datatype java.lang.System declared twice: Once in FILE:/home/runner/work/key/key/key.core/../key.ui/examples/standard_key/staticInitialisation/classpath/System.java and once in URL:file:/home/runner/work/key/key/key.core/build/resources/main/de/uka/ilkd/key/java/JavaRedux/java/lang/System.java, Keeping one from URL:file:/home/runner/work/key/key/key.core/build/resources/main/de/uka/ilkd/key/java/JavaRedux/java/lang/System.java 
704010     DEBUG main            d.u.i.k.p.i.AbstractProblemLoader Init config took 2.74s 
704048     INFO  main            d.u.i.k.p.i.AbstractProblemLoader Replaying proof cascadeStaticInitialisation.key 
704055     DEBUG main            d.u.i.k.p.i.IntermediateProofReplayer Proof replay took 3.3ns 
704861     INFO  main            d.u.i.k.p.r.p.TestFile    ... finished proof: closed. 
705541     INFO  main            d.u.i.k.p.i.AbstractProblemLoader Loading environment from /home/runner/work/key/key/key.core/../key.ui/examples/standard_key/staticInitialisation/cascadeStaticInitialisation.key.proof 
705542     DEBUG main            d.u.i.k.p.i.AbstractProblemLoader Environment load took 366.6ns 
705543     INFO  main            d.u.i.k.p.i.AbstractProblemLoader Creating init config 
705569     WARN  main            d.u.i.k.j.r.KeYCrossReferenceNameInfo Datatype java.io.PrintStream declared twice: Once in FILE:/home/runner/work/key/key/key.core/../key.ui/examples/standard_key/staticInitialisation/classpath/PrintStream.java and once in URL:file:/home/runner/work/key/key/key.core/build/resources/main/de/uka/ilkd/key/java/JavaRedux/java/io/PrintStream.java, Keeping one from URL:file:/home/runner/work/key/key/key.core/build/resources/main/de/uka/ilkd/key/java/JavaRedux/java/io/PrintStream.java 
705569     WARN  main            d.u.i.k.j.r.KeYCrossReferenceNameInfo Datatype java.lang.System declared twice: Once in FILE:/home/runner/work/key/key/key.core/../key.ui/examples/standard_key/staticInitialisation/classpath/System.java and once in URL:file:/home/runner/work/key/key/key.core/build/resources/main/de/uka/ilkd/key/java/JavaRedux/java/lang/System.java, Keeping one from URL:file:/home/runner/work/key/key/key.core/build/resources/main/de/uka/ilkd/key/java/JavaRedux/java/lang/System.java 
708433     DEBUG main            d.u.i.k.p.i.AbstractProblemLoader Init config took 2.89s 
708448     INFO  main            d.u.i.k.p.i.AbstractProblemLoader Replaying proof cascadeStaticInitialisation.key.proof 
708590     DEBUG main            d.u.i.k.p.i.IntermediateProofReplayer Proof replay took 139.24ms 
708593     DEBUG main            d.u.i.k.p.r.p.TestFile    ... success: reloaded. 
708594     INFO  main            d.u.i.k.p.r.p.TestFile    Now processing file /home/runner/work/key/key/key.core/../key.ui/examples/standard_key/staticInitialisation/erroneousClassImpliesErroneousSubclass.key 
708594     INFO  main            d.u.i.k.p.i.AbstractProblemLoader Loading environment from /home/runner/work/key/key/key.core/../key.ui/examples/standard_key/staticInitialisation/erroneousClassImpliesErroneousSubclass.key 
708594     DEBUG main            d.u.i.k.p.i.AbstractProblemLoader Environment load took 74.5ns 
708595     INFO  main            d.u.i.k.p.i.AbstractProblemLoader Creating init config 
708623     WARN  main            d.u.i.k.j.r.KeYCrossReferenceNameInfo Datatype java.io.PrintStream declared twice: Once in FILE:/home/runner/work/key/key/key.core/../key.ui/examples/standard_key/staticInitialisation/classpath/PrintStream.java and once in URL:file:/home/runner/work/key/key/key.core/build/resources/main/de/uka/ilkd/key/java/JavaRedux/java/io/PrintStream.java, Keeping one from URL:file:/home/runner/work/key/key/key.core/build/resources/main/de/uka/ilkd/key/java/JavaRedux/java/io/PrintStream.java 
708623     WARN  main            d.u.i.k.j.r.KeYCrossReferenceNameInfo Datatype java.lang.System declared twice: Once in FILE:/home/runner/work/key/key/key.core/../key.ui/examples/standard_key/staticInitialisation/classpath/System.java and once in URL:file:/home/runner/work/key/key/key.core/build/resources/main/de/uka/ilkd/key/java/JavaRedux/java/lang/System.java, Keeping one from URL:file:/home/runner/work/key/key/key.core/build/resources/main/de/uka/ilkd/key/java/JavaRedux/java/lang/System.java 
711317     DEBUG main            d.u.i.k.p.i.AbstractProblemLoader Init config took 2.72s 
711333     INFO  main            d.u.i.k.p.i.AbstractProblemLoader Replaying proof erroneousClassImpliesErroneousSubclass.key 
711335     DEBUG main            d.u.i.k.p.i.IntermediateProofReplayer Proof replay took 3.5ns 
711436     INFO  main            d.u.i.k.p.r.p.TestFile    ... finished proof: closed. 
712106     INFO  main            d.u.i.k.p.i.AbstractProblemLoader Loading environment from /home/runner/work/key/key/key.core/../key.ui/examples/standard_key/staticInitialisation/erroneousClassImpliesErroneousSubclass.key.proof 
712106     DEBUG main            d.u.i.k.p.i.AbstractProblemLoader Environment load took 138.2ns 
712107     INFO  main            d.u.i.k.p.i.AbstractProblemLoader Creating init config 
712131     WARN  main            d.u.i.k.j.r.KeYCrossReferenceNameInfo Datatype java.io.PrintStream declared twice: Once in FILE:/home/runner/work/key/key/key.core/../key.ui/examples/standard_key/staticInitialisation/classpath/PrintStream.java and once in URL:file:/home/runner/work/key/key/key.core/build/resources/main/de/uka/ilkd/key/java/JavaRedux/java/io/PrintStream.java, Keeping one from URL:file:/home/runner/work/key/key/key.core/build/resources/main/de/uka/ilkd/key/java/JavaRedux/java/io/PrintStream.java 
712131     WARN  main            d.u.i.k.j.r.KeYCrossReferenceNameInfo Datatype java.lang.System declared twice: Once in FILE:/home/runner/work/key/key/key.core/../key.ui/examples/standard_key/staticInitialisation/classpath/System.java and once in URL:file:/home/runner/work/key/key/key.core/build/resources/main/de/uka/ilkd/key/java/JavaRedux/java/lang/System.java, Keeping one from URL:file:/home/runner/work/key/key/key.core/build/resources/main/de/uka/ilkd/key/java/JavaRedux/java/lang/System.java 
715045     DEBUG main            d.u.i.k.p.i.AbstractProblemLoader Init config took 2.94s 
715061     INFO  main            d.u.i.k.p.i.AbstractProblemLoader Replaying proof erroneousClassImpliesErroneousSubclass.key.proof 
715064     DEBUG main            d.u.i.k.p.i.IntermediateProofReplayer Proof replay took 577.2ns 
715065     DEBUG main            d.u.i.k.p.r.p.TestFile    ... success: reloaded. 
715066     INFO  main            d.u.i.k.p.r.p.TestFile    Now processing file /home/runner/work/key/key/key.core/../key.ui/examples/standard_key/staticInitialisation/initializedSubclassImpliesInitializedSuperclass.key 
715067     INFO  main            d.u.i.k.p.i.AbstractProblemLoader Loading environment from /home/runner/work/key/key/key.core/../key.ui/examples/standard_key/staticInitialisation/initializedSubclassImpliesInitializedSuperclass.key 
715067     DEBUG main            d.u.i.k.p.i.AbstractProblemLoader Environment load took 288.1ns 
715068     INFO  main            d.u.i.k.p.i.AbstractProblemLoader Creating init config 
715094     WARN  main            d.u.i.k.j.r.KeYCrossReferenceNameInfo Datatype java.io.PrintStream declared twice: Once in FILE:/home/runner/work/key/key/key.core/../key.ui/examples/standard_key/staticInitialisation/classpath/PrintStream.java and once in URL:file:/home/runner/work/key/key/key.core/build/resources/main/de/uka/ilkd/key/java/JavaRedux/java/io/PrintStream.java, Keeping one from URL:file:/home/runner/work/key/key/key.core/build/resources/main/de/uka/ilkd/key/java/JavaRedux/java/io/PrintStream.java 
715094     WARN  main            d.u.i.k.j.r.KeYCrossReferenceNameInfo Datatype java.lang.System declared twice: Once in FILE:/home/runner/work/key/key/key.core/../key.ui/examples/standard_key/staticInitialisation/classpath/System.java and once in URL:file:/home/runner/work/key/key/key.core/build/resources/main/de/uka/ilkd/key/java/JavaRedux/java/lang/System.java, Keeping one from URL:file:/home/runner/work/key/key/key.core/build/resources/main/de/uka/ilkd/key/java/JavaRedux/java/lang/System.java 
717971     DEBUG main            d.u.i.k.p.i.AbstractProblemLoader Init config took 2.9s 
717987     INFO  main            d.u.i.k.p.i.AbstractProblemLoader Replaying proof initializedSubclassImpliesInitializedSuperclass.key 
717988     DEBUG main            d.u.i.k.p.i.IntermediateProofReplayer Proof replay took 3.4ns 
718090     INFO  main            d.u.i.k.p.r.p.TestFile    ... finished proof: closed. 
718764     INFO  main            d.u.i.k.p.i.AbstractProblemLoader Loading environment from /home/runner/work/key/key/key.core/../key.ui/examples/standard_key/staticInitialisation/initializedSubclassImpliesInitializedSuperclass.key.proof 
718764     DEBUG main            d.u.i.k.p.i.AbstractProblemLoader Environment load took 93.6ns 
718765     INFO  main            d.u.i.k.p.i.AbstractProblemLoader Creating init config 
718790     WARN  main            d.u.i.k.j.r.KeYCrossReferenceNameInfo Datatype java.io.PrintStream declared twice: Once in FILE:/home/runner/work/key/key/key.core/../key.ui/examples/standard_key/staticInitialisation/classpath/PrintStream.java and once in URL:file:/home/runner/work/key/key/key.core/build/resources/main/de/uka/ilkd/key/java/JavaRedux/java/io/PrintStream.java, Keeping one from URL:file:/home/runner/work/key/key/key.core/build/resources/main/de/uka/ilkd/key/java/JavaRedux/java/io/PrintStream.java 
718790     WARN  main            d.u.i.k.j.r.KeYCrossReferenceNameInfo Datatype java.lang.System declared twice: Once in FILE:/home/runner/work/key/key/key.core/../key.ui/examples/standard_key/staticInitialisation/classpath/System.java and once in URL:file:/home/runner/work/key/key/key.core/build/resources/main/de/uka/ilkd/key/java/JavaRedux/java/lang/System.java, Keeping one from URL:file:/home/runner/work/key/key/key.core/build/resources/main/de/uka/ilkd/key/java/JavaRedux/java/lang/System.java 
721643     DEBUG main            d.u.i.k.p.i.AbstractProblemLoader Init config took 2.88s 
721660     INFO  main            d.u.i.k.p.i.AbstractProblemLoader Replaying proof initializedSubclassImpliesInitializedSuperclass.key.proof 
721662     DEBUG main            d.u.i.k.p.i.IntermediateProofReplayer Proof replay took 410.9ns 
721664     DEBUG main            d.u.i.k.p.r.p.TestFile    ... success: reloaded. 
721664     INFO  main            d.u.i.k.p.r.p.TestFile    Now processing file /home/runner/work/key/key/key.core/../key.ui/examples/standard_key/staticInitialisation/localDeclared.key 
721665     INFO  main            d.u.i.k.p.i.AbstractProblemLoader Loading environment from /home/runner/work/key/key/key.core/../key.ui/examples/standard_key/staticInitialisation/localDeclared.key 
721665     DEBUG main            d.u.i.k.p.i.AbstractProblemLoader Environment load took 70.1ns 
721667     INFO  main            d.u.i.k.p.i.AbstractProblemLoader Creating init config 
721691     WARN  main            d.u.i.k.j.r.KeYCrossReferenceNameInfo Datatype java.io.PrintStream declared twice: Once in FILE:/home/runner/work/key/key/key.core/../key.ui/examples/standard_key/staticInitialisation/classpath/PrintStream.java and once in URL:file:/home/runner/work/key/key/key.core/build/resources/main/de/uka/ilkd/key/java/JavaRedux/java/io/PrintStream.java, Keeping one from URL:file:/home/runner/work/key/key/key.core/build/resources/main/de/uka/ilkd/key/java/JavaRedux/java/io/PrintStream.java 
721691     WARN  main            d.u.i.k.j.r.KeYCrossReferenceNameInfo Datatype java.lang.System declared twice: Once in FILE:/home/runner/work/key/key/key.core/../key.ui/examples/standard_key/staticInitialisation/classpath/System.java and once in URL:file:/home/runner/work/key/key/key.core/build/resources/main/de/uka/ilkd/key/java/JavaRedux/java/lang/System.java, Keeping one from URL:file:/home/runner/work/key/key/key.core/build/resources/main/de/uka/ilkd/key/java/JavaRedux/java/lang/System.java 
724521     DEBUG main            d.u.i.k.p.i.AbstractProblemLoader Init config took 2.85s 
724537     INFO  main            d.u.i.k.p.i.AbstractProblemLoader Replaying proof localDeclared.key 
724540     DEBUG main            d.u.i.k.p.i.IntermediateProofReplayer Proof replay took 3.6ns 
724843     INFO  main            d.u.i.k.p.r.p.TestFile    ... finished proof: closed. 
725544     INFO  main            d.u.i.k.p.i.AbstractProblemLoader Loading environment from /home/runner/work/key/key/key.core/../key.ui/examples/standard_key/staticInitialisation/localDeclared.key.proof 
725544     DEBUG main            d.u.i.k.p.i.AbstractProblemLoader Environment load took 88.7ns 
725546     INFO  main            d.u.i.k.p.i.AbstractProblemLoader Creating init config 
725570     WARN  main            d.u.i.k.j.r.KeYCrossReferenceNameInfo Datatype java.io.PrintStream declared twice: Once in FILE:/home/runner/work/key/key/key.core/../key.ui/examples/standard_key/staticInitialisation/classpath/PrintStream.java and once in URL:file:/home/runner/work/key/key/key.core/build/resources/main/de/uka/ilkd/key/java/JavaRedux/java/io/PrintStream.java, Keeping one from URL:file:/home/runner/work/key/key/key.core/build/resources/main/de/uka/ilkd/key/java/JavaRedux/java/io/PrintStream.java 
725571     WARN  main            d.u.i.k.j.r.KeYCrossReferenceNameInfo Datatype java.lang.System declared twice: Once in FILE:/home/runner/work/key/key/key.core/../key.ui/examples/standard_key/staticInitialisation/classpath/System.java and once in URL:file:/home/runner/work/key/key/key.core/build/resources/main/de/uka/ilkd/key/java/JavaRedux/java/lang/System.java, Keeping one from URL:file:/home/runner/work/key/key/key.core/build/resources/main/de/uka/ilkd/key/java/JavaRedux/java/lang/System.java 
728381     DEBUG main            d.u.i.k.p.i.AbstractProblemLoader Init config took 2.83s 
728398     INFO  main            d.u.i.k.p.i.AbstractProblemLoader Replaying proof localDeclared.key.proof 
728464     DEBUG main            d.u.i.k.p.i.IntermediateProofReplayer Proof replay took 64.08ms 
728466     DEBUG main            d.u.i.k.p.r.p.TestFile    ... success: reloaded. 
728467     INFO  main            d.u.i.k.p.r.p.TestFile    Now processing file /home/runner/work/key/key/key.core/../key.ui/examples/standard_key/staticInitialisation/localDeclaredMethod.key 
728467     INFO  main            d.u.i.k.p.i.AbstractProblemLoader Loading environment from /home/runner/work/key/key/key.core/../key.ui/examples/standard_key/staticInitialisation/localDeclaredMethod.key 
728467     DEBUG main            d.u.i.k.p.i.AbstractProblemLoader Environment load took 132.7ns 
728469     INFO  main            d.u.i.k.p.i.AbstractProblemLoader Creating init config 
728494     WARN  main            d.u.i.k.j.r.KeYCrossReferenceNameInfo Datatype java.io.PrintStream declared twice: Once in FILE:/home/runner/work/key/key/key.core/../key.ui/examples/standard_key/staticInitialisation/classpath/PrintStream.java and once in URL:file:/home/runner/work/key/key/key.core/build/resources/main/de/uka/ilkd/key/java/JavaRedux/java/io/PrintStream.java, Keeping one from URL:file:/home/runner/work/key/key/key.core/build/resources/main/de/uka/ilkd/key/java/JavaRedux/java/io/PrintStream.java 
728495     WARN  main            d.u.i.k.j.r.KeYCrossReferenceNameInfo Datatype java.lang.System declared twice: Once in FILE:/home/runner/work/key/key/key.core/../key.ui/examples/standard_key/staticInitialisation/classpath/System.java and once in URL:file:/home/runner/work/key/key/key.core/build/resources/main/de/uka/ilkd/key/java/JavaRedux/java/lang/System.java, Keeping one from URL:file:/home/runner/work/key/key/key.core/build/resources/main/de/uka/ilkd/key/java/JavaRedux/java/lang/System.java 
731523     DEBUG main            d.u.i.k.p.i.AbstractProblemLoader Init config took 3.05s 
731539     INFO  main            d.u.i.k.p.i.AbstractProblemLoader Replaying proof localDeclaredMethod.key 
731540     DEBUG main            d.u.i.k.p.i.IntermediateProofReplayer Proof replay took 3.6ns 
731844     INFO  main            d.u.i.k.p.r.p.TestFile    ... finished proof: closed. 
732564     INFO  main            d.u.i.k.p.i.AbstractProblemLoader Loading environment from /home/runner/work/key/key/key.core/../key.ui/examples/standard_key/staticInitialisation/localDeclaredMethod.key.proof 
732564     DEBUG main            d.u.i.k.p.i.AbstractProblemLoader Environment load took 142.5ns 
732565     INFO  main            d.u.i.k.p.i.AbstractProblemLoader Creating init config 
732591     WARN  main            d.u.i.k.j.r.KeYCrossReferenceNameInfo Datatype java.io.PrintStream declared twice: Once in FILE:/home/runner/work/key/key/key.core/../key.ui/examples/standard_key/staticInitialisation/classpath/PrintStream.java and once in URL:file:/home/runner/work/key/key/key.core/build/resources/main/de/uka/ilkd/key/java/JavaRedux/java/io/PrintStream.java, Keeping one from URL:file:/home/runner/work/key/key/key.core/build/resources/main/de/uka/ilkd/key/java/JavaRedux/java/io/PrintStream.java 
732591     WARN  main            d.u.i.k.j.r.KeYCrossReferenceNameInfo Datatype java.lang.System declared twice: Once in FILE:/home/runner/work/key/key/key.core/../key.ui/examples/standard_key/staticInitialisation/classpath/System.java and once in URL:file:/home/runner/work/key/key/key.core/build/resources/main/de/uka/ilkd/key/java/JavaRedux/java/lang/System.java, Keeping one from URL:file:/home/runner/work/key/key/key.core/build/resources/main/de/uka/ilkd/key/java/JavaRedux/java/lang/System.java 
735515     DEBUG main            d.u.i.k.p.i.AbstractProblemLoader Init config took 2.95s 
735530     INFO  main            d.u.i.k.p.i.AbstractProblemLoader Replaying proof localDeclaredMethod.key.proof 
735581     DEBUG main            d.u.i.k.p.i.IntermediateProofReplayer Proof replay took 48.84ms 
735583     DEBUG main            d.u.i.k.p.r.p.TestFile    ... success: reloaded. 
735583     INFO  main            d.u.i.k.p.r.p.TestFile    Now processing file /home/runner/work/key/key/key.core/../key.ui/examples/standard_key/staticInitialisation/objectOfErroneousClass.key 
735584     INFO  main            d.u.i.k.p.i.AbstractProblemLoader Loading environment from /home/runner/work/key/key/key.core/../key.ui/examples/standard_key/staticInitialisation/objectOfErroneousClass.key 
735584     DEBUG main            d.u.i.k.p.i.AbstractProblemLoader Environment load took 93ns 
735585     INFO  main            d.u.i.k.p.i.AbstractProblemLoader Creating init config 
735608     WARN  main            d.u.i.k.j.r.KeYCrossReferenceNameInfo Datatype java.io.PrintStream declared twice: Once in FILE:/home/runner/work/key/key/key.core/../key.ui/examples/standard_key/staticInitialisation/classpath/PrintStream.java and once in URL:file:/home/runner/work/key/key/key.core/build/resources/main/de/uka/ilkd/key/java/JavaRedux/java/io/PrintStream.java, Keeping one from URL:file:/home/runner/work/key/key/key.core/build/resources/main/de/uka/ilkd/key/java/JavaRedux/java/io/PrintStream.java 
735609     WARN  main            d.u.i.k.j.r.KeYCrossReferenceNameInfo Datatype java.lang.System declared twice: Once in FILE:/home/runner/work/key/key/key.core/../key.ui/examples/standard_key/staticInitialisation/classpath/System.java and once in URL:file:/home/runner/work/key/key/key.core/build/resources/main/de/uka/ilkd/key/java/JavaRedux/java/lang/System.java, Keeping one from URL:file:/home/runner/work/key/key/key.core/build/resources/main/de/uka/ilkd/key/java/JavaRedux/java/lang/System.java 
738523     DEBUG main            d.u.i.k.p.i.AbstractProblemLoader Init config took 2.94s 
738539     INFO  main            d.u.i.k.p.i.AbstractProblemLoader Replaying proof objectOfErroneousClass.key 
738542     DEBUG main            d.u.i.k.p.i.IntermediateProofReplayer Proof replay took 3.4ns 
753970     INFO  main            d.u.i.k.p.r.p.TestFile    ... finished proof: closed. 
754740     INFO  main            d.u.i.k.p.i.AbstractProblemLoader Loading environment from /home/runner/work/key/key/key.core/../key.ui/examples/standard_key/staticInitialisation/objectOfErroneousClass.key.proof 
754741     DEBUG main            d.u.i.k.p.i.AbstractProblemLoader Environment load took 345.2ns 
754744     INFO  main            d.u.i.k.p.i.AbstractProblemLoader Creating init config 
754769     WARN  main            d.u.i.k.j.r.KeYCrossReferenceNameInfo Datatype java.io.PrintStream declared twice: Once in FILE:/home/runner/work/key/key/key.core/../key.ui/examples/standard_key/staticInitialisation/classpath/PrintStream.java and once in URL:file:/home/runner/work/key/key/key.core/build/resources/main/de/uka/ilkd/key/java/JavaRedux/java/io/PrintStream.java, Keeping one from URL:file:/home/runner/work/key/key/key.core/build/resources/main/de/uka/ilkd/key/java/JavaRedux/java/io/PrintStream.java 
754770     WARN  main            d.u.i.k.j.r.KeYCrossReferenceNameInfo Datatype java.lang.System declared twice: Once in FILE:/home/runner/work/key/key/key.core/../key.ui/examples/standard_key/staticInitialisation/classpath/System.java and once in URL:file:/home/runner/work/key/key/key.core/build/resources/main/de/uka/ilkd/key/java/JavaRedux/java/lang/System.java, Keeping one from URL:file:/home/runner/work/key/key/key.core/build/resources/main/de/uka/ilkd/key/java/JavaRedux/java/lang/System.java 
757537     DEBUG main            d.u.i.k.p.i.AbstractProblemLoader Init config took 2.79s 
757553     INFO  main            d.u.i.k.p.i.AbstractProblemLoader Replaying proof objectOfErroneousClass.key.proof 
759428     DEBUG main            d.u.i.k.p.i.IntermediateProofReplayer Proof replay took 1.84s 
759432     DEBUG main            d.u.i.k.p.r.p.TestFile    ... success: reloaded. 
759433     INFO  main            d.u.i.k.p.r.p.TestFile    Now processing file /home/runner/work/key/key/key.core/../key.ui/examples/standard_key/staticInitialisation/staticInitialisersAreNonSimple.key 
759433     INFO  main            d.u.i.k.p.i.AbstractProblemLoader Loading environment from /home/runner/work/key/key/key.core/../key.ui/examples/standard_key/staticInitialisation/staticInitialisersAreNonSimple.key 
759433     DEBUG main            d.u.i.k.p.i.AbstractProblemLoader Environment load took 82.3ns 
759435     INFO  main            d.u.i.k.p.i.AbstractProblemLoader Creating init config 
759459     WARN  main            d.u.i.k.j.r.KeYCrossReferenceNameInfo Datatype java.io.PrintStream declared twice: Once in FILE:/home/runner/work/key/key/key.core/../key.ui/examples/standard_key/staticInitialisation/classpath/PrintStream.java and once in URL:file:/home/runner/work/key/key/key.core/build/resources/main/de/uka/ilkd/key/java/JavaRedux/java/io/PrintStream.java, Keeping one from URL:file:/home/runner/work/key/key/key.core/build/resources/main/de/uka/ilkd/key/java/JavaRedux/java/io/PrintStream.java 
759459     WARN  main            d.u.i.k.j.r.KeYCrossReferenceNameInfo Datatype java.lang.System declared twice: Once in FILE:/home/runner/work/key/key/key.core/../key.ui/examples/standard_key/staticInitialisation/classpath/System.java and once in URL:file:/home/runner/work/key/key/key.core/build/resources/main/de/uka/ilkd/key/java/JavaRedux/java/lang/System.java, Keeping one from URL:file:/home/runner/work/key/key/key.core/build/resources/main/de/uka/ilkd/key/java/JavaRedux/java/lang/System.java 
762313     DEBUG main            d.u.i.k.p.i.AbstractProblemLoader Init config took 2.88s 
762330     INFO  main            d.u.i.k.p.i.AbstractProblemLoader Replaying proof staticInitialisersAreNonSimple.key 
762331     DEBUG main            d.u.i.k.p.i.IntermediateProofReplayer Proof replay took 3.5ns 
762735     INFO  main            d.u.i.k.p.r.p.TestFile    ... finished proof: closed. 
763521     INFO  main            d.u.i.k.p.i.AbstractProblemLoader Loading environment from /home/runner/work/key/key/key.core/../key.ui/examples/standard_key/staticInitialisation/staticInitialisersAreNonSimple.key.proof 
763521     DEBUG main            d.u.i.k.p.i.AbstractProblemLoader Environment load took 498.9ns 
763524     INFO  main            d.u.i.k.p.i.AbstractProblemLoader Creating init config 
763549     WARN  main            d.u.i.k.j.r.KeYCrossReferenceNameInfo Datatype java.io.PrintStream declared twice: Once in FILE:/home/runner/work/key/key/key.core/../key.ui/examples/standard_key/staticInitialisation/classpath/PrintStream.java and once in URL:file:/home/runner/work/key/key/key.core/build/resources/main/de/uka/ilkd/key/java/JavaRedux/java/io/PrintStream.java, Keeping one from URL:file:/home/runner/work/key/key/key.core/build/resources/main/de/uka/ilkd/key/java/JavaRedux/java/io/PrintStream.java 
763550     WARN  main            d.u.i.k.j.r.KeYCrossReferenceNameInfo Datatype java.lang.System declared twice: Once in FILE:/home/runner/work/key/key/key.core/../key.ui/examples/standard_key/staticInitialisation/classpath/System.java and once in URL:file:/home/runner/work/key/key/key.core/build/resources/main/de/uka/ilkd/key/java/JavaRedux/java/lang/System.java, Keeping one from URL:file:/home/runner/work/key/key/key.core/build/resources/main/de/uka/ilkd/key/java/JavaRedux/java/lang/System.java 
766191     DEBUG main            d.u.i.k.p.i.AbstractProblemLoader Init config took 2.67s 
766204     INFO  main            d.u.i.k.p.i.AbstractProblemLoader Replaying proof staticInitialisersAreNonSimple.key.proof 
766272     DEBUG main            d.u.i.k.p.i.IntermediateProofReplayer Proof replay took 63.61ms 
766274     DEBUG main            d.u.i.k.p.r.p.TestFile    ... success: reloaded. 
766275     INFO  main            d.u.i.k.p.r.p.TestFile    Now processing file /home/runner/work/key/key/key.core/../key.ui/examples/standard_key/types/disjoint.key 
766275     INFO  main            d.u.i.k.p.i.AbstractProblemLoader Loading environment from /home/runner/work/key/key/key.core/../key.ui/examples/standard_key/types/disjoint.key 
766275     DEBUG main            d.u.i.k.p.i.AbstractProblemLoader Environment load took 128.4ns 
766276     INFO  main            d.u.i.k.p.i.AbstractProblemLoader Creating init config 
768984     DEBUG main            d.u.i.k.p.i.AbstractProblemLoader Init config took 2.71s 
768998     INFO  main            d.u.i.k.p.i.AbstractProblemLoader Replaying proof disjoint.key 
768999     DEBUG main            d.u.i.k.p.i.IntermediateProofReplayer Proof replay took 3.3ns 
769101     INFO  main            d.u.i.k.p.r.p.TestFile    ... finished proof: closed. 
769799     INFO  main            d.u.i.k.p.i.AbstractProblemLoader Loading environment from /home/runner/work/key/key/key.core/../key.ui/examples/standard_key/types/disjoint.key.proof 
769799     DEBUG main            d.u.i.k.p.i.AbstractProblemLoader Environment load took 96.8ns 
769800     INFO  main            d.u.i.k.p.i.AbstractProblemLoader Creating init config 
772458     DEBUG main            d.u.i.k.p.i.AbstractProblemLoader Init config took 2.66s 
772472     INFO  main            d.u.i.k.p.i.AbstractProblemLoader Replaying proof disjoint.key.proof 
772474     DEBUG main            d.u.i.k.p.i.IntermediateProofReplayer Proof replay took 317.3ns 
772475     DEBUG main            d.u.i.k.p.r.p.TestFile    ... success: reloaded. 
772475     INFO  main            d.u.i.k.p.r.p.TestFile    Now processing file /home/runner/work/key/key/key.core/../key.ui/examples/../../key.core/src/test/resources/testcase/classpath/classpath.key 
772475     INFO  main            d.u.i.k.p.i.AbstractProblemLoader Loading environment from /home/runner/work/key/key/key.core/../key.ui/examples/../../key.core/src/test/resources/testcase/classpath/classpath.key 
772475     DEBUG main            d.u.i.k.p.i.AbstractProblemLoader Environment load took 115.6ns 
772476     INFO  main            d.u.i.k.p.i.AbstractProblemLoader Creating init config 
772502     WARN  main            d.u.i.k.j.r.KeYCrossReferenceNameInfo Datatype cp.C declared twice: Once in FILE:/home/runner/work/key/key/key.core/../key.ui/examples/../../key.core/src/test/resources/testcase/classpath/classpath/C.class and once in FILE:/home/runner/work/key/key/key.core/../key.ui/examples/../../key.core/src/test/resources/testcase/classpath/classpath/C.jml, Keeping one from FILE:/home/runner/work/key/key/key.core/../key.ui/examples/../../key.core/src/test/resources/testcase/classpath/classpath/C.jml 
772505     DEBUG main            d.u.i.k.j.r.ClassFileDeclarationBuilder Parsing: package cp; public class Unresolved1 { } 
772505     DEBUG main            r.s.KeYCrossReferenceSourceInfo Dynamically created class: cp.Unresolved1 
772505     DEBUG main            d.u.i.k.j.r.ClassFileDeclarationBuilder Parsing: package cp; public class Unresolved2 { } 
772505     DEBUG main            r.s.KeYCrossReferenceSourceInfo Dynamically created class: cp.Unresolved2 
775512     DEBUG main            d.u.i.k.p.i.AbstractProblemLoader Init config took 3.04s 
775527     INFO  main            d.u.i.k.p.i.AbstractProblemLoader Replaying proof classpath.key 
775529     DEBUG main            d.u.i.k.p.i.IntermediateProofReplayer Proof replay took 4ns 
775632     INFO  main            d.u.i.k.p.r.p.TestFile    ... finished proof: closed. 
776329     INFO  main            d.u.i.k.p.i.AbstractProblemLoader Loading environment from /home/runner/work/key/key/key.core/../key.ui/examples/../../key.core/src/test/resources/testcase/classpath/classpath.key.proof 
776329     DEBUG main            d.u.i.k.p.i.AbstractProblemLoader Environment load took 134.1ns 
776331     INFO  main            d.u.i.k.p.i.AbstractProblemLoader Creating init config 
776363     WARN  main            d.u.i.k.j.r.KeYCrossReferenceNameInfo Datatype cp.C declared twice: Once in FILE:/home/runner/work/key/key/key.core/../key.ui/examples/../../key.core/src/test/resources/testcase/classpath/classpath/C.class and once in FILE:/home/runner/work/key/key/key.core/../key.ui/examples/../../key.core/src/test/resources/testcase/classpath/classpath/C.jml, Keeping one from FILE:/home/runner/work/key/key/key.core/../key.ui/examples/../../key.core/src/test/resources/testcase/classpath/classpath/C.jml 
776366     DEBUG main            d.u.i.k.j.r.ClassFileDeclarationBuilder Parsing: package cp; public class Unresolved1 { } 
776366     DEBUG main            r.s.KeYCrossReferenceSourceInfo Dynamically created class: cp.Unresolved1 
776367     DEBUG main            d.u.i.k.j.r.ClassFileDeclarationBuilder Parsing: package cp; public class Unresolved2 { } 
776367     DEBUG main            r.s.KeYCrossReferenceSourceInfo Dynamically created class: cp.Unresolved2 
779252     DEBUG main            d.u.i.k.p.i.AbstractProblemLoader Init config took 2.92s 
779268     INFO  main            d.u.i.k.p.i.AbstractProblemLoader Replaying proof classpath.key.proof 
779271     DEBUG main            d.u.i.k.p.i.IntermediateProofReplayer Proof replay took 555.11ns 
779271     DEBUG main            d.u.i.k.p.r.p.TestFile    ... success: reloaded. 
779272     INFO  main            d.u.i.k.p.r.p.TestFile    Now processing file /home/runner/work/key/key/key.core/../key.ui/examples/heap/inconsistent_represents/MyClass_m.key 
779272     INFO  main            d.u.i.k.p.i.AbstractProblemLoader Loading environment from /home/runner/work/key/key/key.core/../key.ui/examples/heap/inconsistent_represents/MyClass_m.key 
779273     DEBUG main            d.u.i.k.p.i.AbstractProblemLoader Environment load took 90.3ns 
779273     INFO  main            d.u.i.k.p.i.AbstractProblemLoader Creating init config 
782155     DEBUG main            d.u.i.k.p.i.AbstractProblemLoader Init config took 2.88s 
782200     INFO  main            d.u.i.k.p.i.AbstractProblemLoader Replaying proof MyClass[MyClass::m()].JML operation contract.0 
782202     DEBUG main            d.u.i.k.p.i.IntermediateProofReplayer Proof replay took 3.4ns 
782304     INFO  main            d.u.i.k.p.r.p.TestFile    ... finished proof: open goal(s) 
783035     INFO  main            d.u.i.k.p.r.p.TestFile    Now processing file /home/runner/work/key/key/key.core/../key.ui/examples/heap/inconsistent_represents/MyClass_n.key 
783035     INFO  main            d.u.i.k.p.i.AbstractProblemLoader Loading environment from /home/runner/work/key/key/key.core/../key.ui/examples/heap/inconsistent_represents/MyClass_n.key 
783035     DEBUG main            d.u.i.k.p.i.AbstractProblemLoader Environment load took 91.5ns 
783036     INFO  main            d.u.i.k.p.i.AbstractProblemLoader Creating init config 
785838     DEBUG main            d.u.i.k.p.i.AbstractProblemLoader Init config took 2.8s 
785878     INFO  main            d.u.i.k.p.i.AbstractProblemLoader Replaying proof MyClass[MyClass::n()].JML operation contract.0 
785880     DEBUG main            d.u.i.k.p.i.IntermediateProofReplayer Proof replay took 3.9ns 
785982     INFO  main            d.u.i.k.p.r.p.TestFile    ... finished proof: open goal(s) 
4610400    INFO  Test worker     d.u.i.k.p.r.RunAllProofsTestUnit Returning from test javadl 
4610402    INFO  Test worker     d.u.i.k.p.r.RunAllProofsTestUnit Running test FOL 
522        INFO  Timeout watchdog d.u.i.k.p.r.p.ForkedTestFileRunner Timeout watcher launched (2000 secs.) 
552        WARN  main            d.u.i.k.s.ProofSettings   The settings in /home/runner/.key/proof-settings.props are *not* read. 
606        INFO  main            d.u.i.k.p.r.p.TestFile    Now processing file /home/runner/work/key/key/key.core/../key.ui/examples/standard_key/pred_log/count.key 
757        INFO  main            d.u.i.k.p.i.AbstractProblemLoader Loading environment from /home/runner/work/key/key/key.core/../key.ui/examples/standard_key/pred_log/count.key 
778        DEBUG main            d.u.i.k.p.i.AbstractProblemLoader Environment load took 2.39ms 
1081       INFO  main            d.u.i.k.p.i.AbstractProblemLoader Creating init config 
2315       DEBUG main            d.u.i.k.j.TypeConverter   No LDT found for Meta 
2316       DEBUG main            d.u.i.k.j.TypeConverter   No LDT found for Meta 
2317       DEBUG main            d.u.i.k.j.TypeConverter   No LDT found for Meta 
2317       DEBUG main            d.u.i.k.j.TypeConverter   No LDT found for Meta 
4233       DEBUG main            d.u.i.k.j.TypeConverter   No LDT found for JavaBigintExpression 
10414      DEBUG main            d.u.i.k.p.i.AbstractProblemLoader Init config took 9.33s 
10488      INFO  main            d.u.i.k.p.i.AbstractProblemLoader Replaying proof count.key 
10538      DEBUG main            d.u.i.k.p.i.IntermediateProofReplayer Proof replay took 112.9ns 
10737      INFO  main            d.u.i.k.p.r.p.TestFile    ... finished proof: closed. 
10862      INFO  main            d.u.i.k.p.i.AbstractProblemLoader Loading environment from /home/runner/work/key/key/key.core/../key.ui/examples/standard_key/pred_log/count.key.proof 
10866      DEBUG main            d.u.i.k.p.i.AbstractProblemLoader Environment load took 4.02ms 
10871      INFO  main            d.u.i.k.p.i.AbstractProblemLoader Creating init config 
14208      DEBUG main            d.u.i.k.p.i.AbstractProblemLoader Init config took 3.34s 
14248      INFO  main            d.u.i.k.p.i.AbstractProblemLoader Replaying proof count.key.proof 
14260      DEBUG main            d.u.i.k.p.i.IntermediateProofReplayer Proof replay took 6.89ms 
14273      DEBUG main            d.u.i.k.p.r.p.TestFile    ... success: reloaded. 
14274      INFO  main            d.u.i.k.p.r.p.TestFile    Now processing file /home/runner/work/key/key/key.core/../key.ui/examples/standard_key/pred_log/count2.key 
14275      INFO  main            d.u.i.k.p.i.AbstractProblemLoader Loading environment from /home/runner/work/key/key/key.core/../key.ui/examples/standard_key/pred_log/count2.key 
14275      DEBUG main            d.u.i.k.p.i.AbstractProblemLoader Environment load took 334.3ns 
14278      INFO  main            d.u.i.k.p.i.AbstractProblemLoader Creating init config 
17450      DEBUG main            d.u.i.k.p.i.AbstractProblemLoader Init config took 3.17s 
17494      INFO  main            d.u.i.k.p.i.AbstractProblemLoader Replaying proof count2.key 
17499      DEBUG main            d.u.i.k.p.i.IntermediateProofReplayer Proof replay took 7.8ns 
17607      INFO  main            d.u.i.k.p.r.p.TestFile    ... finished proof: closed. 
17830      INFO  main            d.u.i.k.p.i.AbstractProblemLoader Loading environment from /home/runner/work/key/key/key.core/../key.ui/examples/standard_key/pred_log/count2.key.proof 
17831      DEBUG main            d.u.i.k.p.i.AbstractProblemLoader Environment load took 142.5ns 
17833      INFO  main            d.u.i.k.p.i.AbstractProblemLoader Creating init config 
20954      DEBUG main            d.u.i.k.p.i.AbstractProblemLoader Init config took 3.12s 
20986      INFO  main            d.u.i.k.p.i.AbstractProblemLoader Replaying proof count2.key.proof 
20994      DEBUG main            d.u.i.k.p.i.IntermediateProofReplayer Proof replay took 3.03ms 
20995      DEBUG main            d.u.i.k.p.r.p.TestFile    ... success: reloaded. 
20996      INFO  main            d.u.i.k.p.r.p.TestFile    Now processing file /home/runner/work/key/key/key.core/../key.ui/examples/standard_key/pred_log/count3.key 
20996      INFO  main            d.u.i.k.p.i.AbstractProblemLoader Loading environment from /home/runner/work/key/key/key.core/../key.ui/examples/standard_key/pred_log/count3.key 
20997      DEBUG main            d.u.i.k.p.i.AbstractProblemLoader Environment load took 217.2ns 
20998      INFO  main            d.u.i.k.p.i.AbstractProblemLoader Creating init config 
24046      DEBUG main            d.u.i.k.p.i.AbstractProblemLoader Init config took 3.05s 
24071      INFO  main            d.u.i.k.p.i.AbstractProblemLoader Replaying proof count3.key 
24072      DEBUG main            d.u.i.k.p.i.IntermediateProofReplayer Proof replay took 6.6ns 
24178      INFO  main            d.u.i.k.p.r.p.TestFile    ... finished proof: closed. 
24343      INFO  main            d.u.i.k.p.i.AbstractProblemLoader Loading environment from /home/runner/work/key/key/key.core/../key.ui/examples/standard_key/pred_log/count3.key.proof 
24345      DEBUG main            d.u.i.k.p.i.AbstractProblemLoader Environment load took 1.88ms 
24351      INFO  main            d.u.i.k.p.i.AbstractProblemLoader Creating init config 
27373      DEBUG main            d.u.i.k.p.i.AbstractProblemLoader Init config took 3.02s 
27396      INFO  main            d.u.i.k.p.i.AbstractProblemLoader Replaying proof count3.key.proof 
27401      DEBUG main            d.u.i.k.p.i.IntermediateProofReplayer Proof replay took 2.36ms 
27402      DEBUG main            d.u.i.k.p.r.p.TestFile    ... success: reloaded. 
27402      INFO  main            d.u.i.k.p.r.p.TestFile    Now processing file /home/runner/work/key/key/key.core/../key.ui/examples/standard_key/pred_log/equalities.key 
27403      INFO  main            d.u.i.k.p.i.AbstractProblemLoader Loading environment from /home/runner/work/key/key/key.core/../key.ui/examples/standard_key/pred_log/equalities.key 
27403      DEBUG main            d.u.i.k.p.i.AbstractProblemLoader Environment load took 113ns 
27404      INFO  main            d.u.i.k.p.i.AbstractProblemLoader Creating init config 
30300      DEBUG main            d.u.i.k.p.i.AbstractProblemLoader Init config took 2.9s 
30323      INFO  main            d.u.i.k.p.i.AbstractProblemLoader Replaying proof equalities.key 
30325      DEBUG main            d.u.i.k.p.i.IntermediateProofReplayer Proof replay took 6.7ns 
30428      INFO  main            d.u.i.k.p.r.p.TestFile    ... finished proof: closed. 
30599      INFO  main            d.u.i.k.p.i.AbstractProblemLoader Loading environment from /home/runner/work/key/key/key.core/../key.ui/examples/standard_key/pred_log/equalities.key.proof 
30599      DEBUG main            d.u.i.k.p.i.AbstractProblemLoader Environment load took 216.3ns 
30601      INFO  main            d.u.i.k.p.i.AbstractProblemLoader Creating init config 
33540      DEBUG main            d.u.i.k.p.i.AbstractProblemLoader Init config took 2.94s 
33565      INFO  main            d.u.i.k.p.i.AbstractProblemLoader Replaying proof equalities.key.proof 
33568      DEBUG main            d.u.i.k.p.i.IntermediateProofReplayer Proof replay took 1.35ms 
33569      DEBUG main            d.u.i.k.p.r.p.TestFile    ... success: reloaded. 
33570      INFO  main            d.u.i.k.p.r.p.TestFile    Now processing file /home/runner/work/key/key/key.core/../key.ui/examples/standard_key/pred_log/equalities2.key 
33570      INFO  main            d.u.i.k.p.i.AbstractProblemLoader Loading environment from /home/runner/work/key/key/key.core/../key.ui/examples/standard_key/pred_log/equalities2.key 
33571      DEBUG main            d.u.i.k.p.i.AbstractProblemLoader Environment load took 232ns 
33572      INFO  main            d.u.i.k.p.i.AbstractProblemLoader Creating init config 
36382      DEBUG main            d.u.i.k.p.i.AbstractProblemLoader Init config took 2.81s 
36404      INFO  main            d.u.i.k.p.i.AbstractProblemLoader Replaying proof equalities2.key 
36406      DEBUG main            d.u.i.k.p.i.IntermediateProofReplayer Proof replay took 6.5ns 
36509      INFO  main            d.u.i.k.p.r.p.TestFile    ... finished proof: closed. 
36698      INFO  main            d.u.i.k.p.i.AbstractProblemLoader Loading environment from /home/runner/work/key/key/key.core/../key.ui/examples/standard_key/pred_log/equalities2.key.proof 
36698      DEBUG main            d.u.i.k.p.i.AbstractProblemLoader Environment load took 187.1ns 
36699      INFO  main            d.u.i.k.p.i.AbstractProblemLoader Creating init config 
39406      DEBUG main            d.u.i.k.p.i.AbstractProblemLoader Init config took 2.71s 
39428      INFO  main            d.u.i.k.p.i.AbstractProblemLoader Replaying proof equalities2.key.proof 
39443      DEBUG main            d.u.i.k.p.i.IntermediateProofReplayer Proof replay took 11.65ms 
39445      DEBUG main            d.u.i.k.p.r.p.TestFile    ... success: reloaded. 
39446      INFO  main            d.u.i.k.p.r.p.TestFile    Now processing file /home/runner/work/key/key/key.core/../key.ui/examples/standard_key/pred_log/equalities3.key 
39447      INFO  main            d.u.i.k.p.i.AbstractProblemLoader Loading environment from /home/runner/work/key/key/key.core/../key.ui/examples/standard_key/pred_log/equalities3.key 
39447      DEBUG main            d.u.i.k.p.i.AbstractProblemLoader Environment load took 547.11ns 
39448      INFO  main            d.u.i.k.p.i.AbstractProblemLoader Creating init config 
42296      DEBUG main            d.u.i.k.p.i.AbstractProblemLoader Init config took 2.85s 
42319      INFO  main            d.u.i.k.p.i.AbstractProblemLoader Replaying proof equalities3.key 
42321      DEBUG main            d.u.i.k.p.i.IntermediateProofReplayer Proof replay took 7.4ns 
42426      INFO  main            d.u.i.k.p.r.p.TestFile    ... finished proof: closed. 
42626      INFO  main            d.u.i.k.p.i.AbstractProblemLoader Loading environment from /home/runner/work/key/key/key.core/../key.ui/examples/standard_key/pred_log/equalities3.key.proof 
42627      DEBUG main            d.u.i.k.p.i.AbstractProblemLoader Environment load took 479.9ns 
42628      INFO  main            d.u.i.k.p.i.AbstractProblemLoader Creating init config 
45610      DEBUG main            d.u.i.k.p.i.AbstractProblemLoader Init config took 2.98s 
45637      INFO  main            d.u.i.k.p.i.AbstractProblemLoader Replaying proof equalities3.key.proof 
45648      DEBUG main            d.u.i.k.p.i.IntermediateProofReplayer Proof replay took 8.64ms 
45649      DEBUG main            d.u.i.k.p.r.p.TestFile    ... success: reloaded. 
45650      INFO  main            d.u.i.k.p.r.p.TestFile    Now processing file /home/runner/work/key/key/key.core/../key.ui/examples/standard_key/pred_log/functions.key 
45650      INFO  main            d.u.i.k.p.i.AbstractProblemLoader Loading environment from /home/runner/work/key/key/key.core/../key.ui/examples/standard_key/pred_log/functions.key 
45650      DEBUG main            d.u.i.k.p.i.AbstractProblemLoader Environment load took 216.2ns 
45652      INFO  main            d.u.i.k.p.i.AbstractProblemLoader Creating init config 
48563      DEBUG main            d.u.i.k.p.i.AbstractProblemLoader Init config took 2.91s 
48600      INFO  main            d.u.i.k.p.i.AbstractProblemLoader Replaying proof functions.key 
48603      DEBUG main            d.u.i.k.p.i.IntermediateProofReplayer Proof replay took 9.3ns 
48706      INFO  main            d.u.i.k.p.r.p.TestFile    ... finished proof: closed. 
48902      INFO  main            d.u.i.k.p.i.AbstractProblemLoader Loading environment from /home/runner/work/key/key/key.core/../key.ui/examples/standard_key/pred_log/functions.key.proof 
48902      DEBUG main            d.u.i.k.p.i.AbstractProblemLoader Environment load took 126.4ns 
48903      INFO  main            d.u.i.k.p.i.AbstractProblemLoader Creating init config 
51836      DEBUG main            d.u.i.k.p.i.AbstractProblemLoader Init config took 2.93s 
51861      INFO  main            d.u.i.k.p.i.AbstractProblemLoader Replaying proof functions.key.proof 
51866      DEBUG main            d.u.i.k.p.i.IntermediateProofReplayer Proof replay took 2.19ms 
51866      DEBUG main            d.u.i.k.p.r.p.TestFile    ... success: reloaded. 
51867      INFO  main            d.u.i.k.p.r.p.TestFile    Now processing file /home/runner/work/key/key/key.core/../key.ui/examples/standard_key/pred_log/mv1.key 
51867      INFO  main            d.u.i.k.p.i.AbstractProblemLoader Loading environment from /home/runner/work/key/key/key.core/../key.ui/examples/standard_key/pred_log/mv1.key 
51868      DEBUG main            d.u.i.k.p.i.AbstractProblemLoader Environment load took 116.7ns 
51869      INFO  main            d.u.i.k.p.i.AbstractProblemLoader Creating init config 
54864      DEBUG main            d.u.i.k.p.i.AbstractProblemLoader Init config took 3s 
54888      INFO  main            d.u.i.k.p.i.AbstractProblemLoader Replaying proof mv1.key 
54891      DEBUG main            d.u.i.k.p.i.IntermediateProofReplayer Proof replay took 28.7ns 
54994      INFO  main            d.u.i.k.p.r.p.TestFile    ... finished proof: closed. 
55210      INFO  main            d.u.i.k.p.i.AbstractProblemLoader Loading environment from /home/runner/work/key/key/key.core/../key.ui/examples/standard_key/pred_log/mv1.key.proof 
55210      DEBUG main            d.u.i.k.p.i.AbstractProblemLoader Environment load took 155.3ns 
55211      INFO  main            d.u.i.k.p.i.AbstractProblemLoader Creating init config 
58374      DEBUG main            d.u.i.k.p.i.AbstractProblemLoader Init config took 3.16s 
58394      INFO  main            d.u.i.k.p.i.AbstractProblemLoader Replaying proof mv1.key.proof 
58397      DEBUG main            d.u.i.k.p.i.IntermediateProofReplayer Proof replay took 907.51ns 
58399      DEBUG main            d.u.i.k.p.r.p.TestFile    ... success: reloaded. 
58401      INFO  main            d.u.i.k.p.r.p.TestFile    Now processing file /home/runner/work/key/key/key.core/../key.ui/examples/standard_key/pred_log/mv2.key 
58401      INFO  main            d.u.i.k.p.i.AbstractProblemLoader Loading environment from /home/runner/work/key/key/key.core/../key.ui/examples/standard_key/pred_log/mv2.key 
58401      DEBUG main            d.u.i.k.p.i.AbstractProblemLoader Environment load took 130.3ns 
58402      INFO  main            d.u.i.k.p.i.AbstractProblemLoader Creating init config 
61485      DEBUG main            d.u.i.k.p.i.AbstractProblemLoader Init config took 3.08s 
61507      INFO  main            d.u.i.k.p.i.AbstractProblemLoader Replaying proof mv2.key 
61510      DEBUG main            d.u.i.k.p.i.IntermediateProofReplayer Proof replay took 8.6ns 
61613      INFO  main            d.u.i.k.p.r.p.TestFile    ... finished proof: closed. 
61948      INFO  main            d.u.i.k.p.i.AbstractProblemLoader Loading environment from /home/runner/work/key/key/key.core/../key.ui/examples/standard_key/pred_log/mv2.key.proof 
61948      DEBUG main            d.u.i.k.p.i.AbstractProblemLoader Environment load took 317.5ns 
61950      INFO  main            d.u.i.k.p.i.AbstractProblemLoader Creating init config 
64855      DEBUG main            d.u.i.k.p.i.AbstractProblemLoader Init config took 2.9s 
64882      INFO  main            d.u.i.k.p.i.AbstractProblemLoader Replaying proof mv2.key.proof 
64886      DEBUG main            d.u.i.k.p.i.IntermediateProofReplayer Proof replay took 1.96ms 
64887      DEBUG main            d.u.i.k.p.r.p.TestFile    ... success: reloaded. 
64888      INFO  main            d.u.i.k.p.r.p.TestFile    Now processing file /home/runner/work/key/key/key.core/../key.ui/examples/standard_key/pred_log/quantifiers.key 
64888      INFO  main            d.u.i.k.p.i.AbstractProblemLoader Loading environment from /home/runner/work/key/key/key.core/../key.ui/examples/standard_key/pred_log/quantifiers.key 
64888      DEBUG main            d.u.i.k.p.i.AbstractProblemLoader Environment load took 126.1ns 
64889      INFO  main            d.u.i.k.p.i.AbstractProblemLoader Creating init config 
67825      DEBUG main            d.u.i.k.p.i.AbstractProblemLoader Init config took 2.94s 
67845      INFO  main            d.u.i.k.p.i.AbstractProblemLoader Replaying proof quantifiers.key 
67847      DEBUG main            d.u.i.k.p.i.IntermediateProofReplayer Proof replay took 7.6ns 
67950      INFO  main            d.u.i.k.p.r.p.TestFile    ... finished proof: closed. 
68242      INFO  main            d.u.i.k.p.i.AbstractProblemLoader Loading environment from /home/runner/work/key/key/key.core/../key.ui/examples/standard_key/pred_log/quantifiers.key.proof 
68242      DEBUG main            d.u.i.k.p.i.AbstractProblemLoader Environment load took 566.61ns 
68244      INFO  main            d.u.i.k.p.i.AbstractProblemLoader Creating init config 
71127      DEBUG main            d.u.i.k.p.i.AbstractProblemLoader Init config took 2.88s 
71146      INFO  main            d.u.i.k.p.i.AbstractProblemLoader Replaying proof quantifiers.key.proof 
71150      DEBUG main            d.u.i.k.p.i.IntermediateProofReplayer Proof replay took 2.12ms 
71151      DEBUG main            d.u.i.k.p.r.p.TestFile    ... success: reloaded. 
71152      INFO  main            d.u.i.k.p.r.p.TestFile    Now processing file /home/runner/work/key/key/key.core/../key.ui/examples/standard_key/pred_log/simpleEps.key 
71152      INFO  main            d.u.i.k.p.i.AbstractProblemLoader Loading environment from /home/runner/work/key/key/key.core/../key.ui/examples/standard_key/pred_log/simpleEps.key 
71152      DEBUG main            d.u.i.k.p.i.AbstractProblemLoader Environment load took 121.9ns 
71153      INFO  main            d.u.i.k.p.i.AbstractProblemLoader Creating init config 
73999      DEBUG main            d.u.i.k.p.i.AbstractProblemLoader Init config took 2.85s 
74014      INFO  main            d.u.i.k.p.i.AbstractProblemLoader Replaying proof simpleEps.key 
74015      DEBUG main            d.u.i.k.p.i.IntermediateProofReplayer Proof replay took 8ns 
74125      INFO  main            d.u.i.k.p.r.p.TestFile    ... finished proof: closed. 
74344      INFO  main            d.u.i.k.p.i.AbstractProblemLoader Loading environment from /home/runner/work/key/key/key.core/../key.ui/examples/standard_key/pred_log/simpleEps.key.proof 
74345      DEBUG main            d.u.i.k.p.i.AbstractProblemLoader Environment load took 489ns 
74347      INFO  main            d.u.i.k.p.i.AbstractProblemLoader Creating init config 
77224      DEBUG main            d.u.i.k.p.i.AbstractProblemLoader Init config took 2.88s 
77241      INFO  main            d.u.i.k.p.i.AbstractProblemLoader Replaying proof simpleEps.key.proof 
77246      DEBUG main            d.u.i.k.p.i.IntermediateProofReplayer Proof replay took 1.15ms 
77248      DEBUG main            d.u.i.k.p.r.p.TestFile    ... success: reloaded. 
77249      INFO  main            d.u.i.k.p.r.p.TestFile    Now processing file /home/runner/work/key/key/key.core/../key.ui/examples/standard_key/pred_log/steam1.key 
77249      INFO  main            d.u.i.k.p.i.AbstractProblemLoader Loading environment from /home/runner/work/key/key/key.core/../key.ui/examples/standard_key/pred_log/steam1.key 
77249      DEBUG main            d.u.i.k.p.i.AbstractProblemLoader Environment load took 120.2ns 
77252      INFO  main            d.u.i.k.p.i.AbstractProblemLoader Creating init config 
80173      DEBUG main            d.u.i.k.p.i.AbstractProblemLoader Init config took 2.92s 
80194      INFO  main            d.u.i.k.p.i.AbstractProblemLoader Replaying proof steam1.key 
80196      DEBUG main            d.u.i.k.p.i.IntermediateProofReplayer Proof replay took 8.1ns 
80707      INFO  main            d.u.i.k.p.r.p.TestFile    ... finished proof: closed. 
80975      INFO  main            d.u.i.k.p.i.AbstractProblemLoader Loading environment from /home/runner/work/key/key/key.core/../key.ui/examples/standard_key/pred_log/steam1.key.proof 
80982      DEBUG main            d.u.i.k.p.i.AbstractProblemLoader Environment load took 6.89ms 
80985      INFO  main            d.u.i.k.p.i.AbstractProblemLoader Creating init config 
83819      DEBUG main            d.u.i.k.p.i.AbstractProblemLoader Init config took 2.83s 
83849      INFO  main            d.u.i.k.p.i.AbstractProblemLoader Replaying proof steam1.key.proof 
83881      DEBUG main            d.u.i.k.p.i.IntermediateProofReplayer Proof replay took 26.99ms 
83884      DEBUG main            d.u.i.k.p.r.p.TestFile    ... success: reloaded. 
83884      INFO  main            d.u.i.k.p.r.p.TestFile    Now processing file /home/runner/work/key/key/key.core/../key.ui/examples/standard_key/pred_log/tptp/PUZ/PUZ001p1.key 
83885      INFO  main            d.u.i.k.p.i.AbstractProblemLoader Loading environment from /home/runner/work/key/key/key.core/../key.ui/examples/standard_key/pred_log/tptp/PUZ/PUZ001p1.key 
83885      DEBUG main            d.u.i.k.p.i.AbstractProblemLoader Environment load took 213.6ns 
83887      INFO  main            d.u.i.k.p.i.AbstractProblemLoader Creating init config 
86928      DEBUG main            d.u.i.k.p.i.AbstractProblemLoader Init config took 3.04s 
86944      INFO  main            d.u.i.k.p.i.AbstractProblemLoader Replaying proof PUZ001p1.key 
86946      DEBUG main            d.u.i.k.p.i.IntermediateProofReplayer Proof replay took 8.3ns 
91065      INFO  main            d.u.i.k.p.r.p.TestFile    ... finished proof: closed. 
91384      INFO  main            d.u.i.k.p.i.AbstractProblemLoader Loading environment from /home/runner/work/key/key/key.core/../key.ui/examples/standard_key/pred_log/tptp/PUZ/PUZ001p1.key.proof 
91385      DEBUG main            d.u.i.k.p.i.AbstractProblemLoader Environment load took 219.6ns 
91387      INFO  main            d.u.i.k.p.i.AbstractProblemLoader Creating init config 
94329      DEBUG main            d.u.i.k.p.i.AbstractProblemLoader Init config took 2.94s 
94358      INFO  main            d.u.i.k.p.i.AbstractProblemLoader Replaying proof PUZ001p1.key.proof 
94505      DEBUG main            d.u.i.k.p.i.IntermediateProofReplayer Proof replay took 135.22ms 
94507      DEBUG main            d.u.i.k.p.r.p.TestFile    ... success: reloaded. 
94508      INFO  main            d.u.i.k.p.r.p.TestFile    Now processing file /home/runner/work/key/key/key.core/../key.ui/examples/standard_key/pred_log/tptp/PUZ/PUZ001p1-eq.key 
94508      INFO  main            d.u.i.k.p.i.AbstractProblemLoader Loading environment from /home/runner/work/key/key/key.core/../key.ui/examples/standard_key/pred_log/tptp/PUZ/PUZ001p1-eq.key 
94508      DEBUG main            d.u.i.k.p.i.AbstractProblemLoader Environment load took 183.9ns 
94510      INFO  main            d.u.i.k.p.i.AbstractProblemLoader Creating init config 
97505      DEBUG main            d.u.i.k.p.i.AbstractProblemLoader Init config took 2.99s 
97530      INFO  main            d.u.i.k.p.i.AbstractProblemLoader Replaying proof PUZ001p1-eq.key 
97532      DEBUG main            d.u.i.k.p.i.IntermediateProofReplayer Proof replay took 9.3ns 
97738      INFO  main            d.u.i.k.p.r.p.TestFile    ... finished proof: closed. 
98043      INFO  main            d.u.i.k.p.i.AbstractProblemLoader Loading environment from /home/runner/work/key/key/key.core/../key.ui/examples/standard_key/pred_log/tptp/PUZ/PUZ001p1-eq.key.proof 
98044      DEBUG main            d.u.i.k.p.i.AbstractProblemLoader Environment load took 613.4ns 
98046      INFO  main            d.u.i.k.p.i.AbstractProblemLoader Creating init config 
101071     DEBUG main            d.u.i.k.p.i.AbstractProblemLoader Init config took 3.02s 
101088     INFO  main            d.u.i.k.p.i.AbstractProblemLoader Replaying proof PUZ001p1-eq.key.proof 
101111     DEBUG main            d.u.i.k.p.i.IntermediateProofReplayer Proof replay took 19.89ms 
101112     DEBUG main            d.u.i.k.p.r.p.TestFile    ... success: reloaded. 
101113     INFO  main            d.u.i.k.p.r.p.TestFile    Now processing file /home/runner/work/key/key/key.core/../key.ui/examples/standard_key/pred_log/tptp/PUZ/PUZ031p1.key 
101113     INFO  main            d.u.i.k.p.i.AbstractProblemLoader Loading environment from /home/runner/work/key/key/key.core/../key.ui/examples/standard_key/pred_log/tptp/PUZ/PUZ031p1.key 
101114     DEBUG main            d.u.i.k.p.i.AbstractProblemLoader Environment load took 117.3ns 
101116     INFO  main            d.u.i.k.p.i.AbstractProblemLoader Creating init config 
104086     DEBUG main            d.u.i.k.p.i.AbstractProblemLoader Init config took 2.97s 
104102     INFO  main            d.u.i.k.p.i.AbstractProblemLoader Replaying proof PUZ031p1.key 
104103     DEBUG main            d.u.i.k.p.i.IntermediateProofReplayer Proof replay took 6.8ns 
113942     INFO  main            d.u.i.k.p.r.p.TestFile    ... finished proof: closed. 
114193     INFO  main            d.u.i.k.p.i.AbstractProblemLoader Loading environment from /home/runner/work/key/key/key.core/../key.ui/examples/standard_key/pred_log/tptp/PUZ/PUZ031p1.key.proof 
114193     DEBUG main            d.u.i.k.p.i.AbstractProblemLoader Environment load took 213.9ns 
114195     INFO  main            d.u.i.k.p.i.AbstractProblemLoader Creating init config 
117103     DEBUG main            d.u.i.k.p.i.AbstractProblemLoader Init config took 2.91s 
117124     INFO  main            d.u.i.k.p.i.AbstractProblemLoader Replaying proof PUZ031p1.key.proof 
117199     DEBUG main            d.u.i.k.p.i.IntermediateProofReplayer Proof replay took 67.73ms 
117201     DEBUG main            d.u.i.k.p.r.p.TestFile    ... success: reloaded. 
117202     INFO  main            d.u.i.k.p.r.p.TestFile    Now processing file /home/runner/work/key/key/key.core/../key.ui/examples/standard_key/pred_log/tptp/SET/SET027p3.key 
117203     INFO  main            d.u.i.k.p.i.AbstractProblemLoader Loading environment from /home/runner/work/key/key/key.core/../key.ui/examples/standard_key/pred_log/tptp/SET/SET027p3.key 
117203     DEBUG main            d.u.i.k.p.i.AbstractProblemLoader Environment load took 248.2ns 
117204     INFO  main            d.u.i.k.p.i.AbstractProblemLoader Creating init config 
120135     DEBUG main            d.u.i.k.p.i.AbstractProblemLoader Init config took 2.93s 
120151     INFO  main            d.u.i.k.p.i.AbstractProblemLoader Replaying proof SET027p3.key 
120153     DEBUG main            d.u.i.k.p.i.IntermediateProofReplayer Proof replay took 7.3ns 
120255     INFO  main            d.u.i.k.p.r.p.TestFile    ... finished proof: closed. 
120553     INFO  main            d.u.i.k.p.i.AbstractProblemLoader Loading environment from /home/runner/work/key/key/key.core/../key.ui/examples/standard_key/pred_log/tptp/SET/SET027p3.key.proof 
120554     DEBUG main            d.u.i.k.p.i.AbstractProblemLoader Environment load took 141.6ns 
120555     INFO  main            d.u.i.k.p.i.AbstractProblemLoader Creating init config 
123390     DEBUG main            d.u.i.k.p.i.AbstractProblemLoader Init config took 2.83s 
123405     INFO  main            d.u.i.k.p.i.AbstractProblemLoader Replaying proof SET027p3.key.proof 
123412     DEBUG main            d.u.i.k.p.i.IntermediateProofReplayer Proof replay took 4.68ms 
123413     DEBUG main            d.u.i.k.p.r.p.TestFile    ... success: reloaded. 
123414     INFO  main            d.u.i.k.p.r.p.TestFile    Now processing file /home/runner/work/key/key/key.core/../key.ui/examples/standard_key/pred_log/tptp/SET/SET043p1.key 
123414     INFO  main            d.u.i.k.p.i.AbstractProblemLoader Loading environment from /home/runner/work/key/key/key.core/../key.ui/examples/standard_key/pred_log/tptp/SET/SET043p1.key 
123414     DEBUG main            d.u.i.k.p.i.AbstractProblemLoader Environment load took 329.6ns 
123416     INFO  main            d.u.i.k.p.i.AbstractProblemLoader Creating init config 
126207     DEBUG main            d.u.i.k.p.i.AbstractProblemLoader Init config took 2.79s 
126223     INFO  main            d.u.i.k.p.i.AbstractProblemLoader Replaying proof SET043p1.key 
126225     DEBUG main            d.u.i.k.p.i.IntermediateProofReplayer Proof replay took 23.9ns 
126329     INFO  main            d.u.i.k.p.r.p.TestFile    ... finished proof: closed. 
126601     INFO  main            d.u.i.k.p.i.AbstractProblemLoader Loading environment from /home/runner/work/key/key/key.core/../key.ui/examples/standard_key/pred_log/tptp/SET/SET043p1.key.proof 
126601     DEBUG main            d.u.i.k.p.i.AbstractProblemLoader Environment load took 232.4ns 
126603     INFO  main            d.u.i.k.p.i.AbstractProblemLoader Creating init config 
129547     DEBUG main            d.u.i.k.p.i.AbstractProblemLoader Init config took 2.94s 
129562     INFO  main            d.u.i.k.p.i.AbstractProblemLoader Replaying proof SET043p1.key.proof 
129566     DEBUG main            d.u.i.k.p.i.IntermediateProofReplayer Proof replay took 1.47ms 
129567     DEBUG main            d.u.i.k.p.r.p.TestFile    ... success: reloaded. 
129567     INFO  main            d.u.i.k.p.r.p.TestFile    Now processing file /home/runner/work/key/key/key.core/../key.ui/examples/standard_key/pred_log/tptp/SET/SET045p1.key 
129568     INFO  main            d.u.i.k.p.i.AbstractProblemLoader Loading environment from /home/runner/work/key/key/key.core/../key.ui/examples/standard_key/pred_log/tptp/SET/SET045p1.key 
129568     DEBUG main            d.u.i.k.p.i.AbstractProblemLoader Environment load took 112.1ns 
129569     INFO  main            d.u.i.k.p.i.AbstractProblemLoader Creating init config 
132498     DEBUG main            d.u.i.k.p.i.AbstractProblemLoader Init config took 2.93s 
132514     INFO  main            d.u.i.k.p.i.AbstractProblemLoader Replaying proof SET045p1.key 
132516     DEBUG main            d.u.i.k.p.i.IntermediateProofReplayer Proof replay took 7.6ns 
132622     INFO  main            d.u.i.k.p.r.p.TestFile    ... finished proof: closed. 
132890     INFO  main            d.u.i.k.p.i.AbstractProblemLoader Loading environment from /home/runner/work/key/key/key.core/../key.ui/examples/standard_key/pred_log/tptp/SET/SET045p1.key.proof 
132890     DEBUG main            d.u.i.k.p.i.AbstractProblemLoader Environment load took 127.6ns 
132891     INFO  main            d.u.i.k.p.i.AbstractProblemLoader Creating init config 
135779     DEBUG main            d.u.i.k.p.i.AbstractProblemLoader Init config took 2.89s 
135794     INFO  main            d.u.i.k.p.i.AbstractProblemLoader Replaying proof SET045p1.key.proof 
135800     DEBUG main            d.u.i.k.p.i.IntermediateProofReplayer Proof replay took 3.72ms 
135801     DEBUG main            d.u.i.k.p.r.p.TestFile    ... success: reloaded. 
135802     INFO  main            d.u.i.k.p.r.p.TestFile    Now processing file /home/runner/work/key/key/key.core/../key.ui/examples/standard_key/pred_log/tptp/SET/SET062p3.key 
135802     INFO  main            d.u.i.k.p.i.AbstractProblemLoader Loading environment from /home/runner/work/key/key/key.core/../key.ui/examples/standard_key/pred_log/tptp/SET/SET062p3.key 
135802     DEBUG main            d.u.i.k.p.i.AbstractProblemLoader Environment load took 246.4ns 
135804     INFO  main            d.u.i.k.p.i.AbstractProblemLoader Creating init config 
138776     DEBUG main            d.u.i.k.p.i.AbstractProblemLoader Init config took 2.97s 
138809     INFO  main            d.u.i.k.p.i.AbstractProblemLoader Replaying proof SET062p3.key 
138811     DEBUG main            d.u.i.k.p.i.IntermediateProofReplayer Proof replay took 7.2ns 
138915     INFO  main            d.u.i.k.p.r.p.TestFile    ... finished proof: closed. 
139201     INFO  main            d.u.i.k.p.i.AbstractProblemLoader Loading environment from /home/runner/work/key/key/key.core/../key.ui/examples/standard_key/pred_log/tptp/SET/SET062p3.key.proof 
139201     DEBUG main            d.u.i.k.p.i.AbstractProblemLoader Environment load took 125.8ns 
139203     INFO  main            d.u.i.k.p.i.AbstractProblemLoader Creating init config 
142012     DEBUG main            d.u.i.k.p.i.AbstractProblemLoader Init config took 2.81s 
142028     INFO  main            d.u.i.k.p.i.AbstractProblemLoader Replaying proof SET062p3.key.proof 
142034     DEBUG main            d.u.i.k.p.i.IntermediateProofReplayer Proof replay took 3.71ms 
142038     DEBUG main            d.u.i.k.p.r.p.TestFile    ... success: reloaded. 
142040     INFO  main            d.u.i.k.p.r.p.TestFile    Now processing file /home/runner/work/key/key/key.core/../key.ui/examples/standard_key/pred_log/tptp/SET/SET063p3.key 
142041     INFO  main            d.u.i.k.p.i.AbstractProblemLoader Loading environment from /home/runner/work/key/key/key.core/../key.ui/examples/standard_key/pred_log/tptp/SET/SET063p3.key 
142042     DEBUG main            d.u.i.k.p.i.AbstractProblemLoader Environment load took 1.1ms 
142046     INFO  main            d.u.i.k.p.i.AbstractProblemLoader Creating init config 
144981     DEBUG main            d.u.i.k.p.i.AbstractProblemLoader Init config took 2.93s 
145000     INFO  main            d.u.i.k.p.i.AbstractProblemLoader Replaying proof SET063p3.key 
145001     DEBUG main            d.u.i.k.p.i.IntermediateProofReplayer Proof replay took 8.9ns 
145110     INFO  main            d.u.i.k.p.r.p.TestFile    ... finished proof: closed. 
145414     INFO  main            d.u.i.k.p.i.AbstractProblemLoader Loading environment from /home/runner/work/key/key/key.core/../key.ui/examples/standard_key/pred_log/tptp/SET/SET063p3.key.proof 
145414     DEBUG main            d.u.i.k.p.i.AbstractProblemLoader Environment load took 131.4ns 
145416     INFO  main            d.u.i.k.p.i.AbstractProblemLoader Creating init config 
148305     DEBUG main            d.u.i.k.p.i.AbstractProblemLoader Init config took 2.89s 
148322     INFO  main            d.u.i.k.p.i.AbstractProblemLoader Replaying proof SET063p3.key.proof 
148337     DEBUG main            d.u.i.k.p.i.IntermediateProofReplayer Proof replay took 12.08ms 
148339     DEBUG main            d.u.i.k.p.r.p.TestFile    ... success: reloaded. 
148339     INFO  main            d.u.i.k.p.r.p.TestFile    Now processing file /home/runner/work/key/key/key.core/../key.ui/examples/standard_key/pred_log/tptp/SYN/SYN036p2.key 
148340     INFO  main            d.u.i.k.p.i.AbstractProblemLoader Loading environment from /home/runner/work/key/key/key.core/../key.ui/examples/standard_key/pred_log/tptp/SYN/SYN036p2.key 
148340     DEBUG main            d.u.i.k.p.i.AbstractProblemLoader Environment load took 147.3ns 
148343     INFO  main            d.u.i.k.p.i.AbstractProblemLoader Creating init config 
151272     DEBUG main            d.u.i.k.p.i.AbstractProblemLoader Init config took 2.93s 
151288     INFO  main            d.u.i.k.p.i.AbstractProblemLoader Replaying proof SYN036p2.key 
151289     DEBUG main            d.u.i.k.p.i.IntermediateProofReplayer Proof replay took 8.7ns 
151698     INFO  main            d.u.i.k.p.r.p.TestFile    ... finished proof: closed. 
152045     INFO  main            d.u.i.k.p.i.AbstractProblemLoader Loading environment from /home/runner/work/key/key/key.core/../key.ui/examples/standard_key/pred_log/tptp/SYN/SYN036p2.key.proof 
152046     DEBUG main            d.u.i.k.p.i.AbstractProblemLoader Environment load took 440.8ns 
152047     INFO  main            d.u.i.k.p.i.AbstractProblemLoader Creating init config 
155092     DEBUG main            d.u.i.k.p.i.AbstractProblemLoader Init config took 3.04s 
155108     INFO  main            d.u.i.k.p.i.AbstractProblemLoader Replaying proof SYN036p2.key.proof 
155203     DEBUG main            d.u.i.k.p.i.IntermediateProofReplayer Proof replay took 84.57ms 
155204     DEBUG main            d.u.i.k.p.r.p.TestFile    ... success: reloaded. 
155206     INFO  main            d.u.i.k.p.r.p.TestFile    Now processing file /home/runner/work/key/key/key.core/../key.ui/examples/standard_key/pred_log/tptp/SYN/SYN550p1.key 
155206     INFO  main            d.u.i.k.p.i.AbstractProblemLoader Loading environment from /home/runner/work/key/key/key.core/../key.ui/examples/standard_key/pred_log/tptp/SYN/SYN550p1.key 
155206     DEBUG main            d.u.i.k.p.i.AbstractProblemLoader Environment load took 226ns 
155208     INFO  main            d.u.i.k.p.i.AbstractProblemLoader Creating init config 
158083     DEBUG main            d.u.i.k.p.i.AbstractProblemLoader Init config took 2.87s 
158098     INFO  main            d.u.i.k.p.i.AbstractProblemLoader Replaying proof SYN550p1.key 
158100     DEBUG main            d.u.i.k.p.i.IntermediateProofReplayer Proof replay took 7.2ns 
161648     INFO  main            d.u.i.k.p.r.p.TestFile    ... finished proof: closed. 
161997     INFO  main            d.u.i.k.p.i.AbstractProblemLoader Loading environment from /home/runner/work/key/key/key.core/../key.ui/examples/standard_key/pred_log/tptp/SYN/SYN550p1.key.proof 
161997     DEBUG main            d.u.i.k.p.i.AbstractProblemLoader Environment load took 484.1ns 
161999     INFO  main            d.u.i.k.p.i.AbstractProblemLoader Creating init config 
164969     DEBUG main            d.u.i.k.p.i.AbstractProblemLoader Init config took 2.97s 
164999     INFO  main            d.u.i.k.p.i.AbstractProblemLoader Replaying proof SYN550p1.key.proof 
165084     DEBUG main            d.u.i.k.p.i.IntermediateProofReplayer Proof replay took 76.51ms 
165085     DEBUG main            d.u.i.k.p.r.p.TestFile    ... success: reloaded. 
165086     INFO  main            d.u.i.k.p.r.p.TestFile    Now processing file /home/runner/work/key/key/key.core/../key.ui/examples/standard_key/prop_log/reallySimple.key 
165086     INFO  main            d.u.i.k.p.i.AbstractProblemLoader Loading environment from /home/runner/work/key/key/key.core/../key.ui/examples/standard_key/prop_log/reallySimple.key 
165086     DEBUG main            d.u.i.k.p.i.AbstractProblemLoader Environment load took 96ns 
165088     INFO  main            d.u.i.k.p.i.AbstractProblemLoader Creating init config 
168072     DEBUG main            d.u.i.k.p.i.AbstractProblemLoader Init config took 2.98s 
168091     INFO  main            d.u.i.k.p.i.AbstractProblemLoader Replaying proof reallySimple.key 
168093     DEBUG main            d.u.i.k.p.i.IntermediateProofReplayer Proof replay took 8.3ns 
168195     INFO  main            d.u.i.k.p.r.p.TestFile    ... finished proof: open goal(s) 
168567     INFO  main            d.u.i.k.p.r.p.TestFile    Now processing file /home/runner/work/key/key/key.core/../key.ui/examples/standard_key/pred_log/sameName1.key 
168568     INFO  main            d.u.i.k.p.i.AbstractProblemLoader Loading environment from /home/runner/work/key/key/key.core/../key.ui/examples/standard_key/pred_log/sameName1.key 
168568     DEBUG main            d.u.i.k.p.i.AbstractProblemLoader Environment load took 76.9ns 
168569     INFO  main            d.u.i.k.p.i.AbstractProblemLoader Creating init config 
171413     DEBUG main            d.u.i.k.p.i.AbstractProblemLoader Init config took 2.84s 
171431     INFO  main            d.u.i.k.p.i.AbstractProblemLoader Replaying proof sameName1.key 
171432     DEBUG main            d.u.i.k.p.i.IntermediateProofReplayer Proof replay took 7ns 
171535     INFO  main            d.u.i.k.p.r.p.TestFile    ... finished proof: open goal(s) 
171840     INFO  main            d.u.i.k.p.r.p.TestFile    Now processing file /home/runner/work/key/key/key.core/../key.ui/examples/standard_key/pred_log/jbyteIfEx.key 
171840     INFO  main            d.u.i.k.p.i.AbstractProblemLoader Loading environment from /home/runner/work/key/key/key.core/../key.ui/examples/standard_key/pred_log/jbyteIfEx.key 
171840     DEBUG main            d.u.i.k.p.i.AbstractProblemLoader Environment load took 131.5ns 
171841     INFO  main            d.u.i.k.p.i.AbstractProblemLoader Creating init config 
174712     DEBUG main            d.u.i.k.p.i.AbstractProblemLoader Init config took 2.87s 
174729     INFO  main            d.u.i.k.p.i.AbstractProblemLoader Replaying proof jbyteIfEx.key 
174731     DEBUG main            d.u.i.k.p.i.IntermediateProofReplayer Proof replay took 7.1ns 
174833     INFO  main            d.u.i.k.p.r.p.TestFile    ... finished proof: closed. 
175150     INFO  main            d.u.i.k.p.i.AbstractProblemLoader Loading environment from /home/runner/work/key/key/key.core/../key.ui/examples/standard_key/pred_log/jbyteIfEx.key.proof 
175150     DEBUG main            d.u.i.k.p.i.AbstractProblemLoader Environment load took 133ns 
175151     INFO  main            d.u.i.k.p.i.AbstractProblemLoader Creating init config 
178019     DEBUG main            d.u.i.k.p.i.AbstractProblemLoader Init config took 2.87s 
178034     INFO  main            d.u.i.k.p.i.AbstractProblemLoader Replaying proof jbyteIfEx.key.proof 
178042     DEBUG main            d.u.i.k.p.i.IntermediateProofReplayer Proof replay took 4.77ms 
178043     DEBUG main            d.u.i.k.p.r.p.TestFile    ... success: reloaded. 
178043     INFO  main            d.u.i.k.p.r.p.TestFile    Now processing file /home/runner/work/key/key/key.core/../key.ui/examples/standard_key/prop_log/allClausesLength4.key 
178045     INFO  main            d.u.i.k.p.i.AbstractProblemLoader Loading environment from /home/runner/work/key/key/key.core/../key.ui/examples/standard_key/prop_log/allClausesLength4.key 
178045     DEBUG main            d.u.i.k.p.i.AbstractProblemLoader Environment load took 1.22ms 
178047     INFO  main            d.u.i.k.p.i.AbstractProblemLoader Creating init config 
181003     DEBUG main            d.u.i.k.p.i.AbstractProblemLoader Init config took 2.96s 
181019     INFO  main            d.u.i.k.p.i.AbstractProblemLoader Replaying proof allClausesLength4.key 
181021     DEBUG main            d.u.i.k.p.i.IntermediateProofReplayer Proof replay took 7.6ns 
181126     INFO  main            d.u.i.k.p.r.p.TestFile    ... finished proof: closed. 
181471     INFO  main            d.u.i.k.p.i.AbstractProblemLoader Loading environment from /home/runner/work/key/key/key.core/../key.ui/examples/standard_key/prop_log/allClausesLength4.key.proof 
181471     DEBUG main            d.u.i.k.p.i.AbstractProblemLoader Environment load took 462.6ns 
181473     INFO  main            d.u.i.k.p.i.AbstractProblemLoader Creating init config 
184206     DEBUG main            d.u.i.k.p.i.AbstractProblemLoader Init config took 2.73s 
184221     INFO  main            d.u.i.k.p.i.AbstractProblemLoader Replaying proof allClausesLength4.key.proof 
184240     DEBUG main            d.u.i.k.p.i.IntermediateProofReplayer Proof replay took 15.01ms 
184241     DEBUG main            d.u.i.k.p.r.p.TestFile    ... success: reloaded. 
184242     INFO  main            d.u.i.k.p.r.p.TestFile    Now processing file /home/runner/work/key/key/key.core/../key.ui/examples/standard_key/prop_log/allClausesLength5.key 
184242     INFO  main            d.u.i.k.p.i.AbstractProblemLoader Loading environment from /home/runner/work/key/key/key.core/../key.ui/examples/standard_key/prop_log/allClausesLength5.key 
184242     DEBUG main            d.u.i.k.p.i.AbstractProblemLoader Environment load took 128.2ns 
184244     INFO  main            d.u.i.k.p.i.AbstractProblemLoader Creating init config 
187043     DEBUG main            d.u.i.k.p.i.AbstractProblemLoader Init config took 2.8s 
187059     INFO  main            d.u.i.k.p.i.AbstractProblemLoader Replaying proof allClausesLength5.key 
187061     DEBUG main            d.u.i.k.p.i.IntermediateProofReplayer Proof replay took 7.1ns 
187368     INFO  main            d.u.i.k.p.r.p.TestFile    ... finished proof: closed. 
187772     INFO  main            d.u.i.k.p.i.AbstractProblemLoader Loading environment from /home/runner/work/key/key/key.core/../key.ui/examples/standard_key/prop_log/allClausesLength5.key.proof 
187772     DEBUG main            d.u.i.k.p.i.AbstractProblemLoader Environment load took 132ns 
187774     INFO  main            d.u.i.k.p.i.AbstractProblemLoader Creating init config 
190592     DEBUG main            d.u.i.k.p.i.AbstractProblemLoader Init config took 2.82s 
190607     INFO  main            d.u.i.k.p.i.AbstractProblemLoader Replaying proof allClausesLength5.key.proof 
190650     DEBUG main            d.u.i.k.p.i.IntermediateProofReplayer Proof replay took 36.74ms 
190652     DEBUG main            d.u.i.k.p.r.p.TestFile    ... success: reloaded. 
190652     INFO  main            d.u.i.k.p.r.p.TestFile    Now processing file /home/runner/work/key/key/key.core/../key.ui/examples/standard_key/prop_log/doubleNeg.key 
190653     INFO  main            d.u.i.k.p.i.AbstractProblemLoader Loading environment from /home/runner/work/key/key/key.core/../key.ui/examples/standard_key/prop_log/doubleNeg.key 
190653     DEBUG main            d.u.i.k.p.i.AbstractProblemLoader Environment load took 109ns 
190654     INFO  main            d.u.i.k.p.i.AbstractProblemLoader Creating init config 
193627     DEBUG main            d.u.i.k.p.i.AbstractProblemLoader Init config took 2.97s 
193643     INFO  main            d.u.i.k.p.i.AbstractProblemLoader Replaying proof doubleNeg.key 
193644     DEBUG main            d.u.i.k.p.i.IntermediateProofReplayer Proof replay took 8ns 
193746     INFO  main            d.u.i.k.p.r.p.TestFile    ... finished proof: closed. 
194096     INFO  main            d.u.i.k.p.i.AbstractProblemLoader Loading environment from /home/runner/work/key/key/key.core/../key.ui/examples/standard_key/prop_log/doubleNeg.key.proof 
194096     DEBUG main            d.u.i.k.p.i.AbstractProblemLoader Environment load took 136.4ns 
194098     INFO  main            d.u.i.k.p.i.AbstractProblemLoader Creating init config 
197055     DEBUG main            d.u.i.k.p.i.AbstractProblemLoader Init config took 2.96s 
197069     INFO  main            d.u.i.k.p.i.AbstractProblemLoader Replaying proof doubleNeg.key.proof 
197072     DEBUG main            d.u.i.k.p.i.IntermediateProofReplayer Proof replay took 653.4ns 
197073     DEBUG main            d.u.i.k.p.r.p.TestFile    ... success: reloaded. 
197073     INFO  main            d.u.i.k.p.r.p.TestFile    Now processing file /home/runner/work/key/key/key.core/../key.ui/examples/standard_key/prop_log/liarsville.key 
197073     INFO  main            d.u.i.k.p.i.AbstractProblemLoader Loading environment from /home/runner/work/key/key/key.core/../key.ui/examples/standard_key/prop_log/liarsville.key 
197074     DEBUG main            d.u.i.k.p.i.AbstractProblemLoader Environment load took 102.8ns 
197075     INFO  main            d.u.i.k.p.i.AbstractProblemLoader Creating init config 
199941     DEBUG main            d.u.i.k.p.i.AbstractProblemLoader Init config took 2.87s 
199956     INFO  main            d.u.i.k.p.i.AbstractProblemLoader Replaying proof liarsville.key 
199957     DEBUG main            d.u.i.k.p.i.IntermediateProofReplayer Proof replay took 7.2ns 
200059     INFO  main            d.u.i.k.p.r.p.TestFile    ... finished proof: closed. 
200417     INFO  main            d.u.i.k.p.i.AbstractProblemLoader Loading environment from /home/runner/work/key/key/key.core/../key.ui/examples/standard_key/prop_log/liarsville.key.proof 
200417     DEBUG main            d.u.i.k.p.i.AbstractProblemLoader Environment load took 122.9ns 
200418     INFO  main            d.u.i.k.p.i.AbstractProblemLoader Creating init config 
203230     DEBUG main            d.u.i.k.p.i.AbstractProblemLoader Init config took 2.81s 
203245     INFO  main            d.u.i.k.p.i.AbstractProblemLoader Replaying proof liarsville.key.proof 
203250     DEBUG main            d.u.i.k.p.i.IntermediateProofReplayer Proof replay took 2.83ms 
203252     DEBUG main            d.u.i.k.p.r.p.TestFile    ... success: reloaded. 
203252     INFO  main            d.u.i.k.p.r.p.TestFile    Now processing file /home/runner/work/key/key/key.core/../key.ui/examples/standard_key/prop_log/simplest.key 
203253     INFO  main            d.u.i.k.p.i.AbstractProblemLoader Loading environment from /home/runner/work/key/key/key.core/../key.ui/examples/standard_key/prop_log/simplest.key 
203253     DEBUG main            d.u.i.k.p.i.AbstractProblemLoader Environment load took 66.6ns 
203254     INFO  main            d.u.i.k.p.i.AbstractProblemLoader Creating init config 
206179     DEBUG main            d.u.i.k.p.i.AbstractProblemLoader Init config took 2.92s 
206194     INFO  main            d.u.i.k.p.i.AbstractProblemLoader Replaying proof simplest.key 
206196     DEBUG main            d.u.i.k.p.i.IntermediateProofReplayer Proof replay took 7.8ns 
206298     INFO  main            d.u.i.k.p.r.p.TestFile    ... finished proof: closed. 
206658     INFO  main            d.u.i.k.p.i.AbstractProblemLoader Loading environment from /home/runner/work/key/key/key.core/../key.ui/examples/standard_key/prop_log/simplest.key.proof 
206658     DEBUG main            d.u.i.k.p.i.AbstractProblemLoader Environment load took 121.6ns 
206660     INFO  main            d.u.i.k.p.i.AbstractProblemLoader Creating init config 
209486     DEBUG main            d.u.i.k.p.i.AbstractProblemLoader Init config took 2.83s 
209502     INFO  main            d.u.i.k.p.i.AbstractProblemLoader Replaying proof simplest.key.proof 
209504     DEBUG main            d.u.i.k.p.i.IntermediateProofReplayer Proof replay took 112.2ns 
209504     DEBUG main            d.u.i.k.p.r.p.TestFile    ... success: reloaded. 
209505     INFO  main            d.u.i.k.p.r.p.TestFile    Now processing file /home/runner/work/key/key/key.core/../key.ui/examples/standard_key/prop_log/contraposition.key 
209505     INFO  main            d.u.i.k.p.i.AbstractProblemLoader Loading environment from /home/runner/work/key/key/key.core/../key.ui/examples/standard_key/prop_log/contraposition.key 
209505     DEBUG main            d.u.i.k.p.i.AbstractProblemLoader Environment load took 67.8ns 
209506     INFO  main            d.u.i.k.p.i.AbstractProblemLoader Creating init config 
212421     DEBUG main            d.u.i.k.p.i.AbstractProblemLoader Init config took 2.92s 
212436     INFO  main            d.u.i.k.p.i.AbstractProblemLoader Replaying proof contraposition.key 
212437     DEBUG main            d.u.i.k.p.i.IntermediateProofReplayer Proof replay took 7.7ns 
212539     INFO  main            d.u.i.k.p.r.p.TestFile    ... finished proof: closed. 
212893     INFO  main            d.u.i.k.p.i.AbstractProblemLoader Loading environment from /home/runner/work/key/key/key.core/../key.ui/examples/standard_key/prop_log/contraposition.key.proof 
212893     DEBUG main            d.u.i.k.p.i.AbstractProblemLoader Environment load took 132.3ns 
212894     INFO  main            d.u.i.k.p.i.AbstractProblemLoader Creating init config 
215780     DEBUG main            d.u.i.k.p.i.AbstractProblemLoader Init config took 2.89s 
215795     INFO  main            d.u.i.k.p.i.AbstractProblemLoader Replaying proof contraposition.key.proof 
215797     DEBUG main            d.u.i.k.p.i.IntermediateProofReplayer Proof replay took 472.4ns 
215798     DEBUG main            d.u.i.k.p.r.p.TestFile    ... success: reloaded. 
215798     INFO  main            d.u.i.k.p.r.p.TestFile    Now processing file /home/runner/work/key/key/key.core/../key.ui/examples/standard_key/quantifiers/elimination0.key 
215798     INFO  main            d.u.i.k.p.i.AbstractProblemLoader Loading environment from /home/runner/work/key/key/key.core/../key.ui/examples/standard_key/quantifiers/elimination0.key 
215799     DEBUG main            d.u.i.k.p.i.AbstractProblemLoader Environment load took 97.5ns 
215800     INFO  main            d.u.i.k.p.i.AbstractProblemLoader Creating init config 
218656     DEBUG main            d.u.i.k.p.i.AbstractProblemLoader Init config took 2.86s 
218671     INFO  main            d.u.i.k.p.i.AbstractProblemLoader Replaying proof elimination0.key 
218674     DEBUG main            d.u.i.k.p.i.IntermediateProofReplayer Proof replay took 8.4ns 
218776     INFO  main            d.u.i.k.p.r.p.TestFile    ... finished proof: closed. 
219162     INFO  main            d.u.i.k.p.i.AbstractProblemLoader Loading environment from /home/runner/work/key/key/key.core/../key.ui/examples/standard_key/quantifiers/elimination0.key.proof 
219162     DEBUG main            d.u.i.k.p.i.AbstractProblemLoader Environment load took 114.8ns 
219163     INFO  main            d.u.i.k.p.i.AbstractProblemLoader Creating init config 
222030     DEBUG main            d.u.i.k.p.i.AbstractProblemLoader Init config took 2.87s 
222045     INFO  main            d.u.i.k.p.i.AbstractProblemLoader Replaying proof elimination0.key.proof 
222048     DEBUG main            d.u.i.k.p.i.IntermediateProofReplayer Proof replay took 1.36ms 
222049     DEBUG main            d.u.i.k.p.r.p.TestFile    ... success: reloaded. 
222050     INFO  main            d.u.i.k.p.r.p.TestFile    Now processing file /home/runner/work/key/key/key.core/../key.ui/examples/standard_key/quantifiers/heuristic_PUZ001p1-eq.key 
222050     INFO  main            d.u.i.k.p.i.AbstractProblemLoader Loading environment from /home/runner/work/key/key/key.core/../key.ui/examples/standard_key/quantifiers/heuristic_PUZ001p1-eq.key 
222051     DEBUG main            d.u.i.k.p.i.AbstractProblemLoader Environment load took 61.7ns 
222052     INFO  main            d.u.i.k.p.i.AbstractProblemLoader Creating init config 
224988     DEBUG main            d.u.i.k.p.i.AbstractProblemLoader Init config took 2.94s 
225004     INFO  main            d.u.i.k.p.i.AbstractProblemLoader Replaying proof heuristic_PUZ001p1-eq.key 
225006     DEBUG main            d.u.i.k.p.i.IntermediateProofReplayer Proof replay took 7.6ns 
225210     INFO  main            d.u.i.k.p.r.p.TestFile    ... finished proof: closed. 
225650     INFO  main            d.u.i.k.p.i.AbstractProblemLoader Loading environment from /home/runner/work/key/key/key.core/../key.ui/examples/standard_key/quantifiers/heuristic_PUZ001p1-eq.key.proof 
225650     DEBUG main            d.u.i.k.p.i.AbstractProblemLoader Environment load took 123.2ns 
225652     INFO  main            d.u.i.k.p.i.AbstractProblemLoader Creating init config 
228519     DEBUG main            d.u.i.k.p.i.AbstractProblemLoader Init config took 2.87s 
228537     INFO  main            d.u.i.k.p.i.AbstractProblemLoader Replaying proof heuristic_PUZ001p1-eq.key.proof 
228550     DEBUG main            d.u.i.k.p.i.IntermediateProofReplayer Proof replay took 9.35ms 
228551     DEBUG main            d.u.i.k.p.r.p.TestFile    ... success: reloaded. 
228553     INFO  main            d.u.i.k.p.r.p.TestFile    Now processing file /home/runner/work/key/key/key.core/../key.ui/examples/standard_key/quantifiers/heuristic_PUZ001p1.key 
228553     INFO  main            d.u.i.k.p.i.AbstractProblemLoader Loading environment from /home/runner/work/key/key/key.core/../key.ui/examples/standard_key/quantifiers/heuristic_PUZ001p1.key 
228553     DEBUG main            d.u.i.k.p.i.AbstractProblemLoader Environment load took 144.2ns 
228555     INFO  main            d.u.i.k.p.i.AbstractProblemLoader Creating init config 
231524     DEBUG main            d.u.i.k.p.i.AbstractProblemLoader Init config took 2.97s 
231543     INFO  main            d.u.i.k.p.i.AbstractProblemLoader Replaying proof heuristic_PUZ001p1.key 
231545     DEBUG main            d.u.i.k.p.i.IntermediateProofReplayer Proof replay took 7.3ns 
233252     INFO  main            d.u.i.k.p.r.p.TestFile    ... finished proof: closed. 
233675     INFO  main            d.u.i.k.p.i.AbstractProblemLoader Loading environment from /home/runner/work/key/key/key.core/../key.ui/examples/standard_key/quantifiers/heuristic_PUZ001p1.key.proof 
233675     DEBUG main            d.u.i.k.p.i.AbstractProblemLoader Environment load took 390.3ns 
233677     INFO  main            d.u.i.k.p.i.AbstractProblemLoader Creating init config 
236520     DEBUG main            d.u.i.k.p.i.AbstractProblemLoader Init config took 2.84s 
236536     INFO  main            d.u.i.k.p.i.AbstractProblemLoader Replaying proof heuristic_PUZ001p1.key.proof 
236583     DEBUG main            d.u.i.k.p.i.IntermediateProofReplayer Proof replay took 42.02ms 
236584     DEBUG main            d.u.i.k.p.r.p.TestFile    ... success: reloaded. 
236585     INFO  main            d.u.i.k.p.r.p.TestFile    Now processing file /home/runner/work/key/key/key.core/../key.ui/examples/standard_key/quantifiers/heuristic_PUZ031p1.key 
236585     INFO  main            d.u.i.k.p.i.AbstractProblemLoader Loading environment from /home/runner/work/key/key/key.core/../key.ui/examples/standard_key/quantifiers/heuristic_PUZ031p1.key 
236585     DEBUG main            d.u.i.k.p.i.AbstractProblemLoader Environment load took 139.9ns 
236587     INFO  main            d.u.i.k.p.i.AbstractProblemLoader Creating init config 
239348     DEBUG main            d.u.i.k.p.i.AbstractProblemLoader Init config took 2.76s 
239364     INFO  main            d.u.i.k.p.i.AbstractProblemLoader Replaying proof heuristic_PUZ031p1.key 
239367     DEBUG main            d.u.i.k.p.i.IntermediateProofReplayer Proof replay took 7.4ns 
245119     INFO  main            d.u.i.k.p.r.p.TestFile    ... finished proof: closed. 
245558     INFO  main            d.u.i.k.p.i.AbstractProblemLoader Loading environment from /home/runner/work/key/key/key.core/../key.ui/examples/standard_key/quantifiers/heuristic_PUZ031p1.key.proof 
245559     DEBUG main            d.u.i.k.p.i.AbstractProblemLoader Environment load took 747.7ns 
245561     INFO  main            d.u.i.k.p.i.AbstractProblemLoader Creating init config 
248435     DEBUG main            d.u.i.k.p.i.AbstractProblemLoader Init config took 2.87s 
248451     INFO  main            d.u.i.k.p.i.AbstractProblemLoader Replaying proof heuristic_PUZ031p1.key.proof 
248501     DEBUG main            d.u.i.k.p.i.IntermediateProofReplayer Proof replay took 45.01ms 
248503     DEBUG main            d.u.i.k.p.r.p.TestFile    ... success: reloaded. 
248504     INFO  main            d.u.i.k.p.r.p.TestFile    Now processing file /home/runner/work/key/key/key.core/../key.ui/examples/standard_key/quantifiers/heuristic_SYN036p2.key 
248504     INFO  main            d.u.i.k.p.i.AbstractProblemLoader Loading environment from /home/runner/work/key/key/key.core/../key.ui/examples/standard_key/quantifiers/heuristic_SYN036p2.key 
248504     DEBUG main            d.u.i.k.p.i.AbstractProblemLoader Environment load took 126.6ns 
248505     INFO  main            d.u.i.k.p.i.AbstractProblemLoader Creating init config 
251445     DEBUG main            d.u.i.k.p.i.AbstractProblemLoader Init config took 2.94s 
251460     INFO  main            d.u.i.k.p.i.AbstractProblemLoader Replaying proof heuristic_SYN036p2.key 
251463     DEBUG main            d.u.i.k.p.i.IntermediateProofReplayer Proof replay took 7.8ns 
251774     INFO  main            d.u.i.k.p.r.p.TestFile    ... finished proof: closed. 
252213     INFO  main            d.u.i.k.p.i.AbstractProblemLoader Loading environment from /home/runner/work/key/key/key.core/../key.ui/examples/standard_key/quantifiers/heuristic_SYN036p2.key.proof 
252214     DEBUG main            d.u.i.k.p.i.AbstractProblemLoader Environment load took 436.8ns 
252215     INFO  main            d.u.i.k.p.i.AbstractProblemLoader Creating init config 
255010     DEBUG main            d.u.i.k.p.i.AbstractProblemLoader Init config took 2.8s 
255024     INFO  main            d.u.i.k.p.i.AbstractProblemLoader Replaying proof heuristic_SYN036p2.key.proof 
255095     DEBUG main            d.u.i.k.p.i.IntermediateProofReplayer Proof replay took 62.65ms 
255097     DEBUG main            d.u.i.k.p.r.p.TestFile    ... success: reloaded. 
255098     INFO  main            d.u.i.k.p.r.p.TestFile    Now processing file /home/runner/work/key/key/key.core/../key.ui/examples/standard_key/quantifiers/injectivity.key 
255098     INFO  main            d.u.i.k.p.i.AbstractProblemLoader Loading environment from /home/runner/work/key/key/key.core/../key.ui/examples/standard_key/quantifiers/injectivity.key 
255098     DEBUG main            d.u.i.k.p.i.AbstractProblemLoader Environment load took 110.8ns 
255099     INFO  main            d.u.i.k.p.i.AbstractProblemLoader Creating init config 
258012     DEBUG main            d.u.i.k.p.i.AbstractProblemLoader Init config took 2.91s 
258027     INFO  main            d.u.i.k.p.i.AbstractProblemLoader Replaying proof injectivity.key 
258028     DEBUG main            d.u.i.k.p.i.IntermediateProofReplayer Proof replay took 8ns 
258131     INFO  main            d.u.i.k.p.r.p.TestFile    ... finished proof: closed. 
258553     INFO  main            d.u.i.k.p.i.AbstractProblemLoader Loading environment from /home/runner/work/key/key/key.core/../key.ui/examples/standard_key/quantifiers/injectivity.key.proof 
258553     DEBUG main            d.u.i.k.p.i.AbstractProblemLoader Environment load took 110.1ns 
258554     INFO  main            d.u.i.k.p.i.AbstractProblemLoader Creating init config 
261381     DEBUG main            d.u.i.k.p.i.AbstractProblemLoader Init config took 2.83s 
261397     INFO  main            d.u.i.k.p.i.AbstractProblemLoader Replaying proof injectivity.key.proof 
261400     DEBUG main            d.u.i.k.p.i.IntermediateProofReplayer Proof replay took 1.4ms 
261401     DEBUG main            d.u.i.k.p.r.p.TestFile    ... success: reloaded. 
261402     INFO  main            d.u.i.k.p.r.p.TestFile    Now processing file /home/runner/work/key/key/key.core/../key.ui/examples/standard_key/quantifiers/normalisation0.key 
261402     INFO  main            d.u.i.k.p.i.AbstractProblemLoader Loading environment from /home/runner/work/key/key/key.core/../key.ui/examples/standard_key/quantifiers/normalisation0.key 
261402     DEBUG main            d.u.i.k.p.i.AbstractProblemLoader Environment load took 148.4ns 
261404     INFO  main            d.u.i.k.p.i.AbstractProblemLoader Creating init config 
264446     DEBUG main            d.u.i.k.p.i.AbstractProblemLoader Init config took 3.04s 
264483     INFO  main            d.u.i.k.p.i.AbstractProblemLoader Replaying proof normalisation0.key 
264485     DEBUG main            d.u.i.k.p.i.IntermediateProofReplayer Proof replay took 9.1ns 
264588     INFO  main            d.u.i.k.p.r.p.TestFile    ... finished proof: closed. 
264991     INFO  main            d.u.i.k.p.i.AbstractProblemLoader Loading environment from /home/runner/work/key/key/key.core/../key.ui/examples/standard_key/quantifiers/normalisation0.key.proof 
264991     DEBUG main            d.u.i.k.p.i.AbstractProblemLoader Environment load took 146.2ns 
264993     INFO  main            d.u.i.k.p.i.AbstractProblemLoader Creating init config 
267951     DEBUG main            d.u.i.k.p.i.AbstractProblemLoader Init config took 2.96s 
267966     INFO  main            d.u.i.k.p.i.AbstractProblemLoader Replaying proof normalisation0.key.proof 
267973     DEBUG main            d.u.i.k.p.i.IntermediateProofReplayer Proof replay took 5.06ms 
267974     DEBUG main            d.u.i.k.p.r.p.TestFile    ... success: reloaded. 
267975     INFO  main            d.u.i.k.p.r.p.TestFile    Now processing file /home/runner/work/key/key/key.core/../key.ui/examples/standard_key/quantifiers/normalisation1.key 
267976     INFO  main            d.u.i.k.p.i.AbstractProblemLoader Loading environment from /home/runner/work/key/key/key.core/../key.ui/examples/standard_key/quantifiers/normalisation1.key 
267976     DEBUG main            d.u.i.k.p.i.AbstractProblemLoader Environment load took 313.2ns 
267977     INFO  main            d.u.i.k.p.i.AbstractProblemLoader Creating init config 
270947     DEBUG main            d.u.i.k.p.i.AbstractProblemLoader Init config took 2.97s 
270966     INFO  main            d.u.i.k.p.i.AbstractProblemLoader Replaying proof normalisation1.key 
270968     DEBUG main            d.u.i.k.p.i.IntermediateProofReplayer Proof replay took 8.8ns 
271074     INFO  main            d.u.i.k.p.r.p.TestFile    ... finished proof: closed. 
271512     INFO  main            d.u.i.k.p.i.AbstractProblemLoader Loading environment from /home/runner/work/key/key/key.core/../key.ui/examples/standard_key/quantifiers/normalisation1.key.proof 
271512     DEBUG main            d.u.i.k.p.i.AbstractProblemLoader Environment load took 107.6ns 
271513     INFO  main            d.u.i.k.p.i.AbstractProblemLoader Creating init config 
274417     DEBUG main            d.u.i.k.p.i.AbstractProblemLoader Init config took 2.9s 
274432     INFO  main            d.u.i.k.p.i.AbstractProblemLoader Replaying proof normalisation1.key.proof 
274436     DEBUG main            d.u.i.k.p.i.IntermediateProofReplayer Proof replay took 1.67ms 
274437     DEBUG main            d.u.i.k.p.r.p.TestFile    ... success: reloaded. 
274438     INFO  main            d.u.i.k.p.r.p.TestFile    Now processing file /home/runner/work/key/key/key.core/../key.ui/examples/standard_key/quantifiers/normalisation2.key 
274438     INFO  main            d.u.i.k.p.i.AbstractProblemLoader Loading environment from /home/runner/work/key/key/key.core/../key.ui/examples/standard_key/quantifiers/normalisation2.key 
274438     DEBUG main            d.u.i.k.p.i.AbstractProblemLoader Environment load took 134.1ns 
274439     INFO  main            d.u.i.k.p.i.AbstractProblemLoader Creating init config 
277427     DEBUG main            d.u.i.k.p.i.AbstractProblemLoader Init config took 2.99s 
277445     INFO  main            d.u.i.k.p.i.AbstractProblemLoader Replaying proof normalisation2.key 
277449     DEBUG main            d.u.i.k.p.i.IntermediateProofReplayer Proof replay took 8.2ns 
277551     INFO  main            d.u.i.k.p.r.p.TestFile    ... finished proof: closed. 
278028     INFO  main            d.u.i.k.p.i.AbstractProblemLoader Loading environment from /home/runner/work/key/key/key.core/../key.ui/examples/standard_key/quantifiers/normalisation2.key.proof 
278029     DEBUG main            d.u.i.k.p.i.AbstractProblemLoader Environment load took 139.5ns 
278030     INFO  main            d.u.i.k.p.i.AbstractProblemLoader Creating init config 
280858     DEBUG main            d.u.i.k.p.i.AbstractProblemLoader Init config took 2.83s 
280876     INFO  main            d.u.i.k.p.i.AbstractProblemLoader Replaying proof normalisation2.key.proof 
280880     DEBUG main            d.u.i.k.p.i.IntermediateProofReplayer Proof replay took 1.47ms 
280880     DEBUG main            d.u.i.k.p.r.p.TestFile    ... success: reloaded. 
280881     INFO  main            d.u.i.k.p.r.p.TestFile    Now processing file /home/runner/work/key/key/key.core/../key.ui/examples/standard_key/quantifiers/normalisation3.key 
280882     INFO  main            d.u.i.k.p.i.AbstractProblemLoader Loading environment from /home/runner/work/key/key/key.core/../key.ui/examples/standard_key/quantifiers/normalisation3.key 
280882     DEBUG main            d.u.i.k.p.i.AbstractProblemLoader Environment load took 72.1ns 
280883     INFO  main            d.u.i.k.p.i.AbstractProblemLoader Creating init config 
283823     DEBUG main            d.u.i.k.p.i.AbstractProblemLoader Init config took 2.94s 
283839     INFO  main            d.u.i.k.p.i.AbstractProblemLoader Replaying proof normalisation3.key 
283840     DEBUG main            d.u.i.k.p.i.IntermediateProofReplayer Proof replay took 8ns 
283943     INFO  main            d.u.i.k.p.r.p.TestFile    ... finished proof: closed. 
284372     INFO  main            d.u.i.k.p.i.AbstractProblemLoader Loading environment from /home/runner/work/key/key/key.core/../key.ui/examples/standard_key/quantifiers/normalisation3.key.proof 
284372     DEBUG main            d.u.i.k.p.i.AbstractProblemLoader Environment load took 112.9ns 
284374     INFO  main            d.u.i.k.p.i.AbstractProblemLoader Creating init config 
287293     DEBUG main            d.u.i.k.p.i.AbstractProblemLoader Init config took 2.92s 
287309     INFO  main            d.u.i.k.p.i.AbstractProblemLoader Replaying proof normalisation3.key.proof 
287312     DEBUG main            d.u.i.k.p.i.IntermediateProofReplayer Proof replay took 1.48ms 
287313     DEBUG main            d.u.i.k.p.r.p.TestFile    ... success: reloaded. 
287314     INFO  main            d.u.i.k.p.r.p.TestFile    Now processing file /home/runner/work/key/key/key.core/../key.ui/examples/standard_key/quantifiers/normalisation4.key 
287314     INFO  main            d.u.i.k.p.i.AbstractProblemLoader Loading environment from /home/runner/work/key/key/key.core/../key.ui/examples/standard_key/quantifiers/normalisation4.key 
287314     DEBUG main            d.u.i.k.p.i.AbstractProblemLoader Environment load took 204.8ns 
287315     INFO  main            d.u.i.k.p.i.AbstractProblemLoader Creating init config 
290197     DEBUG main            d.u.i.k.p.i.AbstractProblemLoader Init config took 2.88s 
290211     INFO  main            d.u.i.k.p.i.AbstractProblemLoader Replaying proof normalisation4.key 
290213     DEBUG main            d.u.i.k.p.i.IntermediateProofReplayer Proof replay took 8.1ns 
290315     INFO  main            d.u.i.k.p.r.p.TestFile    ... finished proof: closed. 
290776     INFO  main            d.u.i.k.p.i.AbstractProblemLoader Loading environment from /home/runner/work/key/key/key.core/../key.ui/examples/standard_key/quantifiers/normalisation4.key.proof 
290776     DEBUG main            d.u.i.k.p.i.AbstractProblemLoader Environment load took 108ns 
290777     INFO  main            d.u.i.k.p.i.AbstractProblemLoader Creating init config 
293608     DEBUG main            d.u.i.k.p.i.AbstractProblemLoader Init config took 2.83s 
293623     INFO  main            d.u.i.k.p.i.AbstractProblemLoader Replaying proof normalisation4.key.proof 
293628     DEBUG main            d.u.i.k.p.i.IntermediateProofReplayer Proof replay took 3.2ms 
293629     DEBUG main            d.u.i.k.p.r.p.TestFile    ... success: reloaded. 
293630     INFO  main            d.u.i.k.p.r.p.TestFile    Now processing file /home/runner/work/key/key/key.core/../key.ui/examples/standard_key/quantifiers/normalisation5.key 
293630     INFO  main            d.u.i.k.p.i.AbstractProblemLoader Loading environment from /home/runner/work/key/key/key.core/../key.ui/examples/standard_key/quantifiers/normalisation5.key 
293630     DEBUG main            d.u.i.k.p.i.AbstractProblemLoader Environment load took 72.3ns 
293631     INFO  main            d.u.i.k.p.i.AbstractProblemLoader Creating init config 
296551     DEBUG main            d.u.i.k.p.i.AbstractProblemLoader Init config took 2.92s 
296566     INFO  main            d.u.i.k.p.i.AbstractProblemLoader Replaying proof normalisation5.key 
296568     DEBUG main            d.u.i.k.p.i.IntermediateProofReplayer Proof replay took 8.2ns 
296670     INFO  main            d.u.i.k.p.r.p.TestFile    ... finished proof: closed. 
297215     INFO  main            d.u.i.k.p.i.AbstractProblemLoader Loading environment from /home/runner/work/key/key/key.core/../key.ui/examples/standard_key/quantifiers/normalisation5.key.proof 
297215     DEBUG main            d.u.i.k.p.i.AbstractProblemLoader Environment load took 137.6ns 
297218     INFO  main            d.u.i.k.p.i.AbstractProblemLoader Creating init config 
300038     DEBUG main            d.u.i.k.p.i.AbstractProblemLoader Init config took 2.82s 
300055     INFO  main            d.u.i.k.p.i.AbstractProblemLoader Replaying proof normalisation5.key.proof 
300059     DEBUG main            d.u.i.k.p.i.IntermediateProofReplayer Proof replay took 1.87ms 
300060     DEBUG main            d.u.i.k.p.r.p.TestFile    ... success: reloaded. 
300061     INFO  main            d.u.i.k.p.r.p.TestFile    Now processing file /home/runner/work/key/key/key.core/../key.ui/examples/standard_key/quantifiers/normalisation6.key 
300061     INFO  main            d.u.i.k.p.i.AbstractProblemLoader Loading environment from /home/runner/work/key/key/key.core/../key.ui/examples/standard_key/quantifiers/normalisation6.key 
300061     DEBUG main            d.u.i.k.p.i.AbstractProblemLoader Environment load took 144.7ns 
300062     INFO  main            d.u.i.k.p.i.AbstractProblemLoader Creating init config 
302946     DEBUG main            d.u.i.k.p.i.AbstractProblemLoader Init config took 2.88s 
302961     INFO  main            d.u.i.k.p.i.AbstractProblemLoader Replaying proof normalisation6.key 
302963     DEBUG main            d.u.i.k.p.i.IntermediateProofReplayer Proof replay took 7.7ns 
303066     INFO  main            d.u.i.k.p.r.p.TestFile    ... finished proof: closed. 
303522     INFO  main            d.u.i.k.p.i.AbstractProblemLoader Loading environment from /home/runner/work/key/key/key.core/../key.ui/examples/standard_key/quantifiers/normalisation6.key.proof 
303522     DEBUG main            d.u.i.k.p.i.AbstractProblemLoader Environment load took 111.4ns 
303523     INFO  main            d.u.i.k.p.i.AbstractProblemLoader Creating init config 
306280     DEBUG main            d.u.i.k.p.i.AbstractProblemLoader Init config took 2.76s 
306295     INFO  main            d.u.i.k.p.i.AbstractProblemLoader Replaying proof normalisation6.key.proof 
306298     DEBUG main            d.u.i.k.p.i.IntermediateProofReplayer Proof replay took 1.63ms 
306299     DEBUG main            d.u.i.k.p.r.p.TestFile    ... success: reloaded. 
306300     INFO  main            d.u.i.k.p.r.p.TestFile    Now processing file /home/runner/work/key/key/key.core/../key.ui/examples/standard_key/quantifiers/normalisation7.key 
306301     INFO  main            d.u.i.k.p.i.AbstractProblemLoader Loading environment from /home/runner/work/key/key/key.core/../key.ui/examples/standard_key/quantifiers/normalisation7.key 
306301     DEBUG main            d.u.i.k.p.i.AbstractProblemLoader Environment load took 103.9ns 
306302     INFO  main            d.u.i.k.p.i.AbstractProblemLoader Creating init config 
309102     DEBUG main            d.u.i.k.p.i.AbstractProblemLoader Init config took 2.8s 
309117     INFO  main            d.u.i.k.p.i.AbstractProblemLoader Replaying proof normalisation7.key 
309119     DEBUG main            d.u.i.k.p.i.IntermediateProofReplayer Proof replay took 8ns 
309225     INFO  main            d.u.i.k.p.r.p.TestFile    ... finished proof: closed. 
309713     INFO  main            d.u.i.k.p.i.AbstractProblemLoader Loading environment from /home/runner/work/key/key/key.core/../key.ui/examples/standard_key/quantifiers/normalisation7.key.proof 
309713     DEBUG main            d.u.i.k.p.i.AbstractProblemLoader Environment load took 114.1ns 
309714     INFO  main            d.u.i.k.p.i.AbstractProblemLoader Creating init config 
312479     DEBUG main            d.u.i.k.p.i.AbstractProblemLoader Init config took 2.76s 
312497     INFO  main            d.u.i.k.p.i.AbstractProblemLoader Replaying proof normalisation7.key.proof 
312500     DEBUG main            d.u.i.k.p.i.IntermediateProofReplayer Proof replay took 1.43ms 
312501     DEBUG main            d.u.i.k.p.r.p.TestFile    ... success: reloaded. 
312501     INFO  main            d.u.i.k.p.r.p.TestFile    Now processing file /home/runner/work/key/key/key.core/../key.ui/examples/standard_key/quantifiers/normalisation8.key 
312502     INFO  main            d.u.i.k.p.i.AbstractProblemLoader Loading environment from /home/runner/work/key/key/key.core/../key.ui/examples/standard_key/quantifiers/normalisation8.key 
312502     DEBUG main            d.u.i.k.p.i.AbstractProblemLoader Environment load took 108.2ns 
312503     INFO  main            d.u.i.k.p.i.AbstractProblemLoader Creating init config 
315333     DEBUG main            d.u.i.k.p.i.AbstractProblemLoader Init config took 2.83s 
315349     INFO  main            d.u.i.k.p.i.AbstractProblemLoader Replaying proof normalisation8.key 
315351     DEBUG main            d.u.i.k.p.i.IntermediateProofReplayer Proof replay took 8.6ns 
315453     INFO  main            d.u.i.k.p.r.p.TestFile    ... finished proof: closed. 
315934     INFO  main            d.u.i.k.p.i.AbstractProblemLoader Loading environment from /home/runner/work/key/key/key.core/../key.ui/examples/standard_key/quantifiers/normalisation8.key.proof 
315934     DEBUG main            d.u.i.k.p.i.AbstractProblemLoader Environment load took 111.7ns 
315936     INFO  main            d.u.i.k.p.i.AbstractProblemLoader Creating init config 
318836     DEBUG main            d.u.i.k.p.i.AbstractProblemLoader Init config took 2.9s 
318851     INFO  main            d.u.i.k.p.i.AbstractProblemLoader Replaying proof normalisation8.key.proof 
318858     DEBUG main            d.u.i.k.p.i.IntermediateProofReplayer Proof replay took 4.17ms 
318859     DEBUG main            d.u.i.k.p.r.p.TestFile    ... success: reloaded. 
318862     INFO  main            d.u.i.k.p.r.p.TestFile    Now processing file /home/runner/work/key/key/key.core/../key.ui/examples/standard_key/quantifiers/normalisation9.key 
318863     INFO  main            d.u.i.k.p.i.AbstractProblemLoader Loading environment from /home/runner/work/key/key/key.core/../key.ui/examples/standard_key/quantifiers/normalisation9.key 
318863     DEBUG main            d.u.i.k.p.i.AbstractProblemLoader Environment load took 109.2ns 
318864     INFO  main            d.u.i.k.p.i.AbstractProblemLoader Creating init config 
321786     DEBUG main            d.u.i.k.p.i.AbstractProblemLoader Init config took 2.92s 
321800     INFO  main            d.u.i.k.p.i.AbstractProblemLoader Replaying proof normalisation9.key 
321802     DEBUG main            d.u.i.k.p.i.IntermediateProofReplayer Proof replay took 7.7ns 
321904     INFO  main            d.u.i.k.p.r.p.TestFile    ... finished proof: closed. 
322401     INFO  main            d.u.i.k.p.i.AbstractProblemLoader Loading environment from /home/runner/work/key/key/key.core/../key.ui/examples/standard_key/quantifiers/normalisation9.key.proof 
322401     DEBUG main            d.u.i.k.p.i.AbstractProblemLoader Environment load took 125.7ns 
322403     INFO  main            d.u.i.k.p.i.AbstractProblemLoader Creating init config 
325262     DEBUG main            d.u.i.k.p.i.AbstractProblemLoader Init config took 2.86s 
325276     INFO  main            d.u.i.k.p.i.AbstractProblemLoader Replaying proof normalisation9.key.proof 
325281     DEBUG main            d.u.i.k.p.i.IntermediateProofReplayer Proof replay took 3.3ms 
325282     DEBUG main            d.u.i.k.p.r.p.TestFile    ... success: reloaded. 
325283     INFO  main            d.u.i.k.p.r.p.TestFile    Now processing file /home/runner/work/key/key/key.core/../key.ui/examples/standard_key/quantifiers/normalisation10.key 
325283     INFO  main            d.u.i.k.p.i.AbstractProblemLoader Loading environment from /home/runner/work/key/key/key.core/../key.ui/examples/standard_key/quantifiers/normalisation10.key 
325283     DEBUG main            d.u.i.k.p.i.AbstractProblemLoader Environment load took 185.8ns 
325285     INFO  main            d.u.i.k.p.i.AbstractProblemLoader Creating init config 
328152     DEBUG main            d.u.i.k.p.i.AbstractProblemLoader Init config took 2.87s 
328167     INFO  main            d.u.i.k.p.i.AbstractProblemLoader Replaying proof normalisation10.key 
328170     DEBUG main            d.u.i.k.p.i.IntermediateProofReplayer Proof replay took 8ns 
328273     INFO  main            d.u.i.k.p.r.p.TestFile    ... finished proof: closed. 
328763     INFO  main            d.u.i.k.p.i.AbstractProblemLoader Loading environment from /home/runner/work/key/key/key.core/../key.ui/examples/standard_key/quantifiers/normalisation10.key.proof 
328763     DEBUG main            d.u.i.k.p.i.AbstractProblemLoader Environment load took 104.6ns 
328764     INFO  main            d.u.i.k.p.i.AbstractProblemLoader Creating init config 
331589     DEBUG main            d.u.i.k.p.i.AbstractProblemLoader Init config took 2.82s 
331607     INFO  main            d.u.i.k.p.i.AbstractProblemLoader Replaying proof normalisation10.key.proof 
331613     DEBUG main            d.u.i.k.p.i.IntermediateProofReplayer Proof replay took 4.05ms 
331614     DEBUG main            d.u.i.k.p.r.p.TestFile    ... success: reloaded. 
331615     INFO  main            d.u.i.k.p.r.p.TestFile    Now processing file /home/runner/work/key/key/key.core/../key.ui/examples/standard_key/quantifiers/normalisation12.key 
331615     INFO  main            d.u.i.k.p.i.AbstractProblemLoader Loading environment from /home/runner/work/key/key/key.core/../key.ui/examples/standard_key/quantifiers/normalisation12.key 
331615     DEBUG main            d.u.i.k.p.i.AbstractProblemLoader Environment load took 129.6ns 
331616     INFO  main            d.u.i.k.p.i.AbstractProblemLoader Creating init config 
334610     DEBUG main            d.u.i.k.p.i.AbstractProblemLoader Init config took 2.99s 
334628     INFO  main            d.u.i.k.p.i.AbstractProblemLoader Replaying proof normalisation12.key 
334630     DEBUG main            d.u.i.k.p.i.IntermediateProofReplayer Proof replay took 9.5ns 
334732     INFO  main            d.u.i.k.p.r.p.TestFile    ... finished proof: closed. 
335232     INFO  main            d.u.i.k.p.i.AbstractProblemLoader Loading environment from /home/runner/work/key/key/key.core/../key.ui/examples/standard_key/quantifiers/normalisation12.key.proof 
335232     DEBUG main            d.u.i.k.p.i.AbstractProblemLoader Environment load took 96.7ns 
335233     INFO  main            d.u.i.k.p.i.AbstractProblemLoader Creating init config 
338199     DEBUG main            d.u.i.k.p.i.AbstractProblemLoader Init config took 2.97s 
338215     INFO  main            d.u.i.k.p.i.AbstractProblemLoader Replaying proof normalisation12.key.proof 
338218     DEBUG main            d.u.i.k.p.i.IntermediateProofReplayer Proof replay took 1.26ms 
338220     DEBUG main            d.u.i.k.p.r.p.TestFile    ... success: reloaded. 
338221     INFO  main            d.u.i.k.p.r.p.TestFile    Now processing file /home/runner/work/key/key/key.core/../key.ui/examples/standard_key/quantifiers/normalisation13.key 
338221     INFO  main            d.u.i.k.p.i.AbstractProblemLoader Loading environment from /home/runner/work/key/key/key.core/../key.ui/examples/standard_key/quantifiers/normalisation13.key 
338221     DEBUG main            d.u.i.k.p.i.AbstractProblemLoader Environment load took 195.5ns 
338222     INFO  main            d.u.i.k.p.i.AbstractProblemLoader Creating init config 
341090     DEBUG main            d.u.i.k.p.i.AbstractProblemLoader Init config took 2.87s 
341104     INFO  main            d.u.i.k.p.i.AbstractProblemLoader Replaying proof normalisation13.key 
341107     DEBUG main            d.u.i.k.p.i.IntermediateProofReplayer Proof replay took 7.6ns 
341209     INFO  main            d.u.i.k.p.r.p.TestFile    ... finished proof: closed. 
341689     INFO  main            d.u.i.k.p.i.AbstractProblemLoader Loading environment from /home/runner/work/key/key/key.core/../key.ui/examples/standard_key/quantifiers/normalisation13.key.proof 
341689     DEBUG main            d.u.i.k.p.i.AbstractProblemLoader Environment load took 94.3ns 
341690     INFO  main            d.u.i.k.p.i.AbstractProblemLoader Creating init config 
344456     DEBUG main            d.u.i.k.p.i.AbstractProblemLoader Init config took 2.77s 
344472     INFO  main            d.u.i.k.p.i.AbstractProblemLoader Replaying proof normalisation13.key.proof 
344474     DEBUG main            d.u.i.k.p.i.IntermediateProofReplayer Proof replay took 688.8ns 
344475     DEBUG main            d.u.i.k.p.r.p.TestFile    ... success: reloaded. 
344476     INFO  main            d.u.i.k.p.r.p.TestFile    Now processing file /home/runner/work/key/key/key.core/../key.ui/examples/standard_key/quantifiers/triggers0.key 
344476     INFO  main            d.u.i.k.p.i.AbstractProblemLoader Loading environment from /home/runner/work/key/key/key.core/../key.ui/examples/standard_key/quantifiers/triggers0.key 
344476     DEBUG main            d.u.i.k.p.i.AbstractProblemLoader Environment load took 109.4ns 
344477     INFO  main            d.u.i.k.p.i.AbstractProblemLoader Creating init config 
347452     DEBUG main            d.u.i.k.p.i.AbstractProblemLoader Init config took 2.98s 
347468     INFO  main            d.u.i.k.p.i.AbstractProblemLoader Replaying proof triggers0.key 
347469     DEBUG main            d.u.i.k.p.i.IntermediateProofReplayer Proof replay took 8ns 
347572     INFO  main            d.u.i.k.p.r.p.TestFile    ... finished proof: closed. 
348096     INFO  main            d.u.i.k.p.i.AbstractProblemLoader Loading environment from /home/runner/work/key/key/key.core/../key.ui/examples/standard_key/quantifiers/triggers0.key.proof 
348096     DEBUG main            d.u.i.k.p.i.AbstractProblemLoader Environment load took 107.1ns 
348097     INFO  main            d.u.i.k.p.i.AbstractProblemLoader Creating init config 
350980     DEBUG main            d.u.i.k.p.i.AbstractProblemLoader Init config took 2.88s 
350997     INFO  main            d.u.i.k.p.i.AbstractProblemLoader Replaying proof triggers0.key.proof 
351000     DEBUG main            d.u.i.k.p.i.IntermediateProofReplayer Proof replay took 1.56ms 
351001     DEBUG main            d.u.i.k.p.r.p.TestFile    ... success: reloaded. 
4961639    INFO  Test worker     d.u.i.k.p.r.RunAllProofsTestUnit Returning from test FOL 
4961643    INFO  Test worker     d.u.i.k.p.r.RunAllProofsTestUnit Running test strings 
507        INFO  Timeout watchdog d.u.i.k.p.r.p.ForkedTestFileRunner Timeout watcher launched (2000 secs.) 
532        WARN  main            d.u.i.k.s.ProofSettings   The settings in /home/runner/.key/proof-settings.props are *not* read. 
582        INFO  main            d.u.i.k.p.r.p.TestFile    Now processing file /home/runner/work/key/key/key.core/../key.ui/examples/standard_key/strings/charAt0.key 
727        INFO  main            d.u.i.k.p.i.AbstractProblemLoader Loading environment from /home/runner/work/key/key/key.core/../key.ui/examples/standard_key/strings/charAt0.key 
750        DEBUG main            d.u.i.k.p.i.AbstractProblemLoader Environment load took 2.69ms 
1080       INFO  main            d.u.i.k.p.i.AbstractProblemLoader Creating init config 
2289       DEBUG main            d.u.i.k.j.TypeConverter   No LDT found for Meta 
2290       DEBUG main            d.u.i.k.j.TypeConverter   No LDT found for Meta 
2292       DEBUG main            d.u.i.k.j.TypeConverter   No LDT found for Meta 
2292       DEBUG main            d.u.i.k.j.TypeConverter   No LDT found for Meta 
4356       DEBUG main            d.u.i.k.j.TypeConverter   No LDT found for JavaBigintExpression 
10478      DEBUG main            d.u.i.k.p.i.AbstractProblemLoader Init config took 9.4s 
10555      INFO  main            d.u.i.k.p.i.AbstractProblemLoader Replaying proof charAt0.key 
10602      DEBUG main            d.u.i.k.p.i.IntermediateProofReplayer Proof replay took 40.1ns 
11071      INFO  main            d.u.i.k.p.r.p.TestFile    ... finished proof: closed. 
11220      INFO  main            d.u.i.k.p.i.AbstractProblemLoader Loading environment from /home/runner/work/key/key/key.core/../key.ui/examples/standard_key/strings/charAt0.key.proof 
11220      DEBUG main            d.u.i.k.p.i.AbstractProblemLoader Environment load took 199.5ns 
11225      INFO  main            d.u.i.k.p.i.AbstractProblemLoader Creating init config 
14722      DEBUG main            d.u.i.k.p.i.AbstractProblemLoader Init config took 3.5s 
14766      INFO  main            d.u.i.k.p.i.AbstractProblemLoader Replaying proof charAt0.key.proof 
14791      DEBUG main            d.u.i.k.p.i.IntermediateProofReplayer Proof replay took 18.77ms 
14810      DEBUG main            d.u.i.k.p.r.p.TestFile    ... success: reloaded. 
14812      INFO  main            d.u.i.k.p.r.p.TestFile    Now processing file /home/runner/work/key/key/key.core/../key.ui/examples/standard_key/strings/charAt1.key 
14812      INFO  main            d.u.i.k.p.i.AbstractProblemLoader Loading environment from /home/runner/work/key/key/key.core/../key.ui/examples/standard_key/strings/charAt1.key 
14812      DEBUG main            d.u.i.k.p.i.AbstractProblemLoader Environment load took 244.3ns 
14815      INFO  main            d.u.i.k.p.i.AbstractProblemLoader Creating init config 
18228      DEBUG main            d.u.i.k.p.i.AbstractProblemLoader Init config took 3.41s 
18269      INFO  main            d.u.i.k.p.i.AbstractProblemLoader Replaying proof charAt1.key 
18272      DEBUG main            d.u.i.k.p.i.IntermediateProofReplayer Proof replay took 7.8ns 
18476      INFO  main            d.u.i.k.p.r.p.TestFile    ... finished proof: closed. 
18658      INFO  main            d.u.i.k.p.i.AbstractProblemLoader Loading environment from /home/runner/work/key/key/key.core/../key.ui/examples/standard_key/strings/charAt1.key.proof 
18659      DEBUG main            d.u.i.k.p.i.AbstractProblemLoader Environment load took 1.86ms 
18668      INFO  main            d.u.i.k.p.i.AbstractProblemLoader Creating init config 
22044      DEBUG main            d.u.i.k.p.i.AbstractProblemLoader Init config took 3.38s 
22073      INFO  main            d.u.i.k.p.i.AbstractProblemLoader Replaying proof charAt1.key.proof 
22095      DEBUG main            d.u.i.k.p.i.IntermediateProofReplayer Proof replay took 17.42ms 
22098      DEBUG main            d.u.i.k.p.r.p.TestFile    ... success: reloaded. 
22099      INFO  main            d.u.i.k.p.r.p.TestFile    Now processing file /home/runner/work/key/key/key.core/../key.ui/examples/standard_key/strings/concat1.key 
22099      INFO  main            d.u.i.k.p.i.AbstractProblemLoader Loading environment from /home/runner/work/key/key/key.core/../key.ui/examples/standard_key/strings/concat1.key 
22099      DEBUG main            d.u.i.k.p.i.AbstractProblemLoader Environment load took 252.7ns 
22101      INFO  main            d.u.i.k.p.i.AbstractProblemLoader Creating init config 
25329      DEBUG main            d.u.i.k.p.i.AbstractProblemLoader Init config took 3.23s 
25358      INFO  main            d.u.i.k.p.i.AbstractProblemLoader Replaying proof concat1.key 
25360      DEBUG main            d.u.i.k.p.i.IntermediateProofReplayer Proof replay took 8.2ns 
25466      INFO  main            d.u.i.k.p.r.p.TestFile    ... finished proof: closed. 
25630      INFO  main            d.u.i.k.p.i.AbstractProblemLoader Loading environment from /home/runner/work/key/key/key.core/../key.ui/examples/standard_key/strings/concat1.key.proof 
25630      DEBUG main            d.u.i.k.p.i.AbstractProblemLoader Environment load took 432.7ns 
25632      INFO  main            d.u.i.k.p.i.AbstractProblemLoader Creating init config 
28715      DEBUG main            d.u.i.k.p.i.AbstractProblemLoader Init config took 3.08s 
28741      INFO  main            d.u.i.k.p.i.AbstractProblemLoader Replaying proof concat1.key.proof 
28747      DEBUG main            d.u.i.k.p.i.IntermediateProofReplayer Proof replay took 2.24ms 
28748      DEBUG main            d.u.i.k.p.r.p.TestFile    ... success: reloaded. 
28749      INFO  main            d.u.i.k.p.r.p.TestFile    Now processing file /home/runner/work/key/key/key.core/../key.ui/examples/standard_key/strings/concat2.key 
28750      INFO  main            d.u.i.k.p.i.AbstractProblemLoader Loading environment from /home/runner/work/key/key/key.core/../key.ui/examples/standard_key/strings/concat2.key 
28750      DEBUG main            d.u.i.k.p.i.AbstractProblemLoader Environment load took 238.6ns 
28756      INFO  main            d.u.i.k.p.i.AbstractProblemLoader Creating init config 
32082      DEBUG main            d.u.i.k.p.i.AbstractProblemLoader Init config took 3.33s 
32108      INFO  main            d.u.i.k.p.i.AbstractProblemLoader Replaying proof concat2.key 
32111      DEBUG main            d.u.i.k.p.i.IntermediateProofReplayer Proof replay took 19.4ns 
32216      INFO  main            d.u.i.k.p.r.p.TestFile    ... finished proof: closed. 
32392      INFO  main            d.u.i.k.p.i.AbstractProblemLoader Loading environment from /home/runner/work/key/key/key.core/../key.ui/examples/standard_key/strings/concat2.key.proof 
32393      DEBUG main            d.u.i.k.p.i.AbstractProblemLoader Environment load took 744.31ns 
32395      INFO  main            d.u.i.k.p.i.AbstractProblemLoader Creating init config 
35500      DEBUG main            d.u.i.k.p.i.AbstractProblemLoader Init config took 3.11s 
35527      INFO  main            d.u.i.k.p.i.AbstractProblemLoader Replaying proof concat2.key.proof 
35561      DEBUG main            d.u.i.k.p.i.IntermediateProofReplayer Proof replay took 26.09ms 
35563      DEBUG main            d.u.i.k.p.r.p.TestFile    ... success: reloaded. 
35564      INFO  main            d.u.i.k.p.r.p.TestFile    Now processing file /home/runner/work/key/key/key.core/../key.ui/examples/standard_key/strings/deriveLength1.key 
35564      INFO  main            d.u.i.k.p.i.AbstractProblemLoader Loading environment from /home/runner/work/key/key/key.core/../key.ui/examples/standard_key/strings/deriveLength1.key 
35565      DEBUG main            d.u.i.k.p.i.AbstractProblemLoader Environment load took 339.5ns 
35566      INFO  main            d.u.i.k.p.i.AbstractProblemLoader Creating init config 
38789      DEBUG main            d.u.i.k.p.i.AbstractProblemLoader Init config took 3.22s 
38814      INFO  main            d.u.i.k.p.i.AbstractProblemLoader Replaying proof deriveLength1.key 
38817      DEBUG main            d.u.i.k.p.i.IntermediateProofReplayer Proof replay took 8ns 
38920      INFO  main            d.u.i.k.p.r.p.TestFile    ... finished proof: closed. 
39139      INFO  main            d.u.i.k.p.i.AbstractProblemLoader Loading environment from /home/runner/work/key/key/key.core/../key.ui/examples/standard_key/strings/deriveLength1.key.proof 
39139      DEBUG main            d.u.i.k.p.i.AbstractProblemLoader Environment load took 155.6ns 
39140      INFO  main            d.u.i.k.p.i.AbstractProblemLoader Creating init config 
42212      DEBUG main            d.u.i.k.p.i.AbstractProblemLoader Init config took 3.07s 
42237      INFO  main            d.u.i.k.p.i.AbstractProblemLoader Replaying proof deriveLength1.key.proof 
42252      DEBUG main            d.u.i.k.p.i.IntermediateProofReplayer Proof replay took 10.99ms 
42253      DEBUG main            d.u.i.k.p.r.p.TestFile    ... success: reloaded. 
42254      INFO  main            d.u.i.k.p.r.p.TestFile    Now processing file /home/runner/work/key/key/key.core/../key.ui/examples/standard_key/strings/emptyStringLengthZero.key 
42255      INFO  main            d.u.i.k.p.i.AbstractProblemLoader Loading environment from /home/runner/work/key/key/key.core/../key.ui/examples/standard_key/strings/emptyStringLengthZero.key 
42255      DEBUG main            d.u.i.k.p.i.AbstractProblemLoader Environment load took 222.9ns 
42256      INFO  main            d.u.i.k.p.i.AbstractProblemLoader Creating init config 
45404      DEBUG main            d.u.i.k.p.i.AbstractProblemLoader Init config took 3.15s 
45427      INFO  main            d.u.i.k.p.i.AbstractProblemLoader Replaying proof emptyStringLengthZero.key 
45429      DEBUG main            d.u.i.k.p.i.IntermediateProofReplayer Proof replay took 8.7ns 
45533      INFO  main            d.u.i.k.p.r.p.TestFile    ... finished proof: closed. 
45751      INFO  main            d.u.i.k.p.i.AbstractProblemLoader Loading environment from /home/runner/work/key/key/key.core/../key.ui/examples/standard_key/strings/emptyStringLengthZero.key.proof 
45752      DEBUG main            d.u.i.k.p.i.AbstractProblemLoader Environment load took 424.5ns 
45753      INFO  main            d.u.i.k.p.i.AbstractProblemLoader Creating init config 
48816      DEBUG main            d.u.i.k.p.i.AbstractProblemLoader Init config took 3.06s 
48840      INFO  main            d.u.i.k.p.i.AbstractProblemLoader Replaying proof emptyStringLengthZero.key.proof 
48847      DEBUG main            d.u.i.k.p.i.IntermediateProofReplayer Proof replay took 4.24ms 
48850      DEBUG main            d.u.i.k.p.r.p.TestFile    ... success: reloaded. 
48852      INFO  main            d.u.i.k.p.r.p.TestFile    Now processing file /home/runner/work/key/key/key.core/../key.ui/examples/standard_key/strings/implicitBooleanStringConversion.key 
48853      INFO  main            d.u.i.k.p.i.AbstractProblemLoader Loading environment from /home/runner/work/key/key/key.core/../key.ui/examples/standard_key/strings/implicitBooleanStringConversion.key 
48854      DEBUG main            d.u.i.k.p.i.AbstractProblemLoader Environment load took 331.5ns 
48856      INFO  main            d.u.i.k.p.i.AbstractProblemLoader Creating init config 
51934      DEBUG main            d.u.i.k.p.i.AbstractProblemLoader Init config took 3.08s 
51960      INFO  main            d.u.i.k.p.i.AbstractProblemLoader Replaying proof implicitBooleanStringConversion.key 
51962      DEBUG main            d.u.i.k.p.i.IntermediateProofReplayer Proof replay took 8.7ns 
53180      INFO  main            d.u.i.k.p.r.p.TestFile    ... finished proof: closed. 
53448      INFO  main            d.u.i.k.p.i.AbstractProblemLoader Loading environment from /home/runner/work/key/key/key.core/../key.ui/examples/standard_key/strings/implicitBooleanStringConversion.key.proof 
53448      DEBUG main            d.u.i.k.p.i.AbstractProblemLoader Environment load took 549.1ns 
53450      INFO  main            d.u.i.k.p.i.AbstractProblemLoader Creating init config 
56514      DEBUG main            d.u.i.k.p.i.AbstractProblemLoader Init config took 3.06s 
56539      INFO  main            d.u.i.k.p.i.AbstractProblemLoader Replaying proof implicitBooleanStringConversion.key.proof 
56663      DEBUG main            d.u.i.k.p.i.IntermediateProofReplayer Proof replay took 113.37ms 
56664      DEBUG main            d.u.i.k.p.r.p.TestFile    ... success: reloaded. 
56665      INFO  main            d.u.i.k.p.r.p.TestFile    Now processing file /home/runner/work/key/key/key.core/../key.ui/examples/standard_key/strings/implicitBooleanStringConversion2.key 
56666      INFO  main            d.u.i.k.p.i.AbstractProblemLoader Loading environment from /home/runner/work/key/key/key.core/../key.ui/examples/standard_key/strings/implicitBooleanStringConversion2.key 
56666      DEBUG main            d.u.i.k.p.i.AbstractProblemLoader Environment load took 270.1ns 
56668      INFO  main            d.u.i.k.p.i.AbstractProblemLoader Creating init config 
59804      DEBUG main            d.u.i.k.p.i.AbstractProblemLoader Init config took 3.14s 
59825      INFO  main            d.u.i.k.p.i.AbstractProblemLoader Replaying proof implicitBooleanStringConversion2.key 
59827      DEBUG main            d.u.i.k.p.i.IntermediateProofReplayer Proof replay took 7.8ns 
60333      INFO  main            d.u.i.k.p.r.p.TestFile    ... finished proof: closed. 
60624      INFO  main            d.u.i.k.p.i.AbstractProblemLoader Loading environment from /home/runner/work/key/key/key.core/../key.ui/examples/standard_key/strings/implicitBooleanStringConversion2.key.proof 
60625      DEBUG main            d.u.i.k.p.i.AbstractProblemLoader Environment load took 446ns 
60626      INFO  main            d.u.i.k.p.i.AbstractProblemLoader Creating init config 
63557      DEBUG main            d.u.i.k.p.i.AbstractProblemLoader Init config took 2.93s 
63579      INFO  main            d.u.i.k.p.i.AbstractProblemLoader Replaying proof implicitBooleanStringConversion2.key.proof 
63627      DEBUG main            d.u.i.k.p.i.IntermediateProofReplayer Proof replay took 43.88ms 
63628      DEBUG main            d.u.i.k.p.r.p.TestFile    ... success: reloaded. 
63629      INFO  main            d.u.i.k.p.r.p.TestFile    Now processing file /home/runner/work/key/key/key.core/../key.ui/examples/standard_key/strings/implicitIntStringConversion.key 
63629      INFO  main            d.u.i.k.p.i.AbstractProblemLoader Loading environment from /home/runner/work/key/key/key.core/../key.ui/examples/standard_key/strings/implicitIntStringConversion.key 
63629      DEBUG main            d.u.i.k.p.i.AbstractProblemLoader Environment load took 96.2ns 
63630      INFO  main            d.u.i.k.p.i.AbstractProblemLoader Creating init config 
66653      DEBUG main            d.u.i.k.p.i.AbstractProblemLoader Init config took 3.02s 
66674      INFO  main            d.u.i.k.p.i.AbstractProblemLoader Replaying proof implicitIntStringConversion.key 
66676      DEBUG main            d.u.i.k.p.i.IntermediateProofReplayer Proof replay took 8.5ns 
67481      INFO  main            d.u.i.k.p.r.p.TestFile    ... finished proof: closed. 
67747      INFO  main            d.u.i.k.p.i.AbstractProblemLoader Loading environment from /home/runner/work/key/key/key.core/../key.ui/examples/standard_key/strings/implicitIntStringConversion.key.proof 
67748      DEBUG main            d.u.i.k.p.i.AbstractProblemLoader Environment load took 504.2ns 
67749      INFO  main            d.u.i.k.p.i.AbstractProblemLoader Creating init config 
70747      DEBUG main            d.u.i.k.p.i.AbstractProblemLoader Init config took 3s 
70768      INFO  main            d.u.i.k.p.i.AbstractProblemLoader Replaying proof implicitIntStringConversion.key.proof 
70836      DEBUG main            d.u.i.k.p.i.IntermediateProofReplayer Proof replay took 60.08ms 
70837      DEBUG main            d.u.i.k.p.r.p.TestFile    ... success: reloaded. 
70838      INFO  main            d.u.i.k.p.r.p.TestFile    Now processing file /home/runner/work/key/key/key.core/../key.ui/examples/standard_key/strings/implicitNullStringConversion.key 
70839      INFO  main            d.u.i.k.p.i.AbstractProblemLoader Loading environment from /home/runner/work/key/key/key.core/../key.ui/examples/standard_key/strings/implicitNullStringConversion.key 
70839      DEBUG main            d.u.i.k.p.i.AbstractProblemLoader Environment load took 235.3ns 
70840      INFO  main            d.u.i.k.p.i.AbstractProblemLoader Creating init config 
73894      DEBUG main            d.u.i.k.p.i.AbstractProblemLoader Init config took 3.05s 
73915      INFO  main            d.u.i.k.p.i.AbstractProblemLoader Replaying proof implicitNullStringConversion.key 
73917      DEBUG main            d.u.i.k.p.i.IntermediateProofReplayer Proof replay took 8.7ns 
74225      INFO  main            d.u.i.k.p.r.p.TestFile    ... finished proof: closed. 
74512      INFO  main            d.u.i.k.p.i.AbstractProblemLoader Loading environment from /home/runner/work/key/key/key.core/../key.ui/examples/standard_key/strings/implicitNullStringConversion.key.proof 
74513      DEBUG main            d.u.i.k.p.i.AbstractProblemLoader Environment load took 478.1ns 
74514      INFO  main            d.u.i.k.p.i.AbstractProblemLoader Creating init config 
77426      DEBUG main            d.u.i.k.p.i.AbstractProblemLoader Init config took 2.91s 
77450      INFO  main            d.u.i.k.p.i.AbstractProblemLoader Replaying proof implicitNullStringConversion.key.proof 
77479      DEBUG main            d.u.i.k.p.i.IntermediateProofReplayer Proof replay took 24.95ms 
77481      DEBUG main            d.u.i.k.p.r.p.TestFile    ... success: reloaded. 
77482      INFO  main            d.u.i.k.p.r.p.TestFile    Now processing file /home/runner/work/key/key/key.core/../key.ui/examples/standard_key/strings/implicitNullStringConversion2.key 
77482      INFO  main            d.u.i.k.p.i.AbstractProblemLoader Loading environment from /home/runner/work/key/key/key.core/../key.ui/examples/standard_key/strings/implicitNullStringConversion2.key 
77482      DEBUG main            d.u.i.k.p.i.AbstractProblemLoader Environment load took 126.2ns 
77484      INFO  main            d.u.i.k.p.i.AbstractProblemLoader Creating init config 
80572      DEBUG main            d.u.i.k.p.i.AbstractProblemLoader Init config took 3.09s 
80593      INFO  main            d.u.i.k.p.i.AbstractProblemLoader Replaying proof implicitNullStringConversion2.key 
80596      DEBUG main            d.u.i.k.p.i.IntermediateProofReplayer Proof replay took 8.1ns 
80799      INFO  main            d.u.i.k.p.r.p.TestFile    ... finished proof: closed. 
81094      INFO  main            d.u.i.k.p.i.AbstractProblemLoader Loading environment from /home/runner/work/key/key/key.core/../key.ui/examples/standard_key/strings/implicitNullStringConversion2.key.proof 
81095      DEBUG main            d.u.i.k.p.i.AbstractProblemLoader Environment load took 923.91ns 
81096      INFO  main            d.u.i.k.p.i.AbstractProblemLoader Creating init config 
84076      DEBUG main            d.u.i.k.p.i.AbstractProblemLoader Init config took 2.98s 
84096      INFO  main            d.u.i.k.p.i.AbstractProblemLoader Replaying proof implicitNullStringConversion2.key.proof 
84122      DEBUG main            d.u.i.k.p.i.IntermediateProofReplayer Proof replay took 21.49ms 
84123      DEBUG main            d.u.i.k.p.r.p.TestFile    ... success: reloaded. 
84124      INFO  main            d.u.i.k.p.r.p.TestFile    Now processing file /home/runner/work/key/key/key.core/../key.ui/examples/standard_key/strings/implicitObjectStringConversion.key 
84125      INFO  main            d.u.i.k.p.i.AbstractProblemLoader Loading environment from /home/runner/work/key/key/key.core/../key.ui/examples/standard_key/strings/implicitObjectStringConversion.key 
84125      DEBUG main            d.u.i.k.p.i.AbstractProblemLoader Environment load took 223.4ns 
84127      INFO  main            d.u.i.k.p.i.AbstractProblemLoader Creating init config 
87274      DEBUG main            d.u.i.k.p.i.AbstractProblemLoader Init config took 3.15s 
87293      INFO  main            d.u.i.k.p.i.AbstractProblemLoader Replaying proof implicitObjectStringConversion.key 
87295      DEBUG main            d.u.i.k.p.i.IntermediateProofReplayer Proof replay took 8.2ns 
88109      INFO  main            d.u.i.k.p.r.p.TestFile    ... finished proof: closed. 
88437      INFO  main            d.u.i.k.p.i.AbstractProblemLoader Loading environment from /home/runner/work/key/key/key.core/../key.ui/examples/standard_key/strings/implicitObjectStringConversion.key.proof 
88438      DEBUG main            d.u.i.k.p.i.AbstractProblemLoader Environment load took 990.41ns 
88440      INFO  main            d.u.i.k.p.i.AbstractProblemLoader Creating init config 
91637      DEBUG main            d.u.i.k.p.i.AbstractProblemLoader Init config took 3.2s 
91662      INFO  main            d.u.i.k.p.i.AbstractProblemLoader Replaying proof implicitObjectStringConversion.key.proof 
91729      DEBUG main            d.u.i.k.p.i.IntermediateProofReplayer Proof replay took 62.08ms 
91731      DEBUG main            d.u.i.k.p.r.p.TestFile    ... success: reloaded. 
91732      INFO  main            d.u.i.k.p.r.p.TestFile    Now processing file /home/runner/work/key/key/key.core/../key.ui/examples/standard_key/strings/literalEquality.key 
91732      INFO  main            d.u.i.k.p.i.AbstractProblemLoader Loading environment from /home/runner/work/key/key/key.core/../key.ui/examples/standard_key/strings/literalEquality.key 
91732      DEBUG main            d.u.i.k.p.i.AbstractProblemLoader Environment load took 246.3ns 
91733      INFO  main            d.u.i.k.p.i.AbstractProblemLoader Creating init config 
94793      DEBUG main            d.u.i.k.p.i.AbstractProblemLoader Init config took 3.06s 
94812      INFO  main            d.u.i.k.p.i.AbstractProblemLoader Replaying proof literalEquality.key 
94814      DEBUG main            d.u.i.k.p.i.IntermediateProofReplayer Proof replay took 25.2ns 
94919      INFO  main            d.u.i.k.p.r.p.TestFile    ... finished proof: closed. 
95180      INFO  main            d.u.i.k.p.i.AbstractProblemLoader Loading environment from /home/runner/work/key/key/key.core/../key.ui/examples/standard_key/strings/literalEquality.key.proof 
95180      DEBUG main            d.u.i.k.p.i.AbstractProblemLoader Environment load took 134.5ns 
95181      INFO  main            d.u.i.k.p.i.AbstractProblemLoader Creating init config 
98240      DEBUG main            d.u.i.k.p.i.AbstractProblemLoader Init config took 3.06s 
98258      INFO  main            d.u.i.k.p.i.AbstractProblemLoader Replaying proof literalEquality.key.proof 
98263      DEBUG main            d.u.i.k.p.i.IntermediateProofReplayer Proof replay took 2.66ms 
98264      DEBUG main            d.u.i.k.p.r.p.TestFile    ... success: reloaded. 
98265      INFO  main            d.u.i.k.p.r.p.TestFile    Now processing file /home/runner/work/key/key/key.core/../key.ui/examples/standard_key/strings/replace0.key 
98265      INFO  main            d.u.i.k.p.i.AbstractProblemLoader Loading environment from /home/runner/work/key/key/key.core/../key.ui/examples/standard_key/strings/replace0.key 
98265      DEBUG main            d.u.i.k.p.i.AbstractProblemLoader Environment load took 117.3ns 
98267      INFO  main            d.u.i.k.p.i.AbstractProblemLoader Creating init config 
101254     DEBUG main            d.u.i.k.p.i.AbstractProblemLoader Init config took 2.99s 
101273     INFO  main            d.u.i.k.p.i.AbstractProblemLoader Replaying proof replace0.key 
101275     DEBUG main            d.u.i.k.p.i.IntermediateProofReplayer Proof replay took 9.1ns 
101377     INFO  main            d.u.i.k.p.r.p.TestFile    ... finished proof: closed. 
101643     INFO  main            d.u.i.k.p.i.AbstractProblemLoader Loading environment from /home/runner/work/key/key/key.core/../key.ui/examples/standard_key/strings/replace0.key.proof 
101644     DEBUG main            d.u.i.k.p.i.AbstractProblemLoader Environment load took 135.8ns 
101645     INFO  main            d.u.i.k.p.i.AbstractProblemLoader Creating init config 
104620     DEBUG main            d.u.i.k.p.i.AbstractProblemLoader Init config took 2.98s 
104639     INFO  main            d.u.i.k.p.i.AbstractProblemLoader Replaying proof replace0.key.proof 
104647     DEBUG main            d.u.i.k.p.i.IntermediateProofReplayer Proof replay took 4.37ms 
104649     DEBUG main            d.u.i.k.p.r.p.TestFile    ... success: reloaded. 
104650     INFO  main            d.u.i.k.p.r.p.TestFile    Now processing file /home/runner/work/key/key/key.core/../key.ui/examples/standard_key/strings/replace1.key 
104650     INFO  main            d.u.i.k.p.i.AbstractProblemLoader Loading environment from /home/runner/work/key/key/key.core/../key.ui/examples/standard_key/strings/replace1.key 
104650     DEBUG main            d.u.i.k.p.i.AbstractProblemLoader Environment load took 237.1ns 
104652     INFO  main            d.u.i.k.p.i.AbstractProblemLoader Creating init config 
107688     DEBUG main            d.u.i.k.p.i.AbstractProblemLoader Init config took 3.04s 
107707     INFO  main            d.u.i.k.p.i.AbstractProblemLoader Replaying proof replace1.key 
107708     DEBUG main            d.u.i.k.p.i.IntermediateProofReplayer Proof replay took 9.4ns 
107813     INFO  main            d.u.i.k.p.r.p.TestFile    ... finished proof: closed. 
108122     INFO  main            d.u.i.k.p.i.AbstractProblemLoader Loading environment from /home/runner/work/key/key/key.core/../key.ui/examples/standard_key/strings/replace1.key.proof 
108123     DEBUG main            d.u.i.k.p.i.AbstractProblemLoader Environment load took 227.4ns 
108124     INFO  main            d.u.i.k.p.i.AbstractProblemLoader Creating init config 
111171     DEBUG main            d.u.i.k.p.i.AbstractProblemLoader Init config took 3.05s 
111189     INFO  main            d.u.i.k.p.i.AbstractProblemLoader Replaying proof replace1.key.proof 
111196     DEBUG main            d.u.i.k.p.i.IntermediateProofReplayer Proof replay took 5.17ms 
111198     DEBUG main            d.u.i.k.p.r.p.TestFile    ... success: reloaded. 
111198     INFO  main            d.u.i.k.p.r.p.TestFile    Now processing file /home/runner/work/key/key/key.core/../key.ui/examples/standard_key/strings/simpleAssignment.key 
111199     INFO  main            d.u.i.k.p.i.AbstractProblemLoader Loading environment from /home/runner/work/key/key/key.core/../key.ui/examples/standard_key/strings/simpleAssignment.key 
111199     DEBUG main            d.u.i.k.p.i.AbstractProblemLoader Environment load took 216.7ns 
111200     INFO  main            d.u.i.k.p.i.AbstractProblemLoader Creating init config 
114193     DEBUG main            d.u.i.k.p.i.AbstractProblemLoader Init config took 2.99s 
114210     INFO  main            d.u.i.k.p.i.AbstractProblemLoader Replaying proof simpleAssignment.key 
114212     DEBUG main            d.u.i.k.p.i.IntermediateProofReplayer Proof replay took 8.4ns 
114316     INFO  main            d.u.i.k.p.r.p.TestFile    ... finished proof: closed. 
114597     INFO  main            d.u.i.k.p.i.AbstractProblemLoader Loading environment from /home/runner/work/key/key/key.core/../key.ui/examples/standard_key/strings/simpleAssignment.key.proof 
114598     DEBUG main            d.u.i.k.p.i.AbstractProblemLoader Environment load took 133.4ns 
114599     INFO  main            d.u.i.k.p.i.AbstractProblemLoader Creating init config 
117613     DEBUG main            d.u.i.k.p.i.AbstractProblemLoader Init config took 3.01s 
117631     INFO  main            d.u.i.k.p.i.AbstractProblemLoader Replaying proof simpleAssignment.key.proof 
117635     DEBUG main            d.u.i.k.p.i.IntermediateProofReplayer Proof replay took 1.83ms 
117636     DEBUG main            d.u.i.k.p.r.p.TestFile    ... success: reloaded. 
117637     INFO  main            d.u.i.k.p.r.p.TestFile    Now processing file /home/runner/work/key/key/key.core/../key.ui/examples/standard_key/strings/simpleLengthComp.key 
117638     INFO  main            d.u.i.k.p.i.AbstractProblemLoader Loading environment from /home/runner/work/key/key/key.core/../key.ui/examples/standard_key/strings/simpleLengthComp.key 
117638     DEBUG main            d.u.i.k.p.i.AbstractProblemLoader Environment load took 289.3ns 
117639     INFO  main            d.u.i.k.p.i.AbstractProblemLoader Creating init config 
120776     DEBUG main            d.u.i.k.p.i.AbstractProblemLoader Init config took 3.14s 
120793     INFO  main            d.u.i.k.p.i.AbstractProblemLoader Replaying proof simpleLengthComp.key 
120797     DEBUG main            d.u.i.k.p.i.IntermediateProofReplayer Proof replay took 8.5ns 
121104     INFO  main            d.u.i.k.p.r.p.TestFile    ... finished proof: closed. 
121384     INFO  main            d.u.i.k.p.i.AbstractProblemLoader Loading environment from /home/runner/work/key/key/key.core/../key.ui/examples/standard_key/strings/simpleLengthComp.key.proof 
121385     DEBUG main            d.u.i.k.p.i.AbstractProblemLoader Environment load took 175.5ns 
121386     INFO  main            d.u.i.k.p.i.AbstractProblemLoader Creating init config 
124428     DEBUG main            d.u.i.k.p.i.AbstractProblemLoader Init config took 3.04s 
124446     INFO  main            d.u.i.k.p.i.AbstractProblemLoader Replaying proof simpleLengthComp.key.proof 
124487     DEBUG main            d.u.i.k.p.i.IntermediateProofReplayer Proof replay took 29.83ms 
124488     DEBUG main            d.u.i.k.p.r.p.TestFile    ... success: reloaded. 
124489     INFO  main            d.u.i.k.p.r.p.TestFile    Now processing file /home/runner/work/key/key/key.core/../key.ui/examples/standard_key/strings/stringCompileTimeConstant1.key 
124490     INFO  main            d.u.i.k.p.i.AbstractProblemLoader Loading environment from /home/runner/work/key/key/key.core/../key.ui/examples/standard_key/strings/stringCompileTimeConstant1.key 
124490     DEBUG main            d.u.i.k.p.i.AbstractProblemLoader Environment load took 248.3ns 
124491     INFO  main            d.u.i.k.p.i.AbstractProblemLoader Creating init config 
127580     DEBUG main            d.u.i.k.p.i.AbstractProblemLoader Init config took 3.09s 
127597     INFO  main            d.u.i.k.p.i.AbstractProblemLoader Replaying proof stringCompileTimeConstant1.key 
127599     DEBUG main            d.u.i.k.p.i.IntermediateProofReplayer Proof replay took 9.7ns 
127702     INFO  main            d.u.i.k.p.r.p.TestFile    ... finished proof: closed. 
128039     INFO  main            d.u.i.k.p.i.AbstractProblemLoader Loading environment from /home/runner/work/key/key/key.core/../key.ui/examples/standard_key/strings/stringCompileTimeConstant1.key.proof 
128039     DEBUG main            d.u.i.k.p.i.AbstractProblemLoader Environment load took 126.7ns 
128041     INFO  main            d.u.i.k.p.i.AbstractProblemLoader Creating init config 
131062     DEBUG main            d.u.i.k.p.i.AbstractProblemLoader Init config took 3.02s 
131079     INFO  main            d.u.i.k.p.i.AbstractProblemLoader Replaying proof stringCompileTimeConstant1.key.proof 
131086     DEBUG main            d.u.i.k.p.i.IntermediateProofReplayer Proof replay took 3.85ms 
131087     DEBUG main            d.u.i.k.p.r.p.TestFile    ... success: reloaded. 
131088     INFO  main            d.u.i.k.p.r.p.TestFile    Now processing file /home/runner/work/key/key/key.core/../key.ui/examples/standard_key/strings/stringCompileTimeConstant2.key 
131088     INFO  main            d.u.i.k.p.i.AbstractProblemLoader Loading environment from /home/runner/work/key/key/key.core/../key.ui/examples/standard_key/strings/stringCompileTimeConstant2.key 
131088     DEBUG main            d.u.i.k.p.i.AbstractProblemLoader Environment load took 160.7ns 
131089     INFO  main            d.u.i.k.p.i.AbstractProblemLoader Creating init config 
134384     DEBUG main            d.u.i.k.p.i.AbstractProblemLoader Init config took 3.29s 
134403     INFO  main            d.u.i.k.p.i.AbstractProblemLoader Replaying proof stringCompileTimeConstant2.key 
134405     DEBUG main            d.u.i.k.p.i.IntermediateProofReplayer Proof replay took 9.6ns 
138129     INFO  main            d.u.i.k.p.r.p.TestFile    ... finished proof: closed. 
138474     INFO  main            d.u.i.k.p.i.AbstractProblemLoader Loading environment from /home/runner/work/key/key/key.core/../key.ui/examples/standard_key/strings/stringCompileTimeConstant2.key.proof 
138474     DEBUG main            d.u.i.k.p.i.AbstractProblemLoader Environment load took 156.2ns 
138480     INFO  main            d.u.i.k.p.i.AbstractProblemLoader Creating init config 
141675     DEBUG main            d.u.i.k.p.i.AbstractProblemLoader Init config took 3.19s 
141692     INFO  main            d.u.i.k.p.i.AbstractProblemLoader Replaying proof stringCompileTimeConstant2.key.proof 
142046     DEBUG main            d.u.i.k.p.i.IntermediateProofReplayer Proof replay took 340.17ms 
142048     DEBUG main            d.u.i.k.p.r.p.TestFile    ... success: reloaded. 
142050     INFO  main            d.u.i.k.p.r.p.TestFile    Now processing file /home/runner/work/key/key/key.core/../key.ui/examples/standard_key/strings/stringEquality1.key 
142050     INFO  main            d.u.i.k.p.i.AbstractProblemLoader Loading environment from /home/runner/work/key/key/key.core/../key.ui/examples/standard_key/strings/stringEquality1.key 
142050     DEBUG main            d.u.i.k.p.i.AbstractProblemLoader Environment load took 281.9ns 
142052     INFO  main            d.u.i.k.p.i.AbstractProblemLoader Creating init config 
145217     DEBUG main            d.u.i.k.p.i.AbstractProblemLoader Init config took 3.16s 
145234     INFO  main            d.u.i.k.p.i.AbstractProblemLoader Replaying proof stringEquality1.key 
145236     DEBUG main            d.u.i.k.p.i.IntermediateProofReplayer Proof replay took 10ns 
145339     INFO  main            d.u.i.k.p.r.p.TestFile    ... finished proof: closed. 
145711     INFO  main            d.u.i.k.p.i.AbstractProblemLoader Loading environment from /home/runner/work/key/key/key.core/../key.ui/examples/standard_key/strings/stringEquality1.key.proof 
145712     DEBUG main            d.u.i.k.p.i.AbstractProblemLoader Environment load took 131.2ns 
145713     INFO  main            d.u.i.k.p.i.AbstractProblemLoader Creating init config 
148634     DEBUG main            d.u.i.k.p.i.AbstractProblemLoader Init config took 2.92s 
148651     INFO  main            d.u.i.k.p.i.AbstractProblemLoader Replaying proof stringEquality1.key.proof 
148661     DEBUG main            d.u.i.k.p.i.IntermediateProofReplayer Proof replay took 7.12ms 
148662     DEBUG main            d.u.i.k.p.r.p.TestFile    ... success: reloaded. 
148663     INFO  main            d.u.i.k.p.r.p.TestFile    Now processing file /home/runner/work/key/key/key.core/../key.ui/examples/standard_key/strings/stringEquality2.key 
148663     INFO  main            d.u.i.k.p.i.AbstractProblemLoader Loading environment from /home/runner/work/key/key/key.core/../key.ui/examples/standard_key/strings/stringEquality2.key 
148664     DEBUG main            d.u.i.k.p.i.AbstractProblemLoader Environment load took 223.4ns 
148665     INFO  main            d.u.i.k.p.i.AbstractProblemLoader Creating init config 
151697     DEBUG main            d.u.i.k.p.i.AbstractProblemLoader Init config took 3.03s 
151714     INFO  main            d.u.i.k.p.i.AbstractProblemLoader Replaying proof stringEquality2.key 
151715     DEBUG main            d.u.i.k.p.i.IntermediateProofReplayer Proof replay took 9.4ns 
152221     INFO  main            d.u.i.k.p.r.p.TestFile    ... finished proof: closed. 
152577     INFO  main            d.u.i.k.p.i.AbstractProblemLoader Loading environment from /home/runner/work/key/key/key.core/../key.ui/examples/standard_key/strings/stringEquality2.key.proof 
152578     DEBUG main            d.u.i.k.p.i.AbstractProblemLoader Environment load took 445.5ns 
152580     INFO  main            d.u.i.k.p.i.AbstractProblemLoader Creating init config 
155561     DEBUG main            d.u.i.k.p.i.AbstractProblemLoader Init config took 2.98s 
155579     INFO  main            d.u.i.k.p.i.AbstractProblemLoader Replaying proof stringEquality2.key.proof 
155622     DEBUG main            d.u.i.k.p.i.IntermediateProofReplayer Proof replay took 36.31ms 
155623     DEBUG main            d.u.i.k.p.r.p.TestFile    ... success: reloaded. 
155626     INFO  main            d.u.i.k.p.r.p.TestFile    Now processing file /home/runner/work/key/key/key.core/../key.ui/examples/standard_key/strings/substring0.key 
155627     INFO  main            d.u.i.k.p.i.AbstractProblemLoader Loading environment from /home/runner/work/key/key/key.core/../key.ui/examples/standard_key/strings/substring0.key 
155627     DEBUG main            d.u.i.k.p.i.AbstractProblemLoader Environment load took 209.1ns 
155628     INFO  main            d.u.i.k.p.i.AbstractProblemLoader Creating init config 
158637     DEBUG main            d.u.i.k.p.i.AbstractProblemLoader Init config took 3.01s 
158654     INFO  main            d.u.i.k.p.i.AbstractProblemLoader Replaying proof substring0.key 
158655     DEBUG main            d.u.i.k.p.i.IntermediateProofReplayer Proof replay took 9.2ns 
158761     INFO  main            d.u.i.k.p.r.p.TestFile    ... finished proof: closed. 
159094     INFO  main            d.u.i.k.p.i.AbstractProblemLoader Loading environment from /home/runner/work/key/key/key.core/../key.ui/examples/standard_key/strings/substring0.key.proof 
159094     DEBUG main            d.u.i.k.p.i.AbstractProblemLoader Environment load took 140ns 
159096     INFO  main            d.u.i.k.p.i.AbstractProblemLoader Creating init config 
162016     DEBUG main            d.u.i.k.p.i.AbstractProblemLoader Init config took 2.92s 
162032     INFO  main            d.u.i.k.p.i.AbstractProblemLoader Replaying proof substring0.key.proof 
162034     DEBUG main            d.u.i.k.p.i.IntermediateProofReplayer Proof replay took 574.8ns 
162035     DEBUG main            d.u.i.k.p.r.p.TestFile    ... success: reloaded. 
162036     INFO  main            d.u.i.k.p.r.p.TestFile    Now processing file /home/runner/work/key/key/key.core/../key.ui/examples/standard_key/strings/substring1.key 
162036     INFO  main            d.u.i.k.p.i.AbstractProblemLoader Loading environment from /home/runner/work/key/key/key.core/../key.ui/examples/standard_key/strings/substring1.key 
162037     DEBUG main            d.u.i.k.p.i.AbstractProblemLoader Environment load took 234.5ns 
162038     INFO  main            d.u.i.k.p.i.AbstractProblemLoader Creating init config 
164935     DEBUG main            d.u.i.k.p.i.AbstractProblemLoader Init config took 2.9s 
164951     INFO  main            d.u.i.k.p.i.AbstractProblemLoader Replaying proof substring1.key 
164952     DEBUG main            d.u.i.k.p.i.IntermediateProofReplayer Proof replay took 8.7ns 
165055     INFO  main            d.u.i.k.p.r.p.TestFile    ... finished proof: closed. 
165387     INFO  main            d.u.i.k.p.i.AbstractProblemLoader Loading environment from /home/runner/work/key/key/key.core/../key.ui/examples/standard_key/strings/substring1.key.proof 
165387     DEBUG main            d.u.i.k.p.i.AbstractProblemLoader Environment load took 117.2ns 
165388     INFO  main            d.u.i.k.p.i.AbstractProblemLoader Creating init config 
168392     DEBUG main            d.u.i.k.p.i.AbstractProblemLoader Init config took 3s 
168409     INFO  main            d.u.i.k.p.i.AbstractProblemLoader Replaying proof substring1.key.proof 
168411     DEBUG main            d.u.i.k.p.i.IntermediateProofReplayer Proof replay took 567.9ns 
168412     DEBUG main            d.u.i.k.p.r.p.TestFile    ... success: reloaded. 
168413     INFO  main            d.u.i.k.p.r.p.TestFile    Now processing file /home/runner/work/key/key/key.core/../key.ui/examples/standard_key/strings/substring2.key 
168413     INFO  main            d.u.i.k.p.i.AbstractProblemLoader Loading environment from /home/runner/work/key/key/key.core/../key.ui/examples/standard_key/strings/substring2.key 
168413     DEBUG main            d.u.i.k.p.i.AbstractProblemLoader Environment load took 116ns 
168415     INFO  main            d.u.i.k.p.i.AbstractProblemLoader Creating init config 
171404     DEBUG main            d.u.i.k.p.i.AbstractProblemLoader Init config took 2.99s 
171421     INFO  main            d.u.i.k.p.i.AbstractProblemLoader Replaying proof substring2.key 
171423     DEBUG main            d.u.i.k.p.i.IntermediateProofReplayer Proof replay took 9.4ns 
171529     INFO  main            d.u.i.k.p.r.p.TestFile    ... finished proof: closed. 
171846     INFO  main            d.u.i.k.p.i.AbstractProblemLoader Loading environment from /home/runner/work/key/key/key.core/../key.ui/examples/standard_key/strings/substring2.key.proof 
171846     DEBUG main            d.u.i.k.p.i.AbstractProblemLoader Environment load took 130.3ns 
171848     INFO  main            d.u.i.k.p.i.AbstractProblemLoader Creating init config 
174676     DEBUG main            d.u.i.k.p.i.AbstractProblemLoader Init config took 2.83s 
174691     INFO  main            d.u.i.k.p.i.AbstractProblemLoader Replaying proof substring2.key.proof 
174696     DEBUG main            d.u.i.k.p.i.IntermediateProofReplayer Proof replay took 1.42ms 
174697     DEBUG main            d.u.i.k.p.r.p.TestFile    ... success: reloaded. 
174698     INFO  main            d.u.i.k.p.r.p.TestFile    Now processing file /home/runner/work/key/key/key.core/../key.ui/examples/standard_key/strings/substring3.key 
174698     INFO  main            d.u.i.k.p.i.AbstractProblemLoader Loading environment from /home/runner/work/key/key/key.core/../key.ui/examples/standard_key/strings/substring3.key 
174699     DEBUG main            d.u.i.k.p.i.AbstractProblemLoader Environment load took 117.2ns 
174700     INFO  main            d.u.i.k.p.i.AbstractProblemLoader Creating init config 
177714     DEBUG main            d.u.i.k.p.i.AbstractProblemLoader Init config took 3.01s 
177731     INFO  main            d.u.i.k.p.i.AbstractProblemLoader Replaying proof substring3.key 
177733     DEBUG main            d.u.i.k.p.i.IntermediateProofReplayer Proof replay took 43.5ns 
177836     INFO  main            d.u.i.k.p.r.p.TestFile    ... finished proof: closed. 
178169     INFO  main            d.u.i.k.p.i.AbstractProblemLoader Loading environment from /home/runner/work/key/key/key.core/../key.ui/examples/standard_key/strings/substring3.key.proof 
178169     DEBUG main            d.u.i.k.p.i.AbstractProblemLoader Environment load took 157.9ns 
178171     INFO  main            d.u.i.k.p.i.AbstractProblemLoader Creating init config 
181006     DEBUG main            d.u.i.k.p.i.AbstractProblemLoader Init config took 2.84s 
181022     INFO  main            d.u.i.k.p.i.AbstractProblemLoader Replaying proof substring3.key.proof 
181026     DEBUG main            d.u.i.k.p.i.IntermediateProofReplayer Proof replay took 2.5ms 
181027     DEBUG main            d.u.i.k.p.r.p.TestFile    ... success: reloaded. 
181028     INFO  main            d.u.i.k.p.r.p.TestFile    Now processing file /home/runner/work/key/key/key.core/../key.ui/examples/standard_key/strings/substring4.key 
181029     INFO  main            d.u.i.k.p.i.AbstractProblemLoader Loading environment from /home/runner/work/key/key/key.core/../key.ui/examples/standard_key/strings/substring4.key 
181029     DEBUG main            d.u.i.k.p.i.AbstractProblemLoader Environment load took 290.7ns 
181030     INFO  main            d.u.i.k.p.i.AbstractProblemLoader Creating init config 
183967     DEBUG main            d.u.i.k.p.i.AbstractProblemLoader Init config took 2.94s 
184004     INFO  main            d.u.i.k.p.i.AbstractProblemLoader Replaying proof substring4.key 
184005     DEBUG main            d.u.i.k.p.i.IntermediateProofReplayer Proof replay took 9.5ns 
184107     INFO  main            d.u.i.k.p.r.p.TestFile    ... finished proof: closed. 
184455     INFO  main            d.u.i.k.p.i.AbstractProblemLoader Loading environment from /home/runner/work/key/key/key.core/../key.ui/examples/standard_key/strings/substring4.key.proof 
184455     DEBUG main            d.u.i.k.p.i.AbstractProblemLoader Environment load took 173.6ns 
184457     INFO  main            d.u.i.k.p.i.AbstractProblemLoader Creating init config 
187337     DEBUG main            d.u.i.k.p.i.AbstractProblemLoader Init config took 2.88s 
187354     INFO  main            d.u.i.k.p.i.AbstractProblemLoader Replaying proof substring4.key.proof 
187361     DEBUG main            d.u.i.k.p.i.IntermediateProofReplayer Proof replay took 3.73ms 
187361     DEBUG main            d.u.i.k.p.r.p.TestFile    ... success: reloaded. 
187362     INFO  main            d.u.i.k.p.r.p.TestFile    Now processing file /home/runner/work/key/key/key.core/../key.ui/examples/standard_key/strings/substring5.key 
187362     INFO  main            d.u.i.k.p.i.AbstractProblemLoader Loading environment from /home/runner/work/key/key/key.core/../key.ui/examples/standard_key/strings/substring5.key 
187363     DEBUG main            d.u.i.k.p.i.AbstractProblemLoader Environment load took 98.9ns 
187364     INFO  main            d.u.i.k.p.i.AbstractProblemLoader Creating init config 
190420     DEBUG main            d.u.i.k.p.i.AbstractProblemLoader Init config took 3.06s 
190436     INFO  main            d.u.i.k.p.i.AbstractProblemLoader Replaying proof substring5.key 
190438     DEBUG main            d.u.i.k.p.i.IntermediateProofReplayer Proof replay took 8.6ns 
190744     INFO  main            d.u.i.k.p.r.p.TestFile    ... finished proof: closed. 
191131     INFO  main            d.u.i.k.p.i.AbstractProblemLoader Loading environment from /home/runner/work/key/key/key.core/../key.ui/examples/standard_key/strings/substring5.key.proof 
191132     DEBUG main            d.u.i.k.p.i.AbstractProblemLoader Environment load took 381.8ns 
191133     INFO  main            d.u.i.k.p.i.AbstractProblemLoader Creating init config 
193965     DEBUG main            d.u.i.k.p.i.AbstractProblemLoader Init config took 2.83s 
193981     INFO  main            d.u.i.k.p.i.AbstractProblemLoader Replaying proof substring5.key.proof 
194025     DEBUG main            d.u.i.k.p.i.IntermediateProofReplayer Proof replay took 38.78ms 
194027     DEBUG main            d.u.i.k.p.r.p.TestFile    ... success: reloaded. 
5155964    INFO  Test worker     d.u.i.k.p.r.RunAllProofsTestUnit Returning from test strings 
5155965    INFO  Test worker     d.u.i.k.p.r.RunAllProofsTestUnit Running test simple_info_flow 
472        INFO  Timeout watchdog d.u.i.k.p.r.p.ForkedTestFileRunner Timeout watcher launched (2000 secs.) 
496        WARN  main            d.u.i.k.s.ProofSettings   The settings in /home/runner/.key/proof-settings.props are *not* read. 
557        INFO  main            d.u.i.k.p.r.p.TestFile    Now processing file /home/runner/work/key/key/key.core/../key.ui/examples/heap/information_flow/UpdateAbstraction_ex7_1_insecure.key 
714        INFO  main            d.u.i.k.p.i.AbstractProblemLoader Loading environment from /home/runner/work/key/key/key.core/../key.ui/examples/heap/information_flow/UpdateAbstraction_ex7_1_insecure.key 
742        DEBUG main            d.u.i.k.p.i.AbstractProblemLoader Environment load took 2.79ms 
1063       INFO  main            d.u.i.k.p.i.AbstractProblemLoader Creating init config 
2341       DEBUG main            d.u.i.k.j.TypeConverter   No LDT found for Meta 
2342       DEBUG main            d.u.i.k.j.TypeConverter   No LDT found for Meta 
2348       DEBUG main            d.u.i.k.j.TypeConverter   No LDT found for Meta 
2348       DEBUG main            d.u.i.k.j.TypeConverter   No LDT found for Meta 
4089       DEBUG main            d.u.i.k.j.TypeConverter   No LDT found for JavaBigintExpression 
10962      DEBUG main            d.u.i.k.p.i.AbstractProblemLoader Init config took 9.9s 
11131      INFO  main            d.u.i.k.p.i.AbstractProblemLoader Replaying proof UpdateAbstraction[UpdateAbstraction::ex7_1_insecure()].JML operation contract.0 
11177      DEBUG main            d.u.i.k.p.i.IntermediateProofReplayer Proof replay took 51.3ns 
12069      INFO  main            d.u.i.k.p.r.p.TestFile    ... finished proof: open goal(s) 
12228      INFO  main            d.u.i.k.p.r.p.TestFile    Now processing file /home/runner/work/key/key/key.core/../key.ui/examples/heap/information_flow/UpdateAbstraction_ex7_2_insecure.key 
12229      INFO  main            d.u.i.k.p.i.AbstractProblemLoader Loading environment from /home/runner/work/key/key/key.core/../key.ui/examples/heap/information_flow/UpdateAbstraction_ex7_2_insecure.key 
12229      DEBUG main            d.u.i.k.p.i.AbstractProblemLoader Environment load took 157.7ns 
12231      INFO  main            d.u.i.k.p.i.AbstractProblemLoader Creating init config 
16352      DEBUG main            d.u.i.k.p.i.AbstractProblemLoader Init config took 4.12s 
16439      INFO  main            d.u.i.k.p.i.AbstractProblemLoader Replaying proof UpdateAbstraction[UpdateAbstraction::ex7_2_insecure()].JML operation contract.0 
16442      DEBUG main            d.u.i.k.p.i.IntermediateProofReplayer Proof replay took 9.4ns 
16851      INFO  main            d.u.i.k.p.r.p.TestFile    ... finished proof: open goal(s) 
5173197    INFO  Test worker     d.u.i.k.p.r.RunAllProofsTestUnit Returning from test simple_info_flow 
5173199    INFO  Test worker     d.u.i.k.p.r.RunAllProofsTestUnit Running test modelMethods 
430        INFO  Timeout watchdog d.u.i.k.p.r.p.ForkedTestFileRunner Timeout watcher launched (2000 secs.) 
475        WARN  main            d.u.i.k.s.ProofSettings   The settings in /home/runner/.key/proof-settings.props are *not* read. 
530        INFO  main            d.u.i.k.p.r.p.TestFile    Now processing file /home/runner/work/key/key/key.core/../key.ui/examples/heap/model_methods/Cell_footprint_acc.key 
709        INFO  main            d.u.i.k.p.i.AbstractProblemLoader Loading environment from /home/runner/work/key/key/key.core/../key.ui/examples/heap/model_methods/Cell_footprint_acc.key 
735        DEBUG main            d.u.i.k.p.i.AbstractProblemLoader Environment load took 2.51ms 
1042       INFO  main            d.u.i.k.p.i.AbstractProblemLoader Creating init config 
2432       DEBUG main            d.u.i.k.j.TypeConverter   No LDT found for Meta 
2433       DEBUG main            d.u.i.k.j.TypeConverter   No LDT found for Meta 
2437       DEBUG main            d.u.i.k.j.TypeConverter   No LDT found for Meta 
2437       DEBUG main            d.u.i.k.j.TypeConverter   No LDT found for Meta 
4431       DEBUG main            d.u.i.k.j.TypeConverter   No LDT found for JavaBigintExpression 
11087      DEBUG main            d.u.i.k.p.i.AbstractProblemLoader Init config took 10.04s 
11295      INFO  main            d.u.i.k.p.i.AbstractProblemLoader Replaying proof Cell[Cell::footprint()].JML accessible clause.0 
11347      DEBUG main            d.u.i.k.p.i.IntermediateProofReplayer Proof replay took 37.7ns 
11840      INFO  main            d.u.i.k.p.r.p.TestFile    ... finished proof: closed. 
12011      INFO  main            d.u.i.k.p.i.AbstractProblemLoader Loading environment from /home/runner/work/key/key/key.core/../key.ui/examples/heap/model_methods/Cell_footprint_acc.key.proof 
12013      DEBUG main            d.u.i.k.p.i.AbstractProblemLoader Environment load took 2.45ms 
12016      INFO  main            d.u.i.k.p.i.AbstractProblemLoader Creating init config 
15805      DEBUG main            d.u.i.k.p.i.AbstractProblemLoader Init config took 3.79s 
15907      INFO  main            d.u.i.k.p.i.AbstractProblemLoader Replaying proof Cell[Cell::footprint()].JML accessible clause.0 
15935      DEBUG main            d.u.i.k.p.i.IntermediateProofReplayer Proof replay took 21.51ms 
15946      DEBUG main            d.u.i.k.p.r.p.TestFile    ... success: reloaded. 
15949      INFO  main            d.u.i.k.p.r.p.TestFile    Now processing file /home/runner/work/key/key/key.core/../key.ui/examples/heap/model_methods/Cell_footprint.key 
15949      INFO  main            d.u.i.k.p.i.AbstractProblemLoader Loading environment from /home/runner/work/key/key/key.core/../key.ui/examples/heap/model_methods/Cell_footprint.key 
15949      DEBUG main            d.u.i.k.p.i.AbstractProblemLoader Environment load took 233.6ns 
15952      INFO  main            d.u.i.k.p.i.AbstractProblemLoader Creating init config 
19735      DEBUG main            d.u.i.k.p.i.AbstractProblemLoader Init config took 3.78s 
19849      INFO  main            d.u.i.k.p.i.AbstractProblemLoader Replaying proof Cell[Cell::footprint()].JML model_behavior operation contract.0 
19852      DEBUG main            d.u.i.k.p.i.IntermediateProofReplayer Proof replay took 8.2ns 
19955      INFO  main            d.u.i.k.p.r.p.TestFile    ... finished proof: closed. 
20119      INFO  main            d.u.i.k.p.i.AbstractProblemLoader Loading environment from /home/runner/work/key/key/key.core/../key.ui/examples/heap/model_methods/Cell_footprint.key.proof 
20119      DEBUG main            d.u.i.k.p.i.AbstractProblemLoader Environment load took 162.6ns 
20121      INFO  main            d.u.i.k.p.i.AbstractProblemLoader Creating init config 
23779      DEBUG main            d.u.i.k.p.i.AbstractProblemLoader Init config took 3.66s 
23860      INFO  main            d.u.i.k.p.i.AbstractProblemLoader Replaying proof Cell[Cell::footprint()].JML model_behavior operation contract.0 
23876      DEBUG main            d.u.i.k.p.i.IntermediateProofReplayer Proof replay took 12.64ms 
23877      DEBUG main            d.u.i.k.p.r.p.TestFile    ... success: reloaded. 
23879      INFO  main            d.u.i.k.p.r.p.TestFile    Now processing file /home/runner/work/key/key/key.core/../key.ui/examples/heap/model_methods/Cell_get_acc.key 
23880      INFO  main            d.u.i.k.p.i.AbstractProblemLoader Loading environment from /home/runner/work/key/key/key.core/../key.ui/examples/heap/model_methods/Cell_get_acc.key 
23880      DEBUG main            d.u.i.k.p.i.AbstractProblemLoader Environment load took 224.4ns 
23882      INFO  main            d.u.i.k.p.i.AbstractProblemLoader Creating init config 
27366      DEBUG main            d.u.i.k.p.i.AbstractProblemLoader Init config took 3.48s 
27457      INFO  main            d.u.i.k.p.i.AbstractProblemLoader Replaying proof Cell[Cell::get()].JML accessible clause.0 
27460      DEBUG main            d.u.i.k.p.i.IntermediateProofReplayer Proof replay took 6.6ns 
27673      INFO  main            d.u.i.k.p.r.p.TestFile    ... finished proof: closed. 
27865      INFO  main            d.u.i.k.p.i.AbstractProblemLoader Loading environment from /home/runner/work/key/key/key.core/../key.ui/examples/heap/model_methods/Cell_get_acc.key.proof 
27866      DEBUG main            d.u.i.k.p.i.AbstractProblemLoader Environment load took 1.15ms 
27871      INFO  main            d.u.i.k.p.i.AbstractProblemLoader Creating init config 
31280      DEBUG main            d.u.i.k.p.i.AbstractProblemLoader Init config took 3.41s 
31355      INFO  main            d.u.i.k.p.i.AbstractProblemLoader Replaying proof Cell[Cell::get()].JML accessible clause.0 
31425      DEBUG main            d.u.i.k.p.i.IntermediateProofReplayer Proof replay took 65.32ms 
31427      DEBUG main            d.u.i.k.p.r.p.TestFile    ... success: reloaded. 
31431      INFO  main            d.u.i.k.p.r.p.TestFile    Now processing file /home/runner/work/key/key/key.core/../key.ui/examples/heap/model_methods/Cell_get.key 
31431      INFO  main            d.u.i.k.p.i.AbstractProblemLoader Loading environment from /home/runner/work/key/key/key.core/../key.ui/examples/heap/model_methods/Cell_get.key 
31431      DEBUG main            d.u.i.k.p.i.AbstractProblemLoader Environment load took 197.1ns 
31434      INFO  main            d.u.i.k.p.i.AbstractProblemLoader Creating init config 
34931      DEBUG main            d.u.i.k.p.i.AbstractProblemLoader Init config took 3.5s 
34993      INFO  main            d.u.i.k.p.i.AbstractProblemLoader Replaying proof Cell[Cell::get()].JML operation contract.0 
34996      DEBUG main            d.u.i.k.p.i.IntermediateProofReplayer Proof replay took 6.8ns 
35098      INFO  main            d.u.i.k.p.r.p.TestFile    ... finished proof: closed. 
35282      INFO  main            d.u.i.k.p.i.AbstractProblemLoader Loading environment from /home/runner/work/key/key/key.core/../key.ui/examples/heap/model_methods/Cell_get.key.proof 
35282      DEBUG main            d.u.i.k.p.i.AbstractProblemLoader Environment load took 132.7ns 
35284      INFO  main            d.u.i.k.p.i.AbstractProblemLoader Creating init config 
38648      DEBUG main            d.u.i.k.p.i.AbstractProblemLoader Init config took 3.36s 
38713      INFO  main            d.u.i.k.p.i.AbstractProblemLoader Replaying proof Cell[Cell::get()].JML operation contract.0 
38746      DEBUG main            d.u.i.k.p.i.IntermediateProofReplayer Proof replay took 29.48ms 
38747      DEBUG main            d.u.i.k.p.r.p.TestFile    ... success: reloaded. 
38750      INFO  main            d.u.i.k.p.r.p.TestFile    Now processing file /home/runner/work/key/key/key.core/../key.ui/examples/heap/model_methods/Cell_post_set.key 
38750      INFO  main            d.u.i.k.p.i.AbstractProblemLoader Loading environment from /home/runner/work/key/key/key.core/../key.ui/examples/heap/model_methods/Cell_post_set.key 
38750      DEBUG main            d.u.i.k.p.i.AbstractProblemLoader Environment load took 174.5ns 
38752      INFO  main            d.u.i.k.p.i.AbstractProblemLoader Creating init config 
42025      DEBUG main            d.u.i.k.p.i.AbstractProblemLoader Init config took 3.27s 
42084      INFO  main            d.u.i.k.p.i.AbstractProblemLoader Replaying proof Cell[Cell::post_set(int)].JML model_behavior operation contract.0 
42087      DEBUG main            d.u.i.k.p.i.IntermediateProofReplayer Proof replay took 6.6ns 
42191      INFO  main            d.u.i.k.p.r.p.TestFile    ... finished proof: closed. 
42399      INFO  main            d.u.i.k.p.i.AbstractProblemLoader Loading environment from /home/runner/work/key/key/key.core/../key.ui/examples/heap/model_methods/Cell_post_set.key.proof 
42399      DEBUG main            d.u.i.k.p.i.AbstractProblemLoader Environment load took 185.5ns 
42401      INFO  main            d.u.i.k.p.i.AbstractProblemLoader Creating init config 
45837      DEBUG main            d.u.i.k.p.i.AbstractProblemLoader Init config took 3.44s 
45930      INFO  main            d.u.i.k.p.i.AbstractProblemLoader Replaying proof Cell[Cell::post_set(int)].JML model_behavior operation contract.0 
45940      DEBUG main            d.u.i.k.p.i.IntermediateProofReplayer Proof replay took 7.74ms 
45941      DEBUG main            d.u.i.k.p.r.p.TestFile    ... success: reloaded. 
45943      INFO  main            d.u.i.k.p.r.p.TestFile    Now processing file /home/runner/work/key/key/key.core/../key.ui/examples/heap/model_methods/Cell_set.key 
45943      INFO  main            d.u.i.k.p.i.AbstractProblemLoader Loading environment from /home/runner/work/key/key/key.core/../key.ui/examples/heap/model_methods/Cell_set.key 
45943      DEBUG main            d.u.i.k.p.i.AbstractProblemLoader Environment load took 140.4ns 
45945      INFO  main            d.u.i.k.p.i.AbstractProblemLoader Creating init config 
49455      DEBUG main            d.u.i.k.p.i.AbstractProblemLoader Init config took 3.51s 
49517      INFO  main            d.u.i.k.p.i.AbstractProblemLoader Replaying proof Cell[Cell::set(int)].JML operation contract.0 
49519      DEBUG main            d.u.i.k.p.i.IntermediateProofReplayer Proof replay took 7.6ns 
57996      INFO  main            d.u.i.k.p.r.p.TestFile    ... finished proof: closed. 
58320      INFO  main            d.u.i.k.p.i.AbstractProblemLoader Loading environment from /home/runner/work/key/key/key.core/../key.ui/examples/heap/model_methods/Cell_set.key.proof 
58320      DEBUG main            d.u.i.k.p.i.AbstractProblemLoader Environment load took 444.2ns 
58323      INFO  main            d.u.i.k.p.i.AbstractProblemLoader Creating init config 
61671      DEBUG main            d.u.i.k.p.i.AbstractProblemLoader Init config took 3.35s 
61733      INFO  main            d.u.i.k.p.i.AbstractProblemLoader Replaying proof Cell[Cell::set(int)].JML operation contract.0 
62387      DEBUG main            d.u.i.k.p.i.IntermediateProofReplayer Proof replay took 633.3ms 
62390      DEBUG main            d.u.i.k.p.r.p.TestFile    ... success: reloaded. 
62392      INFO  main            d.u.i.k.p.r.p.TestFile    Now processing file /home/runner/work/key/key/key.core/../key.ui/examples/heap/model_methods/CellTest_callSet.key 
62393      INFO  main            d.u.i.k.p.i.AbstractProblemLoader Loading environment from /home/runner/work/key/key/key.core/../key.ui/examples/heap/model_methods/CellTest_callSet.key 
62393      DEBUG main            d.u.i.k.p.i.AbstractProblemLoader Environment load took 313.7ns 
62394      INFO  main            d.u.i.k.p.i.AbstractProblemLoader Creating init config 
65783      DEBUG main            d.u.i.k.p.i.AbstractProblemLoader Init config took 3.39s 
65849      INFO  main            d.u.i.k.p.i.AbstractProblemLoader Replaying proof CellTest[CellTest::callSet(Cell,int)].JML operation contract.0 
65852      DEBUG main            d.u.i.k.p.i.IntermediateProofReplayer Proof replay took 9.4ns 
66155      INFO  main            d.u.i.k.p.r.p.TestFile    ... finished proof: closed. 
66391      INFO  main            d.u.i.k.p.i.AbstractProblemLoader Loading environment from /home/runner/work/key/key/key.core/../key.ui/examples/heap/model_methods/CellTest_callSet.key.proof 
66392      DEBUG main            d.u.i.k.p.i.AbstractProblemLoader Environment load took 789.41ns 
66394      INFO  main            d.u.i.k.p.i.AbstractProblemLoader Creating init config 
69729      DEBUG main            d.u.i.k.p.i.AbstractProblemLoader Init config took 3.34s 
69809      INFO  main            d.u.i.k.p.i.AbstractProblemLoader Replaying proof CellTest[CellTest::callSet(Cell,int)].JML operation contract.0 
69865      DEBUG main            d.u.i.k.p.i.IntermediateProofReplayer Proof replay took 51.6ms 
69867      DEBUG main            d.u.i.k.p.r.p.TestFile    ... success: reloaded. 
69868      INFO  main            d.u.i.k.p.r.p.TestFile    Now processing file /home/runner/work/key/key/key.core/../key.ui/examples/heap/model_methods/CellTest_test2.key 
69869      INFO  main            d.u.i.k.p.i.AbstractProblemLoader Loading environment from /home/runner/work/key/key/key.core/../key.ui/examples/heap/model_methods/CellTest_test2.key 
69869      DEBUG main            d.u.i.k.p.i.AbstractProblemLoader Environment load took 215.4ns 
69870      INFO  main            d.u.i.k.p.i.AbstractProblemLoader Creating init config 
73303      DEBUG main            d.u.i.k.p.i.AbstractProblemLoader Init config took 3.43s 
73372      INFO  main            d.u.i.k.p.i.AbstractProblemLoader Replaying proof CellTest[CellTest::test2(Cell)].JML operation contract.0 
73374      DEBUG main            d.u.i.k.p.i.IntermediateProofReplayer Proof replay took 8.5ns 
73778      INFO  main            d.u.i.k.p.r.p.TestFile    ... finished proof: closed. 
74029      INFO  main            d.u.i.k.p.i.AbstractProblemLoader Loading environment from /home/runner/work/key/key/key.core/../key.ui/examples/heap/model_methods/CellTest_test2.key.proof 
74033      DEBUG main            d.u.i.k.p.i.AbstractProblemLoader Environment load took 3.56ms 
74034      INFO  main            d.u.i.k.p.i.AbstractProblemLoader Creating init config 
77338      DEBUG main            d.u.i.k.p.i.AbstractProblemLoader Init config took 3.3s 
77393      INFO  main            d.u.i.k.p.i.AbstractProblemLoader Replaying proof CellTest[CellTest::test2(Cell)].JML operation contract.0 
77508      DEBUG main            d.u.i.k.p.i.IntermediateProofReplayer Proof replay took 110.89ms 
77510      DEBUG main            d.u.i.k.p.r.p.TestFile    ... success: reloaded. 
77511      INFO  main            d.u.i.k.p.r.p.TestFile    Now processing file /home/runner/work/key/key/key.core/../key.ui/examples/heap/model_methods/CellTest_test.key 
77512      INFO  main            d.u.i.k.p.i.AbstractProblemLoader Loading environment from /home/runner/work/key/key/key.core/../key.ui/examples/heap/model_methods/CellTest_test.key 
77512      DEBUG main            d.u.i.k.p.i.AbstractProblemLoader Environment load took 250ns 
77513      INFO  main            d.u.i.k.p.i.AbstractProblemLoader Creating init config 
80899      DEBUG main            d.u.i.k.p.i.AbstractProblemLoader Init config took 3.39s 
80955      INFO  main            d.u.i.k.p.i.AbstractProblemLoader Replaying proof CellTest[CellTest::test(Recell)].JML operation contract.0 
80957      DEBUG main            d.u.i.k.p.i.IntermediateProofReplayer Proof replay took 9.6ns 
83469      INFO  main            d.u.i.k.p.r.p.TestFile    ... finished proof: closed. 
83755      INFO  main            d.u.i.k.p.i.AbstractProblemLoader Loading environment from /home/runner/work/key/key/key.core/../key.ui/examples/heap/model_methods/CellTest_test.key.proof 
83758      DEBUG main            d.u.i.k.p.i.AbstractProblemLoader Environment load took 3.2ms 
83760      INFO  main            d.u.i.k.p.i.AbstractProblemLoader Creating init config 
87124      DEBUG main            d.u.i.k.p.i.AbstractProblemLoader Init config took 3.36s 
87178      INFO  main            d.u.i.k.p.i.AbstractProblemLoader Replaying proof CellTest[CellTest::test(Recell)].JML operation contract.0 
87723      DEBUG main            d.u.i.k.p.i.IntermediateProofReplayer Proof replay took 526.29ms 
87725      DEBUG main            d.u.i.k.p.r.p.TestFile    ... success: reloaded. 
87727      INFO  main            d.u.i.k.p.r.p.TestFile    Now processing file /home/runner/work/key/key/key.core/../key.ui/examples/heap/model_methods/Coll1_add.key 
87727      INFO  main            d.u.i.k.p.i.AbstractProblemLoader Loading environment from /home/runner/work/key/key/key.core/../key.ui/examples/heap/model_methods/Coll1_add.key 
87728      DEBUG main            d.u.i.k.p.i.AbstractProblemLoader Environment load took 792.41ns 
87729      INFO  main            d.u.i.k.p.i.AbstractProblemLoader Creating init config 
91104      DEBUG main            d.u.i.k.p.i.AbstractProblemLoader Init config took 3.38s 
91165      INFO  main            d.u.i.k.p.i.AbstractProblemLoader Replaying proof Coll1[Coll::add(int)].JML operation contract.0 
91167      DEBUG main            d.u.i.k.p.i.IntermediateProofReplayer Proof replay took 8.3ns 
91272      INFO  main            d.u.i.k.p.r.p.TestFile    ... finished proof: closed. 
91523      INFO  main            d.u.i.k.p.i.AbstractProblemLoader Loading environment from /home/runner/work/key/key/key.core/../key.ui/examples/heap/model_methods/Coll1_add.key.proof 
91523      DEBUG main            d.u.i.k.p.i.AbstractProblemLoader Environment load took 145.1ns 
91526      INFO  main            d.u.i.k.p.i.AbstractProblemLoader Creating init config 
94868      DEBUG main            d.u.i.k.p.i.AbstractProblemLoader Init config took 3.34s 
94925      INFO  main            d.u.i.k.p.i.AbstractProblemLoader Replaying proof Coll1[Coll::add(int)].JML operation contract.0 
94936      DEBUG main            d.u.i.k.p.i.IntermediateProofReplayer Proof replay took 9.15ms 
94938      DEBUG main            d.u.i.k.p.r.p.TestFile    ... success: reloaded. 
94939      INFO  main            d.u.i.k.p.r.p.TestFile    Now processing file /home/runner/work/key/key/key.core/../key.ui/examples/heap/model_methods/Coll1_Coll1_add_pre.key 
94940      INFO  main            d.u.i.k.p.i.AbstractProblemLoader Loading environment from /home/runner/work/key/key/key.core/../key.ui/examples/heap/model_methods/Coll1_Coll1_add_pre.key 
94940      DEBUG main            d.u.i.k.p.i.AbstractProblemLoader Environment load took 200.7ns 
94941      INFO  main            d.u.i.k.p.i.AbstractProblemLoader Creating init config 
98392      DEBUG main            d.u.i.k.p.i.AbstractProblemLoader Init config took 3.45s 
98447      INFO  main            d.u.i.k.p.i.AbstractProblemLoader Replaying proof Coll1[Coll1::add_pre(int)].JML model_behavior operation contract.0 
98450      DEBUG main            d.u.i.k.p.i.IntermediateProofReplayer Proof replay took 324.1ns 
98552      INFO  main            d.u.i.k.p.r.p.TestFile    ... finished proof: closed. 
98797      INFO  main            d.u.i.k.p.i.AbstractProblemLoader Loading environment from /home/runner/work/key/key/key.core/../key.ui/examples/heap/model_methods/Coll1_Coll1_add_pre.key.proof 
98797      DEBUG main            d.u.i.k.p.i.AbstractProblemLoader Environment load took 159.5ns 
98798      INFO  main            d.u.i.k.p.i.AbstractProblemLoader Creating init config 
102115     DEBUG main            d.u.i.k.p.i.AbstractProblemLoader Init config took 3.32s 
102186     INFO  main            d.u.i.k.p.i.AbstractProblemLoader Replaying proof Coll1[Coll1::add_pre(int)].JML model_behavior operation contract.0 
102192     DEBUG main            d.u.i.k.p.i.IntermediateProofReplayer Proof replay took 1.87ms 
102195     DEBUG main            d.u.i.k.p.r.p.TestFile    ... success: reloaded. 
102199     INFO  main            d.u.i.k.p.r.p.TestFile    Now processing file /home/runner/work/key/key/key.core/../key.ui/examples/heap/model_methods/Coll1_Coll_add_pre.key 
102199     INFO  main            d.u.i.k.p.i.AbstractProblemLoader Loading environment from /home/runner/work/key/key/key.core/../key.ui/examples/heap/model_methods/Coll1_Coll_add_pre.key 
102200     DEBUG main            d.u.i.k.p.i.AbstractProblemLoader Environment load took 123.5ns 
102201     INFO  main            d.u.i.k.p.i.AbstractProblemLoader Creating init config 
105496     DEBUG main            d.u.i.k.p.i.AbstractProblemLoader Init config took 3.3s 
105550     INFO  main            d.u.i.k.p.i.AbstractProblemLoader Replaying proof Coll1[Coll::add_pre(int)].JML model_behavior operation contract.0 
105552     DEBUG main            d.u.i.k.p.i.IntermediateProofReplayer Proof replay took 8.2ns 
105654     INFO  main            d.u.i.k.p.r.p.TestFile    ... finished proof: closed. 
105924     INFO  main            d.u.i.k.p.i.AbstractProblemLoader Loading environment from /home/runner/work/key/key/key.core/../key.ui/examples/heap/model_methods/Coll1_Coll_add_pre.key.proof 
105925     DEBUG main            d.u.i.k.p.i.AbstractProblemLoader Environment load took 130.7ns 
105926     INFO  main            d.u.i.k.p.i.AbstractProblemLoader Creating init config 
109200     DEBUG main            d.u.i.k.p.i.AbstractProblemLoader Init config took 3.27s 
109251     INFO  main            d.u.i.k.p.i.AbstractProblemLoader Replaying proof Coll1[Coll::add_pre(int)].JML model_behavior operation contract.0 
109256     DEBUG main            d.u.i.k.p.i.IntermediateProofReplayer Proof replay took 2.79ms 
109257     DEBUG main            d.u.i.k.p.r.p.TestFile    ... success: reloaded. 
109259     INFO  main            d.u.i.k.p.r.p.TestFile    Now processing file /home/runner/work/key/key/key.core/../key.ui/examples/heap/model_methods/Coll2_add.key 
109259     INFO  main            d.u.i.k.p.i.AbstractProblemLoader Loading environment from /home/runner/work/key/key/key.core/../key.ui/examples/heap/model_methods/Coll2_add.key 
109259     DEBUG main            d.u.i.k.p.i.AbstractProblemLoader Environment load took 216.9ns 
109261     INFO  main            d.u.i.k.p.i.AbstractProblemLoader Creating init config 
112627     DEBUG main            d.u.i.k.p.i.AbstractProblemLoader Init config took 3.37s 
112679     INFO  main            d.u.i.k.p.i.AbstractProblemLoader Replaying proof Coll2[Coll::add(int)].JML operation contract.0 
112681     DEBUG main            d.u.i.k.p.i.IntermediateProofReplayer Proof replay took 8.1ns 
112783     INFO  main            d.u.i.k.p.r.p.TestFile    ... finished proof: closed. 
113056     INFO  main            d.u.i.k.p.i.AbstractProblemLoader Loading environment from /home/runner/work/key/key/key.core/../key.ui/examples/heap/model_methods/Coll2_add.key.proof 
113056     DEBUG main            d.u.i.k.p.i.AbstractProblemLoader Environment load took 154.7ns 
113057     INFO  main            d.u.i.k.p.i.AbstractProblemLoader Creating init config 
116366     DEBUG main            d.u.i.k.p.i.AbstractProblemLoader Init config took 3.31s 
116422     INFO  main            d.u.i.k.p.i.AbstractProblemLoader Replaying proof Coll2[Coll::add(int)].JML operation contract.0 
116438     DEBUG main            d.u.i.k.p.i.IntermediateProofReplayer Proof replay took 9.94ms 
116439     DEBUG main            d.u.i.k.p.r.p.TestFile    ... success: reloaded. 
116441     INFO  main            d.u.i.k.p.r.p.TestFile    Now processing file /home/runner/work/key/key/key.core/../key.ui/examples/heap/model_methods/Coll2_Coll2_add_pre.key 
116441     INFO  main            d.u.i.k.p.i.AbstractProblemLoader Loading environment from /home/runner/work/key/key/key.core/../key.ui/examples/heap/model_methods/Coll2_Coll2_add_pre.key 
116442     DEBUG main            d.u.i.k.p.i.AbstractProblemLoader Environment load took 214.2ns 
116443     INFO  main            d.u.i.k.p.i.AbstractProblemLoader Creating init config 
119721     DEBUG main            d.u.i.k.p.i.AbstractProblemLoader Init config took 3.28s 
119772     INFO  main            d.u.i.k.p.i.AbstractProblemLoader Replaying proof Coll2[Coll2::add_pre(int)].JML model_behavior operation contract.0 
119775     DEBUG main            d.u.i.k.p.i.IntermediateProofReplayer Proof replay took 8.8ns 
119879     INFO  main            d.u.i.k.p.r.p.TestFile    ... finished proof: closed. 
120191     INFO  main            d.u.i.k.p.i.AbstractProblemLoader Loading environment from /home/runner/work/key/key/key.core/../key.ui/examples/heap/model_methods/Coll2_Coll2_add_pre.key.proof 
120191     DEBUG main            d.u.i.k.p.i.AbstractProblemLoader Environment load took 135.5ns 
120192     INFO  main            d.u.i.k.p.i.AbstractProblemLoader Creating init config 
123440     DEBUG main            d.u.i.k.p.i.AbstractProblemLoader Init config took 3.25s 
123490     INFO  main            d.u.i.k.p.i.AbstractProblemLoader Replaying proof Coll2[Coll2::add_pre(int)].JML model_behavior operation contract.0 
123494     DEBUG main            d.u.i.k.p.i.IntermediateProofReplayer Proof replay took 2.3ms 
123495     DEBUG main            d.u.i.k.p.r.p.TestFile    ... success: reloaded. 
123496     INFO  main            d.u.i.k.p.r.p.TestFile    Now processing file /home/runner/work/key/key/key.core/../key.ui/examples/heap/model_methods/Coll2_Coll_add_pre.key 
123497     INFO  main            d.u.i.k.p.i.AbstractProblemLoader Loading environment from /home/runner/work/key/key/key.core/../key.ui/examples/heap/model_methods/Coll2_Coll_add_pre.key 
123497     DEBUG main            d.u.i.k.p.i.AbstractProblemLoader Environment load took 121.2ns 
123498     INFO  main            d.u.i.k.p.i.AbstractProblemLoader Creating init config 
126803     DEBUG main            d.u.i.k.p.i.AbstractProblemLoader Init config took 3.31s 
126849     INFO  main            d.u.i.k.p.i.AbstractProblemLoader Replaying proof Coll2[Coll::add_pre(int)].JML model_behavior operation contract.0 
126854     DEBUG main            d.u.i.k.p.i.IntermediateProofReplayer Proof replay took 7.6ns 
126956     INFO  main            d.u.i.k.p.r.p.TestFile    ... finished proof: closed. 
127237     INFO  main            d.u.i.k.p.i.AbstractProblemLoader Loading environment from /home/runner/work/key/key/key.core/../key.ui/examples/heap/model_methods/Coll2_Coll_add_pre.key.proof 
127237     DEBUG main            d.u.i.k.p.i.AbstractProblemLoader Environment load took 150.2ns 
127238     INFO  main            d.u.i.k.p.i.AbstractProblemLoader Creating init config 
130331     DEBUG main            d.u.i.k.p.i.AbstractProblemLoader Init config took 3.09s 
130382     INFO  main            d.u.i.k.p.i.AbstractProblemLoader Replaying proof Coll2[Coll::add_pre(int)].JML model_behavior operation contract.0 
130387     DEBUG main            d.u.i.k.p.i.IntermediateProofReplayer Proof replay took 3.15ms 
130388     DEBUG main            d.u.i.k.p.r.p.TestFile    ... success: reloaded. 
130390     INFO  main            d.u.i.k.p.r.p.TestFile    Now processing file /home/runner/work/key/key/key.core/../key.ui/examples/heap/model_methods/Coll_add.key 
130391     INFO  main            d.u.i.k.p.i.AbstractProblemLoader Loading environment from /home/runner/work/key/key/key.core/../key.ui/examples/heap/model_methods/Coll_add.key 
130391     DEBUG main            d.u.i.k.p.i.AbstractProblemLoader Environment load took 250.2ns 
130392     INFO  main            d.u.i.k.p.i.AbstractProblemLoader Creating init config 
133524     DEBUG main            d.u.i.k.p.i.AbstractProblemLoader Init config took 3.13s 
133573     INFO  main            d.u.i.k.p.i.AbstractProblemLoader Replaying proof Coll[Coll::add(int)].JML operation contract.0 
133575     DEBUG main            d.u.i.k.p.i.IntermediateProofReplayer Proof replay took 7.7ns 
133677     INFO  main            d.u.i.k.p.r.p.TestFile    ... finished proof: closed. 
133966     INFO  main            d.u.i.k.p.i.AbstractProblemLoader Loading environment from /home/runner/work/key/key/key.core/../key.ui/examples/heap/model_methods/Coll_add.key.proof 
133966     DEBUG main            d.u.i.k.p.i.AbstractProblemLoader Environment load took 226.9ns 
133967     INFO  main            d.u.i.k.p.i.AbstractProblemLoader Creating init config 
137135     DEBUG main            d.u.i.k.p.i.AbstractProblemLoader Init config took 3.17s 
137185     INFO  main            d.u.i.k.p.i.AbstractProblemLoader Replaying proof Coll[Coll::add(int)].JML operation contract.0 
137190     DEBUG main            d.u.i.k.p.i.IntermediateProofReplayer Proof replay took 2.72ms 
137191     DEBUG main            d.u.i.k.p.r.p.TestFile    ... success: reloaded. 
137192     INFO  main            d.u.i.k.p.r.p.TestFile    Now processing file /home/runner/work/key/key/key.core/../key.ui/examples/heap/model_methods/Coll_add_pre.key 
137193     INFO  main            d.u.i.k.p.i.AbstractProblemLoader Loading environment from /home/runner/work/key/key/key.core/../key.ui/examples/heap/model_methods/Coll_add_pre.key 
137193     DEBUG main            d.u.i.k.p.i.AbstractProblemLoader Environment load took 199.7ns 
137194     INFO  main            d.u.i.k.p.i.AbstractProblemLoader Creating init config 
140366     DEBUG main            d.u.i.k.p.i.AbstractProblemLoader Init config took 3.17s 
140419     INFO  main            d.u.i.k.p.i.AbstractProblemLoader Replaying proof Coll[Coll::add_pre(int)].JML model_behavior operation contract.0 
140421     DEBUG main            d.u.i.k.p.i.IntermediateProofReplayer Proof replay took 7.8ns 
140523     INFO  main            d.u.i.k.p.r.p.TestFile    ... finished proof: closed. 
140819     INFO  main            d.u.i.k.p.i.AbstractProblemLoader Loading environment from /home/runner/work/key/key/key.core/../key.ui/examples/heap/model_methods/Coll_add_pre.key.proof 
140820     DEBUG main            d.u.i.k.p.i.AbstractProblemLoader Environment load took 689.41ns 
140821     INFO  main            d.u.i.k.p.i.AbstractProblemLoader Creating init config 
143930     DEBUG main            d.u.i.k.p.i.AbstractProblemLoader Init config took 3.11s 
143998     INFO  main            d.u.i.k.p.i.AbstractProblemLoader Replaying proof Coll[Coll::add_pre(int)].JML model_behavior operation contract.0 
144003     DEBUG main            d.u.i.k.p.i.IntermediateProofReplayer Proof replay took 3.83ms 
144004     DEBUG main            d.u.i.k.p.r.p.TestFile    ... success: reloaded. 
144006     INFO  main            d.u.i.k.p.r.p.TestFile    Now processing file /home/runner/work/key/key/key.core/../key.ui/examples/heap/model_methods/Indirect_callAdd.key 
144006     INFO  main            d.u.i.k.p.i.AbstractProblemLoader Loading environment from /home/runner/work/key/key/key.core/../key.ui/examples/heap/model_methods/Indirect_callAdd.key 
144006     DEBUG main            d.u.i.k.p.i.AbstractProblemLoader Environment load took 228.5ns 
144007     INFO  main            d.u.i.k.p.i.AbstractProblemLoader Creating init config 
147209     DEBUG main            d.u.i.k.p.i.AbstractProblemLoader Init config took 3.2s 
147254     INFO  main            d.u.i.k.p.i.AbstractProblemLoader Replaying proof Indirect[Indirect::callAdd(Coll,int)].JML operation contract.0 
147256     DEBUG main            d.u.i.k.p.i.IntermediateProofReplayer Proof replay took 7.2ns 
147459     INFO  main            d.u.i.k.p.r.p.TestFile    ... finished proof: closed. 
147771     INFO  main            d.u.i.k.p.i.AbstractProblemLoader Loading environment from /home/runner/work/key/key/key.core/../key.ui/examples/heap/model_methods/Indirect_callAdd.key.proof 
147771     DEBUG main            d.u.i.k.p.i.AbstractProblemLoader Environment load took 122.5ns 
147772     INFO  main            d.u.i.k.p.i.AbstractProblemLoader Creating init config 
150912     DEBUG main            d.u.i.k.p.i.AbstractProblemLoader Init config took 3.14s 
150959     INFO  main            d.u.i.k.p.i.AbstractProblemLoader Replaying proof Indirect[Indirect::callAdd(Coll,int)].JML operation contract.0 
150993     DEBUG main            d.u.i.k.p.i.IntermediateProofReplayer Proof replay took 30.2ms 
150994     DEBUG main            d.u.i.k.p.r.p.TestFile    ... success: reloaded. 
150995     INFO  main            d.u.i.k.p.r.p.TestFile    Now processing file /home/runner/work/key/key/key.core/../key.ui/examples/heap/model_methods/Indirect_test.key 
150996     INFO  main            d.u.i.k.p.i.AbstractProblemLoader Loading environment from /home/runner/work/key/key/key.core/../key.ui/examples/heap/model_methods/Indirect_test.key 
150996     DEBUG main            d.u.i.k.p.i.AbstractProblemLoader Environment load took 109.1ns 
150997     INFO  main            d.u.i.k.p.i.AbstractProblemLoader Creating init config 
154202     DEBUG main            d.u.i.k.p.i.AbstractProblemLoader Init config took 3.21s 
154269     INFO  main            d.u.i.k.p.i.AbstractProblemLoader Replaying proof Indirect[Indirect::test(Coll1,Coll2)].JML operation contract.0 
154270     DEBUG main            d.u.i.k.p.i.IntermediateProofReplayer Proof replay took 6.7ns 
154579     INFO  main            d.u.i.k.p.r.p.TestFile    ... finished proof: closed. 
154895     INFO  main            d.u.i.k.p.i.AbstractProblemLoader Loading environment from /home/runner/work/key/key/key.core/../key.ui/examples/heap/model_methods/Indirect_test.key.proof 
154897     DEBUG main            d.u.i.k.p.i.AbstractProblemLoader Environment load took 1.63ms 
154898     INFO  main            d.u.i.k.p.i.AbstractProblemLoader Creating init config 
158063     DEBUG main            d.u.i.k.p.i.AbstractProblemLoader Init config took 3.16s 
158122     INFO  main            d.u.i.k.p.i.AbstractProblemLoader Replaying proof Indirect[Indirect::test(Coll1,Coll2)].JML operation contract.0 
158193     DEBUG main            d.u.i.k.p.i.IntermediateProofReplayer Proof replay took 66.65ms 
158194     DEBUG main            d.u.i.k.p.r.p.TestFile    ... success: reloaded. 
158196     INFO  main            d.u.i.k.p.r.p.TestFile    Now processing file /home/runner/work/key/key/key.core/../key.ui/examples/heap/model_methods/Recell_Cell_footprint.key 
158196     INFO  main            d.u.i.k.p.i.AbstractProblemLoader Loading environment from /home/runner/work/key/key/key.core/../key.ui/examples/heap/model_methods/Recell_Cell_footprint.key 
158196     DEBUG main            d.u.i.k.p.i.AbstractProblemLoader Environment load took 213.1ns 
158197     INFO  main            d.u.i.k.p.i.AbstractProblemLoader Creating init config 
161457     DEBUG main            d.u.i.k.p.i.AbstractProblemLoader Init config took 3.26s 
161504     INFO  main            d.u.i.k.p.i.AbstractProblemLoader Replaying proof Recell[Cell::footprint()].JML model_behavior operation contract.0 
161506     DEBUG main            d.u.i.k.p.i.IntermediateProofReplayer Proof replay took 21.5ns 
161611     INFO  main            d.u.i.k.p.r.p.TestFile    ... finished proof: closed. 
161960     INFO  main            d.u.i.k.p.i.AbstractProblemLoader Loading environment from /home/runner/work/key/key/key.core/../key.ui/examples/heap/model_methods/Recell_Cell_footprint.key.proof 
161961     DEBUG main            d.u.i.k.p.i.AbstractProblemLoader Environment load took 131.1ns 
161962     INFO  main            d.u.i.k.p.i.AbstractProblemLoader Creating init config 
165087     DEBUG main            d.u.i.k.p.i.AbstractProblemLoader Init config took 3.13s 
165131     INFO  main            d.u.i.k.p.i.AbstractProblemLoader Replaying proof Recell[Cell::footprint()].JML model_behavior operation contract.0 
165136     DEBUG main            d.u.i.k.p.i.IntermediateProofReplayer Proof replay took 3.57ms 
165137     DEBUG main            d.u.i.k.p.r.p.TestFile    ... success: reloaded. 
165139     INFO  main            d.u.i.k.p.r.p.TestFile    Now processing file /home/runner/work/key/key/key.core/../key.ui/examples/heap/model_methods/Recell_Cell_post_set.key 
165139     INFO  main            d.u.i.k.p.i.AbstractProblemLoader Loading environment from /home/runner/work/key/key/key.core/../key.ui/examples/heap/model_methods/Recell_Cell_post_set.key 
165139     DEBUG main            d.u.i.k.p.i.AbstractProblemLoader Environment load took 154.3ns 
165140     INFO  main            d.u.i.k.p.i.AbstractProblemLoader Creating init config 
168369     DEBUG main            d.u.i.k.p.i.AbstractProblemLoader Init config took 3.23s 
168418     INFO  main            d.u.i.k.p.i.AbstractProblemLoader Replaying proof Recell[Cell::post_set(int)].JML model_behavior operation contract.0 
168420     DEBUG main            d.u.i.k.p.i.IntermediateProofReplayer Proof replay took 9.4ns 
168522     INFO  main            d.u.i.k.p.r.p.TestFile    ... finished proof: closed. 
168858     INFO  main            d.u.i.k.p.i.AbstractProblemLoader Loading environment from /home/runner/work/key/key/key.core/../key.ui/examples/heap/model_methods/Recell_Cell_post_set.key.proof 
168858     DEBUG main            d.u.i.k.p.i.AbstractProblemLoader Environment load took 138.1ns 
168860     INFO  main            d.u.i.k.p.i.AbstractProblemLoader Creating init config 
172062     DEBUG main            d.u.i.k.p.i.AbstractProblemLoader Init config took 3.2s 
172108     INFO  main            d.u.i.k.p.i.AbstractProblemLoader Replaying proof Recell[Cell::post_set(int)].JML model_behavior operation contract.0 
172116     DEBUG main            d.u.i.k.p.i.IntermediateProofReplayer Proof replay took 5.72ms 
172117     DEBUG main            d.u.i.k.p.r.p.TestFile    ... success: reloaded. 
172118     INFO  main            d.u.i.k.p.r.p.TestFile    Now processing file /home/runner/work/key/key/key.core/../key.ui/examples/heap/model_methods/Recell_footprint_acc.key 
172118     INFO  main            d.u.i.k.p.i.AbstractProblemLoader Loading environment from /home/runner/work/key/key/key.core/../key.ui/examples/heap/model_methods/Recell_footprint_acc.key 
172118     DEBUG main            d.u.i.k.p.i.AbstractProblemLoader Environment load took 74.4ns 
172120     INFO  main            d.u.i.k.p.i.AbstractProblemLoader Creating init config 
175432     DEBUG main            d.u.i.k.p.i.AbstractProblemLoader Init config took 3.31s 
175477     INFO  main            d.u.i.k.p.i.AbstractProblemLoader Replaying proof Recell[Cell::footprint()].JML accessible clause.0 
175479     DEBUG main            d.u.i.k.p.i.IntermediateProofReplayer Proof replay took 7.7ns 
175585     INFO  main            d.u.i.k.p.r.p.TestFile    ... finished proof: closed. 
175948     INFO  main            d.u.i.k.p.i.AbstractProblemLoader Loading environment from /home/runner/work/key/key/key.core/../key.ui/examples/heap/model_methods/Recell_footprint_acc.key.proof 
175948     DEBUG main            d.u.i.k.p.i.AbstractProblemLoader Environment load took 122.5ns 
175949     INFO  main            d.u.i.k.p.i.AbstractProblemLoader Creating init config 
179128     DEBUG main            d.u.i.k.p.i.AbstractProblemLoader Init config took 3.18s 
179183     INFO  main            d.u.i.k.p.i.AbstractProblemLoader Replaying proof Recell[Cell::footprint()].JML accessible clause.0 
179207     DEBUG main            d.u.i.k.p.i.IntermediateProofReplayer Proof replay took 20.82ms 
179208     DEBUG main            d.u.i.k.p.r.p.TestFile    ... success: reloaded. 
179212     INFO  main            d.u.i.k.p.r.p.TestFile    Now processing file /home/runner/work/key/key/key.core/../key.ui/examples/heap/model_methods/Recell_get_acc.key 
179213     INFO  main            d.u.i.k.p.i.AbstractProblemLoader Loading environment from /home/runner/work/key/key/key.core/../key.ui/examples/heap/model_methods/Recell_get_acc.key 
179213     DEBUG main            d.u.i.k.p.i.AbstractProblemLoader Environment load took 161.3ns 
179214     INFO  main            d.u.i.k.p.i.AbstractProblemLoader Creating init config 
182572     DEBUG main            d.u.i.k.p.i.AbstractProblemLoader Init config took 3.36s 
182616     INFO  main            d.u.i.k.p.i.AbstractProblemLoader Replaying proof Recell[Cell::get()].JML accessible clause.0 
182619     DEBUG main            d.u.i.k.p.i.IntermediateProofReplayer Proof replay took 7.7ns 
182721     INFO  main            d.u.i.k.p.r.p.TestFile    ... finished proof: closed. 
183068     INFO  main            d.u.i.k.p.i.AbstractProblemLoader Loading environment from /home/runner/work/key/key/key.core/../key.ui/examples/heap/model_methods/Recell_get_acc.key.proof 
183068     DEBUG main            d.u.i.k.p.i.AbstractProblemLoader Environment load took 129ns 
183070     INFO  main            d.u.i.k.p.i.AbstractProblemLoader Creating init config 
186321     DEBUG main            d.u.i.k.p.i.AbstractProblemLoader Init config took 3.25s 
186368     INFO  main            d.u.i.k.p.i.AbstractProblemLoader Replaying proof Recell[Cell::get()].JML accessible clause.0 
186393     DEBUG main            d.u.i.k.p.i.IntermediateProofReplayer Proof replay took 21.63ms 
186394     DEBUG main            d.u.i.k.p.r.p.TestFile    ... success: reloaded. 
186395     INFO  main            d.u.i.k.p.r.p.TestFile    Now processing file /home/runner/work/key/key/key.core/../key.ui/examples/heap/model_methods/Recell_get.key 
186396     INFO  main            d.u.i.k.p.i.AbstractProblemLoader Loading environment from /home/runner/work/key/key/key.core/../key.ui/examples/heap/model_methods/Recell_get.key 
186396     DEBUG main            d.u.i.k.p.i.AbstractProblemLoader Environment load took 97.8ns 
186397     INFO  main            d.u.i.k.p.i.AbstractProblemLoader Creating init config 
189692     DEBUG main            d.u.i.k.p.i.AbstractProblemLoader Init config took 3.29s 
189739     INFO  main            d.u.i.k.p.i.AbstractProblemLoader Replaying proof Recell[Cell::get()].JML operation contract.0 
189741     DEBUG main            d.u.i.k.p.i.IntermediateProofReplayer Proof replay took 9.2ns 
189847     INFO  main            d.u.i.k.p.r.p.TestFile    ... finished proof: closed. 
190213     INFO  main            d.u.i.k.p.i.AbstractProblemLoader Loading environment from /home/runner/work/key/key/key.core/../key.ui/examples/heap/model_methods/Recell_get.key.proof 
190213     DEBUG main            d.u.i.k.p.i.AbstractProblemLoader Environment load took 485.6ns 
190215     INFO  main            d.u.i.k.p.i.AbstractProblemLoader Creating init config 
193410     DEBUG main            d.u.i.k.p.i.AbstractProblemLoader Init config took 3.2s 
193466     INFO  main            d.u.i.k.p.i.AbstractProblemLoader Replaying proof Recell[Cell::get()].JML operation contract.0 
193483     DEBUG main            d.u.i.k.p.i.IntermediateProofReplayer Proof replay took 13.49ms 
193484     DEBUG main            d.u.i.k.p.r.p.TestFile    ... success: reloaded. 
193485     INFO  main            d.u.i.k.p.r.p.TestFile    Now processing file /home/runner/work/key/key/key.core/../key.ui/examples/heap/model_methods/Recell_Recell_footprint.key 
193486     INFO  main            d.u.i.k.p.i.AbstractProblemLoader Loading environment from /home/runner/work/key/key/key.core/../key.ui/examples/heap/model_methods/Recell_Recell_footprint.key 
193486     DEBUG main            d.u.i.k.p.i.AbstractProblemLoader Environment load took 268.1ns 
193487     INFO  main            d.u.i.k.p.i.AbstractProblemLoader Creating init config 
196906     DEBUG main            d.u.i.k.p.i.AbstractProblemLoader Init config took 3.42s 
196958     INFO  main            d.u.i.k.p.i.AbstractProblemLoader Replaying proof Recell[Recell::footprint()].JML model_behavior operation contract.0 
196960     DEBUG main            d.u.i.k.p.i.IntermediateProofReplayer Proof replay took 8.2ns 
197062     INFO  main            d.u.i.k.p.r.p.TestFile    ... finished proof: closed. 
197473     INFO  main            d.u.i.k.p.i.AbstractProblemLoader Loading environment from /home/runner/work/key/key/key.core/../key.ui/examples/heap/model_methods/Recell_Recell_footprint.key.proof 
197474     DEBUG main            d.u.i.k.p.i.AbstractProblemLoader Environment load took 117.5ns 
197475     INFO  main            d.u.i.k.p.i.AbstractProblemLoader Creating init config 
200670     DEBUG main            d.u.i.k.p.i.AbstractProblemLoader Init config took 3.2s 
200715     INFO  main            d.u.i.k.p.i.AbstractProblemLoader Replaying proof Recell[Recell::footprint()].JML model_behavior operation contract.0 
200719     DEBUG main            d.u.i.k.p.i.IntermediateProofReplayer Proof replay took 1.91ms 
200720     DEBUG main            d.u.i.k.p.r.p.TestFile    ... success: reloaded. 
200721     INFO  main            d.u.i.k.p.r.p.TestFile    Now processing file /home/runner/work/key/key/key.core/../key.ui/examples/heap/model_methods/Recell_Recell_post_set.key 
200722     INFO  main            d.u.i.k.p.i.AbstractProblemLoader Loading environment from /home/runner/work/key/key/key.core/../key.ui/examples/heap/model_methods/Recell_Recell_post_set.key 
200722     DEBUG main            d.u.i.k.p.i.AbstractProblemLoader Environment load took 288.1ns 
200723     INFO  main            d.u.i.k.p.i.AbstractProblemLoader Creating init config 
203846     DEBUG main            d.u.i.k.p.i.AbstractProblemLoader Init config took 3.12s 
203893     INFO  main            d.u.i.k.p.i.AbstractProblemLoader Replaying proof Recell[Recell::post_set(int)].JML model_behavior operation contract.0 
203895     DEBUG main            d.u.i.k.p.i.IntermediateProofReplayer Proof replay took 9.1ns 
203997     INFO  main            d.u.i.k.p.r.p.TestFile    ... finished proof: closed. 
204366     INFO  main            d.u.i.k.p.i.AbstractProblemLoader Loading environment from /home/runner/work/key/key/key.core/../key.ui/examples/heap/model_methods/Recell_Recell_post_set.key.proof 
204366     DEBUG main            d.u.i.k.p.i.AbstractProblemLoader Environment load took 127.8ns 
204367     INFO  main            d.u.i.k.p.i.AbstractProblemLoader Creating init config 
207371     DEBUG main            d.u.i.k.p.i.AbstractProblemLoader Init config took 3s 
207416     INFO  main            d.u.i.k.p.i.AbstractProblemLoader Replaying proof Recell[Recell::post_set(int)].JML model_behavior operation contract.0 
207420     DEBUG main            d.u.i.k.p.i.IntermediateProofReplayer Proof replay took 2.87ms 
207421     DEBUG main            d.u.i.k.p.r.p.TestFile    ... success: reloaded. 
207422     INFO  main            d.u.i.k.p.r.p.TestFile    Now processing file /home/runner/work/key/key/key.core/../key.ui/examples/heap/model_methods/Recell_set.key 
207423     INFO  main            d.u.i.k.p.i.AbstractProblemLoader Loading environment from /home/runner/work/key/key/key.core/../key.ui/examples/heap/model_methods/Recell_set.key 
207423     DEBUG main            d.u.i.k.p.i.AbstractProblemLoader Environment load took 187.6ns 
207424     INFO  main            d.u.i.k.p.i.AbstractProblemLoader Creating init config 
210403     DEBUG main            d.u.i.k.p.i.AbstractProblemLoader Init config took 2.98s 
210449     INFO  main            d.u.i.k.p.i.AbstractProblemLoader Replaying proof Recell[Cell::set(int)].JML operation contract.0 
210452     DEBUG main            d.u.i.k.p.i.IntermediateProofReplayer Proof replay took 8.1ns 
218164     INFO  main            d.u.i.k.p.r.p.TestFile    ... finished proof: closed. 
218598     INFO  main            d.u.i.k.p.i.AbstractProblemLoader Loading environment from /home/runner/work/key/key/key.core/../key.ui/examples/heap/model_methods/Recell_set.key.proof 
218598     DEBUG main            d.u.i.k.p.i.AbstractProblemLoader Environment load took 224.2ns 
218600     INFO  main            d.u.i.k.p.i.AbstractProblemLoader Creating init config 
221677     DEBUG main            d.u.i.k.p.i.AbstractProblemLoader Init config took 3.08s 
221726     INFO  main            d.u.i.k.p.i.AbstractProblemLoader Replaying proof Recell[Cell::set(int)].JML operation contract.0 
222229     DEBUG main            d.u.i.k.p.i.IntermediateProofReplayer Proof replay took 480.16ms 
222230     DEBUG main            d.u.i.k.p.r.p.TestFile    ... success: reloaded. 
222231     INFO  main            d.u.i.k.p.r.p.TestFile    Now processing file /home/runner/work/key/key/key.core/../key.ui/examples/heap/model_methods/Recell_undo.key 
222232     INFO  main            d.u.i.k.p.i.AbstractProblemLoader Loading environment from /home/runner/work/key/key/key.core/../key.ui/examples/heap/model_methods/Recell_undo.key 
222232     DEBUG main            d.u.i.k.p.i.AbstractProblemLoader Environment load took 324.3ns 
222233     INFO  main            d.u.i.k.p.i.AbstractProblemLoader Creating init config 
225298     DEBUG main            d.u.i.k.p.i.AbstractProblemLoader Init config took 3.07s 
225342     INFO  main            d.u.i.k.p.i.AbstractProblemLoader Replaying proof Recell[Recell::undo()].JML operation contract.0 
225343     DEBUG main            d.u.i.k.p.i.IntermediateProofReplayer Proof replay took 7.3ns 
225547     INFO  main            d.u.i.k.p.r.p.TestFile    ... finished proof: closed. 
225938     INFO  main            d.u.i.k.p.i.AbstractProblemLoader Loading environment from /home/runner/work/key/key/key.core/../key.ui/examples/heap/model_methods/Recell_undo.key.proof 
225938     DEBUG main            d.u.i.k.p.i.AbstractProblemLoader Environment load took 164ns 
225939     INFO  main            d.u.i.k.p.i.AbstractProblemLoader Creating init config 
229050     DEBUG main            d.u.i.k.p.i.AbstractProblemLoader Init config took 3.11s 
229107     INFO  main            d.u.i.k.p.i.AbstractProblemLoader Replaying proof Recell[Recell::undo()].JML operation contract.0 
229144     DEBUG main            d.u.i.k.p.i.IntermediateProofReplayer Proof replay took 34.27ms 
229145     DEBUG main            d.u.i.k.p.r.p.TestFile    ... success: reloaded. 
5402599    INFO  Test worker     d.u.i.k.p.r.RunAllProofsTestUnit Returning from test modelMethods 
5402601    INFO  Test worker     d.u.i.k.p.r.RunAllProofsTestUnit Running test permissionHeap 
410        INFO  Timeout watchdog d.u.i.k.p.r.p.ForkedTestFileRunner Timeout watcher launched (2000 secs.) 
446        WARN  main            d.u.i.k.s.ProofSettings   The settings in /home/runner/.key/proof-settings.props are *not* read. 
505        INFO  main            d.u.i.k.p.r.p.TestFile    Now processing file /home/runner/work/key/key/key.core/../key.ui/examples/heap/permissions/permissions_method0.key 
668        INFO  main            d.u.i.k.p.i.AbstractProblemLoader Loading environment from /home/runner/work/key/key/key.core/../key.ui/examples/heap/permissions/permissions_method0.key 
688        DEBUG main            d.u.i.k.p.i.AbstractProblemLoader Environment load took 2.06ms 
999        INFO  main            d.u.i.k.p.i.AbstractProblemLoader Creating init config 
2443       DEBUG main            d.u.i.k.j.TypeConverter   No LDT found for Meta 
2443       DEBUG main            d.u.i.k.j.TypeConverter   No LDT found for Meta 
2447       DEBUG main            d.u.i.k.j.TypeConverter   No LDT found for Meta 
2448       DEBUG main            d.u.i.k.j.TypeConverter   No LDT found for Meta 
4427       DEBUG main            d.u.i.k.j.TypeConverter   No LDT found for JavaBigintExpression 
11041      DEBUG main            d.u.i.k.p.i.AbstractProblemLoader Init config took 10.04s 
11214      INFO  main            d.u.i.k.p.i.AbstractProblemLoader Replaying proof MyClass[MyClass::method0()].JML normal_behavior operation contract.0 
11260      DEBUG main            d.u.i.k.p.i.IntermediateProofReplayer Proof replay took 38ns 
12696      INFO  main            d.u.i.k.p.r.p.TestFile    ... finished proof: closed. 
12886      INFO  main            d.u.i.k.p.i.AbstractProblemLoader Loading environment from /home/runner/work/key/key/key.core/../key.ui/examples/heap/permissions/permissions_method0.key.proof 
12887      DEBUG main            d.u.i.k.p.i.AbstractProblemLoader Environment load took 168.8ns 
12889      INFO  main            d.u.i.k.p.i.AbstractProblemLoader Creating init config 
16787      DEBUG main            d.u.i.k.p.i.AbstractProblemLoader Init config took 3.9s 
16866      INFO  main            d.u.i.k.p.i.AbstractProblemLoader Replaying proof MyClass[MyClass::method0()].JML normal_behavior operation contract.0 
17003      DEBUG main            d.u.i.k.p.i.IntermediateProofReplayer Proof replay took 128.3ms 
17011      DEBUG main            d.u.i.k.p.r.p.TestFile    ... success: reloaded. 
17013      INFO  main            d.u.i.k.p.r.p.TestFile    Now processing file /home/runner/work/key/key/key.core/../key.ui/examples/heap/permissions/permissions_method1.key 
17014      INFO  main            d.u.i.k.p.i.AbstractProblemLoader Loading environment from /home/runner/work/key/key/key.core/../key.ui/examples/heap/permissions/permissions_method1.key 
17014      DEBUG main            d.u.i.k.p.i.AbstractProblemLoader Environment load took 246.6ns 
17016      INFO  main            d.u.i.k.p.i.AbstractProblemLoader Creating init config 
20546      DEBUG main            d.u.i.k.p.i.AbstractProblemLoader Init config took 3.53s 
20639      INFO  main            d.u.i.k.p.i.AbstractProblemLoader Replaying proof MyClass[MyClass::method1()].JML normal_behavior operation contract.0 
20643      DEBUG main            d.u.i.k.p.i.IntermediateProofReplayer Proof replay took 7.3ns 
20947      INFO  main            d.u.i.k.p.r.p.TestFile    ... finished proof: closed. 
21202      INFO  main            d.u.i.k.p.i.AbstractProblemLoader Loading environment from /home/runner/work/key/key/key.core/../key.ui/examples/heap/permissions/permissions_method1.key.proof 
21205      DEBUG main            d.u.i.k.p.i.AbstractProblemLoader Environment load took 2.76ms 
21207      INFO  main            d.u.i.k.p.i.AbstractProblemLoader Creating init config 
24751      DEBUG main            d.u.i.k.p.i.AbstractProblemLoader Init config took 3.54s 
24819      INFO  main            d.u.i.k.p.i.AbstractProblemLoader Replaying proof MyClass[MyClass::method1()].JML normal_behavior operation contract.0 
24899      DEBUG main            d.u.i.k.p.i.IntermediateProofReplayer Proof replay took 75.11ms 
24900      DEBUG main            d.u.i.k.p.r.p.TestFile    ... success: reloaded. 
24902      INFO  main            d.u.i.k.p.r.p.TestFile    Now processing file /home/runner/work/key/key/key.core/../key.ui/examples/heap/permissions/permissions_method3.key 
24903      INFO  main            d.u.i.k.p.i.AbstractProblemLoader Loading environment from /home/runner/work/key/key/key.core/../key.ui/examples/heap/permissions/permissions_method3.key 
24903      DEBUG main            d.u.i.k.p.i.AbstractProblemLoader Environment load took 282.8ns 
24905      INFO  main            d.u.i.k.p.i.AbstractProblemLoader Creating init config 
28334      DEBUG main            d.u.i.k.p.i.AbstractProblemLoader Init config took 3.43s 
28420      INFO  main            d.u.i.k.p.i.AbstractProblemLoader Replaying proof MyClass[MyClass::method3()].JML normal_behavior operation contract.0 
28423      DEBUG main            d.u.i.k.p.i.IntermediateProofReplayer Proof replay took 7.8ns 
30240      INFO  main            d.u.i.k.p.r.p.TestFile    ... finished proof: closed. 
30471      INFO  main            d.u.i.k.p.i.AbstractProblemLoader Loading environment from /home/runner/work/key/key/key.core/../key.ui/examples/heap/permissions/permissions_method3.key.proof 
30472      DEBUG main            d.u.i.k.p.i.AbstractProblemLoader Environment load took 1.13ms 
30474      INFO  main            d.u.i.k.p.i.AbstractProblemLoader Creating init config 
33885      DEBUG main            d.u.i.k.p.i.AbstractProblemLoader Init config took 3.41s 
33949      INFO  main            d.u.i.k.p.i.AbstractProblemLoader Replaying proof MyClass[MyClass::method3()].JML normal_behavior operation contract.0 
34240      DEBUG main            d.u.i.k.p.i.IntermediateProofReplayer Proof replay took 280.76ms 
34241      DEBUG main            d.u.i.k.p.r.p.TestFile    ... success: reloaded. 
34243      INFO  main            d.u.i.k.p.r.p.TestFile    Now processing file /home/runner/work/key/key/key.core/../key.ui/examples/heap/permissions/permissions_setAB.key 
34243      INFO  main            d.u.i.k.p.i.AbstractProblemLoader Loading environment from /home/runner/work/key/key/key.core/../key.ui/examples/heap/permissions/permissions_setAB.key 
34244      DEBUG main            d.u.i.k.p.i.AbstractProblemLoader Environment load took 290.4ns 
34245      INFO  main            d.u.i.k.p.i.AbstractProblemLoader Creating init config 
37639      DEBUG main            d.u.i.k.p.i.AbstractProblemLoader Init config took 3.39s 
37701      INFO  main            d.u.i.k.p.i.AbstractProblemLoader Replaying proof MyClass[MyClass::setAB()].JML normal_behavior operation contract.0 
37704      DEBUG main            d.u.i.k.p.i.IntermediateProofReplayer Proof replay took 6.7ns 
39613      INFO  main            d.u.i.k.p.r.p.TestFile    ... finished proof: closed. 
39832      INFO  main            d.u.i.k.p.i.AbstractProblemLoader Loading environment from /home/runner/work/key/key/key.core/../key.ui/examples/heap/permissions/permissions_setAB.key.proof 
39836      DEBUG main            d.u.i.k.p.i.AbstractProblemLoader Environment load took 3.21ms 
39838      INFO  main            d.u.i.k.p.i.AbstractProblemLoader Creating init config 
43057      DEBUG main            d.u.i.k.p.i.AbstractProblemLoader Init config took 3.22s 
43129      INFO  main            d.u.i.k.p.i.AbstractProblemLoader Replaying proof MyClass[MyClass::setAB()].JML normal_behavior operation contract.0 
43333      DEBUG main            d.u.i.k.p.i.IntermediateProofReplayer Proof replay took 196.32ms 
43336      DEBUG main            d.u.i.k.p.r.p.TestFile    ... success: reloaded. 
43338      INFO  main            d.u.i.k.p.r.p.TestFile    Now processing file /home/runner/work/key/key/key.core/../key.ui/examples/heap/permissions/permissionProperties.key 
43338      INFO  main            d.u.i.k.p.i.AbstractProblemLoader Loading environment from /home/runner/work/key/key/key.core/../key.ui/examples/heap/permissions/permissionProperties.key 
43338      DEBUG main            d.u.i.k.p.i.AbstractProblemLoader Environment load took 191.9ns 
43340      INFO  main            d.u.i.k.p.i.AbstractProblemLoader Creating init config 
43505      DEBUG main            d.u.i.k.j.TypeConverter   No LDT found for Meta 
43505      DEBUG main            d.u.i.k.j.TypeConverter   No LDT found for Meta 
43506      DEBUG main            d.u.i.k.j.TypeConverter   No LDT found for Meta 
43506      DEBUG main            d.u.i.k.j.TypeConverter   No LDT found for Meta 
44311      DEBUG main            d.u.i.k.j.TypeConverter   No LDT found for JavaBigintExpression 
47738      DEBUG main            d.u.i.k.p.i.AbstractProblemLoader Init config took 4.4s 
47762      INFO  main            d.u.i.k.p.i.AbstractProblemLoader Replaying proof permissionProperties.key 
47764      DEBUG main            d.u.i.k.p.i.IntermediateProofReplayer Proof replay took 7.4ns 
47872      INFO  main            d.u.i.k.p.r.p.TestFile    ... finished proof: closed. 
48084      INFO  main            d.u.i.k.p.i.AbstractProblemLoader Loading environment from /home/runner/work/key/key/key.core/../key.ui/examples/heap/permissions/permissionProperties.key.proof 
48084      DEBUG main            d.u.i.k.p.i.AbstractProblemLoader Environment load took 406.9ns 
48086      INFO  main            d.u.i.k.p.i.AbstractProblemLoader Creating init config 
51089      DEBUG main            d.u.i.k.p.i.AbstractProblemLoader Init config took 3s 
51112      INFO  main            d.u.i.k.p.i.AbstractProblemLoader Replaying proof permissionProperties.key.proof 
51133      DEBUG main            d.u.i.k.p.i.IntermediateProofReplayer Proof replay took 17.64ms 
51134      DEBUG main            d.u.i.k.p.r.p.TestFile    ... success: reloaded. 
51136      INFO  main            d.u.i.k.p.r.p.TestFile    Now processing file /home/runner/work/key/key/key.core/../key.ui/examples/heap/permissions/threads/AFilter_AFilter.key 
51137      INFO  main            d.u.i.k.p.i.AbstractProblemLoader Loading environment from /home/runner/work/key/key/key.core/../key.ui/examples/heap/permissions/threads/AFilter_AFilter.key 
51137      DEBUG main            d.u.i.k.p.i.AbstractProblemLoader Environment load took 373.4ns 
51138      INFO  main            d.u.i.k.p.i.AbstractProblemLoader Creating init config 
51305      DEBUG main            d.u.i.k.j.TypeConverter   No LDT found for Meta 
51306      DEBUG main            d.u.i.k.j.TypeConverter   No LDT found for Meta 
51307      DEBUG main            d.u.i.k.j.TypeConverter   No LDT found for Meta 
51307      DEBUG main            d.u.i.k.j.TypeConverter   No LDT found for Meta 
52026      DEBUG main            d.u.i.k.j.TypeConverter   No LDT found for JavaBigintExpression 
58309      DEBUG main            d.u.i.k.p.i.AbstractProblemLoader Init config took 7.17s 
58444      INFO  main            d.u.i.k.p.i.AbstractProblemLoader Replaying proof AFilter[AFilter::AFilter(Sampler,Buffer)].JML normal_behavior operation contract.0 
58446      DEBUG main            d.u.i.k.p.i.IntermediateProofReplayer Proof replay took 6.9ns 
59751      INFO  main            d.u.i.k.p.r.p.TestFile    ... finished proof: closed. 
60099      INFO  main            d.u.i.k.p.i.AbstractProblemLoader Loading environment from /home/runner/work/key/key/key.core/../key.ui/examples/heap/permissions/threads/AFilter_AFilter.key.proof 
60101      DEBUG main            d.u.i.k.p.i.AbstractProblemLoader Environment load took 1.17ms 
60103      INFO  main            d.u.i.k.p.i.AbstractProblemLoader Creating init config 
66036      DEBUG main            d.u.i.k.p.i.AbstractProblemLoader Init config took 5.93s 
66180      INFO  main            d.u.i.k.p.i.AbstractProblemLoader Replaying proof AFilter[AFilter::AFilter(Sampler,Buffer)].JML normal_behavior operation contract.0 
66353      DEBUG main            d.u.i.k.p.i.IntermediateProofReplayer Proof replay took 166.04ms 
66355      DEBUG main            d.u.i.k.p.r.p.TestFile    ... success: reloaded. 
66356      INFO  main            d.u.i.k.p.r.p.TestFile    Now processing file /home/runner/work/key/key/key.core/../key.ui/examples/heap/permissions/threads/AFilter_initPost_accessible.key 
66357      INFO  main            d.u.i.k.p.i.AbstractProblemLoader Loading environment from /home/runner/work/key/key/key.core/../key.ui/examples/heap/permissions/threads/AFilter_initPost_accessible.key 
66357      DEBUG main            d.u.i.k.p.i.AbstractProblemLoader Environment load took 245.4ns 
66359      INFO  main            d.u.i.k.p.i.AbstractProblemLoader Creating init config 
72291      DEBUG main            d.u.i.k.p.i.AbstractProblemLoader Init config took 5.93s 
72450      INFO  main            d.u.i.k.p.i.AbstractProblemLoader Replaying proof AFilter[ThreadSpec2::initPost()].JML accessible clause.0 
72452      DEBUG main            d.u.i.k.p.i.IntermediateProofReplayer Proof replay took 7.1ns 
72554      INFO  main            d.u.i.k.p.r.p.TestFile    ... finished proof: closed. 
72808      INFO  main            d.u.i.k.p.i.AbstractProblemLoader Loading environment from /home/runner/work/key/key/key.core/../key.ui/examples/heap/permissions/threads/AFilter_initPost_accessible.key.proof 
72809      DEBUG main            d.u.i.k.p.i.AbstractProblemLoader Environment load took 131.6ns 
72810      INFO  main            d.u.i.k.p.i.AbstractProblemLoader Creating init config 
78605      DEBUG main            d.u.i.k.p.i.AbstractProblemLoader Init config took 5.79s 
78742      INFO  main            d.u.i.k.p.i.AbstractProblemLoader Replaying proof AFilter[ThreadSpec2::initPost()].JML accessible clause.0 
78758      DEBUG main            d.u.i.k.p.i.IntermediateProofReplayer Proof replay took 13.37ms 
78759      DEBUG main            d.u.i.k.p.r.p.TestFile    ... success: reloaded. 
78761      INFO  main            d.u.i.k.p.r.p.TestFile    Now processing file /home/runner/work/key/key/key.core/../key.ui/examples/heap/permissions/threads/AFilter_inv_accessible1.key 
78761      INFO  main            d.u.i.k.p.i.AbstractProblemLoader Loading environment from /home/runner/work/key/key/key.core/../key.ui/examples/heap/permissions/threads/AFilter_inv_accessible1.key 
78761      DEBUG main            d.u.i.k.p.i.AbstractProblemLoader Environment load took 159ns 
78762      INFO  main            d.u.i.k.p.i.AbstractProblemLoader Creating init config 
84870      DEBUG main            d.u.i.k.p.i.AbstractProblemLoader Init config took 6.11s 
84990      INFO  main            d.u.i.k.p.i.AbstractProblemLoader Replaying proof AFilter[java.lang.Object::<inv>()].JML accessible clause.0 
84993      DEBUG main            d.u.i.k.p.i.IntermediateProofReplayer Proof replay took 7.9ns 
85095      INFO  main            d.u.i.k.p.r.p.TestFile    ... finished proof: closed. 
85374      INFO  main            d.u.i.k.p.i.AbstractProblemLoader Loading environment from /home/runner/work/key/key/key.core/../key.ui/examples/heap/permissions/threads/AFilter_inv_accessible1.key.proof 
85374      DEBUG main            d.u.i.k.p.i.AbstractProblemLoader Environment load took 132.2ns 
85375      INFO  main            d.u.i.k.p.i.AbstractProblemLoader Creating init config 
91400      DEBUG main            d.u.i.k.p.i.AbstractProblemLoader Init config took 6.02s 
91519      INFO  main            d.u.i.k.p.i.AbstractProblemLoader Replaying proof AFilter[java.lang.Object::<inv>()].JML accessible clause.0 
91524      DEBUG main            d.u.i.k.p.i.IntermediateProofReplayer Proof replay took 2.81ms 
91526      DEBUG main            d.u.i.k.p.r.p.TestFile    ... success: reloaded. 
91527      INFO  main            d.u.i.k.p.r.p.TestFile    Now processing file /home/runner/work/key/key/key.core/../key.ui/examples/heap/permissions/threads/AFilter_inv_accessible2.key 
91528      INFO  main            d.u.i.k.p.i.AbstractProblemLoader Loading environment from /home/runner/work/key/key/key.core/../key.ui/examples/heap/permissions/threads/AFilter_inv_accessible2.key 
91528      DEBUG main            d.u.i.k.p.i.AbstractProblemLoader Environment load took 118.3ns 
91529      INFO  main            d.u.i.k.p.i.AbstractProblemLoader Creating init config 
97682      DEBUG main            d.u.i.k.p.i.AbstractProblemLoader Init config took 6.15s 
97810      INFO  main            d.u.i.k.p.i.AbstractProblemLoader Replaying proof AFilter[java.lang.Object::<inv>()].JML accessible clause.1 
97813      DEBUG main            d.u.i.k.p.i.IntermediateProofReplayer Proof replay took 9.6ns 
97916      INFO  main            d.u.i.k.p.r.p.TestFile    ... finished proof: closed. 
98228      INFO  main            d.u.i.k.p.i.AbstractProblemLoader Loading environment from /home/runner/work/key/key/key.core/../key.ui/examples/heap/permissions/threads/AFilter_inv_accessible2.key.proof 
98228      DEBUG main            d.u.i.k.p.i.AbstractProblemLoader Environment load took 164.7ns 
98231      INFO  main            d.u.i.k.p.i.AbstractProblemLoader Creating init config 
104368     DEBUG main            d.u.i.k.p.i.AbstractProblemLoader Init config took 6.14s 
104496     INFO  main            d.u.i.k.p.i.AbstractProblemLoader Replaying proof AFilter[java.lang.Object::<inv>()].JML accessible clause.1 
104502     DEBUG main            d.u.i.k.p.i.IntermediateProofReplayer Proof replay took 2.77ms 
104505     DEBUG main            d.u.i.k.p.r.p.TestFile    ... success: reloaded. 
104508     INFO  main            d.u.i.k.p.r.p.TestFile    Now processing file /home/runner/work/key/key/key.core/../key.ui/examples/heap/permissions/threads/AFilter_joinTransfer_accessible.key 
104508     INFO  main            d.u.i.k.p.i.AbstractProblemLoader Loading environment from /home/runner/work/key/key/key.core/../key.ui/examples/heap/permissions/threads/AFilter_joinTransfer_accessible.key 
104508     DEBUG main            d.u.i.k.p.i.AbstractProblemLoader Environment load took 248.8ns 
104510     INFO  main            d.u.i.k.p.i.AbstractProblemLoader Creating init config 
110643     DEBUG main            d.u.i.k.p.i.AbstractProblemLoader Init config took 6.13s 
110755     INFO  main            d.u.i.k.p.i.AbstractProblemLoader Replaying proof AFilter[ThreadSpec2::joinTransfer()].JML accessible clause.0 
110757     DEBUG main            d.u.i.k.p.i.IntermediateProofReplayer Proof replay took 9.1ns 
115009     INFO  main            d.u.i.k.p.r.p.TestFile    ... finished proof: closed. 
115335     INFO  main            d.u.i.k.p.i.AbstractProblemLoader Loading environment from /home/runner/work/key/key/key.core/../key.ui/examples/heap/permissions/threads/AFilter_joinTransfer_accessible.key.proof 
115336     DEBUG main            d.u.i.k.p.i.AbstractProblemLoader Environment load took 150.6ns 
115337     INFO  main            d.u.i.k.p.i.AbstractProblemLoader Creating init config 
121358     DEBUG main            d.u.i.k.p.i.AbstractProblemLoader Init config took 6.02s 
121478     INFO  main            d.u.i.k.p.i.AbstractProblemLoader Replaying proof AFilter[ThreadSpec2::joinTransfer()].JML accessible clause.0 
121852     DEBUG main            d.u.i.k.p.i.IntermediateProofReplayer Proof replay took 345.89ms 
121855     DEBUG main            d.u.i.k.p.r.p.TestFile    ... success: reloaded. 
121857     INFO  main            d.u.i.k.p.r.p.TestFile    Now processing file /home/runner/work/key/key/key.core/../key.ui/examples/heap/permissions/threads/AFilter_joinTransfer_contract.key 
121858     INFO  main            d.u.i.k.p.i.AbstractProblemLoader Loading environment from /home/runner/work/key/key/key.core/../key.ui/examples/heap/permissions/threads/AFilter_joinTransfer_contract.key 
121858     DEBUG main            d.u.i.k.p.i.AbstractProblemLoader Environment load took 137.7ns 
121859     INFO  main            d.u.i.k.p.i.AbstractProblemLoader Creating init config 
127928     DEBUG main            d.u.i.k.p.i.AbstractProblemLoader Init config took 6.07s 
128048     INFO  main            d.u.i.k.p.i.AbstractProblemLoader Replaying proof AFilter[ThreadSpec2::joinTransfer()].JML model_behavior operation contract.0 
128050     DEBUG main            d.u.i.k.p.i.IntermediateProofReplayer Proof replay took 8.8ns 
128156     INFO  main            d.u.i.k.p.r.p.TestFile    ... finished proof: closed. 
128477     INFO  main            d.u.i.k.p.i.AbstractProblemLoader Loading environment from /home/runner/work/key/key/key.core/../key.ui/examples/heap/permissions/threads/AFilter_joinTransfer_contract.key.proof 
128477     DEBUG main            d.u.i.k.p.i.AbstractProblemLoader Environment load took 178.5ns 
128479     INFO  main            d.u.i.k.p.i.AbstractProblemLoader Creating init config 
134695     DEBUG main            d.u.i.k.p.i.AbstractProblemLoader Init config took 6.22s 
134824     INFO  main            d.u.i.k.p.i.AbstractProblemLoader Replaying proof AFilter[ThreadSpec2::joinTransfer()].JML model_behavior operation contract.0 
134836     DEBUG main            d.u.i.k.p.i.IntermediateProofReplayer Proof replay took 10.23ms 
134837     DEBUG main            d.u.i.k.p.r.p.TestFile    ... success: reloaded. 
134839     INFO  main            d.u.i.k.p.r.p.TestFile    Now processing file /home/runner/work/key/key/key.core/../key.ui/examples/heap/permissions/threads/AFilter_postJoin_accessible.key 
134839     INFO  main            d.u.i.k.p.i.AbstractProblemLoader Loading environment from /home/runner/work/key/key/key.core/../key.ui/examples/heap/permissions/threads/AFilter_postJoin_accessible.key 
134839     DEBUG main            d.u.i.k.p.i.AbstractProblemLoader Environment load took 147.8ns 
134840     INFO  main            d.u.i.k.p.i.AbstractProblemLoader Creating init config 
140864     DEBUG main            d.u.i.k.p.i.AbstractProblemLoader Init config took 6.02s 
140978     INFO  main            d.u.i.k.p.i.AbstractProblemLoader Replaying proof AFilter[ThreadSpec2::postJoin(java.lang.Object)].JML accessible clause.0 
140981     DEBUG main            d.u.i.k.p.i.IntermediateProofReplayer Proof replay took 24.4ns 
141083     INFO  main            d.u.i.k.p.r.p.TestFile    ... finished proof: closed. 
141422     INFO  main            d.u.i.k.p.i.AbstractProblemLoader Loading environment from /home/runner/work/key/key/key.core/../key.ui/examples/heap/permissions/threads/AFilter_postJoin_accessible.key.proof 
141422     DEBUG main            d.u.i.k.p.i.AbstractProblemLoader Environment load took 169.2ns 
141424     INFO  main            d.u.i.k.p.i.AbstractProblemLoader Creating init config 
147277     DEBUG main            d.u.i.k.p.i.AbstractProblemLoader Init config took 5.85s 
147398     INFO  main            d.u.i.k.p.i.AbstractProblemLoader Replaying proof AFilter[ThreadSpec2::postJoin(java.lang.Object)].JML accessible clause.0 
147410     DEBUG main            d.u.i.k.p.i.IntermediateProofReplayer Proof replay took 8.7ms 
147411     DEBUG main            d.u.i.k.p.r.p.TestFile    ... success: reloaded. 
147412     INFO  main            d.u.i.k.p.r.p.TestFile    Now processing file /home/runner/work/key/key/key.core/../key.ui/examples/heap/permissions/threads/AFilter_preStart_accessible.key 
147413     INFO  main            d.u.i.k.p.i.AbstractProblemLoader Loading environment from /home/runner/work/key/key/key.core/../key.ui/examples/heap/permissions/threads/AFilter_preStart_accessible.key 
147413     DEBUG main            d.u.i.k.p.i.AbstractProblemLoader Environment load took 116.4ns 
147414     INFO  main            d.u.i.k.p.i.AbstractProblemLoader Creating init config 
153590     DEBUG main            d.u.i.k.p.i.AbstractProblemLoader Init config took 6.18s 
153703     INFO  main            d.u.i.k.p.i.AbstractProblemLoader Replaying proof AFilter[ThreadSpec2::preStart(java.lang.Object)].JML accessible clause.0 
153705     DEBUG main            d.u.i.k.p.i.IntermediateProofReplayer Proof replay took 8.4ns 
154109     INFO  main            d.u.i.k.p.r.p.TestFile    ... finished proof: closed. 
154483     INFO  main            d.u.i.k.p.i.AbstractProblemLoader Loading environment from /home/runner/work/key/key/key.core/../key.ui/examples/heap/permissions/threads/AFilter_preStart_accessible.key.proof 
154483     DEBUG main            d.u.i.k.p.i.AbstractProblemLoader Environment load took 408.4ns 
154484     INFO  main            d.u.i.k.p.i.AbstractProblemLoader Creating init config 
160455     DEBUG main            d.u.i.k.p.i.AbstractProblemLoader Init config took 5.97s 
160580     INFO  main            d.u.i.k.p.i.AbstractProblemLoader Replaying proof AFilter[ThreadSpec2::preStart(java.lang.Object)].JML accessible clause.0 
160617     DEBUG main            d.u.i.k.p.i.IntermediateProofReplayer Proof replay took 33.24ms 
160618     DEBUG main            d.u.i.k.p.r.p.TestFile    ... success: reloaded. 
160619     INFO  main            d.u.i.k.p.r.p.TestFile    Now processing file /home/runner/work/key/key/key.core/../key.ui/examples/heap/permissions/threads/AFilter_startTransfer_accessible.key 
160620     INFO  main            d.u.i.k.p.i.AbstractProblemLoader Loading environment from /home/runner/work/key/key/key.core/../key.ui/examples/heap/permissions/threads/AFilter_startTransfer_accessible.key 
160620     DEBUG main            d.u.i.k.p.i.AbstractProblemLoader Environment load took 149ns 
160621     INFO  main            d.u.i.k.p.i.AbstractProblemLoader Creating init config 
166644     DEBUG main            d.u.i.k.p.i.AbstractProblemLoader Init config took 6.02s 
166777     INFO  main            d.u.i.k.p.i.AbstractProblemLoader Replaying proof AFilter[ThreadSpec2::startTransfer()].JML accessible clause.0 
166780     DEBUG main            d.u.i.k.p.i.IntermediateProofReplayer Proof replay took 9ns 
174477     INFO  main            d.u.i.k.p.r.p.TestFile    ... finished proof: closed. 
174848     INFO  main            d.u.i.k.p.i.AbstractProblemLoader Loading environment from /home/runner/work/key/key/key.core/../key.ui/examples/heap/permissions/threads/AFilter_startTransfer_accessible.key.proof 
174849     DEBUG main            d.u.i.k.p.i.AbstractProblemLoader Environment load took 420ns 
174851     INFO  main            d.u.i.k.p.i.AbstractProblemLoader Creating init config 
180656     DEBUG main            d.u.i.k.p.i.AbstractProblemLoader Init config took 5.81s 
180792     INFO  main            d.u.i.k.p.i.AbstractProblemLoader Replaying proof AFilter[ThreadSpec2::startTransfer()].JML accessible clause.0 
181234     DEBUG main            d.u.i.k.p.i.IntermediateProofReplayer Proof replay took 423.34ms 
181235     DEBUG main            d.u.i.k.p.r.p.TestFile    ... success: reloaded. 
181236     INFO  main            d.u.i.k.p.r.p.TestFile    Now processing file /home/runner/work/key/key/key.core/../key.ui/examples/heap/permissions/threads/AFilter_startTransfer_contract.key 
181237     INFO  main            d.u.i.k.p.i.AbstractProblemLoader Loading environment from /home/runner/work/key/key/key.core/../key.ui/examples/heap/permissions/threads/AFilter_startTransfer_contract.key 
181237     DEBUG main            d.u.i.k.p.i.AbstractProblemLoader Environment load took 172.3ns 
181238     INFO  main            d.u.i.k.p.i.AbstractProblemLoader Creating init config 
187268     DEBUG main            d.u.i.k.p.i.AbstractProblemLoader Init config took 6.03s 
187384     INFO  main            d.u.i.k.p.i.AbstractProblemLoader Replaying proof AFilter[ThreadSpec2::startTransfer()].JML model_behavior operation contract.0 
187387     DEBUG main            d.u.i.k.p.i.IntermediateProofReplayer Proof replay took 24.7ns 
187891     INFO  main            d.u.i.k.p.r.p.TestFile    ... finished proof: closed. 
188258     INFO  main            d.u.i.k.p.i.AbstractProblemLoader Loading environment from /home/runner/work/key/key/key.core/../key.ui/examples/heap/permissions/threads/AFilter_startTransfer_contract.key.proof 
188258     DEBUG main            d.u.i.k.p.i.AbstractProblemLoader Environment load took 496.3ns 
188260     INFO  main            d.u.i.k.p.i.AbstractProblemLoader Creating init config 
194183     DEBUG main            d.u.i.k.p.i.AbstractProblemLoader Init config took 5.92s 
194323     INFO  main            d.u.i.k.p.i.AbstractProblemLoader Replaying proof AFilter[ThreadSpec2::startTransfer()].JML model_behavior operation contract.0 
194385     DEBUG main            d.u.i.k.p.i.IntermediateProofReplayer Proof replay took 56.6ms 
194387     DEBUG main            d.u.i.k.p.r.p.TestFile    ... success: reloaded. 
194388     INFO  main            d.u.i.k.p.r.p.TestFile    Now processing file /home/runner/work/key/key/key.core/../key.ui/examples/heap/permissions/threads/AFilter_stateInv_accessible.key 
194388     INFO  main            d.u.i.k.p.i.AbstractProblemLoader Loading environment from /home/runner/work/key/key/key.core/../key.ui/examples/heap/permissions/threads/AFilter_stateInv_accessible.key 
194388     DEBUG main            d.u.i.k.p.i.AbstractProblemLoader Environment load took 118.1ns 
194390     INFO  main            d.u.i.k.p.i.AbstractProblemLoader Creating init config 
200433     DEBUG main            d.u.i.k.p.i.AbstractProblemLoader Init config took 6.04s 
200561     INFO  main            d.u.i.k.p.i.AbstractProblemLoader Replaying proof AFilter[ThreadSpec2::stateInv()].JML accessible clause.0 
200563     DEBUG main            d.u.i.k.p.i.IntermediateProofReplayer Proof replay took 8.9ns 
200967     INFO  main            d.u.i.k.p.r.p.TestFile    ... finished proof: closed. 
201327     INFO  main            d.u.i.k.p.i.AbstractProblemLoader Loading environment from /home/runner/work/key/key/key.core/../key.ui/examples/heap/permissions/threads/AFilter_stateInv_accessible.key.proof 
201328     DEBUG main            d.u.i.k.p.i.AbstractProblemLoader Environment load took 591.21ns 
201330     INFO  main            d.u.i.k.p.i.AbstractProblemLoader Creating init config 
207176     DEBUG main            d.u.i.k.p.i.AbstractProblemLoader Init config took 5.85s 
207286     INFO  main            d.u.i.k.p.i.AbstractProblemLoader Replaying proof AFilter[ThreadSpec2::stateInv()].JML accessible clause.0 
207329     DEBUG main            d.u.i.k.p.i.IntermediateProofReplayer Proof replay took 38.83ms 
207334     DEBUG main            d.u.i.k.p.r.p.TestFile    ... success: reloaded. 
207336     INFO  main            d.u.i.k.p.r.p.TestFile    Now processing file /home/runner/work/key/key/key.core/../key.ui/examples/heap/permissions/threads/AFilter_staticPermissions_accessible.key 
207337     INFO  main            d.u.i.k.p.i.AbstractProblemLoader Loading environment from /home/runner/work/key/key/key.core/../key.ui/examples/heap/permissions/threads/AFilter_staticPermissions_accessible.key 
207337     DEBUG main            d.u.i.k.p.i.AbstractProblemLoader Environment load took 81.2ns 
207338     INFO  main            d.u.i.k.p.i.AbstractProblemLoader Creating init config 
213186     DEBUG main            d.u.i.k.p.i.AbstractProblemLoader Init config took 5.85s 
213300     INFO  main            d.u.i.k.p.i.AbstractProblemLoader Replaying proof AFilter[ThreadSpec2::staticPermissions()].JML accessible clause.0 
213303     DEBUG main            d.u.i.k.p.i.IntermediateProofReplayer Proof replay took 7.6ns 
213406     INFO  main            d.u.i.k.p.r.p.TestFile    ... finished proof: closed. 
213760     INFO  main            d.u.i.k.p.i.AbstractProblemLoader Loading environment from /home/runner/work/key/key/key.core/../key.ui/examples/heap/permissions/threads/AFilter_staticPermissions_accessible.key.proof 
213760     DEBUG main            d.u.i.k.p.i.AbstractProblemLoader Environment load took 149.2ns 
213762     INFO  main            d.u.i.k.p.i.AbstractProblemLoader Creating init config 
219634     DEBUG main            d.u.i.k.p.i.AbstractProblemLoader Init config took 5.87s 
219743     INFO  main            d.u.i.k.p.i.AbstractProblemLoader Replaying proof AFilter[ThreadSpec2::staticPermissions()].JML accessible clause.0 
219755     DEBUG main            d.u.i.k.p.i.IntermediateProofReplayer Proof replay took 9.67ms 
219756     DEBUG main            d.u.i.k.p.r.p.TestFile    ... success: reloaded. 
219757     INFO  main            d.u.i.k.p.r.p.TestFile    Now processing file /home/runner/work/key/key/key.core/../key.ui/examples/heap/permissions/threads/AFilter_workingPermissions_accessible.key 
219758     INFO  main            d.u.i.k.p.i.AbstractProblemLoader Loading environment from /home/runner/work/key/key/key.core/../key.ui/examples/heap/permissions/threads/AFilter_workingPermissions_accessible.key 
219758     DEBUG main            d.u.i.k.p.i.AbstractProblemLoader Environment load took 129.9ns 
219759     INFO  main            d.u.i.k.p.i.AbstractProblemLoader Creating init config 
225705     DEBUG main            d.u.i.k.p.i.AbstractProblemLoader Init config took 5.95s 
225816     INFO  main            d.u.i.k.p.i.AbstractProblemLoader Replaying proof AFilter[ThreadSpec2::workingPermissions()].JML accessible clause.0 
225818     DEBUG main            d.u.i.k.p.i.IntermediateProofReplayer Proof replay took 7.6ns 
225920     INFO  main            d.u.i.k.p.r.p.TestFile    ... finished proof: closed. 
226314     INFO  main            d.u.i.k.p.i.AbstractProblemLoader Loading environment from /home/runner/work/key/key/key.core/../key.ui/examples/heap/permissions/threads/AFilter_workingPermissions_accessible.key.proof 
226314     DEBUG main            d.u.i.k.p.i.AbstractProblemLoader Environment load took 124.4ns 
226316     INFO  main            d.u.i.k.p.i.AbstractProblemLoader Creating init config 
232224     DEBUG main            d.u.i.k.p.i.AbstractProblemLoader Init config took 5.91s 
232334     INFO  main            d.u.i.k.p.i.AbstractProblemLoader Replaying proof AFilter[ThreadSpec2::workingPermissions()].JML accessible clause.0 
232344     DEBUG main            d.u.i.k.p.i.IntermediateProofReplayer Proof replay took 8.33ms 
232346     DEBUG main            d.u.i.k.p.r.p.TestFile    ... success: reloaded. 
232347     INFO  main            d.u.i.k.p.r.p.TestFile    Now processing file /home/runner/work/key/key/key.core/../key.ui/examples/heap/permissions/threads/BFilter_BFilter.key 
232347     INFO  main            d.u.i.k.p.i.AbstractProblemLoader Loading environment from /home/runner/work/key/key/key.core/../key.ui/examples/heap/permissions/threads/BFilter_BFilter.key 
232347     DEBUG main            d.u.i.k.p.i.AbstractProblemLoader Environment load took 74.5ns 
232348     INFO  main            d.u.i.k.p.i.AbstractProblemLoader Creating init config 
238427     DEBUG main            d.u.i.k.p.i.AbstractProblemLoader Init config took 6.08s 
238545     INFO  main            d.u.i.k.p.i.AbstractProblemLoader Replaying proof BFilter[BFilter::BFilter(Sampler,Buffer)].JML normal_behavior operation contract.0 
238547     DEBUG main            d.u.i.k.p.i.IntermediateProofReplayer Proof replay took 9.3ns 
239752     INFO  main            d.u.i.k.p.r.p.TestFile    ... finished proof: closed. 
240168     INFO  main            d.u.i.k.p.i.AbstractProblemLoader Loading environment from /home/runner/work/key/key/key.core/../key.ui/examples/heap/permissions/threads/BFilter_BFilter.key.proof 
240169     DEBUG main            d.u.i.k.p.i.AbstractProblemLoader Environment load took 434.3ns 
240170     INFO  main            d.u.i.k.p.i.AbstractProblemLoader Creating init config 
246200     DEBUG main            d.u.i.k.p.i.AbstractProblemLoader Init config took 6.03s 
246328     INFO  main            d.u.i.k.p.i.AbstractProblemLoader Replaying proof BFilter[BFilter::BFilter(Sampler,Buffer)].JML normal_behavior operation contract.0 
246480     DEBUG main            d.u.i.k.p.i.IntermediateProofReplayer Proof replay took 145.8ms 
246482     DEBUG main            d.u.i.k.p.r.p.TestFile    ... success: reloaded. 
246483     INFO  main            d.u.i.k.p.r.p.TestFile    Now processing file /home/runner/work/key/key/key.core/../key.ui/examples/heap/permissions/threads/BFilter_initPost_accessible.key 
246484     INFO  main            d.u.i.k.p.i.AbstractProblemLoader Loading environment from /home/runner/work/key/key/key.core/../key.ui/examples/heap/permissions/threads/BFilter_initPost_accessible.key 
246484     DEBUG main            d.u.i.k.p.i.AbstractProblemLoader Environment load took 243.8ns 
246485     INFO  main            d.u.i.k.p.i.AbstractProblemLoader Creating init config 
252439     DEBUG main            d.u.i.k.p.i.AbstractProblemLoader Init config took 5.95s 
252568     INFO  main            d.u.i.k.p.i.AbstractProblemLoader Replaying proof BFilter[ThreadSpec2::initPost()].JML accessible clause.0 
252570     DEBUG main            d.u.i.k.p.i.IntermediateProofReplayer Proof replay took 8.3ns 
252673     INFO  main            d.u.i.k.p.r.p.TestFile    ... finished proof: closed. 
253056     INFO  main            d.u.i.k.p.i.AbstractProblemLoader Loading environment from /home/runner/work/key/key/key.core/../key.ui/examples/heap/permissions/threads/BFilter_initPost_accessible.key.proof 
253056     DEBUG main            d.u.i.k.p.i.AbstractProblemLoader Environment load took 125.3ns 
253057     INFO  main            d.u.i.k.p.i.AbstractProblemLoader Creating init config 
259016     DEBUG main            d.u.i.k.p.i.AbstractProblemLoader Init config took 5.96s 
259146     INFO  main            d.u.i.k.p.i.AbstractProblemLoader Replaying proof BFilter[ThreadSpec2::initPost()].JML accessible clause.0 
259164     DEBUG main            d.u.i.k.p.i.IntermediateProofReplayer Proof replay took 14.91ms 
259165     DEBUG main            d.u.i.k.p.r.p.TestFile    ... success: reloaded. 
259167     INFO  main            d.u.i.k.p.r.p.TestFile    Now processing file /home/runner/work/key/key/key.core/../key.ui/examples/heap/permissions/threads/BFilter_inv_accessible1.key 
259167     INFO  main            d.u.i.k.p.i.AbstractProblemLoader Loading environment from /home/runner/work/key/key/key.core/../key.ui/examples/heap/permissions/threads/BFilter_inv_accessible1.key 
259167     DEBUG main            d.u.i.k.p.i.AbstractProblemLoader Environment load took 78.8ns 
259168     INFO  main            d.u.i.k.p.i.AbstractProblemLoader Creating init config 
265258     DEBUG main            d.u.i.k.p.i.AbstractProblemLoader Init config took 6.09s 
265370     INFO  main            d.u.i.k.p.i.AbstractProblemLoader Replaying proof BFilter[java.lang.Object::<inv>()].JML accessible clause.0 
265372     DEBUG main            d.u.i.k.p.i.IntermediateProofReplayer Proof replay took 8.9ns 
265474     INFO  main            d.u.i.k.p.r.p.TestFile    ... finished proof: closed. 
265862     INFO  main            d.u.i.k.p.i.AbstractProblemLoader Loading environment from /home/runner/work/key/key/key.core/../key.ui/examples/heap/permissions/threads/BFilter_inv_accessible1.key.proof 
265863     DEBUG main            d.u.i.k.p.i.AbstractProblemLoader Environment load took 133.5ns 
265864     INFO  main            d.u.i.k.p.i.AbstractProblemLoader Creating init config 
271845     DEBUG main            d.u.i.k.p.i.AbstractProblemLoader Init config took 5.98s 
271969     INFO  main            d.u.i.k.p.i.AbstractProblemLoader Replaying proof BFilter[java.lang.Object::<inv>()].JML accessible clause.0 
271973     DEBUG main            d.u.i.k.p.i.IntermediateProofReplayer Proof replay took 1.98ms 
271974     DEBUG main            d.u.i.k.p.r.p.TestFile    ... success: reloaded. 
271975     INFO  main            d.u.i.k.p.r.p.TestFile    Now processing file /home/runner/work/key/key/key.core/../key.ui/examples/heap/permissions/threads/BFilter_inv_accessible2.key 
271975     INFO  main            d.u.i.k.p.i.AbstractProblemLoader Loading environment from /home/runner/work/key/key/key.core/../key.ui/examples/heap/permissions/threads/BFilter_inv_accessible2.key 
271976     DEBUG main            d.u.i.k.p.i.AbstractProblemLoader Environment load took 124.4ns 
271977     INFO  main            d.u.i.k.p.i.AbstractProblemLoader Creating init config 
278012     DEBUG main            d.u.i.k.p.i.AbstractProblemLoader Init config took 6.04s 
278145     INFO  main            d.u.i.k.p.i.AbstractProblemLoader Replaying proof BFilter[java.lang.Object::<inv>()].JML accessible clause.1 
278155     DEBUG main            d.u.i.k.p.i.IntermediateProofReplayer Proof replay took 9.7ns 
278258     INFO  main            d.u.i.k.p.r.p.TestFile    ... finished proof: closed. 
278643     INFO  main            d.u.i.k.p.i.AbstractProblemLoader Loading environment from /home/runner/work/key/key/key.core/../key.ui/examples/heap/permissions/threads/BFilter_inv_accessible2.key.proof 
278644     DEBUG main            d.u.i.k.p.i.AbstractProblemLoader Environment load took 144.4ns 
278645     INFO  main            d.u.i.k.p.i.AbstractProblemLoader Creating init config 
284621     DEBUG main            d.u.i.k.p.i.AbstractProblemLoader Init config took 5.98s 
284732     INFO  main            d.u.i.k.p.i.AbstractProblemLoader Replaying proof BFilter[java.lang.Object::<inv>()].JML accessible clause.1 
284736     DEBUG main            d.u.i.k.p.i.IntermediateProofReplayer Proof replay took 2.04ms 
284738     DEBUG main            d.u.i.k.p.r.p.TestFile    ... success: reloaded. 
284739     INFO  main            d.u.i.k.p.r.p.TestFile    Now processing file /home/runner/work/key/key/key.core/../key.ui/examples/heap/permissions/threads/BFilter_joinTransfer_accessible.key 
284739     INFO  main            d.u.i.k.p.i.AbstractProblemLoader Loading environment from /home/runner/work/key/key/key.core/../key.ui/examples/heap/permissions/threads/BFilter_joinTransfer_accessible.key 
284740     DEBUG main            d.u.i.k.p.i.AbstractProblemLoader Environment load took 248.4ns 
284741     INFO  main            d.u.i.k.p.i.AbstractProblemLoader Creating init config 
290821     DEBUG main            d.u.i.k.p.i.AbstractProblemLoader Init config took 6.08s 
290942     INFO  main            d.u.i.k.p.i.AbstractProblemLoader Replaying proof BFilter[ThreadSpec2::joinTransfer()].JML accessible clause.0 
290945     DEBUG main            d.u.i.k.p.i.IntermediateProofReplayer Proof replay took 10.3ns 
295183     INFO  main            d.u.i.k.p.r.p.TestFile    ... finished proof: closed. 
295620     INFO  main            d.u.i.k.p.i.AbstractProblemLoader Loading environment from /home/runner/work/key/key/key.core/../key.ui/examples/heap/permissions/threads/BFilter_joinTransfer_accessible.key.proof 
295620     DEBUG main            d.u.i.k.p.i.AbstractProblemLoader Environment load took 407ns 
295621     INFO  main            d.u.i.k.p.i.AbstractProblemLoader Creating init config 
301591     DEBUG main            d.u.i.k.p.i.AbstractProblemLoader Init config took 5.97s 
301718     INFO  main            d.u.i.k.p.i.AbstractProblemLoader Replaying proof BFilter[ThreadSpec2::joinTransfer()].JML accessible clause.0 
302000     DEBUG main            d.u.i.k.p.i.IntermediateProofReplayer Proof replay took 270.01ms 
302002     DEBUG main            d.u.i.k.p.r.p.TestFile    ... success: reloaded. 
302003     INFO  main            d.u.i.k.p.r.p.TestFile    Now processing file /home/runner/work/key/key/key.core/../key.ui/examples/heap/permissions/threads/BFilter_joinTransfer_contract.key 
302004     INFO  main            d.u.i.k.p.i.AbstractProblemLoader Loading environment from /home/runner/work/key/key/key.core/../key.ui/examples/heap/permissions/threads/BFilter_joinTransfer_contract.key 
302004     DEBUG main            d.u.i.k.p.i.AbstractProblemLoader Environment load took 319.6ns 
302005     INFO  main            d.u.i.k.p.i.AbstractProblemLoader Creating init config 
308010     DEBUG main            d.u.i.k.p.i.AbstractProblemLoader Init config took 6s 
308126     INFO  main            d.u.i.k.p.i.AbstractProblemLoader Replaying proof BFilter[ThreadSpec2::joinTransfer()].JML model_behavior operation contract.0 
308128     DEBUG main            d.u.i.k.p.i.IntermediateProofReplayer Proof replay took 9.2ns 
308230     INFO  main            d.u.i.k.p.r.p.TestFile    ... finished proof: closed. 
308740     INFO  main            d.u.i.k.p.i.AbstractProblemLoader Loading environment from /home/runner/work/key/key/key.core/../key.ui/examples/heap/permissions/threads/BFilter_joinTransfer_contract.key.proof 
308740     DEBUG main            d.u.i.k.p.i.AbstractProblemLoader Environment load took 138.8ns 
308742     INFO  main            d.u.i.k.p.i.AbstractProblemLoader Creating init config 
314672     DEBUG main            d.u.i.k.p.i.AbstractProblemLoader Init config took 5.93s 
314793     INFO  main            d.u.i.k.p.i.AbstractProblemLoader Replaying proof BFilter[ThreadSpec2::joinTransfer()].JML model_behavior operation contract.0 
314805     DEBUG main            d.u.i.k.p.i.IntermediateProofReplayer Proof replay took 9.47ms 
314807     DEBUG main            d.u.i.k.p.r.p.TestFile    ... success: reloaded. 
314808     INFO  main            d.u.i.k.p.r.p.TestFile    Now processing file /home/runner/work/key/key/key.core/../key.ui/examples/heap/permissions/threads/BFilter_postJoin_accessible.key 
314809     INFO  main            d.u.i.k.p.i.AbstractProblemLoader Loading environment from /home/runner/work/key/key/key.core/../key.ui/examples/heap/permissions/threads/BFilter_postJoin_accessible.key 
314810     DEBUG main            d.u.i.k.p.i.AbstractProblemLoader Environment load took 1.4ms 
314811     INFO  main            d.u.i.k.p.i.AbstractProblemLoader Creating init config 
320823     DEBUG main            d.u.i.k.p.i.AbstractProblemLoader Init config took 6.01s 
320938     INFO  main            d.u.i.k.p.i.AbstractProblemLoader Replaying proof BFilter[ThreadSpec2::postJoin(java.lang.Object)].JML accessible clause.0 
320940     DEBUG main            d.u.i.k.p.i.IntermediateProofReplayer Proof replay took 8.4ns 
321046     INFO  main            d.u.i.k.p.r.p.TestFile    ... finished proof: closed. 
321477     INFO  main            d.u.i.k.p.i.AbstractProblemLoader Loading environment from /home/runner/work/key/key/key.core/../key.ui/examples/heap/permissions/threads/BFilter_postJoin_accessible.key.proof 
321477     DEBUG main            d.u.i.k.p.i.AbstractProblemLoader Environment load took 199.2ns 
321478     INFO  main            d.u.i.k.p.i.AbstractProblemLoader Creating init config 
327351     DEBUG main            d.u.i.k.p.i.AbstractProblemLoader Init config took 5.87s 
327468     INFO  main            d.u.i.k.p.i.AbstractProblemLoader Replaying proof BFilter[ThreadSpec2::postJoin(java.lang.Object)].JML accessible clause.0 
327476     DEBUG main            d.u.i.k.p.i.IntermediateProofReplayer Proof replay took 5.78ms 
327477     DEBUG main            d.u.i.k.p.r.p.TestFile    ... success: reloaded. 
327478     INFO  main            d.u.i.k.p.r.p.TestFile    Now processing file /home/runner/work/key/key/key.core/../key.ui/examples/heap/permissions/threads/BFilter_preStart_accessible.key 
327479     INFO  main            d.u.i.k.p.i.AbstractProblemLoader Loading environment from /home/runner/work/key/key/key.core/../key.ui/examples/heap/permissions/threads/BFilter_preStart_accessible.key 
327479     DEBUG main            d.u.i.k.p.i.AbstractProblemLoader Environment load took 93.6ns 
327480     INFO  main            d.u.i.k.p.i.AbstractProblemLoader Creating init config 
333440     DEBUG main            d.u.i.k.p.i.AbstractProblemLoader Init config took 5.96s 
333562     INFO  main            d.u.i.k.p.i.AbstractProblemLoader Replaying proof BFilter[ThreadSpec2::preStart(java.lang.Object)].JML accessible clause.0 
333564     DEBUG main            d.u.i.k.p.i.IntermediateProofReplayer Proof replay took 7.6ns 
333867     INFO  main            d.u.i.k.p.r.p.TestFile    ... finished proof: closed. 
334315     INFO  main            d.u.i.k.p.i.AbstractProblemLoader Loading environment from /home/runner/work/key/key/key.core/../key.ui/examples/heap/permissions/threads/BFilter_preStart_accessible.key.proof 
334315     DEBUG main            d.u.i.k.p.i.AbstractProblemLoader Environment load took 118.5ns 
334316     INFO  main            d.u.i.k.p.i.AbstractProblemLoader Creating init config 
340081     DEBUG main            d.u.i.k.p.i.AbstractProblemLoader Init config took 5.77s 
340193     INFO  main            d.u.i.k.p.i.AbstractProblemLoader Replaying proof BFilter[ThreadSpec2::preStart(java.lang.Object)].JML accessible clause.0 
340229     DEBUG main            d.u.i.k.p.i.IntermediateProofReplayer Proof replay took 31.51ms 
340230     DEBUG main            d.u.i.k.p.r.p.TestFile    ... success: reloaded. 
340232     INFO  main            d.u.i.k.p.r.p.TestFile    Now processing file /home/runner/work/key/key/key.core/../key.ui/examples/heap/permissions/threads/BFilter_startTransfer_accessible.key 
340232     INFO  main            d.u.i.k.p.i.AbstractProblemLoader Loading environment from /home/runner/work/key/key/key.core/../key.ui/examples/heap/permissions/threads/BFilter_startTransfer_accessible.key 
340232     DEBUG main            d.u.i.k.p.i.AbstractProblemLoader Environment load took 105.6ns 
340233     INFO  main            d.u.i.k.p.i.AbstractProblemLoader Creating init config 
346135     DEBUG main            d.u.i.k.p.i.AbstractProblemLoader Init config took 5.9s 
346249     INFO  main            d.u.i.k.p.i.AbstractProblemLoader Replaying proof BFilter[ThreadSpec2::startTransfer()].JML accessible clause.0 
346251     DEBUG main            d.u.i.k.p.i.IntermediateProofReplayer Proof replay took 8.9ns 
353597     INFO  main            d.u.i.k.p.r.p.TestFile    ... finished proof: closed. 
354065     INFO  main            d.u.i.k.p.i.AbstractProblemLoader Loading environment from /home/runner/work/key/key/key.core/../key.ui/examples/heap/permissions/threads/BFilter_startTransfer_accessible.key.proof 
354066     DEBUG main            d.u.i.k.p.i.AbstractProblemLoader Environment load took 522.6ns 
354069     INFO  main            d.u.i.k.p.i.AbstractProblemLoader Creating init config 
359912     DEBUG main            d.u.i.k.p.i.AbstractProblemLoader Init config took 5.84s 
360016     INFO  main            d.u.i.k.p.i.AbstractProblemLoader Replaying proof BFilter[ThreadSpec2::startTransfer()].JML accessible clause.0 
360483     DEBUG main            d.u.i.k.p.i.IntermediateProofReplayer Proof replay took 452ms 
360485     DEBUG main            d.u.i.k.p.r.p.TestFile    ... success: reloaded. 
360487     INFO  main            d.u.i.k.p.r.p.TestFile    Now processing file /home/runner/work/key/key/key.core/../key.ui/examples/heap/permissions/threads/BFilter_startTransfer_contract.key 
360487     INFO  main            d.u.i.k.p.i.AbstractProblemLoader Loading environment from /home/runner/work/key/key/key.core/../key.ui/examples/heap/permissions/threads/BFilter_startTransfer_contract.key 
360487     DEBUG main            d.u.i.k.p.i.AbstractProblemLoader Environment load took 193.2ns 
360488     INFO  main            d.u.i.k.p.i.AbstractProblemLoader Creating init config 
366316     DEBUG main            d.u.i.k.p.i.AbstractProblemLoader Init config took 5.83s 
366453     INFO  main            d.u.i.k.p.i.AbstractProblemLoader Replaying proof BFilter[ThreadSpec2::startTransfer()].JML model_behavior operation contract.0 
366456     DEBUG main            d.u.i.k.p.i.IntermediateProofReplayer Proof replay took 9.6ns 
367864     INFO  main            d.u.i.k.p.r.p.TestFile    ... finished proof: closed. 
368339     INFO  main            d.u.i.k.p.i.AbstractProblemLoader Loading environment from /home/runner/work/key/key/key.core/../key.ui/examples/heap/permissions/threads/BFilter_startTransfer_contract.key.proof 
368339     DEBUG main            d.u.i.k.p.i.AbstractProblemLoader Environment load took 486.2ns 
368341     INFO  main            d.u.i.k.p.i.AbstractProblemLoader Creating init config 
374063     DEBUG main            d.u.i.k.p.i.AbstractProblemLoader Init config took 5.72s 
374175     INFO  main            d.u.i.k.p.i.AbstractProblemLoader Replaying proof BFilter[ThreadSpec2::startTransfer()].JML model_behavior operation contract.0 
374307     DEBUG main            d.u.i.k.p.i.IntermediateProofReplayer Proof replay took 123.33ms 
374309     DEBUG main            d.u.i.k.p.r.p.TestFile    ... success: reloaded. 
374310     INFO  main            d.u.i.k.p.r.p.TestFile    Now processing file /home/runner/work/key/key/key.core/../key.ui/examples/heap/permissions/threads/BFilter_stateInv_accessible.key 
374311     INFO  main            d.u.i.k.p.i.AbstractProblemLoader Loading environment from /home/runner/work/key/key/key.core/../key.ui/examples/heap/permissions/threads/BFilter_stateInv_accessible.key 
374311     DEBUG main            d.u.i.k.p.i.AbstractProblemLoader Environment load took 93.4ns 
374312     INFO  main            d.u.i.k.p.i.AbstractProblemLoader Creating init config 
380089     DEBUG main            d.u.i.k.p.i.AbstractProblemLoader Init config took 5.78s 
380196     INFO  main            d.u.i.k.p.i.AbstractProblemLoader Replaying proof BFilter[ThreadSpec2::stateInv()].JML accessible clause.0 
380198     DEBUG main            d.u.i.k.p.i.IntermediateProofReplayer Proof replay took 8.5ns 
380603     INFO  main            d.u.i.k.p.r.p.TestFile    ... finished proof: closed. 
381066     INFO  main            d.u.i.k.p.i.AbstractProblemLoader Loading environment from /home/runner/work/key/key/key.core/../key.ui/examples/heap/permissions/threads/BFilter_stateInv_accessible.key.proof 
381066     DEBUG main            d.u.i.k.p.i.AbstractProblemLoader Environment load took 121.8ns 
381067     INFO  main            d.u.i.k.p.i.AbstractProblemLoader Creating init config 
386889     DEBUG main            d.u.i.k.p.i.AbstractProblemLoader Init config took 5.82s 
386999     INFO  main            d.u.i.k.p.i.AbstractProblemLoader Replaying proof BFilter[ThreadSpec2::stateInv()].JML accessible clause.0 
387035     DEBUG main            d.u.i.k.p.i.IntermediateProofReplayer Proof replay took 32.86ms 
387036     DEBUG main            d.u.i.k.p.r.p.TestFile    ... success: reloaded. 
387037     INFO  main            d.u.i.k.p.r.p.TestFile    Now processing file /home/runner/work/key/key/key.core/../key.ui/examples/heap/permissions/threads/BFilter_staticPermissions_accessible.key 
387037     INFO  main            d.u.i.k.p.i.AbstractProblemLoader Loading environment from /home/runner/work/key/key/key.core/../key.ui/examples/heap/permissions/threads/BFilter_staticPermissions_accessible.key 
387037     DEBUG main            d.u.i.k.p.i.AbstractProblemLoader Environment load took 139ns 
387038     INFO  main            d.u.i.k.p.i.AbstractProblemLoader Creating init config 
392964     DEBUG main            d.u.i.k.p.i.AbstractProblemLoader Init config took 5.93s 
393083     INFO  main            d.u.i.k.p.i.AbstractProblemLoader Replaying proof BFilter[ThreadSpec2::staticPermissions()].JML accessible clause.0 
393085     DEBUG main            d.u.i.k.p.i.IntermediateProofReplayer Proof replay took 9.2ns 
393190     INFO  main            d.u.i.k.p.r.p.TestFile    ... finished proof: closed. 
393659     INFO  main            d.u.i.k.p.i.AbstractProblemLoader Loading environment from /home/runner/work/key/key/key.core/../key.ui/examples/heap/permissions/threads/BFilter_staticPermissions_accessible.key.proof 
393660     DEBUG main            d.u.i.k.p.i.AbstractProblemLoader Environment load took 127ns 
393661     INFO  main            d.u.i.k.p.i.AbstractProblemLoader Creating init config 
399456     DEBUG main            d.u.i.k.p.i.AbstractProblemLoader Init config took 5.79s 
399564     INFO  main            d.u.i.k.p.i.AbstractProblemLoader Replaying proof BFilter[ThreadSpec2::staticPermissions()].JML accessible clause.0 
399574     DEBUG main            d.u.i.k.p.i.IntermediateProofReplayer Proof replay took 8.65ms 
399576     DEBUG main            d.u.i.k.p.r.p.TestFile    ... success: reloaded. 
399577     INFO  main            d.u.i.k.p.r.p.TestFile    Now processing file /home/runner/work/key/key/key.core/../key.ui/examples/heap/permissions/threads/BFilter_workingPermissions_accessible.key 
399577     INFO  main            d.u.i.k.p.i.AbstractProblemLoader Loading environment from /home/runner/work/key/key/key.core/../key.ui/examples/heap/permissions/threads/BFilter_workingPermissions_accessible.key 
399578     DEBUG main            d.u.i.k.p.i.AbstractProblemLoader Environment load took 112.1ns 
399579     INFO  main            d.u.i.k.p.i.AbstractProblemLoader Creating init config 
405536     DEBUG main            d.u.i.k.p.i.AbstractProblemLoader Init config took 5.96s 
405642     INFO  main            d.u.i.k.p.i.AbstractProblemLoader Replaying proof BFilter[ThreadSpec2::workingPermissions()].JML accessible clause.0 
405644     DEBUG main            d.u.i.k.p.i.IntermediateProofReplayer Proof replay took 8.5ns 
405747     INFO  main            d.u.i.k.p.r.p.TestFile    ... finished proof: closed. 
406230     INFO  main            d.u.i.k.p.i.AbstractProblemLoader Loading environment from /home/runner/work/key/key/key.core/../key.ui/examples/heap/permissions/threads/BFilter_workingPermissions_accessible.key.proof 
406230     DEBUG main            d.u.i.k.p.i.AbstractProblemLoader Environment load took 112.3ns 
406231     INFO  main            d.u.i.k.p.i.AbstractProblemLoader Creating init config 
411983     DEBUG main            d.u.i.k.p.i.AbstractProblemLoader Init config took 5.75s 
412090     INFO  main            d.u.i.k.p.i.AbstractProblemLoader Replaying proof BFilter[ThreadSpec2::workingPermissions()].JML accessible clause.0 
412099     DEBUG main            d.u.i.k.p.i.IntermediateProofReplayer Proof replay took 7.65ms 
412101     DEBUG main            d.u.i.k.p.r.p.TestFile    ... success: reloaded. 
412102     INFO  main            d.u.i.k.p.r.p.TestFile    Now processing file /home/runner/work/key/key/key.core/../key.ui/examples/heap/permissions/threads/Fib_Fib.key 
412102     INFO  main            d.u.i.k.p.i.AbstractProblemLoader Loading environment from /home/runner/work/key/key/key.core/../key.ui/examples/heap/permissions/threads/Fib_Fib.key 
412102     DEBUG main            d.u.i.k.p.i.AbstractProblemLoader Environment load took 63ns 
412103     INFO  main            d.u.i.k.p.i.AbstractProblemLoader Creating init config 
418126     DEBUG main            d.u.i.k.p.i.AbstractProblemLoader Init config took 6.02s 
418253     INFO  main            d.u.i.k.p.i.AbstractProblemLoader Replaying proof Fib[Fib::Fib(int)].JML normal_behavior operation contract.0 
418255     DEBUG main            d.u.i.k.p.i.IntermediateProofReplayer Proof replay took 9.3ns 
418960     INFO  main            d.u.i.k.p.r.p.TestFile    ... finished proof: closed. 
419486     INFO  main            d.u.i.k.p.i.AbstractProblemLoader Loading environment from /home/runner/work/key/key/key.core/../key.ui/examples/heap/permissions/threads/Fib_Fib.key.proof 
419486     DEBUG main            d.u.i.k.p.i.AbstractProblemLoader Environment load took 193.8ns 
419487     INFO  main            d.u.i.k.p.i.AbstractProblemLoader Creating init config 
425323     DEBUG main            d.u.i.k.p.i.AbstractProblemLoader Init config took 5.84s 
425431     INFO  main            d.u.i.k.p.i.AbstractProblemLoader Replaying proof Fib[Fib::Fib(int)].JML normal_behavior operation contract.0 
425535     DEBUG main            d.u.i.k.p.i.IntermediateProofReplayer Proof replay took 99.48ms 
425536     DEBUG main            d.u.i.k.p.r.p.TestFile    ... success: reloaded. 
425538     INFO  main            d.u.i.k.p.r.p.TestFile    Now processing file /home/runner/work/key/key/key.core/../key.ui/examples/heap/permissions/threads/Fib_initPost_accessible.key 
425538     INFO  main            d.u.i.k.p.i.AbstractProblemLoader Loading environment from /home/runner/work/key/key/key.core/../key.ui/examples/heap/permissions/threads/Fib_initPost_accessible.key 
425538     DEBUG main            d.u.i.k.p.i.AbstractProblemLoader Environment load took 59.8ns 
425539     INFO  main            d.u.i.k.p.i.AbstractProblemLoader Creating init config 
431467     DEBUG main            d.u.i.k.p.i.AbstractProblemLoader Init config took 5.93s 
431598     INFO  main            d.u.i.k.p.i.AbstractProblemLoader Replaying proof Fib[ThreadSpec::initPost()].JML accessible clause.0 
431600     DEBUG main            d.u.i.k.p.i.IntermediateProofReplayer Proof replay took 7.5ns 
431702     INFO  main            d.u.i.k.p.r.p.TestFile    ... finished proof: closed. 
432186     INFO  main            d.u.i.k.p.i.AbstractProblemLoader Loading environment from /home/runner/work/key/key/key.core/../key.ui/examples/heap/permissions/threads/Fib_initPost_accessible.key.proof 
432186     DEBUG main            d.u.i.k.p.i.AbstractProblemLoader Environment load took 130.4ns 
432187     INFO  main            d.u.i.k.p.i.AbstractProblemLoader Creating init config 
437895     DEBUG main            d.u.i.k.p.i.AbstractProblemLoader Init config took 5.71s 
438037     INFO  main            d.u.i.k.p.i.AbstractProblemLoader Replaying proof Fib[ThreadSpec::initPost()].JML accessible clause.0 
438044     DEBUG main            d.u.i.k.p.i.IntermediateProofReplayer Proof replay took 5.07ms 
438045     DEBUG main            d.u.i.k.p.r.p.TestFile    ... success: reloaded. 
438046     INFO  main            d.u.i.k.p.r.p.TestFile    Now processing file /home/runner/work/key/key/key.core/../key.ui/examples/heap/permissions/threads/Fib_inv1_accessible.key 
438046     INFO  main            d.u.i.k.p.i.AbstractProblemLoader Loading environment from /home/runner/work/key/key/key.core/../key.ui/examples/heap/permissions/threads/Fib_inv1_accessible.key 
438046     DEBUG main            d.u.i.k.p.i.AbstractProblemLoader Environment load took 109.9ns 
438047     INFO  main            d.u.i.k.p.i.AbstractProblemLoader Creating init config 
443962     DEBUG main            d.u.i.k.p.i.AbstractProblemLoader Init config took 5.91s 
444069     INFO  main            d.u.i.k.p.i.AbstractProblemLoader Replaying proof Fib[java.lang.Object::<inv>()].JML accessible clause.0 
444071     DEBUG main            d.u.i.k.p.i.IntermediateProofReplayer Proof replay took 8.2ns 
444172     INFO  main            d.u.i.k.p.r.p.TestFile    ... finished proof: closed. 
444666     INFO  main            d.u.i.k.p.i.AbstractProblemLoader Loading environment from /home/runner/work/key/key/key.core/../key.ui/examples/heap/permissions/threads/Fib_inv1_accessible.key.proof 
444666     DEBUG main            d.u.i.k.p.i.AbstractProblemLoader Environment load took 111.3ns 
444667     INFO  main            d.u.i.k.p.i.AbstractProblemLoader Creating init config 
450448     DEBUG main            d.u.i.k.p.i.AbstractProblemLoader Init config took 5.78s 
450567     INFO  main            d.u.i.k.p.i.AbstractProblemLoader Replaying proof Fib[java.lang.Object::<inv>()].JML accessible clause.0 
450571     DEBUG main            d.u.i.k.p.i.IntermediateProofReplayer Proof replay took 1.9ms 
450572     DEBUG main            d.u.i.k.p.r.p.TestFile    ... success: reloaded. 
450573     INFO  main            d.u.i.k.p.r.p.TestFile    Now processing file /home/runner/work/key/key/key.core/../key.ui/examples/heap/permissions/threads/Fib_inv2_accessible.key 
450573     INFO  main            d.u.i.k.p.i.AbstractProblemLoader Loading environment from /home/runner/work/key/key/key.core/../key.ui/examples/heap/permissions/threads/Fib_inv2_accessible.key 
450573     DEBUG main            d.u.i.k.p.i.AbstractProblemLoader Environment load took 90.9ns 
450574     INFO  main            d.u.i.k.p.i.AbstractProblemLoader Creating init config 
456621     DEBUG main            d.u.i.k.p.i.AbstractProblemLoader Init config took 6.05s 
456733     INFO  main            d.u.i.k.p.i.AbstractProblemLoader Replaying proof Fib[java.lang.Object::<inv>()].JML accessible clause.1 
456735     DEBUG main            d.u.i.k.p.i.IntermediateProofReplayer Proof replay took 7.9ns 
456837     INFO  main            d.u.i.k.p.r.p.TestFile    ... finished proof: closed. 
457356     INFO  main            d.u.i.k.p.i.AbstractProblemLoader Loading environment from /home/runner/work/key/key/key.core/../key.ui/examples/heap/permissions/threads/Fib_inv2_accessible.key.proof 
457356     DEBUG main            d.u.i.k.p.i.AbstractProblemLoader Environment load took 192.1ns 
457357     INFO  main            d.u.i.k.p.i.AbstractProblemLoader Creating init config 
463117     DEBUG main            d.u.i.k.p.i.AbstractProblemLoader Init config took 5.76s 
463242     INFO  main            d.u.i.k.p.i.AbstractProblemLoader Replaying proof Fib[java.lang.Object::<inv>()].JML accessible clause.1 
463246     DEBUG main            d.u.i.k.p.i.IntermediateProofReplayer Proof replay took 2.26ms 
463247     DEBUG main            d.u.i.k.p.r.p.TestFile    ... success: reloaded. 
463248     INFO  main            d.u.i.k.p.r.p.TestFile    Now processing file /home/runner/work/key/key/key.core/../key.ui/examples/heap/permissions/threads/Fib_joinTransfer_accessible.key 
463248     INFO  main            d.u.i.k.p.i.AbstractProblemLoader Loading environment from /home/runner/work/key/key/key.core/../key.ui/examples/heap/permissions/threads/Fib_joinTransfer_accessible.key 
463248     DEBUG main            d.u.i.k.p.i.AbstractProblemLoader Environment load took 103.3ns 
463249     INFO  main            d.u.i.k.p.i.AbstractProblemLoader Creating init config 
469076     DEBUG main            d.u.i.k.p.i.AbstractProblemLoader Init config took 5.83s 
469201     INFO  main            d.u.i.k.p.i.AbstractProblemLoader Replaying proof Fib[ThreadSpec::joinTransfer()].JML accessible clause.0 
469203     DEBUG main            d.u.i.k.p.i.IntermediateProofReplayer Proof replay took 11.6ns 
469406     INFO  main            d.u.i.k.p.r.p.TestFile    ... finished proof: closed. 
469929     INFO  main            d.u.i.k.p.i.AbstractProblemLoader Loading environment from /home/runner/work/key/key/key.core/../key.ui/examples/heap/permissions/threads/Fib_joinTransfer_accessible.key.proof 
469930     DEBUG main            d.u.i.k.p.i.AbstractProblemLoader Environment load took 115.7ns 
469931     INFO  main            d.u.i.k.p.i.AbstractProblemLoader Creating init config 
475574     DEBUG main            d.u.i.k.p.i.AbstractProblemLoader Init config took 5.64s 
475683     INFO  main            d.u.i.k.p.i.AbstractProblemLoader Replaying proof Fib[ThreadSpec::joinTransfer()].JML accessible clause.0 
475708     DEBUG main            d.u.i.k.p.i.IntermediateProofReplayer Proof replay took 21.92ms 
475709     DEBUG main            d.u.i.k.p.r.p.TestFile    ... success: reloaded. 
475710     INFO  main            d.u.i.k.p.r.p.TestFile    Now processing file /home/runner/work/key/key/key.core/../key.ui/examples/heap/permissions/threads/Fib_joinTransfer_contract.key 
475710     INFO  main            d.u.i.k.p.i.AbstractProblemLoader Loading environment from /home/runner/work/key/key/key.core/../key.ui/examples/heap/permissions/threads/Fib_joinTransfer_contract.key 
475710     DEBUG main            d.u.i.k.p.i.AbstractProblemLoader Environment load took 65.2ns 
475711     INFO  main            d.u.i.k.p.i.AbstractProblemLoader Creating init config 
481520     DEBUG main            d.u.i.k.p.i.AbstractProblemLoader Init config took 5.81s 
481635     INFO  main            d.u.i.k.p.i.AbstractProblemLoader Replaying proof Fib[ThreadSpec::joinTransfer()].JML model_behavior operation contract.0 
481637     DEBUG main            d.u.i.k.p.i.IntermediateProofReplayer Proof replay took 8.5ns 
481739     INFO  main            d.u.i.k.p.r.p.TestFile    ... finished proof: closed. 
482277     INFO  main            d.u.i.k.p.i.AbstractProblemLoader Loading environment from /home/runner/work/key/key/key.core/../key.ui/examples/heap/permissions/threads/Fib_joinTransfer_contract.key.proof 
482277     DEBUG main            d.u.i.k.p.i.AbstractProblemLoader Environment load took 148ns 
482278     INFO  main            d.u.i.k.p.i.AbstractProblemLoader Creating init config 
487931     DEBUG main            d.u.i.k.p.i.AbstractProblemLoader Init config took 5.65s 
488035     INFO  main            d.u.i.k.p.i.AbstractProblemLoader Replaying proof Fib[ThreadSpec::joinTransfer()].JML model_behavior operation contract.0 
488045     DEBUG main            d.u.i.k.p.i.IntermediateProofReplayer Proof replay took 8.15ms 
488046     DEBUG main            d.u.i.k.p.r.p.TestFile    ... success: reloaded. 
488047     INFO  main            d.u.i.k.p.r.p.TestFile    Now processing file /home/runner/work/key/key/key.core/../key.ui/examples/heap/permissions/threads/Fib_postJoin_accessible.key 
488047     INFO  main            d.u.i.k.p.i.AbstractProblemLoader Loading environment from /home/runner/work/key/key/key.core/../key.ui/examples/heap/permissions/threads/Fib_postJoin_accessible.key 
488047     DEBUG main            d.u.i.k.p.i.AbstractProblemLoader Environment load took 111.2ns 
488048     INFO  main            d.u.i.k.p.i.AbstractProblemLoader Creating init config 
493842     DEBUG main            d.u.i.k.p.i.AbstractProblemLoader Init config took 5.79s 
493954     INFO  main            d.u.i.k.p.i.AbstractProblemLoader Replaying proof Fib[ThreadSpec::postJoin(java.lang.Object)].JML accessible clause.0 
493955     DEBUG main            d.u.i.k.p.i.IntermediateProofReplayer Proof replay took 20.5ns 
494057     INFO  main            d.u.i.k.p.r.p.TestFile    ... finished proof: closed. 
494602     INFO  main            d.u.i.k.p.i.AbstractProblemLoader Loading environment from /home/runner/work/key/key/key.core/../key.ui/examples/heap/permissions/threads/Fib_postJoin_accessible.key.proof 
494602     DEBUG main            d.u.i.k.p.i.AbstractProblemLoader Environment load took 107.3ns 
494603     INFO  main            d.u.i.k.p.i.AbstractProblemLoader Creating init config 
500472     DEBUG main            d.u.i.k.p.i.AbstractProblemLoader Init config took 5.87s 
500580     INFO  main            d.u.i.k.p.i.AbstractProblemLoader Replaying proof Fib[ThreadSpec::postJoin(java.lang.Object)].JML accessible clause.0 
500587     DEBUG main            d.u.i.k.p.i.IntermediateProofReplayer Proof replay took 5.37ms 
500588     DEBUG main            d.u.i.k.p.r.p.TestFile    ... success: reloaded. 
500589     INFO  main            d.u.i.k.p.r.p.TestFile    Now processing file /home/runner/work/key/key/key.core/../key.ui/examples/heap/permissions/threads/Fib_preStart_accessible.key 
500590     INFO  main            d.u.i.k.p.i.AbstractProblemLoader Loading environment from /home/runner/work/key/key/key.core/../key.ui/examples/heap/permissions/threads/Fib_preStart_accessible.key 
500590     DEBUG main            d.u.i.k.p.i.AbstractProblemLoader Environment load took 97.8ns 
500591     INFO  main            d.u.i.k.p.i.AbstractProblemLoader Creating init config 
506321     DEBUG main            d.u.i.k.p.i.AbstractProblemLoader Init config took 5.73s 
506453     INFO  main            d.u.i.k.p.i.AbstractProblemLoader Replaying proof Fib[ThreadSpec::preStart(java.lang.Object)].JML accessible clause.0 
506455     DEBUG main            d.u.i.k.p.i.IntermediateProofReplayer Proof replay took 7.8ns 
506558     INFO  main            d.u.i.k.p.r.p.TestFile    ... finished proof: closed. 
507080     INFO  main            d.u.i.k.p.i.AbstractProblemLoader Loading environment from /home/runner/work/key/key/key.core/../key.ui/examples/heap/permissions/threads/Fib_preStart_accessible.key.proof 
507080     DEBUG main            d.u.i.k.p.i.AbstractProblemLoader Environment load took 111.3ns 
507081     INFO  main            d.u.i.k.p.i.AbstractProblemLoader Creating init config 
512800     DEBUG main            d.u.i.k.p.i.AbstractProblemLoader Init config took 5.72s 
512920     INFO  main            d.u.i.k.p.i.AbstractProblemLoader Replaying proof Fib[ThreadSpec::preStart(java.lang.Object)].JML accessible clause.0 
512930     DEBUG main            d.u.i.k.p.i.IntermediateProofReplayer Proof replay took 8.41ms 
512931     DEBUG main            d.u.i.k.p.r.p.TestFile    ... success: reloaded. 
512932     INFO  main            d.u.i.k.p.r.p.TestFile    Now processing file /home/runner/work/key/key/key.core/../key.ui/examples/heap/permissions/threads/Fib_startTransfer_accessible.key 
512932     INFO  main            d.u.i.k.p.i.AbstractProblemLoader Loading environment from /home/runner/work/key/key/key.core/../key.ui/examples/heap/permissions/threads/Fib_startTransfer_accessible.key 
512933     DEBUG main            d.u.i.k.p.i.AbstractProblemLoader Environment load took 137.8ns 
512934     INFO  main            d.u.i.k.p.i.AbstractProblemLoader Creating init config 
518552     DEBUG main            d.u.i.k.p.i.AbstractProblemLoader Init config took 5.62s 
518651     INFO  main            d.u.i.k.p.i.AbstractProblemLoader Replaying proof Fib[ThreadSpec::startTransfer()].JML accessible clause.0 
518653     DEBUG main            d.u.i.k.p.i.IntermediateProofReplayer Proof replay took 7.8ns 
518855     INFO  main            d.u.i.k.p.r.p.TestFile    ... finished proof: closed. 
519413     INFO  main            d.u.i.k.p.i.AbstractProblemLoader Loading environment from /home/runner/work/key/key/key.core/../key.ui/examples/heap/permissions/threads/Fib_startTransfer_accessible.key.proof 
519413     DEBUG main            d.u.i.k.p.i.AbstractProblemLoader Environment load took 95.3ns 
519417     INFO  main            d.u.i.k.p.i.AbstractProblemLoader Creating init config 
525086     DEBUG main            d.u.i.k.p.i.AbstractProblemLoader Init config took 5.67s 
525223     INFO  main            d.u.i.k.p.i.AbstractProblemLoader Replaying proof Fib[ThreadSpec::startTransfer()].JML accessible clause.0 
525256     DEBUG main            d.u.i.k.p.i.IntermediateProofReplayer Proof replay took 30.8ms 
525258     DEBUG main            d.u.i.k.p.r.p.TestFile    ... success: reloaded. 
525259     INFO  main            d.u.i.k.p.r.p.TestFile    Now processing file /home/runner/work/key/key/key.core/../key.ui/examples/heap/permissions/threads/Fib_startTransfer_contract.key 
525259     INFO  main            d.u.i.k.p.i.AbstractProblemLoader Loading environment from /home/runner/work/key/key/key.core/../key.ui/examples/heap/permissions/threads/Fib_startTransfer_contract.key 
525259     DEBUG main            d.u.i.k.p.i.AbstractProblemLoader Environment load took 103.4ns 
525260     INFO  main            d.u.i.k.p.i.AbstractProblemLoader Creating init config 
531024     DEBUG main            d.u.i.k.p.i.AbstractProblemLoader Init config took 5.76s 
531132     INFO  main            d.u.i.k.p.i.AbstractProblemLoader Replaying proof Fib[ThreadSpec::startTransfer()].JML model_behavior operation contract.0 
531134     DEBUG main            d.u.i.k.p.i.IntermediateProofReplayer Proof replay took 8.6ns 
531236     INFO  main            d.u.i.k.p.r.p.TestFile    ... finished proof: closed. 
531776     INFO  main            d.u.i.k.p.i.AbstractProblemLoader Loading environment from /home/runner/work/key/key/key.core/../key.ui/examples/heap/permissions/threads/Fib_startTransfer_contract.key.proof 
531776     DEBUG main            d.u.i.k.p.i.AbstractProblemLoader Environment load took 101.3ns 
531777     INFO  main            d.u.i.k.p.i.AbstractProblemLoader Creating init config 
537416     DEBUG main            d.u.i.k.p.i.AbstractProblemLoader Init config took 5.64s 
537513     INFO  main            d.u.i.k.p.i.AbstractProblemLoader Replaying proof Fib[ThreadSpec::startTransfer()].JML model_behavior operation contract.0 
537523     DEBUG main            d.u.i.k.p.i.IntermediateProofReplayer Proof replay took 8.04ms 
537524     DEBUG main            d.u.i.k.p.r.p.TestFile    ... success: reloaded. 
537525     INFO  main            d.u.i.k.p.r.p.TestFile    Now processing file /home/runner/work/key/key/key.core/../key.ui/examples/heap/permissions/threads/Fib_workingPermissions_accessible.key 
537525     INFO  main            d.u.i.k.p.i.AbstractProblemLoader Loading environment from /home/runner/work/key/key/key.core/../key.ui/examples/heap/permissions/threads/Fib_workingPermissions_accessible.key 
537525     DEBUG main            d.u.i.k.p.i.AbstractProblemLoader Environment load took 115.4ns 
537526     INFO  main            d.u.i.k.p.i.AbstractProblemLoader Creating init config 
543379     DEBUG main            d.u.i.k.p.i.AbstractProblemLoader Init config took 5.85s 
543509     INFO  main            d.u.i.k.p.i.AbstractProblemLoader Replaying proof Fib[ThreadSpec::workingPermissions()].JML accessible clause.0 
543512     DEBUG main            d.u.i.k.p.i.IntermediateProofReplayer Proof replay took 8.2ns 
543614     INFO  main            d.u.i.k.p.r.p.TestFile    ... finished proof: closed. 
544197     INFO  main            d.u.i.k.p.i.AbstractProblemLoader Loading environment from /home/runner/work/key/key/key.core/../key.ui/examples/heap/permissions/threads/Fib_workingPermissions_accessible.key.proof 
544197     DEBUG main            d.u.i.k.p.i.AbstractProblemLoader Environment load took 121.1ns 
544198     INFO  main            d.u.i.k.p.i.AbstractProblemLoader Creating init config 
550102     DEBUG main            d.u.i.k.p.i.AbstractProblemLoader Init config took 5.9s 
550207     INFO  main            d.u.i.k.p.i.AbstractProblemLoader Replaying proof Fib[ThreadSpec::workingPermissions()].JML accessible clause.0 
550211     DEBUG main            d.u.i.k.p.i.IntermediateProofReplayer Proof replay took 2.22ms 
550212     DEBUG main            d.u.i.k.p.r.p.TestFile    ... success: reloaded. 
550213     INFO  main            d.u.i.k.p.r.p.TestFile    Now processing file /home/runner/work/key/key/key.core/../key.ui/examples/heap/permissions/threads/Plotter_initPost_accessible.key 
550213     INFO  main            d.u.i.k.p.i.AbstractProblemLoader Loading environment from /home/runner/work/key/key/key.core/../key.ui/examples/heap/permissions/threads/Plotter_initPost_accessible.key 
550213     DEBUG main            d.u.i.k.p.i.AbstractProblemLoader Environment load took 60ns 
550214     INFO  main            d.u.i.k.p.i.AbstractProblemLoader Creating init config 
556205     DEBUG main            d.u.i.k.p.i.AbstractProblemLoader Init config took 5.99s 
556329     INFO  main            d.u.i.k.p.i.AbstractProblemLoader Replaying proof Plotter[ThreadSpec2::initPost()].JML accessible clause.0 
556331     DEBUG main            d.u.i.k.p.i.IntermediateProofReplayer Proof replay took 9ns 
556533     INFO  main            d.u.i.k.p.r.p.TestFile    ... finished proof: closed. 
557138     INFO  main            d.u.i.k.p.i.AbstractProblemLoader Loading environment from /home/runner/work/key/key/key.core/../key.ui/examples/heap/permissions/threads/Plotter_initPost_accessible.key.proof 
557139     DEBUG main            d.u.i.k.p.i.AbstractProblemLoader Environment load took 104.1ns 
557140     INFO  main            d.u.i.k.p.i.AbstractProblemLoader Creating init config 
563085     DEBUG main            d.u.i.k.p.i.AbstractProblemLoader Init config took 5.95s 
563187     INFO  main            d.u.i.k.p.i.AbstractProblemLoader Replaying proof Plotter[ThreadSpec2::initPost()].JML accessible clause.0 
563201     DEBUG main            d.u.i.k.p.i.IntermediateProofReplayer Proof replay took 11.34ms 
563202     DEBUG main            d.u.i.k.p.r.p.TestFile    ... success: reloaded. 
563203     INFO  main            d.u.i.k.p.r.p.TestFile    Now processing file /home/runner/work/key/key/key.core/../key.ui/examples/heap/permissions/threads/Plotter_inv_accessible1.key 
563203     INFO  main            d.u.i.k.p.i.AbstractProblemLoader Loading environment from /home/runner/work/key/key/key.core/../key.ui/examples/heap/permissions/threads/Plotter_inv_accessible1.key 
563203     DEBUG main            d.u.i.k.p.i.AbstractProblemLoader Environment load took 56.9ns 
563204     INFO  main            d.u.i.k.p.i.AbstractProblemLoader Creating init config 
569182     DEBUG main            d.u.i.k.p.i.AbstractProblemLoader Init config took 5.98s 
569289     INFO  main            d.u.i.k.p.i.AbstractProblemLoader Replaying proof Plotter[java.lang.Object::<inv>()].JML accessible clause.0 
569291     DEBUG main            d.u.i.k.p.i.IntermediateProofReplayer Proof replay took 8.6ns 
569393     INFO  main            d.u.i.k.p.r.p.TestFile    ... finished proof: closed. 
569996     INFO  main            d.u.i.k.p.i.AbstractProblemLoader Loading environment from /home/runner/work/key/key/key.core/../key.ui/examples/heap/permissions/threads/Plotter_inv_accessible1.key.proof 
569996     DEBUG main            d.u.i.k.p.i.AbstractProblemLoader Environment load took 98.7ns 
569997     INFO  main            d.u.i.k.p.i.AbstractProblemLoader Creating init config 
575911     DEBUG main            d.u.i.k.p.i.AbstractProblemLoader Init config took 5.91s 
576019     INFO  main            d.u.i.k.p.i.AbstractProblemLoader Replaying proof Plotter[java.lang.Object::<inv>()].JML accessible clause.0 
576023     DEBUG main            d.u.i.k.p.i.IntermediateProofReplayer Proof replay took 1.83ms 
576024     DEBUG main            d.u.i.k.p.r.p.TestFile    ... success: reloaded. 
576025     INFO  main            d.u.i.k.p.r.p.TestFile    Now processing file /home/runner/work/key/key/key.core/../key.ui/examples/heap/permissions/threads/Plotter_inv_accessible2.key 
576025     INFO  main            d.u.i.k.p.i.AbstractProblemLoader Loading environment from /home/runner/work/key/key/key.core/../key.ui/examples/heap/permissions/threads/Plotter_inv_accessible2.key 
576025     DEBUG main            d.u.i.k.p.i.AbstractProblemLoader Environment load took 60.8ns 
576026     INFO  main            d.u.i.k.p.i.AbstractProblemLoader Creating init config 
582039     DEBUG main            d.u.i.k.p.i.AbstractProblemLoader Init config took 6.01s 
582169     INFO  main            d.u.i.k.p.i.AbstractProblemLoader Replaying proof Plotter[java.lang.Object::<inv>()].JML accessible clause.1 
582170     DEBUG main            d.u.i.k.p.i.IntermediateProofReplayer Proof replay took 8.2ns 
582272     INFO  main            d.u.i.k.p.r.p.TestFile    ... finished proof: closed. 
582852     INFO  main            d.u.i.k.p.i.AbstractProblemLoader Loading environment from /home/runner/work/key/key/key.core/../key.ui/examples/heap/permissions/threads/Plotter_inv_accessible2.key.proof 
582852     DEBUG main            d.u.i.k.p.i.AbstractProblemLoader Environment load took 98.1ns 
582854     INFO  main            d.u.i.k.p.i.AbstractProblemLoader Creating init config 
588640     DEBUG main            d.u.i.k.p.i.AbstractProblemLoader Init config took 5.79s 
588749     INFO  main            d.u.i.k.p.i.AbstractProblemLoader Replaying proof Plotter[java.lang.Object::<inv>()].JML accessible clause.1 
588752     DEBUG main            d.u.i.k.p.i.IntermediateProofReplayer Proof replay took 1.61ms 
588753     DEBUG main            d.u.i.k.p.r.p.TestFile    ... success: reloaded. 
588754     INFO  main            d.u.i.k.p.r.p.TestFile    Now processing file /home/runner/work/key/key/key.core/../key.ui/examples/heap/permissions/threads/Plotter_joinTransfer_contract.key 
588754     INFO  main            d.u.i.k.p.i.AbstractProblemLoader Loading environment from /home/runner/work/key/key/key.core/../key.ui/examples/heap/permissions/threads/Plotter_joinTransfer_contract.key 
588754     DEBUG main            d.u.i.k.p.i.AbstractProblemLoader Environment load took 133.3ns 
588755     INFO  main            d.u.i.k.p.i.AbstractProblemLoader Creating init config 
594600     DEBUG main            d.u.i.k.p.i.AbstractProblemLoader Init config took 5.84s 
594700     INFO  main            d.u.i.k.p.i.AbstractProblemLoader Replaying proof Plotter[ThreadSpec2::joinTransfer()].JML model_behavior operation contract.0 
594702     DEBUG main            d.u.i.k.p.i.IntermediateProofReplayer Proof replay took 8.6ns 
594804     INFO  main            d.u.i.k.p.r.p.TestFile    ... finished proof: closed. 
595398     INFO  main            d.u.i.k.p.i.AbstractProblemLoader Loading environment from /home/runner/work/key/key/key.core/../key.ui/examples/heap/permissions/threads/Plotter_joinTransfer_contract.key.proof 
595398     DEBUG main            d.u.i.k.p.i.AbstractProblemLoader Environment load took 97.1ns 
595399     INFO  main            d.u.i.k.p.i.AbstractProblemLoader Creating init config 
601184     DEBUG main            d.u.i.k.p.i.AbstractProblemLoader Init config took 5.78s 
601305     INFO  main            d.u.i.k.p.i.AbstractProblemLoader Replaying proof Plotter[ThreadSpec2::joinTransfer()].JML model_behavior operation contract.0 
601316     DEBUG main            d.u.i.k.p.i.IntermediateProofReplayer Proof replay took 8.96ms 
601317     DEBUG main            d.u.i.k.p.r.p.TestFile    ... success: reloaded. 
601318     INFO  main            d.u.i.k.p.r.p.TestFile    Now processing file /home/runner/work/key/key/key.core/../key.ui/examples/heap/permissions/threads/Plotter_Plotter.key 
601318     INFO  main            d.u.i.k.p.i.AbstractProblemLoader Loading environment from /home/runner/work/key/key/key.core/../key.ui/examples/heap/permissions/threads/Plotter_Plotter.key 
601318     DEBUG main            d.u.i.k.p.i.AbstractProblemLoader Environment load took 57.9ns 
601319     INFO  main            d.u.i.k.p.i.AbstractProblemLoader Creating init config 
607219     DEBUG main            d.u.i.k.p.i.AbstractProblemLoader Init config took 5.9s 
607329     INFO  main            d.u.i.k.p.i.AbstractProblemLoader Replaying proof Plotter[Plotter::Plotter(AFilter,BFilter,Buffer)].JML normal_behavior operation contract.0 
607330     DEBUG main            d.u.i.k.p.i.IntermediateProofReplayer Proof replay took 7.7ns 
609454     INFO  main            d.u.i.k.p.r.p.TestFile    ... finished proof: closed. 
610100     INFO  main            d.u.i.k.p.i.AbstractProblemLoader Loading environment from /home/runner/work/key/key/key.core/../key.ui/examples/heap/permissions/threads/Plotter_Plotter.key.proof 
610101     DEBUG main            d.u.i.k.p.i.AbstractProblemLoader Environment load took 145.2ns 
610102     INFO  main            d.u.i.k.p.i.AbstractProblemLoader Creating init config 
615966     DEBUG main            d.u.i.k.p.i.AbstractProblemLoader Init config took 5.86s 
616071     INFO  main            d.u.i.k.p.i.AbstractProblemLoader Replaying proof Plotter[Plotter::Plotter(AFilter,BFilter,Buffer)].JML normal_behavior operation contract.0 
616312     DEBUG main            d.u.i.k.p.i.IntermediateProofReplayer Proof replay took 233.64ms 
616313     DEBUG main            d.u.i.k.p.r.p.TestFile    ... success: reloaded. 
616315     INFO  main            d.u.i.k.p.r.p.TestFile    Now processing file /home/runner/work/key/key/key.core/../key.ui/examples/heap/permissions/threads/Plotter_postJoin_accessible.key 
616315     INFO  main            d.u.i.k.p.i.AbstractProblemLoader Loading environment from /home/runner/work/key/key/key.core/../key.ui/examples/heap/permissions/threads/Plotter_postJoin_accessible.key 
616315     DEBUG main            d.u.i.k.p.i.AbstractProblemLoader Environment load took 286ns 
616317     INFO  main            d.u.i.k.p.i.AbstractProblemLoader Creating init config 
622168     DEBUG main            d.u.i.k.p.i.AbstractProblemLoader Init config took 5.85s 
622306     INFO  main            d.u.i.k.p.i.AbstractProblemLoader Replaying proof Plotter[ThreadSpec2::postJoin(java.lang.Object)].JML accessible clause.0 
622308     DEBUG main            d.u.i.k.p.i.IntermediateProofReplayer Proof replay took 9.7ns 
622410     INFO  main            d.u.i.k.p.r.p.TestFile    ... finished proof: closed. 
623039     INFO  main            d.u.i.k.p.i.AbstractProblemLoader Loading environment from /home/runner/work/key/key/key.core/../key.ui/examples/heap/permissions/threads/Plotter_postJoin_accessible.key.proof 
623039     DEBUG main            d.u.i.k.p.i.AbstractProblemLoader Environment load took 109ns 
623041     INFO  main            d.u.i.k.p.i.AbstractProblemLoader Creating init config 
628739     DEBUG main            d.u.i.k.p.i.AbstractProblemLoader Init config took 5.7s 
628845     INFO  main            d.u.i.k.p.i.AbstractProblemLoader Replaying proof Plotter[ThreadSpec2::postJoin(java.lang.Object)].JML accessible clause.0 
628861     DEBUG main            d.u.i.k.p.i.IntermediateProofReplayer Proof replay took 12.73ms 
628862     DEBUG main            d.u.i.k.p.r.p.TestFile    ... success: reloaded. 
628863     INFO  main            d.u.i.k.p.r.p.TestFile    Now processing file /home/runner/work/key/key/key.core/../key.ui/examples/heap/permissions/threads/Plotter_preStart_accessible.key 
628864     INFO  main            d.u.i.k.p.i.AbstractProblemLoader Loading environment from /home/runner/work/key/key/key.core/../key.ui/examples/heap/permissions/threads/Plotter_preStart_accessible.key 
628864     DEBUG main            d.u.i.k.p.i.AbstractProblemLoader Environment load took 234.1ns 
628865     INFO  main            d.u.i.k.p.i.AbstractProblemLoader Creating init config 
634797     DEBUG main            d.u.i.k.p.i.AbstractProblemLoader Init config took 5.93s 
634905     INFO  main            d.u.i.k.p.i.AbstractProblemLoader Replaying proof Plotter[ThreadSpec2::preStart(java.lang.Object)].JML accessible clause.0 
634907     DEBUG main            d.u.i.k.p.i.IntermediateProofReplayer Proof replay took 7.7ns 
636211     INFO  main            d.u.i.k.p.r.p.TestFile    ... finished proof: closed. 
636875     INFO  main            d.u.i.k.p.i.AbstractProblemLoader Loading environment from /home/runner/work/key/key/key.core/../key.ui/examples/heap/permissions/threads/Plotter_preStart_accessible.key.proof 
636875     DEBUG main            d.u.i.k.p.i.AbstractProblemLoader Environment load took 104.7ns 
636876     INFO  main            d.u.i.k.p.i.AbstractProblemLoader Creating init config 
642604     DEBUG main            d.u.i.k.p.i.AbstractProblemLoader Init config took 5.73s 
642709     INFO  main            d.u.i.k.p.i.AbstractProblemLoader Replaying proof Plotter[ThreadSpec2::preStart(java.lang.Object)].JML accessible clause.0 
642778     DEBUG main            d.u.i.k.p.i.IntermediateProofReplayer Proof replay took 64.79ms 
642779     DEBUG main            d.u.i.k.p.r.p.TestFile    ... success: reloaded. 
642781     INFO  main            d.u.i.k.p.r.p.TestFile    Now processing file /home/runner/work/key/key/key.core/../key.ui/examples/heap/permissions/threads/Plotter_stateInv_accessible.key 
642781     INFO  main            d.u.i.k.p.i.AbstractProblemLoader Loading environment from /home/runner/work/key/key/key.core/../key.ui/examples/heap/permissions/threads/Plotter_stateInv_accessible.key 
642781     DEBUG main            d.u.i.k.p.i.AbstractProblemLoader Environment load took 96.1ns 
642785     INFO  main            d.u.i.k.p.i.AbstractProblemLoader Creating init config 
648702     DEBUG main            d.u.i.k.p.i.AbstractProblemLoader Init config took 5.92s 
648807     INFO  main            d.u.i.k.p.i.AbstractProblemLoader Replaying proof Plotter[ThreadSpec2::stateInv()].JML accessible clause.0 
648809     DEBUG main            d.u.i.k.p.i.IntermediateProofReplayer Proof replay took 7.2ns 
658418     INFO  main            d.u.i.k.p.r.p.TestFile    ... finished proof: closed. 
659101     INFO  main            d.u.i.k.p.i.AbstractProblemLoader Loading environment from /home/runner/work/key/key/key.core/../key.ui/examples/heap/permissions/threads/Plotter_stateInv_accessible.key.proof 
659101     DEBUG main            d.u.i.k.p.i.AbstractProblemLoader Environment load took 159.1ns 
659103     INFO  main            d.u.i.k.p.i.AbstractProblemLoader Creating init config 
664881     DEBUG main            d.u.i.k.p.i.AbstractProblemLoader Init config took 5.78s 
665003     INFO  main            d.u.i.k.p.i.AbstractProblemLoader Replaying proof Plotter[ThreadSpec2::stateInv()].JML accessible clause.0 
665563     DEBUG main            d.u.i.k.p.i.IntermediateProofReplayer Proof replay took 540.97ms 
665565     DEBUG main            d.u.i.k.p.r.p.TestFile    ... success: reloaded. 
665566     INFO  main            d.u.i.k.p.r.p.TestFile    Now processing file /home/runner/work/key/key/key.core/../key.ui/examples/heap/permissions/threads/Plotter_staticPermissions_accessible.key 
665566     INFO  main            d.u.i.k.p.i.AbstractProblemLoader Loading environment from /home/runner/work/key/key/key.core/../key.ui/examples/heap/permissions/threads/Plotter_staticPermissions_accessible.key 
665567     DEBUG main            d.u.i.k.p.i.AbstractProblemLoader Environment load took 85.2ns 
665568     INFO  main            d.u.i.k.p.i.AbstractProblemLoader Creating init config 
671483     DEBUG main            d.u.i.k.p.i.AbstractProblemLoader Init config took 5.91s 
671593     INFO  main            d.u.i.k.p.i.AbstractProblemLoader Replaying proof Plotter[ThreadSpec2::staticPermissions()].JML accessible clause.0 
671595     DEBUG main            d.u.i.k.p.i.IntermediateProofReplayer Proof replay took 46.4ns 
672721     INFO  main            d.u.i.k.p.r.p.TestFile    ... finished proof: closed. 
673359     INFO  main            d.u.i.k.p.i.AbstractProblemLoader Loading environment from /home/runner/work/key/key/key.core/../key.ui/examples/heap/permissions/threads/Plotter_staticPermissions_accessible.key.proof 
673359     DEBUG main            d.u.i.k.p.i.AbstractProblemLoader Environment load took 453.8ns 
673360     INFO  main            d.u.i.k.p.i.AbstractProblemLoader Creating init config 
679060     DEBUG main            d.u.i.k.p.i.AbstractProblemLoader Init config took 5.7s 
679182     INFO  main            d.u.i.k.p.i.AbstractProblemLoader Replaying proof Plotter[ThreadSpec2::staticPermissions()].JML accessible clause.0 
679242     DEBUG main            d.u.i.k.p.i.IntermediateProofReplayer Proof replay took 56.39ms 
679243     DEBUG main            d.u.i.k.p.r.p.TestFile    ... success: reloaded. 
679245     INFO  main            d.u.i.k.p.r.p.TestFile    Now processing file /home/runner/work/key/key/key.core/../key.ui/examples/heap/permissions/threads/Plotter_workingPermissions_accessible.key 
679245     INFO  main            d.u.i.k.p.i.AbstractProblemLoader Loading environment from /home/runner/work/key/key/key.core/../key.ui/examples/heap/permissions/threads/Plotter_workingPermissions_accessible.key 
679245     DEBUG main            d.u.i.k.p.i.AbstractProblemLoader Environment load took 102.5ns 
679246     INFO  main            d.u.i.k.p.i.AbstractProblemLoader Creating init config 
685127     DEBUG main            d.u.i.k.p.i.AbstractProblemLoader Init config took 5.88s 
685244     INFO  main            d.u.i.k.p.i.AbstractProblemLoader Replaying proof Plotter[ThreadSpec2::workingPermissions()].JML accessible clause.0 
685246     DEBUG main            d.u.i.k.p.i.IntermediateProofReplayer Proof replay took 4ns 
685448     INFO  main            d.u.i.k.p.r.p.TestFile    ... finished proof: closed. 
686084     INFO  main            d.u.i.k.p.i.AbstractProblemLoader Loading environment from /home/runner/work/key/key/key.core/../key.ui/examples/heap/permissions/threads/Plotter_workingPermissions_accessible.key.proof 
686085     DEBUG main            d.u.i.k.p.i.AbstractProblemLoader Environment load took 103.2ns 
686086     INFO  main            d.u.i.k.p.i.AbstractProblemLoader Creating init config 
691749     DEBUG main            d.u.i.k.p.i.AbstractProblemLoader Init config took 5.66s 
691857     INFO  main            d.u.i.k.p.i.AbstractProblemLoader Replaying proof Plotter[ThreadSpec2::workingPermissions()].JML accessible clause.0 
691874     DEBUG main            d.u.i.k.p.i.IntermediateProofReplayer Proof replay took 14.56ms 
691875     DEBUG main            d.u.i.k.p.r.p.TestFile    ... success: reloaded. 
691877     INFO  main            d.u.i.k.p.r.p.TestFile    Now processing file /home/runner/work/key/key/key.core/../key.ui/examples/heap/permissions/threads/Sampler_initPost_accessible.key 
691877     INFO  main            d.u.i.k.p.i.AbstractProblemLoader Loading environment from /home/runner/work/key/key/key.core/../key.ui/examples/heap/permissions/threads/Sampler_initPost_accessible.key 
691877     DEBUG main            d.u.i.k.p.i.AbstractProblemLoader Environment load took 90.2ns 
691878     INFO  main            d.u.i.k.p.i.AbstractProblemLoader Creating init config 
697640     DEBUG main            d.u.i.k.p.i.AbstractProblemLoader Init config took 5.76s 
697746     INFO  main            d.u.i.k.p.i.AbstractProblemLoader Replaying proof Sampler[ThreadSpec2::initPost()].JML accessible clause.0 
697748     DEBUG main            d.u.i.k.p.i.IntermediateProofReplayer Proof replay took 4ns 
697850     INFO  main            d.u.i.k.p.r.p.TestFile    ... finished proof: closed. 
698508     INFO  main            d.u.i.k.p.i.AbstractProblemLoader Loading environment from /home/runner/work/key/key/key.core/../key.ui/examples/heap/permissions/threads/Sampler_initPost_accessible.key.proof 
698508     DEBUG main            d.u.i.k.p.i.AbstractProblemLoader Environment load took 89.3ns 
698509     INFO  main            d.u.i.k.p.i.AbstractProblemLoader Creating init config 
704079     DEBUG main            d.u.i.k.p.i.AbstractProblemLoader Init config took 5.57s 
704198     INFO  main            d.u.i.k.p.i.AbstractProblemLoader Replaying proof Sampler[ThreadSpec2::initPost()].JML accessible clause.0 
704205     DEBUG main            d.u.i.k.p.i.IntermediateProofReplayer Proof replay took 5.8ms 
704207     DEBUG main            d.u.i.k.p.r.p.TestFile    ... success: reloaded. 
704208     INFO  main            d.u.i.k.p.r.p.TestFile    Now processing file /home/runner/work/key/key/key.core/../key.ui/examples/heap/permissions/threads/Sampler_inv_accessible1.key 
704208     INFO  main            d.u.i.k.p.i.AbstractProblemLoader Loading environment from /home/runner/work/key/key/key.core/../key.ui/examples/heap/permissions/threads/Sampler_inv_accessible1.key 
704208     DEBUG main            d.u.i.k.p.i.AbstractProblemLoader Environment load took 57.4ns 
704209     INFO  main            d.u.i.k.p.i.AbstractProblemLoader Creating init config 
710012     DEBUG main            d.u.i.k.p.i.AbstractProblemLoader Init config took 5.8s 
710145     INFO  main            d.u.i.k.p.i.AbstractProblemLoader Replaying proof Sampler[java.lang.Object::<inv>()].JML accessible clause.0 
710147     DEBUG main            d.u.i.k.p.i.IntermediateProofReplayer Proof replay took 4ns 
710249     INFO  main            d.u.i.k.p.r.p.TestFile    ... finished proof: closed. 
710928     INFO  main            d.u.i.k.p.i.AbstractProblemLoader Loading environment from /home/runner/work/key/key/key.core/../key.ui/examples/heap/permissions/threads/Sampler_inv_accessible1.key.proof 
710929     DEBUG main            d.u.i.k.p.i.AbstractProblemLoader Environment load took 93.8ns 
710930     INFO  main            d.u.i.k.p.i.AbstractProblemLoader Creating init config 
716533     DEBUG main            d.u.i.k.p.i.AbstractProblemLoader Init config took 5.6s 
716657     INFO  main            d.u.i.k.p.i.AbstractProblemLoader Replaying proof Sampler[java.lang.Object::<inv>()].JML accessible clause.0 
716661     DEBUG main            d.u.i.k.p.i.IntermediateProofReplayer Proof replay took 1.86ms 
716662     DEBUG main            d.u.i.k.p.r.p.TestFile    ... success: reloaded. 
716663     INFO  main            d.u.i.k.p.r.p.TestFile    Now processing file /home/runner/work/key/key/key.core/../key.ui/examples/heap/permissions/threads/Sampler_inv_accessible2.key 
716663     INFO  main            d.u.i.k.p.i.AbstractProblemLoader Loading environment from /home/runner/work/key/key/key.core/../key.ui/examples/heap/permissions/threads/Sampler_inv_accessible2.key 
716663     DEBUG main            d.u.i.k.p.i.AbstractProblemLoader Environment load took 104.7ns 
716664     INFO  main            d.u.i.k.p.i.AbstractProblemLoader Creating init config 
722472     DEBUG main            d.u.i.k.p.i.AbstractProblemLoader Init config took 5.81s 
722573     INFO  main            d.u.i.k.p.i.AbstractProblemLoader Replaying proof Sampler[java.lang.Object::<inv>()].JML accessible clause.1 
722575     DEBUG main            d.u.i.k.p.i.IntermediateProofReplayer Proof replay took 3.7ns 
722676     INFO  main            d.u.i.k.p.r.p.TestFile    ... finished proof: closed. 
723372     INFO  main            d.u.i.k.p.i.AbstractProblemLoader Loading environment from /home/runner/work/key/key/key.core/../key.ui/examples/heap/permissions/threads/Sampler_inv_accessible2.key.proof 
723372     DEBUG main            d.u.i.k.p.i.AbstractProblemLoader Environment load took 99.2ns 
723376     INFO  main            d.u.i.k.p.i.AbstractProblemLoader Creating init config 
729198     DEBUG main            d.u.i.k.p.i.AbstractProblemLoader Init config took 5.82s 
729326     INFO  main            d.u.i.k.p.i.AbstractProblemLoader Replaying proof Sampler[java.lang.Object::<inv>()].JML accessible clause.1 
729330     DEBUG main            d.u.i.k.p.i.IntermediateProofReplayer Proof replay took 1.73ms 
729331     DEBUG main            d.u.i.k.p.r.p.TestFile    ... success: reloaded. 
729332     INFO  main            d.u.i.k.p.r.p.TestFile    Now processing file /home/runner/work/key/key/key.core/../key.ui/examples/heap/permissions/threads/Sampler_joinTransfer_accessible.key 
729332     INFO  main            d.u.i.k.p.i.AbstractProblemLoader Loading environment from /home/runner/work/key/key/key.core/../key.ui/examples/heap/permissions/threads/Sampler_joinTransfer_accessible.key 
729332     DEBUG main            d.u.i.k.p.i.AbstractProblemLoader Environment load took 75.4ns 
729333     INFO  main            d.u.i.k.p.i.AbstractProblemLoader Creating init config 
735293     DEBUG main            d.u.i.k.p.i.AbstractProblemLoader Init config took 5.96s 
735403     INFO  main            d.u.i.k.p.i.AbstractProblemLoader Replaying proof Sampler[ThreadSpec2::joinTransfer()].JML accessible clause.0 
735404     DEBUG main            d.u.i.k.p.i.IntermediateProofReplayer Proof replay took 3.8ns 
739427     INFO  main            d.u.i.k.p.r.p.TestFile    ... finished proof: closed. 
740131     INFO  main            d.u.i.k.p.i.AbstractProblemLoader Loading environment from /home/runner/work/key/key/key.core/../key.ui/examples/heap/permissions/threads/Sampler_joinTransfer_accessible.key.proof 
740131     DEBUG main            d.u.i.k.p.i.AbstractProblemLoader Environment load took 104.6ns 
740133     INFO  main            d.u.i.k.p.i.AbstractProblemLoader Creating init config 
746103     DEBUG main            d.u.i.k.p.i.AbstractProblemLoader Init config took 5.97s 
746217     INFO  main            d.u.i.k.p.i.AbstractProblemLoader Replaying proof Sampler[ThreadSpec2::joinTransfer()].JML accessible clause.0 
746805     DEBUG main            d.u.i.k.p.i.IntermediateProofReplayer Proof replay took 571.58ms 
746806     DEBUG main            d.u.i.k.p.r.p.TestFile    ... success: reloaded. 
746808     INFO  main            d.u.i.k.p.r.p.TestFile    Now processing file /home/runner/work/key/key/key.core/../key.ui/examples/heap/permissions/threads/Sampler_joinTransfer_contract.key 
746808     INFO  main            d.u.i.k.p.i.AbstractProblemLoader Loading environment from /home/runner/work/key/key/key.core/../key.ui/examples/heap/permissions/threads/Sampler_joinTransfer_contract.key 
746808     DEBUG main            d.u.i.k.p.i.AbstractProblemLoader Environment load took 63.7ns 
746809     INFO  main            d.u.i.k.p.i.AbstractProblemLoader Creating init config 
752876     DEBUG main            d.u.i.k.p.i.AbstractProblemLoader Init config took 6.07s 
752983     INFO  main            d.u.i.k.p.i.AbstractProblemLoader Replaying proof Sampler[ThreadSpec2::joinTransfer()].JML model_behavior operation contract.0 
752987     DEBUG main            d.u.i.k.p.i.IntermediateProofReplayer Proof replay took 3.9ns 
753089     INFO  main            d.u.i.k.p.r.p.TestFile    ... finished proof: closed. 
753833     INFO  main            d.u.i.k.p.i.AbstractProblemLoader Loading environment from /home/runner/work/key/key/key.core/../key.ui/examples/heap/permissions/threads/Sampler_joinTransfer_contract.key.proof 
753833     DEBUG main            d.u.i.k.p.i.AbstractProblemLoader Environment load took 99.3ns 
753834     INFO  main            d.u.i.k.p.i.AbstractProblemLoader Creating init config 
760170     DEBUG main            d.u.i.k.p.i.AbstractProblemLoader Init config took 6.34s 
760283     INFO  main            d.u.i.k.p.i.AbstractProblemLoader Replaying proof Sampler[ThreadSpec2::joinTransfer()].JML model_behavior operation contract.0 
760295     DEBUG main            d.u.i.k.p.i.IntermediateProofReplayer Proof replay took 8.67ms 
760296     DEBUG main            d.u.i.k.p.r.p.TestFile    ... success: reloaded. 
760298     INFO  main            d.u.i.k.p.r.p.TestFile    Now processing file /home/runner/work/key/key/key.core/../key.ui/examples/heap/permissions/threads/Sampler_postJoin_accessible.key 
760298     INFO  main            d.u.i.k.p.i.AbstractProblemLoader Loading environment from /home/runner/work/key/key/key.core/../key.ui/examples/heap/permissions/threads/Sampler_postJoin_accessible.key 
760298     DEBUG main            d.u.i.k.p.i.AbstractProblemLoader Environment load took 62.1ns 
760299     INFO  main            d.u.i.k.p.i.AbstractProblemLoader Creating init config 
766285     DEBUG main            d.u.i.k.p.i.AbstractProblemLoader Init config took 5.99s 
766396     INFO  main            d.u.i.k.p.i.AbstractProblemLoader Replaying proof Sampler[ThreadSpec2::postJoin(java.lang.Object)].JML accessible clause.0 
766398     DEBUG main            d.u.i.k.p.i.IntermediateProofReplayer Proof replay took 4.3ns 
766500     INFO  main            d.u.i.k.p.r.p.TestFile    ... finished proof: closed. 
767191     INFO  main            d.u.i.k.p.i.AbstractProblemLoader Loading environment from /home/runner/work/key/key/key.core/../key.ui/examples/heap/permissions/threads/Sampler_postJoin_accessible.key.proof 
767191     DEBUG main            d.u.i.k.p.i.AbstractProblemLoader Environment load took 89.7ns 
767192     INFO  main            d.u.i.k.p.i.AbstractProblemLoader Creating init config 
773189     DEBUG main            d.u.i.k.p.i.AbstractProblemLoader Init config took 6s 
773297     INFO  main            d.u.i.k.p.i.AbstractProblemLoader Replaying proof Sampler[ThreadSpec2::postJoin(java.lang.Object)].JML accessible clause.0 
773308     DEBUG main            d.u.i.k.p.i.IntermediateProofReplayer Proof replay took 9.31ms 
773309     DEBUG main            d.u.i.k.p.r.p.TestFile    ... success: reloaded. 
773310     INFO  main            d.u.i.k.p.r.p.TestFile    Now processing file /home/runner/work/key/key/key.core/../key.ui/examples/heap/permissions/threads/Sampler_preStart_accessible.key 
773311     INFO  main            d.u.i.k.p.i.AbstractProblemLoader Loading environment from /home/runner/work/key/key/key.core/../key.ui/examples/heap/permissions/threads/Sampler_preStart_accessible.key 
773311     DEBUG main            d.u.i.k.p.i.AbstractProblemLoader Environment load took 61.1ns 
773312     INFO  main            d.u.i.k.p.i.AbstractProblemLoader Creating init config 
779185     DEBUG main            d.u.i.k.p.i.AbstractProblemLoader Init config took 5.87s 
779289     INFO  main            d.u.i.k.p.i.AbstractProblemLoader Replaying proof Sampler[ThreadSpec2::preStart(java.lang.Object)].JML accessible clause.0 
779291     DEBUG main            d.u.i.k.p.i.IntermediateProofReplayer Proof replay took 4.6ns 
779394     INFO  main            d.u.i.k.p.r.p.TestFile    ... finished proof: closed. 
780112     INFO  main            d.u.i.k.p.i.AbstractProblemLoader Loading environment from /home/runner/work/key/key/key.core/../key.ui/examples/heap/permissions/threads/Sampler_preStart_accessible.key.proof 
780112     DEBUG main            d.u.i.k.p.i.AbstractProblemLoader Environment load took 84.5ns 
780113     INFO  main            d.u.i.k.p.i.AbstractProblemLoader Creating init config 
785757     DEBUG main            d.u.i.k.p.i.AbstractProblemLoader Init config took 5.64s 
785865     INFO  main            d.u.i.k.p.i.AbstractProblemLoader Replaying proof Sampler[ThreadSpec2::preStart(java.lang.Object)].JML accessible clause.0 
785878     DEBUG main            d.u.i.k.p.i.IntermediateProofReplayer Proof replay took 10.34ms 
785879     DEBUG main            d.u.i.k.p.r.p.TestFile    ... success: reloaded. 
785880     INFO  main            d.u.i.k.p.r.p.TestFile    Now processing file /home/runner/work/key/key/key.core/../key.ui/examples/heap/permissions/threads/Sampler_run.key 
785880     INFO  main            d.u.i.k.p.i.AbstractProblemLoader Loading environment from /home/runner/work/key/key/key.core/../key.ui/examples/heap/permissions/threads/Sampler_run.key 
785880     DEBUG main            d.u.i.k.p.i.AbstractProblemLoader Environment load took 73.5ns 
785881     INFO  main            d.u.i.k.p.i.AbstractProblemLoader Creating init config 
791700     DEBUG main            d.u.i.k.p.i.AbstractProblemLoader Init config took 5.82s 
791808     INFO  main            d.u.i.k.p.i.AbstractProblemLoader Replaying proof Sampler[ThreadSpec2::run()].JML normal_behavior operation contract.0 
791810     DEBUG main            d.u.i.k.p.i.IntermediateProofReplayer Proof replay took 5ns 
792012     INFO  main            d.u.i.k.p.r.p.TestFile    ... finished proof: closed. 
792736     INFO  main            d.u.i.k.p.i.AbstractProblemLoader Loading environment from /home/runner/work/key/key/key.core/../key.ui/examples/heap/permissions/threads/Sampler_run.key.proof 
792737     DEBUG main            d.u.i.k.p.i.AbstractProblemLoader Environment load took 101ns 
792738     INFO  main            d.u.i.k.p.i.AbstractProblemLoader Creating init config 
798455     DEBUG main            d.u.i.k.p.i.AbstractProblemLoader Init config took 5.72s 
798565     INFO  main            d.u.i.k.p.i.AbstractProblemLoader Replaying proof Sampler[ThreadSpec2::run()].JML normal_behavior operation contract.0 
798599     DEBUG main            d.u.i.k.p.i.IntermediateProofReplayer Proof replay took 31.99ms 
798600     DEBUG main            d.u.i.k.p.r.p.TestFile    ... success: reloaded. 
798601     INFO  main            d.u.i.k.p.r.p.TestFile    Now processing file /home/runner/work/key/key/key.core/../key.ui/examples/heap/permissions/threads/Sampler_Sampler.key 
798601     INFO  main            d.u.i.k.p.i.AbstractProblemLoader Loading environment from /home/runner/work/key/key/key.core/../key.ui/examples/heap/permissions/threads/Sampler_Sampler.key 
798601     DEBUG main            d.u.i.k.p.i.AbstractProblemLoader Environment load took 57.7ns 
798602     INFO  main            d.u.i.k.p.i.AbstractProblemLoader Creating init config 
804461     DEBUG main            d.u.i.k.p.i.AbstractProblemLoader Init config took 5.86s 
804566     INFO  main            d.u.i.k.p.i.AbstractProblemLoader Replaying proof Sampler[Sampler::Sampler(Buffer)].JML normal_behavior operation contract.0 
804568     DEBUG main            d.u.i.k.p.i.IntermediateProofReplayer Proof replay took 4.3ns 
805300     INFO  main            d.u.i.k.p.r.p.TestFile    ... finished proof: closed. 
806046     INFO  main            d.u.i.k.p.i.AbstractProblemLoader Loading environment from /home/runner/work/key/key/key.core/../key.ui/examples/heap/permissions/threads/Sampler_Sampler.key.proof 
806046     DEBUG main            d.u.i.k.p.i.AbstractProblemLoader Environment load took 90.9ns 
806047     INFO  main            d.u.i.k.p.i.AbstractProblemLoader Creating init config 
811931     DEBUG main            d.u.i.k.p.i.AbstractProblemLoader Init config took 5.88s 
812033     INFO  main            d.u.i.k.p.i.AbstractProblemLoader Replaying proof Sampler[Sampler::Sampler(Buffer)].JML normal_behavior operation contract.0 
812143     DEBUG main            d.u.i.k.p.i.IntermediateProofReplayer Proof replay took 106.49ms 
812144     DEBUG main            d.u.i.k.p.r.p.TestFile    ... success: reloaded. 
812145     INFO  main            d.u.i.k.p.r.p.TestFile    Now processing file /home/runner/work/key/key/key.core/../key.ui/examples/heap/permissions/threads/Sampler_startTransfer_accessible.key 
812145     INFO  main            d.u.i.k.p.i.AbstractProblemLoader Loading environment from /home/runner/work/key/key/key.core/../key.ui/examples/heap/permissions/threads/Sampler_startTransfer_accessible.key 
812145     DEBUG main            d.u.i.k.p.i.AbstractProblemLoader Environment load took 98.8ns 
812146     INFO  main            d.u.i.k.p.i.AbstractProblemLoader Creating init config 
818020     DEBUG main            d.u.i.k.p.i.AbstractProblemLoader Init config took 5.87s 
818150     INFO  main            d.u.i.k.p.i.AbstractProblemLoader Replaying proof Sampler[ThreadSpec2::startTransfer()].JML accessible clause.0 
818152     DEBUG main            d.u.i.k.p.i.IntermediateProofReplayer Proof replay took 4.5ns 
822723     INFO  main            d.u.i.k.p.r.p.TestFile    ... finished proof: closed. 
823494     INFO  main            d.u.i.k.p.i.AbstractProblemLoader Loading environment from /home/runner/work/key/key/key.core/../key.ui/examples/heap/permissions/threads/Sampler_startTransfer_accessible.key.proof 
823494     DEBUG main            d.u.i.k.p.i.AbstractProblemLoader Environment load took 149.9ns 
823496     INFO  main            d.u.i.k.p.i.AbstractProblemLoader Creating init config 
829501     DEBUG main            d.u.i.k.p.i.AbstractProblemLoader Init config took 6.01s 
829623     INFO  main            d.u.i.k.p.i.AbstractProblemLoader Replaying proof Sampler[ThreadSpec2::startTransfer()].JML accessible clause.0 
830069     DEBUG main            d.u.i.k.p.i.IntermediateProofReplayer Proof replay took 433.78ms 
830070     DEBUG main            d.u.i.k.p.r.p.TestFile    ... success: reloaded. 
830071     INFO  main            d.u.i.k.p.r.p.TestFile    Now processing file /home/runner/work/key/key/key.core/../key.ui/examples/heap/permissions/threads/Sampler_startTransfer_contract.key 
830072     INFO  main            d.u.i.k.p.i.AbstractProblemLoader Loading environment from /home/runner/work/key/key/key.core/../key.ui/examples/heap/permissions/threads/Sampler_startTransfer_contract.key 
830072     DEBUG main            d.u.i.k.p.i.AbstractProblemLoader Environment load took 73.5ns 
830073     INFO  main            d.u.i.k.p.i.AbstractProblemLoader Creating init config 
836044     DEBUG main            d.u.i.k.p.i.AbstractProblemLoader Init config took 5.97s 
836152     INFO  main            d.u.i.k.p.i.AbstractProblemLoader Replaying proof Sampler[ThreadSpec2::startTransfer()].JML model_behavior operation contract.0 
836154     DEBUG main            d.u.i.k.p.i.IntermediateProofReplayer Proof replay took 3.9ns 
836256     INFO  main            d.u.i.k.p.r.p.TestFile    ... finished proof: closed. 
837034     INFO  main            d.u.i.k.p.i.AbstractProblemLoader Loading environment from /home/runner/work/key/key/key.core/../key.ui/examples/heap/permissions/threads/Sampler_startTransfer_contract.key.proof 
837034     DEBUG main            d.u.i.k.p.i.AbstractProblemLoader Environment load took 109.5ns 
837035     INFO  main            d.u.i.k.p.i.AbstractProblemLoader Creating init config 
842837     DEBUG main            d.u.i.k.p.i.AbstractProblemLoader Init config took 5.8s 
842962     INFO  main            d.u.i.k.p.i.AbstractProblemLoader Replaying proof Sampler[ThreadSpec2::startTransfer()].JML model_behavior operation contract.0 
842972     DEBUG main            d.u.i.k.p.i.IntermediateProofReplayer Proof replay took 8.51ms 
842973     DEBUG main            d.u.i.k.p.r.p.TestFile    ... success: reloaded. 
842974     INFO  main            d.u.i.k.p.r.p.TestFile    Now processing file /home/runner/work/key/key/key.core/../key.ui/examples/heap/permissions/threads/Sampler_stateInv_accessible.key 
842974     INFO  main            d.u.i.k.p.i.AbstractProblemLoader Loading environment from /home/runner/work/key/key/key.core/../key.ui/examples/heap/permissions/threads/Sampler_stateInv_accessible.key 
842974     DEBUG main            d.u.i.k.p.i.AbstractProblemLoader Environment load took 63.5ns 
842975     INFO  main            d.u.i.k.p.i.AbstractProblemLoader Creating init config 
849014     DEBUG main            d.u.i.k.p.i.AbstractProblemLoader Init config took 6.04s 
849124     INFO  main            d.u.i.k.p.i.AbstractProblemLoader Replaying proof Sampler[ThreadSpec2::stateInv()].JML accessible clause.0 
849126     DEBUG main            d.u.i.k.p.i.IntermediateProofReplayer Proof replay took 4.5ns 
849227     INFO  main            d.u.i.k.p.r.p.TestFile    ... finished proof: closed. 
849989     INFO  main            d.u.i.k.p.i.AbstractProblemLoader Loading environment from /home/runner/work/key/key/key.core/../key.ui/examples/heap/permissions/threads/Sampler_stateInv_accessible.key.proof 
849990     DEBUG main            d.u.i.k.p.i.AbstractProblemLoader Environment load took 98.9ns 
849991     INFO  main            d.u.i.k.p.i.AbstractProblemLoader Creating init config 
855823     DEBUG main            d.u.i.k.p.i.AbstractProblemLoader Init config took 5.83s 
855957     INFO  main            d.u.i.k.p.i.AbstractProblemLoader Replaying proof Sampler[ThreadSpec2::stateInv()].JML accessible clause.0 
855976     DEBUG main            d.u.i.k.p.i.IntermediateProofReplayer Proof replay took 10.2ms 
855977     DEBUG main            d.u.i.k.p.r.p.TestFile    ... success: reloaded. 
855978     INFO  main            d.u.i.k.p.r.p.TestFile    Now processing file /home/runner/work/key/key/key.core/../key.ui/examples/heap/permissions/threads/Sampler_staticPermissions_accessible.key 
855979     INFO  main            d.u.i.k.p.i.AbstractProblemLoader Loading environment from /home/runner/work/key/key/key.core/../key.ui/examples/heap/permissions/threads/Sampler_staticPermissions_accessible.key 
855979     DEBUG main            d.u.i.k.p.i.AbstractProblemLoader Environment load took 118ns 
855980     INFO  main            d.u.i.k.p.i.AbstractProblemLoader Creating init config 
861928     DEBUG main            d.u.i.k.p.i.AbstractProblemLoader Init config took 5.95s 
862031     INFO  main            d.u.i.k.p.i.AbstractProblemLoader Replaying proof Sampler[ThreadSpec2::staticPermissions()].JML accessible clause.0 
862033     DEBUG main            d.u.i.k.p.i.IntermediateProofReplayer Proof replay took 4.2ns 
862138     INFO  main            d.u.i.k.p.r.p.TestFile    ... finished proof: closed. 
862919     INFO  main            d.u.i.k.p.i.AbstractProblemLoader Loading environment from /home/runner/work/key/key/key.core/../key.ui/examples/heap/permissions/threads/Sampler_staticPermissions_accessible.key.proof 
862919     DEBUG main            d.u.i.k.p.i.AbstractProblemLoader Environment load took 95.1ns 
862920     INFO  main            d.u.i.k.p.i.AbstractProblemLoader Creating init config 
868837     DEBUG main            d.u.i.k.p.i.AbstractProblemLoader Init config took 5.92s 
868944     INFO  main            d.u.i.k.p.i.AbstractProblemLoader Replaying proof Sampler[ThreadSpec2::staticPermissions()].JML accessible clause.0 
868949     DEBUG main            d.u.i.k.p.i.IntermediateProofReplayer Proof replay took 3.45ms 
868950     DEBUG main            d.u.i.k.p.r.p.TestFile    ... success: reloaded. 
868951     INFO  main            d.u.i.k.p.r.p.TestFile    Now processing file /home/runner/work/key/key/key.core/../key.ui/examples/heap/permissions/threads/Sampler_workingPermissions_accessible.key 
868951     INFO  main            d.u.i.k.p.i.AbstractProblemLoader Loading environment from /home/runner/work/key/key/key.core/../key.ui/examples/heap/permissions/threads/Sampler_workingPermissions_accessible.key 
868951     DEBUG main            d.u.i.k.p.i.AbstractProblemLoader Environment load took 113.5ns 
868952     INFO  main            d.u.i.k.p.i.AbstractProblemLoader Creating init config 
874914     DEBUG main            d.u.i.k.p.i.AbstractProblemLoader Init config took 5.96s 
875025     INFO  main            d.u.i.k.p.i.AbstractProblemLoader Replaying proof Sampler[ThreadSpec2::workingPermissions()].JML accessible clause.0 
875027     DEBUG main            d.u.i.k.p.i.IntermediateProofReplayer Proof replay took 4.9ns 
875130     INFO  main            d.u.i.k.p.r.p.TestFile    ... finished proof: closed. 
875928     INFO  main            d.u.i.k.p.i.AbstractProblemLoader Loading environment from /home/runner/work/key/key/key.core/../key.ui/examples/heap/permissions/threads/Sampler_workingPermissions_accessible.key.proof 
875928     DEBUG main            d.u.i.k.p.i.AbstractProblemLoader Environment load took 93.9ns 
875929     INFO  main            d.u.i.k.p.i.AbstractProblemLoader Creating init config 
881846     DEBUG main            d.u.i.k.p.i.AbstractProblemLoader Init config took 5.92s 
881953     INFO  main            d.u.i.k.p.i.AbstractProblemLoader Replaying proof Sampler[ThreadSpec2::workingPermissions()].JML accessible clause.0 
881960     DEBUG main            d.u.i.k.p.i.IntermediateProofReplayer Proof replay took 5.35ms 
881961     DEBUG main            d.u.i.k.p.r.p.TestFile    ... success: reloaded. 
881962     INFO  main            d.u.i.k.p.r.p.TestFile    Now processing file /home/runner/work/key/key/key.core/../key.ui/examples/heap/permissions/mulleretal/ReadWrite_doRead_contract.key 
881963     INFO  main            d.u.i.k.p.i.AbstractProblemLoader Loading environment from /home/runner/work/key/key/key.core/../key.ui/examples/heap/permissions/mulleretal/ReadWrite_doRead_contract.key 
881963     DEBUG main            d.u.i.k.p.i.AbstractProblemLoader Environment load took 62.1ns 
881964     INFO  main            d.u.i.k.p.i.AbstractProblemLoader Creating init config 
885342     DEBUG main            d.u.i.k.p.i.AbstractProblemLoader Init config took 3.38s 
885385     INFO  main            d.u.i.k.p.i.AbstractProblemLoader Replaying proof ReadWrite[ReadWrite::doRead()].JML normal_behavior operation contract.0 
885388     DEBUG main            d.u.i.k.p.i.IntermediateProofReplayer Proof replay took 4.8ns 
887529     INFO  main            d.u.i.k.p.r.p.TestFile    ... finished proof: closed. 
888406     INFO  main            d.u.i.k.p.i.AbstractProblemLoader Loading environment from /home/runner/work/key/key/key.core/../key.ui/examples/heap/permissions/mulleretal/ReadWrite_doRead_contract.key.proof 
888407     DEBUG main            d.u.i.k.p.i.AbstractProblemLoader Environment load took 465.5ns 
888408     INFO  main            d.u.i.k.p.i.AbstractProblemLoader Creating init config 
891787     DEBUG main            d.u.i.k.p.i.AbstractProblemLoader Init config took 3.38s 
891835     INFO  main            d.u.i.k.p.i.AbstractProblemLoader Replaying proof ReadWrite[ReadWrite::doRead()].JML normal_behavior operation contract.0 
892262     DEBUG main            d.u.i.k.p.i.IntermediateProofReplayer Proof replay took 419.52ms 
892264     DEBUG main            d.u.i.k.p.r.p.TestFile    ... success: reloaded. 
892265     INFO  main            d.u.i.k.p.r.p.TestFile    Now processing file /home/runner/work/key/key/key.core/../key.ui/examples/heap/permissions/mulleretal/ReadWrite_doWrite_contract.key 
892265     INFO  main            d.u.i.k.p.i.AbstractProblemLoader Loading environment from /home/runner/work/key/key/key.core/../key.ui/examples/heap/permissions/mulleretal/ReadWrite_doWrite_contract.key 
892265     DEBUG main            d.u.i.k.p.i.AbstractProblemLoader Environment load took 91.7ns 
892266     INFO  main            d.u.i.k.p.i.AbstractProblemLoader Creating init config 
895720     DEBUG main            d.u.i.k.p.i.AbstractProblemLoader Init config took 3.45s 
895768     INFO  main            d.u.i.k.p.i.AbstractProblemLoader Replaying proof ReadWrite[ReadWrite::doWrite()].JML normal_behavior operation contract.0 
895769     DEBUG main            d.u.i.k.p.i.IntermediateProofReplayer Proof replay took 4.4ns 
897801     INFO  main            d.u.i.k.p.r.p.TestFile    ... finished proof: closed. 
898665     INFO  main            d.u.i.k.p.i.AbstractProblemLoader Loading environment from /home/runner/work/key/key/key.core/../key.ui/examples/heap/permissions/mulleretal/ReadWrite_doWrite_contract.key.proof 
898665     DEBUG main            d.u.i.k.p.i.AbstractProblemLoader Environment load took 125.4ns 
898666     INFO  main            d.u.i.k.p.i.AbstractProblemLoader Creating init config 
901893     DEBUG main            d.u.i.k.p.i.AbstractProblemLoader Init config took 3.23s 
901939     INFO  main            d.u.i.k.p.i.AbstractProblemLoader Replaying proof ReadWrite[ReadWrite::doWrite()].JML normal_behavior operation contract.0 
902403     DEBUG main            d.u.i.k.p.i.IntermediateProofReplayer Proof replay took 456.53ms 
902404     DEBUG main            d.u.i.k.p.r.p.TestFile    ... success: reloaded. 
902405     INFO  main            d.u.i.k.p.r.p.TestFile    Now processing file /home/runner/work/key/key/key.core/../key.ui/examples/heap/permissions/mulleretal/ReadWrite_read_contract.key 
902406     INFO  main            d.u.i.k.p.i.AbstractProblemLoader Loading environment from /home/runner/work/key/key/key.core/../key.ui/examples/heap/permissions/mulleretal/ReadWrite_read_contract.key 
902406     DEBUG main            d.u.i.k.p.i.AbstractProblemLoader Environment load took 94.4ns 
902407     INFO  main            d.u.i.k.p.i.AbstractProblemLoader Creating init config 
905737     DEBUG main            d.u.i.k.p.i.AbstractProblemLoader Init config took 3.33s 
905778     INFO  main            d.u.i.k.p.i.AbstractProblemLoader Replaying proof ReadWrite[ReadWrite::read()].JML normal_behavior operation contract.0 
905780     DEBUG main            d.u.i.k.p.i.IntermediateProofReplayer Proof replay took 4.5ns 
905882     INFO  main            d.u.i.k.p.r.p.TestFile    ... finished proof: closed. 
906667     INFO  main            d.u.i.k.p.i.AbstractProblemLoader Loading environment from /home/runner/work/key/key/key.core/../key.ui/examples/heap/permissions/mulleretal/ReadWrite_read_contract.key.proof 
906667     DEBUG main            d.u.i.k.p.i.AbstractProblemLoader Environment load took 110.8ns 
906668     INFO  main            d.u.i.k.p.i.AbstractProblemLoader Creating init config 
909960     DEBUG main            d.u.i.k.p.i.AbstractProblemLoader Init config took 3.29s 
910003     INFO  main            d.u.i.k.p.i.AbstractProblemLoader Replaying proof ReadWrite[ReadWrite::read()].JML normal_behavior operation contract.0 
910012     DEBUG main            d.u.i.k.p.i.IntermediateProofReplayer Proof replay took 7.45ms 
910013     DEBUG main            d.u.i.k.p.r.p.TestFile    ... success: reloaded. 
910014     INFO  main            d.u.i.k.p.r.p.TestFile    Now processing file /home/runner/work/key/key/key.core/../key.ui/examples/heap/permissions/mulleretal/ReadWrite_write_contract.key 
910014     INFO  main            d.u.i.k.p.i.AbstractProblemLoader Loading environment from /home/runner/work/key/key/key.core/../key.ui/examples/heap/permissions/mulleretal/ReadWrite_write_contract.key 
910014     DEBUG main            d.u.i.k.p.i.AbstractProblemLoader Environment load took 95.4ns 
910015     INFO  main            d.u.i.k.p.i.AbstractProblemLoader Creating init config 
913342     DEBUG main            d.u.i.k.p.i.AbstractProblemLoader Init config took 3.33s 
913385     INFO  main            d.u.i.k.p.i.AbstractProblemLoader Replaying proof ReadWrite[ReadWrite::write()].JML normal_behavior operation contract.0 
913387     DEBUG main            d.u.i.k.p.i.IntermediateProofReplayer Proof replay took 4.7ns 
913590     INFO  main            d.u.i.k.p.r.p.TestFile    ... finished proof: closed. 
914438     INFO  main            d.u.i.k.p.i.AbstractProblemLoader Loading environment from /home/runner/work/key/key/key.core/../key.ui/examples/heap/permissions/mulleretal/ReadWrite_write_contract.key.proof 
914438     DEBUG main            d.u.i.k.p.i.AbstractProblemLoader Environment load took 102.9ns 
914439     INFO  main            d.u.i.k.p.i.AbstractProblemLoader Creating init config 
917737     DEBUG main            d.u.i.k.p.i.AbstractProblemLoader Init config took 3.3s 
917781     INFO  main            d.u.i.k.p.i.AbstractProblemLoader Replaying proof ReadWrite[ReadWrite::write()].JML normal_behavior operation contract.0 
917808     DEBUG main            d.u.i.k.p.i.IntermediateProofReplayer Proof replay took 24.88ms 
917809     DEBUG main            d.u.i.k.p.r.p.TestFile    ... success: reloaded. 
917810     INFO  main            d.u.i.k.p.r.p.TestFile    Now processing file /home/runner/work/key/key/key.core/../key.ui/examples/heap/permissions/mulleretal/ReadWrite_inv1_accessible.key 
917810     INFO  main            d.u.i.k.p.i.AbstractProblemLoader Loading environment from /home/runner/work/key/key/key.core/../key.ui/examples/heap/permissions/mulleretal/ReadWrite_inv1_accessible.key 
917811     DEBUG main            d.u.i.k.p.i.AbstractProblemLoader Environment load took 60.1ns 
917811     INFO  main            d.u.i.k.p.i.AbstractProblemLoader Creating init config 
921225     DEBUG main            d.u.i.k.p.i.AbstractProblemLoader Init config took 3.41s 
921266     INFO  main            d.u.i.k.p.i.AbstractProblemLoader Replaying proof ReadWrite[java.lang.Object::<inv>()].JML accessible clause.0 
921268     DEBUG main            d.u.i.k.p.i.IntermediateProofReplayer Proof replay took 4.4ns 
921369     INFO  main            d.u.i.k.p.r.p.TestFile    ... finished proof: closed. 
922188     INFO  main            d.u.i.k.p.i.AbstractProblemLoader Loading environment from /home/runner/work/key/key/key.core/../key.ui/examples/heap/permissions/mulleretal/ReadWrite_inv1_accessible.key.proof 
922188     DEBUG main            d.u.i.k.p.i.AbstractProblemLoader Environment load took 154.2ns 
922190     INFO  main            d.u.i.k.p.i.AbstractProblemLoader Creating init config 
925509     DEBUG main            d.u.i.k.p.i.AbstractProblemLoader Init config took 3.32s 
925551     INFO  main            d.u.i.k.p.i.AbstractProblemLoader Replaying proof ReadWrite[java.lang.Object::<inv>()].JML accessible clause.0 
925554     DEBUG main            d.u.i.k.p.i.IntermediateProofReplayer Proof replay took 1.78ms 
925555     DEBUG main            d.u.i.k.p.r.p.TestFile    ... success: reloaded. 
925556     INFO  main            d.u.i.k.p.r.p.TestFile    Now processing file /home/runner/work/key/key/key.core/../key.ui/examples/heap/permissions/mulleretal/ReadWrite_inv2_accessible.key 
925556     INFO  main            d.u.i.k.p.i.AbstractProblemLoader Loading environment from /home/runner/work/key/key/key.core/../key.ui/examples/heap/permissions/mulleretal/ReadWrite_inv2_accessible.key 
925557     DEBUG main            d.u.i.k.p.i.AbstractProblemLoader Environment load took 78.3ns 
925557     INFO  main            d.u.i.k.p.i.AbstractProblemLoader Creating init config 
928882     DEBUG main            d.u.i.k.p.i.AbstractProblemLoader Init config took 3.32s 
928926     INFO  main            d.u.i.k.p.i.AbstractProblemLoader Replaying proof ReadWrite[java.lang.Object::<inv>()].JML accessible clause.1 
928928     DEBUG main            d.u.i.k.p.i.IntermediateProofReplayer Proof replay took 4.8ns 
929030     INFO  main            d.u.i.k.p.r.p.TestFile    ... finished proof: closed. 
929849     INFO  main            d.u.i.k.p.i.AbstractProblemLoader Loading environment from /home/runner/work/key/key/key.core/../key.ui/examples/heap/permissions/mulleretal/ReadWrite_inv2_accessible.key.proof 
929849     DEBUG main            d.u.i.k.p.i.AbstractProblemLoader Environment load took 101.4ns 
929850     INFO  main            d.u.i.k.p.i.AbstractProblemLoader Creating init config 
933195     DEBUG main            d.u.i.k.p.i.AbstractProblemLoader Init config took 3.34s 
933237     INFO  main            d.u.i.k.p.i.AbstractProblemLoader Replaying proof ReadWrite[java.lang.Object::<inv>()].JML accessible clause.1 
933241     DEBUG main            d.u.i.k.p.i.IntermediateProofReplayer Proof replay took 1.95ms 
933242     DEBUG main            d.u.i.k.p.r.p.TestFile    ... success: reloaded. 
933243     INFO  main            d.u.i.k.p.r.p.TestFile    Now processing file /home/runner/work/key/key/key.core/../key.ui/examples/heap/permissions/lockspec/Counter_lockConsistent_contract.key 
933243     INFO  main            d.u.i.k.p.i.AbstractProblemLoader Loading environment from /home/runner/work/key/key/key.core/../key.ui/examples/heap/permissions/lockspec/Counter_lockConsistent_contract.key 
933243     DEBUG main            d.u.i.k.p.i.AbstractProblemLoader Environment load took 61ns 
933244     INFO  main            d.u.i.k.p.i.AbstractProblemLoader Creating init config 
937340     DEBUG main            d.u.i.k.p.i.AbstractProblemLoader Init config took 4.1s 
937410     INFO  main            d.u.i.k.p.i.AbstractProblemLoader Replaying proof Counter[LockSpec::lockConsistent()].JML model_behavior operation contract.0 
937411     DEBUG main            d.u.i.k.p.i.IntermediateProofReplayer Proof replay took 4.4ns 
938616     INFO  main            d.u.i.k.p.r.p.TestFile    ... finished proof: closed. 
939445     INFO  main            d.u.i.k.p.i.AbstractProblemLoader Loading environment from /home/runner/work/key/key/key.core/../key.ui/examples/heap/permissions/lockspec/Counter_lockConsistent_contract.key.proof 
939445     DEBUG main            d.u.i.k.p.i.AbstractProblemLoader Environment load took 191.6ns 
939447     INFO  main            d.u.i.k.p.i.AbstractProblemLoader Creating init config 
943370     DEBUG main            d.u.i.k.p.i.AbstractProblemLoader Init config took 3.92s 
943441     INFO  main            d.u.i.k.p.i.AbstractProblemLoader Replaying proof Counter[LockSpec::lockConsistent()].JML model_behavior operation contract.0 
943639     DEBUG main            d.u.i.k.p.i.IntermediateProofReplayer Proof replay took 188.4ms 
943641     DEBUG main            d.u.i.k.p.r.p.TestFile    ... success: reloaded. 
943642     INFO  main            d.u.i.k.p.r.p.TestFile    Now processing file /home/runner/work/key/key/key.core/../key.ui/examples/heap/permissions/lockspec/Counter_increase_contract.key 
943642     INFO  main            d.u.i.k.p.i.AbstractProblemLoader Loading environment from /home/runner/work/key/key/key.core/../key.ui/examples/heap/permissions/lockspec/Counter_increase_contract.key 
943642     DEBUG main            d.u.i.k.p.i.AbstractProblemLoader Environment load took 202.2ns 
943644     INFO  main            d.u.i.k.p.i.AbstractProblemLoader Creating init config 
947622     DEBUG main            d.u.i.k.p.i.AbstractProblemLoader Init config took 3.98s 
947689     INFO  main            d.u.i.k.p.i.AbstractProblemLoader Replaying proof Counter[Counter::increase()].JML normal_behavior operation contract.0 
947696     DEBUG main            d.u.i.k.p.i.IntermediateProofReplayer Proof replay took 4.9ns 
949609     INFO  main            d.u.i.k.p.r.p.TestFile    ... finished proof: closed. 
950513     INFO  main            d.u.i.k.p.i.AbstractProblemLoader Loading environment from /home/runner/work/key/key/key.core/../key.ui/examples/heap/permissions/lockspec/Counter_increase_contract.key.proof 
950513     DEBUG main            d.u.i.k.p.i.AbstractProblemLoader Environment load took 118.6ns 
950515     INFO  main            d.u.i.k.p.i.AbstractProblemLoader Creating init config 
954479     DEBUG main            d.u.i.k.p.i.AbstractProblemLoader Init config took 3.96s 
954543     INFO  main            d.u.i.k.p.i.AbstractProblemLoader Replaying proof Counter[Counter::increase()].JML normal_behavior operation contract.0 
954773     DEBUG main            d.u.i.k.p.i.IntermediateProofReplayer Proof replay took 210.78ms 
954776     DEBUG main            d.u.i.k.p.r.p.TestFile    ... success: reloaded. 
954776     INFO  main            d.u.i.k.p.r.p.TestFile    Now processing file /home/runner/work/key/key/key.core/../key.ui/examples/heap/permissions/lockspec/Counter_fp_accessible.key 
954777     INFO  main            d.u.i.k.p.i.AbstractProblemLoader Loading environment from /home/runner/work/key/key/key.core/../key.ui/examples/heap/permissions/lockspec/Counter_fp_accessible.key 
954777     DEBUG main            d.u.i.k.p.i.AbstractProblemLoader Environment load took 96.2ns 
954778     INFO  main            d.u.i.k.p.i.AbstractProblemLoader Creating init config 
958678     DEBUG main            d.u.i.k.p.i.AbstractProblemLoader Init config took 3.9s 
958766     INFO  main            d.u.i.k.p.i.AbstractProblemLoader Replaying proof Counter[LockSpec::fp()].JML accessible clause.0 
958768     DEBUG main            d.u.i.k.p.i.IntermediateProofReplayer Proof replay took 4.4ns 
958870     INFO  main            d.u.i.k.p.r.p.TestFile    ... finished proof: closed. 
959693     INFO  main            d.u.i.k.p.i.AbstractProblemLoader Loading environment from /home/runner/work/key/key/key.core/../key.ui/examples/heap/permissions/lockspec/Counter_fp_accessible.key.proof 
959693     DEBUG main            d.u.i.k.p.i.AbstractProblemLoader Environment load took 86ns 
959694     INFO  main            d.u.i.k.p.i.AbstractProblemLoader Creating init config 
963455     DEBUG main            d.u.i.k.p.i.AbstractProblemLoader Init config took 3.76s 
963521     INFO  main            d.u.i.k.p.i.AbstractProblemLoader Replaying proof Counter[LockSpec::fp()].JML accessible clause.0 
963531     DEBUG main            d.u.i.k.p.i.IntermediateProofReplayer Proof replay took 8.19ms 
963532     DEBUG main            d.u.i.k.p.r.p.TestFile    ... success: reloaded. 
963532     INFO  main            d.u.i.k.p.r.p.TestFile    Now processing file /home/runner/work/key/key/key.core/../key.ui/examples/heap/permissions/lockspec/Counter_fpLock_accessible.key 
963533     INFO  main            d.u.i.k.p.i.AbstractProblemLoader Loading environment from /home/runner/work/key/key/key.core/../key.ui/examples/heap/permissions/lockspec/Counter_fpLock_accessible.key 
963533     DEBUG main            d.u.i.k.p.i.AbstractProblemLoader Environment load took 63.9ns 
963534     INFO  main            d.u.i.k.p.i.AbstractProblemLoader Creating init config 
967490     DEBUG main            d.u.i.k.p.i.AbstractProblemLoader Init config took 3.96s 
967558     INFO  main            d.u.i.k.p.i.AbstractProblemLoader Replaying proof Counter[LockSpec::fpLock()].JML accessible clause.0 
967560     DEBUG main            d.u.i.k.p.i.IntermediateProofReplayer Proof replay took 4.3ns 
967662     INFO  main            d.u.i.k.p.r.p.TestFile    ... finished proof: closed. 
968556     INFO  main            d.u.i.k.p.i.AbstractProblemLoader Loading environment from /home/runner/work/key/key/key.core/../key.ui/examples/heap/permissions/lockspec/Counter_fpLock_accessible.key.proof 
968556     DEBUG main            d.u.i.k.p.i.AbstractProblemLoader Environment load took 101.8ns 
968557     INFO  main            d.u.i.k.p.i.AbstractProblemLoader Creating init config 
972431     DEBUG main            d.u.i.k.p.i.AbstractProblemLoader Init config took 3.87s 
972497     INFO  main            d.u.i.k.p.i.AbstractProblemLoader Replaying proof Counter[LockSpec::fpLock()].JML accessible clause.0 
972507     DEBUG main            d.u.i.k.p.i.IntermediateProofReplayer Proof replay took 7.91ms 
972508     DEBUG main            d.u.i.k.p.r.p.TestFile    ... success: reloaded. 
972509     INFO  main            d.u.i.k.p.r.p.TestFile    Now processing file /home/runner/work/key/key/key.core/../key.ui/examples/heap/permissions/lockspec/Counter_fpPerm_accessible.key 
972509     INFO  main            d.u.i.k.p.i.AbstractProblemLoader Loading environment from /home/runner/work/key/key/key.core/../key.ui/examples/heap/permissions/lockspec/Counter_fpPerm_accessible.key 
972509     DEBUG main            d.u.i.k.p.i.AbstractProblemLoader Environment load took 93.8ns 
972511     INFO  main            d.u.i.k.p.i.AbstractProblemLoader Creating init config 
976394     DEBUG main            d.u.i.k.p.i.AbstractProblemLoader Init config took 3.88s 
976462     INFO  main            d.u.i.k.p.i.AbstractProblemLoader Replaying proof Counter[LockSpec::fpPerm()].JML accessible clause.0 
976464     DEBUG main            d.u.i.k.p.i.IntermediateProofReplayer Proof replay took 4.5ns 
976566     INFO  main            d.u.i.k.p.r.p.TestFile    ... finished proof: closed. 
977413     INFO  main            d.u.i.k.p.i.AbstractProblemLoader Loading environment from /home/runner/work/key/key/key.core/../key.ui/examples/heap/permissions/lockspec/Counter_fpPerm_accessible.key.proof 
977413     DEBUG main            d.u.i.k.p.i.AbstractProblemLoader Environment load took 103.8ns 
977414     INFO  main            d.u.i.k.p.i.AbstractProblemLoader Creating init config 
981397     DEBUG main            d.u.i.k.p.i.AbstractProblemLoader Init config took 3.98s 
981472     INFO  main            d.u.i.k.p.i.AbstractProblemLoader Replaying proof Counter[LockSpec::fpPerm()].JML accessible clause.0 
981499     DEBUG main            d.u.i.k.p.i.IntermediateProofReplayer Proof replay took 21.1ms 
981500     DEBUG main            d.u.i.k.p.r.p.TestFile    ... success: reloaded. 
981501     INFO  main            d.u.i.k.p.r.p.TestFile    Now processing file /home/runner/work/key/key/key.core/../key.ui/examples/heap/permissions/lockspec/Counter_inv_accessible1.key 
981502     INFO  main            d.u.i.k.p.i.AbstractProblemLoader Loading environment from /home/runner/work/key/key/key.core/../key.ui/examples/heap/permissions/lockspec/Counter_inv_accessible1.key 
981502     DEBUG main            d.u.i.k.p.i.AbstractProblemLoader Environment load took 212ns 
981503     INFO  main            d.u.i.k.p.i.AbstractProblemLoader Creating init config 
985651     DEBUG main            d.u.i.k.p.i.AbstractProblemLoader Init config took 4.15s 
985719     INFO  main            d.u.i.k.p.i.AbstractProblemLoader Replaying proof Counter[java.lang.Object::<inv>()].JML accessible clause.0 
985721     DEBUG main            d.u.i.k.p.i.IntermediateProofReplayer Proof replay took 4.3ns 
985923     INFO  main            d.u.i.k.p.r.p.TestFile    ... finished proof: closed. 
986765     INFO  main            d.u.i.k.p.i.AbstractProblemLoader Loading environment from /home/runner/work/key/key/key.core/../key.ui/examples/heap/permissions/lockspec/Counter_inv_accessible1.key.proof 
986765     DEBUG main            d.u.i.k.p.i.AbstractProblemLoader Environment load took 106.9ns 
986766     INFO  main            d.u.i.k.p.i.AbstractProblemLoader Creating init config 
990565     DEBUG main            d.u.i.k.p.i.AbstractProblemLoader Init config took 3.8s 
990635     INFO  main            d.u.i.k.p.i.AbstractProblemLoader Replaying proof Counter[java.lang.Object::<inv>()].JML accessible clause.0 
990647     DEBUG main            d.u.i.k.p.i.IntermediateProofReplayer Proof replay took 9.96ms 
990648     DEBUG main            d.u.i.k.p.r.p.TestFile    ... success: reloaded. 
990650     INFO  main            d.u.i.k.p.r.p.TestFile    Now processing file /home/runner/work/key/key/key.core/../key.ui/examples/heap/permissions/lockspec/Counter_inv_accessible2.key 
990650     INFO  main            d.u.i.k.p.i.AbstractProblemLoader Loading environment from /home/runner/work/key/key/key.core/../key.ui/examples/heap/permissions/lockspec/Counter_inv_accessible2.key 
990650     DEBUG main            d.u.i.k.p.i.AbstractProblemLoader Environment load took 137ns 
990651     INFO  main            d.u.i.k.p.i.AbstractProblemLoader Creating init config 
994551     DEBUG main            d.u.i.k.p.i.AbstractProblemLoader Init config took 3.9s 
994617     INFO  main            d.u.i.k.p.i.AbstractProblemLoader Replaying proof Counter[java.lang.Object::<inv>()].JML accessible clause.1 
994619     DEBUG main            d.u.i.k.p.i.IntermediateProofReplayer Proof replay took 4.7ns 
994822     INFO  main            d.u.i.k.p.r.p.TestFile    ... finished proof: closed. 
995666     INFO  main            d.u.i.k.p.i.AbstractProblemLoader Loading environment from /home/runner/work/key/key/key.core/../key.ui/examples/heap/permissions/lockspec/Counter_inv_accessible2.key.proof 
995666     DEBUG main            d.u.i.k.p.i.AbstractProblemLoader Environment load took 95.8ns 
995667     INFO  main            d.u.i.k.p.i.AbstractProblemLoader Creating init config 
999863     DEBUG main            d.u.i.k.p.i.AbstractProblemLoader Init config took 4.2s 
999954     INFO  main            d.u.i.k.p.i.AbstractProblemLoader Replaying proof Counter[java.lang.Object::<inv>()].JML accessible clause.1 
999969     DEBUG main            d.u.i.k.p.i.IntermediateProofReplayer Proof replay took 11.86ms 
999970     DEBUG main            d.u.i.k.p.r.p.TestFile    ... success: reloaded. 
999971     INFO  main            d.u.i.k.p.r.p.TestFile    Now processing file /home/runner/work/key/key/key.core/../key.ui/examples/heap/permissions/lockspec/Counter_lockRef_accessible.key 
999971     INFO  main            d.u.i.k.p.i.AbstractProblemLoader Loading environment from /home/runner/work/key/key/key.core/../key.ui/examples/heap/permissions/lockspec/Counter_lockRef_accessible.key 
999971     DEBUG main            d.u.i.k.p.i.AbstractProblemLoader Environment load took 185.9ns 
999972     INFO  main            d.u.i.k.p.i.AbstractProblemLoader Creating init config 
1004047    DEBUG main            d.u.i.k.p.i.AbstractProblemLoader Init config took 4.08s 
1004120    INFO  main            d.u.i.k.p.i.AbstractProblemLoader Replaying proof Counter[LockSpec::lockRef()].JML accessible clause.0 
1004122    DEBUG main            d.u.i.k.p.i.IntermediateProofReplayer Proof replay took 4ns 
1004324    INFO  main            d.u.i.k.p.r.p.TestFile    ... finished proof: closed. 
1005187    INFO  main            d.u.i.k.p.i.AbstractProblemLoader Loading environment from /home/runner/work/key/key/key.core/../key.ui/examples/heap/permissions/lockspec/Counter_lockRef_accessible.key.proof 
1005187    DEBUG main            d.u.i.k.p.i.AbstractProblemLoader Environment load took 95.9ns 
1005188    INFO  main            d.u.i.k.p.i.AbstractProblemLoader Creating init config 
1009162    DEBUG main            d.u.i.k.p.i.AbstractProblemLoader Init config took 3.97s 
1009248    INFO  main            d.u.i.k.p.i.AbstractProblemLoader Replaying proof Counter[LockSpec::lockRef()].JML accessible clause.0 
1009286    DEBUG main            d.u.i.k.p.i.IntermediateProofReplayer Proof replay took 34.66ms 
1009287    DEBUG main            d.u.i.k.p.r.p.TestFile    ... success: reloaded. 
1009288    INFO  main            d.u.i.k.p.r.p.TestFile    Now processing file /home/runner/work/key/key/key.core/../key.ui/examples/heap/permissions/lockspec/Counter_lockRef_contract1.key 
1009288    INFO  main            d.u.i.k.p.i.AbstractProblemLoader Loading environment from /home/runner/work/key/key/key.core/../key.ui/examples/heap/permissions/lockspec/Counter_lockRef_contract1.key 
1009289    DEBUG main            d.u.i.k.p.i.AbstractProblemLoader Environment load took 195.2ns 
1009290    INFO  main            d.u.i.k.p.i.AbstractProblemLoader Creating init config 
1013339    DEBUG main            d.u.i.k.p.i.AbstractProblemLoader Init config took 4.05s 
1013406    INFO  main            d.u.i.k.p.i.AbstractProblemLoader Replaying proof Counter[LockSpec::lockRef()].JML model_behavior operation contract.0 
1013408    DEBUG main            d.u.i.k.p.i.IntermediateProofReplayer Proof replay took 20.1ns 
1013509    INFO  main            d.u.i.k.p.r.p.TestFile    ... finished proof: closed. 
1014373    INFO  main            d.u.i.k.p.i.AbstractProblemLoader Loading environment from /home/runner/work/key/key/key.core/../key.ui/examples/heap/permissions/lockspec/Counter_lockRef_contract1.key.proof 
1014373    DEBUG main            d.u.i.k.p.i.AbstractProblemLoader Environment load took 113.8ns 
1014374    INFO  main            d.u.i.k.p.i.AbstractProblemLoader Creating init config 
1018428    DEBUG main            d.u.i.k.p.i.AbstractProblemLoader Init config took 4.05s 
1018504    INFO  main            d.u.i.k.p.i.AbstractProblemLoader Replaying proof Counter[LockSpec::lockRef()].JML model_behavior operation contract.0 
1018511    DEBUG main            d.u.i.k.p.i.IntermediateProofReplayer Proof replay took 5.14ms 
1018512    DEBUG main            d.u.i.k.p.r.p.TestFile    ... success: reloaded. 
1018513    INFO  main            d.u.i.k.p.r.p.TestFile    Now processing file /home/runner/work/key/key/key.core/../key.ui/examples/heap/permissions/lockspec/Counter_lockRef_contract2.key 
1018513    INFO  main            d.u.i.k.p.i.AbstractProblemLoader Loading environment from /home/runner/work/key/key/key.core/../key.ui/examples/heap/permissions/lockspec/Counter_lockRef_contract2.key 
1018514    DEBUG main            d.u.i.k.p.i.AbstractProblemLoader Environment load took 185.9ns 
1018515    INFO  main            d.u.i.k.p.i.AbstractProblemLoader Creating init config 
1022626    DEBUG main            d.u.i.k.p.i.AbstractProblemLoader Init config took 4.11s 
1022693    INFO  main            d.u.i.k.p.i.AbstractProblemLoader Replaying proof Counter[Counter::lockRef()].JML model_behavior operation contract.0 
1022695    DEBUG main            d.u.i.k.p.i.IntermediateProofReplayer Proof replay took 4.5ns 
1022797    INFO  main            d.u.i.k.p.r.p.TestFile    ... finished proof: closed. 
1023661    INFO  main            d.u.i.k.p.i.AbstractProblemLoader Loading environment from /home/runner/work/key/key/key.core/../key.ui/examples/heap/permissions/lockspec/Counter_lockRef_contract2.key.proof 
1023661    DEBUG main            d.u.i.k.p.i.AbstractProblemLoader Environment load took 85.2ns 
1023662    INFO  main            d.u.i.k.p.i.AbstractProblemLoader Creating init config 
1027646    DEBUG main            d.u.i.k.p.i.AbstractProblemLoader Init config took 3.98s 
1027725    INFO  main            d.u.i.k.p.i.AbstractProblemLoader Replaying proof Counter[Counter::lockRef()].JML model_behavior operation contract.0 
1027732    DEBUG main            d.u.i.k.p.i.IntermediateProofReplayer Proof replay took 5.31ms 
1027733    DEBUG main            d.u.i.k.p.r.p.TestFile    ... success: reloaded. 
1027734    INFO  main            d.u.i.k.p.r.p.TestFile    Now processing file /home/runner/work/key/key/key.core/../key.ui/examples/heap/permissions/lockspec/Counter_lockState_accessible.key 
1027735    INFO  main            d.u.i.k.p.i.AbstractProblemLoader Loading environment from /home/runner/work/key/key/key.core/../key.ui/examples/heap/permissions/lockspec/Counter_lockState_accessible.key 
1027735    DEBUG main            d.u.i.k.p.i.AbstractProblemLoader Environment load took 192.2ns 
1027736    INFO  main            d.u.i.k.p.i.AbstractProblemLoader Creating init config 
1031773    DEBUG main            d.u.i.k.p.i.AbstractProblemLoader Init config took 4.04s 
1031842    INFO  main            d.u.i.k.p.i.AbstractProblemLoader Replaying proof Counter[LockSpec::lockState(boolean)].JML accessible clause.0 
1031843    DEBUG main            d.u.i.k.p.i.IntermediateProofReplayer Proof replay took 4.9ns 
1032146    INFO  main            d.u.i.k.p.r.p.TestFile    ... finished proof: closed. 
1033012    INFO  main            d.u.i.k.p.i.AbstractProblemLoader Loading environment from /home/runner/work/key/key/key.core/../key.ui/examples/heap/permissions/lockspec/Counter_lockState_accessible.key.proof 
1033012    DEBUG main            d.u.i.k.p.i.AbstractProblemLoader Environment load took 92.2ns 
1033013    INFO  main            d.u.i.k.p.i.AbstractProblemLoader Creating init config 
1037128    DEBUG main            d.u.i.k.p.i.AbstractProblemLoader Init config took 4.12s 
1037206    INFO  main            d.u.i.k.p.i.AbstractProblemLoader Replaying proof Counter[LockSpec::lockState(boolean)].JML accessible clause.0 
1037277    DEBUG main            d.u.i.k.p.i.IntermediateProofReplayer Proof replay took 60.79ms 
1037279    DEBUG main            d.u.i.k.p.r.p.TestFile    ... success: reloaded. 
1037279    INFO  main            d.u.i.k.p.r.p.TestFile    Now processing file /home/runner/work/key/key/key.core/../key.ui/examples/heap/permissions/lockspec/Counter_lockStatus_accessible.key 
1037282    INFO  main            d.u.i.k.p.i.AbstractProblemLoader Loading environment from /home/runner/work/key/key/key.core/../key.ui/examples/heap/permissions/lockspec/Counter_lockStatus_accessible.key 
1037282    DEBUG main            d.u.i.k.p.i.AbstractProblemLoader Environment load took 210.8ns 
1037283    INFO  main            d.u.i.k.p.i.AbstractProblemLoader Creating init config 
1041314    DEBUG main            d.u.i.k.p.i.AbstractProblemLoader Init config took 4.03s 
1041381    INFO  main            d.u.i.k.p.i.AbstractProblemLoader Replaying proof Counter[LockSpec::lockStatus(boolean)].JML accessible clause.0 
1041383    DEBUG main            d.u.i.k.p.i.IntermediateProofReplayer Proof replay took 3.9ns 
1041485    INFO  main            d.u.i.k.p.r.p.TestFile    ... finished proof: closed. 
1042385    INFO  main            d.u.i.k.p.i.AbstractProblemLoader Loading environment from /home/runner/work/key/key/key.core/../key.ui/examples/heap/permissions/lockspec/Counter_lockStatus_accessible.key.proof 
1042386    DEBUG main            d.u.i.k.p.i.AbstractProblemLoader Environment load took 108.8ns 
1042386    INFO  main            d.u.i.k.p.i.AbstractProblemLoader Creating init config 
1046396    DEBUG main            d.u.i.k.p.i.AbstractProblemLoader Init config took 4.01s 
1046475    INFO  main            d.u.i.k.p.i.AbstractProblemLoader Replaying proof Counter[LockSpec::lockStatus(boolean)].JML accessible clause.0 
1046501    DEBUG main            d.u.i.k.p.i.IntermediateProofReplayer Proof replay took 22.91ms 
1046502    DEBUG main            d.u.i.k.p.r.p.TestFile    ... success: reloaded. 
1046503    INFO  main            d.u.i.k.p.r.p.TestFile    Now processing file /home/runner/work/key/key/key.core/../key.ui/examples/heap/permissions/lockspec/Counter_lockTransfer_accessible.key 
1046503    INFO  main            d.u.i.k.p.i.AbstractProblemLoader Loading environment from /home/runner/work/key/key/key.core/../key.ui/examples/heap/permissions/lockspec/Counter_lockTransfer_accessible.key 
1046504    DEBUG main            d.u.i.k.p.i.AbstractProblemLoader Environment load took 204.7ns 
1046505    INFO  main            d.u.i.k.p.i.AbstractProblemLoader Creating init config 
1050546    DEBUG main            d.u.i.k.p.i.AbstractProblemLoader Init config took 4.04s 
1050615    INFO  main            d.u.i.k.p.i.AbstractProblemLoader Replaying proof Counter[LockSpec::lockTransfer()].JML accessible clause.0 
1050617    DEBUG main            d.u.i.k.p.i.IntermediateProofReplayer Proof replay took 4ns 
1051121    INFO  main            d.u.i.k.p.r.p.TestFile    ... finished proof: closed. 
1052012    INFO  main            d.u.i.k.p.i.AbstractProblemLoader Loading environment from /home/runner/work/key/key/key.core/../key.ui/examples/heap/permissions/lockspec/Counter_lockTransfer_accessible.key.proof 
1052012    DEBUG main            d.u.i.k.p.i.AbstractProblemLoader Environment load took 96ns 
1052013    INFO  main            d.u.i.k.p.i.AbstractProblemLoader Creating init config 
1055953    DEBUG main            d.u.i.k.p.i.AbstractProblemLoader Init config took 3.94s 
1056032    INFO  main            d.u.i.k.p.i.AbstractProblemLoader Replaying proof Counter[LockSpec::lockTransfer()].JML accessible clause.0 
1056111    DEBUG main            d.u.i.k.p.i.IntermediateProofReplayer Proof replay took 74.08ms 
1056112    DEBUG main            d.u.i.k.p.r.p.TestFile    ... success: reloaded. 
1056113    INFO  main            d.u.i.k.p.r.p.TestFile    Now processing file /home/runner/work/key/key/key.core/../key.ui/examples/heap/permissions/lockspec/Counter_unlockTransfer_accessible.key 
1056114    INFO  main            d.u.i.k.p.i.AbstractProblemLoader Loading environment from /home/runner/work/key/key/key.core/../key.ui/examples/heap/permissions/lockspec/Counter_unlockTransfer_accessible.key 
1056114    DEBUG main            d.u.i.k.p.i.AbstractProblemLoader Environment load took 111.8ns 
1056115    INFO  main            d.u.i.k.p.i.AbstractProblemLoader Creating init config 
1060375    DEBUG main            d.u.i.k.p.i.AbstractProblemLoader Init config took 4.26s 
1060444    INFO  main            d.u.i.k.p.i.AbstractProblemLoader Replaying proof Counter[LockSpec::unlockTransfer()].JML accessible clause.0 
1060446    DEBUG main            d.u.i.k.p.i.IntermediateProofReplayer Proof replay took 4.3ns 
1060851    INFO  main            d.u.i.k.p.r.p.TestFile    ... finished proof: closed. 
1061748    INFO  main            d.u.i.k.p.i.AbstractProblemLoader Loading environment from /home/runner/work/key/key/key.core/../key.ui/examples/heap/permissions/lockspec/Counter_unlockTransfer_accessible.key.proof 
1061748    DEBUG main            d.u.i.k.p.i.AbstractProblemLoader Environment load took 88ns 
1061750    INFO  main            d.u.i.k.p.i.AbstractProblemLoader Creating init config 
1065777    DEBUG main            d.u.i.k.p.i.AbstractProblemLoader Init config took 4.03s 
1065862    INFO  main            d.u.i.k.p.i.AbstractProblemLoader Replaying proof Counter[LockSpec::unlockTransfer()].JML accessible clause.0 
1065947    DEBUG main            d.u.i.k.p.i.IntermediateProofReplayer Proof replay took 76.39ms 
1065948    DEBUG main            d.u.i.k.p.r.p.TestFile    ... success: reloaded. 
1065949    INFO  main            d.u.i.k.p.r.p.TestFile    Now processing file /home/runner/work/key/key/key.core/../key.ui/examples/heap/permissions/threads/Plotter_startTransfer_contract.proof 
1065949    INFO  main            d.u.i.k.p.i.AbstractProblemLoader Loading environment from /home/runner/work/key/key/key.core/../key.ui/examples/heap/permissions/threads/Plotter_startTransfer_contract.proof 
1065949    DEBUG main            d.u.i.k.p.i.AbstractProblemLoader Environment load took 129.5ns 
1065950    INFO  main            d.u.i.k.p.i.AbstractProblemLoader Creating init config 
1072181    DEBUG main            d.u.i.k.p.i.AbstractProblemLoader Init config took 6.23s 
1072335    INFO  main            d.u.i.k.p.i.AbstractProblemLoader Replaying proof Plotter[ThreadSpec2::startTransfer()].JML model_behavior operation contract.0 
1072539    DEBUG main            d.u.i.k.p.i.IntermediateProofReplayer Proof replay took 188.03ms 
1072540    INFO  main            d.u.i.k.p.r.p.TestFile    ... success: loaded 
1072542    INFO  main            d.u.i.k.p.r.p.TestFile    Now processing file /home/runner/work/key/key/key.core/../key.ui/examples/heap/permissions/threads/Plotter_startTransfer_accessible.proof 
1072542    INFO  main            d.u.i.k.p.i.AbstractProblemLoader Loading environment from /home/runner/work/key/key/key.core/../key.ui/examples/heap/permissions/threads/Plotter_startTransfer_accessible.proof 
1072543    DEBUG main            d.u.i.k.p.i.AbstractProblemLoader Environment load took 208.6ns 
1072544    INFO  main            d.u.i.k.p.i.AbstractProblemLoader Creating init config 
1078901    DEBUG main            d.u.i.k.p.i.AbstractProblemLoader Init config took 6.36s 
1079056    INFO  main            d.u.i.k.p.i.AbstractProblemLoader Replaying proof Plotter[ThreadSpec2::startTransfer()].JML accessible clause.0 
1079209    DEBUG main            d.u.i.k.p.i.IntermediateProofReplayer Proof replay took 140.71ms 
1079217    INFO  main            d.u.i.k.p.r.p.TestFile    ... success: loaded 
1079219    INFO  main            d.u.i.k.p.r.p.TestFile    Now processing file /home/runner/work/key/key/key.core/../key.ui/examples/heap/permissions/threads/Plotter_joinTransfer_accessible.proof 
1079219    INFO  main            d.u.i.k.p.i.AbstractProblemLoader Loading environment from /home/runner/work/key/key/key.core/../key.ui/examples/heap/permissions/threads/Plotter_joinTransfer_accessible.proof 
1079219    DEBUG main            d.u.i.k.p.i.AbstractProblemLoader Environment load took 98.2ns 
1079220    INFO  main            d.u.i.k.p.i.AbstractProblemLoader Creating init config 
1085483    DEBUG main            d.u.i.k.p.i.AbstractProblemLoader Init config took 6.26s 
1085597    INFO  main            d.u.i.k.p.i.AbstractProblemLoader Replaying proof Plotter[ThreadSpec2::joinTransfer()].JML accessible clause.0 
1085641    WARN  main            d.u.i.k.p.i.IntermediateProofReplayer Proof contains wrong number of \assumes instatiations for Definition_axiom_for_stateInv_in_Plotter 
1085650    WARN  main            d.u.i.k.p.i.IntermediateProofReplayer Proof contains wrong number of \assumes instatiations for Definition_axiom_for_stateInv_in_Plotter 
1085652    WARN  main            d.u.i.k.p.i.IntermediateProofReplayer Proof contains wrong number of \assumes instatiations for Definition_axiom_for_workingPermissions_in_Plotter 
1085653    WARN  main            d.u.i.k.p.i.IntermediateProofReplayer Proof contains wrong number of \assumes instatiations for Definition_axiom_for_staticPermissions_in_Plotter 
1085654    WARN  main            d.u.i.k.p.i.IntermediateProofReplayer Proof contains wrong number of \assumes instatiations for Definition_axiom_for_joinTransfer_in_Plotter 
1085655    WARN  main            d.u.i.k.p.i.IntermediateProofReplayer Proof contains wrong number of \assumes instatiations for Definition_axiom_for_stateInv_in_BFilter 
1085668    WARN  main            d.u.i.k.p.i.IntermediateProofReplayer Proof contains wrong number of \assumes instatiations for Definition_axiom_for_stateInv_in_AFilter 
1085670    WARN  main            d.u.i.k.p.i.IntermediateProofReplayer Proof contains wrong number of \assumes instatiations for Definition_axiom_for_stateInv_in_BFilter 
1085672    WARN  main            d.u.i.k.p.i.IntermediateProofReplayer Proof contains wrong number of \assumes instatiations for Definition_axiom_for_stateInv_in_AFilter 
1085679    WARN  main            d.u.i.k.p.i.IntermediateProofReplayer Proof contains wrong number of \assumes instatiations for Definition_axiom_for_staticPermissions_in_AFilter 
1085679    WARN  main            d.u.i.k.p.i.IntermediateProofReplayer Proof contains wrong number of \assumes instatiations for Definition_axiom_for_staticPermissions_in_Plotter 
1085680    WARN  main            d.u.i.k.p.i.IntermediateProofReplayer Proof contains wrong number of \assumes instatiations for Definition_axiom_for_staticPermissions_in_BFilter 
1085681    WARN  main            d.u.i.k.p.i.IntermediateProofReplayer Proof contains wrong number of \assumes instatiations for Definition_axiom_for_workingPermissions_in_Plotter 
1085689    WARN  main            d.u.i.k.p.i.IntermediateProofReplayer Proof contains wrong number of \assumes instatiations for Definition_axiom_for_stateInv_in_Sampler 
1085691    WARN  main            d.u.i.k.p.i.IntermediateProofReplayer Proof contains wrong number of \assumes instatiations for Definition_axiom_for_stateInv_in_Sampler 
1085692    WARN  main            d.u.i.k.p.i.IntermediateProofReplayer Proof contains wrong number of \assumes instatiations for Definition_axiom_for_staticPermissions_in_Sampler 
1085692    WARN  main            d.u.i.k.p.i.IntermediateProofReplayer Proof contains wrong number of \assumes instatiations for Definition_axiom_for_staticPermissions_in_BFilter 
1085693    WARN  main            d.u.i.k.p.i.IntermediateProofReplayer Proof contains wrong number of \assumes instatiations for Definition_axiom_for_staticPermissions_in_AFilter 
1085696    WARN  main            d.u.i.k.p.i.IntermediateProofReplayer Proof contains wrong number of \assumes instatiations for Definition_axiom_for_staticPermissions_in_Sampler 
1085697    WARN  main            d.u.i.k.p.i.IntermediateProofReplayer Proof contains wrong number of \assumes instatiations for Definition_axiom_for_staticPermissions_in_Sampler 
1085697    WARN  main            d.u.i.k.p.i.IntermediateProofReplayer Proof contains wrong number of \assumes instatiations for Definition_axiom_for_staticPermissions_in_Sampler 
1085698    WARN  main            d.u.i.k.p.i.IntermediateProofReplayer Proof contains wrong number of \assumes instatiations for Definition_axiom_for_joinTransfer_in_Plotter 
1085780    DEBUG main            d.u.i.k.p.i.IntermediateProofReplayer Proof replay took 146.12ms 
1085781    INFO  main            d.u.i.k.p.r.p.TestFile    ... success: loaded 
6488669    INFO  Test worker     d.u.i.k.p.r.RunAllProofsTestUnit Returning from test permissionHeap 
6488671    INFO  Test worker     d.u.i.k.p.r.RunAllProofsTestUnit Running test completionScopes 
523        INFO  Timeout watchdog d.u.i.k.p.r.p.ForkedTestFileRunner Timeout watcher launched (2000 secs.) 
536        WARN  main            d.u.i.k.s.ProofSettings   The settings in /home/runner/.key/proof-settings.props are *not* read. 
582        INFO  main            d.u.i.k.p.r.p.TestFile    Now processing file /home/runner/work/key/key/key.core/../key.ui/examples/completionscopes/testCcatchReturnVal.key 
733        INFO  main            d.u.i.k.p.i.AbstractProblemLoader Loading environment from /home/runner/work/key/key/key.core/../key.ui/examples/completionscopes/testCcatchReturnVal.key 
755        DEBUG main            d.u.i.k.p.i.AbstractProblemLoader Environment load took 2.39ms 
1073       INFO  main            d.u.i.k.p.i.AbstractProblemLoader Creating init config 
2153       DEBUG main            d.u.i.k.j.TypeConverter   No LDT found for Meta 
2153       DEBUG main            d.u.i.k.j.TypeConverter   No LDT found for Meta 
2159       DEBUG main            d.u.i.k.j.TypeConverter   No LDT found for Meta 
2159       DEBUG main            d.u.i.k.j.TypeConverter   No LDT found for Meta 
4249       DEBUG main            d.u.i.k.j.TypeConverter   No LDT found for JavaBigintExpression 
11004      DEBUG main            d.u.i.k.p.i.AbstractProblemLoader Init config took 9.93s 
11173      INFO  main            d.u.i.k.p.i.AbstractProblemLoader Replaying proof CompletionScopes[CompletionScopes::testCcatchReturnVal()].JML normal_behavior operation contract.0 
11220      DEBUG main            d.u.i.k.p.i.IntermediateProofReplayer Proof replay took 45.2ns 
11887      INFO  main            d.u.i.k.p.r.p.TestFile    ... finished proof: closed. 
12041      INFO  main            d.u.i.k.p.i.AbstractProblemLoader Loading environment from /home/runner/work/key/key/key.core/../key.ui/examples/completionscopes/testCcatchReturnVal.key.proof 
12042      DEBUG main            d.u.i.k.p.i.AbstractProblemLoader Environment load took 509ns 
12044      INFO  main            d.u.i.k.p.i.AbstractProblemLoader Creating init config 
15882      DEBUG main            d.u.i.k.p.i.AbstractProblemLoader Init config took 3.84s 
15978      INFO  main            d.u.i.k.p.i.AbstractProblemLoader Replaying proof CompletionScopes[CompletionScopes::testCcatchReturnVal()].JML normal_behavior operation contract.0 
16022      DEBUG main            d.u.i.k.p.i.IntermediateProofReplayer Proof replay took 37.65ms 
16030      DEBUG main            d.u.i.k.p.r.p.TestFile    ... success: reloaded. 
16032      INFO  main            d.u.i.k.p.r.p.TestFile    Now processing file /home/runner/work/key/key/key.core/../key.ui/examples/completionscopes/testMultCcatchClauses.key 
16033      INFO  main            d.u.i.k.p.i.AbstractProblemLoader Loading environment from /home/runner/work/key/key/key.core/../key.ui/examples/completionscopes/testMultCcatchClauses.key 
16033      DEBUG main            d.u.i.k.p.i.AbstractProblemLoader Environment load took 325.4ns 
16036      INFO  main            d.u.i.k.p.i.AbstractProblemLoader Creating init config 
19658      DEBUG main            d.u.i.k.p.i.AbstractProblemLoader Init config took 3.62s 
19743      INFO  main            d.u.i.k.p.i.AbstractProblemLoader Replaying proof CompletionScopes[CompletionScopes::testMultCcatchClauses()].JML normal_behavior operation contract.0 
19750      DEBUG main            d.u.i.k.p.i.IntermediateProofReplayer Proof replay took 8.3ns 
20357      INFO  main            d.u.i.k.p.r.p.TestFile    ... finished proof: closed. 
20545      INFO  main            d.u.i.k.p.i.AbstractProblemLoader Loading environment from /home/runner/work/key/key/key.core/../key.ui/examples/completionscopes/testMultCcatchClauses.key.proof 
20546      DEBUG main            d.u.i.k.p.i.AbstractProblemLoader Environment load took 847.01ns 
20548      INFO  main            d.u.i.k.p.i.AbstractProblemLoader Creating init config 
24150      DEBUG main            d.u.i.k.p.i.AbstractProblemLoader Init config took 3.6s 
24250      INFO  main            d.u.i.k.p.i.AbstractProblemLoader Replaying proof CompletionScopes[CompletionScopes::testMultCcatchClauses()].JML normal_behavior operation contract.0 
24370      DEBUG main            d.u.i.k.p.i.IntermediateProofReplayer Proof replay took 110.54ms 
24371      DEBUG main            d.u.i.k.p.r.p.TestFile    ... success: reloaded. 
24373      INFO  main            d.u.i.k.p.r.p.TestFile    Now processing file /home/runner/work/key/key/key.core/../key.ui/examples/completionscopes/testNestedExec.key 
24373      INFO  main            d.u.i.k.p.i.AbstractProblemLoader Loading environment from /home/runner/work/key/key/key.core/../key.ui/examples/completionscopes/testNestedExec.key 
24374      DEBUG main            d.u.i.k.p.i.AbstractProblemLoader Environment load took 250.8ns 
24375      INFO  main            d.u.i.k.p.i.AbstractProblemLoader Creating init config 
27824      DEBUG main            d.u.i.k.p.i.AbstractProblemLoader Init config took 3.45s 
27896      INFO  main            d.u.i.k.p.i.AbstractProblemLoader Replaying proof CompletionScopes[CompletionScopes::testMultCcatchClauses()].JML normal_behavior operation contract.0 
27902      DEBUG main            d.u.i.k.p.i.IntermediateProofReplayer Proof replay took 8ns 
28309      INFO  main            d.u.i.k.p.r.p.TestFile    ... finished proof: closed. 
28484      INFO  main            d.u.i.k.p.i.AbstractProblemLoader Loading environment from /home/runner/work/key/key/key.core/../key.ui/examples/completionscopes/testNestedExec.key.proof 
28485      DEBUG main            d.u.i.k.p.i.AbstractProblemLoader Environment load took 741.11ns 
28487      INFO  main            d.u.i.k.p.i.AbstractProblemLoader Creating init config 
31878      DEBUG main            d.u.i.k.p.i.AbstractProblemLoader Init config took 3.39s 
31935      INFO  main            d.u.i.k.p.i.AbstractProblemLoader Replaying proof CompletionScopes[CompletionScopes::testMultCcatchClauses()].JML normal_behavior operation contract.0 
32021      DEBUG main            d.u.i.k.p.i.IntermediateProofReplayer Proof replay took 81.44ms 
32023      DEBUG main            d.u.i.k.p.r.p.TestFile    ... success: reloaded. 
32024      INFO  main            d.u.i.k.p.r.p.TestFile    Now processing file /home/runner/work/key/key/key.core/../key.ui/examples/completionscopes/testCcatchBreakLabel.key 
32025      INFO  main            d.u.i.k.p.i.AbstractProblemLoader Loading environment from /home/runner/work/key/key/key.core/../key.ui/examples/completionscopes/testCcatchBreakLabel.key 
32025      DEBUG main            d.u.i.k.p.i.AbstractProblemLoader Environment load took 250.3ns 
32027      INFO  main            d.u.i.k.p.i.AbstractProblemLoader Creating init config 
35491      DEBUG main            d.u.i.k.p.i.AbstractProblemLoader Init config took 3.46s 
35547      INFO  main            d.u.i.k.p.i.AbstractProblemLoader Replaying proof CompletionScopes[CompletionScopes::testBreakLabel()].JML normal_behavior operation contract.0 
35550      DEBUG main            d.u.i.k.p.i.IntermediateProofReplayer Proof replay took 8.2ns 
35585      DEBUG Thread-10       d.u.i.k.l.o.ProgramSV     Match failed: Former match of  SchemaVariable incompatible with  the current match. 
35655      INFO  main            d.u.i.k.p.r.p.TestFile    ... finished proof: closed. 
35906      INFO  main            d.u.i.k.p.i.AbstractProblemLoader Loading environment from /home/runner/work/key/key/key.core/../key.ui/examples/completionscopes/testCcatchBreakLabel.key.proof 
35906      DEBUG main            d.u.i.k.p.i.AbstractProblemLoader Environment load took 144.3ns 
35908      INFO  main            d.u.i.k.p.i.AbstractProblemLoader Creating init config 
39304      DEBUG main            d.u.i.k.p.i.AbstractProblemLoader Init config took 3.4s 
39360      INFO  main            d.u.i.k.p.i.AbstractProblemLoader Replaying proof CompletionScopes[CompletionScopes::testBreakLabel()].JML normal_behavior operation contract.0 
39372      DEBUG main            d.u.i.k.p.i.IntermediateProofReplayer Proof replay took 9.24ms 
39373      DEBUG main            d.u.i.k.p.r.p.TestFile    ... success: reloaded. 
39375      INFO  main            d.u.i.k.p.r.p.TestFile    Now processing file /home/runner/work/key/key/key.core/../key.ui/examples/completionscopes/testCcatchContinueLabel.key 
39375      INFO  main            d.u.i.k.p.i.AbstractProblemLoader Loading environment from /home/runner/work/key/key/key.core/../key.ui/examples/completionscopes/testCcatchContinueLabel.key 
39375      DEBUG main            d.u.i.k.p.i.AbstractProblemLoader Environment load took 176.1ns 
39376      INFO  main            d.u.i.k.p.i.AbstractProblemLoader Creating init config 
42827      DEBUG main            d.u.i.k.p.i.AbstractProblemLoader Init config took 3.45s 
42904      INFO  main            d.u.i.k.p.i.AbstractProblemLoader Replaying proof CompletionScopes[CompletionScopes::testContinueLabel()].JML normal_behavior operation contract.0 
42906      DEBUG main            d.u.i.k.p.i.IntermediateProofReplayer Proof replay took 6.8ns 
42934      DEBUG Thread-13       d.u.i.k.l.o.ProgramSV     Match failed: Former match of  SchemaVariable incompatible with  the current match. 
43012      INFO  main            d.u.i.k.p.r.p.TestFile    ... finished proof: closed. 
43206      INFO  main            d.u.i.k.p.i.AbstractProblemLoader Loading environment from /home/runner/work/key/key/key.core/../key.ui/examples/completionscopes/testCcatchContinueLabel.key.proof 
43207      DEBUG main            d.u.i.k.p.i.AbstractProblemLoader Environment load took 166.1ns 
43208      INFO  main            d.u.i.k.p.i.AbstractProblemLoader Creating init config 
46606      DEBUG main            d.u.i.k.p.i.AbstractProblemLoader Init config took 3.4s 
46669      INFO  main            d.u.i.k.p.i.AbstractProblemLoader Replaying proof CompletionScopes[CompletionScopes::testContinueLabel()].JML normal_behavior operation contract.0 
46686      DEBUG main            d.u.i.k.p.i.IntermediateProofReplayer Proof replay took 13.6ms 
46687      DEBUG main            d.u.i.k.p.r.p.TestFile    ... success: reloaded. 
46689      INFO  main            d.u.i.k.p.r.p.TestFile    Now processing file /home/runner/work/key/key/key.core/../key.ui/examples/completionscopes/testCcatchBreakLabelWildcard.key 
46690      INFO  main            d.u.i.k.p.i.AbstractProblemLoader Loading environment from /home/runner/work/key/key/key.core/../key.ui/examples/completionscopes/testCcatchBreakLabelWildcard.key 
46690      DEBUG main            d.u.i.k.p.i.AbstractProblemLoader Environment load took 239ns 
46692      INFO  main            d.u.i.k.p.i.AbstractProblemLoader Creating init config 
50170      DEBUG main            d.u.i.k.p.i.AbstractProblemLoader Init config took 3.48s 
50227      INFO  main            d.u.i.k.p.i.AbstractProblemLoader Replaying proof CompletionScopes[CompletionScopes::testBreakLabelWildcard()].JML normal_behavior operation contract.0 
50230      DEBUG main            d.u.i.k.p.i.IntermediateProofReplayer Proof replay took 8.4ns 
50258      DEBUG Thread-16       d.u.i.k.l.o.ProgramSV     Match failed: Former match of  SchemaVariable incompatible with  the current match. 
50259      DEBUG Thread-16       d.u.i.k.l.o.ProgramSV     Match failed: Former match of  SchemaVariable incompatible with  the current match. 
50332      INFO  main            d.u.i.k.p.r.p.TestFile    ... finished proof: closed. 
50673      INFO  main            d.u.i.k.p.i.AbstractProblemLoader Loading environment from /home/runner/work/key/key/key.core/../key.ui/examples/completionscopes/testCcatchBreakLabelWildcard.key.proof 
50673      DEBUG main            d.u.i.k.p.i.AbstractProblemLoader Environment load took 174.1ns 
50675      INFO  main            d.u.i.k.p.i.AbstractProblemLoader Creating init config 
53984      DEBUG main            d.u.i.k.p.i.AbstractProblemLoader Init config took 3.31s 
54042      INFO  main            d.u.i.k.p.i.AbstractProblemLoader Replaying proof CompletionScopes[CompletionScopes::testBreakLabelWildcard()].JML normal_behavior operation contract.0 
54083      DEBUG main            d.u.i.k.p.i.IntermediateProofReplayer Proof replay took 26.41ms 
54084      DEBUG main            d.u.i.k.p.r.p.TestFile    ... success: reloaded. 
54086      INFO  main            d.u.i.k.p.r.p.TestFile    Now processing file /home/runner/work/key/key/key.core/../key.ui/examples/completionscopes/testCcatchContinueLabelWildcard.key 
54086      INFO  main            d.u.i.k.p.i.AbstractProblemLoader Loading environment from /home/runner/work/key/key/key.core/../key.ui/examples/completionscopes/testCcatchContinueLabelWildcard.key 
54086      DEBUG main            d.u.i.k.p.i.AbstractProblemLoader Environment load took 219.6ns 
54089      INFO  main            d.u.i.k.p.i.AbstractProblemLoader Creating init config 
57436      DEBUG main            d.u.i.k.p.i.AbstractProblemLoader Init config took 3.35s 
57491      INFO  main            d.u.i.k.p.i.AbstractProblemLoader Replaying proof CompletionScopes[CompletionScopes::testContinueLabelWildcard()].JML normal_behavior operation contract.0 
57494      DEBUG main            d.u.i.k.p.i.IntermediateProofReplayer Proof replay took 9.2ns 
57518      DEBUG Thread-19       d.u.i.k.l.o.ProgramSV     Match failed: Former match of  SchemaVariable incompatible with  the current match. 
57519      DEBUG Thread-19       d.u.i.k.l.o.ProgramSV     Match failed: Former match of  SchemaVariable incompatible with  the current match. 
57596      INFO  main            d.u.i.k.p.r.p.TestFile    ... finished proof: closed. 
57813      INFO  main            d.u.i.k.p.i.AbstractProblemLoader Loading environment from /home/runner/work/key/key/key.core/../key.ui/examples/completionscopes/testCcatchContinueLabelWildcard.key.proof 
57813      DEBUG main            d.u.i.k.p.i.AbstractProblemLoader Environment load took 140.6ns 
57815      INFO  main            d.u.i.k.p.i.AbstractProblemLoader Creating init config 
61071      DEBUG main            d.u.i.k.p.i.AbstractProblemLoader Init config took 3.26s 
61122      INFO  main            d.u.i.k.p.i.AbstractProblemLoader Replaying proof CompletionScopes[CompletionScopes::testContinueLabelWildcard()].JML normal_behavior operation contract.0 
61134      DEBUG main            d.u.i.k.p.i.IntermediateProofReplayer Proof replay took 8.99ms 
61135      DEBUG main            d.u.i.k.p.r.p.TestFile    ... success: reloaded. 
61136      INFO  main            d.u.i.k.p.r.p.TestFile    Now processing file /home/runner/work/key/key/key.core/../key.ui/examples/completionscopes/testCcatchBreakLabelNonmatchingNested.key 
61137      INFO  main            d.u.i.k.p.i.AbstractProblemLoader Loading environment from /home/runner/work/key/key/key.core/../key.ui/examples/completionscopes/testCcatchBreakLabelNonmatchingNested.key 
61137      DEBUG main            d.u.i.k.p.i.AbstractProblemLoader Environment load took 209.7ns 
61138      INFO  main            d.u.i.k.p.i.AbstractProblemLoader Creating init config 
64515      DEBUG main            d.u.i.k.p.i.AbstractProblemLoader Init config took 3.38s 
64568      INFO  main            d.u.i.k.p.i.AbstractProblemLoader Replaying proof CompletionScopes[CompletionScopes::testBreakLabelNonmatchingNested()].JML normal_behavior operation contract.0 
64571      DEBUG main            d.u.i.k.p.i.IntermediateProofReplayer Proof replay took 9.6ns 
64591      DEBUG Thread-22       d.u.i.k.l.o.ProgramSV     Match failed: Former match of  SchemaVariable incompatible with  the current match. 
64592      DEBUG Thread-22       d.u.i.k.l.o.ProgramSV     Match failed: Former match of  SchemaVariable incompatible with  the current match. 
64673      INFO  main            d.u.i.k.p.r.p.TestFile    ... finished proof: closed. 
64896      INFO  main            d.u.i.k.p.i.AbstractProblemLoader Loading environment from /home/runner/work/key/key/key.core/../key.ui/examples/completionscopes/testCcatchBreakLabelNonmatchingNested.key.proof 
64896      DEBUG main            d.u.i.k.p.i.AbstractProblemLoader Environment load took 152.3ns 
64898      INFO  main            d.u.i.k.p.i.AbstractProblemLoader Creating init config 
68160      DEBUG main            d.u.i.k.p.i.AbstractProblemLoader Init config took 3.26s 
68209      INFO  main            d.u.i.k.p.i.AbstractProblemLoader Replaying proof CompletionScopes[CompletionScopes::testBreakLabelNonmatchingNested()].JML normal_behavior operation contract.0 
68220      DEBUG main            d.u.i.k.p.i.IntermediateProofReplayer Proof replay took 8.27ms 
68221      DEBUG main            d.u.i.k.p.r.p.TestFile    ... success: reloaded. 
6557129    INFO  Test worker     d.u.i.k.p.r.RunAllProofsTestUnit Returning from test completionScopes 
6557131    INFO  Test worker     d.u.i.k.p.r.RunAllProofsTestUnit Running test reload_examples 
450        INFO  Timeout watchdog d.u.i.k.p.r.p.ForkedTestFileRunner Timeout watcher launched (2000 secs.) 
477        WARN  main            d.u.i.k.s.ProofSettings   The settings in /home/runner/.key/proof-settings.props are *not* read. 
518        INFO  main            d.u.i.k.p.r.p.TestFile    Now processing file /home/runner/work/key/key/key.core/../key.ui/examples/firstTouch/05-ReverseArray/reverseArray.key 
660        INFO  main            d.u.i.k.p.i.AbstractProblemLoader Loading environment from /home/runner/work/key/key/key.core/../key.ui/examples/firstTouch/05-ReverseArray/reverseArray.key 
683        DEBUG main            d.u.i.k.p.i.AbstractProblemLoader Environment load took 3.02ms 
984        INFO  main            d.u.i.k.p.i.AbstractProblemLoader Creating init config 
2186       DEBUG main            d.u.i.k.j.TypeConverter   No LDT found for Meta 
2191       DEBUG main            d.u.i.k.j.TypeConverter   No LDT found for Meta 
2193       DEBUG main            d.u.i.k.j.TypeConverter   No LDT found for Meta 
2193       DEBUG main            d.u.i.k.j.TypeConverter   No LDT found for Meta 
4077       DEBUG main            d.u.i.k.j.TypeConverter   No LDT found for JavaBigintExpression 
11200      DEBUG main            d.u.i.k.p.i.AbstractProblemLoader Init config took 10.22s 
11357      INFO  main            d.u.i.k.p.i.AbstractProblemLoader Replaying proof ReverseArray[ReverseArray::reverse()].JML normal_behavior operation contract.0 
11445      DEBUG main            d.u.i.k.p.i.IntermediateProofReplayer Proof replay took 45ns 
24947      INFO  main            d.u.i.k.p.r.p.TestFile    ... finished proof: closed. 
25216      INFO  main            d.u.i.k.p.i.AbstractProblemLoader Loading environment from /home/runner/work/key/key/key.core/../key.ui/examples/firstTouch/05-ReverseArray/reverseArray.key.proof 
25217      DEBUG main            d.u.i.k.p.i.AbstractProblemLoader Environment load took 480.3ns 
25220      INFO  main            d.u.i.k.p.i.AbstractProblemLoader Creating init config 
28769      DEBUG main            d.u.i.k.p.i.AbstractProblemLoader Init config took 3.55s 
28825      INFO  main            d.u.i.k.p.i.AbstractProblemLoader Replaying proof ReverseArray[ReverseArray::reverse()].JML normal_behavior operation contract.0 
29532      DEBUG main            d.u.i.k.p.i.IntermediateProofReplayer Proof replay took 637.76ms 
29545      DEBUG main            d.u.i.k.p.r.p.TestFile    ... success: reloaded. 
29548      INFO  main            d.u.i.k.p.r.p.TestFile    Now processing file /home/runner/work/key/key/key.core/../key.ui/examples/standard_key/arith/saveProofTest.key.proof 
29548      INFO  main            d.u.i.k.p.i.AbstractProblemLoader Loading environment from /home/runner/work/key/key/key.core/../key.ui/examples/standard_key/arith/saveProofTest.key.proof 
29548      DEBUG main            d.u.i.k.p.i.AbstractProblemLoader Environment load took 223.6ns 
29550      INFO  main            d.u.i.k.p.i.AbstractProblemLoader Creating init config 
32832      DEBUG main            d.u.i.k.p.i.AbstractProblemLoader Init config took 3.28s 
32862      INFO  main            d.u.i.k.p.i.AbstractProblemLoader Replaying proof saveProofTest.key.proof 
32872      DEBUG main            d.u.i.k.p.i.IntermediateProofReplayer Proof replay took 4.64ms 
32873      INFO  main            d.u.i.k.p.r.p.TestFile    ... success: loaded 
32874      INFO  main            d.u.i.k.p.r.p.TestFile    Now processing file /home/runner/work/key/key/key.core/../key.ui/examples/heap/permutedSum/perm.proof 
32875      INFO  main            d.u.i.k.p.i.AbstractProblemLoader Loading environment from /home/runner/work/key/key/key.core/../key.ui/examples/heap/permutedSum/perm.proof 
32875      DEBUG main            d.u.i.k.p.i.AbstractProblemLoader Environment load took 240.6ns 
32878      INFO  main            d.u.i.k.p.i.AbstractProblemLoader Creating init config 
36549      DEBUG main            d.u.i.k.p.i.AbstractProblemLoader Init config took 3.67s 
36633      INFO  main            d.u.i.k.p.i.AbstractProblemLoader Replaying proof Perm[Perm::foo()].JML normal_behavior operation contract.0 
37698      DEBUG main            d.u.i.k.p.i.IntermediateProofReplayer Proof replay took 1.01s 
37701      INFO  main            d.u.i.k.p.r.p.TestFile    ... success: loaded 
37704      INFO  main            d.u.i.k.p.r.p.TestFile    Now processing file /home/runner/work/key/key/key.core/../key.ui/examples/firstTouch/05-ReverseArray/reverseArray.proof 
37705      INFO  main            d.u.i.k.p.i.AbstractProblemLoader Loading environment from /home/runner/work/key/key/key.core/../key.ui/examples/firstTouch/05-ReverseArray/reverseArray.proof 
37705      DEBUG main            d.u.i.k.p.i.AbstractProblemLoader Environment load took 321.5ns 
37708      INFO  main            d.u.i.k.p.i.AbstractProblemLoader Creating init config 
41165      DEBUG main            d.u.i.k.p.i.AbstractProblemLoader Init config took 3.46s 
41233      INFO  main            d.u.i.k.p.i.AbstractProblemLoader Replaying proof ReverseArray[ReverseArray::reverse()].JML normal_behavior operation contract.0 
41941      DEBUG main            d.u.i.k.p.i.IntermediateProofReplayer Proof replay took 620.11ms 
41944      INFO  main            d.u.i.k.p.r.p.TestFile    ... success: loaded 
41946      INFO  main            d.u.i.k.p.r.p.TestFile    Now processing file /home/runner/work/key/key/key.core/../key.ui/examples/heap/verifyThis15_1_RelaxedPrefix/relax.proof 
41946      INFO  main            d.u.i.k.p.i.AbstractProblemLoader Loading environment from /home/runner/work/key/key/key.core/../key.ui/examples/heap/verifyThis15_1_RelaxedPrefix/relax.proof 
41946      DEBUG main            d.u.i.k.p.i.AbstractProblemLoader Environment load took 132.7ns 
41949      INFO  main            d.u.i.k.p.i.AbstractProblemLoader Creating init config 
45467      DEBUG main            d.u.i.k.p.i.AbstractProblemLoader Init config took 3.52s 
45525      INFO  main            d.u.i.k.p.i.AbstractProblemLoader Replaying proof Relaxed[Relaxed::isRelaxedPrefix([I,[I)].JML operation contract.0 
46168      DEBUG main            d.u.i.k.p.i.IntermediateProofReplayer Proof replay took 616.45ms 
46170      INFO  main            d.u.i.k.p.r.p.TestFile    ... success: loaded 
46172      INFO  main            d.u.i.k.p.r.p.TestFile    Now processing file /home/runner/work/key/key/key.core/../key.ui/examples/heap/verifyThis15_3_DLL/doUndo.proof 
46172      INFO  main            d.u.i.k.p.i.AbstractProblemLoader Loading environment from /home/runner/work/key/key/key.core/../key.ui/examples/heap/verifyThis15_3_DLL/doUndo.proof 
46172      DEBUG main            d.u.i.k.p.i.AbstractProblemLoader Environment load took 213.8ns 
46175      INFO  main            d.u.i.k.p.i.AbstractProblemLoader Creating init config 
47403      DEBUG main            d.u.i.k.j.r.ClassPreparationMethodBuilder clPrepBuilder: Inner Class detected. Reject building class initialisation methods. 
49948      DEBUG main            d.u.i.k.p.i.AbstractProblemLoader Init config took 3.77s 
50061      INFO  main            d.u.i.k.p.i.AbstractProblemLoader Replaying proof DoubleLinkedList[DoubleLinkedList::doUndo(DoubleLinkedList.Node,int)].JML normal_behavior operation contract.0 
50844      DEBUG main            d.u.i.k.p.i.IntermediateProofReplayer Proof replay took 739.5ms 
50846      INFO  main            d.u.i.k.p.r.p.TestFile    ... success: loaded 
50848      INFO  main            d.u.i.k.p.r.p.TestFile    Now processing file /home/runner/work/key/key/key.core/../key.ui/examples/heap/verifyThis15_2_ParallelGcd/parallelGcd.proof 
50848      INFO  main            d.u.i.k.p.i.AbstractProblemLoader Loading environment from /home/runner/work/key/key/key.core/../key.ui/examples/heap/verifyThis15_2_ParallelGcd/parallelGcd.proof 
50848      DEBUG main            d.u.i.k.p.i.AbstractProblemLoader Environment load took 226.9ns 
50850      INFO  main            d.u.i.k.p.i.AbstractProblemLoader Creating init config 
54410      DEBUG main            d.u.i.k.p.i.AbstractProblemLoader Init config took 3.56s 
54479      INFO  main            d.u.i.k.p.i.AbstractProblemLoader Replaying proof ParallelGcd[ParallelGcd::parallelGcd(int,int,[Z)].JML behavior operation contract.0 
55126      DEBUG main            d.u.i.k.p.i.IntermediateProofReplayer Proof replay took 628.66ms 
55128      INFO  main            d.u.i.k.p.r.p.TestFile    ... success: loaded 
6612493    INFO  Test worker     d.u.i.k.p.r.RunAllProofsTestUnit Returning from test reload_examples 
6612494    INFO  Test worker     d.u.i.k.p.r.RunAllProofsTestUnit Running test proofLoadRepair 
483        INFO  Timeout watchdog d.u.i.k.p.r.p.ForkedTestFileRunner Timeout watcher launched (2000 secs.) 
506        WARN  main            d.u.i.k.s.ProofSettings   The settings in /home/runner/.key/proof-settings.props are *not* read. 
565        INFO  main            d.u.i.k.p.r.p.TestFile    Now processing file /home/runner/work/key/key/key.core/../key.ui/examples/proofLoadRepair/disjConj-manipulated.proof 
787        INFO  main            d.u.i.k.p.i.AbstractProblemLoader Loading environment from /home/runner/work/key/key/key.core/../key.ui/examples/proofLoadRepair/disjConj-manipulated.proof 
809        DEBUG main            d.u.i.k.p.i.AbstractProblemLoader Environment load took 2.4ms 
1141       INFO  main            d.u.i.k.p.i.AbstractProblemLoader Creating init config 
2440       DEBUG main            d.u.i.k.j.TypeConverter   No LDT found for Meta 
2442       DEBUG main            d.u.i.k.j.TypeConverter   No LDT found for Meta 
2447       DEBUG main            d.u.i.k.j.TypeConverter   No LDT found for Meta 
2447       DEBUG main            d.u.i.k.j.TypeConverter   No LDT found for Meta 
4438       DEBUG main            d.u.i.k.j.TypeConverter   No LDT found for JavaBigintExpression 
10571      DEBUG main            d.u.i.k.p.i.AbstractProblemLoader Init config took 9.43s 
10652      INFO  main            d.u.i.k.p.i.AbstractProblemLoader Replaying proof disjConj-manipulated.proof 
10712      WARN  main            d.u.i.k.p.i.IntermediateProofReplayer Proof contains wrong number of \assumes instatiations for andLeft 
10714      WARN  main            d.u.i.k.p.i.IntermediateProofReplayer Proof contains wrong number of \assumes instatiations for replace_known_right 
10718      WARN  main            d.u.i.k.p.i.IntermediateProofReplayer Proof contains wrong number of \assumes instatiations for close 
10719      DEBUG main            d.u.i.k.p.i.IntermediateProofReplayer Proof replay took 18.5ms 
10725      INFO  main            d.u.i.k.p.r.p.TestFile    ... success: loaded 
10730      INFO  main            d.u.i.k.p.r.p.TestFile    Now processing file /home/runner/work/key/key/key.core/../key.ui/examples/proofLoadRepair/insufficient-manipulated.proof 
10731      INFO  main            d.u.i.k.p.i.AbstractProblemLoader Loading environment from /home/runner/work/key/key/key.core/../key.ui/examples/proofLoadRepair/insufficient-manipulated.proof 
10731      DEBUG main            d.u.i.k.p.i.AbstractProblemLoader Environment load took 316.2ns 
10736      INFO  main            d.u.i.k.p.i.AbstractProblemLoader Creating init config 
14332      DEBUG main            d.u.i.k.p.i.AbstractProblemLoader Init config took 3.6s 
14372      INFO  main            d.u.i.k.p.i.AbstractProblemLoader Replaying proof insufficient-manipulated.proof 
14393      WARN  main            d.u.i.k.p.i.IntermediateProofReplayer Proof contains wrong number of \assumes instatiations for applyEq 
14419      DEBUG main            d.u.i.k.p.i.IntermediateProofReplayer Proof replay took 27ms 
14424      INFO  main            d.u.i.k.p.r.p.TestFile    ... success: loading failed 
14426      INFO  main            d.u.i.k.p.r.p.TestFile    Now processing file /home/runner/work/key/key/key.core/../key.ui/examples/../../key.core/src/test/resources/testcase/issues/1716/incorrectPolarity.proof 
14426      INFO  main            d.u.i.k.p.i.AbstractProblemLoader Loading environment from /home/runner/work/key/key/key.core/../key.ui/examples/../../key.core/src/test/resources/testcase/issues/1716/incorrectPolarity.proof 
14426      DEBUG main            d.u.i.k.p.i.AbstractProblemLoader Environment load took 196.2ns 
14433      INFO  main            d.u.i.k.p.i.AbstractProblemLoader Creating init config 
17921      DEBUG main            d.u.i.k.p.i.AbstractProblemLoader Init config took 3.49s 
17957      INFO  main            d.u.i.k.p.i.AbstractProblemLoader Replaying proof incorrectPolarity.proof 
17960      DEBUG main            d.u.i.k.p.i.IntermediateProofReplayer Proof replay took 258.9ns 
17961      INFO  main            d.u.i.k.p.r.p.TestFile    ... success: loading failed 
17962      INFO  main            d.u.i.k.p.r.p.TestFile    Now processing file /home/runner/work/key/key/key.core/../key.ui/examples/../../key.core/src/test/resources/testcase/issues/1716/incorrectPolarity2.proof 
17963      INFO  main            d.u.i.k.p.i.AbstractProblemLoader Loading environment from /home/runner/work/key/key/key.core/../key.ui/examples/../../key.core/src/test/resources/testcase/issues/1716/incorrectPolarity2.proof 
17963      DEBUG main            d.u.i.k.p.i.AbstractProblemLoader Environment load took 249.9ns 
17965      INFO  main            d.u.i.k.p.i.AbstractProblemLoader Creating init config 
21198      DEBUG main            d.u.i.k.p.i.AbstractProblemLoader Init config took 3.23s 
21229      INFO  main            d.u.i.k.p.i.AbstractProblemLoader Replaying proof incorrectPolarity2.proof 
21233      DEBUG main            d.u.i.k.p.i.IntermediateProofReplayer Proof replay took 496.3ns 
21233      INFO  main            d.u.i.k.p.r.p.TestFile    ... success: loading failed 
21234      INFO  main            d.u.i.k.p.r.p.TestFile    Now processing file /home/runner/work/key/key/key.core/../key.ui/examples/../../key.core/src/test/resources/testcase/issues/1716/incorrectPolarity3.proof 
21235      INFO  main            d.u.i.k.p.i.AbstractProblemLoader Loading environment from /home/runner/work/key/key/key.core/../key.ui/examples/../../key.core/src/test/resources/testcase/issues/1716/incorrectPolarity3.proof 
21235      DEBUG main            d.u.i.k.p.i.AbstractProblemLoader Environment load took 252.5ns 
21237      INFO  main            d.u.i.k.p.i.AbstractProblemLoader Creating init config 
24520      DEBUG main            d.u.i.k.p.i.AbstractProblemLoader Init config took 3.28s 
24547      INFO  main            d.u.i.k.p.i.AbstractProblemLoader Replaying proof incorrectPolarity3.proof 
24551      DEBUG main            d.u.i.k.p.i.IntermediateProofReplayer Proof replay took 1.31ms 
24551      INFO  main            d.u.i.k.p.r.p.TestFile    ... success: loading failed 
6637269    INFO  Test worker     d.u.i.k.p.r.RunAllProofsTestUnit Returning from test proofLoadRepair 
6637270    INFO  Test worker     d.u.i.k.p.r.RunAllProofsTestUnit Running test switch 
482        INFO  Timeout watchdog d.u.i.k.p.r.p.ForkedTestFileRunner Timeout watcher launched (2000 secs.) 
503        WARN  main            d.u.i.k.s.ProofSettings   The settings in /home/runner/.key/proof-settings.props are *not* read. 
574        INFO  main            d.u.i.k.p.r.p.TestFile    Now processing file /home/runner/work/key/key/key.core/../key.ui/examples/standard_key/java_dl/switch/labeled_case.key 
730        INFO  main            d.u.i.k.p.i.AbstractProblemLoader Loading environment from /home/runner/work/key/key/key.core/../key.ui/examples/standard_key/java_dl/switch/labeled_case.key 
751        DEBUG main            d.u.i.k.p.i.AbstractProblemLoader Environment load took 2.4ms 
1053       INFO  main            d.u.i.k.p.i.AbstractProblemLoader Creating init config 
2314       DEBUG main            d.u.i.k.j.TypeConverter   No LDT found for Meta 
2315       DEBUG main            d.u.i.k.j.TypeConverter   No LDT found for Meta 
2317       DEBUG main            d.u.i.k.j.TypeConverter   No LDT found for Meta 
2317       DEBUG main            d.u.i.k.j.TypeConverter   No LDT found for Meta 
4114       DEBUG main            d.u.i.k.j.TypeConverter   No LDT found for JavaBigintExpression 
10777      DEBUG main            d.u.i.k.p.i.AbstractProblemLoader Init config took 9.72s 
10999      INFO  main            d.u.i.k.p.i.AbstractProblemLoader Replaying proof LabeledCase[LabeledCase::m(int)].JML normal_behavior operation contract.0 
11053      DEBUG main            d.u.i.k.p.i.IntermediateProofReplayer Proof replay took 42.6ns 
11909      INFO  main            d.u.i.k.p.r.p.TestFile    ... finished proof: closed. 
12054      INFO  main            d.u.i.k.p.i.AbstractProblemLoader Loading environment from /home/runner/work/key/key/key.core/../key.ui/examples/standard_key/java_dl/switch/labeled_case.key.proof 
12056      DEBUG main            d.u.i.k.p.i.AbstractProblemLoader Environment load took 1.25ms 
12060      INFO  main            d.u.i.k.p.i.AbstractProblemLoader Creating init config 
16058      DEBUG main            d.u.i.k.p.i.AbstractProblemLoader Init config took 4s 
16160      INFO  main            d.u.i.k.p.i.AbstractProblemLoader Replaying proof LabeledCase[LabeledCase::m(int)].JML normal_behavior operation contract.0 
16235      DEBUG main            d.u.i.k.p.i.IntermediateProofReplayer Proof replay took 68.48ms 
16245      DEBUG main            d.u.i.k.p.r.p.TestFile    ... success: reloaded. 
16247      INFO  main            d.u.i.k.p.r.p.TestFile    Now processing file /home/runner/work/key/key/key.core/../key.ui/examples/standard_key/java_dl/switch/empty_switch.key 
16247      INFO  main            d.u.i.k.p.i.AbstractProblemLoader Loading environment from /home/runner/work/key/key/key.core/../key.ui/examples/standard_key/java_dl/switch/empty_switch.key 
16248      DEBUG main            d.u.i.k.p.i.AbstractProblemLoader Environment load took 259.6ns 
16250      INFO  main            d.u.i.k.p.i.AbstractProblemLoader Creating init config 
19693      DEBUG main            d.u.i.k.p.i.AbstractProblemLoader Init config took 3.44s 
19729      INFO  main            d.u.i.k.p.i.AbstractProblemLoader Replaying proof empty_switch.key 
19733      DEBUG main            d.u.i.k.p.i.IntermediateProofReplayer Proof replay took 9.8ns 
19836      INFO  main            d.u.i.k.p.r.p.TestFile    ... finished proof: closed. 
19995      INFO  main            d.u.i.k.p.i.AbstractProblemLoader Loading environment from /home/runner/work/key/key/key.core/../key.ui/examples/standard_key/java_dl/switch/empty_switch.key.proof 
19995      DEBUG main            d.u.i.k.p.i.AbstractProblemLoader Environment load took 513.8ns 
19997      INFO  main            d.u.i.k.p.i.AbstractProblemLoader Creating init config 
23260      DEBUG main            d.u.i.k.p.i.AbstractProblemLoader Init config took 3.26s 
23289      INFO  main            d.u.i.k.p.i.AbstractProblemLoader Replaying proof empty_switch.key.proof 
23298      DEBUG main            d.u.i.k.p.i.IntermediateProofReplayer Proof replay took 5.45ms 
23300      DEBUG main            d.u.i.k.p.r.p.TestFile    ... success: reloaded. 
23302      INFO  main            d.u.i.k.p.r.p.TestFile    Now processing file /home/runner/work/key/key/key.core/../key.ui/examples/standard_key/java_dl/switch/empty_switch_null.key 
23302      INFO  main            d.u.i.k.p.i.AbstractProblemLoader Loading environment from /home/runner/work/key/key/key.core/../key.ui/examples/standard_key/java_dl/switch/empty_switch_null.key 
23302      DEBUG main            d.u.i.k.p.i.AbstractProblemLoader Environment load took 176.9ns 
23304      INFO  main            d.u.i.k.p.i.AbstractProblemLoader Creating init config 
26645      DEBUG main            d.u.i.k.p.i.AbstractProblemLoader Init config took 3.34s 
26689      INFO  main            d.u.i.k.p.i.AbstractProblemLoader Replaying proof empty_switch_null.key 
26692      DEBUG main            d.u.i.k.p.i.IntermediateProofReplayer Proof replay took 9ns 
26996      INFO  main            d.u.i.k.p.r.p.TestFile    ... finished proof: closed. 
27171      INFO  main            d.u.i.k.p.i.AbstractProblemLoader Loading environment from /home/runner/work/key/key/key.core/../key.ui/examples/standard_key/java_dl/switch/empty_switch_null.key.proof 
27173      DEBUG main            d.u.i.k.p.i.AbstractProblemLoader Environment load took 2.18ms 
27176      INFO  main            d.u.i.k.p.i.AbstractProblemLoader Creating init config 
30455      DEBUG main            d.u.i.k.p.i.AbstractProblemLoader Init config took 3.28s 
30489      INFO  main            d.u.i.k.p.i.AbstractProblemLoader Replaying proof empty_switch_null.key.proof 
30548      DEBUG main            d.u.i.k.p.i.IntermediateProofReplayer Proof replay took 53.58ms 
30550      DEBUG main            d.u.i.k.p.r.p.TestFile    ... success: reloaded. 
30550      INFO  main            d.u.i.k.p.r.p.TestFile    Now processing file /home/runner/work/key/key/key.core/../key.ui/examples/standard_key/java_dl/switch/empty_switch_null_catch.key 
30554      INFO  main            d.u.i.k.p.i.AbstractProblemLoader Loading environment from /home/runner/work/key/key/key.core/../key.ui/examples/standard_key/java_dl/switch/empty_switch_null_catch.key 
30555      DEBUG main            d.u.i.k.p.i.AbstractProblemLoader Environment load took 396.4ns 
30557      INFO  main            d.u.i.k.p.i.AbstractProblemLoader Creating init config 
33862      DEBUG main            d.u.i.k.p.i.AbstractProblemLoader Init config took 3.3s 
33889      INFO  main            d.u.i.k.p.i.AbstractProblemLoader Replaying proof empty_switch_null_catch.key 
33891      DEBUG main            d.u.i.k.p.i.IntermediateProofReplayer Proof replay took 8.6ns 
34097      INFO  main            d.u.i.k.p.r.p.TestFile    ... finished proof: closed. 
34288      INFO  main            d.u.i.k.p.i.AbstractProblemLoader Loading environment from /home/runner/work/key/key/key.core/../key.ui/examples/standard_key/java_dl/switch/empty_switch_null_catch.key.proof 
34289      DEBUG main            d.u.i.k.p.i.AbstractProblemLoader Environment load took 699.51ns 
34290      INFO  main            d.u.i.k.p.i.AbstractProblemLoader Creating init config 
37476      DEBUG main            d.u.i.k.p.i.AbstractProblemLoader Init config took 3.19s 
37503      INFO  main            d.u.i.k.p.i.AbstractProblemLoader Replaying proof empty_switch_null_catch.key.proof 
37553      DEBUG main            d.u.i.k.p.i.IntermediateProofReplayer Proof replay took 46.38ms 
37555      DEBUG main            d.u.i.k.p.r.p.TestFile    ... success: reloaded. 
37556      INFO  main            d.u.i.k.p.r.p.TestFile    Now processing file /home/runner/work/key/key/key.core/../key.ui/examples/standard_key/java_dl/switch/empty_switch_array_out_of_bounds.key 
37556      INFO  main            d.u.i.k.p.i.AbstractProblemLoader Loading environment from /home/runner/work/key/key/key.core/../key.ui/examples/standard_key/java_dl/switch/empty_switch_array_out_of_bounds.key 
37556      DEBUG main            d.u.i.k.p.i.AbstractProblemLoader Environment load took 217.8ns 
37558      INFO  main            d.u.i.k.p.i.AbstractProblemLoader Creating init config 
40702      DEBUG main            d.u.i.k.p.i.AbstractProblemLoader Init config took 3.14s 
40726      INFO  main            d.u.i.k.p.i.AbstractProblemLoader Replaying proof empty_switch_array_out_of_bounds.key 
40731      DEBUG main            d.u.i.k.p.i.IntermediateProofReplayer Proof replay took 8.8ns 
41042      INFO  main            d.u.i.k.p.r.p.TestFile    ... finished proof: closed. 
41346      INFO  main            d.u.i.k.p.i.AbstractProblemLoader Loading environment from /home/runner/work/key/key/key.core/../key.ui/examples/standard_key/java_dl/switch/empty_switch_array_out_of_bounds.key.proof 
41347      DEBUG main            d.u.i.k.p.i.AbstractProblemLoader Environment load took 872.61ns 
41348      INFO  main            d.u.i.k.p.i.AbstractProblemLoader Creating init config 
44499      DEBUG main            d.u.i.k.p.i.AbstractProblemLoader Init config took 3.15s 
44529      INFO  main            d.u.i.k.p.i.AbstractProblemLoader Replaying proof empty_switch_array_out_of_bounds.key.proof 
44616      DEBUG main            d.u.i.k.p.i.IntermediateProofReplayer Proof replay took 82.11ms 
44618      DEBUG main            d.u.i.k.p.r.p.TestFile    ... success: reloaded. 
44620      INFO  main            d.u.i.k.p.r.p.TestFile    Now processing file /home/runner/work/key/key/key.core/../key.ui/examples/standard_key/java_dl/switch/empty_switch_array_out_of_bounds_catch.key 
44621      INFO  main            d.u.i.k.p.i.AbstractProblemLoader Loading environment from /home/runner/work/key/key/key.core/../key.ui/examples/standard_key/java_dl/switch/empty_switch_array_out_of_bounds_catch.key 
44622      DEBUG main            d.u.i.k.p.i.AbstractProblemLoader Environment load took 314.8ns 
44624      INFO  main            d.u.i.k.p.i.AbstractProblemLoader Creating init config 
47876      DEBUG main            d.u.i.k.p.i.AbstractProblemLoader Init config took 3.25s 
47904      INFO  main            d.u.i.k.p.i.AbstractProblemLoader Replaying proof empty_switch_array_out_of_bounds_catch.key 
47907      DEBUG main            d.u.i.k.p.i.IntermediateProofReplayer Proof replay took 9.1ns 
48113      INFO  main            d.u.i.k.p.r.p.TestFile    ... finished proof: closed. 
48328      INFO  main            d.u.i.k.p.i.AbstractProblemLoader Loading environment from /home/runner/work/key/key/key.core/../key.ui/examples/standard_key/java_dl/switch/empty_switch_array_out_of_bounds_catch.key.proof 
48328      DEBUG main            d.u.i.k.p.i.AbstractProblemLoader Environment load took 443.4ns 
48330      INFO  main            d.u.i.k.p.i.AbstractProblemLoader Creating init config 
51431      DEBUG main            d.u.i.k.p.i.AbstractProblemLoader Init config took 3.1s 
51455      INFO  main            d.u.i.k.p.i.AbstractProblemLoader Replaying proof empty_switch_array_out_of_bounds_catch.key.proof 
51512      DEBUG main            d.u.i.k.p.i.IntermediateProofReplayer Proof replay took 54.11ms 
51514      DEBUG main            d.u.i.k.p.r.p.TestFile    ... success: reloaded. 
51515      INFO  main            d.u.i.k.p.r.p.TestFile    Now processing file /home/runner/work/key/key/key.core/../key.ui/examples/standard_key/java_dl/switch/switch_in_switch.key 
51515      INFO  main            d.u.i.k.p.i.AbstractProblemLoader Loading environment from /home/runner/work/key/key/key.core/../key.ui/examples/standard_key/java_dl/switch/switch_in_switch.key 
51515      DEBUG main            d.u.i.k.p.i.AbstractProblemLoader Environment load took 260.1ns 
51517      INFO  main            d.u.i.k.p.i.AbstractProblemLoader Creating init config 
54798      DEBUG main            d.u.i.k.p.i.AbstractProblemLoader Init config took 3.28s 
54858      INFO  main            d.u.i.k.p.i.AbstractProblemLoader Replaying proof SwitchInSwitch[SwitchInSwitch::m(int)].JML normal_behavior operation contract.0 
54860      DEBUG main            d.u.i.k.p.i.IntermediateProofReplayer Proof replay took 9ns 
61070      INFO  main            d.u.i.k.p.r.p.TestFile    ... finished proof: closed. 
61399      INFO  main            d.u.i.k.p.i.AbstractProblemLoader Loading environment from /home/runner/work/key/key/key.core/../key.ui/examples/standard_key/java_dl/switch/switch_in_switch.key.proof 
61403      DEBUG main            d.u.i.k.p.i.AbstractProblemLoader Environment load took 3.98ms 
61405      INFO  main            d.u.i.k.p.i.AbstractProblemLoader Creating init config 
64613      DEBUG main            d.u.i.k.p.i.AbstractProblemLoader Init config took 3.21s 
64673      INFO  main            d.u.i.k.p.i.AbstractProblemLoader Replaying proof SwitchInSwitch[SwitchInSwitch::m(int)].JML normal_behavior operation contract.0 
65235      DEBUG main            d.u.i.k.p.i.IntermediateProofReplayer Proof replay took 528.83ms 
65238      DEBUG main            d.u.i.k.p.r.p.TestFile    ... success: reloaded. 
65239      INFO  main            d.u.i.k.p.r.p.TestFile    Now processing file /home/runner/work/key/key/key.core/../key.ui/examples/standard_key/java_dl/switch/while_and_switch.key 
65240      INFO  main            d.u.i.k.p.i.AbstractProblemLoader Loading environment from /home/runner/work/key/key/key.core/../key.ui/examples/standard_key/java_dl/switch/while_and_switch.key 
65240      DEBUG main            d.u.i.k.p.i.AbstractProblemLoader Environment load took 323.4ns 
65241      INFO  main            d.u.i.k.p.i.AbstractProblemLoader Creating init config 
68614      DEBUG main            d.u.i.k.p.i.AbstractProblemLoader Init config took 3.37s 
68671      INFO  main            d.u.i.k.p.i.AbstractProblemLoader Replaying proof WhileAndSwitch[WhileAndSwitch::m(int)].JML normal_behavior operation contract.0 
68674      DEBUG main            d.u.i.k.p.i.IntermediateProofReplayer Proof replay took 7.7ns 
69716      INFO  main            d.u.i.k.p.r.p.TestFile    ... finished proof: closed. 
69990      INFO  main            d.u.i.k.p.i.AbstractProblemLoader Loading environment from /home/runner/work/key/key/key.core/../key.ui/examples/standard_key/java_dl/switch/while_and_switch.key.proof 
69990      DEBUG main            d.u.i.k.p.i.AbstractProblemLoader Environment load took 166.2ns 
69994      INFO  main            d.u.i.k.p.i.AbstractProblemLoader Creating init config 
73264      DEBUG main            d.u.i.k.p.i.AbstractProblemLoader Init config took 3.27s 
73330      INFO  main            d.u.i.k.p.i.AbstractProblemLoader Replaying proof WhileAndSwitch[WhileAndSwitch::m(int)].JML normal_behavior operation contract.0 
73482      DEBUG main            d.u.i.k.p.i.IntermediateProofReplayer Proof replay took 145.09ms 
73484      DEBUG main            d.u.i.k.p.r.p.TestFile    ... success: reloaded. 
73487      INFO  main            d.u.i.k.p.r.p.TestFile    Now processing file /home/runner/work/key/key/key.core/../key.ui/examples/standard_key/java_dl/switch/large_switch.key 
73487      INFO  main            d.u.i.k.p.i.AbstractProblemLoader Loading environment from /home/runner/work/key/key/key.core/../key.ui/examples/standard_key/java_dl/switch/large_switch.key 
73488      DEBUG main            d.u.i.k.p.i.AbstractProblemLoader Environment load took 411.4ns 
73490      INFO  main            d.u.i.k.p.i.AbstractProblemLoader Creating init config 
76839      DEBUG main            d.u.i.k.p.i.AbstractProblemLoader Init config took 3.35s 
76895      INFO  main            d.u.i.k.p.i.AbstractProblemLoader Replaying proof LargeSwitch[LargeSwitch::m(int)].JML normal_behavior operation contract.0 
76896      DEBUG main            d.u.i.k.p.i.IntermediateProofReplayer Proof replay took 10.1ns 
78710      INFO  main            d.u.i.k.p.r.p.TestFile    ... finished proof: closed. 
79011      INFO  main            d.u.i.k.p.i.AbstractProblemLoader Loading environment from /home/runner/work/key/key/key.core/../key.ui/examples/standard_key/java_dl/switch/large_switch.key.proof 
79011      DEBUG main            d.u.i.k.p.i.AbstractProblemLoader Environment load took 264.1ns 
79013      INFO  main            d.u.i.k.p.i.AbstractProblemLoader Creating init config 
82285      DEBUG main            d.u.i.k.p.i.AbstractProblemLoader Init config took 3.27s 
82353      INFO  main            d.u.i.k.p.i.AbstractProblemLoader Replaying proof LargeSwitch[LargeSwitch::m(int)].JML normal_behavior operation contract.0 
82796      DEBUG main            d.u.i.k.p.i.IntermediateProofReplayer Proof replay took 423.99ms 
82805      DEBUG main            d.u.i.k.p.r.p.TestFile    ... success: reloaded. 
6720318    INFO  Test worker     d.u.i.k.p.r.RunAllProofsTestUnit Returning from test switch 
6720320    INFO  Test worker     d.u.i.k.p.r.RunAllProofsTestUnit Running test redux 
488        INFO  Timeout watchdog d.u.i.k.p.r.p.ForkedTestFileRunner Timeout watcher launched (2000 secs.) 
532        WARN  main            d.u.i.k.s.ProofSettings   The settings in /home/runner/.key/proof-settings.props are *not* read. 
571        INFO  main            d.u.i.k.p.r.p.TestFile    Now processing file /home/runner/work/key/key/key.core/../key.ui/examples/redux/arrays/Arrays.copyOf.key 
719        INFO  main            d.u.i.k.p.i.AbstractProblemLoader Loading environment from /home/runner/work/key/key/key.core/../key.ui/examples/redux/arrays/Arrays.copyOf.key 
742        DEBUG main            d.u.i.k.p.i.AbstractProblemLoader Environment load took 2.43ms 
1053       INFO  main            d.u.i.k.p.i.AbstractProblemLoader Creating init config 
2464       DEBUG main            d.u.i.k.j.TypeConverter   No LDT found for Meta 
2464       DEBUG main            d.u.i.k.j.TypeConverter   No LDT found for Meta 
2468       DEBUG main            d.u.i.k.j.TypeConverter   No LDT found for Meta 
2468       DEBUG main            d.u.i.k.j.TypeConverter   No LDT found for Meta 
4276       DEBUG main            d.u.i.k.j.TypeConverter   No LDT found for JavaBigintExpression 
11630      DEBUG main            d.u.i.k.p.i.AbstractProblemLoader Init config took 10.58s 
11806      INFO  main            d.u.i.k.p.i.AbstractProblemLoader Replaying proof Arrays[Arrays::copyOf([I,int)].JML normal_behavior operation contract.0 
11905      DEBUG main            d.u.i.k.p.i.IntermediateProofReplayer Proof replay took 48.4ns 
19242      INFO  main            d.u.i.k.p.r.p.TestFile    ... finished proof: closed. 
19469      INFO  main            d.u.i.k.p.i.AbstractProblemLoader Loading environment from /home/runner/work/key/key/key.core/../key.ui/examples/redux/arrays/Arrays.copyOf.key.proof 
19472      DEBUG main            d.u.i.k.p.i.AbstractProblemLoader Environment load took 2.4ms 
19477      INFO  main            d.u.i.k.p.i.AbstractProblemLoader Creating init config 
23771      DEBUG main            d.u.i.k.p.i.AbstractProblemLoader Init config took 4.29s 
23861      INFO  main            d.u.i.k.p.i.AbstractProblemLoader Replaying proof Arrays[Arrays::copyOf([I,int)].JML normal_behavior operation contract.0 
24546      DEBUG main            d.u.i.k.p.i.IntermediateProofReplayer Proof replay took 642.69ms 
24557      DEBUG main            d.u.i.k.p.r.p.TestFile    ... success: reloaded. 
24559      INFO  main            d.u.i.k.p.r.p.TestFile    Now processing file /home/runner/work/key/key/key.core/../key.ui/examples/redux/arrays/Arrays.copyOf.float.key 
24560      INFO  main            d.u.i.k.p.i.AbstractProblemLoader Loading environment from /home/runner/work/key/key/key.core/../key.ui/examples/redux/arrays/Arrays.copyOf.float.key 
24560      DEBUG main            d.u.i.k.p.i.AbstractProblemLoader Environment load took 230.5ns 
24562      INFO  main            d.u.i.k.p.i.AbstractProblemLoader Creating init config 
28856      DEBUG main            d.u.i.k.p.i.AbstractProblemLoader Init config took 4.29s 
28955      INFO  main            d.u.i.k.p.i.AbstractProblemLoader Replaying proof Arrays[Arrays::copyOf([F,int)].JML normal_behavior operation contract.0 
28960      DEBUG main            d.u.i.k.p.i.IntermediateProofReplayer Proof replay took 8.6ns 
29015      DEBUG main            d.u.i.k.m.s.ProofScriptEngine [1] goal: 0, source line: 6, command: 'macro autopilot' 
34833      DEBUG main            d.u.i.k.m.s.ProofScriptEngine [2] goal: 17, source line: 7, command: 'smt solver=Z3' 
34965      INFO  main            d.u.i.k.m.s.SMTCommand    Finished run on goal 17 in 96ms, result is valid 
34966      DEBUG main            d.u.i.k.m.s.ProofScriptEngine [3] goal: 309, source line: 8, command: 'tryclose' 
37202      INFO  main            d.u.i.k.p.r.p.TestFile    ... finished proof: closed. 
37436      INFO  main            d.u.i.k.p.i.AbstractProblemLoader Loading environment from /home/runner/work/key/key/key.core/../key.ui/examples/redux/arrays/Arrays.copyOf.float.key.proof 
37437      DEBUG main            d.u.i.k.p.i.AbstractProblemLoader Environment load took 524ns 
37442      INFO  main            d.u.i.k.p.i.AbstractProblemLoader Creating init config 
41333      DEBUG main            d.u.i.k.p.i.AbstractProblemLoader Init config took 3.89s 
41400      INFO  main            d.u.i.k.p.i.AbstractProblemLoader Replaying proof Arrays[Arrays::copyOf([F,int)].JML normal_behavior operation contract.0 
41502      INFO  main            d.u.i.k.s.SMTFocusResults Analyzing unsat core: (L_6) 
42223      DEBUG main            d.u.i.k.p.i.IntermediateProofReplayer Proof replay took 794.61ms 
42227      DEBUG main            d.u.i.k.p.r.p.TestFile    ... success: reloaded. 
42228      INFO  main            d.u.i.k.p.r.p.TestFile    Now processing file /home/runner/work/key/key/key.core/../key.ui/examples/redux/arrays/Arrays.copyOfRange.key 
42229      INFO  main            d.u.i.k.p.i.AbstractProblemLoader Loading environment from /home/runner/work/key/key/key.core/../key.ui/examples/redux/arrays/Arrays.copyOfRange.key 
42229      DEBUG main            d.u.i.k.p.i.AbstractProblemLoader Environment load took 211.4ns 
42231      INFO  main            d.u.i.k.p.i.AbstractProblemLoader Creating init config 
46304      DEBUG main            d.u.i.k.p.i.AbstractProblemLoader Init config took 4.07s 
46368      INFO  main            d.u.i.k.p.i.AbstractProblemLoader Replaying proof Arrays[Arrays::copyOfRange([I,int,int)].JML normal_behavior operation contract.0 
46371      DEBUG main            d.u.i.k.p.i.IntermediateProofReplayer Proof replay took 24.4ns 
52062      INFO  main            d.u.i.k.p.r.p.TestFile    ... finished proof: closed. 
52374      INFO  main            d.u.i.k.p.i.AbstractProblemLoader Loading environment from /home/runner/work/key/key/key.core/../key.ui/examples/redux/arrays/Arrays.copyOfRange.key.proof 
52375      DEBUG main            d.u.i.k.p.i.AbstractProblemLoader Environment load took 530.8ns 
52378      INFO  main            d.u.i.k.p.i.AbstractProblemLoader Creating init config 
56255      DEBUG main            d.u.i.k.p.i.AbstractProblemLoader Init config took 3.88s 
56312      INFO  main            d.u.i.k.p.i.AbstractProblemLoader Replaying proof Arrays[Arrays::copyOfRange([I,int,int)].JML normal_behavior operation contract.0 
56819      DEBUG main            d.u.i.k.p.i.IntermediateProofReplayer Proof replay took 472.08ms 
56821      DEBUG main            d.u.i.k.p.r.p.TestFile    ... success: reloaded. 
56822      INFO  main            d.u.i.k.p.r.p.TestFile    Now processing file /home/runner/work/key/key/key.core/../key.ui/examples/redux/arrays/Arrays.copyOfRange.float.key 
56823      INFO  main            d.u.i.k.p.i.AbstractProblemLoader Loading environment from /home/runner/work/key/key/key.core/../key.ui/examples/redux/arrays/Arrays.copyOfRange.float.key 
56823      DEBUG main            d.u.i.k.p.i.AbstractProblemLoader Environment load took 224.6ns 
56824      INFO  main            d.u.i.k.p.i.AbstractProblemLoader Creating init config 
60765      DEBUG main            d.u.i.k.p.i.AbstractProblemLoader Init config took 3.94s 
60854      INFO  main            d.u.i.k.p.i.AbstractProblemLoader Replaying proof Arrays[Arrays::copyOfRange([F,int,int)].JML normal_behavior operation contract.0 
60856      DEBUG main            d.u.i.k.p.i.IntermediateProofReplayer Proof replay took 7.9ns 
60857      DEBUG main            d.u.i.k.m.s.ProofScriptEngine [1] goal: 0, source line: 6, command: 'macro autopilot' 
68360      DEBUG main            d.u.i.k.m.s.ProofScriptEngine [2] goal: 27, source line: 7, command: 'smt solver=Z3' 
68410      INFO  main            d.u.i.k.m.s.SMTCommand    Finished run on goal 27 in 46ms, result is valid 
68411      DEBUG main            d.u.i.k.m.s.ProofScriptEngine [3] goal: 375, source line: 8, command: 'tryclose' 
72750      INFO  main            d.u.i.k.p.r.p.TestFile    ... finished proof: closed. 
73041      INFO  main            d.u.i.k.p.i.AbstractProblemLoader Loading environment from /home/runner/work/key/key/key.core/../key.ui/examples/redux/arrays/Arrays.copyOfRange.float.key.proof 
73042      DEBUG main            d.u.i.k.p.i.AbstractProblemLoader Environment load took 490ns 
73044      INFO  main            d.u.i.k.p.i.AbstractProblemLoader Creating init config 
77054      DEBUG main            d.u.i.k.p.i.AbstractProblemLoader Init config took 4.01s 
77107      INFO  main            d.u.i.k.p.i.AbstractProblemLoader Replaying proof Arrays[Arrays::copyOfRange([F,int,int)].JML normal_behavior operation contract.0 
77195      INFO  main            d.u.i.k.s.SMTFocusResults Analyzing unsat core: (L_8) 
78112      DEBUG main            d.u.i.k.p.i.IntermediateProofReplayer Proof replay took 972.67ms 
78115      DEBUG main            d.u.i.k.p.r.p.TestFile    ... success: reloaded. 
78119      INFO  main            d.u.i.k.p.r.p.TestFile    Now processing file /home/runner/work/key/key/key.core/../key.ui/examples/redux/arrays/Arrays.equals.key 
78120      INFO  main            d.u.i.k.p.i.AbstractProblemLoader Loading environment from /home/runner/work/key/key/key.core/../key.ui/examples/redux/arrays/Arrays.equals.key 
78120      DEBUG main            d.u.i.k.p.i.AbstractProblemLoader Environment load took 255.1ns 
78121      INFO  main            d.u.i.k.p.i.AbstractProblemLoader Creating init config 
82158      DEBUG main            d.u.i.k.p.i.AbstractProblemLoader Init config took 4.04s 
82225      INFO  main            d.u.i.k.p.i.AbstractProblemLoader Replaying proof Arrays[Arrays::equals([B,[B)].JML normal_behavior operation contract.0 
82228      DEBUG main            d.u.i.k.p.i.IntermediateProofReplayer Proof replay took 7.5ns 
82933      INFO  main            d.u.i.k.p.r.p.TestFile    ... finished proof: closed. 
83274      INFO  main            d.u.i.k.p.i.AbstractProblemLoader Loading environment from /home/runner/work/key/key/key.core/../key.ui/examples/redux/arrays/Arrays.equals.key.proof 
83274      DEBUG main            d.u.i.k.p.i.AbstractProblemLoader Environment load took 755.71ns 
83276      INFO  main            d.u.i.k.p.i.AbstractProblemLoader Creating init config 
87182      DEBUG main            d.u.i.k.p.i.AbstractProblemLoader Init config took 3.91s 
87234      INFO  main            d.u.i.k.p.i.AbstractProblemLoader Replaying proof Arrays[Arrays::equals([B,[B)].JML normal_behavior operation contract.0 
87396      DEBUG main            d.u.i.k.p.i.IntermediateProofReplayer Proof replay took 156.63ms 
87397      DEBUG main            d.u.i.k.p.r.p.TestFile    ... success: reloaded. 
87398      INFO  main            d.u.i.k.p.r.p.TestFile    Now processing file /home/runner/work/key/key/key.core/../key.ui/examples/redux/arrays/Arrays.fill.key 
87399      INFO  main            d.u.i.k.p.i.AbstractProblemLoader Loading environment from /home/runner/work/key/key/key.core/../key.ui/examples/redux/arrays/Arrays.fill.key 
87399      DEBUG main            d.u.i.k.p.i.AbstractProblemLoader Environment load took 206.5ns 
87400      INFO  main            d.u.i.k.p.i.AbstractProblemLoader Creating init config 
91358      DEBUG main            d.u.i.k.p.i.AbstractProblemLoader Init config took 3.96s 
91410      INFO  main            d.u.i.k.p.i.AbstractProblemLoader Replaying proof Arrays[Arrays::fill([I,int)].JML normal_behavior operation contract.0 
91412      DEBUG main            d.u.i.k.p.i.IntermediateProofReplayer Proof replay took 9ns 
91615      INFO  main            d.u.i.k.p.r.p.TestFile    ... finished proof: closed. 
91853      INFO  main            d.u.i.k.p.i.AbstractProblemLoader Loading environment from /home/runner/work/key/key/key.core/../key.ui/examples/redux/arrays/Arrays.fill.key.proof 
91854      DEBUG main            d.u.i.k.p.i.AbstractProblemLoader Environment load took 436.8ns 
91855      INFO  main            d.u.i.k.p.i.AbstractProblemLoader Creating init config 
95760      DEBUG main            d.u.i.k.p.i.AbstractProblemLoader Init config took 3.91s 
95813      INFO  main            d.u.i.k.p.i.AbstractProblemLoader Replaying proof Arrays[Arrays::fill([I,int)].JML normal_behavior operation contract.0 
95850      DEBUG main            d.u.i.k.p.i.IntermediateProofReplayer Proof replay took 34ms 
95851      DEBUG main            d.u.i.k.p.r.p.TestFile    ... success: reloaded. 
95852      INFO  main            d.u.i.k.p.r.p.TestFile    Now processing file /home/runner/work/key/key/key.core/../key.ui/examples/redux/arrays/Arrays.fill.float.key 
95853      INFO  main            d.u.i.k.p.i.AbstractProblemLoader Loading environment from /home/runner/work/key/key/key.core/../key.ui/examples/redux/arrays/Arrays.fill.float.key 
95853      DEBUG main            d.u.i.k.p.i.AbstractProblemLoader Environment load took 221.9ns 
95854      INFO  main            d.u.i.k.p.i.AbstractProblemLoader Creating init config 
99845      DEBUG main            d.u.i.k.p.i.AbstractProblemLoader Init config took 3.99s 
99896      INFO  main            d.u.i.k.p.i.AbstractProblemLoader Replaying proof Arrays[Arrays::fill([F,float)].JML normal_behavior operation contract.0 
99899      DEBUG main            d.u.i.k.p.i.IntermediateProofReplayer Proof replay took 32.1ns 
100203     INFO  main            d.u.i.k.p.r.p.TestFile    ... finished proof: closed. 
100454     INFO  main            d.u.i.k.p.i.AbstractProblemLoader Loading environment from /home/runner/work/key/key/key.core/../key.ui/examples/redux/arrays/Arrays.fill.float.key.proof 
100454     DEBUG main            d.u.i.k.p.i.AbstractProblemLoader Environment load took 639.8ns 
100456     INFO  main            d.u.i.k.p.i.AbstractProblemLoader Creating init config 
104455     DEBUG main            d.u.i.k.p.i.AbstractProblemLoader Init config took 4s 
104507     INFO  main            d.u.i.k.p.i.AbstractProblemLoader Replaying proof Arrays[Arrays::fill([F,float)].JML normal_behavior operation contract.0 
104557     DEBUG main            d.u.i.k.p.i.IntermediateProofReplayer Proof replay took 46.55ms 
104558     DEBUG main            d.u.i.k.p.r.p.TestFile    ... success: reloaded. 
104559     INFO  main            d.u.i.k.p.r.p.TestFile    Now processing file /home/runner/work/key/key/key.core/../key.ui/examples/redux/arrays/Arrays.fillFromTo.key 
104559     INFO  main            d.u.i.k.p.i.AbstractProblemLoader Loading environment from /home/runner/work/key/key/key.core/../key.ui/examples/redux/arrays/Arrays.fillFromTo.key 
104559     DEBUG main            d.u.i.k.p.i.AbstractProblemLoader Environment load took 126.5ns 
104560     INFO  main            d.u.i.k.p.i.AbstractProblemLoader Creating init config 
108517     DEBUG main            d.u.i.k.p.i.AbstractProblemLoader Init config took 3.96s 
108600     INFO  main            d.u.i.k.p.i.AbstractProblemLoader Replaying proof Arrays[Arrays::fill([I,int,int,int)].JML normal_behavior operation contract.0 
108605     DEBUG main            d.u.i.k.p.i.IntermediateProofReplayer Proof replay took 8.9ns 
109309     INFO  main            d.u.i.k.p.r.p.TestFile    ... finished proof: closed. 
109601     INFO  main            d.u.i.k.p.i.AbstractProblemLoader Loading environment from /home/runner/work/key/key/key.core/../key.ui/examples/redux/arrays/Arrays.fillFromTo.key.proof 
109602     DEBUG main            d.u.i.k.p.i.AbstractProblemLoader Environment load took 1.23ms 
109603     INFO  main            d.u.i.k.p.i.AbstractProblemLoader Creating init config 
113443     DEBUG main            d.u.i.k.p.i.AbstractProblemLoader Init config took 3.84s 
113507     INFO  main            d.u.i.k.p.i.AbstractProblemLoader Replaying proof Arrays[Arrays::fill([I,int,int,int)].JML normal_behavior operation contract.0 
113616     DEBUG main            d.u.i.k.p.i.IntermediateProofReplayer Proof replay took 102.35ms 
113617     DEBUG main            d.u.i.k.p.r.p.TestFile    ... success: reloaded. 
113618     INFO  main            d.u.i.k.p.r.p.TestFile    Now processing file /home/runner/work/key/key/key.core/../key.ui/examples/redux/arrays/Arrays.fillFromTo.float.key 
113619     INFO  main            d.u.i.k.p.i.AbstractProblemLoader Loading environment from /home/runner/work/key/key/key.core/../key.ui/examples/redux/arrays/Arrays.fillFromTo.float.key 
113619     DEBUG main            d.u.i.k.p.i.AbstractProblemLoader Environment load took 226.5ns 
113620     INFO  main            d.u.i.k.p.i.AbstractProblemLoader Creating init config 
117580     DEBUG main            d.u.i.k.p.i.AbstractProblemLoader Init config took 3.96s 
117625     INFO  main            d.u.i.k.p.i.AbstractProblemLoader Replaying proof Arrays[Arrays::fill([F,int,int,float)].JML normal_behavior operation contract.0 
117627     DEBUG main            d.u.i.k.p.i.IntermediateProofReplayer Proof replay took 7.6ns 
118532     INFO  main            d.u.i.k.p.r.p.TestFile    ... finished proof: closed. 
118802     INFO  main            d.u.i.k.p.i.AbstractProblemLoader Loading environment from /home/runner/work/key/key/key.core/../key.ui/examples/redux/arrays/Arrays.fillFromTo.float.key.proof 
118802     DEBUG main            d.u.i.k.p.i.AbstractProblemLoader Environment load took 147.5ns 
118804     INFO  main            d.u.i.k.p.i.AbstractProblemLoader Creating init config 
122600     DEBUG main            d.u.i.k.p.i.AbstractProblemLoader Init config took 3.8s 
122647     INFO  main            d.u.i.k.p.i.AbstractProblemLoader Replaying proof Arrays[Arrays::fill([F,int,int,float)].JML normal_behavior operation contract.0 
122781     DEBUG main            d.u.i.k.p.i.IntermediateProofReplayer Proof replay took 128.69ms 
122783     DEBUG main            d.u.i.k.p.r.p.TestFile    ... success: reloaded. 
122784     INFO  main            d.u.i.k.p.r.p.TestFile    Now processing file /home/runner/work/key/key/key.core/../key.ui/examples/redux/arrays/ArrayCopy.arraycopy.normal.0.key 
122785     INFO  main            d.u.i.k.p.i.AbstractProblemLoader Loading environment from /home/runner/work/key/key/key.core/../key.ui/examples/redux/arrays/ArrayCopy.arraycopy.normal.0.key 
122785     DEBUG main            d.u.i.k.p.i.AbstractProblemLoader Environment load took 220.3ns 
122786     INFO  main            d.u.i.k.p.i.AbstractProblemLoader Creating init config 
126526     DEBUG main            d.u.i.k.p.i.AbstractProblemLoader Init config took 3.74s 
126571     INFO  main            d.u.i.k.p.i.AbstractProblemLoader Replaying proof ArrayCopy[ArrayCopy::arraycopy(java.lang.Object,int,java.lang.Object,int,int)].JML normal_behavior operation contract.0 
126573     DEBUG main            d.u.i.k.p.i.IntermediateProofReplayer Proof replay took 8.5ns 
134404     INFO  main            d.u.i.k.p.r.p.TestFile    ... finished proof: closed. 
134741     INFO  main            d.u.i.k.p.i.AbstractProblemLoader Loading environment from /home/runner/work/key/key/key.core/../key.ui/examples/redux/arrays/ArrayCopy.arraycopy.normal.0.key.proof 
134742     DEBUG main            d.u.i.k.p.i.AbstractProblemLoader Environment load took 746.71ns 
134745     INFO  main            d.u.i.k.p.i.AbstractProblemLoader Creating init config 
138414     DEBUG main            d.u.i.k.p.i.AbstractProblemLoader Init config took 3.67s 
138460     INFO  main            d.u.i.k.p.i.AbstractProblemLoader Replaying proof ArrayCopy[ArrayCopy::arraycopy(java.lang.Object,int,java.lang.Object,int,int)].JML normal_behavior operation contract.0 
139366     DEBUG main            d.u.i.k.p.i.IntermediateProofReplayer Proof replay took 883.7ms 
139369     DEBUG main            d.u.i.k.p.r.p.TestFile    ... success: reloaded. 
139370     INFO  main            d.u.i.k.p.r.p.TestFile    Now processing file /home/runner/work/key/key/key.core/../key.ui/examples/redux/arrays/ArrayCopy.arraycopy.exceptional.0.key 
139371     INFO  main            d.u.i.k.p.i.AbstractProblemLoader Loading environment from /home/runner/work/key/key/key.core/../key.ui/examples/redux/arrays/ArrayCopy.arraycopy.exceptional.0.key 
139371     DEBUG main            d.u.i.k.p.i.AbstractProblemLoader Environment load took 209.3ns 
139372     INFO  main            d.u.i.k.p.i.AbstractProblemLoader Creating init config 
143285     DEBUG main            d.u.i.k.p.i.AbstractProblemLoader Init config took 3.91s 
143329     INFO  main            d.u.i.k.p.i.AbstractProblemLoader Replaying proof ArrayCopy[ArrayCopy::arraycopy(java.lang.Object,int,java.lang.Object,int,int)].JML exceptional_behavior operation contract.0 
143330     DEBUG main            d.u.i.k.p.i.IntermediateProofReplayer Proof replay took 7.5ns 
143837     INFO  main            d.u.i.k.p.r.p.TestFile    ... finished proof: closed. 
144085     INFO  main            d.u.i.k.p.i.AbstractProblemLoader Loading environment from /home/runner/work/key/key/key.core/../key.ui/examples/redux/arrays/ArrayCopy.arraycopy.exceptional.0.key.proof 
144085     DEBUG main            d.u.i.k.p.i.AbstractProblemLoader Environment load took 204.7ns 
144087     INFO  main            d.u.i.k.p.i.AbstractProblemLoader Creating init config 
147665     DEBUG main            d.u.i.k.p.i.AbstractProblemLoader Init config took 3.58s 
147706     INFO  main            d.u.i.k.p.i.AbstractProblemLoader Replaying proof ArrayCopy[ArrayCopy::arraycopy(java.lang.Object,int,java.lang.Object,int,int)].JML exceptional_behavior operation contract.0 
147827     DEBUG main            d.u.i.k.p.i.IntermediateProofReplayer Proof replay took 117.36ms 
147829     DEBUG main            d.u.i.k.p.r.p.TestFile    ... success: reloaded. 
147830     INFO  main            d.u.i.k.p.r.p.TestFile    Now processing file /home/runner/work/key/key/key.core/../key.ui/examples/redux/arrays/ArrayCopy.arraycopy.exceptional.1.key 
147831     INFO  main            d.u.i.k.p.i.AbstractProblemLoader Loading environment from /home/runner/work/key/key/key.core/../key.ui/examples/redux/arrays/ArrayCopy.arraycopy.exceptional.1.key 
147831     DEBUG main            d.u.i.k.p.i.AbstractProblemLoader Environment load took 109.9ns 
147832     INFO  main            d.u.i.k.p.i.AbstractProblemLoader Creating init config 
151544     DEBUG main            d.u.i.k.p.i.AbstractProblemLoader Init config took 3.71s 
151589     INFO  main            d.u.i.k.p.i.AbstractProblemLoader Replaying proof ArrayCopy[ArrayCopy::arraycopy(java.lang.Object,int,java.lang.Object,int,int)].JML exceptional_behavior operation contract.1 
151591     DEBUG main            d.u.i.k.p.i.IntermediateProofReplayer Proof replay took 8.8ns 
159599     INFO  main            d.u.i.k.p.r.p.TestFile    ... finished proof: closed. 
159918     INFO  main            d.u.i.k.p.i.AbstractProblemLoader Loading environment from /home/runner/work/key/key/key.core/../key.ui/examples/redux/arrays/ArrayCopy.arraycopy.exceptional.1.key.proof 
159918     DEBUG main            d.u.i.k.p.i.AbstractProblemLoader Environment load took 197.1ns 
159922     INFO  main            d.u.i.k.p.i.AbstractProblemLoader Creating init config 
163710     DEBUG main            d.u.i.k.p.i.AbstractProblemLoader Init config took 3.79s 
163756     INFO  main            d.u.i.k.p.i.AbstractProblemLoader Replaying proof ArrayCopy[ArrayCopy::arraycopy(java.lang.Object,int,java.lang.Object,int,int)].JML exceptional_behavior operation contract.1 
165389     DEBUG main            d.u.i.k.p.i.IntermediateProofReplayer Proof replay took 1.61s 
165392     DEBUG main            d.u.i.k.p.r.p.TestFile    ... success: reloaded. 
6885953    INFO  Test worker     d.u.i.k.p.r.RunAllProofsTestUnit Returning from test redux 
]]></system-out>
  <system-err><![CDATA[]]></system-err>
</testsuite>
