<?xml version="1.0" encoding="UTF-8"?>
<testsuite name="de.uka.ilkd.key.speclang.ContractFactoryTest" tests="3" skipped="0" failures="0" errors="0" timestamp="2023-04-18T01:19:30" hostname="fv-az615-467" time="8.312">
  <properties/>
  <testcase name="testCombineDifferentAssignable()" classname="de.uka.ilkd.key.speclang.ContractFactoryTest" time="2.909"/>
  <testcase name="testCombineEmptyAssignable()" classname="de.uka.ilkd.key.speclang.ContractFactoryTest" time="2.721"/>
  <testcase name="testCombineEqualAssignable()" classname="de.uka.ilkd.key.speclang.ContractFactoryTest" time="2.682"/>
  <system-out><![CDATA[716581     WARN  Test worker     d.u.i.k.n.ParsingFacade   file:/home/runner/work/key/key/key.core/build/resources/main/de/uka/ilkd/key/proof/rules/ldt.key took 0 ms to parse. 
716581     WARN  Test worker     d.u.i.k.n.ParsingFacade   Parsing time 1833 ms. 
716582     WARN  Test worker     d.u.i.k.n.ParsingFacade   file:/home/runner/work/key/key/key.core/build/resources/main/de/uka/ilkd/key/proof/rules/boolean.key took 0 ms to parse. 
716582     WARN  Test worker     d.u.i.k.n.ParsingFacade   Parsing time 1833 ms. 
716583     WARN  Test worker     d.u.i.k.n.ParsingFacade   file:/home/runner/work/key/key/key.core/build/resources/main/de/uka/ilkd/key/proof/rules/ruleSetsDeclarations.key took 1 ms to parse. 
716583     WARN  Test worker     d.u.i.k.n.ParsingFacade   Parsing time 1834 ms. 
716584     WARN  Test worker     d.u.i.k.n.ParsingFacade   file:/home/runner/work/key/key/key.core/build/resources/main/de/uka/ilkd/key/proof/rules/integerHeader.key took 1 ms to parse. 
716584     WARN  Test worker     d.u.i.k.n.ParsingFacade   Parsing time 1835 ms. 
716584     WARN  Test worker     d.u.i.k.n.ParsingFacade   file:/home/runner/work/key/key/key.core/build/resources/main/de/uka/ilkd/key/proof/rules/floatHeader.key took 0 ms to parse. 
716584     WARN  Test worker     d.u.i.k.n.ParsingFacade   Parsing time 1835 ms. 
716585     WARN  Test worker     d.u.i.k.n.ParsingFacade   file:/home/runner/work/key/key/key.core/build/resources/main/de/uka/ilkd/key/proof/rules/heap.key took 1 ms to parse. 
716585     WARN  Test worker     d.u.i.k.n.ParsingFacade   Parsing time 1836 ms. 
716585     WARN  Test worker     d.u.i.k.n.ParsingFacade   file:/home/runner/work/key/key/key.core/build/resources/main/de/uka/ilkd/key/proof/rules/locSets.key took 0 ms to parse. 
716585     WARN  Test worker     d.u.i.k.n.ParsingFacade   Parsing time 1836 ms. 
716585     WARN  Test worker     d.u.i.k.n.ParsingFacade   file:/home/runner/work/key/key/key.core/build/resources/main/de/uka/ilkd/key/proof/rules/permission.key took 0 ms to parse. 
716585     WARN  Test worker     d.u.i.k.n.ParsingFacade   Parsing time 1836 ms. 
716585     WARN  Test worker     d.u.i.k.n.ParsingFacade   file:/home/runner/work/key/key/key.core/build/resources/main/de/uka/ilkd/key/proof/rules/reach.key took 0 ms to parse. 
716585     WARN  Test worker     d.u.i.k.n.ParsingFacade   Parsing time 1836 ms. 
716585     WARN  Test worker     d.u.i.k.n.ParsingFacade   file:/home/runner/work/key/key/key.core/build/resources/main/de/uka/ilkd/key/proof/rules/seq.key took 0 ms to parse. 
716585     WARN  Test worker     d.u.i.k.n.ParsingFacade   Parsing time 1836 ms. 
716587     WARN  Test worker     d.u.i.k.n.ParsingFacade   file:/home/runner/work/key/key/key.core/build/resources/main/de/uka/ilkd/key/proof/rules/map.key took 2 ms to parse. 
716587     WARN  Test worker     d.u.i.k.n.ParsingFacade   Parsing time 1838 ms. 
716587     WARN  Test worker     d.u.i.k.n.ParsingFacade   file:/home/runner/work/key/key/key.core/build/resources/main/de/uka/ilkd/key/proof/rules/freeADT.key took 0 ms to parse. 
716587     WARN  Test worker     d.u.i.k.n.ParsingFacade   Parsing time 1838 ms. 
716587     WARN  Test worker     d.u.i.k.n.ParsingFacade   file:/home/runner/work/key/key/key.core/build/resources/main/de/uka/ilkd/key/proof/rules/wellfound.key took 0 ms to parse. 
716587     WARN  Test worker     d.u.i.k.n.ParsingFacade   Parsing time 1838 ms. 
716587     WARN  Test worker     d.u.i.k.n.ParsingFacade   file:/home/runner/work/key/key/key.core/build/resources/main/de/uka/ilkd/key/proof/rules/charListHeader.key took 0 ms to parse. 
716587     WARN  Test worker     d.u.i.k.n.ParsingFacade   Parsing time 1838 ms. 
716592     WARN  Test worker     d.u.i.k.n.ParsingFacade   /home/runner/work/key/key/key.core/src/test/resources/testcase/speclang/testFile.key took 0 ms to parse. 
716592     WARN  Test worker     d.u.i.k.n.ParsingFacade   Parsing time 1838 ms. 
717595     WARN  Test worker     d.u.i.k.n.ParsingFacade   file:/home/runner/work/key/key/key.core/build/resources/main/de/uka/ilkd/key/java/JavaRedux/java/lang/String.key took 1 ms to parse. 
717595     WARN  Test worker     d.u.i.k.n.ParsingFacade   Parsing time 1839 ms. 
719489     WARN  Test worker     d.u.i.k.n.ParsingFacade   /home/runner/work/key/key/key.core/src/test/resources/testcase/speclang/testFile.key took 0 ms to parse. 
719489     WARN  Test worker     d.u.i.k.n.ParsingFacade   Parsing time 1839 ms. 
720398     WARN  Test worker     d.u.i.k.n.ParsingFacade   file:/home/runner/work/key/key/key.core/build/resources/main/de/uka/ilkd/key/java/JavaRedux/java/lang/String.key took 1 ms to parse. 
720398     WARN  Test worker     d.u.i.k.n.ParsingFacade   Parsing time 1840 ms. 
722210     WARN  Test worker     d.u.i.k.n.ParsingFacade   /home/runner/work/key/key/key.core/src/test/resources/testcase/speclang/testFile.key took 0 ms to parse. 
722210     WARN  Test worker     d.u.i.k.n.ParsingFacade   Parsing time 1840 ms. 
723104     WARN  Test worker     d.u.i.k.n.ParsingFacade   file:/home/runner/work/key/key/key.core/build/resources/main/de/uka/ilkd/key/java/JavaRedux/java/lang/String.key took 0 ms to parse. 
723104     WARN  Test worker     d.u.i.k.n.ParsingFacade   Parsing time 1840 ms. 
]]></system-out>
  <system-err><![CDATA[]]></system-err>
</testsuite>
