<?xml version="1.0" encoding="UTF-8"?>
<testsuite name="de.uka.ilkd.key.parser.TestTermParserSorts" tests="2" skipped="0" failures="0" errors="0" timestamp="2023-04-18T01:14:13" hostname="fv-az615-467" time="2.785">
  <properties/>
  <testcase name="testParseIntegerArgs()" classname="de.uka.ilkd.key.parser.TestTermParserSorts" time="0.014"/>
  <testcase name="testParseSequencePrettySyntax()" classname="de.uka.ilkd.key.parser.TestTermParserSorts" time="0.002"/>
  <system-out><![CDATA[396444     WARN  Test worker     d.u.i.k.n.ParsingFacade   /home/runner/work/key/key/key.core/src/test/resources/testcase/termParser/parserTest.key took 0 ms to parse. 
396444     WARN  Test worker     d.u.i.k.n.ParsingFacade   Parsing time 1146 ms. 
397347     WARN  Test worker     d.u.i.k.n.ParsingFacade   file:/home/runner/work/key/key/key.core/build/resources/main/de/uka/ilkd/key/java/JavaRedux/java/lang/String.key took 1 ms to parse. 
397347     WARN  Test worker     d.u.i.k.n.ParsingFacade   Parsing time 1147 ms. 
399144     WARN  Test worker     d.u.i.k.n.ParsingFacade   <unknown> took 0 ms to parse. 
399144     WARN  Test worker     d.u.i.k.n.ParsingFacade   Parsing time 1147 ms. 
399144     INFO  Test worker     d.u.i.k.n.KeyIO           Parsing took 0 ms 
399144     INFO  Test worker     d.u.i.k.n.KeyIO           MODE: declarations took 0 ms 
399144     WARN  Test worker     d.u.i.k.n.ParsingFacade   <unknown> took 0 ms to parse. 
399144     WARN  Test worker     d.u.i.k.n.ParsingFacade   Parsing time 1147 ms. 
399144     INFO  Test worker     d.u.i.k.n.KeyIO           Parsing took 0 ms 
399144     INFO  Test worker     d.u.i.k.n.KeyIO           MODE: declarations took 0 ms 
399144     WARN  Test worker     d.u.i.k.n.ParsingFacade   <unknown> took 0 ms to parse. 
399144     WARN  Test worker     d.u.i.k.n.ParsingFacade   Parsing time 1147 ms. 
399144     INFO  Test worker     d.u.i.k.n.KeyIO           Parsing took 0 ms 
399144     INFO  Test worker     d.u.i.k.n.KeyIO           MODE: declarations took 0 ms 
399158     WARN  Test worker     d.u.i.k.n.ParsingFacade   /home/runner/work/key/key/key.core/src/test/resources/testcase/termParser/parserTest.key took 0 ms to parse. 
399158     WARN  Test worker     d.u.i.k.n.ParsingFacade   Parsing time 1147 ms. 
400080     WARN  Test worker     d.u.i.k.n.ParsingFacade   file:/home/runner/work/key/key/key.core/build/resources/main/de/uka/ilkd/key/java/JavaRedux/java/lang/String.key took 1 ms to parse. 
400080     WARN  Test worker     d.u.i.k.n.ParsingFacade   Parsing time 1148 ms. 
401927     WARN  Test worker     d.u.i.k.n.ParsingFacade   <unknown> took 0 ms to parse. 
401927     WARN  Test worker     d.u.i.k.n.ParsingFacade   Parsing time 1148 ms. 
401927     INFO  Test worker     d.u.i.k.n.KeyIO           Parsing took 0 ms 
401927     INFO  Test worker     d.u.i.k.n.KeyIO           MODE: declarations took 0 ms 
401927     WARN  Test worker     d.u.i.k.n.ParsingFacade   <unknown> took 0 ms to parse. 
401927     WARN  Test worker     d.u.i.k.n.ParsingFacade   Parsing time 1148 ms. 
401927     INFO  Test worker     d.u.i.k.n.KeyIO           Parsing took 0 ms 
401927     INFO  Test worker     d.u.i.k.n.KeyIO           MODE: declarations took 0 ms 
401927     WARN  Test worker     d.u.i.k.n.ParsingFacade   <unknown> took 0 ms to parse. 
401927     WARN  Test worker     d.u.i.k.n.ParsingFacade   Parsing time 1148 ms. 
401927     INFO  Test worker     d.u.i.k.n.KeyIO           Parsing took 0 ms 
401927     INFO  Test worker     d.u.i.k.n.KeyIO           MODE: declarations took 0 ms 
]]></system-out>
  <system-err><![CDATA[]]></system-err>
</testsuite>
