<?xml version="1.0" encoding="UTF-8"?>
<testsuite name="de.uka.ilkd.key.speclang.njml.NJmlTranslatorTests" tests="5" skipped="0" failures="0" errors="0" timestamp="2023-04-18T01:19:58" hostname="fv-az615-467" time="10.772">
  <properties/>
  <testcase name="testWarnRequires()" classname="de.uka.ilkd.key.speclang.njml.NJmlTranslatorTests" time="0.002"/>
  <testcase name="testContractModifiers()" classname="de.uka.ilkd.key.speclang.njml.NJmlTranslatorTests" time="0.001"/>
  <testcase name="testContractModifiersMultipleAlso()" classname="de.uka.ilkd.key.speclang.njml.NJmlTranslatorTests" time="0.002"/>
  <testcase name="testContractModifiersMultiple()" classname="de.uka.ilkd.key.speclang.njml.NJmlTranslatorTests" time="0.001"/>
  <testcase name="testIgnoreOpenJML()" classname="de.uka.ilkd.key.speclang.njml.NJmlTranslatorTests" time="0.001"/>
  <system-out><![CDATA[741477     WARN  Test worker     d.u.i.k.n.ParsingFacade   file:/home/runner/work/key/key/key.core/build/resources/main/de/uka/ilkd/key/proof/rules/ldt.key took 0 ms to parse. 
741477     WARN  Test worker     d.u.i.k.n.ParsingFacade   Parsing time 1941 ms. 
741478     WARN  Test worker     d.u.i.k.n.ParsingFacade   file:/home/runner/work/key/key/key.core/build/resources/main/de/uka/ilkd/key/proof/rules/boolean.key took 0 ms to parse. 
741478     WARN  Test worker     d.u.i.k.n.ParsingFacade   Parsing time 1941 ms. 
741479     WARN  Test worker     d.u.i.k.n.ParsingFacade   file:/home/runner/work/key/key/key.core/build/resources/main/de/uka/ilkd/key/proof/rules/ruleSetsDeclarations.key took 1 ms to parse. 
741479     WARN  Test worker     d.u.i.k.n.ParsingFacade   Parsing time 1942 ms. 
741480     WARN  Test worker     d.u.i.k.n.ParsingFacade   file:/home/runner/work/key/key/key.core/build/resources/main/de/uka/ilkd/key/proof/rules/integerHeader.key took 0 ms to parse. 
741480     WARN  Test worker     d.u.i.k.n.ParsingFacade   Parsing time 1942 ms. 
741481     WARN  Test worker     d.u.i.k.n.ParsingFacade   file:/home/runner/work/key/key/key.core/build/resources/main/de/uka/ilkd/key/proof/rules/floatHeader.key took 0 ms to parse. 
741481     WARN  Test worker     d.u.i.k.n.ParsingFacade   Parsing time 1942 ms. 
741481     WARN  Test worker     d.u.i.k.n.ParsingFacade   file:/home/runner/work/key/key/key.core/build/resources/main/de/uka/ilkd/key/proof/rules/heap.key took 0 ms to parse. 
741481     WARN  Test worker     d.u.i.k.n.ParsingFacade   Parsing time 1942 ms. 
741482     WARN  Test worker     d.u.i.k.n.ParsingFacade   file:/home/runner/work/key/key/key.core/build/resources/main/de/uka/ilkd/key/proof/rules/locSets.key took 0 ms to parse. 
741482     WARN  Test worker     d.u.i.k.n.ParsingFacade   Parsing time 1942 ms. 
741482     WARN  Test worker     d.u.i.k.n.ParsingFacade   file:/home/runner/work/key/key/key.core/build/resources/main/de/uka/ilkd/key/proof/rules/permission.key took 0 ms to parse. 
741482     WARN  Test worker     d.u.i.k.n.ParsingFacade   Parsing time 1942 ms. 
741483     WARN  Test worker     d.u.i.k.n.ParsingFacade   file:/home/runner/work/key/key/key.core/build/resources/main/de/uka/ilkd/key/proof/rules/reach.key took 0 ms to parse. 
741483     WARN  Test worker     d.u.i.k.n.ParsingFacade   Parsing time 1942 ms. 
741483     WARN  Test worker     d.u.i.k.n.ParsingFacade   file:/home/runner/work/key/key/key.core/build/resources/main/de/uka/ilkd/key/proof/rules/seq.key took 0 ms to parse. 
741483     WARN  Test worker     d.u.i.k.n.ParsingFacade   Parsing time 1942 ms. 
741484     WARN  Test worker     d.u.i.k.n.ParsingFacade   file:/home/runner/work/key/key/key.core/build/resources/main/de/uka/ilkd/key/proof/rules/map.key took 1 ms to parse. 
741484     WARN  Test worker     d.u.i.k.n.ParsingFacade   Parsing time 1943 ms. 
741485     WARN  Test worker     d.u.i.k.n.ParsingFacade   file:/home/runner/work/key/key/key.core/build/resources/main/de/uka/ilkd/key/proof/rules/freeADT.key took 0 ms to parse. 
741485     WARN  Test worker     d.u.i.k.n.ParsingFacade   Parsing time 1943 ms. 
741485     WARN  Test worker     d.u.i.k.n.ParsingFacade   file:/home/runner/work/key/key/key.core/build/resources/main/de/uka/ilkd/key/proof/rules/wellfound.key took 0 ms to parse. 
741485     WARN  Test worker     d.u.i.k.n.ParsingFacade   Parsing time 1943 ms. 
741485     WARN  Test worker     d.u.i.k.n.ParsingFacade   file:/home/runner/work/key/key/key.core/build/resources/main/de/uka/ilkd/key/proof/rules/charListHeader.key took 0 ms to parse. 
741486     WARN  Test worker     d.u.i.k.n.ParsingFacade   Parsing time 1943 ms. 
741490     WARN  Test worker     d.u.i.k.n.ParsingFacade   /home/runner/work/key/key/key.core/src/test/resources/testcase/speclang/testFile.key took 0 ms to parse. 
741490     WARN  Test worker     d.u.i.k.n.ParsingFacade   Parsing time 1943 ms. 
742380     WARN  Test worker     d.u.i.k.n.ParsingFacade   file:/home/runner/work/key/key/key.core/build/resources/main/de/uka/ilkd/key/java/JavaRedux/java/lang/String.key took 1 ms to parse. 
742380     WARN  Test worker     d.u.i.k.n.ParsingFacade   Parsing time 1944 ms. 
744257     WARN  Test worker     d.u.i.k.n.ParsingFacade   /home/runner/work/key/key/key.core/src/test/resources/testcase/speclang/testFile.key took 0 ms to parse. 
744257     WARN  Test worker     d.u.i.k.n.ParsingFacade   Parsing time 1944 ms. 
745119     WARN  Test worker     d.u.i.k.n.ParsingFacade   file:/home/runner/work/key/key/key.core/build/resources/main/de/uka/ilkd/key/java/JavaRedux/java/lang/String.key took 0 ms to parse. 
745119     WARN  Test worker     d.u.i.k.n.ParsingFacade   Parsing time 1944 ms. 
746945     WARN  Test worker     d.u.i.k.n.ParsingFacade   /home/runner/work/key/key/key.core/src/test/resources/testcase/speclang/testFile.key took 0 ms to parse. 
746945     WARN  Test worker     d.u.i.k.n.ParsingFacade   Parsing time 1944 ms. 
747816     WARN  Test worker     d.u.i.k.n.ParsingFacade   file:/home/runner/work/key/key/key.core/build/resources/main/de/uka/ilkd/key/java/JavaRedux/java/lang/String.key took 1 ms to parse. 
747816     WARN  Test worker     d.u.i.k.n.ParsingFacade   Parsing time 1945 ms. 
749583     WARN  Test worker     d.u.i.k.n.ParsingFacade   /home/runner/work/key/key/key.core/src/test/resources/testcase/speclang/testFile.key took 0 ms to parse. 
749583     WARN  Test worker     d.u.i.k.n.ParsingFacade   Parsing time 1945 ms. 
750433     WARN  Test worker     d.u.i.k.n.ParsingFacade   file:/home/runner/work/key/key/key.core/build/resources/main/de/uka/ilkd/key/java/JavaRedux/java/lang/String.key took 1 ms to parse. 
750433     WARN  Test worker     d.u.i.k.n.ParsingFacade   Parsing time 1946 ms. 
752307     WARN  Test worker     d.u.i.k.n.ParsingFacade   /home/runner/work/key/key/key.core/src/test/resources/testcase/speclang/testFile.key took 0 ms to parse. 
752307     WARN  Test worker     d.u.i.k.n.ParsingFacade   Parsing time 1946 ms. 
753197     WARN  Test worker     d.u.i.k.n.ParsingFacade   file:/home/runner/work/key/key/key.core/build/resources/main/de/uka/ilkd/key/java/JavaRedux/java/lang/String.key took 1 ms to parse. 
753197     WARN  Test worker     d.u.i.k.n.ParsingFacade   Parsing time 1947 ms. 
]]></system-out>
  <system-err><![CDATA[]]></system-err>
</testsuite>
