<?xml version="1.0" encoding="UTF-8"?>
<testsuite name="de.uka.ilkd.key.proof.TestTacletIndex" tests="5" skipped="1" failures="0" errors="0" timestamp="2023-04-18T01:14:19" hostname="fv-az615-467" time="0.916">
  <properties/>
  <testcase name="testShownIfHeuristicFits()" classname="de.uka.ilkd.key.proof.TestTacletIndex" time="0.911"/>
  <testcase name="testMatchConflictOccurs()" classname="de.uka.ilkd.key.proof.TestTacletIndex" time="0.001"/>
  <testcase name="testNoMatchingFindRule()" classname="de.uka.ilkd.key.proof.TestTacletIndex" time="0.001"/>
  <testcase name="disabled_testNonInteractiveIsShownOnlyIfHeuristicIsMissed()" classname="de.uka.ilkd.key.proof.TestTacletIndex" time="0.0">
    <skipped/>
  </testcase>
  <testcase name="testNotFreeInYConflict()" classname="de.uka.ilkd.key.proof.TestTacletIndex" time="0.003"/>
  <system-out><![CDATA[405576     WARN  Test worker     d.u.i.k.n.ParsingFacade   file:/home/runner/work/key/key/key.core/build/resources/main/de/uka/ilkd/key/proof/rules/ldt.key took 0 ms to parse. 
405576     WARN  Test worker     d.u.i.k.n.ParsingFacade   Parsing time 1256 ms. 
405577     WARN  Test worker     d.u.i.k.n.ParsingFacade   file:/home/runner/work/key/key/key.core/build/resources/main/de/uka/ilkd/key/proof/rules/boolean.key took 0 ms to parse. 
405577     WARN  Test worker     d.u.i.k.n.ParsingFacade   Parsing time 1256 ms. 
405578     WARN  Test worker     d.u.i.k.n.ParsingFacade   file:/home/runner/work/key/key/key.core/build/resources/main/de/uka/ilkd/key/proof/rules/ruleSetsDeclarations.key took 1 ms to parse. 
405578     WARN  Test worker     d.u.i.k.n.ParsingFacade   Parsing time 1257 ms. 
405579     WARN  Test worker     d.u.i.k.n.ParsingFacade   file:/home/runner/work/key/key/key.core/build/resources/main/de/uka/ilkd/key/proof/rules/integerHeader.key took 1 ms to parse. 
405579     WARN  Test worker     d.u.i.k.n.ParsingFacade   Parsing time 1258 ms. 
405579     WARN  Test worker     d.u.i.k.n.ParsingFacade   file:/home/runner/work/key/key/key.core/build/resources/main/de/uka/ilkd/key/proof/rules/floatHeader.key took 0 ms to parse. 
405579     WARN  Test worker     d.u.i.k.n.ParsingFacade   Parsing time 1258 ms. 
405579     WARN  Test worker     d.u.i.k.n.ParsingFacade   file:/home/runner/work/key/key/key.core/build/resources/main/de/uka/ilkd/key/proof/rules/heap.key took 0 ms to parse. 
405579     WARN  Test worker     d.u.i.k.n.ParsingFacade   Parsing time 1258 ms. 
405579     WARN  Test worker     d.u.i.k.n.ParsingFacade   file:/home/runner/work/key/key/key.core/build/resources/main/de/uka/ilkd/key/proof/rules/locSets.key took 0 ms to parse. 
405580     WARN  Test worker     d.u.i.k.n.ParsingFacade   Parsing time 1258 ms. 
405580     WARN  Test worker     d.u.i.k.n.ParsingFacade   file:/home/runner/work/key/key/key.core/build/resources/main/de/uka/ilkd/key/proof/rules/permission.key took 0 ms to parse. 
405580     WARN  Test worker     d.u.i.k.n.ParsingFacade   Parsing time 1258 ms. 
405580     WARN  Test worker     d.u.i.k.n.ParsingFacade   file:/home/runner/work/key/key/key.core/build/resources/main/de/uka/ilkd/key/proof/rules/reach.key took 0 ms to parse. 
405580     WARN  Test worker     d.u.i.k.n.ParsingFacade   Parsing time 1258 ms. 
405580     WARN  Test worker     d.u.i.k.n.ParsingFacade   file:/home/runner/work/key/key/key.core/build/resources/main/de/uka/ilkd/key/proof/rules/seq.key took 0 ms to parse. 
405580     WARN  Test worker     d.u.i.k.n.ParsingFacade   Parsing time 1258 ms. 
405581     WARN  Test worker     d.u.i.k.n.ParsingFacade   file:/home/runner/work/key/key/key.core/build/resources/main/de/uka/ilkd/key/proof/rules/map.key took 1 ms to parse. 
405581     WARN  Test worker     d.u.i.k.n.ParsingFacade   Parsing time 1259 ms. 
405581     WARN  Test worker     d.u.i.k.n.ParsingFacade   file:/home/runner/work/key/key/key.core/build/resources/main/de/uka/ilkd/key/proof/rules/freeADT.key took 0 ms to parse. 
405581     WARN  Test worker     d.u.i.k.n.ParsingFacade   Parsing time 1259 ms. 
405581     WARN  Test worker     d.u.i.k.n.ParsingFacade   file:/home/runner/work/key/key/key.core/build/resources/main/de/uka/ilkd/key/proof/rules/wellfound.key took 0 ms to parse. 
405581     WARN  Test worker     d.u.i.k.n.ParsingFacade   Parsing time 1259 ms. 
405582     WARN  Test worker     d.u.i.k.n.ParsingFacade   file:/home/runner/work/key/key/key.core/build/resources/main/de/uka/ilkd/key/proof/rules/charListHeader.key took 0 ms to parse. 
405582     WARN  Test worker     d.u.i.k.n.ParsingFacade   Parsing time 1259 ms. 
405588     WARN  Test worker     d.u.i.k.n.ParsingFacade   /home/runner/work/key/key/key.core/src/test/resources/testcase/../de/uka/ilkd/key/proof/ruleForTestTacletIndex.taclet took 1 ms to parse. 
405588     WARN  Test worker     d.u.i.k.n.ParsingFacade   Parsing time 1260 ms. 
406481     WARN  Test worker     d.u.i.k.n.ParsingFacade   /home/runner/work/key/key/key.core/src/test/resources/testcase/../de/uka/ilkd/key/proof/ruleForTestTacletIndex.taclet took 0 ms to parse. 
406481     WARN  Test worker     d.u.i.k.n.ParsingFacade   Parsing time 1260 ms. 
406482     INFO  Test worker     d.u.i.k.n.KeyIO           Parsing took 1 ms 
406482     INFO  Test worker     d.u.i.k.n.KeyIO           MODE: declarations took 0 ms 
]]></system-out>
  <system-err><![CDATA[]]></system-err>
</testsuite>
