<?xml version="1.0" encoding="UTF-8"?>
<testsuite name="de.uka.ilkd.key.java.ProofJavaProgramFactoryTest" tests="5" skipped="0" failures="0" errors="0" timestamp="2023-04-18T01:07:42" hostname="fv-az615-467" time="13.302">
  <properties/>
  <testcase name="testAttachCommentsCompilationUnit_LockSpec()" classname="de.uka.ilkd.key.java.ProofJavaProgramFactoryTest" time="0.394"/>
  <testcase name="testAttachCommentsCompilationUnit_AssertsFalse()" classname="de.uka.ilkd.key.java.ProofJavaProgramFactoryTest" time="0.059"/>
  <testcase name="testAttachCommentsCompilationUnit_Steinhofel1()" classname="de.uka.ilkd.key.java.ProofJavaProgramFactoryTest" time="0.127"/>
  <testcase name="testAttachCommentsCompilationUnit_SetStatements()" classname="de.uka.ilkd.key.java.ProofJavaProgramFactoryTest" time="0.083"/>
  <testcase name="testAttachCommentsCompilationUnit_SmansEtAlArrayList()" classname="de.uka.ilkd.key.java.ProofJavaProgramFactoryTest" time="0.122"/>
  <system-out><![CDATA[744        WARN  Test worker     d.u.i.k.s.ProofSettings   No proof-settings could be loaded, using defaults java.io.FileNotFoundException: /home/runner/.key/proof-settings.props (No such file or directory)
	at java.base/java.io.FileInputStream.open0(Native Method)

856        WARN  Test worker     d.u.i.k.n.ParsingFacade   file:/home/runner/work/key/key/key.core/build/resources/main/de/uka/ilkd/key/proof/rules/ldt.key took 18 ms to parse. 
858        WARN  Test worker     d.u.i.k.n.ParsingFacade   Parsing time 18 ms. 
868        WARN  Test worker     d.u.i.k.n.ParsingFacade   file:/home/runner/work/key/key/key.core/build/resources/main/de/uka/ilkd/key/proof/rules/boolean.key took 3 ms to parse. 
869        WARN  Test worker     d.u.i.k.n.ParsingFacade   Parsing time 21 ms. 
893        WARN  Test worker     d.u.i.k.n.ParsingFacade   file:/home/runner/work/key/key/key.core/build/resources/main/de/uka/ilkd/key/proof/rules/ruleSetsDeclarations.key took 15 ms to parse. 
894        WARN  Test worker     d.u.i.k.n.ParsingFacade   Parsing time 36 ms. 
928        WARN  Test worker     d.u.i.k.n.ParsingFacade   file:/home/runner/work/key/key/key.core/build/resources/main/de/uka/ilkd/key/proof/rules/integerHeader.key took 9 ms to parse. 
929        WARN  Test worker     d.u.i.k.n.ParsingFacade   Parsing time 45 ms. 
933        WARN  Test worker     d.u.i.k.n.ParsingFacade   file:/home/runner/work/key/key/key.core/build/resources/main/de/uka/ilkd/key/proof/rules/floatHeader.key took 2 ms to parse. 
934        WARN  Test worker     d.u.i.k.n.ParsingFacade   Parsing time 47 ms. 
936        WARN  Test worker     d.u.i.k.n.ParsingFacade   file:/home/runner/work/key/key/key.core/build/resources/main/de/uka/ilkd/key/proof/rules/heap.key took 1 ms to parse. 
936        WARN  Test worker     d.u.i.k.n.ParsingFacade   Parsing time 48 ms. 
939        WARN  Test worker     d.u.i.k.n.ParsingFacade   file:/home/runner/work/key/key/key.core/build/resources/main/de/uka/ilkd/key/proof/rules/locSets.key took 1 ms to parse. 
940        WARN  Test worker     d.u.i.k.n.ParsingFacade   Parsing time 49 ms. 
943        WARN  Test worker     d.u.i.k.n.ParsingFacade   file:/home/runner/work/key/key/key.core/build/resources/main/de/uka/ilkd/key/proof/rules/permission.key took 1 ms to parse. 
945        WARN  Test worker     d.u.i.k.n.ParsingFacade   Parsing time 50 ms. 
946        WARN  Test worker     d.u.i.k.n.ParsingFacade   file:/home/runner/work/key/key/key.core/build/resources/main/de/uka/ilkd/key/proof/rules/reach.key took 0 ms to parse. 
947        WARN  Test worker     d.u.i.k.n.ParsingFacade   Parsing time 50 ms. 
948        WARN  Test worker     d.u.i.k.n.ParsingFacade   file:/home/runner/work/key/key/key.core/build/resources/main/de/uka/ilkd/key/proof/rules/seq.key took 0 ms to parse. 
956        WARN  Test worker     d.u.i.k.n.ParsingFacade   Parsing time 50 ms. 
1013       WARN  Test worker     d.u.i.k.n.ParsingFacade   file:/home/runner/work/key/key/key.core/build/resources/main/de/uka/ilkd/key/proof/rules/map.key took 56 ms to parse. 
1014       WARN  Test worker     d.u.i.k.n.ParsingFacade   Parsing time 106 ms. 
1017       WARN  Test worker     d.u.i.k.n.ParsingFacade   file:/home/runner/work/key/key/key.core/build/resources/main/de/uka/ilkd/key/proof/rules/freeADT.key took 0 ms to parse. 
1017       WARN  Test worker     d.u.i.k.n.ParsingFacade   Parsing time 106 ms. 
1018       WARN  Test worker     d.u.i.k.n.ParsingFacade   file:/home/runner/work/key/key/key.core/build/resources/main/de/uka/ilkd/key/proof/rules/wellfound.key took 0 ms to parse. 
1018       WARN  Test worker     d.u.i.k.n.ParsingFacade   Parsing time 106 ms. 
1019       WARN  Test worker     d.u.i.k.n.ParsingFacade   file:/home/runner/work/key/key/key.core/build/resources/main/de/uka/ilkd/key/proof/rules/charListHeader.key took 0 ms to parse. 
1020       WARN  Test worker     d.u.i.k.n.ParsingFacade   Parsing time 106 ms. 
1139       WARN  Test worker     d.u.i.k.n.ParsingFacade   /home/runner/work/key/key/key.core/src/test/resources/testcase/dummyTrue.key took 0 ms to parse. 
1145       WARN  Test worker     d.u.i.k.n.ParsingFacade   Parsing time 106 ms. 
5387       WARN  Test worker     d.u.i.k.n.ParsingFacade   file:/home/runner/work/key/key/key.core/build/resources/main/de/uka/ilkd/key/java/JavaRedux/java/lang/String.key took 14 ms to parse. 
5387       WARN  Test worker     d.u.i.k.n.ParsingFacade   Parsing time 120 ms. 
8584       WARN  Test worker     d.u.i.k.n.ParsingFacade   /home/runner/work/key/key/key.core/src/test/resources/testcase/dummyTrue.key took 1 ms to parse. 
8584       WARN  Test worker     d.u.i.k.n.ParsingFacade   Parsing time 121 ms. 
9716       WARN  Test worker     d.u.i.k.n.ParsingFacade   file:/home/runner/work/key/key/key.core/build/resources/main/de/uka/ilkd/key/java/JavaRedux/java/lang/String.key took 2 ms to parse. 
9716       WARN  Test worker     d.u.i.k.n.ParsingFacade   Parsing time 123 ms. 
12054      WARN  Test worker     d.u.i.k.n.ParsingFacade   /home/runner/work/key/key/key.core/src/test/resources/testcase/dummyTrue.key took 0 ms to parse. 
12054      WARN  Test worker     d.u.i.k.n.ParsingFacade   Parsing time 123 ms. 
13044      WARN  Test worker     d.u.i.k.n.ParsingFacade   file:/home/runner/work/key/key/key.core/build/resources/main/de/uka/ilkd/key/java/JavaRedux/java/lang/String.key took 2 ms to parse. 
13044      WARN  Test worker     d.u.i.k.n.ParsingFacade   Parsing time 125 ms. 
15304      WARN  Test worker     d.u.i.k.n.ParsingFacade   /home/runner/work/key/key/key.core/src/test/resources/testcase/dummyTrue.key took 0 ms to parse. 
15304      WARN  Test worker     d.u.i.k.n.ParsingFacade   Parsing time 125 ms. 
16304      WARN  Test worker     d.u.i.k.n.ParsingFacade   file:/home/runner/work/key/key/key.core/build/resources/main/de/uka/ilkd/key/java/JavaRedux/java/lang/String.key took 2 ms to parse. 
16305      WARN  Test worker     d.u.i.k.n.ParsingFacade   Parsing time 127 ms. 
18397      WARN  Test worker     d.u.i.k.n.ParsingFacade   /home/runner/work/key/key/key.core/src/test/resources/testcase/dummyTrue.key took 0 ms to parse. 
18398      WARN  Test worker     d.u.i.k.n.ParsingFacade   Parsing time 127 ms. 
19344      WARN  Test worker     d.u.i.k.n.ParsingFacade   file:/home/runner/work/key/key/key.core/build/resources/main/de/uka/ilkd/key/java/JavaRedux/java/lang/String.key took 2 ms to parse. 
19345      WARN  Test worker     d.u.i.k.n.ParsingFacade   Parsing time 129 ms. 
]]></system-out>
  <system-err><![CDATA[]]></system-err>
</testsuite>
