<?xml version="1.0" encoding="UTF-8"?>
<testsuite name="de.uka.ilkd.key.smt.newsmt2.MasterHandlerTest" tests="48" skipped="24" failures="0" errors="0" timestamp="2023-04-18T01:17:13" hostname="fv-az615-467" time="66.823">
  <properties/>
  <testcase name="[1] ite1.props" classname="de.uka.ilkd.key.smt.newsmt2.MasterHandlerTest" time="0.0">
    <skipped/>
  </testcase>
  <testcase name="[2] bool1.props" classname="de.uka.ilkd.key.smt.newsmt2.MasterHandlerTest" time="0.001">
    <skipped/>
  </testcase>
  <testcase name="[3] float2.props" classname="de.uka.ilkd.key.smt.newsmt2.MasterHandlerTest" time="0.0">
    <skipped/>
  </testcase>
  <testcase name="[4] bool2.props" classname="de.uka.ilkd.key.smt.newsmt2.MasterHandlerTest" time="0.001">
    <skipped/>
  </testcase>
  <testcase name="[5] ex1.props" classname="de.uka.ilkd.key.smt.newsmt2.MasterHandlerTest" time="0.0">
    <skipped/>
  </testcase>
  <testcase name="[6] upd2.props" classname="de.uka.ilkd.key.smt.newsmt2.MasterHandlerTest" time="0.001">
    <skipped/>
  </testcase>
  <testcase name="[7] uninterpreted1.props" classname="de.uka.ilkd.key.smt.newsmt2.MasterHandlerTest" time="0.0">
    <skipped/>
  </testcase>
  <testcase name="[8] upd1.props" classname="de.uka.ilkd.key.smt.newsmt2.MasterHandlerTest" time="0.001">
    <skipped/>
  </testcase>
  <testcase name="[9] float1.props" classname="de.uka.ilkd.key.smt.newsmt2.MasterHandlerTest" time="0.0">
    <skipped/>
  </testcase>
  <testcase name="[10] heap1.props" classname="de.uka.ilkd.key.smt.newsmt2.MasterHandlerTest" time="0.0">
    <skipped/>
  </testcase>
  <testcase name="[11] float.sqrt2.props" classname="de.uka.ilkd.key.smt.newsmt2.MasterHandlerTest" time="0.0">
    <skipped/>
  </testcase>
  <testcase name="[12] float.sinDouble.props" classname="de.uka.ilkd.key.smt.newsmt2.MasterHandlerTest" time="0.0">
    <skipped/>
  </testcase>
  <testcase name="[13] cast3.props" classname="de.uka.ilkd.key.smt.newsmt2.MasterHandlerTest" time="0.0">
    <skipped/>
  </testcase>
  <testcase name="[14] float.sqrt1.props" classname="de.uka.ilkd.key.smt.newsmt2.MasterHandlerTest" time="0.0">
    <skipped/>
  </testcase>
  <testcase name="[15] int1.props" classname="de.uka.ilkd.key.smt.newsmt2.MasterHandlerTest" time="0.0">
    <skipped/>
  </testcase>
  <testcase name="[16] quant2.props" classname="de.uka.ilkd.key.smt.newsmt2.MasterHandlerTest" time="0.001">
    <skipped/>
  </testcase>
  <testcase name="[17] float.eq.props" classname="de.uka.ilkd.key.smt.newsmt2.MasterHandlerTest" time="0.0">
    <skipped/>
  </testcase>
  <testcase name="[18] bool3.props" classname="de.uka.ilkd.key.smt.newsmt2.MasterHandlerTest" time="0.001">
    <skipped/>
  </testcase>
  <testcase name="[19] types1.props" classname="de.uka.ilkd.key.smt.newsmt2.MasterHandlerTest" time="0.0">
    <skipped/>
  </testcase>
  <testcase name="[20] cast1.props" classname="de.uka.ilkd.key.smt.newsmt2.MasterHandlerTest" time="0.001">
    <skipped/>
  </testcase>
  <testcase name="[21] quant1.props" classname="de.uka.ilkd.key.smt.newsmt2.MasterHandlerTest" time="0.0">
    <skipped/>
  </testcase>
  <testcase name="[22] cast2.props" classname="de.uka.ilkd.key.smt.newsmt2.MasterHandlerTest" time="0.0">
    <skipped/>
  </testcase>
  <testcase name="[23] ex2.props" classname="de.uka.ilkd.key.smt.newsmt2.MasterHandlerTest" time="0.0">
    <skipped/>
  </testcase>
  <testcase name="[24] types2.props" classname="de.uka.ilkd.key.smt.newsmt2.MasterHandlerTest" time="0.0">
    <skipped/>
  </testcase>
  <testcase name="[1] ite1.props" classname="de.uka.ilkd.key.smt.newsmt2.MasterHandlerTest" time="0.001"/>
  <testcase name="[2] bool1.props" classname="de.uka.ilkd.key.smt.newsmt2.MasterHandlerTest" time="0.0"/>
  <testcase name="[3] float2.props" classname="de.uka.ilkd.key.smt.newsmt2.MasterHandlerTest" time="0.001"/>
  <testcase name="[4] bool2.props" classname="de.uka.ilkd.key.smt.newsmt2.MasterHandlerTest" time="0.001"/>
  <testcase name="[5] ex1.props" classname="de.uka.ilkd.key.smt.newsmt2.MasterHandlerTest" time="0.0"/>
  <testcase name="[6] upd2.props" classname="de.uka.ilkd.key.smt.newsmt2.MasterHandlerTest" time="0.0"/>
  <testcase name="[7] uninterpreted1.props" classname="de.uka.ilkd.key.smt.newsmt2.MasterHandlerTest" time="0.001"/>
  <testcase name="[8] upd1.props" classname="de.uka.ilkd.key.smt.newsmt2.MasterHandlerTest" time="0.001"/>
  <testcase name="[9] float1.props" classname="de.uka.ilkd.key.smt.newsmt2.MasterHandlerTest" time="0.0"/>
  <testcase name="[10] heap1.props" classname="de.uka.ilkd.key.smt.newsmt2.MasterHandlerTest" time="0.001"/>
  <testcase name="[11] float.sqrt2.props" classname="de.uka.ilkd.key.smt.newsmt2.MasterHandlerTest" time="0.001"/>
  <testcase name="[12] float.sinDouble.props" classname="de.uka.ilkd.key.smt.newsmt2.MasterHandlerTest" time="0.0"/>
  <testcase name="[13] cast3.props" classname="de.uka.ilkd.key.smt.newsmt2.MasterHandlerTest" time="0.0"/>
  <testcase name="[14] float.sqrt1.props" classname="de.uka.ilkd.key.smt.newsmt2.MasterHandlerTest" time="0.0"/>
  <testcase name="[15] int1.props" classname="de.uka.ilkd.key.smt.newsmt2.MasterHandlerTest" time="0.001"/>
  <testcase name="[16] quant2.props" classname="de.uka.ilkd.key.smt.newsmt2.MasterHandlerTest" time="0.001"/>
  <testcase name="[17] float.eq.props" classname="de.uka.ilkd.key.smt.newsmt2.MasterHandlerTest" time="0.0"/>
  <testcase name="[18] bool3.props" classname="de.uka.ilkd.key.smt.newsmt2.MasterHandlerTest" time="0.0"/>
  <testcase name="[19] types1.props" classname="de.uka.ilkd.key.smt.newsmt2.MasterHandlerTest" time="0.001"/>
  <testcase name="[20] cast1.props" classname="de.uka.ilkd.key.smt.newsmt2.MasterHandlerTest" time="0.0"/>
  <testcase name="[21] quant1.props" classname="de.uka.ilkd.key.smt.newsmt2.MasterHandlerTest" time="0.0"/>
  <testcase name="[22] cast2.props" classname="de.uka.ilkd.key.smt.newsmt2.MasterHandlerTest" time="0.001"/>
  <testcase name="[23] ex2.props" classname="de.uka.ilkd.key.smt.newsmt2.MasterHandlerTest" time="0.002"/>
  <testcase name="[24] types2.props" classname="de.uka.ilkd.key.smt.newsmt2.MasterHandlerTest" time="0.001"/>
  <system-out><![CDATA[512455     WARN  Test worker     d.u.i.k.n.ParsingFacade   /tmp/SMT_key_ite1.props16758107865650733016.key took 0 ms to parse. 
512456     WARN  Test worker     d.u.i.k.n.ParsingFacade   Parsing time 1649 ms. 
512460     WARN  Test worker     d.u.i.k.n.ParsingFacade   file:/home/runner/work/key/key/key.core/build/resources/main/de/uka/ilkd/key/proof/rules/standardRules.key took 0 ms to parse. 
512460     WARN  Test worker     d.u.i.k.n.ParsingFacade   Parsing time 1649 ms. 
512461     WARN  Test worker     d.u.i.k.n.ParsingFacade   file:/home/runner/work/key/key/key.core/build/resources/main/de/uka/ilkd/key/proof/rules/ldt.key took 0 ms to parse. 
512461     WARN  Test worker     d.u.i.k.n.ParsingFacade   Parsing time 1649 ms. 
512462     WARN  Test worker     d.u.i.k.n.ParsingFacade   file:/home/runner/work/key/key/key.core/build/resources/main/de/uka/ilkd/key/proof/rules/boolean.key took 0 ms to parse. 
512462     WARN  Test worker     d.u.i.k.n.ParsingFacade   Parsing time 1649 ms. 
512463     WARN  Test worker     d.u.i.k.n.ParsingFacade   file:/home/runner/work/key/key/key.core/build/resources/main/de/uka/ilkd/key/proof/rules/ruleSetsDeclarations.key took 1 ms to parse. 
512463     WARN  Test worker     d.u.i.k.n.ParsingFacade   Parsing time 1650 ms. 
512464     WARN  Test worker     d.u.i.k.n.ParsingFacade   file:/home/runner/work/key/key/key.core/build/resources/main/de/uka/ilkd/key/proof/rules/integerHeader.key took 0 ms to parse. 
512464     WARN  Test worker     d.u.i.k.n.ParsingFacade   Parsing time 1650 ms. 
512464     WARN  Test worker     d.u.i.k.n.ParsingFacade   file:/home/runner/work/key/key/key.core/build/resources/main/de/uka/ilkd/key/proof/rules/floatHeader.key took 0 ms to parse. 
512465     WARN  Test worker     d.u.i.k.n.ParsingFacade   Parsing time 1650 ms. 
512465     WARN  Test worker     d.u.i.k.n.ParsingFacade   file:/home/runner/work/key/key/key.core/build/resources/main/de/uka/ilkd/key/proof/rules/heap.key took 0 ms to parse. 
512465     WARN  Test worker     d.u.i.k.n.ParsingFacade   Parsing time 1650 ms. 
512465     WARN  Test worker     d.u.i.k.n.ParsingFacade   file:/home/runner/work/key/key/key.core/build/resources/main/de/uka/ilkd/key/proof/rules/locSets.key took 0 ms to parse. 
512465     WARN  Test worker     d.u.i.k.n.ParsingFacade   Parsing time 1650 ms. 
512465     WARN  Test worker     d.u.i.k.n.ParsingFacade   file:/home/runner/work/key/key/key.core/build/resources/main/de/uka/ilkd/key/proof/rules/permission.key took 0 ms to parse. 
512465     WARN  Test worker     d.u.i.k.n.ParsingFacade   Parsing time 1650 ms. 
512465     WARN  Test worker     d.u.i.k.n.ParsingFacade   file:/home/runner/work/key/key/key.core/build/resources/main/de/uka/ilkd/key/proof/rules/reach.key took 0 ms to parse. 
512465     WARN  Test worker     d.u.i.k.n.ParsingFacade   Parsing time 1650 ms. 
512465     WARN  Test worker     d.u.i.k.n.ParsingFacade   file:/home/runner/work/key/key/key.core/build/resources/main/de/uka/ilkd/key/proof/rules/seq.key took 0 ms to parse. 
512465     WARN  Test worker     d.u.i.k.n.ParsingFacade   Parsing time 1650 ms. 
512466     WARN  Test worker     d.u.i.k.n.ParsingFacade   file:/home/runner/work/key/key/key.core/build/resources/main/de/uka/ilkd/key/proof/rules/map.key took 1 ms to parse. 
512466     WARN  Test worker     d.u.i.k.n.ParsingFacade   Parsing time 1651 ms. 
512467     WARN  Test worker     d.u.i.k.n.ParsingFacade   file:/home/runner/work/key/key/key.core/build/resources/main/de/uka/ilkd/key/proof/rules/freeADT.key took 0 ms to parse. 
512467     WARN  Test worker     d.u.i.k.n.ParsingFacade   Parsing time 1651 ms. 
512467     WARN  Test worker     d.u.i.k.n.ParsingFacade   file:/home/runner/work/key/key/key.core/build/resources/main/de/uka/ilkd/key/proof/rules/wellfound.key took 0 ms to parse. 
512467     WARN  Test worker     d.u.i.k.n.ParsingFacade   Parsing time 1651 ms. 
512467     WARN  Test worker     d.u.i.k.n.ParsingFacade   file:/home/runner/work/key/key/key.core/build/resources/main/de/uka/ilkd/key/proof/rules/charListHeader.key took 0 ms to parse. 
512467     WARN  Test worker     d.u.i.k.n.ParsingFacade   Parsing time 1651 ms. 
512474     WARN  Test worker     d.u.i.k.n.ParsingFacade   file:/home/runner/work/key/key/key.core/build/resources/main/de/uka/ilkd/key/proof/rules/propRule.key took 1 ms to parse. 
512474     WARN  Test worker     d.u.i.k.n.ParsingFacade   Parsing time 1652 ms. 
512478     WARN  Test worker     d.u.i.k.n.ParsingFacade   file:/home/runner/work/key/key/key.core/build/resources/main/de/uka/ilkd/key/proof/rules/firstOrderRules.key took 1 ms to parse. 
512478     WARN  Test worker     d.u.i.k.n.ParsingFacade   Parsing time 1653 ms. 
512482     WARN  Test worker     d.u.i.k.n.ParsingFacade   file:/home/runner/work/key/key/key.core/build/resources/main/de/uka/ilkd/key/proof/rules/ifThenElseRules.key took 1 ms to parse. 
512482     WARN  Test worker     d.u.i.k.n.ParsingFacade   Parsing time 1654 ms. 
512491     WARN  Test worker     d.u.i.k.n.ParsingFacade   file:/home/runner/work/key/key/key.core/build/resources/main/de/uka/ilkd/key/proof/rules/formulaNormalisationRules.key took 4 ms to parse. 
512491     WARN  Test worker     d.u.i.k.n.ParsingFacade   Parsing time 1658 ms. 
512506     WARN  Test worker     d.u.i.k.n.ParsingFacade   file:/home/runner/work/key/key/key.core/build/resources/main/de/uka/ilkd/key/proof/rules/updateRules.key took 0 ms to parse. 
512506     WARN  Test worker     d.u.i.k.n.ParsingFacade   Parsing time 1658 ms. 
512508     WARN  Test worker     d.u.i.k.n.ParsingFacade   file:/home/runner/work/key/key/key.core/build/resources/main/de/uka/ilkd/key/proof/rules/integerRulesCommon.key took 0 ms to parse. 
512508     WARN  Test worker     d.u.i.k.n.ParsingFacade   Parsing time 1658 ms. 
512513     WARN  Test worker     d.u.i.k.n.ParsingFacade   file:/home/runner/work/key/key/key.core/build/resources/main/de/uka/ilkd/key/proof/rules/intRules.key took 1 ms to parse. 
512513     WARN  Test worker     d.u.i.k.n.ParsingFacade   Parsing time 1659 ms. 
512516     WARN  Test worker     d.u.i.k.n.ParsingFacade   file:/home/runner/work/key/key/key.core/build/resources/main/de/uka/ilkd/key/proof/rules/intRulesUncheckedSemantics.key took 0 ms to parse. 
512516     WARN  Test worker     d.u.i.k.n.ParsingFacade   Parsing time 1659 ms. 
512519     WARN  Test worker     d.u.i.k.n.ParsingFacade   file:/home/runner/work/key/key/key.core/build/resources/main/de/uka/ilkd/key/proof/rules/intRulesCheckedSemantics.key took 1 ms to parse. 
512519     WARN  Test worker     d.u.i.k.n.ParsingFacade   Parsing time 1660 ms. 
512520     WARN  Test worker     d.u.i.k.n.ParsingFacade   file:/home/runner/work/key/key/key.core/build/resources/main/de/uka/ilkd/key/proof/rules/intRulesJavaSemantics.key took 0 ms to parse. 
512521     WARN  Test worker     d.u.i.k.n.ParsingFacade   Parsing time 1660 ms. 
512532     WARN  Test worker     d.u.i.k.n.ParsingFacade   file:/home/runner/work/key/key/key.core/build/resources/main/de/uka/ilkd/key/proof/rules/integerSimplificationRules.key took 9 ms to parse. 
512533     WARN  Test worker     d.u.i.k.n.ParsingFacade   Parsing time 1669 ms. 
512566     WARN  Test worker     d.u.i.k.n.ParsingFacade   file:/home/runner/work/key/key/key.core/build/resources/main/de/uka/ilkd/key/proof/rules/intDiv.key took 2 ms to parse. 
512566     WARN  Test worker     d.u.i.k.n.ParsingFacade   Parsing time 1671 ms. 
512577     WARN  Test worker     d.u.i.k.n.ParsingFacade   file:/home/runner/work/key/key/key.core/build/resources/main/de/uka/ilkd/key/proof/rules/bsum.key took 4 ms to parse. 
512577     WARN  Test worker     d.u.i.k.n.ParsingFacade   Parsing time 1675 ms. 
512591     WARN  Test worker     d.u.i.k.n.ParsingFacade   file:/home/runner/work/key/key/key.core/build/resources/main/de/uka/ilkd/key/proof/rules/bprod.key took 1 ms to parse. 
512591     WARN  Test worker     d.u.i.k.n.ParsingFacade   Parsing time 1676 ms. 
512596     WARN  Test worker     d.u.i.k.n.ParsingFacade   file:/home/runner/work/key/key/key.core/build/resources/main/de/uka/ilkd/key/proof/rules/binaryAxioms.key took 1 ms to parse. 
512596     WARN  Test worker     d.u.i.k.n.ParsingFacade   Parsing time 1677 ms. 
512597     WARN  Test worker     d.u.i.k.n.ParsingFacade   file:/home/runner/work/key/key/key.core/build/resources/main/de/uka/ilkd/key/proof/rules/binaryLemmas.key took 0 ms to parse. 
512597     WARN  Test worker     d.u.i.k.n.ParsingFacade   Parsing time 1677 ms. 
512601     WARN  Test worker     d.u.i.k.n.ParsingFacade   file:/home/runner/work/key/key/key.core/build/resources/main/de/uka/ilkd/key/proof/rules/intPow.key took 1 ms to parse. 
512601     WARN  Test worker     d.u.i.k.n.ParsingFacade   Parsing time 1678 ms. 
512606     WARN  Test worker     d.u.i.k.n.ParsingFacade   file:/home/runner/work/key/key/key.core/build/resources/main/de/uka/ilkd/key/proof/rules/floatRulesCommon.key took 1 ms to parse. 
512606     WARN  Test worker     d.u.i.k.n.ParsingFacade   Parsing time 1679 ms. 
512611     WARN  Test worker     d.u.i.k.n.ParsingFacade   file:/home/runner/work/key/key/key.core/build/resources/main/de/uka/ilkd/key/proof/rules/floatRules.key took 0 ms to parse. 
512611     WARN  Test worker     d.u.i.k.n.ParsingFacade   Parsing time 1679 ms. 
512612     WARN  Test worker     d.u.i.k.n.ParsingFacade   file:/home/runner/work/key/key/key.core/build/resources/main/de/uka/ilkd/key/proof/rules/floatRulesVerifyNormal.key took 1 ms to parse. 
512612     WARN  Test worker     d.u.i.k.n.ParsingFacade   Parsing time 1680 ms. 
512612     WARN  Test worker     d.u.i.k.n.ParsingFacade   file:/home/runner/work/key/key/key.core/build/resources/main/de/uka/ilkd/key/proof/rules/floatRulesAssumeStrictfp.key took 0 ms to parse. 
512612     WARN  Test worker     d.u.i.k.n.ParsingFacade   Parsing time 1680 ms. 
512636     WARN  Test worker     d.u.i.k.n.ParsingFacade   file:/home/runner/work/key/key/key.core/build/resources/main/de/uka/ilkd/key/proof/rules/genericRules.key took 1 ms to parse. 
512636     WARN  Test worker     d.u.i.k.n.ParsingFacade   Parsing time 1681 ms. 
512639     WARN  Test worker     d.u.i.k.n.ParsingFacade   file:/home/runner/work/key/key/key.core/build/resources/main/de/uka/ilkd/key/proof/rules/booleanRules.key took 0 ms to parse. 
512639     WARN  Test worker     d.u.i.k.n.ParsingFacade   Parsing time 1681 ms. 
512641     WARN  Test worker     d.u.i.k.n.ParsingFacade   file:/home/runner/work/key/key/key.core/build/resources/main/de/uka/ilkd/key/proof/rules/epsilon.key took 0 ms to parse. 
512641     WARN  Test worker     d.u.i.k.n.ParsingFacade   Parsing time 1681 ms. 
512655     WARN  Test worker     d.u.i.k.n.ParsingFacade   file:/home/runner/work/key/key/key.core/build/resources/main/de/uka/ilkd/key/proof/rules/locSetsRules.key took 13 ms to parse. 
512655     WARN  Test worker     d.u.i.k.n.ParsingFacade   Parsing time 1694 ms. 
512688     WARN  Test worker     d.u.i.k.n.ParsingFacade   file:/home/runner/work/key/key/key.core/build/resources/main/de/uka/ilkd/key/proof/rules/heapRules.key took 4 ms to parse. 
512688     WARN  Test worker     d.u.i.k.n.ParsingFacade   Parsing time 1698 ms. 
512714     WARN  Test worker     d.u.i.k.n.ParsingFacade   file:/home/runner/work/key/key/key.core/build/resources/main/de/uka/ilkd/key/proof/rules/permissionRules.key took 2 ms to parse. 
512714     WARN  Test worker     d.u.i.k.n.ParsingFacade   Parsing time 1700 ms. 
512721     WARN  Test worker     d.u.i.k.n.ParsingFacade   file:/home/runner/work/key/key/key.core/build/resources/main/de/uka/ilkd/key/proof/rules/reachRules.key took 2 ms to parse. 
512721     WARN  Test worker     d.u.i.k.n.ParsingFacade   Parsing time 1702 ms. 
512726     WARN  Test worker     d.u.i.k.n.ParsingFacade   file:/home/runner/work/key/key/key.core/build/resources/main/de/uka/ilkd/key/proof/rules/seqCoreRules.key took 0 ms to parse. 
512727     WARN  Test worker     d.u.i.k.n.ParsingFacade   Parsing time 1702 ms. 
512731     WARN  Test worker     d.u.i.k.n.ParsingFacade   file:/home/runner/work/key/key/key.core/build/resources/main/de/uka/ilkd/key/proof/rules/seqRules.key took 4 ms to parse. 
512731     WARN  Test worker     d.u.i.k.n.ParsingFacade   Parsing time 1706 ms. 
512744     WARN  Test worker     d.u.i.k.n.ParsingFacade   file:/home/runner/work/key/key/key.core/build/resources/main/de/uka/ilkd/key/proof/rules/seqPerm.key took 2 ms to parse. 
512745     WARN  Test worker     d.u.i.k.n.ParsingFacade   Parsing time 1708 ms. 
512753     WARN  Test worker     d.u.i.k.n.ParsingFacade   file:/home/runner/work/key/key/key.core/build/resources/main/de/uka/ilkd/key/proof/rules/seqPerm2.key took 0 ms to parse. 
512753     WARN  Test worker     d.u.i.k.n.ParsingFacade   Parsing time 1708 ms. 
512767     WARN  Test worker     d.u.i.k.n.ParsingFacade   file:/home/runner/work/key/key/key.core/build/resources/main/de/uka/ilkd/key/proof/rules/javaRules.key took 13 ms to parse. 
512767     WARN  Test worker     d.u.i.k.n.ParsingFacade   Parsing time 1721 ms. 
512771     WARN  Test worker     d.u.i.k.n.ParsingFacade   file:/home/runner/work/key/key/key.core/build/resources/main/de/uka/ilkd/key/proof/rules/assertions.key took 1 ms to parse. 
512771     WARN  Test worker     d.u.i.k.n.ParsingFacade   Parsing time 1722 ms. 
512960     WARN  Test worker     d.u.i.k.n.ParsingFacade   file:/home/runner/work/key/key/key.core/build/resources/main/de/uka/ilkd/key/proof/rules/loopRules.key took 0 ms to parse. 
512960     WARN  Test worker     d.u.i.k.n.ParsingFacade   Parsing time 1722 ms. 
512965     WARN  Test worker     d.u.i.k.n.ParsingFacade   file:/home/runner/work/key/key/key.core/build/resources/main/de/uka/ilkd/key/proof/rules/activeUse.key took 2 ms to parse. 
512965     WARN  Test worker     d.u.i.k.n.ParsingFacade   Parsing time 1724 ms. 
512991     WARN  Test worker     d.u.i.k.n.ParsingFacade   file:/home/runner/work/key/key/key.core/build/resources/main/de/uka/ilkd/key/proof/rules/instanceAllocation.key took 1 ms to parse. 
512991     WARN  Test worker     d.u.i.k.n.ParsingFacade   Parsing time 1725 ms. 
512999     WARN  Test worker     d.u.i.k.n.ParsingFacade   file:/home/runner/work/key/key/key.core/build/resources/main/de/uka/ilkd/key/proof/rules/java5.key took 0 ms to parse. 
512999     WARN  Test worker     d.u.i.k.n.ParsingFacade   Parsing time 1725 ms. 
513002     WARN  Test worker     d.u.i.k.n.ParsingFacade   file:/home/runner/work/key/key/key.core/build/resources/main/de/uka/ilkd/key/proof/rules/integerAssignment2UpdateRules.key took 2 ms to parse. 
513003     WARN  Test worker     d.u.i.k.n.ParsingFacade   Parsing time 1727 ms. 
513019     WARN  Test worker     d.u.i.k.n.ParsingFacade   file:/home/runner/work/key/key/key.core/build/resources/main/de/uka/ilkd/key/proof/rules/floatAssignment2UpdateRules.key took 1 ms to parse. 
513019     WARN  Test worker     d.u.i.k.n.ParsingFacade   Parsing time 1728 ms. 
513032     WARN  Test worker     d.u.i.k.n.ParsingFacade   file:/home/runner/work/key/key/key.core/build/resources/main/de/uka/ilkd/key/proof/rules/bigint.key took 1 ms to parse. 
513032     WARN  Test worker     d.u.i.k.n.ParsingFacade   Parsing time 1729 ms. 
513040     WARN  Test worker     d.u.i.k.n.ParsingFacade   file:/home/runner/work/key/key/key.core/build/resources/main/de/uka/ilkd/key/proof/rules/adtProgramDecompositionRules.key took 1 ms to parse. 
513040     WARN  Test worker     d.u.i.k.n.ParsingFacade   Parsing time 1730 ms. 
513050     WARN  Test worker     d.u.i.k.n.ParsingFacade   file:/home/runner/work/key/key/key.core/build/resources/main/de/uka/ilkd/key/proof/rules/precRules.key took 0 ms to parse. 
513050     WARN  Test worker     d.u.i.k.n.ParsingFacade   Parsing time 1730 ms. 
513053     WARN  Test worker     d.u.i.k.n.ParsingFacade   file:/home/runner/work/key/key/key.core/build/resources/main/de/uka/ilkd/key/proof/rules/charListRules.key took 2 ms to parse. 
513053     WARN  Test worker     d.u.i.k.n.ParsingFacade   Parsing time 1732 ms. 
513058     WARN  Test worker     d.u.i.k.n.ParsingFacade   file:/home/runner/work/key/key/key.core/build/resources/main/de/uka/ilkd/key/proof/rules/regExTheory.key took 0 ms to parse. 
513058     WARN  Test worker     d.u.i.k.n.ParsingFacade   Parsing time 1732 ms. 
513058     WARN  Test worker     d.u.i.k.n.ParsingFacade   file:/home/runner/work/key/key/key.core/build/resources/main/de/uka/ilkd/key/proof/rules/regExHeader.key took 0 ms to parse. 
513058     WARN  Test worker     d.u.i.k.n.ParsingFacade   Parsing time 1732 ms. 
513059     WARN  Test worker     d.u.i.k.n.ParsingFacade   file:/home/runner/work/key/key/key.core/build/resources/main/de/uka/ilkd/key/proof/rules/regExAxioms.key took 0 ms to parse. 
513059     WARN  Test worker     d.u.i.k.n.ParsingFacade   Parsing time 1732 ms. 
513061     WARN  Test worker     d.u.i.k.n.ParsingFacade   file:/home/runner/work/key/key/key.core/build/resources/main/de/uka/ilkd/key/proof/rules/regExLemmaProven.key took 1 ms to parse. 
513061     WARN  Test worker     d.u.i.k.n.ParsingFacade   Parsing time 1733 ms. 
513064     WARN  Test worker     d.u.i.k.n.ParsingFacade   file:/home/runner/work/key/key/key.core/build/resources/main/de/uka/ilkd/key/proof/rules/seqEq.key took 1 ms to parse. 
513064     WARN  Test worker     d.u.i.k.n.ParsingFacade   Parsing time 1734 ms. 
513067     WARN  Test worker     d.u.i.k.n.ParsingFacade   file:/home/runner/work/key/key/key.core/build/resources/main/de/uka/ilkd/key/proof/rules/infFlow.key took 1 ms to parse. 
513067     WARN  Test worker     d.u.i.k.n.ParsingFacade   Parsing time 1735 ms. 
513069     WARN  Test worker     d.u.i.k.n.ParsingFacade   file:/home/runner/work/key/key/key.core/build/resources/main/de/uka/ilkd/key/proof/rules/mapSize.key took 0 ms to parse. 
513069     WARN  Test worker     d.u.i.k.n.ParsingFacade   Parsing time 1735 ms. 
513070     WARN  Test worker     d.u.i.k.n.ParsingFacade   file:/home/runner/work/key/key/key.core/build/resources/main/de/uka/ilkd/key/proof/rules/wd.key took 0 ms to parse. 
513070     WARN  Test worker     d.u.i.k.n.ParsingFacade   Parsing time 1735 ms. 
513071     WARN  Test worker     d.u.i.k.n.ParsingFacade   file:/home/runner/work/key/key/key.core/build/resources/main/de/uka/ilkd/key/proof/rules/wdHeader.key took 0 ms to parse. 
513071     WARN  Test worker     d.u.i.k.n.ParsingFacade   Parsing time 1735 ms. 
513071     WARN  Test worker     d.u.i.k.n.ParsingFacade   file:/home/runner/work/key/key/key.core/build/resources/main/de/uka/ilkd/key/proof/rules/wdGeneralRules.key took 0 ms to parse. 
513071     WARN  Test worker     d.u.i.k.n.ParsingFacade   Parsing time 1735 ms. 
513076     WARN  Test worker     d.u.i.k.n.ParsingFacade   file:/home/runner/work/key/key/key.core/build/resources/main/de/uka/ilkd/key/proof/rules/wdNumericalRules.key took 3 ms to parse. 
513076     WARN  Test worker     d.u.i.k.n.ParsingFacade   Parsing time 1738 ms. 
513086     WARN  Test worker     d.u.i.k.n.ParsingFacade   file:/home/runner/work/key/key/key.core/build/resources/main/de/uka/ilkd/key/proof/rules/wdLocSetRules.key took 0 ms to parse. 
513086     WARN  Test worker     d.u.i.k.n.ParsingFacade   Parsing time 1738 ms. 
513089     WARN  Test worker     d.u.i.k.n.ParsingFacade   file:/home/runner/work/key/key/key.core/build/resources/main/de/uka/ilkd/key/proof/rules/wdHeapRules.key took 0 ms to parse. 
513089     WARN  Test worker     d.u.i.k.n.ParsingFacade   Parsing time 1738 ms. 
513091     WARN  Test worker     d.u.i.k.n.ParsingFacade   file:/home/runner/work/key/key/key.core/build/resources/main/de/uka/ilkd/key/proof/rules/wdReachRules.key took 0 ms to parse. 
513091     WARN  Test worker     d.u.i.k.n.ParsingFacade   Parsing time 1738 ms. 
513092     WARN  Test worker     d.u.i.k.n.ParsingFacade   file:/home/runner/work/key/key/key.core/build/resources/main/de/uka/ilkd/key/proof/rules/wdSeqRules.key took 1 ms to parse. 
513092     WARN  Test worker     d.u.i.k.n.ParsingFacade   Parsing time 1739 ms. 
513094     WARN  Test worker     d.u.i.k.n.ParsingFacade   file:/home/runner/work/key/key/key.core/build/resources/main/de/uka/ilkd/key/proof/rules/wdStringRules.key took 0 ms to parse. 
513094     WARN  Test worker     d.u.i.k.n.ParsingFacade   Parsing time 1739 ms. 
513096     WARN  Test worker     d.u.i.k.n.ParsingFacade   file:/home/runner/work/key/key/key.core/build/resources/main/de/uka/ilkd/key/proof/rules/wdRegExRules.key took 0 ms to parse. 
513096     WARN  Test worker     d.u.i.k.n.ParsingFacade   Parsing time 1739 ms. 
513099     WARN  Test worker     d.u.i.k.n.ParsingFacade   file:/home/runner/work/key/key/key.core/build/resources/main/de/uka/ilkd/key/proof/rules/wdFormulaRules.key took 2 ms to parse. 
513099     WARN  Test worker     d.u.i.k.n.ParsingFacade   Parsing time 1741 ms. 
513105     WARN  Test worker     d.u.i.k.n.ParsingFacade   file:/home/runner/work/key/key/key.core/build/resources/main/de/uka/ilkd/key/proof/rules/loopInvariantRules.key took 1 ms to parse. 
513105     WARN  Test worker     d.u.i.k.n.ParsingFacade   Parsing time 1742 ms. 
513107     WARN  Test worker     d.u.i.k.n.ParsingFacade   file:/home/runner/work/key/key/key.core/build/resources/main/de/uka/ilkd/key/proof/rules/forLoopRules.key took 0 ms to parse. 
513107     WARN  Test worker     d.u.i.k.n.ParsingFacade   Parsing time 1742 ms. 
513110     WARN  Test worker     d.u.i.k.n.ParsingFacade   file:/home/runner/work/key/key/key.core/build/resources/main/de/uka/ilkd/key/proof/rules/execRules.key took 2 ms to parse. 
513110     WARN  Test worker     d.u.i.k.n.ParsingFacade   Parsing time 1744 ms. 
513163     WARN  Test worker     d.u.i.k.n.ParsingFacade   file:/home/runner/work/key/key/key.core/build/resources/main/de/uka/ilkd/key/proof/rules/loopScopeRules.key took 2 ms to parse. 
513163     WARN  Test worker     d.u.i.k.n.ParsingFacade   Parsing time 1746 ms. 
514195     WARN  Test worker     d.u.i.k.n.ParsingFacade   file:/home/runner/work/key/key/key.core/build/resources/main/de/uka/ilkd/key/java/JavaRedux/java/lang/String.key took 1 ms to parse. 
514195     WARN  Test worker     d.u.i.k.n.ParsingFacade   Parsing time 1747 ms. 
516001     WARN  Test worker     d.u.i.k.n.ParsingFacade   /tmp/SMT_key_ite1.props16758107865650733016.key took 0 ms to parse. 
516001     WARN  Test worker     d.u.i.k.n.ParsingFacade   Parsing time 1747 ms. 
516007     WARN  Test worker     d.u.i.k.n.ParsingFacade   /tmp/SMT_key_bool1.props2406353972030843427.key took 0 ms to parse. 
516007     WARN  Test worker     d.u.i.k.n.ParsingFacade   Parsing time 1747 ms. 
516824     WARN  Test worker     d.u.i.k.n.ParsingFacade   file:/home/runner/work/key/key/key.core/build/resources/main/de/uka/ilkd/key/java/JavaRedux/java/lang/String.key took 1 ms to parse. 
516824     WARN  Test worker     d.u.i.k.n.ParsingFacade   Parsing time 1748 ms. 
518619     WARN  Test worker     d.u.i.k.n.ParsingFacade   /tmp/SMT_key_bool1.props2406353972030843427.key took 0 ms to parse. 
518619     WARN  Test worker     d.u.i.k.n.ParsingFacade   Parsing time 1748 ms. 
518621     WARN  Test worker     d.u.i.k.n.ParsingFacade   /tmp/SMT_key_float2.props16897404814077614453.key took 0 ms to parse. 
518621     WARN  Test worker     d.u.i.k.n.ParsingFacade   Parsing time 1748 ms. 
519457     WARN  Test worker     d.u.i.k.n.ParsingFacade   file:/home/runner/work/key/key/key.core/build/resources/main/de/uka/ilkd/key/java/JavaRedux/java/lang/String.key took 1 ms to parse. 
519457     WARN  Test worker     d.u.i.k.n.ParsingFacade   Parsing time 1749 ms. 
521352     WARN  Test worker     d.u.i.k.n.ParsingFacade   /tmp/SMT_key_float2.props16897404814077614453.key took 0 ms to parse. 
521352     WARN  Test worker     d.u.i.k.n.ParsingFacade   Parsing time 1749 ms. 
521353     INFO  Test worker     d.u.i.k.s.n.MasterHandlerTest Test case has been marked ignore 
521354     WARN  Test worker     d.u.i.k.n.ParsingFacade   /tmp/SMT_key_bool2.props16750739985538824908.key took 0 ms to parse. 
521354     WARN  Test worker     d.u.i.k.n.ParsingFacade   Parsing time 1749 ms. 
522243     WARN  Test worker     d.u.i.k.n.ParsingFacade   file:/home/runner/work/key/key/key.core/build/resources/main/de/uka/ilkd/key/java/JavaRedux/java/lang/String.key took 1 ms to parse. 
522243     WARN  Test worker     d.u.i.k.n.ParsingFacade   Parsing time 1750 ms. 
524087     WARN  Test worker     d.u.i.k.n.ParsingFacade   /tmp/SMT_key_bool2.props16750739985538824908.key took 0 ms to parse. 
524087     WARN  Test worker     d.u.i.k.n.ParsingFacade   Parsing time 1750 ms. 
524089     INFO  Test worker     d.u.i.k.s.n.MasterHandlerTest Test case has been marked ignore 
524090     WARN  Test worker     d.u.i.k.n.ParsingFacade   /tmp/SMT_key_ex1.props15603428617169748230.key took 0 ms to parse. 
524090     WARN  Test worker     d.u.i.k.n.ParsingFacade   Parsing time 1750 ms. 
524991     WARN  Test worker     d.u.i.k.n.ParsingFacade   file:/home/runner/work/key/key/key.core/build/resources/main/de/uka/ilkd/key/java/JavaRedux/java/lang/String.key took 0 ms to parse. 
524991     WARN  Test worker     d.u.i.k.n.ParsingFacade   Parsing time 1750 ms. 
526861     WARN  Test worker     d.u.i.k.n.ParsingFacade   /tmp/SMT_key_ex1.props15603428617169748230.key took 0 ms to parse. 
526861     WARN  Test worker     d.u.i.k.n.ParsingFacade   Parsing time 1750 ms. 
526864     WARN  Test worker     d.u.i.k.n.ParsingFacade   /tmp/SMT_key_upd2.props8188934449834924770.key took 0 ms to parse. 
526864     WARN  Test worker     d.u.i.k.n.ParsingFacade   Parsing time 1750 ms. 
527723     WARN  Test worker     d.u.i.k.n.ParsingFacade   file:/home/runner/work/key/key/key.core/build/resources/main/de/uka/ilkd/key/java/JavaRedux/java/lang/String.key took 1 ms to parse. 
527723     WARN  Test worker     d.u.i.k.n.ParsingFacade   Parsing time 1751 ms. 
529585     WARN  Test worker     d.u.i.k.n.ParsingFacade   /tmp/SMT_key_upd2.props8188934449834924770.key took 0 ms to parse. 
529585     WARN  Test worker     d.u.i.k.n.ParsingFacade   Parsing time 1751 ms. 
529587     WARN  Test worker     d.u.i.k.n.ParsingFacade   /tmp/SMT_key_uninterpreted1.props9403956095182100658.key took 0 ms to parse. 
529587     WARN  Test worker     d.u.i.k.n.ParsingFacade   Parsing time 1751 ms. 
530463     WARN  Test worker     d.u.i.k.n.ParsingFacade   file:/home/runner/work/key/key/key.core/build/resources/main/de/uka/ilkd/key/java/JavaRedux/java/lang/String.key took 1 ms to parse. 
530463     WARN  Test worker     d.u.i.k.n.ParsingFacade   Parsing time 1752 ms. 
532319     WARN  Test worker     d.u.i.k.n.ParsingFacade   /tmp/SMT_key_uninterpreted1.props9403956095182100658.key took 0 ms to parse. 
532319     WARN  Test worker     d.u.i.k.n.ParsingFacade   Parsing time 1752 ms. 
532322     WARN  Test worker     d.u.i.k.n.ParsingFacade   /tmp/SMT_key_upd1.props7489242318190137035.key took 1 ms to parse. 
532322     WARN  Test worker     d.u.i.k.n.ParsingFacade   Parsing time 1753 ms. 
533202     WARN  Test worker     d.u.i.k.n.ParsingFacade   file:/home/runner/work/key/key/key.core/build/resources/main/de/uka/ilkd/key/java/JavaRedux/java/lang/String.key took 1 ms to parse. 
533202     WARN  Test worker     d.u.i.k.n.ParsingFacade   Parsing time 1754 ms. 
535126     WARN  Test worker     d.u.i.k.n.ParsingFacade   /tmp/SMT_key_upd1.props7489242318190137035.key took 0 ms to parse. 
535126     WARN  Test worker     d.u.i.k.n.ParsingFacade   Parsing time 1754 ms. 
535128     WARN  Test worker     d.u.i.k.n.ParsingFacade   /tmp/SMT_key_float1.props4265989352370014770.key took 0 ms to parse. 
535128     WARN  Test worker     d.u.i.k.n.ParsingFacade   Parsing time 1754 ms. 
536032     WARN  Test worker     d.u.i.k.n.ParsingFacade   file:/home/runner/work/key/key/key.core/build/resources/main/de/uka/ilkd/key/java/JavaRedux/java/lang/String.key took 1 ms to parse. 
536032     WARN  Test worker     d.u.i.k.n.ParsingFacade   Parsing time 1755 ms. 
537881     WARN  Test worker     d.u.i.k.n.ParsingFacade   /tmp/SMT_key_float1.props4265989352370014770.key took 0 ms to parse. 
537881     WARN  Test worker     d.u.i.k.n.ParsingFacade   Parsing time 1755 ms. 
537883     WARN  Test worker     d.u.i.k.n.ParsingFacade   /tmp/SMT_key_heap1.props3536931158304613863.key took 0 ms to parse. 
537883     WARN  Test worker     d.u.i.k.n.ParsingFacade   Parsing time 1755 ms. 
538746     WARN  Test worker     d.u.i.k.n.ParsingFacade   file:/home/runner/work/key/key/key.core/build/resources/main/de/uka/ilkd/key/java/JavaRedux/java/lang/String.key took 1 ms to parse. 
538746     WARN  Test worker     d.u.i.k.n.ParsingFacade   Parsing time 1756 ms. 
540620     WARN  Test worker     d.u.i.k.n.ParsingFacade   /tmp/SMT_key_heap1.props3536931158304613863.key took 0 ms to parse. 
540620     WARN  Test worker     d.u.i.k.n.ParsingFacade   Parsing time 1756 ms. 
540624     WARN  Test worker     d.u.i.k.n.ParsingFacade   /tmp/SMT_key_float.sqrt2.props16284879233623039404.key took 0 ms to parse. 
540624     WARN  Test worker     d.u.i.k.n.ParsingFacade   Parsing time 1756 ms. 
541493     WARN  Test worker     d.u.i.k.n.ParsingFacade   file:/home/runner/work/key/key/key.core/build/resources/main/de/uka/ilkd/key/java/JavaRedux/java/lang/String.key took 1 ms to parse. 
541493     WARN  Test worker     d.u.i.k.n.ParsingFacade   Parsing time 1757 ms. 
543372     WARN  Test worker     d.u.i.k.n.ParsingFacade   /tmp/SMT_key_float.sqrt2.props16284879233623039404.key took 0 ms to parse. 
543373     WARN  Test worker     d.u.i.k.n.ParsingFacade   Parsing time 1757 ms. 
543375     WARN  Test worker     d.u.i.k.n.ParsingFacade   /tmp/SMT_key_float.sinDouble.props7436811110694622434.key took 0 ms to parse. 
543376     WARN  Test worker     d.u.i.k.n.ParsingFacade   Parsing time 1757 ms. 
544231     WARN  Test worker     d.u.i.k.n.ParsingFacade   file:/home/runner/work/key/key/key.core/build/resources/main/de/uka/ilkd/key/java/JavaRedux/java/lang/String.key took 1 ms to parse. 
544231     WARN  Test worker     d.u.i.k.n.ParsingFacade   Parsing time 1758 ms. 
546115     WARN  Test worker     d.u.i.k.n.ParsingFacade   /tmp/SMT_key_float.sinDouble.props7436811110694622434.key took 0 ms to parse. 
546115     WARN  Test worker     d.u.i.k.n.ParsingFacade   Parsing time 1758 ms. 
546117     WARN  Test worker     d.u.i.k.n.ParsingFacade   /tmp/SMT_key_cast3.props13668276861867283192.key took 0 ms to parse. 
546117     WARN  Test worker     d.u.i.k.n.ParsingFacade   Parsing time 1758 ms. 
546951     WARN  Test worker     d.u.i.k.n.ParsingFacade   file:/home/runner/work/key/key/key.core/build/resources/main/de/uka/ilkd/key/java/JavaRedux/java/lang/String.key took 1 ms to parse. 
546951     WARN  Test worker     d.u.i.k.n.ParsingFacade   Parsing time 1759 ms. 
548764     WARN  Test worker     d.u.i.k.n.ParsingFacade   /tmp/SMT_key_cast3.props13668276861867283192.key took 0 ms to parse. 
548765     WARN  Test worker     d.u.i.k.n.ParsingFacade   Parsing time 1759 ms. 
548767     WARN  Test worker     d.u.i.k.n.ParsingFacade   /tmp/SMT_key_float.sqrt1.props1694921084893893951.key took 0 ms to parse. 
548767     WARN  Test worker     d.u.i.k.n.ParsingFacade   Parsing time 1759 ms. 
549621     WARN  Test worker     d.u.i.k.n.ParsingFacade   file:/home/runner/work/key/key/key.core/build/resources/main/de/uka/ilkd/key/java/JavaRedux/java/lang/String.key took 2 ms to parse. 
549621     WARN  Test worker     d.u.i.k.n.ParsingFacade   Parsing time 1761 ms. 
551523     WARN  Test worker     d.u.i.k.n.ParsingFacade   /tmp/SMT_key_float.sqrt1.props1694921084893893951.key took 0 ms to parse. 
551523     WARN  Test worker     d.u.i.k.n.ParsingFacade   Parsing time 1761 ms. 
551525     WARN  Test worker     d.u.i.k.n.ParsingFacade   /tmp/SMT_key_int1.props1614607001642432191.key took 0 ms to parse. 
551525     WARN  Test worker     d.u.i.k.n.ParsingFacade   Parsing time 1761 ms. 
552394     WARN  Test worker     d.u.i.k.n.ParsingFacade   file:/home/runner/work/key/key/key.core/build/resources/main/de/uka/ilkd/key/java/JavaRedux/java/lang/String.key took 1 ms to parse. 
552394     WARN  Test worker     d.u.i.k.n.ParsingFacade   Parsing time 1762 ms. 
554254     WARN  Test worker     d.u.i.k.n.ParsingFacade   /tmp/SMT_key_int1.props1614607001642432191.key took 0 ms to parse. 
554254     WARN  Test worker     d.u.i.k.n.ParsingFacade   Parsing time 1762 ms. 
554257     WARN  Test worker     d.u.i.k.n.ParsingFacade   /tmp/SMT_key_quant2.props12338500597099370696.key took 0 ms to parse. 
554257     WARN  Test worker     d.u.i.k.n.ParsingFacade   Parsing time 1762 ms. 
555108     WARN  Test worker     d.u.i.k.n.ParsingFacade   file:/home/runner/work/key/key/key.core/build/resources/main/de/uka/ilkd/key/java/JavaRedux/java/lang/String.key took 1 ms to parse. 
555108     WARN  Test worker     d.u.i.k.n.ParsingFacade   Parsing time 1763 ms. 
557072     WARN  Test worker     d.u.i.k.n.ParsingFacade   /tmp/SMT_key_quant2.props12338500597099370696.key took 0 ms to parse. 
557072     WARN  Test worker     d.u.i.k.n.ParsingFacade   Parsing time 1763 ms. 
557077     WARN  Test worker     d.u.i.k.n.ParsingFacade   /tmp/SMT_key_float.eq.props10954696770655220976.key took 0 ms to parse. 
557077     WARN  Test worker     d.u.i.k.n.ParsingFacade   Parsing time 1763 ms. 
557919     WARN  Test worker     d.u.i.k.n.ParsingFacade   file:/home/runner/work/key/key/key.core/build/resources/main/de/uka/ilkd/key/java/JavaRedux/java/lang/String.key took 1 ms to parse. 
557919     WARN  Test worker     d.u.i.k.n.ParsingFacade   Parsing time 1764 ms. 
559798     WARN  Test worker     d.u.i.k.n.ParsingFacade   /tmp/SMT_key_float.eq.props10954696770655220976.key took 0 ms to parse. 
559798     WARN  Test worker     d.u.i.k.n.ParsingFacade   Parsing time 1764 ms. 
559800     WARN  Test worker     d.u.i.k.n.ParsingFacade   /tmp/SMT_key_bool3.props15986939429477043949.key took 0 ms to parse. 
559800     WARN  Test worker     d.u.i.k.n.ParsingFacade   Parsing time 1764 ms. 
560671     WARN  Test worker     d.u.i.k.n.ParsingFacade   file:/home/runner/work/key/key/key.core/build/resources/main/de/uka/ilkd/key/java/JavaRedux/java/lang/String.key took 1 ms to parse. 
560671     WARN  Test worker     d.u.i.k.n.ParsingFacade   Parsing time 1765 ms. 
562592     WARN  Test worker     d.u.i.k.n.ParsingFacade   /tmp/SMT_key_bool3.props15986939429477043949.key took 1 ms to parse. 
562592     WARN  Test worker     d.u.i.k.n.ParsingFacade   Parsing time 1766 ms. 
562593     INFO  Test worker     d.u.i.k.s.n.MasterHandlerTest Test case has been marked ignore 
562594     WARN  Test worker     d.u.i.k.n.ParsingFacade   /tmp/SMT_key_types1.props14548476660131837393.key took 0 ms to parse. 
562594     WARN  Test worker     d.u.i.k.n.ParsingFacade   Parsing time 1766 ms. 
563465     WARN  Test worker     d.u.i.k.n.ParsingFacade   file:/home/runner/work/key/key/key.core/build/resources/main/de/uka/ilkd/key/java/JavaRedux/java/lang/String.key took 1 ms to parse. 
563465     WARN  Test worker     d.u.i.k.n.ParsingFacade   Parsing time 1767 ms. 
565380     WARN  Test worker     d.u.i.k.n.ParsingFacade   /tmp/SMT_key_types1.props14548476660131837393.key took 0 ms to parse. 
565380     WARN  Test worker     d.u.i.k.n.ParsingFacade   Parsing time 1767 ms. 
565382     WARN  Test worker     d.u.i.k.n.ParsingFacade   /tmp/SMT_key_cast1.props10729278126983356356.key took 0 ms to parse. 
565382     WARN  Test worker     d.u.i.k.n.ParsingFacade   Parsing time 1767 ms. 
566269     WARN  Test worker     d.u.i.k.n.ParsingFacade   file:/home/runner/work/key/key/key.core/build/resources/main/de/uka/ilkd/key/java/JavaRedux/java/lang/String.key took 1 ms to parse. 
566269     WARN  Test worker     d.u.i.k.n.ParsingFacade   Parsing time 1768 ms. 
568158     WARN  Test worker     d.u.i.k.n.ParsingFacade   /tmp/SMT_key_cast1.props10729278126983356356.key took 0 ms to parse. 
568158     WARN  Test worker     d.u.i.k.n.ParsingFacade   Parsing time 1768 ms. 
568160     INFO  Test worker     d.u.i.k.s.n.MasterHandlerTest Test case has been marked ignore 
568161     WARN  Test worker     d.u.i.k.n.ParsingFacade   /tmp/SMT_key_quant1.props4734861585025945960.key took 0 ms to parse. 
568161     WARN  Test worker     d.u.i.k.n.ParsingFacade   Parsing time 1768 ms. 
569011     WARN  Test worker     d.u.i.k.n.ParsingFacade   file:/home/runner/work/key/key/key.core/build/resources/main/de/uka/ilkd/key/java/JavaRedux/java/lang/String.key took 1 ms to parse. 
569011     WARN  Test worker     d.u.i.k.n.ParsingFacade   Parsing time 1769 ms. 
570887     WARN  Test worker     d.u.i.k.n.ParsingFacade   /tmp/SMT_key_quant1.props4734861585025945960.key took 0 ms to parse. 
570887     WARN  Test worker     d.u.i.k.n.ParsingFacade   Parsing time 1769 ms. 
570889     WARN  Test worker     d.u.i.k.n.ParsingFacade   /tmp/SMT_key_cast2.props18275732181098867003.key took 0 ms to parse. 
570890     WARN  Test worker     d.u.i.k.n.ParsingFacade   Parsing time 1769 ms. 
571789     WARN  Test worker     d.u.i.k.n.ParsingFacade   file:/home/runner/work/key/key/key.core/build/resources/main/de/uka/ilkd/key/java/JavaRedux/java/lang/String.key took 1 ms to parse. 
571789     WARN  Test worker     d.u.i.k.n.ParsingFacade   Parsing time 1770 ms. 
573708     WARN  Test worker     d.u.i.k.n.ParsingFacade   /tmp/SMT_key_cast2.props18275732181098867003.key took 0 ms to parse. 
573708     WARN  Test worker     d.u.i.k.n.ParsingFacade   Parsing time 1770 ms. 
573711     WARN  Test worker     d.u.i.k.n.ParsingFacade   /tmp/SMT_key_ex2.props14865537481184896335.key took 0 ms to parse. 
573711     WARN  Test worker     d.u.i.k.n.ParsingFacade   Parsing time 1770 ms. 
574571     WARN  Test worker     d.u.i.k.n.ParsingFacade   file:/home/runner/work/key/key/key.core/build/resources/main/de/uka/ilkd/key/java/JavaRedux/java/lang/String.key took 1 ms to parse. 
574571     WARN  Test worker     d.u.i.k.n.ParsingFacade   Parsing time 1771 ms. 
576471     WARN  Test worker     d.u.i.k.n.ParsingFacade   /tmp/SMT_key_ex2.props14865537481184896335.key took 0 ms to parse. 
576471     WARN  Test worker     d.u.i.k.n.ParsingFacade   Parsing time 1771 ms. 
576473     WARN  Test worker     d.u.i.k.n.ParsingFacade   /tmp/SMT_key_types2.props492969780836694907.key took 0 ms to parse. 
576473     WARN  Test worker     d.u.i.k.n.ParsingFacade   Parsing time 1771 ms. 
577365     WARN  Test worker     d.u.i.k.n.ParsingFacade   file:/home/runner/work/key/key/key.core/build/resources/main/de/uka/ilkd/key/java/JavaRedux/java/lang/String.key took 1 ms to parse. 
577365     WARN  Test worker     d.u.i.k.n.ParsingFacade   Parsing time 1772 ms. 
579210     WARN  Test worker     d.u.i.k.n.ParsingFacade   /tmp/SMT_key_types2.props492969780836694907.key took 0 ms to parse. 
579210     WARN  Test worker     d.u.i.k.n.ParsingFacade   Parsing time 1772 ms. 
579225     WARN  Test worker     d.u.i.k.n.ParsingFacade   /tmp/SMT_key_ite1.props3561371895700340251.key took 0 ms to parse. 
579225     WARN  Test worker     d.u.i.k.n.ParsingFacade   Parsing time 1772 ms. 
580097     WARN  Test worker     d.u.i.k.n.ParsingFacade   file:/home/runner/work/key/key/key.core/build/resources/main/de/uka/ilkd/key/java/JavaRedux/java/lang/String.key took 1 ms to parse. 
580097     WARN  Test worker     d.u.i.k.n.ParsingFacade   Parsing time 1773 ms. 
582003     WARN  Test worker     d.u.i.k.n.ParsingFacade   /tmp/SMT_key_ite1.props3561371895700340251.key took 0 ms to parse. 
582004     WARN  Test worker     d.u.i.k.n.ParsingFacade   Parsing time 1773 ms. 
582006     WARN  Test worker     d.u.i.k.n.ParsingFacade   /tmp/SMT_key_bool1.props8228720794324361973.key took 0 ms to parse. 
582006     WARN  Test worker     d.u.i.k.n.ParsingFacade   Parsing time 1773 ms. 
582880     WARN  Test worker     d.u.i.k.n.ParsingFacade   file:/home/runner/work/key/key/key.core/build/resources/main/de/uka/ilkd/key/java/JavaRedux/java/lang/String.key took 3 ms to parse. 
582880     WARN  Test worker     d.u.i.k.n.ParsingFacade   Parsing time 1776 ms. 
584769     WARN  Test worker     d.u.i.k.n.ParsingFacade   /tmp/SMT_key_bool1.props8228720794324361973.key took 0 ms to parse. 
584769     WARN  Test worker     d.u.i.k.n.ParsingFacade   Parsing time 1776 ms. 
584773     WARN  Test worker     d.u.i.k.n.ParsingFacade   /tmp/SMT_key_float2.props3230550089699331869.key took 1 ms to parse. 
584773     WARN  Test worker     d.u.i.k.n.ParsingFacade   Parsing time 1777 ms. 
585706     WARN  Test worker     d.u.i.k.n.ParsingFacade   file:/home/runner/work/key/key/key.core/build/resources/main/de/uka/ilkd/key/java/JavaRedux/java/lang/String.key took 1 ms to parse. 
585706     WARN  Test worker     d.u.i.k.n.ParsingFacade   Parsing time 1778 ms. 
587638     WARN  Test worker     d.u.i.k.n.ParsingFacade   /tmp/SMT_key_float2.props3230550089699331869.key took 0 ms to parse. 
587638     WARN  Test worker     d.u.i.k.n.ParsingFacade   Parsing time 1778 ms. 
587640     INFO  Test worker     d.u.i.k.s.n.MasterHandlerTest Test case has been marked ignore 
587640     WARN  Test worker     d.u.i.k.n.ParsingFacade   /tmp/SMT_key_bool2.props9526251647127251348.key took 0 ms to parse. 
587640     WARN  Test worker     d.u.i.k.n.ParsingFacade   Parsing time 1778 ms. 
588518     WARN  Test worker     d.u.i.k.n.ParsingFacade   file:/home/runner/work/key/key/key.core/build/resources/main/de/uka/ilkd/key/java/JavaRedux/java/lang/String.key took 1 ms to parse. 
588518     WARN  Test worker     d.u.i.k.n.ParsingFacade   Parsing time 1779 ms. 
590438     WARN  Test worker     d.u.i.k.n.ParsingFacade   /tmp/SMT_key_bool2.props9526251647127251348.key took 1 ms to parse. 
590438     WARN  Test worker     d.u.i.k.n.ParsingFacade   Parsing time 1780 ms. 
590439     INFO  Test worker     d.u.i.k.s.n.MasterHandlerTest Test case has been marked ignore 
590440     WARN  Test worker     d.u.i.k.n.ParsingFacade   /tmp/SMT_key_ex1.props9229729937928067949.key took 0 ms to parse. 
590440     WARN  Test worker     d.u.i.k.n.ParsingFacade   Parsing time 1780 ms. 
591342     WARN  Test worker     d.u.i.k.n.ParsingFacade   file:/home/runner/work/key/key/key.core/build/resources/main/de/uka/ilkd/key/java/JavaRedux/java/lang/String.key took 1 ms to parse. 
591342     WARN  Test worker     d.u.i.k.n.ParsingFacade   Parsing time 1781 ms. 
593241     WARN  Test worker     d.u.i.k.n.ParsingFacade   /tmp/SMT_key_ex1.props9229729937928067949.key took 0 ms to parse. 
593241     WARN  Test worker     d.u.i.k.n.ParsingFacade   Parsing time 1781 ms. 
593243     WARN  Test worker     d.u.i.k.n.ParsingFacade   /tmp/SMT_key_upd2.props17999743619917988034.key took 0 ms to parse. 
593243     WARN  Test worker     d.u.i.k.n.ParsingFacade   Parsing time 1781 ms. 
594136     WARN  Test worker     d.u.i.k.n.ParsingFacade   file:/home/runner/work/key/key/key.core/build/resources/main/de/uka/ilkd/key/java/JavaRedux/java/lang/String.key took 1 ms to parse. 
594137     WARN  Test worker     d.u.i.k.n.ParsingFacade   Parsing time 1782 ms. 
596063     WARN  Test worker     d.u.i.k.n.ParsingFacade   /tmp/SMT_key_upd2.props17999743619917988034.key took 0 ms to parse. 
596063     WARN  Test worker     d.u.i.k.n.ParsingFacade   Parsing time 1782 ms. 
596065     WARN  Test worker     d.u.i.k.n.ParsingFacade   /tmp/SMT_key_uninterpreted1.props13323015873068432788.key took 0 ms to parse. 
596065     WARN  Test worker     d.u.i.k.n.ParsingFacade   Parsing time 1782 ms. 
596976     WARN  Test worker     d.u.i.k.n.ParsingFacade   file:/home/runner/work/key/key/key.core/build/resources/main/de/uka/ilkd/key/java/JavaRedux/java/lang/String.key took 1 ms to parse. 
596976     WARN  Test worker     d.u.i.k.n.ParsingFacade   Parsing time 1783 ms. 
598903     WARN  Test worker     d.u.i.k.n.ParsingFacade   /tmp/SMT_key_uninterpreted1.props13323015873068432788.key took 0 ms to parse. 
598903     WARN  Test worker     d.u.i.k.n.ParsingFacade   Parsing time 1783 ms. 
598905     WARN  Test worker     d.u.i.k.n.ParsingFacade   /tmp/SMT_key_upd1.props4525224176693231007.key took 0 ms to parse. 
598905     WARN  Test worker     d.u.i.k.n.ParsingFacade   Parsing time 1783 ms. 
599796     WARN  Test worker     d.u.i.k.n.ParsingFacade   file:/home/runner/work/key/key/key.core/build/resources/main/de/uka/ilkd/key/java/JavaRedux/java/lang/String.key took 1 ms to parse. 
599796     WARN  Test worker     d.u.i.k.n.ParsingFacade   Parsing time 1784 ms. 
601703     WARN  Test worker     d.u.i.k.n.ParsingFacade   /tmp/SMT_key_upd1.props4525224176693231007.key took 0 ms to parse. 
601703     WARN  Test worker     d.u.i.k.n.ParsingFacade   Parsing time 1784 ms. 
601705     WARN  Test worker     d.u.i.k.n.ParsingFacade   /tmp/SMT_key_float1.props11600362284262163513.key took 0 ms to parse. 
601705     WARN  Test worker     d.u.i.k.n.ParsingFacade   Parsing time 1784 ms. 
602596     WARN  Test worker     d.u.i.k.n.ParsingFacade   file:/home/runner/work/key/key/key.core/build/resources/main/de/uka/ilkd/key/java/JavaRedux/java/lang/String.key took 1 ms to parse. 
602596     WARN  Test worker     d.u.i.k.n.ParsingFacade   Parsing time 1785 ms. 
604476     WARN  Test worker     d.u.i.k.n.ParsingFacade   /tmp/SMT_key_float1.props11600362284262163513.key took 0 ms to parse. 
604476     WARN  Test worker     d.u.i.k.n.ParsingFacade   Parsing time 1785 ms. 
604477     WARN  Test worker     d.u.i.k.n.ParsingFacade   /tmp/SMT_key_heap1.props11422917778864079002.key took 0 ms to parse. 
604477     WARN  Test worker     d.u.i.k.n.ParsingFacade   Parsing time 1785 ms. 
605343     WARN  Test worker     d.u.i.k.n.ParsingFacade   file:/home/runner/work/key/key/key.core/build/resources/main/de/uka/ilkd/key/java/JavaRedux/java/lang/String.key took 1 ms to parse. 
605343     WARN  Test worker     d.u.i.k.n.ParsingFacade   Parsing time 1786 ms. 
607258     WARN  Test worker     d.u.i.k.n.ParsingFacade   /tmp/SMT_key_heap1.props11422917778864079002.key took 0 ms to parse. 
607258     WARN  Test worker     d.u.i.k.n.ParsingFacade   Parsing time 1786 ms. 
607261     WARN  Test worker     d.u.i.k.n.ParsingFacade   /tmp/SMT_key_float.sqrt2.props18090476466550080223.key took 0 ms to parse. 
607261     WARN  Test worker     d.u.i.k.n.ParsingFacade   Parsing time 1786 ms. 
608140     WARN  Test worker     d.u.i.k.n.ParsingFacade   file:/home/runner/work/key/key/key.core/build/resources/main/de/uka/ilkd/key/java/JavaRedux/java/lang/String.key took 1 ms to parse. 
608140     WARN  Test worker     d.u.i.k.n.ParsingFacade   Parsing time 1787 ms. 
610023     WARN  Test worker     d.u.i.k.n.ParsingFacade   /tmp/SMT_key_float.sqrt2.props18090476466550080223.key took 1 ms to parse. 
610023     WARN  Test worker     d.u.i.k.n.ParsingFacade   Parsing time 1788 ms. 
610025     WARN  Test worker     d.u.i.k.n.ParsingFacade   /tmp/SMT_key_float.sinDouble.props16440568566652484648.key took 0 ms to parse. 
610025     WARN  Test worker     d.u.i.k.n.ParsingFacade   Parsing time 1788 ms. 
610888     WARN  Test worker     d.u.i.k.n.ParsingFacade   file:/home/runner/work/key/key/key.core/build/resources/main/de/uka/ilkd/key/java/JavaRedux/java/lang/String.key took 1 ms to parse. 
610888     WARN  Test worker     d.u.i.k.n.ParsingFacade   Parsing time 1789 ms. 
612783     WARN  Test worker     d.u.i.k.n.ParsingFacade   /tmp/SMT_key_float.sinDouble.props16440568566652484648.key took 0 ms to parse. 
612783     WARN  Test worker     d.u.i.k.n.ParsingFacade   Parsing time 1789 ms. 
612785     WARN  Test worker     d.u.i.k.n.ParsingFacade   /tmp/SMT_key_cast3.props9392362209039229036.key took 0 ms to parse. 
612785     WARN  Test worker     d.u.i.k.n.ParsingFacade   Parsing time 1789 ms. 
613628     WARN  Test worker     d.u.i.k.n.ParsingFacade   file:/home/runner/work/key/key/key.core/build/resources/main/de/uka/ilkd/key/java/JavaRedux/java/lang/String.key took 1 ms to parse. 
613628     WARN  Test worker     d.u.i.k.n.ParsingFacade   Parsing time 1790 ms. 
615533     WARN  Test worker     d.u.i.k.n.ParsingFacade   /tmp/SMT_key_cast3.props9392362209039229036.key took 0 ms to parse. 
615533     WARN  Test worker     d.u.i.k.n.ParsingFacade   Parsing time 1790 ms. 
615535     WARN  Test worker     d.u.i.k.n.ParsingFacade   /tmp/SMT_key_float.sqrt1.props9482457272857994103.key took 0 ms to parse. 
615535     WARN  Test worker     d.u.i.k.n.ParsingFacade   Parsing time 1790 ms. 
616397     WARN  Test worker     d.u.i.k.n.ParsingFacade   file:/home/runner/work/key/key/key.core/build/resources/main/de/uka/ilkd/key/java/JavaRedux/java/lang/String.key took 1 ms to parse. 
616397     WARN  Test worker     d.u.i.k.n.ParsingFacade   Parsing time 1791 ms. 
618278     WARN  Test worker     d.u.i.k.n.ParsingFacade   /tmp/SMT_key_float.sqrt1.props9482457272857994103.key took 0 ms to parse. 
618278     WARN  Test worker     d.u.i.k.n.ParsingFacade   Parsing time 1791 ms. 
618280     WARN  Test worker     d.u.i.k.n.ParsingFacade   /tmp/SMT_key_int1.props9298379357964568247.key took 0 ms to parse. 
618280     WARN  Test worker     d.u.i.k.n.ParsingFacade   Parsing time 1791 ms. 
619203     WARN  Test worker     d.u.i.k.n.ParsingFacade   file:/home/runner/work/key/key/key.core/build/resources/main/de/uka/ilkd/key/java/JavaRedux/java/lang/String.key took 1 ms to parse. 
619203     WARN  Test worker     d.u.i.k.n.ParsingFacade   Parsing time 1792 ms. 
621140     WARN  Test worker     d.u.i.k.n.ParsingFacade   /tmp/SMT_key_int1.props9298379357964568247.key took 0 ms to parse. 
621140     WARN  Test worker     d.u.i.k.n.ParsingFacade   Parsing time 1792 ms. 
621143     WARN  Test worker     d.u.i.k.n.ParsingFacade   /tmp/SMT_key_quant2.props16190680948168948793.key took 0 ms to parse. 
621143     WARN  Test worker     d.u.i.k.n.ParsingFacade   Parsing time 1792 ms. 
622008     WARN  Test worker     d.u.i.k.n.ParsingFacade   file:/home/runner/work/key/key/key.core/build/resources/main/de/uka/ilkd/key/java/JavaRedux/java/lang/String.key took 1 ms to parse. 
622008     WARN  Test worker     d.u.i.k.n.ParsingFacade   Parsing time 1793 ms. 
623880     WARN  Test worker     d.u.i.k.n.ParsingFacade   /tmp/SMT_key_quant2.props16190680948168948793.key took 0 ms to parse. 
623880     WARN  Test worker     d.u.i.k.n.ParsingFacade   Parsing time 1793 ms. 
623882     WARN  Test worker     d.u.i.k.n.ParsingFacade   /tmp/SMT_key_float.eq.props11581576209962504697.key took 0 ms to parse. 
623882     WARN  Test worker     d.u.i.k.n.ParsingFacade   Parsing time 1793 ms. 
624727     WARN  Test worker     d.u.i.k.n.ParsingFacade   file:/home/runner/work/key/key/key.core/build/resources/main/de/uka/ilkd/key/java/JavaRedux/java/lang/String.key took 1 ms to parse. 
624727     WARN  Test worker     d.u.i.k.n.ParsingFacade   Parsing time 1794 ms. 
626605     WARN  Test worker     d.u.i.k.n.ParsingFacade   /tmp/SMT_key_float.eq.props11581576209962504697.key took 0 ms to parse. 
626605     WARN  Test worker     d.u.i.k.n.ParsingFacade   Parsing time 1794 ms. 
626607     WARN  Test worker     d.u.i.k.n.ParsingFacade   /tmp/SMT_key_bool3.props6124849453053363548.key took 0 ms to parse. 
626607     WARN  Test worker     d.u.i.k.n.ParsingFacade   Parsing time 1794 ms. 
627469     WARN  Test worker     d.u.i.k.n.ParsingFacade   file:/home/runner/work/key/key/key.core/build/resources/main/de/uka/ilkd/key/java/JavaRedux/java/lang/String.key took 1 ms to parse. 
627469     WARN  Test worker     d.u.i.k.n.ParsingFacade   Parsing time 1795 ms. 
629365     WARN  Test worker     d.u.i.k.n.ParsingFacade   /tmp/SMT_key_bool3.props6124849453053363548.key took 0 ms to parse. 
629365     WARN  Test worker     d.u.i.k.n.ParsingFacade   Parsing time 1795 ms. 
629367     INFO  Test worker     d.u.i.k.s.n.MasterHandlerTest Test case has been marked ignore 
629368     WARN  Test worker     d.u.i.k.n.ParsingFacade   /tmp/SMT_key_types1.props7931290484030325226.key took 0 ms to parse. 
629369     WARN  Test worker     d.u.i.k.n.ParsingFacade   Parsing time 1795 ms. 
630224     WARN  Test worker     d.u.i.k.n.ParsingFacade   file:/home/runner/work/key/key/key.core/build/resources/main/de/uka/ilkd/key/java/JavaRedux/java/lang/String.key took 1 ms to parse. 
630224     WARN  Test worker     d.u.i.k.n.ParsingFacade   Parsing time 1796 ms. 
632172     WARN  Test worker     d.u.i.k.n.ParsingFacade   /tmp/SMT_key_types1.props7931290484030325226.key took 0 ms to parse. 
632172     WARN  Test worker     d.u.i.k.n.ParsingFacade   Parsing time 1796 ms. 
632174     WARN  Test worker     d.u.i.k.n.ParsingFacade   /tmp/SMT_key_cast1.props5762028662103611558.key took 0 ms to parse. 
632174     WARN  Test worker     d.u.i.k.n.ParsingFacade   Parsing time 1796 ms. 
633058     WARN  Test worker     d.u.i.k.n.ParsingFacade   file:/home/runner/work/key/key/key.core/build/resources/main/de/uka/ilkd/key/java/JavaRedux/java/lang/String.key took 1 ms to parse. 
633058     WARN  Test worker     d.u.i.k.n.ParsingFacade   Parsing time 1797 ms. 
634925     WARN  Test worker     d.u.i.k.n.ParsingFacade   /tmp/SMT_key_cast1.props5762028662103611558.key took 0 ms to parse. 
634925     WARN  Test worker     d.u.i.k.n.ParsingFacade   Parsing time 1797 ms. 
634926     INFO  Test worker     d.u.i.k.s.n.MasterHandlerTest Test case has been marked ignore 
634927     WARN  Test worker     d.u.i.k.n.ParsingFacade   /tmp/SMT_key_quant1.props6831679452135797076.key took 0 ms to parse. 
634927     WARN  Test worker     d.u.i.k.n.ParsingFacade   Parsing time 1797 ms. 
635792     WARN  Test worker     d.u.i.k.n.ParsingFacade   file:/home/runner/work/key/key/key.core/build/resources/main/de/uka/ilkd/key/java/JavaRedux/java/lang/String.key took 1 ms to parse. 
635792     WARN  Test worker     d.u.i.k.n.ParsingFacade   Parsing time 1798 ms. 
637657     WARN  Test worker     d.u.i.k.n.ParsingFacade   /tmp/SMT_key_quant1.props6831679452135797076.key took 0 ms to parse. 
637657     WARN  Test worker     d.u.i.k.n.ParsingFacade   Parsing time 1798 ms. 
637659     WARN  Test worker     d.u.i.k.n.ParsingFacade   /tmp/SMT_key_cast2.props9664755468363876898.key took 0 ms to parse. 
637659     WARN  Test worker     d.u.i.k.n.ParsingFacade   Parsing time 1798 ms. 
638515     WARN  Test worker     d.u.i.k.n.ParsingFacade   file:/home/runner/work/key/key/key.core/build/resources/main/de/uka/ilkd/key/java/JavaRedux/java/lang/String.key took 1 ms to parse. 
638515     WARN  Test worker     d.u.i.k.n.ParsingFacade   Parsing time 1799 ms. 
640441     WARN  Test worker     d.u.i.k.n.ParsingFacade   /tmp/SMT_key_cast2.props9664755468363876898.key took 0 ms to parse. 
640441     WARN  Test worker     d.u.i.k.n.ParsingFacade   Parsing time 1799 ms. 
640443     WARN  Test worker     d.u.i.k.n.ParsingFacade   /tmp/SMT_key_ex2.props13683382944004444564.key took 0 ms to parse. 
640443     WARN  Test worker     d.u.i.k.n.ParsingFacade   Parsing time 1799 ms. 
641343     WARN  Test worker     d.u.i.k.n.ParsingFacade   file:/home/runner/work/key/key/key.core/build/resources/main/de/uka/ilkd/key/java/JavaRedux/java/lang/String.key took 1 ms to parse. 
641343     WARN  Test worker     d.u.i.k.n.ParsingFacade   Parsing time 1800 ms. 
643224     WARN  Test worker     d.u.i.k.n.ParsingFacade   /tmp/SMT_key_ex2.props13683382944004444564.key took 0 ms to parse. 
643224     WARN  Test worker     d.u.i.k.n.ParsingFacade   Parsing time 1800 ms. 
643227     WARN  Test worker     d.u.i.k.n.ParsingFacade   /tmp/SMT_key_types2.props10204028511774328541.key took 0 ms to parse. 
643227     WARN  Test worker     d.u.i.k.n.ParsingFacade   Parsing time 1800 ms. 
644088     WARN  Test worker     d.u.i.k.n.ParsingFacade   file:/home/runner/work/key/key/key.core/build/resources/main/de/uka/ilkd/key/java/JavaRedux/java/lang/String.key took 1 ms to parse. 
644088     WARN  Test worker     d.u.i.k.n.ParsingFacade   Parsing time 1801 ms. 
646010     WARN  Test worker     d.u.i.k.n.ParsingFacade   /tmp/SMT_key_types2.props10204028511774328541.key took 0 ms to parse. 
646010     WARN  Test worker     d.u.i.k.n.ParsingFacade   Parsing time 1801 ms. 
646012     INFO  Test worker     d.u.i.k.s.n.MasterHandlerTest SMT2 for ite1.props  saved in: /tmp/SMT_key_ite1.props10777739233750743547.smt2 
646013     INFO  Test worker     d.u.i.k.s.n.MasterHandlerTest SMT2 for bool1.props  saved in: /tmp/SMT_key_bool1.props8747904889427207793.smt2 
646015     INFO  Test worker     d.u.i.k.s.n.MasterHandlerTest SMT2 for float2.props  saved in: /tmp/SMT_key_float2.props16985118646710807842.smt2 
646017     INFO  Test worker     d.u.i.k.s.n.MasterHandlerTest SMT2 for bool2.props  saved in: /tmp/SMT_key_bool2.props3865416099167069195.smt2 
646018     INFO  Test worker     d.u.i.k.s.n.MasterHandlerTest SMT2 for ex1.props  saved in: /tmp/SMT_key_ex1.props11670601588487862880.smt2 
646019     INFO  Test worker     d.u.i.k.s.n.MasterHandlerTest SMT2 for upd2.props  saved in: /tmp/SMT_key_upd2.props17799884129536092605.smt2 
646020     INFO  Test worker     d.u.i.k.s.n.MasterHandlerTest SMT2 for uninterpreted1.props  saved in: /tmp/SMT_key_uninterpreted1.props5209488989784283199.smt2 
646021     INFO  Test worker     d.u.i.k.s.n.MasterHandlerTest SMT2 for upd1.props  saved in: /tmp/SMT_key_upd1.props12192355058432639816.smt2 
646022     INFO  Test worker     d.u.i.k.s.n.MasterHandlerTest SMT2 for float1.props  saved in: /tmp/SMT_key_float1.props9351732843425624086.smt2 
646023     INFO  Test worker     d.u.i.k.s.n.MasterHandlerTest SMT2 for heap1.props  saved in: /tmp/SMT_key_heap1.props284318572507468162.smt2 
646024     INFO  Test worker     d.u.i.k.s.n.MasterHandlerTest SMT2 for float.sqrt2.props  saved in: /tmp/SMT_key_float.sqrt2.props15145994991664413386.smt2 
646024     INFO  Test worker     d.u.i.k.s.n.MasterHandlerTest SMT2 for float.sinDouble.props  saved in: /tmp/SMT_key_float.sinDouble.props14972008370505923376.smt2 
646025     INFO  Test worker     d.u.i.k.s.n.MasterHandlerTest SMT2 for cast3.props  saved in: /tmp/SMT_key_cast3.props7186774231815893433.smt2 
646026     INFO  Test worker     d.u.i.k.s.n.MasterHandlerTest SMT2 for float.sqrt1.props  saved in: /tmp/SMT_key_float.sqrt1.props8023826302008601771.smt2 
646027     INFO  Test worker     d.u.i.k.s.n.MasterHandlerTest SMT2 for int1.props  saved in: /tmp/SMT_key_int1.props5884284936368511989.smt2 
646028     INFO  Test worker     d.u.i.k.s.n.MasterHandlerTest SMT2 for quant2.props  saved in: /tmp/SMT_key_quant2.props10975883394627958711.smt2 
646029     INFO  Test worker     d.u.i.k.s.n.MasterHandlerTest SMT2 for float.eq.props  saved in: /tmp/SMT_key_float.eq.props1470146330499269682.smt2 
646030     INFO  Test worker     d.u.i.k.s.n.MasterHandlerTest SMT2 for bool3.props  saved in: /tmp/SMT_key_bool3.props6912004707255040628.smt2 
646030     INFO  Test worker     d.u.i.k.s.n.MasterHandlerTest SMT2 for types1.props  saved in: /tmp/SMT_key_types1.props14622938792051081808.smt2 
646031     INFO  Test worker     d.u.i.k.s.n.MasterHandlerTest SMT2 for cast1.props  saved in: /tmp/SMT_key_cast1.props5751316045325149889.smt2 
646032     INFO  Test worker     d.u.i.k.s.n.MasterHandlerTest SMT2 for quant1.props  saved in: /tmp/SMT_key_quant1.props8052200035832950576.smt2 
646033     INFO  Test worker     d.u.i.k.s.n.MasterHandlerTest SMT2 for cast2.props  saved in: /tmp/SMT_key_cast2.props8958044652866339765.smt2 
646035     INFO  Test worker     d.u.i.k.s.n.MasterHandlerTest SMT2 for ex2.props  saved in: /tmp/SMT_key_ex2.props13199128345949433044.smt2 
646036     INFO  Test worker     d.u.i.k.s.n.MasterHandlerTest SMT2 for types2.props  saved in: /tmp/SMT_key_types2.props146248169823769489.smt2 
]]></system-out>
  <system-err><![CDATA[]]></system-err>
</testsuite>
