<?xml version="1.0" encoding="UTF-8"?>
<testsuite name="de.uka.ilkd.key.java.TestContextStatementBlock" tests="1" skipped="0" failures="0" errors="0" timestamp="2023-04-18T01:07:55" hostname="fv-az615-467" time="1.1">
  <properties/>
  <testcase name="testContextTermInstantiation()" classname="de.uka.ilkd.key.java.TestContextStatementBlock" time="1.1"/>
  <system-out><![CDATA[21496      WARN  Test worker     d.u.i.k.n.ParsingFacade   file:/home/runner/work/key/key/key.core/build/resources/main/de/uka/ilkd/key/proof/rules/ldt.key took 0 ms to parse. 
21497      WARN  Test worker     d.u.i.k.n.ParsingFacade   Parsing time 129 ms. 
21498      WARN  Test worker     d.u.i.k.n.ParsingFacade   file:/home/runner/work/key/key/key.core/build/resources/main/de/uka/ilkd/key/proof/rules/boolean.key took 0 ms to parse. 
21500      WARN  Test worker     d.u.i.k.n.ParsingFacade   Parsing time 129 ms. 
21502      WARN  Test worker     d.u.i.k.n.ParsingFacade   file:/home/runner/work/key/key/key.core/build/resources/main/de/uka/ilkd/key/proof/rules/ruleSetsDeclarations.key took 1 ms to parse. 
21503      WARN  Test worker     d.u.i.k.n.ParsingFacade   Parsing time 130 ms. 
21505      WARN  Test worker     d.u.i.k.n.ParsingFacade   file:/home/runner/work/key/key/key.core/build/resources/main/de/uka/ilkd/key/proof/rules/integerHeader.key took 0 ms to parse. 
21507      WARN  Test worker     d.u.i.k.n.ParsingFacade   Parsing time 130 ms. 
21509      WARN  Test worker     d.u.i.k.n.ParsingFacade   file:/home/runner/work/key/key/key.core/build/resources/main/de/uka/ilkd/key/proof/rules/floatHeader.key took 1 ms to parse. 
21509      WARN  Test worker     d.u.i.k.n.ParsingFacade   Parsing time 131 ms. 
21510      WARN  Test worker     d.u.i.k.n.ParsingFacade   file:/home/runner/work/key/key/key.core/build/resources/main/de/uka/ilkd/key/proof/rules/heap.key took 0 ms to parse. 
21516      WARN  Test worker     d.u.i.k.n.ParsingFacade   Parsing time 131 ms. 
21517      WARN  Test worker     d.u.i.k.n.ParsingFacade   file:/home/runner/work/key/key/key.core/build/resources/main/de/uka/ilkd/key/proof/rules/locSets.key took 0 ms to parse. 
21518      WARN  Test worker     d.u.i.k.n.ParsingFacade   Parsing time 131 ms. 
21519      WARN  Test worker     d.u.i.k.n.ParsingFacade   file:/home/runner/work/key/key/key.core/build/resources/main/de/uka/ilkd/key/proof/rules/permission.key took 0 ms to parse. 
21519      WARN  Test worker     d.u.i.k.n.ParsingFacade   Parsing time 131 ms. 
21528      WARN  Test worker     d.u.i.k.n.ParsingFacade   file:/home/runner/work/key/key/key.core/build/resources/main/de/uka/ilkd/key/proof/rules/reach.key took 0 ms to parse. 
21529      WARN  Test worker     d.u.i.k.n.ParsingFacade   Parsing time 131 ms. 
21529      WARN  Test worker     d.u.i.k.n.ParsingFacade   file:/home/runner/work/key/key/key.core/build/resources/main/de/uka/ilkd/key/proof/rules/seq.key took 0 ms to parse. 
21530      WARN  Test worker     d.u.i.k.n.ParsingFacade   Parsing time 131 ms. 
21533      WARN  Test worker     d.u.i.k.n.ParsingFacade   file:/home/runner/work/key/key/key.core/build/resources/main/de/uka/ilkd/key/proof/rules/map.key took 3 ms to parse. 
21533      WARN  Test worker     d.u.i.k.n.ParsingFacade   Parsing time 134 ms. 
21534      WARN  Test worker     d.u.i.k.n.ParsingFacade   file:/home/runner/work/key/key/key.core/build/resources/main/de/uka/ilkd/key/proof/rules/freeADT.key took 1 ms to parse. 
21534      WARN  Test worker     d.u.i.k.n.ParsingFacade   Parsing time 135 ms. 
21534      WARN  Test worker     d.u.i.k.n.ParsingFacade   file:/home/runner/work/key/key/key.core/build/resources/main/de/uka/ilkd/key/proof/rules/wellfound.key took 0 ms to parse. 
21535      WARN  Test worker     d.u.i.k.n.ParsingFacade   Parsing time 135 ms. 
21535      WARN  Test worker     d.u.i.k.n.ParsingFacade   file:/home/runner/work/key/key/key.core/build/resources/main/de/uka/ilkd/key/proof/rules/charListHeader.key took 0 ms to parse. 
21535      WARN  Test worker     d.u.i.k.n.ParsingFacade   Parsing time 135 ms. 
21568      WARN  Test worker     d.u.i.k.n.ParsingFacade   /home/runner/work/key/key/key.core/src/test/resources/testcase/testrules.key took 3 ms to parse. 
21569      WARN  Test worker     d.u.i.k.n.ParsingFacade   Parsing time 138 ms. 
22472      WARN  Test worker     d.u.i.k.n.ParsingFacade   /home/runner/work/key/key/key.core/src/test/resources/testcase/testrules.key took 2 ms to parse. 
22473      WARN  Test worker     d.u.i.k.n.ParsingFacade   Parsing time 140 ms. 
22474      INFO  Test worker     d.u.i.k.n.KeyIO           Parsing took 4 ms 
22489      INFO  Test worker     d.u.i.k.n.KeyIO           MODE: declarations took 0 ms 
]]></system-out>
  <system-err><![CDATA[]]></system-err>
</testsuite>
