<?xml version="1.0" encoding="UTF-8"?>
<testsuite name="de.uka.ilkd.key.macros.scripts.TestProofScriptCommand" tests="7" skipped="0" failures="0" errors="0" timestamp="2023-04-18T01:10:18" hostname="fv-az615-467" time="19.535">
  <properties/>
  <testcase name="[1] unhide.props, /home/runner/work/key/key/key.core/build/resources/test/de/uka/ilkd/key/macros/scripts/cases/unhide.props" classname="de.uka.ilkd.key.macros.scripts.TestProofScriptCommand" time="2.795"/>
  <testcase name="[2] selectFormula.props, /home/runner/work/key/key/key.core/build/resources/test/de/uka/ilkd/key/macros/scripts/cases/selectFormula.props" classname="de.uka.ilkd.key.macros.scripts.TestProofScriptCommand" time="2.747"/>
  <testcase name="[3] hide.exc.props, /home/runner/work/key/key/key.core/build/resources/test/de/uka/ilkd/key/macros/scripts/cases/hide.exc.props" classname="de.uka.ilkd.key.macros.scripts.TestProofScriptCommand" time="2.834"/>
  <testcase name="[4] unhide2.props, /home/runner/work/key/key/key.core/build/resources/test/de/uka/ilkd/key/macros/scripts/cases/unhide2.props" classname="de.uka.ilkd.key.macros.scripts.TestProofScriptCommand" time="2.915"/>
  <testcase name="[5] rule.exc.props, /home/runner/work/key/key/key.core/build/resources/test/de/uka/ilkd/key/macros/scripts/cases/rule.exc.props" classname="de.uka.ilkd.key.macros.scripts.TestProofScriptCommand" time="2.723"/>
  <testcase name="[6] andRight.props, /home/runner/work/key/key/key.core/build/resources/test/de/uka/ilkd/key/macros/scripts/cases/andRight.props" classname="de.uka.ilkd.key.macros.scripts.TestProofScriptCommand" time="2.713"/>
  <testcase name="[7] hide.props, /home/runner/work/key/key/key.core/build/resources/test/de/uka/ilkd/key/macros/scripts/cases/hide.props" classname="de.uka.ilkd.key.macros.scripts.TestProofScriptCommand" time="2.803"/>
  <system-out><![CDATA[163935     WARN  Test worker     d.u.i.k.n.ParsingFacade   /tmp/proofscript_key_unhide.props8820357651799343438.key took 0 ms to parse. 
163936     WARN  Test worker     d.u.i.k.n.ParsingFacade   Parsing time 662 ms. 
164810     WARN  Test worker     d.u.i.k.n.ParsingFacade   file:/home/runner/work/key/key/key.core/build/resources/main/de/uka/ilkd/key/java/JavaRedux/java/lang/String.key took 1 ms to parse. 
164810     WARN  Test worker     d.u.i.k.n.ParsingFacade   Parsing time 663 ms. 
166708     WARN  Test worker     d.u.i.k.n.ParsingFacade   /tmp/proofscript_key_unhide.props8820357651799343438.key took 0 ms to parse. 
166709     WARN  Test worker     d.u.i.k.n.ParsingFacade   Parsing time 663 ms. 
166732     WARN  Test worker     d.u.i.k.n.ParsingFacade   /tmp/proofscript_key_selectFormula.props16519386930197436206.key took 0 ms to parse. 
166732     WARN  Test worker     d.u.i.k.n.ParsingFacade   Parsing time 663 ms. 
167593     WARN  Test worker     d.u.i.k.n.ParsingFacade   file:/home/runner/work/key/key/key.core/build/resources/main/de/uka/ilkd/key/java/JavaRedux/java/lang/String.key took 4 ms to parse. 
167594     WARN  Test worker     d.u.i.k.n.ParsingFacade   Parsing time 667 ms. 
169468     WARN  Test worker     d.u.i.k.n.ParsingFacade   /tmp/proofscript_key_selectFormula.props16519386930197436206.key took 0 ms to parse. 
169468     WARN  Test worker     d.u.i.k.n.ParsingFacade   Parsing time 667 ms. 
169478     WARN  Test worker     d.u.i.k.n.ParsingFacade   /tmp/proofscript_key_hide.exc.props134422603227105779.key took 0 ms to parse. 
169479     WARN  Test worker     d.u.i.k.n.ParsingFacade   Parsing time 667 ms. 
170365     WARN  Test worker     d.u.i.k.n.ParsingFacade   file:/home/runner/work/key/key/key.core/build/resources/main/de/uka/ilkd/key/java/JavaRedux/java/lang/String.key took 1 ms to parse. 
170365     WARN  Test worker     d.u.i.k.n.ParsingFacade   Parsing time 668 ms. 
172304     WARN  Test worker     d.u.i.k.n.ParsingFacade   /tmp/proofscript_key_hide.exc.props134422603227105779.key took 0 ms to parse. 
172304     WARN  Test worker     d.u.i.k.n.ParsingFacade   Parsing time 668 ms. 
172314     WARN  Test worker     d.u.i.k.n.ParsingFacade   /tmp/proofscript_key_unhide2.props13189185592354606683.key took 0 ms to parse. 
172314     WARN  Test worker     d.u.i.k.n.ParsingFacade   Parsing time 668 ms. 
173238     WARN  Test worker     d.u.i.k.n.ParsingFacade   file:/home/runner/work/key/key/key.core/build/resources/main/de/uka/ilkd/key/java/JavaRedux/java/lang/String.key took 1 ms to parse. 
173238     WARN  Test worker     d.u.i.k.n.ParsingFacade   Parsing time 669 ms. 
175222     WARN  Test worker     d.u.i.k.n.ParsingFacade   /tmp/proofscript_key_unhide2.props13189185592354606683.key took 0 ms to parse. 
175222     WARN  Test worker     d.u.i.k.n.ParsingFacade   Parsing time 669 ms. 
175229     WARN  Test worker     d.u.i.k.n.ParsingFacade   /tmp/proofscript_key_rule.exc.props14186373385920867671.key took 0 ms to parse. 
175229     WARN  Test worker     d.u.i.k.n.ParsingFacade   Parsing time 669 ms. 
176104     WARN  Test worker     d.u.i.k.n.ParsingFacade   file:/home/runner/work/key/key/key.core/build/resources/main/de/uka/ilkd/key/java/JavaRedux/java/lang/String.key took 1 ms to parse. 
176104     WARN  Test worker     d.u.i.k.n.ParsingFacade   Parsing time 670 ms. 
177949     WARN  Test worker     d.u.i.k.n.ParsingFacade   /tmp/proofscript_key_rule.exc.props14186373385920867671.key took 0 ms to parse. 
177949     WARN  Test worker     d.u.i.k.n.ParsingFacade   Parsing time 670 ms. 
177952     WARN  Test worker     d.u.i.k.n.ParsingFacade   /tmp/proofscript_key_andRight.props5697506186825504165.key took 0 ms to parse. 
177952     WARN  Test worker     d.u.i.k.n.ParsingFacade   Parsing time 670 ms. 
178781     WARN  Test worker     d.u.i.k.n.ParsingFacade   file:/home/runner/work/key/key/key.core/build/resources/main/de/uka/ilkd/key/java/JavaRedux/java/lang/String.key took 1 ms to parse. 
178781     WARN  Test worker     d.u.i.k.n.ParsingFacade   Parsing time 671 ms. 
180662     WARN  Test worker     d.u.i.k.n.ParsingFacade   /tmp/proofscript_key_andRight.props5697506186825504165.key took 0 ms to parse. 
180662     WARN  Test worker     d.u.i.k.n.ParsingFacade   Parsing time 671 ms. 
180666     WARN  Test worker     d.u.i.k.n.ParsingFacade   /tmp/proofscript_key_hide.props14985093835694675103.key took 0 ms to parse. 
180666     WARN  Test worker     d.u.i.k.n.ParsingFacade   Parsing time 671 ms. 
181604     WARN  Test worker     d.u.i.k.n.ParsingFacade   file:/home/runner/work/key/key/key.core/build/resources/main/de/uka/ilkd/key/java/JavaRedux/java/lang/String.key took 1 ms to parse. 
181604     WARN  Test worker     d.u.i.k.n.ParsingFacade   Parsing time 672 ms. 
183458     WARN  Test worker     d.u.i.k.n.ParsingFacade   /tmp/proofscript_key_hide.props14985093835694675103.key took 0 ms to parse. 
183459     WARN  Test worker     d.u.i.k.n.ParsingFacade   Parsing time 672 ms. 
]]></system-out>
  <system-err><![CDATA[]]></system-err>
</testsuite>
