<?xml version="1.0" encoding="UTF-8"?>
<testsuite name="de.uka.ilkd.key.rule.tacletbuilder.TestTacletBuild" tests="5" skipped="0" failures="0" errors="0" timestamp="2023-04-18T01:16:02" hostname="fv-az615-467" time="3.686">
  <properties/>
  <testcase name="testSchemavariablesInAddrulesRespectPrefix()" classname="de.uka.ilkd.key.rule.tacletbuilder.TestTacletBuild" time="3.68"/>
  <testcase name="testUniquenessOfIfAndFindVarSVBothInIf()" classname="de.uka.ilkd.key.rule.tacletbuilder.TestTacletBuild" time="0.0"/>
  <testcase name="test0()" classname="de.uka.ilkd.key.rule.tacletbuilder.TestTacletBuild" time="0.001"/>
  <testcase name="testUniquenessOfIfAndFindVarSVsInFind()" classname="de.uka.ilkd.key.rule.tacletbuilder.TestTacletBuild" time="0.001"/>
  <testcase name="testUniquenessOfIfAndFindVarSVsInIfAndFind()" classname="de.uka.ilkd.key.rule.tacletbuilder.TestTacletBuild" time="0.0"/>
  <system-out><![CDATA[508729     WARN  Test worker     d.u.i.k.n.ParsingFacade   file:/home/runner/work/key/key/key.core/build/resources/main/de/uka/ilkd/key/proof/rules/ldt.key took 0 ms to parse. 
508729     WARN  Test worker     d.u.i.k.n.ParsingFacade   Parsing time 1642 ms. 
508729     WARN  Test worker     d.u.i.k.n.ParsingFacade   file:/home/runner/work/key/key/key.core/build/resources/main/de/uka/ilkd/key/proof/rules/boolean.key took 0 ms to parse. 
508729     WARN  Test worker     d.u.i.k.n.ParsingFacade   Parsing time 1642 ms. 
508730     WARN  Test worker     d.u.i.k.n.ParsingFacade   file:/home/runner/work/key/key/key.core/build/resources/main/de/uka/ilkd/key/proof/rules/ruleSetsDeclarations.key took 1 ms to parse. 
508730     WARN  Test worker     d.u.i.k.n.ParsingFacade   Parsing time 1643 ms. 
508731     WARN  Test worker     d.u.i.k.n.ParsingFacade   file:/home/runner/work/key/key/key.core/build/resources/main/de/uka/ilkd/key/proof/rules/integerHeader.key took 0 ms to parse. 
508731     WARN  Test worker     d.u.i.k.n.ParsingFacade   Parsing time 1643 ms. 
508731     WARN  Test worker     d.u.i.k.n.ParsingFacade   file:/home/runner/work/key/key/key.core/build/resources/main/de/uka/ilkd/key/proof/rules/floatHeader.key took 0 ms to parse. 
508732     WARN  Test worker     d.u.i.k.n.ParsingFacade   Parsing time 1643 ms. 
508732     WARN  Test worker     d.u.i.k.n.ParsingFacade   file:/home/runner/work/key/key/key.core/build/resources/main/de/uka/ilkd/key/proof/rules/heap.key took 0 ms to parse. 
508732     WARN  Test worker     d.u.i.k.n.ParsingFacade   Parsing time 1643 ms. 
508732     WARN  Test worker     d.u.i.k.n.ParsingFacade   file:/home/runner/work/key/key/key.core/build/resources/main/de/uka/ilkd/key/proof/rules/locSets.key took 0 ms to parse. 
508732     WARN  Test worker     d.u.i.k.n.ParsingFacade   Parsing time 1643 ms. 
508732     WARN  Test worker     d.u.i.k.n.ParsingFacade   file:/home/runner/work/key/key/key.core/build/resources/main/de/uka/ilkd/key/proof/rules/permission.key took 0 ms to parse. 
508732     WARN  Test worker     d.u.i.k.n.ParsingFacade   Parsing time 1643 ms. 
508732     WARN  Test worker     d.u.i.k.n.ParsingFacade   file:/home/runner/work/key/key/key.core/build/resources/main/de/uka/ilkd/key/proof/rules/reach.key took 0 ms to parse. 
508732     WARN  Test worker     d.u.i.k.n.ParsingFacade   Parsing time 1643 ms. 
508732     WARN  Test worker     d.u.i.k.n.ParsingFacade   file:/home/runner/work/key/key/key.core/build/resources/main/de/uka/ilkd/key/proof/rules/seq.key took 0 ms to parse. 
508732     WARN  Test worker     d.u.i.k.n.ParsingFacade   Parsing time 1643 ms. 
508733     WARN  Test worker     d.u.i.k.n.ParsingFacade   file:/home/runner/work/key/key/key.core/build/resources/main/de/uka/ilkd/key/proof/rules/map.key took 1 ms to parse. 
508733     WARN  Test worker     d.u.i.k.n.ParsingFacade   Parsing time 1644 ms. 
508734     WARN  Test worker     d.u.i.k.n.ParsingFacade   file:/home/runner/work/key/key/key.core/build/resources/main/de/uka/ilkd/key/proof/rules/freeADT.key took 0 ms to parse. 
508734     WARN  Test worker     d.u.i.k.n.ParsingFacade   Parsing time 1644 ms. 
508734     WARN  Test worker     d.u.i.k.n.ParsingFacade   file:/home/runner/work/key/key/key.core/build/resources/main/de/uka/ilkd/key/proof/rules/wellfound.key took 0 ms to parse. 
508734     WARN  Test worker     d.u.i.k.n.ParsingFacade   Parsing time 1644 ms. 
508734     WARN  Test worker     d.u.i.k.n.ParsingFacade   file:/home/runner/work/key/key/key.core/build/resources/main/de/uka/ilkd/key/proof/rules/charListHeader.key took 0 ms to parse. 
508734     WARN  Test worker     d.u.i.k.n.ParsingFacade   Parsing time 1644 ms. 
508739     WARN  Test worker     d.u.i.k.n.ParsingFacade   /home/runner/work/key/key/key.core/src/test/resources/testcase/testrules.key took 0 ms to parse. 
508739     WARN  Test worker     d.u.i.k.n.ParsingFacade   Parsing time 1644 ms. 
509594     WARN  Test worker     d.u.i.k.n.ParsingFacade   /home/runner/work/key/key/key.core/src/test/resources/testcase/testrules.key took 1 ms to parse. 
509594     WARN  Test worker     d.u.i.k.n.ParsingFacade   Parsing time 1645 ms. 
509594     INFO  Test worker     d.u.i.k.n.KeyIO           Parsing took 1 ms 
509595     INFO  Test worker     d.u.i.k.n.KeyIO           MODE: declarations took 0 ms 
509619     WARN  Test worker     d.u.i.k.n.ParsingFacade   file:/home/runner/work/key/key/key.core/build/resources/main/de/uka/ilkd/key/proof/rules/ldt.key took 0 ms to parse. 
509619     WARN  Test worker     d.u.i.k.n.ParsingFacade   Parsing time 1645 ms. 
509619     WARN  Test worker     d.u.i.k.n.ParsingFacade   file:/home/runner/work/key/key/key.core/build/resources/main/de/uka/ilkd/key/proof/rules/boolean.key took 0 ms to parse. 
509619     WARN  Test worker     d.u.i.k.n.ParsingFacade   Parsing time 1645 ms. 
509620     WARN  Test worker     d.u.i.k.n.ParsingFacade   file:/home/runner/work/key/key/key.core/build/resources/main/de/uka/ilkd/key/proof/rules/ruleSetsDeclarations.key took 1 ms to parse. 
509620     WARN  Test worker     d.u.i.k.n.ParsingFacade   Parsing time 1646 ms. 
509621     WARN  Test worker     d.u.i.k.n.ParsingFacade   file:/home/runner/work/key/key/key.core/build/resources/main/de/uka/ilkd/key/proof/rules/integerHeader.key took 1 ms to parse. 
509621     WARN  Test worker     d.u.i.k.n.ParsingFacade   Parsing time 1647 ms. 
509621     WARN  Test worker     d.u.i.k.n.ParsingFacade   file:/home/runner/work/key/key/key.core/build/resources/main/de/uka/ilkd/key/proof/rules/floatHeader.key took 0 ms to parse. 
509621     WARN  Test worker     d.u.i.k.n.ParsingFacade   Parsing time 1647 ms. 
509621     WARN  Test worker     d.u.i.k.n.ParsingFacade   file:/home/runner/work/key/key/key.core/build/resources/main/de/uka/ilkd/key/proof/rules/heap.key took 0 ms to parse. 
509621     WARN  Test worker     d.u.i.k.n.ParsingFacade   Parsing time 1647 ms. 
509622     WARN  Test worker     d.u.i.k.n.ParsingFacade   file:/home/runner/work/key/key/key.core/build/resources/main/de/uka/ilkd/key/proof/rules/locSets.key took 0 ms to parse. 
509622     WARN  Test worker     d.u.i.k.n.ParsingFacade   Parsing time 1647 ms. 
509622     WARN  Test worker     d.u.i.k.n.ParsingFacade   file:/home/runner/work/key/key/key.core/build/resources/main/de/uka/ilkd/key/proof/rules/permission.key took 0 ms to parse. 
509622     WARN  Test worker     d.u.i.k.n.ParsingFacade   Parsing time 1647 ms. 
509622     WARN  Test worker     d.u.i.k.n.ParsingFacade   file:/home/runner/work/key/key/key.core/build/resources/main/de/uka/ilkd/key/proof/rules/reach.key took 0 ms to parse. 
509622     WARN  Test worker     d.u.i.k.n.ParsingFacade   Parsing time 1647 ms. 
509622     WARN  Test worker     d.u.i.k.n.ParsingFacade   file:/home/runner/work/key/key/key.core/build/resources/main/de/uka/ilkd/key/proof/rules/seq.key took 0 ms to parse. 
509622     WARN  Test worker     d.u.i.k.n.ParsingFacade   Parsing time 1647 ms. 
509623     WARN  Test worker     d.u.i.k.n.ParsingFacade   file:/home/runner/work/key/key/key.core/build/resources/main/de/uka/ilkd/key/proof/rules/map.key took 1 ms to parse. 
509623     WARN  Test worker     d.u.i.k.n.ParsingFacade   Parsing time 1648 ms. 
509623     WARN  Test worker     d.u.i.k.n.ParsingFacade   file:/home/runner/work/key/key/key.core/build/resources/main/de/uka/ilkd/key/proof/rules/freeADT.key took 0 ms to parse. 
509623     WARN  Test worker     d.u.i.k.n.ParsingFacade   Parsing time 1648 ms. 
509623     WARN  Test worker     d.u.i.k.n.ParsingFacade   file:/home/runner/work/key/key/key.core/build/resources/main/de/uka/ilkd/key/proof/rules/wellfound.key took 0 ms to parse. 
509623     WARN  Test worker     d.u.i.k.n.ParsingFacade   Parsing time 1648 ms. 
509624     WARN  Test worker     d.u.i.k.n.ParsingFacade   file:/home/runner/work/key/key/key.core/build/resources/main/de/uka/ilkd/key/proof/rules/charListHeader.key took 0 ms to parse. 
509624     WARN  Test worker     d.u.i.k.n.ParsingFacade   Parsing time 1648 ms. 
509628     WARN  Test worker     d.u.i.k.n.ParsingFacade   /home/runner/work/key/key/key.core/src/test/resources/testcase/tacletprefix/schemaVarInAddruleRespectPrefix.key took 0 ms to parse. 
509628     WARN  Test worker     d.u.i.k.n.ParsingFacade   Parsing time 1648 ms. 
510520     WARN  Test worker     d.u.i.k.n.ParsingFacade   file:/home/runner/work/key/key/key.core/build/resources/main/de/uka/ilkd/key/java/JavaRedux/java/lang/String.key took 1 ms to parse. 
510520     WARN  Test worker     d.u.i.k.n.ParsingFacade   Parsing time 1649 ms. 
]]></system-out>
  <system-err><![CDATA[]]></system-err>
</testsuite>
