<?xml version="1.0" encoding="UTF-8"?>
<testsuite name="de.uka.ilkd.key.macros.scripts.meta.RewriteTest" tests="2" skipped="0" failures="0" errors="0" timestamp="2023-04-18T01:10:37" hostname="fv-az615-467" time="5.436">
  <properties/>
  <testcase name="testLessTransitive()" classname="de.uka.ilkd.key.macros.scripts.meta.RewriteTest" time="2.722"/>
  <testcase name="testTransitive()" classname="de.uka.ilkd.key.macros.scripts.meta.RewriteTest" time="2.714"/>
  <system-out><![CDATA[183471     WARN  Test worker     d.u.i.k.n.ParsingFacade   /home/runner/work/key/key/key.core/src/test/resources/testcase/scriptCommands/less_trans.key took 0 ms to parse. 
183471     WARN  Test worker     d.u.i.k.n.ParsingFacade   Parsing time 672 ms. 
184288     WARN  Test worker     d.u.i.k.n.ParsingFacade   file:/home/runner/work/key/key/key.core/build/resources/main/de/uka/ilkd/key/java/JavaRedux/java/lang/String.key took 2 ms to parse. 
184288     WARN  Test worker     d.u.i.k.n.ParsingFacade   Parsing time 674 ms. 
186184     WARN  Test worker     d.u.i.k.n.ParsingFacade   /home/runner/work/key/key/key.core/src/test/resources/testcase/scriptCommands/less_trans.key took 0 ms to parse. 
186184     WARN  Test worker     d.u.i.k.n.ParsingFacade   Parsing time 674 ms. 
186193     WARN  Test worker     d.u.i.k.n.ParsingFacade   /home/runner/work/key/key/key.core/src/test/resources/testcase/scriptCommands/transitive.key took 0 ms to parse. 
186193     WARN  Test worker     d.u.i.k.n.ParsingFacade   Parsing time 674 ms. 
187081     WARN  Test worker     d.u.i.k.n.ParsingFacade   file:/home/runner/work/key/key/key.core/build/resources/main/de/uka/ilkd/key/java/JavaRedux/java/lang/String.key took 3 ms to parse. 
187081     WARN  Test worker     d.u.i.k.n.ParsingFacade   Parsing time 677 ms. 
188900     WARN  Test worker     d.u.i.k.n.ParsingFacade   /home/runner/work/key/key/key.core/src/test/resources/testcase/scriptCommands/transitive.key took 0 ms to parse. 
188900     WARN  Test worker     d.u.i.k.n.ParsingFacade   Parsing time 677 ms. 
]]></system-out>
  <system-err><![CDATA[]]></system-err>
</testsuite>
