<?xml version="1.0" encoding="UTF-8"?>
<testsuite name="de.uka.ilkd.key.rule.merge.PredicateAbstractionLatticeTests" tests="3" skipped="0" failures="0" errors="0" timestamp="2023-04-18T01:15:57" hostname="fv-az615-467" time="5.629">
  <properties/>
  <testcase name="testToAndFromString()" classname="de.uka.ilkd.key.rule.merge.PredicateAbstractionLatticeTests" time="2.879"/>
  <testcase name="testCreateSignLatticeWithPredicates()" classname="de.uka.ilkd.key.rule.merge.PredicateAbstractionLatticeTests" time="2.75"/>
  <testcase name="testTrivialPredicatesLattice()" classname="de.uka.ilkd.key.rule.merge.PredicateAbstractionLatticeTests" time="0.0"/>
  <system-out><![CDATA[503091     WARN  Test worker     d.u.i.k.n.ParsingFacade   /home/runner/work/key/key/key.core/src/test/resources/testcase/merge/dummy.key took 0 ms to parse. 
503091     WARN  Test worker     d.u.i.k.n.ParsingFacade   Parsing time 1640 ms. 
504089     WARN  Test worker     d.u.i.k.n.ParsingFacade   file:/home/runner/work/key/key/key.core/build/resources/main/de/uka/ilkd/key/java/JavaRedux/java/lang/String.key took 1 ms to parse. 
504089     WARN  Test worker     d.u.i.k.n.ParsingFacade   Parsing time 1641 ms. 
505967     WARN  Test worker     d.u.i.k.n.ParsingFacade   /home/runner/work/key/key/key.core/src/test/resources/testcase/merge/dummy.key took 0 ms to parse. 
505967     WARN  Test worker     d.u.i.k.n.ParsingFacade   Parsing time 1641 ms. 
505971     WARN  Test worker     d.u.i.k.n.ParsingFacade   /home/runner/work/key/key/key.core/src/test/resources/testcase/merge/dummy.key took 0 ms to parse. 
505971     WARN  Test worker     d.u.i.k.n.ParsingFacade   Parsing time 1641 ms. 
506852     WARN  Test worker     d.u.i.k.n.ParsingFacade   file:/home/runner/work/key/key/key.core/build/resources/main/de/uka/ilkd/key/java/JavaRedux/java/lang/String.key took 1 ms to parse. 
506852     WARN  Test worker     d.u.i.k.n.ParsingFacade   Parsing time 1642 ms. 
508716     WARN  Test worker     d.u.i.k.n.ParsingFacade   /home/runner/work/key/key/key.core/src/test/resources/testcase/merge/dummy.key took 0 ms to parse. 
508716     WARN  Test worker     d.u.i.k.n.ParsingFacade   Parsing time 1642 ms. 
]]></system-out>
  <system-err><![CDATA[]]></system-err>
</testsuite>
