<?xml version="1.0" encoding="UTF-8"?>
<testsuite name="de.uka.ilkd.key.parser.TestParser" tests="5" skipped="1" failures="0" errors="0" timestamp="2023-04-18T01:12:15" hostname="fv-az615-467" time="4.619">
  <properties/>
  <testcase name="testConstantEvaluationError()" classname="de.uka.ilkd.key.parser.TestParser" time="0.897"/>
  <testcase name="testGenericSort()" classname="de.uka.ilkd.key.parser.TestParser" time="0.001"/>
  <testcase name="testIssue1566()" classname="de.uka.ilkd.key.parser.TestParser" time="2.812"/>
  <testcase name="testIssue39()" classname="de.uka.ilkd.key.parser.TestParser" time="0.906"/>
  <testcase name="testRelativeInclude()" classname="de.uka.ilkd.key.parser.TestParser" time="0.001">
    <skipped/>
  </testcase>
  <system-out><![CDATA[282447     WARN  Test worker     d.u.i.k.n.ParsingFacade   <unknown> took 0 ms to parse. 
282447     WARN  Test worker     d.u.i.k.n.ParsingFacade   Parsing time 1055 ms. 
282447     INFO  Test worker     d.u.i.k.n.KeyIO           Parsing took 0 ms 
282447     INFO  Test worker     d.u.i.k.n.KeyIO           MODE: declarations took 0 ms 
282449     WARN  Test worker     d.u.i.k.n.ParsingFacade   /home/runner/work/key/key/key.core/src/test/resources/testcase/issues/1566/a.key took 0 ms to parse. 
282449     WARN  Test worker     d.u.i.k.n.ParsingFacade   Parsing time 1055 ms. 
283364     WARN  Test worker     d.u.i.k.n.ParsingFacade   file:/home/runner/work/key/key/key.core/build/resources/main/de/uka/ilkd/key/java/JavaRedux/java/lang/String.key took 2 ms to parse. 
283364     WARN  Test worker     d.u.i.k.n.ParsingFacade   Parsing time 1057 ms. 
285259     WARN  Test worker     d.u.i.k.n.ParsingFacade   /home/runner/work/key/key/key.core/src/test/resources/testcase/issues/1566/a.key took 0 ms to parse. 
285259     WARN  Test worker     d.u.i.k.n.ParsingFacade   Parsing time 1057 ms. 
]]></system-out>
  <system-err><![CDATA[]]></system-err>
</testsuite>
