<?xml version="1.0" encoding="UTF-8"?>
<testsuite name="de.uka.ilkd.key.taclettranslation.TestTacletTranslator" tests="5" skipped="0" failures="0" errors="0" timestamp="2023-04-18T01:20:09" hostname="fv-az615-467" time="0.024">
  <properties/>
  <testcase name="testPropositional1()" classname="de.uka.ilkd.key.taclettranslation.TestTacletTranslator" time="0.003"/>
  <testcase name="testPropositional2()" classname="de.uka.ilkd.key.taclettranslation.TestTacletTranslator" time="0.001"/>
  <testcase name="testNegativePolarity()" classname="de.uka.ilkd.key.taclettranslation.TestTacletTranslator" time="0.001"/>
  <testcase name="testNoPolarity()" classname="de.uka.ilkd.key.taclettranslation.TestTacletTranslator" time="0.017"/>
  <testcase name="testPositivePolarity()" classname="de.uka.ilkd.key.taclettranslation.TestTacletTranslator" time="0.002"/>
  <system-out><![CDATA[755033     WARN  Test worker     d.u.i.k.n.ParsingFacade   <unknown> took 0 ms to parse. 
755033     WARN  Test worker     d.u.i.k.n.ParsingFacade   Parsing time 1947 ms. 
755033     INFO  Test worker     d.u.i.k.n.KeyIO           Parsing took 0 ms 
755033     INFO  Test worker     d.u.i.k.n.KeyIO           MODE: declarations took 0 ms 
755035     WARN  Test worker     d.u.i.k.n.ParsingFacade   <unknown> took 0 ms to parse. 
755035     WARN  Test worker     d.u.i.k.n.ParsingFacade   Parsing time 1947 ms. 
755035     INFO  Test worker     d.u.i.k.n.KeyIO           Parsing took 0 ms 
755035     INFO  Test worker     d.u.i.k.n.KeyIO           MODE: declarations took 0 ms 
755036     WARN  Test worker     d.u.i.k.n.ParsingFacade   <unknown> took 0 ms to parse. 
755036     WARN  Test worker     d.u.i.k.n.ParsingFacade   Parsing time 1947 ms. 
755036     INFO  Test worker     d.u.i.k.n.KeyIO           Parsing took 0 ms 
755036     INFO  Test worker     d.u.i.k.n.KeyIO           MODE: declarations took 0 ms 
755038     WARN  Test worker     d.u.i.k.n.ParsingFacade   <unknown> took 0 ms to parse. 
755038     WARN  Test worker     d.u.i.k.n.ParsingFacade   Parsing time 1947 ms. 
755038     INFO  Test worker     d.u.i.k.n.KeyIO           Parsing took 0 ms 
755038     INFO  Test worker     d.u.i.k.n.KeyIO           MODE: declarations took 0 ms 
755055     WARN  Test worker     d.u.i.k.n.ParsingFacade   <unknown> took 1 ms to parse. 
755055     WARN  Test worker     d.u.i.k.n.ParsingFacade   Parsing time 1948 ms. 
755055     INFO  Test worker     d.u.i.k.n.KeyIO           Parsing took 1 ms 
755055     INFO  Test worker     d.u.i.k.n.KeyIO           MODE: declarations took 0 ms 
]]></system-out>
  <system-err><![CDATA[]]></system-err>
</testsuite>
