<?xml version="1.0" encoding="UTF-8"?>
<testsuite name="de.uka.ilkd.key.parser.TestDeclParser" tests="14" skipped="2" failures="0" errors="0" timestamp="2023-04-18T01:10:55" hostname="fv-az615-467" time="10.544">
  <properties/>
  <testcase name="testGenericSortDecl1()" classname="de.uka.ilkd.key.parser.TestDeclParser" time="0.979"/>
  <testcase name="testGenericSortDecl2()" classname="de.uka.ilkd.key.parser.TestDeclParser" time="0.808"/>
  <testcase name="testGenericSortDecl3()" classname="de.uka.ilkd.key.parser.TestDeclParser" time="0.867"/>
  <testcase name="testGenericSortDecl4()" classname="de.uka.ilkd.key.parser.TestDeclParser" time="0.874"/>
  <testcase name="testGenericSortDecl5()" classname="de.uka.ilkd.key.parser.TestDeclParser" time="0.0">
    <skipped/>
  </testcase>
  <testcase name="testGenericSortDecl6()" classname="de.uka.ilkd.key.parser.TestDeclParser" time="0.795"/>
  <testcase name="testSortDecl()" classname="de.uka.ilkd.key.parser.TestDeclParser" time="0.893"/>
  <testcase name="testProxySortDecl()" classname="de.uka.ilkd.key.parser.TestDeclParser" time="0.912"/>
  <testcase name="testArrayDecl()" classname="de.uka.ilkd.key.parser.TestDeclParser" time="0.935"/>
  <testcase name="testAmbiguousDecls()" classname="de.uka.ilkd.key.parser.TestDeclParser" time="0.0">
    <skipped/>
  </testcase>
  <testcase name="testHeurDecl()" classname="de.uka.ilkd.key.parser.TestDeclParser" time="0.861"/>
  <testcase name="testFunctionDecl()" classname="de.uka.ilkd.key.parser.TestDeclParser" time="0.896"/>
  <testcase name="testPredicateDecl()" classname="de.uka.ilkd.key.parser.TestDeclParser" time="0.882"/>
  <testcase name="testSVDecl()" classname="de.uka.ilkd.key.parser.TestDeclParser" time="0.838"/>
  <system-out><![CDATA[202506     WARN  Test worker     d.u.i.k.n.ParsingFacade   <unknown> took 0 ms to parse. 
202506     WARN  Test worker     d.u.i.k.n.ParsingFacade   Parsing time 925 ms. 
202506     INFO  Test worker     d.u.i.k.n.KeyIO           Parsing took 0 ms 
202506     INFO  Test worker     d.u.i.k.n.KeyIO           MODE: declarations took 0 ms 
203315     WARN  Test worker     d.u.i.k.n.ParsingFacade   <unknown> took 1 ms to parse. 
203315     WARN  Test worker     d.u.i.k.n.ParsingFacade   Parsing time 926 ms. 
203315     INFO  Test worker     d.u.i.k.n.KeyIO           Parsing took 1 ms 
203315     INFO  Test worker     d.u.i.k.n.KeyIO           MODE: declarations took 0 ms 
204181     WARN  Test worker     d.u.i.k.n.ParsingFacade   <unknown> took 0 ms to parse. 
204181     WARN  Test worker     d.u.i.k.n.ParsingFacade   Parsing time 926 ms. 
204181     INFO  Test worker     d.u.i.k.n.KeyIO           Parsing took 0 ms 
204182     INFO  Test worker     d.u.i.k.n.KeyIO           MODE: declarations took 0 ms 
205055     WARN  Test worker     d.u.i.k.n.ParsingFacade   <unknown> took 0 ms to parse. 
205055     WARN  Test worker     d.u.i.k.n.ParsingFacade   Parsing time 926 ms. 
205055     INFO  Test worker     d.u.i.k.n.KeyIO           Parsing took 0 ms 
205056     INFO  Test worker     d.u.i.k.n.KeyIO           MODE: declarations took 1 ms 
205850     WARN  Test worker     d.u.i.k.n.ParsingFacade   <unknown> took 0 ms to parse. 
205850     WARN  Test worker     d.u.i.k.n.ParsingFacade   Parsing time 926 ms. 
205850     INFO  Test worker     d.u.i.k.n.KeyIO           Parsing took 0 ms 
205851     INFO  Test worker     d.u.i.k.n.KeyIO           MODE: declarations took 0 ms 
206744     WARN  Test worker     d.u.i.k.n.ParsingFacade   <unknown> took 0 ms to parse. 
206744     WARN  Test worker     d.u.i.k.n.ParsingFacade   Parsing time 926 ms. 
206744     INFO  Test worker     d.u.i.k.n.KeyIO           Parsing took 0 ms 
206744     INFO  Test worker     d.u.i.k.n.KeyIO           MODE: declarations took 0 ms 
207656     WARN  Test worker     d.u.i.k.n.ParsingFacade   <unknown> took 0 ms to parse. 
207656     WARN  Test worker     d.u.i.k.n.ParsingFacade   Parsing time 926 ms. 
207656     INFO  Test worker     d.u.i.k.n.KeyIO           Parsing took 0 ms 
207657     INFO  Test worker     d.u.i.k.n.KeyIO           MODE: declarations took 1 ms 
208592     WARN  Test worker     d.u.i.k.n.ParsingFacade   <unknown> took 0 ms to parse. 
208592     WARN  Test worker     d.u.i.k.n.ParsingFacade   Parsing time 926 ms. 
208592     INFO  Test worker     d.u.i.k.n.KeyIO           Parsing took 0 ms 
208592     INFO  Test worker     d.u.i.k.n.KeyIO           MODE: declarations took 0 ms 
209455     WARN  Test worker     d.u.i.k.n.ParsingFacade   <unknown> took 0 ms to parse. 
209455     WARN  Test worker     d.u.i.k.n.ParsingFacade   Parsing time 926 ms. 
209455     INFO  Test worker     d.u.i.k.n.KeyIO           Parsing took 0 ms 
209455     INFO  Test worker     d.u.i.k.n.KeyIO           MODE: declarations took 0 ms 
210350     WARN  Test worker     d.u.i.k.n.ParsingFacade   <unknown> took 0 ms to parse. 
210351     WARN  Test worker     d.u.i.k.n.ParsingFacade   Parsing time 926 ms. 
210351     INFO  Test worker     d.u.i.k.n.KeyIO           Parsing took 1 ms 
210351     INFO  Test worker     d.u.i.k.n.KeyIO           MODE: declarations took 0 ms 
211233     WARN  Test worker     d.u.i.k.n.ParsingFacade   <unknown> took 0 ms to parse. 
211233     WARN  Test worker     d.u.i.k.n.ParsingFacade   Parsing time 926 ms. 
211233     INFO  Test worker     d.u.i.k.n.KeyIO           Parsing took 0 ms 
211233     INFO  Test worker     d.u.i.k.n.KeyIO           MODE: declarations took 0 ms 
212071     WARN  Test worker     d.u.i.k.n.ParsingFacade   <unknown> took 0 ms to parse. 
212071     WARN  Test worker     d.u.i.k.n.ParsingFacade   Parsing time 926 ms. 
212071     INFO  Test worker     d.u.i.k.n.KeyIO           Parsing took 0 ms 
212071     INFO  Test worker     d.u.i.k.n.KeyIO           MODE: declarations took 0 ms 
]]></system-out>
  <system-err><![CDATA[]]></system-err>
</testsuite>
