<?xml version="1.0" encoding="UTF-8"?>
<testsuite name="de.uka.ilkd.key.rule.TestMatchTaclet" tests="16" skipped="0" failures="0" errors="0" timestamp="2023-05-28T15:31:47" hostname="fv-az561-723" time="1.382">
  <properties/>
  <testcase name="testProgramMatch4()" classname="de.uka.ilkd.key.rule.TestMatchTaclet" time="1.349"/>
  <testcase name="testWithSubSortsTermSV()" classname="de.uka.ilkd.key.rule.TestMatchTaclet" time="0.001"/>
  <testcase name="testWithSubSortsVariableSV()" classname="de.uka.ilkd.key.rule.TestMatchTaclet" time="0.001"/>
  <testcase name="testUpdateMatch()" classname="de.uka.ilkd.key.rule.TestMatchTaclet" time="0.002"/>
  <testcase name="testBugsThathaveBeenRemoved()" classname="de.uka.ilkd.key.rule.TestMatchTaclet" time="0.004"/>
  <testcase name="testCloseWithBoundRenaming()" classname="de.uka.ilkd.key.rule.TestMatchTaclet" time="0.001"/>
  <testcase name="testInsequentStateRestriction()" classname="de.uka.ilkd.key.rule.TestMatchTaclet" time="0.001"/>
  <testcase name="testPrefixMatching()" classname="de.uka.ilkd.key.rule.TestMatchTaclet" time="0.002"/>
  <testcase name="testNoContextMatching()" classname="de.uka.ilkd.key.rule.TestMatchTaclet" time="0.001"/>
  <testcase name="testRWVarOccursInAddAndIf()" classname="de.uka.ilkd.key.rule.TestMatchTaclet" time="0.001"/>
  <testcase name="testConflict()" classname="de.uka.ilkd.key.rule.TestMatchTaclet" time="0.001"/>
  <testcase name="testProgramMatchEmptyBlock()" classname="de.uka.ilkd.key.rule.TestMatchTaclet" time="0.002"/>
  <testcase name="testRWVarOccursFindAndIf()" classname="de.uka.ilkd.key.rule.TestMatchTaclet" time="0.001"/>
  <testcase name="testXNotFreeInYConflict()" classname="de.uka.ilkd.key.rule.TestMatchTaclet" time="0.001"/>
  <testcase name="testVarOccursInIfAndAddRule()" classname="de.uka.ilkd.key.rule.TestMatchTaclet" time="0.009"/>
  <testcase name="testVarOccursInFindAndAddRule()" classname="de.uka.ilkd.key.rule.TestMatchTaclet" time="0.001"/>
  <system-out><![CDATA[505855     INFO  Test worker     d.u.i.k.n.KeyIO           Parsing took 2 ms 
505855     DEBUG Test worker     d.u.i.k.n.KeyIO           Load declarations of de.uka.ilkd.key.nparser.KeyAst$File:  /home/runner/work/key/key/key.core/src/test/resources/testcase/../de/uka/ilkd/key/rule/testRuleMatch.txt:8#1 
505856     INFO  Test worker     d.u.i.k.n.KeyIO           MODE: declarations took 1 ms 
505856     DEBUG Test worker     d.u.i.k.n.KeyIO           MODE: 2nd degree decls took 0 
505874     DEBUG Test worker     d.u.i.k.n.KeyIO           MODE: taclets took 17ms 
]]></system-out>
  <system-err><![CDATA[]]></system-err>
</testsuite>
