<?xml version="1.0" encoding="UTF-8"?>
<testsuite name="de.uka.ilkd.key.util.TestProofUserManager" tests="3" skipped="1" failures="0" errors="0" timestamp="2023-05-28T15:39:46" hostname="fv-az561-723" time="0.006">
  <properties/>
  <testcase name="testUserManagement_Environment()" classname="de.uka.ilkd.key.util.TestProofUserManager" time="0.005"/>
  <testcase name="testGetInstance()" classname="de.uka.ilkd.key.util.TestProofUserManager" time="0.001"/>
  <testcase name="testUserManagement_NoEnvironment()" classname="de.uka.ilkd.key.util.TestProofUserManager" time="0.0">
    <skipped/>
  </testcase>
  <system-out><![CDATA[]]></system-out>
  <system-err><![CDATA[]]></system-err>
</testsuite>
