<?xml version="1.0" encoding="UTF-8"?>
<testsuite name="de.uka.ilkd.key.java.TestContextStatementBlock" tests="1" skipped="0" failures="0" errors="0" timestamp="2023-05-28T15:23:47" hostname="fv-az561-723" time="1.318">
  <properties/>
  <testcase name="testContextTermInstantiation()" classname="de.uka.ilkd.key.java.TestContextStatementBlock" time="1.318"/>
  <system-out><![CDATA[25091      INFO  Test worker     d.u.i.k.n.KeyIO           Parsing took 4 ms 
25092      DEBUG Test worker     d.u.i.k.n.KeyIO           Load declarations of de.uka.ilkd.key.nparser.KeyAst$File:  /home/runner/work/key/key/key.core/src/test/resources/testcase/testrules.key:9#1 
25104      INFO  Test worker     d.u.i.k.n.KeyIO           MODE: declarations took 12 ms 
25104      DEBUG Test worker     d.u.i.k.n.KeyIO           MODE: 2nd degree decls took 0 
25185      DEBUG Test worker     d.u.i.k.n.KeyIO           MODE: taclets took 80ms 
]]></system-out>
  <system-err><![CDATA[]]></system-err>
</testsuite>
