<?xml version="1.0" encoding="UTF-8"?>
<testsuite name="de.uka.ilkd.key.parser.TestDeclParser" tests="14" skipped="2" failures="0" errors="0" timestamp="2023-05-28T15:27:18" hostname="fv-az561-723" time="12.658">
  <properties/>
  <testcase name="testGenericSortDecl1()" classname="de.uka.ilkd.key.parser.TestDeclParser" time="1.142"/>
  <testcase name="testGenericSortDecl2()" classname="de.uka.ilkd.key.parser.TestDeclParser" time="1.188"/>
  <testcase name="testGenericSortDecl3()" classname="de.uka.ilkd.key.parser.TestDeclParser" time="1.102"/>
  <testcase name="testGenericSortDecl4()" classname="de.uka.ilkd.key.parser.TestDeclParser" time="1.002"/>
  <testcase name="testGenericSortDecl5()" classname="de.uka.ilkd.key.parser.TestDeclParser" time="0.0">
    <skipped/>
  </testcase>
  <testcase name="testGenericSortDecl6()" classname="de.uka.ilkd.key.parser.TestDeclParser" time="1.066"/>
  <testcase name="testSortDecl()" classname="de.uka.ilkd.key.parser.TestDeclParser" time="1.066"/>
  <testcase name="testProxySortDecl()" classname="de.uka.ilkd.key.parser.TestDeclParser" time="1.065"/>
  <testcase name="testArrayDecl()" classname="de.uka.ilkd.key.parser.TestDeclParser" time="0.962"/>
  <testcase name="testAmbiguousDecls()" classname="de.uka.ilkd.key.parser.TestDeclParser" time="0.0">
    <skipped/>
  </testcase>
  <testcase name="testHeurDecl()" classname="de.uka.ilkd.key.parser.TestDeclParser" time="1.016"/>
  <testcase name="testFunctionDecl()" classname="de.uka.ilkd.key.parser.TestDeclParser" time="1.016"/>
  <testcase name="testPredicateDecl()" classname="de.uka.ilkd.key.parser.TestDeclParser" time="0.962"/>
  <testcase name="testSVDecl()" classname="de.uka.ilkd.key.parser.TestDeclParser" time="1.071"/>
  <system-out><![CDATA[236657     INFO  Test worker     d.u.i.k.n.KeyIO           Parsing took 0 ms 
236658     DEBUG Test worker     d.u.i.k.n.KeyIO           Load declarations of de.uka.ilkd.key.nparser.KeyAst$File:  <unknown>:1#1 
236658     INFO  Test worker     d.u.i.k.n.KeyIO           MODE: declarations took 0 ms 
236658     DEBUG Test worker     d.u.i.k.n.KeyIO           MODE: 2nd degree decls took 0 
236659     DEBUG Test worker     d.u.i.k.n.KeyIO           MODE: taclets took 0ms 
237845     INFO  Test worker     d.u.i.k.n.KeyIO           Parsing took 0 ms 
237846     DEBUG Test worker     d.u.i.k.n.KeyIO           Load declarations of de.uka.ilkd.key.nparser.KeyAst$File:  <unknown>:1#1 
237846     INFO  Test worker     d.u.i.k.n.KeyIO           MODE: declarations took 0 ms 
237847     DEBUG Test worker     d.u.i.k.n.KeyIO           MODE: 2nd degree decls took 0 
237847     DEBUG Test worker     d.u.i.k.n.KeyIO           MODE: taclets took 0ms 
238949     INFO  Test worker     d.u.i.k.n.KeyIO           Parsing took 0 ms 
238949     DEBUG Test worker     d.u.i.k.n.KeyIO           Load declarations of de.uka.ilkd.key.nparser.KeyAst$File:  <unknown>:1#1 
238950     INFO  Test worker     d.u.i.k.n.KeyIO           MODE: declarations took 1 ms 
238950     DEBUG Test worker     d.u.i.k.n.KeyIO           MODE: 2nd degree decls took 0 
238950     DEBUG Test worker     d.u.i.k.n.KeyIO           MODE: taclets took 0ms 
239951     INFO  Test worker     d.u.i.k.n.KeyIO           Parsing took 0 ms 
239952     DEBUG Test worker     d.u.i.k.n.KeyIO           Load declarations of de.uka.ilkd.key.nparser.KeyAst$File:  <unknown>:1#1 
239952     INFO  Test worker     d.u.i.k.n.KeyIO           MODE: declarations took 0 ms 
239952     DEBUG Test worker     d.u.i.k.n.KeyIO           MODE: 2nd degree decls took 0 
239952     DEBUG Test worker     d.u.i.k.n.KeyIO           MODE: taclets took 0ms 
241017     INFO  Test worker     d.u.i.k.n.KeyIO           Parsing took 0 ms 
241017     DEBUG Test worker     d.u.i.k.n.KeyIO           Load declarations of de.uka.ilkd.key.nparser.KeyAst$File:  <unknown>:1#1 
241017     INFO  Test worker     d.u.i.k.n.KeyIO           MODE: declarations took 0 ms 
241017     DEBUG Test worker     d.u.i.k.n.KeyIO           MODE: 2nd degree decls took 0 
241017     DEBUG Test worker     d.u.i.k.n.KeyIO           MODE: taclets took 0ms 
242083     INFO  Test worker     d.u.i.k.n.KeyIO           Parsing took 0 ms 
242083     DEBUG Test worker     d.u.i.k.n.KeyIO           Load declarations of de.uka.ilkd.key.nparser.KeyAst$File:  <unknown>:1#1 
242083     INFO  Test worker     d.u.i.k.n.KeyIO           MODE: declarations took 0 ms 
242083     DEBUG Test worker     d.u.i.k.n.KeyIO           MODE: 2nd degree decls took 0 
242083     DEBUG Test worker     d.u.i.k.n.KeyIO           MODE: taclets took 0ms 
243148     INFO  Test worker     d.u.i.k.n.KeyIO           Parsing took 0 ms 
243148     DEBUG Test worker     d.u.i.k.n.KeyIO           Load declarations of de.uka.ilkd.key.nparser.KeyAst$File:  <unknown>:1#1 
243149     INFO  Test worker     d.u.i.k.n.KeyIO           MODE: declarations took 1 ms 
243149     DEBUG Test worker     d.u.i.k.n.KeyIO           MODE: 2nd degree decls took 0 
243149     DEBUG Test worker     d.u.i.k.n.KeyIO           MODE: taclets took 0ms 
244106     INFO  Test worker     d.u.i.k.n.KeyIO           Parsing took 0 ms 
244106     DEBUG Test worker     d.u.i.k.n.KeyIO           Load declarations of de.uka.ilkd.key.nparser.KeyAst$File:  <unknown>:1#1 
244107     INFO  Test worker     d.u.i.k.n.KeyIO           MODE: declarations took 1 ms 
244110     DEBUG Test worker     d.u.i.k.n.KeyIO           MODE: 2nd degree decls took 3 
244110     DEBUG Test worker     d.u.i.k.n.KeyIO           MODE: taclets took 0ms 
245126     INFO  Test worker     d.u.i.k.n.KeyIO           Parsing took 1 ms 
245126     DEBUG Test worker     d.u.i.k.n.KeyIO           Load declarations of de.uka.ilkd.key.nparser.KeyAst$File:  <unknown>:1#1 
245126     INFO  Test worker     d.u.i.k.n.KeyIO           MODE: declarations took 0 ms 
245126     DEBUG Test worker     d.u.i.k.n.KeyIO           MODE: 2nd degree decls took 0 
245126     DEBUG Test worker     d.u.i.k.n.KeyIO           MODE: taclets took 0ms 
246141     INFO  Test worker     d.u.i.k.n.KeyIO           Parsing took 0 ms 
246142     DEBUG Test worker     d.u.i.k.n.KeyIO           Load declarations of de.uka.ilkd.key.nparser.KeyAst$File:  <unknown>:1#1 
246142     INFO  Test worker     d.u.i.k.n.KeyIO           MODE: declarations took 0 ms 
246142     DEBUG Test worker     d.u.i.k.n.KeyIO           MODE: 2nd degree decls took 0 
246142     DEBUG Test worker     d.u.i.k.n.KeyIO           MODE: taclets took 0ms 
247104     INFO  Test worker     d.u.i.k.n.KeyIO           Parsing took 0 ms 
247104     DEBUG Test worker     d.u.i.k.n.KeyIO           Load declarations of de.uka.ilkd.key.nparser.KeyAst$File:  <unknown>:1#1 
247104     INFO  Test worker     d.u.i.k.n.KeyIO           MODE: declarations took 0 ms 
247104     DEBUG Test worker     d.u.i.k.n.KeyIO           MODE: 2nd degree decls took 0 
247104     DEBUG Test worker     d.u.i.k.n.KeyIO           MODE: taclets took 0ms 
248174     INFO  Test worker     d.u.i.k.n.KeyIO           Parsing took 0 ms 
248174     DEBUG Test worker     d.u.i.k.n.KeyIO           Load declarations of de.uka.ilkd.key.nparser.KeyAst$File:  <unknown>:1#1 
248174     INFO  Test worker     d.u.i.k.n.KeyIO           MODE: declarations took 0 ms 
248174     DEBUG Test worker     d.u.i.k.n.KeyIO           MODE: 2nd degree decls took 0 
248175     DEBUG Test worker     d.u.i.k.n.KeyIO           MODE: taclets took 1ms 
]]></system-out>
  <system-err><![CDATA[]]></system-err>
</testsuite>
