<?xml version="1.0" encoding="UTF-8"?>
<testsuite name="de.uka.ilkd.key.parser.TestTermParserSorts" tests="2" skipped="0" failures="0" errors="0" timestamp="2023-05-28T15:31:18" hostname="fv-az561-723" time="3.378">
  <properties/>
  <testcase name="testParseIntegerArgs()" classname="de.uka.ilkd.key.parser.TestTermParserSorts" time="0.013"/>
  <testcase name="testParseSequencePrettySyntax()" classname="de.uka.ilkd.key.parser.TestTermParserSorts" time="0.002"/>
  <system-out><![CDATA[475378     INFO  Test worker     d.u.i.k.n.KeyIO           Parsing took 0 ms 
475378     DEBUG Test worker     d.u.i.k.n.KeyIO           Load declarations of de.uka.ilkd.key.nparser.KeyAst$File:  <unknown>:1#1 
475378     INFO  Test worker     d.u.i.k.n.KeyIO           MODE: declarations took 0 ms 
475378     DEBUG Test worker     d.u.i.k.n.KeyIO           MODE: 2nd degree decls took 0 
475378     INFO  Test worker     d.u.i.k.n.KeyIO           Parsing took 0 ms 
475378     DEBUG Test worker     d.u.i.k.n.KeyIO           Load declarations of de.uka.ilkd.key.nparser.KeyAst$File:  <unknown>:1#1 
475378     INFO  Test worker     d.u.i.k.n.KeyIO           MODE: declarations took 0 ms 
475378     DEBUG Test worker     d.u.i.k.n.KeyIO           MODE: 2nd degree decls took 0 
475378     INFO  Test worker     d.u.i.k.n.KeyIO           Parsing took 0 ms 
475378     DEBUG Test worker     d.u.i.k.n.KeyIO           Load declarations of de.uka.ilkd.key.nparser.KeyAst$File:  <unknown>:1#1 
475379     INFO  Test worker     d.u.i.k.n.KeyIO           MODE: declarations took 1 ms 
475379     DEBUG Test worker     d.u.i.k.n.KeyIO           MODE: 2nd degree decls took 0 
478755     INFO  Test worker     d.u.i.k.n.KeyIO           Parsing took 0 ms 
478755     DEBUG Test worker     d.u.i.k.n.KeyIO           Load declarations of de.uka.ilkd.key.nparser.KeyAst$File:  <unknown>:1#1 
478755     INFO  Test worker     d.u.i.k.n.KeyIO           MODE: declarations took 0 ms 
478755     DEBUG Test worker     d.u.i.k.n.KeyIO           MODE: 2nd degree decls took 0 
478755     INFO  Test worker     d.u.i.k.n.KeyIO           Parsing took 0 ms 
478755     DEBUG Test worker     d.u.i.k.n.KeyIO           Load declarations of de.uka.ilkd.key.nparser.KeyAst$File:  <unknown>:1#1 
478755     INFO  Test worker     d.u.i.k.n.KeyIO           MODE: declarations took 0 ms 
478755     DEBUG Test worker     d.u.i.k.n.KeyIO           MODE: 2nd degree decls took 0 
478755     INFO  Test worker     d.u.i.k.n.KeyIO           Parsing took 0 ms 
478755     DEBUG Test worker     d.u.i.k.n.KeyIO           Load declarations of de.uka.ilkd.key.nparser.KeyAst$File:  <unknown>:1#1 
478755     INFO  Test worker     d.u.i.k.n.KeyIO           MODE: declarations took 0 ms 
478755     DEBUG Test worker     d.u.i.k.n.KeyIO           MODE: 2nd degree decls took 0 
]]></system-out>
  <system-err><![CDATA[]]></system-err>
</testsuite>
