<?xml version="1.0" encoding="UTF-8"?>
<testsuite name="de.uka.ilkd.key.parser.TestTermParserHeap" tests="39" skipped="0" failures="0" errors="0" timestamp="2023-05-28T15:29:08" hostname="fv-az561-723" time="126.409">
  <properties/>
  <testcase name="testBracketHeapUpdate()" classname="de.uka.ilkd.key.parser.TestTermParserHeap" time="0.029"/>
  <testcase name="testStore()" classname="de.uka.ilkd.key.parser.TestTermParserHeap" time="0.009"/>
  <testcase name="testUnknownConstant()" classname="de.uka.ilkd.key.parser.TestTermParserHeap" time="0.002"/>
  <testcase name="testAllFieldsSelector()" classname="de.uka.ilkd.key.parser.TestTermParserHeap" time="0.001"/>
  <testcase name="testParsePrettyPrintedSelect()" classname="de.uka.ilkd.key.parser.TestTermParserHeap" time="0.002"/>
  <testcase name="testAccessStaticMembers()" classname="de.uka.ilkd.key.parser.TestTermParserHeap" time="0.02"/>
  <testcase name="testAtOperator_1()" classname="de.uka.ilkd.key.parser.TestTermParserHeap" time="0.001"/>
  <testcase name="testAtOperator_2()" classname="de.uka.ilkd.key.parser.TestTermParserHeap" time="0.001"/>
  <testcase name="testAtOperator_3()" classname="de.uka.ilkd.key.parser.TestTermParserHeap" time="0.005"/>
  <testcase name="testAtOperator_4()" classname="de.uka.ilkd.key.parser.TestTermParserHeap" time="0.004"/>
  <testcase name="testAtOperator_5()" classname="de.uka.ilkd.key.parser.TestTermParserHeap" time="0.003"/>
  <testcase name="testAtOperator_6()" classname="de.uka.ilkd.key.parser.TestTermParserHeap" time="0.006"/>
  <testcase name="testAtOperator_7()" classname="de.uka.ilkd.key.parser.TestTermParserHeap" time="0.002"/>
  <testcase name="testAtOperator_8()" classname="de.uka.ilkd.key.parser.TestTermParserHeap" time="0.003"/>
  <testcase name="testVerifyExceptionIfAtOperatorNotPreceededBySelectTerm()" classname="de.uka.ilkd.key.parser.TestTermParserHeap" time="0.002"/>
  <testcase name="testBugResettingCounter()" classname="de.uka.ilkd.key.parser.TestTermParserHeap" time="0.002"/>
  <testcase name="testLocationSets()" classname="de.uka.ilkd.key.parser.TestTermParserHeap" time="0.003"/>
  <testcase name="testQuantifiedSelect()" classname="de.uka.ilkd.key.parser.TestTermParserHeap" time="0.003"/>
  <testcase name="testGenericObjectProperties()" classname="de.uka.ilkd.key.parser.TestTermParserHeap" time="0.002"/>
  <testcase name="testQueryInheritance_1()" classname="de.uka.ilkd.key.parser.TestTermParserHeap" time="0.002"/>
  <testcase name="testQueryInheritance_2()" classname="de.uka.ilkd.key.parser.TestTermParserHeap" time="0.007"/>
  <testcase name="testQueryInheritance_3()" classname="de.uka.ilkd.key.parser.TestTermParserHeap" time="0.007"/>
  <testcase name="testQueryInheritance_4()" classname="de.uka.ilkd.key.parser.TestTermParserHeap" time="0.002"/>
  <testcase name="testQueryInheritance_5()" classname="de.uka.ilkd.key.parser.TestTermParserHeap" time="0.001"/>
  <testcase name="testQueryInheritance_6()" classname="de.uka.ilkd.key.parser.TestTermParserHeap" time="0.002"/>
  <testcase name="testQueryInheritance_7()" classname="de.uka.ilkd.key.parser.TestTermParserHeap" time="0.001"/>
  <testcase name="testQueryInheritance_8()" classname="de.uka.ilkd.key.parser.TestTermParserHeap" time="0.002"/>
  <testcase name="testQueryInheritance_9()" classname="de.uka.ilkd.key.parser.TestTermParserHeap" time="0.002"/>
  <testcase name="testQueryBasic_10()" classname="de.uka.ilkd.key.parser.TestTermParserHeap" time="0.001"/>
  <testcase name="testQueryBasic_11()" classname="de.uka.ilkd.key.parser.TestTermParserHeap" time="0.002"/>
  <testcase name="testQueryBasic_1()" classname="de.uka.ilkd.key.parser.TestTermParserHeap" time="0.001"/>
  <testcase name="testQueryBasic_2()" classname="de.uka.ilkd.key.parser.TestTermParserHeap" time="0.001"/>
  <testcase name="testQueryBasic_3()" classname="de.uka.ilkd.key.parser.TestTermParserHeap" time="0.002"/>
  <testcase name="testQueryBasic_4()" classname="de.uka.ilkd.key.parser.TestTermParserHeap" time="0.003"/>
  <testcase name="testQueryBasic_5()" classname="de.uka.ilkd.key.parser.TestTermParserHeap" time="0.002"/>
  <testcase name="testQueryBasic_6()" classname="de.uka.ilkd.key.parser.TestTermParserHeap" time="0.002"/>
  <testcase name="testQueryBasic_7()" classname="de.uka.ilkd.key.parser.TestTermParserHeap" time="0.002"/>
  <testcase name="testQueryBasic_8()" classname="de.uka.ilkd.key.parser.TestTermParserHeap" time="0.002"/>
  <testcase name="testQueryBasic_9()" classname="de.uka.ilkd.key.parser.TestTermParserHeap" time="0.001"/>
  <system-out><![CDATA[345568     INFO  Test worker     d.u.i.k.n.KeyIO           Parsing took 0 ms 
345568     DEBUG Test worker     d.u.i.k.n.KeyIO           Load declarations of de.uka.ilkd.key.nparser.KeyAst$File:  <unknown>:1#1 
345568     INFO  Test worker     d.u.i.k.n.KeyIO           MODE: declarations took 0 ms 
345568     DEBUG Test worker     d.u.i.k.n.KeyIO           MODE: 2nd degree decls took 0 
345568     INFO  Test worker     d.u.i.k.n.KeyIO           Parsing took 0 ms 
345568     DEBUG Test worker     d.u.i.k.n.KeyIO           Load declarations of de.uka.ilkd.key.nparser.KeyAst$File:  <unknown>:1#1 
345568     INFO  Test worker     d.u.i.k.n.KeyIO           MODE: declarations took 0 ms 
345569     DEBUG Test worker     d.u.i.k.n.KeyIO           MODE: 2nd degree decls took 0 
345569     INFO  Test worker     d.u.i.k.n.KeyIO           Parsing took 0 ms 
345569     DEBUG Test worker     d.u.i.k.n.KeyIO           Load declarations of de.uka.ilkd.key.nparser.KeyAst$File:  <unknown>:1#1 
345569     INFO  Test worker     d.u.i.k.n.KeyIO           MODE: declarations took 0 ms 
345569     DEBUG Test worker     d.u.i.k.n.KeyIO           MODE: 2nd degree decls took 0 
345569     INFO  Test worker     d.u.i.k.n.KeyIO           Parsing took 0 ms 
345569     DEBUG Test worker     d.u.i.k.n.KeyIO           Load declarations of de.uka.ilkd.key.nparser.KeyAst$File:  <unknown>:1#1 
345569     INFO  Test worker     d.u.i.k.n.KeyIO           MODE: declarations took 0 ms 
345569     DEBUG Test worker     d.u.i.k.n.KeyIO           MODE: 2nd degree decls took 0 
345569     INFO  Test worker     d.u.i.k.n.KeyIO           Parsing took 0 ms 
345569     DEBUG Test worker     d.u.i.k.n.KeyIO           Load declarations of de.uka.ilkd.key.nparser.KeyAst$File:  <unknown>:1#1 
345569     INFO  Test worker     d.u.i.k.n.KeyIO           MODE: declarations took 0 ms 
345569     DEBUG Test worker     d.u.i.k.n.KeyIO           MODE: 2nd degree decls took 0 
348978     INFO  Test worker     d.u.i.k.n.KeyIO           Parsing took 0 ms 
348978     DEBUG Test worker     d.u.i.k.n.KeyIO           Load declarations of de.uka.ilkd.key.nparser.KeyAst$File:  <unknown>:1#1 
348978     INFO  Test worker     d.u.i.k.n.KeyIO           MODE: declarations took 0 ms 
348978     DEBUG Test worker     d.u.i.k.n.KeyIO           MODE: 2nd degree decls took 0 
348978     INFO  Test worker     d.u.i.k.n.KeyIO           Parsing took 0 ms 
348978     DEBUG Test worker     d.u.i.k.n.KeyIO           Load declarations of de.uka.ilkd.key.nparser.KeyAst$File:  <unknown>:1#1 
348978     INFO  Test worker     d.u.i.k.n.KeyIO           MODE: declarations took 0 ms 
348978     DEBUG Test worker     d.u.i.k.n.KeyIO           MODE: 2nd degree decls took 0 
348978     INFO  Test worker     d.u.i.k.n.KeyIO           Parsing took 0 ms 
348978     DEBUG Test worker     d.u.i.k.n.KeyIO           Load declarations of de.uka.ilkd.key.nparser.KeyAst$File:  <unknown>:1#1 
348978     INFO  Test worker     d.u.i.k.n.KeyIO           MODE: declarations took 0 ms 
348978     DEBUG Test worker     d.u.i.k.n.KeyIO           MODE: 2nd degree decls took 0 
348979     INFO  Test worker     d.u.i.k.n.KeyIO           Parsing took 1 ms 
348979     DEBUG Test worker     d.u.i.k.n.KeyIO           Load declarations of de.uka.ilkd.key.nparser.KeyAst$File:  <unknown>:1#1 
348979     INFO  Test worker     d.u.i.k.n.KeyIO           MODE: declarations took 0 ms 
348979     DEBUG Test worker     d.u.i.k.n.KeyIO           MODE: 2nd degree decls took 0 
348979     INFO  Test worker     d.u.i.k.n.KeyIO           Parsing took 0 ms 
348979     DEBUG Test worker     d.u.i.k.n.KeyIO           Load declarations of de.uka.ilkd.key.nparser.KeyAst$File:  <unknown>:1#1 
348979     INFO  Test worker     d.u.i.k.n.KeyIO           MODE: declarations took 0 ms 
348979     DEBUG Test worker     d.u.i.k.n.KeyIO           MODE: 2nd degree decls took 0 
352354     INFO  Test worker     d.u.i.k.n.KeyIO           Parsing took 0 ms 
352354     DEBUG Test worker     d.u.i.k.n.KeyIO           Load declarations of de.uka.ilkd.key.nparser.KeyAst$File:  <unknown>:1#1 
352354     INFO  Test worker     d.u.i.k.n.KeyIO           MODE: declarations took 0 ms 
352354     DEBUG Test worker     d.u.i.k.n.KeyIO           MODE: 2nd degree decls took 0 
352354     INFO  Test worker     d.u.i.k.n.KeyIO           Parsing took 0 ms 
352354     DEBUG Test worker     d.u.i.k.n.KeyIO           Load declarations of de.uka.ilkd.key.nparser.KeyAst$File:  <unknown>:1#1 
352354     INFO  Test worker     d.u.i.k.n.KeyIO           MODE: declarations took 0 ms 
352354     DEBUG Test worker     d.u.i.k.n.KeyIO           MODE: 2nd degree decls took 0 
352354     INFO  Test worker     d.u.i.k.n.KeyIO           Parsing took 0 ms 
352354     DEBUG Test worker     d.u.i.k.n.KeyIO           Load declarations of de.uka.ilkd.key.nparser.KeyAst$File:  <unknown>:1#1 
352354     INFO  Test worker     d.u.i.k.n.KeyIO           MODE: declarations took 0 ms 
352354     DEBUG Test worker     d.u.i.k.n.KeyIO           MODE: 2nd degree decls took 0 
352354     INFO  Test worker     d.u.i.k.n.KeyIO           Parsing took 0 ms 
352354     DEBUG Test worker     d.u.i.k.n.KeyIO           Load declarations of de.uka.ilkd.key.nparser.KeyAst$File:  <unknown>:1#1 
352354     INFO  Test worker     d.u.i.k.n.KeyIO           MODE: declarations took 0 ms 
352354     DEBUG Test worker     d.u.i.k.n.KeyIO           MODE: 2nd degree decls took 0 
352354     INFO  Test worker     d.u.i.k.n.KeyIO           Parsing took 0 ms 
352354     DEBUG Test worker     d.u.i.k.n.KeyIO           Load declarations of de.uka.ilkd.key.nparser.KeyAst$File:  <unknown>:1#1 
352354     INFO  Test worker     d.u.i.k.n.KeyIO           MODE: declarations took 0 ms 
352354     DEBUG Test worker     d.u.i.k.n.KeyIO           MODE: 2nd degree decls took 0 
352355     INFO  Test worker     d.u.i.k.n.KeyIO           Parsing took 0 ms 
352355     DEBUG Test worker     d.u.i.k.n.KeyIO           Load declarations of de.uka.ilkd.key.nparser.KeyAst$File:  <unknown>:1#1 
352355     INFO  Test worker     d.u.i.k.n.KeyIO           MODE: declarations took 0 ms 
352355     DEBUG Test worker     d.u.i.k.n.KeyIO           MODE: 2nd degree decls took 0 
355739     INFO  Test worker     d.u.i.k.n.KeyIO           Parsing took 0 ms 
355739     DEBUG Test worker     d.u.i.k.n.KeyIO           Load declarations of de.uka.ilkd.key.nparser.KeyAst$File:  <unknown>:1#1 
355740     INFO  Test worker     d.u.i.k.n.KeyIO           MODE: declarations took 1 ms 
355740     DEBUG Test worker     d.u.i.k.n.KeyIO           MODE: 2nd degree decls took 0 
355740     INFO  Test worker     d.u.i.k.n.KeyIO           Parsing took 0 ms 
355740     DEBUG Test worker     d.u.i.k.n.KeyIO           Load declarations of de.uka.ilkd.key.nparser.KeyAst$File:  <unknown>:1#1 
355740     INFO  Test worker     d.u.i.k.n.KeyIO           MODE: declarations took 0 ms 
355740     DEBUG Test worker     d.u.i.k.n.KeyIO           MODE: 2nd degree decls took 0 
355740     INFO  Test worker     d.u.i.k.n.KeyIO           Parsing took 0 ms 
355740     DEBUG Test worker     d.u.i.k.n.KeyIO           Load declarations of de.uka.ilkd.key.nparser.KeyAst$File:  <unknown>:1#1 
355740     INFO  Test worker     d.u.i.k.n.KeyIO           MODE: declarations took 0 ms 
355740     DEBUG Test worker     d.u.i.k.n.KeyIO           MODE: 2nd degree decls took 0 
355740     INFO  Test worker     d.u.i.k.n.KeyIO           Parsing took 0 ms 
355740     DEBUG Test worker     d.u.i.k.n.KeyIO           Load declarations of de.uka.ilkd.key.nparser.KeyAst$File:  <unknown>:1#1 
355740     INFO  Test worker     d.u.i.k.n.KeyIO           MODE: declarations took 0 ms 
355740     DEBUG Test worker     d.u.i.k.n.KeyIO           MODE: 2nd degree decls took 0 
355740     INFO  Test worker     d.u.i.k.n.KeyIO           Parsing took 0 ms 
355740     DEBUG Test worker     d.u.i.k.n.KeyIO           Load declarations of de.uka.ilkd.key.nparser.KeyAst$File:  <unknown>:1#1 
355740     INFO  Test worker     d.u.i.k.n.KeyIO           MODE: declarations took 0 ms 
355740     DEBUG Test worker     d.u.i.k.n.KeyIO           MODE: 2nd degree decls took 0 
359154     INFO  Test worker     d.u.i.k.n.KeyIO           Parsing took 0 ms 
359154     DEBUG Test worker     d.u.i.k.n.KeyIO           Load declarations of de.uka.ilkd.key.nparser.KeyAst$File:  <unknown>:1#1 
359154     INFO  Test worker     d.u.i.k.n.KeyIO           MODE: declarations took 0 ms 
359154     DEBUG Test worker     d.u.i.k.n.KeyIO           MODE: 2nd degree decls took 0 
359154     INFO  Test worker     d.u.i.k.n.KeyIO           Parsing took 0 ms 
359154     DEBUG Test worker     d.u.i.k.n.KeyIO           Load declarations of de.uka.ilkd.key.nparser.KeyAst$File:  <unknown>:1#1 
359154     INFO  Test worker     d.u.i.k.n.KeyIO           MODE: declarations took 0 ms 
359154     DEBUG Test worker     d.u.i.k.n.KeyIO           MODE: 2nd degree decls took 0 
359154     INFO  Test worker     d.u.i.k.n.KeyIO           Parsing took 0 ms 
359154     DEBUG Test worker     d.u.i.k.n.KeyIO           Load declarations of de.uka.ilkd.key.nparser.KeyAst$File:  <unknown>:1#1 
359154     INFO  Test worker     d.u.i.k.n.KeyIO           MODE: declarations took 0 ms 
359154     DEBUG Test worker     d.u.i.k.n.KeyIO           MODE: 2nd degree decls took 0 
359154     INFO  Test worker     d.u.i.k.n.KeyIO           Parsing took 0 ms 
359154     DEBUG Test worker     d.u.i.k.n.KeyIO           Load declarations of de.uka.ilkd.key.nparser.KeyAst$File:  <unknown>:1#1 
359154     INFO  Test worker     d.u.i.k.n.KeyIO           MODE: declarations took 0 ms 
359154     DEBUG Test worker     d.u.i.k.n.KeyIO           MODE: 2nd degree decls took 0 
359154     INFO  Test worker     d.u.i.k.n.KeyIO           Parsing took 0 ms 
359154     DEBUG Test worker     d.u.i.k.n.KeyIO           Load declarations of de.uka.ilkd.key.nparser.KeyAst$File:  <unknown>:1#1 
359154     INFO  Test worker     d.u.i.k.n.KeyIO           MODE: declarations took 0 ms 
359154     DEBUG Test worker     d.u.i.k.n.KeyIO           MODE: 2nd degree decls took 0 
362507     INFO  Test worker     d.u.i.k.n.KeyIO           Parsing took 1 ms 
362507     DEBUG Test worker     d.u.i.k.n.KeyIO           Load declarations of de.uka.ilkd.key.nparser.KeyAst$File:  <unknown>:1#1 
362507     INFO  Test worker     d.u.i.k.n.KeyIO           MODE: declarations took 0 ms 
362507     DEBUG Test worker     d.u.i.k.n.KeyIO           MODE: 2nd degree decls took 0 
362507     INFO  Test worker     d.u.i.k.n.KeyIO           Parsing took 0 ms 
362507     DEBUG Test worker     d.u.i.k.n.KeyIO           Load declarations of de.uka.ilkd.key.nparser.KeyAst$File:  <unknown>:1#1 
362515     INFO  Test worker     d.u.i.k.n.KeyIO           MODE: declarations took 8 ms 
362515     DEBUG Test worker     d.u.i.k.n.KeyIO           MODE: 2nd degree decls took 0 
362515     INFO  Test worker     d.u.i.k.n.KeyIO           Parsing took 0 ms 
362515     DEBUG Test worker     d.u.i.k.n.KeyIO           Load declarations of de.uka.ilkd.key.nparser.KeyAst$File:  <unknown>:1#1 
362515     INFO  Test worker     d.u.i.k.n.KeyIO           MODE: declarations took 0 ms 
362515     DEBUG Test worker     d.u.i.k.n.KeyIO           MODE: 2nd degree decls took 0 
362515     INFO  Test worker     d.u.i.k.n.KeyIO           Parsing took 0 ms 
362515     DEBUG Test worker     d.u.i.k.n.KeyIO           Load declarations of de.uka.ilkd.key.nparser.KeyAst$File:  <unknown>:1#1 
362515     INFO  Test worker     d.u.i.k.n.KeyIO           MODE: declarations took 0 ms 
362515     DEBUG Test worker     d.u.i.k.n.KeyIO           MODE: 2nd degree decls took 0 
362515     INFO  Test worker     d.u.i.k.n.KeyIO           Parsing took 0 ms 
362515     DEBUG Test worker     d.u.i.k.n.KeyIO           Load declarations of de.uka.ilkd.key.nparser.KeyAst$File:  <unknown>:1#1 
362515     INFO  Test worker     d.u.i.k.n.KeyIO           MODE: declarations took 0 ms 
362515     DEBUG Test worker     d.u.i.k.n.KeyIO           MODE: 2nd degree decls took 0 
365719     INFO  Test worker     d.u.i.k.n.KeyIO           Parsing took 0 ms 
365719     DEBUG Test worker     d.u.i.k.n.KeyIO           Load declarations of de.uka.ilkd.key.nparser.KeyAst$File:  <unknown>:1#1 
365719     INFO  Test worker     d.u.i.k.n.KeyIO           MODE: declarations took 0 ms 
365719     DEBUG Test worker     d.u.i.k.n.KeyIO           MODE: 2nd degree decls took 0 
365719     INFO  Test worker     d.u.i.k.n.KeyIO           Parsing took 0 ms 
365719     DEBUG Test worker     d.u.i.k.n.KeyIO           Load declarations of de.uka.ilkd.key.nparser.KeyAst$File:  <unknown>:1#1 
365719     INFO  Test worker     d.u.i.k.n.KeyIO           MODE: declarations took 0 ms 
365719     DEBUG Test worker     d.u.i.k.n.KeyIO           MODE: 2nd degree decls took 0 
365719     INFO  Test worker     d.u.i.k.n.KeyIO           Parsing took 0 ms 
365719     DEBUG Test worker     d.u.i.k.n.KeyIO           Load declarations of de.uka.ilkd.key.nparser.KeyAst$File:  <unknown>:1#1 
365719     INFO  Test worker     d.u.i.k.n.KeyIO           MODE: declarations took 0 ms 
365719     DEBUG Test worker     d.u.i.k.n.KeyIO           MODE: 2nd degree decls took 0 
365719     INFO  Test worker     d.u.i.k.n.KeyIO           Parsing took 0 ms 
365719     DEBUG Test worker     d.u.i.k.n.KeyIO           Load declarations of de.uka.ilkd.key.nparser.KeyAst$File:  <unknown>:1#1 
365719     INFO  Test worker     d.u.i.k.n.KeyIO           MODE: declarations took 0 ms 
365719     DEBUG Test worker     d.u.i.k.n.KeyIO           MODE: 2nd degree decls took 0 
365719     INFO  Test worker     d.u.i.k.n.KeyIO           Parsing took 0 ms 
365719     DEBUG Test worker     d.u.i.k.n.KeyIO           Load declarations of de.uka.ilkd.key.nparser.KeyAst$File:  <unknown>:1#1 
365719     INFO  Test worker     d.u.i.k.n.KeyIO           MODE: declarations took 0 ms 
365719     DEBUG Test worker     d.u.i.k.n.KeyIO           MODE: 2nd degree decls took 0 
368904     INFO  Test worker     d.u.i.k.n.KeyIO           Parsing took 0 ms 
368905     DEBUG Test worker     d.u.i.k.n.KeyIO           Load declarations of de.uka.ilkd.key.nparser.KeyAst$File:  <unknown>:1#1 
368905     INFO  Test worker     d.u.i.k.n.KeyIO           MODE: declarations took 0 ms 
368905     DEBUG Test worker     d.u.i.k.n.KeyIO           MODE: 2nd degree decls took 0 
368905     INFO  Test worker     d.u.i.k.n.KeyIO           Parsing took 0 ms 
368905     DEBUG Test worker     d.u.i.k.n.KeyIO           Load declarations of de.uka.ilkd.key.nparser.KeyAst$File:  <unknown>:1#1 
368905     INFO  Test worker     d.u.i.k.n.KeyIO           MODE: declarations took 0 ms 
368905     DEBUG Test worker     d.u.i.k.n.KeyIO           MODE: 2nd degree decls took 0 
368905     INFO  Test worker     d.u.i.k.n.KeyIO           Parsing took 0 ms 
368905     DEBUG Test worker     d.u.i.k.n.KeyIO           Load declarations of de.uka.ilkd.key.nparser.KeyAst$File:  <unknown>:1#1 
368905     INFO  Test worker     d.u.i.k.n.KeyIO           MODE: declarations took 0 ms 
368905     DEBUG Test worker     d.u.i.k.n.KeyIO           MODE: 2nd degree decls took 0 
368905     INFO  Test worker     d.u.i.k.n.KeyIO           Parsing took 0 ms 
368905     DEBUG Test worker     d.u.i.k.n.KeyIO           Load declarations of de.uka.ilkd.key.nparser.KeyAst$File:  <unknown>:1#1 
368905     INFO  Test worker     d.u.i.k.n.KeyIO           MODE: declarations took 0 ms 
368905     DEBUG Test worker     d.u.i.k.n.KeyIO           MODE: 2nd degree decls took 0 
368905     INFO  Test worker     d.u.i.k.n.KeyIO           Parsing took 0 ms 
368905     DEBUG Test worker     d.u.i.k.n.KeyIO           Load declarations of de.uka.ilkd.key.nparser.KeyAst$File:  <unknown>:1#1 
368905     INFO  Test worker     d.u.i.k.n.KeyIO           MODE: declarations took 0 ms 
368905     DEBUG Test worker     d.u.i.k.n.KeyIO           MODE: 2nd degree decls took 0 
372043     INFO  Test worker     d.u.i.k.n.KeyIO           Parsing took 0 ms 
372043     DEBUG Test worker     d.u.i.k.n.KeyIO           Load declarations of de.uka.ilkd.key.nparser.KeyAst$File:  <unknown>:1#1 
372044     INFO  Test worker     d.u.i.k.n.KeyIO           MODE: declarations took 1 ms 
372044     DEBUG Test worker     d.u.i.k.n.KeyIO           MODE: 2nd degree decls took 0 
372044     INFO  Test worker     d.u.i.k.n.KeyIO           Parsing took 0 ms 
372044     DEBUG Test worker     d.u.i.k.n.KeyIO           Load declarations of de.uka.ilkd.key.nparser.KeyAst$File:  <unknown>:1#1 
372044     INFO  Test worker     d.u.i.k.n.KeyIO           MODE: declarations took 0 ms 
372046     DEBUG Test worker     d.u.i.k.n.KeyIO           MODE: 2nd degree decls took 0 
372046     INFO  Test worker     d.u.i.k.n.KeyIO           Parsing took 0 ms 
372046     DEBUG Test worker     d.u.i.k.n.KeyIO           Load declarations of de.uka.ilkd.key.nparser.KeyAst$File:  <unknown>:1#1 
372046     INFO  Test worker     d.u.i.k.n.KeyIO           MODE: declarations took 0 ms 
372046     DEBUG Test worker     d.u.i.k.n.KeyIO           MODE: 2nd degree decls took 0 
372046     INFO  Test worker     d.u.i.k.n.KeyIO           Parsing took 0 ms 
372046     DEBUG Test worker     d.u.i.k.n.KeyIO           Load declarations of de.uka.ilkd.key.nparser.KeyAst$File:  <unknown>:1#1 
372046     INFO  Test worker     d.u.i.k.n.KeyIO           MODE: declarations took 0 ms 
372046     DEBUG Test worker     d.u.i.k.n.KeyIO           MODE: 2nd degree decls took 0 
372046     INFO  Test worker     d.u.i.k.n.KeyIO           Parsing took 0 ms 
372046     DEBUG Test worker     d.u.i.k.n.KeyIO           Load declarations of de.uka.ilkd.key.nparser.KeyAst$File:  <unknown>:1#1 
372046     INFO  Test worker     d.u.i.k.n.KeyIO           MODE: declarations took 0 ms 
372046     DEBUG Test worker     d.u.i.k.n.KeyIO           MODE: 2nd degree decls took 0 
375335     INFO  Test worker     d.u.i.k.n.KeyIO           Parsing took 0 ms 
375335     DEBUG Test worker     d.u.i.k.n.KeyIO           Load declarations of de.uka.ilkd.key.nparser.KeyAst$File:  <unknown>:1#1 
375335     INFO  Test worker     d.u.i.k.n.KeyIO           MODE: declarations took 0 ms 
375335     DEBUG Test worker     d.u.i.k.n.KeyIO           MODE: 2nd degree decls took 0 
375335     INFO  Test worker     d.u.i.k.n.KeyIO           Parsing took 0 ms 
375335     DEBUG Test worker     d.u.i.k.n.KeyIO           Load declarations of de.uka.ilkd.key.nparser.KeyAst$File:  <unknown>:1#1 
375335     INFO  Test worker     d.u.i.k.n.KeyIO           MODE: declarations took 0 ms 
375335     DEBUG Test worker     d.u.i.k.n.KeyIO           MODE: 2nd degree decls took 0 
375335     INFO  Test worker     d.u.i.k.n.KeyIO           Parsing took 0 ms 
375335     DEBUG Test worker     d.u.i.k.n.KeyIO           Load declarations of de.uka.ilkd.key.nparser.KeyAst$File:  <unknown>:1#1 
375335     INFO  Test worker     d.u.i.k.n.KeyIO           MODE: declarations took 0 ms 
375335     DEBUG Test worker     d.u.i.k.n.KeyIO           MODE: 2nd degree decls took 0 
375335     INFO  Test worker     d.u.i.k.n.KeyIO           Parsing took 0 ms 
375335     DEBUG Test worker     d.u.i.k.n.KeyIO           Load declarations of de.uka.ilkd.key.nparser.KeyAst$File:  <unknown>:1#1 
375335     INFO  Test worker     d.u.i.k.n.KeyIO           MODE: declarations took 0 ms 
375335     DEBUG Test worker     d.u.i.k.n.KeyIO           MODE: 2nd degree decls took 0 
375335     INFO  Test worker     d.u.i.k.n.KeyIO           Parsing took 0 ms 
375335     DEBUG Test worker     d.u.i.k.n.KeyIO           Load declarations of de.uka.ilkd.key.nparser.KeyAst$File:  <unknown>:1#1 
375335     INFO  Test worker     d.u.i.k.n.KeyIO           MODE: declarations took 0 ms 
375335     DEBUG Test worker     d.u.i.k.n.KeyIO           MODE: 2nd degree decls took 0 
378601     INFO  Test worker     d.u.i.k.n.KeyIO           Parsing took 0 ms 
378601     DEBUG Test worker     d.u.i.k.n.KeyIO           Load declarations of de.uka.ilkd.key.nparser.KeyAst$File:  <unknown>:1#1 
378602     INFO  Test worker     d.u.i.k.n.KeyIO           MODE: declarations took 1 ms 
378602     DEBUG Test worker     d.u.i.k.n.KeyIO           MODE: 2nd degree decls took 0 
378602     INFO  Test worker     d.u.i.k.n.KeyIO           Parsing took 0 ms 
378602     DEBUG Test worker     d.u.i.k.n.KeyIO           Load declarations of de.uka.ilkd.key.nparser.KeyAst$File:  <unknown>:1#1 
378602     INFO  Test worker     d.u.i.k.n.KeyIO           MODE: declarations took 0 ms 
378602     DEBUG Test worker     d.u.i.k.n.KeyIO           MODE: 2nd degree decls took 0 
378602     INFO  Test worker     d.u.i.k.n.KeyIO           Parsing took 0 ms 
378602     DEBUG Test worker     d.u.i.k.n.KeyIO           Load declarations of de.uka.ilkd.key.nparser.KeyAst$File:  <unknown>:1#1 
378602     INFO  Test worker     d.u.i.k.n.KeyIO           MODE: declarations took 0 ms 
378602     DEBUG Test worker     d.u.i.k.n.KeyIO           MODE: 2nd degree decls took 0 
378602     INFO  Test worker     d.u.i.k.n.KeyIO           Parsing took 0 ms 
378602     DEBUG Test worker     d.u.i.k.n.KeyIO           Load declarations of de.uka.ilkd.key.nparser.KeyAst$File:  <unknown>:1#1 
378602     INFO  Test worker     d.u.i.k.n.KeyIO           MODE: declarations took 0 ms 
378602     DEBUG Test worker     d.u.i.k.n.KeyIO           MODE: 2nd degree decls took 0 
378602     INFO  Test worker     d.u.i.k.n.KeyIO           Parsing took 0 ms 
378602     DEBUG Test worker     d.u.i.k.n.KeyIO           Load declarations of de.uka.ilkd.key.nparser.KeyAst$File:  <unknown>:1#1 
378603     INFO  Test worker     d.u.i.k.n.KeyIO           MODE: declarations took 1 ms 
378603     DEBUG Test worker     d.u.i.k.n.KeyIO           MODE: 2nd degree decls took 0 
381901     INFO  Test worker     d.u.i.k.n.KeyIO           Parsing took 0 ms 
381901     DEBUG Test worker     d.u.i.k.n.KeyIO           Load declarations of de.uka.ilkd.key.nparser.KeyAst$File:  <unknown>:1#1 
381901     INFO  Test worker     d.u.i.k.n.KeyIO           MODE: declarations took 0 ms 
381901     DEBUG Test worker     d.u.i.k.n.KeyIO           MODE: 2nd degree decls took 0 
381901     INFO  Test worker     d.u.i.k.n.KeyIO           Parsing took 0 ms 
381901     DEBUG Test worker     d.u.i.k.n.KeyIO           Load declarations of de.uka.ilkd.key.nparser.KeyAst$File:  <unknown>:1#1 
381901     INFO  Test worker     d.u.i.k.n.KeyIO           MODE: declarations took 0 ms 
381901     DEBUG Test worker     d.u.i.k.n.KeyIO           MODE: 2nd degree decls took 0 
381902     INFO  Test worker     d.u.i.k.n.KeyIO           Parsing took 0 ms 
381902     DEBUG Test worker     d.u.i.k.n.KeyIO           Load declarations of de.uka.ilkd.key.nparser.KeyAst$File:  <unknown>:1#1 
381902     INFO  Test worker     d.u.i.k.n.KeyIO           MODE: declarations took 0 ms 
381902     DEBUG Test worker     d.u.i.k.n.KeyIO           MODE: 2nd degree decls took 0 
381903     INFO  Test worker     d.u.i.k.n.KeyIO           Parsing took 0 ms 
381903     DEBUG Test worker     d.u.i.k.n.KeyIO           Load declarations of de.uka.ilkd.key.nparser.KeyAst$File:  <unknown>:1#1 
381903     INFO  Test worker     d.u.i.k.n.KeyIO           MODE: declarations took 0 ms 
381903     DEBUG Test worker     d.u.i.k.n.KeyIO           MODE: 2nd degree decls took 0 
381904     INFO  Test worker     d.u.i.k.n.KeyIO           Parsing took 0 ms 
381904     DEBUG Test worker     d.u.i.k.n.KeyIO           Load declarations of de.uka.ilkd.key.nparser.KeyAst$File:  <unknown>:1#1 
381904     INFO  Test worker     d.u.i.k.n.KeyIO           MODE: declarations took 0 ms 
381905     DEBUG Test worker     d.u.i.k.n.KeyIO           MODE: 2nd degree decls took 0 
385239     INFO  Test worker     d.u.i.k.n.KeyIO           Parsing took 0 ms 
385239     DEBUG Test worker     d.u.i.k.n.KeyIO           Load declarations of de.uka.ilkd.key.nparser.KeyAst$File:  <unknown>:1#1 
385240     INFO  Test worker     d.u.i.k.n.KeyIO           MODE: declarations took 1 ms 
385240     DEBUG Test worker     d.u.i.k.n.KeyIO           MODE: 2nd degree decls took 0 
385240     INFO  Test worker     d.u.i.k.n.KeyIO           Parsing took 0 ms 
385240     DEBUG Test worker     d.u.i.k.n.KeyIO           Load declarations of de.uka.ilkd.key.nparser.KeyAst$File:  <unknown>:1#1 
385240     INFO  Test worker     d.u.i.k.n.KeyIO           MODE: declarations took 0 ms 
385240     DEBUG Test worker     d.u.i.k.n.KeyIO           MODE: 2nd degree decls took 0 
385240     INFO  Test worker     d.u.i.k.n.KeyIO           Parsing took 0 ms 
385240     DEBUG Test worker     d.u.i.k.n.KeyIO           Load declarations of de.uka.ilkd.key.nparser.KeyAst$File:  <unknown>:1#1 
385240     INFO  Test worker     d.u.i.k.n.KeyIO           MODE: declarations took 0 ms 
385240     DEBUG Test worker     d.u.i.k.n.KeyIO           MODE: 2nd degree decls took 0 
385240     INFO  Test worker     d.u.i.k.n.KeyIO           Parsing took 0 ms 
385240     DEBUG Test worker     d.u.i.k.n.KeyIO           Load declarations of de.uka.ilkd.key.nparser.KeyAst$File:  <unknown>:1#1 
385240     INFO  Test worker     d.u.i.k.n.KeyIO           MODE: declarations took 0 ms 
385240     DEBUG Test worker     d.u.i.k.n.KeyIO           MODE: 2nd degree decls took 0 
385240     INFO  Test worker     d.u.i.k.n.KeyIO           Parsing took 0 ms 
385240     DEBUG Test worker     d.u.i.k.n.KeyIO           Load declarations of de.uka.ilkd.key.nparser.KeyAst$File:  <unknown>:1#1 
385240     INFO  Test worker     d.u.i.k.n.KeyIO           MODE: declarations took 0 ms 
385240     DEBUG Test worker     d.u.i.k.n.KeyIO           MODE: 2nd degree decls took 0 
388537     INFO  Test worker     d.u.i.k.n.KeyIO           Parsing took 0 ms 
388537     DEBUG Test worker     d.u.i.k.n.KeyIO           Load declarations of de.uka.ilkd.key.nparser.KeyAst$File:  <unknown>:1#1 
388537     INFO  Test worker     d.u.i.k.n.KeyIO           MODE: declarations took 0 ms 
388537     DEBUG Test worker     d.u.i.k.n.KeyIO           MODE: 2nd degree decls took 0 
388537     INFO  Test worker     d.u.i.k.n.KeyIO           Parsing took 0 ms 
388537     DEBUG Test worker     d.u.i.k.n.KeyIO           Load declarations of de.uka.ilkd.key.nparser.KeyAst$File:  <unknown>:1#1 
388537     INFO  Test worker     d.u.i.k.n.KeyIO           MODE: declarations took 0 ms 
388537     DEBUG Test worker     d.u.i.k.n.KeyIO           MODE: 2nd degree decls took 0 
388537     INFO  Test worker     d.u.i.k.n.KeyIO           Parsing took 0 ms 
388537     DEBUG Test worker     d.u.i.k.n.KeyIO           Load declarations of de.uka.ilkd.key.nparser.KeyAst$File:  <unknown>:1#1 
388537     INFO  Test worker     d.u.i.k.n.KeyIO           MODE: declarations took 0 ms 
388537     DEBUG Test worker     d.u.i.k.n.KeyIO           MODE: 2nd degree decls took 0 
388537     INFO  Test worker     d.u.i.k.n.KeyIO           Parsing took 0 ms 
388537     DEBUG Test worker     d.u.i.k.n.KeyIO           Load declarations of de.uka.ilkd.key.nparser.KeyAst$File:  <unknown>:1#1 
388537     INFO  Test worker     d.u.i.k.n.KeyIO           MODE: declarations took 0 ms 
388537     DEBUG Test worker     d.u.i.k.n.KeyIO           MODE: 2nd degree decls took 0 
388537     INFO  Test worker     d.u.i.k.n.KeyIO           Parsing took 0 ms 
388537     DEBUG Test worker     d.u.i.k.n.KeyIO           Load declarations of de.uka.ilkd.key.nparser.KeyAst$File:  <unknown>:1#1 
388537     INFO  Test worker     d.u.i.k.n.KeyIO           MODE: declarations took 0 ms 
388537     DEBUG Test worker     d.u.i.k.n.KeyIO           MODE: 2nd degree decls took 0 
391889     INFO  Test worker     d.u.i.k.n.KeyIO           Parsing took 0 ms 
391890     DEBUG Test worker     d.u.i.k.n.KeyIO           Load declarations of de.uka.ilkd.key.nparser.KeyAst$File:  <unknown>:1#1 
391890     INFO  Test worker     d.u.i.k.n.KeyIO           MODE: declarations took 0 ms 
391890     DEBUG Test worker     d.u.i.k.n.KeyIO           MODE: 2nd degree decls took 0 
391890     INFO  Test worker     d.u.i.k.n.KeyIO           Parsing took 0 ms 
391890     DEBUG Test worker     d.u.i.k.n.KeyIO           Load declarations of de.uka.ilkd.key.nparser.KeyAst$File:  <unknown>:1#1 
391890     INFO  Test worker     d.u.i.k.n.KeyIO           MODE: declarations took 0 ms 
391890     DEBUG Test worker     d.u.i.k.n.KeyIO           MODE: 2nd degree decls took 0 
391890     INFO  Test worker     d.u.i.k.n.KeyIO           Parsing took 0 ms 
391890     DEBUG Test worker     d.u.i.k.n.KeyIO           Load declarations of de.uka.ilkd.key.nparser.KeyAst$File:  <unknown>:1#1 
391890     INFO  Test worker     d.u.i.k.n.KeyIO           MODE: declarations took 0 ms 
391890     DEBUG Test worker     d.u.i.k.n.KeyIO           MODE: 2nd degree decls took 0 
391890     INFO  Test worker     d.u.i.k.n.KeyIO           Parsing took 0 ms 
391890     DEBUG Test worker     d.u.i.k.n.KeyIO           Load declarations of de.uka.ilkd.key.nparser.KeyAst$File:  <unknown>:1#1 
391890     INFO  Test worker     d.u.i.k.n.KeyIO           MODE: declarations took 0 ms 
391890     DEBUG Test worker     d.u.i.k.n.KeyIO           MODE: 2nd degree decls took 0 
391890     INFO  Test worker     d.u.i.k.n.KeyIO           Parsing took 0 ms 
391890     DEBUG Test worker     d.u.i.k.n.KeyIO           Load declarations of de.uka.ilkd.key.nparser.KeyAst$File:  <unknown>:1#1 
391890     INFO  Test worker     d.u.i.k.n.KeyIO           MODE: declarations took 0 ms 
391890     DEBUG Test worker     d.u.i.k.n.KeyIO           MODE: 2nd degree decls took 0 
391891     WARN  Test worker     d.u.i.k.n.KeYParser       [syntax-error] <unknown>:1:11: mismatched input '@' expecting {'/', ':=', '.', '(', ')', '{', '[', '@', PARALLEL, OR, AND, IMP, '=', NOT_EQUALS, '%', '*', '-', '+', '>', GREATEREQUAL, '<', LESSEQUAL, LGUILLEMETS, EQV} [@11,11:11='@',<153>,1:11] (termEOF) 
395141     INFO  Test worker     d.u.i.k.n.KeyIO           Parsing took 0 ms 
395141     DEBUG Test worker     d.u.i.k.n.KeyIO           Load declarations of de.uka.ilkd.key.nparser.KeyAst$File:  <unknown>:1#1 
395141     INFO  Test worker     d.u.i.k.n.KeyIO           MODE: declarations took 0 ms 
395141     DEBUG Test worker     d.u.i.k.n.KeyIO           MODE: 2nd degree decls took 0 
395141     INFO  Test worker     d.u.i.k.n.KeyIO           Parsing took 0 ms 
395141     DEBUG Test worker     d.u.i.k.n.KeyIO           Load declarations of de.uka.ilkd.key.nparser.KeyAst$File:  <unknown>:1#1 
395141     INFO  Test worker     d.u.i.k.n.KeyIO           MODE: declarations took 0 ms 
395141     DEBUG Test worker     d.u.i.k.n.KeyIO           MODE: 2nd degree decls took 0 
395141     INFO  Test worker     d.u.i.k.n.KeyIO           Parsing took 0 ms 
395141     DEBUG Test worker     d.u.i.k.n.KeyIO           Load declarations of de.uka.ilkd.key.nparser.KeyAst$File:  <unknown>:1#1 
395141     INFO  Test worker     d.u.i.k.n.KeyIO           MODE: declarations took 0 ms 
395141     DEBUG Test worker     d.u.i.k.n.KeyIO           MODE: 2nd degree decls took 0 
395141     INFO  Test worker     d.u.i.k.n.KeyIO           Parsing took 0 ms 
395141     DEBUG Test worker     d.u.i.k.n.KeyIO           Load declarations of de.uka.ilkd.key.nparser.KeyAst$File:  <unknown>:1#1 
395141     INFO  Test worker     d.u.i.k.n.KeyIO           MODE: declarations took 0 ms 
395141     DEBUG Test worker     d.u.i.k.n.KeyIO           MODE: 2nd degree decls took 0 
395141     INFO  Test worker     d.u.i.k.n.KeyIO           Parsing took 0 ms 
395141     DEBUG Test worker     d.u.i.k.n.KeyIO           Load declarations of de.uka.ilkd.key.nparser.KeyAst$File:  <unknown>:1#1 
395142     INFO  Test worker     d.u.i.k.n.KeyIO           MODE: declarations took 1 ms 
395142     DEBUG Test worker     d.u.i.k.n.KeyIO           MODE: 2nd degree decls took 0 
398444     INFO  Test worker     d.u.i.k.n.KeyIO           Parsing took 0 ms 
398444     DEBUG Test worker     d.u.i.k.n.KeyIO           Load declarations of de.uka.ilkd.key.nparser.KeyAst$File:  <unknown>:1#1 
398444     INFO  Test worker     d.u.i.k.n.KeyIO           MODE: declarations took 0 ms 
398444     DEBUG Test worker     d.u.i.k.n.KeyIO           MODE: 2nd degree decls took 0 
398444     INFO  Test worker     d.u.i.k.n.KeyIO           Parsing took 0 ms 
398444     DEBUG Test worker     d.u.i.k.n.KeyIO           Load declarations of de.uka.ilkd.key.nparser.KeyAst$File:  <unknown>:1#1 
398444     INFO  Test worker     d.u.i.k.n.KeyIO           MODE: declarations took 0 ms 
398444     DEBUG Test worker     d.u.i.k.n.KeyIO           MODE: 2nd degree decls took 0 
398444     INFO  Test worker     d.u.i.k.n.KeyIO           Parsing took 0 ms 
398445     DEBUG Test worker     d.u.i.k.n.KeyIO           Load declarations of de.uka.ilkd.key.nparser.KeyAst$File:  <unknown>:1#1 
398445     INFO  Test worker     d.u.i.k.n.KeyIO           MODE: declarations took 0 ms 
398445     DEBUG Test worker     d.u.i.k.n.KeyIO           MODE: 2nd degree decls took 0 
398445     INFO  Test worker     d.u.i.k.n.KeyIO           Parsing took 0 ms 
398445     DEBUG Test worker     d.u.i.k.n.KeyIO           Load declarations of de.uka.ilkd.key.nparser.KeyAst$File:  <unknown>:1#1 
398445     INFO  Test worker     d.u.i.k.n.KeyIO           MODE: declarations took 0 ms 
398445     DEBUG Test worker     d.u.i.k.n.KeyIO           MODE: 2nd degree decls took 0 
398445     INFO  Test worker     d.u.i.k.n.KeyIO           Parsing took 0 ms 
398445     DEBUG Test worker     d.u.i.k.n.KeyIO           Load declarations of de.uka.ilkd.key.nparser.KeyAst$File:  <unknown>:1#1 
398445     INFO  Test worker     d.u.i.k.n.KeyIO           MODE: declarations took 0 ms 
398445     DEBUG Test worker     d.u.i.k.n.KeyIO           MODE: 2nd degree decls took 0 
401802     INFO  Test worker     d.u.i.k.n.KeyIO           Parsing took 0 ms 
401803     DEBUG Test worker     d.u.i.k.n.KeyIO           Load declarations of de.uka.ilkd.key.nparser.KeyAst$File:  <unknown>:1#1 
401803     INFO  Test worker     d.u.i.k.n.KeyIO           MODE: declarations took 0 ms 
401803     DEBUG Test worker     d.u.i.k.n.KeyIO           MODE: 2nd degree decls took 0 
401803     INFO  Test worker     d.u.i.k.n.KeyIO           Parsing took 0 ms 
401803     DEBUG Test worker     d.u.i.k.n.KeyIO           Load declarations of de.uka.ilkd.key.nparser.KeyAst$File:  <unknown>:1#1 
401803     INFO  Test worker     d.u.i.k.n.KeyIO           MODE: declarations took 0 ms 
401803     DEBUG Test worker     d.u.i.k.n.KeyIO           MODE: 2nd degree decls took 0 
401803     INFO  Test worker     d.u.i.k.n.KeyIO           Parsing took 0 ms 
401803     DEBUG Test worker     d.u.i.k.n.KeyIO           Load declarations of de.uka.ilkd.key.nparser.KeyAst$File:  <unknown>:1#1 
401803     INFO  Test worker     d.u.i.k.n.KeyIO           MODE: declarations took 0 ms 
401803     DEBUG Test worker     d.u.i.k.n.KeyIO           MODE: 2nd degree decls took 0 
401803     INFO  Test worker     d.u.i.k.n.KeyIO           Parsing took 0 ms 
401803     DEBUG Test worker     d.u.i.k.n.KeyIO           Load declarations of de.uka.ilkd.key.nparser.KeyAst$File:  <unknown>:1#1 
401803     INFO  Test worker     d.u.i.k.n.KeyIO           MODE: declarations took 0 ms 
401803     DEBUG Test worker     d.u.i.k.n.KeyIO           MODE: 2nd degree decls took 0 
401803     INFO  Test worker     d.u.i.k.n.KeyIO           Parsing took 0 ms 
401803     DEBUG Test worker     d.u.i.k.n.KeyIO           Load declarations of de.uka.ilkd.key.nparser.KeyAst$File:  <unknown>:1#1 
401803     INFO  Test worker     d.u.i.k.n.KeyIO           MODE: declarations took 0 ms 
401803     DEBUG Test worker     d.u.i.k.n.KeyIO           MODE: 2nd degree decls took 0 
405146     INFO  Test worker     d.u.i.k.n.KeyIO           Parsing took 0 ms 
405146     DEBUG Test worker     d.u.i.k.n.KeyIO           Load declarations of de.uka.ilkd.key.nparser.KeyAst$File:  <unknown>:1#1 
405146     INFO  Test worker     d.u.i.k.n.KeyIO           MODE: declarations took 0 ms 
405146     DEBUG Test worker     d.u.i.k.n.KeyIO           MODE: 2nd degree decls took 0 
405146     INFO  Test worker     d.u.i.k.n.KeyIO           Parsing took 0 ms 
405146     DEBUG Test worker     d.u.i.k.n.KeyIO           Load declarations of de.uka.ilkd.key.nparser.KeyAst$File:  <unknown>:1#1 
405146     INFO  Test worker     d.u.i.k.n.KeyIO           MODE: declarations took 0 ms 
405146     DEBUG Test worker     d.u.i.k.n.KeyIO           MODE: 2nd degree decls took 0 
405146     INFO  Test worker     d.u.i.k.n.KeyIO           Parsing took 0 ms 
405146     DEBUG Test worker     d.u.i.k.n.KeyIO           Load declarations of de.uka.ilkd.key.nparser.KeyAst$File:  <unknown>:1#1 
405146     INFO  Test worker     d.u.i.k.n.KeyIO           MODE: declarations took 0 ms 
405147     DEBUG Test worker     d.u.i.k.n.KeyIO           MODE: 2nd degree decls took 0 
405147     INFO  Test worker     d.u.i.k.n.KeyIO           Parsing took 0 ms 
405147     DEBUG Test worker     d.u.i.k.n.KeyIO           Load declarations of de.uka.ilkd.key.nparser.KeyAst$File:  <unknown>:1#1 
405147     INFO  Test worker     d.u.i.k.n.KeyIO           MODE: declarations took 0 ms 
405147     DEBUG Test worker     d.u.i.k.n.KeyIO           MODE: 2nd degree decls took 0 
405147     INFO  Test worker     d.u.i.k.n.KeyIO           Parsing took 0 ms 
405147     DEBUG Test worker     d.u.i.k.n.KeyIO           Load declarations of de.uka.ilkd.key.nparser.KeyAst$File:  <unknown>:1#1 
405147     INFO  Test worker     d.u.i.k.n.KeyIO           MODE: declarations took 0 ms 
405147     DEBUG Test worker     d.u.i.k.n.KeyIO           MODE: 2nd degree decls took 0 
408373     INFO  Test worker     d.u.i.k.n.KeyIO           Parsing took 0 ms 
408373     DEBUG Test worker     d.u.i.k.n.KeyIO           Load declarations of de.uka.ilkd.key.nparser.KeyAst$File:  <unknown>:1#1 
408373     INFO  Test worker     d.u.i.k.n.KeyIO           MODE: declarations took 0 ms 
408373     DEBUG Test worker     d.u.i.k.n.KeyIO           MODE: 2nd degree decls took 0 
408373     INFO  Test worker     d.u.i.k.n.KeyIO           Parsing took 0 ms 
408373     DEBUG Test worker     d.u.i.k.n.KeyIO           Load declarations of de.uka.ilkd.key.nparser.KeyAst$File:  <unknown>:1#1 
408373     INFO  Test worker     d.u.i.k.n.KeyIO           MODE: declarations took 0 ms 
408373     DEBUG Test worker     d.u.i.k.n.KeyIO           MODE: 2nd degree decls took 0 
408373     INFO  Test worker     d.u.i.k.n.KeyIO           Parsing took 0 ms 
408373     DEBUG Test worker     d.u.i.k.n.KeyIO           Load declarations of de.uka.ilkd.key.nparser.KeyAst$File:  <unknown>:1#1 
408373     INFO  Test worker     d.u.i.k.n.KeyIO           MODE: declarations took 0 ms 
408373     DEBUG Test worker     d.u.i.k.n.KeyIO           MODE: 2nd degree decls took 0 
408373     INFO  Test worker     d.u.i.k.n.KeyIO           Parsing took 0 ms 
408373     DEBUG Test worker     d.u.i.k.n.KeyIO           Load declarations of de.uka.ilkd.key.nparser.KeyAst$File:  <unknown>:1#1 
408373     INFO  Test worker     d.u.i.k.n.KeyIO           MODE: declarations took 0 ms 
408373     DEBUG Test worker     d.u.i.k.n.KeyIO           MODE: 2nd degree decls took 0 
408373     INFO  Test worker     d.u.i.k.n.KeyIO           Parsing took 0 ms 
408373     DEBUG Test worker     d.u.i.k.n.KeyIO           Load declarations of de.uka.ilkd.key.nparser.KeyAst$File:  <unknown>:1#1 
408373     INFO  Test worker     d.u.i.k.n.KeyIO           MODE: declarations took 0 ms 
408373     DEBUG Test worker     d.u.i.k.n.KeyIO           MODE: 2nd degree decls took 0 
411592     INFO  Test worker     d.u.i.k.n.KeyIO           Parsing took 0 ms 
411592     DEBUG Test worker     d.u.i.k.n.KeyIO           Load declarations of de.uka.ilkd.key.nparser.KeyAst$File:  <unknown>:1#1 
411592     INFO  Test worker     d.u.i.k.n.KeyIO           MODE: declarations took 0 ms 
411593     DEBUG Test worker     d.u.i.k.n.KeyIO           MODE: 2nd degree decls took 0 
411593     INFO  Test worker     d.u.i.k.n.KeyIO           Parsing took 0 ms 
411593     DEBUG Test worker     d.u.i.k.n.KeyIO           Load declarations of de.uka.ilkd.key.nparser.KeyAst$File:  <unknown>:1#1 
411593     INFO  Test worker     d.u.i.k.n.KeyIO           MODE: declarations took 0 ms 
411593     DEBUG Test worker     d.u.i.k.n.KeyIO           MODE: 2nd degree decls took 0 
411594     INFO  Test worker     d.u.i.k.n.KeyIO           Parsing took 0 ms 
411594     DEBUG Test worker     d.u.i.k.n.KeyIO           Load declarations of de.uka.ilkd.key.nparser.KeyAst$File:  <unknown>:1#1 
411594     INFO  Test worker     d.u.i.k.n.KeyIO           MODE: declarations took 0 ms 
411594     DEBUG Test worker     d.u.i.k.n.KeyIO           MODE: 2nd degree decls took 0 
411594     INFO  Test worker     d.u.i.k.n.KeyIO           Parsing took 0 ms 
411594     DEBUG Test worker     d.u.i.k.n.KeyIO           Load declarations of de.uka.ilkd.key.nparser.KeyAst$File:  <unknown>:1#1 
411595     INFO  Test worker     d.u.i.k.n.KeyIO           MODE: declarations took 1 ms 
411595     DEBUG Test worker     d.u.i.k.n.KeyIO           MODE: 2nd degree decls took 0 
411595     INFO  Test worker     d.u.i.k.n.KeyIO           Parsing took 0 ms 
411595     DEBUG Test worker     d.u.i.k.n.KeyIO           Load declarations of de.uka.ilkd.key.nparser.KeyAst$File:  <unknown>:1#1 
411595     INFO  Test worker     d.u.i.k.n.KeyIO           MODE: declarations took 0 ms 
411596     DEBUG Test worker     d.u.i.k.n.KeyIO           MODE: 2nd degree decls took 0 
414921     INFO  Test worker     d.u.i.k.n.KeyIO           Parsing took 0 ms 
414922     DEBUG Test worker     d.u.i.k.n.KeyIO           Load declarations of de.uka.ilkd.key.nparser.KeyAst$File:  <unknown>:1#1 
414922     INFO  Test worker     d.u.i.k.n.KeyIO           MODE: declarations took 0 ms 
414922     DEBUG Test worker     d.u.i.k.n.KeyIO           MODE: 2nd degree decls took 0 
414922     INFO  Test worker     d.u.i.k.n.KeyIO           Parsing took 0 ms 
414923     DEBUG Test worker     d.u.i.k.n.KeyIO           Load declarations of de.uka.ilkd.key.nparser.KeyAst$File:  <unknown>:1#1 
414923     INFO  Test worker     d.u.i.k.n.KeyIO           MODE: declarations took 0 ms 
414923     DEBUG Test worker     d.u.i.k.n.KeyIO           MODE: 2nd degree decls took 0 
414923     INFO  Test worker     d.u.i.k.n.KeyIO           Parsing took 0 ms 
414924     DEBUG Test worker     d.u.i.k.n.KeyIO           Load declarations of de.uka.ilkd.key.nparser.KeyAst$File:  <unknown>:1#1 
414924     INFO  Test worker     d.u.i.k.n.KeyIO           MODE: declarations took 0 ms 
414924     DEBUG Test worker     d.u.i.k.n.KeyIO           MODE: 2nd degree decls took 0 
414924     INFO  Test worker     d.u.i.k.n.KeyIO           Parsing took 0 ms 
414925     DEBUG Test worker     d.u.i.k.n.KeyIO           Load declarations of de.uka.ilkd.key.nparser.KeyAst$File:  <unknown>:1#1 
414925     INFO  Test worker     d.u.i.k.n.KeyIO           MODE: declarations took 0 ms 
414925     DEBUG Test worker     d.u.i.k.n.KeyIO           MODE: 2nd degree decls took 0 
414925     INFO  Test worker     d.u.i.k.n.KeyIO           Parsing took 0 ms 
414926     DEBUG Test worker     d.u.i.k.n.KeyIO           Load declarations of de.uka.ilkd.key.nparser.KeyAst$File:  <unknown>:1#1 
414926     INFO  Test worker     d.u.i.k.n.KeyIO           MODE: declarations took 0 ms 
414926     DEBUG Test worker     d.u.i.k.n.KeyIO           MODE: 2nd degree decls took 0 
418262     INFO  Test worker     d.u.i.k.n.KeyIO           Parsing took 0 ms 
418262     DEBUG Test worker     d.u.i.k.n.KeyIO           Load declarations of de.uka.ilkd.key.nparser.KeyAst$File:  <unknown>:1#1 
418262     INFO  Test worker     d.u.i.k.n.KeyIO           MODE: declarations took 0 ms 
418262     DEBUG Test worker     d.u.i.k.n.KeyIO           MODE: 2nd degree decls took 0 
418262     INFO  Test worker     d.u.i.k.n.KeyIO           Parsing took 0 ms 
418262     DEBUG Test worker     d.u.i.k.n.KeyIO           Load declarations of de.uka.ilkd.key.nparser.KeyAst$File:  <unknown>:1#1 
418262     INFO  Test worker     d.u.i.k.n.KeyIO           MODE: declarations took 0 ms 
418262     DEBUG Test worker     d.u.i.k.n.KeyIO           MODE: 2nd degree decls took 0 
418262     INFO  Test worker     d.u.i.k.n.KeyIO           Parsing took 0 ms 
418262     DEBUG Test worker     d.u.i.k.n.KeyIO           Load declarations of de.uka.ilkd.key.nparser.KeyAst$File:  <unknown>:1#1 
418262     INFO  Test worker     d.u.i.k.n.KeyIO           MODE: declarations took 0 ms 
418262     DEBUG Test worker     d.u.i.k.n.KeyIO           MODE: 2nd degree decls took 0 
418262     INFO  Test worker     d.u.i.k.n.KeyIO           Parsing took 0 ms 
418262     DEBUG Test worker     d.u.i.k.n.KeyIO           Load declarations of de.uka.ilkd.key.nparser.KeyAst$File:  <unknown>:1#1 
418262     INFO  Test worker     d.u.i.k.n.KeyIO           MODE: declarations took 0 ms 
418262     DEBUG Test worker     d.u.i.k.n.KeyIO           MODE: 2nd degree decls took 0 
418262     INFO  Test worker     d.u.i.k.n.KeyIO           Parsing took 0 ms 
418262     DEBUG Test worker     d.u.i.k.n.KeyIO           Load declarations of de.uka.ilkd.key.nparser.KeyAst$File:  <unknown>:1#1 
418262     INFO  Test worker     d.u.i.k.n.KeyIO           MODE: declarations took 0 ms 
418262     DEBUG Test worker     d.u.i.k.n.KeyIO           MODE: 2nd degree decls took 0 
421455     INFO  Test worker     d.u.i.k.n.KeyIO           Parsing took 0 ms 
421456     DEBUG Test worker     d.u.i.k.n.KeyIO           Load declarations of de.uka.ilkd.key.nparser.KeyAst$File:  <unknown>:1#1 
421456     INFO  Test worker     d.u.i.k.n.KeyIO           MODE: declarations took 0 ms 
421456     DEBUG Test worker     d.u.i.k.n.KeyIO           MODE: 2nd degree decls took 0 
421456     INFO  Test worker     d.u.i.k.n.KeyIO           Parsing took 0 ms 
421456     DEBUG Test worker     d.u.i.k.n.KeyIO           Load declarations of de.uka.ilkd.key.nparser.KeyAst$File:  <unknown>:1#1 
421456     INFO  Test worker     d.u.i.k.n.KeyIO           MODE: declarations took 0 ms 
421456     DEBUG Test worker     d.u.i.k.n.KeyIO           MODE: 2nd degree decls took 0 
421456     INFO  Test worker     d.u.i.k.n.KeyIO           Parsing took 0 ms 
421456     DEBUG Test worker     d.u.i.k.n.KeyIO           Load declarations of de.uka.ilkd.key.nparser.KeyAst$File:  <unknown>:1#1 
421456     INFO  Test worker     d.u.i.k.n.KeyIO           MODE: declarations took 0 ms 
421456     DEBUG Test worker     d.u.i.k.n.KeyIO           MODE: 2nd degree decls took 0 
421456     INFO  Test worker     d.u.i.k.n.KeyIO           Parsing took 0 ms 
421456     DEBUG Test worker     d.u.i.k.n.KeyIO           Load declarations of de.uka.ilkd.key.nparser.KeyAst$File:  <unknown>:1#1 
421456     INFO  Test worker     d.u.i.k.n.KeyIO           MODE: declarations took 0 ms 
421456     DEBUG Test worker     d.u.i.k.n.KeyIO           MODE: 2nd degree decls took 0 
421456     INFO  Test worker     d.u.i.k.n.KeyIO           Parsing took 0 ms 
421456     DEBUG Test worker     d.u.i.k.n.KeyIO           Load declarations of de.uka.ilkd.key.nparser.KeyAst$File:  <unknown>:1#1 
421456     INFO  Test worker     d.u.i.k.n.KeyIO           MODE: declarations took 0 ms 
421456     DEBUG Test worker     d.u.i.k.n.KeyIO           MODE: 2nd degree decls took 0 
424781     INFO  Test worker     d.u.i.k.n.KeyIO           Parsing took 0 ms 
424781     DEBUG Test worker     d.u.i.k.n.KeyIO           Load declarations of de.uka.ilkd.key.nparser.KeyAst$File:  <unknown>:1#1 
424782     INFO  Test worker     d.u.i.k.n.KeyIO           MODE: declarations took 1 ms 
424782     DEBUG Test worker     d.u.i.k.n.KeyIO           MODE: 2nd degree decls took 0 
424782     INFO  Test worker     d.u.i.k.n.KeyIO           Parsing took 0 ms 
424782     DEBUG Test worker     d.u.i.k.n.KeyIO           Load declarations of de.uka.ilkd.key.nparser.KeyAst$File:  <unknown>:1#1 
424782     INFO  Test worker     d.u.i.k.n.KeyIO           MODE: declarations took 0 ms 
424782     DEBUG Test worker     d.u.i.k.n.KeyIO           MODE: 2nd degree decls took 0 
424782     INFO  Test worker     d.u.i.k.n.KeyIO           Parsing took 0 ms 
424782     DEBUG Test worker     d.u.i.k.n.KeyIO           Load declarations of de.uka.ilkd.key.nparser.KeyAst$File:  <unknown>:1#1 
424782     INFO  Test worker     d.u.i.k.n.KeyIO           MODE: declarations took 0 ms 
424782     DEBUG Test worker     d.u.i.k.n.KeyIO           MODE: 2nd degree decls took 0 
424782     INFO  Test worker     d.u.i.k.n.KeyIO           Parsing took 0 ms 
424782     DEBUG Test worker     d.u.i.k.n.KeyIO           Load declarations of de.uka.ilkd.key.nparser.KeyAst$File:  <unknown>:1#1 
424782     INFO  Test worker     d.u.i.k.n.KeyIO           MODE: declarations took 0 ms 
424782     DEBUG Test worker     d.u.i.k.n.KeyIO           MODE: 2nd degree decls took 0 
424782     INFO  Test worker     d.u.i.k.n.KeyIO           Parsing took 0 ms 
424782     DEBUG Test worker     d.u.i.k.n.KeyIO           Load declarations of de.uka.ilkd.key.nparser.KeyAst$File:  <unknown>:1#1 
424782     INFO  Test worker     d.u.i.k.n.KeyIO           MODE: declarations took 0 ms 
424782     DEBUG Test worker     d.u.i.k.n.KeyIO           MODE: 2nd degree decls took 0 
428118     INFO  Test worker     d.u.i.k.n.KeyIO           Parsing took 0 ms 
428118     DEBUG Test worker     d.u.i.k.n.KeyIO           Load declarations of de.uka.ilkd.key.nparser.KeyAst$File:  <unknown>:1#1 
428119     INFO  Test worker     d.u.i.k.n.KeyIO           MODE: declarations took 1 ms 
428119     DEBUG Test worker     d.u.i.k.n.KeyIO           MODE: 2nd degree decls took 0 
428119     INFO  Test worker     d.u.i.k.n.KeyIO           Parsing took 0 ms 
428119     DEBUG Test worker     d.u.i.k.n.KeyIO           Load declarations of de.uka.ilkd.key.nparser.KeyAst$File:  <unknown>:1#1 
428119     INFO  Test worker     d.u.i.k.n.KeyIO           MODE: declarations took 0 ms 
428119     DEBUG Test worker     d.u.i.k.n.KeyIO           MODE: 2nd degree decls took 0 
428119     INFO  Test worker     d.u.i.k.n.KeyIO           Parsing took 0 ms 
428119     DEBUG Test worker     d.u.i.k.n.KeyIO           Load declarations of de.uka.ilkd.key.nparser.KeyAst$File:  <unknown>:1#1 
428119     INFO  Test worker     d.u.i.k.n.KeyIO           MODE: declarations took 0 ms 
428119     DEBUG Test worker     d.u.i.k.n.KeyIO           MODE: 2nd degree decls took 0 
428119     INFO  Test worker     d.u.i.k.n.KeyIO           Parsing took 0 ms 
428119     DEBUG Test worker     d.u.i.k.n.KeyIO           Load declarations of de.uka.ilkd.key.nparser.KeyAst$File:  <unknown>:1#1 
428119     INFO  Test worker     d.u.i.k.n.KeyIO           MODE: declarations took 0 ms 
428119     DEBUG Test worker     d.u.i.k.n.KeyIO           MODE: 2nd degree decls took 0 
428119     INFO  Test worker     d.u.i.k.n.KeyIO           Parsing took 0 ms 
428119     DEBUG Test worker     d.u.i.k.n.KeyIO           Load declarations of de.uka.ilkd.key.nparser.KeyAst$File:  <unknown>:1#1 
428119     INFO  Test worker     d.u.i.k.n.KeyIO           MODE: declarations took 0 ms 
428119     DEBUG Test worker     d.u.i.k.n.KeyIO           MODE: 2nd degree decls took 0 
431568     INFO  Test worker     d.u.i.k.n.KeyIO           Parsing took 0 ms 
431568     DEBUG Test worker     d.u.i.k.n.KeyIO           Load declarations of de.uka.ilkd.key.nparser.KeyAst$File:  <unknown>:1#1 
431568     INFO  Test worker     d.u.i.k.n.KeyIO           MODE: declarations took 0 ms 
431568     DEBUG Test worker     d.u.i.k.n.KeyIO           MODE: 2nd degree decls took 0 
431568     INFO  Test worker     d.u.i.k.n.KeyIO           Parsing took 0 ms 
431568     DEBUG Test worker     d.u.i.k.n.KeyIO           Load declarations of de.uka.ilkd.key.nparser.KeyAst$File:  <unknown>:1#1 
431568     INFO  Test worker     d.u.i.k.n.KeyIO           MODE: declarations took 0 ms 
431568     DEBUG Test worker     d.u.i.k.n.KeyIO           MODE: 2nd degree decls took 0 
431568     INFO  Test worker     d.u.i.k.n.KeyIO           Parsing took 0 ms 
431568     DEBUG Test worker     d.u.i.k.n.KeyIO           Load declarations of de.uka.ilkd.key.nparser.KeyAst$File:  <unknown>:1#1 
431568     INFO  Test worker     d.u.i.k.n.KeyIO           MODE: declarations took 0 ms 
431568     DEBUG Test worker     d.u.i.k.n.KeyIO           MODE: 2nd degree decls took 0 
431569     INFO  Test worker     d.u.i.k.n.KeyIO           Parsing took 0 ms 
431569     DEBUG Test worker     d.u.i.k.n.KeyIO           Load declarations of de.uka.ilkd.key.nparser.KeyAst$File:  <unknown>:1#1 
431569     INFO  Test worker     d.u.i.k.n.KeyIO           MODE: declarations took 0 ms 
431569     DEBUG Test worker     d.u.i.k.n.KeyIO           MODE: 2nd degree decls took 0 
431569     INFO  Test worker     d.u.i.k.n.KeyIO           Parsing took 0 ms 
431569     DEBUG Test worker     d.u.i.k.n.KeyIO           Load declarations of de.uka.ilkd.key.nparser.KeyAst$File:  <unknown>:1#1 
431569     INFO  Test worker     d.u.i.k.n.KeyIO           MODE: declarations took 0 ms 
431569     DEBUG Test worker     d.u.i.k.n.KeyIO           MODE: 2nd degree decls took 0 
434963     INFO  Test worker     d.u.i.k.n.KeyIO           Parsing took 0 ms 
434964     DEBUG Test worker     d.u.i.k.n.KeyIO           Load declarations of de.uka.ilkd.key.nparser.KeyAst$File:  <unknown>:1#1 
434964     INFO  Test worker     d.u.i.k.n.KeyIO           MODE: declarations took 0 ms 
434964     DEBUG Test worker     d.u.i.k.n.KeyIO           MODE: 2nd degree decls took 0 
434964     INFO  Test worker     d.u.i.k.n.KeyIO           Parsing took 0 ms 
434964     DEBUG Test worker     d.u.i.k.n.KeyIO           Load declarations of de.uka.ilkd.key.nparser.KeyAst$File:  <unknown>:1#1 
434964     INFO  Test worker     d.u.i.k.n.KeyIO           MODE: declarations took 0 ms 
434964     DEBUG Test worker     d.u.i.k.n.KeyIO           MODE: 2nd degree decls took 0 
434964     INFO  Test worker     d.u.i.k.n.KeyIO           Parsing took 0 ms 
434964     DEBUG Test worker     d.u.i.k.n.KeyIO           Load declarations of de.uka.ilkd.key.nparser.KeyAst$File:  <unknown>:1#1 
434964     INFO  Test worker     d.u.i.k.n.KeyIO           MODE: declarations took 0 ms 
434964     DEBUG Test worker     d.u.i.k.n.KeyIO           MODE: 2nd degree decls took 0 
434964     INFO  Test worker     d.u.i.k.n.KeyIO           Parsing took 0 ms 
434964     DEBUG Test worker     d.u.i.k.n.KeyIO           Load declarations of de.uka.ilkd.key.nparser.KeyAst$File:  <unknown>:1#1 
434964     INFO  Test worker     d.u.i.k.n.KeyIO           MODE: declarations took 0 ms 
434964     DEBUG Test worker     d.u.i.k.n.KeyIO           MODE: 2nd degree decls took 0 
434964     INFO  Test worker     d.u.i.k.n.KeyIO           Parsing took 0 ms 
434964     DEBUG Test worker     d.u.i.k.n.KeyIO           Load declarations of de.uka.ilkd.key.nparser.KeyAst$File:  <unknown>:1#1 
434964     INFO  Test worker     d.u.i.k.n.KeyIO           MODE: declarations took 0 ms 
434964     DEBUG Test worker     d.u.i.k.n.KeyIO           MODE: 2nd degree decls took 0 
438294     INFO  Test worker     d.u.i.k.n.KeyIO           Parsing took 0 ms 
438294     DEBUG Test worker     d.u.i.k.n.KeyIO           Load declarations of de.uka.ilkd.key.nparser.KeyAst$File:  <unknown>:1#1 
438295     INFO  Test worker     d.u.i.k.n.KeyIO           MODE: declarations took 1 ms 
438295     DEBUG Test worker     d.u.i.k.n.KeyIO           MODE: 2nd degree decls took 0 
438295     INFO  Test worker     d.u.i.k.n.KeyIO           Parsing took 0 ms 
438295     DEBUG Test worker     d.u.i.k.n.KeyIO           Load declarations of de.uka.ilkd.key.nparser.KeyAst$File:  <unknown>:1#1 
438295     INFO  Test worker     d.u.i.k.n.KeyIO           MODE: declarations took 0 ms 
438295     DEBUG Test worker     d.u.i.k.n.KeyIO           MODE: 2nd degree decls took 0 
438295     INFO  Test worker     d.u.i.k.n.KeyIO           Parsing took 0 ms 
438295     DEBUG Test worker     d.u.i.k.n.KeyIO           Load declarations of de.uka.ilkd.key.nparser.KeyAst$File:  <unknown>:1#1 
438295     INFO  Test worker     d.u.i.k.n.KeyIO           MODE: declarations took 0 ms 
438295     DEBUG Test worker     d.u.i.k.n.KeyIO           MODE: 2nd degree decls took 0 
438295     INFO  Test worker     d.u.i.k.n.KeyIO           Parsing took 0 ms 
438295     DEBUG Test worker     d.u.i.k.n.KeyIO           Load declarations of de.uka.ilkd.key.nparser.KeyAst$File:  <unknown>:1#1 
438295     INFO  Test worker     d.u.i.k.n.KeyIO           MODE: declarations took 0 ms 
438295     DEBUG Test worker     d.u.i.k.n.KeyIO           MODE: 2nd degree decls took 0 
438295     INFO  Test worker     d.u.i.k.n.KeyIO           Parsing took 0 ms 
438295     DEBUG Test worker     d.u.i.k.n.KeyIO           Load declarations of de.uka.ilkd.key.nparser.KeyAst$File:  <unknown>:1#1 
438295     INFO  Test worker     d.u.i.k.n.KeyIO           MODE: declarations took 0 ms 
438295     DEBUG Test worker     d.u.i.k.n.KeyIO           MODE: 2nd degree decls took 0 
441527     INFO  Test worker     d.u.i.k.n.KeyIO           Parsing took 0 ms 
441527     DEBUG Test worker     d.u.i.k.n.KeyIO           Load declarations of de.uka.ilkd.key.nparser.KeyAst$File:  <unknown>:1#1 
441527     INFO  Test worker     d.u.i.k.n.KeyIO           MODE: declarations took 0 ms 
441527     DEBUG Test worker     d.u.i.k.n.KeyIO           MODE: 2nd degree decls took 0 
441527     INFO  Test worker     d.u.i.k.n.KeyIO           Parsing took 0 ms 
441527     DEBUG Test worker     d.u.i.k.n.KeyIO           Load declarations of de.uka.ilkd.key.nparser.KeyAst$File:  <unknown>:1#1 
441527     INFO  Test worker     d.u.i.k.n.KeyIO           MODE: declarations took 0 ms 
441527     DEBUG Test worker     d.u.i.k.n.KeyIO           MODE: 2nd degree decls took 0 
441528     INFO  Test worker     d.u.i.k.n.KeyIO           Parsing took 1 ms 
441528     DEBUG Test worker     d.u.i.k.n.KeyIO           Load declarations of de.uka.ilkd.key.nparser.KeyAst$File:  <unknown>:1#1 
441528     INFO  Test worker     d.u.i.k.n.KeyIO           MODE: declarations took 0 ms 
441528     DEBUG Test worker     d.u.i.k.n.KeyIO           MODE: 2nd degree decls took 0 
441528     INFO  Test worker     d.u.i.k.n.KeyIO           Parsing took 0 ms 
441528     DEBUG Test worker     d.u.i.k.n.KeyIO           Load declarations of de.uka.ilkd.key.nparser.KeyAst$File:  <unknown>:1#1 
441528     INFO  Test worker     d.u.i.k.n.KeyIO           MODE: declarations took 0 ms 
441528     DEBUG Test worker     d.u.i.k.n.KeyIO           MODE: 2nd degree decls took 0 
441528     INFO  Test worker     d.u.i.k.n.KeyIO           Parsing took 0 ms 
441528     DEBUG Test worker     d.u.i.k.n.KeyIO           Load declarations of de.uka.ilkd.key.nparser.KeyAst$File:  <unknown>:1#1 
441528     INFO  Test worker     d.u.i.k.n.KeyIO           MODE: declarations took 0 ms 
441528     DEBUG Test worker     d.u.i.k.n.KeyIO           MODE: 2nd degree decls took 0 
444909     INFO  Test worker     d.u.i.k.n.KeyIO           Parsing took 0 ms 
444909     DEBUG Test worker     d.u.i.k.n.KeyIO           Load declarations of de.uka.ilkd.key.nparser.KeyAst$File:  <unknown>:1#1 
444909     INFO  Test worker     d.u.i.k.n.KeyIO           MODE: declarations took 0 ms 
444909     DEBUG Test worker     d.u.i.k.n.KeyIO           MODE: 2nd degree decls took 0 
444909     INFO  Test worker     d.u.i.k.n.KeyIO           Parsing took 0 ms 
444909     DEBUG Test worker     d.u.i.k.n.KeyIO           Load declarations of de.uka.ilkd.key.nparser.KeyAst$File:  <unknown>:1#1 
444909     INFO  Test worker     d.u.i.k.n.KeyIO           MODE: declarations took 0 ms 
444909     DEBUG Test worker     d.u.i.k.n.KeyIO           MODE: 2nd degree decls took 0 
444909     INFO  Test worker     d.u.i.k.n.KeyIO           Parsing took 0 ms 
444909     DEBUG Test worker     d.u.i.k.n.KeyIO           Load declarations of de.uka.ilkd.key.nparser.KeyAst$File:  <unknown>:1#1 
444909     INFO  Test worker     d.u.i.k.n.KeyIO           MODE: declarations took 0 ms 
444909     DEBUG Test worker     d.u.i.k.n.KeyIO           MODE: 2nd degree decls took 0 
444909     INFO  Test worker     d.u.i.k.n.KeyIO           Parsing took 0 ms 
444909     DEBUG Test worker     d.u.i.k.n.KeyIO           Load declarations of de.uka.ilkd.key.nparser.KeyAst$File:  <unknown>:1#1 
444909     INFO  Test worker     d.u.i.k.n.KeyIO           MODE: declarations took 0 ms 
444909     DEBUG Test worker     d.u.i.k.n.KeyIO           MODE: 2nd degree decls took 0 
444909     INFO  Test worker     d.u.i.k.n.KeyIO           Parsing took 0 ms 
444909     DEBUG Test worker     d.u.i.k.n.KeyIO           Load declarations of de.uka.ilkd.key.nparser.KeyAst$File:  <unknown>:1#1 
444909     INFO  Test worker     d.u.i.k.n.KeyIO           MODE: declarations took 0 ms 
444909     DEBUG Test worker     d.u.i.k.n.KeyIO           MODE: 2nd degree decls took 0 
448277     INFO  Test worker     d.u.i.k.n.KeyIO           Parsing took 0 ms 
448277     DEBUG Test worker     d.u.i.k.n.KeyIO           Load declarations of de.uka.ilkd.key.nparser.KeyAst$File:  <unknown>:1#1 
448277     INFO  Test worker     d.u.i.k.n.KeyIO           MODE: declarations took 0 ms 
448277     DEBUG Test worker     d.u.i.k.n.KeyIO           MODE: 2nd degree decls took 0 
448277     INFO  Test worker     d.u.i.k.n.KeyIO           Parsing took 0 ms 
448277     DEBUG Test worker     d.u.i.k.n.KeyIO           Load declarations of de.uka.ilkd.key.nparser.KeyAst$File:  <unknown>:1#1 
448277     INFO  Test worker     d.u.i.k.n.KeyIO           MODE: declarations took 0 ms 
448277     DEBUG Test worker     d.u.i.k.n.KeyIO           MODE: 2nd degree decls took 0 
448277     INFO  Test worker     d.u.i.k.n.KeyIO           Parsing took 0 ms 
448277     DEBUG Test worker     d.u.i.k.n.KeyIO           Load declarations of de.uka.ilkd.key.nparser.KeyAst$File:  <unknown>:1#1 
448277     INFO  Test worker     d.u.i.k.n.KeyIO           MODE: declarations took 0 ms 
448277     DEBUG Test worker     d.u.i.k.n.KeyIO           MODE: 2nd degree decls took 0 
448277     INFO  Test worker     d.u.i.k.n.KeyIO           Parsing took 0 ms 
448277     DEBUG Test worker     d.u.i.k.n.KeyIO           Load declarations of de.uka.ilkd.key.nparser.KeyAst$File:  <unknown>:1#1 
448277     INFO  Test worker     d.u.i.k.n.KeyIO           MODE: declarations took 0 ms 
448277     DEBUG Test worker     d.u.i.k.n.KeyIO           MODE: 2nd degree decls took 0 
448277     INFO  Test worker     d.u.i.k.n.KeyIO           Parsing took 0 ms 
448277     DEBUG Test worker     d.u.i.k.n.KeyIO           Load declarations of de.uka.ilkd.key.nparser.KeyAst$File:  <unknown>:1#1 
448277     INFO  Test worker     d.u.i.k.n.KeyIO           MODE: declarations took 0 ms 
448277     DEBUG Test worker     d.u.i.k.n.KeyIO           MODE: 2nd degree decls took 0 
451688     INFO  Test worker     d.u.i.k.n.KeyIO           Parsing took 1 ms 
451688     DEBUG Test worker     d.u.i.k.n.KeyIO           Load declarations of de.uka.ilkd.key.nparser.KeyAst$File:  <unknown>:1#1 
451688     INFO  Test worker     d.u.i.k.n.KeyIO           MODE: declarations took 0 ms 
451688     DEBUG Test worker     d.u.i.k.n.KeyIO           MODE: 2nd degree decls took 0 
451688     INFO  Test worker     d.u.i.k.n.KeyIO           Parsing took 0 ms 
451688     DEBUG Test worker     d.u.i.k.n.KeyIO           Load declarations of de.uka.ilkd.key.nparser.KeyAst$File:  <unknown>:1#1 
451688     INFO  Test worker     d.u.i.k.n.KeyIO           MODE: declarations took 0 ms 
451688     DEBUG Test worker     d.u.i.k.n.KeyIO           MODE: 2nd degree decls took 0 
451688     INFO  Test worker     d.u.i.k.n.KeyIO           Parsing took 0 ms 
451688     DEBUG Test worker     d.u.i.k.n.KeyIO           Load declarations of de.uka.ilkd.key.nparser.KeyAst$File:  <unknown>:1#1 
451688     INFO  Test worker     d.u.i.k.n.KeyIO           MODE: declarations took 0 ms 
451688     DEBUG Test worker     d.u.i.k.n.KeyIO           MODE: 2nd degree decls took 0 
451688     INFO  Test worker     d.u.i.k.n.KeyIO           Parsing took 0 ms 
451688     DEBUG Test worker     d.u.i.k.n.KeyIO           Load declarations of de.uka.ilkd.key.nparser.KeyAst$File:  <unknown>:1#1 
451688     INFO  Test worker     d.u.i.k.n.KeyIO           MODE: declarations took 0 ms 
451688     DEBUG Test worker     d.u.i.k.n.KeyIO           MODE: 2nd degree decls took 0 
451688     INFO  Test worker     d.u.i.k.n.KeyIO           Parsing took 0 ms 
451688     DEBUG Test worker     d.u.i.k.n.KeyIO           Load declarations of de.uka.ilkd.key.nparser.KeyAst$File:  <unknown>:1#1 
451688     INFO  Test worker     d.u.i.k.n.KeyIO           MODE: declarations took 0 ms 
451688     DEBUG Test worker     d.u.i.k.n.KeyIO           MODE: 2nd degree decls took 0 
455087     INFO  Test worker     d.u.i.k.n.KeyIO           Parsing took 0 ms 
455087     DEBUG Test worker     d.u.i.k.n.KeyIO           Load declarations of de.uka.ilkd.key.nparser.KeyAst$File:  <unknown>:1#1 
455087     INFO  Test worker     d.u.i.k.n.KeyIO           MODE: declarations took 0 ms 
455087     DEBUG Test worker     d.u.i.k.n.KeyIO           MODE: 2nd degree decls took 0 
455087     INFO  Test worker     d.u.i.k.n.KeyIO           Parsing took 0 ms 
455087     DEBUG Test worker     d.u.i.k.n.KeyIO           Load declarations of de.uka.ilkd.key.nparser.KeyAst$File:  <unknown>:1#1 
455088     INFO  Test worker     d.u.i.k.n.KeyIO           MODE: declarations took 1 ms 
455088     DEBUG Test worker     d.u.i.k.n.KeyIO           MODE: 2nd degree decls took 0 
455088     INFO  Test worker     d.u.i.k.n.KeyIO           Parsing took 0 ms 
455088     DEBUG Test worker     d.u.i.k.n.KeyIO           Load declarations of de.uka.ilkd.key.nparser.KeyAst$File:  <unknown>:1#1 
455088     INFO  Test worker     d.u.i.k.n.KeyIO           MODE: declarations took 0 ms 
455088     DEBUG Test worker     d.u.i.k.n.KeyIO           MODE: 2nd degree decls took 0 
455088     INFO  Test worker     d.u.i.k.n.KeyIO           Parsing took 0 ms 
455088     DEBUG Test worker     d.u.i.k.n.KeyIO           Load declarations of de.uka.ilkd.key.nparser.KeyAst$File:  <unknown>:1#1 
455088     INFO  Test worker     d.u.i.k.n.KeyIO           MODE: declarations took 0 ms 
455088     DEBUG Test worker     d.u.i.k.n.KeyIO           MODE: 2nd degree decls took 0 
455088     INFO  Test worker     d.u.i.k.n.KeyIO           Parsing took 0 ms 
455088     DEBUG Test worker     d.u.i.k.n.KeyIO           Load declarations of de.uka.ilkd.key.nparser.KeyAst$File:  <unknown>:1#1 
455088     INFO  Test worker     d.u.i.k.n.KeyIO           MODE: declarations took 0 ms 
455088     DEBUG Test worker     d.u.i.k.n.KeyIO           MODE: 2nd degree decls took 0 
458482     INFO  Test worker     d.u.i.k.n.KeyIO           Parsing took 0 ms 
458482     DEBUG Test worker     d.u.i.k.n.KeyIO           Load declarations of de.uka.ilkd.key.nparser.KeyAst$File:  <unknown>:1#1 
458482     INFO  Test worker     d.u.i.k.n.KeyIO           MODE: declarations took 0 ms 
458482     DEBUG Test worker     d.u.i.k.n.KeyIO           MODE: 2nd degree decls took 0 
458482     INFO  Test worker     d.u.i.k.n.KeyIO           Parsing took 0 ms 
458482     DEBUG Test worker     d.u.i.k.n.KeyIO           Load declarations of de.uka.ilkd.key.nparser.KeyAst$File:  <unknown>:1#1 
458482     INFO  Test worker     d.u.i.k.n.KeyIO           MODE: declarations took 0 ms 
458482     DEBUG Test worker     d.u.i.k.n.KeyIO           MODE: 2nd degree decls took 0 
458483     INFO  Test worker     d.u.i.k.n.KeyIO           Parsing took 1 ms 
458483     DEBUG Test worker     d.u.i.k.n.KeyIO           Load declarations of de.uka.ilkd.key.nparser.KeyAst$File:  <unknown>:1#1 
458483     INFO  Test worker     d.u.i.k.n.KeyIO           MODE: declarations took 0 ms 
458483     DEBUG Test worker     d.u.i.k.n.KeyIO           MODE: 2nd degree decls took 0 
458483     INFO  Test worker     d.u.i.k.n.KeyIO           Parsing took 0 ms 
458483     DEBUG Test worker     d.u.i.k.n.KeyIO           Load declarations of de.uka.ilkd.key.nparser.KeyAst$File:  <unknown>:1#1 
458483     INFO  Test worker     d.u.i.k.n.KeyIO           MODE: declarations took 0 ms 
458483     DEBUG Test worker     d.u.i.k.n.KeyIO           MODE: 2nd degree decls took 0 
458483     INFO  Test worker     d.u.i.k.n.KeyIO           Parsing took 0 ms 
458483     DEBUG Test worker     d.u.i.k.n.KeyIO           Load declarations of de.uka.ilkd.key.nparser.KeyAst$File:  <unknown>:1#1 
458483     INFO  Test worker     d.u.i.k.n.KeyIO           MODE: declarations took 0 ms 
458483     DEBUG Test worker     d.u.i.k.n.KeyIO           MODE: 2nd degree decls took 0 
461857     INFO  Test worker     d.u.i.k.n.KeyIO           Parsing took 0 ms 
461857     DEBUG Test worker     d.u.i.k.n.KeyIO           Load declarations of de.uka.ilkd.key.nparser.KeyAst$File:  <unknown>:1#1 
461857     INFO  Test worker     d.u.i.k.n.KeyIO           MODE: declarations took 0 ms 
461857     DEBUG Test worker     d.u.i.k.n.KeyIO           MODE: 2nd degree decls took 0 
461857     INFO  Test worker     d.u.i.k.n.KeyIO           Parsing took 0 ms 
461857     DEBUG Test worker     d.u.i.k.n.KeyIO           Load declarations of de.uka.ilkd.key.nparser.KeyAst$File:  <unknown>:1#1 
461857     INFO  Test worker     d.u.i.k.n.KeyIO           MODE: declarations took 0 ms 
461857     DEBUG Test worker     d.u.i.k.n.KeyIO           MODE: 2nd degree decls took 0 
461857     INFO  Test worker     d.u.i.k.n.KeyIO           Parsing took 0 ms 
461857     DEBUG Test worker     d.u.i.k.n.KeyIO           Load declarations of de.uka.ilkd.key.nparser.KeyAst$File:  <unknown>:1#1 
461858     INFO  Test worker     d.u.i.k.n.KeyIO           MODE: declarations took 1 ms 
461858     DEBUG Test worker     d.u.i.k.n.KeyIO           MODE: 2nd degree decls took 0 
461858     INFO  Test worker     d.u.i.k.n.KeyIO           Parsing took 0 ms 
461858     DEBUG Test worker     d.u.i.k.n.KeyIO           Load declarations of de.uka.ilkd.key.nparser.KeyAst$File:  <unknown>:1#1 
461858     INFO  Test worker     d.u.i.k.n.KeyIO           MODE: declarations took 0 ms 
461858     DEBUG Test worker     d.u.i.k.n.KeyIO           MODE: 2nd degree decls took 0 
461858     INFO  Test worker     d.u.i.k.n.KeyIO           Parsing took 0 ms 
461858     DEBUG Test worker     d.u.i.k.n.KeyIO           Load declarations of de.uka.ilkd.key.nparser.KeyAst$File:  <unknown>:1#1 
461858     INFO  Test worker     d.u.i.k.n.KeyIO           MODE: declarations took 0 ms 
461858     DEBUG Test worker     d.u.i.k.n.KeyIO           MODE: 2nd degree decls took 0 
465309     INFO  Test worker     d.u.i.k.n.KeyIO           Parsing took 0 ms 
465309     DEBUG Test worker     d.u.i.k.n.KeyIO           Load declarations of de.uka.ilkd.key.nparser.KeyAst$File:  <unknown>:1#1 
465309     INFO  Test worker     d.u.i.k.n.KeyIO           MODE: declarations took 0 ms 
465309     DEBUG Test worker     d.u.i.k.n.KeyIO           MODE: 2nd degree decls took 0 
465309     INFO  Test worker     d.u.i.k.n.KeyIO           Parsing took 0 ms 
465309     DEBUG Test worker     d.u.i.k.n.KeyIO           Load declarations of de.uka.ilkd.key.nparser.KeyAst$File:  <unknown>:1#1 
465309     INFO  Test worker     d.u.i.k.n.KeyIO           MODE: declarations took 0 ms 
465309     DEBUG Test worker     d.u.i.k.n.KeyIO           MODE: 2nd degree decls took 0 
465310     INFO  Test worker     d.u.i.k.n.KeyIO           Parsing took 0 ms 
465310     DEBUG Test worker     d.u.i.k.n.KeyIO           Load declarations of de.uka.ilkd.key.nparser.KeyAst$File:  <unknown>:1#1 
465310     INFO  Test worker     d.u.i.k.n.KeyIO           MODE: declarations took 0 ms 
465310     DEBUG Test worker     d.u.i.k.n.KeyIO           MODE: 2nd degree decls took 0 
465310     INFO  Test worker     d.u.i.k.n.KeyIO           Parsing took 0 ms 
465310     DEBUG Test worker     d.u.i.k.n.KeyIO           Load declarations of de.uka.ilkd.key.nparser.KeyAst$File:  <unknown>:1#1 
465310     INFO  Test worker     d.u.i.k.n.KeyIO           MODE: declarations took 0 ms 
465310     DEBUG Test worker     d.u.i.k.n.KeyIO           MODE: 2nd degree decls took 0 
465310     INFO  Test worker     d.u.i.k.n.KeyIO           Parsing took 0 ms 
465310     DEBUG Test worker     d.u.i.k.n.KeyIO           Load declarations of de.uka.ilkd.key.nparser.KeyAst$File:  <unknown>:1#1 
465310     INFO  Test worker     d.u.i.k.n.KeyIO           MODE: declarations took 0 ms 
465310     DEBUG Test worker     d.u.i.k.n.KeyIO           MODE: 2nd degree decls took 0 
468675     INFO  Test worker     d.u.i.k.n.KeyIO           Parsing took 0 ms 
468675     DEBUG Test worker     d.u.i.k.n.KeyIO           Load declarations of de.uka.ilkd.key.nparser.KeyAst$File:  <unknown>:1#1 
468675     INFO  Test worker     d.u.i.k.n.KeyIO           MODE: declarations took 0 ms 
468675     DEBUG Test worker     d.u.i.k.n.KeyIO           MODE: 2nd degree decls took 0 
468675     INFO  Test worker     d.u.i.k.n.KeyIO           Parsing took 0 ms 
468675     DEBUG Test worker     d.u.i.k.n.KeyIO           Load declarations of de.uka.ilkd.key.nparser.KeyAst$File:  <unknown>:1#1 
468675     INFO  Test worker     d.u.i.k.n.KeyIO           MODE: declarations took 0 ms 
468675     DEBUG Test worker     d.u.i.k.n.KeyIO           MODE: 2nd degree decls took 0 
468675     INFO  Test worker     d.u.i.k.n.KeyIO           Parsing took 0 ms 
468675     DEBUG Test worker     d.u.i.k.n.KeyIO           Load declarations of de.uka.ilkd.key.nparser.KeyAst$File:  <unknown>:1#1 
468675     INFO  Test worker     d.u.i.k.n.KeyIO           MODE: declarations took 0 ms 
468675     DEBUG Test worker     d.u.i.k.n.KeyIO           MODE: 2nd degree decls took 0 
468675     INFO  Test worker     d.u.i.k.n.KeyIO           Parsing took 0 ms 
468675     DEBUG Test worker     d.u.i.k.n.KeyIO           Load declarations of de.uka.ilkd.key.nparser.KeyAst$File:  <unknown>:1#1 
468675     INFO  Test worker     d.u.i.k.n.KeyIO           MODE: declarations took 0 ms 
468675     DEBUG Test worker     d.u.i.k.n.KeyIO           MODE: 2nd degree decls took 0 
468675     INFO  Test worker     d.u.i.k.n.KeyIO           Parsing took 0 ms 
468675     DEBUG Test worker     d.u.i.k.n.KeyIO           Load declarations of de.uka.ilkd.key.nparser.KeyAst$File:  <unknown>:1#1 
468675     INFO  Test worker     d.u.i.k.n.KeyIO           MODE: declarations took 0 ms 
468675     DEBUG Test worker     d.u.i.k.n.KeyIO           MODE: 2nd degree decls took 0 
471976     INFO  Test worker     d.u.i.k.n.KeyIO           Parsing took 0 ms 
471977     DEBUG Test worker     d.u.i.k.n.KeyIO           Load declarations of de.uka.ilkd.key.nparser.KeyAst$File:  <unknown>:1#1 
471977     INFO  Test worker     d.u.i.k.n.KeyIO           MODE: declarations took 0 ms 
471977     DEBUG Test worker     d.u.i.k.n.KeyIO           MODE: 2nd degree decls took 0 
471977     INFO  Test worker     d.u.i.k.n.KeyIO           Parsing took 0 ms 
471977     DEBUG Test worker     d.u.i.k.n.KeyIO           Load declarations of de.uka.ilkd.key.nparser.KeyAst$File:  <unknown>:1#1 
471977     INFO  Test worker     d.u.i.k.n.KeyIO           MODE: declarations took 0 ms 
471977     DEBUG Test worker     d.u.i.k.n.KeyIO           MODE: 2nd degree decls took 0 
471977     INFO  Test worker     d.u.i.k.n.KeyIO           Parsing took 0 ms 
471977     DEBUG Test worker     d.u.i.k.n.KeyIO           Load declarations of de.uka.ilkd.key.nparser.KeyAst$File:  <unknown>:1#1 
471977     INFO  Test worker     d.u.i.k.n.KeyIO           MODE: declarations took 0 ms 
471977     DEBUG Test worker     d.u.i.k.n.KeyIO           MODE: 2nd degree decls took 0 
471977     INFO  Test worker     d.u.i.k.n.KeyIO           Parsing took 0 ms 
471977     DEBUG Test worker     d.u.i.k.n.KeyIO           Load declarations of de.uka.ilkd.key.nparser.KeyAst$File:  <unknown>:1#1 
471977     INFO  Test worker     d.u.i.k.n.KeyIO           MODE: declarations took 0 ms 
471977     DEBUG Test worker     d.u.i.k.n.KeyIO           MODE: 2nd degree decls took 0 
471977     INFO  Test worker     d.u.i.k.n.KeyIO           Parsing took 0 ms 
471977     DEBUG Test worker     d.u.i.k.n.KeyIO           Load declarations of de.uka.ilkd.key.nparser.KeyAst$File:  <unknown>:1#1 
471977     INFO  Test worker     d.u.i.k.n.KeyIO           MODE: declarations took 0 ms 
471977     DEBUG Test worker     d.u.i.k.n.KeyIO           MODE: 2nd degree decls took 0 
]]></system-out>
  <system-err><![CDATA[]]></system-err>
</testsuite>
