<?xml version="1.0" encoding="UTF-8"?>
<testsuite name="de.uka.ilkd.key.taclettranslation.TestTacletTranslator" tests="5" skipped="0" failures="0" errors="0" timestamp="2023-05-28T15:38:34" hostname="fv-az561-723" time="0.009">
  <properties/>
  <testcase name="testPropositional1()" classname="de.uka.ilkd.key.taclettranslation.TestTacletTranslator" time="0.003"/>
  <testcase name="testPropositional2()" classname="de.uka.ilkd.key.taclettranslation.TestTacletTranslator" time="0.002"/>
  <testcase name="testNegativePolarity()" classname="de.uka.ilkd.key.taclettranslation.TestTacletTranslator" time="0.001"/>
  <testcase name="testNoPolarity()" classname="de.uka.ilkd.key.taclettranslation.TestTacletTranslator" time="0.001"/>
  <testcase name="testPositivePolarity()" classname="de.uka.ilkd.key.taclettranslation.TestTacletTranslator" time="0.002"/>
  <system-out><![CDATA[910861     INFO  Test worker     d.u.i.k.n.KeyIO           Parsing took 0 ms 
910861     DEBUG Test worker     d.u.i.k.n.KeyIO           Load declarations of de.uka.ilkd.key.nparser.KeyAst$File:  <unknown>:1#1 
910861     INFO  Test worker     d.u.i.k.n.KeyIO           MODE: declarations took 0 ms 
910861     DEBUG Test worker     d.u.i.k.n.KeyIO           MODE: 2nd degree decls took 0 
910861     DEBUG Test worker     d.u.i.k.n.KeyIO           MODE: taclets took 0ms 
910864     INFO  Test worker     d.u.i.k.n.KeyIO           Parsing took 0 ms 
910864     DEBUG Test worker     d.u.i.k.n.KeyIO           Load declarations of de.uka.ilkd.key.nparser.KeyAst$File:  <unknown>:1#1 
910865     INFO  Test worker     d.u.i.k.n.KeyIO           MODE: declarations took 1 ms 
910865     DEBUG Test worker     d.u.i.k.n.KeyIO           MODE: 2nd degree decls took 0 
910865     DEBUG Test worker     d.u.i.k.n.KeyIO           MODE: taclets took 0ms 
910866     INFO  Test worker     d.u.i.k.n.KeyIO           Parsing took 0 ms 
910866     DEBUG Test worker     d.u.i.k.n.KeyIO           Load declarations of de.uka.ilkd.key.nparser.KeyAst$File:  <unknown>:1#1 
910866     INFO  Test worker     d.u.i.k.n.KeyIO           MODE: declarations took 0 ms 
910866     DEBUG Test worker     d.u.i.k.n.KeyIO           MODE: 2nd degree decls took 0 
910866     DEBUG Test worker     d.u.i.k.n.KeyIO           MODE: taclets took 0ms 
910867     INFO  Test worker     d.u.i.k.n.KeyIO           Parsing took 0 ms 
910867     DEBUG Test worker     d.u.i.k.n.KeyIO           Load declarations of de.uka.ilkd.key.nparser.KeyAst$File:  <unknown>:1#1 
910867     INFO  Test worker     d.u.i.k.n.KeyIO           MODE: declarations took 0 ms 
910867     DEBUG Test worker     d.u.i.k.n.KeyIO           MODE: 2nd degree decls took 0 
910868     DEBUG Test worker     d.u.i.k.n.KeyIO           MODE: taclets took 1ms 
910869     INFO  Test worker     d.u.i.k.n.KeyIO           Parsing took 0 ms 
910869     DEBUG Test worker     d.u.i.k.n.KeyIO           Load declarations of de.uka.ilkd.key.nparser.KeyAst$File:  <unknown>:1#1 
910869     INFO  Test worker     d.u.i.k.n.KeyIO           MODE: declarations took 0 ms 
910869     DEBUG Test worker     d.u.i.k.n.KeyIO           MODE: 2nd degree decls took 0 
910869     DEBUG Test worker     d.u.i.k.n.KeyIO           MODE: taclets took 0ms 
]]></system-out>
  <system-err><![CDATA[]]></system-err>
</testsuite>
