<?xml version="1.0" encoding="UTF-8"?>
<testsuite name="de.uka.ilkd.key.proof.TestOneStepSimplifier" tests="1" skipped="0" failures="0" errors="0" timestamp="2023-05-28T15:31:22" hostname="fv-az561-723" time="4.641">
  <properties/>
  <testcase name="loadWithRestriction()" classname="de.uka.ilkd.key.proof.TestOneStepSimplifier" time="4.641"/>
  <system-out><![CDATA[478779     INFO  Test worker     d.u.i.k.p.i.AbstractProblemLoader Loading environment from src/test/resources/testcase/ossRestriction.proof 
478779     DEBUG Test worker     d.u.i.k.p.i.AbstractProblemLoader Environment load took 87.9ns 
478780     INFO  Test worker     d.u.i.k.p.i.AbstractProblemLoader Creating init config 
478942     DEBUG Test worker     d.u.i.k.j.TypeConverter   No LDT found for Meta 
478942     DEBUG Test worker     d.u.i.k.j.TypeConverter   No LDT found for Meta 
478943     DEBUG Test worker     d.u.i.k.j.TypeConverter   No LDT found for Meta 
478943     DEBUG Test worker     d.u.i.k.j.TypeConverter   No LDT found for Meta 
479656     DEBUG Test worker     d.u.i.k.j.TypeConverter   No LDT found for JavaBigintExpression 
483375     DEBUG Test worker     d.u.i.k.p.i.AbstractProblemLoader Init config took 4.59s 
483414     INFO  Test worker     d.u.i.k.p.i.AbstractProblemLoader Replaying proof ossRestriction.proof 
483418     DEBUG Test worker     d.u.i.k.p.i.IntermediateProofReplayer Proof replay took 1.2ms 
]]></system-out>
  <system-err><![CDATA[]]></system-err>
</testsuite>
