<?xml version="1.0" encoding="UTF-8"?>
<testsuite name="de.uka.ilkd.key.parser.TestTacletParser" tests="20" skipped="0" failures="0" errors="0" timestamp="2023-05-28T15:29:01" hostname="fv-az561-723" time="0.1">
  <properties/>
  <testcase name="testAllRight()" classname="de.uka.ilkd.key.parser.TestTacletParser" time="0.003"/>
  <testcase name="testSchemaJava0()" classname="de.uka.ilkd.key.parser.TestTacletParser" time="0.002"/>
  <testcase name="testSchemaJava1()" classname="de.uka.ilkd.key.parser.TestTacletParser" time="0.013"/>
  <testcase name="testSchemaJava2()" classname="de.uka.ilkd.key.parser.TestTacletParser" time="0.003"/>
  <testcase name="testSchemaJava4()" classname="de.uka.ilkd.key.parser.TestTacletParser" time="0.007"/>
  <testcase name="testSchemaJava6()" classname="de.uka.ilkd.key.parser.TestTacletParser" time="0.003"/>
  <testcase name="testSchemaJava8()" classname="de.uka.ilkd.key.parser.TestTacletParser" time="0.001"/>
  <testcase name="testCut()" classname="de.uka.ilkd.key.parser.TestTacletParser" time="0.001"/>
  <testcase name="testMakeInsertEq()" classname="de.uka.ilkd.key.parser.TestTacletParser" time="0.002"/>
  <testcase name="testAllLeft()" classname="de.uka.ilkd.key.parser.TestTacletParser" time="0.002"/>
  <testcase name="testClose()" classname="de.uka.ilkd.key.parser.TestTacletParser" time="0.022"/>
  <testcase name="testSchemaJava10()" classname="de.uka.ilkd.key.parser.TestTacletParser" time="0.002"/>
  <testcase name="testSchemaJava11()" classname="de.uka.ilkd.key.parser.TestTacletParser" time="0.016"/>
  <testcase name="testFIdempotent()" classname="de.uka.ilkd.key.parser.TestTacletParser" time="0.002"/>
  <testcase name="testImpRight()" classname="de.uka.ilkd.key.parser.TestTacletParser" time="0.001"/>
  <testcase name="testVarcondNew()" classname="de.uka.ilkd.key.parser.TestTacletParser" time="0.005"/>
  <testcase name="testFreeReplacewithVariables()" classname="de.uka.ilkd.key.parser.TestTacletParser" time="0.005"/>
  <testcase name="testImpLeft()" classname="de.uka.ilkd.key.parser.TestTacletParser" time="0.002"/>
  <testcase name="testContraposition()" classname="de.uka.ilkd.key.parser.TestTacletParser" time="0.002"/>
  <testcase name="testExConjSplit()" classname="de.uka.ilkd.key.parser.TestTacletParser" time="0.002"/>
  <system-out><![CDATA[338476     INFO  Test worker     d.u.i.k.n.KeyIO           Parsing took 0 ms 
338476     DEBUG Test worker     d.u.i.k.n.KeyIO           Load declarations of de.uka.ilkd.key.nparser.KeyAst$File:  <unknown>:1#1 
338476     INFO  Test worker     d.u.i.k.n.KeyIO           MODE: declarations took 0 ms 
338476     DEBUG Test worker     d.u.i.k.n.KeyIO           MODE: 2nd degree decls took 0 
338477     DEBUG Test worker     d.u.i.k.n.KeyIO           MODE: taclets took 0ms 
338478     INFO  Test worker     d.u.i.k.n.KeyIO           Parsing took 0 ms 
338478     DEBUG Test worker     d.u.i.k.n.KeyIO           Load declarations of de.uka.ilkd.key.nparser.KeyAst$File:  <unknown>:2#1 
338478     INFO  Test worker     d.u.i.k.n.KeyIO           MODE: declarations took 0 ms 
338478     DEBUG Test worker     d.u.i.k.n.KeyIO           MODE: 2nd degree decls took 0 
338478     DEBUG Test worker     d.u.i.k.n.KeyIO           MODE: taclets took 0ms 
338479     INFO  Test worker     d.u.i.k.n.KeyIO           Parsing took 0 ms 
338479     DEBUG Test worker     d.u.i.k.n.KeyIO           Load declarations of de.uka.ilkd.key.nparser.KeyAst$File:  <unknown>:1#1 
338479     INFO  Test worker     d.u.i.k.n.KeyIO           MODE: declarations took 0 ms 
338479     DEBUG Test worker     d.u.i.k.n.KeyIO           MODE: 2nd degree decls took 0 
338479     DEBUG Test worker     d.u.i.k.n.KeyIO           MODE: taclets took 0ms 
338479     INFO  Test worker     d.u.i.k.n.KeyIO           Parsing took 0 ms 
338479     DEBUG Test worker     d.u.i.k.n.KeyIO           Load declarations of de.uka.ilkd.key.nparser.KeyAst$File:  <unknown>:2#1 
338479     INFO  Test worker     d.u.i.k.n.KeyIO           MODE: declarations took 0 ms 
338479     DEBUG Test worker     d.u.i.k.n.KeyIO           MODE: 2nd degree decls took 0 
338480     DEBUG Test worker     d.u.i.k.n.KeyIO           MODE: taclets took 0ms 
338481     INFO  Test worker     d.u.i.k.n.KeyIO           Parsing took 0 ms 
338481     DEBUG Test worker     d.u.i.k.n.KeyIO           Load declarations of de.uka.ilkd.key.nparser.KeyAst$File:  <unknown>:1#1 
338481     INFO  Test worker     d.u.i.k.n.KeyIO           MODE: declarations took 0 ms 
338481     DEBUG Test worker     d.u.i.k.n.KeyIO           MODE: 2nd degree decls took 0 
338481     DEBUG Test worker     d.u.i.k.n.KeyIO           MODE: taclets took 0ms 
338482     WARN  Test worker     d.u.i.k.n.KeYParser       [syntax-error] <unknown>:2:21: extraneous input '<' expecting {MODALITY, FORALL, EXISTS, '\if', '\ifEx', 'true', 'false', '(', ')', '{', '@', NOT, '-', STRING_LITERAL, CHAR_LITERAL, BIN_LITERAL, HEX_LITERAL, IDENT, INT_LITERAL, FLOAT_LITERAL, DOUBLE_LITERAL, REAL_LITERAL} [@12,22:22='<',<173>,2:21] (argument_list, call, accessterm, primitive_term, primitive_labeled_term, bracket_term, atom_prefix, strong_arith_term_2, strong_arith_term_1, weak_arith_term, comparison_term, equality_term, term60, conjunction_term, disjunction_term, implication_term, equivalence_term, elementary_update_term, parallel_term, term, taclet, rulesOrAxioms, decls, file) 
338492     WARN  Test worker     d.u.i.k.n.KeYParser       [syntax-error] <unknown>:2:23: no viable alternative at input '{..' [@14,24:25='..',<144>,2:23] (atom_prefix, strong_arith_term_2, strong_arith_term_1, weak_arith_term, comparison_term, equality_term, term60, conjunction_term, disjunction_term, implication_term, equivalence_term, elementary_update_term, parallel_term, term, argument_list, call, accessterm, primitive_term, primitive_labeled_term, bracket_term, atom_prefix, strong_arith_term_2, strong_arith_term_1, weak_arith_term, comparison_term, equality_term, term60, conjunction_term, disjunction_term, implication_term, equivalence_term, elementary_update_term, parallel_term, term, taclet, rulesOrAxioms, decls, file) 
338493     WARN  Test worker     d.u.i.k.n.KeYParser       [syntax-error] <unknown>:2:33: mismatched input ';' expecting {',', ')'} [@21,34:34=';',<138>,2:33] (argument_list, call, accessterm, primitive_term, primitive_labeled_term, bracket_term, atom_prefix, strong_arith_term_2, strong_arith_term_1, weak_arith_term, comparison_term, equality_term, term60, conjunction_term, disjunction_term, implication_term, equivalence_term, elementary_update_term, parallel_term, term, taclet, rulesOrAxioms, decls, file) 
338493     WARN  Test worker     d.u.i.k.n.KeYParser       [syntax-error] <unknown>:2:41: no viable alternative at input '#i;' [@26,42:42=';',<138>,2:41] (option_list, taclet, rulesOrAxioms, decls, file) 
338493     WARN  Test worker     d.u.i.k.n.KeYParser       [syntax-error] <unknown>:2:43: mismatched input '<' expecting {'(', '{'} [@28,44:44='<',<173>,2:43] (taclet, rulesOrAxioms, decls, file) 
338494     WARN  Test worker     d.u.i.k.n.KeYParser       [syntax-error] <unknown>:2:47: mismatched input '+' expecting {'(', '{'} [@32,48:48='+',<167>,2:47] (taclet, rulesOrAxioms, decls, file) 
338494     WARN  Test worker     d.u.i.k.n.KeYParser       [syntax-error] <unknown>:2:52: extraneous input '..' expecting {'\lemma', '}', IDENT, '/*!'} [@37,53:54='..',<144>,2:52] (rulesOrAxioms, decls, file) 
338494     WARN  Test worker     d.u.i.k.n.KeYParser       [syntax-error] <unknown>:2:56: mismatched input '>' expecting {<EOF>, '\problem', '\chooseContract', '\proofObligation', '\proof'} [@40,57:57='>',<168>,2:56] (file) 
338495     INFO  Test worker     d.u.i.k.n.KeyIO           Parsing took 0 ms 
338496     DEBUG Test worker     d.u.i.k.n.KeyIO           Load declarations of de.uka.ilkd.key.nparser.KeyAst$File:  <unknown>:1#1 
338496     INFO  Test worker     d.u.i.k.n.KeyIO           MODE: declarations took 0 ms 
338496     DEBUG Test worker     d.u.i.k.n.KeyIO           MODE: 2nd degree decls took 0 
338496     DEBUG Test worker     d.u.i.k.n.KeyIO           MODE: taclets took 0ms 
338497     WARN  Test worker     d.u.i.k.n.KeYParser       [syntax-error] <unknown>:2:21: extraneous input '<' expecting {MODALITY, FORALL, EXISTS, '\if', '\ifEx', 'true', 'false', '(', ')', '{', '@', NOT, '-', STRING_LITERAL, CHAR_LITERAL, BIN_LITERAL, HEX_LITERAL, IDENT, INT_LITERAL, FLOAT_LITERAL, DOUBLE_LITERAL, REAL_LITERAL} [@12,22:22='<',<173>,2:21] (argument_list, call, accessterm, primitive_term, primitive_labeled_term, bracket_term, atom_prefix, strong_arith_term_2, strong_arith_term_1, weak_arith_term, comparison_term, equality_term, term60, conjunction_term, disjunction_term, implication_term, equivalence_term, elementary_update_term, parallel_term, term, taclet, rulesOrAxioms, decls, file) 
338497     WARN  Test worker     d.u.i.k.n.KeYParser       [syntax-error] <unknown>:2:23: no viable alternative at input '{..' [@14,24:25='..',<144>,2:23] (atom_prefix, strong_arith_term_2, strong_arith_term_1, weak_arith_term, comparison_term, equality_term, term60, conjunction_term, disjunction_term, implication_term, equivalence_term, elementary_update_term, parallel_term, term, argument_list, call, accessterm, primitive_term, primitive_labeled_term, bracket_term, atom_prefix, strong_arith_term_2, strong_arith_term_1, weak_arith_term, comparison_term, equality_term, term60, conjunction_term, disjunction_term, implication_term, equivalence_term, elementary_update_term, parallel_term, term, taclet, rulesOrAxioms, decls, file) 
338497     WARN  Test worker     d.u.i.k.n.KeYParser       [syntax-error] <unknown>:2:33: mismatched input ';' expecting {',', ')'} [@21,34:34=';',<138>,2:33] (argument_list, call, accessterm, primitive_term, primitive_labeled_term, bracket_term, atom_prefix, strong_arith_term_2, strong_arith_term_1, weak_arith_term, comparison_term, equality_term, term60, conjunction_term, disjunction_term, implication_term, equivalence_term, elementary_update_term, parallel_term, term, taclet, rulesOrAxioms, decls, file) 
338497     WARN  Test worker     d.u.i.k.n.KeYParser       [syntax-error] <unknown>:2:43: no viable alternative at input '#lab;' [@26,44:44=';',<138>,2:43] (option_list, taclet, rulesOrAxioms, decls, file) 
338497     WARN  Test worker     d.u.i.k.n.KeYParser       [syntax-error] <unknown>:2:45: mismatched input '<' expecting {'(', '{'} [@28,46:46='<',<173>,2:45] (taclet, rulesOrAxioms, decls, file) 
338497     WARN  Test worker     d.u.i.k.n.KeYParser       [syntax-error] <unknown>:2:50: mismatched input '+' expecting {'(', '{'} [@32,51:51='+',<167>,2:50] (taclet, rulesOrAxioms, decls, file) 
338497     WARN  Test worker     d.u.i.k.n.KeYParser       [syntax-error] <unknown>:2:56: extraneous input '..' expecting {'\lemma', '}', IDENT, '/*!'} [@38,57:58='..',<144>,2:56] (rulesOrAxioms, decls, file) 
338498     WARN  Test worker     d.u.i.k.n.KeYParser       [syntax-error] <unknown>:2:60: mismatched input '>' expecting {<EOF>, '\problem', '\chooseContract', '\proofObligation', '\proof'} [@41,61:61='>',<168>,2:60] (file) 
338499     INFO  Test worker     d.u.i.k.n.KeyIO           Parsing took 1 ms 
338499     DEBUG Test worker     d.u.i.k.n.KeyIO           Load declarations of de.uka.ilkd.key.nparser.KeyAst$File:  <unknown>:1#1 
338499     INFO  Test worker     d.u.i.k.n.KeyIO           MODE: declarations took 0 ms 
338499     DEBUG Test worker     d.u.i.k.n.KeyIO           MODE: 2nd degree decls took 0 
338503     DEBUG Test worker     d.u.i.k.n.KeyIO           MODE: taclets took 4ms 
338504     INFO  Test worker     d.u.i.k.n.KeyIO           Parsing took 1 ms 
338504     DEBUG Test worker     d.u.i.k.n.KeyIO           Load declarations of de.uka.ilkd.key.nparser.KeyAst$File:  <unknown>:2#1 
338504     INFO  Test worker     d.u.i.k.n.KeyIO           MODE: declarations took 0 ms 
338504     DEBUG Test worker     d.u.i.k.n.KeyIO           MODE: 2nd degree decls took 0 
338505     DEBUG Test worker     d.u.i.k.n.KeyIO           MODE: taclets took 1ms 
338506     INFO  Test worker     d.u.i.k.n.KeyIO           Parsing took 1 ms 
338506     DEBUG Test worker     d.u.i.k.n.KeyIO           Load declarations of de.uka.ilkd.key.nparser.KeyAst$File:  <unknown>:1#1 
338506     INFO  Test worker     d.u.i.k.n.KeyIO           MODE: declarations took 0 ms 
338506     DEBUG Test worker     d.u.i.k.n.KeyIO           MODE: 2nd degree decls took 0 
338507     DEBUG Test worker     d.u.i.k.n.KeyIO           MODE: taclets took 0ms 
338507     INFO  Test worker     d.u.i.k.n.KeyIO           Parsing took 0 ms 
338507     DEBUG Test worker     d.u.i.k.n.KeyIO           Load declarations of de.uka.ilkd.key.nparser.KeyAst$File:  <unknown>:2#1 
338507     INFO  Test worker     d.u.i.k.n.KeyIO           MODE: declarations took 0 ms 
338507     DEBUG Test worker     d.u.i.k.n.KeyIO           MODE: 2nd degree decls took 0 
338508     DEBUG Test worker     d.u.i.k.n.KeyIO           MODE: taclets took 1ms 
338509     INFO  Test worker     d.u.i.k.n.KeyIO           Parsing took 0 ms 
338509     DEBUG Test worker     d.u.i.k.n.KeyIO           Load declarations of de.uka.ilkd.key.nparser.KeyAst$File:  <unknown>:1#1 
338509     INFO  Test worker     d.u.i.k.n.KeyIO           MODE: declarations took 0 ms 
338509     DEBUG Test worker     d.u.i.k.n.KeyIO           MODE: 2nd degree decls took 0 
338509     DEBUG Test worker     d.u.i.k.n.KeyIO           MODE: taclets took 0ms 
338509     INFO  Test worker     d.u.i.k.n.KeyIO           Parsing took 0 ms 
338509     DEBUG Test worker     d.u.i.k.n.KeyIO           Load declarations of de.uka.ilkd.key.nparser.KeyAst$File:  <unknown>:2#1 
338510     INFO  Test worker     d.u.i.k.n.KeyIO           MODE: declarations took 1 ms 
338510     DEBUG Test worker     d.u.i.k.n.KeyIO           MODE: 2nd degree decls took 0 
338510     DEBUG Test worker     d.u.i.k.n.KeyIO           MODE: taclets took 0ms 
338510     INFO  Test worker     d.u.i.k.n.KeyIO           Parsing took 0 ms 
338510     DEBUG Test worker     d.u.i.k.n.KeyIO           Load declarations of de.uka.ilkd.key.nparser.KeyAst$File:  <unknown>:1#1 
338511     INFO  Test worker     d.u.i.k.n.KeyIO           MODE: declarations took 1 ms 
338511     DEBUG Test worker     d.u.i.k.n.KeyIO           MODE: 2nd degree decls took 0 
338511     DEBUG Test worker     d.u.i.k.n.KeyIO           MODE: taclets took 0ms 
338511     INFO  Test worker     d.u.i.k.n.KeyIO           Parsing took 0 ms 
338511     DEBUG Test worker     d.u.i.k.n.KeyIO           Load declarations of de.uka.ilkd.key.nparser.KeyAst$File:  <unknown>:2#1 
338511     INFO  Test worker     d.u.i.k.n.KeyIO           MODE: declarations took 0 ms 
338511     DEBUG Test worker     d.u.i.k.n.KeyIO           MODE: 2nd degree decls took 0 
338512     DEBUG Test worker     d.u.i.k.n.KeyIO           MODE: taclets took 0ms 
338512     INFO  Test worker     d.u.i.k.n.KeyIO           Parsing took 0 ms 
338512     DEBUG Test worker     d.u.i.k.n.KeyIO           Load declarations of de.uka.ilkd.key.nparser.KeyAst$File:  <unknown>:1#1 
338512     INFO  Test worker     d.u.i.k.n.KeyIO           MODE: declarations took 0 ms 
338512     DEBUG Test worker     d.u.i.k.n.KeyIO           MODE: 2nd degree decls took 0 
338513     DEBUG Test worker     d.u.i.k.n.KeyIO           MODE: taclets took 0ms 
338513     INFO  Test worker     d.u.i.k.n.KeyIO           Parsing took 0 ms 
338513     DEBUG Test worker     d.u.i.k.n.KeyIO           Load declarations of de.uka.ilkd.key.nparser.KeyAst$File:  <unknown>:2#1 
338513     INFO  Test worker     d.u.i.k.n.KeyIO           MODE: declarations took 0 ms 
338513     DEBUG Test worker     d.u.i.k.n.KeyIO           MODE: 2nd degree decls took 0 
338514     DEBUG Test worker     d.u.i.k.n.KeyIO           MODE: taclets took 1ms 
338514     INFO  Test worker     d.u.i.k.n.KeyIO           Parsing took 0 ms 
338514     DEBUG Test worker     d.u.i.k.n.KeyIO           Load declarations of de.uka.ilkd.key.nparser.KeyAst$File:  <unknown>:1#1 
338514     INFO  Test worker     d.u.i.k.n.KeyIO           MODE: declarations took 0 ms 
338514     DEBUG Test worker     d.u.i.k.n.KeyIO           MODE: 2nd degree decls took 0 
338514     DEBUG Test worker     d.u.i.k.n.KeyIO           MODE: taclets took 0ms 
338515     INFO  Test worker     d.u.i.k.n.KeyIO           Parsing took 0 ms 
338515     DEBUG Test worker     d.u.i.k.n.KeyIO           Load declarations of de.uka.ilkd.key.nparser.KeyAst$File:  <unknown>:2#1 
338515     INFO  Test worker     d.u.i.k.n.KeyIO           MODE: declarations took 0 ms 
338515     DEBUG Test worker     d.u.i.k.n.KeyIO           MODE: 2nd degree decls took 0 
338515     DEBUG Test worker     d.u.i.k.n.KeyIO           MODE: taclets took 0ms 
338535     INFO  Test worker     d.u.i.k.n.KeyIO           Parsing took 0 ms 
338535     DEBUG Test worker     d.u.i.k.n.KeyIO           Load declarations of de.uka.ilkd.key.nparser.KeyAst$File:  <unknown>:1#1 
338536     INFO  Test worker     d.u.i.k.n.KeyIO           MODE: declarations took 1 ms 
338536     DEBUG Test worker     d.u.i.k.n.KeyIO           MODE: 2nd degree decls took 0 
338536     DEBUG Test worker     d.u.i.k.n.KeyIO           MODE: taclets took 0ms 
338537     INFO  Test worker     d.u.i.k.n.KeyIO           Parsing took 0 ms 
338537     DEBUG Test worker     d.u.i.k.n.KeyIO           Load declarations of de.uka.ilkd.key.nparser.KeyAst$File:  <unknown>:2#1 
338537     INFO  Test worker     d.u.i.k.n.KeyIO           MODE: declarations took 0 ms 
338537     DEBUG Test worker     d.u.i.k.n.KeyIO           MODE: 2nd degree decls took 0 
338537     DEBUG Test worker     d.u.i.k.n.KeyIO           MODE: taclets took 0ms 
338538     INFO  Test worker     d.u.i.k.n.KeyIO           Parsing took 0 ms 
338538     DEBUG Test worker     d.u.i.k.n.KeyIO           Load declarations of de.uka.ilkd.key.nparser.KeyAst$File:  <unknown>:1#1 
338538     INFO  Test worker     d.u.i.k.n.KeyIO           MODE: declarations took 0 ms 
338538     DEBUG Test worker     d.u.i.k.n.KeyIO           MODE: 2nd degree decls took 0 
338538     DEBUG Test worker     d.u.i.k.n.KeyIO           MODE: taclets took 0ms 
338538     INFO  Test worker     d.u.i.k.n.KeyIO           Parsing took 0 ms 
338538     DEBUG Test worker     d.u.i.k.n.KeyIO           Load declarations of de.uka.ilkd.key.nparser.KeyAst$File:  <unknown>:2#1 
338539     INFO  Test worker     d.u.i.k.n.KeyIO           MODE: declarations took 1 ms 
338539     DEBUG Test worker     d.u.i.k.n.KeyIO           MODE: 2nd degree decls took 0 
338539     DEBUG Test worker     d.u.i.k.n.KeyIO           MODE: taclets took 0ms 
338540     INFO  Test worker     d.u.i.k.n.KeyIO           Parsing took 0 ms 
338540     DEBUG Test worker     d.u.i.k.n.KeyIO           Load declarations of de.uka.ilkd.key.nparser.KeyAst$File:  <unknown>:1#1 
338540     INFO  Test worker     d.u.i.k.n.KeyIO           MODE: declarations took 0 ms 
338540     DEBUG Test worker     d.u.i.k.n.KeyIO           MODE: 2nd degree decls took 0 
338540     DEBUG Test worker     d.u.i.k.n.KeyIO           MODE: taclets took 0ms 
338546     INFO  Test worker     d.u.i.k.n.KeyIO           Parsing took 6 ms 
338546     DEBUG Test worker     d.u.i.k.n.KeyIO           Load declarations of de.uka.ilkd.key.nparser.KeyAst$File:  <unknown>:2#1 
338546     INFO  Test worker     d.u.i.k.n.KeyIO           MODE: declarations took 0 ms 
338546     DEBUG Test worker     d.u.i.k.n.KeyIO           MODE: 2nd degree decls took 0 
338555     DEBUG Test worker     d.u.i.k.n.KeyIO           MODE: taclets took 9ms 
338556     INFO  Test worker     d.u.i.k.n.KeyIO           Parsing took 0 ms 
338556     DEBUG Test worker     d.u.i.k.n.KeyIO           Load declarations of de.uka.ilkd.key.nparser.KeyAst$File:  <unknown>:1#1 
338556     INFO  Test worker     d.u.i.k.n.KeyIO           MODE: declarations took 0 ms 
338556     DEBUG Test worker     d.u.i.k.n.KeyIO           MODE: 2nd degree decls took 0 
338557     DEBUG Test worker     d.u.i.k.n.KeyIO           MODE: taclets took 1ms 
338557     INFO  Test worker     d.u.i.k.n.KeyIO           Parsing took 0 ms 
338557     DEBUG Test worker     d.u.i.k.n.KeyIO           Load declarations of de.uka.ilkd.key.nparser.KeyAst$File:  <unknown>:2#1 
338557     INFO  Test worker     d.u.i.k.n.KeyIO           MODE: declarations took 0 ms 
338557     DEBUG Test worker     d.u.i.k.n.KeyIO           MODE: 2nd degree decls took 0 
338557     DEBUG Test worker     d.u.i.k.n.KeyIO           MODE: taclets took 0ms 
338558     INFO  Test worker     d.u.i.k.n.KeyIO           Parsing took 0 ms 
338558     DEBUG Test worker     d.u.i.k.n.KeyIO           Load declarations of de.uka.ilkd.key.nparser.KeyAst$File:  <unknown>:1#1 
338558     INFO  Test worker     d.u.i.k.n.KeyIO           MODE: declarations took 0 ms 
338558     DEBUG Test worker     d.u.i.k.n.KeyIO           MODE: 2nd degree decls took 0 
338558     DEBUG Test worker     d.u.i.k.n.KeyIO           MODE: taclets took 0ms 
338559     INFO  Test worker     d.u.i.k.n.KeyIO           Parsing took 1 ms 
338559     DEBUG Test worker     d.u.i.k.n.KeyIO           Load declarations of de.uka.ilkd.key.nparser.KeyAst$File:  <unknown>:2#1 
338559     INFO  Test worker     d.u.i.k.n.KeyIO           MODE: declarations took 0 ms 
338559     DEBUG Test worker     d.u.i.k.n.KeyIO           MODE: 2nd degree decls took 0 
338559     DEBUG Test worker     d.u.i.k.n.KeyIO           MODE: taclets took 0ms 
338561     INFO  Test worker     d.u.i.k.n.KeyIO           Parsing took 0 ms 
338561     DEBUG Test worker     d.u.i.k.n.KeyIO           Load declarations of de.uka.ilkd.key.nparser.KeyAst$File:  <unknown>:1#1 
338561     INFO  Test worker     d.u.i.k.n.KeyIO           MODE: declarations took 0 ms 
338561     DEBUG Test worker     d.u.i.k.n.KeyIO           MODE: 2nd degree decls took 0 
338563     DEBUG Test worker     d.u.i.k.n.KeyIO           MODE: taclets took 0ms 
338563     INFO  Test worker     d.u.i.k.n.KeyIO           Parsing took 0 ms 
338563     DEBUG Test worker     d.u.i.k.n.KeyIO           Load declarations of de.uka.ilkd.key.nparser.KeyAst$File:  <unknown>:2#1 
338563     INFO  Test worker     d.u.i.k.n.KeyIO           MODE: declarations took 0 ms 
338563     DEBUG Test worker     d.u.i.k.n.KeyIO           MODE: 2nd degree decls took 0 
338564     DEBUG Test worker     d.u.i.k.n.KeyIO           MODE: taclets took 0ms 
338564     INFO  Test worker     d.u.i.k.n.KeyIO           Parsing took 0 ms 
338564     DEBUG Test worker     d.u.i.k.n.KeyIO           Load declarations of de.uka.ilkd.key.nparser.KeyAst$File:  <unknown>:2#1 
338564     INFO  Test worker     d.u.i.k.n.KeyIO           MODE: declarations took 0 ms 
338564     DEBUG Test worker     d.u.i.k.n.KeyIO           MODE: 2nd degree decls took 0 
338564     DEBUG Test worker     d.u.i.k.n.KeyIO           MODE: taclets took 0ms 
338565     INFO  Test worker     d.u.i.k.n.KeyIO           Parsing took 0 ms 
338565     DEBUG Test worker     d.u.i.k.n.KeyIO           Load declarations of de.uka.ilkd.key.nparser.KeyAst$File:  <unknown>:1#1 
338565     INFO  Test worker     d.u.i.k.n.KeyIO           MODE: declarations took 0 ms 
338565     DEBUG Test worker     d.u.i.k.n.KeyIO           MODE: 2nd degree decls took 0 
338565     DEBUG Test worker     d.u.i.k.n.KeyIO           MODE: taclets took 0ms 
338565     INFO  Test worker     d.u.i.k.n.KeyIO           Parsing took 0 ms 
338565     DEBUG Test worker     d.u.i.k.n.KeyIO           Load declarations of de.uka.ilkd.key.nparser.KeyAst$File:  <unknown>:2#1 
338565     INFO  Test worker     d.u.i.k.n.KeyIO           MODE: declarations took 0 ms 
338565     DEBUG Test worker     d.u.i.k.n.KeyIO           MODE: 2nd degree decls took 0 
338570     INFO  Test worker     d.u.i.k.n.KeyIO           Parsing took 0 ms 
338570     DEBUG Test worker     d.u.i.k.n.KeyIO           Load declarations of de.uka.ilkd.key.nparser.KeyAst$File:  <unknown>:1#1 
338570     INFO  Test worker     d.u.i.k.n.KeyIO           MODE: declarations took 0 ms 
338570     DEBUG Test worker     d.u.i.k.n.KeyIO           MODE: 2nd degree decls took 0 
338570     DEBUG Test worker     d.u.i.k.n.KeyIO           MODE: taclets took 0ms 
338571     INFO  Test worker     d.u.i.k.n.KeyIO           Parsing took 0 ms 
338571     DEBUG Test worker     d.u.i.k.n.KeyIO           Load declarations of de.uka.ilkd.key.nparser.KeyAst$File:  <unknown>:2#1 
338571     INFO  Test worker     d.u.i.k.n.KeyIO           MODE: declarations took 0 ms 
338571     DEBUG Test worker     d.u.i.k.n.KeyIO           MODE: 2nd degree decls took 0 
338571     DEBUG Test worker     d.u.i.k.n.KeyIO           MODE: taclets took 0ms 
338572     INFO  Test worker     d.u.i.k.n.KeyIO           Parsing took 0 ms 
338572     DEBUG Test worker     d.u.i.k.n.KeyIO           Load declarations of de.uka.ilkd.key.nparser.KeyAst$File:  <unknown>:1#1 
338572     INFO  Test worker     d.u.i.k.n.KeyIO           MODE: declarations took 0 ms 
338572     DEBUG Test worker     d.u.i.k.n.KeyIO           MODE: 2nd degree decls took 0 
338573     DEBUG Test worker     d.u.i.k.n.KeyIO           MODE: taclets took 1ms 
338573     INFO  Test worker     d.u.i.k.n.KeyIO           Parsing took 0 ms 
338573     DEBUG Test worker     d.u.i.k.n.KeyIO           Load declarations of de.uka.ilkd.key.nparser.KeyAst$File:  <unknown>:2#1 
338573     INFO  Test worker     d.u.i.k.n.KeyIO           MODE: declarations took 0 ms 
338573     DEBUG Test worker     d.u.i.k.n.KeyIO           MODE: 2nd degree decls took 0 
338573     DEBUG Test worker     d.u.i.k.n.KeyIO           MODE: taclets took 0ms 
338574     INFO  Test worker     d.u.i.k.n.KeyIO           Parsing took 0 ms 
338574     DEBUG Test worker     d.u.i.k.n.KeyIO           Load declarations of de.uka.ilkd.key.nparser.KeyAst$File:  <unknown>:1#1 
338574     INFO  Test worker     d.u.i.k.n.KeyIO           MODE: declarations took 0 ms 
338574     DEBUG Test worker     d.u.i.k.n.KeyIO           MODE: 2nd degree decls took 0 
338574     DEBUG Test worker     d.u.i.k.n.KeyIO           MODE: taclets took 0ms 
338575     INFO  Test worker     d.u.i.k.n.KeyIO           Parsing took 0 ms 
338575     DEBUG Test worker     d.u.i.k.n.KeyIO           Load declarations of de.uka.ilkd.key.nparser.KeyAst$File:  <unknown>:2#1 
338575     INFO  Test worker     d.u.i.k.n.KeyIO           MODE: declarations took 0 ms 
338575     DEBUG Test worker     d.u.i.k.n.KeyIO           MODE: 2nd degree decls took 0 
338575     DEBUG Test worker     d.u.i.k.n.KeyIO           MODE: taclets took 0ms 
]]></system-out>
  <system-err><![CDATA[]]></system-err>
</testsuite>
