<?xml version="1.0" encoding="UTF-8"?>
<testsuite name="de.uka.ilkd.key.macros.scripts.TestProofScriptCommand" tests="7" skipped="0" failures="0" errors="0" timestamp="2023-05-28T15:26:34" hostname="fv-az561-723" time="23.008">
  <properties/>
  <testcase name="[1] unhide2.props, /home/runner/work/key/key/key.core/build/resources/test/de/uka/ilkd/key/macros/scripts/cases/unhide2.props" classname="de.uka.ilkd.key.macros.scripts.TestProofScriptCommand" time="3.281"/>
  <testcase name="[2] unhide.props, /home/runner/work/key/key/key.core/build/resources/test/de/uka/ilkd/key/macros/scripts/cases/unhide.props" classname="de.uka.ilkd.key.macros.scripts.TestProofScriptCommand" time="3.224"/>
  <testcase name="[3] selectFormula.props, /home/runner/work/key/key/key.core/build/resources/test/de/uka/ilkd/key/macros/scripts/cases/selectFormula.props" classname="de.uka.ilkd.key.macros.scripts.TestProofScriptCommand" time="3.336"/>
  <testcase name="[4] hide.exc.props, /home/runner/work/key/key/key.core/build/resources/test/de/uka/ilkd/key/macros/scripts/cases/hide.exc.props" classname="de.uka.ilkd.key.macros.scripts.TestProofScriptCommand" time="3.319"/>
  <testcase name="[5] hide.props, /home/runner/work/key/key/key.core/build/resources/test/de/uka/ilkd/key/macros/scripts/cases/hide.props" classname="de.uka.ilkd.key.macros.scripts.TestProofScriptCommand" time="3.283"/>
  <testcase name="[6] rule.exc.props, /home/runner/work/key/key/key.core/build/resources/test/de/uka/ilkd/key/macros/scripts/cases/rule.exc.props" classname="de.uka.ilkd.key.macros.scripts.TestProofScriptCommand" time="3.355"/>
  <testcase name="[7] andRight.props, /home/runner/work/key/key/key.core/build/resources/test/de/uka/ilkd/key/macros/scripts/cases/andRight.props" classname="de.uka.ilkd.key.macros.scripts.TestProofScriptCommand" time="3.209"/>
  <system-out><![CDATA[191163     INFO  Test worker     d.u.i.k.p.i.AbstractProblemLoader Loading environment from /tmp/proofscript_key_unhide2.props14426607444961411935.key 
191163     DEBUG Test worker     d.u.i.k.p.i.AbstractProblemLoader Environment load took 129.4ns 
191164     INFO  Test worker     d.u.i.k.p.i.AbstractProblemLoader Creating init config 
194380     DEBUG Test worker     d.u.i.k.p.i.AbstractProblemLoader Init config took 3.22s 
194406     INFO  Test worker     d.u.i.k.p.i.AbstractProblemLoader Replaying proof proofscript_key_unhide2.props14426607444961411935.key 
194408     DEBUG Test worker     d.u.i.k.p.i.IntermediateProofReplayer Proof replay took 26.6ns 
194409     DEBUG Test worker     d.u.i.k.m.s.ProofScriptEngine 1: 'rule impRight' 
194414     DEBUG Test worker     d.u.i.k.m.s.ProofScriptEngine 2: 'hide '2=3 ==> 3=4'' 
194415     DEBUG Test worker     d.u.i.k.m.s.ProofScriptEngine 3: 'unhide '2=3 ==> 3=4'' 
194428     INFO  Test worker     d.u.i.k.p.i.AbstractProblemLoader Loading environment from /tmp/proofscript_key_unhide.props641985305725395638.key 
194429     DEBUG Test worker     d.u.i.k.p.i.AbstractProblemLoader Environment load took 122.6ns 
194430     INFO  Test worker     d.u.i.k.p.i.AbstractProblemLoader Creating init config 
197608     DEBUG Test worker     d.u.i.k.p.i.AbstractProblemLoader Init config took 3.18s 
197638     INFO  Test worker     d.u.i.k.p.i.AbstractProblemLoader Replaying proof proofscript_key_unhide.props641985305725395638.key 
197640     DEBUG Test worker     d.u.i.k.p.i.IntermediateProofReplayer Proof replay took 8.2ns 
197641     DEBUG Test worker     d.u.i.k.m.s.ProofScriptEngine 1: 'rule impRight' 
197645     DEBUG Test worker     d.u.i.k.m.s.ProofScriptEngine 2: 'hide '2=3 ==> 3=4'' 
197648     DEBUG Test worker     d.u.i.k.m.s.ProofScriptEngine 3: 'unhide '2=3 ==>'' 
197649     DEBUG Test worker     d.u.i.k.m.s.ProofScriptEngine 4: 'unhide '==> 3=4'' 
197653     INFO  Test worker     d.u.i.k.p.i.AbstractProblemLoader Loading environment from /tmp/proofscript_key_selectFormula.props2732721163642678799.key 
197653     DEBUG Test worker     d.u.i.k.p.i.AbstractProblemLoader Environment load took 144.4ns 
197654     INFO  Test worker     d.u.i.k.p.i.AbstractProblemLoader Creating init config 
200954     DEBUG Test worker     d.u.i.k.p.i.AbstractProblemLoader Init config took 3.3s 
200977     INFO  Test worker     d.u.i.k.p.i.AbstractProblemLoader Replaying proof proofscript_key_selectFormula.props2732721163642678799.key 
200979     DEBUG Test worker     d.u.i.k.p.i.IntermediateProofReplayer Proof replay took 7.5ns 
200979     DEBUG Test worker     d.u.i.k.m.s.ProofScriptEngine 1: 'macro split-prop' 
200985     DEBUG Test worker     d.u.i.k.m.s.ProofScriptEngine 2: 'select formula="b"' 
200988     INFO  Test worker     d.u.i.k.p.i.AbstractProblemLoader Loading environment from /tmp/proofscript_key_hide.exc.props8777945541518499793.key 
200988     DEBUG Test worker     d.u.i.k.p.i.AbstractProblemLoader Environment load took 171.8ns 
200989     INFO  Test worker     d.u.i.k.p.i.AbstractProblemLoader Creating init config 
204276     DEBUG Test worker     d.u.i.k.p.i.AbstractProblemLoader Init config took 3.29s 
204299     INFO  Test worker     d.u.i.k.p.i.AbstractProblemLoader Replaying proof proofscript_key_hide.exc.props8777945541518499793.key 
204301     DEBUG Test worker     d.u.i.k.p.i.IntermediateProofReplayer Proof replay took 7.9ns 
204301     DEBUG Test worker     d.u.i.k.m.s.ProofScriptEngine 1: 'macro split-prop' 
204304     DEBUG Test worker     d.u.i.k.m.s.ProofScriptEngine 2: 'hide "b ==>"' 
204305     DEBUG Test worker     d.u.i.k.m.s.ProofScriptEngine GOALS: 1 
204306     DEBUG Test worker     d.u.i.k.m.s.ProofScriptEngine [a]==>[b] 
204308     INFO  Test worker     d.u.i.k.p.i.AbstractProblemLoader Loading environment from /tmp/proofscript_key_hide.props2246382462738810924.key 
204308     DEBUG Test worker     d.u.i.k.p.i.AbstractProblemLoader Environment load took 95ns 
204309     INFO  Test worker     d.u.i.k.p.i.AbstractProblemLoader Creating init config 
207553     DEBUG Test worker     d.u.i.k.p.i.AbstractProblemLoader Init config took 3.24s 
207578     INFO  Test worker     d.u.i.k.p.i.AbstractProblemLoader Replaying proof proofscript_key_hide.props2246382462738810924.key 
207580     DEBUG Test worker     d.u.i.k.p.i.IntermediateProofReplayer Proof replay took 7.5ns 
207581     DEBUG Test worker     d.u.i.k.m.s.ProofScriptEngine 1: 'macro split-prop' 
207588     DEBUG Test worker     d.u.i.k.m.s.ProofScriptEngine 2: 'hide "a ==> d, e"' 
207590     INFO  Test worker     d.u.i.k.p.i.AbstractProblemLoader Loading environment from /tmp/proofscript_key_rule.exc.props17465649105771845346.key 
207591     DEBUG Test worker     d.u.i.k.p.i.AbstractProblemLoader Environment load took 154.1ns 
207592     INFO  Test worker     d.u.i.k.p.i.AbstractProblemLoader Creating init config 
210913     DEBUG Test worker     d.u.i.k.p.i.AbstractProblemLoader Init config took 3.32s 
210939     INFO  Test worker     d.u.i.k.p.i.AbstractProblemLoader Replaying proof proofscript_key_rule.exc.props17465649105771845346.key 
210941     DEBUG Test worker     d.u.i.k.p.i.IntermediateProofReplayer Proof replay took 32.4ns 
210941     DEBUG Test worker     d.u.i.k.m.s.ProofScriptEngine 1: 'rule andLeft' 
210942     DEBUG Test worker     d.u.i.k.m.s.ProofScriptEngine GOALS: 1 
210942     DEBUG Test worker     d.u.i.k.m.s.ProofScriptEngine []==>[and(a,b)] 
210946     INFO  Test worker     d.u.i.k.p.i.AbstractProblemLoader Loading environment from /tmp/proofscript_key_andRight.props14445119456753997785.key 
210946     DEBUG Test worker     d.u.i.k.p.i.AbstractProblemLoader Environment load took 85.2ns 
210947     INFO  Test worker     d.u.i.k.p.i.AbstractProblemLoader Creating init config 
214128     DEBUG Test worker     d.u.i.k.p.i.AbstractProblemLoader Init config took 3.18s 
214149     INFO  Test worker     d.u.i.k.p.i.AbstractProblemLoader Replaying proof proofscript_key_andRight.props14445119456753997785.key 
214151     DEBUG Test worker     d.u.i.k.p.i.IntermediateProofReplayer Proof replay took 19.2ns 
214151     DEBUG Test worker     d.u.i.k.m.s.ProofScriptEngine 1: 'rule andRight' 
]]></system-out>
  <system-err><![CDATA[]]></system-err>
</testsuite>
