<?xml version="1.0" encoding="UTF-8"?>
<testsuite name="de.uka.ilkd.key.testcase.smt.testgen.TestTestgen" tests="1" skipped="0" failures="0" errors="0" timestamp="2023-06-10T22:44:40" hostname="fv-az553-785" time="5.736">
  <properties/>
  <testcase name="testMiddle()" classname="de.uka.ilkd.key.testcase.smt.testgen.TestTestgen" time="5.736"/>
  <system-out><![CDATA[20100      WARN  Test worker     d.u.i.k.t.s.t.TestTestgen Warning: Z3_CE is not installed, tests skipped. 
20100      WARN  Test worker     d.u.i.k.t.s.t.TestTestgen Maybe use JVM system property "z3SolverPath" to define the path to the Z3 command. 
20116      INFO  Test worker     d.u.i.k.p.i.AbstractProblemLoader Loading environment from src\test\resources\testcase\smt\tg\middle.key 
20116      DEBUG Test worker     d.u.i.k.p.i.AbstractProblemLoader Environment load took 563.7ns 
20116      INFO  Test worker     d.u.i.k.p.i.AbstractProblemLoader Creating init config 
25123      DEBUG Test worker     d.u.i.k.p.i.AbstractProblemLoader Init config took 5.01s 
25232      INFO  Test worker     d.u.i.k.p.i.AbstractProblemLoader Replaying proof Middle[Middle::middle(int,int,int)].JML normal_behavior operation contract.0 
25232      DEBUG Test worker     d.u.i.k.p.i.IntermediateProofReplayer Proof replay took 21.2ns 
]]></system-out>
  <system-err><![CDATA[]]></system-err>
</testsuite>
