<?xml version="1.0" encoding="UTF-8"?>
<testsuite name="de.uka.ilkd.key.testcase.smt.testgen.TestTestgen" tests="1" skipped="0" failures="0" errors="0" timestamp="2023-05-31T07:55:28" hostname="fv-az282-56" time="3.977">
  <properties/>
  <testcase name="testMiddle()" classname="de.uka.ilkd.key.testcase.smt.testgen.TestTestgen" time="3.977"/>
  <system-out><![CDATA[13213      WARN  Test worker     d.u.i.k.t.s.t.TestTestgen Warning: Z3_CE is not installed, tests skipped. 
13213      WARN  Test worker     d.u.i.k.t.s.t.TestTestgen Maybe use JVM system property "z3SolverPath" to define the path to the Z3 command. 
13213      INFO  Test worker     d.u.i.k.p.i.AbstractProblemLoader Loading environment from src\test\resources\testcase\smt\tg\middle.key 
13213      DEBUG Test worker     d.u.i.k.p.i.AbstractProblemLoader Environment load took 821.9ns 
13229      INFO  Test worker     d.u.i.k.p.i.AbstractProblemLoader Creating init config 
16542      DEBUG Test worker     d.u.i.k.p.i.AbstractProblemLoader Init config took 3.32s 
16667      INFO  Test worker     d.u.i.k.p.i.AbstractProblemLoader Replaying proof Middle[Middle::middle(int,int,int)].JML normal_behavior operation contract.0 
16683      DEBUG Test worker     d.u.i.k.p.i.IntermediateProofReplayer Proof replay took 16.9ns 
]]></system-out>
  <system-err><![CDATA[]]></system-err>
</testsuite>
