<?xml version="1.0" encoding="UTF-8"?>
<testsuite name="de.uka.ilkd.key.rule.inst.TestGenericSortInstantiations" tests="8" skipped="0" failures="0" errors="0" timestamp="2023-03-11T17:32:56" hostname="fv-az178-349" time="0.027">
  <properties/>
  <testcase name="testGeneric1()" classname="de.uka.ilkd.key.rule.inst.TestGenericSortInstantiations" time="0.001"/>
  <testcase name="testGeneric2()" classname="de.uka.ilkd.key.rule.inst.TestGenericSortInstantiations" time="0.001"/>
  <testcase name="testGeneric3()" classname="de.uka.ilkd.key.rule.inst.TestGenericSortInstantiations" time="0.011"/>
  <testcase name="testGeneric4()" classname="de.uka.ilkd.key.rule.inst.TestGenericSortInstantiations" time="0.001"/>
  <testcase name="testGeneric5()" classname="de.uka.ilkd.key.rule.inst.TestGenericSortInstantiations" time="0.001"/>
  <testcase name="testGeneric6()" classname="de.uka.ilkd.key.rule.inst.TestGenericSortInstantiations" time="0.002"/>
  <testcase name="testNullsort()" classname="de.uka.ilkd.key.rule.inst.TestGenericSortInstantiations" time="0.003"/>
  <testcase name="testGeneric2Array()" classname="de.uka.ilkd.key.rule.inst.TestGenericSortInstantiations" time="0.001"/>
  <system-out><![CDATA[]]></system-out>
  <system-err><![CDATA[]]></system-err>
</testsuite>
