<?xml version="1.0" encoding="UTF-8"?>
<testsuite name="de.uka.ilkd.key.symbolic_execution.testcase.TestParallelSiteProofs" tests="2" skipped="1" failures="0" errors="0" timestamp="2023-04-05T09:23:08" hostname="fv-az255-849" time="3.44">
  <properties/>
  <testcase name="testProofFile()" classname="de.uka.ilkd.key.symbolic_execution.testcase.TestParallelSiteProofs" time="3.438"/>
  <testcase name="xxxtestNewProof()" classname="de.uka.ilkd.key.symbolic_execution.testcase.TestParallelSiteProofs" time="0.001">
    <skipped/>
  </testcase>
  <system-out><![CDATA[]]></system-out>
  <system-err><![CDATA[]]></system-err>
</testsuite>
