<?xml version="1.0" encoding="UTF-8"?>
<testsuite name="de.uka.ilkd.key.parser.TestDeclParser" tests="14" skipped="2" failures="0" errors="0" timestamp="2023-05-20T14:42:02" hostname="fv-az448-277" time="11.201">
  <properties/>
  <testcase name="testGenericSortDecl1()" classname="de.uka.ilkd.key.parser.TestDeclParser" time="1.002"/>
  <testcase name="testGenericSortDecl2()" classname="de.uka.ilkd.key.parser.TestDeclParser" time="0.883"/>
  <testcase name="testGenericSortDecl3()" classname="de.uka.ilkd.key.parser.TestDeclParser" time="0.93"/>
  <testcase name="testGenericSortDecl4()" classname="de.uka.ilkd.key.parser.TestDeclParser" time="0.962"/>
  <testcase name="testGenericSortDecl5()" classname="de.uka.ilkd.key.parser.TestDeclParser" time="0.0">
    <skipped/>
  </testcase>
  <testcase name="testGenericSortDecl6()" classname="de.uka.ilkd.key.parser.TestDeclParser" time="0.872"/>
  <testcase name="testSortDecl()" classname="de.uka.ilkd.key.parser.TestDeclParser" time="0.941"/>
  <testcase name="testProxySortDecl()" classname="de.uka.ilkd.key.parser.TestDeclParser" time="0.925"/>
  <testcase name="testArrayDecl()" classname="de.uka.ilkd.key.parser.TestDeclParser" time="0.971"/>
  <testcase name="testAmbiguousDecls()" classname="de.uka.ilkd.key.parser.TestDeclParser" time="0.0">
    <skipped/>
  </testcase>
  <testcase name="testHeurDecl()" classname="de.uka.ilkd.key.parser.TestDeclParser" time="0.915"/>
  <testcase name="testFunctionDecl()" classname="de.uka.ilkd.key.parser.TestDeclParser" time="0.949"/>
  <testcase name="testPredicateDecl()" classname="de.uka.ilkd.key.parser.TestDeclParser" time="0.943"/>
  <testcase name="testSVDecl()" classname="de.uka.ilkd.key.parser.TestDeclParser" time="0.903"/>
  <system-out><![CDATA[223404     INFO  Test worker     d.u.i.k.n.KeyIO           Parsing took 0 ms 
223404     DEBUG Test worker     d.u.i.k.n.KeyIO           Load declarations of de.uka.ilkd.key.nparser.KeyAst$File:  <unknown>:1#1 
223404     INFO  Test worker     d.u.i.k.n.KeyIO           MODE: declarations took 0 ms 
223404     DEBUG Test worker     d.u.i.k.n.KeyIO           MODE: 2nd degree decls took 0 
223404     DEBUG Test worker     d.u.i.k.n.KeyIO           MODE: taclets took 0ms 
224295     INFO  Test worker     d.u.i.k.n.KeyIO           Parsing took 0 ms 
224295     DEBUG Test worker     d.u.i.k.n.KeyIO           Load declarations of de.uka.ilkd.key.nparser.KeyAst$File:  <unknown>:1#1 
224295     INFO  Test worker     d.u.i.k.n.KeyIO           MODE: declarations took 0 ms 
224295     DEBUG Test worker     d.u.i.k.n.KeyIO           MODE: 2nd degree decls took 0 
224295     DEBUG Test worker     d.u.i.k.n.KeyIO           MODE: taclets took 0ms 
225222     INFO  Test worker     d.u.i.k.n.KeyIO           Parsing took 0 ms 
225222     DEBUG Test worker     d.u.i.k.n.KeyIO           Load declarations of de.uka.ilkd.key.nparser.KeyAst$File:  <unknown>:1#1 
225222     INFO  Test worker     d.u.i.k.n.KeyIO           MODE: declarations took 0 ms 
225222     DEBUG Test worker     d.u.i.k.n.KeyIO           MODE: 2nd degree decls took 0 
225222     DEBUG Test worker     d.u.i.k.n.KeyIO           MODE: taclets took 0ms 
226187     INFO  Test worker     d.u.i.k.n.KeyIO           Parsing took 0 ms 
226187     DEBUG Test worker     d.u.i.k.n.KeyIO           Load declarations of de.uka.ilkd.key.nparser.KeyAst$File:  <unknown>:1#1 
226187     INFO  Test worker     d.u.i.k.n.KeyIO           MODE: declarations took 0 ms 
226187     DEBUG Test worker     d.u.i.k.n.KeyIO           MODE: 2nd degree decls took 0 
226187     DEBUG Test worker     d.u.i.k.n.KeyIO           MODE: taclets took 0ms 
227067     INFO  Test worker     d.u.i.k.n.KeyIO           Parsing took 0 ms 
227067     DEBUG Test worker     d.u.i.k.n.KeyIO           Load declarations of de.uka.ilkd.key.nparser.KeyAst$File:  <unknown>:1#1 
227067     INFO  Test worker     d.u.i.k.n.KeyIO           MODE: declarations took 0 ms 
227067     DEBUG Test worker     d.u.i.k.n.KeyIO           MODE: 2nd degree decls took 0 
227067     DEBUG Test worker     d.u.i.k.n.KeyIO           MODE: taclets took 0ms 
228003     INFO  Test worker     d.u.i.k.n.KeyIO           Parsing took 0 ms 
228003     DEBUG Test worker     d.u.i.k.n.KeyIO           Load declarations of de.uka.ilkd.key.nparser.KeyAst$File:  <unknown>:1#1 
228003     INFO  Test worker     d.u.i.k.n.KeyIO           MODE: declarations took 0 ms 
228003     DEBUG Test worker     d.u.i.k.n.KeyIO           MODE: 2nd degree decls took 0 
228003     DEBUG Test worker     d.u.i.k.n.KeyIO           MODE: taclets took 0ms 
228916     INFO  Test worker     d.u.i.k.n.KeyIO           Parsing took 0 ms 
228916     DEBUG Test worker     d.u.i.k.n.KeyIO           Load declarations of de.uka.ilkd.key.nparser.KeyAst$File:  <unknown>:1#1 
228932     INFO  Test worker     d.u.i.k.n.KeyIO           MODE: declarations took 16 ms 
228932     DEBUG Test worker     d.u.i.k.n.KeyIO           MODE: 2nd degree decls took 0 
228932     DEBUG Test worker     d.u.i.k.n.KeyIO           MODE: taclets took 0ms 
229870     INFO  Test worker     d.u.i.k.n.KeyIO           Parsing took 0 ms 
229885     DEBUG Test worker     d.u.i.k.n.KeyIO           Load declarations of de.uka.ilkd.key.nparser.KeyAst$File:  <unknown>:1#1 
229885     INFO  Test worker     d.u.i.k.n.KeyIO           MODE: declarations took 0 ms 
229885     DEBUG Test worker     d.u.i.k.n.KeyIO           MODE: 2nd degree decls took 0 
229901     DEBUG Test worker     d.u.i.k.n.KeyIO           MODE: taclets took 0ms 
230810     INFO  Test worker     d.u.i.k.n.KeyIO           Parsing took 0 ms 
230810     DEBUG Test worker     d.u.i.k.n.KeyIO           Load declarations of de.uka.ilkd.key.nparser.KeyAst$File:  <unknown>:1#1 
230810     INFO  Test worker     d.u.i.k.n.KeyIO           MODE: declarations took 0 ms 
230810     DEBUG Test worker     d.u.i.k.n.KeyIO           MODE: 2nd degree decls took 0 
230810     DEBUG Test worker     d.u.i.k.n.KeyIO           MODE: taclets took 0ms 
231764     INFO  Test worker     d.u.i.k.n.KeyIO           Parsing took 0 ms 
231764     DEBUG Test worker     d.u.i.k.n.KeyIO           Load declarations of de.uka.ilkd.key.nparser.KeyAst$File:  <unknown>:1#1 
231764     INFO  Test worker     d.u.i.k.n.KeyIO           MODE: declarations took 0 ms 
231764     DEBUG Test worker     d.u.i.k.n.KeyIO           MODE: 2nd degree decls took 0 
231764     DEBUG Test worker     d.u.i.k.n.KeyIO           MODE: taclets took 0ms 
232696     INFO  Test worker     d.u.i.k.n.KeyIO           Parsing took 0 ms 
232696     DEBUG Test worker     d.u.i.k.n.KeyIO           Load declarations of de.uka.ilkd.key.nparser.KeyAst$File:  <unknown>:1#1 
232712     INFO  Test worker     d.u.i.k.n.KeyIO           MODE: declarations took 16 ms 
232712     DEBUG Test worker     d.u.i.k.n.KeyIO           MODE: 2nd degree decls took 0 
232712     DEBUG Test worker     d.u.i.k.n.KeyIO           MODE: taclets took 0ms 
233615     INFO  Test worker     d.u.i.k.n.KeyIO           Parsing took 0 ms 
233615     DEBUG Test worker     d.u.i.k.n.KeyIO           Load declarations of de.uka.ilkd.key.nparser.KeyAst$File:  <unknown>:1#1 
233615     INFO  Test worker     d.u.i.k.n.KeyIO           MODE: declarations took 0 ms 
233615     DEBUG Test worker     d.u.i.k.n.KeyIO           MODE: 2nd degree decls took 0 
233615     DEBUG Test worker     d.u.i.k.n.KeyIO           MODE: taclets took 0ms 
]]></system-out>
  <system-err><![CDATA[]]></system-err>
</testsuite>
