<?xml version="1.0" encoding="UTF-8"?>
<testsuite name="de.uka.ilkd.key.parser.TestTermParserSorts" tests="2" skipped="0" failures="0" errors="0" timestamp="2023-05-20T14:45:26" hostname="fv-az448-277" time="2.789">
  <properties/>
  <testcase name="testParseIntegerArgs()" classname="de.uka.ilkd.key.parser.TestTermParserSorts" time="0.016"/>
  <testcase name="testParseSequencePrettySyntax()" classname="de.uka.ilkd.key.parser.TestTermParserSorts" time="0.003"/>
  <system-out><![CDATA[426471     INFO  Test worker     d.u.i.k.n.KeyIO           Parsing took 0 ms 
426471     DEBUG Test worker     d.u.i.k.n.KeyIO           Load declarations of de.uka.ilkd.key.nparser.KeyAst$File:  <unknown>:1#1 
426487     INFO  Test worker     d.u.i.k.n.KeyIO           MODE: declarations took 16 ms 
426487     DEBUG Test worker     d.u.i.k.n.KeyIO           MODE: 2nd degree decls took 0 
426487     INFO  Test worker     d.u.i.k.n.KeyIO           Parsing took 0 ms 
426487     DEBUG Test worker     d.u.i.k.n.KeyIO           Load declarations of de.uka.ilkd.key.nparser.KeyAst$File:  <unknown>:1#1 
426487     INFO  Test worker     d.u.i.k.n.KeyIO           MODE: declarations took 0 ms 
426487     DEBUG Test worker     d.u.i.k.n.KeyIO           MODE: 2nd degree decls took 0 
426487     INFO  Test worker     d.u.i.k.n.KeyIO           Parsing took 0 ms 
426487     DEBUG Test worker     d.u.i.k.n.KeyIO           Load declarations of de.uka.ilkd.key.nparser.KeyAst$File:  <unknown>:1#1 
426487     INFO  Test worker     d.u.i.k.n.KeyIO           MODE: declarations took 0 ms 
426487     DEBUG Test worker     d.u.i.k.n.KeyIO           MODE: 2nd degree decls took 0 
429269     INFO  Test worker     d.u.i.k.n.KeyIO           Parsing took 0 ms 
429269     DEBUG Test worker     d.u.i.k.n.KeyIO           Load declarations of de.uka.ilkd.key.nparser.KeyAst$File:  <unknown>:1#1 
429269     INFO  Test worker     d.u.i.k.n.KeyIO           MODE: declarations took 0 ms 
429269     DEBUG Test worker     d.u.i.k.n.KeyIO           MODE: 2nd degree decls took 0 
429269     INFO  Test worker     d.u.i.k.n.KeyIO           Parsing took 0 ms 
429269     DEBUG Test worker     d.u.i.k.n.KeyIO           Load declarations of de.uka.ilkd.key.nparser.KeyAst$File:  <unknown>:1#1 
429269     INFO  Test worker     d.u.i.k.n.KeyIO           MODE: declarations took 0 ms 
429269     DEBUG Test worker     d.u.i.k.n.KeyIO           MODE: 2nd degree decls took 0 
429269     INFO  Test worker     d.u.i.k.n.KeyIO           Parsing took 0 ms 
429269     DEBUG Test worker     d.u.i.k.n.KeyIO           Load declarations of de.uka.ilkd.key.nparser.KeyAst$File:  <unknown>:1#1 
429269     INFO  Test worker     d.u.i.k.n.KeyIO           MODE: declarations took 0 ms 
429269     DEBUG Test worker     d.u.i.k.n.KeyIO           MODE: 2nd degree decls took 0 
]]></system-out>
  <system-err><![CDATA[]]></system-err>
</testsuite>
