<?xml version="1.0" encoding="UTF-8"?>
<testsuite name="de.uka.ilkd.key.logic.TestClashFreeSubst" tests="14" skipped="2" failures="0" errors="0" timestamp="2023-05-20T14:38:59" hostname="fv-az448-277" time="47.985">
  <properties/>
  <testcase name="testMultiShareBound()" classname="de.uka.ilkd.key.logic.TestClashFreeSubst" time="0.978"/>
  <testcase name="testClash()" classname="de.uka.ilkd.key.logic.TestClashFreeSubst" time="0.877"/>
  <testcase name="testShare()" classname="de.uka.ilkd.key.logic.TestClashFreeSubst" time="0.872"/>
  <testcase name="testSubst()" classname="de.uka.ilkd.key.logic.TestClashFreeSubst" time="0.857"/>
  <testcase name="testWary0()" classname="de.uka.ilkd.key.logic.TestClashFreeSubst" time="0.889"/>
  <testcase name="testWary1()" classname="de.uka.ilkd.key.logic.TestClashFreeSubst" time="0.925"/>
  <testcase name="testWary2()" classname="de.uka.ilkd.key.logic.TestClashFreeSubst" time="0.901"/>
  <testcase name="testClashInSubstTerm()" classname="de.uka.ilkd.key.logic.TestClashFreeSubst" time="0.847"/>
  <testcase name="testShareWary()" classname="de.uka.ilkd.key.logic.TestClashFreeSubst" time="0.859"/>
  <testcase name="testMultiSubst()" classname="de.uka.ilkd.key.logic.TestClashFreeSubst" time="0.858"/>
  <testcase name="xtestMultiClash()" classname="de.uka.ilkd.key.logic.TestClashFreeSubst" time="0.0">
    <skipped/>
  </testcase>
  <testcase name="testSubstInSubstTerm()" classname="de.uka.ilkd.key.logic.TestClashFreeSubst" time="0.908"/>
  <testcase name="testSubstWary()" classname="de.uka.ilkd.key.logic.TestClashFreeSubst" time="0.873"/>
  <testcase name="xtestMultiClash1()" classname="de.uka.ilkd.key.logic.TestClashFreeSubst" time="0.001">
    <skipped/>
  </testcase>
  <system-out><![CDATA[38771      INFO  Test worker     d.u.i.k.n.KeyIO           Parsing took 0 ms 
38771      DEBUG Test worker     d.u.i.k.n.KeyIO           Load declarations of de.uka.ilkd.key.nparser.KeyAst$File:  <unknown>:1#1 
38771      INFO  Test worker     d.u.i.k.n.KeyIO           MODE: declarations took 0 ms 
38771      DEBUG Test worker     d.u.i.k.n.KeyIO           MODE: 2nd degree decls took 0 
39700      INFO  Test worker     d.u.i.k.n.KeyIO           Parsing took 0 ms 
39700      DEBUG Test worker     d.u.i.k.n.KeyIO           Load declarations of de.uka.ilkd.key.nparser.KeyAst$File:  <unknown>:1#1 
39700      INFO  Test worker     d.u.i.k.n.KeyIO           MODE: declarations took 0 ms 
39700      DEBUG Test worker     d.u.i.k.n.KeyIO           MODE: 2nd degree decls took 0 
42712      INFO  Test worker     d.u.i.k.n.KeyIO           Parsing took 0 ms 
42712      DEBUG Test worker     d.u.i.k.n.KeyIO           Load declarations of de.uka.ilkd.key.nparser.KeyAst$File:  <unknown>:1#1 
42712      INFO  Test worker     d.u.i.k.n.KeyIO           MODE: declarations took 0 ms 
42712      DEBUG Test worker     d.u.i.k.n.KeyIO           MODE: 2nd degree decls took 0 
43576      INFO  Test worker     d.u.i.k.n.KeyIO           Parsing took 0 ms 
43576      DEBUG Test worker     d.u.i.k.n.KeyIO           Load declarations of de.uka.ilkd.key.nparser.KeyAst$File:  <unknown>:1#1 
43576      INFO  Test worker     d.u.i.k.n.KeyIO           MODE: declarations took 0 ms 
43576      DEBUG Test worker     d.u.i.k.n.KeyIO           MODE: 2nd degree decls took 0 
46441      INFO  Test worker     d.u.i.k.n.KeyIO           Parsing took 0 ms 
46441      DEBUG Test worker     d.u.i.k.n.KeyIO           Load declarations of de.uka.ilkd.key.nparser.KeyAst$File:  <unknown>:1#1 
46441      INFO  Test worker     d.u.i.k.n.KeyIO           MODE: declarations took 0 ms 
46441      DEBUG Test worker     d.u.i.k.n.KeyIO           MODE: 2nd degree decls took 0 
47322      INFO  Test worker     d.u.i.k.n.KeyIO           Parsing took 0 ms 
47322      DEBUG Test worker     d.u.i.k.n.KeyIO           Load declarations of de.uka.ilkd.key.nparser.KeyAst$File:  <unknown>:1#1 
47322      INFO  Test worker     d.u.i.k.n.KeyIO           MODE: declarations took 0 ms 
47322      DEBUG Test worker     d.u.i.k.n.KeyIO           MODE: 2nd degree decls took 0 
50157      INFO  Test worker     d.u.i.k.n.KeyIO           Parsing took 0 ms 
50157      DEBUG Test worker     d.u.i.k.n.KeyIO           Load declarations of de.uka.ilkd.key.nparser.KeyAst$File:  <unknown>:1#1 
50157      INFO  Test worker     d.u.i.k.n.KeyIO           MODE: declarations took 0 ms 
50157      DEBUG Test worker     d.u.i.k.n.KeyIO           MODE: 2nd degree decls took 0 
51019      INFO  Test worker     d.u.i.k.n.KeyIO           Parsing took 16 ms 
51019      DEBUG Test worker     d.u.i.k.n.KeyIO           Load declarations of de.uka.ilkd.key.nparser.KeyAst$File:  <unknown>:1#1 
51019      INFO  Test worker     d.u.i.k.n.KeyIO           MODE: declarations took 0 ms 
51019      DEBUG Test worker     d.u.i.k.n.KeyIO           MODE: 2nd degree decls took 0 
53991      INFO  Test worker     d.u.i.k.n.KeyIO           Parsing took 0 ms 
53991      DEBUG Test worker     d.u.i.k.n.KeyIO           Load declarations of de.uka.ilkd.key.nparser.KeyAst$File:  <unknown>:1#1 
53991      INFO  Test worker     d.u.i.k.n.KeyIO           MODE: declarations took 0 ms 
53991      DEBUG Test worker     d.u.i.k.n.KeyIO           MODE: 2nd degree decls took 0 
54869      INFO  Test worker     d.u.i.k.n.KeyIO           Parsing took 0 ms 
54869      DEBUG Test worker     d.u.i.k.n.KeyIO           Load declarations of de.uka.ilkd.key.nparser.KeyAst$File:  <unknown>:1#1 
54869      INFO  Test worker     d.u.i.k.n.KeyIO           MODE: declarations took 0 ms 
54869      DEBUG Test worker     d.u.i.k.n.KeyIO           MODE: 2nd degree decls took 0 
57759      INFO  Test worker     d.u.i.k.n.KeyIO           Parsing took 0 ms 
57759      DEBUG Test worker     d.u.i.k.n.KeyIO           Load declarations of de.uka.ilkd.key.nparser.KeyAst$File:  <unknown>:1#1 
57759      INFO  Test worker     d.u.i.k.n.KeyIO           MODE: declarations took 0 ms 
57759      DEBUG Test worker     d.u.i.k.n.KeyIO           MODE: 2nd degree decls took 0 
58672      INFO  Test worker     d.u.i.k.n.KeyIO           Parsing took 0 ms 
58672      DEBUG Test worker     d.u.i.k.n.KeyIO           Load declarations of de.uka.ilkd.key.nparser.KeyAst$File:  <unknown>:1#1 
58672      INFO  Test worker     d.u.i.k.n.KeyIO           MODE: declarations took 0 ms 
58672      DEBUG Test worker     d.u.i.k.n.KeyIO           MODE: 2nd degree decls took 0 
61680      INFO  Test worker     d.u.i.k.n.KeyIO           Parsing took 0 ms 
61680      DEBUG Test worker     d.u.i.k.n.KeyIO           Load declarations of de.uka.ilkd.key.nparser.KeyAst$File:  <unknown>:1#1 
61680      INFO  Test worker     d.u.i.k.n.KeyIO           MODE: declarations took 0 ms 
61680      DEBUG Test worker     d.u.i.k.n.KeyIO           MODE: 2nd degree decls took 0 
62587      INFO  Test worker     d.u.i.k.n.KeyIO           Parsing took 0 ms 
62587      DEBUG Test worker     d.u.i.k.n.KeyIO           Load declarations of de.uka.ilkd.key.nparser.KeyAst$File:  <unknown>:1#1 
62587      INFO  Test worker     d.u.i.k.n.KeyIO           MODE: declarations took 0 ms 
62587      DEBUG Test worker     d.u.i.k.n.KeyIO           MODE: 2nd degree decls took 0 
65410      INFO  Test worker     d.u.i.k.n.KeyIO           Parsing took 0 ms 
65410      DEBUG Test worker     d.u.i.k.n.KeyIO           Load declarations of de.uka.ilkd.key.nparser.KeyAst$File:  <unknown>:1#1 
65426      INFO  Test worker     d.u.i.k.n.KeyIO           MODE: declarations took 16 ms 
65426      DEBUG Test worker     d.u.i.k.n.KeyIO           MODE: 2nd degree decls took 0 
66262      INFO  Test worker     d.u.i.k.n.KeyIO           Parsing took 0 ms 
66262      DEBUG Test worker     d.u.i.k.n.KeyIO           Load declarations of de.uka.ilkd.key.nparser.KeyAst$File:  <unknown>:1#1 
66262      INFO  Test worker     d.u.i.k.n.KeyIO           MODE: declarations took 0 ms 
66262      DEBUG Test worker     d.u.i.k.n.KeyIO           MODE: 2nd degree decls took 0 
69095      INFO  Test worker     d.u.i.k.n.KeyIO           Parsing took 0 ms 
69095      DEBUG Test worker     d.u.i.k.n.KeyIO           Load declarations of de.uka.ilkd.key.nparser.KeyAst$File:  <unknown>:1#1 
69095      INFO  Test worker     d.u.i.k.n.KeyIO           MODE: declarations took 0 ms 
69095      DEBUG Test worker     d.u.i.k.n.KeyIO           MODE: 2nd degree decls took 0 
69939      INFO  Test worker     d.u.i.k.n.KeyIO           Parsing took 0 ms 
69939      DEBUG Test worker     d.u.i.k.n.KeyIO           Load declarations of de.uka.ilkd.key.nparser.KeyAst$File:  <unknown>:1#1 
69939      INFO  Test worker     d.u.i.k.n.KeyIO           MODE: declarations took 0 ms 
69939      DEBUG Test worker     d.u.i.k.n.KeyIO           MODE: 2nd degree decls took 0 
72829      INFO  Test worker     d.u.i.k.n.KeyIO           Parsing took 0 ms 
72829      DEBUG Test worker     d.u.i.k.n.KeyIO           Load declarations of de.uka.ilkd.key.nparser.KeyAst$File:  <unknown>:1#1 
72829      INFO  Test worker     d.u.i.k.n.KeyIO           MODE: declarations took 0 ms 
72829      DEBUG Test worker     d.u.i.k.n.KeyIO           MODE: 2nd degree decls took 0 
73667      INFO  Test worker     d.u.i.k.n.KeyIO           Parsing took 0 ms 
73667      DEBUG Test worker     d.u.i.k.n.KeyIO           Load declarations of de.uka.ilkd.key.nparser.KeyAst$File:  <unknown>:1#1 
73667      INFO  Test worker     d.u.i.k.n.KeyIO           MODE: declarations took 0 ms 
73667      DEBUG Test worker     d.u.i.k.n.KeyIO           MODE: 2nd degree decls took 0 
79336      INFO  Test worker     d.u.i.k.n.KeyIO           Parsing took 0 ms 
79336      DEBUG Test worker     d.u.i.k.n.KeyIO           Load declarations of de.uka.ilkd.key.nparser.KeyAst$File:  <unknown>:1#1 
79336      INFO  Test worker     d.u.i.k.n.KeyIO           MODE: declarations took 0 ms 
79336      DEBUG Test worker     d.u.i.k.n.KeyIO           MODE: 2nd degree decls took 0 
80227      INFO  Test worker     d.u.i.k.n.KeyIO           Parsing took 0 ms 
80227      DEBUG Test worker     d.u.i.k.n.KeyIO           Load declarations of de.uka.ilkd.key.nparser.KeyAst$File:  <unknown>:1#1 
80227      INFO  Test worker     d.u.i.k.n.KeyIO           MODE: declarations took 0 ms 
80227      DEBUG Test worker     d.u.i.k.n.KeyIO           MODE: 2nd degree decls took 0 
83032      INFO  Test worker     d.u.i.k.n.KeyIO           Parsing took 0 ms 
83032      DEBUG Test worker     d.u.i.k.n.KeyIO           Load declarations of de.uka.ilkd.key.nparser.KeyAst$File:  <unknown>:1#1 
83032      INFO  Test worker     d.u.i.k.n.KeyIO           MODE: declarations took 0 ms 
83032      DEBUG Test worker     d.u.i.k.n.KeyIO           MODE: 2nd degree decls took 0 
83903      INFO  Test worker     d.u.i.k.n.KeyIO           Parsing took 0 ms 
83903      DEBUG Test worker     d.u.i.k.n.KeyIO           Load declarations of de.uka.ilkd.key.nparser.KeyAst$File:  <unknown>:1#1 
83903      INFO  Test worker     d.u.i.k.n.KeyIO           MODE: declarations took 0 ms 
83903      DEBUG Test worker     d.u.i.k.n.KeyIO           MODE: 2nd degree decls took 0 
]]></system-out>
  <system-err><![CDATA[]]></system-err>
</testsuite>
