<?xml version="1.0" encoding="UTF-8"?>
<testsuite name="de.uka.ilkd.key.rule.merge.PredicateAbstractionLatticeTests" tests="3" skipped="0" failures="0" errors="0" timestamp="2023-05-20T14:47:18" hostname="fv-az448-277" time="5.568">
  <properties/>
  <testcase name="testToAndFromString()" classname="de.uka.ilkd.key.rule.merge.PredicateAbstractionLatticeTests" time="2.782"/>
  <testcase name="testCreateSignLatticeWithPredicates()" classname="de.uka.ilkd.key.rule.merge.PredicateAbstractionLatticeTests" time="2.785"/>
  <testcase name="testTrivialPredicatesLattice()" classname="de.uka.ilkd.key.rule.merge.PredicateAbstractionLatticeTests" time="0.0"/>
  <system-out><![CDATA[538502     INFO  Test worker     d.u.i.k.p.i.AbstractProblemLoader Loading environment from src\test\resources\testcase\merge\dummy.key 
538502     DEBUG Test worker     d.u.i.k.p.i.AbstractProblemLoader Environment load took 156.6ns 
538502     INFO  Test worker     d.u.i.k.p.i.AbstractProblemLoader Creating init config 
541268     DEBUG Test worker     d.u.i.k.p.i.AbstractProblemLoader Init config took 2.76s 
541284     INFO  Test worker     d.u.i.k.p.i.AbstractProblemLoader Replaying proof dummy.key 
541284     DEBUG Test worker     d.u.i.k.p.i.IntermediateProofReplayer Proof replay took 10.2ns 
541284     INFO  Test worker     d.u.i.k.p.i.AbstractProblemLoader Loading environment from src\test\resources\testcase\merge\dummy.key 
541284     DEBUG Test worker     d.u.i.k.p.i.AbstractProblemLoader Environment load took 112.1ns 
541284     INFO  Test worker     d.u.i.k.p.i.AbstractProblemLoader Creating init config 
544057     DEBUG Test worker     d.u.i.k.p.i.AbstractProblemLoader Init config took 2.77s 
544057     INFO  Test worker     d.u.i.k.p.i.AbstractProblemLoader Replaying proof dummy.key 
544072     DEBUG Test worker     d.u.i.k.p.i.IntermediateProofReplayer Proof replay took 12.3ns 
]]></system-out>
  <system-err><![CDATA[]]></system-err>
</testsuite>
