<?xml version="1.0" encoding="UTF-8"?>
<testsuite name="de.uka.ilkd.key.proof.TestOneStepSimplifier" tests="1" skipped="0" failures="0" errors="0" timestamp="2023-05-20T14:45:29" hostname="fv-az448-277" time="3.704">
  <properties/>
  <testcase name="loadWithRestriction()" classname="de.uka.ilkd.key.proof.TestOneStepSimplifier" time="3.704"/>
  <system-out><![CDATA[429394     INFO  Test worker     d.u.i.k.p.i.AbstractProblemLoader Loading environment from src\test\resources\testcase\ossRestriction.proof 
429394     DEBUG Test worker     d.u.i.k.p.i.AbstractProblemLoader Environment load took 218.5ns 
429394     INFO  Test worker     d.u.i.k.p.i.AbstractProblemLoader Creating init config 
429526     DEBUG Test worker     d.u.i.k.j.TypeConverter   No LDT found for Meta 
429526     DEBUG Test worker     d.u.i.k.j.TypeConverter   No LDT found for Meta 
429526     DEBUG Test worker     d.u.i.k.j.TypeConverter   No LDT found for Meta 
429526     DEBUG Test worker     d.u.i.k.j.TypeConverter   No LDT found for Meta 
430010     DEBUG Test worker     d.u.i.k.j.TypeConverter   No LDT found for JavaBigintExpression 
433047     DEBUG Test worker     d.u.i.k.p.i.AbstractProblemLoader Init config took 3.66s 
433078     INFO  Test worker     d.u.i.k.p.i.AbstractProblemLoader Replaying proof ossRestriction.proof 
433094     DEBUG Test worker     d.u.i.k.p.i.IntermediateProofReplayer Proof replay took 1.01ms 
]]></system-out>
  <system-err><![CDATA[]]></system-err>
</testsuite>
