<?xml version="1.0" encoding="UTF-8"?>
<testsuite name="de.uka.ilkd.key.logic.TestTermLabelManager" tests="21" skipped="0" failures="0" errors="0" timestamp="2023-05-20T14:40:10" hostname="fv-az448-277" time="60.198">
  <properties/>
  <testcase name="testInstantiateLabels_directChildPolicies_allRules()" classname="de.uka.ilkd.key.logic.TestTermLabelManager" time="4.05"/>
  <testcase name="testInstantiateLabels_childAndGrandchildPolicies_ruleSpecific()" classname="de.uka.ilkd.key.logic.TestTermLabelManager" time="2.877"/>
  <testcase name="testParseLabel()" classname="de.uka.ilkd.key.logic.TestTermLabelManager" time="2.808"/>
  <testcase name="testrefactorGoal_childrenAndGrandchildren_ruleSpecific()" classname="de.uka.ilkd.key.logic.TestTermLabelManager" time="2.757"/>
  <testcase name="testrefactorGoal_directChildren_allRules()" classname="de.uka.ilkd.key.logic.TestTermLabelManager" time="3.789"/>
  <testcase name="testInstantiateLabels_childAndGrandchildPolicies_allRules()" classname="de.uka.ilkd.key.logic.TestTermLabelManager" time="2.778"/>
  <testcase name="testInstantiateLabels_taclet()" classname="de.uka.ilkd.key.logic.TestTermLabelManager" time="2.757"/>
  <testcase name="testrefactorGoal_none_ruleSpecific()" classname="de.uka.ilkd.key.logic.TestTermLabelManager" time="2.813"/>
  <testcase name="testInstantiateLabels_updates_ruleSpecific()" classname="de.uka.ilkd.key.logic.TestTermLabelManager" time="4.847"/>
  <testcase name="testrefactorGoal_sequent_ruleSpecific()" classname="de.uka.ilkd.key.logic.TestTermLabelManager" time="3.224"/>
  <testcase name="testInstantiateLabels_updates_allRules()" classname="de.uka.ilkd.key.logic.TestTermLabelManager" time="2.769"/>
  <testcase name="testrefactorGoal_sequent_allRules()" classname="de.uka.ilkd.key.logic.TestTermLabelManager" time="2.79"/>
  <testcase name="testrefactorGoal_childrenAndGrandchildren_allRules()" classname="de.uka.ilkd.key.logic.TestTermLabelManager" time="2.816"/>
  <testcase name="testGetTermLabelManager()" classname="de.uka.ilkd.key.logic.TestTermLabelManager" time="0.004"/>
  <testcase name="testInstantiateLabels_applicationTermPolicies()" classname="de.uka.ilkd.key.logic.TestTermLabelManager" time="2.82"/>
  <testcase name="testInstantiateLabels_modalityTermPolicies()" classname="de.uka.ilkd.key.logic.TestTermLabelManager" time="2.79"/>
  <testcase name="testrefactorGoal_none_allRules()" classname="de.uka.ilkd.key.logic.TestTermLabelManager" time="2.821"/>
  <testcase name="testInstantiateLabels_null()" classname="de.uka.ilkd.key.logic.TestTermLabelManager" time="0.0"/>
  <testcase name="testrefactorGoal_directChildren_ruleSpecific()" classname="de.uka.ilkd.key.logic.TestTermLabelManager" time="2.809"/>
  <testcase name="testInstantiateLabels_directChildPolicies_ruleSpecific()" classname="de.uka.ilkd.key.logic.TestTermLabelManager" time="3.736"/>
  <testcase name="testGetSupportedTermLabelNames()" classname="de.uka.ilkd.key.logic.TestTermLabelManager" time="4.126"/>
  <system-out><![CDATA[109954     INFO  Test worker     d.u.i.k.p.i.AbstractProblemLoader Loading environment from src\test\resources\testcase\termLabels\flatSteps\FlatSteps.java 
109954     DEBUG Test worker     d.u.i.k.p.i.AbstractProblemLoader Environment load took 335.5ns 
109954     INFO  Test worker     d.u.i.k.p.i.AbstractProblemLoader Creating init config 
110142     DEBUG Test worker     d.u.i.k.j.TypeConverter   No LDT found for Meta 
110142     DEBUG Test worker     d.u.i.k.j.TypeConverter   No LDT found for Meta 
110142     DEBUG Test worker     d.u.i.k.j.TypeConverter   No LDT found for Meta 
110142     DEBUG Test worker     d.u.i.k.j.TypeConverter   No LDT found for Meta 
110799     DEBUG Test worker     d.u.i.k.j.TypeConverter   No LDT found for JavaBigintExpression 
113992     DEBUG Test worker     d.u.i.k.p.i.AbstractProblemLoader Init config took 4.03s 
114039     INFO  Test worker     d.u.i.k.p.i.AbstractProblemLoader Loading environment from src\test\resources\testcase\termLabels\flatSteps\FlatSteps.java 
114039     DEBUG Test worker     d.u.i.k.p.i.AbstractProblemLoader Environment load took 325.7ns 
114054     INFO  Test worker     d.u.i.k.p.i.AbstractProblemLoader Creating init config 
116870     DEBUG Test worker     d.u.i.k.p.i.AbstractProblemLoader Init config took 2.82s 
116901     INFO  Test worker     d.u.i.k.p.i.AbstractProblemLoader Loading environment from src\test\resources\testcase\termLabels\flatSteps\FlatSteps.java 
116901     DEBUG Test worker     d.u.i.k.p.i.AbstractProblemLoader Environment load took 487.4ns 
116901     INFO  Test worker     d.u.i.k.p.i.AbstractProblemLoader Creating init config 
119679     DEBUG Test worker     d.u.i.k.p.i.AbstractProblemLoader Init config took 2.77s 
119679     INFO  Test worker     d.u.i.k.p.i.AbstractProblemLoader Loading environment from src\test\resources\testcase\termLabels\flatSteps\FlatSteps.java 
119679     DEBUG Test worker     d.u.i.k.p.i.AbstractProblemLoader Environment load took 258.8ns 
119679     INFO  Test worker     d.u.i.k.p.i.AbstractProblemLoader Creating init config 
122425     DEBUG Test worker     d.u.i.k.p.i.AbstractProblemLoader Init config took 2.74s 
122440     INFO  Test worker     d.u.i.k.p.i.AbstractProblemLoader Loading environment from src\test\resources\testcase\termLabels\flatSteps\FlatSteps.java 
122440     DEBUG Test worker     d.u.i.k.p.i.AbstractProblemLoader Environment load took 561.3ns 
122440     INFO  Test worker     d.u.i.k.p.i.AbstractProblemLoader Creating init config 
126227     DEBUG Test worker     d.u.i.k.p.i.AbstractProblemLoader Init config took 3.78s 
126227     INFO  Test worker     d.u.i.k.p.i.AbstractProblemLoader Loading environment from src\test\resources\testcase\termLabels\flatSteps\FlatSteps.java 
126227     DEBUG Test worker     d.u.i.k.p.i.AbstractProblemLoader Environment load took 571.8ns 
126241     INFO  Test worker     d.u.i.k.p.i.AbstractProblemLoader Creating init config 
129003     DEBUG Test worker     d.u.i.k.p.i.AbstractProblemLoader Init config took 2.77s 
129019     INFO  Test worker     d.u.i.k.p.i.AbstractProblemLoader Loading environment from src\test\resources\testcase\termLabels\flatSteps\FlatSteps.java 
129019     DEBUG Test worker     d.u.i.k.p.i.AbstractProblemLoader Environment load took 254.9ns 
129019     INFO  Test worker     d.u.i.k.p.i.AbstractProblemLoader Creating init config 
131764     DEBUG Test worker     d.u.i.k.p.i.AbstractProblemLoader Init config took 2.75s 
131780     INFO  Test worker     d.u.i.k.p.i.AbstractProblemLoader Loading environment from src\test\resources\testcase\termLabels\flatSteps\FlatSteps.java 
131780     DEBUG Test worker     d.u.i.k.p.i.AbstractProblemLoader Environment load took 673.7ns 
131780     INFO  Test worker     d.u.i.k.p.i.AbstractProblemLoader Creating init config 
134578     DEBUG Test worker     d.u.i.k.p.i.AbstractProblemLoader Init config took 2.8s 
135844     INFO  Test worker     d.u.i.k.p.i.AbstractProblemLoader Loading environment from src\test\resources\testcase\termLabels\flatSteps\FlatSteps.java 
135860     DEBUG Test worker     d.u.i.k.p.i.AbstractProblemLoader Environment load took 464.9ns 
135860     INFO  Test worker     d.u.i.k.p.i.AbstractProblemLoader Creating init config 
139410     DEBUG Test worker     d.u.i.k.p.i.AbstractProblemLoader Init config took 3.56s 
139426     INFO  Test worker     d.u.i.k.p.i.AbstractProblemLoader Loading environment from src\test\resources\testcase\termLabels\flatSteps\FlatSteps.java 
139426     DEBUG Test worker     d.u.i.k.p.i.AbstractProblemLoader Environment load took 236.1ns 
139426     INFO  Test worker     d.u.i.k.p.i.AbstractProblemLoader Creating init config 
142213     DEBUG Test worker     d.u.i.k.p.i.AbstractProblemLoader Init config took 2.79s 
142729     INFO  Test worker     d.u.i.k.p.i.AbstractProblemLoader Loading environment from src\test\resources\testcase\termLabels\flatSteps\FlatSteps.java 
142729     DEBUG Test worker     d.u.i.k.p.i.AbstractProblemLoader Environment load took 266.4ns 
142729     INFO  Test worker     d.u.i.k.p.i.AbstractProblemLoader Creating init config 
145424     DEBUG Test worker     d.u.i.k.p.i.AbstractProblemLoader Init config took 2.7s 
145424     INFO  Test worker     d.u.i.k.p.i.AbstractProblemLoader Loading environment from src\test\resources\testcase\termLabels\flatSteps\FlatSteps.java 
145424     DEBUG Test worker     d.u.i.k.p.i.AbstractProblemLoader Environment load took 534.5ns 
145424     INFO  Test worker     d.u.i.k.p.i.AbstractProblemLoader Creating init config 
148197     DEBUG Test worker     d.u.i.k.p.i.AbstractProblemLoader Init config took 2.77s 
148213     INFO  Test worker     d.u.i.k.p.i.AbstractProblemLoader Loading environment from src\test\resources\testcase\termLabels\flatSteps\FlatSteps.java 
148213     DEBUG Test worker     d.u.i.k.p.i.AbstractProblemLoader Environment load took 171.9ns 
148213     INFO  Test worker     d.u.i.k.p.i.AbstractProblemLoader Creating init config 
151018     DEBUG Test worker     d.u.i.k.p.i.AbstractProblemLoader Init config took 2.8s 
151033     INFO  Test worker     d.u.i.k.p.i.AbstractProblemLoader Loading environment from src\test\resources\testcase\termLabels\flatSteps\FlatSteps.java 
151033     DEBUG Test worker     d.u.i.k.p.i.AbstractProblemLoader Environment load took 214.4ns 
151033     INFO  Test worker     d.u.i.k.p.i.AbstractProblemLoader Creating init config 
153854     DEBUG Test worker     d.u.i.k.p.i.AbstractProblemLoader Init config took 2.81s 
153854     INFO  Test worker     d.u.i.k.p.i.AbstractProblemLoader Loading environment from src\test\resources\testcase\termLabels\flatSteps\FlatSteps.java 
153854     DEBUG Test worker     d.u.i.k.p.i.AbstractProblemLoader Environment load took 273.4ns 
153854     INFO  Test worker     d.u.i.k.p.i.AbstractProblemLoader Creating init config 
156634     DEBUG Test worker     d.u.i.k.p.i.AbstractProblemLoader Init config took 2.78s 
156650     INFO  Test worker     d.u.i.k.p.i.AbstractProblemLoader Loading environment from src\test\resources\testcase\termLabels\flatSteps\FlatSteps.java 
156650     DEBUG Test worker     d.u.i.k.p.i.AbstractProblemLoader Environment load took 221.6ns 
156650     INFO  Test worker     d.u.i.k.p.i.AbstractProblemLoader Creating init config 
159451     DEBUG Test worker     d.u.i.k.p.i.AbstractProblemLoader Init config took 2.8s 
159467     INFO  Test worker     d.u.i.k.p.i.AbstractProblemLoader Loading environment from src\test\resources\testcase\termLabels\flatSteps\FlatSteps.java 
159467     DEBUG Test worker     d.u.i.k.p.i.AbstractProblemLoader Environment load took 197.8ns 
159467     INFO  Test worker     d.u.i.k.p.i.AbstractProblemLoader Creating init config 
162268     DEBUG Test worker     d.u.i.k.p.i.AbstractProblemLoader Init config took 2.79s 
162268     INFO  Test worker     d.u.i.k.p.i.AbstractProblemLoader Loading environment from src\test\resources\testcase\termLabels\flatSteps\FlatSteps.java 
162268     DEBUG Test worker     d.u.i.k.p.i.AbstractProblemLoader Environment load took 206.5ns 
162268     INFO  Test worker     d.u.i.k.p.i.AbstractProblemLoader Creating init config 
165998     DEBUG Test worker     d.u.i.k.p.i.AbstractProblemLoader Init config took 3.72s 
166060     INFO  Test worker     d.u.i.k.p.i.AbstractProblemLoader Loading environment from src\test\resources\testcase\termLabels\flatSteps\FlatSteps.java 
166060     DEBUG Test worker     d.u.i.k.p.i.AbstractProblemLoader Environment load took 7.51ms 
166060     INFO  Test worker     d.u.i.k.p.i.AbstractProblemLoader Creating init config 
170140     DEBUG Test worker     d.u.i.k.p.i.AbstractProblemLoader Init config took 4.08s 
]]></system-out>
  <system-err><![CDATA[]]></system-err>
</testsuite>
