<?xml version="1.0" encoding="UTF-8"?>
<testsuite name="de.uka.ilkd.key.rule.merge.MergeRuleTests" tests="11" skipped="0" failures="0" errors="0" timestamp="2023-05-20T14:46:05" hostname="fv-az448-277" time="73.375">
  <properties/>
  <testcase name="testDoManualGcdProof()" classname="de.uka.ilkd.key.rule.merge.MergeRuleTests" time="19.865"/>
  <testcase name="testLoadProofWithDiffVarsWithSameNameAndMPS()" classname="de.uka.ilkd.key.rule.merge.MergeRuleTests" time="3.226"/>
  <testcase name="testDoAutomaticGcdProofWithMergePointStatementAndBlockContract()" classname="de.uka.ilkd.key.rule.merge.MergeRuleTests" time="13.518"/>
  <testcase name="testLoadGcdProofWithPredAbstrAndUserChoices()" classname="de.uka.ilkd.key.rule.merge.MergeRuleTests" time="3.542"/>
  <testcase name="testLoadGcdProofWithPredAbstr()" classname="de.uka.ilkd.key.rule.merge.MergeRuleTests" time="3.837"/>
  <testcase name="testMergeThreeIndistinguishablePathConditionsWithITE()" classname="de.uka.ilkd.key.rule.merge.MergeRuleTests" time="2.946"/>
  <testcase name="testMergeIndistinguishablePathConditionsWithFullAnonymization()" classname="de.uka.ilkd.key.rule.merge.MergeRuleTests" time="2.775"/>
  <testcase name="testLoadClosedGcdProofWithMergePointStatements()" classname="de.uka.ilkd.key.rule.merge.MergeRuleTests" time="4.305"/>
  <testcase name="testMergeIndistinguishablePathConditionsWithITE()" classname="de.uka.ilkd.key.rule.merge.MergeRuleTests" time="2.735"/>
  <testcase name="testDoAutomaticGcdProofWithMergePointStatements()" classname="de.uka.ilkd.key.rule.merge.MergeRuleTests" time="12.498"/>
  <testcase name="testLoadGcdProof()" classname="de.uka.ilkd.key.rule.merge.MergeRuleTests" time="4.127"/>
  <system-out><![CDATA[465134     INFO  Test worker     d.u.i.k.p.i.AbstractProblemLoader Loading environment from src\test\resources\testcase\merge\gcd.key 
465134     DEBUG Test worker     d.u.i.k.p.i.AbstractProblemLoader Environment load took 663.5ns 
465134     INFO  Test worker     d.u.i.k.p.i.AbstractProblemLoader Creating init config 
465243     DEBUG Test worker     d.u.i.k.j.TypeConverter   No LDT found for Meta 
465243     DEBUG Test worker     d.u.i.k.j.TypeConverter   No LDT found for Meta 
465243     DEBUG Test worker     d.u.i.k.j.TypeConverter   No LDT found for Meta 
465243     DEBUG Test worker     d.u.i.k.j.TypeConverter   No LDT found for Meta 
465816     DEBUG Test worker     d.u.i.k.j.TypeConverter   No LDT found for JavaBigintExpression 
468929     DEBUG Test worker     d.u.i.k.p.i.AbstractProblemLoader Init config took 3.79s 
468969     INFO  Test worker     d.u.i.k.p.i.AbstractProblemLoader Replaying proof Gcd[Gcd::gcd(int,int)].JML normal_behavior operation contract.0 
468971     DEBUG Test worker     d.u.i.k.p.i.IntermediateProofReplayer Proof replay took 9.9ns 
485008     INFO  Test worker     d.u.i.k.p.i.AbstractProblemLoader Loading environment from src\test\resources\testcase\merge\A.differentVarsWithSameName.MPS.cut.closed.proof 
485008     DEBUG Test worker     d.u.i.k.p.i.AbstractProblemLoader Environment load took 426.7ns 
485008     INFO  Test worker     d.u.i.k.p.i.AbstractProblemLoader Creating init config 
487921     DEBUG Test worker     d.u.i.k.p.i.AbstractProblemLoader Init config took 2.91s 
487952     INFO  Test worker     d.u.i.k.p.i.AbstractProblemLoader Replaying proof A[A::m(boolean)].JML operation contract.0 
488218     DEBUG Test worker     d.u.i.k.p.i.IntermediateProofReplayer Proof replay took 261.54ms 
488218     INFO  Test worker     d.u.i.k.p.i.AbstractProblemLoader Loading environment from src\test\resources\testcase\merge\gcd.MPSAndBlockContract.key 
488218     DEBUG Test worker     d.u.i.k.p.i.AbstractProblemLoader Environment load took 138.7ns 
488218     INFO  Test worker     d.u.i.k.p.i.AbstractProblemLoader Creating init config 
491352     DEBUG Test worker     d.u.i.k.p.i.AbstractProblemLoader Init config took 3.13s 
491477     INFO  Test worker     d.u.i.k.p.i.AbstractProblemLoader Replaying proof Gcd[Gcd::gcdMPSAndBlockContract(int,int)].JML normal_behavior operation contract.0 
491633     DEBUG Test worker     d.u.i.k.p.i.IntermediateProofReplayer Proof replay took 28.2ns 
501736     INFO  Test worker     d.u.i.k.p.i.AbstractProblemLoader Loading environment from src\test\resources\testcase\merge\gcd.closed.predicateAbstractionWithUserChoices.proof 
501736     DEBUG Test worker     d.u.i.k.p.i.AbstractProblemLoader Environment load took 145.9ns 
501736     INFO  Test worker     d.u.i.k.p.i.AbstractProblemLoader Creating init config 
504635     DEBUG Test worker     d.u.i.k.p.i.AbstractProblemLoader Init config took 2.9s 
504682     INFO  Test worker     d.u.i.k.p.i.AbstractProblemLoader Replaying proof Gcd[Gcd::gcd(int,int)].JML normal_behavior operation contract.0 
505278     DEBUG Test worker     d.u.i.k.p.i.IntermediateProofReplayer Proof replay took 567.39ms 
505278     INFO  Test worker     d.u.i.k.p.i.AbstractProblemLoader Loading environment from src\test\resources\testcase\merge\gcd.closed.predicateabstraction.proof 
505278     DEBUG Test worker     d.u.i.k.p.i.AbstractProblemLoader Environment load took 450.9ns 
505278     INFO  Test worker     d.u.i.k.p.i.AbstractProblemLoader Creating init config 
508214     DEBUG Test worker     d.u.i.k.p.i.AbstractProblemLoader Init config took 2.93s 
508255     INFO  Test worker     d.u.i.k.p.i.AbstractProblemLoader Replaying proof Gcd[Gcd::gcd(int,int)].JML normal_behavior operation contract.0 
509115     DEBUG Test worker     d.u.i.k.p.i.IntermediateProofReplayer Proof replay took 824.29ms 
509115     INFO  Test worker     d.u.i.k.p.i.AbstractProblemLoader Loading environment from src\test\resources\testcase\merge\IndistinguishablePathConditions.twoJoins.proof 
509115     DEBUG Test worker     d.u.i.k.p.i.AbstractProblemLoader Environment load took 420.6ns 
509115     INFO  Test worker     d.u.i.k.p.i.AbstractProblemLoader Creating init config 
512029     DEBUG Test worker     d.u.i.k.p.i.AbstractProblemLoader Init config took 2.92s 
512060     INFO  Test worker     d.u.i.k.p.i.AbstractProblemLoader Replaying proof IndistinguishablePathConditions.twoJoins.proof 
512060     DEBUG Test worker     d.u.i.k.p.i.IntermediateProofReplayer Proof replay took 809.2ns 
512060     INFO  Test worker     d.u.i.k.p.i.AbstractProblemLoader Loading environment from src\test\resources\testcase\merge\IndistinguishablePathConditions.proof 
512060     DEBUG Test worker     d.u.i.k.p.i.AbstractProblemLoader Environment load took 136.5ns 
512060     INFO  Test worker     d.u.i.k.p.i.AbstractProblemLoader Creating init config 
514805     DEBUG Test worker     d.u.i.k.p.i.AbstractProblemLoader Init config took 2.73s 
514821     INFO  Test worker     d.u.i.k.p.i.AbstractProblemLoader Replaying proof IndistinguishablePathConditions.proof 
514821     DEBUG Test worker     d.u.i.k.p.i.IntermediateProofReplayer Proof replay took 563.1ns 
514836     INFO  Test worker     d.u.i.k.p.i.AbstractProblemLoader Loading environment from src\test\resources\testcase\merge\gcd.mergePointStatements.closed.proof 
514836     DEBUG Test worker     d.u.i.k.p.i.AbstractProblemLoader Environment load took 428.8ns 
514836     INFO  Test worker     d.u.i.k.p.i.AbstractProblemLoader Creating init config 
517816     DEBUG Test worker     d.u.i.k.p.i.AbstractProblemLoader Init config took 2.98s 
517863     INFO  Test worker     d.u.i.k.p.i.AbstractProblemLoader Replaying proof Gcd[Gcd::gcdMPS(int,int)].JML normal_behavior operation contract.0 
519141     DEBUG Test worker     d.u.i.k.p.i.IntermediateProofReplayer Proof replay took 1.25s 
519157     INFO  Test worker     d.u.i.k.p.i.AbstractProblemLoader Loading environment from src\test\resources\testcase\merge\IndistinguishablePathConditions.proof 
519157     DEBUG Test worker     d.u.i.k.p.i.AbstractProblemLoader Environment load took 271.4ns 
519157     INFO  Test worker     d.u.i.k.p.i.AbstractProblemLoader Creating init config 
521862     DEBUG Test worker     d.u.i.k.p.i.AbstractProblemLoader Init config took 2.7s 
521878     INFO  Test worker     d.u.i.k.p.i.AbstractProblemLoader Replaying proof IndistinguishablePathConditions.proof 
521878     DEBUG Test worker     d.u.i.k.p.i.IntermediateProofReplayer Proof replay took 560.2ns 
521878     INFO  Test worker     d.u.i.k.p.i.AbstractProblemLoader Loading environment from src\test\resources\testcase\merge\gcd.mergePointStatements.key 
521878     DEBUG Test worker     d.u.i.k.p.i.AbstractProblemLoader Environment load took 420.7ns 
521894     INFO  Test worker     d.u.i.k.p.i.AbstractProblemLoader Creating init config 
524760     DEBUG Test worker     d.u.i.k.p.i.AbstractProblemLoader Init config took 2.87s 
524839     INFO  Test worker     d.u.i.k.p.i.AbstractProblemLoader Replaying proof Gcd[Gcd::gcdMPS(int,int)].JML normal_behavior operation contract.0 
524854     DEBUG Test worker     d.u.i.k.p.i.IntermediateProofReplayer Proof replay took 21.4ns 
534375     INFO  Test worker     d.u.i.k.p.i.AbstractProblemLoader Loading environment from src\test\resources\testcase\merge\gcd.closed.proof 
534375     DEBUG Test worker     d.u.i.k.p.i.AbstractProblemLoader Environment load took 193.5ns 
534375     INFO  Test worker     d.u.i.k.p.i.AbstractProblemLoader Creating init config 
537626     DEBUG Test worker     d.u.i.k.p.i.AbstractProblemLoader Init config took 3.26s 
537673     INFO  Test worker     d.u.i.k.p.i.AbstractProblemLoader Replaying proof Gcd[Gcd::gcd(int,int)].JML normal_behavior operation contract.0 
538486     DEBUG Test worker     d.u.i.k.p.i.IntermediateProofReplayer Proof replay took 789.06ms 
]]></system-out>
  <system-err><![CDATA[]]></system-err>
</testsuite>
