<?xml version="1.0" encoding="UTF-8"?>
<testsuite name="de.uka.ilkd.key.parser.TestTermParserHeap" tests="39" skipped="0" failures="0" errors="0" timestamp="2023-05-20T14:43:38" hostname="fv-az448-277" time="105.802">
  <properties/>
  <testcase name="testBracketHeapUpdate()" classname="de.uka.ilkd.key.parser.TestTermParserHeap" time="0.016"/>
  <testcase name="testStore()" classname="de.uka.ilkd.key.parser.TestTermParserHeap" time="0.009"/>
  <testcase name="testUnknownConstant()" classname="de.uka.ilkd.key.parser.TestTermParserHeap" time="0.002"/>
  <testcase name="testAllFieldsSelector()" classname="de.uka.ilkd.key.parser.TestTermParserHeap" time="0.004"/>
  <testcase name="testParsePrettyPrintedSelect()" classname="de.uka.ilkd.key.parser.TestTermParserHeap" time="0.003"/>
  <testcase name="testAccessStaticMembers()" classname="de.uka.ilkd.key.parser.TestTermParserHeap" time="0.01"/>
  <testcase name="testAtOperator_1()" classname="de.uka.ilkd.key.parser.TestTermParserHeap" time="0.003"/>
  <testcase name="testAtOperator_2()" classname="de.uka.ilkd.key.parser.TestTermParserHeap" time="0.004"/>
  <testcase name="testAtOperator_3()" classname="de.uka.ilkd.key.parser.TestTermParserHeap" time="0.003"/>
  <testcase name="testAtOperator_4()" classname="de.uka.ilkd.key.parser.TestTermParserHeap" time="0.019"/>
  <testcase name="testAtOperator_5()" classname="de.uka.ilkd.key.parser.TestTermParserHeap" time="0.005"/>
  <testcase name="testAtOperator_6()" classname="de.uka.ilkd.key.parser.TestTermParserHeap" time="0.004"/>
  <testcase name="testAtOperator_7()" classname="de.uka.ilkd.key.parser.TestTermParserHeap" time="0.003"/>
  <testcase name="testAtOperator_8()" classname="de.uka.ilkd.key.parser.TestTermParserHeap" time="0.005"/>
  <testcase name="testVerifyExceptionIfAtOperatorNotPreceededBySelectTerm()" classname="de.uka.ilkd.key.parser.TestTermParserHeap" time="0.004"/>
  <testcase name="testBugResettingCounter()" classname="de.uka.ilkd.key.parser.TestTermParserHeap" time="0.005"/>
  <testcase name="testLocationSets()" classname="de.uka.ilkd.key.parser.TestTermParserHeap" time="0.006"/>
  <testcase name="testQuantifiedSelect()" classname="de.uka.ilkd.key.parser.TestTermParserHeap" time="0.004"/>
  <testcase name="testGenericObjectProperties()" classname="de.uka.ilkd.key.parser.TestTermParserHeap" time="0.005"/>
  <testcase name="testQueryInheritance_1()" classname="de.uka.ilkd.key.parser.TestTermParserHeap" time="0.002"/>
  <testcase name="testQueryInheritance_2()" classname="de.uka.ilkd.key.parser.TestTermParserHeap" time="0.004"/>
  <testcase name="testQueryInheritance_3()" classname="de.uka.ilkd.key.parser.TestTermParserHeap" time="0.006"/>
  <testcase name="testQueryInheritance_4()" classname="de.uka.ilkd.key.parser.TestTermParserHeap" time="0.003"/>
  <testcase name="testQueryInheritance_5()" classname="de.uka.ilkd.key.parser.TestTermParserHeap" time="0.003"/>
  <testcase name="testQueryInheritance_6()" classname="de.uka.ilkd.key.parser.TestTermParserHeap" time="0.003"/>
  <testcase name="testQueryInheritance_7()" classname="de.uka.ilkd.key.parser.TestTermParserHeap" time="0.008"/>
  <testcase name="testQueryInheritance_8()" classname="de.uka.ilkd.key.parser.TestTermParserHeap" time="0.003"/>
  <testcase name="testQueryInheritance_9()" classname="de.uka.ilkd.key.parser.TestTermParserHeap" time="0.004"/>
  <testcase name="testQueryBasic_10()" classname="de.uka.ilkd.key.parser.TestTermParserHeap" time="0.003"/>
  <testcase name="testQueryBasic_11()" classname="de.uka.ilkd.key.parser.TestTermParserHeap" time="0.004"/>
  <testcase name="testQueryBasic_1()" classname="de.uka.ilkd.key.parser.TestTermParserHeap" time="0.003"/>
  <testcase name="testQueryBasic_2()" classname="de.uka.ilkd.key.parser.TestTermParserHeap" time="0.003"/>
  <testcase name="testQueryBasic_3()" classname="de.uka.ilkd.key.parser.TestTermParserHeap" time="0.013"/>
  <testcase name="testQueryBasic_4()" classname="de.uka.ilkd.key.parser.TestTermParserHeap" time="0.005"/>
  <testcase name="testQueryBasic_5()" classname="de.uka.ilkd.key.parser.TestTermParserHeap" time="0.003"/>
  <testcase name="testQueryBasic_6()" classname="de.uka.ilkd.key.parser.TestTermParserHeap" time="0.003"/>
  <testcase name="testQueryBasic_7()" classname="de.uka.ilkd.key.parser.TestTermParserHeap" time="0.003"/>
  <testcase name="testQueryBasic_8()" classname="de.uka.ilkd.key.parser.TestTermParserHeap" time="0.002"/>
  <testcase name="testQueryBasic_9()" classname="de.uka.ilkd.key.parser.TestTermParserHeap" time="0.003"/>
  <system-out><![CDATA[317896     INFO  Test worker     d.u.i.k.n.KeyIO           Parsing took 0 ms 
317896     DEBUG Test worker     d.u.i.k.n.KeyIO           Load declarations of de.uka.ilkd.key.nparser.KeyAst$File:  <unknown>:1#1 
317896     INFO  Test worker     d.u.i.k.n.KeyIO           MODE: declarations took 0 ms 
317896     DEBUG Test worker     d.u.i.k.n.KeyIO           MODE: 2nd degree decls took 0 
317896     INFO  Test worker     d.u.i.k.n.KeyIO           Parsing took 0 ms 
317896     DEBUG Test worker     d.u.i.k.n.KeyIO           Load declarations of de.uka.ilkd.key.nparser.KeyAst$File:  <unknown>:1#1 
317896     INFO  Test worker     d.u.i.k.n.KeyIO           MODE: declarations took 0 ms 
317896     DEBUG Test worker     d.u.i.k.n.KeyIO           MODE: 2nd degree decls took 0 
317896     INFO  Test worker     d.u.i.k.n.KeyIO           Parsing took 0 ms 
317896     DEBUG Test worker     d.u.i.k.n.KeyIO           Load declarations of de.uka.ilkd.key.nparser.KeyAst$File:  <unknown>:1#1 
317896     INFO  Test worker     d.u.i.k.n.KeyIO           MODE: declarations took 0 ms 
317896     DEBUG Test worker     d.u.i.k.n.KeyIO           MODE: 2nd degree decls took 0 
317896     INFO  Test worker     d.u.i.k.n.KeyIO           Parsing took 0 ms 
317896     DEBUG Test worker     d.u.i.k.n.KeyIO           Load declarations of de.uka.ilkd.key.nparser.KeyAst$File:  <unknown>:1#1 
317896     INFO  Test worker     d.u.i.k.n.KeyIO           MODE: declarations took 0 ms 
317896     DEBUG Test worker     d.u.i.k.n.KeyIO           MODE: 2nd degree decls took 0 
317896     INFO  Test worker     d.u.i.k.n.KeyIO           Parsing took 0 ms 
317896     DEBUG Test worker     d.u.i.k.n.KeyIO           Load declarations of de.uka.ilkd.key.nparser.KeyAst$File:  <unknown>:1#1 
317896     INFO  Test worker     d.u.i.k.n.KeyIO           MODE: declarations took 0 ms 
317896     DEBUG Test worker     d.u.i.k.n.KeyIO           MODE: 2nd degree decls took 0 
320749     INFO  Test worker     d.u.i.k.n.KeyIO           Parsing took 0 ms 
320749     DEBUG Test worker     d.u.i.k.n.KeyIO           Load declarations of de.uka.ilkd.key.nparser.KeyAst$File:  <unknown>:1#1 
320749     INFO  Test worker     d.u.i.k.n.KeyIO           MODE: declarations took 0 ms 
320749     DEBUG Test worker     d.u.i.k.n.KeyIO           MODE: 2nd degree decls took 0 
320749     INFO  Test worker     d.u.i.k.n.KeyIO           Parsing took 0 ms 
320749     DEBUG Test worker     d.u.i.k.n.KeyIO           Load declarations of de.uka.ilkd.key.nparser.KeyAst$File:  <unknown>:1#1 
320749     INFO  Test worker     d.u.i.k.n.KeyIO           MODE: declarations took 0 ms 
320749     DEBUG Test worker     d.u.i.k.n.KeyIO           MODE: 2nd degree decls took 0 
320749     INFO  Test worker     d.u.i.k.n.KeyIO           Parsing took 0 ms 
320749     DEBUG Test worker     d.u.i.k.n.KeyIO           Load declarations of de.uka.ilkd.key.nparser.KeyAst$File:  <unknown>:1#1 
320749     INFO  Test worker     d.u.i.k.n.KeyIO           MODE: declarations took 0 ms 
320749     DEBUG Test worker     d.u.i.k.n.KeyIO           MODE: 2nd degree decls took 0 
320749     INFO  Test worker     d.u.i.k.n.KeyIO           Parsing took 0 ms 
320749     DEBUG Test worker     d.u.i.k.n.KeyIO           Load declarations of de.uka.ilkd.key.nparser.KeyAst$File:  <unknown>:1#1 
320749     INFO  Test worker     d.u.i.k.n.KeyIO           MODE: declarations took 0 ms 
320749     DEBUG Test worker     d.u.i.k.n.KeyIO           MODE: 2nd degree decls took 0 
320749     INFO  Test worker     d.u.i.k.n.KeyIO           Parsing took 0 ms 
320749     DEBUG Test worker     d.u.i.k.n.KeyIO           Load declarations of de.uka.ilkd.key.nparser.KeyAst$File:  <unknown>:1#1 
320749     INFO  Test worker     d.u.i.k.n.KeyIO           MODE: declarations took 0 ms 
320749     DEBUG Test worker     d.u.i.k.n.KeyIO           MODE: 2nd degree decls took 0 
323575     INFO  Test worker     d.u.i.k.n.KeyIO           Parsing took 0 ms 
323575     DEBUG Test worker     d.u.i.k.n.KeyIO           Load declarations of de.uka.ilkd.key.nparser.KeyAst$File:  <unknown>:1#1 
323575     INFO  Test worker     d.u.i.k.n.KeyIO           MODE: declarations took 0 ms 
323575     DEBUG Test worker     d.u.i.k.n.KeyIO           MODE: 2nd degree decls took 0 
323575     INFO  Test worker     d.u.i.k.n.KeyIO           Parsing took 0 ms 
323575     DEBUG Test worker     d.u.i.k.n.KeyIO           Load declarations of de.uka.ilkd.key.nparser.KeyAst$File:  <unknown>:1#1 
323575     INFO  Test worker     d.u.i.k.n.KeyIO           MODE: declarations took 0 ms 
323575     DEBUG Test worker     d.u.i.k.n.KeyIO           MODE: 2nd degree decls took 0 
323575     INFO  Test worker     d.u.i.k.n.KeyIO           Parsing took 0 ms 
323575     DEBUG Test worker     d.u.i.k.n.KeyIO           Load declarations of de.uka.ilkd.key.nparser.KeyAst$File:  <unknown>:1#1 
323575     INFO  Test worker     d.u.i.k.n.KeyIO           MODE: declarations took 0 ms 
323575     DEBUG Test worker     d.u.i.k.n.KeyIO           MODE: 2nd degree decls took 0 
323575     INFO  Test worker     d.u.i.k.n.KeyIO           Parsing took 0 ms 
323575     DEBUG Test worker     d.u.i.k.n.KeyIO           Load declarations of de.uka.ilkd.key.nparser.KeyAst$File:  <unknown>:1#1 
323575     INFO  Test worker     d.u.i.k.n.KeyIO           MODE: declarations took 0 ms 
323575     DEBUG Test worker     d.u.i.k.n.KeyIO           MODE: 2nd degree decls took 0 
323575     INFO  Test worker     d.u.i.k.n.KeyIO           Parsing took 0 ms 
323575     DEBUG Test worker     d.u.i.k.n.KeyIO           Load declarations of de.uka.ilkd.key.nparser.KeyAst$File:  <unknown>:1#1 
323575     INFO  Test worker     d.u.i.k.n.KeyIO           MODE: declarations took 0 ms 
323575     DEBUG Test worker     d.u.i.k.n.KeyIO           MODE: 2nd degree decls took 0 
323575     INFO  Test worker     d.u.i.k.n.KeyIO           Parsing took 0 ms 
323575     DEBUG Test worker     d.u.i.k.n.KeyIO           Load declarations of de.uka.ilkd.key.nparser.KeyAst$File:  <unknown>:1#1 
323575     INFO  Test worker     d.u.i.k.n.KeyIO           MODE: declarations took 0 ms 
323575     DEBUG Test worker     d.u.i.k.n.KeyIO           MODE: 2nd degree decls took 0 
326385     INFO  Test worker     d.u.i.k.n.KeyIO           Parsing took 0 ms 
326385     DEBUG Test worker     d.u.i.k.n.KeyIO           Load declarations of de.uka.ilkd.key.nparser.KeyAst$File:  <unknown>:1#1 
326385     INFO  Test worker     d.u.i.k.n.KeyIO           MODE: declarations took 0 ms 
326385     DEBUG Test worker     d.u.i.k.n.KeyIO           MODE: 2nd degree decls took 0 
326385     INFO  Test worker     d.u.i.k.n.KeyIO           Parsing took 0 ms 
326385     DEBUG Test worker     d.u.i.k.n.KeyIO           Load declarations of de.uka.ilkd.key.nparser.KeyAst$File:  <unknown>:1#1 
326385     INFO  Test worker     d.u.i.k.n.KeyIO           MODE: declarations took 0 ms 
326385     DEBUG Test worker     d.u.i.k.n.KeyIO           MODE: 2nd degree decls took 0 
326385     INFO  Test worker     d.u.i.k.n.KeyIO           Parsing took 0 ms 
326385     DEBUG Test worker     d.u.i.k.n.KeyIO           Load declarations of de.uka.ilkd.key.nparser.KeyAst$File:  <unknown>:1#1 
326385     INFO  Test worker     d.u.i.k.n.KeyIO           MODE: declarations took 0 ms 
326385     DEBUG Test worker     d.u.i.k.n.KeyIO           MODE: 2nd degree decls took 0 
326385     INFO  Test worker     d.u.i.k.n.KeyIO           Parsing took 0 ms 
326385     DEBUG Test worker     d.u.i.k.n.KeyIO           Load declarations of de.uka.ilkd.key.nparser.KeyAst$File:  <unknown>:1#1 
326385     INFO  Test worker     d.u.i.k.n.KeyIO           MODE: declarations took 0 ms 
326385     DEBUG Test worker     d.u.i.k.n.KeyIO           MODE: 2nd degree decls took 0 
326385     INFO  Test worker     d.u.i.k.n.KeyIO           Parsing took 0 ms 
326385     DEBUG Test worker     d.u.i.k.n.KeyIO           Load declarations of de.uka.ilkd.key.nparser.KeyAst$File:  <unknown>:1#1 
326385     INFO  Test worker     d.u.i.k.n.KeyIO           MODE: declarations took 0 ms 
326385     DEBUG Test worker     d.u.i.k.n.KeyIO           MODE: 2nd degree decls took 0 
329186     INFO  Test worker     d.u.i.k.n.KeyIO           Parsing took 0 ms 
329186     DEBUG Test worker     d.u.i.k.n.KeyIO           Load declarations of de.uka.ilkd.key.nparser.KeyAst$File:  <unknown>:1#1 
329186     INFO  Test worker     d.u.i.k.n.KeyIO           MODE: declarations took 0 ms 
329186     DEBUG Test worker     d.u.i.k.n.KeyIO           MODE: 2nd degree decls took 0 
329186     INFO  Test worker     d.u.i.k.n.KeyIO           Parsing took 0 ms 
329186     DEBUG Test worker     d.u.i.k.n.KeyIO           Load declarations of de.uka.ilkd.key.nparser.KeyAst$File:  <unknown>:1#1 
329186     INFO  Test worker     d.u.i.k.n.KeyIO           MODE: declarations took 0 ms 
329186     DEBUG Test worker     d.u.i.k.n.KeyIO           MODE: 2nd degree decls took 0 
329186     INFO  Test worker     d.u.i.k.n.KeyIO           Parsing took 0 ms 
329186     DEBUG Test worker     d.u.i.k.n.KeyIO           Load declarations of de.uka.ilkd.key.nparser.KeyAst$File:  <unknown>:1#1 
329186     INFO  Test worker     d.u.i.k.n.KeyIO           MODE: declarations took 0 ms 
329186     DEBUG Test worker     d.u.i.k.n.KeyIO           MODE: 2nd degree decls took 0 
329186     INFO  Test worker     d.u.i.k.n.KeyIO           Parsing took 0 ms 
329186     DEBUG Test worker     d.u.i.k.n.KeyIO           Load declarations of de.uka.ilkd.key.nparser.KeyAst$File:  <unknown>:1#1 
329186     INFO  Test worker     d.u.i.k.n.KeyIO           MODE: declarations took 0 ms 
329186     DEBUG Test worker     d.u.i.k.n.KeyIO           MODE: 2nd degree decls took 0 
329186     INFO  Test worker     d.u.i.k.n.KeyIO           Parsing took 0 ms 
329186     DEBUG Test worker     d.u.i.k.n.KeyIO           Load declarations of de.uka.ilkd.key.nparser.KeyAst$File:  <unknown>:1#1 
329186     INFO  Test worker     d.u.i.k.n.KeyIO           MODE: declarations took 0 ms 
329186     DEBUG Test worker     d.u.i.k.n.KeyIO           MODE: 2nd degree decls took 0 
332023     INFO  Test worker     d.u.i.k.n.KeyIO           Parsing took 0 ms 
332023     DEBUG Test worker     d.u.i.k.n.KeyIO           Load declarations of de.uka.ilkd.key.nparser.KeyAst$File:  <unknown>:1#1 
332023     INFO  Test worker     d.u.i.k.n.KeyIO           MODE: declarations took 0 ms 
332023     DEBUG Test worker     d.u.i.k.n.KeyIO           MODE: 2nd degree decls took 0 
332023     INFO  Test worker     d.u.i.k.n.KeyIO           Parsing took 0 ms 
332023     DEBUG Test worker     d.u.i.k.n.KeyIO           Load declarations of de.uka.ilkd.key.nparser.KeyAst$File:  <unknown>:1#1 
332023     INFO  Test worker     d.u.i.k.n.KeyIO           MODE: declarations took 0 ms 
332039     DEBUG Test worker     d.u.i.k.n.KeyIO           MODE: 2nd degree decls took 0 
332039     INFO  Test worker     d.u.i.k.n.KeyIO           Parsing took 0 ms 
332039     DEBUG Test worker     d.u.i.k.n.KeyIO           Load declarations of de.uka.ilkd.key.nparser.KeyAst$File:  <unknown>:1#1 
332039     INFO  Test worker     d.u.i.k.n.KeyIO           MODE: declarations took 0 ms 
332039     DEBUG Test worker     d.u.i.k.n.KeyIO           MODE: 2nd degree decls took 0 
332039     INFO  Test worker     d.u.i.k.n.KeyIO           Parsing took 0 ms 
332039     DEBUG Test worker     d.u.i.k.n.KeyIO           Load declarations of de.uka.ilkd.key.nparser.KeyAst$File:  <unknown>:1#1 
332039     INFO  Test worker     d.u.i.k.n.KeyIO           MODE: declarations took 0 ms 
332039     DEBUG Test worker     d.u.i.k.n.KeyIO           MODE: 2nd degree decls took 0 
332039     INFO  Test worker     d.u.i.k.n.KeyIO           Parsing took 0 ms 
332039     DEBUG Test worker     d.u.i.k.n.KeyIO           Load declarations of de.uka.ilkd.key.nparser.KeyAst$File:  <unknown>:1#1 
332039     INFO  Test worker     d.u.i.k.n.KeyIO           MODE: declarations took 0 ms 
332039     DEBUG Test worker     d.u.i.k.n.KeyIO           MODE: 2nd degree decls took 0 
335106     INFO  Test worker     d.u.i.k.n.KeyIO           Parsing took 0 ms 
335106     DEBUG Test worker     d.u.i.k.n.KeyIO           Load declarations of de.uka.ilkd.key.nparser.KeyAst$File:  <unknown>:1#1 
335106     INFO  Test worker     d.u.i.k.n.KeyIO           MODE: declarations took 0 ms 
335106     DEBUG Test worker     d.u.i.k.n.KeyIO           MODE: 2nd degree decls took 0 
335106     INFO  Test worker     d.u.i.k.n.KeyIO           Parsing took 0 ms 
335106     DEBUG Test worker     d.u.i.k.n.KeyIO           Load declarations of de.uka.ilkd.key.nparser.KeyAst$File:  <unknown>:1#1 
335106     INFO  Test worker     d.u.i.k.n.KeyIO           MODE: declarations took 0 ms 
335106     DEBUG Test worker     d.u.i.k.n.KeyIO           MODE: 2nd degree decls took 0 
335106     INFO  Test worker     d.u.i.k.n.KeyIO           Parsing took 0 ms 
335106     DEBUG Test worker     d.u.i.k.n.KeyIO           Load declarations of de.uka.ilkd.key.nparser.KeyAst$File:  <unknown>:1#1 
335106     INFO  Test worker     d.u.i.k.n.KeyIO           MODE: declarations took 0 ms 
335106     DEBUG Test worker     d.u.i.k.n.KeyIO           MODE: 2nd degree decls took 0 
335106     INFO  Test worker     d.u.i.k.n.KeyIO           Parsing took 0 ms 
335106     DEBUG Test worker     d.u.i.k.n.KeyIO           Load declarations of de.uka.ilkd.key.nparser.KeyAst$File:  <unknown>:1#1 
335106     INFO  Test worker     d.u.i.k.n.KeyIO           MODE: declarations took 0 ms 
335106     DEBUG Test worker     d.u.i.k.n.KeyIO           MODE: 2nd degree decls took 0 
335106     INFO  Test worker     d.u.i.k.n.KeyIO           Parsing took 0 ms 
335106     DEBUG Test worker     d.u.i.k.n.KeyIO           Load declarations of de.uka.ilkd.key.nparser.KeyAst$File:  <unknown>:1#1 
335106     INFO  Test worker     d.u.i.k.n.KeyIO           MODE: declarations took 0 ms 
335106     DEBUG Test worker     d.u.i.k.n.KeyIO           MODE: 2nd degree decls took 0 
337914     INFO  Test worker     d.u.i.k.n.KeyIO           Parsing took 0 ms 
337914     DEBUG Test worker     d.u.i.k.n.KeyIO           Load declarations of de.uka.ilkd.key.nparser.KeyAst$File:  <unknown>:1#1 
337914     INFO  Test worker     d.u.i.k.n.KeyIO           MODE: declarations took 0 ms 
337914     DEBUG Test worker     d.u.i.k.n.KeyIO           MODE: 2nd degree decls took 0 
337914     INFO  Test worker     d.u.i.k.n.KeyIO           Parsing took 0 ms 
337914     DEBUG Test worker     d.u.i.k.n.KeyIO           Load declarations of de.uka.ilkd.key.nparser.KeyAst$File:  <unknown>:1#1 
337914     INFO  Test worker     d.u.i.k.n.KeyIO           MODE: declarations took 0 ms 
337914     DEBUG Test worker     d.u.i.k.n.KeyIO           MODE: 2nd degree decls took 0 
337914     INFO  Test worker     d.u.i.k.n.KeyIO           Parsing took 0 ms 
337914     DEBUG Test worker     d.u.i.k.n.KeyIO           Load declarations of de.uka.ilkd.key.nparser.KeyAst$File:  <unknown>:1#1 
337914     INFO  Test worker     d.u.i.k.n.KeyIO           MODE: declarations took 0 ms 
337914     DEBUG Test worker     d.u.i.k.n.KeyIO           MODE: 2nd degree decls took 0 
337914     INFO  Test worker     d.u.i.k.n.KeyIO           Parsing took 0 ms 
337914     DEBUG Test worker     d.u.i.k.n.KeyIO           Load declarations of de.uka.ilkd.key.nparser.KeyAst$File:  <unknown>:1#1 
337914     INFO  Test worker     d.u.i.k.n.KeyIO           MODE: declarations took 0 ms 
337914     DEBUG Test worker     d.u.i.k.n.KeyIO           MODE: 2nd degree decls took 0 
337914     INFO  Test worker     d.u.i.k.n.KeyIO           Parsing took 0 ms 
337914     DEBUG Test worker     d.u.i.k.n.KeyIO           Load declarations of de.uka.ilkd.key.nparser.KeyAst$File:  <unknown>:1#1 
337914     INFO  Test worker     d.u.i.k.n.KeyIO           MODE: declarations took 0 ms 
337914     DEBUG Test worker     d.u.i.k.n.KeyIO           MODE: 2nd degree decls took 0 
340708     INFO  Test worker     d.u.i.k.n.KeyIO           Parsing took 0 ms 
340708     DEBUG Test worker     d.u.i.k.n.KeyIO           Load declarations of de.uka.ilkd.key.nparser.KeyAst$File:  <unknown>:1#1 
340708     INFO  Test worker     d.u.i.k.n.KeyIO           MODE: declarations took 0 ms 
340708     DEBUG Test worker     d.u.i.k.n.KeyIO           MODE: 2nd degree decls took 0 
340708     INFO  Test worker     d.u.i.k.n.KeyIO           Parsing took 0 ms 
340708     DEBUG Test worker     d.u.i.k.n.KeyIO           Load declarations of de.uka.ilkd.key.nparser.KeyAst$File:  <unknown>:1#1 
340708     INFO  Test worker     d.u.i.k.n.KeyIO           MODE: declarations took 0 ms 
340708     DEBUG Test worker     d.u.i.k.n.KeyIO           MODE: 2nd degree decls took 0 
340708     INFO  Test worker     d.u.i.k.n.KeyIO           Parsing took 0 ms 
340708     DEBUG Test worker     d.u.i.k.n.KeyIO           Load declarations of de.uka.ilkd.key.nparser.KeyAst$File:  <unknown>:1#1 
340708     INFO  Test worker     d.u.i.k.n.KeyIO           MODE: declarations took 0 ms 
340708     DEBUG Test worker     d.u.i.k.n.KeyIO           MODE: 2nd degree decls took 0 
340708     INFO  Test worker     d.u.i.k.n.KeyIO           Parsing took 0 ms 
340708     DEBUG Test worker     d.u.i.k.n.KeyIO           Load declarations of de.uka.ilkd.key.nparser.KeyAst$File:  <unknown>:1#1 
340708     INFO  Test worker     d.u.i.k.n.KeyIO           MODE: declarations took 0 ms 
340708     DEBUG Test worker     d.u.i.k.n.KeyIO           MODE: 2nd degree decls took 0 
340708     INFO  Test worker     d.u.i.k.n.KeyIO           Parsing took 0 ms 
340708     DEBUG Test worker     d.u.i.k.n.KeyIO           Load declarations of de.uka.ilkd.key.nparser.KeyAst$File:  <unknown>:1#1 
340708     INFO  Test worker     d.u.i.k.n.KeyIO           MODE: declarations took 0 ms 
340708     DEBUG Test worker     d.u.i.k.n.KeyIO           MODE: 2nd degree decls took 0 
343494     INFO  Test worker     d.u.i.k.n.KeyIO           Parsing took 0 ms 
343494     DEBUG Test worker     d.u.i.k.n.KeyIO           Load declarations of de.uka.ilkd.key.nparser.KeyAst$File:  <unknown>:1#1 
343494     INFO  Test worker     d.u.i.k.n.KeyIO           MODE: declarations took 0 ms 
343494     DEBUG Test worker     d.u.i.k.n.KeyIO           MODE: 2nd degree decls took 0 
343494     INFO  Test worker     d.u.i.k.n.KeyIO           Parsing took 0 ms 
343494     DEBUG Test worker     d.u.i.k.n.KeyIO           Load declarations of de.uka.ilkd.key.nparser.KeyAst$File:  <unknown>:1#1 
343494     INFO  Test worker     d.u.i.k.n.KeyIO           MODE: declarations took 0 ms 
343494     DEBUG Test worker     d.u.i.k.n.KeyIO           MODE: 2nd degree decls took 0 
343494     INFO  Test worker     d.u.i.k.n.KeyIO           Parsing took 0 ms 
343494     DEBUG Test worker     d.u.i.k.n.KeyIO           Load declarations of de.uka.ilkd.key.nparser.KeyAst$File:  <unknown>:1#1 
343494     INFO  Test worker     d.u.i.k.n.KeyIO           MODE: declarations took 0 ms 
343494     DEBUG Test worker     d.u.i.k.n.KeyIO           MODE: 2nd degree decls took 0 
343494     INFO  Test worker     d.u.i.k.n.KeyIO           Parsing took 0 ms 
343494     DEBUG Test worker     d.u.i.k.n.KeyIO           Load declarations of de.uka.ilkd.key.nparser.KeyAst$File:  <unknown>:1#1 
343494     INFO  Test worker     d.u.i.k.n.KeyIO           MODE: declarations took 0 ms 
343494     DEBUG Test worker     d.u.i.k.n.KeyIO           MODE: 2nd degree decls took 0 
343494     INFO  Test worker     d.u.i.k.n.KeyIO           Parsing took 0 ms 
343494     DEBUG Test worker     d.u.i.k.n.KeyIO           Load declarations of de.uka.ilkd.key.nparser.KeyAst$File:  <unknown>:1#1 
343494     INFO  Test worker     d.u.i.k.n.KeyIO           MODE: declarations took 0 ms 
343494     DEBUG Test worker     d.u.i.k.n.KeyIO           MODE: 2nd degree decls took 0 
346355     INFO  Test worker     d.u.i.k.n.KeyIO           Parsing took 0 ms 
346355     DEBUG Test worker     d.u.i.k.n.KeyIO           Load declarations of de.uka.ilkd.key.nparser.KeyAst$File:  <unknown>:1#1 
346355     INFO  Test worker     d.u.i.k.n.KeyIO           MODE: declarations took 0 ms 
346355     DEBUG Test worker     d.u.i.k.n.KeyIO           MODE: 2nd degree decls took 0 
346355     INFO  Test worker     d.u.i.k.n.KeyIO           Parsing took 0 ms 
346355     DEBUG Test worker     d.u.i.k.n.KeyIO           Load declarations of de.uka.ilkd.key.nparser.KeyAst$File:  <unknown>:1#1 
346355     INFO  Test worker     d.u.i.k.n.KeyIO           MODE: declarations took 0 ms 
346355     DEBUG Test worker     d.u.i.k.n.KeyIO           MODE: 2nd degree decls took 0 
346355     INFO  Test worker     d.u.i.k.n.KeyIO           Parsing took 0 ms 
346355     DEBUG Test worker     d.u.i.k.n.KeyIO           Load declarations of de.uka.ilkd.key.nparser.KeyAst$File:  <unknown>:1#1 
346355     INFO  Test worker     d.u.i.k.n.KeyIO           MODE: declarations took 0 ms 
346355     DEBUG Test worker     d.u.i.k.n.KeyIO           MODE: 2nd degree decls took 0 
346355     INFO  Test worker     d.u.i.k.n.KeyIO           Parsing took 0 ms 
346355     DEBUG Test worker     d.u.i.k.n.KeyIO           Load declarations of de.uka.ilkd.key.nparser.KeyAst$File:  <unknown>:1#1 
346355     INFO  Test worker     d.u.i.k.n.KeyIO           MODE: declarations took 0 ms 
346355     DEBUG Test worker     d.u.i.k.n.KeyIO           MODE: 2nd degree decls took 0 
346355     INFO  Test worker     d.u.i.k.n.KeyIO           Parsing took 0 ms 
346355     DEBUG Test worker     d.u.i.k.n.KeyIO           Load declarations of de.uka.ilkd.key.nparser.KeyAst$File:  <unknown>:1#1 
346355     INFO  Test worker     d.u.i.k.n.KeyIO           MODE: declarations took 0 ms 
346355     DEBUG Test worker     d.u.i.k.n.KeyIO           MODE: 2nd degree decls took 0 
349068     INFO  Test worker     d.u.i.k.n.KeyIO           Parsing took 0 ms 
349068     DEBUG Test worker     d.u.i.k.n.KeyIO           Load declarations of de.uka.ilkd.key.nparser.KeyAst$File:  <unknown>:1#1 
349068     INFO  Test worker     d.u.i.k.n.KeyIO           MODE: declarations took 0 ms 
349068     DEBUG Test worker     d.u.i.k.n.KeyIO           MODE: 2nd degree decls took 0 
349068     INFO  Test worker     d.u.i.k.n.KeyIO           Parsing took 0 ms 
349068     DEBUG Test worker     d.u.i.k.n.KeyIO           Load declarations of de.uka.ilkd.key.nparser.KeyAst$File:  <unknown>:1#1 
349068     INFO  Test worker     d.u.i.k.n.KeyIO           MODE: declarations took 0 ms 
349068     DEBUG Test worker     d.u.i.k.n.KeyIO           MODE: 2nd degree decls took 0 
349068     INFO  Test worker     d.u.i.k.n.KeyIO           Parsing took 0 ms 
349068     DEBUG Test worker     d.u.i.k.n.KeyIO           Load declarations of de.uka.ilkd.key.nparser.KeyAst$File:  <unknown>:1#1 
349068     INFO  Test worker     d.u.i.k.n.KeyIO           MODE: declarations took 0 ms 
349068     DEBUG Test worker     d.u.i.k.n.KeyIO           MODE: 2nd degree decls took 0 
349068     INFO  Test worker     d.u.i.k.n.KeyIO           Parsing took 0 ms 
349068     DEBUG Test worker     d.u.i.k.n.KeyIO           Load declarations of de.uka.ilkd.key.nparser.KeyAst$File:  <unknown>:1#1 
349084     INFO  Test worker     d.u.i.k.n.KeyIO           MODE: declarations took 16 ms 
349084     DEBUG Test worker     d.u.i.k.n.KeyIO           MODE: 2nd degree decls took 0 
349084     INFO  Test worker     d.u.i.k.n.KeyIO           Parsing took 0 ms 
349084     DEBUG Test worker     d.u.i.k.n.KeyIO           Load declarations of de.uka.ilkd.key.nparser.KeyAst$File:  <unknown>:1#1 
349084     INFO  Test worker     d.u.i.k.n.KeyIO           MODE: declarations took 0 ms 
349084     DEBUG Test worker     d.u.i.k.n.KeyIO           MODE: 2nd degree decls took 0 
351881     INFO  Test worker     d.u.i.k.n.KeyIO           Parsing took 0 ms 
351881     DEBUG Test worker     d.u.i.k.n.KeyIO           Load declarations of de.uka.ilkd.key.nparser.KeyAst$File:  <unknown>:1#1 
351881     INFO  Test worker     d.u.i.k.n.KeyIO           MODE: declarations took 0 ms 
351881     DEBUG Test worker     d.u.i.k.n.KeyIO           MODE: 2nd degree decls took 0 
351881     INFO  Test worker     d.u.i.k.n.KeyIO           Parsing took 0 ms 
351881     DEBUG Test worker     d.u.i.k.n.KeyIO           Load declarations of de.uka.ilkd.key.nparser.KeyAst$File:  <unknown>:1#1 
351881     INFO  Test worker     d.u.i.k.n.KeyIO           MODE: declarations took 0 ms 
351881     DEBUG Test worker     d.u.i.k.n.KeyIO           MODE: 2nd degree decls took 0 
351881     INFO  Test worker     d.u.i.k.n.KeyIO           Parsing took 0 ms 
351881     DEBUG Test worker     d.u.i.k.n.KeyIO           Load declarations of de.uka.ilkd.key.nparser.KeyAst$File:  <unknown>:1#1 
351881     INFO  Test worker     d.u.i.k.n.KeyIO           MODE: declarations took 0 ms 
351881     DEBUG Test worker     d.u.i.k.n.KeyIO           MODE: 2nd degree decls took 0 
351881     INFO  Test worker     d.u.i.k.n.KeyIO           Parsing took 0 ms 
351881     DEBUG Test worker     d.u.i.k.n.KeyIO           Load declarations of de.uka.ilkd.key.nparser.KeyAst$File:  <unknown>:1#1 
351881     INFO  Test worker     d.u.i.k.n.KeyIO           MODE: declarations took 0 ms 
351881     DEBUG Test worker     d.u.i.k.n.KeyIO           MODE: 2nd degree decls took 0 
351881     INFO  Test worker     d.u.i.k.n.KeyIO           Parsing took 0 ms 
351881     DEBUG Test worker     d.u.i.k.n.KeyIO           Load declarations of de.uka.ilkd.key.nparser.KeyAst$File:  <unknown>:1#1 
351881     INFO  Test worker     d.u.i.k.n.KeyIO           MODE: declarations took 0 ms 
351881     DEBUG Test worker     d.u.i.k.n.KeyIO           MODE: 2nd degree decls took 0 
354648     INFO  Test worker     d.u.i.k.n.KeyIO           Parsing took 0 ms 
354648     DEBUG Test worker     d.u.i.k.n.KeyIO           Load declarations of de.uka.ilkd.key.nparser.KeyAst$File:  <unknown>:1#1 
354648     INFO  Test worker     d.u.i.k.n.KeyIO           MODE: declarations took 0 ms 
354648     DEBUG Test worker     d.u.i.k.n.KeyIO           MODE: 2nd degree decls took 0 
354648     INFO  Test worker     d.u.i.k.n.KeyIO           Parsing took 0 ms 
354648     DEBUG Test worker     d.u.i.k.n.KeyIO           Load declarations of de.uka.ilkd.key.nparser.KeyAst$File:  <unknown>:1#1 
354648     INFO  Test worker     d.u.i.k.n.KeyIO           MODE: declarations took 0 ms 
354648     DEBUG Test worker     d.u.i.k.n.KeyIO           MODE: 2nd degree decls took 0 
354648     INFO  Test worker     d.u.i.k.n.KeyIO           Parsing took 0 ms 
354648     DEBUG Test worker     d.u.i.k.n.KeyIO           Load declarations of de.uka.ilkd.key.nparser.KeyAst$File:  <unknown>:1#1 
354648     INFO  Test worker     d.u.i.k.n.KeyIO           MODE: declarations took 0 ms 
354648     DEBUG Test worker     d.u.i.k.n.KeyIO           MODE: 2nd degree decls took 0 
354648     INFO  Test worker     d.u.i.k.n.KeyIO           Parsing took 0 ms 
354648     DEBUG Test worker     d.u.i.k.n.KeyIO           Load declarations of de.uka.ilkd.key.nparser.KeyAst$File:  <unknown>:1#1 
354648     INFO  Test worker     d.u.i.k.n.KeyIO           MODE: declarations took 0 ms 
354648     DEBUG Test worker     d.u.i.k.n.KeyIO           MODE: 2nd degree decls took 0 
354648     INFO  Test worker     d.u.i.k.n.KeyIO           Parsing took 0 ms 
354648     DEBUG Test worker     d.u.i.k.n.KeyIO           Load declarations of de.uka.ilkd.key.nparser.KeyAst$File:  <unknown>:1#1 
354648     INFO  Test worker     d.u.i.k.n.KeyIO           MODE: declarations took 0 ms 
354648     DEBUG Test worker     d.u.i.k.n.KeyIO           MODE: 2nd degree decls took 0 
357451     INFO  Test worker     d.u.i.k.n.KeyIO           Parsing took 0 ms 
357451     DEBUG Test worker     d.u.i.k.n.KeyIO           Load declarations of de.uka.ilkd.key.nparser.KeyAst$File:  <unknown>:1#1 
357451     INFO  Test worker     d.u.i.k.n.KeyIO           MODE: declarations took 0 ms 
357451     DEBUG Test worker     d.u.i.k.n.KeyIO           MODE: 2nd degree decls took 0 
357451     INFO  Test worker     d.u.i.k.n.KeyIO           Parsing took 0 ms 
357451     DEBUG Test worker     d.u.i.k.n.KeyIO           Load declarations of de.uka.ilkd.key.nparser.KeyAst$File:  <unknown>:1#1 
357451     INFO  Test worker     d.u.i.k.n.KeyIO           MODE: declarations took 0 ms 
357451     DEBUG Test worker     d.u.i.k.n.KeyIO           MODE: 2nd degree decls took 0 
357451     INFO  Test worker     d.u.i.k.n.KeyIO           Parsing took 0 ms 
357451     DEBUG Test worker     d.u.i.k.n.KeyIO           Load declarations of de.uka.ilkd.key.nparser.KeyAst$File:  <unknown>:1#1 
357451     INFO  Test worker     d.u.i.k.n.KeyIO           MODE: declarations took 0 ms 
357451     DEBUG Test worker     d.u.i.k.n.KeyIO           MODE: 2nd degree decls took 0 
357451     INFO  Test worker     d.u.i.k.n.KeyIO           Parsing took 0 ms 
357451     DEBUG Test worker     d.u.i.k.n.KeyIO           Load declarations of de.uka.ilkd.key.nparser.KeyAst$File:  <unknown>:1#1 
357451     INFO  Test worker     d.u.i.k.n.KeyIO           MODE: declarations took 0 ms 
357451     DEBUG Test worker     d.u.i.k.n.KeyIO           MODE: 2nd degree decls took 0 
357451     INFO  Test worker     d.u.i.k.n.KeyIO           Parsing took 0 ms 
357451     DEBUG Test worker     d.u.i.k.n.KeyIO           Load declarations of de.uka.ilkd.key.nparser.KeyAst$File:  <unknown>:1#1 
357451     INFO  Test worker     d.u.i.k.n.KeyIO           MODE: declarations took 0 ms 
357451     DEBUG Test worker     d.u.i.k.n.KeyIO           MODE: 2nd degree decls took 0 
357451     WARN  Test worker     d.u.i.k.n.KeYParser       [syntax-error] <unknown>:1:11: mismatched input '@' expecting {'/', ':=', '.', '(', ')', '{', '[', '@', PARALLEL, OR, AND, IMP, '=', NOT_EQUALS, '%', '*', '-', '+', '>', GREATEREQUAL, '<', LESSEQUAL, LGUILLEMETS, EQV} [@11,11:11='@',<153>,1:11] (termEOF) 
360202     INFO  Test worker     d.u.i.k.n.KeyIO           Parsing took 0 ms 
360202     DEBUG Test worker     d.u.i.k.n.KeyIO           Load declarations of de.uka.ilkd.key.nparser.KeyAst$File:  <unknown>:1#1 
360218     INFO  Test worker     d.u.i.k.n.KeyIO           MODE: declarations took 16 ms 
360218     DEBUG Test worker     d.u.i.k.n.KeyIO           MODE: 2nd degree decls took 0 
360218     INFO  Test worker     d.u.i.k.n.KeyIO           Parsing took 0 ms 
360218     DEBUG Test worker     d.u.i.k.n.KeyIO           Load declarations of de.uka.ilkd.key.nparser.KeyAst$File:  <unknown>:1#1 
360218     INFO  Test worker     d.u.i.k.n.KeyIO           MODE: declarations took 0 ms 
360218     DEBUG Test worker     d.u.i.k.n.KeyIO           MODE: 2nd degree decls took 0 
360218     INFO  Test worker     d.u.i.k.n.KeyIO           Parsing took 0 ms 
360218     DEBUG Test worker     d.u.i.k.n.KeyIO           Load declarations of de.uka.ilkd.key.nparser.KeyAst$File:  <unknown>:1#1 
360218     INFO  Test worker     d.u.i.k.n.KeyIO           MODE: declarations took 0 ms 
360218     DEBUG Test worker     d.u.i.k.n.KeyIO           MODE: 2nd degree decls took 0 
360218     INFO  Test worker     d.u.i.k.n.KeyIO           Parsing took 0 ms 
360218     DEBUG Test worker     d.u.i.k.n.KeyIO           Load declarations of de.uka.ilkd.key.nparser.KeyAst$File:  <unknown>:1#1 
360218     INFO  Test worker     d.u.i.k.n.KeyIO           MODE: declarations took 0 ms 
360218     DEBUG Test worker     d.u.i.k.n.KeyIO           MODE: 2nd degree decls took 0 
360218     INFO  Test worker     d.u.i.k.n.KeyIO           Parsing took 0 ms 
360218     DEBUG Test worker     d.u.i.k.n.KeyIO           Load declarations of de.uka.ilkd.key.nparser.KeyAst$File:  <unknown>:1#1 
360218     INFO  Test worker     d.u.i.k.n.KeyIO           MODE: declarations took 0 ms 
360218     DEBUG Test worker     d.u.i.k.n.KeyIO           MODE: 2nd degree decls took 0 
362957     INFO  Test worker     d.u.i.k.n.KeyIO           Parsing took 0 ms 
362957     DEBUG Test worker     d.u.i.k.n.KeyIO           Load declarations of de.uka.ilkd.key.nparser.KeyAst$File:  <unknown>:1#1 
362957     INFO  Test worker     d.u.i.k.n.KeyIO           MODE: declarations took 0 ms 
362957     DEBUG Test worker     d.u.i.k.n.KeyIO           MODE: 2nd degree decls took 0 
362957     INFO  Test worker     d.u.i.k.n.KeyIO           Parsing took 0 ms 
362957     DEBUG Test worker     d.u.i.k.n.KeyIO           Load declarations of de.uka.ilkd.key.nparser.KeyAst$File:  <unknown>:1#1 
362957     INFO  Test worker     d.u.i.k.n.KeyIO           MODE: declarations took 0 ms 
362957     DEBUG Test worker     d.u.i.k.n.KeyIO           MODE: 2nd degree decls took 0 
362957     INFO  Test worker     d.u.i.k.n.KeyIO           Parsing took 0 ms 
362957     DEBUG Test worker     d.u.i.k.n.KeyIO           Load declarations of de.uka.ilkd.key.nparser.KeyAst$File:  <unknown>:1#1 
362957     INFO  Test worker     d.u.i.k.n.KeyIO           MODE: declarations took 0 ms 
362957     DEBUG Test worker     d.u.i.k.n.KeyIO           MODE: 2nd degree decls took 0 
362957     INFO  Test worker     d.u.i.k.n.KeyIO           Parsing took 0 ms 
362957     DEBUG Test worker     d.u.i.k.n.KeyIO           Load declarations of de.uka.ilkd.key.nparser.KeyAst$File:  <unknown>:1#1 
362957     INFO  Test worker     d.u.i.k.n.KeyIO           MODE: declarations took 0 ms 
362957     DEBUG Test worker     d.u.i.k.n.KeyIO           MODE: 2nd degree decls took 0 
362957     INFO  Test worker     d.u.i.k.n.KeyIO           Parsing took 0 ms 
362957     DEBUG Test worker     d.u.i.k.n.KeyIO           Load declarations of de.uka.ilkd.key.nparser.KeyAst$File:  <unknown>:1#1 
362957     INFO  Test worker     d.u.i.k.n.KeyIO           MODE: declarations took 0 ms 
362957     DEBUG Test worker     d.u.i.k.n.KeyIO           MODE: 2nd degree decls took 0 
365787     INFO  Test worker     d.u.i.k.n.KeyIO           Parsing took 0 ms 
365787     DEBUG Test worker     d.u.i.k.n.KeyIO           Load declarations of de.uka.ilkd.key.nparser.KeyAst$File:  <unknown>:1#1 
365787     INFO  Test worker     d.u.i.k.n.KeyIO           MODE: declarations took 0 ms 
365787     DEBUG Test worker     d.u.i.k.n.KeyIO           MODE: 2nd degree decls took 0 
365787     INFO  Test worker     d.u.i.k.n.KeyIO           Parsing took 0 ms 
365787     DEBUG Test worker     d.u.i.k.n.KeyIO           Load declarations of de.uka.ilkd.key.nparser.KeyAst$File:  <unknown>:1#1 
365787     INFO  Test worker     d.u.i.k.n.KeyIO           MODE: declarations took 0 ms 
365787     DEBUG Test worker     d.u.i.k.n.KeyIO           MODE: 2nd degree decls took 0 
365787     INFO  Test worker     d.u.i.k.n.KeyIO           Parsing took 0 ms 
365787     DEBUG Test worker     d.u.i.k.n.KeyIO           Load declarations of de.uka.ilkd.key.nparser.KeyAst$File:  <unknown>:1#1 
365787     INFO  Test worker     d.u.i.k.n.KeyIO           MODE: declarations took 0 ms 
365787     DEBUG Test worker     d.u.i.k.n.KeyIO           MODE: 2nd degree decls took 0 
365787     INFO  Test worker     d.u.i.k.n.KeyIO           Parsing took 0 ms 
365787     DEBUG Test worker     d.u.i.k.n.KeyIO           Load declarations of de.uka.ilkd.key.nparser.KeyAst$File:  <unknown>:1#1 
365787     INFO  Test worker     d.u.i.k.n.KeyIO           MODE: declarations took 0 ms 
365787     DEBUG Test worker     d.u.i.k.n.KeyIO           MODE: 2nd degree decls took 0 
365787     INFO  Test worker     d.u.i.k.n.KeyIO           Parsing took 0 ms 
365787     DEBUG Test worker     d.u.i.k.n.KeyIO           Load declarations of de.uka.ilkd.key.nparser.KeyAst$File:  <unknown>:1#1 
365787     INFO  Test worker     d.u.i.k.n.KeyIO           MODE: declarations took 0 ms 
365787     DEBUG Test worker     d.u.i.k.n.KeyIO           MODE: 2nd degree decls took 0 
368531     INFO  Test worker     d.u.i.k.n.KeyIO           Parsing took 0 ms 
368531     DEBUG Test worker     d.u.i.k.n.KeyIO           Load declarations of de.uka.ilkd.key.nparser.KeyAst$File:  <unknown>:1#1 
368531     INFO  Test worker     d.u.i.k.n.KeyIO           MODE: declarations took 0 ms 
368531     DEBUG Test worker     d.u.i.k.n.KeyIO           MODE: 2nd degree decls took 0 
368531     INFO  Test worker     d.u.i.k.n.KeyIO           Parsing took 0 ms 
368531     DEBUG Test worker     d.u.i.k.n.KeyIO           Load declarations of de.uka.ilkd.key.nparser.KeyAst$File:  <unknown>:1#1 
368531     INFO  Test worker     d.u.i.k.n.KeyIO           MODE: declarations took 0 ms 
368531     DEBUG Test worker     d.u.i.k.n.KeyIO           MODE: 2nd degree decls took 0 
368531     INFO  Test worker     d.u.i.k.n.KeyIO           Parsing took 0 ms 
368531     DEBUG Test worker     d.u.i.k.n.KeyIO           Load declarations of de.uka.ilkd.key.nparser.KeyAst$File:  <unknown>:1#1 
368531     INFO  Test worker     d.u.i.k.n.KeyIO           MODE: declarations took 0 ms 
368531     DEBUG Test worker     d.u.i.k.n.KeyIO           MODE: 2nd degree decls took 0 
368531     INFO  Test worker     d.u.i.k.n.KeyIO           Parsing took 0 ms 
368531     DEBUG Test worker     d.u.i.k.n.KeyIO           Load declarations of de.uka.ilkd.key.nparser.KeyAst$File:  <unknown>:1#1 
368531     INFO  Test worker     d.u.i.k.n.KeyIO           MODE: declarations took 0 ms 
368531     DEBUG Test worker     d.u.i.k.n.KeyIO           MODE: 2nd degree decls took 0 
368531     INFO  Test worker     d.u.i.k.n.KeyIO           Parsing took 0 ms 
368531     DEBUG Test worker     d.u.i.k.n.KeyIO           Load declarations of de.uka.ilkd.key.nparser.KeyAst$File:  <unknown>:1#1 
368531     INFO  Test worker     d.u.i.k.n.KeyIO           MODE: declarations took 0 ms 
368531     DEBUG Test worker     d.u.i.k.n.KeyIO           MODE: 2nd degree decls took 0 
371291     INFO  Test worker     d.u.i.k.n.KeyIO           Parsing took 0 ms 
371291     DEBUG Test worker     d.u.i.k.n.KeyIO           Load declarations of de.uka.ilkd.key.nparser.KeyAst$File:  <unknown>:1#1 
371291     INFO  Test worker     d.u.i.k.n.KeyIO           MODE: declarations took 0 ms 
371291     DEBUG Test worker     d.u.i.k.n.KeyIO           MODE: 2nd degree decls took 0 
371291     INFO  Test worker     d.u.i.k.n.KeyIO           Parsing took 0 ms 
371291     DEBUG Test worker     d.u.i.k.n.KeyIO           Load declarations of de.uka.ilkd.key.nparser.KeyAst$File:  <unknown>:1#1 
371291     INFO  Test worker     d.u.i.k.n.KeyIO           MODE: declarations took 0 ms 
371291     DEBUG Test worker     d.u.i.k.n.KeyIO           MODE: 2nd degree decls took 0 
371291     INFO  Test worker     d.u.i.k.n.KeyIO           Parsing took 0 ms 
371291     DEBUG Test worker     d.u.i.k.n.KeyIO           Load declarations of de.uka.ilkd.key.nparser.KeyAst$File:  <unknown>:1#1 
371291     INFO  Test worker     d.u.i.k.n.KeyIO           MODE: declarations took 0 ms 
371291     DEBUG Test worker     d.u.i.k.n.KeyIO           MODE: 2nd degree decls took 0 
371291     INFO  Test worker     d.u.i.k.n.KeyIO           Parsing took 0 ms 
371291     DEBUG Test worker     d.u.i.k.n.KeyIO           Load declarations of de.uka.ilkd.key.nparser.KeyAst$File:  <unknown>:1#1 
371291     INFO  Test worker     d.u.i.k.n.KeyIO           MODE: declarations took 0 ms 
371291     DEBUG Test worker     d.u.i.k.n.KeyIO           MODE: 2nd degree decls took 0 
371291     INFO  Test worker     d.u.i.k.n.KeyIO           Parsing took 0 ms 
371291     DEBUG Test worker     d.u.i.k.n.KeyIO           Load declarations of de.uka.ilkd.key.nparser.KeyAst$File:  <unknown>:1#1 
371291     INFO  Test worker     d.u.i.k.n.KeyIO           MODE: declarations took 0 ms 
371291     DEBUG Test worker     d.u.i.k.n.KeyIO           MODE: 2nd degree decls took 0 
374113     INFO  Test worker     d.u.i.k.n.KeyIO           Parsing took 0 ms 
374113     DEBUG Test worker     d.u.i.k.n.KeyIO           Load declarations of de.uka.ilkd.key.nparser.KeyAst$File:  <unknown>:1#1 
374113     INFO  Test worker     d.u.i.k.n.KeyIO           MODE: declarations took 0 ms 
374113     DEBUG Test worker     d.u.i.k.n.KeyIO           MODE: 2nd degree decls took 0 
374113     INFO  Test worker     d.u.i.k.n.KeyIO           Parsing took 0 ms 
374113     DEBUG Test worker     d.u.i.k.n.KeyIO           Load declarations of de.uka.ilkd.key.nparser.KeyAst$File:  <unknown>:1#1 
374113     INFO  Test worker     d.u.i.k.n.KeyIO           MODE: declarations took 0 ms 
374113     DEBUG Test worker     d.u.i.k.n.KeyIO           MODE: 2nd degree decls took 0 
374113     INFO  Test worker     d.u.i.k.n.KeyIO           Parsing took 0 ms 
374113     DEBUG Test worker     d.u.i.k.n.KeyIO           Load declarations of de.uka.ilkd.key.nparser.KeyAst$File:  <unknown>:1#1 
374113     INFO  Test worker     d.u.i.k.n.KeyIO           MODE: declarations took 0 ms 
374113     DEBUG Test worker     d.u.i.k.n.KeyIO           MODE: 2nd degree decls took 0 
374113     INFO  Test worker     d.u.i.k.n.KeyIO           Parsing took 0 ms 
374113     DEBUG Test worker     d.u.i.k.n.KeyIO           Load declarations of de.uka.ilkd.key.nparser.KeyAst$File:  <unknown>:1#1 
374113     INFO  Test worker     d.u.i.k.n.KeyIO           MODE: declarations took 0 ms 
374113     DEBUG Test worker     d.u.i.k.n.KeyIO           MODE: 2nd degree decls took 0 
374113     INFO  Test worker     d.u.i.k.n.KeyIO           Parsing took 0 ms 
374113     DEBUG Test worker     d.u.i.k.n.KeyIO           Load declarations of de.uka.ilkd.key.nparser.KeyAst$File:  <unknown>:1#1 
374113     INFO  Test worker     d.u.i.k.n.KeyIO           MODE: declarations took 0 ms 
374113     DEBUG Test worker     d.u.i.k.n.KeyIO           MODE: 2nd degree decls took 0 
376882     INFO  Test worker     d.u.i.k.n.KeyIO           Parsing took 0 ms 
376882     DEBUG Test worker     d.u.i.k.n.KeyIO           Load declarations of de.uka.ilkd.key.nparser.KeyAst$File:  <unknown>:1#1 
376882     INFO  Test worker     d.u.i.k.n.KeyIO           MODE: declarations took 0 ms 
376882     DEBUG Test worker     d.u.i.k.n.KeyIO           MODE: 2nd degree decls took 0 
376882     INFO  Test worker     d.u.i.k.n.KeyIO           Parsing took 0 ms 
376882     DEBUG Test worker     d.u.i.k.n.KeyIO           Load declarations of de.uka.ilkd.key.nparser.KeyAst$File:  <unknown>:1#1 
376882     INFO  Test worker     d.u.i.k.n.KeyIO           MODE: declarations took 0 ms 
376882     DEBUG Test worker     d.u.i.k.n.KeyIO           MODE: 2nd degree decls took 0 
376882     INFO  Test worker     d.u.i.k.n.KeyIO           Parsing took 0 ms 
376882     DEBUG Test worker     d.u.i.k.n.KeyIO           Load declarations of de.uka.ilkd.key.nparser.KeyAst$File:  <unknown>:1#1 
376882     INFO  Test worker     d.u.i.k.n.KeyIO           MODE: declarations took 0 ms 
376882     DEBUG Test worker     d.u.i.k.n.KeyIO           MODE: 2nd degree decls took 0 
376882     INFO  Test worker     d.u.i.k.n.KeyIO           Parsing took 0 ms 
376882     DEBUG Test worker     d.u.i.k.n.KeyIO           Load declarations of de.uka.ilkd.key.nparser.KeyAst$File:  <unknown>:1#1 
376882     INFO  Test worker     d.u.i.k.n.KeyIO           MODE: declarations took 0 ms 
376882     DEBUG Test worker     d.u.i.k.n.KeyIO           MODE: 2nd degree decls took 0 
376882     INFO  Test worker     d.u.i.k.n.KeyIO           Parsing took 0 ms 
376882     DEBUG Test worker     d.u.i.k.n.KeyIO           Load declarations of de.uka.ilkd.key.nparser.KeyAst$File:  <unknown>:1#1 
376882     INFO  Test worker     d.u.i.k.n.KeyIO           MODE: declarations took 0 ms 
376882     DEBUG Test worker     d.u.i.k.n.KeyIO           MODE: 2nd degree decls took 0 
379668     INFO  Test worker     d.u.i.k.n.KeyIO           Parsing took 0 ms 
379668     DEBUG Test worker     d.u.i.k.n.KeyIO           Load declarations of de.uka.ilkd.key.nparser.KeyAst$File:  <unknown>:1#1 
379668     INFO  Test worker     d.u.i.k.n.KeyIO           MODE: declarations took 0 ms 
379668     DEBUG Test worker     d.u.i.k.n.KeyIO           MODE: 2nd degree decls took 0 
379668     INFO  Test worker     d.u.i.k.n.KeyIO           Parsing took 0 ms 
379668     DEBUG Test worker     d.u.i.k.n.KeyIO           Load declarations of de.uka.ilkd.key.nparser.KeyAst$File:  <unknown>:1#1 
379668     INFO  Test worker     d.u.i.k.n.KeyIO           MODE: declarations took 0 ms 
379668     DEBUG Test worker     d.u.i.k.n.KeyIO           MODE: 2nd degree decls took 0 
379668     INFO  Test worker     d.u.i.k.n.KeyIO           Parsing took 0 ms 
379668     DEBUG Test worker     d.u.i.k.n.KeyIO           Load declarations of de.uka.ilkd.key.nparser.KeyAst$File:  <unknown>:1#1 
379668     INFO  Test worker     d.u.i.k.n.KeyIO           MODE: declarations took 0 ms 
379668     DEBUG Test worker     d.u.i.k.n.KeyIO           MODE: 2nd degree decls took 0 
379668     INFO  Test worker     d.u.i.k.n.KeyIO           Parsing took 0 ms 
379668     DEBUG Test worker     d.u.i.k.n.KeyIO           Load declarations of de.uka.ilkd.key.nparser.KeyAst$File:  <unknown>:1#1 
379668     INFO  Test worker     d.u.i.k.n.KeyIO           MODE: declarations took 0 ms 
379668     DEBUG Test worker     d.u.i.k.n.KeyIO           MODE: 2nd degree decls took 0 
379668     INFO  Test worker     d.u.i.k.n.KeyIO           Parsing took 0 ms 
379668     DEBUG Test worker     d.u.i.k.n.KeyIO           Load declarations of de.uka.ilkd.key.nparser.KeyAst$File:  <unknown>:1#1 
379668     INFO  Test worker     d.u.i.k.n.KeyIO           MODE: declarations took 0 ms 
379668     DEBUG Test worker     d.u.i.k.n.KeyIO           MODE: 2nd degree decls took 0 
382393     INFO  Test worker     d.u.i.k.n.KeyIO           Parsing took 0 ms 
382393     DEBUG Test worker     d.u.i.k.n.KeyIO           Load declarations of de.uka.ilkd.key.nparser.KeyAst$File:  <unknown>:1#1 
382393     INFO  Test worker     d.u.i.k.n.KeyIO           MODE: declarations took 0 ms 
382393     DEBUG Test worker     d.u.i.k.n.KeyIO           MODE: 2nd degree decls took 0 
382393     INFO  Test worker     d.u.i.k.n.KeyIO           Parsing took 0 ms 
382393     DEBUG Test worker     d.u.i.k.n.KeyIO           Load declarations of de.uka.ilkd.key.nparser.KeyAst$File:  <unknown>:1#1 
382393     INFO  Test worker     d.u.i.k.n.KeyIO           MODE: declarations took 0 ms 
382393     DEBUG Test worker     d.u.i.k.n.KeyIO           MODE: 2nd degree decls took 0 
382393     INFO  Test worker     d.u.i.k.n.KeyIO           Parsing took 0 ms 
382393     DEBUG Test worker     d.u.i.k.n.KeyIO           Load declarations of de.uka.ilkd.key.nparser.KeyAst$File:  <unknown>:1#1 
382393     INFO  Test worker     d.u.i.k.n.KeyIO           MODE: declarations took 0 ms 
382393     DEBUG Test worker     d.u.i.k.n.KeyIO           MODE: 2nd degree decls took 0 
382393     INFO  Test worker     d.u.i.k.n.KeyIO           Parsing took 0 ms 
382393     DEBUG Test worker     d.u.i.k.n.KeyIO           Load declarations of de.uka.ilkd.key.nparser.KeyAst$File:  <unknown>:1#1 
382393     INFO  Test worker     d.u.i.k.n.KeyIO           MODE: declarations took 0 ms 
382393     DEBUG Test worker     d.u.i.k.n.KeyIO           MODE: 2nd degree decls took 0 
382393     INFO  Test worker     d.u.i.k.n.KeyIO           Parsing took 0 ms 
382393     DEBUG Test worker     d.u.i.k.n.KeyIO           Load declarations of de.uka.ilkd.key.nparser.KeyAst$File:  <unknown>:1#1 
382393     INFO  Test worker     d.u.i.k.n.KeyIO           MODE: declarations took 0 ms 
382393     DEBUG Test worker     d.u.i.k.n.KeyIO           MODE: 2nd degree decls took 0 
385134     INFO  Test worker     d.u.i.k.n.KeyIO           Parsing took 0 ms 
385134     DEBUG Test worker     d.u.i.k.n.KeyIO           Load declarations of de.uka.ilkd.key.nparser.KeyAst$File:  <unknown>:1#1 
385134     INFO  Test worker     d.u.i.k.n.KeyIO           MODE: declarations took 0 ms 
385134     DEBUG Test worker     d.u.i.k.n.KeyIO           MODE: 2nd degree decls took 0 
385134     INFO  Test worker     d.u.i.k.n.KeyIO           Parsing took 0 ms 
385134     DEBUG Test worker     d.u.i.k.n.KeyIO           Load declarations of de.uka.ilkd.key.nparser.KeyAst$File:  <unknown>:1#1 
385134     INFO  Test worker     d.u.i.k.n.KeyIO           MODE: declarations took 0 ms 
385134     DEBUG Test worker     d.u.i.k.n.KeyIO           MODE: 2nd degree decls took 0 
385134     INFO  Test worker     d.u.i.k.n.KeyIO           Parsing took 0 ms 
385134     DEBUG Test worker     d.u.i.k.n.KeyIO           Load declarations of de.uka.ilkd.key.nparser.KeyAst$File:  <unknown>:1#1 
385134     INFO  Test worker     d.u.i.k.n.KeyIO           MODE: declarations took 0 ms 
385134     DEBUG Test worker     d.u.i.k.n.KeyIO           MODE: 2nd degree decls took 0 
385134     INFO  Test worker     d.u.i.k.n.KeyIO           Parsing took 0 ms 
385134     DEBUG Test worker     d.u.i.k.n.KeyIO           Load declarations of de.uka.ilkd.key.nparser.KeyAst$File:  <unknown>:1#1 
385134     INFO  Test worker     d.u.i.k.n.KeyIO           MODE: declarations took 0 ms 
385134     DEBUG Test worker     d.u.i.k.n.KeyIO           MODE: 2nd degree decls took 0 
385134     INFO  Test worker     d.u.i.k.n.KeyIO           Parsing took 0 ms 
385134     DEBUG Test worker     d.u.i.k.n.KeyIO           Load declarations of de.uka.ilkd.key.nparser.KeyAst$File:  <unknown>:1#1 
385134     INFO  Test worker     d.u.i.k.n.KeyIO           MODE: declarations took 0 ms 
385134     DEBUG Test worker     d.u.i.k.n.KeyIO           MODE: 2nd degree decls took 0 
387880     INFO  Test worker     d.u.i.k.n.KeyIO           Parsing took 0 ms 
387880     DEBUG Test worker     d.u.i.k.n.KeyIO           Load declarations of de.uka.ilkd.key.nparser.KeyAst$File:  <unknown>:1#1 
387880     INFO  Test worker     d.u.i.k.n.KeyIO           MODE: declarations took 0 ms 
387880     DEBUG Test worker     d.u.i.k.n.KeyIO           MODE: 2nd degree decls took 0 
387880     INFO  Test worker     d.u.i.k.n.KeyIO           Parsing took 0 ms 
387880     DEBUG Test worker     d.u.i.k.n.KeyIO           Load declarations of de.uka.ilkd.key.nparser.KeyAst$File:  <unknown>:1#1 
387880     INFO  Test worker     d.u.i.k.n.KeyIO           MODE: declarations took 0 ms 
387880     DEBUG Test worker     d.u.i.k.n.KeyIO           MODE: 2nd degree decls took 0 
387880     INFO  Test worker     d.u.i.k.n.KeyIO           Parsing took 0 ms 
387880     DEBUG Test worker     d.u.i.k.n.KeyIO           Load declarations of de.uka.ilkd.key.nparser.KeyAst$File:  <unknown>:1#1 
387880     INFO  Test worker     d.u.i.k.n.KeyIO           MODE: declarations took 0 ms 
387880     DEBUG Test worker     d.u.i.k.n.KeyIO           MODE: 2nd degree decls took 0 
387880     INFO  Test worker     d.u.i.k.n.KeyIO           Parsing took 0 ms 
387880     DEBUG Test worker     d.u.i.k.n.KeyIO           Load declarations of de.uka.ilkd.key.nparser.KeyAst$File:  <unknown>:1#1 
387880     INFO  Test worker     d.u.i.k.n.KeyIO           MODE: declarations took 0 ms 
387880     DEBUG Test worker     d.u.i.k.n.KeyIO           MODE: 2nd degree decls took 0 
387880     INFO  Test worker     d.u.i.k.n.KeyIO           Parsing took 0 ms 
387880     DEBUG Test worker     d.u.i.k.n.KeyIO           Load declarations of de.uka.ilkd.key.nparser.KeyAst$File:  <unknown>:1#1 
387880     INFO  Test worker     d.u.i.k.n.KeyIO           MODE: declarations took 0 ms 
387880     DEBUG Test worker     d.u.i.k.n.KeyIO           MODE: 2nd degree decls took 0 
390621     INFO  Test worker     d.u.i.k.n.KeyIO           Parsing took 0 ms 
390621     DEBUG Test worker     d.u.i.k.n.KeyIO           Load declarations of de.uka.ilkd.key.nparser.KeyAst$File:  <unknown>:1#1 
390621     INFO  Test worker     d.u.i.k.n.KeyIO           MODE: declarations took 0 ms 
390621     DEBUG Test worker     d.u.i.k.n.KeyIO           MODE: 2nd degree decls took 0 
390621     INFO  Test worker     d.u.i.k.n.KeyIO           Parsing took 0 ms 
390621     DEBUG Test worker     d.u.i.k.n.KeyIO           Load declarations of de.uka.ilkd.key.nparser.KeyAst$File:  <unknown>:1#1 
390621     INFO  Test worker     d.u.i.k.n.KeyIO           MODE: declarations took 0 ms 
390621     DEBUG Test worker     d.u.i.k.n.KeyIO           MODE: 2nd degree decls took 0 
390621     INFO  Test worker     d.u.i.k.n.KeyIO           Parsing took 0 ms 
390621     DEBUG Test worker     d.u.i.k.n.KeyIO           Load declarations of de.uka.ilkd.key.nparser.KeyAst$File:  <unknown>:1#1 
390621     INFO  Test worker     d.u.i.k.n.KeyIO           MODE: declarations took 0 ms 
390621     DEBUG Test worker     d.u.i.k.n.KeyIO           MODE: 2nd degree decls took 0 
390621     INFO  Test worker     d.u.i.k.n.KeyIO           Parsing took 0 ms 
390621     DEBUG Test worker     d.u.i.k.n.KeyIO           Load declarations of de.uka.ilkd.key.nparser.KeyAst$File:  <unknown>:1#1 
390621     INFO  Test worker     d.u.i.k.n.KeyIO           MODE: declarations took 0 ms 
390621     DEBUG Test worker     d.u.i.k.n.KeyIO           MODE: 2nd degree decls took 0 
390621     INFO  Test worker     d.u.i.k.n.KeyIO           Parsing took 0 ms 
390621     DEBUG Test worker     d.u.i.k.n.KeyIO           Load declarations of de.uka.ilkd.key.nparser.KeyAst$File:  <unknown>:1#1 
390621     INFO  Test worker     d.u.i.k.n.KeyIO           MODE: declarations took 0 ms 
390621     DEBUG Test worker     d.u.i.k.n.KeyIO           MODE: 2nd degree decls took 0 
393356     INFO  Test worker     d.u.i.k.n.KeyIO           Parsing took 0 ms 
393356     DEBUG Test worker     d.u.i.k.n.KeyIO           Load declarations of de.uka.ilkd.key.nparser.KeyAst$File:  <unknown>:1#1 
393356     INFO  Test worker     d.u.i.k.n.KeyIO           MODE: declarations took 0 ms 
393356     DEBUG Test worker     d.u.i.k.n.KeyIO           MODE: 2nd degree decls took 0 
393356     INFO  Test worker     d.u.i.k.n.KeyIO           Parsing took 0 ms 
393356     DEBUG Test worker     d.u.i.k.n.KeyIO           Load declarations of de.uka.ilkd.key.nparser.KeyAst$File:  <unknown>:1#1 
393356     INFO  Test worker     d.u.i.k.n.KeyIO           MODE: declarations took 0 ms 
393356     DEBUG Test worker     d.u.i.k.n.KeyIO           MODE: 2nd degree decls took 0 
393356     INFO  Test worker     d.u.i.k.n.KeyIO           Parsing took 0 ms 
393356     DEBUG Test worker     d.u.i.k.n.KeyIO           Load declarations of de.uka.ilkd.key.nparser.KeyAst$File:  <unknown>:1#1 
393356     INFO  Test worker     d.u.i.k.n.KeyIO           MODE: declarations took 0 ms 
393356     DEBUG Test worker     d.u.i.k.n.KeyIO           MODE: 2nd degree decls took 0 
393356     INFO  Test worker     d.u.i.k.n.KeyIO           Parsing took 0 ms 
393356     DEBUG Test worker     d.u.i.k.n.KeyIO           Load declarations of de.uka.ilkd.key.nparser.KeyAst$File:  <unknown>:1#1 
393356     INFO  Test worker     d.u.i.k.n.KeyIO           MODE: declarations took 0 ms 
393356     DEBUG Test worker     d.u.i.k.n.KeyIO           MODE: 2nd degree decls took 0 
393356     INFO  Test worker     d.u.i.k.n.KeyIO           Parsing took 0 ms 
393356     DEBUG Test worker     d.u.i.k.n.KeyIO           Load declarations of de.uka.ilkd.key.nparser.KeyAst$File:  <unknown>:1#1 
393356     INFO  Test worker     d.u.i.k.n.KeyIO           MODE: declarations took 0 ms 
393356     DEBUG Test worker     d.u.i.k.n.KeyIO           MODE: 2nd degree decls took 0 
396129     INFO  Test worker     d.u.i.k.n.KeyIO           Parsing took 0 ms 
396144     DEBUG Test worker     d.u.i.k.n.KeyIO           Load declarations of de.uka.ilkd.key.nparser.KeyAst$File:  <unknown>:1#1 
396144     INFO  Test worker     d.u.i.k.n.KeyIO           MODE: declarations took 0 ms 
396144     DEBUG Test worker     d.u.i.k.n.KeyIO           MODE: 2nd degree decls took 0 
396144     INFO  Test worker     d.u.i.k.n.KeyIO           Parsing took 0 ms 
396144     DEBUG Test worker     d.u.i.k.n.KeyIO           Load declarations of de.uka.ilkd.key.nparser.KeyAst$File:  <unknown>:1#1 
396144     INFO  Test worker     d.u.i.k.n.KeyIO           MODE: declarations took 0 ms 
396144     DEBUG Test worker     d.u.i.k.n.KeyIO           MODE: 2nd degree decls took 0 
396144     INFO  Test worker     d.u.i.k.n.KeyIO           Parsing took 0 ms 
396144     DEBUG Test worker     d.u.i.k.n.KeyIO           Load declarations of de.uka.ilkd.key.nparser.KeyAst$File:  <unknown>:1#1 
396144     INFO  Test worker     d.u.i.k.n.KeyIO           MODE: declarations took 0 ms 
396144     DEBUG Test worker     d.u.i.k.n.KeyIO           MODE: 2nd degree decls took 0 
396144     INFO  Test worker     d.u.i.k.n.KeyIO           Parsing took 0 ms 
396144     DEBUG Test worker     d.u.i.k.n.KeyIO           Load declarations of de.uka.ilkd.key.nparser.KeyAst$File:  <unknown>:1#1 
396144     INFO  Test worker     d.u.i.k.n.KeyIO           MODE: declarations took 0 ms 
396144     DEBUG Test worker     d.u.i.k.n.KeyIO           MODE: 2nd degree decls took 0 
396144     INFO  Test worker     d.u.i.k.n.KeyIO           Parsing took 0 ms 
396144     DEBUG Test worker     d.u.i.k.n.KeyIO           Load declarations of de.uka.ilkd.key.nparser.KeyAst$File:  <unknown>:1#1 
396144     INFO  Test worker     d.u.i.k.n.KeyIO           MODE: declarations took 0 ms 
396144     DEBUG Test worker     d.u.i.k.n.KeyIO           MODE: 2nd degree decls took 0 
398848     INFO  Test worker     d.u.i.k.n.KeyIO           Parsing took 0 ms 
398848     DEBUG Test worker     d.u.i.k.n.KeyIO           Load declarations of de.uka.ilkd.key.nparser.KeyAst$File:  <unknown>:1#1 
398848     INFO  Test worker     d.u.i.k.n.KeyIO           MODE: declarations took 0 ms 
398848     DEBUG Test worker     d.u.i.k.n.KeyIO           MODE: 2nd degree decls took 0 
398848     INFO  Test worker     d.u.i.k.n.KeyIO           Parsing took 0 ms 
398848     DEBUG Test worker     d.u.i.k.n.KeyIO           Load declarations of de.uka.ilkd.key.nparser.KeyAst$File:  <unknown>:1#1 
398848     INFO  Test worker     d.u.i.k.n.KeyIO           MODE: declarations took 0 ms 
398848     DEBUG Test worker     d.u.i.k.n.KeyIO           MODE: 2nd degree decls took 0 
398848     INFO  Test worker     d.u.i.k.n.KeyIO           Parsing took 0 ms 
398848     DEBUG Test worker     d.u.i.k.n.KeyIO           Load declarations of de.uka.ilkd.key.nparser.KeyAst$File:  <unknown>:1#1 
398848     INFO  Test worker     d.u.i.k.n.KeyIO           MODE: declarations took 0 ms 
398848     DEBUG Test worker     d.u.i.k.n.KeyIO           MODE: 2nd degree decls took 0 
398848     INFO  Test worker     d.u.i.k.n.KeyIO           Parsing took 0 ms 
398848     DEBUG Test worker     d.u.i.k.n.KeyIO           Load declarations of de.uka.ilkd.key.nparser.KeyAst$File:  <unknown>:1#1 
398848     INFO  Test worker     d.u.i.k.n.KeyIO           MODE: declarations took 0 ms 
398848     DEBUG Test worker     d.u.i.k.n.KeyIO           MODE: 2nd degree decls took 0 
398848     INFO  Test worker     d.u.i.k.n.KeyIO           Parsing took 0 ms 
398848     DEBUG Test worker     d.u.i.k.n.KeyIO           Load declarations of de.uka.ilkd.key.nparser.KeyAst$File:  <unknown>:1#1 
398848     INFO  Test worker     d.u.i.k.n.KeyIO           MODE: declarations took 0 ms 
398848     DEBUG Test worker     d.u.i.k.n.KeyIO           MODE: 2nd degree decls took 0 
401608     INFO  Test worker     d.u.i.k.n.KeyIO           Parsing took 0 ms 
401608     DEBUG Test worker     d.u.i.k.n.KeyIO           Load declarations of de.uka.ilkd.key.nparser.KeyAst$File:  <unknown>:1#1 
401608     INFO  Test worker     d.u.i.k.n.KeyIO           MODE: declarations took 0 ms 
401608     DEBUG Test worker     d.u.i.k.n.KeyIO           MODE: 2nd degree decls took 0 
401608     INFO  Test worker     d.u.i.k.n.KeyIO           Parsing took 0 ms 
401608     DEBUG Test worker     d.u.i.k.n.KeyIO           Load declarations of de.uka.ilkd.key.nparser.KeyAst$File:  <unknown>:1#1 
401608     INFO  Test worker     d.u.i.k.n.KeyIO           MODE: declarations took 0 ms 
401608     DEBUG Test worker     d.u.i.k.n.KeyIO           MODE: 2nd degree decls took 0 
401608     INFO  Test worker     d.u.i.k.n.KeyIO           Parsing took 0 ms 
401608     DEBUG Test worker     d.u.i.k.n.KeyIO           Load declarations of de.uka.ilkd.key.nparser.KeyAst$File:  <unknown>:1#1 
401608     INFO  Test worker     d.u.i.k.n.KeyIO           MODE: declarations took 0 ms 
401608     DEBUG Test worker     d.u.i.k.n.KeyIO           MODE: 2nd degree decls took 0 
401608     INFO  Test worker     d.u.i.k.n.KeyIO           Parsing took 0 ms 
401608     DEBUG Test worker     d.u.i.k.n.KeyIO           Load declarations of de.uka.ilkd.key.nparser.KeyAst$File:  <unknown>:1#1 
401608     INFO  Test worker     d.u.i.k.n.KeyIO           MODE: declarations took 0 ms 
401608     DEBUG Test worker     d.u.i.k.n.KeyIO           MODE: 2nd degree decls took 0 
401608     INFO  Test worker     d.u.i.k.n.KeyIO           Parsing took 0 ms 
401608     DEBUG Test worker     d.u.i.k.n.KeyIO           Load declarations of de.uka.ilkd.key.nparser.KeyAst$File:  <unknown>:1#1 
401608     INFO  Test worker     d.u.i.k.n.KeyIO           MODE: declarations took 0 ms 
401608     DEBUG Test worker     d.u.i.k.n.KeyIO           MODE: 2nd degree decls took 0 
404372     INFO  Test worker     d.u.i.k.n.KeyIO           Parsing took 0 ms 
404372     DEBUG Test worker     d.u.i.k.n.KeyIO           Load declarations of de.uka.ilkd.key.nparser.KeyAst$File:  <unknown>:1#1 
404372     INFO  Test worker     d.u.i.k.n.KeyIO           MODE: declarations took 0 ms 
404372     DEBUG Test worker     d.u.i.k.n.KeyIO           MODE: 2nd degree decls took 0 
404372     INFO  Test worker     d.u.i.k.n.KeyIO           Parsing took 0 ms 
404372     DEBUG Test worker     d.u.i.k.n.KeyIO           Load declarations of de.uka.ilkd.key.nparser.KeyAst$File:  <unknown>:1#1 
404372     INFO  Test worker     d.u.i.k.n.KeyIO           MODE: declarations took 0 ms 
404372     DEBUG Test worker     d.u.i.k.n.KeyIO           MODE: 2nd degree decls took 0 
404372     INFO  Test worker     d.u.i.k.n.KeyIO           Parsing took 0 ms 
404372     DEBUG Test worker     d.u.i.k.n.KeyIO           Load declarations of de.uka.ilkd.key.nparser.KeyAst$File:  <unknown>:1#1 
404372     INFO  Test worker     d.u.i.k.n.KeyIO           MODE: declarations took 0 ms 
404372     DEBUG Test worker     d.u.i.k.n.KeyIO           MODE: 2nd degree decls took 0 
404372     INFO  Test worker     d.u.i.k.n.KeyIO           Parsing took 0 ms 
404372     DEBUG Test worker     d.u.i.k.n.KeyIO           Load declarations of de.uka.ilkd.key.nparser.KeyAst$File:  <unknown>:1#1 
404372     INFO  Test worker     d.u.i.k.n.KeyIO           MODE: declarations took 0 ms 
404372     DEBUG Test worker     d.u.i.k.n.KeyIO           MODE: 2nd degree decls took 0 
404372     INFO  Test worker     d.u.i.k.n.KeyIO           Parsing took 0 ms 
404372     DEBUG Test worker     d.u.i.k.n.KeyIO           Load declarations of de.uka.ilkd.key.nparser.KeyAst$File:  <unknown>:1#1 
404372     INFO  Test worker     d.u.i.k.n.KeyIO           MODE: declarations took 0 ms 
404372     DEBUG Test worker     d.u.i.k.n.KeyIO           MODE: 2nd degree decls took 0 
407160     INFO  Test worker     d.u.i.k.n.KeyIO           Parsing took 0 ms 
407160     DEBUG Test worker     d.u.i.k.n.KeyIO           Load declarations of de.uka.ilkd.key.nparser.KeyAst$File:  <unknown>:1#1 
407160     INFO  Test worker     d.u.i.k.n.KeyIO           MODE: declarations took 0 ms 
407160     DEBUG Test worker     d.u.i.k.n.KeyIO           MODE: 2nd degree decls took 0 
407160     INFO  Test worker     d.u.i.k.n.KeyIO           Parsing took 0 ms 
407160     DEBUG Test worker     d.u.i.k.n.KeyIO           Load declarations of de.uka.ilkd.key.nparser.KeyAst$File:  <unknown>:1#1 
407160     INFO  Test worker     d.u.i.k.n.KeyIO           MODE: declarations took 0 ms 
407160     DEBUG Test worker     d.u.i.k.n.KeyIO           MODE: 2nd degree decls took 0 
407160     INFO  Test worker     d.u.i.k.n.KeyIO           Parsing took 0 ms 
407160     DEBUG Test worker     d.u.i.k.n.KeyIO           Load declarations of de.uka.ilkd.key.nparser.KeyAst$File:  <unknown>:1#1 
407160     INFO  Test worker     d.u.i.k.n.KeyIO           MODE: declarations took 0 ms 
407160     DEBUG Test worker     d.u.i.k.n.KeyIO           MODE: 2nd degree decls took 0 
407176     INFO  Test worker     d.u.i.k.n.KeyIO           Parsing took 0 ms 
407176     DEBUG Test worker     d.u.i.k.n.KeyIO           Load declarations of de.uka.ilkd.key.nparser.KeyAst$File:  <unknown>:1#1 
407176     INFO  Test worker     d.u.i.k.n.KeyIO           MODE: declarations took 0 ms 
407176     DEBUG Test worker     d.u.i.k.n.KeyIO           MODE: 2nd degree decls took 0 
407176     INFO  Test worker     d.u.i.k.n.KeyIO           Parsing took 0 ms 
407176     DEBUG Test worker     d.u.i.k.n.KeyIO           Load declarations of de.uka.ilkd.key.nparser.KeyAst$File:  <unknown>:1#1 
407176     INFO  Test worker     d.u.i.k.n.KeyIO           MODE: declarations took 0 ms 
407176     DEBUG Test worker     d.u.i.k.n.KeyIO           MODE: 2nd degree decls took 0 
409934     INFO  Test worker     d.u.i.k.n.KeyIO           Parsing took 0 ms 
409934     DEBUG Test worker     d.u.i.k.n.KeyIO           Load declarations of de.uka.ilkd.key.nparser.KeyAst$File:  <unknown>:1#1 
409934     INFO  Test worker     d.u.i.k.n.KeyIO           MODE: declarations took 0 ms 
409934     DEBUG Test worker     d.u.i.k.n.KeyIO           MODE: 2nd degree decls took 0 
409934     INFO  Test worker     d.u.i.k.n.KeyIO           Parsing took 0 ms 
409934     DEBUG Test worker     d.u.i.k.n.KeyIO           Load declarations of de.uka.ilkd.key.nparser.KeyAst$File:  <unknown>:1#1 
409934     INFO  Test worker     d.u.i.k.n.KeyIO           MODE: declarations took 0 ms 
409934     DEBUG Test worker     d.u.i.k.n.KeyIO           MODE: 2nd degree decls took 0 
409934     INFO  Test worker     d.u.i.k.n.KeyIO           Parsing took 0 ms 
409934     DEBUG Test worker     d.u.i.k.n.KeyIO           Load declarations of de.uka.ilkd.key.nparser.KeyAst$File:  <unknown>:1#1 
409934     INFO  Test worker     d.u.i.k.n.KeyIO           MODE: declarations took 0 ms 
409934     DEBUG Test worker     d.u.i.k.n.KeyIO           MODE: 2nd degree decls took 0 
409934     INFO  Test worker     d.u.i.k.n.KeyIO           Parsing took 0 ms 
409934     DEBUG Test worker     d.u.i.k.n.KeyIO           Load declarations of de.uka.ilkd.key.nparser.KeyAst$File:  <unknown>:1#1 
409934     INFO  Test worker     d.u.i.k.n.KeyIO           MODE: declarations took 0 ms 
409934     DEBUG Test worker     d.u.i.k.n.KeyIO           MODE: 2nd degree decls took 0 
409934     INFO  Test worker     d.u.i.k.n.KeyIO           Parsing took 0 ms 
409934     DEBUG Test worker     d.u.i.k.n.KeyIO           Load declarations of de.uka.ilkd.key.nparser.KeyAst$File:  <unknown>:1#1 
409934     INFO  Test worker     d.u.i.k.n.KeyIO           MODE: declarations took 0 ms 
409934     DEBUG Test worker     d.u.i.k.n.KeyIO           MODE: 2nd degree decls took 0 
412662     INFO  Test worker     d.u.i.k.n.KeyIO           Parsing took 0 ms 
412662     DEBUG Test worker     d.u.i.k.n.KeyIO           Load declarations of de.uka.ilkd.key.nparser.KeyAst$File:  <unknown>:1#1 
412662     INFO  Test worker     d.u.i.k.n.KeyIO           MODE: declarations took 0 ms 
412662     DEBUG Test worker     d.u.i.k.n.KeyIO           MODE: 2nd degree decls took 0 
412662     INFO  Test worker     d.u.i.k.n.KeyIO           Parsing took 0 ms 
412662     DEBUG Test worker     d.u.i.k.n.KeyIO           Load declarations of de.uka.ilkd.key.nparser.KeyAst$File:  <unknown>:1#1 
412662     INFO  Test worker     d.u.i.k.n.KeyIO           MODE: declarations took 0 ms 
412662     DEBUG Test worker     d.u.i.k.n.KeyIO           MODE: 2nd degree decls took 0 
412662     INFO  Test worker     d.u.i.k.n.KeyIO           Parsing took 0 ms 
412662     DEBUG Test worker     d.u.i.k.n.KeyIO           Load declarations of de.uka.ilkd.key.nparser.KeyAst$File:  <unknown>:1#1 
412662     INFO  Test worker     d.u.i.k.n.KeyIO           MODE: declarations took 0 ms 
412662     DEBUG Test worker     d.u.i.k.n.KeyIO           MODE: 2nd degree decls took 0 
412662     INFO  Test worker     d.u.i.k.n.KeyIO           Parsing took 0 ms 
412662     DEBUG Test worker     d.u.i.k.n.KeyIO           Load declarations of de.uka.ilkd.key.nparser.KeyAst$File:  <unknown>:1#1 
412662     INFO  Test worker     d.u.i.k.n.KeyIO           MODE: declarations took 0 ms 
412662     DEBUG Test worker     d.u.i.k.n.KeyIO           MODE: 2nd degree decls took 0 
412662     INFO  Test worker     d.u.i.k.n.KeyIO           Parsing took 0 ms 
412662     DEBUG Test worker     d.u.i.k.n.KeyIO           Load declarations of de.uka.ilkd.key.nparser.KeyAst$File:  <unknown>:1#1 
412662     INFO  Test worker     d.u.i.k.n.KeyIO           MODE: declarations took 0 ms 
412662     DEBUG Test worker     d.u.i.k.n.KeyIO           MODE: 2nd degree decls took 0 
415405     INFO  Test worker     d.u.i.k.n.KeyIO           Parsing took 0 ms 
415405     DEBUG Test worker     d.u.i.k.n.KeyIO           Load declarations of de.uka.ilkd.key.nparser.KeyAst$File:  <unknown>:1#1 
415405     INFO  Test worker     d.u.i.k.n.KeyIO           MODE: declarations took 0 ms 
415405     DEBUG Test worker     d.u.i.k.n.KeyIO           MODE: 2nd degree decls took 0 
415405     INFO  Test worker     d.u.i.k.n.KeyIO           Parsing took 0 ms 
415405     DEBUG Test worker     d.u.i.k.n.KeyIO           Load declarations of de.uka.ilkd.key.nparser.KeyAst$File:  <unknown>:1#1 
415405     INFO  Test worker     d.u.i.k.n.KeyIO           MODE: declarations took 0 ms 
415405     DEBUG Test worker     d.u.i.k.n.KeyIO           MODE: 2nd degree decls took 0 
415405     INFO  Test worker     d.u.i.k.n.KeyIO           Parsing took 0 ms 
415405     DEBUG Test worker     d.u.i.k.n.KeyIO           Load declarations of de.uka.ilkd.key.nparser.KeyAst$File:  <unknown>:1#1 
415405     INFO  Test worker     d.u.i.k.n.KeyIO           MODE: declarations took 0 ms 
415405     DEBUG Test worker     d.u.i.k.n.KeyIO           MODE: 2nd degree decls took 0 
415405     INFO  Test worker     d.u.i.k.n.KeyIO           Parsing took 0 ms 
415405     DEBUG Test worker     d.u.i.k.n.KeyIO           Load declarations of de.uka.ilkd.key.nparser.KeyAst$File:  <unknown>:1#1 
415405     INFO  Test worker     d.u.i.k.n.KeyIO           MODE: declarations took 0 ms 
415405     DEBUG Test worker     d.u.i.k.n.KeyIO           MODE: 2nd degree decls took 0 
415405     INFO  Test worker     d.u.i.k.n.KeyIO           Parsing took 0 ms 
415405     DEBUG Test worker     d.u.i.k.n.KeyIO           Load declarations of de.uka.ilkd.key.nparser.KeyAst$File:  <unknown>:1#1 
415405     INFO  Test worker     d.u.i.k.n.KeyIO           MODE: declarations took 0 ms 
415405     DEBUG Test worker     d.u.i.k.n.KeyIO           MODE: 2nd degree decls took 0 
418172     INFO  Test worker     d.u.i.k.n.KeyIO           Parsing took 0 ms 
418172     DEBUG Test worker     d.u.i.k.n.KeyIO           Load declarations of de.uka.ilkd.key.nparser.KeyAst$File:  <unknown>:1#1 
418172     INFO  Test worker     d.u.i.k.n.KeyIO           MODE: declarations took 0 ms 
418172     DEBUG Test worker     d.u.i.k.n.KeyIO           MODE: 2nd degree decls took 0 
418172     INFO  Test worker     d.u.i.k.n.KeyIO           Parsing took 0 ms 
418172     DEBUG Test worker     d.u.i.k.n.KeyIO           Load declarations of de.uka.ilkd.key.nparser.KeyAst$File:  <unknown>:1#1 
418172     INFO  Test worker     d.u.i.k.n.KeyIO           MODE: declarations took 0 ms 
418172     DEBUG Test worker     d.u.i.k.n.KeyIO           MODE: 2nd degree decls took 0 
418172     INFO  Test worker     d.u.i.k.n.KeyIO           Parsing took 0 ms 
418172     DEBUG Test worker     d.u.i.k.n.KeyIO           Load declarations of de.uka.ilkd.key.nparser.KeyAst$File:  <unknown>:1#1 
418172     INFO  Test worker     d.u.i.k.n.KeyIO           MODE: declarations took 0 ms 
418172     DEBUG Test worker     d.u.i.k.n.KeyIO           MODE: 2nd degree decls took 0 
418172     INFO  Test worker     d.u.i.k.n.KeyIO           Parsing took 0 ms 
418172     DEBUG Test worker     d.u.i.k.n.KeyIO           Load declarations of de.uka.ilkd.key.nparser.KeyAst$File:  <unknown>:1#1 
418172     INFO  Test worker     d.u.i.k.n.KeyIO           MODE: declarations took 0 ms 
418172     DEBUG Test worker     d.u.i.k.n.KeyIO           MODE: 2nd degree decls took 0 
418172     INFO  Test worker     d.u.i.k.n.KeyIO           Parsing took 0 ms 
418172     DEBUG Test worker     d.u.i.k.n.KeyIO           Load declarations of de.uka.ilkd.key.nparser.KeyAst$File:  <unknown>:1#1 
418172     INFO  Test worker     d.u.i.k.n.KeyIO           MODE: declarations took 0 ms 
418172     DEBUG Test worker     d.u.i.k.n.KeyIO           MODE: 2nd degree decls took 0 
420942     INFO  Test worker     d.u.i.k.n.KeyIO           Parsing took 0 ms 
420942     DEBUG Test worker     d.u.i.k.n.KeyIO           Load declarations of de.uka.ilkd.key.nparser.KeyAst$File:  <unknown>:1#1 
420942     INFO  Test worker     d.u.i.k.n.KeyIO           MODE: declarations took 0 ms 
420942     DEBUG Test worker     d.u.i.k.n.KeyIO           MODE: 2nd degree decls took 0 
420942     INFO  Test worker     d.u.i.k.n.KeyIO           Parsing took 0 ms 
420942     DEBUG Test worker     d.u.i.k.n.KeyIO           Load declarations of de.uka.ilkd.key.nparser.KeyAst$File:  <unknown>:1#1 
420942     INFO  Test worker     d.u.i.k.n.KeyIO           MODE: declarations took 0 ms 
420942     DEBUG Test worker     d.u.i.k.n.KeyIO           MODE: 2nd degree decls took 0 
420942     INFO  Test worker     d.u.i.k.n.KeyIO           Parsing took 0 ms 
420942     DEBUG Test worker     d.u.i.k.n.KeyIO           Load declarations of de.uka.ilkd.key.nparser.KeyAst$File:  <unknown>:1#1 
420942     INFO  Test worker     d.u.i.k.n.KeyIO           MODE: declarations took 0 ms 
420942     DEBUG Test worker     d.u.i.k.n.KeyIO           MODE: 2nd degree decls took 0 
420942     INFO  Test worker     d.u.i.k.n.KeyIO           Parsing took 0 ms 
420942     DEBUG Test worker     d.u.i.k.n.KeyIO           Load declarations of de.uka.ilkd.key.nparser.KeyAst$File:  <unknown>:1#1 
420942     INFO  Test worker     d.u.i.k.n.KeyIO           MODE: declarations took 0 ms 
420942     DEBUG Test worker     d.u.i.k.n.KeyIO           MODE: 2nd degree decls took 0 
420942     INFO  Test worker     d.u.i.k.n.KeyIO           Parsing took 0 ms 
420942     DEBUG Test worker     d.u.i.k.n.KeyIO           Load declarations of de.uka.ilkd.key.nparser.KeyAst$File:  <unknown>:1#1 
420942     INFO  Test worker     d.u.i.k.n.KeyIO           MODE: declarations took 0 ms 
420942     DEBUG Test worker     d.u.i.k.n.KeyIO           MODE: 2nd degree decls took 0 
423695     INFO  Test worker     d.u.i.k.n.KeyIO           Parsing took 0 ms 
423695     DEBUG Test worker     d.u.i.k.n.KeyIO           Load declarations of de.uka.ilkd.key.nparser.KeyAst$File:  <unknown>:1#1 
423695     INFO  Test worker     d.u.i.k.n.KeyIO           MODE: declarations took 0 ms 
423695     DEBUG Test worker     d.u.i.k.n.KeyIO           MODE: 2nd degree decls took 0 
423695     INFO  Test worker     d.u.i.k.n.KeyIO           Parsing took 0 ms 
423695     DEBUG Test worker     d.u.i.k.n.KeyIO           Load declarations of de.uka.ilkd.key.nparser.KeyAst$File:  <unknown>:1#1 
423695     INFO  Test worker     d.u.i.k.n.KeyIO           MODE: declarations took 0 ms 
423695     DEBUG Test worker     d.u.i.k.n.KeyIO           MODE: 2nd degree decls took 0 
423695     INFO  Test worker     d.u.i.k.n.KeyIO           Parsing took 0 ms 
423695     DEBUG Test worker     d.u.i.k.n.KeyIO           Load declarations of de.uka.ilkd.key.nparser.KeyAst$File:  <unknown>:1#1 
423695     INFO  Test worker     d.u.i.k.n.KeyIO           MODE: declarations took 0 ms 
423695     DEBUG Test worker     d.u.i.k.n.KeyIO           MODE: 2nd degree decls took 0 
423695     INFO  Test worker     d.u.i.k.n.KeyIO           Parsing took 0 ms 
423695     DEBUG Test worker     d.u.i.k.n.KeyIO           Load declarations of de.uka.ilkd.key.nparser.KeyAst$File:  <unknown>:1#1 
423695     INFO  Test worker     d.u.i.k.n.KeyIO           MODE: declarations took 0 ms 
423695     DEBUG Test worker     d.u.i.k.n.KeyIO           MODE: 2nd degree decls took 0 
423695     INFO  Test worker     d.u.i.k.n.KeyIO           Parsing took 0 ms 
423695     DEBUG Test worker     d.u.i.k.n.KeyIO           Load declarations of de.uka.ilkd.key.nparser.KeyAst$File:  <unknown>:1#1 
423695     INFO  Test worker     d.u.i.k.n.KeyIO           MODE: declarations took 0 ms 
423695     DEBUG Test worker     d.u.i.k.n.KeyIO           MODE: 2nd degree decls took 0 
]]></system-out>
  <system-err><![CDATA[]]></system-err>
</testsuite>
