<?xml version="1.0" encoding="UTF-8"?>
<testsuite name="de.uka.ilkd.key.java.TestContextStatementBlock" tests="1" skipped="0" failures="0" errors="0" timestamp="2023-05-20T14:38:45" hostname="fv-az448-277" time="1.162">
  <properties/>
  <testcase name="testContextTermInstantiation()" classname="de.uka.ilkd.key.java.TestContextStatementBlock" time="1.162"/>
  <system-out><![CDATA[25674      INFO  Test worker     d.u.i.k.n.KeyIO           Parsing took 16 ms 
25674      DEBUG Test worker     d.u.i.k.n.KeyIO           Load declarations of de.uka.ilkd.key.nparser.KeyAst$File:  D:\a\key\key\key.core\src\test\resources\testcase\testrules.key:9#1 
25674      INFO  Test worker     d.u.i.k.n.KeyIO           MODE: declarations took 0 ms 
25674      DEBUG Test worker     d.u.i.k.n.KeyIO           MODE: 2nd degree decls took 0 
25783      DEBUG Test worker     d.u.i.k.n.KeyIO           MODE: taclets took 109ms 
]]></system-out>
  <system-err><![CDATA[]]></system-err>
</testsuite>
