<?xml version="1.0" encoding="UTF-8"?>
<testsuite name="de.uka.ilkd.key.rule.loop.LoopScopeInvRuleTests" tests="1" skipped="0" failures="0" errors="0" timestamp="2023-05-20T14:45:54" hostname="fv-az448-277" time="4.613">
  <properties/>
  <testcase name="testDoAutomaticProofOfBenchmarkWithLabeledBreaksAndContinues()" classname="de.uka.ilkd.key.rule.loop.LoopScopeInvRuleTests" time="4.613"/>
  <system-out><![CDATA[453947     INFO  Test worker     d.u.i.k.p.i.AbstractProblemLoader Loading environment from src\test\resources\testcase\loopScopeInvRule\Test.key 
453947     DEBUG Test worker     d.u.i.k.p.i.AbstractProblemLoader Environment load took 132.9ns 
453947     INFO  Test worker     d.u.i.k.p.i.AbstractProblemLoader Creating init config 
454061     DEBUG Test worker     d.u.i.k.j.TypeConverter   No LDT found for Meta 
454061     DEBUG Test worker     d.u.i.k.j.TypeConverter   No LDT found for Meta 
454061     DEBUG Test worker     d.u.i.k.j.TypeConverter   No LDT found for Meta 
454061     DEBUG Test worker     d.u.i.k.j.TypeConverter   No LDT found for Meta 
454687     DEBUG Test worker     d.u.i.k.j.TypeConverter   No LDT found for JavaBigintExpression 
457891     DEBUG Test worker     d.u.i.k.p.i.AbstractProblemLoader Init config took 3.95s 
457938     INFO  Test worker     d.u.i.k.p.i.AbstractProblemLoader Replaying proof Test[Test::loopScopeRuleBenchmark(int,boolean)].JML normal_behavior operation contract.0 
457953     DEBUG Test worker     d.u.i.k.p.i.IntermediateProofReplayer Proof replay took 20.4ns 
]]></system-out>
  <system-err><![CDATA[]]></system-err>
</testsuite>
