<?xml version="1.0" encoding="UTF-8"?>
<testsuite name="de.uka.ilkd.key.util.TestProofStarter" tests="2" skipped="0" failures="0" errors="0" timestamp="2023-05-20T14:51:48" hostname="fv-az448-277" time="54.599">
  <properties/>
  <testcase name="testDirectProofWithOneStepSimplification()" classname="de.uka.ilkd.key.util.TestProofStarter" time="28.13"/>
  <testcase name="testDirectProof()" classname="de.uka.ilkd.key.util.TestProofStarter" time="26.469"/>
  <system-out><![CDATA[808305     INFO  Test worker     d.u.i.k.p.i.AbstractProblemLoader Loading environment from src\test\resources\testcase\proofStarter\CC\project.key 
808306     DEBUG Test worker     d.u.i.k.p.i.AbstractProblemLoader Environment load took 511ns 
808306     INFO  Test worker     d.u.i.k.p.i.AbstractProblemLoader Creating init config 
811153     DEBUG Test worker     d.u.i.k.p.i.AbstractProblemLoader Init config took 2.86s 
811222     INFO  Test worker     d.u.i.k.p.i.AbstractProblemLoader Replaying proof CC[CC::calcCoinIndex([I,[I)].JML normal_behavior operation contract.0 
811222     DEBUG Test worker     d.u.i.k.p.i.IntermediateProofReplayer Proof replay took 2.1ns 
836398     INFO  Test worker     d.u.i.k.p.i.AbstractProblemLoader Loading environment from src\test\resources\testcase\proofStarter\CC\project.key 
836398     DEBUG Test worker     d.u.i.k.p.i.AbstractProblemLoader Environment load took 202.6ns 
836398     INFO  Test worker     d.u.i.k.p.i.AbstractProblemLoader Creating init config 
839181     DEBUG Test worker     d.u.i.k.p.i.AbstractProblemLoader Init config took 2.78s 
839228     INFO  Test worker     d.u.i.k.p.i.AbstractProblemLoader Replaying proof CC[CC::calcCoinIndex([I,[I)].JML normal_behavior operation contract.0 
839228     DEBUG Test worker     d.u.i.k.p.i.IntermediateProofReplayer Proof replay took 2.5ns 
]]></system-out>
  <system-err><![CDATA[]]></system-err>
</testsuite>
