<?xml version="1.0" encoding="UTF-8"?>
<testsuite name="de.uka.ilkd.key.util.TestProofStarter" tests="2" skipped="0" failures="0" errors="0" timestamp="2023-02-23T19:58:31" hostname="fv-az444-826" time="43.032">
  <properties/>
  <testcase name="testDirectProofWithOneStepSimplification()" classname="de.uka.ilkd.key.util.TestProofStarter" time="22.184"/>
  <testcase name="testDirectProof()" classname="de.uka.ilkd.key.util.TestProofStarter" time="20.848"/>
  <system-out><![CDATA[]]></system-out>
  <system-err><![CDATA[]]></system-err>
</testsuite>
