<?xml version="1.0" encoding="UTF-8"?>
<testsuite name="de.uka.ilkd.key.macros.scripts.TestProofScriptCommand" tests="7" skipped="0" failures="0" errors="0" timestamp="2023-05-01T21:11:52" hostname="fv-az593-968" time="23.443">
  <properties/>
  <testcase name="[1] unhide.props, /home/runner/work/key/key/key.core/build/resources/test/de/uka/ilkd/key/macros/scripts/cases/unhide.props" classname="de.uka.ilkd.key.macros.scripts.TestProofScriptCommand" time="3.3"/>
  <testcase name="[2] andRight.props, /home/runner/work/key/key/key.core/build/resources/test/de/uka/ilkd/key/macros/scripts/cases/andRight.props" classname="de.uka.ilkd.key.macros.scripts.TestProofScriptCommand" time="3.355"/>
  <testcase name="[3] rule.exc.props, /home/runner/work/key/key/key.core/build/resources/test/de/uka/ilkd/key/macros/scripts/cases/rule.exc.props" classname="de.uka.ilkd.key.macros.scripts.TestProofScriptCommand" time="3.34"/>
  <testcase name="[4] unhide2.props, /home/runner/work/key/key/key.core/build/resources/test/de/uka/ilkd/key/macros/scripts/cases/unhide2.props" classname="de.uka.ilkd.key.macros.scripts.TestProofScriptCommand" time="3.403"/>
  <testcase name="[5] hide.props, /home/runner/work/key/key/key.core/build/resources/test/de/uka/ilkd/key/macros/scripts/cases/hide.props" classname="de.uka.ilkd.key.macros.scripts.TestProofScriptCommand" time="3.354"/>
  <testcase name="[6] hide.exc.props, /home/runner/work/key/key/key.core/build/resources/test/de/uka/ilkd/key/macros/scripts/cases/hide.exc.props" classname="de.uka.ilkd.key.macros.scripts.TestProofScriptCommand" time="3.38"/>
  <testcase name="[7] selectFormula.props, /home/runner/work/key/key/key.core/build/resources/test/de/uka/ilkd/key/macros/scripts/cases/selectFormula.props" classname="de.uka.ilkd.key.macros.scripts.TestProofScriptCommand" time="3.308"/>
  <system-out><![CDATA[193688     INFO  Test worker     d.u.i.k.p.i.AbstractProblemLoader Loading environment from /tmp/proofscript_key_unhide.props3179739216901610105.key 
193688     DEBUG Test worker     d.u.i.k.p.i.AbstractProblemLoader Environment load took 207.3ns 
193689     INFO  Test worker     d.u.i.k.p.i.AbstractProblemLoader Creating init config 
196927     DEBUG Test worker     d.u.i.k.p.i.AbstractProblemLoader Init config took 3.24s 
196955     INFO  Test worker     d.u.i.k.p.i.AbstractProblemLoader Replaying proof proofscript_key_unhide.props3179739216901610105.key 
196959     DEBUG Test worker     d.u.i.k.p.i.IntermediateProofReplayer Proof replay took 7.9ns 
196961     DEBUG Test worker     d.u.i.k.m.s.ProofScriptEngine 1: 'rule impRight' 
196968     DEBUG Test worker     d.u.i.k.m.s.ProofScriptEngine 2: 'hide '2=3 ==> 3=4'' 
196971     DEBUG Test worker     d.u.i.k.m.s.ProofScriptEngine 3: 'unhide '2=3 ==>'' 
196978     DEBUG Test worker     d.u.i.k.m.s.ProofScriptEngine 4: 'unhide '==> 3=4'' 
196988     INFO  Test worker     d.u.i.k.p.i.AbstractProblemLoader Loading environment from /tmp/proofscript_key_andRight.props15953036327263228334.key 
196990     DEBUG Test worker     d.u.i.k.p.i.AbstractProblemLoader Environment load took 2.81ms 
196991     INFO  Test worker     d.u.i.k.p.i.AbstractProblemLoader Creating init config 
200311     DEBUG Test worker     d.u.i.k.p.i.AbstractProblemLoader Init config took 3.32s 
200337     INFO  Test worker     d.u.i.k.p.i.AbstractProblemLoader Replaying proof proofscript_key_andRight.props15953036327263228334.key 
200339     DEBUG Test worker     d.u.i.k.p.i.IntermediateProofReplayer Proof replay took 8.1ns 
200339     DEBUG Test worker     d.u.i.k.m.s.ProofScriptEngine 1: 'rule andRight' 
200349     INFO  Test worker     d.u.i.k.p.i.AbstractProblemLoader Loading environment from /tmp/proofscript_key_rule.exc.props10474590104974802919.key 
200349     DEBUG Test worker     d.u.i.k.p.i.AbstractProblemLoader Environment load took 139.3ns 
200350     INFO  Test worker     d.u.i.k.p.i.AbstractProblemLoader Creating init config 
203650     DEBUG Test worker     d.u.i.k.p.i.AbstractProblemLoader Init config took 3.3s 
203676     INFO  Test worker     d.u.i.k.p.i.AbstractProblemLoader Replaying proof proofscript_key_rule.exc.props10474590104974802919.key 
203678     DEBUG Test worker     d.u.i.k.p.i.IntermediateProofReplayer Proof replay took 8.2ns 
203679     DEBUG Test worker     d.u.i.k.m.s.ProofScriptEngine 1: 'rule andLeft' 
203680     DEBUG Test worker     d.u.i.k.m.s.ProofScriptEngine GOALS: 1 
203681     DEBUG Test worker     d.u.i.k.m.s.ProofScriptEngine []==>[and(a,b)] 
203683     INFO  Test worker     d.u.i.k.p.i.AbstractProblemLoader Loading environment from /tmp/proofscript_key_unhide2.props7143353761461132388.key 
203683     DEBUG Test worker     d.u.i.k.p.i.AbstractProblemLoader Environment load took 95.9ns 
203684     INFO  Test worker     d.u.i.k.p.i.AbstractProblemLoader Creating init config 
207054     DEBUG Test worker     d.u.i.k.p.i.AbstractProblemLoader Init config took 3.37s 
207077     INFO  Test worker     d.u.i.k.p.i.AbstractProblemLoader Replaying proof proofscript_key_unhide2.props7143353761461132388.key 
207079     DEBUG Test worker     d.u.i.k.p.i.IntermediateProofReplayer Proof replay took 8.4ns 
207079     DEBUG Test worker     d.u.i.k.m.s.ProofScriptEngine 1: 'rule impRight' 
207082     DEBUG Test worker     d.u.i.k.m.s.ProofScriptEngine 2: 'hide '2=3 ==> 3=4'' 
207083     DEBUG Test worker     d.u.i.k.m.s.ProofScriptEngine 3: 'unhide '2=3 ==> 3=4'' 
207086     INFO  Test worker     d.u.i.k.p.i.AbstractProblemLoader Loading environment from /tmp/proofscript_key_hide.props6856118103274351946.key 
207086     DEBUG Test worker     d.u.i.k.p.i.AbstractProblemLoader Environment load took 130.1ns 
207087     INFO  Test worker     d.u.i.k.p.i.AbstractProblemLoader Creating init config 
210401     DEBUG Test worker     d.u.i.k.p.i.AbstractProblemLoader Init config took 3.31s 
210424     INFO  Test worker     d.u.i.k.p.i.AbstractProblemLoader Replaying proof proofscript_key_hide.props6856118103274351946.key 
210427     DEBUG Test worker     d.u.i.k.p.i.IntermediateProofReplayer Proof replay took 8.9ns 
210428     DEBUG Test worker     d.u.i.k.m.s.ProofScriptEngine 1: 'macro split-prop' 
210436     DEBUG Test worker     d.u.i.k.m.s.ProofScriptEngine 2: 'hide "a ==> d, e"' 
210442     INFO  Test worker     d.u.i.k.p.i.AbstractProblemLoader Loading environment from /tmp/proofscript_key_hide.exc.props15810993541383248806.key 
210443     DEBUG Test worker     d.u.i.k.p.i.AbstractProblemLoader Environment load took 585.4ns 
210444     INFO  Test worker     d.u.i.k.p.i.AbstractProblemLoader Creating init config 
213785     DEBUG Test worker     d.u.i.k.p.i.AbstractProblemLoader Init config took 3.34s 
213807     INFO  Test worker     d.u.i.k.p.i.AbstractProblemLoader Replaying proof proofscript_key_hide.exc.props15810993541383248806.key 
213809     DEBUG Test worker     d.u.i.k.p.i.IntermediateProofReplayer Proof replay took 7.3ns 
213810     DEBUG Test worker     d.u.i.k.m.s.ProofScriptEngine 1: 'macro split-prop' 
213815     DEBUG Test worker     d.u.i.k.m.s.ProofScriptEngine 2: 'hide "b ==>"' 
213816     DEBUG Test worker     d.u.i.k.m.s.ProofScriptEngine GOALS: 1 
213816     DEBUG Test worker     d.u.i.k.m.s.ProofScriptEngine [a]==>[b] 
213822     INFO  Test worker     d.u.i.k.p.i.AbstractProblemLoader Loading environment from /tmp/proofscript_key_selectFormula.props17251113905540006925.key 
213822     DEBUG Test worker     d.u.i.k.p.i.AbstractProblemLoader Environment load took 525.7ns 
213823     INFO  Test worker     d.u.i.k.p.i.AbstractProblemLoader Creating init config 
217085     DEBUG Test worker     d.u.i.k.p.i.AbstractProblemLoader Init config took 3.26s 
217107     INFO  Test worker     d.u.i.k.p.i.AbstractProblemLoader Replaying proof proofscript_key_selectFormula.props17251113905540006925.key 
217108     DEBUG Test worker     d.u.i.k.p.i.IntermediateProofReplayer Proof replay took 8.5ns 
217109     DEBUG Test worker     d.u.i.k.m.s.ProofScriptEngine 1: 'macro split-prop' 
217122     DEBUG Test worker     d.u.i.k.m.s.ProofScriptEngine 2: 'select formula="b"' 
]]></system-out>
  <system-err><![CDATA[]]></system-err>
</testsuite>
