<?xml version="1.0" encoding="UTF-8"?>
<testsuite name="de.uka.ilkd.key.parser.TestDeclParser" tests="14" skipped="2" failures="0" errors="0" timestamp="2023-05-01T21:12:37" hostname="fv-az593-968" time="12.726">
  <properties/>
  <testcase name="testGenericSortDecl1()" classname="de.uka.ilkd.key.parser.TestDeclParser" time="1.129"/>
  <testcase name="testGenericSortDecl2()" classname="de.uka.ilkd.key.parser.TestDeclParser" time="0.984"/>
  <testcase name="testGenericSortDecl3()" classname="de.uka.ilkd.key.parser.TestDeclParser" time="1.091"/>
  <testcase name="testGenericSortDecl4()" classname="de.uka.ilkd.key.parser.TestDeclParser" time="1.053"/>
  <testcase name="testGenericSortDecl5()" classname="de.uka.ilkd.key.parser.TestDeclParser" time="0.0">
    <skipped/>
  </testcase>
  <testcase name="testGenericSortDecl6()" classname="de.uka.ilkd.key.parser.TestDeclParser" time="0.997"/>
  <testcase name="testSortDecl()" classname="de.uka.ilkd.key.parser.TestDeclParser" time="1.083"/>
  <testcase name="testProxySortDecl()" classname="de.uka.ilkd.key.parser.TestDeclParser" time="1.084"/>
  <testcase name="testArrayDecl()" classname="de.uka.ilkd.key.parser.TestDeclParser" time="1.092"/>
  <testcase name="testAmbiguousDecls()" classname="de.uka.ilkd.key.parser.TestDeclParser" time="0.0">
    <skipped/>
  </testcase>
  <testcase name="testHeurDecl()" classname="de.uka.ilkd.key.parser.TestDeclParser" time="0.992"/>
  <testcase name="testFunctionDecl()" classname="de.uka.ilkd.key.parser.TestDeclParser" time="1.071"/>
  <testcase name="testPredicateDecl()" classname="de.uka.ilkd.key.parser.TestDeclParser" time="1.125"/>
  <testcase name="testSVDecl()" classname="de.uka.ilkd.key.parser.TestDeclParser" time="1.023"/>
  <system-out><![CDATA[239390     INFO  Test worker     d.u.i.k.n.KeyIO           Parsing took 0 ms 
239391     DEBUG Test worker     d.u.i.k.n.KeyIO           Load declarations of de.uka.ilkd.key.nparser.KeyAst$File:  <unknown>:1#1 
239391     INFO  Test worker     d.u.i.k.n.KeyIO           MODE: declarations took 0 ms 
239391     DEBUG Test worker     d.u.i.k.n.KeyIO           MODE: 2nd degree decls took 0 
239391     DEBUG Test worker     d.u.i.k.n.KeyIO           MODE: taclets took 0ms 
240376     INFO  Test worker     d.u.i.k.n.KeyIO           Parsing took 0 ms 
240376     DEBUG Test worker     d.u.i.k.n.KeyIO           Load declarations of de.uka.ilkd.key.nparser.KeyAst$File:  <unknown>:1#1 
240376     INFO  Test worker     d.u.i.k.n.KeyIO           MODE: declarations took 0 ms 
240376     DEBUG Test worker     d.u.i.k.n.KeyIO           MODE: 2nd degree decls took 0 
240376     DEBUG Test worker     d.u.i.k.n.KeyIO           MODE: taclets took 0ms 
241466     INFO  Test worker     d.u.i.k.n.KeyIO           Parsing took 0 ms 
241466     DEBUG Test worker     d.u.i.k.n.KeyIO           Load declarations of de.uka.ilkd.key.nparser.KeyAst$File:  <unknown>:1#1 
241467     INFO  Test worker     d.u.i.k.n.KeyIO           MODE: declarations took 1 ms 
241467     DEBUG Test worker     d.u.i.k.n.KeyIO           MODE: 2nd degree decls took 0 
241467     DEBUG Test worker     d.u.i.k.n.KeyIO           MODE: taclets took 0ms 
242520     INFO  Test worker     d.u.i.k.n.KeyIO           Parsing took 0 ms 
242520     DEBUG Test worker     d.u.i.k.n.KeyIO           Load declarations of de.uka.ilkd.key.nparser.KeyAst$File:  <unknown>:1#1 
242520     INFO  Test worker     d.u.i.k.n.KeyIO           MODE: declarations took 0 ms 
242520     DEBUG Test worker     d.u.i.k.n.KeyIO           MODE: 2nd degree decls took 0 
242520     DEBUG Test worker     d.u.i.k.n.KeyIO           MODE: taclets took 0ms 
243518     INFO  Test worker     d.u.i.k.n.KeyIO           Parsing took 0 ms 
243518     DEBUG Test worker     d.u.i.k.n.KeyIO           Load declarations of de.uka.ilkd.key.nparser.KeyAst$File:  <unknown>:1#1 
243518     INFO  Test worker     d.u.i.k.n.KeyIO           MODE: declarations took 0 ms 
243518     DEBUG Test worker     d.u.i.k.n.KeyIO           MODE: 2nd degree decls took 0 
243518     DEBUG Test worker     d.u.i.k.n.KeyIO           MODE: taclets took 0ms 
244600     INFO  Test worker     d.u.i.k.n.KeyIO           Parsing took 0 ms 
244600     DEBUG Test worker     d.u.i.k.n.KeyIO           Load declarations of de.uka.ilkd.key.nparser.KeyAst$File:  <unknown>:1#1 
244601     INFO  Test worker     d.u.i.k.n.KeyIO           MODE: declarations took 1 ms 
244601     DEBUG Test worker     d.u.i.k.n.KeyIO           MODE: 2nd degree decls took 0 
244601     DEBUG Test worker     d.u.i.k.n.KeyIO           MODE: taclets took 0ms 
245685     INFO  Test worker     d.u.i.k.n.KeyIO           Parsing took 0 ms 
245685     DEBUG Test worker     d.u.i.k.n.KeyIO           Load declarations of de.uka.ilkd.key.nparser.KeyAst$File:  <unknown>:1#1 
245685     INFO  Test worker     d.u.i.k.n.KeyIO           MODE: declarations took 0 ms 
245685     DEBUG Test worker     d.u.i.k.n.KeyIO           MODE: 2nd degree decls took 0 
245685     DEBUG Test worker     d.u.i.k.n.KeyIO           MODE: taclets took 0ms 
246771     INFO  Test worker     d.u.i.k.n.KeyIO           Parsing took 1 ms 
246771     DEBUG Test worker     d.u.i.k.n.KeyIO           Load declarations of de.uka.ilkd.key.nparser.KeyAst$File:  <unknown>:1#1 
246772     INFO  Test worker     d.u.i.k.n.KeyIO           MODE: declarations took 1 ms 
246773     DEBUG Test worker     d.u.i.k.n.KeyIO           MODE: 2nd degree decls took 1 
246773     DEBUG Test worker     d.u.i.k.n.KeyIO           MODE: taclets took 0ms 
247768     INFO  Test worker     d.u.i.k.n.KeyIO           Parsing took 0 ms 
247769     DEBUG Test worker     d.u.i.k.n.KeyIO           Load declarations of de.uka.ilkd.key.nparser.KeyAst$File:  <unknown>:1#1 
247769     INFO  Test worker     d.u.i.k.n.KeyIO           MODE: declarations took 0 ms 
247769     DEBUG Test worker     d.u.i.k.n.KeyIO           MODE: 2nd degree decls took 0 
247769     DEBUG Test worker     d.u.i.k.n.KeyIO           MODE: taclets took 0ms 
248839     INFO  Test worker     d.u.i.k.n.KeyIO           Parsing took 0 ms 
248839     DEBUG Test worker     d.u.i.k.n.KeyIO           Load declarations of de.uka.ilkd.key.nparser.KeyAst$File:  <unknown>:1#1 
248840     INFO  Test worker     d.u.i.k.n.KeyIO           MODE: declarations took 1 ms 
248840     DEBUG Test worker     d.u.i.k.n.KeyIO           MODE: 2nd degree decls took 0 
248840     DEBUG Test worker     d.u.i.k.n.KeyIO           MODE: taclets took 0ms 
249966     INFO  Test worker     d.u.i.k.n.KeyIO           Parsing took 1 ms 
249966     DEBUG Test worker     d.u.i.k.n.KeyIO           Load declarations of de.uka.ilkd.key.nparser.KeyAst$File:  <unknown>:1#1 
249966     INFO  Test worker     d.u.i.k.n.KeyIO           MODE: declarations took 0 ms 
249966     DEBUG Test worker     d.u.i.k.n.KeyIO           MODE: 2nd degree decls took 0 
249966     DEBUG Test worker     d.u.i.k.n.KeyIO           MODE: taclets took 0ms 
250988     INFO  Test worker     d.u.i.k.n.KeyIO           Parsing took 0 ms 
250988     DEBUG Test worker     d.u.i.k.n.KeyIO           Load declarations of de.uka.ilkd.key.nparser.KeyAst$File:  <unknown>:1#1 
250988     INFO  Test worker     d.u.i.k.n.KeyIO           MODE: declarations took 0 ms 
250988     DEBUG Test worker     d.u.i.k.n.KeyIO           MODE: 2nd degree decls took 0 
250988     DEBUG Test worker     d.u.i.k.n.KeyIO           MODE: taclets took 0ms 
]]></system-out>
  <system-err><![CDATA[]]></system-err>
</testsuite>
