<?xml version="1.0" encoding="UTF-8"?>
<testsuite name="de.uka.ilkd.key.rule.loop.LoopScopeInvRuleTests" tests="1" skipped="0" failures="0" errors="0" timestamp="2023-05-01T21:17:12" hostname="fv-az593-968" time="7.059">
  <properties/>
  <testcase name="testDoAutomaticProofOfBenchmarkWithLabeledBreaksAndContinues()" classname="de.uka.ilkd.key.rule.loop.LoopScopeInvRuleTests" time="7.059"/>
  <system-out><![CDATA[513636     INFO  Test worker     d.u.i.k.p.i.AbstractProblemLoader Loading environment from src/test/resources/testcase/loopScopeInvRule/Test.key 
513636     DEBUG Test worker     d.u.i.k.p.i.AbstractProblemLoader Environment load took 461.9ns 
513637     INFO  Test worker     d.u.i.k.p.i.AbstractProblemLoader Creating init config 
513929     DEBUG Test worker     d.u.i.k.j.TypeConverter   No LDT found for Meta 
513929     DEBUG Test worker     d.u.i.k.j.TypeConverter   No LDT found for Meta 
513930     DEBUG Test worker     d.u.i.k.j.TypeConverter   No LDT found for Meta 
513930     DEBUG Test worker     d.u.i.k.j.TypeConverter   No LDT found for Meta 
515268     DEBUG Test worker     d.u.i.k.j.TypeConverter   No LDT found for JavaBigintExpression 
519517     DEBUG Test worker     d.u.i.k.p.i.AbstractProblemLoader Init config took 5.88s 
519574     INFO  Test worker     d.u.i.k.p.i.AbstractProblemLoader Replaying proof Test[Test::loopScopeRuleBenchmark(int,boolean)].JML normal_behavior operation contract.0 
519579     DEBUG Test worker     d.u.i.k.p.i.IntermediateProofReplayer Proof replay took 49.5ns 
]]></system-out>
  <system-err><![CDATA[]]></system-err>
</testsuite>
