<?xml version="1.0" encoding="UTF-8"?>
<testsuite name="de.uka.ilkd.key.rule.TestSchemaModalOperators" tests="4" skipped="0" failures="0" errors="0" timestamp="2023-05-01T21:17:11" hostname="fv-az593-968" time="1.34">
  <properties/>
  <testcase name="testSchemaModalities1()" classname="de.uka.ilkd.key.rule.TestSchemaModalOperators" time="1.297"/>
  <testcase name="testSchemaModalities2()" classname="de.uka.ilkd.key.rule.TestSchemaModalOperators" time="0.02"/>
  <testcase name="testSchemaModalities3()" classname="de.uka.ilkd.key.rule.TestSchemaModalOperators" time="0.01"/>
  <testcase name="testSchemaModalities4()" classname="de.uka.ilkd.key.rule.TestSchemaModalOperators" time="0.011"/>
  <system-out><![CDATA[513507     INFO  Test worker     d.u.i.k.n.KeyIO           Parsing took 3 ms 
513508     DEBUG Test worker     d.u.i.k.n.KeyIO           Load declarations of de.uka.ilkd.key.nparser.KeyAst$File:  /home/runner/work/key/key/key.core/src/test/resources/testcase/testrules.key:9#1 
513508     INFO  Test worker     d.u.i.k.n.KeyIO           MODE: declarations took 0 ms 
513508     DEBUG Test worker     d.u.i.k.n.KeyIO           MODE: 2nd degree decls took 0 
513547     DEBUG Test worker     d.u.i.k.n.KeyIO           MODE: taclets took 39ms 
]]></system-out>
  <system-err><![CDATA[]]></system-err>
</testsuite>
