<?xml version="1.0" encoding="UTF-8"?>
<testsuite name="de.uka.ilkd.key.taclettranslation.TestTacletTranslator" tests="5" skipped="0" failures="0" errors="0" timestamp="2023-05-01T21:24:04" hostname="fv-az593-968" time="0.009">
  <properties/>
  <testcase name="testPropositional1()" classname="de.uka.ilkd.key.taclettranslation.TestTacletTranslator" time="0.004"/>
  <testcase name="testPropositional2()" classname="de.uka.ilkd.key.taclettranslation.TestTacletTranslator" time="0.001"/>
  <testcase name="testNegativePolarity()" classname="de.uka.ilkd.key.taclettranslation.TestTacletTranslator" time="0.001"/>
  <testcase name="testNoPolarity()" classname="de.uka.ilkd.key.taclettranslation.TestTacletTranslator" time="0.001"/>
  <testcase name="testPositivePolarity()" classname="de.uka.ilkd.key.taclettranslation.TestTacletTranslator" time="0.001"/>
  <system-out><![CDATA[925532     INFO  Test worker     d.u.i.k.n.KeyIO           Parsing took 0 ms 
925532     DEBUG Test worker     d.u.i.k.n.KeyIO           Load declarations of de.uka.ilkd.key.nparser.KeyAst$File:  <unknown>:1#1 
925532     INFO  Test worker     d.u.i.k.n.KeyIO           MODE: declarations took 0 ms 
925532     DEBUG Test worker     d.u.i.k.n.KeyIO           MODE: 2nd degree decls took 0 
925532     DEBUG Test worker     d.u.i.k.n.KeyIO           MODE: taclets took 0ms 
925535     INFO  Test worker     d.u.i.k.n.KeyIO           Parsing took 0 ms 
925535     DEBUG Test worker     d.u.i.k.n.KeyIO           Load declarations of de.uka.ilkd.key.nparser.KeyAst$File:  <unknown>:1#1 
925535     INFO  Test worker     d.u.i.k.n.KeyIO           MODE: declarations took 0 ms 
925535     DEBUG Test worker     d.u.i.k.n.KeyIO           MODE: 2nd degree decls took 0 
925535     DEBUG Test worker     d.u.i.k.n.KeyIO           MODE: taclets took 0ms 
925537     INFO  Test worker     d.u.i.k.n.KeyIO           Parsing took 1 ms 
925537     DEBUG Test worker     d.u.i.k.n.KeyIO           Load declarations of de.uka.ilkd.key.nparser.KeyAst$File:  <unknown>:1#1 
925537     INFO  Test worker     d.u.i.k.n.KeyIO           MODE: declarations took 0 ms 
925537     DEBUG Test worker     d.u.i.k.n.KeyIO           MODE: 2nd degree decls took 0 
925537     DEBUG Test worker     d.u.i.k.n.KeyIO           MODE: taclets took 0ms 
925538     INFO  Test worker     d.u.i.k.n.KeyIO           Parsing took 0 ms 
925538     DEBUG Test worker     d.u.i.k.n.KeyIO           Load declarations of de.uka.ilkd.key.nparser.KeyAst$File:  <unknown>:1#1 
925538     INFO  Test worker     d.u.i.k.n.KeyIO           MODE: declarations took 0 ms 
925538     DEBUG Test worker     d.u.i.k.n.KeyIO           MODE: 2nd degree decls took 0 
925538     DEBUG Test worker     d.u.i.k.n.KeyIO           MODE: taclets took 0ms 
925539     INFO  Test worker     d.u.i.k.n.KeyIO           Parsing took 0 ms 
925539     DEBUG Test worker     d.u.i.k.n.KeyIO           Load declarations of de.uka.ilkd.key.nparser.KeyAst$File:  <unknown>:1#1 
925539     INFO  Test worker     d.u.i.k.n.KeyIO           MODE: declarations took 0 ms 
925539     DEBUG Test worker     d.u.i.k.n.KeyIO           MODE: 2nd degree decls took 0 
925539     DEBUG Test worker     d.u.i.k.n.KeyIO           MODE: taclets took 0ms 
]]></system-out>
  <system-err><![CDATA[]]></system-err>
</testsuite>
