<?xml version="1.0" encoding="UTF-8"?>
<testsuite name="de.uka.ilkd.key.parser.TestTermParserSorts" tests="2" skipped="0" failures="0" errors="0" timestamp="2023-05-01T21:16:40" hostname="fv-az593-968" time="3.457">
  <properties/>
  <testcase name="testParseIntegerArgs()" classname="de.uka.ilkd.key.parser.TestTermParserSorts" time="0.015"/>
  <testcase name="testParseSequencePrettySyntax()" classname="de.uka.ilkd.key.parser.TestTermParserSorts" time="0.003"/>
  <system-out><![CDATA[481016     INFO  Test worker     d.u.i.k.n.KeyIO           Parsing took 0 ms 
481016     DEBUG Test worker     d.u.i.k.n.KeyIO           Load declarations of de.uka.ilkd.key.nparser.KeyAst$File:  <unknown>:1#1 
481016     INFO  Test worker     d.u.i.k.n.KeyIO           MODE: declarations took 0 ms 
481016     DEBUG Test worker     d.u.i.k.n.KeyIO           MODE: 2nd degree decls took 0 
481016     INFO  Test worker     d.u.i.k.n.KeyIO           Parsing took 0 ms 
481016     DEBUG Test worker     d.u.i.k.n.KeyIO           Load declarations of de.uka.ilkd.key.nparser.KeyAst$File:  <unknown>:1#1 
481016     INFO  Test worker     d.u.i.k.n.KeyIO           MODE: declarations took 0 ms 
481016     DEBUG Test worker     d.u.i.k.n.KeyIO           MODE: 2nd degree decls took 0 
481016     INFO  Test worker     d.u.i.k.n.KeyIO           Parsing took 0 ms 
481016     DEBUG Test worker     d.u.i.k.n.KeyIO           Load declarations of de.uka.ilkd.key.nparser.KeyAst$File:  <unknown>:1#1 
481017     INFO  Test worker     d.u.i.k.n.KeyIO           MODE: declarations took 1 ms 
481017     DEBUG Test worker     d.u.i.k.n.KeyIO           MODE: 2nd degree decls took 0 
484470     INFO  Test worker     d.u.i.k.n.KeyIO           Parsing took 0 ms 
484470     DEBUG Test worker     d.u.i.k.n.KeyIO           Load declarations of de.uka.ilkd.key.nparser.KeyAst$File:  <unknown>:1#1 
484470     INFO  Test worker     d.u.i.k.n.KeyIO           MODE: declarations took 0 ms 
484471     DEBUG Test worker     d.u.i.k.n.KeyIO           MODE: 2nd degree decls took 0 
484471     INFO  Test worker     d.u.i.k.n.KeyIO           Parsing took 0 ms 
484471     DEBUG Test worker     d.u.i.k.n.KeyIO           Load declarations of de.uka.ilkd.key.nparser.KeyAst$File:  <unknown>:1#1 
484471     INFO  Test worker     d.u.i.k.n.KeyIO           MODE: declarations took 0 ms 
484471     DEBUG Test worker     d.u.i.k.n.KeyIO           MODE: 2nd degree decls took 0 
484471     INFO  Test worker     d.u.i.k.n.KeyIO           Parsing took 0 ms 
484471     DEBUG Test worker     d.u.i.k.n.KeyIO           Load declarations of de.uka.ilkd.key.nparser.KeyAst$File:  <unknown>:1#1 
484471     INFO  Test worker     d.u.i.k.n.KeyIO           MODE: declarations took 0 ms 
484471     DEBUG Test worker     d.u.i.k.n.KeyIO           MODE: 2nd degree decls took 0 
]]></system-out>
  <system-err><![CDATA[]]></system-err>
</testsuite>
