<?xml version="1.0" encoding="UTF-8"?>
<testsuite name="de.uka.ilkd.key.proof.TestOneStepSimplifier" tests="1" skipped="0" failures="0" errors="0" timestamp="2023-05-01T21:16:43" hostname="fv-az593-968" time="4.608">
  <properties/>
  <testcase name="loadWithRestriction()" classname="de.uka.ilkd.key.proof.TestOneStepSimplifier" time="4.608"/>
  <system-out><![CDATA[484509     INFO  Test worker     d.u.i.k.p.i.AbstractProblemLoader Loading environment from src/test/resources/testcase/ossRestriction.proof 
484509     DEBUG Test worker     d.u.i.k.p.i.AbstractProblemLoader Environment load took 112.7ns 
484510     INFO  Test worker     d.u.i.k.p.i.AbstractProblemLoader Creating init config 
484671     DEBUG Test worker     d.u.i.k.j.TypeConverter   No LDT found for Meta 
484672     DEBUG Test worker     d.u.i.k.j.TypeConverter   No LDT found for Meta 
484672     DEBUG Test worker     d.u.i.k.j.TypeConverter   No LDT found for Meta 
484672     DEBUG Test worker     d.u.i.k.j.TypeConverter   No LDT found for Meta 
485401     DEBUG Test worker     d.u.i.k.j.TypeConverter   No LDT found for JavaBigintExpression 
489081     DEBUG Test worker     d.u.i.k.p.i.AbstractProblemLoader Init config took 4.57s 
489112     INFO  Test worker     d.u.i.k.p.i.AbstractProblemLoader Replaying proof ossRestriction.proof 
489116     DEBUG Test worker     d.u.i.k.p.i.IntermediateProofReplayer Proof replay took 1.08ms 
]]></system-out>
  <system-err><![CDATA[]]></system-err>
</testsuite>
