<?xml version="1.0" encoding="UTF-8"?>
<testsuite name="de.uka.ilkd.key.rule.match.legacy.TestLegacyTacletMatch" tests="4" skipped="0" failures="0" errors="0" timestamp="2023-05-01T21:17:19" hostname="fv-az593-968" time="1.141">
  <properties/>
  <testcase name="testProgramMatch0()" classname="de.uka.ilkd.key.rule.match.legacy.TestLegacyTacletMatch" time="1.135"/>
  <testcase name="testProgramMatch1()" classname="de.uka.ilkd.key.rule.match.legacy.TestLegacyTacletMatch" time="0.001"/>
  <testcase name="testProgramMatch2()" classname="de.uka.ilkd.key.rule.match.legacy.TestLegacyTacletMatch" time="0.002"/>
  <testcase name="testStatementListMatch()" classname="de.uka.ilkd.key.rule.match.legacy.TestLegacyTacletMatch" time="0.002"/>
  <system-out><![CDATA[521804     INFO  Test worker     d.u.i.k.n.KeyIO           Parsing took 1 ms 
521805     DEBUG Test worker     d.u.i.k.n.KeyIO           Load declarations of de.uka.ilkd.key.nparser.KeyAst$File:  /home/runner/work/key/key/key.core/src/test/resources/testcase/../de/uka/ilkd/key/rule/testRuleMatch.txt:8#1 
521805     INFO  Test worker     d.u.i.k.n.KeyIO           MODE: declarations took 0 ms 
521805     DEBUG Test worker     d.u.i.k.n.KeyIO           MODE: 2nd degree decls took 0 
521820     DEBUG Test worker     d.u.i.k.n.KeyIO           MODE: taclets took 14ms 
521827     DEBUG Test worker     d.u.i.k.l.o.ProgramSV     Match failed: Former match of  SchemaVariable incompatible with  the current match. 
521828     DEBUG Test worker     d.u.i.k.r.m.l.TestLegacyTacletMatch %%%%%%%%%%%% 
]]></system-out>
  <system-err><![CDATA[]]></system-err>
</testsuite>
