<?xml version="1.0" encoding="UTF-8"?>
<testsuite name="de.uka.ilkd.key.rule.loop.LoopScopeInvRuleTests" tests="1" skipped="0" failures="0" errors="0" timestamp="2023-06-15T13:17:04" hostname="fv-az456-69" time="6.893">
  <properties/>
  <testcase name="testDoAutomaticProofOfBenchmarkWithLabeledBreaksAndContinues()" classname="de.uka.ilkd.key.rule.loop.LoopScopeInvRuleTests" time="6.893"/>
  <system-out><![CDATA[690031     INFO  Test worker     d.u.i.k.p.i.AbstractProblemLoader Loading environment from src\test\resources\testcase\loopScopeInvRule\Test.key 
690031     DEBUG Test worker     d.u.i.k.p.i.AbstractProblemLoader Environment load took 177ns 
690031     INFO  Test worker     d.u.i.k.p.i.AbstractProblemLoader Creating init config 
690249     DEBUG Test worker     d.u.i.k.j.TypeConverter   No LDT found for Meta 
690249     DEBUG Test worker     d.u.i.k.j.TypeConverter   No LDT found for Meta 
690249     DEBUG Test worker     d.u.i.k.j.TypeConverter   No LDT found for Meta 
690249     DEBUG Test worker     d.u.i.k.j.TypeConverter   No LDT found for Meta 
691039     DEBUG Test worker     d.u.i.k.j.TypeConverter   No LDT found for JavaBigintExpression 
696066     DEBUG Test worker     d.u.i.k.p.i.AbstractProblemLoader Init config took 6.03s 
696113     INFO  Test worker     d.u.i.k.p.i.AbstractProblemLoader Replaying proof Test[Test::loopScopeRuleBenchmark(int,boolean)].JML normal_behavior operation contract.0 
696129     DEBUG Test worker     d.u.i.k.p.i.IntermediateProofReplayer Proof replay took 21.8ns 
]]></system-out>
  <system-err><![CDATA[]]></system-err>
</testsuite>
