<?xml version="1.0" encoding="UTF-8"?>
<testsuite name="de.uka.ilkd.key.logic.TestClashFreeSubst" tests="14" skipped="2" failures="0" errors="0" timestamp="2023-06-15T13:06:31" hostname="fv-az456-69" time="72.338">
  <properties/>
  <testcase name="testMultiShareBound()" classname="de.uka.ilkd.key.logic.TestClashFreeSubst" time="1.54"/>
  <testcase name="testClash()" classname="de.uka.ilkd.key.logic.TestClashFreeSubst" time="1.351"/>
  <testcase name="testShare()" classname="de.uka.ilkd.key.logic.TestClashFreeSubst" time="1.315"/>
  <testcase name="testSubst()" classname="de.uka.ilkd.key.logic.TestClashFreeSubst" time="1.327"/>
  <testcase name="testWary0()" classname="de.uka.ilkd.key.logic.TestClashFreeSubst" time="1.378"/>
  <testcase name="testWary1()" classname="de.uka.ilkd.key.logic.TestClashFreeSubst" time="1.258"/>
  <testcase name="testWary2()" classname="de.uka.ilkd.key.logic.TestClashFreeSubst" time="1.334"/>
  <testcase name="testClashInSubstTerm()" classname="de.uka.ilkd.key.logic.TestClashFreeSubst" time="1.442"/>
  <testcase name="testShareWary()" classname="de.uka.ilkd.key.logic.TestClashFreeSubst" time="1.447"/>
  <testcase name="testMultiSubst()" classname="de.uka.ilkd.key.logic.TestClashFreeSubst" time="1.333"/>
  <testcase name="xtestMultiClash()" classname="de.uka.ilkd.key.logic.TestClashFreeSubst" time="0.0">
    <skipped/>
  </testcase>
  <testcase name="testSubstInSubstTerm()" classname="de.uka.ilkd.key.logic.TestClashFreeSubst" time="1.483"/>
  <testcase name="testSubstWary()" classname="de.uka.ilkd.key.logic.TestClashFreeSubst" time="1.262"/>
  <testcase name="xtestMultiClash1()" classname="de.uka.ilkd.key.logic.TestClashFreeSubst" time="0.0">
    <skipped/>
  </testcase>
  <system-out><![CDATA[57329      INFO  Test worker     d.u.i.k.n.KeyIO           Parsing took 0 ms 
57329      DEBUG Test worker     d.u.i.k.n.KeyIO           Load declarations of de.uka.ilkd.key.nparser.KeyAst$File:  <unknown>:1#1 
57329      INFO  Test worker     d.u.i.k.n.KeyIO           MODE: declarations took 0 ms 
57329      DEBUG Test worker     d.u.i.k.n.KeyIO           MODE: 2nd degree decls took 0 
58852      INFO  Test worker     d.u.i.k.n.KeyIO           Parsing took 0 ms 
58852      DEBUG Test worker     d.u.i.k.n.KeyIO           Load declarations of de.uka.ilkd.key.nparser.KeyAst$File:  <unknown>:1#1 
58852      INFO  Test worker     d.u.i.k.n.KeyIO           MODE: declarations took 0 ms 
58852      DEBUG Test worker     d.u.i.k.n.KeyIO           MODE: 2nd degree decls took 0 
63187      INFO  Test worker     d.u.i.k.n.KeyIO           Parsing took 0 ms 
63187      DEBUG Test worker     d.u.i.k.n.KeyIO           Load declarations of de.uka.ilkd.key.nparser.KeyAst$File:  <unknown>:1#1 
63187      INFO  Test worker     d.u.i.k.n.KeyIO           MODE: declarations took 0 ms 
63187      DEBUG Test worker     d.u.i.k.n.KeyIO           MODE: 2nd degree decls took 0 
64531      INFO  Test worker     d.u.i.k.n.KeyIO           Parsing took 0 ms 
64531      DEBUG Test worker     d.u.i.k.n.KeyIO           Load declarations of de.uka.ilkd.key.nparser.KeyAst$File:  <unknown>:1#1 
64531      INFO  Test worker     d.u.i.k.n.KeyIO           MODE: declarations took 0 ms 
64531      DEBUG Test worker     d.u.i.k.n.KeyIO           MODE: 2nd degree decls took 0 
68736      INFO  Test worker     d.u.i.k.n.KeyIO           Parsing took 0 ms 
68736      DEBUG Test worker     d.u.i.k.n.KeyIO           Load declarations of de.uka.ilkd.key.nparser.KeyAst$File:  <unknown>:1#1 
68736      INFO  Test worker     d.u.i.k.n.KeyIO           MODE: declarations took 0 ms 
68751      DEBUG Test worker     d.u.i.k.n.KeyIO           MODE: 2nd degree decls took 0 
70027      INFO  Test worker     d.u.i.k.n.KeyIO           Parsing took 0 ms 
70043      DEBUG Test worker     d.u.i.k.n.KeyIO           Load declarations of de.uka.ilkd.key.nparser.KeyAst$File:  <unknown>:1#1 
70043      INFO  Test worker     d.u.i.k.n.KeyIO           MODE: declarations took 0 ms 
70043      DEBUG Test worker     d.u.i.k.n.KeyIO           MODE: 2nd degree decls took 0 
74222      INFO  Test worker     d.u.i.k.n.KeyIO           Parsing took 0 ms 
74238      DEBUG Test worker     d.u.i.k.n.KeyIO           Load declarations of de.uka.ilkd.key.nparser.KeyAst$File:  <unknown>:1#1 
74238      INFO  Test worker     d.u.i.k.n.KeyIO           MODE: declarations took 0 ms 
74238      DEBUG Test worker     d.u.i.k.n.KeyIO           MODE: 2nd degree decls took 0 
75543      INFO  Test worker     d.u.i.k.n.KeyIO           Parsing took 0 ms 
75543      DEBUG Test worker     d.u.i.k.n.KeyIO           Load declarations of de.uka.ilkd.key.nparser.KeyAst$File:  <unknown>:1#1 
75543      INFO  Test worker     d.u.i.k.n.KeyIO           MODE: declarations took 0 ms 
75543      DEBUG Test worker     d.u.i.k.n.KeyIO           MODE: 2nd degree decls took 0 
79715      INFO  Test worker     d.u.i.k.n.KeyIO           Parsing took 0 ms 
79715      DEBUG Test worker     d.u.i.k.n.KeyIO           Load declarations of de.uka.ilkd.key.nparser.KeyAst$File:  <unknown>:1#1 
79715      INFO  Test worker     d.u.i.k.n.KeyIO           MODE: declarations took 0 ms 
79715      DEBUG Test worker     d.u.i.k.n.KeyIO           MODE: 2nd degree decls took 0 
81075      INFO  Test worker     d.u.i.k.n.KeyIO           Parsing took 0 ms 
81091      DEBUG Test worker     d.u.i.k.n.KeyIO           Load declarations of de.uka.ilkd.key.nparser.KeyAst$File:  <unknown>:1#1 
81091      INFO  Test worker     d.u.i.k.n.KeyIO           MODE: declarations took 0 ms 
81091      DEBUG Test worker     d.u.i.k.n.KeyIO           MODE: 2nd degree decls took 0 
85328      INFO  Test worker     d.u.i.k.n.KeyIO           Parsing took 0 ms 
85328      DEBUG Test worker     d.u.i.k.n.KeyIO           Load declarations of de.uka.ilkd.key.nparser.KeyAst$File:  <unknown>:1#1 
85328      INFO  Test worker     d.u.i.k.n.KeyIO           MODE: declarations took 0 ms 
85328      DEBUG Test worker     d.u.i.k.n.KeyIO           MODE: 2nd degree decls took 0 
86573      INFO  Test worker     d.u.i.k.n.KeyIO           Parsing took 0 ms 
86573      DEBUG Test worker     d.u.i.k.n.KeyIO           Load declarations of de.uka.ilkd.key.nparser.KeyAst$File:  <unknown>:1#1 
86573      INFO  Test worker     d.u.i.k.n.KeyIO           MODE: declarations took 0 ms 
86573      DEBUG Test worker     d.u.i.k.n.KeyIO           MODE: 2nd degree decls took 0 
90948      INFO  Test worker     d.u.i.k.n.KeyIO           Parsing took 0 ms 
90948      DEBUG Test worker     d.u.i.k.n.KeyIO           Load declarations of de.uka.ilkd.key.nparser.KeyAst$File:  <unknown>:1#1 
90948      INFO  Test worker     d.u.i.k.n.KeyIO           MODE: declarations took 0 ms 
90948      DEBUG Test worker     d.u.i.k.n.KeyIO           MODE: 2nd degree decls took 0 
92267      INFO  Test worker     d.u.i.k.n.KeyIO           Parsing took 0 ms 
92267      DEBUG Test worker     d.u.i.k.n.KeyIO           Load declarations of de.uka.ilkd.key.nparser.KeyAst$File:  <unknown>:1#1 
92267      INFO  Test worker     d.u.i.k.n.KeyIO           MODE: declarations took 0 ms 
92267      DEBUG Test worker     d.u.i.k.n.KeyIO           MODE: 2nd degree decls took 0 
96640      INFO  Test worker     d.u.i.k.n.KeyIO           Parsing took 0 ms 
96640      DEBUG Test worker     d.u.i.k.n.KeyIO           Load declarations of de.uka.ilkd.key.nparser.KeyAst$File:  <unknown>:1#1 
96640      INFO  Test worker     d.u.i.k.n.KeyIO           MODE: declarations took 0 ms 
96640      DEBUG Test worker     d.u.i.k.n.KeyIO           MODE: 2nd degree decls took 0 
98081      INFO  Test worker     d.u.i.k.n.KeyIO           Parsing took 0 ms 
98081      DEBUG Test worker     d.u.i.k.n.KeyIO           Load declarations of de.uka.ilkd.key.nparser.KeyAst$File:  <unknown>:1#1 
98081      INFO  Test worker     d.u.i.k.n.KeyIO           MODE: declarations took 0 ms 
98081      DEBUG Test worker     d.u.i.k.n.KeyIO           MODE: 2nd degree decls took 0 
102654     INFO  Test worker     d.u.i.k.n.KeyIO           Parsing took 0 ms 
102654     DEBUG Test worker     d.u.i.k.n.KeyIO           Load declarations of de.uka.ilkd.key.nparser.KeyAst$File:  <unknown>:1#1 
102654     INFO  Test worker     d.u.i.k.n.KeyIO           MODE: declarations took 0 ms 
102654     DEBUG Test worker     d.u.i.k.n.KeyIO           MODE: 2nd degree decls took 0 
104084     INFO  Test worker     d.u.i.k.n.KeyIO           Parsing took 0 ms 
104084     DEBUG Test worker     d.u.i.k.n.KeyIO           Load declarations of de.uka.ilkd.key.nparser.KeyAst$File:  <unknown>:1#1 
104084     INFO  Test worker     d.u.i.k.n.KeyIO           MODE: declarations took 0 ms 
104084     DEBUG Test worker     d.u.i.k.n.KeyIO           MODE: 2nd degree decls took 0 
108713     INFO  Test worker     d.u.i.k.n.KeyIO           Parsing took 0 ms 
108713     DEBUG Test worker     d.u.i.k.n.KeyIO           Load declarations of de.uka.ilkd.key.nparser.KeyAst$File:  <unknown>:1#1 
108713     INFO  Test worker     d.u.i.k.n.KeyIO           MODE: declarations took 0 ms 
108713     DEBUG Test worker     d.u.i.k.n.KeyIO           MODE: 2nd degree decls took 0 
110039     INFO  Test worker     d.u.i.k.n.KeyIO           Parsing took 0 ms 
110039     DEBUG Test worker     d.u.i.k.n.KeyIO           Load declarations of de.uka.ilkd.key.nparser.KeyAst$File:  <unknown>:1#1 
110039     INFO  Test worker     d.u.i.k.n.KeyIO           MODE: declarations took 0 ms 
110039     DEBUG Test worker     d.u.i.k.n.KeyIO           MODE: 2nd degree decls took 0 
118590     INFO  Test worker     d.u.i.k.n.KeyIO           Parsing took 0 ms 
118590     DEBUG Test worker     d.u.i.k.n.KeyIO           Load declarations of de.uka.ilkd.key.nparser.KeyAst$File:  <unknown>:1#1 
118590     INFO  Test worker     d.u.i.k.n.KeyIO           MODE: declarations took 0 ms 
118590     DEBUG Test worker     d.u.i.k.n.KeyIO           MODE: 2nd degree decls took 0 
120059     INFO  Test worker     d.u.i.k.n.KeyIO           Parsing took 0 ms 
120059     DEBUG Test worker     d.u.i.k.n.KeyIO           Load declarations of de.uka.ilkd.key.nparser.KeyAst$File:  <unknown>:1#1 
120059     INFO  Test worker     d.u.i.k.n.KeyIO           MODE: declarations took 0 ms 
120059     DEBUG Test worker     d.u.i.k.n.KeyIO           MODE: 2nd degree decls took 0 
124206     INFO  Test worker     d.u.i.k.n.KeyIO           Parsing took 0 ms 
124206     DEBUG Test worker     d.u.i.k.n.KeyIO           Load declarations of de.uka.ilkd.key.nparser.KeyAst$File:  <unknown>:1#1 
124206     INFO  Test worker     d.u.i.k.n.KeyIO           MODE: declarations took 0 ms 
124206     DEBUG Test worker     d.u.i.k.n.KeyIO           MODE: 2nd degree decls took 0 
125460     INFO  Test worker     d.u.i.k.n.KeyIO           Parsing took 0 ms 
125460     DEBUG Test worker     d.u.i.k.n.KeyIO           Load declarations of de.uka.ilkd.key.nparser.KeyAst$File:  <unknown>:1#1 
125460     INFO  Test worker     d.u.i.k.n.KeyIO           MODE: declarations took 0 ms 
125460     DEBUG Test worker     d.u.i.k.n.KeyIO           MODE: 2nd degree decls took 0 
]]></system-out>
  <system-err><![CDATA[]]></system-err>
</testsuite>
