<?xml version="1.0" encoding="UTF-8"?>
<testsuite name="de.uka.ilkd.key.parser.TestDeclParser" tests="14" skipped="2" failures="0" errors="0" timestamp="2023-06-15T13:10:53" hostname="fv-az456-69" time="16.757">
  <properties/>
  <testcase name="testGenericSortDecl1()" classname="de.uka.ilkd.key.parser.TestDeclParser" time="1.541"/>
  <testcase name="testGenericSortDecl2()" classname="de.uka.ilkd.key.parser.TestDeclParser" time="1.402"/>
  <testcase name="testGenericSortDecl3()" classname="de.uka.ilkd.key.parser.TestDeclParser" time="1.419"/>
  <testcase name="testGenericSortDecl4()" classname="de.uka.ilkd.key.parser.TestDeclParser" time="1.402"/>
  <testcase name="testGenericSortDecl5()" classname="de.uka.ilkd.key.parser.TestDeclParser" time="0.0">
    <skipped/>
  </testcase>
  <testcase name="testGenericSortDecl6()" classname="de.uka.ilkd.key.parser.TestDeclParser" time="1.402"/>
  <testcase name="testSortDecl()" classname="de.uka.ilkd.key.parser.TestDeclParser" time="1.333"/>
  <testcase name="testProxySortDecl()" classname="de.uka.ilkd.key.parser.TestDeclParser" time="1.307"/>
  <testcase name="testArrayDecl()" classname="de.uka.ilkd.key.parser.TestDeclParser" time="1.371"/>
  <testcase name="testAmbiguousDecls()" classname="de.uka.ilkd.key.parser.TestDeclParser" time="0.0">
    <skipped/>
  </testcase>
  <testcase name="testHeurDecl()" classname="de.uka.ilkd.key.parser.TestDeclParser" time="1.344"/>
  <testcase name="testFunctionDecl()" classname="de.uka.ilkd.key.parser.TestDeclParser" time="1.395"/>
  <testcase name="testPredicateDecl()" classname="de.uka.ilkd.key.parser.TestDeclParser" time="1.444"/>
  <testcase name="testSVDecl()" classname="de.uka.ilkd.key.parser.TestDeclParser" time="1.393"/>
  <system-out><![CDATA[320143     INFO  Test worker     d.u.i.k.n.KeyIO           Parsing took 0 ms 
320143     DEBUG Test worker     d.u.i.k.n.KeyIO           Load declarations of de.uka.ilkd.key.nparser.KeyAst$File:  <unknown>:1#1 
320143     INFO  Test worker     d.u.i.k.n.KeyIO           MODE: declarations took 0 ms 
320143     DEBUG Test worker     d.u.i.k.n.KeyIO           MODE: 2nd degree decls took 0 
320143     DEBUG Test worker     d.u.i.k.n.KeyIO           MODE: taclets took 0ms 
321540     INFO  Test worker     d.u.i.k.n.KeyIO           Parsing took 0 ms 
321540     DEBUG Test worker     d.u.i.k.n.KeyIO           Load declarations of de.uka.ilkd.key.nparser.KeyAst$File:  <unknown>:1#1 
321540     INFO  Test worker     d.u.i.k.n.KeyIO           MODE: declarations took 0 ms 
321540     DEBUG Test worker     d.u.i.k.n.KeyIO           MODE: 2nd degree decls took 0 
321540     DEBUG Test worker     d.u.i.k.n.KeyIO           MODE: taclets took 0ms 
322968     INFO  Test worker     d.u.i.k.n.KeyIO           Parsing took 0 ms 
322968     DEBUG Test worker     d.u.i.k.n.KeyIO           Load declarations of de.uka.ilkd.key.nparser.KeyAst$File:  <unknown>:1#1 
322968     INFO  Test worker     d.u.i.k.n.KeyIO           MODE: declarations took 0 ms 
322968     DEBUG Test worker     d.u.i.k.n.KeyIO           MODE: 2nd degree decls took 0 
322968     DEBUG Test worker     d.u.i.k.n.KeyIO           MODE: taclets took 0ms 
324367     INFO  Test worker     d.u.i.k.n.KeyIO           Parsing took 0 ms 
324367     DEBUG Test worker     d.u.i.k.n.KeyIO           Load declarations of de.uka.ilkd.key.nparser.KeyAst$File:  <unknown>:1#1 
324367     INFO  Test worker     d.u.i.k.n.KeyIO           MODE: declarations took 0 ms 
324367     DEBUG Test worker     d.u.i.k.n.KeyIO           MODE: 2nd degree decls took 0 
324367     DEBUG Test worker     d.u.i.k.n.KeyIO           MODE: taclets took 0ms 
325769     INFO  Test worker     d.u.i.k.n.KeyIO           Parsing took 0 ms 
325769     DEBUG Test worker     d.u.i.k.n.KeyIO           Load declarations of de.uka.ilkd.key.nparser.KeyAst$File:  <unknown>:1#1 
325769     INFO  Test worker     d.u.i.k.n.KeyIO           MODE: declarations took 0 ms 
325769     DEBUG Test worker     d.u.i.k.n.KeyIO           MODE: 2nd degree decls took 0 
325769     DEBUG Test worker     d.u.i.k.n.KeyIO           MODE: taclets took 0ms 
327109     INFO  Test worker     d.u.i.k.n.KeyIO           Parsing took 0 ms 
327109     DEBUG Test worker     d.u.i.k.n.KeyIO           Load declarations of de.uka.ilkd.key.nparser.KeyAst$File:  <unknown>:1#1 
327109     INFO  Test worker     d.u.i.k.n.KeyIO           MODE: declarations took 0 ms 
327109     DEBUG Test worker     d.u.i.k.n.KeyIO           MODE: 2nd degree decls took 0 
327109     DEBUG Test worker     d.u.i.k.n.KeyIO           MODE: taclets took 0ms 
328411     INFO  Test worker     d.u.i.k.n.KeyIO           Parsing took 0 ms 
328411     DEBUG Test worker     d.u.i.k.n.KeyIO           Load declarations of de.uka.ilkd.key.nparser.KeyAst$File:  <unknown>:1#1 
328411     INFO  Test worker     d.u.i.k.n.KeyIO           MODE: declarations took 0 ms 
328411     DEBUG Test worker     d.u.i.k.n.KeyIO           MODE: 2nd degree decls took 0 
328411     DEBUG Test worker     d.u.i.k.n.KeyIO           MODE: taclets took 0ms 
329777     INFO  Test worker     d.u.i.k.n.KeyIO           Parsing took 0 ms 
329777     DEBUG Test worker     d.u.i.k.n.KeyIO           Load declarations of de.uka.ilkd.key.nparser.KeyAst$File:  <unknown>:1#1 
329777     INFO  Test worker     d.u.i.k.n.KeyIO           MODE: declarations took 0 ms 
329777     DEBUG Test worker     d.u.i.k.n.KeyIO           MODE: 2nd degree decls took 0 
329777     DEBUG Test worker     d.u.i.k.n.KeyIO           MODE: taclets took 0ms 
331130     INFO  Test worker     d.u.i.k.n.KeyIO           Parsing took 0 ms 
331130     DEBUG Test worker     d.u.i.k.n.KeyIO           Load declarations of de.uka.ilkd.key.nparser.KeyAst$File:  <unknown>:1#1 
331130     INFO  Test worker     d.u.i.k.n.KeyIO           MODE: declarations took 0 ms 
331130     DEBUG Test worker     d.u.i.k.n.KeyIO           MODE: 2nd degree decls took 0 
331130     DEBUG Test worker     d.u.i.k.n.KeyIO           MODE: taclets took 0ms 
332522     INFO  Test worker     d.u.i.k.n.KeyIO           Parsing took 0 ms 
332522     DEBUG Test worker     d.u.i.k.n.KeyIO           Load declarations of de.uka.ilkd.key.nparser.KeyAst$File:  <unknown>:1#1 
332522     INFO  Test worker     d.u.i.k.n.KeyIO           MODE: declarations took 0 ms 
332522     DEBUG Test worker     d.u.i.k.n.KeyIO           MODE: 2nd degree decls took 0 
332522     DEBUG Test worker     d.u.i.k.n.KeyIO           MODE: taclets took 0ms 
333971     INFO  Test worker     d.u.i.k.n.KeyIO           Parsing took 0 ms 
333971     DEBUG Test worker     d.u.i.k.n.KeyIO           Load declarations of de.uka.ilkd.key.nparser.KeyAst$File:  <unknown>:1#1 
333971     INFO  Test worker     d.u.i.k.n.KeyIO           MODE: declarations took 0 ms 
333971     DEBUG Test worker     d.u.i.k.n.KeyIO           MODE: 2nd degree decls took 0 
333971     DEBUG Test worker     d.u.i.k.n.KeyIO           MODE: taclets took 0ms 
335354     INFO  Test worker     d.u.i.k.n.KeyIO           Parsing took 0 ms 
335354     DEBUG Test worker     d.u.i.k.n.KeyIO           Load declarations of de.uka.ilkd.key.nparser.KeyAst$File:  <unknown>:1#1 
335354     INFO  Test worker     d.u.i.k.n.KeyIO           MODE: declarations took 0 ms 
335354     DEBUG Test worker     d.u.i.k.n.KeyIO           MODE: 2nd degree decls took 0 
335354     DEBUG Test worker     d.u.i.k.n.KeyIO           MODE: taclets took 0ms 
]]></system-out>
  <system-err><![CDATA[]]></system-err>
</testsuite>
