<?xml version="1.0" encoding="UTF-8"?>
<testsuite name="de.uka.ilkd.key.util.TestProofStarter" tests="2" skipped="0" failures="0" errors="0" timestamp="2023-06-15T13:25:46" hostname="fv-az456-69" time="70.216">
  <properties/>
  <testcase name="testDirectProofWithOneStepSimplification()" classname="de.uka.ilkd.key.util.TestProofStarter" time="37.1"/>
  <testcase name="testDirectProof()" classname="de.uka.ilkd.key.util.TestProofStarter" time="33.116"/>
  <system-out><![CDATA[1211764    INFO  Test worker     d.u.i.k.p.i.AbstractProblemLoader Loading environment from src\test\resources\testcase\proofStarter\CC\project.key 
1211764    DEBUG Test worker     d.u.i.k.p.i.AbstractProblemLoader Environment load took 270ns 
1211780    INFO  Test worker     d.u.i.k.p.i.AbstractProblemLoader Creating init config 
1216272    DEBUG Test worker     d.u.i.k.p.i.AbstractProblemLoader Init config took 4.5s 
1216335    INFO  Test worker     d.u.i.k.p.i.AbstractProblemLoader Replaying proof CC[CC::calcCoinIndex([I,[I)].JML normal_behavior operation contract.0 
1216335    DEBUG Test worker     d.u.i.k.p.i.IntermediateProofReplayer Proof replay took 4.7ns 
1248864    INFO  Test worker     d.u.i.k.p.i.AbstractProblemLoader Loading environment from src\test\resources\testcase\proofStarter\CC\project.key 
1248864    DEBUG Test worker     d.u.i.k.p.i.AbstractProblemLoader Environment load took 312.1ns 
1248864    INFO  Test worker     d.u.i.k.p.i.AbstractProblemLoader Creating init config 
1253414    DEBUG Test worker     d.u.i.k.p.i.AbstractProblemLoader Init config took 4.55s 
1253460    INFO  Test worker     d.u.i.k.p.i.AbstractProblemLoader Replaying proof CC[CC::calcCoinIndex([I,[I)].JML normal_behavior operation contract.0 
1253460    DEBUG Test worker     d.u.i.k.p.i.IntermediateProofReplayer Proof replay took 4ns 
]]></system-out>
  <system-err><![CDATA[]]></system-err>
</testsuite>
