<?xml version="1.0" encoding="UTF-8"?>
<testsuite name="de.uka.ilkd.key.proof.io.consistency.TestProofBundleIO" tests="3" skipped="0" failures="0" errors="0" timestamp="2023-06-15T13:16:24" hostname="fv-az456-69" time="10.577">
  <properties/>
  <testcase name="testSimpleFileRepo()" classname="de.uka.ilkd.key.proof.io.consistency.TestProofBundleIO" time="0.049"/>
  <testcase name="testComplexBundleGeneration()" classname="de.uka.ilkd.key.proof.io.consistency.TestProofBundleIO" time="1.762"/>
  <testcase name="testSimpleBundleGeneration()" classname="de.uka.ilkd.key.proof.io.consistency.TestProofBundleIO" time="8.764"/>
  <system-out><![CDATA[650019     INFO  Test worker     d.u.i.k.p.i.AbstractProblemLoader Loading environment from D:\a\key\key\key.core\src\test\resources\testcase\proofBundle\complexBundleGeneration\test.key 
650019     DEBUG Test worker     d.u.i.k.p.i.AbstractProblemLoader Environment load took 173.3ns 
650019     INFO  Test worker     d.u.i.k.p.i.AbstractProblemLoader Creating init config 
650567     DEBUG Test worker     d.u.i.k.p.i.AbstractProblemLoader Init config took 536.15ms 
650606     INFO  Test worker     d.u.i.k.p.i.AbstractProblemLoader Replaying proof Test[Test::constant()].JML normal_behavior operation contract.0 
650606     DEBUG Test worker     d.u.i.k.p.i.IntermediateProofReplayer Proof replay took 10.1ns 
651080     INFO  Test worker     d.u.i.k.p.i.AbstractProblemLoader Loading environment from D:\a\key\key\key.core\src\test\resources\testcase\proofBundle\complexBundleGeneration\test.zproof 
651128     DEBUG Test worker     d.u.i.k.p.i.AbstractProblemLoader Environment load took 57.35ms 
651143     INFO  Test worker     d.u.i.k.p.i.AbstractProblemLoader Creating init config 
651707     DEBUG Test worker     d.u.i.k.p.i.AbstractProblemLoader Init config took 563.9ms 
651738     INFO  Test worker     d.u.i.k.p.i.AbstractProblemLoader Replaying proof Test[Test::constant()].JML normal_behavior operation contract.0 
651770     DEBUG Test worker     d.u.i.k.p.i.IntermediateProofReplayer Proof replay took 29.74ms 
651785     INFO  Test worker     d.u.i.k.p.i.AbstractProblemLoader Loading environment from D:\a\key\key\key.core\src\test\resources\testcase\proofBundle\simpleBundleGeneration\test.key 
651785     DEBUG Test worker     d.u.i.k.p.i.AbstractProblemLoader Environment load took 476.5ns 
651785     INFO  Test worker     d.u.i.k.p.i.AbstractProblemLoader Creating init config 
656036     DEBUG Test worker     d.u.i.k.p.i.AbstractProblemLoader Init config took 4.24s 
656090     INFO  Test worker     d.u.i.k.p.i.AbstractProblemLoader Replaying proof Test[Test::constant()].JML normal_behavior operation contract.0 
656090     DEBUG Test worker     d.u.i.k.p.i.IntermediateProofReplayer Proof replay took 10.5ns 
656205     INFO  Test worker     d.u.i.k.p.i.AbstractProblemLoader Loading environment from D:\a\key\key\key.core\src\test\resources\testcase\proofBundle\simpleBundleGeneration\test.zproof 
656220     DEBUG Test worker     d.u.i.k.p.i.AbstractProblemLoader Environment load took 5.14ms 
656220     INFO  Test worker     d.u.i.k.p.i.AbstractProblemLoader Creating init config 
660473     DEBUG Test worker     d.u.i.k.p.i.AbstractProblemLoader Init config took 4.26s 
660536     INFO  Test worker     d.u.i.k.p.i.AbstractProblemLoader Replaying proof Test[Test::constant()].JML normal_behavior operation contract.0 
660536     DEBUG Test worker     d.u.i.k.p.i.IntermediateProofReplayer Proof replay took 9.73ms 
]]></system-out>
  <system-err><![CDATA[]]></system-err>
</testsuite>
