<?xml version="1.0" encoding="UTF-8"?>
<testsuite name="de.uka.ilkd.key.parser.TestTermParserSorts" tests="2" skipped="0" failures="0" errors="0" timestamp="2023-06-15T13:16:03" hostname="fv-az456-69" time="4.198">
  <properties/>
  <testcase name="testParseIntegerArgs()" classname="de.uka.ilkd.key.parser.TestTermParserSorts" time="0.022"/>
  <testcase name="testParseSequencePrettySyntax()" classname="de.uka.ilkd.key.parser.TestTermParserSorts" time="0.003"/>
  <system-out><![CDATA[628811     INFO  Test worker     d.u.i.k.n.KeyIO           Parsing took 0 ms 
628811     DEBUG Test worker     d.u.i.k.n.KeyIO           Load declarations of de.uka.ilkd.key.nparser.KeyAst$File:  <unknown>:1#1 
628811     INFO  Test worker     d.u.i.k.n.KeyIO           MODE: declarations took 0 ms 
628811     DEBUG Test worker     d.u.i.k.n.KeyIO           MODE: 2nd degree decls took 0 
628811     INFO  Test worker     d.u.i.k.n.KeyIO           Parsing took 0 ms 
628811     DEBUG Test worker     d.u.i.k.n.KeyIO           Load declarations of de.uka.ilkd.key.nparser.KeyAst$File:  <unknown>:1#1 
628811     INFO  Test worker     d.u.i.k.n.KeyIO           MODE: declarations took 0 ms 
628811     DEBUG Test worker     d.u.i.k.n.KeyIO           MODE: 2nd degree decls took 0 
628811     INFO  Test worker     d.u.i.k.n.KeyIO           Parsing took 0 ms 
628811     DEBUG Test worker     d.u.i.k.n.KeyIO           Load declarations of de.uka.ilkd.key.nparser.KeyAst$File:  <unknown>:1#1 
628811     INFO  Test worker     d.u.i.k.n.KeyIO           MODE: declarations took 0 ms 
628811     DEBUG Test worker     d.u.i.k.n.KeyIO           MODE: 2nd degree decls took 0 
633006     INFO  Test worker     d.u.i.k.n.KeyIO           Parsing took 0 ms 
633006     DEBUG Test worker     d.u.i.k.n.KeyIO           Load declarations of de.uka.ilkd.key.nparser.KeyAst$File:  <unknown>:1#1 
633006     INFO  Test worker     d.u.i.k.n.KeyIO           MODE: declarations took 0 ms 
633006     DEBUG Test worker     d.u.i.k.n.KeyIO           MODE: 2nd degree decls took 0 
633006     INFO  Test worker     d.u.i.k.n.KeyIO           Parsing took 0 ms 
633006     DEBUG Test worker     d.u.i.k.n.KeyIO           Load declarations of de.uka.ilkd.key.nparser.KeyAst$File:  <unknown>:1#1 
633006     INFO  Test worker     d.u.i.k.n.KeyIO           MODE: declarations took 0 ms 
633006     DEBUG Test worker     d.u.i.k.n.KeyIO           MODE: 2nd degree decls took 0 
633006     INFO  Test worker     d.u.i.k.n.KeyIO           Parsing took 0 ms 
633006     DEBUG Test worker     d.u.i.k.n.KeyIO           Load declarations of de.uka.ilkd.key.nparser.KeyAst$File:  <unknown>:1#1 
633006     INFO  Test worker     d.u.i.k.n.KeyIO           MODE: declarations took 0 ms 
633006     DEBUG Test worker     d.u.i.k.n.KeyIO           MODE: 2nd degree decls took 0 
]]></system-out>
  <system-err><![CDATA[]]></system-err>
</testsuite>
