<?xml version="1.0" encoding="UTF-8"?>
<testsuite name="de.uka.ilkd.key.strategy.quantifierHeuristics.TestTriggersSet" tests="2" skipped="1" failures="0" errors="0" timestamp="2023-06-15T13:25:31" hostname="fv-az456-69" time="0.004">
  <properties/>
  <testcase name="testTrigger1()" classname="de.uka.ilkd.key.strategy.quantifierHeuristics.TestTriggersSet" time="0.004"/>
  <testcase name="testTrigger2()" classname="de.uka.ilkd.key.strategy.quantifierHeuristics.TestTriggersSet" time="0.0">
    <skipped/>
  </testcase>
  <system-out><![CDATA[]]></system-out>
  <system-err><![CDATA[]]></system-err>
</testsuite>
