<?xml version="1.0" encoding="UTF-8"?>
<testsuite name="de.uka.ilkd.key.rule.merge.PredicateAbstractionLatticeTests" tests="3" skipped="0" failures="0" errors="0" timestamp="2023-06-15T13:19:00" hostname="fv-az456-69" time="9.001">
  <properties/>
  <testcase name="testToAndFromString()" classname="de.uka.ilkd.key.rule.merge.PredicateAbstractionLatticeTests" time="4.398"/>
  <testcase name="testCreateSignLatticeWithPredicates()" classname="de.uka.ilkd.key.rule.merge.PredicateAbstractionLatticeTests" time="4.603"/>
  <testcase name="testTrivialPredicatesLattice()" classname="de.uka.ilkd.key.rule.merge.PredicateAbstractionLatticeTests" time="0.0"/>
  <system-out><![CDATA[805787     INFO  Test worker     d.u.i.k.p.i.AbstractProblemLoader Loading environment from src\test\resources\testcase\merge\dummy.key 
805787     DEBUG Test worker     d.u.i.k.p.i.AbstractProblemLoader Environment load took 173ns 
805787     INFO  Test worker     d.u.i.k.p.i.AbstractProblemLoader Creating init config 
810172     DEBUG Test worker     d.u.i.k.p.i.AbstractProblemLoader Init config took 4.38s 
810187     INFO  Test worker     d.u.i.k.p.i.AbstractProblemLoader Replaying proof dummy.key 
810187     DEBUG Test worker     d.u.i.k.p.i.IntermediateProofReplayer Proof replay took 69.8ns 
810187     INFO  Test worker     d.u.i.k.p.i.AbstractProblemLoader Loading environment from src\test\resources\testcase\merge\dummy.key 
810187     DEBUG Test worker     d.u.i.k.p.i.AbstractProblemLoader Environment load took 158.5ns 
810187     INFO  Test worker     d.u.i.k.p.i.AbstractProblemLoader Creating init config 
814774     DEBUG Test worker     d.u.i.k.p.i.AbstractProblemLoader Init config took 4.58s 
814790     INFO  Test worker     d.u.i.k.p.i.AbstractProblemLoader Replaying proof dummy.key 
814790     DEBUG Test worker     d.u.i.k.p.i.IntermediateProofReplayer Proof replay took 4.4ns 
]]></system-out>
  <system-err><![CDATA[]]></system-err>
</testsuite>
