<?xml version="1.0" encoding="UTF-8"?>
<testsuite name="de.uka.ilkd.key.parser.TestTermParserHeap" tests="39" skipped="0" failures="0" errors="0" timestamp="2023-06-15T13:13:15" hostname="fv-az456-69" time="163.563">
  <properties/>
  <testcase name="testBracketHeapUpdate()" classname="de.uka.ilkd.key.parser.TestTermParserHeap" time="0.023"/>
  <testcase name="testStore()" classname="de.uka.ilkd.key.parser.TestTermParserHeap" time="0.012"/>
  <testcase name="testUnknownConstant()" classname="de.uka.ilkd.key.parser.TestTermParserHeap" time="0.009"/>
  <testcase name="testAllFieldsSelector()" classname="de.uka.ilkd.key.parser.TestTermParserHeap" time="0.004"/>
  <testcase name="testParsePrettyPrintedSelect()" classname="de.uka.ilkd.key.parser.TestTermParserHeap" time="0.003"/>
  <testcase name="testAccessStaticMembers()" classname="de.uka.ilkd.key.parser.TestTermParserHeap" time="0.01"/>
  <testcase name="testAtOperator_1()" classname="de.uka.ilkd.key.parser.TestTermParserHeap" time="0.004"/>
  <testcase name="testAtOperator_2()" classname="de.uka.ilkd.key.parser.TestTermParserHeap" time="0.006"/>
  <testcase name="testAtOperator_3()" classname="de.uka.ilkd.key.parser.TestTermParserHeap" time="0.005"/>
  <testcase name="testAtOperator_4()" classname="de.uka.ilkd.key.parser.TestTermParserHeap" time="0.013"/>
  <testcase name="testAtOperator_5()" classname="de.uka.ilkd.key.parser.TestTermParserHeap" time="0.005"/>
  <testcase name="testAtOperator_6()" classname="de.uka.ilkd.key.parser.TestTermParserHeap" time="0.006"/>
  <testcase name="testAtOperator_7()" classname="de.uka.ilkd.key.parser.TestTermParserHeap" time="0.005"/>
  <testcase name="testAtOperator_8()" classname="de.uka.ilkd.key.parser.TestTermParserHeap" time="0.004"/>
  <testcase name="testVerifyExceptionIfAtOperatorNotPreceededBySelectTerm()" classname="de.uka.ilkd.key.parser.TestTermParserHeap" time="0.022"/>
  <testcase name="testBugResettingCounter()" classname="de.uka.ilkd.key.parser.TestTermParserHeap" time="0.005"/>
  <testcase name="testLocationSets()" classname="de.uka.ilkd.key.parser.TestTermParserHeap" time="0.009"/>
  <testcase name="testQuantifiedSelect()" classname="de.uka.ilkd.key.parser.TestTermParserHeap" time="0.007"/>
  <testcase name="testGenericObjectProperties()" classname="de.uka.ilkd.key.parser.TestTermParserHeap" time="0.04"/>
  <testcase name="testQueryInheritance_1()" classname="de.uka.ilkd.key.parser.TestTermParserHeap" time="0.005"/>
  <testcase name="testQueryInheritance_2()" classname="de.uka.ilkd.key.parser.TestTermParserHeap" time="0.008"/>
  <testcase name="testQueryInheritance_3()" classname="de.uka.ilkd.key.parser.TestTermParserHeap" time="0.01"/>
  <testcase name="testQueryInheritance_4()" classname="de.uka.ilkd.key.parser.TestTermParserHeap" time="0.005"/>
  <testcase name="testQueryInheritance_5()" classname="de.uka.ilkd.key.parser.TestTermParserHeap" time="0.002"/>
  <testcase name="testQueryInheritance_6()" classname="de.uka.ilkd.key.parser.TestTermParserHeap" time="0.005"/>
  <testcase name="testQueryInheritance_7()" classname="de.uka.ilkd.key.parser.TestTermParserHeap" time="0.007"/>
  <testcase name="testQueryInheritance_8()" classname="de.uka.ilkd.key.parser.TestTermParserHeap" time="0.004"/>
  <testcase name="testQueryInheritance_9()" classname="de.uka.ilkd.key.parser.TestTermParserHeap" time="0.006"/>
  <testcase name="testQueryBasic_10()" classname="de.uka.ilkd.key.parser.TestTermParserHeap" time="0.005"/>
  <testcase name="testQueryBasic_11()" classname="de.uka.ilkd.key.parser.TestTermParserHeap" time="0.003"/>
  <testcase name="testQueryBasic_1()" classname="de.uka.ilkd.key.parser.TestTermParserHeap" time="0.006"/>
  <testcase name="testQueryBasic_2()" classname="de.uka.ilkd.key.parser.TestTermParserHeap" time="0.005"/>
  <testcase name="testQueryBasic_3()" classname="de.uka.ilkd.key.parser.TestTermParserHeap" time="0.006"/>
  <testcase name="testQueryBasic_4()" classname="de.uka.ilkd.key.parser.TestTermParserHeap" time="0.006"/>
  <testcase name="testQueryBasic_5()" classname="de.uka.ilkd.key.parser.TestTermParserHeap" time="0.005"/>
  <testcase name="testQueryBasic_6()" classname="de.uka.ilkd.key.parser.TestTermParserHeap" time="0.004"/>
  <testcase name="testQueryBasic_7()" classname="de.uka.ilkd.key.parser.TestTermParserHeap" time="0.005"/>
  <testcase name="testQueryBasic_8()" classname="de.uka.ilkd.key.parser.TestTermParserHeap" time="0.005"/>
  <testcase name="testQueryBasic_9()" classname="de.uka.ilkd.key.parser.TestTermParserHeap" time="0.005"/>
  <system-out><![CDATA[461241     INFO  Test worker     d.u.i.k.n.KeyIO           Parsing took 0 ms 
461241     DEBUG Test worker     d.u.i.k.n.KeyIO           Load declarations of de.uka.ilkd.key.nparser.KeyAst$File:  <unknown>:1#1 
461241     INFO  Test worker     d.u.i.k.n.KeyIO           MODE: declarations took 0 ms 
461241     DEBUG Test worker     d.u.i.k.n.KeyIO           MODE: 2nd degree decls took 0 
461241     INFO  Test worker     d.u.i.k.n.KeyIO           Parsing took 0 ms 
461257     DEBUG Test worker     d.u.i.k.n.KeyIO           Load declarations of de.uka.ilkd.key.nparser.KeyAst$File:  <unknown>:1#1 
461257     INFO  Test worker     d.u.i.k.n.KeyIO           MODE: declarations took 0 ms 
461257     DEBUG Test worker     d.u.i.k.n.KeyIO           MODE: 2nd degree decls took 0 
461257     INFO  Test worker     d.u.i.k.n.KeyIO           Parsing took 0 ms 
461257     DEBUG Test worker     d.u.i.k.n.KeyIO           Load declarations of de.uka.ilkd.key.nparser.KeyAst$File:  <unknown>:1#1 
461257     INFO  Test worker     d.u.i.k.n.KeyIO           MODE: declarations took 0 ms 
461257     DEBUG Test worker     d.u.i.k.n.KeyIO           MODE: 2nd degree decls took 0 
461257     INFO  Test worker     d.u.i.k.n.KeyIO           Parsing took 0 ms 
461257     DEBUG Test worker     d.u.i.k.n.KeyIO           Load declarations of de.uka.ilkd.key.nparser.KeyAst$File:  <unknown>:1#1 
461257     INFO  Test worker     d.u.i.k.n.KeyIO           MODE: declarations took 0 ms 
461257     DEBUG Test worker     d.u.i.k.n.KeyIO           MODE: 2nd degree decls took 0 
461257     INFO  Test worker     d.u.i.k.n.KeyIO           Parsing took 0 ms 
461257     DEBUG Test worker     d.u.i.k.n.KeyIO           Load declarations of de.uka.ilkd.key.nparser.KeyAst$File:  <unknown>:1#1 
461257     INFO  Test worker     d.u.i.k.n.KeyIO           MODE: declarations took 0 ms 
461257     DEBUG Test worker     d.u.i.k.n.KeyIO           MODE: 2nd degree decls took 0 
465750     INFO  Test worker     d.u.i.k.n.KeyIO           Parsing took 0 ms 
465750     DEBUG Test worker     d.u.i.k.n.KeyIO           Load declarations of de.uka.ilkd.key.nparser.KeyAst$File:  <unknown>:1#1 
465750     INFO  Test worker     d.u.i.k.n.KeyIO           MODE: declarations took 0 ms 
465750     DEBUG Test worker     d.u.i.k.n.KeyIO           MODE: 2nd degree decls took 0 
465750     INFO  Test worker     d.u.i.k.n.KeyIO           Parsing took 0 ms 
465750     DEBUG Test worker     d.u.i.k.n.KeyIO           Load declarations of de.uka.ilkd.key.nparser.KeyAst$File:  <unknown>:1#1 
465766     INFO  Test worker     d.u.i.k.n.KeyIO           MODE: declarations took 16 ms 
465766     DEBUG Test worker     d.u.i.k.n.KeyIO           MODE: 2nd degree decls took 0 
465766     INFO  Test worker     d.u.i.k.n.KeyIO           Parsing took 0 ms 
465766     DEBUG Test worker     d.u.i.k.n.KeyIO           Load declarations of de.uka.ilkd.key.nparser.KeyAst$File:  <unknown>:1#1 
465766     INFO  Test worker     d.u.i.k.n.KeyIO           MODE: declarations took 0 ms 
465766     DEBUG Test worker     d.u.i.k.n.KeyIO           MODE: 2nd degree decls took 0 
465766     INFO  Test worker     d.u.i.k.n.KeyIO           Parsing took 0 ms 
465766     DEBUG Test worker     d.u.i.k.n.KeyIO           Load declarations of de.uka.ilkd.key.nparser.KeyAst$File:  <unknown>:1#1 
465766     INFO  Test worker     d.u.i.k.n.KeyIO           MODE: declarations took 0 ms 
465766     DEBUG Test worker     d.u.i.k.n.KeyIO           MODE: 2nd degree decls took 0 
465766     INFO  Test worker     d.u.i.k.n.KeyIO           Parsing took 0 ms 
465766     DEBUG Test worker     d.u.i.k.n.KeyIO           Load declarations of de.uka.ilkd.key.nparser.KeyAst$File:  <unknown>:1#1 
465766     INFO  Test worker     d.u.i.k.n.KeyIO           MODE: declarations took 0 ms 
465766     DEBUG Test worker     d.u.i.k.n.KeyIO           MODE: 2nd degree decls took 0 
470152     INFO  Test worker     d.u.i.k.n.KeyIO           Parsing took 0 ms 
470152     DEBUG Test worker     d.u.i.k.n.KeyIO           Load declarations of de.uka.ilkd.key.nparser.KeyAst$File:  <unknown>:1#1 
470152     INFO  Test worker     d.u.i.k.n.KeyIO           MODE: declarations took 0 ms 
470152     DEBUG Test worker     d.u.i.k.n.KeyIO           MODE: 2nd degree decls took 0 
470152     INFO  Test worker     d.u.i.k.n.KeyIO           Parsing took 0 ms 
470152     DEBUG Test worker     d.u.i.k.n.KeyIO           Load declarations of de.uka.ilkd.key.nparser.KeyAst$File:  <unknown>:1#1 
470152     INFO  Test worker     d.u.i.k.n.KeyIO           MODE: declarations took 0 ms 
470152     DEBUG Test worker     d.u.i.k.n.KeyIO           MODE: 2nd degree decls took 0 
470152     INFO  Test worker     d.u.i.k.n.KeyIO           Parsing took 0 ms 
470152     DEBUG Test worker     d.u.i.k.n.KeyIO           Load declarations of de.uka.ilkd.key.nparser.KeyAst$File:  <unknown>:1#1 
470152     INFO  Test worker     d.u.i.k.n.KeyIO           MODE: declarations took 0 ms 
470152     DEBUG Test worker     d.u.i.k.n.KeyIO           MODE: 2nd degree decls took 0 
470152     INFO  Test worker     d.u.i.k.n.KeyIO           Parsing took 0 ms 
470152     DEBUG Test worker     d.u.i.k.n.KeyIO           Load declarations of de.uka.ilkd.key.nparser.KeyAst$File:  <unknown>:1#1 
470152     INFO  Test worker     d.u.i.k.n.KeyIO           MODE: declarations took 0 ms 
470152     DEBUG Test worker     d.u.i.k.n.KeyIO           MODE: 2nd degree decls took 0 
470152     INFO  Test worker     d.u.i.k.n.KeyIO           Parsing took 0 ms 
470152     DEBUG Test worker     d.u.i.k.n.KeyIO           Load declarations of de.uka.ilkd.key.nparser.KeyAst$File:  <unknown>:1#1 
470152     INFO  Test worker     d.u.i.k.n.KeyIO           MODE: declarations took 0 ms 
470152     DEBUG Test worker     d.u.i.k.n.KeyIO           MODE: 2nd degree decls took 0 
470152     INFO  Test worker     d.u.i.k.n.KeyIO           Parsing took 0 ms 
470152     DEBUG Test worker     d.u.i.k.n.KeyIO           Load declarations of de.uka.ilkd.key.nparser.KeyAst$File:  <unknown>:1#1 
470152     INFO  Test worker     d.u.i.k.n.KeyIO           MODE: declarations took 0 ms 
470152     DEBUG Test worker     d.u.i.k.n.KeyIO           MODE: 2nd degree decls took 0 
474531     INFO  Test worker     d.u.i.k.n.KeyIO           Parsing took 0 ms 
474531     DEBUG Test worker     d.u.i.k.n.KeyIO           Load declarations of de.uka.ilkd.key.nparser.KeyAst$File:  <unknown>:1#1 
474531     INFO  Test worker     d.u.i.k.n.KeyIO           MODE: declarations took 0 ms 
474531     DEBUG Test worker     d.u.i.k.n.KeyIO           MODE: 2nd degree decls took 0 
474531     INFO  Test worker     d.u.i.k.n.KeyIO           Parsing took 0 ms 
474531     DEBUG Test worker     d.u.i.k.n.KeyIO           Load declarations of de.uka.ilkd.key.nparser.KeyAst$File:  <unknown>:1#1 
474531     INFO  Test worker     d.u.i.k.n.KeyIO           MODE: declarations took 0 ms 
474531     DEBUG Test worker     d.u.i.k.n.KeyIO           MODE: 2nd degree decls took 0 
474531     INFO  Test worker     d.u.i.k.n.KeyIO           Parsing took 0 ms 
474531     DEBUG Test worker     d.u.i.k.n.KeyIO           Load declarations of de.uka.ilkd.key.nparser.KeyAst$File:  <unknown>:1#1 
474531     INFO  Test worker     d.u.i.k.n.KeyIO           MODE: declarations took 0 ms 
474531     DEBUG Test worker     d.u.i.k.n.KeyIO           MODE: 2nd degree decls took 0 
474531     INFO  Test worker     d.u.i.k.n.KeyIO           Parsing took 0 ms 
474531     DEBUG Test worker     d.u.i.k.n.KeyIO           Load declarations of de.uka.ilkd.key.nparser.KeyAst$File:  <unknown>:1#1 
474531     INFO  Test worker     d.u.i.k.n.KeyIO           MODE: declarations took 0 ms 
474531     DEBUG Test worker     d.u.i.k.n.KeyIO           MODE: 2nd degree decls took 0 
474531     INFO  Test worker     d.u.i.k.n.KeyIO           Parsing took 0 ms 
474531     DEBUG Test worker     d.u.i.k.n.KeyIO           Load declarations of de.uka.ilkd.key.nparser.KeyAst$File:  <unknown>:1#1 
474531     INFO  Test worker     d.u.i.k.n.KeyIO           MODE: declarations took 0 ms 
474531     DEBUG Test worker     d.u.i.k.n.KeyIO           MODE: 2nd degree decls took 0 
478741     INFO  Test worker     d.u.i.k.n.KeyIO           Parsing took 0 ms 
478741     DEBUG Test worker     d.u.i.k.n.KeyIO           Load declarations of de.uka.ilkd.key.nparser.KeyAst$File:  <unknown>:1#1 
478741     INFO  Test worker     d.u.i.k.n.KeyIO           MODE: declarations took 0 ms 
478741     DEBUG Test worker     d.u.i.k.n.KeyIO           MODE: 2nd degree decls took 0 
478741     INFO  Test worker     d.u.i.k.n.KeyIO           Parsing took 0 ms 
478741     DEBUG Test worker     d.u.i.k.n.KeyIO           Load declarations of de.uka.ilkd.key.nparser.KeyAst$File:  <unknown>:1#1 
478741     INFO  Test worker     d.u.i.k.n.KeyIO           MODE: declarations took 0 ms 
478741     DEBUG Test worker     d.u.i.k.n.KeyIO           MODE: 2nd degree decls took 0 
478741     INFO  Test worker     d.u.i.k.n.KeyIO           Parsing took 0 ms 
478741     DEBUG Test worker     d.u.i.k.n.KeyIO           Load declarations of de.uka.ilkd.key.nparser.KeyAst$File:  <unknown>:1#1 
478741     INFO  Test worker     d.u.i.k.n.KeyIO           MODE: declarations took 0 ms 
478741     DEBUG Test worker     d.u.i.k.n.KeyIO           MODE: 2nd degree decls took 0 
478741     INFO  Test worker     d.u.i.k.n.KeyIO           Parsing took 0 ms 
478741     DEBUG Test worker     d.u.i.k.n.KeyIO           Load declarations of de.uka.ilkd.key.nparser.KeyAst$File:  <unknown>:1#1 
478741     INFO  Test worker     d.u.i.k.n.KeyIO           MODE: declarations took 0 ms 
478741     DEBUG Test worker     d.u.i.k.n.KeyIO           MODE: 2nd degree decls took 0 
478741     INFO  Test worker     d.u.i.k.n.KeyIO           Parsing took 0 ms 
478741     DEBUG Test worker     d.u.i.k.n.KeyIO           Load declarations of de.uka.ilkd.key.nparser.KeyAst$File:  <unknown>:1#1 
478741     INFO  Test worker     d.u.i.k.n.KeyIO           MODE: declarations took 0 ms 
478741     DEBUG Test worker     d.u.i.k.n.KeyIO           MODE: 2nd degree decls took 0 
483018     INFO  Test worker     d.u.i.k.n.KeyIO           Parsing took 0 ms 
483018     DEBUG Test worker     d.u.i.k.n.KeyIO           Load declarations of de.uka.ilkd.key.nparser.KeyAst$File:  <unknown>:1#1 
483018     INFO  Test worker     d.u.i.k.n.KeyIO           MODE: declarations took 0 ms 
483018     DEBUG Test worker     d.u.i.k.n.KeyIO           MODE: 2nd degree decls took 0 
483018     INFO  Test worker     d.u.i.k.n.KeyIO           Parsing took 0 ms 
483018     DEBUG Test worker     d.u.i.k.n.KeyIO           Load declarations of de.uka.ilkd.key.nparser.KeyAst$File:  <unknown>:1#1 
483018     INFO  Test worker     d.u.i.k.n.KeyIO           MODE: declarations took 0 ms 
483018     DEBUG Test worker     d.u.i.k.n.KeyIO           MODE: 2nd degree decls took 0 
483018     INFO  Test worker     d.u.i.k.n.KeyIO           Parsing took 0 ms 
483034     DEBUG Test worker     d.u.i.k.n.KeyIO           Load declarations of de.uka.ilkd.key.nparser.KeyAst$File:  <unknown>:1#1 
483034     INFO  Test worker     d.u.i.k.n.KeyIO           MODE: declarations took 0 ms 
483034     DEBUG Test worker     d.u.i.k.n.KeyIO           MODE: 2nd degree decls took 0 
483034     INFO  Test worker     d.u.i.k.n.KeyIO           Parsing took 0 ms 
483034     DEBUG Test worker     d.u.i.k.n.KeyIO           Load declarations of de.uka.ilkd.key.nparser.KeyAst$File:  <unknown>:1#1 
483034     INFO  Test worker     d.u.i.k.n.KeyIO           MODE: declarations took 0 ms 
483034     DEBUG Test worker     d.u.i.k.n.KeyIO           MODE: 2nd degree decls took 0 
483034     INFO  Test worker     d.u.i.k.n.KeyIO           Parsing took 0 ms 
483034     DEBUG Test worker     d.u.i.k.n.KeyIO           Load declarations of de.uka.ilkd.key.nparser.KeyAst$File:  <unknown>:1#1 
483034     INFO  Test worker     d.u.i.k.n.KeyIO           MODE: declarations took 0 ms 
483034     DEBUG Test worker     d.u.i.k.n.KeyIO           MODE: 2nd degree decls took 0 
487292     INFO  Test worker     d.u.i.k.n.KeyIO           Parsing took 0 ms 
487292     DEBUG Test worker     d.u.i.k.n.KeyIO           Load declarations of de.uka.ilkd.key.nparser.KeyAst$File:  <unknown>:1#1 
487292     INFO  Test worker     d.u.i.k.n.KeyIO           MODE: declarations took 0 ms 
487292     DEBUG Test worker     d.u.i.k.n.KeyIO           MODE: 2nd degree decls took 0 
487292     INFO  Test worker     d.u.i.k.n.KeyIO           Parsing took 0 ms 
487292     DEBUG Test worker     d.u.i.k.n.KeyIO           Load declarations of de.uka.ilkd.key.nparser.KeyAst$File:  <unknown>:1#1 
487292     INFO  Test worker     d.u.i.k.n.KeyIO           MODE: declarations took 0 ms 
487292     DEBUG Test worker     d.u.i.k.n.KeyIO           MODE: 2nd degree decls took 0 
487292     INFO  Test worker     d.u.i.k.n.KeyIO           Parsing took 0 ms 
487292     DEBUG Test worker     d.u.i.k.n.KeyIO           Load declarations of de.uka.ilkd.key.nparser.KeyAst$File:  <unknown>:1#1 
487308     INFO  Test worker     d.u.i.k.n.KeyIO           MODE: declarations took 16 ms 
487308     DEBUG Test worker     d.u.i.k.n.KeyIO           MODE: 2nd degree decls took 0 
487308     INFO  Test worker     d.u.i.k.n.KeyIO           Parsing took 0 ms 
487308     DEBUG Test worker     d.u.i.k.n.KeyIO           Load declarations of de.uka.ilkd.key.nparser.KeyAst$File:  <unknown>:1#1 
487308     INFO  Test worker     d.u.i.k.n.KeyIO           MODE: declarations took 0 ms 
487308     DEBUG Test worker     d.u.i.k.n.KeyIO           MODE: 2nd degree decls took 0 
487308     INFO  Test worker     d.u.i.k.n.KeyIO           Parsing took 0 ms 
487308     DEBUG Test worker     d.u.i.k.n.KeyIO           Load declarations of de.uka.ilkd.key.nparser.KeyAst$File:  <unknown>:1#1 
487308     INFO  Test worker     d.u.i.k.n.KeyIO           MODE: declarations took 0 ms 
487308     DEBUG Test worker     d.u.i.k.n.KeyIO           MODE: 2nd degree decls took 0 
491760     INFO  Test worker     d.u.i.k.n.KeyIO           Parsing took 0 ms 
491760     DEBUG Test worker     d.u.i.k.n.KeyIO           Load declarations of de.uka.ilkd.key.nparser.KeyAst$File:  <unknown>:1#1 
491760     INFO  Test worker     d.u.i.k.n.KeyIO           MODE: declarations took 0 ms 
491760     DEBUG Test worker     d.u.i.k.n.KeyIO           MODE: 2nd degree decls took 0 
491760     INFO  Test worker     d.u.i.k.n.KeyIO           Parsing took 0 ms 
491760     DEBUG Test worker     d.u.i.k.n.KeyIO           Load declarations of de.uka.ilkd.key.nparser.KeyAst$File:  <unknown>:1#1 
491760     INFO  Test worker     d.u.i.k.n.KeyIO           MODE: declarations took 0 ms 
491760     DEBUG Test worker     d.u.i.k.n.KeyIO           MODE: 2nd degree decls took 0 
491760     INFO  Test worker     d.u.i.k.n.KeyIO           Parsing took 0 ms 
491760     DEBUG Test worker     d.u.i.k.n.KeyIO           Load declarations of de.uka.ilkd.key.nparser.KeyAst$File:  <unknown>:1#1 
491760     INFO  Test worker     d.u.i.k.n.KeyIO           MODE: declarations took 0 ms 
491760     DEBUG Test worker     d.u.i.k.n.KeyIO           MODE: 2nd degree decls took 0 
491760     INFO  Test worker     d.u.i.k.n.KeyIO           Parsing took 0 ms 
491760     DEBUG Test worker     d.u.i.k.n.KeyIO           Load declarations of de.uka.ilkd.key.nparser.KeyAst$File:  <unknown>:1#1 
491760     INFO  Test worker     d.u.i.k.n.KeyIO           MODE: declarations took 0 ms 
491760     DEBUG Test worker     d.u.i.k.n.KeyIO           MODE: 2nd degree decls took 0 
491760     INFO  Test worker     d.u.i.k.n.KeyIO           Parsing took 0 ms 
491760     DEBUG Test worker     d.u.i.k.n.KeyIO           Load declarations of de.uka.ilkd.key.nparser.KeyAst$File:  <unknown>:1#1 
491760     INFO  Test worker     d.u.i.k.n.KeyIO           MODE: declarations took 0 ms 
491760     DEBUG Test worker     d.u.i.k.n.KeyIO           MODE: 2nd degree decls took 0 
496154     INFO  Test worker     d.u.i.k.n.KeyIO           Parsing took 0 ms 
496154     DEBUG Test worker     d.u.i.k.n.KeyIO           Load declarations of de.uka.ilkd.key.nparser.KeyAst$File:  <unknown>:1#1 
496154     INFO  Test worker     d.u.i.k.n.KeyIO           MODE: declarations took 0 ms 
496154     DEBUG Test worker     d.u.i.k.n.KeyIO           MODE: 2nd degree decls took 0 
496154     INFO  Test worker     d.u.i.k.n.KeyIO           Parsing took 0 ms 
496154     DEBUG Test worker     d.u.i.k.n.KeyIO           Load declarations of de.uka.ilkd.key.nparser.KeyAst$File:  <unknown>:1#1 
496154     INFO  Test worker     d.u.i.k.n.KeyIO           MODE: declarations took 0 ms 
496154     DEBUG Test worker     d.u.i.k.n.KeyIO           MODE: 2nd degree decls took 0 
496154     INFO  Test worker     d.u.i.k.n.KeyIO           Parsing took 0 ms 
496154     DEBUG Test worker     d.u.i.k.n.KeyIO           Load declarations of de.uka.ilkd.key.nparser.KeyAst$File:  <unknown>:1#1 
496154     INFO  Test worker     d.u.i.k.n.KeyIO           MODE: declarations took 0 ms 
496154     DEBUG Test worker     d.u.i.k.n.KeyIO           MODE: 2nd degree decls took 0 
496154     INFO  Test worker     d.u.i.k.n.KeyIO           Parsing took 0 ms 
496154     DEBUG Test worker     d.u.i.k.n.KeyIO           Load declarations of de.uka.ilkd.key.nparser.KeyAst$File:  <unknown>:1#1 
496154     INFO  Test worker     d.u.i.k.n.KeyIO           MODE: declarations took 0 ms 
496154     DEBUG Test worker     d.u.i.k.n.KeyIO           MODE: 2nd degree decls took 0 
496154     INFO  Test worker     d.u.i.k.n.KeyIO           Parsing took 0 ms 
496154     DEBUG Test worker     d.u.i.k.n.KeyIO           Load declarations of de.uka.ilkd.key.nparser.KeyAst$File:  <unknown>:1#1 
496154     INFO  Test worker     d.u.i.k.n.KeyIO           MODE: declarations took 0 ms 
496154     DEBUG Test worker     d.u.i.k.n.KeyIO           MODE: 2nd degree decls took 0 
500427     INFO  Test worker     d.u.i.k.n.KeyIO           Parsing took 0 ms 
500427     DEBUG Test worker     d.u.i.k.n.KeyIO           Load declarations of de.uka.ilkd.key.nparser.KeyAst$File:  <unknown>:1#1 
500427     INFO  Test worker     d.u.i.k.n.KeyIO           MODE: declarations took 0 ms 
500427     DEBUG Test worker     d.u.i.k.n.KeyIO           MODE: 2nd degree decls took 0 
500427     INFO  Test worker     d.u.i.k.n.KeyIO           Parsing took 0 ms 
500427     DEBUG Test worker     d.u.i.k.n.KeyIO           Load declarations of de.uka.ilkd.key.nparser.KeyAst$File:  <unknown>:1#1 
500427     INFO  Test worker     d.u.i.k.n.KeyIO           MODE: declarations took 0 ms 
500427     DEBUG Test worker     d.u.i.k.n.KeyIO           MODE: 2nd degree decls took 0 
500427     INFO  Test worker     d.u.i.k.n.KeyIO           Parsing took 0 ms 
500427     DEBUG Test worker     d.u.i.k.n.KeyIO           Load declarations of de.uka.ilkd.key.nparser.KeyAst$File:  <unknown>:1#1 
500427     INFO  Test worker     d.u.i.k.n.KeyIO           MODE: declarations took 0 ms 
500427     DEBUG Test worker     d.u.i.k.n.KeyIO           MODE: 2nd degree decls took 0 
500427     INFO  Test worker     d.u.i.k.n.KeyIO           Parsing took 0 ms 
500427     DEBUG Test worker     d.u.i.k.n.KeyIO           Load declarations of de.uka.ilkd.key.nparser.KeyAst$File:  <unknown>:1#1 
500427     INFO  Test worker     d.u.i.k.n.KeyIO           MODE: declarations took 0 ms 
500427     DEBUG Test worker     d.u.i.k.n.KeyIO           MODE: 2nd degree decls took 0 
500427     INFO  Test worker     d.u.i.k.n.KeyIO           Parsing took 0 ms 
500427     DEBUG Test worker     d.u.i.k.n.KeyIO           Load declarations of de.uka.ilkd.key.nparser.KeyAst$File:  <unknown>:1#1 
500427     INFO  Test worker     d.u.i.k.n.KeyIO           MODE: declarations took 0 ms 
500427     DEBUG Test worker     d.u.i.k.n.KeyIO           MODE: 2nd degree decls took 0 
504685     INFO  Test worker     d.u.i.k.n.KeyIO           Parsing took 0 ms 
504685     DEBUG Test worker     d.u.i.k.n.KeyIO           Load declarations of de.uka.ilkd.key.nparser.KeyAst$File:  <unknown>:1#1 
504685     INFO  Test worker     d.u.i.k.n.KeyIO           MODE: declarations took 0 ms 
504685     DEBUG Test worker     d.u.i.k.n.KeyIO           MODE: 2nd degree decls took 0 
504685     INFO  Test worker     d.u.i.k.n.KeyIO           Parsing took 0 ms 
504685     DEBUG Test worker     d.u.i.k.n.KeyIO           Load declarations of de.uka.ilkd.key.nparser.KeyAst$File:  <unknown>:1#1 
504685     INFO  Test worker     d.u.i.k.n.KeyIO           MODE: declarations took 0 ms 
504685     DEBUG Test worker     d.u.i.k.n.KeyIO           MODE: 2nd degree decls took 0 
504685     INFO  Test worker     d.u.i.k.n.KeyIO           Parsing took 0 ms 
504685     DEBUG Test worker     d.u.i.k.n.KeyIO           Load declarations of de.uka.ilkd.key.nparser.KeyAst$File:  <unknown>:1#1 
504685     INFO  Test worker     d.u.i.k.n.KeyIO           MODE: declarations took 0 ms 
504685     DEBUG Test worker     d.u.i.k.n.KeyIO           MODE: 2nd degree decls took 0 
504685     INFO  Test worker     d.u.i.k.n.KeyIO           Parsing took 0 ms 
504685     DEBUG Test worker     d.u.i.k.n.KeyIO           Load declarations of de.uka.ilkd.key.nparser.KeyAst$File:  <unknown>:1#1 
504685     INFO  Test worker     d.u.i.k.n.KeyIO           MODE: declarations took 0 ms 
504685     DEBUG Test worker     d.u.i.k.n.KeyIO           MODE: 2nd degree decls took 0 
504685     INFO  Test worker     d.u.i.k.n.KeyIO           Parsing took 0 ms 
504685     DEBUG Test worker     d.u.i.k.n.KeyIO           Load declarations of de.uka.ilkd.key.nparser.KeyAst$File:  <unknown>:1#1 
504685     INFO  Test worker     d.u.i.k.n.KeyIO           MODE: declarations took 0 ms 
504685     DEBUG Test worker     d.u.i.k.n.KeyIO           MODE: 2nd degree decls took 0 
508919     INFO  Test worker     d.u.i.k.n.KeyIO           Parsing took 0 ms 
508919     DEBUG Test worker     d.u.i.k.n.KeyIO           Load declarations of de.uka.ilkd.key.nparser.KeyAst$File:  <unknown>:1#1 
508919     INFO  Test worker     d.u.i.k.n.KeyIO           MODE: declarations took 0 ms 
508919     DEBUG Test worker     d.u.i.k.n.KeyIO           MODE: 2nd degree decls took 0 
508919     INFO  Test worker     d.u.i.k.n.KeyIO           Parsing took 0 ms 
508919     DEBUG Test worker     d.u.i.k.n.KeyIO           Load declarations of de.uka.ilkd.key.nparser.KeyAst$File:  <unknown>:1#1 
508919     INFO  Test worker     d.u.i.k.n.KeyIO           MODE: declarations took 0 ms 
508919     DEBUG Test worker     d.u.i.k.n.KeyIO           MODE: 2nd degree decls took 0 
508919     INFO  Test worker     d.u.i.k.n.KeyIO           Parsing took 0 ms 
508919     DEBUG Test worker     d.u.i.k.n.KeyIO           Load declarations of de.uka.ilkd.key.nparser.KeyAst$File:  <unknown>:1#1 
508919     INFO  Test worker     d.u.i.k.n.KeyIO           MODE: declarations took 0 ms 
508919     DEBUG Test worker     d.u.i.k.n.KeyIO           MODE: 2nd degree decls took 0 
508919     INFO  Test worker     d.u.i.k.n.KeyIO           Parsing took 0 ms 
508919     DEBUG Test worker     d.u.i.k.n.KeyIO           Load declarations of de.uka.ilkd.key.nparser.KeyAst$File:  <unknown>:1#1 
508919     INFO  Test worker     d.u.i.k.n.KeyIO           MODE: declarations took 0 ms 
508919     DEBUG Test worker     d.u.i.k.n.KeyIO           MODE: 2nd degree decls took 0 
508919     INFO  Test worker     d.u.i.k.n.KeyIO           Parsing took 0 ms 
508919     DEBUG Test worker     d.u.i.k.n.KeyIO           Load declarations of de.uka.ilkd.key.nparser.KeyAst$File:  <unknown>:1#1 
508935     INFO  Test worker     d.u.i.k.n.KeyIO           MODE: declarations took 16 ms 
508935     DEBUG Test worker     d.u.i.k.n.KeyIO           MODE: 2nd degree decls took 0 
513196     INFO  Test worker     d.u.i.k.n.KeyIO           Parsing took 0 ms 
513196     DEBUG Test worker     d.u.i.k.n.KeyIO           Load declarations of de.uka.ilkd.key.nparser.KeyAst$File:  <unknown>:1#1 
513196     INFO  Test worker     d.u.i.k.n.KeyIO           MODE: declarations took 0 ms 
513196     DEBUG Test worker     d.u.i.k.n.KeyIO           MODE: 2nd degree decls took 0 
513196     INFO  Test worker     d.u.i.k.n.KeyIO           Parsing took 0 ms 
513196     DEBUG Test worker     d.u.i.k.n.KeyIO           Load declarations of de.uka.ilkd.key.nparser.KeyAst$File:  <unknown>:1#1 
513196     INFO  Test worker     d.u.i.k.n.KeyIO           MODE: declarations took 0 ms 
513196     DEBUG Test worker     d.u.i.k.n.KeyIO           MODE: 2nd degree decls took 0 
513196     INFO  Test worker     d.u.i.k.n.KeyIO           Parsing took 0 ms 
513196     DEBUG Test worker     d.u.i.k.n.KeyIO           Load declarations of de.uka.ilkd.key.nparser.KeyAst$File:  <unknown>:1#1 
513196     INFO  Test worker     d.u.i.k.n.KeyIO           MODE: declarations took 0 ms 
513196     DEBUG Test worker     d.u.i.k.n.KeyIO           MODE: 2nd degree decls took 0 
513196     INFO  Test worker     d.u.i.k.n.KeyIO           Parsing took 0 ms 
513196     DEBUG Test worker     d.u.i.k.n.KeyIO           Load declarations of de.uka.ilkd.key.nparser.KeyAst$File:  <unknown>:1#1 
513196     INFO  Test worker     d.u.i.k.n.KeyIO           MODE: declarations took 0 ms 
513196     DEBUG Test worker     d.u.i.k.n.KeyIO           MODE: 2nd degree decls took 0 
513196     INFO  Test worker     d.u.i.k.n.KeyIO           Parsing took 0 ms 
513196     DEBUG Test worker     d.u.i.k.n.KeyIO           Load declarations of de.uka.ilkd.key.nparser.KeyAst$File:  <unknown>:1#1 
513196     INFO  Test worker     d.u.i.k.n.KeyIO           MODE: declarations took 0 ms 
513196     DEBUG Test worker     d.u.i.k.n.KeyIO           MODE: 2nd degree decls took 0 
517459     INFO  Test worker     d.u.i.k.n.KeyIO           Parsing took 0 ms 
517459     DEBUG Test worker     d.u.i.k.n.KeyIO           Load declarations of de.uka.ilkd.key.nparser.KeyAst$File:  <unknown>:1#1 
517459     INFO  Test worker     d.u.i.k.n.KeyIO           MODE: declarations took 0 ms 
517459     DEBUG Test worker     d.u.i.k.n.KeyIO           MODE: 2nd degree decls took 0 
517459     INFO  Test worker     d.u.i.k.n.KeyIO           Parsing took 0 ms 
517459     DEBUG Test worker     d.u.i.k.n.KeyIO           Load declarations of de.uka.ilkd.key.nparser.KeyAst$File:  <unknown>:1#1 
517459     INFO  Test worker     d.u.i.k.n.KeyIO           MODE: declarations took 0 ms 
517459     DEBUG Test worker     d.u.i.k.n.KeyIO           MODE: 2nd degree decls took 0 
517459     INFO  Test worker     d.u.i.k.n.KeyIO           Parsing took 0 ms 
517459     DEBUG Test worker     d.u.i.k.n.KeyIO           Load declarations of de.uka.ilkd.key.nparser.KeyAst$File:  <unknown>:1#1 
517459     INFO  Test worker     d.u.i.k.n.KeyIO           MODE: declarations took 0 ms 
517459     DEBUG Test worker     d.u.i.k.n.KeyIO           MODE: 2nd degree decls took 0 
517459     INFO  Test worker     d.u.i.k.n.KeyIO           Parsing took 0 ms 
517459     DEBUG Test worker     d.u.i.k.n.KeyIO           Load declarations of de.uka.ilkd.key.nparser.KeyAst$File:  <unknown>:1#1 
517459     INFO  Test worker     d.u.i.k.n.KeyIO           MODE: declarations took 0 ms 
517459     DEBUG Test worker     d.u.i.k.n.KeyIO           MODE: 2nd degree decls took 0 
517459     INFO  Test worker     d.u.i.k.n.KeyIO           Parsing took 0 ms 
517459     DEBUG Test worker     d.u.i.k.n.KeyIO           Load declarations of de.uka.ilkd.key.nparser.KeyAst$File:  <unknown>:1#1 
517459     INFO  Test worker     d.u.i.k.n.KeyIO           MODE: declarations took 0 ms 
517459     DEBUG Test worker     d.u.i.k.n.KeyIO           MODE: 2nd degree decls took 0 
521859     INFO  Test worker     d.u.i.k.n.KeyIO           Parsing took 0 ms 
521859     DEBUG Test worker     d.u.i.k.n.KeyIO           Load declarations of de.uka.ilkd.key.nparser.KeyAst$File:  <unknown>:1#1 
521859     INFO  Test worker     d.u.i.k.n.KeyIO           MODE: declarations took 0 ms 
521859     DEBUG Test worker     d.u.i.k.n.KeyIO           MODE: 2nd degree decls took 0 
521859     INFO  Test worker     d.u.i.k.n.KeyIO           Parsing took 0 ms 
521859     DEBUG Test worker     d.u.i.k.n.KeyIO           Load declarations of de.uka.ilkd.key.nparser.KeyAst$File:  <unknown>:1#1 
521859     INFO  Test worker     d.u.i.k.n.KeyIO           MODE: declarations took 0 ms 
521859     DEBUG Test worker     d.u.i.k.n.KeyIO           MODE: 2nd degree decls took 0 
521859     INFO  Test worker     d.u.i.k.n.KeyIO           Parsing took 0 ms 
521859     DEBUG Test worker     d.u.i.k.n.KeyIO           Load declarations of de.uka.ilkd.key.nparser.KeyAst$File:  <unknown>:1#1 
521859     INFO  Test worker     d.u.i.k.n.KeyIO           MODE: declarations took 0 ms 
521859     DEBUG Test worker     d.u.i.k.n.KeyIO           MODE: 2nd degree decls took 0 
521859     INFO  Test worker     d.u.i.k.n.KeyIO           Parsing took 0 ms 
521859     DEBUG Test worker     d.u.i.k.n.KeyIO           Load declarations of de.uka.ilkd.key.nparser.KeyAst$File:  <unknown>:1#1 
521859     INFO  Test worker     d.u.i.k.n.KeyIO           MODE: declarations took 0 ms 
521859     DEBUG Test worker     d.u.i.k.n.KeyIO           MODE: 2nd degree decls took 0 
521859     INFO  Test worker     d.u.i.k.n.KeyIO           Parsing took 0 ms 
521859     DEBUG Test worker     d.u.i.k.n.KeyIO           Load declarations of de.uka.ilkd.key.nparser.KeyAst$File:  <unknown>:1#1 
521859     INFO  Test worker     d.u.i.k.n.KeyIO           MODE: declarations took 0 ms 
521859     DEBUG Test worker     d.u.i.k.n.KeyIO           MODE: 2nd degree decls took 0 
521875     WARN  Test worker     d.u.i.k.n.KeYParser       [syntax-error] null:1:11: mismatched input '@' expecting {'/', ':=', '.', '(', ')', '{', '[', '@', PARALLEL, OR, AND, IMP, '=', NOT_EQUALS, '%', '*', '-', '+', '>', GREATEREQUAL, '<', LESSEQUAL, LGUILLEMETS, EQV} [@11,11:11='@',<153>,1:11] (termEOF) 
526333     INFO  Test worker     d.u.i.k.n.KeyIO           Parsing took 0 ms 
526333     DEBUG Test worker     d.u.i.k.n.KeyIO           Load declarations of de.uka.ilkd.key.nparser.KeyAst$File:  <unknown>:1#1 
526333     INFO  Test worker     d.u.i.k.n.KeyIO           MODE: declarations took 0 ms 
526333     DEBUG Test worker     d.u.i.k.n.KeyIO           MODE: 2nd degree decls took 0 
526333     INFO  Test worker     d.u.i.k.n.KeyIO           Parsing took 0 ms 
526333     DEBUG Test worker     d.u.i.k.n.KeyIO           Load declarations of de.uka.ilkd.key.nparser.KeyAst$File:  <unknown>:1#1 
526333     INFO  Test worker     d.u.i.k.n.KeyIO           MODE: declarations took 0 ms 
526333     DEBUG Test worker     d.u.i.k.n.KeyIO           MODE: 2nd degree decls took 0 
526333     INFO  Test worker     d.u.i.k.n.KeyIO           Parsing took 0 ms 
526333     DEBUG Test worker     d.u.i.k.n.KeyIO           Load declarations of de.uka.ilkd.key.nparser.KeyAst$File:  <unknown>:1#1 
526333     INFO  Test worker     d.u.i.k.n.KeyIO           MODE: declarations took 0 ms 
526333     DEBUG Test worker     d.u.i.k.n.KeyIO           MODE: 2nd degree decls took 0 
526333     INFO  Test worker     d.u.i.k.n.KeyIO           Parsing took 0 ms 
526333     DEBUG Test worker     d.u.i.k.n.KeyIO           Load declarations of de.uka.ilkd.key.nparser.KeyAst$File:  <unknown>:1#1 
526333     INFO  Test worker     d.u.i.k.n.KeyIO           MODE: declarations took 0 ms 
526333     DEBUG Test worker     d.u.i.k.n.KeyIO           MODE: 2nd degree decls took 0 
526333     INFO  Test worker     d.u.i.k.n.KeyIO           Parsing took 0 ms 
526333     DEBUG Test worker     d.u.i.k.n.KeyIO           Load declarations of de.uka.ilkd.key.nparser.KeyAst$File:  <unknown>:1#1 
526333     INFO  Test worker     d.u.i.k.n.KeyIO           MODE: declarations took 0 ms 
526333     DEBUG Test worker     d.u.i.k.n.KeyIO           MODE: 2nd degree decls took 0 
530796     INFO  Test worker     d.u.i.k.n.KeyIO           Parsing took 0 ms 
530796     DEBUG Test worker     d.u.i.k.n.KeyIO           Load declarations of de.uka.ilkd.key.nparser.KeyAst$File:  <unknown>:1#1 
530811     INFO  Test worker     d.u.i.k.n.KeyIO           MODE: declarations took 15 ms 
530811     DEBUG Test worker     d.u.i.k.n.KeyIO           MODE: 2nd degree decls took 0 
530811     INFO  Test worker     d.u.i.k.n.KeyIO           Parsing took 0 ms 
530811     DEBUG Test worker     d.u.i.k.n.KeyIO           Load declarations of de.uka.ilkd.key.nparser.KeyAst$File:  <unknown>:1#1 
530811     INFO  Test worker     d.u.i.k.n.KeyIO           MODE: declarations took 0 ms 
530811     DEBUG Test worker     d.u.i.k.n.KeyIO           MODE: 2nd degree decls took 0 
530811     INFO  Test worker     d.u.i.k.n.KeyIO           Parsing took 0 ms 
530811     DEBUG Test worker     d.u.i.k.n.KeyIO           Load declarations of de.uka.ilkd.key.nparser.KeyAst$File:  <unknown>:1#1 
530811     INFO  Test worker     d.u.i.k.n.KeyIO           MODE: declarations took 0 ms 
530811     DEBUG Test worker     d.u.i.k.n.KeyIO           MODE: 2nd degree decls took 0 
530811     INFO  Test worker     d.u.i.k.n.KeyIO           Parsing took 0 ms 
530811     DEBUG Test worker     d.u.i.k.n.KeyIO           Load declarations of de.uka.ilkd.key.nparser.KeyAst$File:  <unknown>:1#1 
530811     INFO  Test worker     d.u.i.k.n.KeyIO           MODE: declarations took 0 ms 
530811     DEBUG Test worker     d.u.i.k.n.KeyIO           MODE: 2nd degree decls took 0 
530811     INFO  Test worker     d.u.i.k.n.KeyIO           Parsing took 0 ms 
530811     DEBUG Test worker     d.u.i.k.n.KeyIO           Load declarations of de.uka.ilkd.key.nparser.KeyAst$File:  <unknown>:1#1 
530811     INFO  Test worker     d.u.i.k.n.KeyIO           MODE: declarations took 0 ms 
530811     DEBUG Test worker     d.u.i.k.n.KeyIO           MODE: 2nd degree decls took 0 
535243     INFO  Test worker     d.u.i.k.n.KeyIO           Parsing took 0 ms 
535243     DEBUG Test worker     d.u.i.k.n.KeyIO           Load declarations of de.uka.ilkd.key.nparser.KeyAst$File:  <unknown>:1#1 
535243     INFO  Test worker     d.u.i.k.n.KeyIO           MODE: declarations took 0 ms 
535243     DEBUG Test worker     d.u.i.k.n.KeyIO           MODE: 2nd degree decls took 0 
535243     INFO  Test worker     d.u.i.k.n.KeyIO           Parsing took 0 ms 
535243     DEBUG Test worker     d.u.i.k.n.KeyIO           Load declarations of de.uka.ilkd.key.nparser.KeyAst$File:  <unknown>:1#1 
535243     INFO  Test worker     d.u.i.k.n.KeyIO           MODE: declarations took 0 ms 
535243     DEBUG Test worker     d.u.i.k.n.KeyIO           MODE: 2nd degree decls took 0 
535243     INFO  Test worker     d.u.i.k.n.KeyIO           Parsing took 0 ms 
535243     DEBUG Test worker     d.u.i.k.n.KeyIO           Load declarations of de.uka.ilkd.key.nparser.KeyAst$File:  <unknown>:1#1 
535243     INFO  Test worker     d.u.i.k.n.KeyIO           MODE: declarations took 0 ms 
535243     DEBUG Test worker     d.u.i.k.n.KeyIO           MODE: 2nd degree decls took 0 
535243     INFO  Test worker     d.u.i.k.n.KeyIO           Parsing took 0 ms 
535243     DEBUG Test worker     d.u.i.k.n.KeyIO           Load declarations of de.uka.ilkd.key.nparser.KeyAst$File:  <unknown>:1#1 
535243     INFO  Test worker     d.u.i.k.n.KeyIO           MODE: declarations took 0 ms 
535243     DEBUG Test worker     d.u.i.k.n.KeyIO           MODE: 2nd degree decls took 0 
535243     INFO  Test worker     d.u.i.k.n.KeyIO           Parsing took 0 ms 
535243     DEBUG Test worker     d.u.i.k.n.KeyIO           Load declarations of de.uka.ilkd.key.nparser.KeyAst$File:  <unknown>:1#1 
535243     INFO  Test worker     d.u.i.k.n.KeyIO           MODE: declarations took 0 ms 
535243     DEBUG Test worker     d.u.i.k.n.KeyIO           MODE: 2nd degree decls took 0 
539526     INFO  Test worker     d.u.i.k.n.KeyIO           Parsing took 0 ms 
539526     DEBUG Test worker     d.u.i.k.n.KeyIO           Load declarations of de.uka.ilkd.key.nparser.KeyAst$File:  <unknown>:1#1 
539526     INFO  Test worker     d.u.i.k.n.KeyIO           MODE: declarations took 0 ms 
539526     DEBUG Test worker     d.u.i.k.n.KeyIO           MODE: 2nd degree decls took 0 
539526     INFO  Test worker     d.u.i.k.n.KeyIO           Parsing took 0 ms 
539526     DEBUG Test worker     d.u.i.k.n.KeyIO           Load declarations of de.uka.ilkd.key.nparser.KeyAst$File:  <unknown>:1#1 
539526     INFO  Test worker     d.u.i.k.n.KeyIO           MODE: declarations took 0 ms 
539526     DEBUG Test worker     d.u.i.k.n.KeyIO           MODE: 2nd degree decls took 0 
539526     INFO  Test worker     d.u.i.k.n.KeyIO           Parsing took 0 ms 
539526     DEBUG Test worker     d.u.i.k.n.KeyIO           Load declarations of de.uka.ilkd.key.nparser.KeyAst$File:  <unknown>:1#1 
539526     INFO  Test worker     d.u.i.k.n.KeyIO           MODE: declarations took 0 ms 
539526     DEBUG Test worker     d.u.i.k.n.KeyIO           MODE: 2nd degree decls took 0 
539526     INFO  Test worker     d.u.i.k.n.KeyIO           Parsing took 0 ms 
539526     DEBUG Test worker     d.u.i.k.n.KeyIO           Load declarations of de.uka.ilkd.key.nparser.KeyAst$File:  <unknown>:1#1 
539526     INFO  Test worker     d.u.i.k.n.KeyIO           MODE: declarations took 0 ms 
539526     DEBUG Test worker     d.u.i.k.n.KeyIO           MODE: 2nd degree decls took 0 
539526     INFO  Test worker     d.u.i.k.n.KeyIO           Parsing took 0 ms 
539526     DEBUG Test worker     d.u.i.k.n.KeyIO           Load declarations of de.uka.ilkd.key.nparser.KeyAst$File:  <unknown>:1#1 
539526     INFO  Test worker     d.u.i.k.n.KeyIO           MODE: declarations took 0 ms 
539526     DEBUG Test worker     d.u.i.k.n.KeyIO           MODE: 2nd degree decls took 0 
543795     INFO  Test worker     d.u.i.k.n.KeyIO           Parsing took 0 ms 
543795     DEBUG Test worker     d.u.i.k.n.KeyIO           Load declarations of de.uka.ilkd.key.nparser.KeyAst$File:  <unknown>:1#1 
543795     INFO  Test worker     d.u.i.k.n.KeyIO           MODE: declarations took 0 ms 
543795     DEBUG Test worker     d.u.i.k.n.KeyIO           MODE: 2nd degree decls took 0 
543795     INFO  Test worker     d.u.i.k.n.KeyIO           Parsing took 0 ms 
543795     DEBUG Test worker     d.u.i.k.n.KeyIO           Load declarations of de.uka.ilkd.key.nparser.KeyAst$File:  <unknown>:1#1 
543795     INFO  Test worker     d.u.i.k.n.KeyIO           MODE: declarations took 0 ms 
543795     DEBUG Test worker     d.u.i.k.n.KeyIO           MODE: 2nd degree decls took 0 
543795     INFO  Test worker     d.u.i.k.n.KeyIO           Parsing took 0 ms 
543795     DEBUG Test worker     d.u.i.k.n.KeyIO           Load declarations of de.uka.ilkd.key.nparser.KeyAst$File:  <unknown>:1#1 
543795     INFO  Test worker     d.u.i.k.n.KeyIO           MODE: declarations took 0 ms 
543795     DEBUG Test worker     d.u.i.k.n.KeyIO           MODE: 2nd degree decls took 0 
543795     INFO  Test worker     d.u.i.k.n.KeyIO           Parsing took 0 ms 
543795     DEBUG Test worker     d.u.i.k.n.KeyIO           Load declarations of de.uka.ilkd.key.nparser.KeyAst$File:  <unknown>:1#1 
543795     INFO  Test worker     d.u.i.k.n.KeyIO           MODE: declarations took 0 ms 
543795     DEBUG Test worker     d.u.i.k.n.KeyIO           MODE: 2nd degree decls took 0 
543795     INFO  Test worker     d.u.i.k.n.KeyIO           Parsing took 0 ms 
543795     DEBUG Test worker     d.u.i.k.n.KeyIO           Load declarations of de.uka.ilkd.key.nparser.KeyAst$File:  <unknown>:1#1 
543795     INFO  Test worker     d.u.i.k.n.KeyIO           MODE: declarations took 0 ms 
543795     DEBUG Test worker     d.u.i.k.n.KeyIO           MODE: 2nd degree decls took 0 
547944     INFO  Test worker     d.u.i.k.n.KeyIO           Parsing took 0 ms 
547944     DEBUG Test worker     d.u.i.k.n.KeyIO           Load declarations of de.uka.ilkd.key.nparser.KeyAst$File:  <unknown>:1#1 
547944     INFO  Test worker     d.u.i.k.n.KeyIO           MODE: declarations took 0 ms 
547944     DEBUG Test worker     d.u.i.k.n.KeyIO           MODE: 2nd degree decls took 0 
547944     INFO  Test worker     d.u.i.k.n.KeyIO           Parsing took 0 ms 
547944     DEBUG Test worker     d.u.i.k.n.KeyIO           Load declarations of de.uka.ilkd.key.nparser.KeyAst$File:  <unknown>:1#1 
547944     INFO  Test worker     d.u.i.k.n.KeyIO           MODE: declarations took 0 ms 
547944     DEBUG Test worker     d.u.i.k.n.KeyIO           MODE: 2nd degree decls took 0 
547944     INFO  Test worker     d.u.i.k.n.KeyIO           Parsing took 0 ms 
547944     DEBUG Test worker     d.u.i.k.n.KeyIO           Load declarations of de.uka.ilkd.key.nparser.KeyAst$File:  <unknown>:1#1 
547944     INFO  Test worker     d.u.i.k.n.KeyIO           MODE: declarations took 0 ms 
547944     DEBUG Test worker     d.u.i.k.n.KeyIO           MODE: 2nd degree decls took 0 
547944     INFO  Test worker     d.u.i.k.n.KeyIO           Parsing took 0 ms 
547944     DEBUG Test worker     d.u.i.k.n.KeyIO           Load declarations of de.uka.ilkd.key.nparser.KeyAst$File:  <unknown>:1#1 
547944     INFO  Test worker     d.u.i.k.n.KeyIO           MODE: declarations took 0 ms 
547944     DEBUG Test worker     d.u.i.k.n.KeyIO           MODE: 2nd degree decls took 0 
547944     INFO  Test worker     d.u.i.k.n.KeyIO           Parsing took 0 ms 
547944     DEBUG Test worker     d.u.i.k.n.KeyIO           Load declarations of de.uka.ilkd.key.nparser.KeyAst$File:  <unknown>:1#1 
547944     INFO  Test worker     d.u.i.k.n.KeyIO           MODE: declarations took 0 ms 
547944     DEBUG Test worker     d.u.i.k.n.KeyIO           MODE: 2nd degree decls took 0 
552357     INFO  Test worker     d.u.i.k.n.KeyIO           Parsing took 0 ms 
552357     DEBUG Test worker     d.u.i.k.n.KeyIO           Load declarations of de.uka.ilkd.key.nparser.KeyAst$File:  <unknown>:1#1 
552357     INFO  Test worker     d.u.i.k.n.KeyIO           MODE: declarations took 0 ms 
552357     DEBUG Test worker     d.u.i.k.n.KeyIO           MODE: 2nd degree decls took 0 
552357     INFO  Test worker     d.u.i.k.n.KeyIO           Parsing took 0 ms 
552357     DEBUG Test worker     d.u.i.k.n.KeyIO           Load declarations of de.uka.ilkd.key.nparser.KeyAst$File:  <unknown>:1#1 
552357     INFO  Test worker     d.u.i.k.n.KeyIO           MODE: declarations took 0 ms 
552357     DEBUG Test worker     d.u.i.k.n.KeyIO           MODE: 2nd degree decls took 0 
552357     INFO  Test worker     d.u.i.k.n.KeyIO           Parsing took 0 ms 
552357     DEBUG Test worker     d.u.i.k.n.KeyIO           Load declarations of de.uka.ilkd.key.nparser.KeyAst$File:  <unknown>:1#1 
552357     INFO  Test worker     d.u.i.k.n.KeyIO           MODE: declarations took 0 ms 
552357     DEBUG Test worker     d.u.i.k.n.KeyIO           MODE: 2nd degree decls took 0 
552357     INFO  Test worker     d.u.i.k.n.KeyIO           Parsing took 0 ms 
552357     DEBUG Test worker     d.u.i.k.n.KeyIO           Load declarations of de.uka.ilkd.key.nparser.KeyAst$File:  <unknown>:1#1 
552357     INFO  Test worker     d.u.i.k.n.KeyIO           MODE: declarations took 0 ms 
552357     DEBUG Test worker     d.u.i.k.n.KeyIO           MODE: 2nd degree decls took 0 
552357     INFO  Test worker     d.u.i.k.n.KeyIO           Parsing took 0 ms 
552357     DEBUG Test worker     d.u.i.k.n.KeyIO           Load declarations of de.uka.ilkd.key.nparser.KeyAst$File:  <unknown>:1#1 
552357     INFO  Test worker     d.u.i.k.n.KeyIO           MODE: declarations took 0 ms 
552357     DEBUG Test worker     d.u.i.k.n.KeyIO           MODE: 2nd degree decls took 0 
556568     INFO  Test worker     d.u.i.k.n.KeyIO           Parsing took 0 ms 
556568     DEBUG Test worker     d.u.i.k.n.KeyIO           Load declarations of de.uka.ilkd.key.nparser.KeyAst$File:  <unknown>:1#1 
556568     INFO  Test worker     d.u.i.k.n.KeyIO           MODE: declarations took 0 ms 
556568     DEBUG Test worker     d.u.i.k.n.KeyIO           MODE: 2nd degree decls took 0 
556568     INFO  Test worker     d.u.i.k.n.KeyIO           Parsing took 0 ms 
556568     DEBUG Test worker     d.u.i.k.n.KeyIO           Load declarations of de.uka.ilkd.key.nparser.KeyAst$File:  <unknown>:1#1 
556568     INFO  Test worker     d.u.i.k.n.KeyIO           MODE: declarations took 0 ms 
556568     DEBUG Test worker     d.u.i.k.n.KeyIO           MODE: 2nd degree decls took 0 
556568     INFO  Test worker     d.u.i.k.n.KeyIO           Parsing took 0 ms 
556568     DEBUG Test worker     d.u.i.k.n.KeyIO           Load declarations of de.uka.ilkd.key.nparser.KeyAst$File:  <unknown>:1#1 
556568     INFO  Test worker     d.u.i.k.n.KeyIO           MODE: declarations took 0 ms 
556568     DEBUG Test worker     d.u.i.k.n.KeyIO           MODE: 2nd degree decls took 0 
556568     INFO  Test worker     d.u.i.k.n.KeyIO           Parsing took 0 ms 
556568     DEBUG Test worker     d.u.i.k.n.KeyIO           Load declarations of de.uka.ilkd.key.nparser.KeyAst$File:  <unknown>:1#1 
556568     INFO  Test worker     d.u.i.k.n.KeyIO           MODE: declarations took 0 ms 
556568     DEBUG Test worker     d.u.i.k.n.KeyIO           MODE: 2nd degree decls took 0 
556568     INFO  Test worker     d.u.i.k.n.KeyIO           Parsing took 0 ms 
556568     DEBUG Test worker     d.u.i.k.n.KeyIO           Load declarations of de.uka.ilkd.key.nparser.KeyAst$File:  <unknown>:1#1 
556568     INFO  Test worker     d.u.i.k.n.KeyIO           MODE: declarations took 0 ms 
556568     DEBUG Test worker     d.u.i.k.n.KeyIO           MODE: 2nd degree decls took 0 
560770     INFO  Test worker     d.u.i.k.n.KeyIO           Parsing took 0 ms 
560770     DEBUG Test worker     d.u.i.k.n.KeyIO           Load declarations of de.uka.ilkd.key.nparser.KeyAst$File:  <unknown>:1#1 
560770     INFO  Test worker     d.u.i.k.n.KeyIO           MODE: declarations took 0 ms 
560770     DEBUG Test worker     d.u.i.k.n.KeyIO           MODE: 2nd degree decls took 0 
560770     INFO  Test worker     d.u.i.k.n.KeyIO           Parsing took 0 ms 
560770     DEBUG Test worker     d.u.i.k.n.KeyIO           Load declarations of de.uka.ilkd.key.nparser.KeyAst$File:  <unknown>:1#1 
560770     INFO  Test worker     d.u.i.k.n.KeyIO           MODE: declarations took 0 ms 
560770     DEBUG Test worker     d.u.i.k.n.KeyIO           MODE: 2nd degree decls took 0 
560770     INFO  Test worker     d.u.i.k.n.KeyIO           Parsing took 0 ms 
560770     DEBUG Test worker     d.u.i.k.n.KeyIO           Load declarations of de.uka.ilkd.key.nparser.KeyAst$File:  <unknown>:1#1 
560770     INFO  Test worker     d.u.i.k.n.KeyIO           MODE: declarations took 0 ms 
560770     DEBUG Test worker     d.u.i.k.n.KeyIO           MODE: 2nd degree decls took 0 
560770     INFO  Test worker     d.u.i.k.n.KeyIO           Parsing took 0 ms 
560770     DEBUG Test worker     d.u.i.k.n.KeyIO           Load declarations of de.uka.ilkd.key.nparser.KeyAst$File:  <unknown>:1#1 
560770     INFO  Test worker     d.u.i.k.n.KeyIO           MODE: declarations took 0 ms 
560770     DEBUG Test worker     d.u.i.k.n.KeyIO           MODE: 2nd degree decls took 0 
560770     INFO  Test worker     d.u.i.k.n.KeyIO           Parsing took 0 ms 
560770     DEBUG Test worker     d.u.i.k.n.KeyIO           Load declarations of de.uka.ilkd.key.nparser.KeyAst$File:  <unknown>:1#1 
560770     INFO  Test worker     d.u.i.k.n.KeyIO           MODE: declarations took 0 ms 
560770     DEBUG Test worker     d.u.i.k.n.KeyIO           MODE: 2nd degree decls took 0 
564920     INFO  Test worker     d.u.i.k.n.KeyIO           Parsing took 0 ms 
564920     DEBUG Test worker     d.u.i.k.n.KeyIO           Load declarations of de.uka.ilkd.key.nparser.KeyAst$File:  <unknown>:1#1 
564920     INFO  Test worker     d.u.i.k.n.KeyIO           MODE: declarations took 0 ms 
564920     DEBUG Test worker     d.u.i.k.n.KeyIO           MODE: 2nd degree decls took 0 
564920     INFO  Test worker     d.u.i.k.n.KeyIO           Parsing took 0 ms 
564920     DEBUG Test worker     d.u.i.k.n.KeyIO           Load declarations of de.uka.ilkd.key.nparser.KeyAst$File:  <unknown>:1#1 
564920     INFO  Test worker     d.u.i.k.n.KeyIO           MODE: declarations took 0 ms 
564920     DEBUG Test worker     d.u.i.k.n.KeyIO           MODE: 2nd degree decls took 0 
564920     INFO  Test worker     d.u.i.k.n.KeyIO           Parsing took 0 ms 
564920     DEBUG Test worker     d.u.i.k.n.KeyIO           Load declarations of de.uka.ilkd.key.nparser.KeyAst$File:  <unknown>:1#1 
564920     INFO  Test worker     d.u.i.k.n.KeyIO           MODE: declarations took 0 ms 
564920     DEBUG Test worker     d.u.i.k.n.KeyIO           MODE: 2nd degree decls took 0 
564920     INFO  Test worker     d.u.i.k.n.KeyIO           Parsing took 0 ms 
564920     DEBUG Test worker     d.u.i.k.n.KeyIO           Load declarations of de.uka.ilkd.key.nparser.KeyAst$File:  <unknown>:1#1 
564920     INFO  Test worker     d.u.i.k.n.KeyIO           MODE: declarations took 0 ms 
564920     DEBUG Test worker     d.u.i.k.n.KeyIO           MODE: 2nd degree decls took 0 
564920     INFO  Test worker     d.u.i.k.n.KeyIO           Parsing took 0 ms 
564936     DEBUG Test worker     d.u.i.k.n.KeyIO           Load declarations of de.uka.ilkd.key.nparser.KeyAst$File:  <unknown>:1#1 
564936     INFO  Test worker     d.u.i.k.n.KeyIO           MODE: declarations took 0 ms 
564936     DEBUG Test worker     d.u.i.k.n.KeyIO           MODE: 2nd degree decls took 0 
569258     INFO  Test worker     d.u.i.k.n.KeyIO           Parsing took 0 ms 
569258     DEBUG Test worker     d.u.i.k.n.KeyIO           Load declarations of de.uka.ilkd.key.nparser.KeyAst$File:  <unknown>:1#1 
569258     INFO  Test worker     d.u.i.k.n.KeyIO           MODE: declarations took 0 ms 
569258     DEBUG Test worker     d.u.i.k.n.KeyIO           MODE: 2nd degree decls took 0 
569258     INFO  Test worker     d.u.i.k.n.KeyIO           Parsing took 0 ms 
569258     DEBUG Test worker     d.u.i.k.n.KeyIO           Load declarations of de.uka.ilkd.key.nparser.KeyAst$File:  <unknown>:1#1 
569258     INFO  Test worker     d.u.i.k.n.KeyIO           MODE: declarations took 0 ms 
569258     DEBUG Test worker     d.u.i.k.n.KeyIO           MODE: 2nd degree decls took 0 
569258     INFO  Test worker     d.u.i.k.n.KeyIO           Parsing took 0 ms 
569258     DEBUG Test worker     d.u.i.k.n.KeyIO           Load declarations of de.uka.ilkd.key.nparser.KeyAst$File:  <unknown>:1#1 
569258     INFO  Test worker     d.u.i.k.n.KeyIO           MODE: declarations took 0 ms 
569258     DEBUG Test worker     d.u.i.k.n.KeyIO           MODE: 2nd degree decls took 0 
569258     INFO  Test worker     d.u.i.k.n.KeyIO           Parsing took 0 ms 
569258     DEBUG Test worker     d.u.i.k.n.KeyIO           Load declarations of de.uka.ilkd.key.nparser.KeyAst$File:  <unknown>:1#1 
569258     INFO  Test worker     d.u.i.k.n.KeyIO           MODE: declarations took 0 ms 
569258     DEBUG Test worker     d.u.i.k.n.KeyIO           MODE: 2nd degree decls took 0 
569258     INFO  Test worker     d.u.i.k.n.KeyIO           Parsing took 0 ms 
569258     DEBUG Test worker     d.u.i.k.n.KeyIO           Load declarations of de.uka.ilkd.key.nparser.KeyAst$File:  <unknown>:1#1 
569258     INFO  Test worker     d.u.i.k.n.KeyIO           MODE: declarations took 0 ms 
569258     DEBUG Test worker     d.u.i.k.n.KeyIO           MODE: 2nd degree decls took 0 
573575     INFO  Test worker     d.u.i.k.n.KeyIO           Parsing took 0 ms 
573575     DEBUG Test worker     d.u.i.k.n.KeyIO           Load declarations of de.uka.ilkd.key.nparser.KeyAst$File:  <unknown>:1#1 
573575     INFO  Test worker     d.u.i.k.n.KeyIO           MODE: declarations took 0 ms 
573575     DEBUG Test worker     d.u.i.k.n.KeyIO           MODE: 2nd degree decls took 0 
573575     INFO  Test worker     d.u.i.k.n.KeyIO           Parsing took 0 ms 
573575     DEBUG Test worker     d.u.i.k.n.KeyIO           Load declarations of de.uka.ilkd.key.nparser.KeyAst$File:  <unknown>:1#1 
573575     INFO  Test worker     d.u.i.k.n.KeyIO           MODE: declarations took 0 ms 
573575     DEBUG Test worker     d.u.i.k.n.KeyIO           MODE: 2nd degree decls took 0 
573575     INFO  Test worker     d.u.i.k.n.KeyIO           Parsing took 0 ms 
573575     DEBUG Test worker     d.u.i.k.n.KeyIO           Load declarations of de.uka.ilkd.key.nparser.KeyAst$File:  <unknown>:1#1 
573575     INFO  Test worker     d.u.i.k.n.KeyIO           MODE: declarations took 0 ms 
573575     DEBUG Test worker     d.u.i.k.n.KeyIO           MODE: 2nd degree decls took 0 
573575     INFO  Test worker     d.u.i.k.n.KeyIO           Parsing took 0 ms 
573575     DEBUG Test worker     d.u.i.k.n.KeyIO           Load declarations of de.uka.ilkd.key.nparser.KeyAst$File:  <unknown>:1#1 
573575     INFO  Test worker     d.u.i.k.n.KeyIO           MODE: declarations took 0 ms 
573575     DEBUG Test worker     d.u.i.k.n.KeyIO           MODE: 2nd degree decls took 0 
573575     INFO  Test worker     d.u.i.k.n.KeyIO           Parsing took 0 ms 
573575     DEBUG Test worker     d.u.i.k.n.KeyIO           Load declarations of de.uka.ilkd.key.nparser.KeyAst$File:  <unknown>:1#1 
573575     INFO  Test worker     d.u.i.k.n.KeyIO           MODE: declarations took 0 ms 
573575     DEBUG Test worker     d.u.i.k.n.KeyIO           MODE: 2nd degree decls took 0 
577776     INFO  Test worker     d.u.i.k.n.KeyIO           Parsing took 0 ms 
577776     DEBUG Test worker     d.u.i.k.n.KeyIO           Load declarations of de.uka.ilkd.key.nparser.KeyAst$File:  <unknown>:1#1 
577776     INFO  Test worker     d.u.i.k.n.KeyIO           MODE: declarations took 0 ms 
577776     DEBUG Test worker     d.u.i.k.n.KeyIO           MODE: 2nd degree decls took 0 
577776     INFO  Test worker     d.u.i.k.n.KeyIO           Parsing took 0 ms 
577776     DEBUG Test worker     d.u.i.k.n.KeyIO           Load declarations of de.uka.ilkd.key.nparser.KeyAst$File:  <unknown>:1#1 
577776     INFO  Test worker     d.u.i.k.n.KeyIO           MODE: declarations took 0 ms 
577776     DEBUG Test worker     d.u.i.k.n.KeyIO           MODE: 2nd degree decls took 0 
577776     INFO  Test worker     d.u.i.k.n.KeyIO           Parsing took 0 ms 
577776     DEBUG Test worker     d.u.i.k.n.KeyIO           Load declarations of de.uka.ilkd.key.nparser.KeyAst$File:  <unknown>:1#1 
577776     INFO  Test worker     d.u.i.k.n.KeyIO           MODE: declarations took 0 ms 
577776     DEBUG Test worker     d.u.i.k.n.KeyIO           MODE: 2nd degree decls took 0 
577776     INFO  Test worker     d.u.i.k.n.KeyIO           Parsing took 0 ms 
577776     DEBUG Test worker     d.u.i.k.n.KeyIO           Load declarations of de.uka.ilkd.key.nparser.KeyAst$File:  <unknown>:1#1 
577791     INFO  Test worker     d.u.i.k.n.KeyIO           MODE: declarations took 15 ms 
577791     DEBUG Test worker     d.u.i.k.n.KeyIO           MODE: 2nd degree decls took 0 
577791     INFO  Test worker     d.u.i.k.n.KeyIO           Parsing took 0 ms 
577791     DEBUG Test worker     d.u.i.k.n.KeyIO           Load declarations of de.uka.ilkd.key.nparser.KeyAst$File:  <unknown>:1#1 
577791     INFO  Test worker     d.u.i.k.n.KeyIO           MODE: declarations took 0 ms 
577791     DEBUG Test worker     d.u.i.k.n.KeyIO           MODE: 2nd degree decls took 0 
582014     INFO  Test worker     d.u.i.k.n.KeyIO           Parsing took 0 ms 
582014     DEBUG Test worker     d.u.i.k.n.KeyIO           Load declarations of de.uka.ilkd.key.nparser.KeyAst$File:  <unknown>:1#1 
582014     INFO  Test worker     d.u.i.k.n.KeyIO           MODE: declarations took 0 ms 
582014     DEBUG Test worker     d.u.i.k.n.KeyIO           MODE: 2nd degree decls took 0 
582014     INFO  Test worker     d.u.i.k.n.KeyIO           Parsing took 0 ms 
582014     DEBUG Test worker     d.u.i.k.n.KeyIO           Load declarations of de.uka.ilkd.key.nparser.KeyAst$File:  <unknown>:1#1 
582014     INFO  Test worker     d.u.i.k.n.KeyIO           MODE: declarations took 0 ms 
582014     DEBUG Test worker     d.u.i.k.n.KeyIO           MODE: 2nd degree decls took 0 
582014     INFO  Test worker     d.u.i.k.n.KeyIO           Parsing took 0 ms 
582014     DEBUG Test worker     d.u.i.k.n.KeyIO           Load declarations of de.uka.ilkd.key.nparser.KeyAst$File:  <unknown>:1#1 
582014     INFO  Test worker     d.u.i.k.n.KeyIO           MODE: declarations took 0 ms 
582014     DEBUG Test worker     d.u.i.k.n.KeyIO           MODE: 2nd degree decls took 0 
582014     INFO  Test worker     d.u.i.k.n.KeyIO           Parsing took 0 ms 
582014     DEBUG Test worker     d.u.i.k.n.KeyIO           Load declarations of de.uka.ilkd.key.nparser.KeyAst$File:  <unknown>:1#1 
582014     INFO  Test worker     d.u.i.k.n.KeyIO           MODE: declarations took 0 ms 
582014     DEBUG Test worker     d.u.i.k.n.KeyIO           MODE: 2nd degree decls took 0 
582014     INFO  Test worker     d.u.i.k.n.KeyIO           Parsing took 0 ms 
582014     DEBUG Test worker     d.u.i.k.n.KeyIO           Load declarations of de.uka.ilkd.key.nparser.KeyAst$File:  <unknown>:1#1 
582014     INFO  Test worker     d.u.i.k.n.KeyIO           MODE: declarations took 0 ms 
582014     DEBUG Test worker     d.u.i.k.n.KeyIO           MODE: 2nd degree decls took 0 
586266     INFO  Test worker     d.u.i.k.n.KeyIO           Parsing took 0 ms 
586266     DEBUG Test worker     d.u.i.k.n.KeyIO           Load declarations of de.uka.ilkd.key.nparser.KeyAst$File:  <unknown>:1#1 
586266     INFO  Test worker     d.u.i.k.n.KeyIO           MODE: declarations took 0 ms 
586266     DEBUG Test worker     d.u.i.k.n.KeyIO           MODE: 2nd degree decls took 0 
586266     INFO  Test worker     d.u.i.k.n.KeyIO           Parsing took 0 ms 
586266     DEBUG Test worker     d.u.i.k.n.KeyIO           Load declarations of de.uka.ilkd.key.nparser.KeyAst$File:  <unknown>:1#1 
586266     INFO  Test worker     d.u.i.k.n.KeyIO           MODE: declarations took 0 ms 
586266     DEBUG Test worker     d.u.i.k.n.KeyIO           MODE: 2nd degree decls took 0 
586266     INFO  Test worker     d.u.i.k.n.KeyIO           Parsing took 0 ms 
586266     DEBUG Test worker     d.u.i.k.n.KeyIO           Load declarations of de.uka.ilkd.key.nparser.KeyAst$File:  <unknown>:1#1 
586266     INFO  Test worker     d.u.i.k.n.KeyIO           MODE: declarations took 0 ms 
586266     DEBUG Test worker     d.u.i.k.n.KeyIO           MODE: 2nd degree decls took 0 
586266     INFO  Test worker     d.u.i.k.n.KeyIO           Parsing took 0 ms 
586266     DEBUG Test worker     d.u.i.k.n.KeyIO           Load declarations of de.uka.ilkd.key.nparser.KeyAst$File:  <unknown>:1#1 
586266     INFO  Test worker     d.u.i.k.n.KeyIO           MODE: declarations took 0 ms 
586266     DEBUG Test worker     d.u.i.k.n.KeyIO           MODE: 2nd degree decls took 0 
586266     INFO  Test worker     d.u.i.k.n.KeyIO           Parsing took 0 ms 
586266     DEBUG Test worker     d.u.i.k.n.KeyIO           Load declarations of de.uka.ilkd.key.nparser.KeyAst$File:  <unknown>:1#1 
586266     INFO  Test worker     d.u.i.k.n.KeyIO           MODE: declarations took 0 ms 
586266     DEBUG Test worker     d.u.i.k.n.KeyIO           MODE: 2nd degree decls took 0 
590385     INFO  Test worker     d.u.i.k.n.KeyIO           Parsing took 0 ms 
590385     DEBUG Test worker     d.u.i.k.n.KeyIO           Load declarations of de.uka.ilkd.key.nparser.KeyAst$File:  <unknown>:1#1 
590385     INFO  Test worker     d.u.i.k.n.KeyIO           MODE: declarations took 0 ms 
590385     DEBUG Test worker     d.u.i.k.n.KeyIO           MODE: 2nd degree decls took 0 
590385     INFO  Test worker     d.u.i.k.n.KeyIO           Parsing took 0 ms 
590385     DEBUG Test worker     d.u.i.k.n.KeyIO           Load declarations of de.uka.ilkd.key.nparser.KeyAst$File:  <unknown>:1#1 
590385     INFO  Test worker     d.u.i.k.n.KeyIO           MODE: declarations took 0 ms 
590385     DEBUG Test worker     d.u.i.k.n.KeyIO           MODE: 2nd degree decls took 0 
590385     INFO  Test worker     d.u.i.k.n.KeyIO           Parsing took 0 ms 
590385     DEBUG Test worker     d.u.i.k.n.KeyIO           Load declarations of de.uka.ilkd.key.nparser.KeyAst$File:  <unknown>:1#1 
590385     INFO  Test worker     d.u.i.k.n.KeyIO           MODE: declarations took 0 ms 
590385     DEBUG Test worker     d.u.i.k.n.KeyIO           MODE: 2nd degree decls took 0 
590385     INFO  Test worker     d.u.i.k.n.KeyIO           Parsing took 0 ms 
590385     DEBUG Test worker     d.u.i.k.n.KeyIO           Load declarations of de.uka.ilkd.key.nparser.KeyAst$File:  <unknown>:1#1 
590385     INFO  Test worker     d.u.i.k.n.KeyIO           MODE: declarations took 0 ms 
590385     DEBUG Test worker     d.u.i.k.n.KeyIO           MODE: 2nd degree decls took 0 
590385     INFO  Test worker     d.u.i.k.n.KeyIO           Parsing took 0 ms 
590385     DEBUG Test worker     d.u.i.k.n.KeyIO           Load declarations of de.uka.ilkd.key.nparser.KeyAst$File:  <unknown>:1#1 
590385     INFO  Test worker     d.u.i.k.n.KeyIO           MODE: declarations took 0 ms 
590385     DEBUG Test worker     d.u.i.k.n.KeyIO           MODE: 2nd degree decls took 0 
594592     INFO  Test worker     d.u.i.k.n.KeyIO           Parsing took 0 ms 
594592     DEBUG Test worker     d.u.i.k.n.KeyIO           Load declarations of de.uka.ilkd.key.nparser.KeyAst$File:  <unknown>:1#1 
594592     INFO  Test worker     d.u.i.k.n.KeyIO           MODE: declarations took 0 ms 
594592     DEBUG Test worker     d.u.i.k.n.KeyIO           MODE: 2nd degree decls took 0 
594592     INFO  Test worker     d.u.i.k.n.KeyIO           Parsing took 0 ms 
594592     DEBUG Test worker     d.u.i.k.n.KeyIO           Load declarations of de.uka.ilkd.key.nparser.KeyAst$File:  <unknown>:1#1 
594592     INFO  Test worker     d.u.i.k.n.KeyIO           MODE: declarations took 0 ms 
594592     DEBUG Test worker     d.u.i.k.n.KeyIO           MODE: 2nd degree decls took 0 
594592     INFO  Test worker     d.u.i.k.n.KeyIO           Parsing took 0 ms 
594592     DEBUG Test worker     d.u.i.k.n.KeyIO           Load declarations of de.uka.ilkd.key.nparser.KeyAst$File:  <unknown>:1#1 
594592     INFO  Test worker     d.u.i.k.n.KeyIO           MODE: declarations took 0 ms 
594592     DEBUG Test worker     d.u.i.k.n.KeyIO           MODE: 2nd degree decls took 0 
594592     INFO  Test worker     d.u.i.k.n.KeyIO           Parsing took 0 ms 
594592     DEBUG Test worker     d.u.i.k.n.KeyIO           Load declarations of de.uka.ilkd.key.nparser.KeyAst$File:  <unknown>:1#1 
594592     INFO  Test worker     d.u.i.k.n.KeyIO           MODE: declarations took 0 ms 
594592     DEBUG Test worker     d.u.i.k.n.KeyIO           MODE: 2nd degree decls took 0 
594592     INFO  Test worker     d.u.i.k.n.KeyIO           Parsing took 0 ms 
594592     DEBUG Test worker     d.u.i.k.n.KeyIO           Load declarations of de.uka.ilkd.key.nparser.KeyAst$File:  <unknown>:1#1 
594592     INFO  Test worker     d.u.i.k.n.KeyIO           MODE: declarations took 0 ms 
594592     DEBUG Test worker     d.u.i.k.n.KeyIO           MODE: 2nd degree decls took 0 
598866     INFO  Test worker     d.u.i.k.n.KeyIO           Parsing took 0 ms 
598866     DEBUG Test worker     d.u.i.k.n.KeyIO           Load declarations of de.uka.ilkd.key.nparser.KeyAst$File:  <unknown>:1#1 
598866     INFO  Test worker     d.u.i.k.n.KeyIO           MODE: declarations took 0 ms 
598866     DEBUG Test worker     d.u.i.k.n.KeyIO           MODE: 2nd degree decls took 0 
598866     INFO  Test worker     d.u.i.k.n.KeyIO           Parsing took 0 ms 
598866     DEBUG Test worker     d.u.i.k.n.KeyIO           Load declarations of de.uka.ilkd.key.nparser.KeyAst$File:  <unknown>:1#1 
598866     INFO  Test worker     d.u.i.k.n.KeyIO           MODE: declarations took 0 ms 
598866     DEBUG Test worker     d.u.i.k.n.KeyIO           MODE: 2nd degree decls took 0 
598866     INFO  Test worker     d.u.i.k.n.KeyIO           Parsing took 0 ms 
598866     DEBUG Test worker     d.u.i.k.n.KeyIO           Load declarations of de.uka.ilkd.key.nparser.KeyAst$File:  <unknown>:1#1 
598866     INFO  Test worker     d.u.i.k.n.KeyIO           MODE: declarations took 0 ms 
598866     DEBUG Test worker     d.u.i.k.n.KeyIO           MODE: 2nd degree decls took 0 
598866     INFO  Test worker     d.u.i.k.n.KeyIO           Parsing took 0 ms 
598866     DEBUG Test worker     d.u.i.k.n.KeyIO           Load declarations of de.uka.ilkd.key.nparser.KeyAst$File:  <unknown>:1#1 
598866     INFO  Test worker     d.u.i.k.n.KeyIO           MODE: declarations took 0 ms 
598866     DEBUG Test worker     d.u.i.k.n.KeyIO           MODE: 2nd degree decls took 0 
598866     INFO  Test worker     d.u.i.k.n.KeyIO           Parsing took 0 ms 
598866     DEBUG Test worker     d.u.i.k.n.KeyIO           Load declarations of de.uka.ilkd.key.nparser.KeyAst$File:  <unknown>:1#1 
598866     INFO  Test worker     d.u.i.k.n.KeyIO           MODE: declarations took 0 ms 
598866     DEBUG Test worker     d.u.i.k.n.KeyIO           MODE: 2nd degree decls took 0 
603149     INFO  Test worker     d.u.i.k.n.KeyIO           Parsing took 0 ms 
603149     DEBUG Test worker     d.u.i.k.n.KeyIO           Load declarations of de.uka.ilkd.key.nparser.KeyAst$File:  <unknown>:1#1 
603149     INFO  Test worker     d.u.i.k.n.KeyIO           MODE: declarations took 0 ms 
603149     DEBUG Test worker     d.u.i.k.n.KeyIO           MODE: 2nd degree decls took 0 
603149     INFO  Test worker     d.u.i.k.n.KeyIO           Parsing took 0 ms 
603149     DEBUG Test worker     d.u.i.k.n.KeyIO           Load declarations of de.uka.ilkd.key.nparser.KeyAst$File:  <unknown>:1#1 
603149     INFO  Test worker     d.u.i.k.n.KeyIO           MODE: declarations took 0 ms 
603149     DEBUG Test worker     d.u.i.k.n.KeyIO           MODE: 2nd degree decls took 0 
603149     INFO  Test worker     d.u.i.k.n.KeyIO           Parsing took 0 ms 
603149     DEBUG Test worker     d.u.i.k.n.KeyIO           Load declarations of de.uka.ilkd.key.nparser.KeyAst$File:  <unknown>:1#1 
603149     INFO  Test worker     d.u.i.k.n.KeyIO           MODE: declarations took 0 ms 
603149     DEBUG Test worker     d.u.i.k.n.KeyIO           MODE: 2nd degree decls took 0 
603149     INFO  Test worker     d.u.i.k.n.KeyIO           Parsing took 0 ms 
603149     DEBUG Test worker     d.u.i.k.n.KeyIO           Load declarations of de.uka.ilkd.key.nparser.KeyAst$File:  <unknown>:1#1 
603149     INFO  Test worker     d.u.i.k.n.KeyIO           MODE: declarations took 0 ms 
603149     DEBUG Test worker     d.u.i.k.n.KeyIO           MODE: 2nd degree decls took 0 
603149     INFO  Test worker     d.u.i.k.n.KeyIO           Parsing took 0 ms 
603149     DEBUG Test worker     d.u.i.k.n.KeyIO           Load declarations of de.uka.ilkd.key.nparser.KeyAst$File:  <unknown>:1#1 
603149     INFO  Test worker     d.u.i.k.n.KeyIO           MODE: declarations took 0 ms 
603149     DEBUG Test worker     d.u.i.k.n.KeyIO           MODE: 2nd degree decls took 0 
607517     INFO  Test worker     d.u.i.k.n.KeyIO           Parsing took 0 ms 
607517     DEBUG Test worker     d.u.i.k.n.KeyIO           Load declarations of de.uka.ilkd.key.nparser.KeyAst$File:  <unknown>:1#1 
607517     INFO  Test worker     d.u.i.k.n.KeyIO           MODE: declarations took 0 ms 
607517     DEBUG Test worker     d.u.i.k.n.KeyIO           MODE: 2nd degree decls took 0 
607517     INFO  Test worker     d.u.i.k.n.KeyIO           Parsing took 0 ms 
607517     DEBUG Test worker     d.u.i.k.n.KeyIO           Load declarations of de.uka.ilkd.key.nparser.KeyAst$File:  <unknown>:1#1 
607517     INFO  Test worker     d.u.i.k.n.KeyIO           MODE: declarations took 0 ms 
607517     DEBUG Test worker     d.u.i.k.n.KeyIO           MODE: 2nd degree decls took 0 
607517     INFO  Test worker     d.u.i.k.n.KeyIO           Parsing took 0 ms 
607517     DEBUG Test worker     d.u.i.k.n.KeyIO           Load declarations of de.uka.ilkd.key.nparser.KeyAst$File:  <unknown>:1#1 
607517     INFO  Test worker     d.u.i.k.n.KeyIO           MODE: declarations took 0 ms 
607517     DEBUG Test worker     d.u.i.k.n.KeyIO           MODE: 2nd degree decls took 0 
607517     INFO  Test worker     d.u.i.k.n.KeyIO           Parsing took 0 ms 
607517     DEBUG Test worker     d.u.i.k.n.KeyIO           Load declarations of de.uka.ilkd.key.nparser.KeyAst$File:  <unknown>:1#1 
607517     INFO  Test worker     d.u.i.k.n.KeyIO           MODE: declarations took 0 ms 
607517     DEBUG Test worker     d.u.i.k.n.KeyIO           MODE: 2nd degree decls took 0 
607517     INFO  Test worker     d.u.i.k.n.KeyIO           Parsing took 0 ms 
607517     DEBUG Test worker     d.u.i.k.n.KeyIO           Load declarations of de.uka.ilkd.key.nparser.KeyAst$File:  <unknown>:1#1 
607517     INFO  Test worker     d.u.i.k.n.KeyIO           MODE: declarations took 0 ms 
607517     DEBUG Test worker     d.u.i.k.n.KeyIO           MODE: 2nd degree decls took 0 
611872     INFO  Test worker     d.u.i.k.n.KeyIO           Parsing took 0 ms 
611872     DEBUG Test worker     d.u.i.k.n.KeyIO           Load declarations of de.uka.ilkd.key.nparser.KeyAst$File:  <unknown>:1#1 
611872     INFO  Test worker     d.u.i.k.n.KeyIO           MODE: declarations took 0 ms 
611872     DEBUG Test worker     d.u.i.k.n.KeyIO           MODE: 2nd degree decls took 0 
611872     INFO  Test worker     d.u.i.k.n.KeyIO           Parsing took 0 ms 
611872     DEBUG Test worker     d.u.i.k.n.KeyIO           Load declarations of de.uka.ilkd.key.nparser.KeyAst$File:  <unknown>:1#1 
611872     INFO  Test worker     d.u.i.k.n.KeyIO           MODE: declarations took 0 ms 
611872     DEBUG Test worker     d.u.i.k.n.KeyIO           MODE: 2nd degree decls took 0 
611872     INFO  Test worker     d.u.i.k.n.KeyIO           Parsing took 0 ms 
611872     DEBUG Test worker     d.u.i.k.n.KeyIO           Load declarations of de.uka.ilkd.key.nparser.KeyAst$File:  <unknown>:1#1 
611872     INFO  Test worker     d.u.i.k.n.KeyIO           MODE: declarations took 0 ms 
611872     DEBUG Test worker     d.u.i.k.n.KeyIO           MODE: 2nd degree decls took 0 
611872     INFO  Test worker     d.u.i.k.n.KeyIO           Parsing took 0 ms 
611872     DEBUG Test worker     d.u.i.k.n.KeyIO           Load declarations of de.uka.ilkd.key.nparser.KeyAst$File:  <unknown>:1#1 
611872     INFO  Test worker     d.u.i.k.n.KeyIO           MODE: declarations took 0 ms 
611872     DEBUG Test worker     d.u.i.k.n.KeyIO           MODE: 2nd degree decls took 0 
611872     INFO  Test worker     d.u.i.k.n.KeyIO           Parsing took 0 ms 
611872     DEBUG Test worker     d.u.i.k.n.KeyIO           Load declarations of de.uka.ilkd.key.nparser.KeyAst$File:  <unknown>:1#1 
611872     INFO  Test worker     d.u.i.k.n.KeyIO           MODE: declarations took 0 ms 
611872     DEBUG Test worker     d.u.i.k.n.KeyIO           MODE: 2nd degree decls took 0 
616122     INFO  Test worker     d.u.i.k.n.KeyIO           Parsing took 0 ms 
616122     DEBUG Test worker     d.u.i.k.n.KeyIO           Load declarations of de.uka.ilkd.key.nparser.KeyAst$File:  <unknown>:1#1 
616122     INFO  Test worker     d.u.i.k.n.KeyIO           MODE: declarations took 0 ms 
616122     DEBUG Test worker     d.u.i.k.n.KeyIO           MODE: 2nd degree decls took 0 
616122     INFO  Test worker     d.u.i.k.n.KeyIO           Parsing took 0 ms 
616122     DEBUG Test worker     d.u.i.k.n.KeyIO           Load declarations of de.uka.ilkd.key.nparser.KeyAst$File:  <unknown>:1#1 
616122     INFO  Test worker     d.u.i.k.n.KeyIO           MODE: declarations took 0 ms 
616122     DEBUG Test worker     d.u.i.k.n.KeyIO           MODE: 2nd degree decls took 0 
616122     INFO  Test worker     d.u.i.k.n.KeyIO           Parsing took 0 ms 
616122     DEBUG Test worker     d.u.i.k.n.KeyIO           Load declarations of de.uka.ilkd.key.nparser.KeyAst$File:  <unknown>:1#1 
616122     INFO  Test worker     d.u.i.k.n.KeyIO           MODE: declarations took 0 ms 
616122     DEBUG Test worker     d.u.i.k.n.KeyIO           MODE: 2nd degree decls took 0 
616122     INFO  Test worker     d.u.i.k.n.KeyIO           Parsing took 0 ms 
616122     DEBUG Test worker     d.u.i.k.n.KeyIO           Load declarations of de.uka.ilkd.key.nparser.KeyAst$File:  <unknown>:1#1 
616122     INFO  Test worker     d.u.i.k.n.KeyIO           MODE: declarations took 0 ms 
616122     DEBUG Test worker     d.u.i.k.n.KeyIO           MODE: 2nd degree decls took 0 
616122     INFO  Test worker     d.u.i.k.n.KeyIO           Parsing took 0 ms 
616122     DEBUG Test worker     d.u.i.k.n.KeyIO           Load declarations of de.uka.ilkd.key.nparser.KeyAst$File:  <unknown>:1#1 
616122     INFO  Test worker     d.u.i.k.n.KeyIO           MODE: declarations took 0 ms 
616122     DEBUG Test worker     d.u.i.k.n.KeyIO           MODE: 2nd degree decls took 0 
620449     INFO  Test worker     d.u.i.k.n.KeyIO           Parsing took 0 ms 
620449     DEBUG Test worker     d.u.i.k.n.KeyIO           Load declarations of de.uka.ilkd.key.nparser.KeyAst$File:  <unknown>:1#1 
620449     INFO  Test worker     d.u.i.k.n.KeyIO           MODE: declarations took 0 ms 
620449     DEBUG Test worker     d.u.i.k.n.KeyIO           MODE: 2nd degree decls took 0 
620449     INFO  Test worker     d.u.i.k.n.KeyIO           Parsing took 0 ms 
620449     DEBUG Test worker     d.u.i.k.n.KeyIO           Load declarations of de.uka.ilkd.key.nparser.KeyAst$File:  <unknown>:1#1 
620449     INFO  Test worker     d.u.i.k.n.KeyIO           MODE: declarations took 0 ms 
620449     DEBUG Test worker     d.u.i.k.n.KeyIO           MODE: 2nd degree decls took 0 
620449     INFO  Test worker     d.u.i.k.n.KeyIO           Parsing took 0 ms 
620449     DEBUG Test worker     d.u.i.k.n.KeyIO           Load declarations of de.uka.ilkd.key.nparser.KeyAst$File:  <unknown>:1#1 
620449     INFO  Test worker     d.u.i.k.n.KeyIO           MODE: declarations took 0 ms 
620449     DEBUG Test worker     d.u.i.k.n.KeyIO           MODE: 2nd degree decls took 0 
620449     INFO  Test worker     d.u.i.k.n.KeyIO           Parsing took 0 ms 
620449     DEBUG Test worker     d.u.i.k.n.KeyIO           Load declarations of de.uka.ilkd.key.nparser.KeyAst$File:  <unknown>:1#1 
620449     INFO  Test worker     d.u.i.k.n.KeyIO           MODE: declarations took 0 ms 
620449     DEBUG Test worker     d.u.i.k.n.KeyIO           MODE: 2nd degree decls took 0 
620449     INFO  Test worker     d.u.i.k.n.KeyIO           Parsing took 0 ms 
620449     DEBUG Test worker     d.u.i.k.n.KeyIO           Load declarations of de.uka.ilkd.key.nparser.KeyAst$File:  <unknown>:1#1 
620449     INFO  Test worker     d.u.i.k.n.KeyIO           MODE: declarations took 0 ms 
620449     DEBUG Test worker     d.u.i.k.n.KeyIO           MODE: 2nd degree decls took 0 
624799     INFO  Test worker     d.u.i.k.n.KeyIO           Parsing took 0 ms 
624799     DEBUG Test worker     d.u.i.k.n.KeyIO           Load declarations of de.uka.ilkd.key.nparser.KeyAst$File:  <unknown>:1#1 
624799     INFO  Test worker     d.u.i.k.n.KeyIO           MODE: declarations took 0 ms 
624799     DEBUG Test worker     d.u.i.k.n.KeyIO           MODE: 2nd degree decls took 0 
624799     INFO  Test worker     d.u.i.k.n.KeyIO           Parsing took 0 ms 
624799     DEBUG Test worker     d.u.i.k.n.KeyIO           Load declarations of de.uka.ilkd.key.nparser.KeyAst$File:  <unknown>:1#1 
624799     INFO  Test worker     d.u.i.k.n.KeyIO           MODE: declarations took 0 ms 
624799     DEBUG Test worker     d.u.i.k.n.KeyIO           MODE: 2nd degree decls took 0 
624799     INFO  Test worker     d.u.i.k.n.KeyIO           Parsing took 0 ms 
624799     DEBUG Test worker     d.u.i.k.n.KeyIO           Load declarations of de.uka.ilkd.key.nparser.KeyAst$File:  <unknown>:1#1 
624799     INFO  Test worker     d.u.i.k.n.KeyIO           MODE: declarations took 0 ms 
624799     DEBUG Test worker     d.u.i.k.n.KeyIO           MODE: 2nd degree decls took 0 
624799     INFO  Test worker     d.u.i.k.n.KeyIO           Parsing took 0 ms 
624799     DEBUG Test worker     d.u.i.k.n.KeyIO           Load declarations of de.uka.ilkd.key.nparser.KeyAst$File:  <unknown>:1#1 
624799     INFO  Test worker     d.u.i.k.n.KeyIO           MODE: declarations took 0 ms 
624799     DEBUG Test worker     d.u.i.k.n.KeyIO           MODE: 2nd degree decls took 0 
624799     INFO  Test worker     d.u.i.k.n.KeyIO           Parsing took 0 ms 
624799     DEBUG Test worker     d.u.i.k.n.KeyIO           Load declarations of de.uka.ilkd.key.nparser.KeyAst$File:  <unknown>:1#1 
624799     INFO  Test worker     d.u.i.k.n.KeyIO           MODE: declarations took 0 ms 
624799     DEBUG Test worker     d.u.i.k.n.KeyIO           MODE: 2nd degree decls took 0 
]]></system-out>
  <system-err><![CDATA[]]></system-err>
</testsuite>
