<?xml version="1.0" encoding="UTF-8"?>
<testsuite name="de.uka.ilkd.key.logic.TestTermLabelManager" tests="21" skipped="0" failures="0" errors="0" timestamp="2023-06-15T13:08:18" hostname="fv-az456-69" time="86.378">
  <properties/>
  <testcase name="testInstantiateLabels_directChildPolicies_allRules()" classname="de.uka.ilkd.key.logic.TestTermLabelManager" time="6.179"/>
  <testcase name="testInstantiateLabels_childAndGrandchildPolicies_ruleSpecific()" classname="de.uka.ilkd.key.logic.TestTermLabelManager" time="4.21"/>
  <testcase name="testParseLabel()" classname="de.uka.ilkd.key.logic.TestTermLabelManager" time="4.115"/>
  <testcase name="testrefactorGoal_childrenAndGrandchildren_ruleSpecific()" classname="de.uka.ilkd.key.logic.TestTermLabelManager" time="4.23"/>
  <testcase name="testrefactorGoal_directChildren_allRules()" classname="de.uka.ilkd.key.logic.TestTermLabelManager" time="4.68"/>
  <testcase name="testInstantiateLabels_childAndGrandchildPolicies_allRules()" classname="de.uka.ilkd.key.logic.TestTermLabelManager" time="4.507"/>
  <testcase name="testInstantiateLabels_taclet()" classname="de.uka.ilkd.key.logic.TestTermLabelManager" time="4.562"/>
  <testcase name="testrefactorGoal_none_ruleSpecific()" classname="de.uka.ilkd.key.logic.TestTermLabelManager" time="4.571"/>
  <testcase name="testInstantiateLabels_updates_ruleSpecific()" classname="de.uka.ilkd.key.logic.TestTermLabelManager" time="4.694"/>
  <testcase name="testrefactorGoal_sequent_ruleSpecific()" classname="de.uka.ilkd.key.logic.TestTermLabelManager" time="4.58"/>
  <testcase name="testInstantiateLabels_updates_allRules()" classname="de.uka.ilkd.key.logic.TestTermLabelManager" time="4.597"/>
  <testcase name="testrefactorGoal_sequent_allRules()" classname="de.uka.ilkd.key.logic.TestTermLabelManager" time="4.604"/>
  <testcase name="testrefactorGoal_childrenAndGrandchildren_allRules()" classname="de.uka.ilkd.key.logic.TestTermLabelManager" time="4.632"/>
  <testcase name="testGetTermLabelManager()" classname="de.uka.ilkd.key.logic.TestTermLabelManager" time="0.005"/>
  <testcase name="testInstantiateLabels_applicationTermPolicies()" classname="de.uka.ilkd.key.logic.TestTermLabelManager" time="4.578"/>
  <testcase name="testInstantiateLabels_modalityTermPolicies()" classname="de.uka.ilkd.key.logic.TestTermLabelManager" time="4.354"/>
  <testcase name="testrefactorGoal_none_allRules()" classname="de.uka.ilkd.key.logic.TestTermLabelManager" time="4.318"/>
  <testcase name="testInstantiateLabels_null()" classname="de.uka.ilkd.key.logic.TestTermLabelManager" time="0.001"/>
  <testcase name="testrefactorGoal_directChildren_ruleSpecific()" classname="de.uka.ilkd.key.logic.TestTermLabelManager" time="4.303"/>
  <testcase name="testInstantiateLabels_directChildPolicies_ruleSpecific()" classname="de.uka.ilkd.key.logic.TestTermLabelManager" time="4.297"/>
  <testcase name="testGetSupportedTermLabelNames()" classname="de.uka.ilkd.key.logic.TestTermLabelManager" time="4.346"/>
  <system-out><![CDATA[163866     INFO  Test worker     d.u.i.k.p.i.AbstractProblemLoader Loading environment from src\test\resources\testcase\termLabels\flatSteps\FlatSteps.java 
163866     DEBUG Test worker     d.u.i.k.p.i.AbstractProblemLoader Environment load took 1.72ms 
163866     INFO  Test worker     d.u.i.k.p.i.AbstractProblemLoader Creating init config 
164163     DEBUG Test worker     d.u.i.k.j.TypeConverter   No LDT found for Meta 
164163     DEBUG Test worker     d.u.i.k.j.TypeConverter   No LDT found for Meta 
164163     DEBUG Test worker     d.u.i.k.j.TypeConverter   No LDT found for Meta 
164163     DEBUG Test worker     d.u.i.k.j.TypeConverter   No LDT found for Meta 
165313     DEBUG Test worker     d.u.i.k.j.TypeConverter   No LDT found for JavaBigintExpression 
170047     DEBUG Test worker     d.u.i.k.p.i.AbstractProblemLoader Init config took 6.17s 
170047     INFO  Test worker     d.u.i.k.p.i.AbstractProblemLoader Loading environment from src\test\resources\testcase\termLabels\flatSteps\FlatSteps.java 
170047     DEBUG Test worker     d.u.i.k.p.i.AbstractProblemLoader Environment load took 257.7ns 
170062     INFO  Test worker     d.u.i.k.p.i.AbstractProblemLoader Creating init config 
174242     DEBUG Test worker     d.u.i.k.p.i.AbstractProblemLoader Init config took 4.19s 
174257     INFO  Test worker     d.u.i.k.p.i.AbstractProblemLoader Loading environment from src\test\resources\testcase\termLabels\flatSteps\FlatSteps.java 
174257     DEBUG Test worker     d.u.i.k.p.i.AbstractProblemLoader Environment load took 200.9ns 
174257     INFO  Test worker     d.u.i.k.p.i.AbstractProblemLoader Creating init config 
178372     DEBUG Test worker     d.u.i.k.p.i.AbstractProblemLoader Init config took 4.11s 
178372     INFO  Test worker     d.u.i.k.p.i.AbstractProblemLoader Loading environment from src\test\resources\testcase\termLabels\flatSteps\FlatSteps.java 
178372     DEBUG Test worker     d.u.i.k.p.i.AbstractProblemLoader Environment load took 293.2ns 
178388     INFO  Test worker     d.u.i.k.p.i.AbstractProblemLoader Creating init config 
182587     DEBUG Test worker     d.u.i.k.p.i.AbstractProblemLoader Init config took 4.2s 
182602     INFO  Test worker     d.u.i.k.p.i.AbstractProblemLoader Loading environment from src\test\resources\testcase\termLabels\flatSteps\FlatSteps.java 
182602     DEBUG Test worker     d.u.i.k.p.i.AbstractProblemLoader Environment load took 1.57ms 
182602     INFO  Test worker     d.u.i.k.p.i.AbstractProblemLoader Creating init config 
187259     DEBUG Test worker     d.u.i.k.p.i.AbstractProblemLoader Init config took 4.66s 
187287     INFO  Test worker     d.u.i.k.p.i.AbstractProblemLoader Loading environment from src\test\resources\testcase\termLabels\flatSteps\FlatSteps.java 
187287     DEBUG Test worker     d.u.i.k.p.i.AbstractProblemLoader Environment load took 269.2ns 
187287     INFO  Test worker     d.u.i.k.p.i.AbstractProblemLoader Creating init config 
191777     DEBUG Test worker     d.u.i.k.p.i.AbstractProblemLoader Init config took 4.5s 
191792     INFO  Test worker     d.u.i.k.p.i.AbstractProblemLoader Loading environment from src\test\resources\testcase\termLabels\flatSteps\FlatSteps.java 
191792     DEBUG Test worker     d.u.i.k.p.i.AbstractProblemLoader Environment load took 220.7ns 
191792     INFO  Test worker     d.u.i.k.p.i.AbstractProblemLoader Creating init config 
196355     DEBUG Test worker     d.u.i.k.p.i.AbstractProblemLoader Init config took 4.56s 
196355     INFO  Test worker     d.u.i.k.p.i.AbstractProblemLoader Loading environment from src\test\resources\testcase\termLabels\flatSteps\FlatSteps.java 
196355     DEBUG Test worker     d.u.i.k.p.i.AbstractProblemLoader Environment load took 234.2ns 
196370     INFO  Test worker     d.u.i.k.p.i.AbstractProblemLoader Creating init config 
200911     DEBUG Test worker     d.u.i.k.p.i.AbstractProblemLoader Init config took 4.55s 
200927     INFO  Test worker     d.u.i.k.p.i.AbstractProblemLoader Loading environment from src\test\resources\testcase\termLabels\flatSteps\FlatSteps.java 
200927     DEBUG Test worker     d.u.i.k.p.i.AbstractProblemLoader Environment load took 1.22ms 
200927     INFO  Test worker     d.u.i.k.p.i.AbstractProblemLoader Creating init config 
205616     DEBUG Test worker     d.u.i.k.p.i.AbstractProblemLoader Init config took 4.68s 
205623     INFO  Test worker     d.u.i.k.p.i.AbstractProblemLoader Loading environment from src\test\resources\testcase\termLabels\flatSteps\FlatSteps.java 
205625     DEBUG Test worker     d.u.i.k.p.i.AbstractProblemLoader Environment load took 1.79ms 
205626     INFO  Test worker     d.u.i.k.p.i.AbstractProblemLoader Creating init config 
210186     DEBUG Test worker     d.u.i.k.p.i.AbstractProblemLoader Init config took 4.57s 
210202     INFO  Test worker     d.u.i.k.p.i.AbstractProblemLoader Loading environment from src\test\resources\testcase\termLabels\flatSteps\FlatSteps.java 
210202     DEBUG Test worker     d.u.i.k.p.i.AbstractProblemLoader Environment load took 781.1ns 
210202     INFO  Test worker     d.u.i.k.p.i.AbstractProblemLoader Creating init config 
214800     DEBUG Test worker     d.u.i.k.p.i.AbstractProblemLoader Init config took 4.59s 
214815     INFO  Test worker     d.u.i.k.p.i.AbstractProblemLoader Loading environment from src\test\resources\testcase\termLabels\flatSteps\FlatSteps.java 
214815     DEBUG Test worker     d.u.i.k.p.i.AbstractProblemLoader Environment load took 238.7ns 
214815     INFO  Test worker     d.u.i.k.p.i.AbstractProblemLoader Creating init config 
219389     DEBUG Test worker     d.u.i.k.p.i.AbstractProblemLoader Init config took 4.58s 
219404     INFO  Test worker     d.u.i.k.p.i.AbstractProblemLoader Loading environment from src\test\resources\testcase\termLabels\flatSteps\FlatSteps.java 
219404     DEBUG Test worker     d.u.i.k.p.i.AbstractProblemLoader Environment load took 269.6ns 
219404     INFO  Test worker     d.u.i.k.p.i.AbstractProblemLoader Creating init config 
224020     DEBUG Test worker     d.u.i.k.p.i.AbstractProblemLoader Init config took 4.61s 
224051     INFO  Test worker     d.u.i.k.p.i.AbstractProblemLoader Loading environment from src\test\resources\testcase\termLabels\flatSteps\FlatSteps.java 
224051     DEBUG Test worker     d.u.i.k.p.i.AbstractProblemLoader Environment load took 261.7ns 
224051     INFO  Test worker     d.u.i.k.p.i.AbstractProblemLoader Creating init config 
228622     DEBUG Test worker     d.u.i.k.p.i.AbstractProblemLoader Init config took 4.57s 
228622     INFO  Test worker     d.u.i.k.p.i.AbstractProblemLoader Loading environment from src\test\resources\testcase\termLabels\flatSteps\FlatSteps.java 
228622     DEBUG Test worker     d.u.i.k.p.i.AbstractProblemLoader Environment load took 208.1ns 
228622     INFO  Test worker     d.u.i.k.p.i.AbstractProblemLoader Creating init config 
232977     DEBUG Test worker     d.u.i.k.p.i.AbstractProblemLoader Init config took 4.34s 
232977     INFO  Test worker     d.u.i.k.p.i.AbstractProblemLoader Loading environment from src\test\resources\testcase\termLabels\flatSteps\FlatSteps.java 
232977     DEBUG Test worker     d.u.i.k.p.i.AbstractProblemLoader Environment load took 213ns 
232977     INFO  Test worker     d.u.i.k.p.i.AbstractProblemLoader Creating init config 
237279     DEBUG Test worker     d.u.i.k.p.i.AbstractProblemLoader Init config took 4.3s 
237295     INFO  Test worker     d.u.i.k.p.i.AbstractProblemLoader Loading environment from src\test\resources\testcase\termLabels\flatSteps\FlatSteps.java 
237295     DEBUG Test worker     d.u.i.k.p.i.AbstractProblemLoader Environment load took 712.7ns 
237295     INFO  Test worker     d.u.i.k.p.i.AbstractProblemLoader Creating init config 
241585     DEBUG Test worker     d.u.i.k.p.i.AbstractProblemLoader Init config took 4.29s 
241601     INFO  Test worker     d.u.i.k.p.i.AbstractProblemLoader Loading environment from src\test\resources\testcase\termLabels\flatSteps\FlatSteps.java 
241601     DEBUG Test worker     d.u.i.k.p.i.AbstractProblemLoader Environment load took 235.7ns 
241601     INFO  Test worker     d.u.i.k.p.i.AbstractProblemLoader Creating init config 
245899     DEBUG Test worker     d.u.i.k.p.i.AbstractProblemLoader Init config took 4.28s 
245899     INFO  Test worker     d.u.i.k.p.i.AbstractProblemLoader Loading environment from src\test\resources\testcase\termLabels\flatSteps\FlatSteps.java 
245899     DEBUG Test worker     d.u.i.k.p.i.AbstractProblemLoader Environment load took 2.94ms 
245899     INFO  Test worker     d.u.i.k.p.i.AbstractProblemLoader Creating init config 
250230     DEBUG Test worker     d.u.i.k.p.i.AbstractProblemLoader Init config took 4.33s 
]]></system-out>
  <system-err><![CDATA[]]></system-err>
</testsuite>
