<?xml version="1.0" encoding="UTF-8"?>
<testsuite name="de.uka.ilkd.key.parser.TestParser" tests="4" skipped="1" failures="0" errors="0" timestamp="2023-01-31T17:54:23" hostname="fv-az553-898" time="5.664">
  <properties/>
  <testcase name="testGenericSort()" classname="de.uka.ilkd.key.parser.TestParser" time="0.004"/>
  <testcase name="testIssue1566()" classname="de.uka.ilkd.key.parser.TestParser" time="4.595"/>
  <testcase name="testIssue39()" classname="de.uka.ilkd.key.parser.TestParser" time="1.063"/>
  <testcase name="testRelativeInclude()" classname="de.uka.ilkd.key.parser.TestParser" time="0.001">
    <skipped/>
  </testcase>
  <system-out><![CDATA[]]></system-out>
  <system-err><![CDATA[]]></system-err>
</testsuite>
