<?xml version="1.0" encoding="UTF-8"?>
<testsuite name="de.uka.ilkd.key.macros.scripts.ScriptLineParserTest" tests="1" skipped="0" failures="0" errors="0" timestamp="2023-01-31T17:51:58" hostname="fv-az553-898" time="0.001">
  <properties/>
  <testcase name="test()" classname="de.uka.ilkd.key.macros.scripts.ScriptLineParserTest" time="0.001"/>
  <system-out><![CDATA[]]></system-out>
  <system-err><![CDATA[]]></system-err>
</testsuite>
