<?xml version="1.0" encoding="UTF-8"?>
<testsuite name="de.uka.ilkd.key.parser.TestTermParserHeap" tests="39" skipped="0" failures="0" errors="0" timestamp="2023-04-11T15:19:40" hostname="fv-az269-955" time="99.795">
  <properties/>
  <testcase name="testBracketHeapUpdate()" classname="de.uka.ilkd.key.parser.TestTermParserHeap" time="0.024"/>
  <testcase name="testStore()" classname="de.uka.ilkd.key.parser.TestTermParserHeap" time="0.009"/>
  <testcase name="testUnknownConstant()" classname="de.uka.ilkd.key.parser.TestTermParserHeap" time="0.005"/>
  <testcase name="testAllFieldsSelector()" classname="de.uka.ilkd.key.parser.TestTermParserHeap" time="0.003"/>
  <testcase name="testParsePrettyPrintedSelect()" classname="de.uka.ilkd.key.parser.TestTermParserHeap" time="0.106"/>
  <testcase name="testAccessStaticMembers()" classname="de.uka.ilkd.key.parser.TestTermParserHeap" time="0.007"/>
  <testcase name="testAtOperator_1()" classname="de.uka.ilkd.key.parser.TestTermParserHeap" time="0.003"/>
  <testcase name="testAtOperator_2()" classname="de.uka.ilkd.key.parser.TestTermParserHeap" time="0.004"/>
  <testcase name="testAtOperator_3()" classname="de.uka.ilkd.key.parser.TestTermParserHeap" time="0.002"/>
  <testcase name="testAtOperator_4()" classname="de.uka.ilkd.key.parser.TestTermParserHeap" time="0.007"/>
  <testcase name="testAtOperator_5()" classname="de.uka.ilkd.key.parser.TestTermParserHeap" time="0.002"/>
  <testcase name="testAtOperator_6()" classname="de.uka.ilkd.key.parser.TestTermParserHeap" time="0.002"/>
  <testcase name="testAtOperator_7()" classname="de.uka.ilkd.key.parser.TestTermParserHeap" time="0.001"/>
  <testcase name="testAtOperator_8()" classname="de.uka.ilkd.key.parser.TestTermParserHeap" time="0.003"/>
  <testcase name="testVerifyExceptionIfAtOperatorNotPreceededBySelectTerm()" classname="de.uka.ilkd.key.parser.TestTermParserHeap" time="0.002"/>
  <testcase name="testBugResettingCounter()" classname="de.uka.ilkd.key.parser.TestTermParserHeap" time="0.003"/>
  <testcase name="testLocationSets()" classname="de.uka.ilkd.key.parser.TestTermParserHeap" time="0.003"/>
  <testcase name="testQuantifiedSelect()" classname="de.uka.ilkd.key.parser.TestTermParserHeap" time="0.005"/>
  <testcase name="testGenericObjectProperties()" classname="de.uka.ilkd.key.parser.TestTermParserHeap" time="0.003"/>
  <testcase name="testQueryInheritance_1()" classname="de.uka.ilkd.key.parser.TestTermParserHeap" time="0.004"/>
  <testcase name="testQueryInheritance_2()" classname="de.uka.ilkd.key.parser.TestTermParserHeap" time="0.002"/>
  <testcase name="testQueryInheritance_3()" classname="de.uka.ilkd.key.parser.TestTermParserHeap" time="0.004"/>
  <testcase name="testQueryInheritance_4()" classname="de.uka.ilkd.key.parser.TestTermParserHeap" time="0.002"/>
  <testcase name="testQueryInheritance_5()" classname="de.uka.ilkd.key.parser.TestTermParserHeap" time="0.003"/>
  <testcase name="testQueryInheritance_6()" classname="de.uka.ilkd.key.parser.TestTermParserHeap" time="0.003"/>
  <testcase name="testQueryInheritance_7()" classname="de.uka.ilkd.key.parser.TestTermParserHeap" time="0.003"/>
  <testcase name="testQueryInheritance_8()" classname="de.uka.ilkd.key.parser.TestTermParserHeap" time="0.003"/>
  <testcase name="testQueryInheritance_9()" classname="de.uka.ilkd.key.parser.TestTermParserHeap" time="0.003"/>
  <testcase name="testQueryBasic_10()" classname="de.uka.ilkd.key.parser.TestTermParserHeap" time="0.001"/>
  <testcase name="testQueryBasic_11()" classname="de.uka.ilkd.key.parser.TestTermParserHeap" time="0.002"/>
  <testcase name="testQueryBasic_1()" classname="de.uka.ilkd.key.parser.TestTermParserHeap" time="0.001"/>
  <testcase name="testQueryBasic_2()" classname="de.uka.ilkd.key.parser.TestTermParserHeap" time="0.003"/>
  <testcase name="testQueryBasic_3()" classname="de.uka.ilkd.key.parser.TestTermParserHeap" time="0.006"/>
  <testcase name="testQueryBasic_4()" classname="de.uka.ilkd.key.parser.TestTermParserHeap" time="0.004"/>
  <testcase name="testQueryBasic_5()" classname="de.uka.ilkd.key.parser.TestTermParserHeap" time="0.003"/>
  <testcase name="testQueryBasic_6()" classname="de.uka.ilkd.key.parser.TestTermParserHeap" time="0.016"/>
  <testcase name="testQueryBasic_7()" classname="de.uka.ilkd.key.parser.TestTermParserHeap" time="0.003"/>
  <testcase name="testQueryBasic_8()" classname="de.uka.ilkd.key.parser.TestTermParserHeap" time="0.003"/>
  <testcase name="testQueryBasic_9()" classname="de.uka.ilkd.key.parser.TestTermParserHeap" time="0.004"/>
  <system-out><![CDATA[282230     INFO  Test worker     d.u.i.k.n.KeyIO           Parsing took 0 ms 
282230     INFO  Test worker     d.u.i.k.n.KeyIO           MODE: declarations took 0 ms 
282230     INFO  Test worker     d.u.i.k.n.KeyIO           Parsing took 0 ms 
282230     INFO  Test worker     d.u.i.k.n.KeyIO           MODE: declarations took 0 ms 
282230     INFO  Test worker     d.u.i.k.n.KeyIO           Parsing took 0 ms 
282230     INFO  Test worker     d.u.i.k.n.KeyIO           MODE: declarations took 0 ms 
282230     INFO  Test worker     d.u.i.k.n.KeyIO           Parsing took 0 ms 
282230     INFO  Test worker     d.u.i.k.n.KeyIO           MODE: declarations took 0 ms 
282230     INFO  Test worker     d.u.i.k.n.KeyIO           Parsing took 0 ms 
282246     INFO  Test worker     d.u.i.k.n.KeyIO           MODE: declarations took 0 ms 
284982     INFO  Test worker     d.u.i.k.n.KeyIO           Parsing took 0 ms 
284982     INFO  Test worker     d.u.i.k.n.KeyIO           MODE: declarations took 0 ms 
284982     INFO  Test worker     d.u.i.k.n.KeyIO           Parsing took 0 ms 
284982     INFO  Test worker     d.u.i.k.n.KeyIO           MODE: declarations took 0 ms 
284982     INFO  Test worker     d.u.i.k.n.KeyIO           Parsing took 0 ms 
284982     INFO  Test worker     d.u.i.k.n.KeyIO           MODE: declarations took 0 ms 
284982     INFO  Test worker     d.u.i.k.n.KeyIO           Parsing took 0 ms 
284982     INFO  Test worker     d.u.i.k.n.KeyIO           MODE: declarations took 0 ms 
284982     INFO  Test worker     d.u.i.k.n.KeyIO           Parsing took 0 ms 
284982     INFO  Test worker     d.u.i.k.n.KeyIO           MODE: declarations took 0 ms 
287655     INFO  Test worker     d.u.i.k.n.KeyIO           Parsing took 0 ms 
287655     INFO  Test worker     d.u.i.k.n.KeyIO           MODE: declarations took 0 ms 
287655     INFO  Test worker     d.u.i.k.n.KeyIO           Parsing took 0 ms 
287655     INFO  Test worker     d.u.i.k.n.KeyIO           MODE: declarations took 0 ms 
287655     INFO  Test worker     d.u.i.k.n.KeyIO           Parsing took 0 ms 
287655     INFO  Test worker     d.u.i.k.n.KeyIO           MODE: declarations took 0 ms 
287655     INFO  Test worker     d.u.i.k.n.KeyIO           Parsing took 0 ms 
287655     INFO  Test worker     d.u.i.k.n.KeyIO           MODE: declarations took 0 ms 
287655     INFO  Test worker     d.u.i.k.n.KeyIO           Parsing took 0 ms 
287655     INFO  Test worker     d.u.i.k.n.KeyIO           MODE: declarations took 0 ms 
287655     INFO  Test worker     d.u.i.k.n.KeyIO           Parsing took 0 ms 
287655     INFO  Test worker     d.u.i.k.n.KeyIO           MODE: declarations took 0 ms 
290375     INFO  Test worker     d.u.i.k.n.KeyIO           Parsing took 15 ms 
290375     INFO  Test worker     d.u.i.k.n.KeyIO           MODE: declarations took 0 ms 
290375     INFO  Test worker     d.u.i.k.n.KeyIO           Parsing took 0 ms 
290375     INFO  Test worker     d.u.i.k.n.KeyIO           MODE: declarations took 0 ms 
290375     INFO  Test worker     d.u.i.k.n.KeyIO           Parsing took 0 ms 
290375     INFO  Test worker     d.u.i.k.n.KeyIO           MODE: declarations took 0 ms 
290375     INFO  Test worker     d.u.i.k.n.KeyIO           Parsing took 0 ms 
290375     INFO  Test worker     d.u.i.k.n.KeyIO           MODE: declarations took 0 ms 
290375     INFO  Test worker     d.u.i.k.n.KeyIO           Parsing took 0 ms 
290375     INFO  Test worker     d.u.i.k.n.KeyIO           MODE: declarations took 0 ms 
293143     INFO  Test worker     d.u.i.k.n.KeyIO           Parsing took 0 ms 
293174     INFO  Test worker     d.u.i.k.n.KeyIO           MODE: declarations took 0 ms 
293190     INFO  Test worker     d.u.i.k.n.KeyIO           Parsing took 0 ms 
293205     INFO  Test worker     d.u.i.k.n.KeyIO           MODE: declarations took 0 ms 
293205     INFO  Test worker     d.u.i.k.n.KeyIO           Parsing took 0 ms 
293236     INFO  Test worker     d.u.i.k.n.KeyIO           MODE: declarations took 0 ms 
293236     INFO  Test worker     d.u.i.k.n.KeyIO           Parsing took 0 ms 
293236     INFO  Test worker     d.u.i.k.n.KeyIO           MODE: declarations took 0 ms 
293236     INFO  Test worker     d.u.i.k.n.KeyIO           Parsing took 0 ms 
293236     INFO  Test worker     d.u.i.k.n.KeyIO           MODE: declarations took 0 ms 
295925     INFO  Test worker     d.u.i.k.n.KeyIO           Parsing took 0 ms 
295925     INFO  Test worker     d.u.i.k.n.KeyIO           MODE: declarations took 0 ms 
295925     INFO  Test worker     d.u.i.k.n.KeyIO           Parsing took 0 ms 
295925     INFO  Test worker     d.u.i.k.n.KeyIO           MODE: declarations took 0 ms 
295925     INFO  Test worker     d.u.i.k.n.KeyIO           Parsing took 0 ms 
295925     INFO  Test worker     d.u.i.k.n.KeyIO           MODE: declarations took 0 ms 
295925     INFO  Test worker     d.u.i.k.n.KeyIO           Parsing took 0 ms 
295925     INFO  Test worker     d.u.i.k.n.KeyIO           MODE: declarations took 0 ms 
295925     INFO  Test worker     d.u.i.k.n.KeyIO           Parsing took 0 ms 
295925     INFO  Test worker     d.u.i.k.n.KeyIO           MODE: declarations took 0 ms 
298505     INFO  Test worker     d.u.i.k.n.KeyIO           Parsing took 0 ms 
298505     INFO  Test worker     d.u.i.k.n.KeyIO           MODE: declarations took 0 ms 
298505     INFO  Test worker     d.u.i.k.n.KeyIO           Parsing took 0 ms 
298505     INFO  Test worker     d.u.i.k.n.KeyIO           MODE: declarations took 0 ms 
298505     INFO  Test worker     d.u.i.k.n.KeyIO           Parsing took 0 ms 
298505     INFO  Test worker     d.u.i.k.n.KeyIO           MODE: declarations took 0 ms 
298505     INFO  Test worker     d.u.i.k.n.KeyIO           Parsing took 0 ms 
298505     INFO  Test worker     d.u.i.k.n.KeyIO           MODE: declarations took 0 ms 
298505     INFO  Test worker     d.u.i.k.n.KeyIO           Parsing took 0 ms 
298505     INFO  Test worker     d.u.i.k.n.KeyIO           MODE: declarations took 0 ms 
301117     INFO  Test worker     d.u.i.k.n.KeyIO           Parsing took 0 ms 
301117     INFO  Test worker     d.u.i.k.n.KeyIO           MODE: declarations took 0 ms 
301117     INFO  Test worker     d.u.i.k.n.KeyIO           Parsing took 0 ms 
301117     INFO  Test worker     d.u.i.k.n.KeyIO           MODE: declarations took 0 ms 
301117     INFO  Test worker     d.u.i.k.n.KeyIO           Parsing took 0 ms 
301117     INFO  Test worker     d.u.i.k.n.KeyIO           MODE: declarations took 0 ms 
301117     INFO  Test worker     d.u.i.k.n.KeyIO           Parsing took 0 ms 
301117     INFO  Test worker     d.u.i.k.n.KeyIO           MODE: declarations took 0 ms 
301117     INFO  Test worker     d.u.i.k.n.KeyIO           Parsing took 0 ms 
301117     INFO  Test worker     d.u.i.k.n.KeyIO           MODE: declarations took 0 ms 
303712     INFO  Test worker     d.u.i.k.n.KeyIO           Parsing took 0 ms 
303712     INFO  Test worker     d.u.i.k.n.KeyIO           MODE: declarations took 0 ms 
303712     INFO  Test worker     d.u.i.k.n.KeyIO           Parsing took 0 ms 
303712     INFO  Test worker     d.u.i.k.n.KeyIO           MODE: declarations took 0 ms 
303727     INFO  Test worker     d.u.i.k.n.KeyIO           Parsing took 0 ms 
303727     INFO  Test worker     d.u.i.k.n.KeyIO           MODE: declarations took 0 ms 
303727     INFO  Test worker     d.u.i.k.n.KeyIO           Parsing took 0 ms 
303727     INFO  Test worker     d.u.i.k.n.KeyIO           MODE: declarations took 0 ms 
303727     INFO  Test worker     d.u.i.k.n.KeyIO           Parsing took 0 ms 
303727     INFO  Test worker     d.u.i.k.n.KeyIO           MODE: declarations took 0 ms 
306322     INFO  Test worker     d.u.i.k.n.KeyIO           Parsing took 0 ms 
306322     INFO  Test worker     d.u.i.k.n.KeyIO           MODE: declarations took 0 ms 
306322     INFO  Test worker     d.u.i.k.n.KeyIO           Parsing took 0 ms 
306322     INFO  Test worker     d.u.i.k.n.KeyIO           MODE: declarations took 0 ms 
306322     INFO  Test worker     d.u.i.k.n.KeyIO           Parsing took 0 ms 
306322     INFO  Test worker     d.u.i.k.n.KeyIO           MODE: declarations took 0 ms 
306322     INFO  Test worker     d.u.i.k.n.KeyIO           Parsing took 0 ms 
306322     INFO  Test worker     d.u.i.k.n.KeyIO           MODE: declarations took 0 ms 
306322     INFO  Test worker     d.u.i.k.n.KeyIO           Parsing took 0 ms 
306322     INFO  Test worker     d.u.i.k.n.KeyIO           MODE: declarations took 0 ms 
308933     INFO  Test worker     d.u.i.k.n.KeyIO           Parsing took 0 ms 
308933     INFO  Test worker     d.u.i.k.n.KeyIO           MODE: declarations took 0 ms 
308933     INFO  Test worker     d.u.i.k.n.KeyIO           Parsing took 0 ms 
308933     INFO  Test worker     d.u.i.k.n.KeyIO           MODE: declarations took 0 ms 
308933     INFO  Test worker     d.u.i.k.n.KeyIO           Parsing took 0 ms 
308933     INFO  Test worker     d.u.i.k.n.KeyIO           MODE: declarations took 0 ms 
308933     INFO  Test worker     d.u.i.k.n.KeyIO           Parsing took 0 ms 
308933     INFO  Test worker     d.u.i.k.n.KeyIO           MODE: declarations took 0 ms 
308933     INFO  Test worker     d.u.i.k.n.KeyIO           Parsing took 0 ms 
308933     INFO  Test worker     d.u.i.k.n.KeyIO           MODE: declarations took 0 ms 
311529     INFO  Test worker     d.u.i.k.n.KeyIO           Parsing took 0 ms 
311529     INFO  Test worker     d.u.i.k.n.KeyIO           MODE: declarations took 0 ms 
311529     INFO  Test worker     d.u.i.k.n.KeyIO           Parsing took 0 ms 
311529     INFO  Test worker     d.u.i.k.n.KeyIO           MODE: declarations took 0 ms 
311529     INFO  Test worker     d.u.i.k.n.KeyIO           Parsing took 0 ms 
311529     INFO  Test worker     d.u.i.k.n.KeyIO           MODE: declarations took 0 ms 
311529     INFO  Test worker     d.u.i.k.n.KeyIO           Parsing took 0 ms 
311529     INFO  Test worker     d.u.i.k.n.KeyIO           MODE: declarations took 0 ms 
311529     INFO  Test worker     d.u.i.k.n.KeyIO           Parsing took 0 ms 
311529     INFO  Test worker     d.u.i.k.n.KeyIO           MODE: declarations took 0 ms 
314123     INFO  Test worker     d.u.i.k.n.KeyIO           Parsing took 0 ms 
314123     INFO  Test worker     d.u.i.k.n.KeyIO           MODE: declarations took 0 ms 
314123     INFO  Test worker     d.u.i.k.n.KeyIO           Parsing took 0 ms 
314123     INFO  Test worker     d.u.i.k.n.KeyIO           MODE: declarations took 0 ms 
314123     INFO  Test worker     d.u.i.k.n.KeyIO           Parsing took 0 ms 
314123     INFO  Test worker     d.u.i.k.n.KeyIO           MODE: declarations took 0 ms 
314123     INFO  Test worker     d.u.i.k.n.KeyIO           Parsing took 0 ms 
314123     INFO  Test worker     d.u.i.k.n.KeyIO           MODE: declarations took 0 ms 
314123     INFO  Test worker     d.u.i.k.n.KeyIO           Parsing took 0 ms 
314123     INFO  Test worker     d.u.i.k.n.KeyIO           MODE: declarations took 0 ms 
316733     INFO  Test worker     d.u.i.k.n.KeyIO           Parsing took 0 ms 
316733     INFO  Test worker     d.u.i.k.n.KeyIO           MODE: declarations took 0 ms 
316733     INFO  Test worker     d.u.i.k.n.KeyIO           Parsing took 0 ms 
316733     INFO  Test worker     d.u.i.k.n.KeyIO           MODE: declarations took 0 ms 
316733     INFO  Test worker     d.u.i.k.n.KeyIO           Parsing took 0 ms 
316733     INFO  Test worker     d.u.i.k.n.KeyIO           MODE: declarations took 0 ms 
316733     INFO  Test worker     d.u.i.k.n.KeyIO           Parsing took 0 ms 
316733     INFO  Test worker     d.u.i.k.n.KeyIO           MODE: declarations took 0 ms 
316733     INFO  Test worker     d.u.i.k.n.KeyIO           Parsing took 0 ms 
316733     INFO  Test worker     d.u.i.k.n.KeyIO           MODE: declarations took 0 ms 
319312     INFO  Test worker     d.u.i.k.n.KeyIO           Parsing took 0 ms 
319312     INFO  Test worker     d.u.i.k.n.KeyIO           MODE: declarations took 0 ms 
319312     INFO  Test worker     d.u.i.k.n.KeyIO           Parsing took 0 ms 
319312     INFO  Test worker     d.u.i.k.n.KeyIO           MODE: declarations took 0 ms 
319312     INFO  Test worker     d.u.i.k.n.KeyIO           Parsing took 0 ms 
319312     INFO  Test worker     d.u.i.k.n.KeyIO           MODE: declarations took 0 ms 
319312     INFO  Test worker     d.u.i.k.n.KeyIO           Parsing took 0 ms 
319312     INFO  Test worker     d.u.i.k.n.KeyIO           MODE: declarations took 0 ms 
319312     INFO  Test worker     d.u.i.k.n.KeyIO           Parsing took 0 ms 
319312     INFO  Test worker     d.u.i.k.n.KeyIO           MODE: declarations took 0 ms 
319312     WARN  Test worker     d.u.i.k.n.KeYParser       [syntax-error] <unknown>:1:11: mismatched input '@' expecting {'/', ':=', '.', '(', ')', '{', '[', '@', PARALLEL, OR, AND, IMP, '=', NOT_EQUALS, '%', '*', '-', '+', '>', GREATEREQUAL, '<', LESSEQUAL, LGUILLEMETS, EQV} [@11,11:11='@',<154>,1:11] (termEOF) 
321909     INFO  Test worker     d.u.i.k.n.KeyIO           Parsing took 0 ms 
321909     INFO  Test worker     d.u.i.k.n.KeyIO           MODE: declarations took 0 ms 
321909     INFO  Test worker     d.u.i.k.n.KeyIO           Parsing took 0 ms 
321909     INFO  Test worker     d.u.i.k.n.KeyIO           MODE: declarations took 0 ms 
321909     INFO  Test worker     d.u.i.k.n.KeyIO           Parsing took 0 ms 
321909     INFO  Test worker     d.u.i.k.n.KeyIO           MODE: declarations took 0 ms 
321909     INFO  Test worker     d.u.i.k.n.KeyIO           Parsing took 0 ms 
321909     INFO  Test worker     d.u.i.k.n.KeyIO           MODE: declarations took 0 ms 
321909     INFO  Test worker     d.u.i.k.n.KeyIO           Parsing took 0 ms 
321909     INFO  Test worker     d.u.i.k.n.KeyIO           MODE: declarations took 0 ms 
324535     INFO  Test worker     d.u.i.k.n.KeyIO           Parsing took 0 ms 
324535     INFO  Test worker     d.u.i.k.n.KeyIO           MODE: declarations took 0 ms 
324535     INFO  Test worker     d.u.i.k.n.KeyIO           Parsing took 0 ms 
324535     INFO  Test worker     d.u.i.k.n.KeyIO           MODE: declarations took 0 ms 
324535     INFO  Test worker     d.u.i.k.n.KeyIO           Parsing took 0 ms 
324535     INFO  Test worker     d.u.i.k.n.KeyIO           MODE: declarations took 0 ms 
324535     INFO  Test worker     d.u.i.k.n.KeyIO           Parsing took 0 ms 
324535     INFO  Test worker     d.u.i.k.n.KeyIO           MODE: declarations took 0 ms 
324535     INFO  Test worker     d.u.i.k.n.KeyIO           Parsing took 0 ms 
324535     INFO  Test worker     d.u.i.k.n.KeyIO           MODE: declarations took 0 ms 
327129     INFO  Test worker     d.u.i.k.n.KeyIO           Parsing took 0 ms 
327129     INFO  Test worker     d.u.i.k.n.KeyIO           MODE: declarations took 0 ms 
327129     INFO  Test worker     d.u.i.k.n.KeyIO           Parsing took 0 ms 
327129     INFO  Test worker     d.u.i.k.n.KeyIO           MODE: declarations took 0 ms 
327145     INFO  Test worker     d.u.i.k.n.KeyIO           Parsing took 0 ms 
327145     INFO  Test worker     d.u.i.k.n.KeyIO           MODE: declarations took 0 ms 
327145     INFO  Test worker     d.u.i.k.n.KeyIO           Parsing took 0 ms 
327145     INFO  Test worker     d.u.i.k.n.KeyIO           MODE: declarations took 0 ms 
327145     INFO  Test worker     d.u.i.k.n.KeyIO           Parsing took 0 ms 
327145     INFO  Test worker     d.u.i.k.n.KeyIO           MODE: declarations took 0 ms 
329740     INFO  Test worker     d.u.i.k.n.KeyIO           Parsing took 0 ms 
329740     INFO  Test worker     d.u.i.k.n.KeyIO           MODE: declarations took 0 ms 
329740     INFO  Test worker     d.u.i.k.n.KeyIO           Parsing took 0 ms 
329740     INFO  Test worker     d.u.i.k.n.KeyIO           MODE: declarations took 0 ms 
329740     INFO  Test worker     d.u.i.k.n.KeyIO           Parsing took 0 ms 
329740     INFO  Test worker     d.u.i.k.n.KeyIO           MODE: declarations took 0 ms 
329740     INFO  Test worker     d.u.i.k.n.KeyIO           Parsing took 0 ms 
329740     INFO  Test worker     d.u.i.k.n.KeyIO           MODE: declarations took 0 ms 
329740     INFO  Test worker     d.u.i.k.n.KeyIO           Parsing took 0 ms 
329740     INFO  Test worker     d.u.i.k.n.KeyIO           MODE: declarations took 0 ms 
332351     INFO  Test worker     d.u.i.k.n.KeyIO           Parsing took 0 ms 
332351     INFO  Test worker     d.u.i.k.n.KeyIO           MODE: declarations took 0 ms 
332351     INFO  Test worker     d.u.i.k.n.KeyIO           Parsing took 0 ms 
332351     INFO  Test worker     d.u.i.k.n.KeyIO           MODE: declarations took 0 ms 
332351     INFO  Test worker     d.u.i.k.n.KeyIO           Parsing took 0 ms 
332351     INFO  Test worker     d.u.i.k.n.KeyIO           MODE: declarations took 0 ms 
332351     INFO  Test worker     d.u.i.k.n.KeyIO           Parsing took 0 ms 
332351     INFO  Test worker     d.u.i.k.n.KeyIO           MODE: declarations took 0 ms 
332351     INFO  Test worker     d.u.i.k.n.KeyIO           Parsing took 0 ms 
332351     INFO  Test worker     d.u.i.k.n.KeyIO           MODE: declarations took 0 ms 
334946     INFO  Test worker     d.u.i.k.n.KeyIO           Parsing took 0 ms 
334946     INFO  Test worker     d.u.i.k.n.KeyIO           MODE: declarations took 0 ms 
334946     INFO  Test worker     d.u.i.k.n.KeyIO           Parsing took 0 ms 
334946     INFO  Test worker     d.u.i.k.n.KeyIO           MODE: declarations took 0 ms 
334946     INFO  Test worker     d.u.i.k.n.KeyIO           Parsing took 0 ms 
334946     INFO  Test worker     d.u.i.k.n.KeyIO           MODE: declarations took 0 ms 
334946     INFO  Test worker     d.u.i.k.n.KeyIO           Parsing took 0 ms 
334946     INFO  Test worker     d.u.i.k.n.KeyIO           MODE: declarations took 0 ms 
334946     INFO  Test worker     d.u.i.k.n.KeyIO           Parsing took 0 ms 
334946     INFO  Test worker     d.u.i.k.n.KeyIO           MODE: declarations took 0 ms 
337557     INFO  Test worker     d.u.i.k.n.KeyIO           Parsing took 0 ms 
337557     INFO  Test worker     d.u.i.k.n.KeyIO           MODE: declarations took 0 ms 
337557     INFO  Test worker     d.u.i.k.n.KeyIO           Parsing took 0 ms 
337557     INFO  Test worker     d.u.i.k.n.KeyIO           MODE: declarations took 0 ms 
337557     INFO  Test worker     d.u.i.k.n.KeyIO           Parsing took 0 ms 
337557     INFO  Test worker     d.u.i.k.n.KeyIO           MODE: declarations took 0 ms 
337557     INFO  Test worker     d.u.i.k.n.KeyIO           Parsing took 0 ms 
337557     INFO  Test worker     d.u.i.k.n.KeyIO           MODE: declarations took 0 ms 
337557     INFO  Test worker     d.u.i.k.n.KeyIO           Parsing took 0 ms 
337557     INFO  Test worker     d.u.i.k.n.KeyIO           MODE: declarations took 0 ms 
340169     INFO  Test worker     d.u.i.k.n.KeyIO           Parsing took 0 ms 
340169     INFO  Test worker     d.u.i.k.n.KeyIO           MODE: declarations took 0 ms 
340169     INFO  Test worker     d.u.i.k.n.KeyIO           Parsing took 0 ms 
340169     INFO  Test worker     d.u.i.k.n.KeyIO           MODE: declarations took 0 ms 
340169     INFO  Test worker     d.u.i.k.n.KeyIO           Parsing took 0 ms 
340169     INFO  Test worker     d.u.i.k.n.KeyIO           MODE: declarations took 0 ms 
340169     INFO  Test worker     d.u.i.k.n.KeyIO           Parsing took 0 ms 
340169     INFO  Test worker     d.u.i.k.n.KeyIO           MODE: declarations took 0 ms 
340169     INFO  Test worker     d.u.i.k.n.KeyIO           Parsing took 0 ms 
340169     INFO  Test worker     d.u.i.k.n.KeyIO           MODE: declarations took 0 ms 
342843     INFO  Test worker     d.u.i.k.n.KeyIO           Parsing took 0 ms 
342843     INFO  Test worker     d.u.i.k.n.KeyIO           MODE: declarations took 0 ms 
342843     INFO  Test worker     d.u.i.k.n.KeyIO           Parsing took 0 ms 
342843     INFO  Test worker     d.u.i.k.n.KeyIO           MODE: declarations took 0 ms 
342843     INFO  Test worker     d.u.i.k.n.KeyIO           Parsing took 0 ms 
342843     INFO  Test worker     d.u.i.k.n.KeyIO           MODE: declarations took 0 ms 
342843     INFO  Test worker     d.u.i.k.n.KeyIO           Parsing took 0 ms 
342843     INFO  Test worker     d.u.i.k.n.KeyIO           MODE: declarations took 0 ms 
342843     INFO  Test worker     d.u.i.k.n.KeyIO           Parsing took 0 ms 
342843     INFO  Test worker     d.u.i.k.n.KeyIO           MODE: declarations took 0 ms 
345423     INFO  Test worker     d.u.i.k.n.KeyIO           Parsing took 0 ms 
345423     INFO  Test worker     d.u.i.k.n.KeyIO           MODE: declarations took 0 ms 
345423     INFO  Test worker     d.u.i.k.n.KeyIO           Parsing took 0 ms 
345423     INFO  Test worker     d.u.i.k.n.KeyIO           MODE: declarations took 0 ms 
345423     INFO  Test worker     d.u.i.k.n.KeyIO           Parsing took 0 ms 
345423     INFO  Test worker     d.u.i.k.n.KeyIO           MODE: declarations took 0 ms 
345423     INFO  Test worker     d.u.i.k.n.KeyIO           Parsing took 0 ms 
345423     INFO  Test worker     d.u.i.k.n.KeyIO           MODE: declarations took 0 ms 
345423     INFO  Test worker     d.u.i.k.n.KeyIO           Parsing took 0 ms 
345423     INFO  Test worker     d.u.i.k.n.KeyIO           MODE: declarations took 0 ms 
348034     INFO  Test worker     d.u.i.k.n.KeyIO           Parsing took 0 ms 
348034     INFO  Test worker     d.u.i.k.n.KeyIO           MODE: declarations took 0 ms 
348034     INFO  Test worker     d.u.i.k.n.KeyIO           Parsing took 0 ms 
348034     INFO  Test worker     d.u.i.k.n.KeyIO           MODE: declarations took 0 ms 
348050     INFO  Test worker     d.u.i.k.n.KeyIO           Parsing took 16 ms 
348050     INFO  Test worker     d.u.i.k.n.KeyIO           MODE: declarations took 0 ms 
348050     INFO  Test worker     d.u.i.k.n.KeyIO           Parsing took 0 ms 
348050     INFO  Test worker     d.u.i.k.n.KeyIO           MODE: declarations took 0 ms 
348050     INFO  Test worker     d.u.i.k.n.KeyIO           Parsing took 0 ms 
348050     INFO  Test worker     d.u.i.k.n.KeyIO           MODE: declarations took 0 ms 
350660     INFO  Test worker     d.u.i.k.n.KeyIO           Parsing took 0 ms 
350660     INFO  Test worker     d.u.i.k.n.KeyIO           MODE: declarations took 0 ms 
350660     INFO  Test worker     d.u.i.k.n.KeyIO           Parsing took 0 ms 
350660     INFO  Test worker     d.u.i.k.n.KeyIO           MODE: declarations took 0 ms 
350660     INFO  Test worker     d.u.i.k.n.KeyIO           Parsing took 0 ms 
350660     INFO  Test worker     d.u.i.k.n.KeyIO           MODE: declarations took 0 ms 
350660     INFO  Test worker     d.u.i.k.n.KeyIO           Parsing took 0 ms 
350660     INFO  Test worker     d.u.i.k.n.KeyIO           MODE: declarations took 0 ms 
350660     INFO  Test worker     d.u.i.k.n.KeyIO           Parsing took 0 ms 
350660     INFO  Test worker     d.u.i.k.n.KeyIO           MODE: declarations took 0 ms 
353271     INFO  Test worker     d.u.i.k.n.KeyIO           Parsing took 0 ms 
353271     INFO  Test worker     d.u.i.k.n.KeyIO           MODE: declarations took 0 ms 
353271     INFO  Test worker     d.u.i.k.n.KeyIO           Parsing took 0 ms 
353271     INFO  Test worker     d.u.i.k.n.KeyIO           MODE: declarations took 0 ms 
353271     INFO  Test worker     d.u.i.k.n.KeyIO           Parsing took 0 ms 
353271     INFO  Test worker     d.u.i.k.n.KeyIO           MODE: declarations took 0 ms 
353271     INFO  Test worker     d.u.i.k.n.KeyIO           Parsing took 0 ms 
353271     INFO  Test worker     d.u.i.k.n.KeyIO           MODE: declarations took 0 ms 
353271     INFO  Test worker     d.u.i.k.n.KeyIO           Parsing took 0 ms 
353271     INFO  Test worker     d.u.i.k.n.KeyIO           MODE: declarations took 0 ms 
355898     INFO  Test worker     d.u.i.k.n.KeyIO           Parsing took 0 ms 
355898     INFO  Test worker     d.u.i.k.n.KeyIO           MODE: declarations took 0 ms 
355898     INFO  Test worker     d.u.i.k.n.KeyIO           Parsing took 0 ms 
355898     INFO  Test worker     d.u.i.k.n.KeyIO           MODE: declarations took 0 ms 
355898     INFO  Test worker     d.u.i.k.n.KeyIO           Parsing took 0 ms 
355898     INFO  Test worker     d.u.i.k.n.KeyIO           MODE: declarations took 0 ms 
355898     INFO  Test worker     d.u.i.k.n.KeyIO           Parsing took 0 ms 
355898     INFO  Test worker     d.u.i.k.n.KeyIO           MODE: declarations took 0 ms 
355898     INFO  Test worker     d.u.i.k.n.KeyIO           Parsing took 0 ms 
355898     INFO  Test worker     d.u.i.k.n.KeyIO           MODE: declarations took 0 ms 
358523     INFO  Test worker     d.u.i.k.n.KeyIO           Parsing took 0 ms 
358523     INFO  Test worker     d.u.i.k.n.KeyIO           MODE: declarations took 0 ms 
358523     INFO  Test worker     d.u.i.k.n.KeyIO           Parsing took 0 ms 
358523     INFO  Test worker     d.u.i.k.n.KeyIO           MODE: declarations took 0 ms 
358523     INFO  Test worker     d.u.i.k.n.KeyIO           Parsing took 0 ms 
358523     INFO  Test worker     d.u.i.k.n.KeyIO           MODE: declarations took 0 ms 
358523     INFO  Test worker     d.u.i.k.n.KeyIO           Parsing took 0 ms 
358523     INFO  Test worker     d.u.i.k.n.KeyIO           MODE: declarations took 0 ms 
358523     INFO  Test worker     d.u.i.k.n.KeyIO           Parsing took 0 ms 
358523     INFO  Test worker     d.u.i.k.n.KeyIO           MODE: declarations took 0 ms 
361149     INFO  Test worker     d.u.i.k.n.KeyIO           Parsing took 0 ms 
361149     INFO  Test worker     d.u.i.k.n.KeyIO           MODE: declarations took 0 ms 
361149     INFO  Test worker     d.u.i.k.n.KeyIO           Parsing took 0 ms 
361149     INFO  Test worker     d.u.i.k.n.KeyIO           MODE: declarations took 0 ms 
361149     INFO  Test worker     d.u.i.k.n.KeyIO           Parsing took 0 ms 
361149     INFO  Test worker     d.u.i.k.n.KeyIO           MODE: declarations took 0 ms 
361149     INFO  Test worker     d.u.i.k.n.KeyIO           Parsing took 0 ms 
361149     INFO  Test worker     d.u.i.k.n.KeyIO           MODE: declarations took 0 ms 
361149     INFO  Test worker     d.u.i.k.n.KeyIO           Parsing took 0 ms 
361149     INFO  Test worker     d.u.i.k.n.KeyIO           MODE: declarations took 0 ms 
363776     INFO  Test worker     d.u.i.k.n.KeyIO           Parsing took 0 ms 
363776     INFO  Test worker     d.u.i.k.n.KeyIO           MODE: declarations took 0 ms 
363776     INFO  Test worker     d.u.i.k.n.KeyIO           Parsing took 0 ms 
363776     INFO  Test worker     d.u.i.k.n.KeyIO           MODE: declarations took 0 ms 
363776     INFO  Test worker     d.u.i.k.n.KeyIO           Parsing took 0 ms 
363776     INFO  Test worker     d.u.i.k.n.KeyIO           MODE: declarations took 0 ms 
363776     INFO  Test worker     d.u.i.k.n.KeyIO           Parsing took 0 ms 
363776     INFO  Test worker     d.u.i.k.n.KeyIO           MODE: declarations took 0 ms 
363776     INFO  Test worker     d.u.i.k.n.KeyIO           Parsing took 0 ms 
363776     INFO  Test worker     d.u.i.k.n.KeyIO           MODE: declarations took 0 ms 
366371     INFO  Test worker     d.u.i.k.n.KeyIO           Parsing took 0 ms 
366371     INFO  Test worker     d.u.i.k.n.KeyIO           MODE: declarations took 0 ms 
366371     INFO  Test worker     d.u.i.k.n.KeyIO           Parsing took 0 ms 
366371     INFO  Test worker     d.u.i.k.n.KeyIO           MODE: declarations took 0 ms 
366371     INFO  Test worker     d.u.i.k.n.KeyIO           Parsing took 0 ms 
366371     INFO  Test worker     d.u.i.k.n.KeyIO           MODE: declarations took 0 ms 
366371     INFO  Test worker     d.u.i.k.n.KeyIO           Parsing took 0 ms 
366371     INFO  Test worker     d.u.i.k.n.KeyIO           MODE: declarations took 0 ms 
366371     INFO  Test worker     d.u.i.k.n.KeyIO           Parsing took 0 ms 
366386     INFO  Test worker     d.u.i.k.n.KeyIO           MODE: declarations took 15 ms 
368998     INFO  Test worker     d.u.i.k.n.KeyIO           Parsing took 0 ms 
368998     INFO  Test worker     d.u.i.k.n.KeyIO           MODE: declarations took 0 ms 
368998     INFO  Test worker     d.u.i.k.n.KeyIO           Parsing took 0 ms 
368998     INFO  Test worker     d.u.i.k.n.KeyIO           MODE: declarations took 0 ms 
368998     INFO  Test worker     d.u.i.k.n.KeyIO           Parsing took 0 ms 
368998     INFO  Test worker     d.u.i.k.n.KeyIO           MODE: declarations took 0 ms 
368998     INFO  Test worker     d.u.i.k.n.KeyIO           Parsing took 0 ms 
368998     INFO  Test worker     d.u.i.k.n.KeyIO           MODE: declarations took 0 ms 
368998     INFO  Test worker     d.u.i.k.n.KeyIO           Parsing took 0 ms 
368998     INFO  Test worker     d.u.i.k.n.KeyIO           MODE: declarations took 0 ms 
371609     INFO  Test worker     d.u.i.k.n.KeyIO           Parsing took 0 ms 
371609     INFO  Test worker     d.u.i.k.n.KeyIO           MODE: declarations took 0 ms 
371609     INFO  Test worker     d.u.i.k.n.KeyIO           Parsing took 0 ms 
371609     INFO  Test worker     d.u.i.k.n.KeyIO           MODE: declarations took 0 ms 
371609     INFO  Test worker     d.u.i.k.n.KeyIO           Parsing took 0 ms 
371609     INFO  Test worker     d.u.i.k.n.KeyIO           MODE: declarations took 0 ms 
371609     INFO  Test worker     d.u.i.k.n.KeyIO           Parsing took 0 ms 
371609     INFO  Test worker     d.u.i.k.n.KeyIO           MODE: declarations took 0 ms 
371609     INFO  Test worker     d.u.i.k.n.KeyIO           Parsing took 0 ms 
371609     INFO  Test worker     d.u.i.k.n.KeyIO           MODE: declarations took 0 ms 
374203     INFO  Test worker     d.u.i.k.n.KeyIO           Parsing took 0 ms 
374203     INFO  Test worker     d.u.i.k.n.KeyIO           MODE: declarations took 0 ms 
374203     INFO  Test worker     d.u.i.k.n.KeyIO           Parsing took 0 ms 
374203     INFO  Test worker     d.u.i.k.n.KeyIO           MODE: declarations took 0 ms 
374203     INFO  Test worker     d.u.i.k.n.KeyIO           Parsing took 0 ms 
374203     INFO  Test worker     d.u.i.k.n.KeyIO           MODE: declarations took 0 ms 
374219     INFO  Test worker     d.u.i.k.n.KeyIO           Parsing took 16 ms 
374219     INFO  Test worker     d.u.i.k.n.KeyIO           MODE: declarations took 0 ms 
374219     INFO  Test worker     d.u.i.k.n.KeyIO           Parsing took 0 ms 
374219     INFO  Test worker     d.u.i.k.n.KeyIO           MODE: declarations took 0 ms 
376814     INFO  Test worker     d.u.i.k.n.KeyIO           Parsing took 0 ms 
376814     INFO  Test worker     d.u.i.k.n.KeyIO           MODE: declarations took 0 ms 
376814     INFO  Test worker     d.u.i.k.n.KeyIO           Parsing took 0 ms 
376814     INFO  Test worker     d.u.i.k.n.KeyIO           MODE: declarations took 0 ms 
376814     INFO  Test worker     d.u.i.k.n.KeyIO           Parsing took 0 ms 
376814     INFO  Test worker     d.u.i.k.n.KeyIO           MODE: declarations took 0 ms 
376814     INFO  Test worker     d.u.i.k.n.KeyIO           Parsing took 0 ms 
376814     INFO  Test worker     d.u.i.k.n.KeyIO           MODE: declarations took 0 ms 
376814     INFO  Test worker     d.u.i.k.n.KeyIO           Parsing took 0 ms 
376814     INFO  Test worker     d.u.i.k.n.KeyIO           MODE: declarations took 0 ms 
379409     INFO  Test worker     d.u.i.k.n.KeyIO           Parsing took 0 ms 
379409     INFO  Test worker     d.u.i.k.n.KeyIO           MODE: declarations took 0 ms 
379409     INFO  Test worker     d.u.i.k.n.KeyIO           Parsing took 0 ms 
379409     INFO  Test worker     d.u.i.k.n.KeyIO           MODE: declarations took 0 ms 
379409     INFO  Test worker     d.u.i.k.n.KeyIO           Parsing took 0 ms 
379409     INFO  Test worker     d.u.i.k.n.KeyIO           MODE: declarations took 0 ms 
379409     INFO  Test worker     d.u.i.k.n.KeyIO           Parsing took 0 ms 
379409     INFO  Test worker     d.u.i.k.n.KeyIO           MODE: declarations took 0 ms 
379409     INFO  Test worker     d.u.i.k.n.KeyIO           Parsing took 0 ms 
379409     INFO  Test worker     d.u.i.k.n.KeyIO           MODE: declarations took 0 ms 
382021     INFO  Test worker     d.u.i.k.n.KeyIO           Parsing took 0 ms 
382021     INFO  Test worker     d.u.i.k.n.KeyIO           MODE: declarations took 0 ms 
382021     INFO  Test worker     d.u.i.k.n.KeyIO           Parsing took 0 ms 
382021     INFO  Test worker     d.u.i.k.n.KeyIO           MODE: declarations took 0 ms 
382021     INFO  Test worker     d.u.i.k.n.KeyIO           Parsing took 0 ms 
382021     INFO  Test worker     d.u.i.k.n.KeyIO           MODE: declarations took 0 ms 
382021     INFO  Test worker     d.u.i.k.n.KeyIO           Parsing took 0 ms 
382021     INFO  Test worker     d.u.i.k.n.KeyIO           MODE: declarations took 0 ms 
382021     INFO  Test worker     d.u.i.k.n.KeyIO           Parsing took 0 ms 
382021     INFO  Test worker     d.u.i.k.n.KeyIO           MODE: declarations took 0 ms 
]]></system-out>
  <system-err><![CDATA[]]></system-err>
</testsuite>
