<?xml version="1.0" encoding="UTF-8"?>
<testsuite name="de.uka.ilkd.key.parser.TestTermParser" tests="47" skipped="4" failures="0" errors="0" timestamp="2023-04-11T15:19:34" hostname="fv-az269-955" time="3.167">
  <properties/>
  <testcase name="testNotEqual()" classname="de.uka.ilkd.key.parser.TestTermParser" time="0.005"/>
  <testcase name="testProgramVariables()" classname="de.uka.ilkd.key.parser.TestTermParser" time="0.051"/>
  <testcase name="testAttributeWithSpecifiedSortOnObject()" classname="de.uka.ilkd.key.parser.TestTermParser" time="0.015"/>
  <testcase name="testCast()" classname="de.uka.ilkd.key.parser.TestTermParser" time="0.003"/>
  <testcase name="testJavaQueryAndAttribute_all()" classname="de.uka.ilkd.key.parser.TestTermParser" time="0.001">
    <skipped/>
  </testcase>
  <testcase name="test10()" classname="de.uka.ilkd.key.parser.TestTermParser" time="0.01"/>
  <testcase name="test11()" classname="de.uka.ilkd.key.parser.TestTermParser" time="0.005"/>
  <testcase name="test12()" classname="de.uka.ilkd.key.parser.TestTermParser" time="0.001">
    <skipped/>
  </testcase>
  <testcase name="test13()" classname="de.uka.ilkd.key.parser.TestTermParser" time="0.008"/>
  <testcase name="test14()" classname="de.uka.ilkd.key.parser.TestTermParser" time="0.004"/>
  <testcase name="test1a()" classname="de.uka.ilkd.key.parser.TestTermParser" time="0.003"/>
  <testcase name="testJavaAttributeAccess_4()" classname="de.uka.ilkd.key.parser.TestTermParser" time="0.004"/>
  <testcase name="testAttributeOnObject()" classname="de.uka.ilkd.key.parser.TestTermParser" time="0.004"/>
  <testcase name="testNegativeLiteralParsing1()" classname="de.uka.ilkd.key.parser.TestTermParser" time="0.002"/>
  <testcase name="testNegativeLiteralParsing2()" classname="de.uka.ilkd.key.parser.TestTermParser" time="0.001"/>
  <testcase name="testNegativeLiteralParsing3()" classname="de.uka.ilkd.key.parser.TestTermParser" time="0.001"/>
  <testcase name="xtestParsingArrayWithSpaces()" classname="de.uka.ilkd.key.parser.TestTermParser" time="0.0">
    <skipped/>
  </testcase>
  <testcase name="testAmbigiousFuncVarPred()" classname="de.uka.ilkd.key.parser.TestTermParser" time="0.001"/>
  <testcase name="test1()" classname="de.uka.ilkd.key.parser.TestTermParser" time="0.002"/>
  <testcase name="test2()" classname="de.uka.ilkd.key.parser.TestTermParser" time="0.002"/>
  <testcase name="test3()" classname="de.uka.ilkd.key.parser.TestTermParser" time="0.003"/>
  <testcase name="test5()" classname="de.uka.ilkd.key.parser.TestTermParser" time="0.011"/>
  <testcase name="test6()" classname="de.uka.ilkd.key.parser.TestTermParser" time="0.003"/>
  <testcase name="test7()" classname="de.uka.ilkd.key.parser.TestTermParser" time="0.002"/>
  <testcase name="test8()" classname="de.uka.ilkd.key.parser.TestTermParser" time="0.006"/>
  <testcase name="test9()" classname="de.uka.ilkd.key.parser.TestTermParser" time="0.003"/>
  <testcase name="testBindingUpdateTerm()" classname="de.uka.ilkd.key.parser.TestTermParser" time="0.002"/>
  <testcase name="testJavaStaticQuery()" classname="de.uka.ilkd.key.parser.TestTermParser" time="0.004"/>
  <testcase name="testInfix1()" classname="de.uka.ilkd.key.parser.TestTermParser" time="0.001"/>
  <testcase name="testInfix2()" classname="de.uka.ilkd.key.parser.TestTermParser" time="0.004"/>
  <testcase name="testInfix3()" classname="de.uka.ilkd.key.parser.TestTermParser" time="0.002"/>
  <testcase name="testInfix4()" classname="de.uka.ilkd.key.parser.TestTermParser" time="0.002"/>
  <testcase name="testIfThenElse()" classname="de.uka.ilkd.key.parser.TestTermParser" time="0.002"/>
  <testcase name="testJavaAttributeAccessBoth_1()" classname="de.uka.ilkd.key.parser.TestTermParser" time="0.005"/>
  <testcase name="testJavaAttributeAccessBoth_2()" classname="de.uka.ilkd.key.parser.TestTermParser" time="0.003"/>
  <testcase name="testJavaAttributeAccessBoth_3()" classname="de.uka.ilkd.key.parser.TestTermParser" time="0.006"/>
  <testcase name="testBindingUpdateTerm_1()" classname="de.uka.ilkd.key.parser.TestTermParser" time="0.003"/>
  <testcase name="testBindingUpdateTerm_3()" classname="de.uka.ilkd.key.parser.TestTermParser" time="0.005"/>
  <testcase name="testBindingUpdateTerm_4()" classname="de.uka.ilkd.key.parser.TestTermParser" time="0.001"/>
  <testcase name="testBindingUpdateTerm_5()" classname="de.uka.ilkd.key.parser.TestTermParser" time="0.002"/>
  <testcase name="testBindingUpdateTerm_6()" classname="de.uka.ilkd.key.parser.TestTermParser" time="0.003"/>
  <testcase name="testBindingUpdateTerm_7()" classname="de.uka.ilkd.key.parser.TestTermParser" time="0.002"/>
  <testcase name="testBindingUpdateTerm_8()" classname="de.uka.ilkd.key.parser.TestTermParser" time="0.002"/>
  <testcase name="testParsingArray()" classname="de.uka.ilkd.key.parser.TestTermParser" time="0.021"/>
  <testcase name="xtestBindingUpdateTermOldBindingAlternative()" classname="de.uka.ilkd.key.parser.TestTermParser" time="0.0">
    <skipped/>
  </testcase>
  <testcase name="testJavaStaticQueryWithParameter()" classname="de.uka.ilkd.key.parser.TestTermParser" time="0.004"/>
  <testcase name="testParsingArrayCombination()" classname="de.uka.ilkd.key.parser.TestTermParser" time="0.009"/>
  <system-out><![CDATA[276256     INFO  Test worker     d.u.i.k.n.KeyIO           Parsing took 0 ms 
276256     INFO  Test worker     d.u.i.k.n.KeyIO           MODE: declarations took 0 ms 
276256     WARN  Test worker     d.u.i.k.j.r.KeYCrossReferenceNameInfo Datatype T declared twice: Once in UNKNOWN:unknown and once in UNKNOWN:unknown, Keeping one from UNKNOWN:unknown 
276334     INFO  Test worker     d.u.i.k.n.KeyIO           Parsing took 0 ms 
276334     INFO  Test worker     d.u.i.k.n.KeyIO           MODE: declarations took 0 ms 
276381     WARN  Test worker     d.u.i.k.j.r.KeYCrossReferenceNameInfo Datatype T declared twice: Once in UNKNOWN:unknown and once in UNKNOWN:unknown, Keeping one from UNKNOWN:unknown 
276444     INFO  Test worker     d.u.i.k.n.KeyIO           Parsing took 0 ms 
276444     INFO  Test worker     d.u.i.k.n.KeyIO           MODE: declarations took 0 ms 
276460     WARN  Test worker     d.u.i.k.j.r.KeYCrossReferenceNameInfo Datatype T declared twice: Once in UNKNOWN:unknown and once in UNKNOWN:unknown, Keeping one from UNKNOWN:unknown 
276522     INFO  Test worker     d.u.i.k.n.KeyIO           Parsing took 0 ms 
276522     INFO  Test worker     d.u.i.k.n.KeyIO           MODE: declarations took 0 ms 
276522     WARN  Test worker     d.u.i.k.j.r.KeYCrossReferenceNameInfo Datatype T declared twice: Once in UNKNOWN:unknown and once in UNKNOWN:unknown, Keeping one from UNKNOWN:unknown 
276585     WARN  Test worker     d.u.i.k.j.r.KeYCrossReferenceNameInfo Datatype T declared twice: Once in UNKNOWN:unknown and once in UNKNOWN:unknown, Keeping one from UNKNOWN:unknown 
276663     INFO  Test worker     d.u.i.k.n.KeyIO           Parsing took 16 ms 
276663     INFO  Test worker     d.u.i.k.n.KeyIO           MODE: declarations took 0 ms 
276663     INFO  Test worker     d.u.i.k.p.TestTermParser  Out: \<{
  int x = 1;
  {
    int s = 2;
  }
}\> (equals(x,x)) 
276663     WARN  Test worker     d.u.i.k.j.r.KeYCrossReferenceNameInfo Datatype T declared twice: Once in UNKNOWN:unknown and once in UNKNOWN:unknown, Keeping one from UNKNOWN:unknown 
276726     INFO  Test worker     d.u.i.k.n.KeyIO           Parsing took 0 ms 
276726     INFO  Test worker     d.u.i.k.n.KeyIO           MODE: declarations took 0 ms 
276726     INFO  Test worker     d.u.i.k.p.TestTermParser  Out: \[{
  int x = 2;
  {
    String s = ""}";
  }
}\] (true) 
276726     WARN  Test worker     d.u.i.k.j.r.KeYCrossReferenceNameInfo Datatype T declared twice: Once in UNKNOWN:unknown and once in UNKNOWN:unknown, Keeping one from UNKNOWN:unknown 
276788     WARN  Test worker     d.u.i.k.j.r.KeYCrossReferenceNameInfo Datatype T declared twice: Once in UNKNOWN:unknown and once in UNKNOWN:unknown, Keeping one from UNKNOWN:unknown 
276851     INFO  Test worker     d.u.i.k.n.KeyIO           Parsing took 0 ms 
276851     INFO  Test worker     d.u.i.k.n.KeyIO           MODE: declarations took 0 ms 
276866     WARN  Test worker     d.u.i.k.j.r.KeYCrossReferenceNameInfo Datatype T declared twice: Once in UNKNOWN:unknown and once in UNKNOWN:unknown, Keeping one from UNKNOWN:unknown 
276929     INFO  Test worker     d.u.i.k.n.KeyIO           Parsing took 0 ms 
276929     INFO  Test worker     d.u.i.k.n.KeyIO           MODE: declarations took 0 ms 
276929     INFO  Test worker     d.u.i.k.p.TestTermParser  Out: \<{
  int[] i;
}\> (diamond(true)) 
276929     WARN  Test worker     d.u.i.k.j.r.KeYCrossReferenceNameInfo Datatype T declared twice: Once in UNKNOWN:unknown and once in UNKNOWN:unknown, Keeping one from UNKNOWN:unknown 
276992     INFO  Test worker     d.u.i.k.n.KeyIO           Parsing took 0 ms 
276992     INFO  Test worker     d.u.i.k.n.KeyIO           MODE: declarations took 0 ms 
276992     WARN  Test worker     d.u.i.k.j.r.KeYCrossReferenceNameInfo Datatype T declared twice: Once in UNKNOWN:unknown and once in UNKNOWN:unknown, Keeping one from UNKNOWN:unknown 
277054     INFO  Test worker     d.u.i.k.n.KeyIO           Parsing took 0 ms 
277054     INFO  Test worker     d.u.i.k.n.KeyIO           MODE: declarations took 0 ms 
277054     WARN  Test worker     d.u.i.k.j.r.KeYCrossReferenceNameInfo Datatype T declared twice: Once in UNKNOWN:unknown and once in UNKNOWN:unknown, Keeping one from UNKNOWN:unknown 
277117     INFO  Test worker     d.u.i.k.n.KeyIO           Parsing took 0 ms 
277132     INFO  Test worker     d.u.i.k.n.KeyIO           MODE: declarations took 0 ms 
277132     WARN  Test worker     d.u.i.k.j.r.KeYCrossReferenceNameInfo Datatype T declared twice: Once in UNKNOWN:unknown and once in UNKNOWN:unknown, Keeping one from UNKNOWN:unknown 
277195     INFO  Test worker     d.u.i.k.n.KeyIO           Parsing took 0 ms 
277195     INFO  Test worker     d.u.i.k.n.KeyIO           MODE: declarations took 0 ms 
277195     WARN  Test worker     d.u.i.k.j.r.KeYCrossReferenceNameInfo Datatype T declared twice: Once in UNKNOWN:unknown and once in UNKNOWN:unknown, Keeping one from UNKNOWN:unknown 
277257     INFO  Test worker     d.u.i.k.n.KeyIO           Parsing took 0 ms 
277257     INFO  Test worker     d.u.i.k.n.KeyIO           MODE: declarations took 0 ms 
277257     WARN  Test worker     d.u.i.k.j.r.KeYCrossReferenceNameInfo Datatype T declared twice: Once in UNKNOWN:unknown and once in UNKNOWN:unknown, Keeping one from UNKNOWN:unknown 
277322     INFO  Test worker     d.u.i.k.n.KeyIO           Parsing took 0 ms 
277322     INFO  Test worker     d.u.i.k.n.KeyIO           MODE: declarations took 0 ms 
277322     WARN  Test worker     d.u.i.k.j.r.KeYCrossReferenceNameInfo Datatype T declared twice: Once in UNKNOWN:unknown and once in UNKNOWN:unknown, Keeping one from UNKNOWN:unknown 
277383     WARN  Test worker     d.u.i.k.j.r.KeYCrossReferenceNameInfo Datatype T declared twice: Once in UNKNOWN:unknown and once in UNKNOWN:unknown, Keeping one from UNKNOWN:unknown 
277445     INFO  Test worker     d.u.i.k.n.KeyIO           Parsing took 0 ms 
277445     INFO  Test worker     d.u.i.k.n.KeyIO           MODE: declarations took 0 ms 
277445     WARN  Test worker     d.u.i.k.j.r.KeYCrossReferenceNameInfo Datatype T declared twice: Once in UNKNOWN:unknown and once in UNKNOWN:unknown, Keeping one from UNKNOWN:unknown 
277508     INFO  Test worker     d.u.i.k.n.KeyIO           Parsing took 0 ms 
277508     INFO  Test worker     d.u.i.k.n.KeyIO           MODE: declarations took 0 ms 
277508     WARN  Test worker     d.u.i.k.j.r.KeYCrossReferenceNameInfo Datatype T declared twice: Once in UNKNOWN:unknown and once in UNKNOWN:unknown, Keeping one from UNKNOWN:unknown 
277570     INFO  Test worker     d.u.i.k.n.KeyIO           Parsing took 0 ms 
277570     INFO  Test worker     d.u.i.k.n.KeyIO           MODE: declarations took 0 ms 
277570     WARN  Test worker     d.u.i.k.j.r.KeYCrossReferenceNameInfo Datatype T declared twice: Once in UNKNOWN:unknown and once in UNKNOWN:unknown, Keeping one from UNKNOWN:unknown 
277633     INFO  Test worker     d.u.i.k.n.KeyIO           Parsing took 0 ms 
277633     INFO  Test worker     d.u.i.k.n.KeyIO           MODE: declarations took 0 ms 
277648     WARN  Test worker     d.u.i.k.j.r.KeYCrossReferenceNameInfo Datatype T declared twice: Once in UNKNOWN:unknown and once in UNKNOWN:unknown, Keeping one from UNKNOWN:unknown 
277711     INFO  Test worker     d.u.i.k.n.KeyIO           Parsing took 0 ms 
277711     INFO  Test worker     d.u.i.k.n.KeyIO           MODE: declarations took 0 ms 
277711     WARN  Test worker     d.u.i.k.j.r.KeYCrossReferenceNameInfo Datatype T declared twice: Once in UNKNOWN:unknown and once in UNKNOWN:unknown, Keeping one from UNKNOWN:unknown 
277789     INFO  Test worker     d.u.i.k.n.KeyIO           Parsing took 0 ms 
277789     INFO  Test worker     d.u.i.k.n.KeyIO           MODE: declarations took 0 ms 
277789     WARN  Test worker     d.u.i.k.j.r.KeYCrossReferenceNameInfo Datatype T declared twice: Once in UNKNOWN:unknown and once in UNKNOWN:unknown, Keeping one from UNKNOWN:unknown 
277851     INFO  Test worker     d.u.i.k.n.KeyIO           Parsing took 0 ms 
277851     INFO  Test worker     d.u.i.k.n.KeyIO           MODE: declarations took 0 ms 
277851     WARN  Test worker     d.u.i.k.j.r.KeYCrossReferenceNameInfo Datatype T declared twice: Once in UNKNOWN:unknown and once in UNKNOWN:unknown, Keeping one from UNKNOWN:unknown 
277914     INFO  Test worker     d.u.i.k.n.KeyIO           Parsing took 0 ms 
277914     INFO  Test worker     d.u.i.k.n.KeyIO           MODE: declarations took 0 ms 
277930     WARN  Test worker     d.u.i.k.j.r.KeYCrossReferenceNameInfo Datatype T declared twice: Once in UNKNOWN:unknown and once in UNKNOWN:unknown, Keeping one from UNKNOWN:unknown 
277992     INFO  Test worker     d.u.i.k.n.KeyIO           Parsing took 0 ms 
277992     INFO  Test worker     d.u.i.k.n.KeyIO           MODE: declarations took 0 ms 
277992     WARN  Test worker     d.u.i.k.j.r.KeYCrossReferenceNameInfo Datatype T declared twice: Once in UNKNOWN:unknown and once in UNKNOWN:unknown, Keeping one from UNKNOWN:unknown 
278055     INFO  Test worker     d.u.i.k.n.KeyIO           Parsing took 0 ms 
278055     INFO  Test worker     d.u.i.k.n.KeyIO           MODE: declarations took 0 ms 
278055     WARN  Test worker     d.u.i.k.j.r.KeYCrossReferenceNameInfo Datatype T declared twice: Once in UNKNOWN:unknown and once in UNKNOWN:unknown, Keeping one from UNKNOWN:unknown 
278117     INFO  Test worker     d.u.i.k.n.KeyIO           Parsing took 0 ms 
278117     INFO  Test worker     d.u.i.k.n.KeyIO           MODE: declarations took 0 ms 
278133     WARN  Test worker     d.u.i.k.j.r.KeYCrossReferenceNameInfo Datatype T declared twice: Once in UNKNOWN:unknown and once in UNKNOWN:unknown, Keeping one from UNKNOWN:unknown 
278195     INFO  Test worker     d.u.i.k.n.KeyIO           Parsing took 0 ms 
278195     INFO  Test worker     d.u.i.k.n.KeyIO           MODE: declarations took 0 ms 
278195     WARN  Test worker     d.u.i.k.j.r.KeYCrossReferenceNameInfo Datatype T declared twice: Once in UNKNOWN:unknown and once in UNKNOWN:unknown, Keeping one from UNKNOWN:unknown 
278258     INFO  Test worker     d.u.i.k.n.KeyIO           Parsing took 0 ms 
278258     INFO  Test worker     d.u.i.k.n.KeyIO           MODE: declarations took 0 ms 
278258     WARN  Test worker     d.u.i.k.j.r.KeYCrossReferenceNameInfo Datatype T declared twice: Once in UNKNOWN:unknown and once in UNKNOWN:unknown, Keeping one from UNKNOWN:unknown 
278337     INFO  Test worker     d.u.i.k.n.KeyIO           Parsing took 0 ms 
278337     INFO  Test worker     d.u.i.k.n.KeyIO           MODE: declarations took 0 ms 
278337     WARN  Test worker     d.u.i.k.j.r.KeYCrossReferenceNameInfo Datatype T declared twice: Once in UNKNOWN:unknown and once in UNKNOWN:unknown, Keeping one from UNKNOWN:unknown 
278399     INFO  Test worker     d.u.i.k.n.KeyIO           Parsing took 0 ms 
278399     INFO  Test worker     d.u.i.k.n.KeyIO           MODE: declarations took 0 ms 
278399     WARN  Test worker     d.u.i.k.j.r.KeYCrossReferenceNameInfo Datatype T declared twice: Once in UNKNOWN:unknown and once in UNKNOWN:unknown, Keeping one from UNKNOWN:unknown 
278462     INFO  Test worker     d.u.i.k.n.KeyIO           Parsing took 0 ms 
278462     INFO  Test worker     d.u.i.k.n.KeyIO           MODE: declarations took 0 ms 
278462     WARN  Test worker     d.u.i.k.j.r.KeYCrossReferenceNameInfo Datatype T declared twice: Once in UNKNOWN:unknown and once in UNKNOWN:unknown, Keeping one from UNKNOWN:unknown 
278524     INFO  Test worker     d.u.i.k.n.KeyIO           Parsing took 0 ms 
278524     INFO  Test worker     d.u.i.k.n.KeyIO           MODE: declarations took 0 ms 
278524     WARN  Test worker     d.u.i.k.j.r.KeYCrossReferenceNameInfo Datatype T declared twice: Once in UNKNOWN:unknown and once in UNKNOWN:unknown, Keeping one from UNKNOWN:unknown 
278602     INFO  Test worker     d.u.i.k.n.KeyIO           Parsing took 0 ms 
278602     INFO  Test worker     d.u.i.k.n.KeyIO           MODE: declarations took 0 ms 
278602     WARN  Test worker     d.u.i.k.j.r.KeYCrossReferenceNameInfo Datatype T declared twice: Once in UNKNOWN:unknown and once in UNKNOWN:unknown, Keeping one from UNKNOWN:unknown 
278665     INFO  Test worker     d.u.i.k.n.KeyIO           Parsing took 0 ms 
278665     INFO  Test worker     d.u.i.k.n.KeyIO           MODE: declarations took 0 ms 
278665     WARN  Test worker     d.u.i.k.j.r.KeYCrossReferenceNameInfo Datatype T declared twice: Once in UNKNOWN:unknown and once in UNKNOWN:unknown, Keeping one from UNKNOWN:unknown 
278727     INFO  Test worker     d.u.i.k.n.KeyIO           Parsing took 0 ms 
278743     INFO  Test worker     d.u.i.k.n.KeyIO           MODE: declarations took 0 ms 
278743     WARN  Test worker     d.u.i.k.j.r.KeYCrossReferenceNameInfo Datatype T declared twice: Once in UNKNOWN:unknown and once in UNKNOWN:unknown, Keeping one from UNKNOWN:unknown 
278806     INFO  Test worker     d.u.i.k.n.KeyIO           Parsing took 0 ms 
278806     INFO  Test worker     d.u.i.k.n.KeyIO           MODE: declarations took 0 ms 
278806     WARN  Test worker     d.u.i.k.j.r.KeYCrossReferenceNameInfo Datatype T declared twice: Once in UNKNOWN:unknown and once in UNKNOWN:unknown, Keeping one from UNKNOWN:unknown 
278868     INFO  Test worker     d.u.i.k.n.KeyIO           Parsing took 0 ms 
278868     INFO  Test worker     d.u.i.k.n.KeyIO           MODE: declarations took 0 ms 
278868     WARN  Test worker     d.u.i.k.j.r.KeYCrossReferenceNameInfo Datatype T declared twice: Once in UNKNOWN:unknown and once in UNKNOWN:unknown, Keeping one from UNKNOWN:unknown 
278931     INFO  Test worker     d.u.i.k.n.KeyIO           Parsing took 0 ms 
278931     INFO  Test worker     d.u.i.k.n.KeyIO           MODE: declarations took 0 ms 
278931     WARN  Test worker     d.u.i.k.j.r.KeYCrossReferenceNameInfo Datatype T declared twice: Once in UNKNOWN:unknown and once in UNKNOWN:unknown, Keeping one from UNKNOWN:unknown 
278993     INFO  Test worker     d.u.i.k.n.KeyIO           Parsing took 0 ms 
278993     INFO  Test worker     d.u.i.k.n.KeyIO           MODE: declarations took 0 ms 
278993     WARN  Test worker     d.u.i.k.j.r.KeYCrossReferenceNameInfo Datatype T declared twice: Once in UNKNOWN:unknown and once in UNKNOWN:unknown, Keeping one from UNKNOWN:unknown 
279071     INFO  Test worker     d.u.i.k.n.KeyIO           Parsing took 0 ms 
279071     INFO  Test worker     d.u.i.k.n.KeyIO           MODE: declarations took 0 ms 
279071     WARN  Test worker     d.u.i.k.j.r.KeYCrossReferenceNameInfo Datatype T declared twice: Once in UNKNOWN:unknown and once in UNKNOWN:unknown, Keeping one from UNKNOWN:unknown 
279134     INFO  Test worker     d.u.i.k.n.KeyIO           Parsing took 0 ms 
279134     INFO  Test worker     d.u.i.k.n.KeyIO           MODE: declarations took 0 ms 
279134     WARN  Test worker     d.u.i.k.j.r.KeYCrossReferenceNameInfo Datatype T declared twice: Once in UNKNOWN:unknown and once in UNKNOWN:unknown, Keeping one from UNKNOWN:unknown 
279196     INFO  Test worker     d.u.i.k.n.KeyIO           Parsing took 0 ms 
279196     INFO  Test worker     d.u.i.k.n.KeyIO           MODE: declarations took 0 ms 
279212     WARN  Test worker     d.u.i.k.j.r.KeYCrossReferenceNameInfo Datatype T declared twice: Once in UNKNOWN:unknown and once in UNKNOWN:unknown, Keeping one from UNKNOWN:unknown 
279275     WARN  Test worker     d.u.i.k.j.r.KeYCrossReferenceNameInfo Datatype T declared twice: Once in UNKNOWN:unknown and once in UNKNOWN:unknown, Keeping one from UNKNOWN:unknown 
279337     INFO  Test worker     d.u.i.k.n.KeyIO           Parsing took 0 ms 
279337     INFO  Test worker     d.u.i.k.n.KeyIO           MODE: declarations took 0 ms 
279337     WARN  Test worker     d.u.i.k.j.r.KeYCrossReferenceNameInfo Datatype T declared twice: Once in UNKNOWN:unknown and once in UNKNOWN:unknown, Keeping one from UNKNOWN:unknown 
279416     INFO  Test worker     d.u.i.k.n.KeyIO           Parsing took 16 ms 
279416     INFO  Test worker     d.u.i.k.n.KeyIO           MODE: declarations took 0 ms 
]]></system-out>
  <system-err><![CDATA[]]></system-err>
</testsuite>
