<?xml version="1.0" encoding="UTF-8"?>
<testsuite name="de.uka.ilkd.key.logic.TestClashFreeSubst" tests="14" skipped="2" failures="0" errors="0" timestamp="2023-04-11T15:15:34" hostname="fv-az269-955" time="44.779">
  <properties/>
  <testcase name="testMultiShareBound()" classname="de.uka.ilkd.key.logic.TestClashFreeSubst" time="0.881"/>
  <testcase name="testClash()" classname="de.uka.ilkd.key.logic.TestClashFreeSubst" time="0.878"/>
  <testcase name="testShare()" classname="de.uka.ilkd.key.logic.TestClashFreeSubst" time="0.855"/>
  <testcase name="testSubst()" classname="de.uka.ilkd.key.logic.TestClashFreeSubst" time="0.83"/>
  <testcase name="testWary0()" classname="de.uka.ilkd.key.logic.TestClashFreeSubst" time="0.825"/>
  <testcase name="testWary1()" classname="de.uka.ilkd.key.logic.TestClashFreeSubst" time="0.819"/>
  <testcase name="testWary2()" classname="de.uka.ilkd.key.logic.TestClashFreeSubst" time="0.852"/>
  <testcase name="testClashInSubstTerm()" classname="de.uka.ilkd.key.logic.TestClashFreeSubst" time="0.823"/>
  <testcase name="testShareWary()" classname="de.uka.ilkd.key.logic.TestClashFreeSubst" time="0.81"/>
  <testcase name="testMultiSubst()" classname="de.uka.ilkd.key.logic.TestClashFreeSubst" time="0.793"/>
  <testcase name="xtestMultiClash()" classname="de.uka.ilkd.key.logic.TestClashFreeSubst" time="0.0">
    <skipped/>
  </testcase>
  <testcase name="testSubstInSubstTerm()" classname="de.uka.ilkd.key.logic.TestClashFreeSubst" time="0.816"/>
  <testcase name="testSubstWary()" classname="de.uka.ilkd.key.logic.TestClashFreeSubst" time="0.815"/>
  <testcase name="xtestMultiClash1()" classname="de.uka.ilkd.key.logic.TestClashFreeSubst" time="0.0">
    <skipped/>
  </testcase>
  <system-out><![CDATA[36533      INFO  Test worker     d.u.i.k.n.KeyIO           Parsing took 0 ms 
36533      INFO  Test worker     d.u.i.k.n.KeyIO           MODE: declarations took 0 ms 
37408      INFO  Test worker     d.u.i.k.n.KeyIO           Parsing took 0 ms 
37408      INFO  Test worker     d.u.i.k.n.KeyIO           MODE: declarations took 0 ms 
40254      INFO  Test worker     d.u.i.k.n.KeyIO           Parsing took 0 ms 
40254      INFO  Test worker     d.u.i.k.n.KeyIO           MODE: declarations took 0 ms 
41129      INFO  Test worker     d.u.i.k.n.KeyIO           Parsing took 0 ms 
41129      INFO  Test worker     d.u.i.k.n.KeyIO           MODE: declarations took 0 ms 
43865      INFO  Test worker     d.u.i.k.n.KeyIO           Parsing took 0 ms 
43865      INFO  Test worker     d.u.i.k.n.KeyIO           MODE: declarations took 0 ms 
44724      INFO  Test worker     d.u.i.k.n.KeyIO           Parsing took 0 ms 
44724      INFO  Test worker     d.u.i.k.n.KeyIO           MODE: declarations took 0 ms 
47429      INFO  Test worker     d.u.i.k.n.KeyIO           Parsing took 0 ms 
47429      INFO  Test worker     d.u.i.k.n.KeyIO           MODE: declarations took 0 ms 
48258      INFO  Test worker     d.u.i.k.n.KeyIO           Parsing took 0 ms 
48258      INFO  Test worker     d.u.i.k.n.KeyIO           MODE: declarations took 0 ms 
50963      INFO  Test worker     d.u.i.k.n.KeyIO           Parsing took 0 ms 
50963      INFO  Test worker     d.u.i.k.n.KeyIO           MODE: declarations took 0 ms 
51776      INFO  Test worker     d.u.i.k.n.KeyIO           Parsing took 0 ms 
51776      INFO  Test worker     d.u.i.k.n.KeyIO           MODE: declarations took 0 ms 
54465      INFO  Test worker     d.u.i.k.n.KeyIO           Parsing took 0 ms 
54465      INFO  Test worker     d.u.i.k.n.KeyIO           MODE: declarations took 0 ms 
55277      INFO  Test worker     d.u.i.k.n.KeyIO           Parsing took 0 ms 
55277      INFO  Test worker     d.u.i.k.n.KeyIO           MODE: declarations took 0 ms 
57919      INFO  Test worker     d.u.i.k.n.KeyIO           Parsing took 0 ms 
57919      INFO  Test worker     d.u.i.k.n.KeyIO           MODE: declarations took 0 ms 
58763      INFO  Test worker     d.u.i.k.n.KeyIO           Parsing took 0 ms 
58763      INFO  Test worker     d.u.i.k.n.KeyIO           MODE: declarations took 0 ms 
61421      INFO  Test worker     d.u.i.k.n.KeyIO           Parsing took 0 ms 
61421      INFO  Test worker     d.u.i.k.n.KeyIO           MODE: declarations took 0 ms 
62234      INFO  Test worker     d.u.i.k.n.KeyIO           Parsing took 0 ms 
62234      INFO  Test worker     d.u.i.k.n.KeyIO           MODE: declarations took 0 ms 
64875      INFO  Test worker     d.u.i.k.n.KeyIO           Parsing took 0 ms 
64875      INFO  Test worker     d.u.i.k.n.KeyIO           MODE: declarations took 0 ms 
65689      INFO  Test worker     d.u.i.k.n.KeyIO           Parsing took 0 ms 
65689      INFO  Test worker     d.u.i.k.n.KeyIO           MODE: declarations took 0 ms 
68333      INFO  Test worker     d.u.i.k.n.KeyIO           Parsing took 0 ms 
68333      INFO  Test worker     d.u.i.k.n.KeyIO           MODE: declarations took 0 ms 
69114      INFO  Test worker     d.u.i.k.n.KeyIO           Parsing took 0 ms 
69114      INFO  Test worker     d.u.i.k.n.KeyIO           MODE: declarations took 0 ms 
74414      INFO  Test worker     d.u.i.k.n.KeyIO           Parsing took 0 ms 
74414      INFO  Test worker     d.u.i.k.n.KeyIO           MODE: declarations took 0 ms 
75227      INFO  Test worker     d.u.i.k.n.KeyIO           Parsing took 0 ms 
75227      INFO  Test worker     d.u.i.k.n.KeyIO           MODE: declarations took 0 ms 
77869      INFO  Test worker     d.u.i.k.n.KeyIO           Parsing took 0 ms 
77869      INFO  Test worker     d.u.i.k.n.KeyIO           MODE: declarations took 0 ms 
78682      INFO  Test worker     d.u.i.k.n.KeyIO           Parsing took 0 ms 
78682      INFO  Test worker     d.u.i.k.n.KeyIO           MODE: declarations took 0 ms 
]]></system-out>
  <system-err><![CDATA[]]></system-err>
</testsuite>
