<?xml version="1.0" encoding="UTF-8"?>
<testsuite name="de.uka.ilkd.key.parser.TestTermParserSorts" tests="2" skipped="0" failures="0" errors="0" timestamp="2023-04-11T15:21:22" hostname="fv-az269-955" time="2.64">
  <properties/>
  <testcase name="testParseIntegerArgs()" classname="de.uka.ilkd.key.parser.TestTermParserSorts" time="0.015"/>
  <testcase name="testParseSequencePrettySyntax()" classname="de.uka.ilkd.key.parser.TestTermParserSorts" time="0.002"/>
  <system-out><![CDATA[384632     INFO  Test worker     d.u.i.k.n.KeyIO           Parsing took 0 ms 
384632     INFO  Test worker     d.u.i.k.n.KeyIO           MODE: declarations took 0 ms 
384632     INFO  Test worker     d.u.i.k.n.KeyIO           Parsing took 0 ms 
384648     INFO  Test worker     d.u.i.k.n.KeyIO           MODE: declarations took 16 ms 
384648     INFO  Test worker     d.u.i.k.n.KeyIO           Parsing took 0 ms 
384648     INFO  Test worker     d.u.i.k.n.KeyIO           MODE: declarations took 0 ms 
387274     INFO  Test worker     d.u.i.k.n.KeyIO           Parsing took 0 ms 
387274     INFO  Test worker     d.u.i.k.n.KeyIO           MODE: declarations took 0 ms 
387274     INFO  Test worker     d.u.i.k.n.KeyIO           Parsing took 0 ms 
387274     INFO  Test worker     d.u.i.k.n.KeyIO           MODE: declarations took 0 ms 
387274     INFO  Test worker     d.u.i.k.n.KeyIO           Parsing took 0 ms 
387274     INFO  Test worker     d.u.i.k.n.KeyIO           MODE: declarations took 0 ms 
]]></system-out>
  <system-err><![CDATA[]]></system-err>
</testsuite>
