<?xml version="1.0" encoding="UTF-8"?>
<testsuite name="de.uka.ilkd.key.nparser.ParseLDTsTests" tests="2" skipped="0" failures="0" errors="0" timestamp="2023-04-11T15:18:02" hostname="fv-az269-955" time="1.126">
  <properties/>
  <testcase name="testLDT()" classname="de.uka.ilkd.key.nparser.ParseLDTsTests" time="0.02"/>
  <testcase name="testSR()" classname="de.uka.ilkd.key.nparser.ParseLDTsTests" time="1.105"/>
  <system-out><![CDATA[184099     INFO  Test worker     d.u.i.k.n.KeyIO           Parsing took 15 ms 
184099     INFO  Test worker     d.u.i.k.n.KeyIO           MODE: declarations took 0 ms 
184459     INFO  Test worker     d.u.i.k.n.KeyIO           Parsing took 344 ms 
184459     INFO  Test worker     d.u.i.k.n.KeyIO           MODE: declarations took 0 ms 
]]></system-out>
  <system-err><![CDATA[]]></system-err>
</testsuite>
