<?xml version="1.0" encoding="UTF-8"?>
<testsuite name="de.uka.ilkd.key.proof_references.testcase.analyst.TestProgramVariableReferencesAnalyst" tests="63" skipped="0" failures="0" errors="0" timestamp="2023-01-31T16:19:33" hostname="fv-az987-979" time="178.033">
  <properties/>
  <testcase name="testAssignments_decrementEnd()" classname="de.uka.ilkd.key.proof_references.testcase.analyst.TestProgramVariableReferencesAnalyst" time="2.88"/>
  <testcase name="testConditionalsAndOther_ifEquals()" classname="de.uka.ilkd.key.proof_references.testcase.analyst.TestProgramVariableReferencesAnalyst" time="2.868"/>
  <testcase name="testConditionalsAndOther_doWhileEquals()" classname="de.uka.ilkd.key.proof_references.testcase.analyst.TestProgramVariableReferencesAnalyst" time="2.867"/>
  <testcase name="testVariableDeclarationAssign()" classname="de.uka.ilkd.key.proof_references.testcase.analyst.TestProgramVariableReferencesAnalyst" time="2.721"/>
  <testcase name="testConditionalsAndOther_forEquals()" classname="de.uka.ilkd.key.proof_references.testcase.analyst.TestProgramVariableReferencesAnalyst" time="2.877"/>
  <testcase name="testAssignments_assignmentWithSelf()" classname="de.uka.ilkd.key.proof_references.testcase.analyst.TestProgramVariableReferencesAnalyst" time="2.838"/>
  <testcase name="testConditionalsAndOther_ifGreaterEquals()" classname="de.uka.ilkd.key.proof_references.testcase.analyst.TestProgramVariableReferencesAnalyst" time="2.844"/>
  <testcase name="testAssignments_incrementBegin()" classname="de.uka.ilkd.key.proof_references.testcase.analyst.TestProgramVariableReferencesAnalyst" time="2.822"/>
  <testcase name="testActiveUseStaticFieldWriteAccess2()" classname="de.uka.ilkd.key.proof_references.testcase.analyst.TestProgramVariableReferencesAnalyst" time="2.706"/>
  <testcase name="testConditionalsAndOther_returnBoolean()" classname="de.uka.ilkd.key.proof_references.testcase.analyst.TestProgramVariableReferencesAnalyst" time="2.849"/>
  <testcase name="testConditionalsAndOther_whileEquals()" classname="de.uka.ilkd.key.proof_references.testcase.analyst.TestProgramVariableReferencesAnalyst" time="2.843"/>
  <testcase name="testConditionalsAndOther_questionLess()" classname="de.uka.ilkd.key.proof_references.testcase.analyst.TestProgramVariableReferencesAnalyst" time="2.854"/>
  <testcase name="testAssignment_to_primitive_array_component()" classname="de.uka.ilkd.key.proof_references.testcase.analyst.TestProgramVariableReferencesAnalyst" time="2.725"/>
  <testcase name="testAssignments_incrementArrayEnd()" classname="de.uka.ilkd.key.proof_references.testcase.analyst.TestProgramVariableReferencesAnalyst" time="2.939"/>
  <testcase name="testConditionalsAndOther_doWhileBoolean()" classname="de.uka.ilkd.key.proof_references.testcase.analyst.TestProgramVariableReferencesAnalyst" time="2.879"/>
  <testcase name="testConditionalsAndOther_returnEquals()" classname="de.uka.ilkd.key.proof_references.testcase.analyst.TestProgramVariableReferencesAnalyst" time="2.854"/>
  <testcase name="testActiveUseStaticFieldReadAccess2()" classname="de.uka.ilkd.key.proof_references.testcase.analyst.TestProgramVariableReferencesAnalyst" time="2.694"/>
  <testcase name="testAssignments_decrementBegin()" classname="de.uka.ilkd.key.proof_references.testcase.analyst.TestProgramVariableReferencesAnalyst" time="2.869"/>
  <testcase name="testConditionalsAndOther_switchInt()" classname="de.uka.ilkd.key.proof_references.testcase.analyst.TestProgramVariableReferencesAnalyst" time="2.834"/>
  <testcase name="testConditionalsAndOther_questionGreaterEquals()" classname="de.uka.ilkd.key.proof_references.testcase.analyst.TestProgramVariableReferencesAnalyst" time="2.957"/>
  <testcase name="testConditionalsAndOther_returnComplex()" classname="de.uka.ilkd.key.proof_references.testcase.analyst.TestProgramVariableReferencesAnalyst" time="3.004"/>
  <testcase name="testConditionalsAndOther_ifLess()" classname="de.uka.ilkd.key.proof_references.testcase.analyst.TestProgramVariableReferencesAnalyst" time="2.862"/>
  <testcase name="testEval_order_array_access5()" classname="de.uka.ilkd.key.proof_references.testcase.analyst.TestProgramVariableReferencesAnalyst" time="2.713"/>
  <testcase name="testAssignments_incrementEnd()" classname="de.uka.ilkd.key.proof_references.testcase.analyst.TestProgramVariableReferencesAnalyst" time="2.81"/>
  <testcase name="testConditionalsAndOther_forBoolean()" classname="de.uka.ilkd.key.proof_references.testcase.analyst.TestProgramVariableReferencesAnalyst" time="2.826"/>
  <testcase name="testAssignment_read_attribute()" classname="de.uka.ilkd.key.proof_references.testcase.analyst.TestProgramVariableReferencesAnalyst" time="2.694"/>
  <testcase name="testConditionalsAndOther_whileBoolean()" classname="de.uka.ilkd.key.proof_references.testcase.analyst.TestProgramVariableReferencesAnalyst" time="2.817"/>
  <testcase name="testArrayLength()" classname="de.uka.ilkd.key.proof_references.testcase.analyst.TestProgramVariableReferencesAnalyst" time="2.89"/>
  <testcase name="testAssignments_assign()" classname="de.uka.ilkd.key.proof_references.testcase.analyst.TestProgramVariableReferencesAnalyst" time="2.814"/>
  <testcase name="testAssignments_incrementArrayBegin()" classname="de.uka.ilkd.key.proof_references.testcase.analyst.TestProgramVariableReferencesAnalyst" time="2.936"/>
  <testcase name="testAssignment()" classname="de.uka.ilkd.key.proof_references.testcase.analyst.TestProgramVariableReferencesAnalyst" time="2.712"/>
  <testcase name="testConditionalsAndOther_ifBoolean()" classname="de.uka.ilkd.key.proof_references.testcase.analyst.TestProgramVariableReferencesAnalyst" time="2.826"/>
  <testcase name="testAssignment_read_length()" classname="de.uka.ilkd.key.proof_references.testcase.analyst.TestProgramVariableReferencesAnalyst" time="2.698"/>
  <testcase name="testConditionalsAndOther_questionNotEquals()" classname="de.uka.ilkd.key.proof_references.testcase.analyst.TestProgramVariableReferencesAnalyst" time="2.818"/>
  <testcase name="testAssignments_decrementArrayBegin()" classname="de.uka.ilkd.key.proof_references.testcase.analyst.TestProgramVariableReferencesAnalyst" time="2.916"/>
  <testcase name="testConditionalsAndOther_ifGreater()" classname="de.uka.ilkd.key.proof_references.testcase.analyst.TestProgramVariableReferencesAnalyst" time="2.821"/>
  <testcase name="testConditionalsAndOther_questionIncrementsAndDecrements()" classname="de.uka.ilkd.key.proof_references.testcase.analyst.TestProgramVariableReferencesAnalyst" time="3.072"/>
  <testcase name="testAssignment_write_static_attribute()" classname="de.uka.ilkd.key.proof_references.testcase.analyst.TestProgramVariableReferencesAnalyst" time="2.679"/>
  <testcase name="testConditionalsAndOther_questionBoolean()" classname="de.uka.ilkd.key.proof_references.testcase.analyst.TestProgramVariableReferencesAnalyst" time="2.817"/>
  <testcase name="testConditionalsAndOther_ifLessEquals()" classname="de.uka.ilkd.key.proof_references.testcase.analyst.TestProgramVariableReferencesAnalyst" time="2.818"/>
  <testcase name="testConditionalsAndOther_questionGreater()" classname="de.uka.ilkd.key.proof_references.testcase.analyst.TestProgramVariableReferencesAnalyst" time="2.811"/>
  <testcase name="testEval_order_access4()" classname="de.uka.ilkd.key.proof_references.testcase.analyst.TestProgramVariableReferencesAnalyst" time="2.697"/>
  <testcase name="testAssignment_to_reference_array_component()" classname="de.uka.ilkd.key.proof_references.testcase.analyst.TestProgramVariableReferencesAnalyst" time="2.689"/>
  <testcase name="testAssignments_decrementArrayEnd()" classname="de.uka.ilkd.key.proof_references.testcase.analyst.TestProgramVariableReferencesAnalyst" time="2.911"/>
  <testcase name="testAssignments_add()" classname="de.uka.ilkd.key.proof_references.testcase.analyst.TestProgramVariableReferencesAnalyst" time="2.79"/>
  <testcase name="testAssignments_div()" classname="de.uka.ilkd.key.proof_references.testcase.analyst.TestProgramVariableReferencesAnalyst" time="2.792"/>
  <testcase name="testAssignments_mod()" classname="de.uka.ilkd.key.proof_references.testcase.analyst.TestProgramVariableReferencesAnalyst" time="2.791"/>
  <testcase name="testAssignments_mul()" classname="de.uka.ilkd.key.proof_references.testcase.analyst.TestProgramVariableReferencesAnalyst" time="2.784"/>
  <testcase name="testAssignments_sub()" classname="de.uka.ilkd.key.proof_references.testcase.analyst.TestProgramVariableReferencesAnalyst" time="2.785"/>
  <testcase name="testAssignments_nestedValueAdd()" classname="de.uka.ilkd.key.proof_references.testcase.analyst.TestProgramVariableReferencesAnalyst" time="2.947"/>
  <testcase name="testAssignments_nestedArray()" classname="de.uka.ilkd.key.proof_references.testcase.analyst.TestProgramVariableReferencesAnalyst" time="2.96"/>
  <testcase name="testAssignments_nestedValue()" classname="de.uka.ilkd.key.proof_references.testcase.analyst.TestProgramVariableReferencesAnalyst" time="2.804"/>
  <testcase name="testConditionalsAndOther_methodCallAssignment()" classname="de.uka.ilkd.key.proof_references.testcase.analyst.TestProgramVariableReferencesAnalyst" time="2.907"/>
  <testcase name="testConditionalsAndOther_questionEquals()" classname="de.uka.ilkd.key.proof_references.testcase.analyst.TestProgramVariableReferencesAnalyst" time="2.775"/>
  <testcase name="testConditionalsAndOther_ifIncrementsAndDecrements()" classname="de.uka.ilkd.key.proof_references.testcase.analyst.TestProgramVariableReferencesAnalyst" time="3.113"/>
  <testcase name="testConditionalsAndOther_ifNotEquals()" classname="de.uka.ilkd.key.proof_references.testcase.analyst.TestProgramVariableReferencesAnalyst" time="2.804"/>
  <testcase name="testAssignment_write_attribute()" classname="de.uka.ilkd.key.proof_references.testcase.analyst.TestProgramVariableReferencesAnalyst" time="2.657"/>
  <testcase name="testConditionalsAndOther_methodCallConditional()" classname="de.uka.ilkd.key.proof_references.testcase.analyst.TestProgramVariableReferencesAnalyst" time="2.802"/>
  <testcase name="testConditionalsAndOther_questionLessEquals()" classname="de.uka.ilkd.key.proof_references.testcase.analyst.TestProgramVariableReferencesAnalyst" time="2.789"/>
  <testcase name="testConditionalsAndOther_throwsNestedException()" classname="de.uka.ilkd.key.proof_references.testcase.analyst.TestProgramVariableReferencesAnalyst" time="2.8"/>
  <testcase name="testConditionalsAndOther_methodCall()" classname="de.uka.ilkd.key.proof_references.testcase.analyst.TestProgramVariableReferencesAnalyst" time="2.82"/>
  <testcase name="testConditionalsAndOther_throwsException()" classname="de.uka.ilkd.key.proof_references.testcase.analyst.TestProgramVariableReferencesAnalyst" time="2.783"/>
  <testcase name="testAssignment_array2()" classname="de.uka.ilkd.key.proof_references.testcase.analyst.TestProgramVariableReferencesAnalyst" time="2.696"/>
  <system-out><![CDATA[]]></system-out>
  <system-err><![CDATA[]]></system-err>
</testsuite>
