<?xml version="1.0" encoding="UTF-8"?>
<testsuite name="recoder.testsuite.basic.analysis.MemberXReferenceCompletenessTest" tests="1" skipped="0" failures="0" errors="0" timestamp="2023-03-20T21:16:07" hostname="fv-az566-43" time="0.002">
  <properties/>
  <testcase name="testMemberXReferenceCompletenessTest" classname="recoder.testsuite.basic.analysis.MemberXReferenceCompletenessTest" time="0.002"/>
  <system-out><![CDATA[]]></system-out>
  <system-err><![CDATA[]]></system-err>
</testsuite>
