<?xml version="1.0" encoding="UTF-8"?>
<testsuite name="de.uka.ilkd.key.testcase.smt.testgen.TestTestgen" tests="1" skipped="0" failures="0" errors="0" timestamp="2023-05-26T22:46:33" hostname="fv-az931-697" time="4.809">
  <properties/>
  <testcase name="testMiddle()" classname="de.uka.ilkd.key.testcase.smt.testgen.TestTestgen" time="4.809"/>
  <system-out><![CDATA[17128      WARN  Test worker     d.u.i.k.t.s.t.TestTestgen Warning: Z3_CE is not installed, tests skipped. 
17128      WARN  Test worker     d.u.i.k.t.s.t.TestTestgen Maybe use JVM system property "z3SolverPath" to define the path to the Z3 command. 
17143      INFO  Test worker     d.u.i.k.p.i.AbstractProblemLoader Loading environment from src\test\resources\testcase\smt\tg\middle.key 
17143      DEBUG Test worker     d.u.i.k.p.i.AbstractProblemLoader Environment load took 219.2ns 
17143      INFO  Test worker     d.u.i.k.p.i.AbstractProblemLoader Creating init config 
20927      DEBUG Test worker     d.u.i.k.p.i.AbstractProblemLoader Init config took 3.78s 
21036      INFO  Test worker     d.u.i.k.p.i.AbstractProblemLoader Replaying proof Middle[Middle::middle(int,int,int)].JML normal_behavior operation contract.0 
21052      DEBUG Test worker     d.u.i.k.p.i.IntermediateProofReplayer Proof replay took 17.2ns 
]]></system-out>
  <system-err><![CDATA[]]></system-err>
</testsuite>
