<?xml version="1.0" encoding="UTF-8"?>
<testsuite name="de.uka.ilkd.key.proof.runallproofs.RunAllProofsFunctional" tests="34" skipped="0" failures="0" errors="0" timestamp="2023-05-30T16:40:19" hostname="fv-az419-691" time="5287.348">
  <properties/>
  <testcase name="newBook" classname="de.uka.ilkd.key.proof.runallproofs.RunAllProofsFunctional" time="61.001"/>
  <testcase name="oldBook" classname="de.uka.ilkd.key.proof.runallproofs.RunAllProofsFunctional" time="17.288"/>
  <testcase name="comprehensions" classname="de.uka.ilkd.key.proof.runallproofs.RunAllProofsFunctional" time="67.626"/>
  <testcase name="performance" classname="de.uka.ilkd.key.proof.runallproofs.RunAllProofsFunctional" time="222.868"/>
  <testcase name="performancePOConstruction" classname="de.uka.ilkd.key.proof.runallproofs.RunAllProofsFunctional" time="74.724"/>
  <testcase name="applicationRestrictions" classname="de.uka.ilkd.key.proof.runallproofs.RunAllProofsFunctional" time="49.349"/>
  <testcase name="blockContracts" classname="de.uka.ilkd.key.proof.runallproofs.RunAllProofsFunctional" time="134.487"/>
  <testcase name="jmlAsserts" classname="de.uka.ilkd.key.proof.runallproofs.RunAllProofsFunctional" time="89.772"/>
  <testcase name="javaCard" classname="de.uka.ilkd.key.proof.runallproofs.RunAllProofsFunctional" time="129.795"/>
  <testcase name="list" classname="de.uka.ilkd.key.proof.runallproofs.RunAllProofsFunctional" time="269.218"/>
  <testcase name="list_ghost" classname="de.uka.ilkd.key.proof.runallproofs.RunAllProofsFunctional" time="66.802"/>
  <testcase name="list_recursive" classname="de.uka.ilkd.key.proof.runallproofs.RunAllProofsFunctional" time="22.337"/>
  <testcase name="list_seq" classname="de.uka.ilkd.key.proof.runallproofs.RunAllProofsFunctional" time="170.406"/>
  <testcase name="observer" classname="de.uka.ilkd.key.proof.runallproofs.RunAllProofsFunctional" time="99.887"/>
  <testcase name="removeDups" classname="de.uka.ilkd.key.proof.runallproofs.RunAllProofsFunctional" time="143.801"/>
  <testcase name="quicksort" classname="de.uka.ilkd.key.proof.runallproofs.RunAllProofsFunctional" time="108.438"/>
  <testcase name="simpleTests" classname="de.uka.ilkd.key.proof.runallproofs.RunAllProofsFunctional" time="156.542"/>
  <testcase name="SmansEtAl" classname="de.uka.ilkd.key.proof.runallproofs.RunAllProofsFunctional" time="195.095"/>
  <testcase name="VACID0" classname="de.uka.ilkd.key.proof.runallproofs.RunAllProofsFunctional" time="77.259"/>
  <testcase name="VSTTE10" classname="de.uka.ilkd.key.proof.runallproofs.RunAllProofsFunctional" time="180.872"/>
  <testcase name="WeideEtAl" classname="de.uka.ilkd.key.proof.runallproofs.RunAllProofsFunctional" time="29.396"/>
  <testcase name="arithmetic" classname="de.uka.ilkd.key.proof.runallproofs.RunAllProofsFunctional" time="487.641"/>
  <testcase name="arrays" classname="de.uka.ilkd.key.proof.runallproofs.RunAllProofsFunctional" time="58.643"/>
  <testcase name="javadl" classname="de.uka.ilkd.key.proof.runallproofs.RunAllProofsFunctional" time="621.9"/>
  <testcase name="FOL" classname="de.uka.ilkd.key.proof.runallproofs.RunAllProofsFunctional" time="274.805"/>
  <testcase name="strings" classname="de.uka.ilkd.key.proof.runallproofs.RunAllProofsFunctional" time="153.602"/>
  <testcase name="simple_info_flow" classname="de.uka.ilkd.key.proof.runallproofs.RunAllProofsFunctional" time="13.682"/>
  <testcase name="modelMethods" classname="de.uka.ilkd.key.proof.runallproofs.RunAllProofsFunctional" time="174.844"/>
  <testcase name="permissionHeap" classname="de.uka.ilkd.key.proof.runallproofs.RunAllProofsFunctional" time="815.412"/>
  <testcase name="completionScopes" classname="de.uka.ilkd.key.proof.runallproofs.RunAllProofsFunctional" time="50.425"/>
  <testcase name="reload_examples" classname="de.uka.ilkd.key.proof.runallproofs.RunAllProofsFunctional" time="43.538"/>
  <testcase name="proofLoadRepair" classname="de.uka.ilkd.key.proof.runallproofs.RunAllProofsFunctional" time="18.795"/>
  <testcase name="switch" classname="de.uka.ilkd.key.proof.runallproofs.RunAllProofsFunctional" time="62.435"/>
  <testcase name="redux" classname="de.uka.ilkd.key.proof.runallproofs.RunAllProofsFunctional" time="144.653"/>
  <system-out><![CDATA[232        INFO  Test worker     d.u.i.k.p.r.RunAllProofsTestUnit Running test newBook 
415        INFO  Timeout watchdog d.u.i.k.p.r.p.ForkedTestFileRunner Timeout watcher launched (2000 secs.) 
429        WARN  main            d.u.i.k.s.ProofSettings   No proof-settings could be loaded, using defaults java.io.FileNotFoundException: /home/runner/.key/proof-settings.props (No such file or directory)
	at java.base/java.io.FileInputStream.open0(Native Method)

459        INFO  main            d.u.i.k.p.r.p.TestFile    Now processing file /home/runner/work/key/key/key.core/../key.ui/examples/newBook/09.list_modelfield/ArrayList.add.key 
591        INFO  main            d.u.i.k.p.i.AbstractProblemLoader Loading environment from /home/runner/work/key/key/key.core/../key.ui/examples/newBook/09.list_modelfield/ArrayList.add.key 
608        DEBUG main            d.u.i.k.p.i.AbstractProblemLoader Environment load took 2.69ms 
856        INFO  main            d.u.i.k.p.i.AbstractProblemLoader Creating init config 
1744       DEBUG main            d.u.i.k.j.TypeConverter   No LDT found for Meta 
1744       DEBUG main            d.u.i.k.j.TypeConverter   No LDT found for Meta 
1746       DEBUG main            d.u.i.k.j.TypeConverter   No LDT found for Meta 
1746       DEBUG main            d.u.i.k.j.TypeConverter   No LDT found for Meta 
2968       DEBUG main            d.u.i.k.j.TypeConverter   No LDT found for JavaBigintExpression 
8665       DEBUG main            d.u.i.k.p.i.AbstractProblemLoader Init config took 7.81s 
8799       INFO  main            d.u.i.k.p.i.AbstractProblemLoader Replaying proof ArrayList[List::add(int)].JML normal_behavior operation contract.0 
8833       DEBUG main            d.u.i.k.p.i.IntermediateProofReplayer Proof replay took 31.5ns 
25564      INFO  main            d.u.i.k.p.r.p.TestFile    ... finished proof: closed. 
25793      INFO  main            d.u.i.k.p.i.AbstractProblemLoader Loading environment from /home/runner/work/key/key/key.core/../key.ui/examples/newBook/09.list_modelfield/ArrayList.add.key.proof 
25793      DEBUG main            d.u.i.k.p.i.AbstractProblemLoader Environment load took 196.9ns 
25798      INFO  main            d.u.i.k.p.i.AbstractProblemLoader Creating init config 
28761      DEBUG main            d.u.i.k.p.i.AbstractProblemLoader Init config took 2.96s 
28824      INFO  main            d.u.i.k.p.i.AbstractProblemLoader Replaying proof ArrayList[List::add(int)].JML normal_behavior operation contract.0 
30235      DEBUG main            d.u.i.k.p.i.IntermediateProofReplayer Proof replay took 1.35s 
30247      DEBUG main            d.u.i.k.p.r.p.TestFile    ... success: reloaded. 
30249      INFO  main            d.u.i.k.p.r.p.TestFile    Now processing file /home/runner/work/key/key/key.core/../key.ui/examples/newBook/09.list_modelfield/ArrayList.remFirst.key 
30250      INFO  main            d.u.i.k.p.i.AbstractProblemLoader Loading environment from /home/runner/work/key/key/key.core/../key.ui/examples/newBook/09.list_modelfield/ArrayList.remFirst.key 
30250      DEBUG main            d.u.i.k.p.i.AbstractProblemLoader Environment load took 687.21ns 
30252      INFO  main            d.u.i.k.p.i.AbstractProblemLoader Creating init config 
33164      DEBUG main            d.u.i.k.p.i.AbstractProblemLoader Init config took 2.91s 
33223      INFO  main            d.u.i.k.p.i.AbstractProblemLoader Replaying proof ArrayList[List::remFirst()].JML normal_behavior operation contract.0 
33226      DEBUG main            d.u.i.k.p.i.IntermediateProofReplayer Proof replay took 6.2ns 
37440      INFO  main            d.u.i.k.p.r.p.TestFile    ... finished proof: closed. 
37699      INFO  main            d.u.i.k.p.i.AbstractProblemLoader Loading environment from /home/runner/work/key/key/key.core/../key.ui/examples/newBook/09.list_modelfield/ArrayList.remFirst.key.proof 
37699      DEBUG main            d.u.i.k.p.i.AbstractProblemLoader Environment load took 144.7ns 
37701      INFO  main            d.u.i.k.p.i.AbstractProblemLoader Creating init config 
40409      DEBUG main            d.u.i.k.p.i.AbstractProblemLoader Init config took 2.71s 
40461      INFO  main            d.u.i.k.p.i.AbstractProblemLoader Replaying proof ArrayList[List::remFirst()].JML normal_behavior operation contract.0 
41079      DEBUG main            d.u.i.k.p.i.IntermediateProofReplayer Proof replay took 600.91ms 
41087      DEBUG main            d.u.i.k.p.r.p.TestFile    ... success: reloaded. 
41088      INFO  main            d.u.i.k.p.r.p.TestFile    Now processing file /home/runner/work/key/key/key.core/../key.ui/examples/newBook/09.list_modelfield/ArrayList.empty.key 
41089      INFO  main            d.u.i.k.p.i.AbstractProblemLoader Loading environment from /home/runner/work/key/key/key.core/../key.ui/examples/newBook/09.list_modelfield/ArrayList.empty.key 
41089      DEBUG main            d.u.i.k.p.i.AbstractProblemLoader Environment load took 77.5ns 
41090      INFO  main            d.u.i.k.p.i.AbstractProblemLoader Creating init config 
43756      DEBUG main            d.u.i.k.p.i.AbstractProblemLoader Init config took 2.67s 
43806      INFO  main            d.u.i.k.p.i.AbstractProblemLoader Replaying proof ArrayList[List::empty()].JML normal_behavior operation contract.0 
43809      DEBUG main            d.u.i.k.p.i.IntermediateProofReplayer Proof replay took 5.8ns 
44828      INFO  main            d.u.i.k.p.r.p.TestFile    ... finished proof: closed. 
44985      INFO  main            d.u.i.k.p.i.AbstractProblemLoader Loading environment from /home/runner/work/key/key/key.core/../key.ui/examples/newBook/09.list_modelfield/ArrayList.empty.key.proof 
44986      DEBUG main            d.u.i.k.p.i.AbstractProblemLoader Environment load took 819.62ns 
44988      INFO  main            d.u.i.k.p.i.AbstractProblemLoader Creating init config 
47622      DEBUG main            d.u.i.k.p.i.AbstractProblemLoader Init config took 2.63s 
47671      INFO  main            d.u.i.k.p.i.AbstractProblemLoader Replaying proof ArrayList[List::empty()].JML normal_behavior operation contract.0 
47831      DEBUG main            d.u.i.k.p.i.IntermediateProofReplayer Proof replay took 154.88ms 
47832      DEBUG main            d.u.i.k.p.r.p.TestFile    ... success: reloaded. 
47833      INFO  main            d.u.i.k.p.r.p.TestFile    Now processing file /home/runner/work/key/key/key.core/../key.ui/examples/newBook/09.list_modelfield/ArrayList.size.key 
47834      INFO  main            d.u.i.k.p.i.AbstractProblemLoader Loading environment from /home/runner/work/key/key/key.core/../key.ui/examples/newBook/09.list_modelfield/ArrayList.size.key 
47834      DEBUG main            d.u.i.k.p.i.AbstractProblemLoader Environment load took 62.7ns 
47835      INFO  main            d.u.i.k.p.i.AbstractProblemLoader Creating init config 
50493      DEBUG main            d.u.i.k.p.i.AbstractProblemLoader Init config took 2.66s 
50541      INFO  main            d.u.i.k.p.i.AbstractProblemLoader Replaying proof ArrayList[List::size()].JML normal_behavior operation contract.0 
50543      DEBUG main            d.u.i.k.p.i.IntermediateProofReplayer Proof replay took 5.3ns 
50947      INFO  main            d.u.i.k.p.r.p.TestFile    ... finished proof: closed. 
51121      INFO  main            d.u.i.k.p.i.AbstractProblemLoader Loading environment from /home/runner/work/key/key/key.core/../key.ui/examples/newBook/09.list_modelfield/ArrayList.size.key.proof 
51121      DEBUG main            d.u.i.k.p.i.AbstractProblemLoader Environment load took 164.1ns 
51122      INFO  main            d.u.i.k.p.i.AbstractProblemLoader Creating init config 
53725      DEBUG main            d.u.i.k.p.i.AbstractProblemLoader Init config took 2.6s 
53785      INFO  main            d.u.i.k.p.i.AbstractProblemLoader Replaying proof ArrayList[List::size()].JML normal_behavior operation contract.0 
53846      DEBUG main            d.u.i.k.p.i.IntermediateProofReplayer Proof replay took 56.62ms 
53848      DEBUG main            d.u.i.k.p.r.p.TestFile    ... success: reloaded. 
53849      INFO  main            d.u.i.k.p.r.p.TestFile    Now processing file /home/runner/work/key/key/key.core/../key.ui/examples/newBook/09.list_modelfield/ArrayList.get.key 
53850      INFO  main            d.u.i.k.p.i.AbstractProblemLoader Loading environment from /home/runner/work/key/key/key.core/../key.ui/examples/newBook/09.list_modelfield/ArrayList.get.key 
53850      DEBUG main            d.u.i.k.p.i.AbstractProblemLoader Environment load took 386.91ns 
53851      INFO  main            d.u.i.k.p.i.AbstractProblemLoader Creating init config 
56508      DEBUG main            d.u.i.k.p.i.AbstractProblemLoader Init config took 2.66s 
56555      INFO  main            d.u.i.k.p.i.AbstractProblemLoader Replaying proof ArrayList[List::get(int)].JML normal_behavior operation contract.0 
56556      DEBUG main            d.u.i.k.p.i.IntermediateProofReplayer Proof replay took 7.4ns 
57583      INFO  main            d.u.i.k.p.r.p.TestFile    ... finished proof: closed. 
57798      INFO  main            d.u.i.k.p.i.AbstractProblemLoader Loading environment from /home/runner/work/key/key/key.core/../key.ui/examples/newBook/09.list_modelfield/ArrayList.get.key.proof 
57798      DEBUG main            d.u.i.k.p.i.AbstractProblemLoader Environment load took 781.72ns 
57800      INFO  main            d.u.i.k.p.i.AbstractProblemLoader Creating init config 
60458      DEBUG main            d.u.i.k.p.i.AbstractProblemLoader Init config took 2.66s 
60515      INFO  main            d.u.i.k.p.i.AbstractProblemLoader Replaying proof ArrayList[List::get(int)].JML normal_behavior operation contract.0 
60649      DEBUG main            d.u.i.k.p.i.IntermediateProofReplayer Proof replay took 128.02ms 
60651      DEBUG main            d.u.i.k.p.r.p.TestFile    ... success: reloaded. 
61225      INFO  Test worker     d.u.i.k.p.r.RunAllProofsTestUnit Returning from test newBook 
61231      INFO  Test worker     d.u.i.k.p.r.RunAllProofsTestUnit Running test oldBook 
336        INFO  Timeout watchdog d.u.i.k.p.r.p.ForkedTestFileRunner Timeout watcher launched (2000 secs.) 
361        WARN  main            d.u.i.k.s.ProofSettings   The settings in /home/runner/.key/proof-settings.props are *not* read. 
407        INFO  main            d.u.i.k.p.r.p.TestFile    Now processing file /home/runner/work/key/key/key.core/../key.ui/examples/standard_key/BookExamples/02FirstOrderLogic/Ex2.58.key 
542        INFO  main            d.u.i.k.p.i.AbstractProblemLoader Loading environment from /home/runner/work/key/key/key.core/../key.ui/examples/standard_key/BookExamples/02FirstOrderLogic/Ex2.58.key 
565        DEBUG main            d.u.i.k.p.i.AbstractProblemLoader Environment load took 2.26ms 
798        INFO  main            d.u.i.k.p.i.AbstractProblemLoader Creating init config 
1665       DEBUG main            d.u.i.k.j.TypeConverter   No LDT found for Meta 
1666       DEBUG main            d.u.i.k.j.TypeConverter   No LDT found for Meta 
1668       DEBUG main            d.u.i.k.j.TypeConverter   No LDT found for Meta 
1668       DEBUG main            d.u.i.k.j.TypeConverter   No LDT found for Meta 
2860       DEBUG main            d.u.i.k.j.TypeConverter   No LDT found for JavaBigintExpression 
7874       DEBUG main            d.u.i.k.p.i.AbstractProblemLoader Init config took 7.08s 
7933       INFO  main            d.u.i.k.p.i.AbstractProblemLoader Replaying proof Ex2.58.key 
7966       DEBUG main            d.u.i.k.p.i.IntermediateProofReplayer Proof replay took 37.6ns 
8144       INFO  main            d.u.i.k.p.r.p.TestFile    ... finished proof: closed. 
8246       INFO  main            d.u.i.k.p.i.AbstractProblemLoader Loading environment from /home/runner/work/key/key/key.core/../key.ui/examples/standard_key/BookExamples/02FirstOrderLogic/Ex2.58.key.proof 
8246       DEBUG main            d.u.i.k.p.i.AbstractProblemLoader Environment load took 163.1ns 
8250       INFO  main            d.u.i.k.p.i.AbstractProblemLoader Creating init config 
11063      DEBUG main            d.u.i.k.p.i.AbstractProblemLoader Init config took 2.81s 
11108      INFO  main            d.u.i.k.p.i.AbstractProblemLoader Replaying proof Ex2.58.key.proof 
11117      DEBUG main            d.u.i.k.p.i.IntermediateProofReplayer Proof replay took 3.64ms 
11131      DEBUG main            d.u.i.k.p.r.p.TestFile    ... success: reloaded. 
11134      INFO  main            d.u.i.k.p.r.p.TestFile    Now processing file /home/runner/work/key/key/key.core/../key.ui/examples/standard_key/BookExamples/03DynamicLogic/Sect3.3.1.key 
11135      INFO  main            d.u.i.k.p.i.AbstractProblemLoader Loading environment from /home/runner/work/key/key/key.core/../key.ui/examples/standard_key/BookExamples/03DynamicLogic/Sect3.3.1.key 
11136      DEBUG main            d.u.i.k.p.i.AbstractProblemLoader Environment load took 1.3ms 
11140      INFO  main            d.u.i.k.p.i.AbstractProblemLoader Creating init config 
13800      DEBUG main            d.u.i.k.p.i.AbstractProblemLoader Init config took 2.66s 
13833      INFO  main            d.u.i.k.p.i.AbstractProblemLoader Replaying proof Sect3.3.1.key 
13836      DEBUG main            d.u.i.k.p.i.IntermediateProofReplayer Proof replay took 7.7ns 
14244      INFO  main            d.u.i.k.p.r.p.TestFile    ... finished proof: closed. 
14375      INFO  main            d.u.i.k.p.i.AbstractProblemLoader Loading environment from /home/runner/work/key/key/key.core/../key.ui/examples/standard_key/BookExamples/03DynamicLogic/Sect3.3.1.key.proof 
14376      DEBUG main            d.u.i.k.p.i.AbstractProblemLoader Environment load took 1.04ms 
14380      INFO  main            d.u.i.k.p.i.AbstractProblemLoader Creating init config 
16998      DEBUG main            d.u.i.k.p.i.AbstractProblemLoader Init config took 2.62s 
17026      INFO  main            d.u.i.k.p.i.AbstractProblemLoader Replaying proof Sect3.3.1.key.proof 
17104      DEBUG main            d.u.i.k.p.i.IntermediateProofReplayer Proof replay took 74ms 
17105      DEBUG main            d.u.i.k.p.r.p.TestFile    ... success: reloaded. 
78519      INFO  Test worker     d.u.i.k.p.r.RunAllProofsTestUnit Returning from test oldBook 
78520      INFO  Test worker     d.u.i.k.p.r.RunAllProofsTestUnit Running test comprehensions 
363        INFO  Timeout watchdog d.u.i.k.p.r.p.ForkedTestFileRunner Timeout watcher launched (2000 secs.) 
378        WARN  main            d.u.i.k.s.ProofSettings   The settings in /home/runner/.key/proof-settings.props are *not* read. 
411        INFO  main            d.u.i.k.p.r.p.TestFile    Now processing file /home/runner/work/key/key/key.core/../key.ui/examples/heap/comprehensions/general_sum.key 
519        INFO  main            d.u.i.k.p.i.AbstractProblemLoader Loading environment from /home/runner/work/key/key/key.core/../key.ui/examples/heap/comprehensions/general_sum.key 
553        DEBUG main            d.u.i.k.p.i.AbstractProblemLoader Environment load took 3.86ms 
798        INFO  main            d.u.i.k.p.i.AbstractProblemLoader Creating init config 
1675       DEBUG main            d.u.i.k.j.TypeConverter   No LDT found for Meta 
1681       DEBUG main            d.u.i.k.j.TypeConverter   No LDT found for Meta 
1683       DEBUG main            d.u.i.k.j.TypeConverter   No LDT found for Meta 
1683       DEBUG main            d.u.i.k.j.TypeConverter   No LDT found for Meta 
3005       DEBUG main            d.u.i.k.j.TypeConverter   No LDT found for JavaBigintExpression 
8349       DEBUG main            d.u.i.k.p.i.AbstractProblemLoader Init config took 7.55s 
8523       INFO  main            d.u.i.k.p.i.AbstractProblemLoader Replaying proof GSum[GSum::doNothing()].JML operation contract.0 
8562       DEBUG main            d.u.i.k.p.i.IntermediateProofReplayer Proof replay took 32.2ns 
9007       INFO  main            d.u.i.k.p.r.p.TestFile    ... finished proof: closed. 
9111       INFO  main            d.u.i.k.p.i.AbstractProblemLoader Loading environment from /home/runner/work/key/key/key.core/../key.ui/examples/heap/comprehensions/general_sum.key.proof 
9111       DEBUG main            d.u.i.k.p.i.AbstractProblemLoader Environment load took 154.7ns 
9113       INFO  main            d.u.i.k.p.i.AbstractProblemLoader Creating init config 
12060      DEBUG main            d.u.i.k.p.i.AbstractProblemLoader Init config took 2.95s 
12126      INFO  main            d.u.i.k.p.i.AbstractProblemLoader Replaying proof GSum[GSum::doNothing()].JML operation contract.0 
12144      DEBUG main            d.u.i.k.p.i.IntermediateProofReplayer Proof replay took 12.7ms 
12150      DEBUG main            d.u.i.k.p.r.p.TestFile    ... success: reloaded. 
12152      INFO  main            d.u.i.k.p.r.p.TestFile    Now processing file /home/runner/work/key/key/key.core/../key.ui/examples/heap/comprehensions/sum0.key 
12152      INFO  main            d.u.i.k.p.i.AbstractProblemLoader Loading environment from /home/runner/work/key/key/key.core/../key.ui/examples/heap/comprehensions/sum0.key 
12153      DEBUG main            d.u.i.k.p.i.AbstractProblemLoader Environment load took 359.01ns 
12154      INFO  main            d.u.i.k.p.i.AbstractProblemLoader Creating init config 
14990      DEBUG main            d.u.i.k.p.i.AbstractProblemLoader Init config took 2.84s 
15052      INFO  main            d.u.i.k.p.i.AbstractProblemLoader Replaying proof Sum[Sum::sum0([I)].JML normal_behavior operation contract.0 
15055      DEBUG main            d.u.i.k.p.i.IntermediateProofReplayer Proof replay took 6.6ns 
15150      DEBUG Thread-4        d.u.i.k.l.l.OriginTermLabel commonFileName is null! 
15150      DEBUG Thread-4        d.u.i.k.l.l.OriginTermLabel commonFileName is null! 
15321      DEBUG Thread-4        d.u.i.k.l.l.OriginTermLabel commonFileName is null! 
15322      DEBUG Thread-4        d.u.i.k.l.l.OriginTermLabel commonFileName is null! 
15481      DEBUG Thread-4        d.u.i.k.l.l.OriginTermLabel commonFileName is null! 
15661      INFO  main            d.u.i.k.p.r.p.TestFile    ... finished proof: closed. 
15833      INFO  main            d.u.i.k.p.i.AbstractProblemLoader Loading environment from /home/runner/work/key/key/key.core/../key.ui/examples/heap/comprehensions/sum0.key.proof 
15834      DEBUG main            d.u.i.k.p.i.AbstractProblemLoader Environment load took 159.8ns 
15835      INFO  main            d.u.i.k.p.i.AbstractProblemLoader Creating init config 
18588      DEBUG main            d.u.i.k.p.i.AbstractProblemLoader Init config took 2.75s 
18638      INFO  main            d.u.i.k.p.i.AbstractProblemLoader Replaying proof Sum[Sum::sum0([I)].JML normal_behavior operation contract.0 
18689      DEBUG main            d.u.i.k.l.l.OriginTermLabel commonFileName is null! 
18689      DEBUG main            d.u.i.k.l.l.OriginTermLabel commonFileName is null! 
18774      DEBUG main            d.u.i.k.l.l.OriginTermLabel commonFileName is null! 
18808      DEBUG main            d.u.i.k.l.l.OriginTermLabel commonFileName is null! 
18809      DEBUG main            d.u.i.k.l.l.OriginTermLabel commonFileName is null! 
18812      DEBUG main            d.u.i.k.p.i.IntermediateProofReplayer Proof replay took 168.3ms 
18813      DEBUG main            d.u.i.k.p.r.p.TestFile    ... success: reloaded. 
18815      INFO  main            d.u.i.k.p.r.p.TestFile    Now processing file /home/runner/work/key/key/key.core/../key.ui/examples/heap/comprehensions/sum1.key 
18816      INFO  main            d.u.i.k.p.i.AbstractProblemLoader Loading environment from /home/runner/work/key/key/key.core/../key.ui/examples/heap/comprehensions/sum1.key 
18816      DEBUG main            d.u.i.k.p.i.AbstractProblemLoader Environment load took 375.81ns 
18817      INFO  main            d.u.i.k.p.i.AbstractProblemLoader Creating init config 
21605      DEBUG main            d.u.i.k.p.i.AbstractProblemLoader Init config took 2.79s 
21652      INFO  main            d.u.i.k.p.i.AbstractProblemLoader Replaying proof Sum[Sum::sum1([I)].JML normal_behavior operation contract.0 
21654      DEBUG main            d.u.i.k.p.i.IntermediateProofReplayer Proof replay took 5.9ns 
21714      DEBUG Thread-7        d.u.i.k.l.l.OriginTermLabel commonFileName is null! 
21714      DEBUG Thread-7        d.u.i.k.l.l.OriginTermLabel commonFileName is null! 
21870      DEBUG Thread-7        d.u.i.k.l.l.OriginTermLabel commonFileName is null! 
21871      DEBUG Thread-7        d.u.i.k.l.l.OriginTermLabel commonFileName is null! 
22031      DEBUG Thread-7        d.u.i.k.l.l.OriginTermLabel commonFileName is null! 
22264      INFO  main            d.u.i.k.p.r.p.TestFile    ... finished proof: closed. 
22424      INFO  main            d.u.i.k.p.i.AbstractProblemLoader Loading environment from /home/runner/work/key/key/key.core/../key.ui/examples/heap/comprehensions/sum1.key.proof 
22426      DEBUG main            d.u.i.k.p.i.AbstractProblemLoader Environment load took 1.23ms 
22428      INFO  main            d.u.i.k.p.i.AbstractProblemLoader Creating init config 
25111      DEBUG main            d.u.i.k.p.i.AbstractProblemLoader Init config took 2.68s 
25157      INFO  main            d.u.i.k.p.i.AbstractProblemLoader Replaying proof Sum[Sum::sum1([I)].JML normal_behavior operation contract.0 
25201      DEBUG main            d.u.i.k.l.l.OriginTermLabel commonFileName is null! 
25201      DEBUG main            d.u.i.k.l.l.OriginTermLabel commonFileName is null! 
25252      DEBUG main            d.u.i.k.l.l.OriginTermLabel commonFileName is null! 
25289      DEBUG main            d.u.i.k.l.l.OriginTermLabel commonFileName is null! 
25290      DEBUG main            d.u.i.k.l.l.OriginTermLabel commonFileName is null! 
25293      DEBUG main            d.u.i.k.p.i.IntermediateProofReplayer Proof replay took 131.79ms 
25295      DEBUG main            d.u.i.k.p.r.p.TestFile    ... success: reloaded. 
25296      INFO  main            d.u.i.k.p.r.p.TestFile    Now processing file /home/runner/work/key/key/key.core/../key.ui/examples/heap/comprehensions/sum2.key 
25297      INFO  main            d.u.i.k.p.i.AbstractProblemLoader Loading environment from /home/runner/work/key/key/key.core/../key.ui/examples/heap/comprehensions/sum2.key 
25297      DEBUG main            d.u.i.k.p.i.AbstractProblemLoader Environment load took 366.41ns 
25299      INFO  main            d.u.i.k.p.i.AbstractProblemLoader Creating init config 
28025      DEBUG main            d.u.i.k.p.i.AbstractProblemLoader Init config took 2.73s 
28098      INFO  main            d.u.i.k.p.i.AbstractProblemLoader Replaying proof Sum[Sum::sum2([I)].JML normal_behavior operation contract.0 
28100      DEBUG main            d.u.i.k.p.i.IntermediateProofReplayer Proof replay took 7.4ns 
28147      DEBUG Thread-10       d.u.i.k.l.l.OriginTermLabel commonFileName is null! 
28148      DEBUG Thread-10       d.u.i.k.l.l.OriginTermLabel commonFileName is null! 
28261      DEBUG Thread-10       d.u.i.k.l.l.OriginTermLabel commonFileName is null! 
28262      DEBUG Thread-10       d.u.i.k.l.l.OriginTermLabel commonFileName is null! 
28345      DEBUG Thread-10       d.u.i.k.l.l.OriginTermLabel commonFileName is null! 
28504      INFO  main            d.u.i.k.p.r.p.TestFile    ... finished proof: closed. 
28664      INFO  main            d.u.i.k.p.i.AbstractProblemLoader Loading environment from /home/runner/work/key/key/key.core/../key.ui/examples/heap/comprehensions/sum2.key.proof 
28666      DEBUG main            d.u.i.k.p.i.AbstractProblemLoader Environment load took 1.14ms 
28668      INFO  main            d.u.i.k.p.i.AbstractProblemLoader Creating init config 
31309      DEBUG main            d.u.i.k.p.i.AbstractProblemLoader Init config took 2.64s 
31359      INFO  main            d.u.i.k.p.i.AbstractProblemLoader Replaying proof Sum[Sum::sum2([I)].JML normal_behavior operation contract.0 
31390      DEBUG main            d.u.i.k.l.l.OriginTermLabel commonFileName is null! 
31390      DEBUG main            d.u.i.k.l.l.OriginTermLabel commonFileName is null! 
31430      DEBUG main            d.u.i.k.l.l.OriginTermLabel commonFileName is null! 
31485      DEBUG main            d.u.i.k.l.l.OriginTermLabel commonFileName is null! 
31486      DEBUG main            d.u.i.k.l.l.OriginTermLabel commonFileName is null! 
31488      DEBUG main            d.u.i.k.p.i.IntermediateProofReplayer Proof replay took 124.23ms 
31489      DEBUG main            d.u.i.k.p.r.p.TestFile    ... success: reloaded. 
31491      INFO  main            d.u.i.k.p.r.p.TestFile    Now processing file /home/runner/work/key/key/key.core/../key.ui/examples/heap/comprehensions/sum3.key 
31491      INFO  main            d.u.i.k.p.i.AbstractProblemLoader Loading environment from /home/runner/work/key/key/key.core/../key.ui/examples/heap/comprehensions/sum3.key 
31492      DEBUG main            d.u.i.k.p.i.AbstractProblemLoader Environment load took 358.71ns 
31493      INFO  main            d.u.i.k.p.i.AbstractProblemLoader Creating init config 
34153      DEBUG main            d.u.i.k.p.i.AbstractProblemLoader Init config took 2.66s 
34199      INFO  main            d.u.i.k.p.i.AbstractProblemLoader Replaying proof Sum[Sum::sum3([I)].JML normal_behavior operation contract.0 
34203      DEBUG main            d.u.i.k.p.i.IntermediateProofReplayer Proof replay took 8.3ns 
34258      DEBUG Thread-13       d.u.i.k.l.l.OriginTermLabel commonFileName is null! 
34258      DEBUG Thread-13       d.u.i.k.l.l.OriginTermLabel commonFileName is null! 
34381      DEBUG Thread-13       d.u.i.k.l.l.OriginTermLabel commonFileName is null! 
34382      DEBUG Thread-13       d.u.i.k.l.l.OriginTermLabel commonFileName is null! 
34509      DEBUG Thread-13       d.u.i.k.l.l.OriginTermLabel commonFileName is null! 
34607      INFO  main            d.u.i.k.p.r.p.TestFile    ... finished proof: closed. 
34763      INFO  main            d.u.i.k.p.i.AbstractProblemLoader Loading environment from /home/runner/work/key/key/key.core/../key.ui/examples/heap/comprehensions/sum3.key.proof 
34763      DEBUG main            d.u.i.k.p.i.AbstractProblemLoader Environment load took 129.4ns 
34767      INFO  main            d.u.i.k.p.i.AbstractProblemLoader Creating init config 
37417      DEBUG main            d.u.i.k.p.i.AbstractProblemLoader Init config took 2.65s 
37461      INFO  main            d.u.i.k.p.i.AbstractProblemLoader Replaying proof Sum[Sum::sum3([I)].JML normal_behavior operation contract.0 
37489      DEBUG main            d.u.i.k.l.l.OriginTermLabel commonFileName is null! 
37489      DEBUG main            d.u.i.k.l.l.OriginTermLabel commonFileName is null! 
37532      DEBUG main            d.u.i.k.l.l.OriginTermLabel commonFileName is null! 
37559      DEBUG main            d.u.i.k.l.l.OriginTermLabel commonFileName is null! 
37561      DEBUG main            d.u.i.k.l.l.OriginTermLabel commonFileName is null! 
37564      DEBUG main            d.u.i.k.p.i.IntermediateProofReplayer Proof replay took 99.88ms 
37566      DEBUG main            d.u.i.k.p.r.p.TestFile    ... success: reloaded. 
37568      INFO  main            d.u.i.k.p.r.p.TestFile    Now processing file /home/runner/work/key/key/key.core/../key.ui/examples/heap/comprehensions/segsum.key 
37568      INFO  main            d.u.i.k.p.i.AbstractProblemLoader Loading environment from /home/runner/work/key/key/key.core/../key.ui/examples/heap/comprehensions/segsum.key 
37568      DEBUG main            d.u.i.k.p.i.AbstractProblemLoader Environment load took 63.1ns 
37570      INFO  main            d.u.i.k.p.i.AbstractProblemLoader Creating init config 
40238      DEBUG main            d.u.i.k.p.i.AbstractProblemLoader Init config took 2.67s 
40284      INFO  main            d.u.i.k.p.i.AbstractProblemLoader Replaying proof SegSum[SegSum::segSum([I,int,int)].JML normal_behavior operation contract.0 
40288      DEBUG main            d.u.i.k.p.i.IntermediateProofReplayer Proof replay took 8ns 
40692      INFO  main            d.u.i.k.p.r.p.TestFile    ... finished proof: closed. 
40855      INFO  main            d.u.i.k.p.i.AbstractProblemLoader Loading environment from /home/runner/work/key/key/key.core/../key.ui/examples/heap/comprehensions/segsum.key.proof 
40856      DEBUG main            d.u.i.k.p.i.AbstractProblemLoader Environment load took 330.91ns 
40857      INFO  main            d.u.i.k.p.i.AbstractProblemLoader Creating init config 
43453      DEBUG main            d.u.i.k.p.i.AbstractProblemLoader Init config took 2.6s 
43500      INFO  main            d.u.i.k.p.i.AbstractProblemLoader Replaying proof SegSum[SegSum::segSum([I,int,int)].JML normal_behavior operation contract.0 
43606      DEBUG main            d.u.i.k.p.i.IntermediateProofReplayer Proof replay took 102.06ms 
43608      DEBUG main            d.u.i.k.p.r.p.TestFile    ... success: reloaded. 
43610      INFO  main            d.u.i.k.p.r.p.TestFile    Now processing file /home/runner/work/key/key/key.core/../key.ui/examples/heap/comprehensions/bsum_negative.key 
43610      INFO  main            d.u.i.k.p.i.AbstractProblemLoader Loading environment from /home/runner/work/key/key/key.core/../key.ui/examples/heap/comprehensions/bsum_negative.key 
43612      DEBUG main            d.u.i.k.p.i.AbstractProblemLoader Environment load took 1.47ms 
43614      INFO  main            d.u.i.k.p.i.AbstractProblemLoader Creating init config 
46135      DEBUG main            d.u.i.k.p.i.AbstractProblemLoader Init config took 2.52s 
46153      INFO  main            d.u.i.k.p.i.AbstractProblemLoader Replaying proof bsum_negative.key 
46155      DEBUG main            d.u.i.k.p.i.IntermediateProofReplayer Proof replay took 7.1ns 
46261      INFO  main            d.u.i.k.p.r.p.TestFile    ... finished proof: closed. 
46422      INFO  main            d.u.i.k.p.i.AbstractProblemLoader Loading environment from /home/runner/work/key/key/key.core/../key.ui/examples/heap/comprehensions/bsum_negative.key.proof 
46422      DEBUG main            d.u.i.k.p.i.AbstractProblemLoader Environment load took 121ns 
46424      INFO  main            d.u.i.k.p.i.AbstractProblemLoader Creating init config 
48888      DEBUG main            d.u.i.k.p.i.AbstractProblemLoader Init config took 2.46s 
48909      INFO  main            d.u.i.k.p.i.AbstractProblemLoader Replaying proof bsum_negative.key.proof 
48914      DEBUG main            d.u.i.k.p.i.IntermediateProofReplayer Proof replay took 2.27ms 
48916      DEBUG main            d.u.i.k.p.r.p.TestFile    ... success: reloaded. 
48916      INFO  main            d.u.i.k.p.r.p.TestFile    Now processing file /home/runner/work/key/key/key.core/../key.ui/examples/heap/comprehensions/bsum_neg2.key 
48917      INFO  main            d.u.i.k.p.i.AbstractProblemLoader Loading environment from /home/runner/work/key/key/key.core/../key.ui/examples/heap/comprehensions/bsum_neg2.key 
48917      DEBUG main            d.u.i.k.p.i.AbstractProblemLoader Environment load took 277ns 
48918      INFO  main            d.u.i.k.p.i.AbstractProblemLoader Creating init config 
51428      DEBUG main            d.u.i.k.p.i.AbstractProblemLoader Init config took 2.51s 
51446      INFO  main            d.u.i.k.p.i.AbstractProblemLoader Replaying proof bsum_neg2.key 
51447      DEBUG main            d.u.i.k.p.i.IntermediateProofReplayer Proof replay took 8.2ns 
51550      INFO  main            d.u.i.k.p.r.p.TestFile    ... finished proof: closed. 
51719      INFO  main            d.u.i.k.p.i.AbstractProblemLoader Loading environment from /home/runner/work/key/key/key.core/../key.ui/examples/heap/comprehensions/bsum_neg2.key.proof 
51719      DEBUG main            d.u.i.k.p.i.AbstractProblemLoader Environment load took 159.4ns 
51720      INFO  main            d.u.i.k.p.i.AbstractProblemLoader Creating init config 
54143      DEBUG main            d.u.i.k.p.i.AbstractProblemLoader Init config took 2.42s 
54160      INFO  main            d.u.i.k.p.i.AbstractProblemLoader Replaying proof bsum_neg2.key.proof 
54162      DEBUG main            d.u.i.k.p.i.IntermediateProofReplayer Proof replay took 970.12ns 
54163      DEBUG main            d.u.i.k.p.r.p.TestFile    ... success: reloaded. 
54164      INFO  main            d.u.i.k.p.r.p.TestFile    Now processing file /home/runner/work/key/key/key.core/../key.ui/examples/heap/comprehensions/bsumSplit.key 
54164      INFO  main            d.u.i.k.p.i.AbstractProblemLoader Loading environment from /home/runner/work/key/key/key.core/../key.ui/examples/heap/comprehensions/bsumSplit.key 
54165      DEBUG main            d.u.i.k.p.i.AbstractProblemLoader Environment load took 135.6ns 
54166      INFO  main            d.u.i.k.p.i.AbstractProblemLoader Creating init config 
56638      DEBUG main            d.u.i.k.p.i.AbstractProblemLoader Init config took 2.47s 
56655      INFO  main            d.u.i.k.p.i.AbstractProblemLoader Replaying proof bsumSplit.key 
56657      DEBUG main            d.u.i.k.p.i.IntermediateProofReplayer Proof replay took 7.2ns 
56759      INFO  main            d.u.i.k.p.r.p.TestFile    ... finished proof: closed. 
56928      INFO  main            d.u.i.k.p.i.AbstractProblemLoader Loading environment from /home/runner/work/key/key/key.core/../key.ui/examples/heap/comprehensions/bsumSplit.key.proof 
56928      DEBUG main            d.u.i.k.p.i.AbstractProblemLoader Environment load took 120.7ns 
56929      INFO  main            d.u.i.k.p.i.AbstractProblemLoader Creating init config 
59369      DEBUG main            d.u.i.k.p.i.AbstractProblemLoader Init config took 2.44s 
59387      INFO  main            d.u.i.k.p.i.AbstractProblemLoader Replaying proof bsumSplit.key.proof 
59393      DEBUG main            d.u.i.k.p.i.IntermediateProofReplayer Proof replay took 3.9ms 
59395      DEBUG main            d.u.i.k.p.r.p.TestFile    ... success: reloaded. 
59396      INFO  main            d.u.i.k.p.r.p.TestFile    Now processing file /home/runner/work/key/key/key.core/../key.ui/examples/heap/comprehensions/bprodSplit.key 
59396      INFO  main            d.u.i.k.p.i.AbstractProblemLoader Loading environment from /home/runner/work/key/key/key.core/../key.ui/examples/heap/comprehensions/bprodSplit.key 
59397      DEBUG main            d.u.i.k.p.i.AbstractProblemLoader Environment load took 389.21ns 
59398      INFO  main            d.u.i.k.p.i.AbstractProblemLoader Creating init config 
61872      DEBUG main            d.u.i.k.p.i.AbstractProblemLoader Init config took 2.47s 
61888      INFO  main            d.u.i.k.p.i.AbstractProblemLoader Replaying proof bprodSplit.key 
61890      DEBUG main            d.u.i.k.p.i.IntermediateProofReplayer Proof replay took 7.6ns 
61996      INFO  main            d.u.i.k.p.r.p.TestFile    ... finished proof: closed. 
62177      INFO  main            d.u.i.k.p.i.AbstractProblemLoader Loading environment from /home/runner/work/key/key/key.core/../key.ui/examples/heap/comprehensions/bprodSplit.key.proof 
62177      DEBUG main            d.u.i.k.p.i.AbstractProblemLoader Environment load took 129.9ns 
62178      INFO  main            d.u.i.k.p.i.AbstractProblemLoader Creating init config 
64614      DEBUG main            d.u.i.k.p.i.AbstractProblemLoader Init config took 2.44s 
64632      INFO  main            d.u.i.k.p.i.AbstractProblemLoader Replaying proof bprodSplit.key.proof 
64637      DEBUG main            d.u.i.k.p.i.IntermediateProofReplayer Proof replay took 2.06ms 
64639      DEBUG main            d.u.i.k.p.r.p.TestFile    ... success: reloaded. 
64640      INFO  main            d.u.i.k.p.r.p.TestFile    Now processing file /home/runner/work/key/key/key.core/../key.ui/examples/heap/comprehensions/bsumSplitInvalid.key 
64640      INFO  main            d.u.i.k.p.i.AbstractProblemLoader Loading environment from /home/runner/work/key/key/key.core/../key.ui/examples/heap/comprehensions/bsumSplitInvalid.key 
64640      DEBUG main            d.u.i.k.p.i.AbstractProblemLoader Environment load took 265.91ns 
64641      INFO  main            d.u.i.k.p.i.AbstractProblemLoader Creating init config 
67133      DEBUG main            d.u.i.k.p.i.AbstractProblemLoader Init config took 2.49s 
67150      INFO  main            d.u.i.k.p.i.AbstractProblemLoader Replaying proof bsumSplitInvalid.key 
67152      DEBUG main            d.u.i.k.p.i.IntermediateProofReplayer Proof replay took 8.1ns 
67257      INFO  main            d.u.i.k.p.r.p.TestFile    ... finished proof: open goal(s) 
146144     INFO  Test worker     d.u.i.k.p.r.RunAllProofsTestUnit Returning from test comprehensions 
146146     INFO  Test worker     d.u.i.k.p.r.RunAllProofsTestUnit Running test performance 
345        INFO  Timeout watchdog d.u.i.k.p.r.p.ForkedTestFileRunner Timeout watcher launched (2000 secs.) 
353        WARN  main            d.u.i.k.s.ProofSettings   The settings in /home/runner/.key/proof-settings.props are *not* read. 
387        INFO  main            d.u.i.k.p.r.p.TestFile    Now processing file /home/runner/work/key/key/key.core/../key.ui/examples/performance-test/Disjoint(Disjoint__disjoint_08()).JML_operation_contract.0.key 
495        INFO  main            d.u.i.k.p.i.AbstractProblemLoader Loading environment from /home/runner/work/key/key/key.core/../key.ui/examples/performance-test/Disjoint(Disjoint__disjoint_08()).JML_operation_contract.0.key 
517        DEBUG main            d.u.i.k.p.i.AbstractProblemLoader Environment load took 2.54ms 
742        INFO  main            d.u.i.k.p.i.AbstractProblemLoader Creating init config 
1762       DEBUG main            d.u.i.k.j.TypeConverter   No LDT found for Meta 
1762       DEBUG main            d.u.i.k.j.TypeConverter   No LDT found for Meta 
1765       DEBUG main            d.u.i.k.j.TypeConverter   No LDT found for Meta 
1765       DEBUG main            d.u.i.k.j.TypeConverter   No LDT found for Meta 
3354       DEBUG main            d.u.i.k.j.TypeConverter   No LDT found for JavaBigintExpression 
8940       DEBUG main            d.u.i.k.j.r.ClassPreparationMethodBuilder clPrepBuilder: Inner Class detected. Reject building class initialisation methods. 
17093      DEBUG main            d.u.i.k.p.i.AbstractProblemLoader Init config took 16.35s 
17293      INFO  main            d.u.i.k.p.i.AbstractProblemLoader Replaying proof Disjoint[Disjoint::disjoint_8()].JML operation contract.0 
17375      DEBUG main            d.u.i.k.p.i.IntermediateProofReplayer Proof replay took 356.21ns 
20036      INFO  main            d.u.i.k.p.r.p.TestFile    ... finished proof: closed. 
20249      INFO  main            d.u.i.k.p.i.AbstractProblemLoader Loading environment from /home/runner/work/key/key/key.core/../key.ui/examples/performance-test/Disjoint(Disjoint__disjoint_08()).JML_operation_contract.0.key.proof 
20253      DEBUG main            d.u.i.k.p.i.AbstractProblemLoader Environment load took 3.34ms 
20256      INFO  main            d.u.i.k.p.i.AbstractProblemLoader Creating init config 
23420      DEBUG main            d.u.i.k.j.r.ClassPreparationMethodBuilder clPrepBuilder: Inner Class detected. Reject building class initialisation methods. 
30862      DEBUG main            d.u.i.k.p.i.AbstractProblemLoader Init config took 10.61s 
30988      INFO  main            d.u.i.k.p.i.AbstractProblemLoader Replaying proof Disjoint[Disjoint::disjoint_8()].JML operation contract.0 
31400      DEBUG main            d.u.i.k.p.i.IntermediateProofReplayer Proof replay took 398.69ms 
31409      DEBUG main            d.u.i.k.p.r.p.TestFile    ... success: reloaded. 
31411      INFO  main            d.u.i.k.p.r.p.TestFile    Now processing file /home/runner/work/key/key/key.core/../key.ui/examples/performance-test/Disjoint(Disjoint__disjoint2_08()).JML_operation_contract.0.key 
31412      INFO  main            d.u.i.k.p.i.AbstractProblemLoader Loading environment from /home/runner/work/key/key/key.core/../key.ui/examples/performance-test/Disjoint(Disjoint__disjoint2_08()).JML_operation_contract.0.key 
31412      DEBUG main            d.u.i.k.p.i.AbstractProblemLoader Environment load took 350.21ns 
31414      INFO  main            d.u.i.k.p.i.AbstractProblemLoader Creating init config 
34526      DEBUG main            d.u.i.k.j.r.ClassPreparationMethodBuilder clPrepBuilder: Inner Class detected. Reject building class initialisation methods. 
41634      DEBUG main            d.u.i.k.p.i.AbstractProblemLoader Init config took 10.22s 
41740      INFO  main            d.u.i.k.p.i.AbstractProblemLoader Replaying proof Disjoint[Disjoint::disjoint2_8()].JML operation contract.0 
41743      DEBUG main            d.u.i.k.p.i.IntermediateProofReplayer Proof replay took 22.9ns 
42754      INFO  main            d.u.i.k.p.r.p.TestFile    ... finished proof: closed. 
43033      INFO  main            d.u.i.k.p.i.AbstractProblemLoader Loading environment from /home/runner/work/key/key/key.core/../key.ui/examples/performance-test/Disjoint(Disjoint__disjoint2_08()).JML_operation_contract.0.key.proof 
43033      DEBUG main            d.u.i.k.p.i.AbstractProblemLoader Environment load took 298.11ns 
43035      INFO  main            d.u.i.k.p.i.AbstractProblemLoader Creating init config 
45995      DEBUG main            d.u.i.k.j.r.ClassPreparationMethodBuilder clPrepBuilder: Inner Class detected. Reject building class initialisation methods. 
53053      DEBUG main            d.u.i.k.p.i.AbstractProblemLoader Init config took 10.02s 
53194      INFO  main            d.u.i.k.p.i.AbstractProblemLoader Replaying proof Disjoint[Disjoint::disjoint2_8()].JML operation contract.0 
53289      DEBUG main            d.u.i.k.p.i.IntermediateProofReplayer Proof replay took 90.9ms 
53292      DEBUG main            d.u.i.k.p.r.p.TestFile    ... success: reloaded. 
53300      INFO  main            d.u.i.k.p.r.p.TestFile    Now processing file /home/runner/work/key/key/key.core/../key.ui/examples/performance-test/AccessChain1(AccessChain1__foo_08()).JML_operation_contract.0.key 
53300      INFO  main            d.u.i.k.p.i.AbstractProblemLoader Loading environment from /home/runner/work/key/key/key.core/../key.ui/examples/performance-test/AccessChain1(AccessChain1__foo_08()).JML_operation_contract.0.key 
53301      DEBUG main            d.u.i.k.p.i.AbstractProblemLoader Environment load took 830.62ns 
53303      INFO  main            d.u.i.k.p.i.AbstractProblemLoader Creating init config 
56271      DEBUG main            d.u.i.k.j.r.ClassPreparationMethodBuilder clPrepBuilder: Inner Class detected. Reject building class initialisation methods. 
63274      DEBUG main            d.u.i.k.p.i.AbstractProblemLoader Init config took 9.97s 
63372      INFO  main            d.u.i.k.p.i.AbstractProblemLoader Replaying proof AccessChain1[AccessChain1::foo_8()].JML operation contract.0 
63375      DEBUG main            d.u.i.k.p.i.IntermediateProofReplayer Proof replay took 13ns 
65794      INFO  main            d.u.i.k.p.r.p.TestFile    ... finished proof: closed. 
66124      INFO  main            d.u.i.k.p.i.AbstractProblemLoader Loading environment from /home/runner/work/key/key/key.core/../key.ui/examples/performance-test/AccessChain1(AccessChain1__foo_08()).JML_operation_contract.0.key.proof 
66128      DEBUG main            d.u.i.k.p.i.AbstractProblemLoader Environment load took 4.14ms 
66131      INFO  main            d.u.i.k.p.i.AbstractProblemLoader Creating init config 
69059      DEBUG main            d.u.i.k.j.r.ClassPreparationMethodBuilder clPrepBuilder: Inner Class detected. Reject building class initialisation methods. 
75988      DEBUG main            d.u.i.k.p.i.AbstractProblemLoader Init config took 9.86s 
76095      INFO  main            d.u.i.k.p.i.AbstractProblemLoader Replaying proof AccessChain1[AccessChain1::foo_8()].JML operation contract.0 
76700      DEBUG main            d.u.i.k.p.i.IntermediateProofReplayer Proof replay took 588.35ms 
76704      DEBUG main            d.u.i.k.p.r.p.TestFile    ... success: reloaded. 
76707      INFO  main            d.u.i.k.p.r.p.TestFile    Now processing file /home/runner/work/key/key/key.core/../key.ui/examples/performance-test/AccessChain4(AccessChain4__foo_08()).JML_operation_contract.0.key 
76707      INFO  main            d.u.i.k.p.i.AbstractProblemLoader Loading environment from /home/runner/work/key/key/key.core/../key.ui/examples/performance-test/AccessChain4(AccessChain4__foo_08()).JML_operation_contract.0.key 
76707      DEBUG main            d.u.i.k.p.i.AbstractProblemLoader Environment load took 144.8ns 
76708      INFO  main            d.u.i.k.p.i.AbstractProblemLoader Creating init config 
79728      DEBUG main            d.u.i.k.j.r.ClassPreparationMethodBuilder clPrepBuilder: Inner Class detected. Reject building class initialisation methods. 
86681      DEBUG main            d.u.i.k.p.i.AbstractProblemLoader Init config took 9.97s 
86775      INFO  main            d.u.i.k.p.i.AbstractProblemLoader Replaying proof AccessChain4[AccessChain4::foo_8()].JML operation contract.0 
86777      DEBUG main            d.u.i.k.p.i.IntermediateProofReplayer Proof replay took 24.7ns 
92914      INFO  main            d.u.i.k.p.r.p.TestFile    ... finished proof: closed. 
93286      INFO  main            d.u.i.k.p.i.AbstractProblemLoader Loading environment from /home/runner/work/key/key/key.core/../key.ui/examples/performance-test/AccessChain4(AccessChain4__foo_08()).JML_operation_contract.0.key.proof 
93296      DEBUG main            d.u.i.k.p.i.AbstractProblemLoader Environment load took 9.84ms 
93301      INFO  main            d.u.i.k.p.i.AbstractProblemLoader Creating init config 
96191      DEBUG main            d.u.i.k.j.r.ClassPreparationMethodBuilder clPrepBuilder: Inner Class detected. Reject building class initialisation methods. 
103062     DEBUG main            d.u.i.k.p.i.AbstractProblemLoader Init config took 9.76s 
103154     INFO  main            d.u.i.k.p.i.AbstractProblemLoader Replaying proof AccessChain4[AccessChain4::foo_8()].JML operation contract.0 
104130     DEBUG main            d.u.i.k.p.i.IntermediateProofReplayer Proof replay took 946.52ms 
104132     DEBUG main            d.u.i.k.p.r.p.TestFile    ... success: reloaded. 
104134     INFO  main            d.u.i.k.p.r.p.TestFile    Now processing file /home/runner/work/key/key/key.core/../key.ui/examples/performance-test/Disjoint(Disjoint__xZero_08()).JML_operation_contract.0.key 
104134     INFO  main            d.u.i.k.p.i.AbstractProblemLoader Loading environment from /home/runner/work/key/key/key.core/../key.ui/examples/performance-test/Disjoint(Disjoint__xZero_08()).JML_operation_contract.0.key 
104134     DEBUG main            d.u.i.k.p.i.AbstractProblemLoader Environment load took 120.7ns 
104135     INFO  main            d.u.i.k.p.i.AbstractProblemLoader Creating init config 
107148     DEBUG main            d.u.i.k.j.r.ClassPreparationMethodBuilder clPrepBuilder: Inner Class detected. Reject building class initialisation methods. 
114129     DEBUG main            d.u.i.k.p.i.AbstractProblemLoader Init config took 9.99s 
114219     INFO  main            d.u.i.k.p.i.AbstractProblemLoader Replaying proof Disjoint[Disjoint::xZero_8()].JML operation contract.0 
114221     DEBUG main            d.u.i.k.p.i.IntermediateProofReplayer Proof replay took 12.9ns 
115226     INFO  main            d.u.i.k.p.r.p.TestFile    ... finished proof: closed. 
115582     INFO  main            d.u.i.k.p.i.AbstractProblemLoader Loading environment from /home/runner/work/key/key/key.core/../key.ui/examples/performance-test/Disjoint(Disjoint__xZero_08()).JML_operation_contract.0.key.proof 
115583     DEBUG main            d.u.i.k.p.i.AbstractProblemLoader Environment load took 845.72ns 
115585     INFO  main            d.u.i.k.p.i.AbstractProblemLoader Creating init config 
118461     DEBUG main            d.u.i.k.j.r.ClassPreparationMethodBuilder clPrepBuilder: Inner Class detected. Reject building class initialisation methods. 
125377     DEBUG main            d.u.i.k.p.i.AbstractProblemLoader Init config took 9.79s 
125466     INFO  main            d.u.i.k.p.i.AbstractProblemLoader Replaying proof Disjoint[Disjoint::xZero_8()].JML operation contract.0 
125668     DEBUG main            d.u.i.k.p.i.IntermediateProofReplayer Proof replay took 194.35ms 
125670     DEBUG main            d.u.i.k.p.r.p.TestFile    ... success: reloaded. 
125672     INFO  main            d.u.i.k.p.r.p.TestFile    Now processing file /home/runner/work/key/key/key.core/../key.ui/examples/performance-test/Dynamic(Dynamic__foo_08()).JML_operation_contract.0.key 
125673     INFO  main            d.u.i.k.p.i.AbstractProblemLoader Loading environment from /home/runner/work/key/key/key.core/../key.ui/examples/performance-test/Dynamic(Dynamic__foo_08()).JML_operation_contract.0.key 
125673     DEBUG main            d.u.i.k.p.i.AbstractProblemLoader Environment load took 275.81ns 
125674     INFO  main            d.u.i.k.p.i.AbstractProblemLoader Creating init config 
128665     DEBUG main            d.u.i.k.j.r.ClassPreparationMethodBuilder clPrepBuilder: Inner Class detected. Reject building class initialisation methods. 
135571     DEBUG main            d.u.i.k.p.i.AbstractProblemLoader Init config took 9.9s 
135660     INFO  main            d.u.i.k.p.i.AbstractProblemLoader Replaying proof Dynamic[Dynamic::foo_8()].JML operation contract.0 
135662     DEBUG main            d.u.i.k.p.i.IntermediateProofReplayer Proof replay took 13.4ns 
140707     INFO  main            d.u.i.k.p.r.p.TestFile    ... finished proof: closed. 
141096     INFO  main            d.u.i.k.p.i.AbstractProblemLoader Loading environment from /home/runner/work/key/key/key.core/../key.ui/examples/performance-test/Dynamic(Dynamic__foo_08()).JML_operation_contract.0.key.proof 
141097     DEBUG main            d.u.i.k.p.i.AbstractProblemLoader Environment load took 603.01ns 
141099     INFO  main            d.u.i.k.p.i.AbstractProblemLoader Creating init config 
143974     DEBUG main            d.u.i.k.j.r.ClassPreparationMethodBuilder clPrepBuilder: Inner Class detected. Reject building class initialisation methods. 
150905     DEBUG main            d.u.i.k.p.i.AbstractProblemLoader Init config took 9.81s 
150995     INFO  main            d.u.i.k.p.i.AbstractProblemLoader Replaying proof Dynamic[Dynamic::foo_8()].JML operation contract.0 
151617     DEBUG main            d.u.i.k.p.i.IntermediateProofReplayer Proof replay took 597.18ms 
151620     DEBUG main            d.u.i.k.p.r.p.TestFile    ... success: reloaded. 
151622     INFO  main            d.u.i.k.p.r.p.TestFile    Now processing file /home/runner/work/key/key/key.core/../key.ui/examples/performance-test/DynamicGhost(DynamicGhost__dynamicGhost_08()).JML_normal_behavior_operation_contract.0.key 
151622     INFO  main            d.u.i.k.p.i.AbstractProblemLoader Loading environment from /home/runner/work/key/key/key.core/../key.ui/examples/performance-test/DynamicGhost(DynamicGhost__dynamicGhost_08()).JML_normal_behavior_operation_contract.0.key 
151623     DEBUG main            d.u.i.k.p.i.AbstractProblemLoader Environment load took 276.01ns 
151624     INFO  main            d.u.i.k.p.i.AbstractProblemLoader Creating init config 
154622     DEBUG main            d.u.i.k.j.r.ClassPreparationMethodBuilder clPrepBuilder: Inner Class detected. Reject building class initialisation methods. 
161543     DEBUG main            d.u.i.k.p.i.AbstractProblemLoader Init config took 9.92s 
161662     INFO  main            d.u.i.k.p.i.AbstractProblemLoader Replaying proof DynamicGhost[DynamicGhost::dynamicGhost_8()].JML normal_behavior operation contract.0 
161664     DEBUG main            d.u.i.k.p.i.IntermediateProofReplayer Proof replay took 14.2ns 
165679     INFO  main            d.u.i.k.p.r.p.TestFile    ... finished proof: closed. 
166113     INFO  main            d.u.i.k.p.i.AbstractProblemLoader Loading environment from /home/runner/work/key/key/key.core/../key.ui/examples/performance-test/DynamicGhost(DynamicGhost__dynamicGhost_08()).JML_normal_behavior_operation_contract.0.key.proof 
166113     DEBUG main            d.u.i.k.p.i.AbstractProblemLoader Environment load took 242.6ns 
166116     INFO  main            d.u.i.k.p.i.AbstractProblemLoader Creating init config 
168966     DEBUG main            d.u.i.k.j.r.ClassPreparationMethodBuilder clPrepBuilder: Inner Class detected. Reject building class initialisation methods. 
175863     DEBUG main            d.u.i.k.p.i.AbstractProblemLoader Init config took 9.75s 
175984     INFO  main            d.u.i.k.p.i.AbstractProblemLoader Replaying proof DynamicGhost[DynamicGhost::dynamicGhost_8()].JML normal_behavior operation contract.0 
176565     DEBUG main            d.u.i.k.p.i.IntermediateProofReplayer Proof replay took 561.99ms 
176568     DEBUG main            d.u.i.k.p.r.p.TestFile    ... success: reloaded. 
176570     INFO  main            d.u.i.k.p.r.p.TestFile    Now processing file /home/runner/work/key/key/key.core/../key.ui/examples/performance-test/GhostFrame(GhostFrame__foo_08()).JML_operation_contract.0.key 
176570     INFO  main            d.u.i.k.p.i.AbstractProblemLoader Loading environment from /home/runner/work/key/key/key.core/../key.ui/examples/performance-test/GhostFrame(GhostFrame__foo_08()).JML_operation_contract.0.key 
176571     DEBUG main            d.u.i.k.p.i.AbstractProblemLoader Environment load took 364.21ns 
176583     INFO  main            d.u.i.k.p.i.AbstractProblemLoader Creating init config 
179593     DEBUG main            d.u.i.k.j.r.ClassPreparationMethodBuilder clPrepBuilder: Inner Class detected. Reject building class initialisation methods. 
186540     DEBUG main            d.u.i.k.p.i.AbstractProblemLoader Init config took 9.96s 
186654     INFO  main            d.u.i.k.p.i.AbstractProblemLoader Replaying proof GhostFrame[GhostFrame::foo_8()].JML operation contract.0 
186656     DEBUG main            d.u.i.k.p.i.IntermediateProofReplayer Proof replay took 15.1ns 
188462     INFO  main            d.u.i.k.p.r.p.TestFile    ... finished proof: closed. 
188882     INFO  main            d.u.i.k.p.i.AbstractProblemLoader Loading environment from /home/runner/work/key/key/key.core/../key.ui/examples/performance-test/GhostFrame(GhostFrame__foo_08()).JML_operation_contract.0.key.proof 
188883     DEBUG main            d.u.i.k.p.i.AbstractProblemLoader Environment load took 753.92ns 
188884     INFO  main            d.u.i.k.p.i.AbstractProblemLoader Creating init config 
191720     DEBUG main            d.u.i.k.j.r.ClassPreparationMethodBuilder clPrepBuilder: Inner Class detected. Reject building class initialisation methods. 
198637     DEBUG main            d.u.i.k.p.i.AbstractProblemLoader Init config took 9.75s 
198725     INFO  main            d.u.i.k.p.i.AbstractProblemLoader Replaying proof GhostFrame[GhostFrame::foo_8()].JML operation contract.0 
199085     DEBUG main            d.u.i.k.p.i.IntermediateProofReplayer Proof replay took 352.3ms 
199087     DEBUG main            d.u.i.k.p.r.p.TestFile    ... success: reloaded. 
199088     INFO  main            d.u.i.k.p.r.p.TestFile    Now processing file /home/runner/work/key/key/key.core/../key.ui/examples/performance-test/Modelfield(Modelfield__foo_08()).JML_operation_contract.0.key 
199088     INFO  main            d.u.i.k.p.i.AbstractProblemLoader Loading environment from /home/runner/work/key/key/key.core/../key.ui/examples/performance-test/Modelfield(Modelfield__foo_08()).JML_operation_contract.0.key 
199088     DEBUG main            d.u.i.k.p.i.AbstractProblemLoader Environment load took 84ns 
199089     INFO  main            d.u.i.k.p.i.AbstractProblemLoader Creating init config 
202047     DEBUG main            d.u.i.k.j.r.ClassPreparationMethodBuilder clPrepBuilder: Inner Class detected. Reject building class initialisation methods. 
209003     DEBUG main            d.u.i.k.p.i.AbstractProblemLoader Init config took 9.91s 
209090     INFO  main            d.u.i.k.p.i.AbstractProblemLoader Replaying proof Modelfield[Modelfield::foo_8()].JML operation contract.0 
209091     DEBUG main            d.u.i.k.p.i.IntermediateProofReplayer Proof replay took 6.1ns 
212030     INFO  main            d.u.i.k.p.r.p.TestFile    ... finished proof: closed. 
212470     INFO  main            d.u.i.k.p.i.AbstractProblemLoader Loading environment from /home/runner/work/key/key/key.core/../key.ui/examples/performance-test/Modelfield(Modelfield__foo_08()).JML_operation_contract.0.key.proof 
212471     DEBUG main            d.u.i.k.p.i.AbstractProblemLoader Environment load took 767.42ns 
212473     INFO  main            d.u.i.k.p.i.AbstractProblemLoader Creating init config 
215300     DEBUG main            d.u.i.k.j.r.ClassPreparationMethodBuilder clPrepBuilder: Inner Class detected. Reject building class initialisation methods. 
222200     DEBUG main            d.u.i.k.p.i.AbstractProblemLoader Init config took 9.73s 
222286     INFO  main            d.u.i.k.p.i.AbstractProblemLoader Replaying proof Modelfield[Modelfield::foo_8()].JML operation contract.0 
222699     DEBUG main            d.u.i.k.p.i.IntermediateProofReplayer Proof replay took 400.29ms 
222702     DEBUG main            d.u.i.k.p.r.p.TestFile    ... success: reloaded. 
369013     INFO  Test worker     d.u.i.k.p.r.RunAllProofsTestUnit Returning from test performance 
369018     INFO  Test worker     d.u.i.k.p.r.RunAllProofsTestUnit Running test performancePOConstruction 
310        INFO  Timeout watchdog d.u.i.k.p.r.p.ForkedTestFileRunner Timeout watcher launched (2000 secs.) 
321        WARN  main            d.u.i.k.s.ProofSettings   The settings in /home/runner/.key/proof-settings.props are *not* read. 
348        INFO  main            d.u.i.k.p.r.p.TestFile    Now processing file /home/runner/work/key/key/key.core/../key.ui/examples/performance-test/Test(Test__a0(int)).JML_normal_behavior_operation_contract.0.key 
456        INFO  main            d.u.i.k.p.i.AbstractProblemLoader Loading environment from /home/runner/work/key/key/key.core/../key.ui/examples/performance-test/Test(Test__a0(int)).JML_normal_behavior_operation_contract.0.key 
483        DEBUG main            d.u.i.k.p.i.AbstractProblemLoader Environment load took 1.88ms 
708        INFO  main            d.u.i.k.p.i.AbstractProblemLoader Creating init config 
1682       DEBUG main            d.u.i.k.j.TypeConverter   No LDT found for Meta 
1683       DEBUG main            d.u.i.k.j.TypeConverter   No LDT found for Meta 
1686       DEBUG main            d.u.i.k.j.TypeConverter   No LDT found for Meta 
1686       DEBUG main            d.u.i.k.j.TypeConverter   No LDT found for Meta 
3227       DEBUG main            d.u.i.k.j.TypeConverter   No LDT found for JavaBigintExpression 
9106       DEBUG main            d.u.i.k.j.r.ClassPreparationMethodBuilder clPrepBuilder: Inner Class detected. Reject building class initialisation methods. 
17087      DEBUG main            d.u.i.k.p.i.AbstractProblemLoader Init config took 16.38s 
18130      INFO  main            d.u.i.k.p.i.AbstractProblemLoader Replaying proof Test[Test::a0(int)].JML normal_behavior operation contract.0 
18224      DEBUG main            d.u.i.k.p.i.IntermediateProofReplayer Proof replay took 35.9ns 
18765      INFO  main            d.u.i.k.p.r.p.TestFile    ... finished proof: closed. 
18922      INFO  main            d.u.i.k.p.i.AbstractProblemLoader Loading environment from /home/runner/work/key/key/key.core/../key.ui/examples/performance-test/Test(Test__a0(int)).JML_normal_behavior_operation_contract.0.key.proof 
18925      DEBUG main            d.u.i.k.p.i.AbstractProblemLoader Environment load took 3.81ms 
18927      INFO  main            d.u.i.k.p.i.AbstractProblemLoader Creating init config 
22072      DEBUG main            d.u.i.k.j.r.ClassPreparationMethodBuilder clPrepBuilder: Inner Class detected. Reject building class initialisation methods. 
29339      DEBUG main            d.u.i.k.p.i.AbstractProblemLoader Init config took 10.41s 
30238      INFO  main            d.u.i.k.p.i.AbstractProblemLoader Replaying proof Test[Test::a0(int)].JML normal_behavior operation contract.0 
30274      DEBUG main            d.u.i.k.p.i.IntermediateProofReplayer Proof replay took 31.5ms 
30283      DEBUG main            d.u.i.k.p.r.p.TestFile    ... success: reloaded. 
30284      INFO  main            d.u.i.k.p.r.p.TestFile    Now processing file /home/runner/work/key/key/key.core/../key.ui/examples/performance-test/Test(Test__a1(int)).JML_normal_behavior_operation_contract.0.key 
30285      INFO  main            d.u.i.k.p.i.AbstractProblemLoader Loading environment from /home/runner/work/key/key/key.core/../key.ui/examples/performance-test/Test(Test__a1(int)).JML_normal_behavior_operation_contract.0.key 
30285      DEBUG main            d.u.i.k.p.i.AbstractProblemLoader Environment load took 279.01ns 
30287      INFO  main            d.u.i.k.p.i.AbstractProblemLoader Creating init config 
33279      DEBUG main            d.u.i.k.j.r.ClassPreparationMethodBuilder clPrepBuilder: Inner Class detected. Reject building class initialisation methods. 
40280      DEBUG main            d.u.i.k.p.i.AbstractProblemLoader Init config took 9.99s 
41178      INFO  main            d.u.i.k.p.i.AbstractProblemLoader Replaying proof Test[Test::a1(int)].JML normal_behavior operation contract.0 
41180      DEBUG main            d.u.i.k.p.i.IntermediateProofReplayer Proof replay took 6.6ns 
41490      INFO  main            d.u.i.k.p.r.p.TestFile    ... finished proof: closed. 
41758      INFO  main            d.u.i.k.p.i.AbstractProblemLoader Loading environment from /home/runner/work/key/key/key.core/../key.ui/examples/performance-test/Test(Test__a1(int)).JML_normal_behavior_operation_contract.0.key.proof 
41762      DEBUG main            d.u.i.k.p.i.AbstractProblemLoader Environment load took 3.26ms 
41763      INFO  main            d.u.i.k.p.i.AbstractProblemLoader Creating init config 
44706      DEBUG main            d.u.i.k.j.r.ClassPreparationMethodBuilder clPrepBuilder: Inner Class detected. Reject building class initialisation methods. 
51730      DEBUG main            d.u.i.k.p.i.AbstractProblemLoader Init config took 9.97s 
52576      INFO  main            d.u.i.k.p.i.AbstractProblemLoader Replaying proof Test[Test::a1(int)].JML normal_behavior operation contract.0 
52646      DEBUG main            d.u.i.k.p.i.IntermediateProofReplayer Proof replay took 66.18ms 
52649      DEBUG main            d.u.i.k.p.r.p.TestFile    ... success: reloaded. 
52650      INFO  main            d.u.i.k.p.r.p.TestFile    Now processing file /home/runner/work/key/key/key.core/../key.ui/examples/performance-test/Test(Test__f1(int)).JML_normal_behavior_operation_contract.0.key 
52653      INFO  main            d.u.i.k.p.i.AbstractProblemLoader Loading environment from /home/runner/work/key/key/key.core/../key.ui/examples/performance-test/Test(Test__f1(int)).JML_normal_behavior_operation_contract.0.key 
52653      DEBUG main            d.u.i.k.p.i.AbstractProblemLoader Environment load took 348.41ns 
52655      INFO  main            d.u.i.k.p.i.AbstractProblemLoader Creating init config 
55567      DEBUG main            d.u.i.k.j.r.ClassPreparationMethodBuilder clPrepBuilder: Inner Class detected. Reject building class initialisation methods. 
62484      DEBUG main            d.u.i.k.p.i.AbstractProblemLoader Init config took 9.83s 
63325      INFO  main            d.u.i.k.p.i.AbstractProblemLoader Replaying proof Test[Test::f1(int)].JML normal_behavior operation contract.0 
63327      DEBUG main            d.u.i.k.p.i.IntermediateProofReplayer Proof replay took 6.4ns 
63534      INFO  main            d.u.i.k.p.r.p.TestFile    ... finished proof: closed. 
63845      INFO  main            d.u.i.k.p.i.AbstractProblemLoader Loading environment from /home/runner/work/key/key/key.core/../key.ui/examples/performance-test/Test(Test__f1(int)).JML_normal_behavior_operation_contract.0.key.proof 
63845      DEBUG main            d.u.i.k.p.i.AbstractProblemLoader Environment load took 512.01ns 
63847      INFO  main            d.u.i.k.p.i.AbstractProblemLoader Creating init config 
66712      DEBUG main            d.u.i.k.j.r.ClassPreparationMethodBuilder clPrepBuilder: Inner Class detected. Reject building class initialisation methods. 
73637      DEBUG main            d.u.i.k.p.i.AbstractProblemLoader Init config took 9.79s 
74496      INFO  main            d.u.i.k.p.i.AbstractProblemLoader Replaying proof Test[Test::f1(int)].JML normal_behavior operation contract.0 
74548      DEBUG main            d.u.i.k.p.i.IntermediateProofReplayer Proof replay took 48.38ms 
74550      DEBUG main            d.u.i.k.p.r.p.TestFile    ... success: reloaded. 
443739     INFO  Test worker     d.u.i.k.p.r.RunAllProofsTestUnit Returning from test performancePOConstruction 
443741     INFO  Test worker     d.u.i.k.p.r.RunAllProofsTestUnit Running test applicationRestrictions 
367        INFO  Timeout watchdog d.u.i.k.p.r.p.ForkedTestFileRunner Timeout watcher launched (2000 secs.) 
381        WARN  main            d.u.i.k.s.ProofSettings   The settings in /home/runner/.key/proof-settings.props are *not* read. 
411        INFO  main            d.u.i.k.p.r.p.TestFile    Now processing file /home/runner/work/key/key/key.core/../key.ui/examples/heap/polarity_tests/wellformed1.key 
522        INFO  main            d.u.i.k.p.i.AbstractProblemLoader Loading environment from /home/runner/work/key/key/key.core/../key.ui/examples/heap/polarity_tests/wellformed1.key 
539        DEBUG main            d.u.i.k.p.i.AbstractProblemLoader Environment load took 2.3ms 
774        INFO  main            d.u.i.k.p.i.AbstractProblemLoader Creating init config 
1632       DEBUG main            d.u.i.k.j.TypeConverter   No LDT found for Meta 
1636       DEBUG main            d.u.i.k.j.TypeConverter   No LDT found for Meta 
1639       DEBUG main            d.u.i.k.j.TypeConverter   No LDT found for Meta 
1639       DEBUG main            d.u.i.k.j.TypeConverter   No LDT found for Meta 
3116       DEBUG main            d.u.i.k.j.TypeConverter   No LDT found for JavaBigintExpression 
8051       DEBUG main            d.u.i.k.p.i.AbstractProblemLoader Init config took 7.28s 
8108       INFO  main            d.u.i.k.p.i.AbstractProblemLoader Replaying proof wellformed1.key 
8140       DEBUG main            d.u.i.k.p.i.IntermediateProofReplayer Proof replay took 34.4ns 
8326       INFO  main            d.u.i.k.p.r.p.TestFile    ... finished proof: closed. 
8476       INFO  main            d.u.i.k.p.i.AbstractProblemLoader Loading environment from /home/runner/work/key/key/key.core/../key.ui/examples/heap/polarity_tests/wellformed1.key.proof 
8476       DEBUG main            d.u.i.k.p.i.AbstractProblemLoader Environment load took 153.8ns 
8480       INFO  main            d.u.i.k.p.i.AbstractProblemLoader Creating init config 
11247      DEBUG main            d.u.i.k.p.i.AbstractProblemLoader Init config took 2.77s 
11276      INFO  main            d.u.i.k.p.i.AbstractProblemLoader Replaying proof wellformed1.key.proof 
11282      DEBUG main            d.u.i.k.p.i.IntermediateProofReplayer Proof replay took 2.27ms 
11293      DEBUG main            d.u.i.k.p.r.p.TestFile    ... success: reloaded. 
11294      INFO  main            d.u.i.k.p.r.p.TestFile    Now processing file /home/runner/work/key/key/key.core/../key.ui/examples/heap/polarity_tests/wellformed2.key 
11295      INFO  main            d.u.i.k.p.i.AbstractProblemLoader Loading environment from /home/runner/work/key/key/key.core/../key.ui/examples/heap/polarity_tests/wellformed2.key 
11295      DEBUG main            d.u.i.k.p.i.AbstractProblemLoader Environment load took 263.9ns 
11298      INFO  main            d.u.i.k.p.i.AbstractProblemLoader Creating init config 
13930      DEBUG main            d.u.i.k.p.i.AbstractProblemLoader Init config took 2.63s 
13959      INFO  main            d.u.i.k.p.i.AbstractProblemLoader Replaying proof wellformed2.key 
13961      DEBUG main            d.u.i.k.p.i.IntermediateProofReplayer Proof replay took 7.1ns 
14064      INFO  main            d.u.i.k.p.r.p.TestFile    ... finished proof: open goal(s) 
14190      INFO  main            d.u.i.k.p.r.p.TestFile    Now processing file /home/runner/work/key/key/key.core/../key.ui/examples/heap/polarity_tests/wellformed3.key 
14190      INFO  main            d.u.i.k.p.i.AbstractProblemLoader Loading environment from /home/runner/work/key/key/key.core/../key.ui/examples/heap/polarity_tests/wellformed3.key 
14191      DEBUG main            d.u.i.k.p.i.AbstractProblemLoader Environment load took 83.8ns 
14192      INFO  main            d.u.i.k.p.i.AbstractProblemLoader Creating init config 
16706      DEBUG main            d.u.i.k.p.i.AbstractProblemLoader Init config took 2.51s 
16744      INFO  main            d.u.i.k.p.i.AbstractProblemLoader Replaying proof wellformed3.key 
16746      DEBUG main            d.u.i.k.p.i.IntermediateProofReplayer Proof replay took 6.3ns 
16849      INFO  main            d.u.i.k.p.r.p.TestFile    ... finished proof: closed. 
16966      INFO  main            d.u.i.k.p.i.AbstractProblemLoader Loading environment from /home/runner/work/key/key/key.core/../key.ui/examples/heap/polarity_tests/wellformed3.key.proof 
16966      DEBUG main            d.u.i.k.p.i.AbstractProblemLoader Environment load took 130.5ns 
16968      INFO  main            d.u.i.k.p.i.AbstractProblemLoader Creating init config 
19592      DEBUG main            d.u.i.k.p.i.AbstractProblemLoader Init config took 2.62s 
19613      INFO  main            d.u.i.k.p.i.AbstractProblemLoader Replaying proof wellformed3.key.proof 
19618      DEBUG main            d.u.i.k.p.i.IntermediateProofReplayer Proof replay took 2.29ms 
19619      DEBUG main            d.u.i.k.p.r.p.TestFile    ... success: reloaded. 
19620      INFO  main            d.u.i.k.p.r.p.TestFile    Now processing file /home/runner/work/key/key/key.core/../key.ui/examples/heap/polarity_tests/wellformed4.key 
19620      INFO  main            d.u.i.k.p.i.AbstractProblemLoader Loading environment from /home/runner/work/key/key/key.core/../key.ui/examples/heap/polarity_tests/wellformed4.key 
19621      DEBUG main            d.u.i.k.p.i.AbstractProblemLoader Environment load took 263.81ns 
19622      INFO  main            d.u.i.k.p.i.AbstractProblemLoader Creating init config 
22128      DEBUG main            d.u.i.k.p.i.AbstractProblemLoader Init config took 2.51s 
22149      INFO  main            d.u.i.k.p.i.AbstractProblemLoader Replaying proof wellformed4.key 
22151      DEBUG main            d.u.i.k.p.i.IntermediateProofReplayer Proof replay took 7.5ns 
22256      INFO  main            d.u.i.k.p.r.p.TestFile    ... finished proof: open goal(s) 
22385      INFO  main            d.u.i.k.p.r.p.TestFile    Now processing file /home/runner/work/key/key/key.core/../key.ui/examples/heap/polarity_tests/wellformed5.key 
22385      INFO  main            d.u.i.k.p.i.AbstractProblemLoader Loading environment from /home/runner/work/key/key/key.core/../key.ui/examples/heap/polarity_tests/wellformed5.key 
22385      DEBUG main            d.u.i.k.p.i.AbstractProblemLoader Environment load took 81.7ns 
22386      INFO  main            d.u.i.k.p.i.AbstractProblemLoader Creating init config 
24928      DEBUG main            d.u.i.k.p.i.AbstractProblemLoader Init config took 2.54s 
24948      INFO  main            d.u.i.k.p.i.AbstractProblemLoader Replaying proof wellformed5.key 
24962      DEBUG main            d.u.i.k.p.i.IntermediateProofReplayer Proof replay took 8ns 
25065      INFO  main            d.u.i.k.p.r.p.TestFile    ... finished proof: closed. 
25186      INFO  main            d.u.i.k.p.i.AbstractProblemLoader Loading environment from /home/runner/work/key/key/key.core/../key.ui/examples/heap/polarity_tests/wellformed5.key.proof 
25186      DEBUG main            d.u.i.k.p.i.AbstractProblemLoader Environment load took 131ns 
25188      INFO  main            d.u.i.k.p.i.AbstractProblemLoader Creating init config 
27694      DEBUG main            d.u.i.k.p.i.AbstractProblemLoader Init config took 2.51s 
27713      INFO  main            d.u.i.k.p.i.AbstractProblemLoader Replaying proof wellformed5.key.proof 
27717      DEBUG main            d.u.i.k.p.i.IntermediateProofReplayer Proof replay took 1.32ms 
27718      DEBUG main            d.u.i.k.p.r.p.TestFile    ... success: reloaded. 
27719      INFO  main            d.u.i.k.p.r.p.TestFile    Now processing file /home/runner/work/key/key/key.core/../key.ui/examples/heap/polarity_tests/wellformed6.key 
27719      INFO  main            d.u.i.k.p.i.AbstractProblemLoader Loading environment from /home/runner/work/key/key/key.core/../key.ui/examples/heap/polarity_tests/wellformed6.key 
27719      DEBUG main            d.u.i.k.p.i.AbstractProblemLoader Environment load took 255.91ns 
27722      INFO  main            d.u.i.k.p.i.AbstractProblemLoader Creating init config 
30240      DEBUG main            d.u.i.k.p.i.AbstractProblemLoader Init config took 2.52s 
30260      INFO  main            d.u.i.k.p.i.AbstractProblemLoader Replaying proof wellformed6.key 
30261      DEBUG main            d.u.i.k.p.i.IntermediateProofReplayer Proof replay took 7.3ns 
30367      INFO  main            d.u.i.k.p.r.p.TestFile    ... finished proof: open goal(s) 
30519      INFO  main            d.u.i.k.p.r.p.TestFile    Now processing file /home/runner/work/key/key/key.core/../key.ui/examples/heap/polarity_tests/wellformed7.key 
30520      INFO  main            d.u.i.k.p.i.AbstractProblemLoader Loading environment from /home/runner/work/key/key/key.core/../key.ui/examples/heap/polarity_tests/wellformed7.key 
30520      DEBUG main            d.u.i.k.p.i.AbstractProblemLoader Environment load took 104.7ns 
30521      INFO  main            d.u.i.k.p.i.AbstractProblemLoader Creating init config 
32996      DEBUG main            d.u.i.k.p.i.AbstractProblemLoader Init config took 2.47s 
33018      INFO  main            d.u.i.k.p.i.AbstractProblemLoader Replaying proof wellformed7.key 
33021      DEBUG main            d.u.i.k.p.i.IntermediateProofReplayer Proof replay took 7.5ns 
33124      INFO  main            d.u.i.k.p.r.p.TestFile    ... finished proof: closed. 
33279      INFO  main            d.u.i.k.p.i.AbstractProblemLoader Loading environment from /home/runner/work/key/key/key.core/../key.ui/examples/heap/polarity_tests/wellformed7.key.proof 
33280      DEBUG main            d.u.i.k.p.i.AbstractProblemLoader Environment load took 129.1ns 
33283      INFO  main            d.u.i.k.p.i.AbstractProblemLoader Creating init config 
35757      DEBUG main            d.u.i.k.p.i.AbstractProblemLoader Init config took 2.47s 
35776      INFO  main            d.u.i.k.p.i.AbstractProblemLoader Replaying proof wellformed7.key.proof 
35779      DEBUG main            d.u.i.k.p.i.IntermediateProofReplayer Proof replay took 1.51ms 
35781      DEBUG main            d.u.i.k.p.r.p.TestFile    ... success: reloaded. 
35782      INFO  main            d.u.i.k.p.r.p.TestFile    Now processing file /home/runner/work/key/key/key.core/../key.ui/examples/heap/polarity_tests/wellformed8.key 
35782      INFO  main            d.u.i.k.p.i.AbstractProblemLoader Loading environment from /home/runner/work/key/key/key.core/../key.ui/examples/heap/polarity_tests/wellformed8.key 
35782      DEBUG main            d.u.i.k.p.i.AbstractProblemLoader Environment load took 238.21ns 
35784      INFO  main            d.u.i.k.p.i.AbstractProblemLoader Creating init config 
38282      DEBUG main            d.u.i.k.p.i.AbstractProblemLoader Init config took 2.5s 
38300      INFO  main            d.u.i.k.p.i.AbstractProblemLoader Replaying proof wellformed8.key 
38301      DEBUG main            d.u.i.k.p.i.IntermediateProofReplayer Proof replay took 9ns 
38404      INFO  main            d.u.i.k.p.r.p.TestFile    ... finished proof: open goal(s) 
38554      INFO  main            d.u.i.k.p.r.p.TestFile    Now processing file /home/runner/work/key/key/key.core/../key.ui/examples/heap/polarity_tests/wellformed9.key 
38554      INFO  main            d.u.i.k.p.i.AbstractProblemLoader Loading environment from /home/runner/work/key/key/key.core/../key.ui/examples/heap/polarity_tests/wellformed9.key 
38554      DEBUG main            d.u.i.k.p.i.AbstractProblemLoader Environment load took 72.3ns 
38555      INFO  main            d.u.i.k.p.i.AbstractProblemLoader Creating init config 
41002      DEBUG main            d.u.i.k.p.i.AbstractProblemLoader Init config took 2.45s 
41019      INFO  main            d.u.i.k.p.i.AbstractProblemLoader Replaying proof wellformed9.key 
41020      DEBUG main            d.u.i.k.p.i.IntermediateProofReplayer Proof replay took 7ns 
41123      INFO  main            d.u.i.k.p.r.p.TestFile    ... finished proof: closed. 
41262      INFO  main            d.u.i.k.p.i.AbstractProblemLoader Loading environment from /home/runner/work/key/key/key.core/../key.ui/examples/heap/polarity_tests/wellformed9.key.proof 
41262      DEBUG main            d.u.i.k.p.i.AbstractProblemLoader Environment load took 123.8ns 
41263      INFO  main            d.u.i.k.p.i.AbstractProblemLoader Creating init config 
43688      DEBUG main            d.u.i.k.p.i.AbstractProblemLoader Init config took 2.42s 
43705      INFO  main            d.u.i.k.p.i.AbstractProblemLoader Replaying proof wellformed9.key.proof 
43709      DEBUG main            d.u.i.k.p.i.IntermediateProofReplayer Proof replay took 1.82ms 
43711      DEBUG main            d.u.i.k.p.r.p.TestFile    ... success: reloaded. 
43711      INFO  main            d.u.i.k.p.r.p.TestFile    Now processing file /home/runner/work/key/key/key.core/../key.ui/examples/heap/polarity_tests/wellformed10.key 
43712      INFO  main            d.u.i.k.p.i.AbstractProblemLoader Loading environment from /home/runner/work/key/key/key.core/../key.ui/examples/heap/polarity_tests/wellformed10.key 
43713      DEBUG main            d.u.i.k.p.i.AbstractProblemLoader Environment load took 333.01ns 
43714      INFO  main            d.u.i.k.p.i.AbstractProblemLoader Creating init config 
46196      DEBUG main            d.u.i.k.p.i.AbstractProblemLoader Init config took 2.48s 
46214      INFO  main            d.u.i.k.p.i.AbstractProblemLoader Replaying proof wellformed10.key 
46216      DEBUG main            d.u.i.k.p.i.IntermediateProofReplayer Proof replay took 8.1ns 
46318      INFO  main            d.u.i.k.p.r.p.TestFile    ... finished proof: open goal(s) 
46475      INFO  main            d.u.i.k.p.r.p.TestFile    Now processing file /home/runner/work/key/key/key.core/../key.ui/examples/heap/polarity_tests/wellformed11.key 
46475      INFO  main            d.u.i.k.p.i.AbstractProblemLoader Loading environment from /home/runner/work/key/key/key.core/../key.ui/examples/heap/polarity_tests/wellformed11.key 
46476      DEBUG main            d.u.i.k.p.i.AbstractProblemLoader Environment load took 77.8ns 
46477      INFO  main            d.u.i.k.p.i.AbstractProblemLoader Creating init config 
48888      DEBUG main            d.u.i.k.p.i.AbstractProblemLoader Init config took 2.41s 
48904      INFO  main            d.u.i.k.p.i.AbstractProblemLoader Replaying proof wellformed11.key 
48906      DEBUG main            d.u.i.k.p.i.IntermediateProofReplayer Proof replay took 7.5ns 
49008      INFO  main            d.u.i.k.p.r.p.TestFile    ... finished proof: open goal(s) 
493089     INFO  Test worker     d.u.i.k.p.r.RunAllProofsTestUnit Returning from test applicationRestrictions 
493090     INFO  Test worker     d.u.i.k.p.r.RunAllProofsTestUnit Running test blockContracts 
392        INFO  Timeout watchdog d.u.i.k.p.r.p.ForkedTestFileRunner Timeout watcher launched (2000 secs.) 
402        WARN  main            d.u.i.k.s.ProofSettings   The settings in /home/runner/.key/proof-settings.props are *not* read. 
433        INFO  main            d.u.i.k.p.r.p.TestFile    Now processing file /home/runner/work/key/key/key.core/../key.ui/examples/heap/block_contracts/Simple__add.key 
546        INFO  main            d.u.i.k.p.i.AbstractProblemLoader Loading environment from /home/runner/work/key/key/key.core/../key.ui/examples/heap/block_contracts/Simple__add.key 
563        DEBUG main            d.u.i.k.p.i.AbstractProblemLoader Environment load took 2.03ms 
787        INFO  main            d.u.i.k.p.i.AbstractProblemLoader Creating init config 
1920       DEBUG main            d.u.i.k.j.TypeConverter   No LDT found for Meta 
1920       DEBUG main            d.u.i.k.j.TypeConverter   No LDT found for Meta 
1923       DEBUG main            d.u.i.k.j.TypeConverter   No LDT found for Meta 
1923       DEBUG main            d.u.i.k.j.TypeConverter   No LDT found for Meta 
3274       DEBUG main            d.u.i.k.j.TypeConverter   No LDT found for JavaBigintExpression 
8639       DEBUG main            d.u.i.k.p.i.AbstractProblemLoader Init config took 7.85s 
8817       INFO  main            d.u.i.k.p.i.AbstractProblemLoader Replaying proof Simple[Simple::add(int,int)].JML operation contract.0 
8899       DEBUG main            d.u.i.k.p.i.IntermediateProofReplayer Proof replay took 369.41ns 
9632       INFO  main            d.u.i.k.p.r.p.TestFile    ... finished proof: closed. 
9747       INFO  main            d.u.i.k.p.i.AbstractProblemLoader Loading environment from /home/runner/work/key/key/key.core/../key.ui/examples/heap/block_contracts/Simple__add.key.proof 
9747       DEBUG main            d.u.i.k.p.i.AbstractProblemLoader Environment load took 150.1ns 
9749       INFO  main            d.u.i.k.p.i.AbstractProblemLoader Creating init config 
12950      DEBUG main            d.u.i.k.p.i.AbstractProblemLoader Init config took 3.2s 
13025      INFO  main            d.u.i.k.p.i.AbstractProblemLoader Replaying proof Simple[Simple::add(int,int)].JML operation contract.0 
13141      DEBUG main            d.u.i.k.p.i.IntermediateProofReplayer Proof replay took 111.82ms 
13149      DEBUG main            d.u.i.k.p.r.p.TestFile    ... success: reloaded. 
13152      INFO  main            d.u.i.k.p.r.p.TestFile    Now processing file /home/runner/work/key/key/key.core/../key.ui/examples/heap/block_contracts/Simple__addAbsoluteValues.key 
13153      INFO  main            d.u.i.k.p.i.AbstractProblemLoader Loading environment from /home/runner/work/key/key/key.core/../key.ui/examples/heap/block_contracts/Simple__addAbsoluteValues.key 
13153      DEBUG main            d.u.i.k.p.i.AbstractProblemLoader Environment load took 280.51ns 
13157      INFO  main            d.u.i.k.p.i.AbstractProblemLoader Creating init config 
16397      DEBUG main            d.u.i.k.p.i.AbstractProblemLoader Init config took 3.24s 
16462      INFO  main            d.u.i.k.p.i.AbstractProblemLoader Replaying proof Simple[Simple::addAbsoluteValues(int,int)].JML normal_behavior operation contract.0 
16465      DEBUG main            d.u.i.k.p.i.IntermediateProofReplayer Proof replay took 16ns 
17377      INFO  main            d.u.i.k.p.r.p.TestFile    ... finished proof: closed. 
17561      INFO  main            d.u.i.k.p.i.AbstractProblemLoader Loading environment from /home/runner/work/key/key/key.core/../key.ui/examples/heap/block_contracts/Simple__addAbsoluteValues.key.proof 
17564      DEBUG main            d.u.i.k.p.i.AbstractProblemLoader Environment load took 3.56ms 
17566      INFO  main            d.u.i.k.p.i.AbstractProblemLoader Creating init config 
20630      DEBUG main            d.u.i.k.p.i.AbstractProblemLoader Init config took 3.06s 
20685      INFO  main            d.u.i.k.p.i.AbstractProblemLoader Replaying proof Simple[Simple::addAbsoluteValues(int,int)].JML normal_behavior operation contract.0 
20878      DEBUG main            d.u.i.k.p.i.IntermediateProofReplayer Proof replay took 184.3ms 
20880      DEBUG main            d.u.i.k.p.r.p.TestFile    ... success: reloaded. 
20881      INFO  main            d.u.i.k.p.r.p.TestFile    Now processing file /home/runner/work/key/key/key.core/../key.ui/examples/heap/block_contracts/Simple__addWithJump.key 
20882      INFO  main            d.u.i.k.p.i.AbstractProblemLoader Loading environment from /home/runner/work/key/key/key.core/../key.ui/examples/heap/block_contracts/Simple__addWithJump.key 
20882      DEBUG main            d.u.i.k.p.i.AbstractProblemLoader Environment load took 282.91ns 
20883      INFO  main            d.u.i.k.p.i.AbstractProblemLoader Creating init config 
23921      DEBUG main            d.u.i.k.p.i.AbstractProblemLoader Init config took 3.04s 
23991      INFO  main            d.u.i.k.p.i.AbstractProblemLoader Replaying proof Simple[Simple::addWithJump(int,int,int)].JML operation contract.0 
23993      DEBUG main            d.u.i.k.p.i.IntermediateProofReplayer Proof replay took 25.2ns 
24200      INFO  main            d.u.i.k.p.r.p.TestFile    ... finished proof: closed. 
24423      INFO  main            d.u.i.k.p.i.AbstractProblemLoader Loading environment from /home/runner/work/key/key/key.core/../key.ui/examples/heap/block_contracts/Simple__addWithJump.key.proof 
24423      DEBUG main            d.u.i.k.p.i.AbstractProblemLoader Environment load took 126.1ns 
24424      INFO  main            d.u.i.k.p.i.AbstractProblemLoader Creating init config 
27420      DEBUG main            d.u.i.k.p.i.AbstractProblemLoader Init config took 3s 
27467      INFO  main            d.u.i.k.p.i.AbstractProblemLoader Replaying proof Simple[Simple::addWithJump(int,int,int)].JML operation contract.0 
27514      DEBUG main            d.u.i.k.p.i.IntermediateProofReplayer Proof replay took 44.36ms 
27516      DEBUG main            d.u.i.k.p.r.p.TestFile    ... success: reloaded. 
27517      INFO  main            d.u.i.k.p.r.p.TestFile    Now processing file /home/runner/work/key/key/key.core/../key.ui/examples/heap/block_contracts/Simple__addWithTwoBlockContracts.key 
27518      INFO  main            d.u.i.k.p.i.AbstractProblemLoader Loading environment from /home/runner/work/key/key/key.core/../key.ui/examples/heap/block_contracts/Simple__addWithTwoBlockContracts.key 
27518      DEBUG main            d.u.i.k.p.i.AbstractProblemLoader Environment load took 257.2ns 
27519      INFO  main            d.u.i.k.p.i.AbstractProblemLoader Creating init config 
30540      DEBUG main            d.u.i.k.p.i.AbstractProblemLoader Init config took 3.02s 
30587      INFO  main            d.u.i.k.p.i.AbstractProblemLoader Replaying proof Simple[Simple::addWithTwoBlockContracts(int,int,int)].JML operation contract.0 
30589      DEBUG main            d.u.i.k.p.i.IntermediateProofReplayer Proof replay took 11.5ns 
30793      INFO  main            d.u.i.k.p.r.p.TestFile    ... finished proof: closed. 
30972      INFO  main            d.u.i.k.p.i.AbstractProblemLoader Loading environment from /home/runner/work/key/key/key.core/../key.ui/examples/heap/block_contracts/Simple__addWithTwoBlockContracts.key.proof 
30972      DEBUG main            d.u.i.k.p.i.AbstractProblemLoader Environment load took 125.6ns 
30973      INFO  main            d.u.i.k.p.i.AbstractProblemLoader Creating init config 
33899      DEBUG main            d.u.i.k.p.i.AbstractProblemLoader Init config took 2.93s 
33945      INFO  main            d.u.i.k.p.i.AbstractProblemLoader Replaying proof Simple[Simple::addWithTwoBlockContracts(int,int,int)].JML operation contract.0 
34003      DEBUG main            d.u.i.k.p.i.IntermediateProofReplayer Proof replay took 55.29ms 
34005      DEBUG main            d.u.i.k.p.r.p.TestFile    ... success: reloaded. 
34006      INFO  main            d.u.i.k.p.r.p.TestFile    Now processing file /home/runner/work/key/key/key.core/../key.ui/examples/heap/block_contracts/Simple__generateByteArray.key 
34007      INFO  main            d.u.i.k.p.i.AbstractProblemLoader Loading environment from /home/runner/work/key/key/key.core/../key.ui/examples/heap/block_contracts/Simple__generateByteArray.key 
34007      DEBUG main            d.u.i.k.p.i.AbstractProblemLoader Environment load took 254.41ns 
34008      INFO  main            d.u.i.k.p.i.AbstractProblemLoader Creating init config 
36990      DEBUG main            d.u.i.k.p.i.AbstractProblemLoader Init config took 2.98s 
37035      INFO  main            d.u.i.k.p.i.AbstractProblemLoader Replaying proof Simple[Simple::generateByteArray()].JML normal_behavior operation contract.0 
37038      DEBUG main            d.u.i.k.p.i.IntermediateProofReplayer Proof replay took 11.8ns 
38948      INFO  main            d.u.i.k.p.r.p.TestFile    ... finished proof: closed. 
39180      INFO  main            d.u.i.k.p.i.AbstractProblemLoader Loading environment from /home/runner/work/key/key/key.core/../key.ui/examples/heap/block_contracts/Simple__generateByteArray.key.proof 
39180      DEBUG main            d.u.i.k.p.i.AbstractProblemLoader Environment load took 732.62ns 
39182      INFO  main            d.u.i.k.p.i.AbstractProblemLoader Creating init config 
42074      DEBUG main            d.u.i.k.p.i.AbstractProblemLoader Init config took 2.89s 
42120      INFO  main            d.u.i.k.p.i.AbstractProblemLoader Replaying proof Simple[Simple::generateByteArray()].JML normal_behavior operation contract.0 
42386      DEBUG main            d.u.i.k.p.i.IntermediateProofReplayer Proof replay took 250.18ms 
42388      DEBUG main            d.u.i.k.p.r.p.TestFile    ... success: reloaded. 
42389      INFO  main            d.u.i.k.p.r.p.TestFile    Now processing file /home/runner/work/key/key/key.core/../key.ui/examples/heap/block_contracts/Simple__getLength.key 
42390      INFO  main            d.u.i.k.p.i.AbstractProblemLoader Loading environment from /home/runner/work/key/key/key.core/../key.ui/examples/heap/block_contracts/Simple__getLength.key 
42390      DEBUG main            d.u.i.k.p.i.AbstractProblemLoader Environment load took 279.31ns 
42391      INFO  main            d.u.i.k.p.i.AbstractProblemLoader Creating init config 
45356      DEBUG main            d.u.i.k.p.i.AbstractProblemLoader Init config took 2.96s 
45398      INFO  main            d.u.i.k.p.i.AbstractProblemLoader Replaying proof Simple[Simple::getLength()].JML normal_behavior operation contract.0 
45400      DEBUG main            d.u.i.k.p.i.IntermediateProofReplayer Proof replay took 18ns 
45503      INFO  main            d.u.i.k.p.r.p.TestFile    ... finished proof: closed. 
45739      INFO  main            d.u.i.k.p.i.AbstractProblemLoader Loading environment from /home/runner/work/key/key/key.core/../key.ui/examples/heap/block_contracts/Simple__getLength.key.proof 
45739      DEBUG main            d.u.i.k.p.i.AbstractProblemLoader Environment load took 121.8ns 
45740      INFO  main            d.u.i.k.p.i.AbstractProblemLoader Creating init config 
48623      DEBUG main            d.u.i.k.p.i.AbstractProblemLoader Init config took 2.88s 
48666      INFO  main            d.u.i.k.p.i.AbstractProblemLoader Replaying proof Simple[Simple::getLength()].JML normal_behavior operation contract.0 
48675      DEBUG main            d.u.i.k.p.i.IntermediateProofReplayer Proof replay took 7.22ms 
48676      DEBUG main            d.u.i.k.p.r.p.TestFile    ... success: reloaded. 
48678      INFO  main            d.u.i.k.p.r.p.TestFile    Now processing file /home/runner/work/key/key/key.core/../key.ui/examples/heap/block_contracts/Simple__square.key 
48678      INFO  main            d.u.i.k.p.i.AbstractProblemLoader Loading environment from /home/runner/work/key/key/key.core/../key.ui/examples/heap/block_contracts/Simple__square.key 
48678      DEBUG main            d.u.i.k.p.i.AbstractProblemLoader Environment load took 181ns 
48679      INFO  main            d.u.i.k.p.i.AbstractProblemLoader Creating init config 
51635      DEBUG main            d.u.i.k.p.i.AbstractProblemLoader Init config took 2.96s 
51678      INFO  main            d.u.i.k.p.i.AbstractProblemLoader Replaying proof Simple[Simple::square(int)].JML operation contract.0 
51680      DEBUG main            d.u.i.k.p.i.IntermediateProofReplayer Proof replay took 12.6ns 
51983      INFO  main            d.u.i.k.p.r.p.TestFile    ... finished proof: closed. 
52163      INFO  main            d.u.i.k.p.i.AbstractProblemLoader Loading environment from /home/runner/work/key/key/key.core/../key.ui/examples/heap/block_contracts/Simple__square.key.proof 
52164      DEBUG main            d.u.i.k.p.i.AbstractProblemLoader Environment load took 123.2ns 
52164      INFO  main            d.u.i.k.p.i.AbstractProblemLoader Creating init config 
55043      DEBUG main            d.u.i.k.p.i.AbstractProblemLoader Init config took 2.88s 
55085      INFO  main            d.u.i.k.p.i.AbstractProblemLoader Replaying proof Simple[Simple::square(int)].JML operation contract.0 
55177      DEBUG main            d.u.i.k.p.i.IntermediateProofReplayer Proof replay took 89.25ms 
55178      DEBUG main            d.u.i.k.p.r.p.TestFile    ... success: reloaded. 
55180      INFO  main            d.u.i.k.p.r.p.TestFile    Now processing file /home/runner/work/key/key/key.core/../key.ui/examples/heap/block_contracts/Simple__unnecessaryBlockContract.key 
55180      INFO  main            d.u.i.k.p.i.AbstractProblemLoader Loading environment from /home/runner/work/key/key/key.core/../key.ui/examples/heap/block_contracts/Simple__unnecessaryBlockContract.key 
55180      DEBUG main            d.u.i.k.p.i.AbstractProblemLoader Environment load took 108.9ns 
55181      INFO  main            d.u.i.k.p.i.AbstractProblemLoader Creating init config 
58150      DEBUG main            d.u.i.k.p.i.AbstractProblemLoader Init config took 2.97s 
58192      INFO  main            d.u.i.k.p.i.AbstractProblemLoader Replaying proof Simple[Simple::unnecessaryBlockContract()].JML operation contract.0 
58194      DEBUG main            d.u.i.k.p.i.IntermediateProofReplayer Proof replay took 15.1ns 
58299      INFO  main            d.u.i.k.p.r.p.TestFile    ... finished proof: closed. 
58514      INFO  main            d.u.i.k.p.i.AbstractProblemLoader Loading environment from /home/runner/work/key/key/key.core/../key.ui/examples/heap/block_contracts/Simple__unnecessaryBlockContract.key.proof 
58514      DEBUG main            d.u.i.k.p.i.AbstractProblemLoader Environment load took 132.4ns 
58515      INFO  main            d.u.i.k.p.i.AbstractProblemLoader Creating init config 
61361      DEBUG main            d.u.i.k.p.i.AbstractProblemLoader Init config took 2.85s 
61400      INFO  main            d.u.i.k.p.i.AbstractProblemLoader Replaying proof Simple[Simple::unnecessaryBlockContract()].JML operation contract.0 
61423      DEBUG main            d.u.i.k.p.i.IntermediateProofReplayer Proof replay took 21.33ms 
61424      DEBUG main            d.u.i.k.p.r.p.TestFile    ... success: reloaded. 
61425      INFO  main            d.u.i.k.p.r.p.TestFile    Now processing file /home/runner/work/key/key/key.core/../key.ui/examples/heap/block_contracts/Simple__unnecessaryLoopInvariant.key 
61426      INFO  main            d.u.i.k.p.i.AbstractProblemLoader Loading environment from /home/runner/work/key/key/key.core/../key.ui/examples/heap/block_contracts/Simple__unnecessaryLoopInvariant.key 
61426      DEBUG main            d.u.i.k.p.i.AbstractProblemLoader Environment load took 102.5ns 
61427      INFO  main            d.u.i.k.p.i.AbstractProblemLoader Creating init config 
64350      DEBUG main            d.u.i.k.p.i.AbstractProblemLoader Init config took 2.92s 
64389      INFO  main            d.u.i.k.p.i.AbstractProblemLoader Replaying proof Simple[Simple::unnecessaryLoopInvariant()].JML operation contract.0 
64391      DEBUG main            d.u.i.k.p.i.IntermediateProofReplayer Proof replay took 12.5ns 
64495      INFO  main            d.u.i.k.p.r.p.TestFile    ... finished proof: closed. 
64701      INFO  main            d.u.i.k.p.i.AbstractProblemLoader Loading environment from /home/runner/work/key/key/key.core/../key.ui/examples/heap/block_contracts/Simple__unnecessaryLoopInvariant.key.proof 
64701      DEBUG main            d.u.i.k.p.i.AbstractProblemLoader Environment load took 122.9ns 
64702      INFO  main            d.u.i.k.p.i.AbstractProblemLoader Creating init config 
67544      DEBUG main            d.u.i.k.p.i.AbstractProblemLoader Init config took 2.84s 
67594      INFO  main            d.u.i.k.p.i.AbstractProblemLoader Replaying proof Simple[Simple::unnecessaryLoopInvariant()].JML operation contract.0 
67607      DEBUG main            d.u.i.k.p.i.IntermediateProofReplayer Proof replay took 11.11ms 
67608      DEBUG main            d.u.i.k.p.r.p.TestFile    ... success: reloaded. 
67609      INFO  main            d.u.i.k.p.r.p.TestFile    Now processing file /home/runner/work/key/key/key.core/../key.ui/examples/standard_key/java_dl/jml-assert/assert.key 
67610      INFO  main            d.u.i.k.p.i.AbstractProblemLoader Loading environment from /home/runner/work/key/key/key.core/../key.ui/examples/standard_key/java_dl/jml-assert/assert.key 
67610      DEBUG main            d.u.i.k.p.i.AbstractProblemLoader Environment load took 230.6ns 
67611      INFO  main            d.u.i.k.p.i.AbstractProblemLoader Creating init config 
70206      DEBUG main            d.u.i.k.p.i.AbstractProblemLoader Init config took 2.6s 
70261      INFO  main            d.u.i.k.p.i.AbstractProblemLoader Replaying proof Assert[Assert::createArray(int)].JML normal_behavior operation contract.0 
70262      DEBUG main            d.u.i.k.p.i.IntermediateProofReplayer Proof replay took 6.5ns 
70468      INFO  main            d.u.i.k.p.r.p.TestFile    ... finished proof: closed. 
70666      INFO  main            d.u.i.k.p.i.AbstractProblemLoader Loading environment from /home/runner/work/key/key/key.core/../key.ui/examples/standard_key/java_dl/jml-assert/assert.key.proof 
70666      DEBUG main            d.u.i.k.p.i.AbstractProblemLoader Environment load took 125.7ns 
70667      INFO  main            d.u.i.k.p.i.AbstractProblemLoader Creating init config 
73142      DEBUG main            d.u.i.k.p.i.AbstractProblemLoader Init config took 2.47s 
73182      INFO  main            d.u.i.k.p.i.AbstractProblemLoader Replaying proof Assert[Assert::createArray(int)].JML normal_behavior operation contract.0 
73238      DEBUG main            d.u.i.k.p.i.IntermediateProofReplayer Proof replay took 53.23ms 
73239      DEBUG main            d.u.i.k.p.r.p.TestFile    ... success: reloaded. 
73241      INFO  main            d.u.i.k.p.r.p.TestFile    Now processing file /home/runner/work/key/key/key.core/../key.ui/examples/standard_key/java_dl/jml-assert/assert_assume_order.key 
73242      INFO  main            d.u.i.k.p.i.AbstractProblemLoader Loading environment from /home/runner/work/key/key/key.core/../key.ui/examples/standard_key/java_dl/jml-assert/assert_assume_order.key 
73245      DEBUG main            d.u.i.k.p.i.AbstractProblemLoader Environment load took 562.71ns 
73246      INFO  main            d.u.i.k.p.i.AbstractProblemLoader Creating init config 
75772      DEBUG main            d.u.i.k.p.i.AbstractProblemLoader Init config took 2.53s 
75809      INFO  main            d.u.i.k.p.i.AbstractProblemLoader Replaying proof AssertAssume[AssertAssume::singleAssumeAssert(int)].JML normal_behavior operation contract.0 
75811      DEBUG main            d.u.i.k.p.i.IntermediateProofReplayer Proof replay took 6.9ns 
75912      INFO  main            d.u.i.k.p.r.p.TestFile    ... finished proof: closed. 
76109      INFO  main            d.u.i.k.p.i.AbstractProblemLoader Loading environment from /home/runner/work/key/key/key.core/../key.ui/examples/standard_key/java_dl/jml-assert/assert_assume_order.key.proof 
76110      DEBUG main            d.u.i.k.p.i.AbstractProblemLoader Environment load took 123.5ns 
76111      INFO  main            d.u.i.k.p.i.AbstractProblemLoader Creating init config 
78599      DEBUG main            d.u.i.k.p.i.AbstractProblemLoader Init config took 2.49s 
78635      INFO  main            d.u.i.k.p.i.AbstractProblemLoader Replaying proof AssertAssume[AssertAssume::singleAssumeAssert(int)].JML normal_behavior operation contract.0 
78645      DEBUG main            d.u.i.k.p.i.IntermediateProofReplayer Proof replay took 8.15ms 
78646      DEBUG main            d.u.i.k.p.r.p.TestFile    ... success: reloaded. 
78648      INFO  main            d.u.i.k.p.r.p.TestFile    Now processing file /home/runner/work/key/key/key.core/../key.ui/examples/heap/block_loop_contracts/SimpleVariants/sum_onBlock_external.key 
78648      INFO  main            d.u.i.k.p.i.AbstractProblemLoader Loading environment from /home/runner/work/key/key/key.core/../key.ui/examples/heap/block_loop_contracts/SimpleVariants/sum_onBlock_external.key 
78648      DEBUG main            d.u.i.k.p.i.AbstractProblemLoader Environment load took 145.2ns 
78649      INFO  main            d.u.i.k.p.i.AbstractProblemLoader Creating init config 
81428      DEBUG main            d.u.i.k.p.i.AbstractProblemLoader Init config took 2.78s 
81463      INFO  main            d.u.i.k.p.i.AbstractProblemLoader Replaying proof LoopContractExamplesAll[LoopContractExamplesAll::sum_loopContract_onBlock([I)].JML normal_behavior operation contract.0 
81466      DEBUG main            d.u.i.k.p.i.IntermediateProofReplayer Proof replay took 12.6ns 
81572      INFO  main            d.u.i.k.p.r.p.TestFile    ... finished proof: closed. 
81795      INFO  main            d.u.i.k.p.i.AbstractProblemLoader Loading environment from /home/runner/work/key/key/key.core/../key.ui/examples/heap/block_loop_contracts/SimpleVariants/sum_onBlock_external.key.proof 
81795      DEBUG main            d.u.i.k.p.i.AbstractProblemLoader Environment load took 128.6ns 
81796      INFO  main            d.u.i.k.p.i.AbstractProblemLoader Creating init config 
84462      DEBUG main            d.u.i.k.p.i.AbstractProblemLoader Init config took 2.67s 
84504      INFO  main            d.u.i.k.p.i.AbstractProblemLoader Replaying proof LoopContractExamplesAll[LoopContractExamplesAll::sum_loopContract_onBlock([I)].JML normal_behavior operation contract.0 
84542      DEBUG main            d.u.i.k.p.i.IntermediateProofReplayer Proof replay took 35.7ms 
84543      DEBUG main            d.u.i.k.p.r.p.TestFile    ... success: reloaded. 
84544      INFO  main            d.u.i.k.p.r.p.TestFile    Now processing file /home/runner/work/key/key/key.core/../key.ui/examples/heap/block_loop_contracts/SimpleVariants/sum_onBlock_internal.key 
84545      INFO  main            d.u.i.k.p.i.AbstractProblemLoader Loading environment from /home/runner/work/key/key/key.core/../key.ui/examples/heap/block_loop_contracts/SimpleVariants/sum_onBlock_internal.key 
84545      DEBUG main            d.u.i.k.p.i.AbstractProblemLoader Environment load took 242.41ns 
84546      INFO  main            d.u.i.k.p.i.AbstractProblemLoader Creating init config 
87266      DEBUG main            d.u.i.k.p.i.AbstractProblemLoader Init config took 2.72s 
87301      INFO  main            d.u.i.k.p.i.AbstractProblemLoader Replaying proof LoopContractExamplesAll[LoopContractExamplesAll::sum_loopContract_onBlock([I)].JML normal_behavior operation contract.0 
87303      DEBUG main            d.u.i.k.p.i.IntermediateProofReplayer Proof replay took 12.3ns 
88007      INFO  main            d.u.i.k.p.r.p.TestFile    ... finished proof: closed. 
88265      INFO  main            d.u.i.k.p.i.AbstractProblemLoader Loading environment from /home/runner/work/key/key/key.core/../key.ui/examples/heap/block_loop_contracts/SimpleVariants/sum_onBlock_internal.key.proof 
88265      DEBUG main            d.u.i.k.p.i.AbstractProblemLoader Environment load took 122.4ns 
88266      INFO  main            d.u.i.k.p.i.AbstractProblemLoader Creating init config 
90951      DEBUG main            d.u.i.k.p.i.AbstractProblemLoader Init config took 2.69s 
90986      INFO  main            d.u.i.k.p.i.AbstractProblemLoader Replaying proof LoopContractExamplesAll[LoopContractExamplesAll::sum_loopContract_onBlock([I)].JML normal_behavior operation contract.0 
91262      DEBUG main            d.u.i.k.p.i.IntermediateProofReplayer Proof replay took 272.11ms 
91263      DEBUG main            d.u.i.k.p.r.p.TestFile    ... success: reloaded. 
91265      INFO  main            d.u.i.k.p.r.p.TestFile    Now processing file /home/runner/work/key/key/key.core/../key.ui/examples/heap/block_loop_contracts/SimpleVariants/sum_onBlock_loop.key 
91265      INFO  main            d.u.i.k.p.i.AbstractProblemLoader Loading environment from /home/runner/work/key/key/key.core/../key.ui/examples/heap/block_loop_contracts/SimpleVariants/sum_onBlock_loop.key 
91265      DEBUG main            d.u.i.k.p.i.AbstractProblemLoader Environment load took 234.5ns 
91266      INFO  main            d.u.i.k.p.i.AbstractProblemLoader Creating init config 
93985      DEBUG main            d.u.i.k.p.i.AbstractProblemLoader Init config took 2.72s 
94022      INFO  main            d.u.i.k.p.i.AbstractProblemLoader Replaying proof LoopContractExamplesAll[LoopContractExamplesAll::sum_loopContract_onBlock([I)].JML normal_behavior loop contract.0 
94024      DEBUG main            d.u.i.k.p.i.IntermediateProofReplayer Proof replay took 13ns 
94829      INFO  main            d.u.i.k.p.r.p.TestFile    ... finished proof: closed. 
95093      INFO  main            d.u.i.k.p.i.AbstractProblemLoader Loading environment from /home/runner/work/key/key/key.core/../key.ui/examples/heap/block_loop_contracts/SimpleVariants/sum_onBlock_loop.key.proof 
95093      DEBUG main            d.u.i.k.p.i.AbstractProblemLoader Environment load took 123.1ns 
95095      INFO  main            d.u.i.k.p.i.AbstractProblemLoader Creating init config 
97760      DEBUG main            d.u.i.k.p.i.AbstractProblemLoader Init config took 2.67s 
97801      INFO  main            d.u.i.k.p.i.AbstractProblemLoader Replaying proof LoopContractExamplesAll[LoopContractExamplesAll::sum_loopContract_onBlock([I)].JML normal_behavior loop contract.0 
98072      DEBUG main            d.u.i.k.p.i.IntermediateProofReplayer Proof replay took 266.46ms 
98073      DEBUG main            d.u.i.k.p.r.p.TestFile    ... success: reloaded. 
98075      INFO  main            d.u.i.k.p.r.p.TestFile    Now processing file /home/runner/work/key/key/key.core/../key.ui/examples/heap/block_loop_contracts/SimpleVariants/sum_onLoop_external.key 
98075      INFO  main            d.u.i.k.p.i.AbstractProblemLoader Loading environment from /home/runner/work/key/key/key.core/../key.ui/examples/heap/block_loop_contracts/SimpleVariants/sum_onLoop_external.key 
98075      DEBUG main            d.u.i.k.p.i.AbstractProblemLoader Environment load took 229.1ns 
98076      INFO  main            d.u.i.k.p.i.AbstractProblemLoader Creating init config 
100829     DEBUG main            d.u.i.k.p.i.AbstractProblemLoader Init config took 2.75s 
100863     INFO  main            d.u.i.k.p.i.AbstractProblemLoader Replaying proof LoopContractExamplesAll[LoopContractExamplesAll::sum_loopContract_onLoop([I)].JML normal_behavior operation contract.0 
100865     DEBUG main            d.u.i.k.p.i.IntermediateProofReplayer Proof replay took 12.4ns 
100971     INFO  main            d.u.i.k.p.r.p.TestFile    ... finished proof: closed. 
101242     INFO  main            d.u.i.k.p.i.AbstractProblemLoader Loading environment from /home/runner/work/key/key/key.core/../key.ui/examples/heap/block_loop_contracts/SimpleVariants/sum_onLoop_external.key.proof 
101242     DEBUG main            d.u.i.k.p.i.AbstractProblemLoader Environment load took 125.4ns 
101243     INFO  main            d.u.i.k.p.i.AbstractProblemLoader Creating init config 
103912     DEBUG main            d.u.i.k.p.i.AbstractProblemLoader Init config took 2.67s 
103950     INFO  main            d.u.i.k.p.i.AbstractProblemLoader Replaying proof LoopContractExamplesAll[LoopContractExamplesAll::sum_loopContract_onLoop([I)].JML normal_behavior operation contract.0 
103980     DEBUG main            d.u.i.k.p.i.IntermediateProofReplayer Proof replay took 27.73ms 
103981     DEBUG main            d.u.i.k.p.r.p.TestFile    ... success: reloaded. 
103982     INFO  main            d.u.i.k.p.r.p.TestFile    Now processing file /home/runner/work/key/key/key.core/../key.ui/examples/heap/block_loop_contracts/SimpleVariants/sum_onLoop_internal.key 
103982     INFO  main            d.u.i.k.p.i.AbstractProblemLoader Loading environment from /home/runner/work/key/key/key.core/../key.ui/examples/heap/block_loop_contracts/SimpleVariants/sum_onLoop_internal.key 
103982     DEBUG main            d.u.i.k.p.i.AbstractProblemLoader Environment load took 98.9ns 
103983     INFO  main            d.u.i.k.p.i.AbstractProblemLoader Creating init config 
106666     DEBUG main            d.u.i.k.p.i.AbstractProblemLoader Init config took 2.68s 
106701     INFO  main            d.u.i.k.p.i.AbstractProblemLoader Replaying proof LoopContractExamplesAll[LoopContractExamplesAll::sum_loopContract_onLoop([I)].JML normal_behavior operation contract.0 
106703     DEBUG main            d.u.i.k.p.i.IntermediateProofReplayer Proof replay took 11.9ns 
107412     INFO  main            d.u.i.k.p.r.p.TestFile    ... finished proof: closed. 
107652     INFO  main            d.u.i.k.p.i.AbstractProblemLoader Loading environment from /home/runner/work/key/key/key.core/../key.ui/examples/heap/block_loop_contracts/SimpleVariants/sum_onLoop_internal.key.proof 
107652     DEBUG main            d.u.i.k.p.i.AbstractProblemLoader Environment load took 123.2ns 
107653     INFO  main            d.u.i.k.p.i.AbstractProblemLoader Creating init config 
110306     DEBUG main            d.u.i.k.p.i.AbstractProblemLoader Init config took 2.65s 
110352     INFO  main            d.u.i.k.p.i.AbstractProblemLoader Replaying proof LoopContractExamplesAll[LoopContractExamplesAll::sum_loopContract_onLoop([I)].JML normal_behavior operation contract.0 
110609     DEBUG main            d.u.i.k.p.i.IntermediateProofReplayer Proof replay took 249.01ms 
110613     DEBUG main            d.u.i.k.p.r.p.TestFile    ... success: reloaded. 
110615     INFO  main            d.u.i.k.p.r.p.TestFile    Now processing file /home/runner/work/key/key/key.core/../key.ui/examples/heap/block_loop_contracts/SimpleVariants/sum_onLoop_loop.key 
110616     INFO  main            d.u.i.k.p.i.AbstractProblemLoader Loading environment from /home/runner/work/key/key/key.core/../key.ui/examples/heap/block_loop_contracts/SimpleVariants/sum_onLoop_loop.key 
110616     DEBUG main            d.u.i.k.p.i.AbstractProblemLoader Environment load took 248.01ns 
110618     INFO  main            d.u.i.k.p.i.AbstractProblemLoader Creating init config 
113382     DEBUG main            d.u.i.k.p.i.AbstractProblemLoader Init config took 2.76s 
113417     INFO  main            d.u.i.k.p.i.AbstractProblemLoader Replaying proof LoopContractExamplesAll[LoopContractExamplesAll::sum_loopContract_onLoop([I)].JML normal_behavior loop contract.0 
113419     DEBUG main            d.u.i.k.p.i.IntermediateProofReplayer Proof replay took 11.6ns 
114161     INFO  main            d.u.i.k.p.r.p.TestFile    ... finished proof: closed. 
114447     INFO  main            d.u.i.k.p.i.AbstractProblemLoader Loading environment from /home/runner/work/key/key/key.core/../key.ui/examples/heap/block_loop_contracts/SimpleVariants/sum_onLoop_loop.key.proof 
114447     DEBUG main            d.u.i.k.p.i.AbstractProblemLoader Environment load took 612.61ns 
114449     INFO  main            d.u.i.k.p.i.AbstractProblemLoader Creating init config 
117087     DEBUG main            d.u.i.k.p.i.AbstractProblemLoader Init config took 2.64s 
117127     INFO  main            d.u.i.k.p.i.AbstractProblemLoader Replaying proof LoopContractExamplesAll[LoopContractExamplesAll::sum_loopContract_onLoop([I)].JML normal_behavior loop contract.0 
117371     DEBUG main            d.u.i.k.p.i.IntermediateProofReplayer Proof replay took 239.74ms 
117372     DEBUG main            d.u.i.k.p.r.p.TestFile    ... success: reloaded. 
117373     INFO  main            d.u.i.k.p.r.p.TestFile    Now processing file /home/runner/work/key/key/key.core/../key.ui/examples/heap/block_loop_contracts/Free/blockContracts0.key 
117373     INFO  main            d.u.i.k.p.i.AbstractProblemLoader Loading environment from /home/runner/work/key/key/key.core/../key.ui/examples/heap/block_loop_contracts/Free/blockContracts0.key 
117373     DEBUG main            d.u.i.k.p.i.AbstractProblemLoader Environment load took 63.3ns 
117374     INFO  main            d.u.i.k.p.i.AbstractProblemLoader Creating init config 
119779     DEBUG main            d.u.i.k.p.i.AbstractProblemLoader Init config took 2.4s 
119813     INFO  main            d.u.i.k.p.i.AbstractProblemLoader Replaying proof FreeConditions[FreeConditions::blockContract0()].JML normal_behavior operation contract.0 
119814     DEBUG main            d.u.i.k.p.i.IntermediateProofReplayer Proof replay took 12.4ns 
119918     INFO  main            d.u.i.k.p.r.p.TestFile    ... finished proof: closed. 
120200     INFO  main            d.u.i.k.p.i.AbstractProblemLoader Loading environment from /home/runner/work/key/key/key.core/../key.ui/examples/heap/block_loop_contracts/Free/blockContracts0.key.proof 
120200     DEBUG main            d.u.i.k.p.i.AbstractProblemLoader Environment load took 114.1ns 
120201     INFO  main            d.u.i.k.p.i.AbstractProblemLoader Creating init config 
122524     DEBUG main            d.u.i.k.p.i.AbstractProblemLoader Init config took 2.32s 
122558     INFO  main            d.u.i.k.p.i.AbstractProblemLoader Replaying proof FreeConditions[FreeConditions::blockContract0()].JML normal_behavior operation contract.0 
122581     DEBUG main            d.u.i.k.p.i.IntermediateProofReplayer Proof replay took 20.5ms 
122582     DEBUG main            d.u.i.k.p.r.p.TestFile    ... success: reloaded. 
122582     INFO  main            d.u.i.k.p.r.p.TestFile    Now processing file /home/runner/work/key/key/key.core/../key.ui/examples/heap/block_loop_contracts/Free/blockContracts1.key 
122583     INFO  main            d.u.i.k.p.i.AbstractProblemLoader Loading environment from /home/runner/work/key/key/key.core/../key.ui/examples/heap/block_loop_contracts/Free/blockContracts1.key 
122583     DEBUG main            d.u.i.k.p.i.AbstractProblemLoader Environment load took 100.4ns 
122584     INFO  main            d.u.i.k.p.i.AbstractProblemLoader Creating init config 
124950     DEBUG main            d.u.i.k.p.i.AbstractProblemLoader Init config took 2.37s 
124983     INFO  main            d.u.i.k.p.i.AbstractProblemLoader Replaying proof FreeConditions[FreeConditions::blockContract1()].JML normal_behavior operation contract.0 
124984     DEBUG main            d.u.i.k.p.i.IntermediateProofReplayer Proof replay took 17.2ns 
125109     INFO  main            d.u.i.k.p.r.p.TestFile    ... finished proof: closed. 
125353     INFO  main            d.u.i.k.p.i.AbstractProblemLoader Loading environment from /home/runner/work/key/key/key.core/../key.ui/examples/heap/block_loop_contracts/Free/blockContracts1.key.proof 
125353     DEBUG main            d.u.i.k.p.i.AbstractProblemLoader Environment load took 111.9ns 
125354     INFO  main            d.u.i.k.p.i.AbstractProblemLoader Creating init config 
127652     DEBUG main            d.u.i.k.p.i.AbstractProblemLoader Init config took 2.3s 
127685     INFO  main            d.u.i.k.p.i.AbstractProblemLoader Replaying proof FreeConditions[FreeConditions::blockContract1()].JML normal_behavior operation contract.0 
127704     DEBUG main            d.u.i.k.p.i.IntermediateProofReplayer Proof replay took 16.8ms 
127705     DEBUG main            d.u.i.k.p.r.p.TestFile    ... success: reloaded. 
127706     INFO  main            d.u.i.k.p.r.p.TestFile    Now processing file /home/runner/work/key/key/key.core/../key.ui/examples/heap/block_loop_contracts/Finally/block_finally.key 
127706     INFO  main            d.u.i.k.p.i.AbstractProblemLoader Loading environment from /home/runner/work/key/key/key.core/../key.ui/examples/heap/block_loop_contracts/Finally/block_finally.key 
127706     DEBUG main            d.u.i.k.p.i.AbstractProblemLoader Environment load took 108.1ns 
127707     INFO  main            d.u.i.k.p.i.AbstractProblemLoader Creating init config 
130135     DEBUG main            d.u.i.k.p.i.AbstractProblemLoader Init config took 2.43s 
130170     INFO  main            d.u.i.k.p.i.AbstractProblemLoader Replaying proof AuxiliaryContractsFinally[AuxiliaryContractsFinally::breakThrowContinueBlockContract(java.lang.Exception)].JML block contract.0 
130172     DEBUG main            d.u.i.k.p.i.IntermediateProofReplayer Proof replay took 13.5ns 
130676     INFO  main            d.u.i.k.p.r.p.TestFile    ... finished proof: open goal(s) 
130967     INFO  main            d.u.i.k.p.r.p.TestFile    Now processing file /home/runner/work/key/key/key.core/../key.ui/examples/heap/block_loop_contracts/Finally/loop_finally.key 
130968     INFO  main            d.u.i.k.p.i.AbstractProblemLoader Loading environment from /home/runner/work/key/key/key.core/../key.ui/examples/heap/block_loop_contracts/Finally/loop_finally.key 
130968     DEBUG main            d.u.i.k.p.i.AbstractProblemLoader Environment load took 95.7ns 
130969     INFO  main            d.u.i.k.p.i.AbstractProblemLoader Creating init config 
133300     DEBUG main            d.u.i.k.p.i.AbstractProblemLoader Init config took 2.33s 
133338     INFO  main            d.u.i.k.p.i.AbstractProblemLoader Replaying proof AuxiliaryContractsFinally[AuxiliaryContractsFinally::breakThrowContinueLoopContract(java.lang.Exception)].JML normal_behavior loop contract.0 
133340     DEBUG main            d.u.i.k.p.i.IntermediateProofReplayer Proof replay took 12.5ns 
133954     INFO  main            d.u.i.k.p.r.p.TestFile    ... finished proof: open goal(s) 
627575     INFO  Test worker     d.u.i.k.p.r.RunAllProofsTestUnit Returning from test blockContracts 
627576     INFO  Test worker     d.u.i.k.p.r.RunAllProofsTestUnit Running test jmlAsserts 
414        INFO  Timeout watchdog d.u.i.k.p.r.p.ForkedTestFileRunner Timeout watcher launched (2000 secs.) 
441        WARN  main            d.u.i.k.s.ProofSettings   The settings in /home/runner/.key/proof-settings.props are *not* read. 
488        INFO  main            d.u.i.k.p.r.p.TestFile    Now processing file /home/runner/work/key/key/key.core/../key.ui/examples/standard_key/java_dl/jml-assert/assert.key 
609        INFO  main            d.u.i.k.p.i.AbstractProblemLoader Loading environment from /home/runner/work/key/key/key.core/../key.ui/examples/standard_key/java_dl/jml-assert/assert.key 
626        DEBUG main            d.u.i.k.p.i.AbstractProblemLoader Environment load took 2.38ms 
863        INFO  main            d.u.i.k.p.i.AbstractProblemLoader Creating init config 
1781       DEBUG main            d.u.i.k.j.TypeConverter   No LDT found for Meta 
1782       DEBUG main            d.u.i.k.j.TypeConverter   No LDT found for Meta 
1783       DEBUG main            d.u.i.k.j.TypeConverter   No LDT found for Meta 
1783       DEBUG main            d.u.i.k.j.TypeConverter   No LDT found for Meta 
3046       DEBUG main            d.u.i.k.j.TypeConverter   No LDT found for JavaBigintExpression 
8350       DEBUG main            d.u.i.k.p.i.AbstractProblemLoader Init config took 7.49s 
8478       INFO  main            d.u.i.k.p.i.AbstractProblemLoader Replaying proof Assert[Assert::createArray(int)].JML normal_behavior operation contract.0 
8511       DEBUG main            d.u.i.k.p.i.IntermediateProofReplayer Proof replay took 34.4ns 
9439       INFO  main            d.u.i.k.p.r.p.TestFile    ... finished proof: closed. 
9554       INFO  main            d.u.i.k.p.i.AbstractProblemLoader Loading environment from /home/runner/work/key/key/key.core/../key.ui/examples/standard_key/java_dl/jml-assert/assert.key.proof 
9554       DEBUG main            d.u.i.k.p.i.AbstractProblemLoader Environment load took 157.2ns 
9559       INFO  main            d.u.i.k.p.i.AbstractProblemLoader Creating init config 
12518      DEBUG main            d.u.i.k.p.i.AbstractProblemLoader Init config took 2.96s 
12605      INFO  main            d.u.i.k.p.i.AbstractProblemLoader Replaying proof Assert[Assert::createArray(int)].JML normal_behavior operation contract.0 
12706      DEBUG main            d.u.i.k.p.i.IntermediateProofReplayer Proof replay took 94.98ms 
12713      DEBUG main            d.u.i.k.p.r.p.TestFile    ... success: reloaded. 
12715      INFO  main            d.u.i.k.p.r.p.TestFile    Now processing file /home/runner/work/key/key/key.core/../key.ui/examples/heap/block_loop_contracts/Free/assertions0.key 
12716      INFO  main            d.u.i.k.p.i.AbstractProblemLoader Loading environment from /home/runner/work/key/key/key.core/../key.ui/examples/heap/block_loop_contracts/Free/assertions0.key 
12717      DEBUG main            d.u.i.k.p.i.AbstractProblemLoader Environment load took 354.81ns 
12719      INFO  main            d.u.i.k.p.i.AbstractProblemLoader Creating init config 
15434      DEBUG main            d.u.i.k.p.i.AbstractProblemLoader Init config took 2.71s 
15493      INFO  main            d.u.i.k.p.i.AbstractProblemLoader Replaying proof FreeConditions[FreeConditions::assertions0()].JML normal_behavior operation contract.0 
15497      DEBUG main            d.u.i.k.p.i.IntermediateProofReplayer Proof replay took 14.7ns 
15700      INFO  main            d.u.i.k.p.r.p.TestFile    ... finished proof: closed. 
15835      INFO  main            d.u.i.k.p.i.AbstractProblemLoader Loading environment from /home/runner/work/key/key/key.core/../key.ui/examples/heap/block_loop_contracts/Free/assertions0.key.proof 
15835      DEBUG main            d.u.i.k.p.i.AbstractProblemLoader Environment load took 176.8ns 
15840      INFO  main            d.u.i.k.p.i.AbstractProblemLoader Creating init config 
18397      DEBUG main            d.u.i.k.p.i.AbstractProblemLoader Init config took 2.56s 
18446      INFO  main            d.u.i.k.p.i.AbstractProblemLoader Replaying proof FreeConditions[FreeConditions::assertions0()].JML normal_behavior operation contract.0 
18474      DEBUG main            d.u.i.k.p.i.IntermediateProofReplayer Proof replay took 24.25ms 
18475      DEBUG main            d.u.i.k.p.r.p.TestFile    ... success: reloaded. 
18476      INFO  main            d.u.i.k.p.r.p.TestFile    Now processing file /home/runner/work/key/key/key.core/../key.ui/examples/heap/block_loop_contracts/Free/assertions1.key 
18477      INFO  main            d.u.i.k.p.i.AbstractProblemLoader Loading environment from /home/runner/work/key/key/key.core/../key.ui/examples/heap/block_loop_contracts/Free/assertions1.key 
18477      DEBUG main            d.u.i.k.p.i.AbstractProblemLoader Environment load took 265.61ns 
18478      INFO  main            d.u.i.k.p.i.AbstractProblemLoader Creating init config 
21088      DEBUG main            d.u.i.k.p.i.AbstractProblemLoader Init config took 2.61s 
21134      INFO  main            d.u.i.k.p.i.AbstractProblemLoader Replaying proof FreeConditions[FreeConditions::assertions1()].JML normal_behavior operation contract.0 
21137      DEBUG main            d.u.i.k.p.i.IntermediateProofReplayer Proof replay took 14.9ns 
21239      INFO  main            d.u.i.k.p.r.p.TestFile    ... finished proof: closed. 
21424      INFO  main            d.u.i.k.p.i.AbstractProblemLoader Loading environment from /home/runner/work/key/key/key.core/../key.ui/examples/heap/block_loop_contracts/Free/assertions1.key.proof 
21424      DEBUG main            d.u.i.k.p.i.AbstractProblemLoader Environment load took 147.9ns 
21425      INFO  main            d.u.i.k.p.i.AbstractProblemLoader Creating init config 
23874      DEBUG main            d.u.i.k.p.i.AbstractProblemLoader Init config took 2.45s 
23923      INFO  main            d.u.i.k.p.i.AbstractProblemLoader Replaying proof FreeConditions[FreeConditions::assertions1()].JML normal_behavior operation contract.0 
23940      DEBUG main            d.u.i.k.p.i.IntermediateProofReplayer Proof replay took 12.04ms 
23941      DEBUG main            d.u.i.k.p.r.p.TestFile    ... success: reloaded. 
23945      INFO  main            d.u.i.k.p.r.p.TestFile    Now processing file /home/runner/work/key/key/key.core/../key.ui/examples/standard_key/java_dl/jml-assert/recursion-assert.key 
23945      INFO  main            d.u.i.k.p.i.AbstractProblemLoader Loading environment from /home/runner/work/key/key/key.core/../key.ui/examples/standard_key/java_dl/jml-assert/recursion-assert.key 
23945      DEBUG main            d.u.i.k.p.i.AbstractProblemLoader Environment load took 258.81ns 
23946      INFO  main            d.u.i.k.p.i.AbstractProblemLoader Creating init config 
26576      DEBUG main            d.u.i.k.p.i.AbstractProblemLoader Init config took 2.63s 
26621      INFO  main            d.u.i.k.p.i.AbstractProblemLoader Replaying proof RecursiveMethod[RecursiveMethod::fac1(int)].JML normal_behavior operation contract.0 
26623      DEBUG main            d.u.i.k.p.i.IntermediateProofReplayer Proof replay took 6.8ns 
26826      INFO  main            d.u.i.k.p.r.p.TestFile    ... finished proof: closed. 
26994      INFO  main            d.u.i.k.p.i.AbstractProblemLoader Loading environment from /home/runner/work/key/key/key.core/../key.ui/examples/standard_key/java_dl/jml-assert/recursion-assert.key.proof 
26994      DEBUG main            d.u.i.k.p.i.AbstractProblemLoader Environment load took 131.3ns 
26995      INFO  main            d.u.i.k.p.i.AbstractProblemLoader Creating init config 
29557      DEBUG main            d.u.i.k.p.i.AbstractProblemLoader Init config took 2.56s 
29610      INFO  main            d.u.i.k.p.i.AbstractProblemLoader Replaying proof RecursiveMethod[RecursiveMethod::fac1(int)].JML normal_behavior operation contract.0 
29657      DEBUG main            d.u.i.k.p.i.IntermediateProofReplayer Proof replay took 43.3ms 
29659      DEBUG main            d.u.i.k.p.r.p.TestFile    ... success: reloaded. 
29660      INFO  main            d.u.i.k.p.r.p.TestFile    Now processing file /home/runner/work/key/key/key.core/../key.ui/examples/standard_key/java_dl/jml-assert/recursion-assume.key 
29660      INFO  main            d.u.i.k.p.i.AbstractProblemLoader Loading environment from /home/runner/work/key/key/key.core/../key.ui/examples/standard_key/java_dl/jml-assert/recursion-assume.key 
29661      DEBUG main            d.u.i.k.p.i.AbstractProblemLoader Environment load took 246ns 
29662      INFO  main            d.u.i.k.p.i.AbstractProblemLoader Creating init config 
32342      DEBUG main            d.u.i.k.p.i.AbstractProblemLoader Init config took 2.68s 
32385      INFO  main            d.u.i.k.p.i.AbstractProblemLoader Replaying proof RecursiveMethod[RecursiveMethod::fac2(int)].JML normal_behavior operation contract.0 
32387      DEBUG main            d.u.i.k.p.i.IntermediateProofReplayer Proof replay took 6.8ns 
32593      INFO  main            d.u.i.k.p.r.p.TestFile    ... finished proof: closed. 
32799      INFO  main            d.u.i.k.p.i.AbstractProblemLoader Loading environment from /home/runner/work/key/key/key.core/../key.ui/examples/standard_key/java_dl/jml-assert/recursion-assume.key.proof 
32799      DEBUG main            d.u.i.k.p.i.AbstractProblemLoader Environment load took 150ns 
32800      INFO  main            d.u.i.k.p.i.AbstractProblemLoader Creating init config 
35376      DEBUG main            d.u.i.k.p.i.AbstractProblemLoader Init config took 2.58s 
35419      INFO  main            d.u.i.k.p.i.AbstractProblemLoader Replaying proof RecursiveMethod[RecursiveMethod::fac2(int)].JML normal_behavior operation contract.0 
35457      DEBUG main            d.u.i.k.p.i.IntermediateProofReplayer Proof replay took 35.27ms 
35458      DEBUG main            d.u.i.k.p.r.p.TestFile    ... success: reloaded. 
35459      INFO  main            d.u.i.k.p.r.p.TestFile    Now processing file /home/runner/work/key/key/key.core/../key.ui/examples/standard_key/java_dl/jml-assert/quantor-assert.key 
35459      INFO  main            d.u.i.k.p.i.AbstractProblemLoader Loading environment from /home/runner/work/key/key/key.core/../key.ui/examples/standard_key/java_dl/jml-assert/quantor-assert.key 
35459      DEBUG main            d.u.i.k.p.i.AbstractProblemLoader Environment load took 120.6ns 
35460      INFO  main            d.u.i.k.p.i.AbstractProblemLoader Creating init config 
38090      DEBUG main            d.u.i.k.p.i.AbstractProblemLoader Init config took 2.63s 
38132      INFO  main            d.u.i.k.p.i.AbstractProblemLoader Replaying proof Quantor[Quantor::square1(int)].JML normal_behavior operation contract.0 
38133      DEBUG main            d.u.i.k.p.i.IntermediateProofReplayer Proof replay took 8ns 
38236      INFO  main            d.u.i.k.p.r.p.TestFile    ... finished proof: closed. 
38425      INFO  main            d.u.i.k.p.i.AbstractProblemLoader Loading environment from /home/runner/work/key/key/key.core/../key.ui/examples/standard_key/java_dl/jml-assert/quantor-assert.key.proof 
38426      DEBUG main            d.u.i.k.p.i.AbstractProblemLoader Environment load took 129.7ns 
38428      INFO  main            d.u.i.k.p.i.AbstractProblemLoader Creating init config 
40954      DEBUG main            d.u.i.k.p.i.AbstractProblemLoader Init config took 2.53s 
40998      INFO  main            d.u.i.k.p.i.AbstractProblemLoader Replaying proof Quantor[Quantor::square1(int)].JML normal_behavior operation contract.0 
41021      DEBUG main            d.u.i.k.p.i.IntermediateProofReplayer Proof replay took 19.31ms 
41022      DEBUG main            d.u.i.k.p.r.p.TestFile    ... success: reloaded. 
41023      INFO  main            d.u.i.k.p.r.p.TestFile    Now processing file /home/runner/work/key/key/key.core/../key.ui/examples/standard_key/java_dl/jml-assert/quantor-assume.key 
41023      INFO  main            d.u.i.k.p.i.AbstractProblemLoader Loading environment from /home/runner/work/key/key/key.core/../key.ui/examples/standard_key/java_dl/jml-assert/quantor-assume.key 
41023      DEBUG main            d.u.i.k.p.i.AbstractProblemLoader Environment load took 103.7ns 
41024      INFO  main            d.u.i.k.p.i.AbstractProblemLoader Creating init config 
43572      DEBUG main            d.u.i.k.p.i.AbstractProblemLoader Init config took 2.55s 
43613      INFO  main            d.u.i.k.p.i.AbstractProblemLoader Replaying proof Quantor[Quantor::square2(int)].JML normal_behavior operation contract.0 
43615      DEBUG main            d.u.i.k.p.i.IntermediateProofReplayer Proof replay took 7.7ns 
43720      INFO  main            d.u.i.k.p.r.p.TestFile    ... finished proof: closed. 
43903      INFO  main            d.u.i.k.p.i.AbstractProblemLoader Loading environment from /home/runner/work/key/key/key.core/../key.ui/examples/standard_key/java_dl/jml-assert/quantor-assume.key.proof 
43903      DEBUG main            d.u.i.k.p.i.AbstractProblemLoader Environment load took 121.8ns 
43904      INFO  main            d.u.i.k.p.i.AbstractProblemLoader Creating init config 
46382      DEBUG main            d.u.i.k.p.i.AbstractProblemLoader Init config took 2.48s 
46434      INFO  main            d.u.i.k.p.i.AbstractProblemLoader Replaying proof Quantor[Quantor::square2(int)].JML normal_behavior operation contract.0 
46455      DEBUG main            d.u.i.k.p.i.IntermediateProofReplayer Proof replay took 17.84ms 
46456      DEBUG main            d.u.i.k.p.r.p.TestFile    ... success: reloaded. 
46458      INFO  main            d.u.i.k.p.r.p.TestFile    Now processing file /home/runner/work/key/key/key.core/../key.ui/examples/standard_key/java_dl/jml-assert/model-methods-static-static.key 
46458      INFO  main            d.u.i.k.p.i.AbstractProblemLoader Loading environment from /home/runner/work/key/key/key.core/../key.ui/examples/standard_key/java_dl/jml-assert/model-methods-static-static.key 
46458      DEBUG main            d.u.i.k.p.i.AbstractProblemLoader Environment load took 237.71ns 
46460      INFO  main            d.u.i.k.p.i.AbstractProblemLoader Creating init config 
49070      DEBUG main            d.u.i.k.p.i.AbstractProblemLoader Init config took 2.61s 
49112      INFO  main            d.u.i.k.p.i.AbstractProblemLoader Replaying proof ModelMethods[ModelMethods::test1()].JML normal_behavior operation contract.0 
49114      DEBUG main            d.u.i.k.p.i.IntermediateProofReplayer Proof replay took 7.9ns 
49217      INFO  main            d.u.i.k.p.r.p.TestFile    ... finished proof: closed. 
49441      INFO  main            d.u.i.k.p.i.AbstractProblemLoader Loading environment from /home/runner/work/key/key/key.core/../key.ui/examples/standard_key/java_dl/jml-assert/model-methods-static-static.key.proof 
49441      DEBUG main            d.u.i.k.p.i.AbstractProblemLoader Environment load took 130.6ns 
49442      INFO  main            d.u.i.k.p.i.AbstractProblemLoader Creating init config 
51992      DEBUG main            d.u.i.k.p.i.AbstractProblemLoader Init config took 2.55s 
52032      INFO  main            d.u.i.k.p.i.AbstractProblemLoader Replaying proof ModelMethods[ModelMethods::test1()].JML normal_behavior operation contract.0 
52040      DEBUG main            d.u.i.k.p.i.IntermediateProofReplayer Proof replay took 6.58ms 
52041      DEBUG main            d.u.i.k.p.r.p.TestFile    ... success: reloaded. 
52042      INFO  main            d.u.i.k.p.r.p.TestFile    Now processing file /home/runner/work/key/key/key.core/../key.ui/examples/standard_key/java_dl/jml-assert/model-methods-instance-static.key 
52042      INFO  main            d.u.i.k.p.i.AbstractProblemLoader Loading environment from /home/runner/work/key/key/key.core/../key.ui/examples/standard_key/java_dl/jml-assert/model-methods-instance-static.key 
52042      DEBUG main            d.u.i.k.p.i.AbstractProblemLoader Environment load took 90.4ns 
52043      INFO  main            d.u.i.k.p.i.AbstractProblemLoader Creating init config 
54575      DEBUG main            d.u.i.k.p.i.AbstractProblemLoader Init config took 2.53s 
54615      INFO  main            d.u.i.k.p.i.AbstractProblemLoader Replaying proof ModelMethods[ModelMethods::test2()].JML normal_behavior operation contract.0 
54616      DEBUG main            d.u.i.k.p.i.IntermediateProofReplayer Proof replay took 7.3ns 
54718      INFO  main            d.u.i.k.p.r.p.TestFile    ... finished proof: closed. 
54913      INFO  main            d.u.i.k.p.i.AbstractProblemLoader Loading environment from /home/runner/work/key/key/key.core/../key.ui/examples/standard_key/java_dl/jml-assert/model-methods-instance-static.key.proof 
54913      DEBUG main            d.u.i.k.p.i.AbstractProblemLoader Environment load took 123.3ns 
54914      INFO  main            d.u.i.k.p.i.AbstractProblemLoader Creating init config 
57395      DEBUG main            d.u.i.k.p.i.AbstractProblemLoader Init config took 2.48s 
57432      INFO  main            d.u.i.k.p.i.AbstractProblemLoader Replaying proof ModelMethods[ModelMethods::test2()].JML normal_behavior operation contract.0 
57443      DEBUG main            d.u.i.k.p.i.IntermediateProofReplayer Proof replay took 8.48ms 
57444      DEBUG main            d.u.i.k.p.r.p.TestFile    ... success: reloaded. 
57445      INFO  main            d.u.i.k.p.r.p.TestFile    Now processing file /home/runner/work/key/key/key.core/../key.ui/examples/standard_key/java_dl/jml-assert/model-methods-instance-instance.key 
57445      INFO  main            d.u.i.k.p.i.AbstractProblemLoader Loading environment from /home/runner/work/key/key/key.core/../key.ui/examples/standard_key/java_dl/jml-assert/model-methods-instance-instance.key 
57445      DEBUG main            d.u.i.k.p.i.AbstractProblemLoader Environment load took 102.4ns 
57446      INFO  main            d.u.i.k.p.i.AbstractProblemLoader Creating init config 
60047      DEBUG main            d.u.i.k.p.i.AbstractProblemLoader Init config took 2.6s 
60087      INFO  main            d.u.i.k.p.i.AbstractProblemLoader Replaying proof ModelMethods[ModelMethods::test3()].JML normal_behavior operation contract.0 
60089      DEBUG main            d.u.i.k.p.i.IntermediateProofReplayer Proof replay took 7.3ns 
60191      INFO  main            d.u.i.k.p.r.p.TestFile    ... finished proof: closed. 
60389      INFO  main            d.u.i.k.p.i.AbstractProblemLoader Loading environment from /home/runner/work/key/key/key.core/../key.ui/examples/standard_key/java_dl/jml-assert/model-methods-instance-instance.key.proof 
60389      DEBUG main            d.u.i.k.p.i.AbstractProblemLoader Environment load took 139.7ns 
60390      INFO  main            d.u.i.k.p.i.AbstractProblemLoader Creating init config 
62878      DEBUG main            d.u.i.k.p.i.AbstractProblemLoader Init config took 2.49s 
62920      INFO  main            d.u.i.k.p.i.AbstractProblemLoader Replaying proof ModelMethods[ModelMethods::test3()].JML normal_behavior operation contract.0 
62933      DEBUG main            d.u.i.k.p.i.IntermediateProofReplayer Proof replay took 11.01ms 
62934      DEBUG main            d.u.i.k.p.r.p.TestFile    ... success: reloaded. 
62935      INFO  main            d.u.i.k.p.r.p.TestFile    Now processing file /home/runner/work/key/key/key.core/../key.ui/examples/standard_key/java_dl/jml-assert/model-methods-static-instance.key 
62935      INFO  main            d.u.i.k.p.i.AbstractProblemLoader Loading environment from /home/runner/work/key/key/key.core/../key.ui/examples/standard_key/java_dl/jml-assert/model-methods-static-instance.key 
62935      DEBUG main            d.u.i.k.p.i.AbstractProblemLoader Environment load took 114.7ns 
62936      INFO  main            d.u.i.k.p.i.AbstractProblemLoader Creating init config 
65482      DEBUG main            d.u.i.k.p.i.AbstractProblemLoader Init config took 2.55s 
65519      INFO  main            d.u.i.k.p.i.AbstractProblemLoader Replaying proof ModelMethods[ModelMethods::test4()].JML normal_behavior operation contract.0 
65521      DEBUG main            d.u.i.k.p.i.IntermediateProofReplayer Proof replay took 7.1ns 
65624      INFO  main            d.u.i.k.p.r.p.TestFile    ... finished proof: closed. 
65829      INFO  main            d.u.i.k.p.i.AbstractProblemLoader Loading environment from /home/runner/work/key/key/key.core/../key.ui/examples/standard_key/java_dl/jml-assert/model-methods-static-instance.key.proof 
65830      DEBUG main            d.u.i.k.p.i.AbstractProblemLoader Environment load took 120.2ns 
65830      INFO  main            d.u.i.k.p.i.AbstractProblemLoader Creating init config 
68313      DEBUG main            d.u.i.k.p.i.AbstractProblemLoader Init config took 2.48s 
68352      INFO  main            d.u.i.k.p.i.AbstractProblemLoader Replaying proof ModelMethods[ModelMethods::test4()].JML normal_behavior operation contract.0 
68383      DEBUG main            d.u.i.k.p.i.IntermediateProofReplayer Proof replay took 27.45ms 
68384      DEBUG main            d.u.i.k.p.r.p.TestFile    ... success: reloaded. 
68385      INFO  main            d.u.i.k.p.r.p.TestFile    Now processing file /home/runner/work/key/key/key.core/../key.ui/examples/standard_key/java_dl/jml-assert/assert-old/inc-field.key 
68385      INFO  main            d.u.i.k.p.i.AbstractProblemLoader Loading environment from /home/runner/work/key/key/key.core/../key.ui/examples/standard_key/java_dl/jml-assert/assert-old/inc-field.key 
68386      DEBUG main            d.u.i.k.p.i.AbstractProblemLoader Environment load took 229.2ns 
68387      INFO  main            d.u.i.k.p.i.AbstractProblemLoader Creating init config 
70822      DEBUG main            d.u.i.k.p.i.AbstractProblemLoader Init config took 2.44s 
70858      INFO  main            d.u.i.k.p.i.AbstractProblemLoader Replaying proof Inc[Inc::inc_field()].JML normal_behavior operation contract.0 
70859      DEBUG main            d.u.i.k.p.i.IntermediateProofReplayer Proof replay took 7.7ns 
70964      INFO  main            d.u.i.k.p.r.p.TestFile    ... finished proof: closed. 
71198      INFO  main            d.u.i.k.p.i.AbstractProblemLoader Loading environment from /home/runner/work/key/key/key.core/../key.ui/examples/standard_key/java_dl/jml-assert/assert-old/inc-field.key.proof 
71198      DEBUG main            d.u.i.k.p.i.AbstractProblemLoader Environment load took 123.7ns 
71200      INFO  main            d.u.i.k.p.i.AbstractProblemLoader Creating init config 
73575      DEBUG main            d.u.i.k.p.i.AbstractProblemLoader Init config took 2.38s 
73613      INFO  main            d.u.i.k.p.i.AbstractProblemLoader Replaying proof Inc[Inc::inc_field()].JML normal_behavior operation contract.0 
73641      DEBUG main            d.u.i.k.p.i.IntermediateProofReplayer Proof replay took 26.31ms 
73642      DEBUG main            d.u.i.k.p.r.p.TestFile    ... success: reloaded. 
73643      INFO  main            d.u.i.k.p.r.p.TestFile    Now processing file /home/runner/work/key/key/key.core/../key.ui/examples/standard_key/java_dl/jml-assert/assert-old/inc-parameter.key 
73643      INFO  main            d.u.i.k.p.i.AbstractProblemLoader Loading environment from /home/runner/work/key/key/key.core/../key.ui/examples/standard_key/java_dl/jml-assert/assert-old/inc-parameter.key 
73643      DEBUG main            d.u.i.k.p.i.AbstractProblemLoader Environment load took 116ns 
73644      INFO  main            d.u.i.k.p.i.AbstractProblemLoader Creating init config 
76127      DEBUG main            d.u.i.k.p.i.AbstractProblemLoader Init config took 2.48s 
76161      INFO  main            d.u.i.k.p.i.AbstractProblemLoader Replaying proof Inc[Inc::inc_parameter(int)].JML normal_behavior operation contract.0 
76162      DEBUG main            d.u.i.k.p.i.IntermediateProofReplayer Proof replay took 7.7ns 
76264      INFO  main            d.u.i.k.p.r.p.TestFile    ... finished proof: closed. 
76497      INFO  main            d.u.i.k.p.i.AbstractProblemLoader Loading environment from /home/runner/work/key/key/key.core/../key.ui/examples/standard_key/java_dl/jml-assert/assert-old/inc-parameter.key.proof 
76497      DEBUG main            d.u.i.k.p.i.AbstractProblemLoader Environment load took 117.1ns 
76498      INFO  main            d.u.i.k.p.i.AbstractProblemLoader Creating init config 
78865      DEBUG main            d.u.i.k.p.i.AbstractProblemLoader Init config took 2.37s 
78905      INFO  main            d.u.i.k.p.i.AbstractProblemLoader Replaying proof Inc[Inc::inc_parameter(int)].JML normal_behavior operation contract.0 
78921      DEBUG main            d.u.i.k.p.i.IntermediateProofReplayer Proof replay took 13.55ms 
78922      DEBUG main            d.u.i.k.p.r.p.TestFile    ... success: reloaded. 
78923      INFO  main            d.u.i.k.p.r.p.TestFile    Now processing file /home/runner/work/key/key/key.core/../key.ui/examples/standard_key/java_dl/jml-assert/assert-old/inc-parameter-field.key 
78923      INFO  main            d.u.i.k.p.i.AbstractProblemLoader Loading environment from /home/runner/work/key/key/key.core/../key.ui/examples/standard_key/java_dl/jml-assert/assert-old/inc-parameter-field.key 
78923      DEBUG main            d.u.i.k.p.i.AbstractProblemLoader Environment load took 233.5ns 
78924      INFO  main            d.u.i.k.p.i.AbstractProblemLoader Creating init config 
81360      DEBUG main            d.u.i.k.p.i.AbstractProblemLoader Init config took 2.44s 
81394      INFO  main            d.u.i.k.p.i.AbstractProblemLoader Replaying proof Inc[Inc::inc_parameter_field(Inc)].JML normal_behavior operation contract.0 
81395      DEBUG main            d.u.i.k.p.i.IntermediateProofReplayer Proof replay took 6.4ns 
81598      INFO  main            d.u.i.k.p.r.p.TestFile    ... finished proof: closed. 
81823      INFO  main            d.u.i.k.p.i.AbstractProblemLoader Loading environment from /home/runner/work/key/key/key.core/../key.ui/examples/standard_key/java_dl/jml-assert/assert-old/inc-parameter-field.key.proof 
81823      DEBUG main            d.u.i.k.p.i.AbstractProblemLoader Environment load took 118.2ns 
81825      INFO  main            d.u.i.k.p.i.AbstractProblemLoader Creating init config 
84180      DEBUG main            d.u.i.k.p.i.AbstractProblemLoader Init config took 2.36s 
84214      INFO  main            d.u.i.k.p.i.AbstractProblemLoader Replaying proof Inc[Inc::inc_parameter_field(Inc)].JML normal_behavior operation contract.0 
84248      DEBUG main            d.u.i.k.p.i.IntermediateProofReplayer Proof replay took 30.98ms 
84249      DEBUG main            d.u.i.k.p.r.p.TestFile    ... success: reloaded. 
84250      INFO  main            d.u.i.k.p.r.p.TestFile    Now processing file /home/runner/work/key/key/key.core/../key.ui/examples/standard_key/java_dl/jml-assert/assert-old/inc-ghost-field.key 
84250      INFO  main            d.u.i.k.p.i.AbstractProblemLoader Loading environment from /home/runner/work/key/key/key.core/../key.ui/examples/standard_key/java_dl/jml-assert/assert-old/inc-ghost-field.key 
84250      DEBUG main            d.u.i.k.p.i.AbstractProblemLoader Environment load took 239.1ns 
84251      INFO  main            d.u.i.k.p.i.AbstractProblemLoader Creating init config 
86730      DEBUG main            d.u.i.k.p.i.AbstractProblemLoader Init config took 2.48s 
86764      INFO  main            d.u.i.k.p.i.AbstractProblemLoader Replaying proof Inc[Inc::inc_ghost_field()].JML normal_behavior operation contract.0 
86765      DEBUG main            d.u.i.k.p.i.IntermediateProofReplayer Proof replay took 7.5ns 
86868      INFO  main            d.u.i.k.p.r.p.TestFile    ... finished proof: closed. 
87112      INFO  main            d.u.i.k.p.i.AbstractProblemLoader Loading environment from /home/runner/work/key/key/key.core/../key.ui/examples/standard_key/java_dl/jml-assert/assert-old/inc-ghost-field.key.proof 
87112      DEBUG main            d.u.i.k.p.i.AbstractProblemLoader Environment load took 116.6ns 
87113      INFO  main            d.u.i.k.p.i.AbstractProblemLoader Creating init config 
89527      DEBUG main            d.u.i.k.p.i.AbstractProblemLoader Init config took 2.41s 
89561      INFO  main            d.u.i.k.p.i.AbstractProblemLoader Replaying proof Inc[Inc::inc_ghost_field()].JML normal_behavior operation contract.0 
89589      DEBUG main            d.u.i.k.p.i.IntermediateProofReplayer Proof replay took 25.87ms 
89590      DEBUG main            d.u.i.k.p.r.p.TestFile    ... success: reloaded. 
717347     INFO  Test worker     d.u.i.k.p.r.RunAllProofsTestUnit Returning from test jmlAsserts 
717348     INFO  Test worker     d.u.i.k.p.r.RunAllProofsTestUnit Running test javaCard 
341        INFO  Timeout watchdog d.u.i.k.p.r.p.ForkedTestFileRunner Timeout watcher launched (2000 secs.) 
350        WARN  main            d.u.i.k.s.ProofSettings   The settings in /home/runner/.key/proof-settings.props are *not* read. 
391        INFO  main            d.u.i.k.p.r.p.TestFile    Now processing file /home/runner/work/key/key/key.core/../key.ui/examples/heap/javacard/updateBalance0.key 
529        INFO  main            d.u.i.k.p.i.AbstractProblemLoader Loading environment from /home/runner/work/key/key/key.core/../key.ui/examples/heap/javacard/updateBalance0.key 
545        DEBUG main            d.u.i.k.p.i.AbstractProblemLoader Environment load took 2.02ms 
768        INFO  main            d.u.i.k.p.i.AbstractProblemLoader Creating init config 
1680       DEBUG main            d.u.i.k.j.TypeConverter   No LDT found for Meta 
1680       DEBUG main            d.u.i.k.j.TypeConverter   No LDT found for Meta 
1681       DEBUG main            d.u.i.k.j.TypeConverter   No LDT found for Meta 
1682       DEBUG main            d.u.i.k.j.TypeConverter   No LDT found for Meta 
3155       DEBUG main            d.u.i.k.j.TypeConverter   No LDT found for JavaBigintExpression 
6609       DEBUG main            d.u.i.k.p.i.AbstractProblemLoader Init config took 5.84s 
6731       INFO  main            d.u.i.k.p.i.AbstractProblemLoader Replaying proof Examples[Examples::updateBalance(short)].JML normal_behavior operation contract.0 
6768       DEBUG main            d.u.i.k.p.i.IntermediateProofReplayer Proof replay took 38.8ns 
8305       INFO  main            d.u.i.k.p.r.p.TestFile    ... finished proof: closed. 
8422       INFO  main            d.u.i.k.p.i.AbstractProblemLoader Loading environment from /home/runner/work/key/key/key.core/../key.ui/examples/heap/javacard/updateBalance0.key.proof 
8422       DEBUG main            d.u.i.k.p.i.AbstractProblemLoader Environment load took 158.6ns 
8424       INFO  main            d.u.i.k.p.i.AbstractProblemLoader Creating init config 
10142      DEBUG main            d.u.i.k.p.i.AbstractProblemLoader Init config took 1.72s 
10214      INFO  main            d.u.i.k.p.i.AbstractProblemLoader Replaying proof Examples[Examples::updateBalance(short)].JML normal_behavior operation contract.0 
10425      DEBUG main            d.u.i.k.p.i.IntermediateProofReplayer Proof replay took 202.02ms 
10433      DEBUG main            d.u.i.k.p.r.p.TestFile    ... success: reloaded. 
10436      INFO  main            d.u.i.k.p.r.p.TestFile    Now processing file /home/runner/work/key/key/key.core/../key.ui/examples/heap/javacard/updateBalance1.key 
10437      INFO  main            d.u.i.k.p.i.AbstractProblemLoader Loading environment from /home/runner/work/key/key/key.core/../key.ui/examples/heap/javacard/updateBalance1.key 
10437      DEBUG main            d.u.i.k.p.i.AbstractProblemLoader Environment load took 268.21ns 
10438      INFO  main            d.u.i.k.p.i.AbstractProblemLoader Creating init config 
12009      DEBUG main            d.u.i.k.p.i.AbstractProblemLoader Init config took 1.57s 
12059      INFO  main            d.u.i.k.p.i.AbstractProblemLoader Replaying proof Examples[Examples::updateBalance(short)].JML normal_behavior operation contract.1 
12062      DEBUG main            d.u.i.k.p.i.IntermediateProofReplayer Proof replay took 6.2ns 
12671      INFO  main            d.u.i.k.p.r.p.TestFile    ... finished proof: closed. 
12791      INFO  main            d.u.i.k.p.i.AbstractProblemLoader Loading environment from /home/runner/work/key/key/key.core/../key.ui/examples/heap/javacard/updateBalance1.key.proof 
12792      DEBUG main            d.u.i.k.p.i.AbstractProblemLoader Environment load took 167.4ns 
12794      INFO  main            d.u.i.k.p.i.AbstractProblemLoader Creating init config 
14397      DEBUG main            d.u.i.k.p.i.AbstractProblemLoader Init config took 1.6s 
14442      INFO  main            d.u.i.k.p.i.AbstractProblemLoader Replaying proof Examples[Examples::updateBalance(short)].JML normal_behavior operation contract.1 
14612      DEBUG main            d.u.i.k.p.i.IntermediateProofReplayer Proof replay took 160.7ms 
14617      DEBUG main            d.u.i.k.p.r.p.TestFile    ... success: reloaded. 
14622      INFO  main            d.u.i.k.p.r.p.TestFile    Now processing file /home/runner/work/key/key/key.core/../key.ui/examples/heap/javacard/setArray1.key 
14622      INFO  main            d.u.i.k.p.i.AbstractProblemLoader Loading environment from /home/runner/work/key/key/key.core/../key.ui/examples/heap/javacard/setArray1.key 
14622      DEBUG main            d.u.i.k.p.i.AbstractProblemLoader Environment load took 143.5ns 
14624      INFO  main            d.u.i.k.p.i.AbstractProblemLoader Creating init config 
16206      DEBUG main            d.u.i.k.p.i.AbstractProblemLoader Init config took 1.58s 
16248      INFO  main            d.u.i.k.p.i.AbstractProblemLoader Replaying proof Examples[Examples::setArray1([B)].JML normal_behavior operation contract.0 
16253      DEBUG main            d.u.i.k.p.i.IntermediateProofReplayer Proof replay took 7.5ns 
17361      INFO  main            d.u.i.k.p.r.p.TestFile    ... finished proof: closed. 
17530      INFO  main            d.u.i.k.p.i.AbstractProblemLoader Loading environment from /home/runner/work/key/key/key.core/../key.ui/examples/heap/javacard/setArray1.key.proof 
17530      DEBUG main            d.u.i.k.p.i.AbstractProblemLoader Environment load took 516.81ns 
17532      INFO  main            d.u.i.k.p.i.AbstractProblemLoader Creating init config 
19039      DEBUG main            d.u.i.k.p.i.AbstractProblemLoader Init config took 1.51s 
19087      INFO  main            d.u.i.k.p.i.AbstractProblemLoader Replaying proof Examples[Examples::setArray1([B)].JML normal_behavior operation contract.0 
19293      DEBUG main            d.u.i.k.p.i.IntermediateProofReplayer Proof replay took 200.85ms 
19295      DEBUG main            d.u.i.k.p.r.p.TestFile    ... success: reloaded. 
19297      INFO  main            d.u.i.k.p.r.p.TestFile    Now processing file /home/runner/work/key/key/key.core/../key.ui/examples/heap/javacard/setArray2.key 
19298      INFO  main            d.u.i.k.p.i.AbstractProblemLoader Loading environment from /home/runner/work/key/key/key.core/../key.ui/examples/heap/javacard/setArray2.key 
19298      DEBUG main            d.u.i.k.p.i.AbstractProblemLoader Environment load took 282.21ns 
19299      INFO  main            d.u.i.k.p.i.AbstractProblemLoader Creating init config 
20889      DEBUG main            d.u.i.k.p.i.AbstractProblemLoader Init config took 1.59s 
20929      INFO  main            d.u.i.k.p.i.AbstractProblemLoader Replaying proof Examples[Examples::setArray2([B)].JML normal_behavior operation contract.0 
20932      DEBUG main            d.u.i.k.p.i.IntermediateProofReplayer Proof replay took 6.5ns 
21939      INFO  main            d.u.i.k.p.r.p.TestFile    ... finished proof: closed. 
22065      INFO  main            d.u.i.k.p.i.AbstractProblemLoader Loading environment from /home/runner/work/key/key/key.core/../key.ui/examples/heap/javacard/setArray2.key.proof 
22068      DEBUG main            d.u.i.k.p.i.AbstractProblemLoader Environment load took 2.6ms 
22069      INFO  main            d.u.i.k.p.i.AbstractProblemLoader Creating init config 
23573      DEBUG main            d.u.i.k.p.i.AbstractProblemLoader Init config took 1.5s 
23623      INFO  main            d.u.i.k.p.i.AbstractProblemLoader Replaying proof Examples[Examples::setArray2([B)].JML normal_behavior operation contract.0 
23821      DEBUG main            d.u.i.k.p.i.IntermediateProofReplayer Proof replay took 192.08ms 
23823      DEBUG main            d.u.i.k.p.r.p.TestFile    ... success: reloaded. 
23826      INFO  main            d.u.i.k.p.r.p.TestFile    Now processing file /home/runner/work/key/key/key.core/../key.ui/examples/heap/javacard/arrayFillNonAtomic.key 
23826      INFO  main            d.u.i.k.p.i.AbstractProblemLoader Loading environment from /home/runner/work/key/key/key.core/../key.ui/examples/heap/javacard/arrayFillNonAtomic.key 
23826      DEBUG main            d.u.i.k.p.i.AbstractProblemLoader Environment load took 257.61ns 
23827      INFO  main            d.u.i.k.p.i.AbstractProblemLoader Creating init config 
25353      DEBUG main            d.u.i.k.p.i.AbstractProblemLoader Init config took 1.53s 
25410      INFO  main            d.u.i.k.p.i.AbstractProblemLoader Replaying proof javacard.framework.Util[javacard.framework.Util::arrayFillNonAtomic([B,short,short,byte)].JML behavior operation contract.0.transaction_inactive 
25411      DEBUG main            d.u.i.k.p.i.IntermediateProofReplayer Proof replay took 6.7ns 
26328      DEBUG Thread-13       d.u.i.k.l.o.ProgramSV     Match failed: Former match of  SchemaVariable incompatible with  the current match. 
26329      DEBUG Thread-13       d.u.i.k.l.o.ProgramSV     Match failed: Former match of  SchemaVariable incompatible with  the current match. 
27595      DEBUG Thread-13       d.u.i.k.l.o.ProgramSV     Match failed: Former match of  SchemaVariable incompatible with  the current match. 
27595      DEBUG Thread-13       d.u.i.k.l.o.ProgramSV     Match failed: Former match of  SchemaVariable incompatible with  the current match. 
29084      INFO  main            d.u.i.k.p.r.p.TestFile    ... finished proof: closed. 
29252      INFO  main            d.u.i.k.p.i.AbstractProblemLoader Loading environment from /home/runner/work/key/key/key.core/../key.ui/examples/heap/javacard/arrayFillNonAtomic.key.proof 
29254      DEBUG main            d.u.i.k.p.i.AbstractProblemLoader Environment load took 2.26ms 
29257      INFO  main            d.u.i.k.p.i.AbstractProblemLoader Creating init config 
30767      DEBUG main            d.u.i.k.p.i.AbstractProblemLoader Init config took 1.51s 
30821      INFO  main            d.u.i.k.p.i.AbstractProblemLoader Replaying proof javacard.framework.Util[javacard.framework.Util::arrayFillNonAtomic([B,short,short,byte)].JML behavior operation contract.0.transaction_inactive 
31666      DEBUG main            d.u.i.k.p.i.IntermediateProofReplayer Proof replay took 828.14ms 
31667      DEBUG main            d.u.i.k.p.r.p.TestFile    ... success: reloaded. 
31669      INFO  main            d.u.i.k.p.r.p.TestFile    Now processing file /home/runner/work/key/key/key.core/../key.ui/examples/heap/coincidence_count/project.key 
31669      INFO  main            d.u.i.k.p.i.AbstractProblemLoader Loading environment from /home/runner/work/key/key/key.core/../key.ui/examples/heap/coincidence_count/project.key 
31669      DEBUG main            d.u.i.k.p.i.AbstractProblemLoader Environment load took 261.61ns 
31671      INFO  main            d.u.i.k.p.i.AbstractProblemLoader Creating init config 
34897      DEBUG main            d.u.i.k.p.i.AbstractProblemLoader Init config took 3.23s 
34958      INFO  main            d.u.i.k.p.i.AbstractProblemLoader Replaying proof CC[CC::calcCoinIndex([I,[I)].JML normal_behavior operation contract.0 
34964      DEBUG main            d.u.i.k.p.i.IntermediateProofReplayer Proof replay took 19.1ns 
52662      INFO  main            d.u.i.k.p.r.p.TestFile    ... finished proof: closed. 
52943      INFO  main            d.u.i.k.p.i.AbstractProblemLoader Loading environment from /home/runner/work/key/key/key.core/../key.ui/examples/heap/coincidence_count/project.key.proof 
52944      DEBUG main            d.u.i.k.p.i.AbstractProblemLoader Environment load took 541.51ns 
52948      INFO  main            d.u.i.k.p.i.AbstractProblemLoader Creating init config 
55420      DEBUG main            d.u.i.k.p.i.AbstractProblemLoader Init config took 2.47s 
55468      INFO  main            d.u.i.k.p.i.AbstractProblemLoader Replaying proof CC[CC::calcCoinIndex([I,[I)].JML normal_behavior operation contract.0 
56511      DEBUG main            d.u.i.k.p.i.IntermediateProofReplayer Proof replay took 987.98ms 
56515      DEBUG main            d.u.i.k.p.r.p.TestFile    ... success: reloaded. 
56516      INFO  main            d.u.i.k.p.r.p.TestFile    Now processing file /home/runner/work/key/key/key.core/../key.ui/examples/heap/verifyThis11_1_Maximum/project.key 
56516      INFO  main            d.u.i.k.p.i.AbstractProblemLoader Loading environment from /home/runner/work/key/key/key.core/../key.ui/examples/heap/verifyThis11_1_Maximum/project.key 
56516      DEBUG main            d.u.i.k.p.i.AbstractProblemLoader Environment load took 126.9ns 
56517      INFO  main            d.u.i.k.p.i.AbstractProblemLoader Creating init config 
59035      DEBUG main            d.u.i.k.p.i.AbstractProblemLoader Init config took 2.52s 
59078      INFO  main            d.u.i.k.p.i.AbstractProblemLoader Replaying proof Maximum[Maximum::maxIndex([I)].JML normal_behavior operation contract.0 
59080      DEBUG main            d.u.i.k.p.i.IntermediateProofReplayer Proof replay took 6.7ns 
59985      INFO  main            d.u.i.k.p.r.p.TestFile    ... finished proof: closed. 
60289      INFO  main            d.u.i.k.p.i.AbstractProblemLoader Loading environment from /home/runner/work/key/key/key.core/../key.ui/examples/heap/verifyThis11_1_Maximum/project.key.proof 
60289      DEBUG main            d.u.i.k.p.i.AbstractProblemLoader Environment load took 519.81ns 
60291      INFO  main            d.u.i.k.p.i.AbstractProblemLoader Creating init config 
62728      DEBUG main            d.u.i.k.p.i.AbstractProblemLoader Init config took 2.44s 
62767      INFO  main            d.u.i.k.p.i.AbstractProblemLoader Replaying proof Maximum[Maximum::maxIndex([I)].JML normal_behavior operation contract.0 
62961      DEBUG main            d.u.i.k.p.i.IntermediateProofReplayer Proof replay took 189.07ms 
62963      DEBUG main            d.u.i.k.p.r.p.TestFile    ... success: reloaded. 
62964      INFO  main            d.u.i.k.p.r.p.TestFile    Now processing file /home/runner/work/key/key/key.core/../key.ui/examples/heap/fm12_01_LRS/lcp.key 
62964      INFO  main            d.u.i.k.p.i.AbstractProblemLoader Loading environment from /home/runner/work/key/key/key.core/../key.ui/examples/heap/fm12_01_LRS/lcp.key 
62964      DEBUG main            d.u.i.k.p.i.AbstractProblemLoader Environment load took 241.41ns 
62965      INFO  main            d.u.i.k.p.i.AbstractProblemLoader Creating init config 
66077      DEBUG main            d.u.i.k.p.i.AbstractProblemLoader Init config took 3.11s 
66134      INFO  main            d.u.i.k.p.i.AbstractProblemLoader Replaying proof LCP[LCP::lcp([I,int,int)].JML normal_behavior operation contract.0 
66136      DEBUG main            d.u.i.k.p.i.IntermediateProofReplayer Proof replay took 6.2ns 
67040      INFO  main            d.u.i.k.p.r.p.TestFile    ... finished proof: closed. 
67284      INFO  main            d.u.i.k.p.i.AbstractProblemLoader Loading environment from /home/runner/work/key/key/key.core/../key.ui/examples/heap/fm12_01_LRS/lcp.key.proof 
67288      DEBUG main            d.u.i.k.p.i.AbstractProblemLoader Environment load took 3.24ms 
67289      INFO  main            d.u.i.k.p.i.AbstractProblemLoader Creating init config 
70127      DEBUG main            d.u.i.k.p.i.AbstractProblemLoader Init config took 2.84s 
70195      INFO  main            d.u.i.k.p.i.AbstractProblemLoader Replaying proof LCP[LCP::lcp([I,int,int)].JML normal_behavior operation contract.0 
70412      DEBUG main            d.u.i.k.p.i.IntermediateProofReplayer Proof replay took 211.87ms 
70413      DEBUG main            d.u.i.k.p.r.p.TestFile    ... success: reloaded. 
70414      INFO  main            d.u.i.k.p.r.p.TestFile    Now processing file /home/runner/work/key/key/key.core/../key.ui/examples/heap/SemanticSlicing/project.key 
70414      INFO  main            d.u.i.k.p.i.AbstractProblemLoader Loading environment from /home/runner/work/key/key/key.core/../key.ui/examples/heap/SemanticSlicing/project.key 
70415      DEBUG main            d.u.i.k.p.i.AbstractProblemLoader Environment load took 263.2ns 
70416      INFO  main            d.u.i.k.p.i.AbstractProblemLoader Creating init config 
73021      DEBUG main            d.u.i.k.p.i.AbstractProblemLoader Init config took 2.6s 
73071      INFO  main            d.u.i.k.p.i.AbstractProblemLoader Replaying proof unsatcore_after.competition.postcond5.scope333.LRS[unsatcore_after.competition.postcond5.scope333.LRS::doLRS()].JML operation contract.0 
73072      DEBUG main            d.u.i.k.p.i.IntermediateProofReplayer Proof replay took 5.5ns 
76985      INFO  main            d.u.i.k.p.r.p.TestFile    ... finished proof: closed. 
77272      INFO  main            d.u.i.k.p.i.AbstractProblemLoader Loading environment from /home/runner/work/key/key/key.core/../key.ui/examples/heap/SemanticSlicing/project.key.proof 
77273      DEBUG main            d.u.i.k.p.i.AbstractProblemLoader Environment load took 1.35ms 
77275      INFO  main            d.u.i.k.p.i.AbstractProblemLoader Creating init config 
79783      DEBUG main            d.u.i.k.p.i.AbstractProblemLoader Init config took 2.51s 
79834      INFO  main            d.u.i.k.p.i.AbstractProblemLoader Replaying proof unsatcore_after.competition.postcond5.scope333.LRS[unsatcore_after.competition.postcond5.scope333.LRS::doLRS()].JML operation contract.0 
80673      DEBUG main            d.u.i.k.p.i.IntermediateProofReplayer Proof replay took 829.03ms 
80675      DEBUG main            d.u.i.k.p.r.p.TestFile    ... success: reloaded. 
80676      INFO  main            d.u.i.k.p.r.p.TestFile    Now processing file /home/runner/work/key/key/key.core/../key.ui/examples/heap/information_flow/ArrayList_contains.key 
80677      INFO  main            d.u.i.k.p.i.AbstractProblemLoader Loading environment from /home/runner/work/key/key/key.core/../key.ui/examples/heap/information_flow/ArrayList_contains.key 
80677      DEBUG main            d.u.i.k.p.i.AbstractProblemLoader Environment load took 261.31ns 
80678      INFO  main            d.u.i.k.p.i.AbstractProblemLoader Creating init config 
83526      DEBUG main            d.u.i.k.p.i.AbstractProblemLoader Init config took 2.85s 
83565      INFO  main            d.u.i.k.p.i.AbstractProblemLoader Replaying proof ArrayList[ArrayList::get(int)].JML normal_behavior operation contract.0 
83567      DEBUG main            d.u.i.k.p.i.IntermediateProofReplayer Proof replay took 6ns 
83872      INFO  main            d.u.i.k.p.r.p.TestFile    ... finished proof: closed. 
84185      INFO  main            d.u.i.k.p.i.AbstractProblemLoader Loading environment from /home/runner/work/key/key/key.core/../key.ui/examples/heap/information_flow/ArrayList_contains.key.proof 
84185      DEBUG main            d.u.i.k.p.i.AbstractProblemLoader Environment load took 125.8ns 
84187      INFO  main            d.u.i.k.p.i.AbstractProblemLoader Creating init config 
86876      DEBUG main            d.u.i.k.p.i.AbstractProblemLoader Init config took 2.69s 
86916      INFO  main            d.u.i.k.p.i.AbstractProblemLoader Replaying proof ArrayList[ArrayList::get(int)].JML normal_behavior operation contract.0 
86976      DEBUG main            d.u.i.k.p.i.IntermediateProofReplayer Proof replay took 56.87ms 
86977      DEBUG main            d.u.i.k.p.r.p.TestFile    ... success: reloaded. 
86978      INFO  main            d.u.i.k.p.r.p.TestFile    Now processing file /home/runner/work/key/key/key.core/../key.ui/examples/heap/information_flow/ArrayList_get.key 
86979      INFO  main            d.u.i.k.p.i.AbstractProblemLoader Loading environment from /home/runner/work/key/key/key.core/../key.ui/examples/heap/information_flow/ArrayList_get.key 
86979      DEBUG main            d.u.i.k.p.i.AbstractProblemLoader Environment load took 274.31ns 
86980      INFO  main            d.u.i.k.p.i.AbstractProblemLoader Creating init config 
89751      DEBUG main            d.u.i.k.p.i.AbstractProblemLoader Init config took 2.77s 
89789      INFO  main            d.u.i.k.p.i.AbstractProblemLoader Replaying proof ArrayList[ArrayList::contains(java.lang.Object)].JML normal_behavior operation contract.0 
89790      DEBUG main            d.u.i.k.p.i.IntermediateProofReplayer Proof replay took 6ns 
90694      INFO  main            d.u.i.k.p.r.p.TestFile    ... finished proof: closed. 
90960      INFO  main            d.u.i.k.p.i.AbstractProblemLoader Loading environment from /home/runner/work/key/key/key.core/../key.ui/examples/heap/information_flow/ArrayList_get.key.proof 
90961      DEBUG main            d.u.i.k.p.i.AbstractProblemLoader Environment load took 526.51ns 
90963      INFO  main            d.u.i.k.p.i.AbstractProblemLoader Creating init config 
93562      DEBUG main            d.u.i.k.p.i.AbstractProblemLoader Init config took 2.6s 
93600      INFO  main            d.u.i.k.p.i.AbstractProblemLoader Replaying proof ArrayList[ArrayList::contains(java.lang.Object)].JML normal_behavior operation contract.0 
93782      DEBUG main            d.u.i.k.p.i.IntermediateProofReplayer Proof replay took 178.28ms 
93784      DEBUG main            d.u.i.k.p.r.p.TestFile    ... success: reloaded. 
93785      INFO  main            d.u.i.k.p.r.p.TestFile    Now processing file /home/runner/work/key/key/key.core/../key.ui/examples/heap/information_flow/ArrayList_size.key 
93786      INFO  main            d.u.i.k.p.i.AbstractProblemLoader Loading environment from /home/runner/work/key/key/key.core/../key.ui/examples/heap/information_flow/ArrayList_size.key 
93786      DEBUG main            d.u.i.k.p.i.AbstractProblemLoader Environment load took 248.21ns 
93787      INFO  main            d.u.i.k.p.i.AbstractProblemLoader Creating init config 
96485      DEBUG main            d.u.i.k.p.i.AbstractProblemLoader Init config took 2.7s 
96521      INFO  main            d.u.i.k.p.i.AbstractProblemLoader Replaying proof ArrayList[ArrayList::size()].JML normal_behavior operation contract.0 
96523      DEBUG main            d.u.i.k.p.i.IntermediateProofReplayer Proof replay took 6.6ns 
96627      INFO  main            d.u.i.k.p.r.p.TestFile    ... finished proof: closed. 
96892      INFO  main            d.u.i.k.p.i.AbstractProblemLoader Loading environment from /home/runner/work/key/key/key.core/../key.ui/examples/heap/information_flow/ArrayList_size.key.proof 
96892      DEBUG main            d.u.i.k.p.i.AbstractProblemLoader Environment load took 127.6ns 
96893      INFO  main            d.u.i.k.p.i.AbstractProblemLoader Creating init config 
99487      DEBUG main            d.u.i.k.p.i.AbstractProblemLoader Init config took 2.59s 
99524      INFO  main            d.u.i.k.p.i.AbstractProblemLoader Replaying proof ArrayList[ArrayList::size()].JML normal_behavior operation contract.0 
99539      DEBUG main            d.u.i.k.p.i.IntermediateProofReplayer Proof replay took 13.28ms 
99540      DEBUG main            d.u.i.k.p.r.p.TestFile    ... success: reloaded. 
99541      INFO  main            d.u.i.k.p.r.p.TestFile    Now processing file /home/runner/work/key/key/key.core/../key.ui/examples/heap/information_flow/UpdateAbstraction_ex7_3_secure.key 
99542      INFO  main            d.u.i.k.p.i.AbstractProblemLoader Loading environment from /home/runner/work/key/key/key.core/../key.ui/examples/heap/information_flow/UpdateAbstraction_ex7_3_secure.key 
99542      DEBUG main            d.u.i.k.p.i.AbstractProblemLoader Environment load took 244.11ns 
99543      INFO  main            d.u.i.k.p.i.AbstractProblemLoader Creating init config 
102209     DEBUG main            d.u.i.k.p.i.AbstractProblemLoader Init config took 2.67s 
102245     INFO  main            d.u.i.k.p.i.AbstractProblemLoader Replaying proof UpdateAbstraction[UpdateAbstraction::ex7_3_secure()].JML operation contract.0 
102246     DEBUG main            d.u.i.k.p.i.IntermediateProofReplayer Proof replay took 6.2ns 
102448     INFO  main            d.u.i.k.p.r.p.TestFile    ... finished proof: closed. 
102721     INFO  main            d.u.i.k.p.i.AbstractProblemLoader Loading environment from /home/runner/work/key/key/key.core/../key.ui/examples/heap/information_flow/UpdateAbstraction_ex7_3_secure.key.proof 
102721     DEBUG main            d.u.i.k.p.i.AbstractProblemLoader Environment load took 127.1ns 
102722     INFO  main            d.u.i.k.p.i.AbstractProblemLoader Creating init config 
105323     DEBUG main            d.u.i.k.p.i.AbstractProblemLoader Init config took 2.6s 
105365     INFO  main            d.u.i.k.p.i.AbstractProblemLoader Replaying proof UpdateAbstraction[UpdateAbstraction::ex7_3_secure()].JML operation contract.0 
105400     DEBUG main            d.u.i.k.p.i.IntermediateProofReplayer Proof replay took 33.14ms 
105403     DEBUG main            d.u.i.k.p.r.p.TestFile    ... success: reloaded. 
105404     INFO  main            d.u.i.k.p.r.p.TestFile    Now processing file /home/runner/work/key/key/key.core/../key.ui/examples/heap/information_flow/UpdateAbstraction_ex7_4_secure.key 
105405     INFO  main            d.u.i.k.p.i.AbstractProblemLoader Loading environment from /home/runner/work/key/key/key.core/../key.ui/examples/heap/information_flow/UpdateAbstraction_ex7_4_secure.key 
105405     DEBUG main            d.u.i.k.p.i.AbstractProblemLoader Environment load took 248.61ns 
105406     INFO  main            d.u.i.k.p.i.AbstractProblemLoader Creating init config 
108053     DEBUG main            d.u.i.k.p.i.AbstractProblemLoader Init config took 2.65s 
108108     INFO  main            d.u.i.k.p.i.AbstractProblemLoader Replaying proof UpdateAbstraction[UpdateAbstraction::ex7_4_secure()].JML operation contract.0 
108110     DEBUG main            d.u.i.k.p.i.IntermediateProofReplayer Proof replay took 6.5ns 
108312     INFO  main            d.u.i.k.p.r.p.TestFile    ... finished proof: closed. 
108576     INFO  main            d.u.i.k.p.i.AbstractProblemLoader Loading environment from /home/runner/work/key/key/key.core/../key.ui/examples/heap/information_flow/UpdateAbstraction_ex7_4_secure.key.proof 
108576     DEBUG main            d.u.i.k.p.i.AbstractProblemLoader Environment load took 139.7ns 
108577     INFO  main            d.u.i.k.p.i.AbstractProblemLoader Creating init config 
111147     DEBUG main            d.u.i.k.p.i.AbstractProblemLoader Init config took 2.57s 
111182     INFO  main            d.u.i.k.p.i.AbstractProblemLoader Replaying proof UpdateAbstraction[UpdateAbstraction::ex7_4_secure()].JML operation contract.0 
111228     DEBUG main            d.u.i.k.p.i.IntermediateProofReplayer Proof replay took 43.83ms 
111229     DEBUG main            d.u.i.k.p.r.p.TestFile    ... success: reloaded. 
111229     INFO  main            d.u.i.k.p.r.p.TestFile    Now processing file /home/runner/work/key/key/key.core/../key.ui/examples/heap/information_flow/UpdateAbstraction_ex7_5_secure.key 
111229     INFO  main            d.u.i.k.p.i.AbstractProblemLoader Loading environment from /home/runner/work/key/key/key.core/../key.ui/examples/heap/information_flow/UpdateAbstraction_ex7_5_secure.key 
111230     DEBUG main            d.u.i.k.p.i.AbstractProblemLoader Environment load took 108.4ns 
111230     INFO  main            d.u.i.k.p.i.AbstractProblemLoader Creating init config 
113887     DEBUG main            d.u.i.k.p.i.AbstractProblemLoader Init config took 2.66s 
113921     INFO  main            d.u.i.k.p.i.AbstractProblemLoader Replaying proof UpdateAbstraction[UpdateAbstraction::ex7_5_secure()].JML operation contract.0 
113922     DEBUG main            d.u.i.k.p.i.IntermediateProofReplayer Proof replay took 6ns 
114027     INFO  main            d.u.i.k.p.r.p.TestFile    ... finished proof: closed. 
114289     INFO  main            d.u.i.k.p.i.AbstractProblemLoader Loading environment from /home/runner/work/key/key/key.core/../key.ui/examples/heap/information_flow/UpdateAbstraction_ex7_5_secure.key.proof 
114289     DEBUG main            d.u.i.k.p.i.AbstractProblemLoader Environment load took 125.8ns 
114290     INFO  main            d.u.i.k.p.i.AbstractProblemLoader Creating init config 
116890     DEBUG main            d.u.i.k.p.i.AbstractProblemLoader Init config took 2.6s 
116925     INFO  main            d.u.i.k.p.i.AbstractProblemLoader Replaying proof UpdateAbstraction[UpdateAbstraction::ex7_5_secure()].JML operation contract.0 
116944     DEBUG main            d.u.i.k.p.i.IntermediateProofReplayer Proof replay took 17.47ms 
116944     DEBUG main            d.u.i.k.p.r.p.TestFile    ... success: reloaded. 
116945     INFO  main            d.u.i.k.p.r.p.TestFile    Now processing file /home/runner/work/key/key/key.core/../key.ui/examples/heap/information_flow/UpdateAbstraction_ex7_6_secure.key 
116945     INFO  main            d.u.i.k.p.i.AbstractProblemLoader Loading environment from /home/runner/work/key/key/key.core/../key.ui/examples/heap/information_flow/UpdateAbstraction_ex7_6_secure.key 
116945     DEBUG main            d.u.i.k.p.i.AbstractProblemLoader Environment load took 61.8ns 
116946     INFO  main            d.u.i.k.p.i.AbstractProblemLoader Creating init config 
119568     DEBUG main            d.u.i.k.p.i.AbstractProblemLoader Init config took 2.62s 
119602     INFO  main            d.u.i.k.p.i.AbstractProblemLoader Replaying proof UpdateAbstraction[UpdateAbstraction::ex7_6_secure()].JML operation contract.0 
119604     DEBUG main            d.u.i.k.p.i.IntermediateProofReplayer Proof replay took 6.5ns 
119906     INFO  main            d.u.i.k.p.r.p.TestFile    ... finished proof: closed. 
120198     INFO  main            d.u.i.k.p.i.AbstractProblemLoader Loading environment from /home/runner/work/key/key/key.core/../key.ui/examples/heap/information_flow/UpdateAbstraction_ex7_6_secure.key.proof 
120198     DEBUG main            d.u.i.k.p.i.AbstractProblemLoader Environment load took 125.5ns 
120199     INFO  main            d.u.i.k.p.i.AbstractProblemLoader Creating init config 
122770     DEBUG main            d.u.i.k.p.i.AbstractProblemLoader Init config took 2.57s 
122804     INFO  main            d.u.i.k.p.i.AbstractProblemLoader Replaying proof UpdateAbstraction[UpdateAbstraction::ex7_6_secure()].JML operation contract.0 
122865     DEBUG main            d.u.i.k.p.i.IntermediateProofReplayer Proof replay took 58.93ms 
122866     DEBUG main            d.u.i.k.p.r.p.TestFile    ... success: reloaded. 
122867     INFO  main            d.u.i.k.p.r.p.TestFile    Now processing file /home/runner/work/key/key/key.core/../key.ui/examples/heap/information_flow/UpdateAbstraction_ex9_secure.key 
122867     INFO  main            d.u.i.k.p.i.AbstractProblemLoader Loading environment from /home/runner/work/key/key/key.core/../key.ui/examples/heap/information_flow/UpdateAbstraction_ex9_secure.key 
122867     DEBUG main            d.u.i.k.p.i.AbstractProblemLoader Environment load took 105.8ns 
122868     INFO  main            d.u.i.k.p.i.AbstractProblemLoader Creating init config 
125519     DEBUG main            d.u.i.k.p.i.AbstractProblemLoader Init config took 2.65s 
125561     INFO  main            d.u.i.k.p.i.AbstractProblemLoader Replaying proof UpdateAbstraction[UpdateAbstraction::ex9_secure()].JML operation contract.0 
125563     DEBUG main            d.u.i.k.p.i.IntermediateProofReplayer Proof replay took 8ns 
126476     INFO  main            d.u.i.k.p.r.p.TestFile    ... finished proof: closed. 
126793     INFO  main            d.u.i.k.p.i.AbstractProblemLoader Loading environment from /home/runner/work/key/key/key.core/../key.ui/examples/heap/information_flow/UpdateAbstraction_ex9_secure.key.proof 
126794     DEBUG main            d.u.i.k.p.i.AbstractProblemLoader Environment load took 147.7ns 
126795     INFO  main            d.u.i.k.p.i.AbstractProblemLoader Creating init config 
129371     DEBUG main            d.u.i.k.p.i.AbstractProblemLoader Init config took 2.58s 
129406     INFO  main            d.u.i.k.p.i.AbstractProblemLoader Replaying proof UpdateAbstraction[UpdateAbstraction::ex9_secure()].JML operation contract.0 
129604     DEBUG main            d.u.i.k.p.i.IntermediateProofReplayer Proof replay took 194.73ms 
129605     DEBUG main            d.u.i.k.p.r.p.TestFile    ... success: reloaded. 
847143     INFO  Test worker     d.u.i.k.p.r.RunAllProofsTestUnit Returning from test javaCard 
847144     INFO  Test worker     d.u.i.k.p.r.RunAllProofsTestUnit Running test list 
348        INFO  Timeout watchdog d.u.i.k.p.r.p.ForkedTestFileRunner Timeout watcher launched (2000 secs.) 
355        WARN  main            d.u.i.k.s.ProofSettings   The settings in /home/runner/.key/proof-settings.props are *not* read. 
383        INFO  main            d.u.i.k.p.r.p.TestFile    Now processing file /home/runner/work/key/key/key.core/../key.ui/examples/heap/list/ArrayList_add.key 
500        INFO  main            d.u.i.k.p.i.AbstractProblemLoader Loading environment from /home/runner/work/key/key/key.core/../key.ui/examples/heap/list/ArrayList_add.key 
517        DEBUG main            d.u.i.k.p.i.AbstractProblemLoader Environment load took 2.33ms 
732        INFO  main            d.u.i.k.p.i.AbstractProblemLoader Creating init config 
1664       DEBUG main            d.u.i.k.j.TypeConverter   No LDT found for Meta 
1664       DEBUG main            d.u.i.k.j.TypeConverter   No LDT found for Meta 
1668       DEBUG main            d.u.i.k.j.TypeConverter   No LDT found for Meta 
1668       DEBUG main            d.u.i.k.j.TypeConverter   No LDT found for Meta 
3013       DEBUG main            d.u.i.k.j.TypeConverter   No LDT found for JavaBigintExpression 
6327       DEBUG main            d.u.i.k.j.r.ClassPreparationMethodBuilder clPrepBuilder: Inner Class detected. Reject building class initialisation methods. 
9114       DEBUG main            d.u.i.k.p.i.AbstractProblemLoader Init config took 8.38s 
9317       INFO  main            d.u.i.k.p.i.AbstractProblemLoader Replaying proof ArrayList[List::add(java.lang.Object)].JML normal_behavior operation contract.0 
9395       DEBUG main            d.u.i.k.p.i.IntermediateProofReplayer Proof replay took 36.9ns 
15253      INFO  main            d.u.i.k.p.r.p.TestFile    ... finished proof: closed. 
15449      INFO  main            d.u.i.k.p.i.AbstractProblemLoader Loading environment from /home/runner/work/key/key/key.core/../key.ui/examples/heap/list/ArrayList_add.key.proof 
15451      DEBUG main            d.u.i.k.p.i.AbstractProblemLoader Environment load took 1.95ms 
15457      INFO  main            d.u.i.k.p.i.AbstractProblemLoader Creating init config 
16712      DEBUG main            d.u.i.k.j.r.ClassPreparationMethodBuilder clPrepBuilder: Inner Class detected. Reject building class initialisation methods. 
19030      DEBUG main            d.u.i.k.p.i.AbstractProblemLoader Init config took 3.57s 
19125      INFO  main            d.u.i.k.p.i.AbstractProblemLoader Replaying proof ArrayList[List::add(java.lang.Object)].JML normal_behavior operation contract.0 
20209      DEBUG main            d.u.i.k.p.i.IntermediateProofReplayer Proof replay took 1.06s 
20219      DEBUG main            d.u.i.k.p.r.p.TestFile    ... success: reloaded. 
20221      INFO  main            d.u.i.k.p.r.p.TestFile    Now processing file /home/runner/work/key/key/key.core/../key.ui/examples/heap/list/ArrayList_ArrayList.key 
20221      INFO  main            d.u.i.k.p.i.AbstractProblemLoader Loading environment from /home/runner/work/key/key/key.core/../key.ui/examples/heap/list/ArrayList_ArrayList.key 
20222      DEBUG main            d.u.i.k.p.i.AbstractProblemLoader Environment load took 299.21ns 
20223      INFO  main            d.u.i.k.p.i.AbstractProblemLoader Creating init config 
21369      DEBUG main            d.u.i.k.j.r.ClassPreparationMethodBuilder clPrepBuilder: Inner Class detected. Reject building class initialisation methods. 
23699      DEBUG main            d.u.i.k.p.i.AbstractProblemLoader Init config took 3.48s 
23767      INFO  main            d.u.i.k.p.i.AbstractProblemLoader Replaying proof ArrayList[ArrayList::ArrayList()].JML normal_behavior operation contract.0 
23770      DEBUG main            d.u.i.k.p.i.IntermediateProofReplayer Proof replay took 6.9ns 
25321      INFO  main            d.u.i.k.p.r.p.TestFile    ... finished proof: closed. 
25485      INFO  main            d.u.i.k.p.i.AbstractProblemLoader Loading environment from /home/runner/work/key/key/key.core/../key.ui/examples/heap/list/ArrayList_ArrayList.key.proof 
25488      DEBUG main            d.u.i.k.p.i.AbstractProblemLoader Environment load took 2.78ms 
25490      INFO  main            d.u.i.k.p.i.AbstractProblemLoader Creating init config 
26573      DEBUG main            d.u.i.k.j.r.ClassPreparationMethodBuilder clPrepBuilder: Inner Class detected. Reject building class initialisation methods. 
28762      DEBUG main            d.u.i.k.p.i.AbstractProblemLoader Init config took 3.27s 
28821      INFO  main            d.u.i.k.p.i.AbstractProblemLoader Replaying proof ArrayList[ArrayList::ArrayList()].JML normal_behavior operation contract.0 
29045      DEBUG main            d.u.i.k.p.i.IntermediateProofReplayer Proof replay took 213.29ms 
29047      DEBUG main            d.u.i.k.p.r.p.TestFile    ... success: reloaded. 
29048      INFO  main            d.u.i.k.p.r.p.TestFile    Now processing file /home/runner/work/key/key/key.core/../key.ui/examples/heap/list/ArrayList_concatenate.key 
29049      INFO  main            d.u.i.k.p.i.AbstractProblemLoader Loading environment from /home/runner/work/key/key/key.core/../key.ui/examples/heap/list/ArrayList_concatenate.key 
29049      DEBUG main            d.u.i.k.p.i.AbstractProblemLoader Environment load took 261.71ns 
29050      INFO  main            d.u.i.k.p.i.AbstractProblemLoader Creating init config 
30113      DEBUG main            d.u.i.k.j.r.ClassPreparationMethodBuilder clPrepBuilder: Inner Class detected. Reject building class initialisation methods. 
32358      DEBUG main            d.u.i.k.p.i.AbstractProblemLoader Init config took 3.31s 
32414      INFO  main            d.u.i.k.p.i.AbstractProblemLoader Replaying proof ArrayList[List::concatenate(List)].JML normal_behavior operation contract.0 
32416      DEBUG main            d.u.i.k.p.i.IntermediateProofReplayer Proof replay took 6ns 
56833      INFO  main            d.u.i.k.p.r.p.TestFile    ... finished proof: closed. 
57080      INFO  main            d.u.i.k.p.i.AbstractProblemLoader Loading environment from /home/runner/work/key/key/key.core/../key.ui/examples/heap/list/ArrayList_concatenate.key.proof 
57080      DEBUG main            d.u.i.k.p.i.AbstractProblemLoader Environment load took 264.11ns 
57084      INFO  main            d.u.i.k.p.i.AbstractProblemLoader Creating init config 
58108      DEBUG main            d.u.i.k.j.r.ClassPreparationMethodBuilder clPrepBuilder: Inner Class detected. Reject building class initialisation methods. 
60272      DEBUG main            d.u.i.k.p.i.AbstractProblemLoader Init config took 3.19s 
60343      INFO  main            d.u.i.k.p.i.AbstractProblemLoader Replaying proof ArrayList[List::concatenate(List)].JML normal_behavior operation contract.0 
62624      DEBUG main            d.u.i.k.p.i.IntermediateProofReplayer Proof replay took 2.21s 
62629      DEBUG main            d.u.i.k.p.r.p.TestFile    ... success: reloaded. 
62630      INFO  main            d.u.i.k.p.r.p.TestFile    Now processing file /home/runner/work/key/key/key.core/../key.ui/examples/heap/list/ArrayList_contains_dep.key 
62630      INFO  main            d.u.i.k.p.i.AbstractProblemLoader Loading environment from /home/runner/work/key/key/key.core/../key.ui/examples/heap/list/ArrayList_contains_dep.key 
62630      DEBUG main            d.u.i.k.p.i.AbstractProblemLoader Environment load took 105.4ns 
62631      INFO  main            d.u.i.k.p.i.AbstractProblemLoader Creating init config 
63713      DEBUG main            d.u.i.k.j.r.ClassPreparationMethodBuilder clPrepBuilder: Inner Class detected. Reject building class initialisation methods. 
65967      DEBUG main            d.u.i.k.p.i.AbstractProblemLoader Init config took 3.34s 
66025      INFO  main            d.u.i.k.p.i.AbstractProblemLoader Replaying proof ArrayList[List::contains(java.lang.Object)].JML accessible clause.0 
66027      DEBUG main            d.u.i.k.p.i.IntermediateProofReplayer Proof replay took 6.3ns 
68658      INFO  main            d.u.i.k.p.r.p.TestFile    ... finished proof: closed. 
68885      INFO  main            d.u.i.k.p.i.AbstractProblemLoader Loading environment from /home/runner/work/key/key/key.core/../key.ui/examples/heap/list/ArrayList_contains_dep.key.proof 
68886      DEBUG main            d.u.i.k.p.i.AbstractProblemLoader Environment load took 692.91ns 
68888      INFO  main            d.u.i.k.p.i.AbstractProblemLoader Creating init config 
69917      DEBUG main            d.u.i.k.j.r.ClassPreparationMethodBuilder clPrepBuilder: Inner Class detected. Reject building class initialisation methods. 
72126      DEBUG main            d.u.i.k.p.i.AbstractProblemLoader Init config took 3.24s 
72177      INFO  main            d.u.i.k.p.i.AbstractProblemLoader Replaying proof ArrayList[List::contains(java.lang.Object)].JML accessible clause.0 
72642      DEBUG main            d.u.i.k.p.i.IntermediateProofReplayer Proof replay took 454.43ms 
72644      DEBUG main            d.u.i.k.p.r.p.TestFile    ... success: reloaded. 
72645      INFO  main            d.u.i.k.p.r.p.TestFile    Now processing file /home/runner/work/key/key/key.core/../key.ui/examples/heap/list/ArrayList_enlarge.key 
72645      INFO  main            d.u.i.k.p.i.AbstractProblemLoader Loading environment from /home/runner/work/key/key/key.core/../key.ui/examples/heap/list/ArrayList_enlarge.key 
72645      DEBUG main            d.u.i.k.p.i.AbstractProblemLoader Environment load took 100.2ns 
72646      INFO  main            d.u.i.k.p.i.AbstractProblemLoader Creating init config 
73667      DEBUG main            d.u.i.k.j.r.ClassPreparationMethodBuilder clPrepBuilder: Inner Class detected. Reject building class initialisation methods. 
75900      DEBUG main            d.u.i.k.p.i.AbstractProblemLoader Init config took 3.25s 
75951      INFO  main            d.u.i.k.p.i.AbstractProblemLoader Replaying proof ArrayList[ArrayList::enlarge()].JML normal_behavior operation contract.0 
75953      DEBUG main            d.u.i.k.p.i.IntermediateProofReplayer Proof replay took 5.3ns 
78183      INFO  main            d.u.i.k.p.r.p.TestFile    ... finished proof: closed. 
78451      INFO  main            d.u.i.k.p.i.AbstractProblemLoader Loading environment from /home/runner/work/key/key/key.core/../key.ui/examples/heap/list/ArrayList_enlarge.key.proof 
78451      DEBUG main            d.u.i.k.p.i.AbstractProblemLoader Environment load took 650.41ns 
78453      INFO  main            d.u.i.k.p.i.AbstractProblemLoader Creating init config 
79453      DEBUG main            d.u.i.k.j.r.ClassPreparationMethodBuilder clPrepBuilder: Inner Class detected. Reject building class initialisation methods. 
81652      DEBUG main            d.u.i.k.p.i.AbstractProblemLoader Init config took 3.2s 
81703      INFO  main            d.u.i.k.p.i.AbstractProblemLoader Replaying proof ArrayList[ArrayList::enlarge()].JML normal_behavior operation contract.0 
82131      DEBUG main            d.u.i.k.p.i.IntermediateProofReplayer Proof replay took 418.29ms 
82136      DEBUG main            d.u.i.k.p.r.p.TestFile    ... success: reloaded. 
82138      INFO  main            d.u.i.k.p.r.p.TestFile    Now processing file /home/runner/work/key/key/key.core/../key.ui/examples/heap/list/ArrayList_footprint.key 
82138      INFO  main            d.u.i.k.p.i.AbstractProblemLoader Loading environment from /home/runner/work/key/key/key.core/../key.ui/examples/heap/list/ArrayList_footprint.key 
82139      DEBUG main            d.u.i.k.p.i.AbstractProblemLoader Environment load took 257.21ns 
82140      INFO  main            d.u.i.k.p.i.AbstractProblemLoader Creating init config 
83151      DEBUG main            d.u.i.k.j.r.ClassPreparationMethodBuilder clPrepBuilder: Inner Class detected. Reject building class initialisation methods. 
85306      DEBUG main            d.u.i.k.p.i.AbstractProblemLoader Init config took 3.17s 
85348      INFO  main            d.u.i.k.p.i.AbstractProblemLoader Replaying proof List[List::$footprint()].JML accessible clause.0 
85350      DEBUG main            d.u.i.k.p.i.IntermediateProofReplayer Proof replay took 6.7ns 
85455      INFO  main            d.u.i.k.p.r.p.TestFile    ... finished proof: closed. 
85633      INFO  main            d.u.i.k.p.i.AbstractProblemLoader Loading environment from /home/runner/work/key/key/key.core/../key.ui/examples/heap/list/ArrayList_footprint.key.proof 
85633      DEBUG main            d.u.i.k.p.i.AbstractProblemLoader Environment load took 127.4ns 
85634      INFO  main            d.u.i.k.p.i.AbstractProblemLoader Creating init config 
86635      DEBUG main            d.u.i.k.j.r.ClassPreparationMethodBuilder clPrepBuilder: Inner Class detected. Reject building class initialisation methods. 
88800      DEBUG main            d.u.i.k.p.i.AbstractProblemLoader Init config took 3.17s 
88843      INFO  main            d.u.i.k.p.i.AbstractProblemLoader Replaying proof List[List::$footprint()].JML accessible clause.0 
88846      DEBUG main            d.u.i.k.p.i.IntermediateProofReplayer Proof replay took 1.32ms 
88847      DEBUG main            d.u.i.k.p.r.p.TestFile    ... success: reloaded. 
88849      INFO  main            d.u.i.k.p.r.p.TestFile    Now processing file /home/runner/work/key/key/key.core/../key.ui/examples/heap/list/ArrayList_get_dep.key 
88849      INFO  main            d.u.i.k.p.i.AbstractProblemLoader Loading environment from /home/runner/work/key/key/key.core/../key.ui/examples/heap/list/ArrayList_get_dep.key 
88849      DEBUG main            d.u.i.k.p.i.AbstractProblemLoader Environment load took 229.21ns 
88851      INFO  main            d.u.i.k.p.i.AbstractProblemLoader Creating init config 
89879      DEBUG main            d.u.i.k.j.r.ClassPreparationMethodBuilder clPrepBuilder: Inner Class detected. Reject building class initialisation methods. 
92048      DEBUG main            d.u.i.k.p.i.AbstractProblemLoader Init config took 3.2s 
92094      INFO  main            d.u.i.k.p.i.AbstractProblemLoader Replaying proof ArrayList[List::get(int)].JML accessible clause.0 
92096      DEBUG main            d.u.i.k.p.i.IntermediateProofReplayer Proof replay took 6.2ns 
92510      INFO  main            d.u.i.k.p.r.p.TestFile    ... finished proof: closed. 
92744      INFO  main            d.u.i.k.p.i.AbstractProblemLoader Loading environment from /home/runner/work/key/key/key.core/../key.ui/examples/heap/list/ArrayList_get_dep.key.proof 
92745      DEBUG main            d.u.i.k.p.i.AbstractProblemLoader Environment load took 1.09ms 
92746      INFO  main            d.u.i.k.p.i.AbstractProblemLoader Creating init config 
93739      DEBUG main            d.u.i.k.j.r.ClassPreparationMethodBuilder clPrepBuilder: Inner Class detected. Reject building class initialisation methods. 
95909      DEBUG main            d.u.i.k.p.i.AbstractProblemLoader Init config took 3.16s 
95955      INFO  main            d.u.i.k.p.i.AbstractProblemLoader Replaying proof ArrayList[List::get(int)].JML accessible clause.0 
96035      DEBUG main            d.u.i.k.p.i.IntermediateProofReplayer Proof replay took 76.71ms 
96036      DEBUG main            d.u.i.k.p.r.p.TestFile    ... success: reloaded. 
96037      INFO  main            d.u.i.k.p.r.p.TestFile    Now processing file /home/runner/work/key/key/key.core/../key.ui/examples/heap/list/ArrayList_get_exceptional.key 
96037      INFO  main            d.u.i.k.p.i.AbstractProblemLoader Loading environment from /home/runner/work/key/key/key.core/../key.ui/examples/heap/list/ArrayList_get_exceptional.key 
96037      DEBUG main            d.u.i.k.p.i.AbstractProblemLoader Environment load took 129.4ns 
96038      INFO  main            d.u.i.k.p.i.AbstractProblemLoader Creating init config 
97041      DEBUG main            d.u.i.k.j.r.ClassPreparationMethodBuilder clPrepBuilder: Inner Class detected. Reject building class initialisation methods. 
99177      DEBUG main            d.u.i.k.p.i.AbstractProblemLoader Init config took 3.14s 
99224      INFO  main            d.u.i.k.p.i.AbstractProblemLoader Replaying proof ArrayList[List::get(int)].JML exceptional_behavior operation contract.0 
99225      DEBUG main            d.u.i.k.p.i.IntermediateProofReplayer Proof replay took 7.2ns 
100345     INFO  main            d.u.i.k.p.r.p.TestFile    ... finished proof: closed. 
100574     INFO  main            d.u.i.k.p.i.AbstractProblemLoader Loading environment from /home/runner/work/key/key/key.core/../key.ui/examples/heap/list/ArrayList_get_exceptional.key.proof 
100574     DEBUG main            d.u.i.k.p.i.AbstractProblemLoader Environment load took 615.91ns 
100576     INFO  main            d.u.i.k.p.i.AbstractProblemLoader Creating init config 
101577     DEBUG main            d.u.i.k.j.r.ClassPreparationMethodBuilder clPrepBuilder: Inner Class detected. Reject building class initialisation methods. 
103741     DEBUG main            d.u.i.k.p.i.AbstractProblemLoader Init config took 3.16s 
103787     INFO  main            d.u.i.k.p.i.AbstractProblemLoader Replaying proof ArrayList[List::get(int)].JML exceptional_behavior operation contract.0 
104016     DEBUG main            d.u.i.k.p.i.IntermediateProofReplayer Proof replay took 222.17ms 
104018     DEBUG main            d.u.i.k.p.r.p.TestFile    ... success: reloaded. 
104019     INFO  main            d.u.i.k.p.r.p.TestFile    Now processing file /home/runner/work/key/key/key.core/../key.ui/examples/heap/list/ArrayList_get_normal.key 
104019     INFO  main            d.u.i.k.p.i.AbstractProblemLoader Loading environment from /home/runner/work/key/key/key.core/../key.ui/examples/heap/list/ArrayList_get_normal.key 
104020     DEBUG main            d.u.i.k.p.i.AbstractProblemLoader Environment load took 234.21ns 
104021     INFO  main            d.u.i.k.p.i.AbstractProblemLoader Creating init config 
105020     DEBUG main            d.u.i.k.j.r.ClassPreparationMethodBuilder clPrepBuilder: Inner Class detected. Reject building class initialisation methods. 
107172     DEBUG main            d.u.i.k.p.i.AbstractProblemLoader Init config took 3.15s 
107218     INFO  main            d.u.i.k.p.i.AbstractProblemLoader Replaying proof ArrayList[List::get(int)].JML normal_behavior operation contract.0 
107220     DEBUG main            d.u.i.k.p.i.IntermediateProofReplayer Proof replay took 6.1ns 
107622     INFO  main            d.u.i.k.p.r.p.TestFile    ... finished proof: closed. 
107843     INFO  main            d.u.i.k.p.i.AbstractProblemLoader Loading environment from /home/runner/work/key/key/key.core/../key.ui/examples/heap/list/ArrayList_get_normal.key.proof 
107843     DEBUG main            d.u.i.k.p.i.AbstractProblemLoader Environment load took 127.7ns 
107844     INFO  main            d.u.i.k.p.i.AbstractProblemLoader Creating init config 
108825     DEBUG main            d.u.i.k.j.r.ClassPreparationMethodBuilder clPrepBuilder: Inner Class detected. Reject building class initialisation methods. 
110996     DEBUG main            d.u.i.k.p.i.AbstractProblemLoader Init config took 3.15s 
111042     INFO  main            d.u.i.k.p.i.AbstractProblemLoader Replaying proof ArrayList[List::get(int)].JML normal_behavior operation contract.0 
111122     DEBUG main            d.u.i.k.p.i.IntermediateProofReplayer Proof replay took 76.23ms 
111124     DEBUG main            d.u.i.k.p.r.p.TestFile    ... success: reloaded. 
111125     INFO  main            d.u.i.k.p.r.p.TestFile    Now processing file /home/runner/work/key/key/key.core/../key.ui/examples/heap/list/ArrayList_inv.key 
111125     INFO  main            d.u.i.k.p.i.AbstractProblemLoader Loading environment from /home/runner/work/key/key/key.core/../key.ui/examples/heap/list/ArrayList_inv.key 
111126     DEBUG main            d.u.i.k.p.i.AbstractProblemLoader Environment load took 239.6ns 
111127     INFO  main            d.u.i.k.p.i.AbstractProblemLoader Creating init config 
112123     DEBUG main            d.u.i.k.j.r.ClassPreparationMethodBuilder clPrepBuilder: Inner Class detected. Reject building class initialisation methods. 
114260     DEBUG main            d.u.i.k.p.i.AbstractProblemLoader Init config took 3.13s 
114304     INFO  main            d.u.i.k.p.i.AbstractProblemLoader Replaying proof ArrayList[java.lang.Object::<inv>()].JML accessible clause.0 
114306     DEBUG main            d.u.i.k.p.i.IntermediateProofReplayer Proof replay took 6.5ns 
114712     INFO  main            d.u.i.k.p.r.p.TestFile    ... finished proof: closed. 
114937     INFO  main            d.u.i.k.p.i.AbstractProblemLoader Loading environment from /home/runner/work/key/key/key.core/../key.ui/examples/heap/list/ArrayList_inv.key.proof 
114937     DEBUG main            d.u.i.k.p.i.AbstractProblemLoader Environment load took 118.4ns 
114938     INFO  main            d.u.i.k.p.i.AbstractProblemLoader Creating init config 
115926     DEBUG main            d.u.i.k.j.r.ClassPreparationMethodBuilder clPrepBuilder: Inner Class detected. Reject building class initialisation methods. 
118042     DEBUG main            d.u.i.k.p.i.AbstractProblemLoader Init config took 3.1s 
118087     INFO  main            d.u.i.k.p.i.AbstractProblemLoader Replaying proof ArrayList[java.lang.Object::<inv>()].JML accessible clause.0 
118133     DEBUG main            d.u.i.k.p.i.IntermediateProofReplayer Proof replay took 42.99ms 
118135     DEBUG main            d.u.i.k.p.r.p.TestFile    ... success: reloaded. 
118136     INFO  main            d.u.i.k.p.r.p.TestFile    Now processing file /home/runner/work/key/key/key.core/../key.ui/examples/heap/list/ArrayList_iterator.key 
118136     INFO  main            d.u.i.k.p.i.AbstractProblemLoader Loading environment from /home/runner/work/key/key/key.core/../key.ui/examples/heap/list/ArrayList_iterator.key 
118136     DEBUG main            d.u.i.k.p.i.AbstractProblemLoader Environment load took 108ns 
118137     INFO  main            d.u.i.k.p.i.AbstractProblemLoader Creating init config 
119157     DEBUG main            d.u.i.k.j.r.ClassPreparationMethodBuilder clPrepBuilder: Inner Class detected. Reject building class initialisation methods. 
121341     DEBUG main            d.u.i.k.p.i.AbstractProblemLoader Init config took 3.2s 
121386     INFO  main            d.u.i.k.p.i.AbstractProblemLoader Replaying proof ArrayList[List::iterator()].JML normal_behavior operation contract.0 
121388     DEBUG main            d.u.i.k.p.i.IntermediateProofReplayer Proof replay took 6.2ns 
121892     INFO  main            d.u.i.k.p.r.p.TestFile    ... finished proof: closed. 
122131     INFO  main            d.u.i.k.p.i.AbstractProblemLoader Loading environment from /home/runner/work/key/key/key.core/../key.ui/examples/heap/list/ArrayList_iterator.key.proof 
122131     DEBUG main            d.u.i.k.p.i.AbstractProblemLoader Environment load took 122.6ns 
122132     INFO  main            d.u.i.k.p.i.AbstractProblemLoader Creating init config 
123149     DEBUG main            d.u.i.k.j.r.ClassPreparationMethodBuilder clPrepBuilder: Inner Class detected. Reject building class initialisation methods. 
125303     DEBUG main            d.u.i.k.p.i.AbstractProblemLoader Init config took 3.17s 
125349     INFO  main            d.u.i.k.p.i.AbstractProblemLoader Replaying proof ArrayList[List::iterator()].JML normal_behavior operation contract.0 
125434     DEBUG main            d.u.i.k.p.i.IntermediateProofReplayer Proof replay took 79.96ms 
125435     DEBUG main            d.u.i.k.p.r.p.TestFile    ... success: reloaded. 
125436     INFO  main            d.u.i.k.p.r.p.TestFile    Now processing file /home/runner/work/key/key/key.core/../key.ui/examples/heap/list/ArrayList_size_dep.key 
125437     INFO  main            d.u.i.k.p.i.AbstractProblemLoader Loading environment from /home/runner/work/key/key/key.core/../key.ui/examples/heap/list/ArrayList_size_dep.key 
125437     DEBUG main            d.u.i.k.p.i.AbstractProblemLoader Environment load took 60.2ns 
125438     INFO  main            d.u.i.k.p.i.AbstractProblemLoader Creating init config 
126456     DEBUG main            d.u.i.k.j.r.ClassPreparationMethodBuilder clPrepBuilder: Inner Class detected. Reject building class initialisation methods. 
128593     DEBUG main            d.u.i.k.p.i.AbstractProblemLoader Init config took 3.16s 
128637     INFO  main            d.u.i.k.p.i.AbstractProblemLoader Replaying proof ArrayList[List::size()].JML accessible clause.0 
128638     DEBUG main            d.u.i.k.p.i.IntermediateProofReplayer Proof replay took 6.5ns 
128841     INFO  main            d.u.i.k.p.r.p.TestFile    ... finished proof: closed. 
129067     INFO  main            d.u.i.k.p.i.AbstractProblemLoader Loading environment from /home/runner/work/key/key/key.core/../key.ui/examples/heap/list/ArrayList_size_dep.key.proof 
129067     DEBUG main            d.u.i.k.p.i.AbstractProblemLoader Environment load took 125.6ns 
129068     INFO  main            d.u.i.k.p.i.AbstractProblemLoader Creating init config 
130065     DEBUG main            d.u.i.k.j.r.ClassPreparationMethodBuilder clPrepBuilder: Inner Class detected. Reject building class initialisation methods. 
132167     DEBUG main            d.u.i.k.p.i.AbstractProblemLoader Init config took 3.1s 
132212     INFO  main            d.u.i.k.p.i.AbstractProblemLoader Replaying proof ArrayList[List::size()].JML accessible clause.0 
132240     DEBUG main            d.u.i.k.p.i.IntermediateProofReplayer Proof replay took 24.57ms 
132241     DEBUG main            d.u.i.k.p.r.p.TestFile    ... success: reloaded. 
132244     INFO  main            d.u.i.k.p.r.p.TestFile    Now processing file /home/runner/work/key/key/key.core/../key.ui/examples/heap/list/ArrayList_size.key 
132244     INFO  main            d.u.i.k.p.i.AbstractProblemLoader Loading environment from /home/runner/work/key/key/key.core/../key.ui/examples/heap/list/ArrayList_size.key 
132244     DEBUG main            d.u.i.k.p.i.AbstractProblemLoader Environment load took 104.4ns 
132248     INFO  main            d.u.i.k.p.i.AbstractProblemLoader Creating init config 
133266     DEBUG main            d.u.i.k.j.r.ClassPreparationMethodBuilder clPrepBuilder: Inner Class detected. Reject building class initialisation methods. 
135442     DEBUG main            d.u.i.k.p.i.AbstractProblemLoader Init config took 3.19s 
135486     INFO  main            d.u.i.k.p.i.AbstractProblemLoader Replaying proof ArrayList[List::size()].JML normal_behavior operation contract.0 
135488     DEBUG main            d.u.i.k.p.i.IntermediateProofReplayer Proof replay took 6.1ns 
135690     INFO  main            d.u.i.k.p.r.p.TestFile    ... finished proof: closed. 
135922     INFO  main            d.u.i.k.p.i.AbstractProblemLoader Loading environment from /home/runner/work/key/key/key.core/../key.ui/examples/heap/list/ArrayList_size.key.proof 
135922     DEBUG main            d.u.i.k.p.i.AbstractProblemLoader Environment load took 167.4ns 
135923     INFO  main            d.u.i.k.p.i.AbstractProblemLoader Creating init config 
136910     DEBUG main            d.u.i.k.j.r.ClassPreparationMethodBuilder clPrepBuilder: Inner Class detected. Reject building class initialisation methods. 
139018     DEBUG main            d.u.i.k.p.i.AbstractProblemLoader Init config took 3.09s 
139078     INFO  main            d.u.i.k.p.i.AbstractProblemLoader Replaying proof ArrayList[List::size()].JML normal_behavior operation contract.0 
139118     DEBUG main            d.u.i.k.p.i.IntermediateProofReplayer Proof replay took 37.81ms 
139119     DEBUG main            d.u.i.k.p.r.p.TestFile    ... success: reloaded. 
139120     INFO  main            d.u.i.k.p.r.p.TestFile    Now processing file /home/runner/work/key/key/key.core/../key.ui/examples/heap/list/ArrayList.ArrayListIterator_ArrayListIterator.key 
139120     INFO  main            d.u.i.k.p.i.AbstractProblemLoader Loading environment from /home/runner/work/key/key/key.core/../key.ui/examples/heap/list/ArrayList.ArrayListIterator_ArrayListIterator.key 
139120     DEBUG main            d.u.i.k.p.i.AbstractProblemLoader Environment load took 88.8ns 
139121     INFO  main            d.u.i.k.p.i.AbstractProblemLoader Creating init config 
140176     DEBUG main            d.u.i.k.j.r.ClassPreparationMethodBuilder clPrepBuilder: Inner Class detected. Reject building class initialisation methods. 
142297     DEBUG main            d.u.i.k.p.i.AbstractProblemLoader Init config took 3.18s 
142353     INFO  main            d.u.i.k.p.i.AbstractProblemLoader Replaying proof ArrayList.ArrayListIterator[ArrayList.ArrayListIterator::ArrayListIterator(ArrayList)].JML normal_behavior operation contract.0 
142355     DEBUG main            d.u.i.k.p.i.IntermediateProofReplayer Proof replay took 6.4ns 
142961     INFO  main            d.u.i.k.p.r.p.TestFile    ... finished proof: closed. 
143226     INFO  main            d.u.i.k.p.i.AbstractProblemLoader Loading environment from /home/runner/work/key/key/key.core/../key.ui/examples/heap/list/ArrayList.ArrayListIterator_ArrayListIterator.key.proof 
143226     DEBUG main            d.u.i.k.p.i.AbstractProblemLoader Environment load took 126.1ns 
143227     INFO  main            d.u.i.k.p.i.AbstractProblemLoader Creating init config 
144208     DEBUG main            d.u.i.k.j.r.ClassPreparationMethodBuilder clPrepBuilder: Inner Class detected. Reject building class initialisation methods. 
146338     DEBUG main            d.u.i.k.p.i.AbstractProblemLoader Init config took 3.11s 
146393     INFO  main            d.u.i.k.p.i.AbstractProblemLoader Replaying proof ArrayList.ArrayListIterator[ArrayList.ArrayListIterator::ArrayListIterator(ArrayList)].JML normal_behavior operation contract.0 
146502     DEBUG main            d.u.i.k.p.i.IntermediateProofReplayer Proof replay took 104.85ms 
146503     DEBUG main            d.u.i.k.p.r.p.TestFile    ... success: reloaded. 
146504     INFO  main            d.u.i.k.p.r.p.TestFile    Now processing file /home/runner/work/key/key/key.core/../key.ui/examples/heap/list/ArrayList.ArrayListIterator_hasNext_dep.key 
146504     INFO  main            d.u.i.k.p.i.AbstractProblemLoader Loading environment from /home/runner/work/key/key/key.core/../key.ui/examples/heap/list/ArrayList.ArrayListIterator_hasNext_dep.key 
146505     DEBUG main            d.u.i.k.p.i.AbstractProblemLoader Environment load took 65.1ns 
146505     INFO  main            d.u.i.k.p.i.AbstractProblemLoader Creating init config 
147500     DEBUG main            d.u.i.k.j.r.ClassPreparationMethodBuilder clPrepBuilder: Inner Class detected. Reject building class initialisation methods. 
149631     DEBUG main            d.u.i.k.p.i.AbstractProblemLoader Init config took 3.13s 
149681     INFO  main            d.u.i.k.p.i.AbstractProblemLoader Replaying proof ArrayList.ArrayListIterator[ListIterator::hasNext()].JML accessible clause.0 
149683     DEBUG main            d.u.i.k.p.i.IntermediateProofReplayer Proof replay took 6.8ns 
150088     INFO  main            d.u.i.k.p.r.p.TestFile    ... finished proof: closed. 
150321     INFO  main            d.u.i.k.p.i.AbstractProblemLoader Loading environment from /home/runner/work/key/key/key.core/../key.ui/examples/heap/list/ArrayList.ArrayListIterator_hasNext_dep.key.proof 
150321     DEBUG main            d.u.i.k.p.i.AbstractProblemLoader Environment load took 152.7ns 
150323     INFO  main            d.u.i.k.p.i.AbstractProblemLoader Creating init config 
151305     DEBUG main            d.u.i.k.j.r.ClassPreparationMethodBuilder clPrepBuilder: Inner Class detected. Reject building class initialisation methods. 
153412     DEBUG main            d.u.i.k.p.i.AbstractProblemLoader Init config took 3.09s 
153463     INFO  main            d.u.i.k.p.i.AbstractProblemLoader Replaying proof ArrayList.ArrayListIterator[ListIterator::hasNext()].JML accessible clause.0 
153525     DEBUG main            d.u.i.k.p.i.IntermediateProofReplayer Proof replay took 58.81ms 
153526     DEBUG main            d.u.i.k.p.r.p.TestFile    ... success: reloaded. 
153527     INFO  main            d.u.i.k.p.r.p.TestFile    Now processing file /home/runner/work/key/key/key.core/../key.ui/examples/heap/list/ArrayList.ArrayListIterator_hasNext.key 
153527     INFO  main            d.u.i.k.p.i.AbstractProblemLoader Loading environment from /home/runner/work/key/key/key.core/../key.ui/examples/heap/list/ArrayList.ArrayListIterator_hasNext.key 
153528     DEBUG main            d.u.i.k.p.i.AbstractProblemLoader Environment load took 163.9ns 
153528     INFO  main            d.u.i.k.p.i.AbstractProblemLoader Creating init config 
154541     DEBUG main            d.u.i.k.j.r.ClassPreparationMethodBuilder clPrepBuilder: Inner Class detected. Reject building class initialisation methods. 
156733     DEBUG main            d.u.i.k.p.i.AbstractProblemLoader Init config took 3.2s 
156785     INFO  main            d.u.i.k.p.i.AbstractProblemLoader Replaying proof ArrayList.ArrayListIterator[ListIterator::hasNext()].JML normal_behavior operation contract.0 
156787     DEBUG main            d.u.i.k.p.i.IntermediateProofReplayer Proof replay took 6.4ns 
157189     INFO  main            d.u.i.k.p.r.p.TestFile    ... finished proof: closed. 
157446     INFO  main            d.u.i.k.p.i.AbstractProblemLoader Loading environment from /home/runner/work/key/key/key.core/../key.ui/examples/heap/list/ArrayList.ArrayListIterator_hasNext.key.proof 
157446     DEBUG main            d.u.i.k.p.i.AbstractProblemLoader Environment load took 286.91ns 
157447     INFO  main            d.u.i.k.p.i.AbstractProblemLoader Creating init config 
158425     DEBUG main            d.u.i.k.j.r.ClassPreparationMethodBuilder clPrepBuilder: Inner Class detected. Reject building class initialisation methods. 
160550     DEBUG main            d.u.i.k.p.i.AbstractProblemLoader Init config took 3.1s 
160600     INFO  main            d.u.i.k.p.i.AbstractProblemLoader Replaying proof ArrayList.ArrayListIterator[ListIterator::hasNext()].JML normal_behavior operation contract.0 
160655     DEBUG main            d.u.i.k.p.i.IntermediateProofReplayer Proof replay took 53.06ms 
160657     DEBUG main            d.u.i.k.p.r.p.TestFile    ... success: reloaded. 
160658     INFO  main            d.u.i.k.p.r.p.TestFile    Now processing file /home/runner/work/key/key/key.core/../key.ui/examples/heap/list/ArrayList.ArrayListIterator_inv.key 
160658     INFO  main            d.u.i.k.p.i.AbstractProblemLoader Loading environment from /home/runner/work/key/key/key.core/../key.ui/examples/heap/list/ArrayList.ArrayListIterator_inv.key 
160658     DEBUG main            d.u.i.k.p.i.AbstractProblemLoader Environment load took 125.2ns 
160659     INFO  main            d.u.i.k.p.i.AbstractProblemLoader Creating init config 
161658     DEBUG main            d.u.i.k.j.r.ClassPreparationMethodBuilder clPrepBuilder: Inner Class detected. Reject building class initialisation methods. 
163773     DEBUG main            d.u.i.k.p.i.AbstractProblemLoader Init config took 3.11s 
163825     INFO  main            d.u.i.k.p.i.AbstractProblemLoader Replaying proof ArrayList.ArrayListIterator[java.lang.Object::<inv>()].JML accessible clause.0 
163827     DEBUG main            d.u.i.k.p.i.IntermediateProofReplayer Proof replay took 6.8ns 
164751     INFO  main            d.u.i.k.p.r.p.TestFile    ... finished proof: closed. 
165016     INFO  main            d.u.i.k.p.i.AbstractProblemLoader Loading environment from /home/runner/work/key/key/key.core/../key.ui/examples/heap/list/ArrayList.ArrayListIterator_inv.key.proof 
165016     DEBUG main            d.u.i.k.p.i.AbstractProblemLoader Environment load took 491.01ns 
165017     INFO  main            d.u.i.k.p.i.AbstractProblemLoader Creating init config 
165995     DEBUG main            d.u.i.k.j.r.ClassPreparationMethodBuilder clPrepBuilder: Inner Class detected. Reject building class initialisation methods. 
168078     DEBUG main            d.u.i.k.p.i.AbstractProblemLoader Init config took 3.06s 
168132     INFO  main            d.u.i.k.p.i.AbstractProblemLoader Replaying proof ArrayList.ArrayListIterator[java.lang.Object::<inv>()].JML accessible clause.0 
168229     DEBUG main            d.u.i.k.p.i.IntermediateProofReplayer Proof replay took 92.36ms 
168230     DEBUG main            d.u.i.k.p.r.p.TestFile    ... success: reloaded. 
168233     INFO  main            d.u.i.k.p.r.p.TestFile    Now processing file /home/runner/work/key/key/key.core/../key.ui/examples/heap/list/ArrayList.ArrayListIterator_list.key 
168233     INFO  main            d.u.i.k.p.i.AbstractProblemLoader Loading environment from /home/runner/work/key/key/key.core/../key.ui/examples/heap/list/ArrayList.ArrayListIterator_list.key 
168233     DEBUG main            d.u.i.k.p.i.AbstractProblemLoader Environment load took 62.2ns 
168234     INFO  main            d.u.i.k.p.i.AbstractProblemLoader Creating init config 
169244     DEBUG main            d.u.i.k.j.r.ClassPreparationMethodBuilder clPrepBuilder: Inner Class detected. Reject building class initialisation methods. 
171396     DEBUG main            d.u.i.k.p.i.AbstractProblemLoader Init config took 3.16s 
171435     INFO  main            d.u.i.k.p.i.AbstractProblemLoader Replaying proof ListIterator[ListIterator::$list()].JML accessible clause.0 
171436     DEBUG main            d.u.i.k.p.i.IntermediateProofReplayer Proof replay took 6.2ns 
171538     INFO  main            d.u.i.k.p.r.p.TestFile    ... finished proof: closed. 
171797     INFO  main            d.u.i.k.p.i.AbstractProblemLoader Loading environment from /home/runner/work/key/key/key.core/../key.ui/examples/heap/list/ArrayList.ArrayListIterator_list.key.proof 
171797     DEBUG main            d.u.i.k.p.i.AbstractProblemLoader Environment load took 130.7ns 
171798     INFO  main            d.u.i.k.p.i.AbstractProblemLoader Creating init config 
172771     DEBUG main            d.u.i.k.j.r.ClassPreparationMethodBuilder clPrepBuilder: Inner Class detected. Reject building class initialisation methods. 
174866     DEBUG main            d.u.i.k.p.i.AbstractProblemLoader Init config took 3.07s 
174905     INFO  main            d.u.i.k.p.i.AbstractProblemLoader Replaying proof ListIterator[ListIterator::$list()].JML accessible clause.0 
174907     DEBUG main            d.u.i.k.p.i.IntermediateProofReplayer Proof replay took 1.08ms 
174908     DEBUG main            d.u.i.k.p.r.p.TestFile    ... success: reloaded. 
174909     INFO  main            d.u.i.k.p.r.p.TestFile    Now processing file /home/runner/work/key/key/key.core/../key.ui/examples/heap/list/ArrayList.ArrayListIterator_next_exceptional.key 
174909     INFO  main            d.u.i.k.p.i.AbstractProblemLoader Loading environment from /home/runner/work/key/key/key.core/../key.ui/examples/heap/list/ArrayList.ArrayListIterator_next_exceptional.key 
174909     DEBUG main            d.u.i.k.p.i.AbstractProblemLoader Environment load took 135.3ns 
174910     INFO  main            d.u.i.k.p.i.AbstractProblemLoader Creating init config 
175964     DEBUG main            d.u.i.k.j.r.ClassPreparationMethodBuilder clPrepBuilder: Inner Class detected. Reject building class initialisation methods. 
178062     DEBUG main            d.u.i.k.p.i.AbstractProblemLoader Init config took 3.15s 
178112     INFO  main            d.u.i.k.p.i.AbstractProblemLoader Replaying proof ArrayList.ArrayListIterator[ListIterator::next()].JML exceptional_behavior operation contract.0 
178113     DEBUG main            d.u.i.k.p.i.IntermediateProofReplayer Proof replay took 6ns 
178918     INFO  main            d.u.i.k.p.r.p.TestFile    ... finished proof: closed. 
179202     INFO  main            d.u.i.k.p.i.AbstractProblemLoader Loading environment from /home/runner/work/key/key/key.core/../key.ui/examples/heap/list/ArrayList.ArrayListIterator_next_exceptional.key.proof 
179202     DEBUG main            d.u.i.k.p.i.AbstractProblemLoader Environment load took 130ns 
179204     INFO  main            d.u.i.k.p.i.AbstractProblemLoader Creating init config 
180187     DEBUG main            d.u.i.k.j.r.ClassPreparationMethodBuilder clPrepBuilder: Inner Class detected. Reject building class initialisation methods. 
182272     DEBUG main            d.u.i.k.p.i.AbstractProblemLoader Init config took 3.07s 
182321     INFO  main            d.u.i.k.p.i.AbstractProblemLoader Replaying proof ArrayList.ArrayListIterator[ListIterator::next()].JML exceptional_behavior operation contract.0 
182468     DEBUG main            d.u.i.k.p.i.IntermediateProofReplayer Proof replay took 142.3ms 
182470     DEBUG main            d.u.i.k.p.r.p.TestFile    ... success: reloaded. 
182471     INFO  main            d.u.i.k.p.r.p.TestFile    Now processing file /home/runner/work/key/key/key.core/../key.ui/examples/heap/list/ArrayList.ArrayListIterator_next_normal.key 
182471     INFO  main            d.u.i.k.p.i.AbstractProblemLoader Loading environment from /home/runner/work/key/key/key.core/../key.ui/examples/heap/list/ArrayList.ArrayListIterator_next_normal.key 
182472     DEBUG main            d.u.i.k.p.i.AbstractProblemLoader Environment load took 264.41ns 
182473     INFO  main            d.u.i.k.p.i.AbstractProblemLoader Creating init config 
183479     DEBUG main            d.u.i.k.j.r.ClassPreparationMethodBuilder clPrepBuilder: Inner Class detected. Reject building class initialisation methods. 
185634     DEBUG main            d.u.i.k.p.i.AbstractProblemLoader Init config took 3.16s 
185684     INFO  main            d.u.i.k.p.i.AbstractProblemLoader Replaying proof ArrayList.ArrayListIterator[ListIterator::next()].JML normal_behavior operation contract.0 
185685     DEBUG main            d.u.i.k.p.i.IntermediateProofReplayer Proof replay took 6.2ns 
186609     INFO  main            d.u.i.k.p.r.p.TestFile    ... finished proof: closed. 
186900     INFO  main            d.u.i.k.p.i.AbstractProblemLoader Loading environment from /home/runner/work/key/key/key.core/../key.ui/examples/heap/list/ArrayList.ArrayListIterator_next_normal.key.proof 
186900     DEBUG main            d.u.i.k.p.i.AbstractProblemLoader Environment load took 129.8ns 
186901     INFO  main            d.u.i.k.p.i.AbstractProblemLoader Creating init config 
187882     DEBUG main            d.u.i.k.j.r.ClassPreparationMethodBuilder clPrepBuilder: Inner Class detected. Reject building class initialisation methods. 
189960     DEBUG main            d.u.i.k.p.i.AbstractProblemLoader Init config took 3.06s 
190022     INFO  main            d.u.i.k.p.i.AbstractProblemLoader Replaying proof ArrayList.ArrayListIterator[ListIterator::next()].JML normal_behavior operation contract.0 
190202     DEBUG main            d.u.i.k.p.i.IntermediateProofReplayer Proof replay took 174.26ms 
190204     DEBUG main            d.u.i.k.p.r.p.TestFile    ... success: reloaded. 
190205     INFO  main            d.u.i.k.p.r.p.TestFile    Now processing file /home/runner/work/key/key/key.core/../key.ui/examples/heap/list/ArrayList.ArrayListIterator_pos.key 
190205     INFO  main            d.u.i.k.p.i.AbstractProblemLoader Loading environment from /home/runner/work/key/key/key.core/../key.ui/examples/heap/list/ArrayList.ArrayListIterator_pos.key 
190205     DEBUG main            d.u.i.k.p.i.AbstractProblemLoader Environment load took 98.1ns 
190206     INFO  main            d.u.i.k.p.i.AbstractProblemLoader Creating init config 
191229     DEBUG main            d.u.i.k.j.r.ClassPreparationMethodBuilder clPrepBuilder: Inner Class detected. Reject building class initialisation methods. 
193322     DEBUG main            d.u.i.k.p.i.AbstractProblemLoader Init config took 3.12s 
193360     INFO  main            d.u.i.k.p.i.AbstractProblemLoader Replaying proof ListIterator[ListIterator::$pos()].JML accessible clause.0 
193362     DEBUG main            d.u.i.k.p.i.IntermediateProofReplayer Proof replay took 7ns 
193464     INFO  main            d.u.i.k.p.r.p.TestFile    ... finished proof: closed. 
193734     INFO  main            d.u.i.k.p.i.AbstractProblemLoader Loading environment from /home/runner/work/key/key/key.core/../key.ui/examples/heap/list/ArrayList.ArrayListIterator_pos.key.proof 
193734     DEBUG main            d.u.i.k.p.i.AbstractProblemLoader Environment load took 116ns 
193735     INFO  main            d.u.i.k.p.i.AbstractProblemLoader Creating init config 
194713     DEBUG main            d.u.i.k.j.r.ClassPreparationMethodBuilder clPrepBuilder: Inner Class detected. Reject building class initialisation methods. 
196784     DEBUG main            d.u.i.k.p.i.AbstractProblemLoader Init config took 3.05s 
196823     INFO  main            d.u.i.k.p.i.AbstractProblemLoader Replaying proof ListIterator[ListIterator::$pos()].JML accessible clause.0 
196825     DEBUG main            d.u.i.k.p.i.IntermediateProofReplayer Proof replay took 983.82ns 
196826     DEBUG main            d.u.i.k.p.r.p.TestFile    ... success: reloaded. 
196827     INFO  main            d.u.i.k.p.r.p.TestFile    Now processing file /home/runner/work/key/key/key.core/../key.ui/examples/heap/list/Client_m.key 
196827     INFO  main            d.u.i.k.p.i.AbstractProblemLoader Loading environment from /home/runner/work/key/key/key.core/../key.ui/examples/heap/list/Client_m.key 
196827     DEBUG main            d.u.i.k.p.i.AbstractProblemLoader Environment load took 78.5ns 
196828     INFO  main            d.u.i.k.p.i.AbstractProblemLoader Creating init config 
197841     DEBUG main            d.u.i.k.j.r.ClassPreparationMethodBuilder clPrepBuilder: Inner Class detected. Reject building class initialisation methods. 
199952     DEBUG main            d.u.i.k.p.i.AbstractProblemLoader Init config took 3.12s 
200011     INFO  main            d.u.i.k.p.i.AbstractProblemLoader Replaying proof Client[Client::m(List)].JML normal_behavior operation contract.0 
200013     DEBUG main            d.u.i.k.p.i.IntermediateProofReplayer Proof replay took 7.3ns 
200316     INFO  main            d.u.i.k.p.r.p.TestFile    ... finished proof: closed. 
200613     INFO  main            d.u.i.k.p.i.AbstractProblemLoader Loading environment from /home/runner/work/key/key/key.core/../key.ui/examples/heap/list/Client_m.key.proof 
200613     DEBUG main            d.u.i.k.p.i.AbstractProblemLoader Environment load took 119.2ns 
200615     INFO  main            d.u.i.k.p.i.AbstractProblemLoader Creating init config 
201589     DEBUG main            d.u.i.k.j.r.ClassPreparationMethodBuilder clPrepBuilder: Inner Class detected. Reject building class initialisation methods. 
203670     DEBUG main            d.u.i.k.p.i.AbstractProblemLoader Init config took 3.05s 
203716     INFO  main            d.u.i.k.p.i.AbstractProblemLoader Replaying proof Client[Client::m(List)].JML normal_behavior operation contract.0 
203782     DEBUG main            d.u.i.k.p.i.IntermediateProofReplayer Proof replay took 63.01ms 
203783     DEBUG main            d.u.i.k.p.r.p.TestFile    ... success: reloaded. 
203784     INFO  main            d.u.i.k.p.r.p.TestFile    Now processing file /home/runner/work/key/key/key.core/../key.ui/examples/heap/list/Client_n.key 
203785     INFO  main            d.u.i.k.p.i.AbstractProblemLoader Loading environment from /home/runner/work/key/key/key.core/../key.ui/examples/heap/list/Client_n.key 
203785     DEBUG main            d.u.i.k.p.i.AbstractProblemLoader Environment load took 99.5ns 
203786     INFO  main            d.u.i.k.p.i.AbstractProblemLoader Creating init config 
204800     DEBUG main            d.u.i.k.j.r.ClassPreparationMethodBuilder clPrepBuilder: Inner Class detected. Reject building class initialisation methods. 
206893     DEBUG main            d.u.i.k.p.i.AbstractProblemLoader Init config took 3.11s 
206931     INFO  main            d.u.i.k.p.i.AbstractProblemLoader Replaying proof Client[Client::n(List)].JML normal_behavior operation contract.0 
206933     DEBUG main            d.u.i.k.p.i.IntermediateProofReplayer Proof replay took 7.3ns 
207035     INFO  main            d.u.i.k.p.r.p.TestFile    ... finished proof: closed. 
207331     INFO  main            d.u.i.k.p.i.AbstractProblemLoader Loading environment from /home/runner/work/key/key/key.core/../key.ui/examples/heap/list/Client_n.key.proof 
207331     DEBUG main            d.u.i.k.p.i.AbstractProblemLoader Environment load took 119.3ns 
207332     INFO  main            d.u.i.k.p.i.AbstractProblemLoader Creating init config 
208308     DEBUG main            d.u.i.k.j.r.ClassPreparationMethodBuilder clPrepBuilder: Inner Class detected. Reject building class initialisation methods. 
210383     DEBUG main            d.u.i.k.p.i.AbstractProblemLoader Init config took 3.05s 
210421     INFO  main            d.u.i.k.p.i.AbstractProblemLoader Replaying proof Client[Client::n(List)].JML normal_behavior operation contract.0 
210440     DEBUG main            d.u.i.k.p.i.IntermediateProofReplayer Proof replay took 17.57ms 
210441     DEBUG main            d.u.i.k.p.r.p.TestFile    ... success: reloaded. 
210442     INFO  main            d.u.i.k.p.r.p.TestFile    Now processing file /home/runner/work/key/key/key.core/../key.ui/examples/heap/list/LinkedList_get_exceptional.key 
210442     INFO  main            d.u.i.k.p.i.AbstractProblemLoader Loading environment from /home/runner/work/key/key/key.core/../key.ui/examples/heap/list/LinkedList_get_exceptional.key 
210442     DEBUG main            d.u.i.k.p.i.AbstractProblemLoader Environment load took 88.2ns 
210443     INFO  main            d.u.i.k.p.i.AbstractProblemLoader Creating init config 
211445     DEBUG main            d.u.i.k.j.r.ClassPreparationMethodBuilder clPrepBuilder: Inner Class detected. Reject building class initialisation methods. 
213562     DEBUG main            d.u.i.k.p.i.AbstractProblemLoader Init config took 3.12s 
213625     INFO  main            d.u.i.k.p.i.AbstractProblemLoader Replaying proof LinkedList[List::get(int)].JML exceptional_behavior operation contract.0 
213627     DEBUG main            d.u.i.k.p.i.IntermediateProofReplayer Proof replay took 6.4ns 
215755     INFO  main            d.u.i.k.p.r.p.TestFile    ... finished proof: closed. 
216068     INFO  main            d.u.i.k.p.i.AbstractProblemLoader Loading environment from /home/runner/work/key/key/key.core/../key.ui/examples/heap/list/LinkedList_get_exceptional.key.proof 
216068     DEBUG main            d.u.i.k.p.i.AbstractProblemLoader Environment load took 523.31ns 
216070     INFO  main            d.u.i.k.p.i.AbstractProblemLoader Creating init config 
217081     DEBUG main            d.u.i.k.j.r.ClassPreparationMethodBuilder clPrepBuilder: Inner Class detected. Reject building class initialisation methods. 
219139     DEBUG main            d.u.i.k.p.i.AbstractProblemLoader Init config took 3.07s 
219182     INFO  main            d.u.i.k.p.i.AbstractProblemLoader Replaying proof LinkedList[List::get(int)].JML exceptional_behavior operation contract.0 
219494     DEBUG main            d.u.i.k.p.i.IntermediateProofReplayer Proof replay took 303.57ms 
219496     DEBUG main            d.u.i.k.p.r.p.TestFile    ... success: reloaded. 
219497     INFO  main            d.u.i.k.p.r.p.TestFile    Now processing file /home/runner/work/key/key/key.core/../key.ui/examples/heap/list/LinkedList_get_normal.key 
219497     INFO  main            d.u.i.k.p.i.AbstractProblemLoader Loading environment from /home/runner/work/key/key/key.core/../key.ui/examples/heap/list/LinkedList_get_normal.key 
219497     DEBUG main            d.u.i.k.p.i.AbstractProblemLoader Environment load took 97.5ns 
219498     INFO  main            d.u.i.k.p.i.AbstractProblemLoader Creating init config 
220492     DEBUG main            d.u.i.k.j.r.ClassPreparationMethodBuilder clPrepBuilder: Inner Class detected. Reject building class initialisation methods. 
222590     DEBUG main            d.u.i.k.p.i.AbstractProblemLoader Init config took 3.09s 
222635     INFO  main            d.u.i.k.p.i.AbstractProblemLoader Replaying proof LinkedList[List::get(int)].JML normal_behavior operation contract.0 
222636     DEBUG main            d.u.i.k.p.i.IntermediateProofReplayer Proof replay took 6.5ns 
227561     INFO  main            d.u.i.k.p.r.p.TestFile    ... finished proof: closed. 
227911     INFO  main            d.u.i.k.p.i.AbstractProblemLoader Loading environment from /home/runner/work/key/key/key.core/../key.ui/examples/heap/list/LinkedList_get_normal.key.proof 
227911     DEBUG main            d.u.i.k.p.i.AbstractProblemLoader Environment load took 133.6ns 
227913     INFO  main            d.u.i.k.p.i.AbstractProblemLoader Creating init config 
228889     DEBUG main            d.u.i.k.j.r.ClassPreparationMethodBuilder clPrepBuilder: Inner Class detected. Reject building class initialisation methods. 
230942     DEBUG main            d.u.i.k.p.i.AbstractProblemLoader Init config took 3.03s 
230985     INFO  main            d.u.i.k.p.i.AbstractProblemLoader Replaying proof LinkedList[List::get(int)].JML normal_behavior operation contract.0 
231437     DEBUG main            d.u.i.k.p.i.IntermediateProofReplayer Proof replay took 432.37ms 
231440     DEBUG main            d.u.i.k.p.r.p.TestFile    ... success: reloaded. 
231441     INFO  main            d.u.i.k.p.r.p.TestFile    Now processing file /home/runner/work/key/key/key.core/../key.ui/examples/heap/list/LinkedList_LinkedList.key 
231441     INFO  main            d.u.i.k.p.i.AbstractProblemLoader Loading environment from /home/runner/work/key/key/key.core/../key.ui/examples/heap/list/LinkedList_LinkedList.key 
231441     DEBUG main            d.u.i.k.p.i.AbstractProblemLoader Environment load took 59.6ns 
231442     INFO  main            d.u.i.k.p.i.AbstractProblemLoader Creating init config 
232455     DEBUG main            d.u.i.k.j.r.ClassPreparationMethodBuilder clPrepBuilder: Inner Class detected. Reject building class initialisation methods. 
234557     DEBUG main            d.u.i.k.p.i.AbstractProblemLoader Init config took 3.11s 
234599     INFO  main            d.u.i.k.p.i.AbstractProblemLoader Replaying proof LinkedList[LinkedList::LinkedList()].JML normal_behavior operation contract.0 
234600     DEBUG main            d.u.i.k.p.i.IntermediateProofReplayer Proof replay took 7.4ns 
235104     INFO  main            d.u.i.k.p.r.p.TestFile    ... finished proof: closed. 
235408     INFO  main            d.u.i.k.p.i.AbstractProblemLoader Loading environment from /home/runner/work/key/key/key.core/../key.ui/examples/heap/list/LinkedList_LinkedList.key.proof 
235408     DEBUG main            d.u.i.k.p.i.AbstractProblemLoader Environment load took 110.4ns 
235409     INFO  main            d.u.i.k.p.i.AbstractProblemLoader Creating init config 
236386     DEBUG main            d.u.i.k.j.r.ClassPreparationMethodBuilder clPrepBuilder: Inner Class detected. Reject building class initialisation methods. 
238448     DEBUG main            d.u.i.k.p.i.AbstractProblemLoader Init config took 3.04s 
238495     INFO  main            d.u.i.k.p.i.AbstractProblemLoader Replaying proof LinkedList[LinkedList::LinkedList()].JML normal_behavior operation contract.0 
238594     DEBUG main            d.u.i.k.p.i.IntermediateProofReplayer Proof replay took 96.17ms 
238595     DEBUG main            d.u.i.k.p.r.p.TestFile    ... success: reloaded. 
238596     INFO  main            d.u.i.k.p.r.p.TestFile    Now processing file /home/runner/work/key/key/key.core/../key.ui/examples/heap/list/LinkedList_size_dep.key 
238596     INFO  main            d.u.i.k.p.i.AbstractProblemLoader Loading environment from /home/runner/work/key/key/key.core/../key.ui/examples/heap/list/LinkedList_size_dep.key 
238596     DEBUG main            d.u.i.k.p.i.AbstractProblemLoader Environment load took 86.6ns 
238597     INFO  main            d.u.i.k.p.i.AbstractProblemLoader Creating init config 
239624     DEBUG main            d.u.i.k.j.r.ClassPreparationMethodBuilder clPrepBuilder: Inner Class detected. Reject building class initialisation methods. 
241715     DEBUG main            d.u.i.k.p.i.AbstractProblemLoader Init config took 3.12s 
241778     INFO  main            d.u.i.k.p.i.AbstractProblemLoader Replaying proof LinkedList[List::size()].JML accessible clause.0 
241779     DEBUG main            d.u.i.k.p.i.IntermediateProofReplayer Proof replay took 7.3ns 
242283     INFO  main            d.u.i.k.p.r.p.TestFile    ... finished proof: closed. 
242605     INFO  main            d.u.i.k.p.i.AbstractProblemLoader Loading environment from /home/runner/work/key/key/key.core/../key.ui/examples/heap/list/LinkedList_size_dep.key.proof 
242605     DEBUG main            d.u.i.k.p.i.AbstractProblemLoader Environment load took 111.9ns 
242606     INFO  main            d.u.i.k.p.i.AbstractProblemLoader Creating init config 
243580     DEBUG main            d.u.i.k.j.r.ClassPreparationMethodBuilder clPrepBuilder: Inner Class detected. Reject building class initialisation methods. 
245640     DEBUG main            d.u.i.k.p.i.AbstractProblemLoader Init config took 3.03s 
245682     INFO  main            d.u.i.k.p.i.AbstractProblemLoader Replaying proof LinkedList[List::size()].JML accessible clause.0 
245753     DEBUG main            d.u.i.k.p.i.IntermediateProofReplayer Proof replay took 67.95ms 
245754     DEBUG main            d.u.i.k.p.r.p.TestFile    ... success: reloaded. 
245755     INFO  main            d.u.i.k.p.r.p.TestFile    Now processing file /home/runner/work/key/key/key.core/../key.ui/examples/heap/list/LinkedList_size.key 
245756     INFO  main            d.u.i.k.p.i.AbstractProblemLoader Loading environment from /home/runner/work/key/key/key.core/../key.ui/examples/heap/list/LinkedList_size.key 
245756     DEBUG main            d.u.i.k.p.i.AbstractProblemLoader Environment load took 219.8ns 
245757     INFO  main            d.u.i.k.p.i.AbstractProblemLoader Creating init config 
246748     DEBUG main            d.u.i.k.j.r.ClassPreparationMethodBuilder clPrepBuilder: Inner Class detected. Reject building class initialisation methods. 
248860     DEBUG main            d.u.i.k.p.i.AbstractProblemLoader Init config took 3.1s 
248902     INFO  main            d.u.i.k.p.i.AbstractProblemLoader Replaying proof LinkedList[List::size()].JML normal_behavior operation contract.0 
248904     DEBUG main            d.u.i.k.p.i.IntermediateProofReplayer Proof replay took 7ns 
249306     INFO  main            d.u.i.k.p.r.p.TestFile    ... finished proof: closed. 
249633     INFO  main            d.u.i.k.p.i.AbstractProblemLoader Loading environment from /home/runner/work/key/key/key.core/../key.ui/examples/heap/list/LinkedList_size.key.proof 
249633     DEBUG main            d.u.i.k.p.i.AbstractProblemLoader Environment load took 152.3ns 
249634     INFO  main            d.u.i.k.p.i.AbstractProblemLoader Creating init config 
250605     DEBUG main            d.u.i.k.j.r.ClassPreparationMethodBuilder clPrepBuilder: Inner Class detected. Reject building class initialisation methods. 
252662     DEBUG main            d.u.i.k.p.i.AbstractProblemLoader Init config took 3.03s 
252715     INFO  main            d.u.i.k.p.i.AbstractProblemLoader Replaying proof LinkedList[List::size()].JML normal_behavior operation contract.0 
252760     DEBUG main            d.u.i.k.p.i.IntermediateProofReplayer Proof replay took 41.42ms 
252760     DEBUG main            d.u.i.k.p.r.p.TestFile    ... success: reloaded. 
252761     INFO  main            d.u.i.k.p.r.p.TestFile    Now processing file /home/runner/work/key/key/key.core/../key.ui/examples/heap/list/MySet_footprint.key 
252762     INFO  main            d.u.i.k.p.i.AbstractProblemLoader Loading environment from /home/runner/work/key/key/key.core/../key.ui/examples/heap/list/MySet_footprint.key 
252762     DEBUG main            d.u.i.k.p.i.AbstractProblemLoader Environment load took 107.8ns 
252762     INFO  main            d.u.i.k.p.i.AbstractProblemLoader Creating init config 
253753     DEBUG main            d.u.i.k.j.r.ClassPreparationMethodBuilder clPrepBuilder: Inner Class detected. Reject building class initialisation methods. 
255857     DEBUG main            d.u.i.k.p.i.AbstractProblemLoader Init config took 3.09s 
255902     INFO  main            d.u.i.k.p.i.AbstractProblemLoader Replaying proof MySet[MySet::$footprint()].JML accessible clause.0 
255903     DEBUG main            d.u.i.k.p.i.IntermediateProofReplayer Proof replay took 6.4ns 
256205     INFO  main            d.u.i.k.p.r.p.TestFile    ... finished proof: closed. 
256570     INFO  main            d.u.i.k.p.i.AbstractProblemLoader Loading environment from /home/runner/work/key/key/key.core/../key.ui/examples/heap/list/MySet_footprint.key.proof 
256570     DEBUG main            d.u.i.k.p.i.AbstractProblemLoader Environment load took 107.2ns 
256571     INFO  main            d.u.i.k.p.i.AbstractProblemLoader Creating init config 
257547     DEBUG main            d.u.i.k.j.r.ClassPreparationMethodBuilder clPrepBuilder: Inner Class detected. Reject building class initialisation methods. 
259622     DEBUG main            d.u.i.k.p.i.AbstractProblemLoader Init config took 3.05s 
259668     INFO  main            d.u.i.k.p.i.AbstractProblemLoader Replaying proof MySet[MySet::$footprint()].JML accessible clause.0 
259702     DEBUG main            d.u.i.k.p.i.IntermediateProofReplayer Proof replay took 30.7ms 
259703     DEBUG main            d.u.i.k.p.r.p.TestFile    ... success: reloaded. 
259704     INFO  main            d.u.i.k.p.r.p.TestFile    Now processing file /home/runner/work/key/key/key.core/../key.ui/examples/heap/list/MySet_MySet.key 
259705     INFO  main            d.u.i.k.p.i.AbstractProblemLoader Loading environment from /home/runner/work/key/key/key.core/../key.ui/examples/heap/list/MySet_MySet.key 
259706     DEBUG main            d.u.i.k.p.i.AbstractProblemLoader Environment load took 1.74ms 
259712     INFO  main            d.u.i.k.p.i.AbstractProblemLoader Creating init config 
260705     DEBUG main            d.u.i.k.j.r.ClassPreparationMethodBuilder clPrepBuilder: Inner Class detected. Reject building class initialisation methods. 
262812     DEBUG main            d.u.i.k.p.i.AbstractProblemLoader Init config took 3.1s 
262857     INFO  main            d.u.i.k.p.i.AbstractProblemLoader Replaying proof MySet[MySet::MySet()].JML normal_behavior operation contract.0 
262858     DEBUG main            d.u.i.k.p.i.IntermediateProofReplayer Proof replay took 7.5ns 
265193     INFO  main            d.u.i.k.p.r.p.TestFile    ... finished proof: closed. 
265552     INFO  main            d.u.i.k.p.i.AbstractProblemLoader Loading environment from /home/runner/work/key/key/key.core/../key.ui/examples/heap/list/MySet_MySet.key.proof 
265552     DEBUG main            d.u.i.k.p.i.AbstractProblemLoader Environment load took 484.51ns 
265554     INFO  main            d.u.i.k.p.i.AbstractProblemLoader Creating init config 
266533     DEBUG main            d.u.i.k.j.r.ClassPreparationMethodBuilder clPrepBuilder: Inner Class detected. Reject building class initialisation methods. 
268599     DEBUG main            d.u.i.k.p.i.AbstractProblemLoader Init config took 3.04s 
268644     INFO  main            d.u.i.k.p.i.AbstractProblemLoader Replaying proof MySet[MySet::MySet()].JML normal_behavior operation contract.0 
269019     DEBUG main            d.u.i.k.p.i.IntermediateProofReplayer Proof replay took 362.65ms 
269021     DEBUG main            d.u.i.k.p.r.p.TestFile    ... success: reloaded. 
1116361    INFO  Test worker     d.u.i.k.p.r.RunAllProofsTestUnit Returning from test list 
1116362    INFO  Test worker     d.u.i.k.p.r.RunAllProofsTestUnit Running test list_ghost 
350        INFO  Timeout watchdog d.u.i.k.p.r.p.ForkedTestFileRunner Timeout watcher launched (2000 secs.) 
354        WARN  main            d.u.i.k.s.ProofSettings   The settings in /home/runner/.key/proof-settings.props are *not* read. 
382        INFO  main            d.u.i.k.p.r.p.TestFile    Now processing file /home/runner/work/key/key/key.core/../key.ui/examples/heap/list_ghost/ArrayList_add.key 
498        INFO  main            d.u.i.k.p.i.AbstractProblemLoader Loading environment from /home/runner/work/key/key/key.core/../key.ui/examples/heap/list_ghost/ArrayList_add.key 
515        DEBUG main            d.u.i.k.p.i.AbstractProblemLoader Environment load took 2.06ms 
745        INFO  main            d.u.i.k.p.i.AbstractProblemLoader Creating init config 
1687       DEBUG main            d.u.i.k.j.TypeConverter   No LDT found for Meta 
1688       DEBUG main            d.u.i.k.j.TypeConverter   No LDT found for Meta 
1691       DEBUG main            d.u.i.k.j.TypeConverter   No LDT found for Meta 
1691       DEBUG main            d.u.i.k.j.TypeConverter   No LDT found for Meta 
3083       DEBUG main            d.u.i.k.j.TypeConverter   No LDT found for JavaBigintExpression 
8582       DEBUG main            d.u.i.k.p.i.AbstractProblemLoader Init config took 7.84s 
8714       INFO  main            d.u.i.k.p.i.AbstractProblemLoader Replaying proof ArrayList[List::add(java.lang.Object)].JML normal_behavior operation contract.0 
8748       DEBUG main            d.u.i.k.p.i.IntermediateProofReplayer Proof replay took 35.6ns 
13629      INFO  main            d.u.i.k.p.r.p.TestFile    ... finished proof: closed. 
13807      INFO  main            d.u.i.k.p.i.AbstractProblemLoader Loading environment from /home/runner/work/key/key/key.core/../key.ui/examples/heap/list_ghost/ArrayList_add.key.proof 
13807      DEBUG main            d.u.i.k.p.i.AbstractProblemLoader Environment load took 160.6ns 
13810      INFO  main            d.u.i.k.p.i.AbstractProblemLoader Creating init config 
16527      DEBUG main            d.u.i.k.p.i.AbstractProblemLoader Init config took 2.72s 
16617      INFO  main            d.u.i.k.p.i.AbstractProblemLoader Replaying proof ArrayList[List::add(java.lang.Object)].JML normal_behavior operation contract.0 
17444      DEBUG main            d.u.i.k.p.i.IntermediateProofReplayer Proof replay took 788.43ms 
17453      DEBUG main            d.u.i.k.p.r.p.TestFile    ... success: reloaded. 
17455      INFO  main            d.u.i.k.p.r.p.TestFile    Now processing file /home/runner/work/key/key/key.core/../key.ui/examples/heap/list_ghost/ArrayList_ArrayList.key 
17460      INFO  main            d.u.i.k.p.i.AbstractProblemLoader Loading environment from /home/runner/work/key/key/key.core/../key.ui/examples/heap/list_ghost/ArrayList_ArrayList.key 
17461      DEBUG main            d.u.i.k.p.i.AbstractProblemLoader Environment load took 369.51ns 
17462      INFO  main            d.u.i.k.p.i.AbstractProblemLoader Creating init config 
20158      DEBUG main            d.u.i.k.p.i.AbstractProblemLoader Init config took 2.7s 
20221      INFO  main            d.u.i.k.p.i.AbstractProblemLoader Replaying proof ArrayList[ArrayList::ArrayList()].JML normal_behavior operation contract.0 
20223      DEBUG main            d.u.i.k.p.i.IntermediateProofReplayer Proof replay took 6.8ns 
21329      INFO  main            d.u.i.k.p.r.p.TestFile    ... finished proof: closed. 
21494      INFO  main            d.u.i.k.p.i.AbstractProblemLoader Loading environment from /home/runner/work/key/key/key.core/../key.ui/examples/heap/list_ghost/ArrayList_ArrayList.key.proof 
21494      DEBUG main            d.u.i.k.p.i.AbstractProblemLoader Environment load took 514.51ns 
21496      INFO  main            d.u.i.k.p.i.AbstractProblemLoader Creating init config 
24148      DEBUG main            d.u.i.k.p.i.AbstractProblemLoader Init config took 2.65s 
24200      INFO  main            d.u.i.k.p.i.AbstractProblemLoader Replaying proof ArrayList[ArrayList::ArrayList()].JML normal_behavior operation contract.0 
24397      DEBUG main            d.u.i.k.p.i.IntermediateProofReplayer Proof replay took 189.01ms 
24399      DEBUG main            d.u.i.k.p.r.p.TestFile    ... success: reloaded. 
24401      INFO  main            d.u.i.k.p.r.p.TestFile    Now processing file /home/runner/work/key/key/key.core/../key.ui/examples/heap/list_ghost/ArrayList_enlarge.key 
24402      INFO  main            d.u.i.k.p.i.AbstractProblemLoader Loading environment from /home/runner/work/key/key/key.core/../key.ui/examples/heap/list_ghost/ArrayList_enlarge.key 
24402      DEBUG main            d.u.i.k.p.i.AbstractProblemLoader Environment load took 271.21ns 
24404      INFO  main            d.u.i.k.p.i.AbstractProblemLoader Creating init config 
27097      DEBUG main            d.u.i.k.p.i.AbstractProblemLoader Init config took 2.69s 
27160      INFO  main            d.u.i.k.p.i.AbstractProblemLoader Replaying proof ArrayList[ArrayList::enlarge()].JML normal_behavior operation contract.0 
27163      DEBUG main            d.u.i.k.p.i.IntermediateProofReplayer Proof replay took 6ns 
29171      INFO  main            d.u.i.k.p.r.p.TestFile    ... finished proof: closed. 
29357      INFO  main            d.u.i.k.p.i.AbstractProblemLoader Loading environment from /home/runner/work/key/key/key.core/../key.ui/examples/heap/list_ghost/ArrayList_enlarge.key.proof 
29358      DEBUG main            d.u.i.k.p.i.AbstractProblemLoader Environment load took 502.71ns 
29359      INFO  main            d.u.i.k.p.i.AbstractProblemLoader Creating init config 
31979      DEBUG main            d.u.i.k.p.i.AbstractProblemLoader Init config took 2.62s 
32028      INFO  main            d.u.i.k.p.i.AbstractProblemLoader Replaying proof ArrayList[ArrayList::enlarge()].JML normal_behavior operation contract.0 
32465      DEBUG main            d.u.i.k.p.i.IntermediateProofReplayer Proof replay took 425.88ms 
32467      DEBUG main            d.u.i.k.p.r.p.TestFile    ... success: reloaded. 
32468      INFO  main            d.u.i.k.p.r.p.TestFile    Now processing file /home/runner/work/key/key/key.core/../key.ui/examples/heap/list_ghost/ArrayList_get_dep.key 
32469      INFO  main            d.u.i.k.p.i.AbstractProblemLoader Loading environment from /home/runner/work/key/key/key.core/../key.ui/examples/heap/list_ghost/ArrayList_get_dep.key 
32469      DEBUG main            d.u.i.k.p.i.AbstractProblemLoader Environment load took 248ns 
32470      INFO  main            d.u.i.k.p.i.AbstractProblemLoader Creating init config 
35137      DEBUG main            d.u.i.k.p.i.AbstractProblemLoader Init config took 2.67s 
35186      INFO  main            d.u.i.k.p.i.AbstractProblemLoader Replaying proof ArrayList[List::get(int)].JML accessible clause.0 
35188      DEBUG main            d.u.i.k.p.i.IntermediateProofReplayer Proof replay took 6.4ns 
35491      INFO  main            d.u.i.k.p.r.p.TestFile    ... finished proof: closed. 
35729      INFO  main            d.u.i.k.p.i.AbstractProblemLoader Loading environment from /home/runner/work/key/key/key.core/../key.ui/examples/heap/list_ghost/ArrayList_get_dep.key.proof 
35730      DEBUG main            d.u.i.k.p.i.AbstractProblemLoader Environment load took 497.91ns 
35731      INFO  main            d.u.i.k.p.i.AbstractProblemLoader Creating init config 
38272      DEBUG main            d.u.i.k.p.i.AbstractProblemLoader Init config took 2.54s 
38330      INFO  main            d.u.i.k.p.i.AbstractProblemLoader Replaying proof ArrayList[List::get(int)].JML accessible clause.0 
38400      DEBUG main            d.u.i.k.p.i.IntermediateProofReplayer Proof replay took 66.5ms 
38402      DEBUG main            d.u.i.k.p.r.p.TestFile    ... success: reloaded. 
38403      INFO  main            d.u.i.k.p.r.p.TestFile    Now processing file /home/runner/work/key/key/key.core/../key.ui/examples/heap/list_ghost/ArrayList_get_exceptional.key 
38404      INFO  main            d.u.i.k.p.i.AbstractProblemLoader Loading environment from /home/runner/work/key/key/key.core/../key.ui/examples/heap/list_ghost/ArrayList_get_exceptional.key 
38404      DEBUG main            d.u.i.k.p.i.AbstractProblemLoader Environment load took 246.31ns 
38405      INFO  main            d.u.i.k.p.i.AbstractProblemLoader Creating init config 
40978      DEBUG main            d.u.i.k.p.i.AbstractProblemLoader Init config took 2.57s 
41030      INFO  main            d.u.i.k.p.i.AbstractProblemLoader Replaying proof ArrayList[List::get(int)].JML exceptional_behavior operation contract.0 
41032      DEBUG main            d.u.i.k.p.i.IntermediateProofReplayer Proof replay took 7.4ns 
41862      INFO  main            d.u.i.k.p.r.p.TestFile    ... finished proof: closed. 
42027      INFO  main            d.u.i.k.p.i.AbstractProblemLoader Loading environment from /home/runner/work/key/key/key.core/../key.ui/examples/heap/list_ghost/ArrayList_get_exceptional.key.proof 
42027      DEBUG main            d.u.i.k.p.i.AbstractProblemLoader Environment load took 485.91ns 
42029      INFO  main            d.u.i.k.p.i.AbstractProblemLoader Creating init config 
44560      DEBUG main            d.u.i.k.p.i.AbstractProblemLoader Init config took 2.53s 
44607      INFO  main            d.u.i.k.p.i.AbstractProblemLoader Replaying proof ArrayList[List::get(int)].JML exceptional_behavior operation contract.0 
44766      DEBUG main            d.u.i.k.p.i.IntermediateProofReplayer Proof replay took 152.77ms 
44768      DEBUG main            d.u.i.k.p.r.p.TestFile    ... success: reloaded. 
44769      INFO  main            d.u.i.k.p.r.p.TestFile    Now processing file /home/runner/work/key/key/key.core/../key.ui/examples/heap/list_ghost/ArrayList_get_normal.key 
44769      INFO  main            d.u.i.k.p.i.AbstractProblemLoader Loading environment from /home/runner/work/key/key/key.core/../key.ui/examples/heap/list_ghost/ArrayList_get_normal.key 
44770      DEBUG main            d.u.i.k.p.i.AbstractProblemLoader Environment load took 264.91ns 
44771      INFO  main            d.u.i.k.p.i.AbstractProblemLoader Creating init config 
47323      DEBUG main            d.u.i.k.p.i.AbstractProblemLoader Init config took 2.55s 
47369      INFO  main            d.u.i.k.p.i.AbstractProblemLoader Replaying proof ArrayList[List::get(int)].JML normal_behavior operation contract.0 
47370      DEBUG main            d.u.i.k.p.i.IntermediateProofReplayer Proof replay took 7.2ns 
47676      INFO  main            d.u.i.k.p.r.p.TestFile    ... finished proof: closed. 
47851      INFO  main            d.u.i.k.p.i.AbstractProblemLoader Loading environment from /home/runner/work/key/key/key.core/../key.ui/examples/heap/list_ghost/ArrayList_get_normal.key.proof 
47852      DEBUG main            d.u.i.k.p.i.AbstractProblemLoader Environment load took 131.7ns 
47853      INFO  main            d.u.i.k.p.i.AbstractProblemLoader Creating init config 
50346      DEBUG main            d.u.i.k.p.i.AbstractProblemLoader Init config took 2.49s 
50389      INFO  main            d.u.i.k.p.i.AbstractProblemLoader Replaying proof ArrayList[List::get(int)].JML normal_behavior operation contract.0 
50442      DEBUG main            d.u.i.k.p.i.IntermediateProofReplayer Proof replay took 50.07ms 
50443      DEBUG main            d.u.i.k.p.r.p.TestFile    ... success: reloaded. 
50445      INFO  main            d.u.i.k.p.r.p.TestFile    Now processing file /home/runner/work/key/key/key.core/../key.ui/examples/heap/list_ghost/ArrayList_inv.key 
50445      INFO  main            d.u.i.k.p.i.AbstractProblemLoader Loading environment from /home/runner/work/key/key/key.core/../key.ui/examples/heap/list_ghost/ArrayList_inv.key 
50445      DEBUG main            d.u.i.k.p.i.AbstractProblemLoader Environment load took 112ns 
50446      INFO  main            d.u.i.k.p.i.AbstractProblemLoader Creating init config 
53011      DEBUG main            d.u.i.k.p.i.AbstractProblemLoader Init config took 2.57s 
53073      INFO  main            d.u.i.k.p.i.AbstractProblemLoader Replaying proof ArrayList[java.lang.Object::<inv>()].JML accessible clause.0 
53074      DEBUG main            d.u.i.k.p.i.IntermediateProofReplayer Proof replay took 7.7ns 
53178      INFO  main            d.u.i.k.p.r.p.TestFile    ... finished proof: closed. 
53350      INFO  main            d.u.i.k.p.i.AbstractProblemLoader Loading environment from /home/runner/work/key/key/key.core/../key.ui/examples/heap/list_ghost/ArrayList_inv.key.proof 
53350      DEBUG main            d.u.i.k.p.i.AbstractProblemLoader Environment load took 130.1ns 
53351      INFO  main            d.u.i.k.p.i.AbstractProblemLoader Creating init config 
55813      DEBUG main            d.u.i.k.p.i.AbstractProblemLoader Init config took 2.46s 
55854      INFO  main            d.u.i.k.p.i.AbstractProblemLoader Replaying proof ArrayList[java.lang.Object::<inv>()].JML accessible clause.0 
55865      DEBUG main            d.u.i.k.p.i.IntermediateProofReplayer Proof replay took 9.65ms 
55866      DEBUG main            d.u.i.k.p.r.p.TestFile    ... success: reloaded. 
55867      INFO  main            d.u.i.k.p.r.p.TestFile    Now processing file /home/runner/work/key/key/key.core/../key.ui/examples/heap/list_ghost/ArrayList_size_dep.key 
55868      INFO  main            d.u.i.k.p.i.AbstractProblemLoader Loading environment from /home/runner/work/key/key/key.core/../key.ui/examples/heap/list_ghost/ArrayList_size_dep.key 
55868      DEBUG main            d.u.i.k.p.i.AbstractProblemLoader Environment load took 96.8ns 
55869      INFO  main            d.u.i.k.p.i.AbstractProblemLoader Creating init config 
58423      DEBUG main            d.u.i.k.p.i.AbstractProblemLoader Init config took 2.55s 
58463      INFO  main            d.u.i.k.p.i.AbstractProblemLoader Replaying proof ArrayList[List::size()].JML accessible clause.0 
58465      DEBUG main            d.u.i.k.p.i.IntermediateProofReplayer Proof replay took 7ns 
58569      INFO  main            d.u.i.k.p.r.p.TestFile    ... finished proof: closed. 
58747      INFO  main            d.u.i.k.p.i.AbstractProblemLoader Loading environment from /home/runner/work/key/key/key.core/../key.ui/examples/heap/list_ghost/ArrayList_size_dep.key.proof 
58747      DEBUG main            d.u.i.k.p.i.AbstractProblemLoader Environment load took 130.9ns 
58748      INFO  main            d.u.i.k.p.i.AbstractProblemLoader Creating init config 
61212      DEBUG main            d.u.i.k.p.i.AbstractProblemLoader Init config took 2.46s 
61252      INFO  main            d.u.i.k.p.i.AbstractProblemLoader Replaying proof ArrayList[List::size()].JML accessible clause.0 
61266      DEBUG main            d.u.i.k.p.i.IntermediateProofReplayer Proof replay took 12.96ms 
61267      DEBUG main            d.u.i.k.p.r.p.TestFile    ... success: reloaded. 
61269      INFO  main            d.u.i.k.p.r.p.TestFile    Now processing file /home/runner/work/key/key/key.core/../key.ui/examples/heap/list_ghost/ArrayList_size.key 
61269      INFO  main            d.u.i.k.p.i.AbstractProblemLoader Loading environment from /home/runner/work/key/key/key.core/../key.ui/examples/heap/list_ghost/ArrayList_size.key 
61269      DEBUG main            d.u.i.k.p.i.AbstractProblemLoader Environment load took 97.4ns 
61270      INFO  main            d.u.i.k.p.i.AbstractProblemLoader Creating init config 
63736      DEBUG main            d.u.i.k.p.i.AbstractProblemLoader Init config took 2.47s 
63776      INFO  main            d.u.i.k.p.i.AbstractProblemLoader Replaying proof ArrayList[List::size()].JML normal_behavior operation contract.0 
63777      DEBUG main            d.u.i.k.p.i.IntermediateProofReplayer Proof replay took 7.2ns 
63881      INFO  main            d.u.i.k.p.r.p.TestFile    ... finished proof: closed. 
64060      INFO  main            d.u.i.k.p.i.AbstractProblemLoader Loading environment from /home/runner/work/key/key/key.core/../key.ui/examples/heap/list_ghost/ArrayList_size.key.proof 
64061      DEBUG main            d.u.i.k.p.i.AbstractProblemLoader Environment load took 128.2ns 
64062      INFO  main            d.u.i.k.p.i.AbstractProblemLoader Creating init config 
66566      DEBUG main            d.u.i.k.p.i.AbstractProblemLoader Init config took 2.5s 
66606      INFO  main            d.u.i.k.p.i.AbstractProblemLoader Replaying proof ArrayList[List::size()].JML normal_behavior operation contract.0 
66622      DEBUG main            d.u.i.k.p.i.IntermediateProofReplayer Proof replay took 14.47ms 
66623      DEBUG main            d.u.i.k.p.r.p.TestFile    ... success: reloaded. 
1183163    INFO  Test worker     d.u.i.k.p.r.RunAllProofsTestUnit Returning from test list_ghost 
1183166    INFO  Test worker     d.u.i.k.p.r.RunAllProofsTestUnit Running test list_recursive 
315        INFO  Timeout watchdog d.u.i.k.p.r.p.ForkedTestFileRunner Timeout watcher launched (2000 secs.) 
326        WARN  main            d.u.i.k.s.ProofSettings   The settings in /home/runner/.key/proof-settings.props are *not* read. 
373        INFO  main            d.u.i.k.p.r.p.TestFile    Now processing file /home/runner/work/key/key/key.core/../key.ui/examples/heap/list_recursiveSpec/ListOperationsNonNull_getNextNN_normal_behavior.key 
515        INFO  main            d.u.i.k.p.i.AbstractProblemLoader Loading environment from /home/runner/work/key/key/key.core/../key.ui/examples/heap/list_recursiveSpec/ListOperationsNonNull_getNextNN_normal_behavior.key 
537        DEBUG main            d.u.i.k.p.i.AbstractProblemLoader Environment load took 1.93ms 
761        INFO  main            d.u.i.k.p.i.AbstractProblemLoader Creating init config 
1769       DEBUG main            d.u.i.k.j.TypeConverter   No LDT found for Meta 
1769       DEBUG main            d.u.i.k.j.TypeConverter   No LDT found for Meta 
1770       DEBUG main            d.u.i.k.j.TypeConverter   No LDT found for Meta 
1771       DEBUG main            d.u.i.k.j.TypeConverter   No LDT found for Meta 
3393       DEBUG main            d.u.i.k.j.TypeConverter   No LDT found for JavaBigintExpression 
8640       DEBUG main            d.u.i.k.p.i.AbstractProblemLoader Init config took 7.88s 
8770       INFO  main            d.u.i.k.p.i.AbstractProblemLoader Replaying proof ListOperationsNonNull[ListOperationsNonNull::getNextNN(ListNN,int)].JML normal_behavior operation contract.0 
8804       DEBUG main            d.u.i.k.p.i.IntermediateProofReplayer Proof replay took 34.1ns 
10247      INFO  main            d.u.i.k.p.r.p.TestFile    ... finished proof: closed. 
10374      INFO  main            d.u.i.k.p.i.AbstractProblemLoader Loading environment from /home/runner/work/key/key/key.core/../key.ui/examples/heap/list_recursiveSpec/ListOperationsNonNull_getNextNN_normal_behavior.key.proof 
10375      DEBUG main            d.u.i.k.p.i.AbstractProblemLoader Environment load took 999.02ns 
10378      INFO  main            d.u.i.k.p.i.AbstractProblemLoader Creating init config 
13212      DEBUG main            d.u.i.k.p.i.AbstractProblemLoader Init config took 2.83s 
13296      INFO  main            d.u.i.k.p.i.AbstractProblemLoader Replaying proof ListOperationsNonNull[ListOperationsNonNull::getNextNN(ListNN,int)].JML normal_behavior operation contract.0 
13502      DEBUG main            d.u.i.k.p.i.IntermediateProofReplayer Proof replay took 198.02ms 
13510      DEBUG main            d.u.i.k.p.r.p.TestFile    ... success: reloaded. 
13512      INFO  main            d.u.i.k.p.r.p.TestFile    Now processing file /home/runner/work/key/key/key.core/../key.ui/examples/heap/list_recursiveSpec/ListOperationsNonNull_setValueAt_normal_behavior.key 
13513      INFO  main            d.u.i.k.p.i.AbstractProblemLoader Loading environment from /home/runner/work/key/key/key.core/../key.ui/examples/heap/list_recursiveSpec/ListOperationsNonNull_setValueAt_normal_behavior.key 
13513      DEBUG main            d.u.i.k.p.i.AbstractProblemLoader Environment load took 271.31ns 
13515      INFO  main            d.u.i.k.p.i.AbstractProblemLoader Creating init config 
16320      DEBUG main            d.u.i.k.p.i.AbstractProblemLoader Init config took 2.81s 
16383      INFO  main            d.u.i.k.p.i.AbstractProblemLoader Replaying proof ListOperationsNonNull[ListOperationsNonNull::setValueAt_NN(ListNN,int,int)].JML normal_behavior operation contract.0 
16391      DEBUG main            d.u.i.k.p.i.IntermediateProofReplayer Proof replay took 8.1ns 
16422      DEBUG main            d.u.i.k.m.s.ProofScriptEngine 1: 'macro autopilot' 
19079      DEBUG main            d.u.i.k.m.s.ProofScriptEngine 2: 'macro simp-upd' 
19087      DEBUG main            d.u.i.k.m.s.ProofScriptEngine 3: 'rule observerDependencyEQ' 
19109      DEBUG main            d.u.i.k.m.s.ProofScriptEngine 4: 'tryclose' 
19139      INFO  main            d.u.i.k.p.r.p.TestFile    ... finished proof: closed. 
19289      INFO  main            d.u.i.k.p.i.AbstractProblemLoader Loading environment from /home/runner/work/key/key/key.core/../key.ui/examples/heap/list_recursiveSpec/ListOperationsNonNull_setValueAt_normal_behavior.key.proof 
19290      DEBUG main            d.u.i.k.p.i.AbstractProblemLoader Environment load took 1.1ms 
19293      INFO  main            d.u.i.k.p.i.AbstractProblemLoader Creating init config 
21978      DEBUG main            d.u.i.k.p.i.AbstractProblemLoader Init config took 2.69s 
22038      INFO  main            d.u.i.k.p.i.AbstractProblemLoader Replaying proof ListOperationsNonNull[ListOperationsNonNull::setValueAt_NN(ListNN,int,int)].JML normal_behavior operation contract.0 
22167      DEBUG main            d.u.i.k.p.i.IntermediateProofReplayer Proof replay took 123.07ms 
22168      DEBUG main            d.u.i.k.p.r.p.TestFile    ... success: reloaded. 
1205501    INFO  Test worker     d.u.i.k.p.r.RunAllProofsTestUnit Returning from test list_recursive 
1205503    INFO  Test worker     d.u.i.k.p.r.RunAllProofsTestUnit Running test list_seq 
352        INFO  Timeout watchdog d.u.i.k.p.r.p.ForkedTestFileRunner Timeout watcher launched (2000 secs.) 
370        WARN  main            d.u.i.k.s.ProofSettings   The settings in /home/runner/.key/proof-settings.props are *not* read. 
407        INFO  main            d.u.i.k.p.r.p.TestFile    Now processing file /home/runner/work/key/key/key.core/../key.ui/examples/heap/list_seq/SimplifiedLinkedList.remove.key 
576        INFO  main            d.u.i.k.p.i.AbstractProblemLoader Loading environment from /home/runner/work/key/key/key.core/../key.ui/examples/heap/list_seq/SimplifiedLinkedList.remove.key 
610        DEBUG main            d.u.i.k.p.i.AbstractProblemLoader Environment load took 2.37ms 
879        INFO  main            d.u.i.k.p.i.AbstractProblemLoader Creating init config 
1898       DEBUG main            d.u.i.k.j.TypeConverter   No LDT found for Meta 
1899       DEBUG main            d.u.i.k.j.TypeConverter   No LDT found for Meta 
1902       DEBUG main            d.u.i.k.j.TypeConverter   No LDT found for Meta 
1902       DEBUG main            d.u.i.k.j.TypeConverter   No LDT found for Meta 
3283       DEBUG main            d.u.i.k.j.TypeConverter   No LDT found for JavaBigintExpression 
9040       DEBUG main            d.u.i.k.p.i.AbstractProblemLoader Init config took 8.16s 
9323       INFO  main            d.u.i.k.p.i.AbstractProblemLoader Replaying proof SimplifiedLinkedList[SimplifiedLinkedList::remove(int)].JML normal_behavior operation contract.0 
9403       DEBUG main            d.u.i.k.p.i.IntermediateProofReplayer Proof replay took 42.3ns 
87680      INFO  main            d.u.i.k.p.r.p.TestFile    ... finished proof: closed. 
88067      INFO  main            d.u.i.k.p.i.AbstractProblemLoader Loading environment from /home/runner/work/key/key/key.core/../key.ui/examples/heap/list_seq/SimplifiedLinkedList.remove.key.proof 
88068      DEBUG main            d.u.i.k.p.i.AbstractProblemLoader Environment load took 564.51ns 
88083      INFO  main            d.u.i.k.p.i.AbstractProblemLoader Creating init config 
91159      DEBUG main            d.u.i.k.p.i.AbstractProblemLoader Init config took 3.08s 
91275      INFO  main            d.u.i.k.p.i.AbstractProblemLoader Replaying proof SimplifiedLinkedList[SimplifiedLinkedList::remove(int)].JML normal_behavior operation contract.0 
95574      DEBUG main            d.u.i.k.p.i.IntermediateProofReplayer Proof replay took 4.06s 
95607      DEBUG main            d.u.i.k.p.r.p.TestFile    ... success: reloaded. 
95610      INFO  main            d.u.i.k.p.r.p.TestFile    Now processing file /home/runner/work/key/key/key.core/../key.ui/examples/heap/list_seq/ArrayList.ArrayList.key 
95611      INFO  main            d.u.i.k.p.i.AbstractProblemLoader Loading environment from /home/runner/work/key/key/key.core/../key.ui/examples/heap/list_seq/ArrayList.ArrayList.key 
95611      DEBUG main            d.u.i.k.p.i.AbstractProblemLoader Environment load took 289.41ns 
95615      INFO  main            d.u.i.k.p.i.AbstractProblemLoader Creating init config 
98926      DEBUG main            d.u.i.k.p.i.AbstractProblemLoader Init config took 3.31s 
99056      INFO  main            d.u.i.k.p.i.AbstractProblemLoader Replaying proof ArrayList[ArrayList::ArrayList()].JML normal_behavior operation contract.0 
99058      DEBUG main            d.u.i.k.p.i.IntermediateProofReplayer Proof replay took 6.5ns 
100062     INFO  main            d.u.i.k.p.r.p.TestFile    ... finished proof: closed. 
100243     INFO  main            d.u.i.k.p.i.AbstractProblemLoader Loading environment from /home/runner/work/key/key/key.core/../key.ui/examples/heap/list_seq/ArrayList.ArrayList.key.proof 
100243     DEBUG main            d.u.i.k.p.i.AbstractProblemLoader Environment load took 146.8ns 
100244     INFO  main            d.u.i.k.p.i.AbstractProblemLoader Creating init config 
103248     DEBUG main            d.u.i.k.p.i.AbstractProblemLoader Init config took 3s 
103334     INFO  main            d.u.i.k.p.i.AbstractProblemLoader Replaying proof ArrayList[ArrayList::ArrayList()].JML normal_behavior operation contract.0 
103471     DEBUG main            d.u.i.k.p.i.IntermediateProofReplayer Proof replay took 133.54ms 
103473     DEBUG main            d.u.i.k.p.r.p.TestFile    ... success: reloaded. 
103475     INFO  main            d.u.i.k.p.r.p.TestFile    Now processing file /home/runner/work/key/key/key.core/../key.ui/examples/heap/list_seq/ArrayList.add.key 
103475     INFO  main            d.u.i.k.p.i.AbstractProblemLoader Loading environment from /home/runner/work/key/key/key.core/../key.ui/examples/heap/list_seq/ArrayList.add.key 
103475     DEBUG main            d.u.i.k.p.i.AbstractProblemLoader Environment load took 249ns 
103477     INFO  main            d.u.i.k.p.i.AbstractProblemLoader Creating init config 
106420     DEBUG main            d.u.i.k.p.i.AbstractProblemLoader Init config took 2.94s 
106549     INFO  main            d.u.i.k.p.i.AbstractProblemLoader Replaying proof ArrayList[List::add(java.lang.Object)].JML normal_behavior operation contract.0 
106552     DEBUG main            d.u.i.k.p.i.IntermediateProofReplayer Proof replay took 6.7ns 
109691     INFO  main            d.u.i.k.p.r.p.TestFile    ... finished proof: closed. 
109890     INFO  main            d.u.i.k.p.i.AbstractProblemLoader Loading environment from /home/runner/work/key/key/key.core/../key.ui/examples/heap/list_seq/ArrayList.add.key.proof 
109890     DEBUG main            d.u.i.k.p.i.AbstractProblemLoader Environment load took 138.2ns 
109892     INFO  main            d.u.i.k.p.i.AbstractProblemLoader Creating init config 
112884     DEBUG main            d.u.i.k.p.i.AbstractProblemLoader Init config took 2.99s 
112966     INFO  main            d.u.i.k.p.i.AbstractProblemLoader Replaying proof ArrayList[List::add(java.lang.Object)].JML normal_behavior operation contract.0 
113427     DEBUG main            d.u.i.k.p.i.IntermediateProofReplayer Proof replay took 450.69ms 
113429     DEBUG main            d.u.i.k.p.r.p.TestFile    ... success: reloaded. 
113431     INFO  main            d.u.i.k.p.r.p.TestFile    Now processing file /home/runner/work/key/key/key.core/../key.ui/examples/heap/list_seq/ArrayList.contains.key 
113431     INFO  main            d.u.i.k.p.i.AbstractProblemLoader Loading environment from /home/runner/work/key/key/key.core/../key.ui/examples/heap/list_seq/ArrayList.contains.key 
113432     DEBUG main            d.u.i.k.p.i.AbstractProblemLoader Environment load took 245.1ns 
113433     INFO  main            d.u.i.k.p.i.AbstractProblemLoader Creating init config 
116405     DEBUG main            d.u.i.k.p.i.AbstractProblemLoader Init config took 2.97s 
116488     INFO  main            d.u.i.k.p.i.AbstractProblemLoader Replaying proof ArrayList[List::contains(java.lang.Object)].JML normal_behavior operation contract.0 
116489     DEBUG main            d.u.i.k.p.i.IntermediateProofReplayer Proof replay took 7.1ns 
117922     INFO  main            d.u.i.k.p.r.p.TestFile    ... finished proof: closed. 
118106     INFO  main            d.u.i.k.p.i.AbstractProblemLoader Loading environment from /home/runner/work/key/key/key.core/../key.ui/examples/heap/list_seq/ArrayList.contains.key.proof 
118107     DEBUG main            d.u.i.k.p.i.AbstractProblemLoader Environment load took 508.81ns 
118108     INFO  main            d.u.i.k.p.i.AbstractProblemLoader Creating init config 
121027     DEBUG main            d.u.i.k.p.i.AbstractProblemLoader Init config took 2.92s 
121113     INFO  main            d.u.i.k.p.i.AbstractProblemLoader Replaying proof ArrayList[List::contains(java.lang.Object)].JML normal_behavior operation contract.0 
121363     DEBUG main            d.u.i.k.p.i.IntermediateProofReplayer Proof replay took 243.58ms 
121365     DEBUG main            d.u.i.k.p.r.p.TestFile    ... success: reloaded. 
121366     INFO  main            d.u.i.k.p.r.p.TestFile    Now processing file /home/runner/work/key/key/key.core/../key.ui/examples/heap/list_seq/ArrayList.enlarge.key 
121366     INFO  main            d.u.i.k.p.i.AbstractProblemLoader Loading environment from /home/runner/work/key/key/key.core/../key.ui/examples/heap/list_seq/ArrayList.enlarge.key 
121367     DEBUG main            d.u.i.k.p.i.AbstractProblemLoader Environment load took 241.5ns 
121368     INFO  main            d.u.i.k.p.i.AbstractProblemLoader Creating init config 
124393     DEBUG main            d.u.i.k.p.i.AbstractProblemLoader Init config took 3.03s 
124472     INFO  main            d.u.i.k.p.i.AbstractProblemLoader Replaying proof ArrayList[ArrayList::enlarge()].JML normal_behavior operation contract.0 
124473     DEBUG main            d.u.i.k.p.i.IntermediateProofReplayer Proof replay took 6.8ns 
126485     INFO  main            d.u.i.k.p.r.p.TestFile    ... finished proof: closed. 
126682     INFO  main            d.u.i.k.p.i.AbstractProblemLoader Loading environment from /home/runner/work/key/key/key.core/../key.ui/examples/heap/list_seq/ArrayList.enlarge.key.proof 
126684     DEBUG main            d.u.i.k.p.i.AbstractProblemLoader Environment load took 1.18ms 
126685     INFO  main            d.u.i.k.p.i.AbstractProblemLoader Creating init config 
129540     DEBUG main            d.u.i.k.p.i.AbstractProblemLoader Init config took 2.86s 
129619     INFO  main            d.u.i.k.p.i.AbstractProblemLoader Replaying proof ArrayList[ArrayList::enlarge()].JML normal_behavior operation contract.0 
129969     DEBUG main            d.u.i.k.p.i.IntermediateProofReplayer Proof replay took 342.99ms 
129970     DEBUG main            d.u.i.k.p.r.p.TestFile    ... success: reloaded. 
129972     INFO  main            d.u.i.k.p.r.p.TestFile    Now processing file /home/runner/work/key/key/key.core/../key.ui/examples/heap/list_seq/ArrayList.get.key 
129972     INFO  main            d.u.i.k.p.i.AbstractProblemLoader Loading environment from /home/runner/work/key/key/key.core/../key.ui/examples/heap/list_seq/ArrayList.get.key 
129973     DEBUG main            d.u.i.k.p.i.AbstractProblemLoader Environment load took 597.61ns 
129974     INFO  main            d.u.i.k.p.i.AbstractProblemLoader Creating init config 
132956     DEBUG main            d.u.i.k.p.i.AbstractProblemLoader Init config took 2.98s 
133032     INFO  main            d.u.i.k.p.i.AbstractProblemLoader Replaying proof ArrayList[List::get(int)].JML normal_behavior operation contract.0 
133033     DEBUG main            d.u.i.k.p.i.IntermediateProofReplayer Proof replay took 6.1ns 
133574     INFO  main            d.u.i.k.p.r.p.TestFile    ... finished proof: closed. 
133757     INFO  main            d.u.i.k.p.i.AbstractProblemLoader Loading environment from /home/runner/work/key/key/key.core/../key.ui/examples/heap/list_seq/ArrayList.get.key.proof 
133757     DEBUG main            d.u.i.k.p.i.AbstractProblemLoader Environment load took 133.7ns 
133758     INFO  main            d.u.i.k.p.i.AbstractProblemLoader Creating init config 
136633     DEBUG main            d.u.i.k.p.i.AbstractProblemLoader Init config took 2.87s 
136710     INFO  main            d.u.i.k.p.i.AbstractProblemLoader Replaying proof ArrayList[List::get(int)].JML normal_behavior operation contract.0 
136773     DEBUG main            d.u.i.k.p.i.IntermediateProofReplayer Proof replay took 60.22ms 
136774     DEBUG main            d.u.i.k.p.r.p.TestFile    ... success: reloaded. 
136775     INFO  main            d.u.i.k.p.r.p.TestFile    Now processing file /home/runner/work/key/key/key.core/../key.ui/examples/heap/list_seq/ArrayList.newArray.key 
136775     INFO  main            d.u.i.k.p.i.AbstractProblemLoader Loading environment from /home/runner/work/key/key/key.core/../key.ui/examples/heap/list_seq/ArrayList.newArray.key 
136776     DEBUG main            d.u.i.k.p.i.AbstractProblemLoader Environment load took 115.4ns 
136776     INFO  main            d.u.i.k.p.i.AbstractProblemLoader Creating init config 
139626     DEBUG main            d.u.i.k.p.i.AbstractProblemLoader Init config took 2.85s 
139703     INFO  main            d.u.i.k.p.i.AbstractProblemLoader Replaying proof ArrayList[ArrayList::newArray(int)].JML normal_behavior operation contract.0 
139705     DEBUG main            d.u.i.k.p.i.IntermediateProofReplayer Proof replay took 6.7ns 
140008     INFO  main            d.u.i.k.p.r.p.TestFile    ... finished proof: closed. 
140223     INFO  main            d.u.i.k.p.i.AbstractProblemLoader Loading environment from /home/runner/work/key/key/key.core/../key.ui/examples/heap/list_seq/ArrayList.newArray.key.proof 
140223     DEBUG main            d.u.i.k.p.i.AbstractProblemLoader Environment load took 129.1ns 
140224     INFO  main            d.u.i.k.p.i.AbstractProblemLoader Creating init config 
143110     DEBUG main            d.u.i.k.p.i.AbstractProblemLoader Init config took 2.89s 
143209     INFO  main            d.u.i.k.p.i.AbstractProblemLoader Replaying proof ArrayList[ArrayList::newArray(int)].JML normal_behavior operation contract.0 
143266     DEBUG main            d.u.i.k.p.i.IntermediateProofReplayer Proof replay took 53.37ms 
143267     DEBUG main            d.u.i.k.p.r.p.TestFile    ... success: reloaded. 
143268     INFO  main            d.u.i.k.p.r.p.TestFile    Now processing file /home/runner/work/key/key/key.core/../key.ui/examples/heap/list_seq/ArrayList.remove.0.key 
143269     INFO  main            d.u.i.k.p.i.AbstractProblemLoader Loading environment from /home/runner/work/key/key/key.core/../key.ui/examples/heap/list_seq/ArrayList.remove.0.key 
143269     DEBUG main            d.u.i.k.p.i.AbstractProblemLoader Environment load took 244.6ns 
143270     INFO  main            d.u.i.k.p.i.AbstractProblemLoader Creating init config 
146125     DEBUG main            d.u.i.k.p.i.AbstractProblemLoader Init config took 2.86s 
146201     INFO  main            d.u.i.k.p.i.AbstractProblemLoader Replaying proof ArrayList[List::remove(java.lang.Object)].JML normal_behavior operation contract.0 
146202     DEBUG main            d.u.i.k.p.i.IntermediateProofReplayer Proof replay took 7ns 
148113     INFO  main            d.u.i.k.p.r.p.TestFile    ... finished proof: closed. 
148336     INFO  main            d.u.i.k.p.i.AbstractProblemLoader Loading environment from /home/runner/work/key/key/key.core/../key.ui/examples/heap/list_seq/ArrayList.remove.0.key.proof 
148336     DEBUG main            d.u.i.k.p.i.AbstractProblemLoader Environment load took 142ns 
148337     INFO  main            d.u.i.k.p.i.AbstractProblemLoader Creating init config 
151164     DEBUG main            d.u.i.k.p.i.AbstractProblemLoader Init config took 2.83s 
151256     INFO  main            d.u.i.k.p.i.AbstractProblemLoader Replaying proof ArrayList[List::remove(java.lang.Object)].JML normal_behavior operation contract.0 
151764     DEBUG main            d.u.i.k.p.i.IntermediateProofReplayer Proof replay took 501.71ms 
151765     DEBUG main            d.u.i.k.p.r.p.TestFile    ... success: reloaded. 
151766     INFO  main            d.u.i.k.p.r.p.TestFile    Now processing file /home/runner/work/key/key/key.core/../key.ui/examples/heap/list_seq/ArrayList.remove.1.key 
151767     INFO  main            d.u.i.k.p.i.AbstractProblemLoader Loading environment from /home/runner/work/key/key/key.core/../key.ui/examples/heap/list_seq/ArrayList.remove.1.key 
151767     DEBUG main            d.u.i.k.p.i.AbstractProblemLoader Environment load took 264.31ns 
151768     INFO  main            d.u.i.k.p.i.AbstractProblemLoader Creating init config 
154617     DEBUG main            d.u.i.k.p.i.AbstractProblemLoader Init config took 2.85s 
154691     INFO  main            d.u.i.k.p.i.AbstractProblemLoader Replaying proof ArrayList[List::remove(java.lang.Object)].JML normal_behavior operation contract.1 
154694     DEBUG main            d.u.i.k.p.i.IntermediateProofReplayer Proof replay took 7.7ns 
165647     INFO  main            d.u.i.k.p.r.p.TestFile    ... finished proof: closed. 
165925     INFO  main            d.u.i.k.p.i.AbstractProblemLoader Loading environment from /home/runner/work/key/key/key.core/../key.ui/examples/heap/list_seq/ArrayList.remove.1.key.proof 
165926     DEBUG main            d.u.i.k.p.i.AbstractProblemLoader Environment load took 512.91ns 
165929     INFO  main            d.u.i.k.p.i.AbstractProblemLoader Creating init config 
168749     DEBUG main            d.u.i.k.p.i.AbstractProblemLoader Init config took 2.82s 
168823     INFO  main            d.u.i.k.p.i.AbstractProblemLoader Replaying proof ArrayList[List::remove(java.lang.Object)].JML normal_behavior operation contract.1 
170223     DEBUG main            d.u.i.k.p.i.IntermediateProofReplayer Proof replay took 1.37s 
170225     DEBUG main            d.u.i.k.p.r.p.TestFile    ... success: reloaded. 
1375908    INFO  Test worker     d.u.i.k.p.r.RunAllProofsTestUnit Returning from test list_seq 
1375909    INFO  Test worker     d.u.i.k.p.r.RunAllProofsTestUnit Running test observer 
311        INFO  Timeout watchdog d.u.i.k.p.r.p.ForkedTestFileRunner Timeout watcher launched (2000 secs.) 
326        WARN  main            d.u.i.k.s.ProofSettings   The settings in /home/runner/.key/proof-settings.props are *not* read. 
353        INFO  main            d.u.i.k.p.r.p.TestFile    Now processing file /home/runner/work/key/key/key.core/../key.ui/examples/heap/observer/ExampleObserver_ExampleObserver.key 
463        INFO  main            d.u.i.k.p.i.AbstractProblemLoader Loading environment from /home/runner/work/key/key/key.core/../key.ui/examples/heap/observer/ExampleObserver_ExampleObserver.key 
480        DEBUG main            d.u.i.k.p.i.AbstractProblemLoader Environment load took 2.41ms 
696        INFO  main            d.u.i.k.p.i.AbstractProblemLoader Creating init config 
1613       DEBUG main            d.u.i.k.j.TypeConverter   No LDT found for Meta 
1613       DEBUG main            d.u.i.k.j.TypeConverter   No LDT found for Meta 
1616       DEBUG main            d.u.i.k.j.TypeConverter   No LDT found for Meta 
1617       DEBUG main            d.u.i.k.j.TypeConverter   No LDT found for Meta 
2994       DEBUG main            d.u.i.k.j.TypeConverter   No LDT found for JavaBigintExpression 
8580       DEBUG main            d.u.i.k.p.i.AbstractProblemLoader Init config took 7.88s 
8710       INFO  main            d.u.i.k.p.i.AbstractProblemLoader Replaying proof ExampleObserver[ExampleObserver::ExampleObserver(ExampleSubject)].JML normal_behavior operation contract.0 
8743       DEBUG main            d.u.i.k.p.i.IntermediateProofReplayer Proof replay took 35.9ns 
9670       INFO  main            d.u.i.k.p.r.p.TestFile    ... finished proof: closed. 
9792       INFO  main            d.u.i.k.p.i.AbstractProblemLoader Loading environment from /home/runner/work/key/key/key.core/../key.ui/examples/heap/observer/ExampleObserver_ExampleObserver.key.proof 
9796       DEBUG main            d.u.i.k.p.i.AbstractProblemLoader Environment load took 4.3ms 
9799       INFO  main            d.u.i.k.p.i.AbstractProblemLoader Creating init config 
12869      DEBUG main            d.u.i.k.p.i.AbstractProblemLoader Init config took 3.07s 
12955      INFO  main            d.u.i.k.p.i.AbstractProblemLoader Replaying proof ExampleObserver[ExampleObserver::ExampleObserver(ExampleSubject)].JML normal_behavior operation contract.0 
13130      DEBUG main            d.u.i.k.p.i.IntermediateProofReplayer Proof replay took 158.31ms 
13137      DEBUG main            d.u.i.k.p.r.p.TestFile    ... success: reloaded. 
13139      INFO  main            d.u.i.k.p.r.p.TestFile    Now processing file /home/runner/work/key/key/key.core/../key.ui/examples/heap/observer/ExampleObserver_inv.key 
13139      INFO  main            d.u.i.k.p.i.AbstractProblemLoader Loading environment from /home/runner/work/key/key/key.core/../key.ui/examples/heap/observer/ExampleObserver_inv.key 
13139      DEBUG main            d.u.i.k.p.i.AbstractProblemLoader Environment load took 255.41ns 
13141      INFO  main            d.u.i.k.p.i.AbstractProblemLoader Creating init config 
16095      DEBUG main            d.u.i.k.p.i.AbstractProblemLoader Init config took 2.95s 
16156      INFO  main            d.u.i.k.p.i.AbstractProblemLoader Replaying proof ExampleObserver[java.lang.Object::<inv>()].JML accessible clause.0 
16159      DEBUG main            d.u.i.k.p.i.IntermediateProofReplayer Proof replay took 7.7ns 
16263      INFO  main            d.u.i.k.p.r.p.TestFile    ... finished proof: closed. 
16382      INFO  main            d.u.i.k.p.i.AbstractProblemLoader Loading environment from /home/runner/work/key/key/key.core/../key.ui/examples/heap/observer/ExampleObserver_inv.key.proof 
16382      DEBUG main            d.u.i.k.p.i.AbstractProblemLoader Environment load took 130.1ns 
16383      INFO  main            d.u.i.k.p.i.AbstractProblemLoader Creating init config 
19233      DEBUG main            d.u.i.k.p.i.AbstractProblemLoader Init config took 2.85s 
19288      INFO  main            d.u.i.k.p.i.AbstractProblemLoader Replaying proof ExampleObserver[java.lang.Object::<inv>()].JML accessible clause.0 
19305      DEBUG main            d.u.i.k.p.i.IntermediateProofReplayer Proof replay took 14.49ms 
19307      DEBUG main            d.u.i.k.p.r.p.TestFile    ... success: reloaded. 
19308      INFO  main            d.u.i.k.p.r.p.TestFile    Now processing file /home/runner/work/key/key/key.core/../key.ui/examples/heap/observer/ExampleObserver_subject.key 
19309      INFO  main            d.u.i.k.p.i.AbstractProblemLoader Loading environment from /home/runner/work/key/key/key.core/../key.ui/examples/heap/observer/ExampleObserver_subject.key 
19309      DEBUG main            d.u.i.k.p.i.AbstractProblemLoader Environment load took 235.31ns 
19310      INFO  main            d.u.i.k.p.i.AbstractProblemLoader Creating init config 
22136      DEBUG main            d.u.i.k.p.i.AbstractProblemLoader Init config took 2.83s 
22197      INFO  main            d.u.i.k.p.i.AbstractProblemLoader Replaying proof Observer[Observer::$subject()].JML accessible clause.0 
22199      DEBUG main            d.u.i.k.p.i.IntermediateProofReplayer Proof replay took 7.1ns 
22303      INFO  main            d.u.i.k.p.r.p.TestFile    ... finished proof: closed. 
22441      INFO  main            d.u.i.k.p.i.AbstractProblemLoader Loading environment from /home/runner/work/key/key/key.core/../key.ui/examples/heap/observer/ExampleObserver_subject.key.proof 
22441      DEBUG main            d.u.i.k.p.i.AbstractProblemLoader Environment load took 131.3ns 
22442      INFO  main            d.u.i.k.p.i.AbstractProblemLoader Creating init config 
25234      DEBUG main            d.u.i.k.p.i.AbstractProblemLoader Init config took 2.79s 
25316      INFO  main            d.u.i.k.p.i.AbstractProblemLoader Replaying proof Observer[Observer::$subject()].JML accessible clause.0 
25321      DEBUG main            d.u.i.k.p.i.IntermediateProofReplayer Proof replay took 2.32ms 
25324      DEBUG main            d.u.i.k.p.r.p.TestFile    ... success: reloaded. 
25327      INFO  main            d.u.i.k.p.r.p.TestFile    Now processing file /home/runner/work/key/key/key.core/../key.ui/examples/heap/observer/ExampleObserver_update.key 
25327      INFO  main            d.u.i.k.p.i.AbstractProblemLoader Loading environment from /home/runner/work/key/key/key.core/../key.ui/examples/heap/observer/ExampleObserver_update.key 
25327      DEBUG main            d.u.i.k.p.i.AbstractProblemLoader Environment load took 241ns 
25329      INFO  main            d.u.i.k.p.i.AbstractProblemLoader Creating init config 
28189      DEBUG main            d.u.i.k.p.i.AbstractProblemLoader Init config took 2.86s 
28237      INFO  main            d.u.i.k.p.i.AbstractProblemLoader Replaying proof ExampleObserver[Observer::update()].JML normal_behavior operation contract.0 
28239      DEBUG main            d.u.i.k.p.i.IntermediateProofReplayer Proof replay took 6.9ns 
28543      INFO  main            d.u.i.k.p.r.p.TestFile    ... finished proof: closed. 
28708      INFO  main            d.u.i.k.p.i.AbstractProblemLoader Loading environment from /home/runner/work/key/key/key.core/../key.ui/examples/heap/observer/ExampleObserver_update.key.proof 
28710      DEBUG main            d.u.i.k.p.i.AbstractProblemLoader Environment load took 1.68ms 
28711      INFO  main            d.u.i.k.p.i.AbstractProblemLoader Creating init config 
31470      DEBUG main            d.u.i.k.p.i.AbstractProblemLoader Init config took 2.76s 
31528      INFO  main            d.u.i.k.p.i.AbstractProblemLoader Replaying proof ExampleObserver[Observer::update()].JML normal_behavior operation contract.0 
31594      DEBUG main            d.u.i.k.p.i.IntermediateProofReplayer Proof replay took 61.58ms 
31595      DEBUG main            d.u.i.k.p.r.p.TestFile    ... success: reloaded. 
31596      INFO  main            d.u.i.k.p.r.p.TestFile    Now processing file /home/runner/work/key/key/key.core/../key.ui/examples/heap/observer/ExampleObserver_upToDate.key 
31597      INFO  main            d.u.i.k.p.i.AbstractProblemLoader Loading environment from /home/runner/work/key/key/key.core/../key.ui/examples/heap/observer/ExampleObserver_upToDate.key 
31597      DEBUG main            d.u.i.k.p.i.AbstractProblemLoader Environment load took 242.71ns 
31598      INFO  main            d.u.i.k.p.i.AbstractProblemLoader Creating init config 
34387      DEBUG main            d.u.i.k.p.i.AbstractProblemLoader Init config took 2.79s 
34433      INFO  main            d.u.i.k.p.i.AbstractProblemLoader Replaying proof ExampleObserver[Observer::$upToDate()].JML accessible clause.0 
34435      DEBUG main            d.u.i.k.p.i.IntermediateProofReplayer Proof replay took 6.8ns 
34539      INFO  main            d.u.i.k.p.r.p.TestFile    ... finished proof: closed. 
34812      INFO  main            d.u.i.k.p.i.AbstractProblemLoader Loading environment from /home/runner/work/key/key/key.core/../key.ui/examples/heap/observer/ExampleObserver_upToDate.key.proof 
34815      DEBUG main            d.u.i.k.p.i.AbstractProblemLoader Environment load took 2.53ms 
34816      INFO  main            d.u.i.k.p.i.AbstractProblemLoader Creating init config 
37575      DEBUG main            d.u.i.k.p.i.AbstractProblemLoader Init config took 2.76s 
37621      INFO  main            d.u.i.k.p.i.AbstractProblemLoader Replaying proof ExampleObserver[Observer::$upToDate()].JML accessible clause.0 
37642      DEBUG main            d.u.i.k.p.i.IntermediateProofReplayer Proof replay took 19.04ms 
37643      DEBUG main            d.u.i.k.p.r.p.TestFile    ... success: reloaded. 
37644      INFO  main            d.u.i.k.p.r.p.TestFile    Now processing file /home/runner/work/key/key/key.core/../key.ui/examples/heap/observer/ExampleObserver_value.key 
37645      INFO  main            d.u.i.k.p.i.AbstractProblemLoader Loading environment from /home/runner/work/key/key/key.core/../key.ui/examples/heap/observer/ExampleObserver_value.key 
37645      DEBUG main            d.u.i.k.p.i.AbstractProblemLoader Environment load took 118.7ns 
37646      INFO  main            d.u.i.k.p.i.AbstractProblemLoader Creating init config 
40480      DEBUG main            d.u.i.k.p.i.AbstractProblemLoader Init config took 2.83s 
40532      INFO  main            d.u.i.k.p.i.AbstractProblemLoader Replaying proof ExampleObserver[ExampleObserver::value()].JML normal_behavior operation contract.0 
40535      DEBUG main            d.u.i.k.p.i.IntermediateProofReplayer Proof replay took 7.4ns 
40639      INFO  main            d.u.i.k.p.r.p.TestFile    ... finished proof: closed. 
40822      INFO  main            d.u.i.k.p.i.AbstractProblemLoader Loading environment from /home/runner/work/key/key/key.core/../key.ui/examples/heap/observer/ExampleObserver_value.key.proof 
40822      DEBUG main            d.u.i.k.p.i.AbstractProblemLoader Environment load took 123.9ns 
40823      INFO  main            d.u.i.k.p.i.AbstractProblemLoader Creating init config 
43547      DEBUG main            d.u.i.k.p.i.AbstractProblemLoader Init config took 2.72s 
43594      INFO  main            d.u.i.k.p.i.AbstractProblemLoader Replaying proof ExampleObserver[ExampleObserver::value()].JML normal_behavior operation contract.0 
43615      DEBUG main            d.u.i.k.p.i.IntermediateProofReplayer Proof replay took 18.97ms 
43616      DEBUG main            d.u.i.k.p.r.p.TestFile    ... success: reloaded. 
43618      INFO  main            d.u.i.k.p.r.p.TestFile    Now processing file /home/runner/work/key/key/key.core/../key.ui/examples/heap/observer/ExampleSubject_addObserver.key 
43618      INFO  main            d.u.i.k.p.i.AbstractProblemLoader Loading environment from /home/runner/work/key/key/key.core/../key.ui/examples/heap/observer/ExampleSubject_addObserver.key 
43618      DEBUG main            d.u.i.k.p.i.AbstractProblemLoader Environment load took 261.4ns 
43619      INFO  main            d.u.i.k.p.i.AbstractProblemLoader Creating init config 
46375      DEBUG main            d.u.i.k.p.i.AbstractProblemLoader Init config took 2.76s 
46423      INFO  main            d.u.i.k.p.i.AbstractProblemLoader Replaying proof ExampleSubject[Subject::addObserver(Observer)].JML normal_behavior operation contract.0 
46425      DEBUG main            d.u.i.k.p.i.IntermediateProofReplayer Proof replay took 6.5ns 
52097      INFO  main            d.u.i.k.p.r.p.TestFile    ... finished proof: closed. 
52345      INFO  main            d.u.i.k.p.i.AbstractProblemLoader Loading environment from /home/runner/work/key/key/key.core/../key.ui/examples/heap/observer/ExampleSubject_addObserver.key.proof 
52346      DEBUG main            d.u.i.k.p.i.AbstractProblemLoader Environment load took 510.21ns 
52348      INFO  main            d.u.i.k.p.i.AbstractProblemLoader Creating init config 
55032      DEBUG main            d.u.i.k.p.i.AbstractProblemLoader Init config took 2.68s 
55079      INFO  main            d.u.i.k.p.i.AbstractProblemLoader Replaying proof ExampleSubject[Subject::addObserver(Observer)].JML normal_behavior operation contract.0 
55824      DEBUG main            d.u.i.k.p.i.IntermediateProofReplayer Proof replay took 722.36ms 
55826      DEBUG main            d.u.i.k.p.r.p.TestFile    ... success: reloaded. 
55827      INFO  main            d.u.i.k.p.r.p.TestFile    Now processing file /home/runner/work/key/key/key.core/../key.ui/examples/heap/observer/ExampleSubject_change.key 
55828      INFO  main            d.u.i.k.p.i.AbstractProblemLoader Loading environment from /home/runner/work/key/key/key.core/../key.ui/examples/heap/observer/ExampleSubject_change.key 
55828      DEBUG main            d.u.i.k.p.i.AbstractProblemLoader Environment load took 240.9ns 
55829      INFO  main            d.u.i.k.p.i.AbstractProblemLoader Creating init config 
58605      DEBUG main            d.u.i.k.p.i.AbstractProblemLoader Init config took 2.78s 
58650      INFO  main            d.u.i.k.p.i.AbstractProblemLoader Replaying proof ExampleSubject[ExampleSubject::change()].JML normal_behavior operation contract.0 
58652      DEBUG main            d.u.i.k.p.i.IntermediateProofReplayer Proof replay took 7.9ns 
59157      INFO  main            d.u.i.k.p.r.p.TestFile    ... finished proof: closed. 
59364      INFO  main            d.u.i.k.p.i.AbstractProblemLoader Loading environment from /home/runner/work/key/key/key.core/../key.ui/examples/heap/observer/ExampleSubject_change.key.proof 
59367      DEBUG main            d.u.i.k.p.i.AbstractProblemLoader Environment load took 2.89ms 
59368      INFO  main            d.u.i.k.p.i.AbstractProblemLoader Creating init config 
62114      DEBUG main            d.u.i.k.p.i.AbstractProblemLoader Init config took 2.75s 
62165      INFO  main            d.u.i.k.p.i.AbstractProblemLoader Replaying proof ExampleSubject[ExampleSubject::change()].JML normal_behavior operation contract.0 
62251      DEBUG main            d.u.i.k.p.i.IntermediateProofReplayer Proof replay took 80.71ms 
62252      DEBUG main            d.u.i.k.p.r.p.TestFile    ... success: reloaded. 
62254      INFO  main            d.u.i.k.p.r.p.TestFile    Now processing file /home/runner/work/key/key/key.core/../key.ui/examples/heap/observer/ExampleSubject_ExampleSubject.key 
62254      INFO  main            d.u.i.k.p.i.AbstractProblemLoader Loading environment from /home/runner/work/key/key/key.core/../key.ui/examples/heap/observer/ExampleSubject_ExampleSubject.key 
62254      DEBUG main            d.u.i.k.p.i.AbstractProblemLoader Environment load took 243.6ns 
62255      INFO  main            d.u.i.k.p.i.AbstractProblemLoader Creating init config 
65003      DEBUG main            d.u.i.k.p.i.AbstractProblemLoader Init config took 2.75s 
65048      INFO  main            d.u.i.k.p.i.AbstractProblemLoader Replaying proof ExampleSubject[ExampleSubject::ExampleSubject()].JML normal_behavior operation contract.0 
65049      DEBUG main            d.u.i.k.p.i.IntermediateProofReplayer Proof replay took 6.3ns 
66057      INFO  main            d.u.i.k.p.r.p.TestFile    ... finished proof: closed. 
66260      INFO  main            d.u.i.k.p.i.AbstractProblemLoader Loading environment from /home/runner/work/key/key/key.core/../key.ui/examples/heap/observer/ExampleSubject_ExampleSubject.key.proof 
66260      DEBUG main            d.u.i.k.p.i.AbstractProblemLoader Environment load took 478.11ns 
66262      INFO  main            d.u.i.k.p.i.AbstractProblemLoader Creating init config 
68943      DEBUG main            d.u.i.k.p.i.AbstractProblemLoader Init config took 2.68s 
68986      INFO  main            d.u.i.k.p.i.AbstractProblemLoader Replaying proof ExampleSubject[ExampleSubject::ExampleSubject()].JML normal_behavior operation contract.0 
69191      DEBUG main            d.u.i.k.p.i.IntermediateProofReplayer Proof replay took 198.05ms 
69193      DEBUG main            d.u.i.k.p.r.p.TestFile    ... success: reloaded. 
69194      INFO  main            d.u.i.k.p.r.p.TestFile    Now processing file /home/runner/work/key/key/key.core/../key.ui/examples/heap/observer/ExampleSubject_footprint.key 
69195      INFO  main            d.u.i.k.p.i.AbstractProblemLoader Loading environment from /home/runner/work/key/key/key.core/../key.ui/examples/heap/observer/ExampleSubject_footprint.key 
69195      DEBUG main            d.u.i.k.p.i.AbstractProblemLoader Environment load took 234.31ns 
69196      INFO  main            d.u.i.k.p.i.AbstractProblemLoader Creating init config 
71988      DEBUG main            d.u.i.k.p.i.AbstractProblemLoader Init config took 2.79s 
72050      INFO  main            d.u.i.k.p.i.AbstractProblemLoader Replaying proof ExampleSubject[Subject::$footprint()].JML accessible clause.0 
72052      DEBUG main            d.u.i.k.p.i.IntermediateProofReplayer Proof replay took 5.3ns 
72155      INFO  main            d.u.i.k.p.r.p.TestFile    ... finished proof: closed. 
72360      INFO  main            d.u.i.k.p.i.AbstractProblemLoader Loading environment from /home/runner/work/key/key/key.core/../key.ui/examples/heap/observer/ExampleSubject_footprint.key.proof 
72360      DEBUG main            d.u.i.k.p.i.AbstractProblemLoader Environment load took 124ns 
72362      INFO  main            d.u.i.k.p.i.AbstractProblemLoader Creating init config 
75067      DEBUG main            d.u.i.k.p.i.AbstractProblemLoader Init config took 2.71s 
75121      INFO  main            d.u.i.k.p.i.AbstractProblemLoader Replaying proof ExampleSubject[Subject::$footprint()].JML accessible clause.0 
75148      DEBUG main            d.u.i.k.p.i.IntermediateProofReplayer Proof replay took 18.86ms 
75150      DEBUG main            d.u.i.k.p.r.p.TestFile    ... success: reloaded. 
75152      INFO  main            d.u.i.k.p.r.p.TestFile    Now processing file /home/runner/work/key/key/key.core/../key.ui/examples/heap/observer/ExampleSubject_inv.key 
75152      INFO  main            d.u.i.k.p.i.AbstractProblemLoader Loading environment from /home/runner/work/key/key/key.core/../key.ui/examples/heap/observer/ExampleSubject_inv.key 
75152      DEBUG main            d.u.i.k.p.i.AbstractProblemLoader Environment load took 248.41ns 
75153      INFO  main            d.u.i.k.p.i.AbstractProblemLoader Creating init config 
77880      DEBUG main            d.u.i.k.p.i.AbstractProblemLoader Init config took 2.73s 
77924      INFO  main            d.u.i.k.p.i.AbstractProblemLoader Replaying proof ExampleSubject[java.lang.Object::<inv>()].JML accessible clause.0 
77926      DEBUG main            d.u.i.k.p.i.IntermediateProofReplayer Proof replay took 6.4ns 
79030      INFO  main            d.u.i.k.p.r.p.TestFile    ... finished proof: closed. 
79244      INFO  main            d.u.i.k.p.i.AbstractProblemLoader Loading environment from /home/runner/work/key/key/key.core/../key.ui/examples/heap/observer/ExampleSubject_inv.key.proof 
79244      DEBUG main            d.u.i.k.p.i.AbstractProblemLoader Environment load took 215.5ns 
79245      INFO  main            d.u.i.k.p.i.AbstractProblemLoader Creating init config 
81915      DEBUG main            d.u.i.k.p.i.AbstractProblemLoader Init config took 2.67s 
81958      INFO  main            d.u.i.k.p.i.AbstractProblemLoader Replaying proof ExampleSubject[java.lang.Object::<inv>()].JML accessible clause.0 
82089      DEBUG main            d.u.i.k.p.i.IntermediateProofReplayer Proof replay took 124.3ms 
82091      DEBUG main            d.u.i.k.p.r.p.TestFile    ... success: reloaded. 
82092      INFO  main            d.u.i.k.p.r.p.TestFile    Now processing file /home/runner/work/key/key/key.core/../key.ui/examples/heap/observer/ExampleSubject_notifyObservers.key 
82092      INFO  main            d.u.i.k.p.i.AbstractProblemLoader Loading environment from /home/runner/work/key/key/key.core/../key.ui/examples/heap/observer/ExampleSubject_notifyObservers.key 
82093      DEBUG main            d.u.i.k.p.i.AbstractProblemLoader Environment load took 232.6ns 
82094      INFO  main            d.u.i.k.p.i.AbstractProblemLoader Creating init config 
84836      DEBUG main            d.u.i.k.p.i.AbstractProblemLoader Init config took 2.74s 
84878      INFO  main            d.u.i.k.p.i.AbstractProblemLoader Replaying proof Subject[Subject::notifyObservers()].JML normal_behavior operation contract.0 
84879      DEBUG main            d.u.i.k.p.i.IntermediateProofReplayer Proof replay took 6.3ns 
84981      INFO  main            d.u.i.k.p.r.p.TestFile    ... finished proof: closed. 
85182      INFO  main            d.u.i.k.p.i.AbstractProblemLoader Loading environment from /home/runner/work/key/key/key.core/../key.ui/examples/heap/observer/ExampleSubject_notifyObservers.key.proof 
85182      DEBUG main            d.u.i.k.p.i.AbstractProblemLoader Environment load took 131.2ns 
85183      INFO  main            d.u.i.k.p.i.AbstractProblemLoader Creating init config 
87848      DEBUG main            d.u.i.k.p.i.AbstractProblemLoader Init config took 2.67s 
87902      INFO  main            d.u.i.k.p.i.AbstractProblemLoader Replaying proof Subject[Subject::notifyObservers()].JML normal_behavior operation contract.0 
87908      DEBUG main            d.u.i.k.p.i.IntermediateProofReplayer Proof replay took 2.76ms 
87909      DEBUG main            d.u.i.k.p.r.p.TestFile    ... success: reloaded. 
87910      INFO  main            d.u.i.k.p.r.p.TestFile    Now processing file /home/runner/work/key/key/key.core/../key.ui/examples/heap/observer/ExampleSubject_value_dep.key 
87910      INFO  main            d.u.i.k.p.i.AbstractProblemLoader Loading environment from /home/runner/work/key/key/key.core/../key.ui/examples/heap/observer/ExampleSubject_value_dep.key 
87910      DEBUG main            d.u.i.k.p.i.AbstractProblemLoader Environment load took 144.9ns 
87912      INFO  main            d.u.i.k.p.i.AbstractProblemLoader Creating init config 
90696      DEBUG main            d.u.i.k.p.i.AbstractProblemLoader Init config took 2.78s 
90737      INFO  main            d.u.i.k.p.i.AbstractProblemLoader Replaying proof ExampleSubject[ExampleSubject::value()].JML accessible clause.0 
90739      DEBUG main            d.u.i.k.p.i.IntermediateProofReplayer Proof replay took 5.9ns 
90840      INFO  main            d.u.i.k.p.r.p.TestFile    ... finished proof: closed. 
91079      INFO  main            d.u.i.k.p.i.AbstractProblemLoader Loading environment from /home/runner/work/key/key/key.core/../key.ui/examples/heap/observer/ExampleSubject_value_dep.key.proof 
91079      DEBUG main            d.u.i.k.p.i.AbstractProblemLoader Environment load took 119.4ns 
91080      INFO  main            d.u.i.k.p.i.AbstractProblemLoader Creating init config 
93752      DEBUG main            d.u.i.k.p.i.AbstractProblemLoader Init config took 2.67s 
93793      INFO  main            d.u.i.k.p.i.AbstractProblemLoader Replaying proof ExampleSubject[ExampleSubject::value()].JML accessible clause.0 
93807      DEBUG main            d.u.i.k.p.i.IntermediateProofReplayer Proof replay took 12.37ms 
93808      DEBUG main            d.u.i.k.p.r.p.TestFile    ... success: reloaded. 
93809      INFO  main            d.u.i.k.p.r.p.TestFile    Now processing file /home/runner/work/key/key/key.core/../key.ui/examples/heap/observer/ExampleSubject_value.key 
93809      INFO  main            d.u.i.k.p.i.AbstractProblemLoader Loading environment from /home/runner/work/key/key/key.core/../key.ui/examples/heap/observer/ExampleSubject_value.key 
93810      DEBUG main            d.u.i.k.p.i.AbstractProblemLoader Environment load took 167.1ns 
93810      INFO  main            d.u.i.k.p.i.AbstractProblemLoader Creating init config 
96609      DEBUG main            d.u.i.k.p.i.AbstractProblemLoader Init config took 2.8s 
96651      INFO  main            d.u.i.k.p.i.AbstractProblemLoader Replaying proof ExampleSubject[ExampleSubject::value()].JML normal_behavior operation contract.0 
96653      DEBUG main            d.u.i.k.p.i.IntermediateProofReplayer Proof replay took 6.6ns 
96755      INFO  main            d.u.i.k.p.r.p.TestFile    ... finished proof: closed. 
96975      INFO  main            d.u.i.k.p.i.AbstractProblemLoader Loading environment from /home/runner/work/key/key/key.core/../key.ui/examples/heap/observer/ExampleSubject_value.key.proof 
96975      DEBUG main            d.u.i.k.p.i.AbstractProblemLoader Environment load took 136.7ns 
96976      INFO  main            d.u.i.k.p.i.AbstractProblemLoader Creating init config 
99651      DEBUG main            d.u.i.k.p.i.AbstractProblemLoader Init config took 2.67s 
99692      INFO  main            d.u.i.k.p.i.AbstractProblemLoader Replaying proof ExampleSubject[ExampleSubject::value()].JML normal_behavior operation contract.0 
99704      DEBUG main            d.u.i.k.p.i.IntermediateProofReplayer Proof replay took 10.23ms 
99705      DEBUG main            d.u.i.k.p.r.p.TestFile    ... success: reloaded. 
1475795    INFO  Test worker     d.u.i.k.p.r.RunAllProofsTestUnit Returning from test observer 
1475796    INFO  Test worker     d.u.i.k.p.r.RunAllProofsTestUnit Running test removeDups 
343        INFO  Timeout watchdog d.u.i.k.p.r.p.ForkedTestFileRunner Timeout watcher launched (2000 secs.) 
357        WARN  main            d.u.i.k.s.ProofSettings   The settings in /home/runner/.key/proof-settings.props are *not* read. 
403        INFO  main            d.u.i.k.p.r.p.TestFile    Now processing file /home/runner/work/key/key/key.core/../key.ui/examples/heap/removeDups/arrayPart.key 
526        INFO  main            d.u.i.k.p.i.AbstractProblemLoader Loading environment from /home/runner/work/key/key/key.core/../key.ui/examples/heap/removeDups/arrayPart.key 
547        DEBUG main            d.u.i.k.p.i.AbstractProblemLoader Environment load took 1.88ms 
769        INFO  main            d.u.i.k.p.i.AbstractProblemLoader Creating init config 
1743       DEBUG main            d.u.i.k.j.TypeConverter   No LDT found for Meta 
1743       DEBUG main            d.u.i.k.j.TypeConverter   No LDT found for Meta 
1744       DEBUG main            d.u.i.k.j.TypeConverter   No LDT found for Meta 
1744       DEBUG main            d.u.i.k.j.TypeConverter   No LDT found for Meta 
3204       DEBUG main            d.u.i.k.j.TypeConverter   No LDT found for JavaBigintExpression 
8040       DEBUG main            d.u.i.k.p.i.AbstractProblemLoader Init config took 7.27s 
8189       INFO  main            d.u.i.k.p.i.AbstractProblemLoader Replaying proof RemoveDup[RemoveDup::arrayPart([I,int)].JML normal_behavior operation contract.0 
8224       DEBUG main            d.u.i.k.p.i.IntermediateProofReplayer Proof replay took 42.7ns 
10762      INFO  main            d.u.i.k.p.r.p.TestFile    ... finished proof: closed. 
10904      INFO  main            d.u.i.k.p.i.AbstractProblemLoader Loading environment from /home/runner/work/key/key/key.core/../key.ui/examples/heap/removeDups/arrayPart.key.proof 
10913      DEBUG main            d.u.i.k.p.i.AbstractProblemLoader Environment load took 8.7ms 
10916      INFO  main            d.u.i.k.p.i.AbstractProblemLoader Creating init config 
13689      DEBUG main            d.u.i.k.p.i.AbstractProblemLoader Init config took 2.77s 
13771      INFO  main            d.u.i.k.p.i.AbstractProblemLoader Replaying proof RemoveDup[RemoveDup::arrayPart([I,int)].JML normal_behavior operation contract.0 
14127      DEBUG main            d.u.i.k.p.i.IntermediateProofReplayer Proof replay took 344.3ms 
14136      DEBUG main            d.u.i.k.p.r.p.TestFile    ... success: reloaded. 
14140      INFO  main            d.u.i.k.p.r.p.TestFile    Now processing file /home/runner/work/key/key/key.core/../key.ui/examples/heap/removeDups/contains.key 
14141      INFO  main            d.u.i.k.p.i.AbstractProblemLoader Loading environment from /home/runner/work/key/key/key.core/../key.ui/examples/heap/removeDups/contains.key 
14141      DEBUG main            d.u.i.k.p.i.AbstractProblemLoader Environment load took 198.1ns 
14144      INFO  main            d.u.i.k.p.i.AbstractProblemLoader Creating init config 
16902      DEBUG main            d.u.i.k.p.i.AbstractProblemLoader Init config took 2.76s 
16957      INFO  main            d.u.i.k.p.i.AbstractProblemLoader Replaying proof RemoveDup[RemoveDup::contains([I,int,int)].JML normal_behavior operation contract.0 
16960      DEBUG main            d.u.i.k.p.i.IntermediateProofReplayer Proof replay took 7.1ns 
17465      INFO  main            d.u.i.k.p.r.p.TestFile    ... finished proof: closed. 
17635      INFO  main            d.u.i.k.p.i.AbstractProblemLoader Loading environment from /home/runner/work/key/key/key.core/../key.ui/examples/heap/removeDups/contains.key.proof 
17636      DEBUG main            d.u.i.k.p.i.AbstractProblemLoader Environment load took 234ns 
17638      INFO  main            d.u.i.k.p.i.AbstractProblemLoader Creating init config 
20297      DEBUG main            d.u.i.k.p.i.AbstractProblemLoader Init config took 2.66s 
20355      INFO  main            d.u.i.k.p.i.AbstractProblemLoader Replaying proof RemoveDup[RemoveDup::contains([I,int,int)].JML normal_behavior operation contract.0 
20467      DEBUG main            d.u.i.k.p.i.IntermediateProofReplayer Proof replay took 107.09ms 
20468      DEBUG main            d.u.i.k.p.r.p.TestFile    ... success: reloaded. 
20469      INFO  main            d.u.i.k.p.r.p.TestFile    Now processing file /home/runner/work/key/key/key.core/../key.ui/examples/heap/removeDups/removeDup.key 
20472      INFO  main            d.u.i.k.p.i.AbstractProblemLoader Loading environment from /home/runner/work/key/key/key.core/../key.ui/examples/heap/removeDups/removeDup.key 
20472      DEBUG main            d.u.i.k.p.i.AbstractProblemLoader Environment load took 270.21ns 
20473      INFO  main            d.u.i.k.p.i.AbstractProblemLoader Creating init config 
23189      DEBUG main            d.u.i.k.p.i.AbstractProblemLoader Init config took 2.72s 
23234      INFO  main            d.u.i.k.p.i.AbstractProblemLoader Replaying proof RemoveDup[RemoveDup::removeDup([I)].JML normal_behavior operation contract.0 
23237      DEBUG main            d.u.i.k.p.i.IntermediateProofReplayer Proof replay took 6.1ns 
28255      DEBUG Thread-7        d.u.i.k.j.d.VariableSpecification Program match. Variables have different dimension (template #v0 = #vi;, source a#11[] = var;) 
49292      INFO  main            d.u.i.k.p.r.p.TestFile    ... finished proof: closed. 
49555      INFO  main            d.u.i.k.p.i.AbstractProblemLoader Loading environment from /home/runner/work/key/key/key.core/../key.ui/examples/heap/removeDups/removeDup.key.proof 
49555      DEBUG main            d.u.i.k.p.i.AbstractProblemLoader Environment load took 483.61ns 
49560      INFO  main            d.u.i.k.p.i.AbstractProblemLoader Creating init config 
52108      DEBUG main            d.u.i.k.p.i.AbstractProblemLoader Init config took 2.55s 
52152      INFO  main            d.u.i.k.p.i.AbstractProblemLoader Replaying proof RemoveDup[RemoveDup::removeDup([I)].JML normal_behavior operation contract.0 
54118      DEBUG main            d.u.i.k.p.i.IntermediateProofReplayer Proof replay took 1.89s 
54123      DEBUG main            d.u.i.k.p.r.p.TestFile    ... success: reloaded. 
54124      INFO  main            d.u.i.k.p.r.p.TestFile    Now processing file /home/runner/work/key/key/key.core/../key.ui/examples/heap/saddleback_search/Saddleback_search.key 
54127      INFO  main            d.u.i.k.p.i.AbstractProblemLoader Loading environment from /home/runner/work/key/key/key.core/../key.ui/examples/heap/saddleback_search/Saddleback_search.key 
54127      DEBUG main            d.u.i.k.p.i.AbstractProblemLoader Environment load took 291.91ns 
54128      INFO  main            d.u.i.k.p.i.AbstractProblemLoader Creating init config 
56844      DEBUG main            d.u.i.k.p.i.AbstractProblemLoader Init config took 2.72s 
56883      INFO  main            d.u.i.k.p.i.AbstractProblemLoader Replaying proof Saddleback[Saddleback::search([[I,int)].JML normal_behavior operation contract.0 
56891      DEBUG main            d.u.i.k.p.i.IntermediateProofReplayer Proof replay took 7.6ns 
138049     INFO  main            d.u.i.k.p.r.p.TestFile    ... finished proof: closed. 
138446     INFO  main            d.u.i.k.p.i.AbstractProblemLoader Loading environment from /home/runner/work/key/key/key.core/../key.ui/examples/heap/saddleback_search/Saddleback_search.key.proof 
138446     DEBUG main            d.u.i.k.p.i.AbstractProblemLoader Environment load took 231.4ns 
138459     INFO  main            d.u.i.k.p.i.AbstractProblemLoader Creating init config 
140915     DEBUG main            d.u.i.k.p.i.AbstractProblemLoader Init config took 2.46s 
140954     INFO  main            d.u.i.k.p.i.AbstractProblemLoader Replaying proof Saddleback[Saddleback::search([[I,int)].JML normal_behavior operation contract.0 
143625     DEBUG main            d.u.i.k.p.i.IntermediateProofReplayer Proof replay took 2.5s 
143636     DEBUG main            d.u.i.k.p.r.p.TestFile    ... success: reloaded. 
1619595    INFO  Test worker     d.u.i.k.p.r.RunAllProofsTestUnit Returning from test removeDups 
1619596    INFO  Test worker     d.u.i.k.p.r.RunAllProofsTestUnit Running test quicksort 
326        INFO  Timeout watchdog d.u.i.k.p.r.p.ForkedTestFileRunner Timeout watcher launched (2000 secs.) 
333        WARN  main            d.u.i.k.s.ProofSettings   The settings in /home/runner/.key/proof-settings.props are *not* read. 
383        INFO  main            d.u.i.k.p.r.p.TestFile    Now processing file /home/runner/work/key/key/key.core/../key.ui/examples/heap/quicksort/toplevel.key 
501        INFO  main            d.u.i.k.p.i.AbstractProblemLoader Loading environment from /home/runner/work/key/key/key.core/../key.ui/examples/heap/quicksort/toplevel.key 
525        DEBUG main            d.u.i.k.p.i.AbstractProblemLoader Environment load took 2.29ms 
747        INFO  main            d.u.i.k.p.i.AbstractProblemLoader Creating init config 
1668       DEBUG main            d.u.i.k.j.TypeConverter   No LDT found for Meta 
1669       DEBUG main            d.u.i.k.j.TypeConverter   No LDT found for Meta 
1670       DEBUG main            d.u.i.k.j.TypeConverter   No LDT found for Meta 
1670       DEBUG main            d.u.i.k.j.TypeConverter   No LDT found for Meta 
3215       DEBUG main            d.u.i.k.j.TypeConverter   No LDT found for JavaBigintExpression 
8289       DEBUG main            d.u.i.k.p.i.AbstractProblemLoader Init config took 7.54s 
8413       INFO  main            d.u.i.k.p.i.AbstractProblemLoader Replaying proof Quicksort[Quicksort::sort([I)].JML normal_behavior operation contract.0 
8483       DEBUG main            d.u.i.k.p.i.IntermediateProofReplayer Proof replay took 33.5ns 
9555       INFO  main            d.u.i.k.p.r.p.TestFile    ... finished proof: closed. 
9698       INFO  main            d.u.i.k.p.i.AbstractProblemLoader Loading environment from /home/runner/work/key/key/key.core/../key.ui/examples/heap/quicksort/toplevel.key.proof 
9699       DEBUG main            d.u.i.k.p.i.AbstractProblemLoader Environment load took 485.31ns 
9701       INFO  main            d.u.i.k.p.i.AbstractProblemLoader Creating init config 
12678      DEBUG main            d.u.i.k.p.i.AbstractProblemLoader Init config took 2.98s 
12758      INFO  main            d.u.i.k.p.i.AbstractProblemLoader Replaying proof Quicksort[Quicksort::sort([I)].JML normal_behavior operation contract.0 
12939      DEBUG main            d.u.i.k.p.i.IntermediateProofReplayer Proof replay took 172.73ms 
12945      DEBUG main            d.u.i.k.p.r.p.TestFile    ... success: reloaded. 
12948      INFO  main            d.u.i.k.p.r.p.TestFile    Now processing file /home/runner/work/key/key/key.core/../key.ui/examples/heap/quicksort/sort.key 
12948      INFO  main            d.u.i.k.p.i.AbstractProblemLoader Loading environment from /home/runner/work/key/key/key.core/../key.ui/examples/heap/quicksort/sort.key 
12949      DEBUG main            d.u.i.k.p.i.AbstractProblemLoader Environment load took 256.01ns 
12950      INFO  main            d.u.i.k.p.i.AbstractProblemLoader Creating init config 
15895      DEBUG main            d.u.i.k.p.i.AbstractProblemLoader Init config took 2.94s 
15956      INFO  main            d.u.i.k.p.i.AbstractProblemLoader Replaying proof Quicksort[Quicksort::sort([I,int,int)].JML normal_behavior operation contract.0 
15959      DEBUG main            d.u.i.k.p.i.IntermediateProofReplayer Proof replay took 28.4ns 
15986      DEBUG main            d.u.i.k.m.s.ProofScriptEngine 1: 'script 'sort.script'' 
15990      INFO  main            d.u.i.k.m.s.ProofScriptCommand Included script /home/runner/work/key/key/key.core/../key.ui/examples/heap/quicksort/sort.script 
15990      DEBUG main            d.u.i.k.m.s.ProofScriptEngine 1: 'macro autopilot-prep' 
17166      DEBUG main            d.u.i.k.m.s.ProofScriptEngine 2: 'select formula="{heapAtPre:=heap || exc:=null || heap:=heapAfter_sort_0}
   seq ...' 
17170      DEBUG main            d.u.i.k.m.s.ProofScriptEngine 3: 'macro simp-upd' 
17181      DEBUG main            d.u.i.k.m.s.ProofScriptEngine 4: 'let   @seqPre="seqDef{int u;}(0, array.length, array[u])"
    @seqSplit="seqDef ...' 
17184      DEBUG main            d.u.i.k.m.s.ProofScriptEngine 5: 'rule seqPermSym 
  formula="seqPerm(@seqSplit, @seqPre)"' 
17203      DEBUG main            d.u.i.k.m.s.ProofScriptEngine 6: 'rule seqPermSym
  formula="seqPerm(@seqSort, @seqSplit)"' 
17206      DEBUG main            d.u.i.k.m.s.ProofScriptEngine 7: 'rule seqPermSym
  formula="seqPerm(@seqSort0, @seqSort)"' 
17207      DEBUG main            d.u.i.k.m.s.ProofScriptEngine 8: 'rule seqPermTrans
  formula="seqPerm(@seqPre, @seqSplit)"' 
17208      DEBUG main            d.u.i.k.m.s.ProofScriptEngine 9: 'rule seqPermTrans
  formula="seqPerm(@seqPre, @seqSort)"' 
17210      DEBUG main            d.u.i.k.m.s.ProofScriptEngine 10: 'rule seqPermSym
  formula="seqPerm(@seqPre, @seqSort0)"' 
17211      DEBUG main            d.u.i.k.m.s.ProofScriptEngine 11: 'tryclose' 
43099      INFO  main            d.u.i.k.p.r.p.TestFile    ... finished proof: closed. 
43379      INFO  main            d.u.i.k.p.i.AbstractProblemLoader Loading environment from /home/runner/work/key/key/key.core/../key.ui/examples/heap/quicksort/sort.key.proof 
43380      DEBUG main            d.u.i.k.p.i.AbstractProblemLoader Environment load took 516.21ns 
43391      INFO  main            d.u.i.k.p.i.AbstractProblemLoader Creating init config 
46106      DEBUG main            d.u.i.k.p.i.AbstractProblemLoader Init config took 2.72s 
46166      INFO  main            d.u.i.k.p.i.AbstractProblemLoader Replaying proof Quicksort[Quicksort::sort([I,int,int)].JML normal_behavior operation contract.0 
48306      DEBUG main            d.u.i.k.p.i.IntermediateProofReplayer Proof replay took 2.02s 
48319      DEBUG main            d.u.i.k.p.r.p.TestFile    ... success: reloaded. 
48329      INFO  main            d.u.i.k.p.r.p.TestFile    Now processing file /home/runner/work/key/key/key.core/../key.ui/examples/heap/quicksort/split.key 
48329      INFO  main            d.u.i.k.p.i.AbstractProblemLoader Loading environment from /home/runner/work/key/key/key.core/../key.ui/examples/heap/quicksort/split.key 
48329      DEBUG main            d.u.i.k.p.i.AbstractProblemLoader Environment load took 128.4ns 
48330      INFO  main            d.u.i.k.p.i.AbstractProblemLoader Creating init config 
51277      DEBUG main            d.u.i.k.p.i.AbstractProblemLoader Init config took 2.95s 
51324      INFO  main            d.u.i.k.p.i.AbstractProblemLoader Replaying proof Quicksort[Quicksort::split([I,int,int)].JML normal_behavior operation contract.0 
51327      DEBUG main            d.u.i.k.p.i.IntermediateProofReplayer Proof replay took 6.1ns 
51328      DEBUG main            d.u.i.k.m.s.ProofScriptEngine 1: 'macro autopilot-prep' 
52539      DEBUG main            d.u.i.k.m.s.ProofScriptEngine 2: 'tryclose' 
89307      DEBUG main            d.u.i.k.m.s.ProofScriptEngine 3: 'macro simp-upd' 
89428      DEBUG main            d.u.i.k.m.s.ProofScriptEngine 4: 'rule seqPermFromSwap' 
89444      DEBUG main            d.u.i.k.m.s.ProofScriptEngine 5: 'rule andRight' 
89446      DEBUG main            d.u.i.k.m.s.ProofScriptEngine 6: 'auto' 
89472      DEBUG main            d.u.i.k.m.s.ProofScriptEngine 7: 'instantiate hide var=iv with=i_0' 
89476      DEBUG main            d.u.i.k.m.s.ProofScriptEngine 8: 'instantiate hide var=jv with=j_0' 
89478      DEBUG main            d.u.i.k.m.s.ProofScriptEngine 9: 'auto' 
95967      DEBUG main            d.u.i.k.m.s.ProofScriptEngine 10: 'macro simp-upd' 
96055      DEBUG main            d.u.i.k.m.s.ProofScriptEngine 11: 'rule seqPermFromSwap' 
96059      DEBUG main            d.u.i.k.m.s.ProofScriptEngine 12: 'rule andRight' 
96061      DEBUG main            d.u.i.k.m.s.ProofScriptEngine 13: 'auto' 
96079      DEBUG main            d.u.i.k.m.s.ProofScriptEngine 14: 'instantiate hide var=iv with=i_0' 
96083      DEBUG main            d.u.i.k.m.s.ProofScriptEngine 15: 'instantiate hide var=jv with=to' 
96085      DEBUG main            d.u.i.k.m.s.ProofScriptEngine 16: 'auto' 
101138     INFO  main            d.u.i.k.p.r.p.TestFile    ... finished proof: closed. 
101641     INFO  main            d.u.i.k.p.i.AbstractProblemLoader Loading environment from /home/runner/work/key/key/key.core/../key.ui/examples/heap/quicksort/split.key.proof 
101641     DEBUG main            d.u.i.k.p.i.AbstractProblemLoader Environment load took 479.21ns 
101653     INFO  main            d.u.i.k.p.i.AbstractProblemLoader Creating init config 
104242     DEBUG main            d.u.i.k.p.i.AbstractProblemLoader Init config took 2.59s 
104304     INFO  main            d.u.i.k.p.i.AbstractProblemLoader Replaying proof Quicksort[Quicksort::split([I,int,int)].JML normal_behavior operation contract.0 
108156     DEBUG main            d.u.i.k.p.i.IntermediateProofReplayer Proof replay took 3.65s 
108184     DEBUG main            d.u.i.k.p.r.p.TestFile    ... success: reloaded. 
1728034    INFO  Test worker     d.u.i.k.p.r.RunAllProofsTestUnit Returning from test quicksort 
1728035    INFO  Test worker     d.u.i.k.p.r.RunAllProofsTestUnit Running test simpleTests 
381        INFO  Timeout watchdog d.u.i.k.p.r.p.ForkedTestFileRunner Timeout watcher launched (2000 secs.) 
405        WARN  main            d.u.i.k.s.ProofSettings   The settings in /home/runner/.key/proof-settings.props are *not* read. 
444        INFO  main            d.u.i.k.p.r.p.TestFile    Now processing file /home/runner/work/key/key/key.core/../key.ui/examples/heap/simple/anonymise_datagroup.key 
549        INFO  main            d.u.i.k.p.i.AbstractProblemLoader Loading environment from /home/runner/work/key/key/key.core/../key.ui/examples/heap/simple/anonymise_datagroup.key 
569        DEBUG main            d.u.i.k.p.i.AbstractProblemLoader Environment load took 1.85ms 
829        INFO  main            d.u.i.k.p.i.AbstractProblemLoader Creating init config 
1783       DEBUG main            d.u.i.k.j.TypeConverter   No LDT found for Meta 
1784       DEBUG main            d.u.i.k.j.TypeConverter   No LDT found for Meta 
1788       DEBUG main            d.u.i.k.j.TypeConverter   No LDT found for Meta 
1788       DEBUG main            d.u.i.k.j.TypeConverter   No LDT found for Meta 
3431       DEBUG main            d.u.i.k.j.TypeConverter   No LDT found for JavaBigintExpression 
8093       DEBUG main            d.u.i.k.p.i.AbstractProblemLoader Init config took 7.26s 
8159       INFO  main            d.u.i.k.p.i.AbstractProblemLoader Replaying proof anonymise_datagroup.key 
8192       DEBUG main            d.u.i.k.p.i.IntermediateProofReplayer Proof replay took 37.4ns 
8474       INFO  main            d.u.i.k.p.r.p.TestFile    ... finished proof: closed. 
8592       INFO  main            d.u.i.k.p.i.AbstractProblemLoader Loading environment from /home/runner/work/key/key/key.core/../key.ui/examples/heap/simple/anonymise_datagroup.key.proof 
8594       DEBUG main            d.u.i.k.p.i.AbstractProblemLoader Environment load took 2.28ms 
8599       INFO  main            d.u.i.k.p.i.AbstractProblemLoader Creating init config 
11275      DEBUG main            d.u.i.k.p.i.AbstractProblemLoader Init config took 2.68s 
11321      INFO  main            d.u.i.k.p.i.AbstractProblemLoader Replaying proof anonymise_datagroup.key.proof 
11334      DEBUG main            d.u.i.k.p.i.IntermediateProofReplayer Proof replay took 9.32ms 
11346      DEBUG main            d.u.i.k.p.r.p.TestFile    ... success: reloaded. 
11350      INFO  main            d.u.i.k.p.r.p.TestFile    Now processing file /home/runner/work/key/key/key.core/../key.ui/examples/heap/simple/array_creation.key 
11357      INFO  main            d.u.i.k.p.i.AbstractProblemLoader Loading environment from /home/runner/work/key/key/key.core/../key.ui/examples/heap/simple/array_creation.key 
11358      DEBUG main            d.u.i.k.p.i.AbstractProblemLoader Environment load took 335.91ns 
11366      INFO  main            d.u.i.k.p.i.AbstractProblemLoader Creating init config 
13949      DEBUG main            d.u.i.k.p.i.AbstractProblemLoader Init config took 2.58s 
13982      INFO  main            d.u.i.k.p.i.AbstractProblemLoader Replaying proof array_creation.key 
13986      DEBUG main            d.u.i.k.p.i.IntermediateProofReplayer Proof replay took 7.4ns 
14697      INFO  main            d.u.i.k.p.r.p.TestFile    ... finished proof: closed. 
14859      INFO  main            d.u.i.k.p.i.AbstractProblemLoader Loading environment from /home/runner/work/key/key/key.core/../key.ui/examples/heap/simple/array_creation.key.proof 
14859      DEBUG main            d.u.i.k.p.i.AbstractProblemLoader Environment load took 155.8ns 
14860      INFO  main            d.u.i.k.p.i.AbstractProblemLoader Creating init config 
17348      DEBUG main            d.u.i.k.p.i.AbstractProblemLoader Init config took 2.49s 
17376      INFO  main            d.u.i.k.p.i.AbstractProblemLoader Replaying proof array_creation.key.proof 
17487      DEBUG main            d.u.i.k.p.i.IntermediateProofReplayer Proof replay took 106.42ms 
17489      DEBUG main            d.u.i.k.p.r.p.TestFile    ... success: reloaded. 
17490      INFO  main            d.u.i.k.p.r.p.TestFile    Now processing file /home/runner/work/key/key/key.core/../key.ui/examples/heap/simple/arrays_with_disjoint_sorts.key 
17491      INFO  main            d.u.i.k.p.i.AbstractProblemLoader Loading environment from /home/runner/work/key/key/key.core/../key.ui/examples/heap/simple/arrays_with_disjoint_sorts.key 
17491      DEBUG main            d.u.i.k.p.i.AbstractProblemLoader Environment load took 240.91ns 
17492      INFO  main            d.u.i.k.p.i.AbstractProblemLoader Creating init config 
19965      DEBUG main            d.u.i.k.p.i.AbstractProblemLoader Init config took 2.47s 
19991      INFO  main            d.u.i.k.p.i.AbstractProblemLoader Replaying proof arrays_with_disjoint_sorts.key 
19993      DEBUG main            d.u.i.k.p.i.IntermediateProofReplayer Proof replay took 7ns 
20197      INFO  main            d.u.i.k.p.r.p.TestFile    ... finished proof: closed. 
20408      INFO  main            d.u.i.k.p.i.AbstractProblemLoader Loading environment from /home/runner/work/key/key/key.core/../key.ui/examples/heap/simple/arrays_with_disjoint_sorts.key.proof 
20408      DEBUG main            d.u.i.k.p.i.AbstractProblemLoader Environment load took 451.41ns 
20410      INFO  main            d.u.i.k.p.i.AbstractProblemLoader Creating init config 
22857      DEBUG main            d.u.i.k.p.i.AbstractProblemLoader Init config took 2.45s 
22879      INFO  main            d.u.i.k.p.i.AbstractProblemLoader Replaying proof arrays_with_disjoint_sorts.key.proof 
22913      DEBUG main            d.u.i.k.p.i.IntermediateProofReplayer Proof replay took 26.32ms 
22914      DEBUG main            d.u.i.k.p.r.p.TestFile    ... success: reloaded. 
22915      INFO  main            d.u.i.k.p.r.p.TestFile    Now processing file /home/runner/work/key/key/key.core/../key.ui/examples/heap/simple/arrays.key 
22915      INFO  main            d.u.i.k.p.i.AbstractProblemLoader Loading environment from /home/runner/work/key/key/key.core/../key.ui/examples/heap/simple/arrays.key 
22916      DEBUG main            d.u.i.k.p.i.AbstractProblemLoader Environment load took 233.6ns 
22917      INFO  main            d.u.i.k.p.i.AbstractProblemLoader Creating init config 
25369      DEBUG main            d.u.i.k.p.i.AbstractProblemLoader Init config took 2.45s 
25397      INFO  main            d.u.i.k.p.i.AbstractProblemLoader Replaying proof arrays.key 
25402      DEBUG main            d.u.i.k.p.i.IntermediateProofReplayer Proof replay took 7.4ns 
25609      INFO  main            d.u.i.k.p.r.p.TestFile    ... finished proof: closed. 
25759      INFO  main            d.u.i.k.p.i.AbstractProblemLoader Loading environment from /home/runner/work/key/key/key.core/../key.ui/examples/heap/simple/arrays.key.proof 
25763      DEBUG main            d.u.i.k.p.i.AbstractProblemLoader Environment load took 3.84ms 
25765      INFO  main            d.u.i.k.p.i.AbstractProblemLoader Creating init config 
28185      DEBUG main            d.u.i.k.p.i.AbstractProblemLoader Init config took 2.42s 
28208      INFO  main            d.u.i.k.p.i.AbstractProblemLoader Replaying proof arrays.key.proof 
28232      DEBUG main            d.u.i.k.p.i.IntermediateProofReplayer Proof replay took 20.45ms 
28233      DEBUG main            d.u.i.k.p.r.p.TestFile    ... success: reloaded. 
28234      INFO  main            d.u.i.k.p.r.p.TestFile    Now processing file /home/runner/work/key/key/key.core/../key.ui/examples/heap/simple/attributes.key 
28235      INFO  main            d.u.i.k.p.i.AbstractProblemLoader Loading environment from /home/runner/work/key/key/key.core/../key.ui/examples/heap/simple/attributes.key 
28235      DEBUG main            d.u.i.k.p.i.AbstractProblemLoader Environment load took 230.41ns 
28236      INFO  main            d.u.i.k.p.i.AbstractProblemLoader Creating init config 
30680      DEBUG main            d.u.i.k.p.i.AbstractProblemLoader Init config took 2.44s 
30704      INFO  main            d.u.i.k.p.i.AbstractProblemLoader Replaying proof attributes.key 
30706      DEBUG main            d.u.i.k.p.i.IntermediateProofReplayer Proof replay took 8ns 
30809      INFO  main            d.u.i.k.p.r.p.TestFile    ... finished proof: closed. 
30978      INFO  main            d.u.i.k.p.i.AbstractProblemLoader Loading environment from /home/runner/work/key/key/key.core/../key.ui/examples/heap/simple/attributes.key.proof 
30979      DEBUG main            d.u.i.k.p.i.AbstractProblemLoader Environment load took 122.2ns 
30980      INFO  main            d.u.i.k.p.i.AbstractProblemLoader Creating init config 
33394      DEBUG main            d.u.i.k.p.i.AbstractProblemLoader Init config took 2.41s 
33416      INFO  main            d.u.i.k.p.i.AbstractProblemLoader Replaying proof attributes.key.proof 
33422      DEBUG main            d.u.i.k.p.i.IntermediateProofReplayer Proof replay took 3.08ms 
33423      DEBUG main            d.u.i.k.p.r.p.TestFile    ... success: reloaded. 
33424      INFO  main            d.u.i.k.p.r.p.TestFile    Now processing file /home/runner/work/key/key/key.core/../key.ui/examples/heap/simple/constructor_contracts.key 
33424      INFO  main            d.u.i.k.p.i.AbstractProblemLoader Loading environment from /home/runner/work/key/key/key.core/../key.ui/examples/heap/simple/constructor_contracts.key 
33425      DEBUG main            d.u.i.k.p.i.AbstractProblemLoader Environment load took 464.41ns 
33427      INFO  main            d.u.i.k.p.i.AbstractProblemLoader Creating init config 
36282      DEBUG main            d.u.i.k.p.i.AbstractProblemLoader Init config took 2.86s 
36304      INFO  main            d.u.i.k.p.i.AbstractProblemLoader Replaying proof constructor_contracts.key 
36306      DEBUG main            d.u.i.k.p.i.IntermediateProofReplayer Proof replay took 7.3ns 
36915      INFO  main            d.u.i.k.p.r.p.TestFile    ... finished proof: closed. 
37089      INFO  main            d.u.i.k.p.i.AbstractProblemLoader Loading environment from /home/runner/work/key/key/key.core/../key.ui/examples/heap/simple/constructor_contracts.key.proof 
37090      DEBUG main            d.u.i.k.p.i.AbstractProblemLoader Environment load took 485.01ns 
37092      INFO  main            d.u.i.k.p.i.AbstractProblemLoader Creating init config 
39829      DEBUG main            d.u.i.k.p.i.AbstractProblemLoader Init config took 2.74s 
39857      INFO  main            d.u.i.k.p.i.AbstractProblemLoader Replaying proof constructor_contracts.key.proof 
39998      DEBUG main            d.u.i.k.p.i.IntermediateProofReplayer Proof replay took 133ms 
40002      DEBUG main            d.u.i.k.p.r.p.TestFile    ... success: reloaded. 
40004      INFO  main            d.u.i.k.p.r.p.TestFile    Now processing file /home/runner/work/key/key/key.core/../key.ui/examples/heap/simple/dependencies.key 
40004      INFO  main            d.u.i.k.p.i.AbstractProblemLoader Loading environment from /home/runner/work/key/key/key.core/../key.ui/examples/heap/simple/dependencies.key 
40005      DEBUG main            d.u.i.k.p.i.AbstractProblemLoader Environment load took 69.8ns 
40006      INFO  main            d.u.i.k.p.i.AbstractProblemLoader Creating init config 
42435      DEBUG main            d.u.i.k.p.i.AbstractProblemLoader Init config took 2.43s 
42455      INFO  main            d.u.i.k.p.i.AbstractProblemLoader Replaying proof dependencies.key 
42456      DEBUG main            d.u.i.k.p.i.IntermediateProofReplayer Proof replay took 7.4ns 
42559      INFO  main            d.u.i.k.p.r.p.TestFile    ... finished proof: closed. 
42743      INFO  main            d.u.i.k.p.i.AbstractProblemLoader Loading environment from /home/runner/work/key/key/key.core/../key.ui/examples/heap/simple/dependencies.key.proof 
42744      DEBUG main            d.u.i.k.p.i.AbstractProblemLoader Environment load took 123.8ns 
42745      INFO  main            d.u.i.k.p.i.AbstractProblemLoader Creating init config 
45130      DEBUG main            d.u.i.k.p.i.AbstractProblemLoader Init config took 2.39s 
45150      INFO  main            d.u.i.k.p.i.AbstractProblemLoader Replaying proof dependencies.key.proof 
45161      DEBUG main            d.u.i.k.p.i.IntermediateProofReplayer Proof replay took 8.77ms 
45162      DEBUG main            d.u.i.k.p.r.p.TestFile    ... success: reloaded. 
45163      INFO  main            d.u.i.k.p.r.p.TestFile    Now processing file /home/runner/work/key/key/key.core/../key.ui/examples/heap/simple/dependency_contracts.key 
45163      INFO  main            d.u.i.k.p.i.AbstractProblemLoader Loading environment from /home/runner/work/key/key/key.core/../key.ui/examples/heap/simple/dependency_contracts.key 
45164      DEBUG main            d.u.i.k.p.i.AbstractProblemLoader Environment load took 233.71ns 
45165      INFO  main            d.u.i.k.p.i.AbstractProblemLoader Creating init config 
47780      DEBUG main            d.u.i.k.p.i.AbstractProblemLoader Init config took 2.61s 
47802      INFO  main            d.u.i.k.p.i.AbstractProblemLoader Replaying proof dependency_contracts.key 
47804      DEBUG main            d.u.i.k.p.i.IntermediateProofReplayer Proof replay took 7.8ns 
49116      INFO  main            d.u.i.k.p.r.p.TestFile    ... finished proof: closed. 
49307      INFO  main            d.u.i.k.p.i.AbstractProblemLoader Loading environment from /home/runner/work/key/key/key.core/../key.ui/examples/heap/simple/dependency_contracts.key.proof 
49308      DEBUG main            d.u.i.k.p.i.AbstractProblemLoader Environment load took 554.11ns 
49310      INFO  main            d.u.i.k.p.i.AbstractProblemLoader Creating init config 
51856      DEBUG main            d.u.i.k.p.i.AbstractProblemLoader Init config took 2.55s 
51879      INFO  main            d.u.i.k.p.i.AbstractProblemLoader Replaying proof dependency_contracts.key.proof 
52087      DEBUG main            d.u.i.k.p.i.IntermediateProofReplayer Proof replay took 186.56ms 
52089      DEBUG main            d.u.i.k.p.r.p.TestFile    ... success: reloaded. 
52091      INFO  main            d.u.i.k.p.r.p.TestFile    Now processing file /home/runner/work/key/key/key.core/../key.ui/examples/heap/simple/invariant_preservation.key 
52091      INFO  main            d.u.i.k.p.i.AbstractProblemLoader Loading environment from /home/runner/work/key/key/key.core/../key.ui/examples/heap/simple/invariant_preservation.key 
52092      DEBUG main            d.u.i.k.p.i.AbstractProblemLoader Environment load took 241.21ns 
52093      INFO  main            d.u.i.k.p.i.AbstractProblemLoader Creating init config 
54812      DEBUG main            d.u.i.k.p.i.AbstractProblemLoader Init config took 2.72s 
54833      INFO  main            d.u.i.k.p.i.AbstractProblemLoader Replaying proof invariant_preservation.key 
54835      DEBUG main            d.u.i.k.p.i.IntermediateProofReplayer Proof replay took 8ns 
55039      INFO  main            d.u.i.k.p.r.p.TestFile    ... finished proof: closed. 
55282      INFO  main            d.u.i.k.p.i.AbstractProblemLoader Loading environment from /home/runner/work/key/key/key.core/../key.ui/examples/heap/simple/invariant_preservation.key.proof 
55283      DEBUG main            d.u.i.k.p.i.AbstractProblemLoader Environment load took 136.8ns 
55284      INFO  main            d.u.i.k.p.i.AbstractProblemLoader Creating init config 
57837      DEBUG main            d.u.i.k.p.i.AbstractProblemLoader Init config took 2.55s 
57859      INFO  main            d.u.i.k.p.i.AbstractProblemLoader Replaying proof invariant_preservation.key.proof 
57896      DEBUG main            d.u.i.k.p.i.IntermediateProofReplayer Proof replay took 33.85ms 
57898      DEBUG main            d.u.i.k.p.r.p.TestFile    ... success: reloaded. 
57899      INFO  main            d.u.i.k.p.r.p.TestFile    Now processing file /home/runner/work/key/key/key.core/../key.ui/examples/heap/simple/locsets.key 
57900      INFO  main            d.u.i.k.p.i.AbstractProblemLoader Loading environment from /home/runner/work/key/key/key.core/../key.ui/examples/heap/simple/locsets.key 
57900      DEBUG main            d.u.i.k.p.i.AbstractProblemLoader Environment load took 106.4ns 
57901      INFO  main            d.u.i.k.p.i.AbstractProblemLoader Creating init config 
60260      DEBUG main            d.u.i.k.p.i.AbstractProblemLoader Init config took 2.36s 
60277      INFO  main            d.u.i.k.p.i.AbstractProblemLoader Replaying proof locsets.key 
60278      DEBUG main            d.u.i.k.p.i.IntermediateProofReplayer Proof replay took 7.5ns 
60380      INFO  main            d.u.i.k.p.r.p.TestFile    ... finished proof: closed. 
60628      INFO  main            d.u.i.k.p.i.AbstractProblemLoader Loading environment from /home/runner/work/key/key/key.core/../key.ui/examples/heap/simple/locsets.key.proof 
60628      DEBUG main            d.u.i.k.p.i.AbstractProblemLoader Environment load took 122.3ns 
60629      INFO  main            d.u.i.k.p.i.AbstractProblemLoader Creating init config 
62941      DEBUG main            d.u.i.k.p.i.AbstractProblemLoader Init config took 2.31s 
62958      INFO  main            d.u.i.k.p.i.AbstractProblemLoader Replaying proof locsets.key.proof 
62961      DEBUG main            d.u.i.k.p.i.IntermediateProofReplayer Proof replay took 1.76ms 
62962      DEBUG main            d.u.i.k.p.r.p.TestFile    ... success: reloaded. 
62963      INFO  main            d.u.i.k.p.r.p.TestFile    Now processing file /home/runner/work/key/key/key.core/../key.ui/examples/heap/simple/loop1.key 
62964      INFO  main            d.u.i.k.p.i.AbstractProblemLoader Loading environment from /home/runner/work/key/key/key.core/../key.ui/examples/heap/simple/loop1.key 
62964      DEBUG main            d.u.i.k.p.i.AbstractProblemLoader Environment load took 233.91ns 
62965      INFO  main            d.u.i.k.p.i.AbstractProblemLoader Creating init config 
65559      DEBUG main            d.u.i.k.p.i.AbstractProblemLoader Init config took 2.59s 
65577      INFO  main            d.u.i.k.p.i.AbstractProblemLoader Replaying proof loop1.key 
65578      DEBUG main            d.u.i.k.p.i.IntermediateProofReplayer Proof replay took 8.4ns 
65781      INFO  main            d.u.i.k.p.r.p.TestFile    ... finished proof: closed. 
65976      INFO  main            d.u.i.k.p.i.AbstractProblemLoader Loading environment from /home/runner/work/key/key/key.core/../key.ui/examples/heap/simple/loop1.key.proof 
65976      DEBUG main            d.u.i.k.p.i.AbstractProblemLoader Environment load took 130.8ns 
65977      INFO  main            d.u.i.k.p.i.AbstractProblemLoader Creating init config 
68510      DEBUG main            d.u.i.k.p.i.AbstractProblemLoader Init config took 2.53s 
68532      INFO  main            d.u.i.k.p.i.AbstractProblemLoader Replaying proof loop1.key.proof 
68600      DEBUG main            d.u.i.k.p.i.IntermediateProofReplayer Proof replay took 63.4ms 
68602      DEBUG main            d.u.i.k.p.r.p.TestFile    ... success: reloaded. 
68603      INFO  main            d.u.i.k.p.r.p.TestFile    Now processing file /home/runner/work/key/key/key.core/../key.ui/examples/heap/simple/loop2.key 
68604      INFO  main            d.u.i.k.p.i.AbstractProblemLoader Loading environment from /home/runner/work/key/key/key.core/../key.ui/examples/heap/simple/loop2.key 
68604      DEBUG main            d.u.i.k.p.i.AbstractProblemLoader Environment load took 222.21ns 
68605      INFO  main            d.u.i.k.p.i.AbstractProblemLoader Creating init config 
71173      DEBUG main            d.u.i.k.p.i.AbstractProblemLoader Init config took 2.57s 
71190      INFO  main            d.u.i.k.p.i.AbstractProblemLoader Replaying proof loop2.key 
71193      DEBUG main            d.u.i.k.p.i.IntermediateProofReplayer Proof replay took 8.1ns 
71900      INFO  main            d.u.i.k.p.r.p.TestFile    ... finished proof: closed. 
72111      INFO  main            d.u.i.k.p.i.AbstractProblemLoader Loading environment from /home/runner/work/key/key/key.core/../key.ui/examples/heap/simple/loop2.key.proof 
72111      DEBUG main            d.u.i.k.p.i.AbstractProblemLoader Environment load took 596.41ns 
72113      INFO  main            d.u.i.k.p.i.AbstractProblemLoader Creating init config 
74637      DEBUG main            d.u.i.k.p.i.AbstractProblemLoader Init config took 2.52s 
74655      INFO  main            d.u.i.k.p.i.AbstractProblemLoader Replaying proof loop2.key.proof 
74801      DEBUG main            d.u.i.k.p.i.IntermediateProofReplayer Proof replay took 141.05ms 
74803      DEBUG main            d.u.i.k.p.r.p.TestFile    ... success: reloaded. 
74804      INFO  main            d.u.i.k.p.r.p.TestFile    Now processing file /home/runner/work/key/key/key.core/../key.ui/examples/heap/simple/modifies_datagroup.key 
74805      INFO  main            d.u.i.k.p.i.AbstractProblemLoader Loading environment from /home/runner/work/key/key/key.core/../key.ui/examples/heap/simple/modifies_datagroup.key 
74805      DEBUG main            d.u.i.k.p.i.AbstractProblemLoader Environment load took 251.81ns 
74806      INFO  main            d.u.i.k.p.i.AbstractProblemLoader Creating init config 
77114      DEBUG main            d.u.i.k.p.i.AbstractProblemLoader Init config took 2.31s 
77132      INFO  main            d.u.i.k.p.i.AbstractProblemLoader Replaying proof modifies_datagroup.key 
77133      DEBUG main            d.u.i.k.p.i.IntermediateProofReplayer Proof replay took 7.9ns 
77236      INFO  main            d.u.i.k.p.r.p.TestFile    ... finished proof: closed. 
77450      INFO  main            d.u.i.k.p.i.AbstractProblemLoader Loading environment from /home/runner/work/key/key/key.core/../key.ui/examples/heap/simple/modifies_datagroup.key.proof 
77450      DEBUG main            d.u.i.k.p.i.AbstractProblemLoader Environment load took 119.91ns 
77451      INFO  main            d.u.i.k.p.i.AbstractProblemLoader Creating init config 
79728      DEBUG main            d.u.i.k.p.i.AbstractProblemLoader Init config took 2.28s 
79745      INFO  main            d.u.i.k.p.i.AbstractProblemLoader Replaying proof modifies_datagroup.key.proof 
79751      DEBUG main            d.u.i.k.p.i.IntermediateProofReplayer Proof replay took 3.96ms 
79752      DEBUG main            d.u.i.k.p.r.p.TestFile    ... success: reloaded. 
79753      INFO  main            d.u.i.k.p.r.p.TestFile    Now processing file /home/runner/work/key/key/key.core/../key.ui/examples/heap/simple/modifies.key 
79753      INFO  main            d.u.i.k.p.i.AbstractProblemLoader Loading environment from /home/runner/work/key/key/key.core/../key.ui/examples/heap/simple/modifies.key 
79753      DEBUG main            d.u.i.k.p.i.AbstractProblemLoader Environment load took 244.41ns 
79755      INFO  main            d.u.i.k.p.i.AbstractProblemLoader Creating init config 
82063      DEBUG main            d.u.i.k.p.i.AbstractProblemLoader Init config took 2.31s 
82079      INFO  main            d.u.i.k.p.i.AbstractProblemLoader Replaying proof modifies.key 
82080      DEBUG main            d.u.i.k.p.i.IntermediateProofReplayer Proof replay took 7.9ns 
82183      INFO  main            d.u.i.k.p.r.p.TestFile    ... finished proof: closed. 
82395      INFO  main            d.u.i.k.p.i.AbstractProblemLoader Loading environment from /home/runner/work/key/key/key.core/../key.ui/examples/heap/simple/modifies.key.proof 
82395      DEBUG main            d.u.i.k.p.i.AbstractProblemLoader Environment load took 118.8ns 
82397      INFO  main            d.u.i.k.p.i.AbstractProblemLoader Creating init config 
84694      DEBUG main            d.u.i.k.p.i.AbstractProblemLoader Init config took 2.3s 
84712      INFO  main            d.u.i.k.p.i.AbstractProblemLoader Replaying proof modifies.key.proof 
84726      DEBUG main            d.u.i.k.p.i.IntermediateProofReplayer Proof replay took 12.2ms 
84727      DEBUG main            d.u.i.k.p.r.p.TestFile    ... success: reloaded. 
84728      INFO  main            d.u.i.k.p.r.p.TestFile    Now processing file /home/runner/work/key/key/key.core/../key.ui/examples/heap/simple/object_creation.key 
84728      INFO  main            d.u.i.k.p.i.AbstractProblemLoader Loading environment from /home/runner/work/key/key/key.core/../key.ui/examples/heap/simple/object_creation.key 
84728      DEBUG main            d.u.i.k.p.i.AbstractProblemLoader Environment load took 94.9ns 
84730      INFO  main            d.u.i.k.p.i.AbstractProblemLoader Creating init config 
87017      DEBUG main            d.u.i.k.p.i.AbstractProblemLoader Init config took 2.29s 
87032      INFO  main            d.u.i.k.p.i.AbstractProblemLoader Replaying proof object_creation.key 
87034      DEBUG main            d.u.i.k.p.i.IntermediateProofReplayer Proof replay took 7.7ns 
87237      INFO  main            d.u.i.k.p.r.p.TestFile    ... finished proof: closed. 
87464      INFO  main            d.u.i.k.p.i.AbstractProblemLoader Loading environment from /home/runner/work/key/key/key.core/../key.ui/examples/heap/simple/object_creation.key.proof 
87464      DEBUG main            d.u.i.k.p.i.AbstractProblemLoader Environment load took 121.6ns 
87466      INFO  main            d.u.i.k.p.i.AbstractProblemLoader Creating init config 
89736      DEBUG main            d.u.i.k.p.i.AbstractProblemLoader Init config took 2.27s 
89753      INFO  main            d.u.i.k.p.i.AbstractProblemLoader Replaying proof object_creation.key.proof 
89806      DEBUG main            d.u.i.k.p.i.IntermediateProofReplayer Proof replay took 49.53ms 
89807      DEBUG main            d.u.i.k.p.r.p.TestFile    ... success: reloaded. 
89807      INFO  main            d.u.i.k.p.r.p.TestFile    Now processing file /home/runner/work/key/key/key.core/../key.ui/examples/heap/simple/operation_contracts.key 
89808      INFO  main            d.u.i.k.p.i.AbstractProblemLoader Loading environment from /home/runner/work/key/key/key.core/../key.ui/examples/heap/simple/operation_contracts.key 
89808      DEBUG main            d.u.i.k.p.i.AbstractProblemLoader Environment load took 98.9ns 
89809      INFO  main            d.u.i.k.p.i.AbstractProblemLoader Creating init config 
92352      DEBUG main            d.u.i.k.p.i.AbstractProblemLoader Init config took 2.54s 
92369      INFO  main            d.u.i.k.p.i.AbstractProblemLoader Replaying proof operation_contracts.key 
92370      DEBUG main            d.u.i.k.p.i.IntermediateProofReplayer Proof replay took 7.3ns 
93178      INFO  main            d.u.i.k.p.r.p.TestFile    ... finished proof: closed. 
93434      INFO  main            d.u.i.k.p.i.AbstractProblemLoader Loading environment from /home/runner/work/key/key/key.core/../key.ui/examples/heap/simple/operation_contracts.key.proof 
93434      DEBUG main            d.u.i.k.p.i.AbstractProblemLoader Environment load took 437.11ns 
93436      INFO  main            d.u.i.k.p.i.AbstractProblemLoader Creating init config 
95916      DEBUG main            d.u.i.k.p.i.AbstractProblemLoader Init config took 2.48s 
95943      INFO  main            d.u.i.k.p.i.AbstractProblemLoader Replaying proof operation_contracts.key.proof 
96067      DEBUG main            d.u.i.k.p.i.IntermediateProofReplayer Proof replay took 116.15ms 
96069      DEBUG main            d.u.i.k.p.r.p.TestFile    ... success: reloaded. 
96070      INFO  main            d.u.i.k.p.r.p.TestFile    Now processing file /home/runner/work/key/key/key.core/../key.ui/examples/heap/simple/select_store.key 
96071      INFO  main            d.u.i.k.p.i.AbstractProblemLoader Loading environment from /home/runner/work/key/key/key.core/../key.ui/examples/heap/simple/select_store.key 
96071      DEBUG main            d.u.i.k.p.i.AbstractProblemLoader Environment load took 229.1ns 
96072      INFO  main            d.u.i.k.p.i.AbstractProblemLoader Creating init config 
98382      DEBUG main            d.u.i.k.p.i.AbstractProblemLoader Init config took 2.31s 
98396      INFO  main            d.u.i.k.p.i.AbstractProblemLoader Replaying proof select_store.key 
98398      DEBUG main            d.u.i.k.p.i.IntermediateProofReplayer Proof replay took 8.4ns 
98503      INFO  main            d.u.i.k.p.r.p.TestFile    ... finished proof: closed. 
98755      INFO  main            d.u.i.k.p.i.AbstractProblemLoader Loading environment from /home/runner/work/key/key/key.core/../key.ui/examples/heap/simple/select_store.key.proof 
98756      DEBUG main            d.u.i.k.p.i.AbstractProblemLoader Environment load took 1.15ms 
98758      INFO  main            d.u.i.k.p.i.AbstractProblemLoader Creating init config 
100992     DEBUG main            d.u.i.k.p.i.AbstractProblemLoader Init config took 2.23s 
101007     INFO  main            d.u.i.k.p.i.AbstractProblemLoader Replaying proof select_store.key.proof 
101011     DEBUG main            d.u.i.k.p.i.IntermediateProofReplayer Proof replay took 2.35ms 
101013     DEBUG main            d.u.i.k.p.r.p.TestFile    ... success: reloaded. 
101013     INFO  main            d.u.i.k.p.r.p.TestFile    Now processing file /home/runner/work/key/key/key.core/../key.ui/examples/heap/simple/selection_sort.key 
101014     INFO  main            d.u.i.k.p.i.AbstractProblemLoader Loading environment from /home/runner/work/key/key/key.core/../key.ui/examples/heap/simple/selection_sort.key 
101014     DEBUG main            d.u.i.k.p.i.AbstractProblemLoader Environment load took 219.6ns 
101015     INFO  main            d.u.i.k.p.i.AbstractProblemLoader Creating init config 
103546     DEBUG main            d.u.i.k.p.i.AbstractProblemLoader Init config took 2.53s 
103561     INFO  main            d.u.i.k.p.i.AbstractProblemLoader Replaying proof selection_sort.key 
103564     DEBUG main            d.u.i.k.p.i.IntermediateProofReplayer Proof replay took 8ns 
107278     INFO  main            d.u.i.k.p.r.p.TestFile    ... finished proof: closed. 
107568     INFO  main            d.u.i.k.p.i.AbstractProblemLoader Loading environment from /home/runner/work/key/key/key.core/../key.ui/examples/heap/simple/selection_sort.key.proof 
107568     DEBUG main            d.u.i.k.p.i.AbstractProblemLoader Environment load took 466.81ns 
107570     INFO  main            d.u.i.k.p.i.AbstractProblemLoader Creating init config 
110067     DEBUG main            d.u.i.k.p.i.AbstractProblemLoader Init config took 2.5s 
110082     INFO  main            d.u.i.k.p.i.AbstractProblemLoader Replaying proof selection_sort.key.proof 
110735     DEBUG main            d.u.i.k.p.i.IntermediateProofReplayer Proof replay took 627.76ms 
110737     DEBUG main            d.u.i.k.p.r.p.TestFile    ... success: reloaded. 
110738     INFO  main            d.u.i.k.p.r.p.TestFile    Now processing file /home/runner/work/key/key/key.core/../key.ui/examples/heap/simple/seq.key 
110739     INFO  main            d.u.i.k.p.i.AbstractProblemLoader Loading environment from /home/runner/work/key/key/key.core/../key.ui/examples/heap/simple/seq.key 
110739     DEBUG main            d.u.i.k.p.i.AbstractProblemLoader Environment load took 231.71ns 
110740     INFO  main            d.u.i.k.p.i.AbstractProblemLoader Creating init config 
113111     DEBUG main            d.u.i.k.p.i.AbstractProblemLoader Init config took 2.37s 
113126     INFO  main            d.u.i.k.p.i.AbstractProblemLoader Replaying proof seq.key 
113128     DEBUG main            d.u.i.k.p.i.IntermediateProofReplayer Proof replay took 7.6ns 
113532     INFO  main            d.u.i.k.p.r.p.TestFile    ... finished proof: closed. 
113839     INFO  main            d.u.i.k.p.i.AbstractProblemLoader Loading environment from /home/runner/work/key/key/key.core/../key.ui/examples/heap/simple/seq.key.proof 
113839     DEBUG main            d.u.i.k.p.i.AbstractProblemLoader Environment load took 463.61ns 
113841     INFO  main            d.u.i.k.p.i.AbstractProblemLoader Creating init config 
116081     DEBUG main            d.u.i.k.p.i.AbstractProblemLoader Init config took 2.24s 
116096     INFO  main            d.u.i.k.p.i.AbstractProblemLoader Replaying proof seq.key.proof 
116147     DEBUG main            d.u.i.k.p.i.IntermediateProofReplayer Proof replay took 46.27ms 
116149     DEBUG main            d.u.i.k.p.r.p.TestFile    ... success: reloaded. 
116150     INFO  main            d.u.i.k.p.r.p.TestFile    Now processing file /home/runner/work/key/key/key.core/../key.ui/examples/heap/simple/oldForParams.key 
116150     INFO  main            d.u.i.k.p.i.AbstractProblemLoader Loading environment from /home/runner/work/key/key/key.core/../key.ui/examples/heap/simple/oldForParams.key 
116150     DEBUG main            d.u.i.k.p.i.AbstractProblemLoader Environment load took 204.9ns 
116151     INFO  main            d.u.i.k.p.i.AbstractProblemLoader Creating init config 
118679     DEBUG main            d.u.i.k.p.i.AbstractProblemLoader Init config took 2.53s 
118756     INFO  main            d.u.i.k.p.i.AbstractProblemLoader Replaying proof OldForParameters[OldForParameters::method(int)].JML operation contract.0 
118759     DEBUG main            d.u.i.k.p.i.IntermediateProofReplayer Proof replay took 8.1ns 
118962     INFO  main            d.u.i.k.p.r.p.TestFile    ... finished proof: closed. 
119234     INFO  main            d.u.i.k.p.i.AbstractProblemLoader Loading environment from /home/runner/work/key/key/key.core/../key.ui/examples/heap/simple/oldForParams.key.proof 
119234     DEBUG main            d.u.i.k.p.i.AbstractProblemLoader Environment load took 110.7ns 
119236     INFO  main            d.u.i.k.p.i.AbstractProblemLoader Creating init config 
121690     DEBUG main            d.u.i.k.p.i.AbstractProblemLoader Init config took 2.45s 
121729     INFO  main            d.u.i.k.p.i.AbstractProblemLoader Replaying proof OldForParameters[OldForParameters::method(int)].JML operation contract.0 
121779     DEBUG main            d.u.i.k.p.i.IntermediateProofReplayer Proof replay took 47.19ms 
121780     DEBUG main            d.u.i.k.p.r.p.TestFile    ... success: reloaded. 
121782     INFO  main            d.u.i.k.p.r.p.TestFile    Now processing file /home/runner/work/key/key/key.core/../key.ui/examples/heap/simple/parse_lmtd.key 
121782     INFO  main            d.u.i.k.p.i.AbstractProblemLoader Loading environment from /home/runner/work/key/key/key.core/../key.ui/examples/heap/simple/parse_lmtd.key 
121783     DEBUG main            d.u.i.k.p.i.AbstractProblemLoader Environment load took 215ns 
121783     INFO  main            d.u.i.k.p.i.AbstractProblemLoader Creating init config 
124344     DEBUG main            d.u.i.k.p.i.AbstractProblemLoader Init config took 2.56s 
124398     INFO  main            d.u.i.k.p.i.AbstractProblemLoader Replaying proof ParseLmtd[ParseLmtd::simple(int)].JML normal_behavior operation contract.0 
124402     DEBUG main            d.u.i.k.p.i.IntermediateProofReplayer Proof replay took 7.4ns 
124604     INFO  main            d.u.i.k.p.r.p.TestFile    ... finished proof: closed. 
124865     INFO  main            d.u.i.k.p.i.AbstractProblemLoader Loading environment from /home/runner/work/key/key/key.core/../key.ui/examples/heap/simple/parse_lmtd.key.proof 
124865     DEBUG main            d.u.i.k.p.i.AbstractProblemLoader Environment load took 121.3ns 
124866     INFO  main            d.u.i.k.p.i.AbstractProblemLoader Creating init config 
127353     DEBUG main            d.u.i.k.p.i.AbstractProblemLoader Init config took 2.49s 
127393     INFO  main            d.u.i.k.p.i.AbstractProblemLoader Replaying proof ParseLmtd[ParseLmtd::simple(int)].JML normal_behavior operation contract.0 
127419     DEBUG main            d.u.i.k.p.i.IntermediateProofReplayer Proof replay took 23.64ms 
127420     DEBUG main            d.u.i.k.p.r.p.TestFile    ... success: reloaded. 
127421     INFO  main            d.u.i.k.p.r.p.TestFile    Now processing file /home/runner/work/key/key/key.core/../key.ui/examples/heap/strictly_pure/strictlyPureMethod.key 
127422     INFO  main            d.u.i.k.p.i.AbstractProblemLoader Loading environment from /home/runner/work/key/key/key.core/../key.ui/examples/heap/strictly_pure/strictlyPureMethod.key 
127422     DEBUG main            d.u.i.k.p.i.AbstractProblemLoader Environment load took 210.7ns 
127423     INFO  main            d.u.i.k.p.i.AbstractProblemLoader Creating init config 
129808     DEBUG main            d.u.i.k.p.i.AbstractProblemLoader Init config took 2.39s 
129844     INFO  main            d.u.i.k.p.i.AbstractProblemLoader Replaying proof StrictlyPure[StrictlyPure::strictlyPureMethod()].JML operation contract.0 
129846     DEBUG main            d.u.i.k.p.i.IntermediateProofReplayer Proof replay took 9.1ns 
130052     INFO  main            d.u.i.k.p.r.p.TestFile    ... finished proof: closed. 
130312     INFO  main            d.u.i.k.p.i.AbstractProblemLoader Loading environment from /home/runner/work/key/key/key.core/../key.ui/examples/heap/strictly_pure/strictlyPureMethod.key.proof 
130312     DEBUG main            d.u.i.k.p.i.AbstractProblemLoader Environment load took 119.4ns 
130315     INFO  main            d.u.i.k.p.i.AbstractProblemLoader Creating init config 
132644     DEBUG main            d.u.i.k.p.i.AbstractProblemLoader Init config took 2.33s 
132681     INFO  main            d.u.i.k.p.i.AbstractProblemLoader Replaying proof StrictlyPure[StrictlyPure::strictlyPureMethod()].JML operation contract.0 
132723     DEBUG main            d.u.i.k.p.i.IntermediateProofReplayer Proof replay took 38.78ms 
132724     DEBUG main            d.u.i.k.p.r.p.TestFile    ... success: reloaded. 
132725     INFO  main            d.u.i.k.p.r.p.TestFile    Now processing file /home/runner/work/key/key/key.core/../key.ui/examples/heap/strictly_pure/useStrictlyPureMethod.key 
132726     INFO  main            d.u.i.k.p.i.AbstractProblemLoader Loading environment from /home/runner/work/key/key/key.core/../key.ui/examples/heap/strictly_pure/useStrictlyPureMethod.key 
132726     DEBUG main            d.u.i.k.p.i.AbstractProblemLoader Environment load took 223.41ns 
132727     INFO  main            d.u.i.k.p.i.AbstractProblemLoader Creating init config 
135090     DEBUG main            d.u.i.k.p.i.AbstractProblemLoader Init config took 2.36s 
135126     INFO  main            d.u.i.k.p.i.AbstractProblemLoader Replaying proof StrictlyPure[StrictlyPure::useStrictlyPureMethod(StrictlyPureClass)].JML operation contract.0 
135127     DEBUG main            d.u.i.k.p.i.IntermediateProofReplayer Proof replay took 7.6ns 
135331     INFO  main            d.u.i.k.p.r.p.TestFile    ... finished proof: closed. 
135611     INFO  main            d.u.i.k.p.i.AbstractProblemLoader Loading environment from /home/runner/work/key/key/key.core/../key.ui/examples/heap/strictly_pure/useStrictlyPureMethod.key.proof 
135612     DEBUG main            d.u.i.k.p.i.AbstractProblemLoader Environment load took 121.1ns 
135612     INFO  main            d.u.i.k.p.i.AbstractProblemLoader Creating init config 
137924     DEBUG main            d.u.i.k.p.i.AbstractProblemLoader Init config took 2.31s 
137959     INFO  main            d.u.i.k.p.i.AbstractProblemLoader Replaying proof StrictlyPure[StrictlyPure::useStrictlyPureMethod(StrictlyPureClass)].JML operation contract.0 
138015     DEBUG main            d.u.i.k.p.i.IntermediateProofReplayer Proof replay took 53.24ms 
138016     DEBUG main            d.u.i.k.p.r.p.TestFile    ... success: reloaded. 
138017     INFO  main            d.u.i.k.p.r.p.TestFile    Now processing file /home/runner/work/key/key/key.core/../key.ui/examples/heap/Wellfounded/ackermann.key 
138017     INFO  main            d.u.i.k.p.i.AbstractProblemLoader Loading environment from /home/runner/work/key/key/key.core/../key.ui/examples/heap/Wellfounded/ackermann.key 
138017     DEBUG main            d.u.i.k.p.i.AbstractProblemLoader Environment load took 97.7ns 
138018     INFO  main            d.u.i.k.p.i.AbstractProblemLoader Creating init config 
140422     DEBUG main            d.u.i.k.p.i.AbstractProblemLoader Init config took 2.4s 
140473     INFO  main            d.u.i.k.p.i.AbstractProblemLoader Replaying proof Ackermann[Ackermann::a(int,int)].JML normal_behavior operation contract.0 
140476     DEBUG main            d.u.i.k.p.i.IntermediateProofReplayer Proof replay took 7.9ns 
140780     INFO  main            d.u.i.k.p.r.p.TestFile    ... finished proof: closed. 
141104     INFO  main            d.u.i.k.p.i.AbstractProblemLoader Loading environment from /home/runner/work/key/key/key.core/../key.ui/examples/heap/Wellfounded/ackermann.key.proof 
141104     DEBUG main            d.u.i.k.p.i.AbstractProblemLoader Environment load took 110.1ns 
141106     INFO  main            d.u.i.k.p.i.AbstractProblemLoader Creating init config 
143449     DEBUG main            d.u.i.k.p.i.AbstractProblemLoader Init config took 2.34s 
143483     INFO  main            d.u.i.k.p.i.AbstractProblemLoader Replaying proof Ackermann[Ackermann::a(int,int)].JML normal_behavior operation contract.0 
143551     DEBUG main            d.u.i.k.p.i.IntermediateProofReplayer Proof replay took 64.19ms 
143552     DEBUG main            d.u.i.k.p.r.p.TestFile    ... success: reloaded. 
143553     INFO  main            d.u.i.k.p.r.p.TestFile    Now processing file /home/runner/work/key/key/key.core/../key.ui/examples/standard_key/unicode_test.key 
143553     INFO  main            d.u.i.k.p.i.AbstractProblemLoader Loading environment from /home/runner/work/key/key/key.core/../key.ui/examples/standard_key/unicode_test.key 
143554     DEBUG main            d.u.i.k.p.i.AbstractProblemLoader Environment load took 217.41ns 
143556     INFO  main            d.u.i.k.p.i.AbstractProblemLoader Creating init config 
145861     DEBUG main            d.u.i.k.p.i.AbstractProblemLoader Init config took 2.31s 
145875     INFO  main            d.u.i.k.p.i.AbstractProblemLoader Replaying proof unicode_test.key 
145876     DEBUG main            d.u.i.k.p.i.IntermediateProofReplayer Proof replay took 8.2ns 
145978     INFO  main            d.u.i.k.p.r.p.TestFile    ... finished proof: closed. 
146248     INFO  main            d.u.i.k.p.i.AbstractProblemLoader Loading environment from /home/runner/work/key/key/key.core/../key.ui/examples/standard_key/unicode_test.key.proof 
146248     DEBUG main            d.u.i.k.p.i.AbstractProblemLoader Environment load took 108.5ns 
146249     INFO  main            d.u.i.k.p.i.AbstractProblemLoader Creating init config 
148475     DEBUG main            d.u.i.k.p.i.AbstractProblemLoader Init config took 2.23s 
148489     INFO  main            d.u.i.k.p.i.AbstractProblemLoader Replaying proof unicode_test.key.proof 
148491     DEBUG main            d.u.i.k.p.i.IntermediateProofReplayer Proof replay took 379.11ns 
148492     DEBUG main            d.u.i.k.p.r.p.TestFile    ... success: reloaded. 
148492     INFO  main            d.u.i.k.p.r.p.TestFile    Now processing file /home/runner/work/key/key/key.core/../key.ui/examples/heap/strictlyModular/mayExpand.key 
148493     INFO  main            d.u.i.k.p.i.AbstractProblemLoader Loading environment from /home/runner/work/key/key/key.core/../key.ui/examples/heap/strictlyModular/mayExpand.key 
148493     DEBUG main            d.u.i.k.p.i.AbstractProblemLoader Environment load took 201.5ns 
148494     INFO  main            d.u.i.k.p.i.AbstractProblemLoader Creating init config 
150815     DEBUG main            d.u.i.k.p.i.AbstractProblemLoader Init config took 2.32s 
150849     INFO  main            d.u.i.k.p.i.AbstractProblemLoader Replaying proof Modular[Modular::m()].JML operation contract.0 
150851     DEBUG main            d.u.i.k.p.i.IntermediateProofReplayer Proof replay took 7.1ns 
150952     INFO  main            d.u.i.k.p.r.p.TestFile    ... finished proof: closed. 
151230     INFO  main            d.u.i.k.p.i.AbstractProblemLoader Loading environment from /home/runner/work/key/key/key.core/../key.ui/examples/heap/strictlyModular/mayExpand.key.proof 
151230     DEBUG main            d.u.i.k.p.i.AbstractProblemLoader Environment load took 103ns 
151231     INFO  main            d.u.i.k.p.i.AbstractProblemLoader Creating init config 
153510     DEBUG main            d.u.i.k.p.i.AbstractProblemLoader Init config took 2.28s 
153545     INFO  main            d.u.i.k.p.i.AbstractProblemLoader Replaying proof Modular[Modular::m()].JML operation contract.0 
153562     DEBUG main            d.u.i.k.p.i.IntermediateProofReplayer Proof replay took 14.94ms 
153563     DEBUG main            d.u.i.k.p.r.p.TestFile    ... success: reloaded. 
153564     INFO  main            d.u.i.k.p.r.p.TestFile    Now processing file /home/runner/work/key/key/key.core/../key.ui/examples/heap/strictlyModular/modularOnly.key 
153564     INFO  main            d.u.i.k.p.i.AbstractProblemLoader Loading environment from /home/runner/work/key/key/key.core/../key.ui/examples/heap/strictlyModular/modularOnly.key 
153564     DEBUG main            d.u.i.k.p.i.AbstractProblemLoader Environment load took 87.7ns 
153565     INFO  main            d.u.i.k.p.i.AbstractProblemLoader Creating init config 
155937     DEBUG main            d.u.i.k.p.i.AbstractProblemLoader Init config took 2.37s 
155971     INFO  main            d.u.i.k.p.i.AbstractProblemLoader Replaying proof Modular[Modular::m()].JML operation contract.0 
155972     DEBUG main            d.u.i.k.p.i.IntermediateProofReplayer Proof replay took 7.6ns 
156075     INFO  main            d.u.i.k.p.r.p.TestFile    ... finished proof: open goal(s) 
1884576    INFO  Test worker     d.u.i.k.p.r.RunAllProofsTestUnit Returning from test simpleTests 
1884577    INFO  Test worker     d.u.i.k.p.r.RunAllProofsTestUnit Running test SmansEtAl 
390        INFO  Timeout watchdog d.u.i.k.p.r.p.ForkedTestFileRunner Timeout watcher launched (2000 secs.) 
417        WARN  main            d.u.i.k.s.ProofSettings   The settings in /home/runner/.key/proof-settings.props are *not* read. 
461        INFO  main            d.u.i.k.p.r.p.TestFile    Now processing file /home/runner/work/key/key/key.core/../key.ui/examples/heap/SmansEtAl/ArrayList_add.key 
586        INFO  main            d.u.i.k.p.i.AbstractProblemLoader Loading environment from /home/runner/work/key/key/key.core/../key.ui/examples/heap/SmansEtAl/ArrayList_add.key 
603        DEBUG main            d.u.i.k.p.i.AbstractProblemLoader Environment load took 2.74ms 
827        INFO  main            d.u.i.k.p.i.AbstractProblemLoader Creating init config 
1759       DEBUG main            d.u.i.k.j.TypeConverter   No LDT found for Meta 
1759       DEBUG main            d.u.i.k.j.TypeConverter   No LDT found for Meta 
1760       DEBUG main            d.u.i.k.j.TypeConverter   No LDT found for Meta 
1760       DEBUG main            d.u.i.k.j.TypeConverter   No LDT found for Meta 
3084       DEBUG main            d.u.i.k.j.TypeConverter   No LDT found for JavaBigintExpression 
8556       DEBUG main            d.u.i.k.p.i.AbstractProblemLoader Init config took 7.73s 
8691       INFO  main            d.u.i.k.p.i.AbstractProblemLoader Replaying proof ArrayList[ArrayList::add(java.lang.Object)].JML normal_behavior operation contract.0 
8724       DEBUG main            d.u.i.k.p.i.IntermediateProofReplayer Proof replay took 32ns 
15945      INFO  main            d.u.i.k.p.r.p.TestFile    ... finished proof: closed. 
16205      INFO  main            d.u.i.k.p.i.AbstractProblemLoader Loading environment from /home/runner/work/key/key/key.core/../key.ui/examples/heap/SmansEtAl/ArrayList_add.key.proof 
16206      DEBUG main            d.u.i.k.p.i.AbstractProblemLoader Environment load took 1.32ms 
16213      INFO  main            d.u.i.k.p.i.AbstractProblemLoader Creating init config 
19371      DEBUG main            d.u.i.k.p.i.AbstractProblemLoader Init config took 3.16s 
19431      INFO  main            d.u.i.k.p.i.AbstractProblemLoader Replaying proof ArrayList[ArrayList::add(java.lang.Object)].JML normal_behavior operation contract.0 
20670      DEBUG main            d.u.i.k.p.i.IntermediateProofReplayer Proof replay took 1.21s 
20681      DEBUG main            d.u.i.k.p.r.p.TestFile    ... success: reloaded. 
20684      INFO  main            d.u.i.k.p.r.p.TestFile    Now processing file /home/runner/work/key/key/key.core/../key.ui/examples/heap/SmansEtAl/ArrayList_ArrayList.key 
20685      INFO  main            d.u.i.k.p.i.AbstractProblemLoader Loading environment from /home/runner/work/key/key/key.core/../key.ui/examples/heap/SmansEtAl/ArrayList_ArrayList.key 
20685      DEBUG main            d.u.i.k.p.i.AbstractProblemLoader Environment load took 266.01ns 
20689      INFO  main            d.u.i.k.p.i.AbstractProblemLoader Creating init config 
23592      DEBUG main            d.u.i.k.p.i.AbstractProblemLoader Init config took 2.9s 
23649      INFO  main            d.u.i.k.p.i.AbstractProblemLoader Replaying proof ArrayList[ArrayList::ArrayList()].JML normal_behavior operation contract.0 
23652      DEBUG main            d.u.i.k.p.i.IntermediateProofReplayer Proof replay took 6.2ns 
24656      INFO  main            d.u.i.k.p.r.p.TestFile    ... finished proof: closed. 
24806      INFO  main            d.u.i.k.p.i.AbstractProblemLoader Loading environment from /home/runner/work/key/key/key.core/../key.ui/examples/heap/SmansEtAl/ArrayList_ArrayList.key.proof 
24806      DEBUG main            d.u.i.k.p.i.AbstractProblemLoader Environment load took 463.71ns 
24810      INFO  main            d.u.i.k.p.i.AbstractProblemLoader Creating init config 
27625      DEBUG main            d.u.i.k.p.i.AbstractProblemLoader Init config took 2.82s 
27705      INFO  main            d.u.i.k.p.i.AbstractProblemLoader Replaying proof ArrayList[ArrayList::ArrayList()].JML normal_behavior operation contract.0 
27885      DEBUG main            d.u.i.k.p.i.IntermediateProofReplayer Proof replay took 164.42ms 
27887      DEBUG main            d.u.i.k.p.r.p.TestFile    ... success: reloaded. 
27888      INFO  main            d.u.i.k.p.r.p.TestFile    Now processing file /home/runner/work/key/key/key.core/../key.ui/examples/heap/SmansEtAl/ArrayList_footprint.key 
27889      INFO  main            d.u.i.k.p.i.AbstractProblemLoader Loading environment from /home/runner/work/key/key/key.core/../key.ui/examples/heap/SmansEtAl/ArrayList_footprint.key 
27889      DEBUG main            d.u.i.k.p.i.AbstractProblemLoader Environment load took 250.91ns 
27890      INFO  main            d.u.i.k.p.i.AbstractProblemLoader Creating init config 
30733      DEBUG main            d.u.i.k.p.i.AbstractProblemLoader Init config took 2.84s 
30791      INFO  main            d.u.i.k.p.i.AbstractProblemLoader Replaying proof ArrayList[ArrayList::$footprint()].JML accessible clause.0 
30795      DEBUG main            d.u.i.k.p.i.IntermediateProofReplayer Proof replay took 6.8ns 
30897      INFO  main            d.u.i.k.p.r.p.TestFile    ... finished proof: closed. 
31121      INFO  main            d.u.i.k.p.i.AbstractProblemLoader Loading environment from /home/runner/work/key/key/key.core/../key.ui/examples/heap/SmansEtAl/ArrayList_footprint.key.proof 
31121      DEBUG main            d.u.i.k.p.i.AbstractProblemLoader Environment load took 131.1ns 
31122      INFO  main            d.u.i.k.p.i.AbstractProblemLoader Creating init config 
33852      DEBUG main            d.u.i.k.p.i.AbstractProblemLoader Init config took 2.73s 
33901      INFO  main            d.u.i.k.p.i.AbstractProblemLoader Replaying proof ArrayList[ArrayList::$footprint()].JML accessible clause.0 
33913      DEBUG main            d.u.i.k.p.i.IntermediateProofReplayer Proof replay took 9.93ms 
33914      DEBUG main            d.u.i.k.p.r.p.TestFile    ... success: reloaded. 
33916      INFO  main            d.u.i.k.p.r.p.TestFile    Now processing file /home/runner/work/key/key/key.core/../key.ui/examples/heap/SmansEtAl/ArrayList_get_dep.key 
33916      INFO  main            d.u.i.k.p.i.AbstractProblemLoader Loading environment from /home/runner/work/key/key/key.core/../key.ui/examples/heap/SmansEtAl/ArrayList_get_dep.key 
33917      DEBUG main            d.u.i.k.p.i.AbstractProblemLoader Environment load took 266.61ns 
33918      INFO  main            d.u.i.k.p.i.AbstractProblemLoader Creating init config 
36711      DEBUG main            d.u.i.k.p.i.AbstractProblemLoader Init config took 2.79s 
36770      INFO  main            d.u.i.k.p.i.AbstractProblemLoader Replaying proof ArrayList[ArrayList::get(int)].JML accessible clause.0 
36772      DEBUG main            d.u.i.k.p.i.IntermediateProofReplayer Proof replay took 6.2ns 
37075      INFO  main            d.u.i.k.p.r.p.TestFile    ... finished proof: closed. 
37248      INFO  main            d.u.i.k.p.i.AbstractProblemLoader Loading environment from /home/runner/work/key/key/key.core/../key.ui/examples/heap/SmansEtAl/ArrayList_get_dep.key.proof 
37248      DEBUG main            d.u.i.k.p.i.AbstractProblemLoader Environment load took 143.9ns 
37249      INFO  main            d.u.i.k.p.i.AbstractProblemLoader Creating init config 
40007      DEBUG main            d.u.i.k.p.i.AbstractProblemLoader Init config took 2.76s 
40051      INFO  main            d.u.i.k.p.i.AbstractProblemLoader Replaying proof ArrayList[ArrayList::get(int)].JML accessible clause.0 
40129      DEBUG main            d.u.i.k.p.i.IntermediateProofReplayer Proof replay took 74.66ms 
40131      DEBUG main            d.u.i.k.p.r.p.TestFile    ... success: reloaded. 
40132      INFO  main            d.u.i.k.p.r.p.TestFile    Now processing file /home/runner/work/key/key/key.core/../key.ui/examples/heap/SmansEtAl/ArrayList_get.key 
40133      INFO  main            d.u.i.k.p.i.AbstractProblemLoader Loading environment from /home/runner/work/key/key/key.core/../key.ui/examples/heap/SmansEtAl/ArrayList_get.key 
40133      DEBUG main            d.u.i.k.p.i.AbstractProblemLoader Environment load took 234.1ns 
40134      INFO  main            d.u.i.k.p.i.AbstractProblemLoader Creating init config 
42888      DEBUG main            d.u.i.k.p.i.AbstractProblemLoader Init config took 2.75s 
42934      INFO  main            d.u.i.k.p.i.AbstractProblemLoader Replaying proof ArrayList[ArrayList::get(int)].JML normal_behavior operation contract.0 
42936      DEBUG main            d.u.i.k.p.i.IntermediateProofReplayer Proof replay took 6.8ns 
43139      INFO  main            d.u.i.k.p.r.p.TestFile    ... finished proof: closed. 
43313      INFO  main            d.u.i.k.p.i.AbstractProblemLoader Loading environment from /home/runner/work/key/key/key.core/../key.ui/examples/heap/SmansEtAl/ArrayList_get.key.proof 
43313      DEBUG main            d.u.i.k.p.i.AbstractProblemLoader Environment load took 140.3ns 
43315      INFO  main            d.u.i.k.p.i.AbstractProblemLoader Creating init config 
45956      DEBUG main            d.u.i.k.p.i.AbstractProblemLoader Init config took 2.64s 
46002      INFO  main            d.u.i.k.p.i.AbstractProblemLoader Replaying proof ArrayList[ArrayList::get(int)].JML normal_behavior operation contract.0 
46035      DEBUG main            d.u.i.k.p.i.IntermediateProofReplayer Proof replay took 30.77ms 
46036      DEBUG main            d.u.i.k.p.r.p.TestFile    ... success: reloaded. 
46038      INFO  main            d.u.i.k.p.r.p.TestFile    Now processing file /home/runner/work/key/key/key.core/../key.ui/examples/heap/SmansEtAl/ArrayList_inv.key 
46038      INFO  main            d.u.i.k.p.i.AbstractProblemLoader Loading environment from /home/runner/work/key/key/key.core/../key.ui/examples/heap/SmansEtAl/ArrayList_inv.key 
46038      DEBUG main            d.u.i.k.p.i.AbstractProblemLoader Environment load took 114.4ns 
46039      INFO  main            d.u.i.k.p.i.AbstractProblemLoader Creating init config 
48755      DEBUG main            d.u.i.k.p.i.AbstractProblemLoader Init config took 2.72s 
48799      INFO  main            d.u.i.k.p.i.AbstractProblemLoader Replaying proof ArrayList[java.lang.Object::<inv>()].JML accessible clause.0 
48800      DEBUG main            d.u.i.k.p.i.IntermediateProofReplayer Proof replay took 6.8ns 
48904      INFO  main            d.u.i.k.p.r.p.TestFile    ... finished proof: closed. 
49072      INFO  main            d.u.i.k.p.i.AbstractProblemLoader Loading environment from /home/runner/work/key/key/key.core/../key.ui/examples/heap/SmansEtAl/ArrayList_inv.key.proof 
49072      DEBUG main            d.u.i.k.p.i.AbstractProblemLoader Environment load took 129.7ns 
49073      INFO  main            d.u.i.k.p.i.AbstractProblemLoader Creating init config 
51722      DEBUG main            d.u.i.k.p.i.AbstractProblemLoader Init config took 2.65s 
51766      INFO  main            d.u.i.k.p.i.AbstractProblemLoader Replaying proof ArrayList[java.lang.Object::<inv>()].JML accessible clause.0 
51779      DEBUG main            d.u.i.k.p.i.IntermediateProofReplayer Proof replay took 10.6ms 
51780      DEBUG main            d.u.i.k.p.r.p.TestFile    ... success: reloaded. 
51782      INFO  main            d.u.i.k.p.r.p.TestFile    Now processing file /home/runner/work/key/key/key.core/../key.ui/examples/heap/SmansEtAl/ArrayList_size_dep.key 
51782      INFO  main            d.u.i.k.p.i.AbstractProblemLoader Loading environment from /home/runner/work/key/key/key.core/../key.ui/examples/heap/SmansEtAl/ArrayList_size_dep.key 
51782      DEBUG main            d.u.i.k.p.i.AbstractProblemLoader Environment load took 160.1ns 
51783      INFO  main            d.u.i.k.p.i.AbstractProblemLoader Creating init config 
54446      DEBUG main            d.u.i.k.p.i.AbstractProblemLoader Init config took 2.66s 
54500      INFO  main            d.u.i.k.p.i.AbstractProblemLoader Replaying proof ArrayList[ArrayList::size()].JML accessible clause.0 
54502      DEBUG main            d.u.i.k.p.i.IntermediateProofReplayer Proof replay took 6.8ns 
54605      INFO  main            d.u.i.k.p.r.p.TestFile    ... finished proof: closed. 
54797      INFO  main            d.u.i.k.p.i.AbstractProblemLoader Loading environment from /home/runner/work/key/key/key.core/../key.ui/examples/heap/SmansEtAl/ArrayList_size_dep.key.proof 
54797      DEBUG main            d.u.i.k.p.i.AbstractProblemLoader Environment load took 127.6ns 
54798      INFO  main            d.u.i.k.p.i.AbstractProblemLoader Creating init config 
57453      DEBUG main            d.u.i.k.p.i.AbstractProblemLoader Init config took 2.66s 
57494      INFO  main            d.u.i.k.p.i.AbstractProblemLoader Replaying proof ArrayList[ArrayList::size()].JML accessible clause.0 
57513      DEBUG main            d.u.i.k.p.i.IntermediateProofReplayer Proof replay took 16.15ms 
57514      DEBUG main            d.u.i.k.p.r.p.TestFile    ... success: reloaded. 
57515      INFO  main            d.u.i.k.p.r.p.TestFile    Now processing file /home/runner/work/key/key/key.core/../key.ui/examples/heap/SmansEtAl/ArrayList_size.key 
57516      INFO  main            d.u.i.k.p.i.AbstractProblemLoader Loading environment from /home/runner/work/key/key/key.core/../key.ui/examples/heap/SmansEtAl/ArrayList_size.key 
57516      DEBUG main            d.u.i.k.p.i.AbstractProblemLoader Environment load took 261.41ns 
57517      INFO  main            d.u.i.k.p.i.AbstractProblemLoader Creating init config 
60187      DEBUG main            d.u.i.k.p.i.AbstractProblemLoader Init config took 2.67s 
60227      INFO  main            d.u.i.k.p.i.AbstractProblemLoader Replaying proof ArrayList[ArrayList::size()].JML normal_behavior operation contract.0 
60229      DEBUG main            d.u.i.k.p.i.IntermediateProofReplayer Proof replay took 7.5ns 
60332      INFO  main            d.u.i.k.p.r.p.TestFile    ... finished proof: closed. 
60522      INFO  main            d.u.i.k.p.i.AbstractProblemLoader Loading environment from /home/runner/work/key/key/key.core/../key.ui/examples/heap/SmansEtAl/ArrayList_size.key.proof 
60523      DEBUG main            d.u.i.k.p.i.AbstractProblemLoader Environment load took 130.6ns 
60524      INFO  main            d.u.i.k.p.i.AbstractProblemLoader Creating init config 
63135      DEBUG main            d.u.i.k.p.i.AbstractProblemLoader Init config took 2.61s 
63174      INFO  main            d.u.i.k.p.i.AbstractProblemLoader Replaying proof ArrayList[ArrayList::size()].JML normal_behavior operation contract.0 
63190      DEBUG main            d.u.i.k.p.i.IntermediateProofReplayer Proof replay took 14.08ms 
63192      DEBUG main            d.u.i.k.p.r.p.TestFile    ... success: reloaded. 
63193      INFO  main            d.u.i.k.p.r.p.TestFile    Now processing file /home/runner/work/key/key/key.core/../key.ui/examples/heap/SmansEtAl/Cell_Cell.key 
63193      INFO  main            d.u.i.k.p.i.AbstractProblemLoader Loading environment from /home/runner/work/key/key/key.core/../key.ui/examples/heap/SmansEtAl/Cell_Cell.key 
63194      DEBUG main            d.u.i.k.p.i.AbstractProblemLoader Environment load took 212.5ns 
63195      INFO  main            d.u.i.k.p.i.AbstractProblemLoader Creating init config 
65865      DEBUG main            d.u.i.k.p.i.AbstractProblemLoader Init config took 2.67s 
65902      INFO  main            d.u.i.k.p.i.AbstractProblemLoader Replaying proof Cell[Cell::Cell()].JML normal_behavior operation contract.0 
65904      DEBUG main            d.u.i.k.p.i.IntermediateProofReplayer Proof replay took 6.2ns 
66107      INFO  main            d.u.i.k.p.r.p.TestFile    ... finished proof: closed. 
66302      INFO  main            d.u.i.k.p.i.AbstractProblemLoader Loading environment from /home/runner/work/key/key/key.core/../key.ui/examples/heap/SmansEtAl/Cell_Cell.key.proof 
66302      DEBUG main            d.u.i.k.p.i.AbstractProblemLoader Environment load took 131.9ns 
66304      INFO  main            d.u.i.k.p.i.AbstractProblemLoader Creating init config 
68895      DEBUG main            d.u.i.k.p.i.AbstractProblemLoader Init config took 2.59s 
68932      INFO  main            d.u.i.k.p.i.AbstractProblemLoader Replaying proof Cell[Cell::Cell()].JML normal_behavior operation contract.0 
68993      DEBUG main            d.u.i.k.p.i.IntermediateProofReplayer Proof replay took 57.09ms 
68994      DEBUG main            d.u.i.k.p.r.p.TestFile    ... success: reloaded. 
68995      INFO  main            d.u.i.k.p.r.p.TestFile    Now processing file /home/runner/work/key/key/key.core/../key.ui/examples/heap/SmansEtAl/Cell_footprint.key 
68996      INFO  main            d.u.i.k.p.i.AbstractProblemLoader Loading environment from /home/runner/work/key/key/key.core/../key.ui/examples/heap/SmansEtAl/Cell_footprint.key 
68996      DEBUG main            d.u.i.k.p.i.AbstractProblemLoader Environment load took 223.1ns 
68997      INFO  main            d.u.i.k.p.i.AbstractProblemLoader Creating init config 
71702      DEBUG main            d.u.i.k.p.i.AbstractProblemLoader Init config took 2.7s 
71738      INFO  main            d.u.i.k.p.i.AbstractProblemLoader Replaying proof Cell[Cell::$footprint()].JML accessible clause.0 
71739      DEBUG main            d.u.i.k.p.i.IntermediateProofReplayer Proof replay took 7.9ns 
71845      INFO  main            d.u.i.k.p.r.p.TestFile    ... finished proof: closed. 
72037      INFO  main            d.u.i.k.p.i.AbstractProblemLoader Loading environment from /home/runner/work/key/key/key.core/../key.ui/examples/heap/SmansEtAl/Cell_footprint.key.proof 
72037      DEBUG main            d.u.i.k.p.i.AbstractProblemLoader Environment load took 126.8ns 
72038      INFO  main            d.u.i.k.p.i.AbstractProblemLoader Creating init config 
74634      DEBUG main            d.u.i.k.p.i.AbstractProblemLoader Init config took 2.6s 
74671      INFO  main            d.u.i.k.p.i.AbstractProblemLoader Replaying proof Cell[Cell::$footprint()].JML accessible clause.0 
74677      DEBUG main            d.u.i.k.p.i.IntermediateProofReplayer Proof replay took 4.24ms 
74678      DEBUG main            d.u.i.k.p.r.p.TestFile    ... success: reloaded. 
74679      INFO  main            d.u.i.k.p.r.p.TestFile    Now processing file /home/runner/work/key/key/key.core/../key.ui/examples/heap/SmansEtAl/Cell_getX_dep.key 
74679      INFO  main            d.u.i.k.p.i.AbstractProblemLoader Loading environment from /home/runner/work/key/key/key.core/../key.ui/examples/heap/SmansEtAl/Cell_getX_dep.key 
74679      DEBUG main            d.u.i.k.p.i.AbstractProblemLoader Environment load took 103.1ns 
74680      INFO  main            d.u.i.k.p.i.AbstractProblemLoader Creating init config 
77389      DEBUG main            d.u.i.k.p.i.AbstractProblemLoader Init config took 2.71s 
77425      INFO  main            d.u.i.k.p.i.AbstractProblemLoader Replaying proof Cell[Cell::getX()].JML accessible clause.0 
77426      DEBUG main            d.u.i.k.p.i.IntermediateProofReplayer Proof replay took 6.8ns 
77528      INFO  main            d.u.i.k.p.r.p.TestFile    ... finished proof: closed. 
77752      INFO  main            d.u.i.k.p.i.AbstractProblemLoader Loading environment from /home/runner/work/key/key/key.core/../key.ui/examples/heap/SmansEtAl/Cell_getX_dep.key.proof 
77752      DEBUG main            d.u.i.k.p.i.AbstractProblemLoader Environment load took 131.2ns 
77754      INFO  main            d.u.i.k.p.i.AbstractProblemLoader Creating init config 
80394      DEBUG main            d.u.i.k.p.i.AbstractProblemLoader Init config took 2.64s 
80440      INFO  main            d.u.i.k.p.i.AbstractProblemLoader Replaying proof Cell[Cell::getX()].JML accessible clause.0 
80455      DEBUG main            d.u.i.k.p.i.IntermediateProofReplayer Proof replay took 13.32ms 
80456      DEBUG main            d.u.i.k.p.r.p.TestFile    ... success: reloaded. 
80458      INFO  main            d.u.i.k.p.r.p.TestFile    Now processing file /home/runner/work/key/key/key.core/../key.ui/examples/heap/SmansEtAl/Cell_getX.key 
80458      INFO  main            d.u.i.k.p.i.AbstractProblemLoader Loading environment from /home/runner/work/key/key/key.core/../key.ui/examples/heap/SmansEtAl/Cell_getX.key 
80458      DEBUG main            d.u.i.k.p.i.AbstractProblemLoader Environment load took 84.2ns 
80459      INFO  main            d.u.i.k.p.i.AbstractProblemLoader Creating init config 
83140      DEBUG main            d.u.i.k.p.i.AbstractProblemLoader Init config took 2.68s 
83193      INFO  main            d.u.i.k.p.i.AbstractProblemLoader Replaying proof Cell[Cell::getX()].JML normal_behavior operation contract.0 
83194      DEBUG main            d.u.i.k.p.i.IntermediateProofReplayer Proof replay took 6.8ns 
83296      INFO  main            d.u.i.k.p.r.p.TestFile    ... finished proof: closed. 
83501      INFO  main            d.u.i.k.p.i.AbstractProblemLoader Loading environment from /home/runner/work/key/key/key.core/../key.ui/examples/heap/SmansEtAl/Cell_getX.key.proof 
83501      DEBUG main            d.u.i.k.p.i.AbstractProblemLoader Environment load took 128ns 
83502      INFO  main            d.u.i.k.p.i.AbstractProblemLoader Creating init config 
86076      DEBUG main            d.u.i.k.p.i.AbstractProblemLoader Init config took 2.57s 
86113      INFO  main            d.u.i.k.p.i.AbstractProblemLoader Replaying proof Cell[Cell::getX()].JML normal_behavior operation contract.0 
86129      DEBUG main            d.u.i.k.p.i.IntermediateProofReplayer Proof replay took 13.21ms 
86130      DEBUG main            d.u.i.k.p.r.p.TestFile    ... success: reloaded. 
86131      INFO  main            d.u.i.k.p.r.p.TestFile    Now processing file /home/runner/work/key/key/key.core/../key.ui/examples/heap/SmansEtAl/Cell_inv.key 
86131      INFO  main            d.u.i.k.p.i.AbstractProblemLoader Loading environment from /home/runner/work/key/key/key.core/../key.ui/examples/heap/SmansEtAl/Cell_inv.key 
86132      DEBUG main            d.u.i.k.p.i.AbstractProblemLoader Environment load took 209.2ns 
86133      INFO  main            d.u.i.k.p.i.AbstractProblemLoader Creating init config 
88794      DEBUG main            d.u.i.k.p.i.AbstractProblemLoader Init config took 2.66s 
88829      INFO  main            d.u.i.k.p.i.AbstractProblemLoader Replaying proof Cell[java.lang.Object::<inv>()].JML accessible clause.0 
88831      DEBUG main            d.u.i.k.p.i.IntermediateProofReplayer Proof replay took 6.9ns 
88933      INFO  main            d.u.i.k.p.r.p.TestFile    ... finished proof: closed. 
89141      INFO  main            d.u.i.k.p.i.AbstractProblemLoader Loading environment from /home/runner/work/key/key/key.core/../key.ui/examples/heap/SmansEtAl/Cell_inv.key.proof 
89141      DEBUG main            d.u.i.k.p.i.AbstractProblemLoader Environment load took 123.8ns 
89142      INFO  main            d.u.i.k.p.i.AbstractProblemLoader Creating init config 
91708      DEBUG main            d.u.i.k.p.i.AbstractProblemLoader Init config took 2.57s 
91750      INFO  main            d.u.i.k.p.i.AbstractProblemLoader Replaying proof Cell[java.lang.Object::<inv>()].JML accessible clause.0 
91755      DEBUG main            d.u.i.k.p.i.IntermediateProofReplayer Proof replay took 1.85ms 
91756      DEBUG main            d.u.i.k.p.r.p.TestFile    ... success: reloaded. 
91757      INFO  main            d.u.i.k.p.r.p.TestFile    Now processing file /home/runner/work/key/key/key.core/../key.ui/examples/heap/SmansEtAl/Cell_setX.key 
91757      INFO  main            d.u.i.k.p.i.AbstractProblemLoader Loading environment from /home/runner/work/key/key/key.core/../key.ui/examples/heap/SmansEtAl/Cell_setX.key 
91757      DEBUG main            d.u.i.k.p.i.AbstractProblemLoader Environment load took 98.1ns 
91758      INFO  main            d.u.i.k.p.i.AbstractProblemLoader Creating init config 
94427      DEBUG main            d.u.i.k.p.i.AbstractProblemLoader Init config took 2.67s 
94462      INFO  main            d.u.i.k.p.i.AbstractProblemLoader Replaying proof Cell[Cell::setX(int)].JML normal_behavior operation contract.0 
94463      DEBUG main            d.u.i.k.p.i.IntermediateProofReplayer Proof replay took 6.8ns 
94565      INFO  main            d.u.i.k.p.r.p.TestFile    ... finished proof: closed. 
94815      INFO  main            d.u.i.k.p.i.AbstractProblemLoader Loading environment from /home/runner/work/key/key/key.core/../key.ui/examples/heap/SmansEtAl/Cell_setX.key.proof 
94815      DEBUG main            d.u.i.k.p.i.AbstractProblemLoader Environment load took 125.4ns 
94816      INFO  main            d.u.i.k.p.i.AbstractProblemLoader Creating init config 
97387      DEBUG main            d.u.i.k.p.i.AbstractProblemLoader Init config took 2.57s 
97423      INFO  main            d.u.i.k.p.i.AbstractProblemLoader Replaying proof Cell[Cell::setX(int)].JML normal_behavior operation contract.0 
97448      DEBUG main            d.u.i.k.p.i.IntermediateProofReplayer Proof replay took 23.36ms 
97449      DEBUG main            d.u.i.k.p.r.p.TestFile    ... success: reloaded. 
97450      INFO  main            d.u.i.k.p.r.p.TestFile    Now processing file /home/runner/work/key/key/key.core/../key.ui/examples/heap/SmansEtAl/CellClient_m.key 
97450      INFO  main            d.u.i.k.p.i.AbstractProblemLoader Loading environment from /home/runner/work/key/key/key.core/../key.ui/examples/heap/SmansEtAl/CellClient_m.key 
97450      DEBUG main            d.u.i.k.p.i.AbstractProblemLoader Environment load took 97.1ns 
97451      INFO  main            d.u.i.k.p.i.AbstractProblemLoader Creating init config 
100082     DEBUG main            d.u.i.k.p.i.AbstractProblemLoader Init config took 2.63s 
100123     INFO  main            d.u.i.k.p.i.AbstractProblemLoader Replaying proof CellClient[CellClient::m()].JML operation contract.0 
100125     DEBUG main            d.u.i.k.p.i.IntermediateProofReplayer Proof replay took 7.3ns 
100628     INFO  main            d.u.i.k.p.r.p.TestFile    ... finished proof: closed. 
100872     INFO  main            d.u.i.k.p.i.AbstractProblemLoader Loading environment from /home/runner/work/key/key/key.core/../key.ui/examples/heap/SmansEtAl/CellClient_m.key.proof 
100873     DEBUG main            d.u.i.k.p.i.AbstractProblemLoader Environment load took 464.51ns 
100874     INFO  main            d.u.i.k.p.i.AbstractProblemLoader Creating init config 
103434     DEBUG main            d.u.i.k.p.i.AbstractProblemLoader Init config took 2.56s 
103468     INFO  main            d.u.i.k.p.i.AbstractProblemLoader Replaying proof CellClient[CellClient::m()].JML operation contract.0 
103578     DEBUG main            d.u.i.k.p.i.IntermediateProofReplayer Proof replay took 105.8ms 
103580     DEBUG main            d.u.i.k.p.r.p.TestFile    ... success: reloaded. 
103581     INFO  main            d.u.i.k.p.r.p.TestFile    Now processing file /home/runner/work/key/key/key.core/../key.ui/examples/heap/SmansEtAl/Iterator_footprint.key 
103581     INFO  main            d.u.i.k.p.i.AbstractProblemLoader Loading environment from /home/runner/work/key/key/key.core/../key.ui/examples/heap/SmansEtAl/Iterator_footprint.key 
103581     DEBUG main            d.u.i.k.p.i.AbstractProblemLoader Environment load took 220.41ns 
103583     INFO  main            d.u.i.k.p.i.AbstractProblemLoader Creating init config 
106222     DEBUG main            d.u.i.k.p.i.AbstractProblemLoader Init config took 2.64s 
106286     INFO  main            d.u.i.k.p.i.AbstractProblemLoader Replaying proof Iterator[Iterator::$footprint()].JML accessible clause.0 
106289     DEBUG main            d.u.i.k.p.i.IntermediateProofReplayer Proof replay took 8.2ns 
106392     INFO  main            d.u.i.k.p.r.p.TestFile    ... finished proof: closed. 
106614     INFO  main            d.u.i.k.p.i.AbstractProblemLoader Loading environment from /home/runner/work/key/key/key.core/../key.ui/examples/heap/SmansEtAl/Iterator_footprint.key.proof 
106615     DEBUG main            d.u.i.k.p.i.AbstractProblemLoader Environment load took 128.6ns 
106616     INFO  main            d.u.i.k.p.i.AbstractProblemLoader Creating init config 
109194     DEBUG main            d.u.i.k.p.i.AbstractProblemLoader Init config took 2.58s 
109231     INFO  main            d.u.i.k.p.i.AbstractProblemLoader Replaying proof Iterator[Iterator::$footprint()].JML accessible clause.0 
109245     DEBUG main            d.u.i.k.p.i.IntermediateProofReplayer Proof replay took 9.48ms 
109248     DEBUG main            d.u.i.k.p.r.p.TestFile    ... success: reloaded. 
109250     INFO  main            d.u.i.k.p.r.p.TestFile    Now processing file /home/runner/work/key/key/key.core/../key.ui/examples/heap/SmansEtAl/Iterator_hasNext_dep.key 
109250     INFO  main            d.u.i.k.p.i.AbstractProblemLoader Loading environment from /home/runner/work/key/key/key.core/../key.ui/examples/heap/SmansEtAl/Iterator_hasNext_dep.key 
109250     DEBUG main            d.u.i.k.p.i.AbstractProblemLoader Environment load took 239.81ns 
109252     INFO  main            d.u.i.k.p.i.AbstractProblemLoader Creating init config 
111921     DEBUG main            d.u.i.k.p.i.AbstractProblemLoader Init config took 2.67s 
111957     INFO  main            d.u.i.k.p.i.AbstractProblemLoader Replaying proof Iterator[Iterator::hasNext()].JML accessible clause.0 
111959     DEBUG main            d.u.i.k.p.i.IntermediateProofReplayer Proof replay took 7.3ns 
112564     INFO  main            d.u.i.k.p.r.p.TestFile    ... finished proof: closed. 
112858     INFO  main            d.u.i.k.p.i.AbstractProblemLoader Loading environment from /home/runner/work/key/key/key.core/../key.ui/examples/heap/SmansEtAl/Iterator_hasNext_dep.key.proof 
112860     DEBUG main            d.u.i.k.p.i.AbstractProblemLoader Environment load took 1.83ms 
112862     INFO  main            d.u.i.k.p.i.AbstractProblemLoader Creating init config 
115416     DEBUG main            d.u.i.k.p.i.AbstractProblemLoader Init config took 2.55s 
115452     INFO  main            d.u.i.k.p.i.AbstractProblemLoader Replaying proof Iterator[Iterator::hasNext()].JML accessible clause.0 
115555     DEBUG main            d.u.i.k.p.i.IntermediateProofReplayer Proof replay took 96.58ms 
115558     DEBUG main            d.u.i.k.p.r.p.TestFile    ... success: reloaded. 
115560     INFO  main            d.u.i.k.p.r.p.TestFile    Now processing file /home/runner/work/key/key/key.core/../key.ui/examples/heap/SmansEtAl/Iterator_hasNext.key 
115561     INFO  main            d.u.i.k.p.i.AbstractProblemLoader Loading environment from /home/runner/work/key/key/key.core/../key.ui/examples/heap/SmansEtAl/Iterator_hasNext.key 
115561     DEBUG main            d.u.i.k.p.i.AbstractProblemLoader Environment load took 222.7ns 
115562     INFO  main            d.u.i.k.p.i.AbstractProblemLoader Creating init config 
118209     DEBUG main            d.u.i.k.p.i.AbstractProblemLoader Init config took 2.65s 
118246     INFO  main            d.u.i.k.p.i.AbstractProblemLoader Replaying proof Iterator[Iterator::hasNext()].JML normal_behavior operation contract.0 
118248     DEBUG main            d.u.i.k.p.i.IntermediateProofReplayer Proof replay took 6.7ns 
118754     INFO  main            d.u.i.k.p.r.p.TestFile    ... finished proof: closed. 
118998     INFO  main            d.u.i.k.p.i.AbstractProblemLoader Loading environment from /home/runner/work/key/key/key.core/../key.ui/examples/heap/SmansEtAl/Iterator_hasNext.key.proof 
119001     DEBUG main            d.u.i.k.p.i.AbstractProblemLoader Environment load took 2.91ms 
119003     INFO  main            d.u.i.k.p.i.AbstractProblemLoader Creating init config 
121560     DEBUG main            d.u.i.k.p.i.AbstractProblemLoader Init config took 2.56s 
121596     INFO  main            d.u.i.k.p.i.AbstractProblemLoader Replaying proof Iterator[Iterator::hasNext()].JML normal_behavior operation contract.0 
121704     DEBUG main            d.u.i.k.p.i.IntermediateProofReplayer Proof replay took 101.93ms 
121705     DEBUG main            d.u.i.k.p.r.p.TestFile    ... success: reloaded. 
121706     INFO  main            d.u.i.k.p.r.p.TestFile    Now processing file /home/runner/work/key/key/key.core/../key.ui/examples/heap/SmansEtAl/Iterator_inv.key 
121707     INFO  main            d.u.i.k.p.i.AbstractProblemLoader Loading environment from /home/runner/work/key/key/key.core/../key.ui/examples/heap/SmansEtAl/Iterator_inv.key 
121707     DEBUG main            d.u.i.k.p.i.AbstractProblemLoader Environment load took 245.71ns 
121708     INFO  main            d.u.i.k.p.i.AbstractProblemLoader Creating init config 
124337     DEBUG main            d.u.i.k.p.i.AbstractProblemLoader Init config took 2.63s 
124372     INFO  main            d.u.i.k.p.i.AbstractProblemLoader Replaying proof Iterator[java.lang.Object::<inv>()].JML accessible clause.0 
124374     DEBUG main            d.u.i.k.p.i.IntermediateProofReplayer Proof replay took 6.5ns 
124578     INFO  main            d.u.i.k.p.r.p.TestFile    ... finished proof: closed. 
124832     INFO  main            d.u.i.k.p.i.AbstractProblemLoader Loading environment from /home/runner/work/key/key/key.core/../key.ui/examples/heap/SmansEtAl/Iterator_inv.key.proof 
124832     DEBUG main            d.u.i.k.p.i.AbstractProblemLoader Environment load took 162.2ns 
124835     INFO  main            d.u.i.k.p.i.AbstractProblemLoader Creating init config 
127398     DEBUG main            d.u.i.k.p.i.AbstractProblemLoader Init config took 2.56s 
127435     INFO  main            d.u.i.k.p.i.AbstractProblemLoader Replaying proof Iterator[java.lang.Object::<inv>()].JML accessible clause.0 
127468     DEBUG main            d.u.i.k.p.i.IntermediateProofReplayer Proof replay took 30.8ms 
127473     DEBUG main            d.u.i.k.p.r.p.TestFile    ... success: reloaded. 
127474     INFO  main            d.u.i.k.p.r.p.TestFile    Now processing file /home/runner/work/key/key/key.core/../key.ui/examples/heap/SmansEtAl/Iterator_Iterator.key 
127476     INFO  main            d.u.i.k.p.i.AbstractProblemLoader Loading environment from /home/runner/work/key/key/key.core/../key.ui/examples/heap/SmansEtAl/Iterator_Iterator.key 
127476     DEBUG main            d.u.i.k.p.i.AbstractProblemLoader Environment load took 233.71ns 
127477     INFO  main            d.u.i.k.p.i.AbstractProblemLoader Creating init config 
130099     DEBUG main            d.u.i.k.p.i.AbstractProblemLoader Init config took 2.62s 
130136     INFO  main            d.u.i.k.p.i.AbstractProblemLoader Replaying proof Iterator[Iterator::Iterator(ArrayList)].JML normal_behavior operation contract.0 
130138     DEBUG main            d.u.i.k.p.i.IntermediateProofReplayer Proof replay took 6.6ns 
131445     INFO  main            d.u.i.k.p.r.p.TestFile    ... finished proof: closed. 
131725     INFO  main            d.u.i.k.p.i.AbstractProblemLoader Loading environment from /home/runner/work/key/key/key.core/../key.ui/examples/heap/SmansEtAl/Iterator_Iterator.key.proof 
131725     DEBUG main            d.u.i.k.p.i.AbstractProblemLoader Environment load took 456.81ns 
131727     INFO  main            d.u.i.k.p.i.AbstractProblemLoader Creating init config 
134271     DEBUG main            d.u.i.k.p.i.AbstractProblemLoader Init config took 2.54s 
134307     INFO  main            d.u.i.k.p.i.AbstractProblemLoader Replaying proof Iterator[Iterator::Iterator(ArrayList)].JML normal_behavior operation contract.0 
134502     DEBUG main            d.u.i.k.p.i.IntermediateProofReplayer Proof replay took 182ms 
134504     DEBUG main            d.u.i.k.p.r.p.TestFile    ... success: reloaded. 
134505     INFO  main            d.u.i.k.p.r.p.TestFile    Now processing file /home/runner/work/key/key/key.core/../key.ui/examples/heap/SmansEtAl/Iterator_list_dep.key 
134505     INFO  main            d.u.i.k.p.i.AbstractProblemLoader Loading environment from /home/runner/work/key/key/key.core/../key.ui/examples/heap/SmansEtAl/Iterator_list_dep.key 
134506     DEBUG main            d.u.i.k.p.i.AbstractProblemLoader Environment load took 213.3ns 
134507     INFO  main            d.u.i.k.p.i.AbstractProblemLoader Creating init config 
137146     DEBUG main            d.u.i.k.p.i.AbstractProblemLoader Init config took 2.64s 
137183     INFO  main            d.u.i.k.p.i.AbstractProblemLoader Replaying proof Iterator[Iterator::list()].JML accessible clause.0 
137184     DEBUG main            d.u.i.k.p.i.IntermediateProofReplayer Proof replay took 6.8ns 
137286     INFO  main            d.u.i.k.p.r.p.TestFile    ... finished proof: closed. 
137554     INFO  main            d.u.i.k.p.i.AbstractProblemLoader Loading environment from /home/runner/work/key/key/key.core/../key.ui/examples/heap/SmansEtAl/Iterator_list_dep.key.proof 
137554     DEBUG main            d.u.i.k.p.i.AbstractProblemLoader Environment load took 119.4ns 
137555     INFO  main            d.u.i.k.p.i.AbstractProblemLoader Creating init config 
140125     DEBUG main            d.u.i.k.p.i.AbstractProblemLoader Init config took 2.57s 
140160     INFO  main            d.u.i.k.p.i.AbstractProblemLoader Replaying proof Iterator[Iterator::list()].JML accessible clause.0 
140181     DEBUG main            d.u.i.k.p.i.IntermediateProofReplayer Proof replay took 18.29ms 
140182     DEBUG main            d.u.i.k.p.r.p.TestFile    ... success: reloaded. 
140183     INFO  main            d.u.i.k.p.r.p.TestFile    Now processing file /home/runner/work/key/key/key.core/../key.ui/examples/heap/SmansEtAl/Iterator_list.key 
140183     INFO  main            d.u.i.k.p.i.AbstractProblemLoader Loading environment from /home/runner/work/key/key/key.core/../key.ui/examples/heap/SmansEtAl/Iterator_list.key 
140184     DEBUG main            d.u.i.k.p.i.AbstractProblemLoader Environment load took 100.7ns 
140184     INFO  main            d.u.i.k.p.i.AbstractProblemLoader Creating init config 
142769     DEBUG main            d.u.i.k.p.i.AbstractProblemLoader Init config took 2.58s 
142806     INFO  main            d.u.i.k.p.i.AbstractProblemLoader Replaying proof Iterator[Iterator::list()].JML normal_behavior operation contract.0 
142807     DEBUG main            d.u.i.k.p.i.IntermediateProofReplayer Proof replay took 6.7ns 
142909     INFO  main            d.u.i.k.p.r.p.TestFile    ... finished proof: closed. 
143172     INFO  main            d.u.i.k.p.i.AbstractProblemLoader Loading environment from /home/runner/work/key/key/key.core/../key.ui/examples/heap/SmansEtAl/Iterator_list.key.proof 
143172     DEBUG main            d.u.i.k.p.i.AbstractProblemLoader Environment load took 119ns 
143173     INFO  main            d.u.i.k.p.i.AbstractProblemLoader Creating init config 
145708     DEBUG main            d.u.i.k.p.i.AbstractProblemLoader Init config took 2.53s 
145744     INFO  main            d.u.i.k.p.i.AbstractProblemLoader Replaying proof Iterator[Iterator::list()].JML normal_behavior operation contract.0 
145761     DEBUG main            d.u.i.k.p.i.IntermediateProofReplayer Proof replay took 14.89ms 
145762     DEBUG main            d.u.i.k.p.r.p.TestFile    ... success: reloaded. 
145763     INFO  main            d.u.i.k.p.r.p.TestFile    Now processing file /home/runner/work/key/key/key.core/../key.ui/examples/heap/SmansEtAl/Iterator_next.key 
145763     INFO  main            d.u.i.k.p.i.AbstractProblemLoader Loading environment from /home/runner/work/key/key/key.core/../key.ui/examples/heap/SmansEtAl/Iterator_next.key 
145764     DEBUG main            d.u.i.k.p.i.AbstractProblemLoader Environment load took 97.9ns 
145764     INFO  main            d.u.i.k.p.i.AbstractProblemLoader Creating init config 
148374     DEBUG main            d.u.i.k.p.i.AbstractProblemLoader Init config took 2.61s 
148411     INFO  main            d.u.i.k.p.i.AbstractProblemLoader Replaying proof Iterator[Iterator::next()].JML normal_behavior operation contract.0 
148412     DEBUG main            d.u.i.k.p.i.IntermediateProofReplayer Proof replay took 6.8ns 
151050     INFO  main            d.u.i.k.p.r.p.TestFile    ... finished proof: closed. 
151342     INFO  main            d.u.i.k.p.i.AbstractProblemLoader Loading environment from /home/runner/work/key/key/key.core/../key.ui/examples/heap/SmansEtAl/Iterator_next.key.proof 
151342     DEBUG main            d.u.i.k.p.i.AbstractProblemLoader Environment load took 460.31ns 
151345     INFO  main            d.u.i.k.p.i.AbstractProblemLoader Creating init config 
153863     DEBUG main            d.u.i.k.p.i.AbstractProblemLoader Init config took 2.52s 
153899     INFO  main            d.u.i.k.p.i.AbstractProblemLoader Replaying proof Iterator[Iterator::next()].JML normal_behavior operation contract.0 
154197     DEBUG main            d.u.i.k.p.i.IntermediateProofReplayer Proof replay took 281.09ms 
154199     DEBUG main            d.u.i.k.p.r.p.TestFile    ... success: reloaded. 
154200     INFO  main            d.u.i.k.p.r.p.TestFile    Now processing file /home/runner/work/key/key/key.core/../key.ui/examples/heap/SmansEtAl/Stack_footprint.key 
154201     INFO  main            d.u.i.k.p.i.AbstractProblemLoader Loading environment from /home/runner/work/key/key/key.core/../key.ui/examples/heap/SmansEtAl/Stack_footprint.key 
154201     DEBUG main            d.u.i.k.p.i.AbstractProblemLoader Environment load took 207.31ns 
154202     INFO  main            d.u.i.k.p.i.AbstractProblemLoader Creating init config 
156796     DEBUG main            d.u.i.k.p.i.AbstractProblemLoader Init config took 2.59s 
156830     INFO  main            d.u.i.k.p.i.AbstractProblemLoader Replaying proof Stack[Stack::$footprint()].JML accessible clause.0 
156832     DEBUG main            d.u.i.k.p.i.IntermediateProofReplayer Proof replay took 6.5ns 
157037     INFO  main            d.u.i.k.p.r.p.TestFile    ... finished proof: closed. 
157327     INFO  main            d.u.i.k.p.i.AbstractProblemLoader Loading environment from /home/runner/work/key/key/key.core/../key.ui/examples/heap/SmansEtAl/Stack_footprint.key.proof 
157327     DEBUG main            d.u.i.k.p.i.AbstractProblemLoader Environment load took 117.7ns 
157329     INFO  main            d.u.i.k.p.i.AbstractProblemLoader Creating init config 
159865     DEBUG main            d.u.i.k.p.i.AbstractProblemLoader Init config took 2.54s 
159900     INFO  main            d.u.i.k.p.i.AbstractProblemLoader Replaying proof Stack[Stack::$footprint()].JML accessible clause.0 
159933     DEBUG main            d.u.i.k.p.i.IntermediateProofReplayer Proof replay took 30.66ms 
159934     DEBUG main            d.u.i.k.p.r.p.TestFile    ... success: reloaded. 
159937     INFO  main            d.u.i.k.p.r.p.TestFile    Now processing file /home/runner/work/key/key/key.core/../key.ui/examples/heap/SmansEtAl/Stack_inv.key 
159937     INFO  main            d.u.i.k.p.i.AbstractProblemLoader Loading environment from /home/runner/work/key/key/key.core/../key.ui/examples/heap/SmansEtAl/Stack_inv.key 
159937     DEBUG main            d.u.i.k.p.i.AbstractProblemLoader Environment load took 105.5ns 
159938     INFO  main            d.u.i.k.p.i.AbstractProblemLoader Creating init config 
162549     DEBUG main            d.u.i.k.p.i.AbstractProblemLoader Init config took 2.61s 
162583     INFO  main            d.u.i.k.p.i.AbstractProblemLoader Replaying proof Stack[java.lang.Object::<inv>()].JML accessible clause.0 
162585     DEBUG main            d.u.i.k.p.i.IntermediateProofReplayer Proof replay took 6.6ns 
162687     INFO  main            d.u.i.k.p.r.p.TestFile    ... finished proof: closed. 
162967     INFO  main            d.u.i.k.p.i.AbstractProblemLoader Loading environment from /home/runner/work/key/key/key.core/../key.ui/examples/heap/SmansEtAl/Stack_inv.key.proof 
162967     DEBUG main            d.u.i.k.p.i.AbstractProblemLoader Environment load took 126.4ns 
162968     INFO  main            d.u.i.k.p.i.AbstractProblemLoader Creating init config 
165485     DEBUG main            d.u.i.k.p.i.AbstractProblemLoader Init config took 2.52s 
165520     INFO  main            d.u.i.k.p.i.AbstractProblemLoader Replaying proof Stack[java.lang.Object::<inv>()].JML accessible clause.0 
165537     DEBUG main            d.u.i.k.p.i.IntermediateProofReplayer Proof replay took 11.11ms 
165538     DEBUG main            d.u.i.k.p.r.p.TestFile    ... success: reloaded. 
165539     INFO  main            d.u.i.k.p.r.p.TestFile    Now processing file /home/runner/work/key/key/key.core/../key.ui/examples/heap/SmansEtAl/Stack_push.key 
165540     INFO  main            d.u.i.k.p.i.AbstractProblemLoader Loading environment from /home/runner/work/key/key/key.core/../key.ui/examples/heap/SmansEtAl/Stack_push.key 
165540     DEBUG main            d.u.i.k.p.i.AbstractProblemLoader Environment load took 340.41ns 
165541     INFO  main            d.u.i.k.p.i.AbstractProblemLoader Creating init config 
168123     DEBUG main            d.u.i.k.p.i.AbstractProblemLoader Init config took 2.58s 
168158     INFO  main            d.u.i.k.p.i.AbstractProblemLoader Replaying proof Stack[Stack::push(java.lang.Object)].JML normal_behavior operation contract.0 
168160     DEBUG main            d.u.i.k.p.i.IntermediateProofReplayer Proof replay took 7.7ns 
168872     INFO  main            d.u.i.k.p.r.p.TestFile    ... finished proof: closed. 
169159     INFO  main            d.u.i.k.p.i.AbstractProblemLoader Loading environment from /home/runner/work/key/key/key.core/../key.ui/examples/heap/SmansEtAl/Stack_push.key.proof 
169159     DEBUG main            d.u.i.k.p.i.AbstractProblemLoader Environment load took 532.31ns 
169161     INFO  main            d.u.i.k.p.i.AbstractProblemLoader Creating init config 
171704     DEBUG main            d.u.i.k.p.i.AbstractProblemLoader Init config took 2.54s 
171739     INFO  main            d.u.i.k.p.i.AbstractProblemLoader Replaying proof Stack[Stack::push(java.lang.Object)].JML normal_behavior operation contract.0 
171862     DEBUG main            d.u.i.k.p.i.IntermediateProofReplayer Proof replay took 117.85ms 
171863     DEBUG main            d.u.i.k.p.r.p.TestFile    ... success: reloaded. 
171864     INFO  main            d.u.i.k.p.r.p.TestFile    Now processing file /home/runner/work/key/key/key.core/../key.ui/examples/heap/SmansEtAl/Stack_size.key 
171865     INFO  main            d.u.i.k.p.i.AbstractProblemLoader Loading environment from /home/runner/work/key/key/key.core/../key.ui/examples/heap/SmansEtAl/Stack_size.key 
171865     DEBUG main            d.u.i.k.p.i.AbstractProblemLoader Environment load took 298.31ns 
171866     INFO  main            d.u.i.k.p.i.AbstractProblemLoader Creating init config 
174479     DEBUG main            d.u.i.k.p.i.AbstractProblemLoader Init config took 2.61s 
174513     INFO  main            d.u.i.k.p.i.AbstractProblemLoader Replaying proof Stack[Stack::size()].JML accessible clause.0 
174514     DEBUG main            d.u.i.k.p.i.IntermediateProofReplayer Proof replay took 6.8ns 
174716     INFO  main            d.u.i.k.p.r.p.TestFile    ... finished proof: closed. 
175005     INFO  main            d.u.i.k.p.i.AbstractProblemLoader Loading environment from /home/runner/work/key/key/key.core/../key.ui/examples/heap/SmansEtAl/Stack_size.key.proof 
175005     DEBUG main            d.u.i.k.p.i.AbstractProblemLoader Environment load took 107.6ns 
175006     INFO  main            d.u.i.k.p.i.AbstractProblemLoader Creating init config 
177534     DEBUG main            d.u.i.k.p.i.AbstractProblemLoader Init config took 2.53s 
177568     INFO  main            d.u.i.k.p.i.AbstractProblemLoader Replaying proof Stack[Stack::size()].JML accessible clause.0 
177616     DEBUG main            d.u.i.k.p.i.IntermediateProofReplayer Proof replay took 44.3ms 
177617     DEBUG main            d.u.i.k.p.r.p.TestFile    ... success: reloaded. 
177618     INFO  main            d.u.i.k.p.r.p.TestFile    Now processing file /home/runner/work/key/key/key.core/../key.ui/examples/heap/SmansEtAl/Stack_Stack.key 
177618     INFO  main            d.u.i.k.p.i.AbstractProblemLoader Loading environment from /home/runner/work/key/key/key.core/../key.ui/examples/heap/SmansEtAl/Stack_Stack.key 
177618     DEBUG main            d.u.i.k.p.i.AbstractProblemLoader Environment load took 137.6ns 
177619     INFO  main            d.u.i.k.p.i.AbstractProblemLoader Creating init config 
180258     DEBUG main            d.u.i.k.p.i.AbstractProblemLoader Init config took 2.64s 
180294     INFO  main            d.u.i.k.p.i.AbstractProblemLoader Replaying proof Stack[Stack::Stack()].JML normal_behavior operation contract.0 
180296     DEBUG main            d.u.i.k.p.i.IntermediateProofReplayer Proof replay took 7.5ns 
181301     INFO  main            d.u.i.k.p.r.p.TestFile    ... finished proof: closed. 
181623     INFO  main            d.u.i.k.p.i.AbstractProblemLoader Loading environment from /home/runner/work/key/key/key.core/../key.ui/examples/heap/SmansEtAl/Stack_Stack.key.proof 
181623     DEBUG main            d.u.i.k.p.i.AbstractProblemLoader Environment load took 423.21ns 
181624     INFO  main            d.u.i.k.p.i.AbstractProblemLoader Creating init config 
184151     DEBUG main            d.u.i.k.p.i.AbstractProblemLoader Init config took 2.53s 
184199     INFO  main            d.u.i.k.p.i.AbstractProblemLoader Replaying proof Stack[Stack::Stack()].JML normal_behavior operation contract.0 
184387     DEBUG main            d.u.i.k.p.i.IntermediateProofReplayer Proof replay took 181.36ms 
184389     DEBUG main            d.u.i.k.p.r.p.TestFile    ... success: reloaded. 
184389     INFO  main            d.u.i.k.p.r.p.TestFile    Now processing file /home/runner/work/key/key/key.core/../key.ui/examples/heap/SmansEtAl/Stack_switchContents.key 
184390     INFO  main            d.u.i.k.p.i.AbstractProblemLoader Loading environment from /home/runner/work/key/key/key.core/../key.ui/examples/heap/SmansEtAl/Stack_switchContents.key 
184390     DEBUG main            d.u.i.k.p.i.AbstractProblemLoader Environment load took 59.8ns 
184391     INFO  main            d.u.i.k.p.i.AbstractProblemLoader Creating init config 
186973     DEBUG main            d.u.i.k.p.i.AbstractProblemLoader Init config took 2.58s 
187009     INFO  main            d.u.i.k.p.i.AbstractProblemLoader Replaying proof Stack[Stack::switchContents(Stack)].JML normal_behavior operation contract.0 
187010     DEBUG main            d.u.i.k.p.i.IntermediateProofReplayer Proof replay took 6.8ns 
191524     INFO  main            d.u.i.k.p.r.p.TestFile    ... finished proof: closed. 
191861     INFO  main            d.u.i.k.p.i.AbstractProblemLoader Loading environment from /home/runner/work/key/key/key.core/../key.ui/examples/heap/SmansEtAl/Stack_switchContents.key.proof 
191861     DEBUG main            d.u.i.k.p.i.AbstractProblemLoader Environment load took 196ns 
191863     INFO  main            d.u.i.k.p.i.AbstractProblemLoader Creating init config 
194405     DEBUG main            d.u.i.k.p.i.AbstractProblemLoader Init config took 2.54s 
194441     INFO  main            d.u.i.k.p.i.AbstractProblemLoader Replaying proof Stack[Stack::switchContents(Stack)].JML normal_behavior operation contract.0 
194912     DEBUG main            d.u.i.k.p.i.IntermediateProofReplayer Proof replay took 455.45ms 
194914     DEBUG main            d.u.i.k.p.r.p.TestFile    ... success: reloaded. 
2079670    INFO  Test worker     d.u.i.k.p.r.RunAllProofsTestUnit Returning from test SmansEtAl 
2079671    INFO  Test worker     d.u.i.k.p.r.RunAllProofsTestUnit Running test VACID0 
369        INFO  Timeout watchdog d.u.i.k.p.r.p.ForkedTestFileRunner Timeout watcher launched (2000 secs.) 
375        WARN  main            d.u.i.k.s.ProofSettings   The settings in /home/runner/.key/proof-settings.props are *not* read. 
404        INFO  main            d.u.i.k.p.r.p.TestFile    Now processing file /home/runner/work/key/key/key.core/../key.ui/examples/heap/vacid0_01_SparseArray/Harness_sparseArrayTestHarness1.key 
519        INFO  main            d.u.i.k.p.i.AbstractProblemLoader Loading environment from /home/runner/work/key/key/key.core/../key.ui/examples/heap/vacid0_01_SparseArray/Harness_sparseArrayTestHarness1.key 
536        DEBUG main            d.u.i.k.p.i.AbstractProblemLoader Environment load took 2.32ms 
758        INFO  main            d.u.i.k.p.i.AbstractProblemLoader Creating init config 
1630       DEBUG main            d.u.i.k.j.TypeConverter   No LDT found for Meta 
1631       DEBUG main            d.u.i.k.j.TypeConverter   No LDT found for Meta 
1631       DEBUG main            d.u.i.k.j.TypeConverter   No LDT found for Meta 
1632       DEBUG main            d.u.i.k.j.TypeConverter   No LDT found for Meta 
3129       DEBUG main            d.u.i.k.j.TypeConverter   No LDT found for JavaBigintExpression 
8283       DEBUG main            d.u.i.k.p.i.AbstractProblemLoader Init config took 7.52s 
8476       INFO  main            d.u.i.k.p.i.AbstractProblemLoader Replaying proof Harness[Harness::sparseArrayTestHarness1()].JML normal_behavior operation contract.0 
8513       DEBUG main            d.u.i.k.p.i.IntermediateProofReplayer Proof replay took 38.8ns 
9993       INFO  main            d.u.i.k.p.r.p.TestFile    ... finished proof: closed. 
10132      INFO  main            d.u.i.k.p.i.AbstractProblemLoader Loading environment from /home/runner/work/key/key/key.core/../key.ui/examples/heap/vacid0_01_SparseArray/Harness_sparseArrayTestHarness1.key.proof 
10132      DEBUG main            d.u.i.k.p.i.AbstractProblemLoader Environment load took 179.7ns 
10134      INFO  main            d.u.i.k.p.i.AbstractProblemLoader Creating init config 
13170      DEBUG main            d.u.i.k.p.i.AbstractProblemLoader Init config took 3.04s 
13245      INFO  main            d.u.i.k.p.i.AbstractProblemLoader Replaying proof Harness[Harness::sparseArrayTestHarness1()].JML normal_behavior operation contract.0 
13458      DEBUG main            d.u.i.k.p.i.IntermediateProofReplayer Proof replay took 204.39ms 
13466      DEBUG main            d.u.i.k.p.r.p.TestFile    ... success: reloaded. 
13467      INFO  main            d.u.i.k.p.r.p.TestFile    Now processing file /home/runner/work/key/key/key.core/../key.ui/examples/heap/vacid0_01_SparseArray/Harness_sparseArrayTestHarness2.key 
13468      INFO  main            d.u.i.k.p.i.AbstractProblemLoader Loading environment from /home/runner/work/key/key/key.core/../key.ui/examples/heap/vacid0_01_SparseArray/Harness_sparseArrayTestHarness2.key 
13468      DEBUG main            d.u.i.k.p.i.AbstractProblemLoader Environment load took 268.4ns 
13470      INFO  main            d.u.i.k.p.i.AbstractProblemLoader Creating init config 
16257      DEBUG main            d.u.i.k.p.i.AbstractProblemLoader Init config took 2.79s 
16314      INFO  main            d.u.i.k.p.i.AbstractProblemLoader Replaying proof Harness[Harness::sparseArrayTestHarness2()].JML normal_behavior operation contract.0 
16317      DEBUG main            d.u.i.k.p.i.IntermediateProofReplayer Proof replay took 7.2ns 
26043      INFO  main            d.u.i.k.p.r.p.TestFile    ... finished proof: closed. 
26262      INFO  main            d.u.i.k.p.i.AbstractProblemLoader Loading environment from /home/runner/work/key/key/key.core/../key.ui/examples/heap/vacid0_01_SparseArray/Harness_sparseArrayTestHarness2.key.proof 
26263      DEBUG main            d.u.i.k.p.i.AbstractProblemLoader Environment load took 500.21ns 
26273      INFO  main            d.u.i.k.p.i.AbstractProblemLoader Creating init config 
28976      DEBUG main            d.u.i.k.p.i.AbstractProblemLoader Init config took 2.7s 
29026      INFO  main            d.u.i.k.p.i.AbstractProblemLoader Replaying proof Harness[Harness::sparseArrayTestHarness2()].JML normal_behavior operation contract.0 
30228      DEBUG main            d.u.i.k.p.i.IntermediateProofReplayer Proof replay took 1.16s 
30231      DEBUG main            d.u.i.k.p.r.p.TestFile    ... success: reloaded. 
30233      INFO  main            d.u.i.k.p.r.p.TestFile    Now processing file /home/runner/work/key/key/key.core/../key.ui/examples/heap/vacid0_01_SparseArray/MemoryAllocator_alloc_unsigned.key 
30233      INFO  main            d.u.i.k.p.i.AbstractProblemLoader Loading environment from /home/runner/work/key/key/key.core/../key.ui/examples/heap/vacid0_01_SparseArray/MemoryAllocator_alloc_unsigned.key 
30234      DEBUG main            d.u.i.k.p.i.AbstractProblemLoader Environment load took 257.2ns 
30235      INFO  main            d.u.i.k.p.i.AbstractProblemLoader Creating init config 
33014      DEBUG main            d.u.i.k.p.i.AbstractProblemLoader Init config took 2.78s 
33070      INFO  main            d.u.i.k.p.i.AbstractProblemLoader Replaying proof MemoryAllocator[MemoryAllocator::alloc_unsigned(int)].JML normal_behavior operation contract.0 
33073      DEBUG main            d.u.i.k.p.i.IntermediateProofReplayer Proof replay took 17.3ns 
34098      INFO  main            d.u.i.k.p.r.p.TestFile    ... finished proof: closed. 
34309      INFO  main            d.u.i.k.p.i.AbstractProblemLoader Loading environment from /home/runner/work/key/key/key.core/../key.ui/examples/heap/vacid0_01_SparseArray/MemoryAllocator_alloc_unsigned.key.proof 
34309      DEBUG main            d.u.i.k.p.i.AbstractProblemLoader Environment load took 478.11ns 
34313      INFO  main            d.u.i.k.p.i.AbstractProblemLoader Creating init config 
36927      DEBUG main            d.u.i.k.p.i.AbstractProblemLoader Init config took 2.61s 
36971      INFO  main            d.u.i.k.p.i.AbstractProblemLoader Replaying proof MemoryAllocator[MemoryAllocator::alloc_unsigned(int)].JML normal_behavior operation contract.0 
37199      DEBUG main            d.u.i.k.p.i.IntermediateProofReplayer Proof replay took 222.1ms 
37201      DEBUG main            d.u.i.k.p.r.p.TestFile    ... success: reloaded. 
37202      INFO  main            d.u.i.k.p.r.p.TestFile    Now processing file /home/runner/work/key/key/key.core/../key.ui/examples/heap/vacid0_01_SparseArray/MemoryAllocator_alloc.key 
37203      INFO  main            d.u.i.k.p.i.AbstractProblemLoader Loading environment from /home/runner/work/key/key/key.core/../key.ui/examples/heap/vacid0_01_SparseArray/MemoryAllocator_alloc.key 
37203      DEBUG main            d.u.i.k.p.i.AbstractProblemLoader Environment load took 223.1ns 
37204      INFO  main            d.u.i.k.p.i.AbstractProblemLoader Creating init config 
39873      DEBUG main            d.u.i.k.p.i.AbstractProblemLoader Init config took 2.67s 
39922      INFO  main            d.u.i.k.p.i.AbstractProblemLoader Replaying proof MemoryAllocator[MemoryAllocator::alloc(int)].JML normal_behavior operation contract.0 
39925      DEBUG main            d.u.i.k.p.i.IntermediateProofReplayer Proof replay took 7.3ns 
40530      INFO  main            d.u.i.k.p.r.p.TestFile    ... finished proof: closed. 
40706      INFO  main            d.u.i.k.p.i.AbstractProblemLoader Loading environment from /home/runner/work/key/key/key.core/../key.ui/examples/heap/vacid0_01_SparseArray/MemoryAllocator_alloc.key.proof 
40707      DEBUG main            d.u.i.k.p.i.AbstractProblemLoader Environment load took 657.41ns 
40709      INFO  main            d.u.i.k.p.i.AbstractProblemLoader Creating init config 
43281      DEBUG main            d.u.i.k.p.i.AbstractProblemLoader Init config took 2.57s 
43323      INFO  main            d.u.i.k.p.i.AbstractProblemLoader Replaying proof MemoryAllocator[MemoryAllocator::alloc(int)].JML normal_behavior operation contract.0 
43459      DEBUG main            d.u.i.k.p.i.IntermediateProofReplayer Proof replay took 131.76ms 
43461      DEBUG main            d.u.i.k.p.r.p.TestFile    ... success: reloaded. 
43462      INFO  main            d.u.i.k.p.r.p.TestFile    Now processing file /home/runner/work/key/key/key.core/../key.ui/examples/heap/vacid0_01_SparseArray/SparseArray_get_dep.key 
43462      INFO  main            d.u.i.k.p.i.AbstractProblemLoader Loading environment from /home/runner/work/key/key/key.core/../key.ui/examples/heap/vacid0_01_SparseArray/SparseArray_get_dep.key 
43463      DEBUG main            d.u.i.k.p.i.AbstractProblemLoader Environment load took 211.7ns 
43464      INFO  main            d.u.i.k.p.i.AbstractProblemLoader Creating init config 
46089      DEBUG main            d.u.i.k.p.i.AbstractProblemLoader Init config took 2.62s 
46151      INFO  main            d.u.i.k.p.i.AbstractProblemLoader Replaying proof SparseArray[SparseArray::get(int)].JML accessible clause.0 
46153      DEBUG main            d.u.i.k.p.i.IntermediateProofReplayer Proof replay took 7.8ns 
49167      INFO  main            d.u.i.k.p.r.p.TestFile    ... finished proof: closed. 
49359      INFO  main            d.u.i.k.p.i.AbstractProblemLoader Loading environment from /home/runner/work/key/key/key.core/../key.ui/examples/heap/vacid0_01_SparseArray/SparseArray_get_dep.key.proof 
49360      DEBUG main            d.u.i.k.p.i.AbstractProblemLoader Environment load took 503.11ns 
49362      INFO  main            d.u.i.k.p.i.AbstractProblemLoader Creating init config 
51957      DEBUG main            d.u.i.k.p.i.AbstractProblemLoader Init config took 2.6s 
52026      INFO  main            d.u.i.k.p.i.AbstractProblemLoader Replaying proof SparseArray[SparseArray::get(int)].JML accessible clause.0 
52369      DEBUG main            d.u.i.k.p.i.IntermediateProofReplayer Proof replay took 328.33ms 
52370      DEBUG main            d.u.i.k.p.r.p.TestFile    ... success: reloaded. 
52372      INFO  main            d.u.i.k.p.r.p.TestFile    Now processing file /home/runner/work/key/key/key.core/../key.ui/examples/heap/vacid0_01_SparseArray/SparseArray_get.key 
52372      INFO  main            d.u.i.k.p.i.AbstractProblemLoader Loading environment from /home/runner/work/key/key/key.core/../key.ui/examples/heap/vacid0_01_SparseArray/SparseArray_get.key 
52373      DEBUG main            d.u.i.k.p.i.AbstractProblemLoader Environment load took 243.31ns 
52373      INFO  main            d.u.i.k.p.i.AbstractProblemLoader Creating init config 
54941      DEBUG main            d.u.i.k.p.i.AbstractProblemLoader Init config took 2.57s 
55020      INFO  main            d.u.i.k.p.i.AbstractProblemLoader Replaying proof SparseArray[SparseArray::get(int)].JML normal_behavior operation contract.0 
55022      DEBUG main            d.u.i.k.p.i.IntermediateProofReplayer Proof replay took 8.2ns 
57250      INFO  main            d.u.i.k.p.r.p.TestFile    ... finished proof: closed. 
57504      INFO  main            d.u.i.k.p.i.AbstractProblemLoader Loading environment from /home/runner/work/key/key/key.core/../key.ui/examples/heap/vacid0_01_SparseArray/SparseArray_get.key.proof 
57505      DEBUG main            d.u.i.k.p.i.AbstractProblemLoader Environment load took 933.62ns 
57507      INFO  main            d.u.i.k.p.i.AbstractProblemLoader Creating init config 
60053      DEBUG main            d.u.i.k.p.i.AbstractProblemLoader Init config took 2.55s 
60110      INFO  main            d.u.i.k.p.i.AbstractProblemLoader Replaying proof SparseArray[SparseArray::get(int)].JML normal_behavior operation contract.0 
60410      DEBUG main            d.u.i.k.p.i.IntermediateProofReplayer Proof replay took 290.33ms 
60412      DEBUG main            d.u.i.k.p.r.p.TestFile    ... success: reloaded. 
60413      INFO  main            d.u.i.k.p.r.p.TestFile    Now processing file /home/runner/work/key/key/key.core/../key.ui/examples/heap/vacid0_01_SparseArray/SparseArray_inv.key 
60414      INFO  main            d.u.i.k.p.i.AbstractProblemLoader Loading environment from /home/runner/work/key/key/key.core/../key.ui/examples/heap/vacid0_01_SparseArray/SparseArray_inv.key 
60414      DEBUG main            d.u.i.k.p.i.AbstractProblemLoader Environment load took 216.1ns 
60415      INFO  main            d.u.i.k.p.i.AbstractProblemLoader Creating init config 
63007      DEBUG main            d.u.i.k.p.i.AbstractProblemLoader Init config took 2.59s 
63064      INFO  main            d.u.i.k.p.i.AbstractProblemLoader Replaying proof SparseArray[java.lang.Object::<inv>()].JML accessible clause.0 
63066      DEBUG main            d.u.i.k.p.i.IntermediateProofReplayer Proof replay took 8.3ns 
64800      INFO  main            d.u.i.k.p.r.p.TestFile    ... finished proof: closed. 
65008      INFO  main            d.u.i.k.p.i.AbstractProblemLoader Loading environment from /home/runner/work/key/key/key.core/../key.ui/examples/heap/vacid0_01_SparseArray/SparseArray_inv.key.proof 
65009      DEBUG main            d.u.i.k.p.i.AbstractProblemLoader Environment load took 449.51ns 
65010      INFO  main            d.u.i.k.p.i.AbstractProblemLoader Creating init config 
67515      DEBUG main            d.u.i.k.p.i.AbstractProblemLoader Init config took 2.5s 
67581      INFO  main            d.u.i.k.p.i.AbstractProblemLoader Replaying proof SparseArray[java.lang.Object::<inv>()].JML accessible clause.0 
67709      DEBUG main            d.u.i.k.p.i.IntermediateProofReplayer Proof replay took 122.94ms 
67711      DEBUG main            d.u.i.k.p.r.p.TestFile    ... success: reloaded. 
67712      INFO  main            d.u.i.k.p.r.p.TestFile    Now processing file /home/runner/work/key/key/key.core/../key.ui/examples/heap/vacid0_01_SparseArray/SparseArray_SparseArray.key 
67712      INFO  main            d.u.i.k.p.i.AbstractProblemLoader Loading environment from /home/runner/work/key/key/key.core/../key.ui/examples/heap/vacid0_01_SparseArray/SparseArray_SparseArray.key 
67713      DEBUG main            d.u.i.k.p.i.AbstractProblemLoader Environment load took 236.1ns 
67714      INFO  main            d.u.i.k.p.i.AbstractProblemLoader Creating init config 
70308      DEBUG main            d.u.i.k.p.i.AbstractProblemLoader Init config took 2.59s 
70389      INFO  main            d.u.i.k.p.i.AbstractProblemLoader Replaying proof SparseArray[SparseArray::SparseArray(int)].JML normal_behavior operation contract.0 
70393      DEBUG main            d.u.i.k.p.i.IntermediateProofReplayer Proof replay took 9.1ns 
73724      INFO  main            d.u.i.k.p.r.p.TestFile    ... finished proof: closed. 
73934      INFO  main            d.u.i.k.p.i.AbstractProblemLoader Loading environment from /home/runner/work/key/key/key.core/../key.ui/examples/heap/vacid0_01_SparseArray/SparseArray_SparseArray.key.proof 
73935      DEBUG main            d.u.i.k.p.i.AbstractProblemLoader Environment load took 459.81ns 
73936      INFO  main            d.u.i.k.p.i.AbstractProblemLoader Creating init config 
76476      DEBUG main            d.u.i.k.p.i.AbstractProblemLoader Init config took 2.54s 
76544      INFO  main            d.u.i.k.p.i.AbstractProblemLoader Replaying proof SparseArray[SparseArray::SparseArray(int)].JML normal_behavior operation contract.0 
77079      DEBUG main            d.u.i.k.p.i.IntermediateProofReplayer Proof replay took 524.79ms 
77081      DEBUG main            d.u.i.k.p.r.p.TestFile    ... success: reloaded. 
2156930    INFO  Test worker     d.u.i.k.p.r.RunAllProofsTestUnit Returning from test VACID0 
2156931    INFO  Test worker     d.u.i.k.p.r.RunAllProofsTestUnit Running test VSTTE10 
332        INFO  Timeout watchdog d.u.i.k.p.r.p.ForkedTestFileRunner Timeout watcher launched (2000 secs.) 
349        WARN  main            d.u.i.k.s.ProofSettings   The settings in /home/runner/.key/proof-settings.props are *not* read. 
386        INFO  main            d.u.i.k.p.r.p.TestFile    Now processing file /home/runner/work/key/key/key.core/../key.ui/examples/heap/vstte10_01_SumAndMax/SumAndMax_sumAndMax.key 
507        INFO  main            d.u.i.k.p.i.AbstractProblemLoader Loading environment from /home/runner/work/key/key/key.core/../key.ui/examples/heap/vstte10_01_SumAndMax/SumAndMax_sumAndMax.key 
524        DEBUG main            d.u.i.k.p.i.AbstractProblemLoader Environment load took 2.26ms 
758        INFO  main            d.u.i.k.p.i.AbstractProblemLoader Creating init config 
1576       DEBUG main            d.u.i.k.j.TypeConverter   No LDT found for Meta 
1578       DEBUG main            d.u.i.k.j.TypeConverter   No LDT found for Meta 
1580       DEBUG main            d.u.i.k.j.TypeConverter   No LDT found for Meta 
1580       DEBUG main            d.u.i.k.j.TypeConverter   No LDT found for Meta 
2929       DEBUG main            d.u.i.k.j.TypeConverter   No LDT found for JavaBigintExpression 
7829       DEBUG main            d.u.i.k.p.i.AbstractProblemLoader Init config took 7.07s 
8010       INFO  main            d.u.i.k.p.i.AbstractProblemLoader Replaying proof SumAndMax[SumAndMax::sumAndMax([I)].JML normal_behavior operation contract.0 
8050       DEBUG main            d.u.i.k.p.i.IntermediateProofReplayer Proof replay took 36.7ns 
13293      INFO  main            d.u.i.k.p.r.p.TestFile    ... finished proof: closed. 
13481      INFO  main            d.u.i.k.p.i.AbstractProblemLoader Loading environment from /home/runner/work/key/key/key.core/../key.ui/examples/heap/vstte10_01_SumAndMax/SumAndMax_sumAndMax.key.proof 
13481      DEBUG main            d.u.i.k.p.i.AbstractProblemLoader Environment load took 170.1ns 
13484      INFO  main            d.u.i.k.p.i.AbstractProblemLoader Creating init config 
16324      DEBUG main            d.u.i.k.p.i.AbstractProblemLoader Init config took 2.84s 
16388      INFO  main            d.u.i.k.p.i.AbstractProblemLoader Replaying proof SumAndMax[SumAndMax::sumAndMax([I)].JML normal_behavior operation contract.0 
17178      DEBUG main            d.u.i.k.p.i.IntermediateProofReplayer Proof replay took 756.38ms 
17187      DEBUG main            d.u.i.k.p.r.p.TestFile    ... success: reloaded. 
17189      INFO  main            d.u.i.k.p.r.p.TestFile    Now processing file /home/runner/work/key/key/key.core/../key.ui/examples/heap/vstte10_03_LinkedList/Node_cons.key 
17189      INFO  main            d.u.i.k.p.i.AbstractProblemLoader Loading environment from /home/runner/work/key/key/key.core/../key.ui/examples/heap/vstte10_03_LinkedList/Node_cons.key 
17190      DEBUG main            d.u.i.k.p.i.AbstractProblemLoader Environment load took 235.81ns 
17191      INFO  main            d.u.i.k.p.i.AbstractProblemLoader Creating init config 
20033      DEBUG main            d.u.i.k.p.i.AbstractProblemLoader Init config took 2.84s 
20098      INFO  main            d.u.i.k.p.i.AbstractProblemLoader Replaying proof Node[Node::cons(int,Node)].JML normal_behavior operation contract.0 
20100      DEBUG main            d.u.i.k.p.i.IntermediateProofReplayer Proof replay took 6.9ns 
22035      INFO  main            d.u.i.k.p.r.p.TestFile    ... finished proof: closed. 
22220      INFO  main            d.u.i.k.p.i.AbstractProblemLoader Loading environment from /home/runner/work/key/key/key.core/../key.ui/examples/heap/vstte10_03_LinkedList/Node_cons.key.proof 
22221      DEBUG main            d.u.i.k.p.i.AbstractProblemLoader Environment load took 1.47ms 
22225      INFO  main            d.u.i.k.p.i.AbstractProblemLoader Creating init config 
24946      DEBUG main            d.u.i.k.p.i.AbstractProblemLoader Init config took 2.72s 
25011      INFO  main            d.u.i.k.p.i.AbstractProblemLoader Replaying proof Node[Node::cons(int,Node)].JML normal_behavior operation contract.0 
25311      DEBUG main            d.u.i.k.p.i.IntermediateProofReplayer Proof replay took 288.95ms 
25313      DEBUG main            d.u.i.k.p.r.p.TestFile    ... success: reloaded. 
25314      INFO  main            d.u.i.k.p.r.p.TestFile    Now processing file /home/runner/work/key/key/key.core/../key.ui/examples/heap/vstte10_03_LinkedList/Node_inv.key 
25314      INFO  main            d.u.i.k.p.i.AbstractProblemLoader Loading environment from /home/runner/work/key/key/key.core/../key.ui/examples/heap/vstte10_03_LinkedList/Node_inv.key 
25315      DEBUG main            d.u.i.k.p.i.AbstractProblemLoader Environment load took 232.41ns 
25316      INFO  main            d.u.i.k.p.i.AbstractProblemLoader Creating init config 
27986      DEBUG main            d.u.i.k.p.i.AbstractProblemLoader Init config took 2.67s 
28041      INFO  main            d.u.i.k.p.i.AbstractProblemLoader Replaying proof Node[java.lang.Object::<inv>()].JML accessible clause.0 
28043      DEBUG main            d.u.i.k.p.i.IntermediateProofReplayer Proof replay took 7.1ns 
28454      INFO  main            d.u.i.k.p.r.p.TestFile    ... finished proof: closed. 
28596      INFO  main            d.u.i.k.p.i.AbstractProblemLoader Loading environment from /home/runner/work/key/key/key.core/../key.ui/examples/heap/vstte10_03_LinkedList/Node_inv.key.proof 
28596      DEBUG main            d.u.i.k.p.i.AbstractProblemLoader Environment load took 135.4ns 
28599      INFO  main            d.u.i.k.p.i.AbstractProblemLoader Creating init config 
31184      DEBUG main            d.u.i.k.p.i.AbstractProblemLoader Init config took 2.59s 
31257      INFO  main            d.u.i.k.p.i.AbstractProblemLoader Replaying proof Node[java.lang.Object::<inv>()].JML accessible clause.0 
31304      DEBUG main            d.u.i.k.p.i.IntermediateProofReplayer Proof replay took 40.31ms 
31306      DEBUG main            d.u.i.k.p.r.p.TestFile    ... success: reloaded. 
31307      INFO  main            d.u.i.k.p.r.p.TestFile    Now processing file /home/runner/work/key/key/key.core/../key.ui/examples/heap/vstte10_03_LinkedList/Node_search.key 
31308      INFO  main            d.u.i.k.p.i.AbstractProblemLoader Loading environment from /home/runner/work/key/key/key.core/../key.ui/examples/heap/vstte10_03_LinkedList/Node_search.key 
31308      DEBUG main            d.u.i.k.p.i.AbstractProblemLoader Environment load took 155.1ns 
31309      INFO  main            d.u.i.k.p.i.AbstractProblemLoader Creating init config 
33972      DEBUG main            d.u.i.k.p.i.AbstractProblemLoader Init config took 2.66s 
34023      INFO  main            d.u.i.k.p.i.AbstractProblemLoader Replaying proof Node[Node::search()].JML normal_behavior operation contract.0 
34025      DEBUG main            d.u.i.k.p.i.IntermediateProofReplayer Proof replay took 7.4ns 
40565      INFO  main            d.u.i.k.p.r.p.TestFile    ... finished proof: closed. 
40767      INFO  main            d.u.i.k.p.i.AbstractProblemLoader Loading environment from /home/runner/work/key/key/key.core/../key.ui/examples/heap/vstte10_03_LinkedList/Node_search.key.proof 
40767      DEBUG main            d.u.i.k.p.i.AbstractProblemLoader Environment load took 220.3ns 
40769      INFO  main            d.u.i.k.p.i.AbstractProblemLoader Creating init config 
43367      DEBUG main            d.u.i.k.p.i.AbstractProblemLoader Init config took 2.6s 
43423      INFO  main            d.u.i.k.p.i.AbstractProblemLoader Replaying proof Node[Node::search()].JML normal_behavior operation contract.0 
44142      DEBUG main            d.u.i.k.p.i.IntermediateProofReplayer Proof replay took 678.05ms 
44145      DEBUG main            d.u.i.k.p.r.p.TestFile    ... success: reloaded. 
44146      INFO  main            d.u.i.k.p.r.p.TestFile    Now processing file /home/runner/work/key/key/key.core/../key.ui/examples/heap/vstte10_04_Queens/Queens_isConsistent.key 
44147      INFO  main            d.u.i.k.p.i.AbstractProblemLoader Loading environment from /home/runner/work/key/key/key.core/../key.ui/examples/heap/vstte10_04_Queens/Queens_isConsistent.key 
44147      DEBUG main            d.u.i.k.p.i.AbstractProblemLoader Environment load took 223.6ns 
44148      INFO  main            d.u.i.k.p.i.AbstractProblemLoader Creating init config 
47201      DEBUG main            d.u.i.k.p.i.AbstractProblemLoader Init config took 3.05s 
47243      INFO  main            d.u.i.k.p.i.AbstractProblemLoader Replaying proof Queens[Queens::isConsistent([I,int)].JML normal_behavior operation contract.0 
47246      DEBUG main            d.u.i.k.p.i.IntermediateProofReplayer Proof replay took 7ns 
49054      INFO  main            d.u.i.k.p.r.p.TestFile    ... finished proof: closed. 
49280      INFO  main            d.u.i.k.p.i.AbstractProblemLoader Loading environment from /home/runner/work/key/key/key.core/../key.ui/examples/heap/vstte10_04_Queens/Queens_isConsistent.key.proof 
49280      DEBUG main            d.u.i.k.p.i.AbstractProblemLoader Environment load took 476.61ns 
49282      INFO  main            d.u.i.k.p.i.AbstractProblemLoader Creating init config 
51925      DEBUG main            d.u.i.k.p.i.AbstractProblemLoader Init config took 2.64s 
51967      INFO  main            d.u.i.k.p.i.AbstractProblemLoader Replaying proof Queens[Queens::isConsistent([I,int)].JML normal_behavior operation contract.0 
52372      DEBUG main            d.u.i.k.p.i.IntermediateProofReplayer Proof replay took 397.87ms 
52374      DEBUG main            d.u.i.k.p.r.p.TestFile    ... success: reloaded. 
52375      INFO  main            d.u.i.k.p.r.p.TestFile    Now processing file /home/runner/work/key/key/key.core/../key.ui/examples/heap/vstte10_04_Queens/Queens_nQueens.key 
52375      INFO  main            d.u.i.k.p.i.AbstractProblemLoader Loading environment from /home/runner/work/key/key/key.core/../key.ui/examples/heap/vstte10_04_Queens/Queens_nQueens.key 
52376      DEBUG main            d.u.i.k.p.i.AbstractProblemLoader Environment load took 239.31ns 
52377      INFO  main            d.u.i.k.p.i.AbstractProblemLoader Creating init config 
55036      DEBUG main            d.u.i.k.p.i.AbstractProblemLoader Init config took 2.66s 
55079      INFO  main            d.u.i.k.p.i.AbstractProblemLoader Replaying proof Queens[Queens::nQueens(int)].JML normal_behavior operation contract.0 
55081      DEBUG main            d.u.i.k.p.i.IntermediateProofReplayer Proof replay took 7ns 
67242      INFO  main            d.u.i.k.p.r.p.TestFile    ... finished proof: closed. 
67468      INFO  main            d.u.i.k.p.i.AbstractProblemLoader Loading environment from /home/runner/work/key/key/key.core/../key.ui/examples/heap/vstte10_04_Queens/Queens_nQueens.key.proof 
67469      DEBUG main            d.u.i.k.p.i.AbstractProblemLoader Environment load took 203.5ns 
67470      INFO  main            d.u.i.k.p.i.AbstractProblemLoader Creating init config 
70056      DEBUG main            d.u.i.k.p.i.AbstractProblemLoader Init config took 2.59s 
70114      INFO  main            d.u.i.k.p.i.AbstractProblemLoader Replaying proof Queens[Queens::nQueens(int)].JML normal_behavior operation contract.0 
71122      DEBUG main            d.u.i.k.p.i.IntermediateProofReplayer Proof replay took 992.21ms 
71124      DEBUG main            d.u.i.k.p.r.p.TestFile    ... success: reloaded. 
71125      INFO  main            d.u.i.k.p.r.p.TestFile    Now processing file /home/runner/work/key/key/key.core/../key.ui/examples/heap/vstte10_05_Queue/AmortizedQueue_AmortizedQueue.key 
71125      INFO  main            d.u.i.k.p.i.AbstractProblemLoader Loading environment from /home/runner/work/key/key/key.core/../key.ui/examples/heap/vstte10_05_Queue/AmortizedQueue_AmortizedQueue.key 
71125      DEBUG main            d.u.i.k.p.i.AbstractProblemLoader Environment load took 116.2ns 
71126      INFO  main            d.u.i.k.p.i.AbstractProblemLoader Creating init config 
73922      DEBUG main            d.u.i.k.p.i.AbstractProblemLoader Init config took 2.8s 
73967      INFO  main            d.u.i.k.p.i.AbstractProblemLoader Replaying proof AmortizedQueue[AmortizedQueue::AmortizedQueue()].JML normal_behavior operation contract.0 
73969      DEBUG main            d.u.i.k.p.i.IntermediateProofReplayer Proof replay took 6.8ns 
75375      INFO  main            d.u.i.k.p.r.p.TestFile    ... finished proof: closed. 
75590      INFO  main            d.u.i.k.p.i.AbstractProblemLoader Loading environment from /home/runner/work/key/key/key.core/../key.ui/examples/heap/vstte10_05_Queue/AmortizedQueue_AmortizedQueue.key.proof 
75590      DEBUG main            d.u.i.k.p.i.AbstractProblemLoader Environment load took 474.81ns 
75592      INFO  main            d.u.i.k.p.i.AbstractProblemLoader Creating init config 
78256      DEBUG main            d.u.i.k.p.i.AbstractProblemLoader Init config took 2.66s 
78312      INFO  main            d.u.i.k.p.i.AbstractProblemLoader Replaying proof AmortizedQueue[AmortizedQueue::AmortizedQueue()].JML normal_behavior operation contract.0 
78560      DEBUG main            d.u.i.k.p.i.IntermediateProofReplayer Proof replay took 241.71ms 
78561      DEBUG main            d.u.i.k.p.r.p.TestFile    ... success: reloaded. 
78562      INFO  main            d.u.i.k.p.r.p.TestFile    Now processing file /home/runner/work/key/key/key.core/../key.ui/examples/heap/vstte10_05_Queue/AmortizedQueue_front.key 
78563      INFO  main            d.u.i.k.p.i.AbstractProblemLoader Loading environment from /home/runner/work/key/key/key.core/../key.ui/examples/heap/vstte10_05_Queue/AmortizedQueue_front.key 
78563      DEBUG main            d.u.i.k.p.i.AbstractProblemLoader Environment load took 238.5ns 
78564      INFO  main            d.u.i.k.p.i.AbstractProblemLoader Creating init config 
81224      DEBUG main            d.u.i.k.p.i.AbstractProblemLoader Init config took 2.66s 
81268      INFO  main            d.u.i.k.p.i.AbstractProblemLoader Replaying proof AmortizedQueue[AmortizedQueue::front()].JML normal_behavior operation contract.0 
81270      DEBUG main            d.u.i.k.p.i.IntermediateProofReplayer Proof replay took 7.5ns 
81776      INFO  main            d.u.i.k.p.r.p.TestFile    ... finished proof: closed. 
82044      INFO  main            d.u.i.k.p.i.AbstractProblemLoader Loading environment from /home/runner/work/key/key/key.core/../key.ui/examples/heap/vstte10_05_Queue/AmortizedQueue_front.key.proof 
82044      DEBUG main            d.u.i.k.p.i.AbstractProblemLoader Environment load took 132.1ns 
82046      INFO  main            d.u.i.k.p.i.AbstractProblemLoader Creating init config 
84693      DEBUG main            d.u.i.k.p.i.AbstractProblemLoader Init config took 2.65s 
84743      INFO  main            d.u.i.k.p.i.AbstractProblemLoader Replaying proof AmortizedQueue[AmortizedQueue::front()].JML normal_behavior operation contract.0 
84804      DEBUG main            d.u.i.k.p.i.IntermediateProofReplayer Proof replay took 57.36ms 
84805      DEBUG main            d.u.i.k.p.r.p.TestFile    ... success: reloaded. 
84806      INFO  main            d.u.i.k.p.r.p.TestFile    Now processing file /home/runner/work/key/key/key.core/../key.ui/examples/heap/vstte10_05_Queue/LinkedList_concat.key 
84807      INFO  main            d.u.i.k.p.i.AbstractProblemLoader Loading environment from /home/runner/work/key/key/key.core/../key.ui/examples/heap/vstte10_05_Queue/LinkedList_concat.key 
84807      DEBUG main            d.u.i.k.p.i.AbstractProblemLoader Environment load took 235.31ns 
84808      INFO  main            d.u.i.k.p.i.AbstractProblemLoader Creating init config 
87453      DEBUG main            d.u.i.k.p.i.AbstractProblemLoader Init config took 2.65s 
87499      INFO  main            d.u.i.k.p.i.AbstractProblemLoader Replaying proof LinkedList[LinkedList::concat(LinkedList)].JML normal_behavior operation contract.0 
87501      DEBUG main            d.u.i.k.p.i.IntermediateProofReplayer Proof replay took 7.7ns 
95771      INFO  main            d.u.i.k.p.r.p.TestFile    ... finished proof: closed. 
96040      INFO  main            d.u.i.k.p.i.AbstractProblemLoader Loading environment from /home/runner/work/key/key/key.core/../key.ui/examples/heap/vstte10_05_Queue/LinkedList_concat.key.proof 
96040      DEBUG main            d.u.i.k.p.i.AbstractProblemLoader Environment load took 445.91ns 
96043      INFO  main            d.u.i.k.p.i.AbstractProblemLoader Creating init config 
98624      DEBUG main            d.u.i.k.p.i.AbstractProblemLoader Init config took 2.58s 
98669      INFO  main            d.u.i.k.p.i.AbstractProblemLoader Replaying proof LinkedList[LinkedList::concat(LinkedList)].JML normal_behavior operation contract.0 
99446      DEBUG main            d.u.i.k.p.i.IntermediateProofReplayer Proof replay took 750.82ms 
99449      DEBUG main            d.u.i.k.p.r.p.TestFile    ... success: reloaded. 
99450      INFO  main            d.u.i.k.p.r.p.TestFile    Now processing file /home/runner/work/key/key/key.core/../key.ui/examples/heap/vstte10_05_Queue/LinkedList_cons.key 
99451      INFO  main            d.u.i.k.p.i.AbstractProblemLoader Loading environment from /home/runner/work/key/key/key.core/../key.ui/examples/heap/vstte10_05_Queue/LinkedList_cons.key 
99451      DEBUG main            d.u.i.k.p.i.AbstractProblemLoader Environment load took 233.1ns 
99452      INFO  main            d.u.i.k.p.i.AbstractProblemLoader Creating init config 
102104     DEBUG main            d.u.i.k.p.i.AbstractProblemLoader Init config took 2.65s 
102149     INFO  main            d.u.i.k.p.i.AbstractProblemLoader Replaying proof LinkedList[LinkedList::cons(int)].JML normal_behavior operation contract.0 
102151     DEBUG main            d.u.i.k.p.i.IntermediateProofReplayer Proof replay took 6.3ns 
104388     INFO  main            d.u.i.k.p.r.p.TestFile    ... finished proof: closed. 
104616     INFO  main            d.u.i.k.p.i.AbstractProblemLoader Loading environment from /home/runner/work/key/key/key.core/../key.ui/examples/heap/vstte10_05_Queue/LinkedList_cons.key.proof 
104617     DEBUG main            d.u.i.k.p.i.AbstractProblemLoader Environment load took 453.01ns 
104618     INFO  main            d.u.i.k.p.i.AbstractProblemLoader Creating init config 
107229     DEBUG main            d.u.i.k.p.i.AbstractProblemLoader Init config took 2.61s 
107275     INFO  main            d.u.i.k.p.i.AbstractProblemLoader Replaying proof LinkedList[LinkedList::cons(int)].JML normal_behavior operation contract.0 
107539     DEBUG main            d.u.i.k.p.i.IntermediateProofReplayer Proof replay took 256.07ms 
107541     DEBUG main            d.u.i.k.p.r.p.TestFile    ... success: reloaded. 
107542     INFO  main            d.u.i.k.p.r.p.TestFile    Now processing file /home/runner/work/key/key/key.core/../key.ui/examples/heap/vstte10_05_Queue/LinkedList_head.key 
107542     INFO  main            d.u.i.k.p.i.AbstractProblemLoader Loading environment from /home/runner/work/key/key/key.core/../key.ui/examples/heap/vstte10_05_Queue/LinkedList_head.key 
107543     DEBUG main            d.u.i.k.p.i.AbstractProblemLoader Environment load took 215.81ns 
107544     INFO  main            d.u.i.k.p.i.AbstractProblemLoader Creating init config 
110191     DEBUG main            d.u.i.k.p.i.AbstractProblemLoader Init config took 2.65s 
110235     INFO  main            d.u.i.k.p.i.AbstractProblemLoader Replaying proof LinkedList[LinkedList::head()].JML normal_behavior operation contract.0 
110237     DEBUG main            d.u.i.k.p.i.IntermediateProofReplayer Proof replay took 6.2ns 
110339     INFO  main            d.u.i.k.p.r.p.TestFile    ... finished proof: closed. 
110548     INFO  main            d.u.i.k.p.i.AbstractProblemLoader Loading environment from /home/runner/work/key/key/key.core/../key.ui/examples/heap/vstte10_05_Queue/LinkedList_head.key.proof 
110549     DEBUG main            d.u.i.k.p.i.AbstractProblemLoader Environment load took 122.3ns 
110550     INFO  main            d.u.i.k.p.i.AbstractProblemLoader Creating init config 
113142     DEBUG main            d.u.i.k.p.i.AbstractProblemLoader Init config took 2.59s 
113186     INFO  main            d.u.i.k.p.i.AbstractProblemLoader Replaying proof LinkedList[LinkedList::head()].JML normal_behavior operation contract.0 
113201     DEBUG main            d.u.i.k.p.i.IntermediateProofReplayer Proof replay took 12.66ms 
113202     DEBUG main            d.u.i.k.p.r.p.TestFile    ... success: reloaded. 
113203     INFO  main            d.u.i.k.p.r.p.TestFile    Now processing file /home/runner/work/key/key/key.core/../key.ui/examples/heap/vstte10_05_Queue/LinkedList_inv.key 
113204     INFO  main            d.u.i.k.p.i.AbstractProblemLoader Loading environment from /home/runner/work/key/key/key.core/../key.ui/examples/heap/vstte10_05_Queue/LinkedList_inv.key 
113204     DEBUG main            d.u.i.k.p.i.AbstractProblemLoader Environment load took 234.21ns 
113205     INFO  main            d.u.i.k.p.i.AbstractProblemLoader Creating init config 
115862     DEBUG main            d.u.i.k.p.i.AbstractProblemLoader Init config took 2.66s 
115924     INFO  main            d.u.i.k.p.i.AbstractProblemLoader Replaying proof LinkedList[java.lang.Object::<inv>()].JML accessible clause.0 
115925     DEBUG main            d.u.i.k.p.i.IntermediateProofReplayer Proof replay took 7ns 
116229     INFO  main            d.u.i.k.p.r.p.TestFile    ... finished proof: closed. 
116453     INFO  main            d.u.i.k.p.i.AbstractProblemLoader Loading environment from /home/runner/work/key/key/key.core/../key.ui/examples/heap/vstte10_05_Queue/LinkedList_inv.key.proof 
116453     DEBUG main            d.u.i.k.p.i.AbstractProblemLoader Environment load took 126.3ns 
116454     INFO  main            d.u.i.k.p.i.AbstractProblemLoader Creating init config 
119054     DEBUG main            d.u.i.k.p.i.AbstractProblemLoader Init config took 2.6s 
119107     INFO  main            d.u.i.k.p.i.AbstractProblemLoader Replaying proof LinkedList[java.lang.Object::<inv>()].JML accessible clause.0 
119135     DEBUG main            d.u.i.k.p.i.IntermediateProofReplayer Proof replay took 25.59ms 
119136     DEBUG main            d.u.i.k.p.r.p.TestFile    ... success: reloaded. 
119138     INFO  main            d.u.i.k.p.r.p.TestFile    Now processing file /home/runner/work/key/key/key.core/../key.ui/examples/heap/vstte10_05_Queue/LinkedList_length.key 
119138     INFO  main            d.u.i.k.p.i.AbstractProblemLoader Loading environment from /home/runner/work/key/key/key.core/../key.ui/examples/heap/vstte10_05_Queue/LinkedList_length.key 
119138     DEBUG main            d.u.i.k.p.i.AbstractProblemLoader Environment load took 223.6ns 
119139     INFO  main            d.u.i.k.p.i.AbstractProblemLoader Creating init config 
121814     DEBUG main            d.u.i.k.p.i.AbstractProblemLoader Init config took 2.68s 
121879     INFO  main            d.u.i.k.p.i.AbstractProblemLoader Replaying proof LinkedList[LinkedList::length()].JML normal_behavior operation contract.0 
121880     DEBUG main            d.u.i.k.p.i.IntermediateProofReplayer Proof replay took 6.4ns 
121982     INFO  main            d.u.i.k.p.r.p.TestFile    ... finished proof: closed. 
122202     INFO  main            d.u.i.k.p.i.AbstractProblemLoader Loading environment from /home/runner/work/key/key/key.core/../key.ui/examples/heap/vstte10_05_Queue/LinkedList_length.key.proof 
122202     DEBUG main            d.u.i.k.p.i.AbstractProblemLoader Environment load took 125.8ns 
122203     INFO  main            d.u.i.k.p.i.AbstractProblemLoader Creating init config 
124781     DEBUG main            d.u.i.k.p.i.AbstractProblemLoader Init config took 2.58s 
124827     INFO  main            d.u.i.k.p.i.AbstractProblemLoader Replaying proof LinkedList[LinkedList::length()].JML normal_behavior operation contract.0 
124854     DEBUG main            d.u.i.k.p.i.IntermediateProofReplayer Proof replay took 25.38ms 
124855     DEBUG main            d.u.i.k.p.r.p.TestFile    ... success: reloaded. 
124856     INFO  main            d.u.i.k.p.r.p.TestFile    Now processing file /home/runner/work/key/key/key.core/../key.ui/examples/heap/vstte10_05_Queue/LinkedList_LinkedList1.key 
124856     INFO  main            d.u.i.k.p.i.AbstractProblemLoader Loading environment from /home/runner/work/key/key/key.core/../key.ui/examples/heap/vstte10_05_Queue/LinkedList_LinkedList1.key 
124856     DEBUG main            d.u.i.k.p.i.AbstractProblemLoader Environment load took 57.5ns 
124857     INFO  main            d.u.i.k.p.i.AbstractProblemLoader Creating init config 
127442     DEBUG main            d.u.i.k.p.i.AbstractProblemLoader Init config took 2.58s 
127484     INFO  main            d.u.i.k.p.i.AbstractProblemLoader Replaying proof LinkedList[LinkedList::LinkedList(int,LinkedList)].JML normal_behavior operation contract.0 
127486     DEBUG main            d.u.i.k.p.i.IntermediateProofReplayer Proof replay took 6.7ns 
129292     INFO  main            d.u.i.k.p.r.p.TestFile    ... finished proof: closed. 
129542     INFO  main            d.u.i.k.p.i.AbstractProblemLoader Loading environment from /home/runner/work/key/key/key.core/../key.ui/examples/heap/vstte10_05_Queue/LinkedList_LinkedList1.key.proof 
129542     DEBUG main            d.u.i.k.p.i.AbstractProblemLoader Environment load took 439.01ns 
129543     INFO  main            d.u.i.k.p.i.AbstractProblemLoader Creating init config 
132102     DEBUG main            d.u.i.k.p.i.AbstractProblemLoader Init config took 2.56s 
132145     INFO  main            d.u.i.k.p.i.AbstractProblemLoader Replaying proof LinkedList[LinkedList::LinkedList(int,LinkedList)].JML normal_behavior operation contract.0 
132401     DEBUG main            d.u.i.k.p.i.IntermediateProofReplayer Proof replay took 248.55ms 
132403     DEBUG main            d.u.i.k.p.r.p.TestFile    ... success: reloaded. 
132404     INFO  main            d.u.i.k.p.r.p.TestFile    Now processing file /home/runner/work/key/key/key.core/../key.ui/examples/heap/vstte10_05_Queue/LinkedList_LinkedList2.key 
132404     INFO  main            d.u.i.k.p.i.AbstractProblemLoader Loading environment from /home/runner/work/key/key/key.core/../key.ui/examples/heap/vstte10_05_Queue/LinkedList_LinkedList2.key 
132404     DEBUG main            d.u.i.k.p.i.AbstractProblemLoader Environment load took 58ns 
132405     INFO  main            d.u.i.k.p.i.AbstractProblemLoader Creating init config 
135048     DEBUG main            d.u.i.k.p.i.AbstractProblemLoader Init config took 2.64s 
135093     INFO  main            d.u.i.k.p.i.AbstractProblemLoader Replaying proof LinkedList[LinkedList::LinkedList(int,LinkedList)].JML normal_behavior operation contract.0 
135096     DEBUG main            d.u.i.k.p.i.IntermediateProofReplayer Proof replay took 7.5ns 
136801     INFO  main            d.u.i.k.p.r.p.TestFile    ... finished proof: closed. 
137058     INFO  main            d.u.i.k.p.i.AbstractProblemLoader Loading environment from /home/runner/work/key/key/key.core/../key.ui/examples/heap/vstte10_05_Queue/LinkedList_LinkedList2.key.proof 
137058     DEBUG main            d.u.i.k.p.i.AbstractProblemLoader Environment load took 131.3ns 
137063     INFO  main            d.u.i.k.p.i.AbstractProblemLoader Creating init config 
139636     DEBUG main            d.u.i.k.p.i.AbstractProblemLoader Init config took 2.57s 
139679     INFO  main            d.u.i.k.p.i.AbstractProblemLoader Replaying proof LinkedList[LinkedList::LinkedList(int,LinkedList)].JML normal_behavior operation contract.0 
139944     DEBUG main            d.u.i.k.p.i.IntermediateProofReplayer Proof replay took 256.4ms 
139945     DEBUG main            d.u.i.k.p.r.p.TestFile    ... success: reloaded. 
139946     INFO  main            d.u.i.k.p.r.p.TestFile    Now processing file /home/runner/work/key/key/key.core/../key.ui/examples/heap/vstte10_05_Queue/LinkedList_LinkedList3.key 
139947     INFO  main            d.u.i.k.p.i.AbstractProblemLoader Loading environment from /home/runner/work/key/key/key.core/../key.ui/examples/heap/vstte10_05_Queue/LinkedList_LinkedList3.key 
139947     DEBUG main            d.u.i.k.p.i.AbstractProblemLoader Environment load took 115.4ns 
139948     INFO  main            d.u.i.k.p.i.AbstractProblemLoader Creating init config 
142618     DEBUG main            d.u.i.k.p.i.AbstractProblemLoader Init config took 2.67s 
142660     INFO  main            d.u.i.k.p.i.AbstractProblemLoader Replaying proof LinkedList[LinkedList::LinkedList(int,LinkedList)].JML normal_behavior operation contract.0 
142662     DEBUG main            d.u.i.k.p.i.IntermediateProofReplayer Proof replay took 6.7ns 
155064     INFO  main            d.u.i.k.p.r.p.TestFile    ... finished proof: closed. 
155411     INFO  main            d.u.i.k.p.i.AbstractProblemLoader Loading environment from /home/runner/work/key/key/key.core/../key.ui/examples/heap/vstte10_05_Queue/LinkedList_LinkedList3.key.proof 
155411     DEBUG main            d.u.i.k.p.i.AbstractProblemLoader Environment load took 462.91ns 
155418     INFO  main            d.u.i.k.p.i.AbstractProblemLoader Creating init config 
158004     DEBUG main            d.u.i.k.p.i.AbstractProblemLoader Init config took 2.59s 
158048     INFO  main            d.u.i.k.p.i.AbstractProblemLoader Replaying proof LinkedList[LinkedList::LinkedList(int,LinkedList)].JML normal_behavior operation contract.0 
159265     DEBUG main            d.u.i.k.p.i.IntermediateProofReplayer Proof replay took 1.14s 
159271     DEBUG main            d.u.i.k.p.r.p.TestFile    ... success: reloaded. 
159272     INFO  main            d.u.i.k.p.r.p.TestFile    Now processing file /home/runner/work/key/key/key.core/../key.ui/examples/heap/vstte10_05_Queue/LinkedList_reverse.key 
159272     INFO  main            d.u.i.k.p.i.AbstractProblemLoader Loading environment from /home/runner/work/key/key/key.core/../key.ui/examples/heap/vstte10_05_Queue/LinkedList_reverse.key 
159273     DEBUG main            d.u.i.k.p.i.AbstractProblemLoader Environment load took 175.5ns 
159273     INFO  main            d.u.i.k.p.i.AbstractProblemLoader Creating init config 
161864     DEBUG main            d.u.i.k.p.i.AbstractProblemLoader Init config took 2.59s 
161907     INFO  main            d.u.i.k.p.i.AbstractProblemLoader Replaying proof LinkedList[LinkedList::reverse()].JML normal_behavior operation contract.0 
161909     DEBUG main            d.u.i.k.p.i.IntermediateProofReplayer Proof replay took 6.4ns 
170784     INFO  main            d.u.i.k.p.r.p.TestFile    ... finished proof: closed. 
171092     INFO  main            d.u.i.k.p.i.AbstractProblemLoader Loading environment from /home/runner/work/key/key/key.core/../key.ui/examples/heap/vstte10_05_Queue/LinkedList_reverse.key.proof 
171097     DEBUG main            d.u.i.k.p.i.AbstractProblemLoader Environment load took 5.55ms 
171100     INFO  main            d.u.i.k.p.i.AbstractProblemLoader Creating init config 
173681     DEBUG main            d.u.i.k.p.i.AbstractProblemLoader Init config took 2.58s 
173724     INFO  main            d.u.i.k.p.i.AbstractProblemLoader Replaying proof LinkedList[LinkedList::reverse()].JML normal_behavior operation contract.0 
174508     DEBUG main            d.u.i.k.p.i.IntermediateProofReplayer Proof replay took 756.91ms 
174510     DEBUG main            d.u.i.k.p.r.p.TestFile    ... success: reloaded. 
174511     INFO  main            d.u.i.k.p.r.p.TestFile    Now processing file /home/runner/work/key/key/key.core/../key.ui/examples/heap/vstte10_05_Queue/LinkedList_tail.key 
174512     INFO  main            d.u.i.k.p.i.AbstractProblemLoader Loading environment from /home/runner/work/key/key/key.core/../key.ui/examples/heap/vstte10_05_Queue/LinkedList_tail.key 
174512     DEBUG main            d.u.i.k.p.i.AbstractProblemLoader Environment load took 132.1ns 
174513     INFO  main            d.u.i.k.p.i.AbstractProblemLoader Creating init config 
177156     DEBUG main            d.u.i.k.p.i.AbstractProblemLoader Init config took 2.64s 
177198     INFO  main            d.u.i.k.p.i.AbstractProblemLoader Replaying proof LinkedList[LinkedList::tail()].JML normal_behavior operation contract.0 
177200     DEBUG main            d.u.i.k.p.i.IntermediateProofReplayer Proof replay took 50.3ns 
177708     INFO  main            d.u.i.k.p.r.p.TestFile    ... finished proof: closed. 
177964     INFO  main            d.u.i.k.p.i.AbstractProblemLoader Loading environment from /home/runner/work/key/key/key.core/../key.ui/examples/heap/vstte10_05_Queue/LinkedList_tail.key.proof 
177965     DEBUG main            d.u.i.k.p.i.AbstractProblemLoader Environment load took 360.41ns 
177966     INFO  main            d.u.i.k.p.i.AbstractProblemLoader Creating init config 
180542     DEBUG main            d.u.i.k.p.i.AbstractProblemLoader Init config took 2.58s 
180584     INFO  main            d.u.i.k.p.i.AbstractProblemLoader Replaying proof LinkedList[LinkedList::tail()].JML normal_behavior operation contract.0 
180681     DEBUG main            d.u.i.k.p.i.IntermediateProofReplayer Proof replay took 94.69ms 
180682     DEBUG main            d.u.i.k.p.r.p.TestFile    ... success: reloaded. 
2337803    INFO  Test worker     d.u.i.k.p.r.RunAllProofsTestUnit Returning from test VSTTE10 
2337804    INFO  Test worker     d.u.i.k.p.r.RunAllProofsTestUnit Running test WeideEtAl 
344        INFO  Timeout watchdog d.u.i.k.p.r.p.ForkedTestFileRunner Timeout watcher launched (2000 secs.) 
347        WARN  main            d.u.i.k.s.ProofSettings   The settings in /home/runner/.key/proof-settings.props are *not* read. 
376        INFO  main            d.u.i.k.p.r.p.TestFile    Now processing file /home/runner/work/key/key/key.core/../key.ui/examples/heap/WeideEtAl_01_AddAndMultiply/AddAndMultiply_add.key 
500        INFO  main            d.u.i.k.p.i.AbstractProblemLoader Loading environment from /home/runner/work/key/key/key.core/../key.ui/examples/heap/WeideEtAl_01_AddAndMultiply/AddAndMultiply_add.key 
517        DEBUG main            d.u.i.k.p.i.AbstractProblemLoader Environment load took 1.98ms 
732        INFO  main            d.u.i.k.p.i.AbstractProblemLoader Creating init config 
1711       DEBUG main            d.u.i.k.j.TypeConverter   No LDT found for Meta 
1714       DEBUG main            d.u.i.k.j.TypeConverter   No LDT found for Meta 
1717       DEBUG main            d.u.i.k.j.TypeConverter   No LDT found for Meta 
1718       DEBUG main            d.u.i.k.j.TypeConverter   No LDT found for Meta 
3352       DEBUG main            d.u.i.k.j.TypeConverter   No LDT found for JavaBigintExpression 
8431       DEBUG main            d.u.i.k.p.i.AbstractProblemLoader Init config took 7.7s 
8552       INFO  main            d.u.i.k.p.i.AbstractProblemLoader Replaying proof AddAndMultiply[AddAndMultiply::add(int,int)].JML normal_behavior operation contract.0 
8585       DEBUG main            d.u.i.k.p.i.IntermediateProofReplayer Proof replay took 31.7ns 
10324      INFO  main            d.u.i.k.p.r.p.TestFile    ... finished proof: closed. 
10482      INFO  main            d.u.i.k.p.i.AbstractProblemLoader Loading environment from /home/runner/work/key/key/key.core/../key.ui/examples/heap/WeideEtAl_01_AddAndMultiply/AddAndMultiply_add.key.proof 
10487      DEBUG main            d.u.i.k.p.i.AbstractProblemLoader Environment load took 5.07ms 
10490      INFO  main            d.u.i.k.p.i.AbstractProblemLoader Creating init config 
13309      DEBUG main            d.u.i.k.p.i.AbstractProblemLoader Init config took 2.82s 
13367      INFO  main            d.u.i.k.p.i.AbstractProblemLoader Replaying proof AddAndMultiply[AddAndMultiply::add(int,int)].JML normal_behavior operation contract.0 
13640      DEBUG main            d.u.i.k.p.i.IntermediateProofReplayer Proof replay took 263.39ms 
13649      DEBUG main            d.u.i.k.p.r.p.TestFile    ... success: reloaded. 
13651      INFO  main            d.u.i.k.p.r.p.TestFile    Now processing file /home/runner/work/key/key/key.core/../key.ui/examples/heap/WeideEtAl_01_AddAndMultiply/AddAndMultiply_mul.key 
13651      INFO  main            d.u.i.k.p.i.AbstractProblemLoader Loading environment from /home/runner/work/key/key/key.core/../key.ui/examples/heap/WeideEtAl_01_AddAndMultiply/AddAndMultiply_mul.key 
13651      DEBUG main            d.u.i.k.p.i.AbstractProblemLoader Environment load took 242.81ns 
13653      INFO  main            d.u.i.k.p.i.AbstractProblemLoader Creating init config 
16373      DEBUG main            d.u.i.k.p.i.AbstractProblemLoader Init config took 2.72s 
16438      INFO  main            d.u.i.k.p.i.AbstractProblemLoader Replaying proof AddAndMultiply[AddAndMultiply::mul(int,int)].JML normal_behavior operation contract.0 
16443      DEBUG main            d.u.i.k.p.i.IntermediateProofReplayer Proof replay took 7.7ns 
17051      INFO  main            d.u.i.k.p.r.p.TestFile    ... finished proof: closed. 
17206      INFO  main            d.u.i.k.p.i.AbstractProblemLoader Loading environment from /home/runner/work/key/key/key.core/../key.ui/examples/heap/WeideEtAl_01_AddAndMultiply/AddAndMultiply_mul.key.proof 
17206      DEBUG main            d.u.i.k.p.i.AbstractProblemLoader Environment load took 455.31ns 
17208      INFO  main            d.u.i.k.p.i.AbstractProblemLoader Creating init config 
19788      DEBUG main            d.u.i.k.p.i.AbstractProblemLoader Init config took 2.58s 
19866      INFO  main            d.u.i.k.p.i.AbstractProblemLoader Replaying proof AddAndMultiply[AddAndMultiply::mul(int,int)].JML normal_behavior operation contract.0 
20002      DEBUG main            d.u.i.k.p.i.IntermediateProofReplayer Proof replay took 128.55ms 
20003      DEBUG main            d.u.i.k.p.r.p.TestFile    ... success: reloaded. 
20005      INFO  main            d.u.i.k.p.r.p.TestFile    Now processing file /home/runner/work/key/key/key.core/../key.ui/examples/heap/WeideEtAl_02_BinarySearch/BinarySearch_search.key 
20005      INFO  main            d.u.i.k.p.i.AbstractProblemLoader Loading environment from /home/runner/work/key/key/key.core/../key.ui/examples/heap/WeideEtAl_02_BinarySearch/BinarySearch_search.key 
20006      DEBUG main            d.u.i.k.p.i.AbstractProblemLoader Environment load took 117ns 
20008      INFO  main            d.u.i.k.p.i.AbstractProblemLoader Creating init config 
22662      DEBUG main            d.u.i.k.p.i.AbstractProblemLoader Init config took 2.65s 
22707      INFO  main            d.u.i.k.p.i.AbstractProblemLoader Replaying proof BinarySearch[BinarySearch::search([I,int)].JML normal_behavior operation contract.0 
22711      DEBUG main            d.u.i.k.p.i.IntermediateProofReplayer Proof replay took 7.2ns 
25936      INFO  main            d.u.i.k.p.r.p.TestFile    ... finished proof: closed. 
26130      INFO  main            d.u.i.k.p.i.AbstractProblemLoader Loading environment from /home/runner/work/key/key/key.core/../key.ui/examples/heap/WeideEtAl_02_BinarySearch/BinarySearch_search.key.proof 
26131      DEBUG main            d.u.i.k.p.i.AbstractProblemLoader Environment load took 462.91ns 
26133      INFO  main            d.u.i.k.p.i.AbstractProblemLoader Creating init config 
28648      DEBUG main            d.u.i.k.p.i.AbstractProblemLoader Init config took 2.51s 
28692      INFO  main            d.u.i.k.p.i.AbstractProblemLoader Replaying proof BinarySearch[BinarySearch::search([I,int)].JML normal_behavior operation contract.0 
29208      DEBUG main            d.u.i.k.p.i.IntermediateProofReplayer Proof replay took 498.72ms 
29210      DEBUG main            d.u.i.k.p.r.p.TestFile    ... success: reloaded. 
2367199    INFO  Test worker     d.u.i.k.p.r.RunAllProofsTestUnit Returning from test WeideEtAl 
2367200    INFO  Test worker     d.u.i.k.p.r.RunAllProofsTestUnit Running test arithmetic 
333        INFO  Timeout watchdog d.u.i.k.p.r.p.ForkedTestFileRunner Timeout watcher launched (2000 secs.) 
335        WARN  main            d.u.i.k.s.ProofSettings   The settings in /home/runner/.key/proof-settings.props are *not* read. 
375        INFO  main            d.u.i.k.p.r.p.TestFile    Now processing file /home/runner/work/key/key/key.core/../key.ui/examples/standard_key/arith/binomial1.key 
516        INFO  main            d.u.i.k.p.i.AbstractProblemLoader Loading environment from /home/runner/work/key/key/key.core/../key.ui/examples/standard_key/arith/binomial1.key 
536        DEBUG main            d.u.i.k.p.i.AbstractProblemLoader Environment load took 3.03ms 
797        INFO  main            d.u.i.k.p.i.AbstractProblemLoader Creating init config 
1730       DEBUG main            d.u.i.k.j.TypeConverter   No LDT found for Meta 
1731       DEBUG main            d.u.i.k.j.TypeConverter   No LDT found for Meta 
1733       DEBUG main            d.u.i.k.j.TypeConverter   No LDT found for Meta 
1734       DEBUG main            d.u.i.k.j.TypeConverter   No LDT found for Meta 
3419       DEBUG main            d.u.i.k.j.TypeConverter   No LDT found for JavaBigintExpression 
8114       DEBUG main            d.u.i.k.p.i.AbstractProblemLoader Init config took 7.32s 
8181       INFO  main            d.u.i.k.p.i.AbstractProblemLoader Replaying proof binomial1.key 
8214       DEBUG main            d.u.i.k.p.i.IntermediateProofReplayer Proof replay took 37.5ns 
8487       INFO  main            d.u.i.k.p.r.p.TestFile    ... finished proof: closed. 
8586       INFO  main            d.u.i.k.p.i.AbstractProblemLoader Loading environment from /home/runner/work/key/key/key.core/../key.ui/examples/standard_key/arith/binomial1.key.proof 
8588       DEBUG main            d.u.i.k.p.i.AbstractProblemLoader Environment load took 1.5ms 
8594       INFO  main            d.u.i.k.p.i.AbstractProblemLoader Creating init config 
11151      DEBUG main            d.u.i.k.p.i.AbstractProblemLoader Init config took 2.56s 
11182      INFO  main            d.u.i.k.p.i.AbstractProblemLoader Replaying proof binomial1.key.proof 
11219      DEBUG main            d.u.i.k.p.i.IntermediateProofReplayer Proof replay took 31.29ms 
11234      DEBUG main            d.u.i.k.p.r.p.TestFile    ... success: reloaded. 
11238      INFO  main            d.u.i.k.p.r.p.TestFile    Now processing file /home/runner/work/key/key/key.core/../key.ui/examples/standard_key/arith/binomial2.key 
11238      INFO  main            d.u.i.k.p.i.AbstractProblemLoader Loading environment from /home/runner/work/key/key/key.core/../key.ui/examples/standard_key/arith/binomial2.key 
11238      DEBUG main            d.u.i.k.p.i.AbstractProblemLoader Environment load took 243.51ns 
11252      INFO  main            d.u.i.k.p.i.AbstractProblemLoader Creating init config 
13750      DEBUG main            d.u.i.k.p.i.AbstractProblemLoader Init config took 2.5s 
13777      INFO  main            d.u.i.k.p.i.AbstractProblemLoader Replaying proof binomial2.key 
13781      DEBUG main            d.u.i.k.p.i.IntermediateProofReplayer Proof replay took 6ns 
13884      INFO  main            d.u.i.k.p.r.p.TestFile    ... finished proof: closed. 
14032      INFO  main            d.u.i.k.p.i.AbstractProblemLoader Loading environment from /home/runner/work/key/key/key.core/../key.ui/examples/standard_key/arith/binomial2.key.proof 
14033      DEBUG main            d.u.i.k.p.i.AbstractProblemLoader Environment load took 1.56ms 
14036      INFO  main            d.u.i.k.p.i.AbstractProblemLoader Creating init config 
16660      DEBUG main            d.u.i.k.p.i.AbstractProblemLoader Init config took 2.62s 
16684      INFO  main            d.u.i.k.p.i.AbstractProblemLoader Replaying proof binomial2.key.proof 
16697      DEBUG main            d.u.i.k.p.i.IntermediateProofReplayer Proof replay took 10.61ms 
16699      DEBUG main            d.u.i.k.p.r.p.TestFile    ... success: reloaded. 
16700      INFO  main            d.u.i.k.p.r.p.TestFile    Now processing file /home/runner/work/key/key/key.core/../key.ui/examples/standard_key/arith/check_jdiv.key 
16700      INFO  main            d.u.i.k.p.i.AbstractProblemLoader Loading environment from /home/runner/work/key/key/key.core/../key.ui/examples/standard_key/arith/check_jdiv.key 
16701      DEBUG main            d.u.i.k.p.i.AbstractProblemLoader Environment load took 209.1ns 
16702      INFO  main            d.u.i.k.p.i.AbstractProblemLoader Creating init config 
19122      DEBUG main            d.u.i.k.p.i.AbstractProblemLoader Init config took 2.42s 
19145      INFO  main            d.u.i.k.p.i.AbstractProblemLoader Replaying proof check_jdiv.key 
19150      DEBUG main            d.u.i.k.p.i.IntermediateProofReplayer Proof replay took 7.3ns 
24329      INFO  main            d.u.i.k.p.r.p.TestFile    ... finished proof: closed. 
24537      INFO  main            d.u.i.k.p.i.AbstractProblemLoader Loading environment from /home/runner/work/key/key/key.core/../key.ui/examples/standard_key/arith/check_jdiv.key.proof 
24538      DEBUG main            d.u.i.k.p.i.AbstractProblemLoader Environment load took 974.62ns 
24543      INFO  main            d.u.i.k.p.i.AbstractProblemLoader Creating init config 
26961      DEBUG main            d.u.i.k.p.i.AbstractProblemLoader Init config took 2.42s 
26997      INFO  main            d.u.i.k.p.i.AbstractProblemLoader Replaying proof check_jdiv.key.proof 
27414      DEBUG main            d.u.i.k.p.i.IntermediateProofReplayer Proof replay took 362.62ms 
27416      DEBUG main            d.u.i.k.p.r.p.TestFile    ... success: reloaded. 
27418      INFO  main            d.u.i.k.p.r.p.TestFile    Now processing file /home/runner/work/key/key/key.core/../key.ui/examples/standard_key/arith/check_jdiv_concrete.key 
27418      INFO  main            d.u.i.k.p.i.AbstractProblemLoader Loading environment from /home/runner/work/key/key/key.core/../key.ui/examples/standard_key/arith/check_jdiv_concrete.key 
27419      DEBUG main            d.u.i.k.p.i.AbstractProblemLoader Environment load took 232.1ns 
27421      INFO  main            d.u.i.k.p.i.AbstractProblemLoader Creating init config 
29782      DEBUG main            d.u.i.k.p.i.AbstractProblemLoader Init config took 2.36s 
29803      INFO  main            d.u.i.k.p.i.AbstractProblemLoader Replaying proof check_jdiv_concrete.key 
29805      DEBUG main            d.u.i.k.p.i.IntermediateProofReplayer Proof replay took 6.1ns 
29909      INFO  main            d.u.i.k.p.r.p.TestFile    ... finished proof: closed. 
30128      INFO  main            d.u.i.k.p.i.AbstractProblemLoader Loading environment from /home/runner/work/key/key/key.core/../key.ui/examples/standard_key/arith/check_jdiv_concrete.key.proof 
30128      DEBUG main            d.u.i.k.p.i.AbstractProblemLoader Environment load took 299.11ns 
30129      INFO  main            d.u.i.k.p.i.AbstractProblemLoader Creating init config 
32426      DEBUG main            d.u.i.k.p.i.AbstractProblemLoader Init config took 2.3s 
32448      INFO  main            d.u.i.k.p.i.AbstractProblemLoader Replaying proof check_jdiv_concrete.key.proof 
32454      DEBUG main            d.u.i.k.p.i.IntermediateProofReplayer Proof replay took 3.68ms 
32456      DEBUG main            d.u.i.k.p.r.p.TestFile    ... success: reloaded. 
32457      INFO  main            d.u.i.k.p.r.p.TestFile    Now processing file /home/runner/work/key/key/key.core/../key.ui/examples/standard_key/arith/check_jdiv_instantiated.key 
32457      INFO  main            d.u.i.k.p.i.AbstractProblemLoader Loading environment from /home/runner/work/key/key/key.core/../key.ui/examples/standard_key/arith/check_jdiv_instantiated.key 
32458      DEBUG main            d.u.i.k.p.i.AbstractProblemLoader Environment load took 217ns 
32459      INFO  main            d.u.i.k.p.i.AbstractProblemLoader Creating init config 
34862      DEBUG main            d.u.i.k.p.i.AbstractProblemLoader Init config took 2.4s 
34888      INFO  main            d.u.i.k.p.i.AbstractProblemLoader Replaying proof check_jdiv_instantiated.key 
34890      DEBUG main            d.u.i.k.p.i.IntermediateProofReplayer Proof replay took 6.5ns 
38340      INFO  main            d.u.i.k.p.r.p.TestFile    ... finished proof: closed. 
38552      INFO  main            d.u.i.k.p.i.AbstractProblemLoader Loading environment from /home/runner/work/key/key/key.core/../key.ui/examples/standard_key/arith/check_jdiv_instantiated.key.proof 
38552      DEBUG main            d.u.i.k.p.i.AbstractProblemLoader Environment load took 144.4ns 
38554      INFO  main            d.u.i.k.p.i.AbstractProblemLoader Creating init config 
40849      DEBUG main            d.u.i.k.p.i.AbstractProblemLoader Init config took 2.3s 
40870      INFO  main            d.u.i.k.p.i.AbstractProblemLoader Replaying proof check_jdiv_instantiated.key.proof 
41104      DEBUG main            d.u.i.k.p.i.IntermediateProofReplayer Proof replay took 208.4ms 
41107      DEBUG main            d.u.i.k.p.r.p.TestFile    ... success: reloaded. 
41108      INFO  main            d.u.i.k.p.r.p.TestFile    Now processing file /home/runner/work/key/key/key.core/../key.ui/examples/standard_key/arith/check_jmod.key 
41108      INFO  main            d.u.i.k.p.i.AbstractProblemLoader Loading environment from /home/runner/work/key/key/key.core/../key.ui/examples/standard_key/arith/check_jmod.key 
41109      DEBUG main            d.u.i.k.p.i.AbstractProblemLoader Environment load took 344.11ns 
41110      INFO  main            d.u.i.k.p.i.AbstractProblemLoader Creating init config 
43464      DEBUG main            d.u.i.k.p.i.AbstractProblemLoader Init config took 2.35s 
43485      INFO  main            d.u.i.k.p.i.AbstractProblemLoader Replaying proof check_jmod.key 
43488      DEBUG main            d.u.i.k.p.i.IntermediateProofReplayer Proof replay took 7.3ns 
44095      INFO  main            d.u.i.k.p.r.p.TestFile    ... finished proof: closed. 
44334      INFO  main            d.u.i.k.p.i.AbstractProblemLoader Loading environment from /home/runner/work/key/key/key.core/../key.ui/examples/standard_key/arith/check_jmod.key.proof 
44335      DEBUG main            d.u.i.k.p.i.AbstractProblemLoader Environment load took 473.61ns 
44336      INFO  main            d.u.i.k.p.i.AbstractProblemLoader Creating init config 
46592      DEBUG main            d.u.i.k.p.i.AbstractProblemLoader Init config took 2.26s 
46610      INFO  main            d.u.i.k.p.i.AbstractProblemLoader Replaying proof check_jmod.key.proof 
46656      DEBUG main            d.u.i.k.p.i.IntermediateProofReplayer Proof replay took 40.51ms 
46658      DEBUG main            d.u.i.k.p.r.p.TestFile    ... success: reloaded. 
46659      INFO  main            d.u.i.k.p.r.p.TestFile    Now processing file /home/runner/work/key/key/key.core/../key.ui/examples/standard_key/arith/complexExpressions.key 
46660      INFO  main            d.u.i.k.p.i.AbstractProblemLoader Loading environment from /home/runner/work/key/key/key.core/../key.ui/examples/standard_key/arith/complexExpressions.key 
46660      DEBUG main            d.u.i.k.p.i.AbstractProblemLoader Environment load took 217.4ns 
46661      INFO  main            d.u.i.k.p.i.AbstractProblemLoader Creating init config 
49041      DEBUG main            d.u.i.k.p.i.AbstractProblemLoader Init config took 2.38s 
49062      INFO  main            d.u.i.k.p.i.AbstractProblemLoader Replaying proof complexExpressions.key 
49064      DEBUG main            d.u.i.k.p.i.IntermediateProofReplayer Proof replay took 10.7ns 
49169      INFO  main            d.u.i.k.p.r.p.TestFile    ... finished proof: closed. 
49421      INFO  main            d.u.i.k.p.i.AbstractProblemLoader Loading environment from /home/runner/work/key/key/key.core/../key.ui/examples/standard_key/arith/complexExpressions.key.proof 
49421      DEBUG main            d.u.i.k.p.i.AbstractProblemLoader Environment load took 134ns 
49422      INFO  main            d.u.i.k.p.i.AbstractProblemLoader Creating init config 
51713      DEBUG main            d.u.i.k.p.i.AbstractProblemLoader Init config took 2.29s 
51732      INFO  main            d.u.i.k.p.i.AbstractProblemLoader Replaying proof complexExpressions.key.proof 
51744      DEBUG main            d.u.i.k.p.i.IntermediateProofReplayer Proof replay took 9.2ms 
51745      DEBUG main            d.u.i.k.p.r.p.TestFile    ... success: reloaded. 
51746      INFO  main            d.u.i.k.p.r.p.TestFile    Now processing file /home/runner/work/key/key/key.core/../key.ui/examples/standard_key/arith/compound_unaryMinus.key 
51747      INFO  main            d.u.i.k.p.i.AbstractProblemLoader Loading environment from /home/runner/work/key/key/key.core/../key.ui/examples/standard_key/arith/compound_unaryMinus.key 
51747      DEBUG main            d.u.i.k.p.i.AbstractProblemLoader Environment load took 231.7ns 
51748      INFO  main            d.u.i.k.p.i.AbstractProblemLoader Creating init config 
54077      DEBUG main            d.u.i.k.p.i.AbstractProblemLoader Init config took 2.33s 
54097      INFO  main            d.u.i.k.p.i.AbstractProblemLoader Replaying proof compound_unaryMinus.key 
54099      DEBUG main            d.u.i.k.p.i.IntermediateProofReplayer Proof replay took 6.8ns 
54201      INFO  main            d.u.i.k.p.r.p.TestFile    ... finished proof: closed. 
54366      INFO  main            d.u.i.k.p.i.AbstractProblemLoader Loading environment from /home/runner/work/key/key/key.core/../key.ui/examples/standard_key/arith/compound_unaryMinus.key.proof 
54366      DEBUG main            d.u.i.k.p.i.AbstractProblemLoader Environment load took 127.2ns 
54367      INFO  main            d.u.i.k.p.i.AbstractProblemLoader Creating init config 
56678      DEBUG main            d.u.i.k.p.i.AbstractProblemLoader Init config took 2.31s 
56697      INFO  main            d.u.i.k.p.i.AbstractProblemLoader Replaying proof compound_unaryMinus.key.proof 
56704      DEBUG main            d.u.i.k.p.i.IntermediateProofReplayer Proof replay took 4.99ms 
56705      DEBUG main            d.u.i.k.p.r.p.TestFile    ... success: reloaded. 
56706      INFO  main            d.u.i.k.p.r.p.TestFile    Now processing file /home/runner/work/key/key/key.core/../key.ui/examples/standard_key/arith/computation.key 
56708      INFO  main            d.u.i.k.p.i.AbstractProblemLoader Loading environment from /home/runner/work/key/key/key.core/../key.ui/examples/standard_key/arith/computation.key 
56708      DEBUG main            d.u.i.k.p.i.AbstractProblemLoader Environment load took 135.4ns 
56710      INFO  main            d.u.i.k.p.i.AbstractProblemLoader Creating init config 
59034      DEBUG main            d.u.i.k.p.i.AbstractProblemLoader Init config took 2.32s 
59053      INFO  main            d.u.i.k.p.i.AbstractProblemLoader Replaying proof computation.key 
59055      DEBUG main            d.u.i.k.p.i.IntermediateProofReplayer Proof replay took 6.7ns 
60461      INFO  main            d.u.i.k.p.r.p.TestFile    ... finished proof: closed. 
60727      INFO  main            d.u.i.k.p.i.AbstractProblemLoader Loading environment from /home/runner/work/key/key/key.core/../key.ui/examples/standard_key/arith/computation.key.proof 
60727      DEBUG main            d.u.i.k.p.i.AbstractProblemLoader Environment load took 418.31ns 
60729      INFO  main            d.u.i.k.p.i.AbstractProblemLoader Creating init config 
62960      DEBUG main            d.u.i.k.p.i.AbstractProblemLoader Init config took 2.23s 
62978      INFO  main            d.u.i.k.p.i.AbstractProblemLoader Replaying proof computation.key.proof 
63120      DEBUG main            d.u.i.k.p.i.IntermediateProofReplayer Proof replay took 136.25ms 
63122      DEBUG main            d.u.i.k.p.r.p.TestFile    ... success: reloaded. 
63123      INFO  main            d.u.i.k.p.r.p.TestFile    Now processing file /home/runner/work/key/key/key.core/../key.ui/examples/standard_key/arith/cubicSum.key 
63123      INFO  main            d.u.i.k.p.i.AbstractProblemLoader Loading environment from /home/runner/work/key/key/key.core/../key.ui/examples/standard_key/arith/cubicSum.key 
63124      DEBUG main            d.u.i.k.p.i.AbstractProblemLoader Environment load took 220.71ns 
63125      INFO  main            d.u.i.k.p.i.AbstractProblemLoader Creating init config 
65696      DEBUG main            d.u.i.k.p.i.AbstractProblemLoader Init config took 2.57s 
65718      INFO  main            d.u.i.k.p.i.AbstractProblemLoader Replaying proof cubicSum.key 
65720      DEBUG main            d.u.i.k.p.i.IntermediateProofReplayer Proof replay took 6.5ns 
66741      INFO  main            d.u.i.k.p.r.p.TestFile    ... finished proof: closed. 
67089      INFO  main            d.u.i.k.p.i.AbstractProblemLoader Loading environment from /home/runner/work/key/key/key.core/../key.ui/examples/standard_key/arith/cubicSum.key.proof 
67090      DEBUG main            d.u.i.k.p.i.AbstractProblemLoader Environment load took 459.61ns 
67091      INFO  main            d.u.i.k.p.i.AbstractProblemLoader Creating init config 
69539      DEBUG main            d.u.i.k.p.i.AbstractProblemLoader Init config took 2.45s 
69557      INFO  main            d.u.i.k.p.i.AbstractProblemLoader Replaying proof cubicSum.key.proof 
69669      DEBUG main            d.u.i.k.p.i.IntermediateProofReplayer Proof replay took 108.08ms 
69671      DEBUG main            d.u.i.k.p.r.p.TestFile    ... success: reloaded. 
69672      INFO  main            d.u.i.k.p.r.p.TestFile    Now processing file /home/runner/work/key/key/key.core/../key.ui/examples/standard_key/arith/divByZero.key 
69672      INFO  main            d.u.i.k.p.i.AbstractProblemLoader Loading environment from /home/runner/work/key/key/key.core/../key.ui/examples/standard_key/arith/divByZero.key 
69673      DEBUG main            d.u.i.k.p.i.AbstractProblemLoader Environment load took 221.1ns 
69674      INFO  main            d.u.i.k.p.i.AbstractProblemLoader Creating init config 
72143      DEBUG main            d.u.i.k.p.i.AbstractProblemLoader Init config took 2.47s 
72159      INFO  main            d.u.i.k.p.i.AbstractProblemLoader Replaying proof divByZero.key 
72162      DEBUG main            d.u.i.k.p.i.IntermediateProofReplayer Proof replay took 6.2ns 
72364      INFO  main            d.u.i.k.p.r.p.TestFile    ... finished proof: closed. 
72577      INFO  main            d.u.i.k.p.i.AbstractProblemLoader Loading environment from /home/runner/work/key/key/key.core/../key.ui/examples/standard_key/arith/divByZero.key.proof 
72578      DEBUG main            d.u.i.k.p.i.AbstractProblemLoader Environment load took 131.6ns 
72579      INFO  main            d.u.i.k.p.i.AbstractProblemLoader Creating init config 
74964      DEBUG main            d.u.i.k.p.i.AbstractProblemLoader Init config took 2.38s 
74980      INFO  main            d.u.i.k.p.i.AbstractProblemLoader Replaying proof divByZero.key.proof 
75015      DEBUG main            d.u.i.k.p.i.IntermediateProofReplayer Proof replay took 31.83ms 
75016      DEBUG main            d.u.i.k.p.r.p.TestFile    ... success: reloaded. 
75017      INFO  main            d.u.i.k.p.r.p.TestFile    Now processing file /home/runner/work/key/key/key.core/../key.ui/examples/standard_key/arith/divisionAssoc.key 
75017      INFO  main            d.u.i.k.p.i.AbstractProblemLoader Loading environment from /home/runner/work/key/key/key.core/../key.ui/examples/standard_key/arith/divisionAssoc.key 
75017      DEBUG main            d.u.i.k.p.i.AbstractProblemLoader Environment load took 149.8ns 
75018      INFO  main            d.u.i.k.p.i.AbstractProblemLoader Creating init config 
77389      DEBUG main            d.u.i.k.p.i.AbstractProblemLoader Init config took 2.37s 
77406      INFO  main            d.u.i.k.p.i.AbstractProblemLoader Replaying proof divisionAssoc.key 
77408      DEBUG main            d.u.i.k.p.i.IntermediateProofReplayer Proof replay took 6ns 
78112      INFO  main            d.u.i.k.p.r.p.TestFile    ... finished proof: closed. 
78314      INFO  main            d.u.i.k.p.i.AbstractProblemLoader Loading environment from /home/runner/work/key/key/key.core/../key.ui/examples/standard_key/arith/divisionAssoc.key.proof 
78315      DEBUG main            d.u.i.k.p.i.AbstractProblemLoader Environment load took 469.61ns 
78316      INFO  main            d.u.i.k.p.i.AbstractProblemLoader Creating init config 
80655      DEBUG main            d.u.i.k.p.i.AbstractProblemLoader Init config took 2.34s 
80670      INFO  main            d.u.i.k.p.i.AbstractProblemLoader Replaying proof divisionAssoc.key.proof 
80726      DEBUG main            d.u.i.k.p.i.IntermediateProofReplayer Proof replay took 50.73ms 
80727      DEBUG main            d.u.i.k.p.r.p.TestFile    ... success: reloaded. 
80728      INFO  main            d.u.i.k.p.r.p.TestFile    Now processing file /home/runner/work/key/key/key.core/../key.ui/examples/standard_key/arith/divisionBy2.key 
80729      INFO  main            d.u.i.k.p.i.AbstractProblemLoader Loading environment from /home/runner/work/key/key/key.core/../key.ui/examples/standard_key/arith/divisionBy2.key 
80729      DEBUG main            d.u.i.k.p.i.AbstractProblemLoader Environment load took 214.6ns 
80730      INFO  main            d.u.i.k.p.i.AbstractProblemLoader Creating init config 
83089      DEBUG main            d.u.i.k.p.i.AbstractProblemLoader Init config took 2.36s 
83108      INFO  main            d.u.i.k.p.i.AbstractProblemLoader Replaying proof divisionBy2.key 
83109      DEBUG main            d.u.i.k.p.i.IntermediateProofReplayer Proof replay took 7.4ns 
83211      INFO  main            d.u.i.k.p.r.p.TestFile    ... finished proof: closed. 
83429      INFO  main            d.u.i.k.p.i.AbstractProblemLoader Loading environment from /home/runner/work/key/key/key.core/../key.ui/examples/standard_key/arith/divisionBy2.key.proof 
83429      DEBUG main            d.u.i.k.p.i.AbstractProblemLoader Environment load took 124.1ns 
83430      INFO  main            d.u.i.k.p.i.AbstractProblemLoader Creating init config 
85714      DEBUG main            d.u.i.k.p.i.AbstractProblemLoader Init config took 2.28s 
85728      INFO  main            d.u.i.k.p.i.AbstractProblemLoader Replaying proof divisionBy2.key.proof 
85735      DEBUG main            d.u.i.k.p.i.IntermediateProofReplayer Proof replay took 4.61ms 
85736      DEBUG main            d.u.i.k.p.r.p.TestFile    ... success: reloaded. 
85736      INFO  main            d.u.i.k.p.r.p.TestFile    Now processing file /home/runner/work/key/key/key.core/../key.ui/examples/standard_key/arith/euclidean/gcdHelp-post.key 
85737      INFO  main            d.u.i.k.p.i.AbstractProblemLoader Loading environment from /home/runner/work/key/key/key.core/../key.ui/examples/standard_key/arith/euclidean/gcdHelp-post.key 
85737      DEBUG main            d.u.i.k.p.i.AbstractProblemLoader Environment load took 106.2ns 
85738      INFO  main            d.u.i.k.p.i.AbstractProblemLoader Creating init config 
88264      DEBUG main            d.u.i.k.p.i.AbstractProblemLoader Init config took 2.53s 
88281      INFO  main            d.u.i.k.p.i.AbstractProblemLoader Replaying proof gcdHelp-post.key 
88283      DEBUG main            d.u.i.k.p.i.IntermediateProofReplayer Proof replay took 5.8ns 
91212      INFO  main            d.u.i.k.p.r.p.TestFile    ... finished proof: closed. 
91452      INFO  main            d.u.i.k.p.i.AbstractProblemLoader Loading environment from /home/runner/work/key/key/key.core/../key.ui/examples/standard_key/arith/euclidean/gcdHelp-post.key.proof 
91452      DEBUG main            d.u.i.k.p.i.AbstractProblemLoader Environment load took 623.01ns 
91454      INFO  main            d.u.i.k.p.i.AbstractProblemLoader Creating init config 
93847      DEBUG main            d.u.i.k.p.i.AbstractProblemLoader Init config took 2.39s 
93864      INFO  main            d.u.i.k.p.i.AbstractProblemLoader Replaying proof gcdHelp-post.key.proof 
94072      DEBUG main            d.u.i.k.p.i.IntermediateProofReplayer Proof replay took 197.81ms 
94074      DEBUG main            d.u.i.k.p.r.p.TestFile    ... success: reloaded. 
94076      INFO  main            d.u.i.k.p.r.p.TestFile    Now processing file /home/runner/work/key/key/key.core/../key.ui/examples/standard_key/arith/gemplusDecimal/add.key 
94076      INFO  main            d.u.i.k.p.i.AbstractProblemLoader Loading environment from /home/runner/work/key/key/key.core/../key.ui/examples/standard_key/arith/gemplusDecimal/add.key 
94076      DEBUG main            d.u.i.k.p.i.AbstractProblemLoader Environment load took 241.41ns 
94078      INFO  main            d.u.i.k.p.i.AbstractProblemLoader Creating init config 
96552      DEBUG main            d.u.i.k.p.i.AbstractProblemLoader Init config took 2.47s 
96568      INFO  main            d.u.i.k.p.i.AbstractProblemLoader Replaying proof add.key 
96570      DEBUG main            d.u.i.k.p.i.IntermediateProofReplayer Proof replay took 6.3ns 
137995     INFO  main            d.u.i.k.p.r.p.TestFile    ... finished proof: closed. 
138376     INFO  main            d.u.i.k.p.i.AbstractProblemLoader Loading environment from /home/runner/work/key/key/key.core/../key.ui/examples/standard_key/arith/gemplusDecimal/add.key.proof 
138376     DEBUG main            d.u.i.k.p.i.AbstractProblemLoader Environment load took 483.61ns 
138387     INFO  main            d.u.i.k.p.i.AbstractProblemLoader Creating init config 
140760     DEBUG main            d.u.i.k.p.i.AbstractProblemLoader Init config took 2.37s 
140778     INFO  main            d.u.i.k.p.i.AbstractProblemLoader Replaying proof add.key.proof 
144678     DEBUG main            d.u.i.k.p.i.IntermediateProofReplayer Proof replay took 3.76s 
144686     DEBUG main            d.u.i.k.p.r.p.TestFile    ... success: reloaded. 
144688     INFO  main            d.u.i.k.p.r.p.TestFile    Now processing file /home/runner/work/key/key/key.core/../key.ui/examples/standard_key/arith/jdivevenodd.key 
144688     INFO  main            d.u.i.k.p.i.AbstractProblemLoader Loading environment from /home/runner/work/key/key/key.core/../key.ui/examples/standard_key/arith/jdivevenodd.key 
144688     DEBUG main            d.u.i.k.p.i.AbstractProblemLoader Environment load took 134.1ns 
144689     INFO  main            d.u.i.k.p.i.AbstractProblemLoader Creating init config 
147109     DEBUG main            d.u.i.k.p.i.AbstractProblemLoader Init config took 2.42s 
147122     INFO  main            d.u.i.k.p.i.AbstractProblemLoader Replaying proof jdivevenodd.key 
147124     DEBUG main            d.u.i.k.p.i.IntermediateProofReplayer Proof replay took 27.7ns 
147327     INFO  main            d.u.i.k.p.r.p.TestFile    ... finished proof: closed. 
147670     INFO  main            d.u.i.k.p.i.AbstractProblemLoader Loading environment from /home/runner/work/key/key/key.core/../key.ui/examples/standard_key/arith/jdivevenodd.key.proof 
147670     DEBUG main            d.u.i.k.p.i.AbstractProblemLoader Environment load took 122.5ns 
147671     INFO  main            d.u.i.k.p.i.AbstractProblemLoader Creating init config 
149930     DEBUG main            d.u.i.k.p.i.AbstractProblemLoader Init config took 2.26s 
149944     INFO  main            d.u.i.k.p.i.AbstractProblemLoader Replaying proof jdivevenodd.key.proof 
149967     DEBUG main            d.u.i.k.p.i.IntermediateProofReplayer Proof replay took 20.57ms 
149968     DEBUG main            d.u.i.k.p.r.p.TestFile    ... success: reloaded. 
149970     INFO  main            d.u.i.k.p.r.p.TestFile    Now processing file /home/runner/work/key/key/key.core/../key.ui/examples/standard_key/arith/median.key 
149970     INFO  main            d.u.i.k.p.i.AbstractProblemLoader Loading environment from /home/runner/work/key/key/key.core/../key.ui/examples/standard_key/arith/median.key 
149971     DEBUG main            d.u.i.k.p.i.AbstractProblemLoader Environment load took 117.2ns 
149972     INFO  main            d.u.i.k.p.i.AbstractProblemLoader Creating init config 
152299     DEBUG main            d.u.i.k.p.i.AbstractProblemLoader Init config took 2.33s 
152315     INFO  main            d.u.i.k.p.i.AbstractProblemLoader Replaying proof median.key 
152317     DEBUG main            d.u.i.k.p.i.IntermediateProofReplayer Proof replay took 6.1ns 
167519     INFO  main            d.u.i.k.p.r.p.TestFile    ... finished proof: closed. 
167854     INFO  main            d.u.i.k.p.i.AbstractProblemLoader Loading environment from /home/runner/work/key/key/key.core/../key.ui/examples/standard_key/arith/median.key.proof 
167859     DEBUG main            d.u.i.k.p.i.AbstractProblemLoader Environment load took 5.55ms 
167863     INFO  main            d.u.i.k.p.i.AbstractProblemLoader Creating init config 
170121     DEBUG main            d.u.i.k.p.i.AbstractProblemLoader Init config took 2.26s 
170137     INFO  main            d.u.i.k.p.i.AbstractProblemLoader Replaying proof median.key.proof 
171294     DEBUG main            d.u.i.k.p.i.IntermediateProofReplayer Proof replay took 1.09s 
171298     DEBUG main            d.u.i.k.p.r.p.TestFile    ... success: reloaded. 
171299     INFO  main            d.u.i.k.p.r.p.TestFile    Now processing file /home/runner/work/key/key/key.core/../key.ui/examples/standard_key/arith/mod1.key 
171299     INFO  main            d.u.i.k.p.i.AbstractProblemLoader Loading environment from /home/runner/work/key/key/key.core/../key.ui/examples/standard_key/arith/mod1.key 
171299     DEBUG main            d.u.i.k.p.i.AbstractProblemLoader Environment load took 92ns 
171300     INFO  main            d.u.i.k.p.i.AbstractProblemLoader Creating init config 
173658     DEBUG main            d.u.i.k.p.i.AbstractProblemLoader Init config took 2.36s 
173672     INFO  main            d.u.i.k.p.i.AbstractProblemLoader Replaying proof mod1.key 
173674     DEBUG main            d.u.i.k.p.i.IntermediateProofReplayer Proof replay took 5.8ns 
173777     INFO  main            d.u.i.k.p.r.p.TestFile    ... finished proof: closed. 
174095     INFO  main            d.u.i.k.p.i.AbstractProblemLoader Loading environment from /home/runner/work/key/key/key.core/../key.ui/examples/standard_key/arith/mod1.key.proof 
174095     DEBUG main            d.u.i.k.p.i.AbstractProblemLoader Environment load took 105.3ns 
174096     INFO  main            d.u.i.k.p.i.AbstractProblemLoader Creating init config 
176388     DEBUG main            d.u.i.k.p.i.AbstractProblemLoader Init config took 2.29s 
176405     INFO  main            d.u.i.k.p.i.AbstractProblemLoader Replaying proof mod1.key.proof 
176409     DEBUG main            d.u.i.k.p.i.IntermediateProofReplayer Proof replay took 2.26ms 
176410     DEBUG main            d.u.i.k.p.r.p.TestFile    ... success: reloaded. 
176411     INFO  main            d.u.i.k.p.r.p.TestFile    Now processing file /home/runner/work/key/key/key.core/../key.ui/examples/standard_key/arith/mod2.key 
176411     INFO  main            d.u.i.k.p.i.AbstractProblemLoader Loading environment from /home/runner/work/key/key/key.core/../key.ui/examples/standard_key/arith/mod2.key 
176411     DEBUG main            d.u.i.k.p.i.AbstractProblemLoader Environment load took 60.4ns 
176412     INFO  main            d.u.i.k.p.i.AbstractProblemLoader Creating init config 
178741     DEBUG main            d.u.i.k.p.i.AbstractProblemLoader Init config took 2.33s 
178759     INFO  main            d.u.i.k.p.i.AbstractProblemLoader Replaying proof mod2.key 
178763     DEBUG main            d.u.i.k.p.i.IntermediateProofReplayer Proof replay took 7.9ns 
178865     INFO  main            d.u.i.k.p.r.p.TestFile    ... finished proof: closed. 
179097     INFO  main            d.u.i.k.p.i.AbstractProblemLoader Loading environment from /home/runner/work/key/key/key.core/../key.ui/examples/standard_key/arith/mod2.key.proof 
179097     DEBUG main            d.u.i.k.p.i.AbstractProblemLoader Environment load took 104ns 
179098     INFO  main            d.u.i.k.p.i.AbstractProblemLoader Creating init config 
181403     DEBUG main            d.u.i.k.p.i.AbstractProblemLoader Init config took 2.3s 
181416     INFO  main            d.u.i.k.p.i.AbstractProblemLoader Replaying proof mod2.key.proof 
181419     DEBUG main            d.u.i.k.p.i.IntermediateProofReplayer Proof replay took 1.49ms 
181420     DEBUG main            d.u.i.k.p.r.p.TestFile    ... success: reloaded. 
181421     INFO  main            d.u.i.k.p.r.p.TestFile    Now processing file /home/runner/work/key/key/key.core/../key.ui/examples/standard_key/arith/mod7.key 
181422     INFO  main            d.u.i.k.p.i.AbstractProblemLoader Loading environment from /home/runner/work/key/key/key.core/../key.ui/examples/standard_key/arith/mod7.key 
181422     DEBUG main            d.u.i.k.p.i.AbstractProblemLoader Environment load took 111ns 
181423     INFO  main            d.u.i.k.p.i.AbstractProblemLoader Creating init config 
183784     DEBUG main            d.u.i.k.p.i.AbstractProblemLoader Init config took 2.36s 
183798     INFO  main            d.u.i.k.p.i.AbstractProblemLoader Replaying proof mod7.key 
183799     DEBUG main            d.u.i.k.p.i.IntermediateProofReplayer Proof replay took 5.9ns 
183905     INFO  main            d.u.i.k.p.r.p.TestFile    ... finished proof: closed. 
184149     INFO  main            d.u.i.k.p.i.AbstractProblemLoader Loading environment from /home/runner/work/key/key/key.core/../key.ui/examples/standard_key/arith/mod7.key.proof 
184150     DEBUG main            d.u.i.k.p.i.AbstractProblemLoader Environment load took 109.2ns 
184151     INFO  main            d.u.i.k.p.i.AbstractProblemLoader Creating init config 
186435     DEBUG main            d.u.i.k.p.i.AbstractProblemLoader Init config took 2.28s 
186448     INFO  main            d.u.i.k.p.i.AbstractProblemLoader Replaying proof mod7.key.proof 
186455     DEBUG main            d.u.i.k.p.i.IntermediateProofReplayer Proof replay took 5.09ms 
186456     DEBUG main            d.u.i.k.p.r.p.TestFile    ... success: reloaded. 
186457     INFO  main            d.u.i.k.p.r.p.TestFile    Now processing file /home/runner/work/key/key/key.core/../key.ui/examples/standard_key/arith/overflow_hija.key 
186457     INFO  main            d.u.i.k.p.i.AbstractProblemLoader Loading environment from /home/runner/work/key/key/key.core/../key.ui/examples/standard_key/arith/overflow_hija.key 
186457     DEBUG main            d.u.i.k.p.i.AbstractProblemLoader Environment load took 55.5ns 
186459     INFO  main            d.u.i.k.p.i.AbstractProblemLoader Creating init config 
188797     DEBUG main            d.u.i.k.p.i.AbstractProblemLoader Init config took 2.34s 
188814     INFO  main            d.u.i.k.p.i.AbstractProblemLoader Replaying proof overflow_hija.key 
188816     DEBUG main            d.u.i.k.p.i.IntermediateProofReplayer Proof replay took 6.5ns 
193337     INFO  main            d.u.i.k.p.r.p.TestFile    ... finished proof: closed. 
193623     INFO  main            d.u.i.k.p.i.AbstractProblemLoader Loading environment from /home/runner/work/key/key/key.core/../key.ui/examples/standard_key/arith/overflow_hija.key.proof 
193623     DEBUG main            d.u.i.k.p.i.AbstractProblemLoader Environment load took 417.61ns 
193626     INFO  main            d.u.i.k.p.i.AbstractProblemLoader Creating init config 
195908     DEBUG main            d.u.i.k.p.i.AbstractProblemLoader Init config took 2.28s 
195926     INFO  main            d.u.i.k.p.i.AbstractProblemLoader Replaying proof overflow_hija.key.proof 
196304     DEBUG main            d.u.i.k.p.i.IntermediateProofReplayer Proof replay took 367.74ms 
196306     DEBUG main            d.u.i.k.p.r.p.TestFile    ... success: reloaded. 
196307     INFO  main            d.u.i.k.p.r.p.TestFile    Now processing file /home/runner/work/key/key/key.core/../key.ui/examples/standard_key/arith/poly_division0.key 
196307     INFO  main            d.u.i.k.p.i.AbstractProblemLoader Loading environment from /home/runner/work/key/key/key.core/../key.ui/examples/standard_key/arith/poly_division0.key 
196307     DEBUG main            d.u.i.k.p.i.AbstractProblemLoader Environment load took 85.4ns 
196308     INFO  main            d.u.i.k.p.i.AbstractProblemLoader Creating init config 
198686     DEBUG main            d.u.i.k.p.i.AbstractProblemLoader Init config took 2.38s 
198700     INFO  main            d.u.i.k.p.i.AbstractProblemLoader Replaying proof poly_division0.key 
198702     DEBUG main            d.u.i.k.p.i.IntermediateProofReplayer Proof replay took 7ns 
198804     INFO  main            d.u.i.k.p.r.p.TestFile    ... finished proof: closed. 
199114     INFO  main            d.u.i.k.p.i.AbstractProblemLoader Loading environment from /home/runner/work/key/key/key.core/../key.ui/examples/standard_key/arith/poly_division0.key.proof 
199114     DEBUG main            d.u.i.k.p.i.AbstractProblemLoader Environment load took 118.2ns 
199116     INFO  main            d.u.i.k.p.i.AbstractProblemLoader Creating init config 
201379     DEBUG main            d.u.i.k.p.i.AbstractProblemLoader Init config took 2.26s 
201392     INFO  main            d.u.i.k.p.i.AbstractProblemLoader Replaying proof poly_division0.key.proof 
201402     DEBUG main            d.u.i.k.p.i.IntermediateProofReplayer Proof replay took 7.45ms 
201403     DEBUG main            d.u.i.k.p.r.p.TestFile    ... success: reloaded. 
201403     INFO  main            d.u.i.k.p.r.p.TestFile    Now processing file /home/runner/work/key/key/key.core/../key.ui/examples/standard_key/arith/poly_division1.key 
201403     INFO  main            d.u.i.k.p.i.AbstractProblemLoader Loading environment from /home/runner/work/key/key/key.core/../key.ui/examples/standard_key/arith/poly_division1.key 
201403     DEBUG main            d.u.i.k.p.i.AbstractProblemLoader Environment load took 74.3ns 
201404     INFO  main            d.u.i.k.p.i.AbstractProblemLoader Creating init config 
203739     DEBUG main            d.u.i.k.p.i.AbstractProblemLoader Init config took 2.33s 
203752     INFO  main            d.u.i.k.p.i.AbstractProblemLoader Replaying proof poly_division1.key 
203753     DEBUG main            d.u.i.k.p.i.IntermediateProofReplayer Proof replay took 7.3ns 
203856     INFO  main            d.u.i.k.p.r.p.TestFile    ... finished proof: closed. 
204122     INFO  main            d.u.i.k.p.i.AbstractProblemLoader Loading environment from /home/runner/work/key/key/key.core/../key.ui/examples/standard_key/arith/poly_division1.key.proof 
204122     DEBUG main            d.u.i.k.p.i.AbstractProblemLoader Environment load took 101ns 
204124     INFO  main            d.u.i.k.p.i.AbstractProblemLoader Creating init config 
206393     DEBUG main            d.u.i.k.p.i.AbstractProblemLoader Init config took 2.27s 
206409     INFO  main            d.u.i.k.p.i.AbstractProblemLoader Replaying proof poly_division1.key.proof 
206417     DEBUG main            d.u.i.k.p.i.IntermediateProofReplayer Proof replay took 6.13ms 
206417     DEBUG main            d.u.i.k.p.r.p.TestFile    ... success: reloaded. 
206418     INFO  main            d.u.i.k.p.r.p.TestFile    Now processing file /home/runner/work/key/key/key.core/../key.ui/examples/standard_key/inEqSimp/division.key 
206418     INFO  main            d.u.i.k.p.i.AbstractProblemLoader Loading environment from /home/runner/work/key/key/key.core/../key.ui/examples/standard_key/inEqSimp/division.key 
206418     DEBUG main            d.u.i.k.p.i.AbstractProblemLoader Environment load took 88.2ns 
206419     INFO  main            d.u.i.k.p.i.AbstractProblemLoader Creating init config 
208735     DEBUG main            d.u.i.k.p.i.AbstractProblemLoader Init config took 2.32s 
208750     INFO  main            d.u.i.k.p.i.AbstractProblemLoader Replaying proof division.key 
208752     DEBUG main            d.u.i.k.p.i.IntermediateProofReplayer Proof replay took 6.7ns 
210658     INFO  main            d.u.i.k.p.r.p.TestFile    ... finished proof: closed. 
210936     INFO  main            d.u.i.k.p.i.AbstractProblemLoader Loading environment from /home/runner/work/key/key/key.core/../key.ui/examples/standard_key/inEqSimp/division.key.proof 
210936     DEBUG main            d.u.i.k.p.i.AbstractProblemLoader Environment load took 429.21ns 
210938     INFO  main            d.u.i.k.p.i.AbstractProblemLoader Creating init config 
213187     DEBUG main            d.u.i.k.p.i.AbstractProblemLoader Init config took 2.25s 
213201     INFO  main            d.u.i.k.p.i.AbstractProblemLoader Replaying proof division.key.proof 
213290     DEBUG main            d.u.i.k.p.i.IntermediateProofReplayer Proof replay took 80.93ms 
213292     DEBUG main            d.u.i.k.p.r.p.TestFile    ... success: reloaded. 
213292     INFO  main            d.u.i.k.p.r.p.TestFile    Now processing file /home/runner/work/key/key/key.core/../key.ui/examples/standard_key/inEqSimp/inequations0.key 
213293     INFO  main            d.u.i.k.p.i.AbstractProblemLoader Loading environment from /home/runner/work/key/key/key.core/../key.ui/examples/standard_key/inEqSimp/inequations0.key 
213293     DEBUG main            d.u.i.k.p.i.AbstractProblemLoader Environment load took 89.8ns 
213294     INFO  main            d.u.i.k.p.i.AbstractProblemLoader Creating init config 
215647     DEBUG main            d.u.i.k.p.i.AbstractProblemLoader Init config took 2.35s 
215661     INFO  main            d.u.i.k.p.i.AbstractProblemLoader Replaying proof inequations0.key 
215662     DEBUG main            d.u.i.k.p.i.IntermediateProofReplayer Proof replay took 41.1ns 
215765     INFO  main            d.u.i.k.p.r.p.TestFile    ... finished proof: closed. 
216055     INFO  main            d.u.i.k.p.i.AbstractProblemLoader Loading environment from /home/runner/work/key/key/key.core/../key.ui/examples/standard_key/inEqSimp/inequations0.key.proof 
216055     DEBUG main            d.u.i.k.p.i.AbstractProblemLoader Environment load took 100.2ns 
216056     INFO  main            d.u.i.k.p.i.AbstractProblemLoader Creating init config 
218294     DEBUG main            d.u.i.k.p.i.AbstractProblemLoader Init config took 2.24s 
218307     INFO  main            d.u.i.k.p.i.AbstractProblemLoader Replaying proof inequations0.key.proof 
218310     DEBUG main            d.u.i.k.p.i.IntermediateProofReplayer Proof replay took 2.02ms 
218311     DEBUG main            d.u.i.k.p.r.p.TestFile    ... success: reloaded. 
218312     INFO  main            d.u.i.k.p.r.p.TestFile    Now processing file /home/runner/work/key/key/key.core/../key.ui/examples/standard_key/inEqSimp/inequations1.key 
218312     INFO  main            d.u.i.k.p.i.AbstractProblemLoader Loading environment from /home/runner/work/key/key/key.core/../key.ui/examples/standard_key/inEqSimp/inequations1.key 
218313     DEBUG main            d.u.i.k.p.i.AbstractProblemLoader Environment load took 175.8ns 
218314     INFO  main            d.u.i.k.p.i.AbstractProblemLoader Creating init config 
220656     DEBUG main            d.u.i.k.p.i.AbstractProblemLoader Init config took 2.34s 
220670     INFO  main            d.u.i.k.p.i.AbstractProblemLoader Replaying proof inequations1.key 
220671     DEBUG main            d.u.i.k.p.i.IntermediateProofReplayer Proof replay took 2.8ns 
220773     INFO  main            d.u.i.k.p.r.p.TestFile    ... finished proof: closed. 
221046     INFO  main            d.u.i.k.p.i.AbstractProblemLoader Loading environment from /home/runner/work/key/key/key.core/../key.ui/examples/standard_key/inEqSimp/inequations1.key.proof 
221046     DEBUG main            d.u.i.k.p.i.AbstractProblemLoader Environment load took 90.7ns 
221047     INFO  main            d.u.i.k.p.i.AbstractProblemLoader Creating init config 
223307     DEBUG main            d.u.i.k.p.i.AbstractProblemLoader Init config took 2.26s 
223322     INFO  main            d.u.i.k.p.i.AbstractProblemLoader Replaying proof inequations1.key.proof 
223325     DEBUG main            d.u.i.k.p.i.IntermediateProofReplayer Proof replay took 1.26ms 
223326     DEBUG main            d.u.i.k.p.r.p.TestFile    ... success: reloaded. 
223327     INFO  main            d.u.i.k.p.r.p.TestFile    Now processing file /home/runner/work/key/key/key.core/../key.ui/examples/standard_key/inEqSimp/inequations2.key 
223327     INFO  main            d.u.i.k.p.i.AbstractProblemLoader Loading environment from /home/runner/work/key/key/key.core/../key.ui/examples/standard_key/inEqSimp/inequations2.key 
223327     DEBUG main            d.u.i.k.p.i.AbstractProblemLoader Environment load took 82.2ns 
223328     INFO  main            d.u.i.k.p.i.AbstractProblemLoader Creating init config 
225754     DEBUG main            d.u.i.k.p.i.AbstractProblemLoader Init config took 2.43s 
225767     INFO  main            d.u.i.k.p.i.AbstractProblemLoader Replaying proof inequations2.key 
225768     DEBUG main            d.u.i.k.p.i.IntermediateProofReplayer Proof replay took 3.2ns 
225870     INFO  main            d.u.i.k.p.r.p.TestFile    ... finished proof: closed. 
226140     INFO  main            d.u.i.k.p.i.AbstractProblemLoader Loading environment from /home/runner/work/key/key/key.core/../key.ui/examples/standard_key/inEqSimp/inequations2.key.proof 
226140     DEBUG main            d.u.i.k.p.i.AbstractProblemLoader Environment load took 93.9ns 
226141     INFO  main            d.u.i.k.p.i.AbstractProblemLoader Creating init config 
228393     DEBUG main            d.u.i.k.p.i.AbstractProblemLoader Init config took 2.25s 
228407     INFO  main            d.u.i.k.p.i.AbstractProblemLoader Replaying proof inequations2.key.proof 
228410     DEBUG main            d.u.i.k.p.i.IntermediateProofReplayer Proof replay took 1.44ms 
228411     DEBUG main            d.u.i.k.p.r.p.TestFile    ... success: reloaded. 
228412     INFO  main            d.u.i.k.p.r.p.TestFile    Now processing file /home/runner/work/key/key/key.core/../key.ui/examples/standard_key/inEqSimp/linApprox.key 
228412     INFO  main            d.u.i.k.p.i.AbstractProblemLoader Loading environment from /home/runner/work/key/key/key.core/../key.ui/examples/standard_key/inEqSimp/linApprox.key 
228413     DEBUG main            d.u.i.k.p.i.AbstractProblemLoader Environment load took 199.1ns 
228413     INFO  main            d.u.i.k.p.i.AbstractProblemLoader Creating init config 
230734     DEBUG main            d.u.i.k.p.i.AbstractProblemLoader Init config took 2.32s 
230748     INFO  main            d.u.i.k.p.i.AbstractProblemLoader Replaying proof linApprox.key 
230750     DEBUG main            d.u.i.k.p.i.IntermediateProofReplayer Proof replay took 2.9ns 
230852     INFO  main            d.u.i.k.p.r.p.TestFile    ... finished proof: closed. 
231228     INFO  main            d.u.i.k.p.i.AbstractProblemLoader Loading environment from /home/runner/work/key/key/key.core/../key.ui/examples/standard_key/inEqSimp/linApprox.key.proof 
231228     DEBUG main            d.u.i.k.p.i.AbstractProblemLoader Environment load took 109.1ns 
231229     INFO  main            d.u.i.k.p.i.AbstractProblemLoader Creating init config 
233481     DEBUG main            d.u.i.k.p.i.AbstractProblemLoader Init config took 2.25s 
233494     INFO  main            d.u.i.k.p.i.AbstractProblemLoader Replaying proof linApprox.key.proof 
233498     DEBUG main            d.u.i.k.p.i.IntermediateProofReplayer Proof replay took 2.45ms 
233499     DEBUG main            d.u.i.k.p.r.p.TestFile    ... success: reloaded. 
233500     INFO  main            d.u.i.k.p.r.p.TestFile    Now processing file /home/runner/work/key/key/key.core/../key.ui/examples/standard_key/inEqSimp/nonLinInEqExample0.key 
233500     INFO  main            d.u.i.k.p.i.AbstractProblemLoader Loading environment from /home/runner/work/key/key/key.core/../key.ui/examples/standard_key/inEqSimp/nonLinInEqExample0.key 
233500     DEBUG main            d.u.i.k.p.i.AbstractProblemLoader Environment load took 52.2ns 
233501     INFO  main            d.u.i.k.p.i.AbstractProblemLoader Creating init config 
235785     DEBUG main            d.u.i.k.p.i.AbstractProblemLoader Init config took 2.28s 
235797     INFO  main            d.u.i.k.p.i.AbstractProblemLoader Replaying proof nonLinInEqExample0.key 
235799     DEBUG main            d.u.i.k.p.i.IntermediateProofReplayer Proof replay took 2.9ns 
235901     INFO  main            d.u.i.k.p.r.p.TestFile    ... finished proof: closed. 
236184     INFO  main            d.u.i.k.p.i.AbstractProblemLoader Loading environment from /home/runner/work/key/key/key.core/../key.ui/examples/standard_key/inEqSimp/nonLinInEqExample0.key.proof 
236184     DEBUG main            d.u.i.k.p.i.AbstractProblemLoader Environment load took 92.1ns 
236185     INFO  main            d.u.i.k.p.i.AbstractProblemLoader Creating init config 
238417     DEBUG main            d.u.i.k.p.i.AbstractProblemLoader Init config took 2.23s 
238432     INFO  main            d.u.i.k.p.i.AbstractProblemLoader Replaying proof nonLinInEqExample0.key.proof 
238435     DEBUG main            d.u.i.k.p.i.IntermediateProofReplayer Proof replay took 872.02ns 
238436     DEBUG main            d.u.i.k.p.r.p.TestFile    ... success: reloaded. 
238437     INFO  main            d.u.i.k.p.r.p.TestFile    Now processing file /home/runner/work/key/key/key.core/../key.ui/examples/standard_key/inEqSimp/nonLinInEqExample2.key 
238437     INFO  main            d.u.i.k.p.i.AbstractProblemLoader Loading environment from /home/runner/work/key/key/key.core/../key.ui/examples/standard_key/inEqSimp/nonLinInEqExample2.key 
238437     DEBUG main            d.u.i.k.p.i.AbstractProblemLoader Environment load took 134.7ns 
238440     INFO  main            d.u.i.k.p.i.AbstractProblemLoader Creating init config 
240725     DEBUG main            d.u.i.k.p.i.AbstractProblemLoader Init config took 2.28s 
240738     INFO  main            d.u.i.k.p.i.AbstractProblemLoader Replaying proof nonLinInEqExample2.key 
240740     DEBUG main            d.u.i.k.p.i.IntermediateProofReplayer Proof replay took 3ns 
241046     INFO  main            d.u.i.k.p.r.p.TestFile    ... finished proof: closed. 
241334     INFO  main            d.u.i.k.p.i.AbstractProblemLoader Loading environment from /home/runner/work/key/key/key.core/../key.ui/examples/standard_key/inEqSimp/nonLinInEqExample2.key.proof 
241334     DEBUG main            d.u.i.k.p.i.AbstractProblemLoader Environment load took 97.7ns 
241335     INFO  main            d.u.i.k.p.i.AbstractProblemLoader Creating init config 
243567     DEBUG main            d.u.i.k.p.i.AbstractProblemLoader Init config took 2.23s 
243580     INFO  main            d.u.i.k.p.i.AbstractProblemLoader Replaying proof nonLinInEqExample2.key.proof 
243608     DEBUG main            d.u.i.k.p.i.IntermediateProofReplayer Proof replay took 24.7ms 
243609     DEBUG main            d.u.i.k.p.r.p.TestFile    ... success: reloaded. 
243610     INFO  main            d.u.i.k.p.r.p.TestFile    Now processing file /home/runner/work/key/key/key.core/../key.ui/examples/standard_key/inEqSimp/nonLinInEqExample3.key 
243610     INFO  main            d.u.i.k.p.i.AbstractProblemLoader Loading environment from /home/runner/work/key/key/key.core/../key.ui/examples/standard_key/inEqSimp/nonLinInEqExample3.key 
243610     DEBUG main            d.u.i.k.p.i.AbstractProblemLoader Environment load took 92.2ns 
243611     INFO  main            d.u.i.k.p.i.AbstractProblemLoader Creating init config 
245911     DEBUG main            d.u.i.k.p.i.AbstractProblemLoader Init config took 2.3s 
245924     INFO  main            d.u.i.k.p.i.AbstractProblemLoader Replaying proof nonLinInEqExample3.key 
245926     DEBUG main            d.u.i.k.p.i.IntermediateProofReplayer Proof replay took 3ns 
246128     INFO  main            d.u.i.k.p.r.p.TestFile    ... finished proof: closed. 
246443     INFO  main            d.u.i.k.p.i.AbstractProblemLoader Loading environment from /home/runner/work/key/key/key.core/../key.ui/examples/standard_key/inEqSimp/nonLinInEqExample3.key.proof 
246443     DEBUG main            d.u.i.k.p.i.AbstractProblemLoader Environment load took 97.1ns 
246444     INFO  main            d.u.i.k.p.i.AbstractProblemLoader Creating init config 
248696     DEBUG main            d.u.i.k.p.i.AbstractProblemLoader Init config took 2.25s 
248709     INFO  main            d.u.i.k.p.i.AbstractProblemLoader Replaying proof nonLinInEqExample3.key.proof 
248727     DEBUG main            d.u.i.k.p.i.IntermediateProofReplayer Proof replay took 16.07ms 
248728     DEBUG main            d.u.i.k.p.r.p.TestFile    ... success: reloaded. 
248729     INFO  main            d.u.i.k.p.r.p.TestFile    Now processing file /home/runner/work/key/key/key.core/../key.ui/examples/standard_key/inEqSimp/nonLinInEqExample4.key 
248729     INFO  main            d.u.i.k.p.i.AbstractProblemLoader Loading environment from /home/runner/work/key/key/key.core/../key.ui/examples/standard_key/inEqSimp/nonLinInEqExample4.key 
248729     DEBUG main            d.u.i.k.p.i.AbstractProblemLoader Environment load took 86ns 
248730     INFO  main            d.u.i.k.p.i.AbstractProblemLoader Creating init config 
251018     DEBUG main            d.u.i.k.p.i.AbstractProblemLoader Init config took 2.29s 
251031     INFO  main            d.u.i.k.p.i.AbstractProblemLoader Replaying proof nonLinInEqExample4.key 
251032     DEBUG main            d.u.i.k.p.i.IntermediateProofReplayer Proof replay took 3.5ns 
251137     INFO  main            d.u.i.k.p.r.p.TestFile    ... finished proof: closed. 
251445     INFO  main            d.u.i.k.p.i.AbstractProblemLoader Loading environment from /home/runner/work/key/key/key.core/../key.ui/examples/standard_key/inEqSimp/nonLinInEqExample4.key.proof 
251445     DEBUG main            d.u.i.k.p.i.AbstractProblemLoader Environment load took 92.1ns 
251446     INFO  main            d.u.i.k.p.i.AbstractProblemLoader Creating init config 
253693     DEBUG main            d.u.i.k.p.i.AbstractProblemLoader Init config took 2.25s 
253706     INFO  main            d.u.i.k.p.i.AbstractProblemLoader Replaying proof nonLinInEqExample4.key.proof 
253711     DEBUG main            d.u.i.k.p.i.IntermediateProofReplayer Proof replay took 3.43ms 
253712     DEBUG main            d.u.i.k.p.r.p.TestFile    ... success: reloaded. 
253713     INFO  main            d.u.i.k.p.r.p.TestFile    Now processing file /home/runner/work/key/key/key.core/../key.ui/examples/standard_key/inEqSimp/quadraticInEq.key 
253713     INFO  main            d.u.i.k.p.i.AbstractProblemLoader Loading environment from /home/runner/work/key/key/key.core/../key.ui/examples/standard_key/inEqSimp/quadraticInEq.key 
253713     DEBUG main            d.u.i.k.p.i.AbstractProblemLoader Environment load took 83.9ns 
253714     INFO  main            d.u.i.k.p.i.AbstractProblemLoader Creating init config 
256012     DEBUG main            d.u.i.k.p.i.AbstractProblemLoader Init config took 2.3s 
256026     INFO  main            d.u.i.k.p.i.AbstractProblemLoader Replaying proof quadraticInEq.key 
256027     DEBUG main            d.u.i.k.p.i.IntermediateProofReplayer Proof replay took 2.8ns 
256333     INFO  main            d.u.i.k.p.r.p.TestFile    ... finished proof: closed. 
256665     INFO  main            d.u.i.k.p.i.AbstractProblemLoader Loading environment from /home/runner/work/key/key/key.core/../key.ui/examples/standard_key/inEqSimp/quadraticInEq.key.proof 
256665     DEBUG main            d.u.i.k.p.i.AbstractProblemLoader Environment load took 259.21ns 
256667     INFO  main            d.u.i.k.p.i.AbstractProblemLoader Creating init config 
258916     DEBUG main            d.u.i.k.p.i.AbstractProblemLoader Init config took 2.25s 
258930     INFO  main            d.u.i.k.p.i.AbstractProblemLoader Replaying proof quadraticInEq.key.proof 
258969     DEBUG main            d.u.i.k.p.i.IntermediateProofReplayer Proof replay took 34.44ms 
258971     DEBUG main            d.u.i.k.p.r.p.TestFile    ... success: reloaded. 
258972     INFO  main            d.u.i.k.p.r.p.TestFile    Now processing file /home/runner/work/key/key/key.core/../key.ui/examples/standard_key/inEqSimp/quadraticInEq10.key 
258972     INFO  main            d.u.i.k.p.i.AbstractProblemLoader Loading environment from /home/runner/work/key/key/key.core/../key.ui/examples/standard_key/inEqSimp/quadraticInEq10.key 
258972     DEBUG main            d.u.i.k.p.i.AbstractProblemLoader Environment load took 138.6ns 
258973     INFO  main            d.u.i.k.p.i.AbstractProblemLoader Creating init config 
261254     DEBUG main            d.u.i.k.p.i.AbstractProblemLoader Init config took 2.28s 
261267     INFO  main            d.u.i.k.p.i.AbstractProblemLoader Replaying proof quadraticInEq10.key 
261269     DEBUG main            d.u.i.k.p.i.IntermediateProofReplayer Proof replay took 2.9ns 
261472     INFO  main            d.u.i.k.p.r.p.TestFile    ... finished proof: closed. 
261810     INFO  main            d.u.i.k.p.i.AbstractProblemLoader Loading environment from /home/runner/work/key/key/key.core/../key.ui/examples/standard_key/inEqSimp/quadraticInEq10.key.proof 
261810     DEBUG main            d.u.i.k.p.i.AbstractProblemLoader Environment load took 92.2ns 
261811     INFO  main            d.u.i.k.p.i.AbstractProblemLoader Creating init config 
264073     DEBUG main            d.u.i.k.p.i.AbstractProblemLoader Init config took 2.26s 
264089     INFO  main            d.u.i.k.p.i.AbstractProblemLoader Replaying proof quadraticInEq10.key.proof 
264104     DEBUG main            d.u.i.k.p.i.IntermediateProofReplayer Proof replay took 12.01ms 
264105     DEBUG main            d.u.i.k.p.r.p.TestFile    ... success: reloaded. 
264106     INFO  main            d.u.i.k.p.r.p.TestFile    Now processing file /home/runner/work/key/key/key.core/../key.ui/examples/standard_key/inEqSimp/quadraticInEq13.key 
264106     INFO  main            d.u.i.k.p.i.AbstractProblemLoader Loading environment from /home/runner/work/key/key/key.core/../key.ui/examples/standard_key/inEqSimp/quadraticInEq13.key 
264106     DEBUG main            d.u.i.k.p.i.AbstractProblemLoader Environment load took 83ns 
264107     INFO  main            d.u.i.k.p.i.AbstractProblemLoader Creating init config 
266401     DEBUG main            d.u.i.k.p.i.AbstractProblemLoader Init config took 2.29s 
266414     INFO  main            d.u.i.k.p.i.AbstractProblemLoader Replaying proof quadraticInEq13.key 
266415     DEBUG main            d.u.i.k.p.i.IntermediateProofReplayer Proof replay took 3.2ns 
266618     INFO  main            d.u.i.k.p.r.p.TestFile    ... finished proof: closed. 
266944     INFO  main            d.u.i.k.p.i.AbstractProblemLoader Loading environment from /home/runner/work/key/key/key.core/../key.ui/examples/standard_key/inEqSimp/quadraticInEq13.key.proof 
266944     DEBUG main            d.u.i.k.p.i.AbstractProblemLoader Environment load took 88.4ns 
266946     INFO  main            d.u.i.k.p.i.AbstractProblemLoader Creating init config 
269219     DEBUG main            d.u.i.k.p.i.AbstractProblemLoader Init config took 2.27s 
269232     INFO  main            d.u.i.k.p.i.AbstractProblemLoader Replaying proof quadraticInEq13.key.proof 
269249     DEBUG main            d.u.i.k.p.i.IntermediateProofReplayer Proof replay took 14.86ms 
269250     DEBUG main            d.u.i.k.p.r.p.TestFile    ... success: reloaded. 
269250     INFO  main            d.u.i.k.p.r.p.TestFile    Now processing file /home/runner/work/key/key/key.core/../key.ui/examples/standard_key/inEqSimp/quadraticInEq14.key 
269251     INFO  main            d.u.i.k.p.i.AbstractProblemLoader Loading environment from /home/runner/work/key/key/key.core/../key.ui/examples/standard_key/inEqSimp/quadraticInEq14.key 
269251     DEBUG main            d.u.i.k.p.i.AbstractProblemLoader Environment load took 45.7ns 
269252     INFO  main            d.u.i.k.p.i.AbstractProblemLoader Creating init config 
271551     DEBUG main            d.u.i.k.p.i.AbstractProblemLoader Init config took 2.3s 
271565     INFO  main            d.u.i.k.p.i.AbstractProblemLoader Replaying proof quadraticInEq14.key 
271566     DEBUG main            d.u.i.k.p.i.IntermediateProofReplayer Proof replay took 2.8ns 
271869     INFO  main            d.u.i.k.p.r.p.TestFile    ... finished proof: closed. 
272220     INFO  main            d.u.i.k.p.i.AbstractProblemLoader Loading environment from /home/runner/work/key/key/key.core/../key.ui/examples/standard_key/inEqSimp/quadraticInEq14.key.proof 
272220     DEBUG main            d.u.i.k.p.i.AbstractProblemLoader Environment load took 92.1ns 
272221     INFO  main            d.u.i.k.p.i.AbstractProblemLoader Creating init config 
274472     DEBUG main            d.u.i.k.p.i.AbstractProblemLoader Init config took 2.25s 
274485     INFO  main            d.u.i.k.p.i.AbstractProblemLoader Replaying proof quadraticInEq14.key.proof 
274505     DEBUG main            d.u.i.k.p.i.IntermediateProofReplayer Proof replay took 17.74ms 
274506     DEBUG main            d.u.i.k.p.r.p.TestFile    ... success: reloaded. 
274507     INFO  main            d.u.i.k.p.r.p.TestFile    Now processing file /home/runner/work/key/key/key.core/../key.ui/examples/standard_key/inEqSimp/quadraticInEq2.key 
274507     INFO  main            d.u.i.k.p.i.AbstractProblemLoader Loading environment from /home/runner/work/key/key/key.core/../key.ui/examples/standard_key/inEqSimp/quadraticInEq2.key 
274508     DEBUG main            d.u.i.k.p.i.AbstractProblemLoader Environment load took 79.6ns 
274508     INFO  main            d.u.i.k.p.i.AbstractProblemLoader Creating init config 
276824     DEBUG main            d.u.i.k.p.i.AbstractProblemLoader Init config took 2.32s 
276838     INFO  main            d.u.i.k.p.i.AbstractProblemLoader Replaying proof quadraticInEq2.key 
276840     DEBUG main            d.u.i.k.p.i.IntermediateProofReplayer Proof replay took 3.6ns 
276945     INFO  main            d.u.i.k.p.r.p.TestFile    ... finished proof: closed. 
277287     INFO  main            d.u.i.k.p.i.AbstractProblemLoader Loading environment from /home/runner/work/key/key/key.core/../key.ui/examples/standard_key/inEqSimp/quadraticInEq2.key.proof 
277287     DEBUG main            d.u.i.k.p.i.AbstractProblemLoader Environment load took 87.6ns 
277288     INFO  main            d.u.i.k.p.i.AbstractProblemLoader Creating init config 
279537     DEBUG main            d.u.i.k.p.i.AbstractProblemLoader Init config took 2.25s 
279550     INFO  main            d.u.i.k.p.i.AbstractProblemLoader Replaying proof quadraticInEq2.key.proof 
279554     DEBUG main            d.u.i.k.p.i.IntermediateProofReplayer Proof replay took 2.08ms 
279554     DEBUG main            d.u.i.k.p.r.p.TestFile    ... success: reloaded. 
279555     INFO  main            d.u.i.k.p.r.p.TestFile    Now processing file /home/runner/work/key/key/key.core/../key.ui/examples/standard_key/inEqSimp/quadraticInEq3.key 
279555     INFO  main            d.u.i.k.p.i.AbstractProblemLoader Loading environment from /home/runner/work/key/key/key.core/../key.ui/examples/standard_key/inEqSimp/quadraticInEq3.key 
279555     DEBUG main            d.u.i.k.p.i.AbstractProblemLoader Environment load took 93ns 
279556     INFO  main            d.u.i.k.p.i.AbstractProblemLoader Creating init config 
281875     DEBUG main            d.u.i.k.p.i.AbstractProblemLoader Init config took 2.32s 
281889     INFO  main            d.u.i.k.p.i.AbstractProblemLoader Replaying proof quadraticInEq3.key 
281890     DEBUG main            d.u.i.k.p.i.IntermediateProofReplayer Proof replay took 3.5ns 
281992     INFO  main            d.u.i.k.p.r.p.TestFile    ... finished proof: closed. 
282324     INFO  main            d.u.i.k.p.i.AbstractProblemLoader Loading environment from /home/runner/work/key/key/key.core/../key.ui/examples/standard_key/inEqSimp/quadraticInEq3.key.proof 
282324     DEBUG main            d.u.i.k.p.i.AbstractProblemLoader Environment load took 84.6ns 
282325     INFO  main            d.u.i.k.p.i.AbstractProblemLoader Creating init config 
284550     DEBUG main            d.u.i.k.p.i.AbstractProblemLoader Init config took 2.22s 
284574     INFO  main            d.u.i.k.p.i.AbstractProblemLoader Replaying proof quadraticInEq3.key.proof 
284581     DEBUG main            d.u.i.k.p.i.IntermediateProofReplayer Proof replay took 5.07ms 
284582     DEBUG main            d.u.i.k.p.r.p.TestFile    ... success: reloaded. 
284583     INFO  main            d.u.i.k.p.r.p.TestFile    Now processing file /home/runner/work/key/key/key.core/../key.ui/examples/standard_key/inEqSimp/quadraticInEq4.key 
284583     INFO  main            d.u.i.k.p.i.AbstractProblemLoader Loading environment from /home/runner/work/key/key/key.core/../key.ui/examples/standard_key/inEqSimp/quadraticInEq4.key 
284583     DEBUG main            d.u.i.k.p.i.AbstractProblemLoader Environment load took 80.3ns 
284584     INFO  main            d.u.i.k.p.i.AbstractProblemLoader Creating init config 
286839     DEBUG main            d.u.i.k.p.i.AbstractProblemLoader Init config took 2.26s 
286852     INFO  main            d.u.i.k.p.i.AbstractProblemLoader Replaying proof quadraticInEq4.key 
286854     DEBUG main            d.u.i.k.p.i.IntermediateProofReplayer Proof replay took 3.4ns 
286956     INFO  main            d.u.i.k.p.r.p.TestFile    ... finished proof: closed. 
287293     INFO  main            d.u.i.k.p.i.AbstractProblemLoader Loading environment from /home/runner/work/key/key/key.core/../key.ui/examples/standard_key/inEqSimp/quadraticInEq4.key.proof 
287293     DEBUG main            d.u.i.k.p.i.AbstractProblemLoader Environment load took 91.3ns 
287294     INFO  main            d.u.i.k.p.i.AbstractProblemLoader Creating init config 
289520     DEBUG main            d.u.i.k.p.i.AbstractProblemLoader Init config took 2.23s 
289534     INFO  main            d.u.i.k.p.i.AbstractProblemLoader Replaying proof quadraticInEq4.key.proof 
289539     DEBUG main            d.u.i.k.p.i.IntermediateProofReplayer Proof replay took 3.95ms 
289540     DEBUG main            d.u.i.k.p.r.p.TestFile    ... success: reloaded. 
289540     INFO  main            d.u.i.k.p.r.p.TestFile    Now processing file /home/runner/work/key/key/key.core/../key.ui/examples/standard_key/inEqSimp/quadraticInEq5.key 
289541     INFO  main            d.u.i.k.p.i.AbstractProblemLoader Loading environment from /home/runner/work/key/key/key.core/../key.ui/examples/standard_key/inEqSimp/quadraticInEq5.key 
289541     DEBUG main            d.u.i.k.p.i.AbstractProblemLoader Environment load took 71.2ns 
289542     INFO  main            d.u.i.k.p.i.AbstractProblemLoader Creating init config 
291821     DEBUG main            d.u.i.k.p.i.AbstractProblemLoader Init config took 2.28s 
291834     INFO  main            d.u.i.k.p.i.AbstractProblemLoader Replaying proof quadraticInEq5.key 
291836     DEBUG main            d.u.i.k.p.i.IntermediateProofReplayer Proof replay took 3ns 
291938     INFO  main            d.u.i.k.p.r.p.TestFile    ... finished proof: closed. 
292277     INFO  main            d.u.i.k.p.i.AbstractProblemLoader Loading environment from /home/runner/work/key/key/key.core/../key.ui/examples/standard_key/inEqSimp/quadraticInEq5.key.proof 
292277     DEBUG main            d.u.i.k.p.i.AbstractProblemLoader Environment load took 85.2ns 
292278     INFO  main            d.u.i.k.p.i.AbstractProblemLoader Creating init config 
294512     DEBUG main            d.u.i.k.p.i.AbstractProblemLoader Init config took 2.23s 
294526     INFO  main            d.u.i.k.p.i.AbstractProblemLoader Replaying proof quadraticInEq5.key.proof 
294531     DEBUG main            d.u.i.k.p.i.IntermediateProofReplayer Proof replay took 3.86ms 
294532     DEBUG main            d.u.i.k.p.r.p.TestFile    ... success: reloaded. 
294533     INFO  main            d.u.i.k.p.r.p.TestFile    Now processing file /home/runner/work/key/key/key.core/../key.ui/examples/standard_key/inEqSimp/quadraticInEq6.key 
294533     INFO  main            d.u.i.k.p.i.AbstractProblemLoader Loading environment from /home/runner/work/key/key/key.core/../key.ui/examples/standard_key/inEqSimp/quadraticInEq6.key 
294533     DEBUG main            d.u.i.k.p.i.AbstractProblemLoader Environment load took 82ns 
294534     INFO  main            d.u.i.k.p.i.AbstractProblemLoader Creating init config 
296804     DEBUG main            d.u.i.k.p.i.AbstractProblemLoader Init config took 2.27s 
296817     INFO  main            d.u.i.k.p.i.AbstractProblemLoader Replaying proof quadraticInEq6.key 
296818     DEBUG main            d.u.i.k.p.i.IntermediateProofReplayer Proof replay took 3.4ns 
296921     INFO  main            d.u.i.k.p.r.p.TestFile    ... finished proof: closed. 
297263     INFO  main            d.u.i.k.p.i.AbstractProblemLoader Loading environment from /home/runner/work/key/key/key.core/../key.ui/examples/standard_key/inEqSimp/quadraticInEq6.key.proof 
297263     DEBUG main            d.u.i.k.p.i.AbstractProblemLoader Environment load took 99.3ns 
297264     INFO  main            d.u.i.k.p.i.AbstractProblemLoader Creating init config 
299504     DEBUG main            d.u.i.k.p.i.AbstractProblemLoader Init config took 2.24s 
299518     INFO  main            d.u.i.k.p.i.AbstractProblemLoader Replaying proof quadraticInEq6.key.proof 
299523     DEBUG main            d.u.i.k.p.i.IntermediateProofReplayer Proof replay took 3.77ms 
299524     DEBUG main            d.u.i.k.p.r.p.TestFile    ... success: reloaded. 
299525     INFO  main            d.u.i.k.p.r.p.TestFile    Now processing file /home/runner/work/key/key/key.core/../key.ui/examples/standard_key/inEqSimp/quadraticInEq7.key 
299525     INFO  main            d.u.i.k.p.i.AbstractProblemLoader Loading environment from /home/runner/work/key/key/key.core/../key.ui/examples/standard_key/inEqSimp/quadraticInEq7.key 
299525     DEBUG main            d.u.i.k.p.i.AbstractProblemLoader Environment load took 49.2ns 
299526     INFO  main            d.u.i.k.p.i.AbstractProblemLoader Creating init config 
301786     DEBUG main            d.u.i.k.p.i.AbstractProblemLoader Init config took 2.26s 
301799     INFO  main            d.u.i.k.p.i.AbstractProblemLoader Replaying proof quadraticInEq7.key 
301800     DEBUG main            d.u.i.k.p.i.IntermediateProofReplayer Proof replay took 2.8ns 
301902     INFO  main            d.u.i.k.p.r.p.TestFile    ... finished proof: closed. 
302255     INFO  main            d.u.i.k.p.i.AbstractProblemLoader Loading environment from /home/runner/work/key/key/key.core/../key.ui/examples/standard_key/inEqSimp/quadraticInEq7.key.proof 
302255     DEBUG main            d.u.i.k.p.i.AbstractProblemLoader Environment load took 88ns 
302258     INFO  main            d.u.i.k.p.i.AbstractProblemLoader Creating init config 
304487     DEBUG main            d.u.i.k.p.i.AbstractProblemLoader Init config took 2.23s 
304500     INFO  main            d.u.i.k.p.i.AbstractProblemLoader Replaying proof quadraticInEq7.key.proof 
304504     DEBUG main            d.u.i.k.p.i.IntermediateProofReplayer Proof replay took 2ms 
304504     DEBUG main            d.u.i.k.p.r.p.TestFile    ... success: reloaded. 
304505     INFO  main            d.u.i.k.p.r.p.TestFile    Now processing file /home/runner/work/key/key/key.core/../key.ui/examples/standard_key/inEqSimp/quadraticInEq8.key 
304505     INFO  main            d.u.i.k.p.i.AbstractProblemLoader Loading environment from /home/runner/work/key/key/key.core/../key.ui/examples/standard_key/inEqSimp/quadraticInEq8.key 
304505     DEBUG main            d.u.i.k.p.i.AbstractProblemLoader Environment load took 115.1ns 
304506     INFO  main            d.u.i.k.p.i.AbstractProblemLoader Creating init config 
306779     DEBUG main            d.u.i.k.p.i.AbstractProblemLoader Init config took 2.27s 
306793     INFO  main            d.u.i.k.p.i.AbstractProblemLoader Replaying proof quadraticInEq8.key 
306794     DEBUG main            d.u.i.k.p.i.IntermediateProofReplayer Proof replay took 3.4ns 
306896     INFO  main            d.u.i.k.p.r.p.TestFile    ... finished proof: closed. 
307252     INFO  main            d.u.i.k.p.i.AbstractProblemLoader Loading environment from /home/runner/work/key/key/key.core/../key.ui/examples/standard_key/inEqSimp/quadraticInEq8.key.proof 
307252     DEBUG main            d.u.i.k.p.i.AbstractProblemLoader Environment load took 111.6ns 
307253     INFO  main            d.u.i.k.p.i.AbstractProblemLoader Creating init config 
309472     DEBUG main            d.u.i.k.p.i.AbstractProblemLoader Init config took 2.22s 
309485     INFO  main            d.u.i.k.p.i.AbstractProblemLoader Replaying proof quadraticInEq8.key.proof 
309493     DEBUG main            d.u.i.k.p.i.IntermediateProofReplayer Proof replay took 6.37ms 
309494     DEBUG main            d.u.i.k.p.r.p.TestFile    ... success: reloaded. 
309495     INFO  main            d.u.i.k.p.r.p.TestFile    Now processing file /home/runner/work/key/key/key.core/../key.ui/examples/standard_key/inEqSimp/simplify0.key 
309495     INFO  main            d.u.i.k.p.i.AbstractProblemLoader Loading environment from /home/runner/work/key/key/key.core/../key.ui/examples/standard_key/inEqSimp/simplify0.key 
309495     DEBUG main            d.u.i.k.p.i.AbstractProblemLoader Environment load took 79.1ns 
309496     INFO  main            d.u.i.k.p.i.AbstractProblemLoader Creating init config 
311770     DEBUG main            d.u.i.k.p.i.AbstractProblemLoader Init config took 2.27s 
311784     INFO  main            d.u.i.k.p.i.AbstractProblemLoader Replaying proof simplify0.key 
311785     DEBUG main            d.u.i.k.p.i.IntermediateProofReplayer Proof replay took 3.2ns 
311887     INFO  main            d.u.i.k.p.r.p.TestFile    ... finished proof: closed. 
312259     INFO  main            d.u.i.k.p.i.AbstractProblemLoader Loading environment from /home/runner/work/key/key/key.core/../key.ui/examples/standard_key/inEqSimp/simplify0.key.proof 
312259     DEBUG main            d.u.i.k.p.i.AbstractProblemLoader Environment load took 98.3ns 
312260     INFO  main            d.u.i.k.p.i.AbstractProblemLoader Creating init config 
314483     DEBUG main            d.u.i.k.p.i.AbstractProblemLoader Init config took 2.22s 
314497     INFO  main            d.u.i.k.p.i.AbstractProblemLoader Replaying proof simplify0.key.proof 
314501     DEBUG main            d.u.i.k.p.i.IntermediateProofReplayer Proof replay took 2.24ms 
314502     DEBUG main            d.u.i.k.p.r.p.TestFile    ... success: reloaded. 
314502     INFO  main            d.u.i.k.p.r.p.TestFile    Now processing file /home/runner/work/key/key/key.core/../key.ui/examples/standard_key/inEqSimp/simplify1.key 
314502     INFO  main            d.u.i.k.p.i.AbstractProblemLoader Loading environment from /home/runner/work/key/key/key.core/../key.ui/examples/standard_key/inEqSimp/simplify1.key 
314502     DEBUG main            d.u.i.k.p.i.AbstractProblemLoader Environment load took 45.6ns 
314503     INFO  main            d.u.i.k.p.i.AbstractProblemLoader Creating init config 
316788     DEBUG main            d.u.i.k.p.i.AbstractProblemLoader Init config took 2.28s 
316819     INFO  main            d.u.i.k.p.i.AbstractProblemLoader Replaying proof simplify1.key 
316820     DEBUG main            d.u.i.k.p.i.IntermediateProofReplayer Proof replay took 2.7ns 
316922     INFO  main            d.u.i.k.p.r.p.TestFile    ... finished proof: closed. 
317285     INFO  main            d.u.i.k.p.i.AbstractProblemLoader Loading environment from /home/runner/work/key/key/key.core/../key.ui/examples/standard_key/inEqSimp/simplify1.key.proof 
317285     DEBUG main            d.u.i.k.p.i.AbstractProblemLoader Environment load took 85.8ns 
317286     INFO  main            d.u.i.k.p.i.AbstractProblemLoader Creating init config 
319533     DEBUG main            d.u.i.k.p.i.AbstractProblemLoader Init config took 2.25s 
319546     INFO  main            d.u.i.k.p.i.AbstractProblemLoader Replaying proof simplify1.key.proof 
319548     DEBUG main            d.u.i.k.p.i.IntermediateProofReplayer Proof replay took 1.14ms 
319549     DEBUG main            d.u.i.k.p.r.p.TestFile    ... success: reloaded. 
319549     INFO  main            d.u.i.k.p.r.p.TestFile    Now processing file /home/runner/work/key/key/key.core/../key.ui/examples/standard_key/inEqSimp/simplify2.key 
319550     INFO  main            d.u.i.k.p.i.AbstractProblemLoader Loading environment from /home/runner/work/key/key/key.core/../key.ui/examples/standard_key/inEqSimp/simplify2.key 
319550     DEBUG main            d.u.i.k.p.i.AbstractProblemLoader Environment load took 45.2ns 
319551     INFO  main            d.u.i.k.p.i.AbstractProblemLoader Creating init config 
321831     DEBUG main            d.u.i.k.p.i.AbstractProblemLoader Init config took 2.28s 
321860     INFO  main            d.u.i.k.p.i.AbstractProblemLoader Replaying proof simplify2.key 
321861     DEBUG main            d.u.i.k.p.i.IntermediateProofReplayer Proof replay took 3.5ns 
321963     INFO  main            d.u.i.k.p.r.p.TestFile    ... finished proof: closed. 
322333     INFO  main            d.u.i.k.p.i.AbstractProblemLoader Loading environment from /home/runner/work/key/key/key.core/../key.ui/examples/standard_key/inEqSimp/simplify2.key.proof 
322333     DEBUG main            d.u.i.k.p.i.AbstractProblemLoader Environment load took 83.5ns 
322334     INFO  main            d.u.i.k.p.i.AbstractProblemLoader Creating init config 
324579     DEBUG main            d.u.i.k.p.i.AbstractProblemLoader Init config took 2.24s 
324592     INFO  main            d.u.i.k.p.i.AbstractProblemLoader Replaying proof simplify2.key.proof 
324604     DEBUG main            d.u.i.k.p.i.IntermediateProofReplayer Proof replay took 9.84ms 
324605     DEBUG main            d.u.i.k.p.r.p.TestFile    ... success: reloaded. 
324605     INFO  main            d.u.i.k.p.r.p.TestFile    Now processing file /home/runner/work/key/key/key.core/../key.ui/examples/standard_key/inEqSimp/simplify3.key 
324605     INFO  main            d.u.i.k.p.i.AbstractProblemLoader Loading environment from /home/runner/work/key/key/key.core/../key.ui/examples/standard_key/inEqSimp/simplify3.key 
324605     DEBUG main            d.u.i.k.p.i.AbstractProblemLoader Environment load took 60.3ns 
324606     INFO  main            d.u.i.k.p.i.AbstractProblemLoader Creating init config 
326886     DEBUG main            d.u.i.k.p.i.AbstractProblemLoader Init config took 2.28s 
326899     INFO  main            d.u.i.k.p.i.AbstractProblemLoader Replaying proof simplify3.key 
326900     DEBUG main            d.u.i.k.p.i.IntermediateProofReplayer Proof replay took 3.5ns 
327002     INFO  main            d.u.i.k.p.r.p.TestFile    ... finished proof: closed. 
327387     INFO  main            d.u.i.k.p.i.AbstractProblemLoader Loading environment from /home/runner/work/key/key/key.core/../key.ui/examples/standard_key/inEqSimp/simplify3.key.proof 
327387     DEBUG main            d.u.i.k.p.i.AbstractProblemLoader Environment load took 101.7ns 
327388     INFO  main            d.u.i.k.p.i.AbstractProblemLoader Creating init config 
329632     DEBUG main            d.u.i.k.p.i.AbstractProblemLoader Init config took 2.24s 
329646     INFO  main            d.u.i.k.p.i.AbstractProblemLoader Replaying proof simplify3.key.proof 
329649     DEBUG main            d.u.i.k.p.i.IntermediateProofReplayer Proof replay took 1.73ms 
329650     DEBUG main            d.u.i.k.p.r.p.TestFile    ... success: reloaded. 
329650     INFO  main            d.u.i.k.p.r.p.TestFile    Now processing file /home/runner/work/key/key/key.core/../key.ui/examples/standard_key/inEqSimp/simplify4.key 
329650     INFO  main            d.u.i.k.p.i.AbstractProblemLoader Loading environment from /home/runner/work/key/key/key.core/../key.ui/examples/standard_key/inEqSimp/simplify4.key 
329651     DEBUG main            d.u.i.k.p.i.AbstractProblemLoader Environment load took 75.6ns 
329651     INFO  main            d.u.i.k.p.i.AbstractProblemLoader Creating init config 
331933     DEBUG main            d.u.i.k.p.i.AbstractProblemLoader Init config took 2.28s 
331947     INFO  main            d.u.i.k.p.i.AbstractProblemLoader Replaying proof simplify4.key 
331948     DEBUG main            d.u.i.k.p.i.IntermediateProofReplayer Proof replay took 3ns 
332050     INFO  main            d.u.i.k.p.r.p.TestFile    ... finished proof: closed. 
332444     INFO  main            d.u.i.k.p.i.AbstractProblemLoader Loading environment from /home/runner/work/key/key/key.core/../key.ui/examples/standard_key/inEqSimp/simplify4.key.proof 
332444     DEBUG main            d.u.i.k.p.i.AbstractProblemLoader Environment load took 85.9ns 
332445     INFO  main            d.u.i.k.p.i.AbstractProblemLoader Creating init config 
334700     DEBUG main            d.u.i.k.p.i.AbstractProblemLoader Init config took 2.25s 
334714     INFO  main            d.u.i.k.p.i.AbstractProblemLoader Replaying proof simplify4.key.proof 
334728     DEBUG main            d.u.i.k.p.i.IntermediateProofReplayer Proof replay took 11.92ms 
334729     DEBUG main            d.u.i.k.p.r.p.TestFile    ... success: reloaded. 
334729     INFO  main            d.u.i.k.p.r.p.TestFile    Now processing file /home/runner/work/key/key/key.core/../key.ui/examples/standard_key/inEqSimp/simplify5.key 
334730     INFO  main            d.u.i.k.p.i.AbstractProblemLoader Loading environment from /home/runner/work/key/key/key.core/../key.ui/examples/standard_key/inEqSimp/simplify5.key 
334730     DEBUG main            d.u.i.k.p.i.AbstractProblemLoader Environment load took 46.6ns 
334731     INFO  main            d.u.i.k.p.i.AbstractProblemLoader Creating init config 
337026     DEBUG main            d.u.i.k.p.i.AbstractProblemLoader Init config took 2.3s 
337040     INFO  main            d.u.i.k.p.i.AbstractProblemLoader Replaying proof simplify5.key 
337041     DEBUG main            d.u.i.k.p.i.IntermediateProofReplayer Proof replay took 3.2ns 
337546     INFO  main            d.u.i.k.p.r.p.TestFile    ... finished proof: closed. 
337966     INFO  main            d.u.i.k.p.i.AbstractProblemLoader Loading environment from /home/runner/work/key/key/key.core/../key.ui/examples/standard_key/inEqSimp/simplify5.key.proof 
337966     DEBUG main            d.u.i.k.p.i.AbstractProblemLoader Environment load took 91.6ns 
337968     INFO  main            d.u.i.k.p.i.AbstractProblemLoader Creating init config 
340207     DEBUG main            d.u.i.k.p.i.AbstractProblemLoader Init config took 2.24s 
340221     INFO  main            d.u.i.k.p.i.AbstractProblemLoader Replaying proof simplify5.key.proof 
340270     DEBUG main            d.u.i.k.p.i.IntermediateProofReplayer Proof replay took 44.33ms 
340272     DEBUG main            d.u.i.k.p.r.p.TestFile    ... success: reloaded. 
340272     INFO  main            d.u.i.k.p.r.p.TestFile    Now processing file /home/runner/work/key/key/key.core/../key.ui/examples/standard_key/inEqSimp/subsumptionExample.key 
340273     INFO  main            d.u.i.k.p.i.AbstractProblemLoader Loading environment from /home/runner/work/key/key/key.core/../key.ui/examples/standard_key/inEqSimp/subsumptionExample.key 
340273     DEBUG main            d.u.i.k.p.i.AbstractProblemLoader Environment load took 71.6ns 
340274     INFO  main            d.u.i.k.p.i.AbstractProblemLoader Creating init config 
342578     DEBUG main            d.u.i.k.p.i.AbstractProblemLoader Init config took 2.3s 
342591     INFO  main            d.u.i.k.p.i.AbstractProblemLoader Replaying proof subsumptionExample.key 
342592     DEBUG main            d.u.i.k.p.i.IntermediateProofReplayer Proof replay took 3.4ns 
342694     INFO  main            d.u.i.k.p.r.p.TestFile    ... finished proof: closed. 
343106     INFO  main            d.u.i.k.p.i.AbstractProblemLoader Loading environment from /home/runner/work/key/key/key.core/../key.ui/examples/standard_key/inEqSimp/subsumptionExample.key.proof 
343106     DEBUG main            d.u.i.k.p.i.AbstractProblemLoader Environment load took 85.3ns 
343107     INFO  main            d.u.i.k.p.i.AbstractProblemLoader Creating init config 
345337     DEBUG main            d.u.i.k.p.i.AbstractProblemLoader Init config took 2.23s 
345350     INFO  main            d.u.i.k.p.i.AbstractProblemLoader Replaying proof subsumptionExample.key.proof 
345352     DEBUG main            d.u.i.k.p.i.IntermediateProofReplayer Proof replay took 714.72ns 
345352     DEBUG main            d.u.i.k.p.r.p.TestFile    ... success: reloaded. 
345353     INFO  main            d.u.i.k.p.r.p.TestFile    Now processing file /home/runner/work/key/key/key.core/../key.ui/examples/standard_key/polySimp/simplify0.key 
345353     INFO  main            d.u.i.k.p.i.AbstractProblemLoader Loading environment from /home/runner/work/key/key/key.core/../key.ui/examples/standard_key/polySimp/simplify0.key 
345353     DEBUG main            d.u.i.k.p.i.AbstractProblemLoader Environment load took 44.4ns 
345354     INFO  main            d.u.i.k.p.i.AbstractProblemLoader Creating init config 
347615     DEBUG main            d.u.i.k.p.i.AbstractProblemLoader Init config took 2.26s 
347629     INFO  main            d.u.i.k.p.i.AbstractProblemLoader Replaying proof simplify0.key 
347630     DEBUG main            d.u.i.k.p.i.IntermediateProofReplayer Proof replay took 3ns 
347832     INFO  main            d.u.i.k.p.r.p.TestFile    ... finished proof: closed. 
348249     INFO  main            d.u.i.k.p.i.AbstractProblemLoader Loading environment from /home/runner/work/key/key/key.core/../key.ui/examples/standard_key/polySimp/simplify0.key.proof 
348249     DEBUG main            d.u.i.k.p.i.AbstractProblemLoader Environment load took 83.7ns 
348250     INFO  main            d.u.i.k.p.i.AbstractProblemLoader Creating init config 
350474     DEBUG main            d.u.i.k.p.i.AbstractProblemLoader Init config took 2.22s 
350488     INFO  main            d.u.i.k.p.i.AbstractProblemLoader Replaying proof simplify0.key.proof 
350504     DEBUG main            d.u.i.k.p.i.IntermediateProofReplayer Proof replay took 13.89ms 
350505     DEBUG main            d.u.i.k.p.r.p.TestFile    ... success: reloaded. 
350505     INFO  main            d.u.i.k.p.r.p.TestFile    Now processing file /home/runner/work/key/key/key.core/../key.ui/examples/standard_key/polySimp/simplify1.key 
350506     INFO  main            d.u.i.k.p.i.AbstractProblemLoader Loading environment from /home/runner/work/key/key/key.core/../key.ui/examples/standard_key/polySimp/simplify1.key 
350506     DEBUG main            d.u.i.k.p.i.AbstractProblemLoader Environment load took 91.7ns 
350507     INFO  main            d.u.i.k.p.i.AbstractProblemLoader Creating init config 
352761     DEBUG main            d.u.i.k.p.i.AbstractProblemLoader Init config took 2.25s 
352775     INFO  main            d.u.i.k.p.i.AbstractProblemLoader Replaying proof simplify1.key 
352776     DEBUG main            d.u.i.k.p.i.IntermediateProofReplayer Proof replay took 2.8ns 
353078     INFO  main            d.u.i.k.p.r.p.TestFile    ... finished proof: closed. 
353523     INFO  main            d.u.i.k.p.i.AbstractProblemLoader Loading environment from /home/runner/work/key/key/key.core/../key.ui/examples/standard_key/polySimp/simplify1.key.proof 
353523     DEBUG main            d.u.i.k.p.i.AbstractProblemLoader Environment load took 87.2ns 
353524     INFO  main            d.u.i.k.p.i.AbstractProblemLoader Creating init config 
355753     DEBUG main            d.u.i.k.p.i.AbstractProblemLoader Init config took 2.23s 
355767     INFO  main            d.u.i.k.p.i.AbstractProblemLoader Replaying proof simplify1.key.proof 
355788     DEBUG main            d.u.i.k.p.i.IntermediateProofReplayer Proof replay took 19.51ms 
355789     DEBUG main            d.u.i.k.p.r.p.TestFile    ... success: reloaded. 
355790     INFO  main            d.u.i.k.p.r.p.TestFile    Now processing file /home/runner/work/key/key/key.core/../key.ui/examples/standard_key/polySimp/simplify10.key 
355790     INFO  main            d.u.i.k.p.i.AbstractProblemLoader Loading environment from /home/runner/work/key/key/key.core/../key.ui/examples/standard_key/polySimp/simplify10.key 
355790     DEBUG main            d.u.i.k.p.i.AbstractProblemLoader Environment load took 78.3ns 
355791     INFO  main            d.u.i.k.p.i.AbstractProblemLoader Creating init config 
358063     DEBUG main            d.u.i.k.p.i.AbstractProblemLoader Init config took 2.27s 
358077     INFO  main            d.u.i.k.p.i.AbstractProblemLoader Replaying proof simplify10.key 
358078     DEBUG main            d.u.i.k.p.i.IntermediateProofReplayer Proof replay took 2.8ns 
358280     INFO  main            d.u.i.k.p.r.p.TestFile    ... finished proof: closed. 
358798     INFO  main            d.u.i.k.p.i.AbstractProblemLoader Loading environment from /home/runner/work/key/key/key.core/../key.ui/examples/standard_key/polySimp/simplify10.key.proof 
358798     DEBUG main            d.u.i.k.p.i.AbstractProblemLoader Environment load took 86.8ns 
358800     INFO  main            d.u.i.k.p.i.AbstractProblemLoader Creating init config 
361023     DEBUG main            d.u.i.k.p.i.AbstractProblemLoader Init config took 2.22s 
361039     INFO  main            d.u.i.k.p.i.AbstractProblemLoader Replaying proof simplify10.key.proof 
361068     DEBUG main            d.u.i.k.p.i.IntermediateProofReplayer Proof replay took 26.88ms 
361069     DEBUG main            d.u.i.k.p.r.p.TestFile    ... success: reloaded. 
361070     INFO  main            d.u.i.k.p.r.p.TestFile    Now processing file /home/runner/work/key/key/key.core/../key.ui/examples/standard_key/polySimp/simplify11.key 
361070     INFO  main            d.u.i.k.p.i.AbstractProblemLoader Loading environment from /home/runner/work/key/key/key.core/../key.ui/examples/standard_key/polySimp/simplify11.key 
361070     DEBUG main            d.u.i.k.p.i.AbstractProblemLoader Environment load took 55.2ns 
361071     INFO  main            d.u.i.k.p.i.AbstractProblemLoader Creating init config 
363322     DEBUG main            d.u.i.k.p.i.AbstractProblemLoader Init config took 2.25s 
363336     INFO  main            d.u.i.k.p.i.AbstractProblemLoader Replaying proof simplify11.key 
363337     DEBUG main            d.u.i.k.p.i.IntermediateProofReplayer Proof replay took 2.9ns 
363539     INFO  main            d.u.i.k.p.r.p.TestFile    ... finished proof: closed. 
363984     INFO  main            d.u.i.k.p.i.AbstractProblemLoader Loading environment from /home/runner/work/key/key/key.core/../key.ui/examples/standard_key/polySimp/simplify11.key.proof 
363984     DEBUG main            d.u.i.k.p.i.AbstractProblemLoader Environment load took 83.6ns 
363986     INFO  main            d.u.i.k.p.i.AbstractProblemLoader Creating init config 
366220     DEBUG main            d.u.i.k.p.i.AbstractProblemLoader Init config took 2.23s 
366234     INFO  main            d.u.i.k.p.i.AbstractProblemLoader Replaying proof simplify11.key.proof 
366254     DEBUG main            d.u.i.k.p.i.IntermediateProofReplayer Proof replay took 17.18ms 
366255     DEBUG main            d.u.i.k.p.r.p.TestFile    ... success: reloaded. 
366255     INFO  main            d.u.i.k.p.r.p.TestFile    Now processing file /home/runner/work/key/key/key.core/../key.ui/examples/standard_key/polySimp/simplify12.key 
366255     INFO  main            d.u.i.k.p.i.AbstractProblemLoader Loading environment from /home/runner/work/key/key/key.core/../key.ui/examples/standard_key/polySimp/simplify12.key 
366255     DEBUG main            d.u.i.k.p.i.AbstractProblemLoader Environment load took 60.3ns 
366256     INFO  main            d.u.i.k.p.i.AbstractProblemLoader Creating init config 
368514     DEBUG main            d.u.i.k.p.i.AbstractProblemLoader Init config took 2.26s 
368527     INFO  main            d.u.i.k.p.i.AbstractProblemLoader Replaying proof simplify12.key 
368528     DEBUG main            d.u.i.k.p.i.IntermediateProofReplayer Proof replay took 3.4ns 
368630     INFO  main            d.u.i.k.p.r.p.TestFile    ... finished proof: closed. 
369130     INFO  main            d.u.i.k.p.i.AbstractProblemLoader Loading environment from /home/runner/work/key/key/key.core/../key.ui/examples/standard_key/polySimp/simplify12.key.proof 
369130     DEBUG main            d.u.i.k.p.i.AbstractProblemLoader Environment load took 88.1ns 
369131     INFO  main            d.u.i.k.p.i.AbstractProblemLoader Creating init config 
371363     DEBUG main            d.u.i.k.p.i.AbstractProblemLoader Init config took 2.23s 
371376     INFO  main            d.u.i.k.p.i.AbstractProblemLoader Replaying proof simplify12.key.proof 
371388     DEBUG main            d.u.i.k.p.i.IntermediateProofReplayer Proof replay took 8.12ms 
371389     DEBUG main            d.u.i.k.p.r.p.TestFile    ... success: reloaded. 
371389     INFO  main            d.u.i.k.p.r.p.TestFile    Now processing file /home/runner/work/key/key/key.core/../key.ui/examples/standard_key/polySimp/simplify13.key 
371389     INFO  main            d.u.i.k.p.i.AbstractProblemLoader Loading environment from /home/runner/work/key/key/key.core/../key.ui/examples/standard_key/polySimp/simplify13.key 
371389     DEBUG main            d.u.i.k.p.i.AbstractProblemLoader Environment load took 52.9ns 
371390     INFO  main            d.u.i.k.p.i.AbstractProblemLoader Creating init config 
373638     DEBUG main            d.u.i.k.p.i.AbstractProblemLoader Init config took 2.25s 
373651     INFO  main            d.u.i.k.p.i.AbstractProblemLoader Replaying proof simplify13.key 
373652     DEBUG main            d.u.i.k.p.i.IntermediateProofReplayer Proof replay took 3.4ns 
373753     INFO  main            d.u.i.k.p.r.p.TestFile    ... finished proof: closed. 
374198     INFO  main            d.u.i.k.p.i.AbstractProblemLoader Loading environment from /home/runner/work/key/key/key.core/../key.ui/examples/standard_key/polySimp/simplify13.key.proof 
374198     DEBUG main            d.u.i.k.p.i.AbstractProblemLoader Environment load took 83.6ns 
374199     INFO  main            d.u.i.k.p.i.AbstractProblemLoader Creating init config 
376437     DEBUG main            d.u.i.k.p.i.AbstractProblemLoader Init config took 2.24s 
376451     INFO  main            d.u.i.k.p.i.AbstractProblemLoader Replaying proof simplify13.key.proof 
376457     DEBUG main            d.u.i.k.p.i.IntermediateProofReplayer Proof replay took 4.73ms 
376458     DEBUG main            d.u.i.k.p.r.p.TestFile    ... success: reloaded. 
376458     INFO  main            d.u.i.k.p.r.p.TestFile    Now processing file /home/runner/work/key/key/key.core/../key.ui/examples/standard_key/polySimp/simplify14.key 
376459     INFO  main            d.u.i.k.p.i.AbstractProblemLoader Loading environment from /home/runner/work/key/key/key.core/../key.ui/examples/standard_key/polySimp/simplify14.key 
376459     DEBUG main            d.u.i.k.p.i.AbstractProblemLoader Environment load took 68.1ns 
376460     INFO  main            d.u.i.k.p.i.AbstractProblemLoader Creating init config 
378723     DEBUG main            d.u.i.k.p.i.AbstractProblemLoader Init config took 2.26s 
378737     INFO  main            d.u.i.k.p.i.AbstractProblemLoader Replaying proof simplify14.key 
378738     DEBUG main            d.u.i.k.p.i.IntermediateProofReplayer Proof replay took 2.6ns 
378840     INFO  main            d.u.i.k.p.r.p.TestFile    ... finished proof: closed. 
379271     INFO  main            d.u.i.k.p.i.AbstractProblemLoader Loading environment from /home/runner/work/key/key/key.core/../key.ui/examples/standard_key/polySimp/simplify14.key.proof 
379271     DEBUG main            d.u.i.k.p.i.AbstractProblemLoader Environment load took 81.7ns 
379272     INFO  main            d.u.i.k.p.i.AbstractProblemLoader Creating init config 
381516     DEBUG main            d.u.i.k.p.i.AbstractProblemLoader Init config took 2.24s 
381530     INFO  main            d.u.i.k.p.i.AbstractProblemLoader Replaying proof simplify14.key.proof 
381532     DEBUG main            d.u.i.k.p.i.IntermediateProofReplayer Proof replay took 1.31ms 
381533     DEBUG main            d.u.i.k.p.r.p.TestFile    ... success: reloaded. 
381534     INFO  main            d.u.i.k.p.r.p.TestFile    Now processing file /home/runner/work/key/key/key.core/../key.ui/examples/standard_key/polySimp/simplify15.key 
381534     INFO  main            d.u.i.k.p.i.AbstractProblemLoader Loading environment from /home/runner/work/key/key/key.core/../key.ui/examples/standard_key/polySimp/simplify15.key 
381534     DEBUG main            d.u.i.k.p.i.AbstractProblemLoader Environment load took 45ns 
381535     INFO  main            d.u.i.k.p.i.AbstractProblemLoader Creating init config 
383807     DEBUG main            d.u.i.k.p.i.AbstractProblemLoader Init config took 2.27s 
383820     INFO  main            d.u.i.k.p.i.AbstractProblemLoader Replaying proof simplify15.key 
383821     DEBUG main            d.u.i.k.p.i.IntermediateProofReplayer Proof replay took 3ns 
383925     INFO  main            d.u.i.k.p.r.p.TestFile    ... finished proof: closed. 
384372     INFO  main            d.u.i.k.p.i.AbstractProblemLoader Loading environment from /home/runner/work/key/key/key.core/../key.ui/examples/standard_key/polySimp/simplify15.key.proof 
384372     DEBUG main            d.u.i.k.p.i.AbstractProblemLoader Environment load took 89.2ns 
384373     INFO  main            d.u.i.k.p.i.AbstractProblemLoader Creating init config 
386607     DEBUG main            d.u.i.k.p.i.AbstractProblemLoader Init config took 2.23s 
386620     INFO  main            d.u.i.k.p.i.AbstractProblemLoader Replaying proof simplify15.key.proof 
386622     DEBUG main            d.u.i.k.p.i.IntermediateProofReplayer Proof replay took 629.61ns 
386622     DEBUG main            d.u.i.k.p.r.p.TestFile    ... success: reloaded. 
386623     INFO  main            d.u.i.k.p.r.p.TestFile    Now processing file /home/runner/work/key/key/key.core/../key.ui/examples/standard_key/polySimp/simplify16.key 
386623     INFO  main            d.u.i.k.p.i.AbstractProblemLoader Loading environment from /home/runner/work/key/key/key.core/../key.ui/examples/standard_key/polySimp/simplify16.key 
386623     DEBUG main            d.u.i.k.p.i.AbstractProblemLoader Environment load took 65.2ns 
386624     INFO  main            d.u.i.k.p.i.AbstractProblemLoader Creating init config 
388887     DEBUG main            d.u.i.k.p.i.AbstractProblemLoader Init config took 2.26s 
388901     INFO  main            d.u.i.k.p.i.AbstractProblemLoader Replaying proof simplify16.key 
388902     DEBUG main            d.u.i.k.p.i.IntermediateProofReplayer Proof replay took 2.5ns 
389003     INFO  main            d.u.i.k.p.r.p.TestFile    ... finished proof: closed. 
389444     INFO  main            d.u.i.k.p.i.AbstractProblemLoader Loading environment from /home/runner/work/key/key/key.core/../key.ui/examples/standard_key/polySimp/simplify16.key.proof 
389444     DEBUG main            d.u.i.k.p.i.AbstractProblemLoader Environment load took 86.7ns 
389445     INFO  main            d.u.i.k.p.i.AbstractProblemLoader Creating init config 
391697     DEBUG main            d.u.i.k.p.i.AbstractProblemLoader Init config took 2.25s 
391710     INFO  main            d.u.i.k.p.i.AbstractProblemLoader Replaying proof simplify16.key.proof 
391712     DEBUG main            d.u.i.k.p.i.IntermediateProofReplayer Proof replay took 462.21ns 
391713     DEBUG main            d.u.i.k.p.r.p.TestFile    ... success: reloaded. 
391713     INFO  main            d.u.i.k.p.r.p.TestFile    Now processing file /home/runner/work/key/key/key.core/../key.ui/examples/standard_key/polySimp/simplify17.key 
391713     INFO  main            d.u.i.k.p.i.AbstractProblemLoader Loading environment from /home/runner/work/key/key/key.core/../key.ui/examples/standard_key/polySimp/simplify17.key 
391713     DEBUG main            d.u.i.k.p.i.AbstractProblemLoader Environment load took 46.7ns 
391714     INFO  main            d.u.i.k.p.i.AbstractProblemLoader Creating init config 
393975     DEBUG main            d.u.i.k.p.i.AbstractProblemLoader Init config took 2.26s 
393988     INFO  main            d.u.i.k.p.i.AbstractProblemLoader Replaying proof simplify17.key 
393989     DEBUG main            d.u.i.k.p.i.IntermediateProofReplayer Proof replay took 3.9ns 
394091     INFO  main            d.u.i.k.p.r.p.TestFile    ... finished proof: closed. 
394546     INFO  main            d.u.i.k.p.i.AbstractProblemLoader Loading environment from /home/runner/work/key/key/key.core/../key.ui/examples/standard_key/polySimp/simplify17.key.proof 
394546     DEBUG main            d.u.i.k.p.i.AbstractProblemLoader Environment load took 78.6ns 
394547     INFO  main            d.u.i.k.p.i.AbstractProblemLoader Creating init config 
396778     DEBUG main            d.u.i.k.p.i.AbstractProblemLoader Init config took 2.23s 
396791     INFO  main            d.u.i.k.p.i.AbstractProblemLoader Replaying proof simplify17.key.proof 
396797     DEBUG main            d.u.i.k.p.i.IntermediateProofReplayer Proof replay took 5.06ms 
396798     DEBUG main            d.u.i.k.p.r.p.TestFile    ... success: reloaded. 
396798     INFO  main            d.u.i.k.p.r.p.TestFile    Now processing file /home/runner/work/key/key/key.core/../key.ui/examples/standard_key/polySimp/simplify18.key 
396799     INFO  main            d.u.i.k.p.i.AbstractProblemLoader Loading environment from /home/runner/work/key/key/key.core/../key.ui/examples/standard_key/polySimp/simplify18.key 
396799     DEBUG main            d.u.i.k.p.i.AbstractProblemLoader Environment load took 48.8ns 
396800     INFO  main            d.u.i.k.p.i.AbstractProblemLoader Creating init config 
399060     DEBUG main            d.u.i.k.p.i.AbstractProblemLoader Init config took 2.26s 
399074     INFO  main            d.u.i.k.p.i.AbstractProblemLoader Replaying proof simplify18.key 
399075     DEBUG main            d.u.i.k.p.i.IntermediateProofReplayer Proof replay took 2.9ns 
399277     INFO  main            d.u.i.k.p.r.p.TestFile    ... finished proof: closed. 
399732     INFO  main            d.u.i.k.p.i.AbstractProblemLoader Loading environment from /home/runner/work/key/key/key.core/../key.ui/examples/standard_key/polySimp/simplify18.key.proof 
399732     DEBUG main            d.u.i.k.p.i.AbstractProblemLoader Environment load took 91.3ns 
399734     INFO  main            d.u.i.k.p.i.AbstractProblemLoader Creating init config 
401976     DEBUG main            d.u.i.k.p.i.AbstractProblemLoader Init config took 2.24s 
401990     INFO  main            d.u.i.k.p.i.AbstractProblemLoader Replaying proof simplify18.key.proof 
402005     DEBUG main            d.u.i.k.p.i.IntermediateProofReplayer Proof replay took 13.25ms 
402006     DEBUG main            d.u.i.k.p.r.p.TestFile    ... success: reloaded. 
402006     INFO  main            d.u.i.k.p.r.p.TestFile    Now processing file /home/runner/work/key/key/key.core/../key.ui/examples/standard_key/polySimp/simplify19.key 
402007     INFO  main            d.u.i.k.p.i.AbstractProblemLoader Loading environment from /home/runner/work/key/key/key.core/../key.ui/examples/standard_key/polySimp/simplify19.key 
402007     DEBUG main            d.u.i.k.p.i.AbstractProblemLoader Environment load took 68.6ns 
402008     INFO  main            d.u.i.k.p.i.AbstractProblemLoader Creating init config 
404285     DEBUG main            d.u.i.k.p.i.AbstractProblemLoader Init config took 2.28s 
404298     INFO  main            d.u.i.k.p.i.AbstractProblemLoader Replaying proof simplify19.key 
404299     DEBUG main            d.u.i.k.p.i.IntermediateProofReplayer Proof replay took 3.3ns 
407256     INFO  main            d.u.i.k.p.r.p.TestFile    ... finished proof: closed. 
407761     INFO  main            d.u.i.k.p.i.AbstractProblemLoader Loading environment from /home/runner/work/key/key/key.core/../key.ui/examples/standard_key/polySimp/simplify19.key.proof 
407762     DEBUG main            d.u.i.k.p.i.AbstractProblemLoader Environment load took 95ns 
407763     INFO  main            d.u.i.k.p.i.AbstractProblemLoader Creating init config 
409989     DEBUG main            d.u.i.k.p.i.AbstractProblemLoader Init config took 2.23s 
410003     INFO  main            d.u.i.k.p.i.AbstractProblemLoader Replaying proof simplify19.key.proof 
410244     DEBUG main            d.u.i.k.p.i.IntermediateProofReplayer Proof replay took 215.55ms 
410246     DEBUG main            d.u.i.k.p.r.p.TestFile    ... success: reloaded. 
410246     INFO  main            d.u.i.k.p.r.p.TestFile    Now processing file /home/runner/work/key/key/key.core/../key.ui/examples/standard_key/polySimp/simplify2.key 
410246     INFO  main            d.u.i.k.p.i.AbstractProblemLoader Loading environment from /home/runner/work/key/key/key.core/../key.ui/examples/standard_key/polySimp/simplify2.key 
410246     DEBUG main            d.u.i.k.p.i.AbstractProblemLoader Environment load took 67.1ns 
410247     INFO  main            d.u.i.k.p.i.AbstractProblemLoader Creating init config 
412582     DEBUG main            d.u.i.k.p.i.AbstractProblemLoader Init config took 2.33s 
412595     INFO  main            d.u.i.k.p.i.AbstractProblemLoader Replaying proof simplify2.key 
412596     DEBUG main            d.u.i.k.p.i.IntermediateProofReplayer Proof replay took 2.7ns 
412698     INFO  main            d.u.i.k.p.r.p.TestFile    ... finished proof: closed. 
413263     INFO  main            d.u.i.k.p.i.AbstractProblemLoader Loading environment from /home/runner/work/key/key/key.core/../key.ui/examples/standard_key/polySimp/simplify2.key.proof 
413263     DEBUG main            d.u.i.k.p.i.AbstractProblemLoader Environment load took 102.6ns 
413264     INFO  main            d.u.i.k.p.i.AbstractProblemLoader Creating init config 
415486     DEBUG main            d.u.i.k.p.i.AbstractProblemLoader Init config took 2.22s 
415499     INFO  main            d.u.i.k.p.i.AbstractProblemLoader Replaying proof simplify2.key.proof 
415501     DEBUG main            d.u.i.k.p.i.IntermediateProofReplayer Proof replay took 760.62ns 
415502     DEBUG main            d.u.i.k.p.r.p.TestFile    ... success: reloaded. 
415502     INFO  main            d.u.i.k.p.r.p.TestFile    Now processing file /home/runner/work/key/key/key.core/../key.ui/examples/standard_key/polySimp/simplify20.key 
415503     INFO  main            d.u.i.k.p.i.AbstractProblemLoader Loading environment from /home/runner/work/key/key/key.core/../key.ui/examples/standard_key/polySimp/simplify20.key 
415503     DEBUG main            d.u.i.k.p.i.AbstractProblemLoader Environment load took 44.2ns 
415504     INFO  main            d.u.i.k.p.i.AbstractProblemLoader Creating init config 
417756     DEBUG main            d.u.i.k.p.i.AbstractProblemLoader Init config took 2.25s 
417769     INFO  main            d.u.i.k.p.i.AbstractProblemLoader Replaying proof simplify20.key 
417771     DEBUG main            d.u.i.k.p.i.IntermediateProofReplayer Proof replay took 3.2ns 
418376     INFO  main            d.u.i.k.p.r.p.TestFile    ... finished proof: closed. 
418906     INFO  main            d.u.i.k.p.i.AbstractProblemLoader Loading environment from /home/runner/work/key/key/key.core/../key.ui/examples/standard_key/polySimp/simplify20.key.proof 
418906     DEBUG main            d.u.i.k.p.i.AbstractProblemLoader Environment load took 149.4ns 
418908     INFO  main            d.u.i.k.p.i.AbstractProblemLoader Creating init config 
421130     DEBUG main            d.u.i.k.p.i.AbstractProblemLoader Init config took 2.22s 
421144     INFO  main            d.u.i.k.p.i.AbstractProblemLoader Replaying proof simplify20.key.proof 
421221     DEBUG main            d.u.i.k.p.i.IntermediateProofReplayer Proof replay took 72.72ms 
421223     DEBUG main            d.u.i.k.p.r.p.TestFile    ... success: reloaded. 
421224     INFO  main            d.u.i.k.p.r.p.TestFile    Now processing file /home/runner/work/key/key/key.core/../key.ui/examples/standard_key/polySimp/simplify21.key 
421224     INFO  main            d.u.i.k.p.i.AbstractProblemLoader Loading environment from /home/runner/work/key/key/key.core/../key.ui/examples/standard_key/polySimp/simplify21.key 
421224     DEBUG main            d.u.i.k.p.i.AbstractProblemLoader Environment load took 130.2ns 
421227     INFO  main            d.u.i.k.p.i.AbstractProblemLoader Creating init config 
423478     DEBUG main            d.u.i.k.p.i.AbstractProblemLoader Init config took 2.25s 
423492     INFO  main            d.u.i.k.p.i.AbstractProblemLoader Replaying proof simplify21.key 
423493     DEBUG main            d.u.i.k.p.i.IntermediateProofReplayer Proof replay took 3.7ns 
424098     INFO  main            d.u.i.k.p.r.p.TestFile    ... finished proof: closed. 
424634     INFO  main            d.u.i.k.p.i.AbstractProblemLoader Loading environment from /home/runner/work/key/key/key.core/../key.ui/examples/standard_key/polySimp/simplify21.key.proof 
424635     DEBUG main            d.u.i.k.p.i.AbstractProblemLoader Environment load took 87ns 
424637     INFO  main            d.u.i.k.p.i.AbstractProblemLoader Creating init config 
426864     DEBUG main            d.u.i.k.p.i.AbstractProblemLoader Init config took 2.23s 
426880     INFO  main            d.u.i.k.p.i.AbstractProblemLoader Replaying proof simplify21.key.proof 
426929     DEBUG main            d.u.i.k.p.i.IntermediateProofReplayer Proof replay took 43.88ms 
426931     DEBUG main            d.u.i.k.p.r.p.TestFile    ... success: reloaded. 
426932     INFO  main            d.u.i.k.p.r.p.TestFile    Now processing file /home/runner/work/key/key/key.core/../key.ui/examples/standard_key/polySimp/simplify22.key 
426932     INFO  main            d.u.i.k.p.i.AbstractProblemLoader Loading environment from /home/runner/work/key/key/key.core/../key.ui/examples/standard_key/polySimp/simplify22.key 
426932     DEBUG main            d.u.i.k.p.i.AbstractProblemLoader Environment load took 221.1ns 
426933     INFO  main            d.u.i.k.p.i.AbstractProblemLoader Creating init config 
429195     DEBUG main            d.u.i.k.p.i.AbstractProblemLoader Init config took 2.26s 
429209     INFO  main            d.u.i.k.p.i.AbstractProblemLoader Replaying proof simplify22.key 
429210     DEBUG main            d.u.i.k.p.i.IntermediateProofReplayer Proof replay took 3.4ns 
429312     INFO  main            d.u.i.k.p.r.p.TestFile    ... finished proof: closed. 
429826     INFO  main            d.u.i.k.p.i.AbstractProblemLoader Loading environment from /home/runner/work/key/key/key.core/../key.ui/examples/standard_key/polySimp/simplify22.key.proof 
429826     DEBUG main            d.u.i.k.p.i.AbstractProblemLoader Environment load took 86ns 
429827     INFO  main            d.u.i.k.p.i.AbstractProblemLoader Creating init config 
432061     DEBUG main            d.u.i.k.p.i.AbstractProblemLoader Init config took 2.23s 
432074     INFO  main            d.u.i.k.p.i.AbstractProblemLoader Replaying proof simplify22.key.proof 
432078     DEBUG main            d.u.i.k.p.i.IntermediateProofReplayer Proof replay took 2.23ms 
432079     DEBUG main            d.u.i.k.p.r.p.TestFile    ... success: reloaded. 
432079     INFO  main            d.u.i.k.p.r.p.TestFile    Now processing file /home/runner/work/key/key/key.core/../key.ui/examples/standard_key/polySimp/simplify23.key 
432079     INFO  main            d.u.i.k.p.i.AbstractProblemLoader Loading environment from /home/runner/work/key/key/key.core/../key.ui/examples/standard_key/polySimp/simplify23.key 
432079     DEBUG main            d.u.i.k.p.i.AbstractProblemLoader Environment load took 81.1ns 
432080     INFO  main            d.u.i.k.p.i.AbstractProblemLoader Creating init config 
434332     DEBUG main            d.u.i.k.p.i.AbstractProblemLoader Init config took 2.25s 
434345     INFO  main            d.u.i.k.p.i.AbstractProblemLoader Replaying proof simplify23.key 
434346     DEBUG main            d.u.i.k.p.i.IntermediateProofReplayer Proof replay took 3.3ns 
434449     INFO  main            d.u.i.k.p.r.p.TestFile    ... finished proof: closed. 
434947     INFO  main            d.u.i.k.p.i.AbstractProblemLoader Loading environment from /home/runner/work/key/key/key.core/../key.ui/examples/standard_key/polySimp/simplify23.key.proof 
434947     DEBUG main            d.u.i.k.p.i.AbstractProblemLoader Environment load took 93.7ns 
434949     INFO  main            d.u.i.k.p.i.AbstractProblemLoader Creating init config 
437178     DEBUG main            d.u.i.k.p.i.AbstractProblemLoader Init config took 2.23s 
437191     INFO  main            d.u.i.k.p.i.AbstractProblemLoader Replaying proof simplify23.key.proof 
437204     DEBUG main            d.u.i.k.p.i.IntermediateProofReplayer Proof replay took 10.64ms 
437205     DEBUG main            d.u.i.k.p.r.p.TestFile    ... success: reloaded. 
437205     INFO  main            d.u.i.k.p.r.p.TestFile    Now processing file /home/runner/work/key/key/key.core/../key.ui/examples/standard_key/polySimp/simplify24.key 
437205     INFO  main            d.u.i.k.p.i.AbstractProblemLoader Loading environment from /home/runner/work/key/key/key.core/../key.ui/examples/standard_key/polySimp/simplify24.key 
437205     DEBUG main            d.u.i.k.p.i.AbstractProblemLoader Environment load took 46.9ns 
437206     INFO  main            d.u.i.k.p.i.AbstractProblemLoader Creating init config 
439468     DEBUG main            d.u.i.k.p.i.AbstractProblemLoader Init config took 2.26s 
439481     INFO  main            d.u.i.k.p.i.AbstractProblemLoader Replaying proof simplify24.key 
439482     DEBUG main            d.u.i.k.p.i.IntermediateProofReplayer Proof replay took 3ns 
439584     INFO  main            d.u.i.k.p.r.p.TestFile    ... finished proof: closed. 
440148     INFO  main            d.u.i.k.p.i.AbstractProblemLoader Loading environment from /home/runner/work/key/key/key.core/../key.ui/examples/standard_key/polySimp/simplify24.key.proof 
440148     DEBUG main            d.u.i.k.p.i.AbstractProblemLoader Environment load took 84.3ns 
440149     INFO  main            d.u.i.k.p.i.AbstractProblemLoader Creating init config 
442358     DEBUG main            d.u.i.k.p.i.AbstractProblemLoader Init config took 2.21s 
442371     INFO  main            d.u.i.k.p.i.AbstractProblemLoader Replaying proof simplify24.key.proof 
442375     DEBUG main            d.u.i.k.p.i.IntermediateProofReplayer Proof replay took 2.24ms 
442375     DEBUG main            d.u.i.k.p.r.p.TestFile    ... success: reloaded. 
442376     INFO  main            d.u.i.k.p.r.p.TestFile    Now processing file /home/runner/work/key/key/key.core/../key.ui/examples/standard_key/polySimp/simplify25.key 
442376     INFO  main            d.u.i.k.p.i.AbstractProblemLoader Loading environment from /home/runner/work/key/key/key.core/../key.ui/examples/standard_key/polySimp/simplify25.key 
442376     DEBUG main            d.u.i.k.p.i.AbstractProblemLoader Environment load took 81.8ns 
442377     INFO  main            d.u.i.k.p.i.AbstractProblemLoader Creating init config 
444618     DEBUG main            d.u.i.k.p.i.AbstractProblemLoader Init config took 2.24s 
444631     INFO  main            d.u.i.k.p.i.AbstractProblemLoader Replaying proof simplify25.key 
444632     DEBUG main            d.u.i.k.p.i.IntermediateProofReplayer Proof replay took 3.2ns 
444734     INFO  main            d.u.i.k.p.r.p.TestFile    ... finished proof: closed. 
445240     INFO  main            d.u.i.k.p.i.AbstractProblemLoader Loading environment from /home/runner/work/key/key/key.core/../key.ui/examples/standard_key/polySimp/simplify25.key.proof 
445240     DEBUG main            d.u.i.k.p.i.AbstractProblemLoader Environment load took 84.8ns 
445241     INFO  main            d.u.i.k.p.i.AbstractProblemLoader Creating init config 
447454     DEBUG main            d.u.i.k.p.i.AbstractProblemLoader Init config took 2.21s 
447467     INFO  main            d.u.i.k.p.i.AbstractProblemLoader Replaying proof simplify25.key.proof 
447471     DEBUG main            d.u.i.k.p.i.IntermediateProofReplayer Proof replay took 2.3ms 
447471     DEBUG main            d.u.i.k.p.r.p.TestFile    ... success: reloaded. 
447472     INFO  main            d.u.i.k.p.r.p.TestFile    Now processing file /home/runner/work/key/key/key.core/../key.ui/examples/standard_key/polySimp/simplify3.key 
447472     INFO  main            d.u.i.k.p.i.AbstractProblemLoader Loading environment from /home/runner/work/key/key/key.core/../key.ui/examples/standard_key/polySimp/simplify3.key 
447472     DEBUG main            d.u.i.k.p.i.AbstractProblemLoader Environment load took 42.4ns 
447473     INFO  main            d.u.i.k.p.i.AbstractProblemLoader Creating init config 
449725     DEBUG main            d.u.i.k.p.i.AbstractProblemLoader Init config took 2.25s 
449737     INFO  main            d.u.i.k.p.i.AbstractProblemLoader Replaying proof simplify3.key 
449738     DEBUG main            d.u.i.k.p.i.IntermediateProofReplayer Proof replay took 3.6ns 
449840     INFO  main            d.u.i.k.p.r.p.TestFile    ... finished proof: closed. 
450347     INFO  main            d.u.i.k.p.i.AbstractProblemLoader Loading environment from /home/runner/work/key/key/key.core/../key.ui/examples/standard_key/polySimp/simplify3.key.proof 
450348     DEBUG main            d.u.i.k.p.i.AbstractProblemLoader Environment load took 84.3ns 
450348     INFO  main            d.u.i.k.p.i.AbstractProblemLoader Creating init config 
452569     DEBUG main            d.u.i.k.p.i.AbstractProblemLoader Init config took 2.22s 
452582     INFO  main            d.u.i.k.p.i.AbstractProblemLoader Replaying proof simplify3.key.proof 
452585     DEBUG main            d.u.i.k.p.i.IntermediateProofReplayer Proof replay took 845.02ns 
452585     DEBUG main            d.u.i.k.p.r.p.TestFile    ... success: reloaded. 
452586     INFO  main            d.u.i.k.p.r.p.TestFile    Now processing file /home/runner/work/key/key/key.core/../key.ui/examples/standard_key/polySimp/simplify4.key 
452586     INFO  main            d.u.i.k.p.i.AbstractProblemLoader Loading environment from /home/runner/work/key/key/key.core/../key.ui/examples/standard_key/polySimp/simplify4.key 
452586     DEBUG main            d.u.i.k.p.i.AbstractProblemLoader Environment load took 61.2ns 
452587     INFO  main            d.u.i.k.p.i.AbstractProblemLoader Creating init config 
454833     DEBUG main            d.u.i.k.p.i.AbstractProblemLoader Init config took 2.25s 
454846     INFO  main            d.u.i.k.p.i.AbstractProblemLoader Replaying proof simplify4.key 
454847     DEBUG main            d.u.i.k.p.i.IntermediateProofReplayer Proof replay took 2.9ns 
454949     INFO  main            d.u.i.k.p.r.p.TestFile    ... finished proof: closed. 
455515     INFO  main            d.u.i.k.p.i.AbstractProblemLoader Loading environment from /home/runner/work/key/key/key.core/../key.ui/examples/standard_key/polySimp/simplify4.key.proof 
455515     DEBUG main            d.u.i.k.p.i.AbstractProblemLoader Environment load took 80.5ns 
455516     INFO  main            d.u.i.k.p.i.AbstractProblemLoader Creating init config 
457748     DEBUG main            d.u.i.k.p.i.AbstractProblemLoader Init config took 2.23s 
457762     INFO  main            d.u.i.k.p.i.AbstractProblemLoader Replaying proof simplify4.key.proof 
457764     DEBUG main            d.u.i.k.p.i.IntermediateProofReplayer Proof replay took 1.04ms 
457765     DEBUG main            d.u.i.k.p.r.p.TestFile    ... success: reloaded. 
457765     INFO  main            d.u.i.k.p.r.p.TestFile    Now processing file /home/runner/work/key/key/key.core/../key.ui/examples/standard_key/polySimp/simplify5.key 
457765     INFO  main            d.u.i.k.p.i.AbstractProblemLoader Loading environment from /home/runner/work/key/key/key.core/../key.ui/examples/standard_key/polySimp/simplify5.key 
457765     DEBUG main            d.u.i.k.p.i.AbstractProblemLoader Environment load took 62.6ns 
457766     INFO  main            d.u.i.k.p.i.AbstractProblemLoader Creating init config 
460020     DEBUG main            d.u.i.k.p.i.AbstractProblemLoader Init config took 2.25s 
460033     INFO  main            d.u.i.k.p.i.AbstractProblemLoader Replaying proof simplify5.key 
460034     DEBUG main            d.u.i.k.p.i.IntermediateProofReplayer Proof replay took 3.5ns 
460136     INFO  main            d.u.i.k.p.r.p.TestFile    ... finished proof: closed. 
460656     INFO  main            d.u.i.k.p.i.AbstractProblemLoader Loading environment from /home/runner/work/key/key/key.core/../key.ui/examples/standard_key/polySimp/simplify5.key.proof 
460656     DEBUG main            d.u.i.k.p.i.AbstractProblemLoader Environment load took 81.7ns 
460657     INFO  main            d.u.i.k.p.i.AbstractProblemLoader Creating init config 
462882     DEBUG main            d.u.i.k.p.i.AbstractProblemLoader Init config took 2.22s 
462895     INFO  main            d.u.i.k.p.i.AbstractProblemLoader Replaying proof simplify5.key.proof 
462902     DEBUG main            d.u.i.k.p.i.IntermediateProofReplayer Proof replay took 5.37ms 
462903     DEBUG main            d.u.i.k.p.r.p.TestFile    ... success: reloaded. 
462903     INFO  main            d.u.i.k.p.r.p.TestFile    Now processing file /home/runner/work/key/key/key.core/../key.ui/examples/standard_key/polySimp/simplify6.key 
462903     INFO  main            d.u.i.k.p.i.AbstractProblemLoader Loading environment from /home/runner/work/key/key/key.core/../key.ui/examples/standard_key/polySimp/simplify6.key 
462904     DEBUG main            d.u.i.k.p.i.AbstractProblemLoader Environment load took 46.5ns 
462904     INFO  main            d.u.i.k.p.i.AbstractProblemLoader Creating init config 
465152     DEBUG main            d.u.i.k.p.i.AbstractProblemLoader Init config took 2.25s 
465165     INFO  main            d.u.i.k.p.i.AbstractProblemLoader Replaying proof simplify6.key 
465166     DEBUG main            d.u.i.k.p.i.IntermediateProofReplayer Proof replay took 2.7ns 
465268     INFO  main            d.u.i.k.p.r.p.TestFile    ... finished proof: closed. 
465784     INFO  main            d.u.i.k.p.i.AbstractProblemLoader Loading environment from /home/runner/work/key/key/key.core/../key.ui/examples/standard_key/polySimp/simplify6.key.proof 
465784     DEBUG main            d.u.i.k.p.i.AbstractProblemLoader Environment load took 78.5ns 
465785     INFO  main            d.u.i.k.p.i.AbstractProblemLoader Creating init config 
468006     DEBUG main            d.u.i.k.p.i.AbstractProblemLoader Init config took 2.22s 
468019     INFO  main            d.u.i.k.p.i.AbstractProblemLoader Replaying proof simplify6.key.proof 
468021     DEBUG main            d.u.i.k.p.i.IntermediateProofReplayer Proof replay took 351.21ns 
468021     DEBUG main            d.u.i.k.p.r.p.TestFile    ... success: reloaded. 
468022     INFO  main            d.u.i.k.p.r.p.TestFile    Now processing file /home/runner/work/key/key/key.core/../key.ui/examples/standard_key/polySimp/simplify7.key 
468022     INFO  main            d.u.i.k.p.i.AbstractProblemLoader Loading environment from /home/runner/work/key/key/key.core/../key.ui/examples/standard_key/polySimp/simplify7.key 
468022     DEBUG main            d.u.i.k.p.i.AbstractProblemLoader Environment load took 43.8ns 
468023     INFO  main            d.u.i.k.p.i.AbstractProblemLoader Creating init config 
470284     DEBUG main            d.u.i.k.p.i.AbstractProblemLoader Init config took 2.26s 
470298     INFO  main            d.u.i.k.p.i.AbstractProblemLoader Replaying proof simplify7.key 
470299     DEBUG main            d.u.i.k.p.i.IntermediateProofReplayer Proof replay took 3.2ns 
470401     INFO  main            d.u.i.k.p.r.p.TestFile    ... finished proof: closed. 
470915     INFO  main            d.u.i.k.p.i.AbstractProblemLoader Loading environment from /home/runner/work/key/key/key.core/../key.ui/examples/standard_key/polySimp/simplify7.key.proof 
470915     DEBUG main            d.u.i.k.p.i.AbstractProblemLoader Environment load took 82.2ns 
470916     INFO  main            d.u.i.k.p.i.AbstractProblemLoader Creating init config 
473133     DEBUG main            d.u.i.k.p.i.AbstractProblemLoader Init config took 2.22s 
473146     INFO  main            d.u.i.k.p.i.AbstractProblemLoader Replaying proof simplify7.key.proof 
473148     DEBUG main            d.u.i.k.p.i.IntermediateProofReplayer Proof replay took 600.01ns 
473149     DEBUG main            d.u.i.k.p.r.p.TestFile    ... success: reloaded. 
473149     INFO  main            d.u.i.k.p.r.p.TestFile    Now processing file /home/runner/work/key/key/key.core/../key.ui/examples/standard_key/polySimp/simplify8.key 
473149     INFO  main            d.u.i.k.p.i.AbstractProblemLoader Loading environment from /home/runner/work/key/key/key.core/../key.ui/examples/standard_key/polySimp/simplify8.key 
473149     DEBUG main            d.u.i.k.p.i.AbstractProblemLoader Environment load took 44.1ns 
473162     INFO  main            d.u.i.k.p.i.AbstractProblemLoader Creating init config 
475427     DEBUG main            d.u.i.k.p.i.AbstractProblemLoader Init config took 2.26s 
475440     INFO  main            d.u.i.k.p.i.AbstractProblemLoader Replaying proof simplify8.key 
475441     DEBUG main            d.u.i.k.p.i.IntermediateProofReplayer Proof replay took 3.1ns 
479094     INFO  main            d.u.i.k.p.r.p.TestFile    ... finished proof: closed. 
479656     INFO  main            d.u.i.k.p.i.AbstractProblemLoader Loading environment from /home/runner/work/key/key/key.core/../key.ui/examples/standard_key/polySimp/simplify8.key.proof 
479656     DEBUG main            d.u.i.k.p.i.AbstractProblemLoader Environment load took 88.5ns 
479658     INFO  main            d.u.i.k.p.i.AbstractProblemLoader Creating init config 
481903     DEBUG main            d.u.i.k.p.i.AbstractProblemLoader Init config took 2.24s 
481919     INFO  main            d.u.i.k.p.i.AbstractProblemLoader Replaying proof simplify8.key.proof 
482093     DEBUG main            d.u.i.k.p.i.IntermediateProofReplayer Proof replay took 169.15ms 
482096     DEBUG main            d.u.i.k.p.r.p.TestFile    ... success: reloaded. 
482096     INFO  main            d.u.i.k.p.r.p.TestFile    Now processing file /home/runner/work/key/key/key.core/../key.ui/examples/standard_key/polySimp/simplify9.key 
482097     INFO  main            d.u.i.k.p.i.AbstractProblemLoader Loading environment from /home/runner/work/key/key/key.core/../key.ui/examples/standard_key/polySimp/simplify9.key 
482097     DEBUG main            d.u.i.k.p.i.AbstractProblemLoader Environment load took 48.7ns 
482098     INFO  main            d.u.i.k.p.i.AbstractProblemLoader Creating init config 
484380     DEBUG main            d.u.i.k.p.i.AbstractProblemLoader Init config took 2.28s 
484393     INFO  main            d.u.i.k.p.i.AbstractProblemLoader Replaying proof simplify9.key 
484394     DEBUG main            d.u.i.k.p.i.IntermediateProofReplayer Proof replay took 3ns 
484596     INFO  main            d.u.i.k.p.r.p.TestFile    ... finished proof: closed. 
485171     INFO  main            d.u.i.k.p.i.AbstractProblemLoader Loading environment from /home/runner/work/key/key/key.core/../key.ui/examples/standard_key/polySimp/simplify9.key.proof 
485171     DEBUG main            d.u.i.k.p.i.AbstractProblemLoader Environment load took 84.1ns 
485172     INFO  main            d.u.i.k.p.i.AbstractProblemLoader Creating init config 
487425     DEBUG main            d.u.i.k.p.i.AbstractProblemLoader Init config took 2.25s 
487439     INFO  main            d.u.i.k.p.i.AbstractProblemLoader Replaying proof simplify9.key.proof 
487450     DEBUG main            d.u.i.k.p.i.IntermediateProofReplayer Proof replay took 8.91ms 
487451     DEBUG main            d.u.i.k.p.r.p.TestFile    ... success: reloaded. 
2854839    INFO  Test worker     d.u.i.k.p.r.RunAllProofsTestUnit Returning from test arithmetic 
2854841    INFO  Test worker     d.u.i.k.p.r.RunAllProofsTestUnit Running test arrays 
397        INFO  Timeout watchdog d.u.i.k.p.r.p.ForkedTestFileRunner Timeout watcher launched (2000 secs.) 
399        WARN  main            d.u.i.k.s.ProofSettings   The settings in /home/runner/.key/proof-settings.props are *not* read. 
426        INFO  main            d.u.i.k.p.r.p.TestFile    Now processing file /home/runner/work/key/key/key.core/../key.ui/examples/standard_key/arrays/arrayStoreException/array2DimPrim.key 
535        INFO  main            d.u.i.k.p.i.AbstractProblemLoader Loading environment from /home/runner/work/key/key/key.core/../key.ui/examples/standard_key/arrays/arrayStoreException/array2DimPrim.key 
560        DEBUG main            d.u.i.k.p.i.AbstractProblemLoader Environment load took 1.93ms 
843        INFO  main            d.u.i.k.p.i.AbstractProblemLoader Creating init config 
1718       DEBUG main            d.u.i.k.j.TypeConverter   No LDT found for Meta 
1718       DEBUG main            d.u.i.k.j.TypeConverter   No LDT found for Meta 
1720       DEBUG main            d.u.i.k.j.TypeConverter   No LDT found for Meta 
1720       DEBUG main            d.u.i.k.j.TypeConverter   No LDT found for Meta 
3089       DEBUG main            d.u.i.k.j.TypeConverter   No LDT found for JavaBigintExpression 
8264       DEBUG main            d.u.i.k.p.i.AbstractProblemLoader Init config took 7.42s 
8347       INFO  main            d.u.i.k.p.i.AbstractProblemLoader Replaying proof array2DimPrim.key 
8385       DEBUG main            d.u.i.k.p.i.IntermediateProofReplayer Proof replay took 37.2ns 
12293      INFO  main            d.u.i.k.p.r.p.TestFile    ... finished proof: closed. 
12486      INFO  main            d.u.i.k.p.i.AbstractProblemLoader Loading environment from /home/runner/work/key/key/key.core/../key.ui/examples/standard_key/arrays/arrayStoreException/array2DimPrim.key.proof 
12486      DEBUG main            d.u.i.k.p.i.AbstractProblemLoader Environment load took 157.3ns 
12490      INFO  main            d.u.i.k.p.i.AbstractProblemLoader Creating init config 
15365      DEBUG main            d.u.i.k.p.i.AbstractProblemLoader Init config took 2.87s 
15412      INFO  main            d.u.i.k.p.i.AbstractProblemLoader Replaying proof array2DimPrim.key.proof 
15978      DEBUG main            d.u.i.k.p.i.IntermediateProofReplayer Proof replay took 550.25ms 
15992      DEBUG main            d.u.i.k.p.r.p.TestFile    ... success: reloaded. 
15994      INFO  main            d.u.i.k.p.r.p.TestFile    Now processing file /home/runner/work/key/key/key.core/../key.ui/examples/standard_key/arrays/arrayStoreException/arrayStoreKnownDynType.key 
15994      INFO  main            d.u.i.k.p.i.AbstractProblemLoader Loading environment from /home/runner/work/key/key/key.core/../key.ui/examples/standard_key/arrays/arrayStoreException/arrayStoreKnownDynType.key 
15995      DEBUG main            d.u.i.k.p.i.AbstractProblemLoader Environment load took 233.1ns 
15996      INFO  main            d.u.i.k.p.i.AbstractProblemLoader Creating init config 
18733      DEBUG main            d.u.i.k.p.i.AbstractProblemLoader Init config took 2.74s 
18762      INFO  main            d.u.i.k.p.i.AbstractProblemLoader Replaying proof arrayStoreKnownDynType.key 
18765      DEBUG main            d.u.i.k.p.i.IntermediateProofReplayer Proof replay took 8.4ns 
18968      INFO  main            d.u.i.k.p.r.p.TestFile    ... finished proof: closed. 
19205      INFO  main            d.u.i.k.p.i.AbstractProblemLoader Loading environment from /home/runner/work/key/key/key.core/../key.ui/examples/standard_key/arrays/arrayStoreException/arrayStoreKnownDynType.key.proof 
19206      DEBUG main            d.u.i.k.p.i.AbstractProblemLoader Environment load took 462.11ns 
19208      INFO  main            d.u.i.k.p.i.AbstractProblemLoader Creating init config 
21881      DEBUG main            d.u.i.k.p.i.AbstractProblemLoader Init config took 2.67s 
21921      INFO  main            d.u.i.k.p.i.AbstractProblemLoader Replaying proof arrayStoreKnownDynType.key.proof 
21979      DEBUG main            d.u.i.k.p.i.IntermediateProofReplayer Proof replay took 49.33ms 
21982      DEBUG main            d.u.i.k.p.r.p.TestFile    ... success: reloaded. 
21984      INFO  main            d.u.i.k.p.r.p.TestFile    Now processing file /home/runner/work/key/key/key.core/../key.ui/examples/standard_key/arrays/arrayStoreException/reverseArray.key 
21984      INFO  main            d.u.i.k.p.i.AbstractProblemLoader Loading environment from /home/runner/work/key/key/key.core/../key.ui/examples/standard_key/arrays/arrayStoreException/reverseArray.key 
21984      DEBUG main            d.u.i.k.p.i.AbstractProblemLoader Environment load took 262.11ns 
21987      INFO  main            d.u.i.k.p.i.AbstractProblemLoader Creating init config 
24789      DEBUG main            d.u.i.k.p.i.AbstractProblemLoader Init config took 2.8s 
24813      INFO  main            d.u.i.k.p.i.AbstractProblemLoader Replaying proof reverseArray.key 
24816      DEBUG main            d.u.i.k.p.i.IntermediateProofReplayer Proof replay took 7.1ns 
25422      INFO  main            d.u.i.k.p.r.p.TestFile    ... finished proof: closed. 
25598      INFO  main            d.u.i.k.p.i.AbstractProblemLoader Loading environment from /home/runner/work/key/key/key.core/../key.ui/examples/standard_key/arrays/arrayStoreException/reverseArray.key.proof 
25599      DEBUG main            d.u.i.k.p.i.AbstractProblemLoader Environment load took 457.01ns 
25600      INFO  main            d.u.i.k.p.i.AbstractProblemLoader Creating init config 
28196      DEBUG main            d.u.i.k.p.i.AbstractProblemLoader Init config took 2.6s 
28219      INFO  main            d.u.i.k.p.i.AbstractProblemLoader Replaying proof reverseArray.key.proof 
28361      DEBUG main            d.u.i.k.p.i.IntermediateProofReplayer Proof replay took 135.39ms 
28363      DEBUG main            d.u.i.k.p.r.p.TestFile    ... success: reloaded. 
28364      INFO  main            d.u.i.k.p.r.p.TestFile    Now processing file /home/runner/work/key/key/key.core/../key.ui/examples/standard_key/arrays/arrayStoreException/throwArrayStoreException.key 
28365      INFO  main            d.u.i.k.p.i.AbstractProblemLoader Loading environment from /home/runner/work/key/key/key.core/../key.ui/examples/standard_key/arrays/arrayStoreException/throwArrayStoreException.key 
28365      DEBUG main            d.u.i.k.p.i.AbstractProblemLoader Environment load took 217.7ns 
28366      INFO  main            d.u.i.k.p.i.AbstractProblemLoader Creating init config 
31016      DEBUG main            d.u.i.k.p.i.AbstractProblemLoader Init config took 2.65s 
31037      INFO  main            d.u.i.k.p.i.AbstractProblemLoader Replaying proof throwArrayStoreException.key 
31039      DEBUG main            d.u.i.k.p.i.IntermediateProofReplayer Proof replay took 6.6ns 
31450      INFO  main            d.u.i.k.p.r.p.TestFile    ... finished proof: closed. 
31639      INFO  main            d.u.i.k.p.i.AbstractProblemLoader Loading environment from /home/runner/work/key/key/key.core/../key.ui/examples/standard_key/arrays/arrayStoreException/throwArrayStoreException.key.proof 
31640      DEBUG main            d.u.i.k.p.i.AbstractProblemLoader Environment load took 506.81ns 
31641      INFO  main            d.u.i.k.p.i.AbstractProblemLoader Creating init config 
34282      DEBUG main            d.u.i.k.p.i.AbstractProblemLoader Init config took 2.64s 
34313      INFO  main            d.u.i.k.p.i.AbstractProblemLoader Replaying proof throwArrayStoreException.key.proof 
34416      DEBUG main            d.u.i.k.p.i.IntermediateProofReplayer Proof replay took 97.24ms 
34418      DEBUG main            d.u.i.k.p.r.p.TestFile    ... success: reloaded. 
34419      INFO  main            d.u.i.k.p.r.p.TestFile    Now processing file /home/runner/work/key/key/key.core/../key.ui/examples/standard_key/arrays/creation/arrayCreation1.key 
34420      INFO  main            d.u.i.k.p.i.AbstractProblemLoader Loading environment from /home/runner/work/key/key/key.core/../key.ui/examples/standard_key/arrays/creation/arrayCreation1.key 
34420      DEBUG main            d.u.i.k.p.i.AbstractProblemLoader Environment load took 216ns 
34421      INFO  main            d.u.i.k.p.i.AbstractProblemLoader Creating init config 
36957      DEBUG main            d.u.i.k.p.i.AbstractProblemLoader Init config took 2.54s 
36978      INFO  main            d.u.i.k.p.i.AbstractProblemLoader Replaying proof arrayCreation1.key 
36980      DEBUG main            d.u.i.k.p.i.IntermediateProofReplayer Proof replay took 8.1ns 
37185      INFO  main            d.u.i.k.p.r.p.TestFile    ... finished proof: closed. 
37358      INFO  main            d.u.i.k.p.i.AbstractProblemLoader Loading environment from /home/runner/work/key/key/key.core/../key.ui/examples/standard_key/arrays/creation/arrayCreation1.key.proof 
37358      DEBUG main            d.u.i.k.p.i.AbstractProblemLoader Environment load took 133.1ns 
37361      INFO  main            d.u.i.k.p.i.AbstractProblemLoader Creating init config 
39873      DEBUG main            d.u.i.k.p.i.AbstractProblemLoader Init config took 2.51s 
39894      INFO  main            d.u.i.k.p.i.AbstractProblemLoader Replaying proof arrayCreation1.key.proof 
39920      DEBUG main            d.u.i.k.p.i.IntermediateProofReplayer Proof replay took 23.59ms 
39921      DEBUG main            d.u.i.k.p.r.p.TestFile    ... success: reloaded. 
39922      INFO  main            d.u.i.k.p.r.p.TestFile    Now processing file /home/runner/work/key/key/key.core/../key.ui/examples/standard_key/arrays/arrayStoreException/array2Dim.key 
39922      INFO  main            d.u.i.k.p.i.AbstractProblemLoader Loading environment from /home/runner/work/key/key/key.core/../key.ui/examples/standard_key/arrays/arrayStoreException/array2Dim.key 
39922      DEBUG main            d.u.i.k.p.i.AbstractProblemLoader Environment load took 179.6ns 
39924      INFO  main            d.u.i.k.p.i.AbstractProblemLoader Creating init config 
42538      DEBUG main            d.u.i.k.p.i.AbstractProblemLoader Init config took 2.61s 
42561      INFO  main            d.u.i.k.p.i.AbstractProblemLoader Replaying proof array2Dim.key 
42563      DEBUG main            d.u.i.k.p.i.IntermediateProofReplayer Proof replay took 7.6ns 
45994      INFO  main            d.u.i.k.p.r.p.TestFile    ... finished proof: open goal(s) 
46253      INFO  main            d.u.i.k.p.r.p.TestFile    Now processing file /home/runner/work/key/key/key.core/../key.ui/examples/standard_key/arrays/arrayStoreException/array2DimClose.key 
46253      INFO  main            d.u.i.k.p.i.AbstractProblemLoader Loading environment from /home/runner/work/key/key/key.core/../key.ui/examples/standard_key/arrays/arrayStoreException/array2DimClose.key 
46253      DEBUG main            d.u.i.k.p.i.AbstractProblemLoader Environment load took 73.6ns 
46254      INFO  main            d.u.i.k.p.i.AbstractProblemLoader Creating init config 
48797      DEBUG main            d.u.i.k.p.i.AbstractProblemLoader Init config took 2.54s 
48817      INFO  main            d.u.i.k.p.i.AbstractProblemLoader Replaying proof array2DimClose.key 
48820      DEBUG main            d.u.i.k.p.i.IntermediateProofReplayer Proof replay took 16.1ns 
51034      INFO  main            d.u.i.k.p.r.p.TestFile    ... finished proof: open goal(s) 
51389      INFO  main            d.u.i.k.p.r.p.TestFile    Now processing file /home/runner/work/key/key/key.core/../key.ui/examples/standard_key/arrays/arrayStoreException/throwASEForPrim.key 
51389      INFO  main            d.u.i.k.p.i.AbstractProblemLoader Loading environment from /home/runner/work/key/key/key.core/../key.ui/examples/standard_key/arrays/arrayStoreException/throwASEForPrim.key 
51389      DEBUG main            d.u.i.k.p.i.AbstractProblemLoader Environment load took 63.2ns 
51390      INFO  main            d.u.i.k.p.i.AbstractProblemLoader Creating init config 
53855      DEBUG main            d.u.i.k.p.i.AbstractProblemLoader Init config took 2.46s 
53875      INFO  main            d.u.i.k.p.i.AbstractProblemLoader Replaying proof throwASEForPrim.key 
53877      DEBUG main            d.u.i.k.p.i.IntermediateProofReplayer Proof replay took 7.5ns 
58117      INFO  main            d.u.i.k.p.r.p.TestFile    ... finished proof: open goal(s) 
2913482    INFO  Test worker     d.u.i.k.p.r.RunAllProofsTestUnit Returning from test arrays 
2913483    INFO  Test worker     d.u.i.k.p.r.RunAllProofsTestUnit Running test javadl 
360        INFO  Timeout watchdog d.u.i.k.p.r.p.ForkedTestFileRunner Timeout watcher launched (2000 secs.) 
366        WARN  main            d.u.i.k.s.ProofSettings   The settings in /home/runner/.key/proof-settings.props are *not* read. 
418        INFO  main            d.u.i.k.p.r.p.TestFile    Now processing file /home/runner/work/key/key/key.core/../key.ui/examples/standard_key/instanceCreation/instanceCreation1.key 
548        INFO  main            d.u.i.k.p.i.AbstractProblemLoader Loading environment from /home/runner/work/key/key/key.core/../key.ui/examples/standard_key/instanceCreation/instanceCreation1.key 
564        DEBUG main            d.u.i.k.p.i.AbstractProblemLoader Environment load took 2.34ms 
840        INFO  main            d.u.i.k.p.i.AbstractProblemLoader Creating init config 
1765       DEBUG main            d.u.i.k.j.TypeConverter   No LDT found for Meta 
1766       DEBUG main            d.u.i.k.j.TypeConverter   No LDT found for Meta 
1768       DEBUG main            d.u.i.k.j.TypeConverter   No LDT found for Meta 
1768       DEBUG main            d.u.i.k.j.TypeConverter   No LDT found for Meta 
3295       DEBUG main            d.u.i.k.j.TypeConverter   No LDT found for JavaBigintExpression 
8709       DEBUG main            d.u.i.k.p.i.AbstractProblemLoader Init config took 7.87s 
8771       INFO  main            d.u.i.k.p.i.AbstractProblemLoader Replaying proof instanceCreation1.key 
8804       DEBUG main            d.u.i.k.p.i.IntermediateProofReplayer Proof replay took 41.6ns 
9953       INFO  main            d.u.i.k.p.r.p.TestFile    ... finished proof: closed. 
10099      INFO  main            d.u.i.k.p.i.AbstractProblemLoader Loading environment from /home/runner/work/key/key/key.core/../key.ui/examples/standard_key/instanceCreation/instanceCreation1.key.proof 
10102      DEBUG main            d.u.i.k.p.i.AbstractProblemLoader Environment load took 2.77ms 
10106      INFO  main            d.u.i.k.p.i.AbstractProblemLoader Creating init config 
13014      DEBUG main            d.u.i.k.p.i.AbstractProblemLoader Init config took 2.91s 
13049      INFO  main            d.u.i.k.p.i.AbstractProblemLoader Replaying proof instanceCreation1.key.proof 
13157      DEBUG main            d.u.i.k.p.i.IntermediateProofReplayer Proof replay took 101.5ms 
13168      DEBUG main            d.u.i.k.p.r.p.TestFile    ... success: reloaded. 
13173      INFO  main            d.u.i.k.p.r.p.TestFile    Now processing file /home/runner/work/key/key/key.core/../key.ui/examples/standard_key/instanceCreation/instanceCreation2.key 
13174      INFO  main            d.u.i.k.p.i.AbstractProblemLoader Loading environment from /home/runner/work/key/key/key.core/../key.ui/examples/standard_key/instanceCreation/instanceCreation2.key 
13174      DEBUG main            d.u.i.k.p.i.AbstractProblemLoader Environment load took 306.31ns 
13176      INFO  main            d.u.i.k.p.i.AbstractProblemLoader Creating init config 
15922      DEBUG main            d.u.i.k.p.i.AbstractProblemLoader Init config took 2.75s 
15969      INFO  main            d.u.i.k.p.i.AbstractProblemLoader Replaying proof instanceCreation2.key 
15972      DEBUG main            d.u.i.k.p.i.IntermediateProofReplayer Proof replay took 7.1ns 
16483      INFO  main            d.u.i.k.p.r.p.TestFile    ... finished proof: closed. 
16647      INFO  main            d.u.i.k.p.i.AbstractProblemLoader Loading environment from /home/runner/work/key/key/key.core/../key.ui/examples/standard_key/instanceCreation/instanceCreation2.key.proof 
16647      DEBUG main            d.u.i.k.p.i.AbstractProblemLoader Environment load took 516.21ns 
16649      INFO  main            d.u.i.k.p.i.AbstractProblemLoader Creating init config 
19326      DEBUG main            d.u.i.k.p.i.AbstractProblemLoader Init config took 2.68s 
19352      INFO  main            d.u.i.k.p.i.AbstractProblemLoader Replaying proof instanceCreation2.key.proof 
19455      DEBUG main            d.u.i.k.p.i.IntermediateProofReplayer Proof replay took 98.33ms 
19457      DEBUG main            d.u.i.k.p.r.p.TestFile    ... success: reloaded. 
19458      INFO  main            d.u.i.k.p.r.p.TestFile    Now processing file /home/runner/work/key/key/key.core/../key.ui/examples/standard_key/instanceCreation/interfacesAndAbstractClassesHaveNoInstances.key 
19459      INFO  main            d.u.i.k.p.i.AbstractProblemLoader Loading environment from /home/runner/work/key/key/key.core/../key.ui/examples/standard_key/instanceCreation/interfacesAndAbstractClassesHaveNoInstances.key 
19459      DEBUG main            d.u.i.k.p.i.AbstractProblemLoader Environment load took 218ns 
19460      INFO  main            d.u.i.k.p.i.AbstractProblemLoader Creating init config 
22210      DEBUG main            d.u.i.k.p.i.AbstractProblemLoader Init config took 2.75s 
22232      INFO  main            d.u.i.k.p.i.AbstractProblemLoader Replaying proof interfacesAndAbstractClassesHaveNoInstances.key 
22234      DEBUG main            d.u.i.k.p.i.IntermediateProofReplayer Proof replay took 6.5ns 
22337      INFO  main            d.u.i.k.p.r.p.TestFile    ... finished proof: closed. 
22487      INFO  main            d.u.i.k.p.i.AbstractProblemLoader Loading environment from /home/runner/work/key/key/key.core/../key.ui/examples/standard_key/instanceCreation/interfacesAndAbstractClassesHaveNoInstances.key.proof 
22487      DEBUG main            d.u.i.k.p.i.AbstractProblemLoader Environment load took 125.4ns 
22489      INFO  main            d.u.i.k.p.i.AbstractProblemLoader Creating init config 
25091      DEBUG main            d.u.i.k.p.i.AbstractProblemLoader Init config took 2.6s 
25122      INFO  main            d.u.i.k.p.i.AbstractProblemLoader Replaying proof interfacesAndAbstractClassesHaveNoInstances.key.proof 
25125      DEBUG main            d.u.i.k.p.i.IntermediateProofReplayer Proof replay took 1.37ms 
25127      DEBUG main            d.u.i.k.p.r.p.TestFile    ... success: reloaded. 
25128      INFO  main            d.u.i.k.p.r.p.TestFile    Now processing file /home/runner/work/key/key/key.core/../key.ui/examples/standard_key/instanceCreation/successiveCreatedObjectsAreDistinct.key 
25128      INFO  main            d.u.i.k.p.i.AbstractProblemLoader Loading environment from /home/runner/work/key/key/key.core/../key.ui/examples/standard_key/instanceCreation/successiveCreatedObjectsAreDistinct.key 
25128      DEBUG main            d.u.i.k.p.i.AbstractProblemLoader Environment load took 245.81ns 
25130      INFO  main            d.u.i.k.p.i.AbstractProblemLoader Creating init config 
27845      DEBUG main            d.u.i.k.p.i.AbstractProblemLoader Init config took 2.72s 
27866      INFO  main            d.u.i.k.p.i.AbstractProblemLoader Replaying proof successiveCreatedObjectsAreDistinct.key 
27868      DEBUG main            d.u.i.k.p.i.IntermediateProofReplayer Proof replay took 6.6ns 
28292      INFO  main            d.u.i.k.p.r.p.TestFile    ... finished proof: closed. 
28519      INFO  main            d.u.i.k.p.i.AbstractProblemLoader Loading environment from /home/runner/work/key/key/key.core/../key.ui/examples/standard_key/instanceCreation/successiveCreatedObjectsAreDistinct.key.proof 
28519      DEBUG main            d.u.i.k.p.i.AbstractProblemLoader Environment load took 546.1ns 
28521      INFO  main            d.u.i.k.p.i.AbstractProblemLoader Creating init config 
31170      DEBUG main            d.u.i.k.p.i.AbstractProblemLoader Init config took 2.65s 
31192      INFO  main            d.u.i.k.p.i.AbstractProblemLoader Replaying proof successiveCreatedObjectsAreDistinct.key.proof 
31246      DEBUG main            d.u.i.k.p.i.IntermediateProofReplayer Proof replay took 50.57ms 
31248      DEBUG main            d.u.i.k.p.r.p.TestFile    ... success: reloaded. 
31266      INFO  main            d.u.i.k.p.r.p.TestFile    Now processing file /home/runner/work/key/key/key.core/../key.ui/examples/standard_key/instanceCreation/testOverloadingConstructors.key 
31266      INFO  main            d.u.i.k.p.i.AbstractProblemLoader Loading environment from /home/runner/work/key/key/key.core/../key.ui/examples/standard_key/instanceCreation/testOverloadingConstructors.key 
31266      DEBUG main            d.u.i.k.p.i.AbstractProblemLoader Environment load took 84.9ns 
31267      INFO  main            d.u.i.k.p.i.AbstractProblemLoader Creating init config 
33873      DEBUG main            d.u.i.k.p.i.AbstractProblemLoader Init config took 2.61s 
33893      INFO  main            d.u.i.k.p.i.AbstractProblemLoader Replaying proof testOverloadingConstructors.key 
33895      DEBUG main            d.u.i.k.p.i.IntermediateProofReplayer Proof replay took 7.3ns 
34199      INFO  main            d.u.i.k.p.r.p.TestFile    ... finished proof: closed. 
34371      INFO  main            d.u.i.k.p.i.AbstractProblemLoader Loading environment from /home/runner/work/key/key/key.core/../key.ui/examples/standard_key/instanceCreation/testOverloadingConstructors.key.proof 
34371      DEBUG main            d.u.i.k.p.i.AbstractProblemLoader Environment load took 128.9ns 
34372      INFO  main            d.u.i.k.p.i.AbstractProblemLoader Creating init config 
36988      DEBUG main            d.u.i.k.p.i.AbstractProblemLoader Init config took 2.62s 
37010      INFO  main            d.u.i.k.p.i.AbstractProblemLoader Replaying proof testOverloadingConstructors.key.proof 
37065      DEBUG main            d.u.i.k.p.i.IntermediateProofReplayer Proof replay took 51.66ms 
37066      DEBUG main            d.u.i.k.p.r.p.TestFile    ... success: reloaded. 
37068      INFO  main            d.u.i.k.p.r.p.TestFile    Now processing file /home/runner/work/key/key/key.core/../key.ui/examples/standard_key/java_dl/SimpleAttributes.key 
37068      INFO  main            d.u.i.k.p.i.AbstractProblemLoader Loading environment from /home/runner/work/key/key/key.core/../key.ui/examples/standard_key/java_dl/SimpleAttributes.key 
37068      DEBUG main            d.u.i.k.p.i.AbstractProblemLoader Environment load took 224.8ns 
37070      INFO  main            d.u.i.k.p.i.AbstractProblemLoader Creating init config 
39671      DEBUG main            d.u.i.k.p.i.AbstractProblemLoader Init config took 2.6s 
39692      INFO  main            d.u.i.k.p.i.AbstractProblemLoader Replaying proof SimpleAttributes.key 
39694      DEBUG main            d.u.i.k.p.i.IntermediateProofReplayer Proof replay took 7.6ns 
39798      INFO  main            d.u.i.k.p.r.p.TestFile    ... finished proof: closed. 
39967      INFO  main            d.u.i.k.p.i.AbstractProblemLoader Loading environment from /home/runner/work/key/key/key.core/../key.ui/examples/standard_key/java_dl/SimpleAttributes.key.proof 
39967      DEBUG main            d.u.i.k.p.i.AbstractProblemLoader Environment load took 124.3ns 
39968      INFO  main            d.u.i.k.p.i.AbstractProblemLoader Creating init config 
42494      DEBUG main            d.u.i.k.p.i.AbstractProblemLoader Init config took 2.53s 
42518      INFO  main            d.u.i.k.p.i.AbstractProblemLoader Replaying proof SimpleAttributes.key.proof 
42543      DEBUG main            d.u.i.k.p.i.IntermediateProofReplayer Proof replay took 21.93ms 
42544      DEBUG main            d.u.i.k.p.r.p.TestFile    ... success: reloaded. 
42545      INFO  main            d.u.i.k.p.r.p.TestFile    Now processing file /home/runner/work/key/key/key.core/../key.ui/examples/standard_key/java_dl/arrayMax.key 
42545      INFO  main            d.u.i.k.p.i.AbstractProblemLoader Loading environment from /home/runner/work/key/key/key.core/../key.ui/examples/standard_key/java_dl/arrayMax.key 
42545      DEBUG main            d.u.i.k.p.i.AbstractProblemLoader Environment load took 203ns 
42548      INFO  main            d.u.i.k.p.i.AbstractProblemLoader Creating init config 
45139      DEBUG main            d.u.i.k.p.i.AbstractProblemLoader Init config took 2.59s 
45157      INFO  main            d.u.i.k.p.i.AbstractProblemLoader Replaying proof arrayMax.key 
45160      DEBUG main            d.u.i.k.p.i.IntermediateProofReplayer Proof replay took 6.9ns 
46570      INFO  main            d.u.i.k.p.r.p.TestFile    ... finished proof: closed. 
46827      INFO  main            d.u.i.k.p.i.AbstractProblemLoader Loading environment from /home/runner/work/key/key/key.core/../key.ui/examples/standard_key/java_dl/arrayMax.key.proof 
46828      DEBUG main            d.u.i.k.p.i.AbstractProblemLoader Environment load took 881.92ns 
46831      INFO  main            d.u.i.k.p.i.AbstractProblemLoader Creating init config 
49389      DEBUG main            d.u.i.k.p.i.AbstractProblemLoader Init config took 2.56s 
49408      INFO  main            d.u.i.k.p.i.AbstractProblemLoader Replaying proof arrayMax.key.proof 
49651      DEBUG main            d.u.i.k.p.i.IntermediateProofReplayer Proof replay took 234.32ms 
49652      DEBUG main            d.u.i.k.p.r.p.TestFile    ... success: reloaded. 
49654      INFO  main            d.u.i.k.p.r.p.TestFile    Now processing file /home/runner/work/key/key/key.core/../key.ui/examples/standard_key/java_dl/arrayUpdateSimp.key 
49654      INFO  main            d.u.i.k.p.i.AbstractProblemLoader Loading environment from /home/runner/work/key/key/key.core/../key.ui/examples/standard_key/java_dl/arrayUpdateSimp.key 
49655      DEBUG main            d.u.i.k.p.i.AbstractProblemLoader Environment load took 208.5ns 
49657      INFO  main            d.u.i.k.p.i.AbstractProblemLoader Creating init config 
49682      WARN  main            d.u.i.k.j.r.KeYCrossReferenceNameInfo Datatype java.io.InputStream declared twice: Once in FILE:/home/runner/work/key/key/key.core/../key.ui/examples/standard_key/java_dl/./classpath/InputStream.java and once in URL:file:/home/runner/work/key/key/key.core/build/resources/main/de/uka/ilkd/key/java/JavaRedux/java/io/InputStream.java, Keeping one from URL:file:/home/runner/work/key/key/key.core/build/resources/main/de/uka/ilkd/key/java/JavaRedux/java/io/InputStream.java 
49682      WARN  main            d.u.i.k.j.r.KeYCrossReferenceNameInfo Datatype java.lang.System declared twice: Once in FILE:/home/runner/work/key/key/key.core/../key.ui/examples/standard_key/java_dl/./classpath/System.java and once in URL:file:/home/runner/work/key/key/key.core/build/resources/main/de/uka/ilkd/key/java/JavaRedux/java/lang/System.java, Keeping one from URL:file:/home/runner/work/key/key/key.core/build/resources/main/de/uka/ilkd/key/java/JavaRedux/java/lang/System.java 
49683      WARN  main            d.u.i.k.j.r.KeYCrossReferenceNameInfo Datatype java.io.PrintStream declared twice: Once in FILE:/home/runner/work/key/key/key.core/../key.ui/examples/standard_key/java_dl/./classpath/PrintStream.java and once in URL:file:/home/runner/work/key/key/key.core/build/resources/main/de/uka/ilkd/key/java/JavaRedux/java/io/PrintStream.java, Keeping one from URL:file:/home/runner/work/key/key/key.core/build/resources/main/de/uka/ilkd/key/java/JavaRedux/java/io/PrintStream.java 
49688      DEBUG main            d.u.i.k.j.r.ClassFileDeclarationBuilder Parsing: package java.io; public class Closeable { } 
49689      DEBUG main            r.s.KeYCrossReferenceSourceInfo Dynamically created class: java.io.Closeable 
52328      DEBUG main            d.u.i.k.p.i.AbstractProblemLoader Init config took 2.67s 
52347      INFO  main            d.u.i.k.p.i.AbstractProblemLoader Replaying proof arrayUpdateSimp.key 
52348      DEBUG main            d.u.i.k.p.i.IntermediateProofReplayer Proof replay took 8.1ns 
52451      INFO  main            d.u.i.k.p.r.p.TestFile    ... finished proof: closed. 
52660      INFO  main            d.u.i.k.p.i.AbstractProblemLoader Loading environment from /home/runner/work/key/key/key.core/../key.ui/examples/standard_key/java_dl/arrayUpdateSimp.key.proof 
52660      DEBUG main            d.u.i.k.p.i.AbstractProblemLoader Environment load took 123ns 
52666      INFO  main            d.u.i.k.p.i.AbstractProblemLoader Creating init config 
52699      WARN  main            d.u.i.k.j.r.KeYCrossReferenceNameInfo Datatype java.io.InputStream declared twice: Once in FILE:/home/runner/work/key/key/key.core/../key.ui/examples/standard_key/java_dl/classpath/InputStream.java and once in URL:file:/home/runner/work/key/key/key.core/build/resources/main/de/uka/ilkd/key/java/JavaRedux/java/io/InputStream.java, Keeping one from URL:file:/home/runner/work/key/key/key.core/build/resources/main/de/uka/ilkd/key/java/JavaRedux/java/io/InputStream.java 
52699      WARN  main            d.u.i.k.j.r.KeYCrossReferenceNameInfo Datatype java.lang.System declared twice: Once in FILE:/home/runner/work/key/key/key.core/../key.ui/examples/standard_key/java_dl/classpath/System.java and once in URL:file:/home/runner/work/key/key/key.core/build/resources/main/de/uka/ilkd/key/java/JavaRedux/java/lang/System.java, Keeping one from URL:file:/home/runner/work/key/key/key.core/build/resources/main/de/uka/ilkd/key/java/JavaRedux/java/lang/System.java 
52699      WARN  main            d.u.i.k.j.r.KeYCrossReferenceNameInfo Datatype java.io.PrintStream declared twice: Once in FILE:/home/runner/work/key/key/key.core/../key.ui/examples/standard_key/java_dl/classpath/PrintStream.java and once in URL:file:/home/runner/work/key/key/key.core/build/resources/main/de/uka/ilkd/key/java/JavaRedux/java/io/PrintStream.java, Keeping one from URL:file:/home/runner/work/key/key/key.core/build/resources/main/de/uka/ilkd/key/java/JavaRedux/java/io/PrintStream.java 
52702      DEBUG main            d.u.i.k.j.r.ClassFileDeclarationBuilder Parsing: package java.io; public class Closeable { } 
52703      DEBUG main            r.s.KeYCrossReferenceSourceInfo Dynamically created class: java.io.Closeable 
55304      DEBUG main            d.u.i.k.p.i.AbstractProblemLoader Init config took 2.64s 
55324      INFO  main            d.u.i.k.p.i.AbstractProblemLoader Replaying proof arrayUpdateSimp.key.proof 
55326      DEBUG main            d.u.i.k.p.i.IntermediateProofReplayer Proof replay took 612.11ns 
55328      DEBUG main            d.u.i.k.p.r.p.TestFile    ... success: reloaded. 
55329      INFO  main            d.u.i.k.p.r.p.TestFile    Now processing file /home/runner/work/key/key/key.core/../key.ui/examples/standard_key/java_dl/attributes.key 
55329      INFO  main            d.u.i.k.p.i.AbstractProblemLoader Loading environment from /home/runner/work/key/key/key.core/../key.ui/examples/standard_key/java_dl/attributes.key 
55329      DEBUG main            d.u.i.k.p.i.AbstractProblemLoader Environment load took 90.3ns 
55330      INFO  main            d.u.i.k.p.i.AbstractProblemLoader Creating init config 
57863      DEBUG main            d.u.i.k.p.i.AbstractProblemLoader Init config took 2.53s 
57881      INFO  main            d.u.i.k.p.i.AbstractProblemLoader Replaying proof attributes.key 
57882      DEBUG main            d.u.i.k.p.i.IntermediateProofReplayer Proof replay took 7.2ns 
58085      INFO  main            d.u.i.k.p.r.p.TestFile    ... finished proof: closed. 
58299      INFO  main            d.u.i.k.p.i.AbstractProblemLoader Loading environment from /home/runner/work/key/key/key.core/../key.ui/examples/standard_key/java_dl/attributes.key.proof 
58299      DEBUG main            d.u.i.k.p.i.AbstractProblemLoader Environment load took 123.8ns 
58301      INFO  main            d.u.i.k.p.i.AbstractProblemLoader Creating init config 
60810      DEBUG main            d.u.i.k.p.i.AbstractProblemLoader Init config took 2.51s 
60839      INFO  main            d.u.i.k.p.i.AbstractProblemLoader Replaying proof attributes.key.proof 
60879      DEBUG main            d.u.i.k.p.i.IntermediateProofReplayer Proof replay took 37ms 
60880      DEBUG main            d.u.i.k.p.r.p.TestFile    ... success: reloaded. 
60881      INFO  main            d.u.i.k.p.r.p.TestFile    Now processing file /home/runner/work/key/key/key.core/../key.ui/examples/standard_key/java_dl/break.key 
60882      INFO  main            d.u.i.k.p.i.AbstractProblemLoader Loading environment from /home/runner/work/key/key/key.core/../key.ui/examples/standard_key/java_dl/break.key 
60882      DEBUG main            d.u.i.k.p.i.AbstractProblemLoader Environment load took 203.3ns 
60883      INFO  main            d.u.i.k.p.i.AbstractProblemLoader Creating init config 
60905      WARN  main            d.u.i.k.j.r.KeYCrossReferenceNameInfo Datatype java.io.InputStream declared twice: Once in FILE:/home/runner/work/key/key/key.core/../key.ui/examples/standard_key/java_dl/classpath/InputStream.java and once in URL:file:/home/runner/work/key/key/key.core/build/resources/main/de/uka/ilkd/key/java/JavaRedux/java/io/InputStream.java, Keeping one from URL:file:/home/runner/work/key/key/key.core/build/resources/main/de/uka/ilkd/key/java/JavaRedux/java/io/InputStream.java 
60906      WARN  main            d.u.i.k.j.r.KeYCrossReferenceNameInfo Datatype java.lang.System declared twice: Once in FILE:/home/runner/work/key/key/key.core/../key.ui/examples/standard_key/java_dl/classpath/System.java and once in URL:file:/home/runner/work/key/key/key.core/build/resources/main/de/uka/ilkd/key/java/JavaRedux/java/lang/System.java, Keeping one from URL:file:/home/runner/work/key/key/key.core/build/resources/main/de/uka/ilkd/key/java/JavaRedux/java/lang/System.java 
60906      WARN  main            d.u.i.k.j.r.KeYCrossReferenceNameInfo Datatype java.io.PrintStream declared twice: Once in FILE:/home/runner/work/key/key/key.core/../key.ui/examples/standard_key/java_dl/classpath/PrintStream.java and once in URL:file:/home/runner/work/key/key/key.core/build/resources/main/de/uka/ilkd/key/java/JavaRedux/java/io/PrintStream.java, Keeping one from URL:file:/home/runner/work/key/key/key.core/build/resources/main/de/uka/ilkd/key/java/JavaRedux/java/io/PrintStream.java 
60909      DEBUG main            d.u.i.k.j.r.ClassFileDeclarationBuilder Parsing: package java.io; public class Closeable { } 
60909      DEBUG main            r.s.KeYCrossReferenceSourceInfo Dynamically created class: java.io.Closeable 
63517      DEBUG main            d.u.i.k.p.i.AbstractProblemLoader Init config took 2.63s 
63540      INFO  main            d.u.i.k.p.i.AbstractProblemLoader Replaying proof break.key 
63544      DEBUG main            d.u.i.k.p.i.IntermediateProofReplayer Proof replay took 7.7ns 
63646      INFO  main            d.u.i.k.p.r.p.TestFile    ... finished proof: closed. 
63838      INFO  main            d.u.i.k.p.i.AbstractProblemLoader Loading environment from /home/runner/work/key/key/key.core/../key.ui/examples/standard_key/java_dl/break.key.proof 
63838      DEBUG main            d.u.i.k.p.i.AbstractProblemLoader Environment load took 120.9ns 
63839      INFO  main            d.u.i.k.p.i.AbstractProblemLoader Creating init config 
63867      WARN  main            d.u.i.k.j.r.KeYCrossReferenceNameInfo Datatype java.io.InputStream declared twice: Once in FILE:/home/runner/work/key/key/key.core/../key.ui/examples/standard_key/java_dl/classpath/InputStream.java and once in URL:file:/home/runner/work/key/key/key.core/build/resources/main/de/uka/ilkd/key/java/JavaRedux/java/io/InputStream.java, Keeping one from URL:file:/home/runner/work/key/key/key.core/build/resources/main/de/uka/ilkd/key/java/JavaRedux/java/io/InputStream.java 
63867      WARN  main            d.u.i.k.j.r.KeYCrossReferenceNameInfo Datatype java.lang.System declared twice: Once in FILE:/home/runner/work/key/key/key.core/../key.ui/examples/standard_key/java_dl/classpath/System.java and once in URL:file:/home/runner/work/key/key/key.core/build/resources/main/de/uka/ilkd/key/java/JavaRedux/java/lang/System.java, Keeping one from URL:file:/home/runner/work/key/key/key.core/build/resources/main/de/uka/ilkd/key/java/JavaRedux/java/lang/System.java 
63867      WARN  main            d.u.i.k.j.r.KeYCrossReferenceNameInfo Datatype java.io.PrintStream declared twice: Once in FILE:/home/runner/work/key/key/key.core/../key.ui/examples/standard_key/java_dl/classpath/PrintStream.java and once in URL:file:/home/runner/work/key/key/key.core/build/resources/main/de/uka/ilkd/key/java/JavaRedux/java/io/PrintStream.java, Keeping one from URL:file:/home/runner/work/key/key/key.core/build/resources/main/de/uka/ilkd/key/java/JavaRedux/java/io/PrintStream.java 
63871      DEBUG main            d.u.i.k.j.r.ClassFileDeclarationBuilder Parsing: package java.io; public class Closeable { } 
63871      DEBUG main            r.s.KeYCrossReferenceSourceInfo Dynamically created class: java.io.Closeable 
66333      DEBUG main            d.u.i.k.p.i.AbstractProblemLoader Init config took 2.49s 
66353      INFO  main            d.u.i.k.p.i.AbstractProblemLoader Replaying proof break.key.proof 
66365      DEBUG main            d.u.i.k.p.i.IntermediateProofReplayer Proof replay took 8.83ms 
66366      DEBUG main            d.u.i.k.p.r.p.TestFile    ... success: reloaded. 
66367      INFO  main            d.u.i.k.p.r.p.TestFile    Now processing file /home/runner/work/key/key/key.core/../key.ui/examples/standard_key/java_dl/char.key 
66367      INFO  main            d.u.i.k.p.i.AbstractProblemLoader Loading environment from /home/runner/work/key/key/key.core/../key.ui/examples/standard_key/java_dl/char.key 
66367      DEBUG main            d.u.i.k.p.i.AbstractProblemLoader Environment load took 78.4ns 
66368      INFO  main            d.u.i.k.p.i.AbstractProblemLoader Creating init config 
68867      DEBUG main            d.u.i.k.p.i.AbstractProblemLoader Init config took 2.5s 
68884      INFO  main            d.u.i.k.p.i.AbstractProblemLoader Replaying proof char.key 
68886      DEBUG main            d.u.i.k.p.i.IntermediateProofReplayer Proof replay took 7.5ns 
69006      INFO  main            d.u.i.k.p.r.p.TestFile    ... finished proof: closed. 
69293      INFO  main            d.u.i.k.p.i.AbstractProblemLoader Loading environment from /home/runner/work/key/key/key.core/../key.ui/examples/standard_key/java_dl/char.key.proof 
69293      DEBUG main            d.u.i.k.p.i.AbstractProblemLoader Environment load took 123.1ns 
69295      INFO  main            d.u.i.k.p.i.AbstractProblemLoader Creating init config 
71779      DEBUG main            d.u.i.k.p.i.AbstractProblemLoader Init config took 2.48s 
71795      INFO  main            d.u.i.k.p.i.AbstractProblemLoader Replaying proof char.key.proof 
71800      DEBUG main            d.u.i.k.p.i.IntermediateProofReplayer Proof replay took 2.68ms 
71801      DEBUG main            d.u.i.k.p.r.p.TestFile    ... success: reloaded. 
71802      INFO  main            d.u.i.k.p.r.p.TestFile    Now processing file /home/runner/work/key/key/key.core/../key.ui/examples/standard_key/java_dl/compileTimeConstants.key 
71802      INFO  main            d.u.i.k.p.i.AbstractProblemLoader Loading environment from /home/runner/work/key/key/key.core/../key.ui/examples/standard_key/java_dl/compileTimeConstants.key 
71802      DEBUG main            d.u.i.k.p.i.AbstractProblemLoader Environment load took 205.1ns 
71803      INFO  main            d.u.i.k.p.i.AbstractProblemLoader Creating init config 
74370      DEBUG main            d.u.i.k.p.i.AbstractProblemLoader Init config took 2.57s 
74386      INFO  main            d.u.i.k.p.i.AbstractProblemLoader Replaying proof compileTimeConstants.key 
74387      DEBUG main            d.u.i.k.p.i.IntermediateProofReplayer Proof replay took 7.4ns 
74489      INFO  main            d.u.i.k.p.r.p.TestFile    ... finished proof: closed. 
74698      INFO  main            d.u.i.k.p.i.AbstractProblemLoader Loading environment from /home/runner/work/key/key/key.core/../key.ui/examples/standard_key/java_dl/compileTimeConstants.key.proof 
74698      DEBUG main            d.u.i.k.p.i.AbstractProblemLoader Environment load took 123.1ns 
74700      INFO  main            d.u.i.k.p.i.AbstractProblemLoader Creating init config 
77186      DEBUG main            d.u.i.k.p.i.AbstractProblemLoader Init config took 2.49s 
77201      INFO  main            d.u.i.k.p.i.AbstractProblemLoader Replaying proof compileTimeConstants.key.proof 
77222      DEBUG main            d.u.i.k.p.i.IntermediateProofReplayer Proof replay took 12.2ms 
77223      DEBUG main            d.u.i.k.p.r.p.TestFile    ... success: reloaded. 
77224      INFO  main            d.u.i.k.p.r.p.TestFile    Now processing file /home/runner/work/key/key/key.core/../key.ui/examples/standard_key/java_dl/constructorException/test.key 
77225      INFO  main            d.u.i.k.p.i.AbstractProblemLoader Loading environment from /home/runner/work/key/key/key.core/../key.ui/examples/standard_key/java_dl/constructorException/test.key 
77225      DEBUG main            d.u.i.k.p.i.AbstractProblemLoader Environment load took 269.01ns 
77226      INFO  main            d.u.i.k.p.i.AbstractProblemLoader Creating init config 
79824      DEBUG main            d.u.i.k.p.i.AbstractProblemLoader Init config took 2.6s 
79902      INFO  main            d.u.i.k.p.i.AbstractProblemLoader Replaying proof Test[Test::Test(int)].JML operation contract.0 
79903      DEBUG main            d.u.i.k.p.i.IntermediateProofReplayer Proof replay took 7.5ns 
80206      INFO  main            d.u.i.k.p.r.p.TestFile    ... finished proof: closed. 
80466      INFO  main            d.u.i.k.p.i.AbstractProblemLoader Loading environment from /home/runner/work/key/key/key.core/../key.ui/examples/standard_key/java_dl/constructorException/test.key.proof 
80466      DEBUG main            d.u.i.k.p.i.AbstractProblemLoader Environment load took 121.4ns 
80467      INFO  main            d.u.i.k.p.i.AbstractProblemLoader Creating init config 
82957      DEBUG main            d.u.i.k.p.i.AbstractProblemLoader Init config took 2.49s 
82999      INFO  main            d.u.i.k.p.i.AbstractProblemLoader Replaying proof Test[Test::Test(int)].JML operation contract.0 
83054      DEBUG main            d.u.i.k.p.i.IntermediateProofReplayer Proof replay took 52.01ms 
83066      DEBUG main            d.u.i.k.p.r.p.TestFile    ... success: reloaded. 
83067      INFO  main            d.u.i.k.p.r.p.TestFile    Now processing file /home/runner/work/key/key/key.core/../key.ui/examples/standard_key/java_dl/constructorException/regressionTestBug1333.key 
83067      INFO  main            d.u.i.k.p.i.AbstractProblemLoader Loading environment from /home/runner/work/key/key/key.core/../key.ui/examples/standard_key/java_dl/constructorException/regressionTestBug1333.key 
83068      DEBUG main            d.u.i.k.p.i.AbstractProblemLoader Environment load took 233.91ns 
83069      INFO  main            d.u.i.k.p.i.AbstractProblemLoader Creating init config 
85637      DEBUG main            d.u.i.k.p.i.AbstractProblemLoader Init config took 2.57s 
85675      INFO  main            d.u.i.k.p.i.AbstractProblemLoader Replaying proof False[False::False()].JML normal_behavior operation contract.0 
85678      DEBUG main            d.u.i.k.p.i.IntermediateProofReplayer Proof replay took 6.8ns 
85781      INFO  main            d.u.i.k.p.r.p.TestFile    ... finished proof: open goal(s) 
86014      INFO  main            d.u.i.k.p.r.p.TestFile    Now processing file /home/runner/work/key/key/key.core/../key.ui/examples/standard_key/java_dl/continue1.key 
86015      INFO  main            d.u.i.k.p.i.AbstractProblemLoader Loading environment from /home/runner/work/key/key/key.core/../key.ui/examples/standard_key/java_dl/continue1.key 
86015      DEBUG main            d.u.i.k.p.i.AbstractProblemLoader Environment load took 63.2ns 
86016      INFO  main            d.u.i.k.p.i.AbstractProblemLoader Creating init config 
86038      WARN  main            d.u.i.k.j.r.KeYCrossReferenceNameInfo Datatype java.io.InputStream declared twice: Once in FILE:/home/runner/work/key/key/key.core/../key.ui/examples/standard_key/java_dl/classpath/InputStream.java and once in URL:file:/home/runner/work/key/key/key.core/build/resources/main/de/uka/ilkd/key/java/JavaRedux/java/io/InputStream.java, Keeping one from URL:file:/home/runner/work/key/key/key.core/build/resources/main/de/uka/ilkd/key/java/JavaRedux/java/io/InputStream.java 
86038      WARN  main            d.u.i.k.j.r.KeYCrossReferenceNameInfo Datatype java.lang.System declared twice: Once in FILE:/home/runner/work/key/key/key.core/../key.ui/examples/standard_key/java_dl/classpath/System.java and once in URL:file:/home/runner/work/key/key/key.core/build/resources/main/de/uka/ilkd/key/java/JavaRedux/java/lang/System.java, Keeping one from URL:file:/home/runner/work/key/key/key.core/build/resources/main/de/uka/ilkd/key/java/JavaRedux/java/lang/System.java 
86039      WARN  main            d.u.i.k.j.r.KeYCrossReferenceNameInfo Datatype java.io.PrintStream declared twice: Once in FILE:/home/runner/work/key/key/key.core/../key.ui/examples/standard_key/java_dl/classpath/PrintStream.java and once in URL:file:/home/runner/work/key/key/key.core/build/resources/main/de/uka/ilkd/key/java/JavaRedux/java/io/PrintStream.java, Keeping one from URL:file:/home/runner/work/key/key/key.core/build/resources/main/de/uka/ilkd/key/java/JavaRedux/java/io/PrintStream.java 
86042      DEBUG main            d.u.i.k.j.r.ClassFileDeclarationBuilder Parsing: package java.io; public class Closeable { } 
86042      DEBUG main            r.s.KeYCrossReferenceSourceInfo Dynamically created class: java.io.Closeable 
88538      DEBUG main            d.u.i.k.p.i.AbstractProblemLoader Init config took 2.52s 
88553      INFO  main            d.u.i.k.p.i.AbstractProblemLoader Replaying proof continue1.key 
88555      DEBUG main            d.u.i.k.p.i.IntermediateProofReplayer Proof replay took 6.5ns 
88658      INFO  main            d.u.i.k.p.r.p.TestFile    ... finished proof: closed. 
88857      INFO  main            d.u.i.k.p.i.AbstractProblemLoader Loading environment from /home/runner/work/key/key/key.core/../key.ui/examples/standard_key/java_dl/continue1.key.proof 
88859      DEBUG main            d.u.i.k.p.i.AbstractProblemLoader Environment load took 2.03ms 
88860      INFO  main            d.u.i.k.p.i.AbstractProblemLoader Creating init config 
88884      WARN  main            d.u.i.k.j.r.KeYCrossReferenceNameInfo Datatype java.io.InputStream declared twice: Once in FILE:/home/runner/work/key/key/key.core/../key.ui/examples/standard_key/java_dl/classpath/InputStream.java and once in URL:file:/home/runner/work/key/key/key.core/build/resources/main/de/uka/ilkd/key/java/JavaRedux/java/io/InputStream.java, Keeping one from URL:file:/home/runner/work/key/key/key.core/build/resources/main/de/uka/ilkd/key/java/JavaRedux/java/io/InputStream.java 
88885      WARN  main            d.u.i.k.j.r.KeYCrossReferenceNameInfo Datatype java.lang.System declared twice: Once in FILE:/home/runner/work/key/key/key.core/../key.ui/examples/standard_key/java_dl/classpath/System.java and once in URL:file:/home/runner/work/key/key/key.core/build/resources/main/de/uka/ilkd/key/java/JavaRedux/java/lang/System.java, Keeping one from URL:file:/home/runner/work/key/key/key.core/build/resources/main/de/uka/ilkd/key/java/JavaRedux/java/lang/System.java 
88885      WARN  main            d.u.i.k.j.r.KeYCrossReferenceNameInfo Datatype java.io.PrintStream declared twice: Once in FILE:/home/runner/work/key/key/key.core/../key.ui/examples/standard_key/java_dl/classpath/PrintStream.java and once in URL:file:/home/runner/work/key/key/key.core/build/resources/main/de/uka/ilkd/key/java/JavaRedux/java/io/PrintStream.java, Keeping one from URL:file:/home/runner/work/key/key/key.core/build/resources/main/de/uka/ilkd/key/java/JavaRedux/java/io/PrintStream.java 
88888      DEBUG main            d.u.i.k.j.r.ClassFileDeclarationBuilder Parsing: package java.io; public class Closeable { } 
88888      DEBUG main            r.s.KeYCrossReferenceSourceInfo Dynamically created class: java.io.Closeable 
91409      DEBUG main            d.u.i.k.p.i.AbstractProblemLoader Init config took 2.55s 
91438      INFO  main            d.u.i.k.p.i.AbstractProblemLoader Replaying proof continue1.key.proof 
91463      DEBUG main            d.u.i.k.p.i.IntermediateProofReplayer Proof replay took 23.03ms 
91465      DEBUG main            d.u.i.k.p.r.p.TestFile    ... success: reloaded. 
91466      INFO  main            d.u.i.k.p.r.p.TestFile    Now processing file /home/runner/work/key/key/key.core/../key.ui/examples/standard_key/java_dl/continue2.key 
91467      INFO  main            d.u.i.k.p.i.AbstractProblemLoader Loading environment from /home/runner/work/key/key/key.core/../key.ui/examples/standard_key/java_dl/continue2.key 
91467      DEBUG main            d.u.i.k.p.i.AbstractProblemLoader Environment load took 207.7ns 
91468      INFO  main            d.u.i.k.p.i.AbstractProblemLoader Creating init config 
91489      WARN  main            d.u.i.k.j.r.KeYCrossReferenceNameInfo Datatype java.io.InputStream declared twice: Once in FILE:/home/runner/work/key/key/key.core/../key.ui/examples/standard_key/java_dl/classpath/InputStream.java and once in URL:file:/home/runner/work/key/key/key.core/build/resources/main/de/uka/ilkd/key/java/JavaRedux/java/io/InputStream.java, Keeping one from URL:file:/home/runner/work/key/key/key.core/build/resources/main/de/uka/ilkd/key/java/JavaRedux/java/io/InputStream.java 
91490      WARN  main            d.u.i.k.j.r.KeYCrossReferenceNameInfo Datatype java.lang.System declared twice: Once in FILE:/home/runner/work/key/key/key.core/../key.ui/examples/standard_key/java_dl/classpath/System.java and once in URL:file:/home/runner/work/key/key/key.core/build/resources/main/de/uka/ilkd/key/java/JavaRedux/java/lang/System.java, Keeping one from URL:file:/home/runner/work/key/key/key.core/build/resources/main/de/uka/ilkd/key/java/JavaRedux/java/lang/System.java 
91490      WARN  main            d.u.i.k.j.r.KeYCrossReferenceNameInfo Datatype java.io.PrintStream declared twice: Once in FILE:/home/runner/work/key/key/key.core/../key.ui/examples/standard_key/java_dl/classpath/PrintStream.java and once in URL:file:/home/runner/work/key/key/key.core/build/resources/main/de/uka/ilkd/key/java/JavaRedux/java/io/PrintStream.java, Keeping one from URL:file:/home/runner/work/key/key/key.core/build/resources/main/de/uka/ilkd/key/java/JavaRedux/java/io/PrintStream.java 
91493      DEBUG main            d.u.i.k.j.r.ClassFileDeclarationBuilder Parsing: package java.io; public class Closeable { } 
91493      DEBUG main            r.s.KeYCrossReferenceSourceInfo Dynamically created class: java.io.Closeable 
93955      DEBUG main            d.u.i.k.p.i.AbstractProblemLoader Init config took 2.49s 
93970      INFO  main            d.u.i.k.p.i.AbstractProblemLoader Replaying proof continue2.key 
93972      DEBUG main            d.u.i.k.p.i.IntermediateProofReplayer Proof replay took 7.3ns 
94275      INFO  main            d.u.i.k.p.r.p.TestFile    ... finished proof: closed. 
94507      INFO  main            d.u.i.k.p.i.AbstractProblemLoader Loading environment from /home/runner/work/key/key/key.core/../key.ui/examples/standard_key/java_dl/continue2.key.proof 
94507      DEBUG main            d.u.i.k.p.i.AbstractProblemLoader Environment load took 110.7ns 
94508      INFO  main            d.u.i.k.p.i.AbstractProblemLoader Creating init config 
94529      WARN  main            d.u.i.k.j.r.KeYCrossReferenceNameInfo Datatype java.io.InputStream declared twice: Once in FILE:/home/runner/work/key/key/key.core/../key.ui/examples/standard_key/java_dl/classpath/InputStream.java and once in URL:file:/home/runner/work/key/key/key.core/build/resources/main/de/uka/ilkd/key/java/JavaRedux/java/io/InputStream.java, Keeping one from URL:file:/home/runner/work/key/key/key.core/build/resources/main/de/uka/ilkd/key/java/JavaRedux/java/io/InputStream.java 
94529      WARN  main            d.u.i.k.j.r.KeYCrossReferenceNameInfo Datatype java.lang.System declared twice: Once in FILE:/home/runner/work/key/key/key.core/../key.ui/examples/standard_key/java_dl/classpath/System.java and once in URL:file:/home/runner/work/key/key/key.core/build/resources/main/de/uka/ilkd/key/java/JavaRedux/java/lang/System.java, Keeping one from URL:file:/home/runner/work/key/key/key.core/build/resources/main/de/uka/ilkd/key/java/JavaRedux/java/lang/System.java 
94529      WARN  main            d.u.i.k.j.r.KeYCrossReferenceNameInfo Datatype java.io.PrintStream declared twice: Once in FILE:/home/runner/work/key/key/key.core/../key.ui/examples/standard_key/java_dl/classpath/PrintStream.java and once in URL:file:/home/runner/work/key/key/key.core/build/resources/main/de/uka/ilkd/key/java/JavaRedux/java/io/PrintStream.java, Keeping one from URL:file:/home/runner/work/key/key/key.core/build/resources/main/de/uka/ilkd/key/java/JavaRedux/java/io/PrintStream.java 
94532      DEBUG main            d.u.i.k.j.r.ClassFileDeclarationBuilder Parsing: package java.io; public class Closeable { } 
94532      DEBUG main            r.s.KeYCrossReferenceSourceInfo Dynamically created class: java.io.Closeable 
96958      DEBUG main            d.u.i.k.p.i.AbstractProblemLoader Init config took 2.45s 
96973      INFO  main            d.u.i.k.p.i.AbstractProblemLoader Replaying proof continue2.key.proof 
97052      DEBUG main            d.u.i.k.p.i.IntermediateProofReplayer Proof replay took 75.49ms 
97055      DEBUG main            d.u.i.k.p.r.p.TestFile    ... success: reloaded. 
97057      INFO  main            d.u.i.k.p.r.p.TestFile    Now processing file /home/runner/work/key/key/key.core/../key.ui/examples/standard_key/java_dl/complexAssignment.key 
97058      INFO  main            d.u.i.k.p.i.AbstractProblemLoader Loading environment from /home/runner/work/key/key/key.core/../key.ui/examples/standard_key/java_dl/complexAssignment.key 
97058      DEBUG main            d.u.i.k.p.i.AbstractProblemLoader Environment load took 191.7ns 
97059      INFO  main            d.u.i.k.p.i.AbstractProblemLoader Creating init config 
99555      DEBUG main            d.u.i.k.p.i.AbstractProblemLoader Init config took 2.5s 
99569      INFO  main            d.u.i.k.p.i.AbstractProblemLoader Replaying proof complexAssignment.key 
99571      DEBUG main            d.u.i.k.p.i.IntermediateProofReplayer Proof replay took 7.9ns 
99675      INFO  main            d.u.i.k.p.r.p.TestFile    ... finished proof: closed. 
99916      INFO  main            d.u.i.k.p.i.AbstractProblemLoader Loading environment from /home/runner/work/key/key/key.core/../key.ui/examples/standard_key/java_dl/complexAssignment.key.proof 
99916      DEBUG main            d.u.i.k.p.i.AbstractProblemLoader Environment load took 106.6ns 
99919      INFO  main            d.u.i.k.p.i.AbstractProblemLoader Creating init config 
102372     DEBUG main            d.u.i.k.p.i.AbstractProblemLoader Init config took 2.45s 
102389     INFO  main            d.u.i.k.p.i.AbstractProblemLoader Replaying proof complexAssignment.key.proof 
102408     DEBUG main            d.u.i.k.p.i.IntermediateProofReplayer Proof replay took 15.42ms 
102411     DEBUG main            d.u.i.k.p.r.p.TestFile    ... success: reloaded. 
102412     INFO  main            d.u.i.k.p.r.p.TestFile    Now processing file /home/runner/work/key/key/key.core/../key.ui/examples/standard_key/java_dl/danglingElseSolution1.key 
102412     INFO  main            d.u.i.k.p.i.AbstractProblemLoader Loading environment from /home/runner/work/key/key/key.core/../key.ui/examples/standard_key/java_dl/danglingElseSolution1.key 
102413     DEBUG main            d.u.i.k.p.i.AbstractProblemLoader Environment load took 181.4ns 
102414     INFO  main            d.u.i.k.p.i.AbstractProblemLoader Creating init config 
104851     DEBUG main            d.u.i.k.p.i.AbstractProblemLoader Init config took 2.44s 
104865     INFO  main            d.u.i.k.p.i.AbstractProblemLoader Replaying proof danglingElseSolution1.key 
104867     DEBUG main            d.u.i.k.p.i.IntermediateProofReplayer Proof replay took 7.6ns 
104970     INFO  main            d.u.i.k.p.r.p.TestFile    ... finished proof: closed. 
105203     INFO  main            d.u.i.k.p.i.AbstractProblemLoader Loading environment from /home/runner/work/key/key/key.core/../key.ui/examples/standard_key/java_dl/danglingElseSolution1.key.proof 
105204     DEBUG main            d.u.i.k.p.i.AbstractProblemLoader Environment load took 112.2ns 
105205     INFO  main            d.u.i.k.p.i.AbstractProblemLoader Creating init config 
107609     DEBUG main            d.u.i.k.p.i.AbstractProblemLoader Init config took 2.4s 
107628     INFO  main            d.u.i.k.p.i.AbstractProblemLoader Replaying proof danglingElseSolution1.key.proof 
107638     DEBUG main            d.u.i.k.p.i.IntermediateProofReplayer Proof replay took 7.99ms 
107639     DEBUG main            d.u.i.k.p.r.p.TestFile    ... success: reloaded. 
107639     INFO  main            d.u.i.k.p.r.p.TestFile    Now processing file /home/runner/work/key/key/key.core/../key.ui/examples/standard_key/java_dl/danglingElseSolution2.key 
107640     INFO  main            d.u.i.k.p.i.AbstractProblemLoader Loading environment from /home/runner/work/key/key/key.core/../key.ui/examples/standard_key/java_dl/danglingElseSolution2.key 
107640     DEBUG main            d.u.i.k.p.i.AbstractProblemLoader Environment load took 78.4ns 
107644     INFO  main            d.u.i.k.p.i.AbstractProblemLoader Creating init config 
110133     DEBUG main            d.u.i.k.p.i.AbstractProblemLoader Init config took 2.49s 
110149     INFO  main            d.u.i.k.p.i.AbstractProblemLoader Replaying proof danglingElseSolution2.key 
110150     DEBUG main            d.u.i.k.p.i.IntermediateProofReplayer Proof replay took 12.3ns 
110255     INFO  main            d.u.i.k.p.r.p.TestFile    ... finished proof: closed. 
110551     INFO  main            d.u.i.k.p.i.AbstractProblemLoader Loading environment from /home/runner/work/key/key/key.core/../key.ui/examples/standard_key/java_dl/danglingElseSolution2.key.proof 
110551     DEBUG main            d.u.i.k.p.i.AbstractProblemLoader Environment load took 111.9ns 
110552     INFO  main            d.u.i.k.p.i.AbstractProblemLoader Creating init config 
112939     DEBUG main            d.u.i.k.p.i.AbstractProblemLoader Init config took 2.39s 
112954     INFO  main            d.u.i.k.p.i.AbstractProblemLoader Replaying proof danglingElseSolution2.key.proof 
112976     DEBUG main            d.u.i.k.p.i.IntermediateProofReplayer Proof replay took 20.53ms 
112982     DEBUG main            d.u.i.k.p.r.p.TestFile    ... success: reloaded. 
112983     INFO  main            d.u.i.k.p.r.p.TestFile    Now processing file /home/runner/work/key/key/key.core/../key.ui/examples/standard_key/java_dl/deepNonNull/deepNonNull0.key 
112984     INFO  main            d.u.i.k.p.i.AbstractProblemLoader Loading environment from /home/runner/work/key/key/key.core/../key.ui/examples/standard_key/java_dl/deepNonNull/deepNonNull0.key 
112984     DEBUG main            d.u.i.k.p.i.AbstractProblemLoader Environment load took 200.7ns 
112985     INFO  main            d.u.i.k.p.i.AbstractProblemLoader Creating init config 
115502     DEBUG main            d.u.i.k.p.i.AbstractProblemLoader Init config took 2.52s 
115562     INFO  main            d.u.i.k.p.i.AbstractProblemLoader Replaying proof Arrays[Arrays::get()].JML operation contract.0 
115564     DEBUG main            d.u.i.k.p.i.IntermediateProofReplayer Proof replay took 8.3ns 
115766     INFO  main            d.u.i.k.p.r.p.TestFile    ... finished proof: closed. 
116023     INFO  main            d.u.i.k.p.i.AbstractProblemLoader Loading environment from /home/runner/work/key/key/key.core/../key.ui/examples/standard_key/java_dl/deepNonNull/deepNonNull0.key.proof 
116023     DEBUG main            d.u.i.k.p.i.AbstractProblemLoader Environment load took 109.9ns 
116024     INFO  main            d.u.i.k.p.i.AbstractProblemLoader Creating init config 
118510     DEBUG main            d.u.i.k.p.i.AbstractProblemLoader Init config took 2.49s 
118547     INFO  main            d.u.i.k.p.i.AbstractProblemLoader Replaying proof Arrays[Arrays::get()].JML operation contract.0 
118582     DEBUG main            d.u.i.k.p.i.IntermediateProofReplayer Proof replay took 32.87ms 
118583     DEBUG main            d.u.i.k.p.r.p.TestFile    ... success: reloaded. 
118584     INFO  main            d.u.i.k.p.r.p.TestFile    Now processing file /home/runner/work/key/key/key.core/../key.ui/examples/standard_key/java_dl/deepNonNull/deepNonNull1.key 
118585     INFO  main            d.u.i.k.p.i.AbstractProblemLoader Loading environment from /home/runner/work/key/key/key.core/../key.ui/examples/standard_key/java_dl/deepNonNull/deepNonNull1.key 
118585     DEBUG main            d.u.i.k.p.i.AbstractProblemLoader Environment load took 215.81ns 
118586     INFO  main            d.u.i.k.p.i.AbstractProblemLoader Creating init config 
121117     DEBUG main            d.u.i.k.p.i.AbstractProblemLoader Init config took 2.53s 
121153     INFO  main            d.u.i.k.p.i.AbstractProblemLoader Replaying proof Arrays[Arrays::head()].JML operation contract.0 
121154     DEBUG main            d.u.i.k.p.i.IntermediateProofReplayer Proof replay took 7.2ns 
121359     INFO  main            d.u.i.k.p.r.p.TestFile    ... finished proof: closed. 
121623     INFO  main            d.u.i.k.p.i.AbstractProblemLoader Loading environment from /home/runner/work/key/key/key.core/../key.ui/examples/standard_key/java_dl/deepNonNull/deepNonNull1.key.proof 
121623     DEBUG main            d.u.i.k.p.i.AbstractProblemLoader Environment load took 110.3ns 
121624     INFO  main            d.u.i.k.p.i.AbstractProblemLoader Creating init config 
124100     DEBUG main            d.u.i.k.p.i.AbstractProblemLoader Init config took 2.48s 
124143     INFO  main            d.u.i.k.p.i.AbstractProblemLoader Replaying proof Arrays[Arrays::head()].JML operation contract.0 
124177     DEBUG main            d.u.i.k.p.i.IntermediateProofReplayer Proof replay took 31.55ms 
124178     DEBUG main            d.u.i.k.p.r.p.TestFile    ... success: reloaded. 
124179     INFO  main            d.u.i.k.p.r.p.TestFile    Now processing file /home/runner/work/key/key/key.core/../key.ui/examples/standard_key/java_dl/deepNonNull/deepNonNull2.key 
124179     INFO  main            d.u.i.k.p.i.AbstractProblemLoader Loading environment from /home/runner/work/key/key/key.core/../key.ui/examples/standard_key/java_dl/deepNonNull/deepNonNull2.key 
124179     DEBUG main            d.u.i.k.p.i.AbstractProblemLoader Environment load took 91.3ns 
124180     INFO  main            d.u.i.k.p.i.AbstractProblemLoader Creating init config 
126718     DEBUG main            d.u.i.k.p.i.AbstractProblemLoader Init config took 2.54s 
126760     INFO  main            d.u.i.k.p.i.AbstractProblemLoader Replaying proof Arrays[Arrays::unprovable(java.lang.Object)].JML operation contract.0 
126762     DEBUG main            d.u.i.k.p.i.IntermediateProofReplayer Proof replay took 7.7ns 
126869     INFO  main            d.u.i.k.p.r.p.TestFile    ... finished proof: open goal(s) 
127105     INFO  main            d.u.i.k.p.r.p.TestFile    Now processing file /home/runner/work/key/key/key.core/../key.ui/examples/standard_key/java_dl/deepNonNull/deepNonNull3.key 
127105     INFO  main            d.u.i.k.p.i.AbstractProblemLoader Loading environment from /home/runner/work/key/key/key.core/../key.ui/examples/standard_key/java_dl/deepNonNull/deepNonNull3.key 
127105     DEBUG main            d.u.i.k.p.i.AbstractProblemLoader Environment load took 90ns 
127106     INFO  main            d.u.i.k.p.i.AbstractProblemLoader Creating init config 
129561     DEBUG main            d.u.i.k.p.i.AbstractProblemLoader Init config took 2.45s 
129595     INFO  main            d.u.i.k.p.i.AbstractProblemLoader Replaying proof Arrays[Arrays::head([[[[Ljava.lang.Object)].JML operation contract.0 
129596     DEBUG main            d.u.i.k.p.i.IntermediateProofReplayer Proof replay took 7.5ns 
130506     INFO  main            d.u.i.k.p.r.p.TestFile    ... finished proof: closed. 
130875     INFO  main            d.u.i.k.p.i.AbstractProblemLoader Loading environment from /home/runner/work/key/key/key.core/../key.ui/examples/standard_key/java_dl/deepNonNull/deepNonNull3.key.proof 
130875     DEBUG main            d.u.i.k.p.i.AbstractProblemLoader Environment load took 141.3ns 
130876     INFO  main            d.u.i.k.p.i.AbstractProblemLoader Creating init config 
133357     DEBUG main            d.u.i.k.p.i.AbstractProblemLoader Init config took 2.48s 
133393     INFO  main            d.u.i.k.p.i.AbstractProblemLoader Replaying proof Arrays[Arrays::head([[[[Ljava.lang.Object)].JML operation contract.0 
133500     DEBUG main            d.u.i.k.p.i.IntermediateProofReplayer Proof replay took 100.79ms 
133501     DEBUG main            d.u.i.k.p.r.p.TestFile    ... success: reloaded. 
133501     INFO  main            d.u.i.k.p.r.p.TestFile    Now processing file /home/runner/work/key/key/key.core/../key.ui/examples/standard_key/java_dl/exceptions.key 
133502     INFO  main            d.u.i.k.p.i.AbstractProblemLoader Loading environment from /home/runner/work/key/key/key.core/../key.ui/examples/standard_key/java_dl/exceptions.key 
133502     DEBUG main            d.u.i.k.p.i.AbstractProblemLoader Environment load took 87.1ns 
133503     INFO  main            d.u.i.k.p.i.AbstractProblemLoader Creating init config 
133523     WARN  main            d.u.i.k.j.r.KeYCrossReferenceNameInfo Datatype java.io.InputStream declared twice: Once in FILE:/home/runner/work/key/key/key.core/../key.ui/examples/standard_key/java_dl/classpath/InputStream.java and once in URL:file:/home/runner/work/key/key/key.core/build/resources/main/de/uka/ilkd/key/java/JavaRedux/java/io/InputStream.java, Keeping one from URL:file:/home/runner/work/key/key/key.core/build/resources/main/de/uka/ilkd/key/java/JavaRedux/java/io/InputStream.java 
133524     WARN  main            d.u.i.k.j.r.KeYCrossReferenceNameInfo Datatype java.lang.System declared twice: Once in FILE:/home/runner/work/key/key/key.core/../key.ui/examples/standard_key/java_dl/classpath/System.java and once in URL:file:/home/runner/work/key/key/key.core/build/resources/main/de/uka/ilkd/key/java/JavaRedux/java/lang/System.java, Keeping one from URL:file:/home/runner/work/key/key/key.core/build/resources/main/de/uka/ilkd/key/java/JavaRedux/java/lang/System.java 
133524     WARN  main            d.u.i.k.j.r.KeYCrossReferenceNameInfo Datatype java.io.PrintStream declared twice: Once in FILE:/home/runner/work/key/key/key.core/../key.ui/examples/standard_key/java_dl/classpath/PrintStream.java and once in URL:file:/home/runner/work/key/key/key.core/build/resources/main/de/uka/ilkd/key/java/JavaRedux/java/io/PrintStream.java, Keeping one from URL:file:/home/runner/work/key/key/key.core/build/resources/main/de/uka/ilkd/key/java/JavaRedux/java/io/PrintStream.java 
133527     DEBUG main            d.u.i.k.j.r.ClassFileDeclarationBuilder Parsing: package java.io; public class Closeable { } 
133527     DEBUG main            r.s.KeYCrossReferenceSourceInfo Dynamically created class: java.io.Closeable 
135954     DEBUG main            d.u.i.k.p.i.AbstractProblemLoader Init config took 2.45s 
135969     INFO  main            d.u.i.k.p.i.AbstractProblemLoader Replaying proof exceptions.key 
135970     DEBUG main            d.u.i.k.p.i.IntermediateProofReplayer Proof replay took 8.7ns 
136175     INFO  main            d.u.i.k.p.r.p.TestFile    ... finished proof: closed. 
136485     INFO  main            d.u.i.k.p.i.AbstractProblemLoader Loading environment from /home/runner/work/key/key/key.core/../key.ui/examples/standard_key/java_dl/exceptions.key.proof 
136485     DEBUG main            d.u.i.k.p.i.AbstractProblemLoader Environment load took 96.1ns 
136486     INFO  main            d.u.i.k.p.i.AbstractProblemLoader Creating init config 
136507     WARN  main            d.u.i.k.j.r.KeYCrossReferenceNameInfo Datatype java.io.InputStream declared twice: Once in FILE:/home/runner/work/key/key/key.core/../key.ui/examples/standard_key/java_dl/classpath/InputStream.java and once in URL:file:/home/runner/work/key/key/key.core/build/resources/main/de/uka/ilkd/key/java/JavaRedux/java/io/InputStream.java, Keeping one from URL:file:/home/runner/work/key/key/key.core/build/resources/main/de/uka/ilkd/key/java/JavaRedux/java/io/InputStream.java 
136507     WARN  main            d.u.i.k.j.r.KeYCrossReferenceNameInfo Datatype java.lang.System declared twice: Once in FILE:/home/runner/work/key/key/key.core/../key.ui/examples/standard_key/java_dl/classpath/System.java and once in URL:file:/home/runner/work/key/key/key.core/build/resources/main/de/uka/ilkd/key/java/JavaRedux/java/lang/System.java, Keeping one from URL:file:/home/runner/work/key/key/key.core/build/resources/main/de/uka/ilkd/key/java/JavaRedux/java/lang/System.java 
136508     WARN  main            d.u.i.k.j.r.KeYCrossReferenceNameInfo Datatype java.io.PrintStream declared twice: Once in FILE:/home/runner/work/key/key/key.core/../key.ui/examples/standard_key/java_dl/classpath/PrintStream.java and once in URL:file:/home/runner/work/key/key/key.core/build/resources/main/de/uka/ilkd/key/java/JavaRedux/java/io/PrintStream.java, Keeping one from URL:file:/home/runner/work/key/key/key.core/build/resources/main/de/uka/ilkd/key/java/JavaRedux/java/io/PrintStream.java 
136510     DEBUG main            d.u.i.k.j.r.ClassFileDeclarationBuilder Parsing: package java.io; public class Closeable { } 
136511     DEBUG main            r.s.KeYCrossReferenceSourceInfo Dynamically created class: java.io.Closeable 
138911     DEBUG main            d.u.i.k.p.i.AbstractProblemLoader Init config took 2.42s 
138926     INFO  main            d.u.i.k.p.i.AbstractProblemLoader Replaying proof exceptions.key.proof 
138973     DEBUG main            d.u.i.k.p.i.IntermediateProofReplayer Proof replay took 42.54ms 
138974     DEBUG main            d.u.i.k.p.r.p.TestFile    ... success: reloaded. 
138975     INFO  main            d.u.i.k.p.r.p.TestFile    Now processing file /home/runner/work/key/key/key.core/../key.ui/examples/standard_key/java_dl/exceptions1.key 
138976     INFO  main            d.u.i.k.p.i.AbstractProblemLoader Loading environment from /home/runner/work/key/key/key.core/../key.ui/examples/standard_key/java_dl/exceptions1.key 
138976     DEBUG main            d.u.i.k.p.i.AbstractProblemLoader Environment load took 220.81ns 
138977     INFO  main            d.u.i.k.p.i.AbstractProblemLoader Creating init config 
141392     DEBUG main            d.u.i.k.p.i.AbstractProblemLoader Init config took 2.41s 
141406     INFO  main            d.u.i.k.p.i.AbstractProblemLoader Replaying proof exceptions1.key 
141409     DEBUG main            d.u.i.k.p.i.IntermediateProofReplayer Proof replay took 7.6ns 
141611     INFO  main            d.u.i.k.p.r.p.TestFile    ... finished proof: closed. 
141888     INFO  main            d.u.i.k.p.i.AbstractProblemLoader Loading environment from /home/runner/work/key/key/key.core/../key.ui/examples/standard_key/java_dl/exceptions1.key.proof 
141888     DEBUG main            d.u.i.k.p.i.AbstractProblemLoader Environment load took 120.5ns 
141889     INFO  main            d.u.i.k.p.i.AbstractProblemLoader Creating init config 
144265     DEBUG main            d.u.i.k.p.i.AbstractProblemLoader Init config took 2.38s 
144279     INFO  main            d.u.i.k.p.i.AbstractProblemLoader Replaying proof exceptions1.key.proof 
144310     DEBUG main            d.u.i.k.p.i.IntermediateProofReplayer Proof replay took 28.32ms 
144311     DEBUG main            d.u.i.k.p.r.p.TestFile    ... success: reloaded. 
144312     INFO  main            d.u.i.k.p.r.p.TestFile    Now processing file /home/runner/work/key/key/key.core/../key.ui/examples/standard_key/java_dl/exceptions2.key 
144312     INFO  main            d.u.i.k.p.i.AbstractProblemLoader Loading environment from /home/runner/work/key/key/key.core/../key.ui/examples/standard_key/java_dl/exceptions2.key 
144313     DEBUG main            d.u.i.k.p.i.AbstractProblemLoader Environment load took 225.6ns 
144314     INFO  main            d.u.i.k.p.i.AbstractProblemLoader Creating init config 
146751     DEBUG main            d.u.i.k.p.i.AbstractProblemLoader Init config took 2.44s 
146765     INFO  main            d.u.i.k.p.i.AbstractProblemLoader Replaying proof exceptions2.key 
146768     DEBUG main            d.u.i.k.p.i.IntermediateProofReplayer Proof replay took 7.9ns 
146972     INFO  main            d.u.i.k.p.r.p.TestFile    ... finished proof: closed. 
147353     INFO  main            d.u.i.k.p.i.AbstractProblemLoader Loading environment from /home/runner/work/key/key/key.core/../key.ui/examples/standard_key/java_dl/exceptions2.key.proof 
147353     DEBUG main            d.u.i.k.p.i.AbstractProblemLoader Environment load took 101.7ns 
147355     INFO  main            d.u.i.k.p.i.AbstractProblemLoader Creating init config 
149728     DEBUG main            d.u.i.k.p.i.AbstractProblemLoader Init config took 2.37s 
149742     INFO  main            d.u.i.k.p.i.AbstractProblemLoader Replaying proof exceptions2.key.proof 
149774     DEBUG main            d.u.i.k.p.i.IntermediateProofReplayer Proof replay took 28.92ms 
149775     DEBUG main            d.u.i.k.p.r.p.TestFile    ... success: reloaded. 
149776     INFO  main            d.u.i.k.p.r.p.TestFile    Now processing file /home/runner/work/key/key/key.core/../key.ui/examples/standard_key/java_dl/exceptions3.key 
149777     INFO  main            d.u.i.k.p.i.AbstractProblemLoader Loading environment from /home/runner/work/key/key/key.core/../key.ui/examples/standard_key/java_dl/exceptions3.key 
149777     DEBUG main            d.u.i.k.p.i.AbstractProblemLoader Environment load took 209.7ns 
149778     INFO  main            d.u.i.k.p.i.AbstractProblemLoader Creating init config 
149799     WARN  main            d.u.i.k.j.r.KeYCrossReferenceNameInfo Datatype java.io.InputStream declared twice: Once in FILE:/home/runner/work/key/key/key.core/../key.ui/examples/standard_key/java_dl/classpath/InputStream.java and once in URL:file:/home/runner/work/key/key/key.core/build/resources/main/de/uka/ilkd/key/java/JavaRedux/java/io/InputStream.java, Keeping one from URL:file:/home/runner/work/key/key/key.core/build/resources/main/de/uka/ilkd/key/java/JavaRedux/java/io/InputStream.java 
149799     WARN  main            d.u.i.k.j.r.KeYCrossReferenceNameInfo Datatype java.lang.System declared twice: Once in FILE:/home/runner/work/key/key/key.core/../key.ui/examples/standard_key/java_dl/classpath/System.java and once in URL:file:/home/runner/work/key/key/key.core/build/resources/main/de/uka/ilkd/key/java/JavaRedux/java/lang/System.java, Keeping one from URL:file:/home/runner/work/key/key/key.core/build/resources/main/de/uka/ilkd/key/java/JavaRedux/java/lang/System.java 
149799     WARN  main            d.u.i.k.j.r.KeYCrossReferenceNameInfo Datatype java.io.PrintStream declared twice: Once in FILE:/home/runner/work/key/key/key.core/../key.ui/examples/standard_key/java_dl/classpath/PrintStream.java and once in URL:file:/home/runner/work/key/key/key.core/build/resources/main/de/uka/ilkd/key/java/JavaRedux/java/io/PrintStream.java, Keeping one from URL:file:/home/runner/work/key/key/key.core/build/resources/main/de/uka/ilkd/key/java/JavaRedux/java/io/PrintStream.java 
149802     DEBUG main            d.u.i.k.j.r.ClassFileDeclarationBuilder Parsing: package java.io; public class Closeable { } 
149802     DEBUG main            r.s.KeYCrossReferenceSourceInfo Dynamically created class: java.io.Closeable 
152277     DEBUG main            d.u.i.k.p.i.AbstractProblemLoader Init config took 2.5s 
152291     INFO  main            d.u.i.k.p.i.AbstractProblemLoader Replaying proof exceptions3.key 
152292     DEBUG main            d.u.i.k.p.i.IntermediateProofReplayer Proof replay took 7.1ns 
152394     INFO  main            d.u.i.k.p.r.p.TestFile    ... finished proof: closed. 
152668     INFO  main            d.u.i.k.p.i.AbstractProblemLoader Loading environment from /home/runner/work/key/key/key.core/../key.ui/examples/standard_key/java_dl/exceptions3.key.proof 
152668     DEBUG main            d.u.i.k.p.i.AbstractProblemLoader Environment load took 105.1ns 
152669     INFO  main            d.u.i.k.p.i.AbstractProblemLoader Creating init config 
152690     WARN  main            d.u.i.k.j.r.KeYCrossReferenceNameInfo Datatype java.io.InputStream declared twice: Once in FILE:/home/runner/work/key/key/key.core/../key.ui/examples/standard_key/java_dl/classpath/InputStream.java and once in URL:file:/home/runner/work/key/key/key.core/build/resources/main/de/uka/ilkd/key/java/JavaRedux/java/io/InputStream.java, Keeping one from URL:file:/home/runner/work/key/key/key.core/build/resources/main/de/uka/ilkd/key/java/JavaRedux/java/io/InputStream.java 
152691     WARN  main            d.u.i.k.j.r.KeYCrossReferenceNameInfo Datatype java.lang.System declared twice: Once in FILE:/home/runner/work/key/key/key.core/../key.ui/examples/standard_key/java_dl/classpath/System.java and once in URL:file:/home/runner/work/key/key/key.core/build/resources/main/de/uka/ilkd/key/java/JavaRedux/java/lang/System.java, Keeping one from URL:file:/home/runner/work/key/key/key.core/build/resources/main/de/uka/ilkd/key/java/JavaRedux/java/lang/System.java 
152691     WARN  main            d.u.i.k.j.r.KeYCrossReferenceNameInfo Datatype java.io.PrintStream declared twice: Once in FILE:/home/runner/work/key/key/key.core/../key.ui/examples/standard_key/java_dl/classpath/PrintStream.java and once in URL:file:/home/runner/work/key/key/key.core/build/resources/main/de/uka/ilkd/key/java/JavaRedux/java/io/PrintStream.java, Keeping one from URL:file:/home/runner/work/key/key/key.core/build/resources/main/de/uka/ilkd/key/java/JavaRedux/java/io/PrintStream.java 
152694     DEBUG main            d.u.i.k.j.r.ClassFileDeclarationBuilder Parsing: package java.io; public class Closeable { } 
152694     DEBUG main            r.s.KeYCrossReferenceSourceInfo Dynamically created class: java.io.Closeable 
155099     DEBUG main            d.u.i.k.p.i.AbstractProblemLoader Init config took 2.43s 
155113     INFO  main            d.u.i.k.p.i.AbstractProblemLoader Replaying proof exceptions3.key.proof 
155119     DEBUG main            d.u.i.k.p.i.IntermediateProofReplayer Proof replay took 3.72ms 
155120     DEBUG main            d.u.i.k.p.r.p.TestFile    ... success: reloaded. 
155120     INFO  main            d.u.i.k.p.r.p.TestFile    Now processing file /home/runner/work/key/key/key.core/../key.ui/examples/standard_key/java_dl/exchange.key 
155121     INFO  main            d.u.i.k.p.i.AbstractProblemLoader Loading environment from /home/runner/work/key/key/key.core/../key.ui/examples/standard_key/java_dl/exchange.key 
155121     DEBUG main            d.u.i.k.p.i.AbstractProblemLoader Environment load took 52.2ns 
155122     INFO  main            d.u.i.k.p.i.AbstractProblemLoader Creating init config 
157537     DEBUG main            d.u.i.k.p.i.AbstractProblemLoader Init config took 2.42s 
157552     INFO  main            d.u.i.k.p.i.AbstractProblemLoader Replaying proof exchange.key 
157553     DEBUG main            d.u.i.k.p.i.IntermediateProofReplayer Proof replay took 7.5ns 
157655     INFO  main            d.u.i.k.p.r.p.TestFile    ... finished proof: closed. 
157936     INFO  main            d.u.i.k.p.i.AbstractProblemLoader Loading environment from /home/runner/work/key/key/key.core/../key.ui/examples/standard_key/java_dl/exchange.key.proof 
157936     DEBUG main            d.u.i.k.p.i.AbstractProblemLoader Environment load took 95.4ns 
157937     INFO  main            d.u.i.k.p.i.AbstractProblemLoader Creating init config 
160302     DEBUG main            d.u.i.k.p.i.AbstractProblemLoader Init config took 2.36s 
160316     INFO  main            d.u.i.k.p.i.AbstractProblemLoader Replaying proof exchange.key.proof 
160321     DEBUG main            d.u.i.k.p.i.IntermediateProofReplayer Proof replay took 2.84ms 
160322     DEBUG main            d.u.i.k.p.r.p.TestFile    ... success: reloaded. 
160322     INFO  main            d.u.i.k.p.r.p.TestFile    Now processing file /home/runner/work/key/key/key.core/../key.ui/examples/standard_key/java_dl/if.key 
160323     INFO  main            d.u.i.k.p.i.AbstractProblemLoader Loading environment from /home/runner/work/key/key/key.core/../key.ui/examples/standard_key/java_dl/if.key 
160323     DEBUG main            d.u.i.k.p.i.AbstractProblemLoader Environment load took 174.2ns 
160324     INFO  main            d.u.i.k.p.i.AbstractProblemLoader Creating init config 
162762     DEBUG main            d.u.i.k.p.i.AbstractProblemLoader Init config took 2.44s 
162777     INFO  main            d.u.i.k.p.i.AbstractProblemLoader Replaying proof if.key 
162778     DEBUG main            d.u.i.k.p.i.IntermediateProofReplayer Proof replay took 8.2ns 
162880     INFO  main            d.u.i.k.p.r.p.TestFile    ... finished proof: closed. 
163165     INFO  main            d.u.i.k.p.i.AbstractProblemLoader Loading environment from /home/runner/work/key/key/key.core/../key.ui/examples/standard_key/java_dl/if.key.proof 
163165     DEBUG main            d.u.i.k.p.i.AbstractProblemLoader Environment load took 96.8ns 
163166     INFO  main            d.u.i.k.p.i.AbstractProblemLoader Creating init config 
165527     DEBUG main            d.u.i.k.p.i.AbstractProblemLoader Init config took 2.36s 
165541     INFO  main            d.u.i.k.p.i.AbstractProblemLoader Replaying proof if.key.proof 
165545     DEBUG main            d.u.i.k.p.i.IntermediateProofReplayer Proof replay took 2.72ms 
165546     DEBUG main            d.u.i.k.p.r.p.TestFile    ... success: reloaded. 
165546     INFO  main            d.u.i.k.p.r.p.TestFile    Now processing file /home/runner/work/key/key/key.core/../key.ui/examples/standard_key/java_dl/incrementcounter.key 
165547     INFO  main            d.u.i.k.p.i.AbstractProblemLoader Loading environment from /home/runner/work/key/key/key.core/../key.ui/examples/standard_key/java_dl/incrementcounter.key 
165547     DEBUG main            d.u.i.k.p.i.AbstractProblemLoader Environment load took 91.9ns 
165548     INFO  main            d.u.i.k.p.i.AbstractProblemLoader Creating init config 
167962     DEBUG main            d.u.i.k.p.i.AbstractProblemLoader Init config took 2.41s 
167976     INFO  main            d.u.i.k.p.i.AbstractProblemLoader Replaying proof incrementcounter.key 
167978     DEBUG main            d.u.i.k.p.i.IntermediateProofReplayer Proof replay took 8.6ns 
168080     INFO  main            d.u.i.k.p.r.p.TestFile    ... finished proof: closed. 
168373     INFO  main            d.u.i.k.p.i.AbstractProblemLoader Loading environment from /home/runner/work/key/key/key.core/../key.ui/examples/standard_key/java_dl/incrementcounter.key.proof 
168374     DEBUG main            d.u.i.k.p.i.AbstractProblemLoader Environment load took 105.1ns 
168375     INFO  main            d.u.i.k.p.i.AbstractProblemLoader Creating init config 
170740     DEBUG main            d.u.i.k.p.i.AbstractProblemLoader Init config took 2.37s 
170753     INFO  main            d.u.i.k.p.i.AbstractProblemLoader Replaying proof incrementcounter.key.proof 
170757     DEBUG main            d.u.i.k.p.i.IntermediateProofReplayer Proof replay took 1.88ms 
170758     DEBUG main            d.u.i.k.p.r.p.TestFile    ... success: reloaded. 
170758     INFO  main            d.u.i.k.p.r.p.TestFile    Now processing file /home/runner/work/key/key/key.core/../key.ui/examples/standard_key/java_dl/danglingElse.key 
170758     INFO  main            d.u.i.k.p.i.AbstractProblemLoader Loading environment from /home/runner/work/key/key/key.core/../key.ui/examples/standard_key/java_dl/danglingElse.key 
170758     DEBUG main            d.u.i.k.p.i.AbstractProblemLoader Environment load took 49ns 
170759     INFO  main            d.u.i.k.p.i.AbstractProblemLoader Creating init config 
173190     DEBUG main            d.u.i.k.p.i.AbstractProblemLoader Init config took 2.43s 
173205     INFO  main            d.u.i.k.p.i.AbstractProblemLoader Replaying proof danglingElse.key 
173208     DEBUG main            d.u.i.k.p.i.IntermediateProofReplayer Proof replay took 8.9ns 
173310     INFO  main            d.u.i.k.p.r.p.TestFile    ... finished proof: open goal(s) 
173615     INFO  main            d.u.i.k.p.r.p.TestFile    Now processing file /home/runner/work/key/key/key.core/../key.ui/examples/standard_key/java_dl/iteratedAssignment.key 
173616     INFO  main            d.u.i.k.p.i.AbstractProblemLoader Loading environment from /home/runner/work/key/key/key.core/../key.ui/examples/standard_key/java_dl/iteratedAssignment.key 
173616     DEBUG main            d.u.i.k.p.i.AbstractProblemLoader Environment load took 56.1ns 
173619     INFO  main            d.u.i.k.p.i.AbstractProblemLoader Creating init config 
175980     DEBUG main            d.u.i.k.p.i.AbstractProblemLoader Init config took 2.36s 
176003     INFO  main            d.u.i.k.p.i.AbstractProblemLoader Replaying proof iteratedAssignment.key 
176006     DEBUG main            d.u.i.k.p.i.IntermediateProofReplayer Proof replay took 8.9ns 
176309     INFO  main            d.u.i.k.p.r.p.TestFile    ... finished proof: closed. 
176614     INFO  main            d.u.i.k.p.i.AbstractProblemLoader Loading environment from /home/runner/work/key/key/key.core/../key.ui/examples/standard_key/java_dl/iteratedAssignment.key.proof 
176614     DEBUG main            d.u.i.k.p.i.AbstractProblemLoader Environment load took 90.6ns 
176615     INFO  main            d.u.i.k.p.i.AbstractProblemLoader Creating init config 
179096     DEBUG main            d.u.i.k.p.i.AbstractProblemLoader Init config took 2.48s 
179111     INFO  main            d.u.i.k.p.i.AbstractProblemLoader Replaying proof iteratedAssignment.key.proof 
179172     DEBUG main            d.u.i.k.p.i.IntermediateProofReplayer Proof replay took 58.34ms 
179173     DEBUG main            d.u.i.k.p.r.p.TestFile    ... success: reloaded. 
179174     INFO  main            d.u.i.k.p.r.p.TestFile    Now processing file /home/runner/work/key/key/key.core/../key.ui/examples/standard_key/java_dl/assert/assert1.key 
179174     INFO  main            d.u.i.k.p.i.AbstractProblemLoader Loading environment from /home/runner/work/key/key/key.core/../key.ui/examples/standard_key/java_dl/assert/assert1.key 
179174     DEBUG main            d.u.i.k.p.i.AbstractProblemLoader Environment load took 109.5ns 
179175     INFO  main            d.u.i.k.p.i.AbstractProblemLoader Creating init config 
181619     DEBUG main            d.u.i.k.p.i.AbstractProblemLoader Init config took 2.44s 
181652     INFO  main            d.u.i.k.p.i.AbstractProblemLoader Replaying proof C[C::foo()].JML normal_behavior operation contract.0 
181654     DEBUG main            d.u.i.k.p.i.IntermediateProofReplayer Proof replay took 6.7ns 
181856     INFO  main            d.u.i.k.p.r.p.TestFile    ... finished proof: open goal(s) 
182189     INFO  main            d.u.i.k.p.r.p.TestFile    Now processing file /home/runner/work/key/key/key.core/../key.ui/examples/standard_key/java_dl/assert/assert2.key 
182189     INFO  main            d.u.i.k.p.i.AbstractProblemLoader Loading environment from /home/runner/work/key/key/key.core/../key.ui/examples/standard_key/java_dl/assert/assert2.key 
182189     DEBUG main            d.u.i.k.p.i.AbstractProblemLoader Environment load took 56.1ns 
182190     INFO  main            d.u.i.k.p.i.AbstractProblemLoader Creating init config 
184591     DEBUG main            d.u.i.k.p.i.AbstractProblemLoader Init config took 2.4s 
184634     INFO  main            d.u.i.k.p.i.AbstractProblemLoader Replaying proof C[C::bar()].JML exceptional_behavior operation contract.0 
184636     DEBUG main            d.u.i.k.p.i.IntermediateProofReplayer Proof replay took 7.3ns 
184838     INFO  main            d.u.i.k.p.r.p.TestFile    ... finished proof: closed. 
185143     INFO  main            d.u.i.k.p.i.AbstractProblemLoader Loading environment from /home/runner/work/key/key/key.core/../key.ui/examples/standard_key/java_dl/assert/assert2.key.proof 
185143     DEBUG main            d.u.i.k.p.i.AbstractProblemLoader Environment load took 87.1ns 
185144     INFO  main            d.u.i.k.p.i.AbstractProblemLoader Creating init config 
187614     DEBUG main            d.u.i.k.p.i.AbstractProblemLoader Init config took 2.47s 
187646     INFO  main            d.u.i.k.p.i.AbstractProblemLoader Replaying proof C[C::bar()].JML exceptional_behavior operation contract.0 
187688     DEBUG main            d.u.i.k.p.i.IntermediateProofReplayer Proof replay took 39.51ms 
187689     DEBUG main            d.u.i.k.p.r.p.TestFile    ... success: reloaded. 
187690     INFO  main            d.u.i.k.p.r.p.TestFile    Now processing file /home/runner/work/key/key/key.core/../key.ui/examples/standard_key/java_dl/assert/assert3.key 
187690     INFO  main            d.u.i.k.p.i.AbstractProblemLoader Loading environment from /home/runner/work/key/key/key.core/../key.ui/examples/standard_key/java_dl/assert/assert3.key 
187690     DEBUG main            d.u.i.k.p.i.AbstractProblemLoader Environment load took 75.6ns 
187691     INFO  main            d.u.i.k.p.i.AbstractProblemLoader Creating init config 
190121     DEBUG main            d.u.i.k.p.i.AbstractProblemLoader Init config took 2.43s 
190154     INFO  main            d.u.i.k.p.i.AbstractProblemLoader Replaying proof C[C::foo()].JML normal_behavior operation contract.0 
190157     DEBUG main            d.u.i.k.p.i.IntermediateProofReplayer Proof replay took 7.5ns 
190259     INFO  main            d.u.i.k.p.r.p.TestFile    ... finished proof: open goal(s) 
190575     INFO  main            d.u.i.k.p.r.p.TestFile    Now processing file /home/runner/work/key/key/key.core/../key.ui/examples/standard_key/java_dl/java5/vararg.key 
190576     INFO  main            d.u.i.k.p.i.AbstractProblemLoader Loading environment from /home/runner/work/key/key/key.core/../key.ui/examples/standard_key/java_dl/java5/vararg.key 
190576     DEBUG main            d.u.i.k.p.i.AbstractProblemLoader Environment load took 62.1ns 
190578     INFO  main            d.u.i.k.p.i.AbstractProblemLoader Creating init config 
191433     DEBUG main            d.u.i.k.j.r.ClassPreparationMethodBuilder clPrepBuilder: Inner Class detected. Reject building class initialisation methods. 
193258     DEBUG main            d.u.i.k.p.i.AbstractProblemLoader Init config took 2.68s 
193284     INFO  main            d.u.i.k.p.i.AbstractProblemLoader Replaying proof vararg.key 
193287     DEBUG main            d.u.i.k.p.i.IntermediateProofReplayer Proof replay took 7.8ns 
193563     DEBUG Thread-101      d.u.i.k.j.d.VariableSpecification Program match. Variables have different dimension (template #v0 = #vi;, source var#17[] = new java.lang.Object[]{d1, d2};) 
193707     DEBUG Thread-101      d.u.i.k.j.d.VariableSpecification Program match. Variables have different dimension (template #v0 = #vi;, source var#24[] = new java.lang.Object[]{d1, d2};) 
193858     DEBUG Thread-101      d.u.i.k.j.d.VariableSpecification Program match. Variables have different dimension (template #v0 = #vi;, source var#33[] = new java.lang.Object[]{var_1};) 
193859     DEBUG Thread-101      d.u.i.k.j.d.VariableSpecification Program match. Variables have different dimension (template #v0 = #vi;, source var#33[] = new java.lang.Object[]{var_1};) 
193983     DEBUG Thread-101      d.u.i.k.j.d.VariableSpecification Program match. Variables have different dimension (template #v0 = #vi;, source var#39[] = new java.lang.Object[]{null, null};) 
194124     DEBUG Thread-101      d.u.i.k.j.d.VariableSpecification Program match. Variables have different dimension (template #v0 = #vi;, source var#46[] = new java.lang.Object[]{};) 
194595     INFO  main            d.u.i.k.p.r.p.TestFile    ... finished proof: closed. 
194958     INFO  main            d.u.i.k.p.i.AbstractProblemLoader Loading environment from /home/runner/work/key/key/key.core/../key.ui/examples/standard_key/java_dl/java5/vararg.key.proof 
194959     DEBUG main            d.u.i.k.p.i.AbstractProblemLoader Environment load took 1.05ms 
194960     INFO  main            d.u.i.k.p.i.AbstractProblemLoader Creating init config 
195818     DEBUG main            d.u.i.k.j.r.ClassPreparationMethodBuilder clPrepBuilder: Inner Class detected. Reject building class initialisation methods. 
197624     DEBUG main            d.u.i.k.p.i.AbstractProblemLoader Init config took 2.66s 
197654     INFO  main            d.u.i.k.p.i.AbstractProblemLoader Replaying proof vararg.key.proof 
198015     DEBUG main            d.u.i.k.p.i.IntermediateProofReplayer Proof replay took 346.7ms 
198017     DEBUG main            d.u.i.k.p.r.p.TestFile    ... success: reloaded. 
198018     INFO  main            d.u.i.k.p.r.p.TestFile    Now processing file /home/runner/work/key/key/key.core/../key.ui/examples/standard_key/java_dl/java5/for_Array.key 
198018     INFO  main            d.u.i.k.p.i.AbstractProblemLoader Loading environment from /home/runner/work/key/key/key.core/../key.ui/examples/standard_key/java_dl/java5/for_Array.key 
198018     DEBUG main            d.u.i.k.p.i.AbstractProblemLoader Environment load took 167ns 
198019     INFO  main            d.u.i.k.p.i.AbstractProblemLoader Creating init config 
198853     DEBUG main            d.u.i.k.j.r.ClassPreparationMethodBuilder clPrepBuilder: Inner Class detected. Reject building class initialisation methods. 
200664     DEBUG main            d.u.i.k.p.i.AbstractProblemLoader Init config took 2.65s 
200713     INFO  main            d.u.i.k.p.i.AbstractProblemLoader Replaying proof For[For::sum([I)].JML operation contract.0 
200714     DEBUG main            d.u.i.k.p.i.IntermediateProofReplayer Proof replay took 19.8ns 
201117     INFO  main            d.u.i.k.p.r.p.TestFile    ... finished proof: closed. 
201500     INFO  main            d.u.i.k.p.i.AbstractProblemLoader Loading environment from /home/runner/work/key/key/key.core/../key.ui/examples/standard_key/java_dl/java5/for_Array.key.proof 
201501     DEBUG main            d.u.i.k.p.i.AbstractProblemLoader Environment load took 95.1ns 
201502     INFO  main            d.u.i.k.p.i.AbstractProblemLoader Creating init config 
202322     DEBUG main            d.u.i.k.j.r.ClassPreparationMethodBuilder clPrepBuilder: Inner Class detected. Reject building class initialisation methods. 
204065     DEBUG main            d.u.i.k.p.i.AbstractProblemLoader Init config took 2.56s 
204112     INFO  main            d.u.i.k.p.i.AbstractProblemLoader Replaying proof For[For::sum([I)].JML operation contract.0 
204199     DEBUG main            d.u.i.k.p.i.IntermediateProofReplayer Proof replay took 83.03ms 
204199     DEBUG main            d.u.i.k.p.r.p.TestFile    ... success: reloaded. 
204200     INFO  main            d.u.i.k.p.r.p.TestFile    Now processing file /home/runner/work/key/key/key.core/../key.ui/examples/standard_key/java_dl/java5/for_Iterable.key 
204201     INFO  main            d.u.i.k.p.i.AbstractProblemLoader Loading environment from /home/runner/work/key/key/key.core/../key.ui/examples/standard_key/java_dl/java5/for_Iterable.key 
204201     DEBUG main            d.u.i.k.p.i.AbstractProblemLoader Environment load took 178.1ns 
204202     INFO  main            d.u.i.k.p.i.AbstractProblemLoader Creating init config 
205037     DEBUG main            d.u.i.k.j.r.ClassPreparationMethodBuilder clPrepBuilder: Inner Class detected. Reject building class initialisation methods. 
206829     DEBUG main            d.u.i.k.p.i.AbstractProblemLoader Init config took 2.63s 
206896     INFO  main            d.u.i.k.p.i.AbstractProblemLoader Replaying proof For[For::infiniteLoop(For)].JML operation contract.0 
206897     DEBUG main            d.u.i.k.p.i.IntermediateProofReplayer Proof replay took 7.3ns 
207099     INFO  main            d.u.i.k.p.r.p.TestFile    ... finished proof: closed. 
207441     INFO  main            d.u.i.k.p.i.AbstractProblemLoader Loading environment from /home/runner/work/key/key/key.core/../key.ui/examples/standard_key/java_dl/java5/for_Iterable.key.proof 
207441     DEBUG main            d.u.i.k.p.i.AbstractProblemLoader Environment load took 97.3ns 
207442     INFO  main            d.u.i.k.p.i.AbstractProblemLoader Creating init config 
208258     DEBUG main            d.u.i.k.j.r.ClassPreparationMethodBuilder clPrepBuilder: Inner Class detected. Reject building class initialisation methods. 
210013     DEBUG main            d.u.i.k.p.i.AbstractProblemLoader Init config took 2.57s 
210061     INFO  main            d.u.i.k.p.i.AbstractProblemLoader Replaying proof For[For::infiniteLoop(For)].JML operation contract.0 
210113     DEBUG main            d.u.i.k.p.i.IntermediateProofReplayer Proof replay took 50.2ms 
210114     DEBUG main            d.u.i.k.p.r.p.TestFile    ... success: reloaded. 
210115     INFO  main            d.u.i.k.p.r.p.TestFile    Now processing file /home/runner/work/key/key/key.core/../key.ui/examples/standard_key/java_dl/java5/for_ReferenceArray.key 
210116     INFO  main            d.u.i.k.p.i.AbstractProblemLoader Loading environment from /home/runner/work/key/key/key.core/../key.ui/examples/standard_key/java_dl/java5/for_ReferenceArray.key 
210116     DEBUG main            d.u.i.k.p.i.AbstractProblemLoader Environment load took 80.9ns 
210116     INFO  main            d.u.i.k.p.i.AbstractProblemLoader Creating init config 
210956     DEBUG main            d.u.i.k.j.r.ClassPreparationMethodBuilder clPrepBuilder: Inner Class detected. Reject building class initialisation methods. 
212746     DEBUG main            d.u.i.k.p.i.AbstractProblemLoader Init config took 2.63s 
212793     INFO  main            d.u.i.k.p.i.AbstractProblemLoader Replaying proof ForReferenceArray[ForReferenceArray::foo([Ljava.lang.Object)].JML operation contract.0 
212795     DEBUG main            d.u.i.k.p.i.IntermediateProofReplayer Proof replay took 8.1ns 
212999     INFO  main            d.u.i.k.p.r.p.TestFile    ... finished proof: closed. 
213490     INFO  main            d.u.i.k.p.i.AbstractProblemLoader Loading environment from /home/runner/work/key/key/key.core/../key.ui/examples/standard_key/java_dl/java5/for_ReferenceArray.key.proof 
213490     DEBUG main            d.u.i.k.p.i.AbstractProblemLoader Environment load took 110.5ns 
213491     INFO  main            d.u.i.k.p.i.AbstractProblemLoader Creating init config 
214300     DEBUG main            d.u.i.k.j.r.ClassPreparationMethodBuilder clPrepBuilder: Inner Class detected. Reject building class initialisation methods. 
216049     DEBUG main            d.u.i.k.p.i.AbstractProblemLoader Init config took 2.56s 
216099     INFO  main            d.u.i.k.p.i.AbstractProblemLoader Replaying proof ForReferenceArray[ForReferenceArray::foo([Ljava.lang.Object)].JML operation contract.0 
216158     DEBUG main            d.u.i.k.p.i.IntermediateProofReplayer Proof replay took 55.62ms 
216159     DEBUG main            d.u.i.k.p.r.p.TestFile    ... success: reloaded. 
216160     INFO  main            d.u.i.k.p.r.p.TestFile    Now processing file /home/runner/work/key/key/key.core/../key.ui/examples/standard_key/java_dl/jml-bigint/cast.key 
216160     INFO  main            d.u.i.k.p.i.AbstractProblemLoader Loading environment from /home/runner/work/key/key/key.core/../key.ui/examples/standard_key/java_dl/jml-bigint/cast.key 
216161     DEBUG main            d.u.i.k.p.i.AbstractProblemLoader Environment load took 175.5ns 
216162     INFO  main            d.u.i.k.p.i.AbstractProblemLoader Creating init config 
218700     DEBUG main            d.u.i.k.p.i.AbstractProblemLoader Init config took 2.54s 
218733     INFO  main            d.u.i.k.p.i.AbstractProblemLoader Replaying proof Mult[Mult::cast()].JML operation contract.0 
218736     DEBUG main            d.u.i.k.p.i.IntermediateProofReplayer Proof replay took 6.4ns 
218838     INFO  main            d.u.i.k.p.r.p.TestFile    ... finished proof: closed. 
219253     INFO  main            d.u.i.k.p.i.AbstractProblemLoader Loading environment from /home/runner/work/key/key/key.core/../key.ui/examples/standard_key/java_dl/jml-bigint/cast.key.proof 
219253     DEBUG main            d.u.i.k.p.i.AbstractProblemLoader Environment load took 113.6ns 
219254     INFO  main            d.u.i.k.p.i.AbstractProblemLoader Creating init config 
221724     DEBUG main            d.u.i.k.p.i.AbstractProblemLoader Init config took 2.47s 
221756     INFO  main            d.u.i.k.p.i.AbstractProblemLoader Replaying proof Mult[Mult::cast()].JML operation contract.0 
221769     DEBUG main            d.u.i.k.p.i.IntermediateProofReplayer Proof replay took 11.73ms 
221770     DEBUG main            d.u.i.k.p.r.p.TestFile    ... success: reloaded. 
221771     INFO  main            d.u.i.k.p.r.p.TestFile    Now processing file /home/runner/work/key/key/key.core/../key.ui/examples/standard_key/java_dl/jml-free/loopInvFree.key 
221771     INFO  main            d.u.i.k.p.i.AbstractProblemLoader Loading environment from /home/runner/work/key/key/key.core/../key.ui/examples/standard_key/java_dl/jml-free/loopInvFree.key 
221771     DEBUG main            d.u.i.k.p.i.AbstractProblemLoader Environment load took 76.6ns 
221772     INFO  main            d.u.i.k.p.i.AbstractProblemLoader Creating init config 
224231     DEBUG main            d.u.i.k.p.i.AbstractProblemLoader Init config took 2.46s 
224263     INFO  main            d.u.i.k.p.i.AbstractProblemLoader Replaying proof LoopInvFree[LoopInvFree::test()].JML operation contract.0 
224265     DEBUG main            d.u.i.k.p.i.IntermediateProofReplayer Proof replay took 8ns 
224467     INFO  main            d.u.i.k.p.r.p.TestFile    ... finished proof: closed. 
224830     INFO  main            d.u.i.k.p.i.AbstractProblemLoader Loading environment from /home/runner/work/key/key/key.core/../key.ui/examples/standard_key/java_dl/jml-free/loopInvFree.key.proof 
224830     DEBUG main            d.u.i.k.p.i.AbstractProblemLoader Environment load took 89.9ns 
224831     INFO  main            d.u.i.k.p.i.AbstractProblemLoader Creating init config 
227235     DEBUG main            d.u.i.k.p.i.AbstractProblemLoader Init config took 2.4s 
227266     INFO  main            d.u.i.k.p.i.AbstractProblemLoader Replaying proof LoopInvFree[LoopInvFree::test()].JML operation contract.0 
227308     DEBUG main            d.u.i.k.p.i.IntermediateProofReplayer Proof replay took 40.36ms 
227309     DEBUG main            d.u.i.k.p.r.p.TestFile    ... success: reloaded. 
227310     INFO  main            d.u.i.k.p.r.p.TestFile    Now processing file /home/runner/work/key/key/key.core/../key.ui/examples/standard_key/java_dl/jml-free/ensuresFree.key 
227310     INFO  main            d.u.i.k.p.i.AbstractProblemLoader Loading environment from /home/runner/work/key/key/key.core/../key.ui/examples/standard_key/java_dl/jml-free/ensuresFree.key 
227310     DEBUG main            d.u.i.k.p.i.AbstractProblemLoader Environment load took 84.2ns 
227311     INFO  main            d.u.i.k.p.i.AbstractProblemLoader Creating init config 
229776     DEBUG main            d.u.i.k.p.i.AbstractProblemLoader Init config took 2.47s 
229807     INFO  main            d.u.i.k.p.i.AbstractProblemLoader Replaying proof EnsuresFree[EnsuresFree::test()].JML operation contract.0 
229809     DEBUG main            d.u.i.k.p.i.IntermediateProofReplayer Proof replay took 6.8ns 
229910     INFO  main            d.u.i.k.p.r.p.TestFile    ... finished proof: closed. 
230272     INFO  main            d.u.i.k.p.i.AbstractProblemLoader Loading environment from /home/runner/work/key/key/key.core/../key.ui/examples/standard_key/java_dl/jml-free/ensuresFree.key.proof 
230272     DEBUG main            d.u.i.k.p.i.AbstractProblemLoader Environment load took 99.6ns 
230273     INFO  main            d.u.i.k.p.i.AbstractProblemLoader Creating init config 
232680     DEBUG main            d.u.i.k.p.i.AbstractProblemLoader Init config took 2.41s 
232711     INFO  main            d.u.i.k.p.i.AbstractProblemLoader Replaying proof EnsuresFree[EnsuresFree::test()].JML operation contract.0 
232729     DEBUG main            d.u.i.k.p.i.IntermediateProofReplayer Proof replay took 15.53ms 
232729     DEBUG main            d.u.i.k.p.r.p.TestFile    ... success: reloaded. 
232730     INFO  main            d.u.i.k.p.r.p.TestFile    Now processing file /home/runner/work/key/key/key.core/../key.ui/examples/standard_key/java_dl/jml-information-flow.key 
232730     INFO  main            d.u.i.k.p.i.AbstractProblemLoader Loading environment from /home/runner/work/key/key/key.core/../key.ui/examples/standard_key/java_dl/jml-information-flow.key 
232730     DEBUG main            d.u.i.k.p.i.AbstractProblemLoader Environment load took 61.2ns 
232735     INFO  main            d.u.i.k.p.i.AbstractProblemLoader Creating init config 
235375     DEBUG main            d.u.i.k.p.i.AbstractProblemLoader Init config took 2.64s 
235394     INFO  main            d.u.i.k.p.i.AbstractProblemLoader Replaying proof jml-information-flow.key 
235395     DEBUG main            d.u.i.k.p.i.IntermediateProofReplayer Proof replay took 7.2ns 
341762     INFO  main            d.u.i.k.p.r.p.TestFile    ... finished proof: closed. 
342292     INFO  main            d.u.i.k.p.i.AbstractProblemLoader Loading environment from /home/runner/work/key/key/key.core/../key.ui/examples/standard_key/java_dl/jml-information-flow.key.proof 
342292     DEBUG main            d.u.i.k.p.i.AbstractProblemLoader Environment load took 154.4ns 
342301     INFO  main            d.u.i.k.p.i.AbstractProblemLoader Creating init config 
344843     DEBUG main            d.u.i.k.p.i.AbstractProblemLoader Init config took 2.54s 
344862     INFO  main            d.u.i.k.p.i.AbstractProblemLoader Replaying proof jml-information-flow.key.proof 
348376     DEBUG main            d.u.i.k.p.i.IntermediateProofReplayer Proof replay took 3.4s 
348385     DEBUG main            d.u.i.k.p.r.p.TestFile    ... success: reloaded. 
348386     INFO  main            d.u.i.k.p.r.p.TestFile    Now processing file /home/runner/work/key/key/key.core/../key.ui/examples/standard_key/java_dl/jml-min/min-unprovable1.key 
348386     INFO  main            d.u.i.k.p.i.AbstractProblemLoader Loading environment from /home/runner/work/key/key/key.core/../key.ui/examples/standard_key/java_dl/jml-min/min-unprovable1.key 
348386     DEBUG main            d.u.i.k.p.i.AbstractProblemLoader Environment load took 104.2ns 
348387     INFO  main            d.u.i.k.p.i.AbstractProblemLoader Creating init config 
350909     DEBUG main            d.u.i.k.p.i.AbstractProblemLoader Init config took 2.52s 
350941     INFO  main            d.u.i.k.p.i.AbstractProblemLoader Replaying proof Min[Min::foo()].JML operation contract.0 
350942     DEBUG main            d.u.i.k.p.i.IntermediateProofReplayer Proof replay took 6.5ns 
351047     INFO  main            d.u.i.k.p.r.p.TestFile    ... finished proof: open goal(s) 
351562     INFO  main            d.u.i.k.p.r.p.TestFile    Now processing file /home/runner/work/key/key/key.core/../key.ui/examples/standard_key/java_dl/jml-min/min-unprovable2.key 
351563     INFO  main            d.u.i.k.p.i.AbstractProblemLoader Loading environment from /home/runner/work/key/key/key.core/../key.ui/examples/standard_key/java_dl/jml-min/min-unprovable2.key 
351563     DEBUG main            d.u.i.k.p.i.AbstractProblemLoader Environment load took 47.6ns 
351564     INFO  main            d.u.i.k.p.i.AbstractProblemLoader Creating init config 
353982     DEBUG main            d.u.i.k.p.i.AbstractProblemLoader Init config took 2.42s 
354019     INFO  main            d.u.i.k.p.i.AbstractProblemLoader Replaying proof Min[Min::foo2()].JML operation contract.0 
354020     DEBUG main            d.u.i.k.p.i.IntermediateProofReplayer Proof replay took 6.9ns 
354122     INFO  main            d.u.i.k.p.r.p.TestFile    ... finished proof: open goal(s) 
354497     INFO  main            d.u.i.k.p.r.p.TestFile    Now processing file /home/runner/work/key/key/key.core/../key.ui/examples/standard_key/java_dl/methodCall.key 
354498     INFO  main            d.u.i.k.p.i.AbstractProblemLoader Loading environment from /home/runner/work/key/key/key.core/../key.ui/examples/standard_key/java_dl/methodCall.key 
354498     DEBUG main            d.u.i.k.p.i.AbstractProblemLoader Environment load took 49ns 
354499     INFO  main            d.u.i.k.p.i.AbstractProblemLoader Creating init config 
356902     DEBUG main            d.u.i.k.p.i.AbstractProblemLoader Init config took 2.4s 
356916     INFO  main            d.u.i.k.p.i.AbstractProblemLoader Replaying proof methodCall.key 
356918     DEBUG main            d.u.i.k.p.i.IntermediateProofReplayer Proof replay took 7.8ns 
357019     INFO  main            d.u.i.k.p.r.p.TestFile    ... finished proof: closed. 
357391     INFO  main            d.u.i.k.p.i.AbstractProblemLoader Loading environment from /home/runner/work/key/key/key.core/../key.ui/examples/standard_key/java_dl/methodCall.key.proof 
357391     DEBUG main            d.u.i.k.p.i.AbstractProblemLoader Environment load took 82.5ns 
357392     INFO  main            d.u.i.k.p.i.AbstractProblemLoader Creating init config 
359796     DEBUG main            d.u.i.k.p.i.AbstractProblemLoader Init config took 2.4s 
359810     INFO  main            d.u.i.k.p.i.AbstractProblemLoader Replaying proof methodCall.key.proof 
359813     DEBUG main            d.u.i.k.p.i.IntermediateProofReplayer Proof replay took 1.85ms 
359814     DEBUG main            d.u.i.k.p.r.p.TestFile    ... success: reloaded. 
359815     INFO  main            d.u.i.k.p.r.p.TestFile    Now processing file /home/runner/work/key/key/key.core/../key.ui/examples/standard_key/java_dl/methodCall1.key 
359815     INFO  main            d.u.i.k.p.i.AbstractProblemLoader Loading environment from /home/runner/work/key/key/key.core/../key.ui/examples/standard_key/java_dl/methodCall1.key 
359815     DEBUG main            d.u.i.k.p.i.AbstractProblemLoader Environment load took 45ns 
359816     INFO  main            d.u.i.k.p.i.AbstractProblemLoader Creating init config 
362251     DEBUG main            d.u.i.k.p.i.AbstractProblemLoader Init config took 2.43s 
362265     INFO  main            d.u.i.k.p.i.AbstractProblemLoader Replaying proof methodCall1.key 
362266     DEBUG main            d.u.i.k.p.i.IntermediateProofReplayer Proof replay took 7.2ns 
362368     INFO  main            d.u.i.k.p.r.p.TestFile    ... finished proof: closed. 
362757     INFO  main            d.u.i.k.p.i.AbstractProblemLoader Loading environment from /home/runner/work/key/key/key.core/../key.ui/examples/standard_key/java_dl/methodCall1.key.proof 
362757     DEBUG main            d.u.i.k.p.i.AbstractProblemLoader Environment load took 87.2ns 
362758     INFO  main            d.u.i.k.p.i.AbstractProblemLoader Creating init config 
365154     DEBUG main            d.u.i.k.p.i.AbstractProblemLoader Init config took 2.4s 
365168     INFO  main            d.u.i.k.p.i.AbstractProblemLoader Replaying proof methodCall1.key.proof 
365182     DEBUG main            d.u.i.k.p.i.IntermediateProofReplayer Proof replay took 12.14ms 
365183     DEBUG main            d.u.i.k.p.r.p.TestFile    ... success: reloaded. 
365183     INFO  main            d.u.i.k.p.r.p.TestFile    Now processing file /home/runner/work/key/key/key.core/../key.ui/examples/standard_key/java_dl/methodCall1box.key 
365184     INFO  main            d.u.i.k.p.i.AbstractProblemLoader Loading environment from /home/runner/work/key/key/key.core/../key.ui/examples/standard_key/java_dl/methodCall1box.key 
365184     DEBUG main            d.u.i.k.p.i.AbstractProblemLoader Environment load took 76.5ns 
365185     INFO  main            d.u.i.k.p.i.AbstractProblemLoader Creating init config 
367614     DEBUG main            d.u.i.k.p.i.AbstractProblemLoader Init config took 2.43s 
367628     INFO  main            d.u.i.k.p.i.AbstractProblemLoader Replaying proof methodCall1box.key 
367630     DEBUG main            d.u.i.k.p.i.IntermediateProofReplayer Proof replay took 9.2ns 
367731     INFO  main            d.u.i.k.p.r.p.TestFile    ... finished proof: closed. 
368135     INFO  main            d.u.i.k.p.i.AbstractProblemLoader Loading environment from /home/runner/work/key/key/key.core/../key.ui/examples/standard_key/java_dl/methodCall1box.key.proof 
368136     DEBUG main            d.u.i.k.p.i.AbstractProblemLoader Environment load took 90.4ns 
368137     INFO  main            d.u.i.k.p.i.AbstractProblemLoader Creating init config 
370564     DEBUG main            d.u.i.k.p.i.AbstractProblemLoader Init config took 2.43s 
370578     INFO  main            d.u.i.k.p.i.AbstractProblemLoader Replaying proof methodCall1box.key.proof 
370593     DEBUG main            d.u.i.k.p.i.IntermediateProofReplayer Proof replay took 12.45ms 
370594     DEBUG main            d.u.i.k.p.r.p.TestFile    ... success: reloaded. 
370594     INFO  main            d.u.i.k.p.r.p.TestFile    Now processing file /home/runner/work/key/key/key.core/../key.ui/examples/standard_key/java_dl/methodCall3.key 
370595     INFO  main            d.u.i.k.p.i.AbstractProblemLoader Loading environment from /home/runner/work/key/key/key.core/../key.ui/examples/standard_key/java_dl/methodCall3.key 
370595     DEBUG main            d.u.i.k.p.i.AbstractProblemLoader Environment load took 72.5ns 
370595     INFO  main            d.u.i.k.p.i.AbstractProblemLoader Creating init config 
373024     DEBUG main            d.u.i.k.p.i.AbstractProblemLoader Init config took 2.43s 
373041     INFO  main            d.u.i.k.p.i.AbstractProblemLoader Replaying proof methodCall3.key 
373042     DEBUG main            d.u.i.k.p.i.IntermediateProofReplayer Proof replay took 7ns 
373144     INFO  main            d.u.i.k.p.r.p.TestFile    ... finished proof: closed. 
373544     INFO  main            d.u.i.k.p.i.AbstractProblemLoader Loading environment from /home/runner/work/key/key/key.core/../key.ui/examples/standard_key/java_dl/methodCall3.key.proof 
373544     DEBUG main            d.u.i.k.p.i.AbstractProblemLoader Environment load took 81.2ns 
373545     INFO  main            d.u.i.k.p.i.AbstractProblemLoader Creating init config 
375944     DEBUG main            d.u.i.k.p.i.AbstractProblemLoader Init config took 2.4s 
375957     INFO  main            d.u.i.k.p.i.AbstractProblemLoader Replaying proof methodCall3.key.proof 
375967     DEBUG main            d.u.i.k.p.i.IntermediateProofReplayer Proof replay took 8.08ms 
375968     DEBUG main            d.u.i.k.p.r.p.TestFile    ... success: reloaded. 
375969     INFO  main            d.u.i.k.p.r.p.TestFile    Now processing file /home/runner/work/key/key/key.core/../key.ui/examples/standard_key/java_dl/polishFlagSort.key 
375969     INFO  main            d.u.i.k.p.i.AbstractProblemLoader Loading environment from /home/runner/work/key/key/key.core/../key.ui/examples/standard_key/java_dl/polishFlagSort.key 
375969     DEBUG main            d.u.i.k.p.i.AbstractProblemLoader Environment load took 77.9ns 
375971     INFO  main            d.u.i.k.p.i.AbstractProblemLoader Creating init config 
378438     DEBUG main            d.u.i.k.p.i.AbstractProblemLoader Init config took 2.47s 
378453     INFO  main            d.u.i.k.p.i.AbstractProblemLoader Replaying proof polishFlagSort.key 
378454     DEBUG main            d.u.i.k.p.i.IntermediateProofReplayer Proof replay took 8ns 
380563     INFO  main            d.u.i.k.p.r.p.TestFile    ... finished proof: closed. 
381019     INFO  main            d.u.i.k.p.i.AbstractProblemLoader Loading environment from /home/runner/work/key/key/key.core/../key.ui/examples/standard_key/java_dl/polishFlagSort.key.proof 
381020     DEBUG main            d.u.i.k.p.i.AbstractProblemLoader Environment load took 356.61ns 
381022     INFO  main            d.u.i.k.p.i.AbstractProblemLoader Creating init config 
383458     DEBUG main            d.u.i.k.p.i.AbstractProblemLoader Init config took 2.44s 
383473     INFO  main            d.u.i.k.p.i.AbstractProblemLoader Replaying proof polishFlagSort.key.proof 
383843     DEBUG main            d.u.i.k.p.i.IntermediateProofReplayer Proof replay took 358.09ms 
383844     DEBUG main            d.u.i.k.p.r.p.TestFile    ... success: reloaded. 
383845     INFO  main            d.u.i.k.p.r.p.TestFile    Now processing file /home/runner/work/key/key/key.core/../key.ui/examples/standard_key/java_dl/postConditionTaclets1.key 
383845     INFO  main            d.u.i.k.p.i.AbstractProblemLoader Loading environment from /home/runner/work/key/key/key.core/../key.ui/examples/standard_key/java_dl/postConditionTaclets1.key 
383846     DEBUG main            d.u.i.k.p.i.AbstractProblemLoader Environment load took 76.5ns 
383846     INFO  main            d.u.i.k.p.i.AbstractProblemLoader Creating init config 
386241     DEBUG main            d.u.i.k.p.i.AbstractProblemLoader Init config took 2.39s 
386255     INFO  main            d.u.i.k.p.i.AbstractProblemLoader Replaying proof postConditionTaclets1.key 
386256     DEBUG main            d.u.i.k.p.i.IntermediateProofReplayer Proof replay took 7.3ns 
386361     INFO  main            d.u.i.k.p.r.p.TestFile    ... finished proof: closed. 
386821     INFO  main            d.u.i.k.p.i.AbstractProblemLoader Loading environment from /home/runner/work/key/key/key.core/../key.ui/examples/standard_key/java_dl/postConditionTaclets1.key.proof 
386821     DEBUG main            d.u.i.k.p.i.AbstractProblemLoader Environment load took 81.6ns 
386822     INFO  main            d.u.i.k.p.i.AbstractProblemLoader Creating init config 
389184     DEBUG main            d.u.i.k.p.i.AbstractProblemLoader Init config took 2.36s 
389198     INFO  main            d.u.i.k.p.i.AbstractProblemLoader Replaying proof postConditionTaclets1.key.proof 
389200     DEBUG main            d.u.i.k.p.i.IntermediateProofReplayer Proof replay took 448.81ns 
389201     DEBUG main            d.u.i.k.p.r.p.TestFile    ... success: reloaded. 
389201     INFO  main            d.u.i.k.p.r.p.TestFile    Now processing file /home/runner/work/key/key/key.core/../key.ui/examples/standard_key/java_dl/postConditionTaclets2.key 
389202     INFO  main            d.u.i.k.p.i.AbstractProblemLoader Loading environment from /home/runner/work/key/key/key.core/../key.ui/examples/standard_key/java_dl/postConditionTaclets2.key 
389202     DEBUG main            d.u.i.k.p.i.AbstractProblemLoader Environment load took 74ns 
389203     INFO  main            d.u.i.k.p.i.AbstractProblemLoader Creating init config 
391574     DEBUG main            d.u.i.k.p.i.AbstractProblemLoader Init config took 2.37s 
391588     INFO  main            d.u.i.k.p.i.AbstractProblemLoader Replaying proof postConditionTaclets2.key 
391590     DEBUG main            d.u.i.k.p.i.IntermediateProofReplayer Proof replay took 7.7ns 
391694     INFO  main            d.u.i.k.p.r.p.TestFile    ... finished proof: closed. 
392119     INFO  main            d.u.i.k.p.i.AbstractProblemLoader Loading environment from /home/runner/work/key/key/key.core/../key.ui/examples/standard_key/java_dl/postConditionTaclets2.key.proof 
392119     DEBUG main            d.u.i.k.p.i.AbstractProblemLoader Environment load took 79.5ns 
392120     INFO  main            d.u.i.k.p.i.AbstractProblemLoader Creating init config 
394482     DEBUG main            d.u.i.k.p.i.AbstractProblemLoader Init config took 2.36s 
394499     INFO  main            d.u.i.k.p.i.AbstractProblemLoader Replaying proof postConditionTaclets2.key.proof 
394501     DEBUG main            d.u.i.k.p.i.IntermediateProofReplayer Proof replay took 629.71ns 
394501     DEBUG main            d.u.i.k.p.r.p.TestFile    ... success: reloaded. 
394502     INFO  main            d.u.i.k.p.r.p.TestFile    Now processing file /home/runner/work/key/key/key.core/../key.ui/examples/standard_key/java_dl/quantifiedQuery.key 
394502     INFO  main            d.u.i.k.p.i.AbstractProblemLoader Loading environment from /home/runner/work/key/key/key.core/../key.ui/examples/standard_key/java_dl/quantifiedQuery.key 
394502     DEBUG main            d.u.i.k.p.i.AbstractProblemLoader Environment load took 80.6ns 
394504     INFO  main            d.u.i.k.p.i.AbstractProblemLoader Creating init config 
396944     DEBUG main            d.u.i.k.p.i.AbstractProblemLoader Init config took 2.44s 
396958     INFO  main            d.u.i.k.p.i.AbstractProblemLoader Replaying proof quantifiedQuery.key 
396960     DEBUG main            d.u.i.k.p.i.IntermediateProofReplayer Proof replay took 7.7ns 
397062     INFO  main            d.u.i.k.p.r.p.TestFile    ... finished proof: closed. 
397481     INFO  main            d.u.i.k.p.i.AbstractProblemLoader Loading environment from /home/runner/work/key/key/key.core/../key.ui/examples/standard_key/java_dl/quantifiedQuery.key.proof 
397481     DEBUG main            d.u.i.k.p.i.AbstractProblemLoader Environment load took 82.5ns 
397482     INFO  main            d.u.i.k.p.i.AbstractProblemLoader Creating init config 
399874     DEBUG main            d.u.i.k.p.i.AbstractProblemLoader Init config took 2.39s 
399889     INFO  main            d.u.i.k.p.i.AbstractProblemLoader Replaying proof quantifiedQuery.key.proof 
399900     DEBUG main            d.u.i.k.p.i.IntermediateProofReplayer Proof replay took 9.72ms 
399901     DEBUG main            d.u.i.k.p.r.p.TestFile    ... success: reloaded. 
399902     INFO  main            d.u.i.k.p.r.p.TestFile    Now processing file /home/runner/work/key/key/key.core/../key.ui/examples/standard_key/java_dl/recursion/triangular.key 
399902     INFO  main            d.u.i.k.p.i.AbstractProblemLoader Loading environment from /home/runner/work/key/key/key.core/../key.ui/examples/standard_key/java_dl/recursion/triangular.key 
399902     DEBUG main            d.u.i.k.p.i.AbstractProblemLoader Environment load took 55.7ns 
399903     INFO  main            d.u.i.k.p.i.AbstractProblemLoader Creating init config 
402323     DEBUG main            d.u.i.k.p.i.AbstractProblemLoader Init config took 2.42s 
402355     INFO  main            d.u.i.k.p.i.AbstractProblemLoader Replaying proof Triangular[Triangular::tria(int)].JML normal_behavior operation contract.0 
402356     DEBUG main            d.u.i.k.p.i.IntermediateProofReplayer Proof replay took 6.6ns 
402559     INFO  main            d.u.i.k.p.r.p.TestFile    ... finished proof: closed. 
403001     INFO  main            d.u.i.k.p.i.AbstractProblemLoader Loading environment from /home/runner/work/key/key/key.core/../key.ui/examples/standard_key/java_dl/recursion/triangular.key.proof 
403001     DEBUG main            d.u.i.k.p.i.AbstractProblemLoader Environment load took 82.4ns 
403002     INFO  main            d.u.i.k.p.i.AbstractProblemLoader Creating init config 
405379     DEBUG main            d.u.i.k.p.i.AbstractProblemLoader Init config took 2.38s 
405410     INFO  main            d.u.i.k.p.i.AbstractProblemLoader Replaying proof Triangular[Triangular::tria(int)].JML normal_behavior operation contract.0 
405441     DEBUG main            d.u.i.k.p.i.IntermediateProofReplayer Proof replay took 29.86ms 
405442     DEBUG main            d.u.i.k.p.r.p.TestFile    ... success: reloaded. 
405443     INFO  main            d.u.i.k.p.r.p.TestFile    Now processing file /home/runner/work/key/key/key.core/../key.ui/examples/standard_key/java_dl/reverseArray.key 
405443     INFO  main            d.u.i.k.p.i.AbstractProblemLoader Loading environment from /home/runner/work/key/key/key.core/../key.ui/examples/standard_key/java_dl/reverseArray.key 
405443     DEBUG main            d.u.i.k.p.i.AbstractProblemLoader Environment load took 46.3ns 
405445     INFO  main            d.u.i.k.p.i.AbstractProblemLoader Creating init config 
405465     WARN  main            d.u.i.k.j.r.KeYCrossReferenceNameInfo Datatype java.io.InputStream declared twice: Once in FILE:/home/runner/work/key/key/key.core/../key.ui/examples/standard_key/java_dl/./classpath/InputStream.java and once in URL:file:/home/runner/work/key/key/key.core/build/resources/main/de/uka/ilkd/key/java/JavaRedux/java/io/InputStream.java, Keeping one from URL:file:/home/runner/work/key/key/key.core/build/resources/main/de/uka/ilkd/key/java/JavaRedux/java/io/InputStream.java 
405465     WARN  main            d.u.i.k.j.r.KeYCrossReferenceNameInfo Datatype java.lang.System declared twice: Once in FILE:/home/runner/work/key/key/key.core/../key.ui/examples/standard_key/java_dl/./classpath/System.java and once in URL:file:/home/runner/work/key/key/key.core/build/resources/main/de/uka/ilkd/key/java/JavaRedux/java/lang/System.java, Keeping one from URL:file:/home/runner/work/key/key/key.core/build/resources/main/de/uka/ilkd/key/java/JavaRedux/java/lang/System.java 
405465     WARN  main            d.u.i.k.j.r.KeYCrossReferenceNameInfo Datatype java.io.PrintStream declared twice: Once in FILE:/home/runner/work/key/key/key.core/../key.ui/examples/standard_key/java_dl/./classpath/PrintStream.java and once in URL:file:/home/runner/work/key/key/key.core/build/resources/main/de/uka/ilkd/key/java/JavaRedux/java/io/PrintStream.java, Keeping one from URL:file:/home/runner/work/key/key/key.core/build/resources/main/de/uka/ilkd/key/java/JavaRedux/java/io/PrintStream.java 
405467     DEBUG main            d.u.i.k.j.r.ClassFileDeclarationBuilder Parsing: package java.io; public class Closeable { } 
405467     DEBUG main            r.s.KeYCrossReferenceSourceInfo Dynamically created class: java.io.Closeable 
407950     DEBUG main            d.u.i.k.p.i.AbstractProblemLoader Init config took 2.5s 
407964     INFO  main            d.u.i.k.p.i.AbstractProblemLoader Replaying proof reverseArray.key 
407966     DEBUG main            d.u.i.k.p.i.IntermediateProofReplayer Proof replay took 36.9ns 
412117     INFO  main            d.u.i.k.p.r.p.TestFile    ... finished proof: closed. 
412611     INFO  main            d.u.i.k.p.i.AbstractProblemLoader Loading environment from /home/runner/work/key/key/key.core/../key.ui/examples/standard_key/java_dl/reverseArray.key.proof 
412611     DEBUG main            d.u.i.k.p.i.AbstractProblemLoader Environment load took 329.91ns 
412613     INFO  main            d.u.i.k.p.i.AbstractProblemLoader Creating init config 
412634     WARN  main            d.u.i.k.j.r.KeYCrossReferenceNameInfo Datatype java.io.InputStream declared twice: Once in FILE:/home/runner/work/key/key/key.core/../key.ui/examples/standard_key/java_dl/classpath/InputStream.java and once in URL:file:/home/runner/work/key/key/key.core/build/resources/main/de/uka/ilkd/key/java/JavaRedux/java/io/InputStream.java, Keeping one from URL:file:/home/runner/work/key/key/key.core/build/resources/main/de/uka/ilkd/key/java/JavaRedux/java/io/InputStream.java 
412634     WARN  main            d.u.i.k.j.r.KeYCrossReferenceNameInfo Datatype java.lang.System declared twice: Once in FILE:/home/runner/work/key/key/key.core/../key.ui/examples/standard_key/java_dl/classpath/System.java and once in URL:file:/home/runner/work/key/key/key.core/build/resources/main/de/uka/ilkd/key/java/JavaRedux/java/lang/System.java, Keeping one from URL:file:/home/runner/work/key/key/key.core/build/resources/main/de/uka/ilkd/key/java/JavaRedux/java/lang/System.java 
412634     WARN  main            d.u.i.k.j.r.KeYCrossReferenceNameInfo Datatype java.io.PrintStream declared twice: Once in FILE:/home/runner/work/key/key/key.core/../key.ui/examples/standard_key/java_dl/classpath/PrintStream.java and once in URL:file:/home/runner/work/key/key/key.core/build/resources/main/de/uka/ilkd/key/java/JavaRedux/java/io/PrintStream.java, Keeping one from URL:file:/home/runner/work/key/key/key.core/build/resources/main/de/uka/ilkd/key/java/JavaRedux/java/io/PrintStream.java 
412637     DEBUG main            d.u.i.k.j.r.ClassFileDeclarationBuilder Parsing: package java.io; public class Closeable { } 
412637     DEBUG main            r.s.KeYCrossReferenceSourceInfo Dynamically created class: java.io.Closeable 
415072     DEBUG main            d.u.i.k.p.i.AbstractProblemLoader Init config took 2.46s 
415094     INFO  main            d.u.i.k.p.i.AbstractProblemLoader Replaying proof reverseArray.key.proof 
415729     DEBUG main            d.u.i.k.p.i.IntermediateProofReplayer Proof replay took 621.41ms 
415731     DEBUG main            d.u.i.k.p.r.p.TestFile    ... success: reloaded. 
415732     INFO  main            d.u.i.k.p.r.p.TestFile    Now processing file /home/runner/work/key/key/key.core/../key.ui/examples/standard_key/java_dl/reverseArray2.key 
415732     INFO  main            d.u.i.k.p.i.AbstractProblemLoader Loading environment from /home/runner/work/key/key/key.core/../key.ui/examples/standard_key/java_dl/reverseArray2.key 
415732     DEBUG main            d.u.i.k.p.i.AbstractProblemLoader Environment load took 154ns 
415734     INFO  main            d.u.i.k.p.i.AbstractProblemLoader Creating init config 
415754     WARN  main            d.u.i.k.j.r.KeYCrossReferenceNameInfo Datatype java.io.InputStream declared twice: Once in FILE:/home/runner/work/key/key/key.core/../key.ui/examples/standard_key/java_dl/classpath/InputStream.java and once in URL:file:/home/runner/work/key/key/key.core/build/resources/main/de/uka/ilkd/key/java/JavaRedux/java/io/InputStream.java, Keeping one from URL:file:/home/runner/work/key/key/key.core/build/resources/main/de/uka/ilkd/key/java/JavaRedux/java/io/InputStream.java 
415755     WARN  main            d.u.i.k.j.r.KeYCrossReferenceNameInfo Datatype java.lang.System declared twice: Once in FILE:/home/runner/work/key/key/key.core/../key.ui/examples/standard_key/java_dl/classpath/System.java and once in URL:file:/home/runner/work/key/key/key.core/build/resources/main/de/uka/ilkd/key/java/JavaRedux/java/lang/System.java, Keeping one from URL:file:/home/runner/work/key/key/key.core/build/resources/main/de/uka/ilkd/key/java/JavaRedux/java/lang/System.java 
415755     WARN  main            d.u.i.k.j.r.KeYCrossReferenceNameInfo Datatype java.io.PrintStream declared twice: Once in FILE:/home/runner/work/key/key/key.core/../key.ui/examples/standard_key/java_dl/classpath/PrintStream.java and once in URL:file:/home/runner/work/key/key/key.core/build/resources/main/de/uka/ilkd/key/java/JavaRedux/java/io/PrintStream.java, Keeping one from URL:file:/home/runner/work/key/key/key.core/build/resources/main/de/uka/ilkd/key/java/JavaRedux/java/io/PrintStream.java 
415758     DEBUG main            d.u.i.k.j.r.ClassFileDeclarationBuilder Parsing: package java.io; public class Closeable { } 
415758     DEBUG main            r.s.KeYCrossReferenceSourceInfo Dynamically created class: java.io.Closeable 
418336     DEBUG main            d.u.i.k.p.i.AbstractProblemLoader Init config took 2.6s 
418351     INFO  main            d.u.i.k.p.i.AbstractProblemLoader Replaying proof reverseArray2.key 
418352     DEBUG main            d.u.i.k.p.i.IntermediateProofReplayer Proof replay took 2.8ns 
419658     INFO  main            d.u.i.k.p.r.p.TestFile    ... finished proof: closed. 
420189     INFO  main            d.u.i.k.p.i.AbstractProblemLoader Loading environment from /home/runner/work/key/key/key.core/../key.ui/examples/standard_key/java_dl/reverseArray2.key.proof 
420189     DEBUG main            d.u.i.k.p.i.AbstractProblemLoader Environment load took 89.2ns 
420191     INFO  main            d.u.i.k.p.i.AbstractProblemLoader Creating init config 
420211     WARN  main            d.u.i.k.j.r.KeYCrossReferenceNameInfo Datatype java.io.InputStream declared twice: Once in FILE:/home/runner/work/key/key/key.core/../key.ui/examples/standard_key/java_dl/classpath/InputStream.java and once in URL:file:/home/runner/work/key/key/key.core/build/resources/main/de/uka/ilkd/key/java/JavaRedux/java/io/InputStream.java, Keeping one from URL:file:/home/runner/work/key/key/key.core/build/resources/main/de/uka/ilkd/key/java/JavaRedux/java/io/InputStream.java 
420212     WARN  main            d.u.i.k.j.r.KeYCrossReferenceNameInfo Datatype java.lang.System declared twice: Once in FILE:/home/runner/work/key/key/key.core/../key.ui/examples/standard_key/java_dl/classpath/System.java and once in URL:file:/home/runner/work/key/key/key.core/build/resources/main/de/uka/ilkd/key/java/JavaRedux/java/lang/System.java, Keeping one from URL:file:/home/runner/work/key/key/key.core/build/resources/main/de/uka/ilkd/key/java/JavaRedux/java/lang/System.java 
420212     WARN  main            d.u.i.k.j.r.KeYCrossReferenceNameInfo Datatype java.io.PrintStream declared twice: Once in FILE:/home/runner/work/key/key/key.core/../key.ui/examples/standard_key/java_dl/classpath/PrintStream.java and once in URL:file:/home/runner/work/key/key/key.core/build/resources/main/de/uka/ilkd/key/java/JavaRedux/java/io/PrintStream.java, Keeping one from URL:file:/home/runner/work/key/key/key.core/build/resources/main/de/uka/ilkd/key/java/JavaRedux/java/io/PrintStream.java 
420216     DEBUG main            d.u.i.k.j.r.ClassFileDeclarationBuilder Parsing: package java.io; public class Closeable { } 
420216     DEBUG main            r.s.KeYCrossReferenceSourceInfo Dynamically created class: java.io.Closeable 
422649     DEBUG main            d.u.i.k.p.i.AbstractProblemLoader Init config took 2.46s 
422664     INFO  main            d.u.i.k.p.i.AbstractProblemLoader Replaying proof reverseArray2.key.proof 
422879     DEBUG main            d.u.i.k.p.i.IntermediateProofReplayer Proof replay took 209.9ms 
422881     DEBUG main            d.u.i.k.p.r.p.TestFile    ... success: reloaded. 
422882     INFO  main            d.u.i.k.p.r.p.TestFile    Now processing file /home/runner/work/key/key/key.core/../key.ui/examples/standard_key/java_dl/simpleAssignment.key 
422882     INFO  main            d.u.i.k.p.i.AbstractProblemLoader Loading environment from /home/runner/work/key/key/key.core/../key.ui/examples/standard_key/java_dl/simpleAssignment.key 
422882     DEBUG main            d.u.i.k.p.i.AbstractProblemLoader Environment load took 73.3ns 
422883     INFO  main            d.u.i.k.p.i.AbstractProblemLoader Creating init config 
425269     DEBUG main            d.u.i.k.p.i.AbstractProblemLoader Init config took 2.39s 
425283     INFO  main            d.u.i.k.p.i.AbstractProblemLoader Replaying proof simpleAssignment.key 
425284     DEBUG main            d.u.i.k.p.i.IntermediateProofReplayer Proof replay took 2.8ns 
425386     INFO  main            d.u.i.k.p.r.p.TestFile    ... finished proof: closed. 
425877     INFO  main            d.u.i.k.p.i.AbstractProblemLoader Loading environment from /home/runner/work/key/key/key.core/../key.ui/examples/standard_key/java_dl/simpleAssignment.key.proof 
425878     DEBUG main            d.u.i.k.p.i.AbstractProblemLoader Environment load took 86.3ns 
425878     INFO  main            d.u.i.k.p.i.AbstractProblemLoader Creating init config 
428230     DEBUG main            d.u.i.k.p.i.AbstractProblemLoader Init config took 2.35s 
428243     INFO  main            d.u.i.k.p.i.AbstractProblemLoader Replaying proof simpleAssignment.key.proof 
428246     DEBUG main            d.u.i.k.p.i.IntermediateProofReplayer Proof replay took 711.22ns 
428246     DEBUG main            d.u.i.k.p.r.p.TestFile    ... success: reloaded. 
428247     INFO  main            d.u.i.k.p.r.p.TestFile    Now processing file /home/runner/work/key/key/key.core/../key.ui/examples/standard_key/java_dl/simpleAssignment2.key 
428247     INFO  main            d.u.i.k.p.i.AbstractProblemLoader Loading environment from /home/runner/work/key/key/key.core/../key.ui/examples/standard_key/java_dl/simpleAssignment2.key 
428247     DEBUG main            d.u.i.k.p.i.AbstractProblemLoader Environment load took 46ns 
428248     INFO  main            d.u.i.k.p.i.AbstractProblemLoader Creating init config 
430718     DEBUG main            d.u.i.k.p.i.AbstractProblemLoader Init config took 2.47s 
430731     INFO  main            d.u.i.k.p.i.AbstractProblemLoader Replaying proof simpleAssignment2.key 
430733     DEBUG main            d.u.i.k.p.i.IntermediateProofReplayer Proof replay took 2.8ns 
430835     INFO  main            d.u.i.k.p.r.p.TestFile    ... finished proof: closed. 
431294     INFO  main            d.u.i.k.p.i.AbstractProblemLoader Loading environment from /home/runner/work/key/key/key.core/../key.ui/examples/standard_key/java_dl/simpleAssignment2.key.proof 
431294     DEBUG main            d.u.i.k.p.i.AbstractProblemLoader Environment load took 82.6ns 
431295     INFO  main            d.u.i.k.p.i.AbstractProblemLoader Creating init config 
433642     DEBUG main            d.u.i.k.p.i.AbstractProblemLoader Init config took 2.35s 
433655     INFO  main            d.u.i.k.p.i.AbstractProblemLoader Replaying proof simpleAssignment2.key.proof 
433657     DEBUG main            d.u.i.k.p.i.IntermediateProofReplayer Proof replay took 434.91ns 
433658     DEBUG main            d.u.i.k.p.r.p.TestFile    ... success: reloaded. 
433658     INFO  main            d.u.i.k.p.r.p.TestFile    Now processing file /home/runner/work/key/key/key.core/../key.ui/examples/standard_key/java_dl/splittingWithQueries.key 
433658     INFO  main            d.u.i.k.p.i.AbstractProblemLoader Loading environment from /home/runner/work/key/key/key.core/../key.ui/examples/standard_key/java_dl/splittingWithQueries.key 
433658     DEBUG main            d.u.i.k.p.i.AbstractProblemLoader Environment load took 42.4ns 
433660     INFO  main            d.u.i.k.p.i.AbstractProblemLoader Creating init config 
436091     DEBUG main            d.u.i.k.p.i.AbstractProblemLoader Init config took 2.43s 
436104     INFO  main            d.u.i.k.p.i.AbstractProblemLoader Replaying proof splittingWithQueries.key 
436105     DEBUG main            d.u.i.k.p.i.IntermediateProofReplayer Proof replay took 2.9ns 
436207     INFO  main            d.u.i.k.p.r.p.TestFile    ... finished proof: closed. 
436672     INFO  main            d.u.i.k.p.i.AbstractProblemLoader Loading environment from /home/runner/work/key/key/key.core/../key.ui/examples/standard_key/java_dl/splittingWithQueries.key.proof 
436672     DEBUG main            d.u.i.k.p.i.AbstractProblemLoader Environment load took 82.8ns 
436673     INFO  main            d.u.i.k.p.i.AbstractProblemLoader Creating init config 
439073     DEBUG main            d.u.i.k.p.i.AbstractProblemLoader Init config took 2.4s 
439086     INFO  main            d.u.i.k.p.i.AbstractProblemLoader Replaying proof splittingWithQueries.key.proof 
439090     DEBUG main            d.u.i.k.p.i.IntermediateProofReplayer Proof replay took 1.67ms 
439091     DEBUG main            d.u.i.k.p.r.p.TestFile    ... success: reloaded. 
439092     INFO  main            d.u.i.k.p.r.p.TestFile    Now processing file /home/runner/work/key/key/key.core/../key.ui/examples/standard_key/java_dl/strassen/strassen.key 
439092     INFO  main            d.u.i.k.p.i.AbstractProblemLoader Loading environment from /home/runner/work/key/key/key.core/../key.ui/examples/standard_key/java_dl/strassen/strassen.key 
439092     DEBUG main            d.u.i.k.p.i.AbstractProblemLoader Environment load took 164.9ns 
439093     INFO  main            d.u.i.k.p.i.AbstractProblemLoader Creating init config 
441644     DEBUG main            d.u.i.k.p.i.AbstractProblemLoader Init config took 2.55s 
441679     INFO  main            d.u.i.k.p.i.AbstractProblemLoader Replaying proof Matrix22[Matrix22::strassen(Matrix22,Matrix22)].JML normal_behavior operation contract.0 
441681     DEBUG main            d.u.i.k.p.i.IntermediateProofReplayer Proof replay took 3.2ns 
446385     INFO  main            d.u.i.k.p.r.p.TestFile    ... finished proof: closed. 
446994     INFO  main            d.u.i.k.p.i.AbstractProblemLoader Loading environment from /home/runner/work/key/key/key.core/../key.ui/examples/standard_key/java_dl/strassen/strassen.key.proof 
446995     DEBUG main            d.u.i.k.p.i.AbstractProblemLoader Environment load took 347.01ns 
446996     INFO  main            d.u.i.k.p.i.AbstractProblemLoader Creating init config 
449471     DEBUG main            d.u.i.k.p.i.AbstractProblemLoader Init config took 2.47s 
449504     INFO  main            d.u.i.k.p.i.AbstractProblemLoader Replaying proof Matrix22[Matrix22::strassen(Matrix22,Matrix22)].JML normal_behavior operation contract.0 
450247     DEBUG main            d.u.i.k.p.i.IntermediateProofReplayer Proof replay took 731.5ms 
450248     DEBUG main            d.u.i.k.p.r.p.TestFile    ... success: reloaded. 
450249     INFO  main            d.u.i.k.p.r.p.TestFile    Now processing file /home/runner/work/key/key/key.core/../key.ui/examples/standard_key/java_dl/symmArray.key 
450250     INFO  main            d.u.i.k.p.i.AbstractProblemLoader Loading environment from /home/runner/work/key/key/key.core/../key.ui/examples/standard_key/java_dl/symmArray.key 
450250     DEBUG main            d.u.i.k.p.i.AbstractProblemLoader Environment load took 108ns 
450253     INFO  main            d.u.i.k.p.i.AbstractProblemLoader Creating init config 
452796     DEBUG main            d.u.i.k.p.i.AbstractProblemLoader Init config took 2.54s 
452811     INFO  main            d.u.i.k.p.i.AbstractProblemLoader Replaying proof symmArray.key 
452812     DEBUG main            d.u.i.k.p.i.IntermediateProofReplayer Proof replay took 3.1ns 
539696     INFO  main            d.u.i.k.p.r.p.TestFile    ... finished proof: closed. 
540292     INFO  main            d.u.i.k.p.i.AbstractProblemLoader Loading environment from /home/runner/work/key/key/key.core/../key.ui/examples/standard_key/java_dl/symmArray.key.proof 
540292     DEBUG main            d.u.i.k.p.i.AbstractProblemLoader Environment load took 372.81ns 
540298     INFO  main            d.u.i.k.p.i.AbstractProblemLoader Creating init config 
542757     DEBUG main            d.u.i.k.p.i.AbstractProblemLoader Init config took 2.46s 
542773     INFO  main            d.u.i.k.p.i.AbstractProblemLoader Replaying proof symmArray.key.proof 
543923     DEBUG main            d.u.i.k.p.i.IntermediateProofReplayer Proof replay took 1.09s 
543930     DEBUG main            d.u.i.k.p.r.p.TestFile    ... success: reloaded. 
543931     INFO  main            d.u.i.k.p.r.p.TestFile    Now processing file /home/runner/work/key/key/key.core/../key.ui/examples/standard_key/java_dl/testcontext.key 
543932     INFO  main            d.u.i.k.p.i.AbstractProblemLoader Loading environment from /home/runner/work/key/key/key.core/../key.ui/examples/standard_key/java_dl/testcontext.key 
543932     DEBUG main            d.u.i.k.p.i.AbstractProblemLoader Environment load took 159.4ns 
543933     INFO  main            d.u.i.k.p.i.AbstractProblemLoader Creating init config 
543952     WARN  main            d.u.i.k.j.r.KeYCrossReferenceNameInfo Datatype java.io.InputStream declared twice: Once in FILE:/home/runner/work/key/key/key.core/../key.ui/examples/standard_key/java_dl/classpath/InputStream.java and once in URL:file:/home/runner/work/key/key/key.core/build/resources/main/de/uka/ilkd/key/java/JavaRedux/java/io/InputStream.java, Keeping one from URL:file:/home/runner/work/key/key/key.core/build/resources/main/de/uka/ilkd/key/java/JavaRedux/java/io/InputStream.java 
543953     WARN  main            d.u.i.k.j.r.KeYCrossReferenceNameInfo Datatype java.lang.System declared twice: Once in FILE:/home/runner/work/key/key/key.core/../key.ui/examples/standard_key/java_dl/classpath/System.java and once in URL:file:/home/runner/work/key/key/key.core/build/resources/main/de/uka/ilkd/key/java/JavaRedux/java/lang/System.java, Keeping one from URL:file:/home/runner/work/key/key/key.core/build/resources/main/de/uka/ilkd/key/java/JavaRedux/java/lang/System.java 
543953     WARN  main            d.u.i.k.j.r.KeYCrossReferenceNameInfo Datatype java.io.PrintStream declared twice: Once in FILE:/home/runner/work/key/key/key.core/../key.ui/examples/standard_key/java_dl/classpath/PrintStream.java and once in URL:file:/home/runner/work/key/key/key.core/build/resources/main/de/uka/ilkd/key/java/JavaRedux/java/io/PrintStream.java, Keeping one from URL:file:/home/runner/work/key/key/key.core/build/resources/main/de/uka/ilkd/key/java/JavaRedux/java/io/PrintStream.java 
543956     DEBUG main            d.u.i.k.j.r.ClassFileDeclarationBuilder Parsing: package java.io; public class Closeable { } 
543956     DEBUG main            r.s.KeYCrossReferenceSourceInfo Dynamically created class: java.io.Closeable 
546349     DEBUG main            d.u.i.k.p.i.AbstractProblemLoader Init config took 2.42s 
546363     INFO  main            d.u.i.k.p.i.AbstractProblemLoader Replaying proof testcontext.key 
546365     DEBUG main            d.u.i.k.p.i.IntermediateProofReplayer Proof replay took 2.6ns 
546667     INFO  main            d.u.i.k.p.r.p.TestFile    ... finished proof: closed. 
547287     INFO  main            d.u.i.k.p.i.AbstractProblemLoader Loading environment from /home/runner/work/key/key/key.core/../key.ui/examples/standard_key/java_dl/testcontext.key.proof 
547287     DEBUG main            d.u.i.k.p.i.AbstractProblemLoader Environment load took 86.1ns 
547288     INFO  main            d.u.i.k.p.i.AbstractProblemLoader Creating init config 
547308     WARN  main            d.u.i.k.j.r.KeYCrossReferenceNameInfo Datatype java.io.InputStream declared twice: Once in FILE:/home/runner/work/key/key/key.core/../key.ui/examples/standard_key/java_dl/classpath/InputStream.java and once in URL:file:/home/runner/work/key/key/key.core/build/resources/main/de/uka/ilkd/key/java/JavaRedux/java/io/InputStream.java, Keeping one from URL:file:/home/runner/work/key/key/key.core/build/resources/main/de/uka/ilkd/key/java/JavaRedux/java/io/InputStream.java 
547309     WARN  main            d.u.i.k.j.r.KeYCrossReferenceNameInfo Datatype java.lang.System declared twice: Once in FILE:/home/runner/work/key/key/key.core/../key.ui/examples/standard_key/java_dl/classpath/System.java and once in URL:file:/home/runner/work/key/key/key.core/build/resources/main/de/uka/ilkd/key/java/JavaRedux/java/lang/System.java, Keeping one from URL:file:/home/runner/work/key/key/key.core/build/resources/main/de/uka/ilkd/key/java/JavaRedux/java/lang/System.java 
547309     WARN  main            d.u.i.k.j.r.KeYCrossReferenceNameInfo Datatype java.io.PrintStream declared twice: Once in FILE:/home/runner/work/key/key/key.core/../key.ui/examples/standard_key/java_dl/classpath/PrintStream.java and once in URL:file:/home/runner/work/key/key/key.core/build/resources/main/de/uka/ilkd/key/java/JavaRedux/java/io/PrintStream.java, Keeping one from URL:file:/home/runner/work/key/key/key.core/build/resources/main/de/uka/ilkd/key/java/JavaRedux/java/io/PrintStream.java 
547312     DEBUG main            d.u.i.k.j.r.ClassFileDeclarationBuilder Parsing: package java.io; public class Closeable { } 
547312     DEBUG main            r.s.KeYCrossReferenceSourceInfo Dynamically created class: java.io.Closeable 
549674     DEBUG main            d.u.i.k.p.i.AbstractProblemLoader Init config took 2.39s 
549687     INFO  main            d.u.i.k.p.i.AbstractProblemLoader Replaying proof testcontext.key.proof 
549741     DEBUG main            d.u.i.k.p.i.IntermediateProofReplayer Proof replay took 51.5ms 
549743     DEBUG main            d.u.i.k.p.r.p.TestFile    ... success: reloaded. 
549743     INFO  main            d.u.i.k.p.r.p.TestFile    Now processing file /home/runner/work/key/key/key.core/../key.ui/examples/standard_key/staticInitialisation/cascadeStaticInitialisation.key 
549743     INFO  main            d.u.i.k.p.i.AbstractProblemLoader Loading environment from /home/runner/work/key/key/key.core/../key.ui/examples/standard_key/staticInitialisation/cascadeStaticInitialisation.key 
549743     DEBUG main            d.u.i.k.p.i.AbstractProblemLoader Environment load took 48.8ns 
549746     INFO  main            d.u.i.k.p.i.AbstractProblemLoader Creating init config 
549765     WARN  main            d.u.i.k.j.r.KeYCrossReferenceNameInfo Datatype java.lang.System declared twice: Once in FILE:/home/runner/work/key/key/key.core/../key.ui/examples/standard_key/staticInitialisation/classpath/System.java and once in URL:file:/home/runner/work/key/key/key.core/build/resources/main/de/uka/ilkd/key/java/JavaRedux/java/lang/System.java, Keeping one from URL:file:/home/runner/work/key/key/key.core/build/resources/main/de/uka/ilkd/key/java/JavaRedux/java/lang/System.java 
549765     WARN  main            d.u.i.k.j.r.KeYCrossReferenceNameInfo Datatype java.io.PrintStream declared twice: Once in FILE:/home/runner/work/key/key/key.core/../key.ui/examples/standard_key/staticInitialisation/classpath/PrintStream.java and once in URL:file:/home/runner/work/key/key/key.core/build/resources/main/de/uka/ilkd/key/java/JavaRedux/java/io/PrintStream.java, Keeping one from URL:file:/home/runner/work/key/key/key.core/build/resources/main/de/uka/ilkd/key/java/JavaRedux/java/io/PrintStream.java 
552290     DEBUG main            d.u.i.k.p.i.AbstractProblemLoader Init config took 2.54s 
552305     INFO  main            d.u.i.k.p.i.AbstractProblemLoader Replaying proof cascadeStaticInitialisation.key 
552307     DEBUG main            d.u.i.k.p.i.IntermediateProofReplayer Proof replay took 3.9ns 
553019     INFO  main            d.u.i.k.p.r.p.TestFile    ... finished proof: closed. 
553549     INFO  main            d.u.i.k.p.i.AbstractProblemLoader Loading environment from /home/runner/work/key/key/key.core/../key.ui/examples/standard_key/staticInitialisation/cascadeStaticInitialisation.key.proof 
553549     DEBUG main            d.u.i.k.p.i.AbstractProblemLoader Environment load took 85.1ns 
553550     INFO  main            d.u.i.k.p.i.AbstractProblemLoader Creating init config 
553573     WARN  main            d.u.i.k.j.r.KeYCrossReferenceNameInfo Datatype java.lang.System declared twice: Once in FILE:/home/runner/work/key/key/key.core/../key.ui/examples/standard_key/staticInitialisation/classpath/System.java and once in URL:file:/home/runner/work/key/key/key.core/build/resources/main/de/uka/ilkd/key/java/JavaRedux/java/lang/System.java, Keeping one from URL:file:/home/runner/work/key/key/key.core/build/resources/main/de/uka/ilkd/key/java/JavaRedux/java/lang/System.java 
553574     WARN  main            d.u.i.k.j.r.KeYCrossReferenceNameInfo Datatype java.io.PrintStream declared twice: Once in FILE:/home/runner/work/key/key/key.core/../key.ui/examples/standard_key/staticInitialisation/classpath/PrintStream.java and once in URL:file:/home/runner/work/key/key/key.core/build/resources/main/de/uka/ilkd/key/java/JavaRedux/java/io/PrintStream.java, Keeping one from URL:file:/home/runner/work/key/key/key.core/build/resources/main/de/uka/ilkd/key/java/JavaRedux/java/io/PrintStream.java 
555939     DEBUG main            d.u.i.k.p.i.AbstractProblemLoader Init config took 2.39s 
555954     INFO  main            d.u.i.k.p.i.AbstractProblemLoader Replaying proof cascadeStaticInitialisation.key.proof 
556096     DEBUG main            d.u.i.k.p.i.IntermediateProofReplayer Proof replay took 139.94ms 
556098     DEBUG main            d.u.i.k.p.r.p.TestFile    ... success: reloaded. 
556098     INFO  main            d.u.i.k.p.r.p.TestFile    Now processing file /home/runner/work/key/key/key.core/../key.ui/examples/standard_key/staticInitialisation/erroneousClassImpliesErroneousSubclass.key 
556098     INFO  main            d.u.i.k.p.i.AbstractProblemLoader Loading environment from /home/runner/work/key/key/key.core/../key.ui/examples/standard_key/staticInitialisation/erroneousClassImpliesErroneousSubclass.key 
556098     DEBUG main            d.u.i.k.p.i.AbstractProblemLoader Environment load took 46.5ns 
556099     INFO  main            d.u.i.k.p.i.AbstractProblemLoader Creating init config 
556119     WARN  main            d.u.i.k.j.r.KeYCrossReferenceNameInfo Datatype java.lang.System declared twice: Once in FILE:/home/runner/work/key/key/key.core/../key.ui/examples/standard_key/staticInitialisation/classpath/System.java and once in URL:file:/home/runner/work/key/key/key.core/build/resources/main/de/uka/ilkd/key/java/JavaRedux/java/lang/System.java, Keeping one from URL:file:/home/runner/work/key/key/key.core/build/resources/main/de/uka/ilkd/key/java/JavaRedux/java/lang/System.java 
556119     WARN  main            d.u.i.k.j.r.KeYCrossReferenceNameInfo Datatype java.io.PrintStream declared twice: Once in FILE:/home/runner/work/key/key/key.core/../key.ui/examples/standard_key/staticInitialisation/classpath/PrintStream.java and once in URL:file:/home/runner/work/key/key/key.core/build/resources/main/de/uka/ilkd/key/java/JavaRedux/java/io/PrintStream.java, Keeping one from URL:file:/home/runner/work/key/key/key.core/build/resources/main/de/uka/ilkd/key/java/JavaRedux/java/io/PrintStream.java 
558595     DEBUG main            d.u.i.k.p.i.AbstractProblemLoader Init config took 2.5s 
558608     INFO  main            d.u.i.k.p.i.AbstractProblemLoader Replaying proof erroneousClassImpliesErroneousSubclass.key 
558609     DEBUG main            d.u.i.k.p.i.IntermediateProofReplayer Proof replay took 2.7ns 
558711     INFO  main            d.u.i.k.p.r.p.TestFile    ... finished proof: closed. 
559248     INFO  main            d.u.i.k.p.i.AbstractProblemLoader Loading environment from /home/runner/work/key/key/key.core/../key.ui/examples/standard_key/staticInitialisation/erroneousClassImpliesErroneousSubclass.key.proof 
559248     DEBUG main            d.u.i.k.p.i.AbstractProblemLoader Environment load took 82.4ns 
559249     INFO  main            d.u.i.k.p.i.AbstractProblemLoader Creating init config 
559268     WARN  main            d.u.i.k.j.r.KeYCrossReferenceNameInfo Datatype java.lang.System declared twice: Once in FILE:/home/runner/work/key/key/key.core/../key.ui/examples/standard_key/staticInitialisation/classpath/System.java and once in URL:file:/home/runner/work/key/key/key.core/build/resources/main/de/uka/ilkd/key/java/JavaRedux/java/lang/System.java, Keeping one from URL:file:/home/runner/work/key/key/key.core/build/resources/main/de/uka/ilkd/key/java/JavaRedux/java/lang/System.java 
559269     WARN  main            d.u.i.k.j.r.KeYCrossReferenceNameInfo Datatype java.io.PrintStream declared twice: Once in FILE:/home/runner/work/key/key/key.core/../key.ui/examples/standard_key/staticInitialisation/classpath/PrintStream.java and once in URL:file:/home/runner/work/key/key/key.core/build/resources/main/de/uka/ilkd/key/java/JavaRedux/java/io/PrintStream.java, Keeping one from URL:file:/home/runner/work/key/key/key.core/build/resources/main/de/uka/ilkd/key/java/JavaRedux/java/io/PrintStream.java 
561710     DEBUG main            d.u.i.k.p.i.AbstractProblemLoader Init config took 2.46s 
561723     INFO  main            d.u.i.k.p.i.AbstractProblemLoader Replaying proof erroneousClassImpliesErroneousSubclass.key.proof 
561725     DEBUG main            d.u.i.k.p.i.IntermediateProofReplayer Proof replay took 479.11ns 
561726     DEBUG main            d.u.i.k.p.r.p.TestFile    ... success: reloaded. 
561726     INFO  main            d.u.i.k.p.r.p.TestFile    Now processing file /home/runner/work/key/key/key.core/../key.ui/examples/standard_key/staticInitialisation/initializedSubclassImpliesInitializedSuperclass.key 
561727     INFO  main            d.u.i.k.p.i.AbstractProblemLoader Loading environment from /home/runner/work/key/key/key.core/../key.ui/examples/standard_key/staticInitialisation/initializedSubclassImpliesInitializedSuperclass.key 
561727     DEBUG main            d.u.i.k.p.i.AbstractProblemLoader Environment load took 58.2ns 
561728     INFO  main            d.u.i.k.p.i.AbstractProblemLoader Creating init config 
561746     WARN  main            d.u.i.k.j.r.KeYCrossReferenceNameInfo Datatype java.lang.System declared twice: Once in FILE:/home/runner/work/key/key/key.core/../key.ui/examples/standard_key/staticInitialisation/classpath/System.java and once in URL:file:/home/runner/work/key/key/key.core/build/resources/main/de/uka/ilkd/key/java/JavaRedux/java/lang/System.java, Keeping one from URL:file:/home/runner/work/key/key/key.core/build/resources/main/de/uka/ilkd/key/java/JavaRedux/java/lang/System.java 
561746     WARN  main            d.u.i.k.j.r.KeYCrossReferenceNameInfo Datatype java.io.PrintStream declared twice: Once in FILE:/home/runner/work/key/key/key.core/../key.ui/examples/standard_key/staticInitialisation/classpath/PrintStream.java and once in URL:file:/home/runner/work/key/key/key.core/build/resources/main/de/uka/ilkd/key/java/JavaRedux/java/io/PrintStream.java, Keeping one from URL:file:/home/runner/work/key/key/key.core/build/resources/main/de/uka/ilkd/key/java/JavaRedux/java/io/PrintStream.java 
564123     DEBUG main            d.u.i.k.p.i.AbstractProblemLoader Init config took 2.4s 
564136     INFO  main            d.u.i.k.p.i.AbstractProblemLoader Replaying proof initializedSubclassImpliesInitializedSuperclass.key 
564137     DEBUG main            d.u.i.k.p.i.IntermediateProofReplayer Proof replay took 3ns 
564239     INFO  main            d.u.i.k.p.r.p.TestFile    ... finished proof: closed. 
564733     INFO  main            d.u.i.k.p.i.AbstractProblemLoader Loading environment from /home/runner/work/key/key/key.core/../key.ui/examples/standard_key/staticInitialisation/initializedSubclassImpliesInitializedSuperclass.key.proof 
564733     DEBUG main            d.u.i.k.p.i.AbstractProblemLoader Environment load took 81.9ns 
564734     INFO  main            d.u.i.k.p.i.AbstractProblemLoader Creating init config 
564753     WARN  main            d.u.i.k.j.r.KeYCrossReferenceNameInfo Datatype java.lang.System declared twice: Once in FILE:/home/runner/work/key/key/key.core/../key.ui/examples/standard_key/staticInitialisation/classpath/System.java and once in URL:file:/home/runner/work/key/key/key.core/build/resources/main/de/uka/ilkd/key/java/JavaRedux/java/lang/System.java, Keeping one from URL:file:/home/runner/work/key/key/key.core/build/resources/main/de/uka/ilkd/key/java/JavaRedux/java/lang/System.java 
564753     WARN  main            d.u.i.k.j.r.KeYCrossReferenceNameInfo Datatype java.io.PrintStream declared twice: Once in FILE:/home/runner/work/key/key/key.core/../key.ui/examples/standard_key/staticInitialisation/classpath/PrintStream.java and once in URL:file:/home/runner/work/key/key/key.core/build/resources/main/de/uka/ilkd/key/java/JavaRedux/java/io/PrintStream.java, Keeping one from URL:file:/home/runner/work/key/key/key.core/build/resources/main/de/uka/ilkd/key/java/JavaRedux/java/io/PrintStream.java 
567110     DEBUG main            d.u.i.k.p.i.AbstractProblemLoader Init config took 2.38s 
567123     INFO  main            d.u.i.k.p.i.AbstractProblemLoader Replaying proof initializedSubclassImpliesInitializedSuperclass.key.proof 
567125     DEBUG main            d.u.i.k.p.i.IntermediateProofReplayer Proof replay took 392.71ns 
567126     DEBUG main            d.u.i.k.p.r.p.TestFile    ... success: reloaded. 
567127     INFO  main            d.u.i.k.p.r.p.TestFile    Now processing file /home/runner/work/key/key/key.core/../key.ui/examples/standard_key/staticInitialisation/localDeclared.key 
567127     INFO  main            d.u.i.k.p.i.AbstractProblemLoader Loading environment from /home/runner/work/key/key/key.core/../key.ui/examples/standard_key/staticInitialisation/localDeclared.key 
567127     DEBUG main            d.u.i.k.p.i.AbstractProblemLoader Environment load took 57ns 
567128     INFO  main            d.u.i.k.p.i.AbstractProblemLoader Creating init config 
567147     WARN  main            d.u.i.k.j.r.KeYCrossReferenceNameInfo Datatype java.lang.System declared twice: Once in FILE:/home/runner/work/key/key/key.core/../key.ui/examples/standard_key/staticInitialisation/classpath/System.java and once in URL:file:/home/runner/work/key/key/key.core/build/resources/main/de/uka/ilkd/key/java/JavaRedux/java/lang/System.java, Keeping one from URL:file:/home/runner/work/key/key/key.core/build/resources/main/de/uka/ilkd/key/java/JavaRedux/java/lang/System.java 
567147     WARN  main            d.u.i.k.j.r.KeYCrossReferenceNameInfo Datatype java.io.PrintStream declared twice: Once in FILE:/home/runner/work/key/key/key.core/../key.ui/examples/standard_key/staticInitialisation/classpath/PrintStream.java and once in URL:file:/home/runner/work/key/key/key.core/build/resources/main/de/uka/ilkd/key/java/JavaRedux/java/io/PrintStream.java, Keeping one from URL:file:/home/runner/work/key/key/key.core/build/resources/main/de/uka/ilkd/key/java/JavaRedux/java/io/PrintStream.java 
569529     DEBUG main            d.u.i.k.p.i.AbstractProblemLoader Init config took 2.4s 
569543     INFO  main            d.u.i.k.p.i.AbstractProblemLoader Replaying proof localDeclared.key 
569544     DEBUG main            d.u.i.k.p.i.IntermediateProofReplayer Proof replay took 3ns 
569847     INFO  main            d.u.i.k.p.r.p.TestFile    ... finished proof: closed. 
570358     INFO  main            d.u.i.k.p.i.AbstractProblemLoader Loading environment from /home/runner/work/key/key/key.core/../key.ui/examples/standard_key/staticInitialisation/localDeclared.key.proof 
570358     DEBUG main            d.u.i.k.p.i.AbstractProblemLoader Environment load took 84.2ns 
570359     INFO  main            d.u.i.k.p.i.AbstractProblemLoader Creating init config 
570383     WARN  main            d.u.i.k.j.r.KeYCrossReferenceNameInfo Datatype java.lang.System declared twice: Once in FILE:/home/runner/work/key/key/key.core/../key.ui/examples/standard_key/staticInitialisation/classpath/System.java and once in URL:file:/home/runner/work/key/key/key.core/build/resources/main/de/uka/ilkd/key/java/JavaRedux/java/lang/System.java, Keeping one from URL:file:/home/runner/work/key/key/key.core/build/resources/main/de/uka/ilkd/key/java/JavaRedux/java/lang/System.java 
570383     WARN  main            d.u.i.k.j.r.KeYCrossReferenceNameInfo Datatype java.io.PrintStream declared twice: Once in FILE:/home/runner/work/key/key/key.core/../key.ui/examples/standard_key/staticInitialisation/classpath/PrintStream.java and once in URL:file:/home/runner/work/key/key/key.core/build/resources/main/de/uka/ilkd/key/java/JavaRedux/java/io/PrintStream.java, Keeping one from URL:file:/home/runner/work/key/key/key.core/build/resources/main/de/uka/ilkd/key/java/JavaRedux/java/io/PrintStream.java 
572756     DEBUG main            d.u.i.k.p.i.AbstractProblemLoader Init config took 2.4s 
572770     INFO  main            d.u.i.k.p.i.AbstractProblemLoader Replaying proof localDeclared.key.proof 
572824     DEBUG main            d.u.i.k.p.i.IntermediateProofReplayer Proof replay took 52.98ms 
572826     DEBUG main            d.u.i.k.p.r.p.TestFile    ... success: reloaded. 
572826     INFO  main            d.u.i.k.p.r.p.TestFile    Now processing file /home/runner/work/key/key/key.core/../key.ui/examples/standard_key/staticInitialisation/localDeclaredMethod.key 
572827     INFO  main            d.u.i.k.p.i.AbstractProblemLoader Loading environment from /home/runner/work/key/key/key.core/../key.ui/examples/standard_key/staticInitialisation/localDeclaredMethod.key 
572827     DEBUG main            d.u.i.k.p.i.AbstractProblemLoader Environment load took 105.6ns 
572828     INFO  main            d.u.i.k.p.i.AbstractProblemLoader Creating init config 
572847     WARN  main            d.u.i.k.j.r.KeYCrossReferenceNameInfo Datatype java.lang.System declared twice: Once in FILE:/home/runner/work/key/key/key.core/../key.ui/examples/standard_key/staticInitialisation/classpath/System.java and once in URL:file:/home/runner/work/key/key/key.core/build/resources/main/de/uka/ilkd/key/java/JavaRedux/java/lang/System.java, Keeping one from URL:file:/home/runner/work/key/key/key.core/build/resources/main/de/uka/ilkd/key/java/JavaRedux/java/lang/System.java 
572847     WARN  main            d.u.i.k.j.r.KeYCrossReferenceNameInfo Datatype java.io.PrintStream declared twice: Once in FILE:/home/runner/work/key/key/key.core/../key.ui/examples/standard_key/staticInitialisation/classpath/PrintStream.java and once in URL:file:/home/runner/work/key/key/key.core/build/resources/main/de/uka/ilkd/key/java/JavaRedux/java/io/PrintStream.java, Keeping one from URL:file:/home/runner/work/key/key/key.core/build/resources/main/de/uka/ilkd/key/java/JavaRedux/java/io/PrintStream.java 
575232     DEBUG main            d.u.i.k.p.i.AbstractProblemLoader Init config took 2.4s 
575246     INFO  main            d.u.i.k.p.i.AbstractProblemLoader Replaying proof localDeclaredMethod.key 
575247     DEBUG main            d.u.i.k.p.i.IntermediateProofReplayer Proof replay took 3.2ns 
575551     INFO  main            d.u.i.k.p.r.p.TestFile    ... finished proof: closed. 
576082     INFO  main            d.u.i.k.p.i.AbstractProblemLoader Loading environment from /home/runner/work/key/key/key.core/../key.ui/examples/standard_key/staticInitialisation/localDeclaredMethod.key.proof 
576083     DEBUG main            d.u.i.k.p.i.AbstractProblemLoader Environment load took 93.3ns 
576084     INFO  main            d.u.i.k.p.i.AbstractProblemLoader Creating init config 
576106     WARN  main            d.u.i.k.j.r.KeYCrossReferenceNameInfo Datatype java.lang.System declared twice: Once in FILE:/home/runner/work/key/key/key.core/../key.ui/examples/standard_key/staticInitialisation/classpath/System.java and once in URL:file:/home/runner/work/key/key/key.core/build/resources/main/de/uka/ilkd/key/java/JavaRedux/java/lang/System.java, Keeping one from URL:file:/home/runner/work/key/key/key.core/build/resources/main/de/uka/ilkd/key/java/JavaRedux/java/lang/System.java 
576107     WARN  main            d.u.i.k.j.r.KeYCrossReferenceNameInfo Datatype java.io.PrintStream declared twice: Once in FILE:/home/runner/work/key/key/key.core/../key.ui/examples/standard_key/staticInitialisation/classpath/PrintStream.java and once in URL:file:/home/runner/work/key/key/key.core/build/resources/main/de/uka/ilkd/key/java/JavaRedux/java/io/PrintStream.java, Keeping one from URL:file:/home/runner/work/key/key/key.core/build/resources/main/de/uka/ilkd/key/java/JavaRedux/java/io/PrintStream.java 
578477     DEBUG main            d.u.i.k.p.i.AbstractProblemLoader Init config took 2.39s 
578490     INFO  main            d.u.i.k.p.i.AbstractProblemLoader Replaying proof localDeclaredMethod.key.proof 
578541     DEBUG main            d.u.i.k.p.i.IntermediateProofReplayer Proof replay took 49.08ms 
578543     DEBUG main            d.u.i.k.p.r.p.TestFile    ... success: reloaded. 
578543     INFO  main            d.u.i.k.p.r.p.TestFile    Now processing file /home/runner/work/key/key/key.core/../key.ui/examples/standard_key/staticInitialisation/objectOfErroneousClass.key 
578544     INFO  main            d.u.i.k.p.i.AbstractProblemLoader Loading environment from /home/runner/work/key/key/key.core/../key.ui/examples/standard_key/staticInitialisation/objectOfErroneousClass.key 
578544     DEBUG main            d.u.i.k.p.i.AbstractProblemLoader Environment load took 89.6ns 
578545     INFO  main            d.u.i.k.p.i.AbstractProblemLoader Creating init config 
578564     WARN  main            d.u.i.k.j.r.KeYCrossReferenceNameInfo Datatype java.lang.System declared twice: Once in FILE:/home/runner/work/key/key/key.core/../key.ui/examples/standard_key/staticInitialisation/classpath/System.java and once in URL:file:/home/runner/work/key/key/key.core/build/resources/main/de/uka/ilkd/key/java/JavaRedux/java/lang/System.java, Keeping one from URL:file:/home/runner/work/key/key/key.core/build/resources/main/de/uka/ilkd/key/java/JavaRedux/java/lang/System.java 
578564     WARN  main            d.u.i.k.j.r.KeYCrossReferenceNameInfo Datatype java.io.PrintStream declared twice: Once in FILE:/home/runner/work/key/key/key.core/../key.ui/examples/standard_key/staticInitialisation/classpath/PrintStream.java and once in URL:file:/home/runner/work/key/key/key.core/build/resources/main/de/uka/ilkd/key/java/JavaRedux/java/io/PrintStream.java, Keeping one from URL:file:/home/runner/work/key/key/key.core/build/resources/main/de/uka/ilkd/key/java/JavaRedux/java/io/PrintStream.java 
580952     DEBUG main            d.u.i.k.p.i.AbstractProblemLoader Init config took 2.41s 
580967     INFO  main            d.u.i.k.p.i.AbstractProblemLoader Replaying proof objectOfErroneousClass.key 
580970     DEBUG main            d.u.i.k.p.i.IntermediateProofReplayer Proof replay took 3.1ns 
593128     INFO  main            d.u.i.k.p.r.p.TestFile    ... finished proof: closed. 
593722     INFO  main            d.u.i.k.p.i.AbstractProblemLoader Loading environment from /home/runner/work/key/key/key.core/../key.ui/examples/standard_key/staticInitialisation/objectOfErroneousClass.key.proof 
593723     DEBUG main            d.u.i.k.p.i.AbstractProblemLoader Environment load took 334.71ns 
593726     INFO  main            d.u.i.k.p.i.AbstractProblemLoader Creating init config 
593745     WARN  main            d.u.i.k.j.r.KeYCrossReferenceNameInfo Datatype java.lang.System declared twice: Once in FILE:/home/runner/work/key/key/key.core/../key.ui/examples/standard_key/staticInitialisation/classpath/System.java and once in URL:file:/home/runner/work/key/key/key.core/build/resources/main/de/uka/ilkd/key/java/JavaRedux/java/lang/System.java, Keeping one from URL:file:/home/runner/work/key/key/key.core/build/resources/main/de/uka/ilkd/key/java/JavaRedux/java/lang/System.java 
593746     WARN  main            d.u.i.k.j.r.KeYCrossReferenceNameInfo Datatype java.io.PrintStream declared twice: Once in FILE:/home/runner/work/key/key/key.core/../key.ui/examples/standard_key/staticInitialisation/classpath/PrintStream.java and once in URL:file:/home/runner/work/key/key/key.core/build/resources/main/de/uka/ilkd/key/java/JavaRedux/java/io/PrintStream.java, Keeping one from URL:file:/home/runner/work/key/key/key.core/build/resources/main/de/uka/ilkd/key/java/JavaRedux/java/io/PrintStream.java 
596107     DEBUG main            d.u.i.k.p.i.AbstractProblemLoader Init config took 2.38s 
596122     INFO  main            d.u.i.k.p.i.AbstractProblemLoader Replaying proof objectOfErroneousClass.key.proof 
598229     DEBUG main            d.u.i.k.p.i.IntermediateProofReplayer Proof replay took 2.08s 
598233     DEBUG main            d.u.i.k.p.r.p.TestFile    ... success: reloaded. 
598234     INFO  main            d.u.i.k.p.r.p.TestFile    Now processing file /home/runner/work/key/key/key.core/../key.ui/examples/standard_key/staticInitialisation/staticInitialisersAreNonSimple.key 
598234     INFO  main            d.u.i.k.p.i.AbstractProblemLoader Loading environment from /home/runner/work/key/key/key.core/../key.ui/examples/standard_key/staticInitialisation/staticInitialisersAreNonSimple.key 
598234     DEBUG main            d.u.i.k.p.i.AbstractProblemLoader Environment load took 65.4ns 
598236     INFO  main            d.u.i.k.p.i.AbstractProblemLoader Creating init config 
598254     WARN  main            d.u.i.k.j.r.KeYCrossReferenceNameInfo Datatype java.lang.System declared twice: Once in FILE:/home/runner/work/key/key/key.core/../key.ui/examples/standard_key/staticInitialisation/classpath/System.java and once in URL:file:/home/runner/work/key/key/key.core/build/resources/main/de/uka/ilkd/key/java/JavaRedux/java/lang/System.java, Keeping one from URL:file:/home/runner/work/key/key/key.core/build/resources/main/de/uka/ilkd/key/java/JavaRedux/java/lang/System.java 
598254     WARN  main            d.u.i.k.j.r.KeYCrossReferenceNameInfo Datatype java.io.PrintStream declared twice: Once in FILE:/home/runner/work/key/key/key.core/../key.ui/examples/standard_key/staticInitialisation/classpath/PrintStream.java and once in URL:file:/home/runner/work/key/key/key.core/build/resources/main/de/uka/ilkd/key/java/JavaRedux/java/io/PrintStream.java, Keeping one from URL:file:/home/runner/work/key/key/key.core/build/resources/main/de/uka/ilkd/key/java/JavaRedux/java/io/PrintStream.java 
600797     DEBUG main            d.u.i.k.p.i.AbstractProblemLoader Init config took 2.56s 
600814     INFO  main            d.u.i.k.p.i.AbstractProblemLoader Replaying proof staticInitialisersAreNonSimple.key 
600815     DEBUG main            d.u.i.k.p.i.IntermediateProofReplayer Proof replay took 2.6ns 
601118     INFO  main            d.u.i.k.p.r.p.TestFile    ... finished proof: closed. 
601742     INFO  main            d.u.i.k.p.i.AbstractProblemLoader Loading environment from /home/runner/work/key/key/key.core/../key.ui/examples/standard_key/staticInitialisation/staticInitialisersAreNonSimple.key.proof 
601742     DEBUG main            d.u.i.k.p.i.AbstractProblemLoader Environment load took 77.9ns 
601744     INFO  main            d.u.i.k.p.i.AbstractProblemLoader Creating init config 
601763     WARN  main            d.u.i.k.j.r.KeYCrossReferenceNameInfo Datatype java.lang.System declared twice: Once in FILE:/home/runner/work/key/key/key.core/../key.ui/examples/standard_key/staticInitialisation/classpath/System.java and once in URL:file:/home/runner/work/key/key/key.core/build/resources/main/de/uka/ilkd/key/java/JavaRedux/java/lang/System.java, Keeping one from URL:file:/home/runner/work/key/key/key.core/build/resources/main/de/uka/ilkd/key/java/JavaRedux/java/lang/System.java 
601763     WARN  main            d.u.i.k.j.r.KeYCrossReferenceNameInfo Datatype java.io.PrintStream declared twice: Once in FILE:/home/runner/work/key/key/key.core/../key.ui/examples/standard_key/staticInitialisation/classpath/PrintStream.java and once in URL:file:/home/runner/work/key/key/key.core/build/resources/main/de/uka/ilkd/key/java/JavaRedux/java/io/PrintStream.java, Keeping one from URL:file:/home/runner/work/key/key/key.core/build/resources/main/de/uka/ilkd/key/java/JavaRedux/java/io/PrintStream.java 
604214     DEBUG main            d.u.i.k.p.i.AbstractProblemLoader Init config took 2.47s 
604228     INFO  main            d.u.i.k.p.i.AbstractProblemLoader Replaying proof staticInitialisersAreNonSimple.key.proof 
604303     DEBUG main            d.u.i.k.p.i.IntermediateProofReplayer Proof replay took 72.6ms 
604305     DEBUG main            d.u.i.k.p.r.p.TestFile    ... success: reloaded. 
604305     INFO  main            d.u.i.k.p.r.p.TestFile    Now processing file /home/runner/work/key/key/key.core/../key.ui/examples/standard_key/types/disjoint.key 
604305     INFO  main            d.u.i.k.p.i.AbstractProblemLoader Loading environment from /home/runner/work/key/key/key.core/../key.ui/examples/standard_key/types/disjoint.key 
604306     DEBUG main            d.u.i.k.p.i.AbstractProblemLoader Environment load took 107.7ns 
604306     INFO  main            d.u.i.k.p.i.AbstractProblemLoader Creating init config 
606683     DEBUG main            d.u.i.k.p.i.AbstractProblemLoader Init config took 2.38s 
606698     INFO  main            d.u.i.k.p.i.AbstractProblemLoader Replaying proof disjoint.key 
606699     DEBUG main            d.u.i.k.p.i.IntermediateProofReplayer Proof replay took 2.3ns 
606801     INFO  main            d.u.i.k.p.r.p.TestFile    ... finished proof: closed. 
607418     INFO  main            d.u.i.k.p.i.AbstractProblemLoader Loading environment from /home/runner/work/key/key/key.core/../key.ui/examples/standard_key/types/disjoint.key.proof 
607418     DEBUG main            d.u.i.k.p.i.AbstractProblemLoader Environment load took 98.9ns 
607419     INFO  main            d.u.i.k.p.i.AbstractProblemLoader Creating init config 
609757     DEBUG main            d.u.i.k.p.i.AbstractProblemLoader Init config took 2.34s 
609770     INFO  main            d.u.i.k.p.i.AbstractProblemLoader Replaying proof disjoint.key.proof 
609771     DEBUG main            d.u.i.k.p.i.IntermediateProofReplayer Proof replay took 488.31ns 
609772     DEBUG main            d.u.i.k.p.r.p.TestFile    ... success: reloaded. 
609773     INFO  main            d.u.i.k.p.r.p.TestFile    Now processing file /home/runner/work/key/key/key.core/../key.ui/examples/../../key.core/src/test/resources/testcase/classpath/classpath.key 
609773     INFO  main            d.u.i.k.p.i.AbstractProblemLoader Loading environment from /home/runner/work/key/key/key.core/../key.ui/examples/../../key.core/src/test/resources/testcase/classpath/classpath.key 
609773     DEBUG main            d.u.i.k.p.i.AbstractProblemLoader Environment load took 120.9ns 
609774     INFO  main            d.u.i.k.p.i.AbstractProblemLoader Creating init config 
609796     WARN  main            d.u.i.k.j.r.KeYCrossReferenceNameInfo Datatype cp.C declared twice: Once in FILE:/home/runner/work/key/key/key.core/../key.ui/examples/../../key.core/src/test/resources/testcase/classpath/classpath/C.class and once in FILE:/home/runner/work/key/key/key.core/../key.ui/examples/../../key.core/src/test/resources/testcase/classpath/classpath/C.jml, Keeping one from FILE:/home/runner/work/key/key/key.core/../key.ui/examples/../../key.core/src/test/resources/testcase/classpath/classpath/C.jml 
609798     DEBUG main            d.u.i.k.j.r.ClassFileDeclarationBuilder Parsing: package cp; public class Unresolved1 { } 
609799     DEBUG main            r.s.KeYCrossReferenceSourceInfo Dynamically created class: cp.Unresolved1 
609799     DEBUG main            d.u.i.k.j.r.ClassFileDeclarationBuilder Parsing: package cp; public class Unresolved2 { } 
609799     DEBUG main            r.s.KeYCrossReferenceSourceInfo Dynamically created class: cp.Unresolved2 
612287     DEBUG main            d.u.i.k.p.i.AbstractProblemLoader Init config took 2.51s 
612302     INFO  main            d.u.i.k.p.i.AbstractProblemLoader Replaying proof classpath.key 
612303     DEBUG main            d.u.i.k.p.i.IntermediateProofReplayer Proof replay took 2.4ns 
612405     INFO  main            d.u.i.k.p.r.p.TestFile    ... finished proof: closed. 
612949     INFO  main            d.u.i.k.p.i.AbstractProblemLoader Loading environment from /home/runner/work/key/key/key.core/../key.ui/examples/../../key.core/src/test/resources/testcase/classpath/classpath.key.proof 
612949     DEBUG main            d.u.i.k.p.i.AbstractProblemLoader Environment load took 108.51ns 
612950     INFO  main            d.u.i.k.p.i.AbstractProblemLoader Creating init config 
612974     WARN  main            d.u.i.k.j.r.KeYCrossReferenceNameInfo Datatype cp.C declared twice: Once in FILE:/home/runner/work/key/key/key.core/../key.ui/examples/../../key.core/src/test/resources/testcase/classpath/classpath/C.class and once in FILE:/home/runner/work/key/key/key.core/../key.ui/examples/../../key.core/src/test/resources/testcase/classpath/classpath/C.jml, Keeping one from FILE:/home/runner/work/key/key/key.core/../key.ui/examples/../../key.core/src/test/resources/testcase/classpath/classpath/C.jml 
612978     DEBUG main            d.u.i.k.j.r.ClassFileDeclarationBuilder Parsing: package cp; public class Unresolved1 { } 
612978     DEBUG main            r.s.KeYCrossReferenceSourceInfo Dynamically created class: cp.Unresolved1 
612979     DEBUG main            d.u.i.k.j.r.ClassFileDeclarationBuilder Parsing: package cp; public class Unresolved2 { } 
612979     DEBUG main            r.s.KeYCrossReferenceSourceInfo Dynamically created class: cp.Unresolved2 
615428     DEBUG main            d.u.i.k.p.i.AbstractProblemLoader Init config took 2.48s 
615443     INFO  main            d.u.i.k.p.i.AbstractProblemLoader Replaying proof classpath.key.proof 
615446     DEBUG main            d.u.i.k.p.i.IntermediateProofReplayer Proof replay took 527.71ns 
615447     DEBUG main            d.u.i.k.p.r.p.TestFile    ... success: reloaded. 
615448     INFO  main            d.u.i.k.p.r.p.TestFile    Now processing file /home/runner/work/key/key/key.core/../key.ui/examples/heap/inconsistent_represents/MyClass_m.key 
615448     INFO  main            d.u.i.k.p.i.AbstractProblemLoader Loading environment from /home/runner/work/key/key/key.core/../key.ui/examples/heap/inconsistent_represents/MyClass_m.key 
615448     DEBUG main            d.u.i.k.p.i.AbstractProblemLoader Environment load took 72.5ns 
615449     INFO  main            d.u.i.k.p.i.AbstractProblemLoader Creating init config 
617915     DEBUG main            d.u.i.k.p.i.AbstractProblemLoader Init config took 2.47s 
617949     INFO  main            d.u.i.k.p.i.AbstractProblemLoader Replaying proof MyClass[MyClass::m()].JML operation contract.0 
617951     DEBUG main            d.u.i.k.p.i.IntermediateProofReplayer Proof replay took 3ns 
618053     INFO  main            d.u.i.k.p.r.p.TestFile    ... finished proof: open goal(s) 
618607     INFO  main            d.u.i.k.p.r.p.TestFile    Now processing file /home/runner/work/key/key/key.core/../key.ui/examples/heap/inconsistent_represents/MyClass_n.key 
618608     INFO  main            d.u.i.k.p.i.AbstractProblemLoader Loading environment from /home/runner/work/key/key/key.core/../key.ui/examples/heap/inconsistent_represents/MyClass_n.key 
618608     DEBUG main            d.u.i.k.p.i.AbstractProblemLoader Environment load took 52.1ns 
618608     INFO  main            d.u.i.k.p.i.AbstractProblemLoader Creating init config 
621029     DEBUG main            d.u.i.k.p.i.AbstractProblemLoader Init config took 2.42s 
621062     INFO  main            d.u.i.k.p.i.AbstractProblemLoader Replaying proof MyClass[MyClass::n()].JML operation contract.0 
621063     DEBUG main            d.u.i.k.p.i.IntermediateProofReplayer Proof replay took 3.4ns 
621165     INFO  main            d.u.i.k.p.r.p.TestFile    ... finished proof: open goal(s) 
3535383    INFO  Test worker     d.u.i.k.p.r.RunAllProofsTestUnit Returning from test javadl 
3535384    INFO  Test worker     d.u.i.k.p.r.RunAllProofsTestUnit Running test FOL 
334        INFO  Timeout watchdog d.u.i.k.p.r.p.ForkedTestFileRunner Timeout watcher launched (2000 secs.) 
340        WARN  main            d.u.i.k.s.ProofSettings   The settings in /home/runner/.key/proof-settings.props are *not* read. 
368        INFO  main            d.u.i.k.p.r.p.TestFile    Now processing file /home/runner/work/key/key/key.core/../key.ui/examples/standard_key/pred_log/count.key 
486        INFO  main            d.u.i.k.p.i.AbstractProblemLoader Loading environment from /home/runner/work/key/key/key.core/../key.ui/examples/standard_key/pred_log/count.key 
503        DEBUG main            d.u.i.k.p.i.AbstractProblemLoader Environment load took 1.93ms 
757        INFO  main            d.u.i.k.p.i.AbstractProblemLoader Creating init config 
1819       DEBUG main            d.u.i.k.j.TypeConverter   No LDT found for Meta 
1820       DEBUG main            d.u.i.k.j.TypeConverter   No LDT found for Meta 
1823       DEBUG main            d.u.i.k.j.TypeConverter   No LDT found for Meta 
1823       DEBUG main            d.u.i.k.j.TypeConverter   No LDT found for Meta 
3357       DEBUG main            d.u.i.k.j.TypeConverter   No LDT found for JavaBigintExpression 
7951       DEBUG main            d.u.i.k.p.i.AbstractProblemLoader Init config took 7.19s 
8011       INFO  main            d.u.i.k.p.i.AbstractProblemLoader Replaying proof count.key 
8044       DEBUG main            d.u.i.k.p.i.IntermediateProofReplayer Proof replay took 34.9ns 
8324       INFO  main            d.u.i.k.p.r.p.TestFile    ... finished proof: closed. 
8419       INFO  main            d.u.i.k.p.i.AbstractProblemLoader Loading environment from /home/runner/work/key/key/key.core/../key.ui/examples/standard_key/pred_log/count.key.proof 
8421       DEBUG main            d.u.i.k.p.i.AbstractProblemLoader Environment load took 1.57ms 
8426       INFO  main            d.u.i.k.p.i.AbstractProblemLoader Creating init config 
11094      DEBUG main            d.u.i.k.p.i.AbstractProblemLoader Init config took 2.67s 
11136      INFO  main            d.u.i.k.p.i.AbstractProblemLoader Replaying proof count.key.proof 
11149      DEBUG main            d.u.i.k.p.i.IntermediateProofReplayer Proof replay took 7.9ms 
11160      DEBUG main            d.u.i.k.p.r.p.TestFile    ... success: reloaded. 
11161      INFO  main            d.u.i.k.p.r.p.TestFile    Now processing file /home/runner/work/key/key/key.core/../key.ui/examples/standard_key/pred_log/count2.key 
11161      INFO  main            d.u.i.k.p.i.AbstractProblemLoader Loading environment from /home/runner/work/key/key/key.core/../key.ui/examples/standard_key/pred_log/count2.key 
11162      DEBUG main            d.u.i.k.p.i.AbstractProblemLoader Environment load took 202.2ns 
11163      INFO  main            d.u.i.k.p.i.AbstractProblemLoader Creating init config 
13695      DEBUG main            d.u.i.k.p.i.AbstractProblemLoader Init config took 2.53s 
13724      INFO  main            d.u.i.k.p.i.AbstractProblemLoader Replaying proof count2.key 
13726      DEBUG main            d.u.i.k.p.i.IntermediateProofReplayer Proof replay took 6.2ns 
13830      INFO  main            d.u.i.k.p.r.p.TestFile    ... finished proof: closed. 
13962      INFO  main            d.u.i.k.p.i.AbstractProblemLoader Loading environment from /home/runner/work/key/key/key.core/../key.ui/examples/standard_key/pred_log/count2.key.proof 
13963      DEBUG main            d.u.i.k.p.i.AbstractProblemLoader Environment load took 137.4ns 
13965      INFO  main            d.u.i.k.p.i.AbstractProblemLoader Creating init config 
16453      DEBUG main            d.u.i.k.p.i.AbstractProblemLoader Init config took 2.49s 
16478      INFO  main            d.u.i.k.p.i.AbstractProblemLoader Replaying proof count2.key.proof 
16485      DEBUG main            d.u.i.k.p.i.IntermediateProofReplayer Proof replay took 3.57ms 
16486      DEBUG main            d.u.i.k.p.r.p.TestFile    ... success: reloaded. 
16486      INFO  main            d.u.i.k.p.r.p.TestFile    Now processing file /home/runner/work/key/key/key.core/../key.ui/examples/standard_key/pred_log/count3.key 
16487      INFO  main            d.u.i.k.p.i.AbstractProblemLoader Loading environment from /home/runner/work/key/key/key.core/../key.ui/examples/standard_key/pred_log/count3.key 
16487      DEBUG main            d.u.i.k.p.i.AbstractProblemLoader Environment load took 127.8ns 
16488      INFO  main            d.u.i.k.p.i.AbstractProblemLoader Creating init config 
18929      DEBUG main            d.u.i.k.p.i.AbstractProblemLoader Init config took 2.44s 
18951      INFO  main            d.u.i.k.p.i.AbstractProblemLoader Replaying proof count3.key 
18953      DEBUG main            d.u.i.k.p.i.IntermediateProofReplayer Proof replay took 6.3ns 
19059      INFO  main            d.u.i.k.p.r.p.TestFile    ... finished proof: closed. 
19194      INFO  main            d.u.i.k.p.i.AbstractProblemLoader Loading environment from /home/runner/work/key/key/key.core/../key.ui/examples/standard_key/pred_log/count3.key.proof 
19194      DEBUG main            d.u.i.k.p.i.AbstractProblemLoader Environment load took 126.4ns 
19203      INFO  main            d.u.i.k.p.i.AbstractProblemLoader Creating init config 
21640      DEBUG main            d.u.i.k.p.i.AbstractProblemLoader Init config took 2.44s 
21661      INFO  main            d.u.i.k.p.i.AbstractProblemLoader Replaying proof count3.key.proof 
21666      DEBUG main            d.u.i.k.p.i.IntermediateProofReplayer Proof replay took 2.99ms 
21667      DEBUG main            d.u.i.k.p.r.p.TestFile    ... success: reloaded. 
21668      INFO  main            d.u.i.k.p.r.p.TestFile    Now processing file /home/runner/work/key/key/key.core/../key.ui/examples/standard_key/pred_log/equalities.key 
21668      INFO  main            d.u.i.k.p.i.AbstractProblemLoader Loading environment from /home/runner/work/key/key/key.core/../key.ui/examples/standard_key/pred_log/equalities.key 
21669      DEBUG main            d.u.i.k.p.i.AbstractProblemLoader Environment load took 194ns 
21670      INFO  main            d.u.i.k.p.i.AbstractProblemLoader Creating init config 
24110      DEBUG main            d.u.i.k.p.i.AbstractProblemLoader Init config took 2.44s 
24132      INFO  main            d.u.i.k.p.i.AbstractProblemLoader Replaying proof equalities.key 
24135      DEBUG main            d.u.i.k.p.i.IntermediateProofReplayer Proof replay took 7.3ns 
24238      INFO  main            d.u.i.k.p.r.p.TestFile    ... finished proof: closed. 
24377      INFO  main            d.u.i.k.p.i.AbstractProblemLoader Loading environment from /home/runner/work/key/key/key.core/../key.ui/examples/standard_key/pred_log/equalities.key.proof 
24377      DEBUG main            d.u.i.k.p.i.AbstractProblemLoader Environment load took 129.5ns 
24378      INFO  main            d.u.i.k.p.i.AbstractProblemLoader Creating init config 
26765      DEBUG main            d.u.i.k.p.i.AbstractProblemLoader Init config took 2.39s 
26784      INFO  main            d.u.i.k.p.i.AbstractProblemLoader Replaying proof equalities.key.proof 
26787      DEBUG main            d.u.i.k.p.i.IntermediateProofReplayer Proof replay took 1.62ms 
26790      DEBUG main            d.u.i.k.p.r.p.TestFile    ... success: reloaded. 
26792      INFO  main            d.u.i.k.p.r.p.TestFile    Now processing file /home/runner/work/key/key/key.core/../key.ui/examples/standard_key/pred_log/equalities2.key 
26792      INFO  main            d.u.i.k.p.i.AbstractProblemLoader Loading environment from /home/runner/work/key/key/key.core/../key.ui/examples/standard_key/pred_log/equalities2.key 
26793      DEBUG main            d.u.i.k.p.i.AbstractProblemLoader Environment load took 215.9ns 
26795      INFO  main            d.u.i.k.p.i.AbstractProblemLoader Creating init config 
29193      DEBUG main            d.u.i.k.p.i.AbstractProblemLoader Init config took 2.4s 
29212      INFO  main            d.u.i.k.p.i.AbstractProblemLoader Replaying proof equalities2.key 
29214      DEBUG main            d.u.i.k.p.i.IntermediateProofReplayer Proof replay took 8.3ns 
29318      INFO  main            d.u.i.k.p.r.p.TestFile    ... finished proof: closed. 
29472      INFO  main            d.u.i.k.p.i.AbstractProblemLoader Loading environment from /home/runner/work/key/key/key.core/../key.ui/examples/standard_key/pred_log/equalities2.key.proof 
29473      DEBUG main            d.u.i.k.p.i.AbstractProblemLoader Environment load took 977.72ns 
29474      INFO  main            d.u.i.k.p.i.AbstractProblemLoader Creating init config 
31828      DEBUG main            d.u.i.k.p.i.AbstractProblemLoader Init config took 2.35s 
31849      INFO  main            d.u.i.k.p.i.AbstractProblemLoader Replaying proof equalities2.key.proof 
31857      DEBUG main            d.u.i.k.p.i.IntermediateProofReplayer Proof replay took 6.18ms 
31859      DEBUG main            d.u.i.k.p.r.p.TestFile    ... success: reloaded. 
31860      INFO  main            d.u.i.k.p.r.p.TestFile    Now processing file /home/runner/work/key/key/key.core/../key.ui/examples/standard_key/pred_log/equalities3.key 
31861      INFO  main            d.u.i.k.p.i.AbstractProblemLoader Loading environment from /home/runner/work/key/key/key.core/../key.ui/examples/standard_key/pred_log/equalities3.key 
31861      DEBUG main            d.u.i.k.p.i.AbstractProblemLoader Environment load took 459.51ns 
31862      INFO  main            d.u.i.k.p.i.AbstractProblemLoader Creating init config 
34241      DEBUG main            d.u.i.k.p.i.AbstractProblemLoader Init config took 2.38s 
34259      INFO  main            d.u.i.k.p.i.AbstractProblemLoader Replaying proof equalities3.key 
34260      DEBUG main            d.u.i.k.p.i.IntermediateProofReplayer Proof replay took 7.1ns 
34365      INFO  main            d.u.i.k.p.r.p.TestFile    ... finished proof: closed. 
34514      INFO  main            d.u.i.k.p.i.AbstractProblemLoader Loading environment from /home/runner/work/key/key/key.core/../key.ui/examples/standard_key/pred_log/equalities3.key.proof 
34514      DEBUG main            d.u.i.k.p.i.AbstractProblemLoader Environment load took 123.7ns 
34515      INFO  main            d.u.i.k.p.i.AbstractProblemLoader Creating init config 
36827      DEBUG main            d.u.i.k.p.i.AbstractProblemLoader Init config took 2.31s 
36845      INFO  main            d.u.i.k.p.i.AbstractProblemLoader Replaying proof equalities3.key.proof 
36854      DEBUG main            d.u.i.k.p.i.IntermediateProofReplayer Proof replay took 7.57ms 
36855      DEBUG main            d.u.i.k.p.r.p.TestFile    ... success: reloaded. 
36856      INFO  main            d.u.i.k.p.r.p.TestFile    Now processing file /home/runner/work/key/key/key.core/../key.ui/examples/standard_key/pred_log/functions.key 
36856      INFO  main            d.u.i.k.p.i.AbstractProblemLoader Loading environment from /home/runner/work/key/key/key.core/../key.ui/examples/standard_key/pred_log/functions.key 
36857      DEBUG main            d.u.i.k.p.i.AbstractProblemLoader Environment load took 194ns 
36858      INFO  main            d.u.i.k.p.i.AbstractProblemLoader Creating init config 
39232      DEBUG main            d.u.i.k.p.i.AbstractProblemLoader Init config took 2.37s 
39249      INFO  main            d.u.i.k.p.i.AbstractProblemLoader Replaying proof functions.key 
39251      DEBUG main            d.u.i.k.p.i.IntermediateProofReplayer Proof replay took 6.2ns 
39353      INFO  main            d.u.i.k.p.r.p.TestFile    ... finished proof: closed. 
39505      INFO  main            d.u.i.k.p.i.AbstractProblemLoader Loading environment from /home/runner/work/key/key/key.core/../key.ui/examples/standard_key/pred_log/functions.key.proof 
39505      DEBUG main            d.u.i.k.p.i.AbstractProblemLoader Environment load took 132.3ns 
39506      INFO  main            d.u.i.k.p.i.AbstractProblemLoader Creating init config 
41809      DEBUG main            d.u.i.k.p.i.AbstractProblemLoader Init config took 2.3s 
41832      INFO  main            d.u.i.k.p.i.AbstractProblemLoader Replaying proof functions.key.proof 
41841      DEBUG main            d.u.i.k.p.i.IntermediateProofReplayer Proof replay took 6.5ms 
41842      DEBUG main            d.u.i.k.p.r.p.TestFile    ... success: reloaded. 
41844      INFO  main            d.u.i.k.p.r.p.TestFile    Now processing file /home/runner/work/key/key/key.core/../key.ui/examples/standard_key/pred_log/mv1.key 
41844      INFO  main            d.u.i.k.p.i.AbstractProblemLoader Loading environment from /home/runner/work/key/key/key.core/../key.ui/examples/standard_key/pred_log/mv1.key 
41844      DEBUG main            d.u.i.k.p.i.AbstractProblemLoader Environment load took 183.4ns 
41845      INFO  main            d.u.i.k.p.i.AbstractProblemLoader Creating init config 
44217      DEBUG main            d.u.i.k.p.i.AbstractProblemLoader Init config took 2.37s 
44233      INFO  main            d.u.i.k.p.i.AbstractProblemLoader Replaying proof mv1.key 
44234      DEBUG main            d.u.i.k.p.i.IntermediateProofReplayer Proof replay took 6.2ns 
44336      INFO  main            d.u.i.k.p.r.p.TestFile    ... finished proof: closed. 
44491      INFO  main            d.u.i.k.p.i.AbstractProblemLoader Loading environment from /home/runner/work/key/key/key.core/../key.ui/examples/standard_key/pred_log/mv1.key.proof 
44492      DEBUG main            d.u.i.k.p.i.AbstractProblemLoader Environment load took 139.7ns 
44493      INFO  main            d.u.i.k.p.i.AbstractProblemLoader Creating init config 
46823      DEBUG main            d.u.i.k.p.i.AbstractProblemLoader Init config took 2.33s 
46838      INFO  main            d.u.i.k.p.i.AbstractProblemLoader Replaying proof mv1.key.proof 
46842      DEBUG main            d.u.i.k.p.i.IntermediateProofReplayer Proof replay took 1.78ms 
46842      DEBUG main            d.u.i.k.p.r.p.TestFile    ... success: reloaded. 
46843      INFO  main            d.u.i.k.p.r.p.TestFile    Now processing file /home/runner/work/key/key/key.core/../key.ui/examples/standard_key/pred_log/mv2.key 
46843      INFO  main            d.u.i.k.p.i.AbstractProblemLoader Loading environment from /home/runner/work/key/key/key.core/../key.ui/examples/standard_key/pred_log/mv2.key 
46843      DEBUG main            d.u.i.k.p.i.AbstractProblemLoader Environment load took 68.1ns 
46844      INFO  main            d.u.i.k.p.i.AbstractProblemLoader Creating init config 
49167      DEBUG main            d.u.i.k.p.i.AbstractProblemLoader Init config took 2.32s 
49182      INFO  main            d.u.i.k.p.i.AbstractProblemLoader Replaying proof mv2.key 
49183      DEBUG main            d.u.i.k.p.i.IntermediateProofReplayer Proof replay took 6.9ns 
49286      INFO  main            d.u.i.k.p.r.p.TestFile    ... finished proof: closed. 
49444      INFO  main            d.u.i.k.p.i.AbstractProblemLoader Loading environment from /home/runner/work/key/key/key.core/../key.ui/examples/standard_key/pred_log/mv2.key.proof 
49444      DEBUG main            d.u.i.k.p.i.AbstractProblemLoader Environment load took 120.7ns 
49445      INFO  main            d.u.i.k.p.i.AbstractProblemLoader Creating init config 
51743      DEBUG main            d.u.i.k.p.i.AbstractProblemLoader Init config took 2.3s 
51759      INFO  main            d.u.i.k.p.i.AbstractProblemLoader Replaying proof mv2.key.proof 
51768      DEBUG main            d.u.i.k.p.i.IntermediateProofReplayer Proof replay took 5.06ms 
51769      DEBUG main            d.u.i.k.p.r.p.TestFile    ... success: reloaded. 
51770      INFO  main            d.u.i.k.p.r.p.TestFile    Now processing file /home/runner/work/key/key/key.core/../key.ui/examples/standard_key/pred_log/quantifiers.key 
51770      INFO  main            d.u.i.k.p.i.AbstractProblemLoader Loading environment from /home/runner/work/key/key/key.core/../key.ui/examples/standard_key/pred_log/quantifiers.key 
51770      DEBUG main            d.u.i.k.p.i.AbstractProblemLoader Environment load took 94ns 
51772      INFO  main            d.u.i.k.p.i.AbstractProblemLoader Creating init config 
54131      DEBUG main            d.u.i.k.p.i.AbstractProblemLoader Init config took 2.36s 
54146      INFO  main            d.u.i.k.p.i.AbstractProblemLoader Replaying proof quantifiers.key 
54147      DEBUG main            d.u.i.k.p.i.IntermediateProofReplayer Proof replay took 6.9ns 
54253      INFO  main            d.u.i.k.p.r.p.TestFile    ... finished proof: closed. 
54421      INFO  main            d.u.i.k.p.i.AbstractProblemLoader Loading environment from /home/runner/work/key/key/key.core/../key.ui/examples/standard_key/pred_log/quantifiers.key.proof 
54422      DEBUG main            d.u.i.k.p.i.AbstractProblemLoader Environment load took 115.7ns 
54423      INFO  main            d.u.i.k.p.i.AbstractProblemLoader Creating init config 
56700      DEBUG main            d.u.i.k.p.i.AbstractProblemLoader Init config took 2.28s 
56714      INFO  main            d.u.i.k.p.i.AbstractProblemLoader Replaying proof quantifiers.key.proof 
56718      DEBUG main            d.u.i.k.p.i.IntermediateProofReplayer Proof replay took 2.62ms 
56719      DEBUG main            d.u.i.k.p.r.p.TestFile    ... success: reloaded. 
56720      INFO  main            d.u.i.k.p.r.p.TestFile    Now processing file /home/runner/work/key/key/key.core/../key.ui/examples/standard_key/pred_log/simpleEps.key 
56720      INFO  main            d.u.i.k.p.i.AbstractProblemLoader Loading environment from /home/runner/work/key/key/key.core/../key.ui/examples/standard_key/pred_log/simpleEps.key 
56720      DEBUG main            d.u.i.k.p.i.AbstractProblemLoader Environment load took 91.1ns 
56721      INFO  main            d.u.i.k.p.i.AbstractProblemLoader Creating init config 
59085      DEBUG main            d.u.i.k.p.i.AbstractProblemLoader Init config took 2.36s 
59099      INFO  main            d.u.i.k.p.i.AbstractProblemLoader Replaying proof simpleEps.key 
59102      DEBUG main            d.u.i.k.p.i.IntermediateProofReplayer Proof replay took 6.6ns 
59205      INFO  main            d.u.i.k.p.r.p.TestFile    ... finished proof: closed. 
59378      INFO  main            d.u.i.k.p.i.AbstractProblemLoader Loading environment from /home/runner/work/key/key/key.core/../key.ui/examples/standard_key/pred_log/simpleEps.key.proof 
59379      DEBUG main            d.u.i.k.p.i.AbstractProblemLoader Environment load took 123.5ns 
59380      INFO  main            d.u.i.k.p.i.AbstractProblemLoader Creating init config 
61685      DEBUG main            d.u.i.k.p.i.AbstractProblemLoader Init config took 2.3s 
61702      INFO  main            d.u.i.k.p.i.AbstractProblemLoader Replaying proof simpleEps.key.proof 
61710      DEBUG main            d.u.i.k.p.i.IntermediateProofReplayer Proof replay took 4.54ms 
61712      DEBUG main            d.u.i.k.p.r.p.TestFile    ... success: reloaded. 
61713      INFO  main            d.u.i.k.p.r.p.TestFile    Now processing file /home/runner/work/key/key/key.core/../key.ui/examples/standard_key/pred_log/steam1.key 
61713      INFO  main            d.u.i.k.p.i.AbstractProblemLoader Loading environment from /home/runner/work/key/key/key.core/../key.ui/examples/standard_key/pred_log/steam1.key 
61713      DEBUG main            d.u.i.k.p.i.AbstractProblemLoader Environment load took 146.6ns 
61715      INFO  main            d.u.i.k.p.i.AbstractProblemLoader Creating init config 
64057      DEBUG main            d.u.i.k.p.i.AbstractProblemLoader Init config took 2.34s 
64076      INFO  main            d.u.i.k.p.i.AbstractProblemLoader Replaying proof steam1.key 
64077      DEBUG main            d.u.i.k.p.i.IntermediateProofReplayer Proof replay took 7.1ns 
64385      INFO  main            d.u.i.k.p.r.p.TestFile    ... finished proof: closed. 
64575      INFO  main            d.u.i.k.p.i.AbstractProblemLoader Loading environment from /home/runner/work/key/key/key.core/../key.ui/examples/standard_key/pred_log/steam1.key.proof 
64576      DEBUG main            d.u.i.k.p.i.AbstractProblemLoader Environment load took 379.01ns 
64578      INFO  main            d.u.i.k.p.i.AbstractProblemLoader Creating init config 
66849      DEBUG main            d.u.i.k.p.i.AbstractProblemLoader Init config took 2.27s 
66870      INFO  main            d.u.i.k.p.i.AbstractProblemLoader Replaying proof steam1.key.proof 
66891      DEBUG main            d.u.i.k.p.i.IntermediateProofReplayer Proof replay took 18.03ms 
66893      DEBUG main            d.u.i.k.p.r.p.TestFile    ... success: reloaded. 
66894      INFO  main            d.u.i.k.p.r.p.TestFile    Now processing file /home/runner/work/key/key/key.core/../key.ui/examples/standard_key/pred_log/tptp/PUZ/PUZ001p1.key 
66894      INFO  main            d.u.i.k.p.i.AbstractProblemLoader Loading environment from /home/runner/work/key/key/key.core/../key.ui/examples/standard_key/pred_log/tptp/PUZ/PUZ001p1.key 
66895      DEBUG main            d.u.i.k.p.i.AbstractProblemLoader Environment load took 190.4ns 
66896      INFO  main            d.u.i.k.p.i.AbstractProblemLoader Creating init config 
69218      DEBUG main            d.u.i.k.p.i.AbstractProblemLoader Init config took 2.32s 
69239      INFO  main            d.u.i.k.p.i.AbstractProblemLoader Replaying proof PUZ001p1.key 
69240      DEBUG main            d.u.i.k.p.i.IntermediateProofReplayer Proof replay took 6.8ns 
72253      INFO  main            d.u.i.k.p.r.p.TestFile    ... finished proof: closed. 
72514      INFO  main            d.u.i.k.p.i.AbstractProblemLoader Loading environment from /home/runner/work/key/key/key.core/../key.ui/examples/standard_key/pred_log/tptp/PUZ/PUZ001p1.key.proof 
72515      DEBUG main            d.u.i.k.p.i.AbstractProblemLoader Environment load took 133.8ns 
72516      INFO  main            d.u.i.k.p.i.AbstractProblemLoader Creating init config 
74816      DEBUG main            d.u.i.k.p.i.AbstractProblemLoader Init config took 2.3s 
74834      INFO  main            d.u.i.k.p.i.AbstractProblemLoader Replaying proof PUZ001p1.key.proof 
74976      DEBUG main            d.u.i.k.p.i.IntermediateProofReplayer Proof replay took 131.86ms 
74978      DEBUG main            d.u.i.k.p.r.p.TestFile    ... success: reloaded. 
74978      INFO  main            d.u.i.k.p.r.p.TestFile    Now processing file /home/runner/work/key/key/key.core/../key.ui/examples/standard_key/pred_log/tptp/PUZ/PUZ001p1-eq.key 
74979      INFO  main            d.u.i.k.p.i.AbstractProblemLoader Loading environment from /home/runner/work/key/key/key.core/../key.ui/examples/standard_key/pred_log/tptp/PUZ/PUZ001p1-eq.key 
74979      DEBUG main            d.u.i.k.p.i.AbstractProblemLoader Environment load took 196.5ns 
74980      INFO  main            d.u.i.k.p.i.AbstractProblemLoader Creating init config 
77312      DEBUG main            d.u.i.k.p.i.AbstractProblemLoader Init config took 2.33s 
77327      INFO  main            d.u.i.k.p.i.AbstractProblemLoader Replaying proof PUZ001p1-eq.key 
77329      DEBUG main            d.u.i.k.p.i.IntermediateProofReplayer Proof replay took 7.3ns 
77433      INFO  main            d.u.i.k.p.r.p.TestFile    ... finished proof: closed. 
77657      INFO  main            d.u.i.k.p.i.AbstractProblemLoader Loading environment from /home/runner/work/key/key/key.core/../key.ui/examples/standard_key/pred_log/tptp/PUZ/PUZ001p1-eq.key.proof 
77659      DEBUG main            d.u.i.k.p.i.AbstractProblemLoader Environment load took 1.9ms 
77660      INFO  main            d.u.i.k.p.i.AbstractProblemLoader Creating init config 
79912      DEBUG main            d.u.i.k.p.i.AbstractProblemLoader Init config took 2.25s 
79927      INFO  main            d.u.i.k.p.i.AbstractProblemLoader Replaying proof PUZ001p1-eq.key.proof 
79942      DEBUG main            d.u.i.k.p.i.IntermediateProofReplayer Proof replay took 12.21ms 
79943      DEBUG main            d.u.i.k.p.r.p.TestFile    ... success: reloaded. 
79944      INFO  main            d.u.i.k.p.r.p.TestFile    Now processing file /home/runner/work/key/key/key.core/../key.ui/examples/standard_key/pred_log/tptp/PUZ/PUZ031p1.key 
79944      INFO  main            d.u.i.k.p.i.AbstractProblemLoader Loading environment from /home/runner/work/key/key/key.core/../key.ui/examples/standard_key/pred_log/tptp/PUZ/PUZ031p1.key 
79944      DEBUG main            d.u.i.k.p.i.AbstractProblemLoader Environment load took 102.1ns 
79945      INFO  main            d.u.i.k.p.i.AbstractProblemLoader Creating init config 
82282      DEBUG main            d.u.i.k.p.i.AbstractProblemLoader Init config took 2.34s 
82298      INFO  main            d.u.i.k.p.i.AbstractProblemLoader Replaying proof PUZ031p1.key 
82299      DEBUG main            d.u.i.k.p.i.IntermediateProofReplayer Proof replay took 8.3ns 
90583      INFO  main            d.u.i.k.p.r.p.TestFile    ... finished proof: closed. 
90803      INFO  main            d.u.i.k.p.i.AbstractProblemLoader Loading environment from /home/runner/work/key/key/key.core/../key.ui/examples/standard_key/pred_log/tptp/PUZ/PUZ031p1.key.proof 
90805      DEBUG main            d.u.i.k.p.i.AbstractProblemLoader Environment load took 2.72ms 
90809      INFO  main            d.u.i.k.p.i.AbstractProblemLoader Creating init config 
93073      DEBUG main            d.u.i.k.p.i.AbstractProblemLoader Init config took 2.26s 
93089      INFO  main            d.u.i.k.p.i.AbstractProblemLoader Replaying proof PUZ031p1.key.proof 
93148      DEBUG main            d.u.i.k.p.i.IntermediateProofReplayer Proof replay took 54.87ms 
93151      DEBUG main            d.u.i.k.p.r.p.TestFile    ... success: reloaded. 
93151      INFO  main            d.u.i.k.p.r.p.TestFile    Now processing file /home/runner/work/key/key/key.core/../key.ui/examples/standard_key/pred_log/tptp/SET/SET027p3.key 
93151      INFO  main            d.u.i.k.p.i.AbstractProblemLoader Loading environment from /home/runner/work/key/key/key.core/../key.ui/examples/standard_key/pred_log/tptp/SET/SET027p3.key 
93152      DEBUG main            d.u.i.k.p.i.AbstractProblemLoader Environment load took 94.2ns 
93153      INFO  main            d.u.i.k.p.i.AbstractProblemLoader Creating init config 
95435      DEBUG main            d.u.i.k.p.i.AbstractProblemLoader Init config took 2.28s 
95449      INFO  main            d.u.i.k.p.i.AbstractProblemLoader Replaying proof SET027p3.key 
95450      DEBUG main            d.u.i.k.p.i.IntermediateProofReplayer Proof replay took 8ns 
95552      INFO  main            d.u.i.k.p.r.p.TestFile    ... finished proof: closed. 
95756      INFO  main            d.u.i.k.p.i.AbstractProblemLoader Loading environment from /home/runner/work/key/key/key.core/../key.ui/examples/standard_key/pred_log/tptp/SET/SET027p3.key.proof 
95756      DEBUG main            d.u.i.k.p.i.AbstractProblemLoader Environment load took 122.6ns 
95757      INFO  main            d.u.i.k.p.i.AbstractProblemLoader Creating init config 
98018      DEBUG main            d.u.i.k.p.i.AbstractProblemLoader Init config took 2.26s 
98032      INFO  main            d.u.i.k.p.i.AbstractProblemLoader Replaying proof SET027p3.key.proof 
98039      DEBUG main            d.u.i.k.p.i.IntermediateProofReplayer Proof replay took 4.94ms 
98040      DEBUG main            d.u.i.k.p.r.p.TestFile    ... success: reloaded. 
98041      INFO  main            d.u.i.k.p.r.p.TestFile    Now processing file /home/runner/work/key/key/key.core/../key.ui/examples/standard_key/pred_log/tptp/SET/SET043p1.key 
98041      INFO  main            d.u.i.k.p.i.AbstractProblemLoader Loading environment from /home/runner/work/key/key/key.core/../key.ui/examples/standard_key/pred_log/tptp/SET/SET043p1.key 
98042      DEBUG main            d.u.i.k.p.i.AbstractProblemLoader Environment load took 202.1ns 
98043      INFO  main            d.u.i.k.p.i.AbstractProblemLoader Creating init config 
100355     DEBUG main            d.u.i.k.p.i.AbstractProblemLoader Init config took 2.31s 
100368     INFO  main            d.u.i.k.p.i.AbstractProblemLoader Replaying proof SET043p1.key 
100369     DEBUG main            d.u.i.k.p.i.IntermediateProofReplayer Proof replay took 7.6ns 
100471     INFO  main            d.u.i.k.p.r.p.TestFile    ... finished proof: closed. 
100682     INFO  main            d.u.i.k.p.i.AbstractProblemLoader Loading environment from /home/runner/work/key/key/key.core/../key.ui/examples/standard_key/pred_log/tptp/SET/SET043p1.key.proof 
100682     DEBUG main            d.u.i.k.p.i.AbstractProblemLoader Environment load took 183.4ns 
100683     INFO  main            d.u.i.k.p.i.AbstractProblemLoader Creating init config 
102959     DEBUG main            d.u.i.k.p.i.AbstractProblemLoader Init config took 2.28s 
102973     INFO  main            d.u.i.k.p.i.AbstractProblemLoader Replaying proof SET043p1.key.proof 
102976     DEBUG main            d.u.i.k.p.i.IntermediateProofReplayer Proof replay took 1.45ms 
102977     DEBUG main            d.u.i.k.p.r.p.TestFile    ... success: reloaded. 
102978     INFO  main            d.u.i.k.p.r.p.TestFile    Now processing file /home/runner/work/key/key/key.core/../key.ui/examples/standard_key/pred_log/tptp/SET/SET045p1.key 
102978     INFO  main            d.u.i.k.p.i.AbstractProblemLoader Loading environment from /home/runner/work/key/key/key.core/../key.ui/examples/standard_key/pred_log/tptp/SET/SET045p1.key 
102978     DEBUG main            d.u.i.k.p.i.AbstractProblemLoader Environment load took 188.8ns 
102979     INFO  main            d.u.i.k.p.i.AbstractProblemLoader Creating init config 
105284     DEBUG main            d.u.i.k.p.i.AbstractProblemLoader Init config took 2.3s 
105297     INFO  main            d.u.i.k.p.i.AbstractProblemLoader Replaying proof SET045p1.key 
105299     DEBUG main            d.u.i.k.p.i.IntermediateProofReplayer Proof replay took 8.1ns 
105401     INFO  main            d.u.i.k.p.r.p.TestFile    ... finished proof: closed. 
105635     INFO  main            d.u.i.k.p.i.AbstractProblemLoader Loading environment from /home/runner/work/key/key/key.core/../key.ui/examples/standard_key/pred_log/tptp/SET/SET045p1.key.proof 
105636     DEBUG main            d.u.i.k.p.i.AbstractProblemLoader Environment load took 113.8ns 
105637     INFO  main            d.u.i.k.p.i.AbstractProblemLoader Creating init config 
107883     DEBUG main            d.u.i.k.p.i.AbstractProblemLoader Init config took 2.25s 
107898     INFO  main            d.u.i.k.p.i.AbstractProblemLoader Replaying proof SET045p1.key.proof 
107904     DEBUG main            d.u.i.k.p.i.IntermediateProofReplayer Proof replay took 4.2ms 
107905     DEBUG main            d.u.i.k.p.r.p.TestFile    ... success: reloaded. 
107906     INFO  main            d.u.i.k.p.r.p.TestFile    Now processing file /home/runner/work/key/key/key.core/../key.ui/examples/standard_key/pred_log/tptp/SET/SET062p3.key 
107906     INFO  main            d.u.i.k.p.i.AbstractProblemLoader Loading environment from /home/runner/work/key/key/key.core/../key.ui/examples/standard_key/pred_log/tptp/SET/SET062p3.key 
107906     DEBUG main            d.u.i.k.p.i.AbstractProblemLoader Environment load took 89.7ns 
107907     INFO  main            d.u.i.k.p.i.AbstractProblemLoader Creating init config 
110232     DEBUG main            d.u.i.k.p.i.AbstractProblemLoader Init config took 2.32s 
110246     INFO  main            d.u.i.k.p.i.AbstractProblemLoader Replaying proof SET062p3.key 
110247     DEBUG main            d.u.i.k.p.i.IntermediateProofReplayer Proof replay took 8ns 
110352     INFO  main            d.u.i.k.p.r.p.TestFile    ... finished proof: closed. 
110569     INFO  main            d.u.i.k.p.i.AbstractProblemLoader Loading environment from /home/runner/work/key/key/key.core/../key.ui/examples/standard_key/pred_log/tptp/SET/SET062p3.key.proof 
110569     DEBUG main            d.u.i.k.p.i.AbstractProblemLoader Environment load took 114.9ns 
110570     INFO  main            d.u.i.k.p.i.AbstractProblemLoader Creating init config 
112794     DEBUG main            d.u.i.k.p.i.AbstractProblemLoader Init config took 2.22s 
112809     INFO  main            d.u.i.k.p.i.AbstractProblemLoader Replaying proof SET062p3.key.proof 
112816     DEBUG main            d.u.i.k.p.i.IntermediateProofReplayer Proof replay took 5.51ms 
112817     DEBUG main            d.u.i.k.p.r.p.TestFile    ... success: reloaded. 
112817     INFO  main            d.u.i.k.p.r.p.TestFile    Now processing file /home/runner/work/key/key/key.core/../key.ui/examples/standard_key/pred_log/tptp/SET/SET063p3.key 
112818     INFO  main            d.u.i.k.p.i.AbstractProblemLoader Loading environment from /home/runner/work/key/key/key.core/../key.ui/examples/standard_key/pred_log/tptp/SET/SET063p3.key 
112818     DEBUG main            d.u.i.k.p.i.AbstractProblemLoader Environment load took 103.4ns 
112819     INFO  main            d.u.i.k.p.i.AbstractProblemLoader Creating init config 
115133     DEBUG main            d.u.i.k.p.i.AbstractProblemLoader Init config took 2.31s 
115147     INFO  main            d.u.i.k.p.i.AbstractProblemLoader Replaying proof SET063p3.key 
115149     DEBUG main            d.u.i.k.p.i.IntermediateProofReplayer Proof replay took 8.7ns 
115252     INFO  main            d.u.i.k.p.r.p.TestFile    ... finished proof: closed. 
115555     INFO  main            d.u.i.k.p.i.AbstractProblemLoader Loading environment from /home/runner/work/key/key/key.core/../key.ui/examples/standard_key/pred_log/tptp/SET/SET063p3.key.proof 
115555     DEBUG main            d.u.i.k.p.i.AbstractProblemLoader Environment load took 111.8ns 
115556     INFO  main            d.u.i.k.p.i.AbstractProblemLoader Creating init config 
117773     DEBUG main            d.u.i.k.p.i.AbstractProblemLoader Init config took 2.22s 
117788     INFO  main            d.u.i.k.p.i.AbstractProblemLoader Replaying proof SET063p3.key.proof 
117796     DEBUG main            d.u.i.k.p.i.IntermediateProofReplayer Proof replay took 5.32ms 
117797     DEBUG main            d.u.i.k.p.r.p.TestFile    ... success: reloaded. 
117797     INFO  main            d.u.i.k.p.r.p.TestFile    Now processing file /home/runner/work/key/key/key.core/../key.ui/examples/standard_key/pred_log/tptp/SYN/SYN036p2.key 
117797     INFO  main            d.u.i.k.p.i.AbstractProblemLoader Loading environment from /home/runner/work/key/key/key.core/../key.ui/examples/standard_key/pred_log/tptp/SYN/SYN036p2.key 
117798     DEBUG main            d.u.i.k.p.i.AbstractProblemLoader Environment load took 86.9ns 
117799     INFO  main            d.u.i.k.p.i.AbstractProblemLoader Creating init config 
120107     DEBUG main            d.u.i.k.p.i.AbstractProblemLoader Init config took 2.31s 
120124     INFO  main            d.u.i.k.p.i.AbstractProblemLoader Replaying proof SYN036p2.key 
120126     DEBUG main            d.u.i.k.p.i.IntermediateProofReplayer Proof replay took 8.4ns 
120431     INFO  main            d.u.i.k.p.r.p.TestFile    ... finished proof: closed. 
120770     INFO  main            d.u.i.k.p.i.AbstractProblemLoader Loading environment from /home/runner/work/key/key/key.core/../key.ui/examples/standard_key/pred_log/tptp/SYN/SYN036p2.key.proof 
120770     DEBUG main            d.u.i.k.p.i.AbstractProblemLoader Environment load took 372.21ns 
120771     INFO  main            d.u.i.k.p.i.AbstractProblemLoader Creating init config 
123000     DEBUG main            d.u.i.k.p.i.AbstractProblemLoader Init config took 2.23s 
123014     INFO  main            d.u.i.k.p.i.AbstractProblemLoader Replaying proof SYN036p2.key.proof 
123077     DEBUG main            d.u.i.k.p.i.IntermediateProofReplayer Proof replay took 55.83ms 
123078     DEBUG main            d.u.i.k.p.r.p.TestFile    ... success: reloaded. 
123079     INFO  main            d.u.i.k.p.r.p.TestFile    Now processing file /home/runner/work/key/key/key.core/../key.ui/examples/standard_key/pred_log/tptp/SYN/SYN550p1.key 
123079     INFO  main            d.u.i.k.p.i.AbstractProblemLoader Loading environment from /home/runner/work/key/key/key.core/../key.ui/examples/standard_key/pred_log/tptp/SYN/SYN550p1.key 
123079     DEBUG main            d.u.i.k.p.i.AbstractProblemLoader Environment load took 82.7ns 
123080     INFO  main            d.u.i.k.p.i.AbstractProblemLoader Creating init config 
125370     DEBUG main            d.u.i.k.p.i.AbstractProblemLoader Init config took 2.29s 
125384     INFO  main            d.u.i.k.p.i.AbstractProblemLoader Replaying proof SYN550p1.key 
125385     DEBUG main            d.u.i.k.p.i.IntermediateProofReplayer Proof replay took 18.4ns 
128114     INFO  main            d.u.i.k.p.r.p.TestFile    ... finished proof: closed. 
128383     INFO  main            d.u.i.k.p.i.AbstractProblemLoader Loading environment from /home/runner/work/key/key/key.core/../key.ui/examples/standard_key/pred_log/tptp/SYN/SYN550p1.key.proof 
128387     DEBUG main            d.u.i.k.p.i.AbstractProblemLoader Environment load took 4.46ms 
128389     INFO  main            d.u.i.k.p.i.AbstractProblemLoader Creating init config 
130603     DEBUG main            d.u.i.k.p.i.AbstractProblemLoader Init config took 2.21s 
130617     INFO  main            d.u.i.k.p.i.AbstractProblemLoader Replaying proof SYN550p1.key.proof 
130709     DEBUG main            d.u.i.k.p.i.IntermediateProofReplayer Proof replay took 85.66ms 
130711     DEBUG main            d.u.i.k.p.r.p.TestFile    ... success: reloaded. 
130711     INFO  main            d.u.i.k.p.r.p.TestFile    Now processing file /home/runner/work/key/key/key.core/../key.ui/examples/standard_key/prop_log/reallySimple.key 
130712     INFO  main            d.u.i.k.p.i.AbstractProblemLoader Loading environment from /home/runner/work/key/key/key.core/../key.ui/examples/standard_key/prop_log/reallySimple.key 
130712     DEBUG main            d.u.i.k.p.i.AbstractProblemLoader Environment load took 188ns 
130713     INFO  main            d.u.i.k.p.i.AbstractProblemLoader Creating init config 
132988     DEBUG main            d.u.i.k.p.i.AbstractProblemLoader Init config took 2.28s 
133001     INFO  main            d.u.i.k.p.i.AbstractProblemLoader Replaying proof reallySimple.key 
133002     DEBUG main            d.u.i.k.p.i.IntermediateProofReplayer Proof replay took 8.5ns 
133108     INFO  main            d.u.i.k.p.r.p.TestFile    ... finished proof: open goal(s) 
133365     INFO  main            d.u.i.k.p.r.p.TestFile    Now processing file /home/runner/work/key/key/key.core/../key.ui/examples/standard_key/pred_log/sameName1.key 
133365     INFO  main            d.u.i.k.p.i.AbstractProblemLoader Loading environment from /home/runner/work/key/key/key.core/../key.ui/examples/standard_key/pred_log/sameName1.key 
133366     DEBUG main            d.u.i.k.p.i.AbstractProblemLoader Environment load took 68.9ns 
133367     INFO  main            d.u.i.k.p.i.AbstractProblemLoader Creating init config 
135589     DEBUG main            d.u.i.k.p.i.AbstractProblemLoader Init config took 2.22s 
135602     INFO  main            d.u.i.k.p.i.AbstractProblemLoader Replaying proof sameName1.key 
135603     DEBUG main            d.u.i.k.p.i.IntermediateProofReplayer Proof replay took 7.8ns 
135706     INFO  main            d.u.i.k.p.r.p.TestFile    ... finished proof: open goal(s) 
135944     INFO  main            d.u.i.k.p.r.p.TestFile    Now processing file /home/runner/work/key/key/key.core/../key.ui/examples/standard_key/pred_log/jbyteIfEx.key 
135944     INFO  main            d.u.i.k.p.i.AbstractProblemLoader Loading environment from /home/runner/work/key/key/key.core/../key.ui/examples/standard_key/pred_log/jbyteIfEx.key 
135944     DEBUG main            d.u.i.k.p.i.AbstractProblemLoader Environment load took 55.9ns 
135945     INFO  main            d.u.i.k.p.i.AbstractProblemLoader Creating init config 
138193     DEBUG main            d.u.i.k.p.i.AbstractProblemLoader Init config took 2.25s 
138206     INFO  main            d.u.i.k.p.i.AbstractProblemLoader Replaying proof jbyteIfEx.key 
138207     DEBUG main            d.u.i.k.p.i.IntermediateProofReplayer Proof replay took 22ns 
138309     INFO  main            d.u.i.k.p.r.p.TestFile    ... finished proof: closed. 
138623     INFO  main            d.u.i.k.p.i.AbstractProblemLoader Loading environment from /home/runner/work/key/key/key.core/../key.ui/examples/standard_key/pred_log/jbyteIfEx.key.proof 
138623     DEBUG main            d.u.i.k.p.i.AbstractProblemLoader Environment load took 239.21ns 
138624     INFO  main            d.u.i.k.p.i.AbstractProblemLoader Creating init config 
140850     DEBUG main            d.u.i.k.p.i.AbstractProblemLoader Init config took 2.23s 
140864     INFO  main            d.u.i.k.p.i.AbstractProblemLoader Replaying proof jbyteIfEx.key.proof 
140871     DEBUG main            d.u.i.k.p.i.IntermediateProofReplayer Proof replay took 5.55ms 
140872     DEBUG main            d.u.i.k.p.r.p.TestFile    ... success: reloaded. 
140872     INFO  main            d.u.i.k.p.r.p.TestFile    Now processing file /home/runner/work/key/key/key.core/../key.ui/examples/standard_key/prop_log/allClausesLength4.key 
140872     INFO  main            d.u.i.k.p.i.AbstractProblemLoader Loading environment from /home/runner/work/key/key/key.core/../key.ui/examples/standard_key/prop_log/allClausesLength4.key 
140873     DEBUG main            d.u.i.k.p.i.AbstractProblemLoader Environment load took 86.2ns 
140874     INFO  main            d.u.i.k.p.i.AbstractProblemLoader Creating init config 
143167     DEBUG main            d.u.i.k.p.i.AbstractProblemLoader Init config took 2.29s 
143181     INFO  main            d.u.i.k.p.i.AbstractProblemLoader Replaying proof allClausesLength4.key 
143182     DEBUG main            d.u.i.k.p.i.IntermediateProofReplayer Proof replay took 7.3ns 
143285     INFO  main            d.u.i.k.p.r.p.TestFile    ... finished proof: closed. 
143542     INFO  main            d.u.i.k.p.i.AbstractProblemLoader Loading environment from /home/runner/work/key/key/key.core/../key.ui/examples/standard_key/prop_log/allClausesLength4.key.proof 
143542     DEBUG main            d.u.i.k.p.i.AbstractProblemLoader Environment load took 113.7ns 
143543     INFO  main            d.u.i.k.p.i.AbstractProblemLoader Creating init config 
145760     DEBUG main            d.u.i.k.p.i.AbstractProblemLoader Init config took 2.22s 
145775     INFO  main            d.u.i.k.p.i.AbstractProblemLoader Replaying proof allClausesLength4.key.proof 
145789     DEBUG main            d.u.i.k.p.i.IntermediateProofReplayer Proof replay took 9.63ms 
145791     DEBUG main            d.u.i.k.p.r.p.TestFile    ... success: reloaded. 
145792     INFO  main            d.u.i.k.p.r.p.TestFile    Now processing file /home/runner/work/key/key/key.core/../key.ui/examples/standard_key/prop_log/allClausesLength5.key 
145799     INFO  main            d.u.i.k.p.i.AbstractProblemLoader Loading environment from /home/runner/work/key/key/key.core/../key.ui/examples/standard_key/prop_log/allClausesLength5.key 
145800     DEBUG main            d.u.i.k.p.i.AbstractProblemLoader Environment load took 993.72ns 
145801     INFO  main            d.u.i.k.p.i.AbstractProblemLoader Creating init config 
148087     DEBUG main            d.u.i.k.p.i.AbstractProblemLoader Init config took 2.29s 
148101     INFO  main            d.u.i.k.p.i.AbstractProblemLoader Replaying proof allClausesLength5.key 
148102     DEBUG main            d.u.i.k.p.i.IntermediateProofReplayer Proof replay took 7.8ns 
148406     INFO  main            d.u.i.k.p.r.p.TestFile    ... finished proof: closed. 
148668     INFO  main            d.u.i.k.p.i.AbstractProblemLoader Loading environment from /home/runner/work/key/key/key.core/../key.ui/examples/standard_key/prop_log/allClausesLength5.key.proof 
148669     DEBUG main            d.u.i.k.p.i.AbstractProblemLoader Environment load took 361.41ns 
148670     INFO  main            d.u.i.k.p.i.AbstractProblemLoader Creating init config 
150897     DEBUG main            d.u.i.k.p.i.AbstractProblemLoader Init config took 2.23s 
150911     INFO  main            d.u.i.k.p.i.AbstractProblemLoader Replaying proof allClausesLength5.key.proof 
150941     DEBUG main            d.u.i.k.p.i.IntermediateProofReplayer Proof replay took 26.44ms 
150943     DEBUG main            d.u.i.k.p.r.p.TestFile    ... success: reloaded. 
150943     INFO  main            d.u.i.k.p.r.p.TestFile    Now processing file /home/runner/work/key/key/key.core/../key.ui/examples/standard_key/prop_log/doubleNeg.key 
150944     INFO  main            d.u.i.k.p.i.AbstractProblemLoader Loading environment from /home/runner/work/key/key/key.core/../key.ui/examples/standard_key/prop_log/doubleNeg.key 
150944     DEBUG main            d.u.i.k.p.i.AbstractProblemLoader Environment load took 81.4ns 
150944     INFO  main            d.u.i.k.p.i.AbstractProblemLoader Creating init config 
153241     DEBUG main            d.u.i.k.p.i.AbstractProblemLoader Init config took 2.3s 
153254     INFO  main            d.u.i.k.p.i.AbstractProblemLoader Replaying proof doubleNeg.key 
153255     DEBUG main            d.u.i.k.p.i.IntermediateProofReplayer Proof replay took 8ns 
153356     INFO  main            d.u.i.k.p.r.p.TestFile    ... finished proof: closed. 
153623     INFO  main            d.u.i.k.p.i.AbstractProblemLoader Loading environment from /home/runner/work/key/key/key.core/../key.ui/examples/standard_key/prop_log/doubleNeg.key.proof 
153623     DEBUG main            d.u.i.k.p.i.AbstractProblemLoader Environment load took 91.1ns 
153624     INFO  main            d.u.i.k.p.i.AbstractProblemLoader Creating init config 
155838     DEBUG main            d.u.i.k.p.i.AbstractProblemLoader Init config took 2.21s 
155852     INFO  main            d.u.i.k.p.i.AbstractProblemLoader Replaying proof doubleNeg.key.proof 
155854     DEBUG main            d.u.i.k.p.i.IntermediateProofReplayer Proof replay took 354.81ns 
155856     DEBUG main            d.u.i.k.p.r.p.TestFile    ... success: reloaded. 
155856     INFO  main            d.u.i.k.p.r.p.TestFile    Now processing file /home/runner/work/key/key/key.core/../key.ui/examples/standard_key/prop_log/liarsville.key 
155856     INFO  main            d.u.i.k.p.i.AbstractProblemLoader Loading environment from /home/runner/work/key/key/key.core/../key.ui/examples/standard_key/prop_log/liarsville.key 
155857     DEBUG main            d.u.i.k.p.i.AbstractProblemLoader Environment load took 78.6ns 
155857     INFO  main            d.u.i.k.p.i.AbstractProblemLoader Creating init config 
158113     DEBUG main            d.u.i.k.p.i.AbstractProblemLoader Init config took 2.26s 
158127     INFO  main            d.u.i.k.p.i.AbstractProblemLoader Replaying proof liarsville.key 
158128     DEBUG main            d.u.i.k.p.i.IntermediateProofReplayer Proof replay took 8.5ns 
158230     INFO  main            d.u.i.k.p.r.p.TestFile    ... finished proof: closed. 
158492     INFO  main            d.u.i.k.p.i.AbstractProblemLoader Loading environment from /home/runner/work/key/key/key.core/../key.ui/examples/standard_key/prop_log/liarsville.key.proof 
158492     DEBUG main            d.u.i.k.p.i.AbstractProblemLoader Environment load took 92.5ns 
158494     INFO  main            d.u.i.k.p.i.AbstractProblemLoader Creating init config 
160697     DEBUG main            d.u.i.k.p.i.AbstractProblemLoader Init config took 2.2s 
160713     INFO  main            d.u.i.k.p.i.AbstractProblemLoader Replaying proof liarsville.key.proof 
160715     DEBUG main            d.u.i.k.p.i.IntermediateProofReplayer Proof replay took 995.72ns 
160716     DEBUG main            d.u.i.k.p.r.p.TestFile    ... success: reloaded. 
160716     INFO  main            d.u.i.k.p.r.p.TestFile    Now processing file /home/runner/work/key/key/key.core/../key.ui/examples/standard_key/prop_log/simplest.key 
160716     INFO  main            d.u.i.k.p.i.AbstractProblemLoader Loading environment from /home/runner/work/key/key/key.core/../key.ui/examples/standard_key/prop_log/simplest.key 
160716     DEBUG main            d.u.i.k.p.i.AbstractProblemLoader Environment load took 62ns 
160717     INFO  main            d.u.i.k.p.i.AbstractProblemLoader Creating init config 
162958     DEBUG main            d.u.i.k.p.i.AbstractProblemLoader Init config took 2.24s 
162971     INFO  main            d.u.i.k.p.i.AbstractProblemLoader Replaying proof simplest.key 
162972     DEBUG main            d.u.i.k.p.i.IntermediateProofReplayer Proof replay took 6.8ns 
163073     INFO  main            d.u.i.k.p.r.p.TestFile    ... finished proof: closed. 
163344     INFO  main            d.u.i.k.p.i.AbstractProblemLoader Loading environment from /home/runner/work/key/key/key.core/../key.ui/examples/standard_key/prop_log/simplest.key.proof 
163344     DEBUG main            d.u.i.k.p.i.AbstractProblemLoader Environment load took 89.6ns 
163345     INFO  main            d.u.i.k.p.i.AbstractProblemLoader Creating init config 
165549     DEBUG main            d.u.i.k.p.i.AbstractProblemLoader Init config took 2.2s 
165562     INFO  main            d.u.i.k.p.i.AbstractProblemLoader Replaying proof simplest.key.proof 
165563     DEBUG main            d.u.i.k.p.i.IntermediateProofReplayer Proof replay took 99.7ns 
165564     DEBUG main            d.u.i.k.p.r.p.TestFile    ... success: reloaded. 
165564     INFO  main            d.u.i.k.p.r.p.TestFile    Now processing file /home/runner/work/key/key/key.core/../key.ui/examples/standard_key/prop_log/contraposition.key 
165564     INFO  main            d.u.i.k.p.i.AbstractProblemLoader Loading environment from /home/runner/work/key/key/key.core/../key.ui/examples/standard_key/prop_log/contraposition.key 
165564     DEBUG main            d.u.i.k.p.i.AbstractProblemLoader Environment load took 51.5ns 
165565     INFO  main            d.u.i.k.p.i.AbstractProblemLoader Creating init config 
167832     DEBUG main            d.u.i.k.p.i.AbstractProblemLoader Init config took 2.27s 
167845     INFO  main            d.u.i.k.p.i.AbstractProblemLoader Replaying proof contraposition.key 
167846     DEBUG main            d.u.i.k.p.i.IntermediateProofReplayer Proof replay took 7.1ns 
167948     INFO  main            d.u.i.k.p.r.p.TestFile    ... finished proof: closed. 
168223     INFO  main            d.u.i.k.p.i.AbstractProblemLoader Loading environment from /home/runner/work/key/key/key.core/../key.ui/examples/standard_key/prop_log/contraposition.key.proof 
168223     DEBUG main            d.u.i.k.p.i.AbstractProblemLoader Environment load took 93.8ns 
168224     INFO  main            d.u.i.k.p.i.AbstractProblemLoader Creating init config 
170437     DEBUG main            d.u.i.k.p.i.AbstractProblemLoader Init config took 2.21s 
170449     INFO  main            d.u.i.k.p.i.AbstractProblemLoader Replaying proof contraposition.key.proof 
170451     DEBUG main            d.u.i.k.p.i.IntermediateProofReplayer Proof replay took 502.71ns 
170452     DEBUG main            d.u.i.k.p.r.p.TestFile    ... success: reloaded. 
170452     INFO  main            d.u.i.k.p.r.p.TestFile    Now processing file /home/runner/work/key/key/key.core/../key.ui/examples/standard_key/quantifiers/elimination0.key 
170453     INFO  main            d.u.i.k.p.i.AbstractProblemLoader Loading environment from /home/runner/work/key/key/key.core/../key.ui/examples/standard_key/quantifiers/elimination0.key 
170453     DEBUG main            d.u.i.k.p.i.AbstractProblemLoader Environment load took 82.5ns 
170454     INFO  main            d.u.i.k.p.i.AbstractProblemLoader Creating init config 
172714     DEBUG main            d.u.i.k.p.i.AbstractProblemLoader Init config took 2.26s 
172729     INFO  main            d.u.i.k.p.i.AbstractProblemLoader Replaying proof elimination0.key 
172731     DEBUG main            d.u.i.k.p.i.IntermediateProofReplayer Proof replay took 7.3ns 
172834     INFO  main            d.u.i.k.p.r.p.TestFile    ... finished proof: closed. 
173118     INFO  main            d.u.i.k.p.i.AbstractProblemLoader Loading environment from /home/runner/work/key/key/key.core/../key.ui/examples/standard_key/quantifiers/elimination0.key.proof 
173119     DEBUG main            d.u.i.k.p.i.AbstractProblemLoader Environment load took 105.7ns 
173120     INFO  main            d.u.i.k.p.i.AbstractProblemLoader Creating init config 
175311     DEBUG main            d.u.i.k.p.i.AbstractProblemLoader Init config took 2.19s 
175324     INFO  main            d.u.i.k.p.i.AbstractProblemLoader Replaying proof elimination0.key.proof 
175327     DEBUG main            d.u.i.k.p.i.IntermediateProofReplayer Proof replay took 1.15ms 
175327     DEBUG main            d.u.i.k.p.r.p.TestFile    ... success: reloaded. 
175328     INFO  main            d.u.i.k.p.r.p.TestFile    Now processing file /home/runner/work/key/key/key.core/../key.ui/examples/standard_key/quantifiers/heuristic_PUZ001p1-eq.key 
175328     INFO  main            d.u.i.k.p.i.AbstractProblemLoader Loading environment from /home/runner/work/key/key/key.core/../key.ui/examples/standard_key/quantifiers/heuristic_PUZ001p1-eq.key 
175328     DEBUG main            d.u.i.k.p.i.AbstractProblemLoader Environment load took 78.3ns 
175329     INFO  main            d.u.i.k.p.i.AbstractProblemLoader Creating init config 
177584     DEBUG main            d.u.i.k.p.i.AbstractProblemLoader Init config took 2.25s 
177598     INFO  main            d.u.i.k.p.i.AbstractProblemLoader Replaying proof heuristic_PUZ001p1-eq.key 
177600     DEBUG main            d.u.i.k.p.i.IntermediateProofReplayer Proof replay took 7ns 
177702     INFO  main            d.u.i.k.p.r.p.TestFile    ... finished proof: closed. 
178085     INFO  main            d.u.i.k.p.i.AbstractProblemLoader Loading environment from /home/runner/work/key/key/key.core/../key.ui/examples/standard_key/quantifiers/heuristic_PUZ001p1-eq.key.proof 
178085     DEBUG main            d.u.i.k.p.i.AbstractProblemLoader Environment load took 106.8ns 
178089     INFO  main            d.u.i.k.p.i.AbstractProblemLoader Creating init config 
180313     DEBUG main            d.u.i.k.p.i.AbstractProblemLoader Init config took 2.22s 
180327     INFO  main            d.u.i.k.p.i.AbstractProblemLoader Replaying proof heuristic_PUZ001p1-eq.key.proof 
180339     DEBUG main            d.u.i.k.p.i.IntermediateProofReplayer Proof replay took 9.87ms 
180340     DEBUG main            d.u.i.k.p.r.p.TestFile    ... success: reloaded. 
180343     INFO  main            d.u.i.k.p.r.p.TestFile    Now processing file /home/runner/work/key/key/key.core/../key.ui/examples/standard_key/quantifiers/heuristic_PUZ001p1.key 
180343     INFO  main            d.u.i.k.p.i.AbstractProblemLoader Loading environment from /home/runner/work/key/key/key.core/../key.ui/examples/standard_key/quantifiers/heuristic_PUZ001p1.key 
180344     DEBUG main            d.u.i.k.p.i.AbstractProblemLoader Environment load took 173.4ns 
180345     INFO  main            d.u.i.k.p.i.AbstractProblemLoader Creating init config 
182596     DEBUG main            d.u.i.k.p.i.AbstractProblemLoader Init config took 2.25s 
182611     INFO  main            d.u.i.k.p.i.AbstractProblemLoader Replaying proof heuristic_PUZ001p1.key 
182612     DEBUG main            d.u.i.k.p.i.IntermediateProofReplayer Proof replay took 7.5ns 
183918     INFO  main            d.u.i.k.p.r.p.TestFile    ... finished proof: closed. 
184232     INFO  main            d.u.i.k.p.i.AbstractProblemLoader Loading environment from /home/runner/work/key/key/key.core/../key.ui/examples/standard_key/quantifiers/heuristic_PUZ001p1.key.proof 
184235     DEBUG main            d.u.i.k.p.i.AbstractProblemLoader Environment load took 3.25ms 
184237     INFO  main            d.u.i.k.p.i.AbstractProblemLoader Creating init config 
186442     DEBUG main            d.u.i.k.p.i.AbstractProblemLoader Init config took 2.21s 
186459     INFO  main            d.u.i.k.p.i.AbstractProblemLoader Replaying proof heuristic_PUZ001p1.key.proof 
186521     DEBUG main            d.u.i.k.p.i.IntermediateProofReplayer Proof replay took 58.53ms 
186523     DEBUG main            d.u.i.k.p.r.p.TestFile    ... success: reloaded. 
186523     INFO  main            d.u.i.k.p.r.p.TestFile    Now processing file /home/runner/work/key/key/key.core/../key.ui/examples/standard_key/quantifiers/heuristic_PUZ031p1.key 
186524     INFO  main            d.u.i.k.p.i.AbstractProblemLoader Loading environment from /home/runner/work/key/key/key.core/../key.ui/examples/standard_key/quantifiers/heuristic_PUZ031p1.key 
186524     DEBUG main            d.u.i.k.p.i.AbstractProblemLoader Environment load took 84.5ns 
186525     INFO  main            d.u.i.k.p.i.AbstractProblemLoader Creating init config 
188782     DEBUG main            d.u.i.k.p.i.AbstractProblemLoader Init config took 2.26s 
188797     INFO  main            d.u.i.k.p.i.AbstractProblemLoader Replaying proof heuristic_PUZ031p1.key 
188798     DEBUG main            d.u.i.k.p.i.IntermediateProofReplayer Proof replay took 7.3ns 
193326     INFO  main            d.u.i.k.p.r.p.TestFile    ... finished proof: closed. 
193653     INFO  main            d.u.i.k.p.i.AbstractProblemLoader Loading environment from /home/runner/work/key/key/key.core/../key.ui/examples/standard_key/quantifiers/heuristic_PUZ031p1.key.proof 
193653     DEBUG main            d.u.i.k.p.i.AbstractProblemLoader Environment load took 147.1ns 
193655     INFO  main            d.u.i.k.p.i.AbstractProblemLoader Creating init config 
195880     DEBUG main            d.u.i.k.p.i.AbstractProblemLoader Init config took 2.23s 
195894     INFO  main            d.u.i.k.p.i.AbstractProblemLoader Replaying proof heuristic_PUZ031p1.key.proof 
195967     DEBUG main            d.u.i.k.p.i.IntermediateProofReplayer Proof replay took 69.62ms 
195969     DEBUG main            d.u.i.k.p.r.p.TestFile    ... success: reloaded. 
195970     INFO  main            d.u.i.k.p.r.p.TestFile    Now processing file /home/runner/work/key/key/key.core/../key.ui/examples/standard_key/quantifiers/heuristic_SYN036p2.key 
195970     INFO  main            d.u.i.k.p.i.AbstractProblemLoader Loading environment from /home/runner/work/key/key/key.core/../key.ui/examples/standard_key/quantifiers/heuristic_SYN036p2.key 
195970     DEBUG main            d.u.i.k.p.i.AbstractProblemLoader Environment load took 157ns 
195971     INFO  main            d.u.i.k.p.i.AbstractProblemLoader Creating init config 
198201     DEBUG main            d.u.i.k.p.i.AbstractProblemLoader Init config took 2.23s 
198215     INFO  main            d.u.i.k.p.i.AbstractProblemLoader Replaying proof heuristic_SYN036p2.key 
198216     DEBUG main            d.u.i.k.p.i.IntermediateProofReplayer Proof replay took 7.5ns 
198421     INFO  main            d.u.i.k.p.r.p.TestFile    ... finished proof: closed. 
198750     INFO  main            d.u.i.k.p.i.AbstractProblemLoader Loading environment from /home/runner/work/key/key/key.core/../key.ui/examples/standard_key/quantifiers/heuristic_SYN036p2.key.proof 
198751     DEBUG main            d.u.i.k.p.i.AbstractProblemLoader Environment load took 356.31ns 
198752     INFO  main            d.u.i.k.p.i.AbstractProblemLoader Creating init config 
200947     DEBUG main            d.u.i.k.p.i.AbstractProblemLoader Init config took 2.19s 
200960     INFO  main            d.u.i.k.p.i.AbstractProblemLoader Replaying proof heuristic_SYN036p2.key.proof 
201019     DEBUG main            d.u.i.k.p.i.IntermediateProofReplayer Proof replay took 52.05ms 
201020     DEBUG main            d.u.i.k.p.r.p.TestFile    ... success: reloaded. 
201021     INFO  main            d.u.i.k.p.r.p.TestFile    Now processing file /home/runner/work/key/key/key.core/../key.ui/examples/standard_key/quantifiers/injectivity.key 
201021     INFO  main            d.u.i.k.p.i.AbstractProblemLoader Loading environment from /home/runner/work/key/key/key.core/../key.ui/examples/standard_key/quantifiers/injectivity.key 
201021     DEBUG main            d.u.i.k.p.i.AbstractProblemLoader Environment load took 74.3ns 
201022     INFO  main            d.u.i.k.p.i.AbstractProblemLoader Creating init config 
203255     DEBUG main            d.u.i.k.p.i.AbstractProblemLoader Init config took 2.23s 
203268     INFO  main            d.u.i.k.p.i.AbstractProblemLoader Replaying proof injectivity.key 
203269     DEBUG main            d.u.i.k.p.i.IntermediateProofReplayer Proof replay took 6.8ns 
203371     INFO  main            d.u.i.k.p.r.p.TestFile    ... finished proof: closed. 
203678     INFO  main            d.u.i.k.p.i.AbstractProblemLoader Loading environment from /home/runner/work/key/key/key.core/../key.ui/examples/standard_key/quantifiers/injectivity.key.proof 
203678     DEBUG main            d.u.i.k.p.i.AbstractProblemLoader Environment load took 80.5ns 
203679     INFO  main            d.u.i.k.p.i.AbstractProblemLoader Creating init config 
205861     DEBUG main            d.u.i.k.p.i.AbstractProblemLoader Init config took 2.18s 
205874     INFO  main            d.u.i.k.p.i.AbstractProblemLoader Replaying proof injectivity.key.proof 
205877     DEBUG main            d.u.i.k.p.i.IntermediateProofReplayer Proof replay took 1.72ms 
205877     DEBUG main            d.u.i.k.p.r.p.TestFile    ... success: reloaded. 
205878     INFO  main            d.u.i.k.p.r.p.TestFile    Now processing file /home/runner/work/key/key/key.core/../key.ui/examples/standard_key/quantifiers/normalisation0.key 
205878     INFO  main            d.u.i.k.p.i.AbstractProblemLoader Loading environment from /home/runner/work/key/key/key.core/../key.ui/examples/standard_key/quantifiers/normalisation0.key 
205878     DEBUG main            d.u.i.k.p.i.AbstractProblemLoader Environment load took 45.5ns 
205880     INFO  main            d.u.i.k.p.i.AbstractProblemLoader Creating init config 
208103     DEBUG main            d.u.i.k.p.i.AbstractProblemLoader Init config took 2.22s 
208116     INFO  main            d.u.i.k.p.i.AbstractProblemLoader Replaying proof normalisation0.key 
208118     DEBUG main            d.u.i.k.p.i.IntermediateProofReplayer Proof replay took 6.5ns 
208220     INFO  main            d.u.i.k.p.r.p.TestFile    ... finished proof: closed. 
208545     INFO  main            d.u.i.k.p.i.AbstractProblemLoader Loading environment from /home/runner/work/key/key/key.core/../key.ui/examples/standard_key/quantifiers/normalisation0.key.proof 
208545     DEBUG main            d.u.i.k.p.i.AbstractProblemLoader Environment load took 82.9ns 
208546     INFO  main            d.u.i.k.p.i.AbstractProblemLoader Creating init config 
210738     DEBUG main            d.u.i.k.p.i.AbstractProblemLoader Init config took 2.19s 
210752     INFO  main            d.u.i.k.p.i.AbstractProblemLoader Replaying proof normalisation0.key.proof 
210755     DEBUG main            d.u.i.k.p.i.IntermediateProofReplayer Proof replay took 2.25ms 
210756     DEBUG main            d.u.i.k.p.r.p.TestFile    ... success: reloaded. 
210757     INFO  main            d.u.i.k.p.r.p.TestFile    Now processing file /home/runner/work/key/key/key.core/../key.ui/examples/standard_key/quantifiers/normalisation1.key 
210757     INFO  main            d.u.i.k.p.i.AbstractProblemLoader Loading environment from /home/runner/work/key/key/key.core/../key.ui/examples/standard_key/quantifiers/normalisation1.key 
210757     DEBUG main            d.u.i.k.p.i.AbstractProblemLoader Environment load took 91.2ns 
210758     INFO  main            d.u.i.k.p.i.AbstractProblemLoader Creating init config 
212987     DEBUG main            d.u.i.k.p.i.AbstractProblemLoader Init config took 2.23s 
213019     INFO  main            d.u.i.k.p.i.AbstractProblemLoader Replaying proof normalisation1.key 
213020     DEBUG main            d.u.i.k.p.i.IntermediateProofReplayer Proof replay took 7.8ns 
213125     INFO  main            d.u.i.k.p.r.p.TestFile    ... finished proof: closed. 
213444     INFO  main            d.u.i.k.p.i.AbstractProblemLoader Loading environment from /home/runner/work/key/key/key.core/../key.ui/examples/standard_key/quantifiers/normalisation1.key.proof 
213444     DEBUG main            d.u.i.k.p.i.AbstractProblemLoader Environment load took 79.4ns 
213445     INFO  main            d.u.i.k.p.i.AbstractProblemLoader Creating init config 
215642     DEBUG main            d.u.i.k.p.i.AbstractProblemLoader Init config took 2.2s 
215655     INFO  main            d.u.i.k.p.i.AbstractProblemLoader Replaying proof normalisation1.key.proof 
215659     DEBUG main            d.u.i.k.p.i.IntermediateProofReplayer Proof replay took 2.61ms 
215660     DEBUG main            d.u.i.k.p.r.p.TestFile    ... success: reloaded. 
215661     INFO  main            d.u.i.k.p.r.p.TestFile    Now processing file /home/runner/work/key/key/key.core/../key.ui/examples/standard_key/quantifiers/normalisation2.key 
215661     INFO  main            d.u.i.k.p.i.AbstractProblemLoader Loading environment from /home/runner/work/key/key/key.core/../key.ui/examples/standard_key/quantifiers/normalisation2.key 
215661     DEBUG main            d.u.i.k.p.i.AbstractProblemLoader Environment load took 63.8ns 
215662     INFO  main            d.u.i.k.p.i.AbstractProblemLoader Creating init config 
217913     DEBUG main            d.u.i.k.p.i.AbstractProblemLoader Init config took 2.25s 
217926     INFO  main            d.u.i.k.p.i.AbstractProblemLoader Replaying proof normalisation2.key 
217927     DEBUG main            d.u.i.k.p.i.IntermediateProofReplayer Proof replay took 8.1ns 
218029     INFO  main            d.u.i.k.p.r.p.TestFile    ... finished proof: closed. 
218350     INFO  main            d.u.i.k.p.i.AbstractProblemLoader Loading environment from /home/runner/work/key/key/key.core/../key.ui/examples/standard_key/quantifiers/normalisation2.key.proof 
218350     DEBUG main            d.u.i.k.p.i.AbstractProblemLoader Environment load took 86.2ns 
218351     INFO  main            d.u.i.k.p.i.AbstractProblemLoader Creating init config 
220541     DEBUG main            d.u.i.k.p.i.AbstractProblemLoader Init config took 2.19s 
220555     INFO  main            d.u.i.k.p.i.AbstractProblemLoader Replaying proof normalisation2.key.proof 
220558     DEBUG main            d.u.i.k.p.i.IntermediateProofReplayer Proof replay took 2.13ms 
220559     DEBUG main            d.u.i.k.p.r.p.TestFile    ... success: reloaded. 
220560     INFO  main            d.u.i.k.p.r.p.TestFile    Now processing file /home/runner/work/key/key/key.core/../key.ui/examples/standard_key/quantifiers/normalisation3.key 
220560     INFO  main            d.u.i.k.p.i.AbstractProblemLoader Loading environment from /home/runner/work/key/key/key.core/../key.ui/examples/standard_key/quantifiers/normalisation3.key 
220560     DEBUG main            d.u.i.k.p.i.AbstractProblemLoader Environment load took 45.2ns 
220561     INFO  main            d.u.i.k.p.i.AbstractProblemLoader Creating init config 
222794     DEBUG main            d.u.i.k.p.i.AbstractProblemLoader Init config took 2.23s 
222806     INFO  main            d.u.i.k.p.i.AbstractProblemLoader Replaying proof normalisation3.key 
222808     DEBUG main            d.u.i.k.p.i.IntermediateProofReplayer Proof replay took 6.8ns 
222910     INFO  main            d.u.i.k.p.r.p.TestFile    ... finished proof: closed. 
223231     INFO  main            d.u.i.k.p.i.AbstractProblemLoader Loading environment from /home/runner/work/key/key/key.core/../key.ui/examples/standard_key/quantifiers/normalisation3.key.proof 
223231     DEBUG main            d.u.i.k.p.i.AbstractProblemLoader Environment load took 90ns 
223232     INFO  main            d.u.i.k.p.i.AbstractProblemLoader Creating init config 
225421     DEBUG main            d.u.i.k.p.i.AbstractProblemLoader Init config took 2.19s 
225434     INFO  main            d.u.i.k.p.i.AbstractProblemLoader Replaying proof normalisation3.key.proof 
225437     DEBUG main            d.u.i.k.p.i.IntermediateProofReplayer Proof replay took 2.43ms 
225438     DEBUG main            d.u.i.k.p.r.p.TestFile    ... success: reloaded. 
225439     INFO  main            d.u.i.k.p.r.p.TestFile    Now processing file /home/runner/work/key/key/key.core/../key.ui/examples/standard_key/quantifiers/normalisation4.key 
225439     INFO  main            d.u.i.k.p.i.AbstractProblemLoader Loading environment from /home/runner/work/key/key/key.core/../key.ui/examples/standard_key/quantifiers/normalisation4.key 
225439     DEBUG main            d.u.i.k.p.i.AbstractProblemLoader Environment load took 78.2ns 
225440     INFO  main            d.u.i.k.p.i.AbstractProblemLoader Creating init config 
227670     DEBUG main            d.u.i.k.p.i.AbstractProblemLoader Init config took 2.23s 
227684     INFO  main            d.u.i.k.p.i.AbstractProblemLoader Replaying proof normalisation4.key 
227685     DEBUG main            d.u.i.k.p.i.IntermediateProofReplayer Proof replay took 8.1ns 
227787     INFO  main            d.u.i.k.p.r.p.TestFile    ... finished proof: closed. 
228131     INFO  main            d.u.i.k.p.i.AbstractProblemLoader Loading environment from /home/runner/work/key/key/key.core/../key.ui/examples/standard_key/quantifiers/normalisation4.key.proof 
228131     DEBUG main            d.u.i.k.p.i.AbstractProblemLoader Environment load took 93.3ns 
228132     INFO  main            d.u.i.k.p.i.AbstractProblemLoader Creating init config 
230328     DEBUG main            d.u.i.k.p.i.AbstractProblemLoader Init config took 2.2s 
230341     INFO  main            d.u.i.k.p.i.AbstractProblemLoader Replaying proof normalisation4.key.proof 
230347     DEBUG main            d.u.i.k.p.i.IntermediateProofReplayer Proof replay took 4.01ms 
230348     DEBUG main            d.u.i.k.p.r.p.TestFile    ... success: reloaded. 
230348     INFO  main            d.u.i.k.p.r.p.TestFile    Now processing file /home/runner/work/key/key/key.core/../key.ui/examples/standard_key/quantifiers/normalisation5.key 
230349     INFO  main            d.u.i.k.p.i.AbstractProblemLoader Loading environment from /home/runner/work/key/key/key.core/../key.ui/examples/standard_key/quantifiers/normalisation5.key 
230349     DEBUG main            d.u.i.k.p.i.AbstractProblemLoader Environment load took 95.5ns 
230350     INFO  main            d.u.i.k.p.i.AbstractProblemLoader Creating init config 
232568     DEBUG main            d.u.i.k.p.i.AbstractProblemLoader Init config took 2.22s 
232581     INFO  main            d.u.i.k.p.i.AbstractProblemLoader Replaying proof normalisation5.key 
232583     DEBUG main            d.u.i.k.p.i.IntermediateProofReplayer Proof replay took 6.8ns 
232685     INFO  main            d.u.i.k.p.r.p.TestFile    ... finished proof: closed. 
233021     INFO  main            d.u.i.k.p.i.AbstractProblemLoader Loading environment from /home/runner/work/key/key/key.core/../key.ui/examples/standard_key/quantifiers/normalisation5.key.proof 
233021     DEBUG main            d.u.i.k.p.i.AbstractProblemLoader Environment load took 81.8ns 
233022     INFO  main            d.u.i.k.p.i.AbstractProblemLoader Creating init config 
235203     DEBUG main            d.u.i.k.p.i.AbstractProblemLoader Init config took 2.18s 
235216     INFO  main            d.u.i.k.p.i.AbstractProblemLoader Replaying proof normalisation5.key.proof 
235221     DEBUG main            d.u.i.k.p.i.IntermediateProofReplayer Proof replay took 3.57ms 
235221     DEBUG main            d.u.i.k.p.r.p.TestFile    ... success: reloaded. 
235222     INFO  main            d.u.i.k.p.r.p.TestFile    Now processing file /home/runner/work/key/key/key.core/../key.ui/examples/standard_key/quantifiers/normalisation6.key 
235222     INFO  main            d.u.i.k.p.i.AbstractProblemLoader Loading environment from /home/runner/work/key/key/key.core/../key.ui/examples/standard_key/quantifiers/normalisation6.key 
235222     DEBUG main            d.u.i.k.p.i.AbstractProblemLoader Environment load took 68.7ns 
235223     INFO  main            d.u.i.k.p.i.AbstractProblemLoader Creating init config 
237438     DEBUG main            d.u.i.k.p.i.AbstractProblemLoader Init config took 2.21s 
237450     INFO  main            d.u.i.k.p.i.AbstractProblemLoader Replaying proof normalisation6.key 
237452     DEBUG main            d.u.i.k.p.i.IntermediateProofReplayer Proof replay took 6.8ns 
237554     INFO  main            d.u.i.k.p.r.p.TestFile    ... finished proof: closed. 
237894     INFO  main            d.u.i.k.p.i.AbstractProblemLoader Loading environment from /home/runner/work/key/key/key.core/../key.ui/examples/standard_key/quantifiers/normalisation6.key.proof 
237894     DEBUG main            d.u.i.k.p.i.AbstractProblemLoader Environment load took 83.4ns 
237895     INFO  main            d.u.i.k.p.i.AbstractProblemLoader Creating init config 
240087     DEBUG main            d.u.i.k.p.i.AbstractProblemLoader Init config took 2.19s 
240101     INFO  main            d.u.i.k.p.i.AbstractProblemLoader Replaying proof normalisation6.key.proof 
240104     DEBUG main            d.u.i.k.p.i.IntermediateProofReplayer Proof replay took 2.36ms 
240105     DEBUG main            d.u.i.k.p.r.p.TestFile    ... success: reloaded. 
240106     INFO  main            d.u.i.k.p.r.p.TestFile    Now processing file /home/runner/work/key/key/key.core/../key.ui/examples/standard_key/quantifiers/normalisation7.key 
240106     INFO  main            d.u.i.k.p.i.AbstractProblemLoader Loading environment from /home/runner/work/key/key/key.core/../key.ui/examples/standard_key/quantifiers/normalisation7.key 
240106     DEBUG main            d.u.i.k.p.i.AbstractProblemLoader Environment load took 68.8ns 
240107     INFO  main            d.u.i.k.p.i.AbstractProblemLoader Creating init config 
242338     DEBUG main            d.u.i.k.p.i.AbstractProblemLoader Init config took 2.23s 
242351     INFO  main            d.u.i.k.p.i.AbstractProblemLoader Replaying proof normalisation7.key 
242353     DEBUG main            d.u.i.k.p.i.IntermediateProofReplayer Proof replay took 7.5ns 
242454     INFO  main            d.u.i.k.p.r.p.TestFile    ... finished proof: closed. 
242810     INFO  main            d.u.i.k.p.i.AbstractProblemLoader Loading environment from /home/runner/work/key/key/key.core/../key.ui/examples/standard_key/quantifiers/normalisation7.key.proof 
242810     DEBUG main            d.u.i.k.p.i.AbstractProblemLoader Environment load took 104.6ns 
242811     INFO  main            d.u.i.k.p.i.AbstractProblemLoader Creating init config 
244998     DEBUG main            d.u.i.k.p.i.AbstractProblemLoader Init config took 2.19s 
245011     INFO  main            d.u.i.k.p.i.AbstractProblemLoader Replaying proof normalisation7.key.proof 
245015     DEBUG main            d.u.i.k.p.i.IntermediateProofReplayer Proof replay took 2.14ms 
245016     DEBUG main            d.u.i.k.p.r.p.TestFile    ... success: reloaded. 
245016     INFO  main            d.u.i.k.p.r.p.TestFile    Now processing file /home/runner/work/key/key/key.core/../key.ui/examples/standard_key/quantifiers/normalisation8.key 
245017     INFO  main            d.u.i.k.p.i.AbstractProblemLoader Loading environment from /home/runner/work/key/key/key.core/../key.ui/examples/standard_key/quantifiers/normalisation8.key 
245017     DEBUG main            d.u.i.k.p.i.AbstractProblemLoader Environment load took 58.6ns 
245018     INFO  main            d.u.i.k.p.i.AbstractProblemLoader Creating init config 
247240     DEBUG main            d.u.i.k.p.i.AbstractProblemLoader Init config took 2.22s 
247254     INFO  main            d.u.i.k.p.i.AbstractProblemLoader Replaying proof normalisation8.key 
247256     DEBUG main            d.u.i.k.p.i.IntermediateProofReplayer Proof replay took 7.5ns 
247357     INFO  main            d.u.i.k.p.r.p.TestFile    ... finished proof: closed. 
247709     INFO  main            d.u.i.k.p.i.AbstractProblemLoader Loading environment from /home/runner/work/key/key/key.core/../key.ui/examples/standard_key/quantifiers/normalisation8.key.proof 
247709     DEBUG main            d.u.i.k.p.i.AbstractProblemLoader Environment load took 80.6ns 
247710     INFO  main            d.u.i.k.p.i.AbstractProblemLoader Creating init config 
249899     DEBUG main            d.u.i.k.p.i.AbstractProblemLoader Init config took 2.19s 
249912     INFO  main            d.u.i.k.p.i.AbstractProblemLoader Replaying proof normalisation8.key.proof 
249920     DEBUG main            d.u.i.k.p.i.IntermediateProofReplayer Proof replay took 4.66ms 
249921     DEBUG main            d.u.i.k.p.r.p.TestFile    ... success: reloaded. 
249922     INFO  main            d.u.i.k.p.r.p.TestFile    Now processing file /home/runner/work/key/key/key.core/../key.ui/examples/standard_key/quantifiers/normalisation9.key 
249922     INFO  main            d.u.i.k.p.i.AbstractProblemLoader Loading environment from /home/runner/work/key/key/key.core/../key.ui/examples/standard_key/quantifiers/normalisation9.key 
249922     DEBUG main            d.u.i.k.p.i.AbstractProblemLoader Environment load took 71.5ns 
249923     INFO  main            d.u.i.k.p.i.AbstractProblemLoader Creating init config 
252148     DEBUG main            d.u.i.k.p.i.AbstractProblemLoader Init config took 2.22s 
252161     INFO  main            d.u.i.k.p.i.AbstractProblemLoader Replaying proof normalisation9.key 
252163     DEBUG main            d.u.i.k.p.i.IntermediateProofReplayer Proof replay took 6.8ns 
252264     INFO  main            d.u.i.k.p.r.p.TestFile    ... finished proof: closed. 
252634     INFO  main            d.u.i.k.p.i.AbstractProblemLoader Loading environment from /home/runner/work/key/key/key.core/../key.ui/examples/standard_key/quantifiers/normalisation9.key.proof 
252634     DEBUG main            d.u.i.k.p.i.AbstractProblemLoader Environment load took 81.4ns 
252635     INFO  main            d.u.i.k.p.i.AbstractProblemLoader Creating init config 
254821     DEBUG main            d.u.i.k.p.i.AbstractProblemLoader Init config took 2.19s 
254835     INFO  main            d.u.i.k.p.i.AbstractProblemLoader Replaying proof normalisation9.key.proof 
254842     DEBUG main            d.u.i.k.p.i.IntermediateProofReplayer Proof replay took 5.72ms 
254843     DEBUG main            d.u.i.k.p.r.p.TestFile    ... success: reloaded. 
254843     INFO  main            d.u.i.k.p.r.p.TestFile    Now processing file /home/runner/work/key/key/key.core/../key.ui/examples/standard_key/quantifiers/normalisation10.key 
254844     INFO  main            d.u.i.k.p.i.AbstractProblemLoader Loading environment from /home/runner/work/key/key/key.core/../key.ui/examples/standard_key/quantifiers/normalisation10.key 
254844     DEBUG main            d.u.i.k.p.i.AbstractProblemLoader Environment load took 78.2ns 
254845     INFO  main            d.u.i.k.p.i.AbstractProblemLoader Creating init config 
257077     DEBUG main            d.u.i.k.p.i.AbstractProblemLoader Init config took 2.23s 
257090     INFO  main            d.u.i.k.p.i.AbstractProblemLoader Replaying proof normalisation10.key 
257091     DEBUG main            d.u.i.k.p.i.IntermediateProofReplayer Proof replay took 6.7ns 
257193     INFO  main            d.u.i.k.p.r.p.TestFile    ... finished proof: closed. 
257565     INFO  main            d.u.i.k.p.i.AbstractProblemLoader Loading environment from /home/runner/work/key/key/key.core/../key.ui/examples/standard_key/quantifiers/normalisation10.key.proof 
257565     DEBUG main            d.u.i.k.p.i.AbstractProblemLoader Environment load took 82.2ns 
257566     INFO  main            d.u.i.k.p.i.AbstractProblemLoader Creating init config 
259750     DEBUG main            d.u.i.k.p.i.AbstractProblemLoader Init config took 2.18s 
259764     INFO  main            d.u.i.k.p.i.AbstractProblemLoader Replaying proof normalisation10.key.proof 
259772     DEBUG main            d.u.i.k.p.i.IntermediateProofReplayer Proof replay took 5.02ms 
259773     DEBUG main            d.u.i.k.p.r.p.TestFile    ... success: reloaded. 
259773     INFO  main            d.u.i.k.p.r.p.TestFile    Now processing file /home/runner/work/key/key/key.core/../key.ui/examples/standard_key/quantifiers/normalisation12.key 
259773     INFO  main            d.u.i.k.p.i.AbstractProblemLoader Loading environment from /home/runner/work/key/key/key.core/../key.ui/examples/standard_key/quantifiers/normalisation12.key 
259774     DEBUG main            d.u.i.k.p.i.AbstractProblemLoader Environment load took 66.5ns 
259774     INFO  main            d.u.i.k.p.i.AbstractProblemLoader Creating init config 
262026     DEBUG main            d.u.i.k.p.i.AbstractProblemLoader Init config took 2.25s 
262041     INFO  main            d.u.i.k.p.i.AbstractProblemLoader Replaying proof normalisation12.key 
262043     DEBUG main            d.u.i.k.p.i.IntermediateProofReplayer Proof replay took 6.6ns 
262145     INFO  main            d.u.i.k.p.r.p.TestFile    ... finished proof: closed. 
262517     INFO  main            d.u.i.k.p.i.AbstractProblemLoader Loading environment from /home/runner/work/key/key/key.core/../key.ui/examples/standard_key/quantifiers/normalisation12.key.proof 
262517     DEBUG main            d.u.i.k.p.i.AbstractProblemLoader Environment load took 83.2ns 
262518     INFO  main            d.u.i.k.p.i.AbstractProblemLoader Creating init config 
264703     DEBUG main            d.u.i.k.p.i.AbstractProblemLoader Init config took 2.19s 
264717     INFO  main            d.u.i.k.p.i.AbstractProblemLoader Replaying proof normalisation12.key.proof 
264720     DEBUG main            d.u.i.k.p.i.IntermediateProofReplayer Proof replay took 1.25ms 
264721     DEBUG main            d.u.i.k.p.r.p.TestFile    ... success: reloaded. 
264721     INFO  main            d.u.i.k.p.r.p.TestFile    Now processing file /home/runner/work/key/key/key.core/../key.ui/examples/standard_key/quantifiers/normalisation13.key 
264722     INFO  main            d.u.i.k.p.i.AbstractProblemLoader Loading environment from /home/runner/work/key/key/key.core/../key.ui/examples/standard_key/quantifiers/normalisation13.key 
264722     DEBUG main            d.u.i.k.p.i.AbstractProblemLoader Environment load took 49.1ns 
264723     INFO  main            d.u.i.k.p.i.AbstractProblemLoader Creating init config 
266963     DEBUG main            d.u.i.k.p.i.AbstractProblemLoader Init config took 2.24s 
266976     INFO  main            d.u.i.k.p.i.AbstractProblemLoader Replaying proof normalisation13.key 
266978     DEBUG main            d.u.i.k.p.i.IntermediateProofReplayer Proof replay took 7.2ns 
267079     INFO  main            d.u.i.k.p.r.p.TestFile    ... finished proof: closed. 
267460     INFO  main            d.u.i.k.p.i.AbstractProblemLoader Loading environment from /home/runner/work/key/key/key.core/../key.ui/examples/standard_key/quantifiers/normalisation13.key.proof 
267460     DEBUG main            d.u.i.k.p.i.AbstractProblemLoader Environment load took 83.2ns 
267461     INFO  main            d.u.i.k.p.i.AbstractProblemLoader Creating init config 
269646     DEBUG main            d.u.i.k.p.i.AbstractProblemLoader Init config took 2.19s 
269659     INFO  main            d.u.i.k.p.i.AbstractProblemLoader Replaying proof normalisation13.key.proof 
269661     DEBUG main            d.u.i.k.p.i.IntermediateProofReplayer Proof replay took 593.51ns 
269662     DEBUG main            d.u.i.k.p.r.p.TestFile    ... success: reloaded. 
269663     INFO  main            d.u.i.k.p.r.p.TestFile    Now processing file /home/runner/work/key/key/key.core/../key.ui/examples/standard_key/quantifiers/triggers0.key 
269663     INFO  main            d.u.i.k.p.i.AbstractProblemLoader Loading environment from /home/runner/work/key/key/key.core/../key.ui/examples/standard_key/quantifiers/triggers0.key 
269663     DEBUG main            d.u.i.k.p.i.AbstractProblemLoader Environment load took 92.9ns 
269664     INFO  main            d.u.i.k.p.i.AbstractProblemLoader Creating init config 
271896     DEBUG main            d.u.i.k.p.i.AbstractProblemLoader Init config took 2.23s 
271908     INFO  main            d.u.i.k.p.i.AbstractProblemLoader Replaying proof triggers0.key 
271910     DEBUG main            d.u.i.k.p.i.IntermediateProofReplayer Proof replay took 7.4ns 
272012     INFO  main            d.u.i.k.p.r.p.TestFile    ... finished proof: closed. 
272402     INFO  main            d.u.i.k.p.i.AbstractProblemLoader Loading environment from /home/runner/work/key/key/key.core/../key.ui/examples/standard_key/quantifiers/triggers0.key.proof 
272402     DEBUG main            d.u.i.k.p.i.AbstractProblemLoader Environment load took 81.5ns 
272403     INFO  main            d.u.i.k.p.i.AbstractProblemLoader Creating init config 
274595     DEBUG main            d.u.i.k.p.i.AbstractProblemLoader Init config took 2.19s 
274609     INFO  main            d.u.i.k.p.i.AbstractProblemLoader Replaying proof triggers0.key.proof 
274612     DEBUG main            d.u.i.k.p.i.IntermediateProofReplayer Proof replay took 1.5ms 
274612     DEBUG main            d.u.i.k.p.r.p.TestFile    ... success: reloaded. 
3810188    INFO  Test worker     d.u.i.k.p.r.RunAllProofsTestUnit Returning from test FOL 
3810189    INFO  Test worker     d.u.i.k.p.r.RunAllProofsTestUnit Running test strings 
355        INFO  Timeout watchdog d.u.i.k.p.r.p.ForkedTestFileRunner Timeout watcher launched (2000 secs.) 
362        WARN  main            d.u.i.k.s.ProofSettings   The settings in /home/runner/.key/proof-settings.props are *not* read. 
409        INFO  main            d.u.i.k.p.r.p.TestFile    Now processing file /home/runner/work/key/key/key.core/../key.ui/examples/standard_key/strings/charAt0.key 
532        INFO  main            d.u.i.k.p.i.AbstractProblemLoader Loading environment from /home/runner/work/key/key/key.core/../key.ui/examples/standard_key/strings/charAt0.key 
552        DEBUG main            d.u.i.k.p.i.AbstractProblemLoader Environment load took 2.06ms 
802        INFO  main            d.u.i.k.p.i.AbstractProblemLoader Creating init config 
1891       DEBUG main            d.u.i.k.j.TypeConverter   No LDT found for Meta 
1892       DEBUG main            d.u.i.k.j.TypeConverter   No LDT found for Meta 
1894       DEBUG main            d.u.i.k.j.TypeConverter   No LDT found for Meta 
1894       DEBUG main            d.u.i.k.j.TypeConverter   No LDT found for Meta 
3312       DEBUG main            d.u.i.k.j.TypeConverter   No LDT found for JavaBigintExpression 
8269       DEBUG main            d.u.i.k.p.i.AbstractProblemLoader Init config took 7.47s 
8329       INFO  main            d.u.i.k.p.i.AbstractProblemLoader Replaying proof charAt0.key 
8362       DEBUG main            d.u.i.k.p.i.IntermediateProofReplayer Proof replay took 37.9ns 
8742       INFO  main            d.u.i.k.p.r.p.TestFile    ... finished proof: closed. 
8860       INFO  main            d.u.i.k.p.i.AbstractProblemLoader Loading environment from /home/runner/work/key/key/key.core/../key.ui/examples/standard_key/strings/charAt0.key.proof 
8860       DEBUG main            d.u.i.k.p.i.AbstractProblemLoader Environment load took 288.01ns 
8864       INFO  main            d.u.i.k.p.i.AbstractProblemLoader Creating init config 
11652      DEBUG main            d.u.i.k.p.i.AbstractProblemLoader Init config took 2.79s 
11696      INFO  main            d.u.i.k.p.i.AbstractProblemLoader Replaying proof charAt0.key.proof 
11719      DEBUG main            d.u.i.k.p.i.IntermediateProofReplayer Proof replay took 17.28ms 
11729      DEBUG main            d.u.i.k.p.r.p.TestFile    ... success: reloaded. 
11730      INFO  main            d.u.i.k.p.r.p.TestFile    Now processing file /home/runner/work/key/key/key.core/../key.ui/examples/standard_key/strings/charAt1.key 
11731      INFO  main            d.u.i.k.p.i.AbstractProblemLoader Loading environment from /home/runner/work/key/key/key.core/../key.ui/examples/standard_key/strings/charAt1.key 
11731      DEBUG main            d.u.i.k.p.i.AbstractProblemLoader Environment load took 221ns 
11733      INFO  main            d.u.i.k.p.i.AbstractProblemLoader Creating init config 
14387      DEBUG main            d.u.i.k.p.i.AbstractProblemLoader Init config took 2.65s 
14417      INFO  main            d.u.i.k.p.i.AbstractProblemLoader Replaying proof charAt1.key 
14419      DEBUG main            d.u.i.k.p.i.IntermediateProofReplayer Proof replay took 7.2ns 
14622      INFO  main            d.u.i.k.p.r.p.TestFile    ... finished proof: closed. 
14756      INFO  main            d.u.i.k.p.i.AbstractProblemLoader Loading environment from /home/runner/work/key/key/key.core/../key.ui/examples/standard_key/strings/charAt1.key.proof 
14756      DEBUG main            d.u.i.k.p.i.AbstractProblemLoader Environment load took 628.61ns 
14759      INFO  main            d.u.i.k.p.i.AbstractProblemLoader Creating init config 
17326      DEBUG main            d.u.i.k.p.i.AbstractProblemLoader Init config took 2.57s 
17360      INFO  main            d.u.i.k.p.i.AbstractProblemLoader Replaying proof charAt1.key.proof 
17382      DEBUG main            d.u.i.k.p.i.IntermediateProofReplayer Proof replay took 18.39ms 
17383      DEBUG main            d.u.i.k.p.r.p.TestFile    ... success: reloaded. 
17384      INFO  main            d.u.i.k.p.r.p.TestFile    Now processing file /home/runner/work/key/key/key.core/../key.ui/examples/standard_key/strings/concat1.key 
17384      INFO  main            d.u.i.k.p.i.AbstractProblemLoader Loading environment from /home/runner/work/key/key/key.core/../key.ui/examples/standard_key/strings/concat1.key 
17393      DEBUG main            d.u.i.k.p.i.AbstractProblemLoader Environment load took 9.02ms 
17395      INFO  main            d.u.i.k.p.i.AbstractProblemLoader Creating init config 
20008      DEBUG main            d.u.i.k.p.i.AbstractProblemLoader Init config took 2.61s 
20029      INFO  main            d.u.i.k.p.i.AbstractProblemLoader Replaying proof concat1.key 
20031      DEBUG main            d.u.i.k.p.i.IntermediateProofReplayer Proof replay took 6ns 
20134      INFO  main            d.u.i.k.p.r.p.TestFile    ... finished proof: closed. 
20279      INFO  main            d.u.i.k.p.i.AbstractProblemLoader Loading environment from /home/runner/work/key/key/key.core/../key.ui/examples/standard_key/strings/concat1.key.proof 
20279      DEBUG main            d.u.i.k.p.i.AbstractProblemLoader Environment load took 134.7ns 
20280      INFO  main            d.u.i.k.p.i.AbstractProblemLoader Creating init config 
22777      DEBUG main            d.u.i.k.p.i.AbstractProblemLoader Init config took 2.5s 
22797      INFO  main            d.u.i.k.p.i.AbstractProblemLoader Replaying proof concat1.key.proof 
22801      DEBUG main            d.u.i.k.p.i.IntermediateProofReplayer Proof replay took 1.49ms 
22802      DEBUG main            d.u.i.k.p.r.p.TestFile    ... success: reloaded. 
22803      INFO  main            d.u.i.k.p.r.p.TestFile    Now processing file /home/runner/work/key/key/key.core/../key.ui/examples/standard_key/strings/concat2.key 
22803      INFO  main            d.u.i.k.p.i.AbstractProblemLoader Loading environment from /home/runner/work/key/key/key.core/../key.ui/examples/standard_key/strings/concat2.key 
22803      DEBUG main            d.u.i.k.p.i.AbstractProblemLoader Environment load took 95.3ns 
22804      INFO  main            d.u.i.k.p.i.AbstractProblemLoader Creating init config 
25339      DEBUG main            d.u.i.k.p.i.AbstractProblemLoader Init config took 2.53s 
25360      INFO  main            d.u.i.k.p.i.AbstractProblemLoader Replaying proof concat2.key 
25361      DEBUG main            d.u.i.k.p.i.IntermediateProofReplayer Proof replay took 5.6ns 
25464      INFO  main            d.u.i.k.p.r.p.TestFile    ... finished proof: closed. 
25607      INFO  main            d.u.i.k.p.i.AbstractProblemLoader Loading environment from /home/runner/work/key/key/key.core/../key.ui/examples/standard_key/strings/concat2.key.proof 
25608      DEBUG main            d.u.i.k.p.i.AbstractProblemLoader Environment load took 123.2ns 
25609      INFO  main            d.u.i.k.p.i.AbstractProblemLoader Creating init config 
28096      DEBUG main            d.u.i.k.p.i.AbstractProblemLoader Init config took 2.49s 
28116      INFO  main            d.u.i.k.p.i.AbstractProblemLoader Replaying proof concat2.key.proof 
28128      DEBUG main            d.u.i.k.p.i.IntermediateProofReplayer Proof replay took 9.49ms 
28129      DEBUG main            d.u.i.k.p.r.p.TestFile    ... success: reloaded. 
28130      INFO  main            d.u.i.k.p.r.p.TestFile    Now processing file /home/runner/work/key/key/key.core/../key.ui/examples/standard_key/strings/deriveLength1.key 
28130      INFO  main            d.u.i.k.p.i.AbstractProblemLoader Loading environment from /home/runner/work/key/key/key.core/../key.ui/examples/standard_key/strings/deriveLength1.key 
28130      DEBUG main            d.u.i.k.p.i.AbstractProblemLoader Environment load took 99.4ns 
28132      INFO  main            d.u.i.k.p.i.AbstractProblemLoader Creating init config 
30612      DEBUG main            d.u.i.k.p.i.AbstractProblemLoader Init config took 2.48s 
30631      INFO  main            d.u.i.k.p.i.AbstractProblemLoader Replaying proof deriveLength1.key 
30633      DEBUG main            d.u.i.k.p.i.IntermediateProofReplayer Proof replay took 6.9ns 
30739      INFO  main            d.u.i.k.p.r.p.TestFile    ... finished proof: closed. 
30901      INFO  main            d.u.i.k.p.i.AbstractProblemLoader Loading environment from /home/runner/work/key/key/key.core/../key.ui/examples/standard_key/strings/deriveLength1.key.proof 
30901      DEBUG main            d.u.i.k.p.i.AbstractProblemLoader Environment load took 356.31ns 
30903      INFO  main            d.u.i.k.p.i.AbstractProblemLoader Creating init config 
33347      DEBUG main            d.u.i.k.p.i.AbstractProblemLoader Init config took 2.44s 
33366      INFO  main            d.u.i.k.p.i.AbstractProblemLoader Replaying proof deriveLength1.key.proof 
33377      DEBUG main            d.u.i.k.p.i.IntermediateProofReplayer Proof replay took 8.75ms 
33378      DEBUG main            d.u.i.k.p.r.p.TestFile    ... success: reloaded. 
33379      INFO  main            d.u.i.k.p.r.p.TestFile    Now processing file /home/runner/work/key/key/key.core/../key.ui/examples/standard_key/strings/emptyStringLengthZero.key 
33380      INFO  main            d.u.i.k.p.i.AbstractProblemLoader Loading environment from /home/runner/work/key/key/key.core/../key.ui/examples/standard_key/strings/emptyStringLengthZero.key 
33380      DEBUG main            d.u.i.k.p.i.AbstractProblemLoader Environment load took 185.5ns 
33381      INFO  main            d.u.i.k.p.i.AbstractProblemLoader Creating init config 
35917      DEBUG main            d.u.i.k.p.i.AbstractProblemLoader Init config took 2.54s 
35938      INFO  main            d.u.i.k.p.i.AbstractProblemLoader Replaying proof emptyStringLengthZero.key 
35940      DEBUG main            d.u.i.k.p.i.IntermediateProofReplayer Proof replay took 7ns 
36043      INFO  main            d.u.i.k.p.r.p.TestFile    ... finished proof: closed. 
36197      INFO  main            d.u.i.k.p.i.AbstractProblemLoader Loading environment from /home/runner/work/key/key/key.core/../key.ui/examples/standard_key/strings/emptyStringLengthZero.key.proof 
36199      DEBUG main            d.u.i.k.p.i.AbstractProblemLoader Environment load took 1.29ms 
36200      INFO  main            d.u.i.k.p.i.AbstractProblemLoader Creating init config 
38635      DEBUG main            d.u.i.k.p.i.AbstractProblemLoader Init config took 2.44s 
38668      INFO  main            d.u.i.k.p.i.AbstractProblemLoader Replaying proof emptyStringLengthZero.key.proof 
38673      DEBUG main            d.u.i.k.p.i.IntermediateProofReplayer Proof replay took 3.81ms 
38675      DEBUG main            d.u.i.k.p.r.p.TestFile    ... success: reloaded. 
38676      INFO  main            d.u.i.k.p.r.p.TestFile    Now processing file /home/runner/work/key/key/key.core/../key.ui/examples/standard_key/strings/implicitBooleanStringConversion.key 
38677      INFO  main            d.u.i.k.p.i.AbstractProblemLoader Loading environment from /home/runner/work/key/key/key.core/../key.ui/examples/standard_key/strings/implicitBooleanStringConversion.key 
38677      DEBUG main            d.u.i.k.p.i.AbstractProblemLoader Environment load took 206ns 
38679      INFO  main            d.u.i.k.p.i.AbstractProblemLoader Creating init config 
41161      DEBUG main            d.u.i.k.p.i.AbstractProblemLoader Init config took 2.48s 
41183      INFO  main            d.u.i.k.p.i.AbstractProblemLoader Replaying proof implicitBooleanStringConversion.key 
41185      DEBUG main            d.u.i.k.p.i.IntermediateProofReplayer Proof replay took 7.4ns 
42004      INFO  main            d.u.i.k.p.r.p.TestFile    ... finished proof: closed. 
42227      INFO  main            d.u.i.k.p.i.AbstractProblemLoader Loading environment from /home/runner/work/key/key/key.core/../key.ui/examples/standard_key/strings/implicitBooleanStringConversion.key.proof 
42228      DEBUG main            d.u.i.k.p.i.AbstractProblemLoader Environment load took 835.02ns 
42229      INFO  main            d.u.i.k.p.i.AbstractProblemLoader Creating init config 
44670      DEBUG main            d.u.i.k.p.i.AbstractProblemLoader Init config took 2.44s 
44695      INFO  main            d.u.i.k.p.i.AbstractProblemLoader Replaying proof implicitBooleanStringConversion.key.proof 
44781      DEBUG main            d.u.i.k.p.i.IntermediateProofReplayer Proof replay took 80.96ms 
44783      DEBUG main            d.u.i.k.p.r.p.TestFile    ... success: reloaded. 
44783      INFO  main            d.u.i.k.p.r.p.TestFile    Now processing file /home/runner/work/key/key/key.core/../key.ui/examples/standard_key/strings/implicitBooleanStringConversion2.key 
44784      INFO  main            d.u.i.k.p.i.AbstractProblemLoader Loading environment from /home/runner/work/key/key/key.core/../key.ui/examples/standard_key/strings/implicitBooleanStringConversion2.key 
44784      DEBUG main            d.u.i.k.p.i.AbstractProblemLoader Environment load took 180ns 
44785      INFO  main            d.u.i.k.p.i.AbstractProblemLoader Creating init config 
47281      DEBUG main            d.u.i.k.p.i.AbstractProblemLoader Init config took 2.5s 
47301      INFO  main            d.u.i.k.p.i.AbstractProblemLoader Replaying proof implicitBooleanStringConversion2.key 
47303      DEBUG main            d.u.i.k.p.i.IntermediateProofReplayer Proof replay took 8ns 
47607      INFO  main            d.u.i.k.p.r.p.TestFile    ... finished proof: closed. 
47807      INFO  main            d.u.i.k.p.i.AbstractProblemLoader Loading environment from /home/runner/work/key/key/key.core/../key.ui/examples/standard_key/strings/implicitBooleanStringConversion2.key.proof 
47809      DEBUG main            d.u.i.k.p.i.AbstractProblemLoader Environment load took 1.28ms 
47810      INFO  main            d.u.i.k.p.i.AbstractProblemLoader Creating init config 
50257      DEBUG main            d.u.i.k.p.i.AbstractProblemLoader Init config took 2.45s 
50275      INFO  main            d.u.i.k.p.i.AbstractProblemLoader Replaying proof implicitBooleanStringConversion2.key.proof 
50310      DEBUG main            d.u.i.k.p.i.IntermediateProofReplayer Proof replay took 31.55ms 
50311      DEBUG main            d.u.i.k.p.r.p.TestFile    ... success: reloaded. 
50312      INFO  main            d.u.i.k.p.r.p.TestFile    Now processing file /home/runner/work/key/key/key.core/../key.ui/examples/standard_key/strings/implicitIntStringConversion.key 
50312      INFO  main            d.u.i.k.p.i.AbstractProblemLoader Loading environment from /home/runner/work/key/key/key.core/../key.ui/examples/standard_key/strings/implicitIntStringConversion.key 
50312      DEBUG main            d.u.i.k.p.i.AbstractProblemLoader Environment load took 80.3ns 
50313      INFO  main            d.u.i.k.p.i.AbstractProblemLoader Creating init config 
52772      DEBUG main            d.u.i.k.p.i.AbstractProblemLoader Init config took 2.46s 
52791      INFO  main            d.u.i.k.p.i.AbstractProblemLoader Replaying proof implicitIntStringConversion.key 
52793      DEBUG main            d.u.i.k.p.i.IntermediateProofReplayer Proof replay took 7.2ns 
53300      INFO  main            d.u.i.k.p.r.p.TestFile    ... finished proof: closed. 
53487      INFO  main            d.u.i.k.p.i.AbstractProblemLoader Loading environment from /home/runner/work/key/key/key.core/../key.ui/examples/standard_key/strings/implicitIntStringConversion.key.proof 
53488      DEBUG main            d.u.i.k.p.i.AbstractProblemLoader Environment load took 241.1ns 
53489      INFO  main            d.u.i.k.p.i.AbstractProblemLoader Creating init config 
55899      DEBUG main            d.u.i.k.p.i.AbstractProblemLoader Init config took 2.41s 
55917      INFO  main            d.u.i.k.p.i.AbstractProblemLoader Replaying proof implicitIntStringConversion.key.proof 
55988      DEBUG main            d.u.i.k.p.i.IntermediateProofReplayer Proof replay took 65.57ms 
55989      DEBUG main            d.u.i.k.p.r.p.TestFile    ... success: reloaded. 
55990      INFO  main            d.u.i.k.p.r.p.TestFile    Now processing file /home/runner/work/key/key/key.core/../key.ui/examples/standard_key/strings/implicitNullStringConversion.key 
55990      INFO  main            d.u.i.k.p.i.AbstractProblemLoader Loading environment from /home/runner/work/key/key/key.core/../key.ui/examples/standard_key/strings/implicitNullStringConversion.key 
55990      DEBUG main            d.u.i.k.p.i.AbstractProblemLoader Environment load took 179.4ns 
55991      INFO  main            d.u.i.k.p.i.AbstractProblemLoader Creating init config 
58433      DEBUG main            d.u.i.k.p.i.AbstractProblemLoader Init config took 2.44s 
58450      INFO  main            d.u.i.k.p.i.AbstractProblemLoader Replaying proof implicitNullStringConversion.key 
58452      DEBUG main            d.u.i.k.p.i.IntermediateProofReplayer Proof replay took 7.4ns 
58655      INFO  main            d.u.i.k.p.r.p.TestFile    ... finished proof: closed. 
58862      INFO  main            d.u.i.k.p.i.AbstractProblemLoader Loading environment from /home/runner/work/key/key/key.core/../key.ui/examples/standard_key/strings/implicitNullStringConversion.key.proof 
58862      DEBUG main            d.u.i.k.p.i.AbstractProblemLoader Environment load took 481.11ns 
58863      INFO  main            d.u.i.k.p.i.AbstractProblemLoader Creating init config 
61297      DEBUG main            d.u.i.k.p.i.AbstractProblemLoader Init config took 2.43s 
61315      INFO  main            d.u.i.k.p.i.AbstractProblemLoader Replaying proof implicitNullStringConversion.key.proof 
61346      DEBUG main            d.u.i.k.p.i.IntermediateProofReplayer Proof replay took 28.13ms 
61348      DEBUG main            d.u.i.k.p.r.p.TestFile    ... success: reloaded. 
61348      INFO  main            d.u.i.k.p.r.p.TestFile    Now processing file /home/runner/work/key/key/key.core/../key.ui/examples/standard_key/strings/implicitNullStringConversion2.key 
61349      INFO  main            d.u.i.k.p.i.AbstractProblemLoader Loading environment from /home/runner/work/key/key/key.core/../key.ui/examples/standard_key/strings/implicitNullStringConversion2.key 
61349      DEBUG main            d.u.i.k.p.i.AbstractProblemLoader Environment load took 178ns 
61350      INFO  main            d.u.i.k.p.i.AbstractProblemLoader Creating init config 
63811      DEBUG main            d.u.i.k.p.i.AbstractProblemLoader Init config took 2.46s 
63829      INFO  main            d.u.i.k.p.i.AbstractProblemLoader Replaying proof implicitNullStringConversion2.key 
63831      DEBUG main            d.u.i.k.p.i.IntermediateProofReplayer Proof replay took 7.3ns 
64033      INFO  main            d.u.i.k.p.r.p.TestFile    ... finished proof: closed. 
64230      INFO  main            d.u.i.k.p.i.AbstractProblemLoader Loading environment from /home/runner/work/key/key/key.core/../key.ui/examples/standard_key/strings/implicitNullStringConversion2.key.proof 
64232      DEBUG main            d.u.i.k.p.i.AbstractProblemLoader Environment load took 1.28ms 
64233      INFO  main            d.u.i.k.p.i.AbstractProblemLoader Creating init config 
66635      DEBUG main            d.u.i.k.p.i.AbstractProblemLoader Init config took 2.4s 
66654      INFO  main            d.u.i.k.p.i.AbstractProblemLoader Replaying proof implicitNullStringConversion2.key.proof 
66678      DEBUG main            d.u.i.k.p.i.IntermediateProofReplayer Proof replay took 21.32ms 
66680      DEBUG main            d.u.i.k.p.r.p.TestFile    ... success: reloaded. 
66680      INFO  main            d.u.i.k.p.r.p.TestFile    Now processing file /home/runner/work/key/key/key.core/../key.ui/examples/standard_key/strings/implicitObjectStringConversion.key 
66681      INFO  main            d.u.i.k.p.i.AbstractProblemLoader Loading environment from /home/runner/work/key/key/key.core/../key.ui/examples/standard_key/strings/implicitObjectStringConversion.key 
66681      DEBUG main            d.u.i.k.p.i.AbstractProblemLoader Environment load took 198.9ns 
66683      INFO  main            d.u.i.k.p.i.AbstractProblemLoader Creating init config 
69298      DEBUG main            d.u.i.k.p.i.AbstractProblemLoader Init config took 2.61s 
69315      INFO  main            d.u.i.k.p.i.AbstractProblemLoader Replaying proof implicitObjectStringConversion.key 
69316      DEBUG main            d.u.i.k.p.i.IntermediateProofReplayer Proof replay took 8.2ns 
69826      INFO  main            d.u.i.k.p.r.p.TestFile    ... finished proof: closed. 
70074      INFO  main            d.u.i.k.p.i.AbstractProblemLoader Loading environment from /home/runner/work/key/key/key.core/../key.ui/examples/standard_key/strings/implicitObjectStringConversion.key.proof 
70076      DEBUG main            d.u.i.k.p.i.AbstractProblemLoader Environment load took 1.62ms 
70078      INFO  main            d.u.i.k.p.i.AbstractProblemLoader Creating init config 
72668      DEBUG main            d.u.i.k.p.i.AbstractProblemLoader Init config took 2.59s 
72689      INFO  main            d.u.i.k.p.i.AbstractProblemLoader Replaying proof implicitObjectStringConversion.key.proof 
72741      DEBUG main            d.u.i.k.p.i.IntermediateProofReplayer Proof replay took 48.99ms 
72743      DEBUG main            d.u.i.k.p.r.p.TestFile    ... success: reloaded. 
72743      INFO  main            d.u.i.k.p.r.p.TestFile    Now processing file /home/runner/work/key/key/key.core/../key.ui/examples/standard_key/strings/literalEquality.key 
72744      INFO  main            d.u.i.k.p.i.AbstractProblemLoader Loading environment from /home/runner/work/key/key/key.core/../key.ui/examples/standard_key/strings/literalEquality.key 
72744      DEBUG main            d.u.i.k.p.i.AbstractProblemLoader Environment load took 97.7ns 
72745      INFO  main            d.u.i.k.p.i.AbstractProblemLoader Creating init config 
75203      DEBUG main            d.u.i.k.p.i.AbstractProblemLoader Init config took 2.46s 
75219      INFO  main            d.u.i.k.p.i.AbstractProblemLoader Replaying proof literalEquality.key 
75221      DEBUG main            d.u.i.k.p.i.IntermediateProofReplayer Proof replay took 7.1ns 
75326      INFO  main            d.u.i.k.p.r.p.TestFile    ... finished proof: closed. 
75528      INFO  main            d.u.i.k.p.i.AbstractProblemLoader Loading environment from /home/runner/work/key/key/key.core/../key.ui/examples/standard_key/strings/literalEquality.key.proof 
75529      DEBUG main            d.u.i.k.p.i.AbstractProblemLoader Environment load took 122.4ns 
75530      INFO  main            d.u.i.k.p.i.AbstractProblemLoader Creating init config 
77917      DEBUG main            d.u.i.k.p.i.AbstractProblemLoader Init config took 2.39s 
77935      INFO  main            d.u.i.k.p.i.AbstractProblemLoader Replaying proof literalEquality.key.proof 
77939      DEBUG main            d.u.i.k.p.i.IntermediateProofReplayer Proof replay took 2.3ms 
77940      DEBUG main            d.u.i.k.p.r.p.TestFile    ... success: reloaded. 
77941      INFO  main            d.u.i.k.p.r.p.TestFile    Now processing file /home/runner/work/key/key/key.core/../key.ui/examples/standard_key/strings/replace0.key 
77941      INFO  main            d.u.i.k.p.i.AbstractProblemLoader Loading environment from /home/runner/work/key/key/key.core/../key.ui/examples/standard_key/strings/replace0.key 
77941      DEBUG main            d.u.i.k.p.i.AbstractProblemLoader Environment load took 188.3ns 
77943      INFO  main            d.u.i.k.p.i.AbstractProblemLoader Creating init config 
80364      DEBUG main            d.u.i.k.p.i.AbstractProblemLoader Init config took 2.42s 
80379      INFO  main            d.u.i.k.p.i.AbstractProblemLoader Replaying proof replace0.key 
80380      DEBUG main            d.u.i.k.p.i.IntermediateProofReplayer Proof replay took 6.5ns 
80483      INFO  main            d.u.i.k.p.r.p.TestFile    ... finished proof: closed. 
80692      INFO  main            d.u.i.k.p.i.AbstractProblemLoader Loading environment from /home/runner/work/key/key/key.core/../key.ui/examples/standard_key/strings/replace0.key.proof 
80693      DEBUG main            d.u.i.k.p.i.AbstractProblemLoader Environment load took 128.1ns 
80695      INFO  main            d.u.i.k.p.i.AbstractProblemLoader Creating init config 
83063      DEBUG main            d.u.i.k.p.i.AbstractProblemLoader Init config took 2.37s 
83080      INFO  main            d.u.i.k.p.i.AbstractProblemLoader Replaying proof replace0.key.proof 
83092      DEBUG main            d.u.i.k.p.i.IntermediateProofReplayer Proof replay took 7.41ms 
83094      DEBUG main            d.u.i.k.p.r.p.TestFile    ... success: reloaded. 
83094      INFO  main            d.u.i.k.p.r.p.TestFile    Now processing file /home/runner/work/key/key/key.core/../key.ui/examples/standard_key/strings/replace1.key 
83094      INFO  main            d.u.i.k.p.i.AbstractProblemLoader Loading environment from /home/runner/work/key/key/key.core/../key.ui/examples/standard_key/strings/replace1.key 
83094      DEBUG main            d.u.i.k.p.i.AbstractProblemLoader Environment load took 103.6ns 
83096      INFO  main            d.u.i.k.p.i.AbstractProblemLoader Creating init config 
85522      DEBUG main            d.u.i.k.p.i.AbstractProblemLoader Init config took 2.43s 
85536      INFO  main            d.u.i.k.p.i.AbstractProblemLoader Replaying proof replace1.key 
85537      DEBUG main            d.u.i.k.p.i.IntermediateProofReplayer Proof replay took 7.5ns 
85641      INFO  main            d.u.i.k.p.r.p.TestFile    ... finished proof: closed. 
85848      INFO  main            d.u.i.k.p.i.AbstractProblemLoader Loading environment from /home/runner/work/key/key/key.core/../key.ui/examples/standard_key/strings/replace1.key.proof 
85848      DEBUG main            d.u.i.k.p.i.AbstractProblemLoader Environment load took 135.5ns 
85849      INFO  main            d.u.i.k.p.i.AbstractProblemLoader Creating init config 
88200      DEBUG main            d.u.i.k.p.i.AbstractProblemLoader Init config took 2.35s 
88215      INFO  main            d.u.i.k.p.i.AbstractProblemLoader Replaying proof replace1.key.proof 
88223      DEBUG main            d.u.i.k.p.i.IntermediateProofReplayer Proof replay took 6.88ms 
88224      DEBUG main            d.u.i.k.p.r.p.TestFile    ... success: reloaded. 
88225      INFO  main            d.u.i.k.p.r.p.TestFile    Now processing file /home/runner/work/key/key/key.core/../key.ui/examples/standard_key/strings/simpleAssignment.key 
88225      INFO  main            d.u.i.k.p.i.AbstractProblemLoader Loading environment from /home/runner/work/key/key/key.core/../key.ui/examples/standard_key/strings/simpleAssignment.key 
88225      DEBUG main            d.u.i.k.p.i.AbstractProblemLoader Environment load took 99.2ns 
88226      INFO  main            d.u.i.k.p.i.AbstractProblemLoader Creating init config 
90649      DEBUG main            d.u.i.k.p.i.AbstractProblemLoader Init config took 2.42s 
90664      INFO  main            d.u.i.k.p.i.AbstractProblemLoader Replaying proof simpleAssignment.key 
90665      DEBUG main            d.u.i.k.p.i.IntermediateProofReplayer Proof replay took 7.6ns 
90767      INFO  main            d.u.i.k.p.r.p.TestFile    ... finished proof: closed. 
90975      INFO  main            d.u.i.k.p.i.AbstractProblemLoader Loading environment from /home/runner/work/key/key/key.core/../key.ui/examples/standard_key/strings/simpleAssignment.key.proof 
90975      DEBUG main            d.u.i.k.p.i.AbstractProblemLoader Environment load took 120.9ns 
90977      INFO  main            d.u.i.k.p.i.AbstractProblemLoader Creating init config 
93332      DEBUG main            d.u.i.k.p.i.AbstractProblemLoader Init config took 2.36s 
93347      INFO  main            d.u.i.k.p.i.AbstractProblemLoader Replaying proof simpleAssignment.key.proof 
93351      DEBUG main            d.u.i.k.p.i.IntermediateProofReplayer Proof replay took 1.48ms 
93352      DEBUG main            d.u.i.k.p.r.p.TestFile    ... success: reloaded. 
93352      INFO  main            d.u.i.k.p.r.p.TestFile    Now processing file /home/runner/work/key/key/key.core/../key.ui/examples/standard_key/strings/simpleLengthComp.key 
93353      INFO  main            d.u.i.k.p.i.AbstractProblemLoader Loading environment from /home/runner/work/key/key/key.core/../key.ui/examples/standard_key/strings/simpleLengthComp.key 
93353      DEBUG main            d.u.i.k.p.i.AbstractProblemLoader Environment load took 185.3ns 
93354      INFO  main            d.u.i.k.p.i.AbstractProblemLoader Creating init config 
95750      DEBUG main            d.u.i.k.p.i.AbstractProblemLoader Init config took 2.4s 
95783      INFO  main            d.u.i.k.p.i.AbstractProblemLoader Replaying proof simpleLengthComp.key 
95787      DEBUG main            d.u.i.k.p.i.IntermediateProofReplayer Proof replay took 7.1ns 
95990      INFO  main            d.u.i.k.p.r.p.TestFile    ... finished proof: closed. 
96194      INFO  main            d.u.i.k.p.i.AbstractProblemLoader Loading environment from /home/runner/work/key/key/key.core/../key.ui/examples/standard_key/strings/simpleLengthComp.key.proof 
96194      DEBUG main            d.u.i.k.p.i.AbstractProblemLoader Environment load took 136.7ns 
96196      INFO  main            d.u.i.k.p.i.AbstractProblemLoader Creating init config 
98538      DEBUG main            d.u.i.k.p.i.AbstractProblemLoader Init config took 2.34s 
98554      INFO  main            d.u.i.k.p.i.AbstractProblemLoader Replaying proof simpleLengthComp.key.proof 
98579      DEBUG main            d.u.i.k.p.i.IntermediateProofReplayer Proof replay took 22.89ms 
98580      DEBUG main            d.u.i.k.p.r.p.TestFile    ... success: reloaded. 
98582      INFO  main            d.u.i.k.p.r.p.TestFile    Now processing file /home/runner/work/key/key/key.core/../key.ui/examples/standard_key/strings/stringCompileTimeConstant1.key 
98582      INFO  main            d.u.i.k.p.i.AbstractProblemLoader Loading environment from /home/runner/work/key/key/key.core/../key.ui/examples/standard_key/strings/stringCompileTimeConstant1.key 
98582      DEBUG main            d.u.i.k.p.i.AbstractProblemLoader Environment load took 185.3ns 
98583      INFO  main            d.u.i.k.p.i.AbstractProblemLoader Creating init config 
100991     DEBUG main            d.u.i.k.p.i.AbstractProblemLoader Init config took 2.41s 
101006     INFO  main            d.u.i.k.p.i.AbstractProblemLoader Replaying proof stringCompileTimeConstant1.key 
101007     DEBUG main            d.u.i.k.p.i.IntermediateProofReplayer Proof replay took 7.8ns 
101110     INFO  main            d.u.i.k.p.r.p.TestFile    ... finished proof: closed. 
101329     INFO  main            d.u.i.k.p.i.AbstractProblemLoader Loading environment from /home/runner/work/key/key/key.core/../key.ui/examples/standard_key/strings/stringCompileTimeConstant1.key.proof 
101329     DEBUG main            d.u.i.k.p.i.AbstractProblemLoader Environment load took 110.7ns 
101330     INFO  main            d.u.i.k.p.i.AbstractProblemLoader Creating init config 
103663     DEBUG main            d.u.i.k.p.i.AbstractProblemLoader Init config took 2.33s 
103680     INFO  main            d.u.i.k.p.i.AbstractProblemLoader Replaying proof stringCompileTimeConstant1.key.proof 
103687     DEBUG main            d.u.i.k.p.i.IntermediateProofReplayer Proof replay took 4.36ms 
103688     DEBUG main            d.u.i.k.p.r.p.TestFile    ... success: reloaded. 
103689     INFO  main            d.u.i.k.p.r.p.TestFile    Now processing file /home/runner/work/key/key/key.core/../key.ui/examples/standard_key/strings/stringCompileTimeConstant2.key 
103689     INFO  main            d.u.i.k.p.i.AbstractProblemLoader Loading environment from /home/runner/work/key/key/key.core/../key.ui/examples/standard_key/strings/stringCompileTimeConstant2.key 
103689     DEBUG main            d.u.i.k.p.i.AbstractProblemLoader Environment load took 89.2ns 
103690     INFO  main            d.u.i.k.p.i.AbstractProblemLoader Creating init config 
106259     DEBUG main            d.u.i.k.p.i.AbstractProblemLoader Init config took 2.57s 
106275     INFO  main            d.u.i.k.p.i.AbstractProblemLoader Replaying proof stringCompileTimeConstant2.key 
106277     DEBUG main            d.u.i.k.p.i.IntermediateProofReplayer Proof replay took 7.3ns 
108690     INFO  main            d.u.i.k.p.r.p.TestFile    ... finished proof: closed. 
108995     INFO  main            d.u.i.k.p.i.AbstractProblemLoader Loading environment from /home/runner/work/key/key/key.core/../key.ui/examples/standard_key/strings/stringCompileTimeConstant2.key.proof 
108996     DEBUG main            d.u.i.k.p.i.AbstractProblemLoader Environment load took 412.81ns 
108997     INFO  main            d.u.i.k.p.i.AbstractProblemLoader Creating init config 
111490     DEBUG main            d.u.i.k.p.i.AbstractProblemLoader Init config took 2.49s 
111506     INFO  main            d.u.i.k.p.i.AbstractProblemLoader Replaying proof stringCompileTimeConstant2.key.proof 
111816     DEBUG main            d.u.i.k.p.i.IntermediateProofReplayer Proof replay took 299.82ms 
111818     DEBUG main            d.u.i.k.p.r.p.TestFile    ... success: reloaded. 
111819     INFO  main            d.u.i.k.p.r.p.TestFile    Now processing file /home/runner/work/key/key/key.core/../key.ui/examples/standard_key/strings/stringEquality1.key 
111820     INFO  main            d.u.i.k.p.i.AbstractProblemLoader Loading environment from /home/runner/work/key/key/key.core/../key.ui/examples/standard_key/strings/stringEquality1.key 
111820     DEBUG main            d.u.i.k.p.i.AbstractProblemLoader Environment load took 189.9ns 
111821     INFO  main            d.u.i.k.p.i.AbstractProblemLoader Creating init config 
114234     DEBUG main            d.u.i.k.p.i.AbstractProblemLoader Init config took 2.41s 
114247     INFO  main            d.u.i.k.p.i.AbstractProblemLoader Replaying proof stringEquality1.key 
114248     DEBUG main            d.u.i.k.p.i.IntermediateProofReplayer Proof replay took 6.9ns 
114351     INFO  main            d.u.i.k.p.r.p.TestFile    ... finished proof: closed. 
114626     INFO  main            d.u.i.k.p.i.AbstractProblemLoader Loading environment from /home/runner/work/key/key/key.core/../key.ui/examples/standard_key/strings/stringEquality1.key.proof 
114626     DEBUG main            d.u.i.k.p.i.AbstractProblemLoader Environment load took 109.8ns 
114627     INFO  main            d.u.i.k.p.i.AbstractProblemLoader Creating init config 
116967     DEBUG main            d.u.i.k.p.i.AbstractProblemLoader Init config took 2.34s 
116981     INFO  main            d.u.i.k.p.i.AbstractProblemLoader Replaying proof stringEquality1.key.proof 
116991     DEBUG main            d.u.i.k.p.i.IntermediateProofReplayer Proof replay took 8.27ms 
116992     DEBUG main            d.u.i.k.p.r.p.TestFile    ... success: reloaded. 
116993     INFO  main            d.u.i.k.p.r.p.TestFile    Now processing file /home/runner/work/key/key/key.core/../key.ui/examples/standard_key/strings/stringEquality2.key 
116993     INFO  main            d.u.i.k.p.i.AbstractProblemLoader Loading environment from /home/runner/work/key/key/key.core/../key.ui/examples/standard_key/strings/stringEquality2.key 
116993     DEBUG main            d.u.i.k.p.i.AbstractProblemLoader Environment load took 173.8ns 
116995     INFO  main            d.u.i.k.p.i.AbstractProblemLoader Creating init config 
119357     DEBUG main            d.u.i.k.p.i.AbstractProblemLoader Init config took 2.36s 
119371     INFO  main            d.u.i.k.p.i.AbstractProblemLoader Replaying proof stringEquality2.key 
119372     DEBUG main            d.u.i.k.p.i.IntermediateProofReplayer Proof replay took 8.1ns 
119776     INFO  main            d.u.i.k.p.r.p.TestFile    ... finished proof: closed. 
120036     INFO  main            d.u.i.k.p.i.AbstractProblemLoader Loading environment from /home/runner/work/key/key/key.core/../key.ui/examples/standard_key/strings/stringEquality2.key.proof 
120036     DEBUG main            d.u.i.k.p.i.AbstractProblemLoader Environment load took 505.61ns 
120038     INFO  main            d.u.i.k.p.i.AbstractProblemLoader Creating init config 
122409     DEBUG main            d.u.i.k.p.i.AbstractProblemLoader Init config took 2.37s 
122423     INFO  main            d.u.i.k.p.i.AbstractProblemLoader Replaying proof stringEquality2.key.proof 
122470     DEBUG main            d.u.i.k.p.i.IntermediateProofReplayer Proof replay took 42.57ms 
122471     DEBUG main            d.u.i.k.p.r.p.TestFile    ... success: reloaded. 
122472     INFO  main            d.u.i.k.p.r.p.TestFile    Now processing file /home/runner/work/key/key/key.core/../key.ui/examples/standard_key/strings/substring0.key 
122472     INFO  main            d.u.i.k.p.i.AbstractProblemLoader Loading environment from /home/runner/work/key/key/key.core/../key.ui/examples/standard_key/strings/substring0.key 
122472     DEBUG main            d.u.i.k.p.i.AbstractProblemLoader Environment load took 73.5ns 
122473     INFO  main            d.u.i.k.p.i.AbstractProblemLoader Creating init config 
124871     DEBUG main            d.u.i.k.p.i.AbstractProblemLoader Init config took 2.4s 
124885     INFO  main            d.u.i.k.p.i.AbstractProblemLoader Replaying proof substring0.key 
124886     DEBUG main            d.u.i.k.p.i.IntermediateProofReplayer Proof replay took 8ns 
124992     INFO  main            d.u.i.k.p.r.p.TestFile    ... finished proof: closed. 
125247     INFO  main            d.u.i.k.p.i.AbstractProblemLoader Loading environment from /home/runner/work/key/key/key.core/../key.ui/examples/standard_key/strings/substring0.key.proof 
125247     DEBUG main            d.u.i.k.p.i.AbstractProblemLoader Environment load took 107.3ns 
125248     INFO  main            d.u.i.k.p.i.AbstractProblemLoader Creating init config 
127618     DEBUG main            d.u.i.k.p.i.AbstractProblemLoader Init config took 2.37s 
127634     INFO  main            d.u.i.k.p.i.AbstractProblemLoader Replaying proof substring0.key.proof 
127637     DEBUG main            d.u.i.k.p.i.IntermediateProofReplayer Proof replay took 452.51ns 
127638     DEBUG main            d.u.i.k.p.r.p.TestFile    ... success: reloaded. 
127639     INFO  main            d.u.i.k.p.r.p.TestFile    Now processing file /home/runner/work/key/key/key.core/../key.ui/examples/standard_key/strings/substring1.key 
127639     INFO  main            d.u.i.k.p.i.AbstractProblemLoader Loading environment from /home/runner/work/key/key/key.core/../key.ui/examples/standard_key/strings/substring1.key 
127639     DEBUG main            d.u.i.k.p.i.AbstractProblemLoader Environment load took 84.9ns 
127640     INFO  main            d.u.i.k.p.i.AbstractProblemLoader Creating init config 
130061     DEBUG main            d.u.i.k.p.i.AbstractProblemLoader Init config took 2.42s 
130075     INFO  main            d.u.i.k.p.i.AbstractProblemLoader Replaying proof substring1.key 
130076     DEBUG main            d.u.i.k.p.i.IntermediateProofReplayer Proof replay took 8.2ns 
130178     INFO  main            d.u.i.k.p.r.p.TestFile    ... finished proof: closed. 
130424     INFO  main            d.u.i.k.p.i.AbstractProblemLoader Loading environment from /home/runner/work/key/key/key.core/../key.ui/examples/standard_key/strings/substring1.key.proof 
130424     DEBUG main            d.u.i.k.p.i.AbstractProblemLoader Environment load took 111.9ns 
130425     INFO  main            d.u.i.k.p.i.AbstractProblemLoader Creating init config 
132759     DEBUG main            d.u.i.k.p.i.AbstractProblemLoader Init config took 2.33s 
132773     INFO  main            d.u.i.k.p.i.AbstractProblemLoader Replaying proof substring1.key.proof 
132775     DEBUG main            d.u.i.k.p.i.IntermediateProofReplayer Proof replay took 452.01ns 
132775     DEBUG main            d.u.i.k.p.r.p.TestFile    ... success: reloaded. 
132776     INFO  main            d.u.i.k.p.r.p.TestFile    Now processing file /home/runner/work/key/key/key.core/../key.ui/examples/standard_key/strings/substring2.key 
132776     INFO  main            d.u.i.k.p.i.AbstractProblemLoader Loading environment from /home/runner/work/key/key/key.core/../key.ui/examples/standard_key/strings/substring2.key 
132776     DEBUG main            d.u.i.k.p.i.AbstractProblemLoader Environment load took 57.3ns 
132777     INFO  main            d.u.i.k.p.i.AbstractProblemLoader Creating init config 
135170     DEBUG main            d.u.i.k.p.i.AbstractProblemLoader Init config took 2.39s 
135184     INFO  main            d.u.i.k.p.i.AbstractProblemLoader Replaying proof substring2.key 
135185     DEBUG main            d.u.i.k.p.i.IntermediateProofReplayer Proof replay took 7.6ns 
135287     INFO  main            d.u.i.k.p.r.p.TestFile    ... finished proof: closed. 
135534     INFO  main            d.u.i.k.p.i.AbstractProblemLoader Loading environment from /home/runner/work/key/key/key.core/../key.ui/examples/standard_key/strings/substring2.key.proof 
135534     DEBUG main            d.u.i.k.p.i.AbstractProblemLoader Environment load took 108.3ns 
135536     INFO  main            d.u.i.k.p.i.AbstractProblemLoader Creating init config 
137845     DEBUG main            d.u.i.k.p.i.AbstractProblemLoader Init config took 2.31s 
137860     INFO  main            d.u.i.k.p.i.AbstractProblemLoader Replaying proof substring2.key.proof 
137865     DEBUG main            d.u.i.k.p.i.IntermediateProofReplayer Proof replay took 2.27ms 
137866     DEBUG main            d.u.i.k.p.r.p.TestFile    ... success: reloaded. 
137868     INFO  main            d.u.i.k.p.r.p.TestFile    Now processing file /home/runner/work/key/key/key.core/../key.ui/examples/standard_key/strings/substring3.key 
137868     INFO  main            d.u.i.k.p.i.AbstractProblemLoader Loading environment from /home/runner/work/key/key/key.core/../key.ui/examples/standard_key/strings/substring3.key 
137868     DEBUG main            d.u.i.k.p.i.AbstractProblemLoader Environment load took 175.4ns 
137869     INFO  main            d.u.i.k.p.i.AbstractProblemLoader Creating init config 
140292     DEBUG main            d.u.i.k.p.i.AbstractProblemLoader Init config took 2.42s 
140305     INFO  main            d.u.i.k.p.i.AbstractProblemLoader Replaying proof substring3.key 
140306     DEBUG main            d.u.i.k.p.i.IntermediateProofReplayer Proof replay took 9.4ns 
140410     INFO  main            d.u.i.k.p.r.p.TestFile    ... finished proof: closed. 
140708     INFO  main            d.u.i.k.p.i.AbstractProblemLoader Loading environment from /home/runner/work/key/key/key.core/../key.ui/examples/standard_key/strings/substring3.key.proof 
140708     DEBUG main            d.u.i.k.p.i.AbstractProblemLoader Environment load took 125.2ns 
140709     INFO  main            d.u.i.k.p.i.AbstractProblemLoader Creating init config 
143032     DEBUG main            d.u.i.k.p.i.AbstractProblemLoader Init config took 2.32s 
143045     INFO  main            d.u.i.k.p.i.AbstractProblemLoader Replaying proof substring3.key.proof 
143050     DEBUG main            d.u.i.k.p.i.IntermediateProofReplayer Proof replay took 2.4ms 
143051     DEBUG main            d.u.i.k.p.r.p.TestFile    ... success: reloaded. 
143052     INFO  main            d.u.i.k.p.r.p.TestFile    Now processing file /home/runner/work/key/key/key.core/../key.ui/examples/standard_key/strings/substring4.key 
143052     INFO  main            d.u.i.k.p.i.AbstractProblemLoader Loading environment from /home/runner/work/key/key/key.core/../key.ui/examples/standard_key/strings/substring4.key 
143052     DEBUG main            d.u.i.k.p.i.AbstractProblemLoader Environment load took 242.31ns 
143053     INFO  main            d.u.i.k.p.i.AbstractProblemLoader Creating init config 
145408     DEBUG main            d.u.i.k.p.i.AbstractProblemLoader Init config took 2.35s 
145421     INFO  main            d.u.i.k.p.i.AbstractProblemLoader Replaying proof substring4.key 
145423     DEBUG main            d.u.i.k.p.i.IntermediateProofReplayer Proof replay took 7.8ns 
145524     INFO  main            d.u.i.k.p.r.p.TestFile    ... finished proof: closed. 
145815     INFO  main            d.u.i.k.p.i.AbstractProblemLoader Loading environment from /home/runner/work/key/key/key.core/../key.ui/examples/standard_key/strings/substring4.key.proof 
145816     DEBUG main            d.u.i.k.p.i.AbstractProblemLoader Environment load took 105.9ns 
145817     INFO  main            d.u.i.k.p.i.AbstractProblemLoader Creating init config 
148137     DEBUG main            d.u.i.k.p.i.AbstractProblemLoader Init config took 2.32s 
148150     INFO  main            d.u.i.k.p.i.AbstractProblemLoader Replaying proof substring4.key.proof 
148155     DEBUG main            d.u.i.k.p.i.IntermediateProofReplayer Proof replay took 3.14ms 
148156     DEBUG main            d.u.i.k.p.r.p.TestFile    ... success: reloaded. 
148157     INFO  main            d.u.i.k.p.r.p.TestFile    Now processing file /home/runner/work/key/key/key.core/../key.ui/examples/standard_key/strings/substring5.key 
148157     INFO  main            d.u.i.k.p.i.AbstractProblemLoader Loading environment from /home/runner/work/key/key/key.core/../key.ui/examples/standard_key/strings/substring5.key 
148157     DEBUG main            d.u.i.k.p.i.AbstractProblemLoader Environment load took 81.4ns 
148158     INFO  main            d.u.i.k.p.i.AbstractProblemLoader Creating init config 
150533     DEBUG main            d.u.i.k.p.i.AbstractProblemLoader Init config took 2.38s 
150548     INFO  main            d.u.i.k.p.i.AbstractProblemLoader Replaying proof substring5.key 
150549     DEBUG main            d.u.i.k.p.i.IntermediateProofReplayer Proof replay took 7.3ns 
150752     INFO  main            d.u.i.k.p.r.p.TestFile    ... finished proof: closed. 
151028     INFO  main            d.u.i.k.p.i.AbstractProblemLoader Loading environment from /home/runner/work/key/key/key.core/../key.ui/examples/standard_key/strings/substring5.key.proof 
151028     DEBUG main            d.u.i.k.p.i.AbstractProblemLoader Environment load took 107.2ns 
151030     INFO  main            d.u.i.k.p.i.AbstractProblemLoader Creating init config 
153352     DEBUG main            d.u.i.k.p.i.AbstractProblemLoader Init config took 2.32s 
153366     INFO  main            d.u.i.k.p.i.AbstractProblemLoader Replaying proof substring5.key.proof 
153395     DEBUG main            d.u.i.k.p.i.IntermediateProofReplayer Proof replay took 24.21ms 
153396     DEBUG main            d.u.i.k.p.r.p.TestFile    ... success: reloaded. 
3963790    INFO  Test worker     d.u.i.k.p.r.RunAllProofsTestUnit Returning from test strings 
3963791    INFO  Test worker     d.u.i.k.p.r.RunAllProofsTestUnit Running test simple_info_flow 
348        INFO  Timeout watchdog d.u.i.k.p.r.p.ForkedTestFileRunner Timeout watcher launched (2000 secs.) 
365        WARN  main            d.u.i.k.s.ProofSettings   The settings in /home/runner/.key/proof-settings.props are *not* read. 
418        INFO  main            d.u.i.k.p.r.p.TestFile    Now processing file /home/runner/work/key/key/key.core/../key.ui/examples/heap/information_flow/UpdateAbstraction_ex7_1_insecure.key 
567        INFO  main            d.u.i.k.p.i.AbstractProblemLoader Loading environment from /home/runner/work/key/key/key.core/../key.ui/examples/heap/information_flow/UpdateAbstraction_ex7_1_insecure.key 
586        DEBUG main            d.u.i.k.p.i.AbstractProblemLoader Environment load took 2.94ms 
833        INFO  main            d.u.i.k.p.i.AbstractProblemLoader Creating init config 
1770       DEBUG main            d.u.i.k.j.TypeConverter   No LDT found for Meta 
1775       DEBUG main            d.u.i.k.j.TypeConverter   No LDT found for Meta 
1778       DEBUG main            d.u.i.k.j.TypeConverter   No LDT found for Meta 
1779       DEBUG main            d.u.i.k.j.TypeConverter   No LDT found for Meta 
3351       DEBUG main            d.u.i.k.j.TypeConverter   No LDT found for JavaBigintExpression 
8803       DEBUG main            d.u.i.k.p.i.AbstractProblemLoader Init config took 7.97s 
8930       INFO  main            d.u.i.k.p.i.AbstractProblemLoader Replaying proof UpdateAbstraction[UpdateAbstraction::ex7_1_insecure()].JML operation contract.0 
8991       DEBUG main            d.u.i.k.p.i.IntermediateProofReplayer Proof replay took 39.6ns 
9640       INFO  main            d.u.i.k.p.r.p.TestFile    ... finished proof: open goal(s) 
9789       INFO  main            d.u.i.k.p.r.p.TestFile    Now processing file /home/runner/work/key/key/key.core/../key.ui/examples/heap/information_flow/UpdateAbstraction_ex7_2_insecure.key 
9789       INFO  main            d.u.i.k.p.i.AbstractProblemLoader Loading environment from /home/runner/work/key/key/key.core/../key.ui/examples/heap/information_flow/UpdateAbstraction_ex7_2_insecure.key 
9789       DEBUG main            d.u.i.k.p.i.AbstractProblemLoader Environment load took 103.5ns 
9791       INFO  main            d.u.i.k.p.i.AbstractProblemLoader Creating init config 
12982      DEBUG main            d.u.i.k.p.i.AbstractProblemLoader Init config took 3.19s 
13046      INFO  main            d.u.i.k.p.i.AbstractProblemLoader Replaying proof UpdateAbstraction[UpdateAbstraction::ex7_2_insecure()].JML operation contract.0 
13048      DEBUG main            d.u.i.k.p.i.IntermediateProofReplayer Proof replay took 6.8ns 
13354      INFO  main            d.u.i.k.p.r.p.TestFile    ... finished proof: open goal(s) 
3977471    INFO  Test worker     d.u.i.k.p.r.RunAllProofsTestUnit Returning from test simple_info_flow 
3977472    INFO  Test worker     d.u.i.k.p.r.RunAllProofsTestUnit Running test modelMethods 
371        INFO  Timeout watchdog d.u.i.k.p.r.p.ForkedTestFileRunner Timeout watcher launched (2000 secs.) 
395        WARN  main            d.u.i.k.s.ProofSettings   The settings in /home/runner/.key/proof-settings.props are *not* read. 
429        INFO  main            d.u.i.k.p.r.p.TestFile    Now processing file /home/runner/work/key/key/key.core/../key.ui/examples/heap/model_methods/Cell_footprint_acc.key 
541        INFO  main            d.u.i.k.p.i.AbstractProblemLoader Loading environment from /home/runner/work/key/key/key.core/../key.ui/examples/heap/model_methods/Cell_footprint_acc.key 
557        DEBUG main            d.u.i.k.p.i.AbstractProblemLoader Environment load took 2.09ms 
776        INFO  main            d.u.i.k.p.i.AbstractProblemLoader Creating init config 
1683       DEBUG main            d.u.i.k.j.TypeConverter   No LDT found for Meta 
1683       DEBUG main            d.u.i.k.j.TypeConverter   No LDT found for Meta 
1687       DEBUG main            d.u.i.k.j.TypeConverter   No LDT found for Meta 
1687       DEBUG main            d.u.i.k.j.TypeConverter   No LDT found for Meta 
3205       DEBUG main            d.u.i.k.j.TypeConverter   No LDT found for JavaBigintExpression 
8301       DEBUG main            d.u.i.k.p.i.AbstractProblemLoader Init config took 7.52s 
8490       INFO  main            d.u.i.k.p.i.AbstractProblemLoader Replaying proof Cell[Cell::footprint()].JML accessible clause.0 
8527       DEBUG main            d.u.i.k.p.i.IntermediateProofReplayer Proof replay took 34.3ns 
9091       INFO  main            d.u.i.k.p.r.p.TestFile    ... finished proof: closed. 
9192       INFO  main            d.u.i.k.p.i.AbstractProblemLoader Loading environment from /home/runner/work/key/key/key.core/../key.ui/examples/heap/model_methods/Cell_footprint_acc.key.proof 
9192       DEBUG main            d.u.i.k.p.i.AbstractProblemLoader Environment load took 409.21ns 
9194       INFO  main            d.u.i.k.p.i.AbstractProblemLoader Creating init config 
12028      DEBUG main            d.u.i.k.p.i.AbstractProblemLoader Init config took 2.83s 
12110      INFO  main            d.u.i.k.p.i.AbstractProblemLoader Replaying proof Cell[Cell::footprint()].JML accessible clause.0 
12154      DEBUG main            d.u.i.k.p.i.IntermediateProofReplayer Proof replay took 38.26ms 
12161      DEBUG main            d.u.i.k.p.r.p.TestFile    ... success: reloaded. 
12163      INFO  main            d.u.i.k.p.r.p.TestFile    Now processing file /home/runner/work/key/key/key.core/../key.ui/examples/heap/model_methods/Cell_footprint.key 
12163      INFO  main            d.u.i.k.p.i.AbstractProblemLoader Loading environment from /home/runner/work/key/key/key.core/../key.ui/examples/heap/model_methods/Cell_footprint.key 
12163      DEBUG main            d.u.i.k.p.i.AbstractProblemLoader Environment load took 235ns 
12165      INFO  main            d.u.i.k.p.i.AbstractProblemLoader Creating init config 
14905      DEBUG main            d.u.i.k.p.i.AbstractProblemLoader Init config took 2.74s 
15018      INFO  main            d.u.i.k.p.i.AbstractProblemLoader Replaying proof Cell[Cell::footprint()].JML model_behavior operation contract.0 
15025      DEBUG main            d.u.i.k.p.i.IntermediateProofReplayer Proof replay took 7.9ns 
15128      INFO  main            d.u.i.k.p.r.p.TestFile    ... finished proof: closed. 
15309      INFO  main            d.u.i.k.p.i.AbstractProblemLoader Loading environment from /home/runner/work/key/key/key.core/../key.ui/examples/heap/model_methods/Cell_footprint.key.proof 
15309      DEBUG main            d.u.i.k.p.i.AbstractProblemLoader Environment load took 134.1ns 
15310      INFO  main            d.u.i.k.p.i.AbstractProblemLoader Creating init config 
18016      DEBUG main            d.u.i.k.p.i.AbstractProblemLoader Init config took 2.71s 
18072      INFO  main            d.u.i.k.p.i.AbstractProblemLoader Replaying proof Cell[Cell::footprint()].JML model_behavior operation contract.0 
18081      DEBUG main            d.u.i.k.p.i.IntermediateProofReplayer Proof replay took 6.77ms 
18082      DEBUG main            d.u.i.k.p.r.p.TestFile    ... success: reloaded. 
18084      INFO  main            d.u.i.k.p.r.p.TestFile    Now processing file /home/runner/work/key/key/key.core/../key.ui/examples/heap/model_methods/Cell_get_acc.key 
18084      INFO  main            d.u.i.k.p.i.AbstractProblemLoader Loading environment from /home/runner/work/key/key/key.core/../key.ui/examples/heap/model_methods/Cell_get_acc.key 
18084      DEBUG main            d.u.i.k.p.i.AbstractProblemLoader Environment load took 192.9ns 
18086      INFO  main            d.u.i.k.p.i.AbstractProblemLoader Creating init config 
20731      DEBUG main            d.u.i.k.p.i.AbstractProblemLoader Init config took 2.65s 
20798      INFO  main            d.u.i.k.p.i.AbstractProblemLoader Replaying proof Cell[Cell::get()].JML accessible clause.0 
20800      DEBUG main            d.u.i.k.p.i.IntermediateProofReplayer Proof replay took 6.5ns 
21112      INFO  main            d.u.i.k.p.r.p.TestFile    ... finished proof: closed. 
21258      INFO  main            d.u.i.k.p.i.AbstractProblemLoader Loading environment from /home/runner/work/key/key/key.core/../key.ui/examples/heap/model_methods/Cell_get_acc.key.proof 
21259      DEBUG main            d.u.i.k.p.i.AbstractProblemLoader Environment load took 135.1ns 
21260      INFO  main            d.u.i.k.p.i.AbstractProblemLoader Creating init config 
23863      DEBUG main            d.u.i.k.p.i.AbstractProblemLoader Init config took 2.6s 
23916      INFO  main            d.u.i.k.p.i.AbstractProblemLoader Replaying proof Cell[Cell::get()].JML accessible clause.0 
23953      DEBUG main            d.u.i.k.p.i.IntermediateProofReplayer Proof replay took 33.89ms 
23954      DEBUG main            d.u.i.k.p.r.p.TestFile    ... success: reloaded. 
23956      INFO  main            d.u.i.k.p.r.p.TestFile    Now processing file /home/runner/work/key/key/key.core/../key.ui/examples/heap/model_methods/Cell_get.key 
23956      INFO  main            d.u.i.k.p.i.AbstractProblemLoader Loading environment from /home/runner/work/key/key/key.core/../key.ui/examples/heap/model_methods/Cell_get.key 
23956      DEBUG main            d.u.i.k.p.i.AbstractProblemLoader Environment load took 174ns 
23958      INFO  main            d.u.i.k.p.i.AbstractProblemLoader Creating init config 
26553      DEBUG main            d.u.i.k.p.i.AbstractProblemLoader Init config took 2.6s 
26605      INFO  main            d.u.i.k.p.i.AbstractProblemLoader Replaying proof Cell[Cell::get()].JML operation contract.0 
26607      DEBUG main            d.u.i.k.p.i.IntermediateProofReplayer Proof replay took 6.5ns 
26709      INFO  main            d.u.i.k.p.r.p.TestFile    ... finished proof: closed. 
26886      INFO  main            d.u.i.k.p.i.AbstractProblemLoader Loading environment from /home/runner/work/key/key/key.core/../key.ui/examples/heap/model_methods/Cell_get.key.proof 
26886      DEBUG main            d.u.i.k.p.i.AbstractProblemLoader Environment load took 126.2ns 
26887      INFO  main            d.u.i.k.p.i.AbstractProblemLoader Creating init config 
29442      DEBUG main            d.u.i.k.p.i.AbstractProblemLoader Init config took 2.56s 
29492      INFO  main            d.u.i.k.p.i.AbstractProblemLoader Replaying proof Cell[Cell::get()].JML operation contract.0 
29519      DEBUG main            d.u.i.k.p.i.IntermediateProofReplayer Proof replay took 25.62ms 
29521      DEBUG main            d.u.i.k.p.r.p.TestFile    ... success: reloaded. 
29522      INFO  main            d.u.i.k.p.r.p.TestFile    Now processing file /home/runner/work/key/key/key.core/../key.ui/examples/heap/model_methods/Cell_post_set.key 
29522      INFO  main            d.u.i.k.p.i.AbstractProblemLoader Loading environment from /home/runner/work/key/key/key.core/../key.ui/examples/heap/model_methods/Cell_post_set.key 
29523      DEBUG main            d.u.i.k.p.i.AbstractProblemLoader Environment load took 93.8ns 
29523      INFO  main            d.u.i.k.p.i.AbstractProblemLoader Creating init config 
32105      DEBUG main            d.u.i.k.p.i.AbstractProblemLoader Init config took 2.58s 
32154      INFO  main            d.u.i.k.p.i.AbstractProblemLoader Replaying proof Cell[Cell::post_set(int)].JML model_behavior operation contract.0 
32156      DEBUG main            d.u.i.k.p.i.IntermediateProofReplayer Proof replay took 6.7ns 
32258      INFO  main            d.u.i.k.p.r.p.TestFile    ... finished proof: closed. 
32412      INFO  main            d.u.i.k.p.i.AbstractProblemLoader Loading environment from /home/runner/work/key/key/key.core/../key.ui/examples/heap/model_methods/Cell_post_set.key.proof 
32413      DEBUG main            d.u.i.k.p.i.AbstractProblemLoader Environment load took 133.3ns 
32413      INFO  main            d.u.i.k.p.i.AbstractProblemLoader Creating init config 
35055      DEBUG main            d.u.i.k.p.i.AbstractProblemLoader Init config took 2.64s 
35103      INFO  main            d.u.i.k.p.i.AbstractProblemLoader Replaying proof Cell[Cell::post_set(int)].JML model_behavior operation contract.0 
35110      DEBUG main            d.u.i.k.p.i.IntermediateProofReplayer Proof replay took 5.16ms 
35111      DEBUG main            d.u.i.k.p.r.p.TestFile    ... success: reloaded. 
35113      INFO  main            d.u.i.k.p.r.p.TestFile    Now processing file /home/runner/work/key/key/key.core/../key.ui/examples/heap/model_methods/Cell_set.key 
35113      INFO  main            d.u.i.k.p.i.AbstractProblemLoader Loading environment from /home/runner/work/key/key/key.core/../key.ui/examples/heap/model_methods/Cell_set.key 
35113      DEBUG main            d.u.i.k.p.i.AbstractProblemLoader Environment load took 192.6ns 
35114      INFO  main            d.u.i.k.p.i.AbstractProblemLoader Creating init config 
37699      DEBUG main            d.u.i.k.p.i.AbstractProblemLoader Init config took 2.59s 
37747      INFO  main            d.u.i.k.p.i.AbstractProblemLoader Replaying proof Cell[Cell::set(int)].JML operation contract.0 
37749      DEBUG main            d.u.i.k.p.i.IntermediateProofReplayer Proof replay took 7.4ns 
43608      INFO  main            d.u.i.k.p.r.p.TestFile    ... finished proof: closed. 
43821      INFO  main            d.u.i.k.p.i.AbstractProblemLoader Loading environment from /home/runner/work/key/key/key.core/../key.ui/examples/heap/model_methods/Cell_set.key.proof 
43821      DEBUG main            d.u.i.k.p.i.AbstractProblemLoader Environment load took 372.41ns 
43823      INFO  main            d.u.i.k.p.i.AbstractProblemLoader Creating init config 
46362      DEBUG main            d.u.i.k.p.i.AbstractProblemLoader Init config took 2.54s 
46410      INFO  main            d.u.i.k.p.i.AbstractProblemLoader Replaying proof Cell[Cell::set(int)].JML operation contract.0 
46996      DEBUG main            d.u.i.k.p.i.IntermediateProofReplayer Proof replay took 569.23ms 
46998      DEBUG main            d.u.i.k.p.r.p.TestFile    ... success: reloaded. 
46999      INFO  main            d.u.i.k.p.r.p.TestFile    Now processing file /home/runner/work/key/key/key.core/../key.ui/examples/heap/model_methods/CellTest_callSet.key 
47000      INFO  main            d.u.i.k.p.i.AbstractProblemLoader Loading environment from /home/runner/work/key/key/key.core/../key.ui/examples/heap/model_methods/CellTest_callSet.key 
47000      DEBUG main            d.u.i.k.p.i.AbstractProblemLoader Environment load took 179.5ns 
47001      INFO  main            d.u.i.k.p.i.AbstractProblemLoader Creating init config 
49554      DEBUG main            d.u.i.k.p.i.AbstractProblemLoader Init config took 2.55s 
49599      INFO  main            d.u.i.k.p.i.AbstractProblemLoader Replaying proof CellTest[CellTest::callSet(Cell,int)].JML operation contract.0 
49601      DEBUG main            d.u.i.k.p.i.IntermediateProofReplayer Proof replay took 7.1ns 
49803      INFO  main            d.u.i.k.p.r.p.TestFile    ... finished proof: closed. 
49969      INFO  main            d.u.i.k.p.i.AbstractProblemLoader Loading environment from /home/runner/work/key/key/key.core/../key.ui/examples/heap/model_methods/CellTest_callSet.key.proof 
49969      DEBUG main            d.u.i.k.p.i.AbstractProblemLoader Environment load took 121.9ns 
49970      INFO  main            d.u.i.k.p.i.AbstractProblemLoader Creating init config 
52466      DEBUG main            d.u.i.k.p.i.AbstractProblemLoader Init config took 2.5s 
52511      INFO  main            d.u.i.k.p.i.AbstractProblemLoader Replaying proof CellTest[CellTest::callSet(Cell,int)].JML operation contract.0 
52554      DEBUG main            d.u.i.k.p.i.IntermediateProofReplayer Proof replay took 40.42ms 
52555      DEBUG main            d.u.i.k.p.r.p.TestFile    ... success: reloaded. 
52556      INFO  main            d.u.i.k.p.r.p.TestFile    Now processing file /home/runner/work/key/key/key.core/../key.ui/examples/heap/model_methods/CellTest_test2.key 
52557      INFO  main            d.u.i.k.p.i.AbstractProblemLoader Loading environment from /home/runner/work/key/key/key.core/../key.ui/examples/heap/model_methods/CellTest_test2.key 
52557      DEBUG main            d.u.i.k.p.i.AbstractProblemLoader Environment load took 90.4ns 
52558      INFO  main            d.u.i.k.p.i.AbstractProblemLoader Creating init config 
55098      DEBUG main            d.u.i.k.p.i.AbstractProblemLoader Init config took 2.54s 
55144      INFO  main            d.u.i.k.p.i.AbstractProblemLoader Replaying proof CellTest[CellTest::test2(Cell)].JML operation contract.0 
55146      DEBUG main            d.u.i.k.p.i.IntermediateProofReplayer Proof replay took 8.5ns 
55463      INFO  main            d.u.i.k.p.r.p.TestFile    ... finished proof: closed. 
55634      INFO  main            d.u.i.k.p.i.AbstractProblemLoader Loading environment from /home/runner/work/key/key/key.core/../key.ui/examples/heap/model_methods/CellTest_test2.key.proof 
55634      DEBUG main            d.u.i.k.p.i.AbstractProblemLoader Environment load took 119.7ns 
55635      INFO  main            d.u.i.k.p.i.AbstractProblemLoader Creating init config 
58153      DEBUG main            d.u.i.k.p.i.AbstractProblemLoader Init config took 2.52s 
58204      INFO  main            d.u.i.k.p.i.AbstractProblemLoader Replaying proof CellTest[CellTest::test2(Cell)].JML operation contract.0 
58283      DEBUG main            d.u.i.k.p.i.IntermediateProofReplayer Proof replay took 76.37ms 
58284      DEBUG main            d.u.i.k.p.r.p.TestFile    ... success: reloaded. 
58285      INFO  main            d.u.i.k.p.r.p.TestFile    Now processing file /home/runner/work/key/key/key.core/../key.ui/examples/heap/model_methods/CellTest_test.key 
58286      INFO  main            d.u.i.k.p.i.AbstractProblemLoader Loading environment from /home/runner/work/key/key/key.core/../key.ui/examples/heap/model_methods/CellTest_test.key 
58286      DEBUG main            d.u.i.k.p.i.AbstractProblemLoader Environment load took 188.6ns 
58287      INFO  main            d.u.i.k.p.i.AbstractProblemLoader Creating init config 
60835      DEBUG main            d.u.i.k.p.i.AbstractProblemLoader Init config took 2.55s 
60886      INFO  main            d.u.i.k.p.i.AbstractProblemLoader Replaying proof CellTest[CellTest::test(Recell)].JML operation contract.0 
60888      DEBUG main            d.u.i.k.p.i.IntermediateProofReplayer Proof replay took 7.5ns 
63201      INFO  main            d.u.i.k.p.r.p.TestFile    ... finished proof: closed. 
63426      INFO  main            d.u.i.k.p.i.AbstractProblemLoader Loading environment from /home/runner/work/key/key/key.core/../key.ui/examples/heap/model_methods/CellTest_test.key.proof 
63426      DEBUG main            d.u.i.k.p.i.AbstractProblemLoader Environment load took 354.11ns 
63428      INFO  main            d.u.i.k.p.i.AbstractProblemLoader Creating init config 
65883      DEBUG main            d.u.i.k.p.i.AbstractProblemLoader Init config took 2.45s 
65941      INFO  main            d.u.i.k.p.i.AbstractProblemLoader Replaying proof CellTest[CellTest::test(Recell)].JML operation contract.0 
66538      DEBUG main            d.u.i.k.p.i.IntermediateProofReplayer Proof replay took 577.08ms 
66539      DEBUG main            d.u.i.k.p.r.p.TestFile    ... success: reloaded. 
66541      INFO  main            d.u.i.k.p.r.p.TestFile    Now processing file /home/runner/work/key/key/key.core/../key.ui/examples/heap/model_methods/Coll1_add.key 
66541      INFO  main            d.u.i.k.p.i.AbstractProblemLoader Loading environment from /home/runner/work/key/key/key.core/../key.ui/examples/heap/model_methods/Coll1_add.key 
66541      DEBUG main            d.u.i.k.p.i.AbstractProblemLoader Environment load took 191.2ns 
66542      INFO  main            d.u.i.k.p.i.AbstractProblemLoader Creating init config 
69051      DEBUG main            d.u.i.k.p.i.AbstractProblemLoader Init config took 2.51s 
69100      INFO  main            d.u.i.k.p.i.AbstractProblemLoader Replaying proof Coll1[Coll::add(int)].JML operation contract.0 
69102      DEBUG main            d.u.i.k.p.i.IntermediateProofReplayer Proof replay took 7.4ns 
69204      INFO  main            d.u.i.k.p.r.p.TestFile    ... finished proof: closed. 
69388      INFO  main            d.u.i.k.p.i.AbstractProblemLoader Loading environment from /home/runner/work/key/key/key.core/../key.ui/examples/heap/model_methods/Coll1_add.key.proof 
69388      DEBUG main            d.u.i.k.p.i.AbstractProblemLoader Environment load took 120.1ns 
69389      INFO  main            d.u.i.k.p.i.AbstractProblemLoader Creating init config 
71855      DEBUG main            d.u.i.k.p.i.AbstractProblemLoader Init config took 2.47s 
71897      INFO  main            d.u.i.k.p.i.AbstractProblemLoader Replaying proof Coll1[Coll::add(int)].JML operation contract.0 
71906      DEBUG main            d.u.i.k.p.i.IntermediateProofReplayer Proof replay took 7.12ms 
71907      DEBUG main            d.u.i.k.p.r.p.TestFile    ... success: reloaded. 
71909      INFO  main            d.u.i.k.p.r.p.TestFile    Now processing file /home/runner/work/key/key/key.core/../key.ui/examples/heap/model_methods/Coll1_Coll1_add_pre.key 
71909      INFO  main            d.u.i.k.p.i.AbstractProblemLoader Loading environment from /home/runner/work/key/key/key.core/../key.ui/examples/heap/model_methods/Coll1_Coll1_add_pre.key 
71909      DEBUG main            d.u.i.k.p.i.AbstractProblemLoader Environment load took 170.5ns 
71910      INFO  main            d.u.i.k.p.i.AbstractProblemLoader Creating init config 
74421      DEBUG main            d.u.i.k.p.i.AbstractProblemLoader Init config took 2.51s 
74461      INFO  main            d.u.i.k.p.i.AbstractProblemLoader Replaying proof Coll1[Coll1::add_pre(int)].JML model_behavior operation contract.0 
74463      DEBUG main            d.u.i.k.p.i.IntermediateProofReplayer Proof replay took 6.8ns 
74565      INFO  main            d.u.i.k.p.r.p.TestFile    ... finished proof: closed. 
74755      INFO  main            d.u.i.k.p.i.AbstractProblemLoader Loading environment from /home/runner/work/key/key/key.core/../key.ui/examples/heap/model_methods/Coll1_Coll1_add_pre.key.proof 
74755      DEBUG main            d.u.i.k.p.i.AbstractProblemLoader Environment load took 125.2ns 
74756      INFO  main            d.u.i.k.p.i.AbstractProblemLoader Creating init config 
77274      DEBUG main            d.u.i.k.p.i.AbstractProblemLoader Init config took 2.52s 
77323      INFO  main            d.u.i.k.p.i.AbstractProblemLoader Replaying proof Coll1[Coll1::add_pre(int)].JML model_behavior operation contract.0 
77330      DEBUG main            d.u.i.k.p.i.IntermediateProofReplayer Proof replay took 1.89ms 
77332      DEBUG main            d.u.i.k.p.r.p.TestFile    ... success: reloaded. 
77335      INFO  main            d.u.i.k.p.r.p.TestFile    Now processing file /home/runner/work/key/key/key.core/../key.ui/examples/heap/model_methods/Coll1_Coll_add_pre.key 
77335      INFO  main            d.u.i.k.p.i.AbstractProblemLoader Loading environment from /home/runner/work/key/key/key.core/../key.ui/examples/heap/model_methods/Coll1_Coll_add_pre.key 
77335      DEBUG main            d.u.i.k.p.i.AbstractProblemLoader Environment load took 179.7ns 
77336      INFO  main            d.u.i.k.p.i.AbstractProblemLoader Creating init config 
79847      DEBUG main            d.u.i.k.p.i.AbstractProblemLoader Init config took 2.51s 
79891      INFO  main            d.u.i.k.p.i.AbstractProblemLoader Replaying proof Coll1[Coll::add_pre(int)].JML model_behavior operation contract.0 
79893      DEBUG main            d.u.i.k.p.i.IntermediateProofReplayer Proof replay took 8.8ns 
79995      INFO  main            d.u.i.k.p.r.p.TestFile    ... finished proof: closed. 
80198      INFO  main            d.u.i.k.p.i.AbstractProblemLoader Loading environment from /home/runner/work/key/key/key.core/../key.ui/examples/heap/model_methods/Coll1_Coll_add_pre.key.proof 
80198      DEBUG main            d.u.i.k.p.i.AbstractProblemLoader Environment load took 179ns 
80199      INFO  main            d.u.i.k.p.i.AbstractProblemLoader Creating init config 
82660      DEBUG main            d.u.i.k.p.i.AbstractProblemLoader Init config took 2.46s 
82719      INFO  main            d.u.i.k.p.i.AbstractProblemLoader Replaying proof Coll1[Coll::add_pre(int)].JML model_behavior operation contract.0 
82723      DEBUG main            d.u.i.k.p.i.IntermediateProofReplayer Proof replay took 2.11ms 
82724      DEBUG main            d.u.i.k.p.r.p.TestFile    ... success: reloaded. 
82725      INFO  main            d.u.i.k.p.r.p.TestFile    Now processing file /home/runner/work/key/key/key.core/../key.ui/examples/heap/model_methods/Coll2_add.key 
82725      INFO  main            d.u.i.k.p.i.AbstractProblemLoader Loading environment from /home/runner/work/key/key/key.core/../key.ui/examples/heap/model_methods/Coll2_add.key 
82726      DEBUG main            d.u.i.k.p.i.AbstractProblemLoader Environment load took 183.2ns 
82727      INFO  main            d.u.i.k.p.i.AbstractProblemLoader Creating init config 
85226      DEBUG main            d.u.i.k.p.i.AbstractProblemLoader Init config took 2.5s 
85267      INFO  main            d.u.i.k.p.i.AbstractProblemLoader Replaying proof Coll2[Coll::add(int)].JML operation contract.0 
85268      DEBUG main            d.u.i.k.p.i.IntermediateProofReplayer Proof replay took 6.7ns 
85371      INFO  main            d.u.i.k.p.r.p.TestFile    ... finished proof: closed. 
85584      INFO  main            d.u.i.k.p.i.AbstractProblemLoader Loading environment from /home/runner/work/key/key/key.core/../key.ui/examples/heap/model_methods/Coll2_add.key.proof 
85584      DEBUG main            d.u.i.k.p.i.AbstractProblemLoader Environment load took 116.9ns 
85585      INFO  main            d.u.i.k.p.i.AbstractProblemLoader Creating init config 
88028      DEBUG main            d.u.i.k.p.i.AbstractProblemLoader Init config took 2.44s 
88068      INFO  main            d.u.i.k.p.i.AbstractProblemLoader Replaying proof Coll2[Coll::add(int)].JML operation contract.0 
88076      DEBUG main            d.u.i.k.p.i.IntermediateProofReplayer Proof replay took 6.72ms 
88077      DEBUG main            d.u.i.k.p.r.p.TestFile    ... success: reloaded. 
88078      INFO  main            d.u.i.k.p.r.p.TestFile    Now processing file /home/runner/work/key/key/key.core/../key.ui/examples/heap/model_methods/Coll2_Coll2_add_pre.key 
88078      INFO  main            d.u.i.k.p.i.AbstractProblemLoader Loading environment from /home/runner/work/key/key/key.core/../key.ui/examples/heap/model_methods/Coll2_Coll2_add_pre.key 
88078      DEBUG main            d.u.i.k.p.i.AbstractProblemLoader Environment load took 91.5ns 
88079      INFO  main            d.u.i.k.p.i.AbstractProblemLoader Creating init config 
90622      DEBUG main            d.u.i.k.p.i.AbstractProblemLoader Init config took 2.54s 
90662      INFO  main            d.u.i.k.p.i.AbstractProblemLoader Replaying proof Coll2[Coll2::add_pre(int)].JML model_behavior operation contract.0 
90663      DEBUG main            d.u.i.k.p.i.IntermediateProofReplayer Proof replay took 7.1ns 
90765      INFO  main            d.u.i.k.p.r.p.TestFile    ... finished proof: closed. 
90976      INFO  main            d.u.i.k.p.i.AbstractProblemLoader Loading environment from /home/runner/work/key/key/key.core/../key.ui/examples/heap/model_methods/Coll2_Coll2_add_pre.key.proof 
90976      DEBUG main            d.u.i.k.p.i.AbstractProblemLoader Environment load took 116.7ns 
90977      INFO  main            d.u.i.k.p.i.AbstractProblemLoader Creating init config 
93483      DEBUG main            d.u.i.k.p.i.AbstractProblemLoader Init config took 2.51s 
93522      INFO  main            d.u.i.k.p.i.AbstractProblemLoader Replaying proof Coll2[Coll2::add_pre(int)].JML model_behavior operation contract.0 
93525      DEBUG main            d.u.i.k.p.i.IntermediateProofReplayer Proof replay took 1.43ms 
93526      DEBUG main            d.u.i.k.p.r.p.TestFile    ... success: reloaded. 
93527      INFO  main            d.u.i.k.p.r.p.TestFile    Now processing file /home/runner/work/key/key/key.core/../key.ui/examples/heap/model_methods/Coll2_Coll_add_pre.key 
93527      INFO  main            d.u.i.k.p.i.AbstractProblemLoader Loading environment from /home/runner/work/key/key/key.core/../key.ui/examples/heap/model_methods/Coll2_Coll_add_pre.key 
93527      DEBUG main            d.u.i.k.p.i.AbstractProblemLoader Environment load took 94.9ns 
93528      INFO  main            d.u.i.k.p.i.AbstractProblemLoader Creating init config 
95992      DEBUG main            d.u.i.k.p.i.AbstractProblemLoader Init config took 2.46s 
96031      INFO  main            d.u.i.k.p.i.AbstractProblemLoader Replaying proof Coll2[Coll::add_pre(int)].JML model_behavior operation contract.0 
96032      DEBUG main            d.u.i.k.p.i.IntermediateProofReplayer Proof replay took 7.8ns 
96136      INFO  main            d.u.i.k.p.r.p.TestFile    ... finished proof: closed. 
96358      INFO  main            d.u.i.k.p.i.AbstractProblemLoader Loading environment from /home/runner/work/key/key/key.core/../key.ui/examples/heap/model_methods/Coll2_Coll_add_pre.key.proof 
96358      DEBUG main            d.u.i.k.p.i.AbstractProblemLoader Environment load took 118ns 
96359      INFO  main            d.u.i.k.p.i.AbstractProblemLoader Creating init config 
98786      DEBUG main            d.u.i.k.p.i.AbstractProblemLoader Init config took 2.43s 
98825      INFO  main            d.u.i.k.p.i.AbstractProblemLoader Replaying proof Coll2[Coll::add_pre(int)].JML model_behavior operation contract.0 
98828      DEBUG main            d.u.i.k.p.i.IntermediateProofReplayer Proof replay took 2.04ms 
98829      DEBUG main            d.u.i.k.p.r.p.TestFile    ... success: reloaded. 
98830      INFO  main            d.u.i.k.p.r.p.TestFile    Now processing file /home/runner/work/key/key/key.core/../key.ui/examples/heap/model_methods/Coll_add.key 
98830      INFO  main            d.u.i.k.p.i.AbstractProblemLoader Loading environment from /home/runner/work/key/key/key.core/../key.ui/examples/heap/model_methods/Coll_add.key 
98830      DEBUG main            d.u.i.k.p.i.AbstractProblemLoader Environment load took 59.9ns 
98831      INFO  main            d.u.i.k.p.i.AbstractProblemLoader Creating init config 
101321     DEBUG main            d.u.i.k.p.i.AbstractProblemLoader Init config took 2.49s 
101363     INFO  main            d.u.i.k.p.i.AbstractProblemLoader Replaying proof Coll[Coll::add(int)].JML operation contract.0 
101364     DEBUG main            d.u.i.k.p.i.IntermediateProofReplayer Proof replay took 7.6ns 
101468     INFO  main            d.u.i.k.p.r.p.TestFile    ... finished proof: closed. 
101699     INFO  main            d.u.i.k.p.i.AbstractProblemLoader Loading environment from /home/runner/work/key/key/key.core/../key.ui/examples/heap/model_methods/Coll_add.key.proof 
101700     DEBUG main            d.u.i.k.p.i.AbstractProblemLoader Environment load took 145.3ns 
101702     INFO  main            d.u.i.k.p.i.AbstractProblemLoader Creating init config 
104145     DEBUG main            d.u.i.k.p.i.AbstractProblemLoader Init config took 2.44s 
104184     INFO  main            d.u.i.k.p.i.AbstractProblemLoader Replaying proof Coll[Coll::add(int)].JML operation contract.0 
104188     DEBUG main            d.u.i.k.p.i.IntermediateProofReplayer Proof replay took 2.23ms 
104189     DEBUG main            d.u.i.k.p.r.p.TestFile    ... success: reloaded. 
104190     INFO  main            d.u.i.k.p.r.p.TestFile    Now processing file /home/runner/work/key/key/key.core/../key.ui/examples/heap/model_methods/Coll_add_pre.key 
104190     INFO  main            d.u.i.k.p.i.AbstractProblemLoader Loading environment from /home/runner/work/key/key/key.core/../key.ui/examples/heap/model_methods/Coll_add_pre.key 
104190     DEBUG main            d.u.i.k.p.i.AbstractProblemLoader Environment load took 90.8ns 
104191     INFO  main            d.u.i.k.p.i.AbstractProblemLoader Creating init config 
106676     DEBUG main            d.u.i.k.p.i.AbstractProblemLoader Init config took 2.49s 
106733     INFO  main            d.u.i.k.p.i.AbstractProblemLoader Replaying proof Coll[Coll::add_pre(int)].JML model_behavior operation contract.0 
106735     DEBUG main            d.u.i.k.p.i.IntermediateProofReplayer Proof replay took 6.8ns 
106836     INFO  main            d.u.i.k.p.r.p.TestFile    ... finished proof: closed. 
107061     INFO  main            d.u.i.k.p.i.AbstractProblemLoader Loading environment from /home/runner/work/key/key/key.core/../key.ui/examples/heap/model_methods/Coll_add_pre.key.proof 
107061     DEBUG main            d.u.i.k.p.i.AbstractProblemLoader Environment load took 325.01ns 
107062     INFO  main            d.u.i.k.p.i.AbstractProblemLoader Creating init config 
109477     DEBUG main            d.u.i.k.p.i.AbstractProblemLoader Init config took 2.42s 
109516     INFO  main            d.u.i.k.p.i.AbstractProblemLoader Replaying proof Coll[Coll::add_pre(int)].JML model_behavior operation contract.0 
109520     DEBUG main            d.u.i.k.p.i.IntermediateProofReplayer Proof replay took 2.39ms 
109521     DEBUG main            d.u.i.k.p.r.p.TestFile    ... success: reloaded. 
109521     INFO  main            d.u.i.k.p.r.p.TestFile    Now processing file /home/runner/work/key/key/key.core/../key.ui/examples/heap/model_methods/Indirect_callAdd.key 
109522     INFO  main            d.u.i.k.p.i.AbstractProblemLoader Loading environment from /home/runner/work/key/key/key.core/../key.ui/examples/heap/model_methods/Indirect_callAdd.key 
109522     DEBUG main            d.u.i.k.p.i.AbstractProblemLoader Environment load took 104.7ns 
109523     INFO  main            d.u.i.k.p.i.AbstractProblemLoader Creating init config 
112017     DEBUG main            d.u.i.k.p.i.AbstractProblemLoader Init config took 2.49s 
112074     INFO  main            d.u.i.k.p.i.AbstractProblemLoader Replaying proof Indirect[Indirect::callAdd(Coll,int)].JML operation contract.0 
112076     DEBUG main            d.u.i.k.p.i.IntermediateProofReplayer Proof replay took 8.2ns 
112178     INFO  main            d.u.i.k.p.r.p.TestFile    ... finished proof: closed. 
112424     INFO  main            d.u.i.k.p.i.AbstractProblemLoader Loading environment from /home/runner/work/key/key/key.core/../key.ui/examples/heap/model_methods/Indirect_callAdd.key.proof 
112424     DEBUG main            d.u.i.k.p.i.AbstractProblemLoader Environment load took 128.9ns 
112425     INFO  main            d.u.i.k.p.i.AbstractProblemLoader Creating init config 
114831     DEBUG main            d.u.i.k.p.i.AbstractProblemLoader Init config took 2.41s 
114873     INFO  main            d.u.i.k.p.i.AbstractProblemLoader Replaying proof Indirect[Indirect::callAdd(Coll,int)].JML operation contract.0 
114902     DEBUG main            d.u.i.k.p.i.IntermediateProofReplayer Proof replay took 25.01ms 
114902     DEBUG main            d.u.i.k.p.r.p.TestFile    ... success: reloaded. 
114907     INFO  main            d.u.i.k.p.r.p.TestFile    Now processing file /home/runner/work/key/key/key.core/../key.ui/examples/heap/model_methods/Indirect_test.key 
114907     INFO  main            d.u.i.k.p.i.AbstractProblemLoader Loading environment from /home/runner/work/key/key/key.core/../key.ui/examples/heap/model_methods/Indirect_test.key 
114907     DEBUG main            d.u.i.k.p.i.AbstractProblemLoader Environment load took 137.7ns 
114908     INFO  main            d.u.i.k.p.i.AbstractProblemLoader Creating init config 
117416     DEBUG main            d.u.i.k.p.i.AbstractProblemLoader Init config took 2.51s 
117455     INFO  main            d.u.i.k.p.i.AbstractProblemLoader Replaying proof Indirect[Indirect::test(Coll1,Coll2)].JML operation contract.0 
117456     DEBUG main            d.u.i.k.p.i.IntermediateProofReplayer Proof replay took 7.2ns 
117660     INFO  main            d.u.i.k.p.r.p.TestFile    ... finished proof: closed. 
117914     INFO  main            d.u.i.k.p.i.AbstractProblemLoader Loading environment from /home/runner/work/key/key/key.core/../key.ui/examples/heap/model_methods/Indirect_test.key.proof 
117914     DEBUG main            d.u.i.k.p.i.AbstractProblemLoader Environment load took 124.1ns 
117915     INFO  main            d.u.i.k.p.i.AbstractProblemLoader Creating init config 
120359     DEBUG main            d.u.i.k.p.i.AbstractProblemLoader Init config took 2.44s 
120398     INFO  main            d.u.i.k.p.i.AbstractProblemLoader Replaying proof Indirect[Indirect::test(Coll1,Coll2)].JML operation contract.0 
120450     DEBUG main            d.u.i.k.p.i.IntermediateProofReplayer Proof replay took 49.34ms 
120451     DEBUG main            d.u.i.k.p.r.p.TestFile    ... success: reloaded. 
120452     INFO  main            d.u.i.k.p.r.p.TestFile    Now processing file /home/runner/work/key/key/key.core/../key.ui/examples/heap/model_methods/Recell_Cell_footprint.key 
120452     INFO  main            d.u.i.k.p.i.AbstractProblemLoader Loading environment from /home/runner/work/key/key/key.core/../key.ui/examples/heap/model_methods/Recell_Cell_footprint.key 
120453     DEBUG main            d.u.i.k.p.i.AbstractProblemLoader Environment load took 87.9ns 
120453     INFO  main            d.u.i.k.p.i.AbstractProblemLoader Creating init config 
122929     DEBUG main            d.u.i.k.p.i.AbstractProblemLoader Init config took 2.48s 
122968     INFO  main            d.u.i.k.p.i.AbstractProblemLoader Replaying proof Recell[Cell::footprint()].JML model_behavior operation contract.0 
122969     DEBUG main            d.u.i.k.p.i.IntermediateProofReplayer Proof replay took 7.7ns 
123072     INFO  main            d.u.i.k.p.r.p.TestFile    ... finished proof: closed. 
123314     INFO  main            d.u.i.k.p.i.AbstractProblemLoader Loading environment from /home/runner/work/key/key/key.core/../key.ui/examples/heap/model_methods/Recell_Cell_footprint.key.proof 
123314     DEBUG main            d.u.i.k.p.i.AbstractProblemLoader Environment load took 116.2ns 
123315     INFO  main            d.u.i.k.p.i.AbstractProblemLoader Creating init config 
125714     DEBUG main            d.u.i.k.p.i.AbstractProblemLoader Init config took 2.4s 
125754     INFO  main            d.u.i.k.p.i.AbstractProblemLoader Replaying proof Recell[Cell::footprint()].JML model_behavior operation contract.0 
125758     DEBUG main            d.u.i.k.p.i.IntermediateProofReplayer Proof replay took 2.52ms 
125759     DEBUG main            d.u.i.k.p.r.p.TestFile    ... success: reloaded. 
125760     INFO  main            d.u.i.k.p.r.p.TestFile    Now processing file /home/runner/work/key/key/key.core/../key.ui/examples/heap/model_methods/Recell_Cell_post_set.key 
125761     INFO  main            d.u.i.k.p.i.AbstractProblemLoader Loading environment from /home/runner/work/key/key/key.core/../key.ui/examples/heap/model_methods/Recell_Cell_post_set.key 
125761     DEBUG main            d.u.i.k.p.i.AbstractProblemLoader Environment load took 165.6ns 
125762     INFO  main            d.u.i.k.p.i.AbstractProblemLoader Creating init config 
128269     DEBUG main            d.u.i.k.p.i.AbstractProblemLoader Init config took 2.51s 
128307     INFO  main            d.u.i.k.p.i.AbstractProblemLoader Replaying proof Recell[Cell::post_set(int)].JML model_behavior operation contract.0 
128308     DEBUG main            d.u.i.k.p.i.IntermediateProofReplayer Proof replay took 7ns 
128410     INFO  main            d.u.i.k.p.r.p.TestFile    ... finished proof: closed. 
128657     INFO  main            d.u.i.k.p.i.AbstractProblemLoader Loading environment from /home/runner/work/key/key/key.core/../key.ui/examples/heap/model_methods/Recell_Cell_post_set.key.proof 
128657     DEBUG main            d.u.i.k.p.i.AbstractProblemLoader Environment load took 110.1ns 
128658     INFO  main            d.u.i.k.p.i.AbstractProblemLoader Creating init config 
131060     DEBUG main            d.u.i.k.p.i.AbstractProblemLoader Init config took 2.4s 
131098     INFO  main            d.u.i.k.p.i.AbstractProblemLoader Replaying proof Recell[Cell::post_set(int)].JML model_behavior operation contract.0 
131103     DEBUG main            d.u.i.k.p.i.IntermediateProofReplayer Proof replay took 3.54ms 
131104     DEBUG main            d.u.i.k.p.r.p.TestFile    ... success: reloaded. 
131105     INFO  main            d.u.i.k.p.r.p.TestFile    Now processing file /home/runner/work/key/key/key.core/../key.ui/examples/heap/model_methods/Recell_footprint_acc.key 
131105     INFO  main            d.u.i.k.p.i.AbstractProblemLoader Loading environment from /home/runner/work/key/key/key.core/../key.ui/examples/heap/model_methods/Recell_footprint_acc.key 
131105     DEBUG main            d.u.i.k.p.i.AbstractProblemLoader Environment load took 86.3ns 
131106     INFO  main            d.u.i.k.p.i.AbstractProblemLoader Creating init config 
133554     DEBUG main            d.u.i.k.p.i.AbstractProblemLoader Init config took 2.45s 
133592     INFO  main            d.u.i.k.p.i.AbstractProblemLoader Replaying proof Recell[Cell::footprint()].JML accessible clause.0 
133593     DEBUG main            d.u.i.k.p.i.IntermediateProofReplayer Proof replay took 16.6ns 
133699     INFO  main            d.u.i.k.p.r.p.TestFile    ... finished proof: closed. 
133956     INFO  main            d.u.i.k.p.i.AbstractProblemLoader Loading environment from /home/runner/work/key/key/key.core/../key.ui/examples/heap/model_methods/Recell_footprint_acc.key.proof 
133956     DEBUG main            d.u.i.k.p.i.AbstractProblemLoader Environment load took 108.7ns 
133957     INFO  main            d.u.i.k.p.i.AbstractProblemLoader Creating init config 
136365     DEBUG main            d.u.i.k.p.i.AbstractProblemLoader Init config took 2.41s 
136402     INFO  main            d.u.i.k.p.i.AbstractProblemLoader Replaying proof Recell[Cell::footprint()].JML accessible clause.0 
136422     DEBUG main            d.u.i.k.p.i.IntermediateProofReplayer Proof replay took 17.32ms 
136423     DEBUG main            d.u.i.k.p.r.p.TestFile    ... success: reloaded. 
136424     INFO  main            d.u.i.k.p.r.p.TestFile    Now processing file /home/runner/work/key/key/key.core/../key.ui/examples/heap/model_methods/Recell_get_acc.key 
136424     INFO  main            d.u.i.k.p.i.AbstractProblemLoader Loading environment from /home/runner/work/key/key/key.core/../key.ui/examples/heap/model_methods/Recell_get_acc.key 
136424     DEBUG main            d.u.i.k.p.i.AbstractProblemLoader Environment load took 91.9ns 
136425     INFO  main            d.u.i.k.p.i.AbstractProblemLoader Creating init config 
138898     DEBUG main            d.u.i.k.p.i.AbstractProblemLoader Init config took 2.47s 
138936     INFO  main            d.u.i.k.p.i.AbstractProblemLoader Replaying proof Recell[Cell::get()].JML accessible clause.0 
138938     DEBUG main            d.u.i.k.p.i.IntermediateProofReplayer Proof replay took 7.8ns 
139041     INFO  main            d.u.i.k.p.r.p.TestFile    ... finished proof: closed. 
139306     INFO  main            d.u.i.k.p.i.AbstractProblemLoader Loading environment from /home/runner/work/key/key/key.core/../key.ui/examples/heap/model_methods/Recell_get_acc.key.proof 
139307     DEBUG main            d.u.i.k.p.i.AbstractProblemLoader Environment load took 110.5ns 
139308     INFO  main            d.u.i.k.p.i.AbstractProblemLoader Creating init config 
141697     DEBUG main            d.u.i.k.p.i.AbstractProblemLoader Init config took 2.39s 
141735     INFO  main            d.u.i.k.p.i.AbstractProblemLoader Replaying proof Recell[Cell::get()].JML accessible clause.0 
141755     DEBUG main            d.u.i.k.p.i.IntermediateProofReplayer Proof replay took 17.77ms 
141756     DEBUG main            d.u.i.k.p.r.p.TestFile    ... success: reloaded. 
141757     INFO  main            d.u.i.k.p.r.p.TestFile    Now processing file /home/runner/work/key/key/key.core/../key.ui/examples/heap/model_methods/Recell_get.key 
141757     INFO  main            d.u.i.k.p.i.AbstractProblemLoader Loading environment from /home/runner/work/key/key/key.core/../key.ui/examples/heap/model_methods/Recell_get.key 
141757     DEBUG main            d.u.i.k.p.i.AbstractProblemLoader Environment load took 75.6ns 
141758     INFO  main            d.u.i.k.p.i.AbstractProblemLoader Creating init config 
144210     DEBUG main            d.u.i.k.p.i.AbstractProblemLoader Init config took 2.45s 
144249     INFO  main            d.u.i.k.p.i.AbstractProblemLoader Replaying proof Recell[Cell::get()].JML operation contract.0 
144251     DEBUG main            d.u.i.k.p.i.IntermediateProofReplayer Proof replay took 8.3ns 
144352     INFO  main            d.u.i.k.p.r.p.TestFile    ... finished proof: closed. 
144619     INFO  main            d.u.i.k.p.i.AbstractProblemLoader Loading environment from /home/runner/work/key/key/key.core/../key.ui/examples/heap/model_methods/Recell_get.key.proof 
144619     DEBUG main            d.u.i.k.p.i.AbstractProblemLoader Environment load took 109.5ns 
144620     INFO  main            d.u.i.k.p.i.AbstractProblemLoader Creating init config 
147036     DEBUG main            d.u.i.k.p.i.AbstractProblemLoader Init config took 2.42s 
147075     INFO  main            d.u.i.k.p.i.AbstractProblemLoader Replaying proof Recell[Cell::get()].JML operation contract.0 
147088     DEBUG main            d.u.i.k.p.i.IntermediateProofReplayer Proof replay took 10.29ms 
147089     DEBUG main            d.u.i.k.p.r.p.TestFile    ... success: reloaded. 
147090     INFO  main            d.u.i.k.p.r.p.TestFile    Now processing file /home/runner/work/key/key/key.core/../key.ui/examples/heap/model_methods/Recell_Recell_footprint.key 
147090     INFO  main            d.u.i.k.p.i.AbstractProblemLoader Loading environment from /home/runner/work/key/key/key.core/../key.ui/examples/heap/model_methods/Recell_Recell_footprint.key 
147090     DEBUG main            d.u.i.k.p.i.AbstractProblemLoader Environment load took 91ns 
147092     INFO  main            d.u.i.k.p.i.AbstractProblemLoader Creating init config 
149617     DEBUG main            d.u.i.k.p.i.AbstractProblemLoader Init config took 2.53s 
149660     INFO  main            d.u.i.k.p.i.AbstractProblemLoader Replaying proof Recell[Recell::footprint()].JML model_behavior operation contract.0 
149661     DEBUG main            d.u.i.k.p.i.IntermediateProofReplayer Proof replay took 8.5ns 
149763     INFO  main            d.u.i.k.p.r.p.TestFile    ... finished proof: closed. 
150090     INFO  main            d.u.i.k.p.i.AbstractProblemLoader Loading environment from /home/runner/work/key/key/key.core/../key.ui/examples/heap/model_methods/Recell_Recell_footprint.key.proof 
150090     DEBUG main            d.u.i.k.p.i.AbstractProblemLoader Environment load took 106.8ns 
150091     INFO  main            d.u.i.k.p.i.AbstractProblemLoader Creating init config 
152496     DEBUG main            d.u.i.k.p.i.AbstractProblemLoader Init config took 2.4s 
152533     INFO  main            d.u.i.k.p.i.AbstractProblemLoader Replaying proof Recell[Recell::footprint()].JML model_behavior operation contract.0 
152536     DEBUG main            d.u.i.k.p.i.IntermediateProofReplayer Proof replay took 1.28ms 
152537     DEBUG main            d.u.i.k.p.r.p.TestFile    ... success: reloaded. 
152537     INFO  main            d.u.i.k.p.r.p.TestFile    Now processing file /home/runner/work/key/key/key.core/../key.ui/examples/heap/model_methods/Recell_Recell_post_set.key 
152538     INFO  main            d.u.i.k.p.i.AbstractProblemLoader Loading environment from /home/runner/work/key/key/key.core/../key.ui/examples/heap/model_methods/Recell_Recell_post_set.key 
152538     DEBUG main            d.u.i.k.p.i.AbstractProblemLoader Environment load took 218.6ns 
152540     INFO  main            d.u.i.k.p.i.AbstractProblemLoader Creating init config 
155009     DEBUG main            d.u.i.k.p.i.AbstractProblemLoader Init config took 2.47s 
155050     INFO  main            d.u.i.k.p.i.AbstractProblemLoader Replaying proof Recell[Recell::post_set(int)].JML model_behavior operation contract.0 
155052     DEBUG main            d.u.i.k.p.i.IntermediateProofReplayer Proof replay took 8.9ns 
155153     INFO  main            d.u.i.k.p.r.p.TestFile    ... finished proof: closed. 
155432     INFO  main            d.u.i.k.p.i.AbstractProblemLoader Loading environment from /home/runner/work/key/key/key.core/../key.ui/examples/heap/model_methods/Recell_Recell_post_set.key.proof 
155432     DEBUG main            d.u.i.k.p.i.AbstractProblemLoader Environment load took 98.5ns 
155433     INFO  main            d.u.i.k.p.i.AbstractProblemLoader Creating init config 
157830     DEBUG main            d.u.i.k.p.i.AbstractProblemLoader Init config took 2.4s 
157869     INFO  main            d.u.i.k.p.i.AbstractProblemLoader Replaying proof Recell[Recell::post_set(int)].JML model_behavior operation contract.0 
157873     DEBUG main            d.u.i.k.p.i.IntermediateProofReplayer Proof replay took 2.13ms 
157874     DEBUG main            d.u.i.k.p.r.p.TestFile    ... success: reloaded. 
157875     INFO  main            d.u.i.k.p.r.p.TestFile    Now processing file /home/runner/work/key/key/key.core/../key.ui/examples/heap/model_methods/Recell_set.key 
157875     INFO  main            d.u.i.k.p.i.AbstractProblemLoader Loading environment from /home/runner/work/key/key/key.core/../key.ui/examples/heap/model_methods/Recell_set.key 
157875     DEBUG main            d.u.i.k.p.i.AbstractProblemLoader Environment load took 166ns 
157876     INFO  main            d.u.i.k.p.i.AbstractProblemLoader Creating init config 
160338     DEBUG main            d.u.i.k.p.i.AbstractProblemLoader Init config took 2.46s 
160376     INFO  main            d.u.i.k.p.i.AbstractProblemLoader Replaying proof Recell[Cell::set(int)].JML operation contract.0 
160378     DEBUG main            d.u.i.k.p.i.IntermediateProofReplayer Proof replay took 7.8ns 
166005     INFO  main            d.u.i.k.p.r.p.TestFile    ... finished proof: closed. 
166357     INFO  main            d.u.i.k.p.i.AbstractProblemLoader Loading environment from /home/runner/work/key/key/key.core/../key.ui/examples/heap/model_methods/Recell_set.key.proof 
166360     DEBUG main            d.u.i.k.p.i.AbstractProblemLoader Environment load took 3.43ms 
166362     INFO  main            d.u.i.k.p.i.AbstractProblemLoader Creating init config 
168765     DEBUG main            d.u.i.k.p.i.AbstractProblemLoader Init config took 2.4s 
168803     INFO  main            d.u.i.k.p.i.AbstractProblemLoader Replaying proof Recell[Cell::set(int)].JML operation contract.0 
169269     DEBUG main            d.u.i.k.p.i.IntermediateProofReplayer Proof replay took 448.4ms 
169271     DEBUG main            d.u.i.k.p.r.p.TestFile    ... success: reloaded. 
169272     INFO  main            d.u.i.k.p.r.p.TestFile    Now processing file /home/runner/work/key/key/key.core/../key.ui/examples/heap/model_methods/Recell_undo.key 
169272     INFO  main            d.u.i.k.p.i.AbstractProblemLoader Loading environment from /home/runner/work/key/key/key.core/../key.ui/examples/heap/model_methods/Recell_undo.key 
169272     DEBUG main            d.u.i.k.p.i.AbstractProblemLoader Environment load took 170.7ns 
169273     INFO  main            d.u.i.k.p.i.AbstractProblemLoader Creating init config 
171752     DEBUG main            d.u.i.k.p.i.AbstractProblemLoader Init config took 2.48s 
171791     INFO  main            d.u.i.k.p.i.AbstractProblemLoader Replaying proof Recell[Recell::undo()].JML operation contract.0 
171793     DEBUG main            d.u.i.k.p.i.IntermediateProofReplayer Proof replay took 8.3ns 
171894     INFO  main            d.u.i.k.p.r.p.TestFile    ... finished proof: closed. 
172185     INFO  main            d.u.i.k.p.i.AbstractProblemLoader Loading environment from /home/runner/work/key/key/key.core/../key.ui/examples/heap/model_methods/Recell_undo.key.proof 
172185     DEBUG main            d.u.i.k.p.i.AbstractProblemLoader Environment load took 115.8ns 
172186     INFO  main            d.u.i.k.p.i.AbstractProblemLoader Creating init config 
174566     DEBUG main            d.u.i.k.p.i.AbstractProblemLoader Init config took 2.38s 
174621     INFO  main            d.u.i.k.p.i.AbstractProblemLoader Replaying proof Recell[Recell::undo()].JML operation contract.0 
174657     DEBUG main            d.u.i.k.p.i.IntermediateProofReplayer Proof replay took 30.46ms 
174658     DEBUG main            d.u.i.k.p.r.p.TestFile    ... success: reloaded. 
4152316    INFO  Test worker     d.u.i.k.p.r.RunAllProofsTestUnit Returning from test modelMethods 
4152317    INFO  Test worker     d.u.i.k.p.r.RunAllProofsTestUnit Running test permissionHeap 
349        INFO  Timeout watchdog d.u.i.k.p.r.p.ForkedTestFileRunner Timeout watcher launched (2000 secs.) 
373        WARN  main            d.u.i.k.s.ProofSettings   The settings in /home/runner/.key/proof-settings.props are *not* read. 
402        INFO  main            d.u.i.k.p.r.p.TestFile    Now processing file /home/runner/work/key/key/key.core/../key.ui/examples/heap/permissions/permissions_method0.key 
508        INFO  main            d.u.i.k.p.i.AbstractProblemLoader Loading environment from /home/runner/work/key/key/key.core/../key.ui/examples/heap/permissions/permissions_method0.key 
530        DEBUG main            d.u.i.k.p.i.AbstractProblemLoader Environment load took 1.97ms 
754        INFO  main            d.u.i.k.p.i.AbstractProblemLoader Creating init config 
1846       DEBUG main            d.u.i.k.j.TypeConverter   No LDT found for Meta 
1846       DEBUG main            d.u.i.k.j.TypeConverter   No LDT found for Meta 
1847       DEBUG main            d.u.i.k.j.TypeConverter   No LDT found for Meta 
1848       DEBUG main            d.u.i.k.j.TypeConverter   No LDT found for Meta 
3128       DEBUG main            d.u.i.k.j.TypeConverter   No LDT found for JavaBigintExpression 
8089       DEBUG main            d.u.i.k.p.i.AbstractProblemLoader Init config took 7.33s 
8248       INFO  main            d.u.i.k.p.i.AbstractProblemLoader Replaying proof MyClass[MyClass::method0()].JML normal_behavior operation contract.0 
8285       DEBUG main            d.u.i.k.p.i.IntermediateProofReplayer Proof replay took 35.3ns 
9259       INFO  main            d.u.i.k.p.r.p.TestFile    ... finished proof: closed. 
9373       INFO  main            d.u.i.k.p.i.AbstractProblemLoader Loading environment from /home/runner/work/key/key/key.core/../key.ui/examples/heap/permissions/permissions_method0.key.proof 
9374       DEBUG main            d.u.i.k.p.i.AbstractProblemLoader Environment load took 388.81ns 
9381       INFO  main            d.u.i.k.p.i.AbstractProblemLoader Creating init config 
12265      DEBUG main            d.u.i.k.p.i.AbstractProblemLoader Init config took 2.88s 
12341      INFO  main            d.u.i.k.p.i.AbstractProblemLoader Replaying proof MyClass[MyClass::method0()].JML normal_behavior operation contract.0 
12495      DEBUG main            d.u.i.k.p.i.IntermediateProofReplayer Proof replay took 148.09ms 
12502      DEBUG main            d.u.i.k.p.r.p.TestFile    ... success: reloaded. 
12507      INFO  main            d.u.i.k.p.r.p.TestFile    Now processing file /home/runner/work/key/key/key.core/../key.ui/examples/heap/permissions/permissions_method1.key 
12508      INFO  main            d.u.i.k.p.i.AbstractProblemLoader Loading environment from /home/runner/work/key/key/key.core/../key.ui/examples/heap/permissions/permissions_method1.key 
12508      DEBUG main            d.u.i.k.p.i.AbstractProblemLoader Environment load took 223.21ns 
12511      INFO  main            d.u.i.k.p.i.AbstractProblemLoader Creating init config 
15305      DEBUG main            d.u.i.k.p.i.AbstractProblemLoader Init config took 2.79s 
15364      INFO  main            d.u.i.k.p.i.AbstractProblemLoader Replaying proof MyClass[MyClass::method1()].JML normal_behavior operation contract.0 
15367      DEBUG main            d.u.i.k.p.i.IntermediateProofReplayer Proof replay took 7.6ns 
15671      INFO  main            d.u.i.k.p.r.p.TestFile    ... finished proof: closed. 
15848      INFO  main            d.u.i.k.p.i.AbstractProblemLoader Loading environment from /home/runner/work/key/key/key.core/../key.ui/examples/heap/permissions/permissions_method1.key.proof 
15849      DEBUG main            d.u.i.k.p.i.AbstractProblemLoader Environment load took 1.15ms 
15850      INFO  main            d.u.i.k.p.i.AbstractProblemLoader Creating init config 
18475      DEBUG main            d.u.i.k.p.i.AbstractProblemLoader Init config took 2.62s 
18525      INFO  main            d.u.i.k.p.i.AbstractProblemLoader Replaying proof MyClass[MyClass::method1()].JML normal_behavior operation contract.0 
18587      DEBUG main            d.u.i.k.p.i.IntermediateProofReplayer Proof replay took 58.78ms 
18589      DEBUG main            d.u.i.k.p.r.p.TestFile    ... success: reloaded. 
18590      INFO  main            d.u.i.k.p.r.p.TestFile    Now processing file /home/runner/work/key/key/key.core/../key.ui/examples/heap/permissions/permissions_method3.key 
18590      INFO  main            d.u.i.k.p.i.AbstractProblemLoader Loading environment from /home/runner/work/key/key/key.core/../key.ui/examples/heap/permissions/permissions_method3.key 
18590      DEBUG main            d.u.i.k.p.i.AbstractProblemLoader Environment load took 184.9ns 
18592      INFO  main            d.u.i.k.p.i.AbstractProblemLoader Creating init config 
21228      DEBUG main            d.u.i.k.p.i.AbstractProblemLoader Init config took 2.64s 
21276      INFO  main            d.u.i.k.p.i.AbstractProblemLoader Replaying proof MyClass[MyClass::method3()].JML normal_behavior operation contract.0 
21278      DEBUG main            d.u.i.k.p.i.IntermediateProofReplayer Proof replay took 6.1ns 
22787      INFO  main            d.u.i.k.p.r.p.TestFile    ... finished proof: closed. 
22984      INFO  main            d.u.i.k.p.i.AbstractProblemLoader Loading environment from /home/runner/work/key/key/key.core/../key.ui/examples/heap/permissions/permissions_method3.key.proof 
22985      DEBUG main            d.u.i.k.p.i.AbstractProblemLoader Environment load took 358.01ns 
22986      INFO  main            d.u.i.k.p.i.AbstractProblemLoader Creating init config 
25610      DEBUG main            d.u.i.k.p.i.AbstractProblemLoader Init config took 2.62s 
25674      INFO  main            d.u.i.k.p.i.AbstractProblemLoader Replaying proof MyClass[MyClass::method3()].JML normal_behavior operation contract.0 
25917      DEBUG main            d.u.i.k.p.i.IntermediateProofReplayer Proof replay took 236.09ms 
25918      DEBUG main            d.u.i.k.p.r.p.TestFile    ... success: reloaded. 
25919      INFO  main            d.u.i.k.p.r.p.TestFile    Now processing file /home/runner/work/key/key/key.core/../key.ui/examples/heap/permissions/permissions_setAB.key 
25920      INFO  main            d.u.i.k.p.i.AbstractProblemLoader Loading environment from /home/runner/work/key/key/key.core/../key.ui/examples/heap/permissions/permissions_setAB.key 
25920      DEBUG main            d.u.i.k.p.i.AbstractProblemLoader Environment load took 179.2ns 
25921      INFO  main            d.u.i.k.p.i.AbstractProblemLoader Creating init config 
28534      DEBUG main            d.u.i.k.p.i.AbstractProblemLoader Init config took 2.61s 
28582      INFO  main            d.u.i.k.p.i.AbstractProblemLoader Replaying proof MyClass[MyClass::setAB()].JML normal_behavior operation contract.0 
28584      DEBUG main            d.u.i.k.p.i.IntermediateProofReplayer Proof replay took 6.5ns 
29989      INFO  main            d.u.i.k.p.r.p.TestFile    ... finished proof: closed. 
30165      INFO  main            d.u.i.k.p.i.AbstractProblemLoader Loading environment from /home/runner/work/key/key/key.core/../key.ui/examples/heap/permissions/permissions_setAB.key.proof 
30165      DEBUG main            d.u.i.k.p.i.AbstractProblemLoader Environment load took 138.2ns 
30166      INFO  main            d.u.i.k.p.i.AbstractProblemLoader Creating init config 
32681      DEBUG main            d.u.i.k.p.i.AbstractProblemLoader Init config took 2.51s 
32725      INFO  main            d.u.i.k.p.i.AbstractProblemLoader Replaying proof MyClass[MyClass::setAB()].JML normal_behavior operation contract.0 
32930      DEBUG main            d.u.i.k.p.i.IntermediateProofReplayer Proof replay took 199.41ms 
32931      DEBUG main            d.u.i.k.p.r.p.TestFile    ... success: reloaded. 
32933      INFO  main            d.u.i.k.p.r.p.TestFile    Now processing file /home/runner/work/key/key/key.core/../key.ui/examples/heap/permissions/permissionProperties.key 
32933      INFO  main            d.u.i.k.p.i.AbstractProblemLoader Loading environment from /home/runner/work/key/key/key.core/../key.ui/examples/heap/permissions/permissionProperties.key 
32933      DEBUG main            d.u.i.k.p.i.AbstractProblemLoader Environment load took 176.8ns 
32935      INFO  main            d.u.i.k.p.i.AbstractProblemLoader Creating init config 
33061      DEBUG main            d.u.i.k.j.TypeConverter   No LDT found for Meta 
33062      DEBUG main            d.u.i.k.j.TypeConverter   No LDT found for Meta 
33063      DEBUG main            d.u.i.k.j.TypeConverter   No LDT found for Meta 
33063      DEBUG main            d.u.i.k.j.TypeConverter   No LDT found for Meta 
33646      DEBUG main            d.u.i.k.j.TypeConverter   No LDT found for JavaBigintExpression 
36435      DEBUG main            d.u.i.k.p.i.AbstractProblemLoader Init config took 3.5s 
36456      INFO  main            d.u.i.k.p.i.AbstractProblemLoader Replaying proof permissionProperties.key 
36458      DEBUG main            d.u.i.k.p.i.IntermediateProofReplayer Proof replay took 7ns 
36561      INFO  main            d.u.i.k.p.r.p.TestFile    ... finished proof: closed. 
36730      INFO  main            d.u.i.k.p.i.AbstractProblemLoader Loading environment from /home/runner/work/key/key/key.core/../key.ui/examples/heap/permissions/permissionProperties.key.proof 
36731      DEBUG main            d.u.i.k.p.i.AbstractProblemLoader Environment load took 462.01ns 
36732      INFO  main            d.u.i.k.p.i.AbstractProblemLoader Creating init config 
39111      DEBUG main            d.u.i.k.p.i.AbstractProblemLoader Init config took 2.38s 
39132      INFO  main            d.u.i.k.p.i.AbstractProblemLoader Replaying proof permissionProperties.key.proof 
39151      DEBUG main            d.u.i.k.p.i.IntermediateProofReplayer Proof replay took 15.49ms 
39152      DEBUG main            d.u.i.k.p.r.p.TestFile    ... success: reloaded. 
39153      INFO  main            d.u.i.k.p.r.p.TestFile    Now processing file /home/runner/work/key/key/key.core/../key.ui/examples/heap/permissions/threads/AFilter_AFilter.key 
39154      INFO  main            d.u.i.k.p.i.AbstractProblemLoader Loading environment from /home/runner/work/key/key/key.core/../key.ui/examples/heap/permissions/threads/AFilter_AFilter.key 
39154      DEBUG main            d.u.i.k.p.i.AbstractProblemLoader Environment load took 202.9ns 
39155      INFO  main            d.u.i.k.p.i.AbstractProblemLoader Creating init config 
39282      DEBUG main            d.u.i.k.j.TypeConverter   No LDT found for Meta 
39283      DEBUG main            d.u.i.k.j.TypeConverter   No LDT found for Meta 
39283      DEBUG main            d.u.i.k.j.TypeConverter   No LDT found for Meta 
39284      DEBUG main            d.u.i.k.j.TypeConverter   No LDT found for Meta 
39869      DEBUG main            d.u.i.k.j.TypeConverter   No LDT found for JavaBigintExpression 
44938      DEBUG main            d.u.i.k.p.i.AbstractProblemLoader Init config took 5.78s 
45087      INFO  main            d.u.i.k.p.i.AbstractProblemLoader Replaying proof AFilter[AFilter::AFilter(Sampler,Buffer)].JML normal_behavior operation contract.0 
45089      DEBUG main            d.u.i.k.p.i.IntermediateProofReplayer Proof replay took 7.5ns 
45993      INFO  main            d.u.i.k.p.r.p.TestFile    ... finished proof: closed. 
46244      INFO  main            d.u.i.k.p.i.AbstractProblemLoader Loading environment from /home/runner/work/key/key/key.core/../key.ui/examples/heap/permissions/threads/AFilter_AFilter.key.proof 
46247      DEBUG main            d.u.i.k.p.i.AbstractProblemLoader Environment load took 2.97ms 
46248      INFO  main            d.u.i.k.p.i.AbstractProblemLoader Creating init config 
50774      DEBUG main            d.u.i.k.p.i.AbstractProblemLoader Init config took 4.53s 
50873      INFO  main            d.u.i.k.p.i.AbstractProblemLoader Replaying proof AFilter[AFilter::AFilter(Sampler,Buffer)].JML normal_behavior operation contract.0 
51075      DEBUG main            d.u.i.k.p.i.IntermediateProofReplayer Proof replay took 196.75ms 
51077      DEBUG main            d.u.i.k.p.r.p.TestFile    ... success: reloaded. 
51078      INFO  main            d.u.i.k.p.r.p.TestFile    Now processing file /home/runner/work/key/key/key.core/../key.ui/examples/heap/permissions/threads/AFilter_initPost_accessible.key 
51078      INFO  main            d.u.i.k.p.i.AbstractProblemLoader Loading environment from /home/runner/work/key/key/key.core/../key.ui/examples/heap/permissions/threads/AFilter_initPost_accessible.key 
51078      DEBUG main            d.u.i.k.p.i.AbstractProblemLoader Environment load took 101.7ns 
51079      INFO  main            d.u.i.k.p.i.AbstractProblemLoader Creating init config 
55607      DEBUG main            d.u.i.k.p.i.AbstractProblemLoader Init config took 4.53s 
55711      INFO  main            d.u.i.k.p.i.AbstractProblemLoader Replaying proof AFilter[ThreadSpec2::initPost()].JML accessible clause.0 
55713      DEBUG main            d.u.i.k.p.i.IntermediateProofReplayer Proof replay took 7.7ns 
55815      INFO  main            d.u.i.k.p.r.p.TestFile    ... finished proof: closed. 
56029      INFO  main            d.u.i.k.p.i.AbstractProblemLoader Loading environment from /home/runner/work/key/key/key.core/../key.ui/examples/heap/permissions/threads/AFilter_initPost_accessible.key.proof 
56029      DEBUG main            d.u.i.k.p.i.AbstractProblemLoader Environment load took 145.2ns 
56030      INFO  main            d.u.i.k.p.i.AbstractProblemLoader Creating init config 
60515      DEBUG main            d.u.i.k.p.i.AbstractProblemLoader Init config took 4.48s 
60603      INFO  main            d.u.i.k.p.i.AbstractProblemLoader Replaying proof AFilter[ThreadSpec2::initPost()].JML accessible clause.0 
60619      DEBUG main            d.u.i.k.p.i.IntermediateProofReplayer Proof replay took 13.93ms 
60621      DEBUG main            d.u.i.k.p.r.p.TestFile    ... success: reloaded. 
60622      INFO  main            d.u.i.k.p.r.p.TestFile    Now processing file /home/runner/work/key/key/key.core/../key.ui/examples/heap/permissions/threads/AFilter_inv_accessible1.key 
60623      INFO  main            d.u.i.k.p.i.AbstractProblemLoader Loading environment from /home/runner/work/key/key/key.core/../key.ui/examples/heap/permissions/threads/AFilter_inv_accessible1.key 
60623      DEBUG main            d.u.i.k.p.i.AbstractProblemLoader Environment load took 213.2ns 
60624      INFO  main            d.u.i.k.p.i.AbstractProblemLoader Creating init config 
65102      DEBUG main            d.u.i.k.p.i.AbstractProblemLoader Init config took 4.48s 
65191      INFO  main            d.u.i.k.p.i.AbstractProblemLoader Replaying proof AFilter[java.lang.Object::<inv>()].JML accessible clause.0 
65193      DEBUG main            d.u.i.k.p.i.IntermediateProofReplayer Proof replay took 8ns 
65294      INFO  main            d.u.i.k.p.r.p.TestFile    ... finished proof: closed. 
65511      INFO  main            d.u.i.k.p.i.AbstractProblemLoader Loading environment from /home/runner/work/key/key/key.core/../key.ui/examples/heap/permissions/threads/AFilter_inv_accessible1.key.proof 
65511      DEBUG main            d.u.i.k.p.i.AbstractProblemLoader Environment load took 128.4ns 
65512      INFO  main            d.u.i.k.p.i.AbstractProblemLoader Creating init config 
69945      DEBUG main            d.u.i.k.p.i.AbstractProblemLoader Init config took 4.43s 
70040      INFO  main            d.u.i.k.p.i.AbstractProblemLoader Replaying proof AFilter[java.lang.Object::<inv>()].JML accessible clause.0 
70044      DEBUG main            d.u.i.k.p.i.IntermediateProofReplayer Proof replay took 2.53ms 
70045      DEBUG main            d.u.i.k.p.r.p.TestFile    ... success: reloaded. 
70046      INFO  main            d.u.i.k.p.r.p.TestFile    Now processing file /home/runner/work/key/key/key.core/../key.ui/examples/heap/permissions/threads/AFilter_inv_accessible2.key 
70047      INFO  main            d.u.i.k.p.i.AbstractProblemLoader Loading environment from /home/runner/work/key/key/key.core/../key.ui/examples/heap/permissions/threads/AFilter_inv_accessible2.key 
70047      DEBUG main            d.u.i.k.p.i.AbstractProblemLoader Environment load took 183.3ns 
70048      INFO  main            d.u.i.k.p.i.AbstractProblemLoader Creating init config 
74497      DEBUG main            d.u.i.k.p.i.AbstractProblemLoader Init config took 4.45s 
74585      INFO  main            d.u.i.k.p.i.AbstractProblemLoader Replaying proof AFilter[java.lang.Object::<inv>()].JML accessible clause.1 
74587      DEBUG main            d.u.i.k.p.i.IntermediateProofReplayer Proof replay took 8.9ns 
74689      INFO  main            d.u.i.k.p.r.p.TestFile    ... finished proof: closed. 
74910      INFO  main            d.u.i.k.p.i.AbstractProblemLoader Loading environment from /home/runner/work/key/key/key.core/../key.ui/examples/heap/permissions/threads/AFilter_inv_accessible2.key.proof 
74910      DEBUG main            d.u.i.k.p.i.AbstractProblemLoader Environment load took 127.2ns 
74911      INFO  main            d.u.i.k.p.i.AbstractProblemLoader Creating init config 
79353      DEBUG main            d.u.i.k.p.i.AbstractProblemLoader Init config took 4.44s 
79440      INFO  main            d.u.i.k.p.i.AbstractProblemLoader Replaying proof AFilter[java.lang.Object::<inv>()].JML accessible clause.1 
79445      DEBUG main            d.u.i.k.p.i.IntermediateProofReplayer Proof replay took 2.7ms 
79446      DEBUG main            d.u.i.k.p.r.p.TestFile    ... success: reloaded. 
79447      INFO  main            d.u.i.k.p.r.p.TestFile    Now processing file /home/runner/work/key/key/key.core/../key.ui/examples/heap/permissions/threads/AFilter_joinTransfer_accessible.key 
79447      INFO  main            d.u.i.k.p.i.AbstractProblemLoader Loading environment from /home/runner/work/key/key/key.core/../key.ui/examples/heap/permissions/threads/AFilter_joinTransfer_accessible.key 
79447      DEBUG main            d.u.i.k.p.i.AbstractProblemLoader Environment load took 173.9ns 
79448      INFO  main            d.u.i.k.p.i.AbstractProblemLoader Creating init config 
83896      DEBUG main            d.u.i.k.p.i.AbstractProblemLoader Init config took 4.45s 
83982      INFO  main            d.u.i.k.p.i.AbstractProblemLoader Replaying proof AFilter[ThreadSpec2::joinTransfer()].JML accessible clause.0 
83984      DEBUG main            d.u.i.k.p.i.IntermediateProofReplayer Proof replay took 8.1ns 
85089      INFO  main            d.u.i.k.p.r.p.TestFile    ... finished proof: closed. 
85331      INFO  main            d.u.i.k.p.i.AbstractProblemLoader Loading environment from /home/runner/work/key/key/key.core/../key.ui/examples/heap/permissions/threads/AFilter_joinTransfer_accessible.key.proof 
85336      DEBUG main            d.u.i.k.p.i.AbstractProblemLoader Environment load took 5.34ms 
85338      INFO  main            d.u.i.k.p.i.AbstractProblemLoader Creating init config 
89741      DEBUG main            d.u.i.k.p.i.AbstractProblemLoader Init config took 4.4s 
89831      INFO  main            d.u.i.k.p.i.AbstractProblemLoader Replaying proof AFilter[ThreadSpec2::joinTransfer()].JML accessible clause.0 
89982      DEBUG main            d.u.i.k.p.i.IntermediateProofReplayer Proof replay took 145.46ms 
89983      DEBUG main            d.u.i.k.p.r.p.TestFile    ... success: reloaded. 
89984      INFO  main            d.u.i.k.p.r.p.TestFile    Now processing file /home/runner/work/key/key/key.core/../key.ui/examples/heap/permissions/threads/AFilter_joinTransfer_contract.key 
89985      INFO  main            d.u.i.k.p.i.AbstractProblemLoader Loading environment from /home/runner/work/key/key/key.core/../key.ui/examples/heap/permissions/threads/AFilter_joinTransfer_contract.key 
89985      DEBUG main            d.u.i.k.p.i.AbstractProblemLoader Environment load took 205.1ns 
89986      INFO  main            d.u.i.k.p.i.AbstractProblemLoader Creating init config 
94443      DEBUG main            d.u.i.k.p.i.AbstractProblemLoader Init config took 4.46s 
94530      INFO  main            d.u.i.k.p.i.AbstractProblemLoader Replaying proof AFilter[ThreadSpec2::joinTransfer()].JML model_behavior operation contract.0 
94532      DEBUG main            d.u.i.k.p.i.IntermediateProofReplayer Proof replay took 7.7ns 
94638      INFO  main            d.u.i.k.p.r.p.TestFile    ... finished proof: closed. 
94850      INFO  main            d.u.i.k.p.i.AbstractProblemLoader Loading environment from /home/runner/work/key/key/key.core/../key.ui/examples/heap/permissions/threads/AFilter_joinTransfer_contract.key.proof 
94850      DEBUG main            d.u.i.k.p.i.AbstractProblemLoader Environment load took 139.3ns 
94851      INFO  main            d.u.i.k.p.i.AbstractProblemLoader Creating init config 
99262      DEBUG main            d.u.i.k.p.i.AbstractProblemLoader Init config took 4.41s 
99347      INFO  main            d.u.i.k.p.i.AbstractProblemLoader Replaying proof AFilter[ThreadSpec2::joinTransfer()].JML model_behavior operation contract.0 
99357      DEBUG main            d.u.i.k.p.i.IntermediateProofReplayer Proof replay took 7.79ms 
99358      DEBUG main            d.u.i.k.p.r.p.TestFile    ... success: reloaded. 
99359      INFO  main            d.u.i.k.p.r.p.TestFile    Now processing file /home/runner/work/key/key/key.core/../key.ui/examples/heap/permissions/threads/AFilter_postJoin_accessible.key 
99359      INFO  main            d.u.i.k.p.i.AbstractProblemLoader Loading environment from /home/runner/work/key/key/key.core/../key.ui/examples/heap/permissions/threads/AFilter_postJoin_accessible.key 
99359      DEBUG main            d.u.i.k.p.i.AbstractProblemLoader Environment load took 94.3ns 
99360      INFO  main            d.u.i.k.p.i.AbstractProblemLoader Creating init config 
103832     DEBUG main            d.u.i.k.p.i.AbstractProblemLoader Init config took 4.47s 
103941     INFO  main            d.u.i.k.p.i.AbstractProblemLoader Replaying proof AFilter[ThreadSpec2::postJoin(java.lang.Object)].JML accessible clause.0 
103946     DEBUG main            d.u.i.k.p.i.IntermediateProofReplayer Proof replay took 8.9ns 
104048     INFO  main            d.u.i.k.p.r.p.TestFile    ... finished proof: closed. 
104284     INFO  main            d.u.i.k.p.i.AbstractProblemLoader Loading environment from /home/runner/work/key/key/key.core/../key.ui/examples/heap/permissions/threads/AFilter_postJoin_accessible.key.proof 
104284     DEBUG main            d.u.i.k.p.i.AbstractProblemLoader Environment load took 125.6ns 
104285     INFO  main            d.u.i.k.p.i.AbstractProblemLoader Creating init config 
108671     DEBUG main            d.u.i.k.p.i.AbstractProblemLoader Init config took 4.39s 
108759     INFO  main            d.u.i.k.p.i.AbstractProblemLoader Replaying proof AFilter[ThreadSpec2::postJoin(java.lang.Object)].JML accessible clause.0 
108774     DEBUG main            d.u.i.k.p.i.IntermediateProofReplayer Proof replay took 9.19ms 
108775     DEBUG main            d.u.i.k.p.r.p.TestFile    ... success: reloaded. 
108776     INFO  main            d.u.i.k.p.r.p.TestFile    Now processing file /home/runner/work/key/key/key.core/../key.ui/examples/heap/permissions/threads/AFilter_preStart_accessible.key 
108776     INFO  main            d.u.i.k.p.i.AbstractProblemLoader Loading environment from /home/runner/work/key/key/key.core/../key.ui/examples/heap/permissions/threads/AFilter_preStart_accessible.key 
108776     DEBUG main            d.u.i.k.p.i.AbstractProblemLoader Environment load took 92.2ns 
108778     INFO  main            d.u.i.k.p.i.AbstractProblemLoader Creating init config 
113231     DEBUG main            d.u.i.k.p.i.AbstractProblemLoader Init config took 4.45s 
113330     INFO  main            d.u.i.k.p.i.AbstractProblemLoader Replaying proof AFilter[ThreadSpec2::preStart(java.lang.Object)].JML accessible clause.0 
113332     DEBUG main            d.u.i.k.p.i.IntermediateProofReplayer Proof replay took 7.8ns 
113635     INFO  main            d.u.i.k.p.r.p.TestFile    ... finished proof: closed. 
113889     INFO  main            d.u.i.k.p.i.AbstractProblemLoader Loading environment from /home/runner/work/key/key/key.core/../key.ui/examples/heap/permissions/threads/AFilter_preStart_accessible.key.proof 
113890     DEBUG main            d.u.i.k.p.i.AbstractProblemLoader Environment load took 125.3ns 
113891     INFO  main            d.u.i.k.p.i.AbstractProblemLoader Creating init config 
118260     DEBUG main            d.u.i.k.p.i.AbstractProblemLoader Init config took 4.37s 
118358     INFO  main            d.u.i.k.p.i.AbstractProblemLoader Replaying proof AFilter[ThreadSpec2::preStart(java.lang.Object)].JML accessible clause.0 
118396     DEBUG main            d.u.i.k.p.i.IntermediateProofReplayer Proof replay took 34.88ms 
118398     DEBUG main            d.u.i.k.p.r.p.TestFile    ... success: reloaded. 
118399     INFO  main            d.u.i.k.p.r.p.TestFile    Now processing file /home/runner/work/key/key/key.core/../key.ui/examples/heap/permissions/threads/AFilter_startTransfer_accessible.key 
118399     INFO  main            d.u.i.k.p.i.AbstractProblemLoader Loading environment from /home/runner/work/key/key/key.core/../key.ui/examples/heap/permissions/threads/AFilter_startTransfer_accessible.key 
118399     DEBUG main            d.u.i.k.p.i.AbstractProblemLoader Environment load took 177.4ns 
118400     INFO  main            d.u.i.k.p.i.AbstractProblemLoader Creating init config 
122870     DEBUG main            d.u.i.k.p.i.AbstractProblemLoader Init config took 4.47s 
122957     INFO  main            d.u.i.k.p.i.AbstractProblemLoader Replaying proof AFilter[ThreadSpec2::startTransfer()].JML accessible clause.0 
122959     DEBUG main            d.u.i.k.p.i.IntermediateProofReplayer Proof replay took 7.4ns 
132082     INFO  main            d.u.i.k.p.r.p.TestFile    ... finished proof: closed. 
132351     INFO  main            d.u.i.k.p.i.AbstractProblemLoader Loading environment from /home/runner/work/key/key/key.core/../key.ui/examples/heap/permissions/threads/AFilter_startTransfer_accessible.key.proof 
132351     DEBUG main            d.u.i.k.p.i.AbstractProblemLoader Environment load took 374.51ns 
132353     INFO  main            d.u.i.k.p.i.AbstractProblemLoader Creating init config 
136737     DEBUG main            d.u.i.k.p.i.AbstractProblemLoader Init config took 4.38s 
136819     INFO  main            d.u.i.k.p.i.AbstractProblemLoader Replaying proof AFilter[ThreadSpec2::startTransfer()].JML accessible clause.0 
137637     DEBUG main            d.u.i.k.p.i.IntermediateProofReplayer Proof replay took 796.44ms 
137638     DEBUG main            d.u.i.k.p.r.p.TestFile    ... success: reloaded. 
137640     INFO  main            d.u.i.k.p.r.p.TestFile    Now processing file /home/runner/work/key/key/key.core/../key.ui/examples/heap/permissions/threads/AFilter_startTransfer_contract.key 
137640     INFO  main            d.u.i.k.p.i.AbstractProblemLoader Loading environment from /home/runner/work/key/key/key.core/../key.ui/examples/heap/permissions/threads/AFilter_startTransfer_contract.key 
137640     DEBUG main            d.u.i.k.p.i.AbstractProblemLoader Environment load took 103.7ns 
137641     INFO  main            d.u.i.k.p.i.AbstractProblemLoader Creating init config 
142095     DEBUG main            d.u.i.k.p.i.AbstractProblemLoader Init config took 4.45s 
142195     INFO  main            d.u.i.k.p.i.AbstractProblemLoader Replaying proof AFilter[ThreadSpec2::startTransfer()].JML model_behavior operation contract.0 
142197     DEBUG main            d.u.i.k.p.i.IntermediateProofReplayer Proof replay took 7.2ns 
142601     INFO  main            d.u.i.k.p.r.p.TestFile    ... finished proof: closed. 
142864     INFO  main            d.u.i.k.p.i.AbstractProblemLoader Loading environment from /home/runner/work/key/key/key.core/../key.ui/examples/heap/permissions/threads/AFilter_startTransfer_contract.key.proof 
142865     DEBUG main            d.u.i.k.p.i.AbstractProblemLoader Environment load took 351.61ns 
142866     INFO  main            d.u.i.k.p.i.AbstractProblemLoader Creating init config 
147210     DEBUG main            d.u.i.k.p.i.AbstractProblemLoader Init config took 4.34s 
147315     INFO  main            d.u.i.k.p.i.AbstractProblemLoader Replaying proof AFilter[ThreadSpec2::startTransfer()].JML model_behavior operation contract.0 
147375     DEBUG main            d.u.i.k.p.i.IntermediateProofReplayer Proof replay took 51.4ms 
147376     DEBUG main            d.u.i.k.p.r.p.TestFile    ... success: reloaded. 
147377     INFO  main            d.u.i.k.p.r.p.TestFile    Now processing file /home/runner/work/key/key/key.core/../key.ui/examples/heap/permissions/threads/AFilter_stateInv_accessible.key 
147378     INFO  main            d.u.i.k.p.i.AbstractProblemLoader Loading environment from /home/runner/work/key/key/key.core/../key.ui/examples/heap/permissions/threads/AFilter_stateInv_accessible.key 
147378     DEBUG main            d.u.i.k.p.i.AbstractProblemLoader Environment load took 195.6ns 
147379     INFO  main            d.u.i.k.p.i.AbstractProblemLoader Creating init config 
151802     DEBUG main            d.u.i.k.p.i.AbstractProblemLoader Init config took 4.42s 
151902     INFO  main            d.u.i.k.p.i.AbstractProblemLoader Replaying proof AFilter[ThreadSpec2::stateInv()].JML accessible clause.0 
151904     DEBUG main            d.u.i.k.p.i.IntermediateProofReplayer Proof replay took 7.7ns 
152207     INFO  main            d.u.i.k.p.r.p.TestFile    ... finished proof: closed. 
152472     INFO  main            d.u.i.k.p.i.AbstractProblemLoader Loading environment from /home/runner/work/key/key/key.core/../key.ui/examples/heap/permissions/threads/AFilter_stateInv_accessible.key.proof 
152472     DEBUG main            d.u.i.k.p.i.AbstractProblemLoader Environment load took 123.9ns 
152473     INFO  main            d.u.i.k.p.i.AbstractProblemLoader Creating init config 
156882     DEBUG main            d.u.i.k.p.i.AbstractProblemLoader Init config took 4.41s 
156964     INFO  main            d.u.i.k.p.i.AbstractProblemLoader Replaying proof AFilter[ThreadSpec2::stateInv()].JML accessible clause.0 
157002     DEBUG main            d.u.i.k.p.i.IntermediateProofReplayer Proof replay took 35.1ms 
157004     DEBUG main            d.u.i.k.p.r.p.TestFile    ... success: reloaded. 
157005     INFO  main            d.u.i.k.p.r.p.TestFile    Now processing file /home/runner/work/key/key/key.core/../key.ui/examples/heap/permissions/threads/AFilter_staticPermissions_accessible.key 
157006     INFO  main            d.u.i.k.p.i.AbstractProblemLoader Loading environment from /home/runner/work/key/key/key.core/../key.ui/examples/heap/permissions/threads/AFilter_staticPermissions_accessible.key 
157006     DEBUG main            d.u.i.k.p.i.AbstractProblemLoader Environment load took 223.8ns 
157007     INFO  main            d.u.i.k.p.i.AbstractProblemLoader Creating init config 
161483     DEBUG main            d.u.i.k.p.i.AbstractProblemLoader Init config took 4.48s 
161565     INFO  main            d.u.i.k.p.i.AbstractProblemLoader Replaying proof AFilter[ThreadSpec2::staticPermissions()].JML accessible clause.0 
161567     DEBUG main            d.u.i.k.p.i.IntermediateProofReplayer Proof replay took 6.7ns 
161669     INFO  main            d.u.i.k.p.r.p.TestFile    ... finished proof: closed. 
161949     INFO  main            d.u.i.k.p.i.AbstractProblemLoader Loading environment from /home/runner/work/key/key/key.core/../key.ui/examples/heap/permissions/threads/AFilter_staticPermissions_accessible.key.proof 
161949     DEBUG main            d.u.i.k.p.i.AbstractProblemLoader Environment load took 130.4ns 
161950     INFO  main            d.u.i.k.p.i.AbstractProblemLoader Creating init config 
166376     DEBUG main            d.u.i.k.p.i.AbstractProblemLoader Init config took 4.43s 
166458     INFO  main            d.u.i.k.p.i.AbstractProblemLoader Replaying proof AFilter[ThreadSpec2::staticPermissions()].JML accessible clause.0 
166468     DEBUG main            d.u.i.k.p.i.IntermediateProofReplayer Proof replay took 8.8ms 
166469     DEBUG main            d.u.i.k.p.r.p.TestFile    ... success: reloaded. 
166470     INFO  main            d.u.i.k.p.r.p.TestFile    Now processing file /home/runner/work/key/key/key.core/../key.ui/examples/heap/permissions/threads/AFilter_workingPermissions_accessible.key 
166470     INFO  main            d.u.i.k.p.i.AbstractProblemLoader Loading environment from /home/runner/work/key/key/key.core/../key.ui/examples/heap/permissions/threads/AFilter_workingPermissions_accessible.key 
166470     DEBUG main            d.u.i.k.p.i.AbstractProblemLoader Environment load took 79.1ns 
166471     INFO  main            d.u.i.k.p.i.AbstractProblemLoader Creating init config 
170900     DEBUG main            d.u.i.k.p.i.AbstractProblemLoader Init config took 4.43s 
170981     INFO  main            d.u.i.k.p.i.AbstractProblemLoader Replaying proof AFilter[ThreadSpec2::workingPermissions()].JML accessible clause.0 
170982     DEBUG main            d.u.i.k.p.i.IntermediateProofReplayer Proof replay took 7.7ns 
171084     INFO  main            d.u.i.k.p.r.p.TestFile    ... finished proof: closed. 
171364     INFO  main            d.u.i.k.p.i.AbstractProblemLoader Loading environment from /home/runner/work/key/key/key.core/../key.ui/examples/heap/permissions/threads/AFilter_workingPermissions_accessible.key.proof 
171364     DEBUG main            d.u.i.k.p.i.AbstractProblemLoader Environment load took 139.9ns 
171365     INFO  main            d.u.i.k.p.i.AbstractProblemLoader Creating init config 
175737     DEBUG main            d.u.i.k.p.i.AbstractProblemLoader Init config took 4.37s 
175818     INFO  main            d.u.i.k.p.i.AbstractProblemLoader Replaying proof AFilter[ThreadSpec2::workingPermissions()].JML accessible clause.0 
175828     DEBUG main            d.u.i.k.p.i.IntermediateProofReplayer Proof replay took 7.6ms 
175829     DEBUG main            d.u.i.k.p.r.p.TestFile    ... success: reloaded. 
175830     INFO  main            d.u.i.k.p.r.p.TestFile    Now processing file /home/runner/work/key/key/key.core/../key.ui/examples/heap/permissions/threads/BFilter_BFilter.key 
175830     INFO  main            d.u.i.k.p.i.AbstractProblemLoader Loading environment from /home/runner/work/key/key/key.core/../key.ui/examples/heap/permissions/threads/BFilter_BFilter.key 
175830     DEBUG main            d.u.i.k.p.i.AbstractProblemLoader Environment load took 91.9ns 
175831     INFO  main            d.u.i.k.p.i.AbstractProblemLoader Creating init config 
180242     DEBUG main            d.u.i.k.p.i.AbstractProblemLoader Init config took 4.41s 
180325     INFO  main            d.u.i.k.p.i.AbstractProblemLoader Replaying proof BFilter[BFilter::BFilter(Sampler,Buffer)].JML normal_behavior operation contract.0 
180327     DEBUG main            d.u.i.k.p.i.IntermediateProofReplayer Proof replay took 7ns 
181233     INFO  main            d.u.i.k.p.r.p.TestFile    ... finished proof: closed. 
181569     INFO  main            d.u.i.k.p.i.AbstractProblemLoader Loading environment from /home/runner/work/key/key/key.core/../key.ui/examples/heap/permissions/threads/BFilter_BFilter.key.proof 
181570     DEBUG main            d.u.i.k.p.i.AbstractProblemLoader Environment load took 357.31ns 
181571     INFO  main            d.u.i.k.p.i.AbstractProblemLoader Creating init config 
185920     DEBUG main            d.u.i.k.p.i.AbstractProblemLoader Init config took 4.35s 
186003     INFO  main            d.u.i.k.p.i.AbstractProblemLoader Replaying proof BFilter[BFilter::BFilter(Sampler,Buffer)].JML normal_behavior operation contract.0 
186146     DEBUG main            d.u.i.k.p.i.IntermediateProofReplayer Proof replay took 139.19ms 
186147     DEBUG main            d.u.i.k.p.r.p.TestFile    ... success: reloaded. 
186148     INFO  main            d.u.i.k.p.r.p.TestFile    Now processing file /home/runner/work/key/key/key.core/../key.ui/examples/heap/permissions/threads/BFilter_initPost_accessible.key 
186149     INFO  main            d.u.i.k.p.i.AbstractProblemLoader Loading environment from /home/runner/work/key/key/key.core/../key.ui/examples/heap/permissions/threads/BFilter_initPost_accessible.key 
186149     DEBUG main            d.u.i.k.p.i.AbstractProblemLoader Environment load took 228.5ns 
186150     INFO  main            d.u.i.k.p.i.AbstractProblemLoader Creating init config 
190581     DEBUG main            d.u.i.k.p.i.AbstractProblemLoader Init config took 4.43s 
190678     INFO  main            d.u.i.k.p.i.AbstractProblemLoader Replaying proof BFilter[ThreadSpec2::initPost()].JML accessible clause.0 
190680     DEBUG main            d.u.i.k.p.i.IntermediateProofReplayer Proof replay took 8.4ns 
190782     INFO  main            d.u.i.k.p.r.p.TestFile    ... finished proof: closed. 
191067     INFO  main            d.u.i.k.p.i.AbstractProblemLoader Loading environment from /home/runner/work/key/key/key.core/../key.ui/examples/heap/permissions/threads/BFilter_initPost_accessible.key.proof 
191067     DEBUG main            d.u.i.k.p.i.AbstractProblemLoader Environment load took 119.6ns 
191068     INFO  main            d.u.i.k.p.i.AbstractProblemLoader Creating init config 
195538     DEBUG main            d.u.i.k.p.i.AbstractProblemLoader Init config took 4.47s 
195619     INFO  main            d.u.i.k.p.i.AbstractProblemLoader Replaying proof BFilter[ThreadSpec2::initPost()].JML accessible clause.0 
195631     DEBUG main            d.u.i.k.p.i.IntermediateProofReplayer Proof replay took 9.51ms 
195632     DEBUG main            d.u.i.k.p.r.p.TestFile    ... success: reloaded. 
195633     INFO  main            d.u.i.k.p.r.p.TestFile    Now processing file /home/runner/work/key/key/key.core/../key.ui/examples/heap/permissions/threads/BFilter_inv_accessible1.key 
195633     INFO  main            d.u.i.k.p.i.AbstractProblemLoader Loading environment from /home/runner/work/key/key/key.core/../key.ui/examples/heap/permissions/threads/BFilter_inv_accessible1.key 
195633     DEBUG main            d.u.i.k.p.i.AbstractProblemLoader Environment load took 90ns 
195634     INFO  main            d.u.i.k.p.i.AbstractProblemLoader Creating init config 
200040     DEBUG main            d.u.i.k.p.i.AbstractProblemLoader Init config took 4.41s 
200121     INFO  main            d.u.i.k.p.i.AbstractProblemLoader Replaying proof BFilter[java.lang.Object::<inv>()].JML accessible clause.0 
200123     DEBUG main            d.u.i.k.p.i.IntermediateProofReplayer Proof replay took 8.2ns 
200225     INFO  main            d.u.i.k.p.r.p.TestFile    ... finished proof: closed. 
200526     INFO  main            d.u.i.k.p.i.AbstractProblemLoader Loading environment from /home/runner/work/key/key/key.core/../key.ui/examples/heap/permissions/threads/BFilter_inv_accessible1.key.proof 
200526     DEBUG main            d.u.i.k.p.i.AbstractProblemLoader Environment load took 110ns 
200527     INFO  main            d.u.i.k.p.i.AbstractProblemLoader Creating init config 
204857     DEBUG main            d.u.i.k.p.i.AbstractProblemLoader Init config took 4.33s 
204938     INFO  main            d.u.i.k.p.i.AbstractProblemLoader Replaying proof BFilter[java.lang.Object::<inv>()].JML accessible clause.0 
204941     DEBUG main            d.u.i.k.p.i.IntermediateProofReplayer Proof replay took 1.74ms 
204942     DEBUG main            d.u.i.k.p.r.p.TestFile    ... success: reloaded. 
204943     INFO  main            d.u.i.k.p.r.p.TestFile    Now processing file /home/runner/work/key/key/key.core/../key.ui/examples/heap/permissions/threads/BFilter_inv_accessible2.key 
204943     INFO  main            d.u.i.k.p.i.AbstractProblemLoader Loading environment from /home/runner/work/key/key/key.core/../key.ui/examples/heap/permissions/threads/BFilter_inv_accessible2.key 
204943     DEBUG main            d.u.i.k.p.i.AbstractProblemLoader Environment load took 83.2ns 
204944     INFO  main            d.u.i.k.p.i.AbstractProblemLoader Creating init config 
209348     DEBUG main            d.u.i.k.p.i.AbstractProblemLoader Init config took 4.4s 
209429     INFO  main            d.u.i.k.p.i.AbstractProblemLoader Replaying proof BFilter[java.lang.Object::<inv>()].JML accessible clause.1 
209430     DEBUG main            d.u.i.k.p.i.IntermediateProofReplayer Proof replay took 7.7ns 
209536     INFO  main            d.u.i.k.p.r.p.TestFile    ... finished proof: closed. 
209838     INFO  main            d.u.i.k.p.i.AbstractProblemLoader Loading environment from /home/runner/work/key/key/key.core/../key.ui/examples/heap/permissions/threads/BFilter_inv_accessible2.key.proof 
209838     DEBUG main            d.u.i.k.p.i.AbstractProblemLoader Environment load took 115.1ns 
209839     INFO  main            d.u.i.k.p.i.AbstractProblemLoader Creating init config 
214201     DEBUG main            d.u.i.k.p.i.AbstractProblemLoader Init config took 4.36s 
214293     INFO  main            d.u.i.k.p.i.AbstractProblemLoader Replaying proof BFilter[java.lang.Object::<inv>()].JML accessible clause.1 
214296     DEBUG main            d.u.i.k.p.i.IntermediateProofReplayer Proof replay took 1.71ms 
214297     DEBUG main            d.u.i.k.p.r.p.TestFile    ... success: reloaded. 
214298     INFO  main            d.u.i.k.p.r.p.TestFile    Now processing file /home/runner/work/key/key/key.core/../key.ui/examples/heap/permissions/threads/BFilter_joinTransfer_accessible.key 
214298     INFO  main            d.u.i.k.p.i.AbstractProblemLoader Loading environment from /home/runner/work/key/key/key.core/../key.ui/examples/heap/permissions/threads/BFilter_joinTransfer_accessible.key 
214298     DEBUG main            d.u.i.k.p.i.AbstractProblemLoader Environment load took 75.7ns 
214299     INFO  main            d.u.i.k.p.i.AbstractProblemLoader Creating init config 
218663     DEBUG main            d.u.i.k.p.i.AbstractProblemLoader Init config took 4.36s 
218760     INFO  main            d.u.i.k.p.i.AbstractProblemLoader Replaying proof BFilter[ThreadSpec2::joinTransfer()].JML accessible clause.0 
218761     DEBUG main            d.u.i.k.p.i.IntermediateProofReplayer Proof replay took 6.4ns 
219765     INFO  main            d.u.i.k.p.r.p.TestFile    ... finished proof: closed. 
220104     INFO  main            d.u.i.k.p.i.AbstractProblemLoader Loading environment from /home/runner/work/key/key/key.core/../key.ui/examples/heap/permissions/threads/BFilter_joinTransfer_accessible.key.proof 
220104     DEBUG main            d.u.i.k.p.i.AbstractProblemLoader Environment load took 120.2ns 
220105     INFO  main            d.u.i.k.p.i.AbstractProblemLoader Creating init config 
224412     DEBUG main            d.u.i.k.p.i.AbstractProblemLoader Init config took 4.31s 
224492     INFO  main            d.u.i.k.p.i.AbstractProblemLoader Replaying proof BFilter[ThreadSpec2::joinTransfer()].JML accessible clause.0 
224618     DEBUG main            d.u.i.k.p.i.IntermediateProofReplayer Proof replay took 121.43ms 
224619     DEBUG main            d.u.i.k.p.r.p.TestFile    ... success: reloaded. 
224620     INFO  main            d.u.i.k.p.r.p.TestFile    Now processing file /home/runner/work/key/key/key.core/../key.ui/examples/heap/permissions/threads/BFilter_joinTransfer_contract.key 
224621     INFO  main            d.u.i.k.p.i.AbstractProblemLoader Loading environment from /home/runner/work/key/key/key.core/../key.ui/examples/heap/permissions/threads/BFilter_joinTransfer_contract.key 
224621     DEBUG main            d.u.i.k.p.i.AbstractProblemLoader Environment load took 86.5ns 
224622     INFO  main            d.u.i.k.p.i.AbstractProblemLoader Creating init config 
229005     DEBUG main            d.u.i.k.p.i.AbstractProblemLoader Init config took 4.38s 
229088     INFO  main            d.u.i.k.p.i.AbstractProblemLoader Replaying proof BFilter[ThreadSpec2::joinTransfer()].JML model_behavior operation contract.0 
229090     DEBUG main            d.u.i.k.p.i.IntermediateProofReplayer Proof replay took 7.3ns 
229193     INFO  main            d.u.i.k.p.r.p.TestFile    ... finished proof: closed. 
229501     INFO  main            d.u.i.k.p.i.AbstractProblemLoader Loading environment from /home/runner/work/key/key/key.core/../key.ui/examples/heap/permissions/threads/BFilter_joinTransfer_contract.key.proof 
229501     DEBUG main            d.u.i.k.p.i.AbstractProblemLoader Environment load took 112.2ns 
229502     INFO  main            d.u.i.k.p.i.AbstractProblemLoader Creating init config 
233822     DEBUG main            d.u.i.k.p.i.AbstractProblemLoader Init config took 4.32s 
233903     INFO  main            d.u.i.k.p.i.AbstractProblemLoader Replaying proof BFilter[ThreadSpec2::joinTransfer()].JML model_behavior operation contract.0 
233912     DEBUG main            d.u.i.k.p.i.IntermediateProofReplayer Proof replay took 6.9ms 
233913     DEBUG main            d.u.i.k.p.r.p.TestFile    ... success: reloaded. 
233914     INFO  main            d.u.i.k.p.r.p.TestFile    Now processing file /home/runner/work/key/key/key.core/../key.ui/examples/heap/permissions/threads/BFilter_postJoin_accessible.key 
233914     INFO  main            d.u.i.k.p.i.AbstractProblemLoader Loading environment from /home/runner/work/key/key/key.core/../key.ui/examples/heap/permissions/threads/BFilter_postJoin_accessible.key 
233914     DEBUG main            d.u.i.k.p.i.AbstractProblemLoader Environment load took 60.2ns 
233915     INFO  main            d.u.i.k.p.i.AbstractProblemLoader Creating init config 
238301     DEBUG main            d.u.i.k.p.i.AbstractProblemLoader Init config took 4.39s 
238382     INFO  main            d.u.i.k.p.i.AbstractProblemLoader Replaying proof BFilter[ThreadSpec2::postJoin(java.lang.Object)].JML accessible clause.0 
238384     DEBUG main            d.u.i.k.p.i.IntermediateProofReplayer Proof replay took 7.8ns 
238487     INFO  main            d.u.i.k.p.r.p.TestFile    ... finished proof: closed. 
238806     INFO  main            d.u.i.k.p.i.AbstractProblemLoader Loading environment from /home/runner/work/key/key/key.core/../key.ui/examples/heap/permissions/threads/BFilter_postJoin_accessible.key.proof 
238806     DEBUG main            d.u.i.k.p.i.AbstractProblemLoader Environment load took 98.2ns 
238807     INFO  main            d.u.i.k.p.i.AbstractProblemLoader Creating init config 
243127     DEBUG main            d.u.i.k.p.i.AbstractProblemLoader Init config took 4.32s 
243206     INFO  main            d.u.i.k.p.i.AbstractProblemLoader Replaying proof BFilter[ThreadSpec2::postJoin(java.lang.Object)].JML accessible clause.0 
243214     DEBUG main            d.u.i.k.p.i.IntermediateProofReplayer Proof replay took 5.87ms 
243215     DEBUG main            d.u.i.k.p.r.p.TestFile    ... success: reloaded. 
243216     INFO  main            d.u.i.k.p.r.p.TestFile    Now processing file /home/runner/work/key/key/key.core/../key.ui/examples/heap/permissions/threads/BFilter_preStart_accessible.key 
243216     INFO  main            d.u.i.k.p.i.AbstractProblemLoader Loading environment from /home/runner/work/key/key/key.core/../key.ui/examples/heap/permissions/threads/BFilter_preStart_accessible.key 
243216     DEBUG main            d.u.i.k.p.i.AbstractProblemLoader Environment load took 50.2ns 
243217     INFO  main            d.u.i.k.p.i.AbstractProblemLoader Creating init config 
247604     DEBUG main            d.u.i.k.p.i.AbstractProblemLoader Init config took 4.39s 
247698     INFO  main            d.u.i.k.p.i.AbstractProblemLoader Replaying proof BFilter[ThreadSpec2::preStart(java.lang.Object)].JML accessible clause.0 
247700     DEBUG main            d.u.i.k.p.i.IntermediateProofReplayer Proof replay took 7.1ns 
248002     INFO  main            d.u.i.k.p.r.p.TestFile    ... finished proof: closed. 
248331     INFO  main            d.u.i.k.p.i.AbstractProblemLoader Loading environment from /home/runner/work/key/key/key.core/../key.ui/examples/heap/permissions/threads/BFilter_preStart_accessible.key.proof 
248331     DEBUG main            d.u.i.k.p.i.AbstractProblemLoader Environment load took 96.4ns 
248332     INFO  main            d.u.i.k.p.i.AbstractProblemLoader Creating init config 
252653     DEBUG main            d.u.i.k.p.i.AbstractProblemLoader Init config took 4.32s 
252732     INFO  main            d.u.i.k.p.i.AbstractProblemLoader Replaying proof BFilter[ThreadSpec2::preStart(java.lang.Object)].JML accessible clause.0 
252762     DEBUG main            d.u.i.k.p.i.IntermediateProofReplayer Proof replay took 27.74ms 
252763     DEBUG main            d.u.i.k.p.r.p.TestFile    ... success: reloaded. 
252764     INFO  main            d.u.i.k.p.r.p.TestFile    Now processing file /home/runner/work/key/key/key.core/../key.ui/examples/heap/permissions/threads/BFilter_startTransfer_accessible.key 
252764     INFO  main            d.u.i.k.p.i.AbstractProblemLoader Loading environment from /home/runner/work/key/key/key.core/../key.ui/examples/heap/permissions/threads/BFilter_startTransfer_accessible.key 
252765     DEBUG main            d.u.i.k.p.i.AbstractProblemLoader Environment load took 78.5ns 
252765     INFO  main            d.u.i.k.p.i.AbstractProblemLoader Creating init config 
257188     DEBUG main            d.u.i.k.p.i.AbstractProblemLoader Init config took 4.42s 
257269     INFO  main            d.u.i.k.p.i.AbstractProblemLoader Replaying proof BFilter[ThreadSpec2::startTransfer()].JML accessible clause.0 
257272     DEBUG main            d.u.i.k.p.i.IntermediateProofReplayer Proof replay took 7.3ns 
266703     INFO  main            d.u.i.k.p.r.p.TestFile    ... finished proof: closed. 
267057     INFO  main            d.u.i.k.p.i.AbstractProblemLoader Loading environment from /home/runner/work/key/key/key.core/../key.ui/examples/heap/permissions/threads/BFilter_startTransfer_accessible.key.proof 
267058     DEBUG main            d.u.i.k.p.i.AbstractProblemLoader Environment load took 331.81ns 
267059     INFO  main            d.u.i.k.p.i.AbstractProblemLoader Creating init config 
271406     DEBUG main            d.u.i.k.p.i.AbstractProblemLoader Init config took 4.35s 
271486     INFO  main            d.u.i.k.p.i.AbstractProblemLoader Replaying proof BFilter[ThreadSpec2::startTransfer()].JML accessible clause.0 
272277     DEBUG main            d.u.i.k.p.i.IntermediateProofReplayer Proof replay took 775.92ms 
272279     DEBUG main            d.u.i.k.p.r.p.TestFile    ... success: reloaded. 
272280     INFO  main            d.u.i.k.p.r.p.TestFile    Now processing file /home/runner/work/key/key/key.core/../key.ui/examples/heap/permissions/threads/BFilter_startTransfer_contract.key 
272280     INFO  main            d.u.i.k.p.i.AbstractProblemLoader Loading environment from /home/runner/work/key/key/key.core/../key.ui/examples/heap/permissions/threads/BFilter_startTransfer_contract.key 
272280     DEBUG main            d.u.i.k.p.i.AbstractProblemLoader Environment load took 92ns 
272281     INFO  main            d.u.i.k.p.i.AbstractProblemLoader Creating init config 
276711     DEBUG main            d.u.i.k.p.i.AbstractProblemLoader Init config took 4.43s 
276791     INFO  main            d.u.i.k.p.i.AbstractProblemLoader Replaying proof BFilter[ThreadSpec2::startTransfer()].JML model_behavior operation contract.0 
276793     DEBUG main            d.u.i.k.p.i.IntermediateProofReplayer Proof replay took 7.3ns 
277799     INFO  main            d.u.i.k.p.r.p.TestFile    ... finished proof: closed. 
278132     INFO  main            d.u.i.k.p.i.AbstractProblemLoader Loading environment from /home/runner/work/key/key/key.core/../key.ui/examples/heap/permissions/threads/BFilter_startTransfer_contract.key.proof 
278132     DEBUG main            d.u.i.k.p.i.AbstractProblemLoader Environment load took 105ns 
278133     INFO  main            d.u.i.k.p.i.AbstractProblemLoader Creating init config 
282442     DEBUG main            d.u.i.k.p.i.AbstractProblemLoader Init config took 4.31s 
282523     INFO  main            d.u.i.k.p.i.AbstractProblemLoader Replaying proof BFilter[ThreadSpec2::startTransfer()].JML model_behavior operation contract.0 
282622     DEBUG main            d.u.i.k.p.i.IntermediateProofReplayer Proof replay took 94.45ms 
282624     DEBUG main            d.u.i.k.p.r.p.TestFile    ... success: reloaded. 
282624     INFO  main            d.u.i.k.p.r.p.TestFile    Now processing file /home/runner/work/key/key/key.core/../key.ui/examples/heap/permissions/threads/BFilter_stateInv_accessible.key 
282625     INFO  main            d.u.i.k.p.i.AbstractProblemLoader Loading environment from /home/runner/work/key/key/key.core/../key.ui/examples/heap/permissions/threads/BFilter_stateInv_accessible.key 
282625     DEBUG main            d.u.i.k.p.i.AbstractProblemLoader Environment load took 43.5ns 
282625     INFO  main            d.u.i.k.p.i.AbstractProblemLoader Creating init config 
287018     DEBUG main            d.u.i.k.p.i.AbstractProblemLoader Init config took 4.39s 
287099     INFO  main            d.u.i.k.p.i.AbstractProblemLoader Replaying proof BFilter[ThreadSpec2::stateInv()].JML accessible clause.0 
287101     DEBUG main            d.u.i.k.p.i.IntermediateProofReplayer Proof replay took 7.2ns 
287403     INFO  main            d.u.i.k.p.r.p.TestFile    ... finished proof: closed. 
287910     INFO  main            d.u.i.k.p.i.AbstractProblemLoader Loading environment from /home/runner/work/key/key/key.core/../key.ui/examples/heap/permissions/threads/BFilter_stateInv_accessible.key.proof 
287910     DEBUG main            d.u.i.k.p.i.AbstractProblemLoader Environment load took 99.9ns 
287911     INFO  main            d.u.i.k.p.i.AbstractProblemLoader Creating init config 
292229     DEBUG main            d.u.i.k.p.i.AbstractProblemLoader Init config took 4.32s 
292317     INFO  main            d.u.i.k.p.i.AbstractProblemLoader Replaying proof BFilter[ThreadSpec2::stateInv()].JML accessible clause.0 
292352     DEBUG main            d.u.i.k.p.i.IntermediateProofReplayer Proof replay took 32.38ms 
292353     DEBUG main            d.u.i.k.p.r.p.TestFile    ... success: reloaded. 
292353     INFO  main            d.u.i.k.p.r.p.TestFile    Now processing file /home/runner/work/key/key/key.core/../key.ui/examples/heap/permissions/threads/BFilter_staticPermissions_accessible.key 
292354     INFO  main            d.u.i.k.p.i.AbstractProblemLoader Loading environment from /home/runner/work/key/key/key.core/../key.ui/examples/heap/permissions/threads/BFilter_staticPermissions_accessible.key 
292354     DEBUG main            d.u.i.k.p.i.AbstractProblemLoader Environment load took 82ns 
292355     INFO  main            d.u.i.k.p.i.AbstractProblemLoader Creating init config 
296751     DEBUG main            d.u.i.k.p.i.AbstractProblemLoader Init config took 4.4s 
296833     INFO  main            d.u.i.k.p.i.AbstractProblemLoader Replaying proof BFilter[ThreadSpec2::staticPermissions()].JML accessible clause.0 
296834     DEBUG main            d.u.i.k.p.i.IntermediateProofReplayer Proof replay took 8.2ns 
296936     INFO  main            d.u.i.k.p.r.p.TestFile    ... finished proof: closed. 
297301     INFO  main            d.u.i.k.p.i.AbstractProblemLoader Loading environment from /home/runner/work/key/key/key.core/../key.ui/examples/heap/permissions/threads/BFilter_staticPermissions_accessible.key.proof 
297301     DEBUG main            d.u.i.k.p.i.AbstractProblemLoader Environment load took 99.2ns 
297302     INFO  main            d.u.i.k.p.i.AbstractProblemLoader Creating init config 
301618     DEBUG main            d.u.i.k.p.i.AbstractProblemLoader Init config took 4.32s 
301698     INFO  main            d.u.i.k.p.i.AbstractProblemLoader Replaying proof BFilter[ThreadSpec2::staticPermissions()].JML accessible clause.0 
301708     DEBUG main            d.u.i.k.p.i.IntermediateProofReplayer Proof replay took 8.13ms 
301708     DEBUG main            d.u.i.k.p.r.p.TestFile    ... success: reloaded. 
301709     INFO  main            d.u.i.k.p.r.p.TestFile    Now processing file /home/runner/work/key/key/key.core/../key.ui/examples/heap/permissions/threads/BFilter_workingPermissions_accessible.key 
301710     INFO  main            d.u.i.k.p.i.AbstractProblemLoader Loading environment from /home/runner/work/key/key/key.core/../key.ui/examples/heap/permissions/threads/BFilter_workingPermissions_accessible.key 
301710     DEBUG main            d.u.i.k.p.i.AbstractProblemLoader Environment load took 103ns 
301711     INFO  main            d.u.i.k.p.i.AbstractProblemLoader Creating init config 
306127     DEBUG main            d.u.i.k.p.i.AbstractProblemLoader Init config took 4.42s 
306223     INFO  main            d.u.i.k.p.i.AbstractProblemLoader Replaying proof BFilter[ThreadSpec2::workingPermissions()].JML accessible clause.0 
306224     DEBUG main            d.u.i.k.p.i.IntermediateProofReplayer Proof replay took 9.5ns 
306326     INFO  main            d.u.i.k.p.r.p.TestFile    ... finished proof: closed. 
306690     INFO  main            d.u.i.k.p.i.AbstractProblemLoader Loading environment from /home/runner/work/key/key/key.core/../key.ui/examples/heap/permissions/threads/BFilter_workingPermissions_accessible.key.proof 
306690     DEBUG main            d.u.i.k.p.i.AbstractProblemLoader Environment load took 102.4ns 
306691     INFO  main            d.u.i.k.p.i.AbstractProblemLoader Creating init config 
311013     DEBUG main            d.u.i.k.p.i.AbstractProblemLoader Init config took 4.32s 
311092     INFO  main            d.u.i.k.p.i.AbstractProblemLoader Replaying proof BFilter[ThreadSpec2::workingPermissions()].JML accessible clause.0 
311101     DEBUG main            d.u.i.k.p.i.IntermediateProofReplayer Proof replay took 7.06ms 
311102     DEBUG main            d.u.i.k.p.r.p.TestFile    ... success: reloaded. 
311103     INFO  main            d.u.i.k.p.r.p.TestFile    Now processing file /home/runner/work/key/key/key.core/../key.ui/examples/heap/permissions/threads/Fib_Fib.key 
311103     INFO  main            d.u.i.k.p.i.AbstractProblemLoader Loading environment from /home/runner/work/key/key/key.core/../key.ui/examples/heap/permissions/threads/Fib_Fib.key 
311103     DEBUG main            d.u.i.k.p.i.AbstractProblemLoader Environment load took 90.3ns 
311104     INFO  main            d.u.i.k.p.i.AbstractProblemLoader Creating init config 
315474     DEBUG main            d.u.i.k.p.i.AbstractProblemLoader Init config took 4.37s 
315554     INFO  main            d.u.i.k.p.i.AbstractProblemLoader Replaying proof Fib[Fib::Fib(int)].JML normal_behavior operation contract.0 
315556     DEBUG main            d.u.i.k.p.i.IntermediateProofReplayer Proof replay took 6.9ns 
316166     INFO  main            d.u.i.k.p.r.p.TestFile    ... finished proof: closed. 
316569     INFO  main            d.u.i.k.p.i.AbstractProblemLoader Loading environment from /home/runner/work/key/key/key.core/../key.ui/examples/heap/permissions/threads/Fib_Fib.key.proof 
316569     DEBUG main            d.u.i.k.p.i.AbstractProblemLoader Environment load took 116.7ns 
316570     INFO  main            d.u.i.k.p.i.AbstractProblemLoader Creating init config 
320852     DEBUG main            d.u.i.k.p.i.AbstractProblemLoader Init config took 4.28s 
320944     INFO  main            d.u.i.k.p.i.AbstractProblemLoader Replaying proof Fib[Fib::Fib(int)].JML normal_behavior operation contract.0 
321035     DEBUG main            d.u.i.k.p.i.IntermediateProofReplayer Proof replay took 88.27ms 
321036     DEBUG main            d.u.i.k.p.r.p.TestFile    ... success: reloaded. 
321037     INFO  main            d.u.i.k.p.r.p.TestFile    Now processing file /home/runner/work/key/key/key.core/../key.ui/examples/heap/permissions/threads/Fib_initPost_accessible.key 
321037     INFO  main            d.u.i.k.p.i.AbstractProblemLoader Loading environment from /home/runner/work/key/key/key.core/../key.ui/examples/heap/permissions/threads/Fib_initPost_accessible.key 
321037     DEBUG main            d.u.i.k.p.i.AbstractProblemLoader Environment load took 78.6ns 
321038     INFO  main            d.u.i.k.p.i.AbstractProblemLoader Creating init config 
325410     DEBUG main            d.u.i.k.p.i.AbstractProblemLoader Init config took 4.37s 
325491     INFO  main            d.u.i.k.p.i.AbstractProblemLoader Replaying proof Fib[ThreadSpec::initPost()].JML accessible clause.0 
325493     DEBUG main            d.u.i.k.p.i.IntermediateProofReplayer Proof replay took 9.5ns 
325596     INFO  main            d.u.i.k.p.r.p.TestFile    ... finished proof: closed. 
325965     INFO  main            d.u.i.k.p.i.AbstractProblemLoader Loading environment from /home/runner/work/key/key/key.core/../key.ui/examples/heap/permissions/threads/Fib_initPost_accessible.key.proof 
325965     DEBUG main            d.u.i.k.p.i.AbstractProblemLoader Environment load took 96.2ns 
325966     INFO  main            d.u.i.k.p.i.AbstractProblemLoader Creating init config 
330280     DEBUG main            d.u.i.k.p.i.AbstractProblemLoader Init config took 4.31s 
330359     INFO  main            d.u.i.k.p.i.AbstractProblemLoader Replaying proof Fib[ThreadSpec::initPost()].JML accessible clause.0 
330366     DEBUG main            d.u.i.k.p.i.IntermediateProofReplayer Proof replay took 4.68ms 
330367     DEBUG main            d.u.i.k.p.r.p.TestFile    ... success: reloaded. 
330368     INFO  main            d.u.i.k.p.r.p.TestFile    Now processing file /home/runner/work/key/key/key.core/../key.ui/examples/heap/permissions/threads/Fib_inv1_accessible.key 
330368     INFO  main            d.u.i.k.p.i.AbstractProblemLoader Loading environment from /home/runner/work/key/key/key.core/../key.ui/examples/heap/permissions/threads/Fib_inv1_accessible.key 
330368     DEBUG main            d.u.i.k.p.i.AbstractProblemLoader Environment load took 102.4ns 
330369     INFO  main            d.u.i.k.p.i.AbstractProblemLoader Creating init config 
334750     DEBUG main            d.u.i.k.p.i.AbstractProblemLoader Init config took 4.38s 
334853     INFO  main            d.u.i.k.p.i.AbstractProblemLoader Replaying proof Fib[java.lang.Object::<inv>()].JML accessible clause.0 
334854     DEBUG main            d.u.i.k.p.i.IntermediateProofReplayer Proof replay took 6.8ns 
334956     INFO  main            d.u.i.k.p.r.p.TestFile    ... finished proof: closed. 
335326     INFO  main            d.u.i.k.p.i.AbstractProblemLoader Loading environment from /home/runner/work/key/key/key.core/../key.ui/examples/heap/permissions/threads/Fib_inv1_accessible.key.proof 
335326     DEBUG main            d.u.i.k.p.i.AbstractProblemLoader Environment load took 89.4ns 
335326     INFO  main            d.u.i.k.p.i.AbstractProblemLoader Creating init config 
339616     DEBUG main            d.u.i.k.p.i.AbstractProblemLoader Init config took 4.29s 
339696     INFO  main            d.u.i.k.p.i.AbstractProblemLoader Replaying proof Fib[java.lang.Object::<inv>()].JML accessible clause.0 
339699     DEBUG main            d.u.i.k.p.i.IntermediateProofReplayer Proof replay took 1.55ms 
339699     DEBUG main            d.u.i.k.p.r.p.TestFile    ... success: reloaded. 
339700     INFO  main            d.u.i.k.p.r.p.TestFile    Now processing file /home/runner/work/key/key/key.core/../key.ui/examples/heap/permissions/threads/Fib_inv2_accessible.key 
339701     INFO  main            d.u.i.k.p.i.AbstractProblemLoader Loading environment from /home/runner/work/key/key/key.core/../key.ui/examples/heap/permissions/threads/Fib_inv2_accessible.key 
339701     DEBUG main            d.u.i.k.p.i.AbstractProblemLoader Environment load took 80.1ns 
339701     INFO  main            d.u.i.k.p.i.AbstractProblemLoader Creating init config 
344078     DEBUG main            d.u.i.k.p.i.AbstractProblemLoader Init config took 4.38s 
344157     INFO  main            d.u.i.k.p.i.AbstractProblemLoader Replaying proof Fib[java.lang.Object::<inv>()].JML accessible clause.1 
344159     DEBUG main            d.u.i.k.p.i.IntermediateProofReplayer Proof replay took 8.5ns 
344260     INFO  main            d.u.i.k.p.r.p.TestFile    ... finished proof: closed. 
344638     INFO  main            d.u.i.k.p.i.AbstractProblemLoader Loading environment from /home/runner/work/key/key/key.core/../key.ui/examples/heap/permissions/threads/Fib_inv2_accessible.key.proof 
344638     DEBUG main            d.u.i.k.p.i.AbstractProblemLoader Environment load took 90.5ns 
344639     INFO  main            d.u.i.k.p.i.AbstractProblemLoader Creating init config 
348937     DEBUG main            d.u.i.k.p.i.AbstractProblemLoader Init config took 4.3s 
349017     INFO  main            d.u.i.k.p.i.AbstractProblemLoader Replaying proof Fib[java.lang.Object::<inv>()].JML accessible clause.1 
349020     DEBUG main            d.u.i.k.p.i.IntermediateProofReplayer Proof replay took 1.71ms 
349021     DEBUG main            d.u.i.k.p.r.p.TestFile    ... success: reloaded. 
349022     INFO  main            d.u.i.k.p.r.p.TestFile    Now processing file /home/runner/work/key/key/key.core/../key.ui/examples/heap/permissions/threads/Fib_joinTransfer_accessible.key 
349022     INFO  main            d.u.i.k.p.i.AbstractProblemLoader Loading environment from /home/runner/work/key/key/key.core/../key.ui/examples/heap/permissions/threads/Fib_joinTransfer_accessible.key 
349022     DEBUG main            d.u.i.k.p.i.AbstractProblemLoader Environment load took 51.2ns 
349023     INFO  main            d.u.i.k.p.i.AbstractProblemLoader Creating init config 
353397     DEBUG main            d.u.i.k.p.i.AbstractProblemLoader Init config took 4.37s 
353477     INFO  main            d.u.i.k.p.i.AbstractProblemLoader Replaying proof Fib[ThreadSpec::joinTransfer()].JML accessible clause.0 
353478     DEBUG main            d.u.i.k.p.i.IntermediateProofReplayer Proof replay took 8.1ns 
353681     INFO  main            d.u.i.k.p.r.p.TestFile    ... finished proof: closed. 
354074     INFO  main            d.u.i.k.p.i.AbstractProblemLoader Loading environment from /home/runner/work/key/key/key.core/../key.ui/examples/heap/permissions/threads/Fib_joinTransfer_accessible.key.proof 
354074     DEBUG main            d.u.i.k.p.i.AbstractProblemLoader Environment load took 94.7ns 
354075     INFO  main            d.u.i.k.p.i.AbstractProblemLoader Creating init config 
358372     DEBUG main            d.u.i.k.p.i.AbstractProblemLoader Init config took 4.3s 
358451     INFO  main            d.u.i.k.p.i.AbstractProblemLoader Replaying proof Fib[ThreadSpec::joinTransfer()].JML accessible clause.0 
358474     DEBUG main            d.u.i.k.p.i.IntermediateProofReplayer Proof replay took 21.38ms 
358475     DEBUG main            d.u.i.k.p.r.p.TestFile    ... success: reloaded. 
358476     INFO  main            d.u.i.k.p.r.p.TestFile    Now processing file /home/runner/work/key/key/key.core/../key.ui/examples/heap/permissions/threads/Fib_joinTransfer_contract.key 
358476     INFO  main            d.u.i.k.p.i.AbstractProblemLoader Loading environment from /home/runner/work/key/key/key.core/../key.ui/examples/heap/permissions/threads/Fib_joinTransfer_contract.key 
358476     DEBUG main            d.u.i.k.p.i.AbstractProblemLoader Environment load took 50.7ns 
358477     INFO  main            d.u.i.k.p.i.AbstractProblemLoader Creating init config 
362865     DEBUG main            d.u.i.k.p.i.AbstractProblemLoader Init config took 4.39s 
362945     INFO  main            d.u.i.k.p.i.AbstractProblemLoader Replaying proof Fib[ThreadSpec::joinTransfer()].JML model_behavior operation contract.0 
362946     DEBUG main            d.u.i.k.p.i.IntermediateProofReplayer Proof replay took 7.4ns 
363048     INFO  main            d.u.i.k.p.r.p.TestFile    ... finished proof: closed. 
363442     INFO  main            d.u.i.k.p.i.AbstractProblemLoader Loading environment from /home/runner/work/key/key/key.core/../key.ui/examples/heap/permissions/threads/Fib_joinTransfer_contract.key.proof 
363442     DEBUG main            d.u.i.k.p.i.AbstractProblemLoader Environment load took 109.2ns 
363443     INFO  main            d.u.i.k.p.i.AbstractProblemLoader Creating init config 
367739     DEBUG main            d.u.i.k.p.i.AbstractProblemLoader Init config took 4.3s 
367818     INFO  main            d.u.i.k.p.i.AbstractProblemLoader Replaying proof Fib[ThreadSpec::joinTransfer()].JML model_behavior operation contract.0 
367826     DEBUG main            d.u.i.k.p.i.IntermediateProofReplayer Proof replay took 6.06ms 
367827     DEBUG main            d.u.i.k.p.r.p.TestFile    ... success: reloaded. 
367828     INFO  main            d.u.i.k.p.r.p.TestFile    Now processing file /home/runner/work/key/key/key.core/../key.ui/examples/heap/permissions/threads/Fib_postJoin_accessible.key 
367828     INFO  main            d.u.i.k.p.i.AbstractProblemLoader Loading environment from /home/runner/work/key/key/key.core/../key.ui/examples/heap/permissions/threads/Fib_postJoin_accessible.key 
367828     DEBUG main            d.u.i.k.p.i.AbstractProblemLoader Environment load took 102.9ns 
367829     INFO  main            d.u.i.k.p.i.AbstractProblemLoader Creating init config 
372214     DEBUG main            d.u.i.k.p.i.AbstractProblemLoader Init config took 4.38s 
372293     INFO  main            d.u.i.k.p.i.AbstractProblemLoader Replaying proof Fib[ThreadSpec::postJoin(java.lang.Object)].JML accessible clause.0 
372294     DEBUG main            d.u.i.k.p.i.IntermediateProofReplayer Proof replay took 9.1ns 
372396     INFO  main            d.u.i.k.p.r.p.TestFile    ... finished proof: closed. 
372796     INFO  main            d.u.i.k.p.i.AbstractProblemLoader Loading environment from /home/runner/work/key/key/key.core/../key.ui/examples/heap/permissions/threads/Fib_postJoin_accessible.key.proof 
372796     DEBUG main            d.u.i.k.p.i.AbstractProblemLoader Environment load took 91.8ns 
372797     INFO  main            d.u.i.k.p.i.AbstractProblemLoader Creating init config 
377115     DEBUG main            d.u.i.k.p.i.AbstractProblemLoader Init config took 4.32s 
377195     INFO  main            d.u.i.k.p.i.AbstractProblemLoader Replaying proof Fib[ThreadSpec::postJoin(java.lang.Object)].JML accessible clause.0 
377201     DEBUG main            d.u.i.k.p.i.IntermediateProofReplayer Proof replay took 4.8ms 
377202     DEBUG main            d.u.i.k.p.r.p.TestFile    ... success: reloaded. 
377202     INFO  main            d.u.i.k.p.r.p.TestFile    Now processing file /home/runner/work/key/key/key.core/../key.ui/examples/heap/permissions/threads/Fib_preStart_accessible.key 
377203     INFO  main            d.u.i.k.p.i.AbstractProblemLoader Loading environment from /home/runner/work/key/key/key.core/../key.ui/examples/heap/permissions/threads/Fib_preStart_accessible.key 
377203     DEBUG main            d.u.i.k.p.i.AbstractProblemLoader Environment load took 72.7ns 
377204     INFO  main            d.u.i.k.p.i.AbstractProblemLoader Creating init config 
381623     DEBUG main            d.u.i.k.p.i.AbstractProblemLoader Init config took 4.42s 
381718     INFO  main            d.u.i.k.p.i.AbstractProblemLoader Replaying proof Fib[ThreadSpec::preStart(java.lang.Object)].JML accessible clause.0 
381719     DEBUG main            d.u.i.k.p.i.IntermediateProofReplayer Proof replay took 8.3ns 
381821     INFO  main            d.u.i.k.p.r.p.TestFile    ... finished proof: closed. 
382227     INFO  main            d.u.i.k.p.i.AbstractProblemLoader Loading environment from /home/runner/work/key/key/key.core/../key.ui/examples/heap/permissions/threads/Fib_preStart_accessible.key.proof 
382227     DEBUG main            d.u.i.k.p.i.AbstractProblemLoader Environment load took 85.4ns 
382227     INFO  main            d.u.i.k.p.i.AbstractProblemLoader Creating init config 
386545     DEBUG main            d.u.i.k.p.i.AbstractProblemLoader Init config took 4.32s 
386641     INFO  main            d.u.i.k.p.i.AbstractProblemLoader Replaying proof Fib[ThreadSpec::preStart(java.lang.Object)].JML accessible clause.0 
386648     DEBUG main            d.u.i.k.p.i.IntermediateProofReplayer Proof replay took 5.05ms 
386649     DEBUG main            d.u.i.k.p.r.p.TestFile    ... success: reloaded. 
386649     INFO  main            d.u.i.k.p.r.p.TestFile    Now processing file /home/runner/work/key/key/key.core/../key.ui/examples/heap/permissions/threads/Fib_startTransfer_accessible.key 
386650     INFO  main            d.u.i.k.p.i.AbstractProblemLoader Loading environment from /home/runner/work/key/key/key.core/../key.ui/examples/heap/permissions/threads/Fib_startTransfer_accessible.key 
386650     DEBUG main            d.u.i.k.p.i.AbstractProblemLoader Environment load took 103.4ns 
386651     INFO  main            d.u.i.k.p.i.AbstractProblemLoader Creating init config 
391053     DEBUG main            d.u.i.k.p.i.AbstractProblemLoader Init config took 4.4s 
391132     INFO  main            d.u.i.k.p.i.AbstractProblemLoader Replaying proof Fib[ThreadSpec::startTransfer()].JML accessible clause.0 
391134     DEBUG main            d.u.i.k.p.i.IntermediateProofReplayer Proof replay took 7.8ns 
391337     INFO  main            d.u.i.k.p.r.p.TestFile    ... finished proof: closed. 
391768     INFO  main            d.u.i.k.p.i.AbstractProblemLoader Loading environment from /home/runner/work/key/key/key.core/../key.ui/examples/heap/permissions/threads/Fib_startTransfer_accessible.key.proof 
391769     DEBUG main            d.u.i.k.p.i.AbstractProblemLoader Environment load took 92ns 
391769     INFO  main            d.u.i.k.p.i.AbstractProblemLoader Creating init config 
396071     DEBUG main            d.u.i.k.p.i.AbstractProblemLoader Init config took 4.3s 
396163     INFO  main            d.u.i.k.p.i.AbstractProblemLoader Replaying proof Fib[ThreadSpec::startTransfer()].JML accessible clause.0 
396201     DEBUG main            d.u.i.k.p.i.IntermediateProofReplayer Proof replay took 35.9ms 
396202     DEBUG main            d.u.i.k.p.r.p.TestFile    ... success: reloaded. 
396203     INFO  main            d.u.i.k.p.r.p.TestFile    Now processing file /home/runner/work/key/key/key.core/../key.ui/examples/heap/permissions/threads/Fib_startTransfer_contract.key 
396203     INFO  main            d.u.i.k.p.i.AbstractProblemLoader Loading environment from /home/runner/work/key/key/key.core/../key.ui/examples/heap/permissions/threads/Fib_startTransfer_contract.key 
396203     DEBUG main            d.u.i.k.p.i.AbstractProblemLoader Environment load took 50.2ns 
396204     INFO  main            d.u.i.k.p.i.AbstractProblemLoader Creating init config 
400625     DEBUG main            d.u.i.k.p.i.AbstractProblemLoader Init config took 4.42s 
400705     INFO  main            d.u.i.k.p.i.AbstractProblemLoader Replaying proof Fib[ThreadSpec::startTransfer()].JML model_behavior operation contract.0 
400706     DEBUG main            d.u.i.k.p.i.IntermediateProofReplayer Proof replay took 8.8ns 
400808     INFO  main            d.u.i.k.p.r.p.TestFile    ... finished proof: closed. 
401228     INFO  main            d.u.i.k.p.i.AbstractProblemLoader Loading environment from /home/runner/work/key/key/key.core/../key.ui/examples/heap/permissions/threads/Fib_startTransfer_contract.key.proof 
401228     DEBUG main            d.u.i.k.p.i.AbstractProblemLoader Environment load took 89.6ns 
401229     INFO  main            d.u.i.k.p.i.AbstractProblemLoader Creating init config 
405552     DEBUG main            d.u.i.k.p.i.AbstractProblemLoader Init config took 4.32s 
405632     INFO  main            d.u.i.k.p.i.AbstractProblemLoader Replaying proof Fib[ThreadSpec::startTransfer()].JML model_behavior operation contract.0 
405639     DEBUG main            d.u.i.k.p.i.IntermediateProofReplayer Proof replay took 6.17ms 
405640     DEBUG main            d.u.i.k.p.r.p.TestFile    ... success: reloaded. 
405641     INFO  main            d.u.i.k.p.r.p.TestFile    Now processing file /home/runner/work/key/key/key.core/../key.ui/examples/heap/permissions/threads/Fib_workingPermissions_accessible.key 
405641     INFO  main            d.u.i.k.p.i.AbstractProblemLoader Loading environment from /home/runner/work/key/key/key.core/../key.ui/examples/heap/permissions/threads/Fib_workingPermissions_accessible.key 
405641     DEBUG main            d.u.i.k.p.i.AbstractProblemLoader Environment load took 50.6ns 
405642     INFO  main            d.u.i.k.p.i.AbstractProblemLoader Creating init config 
410023     DEBUG main            d.u.i.k.p.i.AbstractProblemLoader Init config took 4.38s 
410102     INFO  main            d.u.i.k.p.i.AbstractProblemLoader Replaying proof Fib[ThreadSpec::workingPermissions()].JML accessible clause.0 
410104     DEBUG main            d.u.i.k.p.i.IntermediateProofReplayer Proof replay took 8.4ns 
410206     INFO  main            d.u.i.k.p.r.p.TestFile    ... finished proof: closed. 
410636     INFO  main            d.u.i.k.p.i.AbstractProblemLoader Loading environment from /home/runner/work/key/key/key.core/../key.ui/examples/heap/permissions/threads/Fib_workingPermissions_accessible.key.proof 
410637     DEBUG main            d.u.i.k.p.i.AbstractProblemLoader Environment load took 123.5ns 
410637     INFO  main            d.u.i.k.p.i.AbstractProblemLoader Creating init config 
414952     DEBUG main            d.u.i.k.p.i.AbstractProblemLoader Init config took 4.31s 
415031     INFO  main            d.u.i.k.p.i.AbstractProblemLoader Replaying proof Fib[ThreadSpec::workingPermissions()].JML accessible clause.0 
415034     DEBUG main            d.u.i.k.p.i.IntermediateProofReplayer Proof replay took 2.21ms 
415035     DEBUG main            d.u.i.k.p.r.p.TestFile    ... success: reloaded. 
415036     INFO  main            d.u.i.k.p.r.p.TestFile    Now processing file /home/runner/work/key/key/key.core/../key.ui/examples/heap/permissions/threads/Plotter_initPost_accessible.key 
415036     INFO  main            d.u.i.k.p.i.AbstractProblemLoader Loading environment from /home/runner/work/key/key/key.core/../key.ui/examples/heap/permissions/threads/Plotter_initPost_accessible.key 
415036     DEBUG main            d.u.i.k.p.i.AbstractProblemLoader Environment load took 46.4ns 
415037     INFO  main            d.u.i.k.p.i.AbstractProblemLoader Creating init config 
419420     DEBUG main            d.u.i.k.p.i.AbstractProblemLoader Init config took 4.38s 
419499     INFO  main            d.u.i.k.p.i.AbstractProblemLoader Replaying proof Plotter[ThreadSpec2::initPost()].JML accessible clause.0 
419500     DEBUG main            d.u.i.k.p.i.IntermediateProofReplayer Proof replay took 9.2ns 
419702     INFO  main            d.u.i.k.p.r.p.TestFile    ... finished proof: closed. 
420121     INFO  main            d.u.i.k.p.i.AbstractProblemLoader Loading environment from /home/runner/work/key/key/key.core/../key.ui/examples/heap/permissions/threads/Plotter_initPost_accessible.key.proof 
420121     DEBUG main            d.u.i.k.p.i.AbstractProblemLoader Environment load took 88.1ns 
420122     INFO  main            d.u.i.k.p.i.AbstractProblemLoader Creating init config 
424453     DEBUG main            d.u.i.k.p.i.AbstractProblemLoader Init config took 4.33s 
424532     INFO  main            d.u.i.k.p.i.AbstractProblemLoader Replaying proof Plotter[ThreadSpec2::initPost()].JML accessible clause.0 
424546     DEBUG main            d.u.i.k.p.i.IntermediateProofReplayer Proof replay took 11.88ms 
424547     DEBUG main            d.u.i.k.p.r.p.TestFile    ... success: reloaded. 
424547     INFO  main            d.u.i.k.p.r.p.TestFile    Now processing file /home/runner/work/key/key/key.core/../key.ui/examples/heap/permissions/threads/Plotter_inv_accessible1.key 
424548     INFO  main            d.u.i.k.p.i.AbstractProblemLoader Loading environment from /home/runner/work/key/key/key.core/../key.ui/examples/heap/permissions/threads/Plotter_inv_accessible1.key 
424548     DEBUG main            d.u.i.k.p.i.AbstractProblemLoader Environment load took 47.6ns 
424548     INFO  main            d.u.i.k.p.i.AbstractProblemLoader Creating init config 
428934     DEBUG main            d.u.i.k.p.i.AbstractProblemLoader Init config took 4.39s 
429013     INFO  main            d.u.i.k.p.i.AbstractProblemLoader Replaying proof Plotter[java.lang.Object::<inv>()].JML accessible clause.0 
429014     DEBUG main            d.u.i.k.p.i.IntermediateProofReplayer Proof replay took 8ns 
429116     INFO  main            d.u.i.k.p.r.p.TestFile    ... finished proof: closed. 
429562     INFO  main            d.u.i.k.p.i.AbstractProblemLoader Loading environment from /home/runner/work/key/key/key.core/../key.ui/examples/heap/permissions/threads/Plotter_inv_accessible1.key.proof 
429562     DEBUG main            d.u.i.k.p.i.AbstractProblemLoader Environment load took 87.8ns 
429563     INFO  main            d.u.i.k.p.i.AbstractProblemLoader Creating init config 
433862     DEBUG main            d.u.i.k.p.i.AbstractProblemLoader Init config took 4.3s 
433941     INFO  main            d.u.i.k.p.i.AbstractProblemLoader Replaying proof Plotter[java.lang.Object::<inv>()].JML accessible clause.0 
433944     DEBUG main            d.u.i.k.p.i.IntermediateProofReplayer Proof replay took 1.59ms 
433945     DEBUG main            d.u.i.k.p.r.p.TestFile    ... success: reloaded. 
433946     INFO  main            d.u.i.k.p.r.p.TestFile    Now processing file /home/runner/work/key/key/key.core/../key.ui/examples/heap/permissions/threads/Plotter_inv_accessible2.key 
433946     INFO  main            d.u.i.k.p.i.AbstractProblemLoader Loading environment from /home/runner/work/key/key/key.core/../key.ui/examples/heap/permissions/threads/Plotter_inv_accessible2.key 
433946     DEBUG main            d.u.i.k.p.i.AbstractProblemLoader Environment load took 50.1ns 
433947     INFO  main            d.u.i.k.p.i.AbstractProblemLoader Creating init config 
438346     DEBUG main            d.u.i.k.p.i.AbstractProblemLoader Init config took 4.4s 
438424     INFO  main            d.u.i.k.p.i.AbstractProblemLoader Replaying proof Plotter[java.lang.Object::<inv>()].JML accessible clause.1 
438426     DEBUG main            d.u.i.k.p.i.IntermediateProofReplayer Proof replay took 7.6ns 
438527     INFO  main            d.u.i.k.p.r.p.TestFile    ... finished proof: closed. 
438975     INFO  main            d.u.i.k.p.i.AbstractProblemLoader Loading environment from /home/runner/work/key/key/key.core/../key.ui/examples/heap/permissions/threads/Plotter_inv_accessible2.key.proof 
438975     DEBUG main            d.u.i.k.p.i.AbstractProblemLoader Environment load took 85ns 
438976     INFO  main            d.u.i.k.p.i.AbstractProblemLoader Creating init config 
443328     DEBUG main            d.u.i.k.p.i.AbstractProblemLoader Init config took 4.35s 
443407     INFO  main            d.u.i.k.p.i.AbstractProblemLoader Replaying proof Plotter[java.lang.Object::<inv>()].JML accessible clause.1 
443410     DEBUG main            d.u.i.k.p.i.IntermediateProofReplayer Proof replay took 1.59ms 
443410     DEBUG main            d.u.i.k.p.r.p.TestFile    ... success: reloaded. 
443411     INFO  main            d.u.i.k.p.r.p.TestFile    Now processing file /home/runner/work/key/key/key.core/../key.ui/examples/heap/permissions/threads/Plotter_joinTransfer_contract.key 
443412     INFO  main            d.u.i.k.p.i.AbstractProblemLoader Loading environment from /home/runner/work/key/key/key.core/../key.ui/examples/heap/permissions/threads/Plotter_joinTransfer_contract.key 
443412     DEBUG main            d.u.i.k.p.i.AbstractProblemLoader Environment load took 70.1ns 
443412     INFO  main            d.u.i.k.p.i.AbstractProblemLoader Creating init config 
447810     DEBUG main            d.u.i.k.p.i.AbstractProblemLoader Init config took 4.4s 
447892     INFO  main            d.u.i.k.p.i.AbstractProblemLoader Replaying proof Plotter[ThreadSpec2::joinTransfer()].JML model_behavior operation contract.0 
447894     DEBUG main            d.u.i.k.p.i.IntermediateProofReplayer Proof replay took 7.8ns 
447995     INFO  main            d.u.i.k.p.r.p.TestFile    ... finished proof: closed. 
448457     INFO  main            d.u.i.k.p.i.AbstractProblemLoader Loading environment from /home/runner/work/key/key/key.core/../key.ui/examples/heap/permissions/threads/Plotter_joinTransfer_contract.key.proof 
448457     DEBUG main            d.u.i.k.p.i.AbstractProblemLoader Environment load took 89.1ns 
448458     INFO  main            d.u.i.k.p.i.AbstractProblemLoader Creating init config 
452765     DEBUG main            d.u.i.k.p.i.AbstractProblemLoader Init config took 4.31s 
452845     INFO  main            d.u.i.k.p.i.AbstractProblemLoader Replaying proof Plotter[ThreadSpec2::joinTransfer()].JML model_behavior operation contract.0 
452853     DEBUG main            d.u.i.k.p.i.IntermediateProofReplayer Proof replay took 6.83ms 
452854     DEBUG main            d.u.i.k.p.r.p.TestFile    ... success: reloaded. 
452855     INFO  main            d.u.i.k.p.r.p.TestFile    Now processing file /home/runner/work/key/key/key.core/../key.ui/examples/heap/permissions/threads/Plotter_Plotter.key 
452855     INFO  main            d.u.i.k.p.i.AbstractProblemLoader Loading environment from /home/runner/work/key/key/key.core/../key.ui/examples/heap/permissions/threads/Plotter_Plotter.key 
452855     DEBUG main            d.u.i.k.p.i.AbstractProblemLoader Environment load took 47.1ns 
452856     INFO  main            d.u.i.k.p.i.AbstractProblemLoader Creating init config 
457238     DEBUG main            d.u.i.k.p.i.AbstractProblemLoader Init config took 4.38s 
457319     INFO  main            d.u.i.k.p.i.AbstractProblemLoader Replaying proof Plotter[Plotter::Plotter(AFilter,BFilter,Buffer)].JML normal_behavior operation contract.0 
457320     DEBUG main            d.u.i.k.p.i.IntermediateProofReplayer Proof replay took 8ns 
458967     INFO  main            d.u.i.k.p.r.p.TestFile    ... finished proof: closed. 
459441     INFO  main            d.u.i.k.p.i.AbstractProblemLoader Loading environment from /home/runner/work/key/key/key.core/../key.ui/examples/heap/permissions/threads/Plotter_Plotter.key.proof 
459441     DEBUG main            d.u.i.k.p.i.AbstractProblemLoader Environment load took 330.71ns 
459442     INFO  main            d.u.i.k.p.i.AbstractProblemLoader Creating init config 
463783     DEBUG main            d.u.i.k.p.i.AbstractProblemLoader Init config took 4.34s 
463875     INFO  main            d.u.i.k.p.i.AbstractProblemLoader Replaying proof Plotter[Plotter::Plotter(AFilter,BFilter,Buffer)].JML normal_behavior operation contract.0 
464118     DEBUG main            d.u.i.k.p.i.IntermediateProofReplayer Proof replay took 236.32ms 
464119     DEBUG main            d.u.i.k.p.r.p.TestFile    ... success: reloaded. 
464120     INFO  main            d.u.i.k.p.r.p.TestFile    Now processing file /home/runner/work/key/key/key.core/../key.ui/examples/heap/permissions/threads/Plotter_postJoin_accessible.key 
464120     INFO  main            d.u.i.k.p.i.AbstractProblemLoader Loading environment from /home/runner/work/key/key/key.core/../key.ui/examples/heap/permissions/threads/Plotter_postJoin_accessible.key 
464120     DEBUG main            d.u.i.k.p.i.AbstractProblemLoader Environment load took 47.2ns 
464121     INFO  main            d.u.i.k.p.i.AbstractProblemLoader Creating init config 
468531     DEBUG main            d.u.i.k.p.i.AbstractProblemLoader Init config took 4.41s 
468610     INFO  main            d.u.i.k.p.i.AbstractProblemLoader Replaying proof Plotter[ThreadSpec2::postJoin(java.lang.Object)].JML accessible clause.0 
468611     DEBUG main            d.u.i.k.p.i.IntermediateProofReplayer Proof replay took 8.6ns 
468713     INFO  main            d.u.i.k.p.r.p.TestFile    ... finished proof: closed. 
469181     INFO  main            d.u.i.k.p.i.AbstractProblemLoader Loading environment from /home/runner/work/key/key/key.core/../key.ui/examples/heap/permissions/threads/Plotter_postJoin_accessible.key.proof 
469181     DEBUG main            d.u.i.k.p.i.AbstractProblemLoader Environment load took 86.1ns 
469181     INFO  main            d.u.i.k.p.i.AbstractProblemLoader Creating init config 
473484     DEBUG main            d.u.i.k.p.i.AbstractProblemLoader Init config took 4.3s 
473576     INFO  main            d.u.i.k.p.i.AbstractProblemLoader Replaying proof Plotter[ThreadSpec2::postJoin(java.lang.Object)].JML accessible clause.0 
473589     DEBUG main            d.u.i.k.p.i.IntermediateProofReplayer Proof replay took 10.78ms 
473590     DEBUG main            d.u.i.k.p.r.p.TestFile    ... success: reloaded. 
473591     INFO  main            d.u.i.k.p.r.p.TestFile    Now processing file /home/runner/work/key/key/key.core/../key.ui/examples/heap/permissions/threads/Plotter_preStart_accessible.key 
473591     INFO  main            d.u.i.k.p.i.AbstractProblemLoader Loading environment from /home/runner/work/key/key/key.core/../key.ui/examples/heap/permissions/threads/Plotter_preStart_accessible.key 
473591     DEBUG main            d.u.i.k.p.i.AbstractProblemLoader Environment load took 153ns 
473592     INFO  main            d.u.i.k.p.i.AbstractProblemLoader Creating init config 
477979     DEBUG main            d.u.i.k.p.i.AbstractProblemLoader Init config took 4.39s 
478058     INFO  main            d.u.i.k.p.i.AbstractProblemLoader Replaying proof Plotter[ThreadSpec2::preStart(java.lang.Object)].JML accessible clause.0 
478060     DEBUG main            d.u.i.k.p.i.IntermediateProofReplayer Proof replay took 8.5ns 
479089     INFO  main            d.u.i.k.p.r.p.TestFile    ... finished proof: closed. 
479566     INFO  main            d.u.i.k.p.i.AbstractProblemLoader Loading environment from /home/runner/work/key/key/key.core/../key.ui/examples/heap/permissions/threads/Plotter_preStart_accessible.key.proof 
479566     DEBUG main            d.u.i.k.p.i.AbstractProblemLoader Environment load took 90.7ns 
479567     INFO  main            d.u.i.k.p.i.AbstractProblemLoader Creating init config 
483885     DEBUG main            d.u.i.k.p.i.AbstractProblemLoader Init config took 4.32s 
483964     INFO  main            d.u.i.k.p.i.AbstractProblemLoader Replaying proof Plotter[ThreadSpec2::preStart(java.lang.Object)].JML accessible clause.0 
484041     DEBUG main            d.u.i.k.p.i.IntermediateProofReplayer Proof replay took 73.82ms 
484042     DEBUG main            d.u.i.k.p.r.p.TestFile    ... success: reloaded. 
484043     INFO  main            d.u.i.k.p.r.p.TestFile    Now processing file /home/runner/work/key/key/key.core/../key.ui/examples/heap/permissions/threads/Plotter_stateInv_accessible.key 
484043     INFO  main            d.u.i.k.p.i.AbstractProblemLoader Loading environment from /home/runner/work/key/key/key.core/../key.ui/examples/heap/permissions/threads/Plotter_stateInv_accessible.key 
484043     DEBUG main            d.u.i.k.p.i.AbstractProblemLoader Environment load took 66.8ns 
484044     INFO  main            d.u.i.k.p.i.AbstractProblemLoader Creating init config 
488434     DEBUG main            d.u.i.k.p.i.AbstractProblemLoader Init config took 4.39s 
488512     INFO  main            d.u.i.k.p.i.AbstractProblemLoader Replaying proof Plotter[ThreadSpec2::stateInv()].JML accessible clause.0 
488514     DEBUG main            d.u.i.k.p.i.IntermediateProofReplayer Proof replay took 9.1ns 
495556     INFO  main            d.u.i.k.p.r.p.TestFile    ... finished proof: closed. 
496059     INFO  main            d.u.i.k.p.i.AbstractProblemLoader Loading environment from /home/runner/work/key/key/key.core/../key.ui/examples/heap/permissions/threads/Plotter_stateInv_accessible.key.proof 
496059     DEBUG main            d.u.i.k.p.i.AbstractProblemLoader Environment load took 104.8ns 
496060     INFO  main            d.u.i.k.p.i.AbstractProblemLoader Creating init config 
500385     DEBUG main            d.u.i.k.p.i.AbstractProblemLoader Init config took 4.33s 
500464     INFO  main            d.u.i.k.p.i.AbstractProblemLoader Replaying proof Plotter[ThreadSpec2::stateInv()].JML accessible clause.0 
501066     DEBUG main            d.u.i.k.p.i.IntermediateProofReplayer Proof replay took 589.83ms 
501067     DEBUG main            d.u.i.k.p.r.p.TestFile    ... success: reloaded. 
501068     INFO  main            d.u.i.k.p.r.p.TestFile    Now processing file /home/runner/work/key/key/key.core/../key.ui/examples/heap/permissions/threads/Plotter_staticPermissions_accessible.key 
501069     INFO  main            d.u.i.k.p.i.AbstractProblemLoader Loading environment from /home/runner/work/key/key/key.core/../key.ui/examples/heap/permissions/threads/Plotter_staticPermissions_accessible.key 
501069     DEBUG main            d.u.i.k.p.i.AbstractProblemLoader Environment load took 67ns 
501069     INFO  main            d.u.i.k.p.i.AbstractProblemLoader Creating init config 
505479     DEBUG main            d.u.i.k.p.i.AbstractProblemLoader Init config took 4.41s 
505559     INFO  main            d.u.i.k.p.i.AbstractProblemLoader Replaying proof Plotter[ThreadSpec2::staticPermissions()].JML accessible clause.0 
505562     DEBUG main            d.u.i.k.p.i.IntermediateProofReplayer Proof replay took 35.5ns 
506277     INFO  main            d.u.i.k.p.r.p.TestFile    ... finished proof: closed. 
506760     INFO  main            d.u.i.k.p.i.AbstractProblemLoader Loading environment from /home/runner/work/key/key/key.core/../key.ui/examples/heap/permissions/threads/Plotter_staticPermissions_accessible.key.proof 
506760     DEBUG main            d.u.i.k.p.i.AbstractProblemLoader Environment load took 88ns 
506761     INFO  main            d.u.i.k.p.i.AbstractProblemLoader Creating init config 
511063     DEBUG main            d.u.i.k.p.i.AbstractProblemLoader Init config took 4.3s 
511153     INFO  main            d.u.i.k.p.i.AbstractProblemLoader Replaying proof Plotter[ThreadSpec2::staticPermissions()].JML accessible clause.0 
511211     DEBUG main            d.u.i.k.p.i.IntermediateProofReplayer Proof replay took 54.44ms 
511211     DEBUG main            d.u.i.k.p.r.p.TestFile    ... success: reloaded. 
511212     INFO  main            d.u.i.k.p.r.p.TestFile    Now processing file /home/runner/work/key/key/key.core/../key.ui/examples/heap/permissions/threads/Plotter_workingPermissions_accessible.key 
511213     INFO  main            d.u.i.k.p.i.AbstractProblemLoader Loading environment from /home/runner/work/key/key/key.core/../key.ui/examples/heap/permissions/threads/Plotter_workingPermissions_accessible.key 
511213     DEBUG main            d.u.i.k.p.i.AbstractProblemLoader Environment load took 82.9ns 
511213     INFO  main            d.u.i.k.p.i.AbstractProblemLoader Creating init config 
515590     DEBUG main            d.u.i.k.p.i.AbstractProblemLoader Init config took 4.38s 
515668     INFO  main            d.u.i.k.p.i.AbstractProblemLoader Replaying proof Plotter[ThreadSpec2::workingPermissions()].JML accessible clause.0 
515670     DEBUG main            d.u.i.k.p.i.IntermediateProofReplayer Proof replay took 3.2ns 
515871     INFO  main            d.u.i.k.p.r.p.TestFile    ... finished proof: closed. 
516374     INFO  main            d.u.i.k.p.i.AbstractProblemLoader Loading environment from /home/runner/work/key/key/key.core/../key.ui/examples/heap/permissions/threads/Plotter_workingPermissions_accessible.key.proof 
516374     DEBUG main            d.u.i.k.p.i.AbstractProblemLoader Environment load took 86.8ns 
516375     INFO  main            d.u.i.k.p.i.AbstractProblemLoader Creating init config 
520670     DEBUG main            d.u.i.k.p.i.AbstractProblemLoader Init config took 4.3s 
520766     INFO  main            d.u.i.k.p.i.AbstractProblemLoader Replaying proof Plotter[ThreadSpec2::workingPermissions()].JML accessible clause.0 
520782     DEBUG main            d.u.i.k.p.i.IntermediateProofReplayer Proof replay took 13.87ms 
520783     DEBUG main            d.u.i.k.p.r.p.TestFile    ... success: reloaded. 
520783     INFO  main            d.u.i.k.p.r.p.TestFile    Now processing file /home/runner/work/key/key/key.core/../key.ui/examples/heap/permissions/threads/Sampler_initPost_accessible.key 
520784     INFO  main            d.u.i.k.p.i.AbstractProblemLoader Loading environment from /home/runner/work/key/key/key.core/../key.ui/examples/heap/permissions/threads/Sampler_initPost_accessible.key 
520784     DEBUG main            d.u.i.k.p.i.AbstractProblemLoader Environment load took 88.9ns 
520785     INFO  main            d.u.i.k.p.i.AbstractProblemLoader Creating init config 
525163     DEBUG main            d.u.i.k.p.i.AbstractProblemLoader Init config took 4.38s 
525242     INFO  main            d.u.i.k.p.i.AbstractProblemLoader Replaying proof Sampler[ThreadSpec2::initPost()].JML accessible clause.0 
525243     DEBUG main            d.u.i.k.p.i.IntermediateProofReplayer Proof replay took 4ns 
525345     INFO  main            d.u.i.k.p.r.p.TestFile    ... finished proof: closed. 
525842     INFO  main            d.u.i.k.p.i.AbstractProblemLoader Loading environment from /home/runner/work/key/key/key.core/../key.ui/examples/heap/permissions/threads/Sampler_initPost_accessible.key.proof 
525842     DEBUG main            d.u.i.k.p.i.AbstractProblemLoader Environment load took 88.8ns 
525843     INFO  main            d.u.i.k.p.i.AbstractProblemLoader Creating init config 
530156     DEBUG main            d.u.i.k.p.i.AbstractProblemLoader Init config took 4.31s 
530246     INFO  main            d.u.i.k.p.i.AbstractProblemLoader Replaying proof Sampler[ThreadSpec2::initPost()].JML accessible clause.0 
530253     DEBUG main            d.u.i.k.p.i.IntermediateProofReplayer Proof replay took 5.15ms 
530254     DEBUG main            d.u.i.k.p.r.p.TestFile    ... success: reloaded. 
530255     INFO  main            d.u.i.k.p.r.p.TestFile    Now processing file /home/runner/work/key/key/key.core/../key.ui/examples/heap/permissions/threads/Sampler_inv_accessible1.key 
530255     INFO  main            d.u.i.k.p.i.AbstractProblemLoader Loading environment from /home/runner/work/key/key/key.core/../key.ui/examples/heap/permissions/threads/Sampler_inv_accessible1.key 
530255     DEBUG main            d.u.i.k.p.i.AbstractProblemLoader Environment load took 74.1ns 
530256     INFO  main            d.u.i.k.p.i.AbstractProblemLoader Creating init config 
534638     DEBUG main            d.u.i.k.p.i.AbstractProblemLoader Init config took 4.38s 
534716     INFO  main            d.u.i.k.p.i.AbstractProblemLoader Replaying proof Sampler[java.lang.Object::<inv>()].JML accessible clause.0 
534717     DEBUG main            d.u.i.k.p.i.IntermediateProofReplayer Proof replay took 3.8ns 
534818     INFO  main            d.u.i.k.p.r.p.TestFile    ... finished proof: closed. 
535318     INFO  main            d.u.i.k.p.i.AbstractProblemLoader Loading environment from /home/runner/work/key/key/key.core/../key.ui/examples/heap/permissions/threads/Sampler_inv_accessible1.key.proof 
535318     DEBUG main            d.u.i.k.p.i.AbstractProblemLoader Environment load took 97ns 
535319     INFO  main            d.u.i.k.p.i.AbstractProblemLoader Creating init config 
539615     DEBUG main            d.u.i.k.p.i.AbstractProblemLoader Init config took 4.3s 
539694     INFO  main            d.u.i.k.p.i.AbstractProblemLoader Replaying proof Sampler[java.lang.Object::<inv>()].JML accessible clause.0 
539697     DEBUG main            d.u.i.k.p.i.IntermediateProofReplayer Proof replay took 1.54ms 
539698     DEBUG main            d.u.i.k.p.r.p.TestFile    ... success: reloaded. 
539699     INFO  main            d.u.i.k.p.r.p.TestFile    Now processing file /home/runner/work/key/key/key.core/../key.ui/examples/heap/permissions/threads/Sampler_inv_accessible2.key 
539699     INFO  main            d.u.i.k.p.i.AbstractProblemLoader Loading environment from /home/runner/work/key/key/key.core/../key.ui/examples/heap/permissions/threads/Sampler_inv_accessible2.key 
539699     DEBUG main            d.u.i.k.p.i.AbstractProblemLoader Environment load took 68.8ns 
539700     INFO  main            d.u.i.k.p.i.AbstractProblemLoader Creating init config 
544061     DEBUG main            d.u.i.k.p.i.AbstractProblemLoader Init config took 4.36s 
544139     INFO  main            d.u.i.k.p.i.AbstractProblemLoader Replaying proof Sampler[java.lang.Object::<inv>()].JML accessible clause.1 
544140     DEBUG main            d.u.i.k.p.i.IntermediateProofReplayer Proof replay took 3.3ns 
544241     INFO  main            d.u.i.k.p.r.p.TestFile    ... finished proof: closed. 
544756     INFO  main            d.u.i.k.p.i.AbstractProblemLoader Loading environment from /home/runner/work/key/key/key.core/../key.ui/examples/heap/permissions/threads/Sampler_inv_accessible2.key.proof 
544756     DEBUG main            d.u.i.k.p.i.AbstractProblemLoader Environment load took 87.6ns 
544757     INFO  main            d.u.i.k.p.i.AbstractProblemLoader Creating init config 
549054     DEBUG main            d.u.i.k.p.i.AbstractProblemLoader Init config took 4.3s 
549133     INFO  main            d.u.i.k.p.i.AbstractProblemLoader Replaying proof Sampler[java.lang.Object::<inv>()].JML accessible clause.1 
549135     DEBUG main            d.u.i.k.p.i.IntermediateProofReplayer Proof replay took 1.51ms 
549136     DEBUG main            d.u.i.k.p.r.p.TestFile    ... success: reloaded. 
549140     INFO  main            d.u.i.k.p.r.p.TestFile    Now processing file /home/runner/work/key/key/key.core/../key.ui/examples/heap/permissions/threads/Sampler_joinTransfer_accessible.key 
549141     INFO  main            d.u.i.k.p.i.AbstractProblemLoader Loading environment from /home/runner/work/key/key/key.core/../key.ui/examples/heap/permissions/threads/Sampler_joinTransfer_accessible.key 
549141     DEBUG main            d.u.i.k.p.i.AbstractProblemLoader Environment load took 48.2ns 
549142     INFO  main            d.u.i.k.p.i.AbstractProblemLoader Creating init config 
553516     DEBUG main            d.u.i.k.p.i.AbstractProblemLoader Init config took 4.37s 
553594     INFO  main            d.u.i.k.p.i.AbstractProblemLoader Replaying proof Sampler[ThreadSpec2::joinTransfer()].JML accessible clause.0 
553595     DEBUG main            d.u.i.k.p.i.IntermediateProofReplayer Proof replay took 3.8ns 
556730     INFO  main            d.u.i.k.p.r.p.TestFile    ... finished proof: closed. 
557254     INFO  main            d.u.i.k.p.i.AbstractProblemLoader Loading environment from /home/runner/work/key/key/key.core/../key.ui/examples/heap/permissions/threads/Sampler_joinTransfer_accessible.key.proof 
557255     DEBUG main            d.u.i.k.p.i.AbstractProblemLoader Environment load took 87.1ns 
557256     INFO  main            d.u.i.k.p.i.AbstractProblemLoader Creating init config 
561556     DEBUG main            d.u.i.k.p.i.AbstractProblemLoader Init config took 4.3s 
561637     INFO  main            d.u.i.k.p.i.AbstractProblemLoader Replaying proof Sampler[ThreadSpec2::joinTransfer()].JML accessible clause.0 
562210     DEBUG main            d.u.i.k.p.i.IntermediateProofReplayer Proof replay took 563.7ms 
562211     DEBUG main            d.u.i.k.p.r.p.TestFile    ... success: reloaded. 
562212     INFO  main            d.u.i.k.p.r.p.TestFile    Now processing file /home/runner/work/key/key/key.core/../key.ui/examples/heap/permissions/threads/Sampler_joinTransfer_contract.key 
562212     INFO  main            d.u.i.k.p.i.AbstractProblemLoader Loading environment from /home/runner/work/key/key/key.core/../key.ui/examples/heap/permissions/threads/Sampler_joinTransfer_contract.key 
562212     DEBUG main            d.u.i.k.p.i.AbstractProblemLoader Environment load took 77.3ns 
562213     INFO  main            d.u.i.k.p.i.AbstractProblemLoader Creating init config 
566581     DEBUG main            d.u.i.k.p.i.AbstractProblemLoader Init config took 4.37s 
566674     INFO  main            d.u.i.k.p.i.AbstractProblemLoader Replaying proof Sampler[ThreadSpec2::joinTransfer()].JML model_behavior operation contract.0 
566676     DEBUG main            d.u.i.k.p.i.IntermediateProofReplayer Proof replay took 3.3ns 
566777     INFO  main            d.u.i.k.p.r.p.TestFile    ... finished proof: closed. 
567299     INFO  main            d.u.i.k.p.i.AbstractProblemLoader Loading environment from /home/runner/work/key/key/key.core/../key.ui/examples/heap/permissions/threads/Sampler_joinTransfer_contract.key.proof 
567299     DEBUG main            d.u.i.k.p.i.AbstractProblemLoader Environment load took 84.7ns 
567300     INFO  main            d.u.i.k.p.i.AbstractProblemLoader Creating init config 
571601     DEBUG main            d.u.i.k.p.i.AbstractProblemLoader Init config took 4.3s 
571679     INFO  main            d.u.i.k.p.i.AbstractProblemLoader Replaying proof Sampler[ThreadSpec2::joinTransfer()].JML model_behavior operation contract.0 
571687     DEBUG main            d.u.i.k.p.i.IntermediateProofReplayer Proof replay took 6.14ms 
571687     DEBUG main            d.u.i.k.p.r.p.TestFile    ... success: reloaded. 
571688     INFO  main            d.u.i.k.p.r.p.TestFile    Now processing file /home/runner/work/key/key/key.core/../key.ui/examples/heap/permissions/threads/Sampler_postJoin_accessible.key 
571688     INFO  main            d.u.i.k.p.i.AbstractProblemLoader Loading environment from /home/runner/work/key/key/key.core/../key.ui/examples/heap/permissions/threads/Sampler_postJoin_accessible.key 
571688     DEBUG main            d.u.i.k.p.i.AbstractProblemLoader Environment load took 70.9ns 
571689     INFO  main            d.u.i.k.p.i.AbstractProblemLoader Creating init config 
576069     DEBUG main            d.u.i.k.p.i.AbstractProblemLoader Init config took 4.38s 
576147     INFO  main            d.u.i.k.p.i.AbstractProblemLoader Replaying proof Sampler[ThreadSpec2::postJoin(java.lang.Object)].JML accessible clause.0 
576148     DEBUG main            d.u.i.k.p.i.IntermediateProofReplayer Proof replay took 3.7ns 
576250     INFO  main            d.u.i.k.p.r.p.TestFile    ... finished proof: closed. 
576782     INFO  main            d.u.i.k.p.i.AbstractProblemLoader Loading environment from /home/runner/work/key/key/key.core/../key.ui/examples/heap/permissions/threads/Sampler_postJoin_accessible.key.proof 
576782     DEBUG main            d.u.i.k.p.i.AbstractProblemLoader Environment load took 81.6ns 
576783     INFO  main            d.u.i.k.p.i.AbstractProblemLoader Creating init config 
581094     DEBUG main            d.u.i.k.p.i.AbstractProblemLoader Init config took 4.31s 
581174     INFO  main            d.u.i.k.p.i.AbstractProblemLoader Replaying proof Sampler[ThreadSpec2::postJoin(java.lang.Object)].JML accessible clause.0 
581183     DEBUG main            d.u.i.k.p.i.IntermediateProofReplayer Proof replay took 7.89ms 
581184     DEBUG main            d.u.i.k.p.r.p.TestFile    ... success: reloaded. 
581185     INFO  main            d.u.i.k.p.r.p.TestFile    Now processing file /home/runner/work/key/key/key.core/../key.ui/examples/heap/permissions/threads/Sampler_preStart_accessible.key 
581185     INFO  main            d.u.i.k.p.i.AbstractProblemLoader Loading environment from /home/runner/work/key/key/key.core/../key.ui/examples/heap/permissions/threads/Sampler_preStart_accessible.key 
581186     DEBUG main            d.u.i.k.p.i.AbstractProblemLoader Environment load took 147.7ns 
581186     INFO  main            d.u.i.k.p.i.AbstractProblemLoader Creating init config 
585576     DEBUG main            d.u.i.k.p.i.AbstractProblemLoader Init config took 4.39s 
585654     INFO  main            d.u.i.k.p.i.AbstractProblemLoader Replaying proof Sampler[ThreadSpec2::preStart(java.lang.Object)].JML accessible clause.0 
585656     DEBUG main            d.u.i.k.p.i.IntermediateProofReplayer Proof replay took 3.1ns 
585757     INFO  main            d.u.i.k.p.r.p.TestFile    ... finished proof: closed. 
586288     INFO  main            d.u.i.k.p.i.AbstractProblemLoader Loading environment from /home/runner/work/key/key/key.core/../key.ui/examples/heap/permissions/threads/Sampler_preStart_accessible.key.proof 
586288     DEBUG main            d.u.i.k.p.i.AbstractProblemLoader Environment load took 77.1ns 
586289     INFO  main            d.u.i.k.p.i.AbstractProblemLoader Creating init config 
590578     DEBUG main            d.u.i.k.p.i.AbstractProblemLoader Init config took 4.29s 
590656     INFO  main            d.u.i.k.p.i.AbstractProblemLoader Replaying proof Sampler[ThreadSpec2::preStart(java.lang.Object)].JML accessible clause.0 
590666     DEBUG main            d.u.i.k.p.i.IntermediateProofReplayer Proof replay took 7.93ms 
590667     DEBUG main            d.u.i.k.p.r.p.TestFile    ... success: reloaded. 
590667     INFO  main            d.u.i.k.p.r.p.TestFile    Now processing file /home/runner/work/key/key/key.core/../key.ui/examples/heap/permissions/threads/Sampler_run.key 
590667     INFO  main            d.u.i.k.p.i.AbstractProblemLoader Loading environment from /home/runner/work/key/key/key.core/../key.ui/examples/heap/permissions/threads/Sampler_run.key 
590668     DEBUG main            d.u.i.k.p.i.AbstractProblemLoader Environment load took 43.1ns 
590668     INFO  main            d.u.i.k.p.i.AbstractProblemLoader Creating init config 
595047     DEBUG main            d.u.i.k.p.i.AbstractProblemLoader Init config took 4.38s 
595126     INFO  main            d.u.i.k.p.i.AbstractProblemLoader Replaying proof Sampler[ThreadSpec2::run()].JML normal_behavior operation contract.0 
595127     DEBUG main            d.u.i.k.p.i.IntermediateProofReplayer Proof replay took 3.8ns 
595339     INFO  main            d.u.i.k.p.r.p.TestFile    ... finished proof: closed. 
595875     INFO  main            d.u.i.k.p.i.AbstractProblemLoader Loading environment from /home/runner/work/key/key/key.core/../key.ui/examples/heap/permissions/threads/Sampler_run.key.proof 
595875     DEBUG main            d.u.i.k.p.i.AbstractProblemLoader Environment load took 84.8ns 
595876     INFO  main            d.u.i.k.p.i.AbstractProblemLoader Creating init config 
600176     DEBUG main            d.u.i.k.p.i.AbstractProblemLoader Init config took 4.3s 
600254     INFO  main            d.u.i.k.p.i.AbstractProblemLoader Replaying proof Sampler[ThreadSpec2::run()].JML normal_behavior operation contract.0 
600286     DEBUG main            d.u.i.k.p.i.IntermediateProofReplayer Proof replay took 30.52ms 
600287     DEBUG main            d.u.i.k.p.r.p.TestFile    ... success: reloaded. 
600288     INFO  main            d.u.i.k.p.r.p.TestFile    Now processing file /home/runner/work/key/key/key.core/../key.ui/examples/heap/permissions/threads/Sampler_Sampler.key 
600288     INFO  main            d.u.i.k.p.i.AbstractProblemLoader Loading environment from /home/runner/work/key/key/key.core/../key.ui/examples/heap/permissions/threads/Sampler_Sampler.key 
600288     DEBUG main            d.u.i.k.p.i.AbstractProblemLoader Environment load took 46.5ns 
600289     INFO  main            d.u.i.k.p.i.AbstractProblemLoader Creating init config 
604669     DEBUG main            d.u.i.k.p.i.AbstractProblemLoader Init config took 4.38s 
604748     INFO  main            d.u.i.k.p.i.AbstractProblemLoader Replaying proof Sampler[Sampler::Sampler(Buffer)].JML normal_behavior operation contract.0 
604749     DEBUG main            d.u.i.k.p.i.IntermediateProofReplayer Proof replay took 4.1ns 
605253     INFO  main            d.u.i.k.p.r.p.TestFile    ... finished proof: closed. 
605803     INFO  main            d.u.i.k.p.i.AbstractProblemLoader Loading environment from /home/runner/work/key/key/key.core/../key.ui/examples/heap/permissions/threads/Sampler_Sampler.key.proof 
605803     DEBUG main            d.u.i.k.p.i.AbstractProblemLoader Environment load took 74ns 
605805     INFO  main            d.u.i.k.p.i.AbstractProblemLoader Creating init config 
610096     DEBUG main            d.u.i.k.p.i.AbstractProblemLoader Init config took 4.29s 
610187     INFO  main            d.u.i.k.p.i.AbstractProblemLoader Replaying proof Sampler[Sampler::Sampler(Buffer)].JML normal_behavior operation contract.0 
610266     DEBUG main            d.u.i.k.p.i.IntermediateProofReplayer Proof replay took 77.21ms 
610267     DEBUG main            d.u.i.k.p.r.p.TestFile    ... success: reloaded. 
610268     INFO  main            d.u.i.k.p.r.p.TestFile    Now processing file /home/runner/work/key/key/key.core/../key.ui/examples/heap/permissions/threads/Sampler_startTransfer_accessible.key 
610268     INFO  main            d.u.i.k.p.i.AbstractProblemLoader Loading environment from /home/runner/work/key/key/key.core/../key.ui/examples/heap/permissions/threads/Sampler_startTransfer_accessible.key 
610268     DEBUG main            d.u.i.k.p.i.AbstractProblemLoader Environment load took 44ns 
610269     INFO  main            d.u.i.k.p.i.AbstractProblemLoader Creating init config 
614642     DEBUG main            d.u.i.k.p.i.AbstractProblemLoader Init config took 4.37s 
614719     INFO  main            d.u.i.k.p.i.AbstractProblemLoader Replaying proof Sampler[ThreadSpec2::startTransfer()].JML accessible clause.0 
614720     DEBUG main            d.u.i.k.p.i.IntermediateProofReplayer Proof replay took 3.4ns 
618529     INFO  main            d.u.i.k.p.r.p.TestFile    ... finished proof: closed. 
619098     INFO  main            d.u.i.k.p.i.AbstractProblemLoader Loading environment from /home/runner/work/key/key/key.core/../key.ui/examples/heap/permissions/threads/Sampler_startTransfer_accessible.key.proof 
619098     DEBUG main            d.u.i.k.p.i.AbstractProblemLoader Environment load took 81.2ns 
619102     INFO  main            d.u.i.k.p.i.AbstractProblemLoader Creating init config 
623578     DEBUG main            d.u.i.k.p.i.AbstractProblemLoader Init config took 4.48s 
623667     INFO  main            d.u.i.k.p.i.AbstractProblemLoader Replaying proof Sampler[ThreadSpec2::startTransfer()].JML accessible clause.0 
624295     DEBUG main            d.u.i.k.p.i.IntermediateProofReplayer Proof replay took 616.84ms 
624297     DEBUG main            d.u.i.k.p.r.p.TestFile    ... success: reloaded. 
624298     INFO  main            d.u.i.k.p.r.p.TestFile    Now processing file /home/runner/work/key/key/key.core/../key.ui/examples/heap/permissions/threads/Sampler_startTransfer_contract.key 
624298     INFO  main            d.u.i.k.p.i.AbstractProblemLoader Loading environment from /home/runner/work/key/key/key.core/../key.ui/examples/heap/permissions/threads/Sampler_startTransfer_contract.key 
624298     DEBUG main            d.u.i.k.p.i.AbstractProblemLoader Environment load took 143.7ns 
624299     INFO  main            d.u.i.k.p.i.AbstractProblemLoader Creating init config 
628772     DEBUG main            d.u.i.k.p.i.AbstractProblemLoader Init config took 4.47s 
628870     INFO  main            d.u.i.k.p.i.AbstractProblemLoader Replaying proof Sampler[ThreadSpec2::startTransfer()].JML model_behavior operation contract.0 
628871     DEBUG main            d.u.i.k.p.i.IntermediateProofReplayer Proof replay took 3.9ns 
628973     INFO  main            d.u.i.k.p.r.p.TestFile    ... finished proof: closed. 
629530     INFO  main            d.u.i.k.p.i.AbstractProblemLoader Loading environment from /home/runner/work/key/key/key.core/../key.ui/examples/heap/permissions/threads/Sampler_startTransfer_contract.key.proof 
629530     DEBUG main            d.u.i.k.p.i.AbstractProblemLoader Environment load took 76.5ns 
629531     INFO  main            d.u.i.k.p.i.AbstractProblemLoader Creating init config 
633853     DEBUG main            d.u.i.k.p.i.AbstractProblemLoader Init config took 4.32s 
633943     INFO  main            d.u.i.k.p.i.AbstractProblemLoader Replaying proof Sampler[ThreadSpec2::startTransfer()].JML model_behavior operation contract.0 
633951     DEBUG main            d.u.i.k.p.i.IntermediateProofReplayer Proof replay took 6.12ms 
633951     DEBUG main            d.u.i.k.p.r.p.TestFile    ... success: reloaded. 
633952     INFO  main            d.u.i.k.p.r.p.TestFile    Now processing file /home/runner/work/key/key/key.core/../key.ui/examples/heap/permissions/threads/Sampler_stateInv_accessible.key 
633952     INFO  main            d.u.i.k.p.i.AbstractProblemLoader Loading environment from /home/runner/work/key/key/key.core/../key.ui/examples/heap/permissions/threads/Sampler_stateInv_accessible.key 
633952     DEBUG main            d.u.i.k.p.i.AbstractProblemLoader Environment load took 43.2ns 
633953     INFO  main            d.u.i.k.p.i.AbstractProblemLoader Creating init config 
638321     DEBUG main            d.u.i.k.p.i.AbstractProblemLoader Init config took 4.37s 
638399     INFO  main            d.u.i.k.p.i.AbstractProblemLoader Replaying proof Sampler[ThreadSpec2::stateInv()].JML accessible clause.0 
638400     DEBUG main            d.u.i.k.p.i.IntermediateProofReplayer Proof replay took 3.1ns 
638502     INFO  main            d.u.i.k.p.r.p.TestFile    ... finished proof: closed. 
639064     INFO  main            d.u.i.k.p.i.AbstractProblemLoader Loading environment from /home/runner/work/key/key/key.core/../key.ui/examples/heap/permissions/threads/Sampler_stateInv_accessible.key.proof 
639064     DEBUG main            d.u.i.k.p.i.AbstractProblemLoader Environment load took 77.3ns 
639064     INFO  main            d.u.i.k.p.i.AbstractProblemLoader Creating init config 
643570     DEBUG main            d.u.i.k.p.i.AbstractProblemLoader Init config took 4.51s 
643659     INFO  main            d.u.i.k.p.i.AbstractProblemLoader Replaying proof Sampler[ThreadSpec2::stateInv()].JML accessible clause.0 
643668     DEBUG main            d.u.i.k.p.i.IntermediateProofReplayer Proof replay took 6.6ms 
643669     DEBUG main            d.u.i.k.p.r.p.TestFile    ... success: reloaded. 
643670     INFO  main            d.u.i.k.p.r.p.TestFile    Now processing file /home/runner/work/key/key/key.core/../key.ui/examples/heap/permissions/threads/Sampler_staticPermissions_accessible.key 
643670     INFO  main            d.u.i.k.p.i.AbstractProblemLoader Loading environment from /home/runner/work/key/key/key.core/../key.ui/examples/heap/permissions/threads/Sampler_staticPermissions_accessible.key 
643670     DEBUG main            d.u.i.k.p.i.AbstractProblemLoader Environment load took 156.8ns 
643671     INFO  main            d.u.i.k.p.i.AbstractProblemLoader Creating init config 
648203     DEBUG main            d.u.i.k.p.i.AbstractProblemLoader Init config took 4.53s 
648313     INFO  main            d.u.i.k.p.i.AbstractProblemLoader Replaying proof Sampler[ThreadSpec2::staticPermissions()].JML accessible clause.0 
648321     DEBUG main            d.u.i.k.p.i.IntermediateProofReplayer Proof replay took 3.5ns 
648434     INFO  main            d.u.i.k.p.r.p.TestFile    ... finished proof: closed. 
648995     INFO  main            d.u.i.k.p.i.AbstractProblemLoader Loading environment from /home/runner/work/key/key/key.core/../key.ui/examples/heap/permissions/threads/Sampler_staticPermissions_accessible.key.proof 
648995     DEBUG main            d.u.i.k.p.i.AbstractProblemLoader Environment load took 75.6ns 
648996     INFO  main            d.u.i.k.p.i.AbstractProblemLoader Creating init config 
653306     DEBUG main            d.u.i.k.p.i.AbstractProblemLoader Init config took 4.31s 
653393     INFO  main            d.u.i.k.p.i.AbstractProblemLoader Replaying proof Sampler[ThreadSpec2::staticPermissions()].JML accessible clause.0 
653398     DEBUG main            d.u.i.k.p.i.IntermediateProofReplayer Proof replay took 4.13ms 
653399     DEBUG main            d.u.i.k.p.r.p.TestFile    ... success: reloaded. 
653400     INFO  main            d.u.i.k.p.r.p.TestFile    Now processing file /home/runner/work/key/key/key.core/../key.ui/examples/heap/permissions/threads/Sampler_workingPermissions_accessible.key 
653401     INFO  main            d.u.i.k.p.i.AbstractProblemLoader Loading environment from /home/runner/work/key/key/key.core/../key.ui/examples/heap/permissions/threads/Sampler_workingPermissions_accessible.key 
653401     DEBUG main            d.u.i.k.p.i.AbstractProblemLoader Environment load took 88ns 
653402     INFO  main            d.u.i.k.p.i.AbstractProblemLoader Creating init config 
657881     DEBUG main            d.u.i.k.p.i.AbstractProblemLoader Init config took 4.48s 
657986     INFO  main            d.u.i.k.p.i.AbstractProblemLoader Replaying proof Sampler[ThreadSpec2::workingPermissions()].JML accessible clause.0 
657988     DEBUG main            d.u.i.k.p.i.IntermediateProofReplayer Proof replay took 3.1ns 
658090     INFO  main            d.u.i.k.p.r.p.TestFile    ... finished proof: closed. 
658651     INFO  main            d.u.i.k.p.i.AbstractProblemLoader Loading environment from /home/runner/work/key/key/key.core/../key.ui/examples/heap/permissions/threads/Sampler_workingPermissions_accessible.key.proof 
658652     DEBUG main            d.u.i.k.p.i.AbstractProblemLoader Environment load took 75.3ns 
658652     INFO  main            d.u.i.k.p.i.AbstractProblemLoader Creating init config 
663494     DEBUG main            d.u.i.k.p.i.AbstractProblemLoader Init config took 4.84s 
663571     INFO  main            d.u.i.k.p.i.AbstractProblemLoader Replaying proof Sampler[ThreadSpec2::workingPermissions()].JML accessible clause.0 
663577     DEBUG main            d.u.i.k.p.i.IntermediateProofReplayer Proof replay took 4.52ms 
663578     DEBUG main            d.u.i.k.p.r.p.TestFile    ... success: reloaded. 
663579     INFO  main            d.u.i.k.p.r.p.TestFile    Now processing file /home/runner/work/key/key/key.core/../key.ui/examples/heap/permissions/mulleretal/ReadWrite_doRead_contract.key 
663579     INFO  main            d.u.i.k.p.i.AbstractProblemLoader Loading environment from /home/runner/work/key/key/key.core/../key.ui/examples/heap/permissions/mulleretal/ReadWrite_doRead_contract.key 
663579     DEBUG main            d.u.i.k.p.i.AbstractProblemLoader Environment load took 41.9ns 
663580     INFO  main            d.u.i.k.p.i.AbstractProblemLoader Creating init config 
666373     DEBUG main            d.u.i.k.p.i.AbstractProblemLoader Init config took 2.79s 
666410     INFO  main            d.u.i.k.p.i.AbstractProblemLoader Replaying proof ReadWrite[ReadWrite::doRead()].JML normal_behavior operation contract.0 
666413     DEBUG main            d.u.i.k.p.i.IntermediateProofReplayer Proof replay took 3.3ns 
668122     INFO  main            d.u.i.k.p.r.p.TestFile    ... finished proof: closed. 
668724     INFO  main            d.u.i.k.p.i.AbstractProblemLoader Loading environment from /home/runner/work/key/key/key.core/../key.ui/examples/heap/permissions/mulleretal/ReadWrite_doRead_contract.key.proof 
668724     DEBUG main            d.u.i.k.p.i.AbstractProblemLoader Environment load took 105.4ns 
668725     INFO  main            d.u.i.k.p.i.AbstractProblemLoader Creating init config 
671295     DEBUG main            d.u.i.k.p.i.AbstractProblemLoader Init config took 2.57s 
671332     INFO  main            d.u.i.k.p.i.AbstractProblemLoader Replaying proof ReadWrite[ReadWrite::doRead()].JML normal_behavior operation contract.0 
671821     DEBUG main            d.u.i.k.p.i.IntermediateProofReplayer Proof replay took 480.22ms 
671822     DEBUG main            d.u.i.k.p.r.p.TestFile    ... success: reloaded. 
671823     INFO  main            d.u.i.k.p.r.p.TestFile    Now processing file /home/runner/work/key/key/key.core/../key.ui/examples/heap/permissions/mulleretal/ReadWrite_doWrite_contract.key 
671823     INFO  main            d.u.i.k.p.i.AbstractProblemLoader Loading environment from /home/runner/work/key/key/key.core/../key.ui/examples/heap/permissions/mulleretal/ReadWrite_doWrite_contract.key 
671823     DEBUG main            d.u.i.k.p.i.AbstractProblemLoader Environment load took 155.6ns 
671831     INFO  main            d.u.i.k.p.i.AbstractProblemLoader Creating init config 
674756     DEBUG main            d.u.i.k.p.i.AbstractProblemLoader Init config took 2.93s 
674789     INFO  main            d.u.i.k.p.i.AbstractProblemLoader Replaying proof ReadWrite[ReadWrite::doWrite()].JML normal_behavior operation contract.0 
674792     DEBUG main            d.u.i.k.p.i.IntermediateProofReplayer Proof replay took 3ns 
676602     INFO  main            d.u.i.k.p.r.p.TestFile    ... finished proof: closed. 
677189     INFO  main            d.u.i.k.p.i.AbstractProblemLoader Loading environment from /home/runner/work/key/key/key.core/../key.ui/examples/heap/permissions/mulleretal/ReadWrite_doWrite_contract.key.proof 
677190     DEBUG main            d.u.i.k.p.i.AbstractProblemLoader Environment load took 296.81ns 
677191     INFO  main            d.u.i.k.p.i.AbstractProblemLoader Creating init config 
679756     DEBUG main            d.u.i.k.p.i.AbstractProblemLoader Init config took 2.56s 
679796     INFO  main            d.u.i.k.p.i.AbstractProblemLoader Replaying proof ReadWrite[ReadWrite::doWrite()].JML normal_behavior operation contract.0 
680304     DEBUG main            d.u.i.k.p.i.IntermediateProofReplayer Proof replay took 489.63ms 
680305     DEBUG main            d.u.i.k.p.r.p.TestFile    ... success: reloaded. 
680306     INFO  main            d.u.i.k.p.r.p.TestFile    Now processing file /home/runner/work/key/key/key.core/../key.ui/examples/heap/permissions/mulleretal/ReadWrite_read_contract.key 
680306     INFO  main            d.u.i.k.p.i.AbstractProblemLoader Loading environment from /home/runner/work/key/key/key.core/../key.ui/examples/heap/permissions/mulleretal/ReadWrite_read_contract.key 
680306     DEBUG main            d.u.i.k.p.i.AbstractProblemLoader Environment load took 146.8ns 
680307     INFO  main            d.u.i.k.p.i.AbstractProblemLoader Creating init config 
682934     DEBUG main            d.u.i.k.p.i.AbstractProblemLoader Init config took 2.63s 
682966     INFO  main            d.u.i.k.p.i.AbstractProblemLoader Replaying proof ReadWrite[ReadWrite::read()].JML normal_behavior operation contract.0 
682967     DEBUG main            d.u.i.k.p.i.IntermediateProofReplayer Proof replay took 3.8ns 
683068     INFO  main            d.u.i.k.p.r.p.TestFile    ... finished proof: closed. 
683642     INFO  main            d.u.i.k.p.i.AbstractProblemLoader Loading environment from /home/runner/work/key/key/key.core/../key.ui/examples/heap/permissions/mulleretal/ReadWrite_read_contract.key.proof 
683642     DEBUG main            d.u.i.k.p.i.AbstractProblemLoader Environment load took 73.8ns 
683643     INFO  main            d.u.i.k.p.i.AbstractProblemLoader Creating init config 
686079     DEBUG main            d.u.i.k.p.i.AbstractProblemLoader Init config took 2.44s 
686112     INFO  main            d.u.i.k.p.i.AbstractProblemLoader Replaying proof ReadWrite[ReadWrite::read()].JML normal_behavior operation contract.0 
686124     DEBUG main            d.u.i.k.p.i.IntermediateProofReplayer Proof replay took 7.03ms 
686125     DEBUG main            d.u.i.k.p.r.p.TestFile    ... success: reloaded. 
686125     INFO  main            d.u.i.k.p.r.p.TestFile    Now processing file /home/runner/work/key/key/key.core/../key.ui/examples/heap/permissions/mulleretal/ReadWrite_write_contract.key 
686126     INFO  main            d.u.i.k.p.i.AbstractProblemLoader Loading environment from /home/runner/work/key/key/key.core/../key.ui/examples/heap/permissions/mulleretal/ReadWrite_write_contract.key 
686126     DEBUG main            d.u.i.k.p.i.AbstractProblemLoader Environment load took 65.9ns 
686126     INFO  main            d.u.i.k.p.i.AbstractProblemLoader Creating init config 
688615     DEBUG main            d.u.i.k.p.i.AbstractProblemLoader Init config took 2.49s 
688647     INFO  main            d.u.i.k.p.i.AbstractProblemLoader Replaying proof ReadWrite[ReadWrite::write()].JML normal_behavior operation contract.0 
688649     DEBUG main            d.u.i.k.p.i.IntermediateProofReplayer Proof replay took 3.3ns 
688750     INFO  main            d.u.i.k.p.r.p.TestFile    ... finished proof: closed. 
689341     INFO  main            d.u.i.k.p.i.AbstractProblemLoader Loading environment from /home/runner/work/key/key/key.core/../key.ui/examples/heap/permissions/mulleretal/ReadWrite_write_contract.key.proof 
689342     DEBUG main            d.u.i.k.p.i.AbstractProblemLoader Environment load took 75ns 
689342     INFO  main            d.u.i.k.p.i.AbstractProblemLoader Creating init config 
691770     DEBUG main            d.u.i.k.p.i.AbstractProblemLoader Init config took 2.43s 
691803     INFO  main            d.u.i.k.p.i.AbstractProblemLoader Replaying proof ReadWrite[ReadWrite::write()].JML normal_behavior operation contract.0 
691826     DEBUG main            d.u.i.k.p.i.IntermediateProofReplayer Proof replay took 22.15ms 
691827     DEBUG main            d.u.i.k.p.r.p.TestFile    ... success: reloaded. 
691828     INFO  main            d.u.i.k.p.r.p.TestFile    Now processing file /home/runner/work/key/key/key.core/../key.ui/examples/heap/permissions/mulleretal/ReadWrite_inv1_accessible.key 
691828     INFO  main            d.u.i.k.p.i.AbstractProblemLoader Loading environment from /home/runner/work/key/key/key.core/../key.ui/examples/heap/permissions/mulleretal/ReadWrite_inv1_accessible.key 
691828     DEBUG main            d.u.i.k.p.i.AbstractProblemLoader Environment load took 68.2ns 
691829     INFO  main            d.u.i.k.p.i.AbstractProblemLoader Creating init config 
694268     DEBUG main            d.u.i.k.p.i.AbstractProblemLoader Init config took 2.44s 
694299     INFO  main            d.u.i.k.p.i.AbstractProblemLoader Replaying proof ReadWrite[java.lang.Object::<inv>()].JML accessible clause.0 
694301     DEBUG main            d.u.i.k.p.i.IntermediateProofReplayer Proof replay took 3.6ns 
694402     INFO  main            d.u.i.k.p.r.p.TestFile    ... finished proof: closed. 
694993     INFO  main            d.u.i.k.p.i.AbstractProblemLoader Loading environment from /home/runner/work/key/key/key.core/../key.ui/examples/heap/permissions/mulleretal/ReadWrite_inv1_accessible.key.proof 
694994     DEBUG main            d.u.i.k.p.i.AbstractProblemLoader Environment load took 74.8ns 
694994     INFO  main            d.u.i.k.p.i.AbstractProblemLoader Creating init config 
697409     DEBUG main            d.u.i.k.p.i.AbstractProblemLoader Init config took 2.41s 
697441     INFO  main            d.u.i.k.p.i.AbstractProblemLoader Replaying proof ReadWrite[java.lang.Object::<inv>()].JML accessible clause.0 
697444     DEBUG main            d.u.i.k.p.i.IntermediateProofReplayer Proof replay took 1.44ms 
697444     DEBUG main            d.u.i.k.p.r.p.TestFile    ... success: reloaded. 
697445     INFO  main            d.u.i.k.p.r.p.TestFile    Now processing file /home/runner/work/key/key/key.core/../key.ui/examples/heap/permissions/mulleretal/ReadWrite_inv2_accessible.key 
697445     INFO  main            d.u.i.k.p.i.AbstractProblemLoader Loading environment from /home/runner/work/key/key/key.core/../key.ui/examples/heap/permissions/mulleretal/ReadWrite_inv2_accessible.key 
697445     DEBUG main            d.u.i.k.p.i.AbstractProblemLoader Environment load took 41.4ns 
697446     INFO  main            d.u.i.k.p.i.AbstractProblemLoader Creating init config 
699894     DEBUG main            d.u.i.k.p.i.AbstractProblemLoader Init config took 2.45s 
699930     INFO  main            d.u.i.k.p.i.AbstractProblemLoader Replaying proof ReadWrite[java.lang.Object::<inv>()].JML accessible clause.1 
699931     DEBUG main            d.u.i.k.p.i.IntermediateProofReplayer Proof replay took 3.4ns 
700032     INFO  main            d.u.i.k.p.r.p.TestFile    ... finished proof: closed. 
700632     INFO  main            d.u.i.k.p.i.AbstractProblemLoader Loading environment from /home/runner/work/key/key/key.core/../key.ui/examples/heap/permissions/mulleretal/ReadWrite_inv2_accessible.key.proof 
700632     DEBUG main            d.u.i.k.p.i.AbstractProblemLoader Environment load took 69.9ns 
700633     INFO  main            d.u.i.k.p.i.AbstractProblemLoader Creating init config 
703058     DEBUG main            d.u.i.k.p.i.AbstractProblemLoader Init config took 2.43s 
703091     INFO  main            d.u.i.k.p.i.AbstractProblemLoader Replaying proof ReadWrite[java.lang.Object::<inv>()].JML accessible clause.1 
703093     DEBUG main            d.u.i.k.p.i.IntermediateProofReplayer Proof replay took 1.48ms 
703094     DEBUG main            d.u.i.k.p.r.p.TestFile    ... success: reloaded. 
703095     INFO  main            d.u.i.k.p.r.p.TestFile    Now processing file /home/runner/work/key/key/key.core/../key.ui/examples/heap/permissions/lockspec/Counter_lockConsistent_contract.key 
703095     INFO  main            d.u.i.k.p.i.AbstractProblemLoader Loading environment from /home/runner/work/key/key/key.core/../key.ui/examples/heap/permissions/lockspec/Counter_lockConsistent_contract.key 
703095     DEBUG main            d.u.i.k.p.i.AbstractProblemLoader Environment load took 42.3ns 
703096     INFO  main            d.u.i.k.p.i.AbstractProblemLoader Creating init config 
706084     DEBUG main            d.u.i.k.p.i.AbstractProblemLoader Init config took 2.99s 
706136     INFO  main            d.u.i.k.p.i.AbstractProblemLoader Replaying proof Counter[LockSpec::lockConsistent()].JML model_behavior operation contract.0 
706137     DEBUG main            d.u.i.k.p.i.IntermediateProofReplayer Proof replay took 3.3ns 
707041     INFO  main            d.u.i.k.p.r.p.TestFile    ... finished proof: closed. 
707648     INFO  main            d.u.i.k.p.i.AbstractProblemLoader Loading environment from /home/runner/work/key/key/key.core/../key.ui/examples/heap/permissions/lockspec/Counter_lockConsistent_contract.key.proof 
707648     DEBUG main            d.u.i.k.p.i.AbstractProblemLoader Environment load took 84.7ns 
707649     INFO  main            d.u.i.k.p.i.AbstractProblemLoader Creating init config 
710493     DEBUG main            d.u.i.k.p.i.AbstractProblemLoader Init config took 2.84s 
710544     INFO  main            d.u.i.k.p.i.AbstractProblemLoader Replaying proof Counter[LockSpec::lockConsistent()].JML model_behavior operation contract.0 
710695     DEBUG main            d.u.i.k.p.i.IntermediateProofReplayer Proof replay took 144.58ms 
710696     DEBUG main            d.u.i.k.p.r.p.TestFile    ... success: reloaded. 
710696     INFO  main            d.u.i.k.p.r.p.TestFile    Now processing file /home/runner/work/key/key/key.core/../key.ui/examples/heap/permissions/lockspec/Counter_increase_contract.key 
710697     INFO  main            d.u.i.k.p.i.AbstractProblemLoader Loading environment from /home/runner/work/key/key/key.core/../key.ui/examples/heap/permissions/lockspec/Counter_increase_contract.key 
710697     DEBUG main            d.u.i.k.p.i.AbstractProblemLoader Environment load took 108.1ns 
710697     INFO  main            d.u.i.k.p.i.AbstractProblemLoader Creating init config 
713581     DEBUG main            d.u.i.k.p.i.AbstractProblemLoader Init config took 2.88s 
713628     INFO  main            d.u.i.k.p.i.AbstractProblemLoader Replaying proof Counter[Counter::increase()].JML normal_behavior operation contract.0 
713634     DEBUG main            d.u.i.k.p.i.IntermediateProofReplayer Proof replay took 3.3ns 
715062     INFO  main            d.u.i.k.p.r.p.TestFile    ... finished proof: closed. 
715700     INFO  main            d.u.i.k.p.i.AbstractProblemLoader Loading environment from /home/runner/work/key/key/key.core/../key.ui/examples/heap/permissions/lockspec/Counter_increase_contract.key.proof 
715700     DEBUG main            d.u.i.k.p.i.AbstractProblemLoader Environment load took 78.5ns 
715701     INFO  main            d.u.i.k.p.i.AbstractProblemLoader Creating init config 
718542     DEBUG main            d.u.i.k.p.i.AbstractProblemLoader Init config took 2.84s 
718589     INFO  main            d.u.i.k.p.i.AbstractProblemLoader Replaying proof Counter[Counter::increase()].JML normal_behavior operation contract.0 
718831     DEBUG main            d.u.i.k.p.i.IntermediateProofReplayer Proof replay took 228.85ms 
718833     DEBUG main            d.u.i.k.p.r.p.TestFile    ... success: reloaded. 
718834     INFO  main            d.u.i.k.p.r.p.TestFile    Now processing file /home/runner/work/key/key/key.core/../key.ui/examples/heap/permissions/lockspec/Counter_fp_accessible.key 
718834     INFO  main            d.u.i.k.p.i.AbstractProblemLoader Loading environment from /home/runner/work/key/key/key.core/../key.ui/examples/heap/permissions/lockspec/Counter_fp_accessible.key 
718834     DEBUG main            d.u.i.k.p.i.AbstractProblemLoader Environment load took 70.4ns 
718835     INFO  main            d.u.i.k.p.i.AbstractProblemLoader Creating init config 
721699     DEBUG main            d.u.i.k.p.i.AbstractProblemLoader Init config took 2.86s 
721763     INFO  main            d.u.i.k.p.i.AbstractProblemLoader Replaying proof Counter[LockSpec::fp()].JML accessible clause.0 
721765     DEBUG main            d.u.i.k.p.i.IntermediateProofReplayer Proof replay took 3ns 
721866     INFO  main            d.u.i.k.p.r.p.TestFile    ... finished proof: closed. 
722477     INFO  main            d.u.i.k.p.i.AbstractProblemLoader Loading environment from /home/runner/work/key/key/key.core/../key.ui/examples/heap/permissions/lockspec/Counter_fp_accessible.key.proof 
722477     DEBUG main            d.u.i.k.p.i.AbstractProblemLoader Environment load took 73.2ns 
722478     INFO  main            d.u.i.k.p.i.AbstractProblemLoader Creating init config 
725320     DEBUG main            d.u.i.k.p.i.AbstractProblemLoader Init config took 2.84s 
725369     INFO  main            d.u.i.k.p.i.AbstractProblemLoader Replaying proof Counter[LockSpec::fp()].JML accessible clause.0 
725377     DEBUG main            d.u.i.k.p.i.IntermediateProofReplayer Proof replay took 7.43ms 
725378     DEBUG main            d.u.i.k.p.r.p.TestFile    ... success: reloaded. 
725379     INFO  main            d.u.i.k.p.r.p.TestFile    Now processing file /home/runner/work/key/key/key.core/../key.ui/examples/heap/permissions/lockspec/Counter_fpLock_accessible.key 
725379     INFO  main            d.u.i.k.p.i.AbstractProblemLoader Loading environment from /home/runner/work/key/key/key.core/../key.ui/examples/heap/permissions/lockspec/Counter_fpLock_accessible.key 
725379     DEBUG main            d.u.i.k.p.i.AbstractProblemLoader Environment load took 80.2ns 
725380     INFO  main            d.u.i.k.p.i.AbstractProblemLoader Creating init config 
728260     DEBUG main            d.u.i.k.p.i.AbstractProblemLoader Init config took 2.88s 
728310     INFO  main            d.u.i.k.p.i.AbstractProblemLoader Replaying proof Counter[LockSpec::fpLock()].JML accessible clause.0 
728311     DEBUG main            d.u.i.k.p.i.IntermediateProofReplayer Proof replay took 2.9ns 
728413     INFO  main            d.u.i.k.p.r.p.TestFile    ... finished proof: closed. 
729035     INFO  main            d.u.i.k.p.i.AbstractProblemLoader Loading environment from /home/runner/work/key/key/key.core/../key.ui/examples/heap/permissions/lockspec/Counter_fpLock_accessible.key.proof 
729035     DEBUG main            d.u.i.k.p.i.AbstractProblemLoader Environment load took 72.2ns 
729036     INFO  main            d.u.i.k.p.i.AbstractProblemLoader Creating init config 
731884     DEBUG main            d.u.i.k.p.i.AbstractProblemLoader Init config took 2.85s 
731933     INFO  main            d.u.i.k.p.i.AbstractProblemLoader Replaying proof Counter[LockSpec::fpLock()].JML accessible clause.0 
731942     DEBUG main            d.u.i.k.p.i.IntermediateProofReplayer Proof replay took 7.2ms 
731943     DEBUG main            d.u.i.k.p.r.p.TestFile    ... success: reloaded. 
731943     INFO  main            d.u.i.k.p.r.p.TestFile    Now processing file /home/runner/work/key/key/key.core/../key.ui/examples/heap/permissions/lockspec/Counter_fpPerm_accessible.key 
731943     INFO  main            d.u.i.k.p.i.AbstractProblemLoader Loading environment from /home/runner/work/key/key/key.core/../key.ui/examples/heap/permissions/lockspec/Counter_fpPerm_accessible.key 
731943     DEBUG main            d.u.i.k.p.i.AbstractProblemLoader Environment load took 42.1ns 
731944     INFO  main            d.u.i.k.p.i.AbstractProblemLoader Creating init config 
734820     DEBUG main            d.u.i.k.p.i.AbstractProblemLoader Init config took 2.88s 
734870     INFO  main            d.u.i.k.p.i.AbstractProblemLoader Replaying proof Counter[LockSpec::fpPerm()].JML accessible clause.0 
734871     DEBUG main            d.u.i.k.p.i.IntermediateProofReplayer Proof replay took 3.4ns 
734979     INFO  main            d.u.i.k.p.r.p.TestFile    ... finished proof: closed. 
735609     INFO  main            d.u.i.k.p.i.AbstractProblemLoader Loading environment from /home/runner/work/key/key/key.core/../key.ui/examples/heap/permissions/lockspec/Counter_fpPerm_accessible.key.proof 
735609     DEBUG main            d.u.i.k.p.i.AbstractProblemLoader Environment load took 71.6ns 
735609     INFO  main            d.u.i.k.p.i.AbstractProblemLoader Creating init config 
738443     DEBUG main            d.u.i.k.p.i.AbstractProblemLoader Init config took 2.83s 
738492     INFO  main            d.u.i.k.p.i.AbstractProblemLoader Replaying proof Counter[LockSpec::fpPerm()].JML accessible clause.0 
738500     DEBUG main            d.u.i.k.p.i.IntermediateProofReplayer Proof replay took 6.49ms 
738500     DEBUG main            d.u.i.k.p.r.p.TestFile    ... success: reloaded. 
738501     INFO  main            d.u.i.k.p.r.p.TestFile    Now processing file /home/runner/work/key/key/key.core/../key.ui/examples/heap/permissions/lockspec/Counter_inv_accessible1.key 
738501     INFO  main            d.u.i.k.p.i.AbstractProblemLoader Loading environment from /home/runner/work/key/key/key.core/../key.ui/examples/heap/permissions/lockspec/Counter_inv_accessible1.key 
738501     DEBUG main            d.u.i.k.p.i.AbstractProblemLoader Environment load took 41.3ns 
738502     INFO  main            d.u.i.k.p.i.AbstractProblemLoader Creating init config 
741376     DEBUG main            d.u.i.k.p.i.AbstractProblemLoader Init config took 2.87s 
741425     INFO  main            d.u.i.k.p.i.AbstractProblemLoader Replaying proof Counter[java.lang.Object::<inv>()].JML accessible clause.0 
741427     DEBUG main            d.u.i.k.p.i.IntermediateProofReplayer Proof replay took 3.5ns 
741528     INFO  main            d.u.i.k.p.r.p.TestFile    ... finished proof: closed. 
742167     INFO  main            d.u.i.k.p.i.AbstractProblemLoader Loading environment from /home/runner/work/key/key/key.core/../key.ui/examples/heap/permissions/lockspec/Counter_inv_accessible1.key.proof 
742167     DEBUG main            d.u.i.k.p.i.AbstractProblemLoader Environment load took 73.3ns 
742168     INFO  main            d.u.i.k.p.i.AbstractProblemLoader Creating init config 
745053     DEBUG main            d.u.i.k.p.i.AbstractProblemLoader Init config took 2.89s 
745106     INFO  main            d.u.i.k.p.i.AbstractProblemLoader Replaying proof Counter[java.lang.Object::<inv>()].JML accessible clause.0 
745117     DEBUG main            d.u.i.k.p.i.IntermediateProofReplayer Proof replay took 9.8ms 
745118     DEBUG main            d.u.i.k.p.r.p.TestFile    ... success: reloaded. 
745118     INFO  main            d.u.i.k.p.r.p.TestFile    Now processing file /home/runner/work/key/key/key.core/../key.ui/examples/heap/permissions/lockspec/Counter_inv_accessible2.key 
745118     INFO  main            d.u.i.k.p.i.AbstractProblemLoader Loading environment from /home/runner/work/key/key/key.core/../key.ui/examples/heap/permissions/lockspec/Counter_inv_accessible2.key 
745118     DEBUG main            d.u.i.k.p.i.AbstractProblemLoader Environment load took 42.9ns 
745119     INFO  main            d.u.i.k.p.i.AbstractProblemLoader Creating init config 
748007     DEBUG main            d.u.i.k.p.i.AbstractProblemLoader Init config took 2.89s 
748057     INFO  main            d.u.i.k.p.i.AbstractProblemLoader Replaying proof Counter[java.lang.Object::<inv>()].JML accessible clause.1 
748058     DEBUG main            d.u.i.k.p.i.IntermediateProofReplayer Proof replay took 3.4ns 
748159     INFO  main            d.u.i.k.p.r.p.TestFile    ... finished proof: closed. 
748790     INFO  main            d.u.i.k.p.i.AbstractProblemLoader Loading environment from /home/runner/work/key/key/key.core/../key.ui/examples/heap/permissions/lockspec/Counter_inv_accessible2.key.proof 
748790     DEBUG main            d.u.i.k.p.i.AbstractProblemLoader Environment load took 74.7ns 
748791     INFO  main            d.u.i.k.p.i.AbstractProblemLoader Creating init config 
751650     DEBUG main            d.u.i.k.p.i.AbstractProblemLoader Init config took 2.86s 
751699     INFO  main            d.u.i.k.p.i.AbstractProblemLoader Replaying proof Counter[java.lang.Object::<inv>()].JML accessible clause.1 
751709     DEBUG main            d.u.i.k.p.i.IntermediateProofReplayer Proof replay took 8.51ms 
751709     DEBUG main            d.u.i.k.p.r.p.TestFile    ... success: reloaded. 
751710     INFO  main            d.u.i.k.p.r.p.TestFile    Now processing file /home/runner/work/key/key/key.core/../key.ui/examples/heap/permissions/lockspec/Counter_lockRef_accessible.key 
751710     INFO  main            d.u.i.k.p.i.AbstractProblemLoader Loading environment from /home/runner/work/key/key/key.core/../key.ui/examples/heap/permissions/lockspec/Counter_lockRef_accessible.key 
751710     DEBUG main            d.u.i.k.p.i.AbstractProblemLoader Environment load took 41.4ns 
751711     INFO  main            d.u.i.k.p.i.AbstractProblemLoader Creating init config 
754579     DEBUG main            d.u.i.k.p.i.AbstractProblemLoader Init config took 2.87s 
754646     INFO  main            d.u.i.k.p.i.AbstractProblemLoader Replaying proof Counter[LockSpec::lockRef()].JML accessible clause.0 
754647     DEBUG main            d.u.i.k.p.i.IntermediateProofReplayer Proof replay took 2.8ns 
754849     INFO  main            d.u.i.k.p.r.p.TestFile    ... finished proof: closed. 
755503     INFO  main            d.u.i.k.p.i.AbstractProblemLoader Loading environment from /home/runner/work/key/key/key.core/../key.ui/examples/heap/permissions/lockspec/Counter_lockRef_accessible.key.proof 
755503     DEBUG main            d.u.i.k.p.i.AbstractProblemLoader Environment load took 73.9ns 
755504     INFO  main            d.u.i.k.p.i.AbstractProblemLoader Creating init config 
758339     DEBUG main            d.u.i.k.p.i.AbstractProblemLoader Init config took 2.84s 
758389     INFO  main            d.u.i.k.p.i.AbstractProblemLoader Replaying proof Counter[LockSpec::lockRef()].JML accessible clause.0 
758424     DEBUG main            d.u.i.k.p.i.IntermediateProofReplayer Proof replay took 32.34ms 
758424     DEBUG main            d.u.i.k.p.r.p.TestFile    ... success: reloaded. 
758425     INFO  main            d.u.i.k.p.r.p.TestFile    Now processing file /home/runner/work/key/key/key.core/../key.ui/examples/heap/permissions/lockspec/Counter_lockRef_contract1.key 
758425     INFO  main            d.u.i.k.p.i.AbstractProblemLoader Loading environment from /home/runner/work/key/key/key.core/../key.ui/examples/heap/permissions/lockspec/Counter_lockRef_contract1.key 
758425     DEBUG main            d.u.i.k.p.i.AbstractProblemLoader Environment load took 90.2ns 
758426     INFO  main            d.u.i.k.p.i.AbstractProblemLoader Creating init config 
761304     DEBUG main            d.u.i.k.p.i.AbstractProblemLoader Init config took 2.88s 
761354     INFO  main            d.u.i.k.p.i.AbstractProblemLoader Replaying proof Counter[LockSpec::lockRef()].JML model_behavior operation contract.0 
761355     DEBUG main            d.u.i.k.p.i.IntermediateProofReplayer Proof replay took 3.3ns 
761457     INFO  main            d.u.i.k.p.r.p.TestFile    ... finished proof: closed. 
762107     INFO  main            d.u.i.k.p.i.AbstractProblemLoader Loading environment from /home/runner/work/key/key/key.core/../key.ui/examples/heap/permissions/lockspec/Counter_lockRef_contract1.key.proof 
762107     DEBUG main            d.u.i.k.p.i.AbstractProblemLoader Environment load took 71ns 
762107     INFO  main            d.u.i.k.p.i.AbstractProblemLoader Creating init config 
764936     DEBUG main            d.u.i.k.p.i.AbstractProblemLoader Init config took 2.83s 
764986     INFO  main            d.u.i.k.p.i.AbstractProblemLoader Replaying proof Counter[LockSpec::lockRef()].JML model_behavior operation contract.0 
764990     DEBUG main            d.u.i.k.p.i.IntermediateProofReplayer Proof replay took 3.14ms 
764990     DEBUG main            d.u.i.k.p.r.p.TestFile    ... success: reloaded. 
764991     INFO  main            d.u.i.k.p.r.p.TestFile    Now processing file /home/runner/work/key/key/key.core/../key.ui/examples/heap/permissions/lockspec/Counter_lockRef_contract2.key 
764991     INFO  main            d.u.i.k.p.i.AbstractProblemLoader Loading environment from /home/runner/work/key/key/key.core/../key.ui/examples/heap/permissions/lockspec/Counter_lockRef_contract2.key 
764991     DEBUG main            d.u.i.k.p.i.AbstractProblemLoader Environment load took 43.9ns 
764992     INFO  main            d.u.i.k.p.i.AbstractProblemLoader Creating init config 
767874     DEBUG main            d.u.i.k.p.i.AbstractProblemLoader Init config took 2.88s 
767924     INFO  main            d.u.i.k.p.i.AbstractProblemLoader Replaying proof Counter[Counter::lockRef()].JML model_behavior operation contract.0 
767925     DEBUG main            d.u.i.k.p.i.IntermediateProofReplayer Proof replay took 3.2ns 
768026     INFO  main            d.u.i.k.p.r.p.TestFile    ... finished proof: closed. 
768684     INFO  main            d.u.i.k.p.i.AbstractProblemLoader Loading environment from /home/runner/work/key/key/key.core/../key.ui/examples/heap/permissions/lockspec/Counter_lockRef_contract2.key.proof 
768684     DEBUG main            d.u.i.k.p.i.AbstractProblemLoader Environment load took 67.3ns 
768685     INFO  main            d.u.i.k.p.i.AbstractProblemLoader Creating init config 
771581     DEBUG main            d.u.i.k.p.i.AbstractProblemLoader Init config took 2.9s 
771677     INFO  main            d.u.i.k.p.i.AbstractProblemLoader Replaying proof Counter[Counter::lockRef()].JML model_behavior operation contract.0 
771683     DEBUG main            d.u.i.k.p.i.IntermediateProofReplayer Proof replay took 3.71ms 
771683     DEBUG main            d.u.i.k.p.r.p.TestFile    ... success: reloaded. 
771684     INFO  main            d.u.i.k.p.r.p.TestFile    Now processing file /home/runner/work/key/key/key.core/../key.ui/examples/heap/permissions/lockspec/Counter_lockState_accessible.key 
771685     INFO  main            d.u.i.k.p.i.AbstractProblemLoader Loading environment from /home/runner/work/key/key/key.core/../key.ui/examples/heap/permissions/lockspec/Counter_lockState_accessible.key 
771685     DEBUG main            d.u.i.k.p.i.AbstractProblemLoader Environment load took 178.6ns 
771686     INFO  main            d.u.i.k.p.i.AbstractProblemLoader Creating init config 
774835     DEBUG main            d.u.i.k.p.i.AbstractProblemLoader Init config took 3.15s 
774886     INFO  main            d.u.i.k.p.i.AbstractProblemLoader Replaying proof Counter[LockSpec::lockState(boolean)].JML accessible clause.0 
774887     DEBUG main            d.u.i.k.p.i.IntermediateProofReplayer Proof replay took 3.2ns 
775189     INFO  main            d.u.i.k.p.r.p.TestFile    ... finished proof: closed. 
775893     INFO  main            d.u.i.k.p.i.AbstractProblemLoader Loading environment from /home/runner/work/key/key/key.core/../key.ui/examples/heap/permissions/lockspec/Counter_lockState_accessible.key.proof 
775893     DEBUG main            d.u.i.k.p.i.AbstractProblemLoader Environment load took 73.8ns 
775894     INFO  main            d.u.i.k.p.i.AbstractProblemLoader Creating init config 
778880     DEBUG main            d.u.i.k.p.i.AbstractProblemLoader Init config took 2.99s 
778936     INFO  main            d.u.i.k.p.i.AbstractProblemLoader Replaying proof Counter[LockSpec::lockState(boolean)].JML accessible clause.0 
779007     DEBUG main            d.u.i.k.p.i.IntermediateProofReplayer Proof replay took 67.21ms 
779008     DEBUG main            d.u.i.k.p.r.p.TestFile    ... success: reloaded. 
779008     INFO  main            d.u.i.k.p.r.p.TestFile    Now processing file /home/runner/work/key/key/key.core/../key.ui/examples/heap/permissions/lockspec/Counter_lockStatus_accessible.key 
779008     INFO  main            d.u.i.k.p.i.AbstractProblemLoader Loading environment from /home/runner/work/key/key/key.core/../key.ui/examples/heap/permissions/lockspec/Counter_lockStatus_accessible.key 
779009     DEBUG main            d.u.i.k.p.i.AbstractProblemLoader Environment load took 73.5ns 
779009     INFO  main            d.u.i.k.p.i.AbstractProblemLoader Creating init config 
781999     DEBUG main            d.u.i.k.p.i.AbstractProblemLoader Init config took 2.99s 
782049     INFO  main            d.u.i.k.p.i.AbstractProblemLoader Replaying proof Counter[LockSpec::lockStatus(boolean)].JML accessible clause.0 
782052     DEBUG main            d.u.i.k.p.i.IntermediateProofReplayer Proof replay took 3.8ns 
782154     INFO  main            d.u.i.k.p.r.p.TestFile    ... finished proof: closed. 
782812     INFO  main            d.u.i.k.p.i.AbstractProblemLoader Loading environment from /home/runner/work/key/key/key.core/../key.ui/examples/heap/permissions/lockspec/Counter_lockStatus_accessible.key.proof 
782812     DEBUG main            d.u.i.k.p.i.AbstractProblemLoader Environment load took 70.7ns 
782813     INFO  main            d.u.i.k.p.i.AbstractProblemLoader Creating init config 
785727     DEBUG main            d.u.i.k.p.i.AbstractProblemLoader Init config took 2.91s 
785785     INFO  main            d.u.i.k.p.i.AbstractProblemLoader Replaying proof Counter[LockSpec::lockStatus(boolean)].JML accessible clause.0 
785807     DEBUG main            d.u.i.k.p.i.IntermediateProofReplayer Proof replay took 20.06ms 
785808     DEBUG main            d.u.i.k.p.r.p.TestFile    ... success: reloaded. 
785809     INFO  main            d.u.i.k.p.r.p.TestFile    Now processing file /home/runner/work/key/key/key.core/../key.ui/examples/heap/permissions/lockspec/Counter_lockTransfer_accessible.key 
785809     INFO  main            d.u.i.k.p.i.AbstractProblemLoader Loading environment from /home/runner/work/key/key/key.core/../key.ui/examples/heap/permissions/lockspec/Counter_lockTransfer_accessible.key 
785809     DEBUG main            d.u.i.k.p.i.AbstractProblemLoader Environment load took 70.9ns 
785809     INFO  main            d.u.i.k.p.i.AbstractProblemLoader Creating init config 
788885     DEBUG main            d.u.i.k.p.i.AbstractProblemLoader Init config took 3.08s 
788935     INFO  main            d.u.i.k.p.i.AbstractProblemLoader Replaying proof Counter[LockSpec::lockTransfer()].JML accessible clause.0 
788937     DEBUG main            d.u.i.k.p.i.IntermediateProofReplayer Proof replay took 3.5ns 
789239     INFO  main            d.u.i.k.p.r.p.TestFile    ... finished proof: closed. 
789913     INFO  main            d.u.i.k.p.i.AbstractProblemLoader Loading environment from /home/runner/work/key/key/key.core/../key.ui/examples/heap/permissions/lockspec/Counter_lockTransfer_accessible.key.proof 
789914     DEBUG main            d.u.i.k.p.i.AbstractProblemLoader Environment load took 72.3ns 
789914     INFO  main            d.u.i.k.p.i.AbstractProblemLoader Creating init config 
792905     DEBUG main            d.u.i.k.p.i.AbstractProblemLoader Init config took 2.99s 
792962     INFO  main            d.u.i.k.p.i.AbstractProblemLoader Replaying proof Counter[LockSpec::lockTransfer()].JML accessible clause.0 
793023     DEBUG main            d.u.i.k.p.i.IntermediateProofReplayer Proof replay took 58.88ms 
793024     DEBUG main            d.u.i.k.p.r.p.TestFile    ... success: reloaded. 
793025     INFO  main            d.u.i.k.p.r.p.TestFile    Now processing file /home/runner/work/key/key/key.core/../key.ui/examples/heap/permissions/lockspec/Counter_unlockTransfer_accessible.key 
793025     INFO  main            d.u.i.k.p.i.AbstractProblemLoader Loading environment from /home/runner/work/key/key/key.core/../key.ui/examples/heap/permissions/lockspec/Counter_unlockTransfer_accessible.key 
793026     DEBUG main            d.u.i.k.p.i.AbstractProblemLoader Environment load took 91.6ns 
793026     INFO  main            d.u.i.k.p.i.AbstractProblemLoader Creating init config 
796109     DEBUG main            d.u.i.k.p.i.AbstractProblemLoader Init config took 3.08s 
796159     INFO  main            d.u.i.k.p.i.AbstractProblemLoader Replaying proof Counter[LockSpec::unlockTransfer()].JML accessible clause.0 
796160     DEBUG main            d.u.i.k.p.i.IntermediateProofReplayer Proof replay took 2.8ns 
796463     INFO  main            d.u.i.k.p.r.p.TestFile    ... finished proof: closed. 
797167     INFO  main            d.u.i.k.p.i.AbstractProblemLoader Loading environment from /home/runner/work/key/key/key.core/../key.ui/examples/heap/permissions/lockspec/Counter_unlockTransfer_accessible.key.proof 
797167     DEBUG main            d.u.i.k.p.i.AbstractProblemLoader Environment load took 73.5ns 
797168     INFO  main            d.u.i.k.p.i.AbstractProblemLoader Creating init config 
800117     DEBUG main            d.u.i.k.p.i.AbstractProblemLoader Init config took 2.95s 
800175     INFO  main            d.u.i.k.p.i.AbstractProblemLoader Replaying proof Counter[LockSpec::unlockTransfer()].JML accessible clause.0 
800240     DEBUG main            d.u.i.k.p.i.IntermediateProofReplayer Proof replay took 62.02ms 
800240     DEBUG main            d.u.i.k.p.r.p.TestFile    ... success: reloaded. 
800241     INFO  main            d.u.i.k.p.r.p.TestFile    Now processing file /home/runner/work/key/key/key.core/../key.ui/examples/heap/permissions/threads/Plotter_startTransfer_contract.proof 
800242     INFO  main            d.u.i.k.p.i.AbstractProblemLoader Loading environment from /home/runner/work/key/key/key.core/../key.ui/examples/heap/permissions/threads/Plotter_startTransfer_contract.proof 
800242     DEBUG main            d.u.i.k.p.i.AbstractProblemLoader Environment load took 156.2ns 
800243     INFO  main            d.u.i.k.p.i.AbstractProblemLoader Creating init config 
804800     DEBUG main            d.u.i.k.p.i.AbstractProblemLoader Init config took 4.56s 
804901     INFO  main            d.u.i.k.p.i.AbstractProblemLoader Replaying proof Plotter[ThreadSpec2::startTransfer()].JML model_behavior operation contract.0 
805031     DEBUG main            d.u.i.k.p.i.IntermediateProofReplayer Proof replay took 122.86ms 
805041     INFO  main            d.u.i.k.p.r.p.TestFile    ... success: loaded 
805042     INFO  main            d.u.i.k.p.r.p.TestFile    Now processing file /home/runner/work/key/key/key.core/../key.ui/examples/heap/permissions/threads/Plotter_startTransfer_accessible.proof 
805042     INFO  main            d.u.i.k.p.i.AbstractProblemLoader Loading environment from /home/runner/work/key/key/key.core/../key.ui/examples/heap/permissions/threads/Plotter_startTransfer_accessible.proof 
805042     DEBUG main            d.u.i.k.p.i.AbstractProblemLoader Environment load took 167.4ns 
805043     INFO  main            d.u.i.k.p.i.AbstractProblemLoader Creating init config 
809679     DEBUG main            d.u.i.k.p.i.AbstractProblemLoader Init config took 4.64s 
809758     INFO  main            d.u.i.k.p.i.AbstractProblemLoader Replaying proof Plotter[ThreadSpec2::startTransfer()].JML accessible clause.0 
809844     DEBUG main            d.u.i.k.p.i.IntermediateProofReplayer Proof replay took 82.96ms 
809844     INFO  main            d.u.i.k.p.r.p.TestFile    ... success: loaded 
809845     INFO  main            d.u.i.k.p.r.p.TestFile    Now processing file /home/runner/work/key/key/key.core/../key.ui/examples/heap/permissions/threads/Plotter_joinTransfer_accessible.proof 
809845     INFO  main            d.u.i.k.p.i.AbstractProblemLoader Loading environment from /home/runner/work/key/key/key.core/../key.ui/examples/heap/permissions/threads/Plotter_joinTransfer_accessible.proof 
809845     DEBUG main            d.u.i.k.p.i.AbstractProblemLoader Environment load took 47.4ns 
809846     INFO  main            d.u.i.k.p.i.AbstractProblemLoader Creating init config 
814430     DEBUG main            d.u.i.k.p.i.AbstractProblemLoader Init config took 4.58s 
814519     INFO  main            d.u.i.k.p.i.AbstractProblemLoader Replaying proof Plotter[ThreadSpec2::joinTransfer()].JML accessible clause.0 
814527     WARN  main            d.u.i.k.p.i.IntermediateProofReplayer Proof contains wrong number of \assumes instatiations for Definition_axiom_for_stateInv_in_Plotter 
814531     WARN  main            d.u.i.k.p.i.IntermediateProofReplayer Proof contains wrong number of \assumes instatiations for Definition_axiom_for_stateInv_in_Plotter 
814533     WARN  main            d.u.i.k.p.i.IntermediateProofReplayer Proof contains wrong number of \assumes instatiations for Definition_axiom_for_workingPermissions_in_Plotter 
814534     WARN  main            d.u.i.k.p.i.IntermediateProofReplayer Proof contains wrong number of \assumes instatiations for Definition_axiom_for_staticPermissions_in_Plotter 
814535     WARN  main            d.u.i.k.p.i.IntermediateProofReplayer Proof contains wrong number of \assumes instatiations for Definition_axiom_for_joinTransfer_in_Plotter 
814537     WARN  main            d.u.i.k.p.i.IntermediateProofReplayer Proof contains wrong number of \assumes instatiations for Definition_axiom_for_stateInv_in_BFilter 
814539     WARN  main            d.u.i.k.p.i.IntermediateProofReplayer Proof contains wrong number of \assumes instatiations for Definition_axiom_for_stateInv_in_AFilter 
814541     WARN  main            d.u.i.k.p.i.IntermediateProofReplayer Proof contains wrong number of \assumes instatiations for Definition_axiom_for_stateInv_in_BFilter 
814546     WARN  main            d.u.i.k.p.i.IntermediateProofReplayer Proof contains wrong number of \assumes instatiations for Definition_axiom_for_stateInv_in_AFilter 
814548     WARN  main            d.u.i.k.p.i.IntermediateProofReplayer Proof contains wrong number of \assumes instatiations for Definition_axiom_for_staticPermissions_in_AFilter 
814549     WARN  main            d.u.i.k.p.i.IntermediateProofReplayer Proof contains wrong number of \assumes instatiations for Definition_axiom_for_staticPermissions_in_Plotter 
814551     WARN  main            d.u.i.k.p.i.IntermediateProofReplayer Proof contains wrong number of \assumes instatiations for Definition_axiom_for_staticPermissions_in_BFilter 
814552     WARN  main            d.u.i.k.p.i.IntermediateProofReplayer Proof contains wrong number of \assumes instatiations for Definition_axiom_for_workingPermissions_in_Plotter 
814552     WARN  main            d.u.i.k.p.i.IntermediateProofReplayer Proof contains wrong number of \assumes instatiations for Definition_axiom_for_stateInv_in_Sampler 
814553     WARN  main            d.u.i.k.p.i.IntermediateProofReplayer Proof contains wrong number of \assumes instatiations for Definition_axiom_for_stateInv_in_Sampler 
814554     WARN  main            d.u.i.k.p.i.IntermediateProofReplayer Proof contains wrong number of \assumes instatiations for Definition_axiom_for_staticPermissions_in_Sampler 
814555     WARN  main            d.u.i.k.p.i.IntermediateProofReplayer Proof contains wrong number of \assumes instatiations for Definition_axiom_for_staticPermissions_in_BFilter 
814556     WARN  main            d.u.i.k.p.i.IntermediateProofReplayer Proof contains wrong number of \assumes instatiations for Definition_axiom_for_staticPermissions_in_AFilter 
814557     WARN  main            d.u.i.k.p.i.IntermediateProofReplayer Proof contains wrong number of \assumes instatiations for Definition_axiom_for_staticPermissions_in_Sampler 
814558     WARN  main            d.u.i.k.p.i.IntermediateProofReplayer Proof contains wrong number of \assumes instatiations for Definition_axiom_for_staticPermissions_in_Sampler 
814559     WARN  main            d.u.i.k.p.i.IntermediateProofReplayer Proof contains wrong number of \assumes instatiations for Definition_axiom_for_staticPermissions_in_Sampler 
814559     WARN  main            d.u.i.k.p.i.IntermediateProofReplayer Proof contains wrong number of \assumes instatiations for Definition_axiom_for_joinTransfer_in_Plotter 
814650     DEBUG main            d.u.i.k.p.i.IntermediateProofReplayer Proof replay took 127.32ms 
814651     INFO  main            d.u.i.k.p.r.p.TestFile    ... success: loaded 
4967727    INFO  Test worker     d.u.i.k.p.r.RunAllProofsTestUnit Returning from test permissionHeap 
4967729    INFO  Test worker     d.u.i.k.p.r.RunAllProofsTestUnit Running test completionScopes 
339        INFO  Timeout watchdog d.u.i.k.p.r.p.ForkedTestFileRunner Timeout watcher launched (2000 secs.) 
347        WARN  main            d.u.i.k.s.ProofSettings   The settings in /home/runner/.key/proof-settings.props are *not* read. 
383        INFO  main            d.u.i.k.p.r.p.TestFile    Now processing file /home/runner/work/key/key/key.core/../key.ui/examples/completionscopes/testCcatchReturnVal.key 
508        INFO  main            d.u.i.k.p.i.AbstractProblemLoader Loading environment from /home/runner/work/key/key/key.core/../key.ui/examples/completionscopes/testCcatchReturnVal.key 
524        DEBUG main            d.u.i.k.p.i.AbstractProblemLoader Environment load took 2.16ms 
788        INFO  main            d.u.i.k.p.i.AbstractProblemLoader Creating init config 
1802       DEBUG main            d.u.i.k.j.TypeConverter   No LDT found for Meta 
1803       DEBUG main            d.u.i.k.j.TypeConverter   No LDT found for Meta 
1805       DEBUG main            d.u.i.k.j.TypeConverter   No LDT found for Meta 
1806       DEBUG main            d.u.i.k.j.TypeConverter   No LDT found for Meta 
3265       DEBUG main            d.u.i.k.j.TypeConverter   No LDT found for JavaBigintExpression 
8287       DEBUG main            d.u.i.k.p.i.AbstractProblemLoader Init config took 7.5s 
8457       INFO  main            d.u.i.k.p.i.AbstractProblemLoader Replaying proof CompletionScopes[CompletionScopes::testCcatchReturnVal()].JML normal_behavior operation contract.0 
8491       DEBUG main            d.u.i.k.p.i.IntermediateProofReplayer Proof replay took 87.9ns 
9031       INFO  main            d.u.i.k.p.r.p.TestFile    ... finished proof: closed. 
9139       INFO  main            d.u.i.k.p.i.AbstractProblemLoader Loading environment from /home/runner/work/key/key/key.core/../key.ui/examples/completionscopes/testCcatchReturnVal.key.proof 
9141       DEBUG main            d.u.i.k.p.i.AbstractProblemLoader Environment load took 2.01ms 
9144       INFO  main            d.u.i.k.p.i.AbstractProblemLoader Creating init config 
11933      DEBUG main            d.u.i.k.p.i.AbstractProblemLoader Init config took 2.79s 
12009      INFO  main            d.u.i.k.p.i.AbstractProblemLoader Replaying proof CompletionScopes[CompletionScopes::testCcatchReturnVal()].JML normal_behavior operation contract.0 
12085      DEBUG main            d.u.i.k.p.i.IntermediateProofReplayer Proof replay took 67.23ms 
12092      DEBUG main            d.u.i.k.p.r.p.TestFile    ... success: reloaded. 
12094      INFO  main            d.u.i.k.p.r.p.TestFile    Now processing file /home/runner/work/key/key/key.core/../key.ui/examples/completionscopes/testMultCcatchClauses.key 
12094      INFO  main            d.u.i.k.p.i.AbstractProblemLoader Loading environment from /home/runner/work/key/key/key.core/../key.ui/examples/completionscopes/testMultCcatchClauses.key 
12095      DEBUG main            d.u.i.k.p.i.AbstractProblemLoader Environment load took 244.6ns 
12096      INFO  main            d.u.i.k.p.i.AbstractProblemLoader Creating init config 
14666      DEBUG main            d.u.i.k.p.i.AbstractProblemLoader Init config took 2.57s 
14726      INFO  main            d.u.i.k.p.i.AbstractProblemLoader Replaying proof CompletionScopes[CompletionScopes::testMultCcatchClauses()].JML normal_behavior operation contract.0 
14728      DEBUG main            d.u.i.k.p.i.IntermediateProofReplayer Proof replay took 6.5ns 
15236      INFO  main            d.u.i.k.p.r.p.TestFile    ... finished proof: closed. 
15374      INFO  main            d.u.i.k.p.i.AbstractProblemLoader Loading environment from /home/runner/work/key/key/key.core/../key.ui/examples/completionscopes/testMultCcatchClauses.key.proof 
15376      DEBUG main            d.u.i.k.p.i.AbstractProblemLoader Environment load took 1.85ms 
15379      INFO  main            d.u.i.k.p.i.AbstractProblemLoader Creating init config 
17945      DEBUG main            d.u.i.k.p.i.AbstractProblemLoader Init config took 2.57s 
18021      INFO  main            d.u.i.k.p.i.AbstractProblemLoader Replaying proof CompletionScopes[CompletionScopes::testMultCcatchClauses()].JML normal_behavior operation contract.0 
18168      DEBUG main            d.u.i.k.p.i.IntermediateProofReplayer Proof replay took 137.95ms 
18170      DEBUG main            d.u.i.k.p.r.p.TestFile    ... success: reloaded. 
18172      INFO  main            d.u.i.k.p.r.p.TestFile    Now processing file /home/runner/work/key/key/key.core/../key.ui/examples/completionscopes/testNestedExec.key 
18172      INFO  main            d.u.i.k.p.i.AbstractProblemLoader Loading environment from /home/runner/work/key/key/key.core/../key.ui/examples/completionscopes/testNestedExec.key 
18172      DEBUG main            d.u.i.k.p.i.AbstractProblemLoader Environment load took 107.6ns 
18174      INFO  main            d.u.i.k.p.i.AbstractProblemLoader Creating init config 
20704      DEBUG main            d.u.i.k.p.i.AbstractProblemLoader Init config took 2.53s 
20752      INFO  main            d.u.i.k.p.i.AbstractProblemLoader Replaying proof CompletionScopes[CompletionScopes::testMultCcatchClauses()].JML normal_behavior operation contract.0 
20754      DEBUG main            d.u.i.k.p.i.IntermediateProofReplayer Proof replay took 7.4ns 
21058      INFO  main            d.u.i.k.p.r.p.TestFile    ... finished proof: closed. 
21203      INFO  main            d.u.i.k.p.i.AbstractProblemLoader Loading environment from /home/runner/work/key/key/key.core/../key.ui/examples/completionscopes/testNestedExec.key.proof 
21204      DEBUG main            d.u.i.k.p.i.AbstractProblemLoader Environment load took 980.12ns 
21208      INFO  main            d.u.i.k.p.i.AbstractProblemLoader Creating init config 
23676      DEBUG main            d.u.i.k.p.i.AbstractProblemLoader Init config took 2.47s 
23741      INFO  main            d.u.i.k.p.i.AbstractProblemLoader Replaying proof CompletionScopes[CompletionScopes::testMultCcatchClauses()].JML normal_behavior operation contract.0 
23827      DEBUG main            d.u.i.k.p.i.IntermediateProofReplayer Proof replay took 83.34ms 
23828      DEBUG main            d.u.i.k.p.r.p.TestFile    ... success: reloaded. 
23830      INFO  main            d.u.i.k.p.r.p.TestFile    Now processing file /home/runner/work/key/key/key.core/../key.ui/examples/completionscopes/testCcatchBreakLabel.key 
23831      INFO  main            d.u.i.k.p.i.AbstractProblemLoader Loading environment from /home/runner/work/key/key/key.core/../key.ui/examples/completionscopes/testCcatchBreakLabel.key 
23831      DEBUG main            d.u.i.k.p.i.AbstractProblemLoader Environment load took 96.9ns 
23832      INFO  main            d.u.i.k.p.i.AbstractProblemLoader Creating init config 
26350      DEBUG main            d.u.i.k.p.i.AbstractProblemLoader Init config took 2.52s 
26395      INFO  main            d.u.i.k.p.i.AbstractProblemLoader Replaying proof CompletionScopes[CompletionScopes::testBreakLabel()].JML normal_behavior operation contract.0 
26397      DEBUG main            d.u.i.k.p.i.IntermediateProofReplayer Proof replay took 6.4ns 
26416      DEBUG Thread-10       d.u.i.k.l.o.ProgramSV     Match failed: Former match of  SchemaVariable incompatible with  the current match. 
26503      INFO  main            d.u.i.k.p.r.p.TestFile    ... finished proof: closed. 
26663      INFO  main            d.u.i.k.p.i.AbstractProblemLoader Loading environment from /home/runner/work/key/key/key.core/../key.ui/examples/completionscopes/testCcatchBreakLabel.key.proof 
26663      DEBUG main            d.u.i.k.p.i.AbstractProblemLoader Environment load took 128ns 
26664      INFO  main            d.u.i.k.p.i.AbstractProblemLoader Creating init config 
29108      DEBUG main            d.u.i.k.p.i.AbstractProblemLoader Init config took 2.44s 
29152      INFO  main            d.u.i.k.p.i.AbstractProblemLoader Replaying proof CompletionScopes[CompletionScopes::testBreakLabel()].JML normal_behavior operation contract.0 
29162      DEBUG main            d.u.i.k.p.i.IntermediateProofReplayer Proof replay took 7.61ms 
29163      DEBUG main            d.u.i.k.p.r.p.TestFile    ... success: reloaded. 
29164      INFO  main            d.u.i.k.p.r.p.TestFile    Now processing file /home/runner/work/key/key/key.core/../key.ui/examples/completionscopes/testCcatchContinueLabel.key 
29165      INFO  main            d.u.i.k.p.i.AbstractProblemLoader Loading environment from /home/runner/work/key/key/key.core/../key.ui/examples/completionscopes/testCcatchContinueLabel.key 
29165      DEBUG main            d.u.i.k.p.i.AbstractProblemLoader Environment load took 174.1ns 
29166      INFO  main            d.u.i.k.p.i.AbstractProblemLoader Creating init config 
31640      DEBUG main            d.u.i.k.p.i.AbstractProblemLoader Init config took 2.47s 
31683      INFO  main            d.u.i.k.p.i.AbstractProblemLoader Replaying proof CompletionScopes[CompletionScopes::testContinueLabel()].JML normal_behavior operation contract.0 
31685      DEBUG main            d.u.i.k.p.i.IntermediateProofReplayer Proof replay took 7ns 
31706      DEBUG Thread-13       d.u.i.k.l.o.ProgramSV     Match failed: Former match of  SchemaVariable incompatible with  the current match. 
31790      INFO  main            d.u.i.k.p.r.p.TestFile    ... finished proof: closed. 
31982      INFO  main            d.u.i.k.p.i.AbstractProblemLoader Loading environment from /home/runner/work/key/key/key.core/../key.ui/examples/completionscopes/testCcatchContinueLabel.key.proof 
31982      DEBUG main            d.u.i.k.p.i.AbstractProblemLoader Environment load took 125.9ns 
31983      INFO  main            d.u.i.k.p.i.AbstractProblemLoader Creating init config 
34434      DEBUG main            d.u.i.k.p.i.AbstractProblemLoader Init config took 2.45s 
34485      INFO  main            d.u.i.k.p.i.AbstractProblemLoader Replaying proof CompletionScopes[CompletionScopes::testContinueLabel()].JML normal_behavior operation contract.0 
34497      DEBUG main            d.u.i.k.p.i.IntermediateProofReplayer Proof replay took 10.47ms 
34499      DEBUG main            d.u.i.k.p.r.p.TestFile    ... success: reloaded. 
34500      INFO  main            d.u.i.k.p.r.p.TestFile    Now processing file /home/runner/work/key/key/key.core/../key.ui/examples/completionscopes/testCcatchBreakLabelWildcard.key 
34501      INFO  main            d.u.i.k.p.i.AbstractProblemLoader Loading environment from /home/runner/work/key/key/key.core/../key.ui/examples/completionscopes/testCcatchBreakLabelWildcard.key 
34501      DEBUG main            d.u.i.k.p.i.AbstractProblemLoader Environment load took 188.9ns 
34502      INFO  main            d.u.i.k.p.i.AbstractProblemLoader Creating init config 
36999      DEBUG main            d.u.i.k.p.i.AbstractProblemLoader Init config took 2.5s 
37044      INFO  main            d.u.i.k.p.i.AbstractProblemLoader Replaying proof CompletionScopes[CompletionScopes::testBreakLabelWildcard()].JML normal_behavior operation contract.0 
37047      DEBUG main            d.u.i.k.p.i.IntermediateProofReplayer Proof replay took 6.4ns 
37068      DEBUG Thread-16       d.u.i.k.l.o.ProgramSV     Match failed: Former match of  SchemaVariable incompatible with  the current match. 
37069      DEBUG Thread-16       d.u.i.k.l.o.ProgramSV     Match failed: Former match of  SchemaVariable incompatible with  the current match. 
37155      INFO  main            d.u.i.k.p.r.p.TestFile    ... finished proof: closed. 
37326      INFO  main            d.u.i.k.p.i.AbstractProblemLoader Loading environment from /home/runner/work/key/key/key.core/../key.ui/examples/completionscopes/testCcatchBreakLabelWildcard.key.proof 
37327      DEBUG main            d.u.i.k.p.i.AbstractProblemLoader Environment load took 134.1ns 
37328      INFO  main            d.u.i.k.p.i.AbstractProblemLoader Creating init config 
39720      DEBUG main            d.u.i.k.p.i.AbstractProblemLoader Init config took 2.39s 
39767      INFO  main            d.u.i.k.p.i.AbstractProblemLoader Replaying proof CompletionScopes[CompletionScopes::testBreakLabelWildcard()].JML normal_behavior operation contract.0 
39777      DEBUG main            d.u.i.k.p.i.IntermediateProofReplayer Proof replay took 8.14ms 
39778      DEBUG main            d.u.i.k.p.r.p.TestFile    ... success: reloaded. 
39779      INFO  main            d.u.i.k.p.r.p.TestFile    Now processing file /home/runner/work/key/key/key.core/../key.ui/examples/completionscopes/testCcatchContinueLabelWildcard.key 
39780      INFO  main            d.u.i.k.p.i.AbstractProblemLoader Loading environment from /home/runner/work/key/key/key.core/../key.ui/examples/completionscopes/testCcatchContinueLabelWildcard.key 
39780      DEBUG main            d.u.i.k.p.i.AbstractProblemLoader Environment load took 176.6ns 
39781      INFO  main            d.u.i.k.p.i.AbstractProblemLoader Creating init config 
42218      DEBUG main            d.u.i.k.p.i.AbstractProblemLoader Init config took 2.44s 
42257      INFO  main            d.u.i.k.p.i.AbstractProblemLoader Replaying proof CompletionScopes[CompletionScopes::testContinueLabelWildcard()].JML normal_behavior operation contract.0 
42259      DEBUG main            d.u.i.k.p.i.IntermediateProofReplayer Proof replay took 6.6ns 
42277      DEBUG Thread-19       d.u.i.k.l.o.ProgramSV     Match failed: Former match of  SchemaVariable incompatible with  the current match. 
42278      DEBUG Thread-19       d.u.i.k.l.o.ProgramSV     Match failed: Former match of  SchemaVariable incompatible with  the current match. 
42362      INFO  main            d.u.i.k.p.r.p.TestFile    ... finished proof: closed. 
42571      INFO  main            d.u.i.k.p.i.AbstractProblemLoader Loading environment from /home/runner/work/key/key/key.core/../key.ui/examples/completionscopes/testCcatchContinueLabelWildcard.key.proof 
42571      DEBUG main            d.u.i.k.p.i.AbstractProblemLoader Environment load took 124.3ns 
42572      INFO  main            d.u.i.k.p.i.AbstractProblemLoader Creating init config 
44943      DEBUG main            d.u.i.k.p.i.AbstractProblemLoader Init config took 2.37s 
44982      INFO  main            d.u.i.k.p.i.AbstractProblemLoader Replaying proof CompletionScopes[CompletionScopes::testContinueLabelWildcard()].JML normal_behavior operation contract.0 
44993      DEBUG main            d.u.i.k.p.i.IntermediateProofReplayer Proof replay took 9.03ms 
44994      DEBUG main            d.u.i.k.p.r.p.TestFile    ... success: reloaded. 
44995      INFO  main            d.u.i.k.p.r.p.TestFile    Now processing file /home/runner/work/key/key/key.core/../key.ui/examples/completionscopes/testCcatchBreakLabelNonmatchingNested.key 
44995      INFO  main            d.u.i.k.p.i.AbstractProblemLoader Loading environment from /home/runner/work/key/key/key.core/../key.ui/examples/completionscopes/testCcatchBreakLabelNonmatchingNested.key 
44995      DEBUG main            d.u.i.k.p.i.AbstractProblemLoader Environment load took 94.2ns 
44996      INFO  main            d.u.i.k.p.i.AbstractProblemLoader Creating init config 
47452      DEBUG main            d.u.i.k.p.i.AbstractProblemLoader Init config took 2.46s 
47501      INFO  main            d.u.i.k.p.i.AbstractProblemLoader Replaying proof CompletionScopes[CompletionScopes::testBreakLabelNonmatchingNested()].JML normal_behavior operation contract.0 
47503      DEBUG main            d.u.i.k.p.i.IntermediateProofReplayer Proof replay took 6.3ns 
47520      DEBUG Thread-22       d.u.i.k.l.o.ProgramSV     Match failed: Former match of  SchemaVariable incompatible with  the current match. 
47521      DEBUG Thread-22       d.u.i.k.l.o.ProgramSV     Match failed: Former match of  SchemaVariable incompatible with  the current match. 
47606      INFO  main            d.u.i.k.p.r.p.TestFile    ... finished proof: closed. 
47813      INFO  main            d.u.i.k.p.i.AbstractProblemLoader Loading environment from /home/runner/work/key/key/key.core/../key.ui/examples/completionscopes/testCcatchBreakLabelNonmatchingNested.key.proof 
47814      DEBUG main            d.u.i.k.p.i.AbstractProblemLoader Environment load took 832.12ns 
47815      INFO  main            d.u.i.k.p.i.AbstractProblemLoader Creating init config 
50199      DEBUG main            d.u.i.k.p.i.AbstractProblemLoader Init config took 2.38s 
50237      INFO  main            d.u.i.k.p.i.AbstractProblemLoader Replaying proof CompletionScopes[CompletionScopes::testBreakLabelNonmatchingNested()].JML normal_behavior operation contract.0 
50247      DEBUG main            d.u.i.k.p.i.IntermediateProofReplayer Proof replay took 8.8ms 
50248      DEBUG main            d.u.i.k.p.r.p.TestFile    ... success: reloaded. 
5018153    INFO  Test worker     d.u.i.k.p.r.RunAllProofsTestUnit Returning from test completionScopes 
5018154    INFO  Test worker     d.u.i.k.p.r.RunAllProofsTestUnit Running test reload_examples 
382        INFO  Timeout watchdog d.u.i.k.p.r.p.ForkedTestFileRunner Timeout watcher launched (2000 secs.) 
398        WARN  main            d.u.i.k.s.ProofSettings   The settings in /home/runner/.key/proof-settings.props are *not* read. 
428        INFO  main            d.u.i.k.p.r.p.TestFile    Now processing file /home/runner/work/key/key/key.core/../key.ui/examples/firstTouch/05-ReverseArray/reverseArray.key 
544        INFO  main            d.u.i.k.p.i.AbstractProblemLoader Loading environment from /home/runner/work/key/key/key.core/../key.ui/examples/firstTouch/05-ReverseArray/reverseArray.key 
560        DEBUG main            d.u.i.k.p.i.AbstractProblemLoader Environment load took 2.16ms 
812        INFO  main            d.u.i.k.p.i.AbstractProblemLoader Creating init config 
1775       DEBUG main            d.u.i.k.j.TypeConverter   No LDT found for Meta 
1775       DEBUG main            d.u.i.k.j.TypeConverter   No LDT found for Meta 
1777       DEBUG main            d.u.i.k.j.TypeConverter   No LDT found for Meta 
1777       DEBUG main            d.u.i.k.j.TypeConverter   No LDT found for Meta 
3424       DEBUG main            d.u.i.k.j.TypeConverter   No LDT found for JavaBigintExpression 
8354       DEBUG main            d.u.i.k.p.i.AbstractProblemLoader Init config took 7.54s 
8523       INFO  main            d.u.i.k.p.i.AbstractProblemLoader Replaying proof ReverseArray[ReverseArray::reverse()].JML normal_behavior operation contract.0 
8586       DEBUG main            d.u.i.k.p.i.IntermediateProofReplayer Proof replay took 36.3ns 
18433      INFO  main            d.u.i.k.p.r.p.TestFile    ... finished proof: closed. 
18655      INFO  main            d.u.i.k.p.i.AbstractProblemLoader Loading environment from /home/runner/work/key/key/key.core/../key.ui/examples/firstTouch/05-ReverseArray/reverseArray.key.proof 
18656      DEBUG main            d.u.i.k.p.i.AbstractProblemLoader Environment load took 420.91ns 
18659      INFO  main            d.u.i.k.p.i.AbstractProblemLoader Creating init config 
21503      DEBUG main            d.u.i.k.p.i.AbstractProblemLoader Init config took 2.84s 
21575      INFO  main            d.u.i.k.p.i.AbstractProblemLoader Replaying proof ReverseArray[ReverseArray::reverse()].JML normal_behavior operation contract.0 
22831      DEBUG main            d.u.i.k.p.i.IntermediateProofReplayer Proof replay took 1.18s 
22847      DEBUG main            d.u.i.k.p.r.p.TestFile    ... success: reloaded. 
22849      INFO  main            d.u.i.k.p.r.p.TestFile    Now processing file /home/runner/work/key/key/key.core/../key.ui/examples/standard_key/arith/saveProofTest.key.proof 
22849      INFO  main            d.u.i.k.p.i.AbstractProblemLoader Loading environment from /home/runner/work/key/key/key.core/../key.ui/examples/standard_key/arith/saveProofTest.key.proof 
22850      DEBUG main            d.u.i.k.p.i.AbstractProblemLoader Environment load took 353.11ns 
22855      INFO  main            d.u.i.k.p.i.AbstractProblemLoader Creating init config 
25411      DEBUG main            d.u.i.k.p.i.AbstractProblemLoader Init config took 2.56s 
25446      INFO  main            d.u.i.k.p.i.AbstractProblemLoader Replaying proof saveProofTest.key.proof 
25455      DEBUG main            d.u.i.k.p.i.IntermediateProofReplayer Proof replay took 4.39ms 
25456      INFO  main            d.u.i.k.p.r.p.TestFile    ... success: loaded 
25458      INFO  main            d.u.i.k.p.r.p.TestFile    Now processing file /home/runner/work/key/key/key.core/../key.ui/examples/heap/permutedSum/perm.proof 
25458      INFO  main            d.u.i.k.p.i.AbstractProblemLoader Loading environment from /home/runner/work/key/key/key.core/../key.ui/examples/heap/permutedSum/perm.proof 
25458      DEBUG main            d.u.i.k.p.i.AbstractProblemLoader Environment load took 465.11ns 
25462      INFO  main            d.u.i.k.p.i.AbstractProblemLoader Creating init config 
28208      DEBUG main            d.u.i.k.p.i.AbstractProblemLoader Init config took 2.75s 
28293      INFO  main            d.u.i.k.p.i.AbstractProblemLoader Replaying proof Perm[Perm::foo()].JML normal_behavior operation contract.0 
29412      DEBUG main            d.u.i.k.p.i.IntermediateProofReplayer Proof replay took 1.07s 
29415      INFO  main            d.u.i.k.p.r.p.TestFile    ... success: loaded 
29417      INFO  main            d.u.i.k.p.r.p.TestFile    Now processing file /home/runner/work/key/key/key.core/../key.ui/examples/firstTouch/05-ReverseArray/reverseArray.proof 
29417      INFO  main            d.u.i.k.p.i.AbstractProblemLoader Loading environment from /home/runner/work/key/key/key.core/../key.ui/examples/firstTouch/05-ReverseArray/reverseArray.proof 
29417      DEBUG main            d.u.i.k.p.i.AbstractProblemLoader Environment load took 221.1ns 
29420      INFO  main            d.u.i.k.p.i.AbstractProblemLoader Creating init config 
32046      DEBUG main            d.u.i.k.p.i.AbstractProblemLoader Init config took 2.63s 
32083      INFO  main            d.u.i.k.p.i.AbstractProblemLoader Replaying proof ReverseArray[ReverseArray::reverse()].JML normal_behavior operation contract.0 
33161      DEBUG main            d.u.i.k.p.i.IntermediateProofReplayer Proof replay took 1.04s 
33164      INFO  main            d.u.i.k.p.r.p.TestFile    ... success: loaded 
33166      INFO  main            d.u.i.k.p.r.p.TestFile    Now processing file /home/runner/work/key/key/key.core/../key.ui/examples/heap/verifyThis15_1_RelaxedPrefix/relax.proof 
33166      INFO  main            d.u.i.k.p.i.AbstractProblemLoader Loading environment from /home/runner/work/key/key/key.core/../key.ui/examples/heap/verifyThis15_1_RelaxedPrefix/relax.proof 
33166      DEBUG main            d.u.i.k.p.i.AbstractProblemLoader Environment load took 181.6ns 
33168      INFO  main            d.u.i.k.p.i.AbstractProblemLoader Creating init config 
35779      DEBUG main            d.u.i.k.p.i.AbstractProblemLoader Init config took 2.61s 
35843      INFO  main            d.u.i.k.p.i.AbstractProblemLoader Replaying proof Relaxed[Relaxed::isRelaxedPrefix([I,[I)].JML operation contract.0 
36326      DEBUG main            d.u.i.k.p.i.IntermediateProofReplayer Proof replay took 462.67ms 
36328      INFO  main            d.u.i.k.p.r.p.TestFile    ... success: loaded 
36330      INFO  main            d.u.i.k.p.r.p.TestFile    Now processing file /home/runner/work/key/key/key.core/../key.ui/examples/heap/verifyThis15_3_DLL/doUndo.proof 
36330      INFO  main            d.u.i.k.p.i.AbstractProblemLoader Loading environment from /home/runner/work/key/key/key.core/../key.ui/examples/heap/verifyThis15_3_DLL/doUndo.proof 
36330      DEBUG main            d.u.i.k.p.i.AbstractProblemLoader Environment load took 180.4ns 
36335      INFO  main            d.u.i.k.p.i.AbstractProblemLoader Creating init config 
37290      DEBUG main            d.u.i.k.j.r.ClassPreparationMethodBuilder clPrepBuilder: Inner Class detected. Reject building class initialisation methods. 
39187      DEBUG main            d.u.i.k.p.i.AbstractProblemLoader Init config took 2.85s 
39276      INFO  main            d.u.i.k.p.i.AbstractProblemLoader Replaying proof DoubleLinkedList[DoubleLinkedList::doUndo(DoubleLinkedList.Node,int)].JML normal_behavior operation contract.0 
40052      DEBUG main            d.u.i.k.p.i.IntermediateProofReplayer Proof replay took 740.17ms 
40053      INFO  main            d.u.i.k.p.r.p.TestFile    ... success: loaded 
40055      INFO  main            d.u.i.k.p.r.p.TestFile    Now processing file /home/runner/work/key/key/key.core/../key.ui/examples/heap/verifyThis15_2_ParallelGcd/parallelGcd.proof 
40055      INFO  main            d.u.i.k.p.i.AbstractProblemLoader Loading environment from /home/runner/work/key/key/key.core/../key.ui/examples/heap/verifyThis15_2_ParallelGcd/parallelGcd.proof 
40056      DEBUG main            d.u.i.k.p.i.AbstractProblemLoader Environment load took 186.7ns 
40057      INFO  main            d.u.i.k.p.i.AbstractProblemLoader Creating init config 
42698      DEBUG main            d.u.i.k.p.i.AbstractProblemLoader Init config took 2.64s 
42748      INFO  main            d.u.i.k.p.i.AbstractProblemLoader Replaying proof ParallelGcd[ParallelGcd::parallelGcd(int,int,[Z)].JML behavior operation contract.0 
43356      DEBUG main            d.u.i.k.p.i.IntermediateProofReplayer Proof replay took 593.55ms 
43358      INFO  main            d.u.i.k.p.r.p.TestFile    ... success: loaded 
5061690    INFO  Test worker     d.u.i.k.p.r.RunAllProofsTestUnit Returning from test reload_examples 
5061692    INFO  Test worker     d.u.i.k.p.r.RunAllProofsTestUnit Running test proofLoadRepair 
328        INFO  Timeout watchdog d.u.i.k.p.r.p.ForkedTestFileRunner Timeout watcher launched (2000 secs.) 
344        WARN  main            d.u.i.k.s.ProofSettings   The settings in /home/runner/.key/proof-settings.props are *not* read. 
372        INFO  main            d.u.i.k.p.r.p.TestFile    Now processing file /home/runner/work/key/key/key.core/../key.ui/examples/proofLoadRepair/disjConj-manipulated.proof 
480        INFO  main            d.u.i.k.p.i.AbstractProblemLoader Loading environment from /home/runner/work/key/key/key.core/../key.ui/examples/proofLoadRepair/disjConj-manipulated.proof 
507        DEBUG main            d.u.i.k.p.i.AbstractProblemLoader Environment load took 2.12ms 
750        INFO  main            d.u.i.k.p.i.AbstractProblemLoader Creating init config 
1751       DEBUG main            d.u.i.k.j.TypeConverter   No LDT found for Meta 
1752       DEBUG main            d.u.i.k.j.TypeConverter   No LDT found for Meta 
1754       DEBUG main            d.u.i.k.j.TypeConverter   No LDT found for Meta 
1755       DEBUG main            d.u.i.k.j.TypeConverter   No LDT found for Meta 
3106       DEBUG main            d.u.i.k.j.TypeConverter   No LDT found for JavaBigintExpression 
7783       DEBUG main            d.u.i.k.p.i.AbstractProblemLoader Init config took 7.03s 
7868       INFO  main            d.u.i.k.p.i.AbstractProblemLoader Replaying proof disjConj-manipulated.proof 
7923       WARN  main            d.u.i.k.p.i.IntermediateProofReplayer Proof contains wrong number of \assumes instatiations for andLeft 
7925       WARN  main            d.u.i.k.p.i.IntermediateProofReplayer Proof contains wrong number of \assumes instatiations for replace_known_right 
7931       WARN  main            d.u.i.k.p.i.IntermediateProofReplayer Proof contains wrong number of \assumes instatiations for close 
7932       DEBUG main            d.u.i.k.p.i.IntermediateProofReplayer Proof replay took 22.06ms 
7937       INFO  main            d.u.i.k.p.r.p.TestFile    ... success: loaded 
7946       INFO  main            d.u.i.k.p.r.p.TestFile    Now processing file /home/runner/work/key/key/key.core/../key.ui/examples/proofLoadRepair/insufficient-manipulated.proof 
7946       INFO  main            d.u.i.k.p.i.AbstractProblemLoader Loading environment from /home/runner/work/key/key/key.core/../key.ui/examples/proofLoadRepair/insufficient-manipulated.proof 
7946       DEBUG main            d.u.i.k.p.i.AbstractProblemLoader Environment load took 222.71ns 
7951       INFO  main            d.u.i.k.p.i.AbstractProblemLoader Creating init config 
10834      DEBUG main            d.u.i.k.p.i.AbstractProblemLoader Init config took 2.88s 
10852      INFO  main            d.u.i.k.p.i.AbstractProblemLoader Replaying proof insufficient-manipulated.proof 
10872      WARN  main            d.u.i.k.p.i.IntermediateProofReplayer Proof contains wrong number of \assumes instatiations for applyEq 
10881      DEBUG main            d.u.i.k.p.i.IntermediateProofReplayer Proof replay took 12ms 
10883      INFO  main            d.u.i.k.p.r.p.TestFile    ... success: loading failed 
10884      INFO  main            d.u.i.k.p.r.p.TestFile    Now processing file /home/runner/work/key/key/key.core/../key.ui/examples/../../key.core/src/test/resources/testcase/issues/1716/incorrectPolarity.proof 
10885      INFO  main            d.u.i.k.p.i.AbstractProblemLoader Loading environment from /home/runner/work/key/key/key.core/../key.ui/examples/../../key.core/src/test/resources/testcase/issues/1716/incorrectPolarity.proof 
10885      DEBUG main            d.u.i.k.p.i.AbstractProblemLoader Environment load took 144.2ns 
10886      INFO  main            d.u.i.k.p.i.AbstractProblemLoader Creating init config 
13623      DEBUG main            d.u.i.k.p.i.AbstractProblemLoader Init config took 2.74s 
13651      INFO  main            d.u.i.k.p.i.AbstractProblemLoader Replaying proof incorrectPolarity.proof 
13655      DEBUG main            d.u.i.k.p.i.IntermediateProofReplayer Proof replay took 217.6ns 
13655      INFO  main            d.u.i.k.p.r.p.TestFile    ... success: loading failed 
13656      INFO  main            d.u.i.k.p.r.p.TestFile    Now processing file /home/runner/work/key/key/key.core/../key.ui/examples/../../key.core/src/test/resources/testcase/issues/1716/incorrectPolarity2.proof 
13657      INFO  main            d.u.i.k.p.i.AbstractProblemLoader Loading environment from /home/runner/work/key/key/key.core/../key.ui/examples/../../key.core/src/test/resources/testcase/issues/1716/incorrectPolarity2.proof 
13657      DEBUG main            d.u.i.k.p.i.AbstractProblemLoader Environment load took 203.81ns 
13658      INFO  main            d.u.i.k.p.i.AbstractProblemLoader Creating init config 
16111      DEBUG main            d.u.i.k.p.i.AbstractProblemLoader Init config took 2.45s 
16134      INFO  main            d.u.i.k.p.i.AbstractProblemLoader Replaying proof incorrectPolarity2.proof 
16137      DEBUG main            d.u.i.k.p.i.IntermediateProofReplayer Proof replay took 407.51ns 
16138      INFO  main            d.u.i.k.p.r.p.TestFile    ... success: loading failed 
16139      INFO  main            d.u.i.k.p.r.p.TestFile    Now processing file /home/runner/work/key/key/key.core/../key.ui/examples/../../key.core/src/test/resources/testcase/issues/1716/incorrectPolarity3.proof 
16139      INFO  main            d.u.i.k.p.i.AbstractProblemLoader Loading environment from /home/runner/work/key/key/key.core/../key.ui/examples/../../key.core/src/test/resources/testcase/issues/1716/incorrectPolarity3.proof 
16139      DEBUG main            d.u.i.k.p.i.AbstractProblemLoader Environment load took 194.4ns 
16140      INFO  main            d.u.i.k.p.i.AbstractProblemLoader Creating init config 
18584      DEBUG main            d.u.i.k.p.i.AbstractProblemLoader Init config took 2.44s 
18606      INFO  main            d.u.i.k.p.i.AbstractProblemLoader Replaying proof incorrectPolarity3.proof 
18610      DEBUG main            d.u.i.k.p.i.IntermediateProofReplayer Proof replay took 1.8ms 
18611      INFO  main            d.u.i.k.p.r.p.TestFile    ... success: loading failed 
5080486    INFO  Test worker     d.u.i.k.p.r.RunAllProofsTestUnit Returning from test proofLoadRepair 
5080487    INFO  Test worker     d.u.i.k.p.r.RunAllProofsTestUnit Running test switch 
395        INFO  Timeout watchdog d.u.i.k.p.r.p.ForkedTestFileRunner Timeout watcher launched (2000 secs.) 
407        WARN  main            d.u.i.k.s.ProofSettings   The settings in /home/runner/.key/proof-settings.props are *not* read. 
466        INFO  main            d.u.i.k.p.r.p.TestFile    Now processing file /home/runner/work/key/key/key.core/../key.ui/examples/standard_key/java_dl/switch/labeled_case.key 
595        INFO  main            d.u.i.k.p.i.AbstractProblemLoader Loading environment from /home/runner/work/key/key/key.core/../key.ui/examples/standard_key/java_dl/switch/labeled_case.key 
621        DEBUG main            d.u.i.k.p.i.AbstractProblemLoader Environment load took 1.84ms 
835        INFO  main            d.u.i.k.p.i.AbstractProblemLoader Creating init config 
1916       DEBUG main            d.u.i.k.j.TypeConverter   No LDT found for Meta 
1916       DEBUG main            d.u.i.k.j.TypeConverter   No LDT found for Meta 
1919       DEBUG main            d.u.i.k.j.TypeConverter   No LDT found for Meta 
1919       DEBUG main            d.u.i.k.j.TypeConverter   No LDT found for Meta 
3487       DEBUG main            d.u.i.k.j.TypeConverter   No LDT found for JavaBigintExpression 
8500       DEBUG main            d.u.i.k.p.i.AbstractProblemLoader Init config took 7.66s 
8626       INFO  main            d.u.i.k.p.i.AbstractProblemLoader Replaying proof LabeledCase[LabeledCase::m(int)].JML normal_behavior operation contract.0 
8663       DEBUG main            d.u.i.k.p.i.IntermediateProofReplayer Proof replay took 38.7ns 
9387       INFO  main            d.u.i.k.p.r.p.TestFile    ... finished proof: closed. 
9488       INFO  main            d.u.i.k.p.i.AbstractProblemLoader Loading environment from /home/runner/work/key/key/key.core/../key.ui/examples/standard_key/java_dl/switch/labeled_case.key.proof 
9488       DEBUG main            d.u.i.k.p.i.AbstractProblemLoader Environment load took 389.71ns 
9490       INFO  main            d.u.i.k.p.i.AbstractProblemLoader Creating init config 
12233      DEBUG main            d.u.i.k.p.i.AbstractProblemLoader Init config took 2.74s 
12304      INFO  main            d.u.i.k.p.i.AbstractProblemLoader Replaying proof LabeledCase[LabeledCase::m(int)].JML normal_behavior operation contract.0 
12365      DEBUG main            d.u.i.k.p.i.IntermediateProofReplayer Proof replay took 55.39ms 
12378      DEBUG main            d.u.i.k.p.r.p.TestFile    ... success: reloaded. 
12382      INFO  main            d.u.i.k.p.r.p.TestFile    Now processing file /home/runner/work/key/key/key.core/../key.ui/examples/standard_key/java_dl/switch/empty_switch.key 
12382      INFO  main            d.u.i.k.p.i.AbstractProblemLoader Loading environment from /home/runner/work/key/key/key.core/../key.ui/examples/standard_key/java_dl/switch/empty_switch.key 
12382      DEBUG main            d.u.i.k.p.i.AbstractProblemLoader Environment load took 144.5ns 
12384      INFO  main            d.u.i.k.p.i.AbstractProblemLoader Creating init config 
14970      DEBUG main            d.u.i.k.p.i.AbstractProblemLoader Init config took 2.59s 
15013      INFO  main            d.u.i.k.p.i.AbstractProblemLoader Replaying proof empty_switch.key 
15016      DEBUG main            d.u.i.k.p.i.IntermediateProofReplayer Proof replay took 7.7ns 
15119      INFO  main            d.u.i.k.p.r.p.TestFile    ... finished proof: closed. 
15243      INFO  main            d.u.i.k.p.i.AbstractProblemLoader Loading environment from /home/runner/work/key/key/key.core/../key.ui/examples/standard_key/java_dl/switch/empty_switch.key.proof 
15243      DEBUG main            d.u.i.k.p.i.AbstractProblemLoader Environment load took 130.8ns 
15244      INFO  main            d.u.i.k.p.i.AbstractProblemLoader Creating init config 
17737      DEBUG main            d.u.i.k.p.i.AbstractProblemLoader Init config took 2.49s 
17762      INFO  main            d.u.i.k.p.i.AbstractProblemLoader Replaying proof empty_switch.key.proof 
17767      DEBUG main            d.u.i.k.p.i.IntermediateProofReplayer Proof replay took 2.16ms 
17768      DEBUG main            d.u.i.k.p.r.p.TestFile    ... success: reloaded. 
17769      INFO  main            d.u.i.k.p.r.p.TestFile    Now processing file /home/runner/work/key/key/key.core/../key.ui/examples/standard_key/java_dl/switch/empty_switch_null.key 
17769      INFO  main            d.u.i.k.p.i.AbstractProblemLoader Loading environment from /home/runner/work/key/key/key.core/../key.ui/examples/standard_key/java_dl/switch/empty_switch_null.key 
17770      DEBUG main            d.u.i.k.p.i.AbstractProblemLoader Environment load took 178.8ns 
17771      INFO  main            d.u.i.k.p.i.AbstractProblemLoader Creating init config 
20293      DEBUG main            d.u.i.k.p.i.AbstractProblemLoader Init config took 2.52s 
20320      INFO  main            d.u.i.k.p.i.AbstractProblemLoader Replaying proof empty_switch_null.key 
20325      DEBUG main            d.u.i.k.p.i.IntermediateProofReplayer Proof replay took 7.5ns 
20528      INFO  main            d.u.i.k.p.r.p.TestFile    ... finished proof: closed. 
20672      INFO  main            d.u.i.k.p.i.AbstractProblemLoader Loading environment from /home/runner/work/key/key/key.core/../key.ui/examples/standard_key/java_dl/switch/empty_switch_null.key.proof 
20672      DEBUG main            d.u.i.k.p.i.AbstractProblemLoader Environment load took 360.41ns 
20678      INFO  main            d.u.i.k.p.i.AbstractProblemLoader Creating init config 
23135      DEBUG main            d.u.i.k.p.i.AbstractProblemLoader Init config took 2.46s 
23156      INFO  main            d.u.i.k.p.i.AbstractProblemLoader Replaying proof empty_switch_null.key.proof 
23190      DEBUG main            d.u.i.k.p.i.IntermediateProofReplayer Proof replay took 30.79ms 
23191      DEBUG main            d.u.i.k.p.r.p.TestFile    ... success: reloaded. 
23192      INFO  main            d.u.i.k.p.r.p.TestFile    Now processing file /home/runner/work/key/key/key.core/../key.ui/examples/standard_key/java_dl/switch/empty_switch_null_catch.key 
23192      INFO  main            d.u.i.k.p.i.AbstractProblemLoader Loading environment from /home/runner/work/key/key/key.core/../key.ui/examples/standard_key/java_dl/switch/empty_switch_null_catch.key 
23192      DEBUG main            d.u.i.k.p.i.AbstractProblemLoader Environment load took 183.1ns 
23193      INFO  main            d.u.i.k.p.i.AbstractProblemLoader Creating init config 
25601      DEBUG main            d.u.i.k.p.i.AbstractProblemLoader Init config took 2.41s 
25623      INFO  main            d.u.i.k.p.i.AbstractProblemLoader Replaying proof empty_switch_null_catch.key 
25624      DEBUG main            d.u.i.k.p.i.IntermediateProofReplayer Proof replay took 6.4ns 
25729      INFO  main            d.u.i.k.p.r.p.TestFile    ... finished proof: closed. 
25916      INFO  main            d.u.i.k.p.i.AbstractProblemLoader Loading environment from /home/runner/work/key/key/key.core/../key.ui/examples/standard_key/java_dl/switch/empty_switch_null_catch.key.proof 
25916      DEBUG main            d.u.i.k.p.i.AbstractProblemLoader Environment load took 132.6ns 
25917      INFO  main            d.u.i.k.p.i.AbstractProblemLoader Creating init config 
28389      DEBUG main            d.u.i.k.p.i.AbstractProblemLoader Init config took 2.47s 
28412      INFO  main            d.u.i.k.p.i.AbstractProblemLoader Replaying proof empty_switch_null_catch.key.proof 
28455      DEBUG main            d.u.i.k.p.i.IntermediateProofReplayer Proof replay took 37.45ms 
28456      DEBUG main            d.u.i.k.p.r.p.TestFile    ... success: reloaded. 
28457      INFO  main            d.u.i.k.p.r.p.TestFile    Now processing file /home/runner/work/key/key/key.core/../key.ui/examples/standard_key/java_dl/switch/empty_switch_array_out_of_bounds.key 
28457      INFO  main            d.u.i.k.p.i.AbstractProblemLoader Loading environment from /home/runner/work/key/key/key.core/../key.ui/examples/standard_key/java_dl/switch/empty_switch_array_out_of_bounds.key 
28457      DEBUG main            d.u.i.k.p.i.AbstractProblemLoader Environment load took 185.6ns 
28458      INFO  main            d.u.i.k.p.i.AbstractProblemLoader Creating init config 
30920      DEBUG main            d.u.i.k.p.i.AbstractProblemLoader Init config took 2.46s 
30941      INFO  main            d.u.i.k.p.i.AbstractProblemLoader Replaying proof empty_switch_array_out_of_bounds.key 
30944      DEBUG main            d.u.i.k.p.i.IntermediateProofReplayer Proof replay took 7.2ns 
31148      INFO  main            d.u.i.k.p.r.p.TestFile    ... finished proof: closed. 
31340      INFO  main            d.u.i.k.p.i.AbstractProblemLoader Loading environment from /home/runner/work/key/key/key.core/../key.ui/examples/standard_key/java_dl/switch/empty_switch_array_out_of_bounds.key.proof 
31340      DEBUG main            d.u.i.k.p.i.AbstractProblemLoader Environment load took 379.91ns 
31342      INFO  main            d.u.i.k.p.i.AbstractProblemLoader Creating init config 
33760      DEBUG main            d.u.i.k.p.i.AbstractProblemLoader Init config took 2.42s 
33783      INFO  main            d.u.i.k.p.i.AbstractProblemLoader Replaying proof empty_switch_array_out_of_bounds.key.proof 
33864      DEBUG main            d.u.i.k.p.i.IntermediateProofReplayer Proof replay took 75.54ms 
33865      DEBUG main            d.u.i.k.p.r.p.TestFile    ... success: reloaded. 
33866      INFO  main            d.u.i.k.p.r.p.TestFile    Now processing file /home/runner/work/key/key/key.core/../key.ui/examples/standard_key/java_dl/switch/empty_switch_array_out_of_bounds_catch.key 
33866      INFO  main            d.u.i.k.p.i.AbstractProblemLoader Loading environment from /home/runner/work/key/key/key.core/../key.ui/examples/standard_key/java_dl/switch/empty_switch_array_out_of_bounds_catch.key 
33867      DEBUG main            d.u.i.k.p.i.AbstractProblemLoader Environment load took 455.01ns 
33868      INFO  main            d.u.i.k.p.i.AbstractProblemLoader Creating init config 
36332      DEBUG main            d.u.i.k.p.i.AbstractProblemLoader Init config took 2.46s 
36355      INFO  main            d.u.i.k.p.i.AbstractProblemLoader Replaying proof empty_switch_array_out_of_bounds_catch.key 
36357      DEBUG main            d.u.i.k.p.i.IntermediateProofReplayer Proof replay took 7.3ns 
36561      INFO  main            d.u.i.k.p.r.p.TestFile    ... finished proof: closed. 
36808      INFO  main            d.u.i.k.p.i.AbstractProblemLoader Loading environment from /home/runner/work/key/key/key.core/../key.ui/examples/standard_key/java_dl/switch/empty_switch_array_out_of_bounds_catch.key.proof 
36808      DEBUG main            d.u.i.k.p.i.AbstractProblemLoader Environment load took 128ns 
36810      INFO  main            d.u.i.k.p.i.AbstractProblemLoader Creating init config 
39161      DEBUG main            d.u.i.k.p.i.AbstractProblemLoader Init config took 2.35s 
39182      INFO  main            d.u.i.k.p.i.AbstractProblemLoader Replaying proof empty_switch_array_out_of_bounds_catch.key.proof 
39222      DEBUG main            d.u.i.k.p.i.IntermediateProofReplayer Proof replay took 36.16ms 
39223      DEBUG main            d.u.i.k.p.r.p.TestFile    ... success: reloaded. 
39224      INFO  main            d.u.i.k.p.r.p.TestFile    Now processing file /home/runner/work/key/key/key.core/../key.ui/examples/standard_key/java_dl/switch/switch_in_switch.key 
39224      INFO  main            d.u.i.k.p.i.AbstractProblemLoader Loading environment from /home/runner/work/key/key/key.core/../key.ui/examples/standard_key/java_dl/switch/switch_in_switch.key 
39224      DEBUG main            d.u.i.k.p.i.AbstractProblemLoader Environment load took 82.2ns 
39225      INFO  main            d.u.i.k.p.i.AbstractProblemLoader Creating init config 
41745      DEBUG main            d.u.i.k.p.i.AbstractProblemLoader Init config took 2.52s 
41801      INFO  main            d.u.i.k.p.i.AbstractProblemLoader Replaying proof SwitchInSwitch[SwitchInSwitch::m(int)].JML normal_behavior operation contract.0 
41803      DEBUG main            d.u.i.k.p.i.IntermediateProofReplayer Proof replay took 7.3ns 
46038      INFO  main            d.u.i.k.p.r.p.TestFile    ... finished proof: closed. 
46275      INFO  main            d.u.i.k.p.i.AbstractProblemLoader Loading environment from /home/runner/work/key/key/key.core/../key.ui/examples/standard_key/java_dl/switch/switch_in_switch.key.proof 
46275      DEBUG main            d.u.i.k.p.i.AbstractProblemLoader Environment load took 378.01ns 
46277      INFO  main            d.u.i.k.p.i.AbstractProblemLoader Creating init config 
48668      DEBUG main            d.u.i.k.p.i.AbstractProblemLoader Init config took 2.39s 
48711      INFO  main            d.u.i.k.p.i.AbstractProblemLoader Replaying proof SwitchInSwitch[SwitchInSwitch::m(int)].JML normal_behavior operation contract.0 
49207      DEBUG main            d.u.i.k.p.i.IntermediateProofReplayer Proof replay took 467.82ms 
49209      DEBUG main            d.u.i.k.p.r.p.TestFile    ... success: reloaded. 
49210      INFO  main            d.u.i.k.p.r.p.TestFile    Now processing file /home/runner/work/key/key/key.core/../key.ui/examples/standard_key/java_dl/switch/while_and_switch.key 
49210      INFO  main            d.u.i.k.p.i.AbstractProblemLoader Loading environment from /home/runner/work/key/key/key.core/../key.ui/examples/standard_key/java_dl/switch/while_and_switch.key 
49210      DEBUG main            d.u.i.k.p.i.AbstractProblemLoader Environment load took 218.6ns 
49211      INFO  main            d.u.i.k.p.i.AbstractProblemLoader Creating init config 
51722      DEBUG main            d.u.i.k.p.i.AbstractProblemLoader Init config took 2.51s 
51765      INFO  main            d.u.i.k.p.i.AbstractProblemLoader Replaying proof WhileAndSwitch[WhileAndSwitch::m(int)].JML normal_behavior operation contract.0 
51767      DEBUG main            d.u.i.k.p.i.IntermediateProofReplayer Proof replay took 8.1ns 
52475      INFO  main            d.u.i.k.p.r.p.TestFile    ... finished proof: closed. 
52689      INFO  main            d.u.i.k.p.i.AbstractProblemLoader Loading environment from /home/runner/work/key/key/key.core/../key.ui/examples/standard_key/java_dl/switch/while_and_switch.key.proof 
52691      DEBUG main            d.u.i.k.p.i.AbstractProblemLoader Environment load took 1.76ms 
52692      INFO  main            d.u.i.k.p.i.AbstractProblemLoader Creating init config 
55084      DEBUG main            d.u.i.k.p.i.AbstractProblemLoader Init config took 2.39s 
55135      INFO  main            d.u.i.k.p.i.AbstractProblemLoader Replaying proof WhileAndSwitch[WhileAndSwitch::m(int)].JML normal_behavior operation contract.0 
55269      DEBUG main            d.u.i.k.p.i.IntermediateProofReplayer Proof replay took 127.55ms 
55270      DEBUG main            d.u.i.k.p.r.p.TestFile    ... success: reloaded. 
55272      INFO  main            d.u.i.k.p.r.p.TestFile    Now processing file /home/runner/work/key/key/key.core/../key.ui/examples/standard_key/java_dl/switch/large_switch.key 
55272      INFO  main            d.u.i.k.p.i.AbstractProblemLoader Loading environment from /home/runner/work/key/key/key.core/../key.ui/examples/standard_key/java_dl/switch/large_switch.key 
55272      DEBUG main            d.u.i.k.p.i.AbstractProblemLoader Environment load took 178.3ns 
55273      INFO  main            d.u.i.k.p.i.AbstractProblemLoader Creating init config 
57740      DEBUG main            d.u.i.k.p.i.AbstractProblemLoader Init config took 2.47s 
57779      INFO  main            d.u.i.k.p.i.AbstractProblemLoader Replaying proof LargeSwitch[LargeSwitch::m(int)].JML normal_behavior operation contract.0 
57780      DEBUG main            d.u.i.k.p.i.IntermediateProofReplayer Proof replay took 6.6ns 
59129      INFO  main            d.u.i.k.p.r.p.TestFile    ... finished proof: closed. 
59331      INFO  main            d.u.i.k.p.i.AbstractProblemLoader Loading environment from /home/runner/work/key/key/key.core/../key.ui/examples/standard_key/java_dl/switch/large_switch.key.proof 
59334      DEBUG main            d.u.i.k.p.i.AbstractProblemLoader Environment load took 2.99ms 
59337      INFO  main            d.u.i.k.p.i.AbstractProblemLoader Creating init config 
61786      DEBUG main            d.u.i.k.p.i.AbstractProblemLoader Init config took 2.45s 
61828      INFO  main            d.u.i.k.p.i.AbstractProblemLoader Replaying proof LargeSwitch[LargeSwitch::m(int)].JML normal_behavior operation contract.0 
62251      DEBUG main            d.u.i.k.p.i.IntermediateProofReplayer Proof replay took 401.99ms 
62254      DEBUG main            d.u.i.k.p.r.p.TestFile    ... success: reloaded. 
5142922    INFO  Test worker     d.u.i.k.p.r.RunAllProofsTestUnit Returning from test switch 
5142923    INFO  Test worker     d.u.i.k.p.r.RunAllProofsTestUnit Running test redux 
371        INFO  Timeout watchdog d.u.i.k.p.r.p.ForkedTestFileRunner Timeout watcher launched (2000 secs.) 
381        WARN  main            d.u.i.k.s.ProofSettings   The settings in /home/runner/.key/proof-settings.props are *not* read. 
430        INFO  main            d.u.i.k.p.r.p.TestFile    Now processing file /home/runner/work/key/key/key.core/../key.ui/examples/redux/arrays/Arrays.copyOf.key 
562        INFO  main            d.u.i.k.p.i.AbstractProblemLoader Loading environment from /home/runner/work/key/key/key.core/../key.ui/examples/redux/arrays/Arrays.copyOf.key 
588        DEBUG main            d.u.i.k.p.i.AbstractProblemLoader Environment load took 2.18ms 
809        INFO  main            d.u.i.k.p.i.AbstractProblemLoader Creating init config 
1749       DEBUG main            d.u.i.k.j.TypeConverter   No LDT found for Meta 
1750       DEBUG main            d.u.i.k.j.TypeConverter   No LDT found for Meta 
1753       DEBUG main            d.u.i.k.j.TypeConverter   No LDT found for Meta 
1753       DEBUG main            d.u.i.k.j.TypeConverter   No LDT found for Meta 
3107       DEBUG main            d.u.i.k.j.TypeConverter   No LDT found for JavaBigintExpression 
9181       DEBUG main            d.u.i.k.p.i.AbstractProblemLoader Init config took 8.37s 
9308       INFO  main            d.u.i.k.p.i.AbstractProblemLoader Replaying proof Arrays[Arrays::copyOf([I,int)].JML normal_behavior operation contract.0 
9341       DEBUG main            d.u.i.k.p.i.IntermediateProofReplayer Proof replay took 35.5ns 
14450      INFO  main            d.u.i.k.p.r.p.TestFile    ... finished proof: closed. 
14640      INFO  main            d.u.i.k.p.i.AbstractProblemLoader Loading environment from /home/runner/work/key/key/key.core/../key.ui/examples/redux/arrays/Arrays.copyOf.key.proof 
14641      DEBUG main            d.u.i.k.p.i.AbstractProblemLoader Environment load took 523.61ns 
14644      INFO  main            d.u.i.k.p.i.AbstractProblemLoader Creating init config 
18178      DEBUG main            d.u.i.k.p.i.AbstractProblemLoader Init config took 3.53s 
18240      INFO  main            d.u.i.k.p.i.AbstractProblemLoader Replaying proof Arrays[Arrays::copyOf([I,int)].JML normal_behavior operation contract.0 
18881      DEBUG main            d.u.i.k.p.i.IntermediateProofReplayer Proof replay took 616.93ms 
18891      DEBUG main            d.u.i.k.p.r.p.TestFile    ... success: reloaded. 
18893      INFO  main            d.u.i.k.p.r.p.TestFile    Now processing file /home/runner/work/key/key/key.core/../key.ui/examples/redux/arrays/Arrays.copyOf.float.key 
18893      INFO  main            d.u.i.k.p.i.AbstractProblemLoader Loading environment from /home/runner/work/key/key/key.core/../key.ui/examples/redux/arrays/Arrays.copyOf.float.key 
18894      DEBUG main            d.u.i.k.p.i.AbstractProblemLoader Environment load took 191.4ns 
18897      INFO  main            d.u.i.k.p.i.AbstractProblemLoader Creating init config 
22316      DEBUG main            d.u.i.k.p.i.AbstractProblemLoader Init config took 3.42s 
22407      INFO  main            d.u.i.k.p.i.AbstractProblemLoader Replaying proof Arrays[Arrays::copyOf([F,int)].JML normal_behavior operation contract.0 
22409      DEBUG main            d.u.i.k.p.i.IntermediateProofReplayer Proof replay took 7.2ns 
22436      DEBUG main            d.u.i.k.m.s.ProofScriptEngine 1: 'macro autopilot' 
26809      DEBUG main            d.u.i.k.m.s.ProofScriptEngine 2: 'smt solver=Z3' 
26894      INFO  main            d.u.i.k.m.s.SMTCommand    Finished run on goal 17 in 55ms, result is valid 
26895      DEBUG main            d.u.i.k.m.s.ProofScriptEngine 3: 'tryclose' 
28684      INFO  main            d.u.i.k.p.r.p.TestFile    ... finished proof: closed. 
28882      INFO  main            d.u.i.k.p.i.AbstractProblemLoader Loading environment from /home/runner/work/key/key/key.core/../key.ui/examples/redux/arrays/Arrays.copyOf.float.key.proof 
28883      DEBUG main            d.u.i.k.p.i.AbstractProblemLoader Environment load took 208.6ns 
28890      INFO  main            d.u.i.k.p.i.AbstractProblemLoader Creating init config 
32186      DEBUG main            d.u.i.k.p.i.AbstractProblemLoader Init config took 3.3s 
32244      INFO  main            d.u.i.k.p.i.AbstractProblemLoader Replaying proof Arrays[Arrays::copyOf([F,int)].JML normal_behavior operation contract.0 
32368      INFO  main            d.u.i.k.s.SMTFocusResults Analyzing unsat core: (L_6) 
33079      DEBUG main            d.u.i.k.p.i.IntermediateProofReplayer Proof replay took 780.28ms 
33081      DEBUG main            d.u.i.k.p.r.p.TestFile    ... success: reloaded. 
33083      INFO  main            d.u.i.k.p.r.p.TestFile    Now processing file /home/runner/work/key/key/key.core/../key.ui/examples/redux/arrays/Arrays.copyOfRange.key 
33083      INFO  main            d.u.i.k.p.i.AbstractProblemLoader Loading environment from /home/runner/work/key/key/key.core/../key.ui/examples/redux/arrays/Arrays.copyOfRange.key 
33083      DEBUG main            d.u.i.k.p.i.AbstractProblemLoader Environment load took 108.7ns 
33085      INFO  main            d.u.i.k.p.i.AbstractProblemLoader Creating init config 
36605      DEBUG main            d.u.i.k.p.i.AbstractProblemLoader Init config took 3.52s 
36675      INFO  main            d.u.i.k.p.i.AbstractProblemLoader Replaying proof Arrays[Arrays::copyOfRange([I,int,int)].JML normal_behavior operation contract.0 
36677      DEBUG main            d.u.i.k.p.i.IntermediateProofReplayer Proof replay took 6.5ns 
41532      INFO  main            d.u.i.k.p.r.p.TestFile    ... finished proof: closed. 
41800      INFO  main            d.u.i.k.p.i.AbstractProblemLoader Loading environment from /home/runner/work/key/key/key.core/../key.ui/examples/redux/arrays/Arrays.copyOfRange.key.proof 
41812      DEBUG main            d.u.i.k.p.i.AbstractProblemLoader Environment load took 10.46ms 
41897      INFO  main            d.u.i.k.p.i.AbstractProblemLoader Creating init config 
45595      DEBUG main            d.u.i.k.p.i.AbstractProblemLoader Init config took 3.7s 
45640      INFO  main            d.u.i.k.p.i.AbstractProblemLoader Replaying proof Arrays[Arrays::copyOfRange([I,int,int)].JML normal_behavior operation contract.0 
46252      DEBUG main            d.u.i.k.p.i.IntermediateProofReplayer Proof replay took 592.78ms 
46253      DEBUG main            d.u.i.k.p.r.p.TestFile    ... success: reloaded. 
46254      INFO  main            d.u.i.k.p.r.p.TestFile    Now processing file /home/runner/work/key/key/key.core/../key.ui/examples/redux/arrays/Arrays.copyOfRange.float.key 
46255      INFO  main            d.u.i.k.p.i.AbstractProblemLoader Loading environment from /home/runner/work/key/key/key.core/../key.ui/examples/redux/arrays/Arrays.copyOfRange.float.key 
46255      DEBUG main            d.u.i.k.p.i.AbstractProblemLoader Environment load took 152.7ns 
46256      INFO  main            d.u.i.k.p.i.AbstractProblemLoader Creating init config 
49900      DEBUG main            d.u.i.k.p.i.AbstractProblemLoader Init config took 3.64s 
49942      INFO  main            d.u.i.k.p.i.AbstractProblemLoader Replaying proof Arrays[Arrays::copyOfRange([F,int,int)].JML normal_behavior operation contract.0 
49943      DEBUG main            d.u.i.k.p.i.IntermediateProofReplayer Proof replay took 6.7ns 
49944      DEBUG main            d.u.i.k.m.s.ProofScriptEngine 1: 'macro autopilot' 
56780      DEBUG main            d.u.i.k.m.s.ProofScriptEngine 2: 'smt solver=Z3' 
56861      INFO  main            d.u.i.k.m.s.SMTCommand    Finished run on goal 27 in 38ms, result is valid 
56861      DEBUG main            d.u.i.k.m.s.ProofScriptEngine 3: 'tryclose' 
60784      INFO  main            d.u.i.k.p.r.p.TestFile    ... finished proof: closed. 
61092      INFO  main            d.u.i.k.p.i.AbstractProblemLoader Loading environment from /home/runner/work/key/key/key.core/../key.ui/examples/redux/arrays/Arrays.copyOfRange.float.key.proof 
61092      DEBUG main            d.u.i.k.p.i.AbstractProblemLoader Environment load took 195ns 
61094      INFO  main            d.u.i.k.p.i.AbstractProblemLoader Creating init config 
64757      DEBUG main            d.u.i.k.p.i.AbstractProblemLoader Init config took 3.66s 
64799      INFO  main            d.u.i.k.p.i.AbstractProblemLoader Replaying proof Arrays[Arrays::copyOfRange([F,int,int)].JML normal_behavior operation contract.0 
64874      INFO  main            d.u.i.k.s.SMTFocusResults Analyzing unsat core: (L_8) 
65958      DEBUG main            d.u.i.k.p.i.IntermediateProofReplayer Proof replay took 1.14s 
65961      DEBUG main            d.u.i.k.p.r.p.TestFile    ... success: reloaded. 
65964      INFO  main            d.u.i.k.p.r.p.TestFile    Now processing file /home/runner/work/key/key/key.core/../key.ui/examples/redux/arrays/Arrays.equals.key 
65964      INFO  main            d.u.i.k.p.i.AbstractProblemLoader Loading environment from /home/runner/work/key/key/key.core/../key.ui/examples/redux/arrays/Arrays.equals.key 
65964      DEBUG main            d.u.i.k.p.i.AbstractProblemLoader Environment load took 191.2ns 
65965      INFO  main            d.u.i.k.p.i.AbstractProblemLoader Creating init config 
69914      DEBUG main            d.u.i.k.p.i.AbstractProblemLoader Init config took 3.95s 
69961      INFO  main            d.u.i.k.p.i.AbstractProblemLoader Replaying proof Arrays[Arrays::equals([B,[B)].JML normal_behavior operation contract.0 
69962      DEBUG main            d.u.i.k.p.i.IntermediateProofReplayer Proof replay took 7.6ns 
70568      INFO  main            d.u.i.k.p.r.p.TestFile    ... finished proof: closed. 
70811      INFO  main            d.u.i.k.p.i.AbstractProblemLoader Loading environment from /home/runner/work/key/key/key.core/../key.ui/examples/redux/arrays/Arrays.equals.key.proof 
70811      DEBUG main            d.u.i.k.p.i.AbstractProblemLoader Environment load took 397.51ns 
70812      INFO  main            d.u.i.k.p.i.AbstractProblemLoader Creating init config 
74418      DEBUG main            d.u.i.k.p.i.AbstractProblemLoader Init config took 3.61s 
74458      INFO  main            d.u.i.k.p.i.AbstractProblemLoader Replaying proof Arrays[Arrays::equals([B,[B)].JML normal_behavior operation contract.0 
74703      DEBUG main            d.u.i.k.p.i.IntermediateProofReplayer Proof replay took 241.96ms 
74704      DEBUG main            d.u.i.k.p.r.p.TestFile    ... success: reloaded. 
74705      INFO  main            d.u.i.k.p.r.p.TestFile    Now processing file /home/runner/work/key/key/key.core/../key.ui/examples/redux/arrays/Arrays.fill.key 
74705      INFO  main            d.u.i.k.p.i.AbstractProblemLoader Loading environment from /home/runner/work/key/key/key.core/../key.ui/examples/redux/arrays/Arrays.fill.key 
74705      DEBUG main            d.u.i.k.p.i.AbstractProblemLoader Environment load took 66.2ns 
74706      INFO  main            d.u.i.k.p.i.AbstractProblemLoader Creating init config 
78157      DEBUG main            d.u.i.k.p.i.AbstractProblemLoader Init config took 3.45s 
78196      INFO  main            d.u.i.k.p.i.AbstractProblemLoader Replaying proof Arrays[Arrays::fill([I,int)].JML normal_behavior operation contract.0 
78197      DEBUG main            d.u.i.k.p.i.IntermediateProofReplayer Proof replay took 7.1ns 
78403      INFO  main            d.u.i.k.p.r.p.TestFile    ... finished proof: closed. 
78583      INFO  main            d.u.i.k.p.i.AbstractProblemLoader Loading environment from /home/runner/work/key/key/key.core/../key.ui/examples/redux/arrays/Arrays.fill.key.proof 
78583      DEBUG main            d.u.i.k.p.i.AbstractProblemLoader Environment load took 132.9ns 
78584      INFO  main            d.u.i.k.p.i.AbstractProblemLoader Creating init config 
82327      DEBUG main            d.u.i.k.p.i.AbstractProblemLoader Init config took 3.74s 
82369      INFO  main            d.u.i.k.p.i.AbstractProblemLoader Replaying proof Arrays[Arrays::fill([I,int)].JML normal_behavior operation contract.0 
82402      DEBUG main            d.u.i.k.p.i.IntermediateProofReplayer Proof replay took 30.84ms 
82403      DEBUG main            d.u.i.k.p.r.p.TestFile    ... success: reloaded. 
82404      INFO  main            d.u.i.k.p.r.p.TestFile    Now processing file /home/runner/work/key/key/key.core/../key.ui/examples/redux/arrays/Arrays.fill.float.key 
82404      INFO  main            d.u.i.k.p.i.AbstractProblemLoader Loading environment from /home/runner/work/key/key/key.core/../key.ui/examples/redux/arrays/Arrays.fill.float.key 
82404      DEBUG main            d.u.i.k.p.i.AbstractProblemLoader Environment load took 183.9ns 
82405      INFO  main            d.u.i.k.p.i.AbstractProblemLoader Creating init config 
86098      DEBUG main            d.u.i.k.p.i.AbstractProblemLoader Init config took 3.69s 
86137      INFO  main            d.u.i.k.p.i.AbstractProblemLoader Replaying proof Arrays[Arrays::fill([F,float)].JML normal_behavior operation contract.0 
86139      DEBUG main            d.u.i.k.p.i.IntermediateProofReplayer Proof replay took 6.7ns 
86391      INFO  main            d.u.i.k.p.r.p.TestFile    ... finished proof: closed. 
86610      INFO  main            d.u.i.k.p.i.AbstractProblemLoader Loading environment from /home/runner/work/key/key/key.core/../key.ui/examples/redux/arrays/Arrays.fill.float.key.proof 
86611      DEBUG main            d.u.i.k.p.i.AbstractProblemLoader Environment load took 130.2ns 
86612      INFO  main            d.u.i.k.p.i.AbstractProblemLoader Creating init config 
90254      DEBUG main            d.u.i.k.p.i.AbstractProblemLoader Init config took 3.64s 
90291      INFO  main            d.u.i.k.p.i.AbstractProblemLoader Replaying proof Arrays[Arrays::fill([F,float)].JML normal_behavior operation contract.0 
90335      DEBUG main            d.u.i.k.p.i.IntermediateProofReplayer Proof replay took 41.54ms 
90336      DEBUG main            d.u.i.k.p.r.p.TestFile    ... success: reloaded. 
90337      INFO  main            d.u.i.k.p.r.p.TestFile    Now processing file /home/runner/work/key/key/key.core/../key.ui/examples/redux/arrays/Arrays.fillFromTo.key 
90338      INFO  main            d.u.i.k.p.i.AbstractProblemLoader Loading environment from /home/runner/work/key/key/key.core/../key.ui/examples/redux/arrays/Arrays.fillFromTo.key 
90338      DEBUG main            d.u.i.k.p.i.AbstractProblemLoader Environment load took 188.91ns 
90339      INFO  main            d.u.i.k.p.i.AbstractProblemLoader Creating init config 
93952      DEBUG main            d.u.i.k.p.i.AbstractProblemLoader Init config took 3.61s 
93988      INFO  main            d.u.i.k.p.i.AbstractProblemLoader Replaying proof Arrays[Arrays::fill([I,int,int,int)].JML normal_behavior operation contract.0 
93990      DEBUG main            d.u.i.k.p.i.IntermediateProofReplayer Proof replay took 6.8ns 
94595      INFO  main            d.u.i.k.p.r.p.TestFile    ... finished proof: closed. 
94871      INFO  main            d.u.i.k.p.i.AbstractProblemLoader Loading environment from /home/runner/work/key/key/key.core/../key.ui/examples/redux/arrays/Arrays.fillFromTo.key.proof 
94871      DEBUG main            d.u.i.k.p.i.AbstractProblemLoader Environment load took 129.9ns 
94872      INFO  main            d.u.i.k.p.i.AbstractProblemLoader Creating init config 
98522      DEBUG main            d.u.i.k.p.i.AbstractProblemLoader Init config took 3.65s 
98561      INFO  main            d.u.i.k.p.i.AbstractProblemLoader Replaying proof Arrays[Arrays::fill([I,int,int,int)].JML normal_behavior operation contract.0 
98678      DEBUG main            d.u.i.k.p.i.IntermediateProofReplayer Proof replay took 111.83ms 
98680      DEBUG main            d.u.i.k.p.r.p.TestFile    ... success: reloaded. 
98681      INFO  main            d.u.i.k.p.r.p.TestFile    Now processing file /home/runner/work/key/key/key.core/../key.ui/examples/redux/arrays/Arrays.fillFromTo.float.key 
98681      INFO  main            d.u.i.k.p.i.AbstractProblemLoader Loading environment from /home/runner/work/key/key/key.core/../key.ui/examples/redux/arrays/Arrays.fillFromTo.float.key 
98681      DEBUG main            d.u.i.k.p.i.AbstractProblemLoader Environment load took 198.41ns 
98682      INFO  main            d.u.i.k.p.i.AbstractProblemLoader Creating init config 
102349     DEBUG main            d.u.i.k.p.i.AbstractProblemLoader Init config took 3.67s 
102385     INFO  main            d.u.i.k.p.i.AbstractProblemLoader Replaying proof Arrays[Arrays::fill([F,int,int,float)].JML normal_behavior operation contract.0 
102386     DEBUG main            d.u.i.k.p.i.IntermediateProofReplayer Proof replay took 8.3ns 
103093     INFO  main            d.u.i.k.p.r.p.TestFile    ... finished proof: closed. 
103324     INFO  main            d.u.i.k.p.i.AbstractProblemLoader Loading environment from /home/runner/work/key/key/key.core/../key.ui/examples/redux/arrays/Arrays.fillFromTo.float.key.proof 
103324     DEBUG main            d.u.i.k.p.i.AbstractProblemLoader Environment load took 140.4ns 
103325     INFO  main            d.u.i.k.p.i.AbstractProblemLoader Creating init config 
106936     DEBUG main            d.u.i.k.p.i.AbstractProblemLoader Init config took 3.61s 
106973     INFO  main            d.u.i.k.p.i.AbstractProblemLoader Replaying proof Arrays[Arrays::fill([F,int,int,float)].JML normal_behavior operation contract.0 
107118     DEBUG main            d.u.i.k.p.i.IntermediateProofReplayer Proof replay took 138.51ms 
107120     DEBUG main            d.u.i.k.p.r.p.TestFile    ... success: reloaded. 
107128     INFO  main            d.u.i.k.p.r.p.TestFile    Now processing file /home/runner/work/key/key/key.core/../key.ui/examples/redux/arrays/ArrayCopy.arraycopy.normal.0.key 
107134     INFO  main            d.u.i.k.p.i.AbstractProblemLoader Loading environment from /home/runner/work/key/key/key.core/../key.ui/examples/redux/arrays/ArrayCopy.arraycopy.normal.0.key 
107137     DEBUG main            d.u.i.k.p.i.AbstractProblemLoader Environment load took 1.98ms 
107171     INFO  main            d.u.i.k.p.i.AbstractProblemLoader Creating init config 
110828     DEBUG main            d.u.i.k.p.i.AbstractProblemLoader Init config took 3.66s 
110862     INFO  main            d.u.i.k.p.i.AbstractProblemLoader Replaying proof ArrayCopy[ArrayCopy::arraycopy(java.lang.Object,int,java.lang.Object,int,int)].JML normal_behavior operation contract.0 
110863     DEBUG main            d.u.i.k.p.i.IntermediateProofReplayer Proof replay took 6.7ns 
117440     INFO  main            d.u.i.k.p.r.p.TestFile    ... finished proof: closed. 
117669     INFO  main            d.u.i.k.p.i.AbstractProblemLoader Loading environment from /home/runner/work/key/key/key.core/../key.ui/examples/redux/arrays/ArrayCopy.arraycopy.normal.0.key.proof 
117669     DEBUG main            d.u.i.k.p.i.AbstractProblemLoader Environment load took 404.81ns 
117671     INFO  main            d.u.i.k.p.i.AbstractProblemLoader Creating init config 
121078     DEBUG main            d.u.i.k.p.i.AbstractProblemLoader Init config took 3.41s 
121113     INFO  main            d.u.i.k.p.i.AbstractProblemLoader Replaying proof ArrayCopy[ArrayCopy::arraycopy(java.lang.Object,int,java.lang.Object,int,int)].JML normal_behavior operation contract.0 
122117     DEBUG main            d.u.i.k.p.i.IntermediateProofReplayer Proof replay took 987.23ms 
122119     DEBUG main            d.u.i.k.p.r.p.TestFile    ... success: reloaded. 
122120     INFO  main            d.u.i.k.p.r.p.TestFile    Now processing file /home/runner/work/key/key/key.core/../key.ui/examples/redux/arrays/ArrayCopy.arraycopy.exceptional.0.key 
122120     INFO  main            d.u.i.k.p.i.AbstractProblemLoader Loading environment from /home/runner/work/key/key/key.core/../key.ui/examples/redux/arrays/ArrayCopy.arraycopy.exceptional.0.key 
122120     DEBUG main            d.u.i.k.p.i.AbstractProblemLoader Environment load took 192.8ns 
122121     INFO  main            d.u.i.k.p.i.AbstractProblemLoader Creating init config 
125500     DEBUG main            d.u.i.k.p.i.AbstractProblemLoader Init config took 3.38s 
125565     INFO  main            d.u.i.k.p.i.AbstractProblemLoader Replaying proof ArrayCopy[ArrayCopy::arraycopy(java.lang.Object,int,java.lang.Object,int,int)].JML exceptional_behavior operation contract.0 
125566     DEBUG main            d.u.i.k.p.i.IntermediateProofReplayer Proof replay took 7.3ns 
125970     INFO  main            d.u.i.k.p.r.p.TestFile    ... finished proof: closed. 
126238     INFO  main            d.u.i.k.p.i.AbstractProblemLoader Loading environment from /home/runner/work/key/key/key.core/../key.ui/examples/redux/arrays/ArrayCopy.arraycopy.exceptional.0.key.proof 
126239     DEBUG main            d.u.i.k.p.i.AbstractProblemLoader Environment load took 129.9ns 
126240     INFO  main            d.u.i.k.p.i.AbstractProblemLoader Creating init config 
129457     DEBUG main            d.u.i.k.p.i.AbstractProblemLoader Init config took 3.22s 
129491     INFO  main            d.u.i.k.p.i.AbstractProblemLoader Replaying proof ArrayCopy[ArrayCopy::arraycopy(java.lang.Object,int,java.lang.Object,int,int)].JML exceptional_behavior operation contract.0 
129600     DEBUG main            d.u.i.k.p.i.IntermediateProofReplayer Proof replay took 105.96ms 
129601     DEBUG main            d.u.i.k.p.r.p.TestFile    ... success: reloaded. 
129602     INFO  main            d.u.i.k.p.r.p.TestFile    Now processing file /home/runner/work/key/key/key.core/../key.ui/examples/redux/arrays/ArrayCopy.arraycopy.exceptional.1.key 
129602     INFO  main            d.u.i.k.p.i.AbstractProblemLoader Loading environment from /home/runner/work/key/key/key.core/../key.ui/examples/redux/arrays/ArrayCopy.arraycopy.exceptional.1.key 
129602     DEBUG main            d.u.i.k.p.i.AbstractProblemLoader Environment load took 78.1ns 
129603     INFO  main            d.u.i.k.p.i.AbstractProblemLoader Creating init config 
133012     DEBUG main            d.u.i.k.p.i.AbstractProblemLoader Init config took 3.41s 
133045     INFO  main            d.u.i.k.p.i.AbstractProblemLoader Replaying proof ArrayCopy[ArrayCopy::arraycopy(java.lang.Object,int,java.lang.Object,int,int)].JML exceptional_behavior operation contract.1 
133046     DEBUG main            d.u.i.k.p.i.IntermediateProofReplayer Proof replay took 6.5ns 
139205     INFO  main            d.u.i.k.p.r.p.TestFile    ... finished proof: closed. 
139452     INFO  main            d.u.i.k.p.i.AbstractProblemLoader Loading environment from /home/runner/work/key/key/key.core/../key.ui/examples/redux/arrays/ArrayCopy.arraycopy.exceptional.1.key.proof 
139452     DEBUG main            d.u.i.k.p.i.AbstractProblemLoader Environment load took 140.3ns 
139454     INFO  main            d.u.i.k.p.i.AbstractProblemLoader Creating init config 
142717     DEBUG main            d.u.i.k.p.i.AbstractProblemLoader Init config took 3.26s 
142793     INFO  main            d.u.i.k.p.i.AbstractProblemLoader Replaying proof ArrayCopy[ArrayCopy::arraycopy(java.lang.Object,int,java.lang.Object,int,int)].JML exceptional_behavior operation contract.1 
144461     DEBUG main            d.u.i.k.p.i.IntermediateProofReplayer Proof replay took 1.65s 
144464     DEBUG main            d.u.i.k.p.r.p.TestFile    ... success: reloaded. 
5287574    INFO  Test worker     d.u.i.k.p.r.RunAllProofsTestUnit Returning from test redux 
]]></system-out>
  <system-err><![CDATA[]]></system-err>
</testsuite>
