<?xml version="1.0" encoding="UTF-8"?>
<testsuite name="de.uka.ilkd.key.testcase.smt.testgen.TestTestgen" tests="1" skipped="0" failures="0" errors="0" timestamp="2023-06-05T08:33:52" hostname="fv-az790-687" time="6.003">
  <properties/>
  <testcase name="testMiddle()" classname="de.uka.ilkd.key.testcase.smt.testgen.TestTestgen" time="6.003"/>
  <system-out><![CDATA[18772      WARN  Test worker     d.u.i.k.t.s.t.TestTestgen Warning: Z3_CE is not installed, tests skipped. 
18772      WARN  Test worker     d.u.i.k.t.s.t.TestTestgen Maybe use JVM system property "z3SolverPath" to define the path to the Z3 command. 
18774      INFO  Test worker     d.u.i.k.p.i.AbstractProblemLoader Loading environment from src/test/resources/testcase/smt/tg/middle.key 
18774      DEBUG Test worker     d.u.i.k.p.i.AbstractProblemLoader Environment load took 390.8ns 
18777      INFO  Test worker     d.u.i.k.p.i.AbstractProblemLoader Creating init config 
23988      DEBUG Test worker     d.u.i.k.p.i.AbstractProblemLoader Init config took 5.21s 
24100      INFO  Test worker     d.u.i.k.p.i.AbstractProblemLoader Replaying proof Middle[Middle::middle(int,int,int)].JML normal_behavior operation contract.0 
24104      DEBUG Test worker     d.u.i.k.p.i.IntermediateProofReplayer Proof replay took 17ns 
]]></system-out>
  <system-err><![CDATA[]]></system-err>
</testsuite>
