<?xml version="1.0" encoding="UTF-8"?>
<testsuite name="de.uka.ilkd.key.testcase.smt.testgen.TestTestgen" tests="1" skipped="0" failures="0" errors="0" timestamp="2023-04-26T11:41:16" hostname="fv-az456-472" time="5.343">
  <properties/>
  <testcase name="testMiddle()" classname="de.uka.ilkd.key.testcase.smt.testgen.TestTestgen" time="5.343"/>
  <system-out><![CDATA[17446      WARN  Test worker     d.u.i.k.t.s.t.TestTestgen Warning: Z3_CE is not installed, tests skipped. 
17446      WARN  Test worker     d.u.i.k.t.s.t.TestTestgen Maybe use JVM system property "z3SolverPath" to define the path to the Z3 command. 
17446      INFO  Test worker     d.u.i.k.p.i.AbstractProblemLoader Loading environment from src\test\resources\testcase\smt\tg\middle.key 
17446      DEBUG Test worker     d.u.i.k.p.i.AbstractProblemLoader Environment load took 445.8ns 
17462      INFO  Test worker     d.u.i.k.p.i.AbstractProblemLoader Creating init config 
21744      DEBUG Test worker     d.u.i.k.p.i.AbstractProblemLoader Init config took 4.29s 
21885      INFO  Test worker     d.u.i.k.p.i.AbstractProblemLoader Replaying proof Middle[Middle::middle(int,int,int)].JML normal_behavior operation contract.0 
21901      DEBUG Test worker     d.u.i.k.p.i.IntermediateProofReplayer Proof replay took 16ns 
]]></system-out>
  <system-err><![CDATA[]]></system-err>
</testsuite>
