<?xml version="1.0" encoding="UTF-8"?>
<testsuite name="de.uka.ilkd.key.parser.TestTermParserSorts" tests="2" skipped="0" failures="0" errors="0" timestamp="2023-04-24T21:16:16" hostname="fv-az1113-423" time="3.491">
  <properties/>
  <testcase name="testParseIntegerArgs()" classname="de.uka.ilkd.key.parser.TestTermParserSorts" time="0.022"/>
  <testcase name="testParseSequencePrettySyntax()" classname="de.uka.ilkd.key.parser.TestTermParserSorts" time="0.005"/>
  <system-out><![CDATA[527730     INFO  Test worker     d.u.i.k.n.KeyIO           Parsing took 0 ms 
527730     DEBUG Test worker     d.u.i.k.n.KeyIO           Load declarations of de.uka.ilkd.key.nparser.KeyAst$File:  <unknown>:1#1 
527730     INFO  Test worker     d.u.i.k.n.KeyIO           MODE: declarations took 0 ms 
527730     DEBUG Test worker     d.u.i.k.n.KeyIO           MODE: 2nd degree decls took 0 
527730     INFO  Test worker     d.u.i.k.n.KeyIO           Parsing took 0 ms 
527730     DEBUG Test worker     d.u.i.k.n.KeyIO           Load declarations of de.uka.ilkd.key.nparser.KeyAst$File:  <unknown>:1#1 
527730     INFO  Test worker     d.u.i.k.n.KeyIO           MODE: declarations took 0 ms 
527730     DEBUG Test worker     d.u.i.k.n.KeyIO           MODE: 2nd degree decls took 0 
527730     INFO  Test worker     d.u.i.k.n.KeyIO           Parsing took 0 ms 
527730     DEBUG Test worker     d.u.i.k.n.KeyIO           Load declarations of de.uka.ilkd.key.nparser.KeyAst$File:  <unknown>:1#1 
527730     INFO  Test worker     d.u.i.k.n.KeyIO           MODE: declarations took 0 ms 
527730     DEBUG Test worker     d.u.i.k.n.KeyIO           MODE: 2nd degree decls took 0 
531216     INFO  Test worker     d.u.i.k.n.KeyIO           Parsing took 0 ms 
531216     DEBUG Test worker     d.u.i.k.n.KeyIO           Load declarations of de.uka.ilkd.key.nparser.KeyAst$File:  <unknown>:1#1 
531216     INFO  Test worker     d.u.i.k.n.KeyIO           MODE: declarations took 0 ms 
531231     DEBUG Test worker     d.u.i.k.n.KeyIO           MODE: 2nd degree decls took 0 
531231     INFO  Test worker     d.u.i.k.n.KeyIO           Parsing took 0 ms 
531231     DEBUG Test worker     d.u.i.k.n.KeyIO           Load declarations of de.uka.ilkd.key.nparser.KeyAst$File:  <unknown>:1#1 
531231     INFO  Test worker     d.u.i.k.n.KeyIO           MODE: declarations took 0 ms 
531231     DEBUG Test worker     d.u.i.k.n.KeyIO           MODE: 2nd degree decls took 0 
531231     INFO  Test worker     d.u.i.k.n.KeyIO           Parsing took 0 ms 
531231     DEBUG Test worker     d.u.i.k.n.KeyIO           Load declarations of de.uka.ilkd.key.nparser.KeyAst$File:  <unknown>:1#1 
531231     INFO  Test worker     d.u.i.k.n.KeyIO           MODE: declarations took 0 ms 
531231     DEBUG Test worker     d.u.i.k.n.KeyIO           MODE: 2nd degree decls took 0 
]]></system-out>
  <system-err><![CDATA[]]></system-err>
</testsuite>
