<?xml version="1.0" encoding="UTF-8"?>
<testsuite name="de.uka.ilkd.key.rule.merge.PredicateAbstractionLatticeTests" tests="3" skipped="0" failures="0" errors="0" timestamp="2023-04-24T21:18:45" hostname="fv-az1113-423" time="7.297">
  <properties/>
  <testcase name="testToAndFromString()" classname="de.uka.ilkd.key.rule.merge.PredicateAbstractionLatticeTests" time="3.655"/>
  <testcase name="testCreateSignLatticeWithPredicates()" classname="de.uka.ilkd.key.rule.merge.PredicateAbstractionLatticeTests" time="3.642"/>
  <testcase name="testTrivialPredicatesLattice()" classname="de.uka.ilkd.key.rule.merge.PredicateAbstractionLatticeTests" time="0.0"/>
  <system-out><![CDATA[676662     INFO  Test worker     d.u.i.k.p.i.AbstractProblemLoader Loading environment from src\test\resources\testcase\merge\dummy.key 
676662     DEBUG Test worker     d.u.i.k.p.i.AbstractProblemLoader Environment load took 112.7ns 
676662     INFO  Test worker     d.u.i.k.p.i.AbstractProblemLoader Creating init config 
680304     DEBUG Test worker     d.u.i.k.p.i.AbstractProblemLoader Init config took 3.63s 
680319     INFO  Test worker     d.u.i.k.p.i.AbstractProblemLoader Replaying proof dummy.key 
680319     DEBUG Test worker     d.u.i.k.p.i.IntermediateProofReplayer Proof replay took 8.9ns 
680335     INFO  Test worker     d.u.i.k.p.i.AbstractProblemLoader Loading environment from src\test\resources\testcase\merge\dummy.key 
680335     DEBUG Test worker     d.u.i.k.p.i.AbstractProblemLoader Environment load took 454.9ns 
680335     INFO  Test worker     d.u.i.k.p.i.AbstractProblemLoader Creating init config 
683930     DEBUG Test worker     d.u.i.k.p.i.AbstractProblemLoader Init config took 3.6s 
683946     INFO  Test worker     d.u.i.k.p.i.AbstractProblemLoader Replaying proof dummy.key 
683946     DEBUG Test worker     d.u.i.k.p.i.IntermediateProofReplayer Proof replay took 8.2ns 
]]></system-out>
  <system-err><![CDATA[]]></system-err>
</testsuite>
