<?xml version="1.0" encoding="UTF-8"?>
<testsuite name="de.uka.ilkd.key.proof.io.consistency.TestProofBundleIO" tests="3" skipped="0" failures="0" errors="0" timestamp="2023-04-24T21:16:35" hostname="fv-az1113-423" time="9.031">
  <properties/>
  <testcase name="testSimpleFileRepo()" classname="de.uka.ilkd.key.proof.io.consistency.TestProofBundleIO" time="0.04"/>
  <testcase name="testComplexBundleGeneration()" classname="de.uka.ilkd.key.proof.io.consistency.TestProofBundleIO" time="1.771"/>
  <testcase name="testSimpleBundleGeneration()" classname="de.uka.ilkd.key.proof.io.consistency.TestProofBundleIO" time="7.22"/>
  <system-out><![CDATA[546586     INFO  Test worker     d.u.i.k.p.i.AbstractProblemLoader Loading environment from D:\a\key\key\key.core\src\test\resources\testcase\proofBundle\complexBundleGeneration\test.key 
546586     DEBUG Test worker     d.u.i.k.p.i.AbstractProblemLoader Environment load took 170.2ns 
546586     INFO  Test worker     d.u.i.k.p.i.AbstractProblemLoader Creating init config 
547227     DEBUG Test worker     d.u.i.k.p.i.AbstractProblemLoader Init config took 634.49ms 
547258     INFO  Test worker     d.u.i.k.p.i.AbstractProblemLoader Replaying proof Test[Test::constant()].JML normal_behavior operation contract.0 
547258     DEBUG Test worker     d.u.i.k.p.i.IntermediateProofReplayer Proof replay took 9.3ns 
547571     INFO  Test worker     d.u.i.k.p.i.AbstractProblemLoader Loading environment from D:\a\key\key\key.core\src\test\resources\testcase\proofBundle\complexBundleGeneration\test.zproof 
547680     DEBUG Test worker     d.u.i.k.p.i.AbstractProblemLoader Environment load took 103.94ms 
547680     INFO  Test worker     d.u.i.k.p.i.AbstractProblemLoader Creating init config 
548275     DEBUG Test worker     d.u.i.k.p.i.AbstractProblemLoader Init config took 589.09ms 
548306     INFO  Test worker     d.u.i.k.p.i.AbstractProblemLoader Replaying proof Test[Test::constant()].JML normal_behavior operation contract.0 
548353     DEBUG Test worker     d.u.i.k.p.i.IntermediateProofReplayer Proof replay took 29.85ms 
548353     INFO  Test worker     d.u.i.k.p.i.AbstractProblemLoader Loading environment from D:\a\key\key\key.core\src\test\resources\testcase\proofBundle\simpleBundleGeneration\test.key 
548353     DEBUG Test worker     d.u.i.k.p.i.AbstractProblemLoader Environment load took 113ns 
548353     INFO  Test worker     d.u.i.k.p.i.AbstractProblemLoader Creating init config 
551776     DEBUG Test worker     d.u.i.k.p.i.AbstractProblemLoader Init config took 3.41s 
551838     INFO  Test worker     d.u.i.k.p.i.AbstractProblemLoader Replaying proof Test[Test::constant()].JML normal_behavior operation contract.0 
551854     DEBUG Test worker     d.u.i.k.p.i.IntermediateProofReplayer Proof replay took 10.7ns 
551963     INFO  Test worker     d.u.i.k.p.i.AbstractProblemLoader Loading environment from D:\a\key\key\key.core\src\test\resources\testcase\proofBundle\simpleBundleGeneration\test.zproof 
551979     DEBUG Test worker     d.u.i.k.p.i.AbstractProblemLoader Environment load took 6.4ms 
551995     INFO  Test worker     d.u.i.k.p.i.AbstractProblemLoader Creating init config 
555482     DEBUG Test worker     d.u.i.k.p.i.AbstractProblemLoader Init config took 3.5s 
555544     INFO  Test worker     d.u.i.k.p.i.AbstractProblemLoader Replaying proof Test[Test::constant()].JML normal_behavior operation contract.0 
555560     DEBUG Test worker     d.u.i.k.p.i.IntermediateProofReplayer Proof replay took 14.13ms 
]]></system-out>
  <system-err><![CDATA[]]></system-err>
</testsuite>
