<?xml version="1.0" encoding="UTF-8"?>
<testsuite name="de.uka.ilkd.key.parser.TestDeclParser" tests="14" skipped="2" failures="0" errors="0" timestamp="2023-04-24T21:11:53" hostname="fv-az1113-423" time="14.784">
  <properties/>
  <testcase name="testGenericSortDecl1()" classname="de.uka.ilkd.key.parser.TestDeclParser" time="1.36"/>
  <testcase name="testGenericSortDecl2()" classname="de.uka.ilkd.key.parser.TestDeclParser" time="1.269"/>
  <testcase name="testGenericSortDecl3()" classname="de.uka.ilkd.key.parser.TestDeclParser" time="1.339"/>
  <testcase name="testGenericSortDecl4()" classname="de.uka.ilkd.key.parser.TestDeclParser" time="1.206"/>
  <testcase name="testGenericSortDecl5()" classname="de.uka.ilkd.key.parser.TestDeclParser" time="0.0">
    <skipped/>
  </testcase>
  <testcase name="testGenericSortDecl6()" classname="de.uka.ilkd.key.parser.TestDeclParser" time="1.079"/>
  <testcase name="testSortDecl()" classname="de.uka.ilkd.key.parser.TestDeclParser" time="1.158"/>
  <testcase name="testProxySortDecl()" classname="de.uka.ilkd.key.parser.TestDeclParser" time="1.283"/>
  <testcase name="testArrayDecl()" classname="de.uka.ilkd.key.parser.TestDeclParser" time="1.131"/>
  <testcase name="testAmbiguousDecls()" classname="de.uka.ilkd.key.parser.TestDeclParser" time="0.0">
    <skipped/>
  </testcase>
  <testcase name="testHeurDecl()" classname="de.uka.ilkd.key.parser.TestDeclParser" time="1.238"/>
  <testcase name="testFunctionDecl()" classname="de.uka.ilkd.key.parser.TestDeclParser" time="1.211"/>
  <testcase name="testPredicateDecl()" classname="de.uka.ilkd.key.parser.TestDeclParser" time="1.207"/>
  <testcase name="testSVDecl()" classname="de.uka.ilkd.key.parser.TestDeclParser" time="1.299"/>
  <system-out><![CDATA[265914     INFO  Test worker     d.u.i.k.n.KeyIO           Parsing took 0 ms 
265914     DEBUG Test worker     d.u.i.k.n.KeyIO           Load declarations of de.uka.ilkd.key.nparser.KeyAst$File:  <unknown>:1#1 
265914     INFO  Test worker     d.u.i.k.n.KeyIO           MODE: declarations took 0 ms 
265914     DEBUG Test worker     d.u.i.k.n.KeyIO           MODE: 2nd degree decls took 0 
265914     DEBUG Test worker     d.u.i.k.n.KeyIO           MODE: taclets took 0ms 
267197     INFO  Test worker     d.u.i.k.n.KeyIO           Parsing took 16 ms 
267197     DEBUG Test worker     d.u.i.k.n.KeyIO           Load declarations of de.uka.ilkd.key.nparser.KeyAst$File:  <unknown>:1#1 
267197     INFO  Test worker     d.u.i.k.n.KeyIO           MODE: declarations took 0 ms 
267197     DEBUG Test worker     d.u.i.k.n.KeyIO           MODE: 2nd degree decls took 0 
267197     DEBUG Test worker     d.u.i.k.n.KeyIO           MODE: taclets took 0ms 
268526     INFO  Test worker     d.u.i.k.n.KeyIO           Parsing took 0 ms 
268526     DEBUG Test worker     d.u.i.k.n.KeyIO           Load declarations of de.uka.ilkd.key.nparser.KeyAst$File:  <unknown>:1#1 
268526     INFO  Test worker     d.u.i.k.n.KeyIO           MODE: declarations took 0 ms 
268526     DEBUG Test worker     d.u.i.k.n.KeyIO           MODE: 2nd degree decls took 0 
268526     DEBUG Test worker     d.u.i.k.n.KeyIO           MODE: taclets took 0ms 
269730     INFO  Test worker     d.u.i.k.n.KeyIO           Parsing took 0 ms 
269730     DEBUG Test worker     d.u.i.k.n.KeyIO           Load declarations of de.uka.ilkd.key.nparser.KeyAst$File:  <unknown>:1#1 
269730     INFO  Test worker     d.u.i.k.n.KeyIO           MODE: declarations took 0 ms 
269730     DEBUG Test worker     d.u.i.k.n.KeyIO           MODE: 2nd degree decls took 0 
269730     DEBUG Test worker     d.u.i.k.n.KeyIO           MODE: taclets took 0ms 
270808     INFO  Test worker     d.u.i.k.n.KeyIO           Parsing took 0 ms 
270808     DEBUG Test worker     d.u.i.k.n.KeyIO           Load declarations of de.uka.ilkd.key.nparser.KeyAst$File:  <unknown>:1#1 
270808     INFO  Test worker     d.u.i.k.n.KeyIO           MODE: declarations took 0 ms 
270808     DEBUG Test worker     d.u.i.k.n.KeyIO           MODE: 2nd degree decls took 0 
270808     DEBUG Test worker     d.u.i.k.n.KeyIO           MODE: taclets took 0ms 
271965     INFO  Test worker     d.u.i.k.n.KeyIO           Parsing took 0 ms 
271965     DEBUG Test worker     d.u.i.k.n.KeyIO           Load declarations of de.uka.ilkd.key.nparser.KeyAst$File:  <unknown>:1#1 
271965     INFO  Test worker     d.u.i.k.n.KeyIO           MODE: declarations took 0 ms 
271965     DEBUG Test worker     d.u.i.k.n.KeyIO           MODE: 2nd degree decls took 0 
271965     DEBUG Test worker     d.u.i.k.n.KeyIO           MODE: taclets took 0ms 
273251     INFO  Test worker     d.u.i.k.n.KeyIO           Parsing took 15 ms 
273251     DEBUG Test worker     d.u.i.k.n.KeyIO           Load declarations of de.uka.ilkd.key.nparser.KeyAst$File:  <unknown>:1#1 
273251     INFO  Test worker     d.u.i.k.n.KeyIO           MODE: declarations took 0 ms 
273251     DEBUG Test worker     d.u.i.k.n.KeyIO           MODE: 2nd degree decls took 0 
273251     DEBUG Test worker     d.u.i.k.n.KeyIO           MODE: taclets took 0ms 
274378     INFO  Test worker     d.u.i.k.n.KeyIO           Parsing took 0 ms 
274378     DEBUG Test worker     d.u.i.k.n.KeyIO           Load declarations of de.uka.ilkd.key.nparser.KeyAst$File:  <unknown>:1#1 
274378     INFO  Test worker     d.u.i.k.n.KeyIO           MODE: declarations took 0 ms 
274378     DEBUG Test worker     d.u.i.k.n.KeyIO           MODE: 2nd degree decls took 0 
274378     DEBUG Test worker     d.u.i.k.n.KeyIO           MODE: taclets took 0ms 
275613     INFO  Test worker     d.u.i.k.n.KeyIO           Parsing took 0 ms 
275613     DEBUG Test worker     d.u.i.k.n.KeyIO           Load declarations of de.uka.ilkd.key.nparser.KeyAst$File:  <unknown>:1#1 
275613     INFO  Test worker     d.u.i.k.n.KeyIO           MODE: declarations took 0 ms 
275613     DEBUG Test worker     d.u.i.k.n.KeyIO           MODE: 2nd degree decls took 0 
275613     DEBUG Test worker     d.u.i.k.n.KeyIO           MODE: taclets took 0ms 
276817     INFO  Test worker     d.u.i.k.n.KeyIO           Parsing took 0 ms 
276817     DEBUG Test worker     d.u.i.k.n.KeyIO           Load declarations of de.uka.ilkd.key.nparser.KeyAst$File:  <unknown>:1#1 
276832     INFO  Test worker     d.u.i.k.n.KeyIO           MODE: declarations took 15 ms 
276832     DEBUG Test worker     d.u.i.k.n.KeyIO           MODE: 2nd degree decls took 0 
276832     DEBUG Test worker     d.u.i.k.n.KeyIO           MODE: taclets took 0ms 
278036     INFO  Test worker     d.u.i.k.n.KeyIO           Parsing took 0 ms 
278036     DEBUG Test worker     d.u.i.k.n.KeyIO           Load declarations of de.uka.ilkd.key.nparser.KeyAst$File:  <unknown>:1#1 
278036     INFO  Test worker     d.u.i.k.n.KeyIO           MODE: declarations took 0 ms 
278036     DEBUG Test worker     d.u.i.k.n.KeyIO           MODE: 2nd degree decls took 0 
278036     DEBUG Test worker     d.u.i.k.n.KeyIO           MODE: taclets took 0ms 
279334     INFO  Test worker     d.u.i.k.n.KeyIO           Parsing took 0 ms 
279334     DEBUG Test worker     d.u.i.k.n.KeyIO           Load declarations of de.uka.ilkd.key.nparser.KeyAst$File:  <unknown>:1#1 
279334     INFO  Test worker     d.u.i.k.n.KeyIO           MODE: declarations took 0 ms 
279334     DEBUG Test worker     d.u.i.k.n.KeyIO           MODE: 2nd degree decls took 0 
279334     DEBUG Test worker     d.u.i.k.n.KeyIO           MODE: taclets took 0ms 
]]></system-out>
  <system-err><![CDATA[]]></system-err>
</testsuite>
