<?xml version="1.0" encoding="UTF-8"?>
<testsuite name="de.uka.ilkd.key.nparser.ExprTest" tests="23" skipped="0" failures="0" errors="0" timestamp="2023-04-24T21:11:33" hostname="fv-az1113-423" time="4.095">
  <properties/>
  <testcase name="[1] (bprod{int y;}(1, 2, y) = 0)" classname="de.uka.ilkd.key.nparser.ExprTest" time="0.041"/>
  <testcase name="[2] 1 = 1 -&gt; 2 = 2" classname="de.uka.ilkd.key.nparser.ExprTest" time="0.184"/>
  <testcase name="[3] \&lt; { int x = 1; } \&gt; x=1" classname="de.uka.ilkd.key.nparser.ExprTest" time="1.471"/>
  <testcase name="[4] \&lt;{ int x = 1; {int s = 2;} }\&gt; x=x" classname="de.uka.ilkd.key.nparser.ExprTest" time="1.307"/>
  <testcase name="[5] true" classname="de.uka.ilkd.key.nparser.ExprTest" time="0.026"/>
  <testcase name="[6] true &amp; false" classname="de.uka.ilkd.key.nparser.ExprTest" time="0.026"/>
  <testcase name="[7] 0" classname="de.uka.ilkd.key.nparser.ExprTest" time="0.039"/>
  <testcase name="[8] 1" classname="de.uka.ilkd.key.nparser.ExprTest" time="0.024"/>
  <testcase name="[9] 42" classname="de.uka.ilkd.key.nparser.ExprTest" time="0.022"/>
  <testcase name="[10] -5" classname="de.uka.ilkd.key.nparser.ExprTest" time="0.052"/>
  <testcase name="[11] 1 + 1 = 2" classname="de.uka.ilkd.key.nparser.ExprTest" time="0.031"/>
  <testcase name="[12] \if (3=4) \then (1) \else (2)" classname="de.uka.ilkd.key.nparser.ExprTest" time="0.126"/>
  <testcase name="[13] \if (3=4 &amp; 1=1) \then (\if (3=4) \then (1) \else (2)) \else (2)" classname="de.uka.ilkd.key.nparser.ExprTest" time="0.035"/>
  <testcase name="[14] aa + bb*cc" classname="de.uka.ilkd.key.nparser.ExprTest" time="0.046"/>
  <testcase name="[15] aa%bb*cc &lt; -123" classname="de.uka.ilkd.key.nparser.ExprTest" time="0.04"/>
  <testcase name="[16] \forall int x; true" classname="de.uka.ilkd.key.nparser.ExprTest" time="0.035"/>
  <testcase name="[17] \forall numbers x; x = x" classname="de.uka.ilkd.key.nparser.ExprTest" time="0.037"/>
  <testcase name="[18] (int)3+2" classname="de.uka.ilkd.key.nparser.ExprTest" time="0.226"/>
  <testcase name="[19] 1.f + 1f = 20e-1f * (2f-1f)" classname="de.uka.ilkd.key.nparser.ExprTest" time="0.11"/>
  <testcase name="[20] 1.d + 1d &lt;= 20e+1d * .01d" classname="de.uka.ilkd.key.nparser.ExprTest" time="0.032"/>
  <testcase name="[21] 1f &lt;= 2f" classname="de.uka.ilkd.key.nparser.ExprTest" time="0.039"/>
  <testcase name="[22] 2d &gt; 1d" classname="de.uka.ilkd.key.nparser.ExprTest" time="0.051"/>
  <testcase name="[23] seqEmpty + seqEmpty" classname="de.uka.ilkd.key.nparser.ExprTest" time="0.038"/>
  <system-out><![CDATA[244137     DEBUG Test worker     d.u.i.k.n.ParsingFacade   PARSING file:/D:/a/key/key/key.core/build/resources/main/de/uka/ilkd/key/proof/rules/ldt.key took 0 ms 
244137     DEBUG Test worker     d.u.i.k.n.ParsingFacade   PARSING file:/D:/a/key/key/key.core/build/resources/main/de/uka/ilkd/key/proof/rules/charListHeader.key took 0 ms 
244137     DEBUG Test worker     d.u.i.k.n.ParsingFacade   PARSING file:/D:/a/key/key/key.core/build/resources/main/de/uka/ilkd/key/proof/rules/wellfound.key took 0 ms 
244137     DEBUG Test worker     d.u.i.k.n.ParsingFacade   PARSING file:/D:/a/key/key/key.core/build/resources/main/de/uka/ilkd/key/proof/rules/freeADT.key took 0 ms 
244137     DEBUG Test worker     d.u.i.k.n.ParsingFacade   PARSING file:/D:/a/key/key/key.core/build/resources/main/de/uka/ilkd/key/proof/rules/map.key took 0 ms 
244152     DEBUG Test worker     d.u.i.k.n.ParsingFacade   PARSING file:/D:/a/key/key/key.core/build/resources/main/de/uka/ilkd/key/proof/rules/seq.key took 15 ms 
244152     DEBUG Test worker     d.u.i.k.n.ParsingFacade   PARSING file:/D:/a/key/key/key.core/build/resources/main/de/uka/ilkd/key/proof/rules/reach.key took 0 ms 
244152     DEBUG Test worker     d.u.i.k.n.ParsingFacade   PARSING file:/D:/a/key/key/key.core/build/resources/main/de/uka/ilkd/key/proof/rules/permission.key took 0 ms 
244152     DEBUG Test worker     d.u.i.k.n.ParsingFacade   PARSING file:/D:/a/key/key/key.core/build/resources/main/de/uka/ilkd/key/proof/rules/locSets.key took 0 ms 
244152     DEBUG Test worker     d.u.i.k.n.ParsingFacade   PARSING file:/D:/a/key/key/key.core/build/resources/main/de/uka/ilkd/key/proof/rules/heap.key took 0 ms 
244152     DEBUG Test worker     d.u.i.k.n.ParsingFacade   PARSING file:/D:/a/key/key/key.core/build/resources/main/de/uka/ilkd/key/proof/rules/floatHeader.key took 0 ms 
244152     DEBUG Test worker     d.u.i.k.n.ParsingFacade   PARSING file:/D:/a/key/key/key.core/build/resources/main/de/uka/ilkd/key/proof/rules/integerHeader.key took 0 ms 
244152     DEBUG Test worker     d.u.i.k.n.ParsingFacade   PARSING file:/D:/a/key/key/key.core/build/resources/main/de/uka/ilkd/key/proof/rules/ruleSetsDeclarations.key took 0 ms 
244168     DEBUG Test worker     d.u.i.k.n.ParsingFacade   PARSING file:/D:/a/key/key/key.core/build/resources/main/de/uka/ilkd/key/proof/rules/boolean.key took 0 ms 
244168     INFO  Test worker     d.u.i.k.n.KeyIO           Parsing took 31 ms 
244168     DEBUG Test worker     d.u.i.k.n.KeyIO           Load declarations of de.uka.ilkd.key.nparser.KeyAst$File:  file:/D:/a/key/key/key.core/build/resources/main/de/uka/ilkd/key/proof/rules/boolean.key:1#1 
244168     DEBUG Test worker     d.u.i.k.n.KeyIO           Load declarations of de.uka.ilkd.key.nparser.KeyAst$File:  file:/D:/a/key/key/key.core/build/resources/main/de/uka/ilkd/key/proof/rules/ruleSetsDeclarations.key:5#1 
244168     DEBUG Test worker     d.u.i.k.n.KeyIO           Load declarations of de.uka.ilkd.key.nparser.KeyAst$File:  file:/D:/a/key/key/key.core/build/resources/main/de/uka/ilkd/key/proof/rules/integerHeader.key:1#1 
244168     DEBUG Test worker     d.u.i.k.n.KeyIO           Load declarations of de.uka.ilkd.key.nparser.KeyAst$File:  file:/D:/a/key/key/key.core/build/resources/main/de/uka/ilkd/key/proof/rules/floatHeader.key:14#1 
244168     DEBUG Test worker     d.u.i.k.n.KeyIO           Load declarations of de.uka.ilkd.key.nparser.KeyAst$File:  file:/D:/a/key/key/key.core/build/resources/main/de/uka/ilkd/key/proof/rules/heap.key:4#1 
244168     DEBUG Test worker     d.u.i.k.n.KeyIO           Load declarations of de.uka.ilkd.key.nparser.KeyAst$File:  file:/D:/a/key/key/key.core/build/resources/main/de/uka/ilkd/key/proof/rules/locSets.key:4#1 
244168     DEBUG Test worker     d.u.i.k.n.KeyIO           Load declarations of de.uka.ilkd.key.nparser.KeyAst$File:  file:/D:/a/key/key/key.core/build/resources/main/de/uka/ilkd/key/proof/rules/permission.key:1#1 
244168     DEBUG Test worker     d.u.i.k.n.KeyIO           Load declarations of de.uka.ilkd.key.nparser.KeyAst$File:  file:/D:/a/key/key/key.core/build/resources/main/de/uka/ilkd/key/proof/rules/reach.key:3#1 
244168     DEBUG Test worker     d.u.i.k.n.KeyIO           Load declarations of de.uka.ilkd.key.nparser.KeyAst$File:  file:/D:/a/key/key/key.core/build/resources/main/de/uka/ilkd/key/proof/rules/seq.key:11#1 
244168     DEBUG Test worker     d.u.i.k.n.KeyIO           Load declarations of de.uka.ilkd.key.nparser.KeyAst$File:  file:/D:/a/key/key/key.core/build/resources/main/de/uka/ilkd/key/proof/rules/map.key:1#1 
244168     DEBUG Test worker     d.u.i.k.n.KeyIO           Load declarations of de.uka.ilkd.key.nparser.KeyAst$File:  file:/D:/a/key/key/key.core/build/resources/main/de/uka/ilkd/key/proof/rules/freeADT.key:17#1 
244168     DEBUG Test worker     d.u.i.k.n.KeyIO           Load declarations of de.uka.ilkd.key.nparser.KeyAst$File:  file:/D:/a/key/key/key.core/build/resources/main/de/uka/ilkd/key/proof/rules/wellfound.key:19#1 
244168     DEBUG Test worker     d.u.i.k.n.KeyIO           Load declarations of de.uka.ilkd.key.nparser.KeyAst$File:  file:/D:/a/key/key/key.core/build/resources/main/de/uka/ilkd/key/proof/rules/charListHeader.key:1#1 
244168     DEBUG Test worker     d.u.i.k.n.KeyIO           Load declarations of de.uka.ilkd.key.nparser.KeyAst$File:  file:/D:/a/key/key/key.core/build/resources/main/de/uka/ilkd/key/proof/rules/ldt.key:10#1 
244168     INFO  Test worker     d.u.i.k.n.KeyIO           MODE: declarations took 0 ms 
244168     DEBUG Test worker     d.u.i.k.n.KeyIO           MODE: 2nd degree decls took 0 
244168     INFO  Test worker     d.u.i.k.n.ExprTest        Term: equals(bprod{y:int}(Z(1(#)),Z(2(#)),y),Z(0(#))) 
244277     DEBUG Test worker     d.u.i.k.n.ParsingFacade   PARSING file:/D:/a/key/key/key.core/build/resources/main/de/uka/ilkd/key/proof/rules/ldt.key took 109 ms 
244277     DEBUG Test worker     d.u.i.k.n.ParsingFacade   PARSING file:/D:/a/key/key/key.core/build/resources/main/de/uka/ilkd/key/proof/rules/charListHeader.key took 0 ms 
244277     DEBUG Test worker     d.u.i.k.n.ParsingFacade   PARSING file:/D:/a/key/key/key.core/build/resources/main/de/uka/ilkd/key/proof/rules/wellfound.key took 0 ms 
244277     DEBUG Test worker     d.u.i.k.n.ParsingFacade   PARSING file:/D:/a/key/key/key.core/build/resources/main/de/uka/ilkd/key/proof/rules/freeADT.key took 0 ms 
244277     DEBUG Test worker     d.u.i.k.n.ParsingFacade   PARSING file:/D:/a/key/key/key.core/build/resources/main/de/uka/ilkd/key/proof/rules/map.key took 0 ms 
244277     DEBUG Test worker     d.u.i.k.n.ParsingFacade   PARSING file:/D:/a/key/key/key.core/build/resources/main/de/uka/ilkd/key/proof/rules/seq.key took 0 ms 
244293     DEBUG Test worker     d.u.i.k.n.ParsingFacade   PARSING file:/D:/a/key/key/key.core/build/resources/main/de/uka/ilkd/key/proof/rules/reach.key took 16 ms 
244293     DEBUG Test worker     d.u.i.k.n.ParsingFacade   PARSING file:/D:/a/key/key/key.core/build/resources/main/de/uka/ilkd/key/proof/rules/permission.key took 0 ms 
244293     DEBUG Test worker     d.u.i.k.n.ParsingFacade   PARSING file:/D:/a/key/key/key.core/build/resources/main/de/uka/ilkd/key/proof/rules/locSets.key took 0 ms 
244293     DEBUG Test worker     d.u.i.k.n.ParsingFacade   PARSING file:/D:/a/key/key/key.core/build/resources/main/de/uka/ilkd/key/proof/rules/heap.key took 0 ms 
244293     DEBUG Test worker     d.u.i.k.n.ParsingFacade   PARSING file:/D:/a/key/key/key.core/build/resources/main/de/uka/ilkd/key/proof/rules/floatHeader.key took 0 ms 
244293     DEBUG Test worker     d.u.i.k.n.ParsingFacade   PARSING file:/D:/a/key/key/key.core/build/resources/main/de/uka/ilkd/key/proof/rules/integerHeader.key took 0 ms 
244342     DEBUG Test worker     d.u.i.k.n.ParsingFacade   PARSING file:/D:/a/key/key/key.core/build/resources/main/de/uka/ilkd/key/proof/rules/ruleSetsDeclarations.key took 49 ms 
244342     DEBUG Test worker     d.u.i.k.n.ParsingFacade   PARSING file:/D:/a/key/key/key.core/build/resources/main/de/uka/ilkd/key/proof/rules/boolean.key took 0 ms 
244342     INFO  Test worker     d.u.i.k.n.KeyIO           Parsing took 174 ms 
244342     DEBUG Test worker     d.u.i.k.n.KeyIO           Load declarations of de.uka.ilkd.key.nparser.KeyAst$File:  file:/D:/a/key/key/key.core/build/resources/main/de/uka/ilkd/key/proof/rules/boolean.key:1#1 
244342     DEBUG Test worker     d.u.i.k.n.KeyIO           Load declarations of de.uka.ilkd.key.nparser.KeyAst$File:  file:/D:/a/key/key/key.core/build/resources/main/de/uka/ilkd/key/proof/rules/ruleSetsDeclarations.key:5#1 
244342     DEBUG Test worker     d.u.i.k.n.KeyIO           Load declarations of de.uka.ilkd.key.nparser.KeyAst$File:  file:/D:/a/key/key/key.core/build/resources/main/de/uka/ilkd/key/proof/rules/integerHeader.key:1#1 
244356     DEBUG Test worker     d.u.i.k.n.KeyIO           Load declarations of de.uka.ilkd.key.nparser.KeyAst$File:  file:/D:/a/key/key/key.core/build/resources/main/de/uka/ilkd/key/proof/rules/floatHeader.key:14#1 
244356     DEBUG Test worker     d.u.i.k.n.KeyIO           Load declarations of de.uka.ilkd.key.nparser.KeyAst$File:  file:/D:/a/key/key/key.core/build/resources/main/de/uka/ilkd/key/proof/rules/heap.key:4#1 
244356     DEBUG Test worker     d.u.i.k.n.KeyIO           Load declarations of de.uka.ilkd.key.nparser.KeyAst$File:  file:/D:/a/key/key/key.core/build/resources/main/de/uka/ilkd/key/proof/rules/locSets.key:4#1 
244356     DEBUG Test worker     d.u.i.k.n.KeyIO           Load declarations of de.uka.ilkd.key.nparser.KeyAst$File:  file:/D:/a/key/key/key.core/build/resources/main/de/uka/ilkd/key/proof/rules/permission.key:1#1 
244356     DEBUG Test worker     d.u.i.k.n.KeyIO           Load declarations of de.uka.ilkd.key.nparser.KeyAst$File:  file:/D:/a/key/key/key.core/build/resources/main/de/uka/ilkd/key/proof/rules/reach.key:3#1 
244356     DEBUG Test worker     d.u.i.k.n.KeyIO           Load declarations of de.uka.ilkd.key.nparser.KeyAst$File:  file:/D:/a/key/key/key.core/build/resources/main/de/uka/ilkd/key/proof/rules/seq.key:11#1 
244356     DEBUG Test worker     d.u.i.k.n.KeyIO           Load declarations of de.uka.ilkd.key.nparser.KeyAst$File:  file:/D:/a/key/key/key.core/build/resources/main/de/uka/ilkd/key/proof/rules/map.key:1#1 
244356     DEBUG Test worker     d.u.i.k.n.KeyIO           Load declarations of de.uka.ilkd.key.nparser.KeyAst$File:  file:/D:/a/key/key/key.core/build/resources/main/de/uka/ilkd/key/proof/rules/freeADT.key:17#1 
244356     DEBUG Test worker     d.u.i.k.n.KeyIO           Load declarations of de.uka.ilkd.key.nparser.KeyAst$File:  file:/D:/a/key/key/key.core/build/resources/main/de/uka/ilkd/key/proof/rules/wellfound.key:19#1 
244356     DEBUG Test worker     d.u.i.k.n.KeyIO           Load declarations of de.uka.ilkd.key.nparser.KeyAst$File:  file:/D:/a/key/key/key.core/build/resources/main/de/uka/ilkd/key/proof/rules/charListHeader.key:1#1 
244356     DEBUG Test worker     d.u.i.k.n.KeyIO           Load declarations of de.uka.ilkd.key.nparser.KeyAst$File:  file:/D:/a/key/key/key.core/build/resources/main/de/uka/ilkd/key/proof/rules/ldt.key:10#1 
244356     INFO  Test worker     d.u.i.k.n.KeyIO           MODE: declarations took 14 ms 
244356     DEBUG Test worker     d.u.i.k.n.KeyIO           MODE: 2nd degree decls took 0 
244356     INFO  Test worker     d.u.i.k.n.ExprTest        Term: imp(equals(Z(1(#)),Z(1(#))),equals(Z(2(#)),Z(2(#)))) 
244356     DEBUG Test worker     d.u.i.k.n.ParsingFacade   PARSING file:/D:/a/key/key/key.core/build/resources/main/de/uka/ilkd/key/proof/rules/ldt.key took 0 ms 
244372     DEBUG Test worker     d.u.i.k.n.ParsingFacade   PARSING file:/D:/a/key/key/key.core/build/resources/main/de/uka/ilkd/key/proof/rules/charListHeader.key took 16 ms 
244372     DEBUG Test worker     d.u.i.k.n.ParsingFacade   PARSING file:/D:/a/key/key/key.core/build/resources/main/de/uka/ilkd/key/proof/rules/wellfound.key took 0 ms 
244372     DEBUG Test worker     d.u.i.k.n.ParsingFacade   PARSING file:/D:/a/key/key/key.core/build/resources/main/de/uka/ilkd/key/proof/rules/freeADT.key took 0 ms 
244372     DEBUG Test worker     d.u.i.k.n.ParsingFacade   PARSING file:/D:/a/key/key/key.core/build/resources/main/de/uka/ilkd/key/proof/rules/map.key took 0 ms 
244372     DEBUG Test worker     d.u.i.k.n.ParsingFacade   PARSING file:/D:/a/key/key/key.core/build/resources/main/de/uka/ilkd/key/proof/rules/seq.key took 0 ms 
244372     DEBUG Test worker     d.u.i.k.n.ParsingFacade   PARSING file:/D:/a/key/key/key.core/build/resources/main/de/uka/ilkd/key/proof/rules/reach.key took 0 ms 
244372     DEBUG Test worker     d.u.i.k.n.ParsingFacade   PARSING file:/D:/a/key/key/key.core/build/resources/main/de/uka/ilkd/key/proof/rules/permission.key took 0 ms 
244372     DEBUG Test worker     d.u.i.k.n.ParsingFacade   PARSING file:/D:/a/key/key/key.core/build/resources/main/de/uka/ilkd/key/proof/rules/locSets.key took 0 ms 
244372     DEBUG Test worker     d.u.i.k.n.ParsingFacade   PARSING file:/D:/a/key/key/key.core/build/resources/main/de/uka/ilkd/key/proof/rules/heap.key took 0 ms 
244372     DEBUG Test worker     d.u.i.k.n.ParsingFacade   PARSING file:/D:/a/key/key/key.core/build/resources/main/de/uka/ilkd/key/proof/rules/floatHeader.key took 0 ms 
244372     DEBUG Test worker     d.u.i.k.n.ParsingFacade   PARSING file:/D:/a/key/key/key.core/build/resources/main/de/uka/ilkd/key/proof/rules/integerHeader.key took 0 ms 
244387     DEBUG Test worker     d.u.i.k.n.ParsingFacade   PARSING file:/D:/a/key/key/key.core/build/resources/main/de/uka/ilkd/key/proof/rules/ruleSetsDeclarations.key took 15 ms 
244387     DEBUG Test worker     d.u.i.k.n.ParsingFacade   PARSING file:/D:/a/key/key/key.core/build/resources/main/de/uka/ilkd/key/proof/rules/boolean.key took 0 ms 
244387     INFO  Test worker     d.u.i.k.n.KeyIO           Parsing took 31 ms 
244387     DEBUG Test worker     d.u.i.k.n.KeyIO           Load declarations of de.uka.ilkd.key.nparser.KeyAst$File:  file:/D:/a/key/key/key.core/build/resources/main/de/uka/ilkd/key/proof/rules/boolean.key:1#1 
244387     DEBUG Test worker     d.u.i.k.n.KeyIO           Load declarations of de.uka.ilkd.key.nparser.KeyAst$File:  file:/D:/a/key/key/key.core/build/resources/main/de/uka/ilkd/key/proof/rules/ruleSetsDeclarations.key:5#1 
244387     DEBUG Test worker     d.u.i.k.n.KeyIO           Load declarations of de.uka.ilkd.key.nparser.KeyAst$File:  file:/D:/a/key/key/key.core/build/resources/main/de/uka/ilkd/key/proof/rules/integerHeader.key:1#1 
244387     DEBUG Test worker     d.u.i.k.n.KeyIO           Load declarations of de.uka.ilkd.key.nparser.KeyAst$File:  file:/D:/a/key/key/key.core/build/resources/main/de/uka/ilkd/key/proof/rules/floatHeader.key:14#1 
244387     DEBUG Test worker     d.u.i.k.n.KeyIO           Load declarations of de.uka.ilkd.key.nparser.KeyAst$File:  file:/D:/a/key/key/key.core/build/resources/main/de/uka/ilkd/key/proof/rules/heap.key:4#1 
244387     DEBUG Test worker     d.u.i.k.n.KeyIO           Load declarations of de.uka.ilkd.key.nparser.KeyAst$File:  file:/D:/a/key/key/key.core/build/resources/main/de/uka/ilkd/key/proof/rules/locSets.key:4#1 
244387     DEBUG Test worker     d.u.i.k.n.KeyIO           Load declarations of de.uka.ilkd.key.nparser.KeyAst$File:  file:/D:/a/key/key/key.core/build/resources/main/de/uka/ilkd/key/proof/rules/permission.key:1#1 
244387     DEBUG Test worker     d.u.i.k.n.KeyIO           Load declarations of de.uka.ilkd.key.nparser.KeyAst$File:  file:/D:/a/key/key/key.core/build/resources/main/de/uka/ilkd/key/proof/rules/reach.key:3#1 
244387     DEBUG Test worker     d.u.i.k.n.KeyIO           Load declarations of de.uka.ilkd.key.nparser.KeyAst$File:  file:/D:/a/key/key/key.core/build/resources/main/de/uka/ilkd/key/proof/rules/seq.key:11#1 
244387     DEBUG Test worker     d.u.i.k.n.KeyIO           Load declarations of de.uka.ilkd.key.nparser.KeyAst$File:  file:/D:/a/key/key/key.core/build/resources/main/de/uka/ilkd/key/proof/rules/map.key:1#1 
244387     DEBUG Test worker     d.u.i.k.n.KeyIO           Load declarations of de.uka.ilkd.key.nparser.KeyAst$File:  file:/D:/a/key/key/key.core/build/resources/main/de/uka/ilkd/key/proof/rules/freeADT.key:17#1 
244387     DEBUG Test worker     d.u.i.k.n.KeyIO           Load declarations of de.uka.ilkd.key.nparser.KeyAst$File:  file:/D:/a/key/key/key.core/build/resources/main/de/uka/ilkd/key/proof/rules/wellfound.key:19#1 
244387     DEBUG Test worker     d.u.i.k.n.KeyIO           Load declarations of de.uka.ilkd.key.nparser.KeyAst$File:  file:/D:/a/key/key/key.core/build/resources/main/de/uka/ilkd/key/proof/rules/charListHeader.key:1#1 
244387     DEBUG Test worker     d.u.i.k.n.KeyIO           Load declarations of de.uka.ilkd.key.nparser.KeyAst$File:  file:/D:/a/key/key/key.core/build/resources/main/de/uka/ilkd/key/proof/rules/ldt.key:10#1 
244387     INFO  Test worker     d.u.i.k.n.KeyIO           MODE: declarations took 0 ms 
244387     DEBUG Test worker     d.u.i.k.n.KeyIO           MODE: 2nd degree decls took 0 
245825     INFO  Test worker     d.u.i.k.n.ExprTest        Term: \<{
  int x = 1;
}\> (equals(x,Z(1(#)))) 
245841     DEBUG Test worker     d.u.i.k.n.ParsingFacade   PARSING file:/D:/a/key/key/key.core/build/resources/main/de/uka/ilkd/key/proof/rules/ldt.key took 0 ms 
245841     DEBUG Test worker     d.u.i.k.n.ParsingFacade   PARSING file:/D:/a/key/key/key.core/build/resources/main/de/uka/ilkd/key/proof/rules/charListHeader.key took 0 ms 
245841     DEBUG Test worker     d.u.i.k.n.ParsingFacade   PARSING file:/D:/a/key/key/key.core/build/resources/main/de/uka/ilkd/key/proof/rules/wellfound.key took 0 ms 
245841     DEBUG Test worker     d.u.i.k.n.ParsingFacade   PARSING file:/D:/a/key/key/key.core/build/resources/main/de/uka/ilkd/key/proof/rules/freeADT.key took 0 ms 
245857     DEBUG Test worker     d.u.i.k.n.ParsingFacade   PARSING file:/D:/a/key/key/key.core/build/resources/main/de/uka/ilkd/key/proof/rules/map.key took 16 ms 
245857     DEBUG Test worker     d.u.i.k.n.ParsingFacade   PARSING file:/D:/a/key/key/key.core/build/resources/main/de/uka/ilkd/key/proof/rules/seq.key took 0 ms 
245857     DEBUG Test worker     d.u.i.k.n.ParsingFacade   PARSING file:/D:/a/key/key/key.core/build/resources/main/de/uka/ilkd/key/proof/rules/reach.key took 0 ms 
245857     DEBUG Test worker     d.u.i.k.n.ParsingFacade   PARSING file:/D:/a/key/key/key.core/build/resources/main/de/uka/ilkd/key/proof/rules/permission.key took 0 ms 
245857     DEBUG Test worker     d.u.i.k.n.ParsingFacade   PARSING file:/D:/a/key/key/key.core/build/resources/main/de/uka/ilkd/key/proof/rules/locSets.key took 0 ms 
245857     DEBUG Test worker     d.u.i.k.n.ParsingFacade   PARSING file:/D:/a/key/key/key.core/build/resources/main/de/uka/ilkd/key/proof/rules/heap.key took 0 ms 
245857     DEBUG Test worker     d.u.i.k.n.ParsingFacade   PARSING file:/D:/a/key/key/key.core/build/resources/main/de/uka/ilkd/key/proof/rules/floatHeader.key took 0 ms 
245857     DEBUG Test worker     d.u.i.k.n.ParsingFacade   PARSING file:/D:/a/key/key/key.core/build/resources/main/de/uka/ilkd/key/proof/rules/integerHeader.key took 0 ms 
245872     DEBUG Test worker     d.u.i.k.n.ParsingFacade   PARSING file:/D:/a/key/key/key.core/build/resources/main/de/uka/ilkd/key/proof/rules/ruleSetsDeclarations.key took 15 ms 
245872     DEBUG Test worker     d.u.i.k.n.ParsingFacade   PARSING file:/D:/a/key/key/key.core/build/resources/main/de/uka/ilkd/key/proof/rules/boolean.key took 0 ms 
245872     INFO  Test worker     d.u.i.k.n.KeyIO           Parsing took 31 ms 
245872     DEBUG Test worker     d.u.i.k.n.KeyIO           Load declarations of de.uka.ilkd.key.nparser.KeyAst$File:  file:/D:/a/key/key/key.core/build/resources/main/de/uka/ilkd/key/proof/rules/boolean.key:1#1 
245872     DEBUG Test worker     d.u.i.k.n.KeyIO           Load declarations of de.uka.ilkd.key.nparser.KeyAst$File:  file:/D:/a/key/key/key.core/build/resources/main/de/uka/ilkd/key/proof/rules/ruleSetsDeclarations.key:5#1 
245872     DEBUG Test worker     d.u.i.k.n.KeyIO           Load declarations of de.uka.ilkd.key.nparser.KeyAst$File:  file:/D:/a/key/key/key.core/build/resources/main/de/uka/ilkd/key/proof/rules/integerHeader.key:1#1 
245872     DEBUG Test worker     d.u.i.k.n.KeyIO           Load declarations of de.uka.ilkd.key.nparser.KeyAst$File:  file:/D:/a/key/key/key.core/build/resources/main/de/uka/ilkd/key/proof/rules/floatHeader.key:14#1 
245872     DEBUG Test worker     d.u.i.k.n.KeyIO           Load declarations of de.uka.ilkd.key.nparser.KeyAst$File:  file:/D:/a/key/key/key.core/build/resources/main/de/uka/ilkd/key/proof/rules/heap.key:4#1 
245872     DEBUG Test worker     d.u.i.k.n.KeyIO           Load declarations of de.uka.ilkd.key.nparser.KeyAst$File:  file:/D:/a/key/key/key.core/build/resources/main/de/uka/ilkd/key/proof/rules/locSets.key:4#1 
245872     DEBUG Test worker     d.u.i.k.n.KeyIO           Load declarations of de.uka.ilkd.key.nparser.KeyAst$File:  file:/D:/a/key/key/key.core/build/resources/main/de/uka/ilkd/key/proof/rules/permission.key:1#1 
245872     DEBUG Test worker     d.u.i.k.n.KeyIO           Load declarations of de.uka.ilkd.key.nparser.KeyAst$File:  file:/D:/a/key/key/key.core/build/resources/main/de/uka/ilkd/key/proof/rules/reach.key:3#1 
245872     DEBUG Test worker     d.u.i.k.n.KeyIO           Load declarations of de.uka.ilkd.key.nparser.KeyAst$File:  file:/D:/a/key/key/key.core/build/resources/main/de/uka/ilkd/key/proof/rules/seq.key:11#1 
245872     DEBUG Test worker     d.u.i.k.n.KeyIO           Load declarations of de.uka.ilkd.key.nparser.KeyAst$File:  file:/D:/a/key/key/key.core/build/resources/main/de/uka/ilkd/key/proof/rules/map.key:1#1 
245872     DEBUG Test worker     d.u.i.k.n.KeyIO           Load declarations of de.uka.ilkd.key.nparser.KeyAst$File:  file:/D:/a/key/key/key.core/build/resources/main/de/uka/ilkd/key/proof/rules/freeADT.key:17#1 
245888     DEBUG Test worker     d.u.i.k.n.KeyIO           Load declarations of de.uka.ilkd.key.nparser.KeyAst$File:  file:/D:/a/key/key/key.core/build/resources/main/de/uka/ilkd/key/proof/rules/wellfound.key:19#1 
245888     DEBUG Test worker     d.u.i.k.n.KeyIO           Load declarations of de.uka.ilkd.key.nparser.KeyAst$File:  file:/D:/a/key/key/key.core/build/resources/main/de/uka/ilkd/key/proof/rules/charListHeader.key:1#1 
245888     DEBUG Test worker     d.u.i.k.n.KeyIO           Load declarations of de.uka.ilkd.key.nparser.KeyAst$File:  file:/D:/a/key/key/key.core/build/resources/main/de/uka/ilkd/key/proof/rules/ldt.key:10#1 
245888     INFO  Test worker     d.u.i.k.n.KeyIO           MODE: declarations took 16 ms 
245888     DEBUG Test worker     d.u.i.k.n.KeyIO           MODE: 2nd degree decls took 0 
247138     INFO  Test worker     d.u.i.k.n.ExprTest        Term: \<{
  int x = 1;
  {
    int s = 2;
  }
}\> (equals(x,x)) 
247153     DEBUG Test worker     d.u.i.k.n.ParsingFacade   PARSING file:/D:/a/key/key/key.core/build/resources/main/de/uka/ilkd/key/proof/rules/ldt.key took 0 ms 
247153     DEBUG Test worker     d.u.i.k.n.ParsingFacade   PARSING file:/D:/a/key/key/key.core/build/resources/main/de/uka/ilkd/key/proof/rules/charListHeader.key took 0 ms 
247153     DEBUG Test worker     d.u.i.k.n.ParsingFacade   PARSING file:/D:/a/key/key/key.core/build/resources/main/de/uka/ilkd/key/proof/rules/wellfound.key took 0 ms 
247153     DEBUG Test worker     d.u.i.k.n.ParsingFacade   PARSING file:/D:/a/key/key/key.core/build/resources/main/de/uka/ilkd/key/proof/rules/freeADT.key took 0 ms 
247153     DEBUG Test worker     d.u.i.k.n.ParsingFacade   PARSING file:/D:/a/key/key/key.core/build/resources/main/de/uka/ilkd/key/proof/rules/map.key took 0 ms 
247153     DEBUG Test worker     d.u.i.k.n.ParsingFacade   PARSING file:/D:/a/key/key/key.core/build/resources/main/de/uka/ilkd/key/proof/rules/seq.key took 0 ms 
247153     DEBUG Test worker     d.u.i.k.n.ParsingFacade   PARSING file:/D:/a/key/key/key.core/build/resources/main/de/uka/ilkd/key/proof/rules/reach.key took 0 ms 
247153     DEBUG Test worker     d.u.i.k.n.ParsingFacade   PARSING file:/D:/a/key/key/key.core/build/resources/main/de/uka/ilkd/key/proof/rules/permission.key took 0 ms 
247153     DEBUG Test worker     d.u.i.k.n.ParsingFacade   PARSING file:/D:/a/key/key/key.core/build/resources/main/de/uka/ilkd/key/proof/rules/locSets.key took 0 ms 
247153     DEBUG Test worker     d.u.i.k.n.ParsingFacade   PARSING file:/D:/a/key/key/key.core/build/resources/main/de/uka/ilkd/key/proof/rules/heap.key took 0 ms 
247153     DEBUG Test worker     d.u.i.k.n.ParsingFacade   PARSING file:/D:/a/key/key/key.core/build/resources/main/de/uka/ilkd/key/proof/rules/floatHeader.key took 0 ms 
247153     DEBUG Test worker     d.u.i.k.n.ParsingFacade   PARSING file:/D:/a/key/key/key.core/build/resources/main/de/uka/ilkd/key/proof/rules/integerHeader.key took 0 ms 
247169     DEBUG Test worker     d.u.i.k.n.ParsingFacade   PARSING file:/D:/a/key/key/key.core/build/resources/main/de/uka/ilkd/key/proof/rules/ruleSetsDeclarations.key took 16 ms 
247169     DEBUG Test worker     d.u.i.k.n.ParsingFacade   PARSING file:/D:/a/key/key/key.core/build/resources/main/de/uka/ilkd/key/proof/rules/boolean.key took 0 ms 
247169     INFO  Test worker     d.u.i.k.n.KeyIO           Parsing took 16 ms 
247169     DEBUG Test worker     d.u.i.k.n.KeyIO           Load declarations of de.uka.ilkd.key.nparser.KeyAst$File:  file:/D:/a/key/key/key.core/build/resources/main/de/uka/ilkd/key/proof/rules/boolean.key:1#1 
247169     DEBUG Test worker     d.u.i.k.n.KeyIO           Load declarations of de.uka.ilkd.key.nparser.KeyAst$File:  file:/D:/a/key/key/key.core/build/resources/main/de/uka/ilkd/key/proof/rules/ruleSetsDeclarations.key:5#1 
247169     DEBUG Test worker     d.u.i.k.n.KeyIO           Load declarations of de.uka.ilkd.key.nparser.KeyAst$File:  file:/D:/a/key/key/key.core/build/resources/main/de/uka/ilkd/key/proof/rules/integerHeader.key:1#1 
247169     DEBUG Test worker     d.u.i.k.n.KeyIO           Load declarations of de.uka.ilkd.key.nparser.KeyAst$File:  file:/D:/a/key/key/key.core/build/resources/main/de/uka/ilkd/key/proof/rules/floatHeader.key:14#1 
247169     DEBUG Test worker     d.u.i.k.n.KeyIO           Load declarations of de.uka.ilkd.key.nparser.KeyAst$File:  file:/D:/a/key/key/key.core/build/resources/main/de/uka/ilkd/key/proof/rules/heap.key:4#1 
247169     DEBUG Test worker     d.u.i.k.n.KeyIO           Load declarations of de.uka.ilkd.key.nparser.KeyAst$File:  file:/D:/a/key/key/key.core/build/resources/main/de/uka/ilkd/key/proof/rules/locSets.key:4#1 
247169     DEBUG Test worker     d.u.i.k.n.KeyIO           Load declarations of de.uka.ilkd.key.nparser.KeyAst$File:  file:/D:/a/key/key/key.core/build/resources/main/de/uka/ilkd/key/proof/rules/permission.key:1#1 
247169     DEBUG Test worker     d.u.i.k.n.KeyIO           Load declarations of de.uka.ilkd.key.nparser.KeyAst$File:  file:/D:/a/key/key/key.core/build/resources/main/de/uka/ilkd/key/proof/rules/reach.key:3#1 
247169     DEBUG Test worker     d.u.i.k.n.KeyIO           Load declarations of de.uka.ilkd.key.nparser.KeyAst$File:  file:/D:/a/key/key/key.core/build/resources/main/de/uka/ilkd/key/proof/rules/seq.key:11#1 
247169     DEBUG Test worker     d.u.i.k.n.KeyIO           Load declarations of de.uka.ilkd.key.nparser.KeyAst$File:  file:/D:/a/key/key/key.core/build/resources/main/de/uka/ilkd/key/proof/rules/map.key:1#1 
247169     DEBUG Test worker     d.u.i.k.n.KeyIO           Load declarations of de.uka.ilkd.key.nparser.KeyAst$File:  file:/D:/a/key/key/key.core/build/resources/main/de/uka/ilkd/key/proof/rules/freeADT.key:17#1 
247169     DEBUG Test worker     d.u.i.k.n.KeyIO           Load declarations of de.uka.ilkd.key.nparser.KeyAst$File:  file:/D:/a/key/key/key.core/build/resources/main/de/uka/ilkd/key/proof/rules/wellfound.key:19#1 
247169     DEBUG Test worker     d.u.i.k.n.KeyIO           Load declarations of de.uka.ilkd.key.nparser.KeyAst$File:  file:/D:/a/key/key/key.core/build/resources/main/de/uka/ilkd/key/proof/rules/charListHeader.key:1#1 
247169     DEBUG Test worker     d.u.i.k.n.KeyIO           Load declarations of de.uka.ilkd.key.nparser.KeyAst$File:  file:/D:/a/key/key/key.core/build/resources/main/de/uka/ilkd/key/proof/rules/ldt.key:10#1 
247169     INFO  Test worker     d.u.i.k.n.KeyIO           MODE: declarations took 0 ms 
247169     DEBUG Test worker     d.u.i.k.n.KeyIO           MODE: 2nd degree decls took 0 
247169     INFO  Test worker     d.u.i.k.n.ExprTest        Term: true 
247169     DEBUG Test worker     d.u.i.k.n.ParsingFacade   PARSING file:/D:/a/key/key/key.core/build/resources/main/de/uka/ilkd/key/proof/rules/ldt.key took 0 ms 
247169     DEBUG Test worker     d.u.i.k.n.ParsingFacade   PARSING file:/D:/a/key/key/key.core/build/resources/main/de/uka/ilkd/key/proof/rules/charListHeader.key took 0 ms 
247169     DEBUG Test worker     d.u.i.k.n.ParsingFacade   PARSING file:/D:/a/key/key/key.core/build/resources/main/de/uka/ilkd/key/proof/rules/wellfound.key took 0 ms 
247169     DEBUG Test worker     d.u.i.k.n.ParsingFacade   PARSING file:/D:/a/key/key/key.core/build/resources/main/de/uka/ilkd/key/proof/rules/freeADT.key took 0 ms 
247185     DEBUG Test worker     d.u.i.k.n.ParsingFacade   PARSING file:/D:/a/key/key/key.core/build/resources/main/de/uka/ilkd/key/proof/rules/map.key took 16 ms 
247185     DEBUG Test worker     d.u.i.k.n.ParsingFacade   PARSING file:/D:/a/key/key/key.core/build/resources/main/de/uka/ilkd/key/proof/rules/seq.key took 0 ms 
247185     DEBUG Test worker     d.u.i.k.n.ParsingFacade   PARSING file:/D:/a/key/key/key.core/build/resources/main/de/uka/ilkd/key/proof/rules/reach.key took 0 ms 
247185     DEBUG Test worker     d.u.i.k.n.ParsingFacade   PARSING file:/D:/a/key/key/key.core/build/resources/main/de/uka/ilkd/key/proof/rules/permission.key took 0 ms 
247185     DEBUG Test worker     d.u.i.k.n.ParsingFacade   PARSING file:/D:/a/key/key/key.core/build/resources/main/de/uka/ilkd/key/proof/rules/locSets.key took 0 ms 
247185     DEBUG Test worker     d.u.i.k.n.ParsingFacade   PARSING file:/D:/a/key/key/key.core/build/resources/main/de/uka/ilkd/key/proof/rules/heap.key took 0 ms 
247185     DEBUG Test worker     d.u.i.k.n.ParsingFacade   PARSING file:/D:/a/key/key/key.core/build/resources/main/de/uka/ilkd/key/proof/rules/floatHeader.key took 0 ms 
247185     DEBUG Test worker     d.u.i.k.n.ParsingFacade   PARSING file:/D:/a/key/key/key.core/build/resources/main/de/uka/ilkd/key/proof/rules/integerHeader.key took 0 ms 
247185     DEBUG Test worker     d.u.i.k.n.ParsingFacade   PARSING file:/D:/a/key/key/key.core/build/resources/main/de/uka/ilkd/key/proof/rules/ruleSetsDeclarations.key took 0 ms 
247185     DEBUG Test worker     d.u.i.k.n.ParsingFacade   PARSING file:/D:/a/key/key/key.core/build/resources/main/de/uka/ilkd/key/proof/rules/boolean.key took 0 ms 
247185     INFO  Test worker     d.u.i.k.n.KeyIO           Parsing took 16 ms 
247185     DEBUG Test worker     d.u.i.k.n.KeyIO           Load declarations of de.uka.ilkd.key.nparser.KeyAst$File:  file:/D:/a/key/key/key.core/build/resources/main/de/uka/ilkd/key/proof/rules/boolean.key:1#1 
247185     DEBUG Test worker     d.u.i.k.n.KeyIO           Load declarations of de.uka.ilkd.key.nparser.KeyAst$File:  file:/D:/a/key/key/key.core/build/resources/main/de/uka/ilkd/key/proof/rules/ruleSetsDeclarations.key:5#1 
247185     DEBUG Test worker     d.u.i.k.n.KeyIO           Load declarations of de.uka.ilkd.key.nparser.KeyAst$File:  file:/D:/a/key/key/key.core/build/resources/main/de/uka/ilkd/key/proof/rules/integerHeader.key:1#1 
247185     DEBUG Test worker     d.u.i.k.n.KeyIO           Load declarations of de.uka.ilkd.key.nparser.KeyAst$File:  file:/D:/a/key/key/key.core/build/resources/main/de/uka/ilkd/key/proof/rules/floatHeader.key:14#1 
247185     DEBUG Test worker     d.u.i.k.n.KeyIO           Load declarations of de.uka.ilkd.key.nparser.KeyAst$File:  file:/D:/a/key/key/key.core/build/resources/main/de/uka/ilkd/key/proof/rules/heap.key:4#1 
247185     DEBUG Test worker     d.u.i.k.n.KeyIO           Load declarations of de.uka.ilkd.key.nparser.KeyAst$File:  file:/D:/a/key/key/key.core/build/resources/main/de/uka/ilkd/key/proof/rules/locSets.key:4#1 
247185     DEBUG Test worker     d.u.i.k.n.KeyIO           Load declarations of de.uka.ilkd.key.nparser.KeyAst$File:  file:/D:/a/key/key/key.core/build/resources/main/de/uka/ilkd/key/proof/rules/permission.key:1#1 
247185     DEBUG Test worker     d.u.i.k.n.KeyIO           Load declarations of de.uka.ilkd.key.nparser.KeyAst$File:  file:/D:/a/key/key/key.core/build/resources/main/de/uka/ilkd/key/proof/rules/reach.key:3#1 
247185     DEBUG Test worker     d.u.i.k.n.KeyIO           Load declarations of de.uka.ilkd.key.nparser.KeyAst$File:  file:/D:/a/key/key/key.core/build/resources/main/de/uka/ilkd/key/proof/rules/seq.key:11#1 
247185     DEBUG Test worker     d.u.i.k.n.KeyIO           Load declarations of de.uka.ilkd.key.nparser.KeyAst$File:  file:/D:/a/key/key/key.core/build/resources/main/de/uka/ilkd/key/proof/rules/map.key:1#1 
247185     DEBUG Test worker     d.u.i.k.n.KeyIO           Load declarations of de.uka.ilkd.key.nparser.KeyAst$File:  file:/D:/a/key/key/key.core/build/resources/main/de/uka/ilkd/key/proof/rules/freeADT.key:17#1 
247185     DEBUG Test worker     d.u.i.k.n.KeyIO           Load declarations of de.uka.ilkd.key.nparser.KeyAst$File:  file:/D:/a/key/key/key.core/build/resources/main/de/uka/ilkd/key/proof/rules/wellfound.key:19#1 
247185     DEBUG Test worker     d.u.i.k.n.KeyIO           Load declarations of de.uka.ilkd.key.nparser.KeyAst$File:  file:/D:/a/key/key/key.core/build/resources/main/de/uka/ilkd/key/proof/rules/charListHeader.key:1#1 
247185     DEBUG Test worker     d.u.i.k.n.KeyIO           Load declarations of de.uka.ilkd.key.nparser.KeyAst$File:  file:/D:/a/key/key/key.core/build/resources/main/de/uka/ilkd/key/proof/rules/ldt.key:10#1 
247185     INFO  Test worker     d.u.i.k.n.KeyIO           MODE: declarations took 0 ms 
247200     DEBUG Test worker     d.u.i.k.n.KeyIO           MODE: 2nd degree decls took 15 
247200     INFO  Test worker     d.u.i.k.n.ExprTest        Term: and(true,false) 
247200     DEBUG Test worker     d.u.i.k.n.ParsingFacade   PARSING file:/D:/a/key/key/key.core/build/resources/main/de/uka/ilkd/key/proof/rules/ldt.key took 0 ms 
247200     DEBUG Test worker     d.u.i.k.n.ParsingFacade   PARSING file:/D:/a/key/key/key.core/build/resources/main/de/uka/ilkd/key/proof/rules/charListHeader.key took 0 ms 
247200     DEBUG Test worker     d.u.i.k.n.ParsingFacade   PARSING file:/D:/a/key/key/key.core/build/resources/main/de/uka/ilkd/key/proof/rules/wellfound.key took 0 ms 
247200     DEBUG Test worker     d.u.i.k.n.ParsingFacade   PARSING file:/D:/a/key/key/key.core/build/resources/main/de/uka/ilkd/key/proof/rules/freeADT.key took 0 ms 
247216     DEBUG Test worker     d.u.i.k.n.ParsingFacade   PARSING file:/D:/a/key/key/key.core/build/resources/main/de/uka/ilkd/key/proof/rules/map.key took 16 ms 
247216     DEBUG Test worker     d.u.i.k.n.ParsingFacade   PARSING file:/D:/a/key/key/key.core/build/resources/main/de/uka/ilkd/key/proof/rules/seq.key took 0 ms 
247216     DEBUG Test worker     d.u.i.k.n.ParsingFacade   PARSING file:/D:/a/key/key/key.core/build/resources/main/de/uka/ilkd/key/proof/rules/reach.key took 0 ms 
247216     DEBUG Test worker     d.u.i.k.n.ParsingFacade   PARSING file:/D:/a/key/key/key.core/build/resources/main/de/uka/ilkd/key/proof/rules/permission.key took 0 ms 
247216     DEBUG Test worker     d.u.i.k.n.ParsingFacade   PARSING file:/D:/a/key/key/key.core/build/resources/main/de/uka/ilkd/key/proof/rules/locSets.key took 0 ms 
247216     DEBUG Test worker     d.u.i.k.n.ParsingFacade   PARSING file:/D:/a/key/key/key.core/build/resources/main/de/uka/ilkd/key/proof/rules/heap.key took 0 ms 
247216     DEBUG Test worker     d.u.i.k.n.ParsingFacade   PARSING file:/D:/a/key/key/key.core/build/resources/main/de/uka/ilkd/key/proof/rules/floatHeader.key took 0 ms 
247216     DEBUG Test worker     d.u.i.k.n.ParsingFacade   PARSING file:/D:/a/key/key/key.core/build/resources/main/de/uka/ilkd/key/proof/rules/integerHeader.key took 0 ms 
247216     DEBUG Test worker     d.u.i.k.n.ParsingFacade   PARSING file:/D:/a/key/key/key.core/build/resources/main/de/uka/ilkd/key/proof/rules/ruleSetsDeclarations.key took 0 ms 
247216     DEBUG Test worker     d.u.i.k.n.ParsingFacade   PARSING file:/D:/a/key/key/key.core/build/resources/main/de/uka/ilkd/key/proof/rules/boolean.key took 0 ms 
247216     INFO  Test worker     d.u.i.k.n.KeyIO           Parsing took 16 ms 
247216     DEBUG Test worker     d.u.i.k.n.KeyIO           Load declarations of de.uka.ilkd.key.nparser.KeyAst$File:  file:/D:/a/key/key/key.core/build/resources/main/de/uka/ilkd/key/proof/rules/boolean.key:1#1 
247216     DEBUG Test worker     d.u.i.k.n.KeyIO           Load declarations of de.uka.ilkd.key.nparser.KeyAst$File:  file:/D:/a/key/key/key.core/build/resources/main/de/uka/ilkd/key/proof/rules/ruleSetsDeclarations.key:5#1 
247232     DEBUG Test worker     d.u.i.k.n.KeyIO           Load declarations of de.uka.ilkd.key.nparser.KeyAst$File:  file:/D:/a/key/key/key.core/build/resources/main/de/uka/ilkd/key/proof/rules/integerHeader.key:1#1 
247232     DEBUG Test worker     d.u.i.k.n.KeyIO           Load declarations of de.uka.ilkd.key.nparser.KeyAst$File:  file:/D:/a/key/key/key.core/build/resources/main/de/uka/ilkd/key/proof/rules/floatHeader.key:14#1 
247232     DEBUG Test worker     d.u.i.k.n.KeyIO           Load declarations of de.uka.ilkd.key.nparser.KeyAst$File:  file:/D:/a/key/key/key.core/build/resources/main/de/uka/ilkd/key/proof/rules/heap.key:4#1 
247232     DEBUG Test worker     d.u.i.k.n.KeyIO           Load declarations of de.uka.ilkd.key.nparser.KeyAst$File:  file:/D:/a/key/key/key.core/build/resources/main/de/uka/ilkd/key/proof/rules/locSets.key:4#1 
247232     DEBUG Test worker     d.u.i.k.n.KeyIO           Load declarations of de.uka.ilkd.key.nparser.KeyAst$File:  file:/D:/a/key/key/key.core/build/resources/main/de/uka/ilkd/key/proof/rules/permission.key:1#1 
247232     DEBUG Test worker     d.u.i.k.n.KeyIO           Load declarations of de.uka.ilkd.key.nparser.KeyAst$File:  file:/D:/a/key/key/key.core/build/resources/main/de/uka/ilkd/key/proof/rules/reach.key:3#1 
247232     DEBUG Test worker     d.u.i.k.n.KeyIO           Load declarations of de.uka.ilkd.key.nparser.KeyAst$File:  file:/D:/a/key/key/key.core/build/resources/main/de/uka/ilkd/key/proof/rules/seq.key:11#1 
247232     DEBUG Test worker     d.u.i.k.n.KeyIO           Load declarations of de.uka.ilkd.key.nparser.KeyAst$File:  file:/D:/a/key/key/key.core/build/resources/main/de/uka/ilkd/key/proof/rules/map.key:1#1 
247232     DEBUG Test worker     d.u.i.k.n.KeyIO           Load declarations of de.uka.ilkd.key.nparser.KeyAst$File:  file:/D:/a/key/key/key.core/build/resources/main/de/uka/ilkd/key/proof/rules/freeADT.key:17#1 
247232     DEBUG Test worker     d.u.i.k.n.KeyIO           Load declarations of de.uka.ilkd.key.nparser.KeyAst$File:  file:/D:/a/key/key/key.core/build/resources/main/de/uka/ilkd/key/proof/rules/wellfound.key:19#1 
247232     DEBUG Test worker     d.u.i.k.n.KeyIO           Load declarations of de.uka.ilkd.key.nparser.KeyAst$File:  file:/D:/a/key/key/key.core/build/resources/main/de/uka/ilkd/key/proof/rules/charListHeader.key:1#1 
247232     DEBUG Test worker     d.u.i.k.n.KeyIO           Load declarations of de.uka.ilkd.key.nparser.KeyAst$File:  file:/D:/a/key/key/key.core/build/resources/main/de/uka/ilkd/key/proof/rules/ldt.key:10#1 
247232     INFO  Test worker     d.u.i.k.n.KeyIO           MODE: declarations took 16 ms 
247232     DEBUG Test worker     d.u.i.k.n.KeyIO           MODE: 2nd degree decls took 0 
247232     INFO  Test worker     d.u.i.k.n.ExprTest        Term: Z(0(#)) 
247247     DEBUG Test worker     d.u.i.k.n.ParsingFacade   PARSING file:/D:/a/key/key/key.core/build/resources/main/de/uka/ilkd/key/proof/rules/ldt.key took 0 ms 
247247     DEBUG Test worker     d.u.i.k.n.ParsingFacade   PARSING file:/D:/a/key/key/key.core/build/resources/main/de/uka/ilkd/key/proof/rules/charListHeader.key took 0 ms 
247247     DEBUG Test worker     d.u.i.k.n.ParsingFacade   PARSING file:/D:/a/key/key/key.core/build/resources/main/de/uka/ilkd/key/proof/rules/wellfound.key took 0 ms 
247247     DEBUG Test worker     d.u.i.k.n.ParsingFacade   PARSING file:/D:/a/key/key/key.core/build/resources/main/de/uka/ilkd/key/proof/rules/freeADT.key took 0 ms 
247247     DEBUG Test worker     d.u.i.k.n.ParsingFacade   PARSING file:/D:/a/key/key/key.core/build/resources/main/de/uka/ilkd/key/proof/rules/map.key took 0 ms 
247247     DEBUG Test worker     d.u.i.k.n.ParsingFacade   PARSING file:/D:/a/key/key/key.core/build/resources/main/de/uka/ilkd/key/proof/rules/seq.key took 0 ms 
247247     DEBUG Test worker     d.u.i.k.n.ParsingFacade   PARSING file:/D:/a/key/key/key.core/build/resources/main/de/uka/ilkd/key/proof/rules/reach.key took 0 ms 
247247     DEBUG Test worker     d.u.i.k.n.ParsingFacade   PARSING file:/D:/a/key/key/key.core/build/resources/main/de/uka/ilkd/key/proof/rules/permission.key took 0 ms 
247247     DEBUG Test worker     d.u.i.k.n.ParsingFacade   PARSING file:/D:/a/key/key/key.core/build/resources/main/de/uka/ilkd/key/proof/rules/locSets.key took 0 ms 
247247     DEBUG Test worker     d.u.i.k.n.ParsingFacade   PARSING file:/D:/a/key/key/key.core/build/resources/main/de/uka/ilkd/key/proof/rules/heap.key took 0 ms 
247247     DEBUG Test worker     d.u.i.k.n.ParsingFacade   PARSING file:/D:/a/key/key/key.core/build/resources/main/de/uka/ilkd/key/proof/rules/floatHeader.key took 0 ms 
247247     DEBUG Test worker     d.u.i.k.n.ParsingFacade   PARSING file:/D:/a/key/key/key.core/build/resources/main/de/uka/ilkd/key/proof/rules/integerHeader.key took 0 ms 
247263     DEBUG Test worker     d.u.i.k.n.ParsingFacade   PARSING file:/D:/a/key/key/key.core/build/resources/main/de/uka/ilkd/key/proof/rules/ruleSetsDeclarations.key took 16 ms 
247263     DEBUG Test worker     d.u.i.k.n.ParsingFacade   PARSING file:/D:/a/key/key/key.core/build/resources/main/de/uka/ilkd/key/proof/rules/boolean.key took 0 ms 
247263     INFO  Test worker     d.u.i.k.n.KeyIO           Parsing took 16 ms 
247263     DEBUG Test worker     d.u.i.k.n.KeyIO           Load declarations of de.uka.ilkd.key.nparser.KeyAst$File:  file:/D:/a/key/key/key.core/build/resources/main/de/uka/ilkd/key/proof/rules/boolean.key:1#1 
247263     DEBUG Test worker     d.u.i.k.n.KeyIO           Load declarations of de.uka.ilkd.key.nparser.KeyAst$File:  file:/D:/a/key/key/key.core/build/resources/main/de/uka/ilkd/key/proof/rules/ruleSetsDeclarations.key:5#1 
247263     DEBUG Test worker     d.u.i.k.n.KeyIO           Load declarations of de.uka.ilkd.key.nparser.KeyAst$File:  file:/D:/a/key/key/key.core/build/resources/main/de/uka/ilkd/key/proof/rules/integerHeader.key:1#1 
247263     DEBUG Test worker     d.u.i.k.n.KeyIO           Load declarations of de.uka.ilkd.key.nparser.KeyAst$File:  file:/D:/a/key/key/key.core/build/resources/main/de/uka/ilkd/key/proof/rules/floatHeader.key:14#1 
247263     DEBUG Test worker     d.u.i.k.n.KeyIO           Load declarations of de.uka.ilkd.key.nparser.KeyAst$File:  file:/D:/a/key/key/key.core/build/resources/main/de/uka/ilkd/key/proof/rules/heap.key:4#1 
247263     DEBUG Test worker     d.u.i.k.n.KeyIO           Load declarations of de.uka.ilkd.key.nparser.KeyAst$File:  file:/D:/a/key/key/key.core/build/resources/main/de/uka/ilkd/key/proof/rules/locSets.key:4#1 
247263     DEBUG Test worker     d.u.i.k.n.KeyIO           Load declarations of de.uka.ilkd.key.nparser.KeyAst$File:  file:/D:/a/key/key/key.core/build/resources/main/de/uka/ilkd/key/proof/rules/permission.key:1#1 
247263     DEBUG Test worker     d.u.i.k.n.KeyIO           Load declarations of de.uka.ilkd.key.nparser.KeyAst$File:  file:/D:/a/key/key/key.core/build/resources/main/de/uka/ilkd/key/proof/rules/reach.key:3#1 
247263     DEBUG Test worker     d.u.i.k.n.KeyIO           Load declarations of de.uka.ilkd.key.nparser.KeyAst$File:  file:/D:/a/key/key/key.core/build/resources/main/de/uka/ilkd/key/proof/rules/seq.key:11#1 
247263     DEBUG Test worker     d.u.i.k.n.KeyIO           Load declarations of de.uka.ilkd.key.nparser.KeyAst$File:  file:/D:/a/key/key/key.core/build/resources/main/de/uka/ilkd/key/proof/rules/map.key:1#1 
247263     DEBUG Test worker     d.u.i.k.n.KeyIO           Load declarations of de.uka.ilkd.key.nparser.KeyAst$File:  file:/D:/a/key/key/key.core/build/resources/main/de/uka/ilkd/key/proof/rules/freeADT.key:17#1 
247263     DEBUG Test worker     d.u.i.k.n.KeyIO           Load declarations of de.uka.ilkd.key.nparser.KeyAst$File:  file:/D:/a/key/key/key.core/build/resources/main/de/uka/ilkd/key/proof/rules/wellfound.key:19#1 
247263     DEBUG Test worker     d.u.i.k.n.KeyIO           Load declarations of de.uka.ilkd.key.nparser.KeyAst$File:  file:/D:/a/key/key/key.core/build/resources/main/de/uka/ilkd/key/proof/rules/charListHeader.key:1#1 
247263     DEBUG Test worker     d.u.i.k.n.KeyIO           Load declarations of de.uka.ilkd.key.nparser.KeyAst$File:  file:/D:/a/key/key/key.core/build/resources/main/de/uka/ilkd/key/proof/rules/ldt.key:10#1 
247263     INFO  Test worker     d.u.i.k.n.KeyIO           MODE: declarations took 0 ms 
247263     DEBUG Test worker     d.u.i.k.n.KeyIO           MODE: 2nd degree decls took 0 
247263     INFO  Test worker     d.u.i.k.n.ExprTest        Term: Z(1(#)) 
247263     DEBUG Test worker     d.u.i.k.n.ParsingFacade   PARSING file:/D:/a/key/key/key.core/build/resources/main/de/uka/ilkd/key/proof/rules/ldt.key took 0 ms 
247263     DEBUG Test worker     d.u.i.k.n.ParsingFacade   PARSING file:/D:/a/key/key/key.core/build/resources/main/de/uka/ilkd/key/proof/rules/charListHeader.key took 0 ms 
247263     DEBUG Test worker     d.u.i.k.n.ParsingFacade   PARSING file:/D:/a/key/key/key.core/build/resources/main/de/uka/ilkd/key/proof/rules/wellfound.key took 0 ms 
247263     DEBUG Test worker     d.u.i.k.n.ParsingFacade   PARSING file:/D:/a/key/key/key.core/build/resources/main/de/uka/ilkd/key/proof/rules/freeADT.key took 0 ms 
247263     DEBUG Test worker     d.u.i.k.n.ParsingFacade   PARSING file:/D:/a/key/key/key.core/build/resources/main/de/uka/ilkd/key/proof/rules/map.key took 0 ms 
247278     DEBUG Test worker     d.u.i.k.n.ParsingFacade   PARSING file:/D:/a/key/key/key.core/build/resources/main/de/uka/ilkd/key/proof/rules/seq.key took 0 ms 
247278     DEBUG Test worker     d.u.i.k.n.ParsingFacade   PARSING file:/D:/a/key/key/key.core/build/resources/main/de/uka/ilkd/key/proof/rules/reach.key took 0 ms 
247278     DEBUG Test worker     d.u.i.k.n.ParsingFacade   PARSING file:/D:/a/key/key/key.core/build/resources/main/de/uka/ilkd/key/proof/rules/permission.key took 0 ms 
247278     DEBUG Test worker     d.u.i.k.n.ParsingFacade   PARSING file:/D:/a/key/key/key.core/build/resources/main/de/uka/ilkd/key/proof/rules/locSets.key took 0 ms 
247278     DEBUG Test worker     d.u.i.k.n.ParsingFacade   PARSING file:/D:/a/key/key/key.core/build/resources/main/de/uka/ilkd/key/proof/rules/heap.key took 0 ms 
247278     DEBUG Test worker     d.u.i.k.n.ParsingFacade   PARSING file:/D:/a/key/key/key.core/build/resources/main/de/uka/ilkd/key/proof/rules/floatHeader.key took 0 ms 
247278     DEBUG Test worker     d.u.i.k.n.ParsingFacade   PARSING file:/D:/a/key/key/key.core/build/resources/main/de/uka/ilkd/key/proof/rules/integerHeader.key took 0 ms 
247278     DEBUG Test worker     d.u.i.k.n.ParsingFacade   PARSING file:/D:/a/key/key/key.core/build/resources/main/de/uka/ilkd/key/proof/rules/ruleSetsDeclarations.key took 0 ms 
247278     DEBUG Test worker     d.u.i.k.n.ParsingFacade   PARSING file:/D:/a/key/key/key.core/build/resources/main/de/uka/ilkd/key/proof/rules/boolean.key took 0 ms 
247278     INFO  Test worker     d.u.i.k.n.KeyIO           Parsing took 15 ms 
247278     DEBUG Test worker     d.u.i.k.n.KeyIO           Load declarations of de.uka.ilkd.key.nparser.KeyAst$File:  file:/D:/a/key/key/key.core/build/resources/main/de/uka/ilkd/key/proof/rules/boolean.key:1#1 
247278     DEBUG Test worker     d.u.i.k.n.KeyIO           Load declarations of de.uka.ilkd.key.nparser.KeyAst$File:  file:/D:/a/key/key/key.core/build/resources/main/de/uka/ilkd/key/proof/rules/ruleSetsDeclarations.key:5#1 
247278     DEBUG Test worker     d.u.i.k.n.KeyIO           Load declarations of de.uka.ilkd.key.nparser.KeyAst$File:  file:/D:/a/key/key/key.core/build/resources/main/de/uka/ilkd/key/proof/rules/integerHeader.key:1#1 
247278     DEBUG Test worker     d.u.i.k.n.KeyIO           Load declarations of de.uka.ilkd.key.nparser.KeyAst$File:  file:/D:/a/key/key/key.core/build/resources/main/de/uka/ilkd/key/proof/rules/floatHeader.key:14#1 
247278     DEBUG Test worker     d.u.i.k.n.KeyIO           Load declarations of de.uka.ilkd.key.nparser.KeyAst$File:  file:/D:/a/key/key/key.core/build/resources/main/de/uka/ilkd/key/proof/rules/heap.key:4#1 
247278     DEBUG Test worker     d.u.i.k.n.KeyIO           Load declarations of de.uka.ilkd.key.nparser.KeyAst$File:  file:/D:/a/key/key/key.core/build/resources/main/de/uka/ilkd/key/proof/rules/locSets.key:4#1 
247278     DEBUG Test worker     d.u.i.k.n.KeyIO           Load declarations of de.uka.ilkd.key.nparser.KeyAst$File:  file:/D:/a/key/key/key.core/build/resources/main/de/uka/ilkd/key/proof/rules/permission.key:1#1 
247278     DEBUG Test worker     d.u.i.k.n.KeyIO           Load declarations of de.uka.ilkd.key.nparser.KeyAst$File:  file:/D:/a/key/key/key.core/build/resources/main/de/uka/ilkd/key/proof/rules/reach.key:3#1 
247278     DEBUG Test worker     d.u.i.k.n.KeyIO           Load declarations of de.uka.ilkd.key.nparser.KeyAst$File:  file:/D:/a/key/key/key.core/build/resources/main/de/uka/ilkd/key/proof/rules/seq.key:11#1 
247278     DEBUG Test worker     d.u.i.k.n.KeyIO           Load declarations of de.uka.ilkd.key.nparser.KeyAst$File:  file:/D:/a/key/key/key.core/build/resources/main/de/uka/ilkd/key/proof/rules/map.key:1#1 
247278     DEBUG Test worker     d.u.i.k.n.KeyIO           Load declarations of de.uka.ilkd.key.nparser.KeyAst$File:  file:/D:/a/key/key/key.core/build/resources/main/de/uka/ilkd/key/proof/rules/freeADT.key:17#1 
247278     DEBUG Test worker     d.u.i.k.n.KeyIO           Load declarations of de.uka.ilkd.key.nparser.KeyAst$File:  file:/D:/a/key/key/key.core/build/resources/main/de/uka/ilkd/key/proof/rules/wellfound.key:19#1 
247278     DEBUG Test worker     d.u.i.k.n.KeyIO           Load declarations of de.uka.ilkd.key.nparser.KeyAst$File:  file:/D:/a/key/key/key.core/build/resources/main/de/uka/ilkd/key/proof/rules/charListHeader.key:1#1 
247278     DEBUG Test worker     d.u.i.k.n.KeyIO           Load declarations of de.uka.ilkd.key.nparser.KeyAst$File:  file:/D:/a/key/key/key.core/build/resources/main/de/uka/ilkd/key/proof/rules/ldt.key:10#1 
247278     INFO  Test worker     d.u.i.k.n.KeyIO           MODE: declarations took 0 ms 
247278     DEBUG Test worker     d.u.i.k.n.KeyIO           MODE: 2nd degree decls took 0 
247278     INFO  Test worker     d.u.i.k.n.ExprTest        Term: Z(2(4(#))) 
247310     DEBUG Test worker     d.u.i.k.n.ParsingFacade   PARSING file:/D:/a/key/key/key.core/build/resources/main/de/uka/ilkd/key/proof/rules/ldt.key took 0 ms 
247310     DEBUG Test worker     d.u.i.k.n.ParsingFacade   PARSING file:/D:/a/key/key/key.core/build/resources/main/de/uka/ilkd/key/proof/rules/charListHeader.key took 0 ms 
247310     DEBUG Test worker     d.u.i.k.n.ParsingFacade   PARSING file:/D:/a/key/key/key.core/build/resources/main/de/uka/ilkd/key/proof/rules/wellfound.key took 0 ms 
247310     DEBUG Test worker     d.u.i.k.n.ParsingFacade   PARSING file:/D:/a/key/key/key.core/build/resources/main/de/uka/ilkd/key/proof/rules/freeADT.key took 0 ms 
247325     DEBUG Test worker     d.u.i.k.n.ParsingFacade   PARSING file:/D:/a/key/key/key.core/build/resources/main/de/uka/ilkd/key/proof/rules/map.key took 15 ms 
247325     DEBUG Test worker     d.u.i.k.n.ParsingFacade   PARSING file:/D:/a/key/key/key.core/build/resources/main/de/uka/ilkd/key/proof/rules/seq.key took 0 ms 
247325     DEBUG Test worker     d.u.i.k.n.ParsingFacade   PARSING file:/D:/a/key/key/key.core/build/resources/main/de/uka/ilkd/key/proof/rules/reach.key took 0 ms 
247325     DEBUG Test worker     d.u.i.k.n.ParsingFacade   PARSING file:/D:/a/key/key/key.core/build/resources/main/de/uka/ilkd/key/proof/rules/permission.key took 0 ms 
247325     DEBUG Test worker     d.u.i.k.n.ParsingFacade   PARSING file:/D:/a/key/key/key.core/build/resources/main/de/uka/ilkd/key/proof/rules/locSets.key took 0 ms 
247325     DEBUG Test worker     d.u.i.k.n.ParsingFacade   PARSING file:/D:/a/key/key/key.core/build/resources/main/de/uka/ilkd/key/proof/rules/heap.key took 0 ms 
247325     DEBUG Test worker     d.u.i.k.n.ParsingFacade   PARSING file:/D:/a/key/key/key.core/build/resources/main/de/uka/ilkd/key/proof/rules/floatHeader.key took 0 ms 
247325     DEBUG Test worker     d.u.i.k.n.ParsingFacade   PARSING file:/D:/a/key/key/key.core/build/resources/main/de/uka/ilkd/key/proof/rules/integerHeader.key took 0 ms 
247325     DEBUG Test worker     d.u.i.k.n.ParsingFacade   PARSING file:/D:/a/key/key/key.core/build/resources/main/de/uka/ilkd/key/proof/rules/ruleSetsDeclarations.key took 0 ms 
247325     DEBUG Test worker     d.u.i.k.n.ParsingFacade   PARSING file:/D:/a/key/key/key.core/build/resources/main/de/uka/ilkd/key/proof/rules/boolean.key took 0 ms 
247325     INFO  Test worker     d.u.i.k.n.KeyIO           Parsing took 15 ms 
247325     DEBUG Test worker     d.u.i.k.n.KeyIO           Load declarations of de.uka.ilkd.key.nparser.KeyAst$File:  file:/D:/a/key/key/key.core/build/resources/main/de/uka/ilkd/key/proof/rules/boolean.key:1#1 
247325     DEBUG Test worker     d.u.i.k.n.KeyIO           Load declarations of de.uka.ilkd.key.nparser.KeyAst$File:  file:/D:/a/key/key/key.core/build/resources/main/de/uka/ilkd/key/proof/rules/ruleSetsDeclarations.key:5#1 
247341     DEBUG Test worker     d.u.i.k.n.KeyIO           Load declarations of de.uka.ilkd.key.nparser.KeyAst$File:  file:/D:/a/key/key/key.core/build/resources/main/de/uka/ilkd/key/proof/rules/integerHeader.key:1#1 
247341     DEBUG Test worker     d.u.i.k.n.KeyIO           Load declarations of de.uka.ilkd.key.nparser.KeyAst$File:  file:/D:/a/key/key/key.core/build/resources/main/de/uka/ilkd/key/proof/rules/floatHeader.key:14#1 
247341     DEBUG Test worker     d.u.i.k.n.KeyIO           Load declarations of de.uka.ilkd.key.nparser.KeyAst$File:  file:/D:/a/key/key/key.core/build/resources/main/de/uka/ilkd/key/proof/rules/heap.key:4#1 
247341     DEBUG Test worker     d.u.i.k.n.KeyIO           Load declarations of de.uka.ilkd.key.nparser.KeyAst$File:  file:/D:/a/key/key/key.core/build/resources/main/de/uka/ilkd/key/proof/rules/locSets.key:4#1 
247341     DEBUG Test worker     d.u.i.k.n.KeyIO           Load declarations of de.uka.ilkd.key.nparser.KeyAst$File:  file:/D:/a/key/key/key.core/build/resources/main/de/uka/ilkd/key/proof/rules/permission.key:1#1 
247341     DEBUG Test worker     d.u.i.k.n.KeyIO           Load declarations of de.uka.ilkd.key.nparser.KeyAst$File:  file:/D:/a/key/key/key.core/build/resources/main/de/uka/ilkd/key/proof/rules/reach.key:3#1 
247341     DEBUG Test worker     d.u.i.k.n.KeyIO           Load declarations of de.uka.ilkd.key.nparser.KeyAst$File:  file:/D:/a/key/key/key.core/build/resources/main/de/uka/ilkd/key/proof/rules/seq.key:11#1 
247341     DEBUG Test worker     d.u.i.k.n.KeyIO           Load declarations of de.uka.ilkd.key.nparser.KeyAst$File:  file:/D:/a/key/key/key.core/build/resources/main/de/uka/ilkd/key/proof/rules/map.key:1#1 
247341     DEBUG Test worker     d.u.i.k.n.KeyIO           Load declarations of de.uka.ilkd.key.nparser.KeyAst$File:  file:/D:/a/key/key/key.core/build/resources/main/de/uka/ilkd/key/proof/rules/freeADT.key:17#1 
247341     DEBUG Test worker     d.u.i.k.n.KeyIO           Load declarations of de.uka.ilkd.key.nparser.KeyAst$File:  file:/D:/a/key/key/key.core/build/resources/main/de/uka/ilkd/key/proof/rules/wellfound.key:19#1 
247341     DEBUG Test worker     d.u.i.k.n.KeyIO           Load declarations of de.uka.ilkd.key.nparser.KeyAst$File:  file:/D:/a/key/key/key.core/build/resources/main/de/uka/ilkd/key/proof/rules/charListHeader.key:1#1 
247341     DEBUG Test worker     d.u.i.k.n.KeyIO           Load declarations of de.uka.ilkd.key.nparser.KeyAst$File:  file:/D:/a/key/key/key.core/build/resources/main/de/uka/ilkd/key/proof/rules/ldt.key:10#1 
247341     INFO  Test worker     d.u.i.k.n.KeyIO           MODE: declarations took 16 ms 
247341     DEBUG Test worker     d.u.i.k.n.KeyIO           MODE: 2nd degree decls took 0 
247357     INFO  Test worker     d.u.i.k.n.ExprTest        Term: Z(neglit(5(#))) 
247372     DEBUG Test worker     d.u.i.k.n.ParsingFacade   PARSING file:/D:/a/key/key/key.core/build/resources/main/de/uka/ilkd/key/proof/rules/ldt.key took 0 ms 
247372     DEBUG Test worker     d.u.i.k.n.ParsingFacade   PARSING file:/D:/a/key/key/key.core/build/resources/main/de/uka/ilkd/key/proof/rules/charListHeader.key took 0 ms 
247372     DEBUG Test worker     d.u.i.k.n.ParsingFacade   PARSING file:/D:/a/key/key/key.core/build/resources/main/de/uka/ilkd/key/proof/rules/wellfound.key took 0 ms 
247372     DEBUG Test worker     d.u.i.k.n.ParsingFacade   PARSING file:/D:/a/key/key/key.core/build/resources/main/de/uka/ilkd/key/proof/rules/freeADT.key took 0 ms 
247372     DEBUG Test worker     d.u.i.k.n.ParsingFacade   PARSING file:/D:/a/key/key/key.core/build/resources/main/de/uka/ilkd/key/proof/rules/map.key took 0 ms 
247372     DEBUG Test worker     d.u.i.k.n.ParsingFacade   PARSING file:/D:/a/key/key/key.core/build/resources/main/de/uka/ilkd/key/proof/rules/seq.key took 0 ms 
247372     DEBUG Test worker     d.u.i.k.n.ParsingFacade   PARSING file:/D:/a/key/key/key.core/build/resources/main/de/uka/ilkd/key/proof/rules/reach.key took 0 ms 
247372     DEBUG Test worker     d.u.i.k.n.ParsingFacade   PARSING file:/D:/a/key/key/key.core/build/resources/main/de/uka/ilkd/key/proof/rules/permission.key took 0 ms 
247372     DEBUG Test worker     d.u.i.k.n.ParsingFacade   PARSING file:/D:/a/key/key/key.core/build/resources/main/de/uka/ilkd/key/proof/rules/locSets.key took 0 ms 
247372     DEBUG Test worker     d.u.i.k.n.ParsingFacade   PARSING file:/D:/a/key/key/key.core/build/resources/main/de/uka/ilkd/key/proof/rules/heap.key took 0 ms 
247372     DEBUG Test worker     d.u.i.k.n.ParsingFacade   PARSING file:/D:/a/key/key/key.core/build/resources/main/de/uka/ilkd/key/proof/rules/floatHeader.key took 0 ms 
247388     DEBUG Test worker     d.u.i.k.n.ParsingFacade   PARSING file:/D:/a/key/key/key.core/build/resources/main/de/uka/ilkd/key/proof/rules/integerHeader.key took 16 ms 
247388     DEBUG Test worker     d.u.i.k.n.ParsingFacade   PARSING file:/D:/a/key/key/key.core/build/resources/main/de/uka/ilkd/key/proof/rules/ruleSetsDeclarations.key took 0 ms 
247388     DEBUG Test worker     d.u.i.k.n.ParsingFacade   PARSING file:/D:/a/key/key/key.core/build/resources/main/de/uka/ilkd/key/proof/rules/boolean.key took 0 ms 
247388     INFO  Test worker     d.u.i.k.n.KeyIO           Parsing took 16 ms 
247388     DEBUG Test worker     d.u.i.k.n.KeyIO           Load declarations of de.uka.ilkd.key.nparser.KeyAst$File:  file:/D:/a/key/key/key.core/build/resources/main/de/uka/ilkd/key/proof/rules/boolean.key:1#1 
247388     DEBUG Test worker     d.u.i.k.n.KeyIO           Load declarations of de.uka.ilkd.key.nparser.KeyAst$File:  file:/D:/a/key/key/key.core/build/resources/main/de/uka/ilkd/key/proof/rules/ruleSetsDeclarations.key:5#1 
247388     DEBUG Test worker     d.u.i.k.n.KeyIO           Load declarations of de.uka.ilkd.key.nparser.KeyAst$File:  file:/D:/a/key/key/key.core/build/resources/main/de/uka/ilkd/key/proof/rules/integerHeader.key:1#1 
247388     DEBUG Test worker     d.u.i.k.n.KeyIO           Load declarations of de.uka.ilkd.key.nparser.KeyAst$File:  file:/D:/a/key/key/key.core/build/resources/main/de/uka/ilkd/key/proof/rules/floatHeader.key:14#1 
247388     DEBUG Test worker     d.u.i.k.n.KeyIO           Load declarations of de.uka.ilkd.key.nparser.KeyAst$File:  file:/D:/a/key/key/key.core/build/resources/main/de/uka/ilkd/key/proof/rules/heap.key:4#1 
247388     DEBUG Test worker     d.u.i.k.n.KeyIO           Load declarations of de.uka.ilkd.key.nparser.KeyAst$File:  file:/D:/a/key/key/key.core/build/resources/main/de/uka/ilkd/key/proof/rules/locSets.key:4#1 
247388     DEBUG Test worker     d.u.i.k.n.KeyIO           Load declarations of de.uka.ilkd.key.nparser.KeyAst$File:  file:/D:/a/key/key/key.core/build/resources/main/de/uka/ilkd/key/proof/rules/permission.key:1#1 
247388     DEBUG Test worker     d.u.i.k.n.KeyIO           Load declarations of de.uka.ilkd.key.nparser.KeyAst$File:  file:/D:/a/key/key/key.core/build/resources/main/de/uka/ilkd/key/proof/rules/reach.key:3#1 
247388     DEBUG Test worker     d.u.i.k.n.KeyIO           Load declarations of de.uka.ilkd.key.nparser.KeyAst$File:  file:/D:/a/key/key/key.core/build/resources/main/de/uka/ilkd/key/proof/rules/seq.key:11#1 
247388     DEBUG Test worker     d.u.i.k.n.KeyIO           Load declarations of de.uka.ilkd.key.nparser.KeyAst$File:  file:/D:/a/key/key/key.core/build/resources/main/de/uka/ilkd/key/proof/rules/map.key:1#1 
247388     DEBUG Test worker     d.u.i.k.n.KeyIO           Load declarations of de.uka.ilkd.key.nparser.KeyAst$File:  file:/D:/a/key/key/key.core/build/resources/main/de/uka/ilkd/key/proof/rules/freeADT.key:17#1 
247388     DEBUG Test worker     d.u.i.k.n.KeyIO           Load declarations of de.uka.ilkd.key.nparser.KeyAst$File:  file:/D:/a/key/key/key.core/build/resources/main/de/uka/ilkd/key/proof/rules/wellfound.key:19#1 
247388     DEBUG Test worker     d.u.i.k.n.KeyIO           Load declarations of de.uka.ilkd.key.nparser.KeyAst$File:  file:/D:/a/key/key/key.core/build/resources/main/de/uka/ilkd/key/proof/rules/charListHeader.key:1#1 
247388     DEBUG Test worker     d.u.i.k.n.KeyIO           Load declarations of de.uka.ilkd.key.nparser.KeyAst$File:  file:/D:/a/key/key/key.core/build/resources/main/de/uka/ilkd/key/proof/rules/ldt.key:10#1 
247388     INFO  Test worker     d.u.i.k.n.KeyIO           MODE: declarations took 0 ms 
247388     DEBUG Test worker     d.u.i.k.n.KeyIO           MODE: 2nd degree decls took 0 
247388     INFO  Test worker     d.u.i.k.n.ExprTest        Term: equals(add(Z(1(#)),Z(1(#))),Z(2(#))) 
247404     DEBUG Test worker     d.u.i.k.n.ParsingFacade   PARSING file:/D:/a/key/key/key.core/build/resources/main/de/uka/ilkd/key/proof/rules/ldt.key took 0 ms 
247404     DEBUG Test worker     d.u.i.k.n.ParsingFacade   PARSING file:/D:/a/key/key/key.core/build/resources/main/de/uka/ilkd/key/proof/rules/charListHeader.key took 0 ms 
247404     DEBUG Test worker     d.u.i.k.n.ParsingFacade   PARSING file:/D:/a/key/key/key.core/build/resources/main/de/uka/ilkd/key/proof/rules/wellfound.key took 0 ms 
247404     DEBUG Test worker     d.u.i.k.n.ParsingFacade   PARSING file:/D:/a/key/key/key.core/build/resources/main/de/uka/ilkd/key/proof/rules/freeADT.key took 0 ms 
247404     DEBUG Test worker     d.u.i.k.n.ParsingFacade   PARSING file:/D:/a/key/key/key.core/build/resources/main/de/uka/ilkd/key/proof/rules/map.key took 0 ms 
247404     DEBUG Test worker     d.u.i.k.n.ParsingFacade   PARSING file:/D:/a/key/key/key.core/build/resources/main/de/uka/ilkd/key/proof/rules/seq.key took 0 ms 
247404     DEBUG Test worker     d.u.i.k.n.ParsingFacade   PARSING file:/D:/a/key/key/key.core/build/resources/main/de/uka/ilkd/key/proof/rules/reach.key took 0 ms 
247419     DEBUG Test worker     d.u.i.k.n.ParsingFacade   PARSING file:/D:/a/key/key/key.core/build/resources/main/de/uka/ilkd/key/proof/rules/permission.key took 15 ms 
247419     DEBUG Test worker     d.u.i.k.n.ParsingFacade   PARSING file:/D:/a/key/key/key.core/build/resources/main/de/uka/ilkd/key/proof/rules/locSets.key took 0 ms 
247419     DEBUG Test worker     d.u.i.k.n.ParsingFacade   PARSING file:/D:/a/key/key/key.core/build/resources/main/de/uka/ilkd/key/proof/rules/heap.key took 0 ms 
247419     DEBUG Test worker     d.u.i.k.n.ParsingFacade   PARSING file:/D:/a/key/key/key.core/build/resources/main/de/uka/ilkd/key/proof/rules/floatHeader.key took 0 ms 
247419     DEBUG Test worker     d.u.i.k.n.ParsingFacade   PARSING file:/D:/a/key/key/key.core/build/resources/main/de/uka/ilkd/key/proof/rules/integerHeader.key took 0 ms 
247419     DEBUG Test worker     d.u.i.k.n.ParsingFacade   PARSING file:/D:/a/key/key/key.core/build/resources/main/de/uka/ilkd/key/proof/rules/ruleSetsDeclarations.key took 0 ms 
247419     DEBUG Test worker     d.u.i.k.n.ParsingFacade   PARSING file:/D:/a/key/key/key.core/build/resources/main/de/uka/ilkd/key/proof/rules/boolean.key took 0 ms 
247419     INFO  Test worker     d.u.i.k.n.KeyIO           Parsing took 15 ms 
247419     DEBUG Test worker     d.u.i.k.n.KeyIO           Load declarations of de.uka.ilkd.key.nparser.KeyAst$File:  file:/D:/a/key/key/key.core/build/resources/main/de/uka/ilkd/key/proof/rules/boolean.key:1#1 
247419     DEBUG Test worker     d.u.i.k.n.KeyIO           Load declarations of de.uka.ilkd.key.nparser.KeyAst$File:  file:/D:/a/key/key/key.core/build/resources/main/de/uka/ilkd/key/proof/rules/ruleSetsDeclarations.key:5#1 
247419     DEBUG Test worker     d.u.i.k.n.KeyIO           Load declarations of de.uka.ilkd.key.nparser.KeyAst$File:  file:/D:/a/key/key/key.core/build/resources/main/de/uka/ilkd/key/proof/rules/integerHeader.key:1#1 
247419     DEBUG Test worker     d.u.i.k.n.KeyIO           Load declarations of de.uka.ilkd.key.nparser.KeyAst$File:  file:/D:/a/key/key/key.core/build/resources/main/de/uka/ilkd/key/proof/rules/floatHeader.key:14#1 
247419     DEBUG Test worker     d.u.i.k.n.KeyIO           Load declarations of de.uka.ilkd.key.nparser.KeyAst$File:  file:/D:/a/key/key/key.core/build/resources/main/de/uka/ilkd/key/proof/rules/heap.key:4#1 
247419     DEBUG Test worker     d.u.i.k.n.KeyIO           Load declarations of de.uka.ilkd.key.nparser.KeyAst$File:  file:/D:/a/key/key/key.core/build/resources/main/de/uka/ilkd/key/proof/rules/locSets.key:4#1 
247419     DEBUG Test worker     d.u.i.k.n.KeyIO           Load declarations of de.uka.ilkd.key.nparser.KeyAst$File:  file:/D:/a/key/key/key.core/build/resources/main/de/uka/ilkd/key/proof/rules/permission.key:1#1 
247419     DEBUG Test worker     d.u.i.k.n.KeyIO           Load declarations of de.uka.ilkd.key.nparser.KeyAst$File:  file:/D:/a/key/key/key.core/build/resources/main/de/uka/ilkd/key/proof/rules/reach.key:3#1 
247419     DEBUG Test worker     d.u.i.k.n.KeyIO           Load declarations of de.uka.ilkd.key.nparser.KeyAst$File:  file:/D:/a/key/key/key.core/build/resources/main/de/uka/ilkd/key/proof/rules/seq.key:11#1 
247419     DEBUG Test worker     d.u.i.k.n.KeyIO           Load declarations of de.uka.ilkd.key.nparser.KeyAst$File:  file:/D:/a/key/key/key.core/build/resources/main/de/uka/ilkd/key/proof/rules/map.key:1#1 
247419     DEBUG Test worker     d.u.i.k.n.KeyIO           Load declarations of de.uka.ilkd.key.nparser.KeyAst$File:  file:/D:/a/key/key/key.core/build/resources/main/de/uka/ilkd/key/proof/rules/freeADT.key:17#1 
247513     DEBUG Test worker     d.u.i.k.n.KeyIO           Load declarations of de.uka.ilkd.key.nparser.KeyAst$File:  file:/D:/a/key/key/key.core/build/resources/main/de/uka/ilkd/key/proof/rules/wellfound.key:19#1 
247513     DEBUG Test worker     d.u.i.k.n.KeyIO           Load declarations of de.uka.ilkd.key.nparser.KeyAst$File:  file:/D:/a/key/key/key.core/build/resources/main/de/uka/ilkd/key/proof/rules/charListHeader.key:1#1 
247513     DEBUG Test worker     d.u.i.k.n.KeyIO           Load declarations of de.uka.ilkd.key.nparser.KeyAst$File:  file:/D:/a/key/key/key.core/build/resources/main/de/uka/ilkd/key/proof/rules/ldt.key:10#1 
247513     INFO  Test worker     d.u.i.k.n.KeyIO           MODE: declarations took 94 ms 
247513     DEBUG Test worker     d.u.i.k.n.KeyIO           MODE: 2nd degree decls took 0 
247513     INFO  Test worker     d.u.i.k.n.ExprTest        Term: if-then-else(equals(Z(3(#)),Z(4(#))),Z(1(#)),Z(2(#))) 
247529     DEBUG Test worker     d.u.i.k.n.ParsingFacade   PARSING file:/D:/a/key/key/key.core/build/resources/main/de/uka/ilkd/key/proof/rules/ldt.key took 0 ms 
247529     DEBUG Test worker     d.u.i.k.n.ParsingFacade   PARSING file:/D:/a/key/key/key.core/build/resources/main/de/uka/ilkd/key/proof/rules/charListHeader.key took 0 ms 
247529     DEBUG Test worker     d.u.i.k.n.ParsingFacade   PARSING file:/D:/a/key/key/key.core/build/resources/main/de/uka/ilkd/key/proof/rules/wellfound.key took 0 ms 
247529     DEBUG Test worker     d.u.i.k.n.ParsingFacade   PARSING file:/D:/a/key/key/key.core/build/resources/main/de/uka/ilkd/key/proof/rules/freeADT.key took 0 ms 
247529     DEBUG Test worker     d.u.i.k.n.ParsingFacade   PARSING file:/D:/a/key/key/key.core/build/resources/main/de/uka/ilkd/key/proof/rules/map.key took 0 ms 
247544     DEBUG Test worker     d.u.i.k.n.ParsingFacade   PARSING file:/D:/a/key/key/key.core/build/resources/main/de/uka/ilkd/key/proof/rules/seq.key took 15 ms 
247544     DEBUG Test worker     d.u.i.k.n.ParsingFacade   PARSING file:/D:/a/key/key/key.core/build/resources/main/de/uka/ilkd/key/proof/rules/reach.key took 0 ms 
247544     DEBUG Test worker     d.u.i.k.n.ParsingFacade   PARSING file:/D:/a/key/key/key.core/build/resources/main/de/uka/ilkd/key/proof/rules/permission.key took 0 ms 
247544     DEBUG Test worker     d.u.i.k.n.ParsingFacade   PARSING file:/D:/a/key/key/key.core/build/resources/main/de/uka/ilkd/key/proof/rules/locSets.key took 0 ms 
247544     DEBUG Test worker     d.u.i.k.n.ParsingFacade   PARSING file:/D:/a/key/key/key.core/build/resources/main/de/uka/ilkd/key/proof/rules/heap.key took 0 ms 
247544     DEBUG Test worker     d.u.i.k.n.ParsingFacade   PARSING file:/D:/a/key/key/key.core/build/resources/main/de/uka/ilkd/key/proof/rules/floatHeader.key took 0 ms 
247544     DEBUG Test worker     d.u.i.k.n.ParsingFacade   PARSING file:/D:/a/key/key/key.core/build/resources/main/de/uka/ilkd/key/proof/rules/integerHeader.key took 0 ms 
247544     DEBUG Test worker     d.u.i.k.n.ParsingFacade   PARSING file:/D:/a/key/key/key.core/build/resources/main/de/uka/ilkd/key/proof/rules/ruleSetsDeclarations.key took 0 ms 
247544     DEBUG Test worker     d.u.i.k.n.ParsingFacade   PARSING file:/D:/a/key/key/key.core/build/resources/main/de/uka/ilkd/key/proof/rules/boolean.key took 0 ms 
247544     INFO  Test worker     d.u.i.k.n.KeyIO           Parsing took 15 ms 
247544     DEBUG Test worker     d.u.i.k.n.KeyIO           Load declarations of de.uka.ilkd.key.nparser.KeyAst$File:  file:/D:/a/key/key/key.core/build/resources/main/de/uka/ilkd/key/proof/rules/boolean.key:1#1 
247544     DEBUG Test worker     d.u.i.k.n.KeyIO           Load declarations of de.uka.ilkd.key.nparser.KeyAst$File:  file:/D:/a/key/key/key.core/build/resources/main/de/uka/ilkd/key/proof/rules/ruleSetsDeclarations.key:5#1 
247544     DEBUG Test worker     d.u.i.k.n.KeyIO           Load declarations of de.uka.ilkd.key.nparser.KeyAst$File:  file:/D:/a/key/key/key.core/build/resources/main/de/uka/ilkd/key/proof/rules/integerHeader.key:1#1 
247544     DEBUG Test worker     d.u.i.k.n.KeyIO           Load declarations of de.uka.ilkd.key.nparser.KeyAst$File:  file:/D:/a/key/key/key.core/build/resources/main/de/uka/ilkd/key/proof/rules/floatHeader.key:14#1 
247544     DEBUG Test worker     d.u.i.k.n.KeyIO           Load declarations of de.uka.ilkd.key.nparser.KeyAst$File:  file:/D:/a/key/key/key.core/build/resources/main/de/uka/ilkd/key/proof/rules/heap.key:4#1 
247544     DEBUG Test worker     d.u.i.k.n.KeyIO           Load declarations of de.uka.ilkd.key.nparser.KeyAst$File:  file:/D:/a/key/key/key.core/build/resources/main/de/uka/ilkd/key/proof/rules/locSets.key:4#1 
247544     DEBUG Test worker     d.u.i.k.n.KeyIO           Load declarations of de.uka.ilkd.key.nparser.KeyAst$File:  file:/D:/a/key/key/key.core/build/resources/main/de/uka/ilkd/key/proof/rules/permission.key:1#1 
247544     DEBUG Test worker     d.u.i.k.n.KeyIO           Load declarations of de.uka.ilkd.key.nparser.KeyAst$File:  file:/D:/a/key/key/key.core/build/resources/main/de/uka/ilkd/key/proof/rules/reach.key:3#1 
247544     DEBUG Test worker     d.u.i.k.n.KeyIO           Load declarations of de.uka.ilkd.key.nparser.KeyAst$File:  file:/D:/a/key/key/key.core/build/resources/main/de/uka/ilkd/key/proof/rules/seq.key:11#1 
247544     DEBUG Test worker     d.u.i.k.n.KeyIO           Load declarations of de.uka.ilkd.key.nparser.KeyAst$File:  file:/D:/a/key/key/key.core/build/resources/main/de/uka/ilkd/key/proof/rules/map.key:1#1 
247544     DEBUG Test worker     d.u.i.k.n.KeyIO           Load declarations of de.uka.ilkd.key.nparser.KeyAst$File:  file:/D:/a/key/key/key.core/build/resources/main/de/uka/ilkd/key/proof/rules/freeADT.key:17#1 
247544     DEBUG Test worker     d.u.i.k.n.KeyIO           Load declarations of de.uka.ilkd.key.nparser.KeyAst$File:  file:/D:/a/key/key/key.core/build/resources/main/de/uka/ilkd/key/proof/rules/wellfound.key:19#1 
247544     DEBUG Test worker     d.u.i.k.n.KeyIO           Load declarations of de.uka.ilkd.key.nparser.KeyAst$File:  file:/D:/a/key/key/key.core/build/resources/main/de/uka/ilkd/key/proof/rules/charListHeader.key:1#1 
247544     DEBUG Test worker     d.u.i.k.n.KeyIO           Load declarations of de.uka.ilkd.key.nparser.KeyAst$File:  file:/D:/a/key/key/key.core/build/resources/main/de/uka/ilkd/key/proof/rules/ldt.key:10#1 
247544     INFO  Test worker     d.u.i.k.n.KeyIO           MODE: declarations took 0 ms 
247560     DEBUG Test worker     d.u.i.k.n.KeyIO           MODE: 2nd degree decls took 0 
247560     INFO  Test worker     d.u.i.k.n.ExprTest        Term: if-then-else(and(equals(Z(3(#)),Z(4(#))),equals(Z(1(#)),Z(1(#)))),if-then-else(equals(Z(3(#)),Z(4(#))),Z(1(#)),Z(2(#))),Z(2(#))) 
247560     DEBUG Test worker     d.u.i.k.n.ParsingFacade   PARSING file:/D:/a/key/key/key.core/build/resources/main/de/uka/ilkd/key/proof/rules/ldt.key took 0 ms 
247576     DEBUG Test worker     d.u.i.k.n.ParsingFacade   PARSING file:/D:/a/key/key/key.core/build/resources/main/de/uka/ilkd/key/proof/rules/charListHeader.key took 16 ms 
247576     DEBUG Test worker     d.u.i.k.n.ParsingFacade   PARSING file:/D:/a/key/key/key.core/build/resources/main/de/uka/ilkd/key/proof/rules/wellfound.key took 0 ms 
247576     DEBUG Test worker     d.u.i.k.n.ParsingFacade   PARSING file:/D:/a/key/key/key.core/build/resources/main/de/uka/ilkd/key/proof/rules/freeADT.key took 0 ms 
247576     DEBUG Test worker     d.u.i.k.n.ParsingFacade   PARSING file:/D:/a/key/key/key.core/build/resources/main/de/uka/ilkd/key/proof/rules/map.key took 0 ms 
247576     DEBUG Test worker     d.u.i.k.n.ParsingFacade   PARSING file:/D:/a/key/key/key.core/build/resources/main/de/uka/ilkd/key/proof/rules/seq.key took 0 ms 
247576     DEBUG Test worker     d.u.i.k.n.ParsingFacade   PARSING file:/D:/a/key/key/key.core/build/resources/main/de/uka/ilkd/key/proof/rules/reach.key took 0 ms 
247576     DEBUG Test worker     d.u.i.k.n.ParsingFacade   PARSING file:/D:/a/key/key/key.core/build/resources/main/de/uka/ilkd/key/proof/rules/permission.key took 0 ms 
247576     DEBUG Test worker     d.u.i.k.n.ParsingFacade   PARSING file:/D:/a/key/key/key.core/build/resources/main/de/uka/ilkd/key/proof/rules/locSets.key took 0 ms 
247576     DEBUG Test worker     d.u.i.k.n.ParsingFacade   PARSING file:/D:/a/key/key/key.core/build/resources/main/de/uka/ilkd/key/proof/rules/heap.key took 0 ms 
247576     DEBUG Test worker     d.u.i.k.n.ParsingFacade   PARSING file:/D:/a/key/key/key.core/build/resources/main/de/uka/ilkd/key/proof/rules/floatHeader.key took 0 ms 
247576     DEBUG Test worker     d.u.i.k.n.ParsingFacade   PARSING file:/D:/a/key/key/key.core/build/resources/main/de/uka/ilkd/key/proof/rules/integerHeader.key took 0 ms 
247576     DEBUG Test worker     d.u.i.k.n.ParsingFacade   PARSING file:/D:/a/key/key/key.core/build/resources/main/de/uka/ilkd/key/proof/rules/ruleSetsDeclarations.key took 0 ms 
247591     DEBUG Test worker     d.u.i.k.n.ParsingFacade   PARSING file:/D:/a/key/key/key.core/build/resources/main/de/uka/ilkd/key/proof/rules/boolean.key took 0 ms 
247591     INFO  Test worker     d.u.i.k.n.KeyIO           Parsing took 31 ms 
247591     DEBUG Test worker     d.u.i.k.n.KeyIO           Load declarations of de.uka.ilkd.key.nparser.KeyAst$File:  file:/D:/a/key/key/key.core/build/resources/main/de/uka/ilkd/key/proof/rules/boolean.key:1#1 
247591     DEBUG Test worker     d.u.i.k.n.KeyIO           Load declarations of de.uka.ilkd.key.nparser.KeyAst$File:  file:/D:/a/key/key/key.core/build/resources/main/de/uka/ilkd/key/proof/rules/ruleSetsDeclarations.key:5#1 
247591     DEBUG Test worker     d.u.i.k.n.KeyIO           Load declarations of de.uka.ilkd.key.nparser.KeyAst$File:  file:/D:/a/key/key/key.core/build/resources/main/de/uka/ilkd/key/proof/rules/integerHeader.key:1#1 
247591     DEBUG Test worker     d.u.i.k.n.KeyIO           Load declarations of de.uka.ilkd.key.nparser.KeyAst$File:  file:/D:/a/key/key/key.core/build/resources/main/de/uka/ilkd/key/proof/rules/floatHeader.key:14#1 
247591     DEBUG Test worker     d.u.i.k.n.KeyIO           Load declarations of de.uka.ilkd.key.nparser.KeyAst$File:  file:/D:/a/key/key/key.core/build/resources/main/de/uka/ilkd/key/proof/rules/heap.key:4#1 
247591     DEBUG Test worker     d.u.i.k.n.KeyIO           Load declarations of de.uka.ilkd.key.nparser.KeyAst$File:  file:/D:/a/key/key/key.core/build/resources/main/de/uka/ilkd/key/proof/rules/locSets.key:4#1 
247591     DEBUG Test worker     d.u.i.k.n.KeyIO           Load declarations of de.uka.ilkd.key.nparser.KeyAst$File:  file:/D:/a/key/key/key.core/build/resources/main/de/uka/ilkd/key/proof/rules/permission.key:1#1 
247591     DEBUG Test worker     d.u.i.k.n.KeyIO           Load declarations of de.uka.ilkd.key.nparser.KeyAst$File:  file:/D:/a/key/key/key.core/build/resources/main/de/uka/ilkd/key/proof/rules/reach.key:3#1 
247591     DEBUG Test worker     d.u.i.k.n.KeyIO           Load declarations of de.uka.ilkd.key.nparser.KeyAst$File:  file:/D:/a/key/key/key.core/build/resources/main/de/uka/ilkd/key/proof/rules/seq.key:11#1 
247591     DEBUG Test worker     d.u.i.k.n.KeyIO           Load declarations of de.uka.ilkd.key.nparser.KeyAst$File:  file:/D:/a/key/key/key.core/build/resources/main/de/uka/ilkd/key/proof/rules/map.key:1#1 
247607     DEBUG Test worker     d.u.i.k.n.KeyIO           Load declarations of de.uka.ilkd.key.nparser.KeyAst$File:  file:/D:/a/key/key/key.core/build/resources/main/de/uka/ilkd/key/proof/rules/freeADT.key:17#1 
247607     DEBUG Test worker     d.u.i.k.n.KeyIO           Load declarations of de.uka.ilkd.key.nparser.KeyAst$File:  file:/D:/a/key/key/key.core/build/resources/main/de/uka/ilkd/key/proof/rules/wellfound.key:19#1 
247607     DEBUG Test worker     d.u.i.k.n.KeyIO           Load declarations of de.uka.ilkd.key.nparser.KeyAst$File:  file:/D:/a/key/key/key.core/build/resources/main/de/uka/ilkd/key/proof/rules/charListHeader.key:1#1 
247607     DEBUG Test worker     d.u.i.k.n.KeyIO           Load declarations of de.uka.ilkd.key.nparser.KeyAst$File:  file:/D:/a/key/key/key.core/build/resources/main/de/uka/ilkd/key/proof/rules/ldt.key:10#1 
247607     INFO  Test worker     d.u.i.k.n.KeyIO           MODE: declarations took 16 ms 
247607     DEBUG Test worker     d.u.i.k.n.KeyIO           MODE: 2nd degree decls took 0 
247607     INFO  Test worker     d.u.i.k.n.ExprTest        Term: add(aa,mul(bb,cc)) 
247607     DEBUG Test worker     d.u.i.k.n.ParsingFacade   PARSING file:/D:/a/key/key/key.core/build/resources/main/de/uka/ilkd/key/proof/rules/ldt.key took 0 ms 
247607     DEBUG Test worker     d.u.i.k.n.ParsingFacade   PARSING file:/D:/a/key/key/key.core/build/resources/main/de/uka/ilkd/key/proof/rules/charListHeader.key took 0 ms 
247623     DEBUG Test worker     d.u.i.k.n.ParsingFacade   PARSING file:/D:/a/key/key/key.core/build/resources/main/de/uka/ilkd/key/proof/rules/wellfound.key took 0 ms 
247623     DEBUG Test worker     d.u.i.k.n.ParsingFacade   PARSING file:/D:/a/key/key/key.core/build/resources/main/de/uka/ilkd/key/proof/rules/freeADT.key took 0 ms 
247623     DEBUG Test worker     d.u.i.k.n.ParsingFacade   PARSING file:/D:/a/key/key/key.core/build/resources/main/de/uka/ilkd/key/proof/rules/map.key took 0 ms 
247623     DEBUG Test worker     d.u.i.k.n.ParsingFacade   PARSING file:/D:/a/key/key/key.core/build/resources/main/de/uka/ilkd/key/proof/rules/seq.key took 0 ms 
247623     DEBUG Test worker     d.u.i.k.n.ParsingFacade   PARSING file:/D:/a/key/key/key.core/build/resources/main/de/uka/ilkd/key/proof/rules/reach.key took 0 ms 
247623     DEBUG Test worker     d.u.i.k.n.ParsingFacade   PARSING file:/D:/a/key/key/key.core/build/resources/main/de/uka/ilkd/key/proof/rules/permission.key took 0 ms 
247623     DEBUG Test worker     d.u.i.k.n.ParsingFacade   PARSING file:/D:/a/key/key/key.core/build/resources/main/de/uka/ilkd/key/proof/rules/locSets.key took 0 ms 
247623     DEBUG Test worker     d.u.i.k.n.ParsingFacade   PARSING file:/D:/a/key/key/key.core/build/resources/main/de/uka/ilkd/key/proof/rules/heap.key took 0 ms 
247623     DEBUG Test worker     d.u.i.k.n.ParsingFacade   PARSING file:/D:/a/key/key/key.core/build/resources/main/de/uka/ilkd/key/proof/rules/floatHeader.key took 0 ms 
247638     DEBUG Test worker     d.u.i.k.n.ParsingFacade   PARSING file:/D:/a/key/key/key.core/build/resources/main/de/uka/ilkd/key/proof/rules/integerHeader.key took 15 ms 
247638     DEBUG Test worker     d.u.i.k.n.ParsingFacade   PARSING file:/D:/a/key/key/key.core/build/resources/main/de/uka/ilkd/key/proof/rules/ruleSetsDeclarations.key took 0 ms 
247638     DEBUG Test worker     d.u.i.k.n.ParsingFacade   PARSING file:/D:/a/key/key/key.core/build/resources/main/de/uka/ilkd/key/proof/rules/boolean.key took 0 ms 
247638     INFO  Test worker     d.u.i.k.n.KeyIO           Parsing took 31 ms 
247638     DEBUG Test worker     d.u.i.k.n.KeyIO           Load declarations of de.uka.ilkd.key.nparser.KeyAst$File:  file:/D:/a/key/key/key.core/build/resources/main/de/uka/ilkd/key/proof/rules/boolean.key:1#1 
247638     DEBUG Test worker     d.u.i.k.n.KeyIO           Load declarations of de.uka.ilkd.key.nparser.KeyAst$File:  file:/D:/a/key/key/key.core/build/resources/main/de/uka/ilkd/key/proof/rules/ruleSetsDeclarations.key:5#1 
247638     DEBUG Test worker     d.u.i.k.n.KeyIO           Load declarations of de.uka.ilkd.key.nparser.KeyAst$File:  file:/D:/a/key/key/key.core/build/resources/main/de/uka/ilkd/key/proof/rules/integerHeader.key:1#1 
247638     DEBUG Test worker     d.u.i.k.n.KeyIO           Load declarations of de.uka.ilkd.key.nparser.KeyAst$File:  file:/D:/a/key/key/key.core/build/resources/main/de/uka/ilkd/key/proof/rules/floatHeader.key:14#1 
247638     DEBUG Test worker     d.u.i.k.n.KeyIO           Load declarations of de.uka.ilkd.key.nparser.KeyAst$File:  file:/D:/a/key/key/key.core/build/resources/main/de/uka/ilkd/key/proof/rules/heap.key:4#1 
247638     DEBUG Test worker     d.u.i.k.n.KeyIO           Load declarations of de.uka.ilkd.key.nparser.KeyAst$File:  file:/D:/a/key/key/key.core/build/resources/main/de/uka/ilkd/key/proof/rules/locSets.key:4#1 
247638     DEBUG Test worker     d.u.i.k.n.KeyIO           Load declarations of de.uka.ilkd.key.nparser.KeyAst$File:  file:/D:/a/key/key/key.core/build/resources/main/de/uka/ilkd/key/proof/rules/permission.key:1#1 
247638     DEBUG Test worker     d.u.i.k.n.KeyIO           Load declarations of de.uka.ilkd.key.nparser.KeyAst$File:  file:/D:/a/key/key/key.core/build/resources/main/de/uka/ilkd/key/proof/rules/reach.key:3#1 
247638     DEBUG Test worker     d.u.i.k.n.KeyIO           Load declarations of de.uka.ilkd.key.nparser.KeyAst$File:  file:/D:/a/key/key/key.core/build/resources/main/de/uka/ilkd/key/proof/rules/seq.key:11#1 
247638     DEBUG Test worker     d.u.i.k.n.KeyIO           Load declarations of de.uka.ilkd.key.nparser.KeyAst$File:  file:/D:/a/key/key/key.core/build/resources/main/de/uka/ilkd/key/proof/rules/map.key:1#1 
247638     DEBUG Test worker     d.u.i.k.n.KeyIO           Load declarations of de.uka.ilkd.key.nparser.KeyAst$File:  file:/D:/a/key/key/key.core/build/resources/main/de/uka/ilkd/key/proof/rules/freeADT.key:17#1 
247638     DEBUG Test worker     d.u.i.k.n.KeyIO           Load declarations of de.uka.ilkd.key.nparser.KeyAst$File:  file:/D:/a/key/key/key.core/build/resources/main/de/uka/ilkd/key/proof/rules/wellfound.key:19#1 
247638     DEBUG Test worker     d.u.i.k.n.KeyIO           Load declarations of de.uka.ilkd.key.nparser.KeyAst$File:  file:/D:/a/key/key/key.core/build/resources/main/de/uka/ilkd/key/proof/rules/charListHeader.key:1#1 
247638     DEBUG Test worker     d.u.i.k.n.KeyIO           Load declarations of de.uka.ilkd.key.nparser.KeyAst$File:  file:/D:/a/key/key/key.core/build/resources/main/de/uka/ilkd/key/proof/rules/ldt.key:10#1 
247638     INFO  Test worker     d.u.i.k.n.KeyIO           MODE: declarations took 0 ms 
247638     DEBUG Test worker     d.u.i.k.n.KeyIO           MODE: 2nd degree decls took 0 
247638     INFO  Test worker     d.u.i.k.n.ExprTest        Term: lt(mul(mod(aa,bb),cc),Z(neglit(3(2(1(#)))))) 
247654     DEBUG Test worker     d.u.i.k.n.ParsingFacade   PARSING file:/D:/a/key/key/key.core/build/resources/main/de/uka/ilkd/key/proof/rules/ldt.key took 0 ms 
247654     DEBUG Test worker     d.u.i.k.n.ParsingFacade   PARSING file:/D:/a/key/key/key.core/build/resources/main/de/uka/ilkd/key/proof/rules/charListHeader.key took 0 ms 
247654     DEBUG Test worker     d.u.i.k.n.ParsingFacade   PARSING file:/D:/a/key/key/key.core/build/resources/main/de/uka/ilkd/key/proof/rules/wellfound.key took 0 ms 
247654     DEBUG Test worker     d.u.i.k.n.ParsingFacade   PARSING file:/D:/a/key/key/key.core/build/resources/main/de/uka/ilkd/key/proof/rules/freeADT.key took 0 ms 
247669     DEBUG Test worker     d.u.i.k.n.ParsingFacade   PARSING file:/D:/a/key/key/key.core/build/resources/main/de/uka/ilkd/key/proof/rules/map.key took 15 ms 
247669     DEBUG Test worker     d.u.i.k.n.ParsingFacade   PARSING file:/D:/a/key/key/key.core/build/resources/main/de/uka/ilkd/key/proof/rules/seq.key took 0 ms 
247669     DEBUG Test worker     d.u.i.k.n.ParsingFacade   PARSING file:/D:/a/key/key/key.core/build/resources/main/de/uka/ilkd/key/proof/rules/reach.key took 0 ms 
247669     DEBUG Test worker     d.u.i.k.n.ParsingFacade   PARSING file:/D:/a/key/key/key.core/build/resources/main/de/uka/ilkd/key/proof/rules/permission.key took 0 ms 
247669     DEBUG Test worker     d.u.i.k.n.ParsingFacade   PARSING file:/D:/a/key/key/key.core/build/resources/main/de/uka/ilkd/key/proof/rules/locSets.key took 0 ms 
247669     DEBUG Test worker     d.u.i.k.n.ParsingFacade   PARSING file:/D:/a/key/key/key.core/build/resources/main/de/uka/ilkd/key/proof/rules/heap.key took 0 ms 
247669     DEBUG Test worker     d.u.i.k.n.ParsingFacade   PARSING file:/D:/a/key/key/key.core/build/resources/main/de/uka/ilkd/key/proof/rules/floatHeader.key took 0 ms 
247669     DEBUG Test worker     d.u.i.k.n.ParsingFacade   PARSING file:/D:/a/key/key/key.core/build/resources/main/de/uka/ilkd/key/proof/rules/integerHeader.key took 0 ms 
247669     DEBUG Test worker     d.u.i.k.n.ParsingFacade   PARSING file:/D:/a/key/key/key.core/build/resources/main/de/uka/ilkd/key/proof/rules/ruleSetsDeclarations.key took 0 ms 
247669     DEBUG Test worker     d.u.i.k.n.ParsingFacade   PARSING file:/D:/a/key/key/key.core/build/resources/main/de/uka/ilkd/key/proof/rules/boolean.key took 0 ms 
247669     INFO  Test worker     d.u.i.k.n.KeyIO           Parsing took 15 ms 
247669     DEBUG Test worker     d.u.i.k.n.KeyIO           Load declarations of de.uka.ilkd.key.nparser.KeyAst$File:  file:/D:/a/key/key/key.core/build/resources/main/de/uka/ilkd/key/proof/rules/boolean.key:1#1 
247669     DEBUG Test worker     d.u.i.k.n.KeyIO           Load declarations of de.uka.ilkd.key.nparser.KeyAst$File:  file:/D:/a/key/key/key.core/build/resources/main/de/uka/ilkd/key/proof/rules/ruleSetsDeclarations.key:5#1 
247669     DEBUG Test worker     d.u.i.k.n.KeyIO           Load declarations of de.uka.ilkd.key.nparser.KeyAst$File:  file:/D:/a/key/key/key.core/build/resources/main/de/uka/ilkd/key/proof/rules/integerHeader.key:1#1 
247669     DEBUG Test worker     d.u.i.k.n.KeyIO           Load declarations of de.uka.ilkd.key.nparser.KeyAst$File:  file:/D:/a/key/key/key.core/build/resources/main/de/uka/ilkd/key/proof/rules/floatHeader.key:14#1 
247669     DEBUG Test worker     d.u.i.k.n.KeyIO           Load declarations of de.uka.ilkd.key.nparser.KeyAst$File:  file:/D:/a/key/key/key.core/build/resources/main/de/uka/ilkd/key/proof/rules/heap.key:4#1 
247669     DEBUG Test worker     d.u.i.k.n.KeyIO           Load declarations of de.uka.ilkd.key.nparser.KeyAst$File:  file:/D:/a/key/key/key.core/build/resources/main/de/uka/ilkd/key/proof/rules/locSets.key:4#1 
247669     DEBUG Test worker     d.u.i.k.n.KeyIO           Load declarations of de.uka.ilkd.key.nparser.KeyAst$File:  file:/D:/a/key/key/key.core/build/resources/main/de/uka/ilkd/key/proof/rules/permission.key:1#1 
247669     DEBUG Test worker     d.u.i.k.n.KeyIO           Load declarations of de.uka.ilkd.key.nparser.KeyAst$File:  file:/D:/a/key/key/key.core/build/resources/main/de/uka/ilkd/key/proof/rules/reach.key:3#1 
247669     DEBUG Test worker     d.u.i.k.n.KeyIO           Load declarations of de.uka.ilkd.key.nparser.KeyAst$File:  file:/D:/a/key/key/key.core/build/resources/main/de/uka/ilkd/key/proof/rules/seq.key:11#1 
247669     DEBUG Test worker     d.u.i.k.n.KeyIO           Load declarations of de.uka.ilkd.key.nparser.KeyAst$File:  file:/D:/a/key/key/key.core/build/resources/main/de/uka/ilkd/key/proof/rules/map.key:1#1 
247669     DEBUG Test worker     d.u.i.k.n.KeyIO           Load declarations of de.uka.ilkd.key.nparser.KeyAst$File:  file:/D:/a/key/key/key.core/build/resources/main/de/uka/ilkd/key/proof/rules/freeADT.key:17#1 
247685     DEBUG Test worker     d.u.i.k.n.KeyIO           Load declarations of de.uka.ilkd.key.nparser.KeyAst$File:  file:/D:/a/key/key/key.core/build/resources/main/de/uka/ilkd/key/proof/rules/wellfound.key:19#1 
247685     DEBUG Test worker     d.u.i.k.n.KeyIO           Load declarations of de.uka.ilkd.key.nparser.KeyAst$File:  file:/D:/a/key/key/key.core/build/resources/main/de/uka/ilkd/key/proof/rules/charListHeader.key:1#1 
247685     DEBUG Test worker     d.u.i.k.n.KeyIO           Load declarations of de.uka.ilkd.key.nparser.KeyAst$File:  file:/D:/a/key/key/key.core/build/resources/main/de/uka/ilkd/key/proof/rules/ldt.key:10#1 
247685     INFO  Test worker     d.u.i.k.n.KeyIO           MODE: declarations took 16 ms 
247685     DEBUG Test worker     d.u.i.k.n.KeyIO           MODE: 2nd degree decls took 0 
247685     INFO  Test worker     d.u.i.k.n.ExprTest        Term: all{x:int}(true) 
247685     DEBUG Test worker     d.u.i.k.n.ParsingFacade   PARSING file:/D:/a/key/key/key.core/build/resources/main/de/uka/ilkd/key/proof/rules/ldt.key took 0 ms 
247701     DEBUG Test worker     d.u.i.k.n.ParsingFacade   PARSING file:/D:/a/key/key/key.core/build/resources/main/de/uka/ilkd/key/proof/rules/charListHeader.key took 0 ms 
247701     DEBUG Test worker     d.u.i.k.n.ParsingFacade   PARSING file:/D:/a/key/key/key.core/build/resources/main/de/uka/ilkd/key/proof/rules/wellfound.key took 0 ms 
247701     DEBUG Test worker     d.u.i.k.n.ParsingFacade   PARSING file:/D:/a/key/key/key.core/build/resources/main/de/uka/ilkd/key/proof/rules/freeADT.key took 0 ms 
247701     DEBUG Test worker     d.u.i.k.n.ParsingFacade   PARSING file:/D:/a/key/key/key.core/build/resources/main/de/uka/ilkd/key/proof/rules/map.key took 0 ms 
247701     DEBUG Test worker     d.u.i.k.n.ParsingFacade   PARSING file:/D:/a/key/key/key.core/build/resources/main/de/uka/ilkd/key/proof/rules/seq.key took 0 ms 
247701     DEBUG Test worker     d.u.i.k.n.ParsingFacade   PARSING file:/D:/a/key/key/key.core/build/resources/main/de/uka/ilkd/key/proof/rules/reach.key took 0 ms 
247701     DEBUG Test worker     d.u.i.k.n.ParsingFacade   PARSING file:/D:/a/key/key/key.core/build/resources/main/de/uka/ilkd/key/proof/rules/permission.key took 0 ms 
247701     DEBUG Test worker     d.u.i.k.n.ParsingFacade   PARSING file:/D:/a/key/key/key.core/build/resources/main/de/uka/ilkd/key/proof/rules/locSets.key took 0 ms 
247701     DEBUG Test worker     d.u.i.k.n.ParsingFacade   PARSING file:/D:/a/key/key/key.core/build/resources/main/de/uka/ilkd/key/proof/rules/heap.key took 0 ms 
247701     DEBUG Test worker     d.u.i.k.n.ParsingFacade   PARSING file:/D:/a/key/key/key.core/build/resources/main/de/uka/ilkd/key/proof/rules/floatHeader.key took 0 ms 
247701     DEBUG Test worker     d.u.i.k.n.ParsingFacade   PARSING file:/D:/a/key/key/key.core/build/resources/main/de/uka/ilkd/key/proof/rules/integerHeader.key took 0 ms 
247701     DEBUG Test worker     d.u.i.k.n.ParsingFacade   PARSING file:/D:/a/key/key/key.core/build/resources/main/de/uka/ilkd/key/proof/rules/ruleSetsDeclarations.key took 0 ms 
247701     DEBUG Test worker     d.u.i.k.n.ParsingFacade   PARSING file:/D:/a/key/key/key.core/build/resources/main/de/uka/ilkd/key/proof/rules/boolean.key took 0 ms 
247701     INFO  Test worker     d.u.i.k.n.KeyIO           Parsing took 16 ms 
247701     DEBUG Test worker     d.u.i.k.n.KeyIO           Load declarations of de.uka.ilkd.key.nparser.KeyAst$File:  file:/D:/a/key/key/key.core/build/resources/main/de/uka/ilkd/key/proof/rules/boolean.key:1#1 
247701     DEBUG Test worker     d.u.i.k.n.KeyIO           Load declarations of de.uka.ilkd.key.nparser.KeyAst$File:  file:/D:/a/key/key/key.core/build/resources/main/de/uka/ilkd/key/proof/rules/ruleSetsDeclarations.key:5#1 
247716     DEBUG Test worker     d.u.i.k.n.KeyIO           Load declarations of de.uka.ilkd.key.nparser.KeyAst$File:  file:/D:/a/key/key/key.core/build/resources/main/de/uka/ilkd/key/proof/rules/integerHeader.key:1#1 
247716     DEBUG Test worker     d.u.i.k.n.KeyIO           Load declarations of de.uka.ilkd.key.nparser.KeyAst$File:  file:/D:/a/key/key/key.core/build/resources/main/de/uka/ilkd/key/proof/rules/floatHeader.key:14#1 
247716     DEBUG Test worker     d.u.i.k.n.KeyIO           Load declarations of de.uka.ilkd.key.nparser.KeyAst$File:  file:/D:/a/key/key/key.core/build/resources/main/de/uka/ilkd/key/proof/rules/heap.key:4#1 
247716     DEBUG Test worker     d.u.i.k.n.KeyIO           Load declarations of de.uka.ilkd.key.nparser.KeyAst$File:  file:/D:/a/key/key/key.core/build/resources/main/de/uka/ilkd/key/proof/rules/locSets.key:4#1 
247716     DEBUG Test worker     d.u.i.k.n.KeyIO           Load declarations of de.uka.ilkd.key.nparser.KeyAst$File:  file:/D:/a/key/key/key.core/build/resources/main/de/uka/ilkd/key/proof/rules/permission.key:1#1 
247716     DEBUG Test worker     d.u.i.k.n.KeyIO           Load declarations of de.uka.ilkd.key.nparser.KeyAst$File:  file:/D:/a/key/key/key.core/build/resources/main/de/uka/ilkd/key/proof/rules/reach.key:3#1 
247716     DEBUG Test worker     d.u.i.k.n.KeyIO           Load declarations of de.uka.ilkd.key.nparser.KeyAst$File:  file:/D:/a/key/key/key.core/build/resources/main/de/uka/ilkd/key/proof/rules/seq.key:11#1 
247716     DEBUG Test worker     d.u.i.k.n.KeyIO           Load declarations of de.uka.ilkd.key.nparser.KeyAst$File:  file:/D:/a/key/key/key.core/build/resources/main/de/uka/ilkd/key/proof/rules/map.key:1#1 
247716     DEBUG Test worker     d.u.i.k.n.KeyIO           Load declarations of de.uka.ilkd.key.nparser.KeyAst$File:  file:/D:/a/key/key/key.core/build/resources/main/de/uka/ilkd/key/proof/rules/freeADT.key:17#1 
247716     DEBUG Test worker     d.u.i.k.n.KeyIO           Load declarations of de.uka.ilkd.key.nparser.KeyAst$File:  file:/D:/a/key/key/key.core/build/resources/main/de/uka/ilkd/key/proof/rules/wellfound.key:19#1 
247716     DEBUG Test worker     d.u.i.k.n.KeyIO           Load declarations of de.uka.ilkd.key.nparser.KeyAst$File:  file:/D:/a/key/key/key.core/build/resources/main/de/uka/ilkd/key/proof/rules/charListHeader.key:1#1 
247716     DEBUG Test worker     d.u.i.k.n.KeyIO           Load declarations of de.uka.ilkd.key.nparser.KeyAst$File:  file:/D:/a/key/key/key.core/build/resources/main/de/uka/ilkd/key/proof/rules/ldt.key:10#1 
247716     INFO  Test worker     d.u.i.k.n.KeyIO           MODE: declarations took 15 ms 
247716     DEBUG Test worker     d.u.i.k.n.KeyIO           MODE: 2nd degree decls took 0 
247716     INFO  Test worker     d.u.i.k.n.ExprTest        Term: all{x:numbers}(equals(x,x)) 
247732     DEBUG Test worker     d.u.i.k.n.ParsingFacade   PARSING file:/D:/a/key/key/key.core/build/resources/main/de/uka/ilkd/key/proof/rules/ldt.key took 0 ms 
247732     DEBUG Test worker     d.u.i.k.n.ParsingFacade   PARSING file:/D:/a/key/key/key.core/build/resources/main/de/uka/ilkd/key/proof/rules/charListHeader.key took 0 ms 
247732     DEBUG Test worker     d.u.i.k.n.ParsingFacade   PARSING file:/D:/a/key/key/key.core/build/resources/main/de/uka/ilkd/key/proof/rules/wellfound.key took 0 ms 
247732     DEBUG Test worker     d.u.i.k.n.ParsingFacade   PARSING file:/D:/a/key/key/key.core/build/resources/main/de/uka/ilkd/key/proof/rules/freeADT.key took 0 ms 
247732     DEBUG Test worker     d.u.i.k.n.ParsingFacade   PARSING file:/D:/a/key/key/key.core/build/resources/main/de/uka/ilkd/key/proof/rules/map.key took 0 ms 
247732     DEBUG Test worker     d.u.i.k.n.ParsingFacade   PARSING file:/D:/a/key/key/key.core/build/resources/main/de/uka/ilkd/key/proof/rules/seq.key took 0 ms 
247732     DEBUG Test worker     d.u.i.k.n.ParsingFacade   PARSING file:/D:/a/key/key/key.core/build/resources/main/de/uka/ilkd/key/proof/rules/reach.key took 0 ms 
247748     DEBUG Test worker     d.u.i.k.n.ParsingFacade   PARSING file:/D:/a/key/key/key.core/build/resources/main/de/uka/ilkd/key/proof/rules/permission.key took 0 ms 
247748     DEBUG Test worker     d.u.i.k.n.ParsingFacade   PARSING file:/D:/a/key/key/key.core/build/resources/main/de/uka/ilkd/key/proof/rules/locSets.key took 0 ms 
247748     DEBUG Test worker     d.u.i.k.n.ParsingFacade   PARSING file:/D:/a/key/key/key.core/build/resources/main/de/uka/ilkd/key/proof/rules/heap.key took 0 ms 
247748     DEBUG Test worker     d.u.i.k.n.ParsingFacade   PARSING file:/D:/a/key/key/key.core/build/resources/main/de/uka/ilkd/key/proof/rules/floatHeader.key took 0 ms 
247748     DEBUG Test worker     d.u.i.k.n.ParsingFacade   PARSING file:/D:/a/key/key/key.core/build/resources/main/de/uka/ilkd/key/proof/rules/integerHeader.key took 0 ms 
247935     DEBUG Test worker     d.u.i.k.n.ParsingFacade   PARSING file:/D:/a/key/key/key.core/build/resources/main/de/uka/ilkd/key/proof/rules/ruleSetsDeclarations.key took 15 ms 
247935     DEBUG Test worker     d.u.i.k.n.ParsingFacade   PARSING file:/D:/a/key/key/key.core/build/resources/main/de/uka/ilkd/key/proof/rules/boolean.key took 0 ms 
247935     INFO  Test worker     d.u.i.k.n.KeyIO           Parsing took 203 ms 
247935     DEBUG Test worker     d.u.i.k.n.KeyIO           Load declarations of de.uka.ilkd.key.nparser.KeyAst$File:  file:/D:/a/key/key/key.core/build/resources/main/de/uka/ilkd/key/proof/rules/boolean.key:1#1 
247935     DEBUG Test worker     d.u.i.k.n.KeyIO           Load declarations of de.uka.ilkd.key.nparser.KeyAst$File:  file:/D:/a/key/key/key.core/build/resources/main/de/uka/ilkd/key/proof/rules/ruleSetsDeclarations.key:5#1 
247935     DEBUG Test worker     d.u.i.k.n.KeyIO           Load declarations of de.uka.ilkd.key.nparser.KeyAst$File:  file:/D:/a/key/key/key.core/build/resources/main/de/uka/ilkd/key/proof/rules/integerHeader.key:1#1 
247935     DEBUG Test worker     d.u.i.k.n.KeyIO           Load declarations of de.uka.ilkd.key.nparser.KeyAst$File:  file:/D:/a/key/key/key.core/build/resources/main/de/uka/ilkd/key/proof/rules/floatHeader.key:14#1 
247935     DEBUG Test worker     d.u.i.k.n.KeyIO           Load declarations of de.uka.ilkd.key.nparser.KeyAst$File:  file:/D:/a/key/key/key.core/build/resources/main/de/uka/ilkd/key/proof/rules/heap.key:4#1 
247935     DEBUG Test worker     d.u.i.k.n.KeyIO           Load declarations of de.uka.ilkd.key.nparser.KeyAst$File:  file:/D:/a/key/key/key.core/build/resources/main/de/uka/ilkd/key/proof/rules/locSets.key:4#1 
247935     DEBUG Test worker     d.u.i.k.n.KeyIO           Load declarations of de.uka.ilkd.key.nparser.KeyAst$File:  file:/D:/a/key/key/key.core/build/resources/main/de/uka/ilkd/key/proof/rules/permission.key:1#1 
247935     DEBUG Test worker     d.u.i.k.n.KeyIO           Load declarations of de.uka.ilkd.key.nparser.KeyAst$File:  file:/D:/a/key/key/key.core/build/resources/main/de/uka/ilkd/key/proof/rules/reach.key:3#1 
247935     DEBUG Test worker     d.u.i.k.n.KeyIO           Load declarations of de.uka.ilkd.key.nparser.KeyAst$File:  file:/D:/a/key/key/key.core/build/resources/main/de/uka/ilkd/key/proof/rules/seq.key:11#1 
247935     DEBUG Test worker     d.u.i.k.n.KeyIO           Load declarations of de.uka.ilkd.key.nparser.KeyAst$File:  file:/D:/a/key/key/key.core/build/resources/main/de/uka/ilkd/key/proof/rules/map.key:1#1 
247935     DEBUG Test worker     d.u.i.k.n.KeyIO           Load declarations of de.uka.ilkd.key.nparser.KeyAst$File:  file:/D:/a/key/key/key.core/build/resources/main/de/uka/ilkd/key/proof/rules/freeADT.key:17#1 
247935     DEBUG Test worker     d.u.i.k.n.KeyIO           Load declarations of de.uka.ilkd.key.nparser.KeyAst$File:  file:/D:/a/key/key/key.core/build/resources/main/de/uka/ilkd/key/proof/rules/wellfound.key:19#1 
247935     DEBUG Test worker     d.u.i.k.n.KeyIO           Load declarations of de.uka.ilkd.key.nparser.KeyAst$File:  file:/D:/a/key/key/key.core/build/resources/main/de/uka/ilkd/key/proof/rules/charListHeader.key:1#1 
247935     DEBUG Test worker     d.u.i.k.n.KeyIO           Load declarations of de.uka.ilkd.key.nparser.KeyAst$File:  file:/D:/a/key/key/key.core/build/resources/main/de/uka/ilkd/key/proof/rules/ldt.key:10#1 
247951     INFO  Test worker     d.u.i.k.n.KeyIO           MODE: declarations took 16 ms 
247951     DEBUG Test worker     d.u.i.k.n.KeyIO           MODE: 2nd degree decls took 0 
247951     INFO  Test worker     d.u.i.k.n.ExprTest        Term: add(int::cast(Z(3(#))),Z(2(#))) 
247951     DEBUG Test worker     d.u.i.k.n.ParsingFacade   PARSING file:/D:/a/key/key/key.core/build/resources/main/de/uka/ilkd/key/proof/rules/ldt.key took 0 ms 
247998     DEBUG Test worker     d.u.i.k.n.ParsingFacade   PARSING file:/D:/a/key/key/key.core/build/resources/main/de/uka/ilkd/key/proof/rules/charListHeader.key took 0 ms 
247998     DEBUG Test worker     d.u.i.k.n.ParsingFacade   PARSING file:/D:/a/key/key/key.core/build/resources/main/de/uka/ilkd/key/proof/rules/wellfound.key took 0 ms 
247998     DEBUG Test worker     d.u.i.k.n.ParsingFacade   PARSING file:/D:/a/key/key/key.core/build/resources/main/de/uka/ilkd/key/proof/rules/freeADT.key took 0 ms 
248013     DEBUG Test worker     d.u.i.k.n.ParsingFacade   PARSING file:/D:/a/key/key/key.core/build/resources/main/de/uka/ilkd/key/proof/rules/map.key took 15 ms 
248013     DEBUG Test worker     d.u.i.k.n.ParsingFacade   PARSING file:/D:/a/key/key/key.core/build/resources/main/de/uka/ilkd/key/proof/rules/seq.key took 0 ms 
248013     DEBUG Test worker     d.u.i.k.n.ParsingFacade   PARSING file:/D:/a/key/key/key.core/build/resources/main/de/uka/ilkd/key/proof/rules/reach.key took 0 ms 
248029     DEBUG Test worker     d.u.i.k.n.ParsingFacade   PARSING file:/D:/a/key/key/key.core/build/resources/main/de/uka/ilkd/key/proof/rules/permission.key took 16 ms 
248029     DEBUG Test worker     d.u.i.k.n.ParsingFacade   PARSING file:/D:/a/key/key/key.core/build/resources/main/de/uka/ilkd/key/proof/rules/locSets.key took 0 ms 
248029     DEBUG Test worker     d.u.i.k.n.ParsingFacade   PARSING file:/D:/a/key/key/key.core/build/resources/main/de/uka/ilkd/key/proof/rules/heap.key took 0 ms 
248045     DEBUG Test worker     d.u.i.k.n.ParsingFacade   PARSING file:/D:/a/key/key/key.core/build/resources/main/de/uka/ilkd/key/proof/rules/floatHeader.key took 0 ms 
248045     DEBUG Test worker     d.u.i.k.n.ParsingFacade   PARSING file:/D:/a/key/key/key.core/build/resources/main/de/uka/ilkd/key/proof/rules/integerHeader.key took 0 ms 
248045     DEBUG Test worker     d.u.i.k.n.ParsingFacade   PARSING file:/D:/a/key/key/key.core/build/resources/main/de/uka/ilkd/key/proof/rules/ruleSetsDeclarations.key took 0 ms 
248045     DEBUG Test worker     d.u.i.k.n.ParsingFacade   PARSING file:/D:/a/key/key/key.core/build/resources/main/de/uka/ilkd/key/proof/rules/boolean.key took 0 ms 
248045     INFO  Test worker     d.u.i.k.n.KeyIO           Parsing took 94 ms 
248045     DEBUG Test worker     d.u.i.k.n.KeyIO           Load declarations of de.uka.ilkd.key.nparser.KeyAst$File:  file:/D:/a/key/key/key.core/build/resources/main/de/uka/ilkd/key/proof/rules/boolean.key:1#1 
248045     DEBUG Test worker     d.u.i.k.n.KeyIO           Load declarations of de.uka.ilkd.key.nparser.KeyAst$File:  file:/D:/a/key/key/key.core/build/resources/main/de/uka/ilkd/key/proof/rules/ruleSetsDeclarations.key:5#1 
248045     DEBUG Test worker     d.u.i.k.n.KeyIO           Load declarations of de.uka.ilkd.key.nparser.KeyAst$File:  file:/D:/a/key/key/key.core/build/resources/main/de/uka/ilkd/key/proof/rules/integerHeader.key:1#1 
248045     DEBUG Test worker     d.u.i.k.n.KeyIO           Load declarations of de.uka.ilkd.key.nparser.KeyAst$File:  file:/D:/a/key/key/key.core/build/resources/main/de/uka/ilkd/key/proof/rules/floatHeader.key:14#1 
248045     DEBUG Test worker     d.u.i.k.n.KeyIO           Load declarations of de.uka.ilkd.key.nparser.KeyAst$File:  file:/D:/a/key/key/key.core/build/resources/main/de/uka/ilkd/key/proof/rules/heap.key:4#1 
248045     DEBUG Test worker     d.u.i.k.n.KeyIO           Load declarations of de.uka.ilkd.key.nparser.KeyAst$File:  file:/D:/a/key/key/key.core/build/resources/main/de/uka/ilkd/key/proof/rules/locSets.key:4#1 
248045     DEBUG Test worker     d.u.i.k.n.KeyIO           Load declarations of de.uka.ilkd.key.nparser.KeyAst$File:  file:/D:/a/key/key/key.core/build/resources/main/de/uka/ilkd/key/proof/rules/permission.key:1#1 
248045     DEBUG Test worker     d.u.i.k.n.KeyIO           Load declarations of de.uka.ilkd.key.nparser.KeyAst$File:  file:/D:/a/key/key/key.core/build/resources/main/de/uka/ilkd/key/proof/rules/reach.key:3#1 
248045     DEBUG Test worker     d.u.i.k.n.KeyIO           Load declarations of de.uka.ilkd.key.nparser.KeyAst$File:  file:/D:/a/key/key/key.core/build/resources/main/de/uka/ilkd/key/proof/rules/seq.key:11#1 
248045     DEBUG Test worker     d.u.i.k.n.KeyIO           Load declarations of de.uka.ilkd.key.nparser.KeyAst$File:  file:/D:/a/key/key/key.core/build/resources/main/de/uka/ilkd/key/proof/rules/map.key:1#1 
248045     DEBUG Test worker     d.u.i.k.n.KeyIO           Load declarations of de.uka.ilkd.key.nparser.KeyAst$File:  file:/D:/a/key/key/key.core/build/resources/main/de/uka/ilkd/key/proof/rules/freeADT.key:17#1 
248045     DEBUG Test worker     d.u.i.k.n.KeyIO           Load declarations of de.uka.ilkd.key.nparser.KeyAst$File:  file:/D:/a/key/key/key.core/build/resources/main/de/uka/ilkd/key/proof/rules/wellfound.key:19#1 
248045     DEBUG Test worker     d.u.i.k.n.KeyIO           Load declarations of de.uka.ilkd.key.nparser.KeyAst$File:  file:/D:/a/key/key/key.core/build/resources/main/de/uka/ilkd/key/proof/rules/charListHeader.key:1#1 
248045     DEBUG Test worker     d.u.i.k.n.KeyIO           Load declarations of de.uka.ilkd.key.nparser.KeyAst$File:  file:/D:/a/key/key/key.core/build/resources/main/de/uka/ilkd/key/proof/rules/ldt.key:10#1 
248045     INFO  Test worker     d.u.i.k.n.KeyIO           MODE: declarations took 0 ms 
248045     DEBUG Test worker     d.u.i.k.n.KeyIO           MODE: 2nd degree decls took 0 
248045     INFO  Test worker     d.u.i.k.n.ExprTest        Term: equals(addFloat(FP(6(1(2(3(5(3(5(6(0(1(#))))))))))),FP(6(1(2(3(5(3(5(6(0(1(#)))))))))))),mulFloat(FP(4(2(8(1(4(7(3(7(0(1(#))))))))))),subFloat(FP(4(2(8(1(4(7(3(7(0(1(#))))))))))),FP(6(1(2(3(5(3(5(6(0(1(#)))))))))))))) 
248060     DEBUG Test worker     d.u.i.k.n.ParsingFacade   PARSING file:/D:/a/key/key/key.core/build/resources/main/de/uka/ilkd/key/proof/rules/ldt.key took 0 ms 
248060     DEBUG Test worker     d.u.i.k.n.ParsingFacade   PARSING file:/D:/a/key/key/key.core/build/resources/main/de/uka/ilkd/key/proof/rules/charListHeader.key took 0 ms 
248060     DEBUG Test worker     d.u.i.k.n.ParsingFacade   PARSING file:/D:/a/key/key/key.core/build/resources/main/de/uka/ilkd/key/proof/rules/wellfound.key took 0 ms 
248060     DEBUG Test worker     d.u.i.k.n.ParsingFacade   PARSING file:/D:/a/key/key/key.core/build/resources/main/de/uka/ilkd/key/proof/rules/freeADT.key took 0 ms 
248076     DEBUG Test worker     d.u.i.k.n.ParsingFacade   PARSING file:/D:/a/key/key/key.core/build/resources/main/de/uka/ilkd/key/proof/rules/map.key took 16 ms 
248076     DEBUG Test worker     d.u.i.k.n.ParsingFacade   PARSING file:/D:/a/key/key/key.core/build/resources/main/de/uka/ilkd/key/proof/rules/seq.key took 0 ms 
248076     DEBUG Test worker     d.u.i.k.n.ParsingFacade   PARSING file:/D:/a/key/key/key.core/build/resources/main/de/uka/ilkd/key/proof/rules/reach.key took 0 ms 
248076     DEBUG Test worker     d.u.i.k.n.ParsingFacade   PARSING file:/D:/a/key/key/key.core/build/resources/main/de/uka/ilkd/key/proof/rules/permission.key took 0 ms 
248076     DEBUG Test worker     d.u.i.k.n.ParsingFacade   PARSING file:/D:/a/key/key/key.core/build/resources/main/de/uka/ilkd/key/proof/rules/locSets.key took 0 ms 
248076     DEBUG Test worker     d.u.i.k.n.ParsingFacade   PARSING file:/D:/a/key/key/key.core/build/resources/main/de/uka/ilkd/key/proof/rules/heap.key took 0 ms 
248076     DEBUG Test worker     d.u.i.k.n.ParsingFacade   PARSING file:/D:/a/key/key/key.core/build/resources/main/de/uka/ilkd/key/proof/rules/floatHeader.key took 0 ms 
248076     DEBUG Test worker     d.u.i.k.n.ParsingFacade   PARSING file:/D:/a/key/key/key.core/build/resources/main/de/uka/ilkd/key/proof/rules/integerHeader.key took 0 ms 
248076     DEBUG Test worker     d.u.i.k.n.ParsingFacade   PARSING file:/D:/a/key/key/key.core/build/resources/main/de/uka/ilkd/key/proof/rules/ruleSetsDeclarations.key took 0 ms 
248076     DEBUG Test worker     d.u.i.k.n.ParsingFacade   PARSING file:/D:/a/key/key/key.core/build/resources/main/de/uka/ilkd/key/proof/rules/boolean.key took 0 ms 
248076     INFO  Test worker     d.u.i.k.n.KeyIO           Parsing took 16 ms 
248076     DEBUG Test worker     d.u.i.k.n.KeyIO           Load declarations of de.uka.ilkd.key.nparser.KeyAst$File:  file:/D:/a/key/key/key.core/build/resources/main/de/uka/ilkd/key/proof/rules/boolean.key:1#1 
248076     DEBUG Test worker     d.u.i.k.n.KeyIO           Load declarations of de.uka.ilkd.key.nparser.KeyAst$File:  file:/D:/a/key/key/key.core/build/resources/main/de/uka/ilkd/key/proof/rules/ruleSetsDeclarations.key:5#1 
248076     DEBUG Test worker     d.u.i.k.n.KeyIO           Load declarations of de.uka.ilkd.key.nparser.KeyAst$File:  file:/D:/a/key/key/key.core/build/resources/main/de/uka/ilkd/key/proof/rules/integerHeader.key:1#1 
248076     DEBUG Test worker     d.u.i.k.n.KeyIO           Load declarations of de.uka.ilkd.key.nparser.KeyAst$File:  file:/D:/a/key/key/key.core/build/resources/main/de/uka/ilkd/key/proof/rules/floatHeader.key:14#1 
248076     DEBUG Test worker     d.u.i.k.n.KeyIO           Load declarations of de.uka.ilkd.key.nparser.KeyAst$File:  file:/D:/a/key/key/key.core/build/resources/main/de/uka/ilkd/key/proof/rules/heap.key:4#1 
248092     DEBUG Test worker     d.u.i.k.n.KeyIO           Load declarations of de.uka.ilkd.key.nparser.KeyAst$File:  file:/D:/a/key/key/key.core/build/resources/main/de/uka/ilkd/key/proof/rules/locSets.key:4#1 
248092     DEBUG Test worker     d.u.i.k.n.KeyIO           Load declarations of de.uka.ilkd.key.nparser.KeyAst$File:  file:/D:/a/key/key/key.core/build/resources/main/de/uka/ilkd/key/proof/rules/permission.key:1#1 
248092     DEBUG Test worker     d.u.i.k.n.KeyIO           Load declarations of de.uka.ilkd.key.nparser.KeyAst$File:  file:/D:/a/key/key/key.core/build/resources/main/de/uka/ilkd/key/proof/rules/reach.key:3#1 
248092     DEBUG Test worker     d.u.i.k.n.KeyIO           Load declarations of de.uka.ilkd.key.nparser.KeyAst$File:  file:/D:/a/key/key/key.core/build/resources/main/de/uka/ilkd/key/proof/rules/seq.key:11#1 
248092     DEBUG Test worker     d.u.i.k.n.KeyIO           Load declarations of de.uka.ilkd.key.nparser.KeyAst$File:  file:/D:/a/key/key/key.core/build/resources/main/de/uka/ilkd/key/proof/rules/map.key:1#1 
248092     DEBUG Test worker     d.u.i.k.n.KeyIO           Load declarations of de.uka.ilkd.key.nparser.KeyAst$File:  file:/D:/a/key/key/key.core/build/resources/main/de/uka/ilkd/key/proof/rules/freeADT.key:17#1 
248092     DEBUG Test worker     d.u.i.k.n.KeyIO           Load declarations of de.uka.ilkd.key.nparser.KeyAst$File:  file:/D:/a/key/key/key.core/build/resources/main/de/uka/ilkd/key/proof/rules/wellfound.key:19#1 
248092     DEBUG Test worker     d.u.i.k.n.KeyIO           Load declarations of de.uka.ilkd.key.nparser.KeyAst$File:  file:/D:/a/key/key/key.core/build/resources/main/de/uka/ilkd/key/proof/rules/charListHeader.key:1#1 
248092     DEBUG Test worker     d.u.i.k.n.KeyIO           Load declarations of de.uka.ilkd.key.nparser.KeyAst$File:  file:/D:/a/key/key/key.core/build/resources/main/de/uka/ilkd/key/proof/rules/ldt.key:10#1 
248092     INFO  Test worker     d.u.i.k.n.KeyIO           MODE: declarations took 16 ms 
248092     DEBUG Test worker     d.u.i.k.n.KeyIO           MODE: 2nd degree decls took 0 
248092     INFO  Test worker     d.u.i.k.n.ExprTest        Term: leqDouble(addDouble(DFP(8(0(4(7(1(0(0(0(8(8(1(4(2(8(1(7(0(6(4(#)))))))))))))))))))),DFP(8(0(4(7(1(0(0(0(8(8(1(4(2(8(1(7(0(6(4(#))))))))))))))))))))),mulDouble(DFP(4(8(7(6(0(0(2(8(9(0(9(8(0(4(2(1(4(6(4(#)))))))))))))))))))),DFP(5(7(6(7(8(0(4(0(3(9(2(2(8(1(9(6(7(5(4(#)))))))))))))))))))))) 
248107     DEBUG Test worker     d.u.i.k.n.ParsingFacade   PARSING file:/D:/a/key/key/key.core/build/resources/main/de/uka/ilkd/key/proof/rules/ldt.key took 0 ms 
248107     DEBUG Test worker     d.u.i.k.n.ParsingFacade   PARSING file:/D:/a/key/key/key.core/build/resources/main/de/uka/ilkd/key/proof/rules/charListHeader.key took 0 ms 
248107     DEBUG Test worker     d.u.i.k.n.ParsingFacade   PARSING file:/D:/a/key/key/key.core/build/resources/main/de/uka/ilkd/key/proof/rules/wellfound.key took 0 ms 
248107     DEBUG Test worker     d.u.i.k.n.ParsingFacade   PARSING file:/D:/a/key/key/key.core/build/resources/main/de/uka/ilkd/key/proof/rules/freeADT.key took 0 ms 
248107     DEBUG Test worker     d.u.i.k.n.ParsingFacade   PARSING file:/D:/a/key/key/key.core/build/resources/main/de/uka/ilkd/key/proof/rules/map.key took 0 ms 
248107     DEBUG Test worker     d.u.i.k.n.ParsingFacade   PARSING file:/D:/a/key/key/key.core/build/resources/main/de/uka/ilkd/key/proof/rules/seq.key took 0 ms 
248107     DEBUG Test worker     d.u.i.k.n.ParsingFacade   PARSING file:/D:/a/key/key/key.core/build/resources/main/de/uka/ilkd/key/proof/rules/reach.key took 0 ms 
248107     DEBUG Test worker     d.u.i.k.n.ParsingFacade   PARSING file:/D:/a/key/key/key.core/build/resources/main/de/uka/ilkd/key/proof/rules/permission.key took 0 ms 
248107     DEBUG Test worker     d.u.i.k.n.ParsingFacade   PARSING file:/D:/a/key/key/key.core/build/resources/main/de/uka/ilkd/key/proof/rules/locSets.key took 0 ms 
248123     DEBUG Test worker     d.u.i.k.n.ParsingFacade   PARSING file:/D:/a/key/key/key.core/build/resources/main/de/uka/ilkd/key/proof/rules/heap.key took 0 ms 
248123     DEBUG Test worker     d.u.i.k.n.ParsingFacade   PARSING file:/D:/a/key/key/key.core/build/resources/main/de/uka/ilkd/key/proof/rules/floatHeader.key took 0 ms 
248123     DEBUG Test worker     d.u.i.k.n.ParsingFacade   PARSING file:/D:/a/key/key/key.core/build/resources/main/de/uka/ilkd/key/proof/rules/integerHeader.key took 0 ms 
248123     DEBUG Test worker     d.u.i.k.n.ParsingFacade   PARSING file:/D:/a/key/key/key.core/build/resources/main/de/uka/ilkd/key/proof/rules/ruleSetsDeclarations.key took 0 ms 
248123     DEBUG Test worker     d.u.i.k.n.ParsingFacade   PARSING file:/D:/a/key/key/key.core/build/resources/main/de/uka/ilkd/key/proof/rules/boolean.key took 0 ms 
248123     INFO  Test worker     d.u.i.k.n.KeyIO           Parsing took 16 ms 
248123     DEBUG Test worker     d.u.i.k.n.KeyIO           Load declarations of de.uka.ilkd.key.nparser.KeyAst$File:  file:/D:/a/key/key/key.core/build/resources/main/de/uka/ilkd/key/proof/rules/boolean.key:1#1 
248123     DEBUG Test worker     d.u.i.k.n.KeyIO           Load declarations of de.uka.ilkd.key.nparser.KeyAst$File:  file:/D:/a/key/key/key.core/build/resources/main/de/uka/ilkd/key/proof/rules/ruleSetsDeclarations.key:5#1 
248123     DEBUG Test worker     d.u.i.k.n.KeyIO           Load declarations of de.uka.ilkd.key.nparser.KeyAst$File:  file:/D:/a/key/key/key.core/build/resources/main/de/uka/ilkd/key/proof/rules/integerHeader.key:1#1 
248123     DEBUG Test worker     d.u.i.k.n.KeyIO           Load declarations of de.uka.ilkd.key.nparser.KeyAst$File:  file:/D:/a/key/key/key.core/build/resources/main/de/uka/ilkd/key/proof/rules/floatHeader.key:14#1 
248123     DEBUG Test worker     d.u.i.k.n.KeyIO           Load declarations of de.uka.ilkd.key.nparser.KeyAst$File:  file:/D:/a/key/key/key.core/build/resources/main/de/uka/ilkd/key/proof/rules/heap.key:4#1 
248123     DEBUG Test worker     d.u.i.k.n.KeyIO           Load declarations of de.uka.ilkd.key.nparser.KeyAst$File:  file:/D:/a/key/key/key.core/build/resources/main/de/uka/ilkd/key/proof/rules/locSets.key:4#1 
248123     DEBUG Test worker     d.u.i.k.n.KeyIO           Load declarations of de.uka.ilkd.key.nparser.KeyAst$File:  file:/D:/a/key/key/key.core/build/resources/main/de/uka/ilkd/key/proof/rules/permission.key:1#1 
248123     DEBUG Test worker     d.u.i.k.n.KeyIO           Load declarations of de.uka.ilkd.key.nparser.KeyAst$File:  file:/D:/a/key/key/key.core/build/resources/main/de/uka/ilkd/key/proof/rules/reach.key:3#1 
248123     DEBUG Test worker     d.u.i.k.n.KeyIO           Load declarations of de.uka.ilkd.key.nparser.KeyAst$File:  file:/D:/a/key/key/key.core/build/resources/main/de/uka/ilkd/key/proof/rules/seq.key:11#1 
248123     DEBUG Test worker     d.u.i.k.n.KeyIO           Load declarations of de.uka.ilkd.key.nparser.KeyAst$File:  file:/D:/a/key/key/key.core/build/resources/main/de/uka/ilkd/key/proof/rules/map.key:1#1 
248123     DEBUG Test worker     d.u.i.k.n.KeyIO           Load declarations of de.uka.ilkd.key.nparser.KeyAst$File:  file:/D:/a/key/key/key.core/build/resources/main/de/uka/ilkd/key/proof/rules/freeADT.key:17#1 
248123     DEBUG Test worker     d.u.i.k.n.KeyIO           Load declarations of de.uka.ilkd.key.nparser.KeyAst$File:  file:/D:/a/key/key/key.core/build/resources/main/de/uka/ilkd/key/proof/rules/wellfound.key:19#1 
248123     DEBUG Test worker     d.u.i.k.n.KeyIO           Load declarations of de.uka.ilkd.key.nparser.KeyAst$File:  file:/D:/a/key/key/key.core/build/resources/main/de/uka/ilkd/key/proof/rules/charListHeader.key:1#1 
248123     DEBUG Test worker     d.u.i.k.n.KeyIO           Load declarations of de.uka.ilkd.key.nparser.KeyAst$File:  file:/D:/a/key/key/key.core/build/resources/main/de/uka/ilkd/key/proof/rules/ldt.key:10#1 
248123     INFO  Test worker     d.u.i.k.n.KeyIO           MODE: declarations took 0 ms 
248138     DEBUG Test worker     d.u.i.k.n.KeyIO           MODE: 2nd degree decls took 15 
248138     INFO  Test worker     d.u.i.k.n.ExprTest        Term: leqFloat(FP(6(1(2(3(5(3(5(6(0(1(#))))))))))),FP(4(2(8(1(4(7(3(7(0(1(#)))))))))))) 
248138     DEBUG Test worker     d.u.i.k.n.ParsingFacade   PARSING file:/D:/a/key/key/key.core/build/resources/main/de/uka/ilkd/key/proof/rules/ldt.key took 0 ms 
248138     DEBUG Test worker     d.u.i.k.n.ParsingFacade   PARSING file:/D:/a/key/key/key.core/build/resources/main/de/uka/ilkd/key/proof/rules/charListHeader.key took 0 ms 
248154     DEBUG Test worker     d.u.i.k.n.ParsingFacade   PARSING file:/D:/a/key/key/key.core/build/resources/main/de/uka/ilkd/key/proof/rules/wellfound.key took 16 ms 
248154     DEBUG Test worker     d.u.i.k.n.ParsingFacade   PARSING file:/D:/a/key/key/key.core/build/resources/main/de/uka/ilkd/key/proof/rules/freeADT.key took 0 ms 
248154     DEBUG Test worker     d.u.i.k.n.ParsingFacade   PARSING file:/D:/a/key/key/key.core/build/resources/main/de/uka/ilkd/key/proof/rules/map.key took 0 ms 
248154     DEBUG Test worker     d.u.i.k.n.ParsingFacade   PARSING file:/D:/a/key/key/key.core/build/resources/main/de/uka/ilkd/key/proof/rules/seq.key took 0 ms 
248154     DEBUG Test worker     d.u.i.k.n.ParsingFacade   PARSING file:/D:/a/key/key/key.core/build/resources/main/de/uka/ilkd/key/proof/rules/reach.key took 0 ms 
248154     DEBUG Test worker     d.u.i.k.n.ParsingFacade   PARSING file:/D:/a/key/key/key.core/build/resources/main/de/uka/ilkd/key/proof/rules/permission.key took 0 ms 
248154     DEBUG Test worker     d.u.i.k.n.ParsingFacade   PARSING file:/D:/a/key/key/key.core/build/resources/main/de/uka/ilkd/key/proof/rules/locSets.key took 0 ms 
248154     DEBUG Test worker     d.u.i.k.n.ParsingFacade   PARSING file:/D:/a/key/key/key.core/build/resources/main/de/uka/ilkd/key/proof/rules/heap.key took 0 ms 
248154     DEBUG Test worker     d.u.i.k.n.ParsingFacade   PARSING file:/D:/a/key/key/key.core/build/resources/main/de/uka/ilkd/key/proof/rules/floatHeader.key took 0 ms 
248154     DEBUG Test worker     d.u.i.k.n.ParsingFacade   PARSING file:/D:/a/key/key/key.core/build/resources/main/de/uka/ilkd/key/proof/rules/integerHeader.key took 0 ms 
248154     DEBUG Test worker     d.u.i.k.n.ParsingFacade   PARSING file:/D:/a/key/key/key.core/build/resources/main/de/uka/ilkd/key/proof/rules/ruleSetsDeclarations.key took 0 ms 
248154     DEBUG Test worker     d.u.i.k.n.ParsingFacade   PARSING file:/D:/a/key/key/key.core/build/resources/main/de/uka/ilkd/key/proof/rules/boolean.key took 0 ms 
248170     INFO  Test worker     d.u.i.k.n.KeyIO           Parsing took 32 ms 
248170     DEBUG Test worker     d.u.i.k.n.KeyIO           Load declarations of de.uka.ilkd.key.nparser.KeyAst$File:  file:/D:/a/key/key/key.core/build/resources/main/de/uka/ilkd/key/proof/rules/boolean.key:1#1 
248170     DEBUG Test worker     d.u.i.k.n.KeyIO           Load declarations of de.uka.ilkd.key.nparser.KeyAst$File:  file:/D:/a/key/key/key.core/build/resources/main/de/uka/ilkd/key/proof/rules/ruleSetsDeclarations.key:5#1 
248170     DEBUG Test worker     d.u.i.k.n.KeyIO           Load declarations of de.uka.ilkd.key.nparser.KeyAst$File:  file:/D:/a/key/key/key.core/build/resources/main/de/uka/ilkd/key/proof/rules/integerHeader.key:1#1 
248185     DEBUG Test worker     d.u.i.k.n.KeyIO           Load declarations of de.uka.ilkd.key.nparser.KeyAst$File:  file:/D:/a/key/key/key.core/build/resources/main/de/uka/ilkd/key/proof/rules/floatHeader.key:14#1 
248185     DEBUG Test worker     d.u.i.k.n.KeyIO           Load declarations of de.uka.ilkd.key.nparser.KeyAst$File:  file:/D:/a/key/key/key.core/build/resources/main/de/uka/ilkd/key/proof/rules/heap.key:4#1 
248185     DEBUG Test worker     d.u.i.k.n.KeyIO           Load declarations of de.uka.ilkd.key.nparser.KeyAst$File:  file:/D:/a/key/key/key.core/build/resources/main/de/uka/ilkd/key/proof/rules/locSets.key:4#1 
248185     DEBUG Test worker     d.u.i.k.n.KeyIO           Load declarations of de.uka.ilkd.key.nparser.KeyAst$File:  file:/D:/a/key/key/key.core/build/resources/main/de/uka/ilkd/key/proof/rules/permission.key:1#1 
248185     DEBUG Test worker     d.u.i.k.n.KeyIO           Load declarations of de.uka.ilkd.key.nparser.KeyAst$File:  file:/D:/a/key/key/key.core/build/resources/main/de/uka/ilkd/key/proof/rules/reach.key:3#1 
248185     DEBUG Test worker     d.u.i.k.n.KeyIO           Load declarations of de.uka.ilkd.key.nparser.KeyAst$File:  file:/D:/a/key/key/key.core/build/resources/main/de/uka/ilkd/key/proof/rules/seq.key:11#1 
248185     DEBUG Test worker     d.u.i.k.n.KeyIO           Load declarations of de.uka.ilkd.key.nparser.KeyAst$File:  file:/D:/a/key/key/key.core/build/resources/main/de/uka/ilkd/key/proof/rules/map.key:1#1 
248185     DEBUG Test worker     d.u.i.k.n.KeyIO           Load declarations of de.uka.ilkd.key.nparser.KeyAst$File:  file:/D:/a/key/key/key.core/build/resources/main/de/uka/ilkd/key/proof/rules/freeADT.key:17#1 
248185     DEBUG Test worker     d.u.i.k.n.KeyIO           Load declarations of de.uka.ilkd.key.nparser.KeyAst$File:  file:/D:/a/key/key/key.core/build/resources/main/de/uka/ilkd/key/proof/rules/wellfound.key:19#1 
248185     DEBUG Test worker     d.u.i.k.n.KeyIO           Load declarations of de.uka.ilkd.key.nparser.KeyAst$File:  file:/D:/a/key/key/key.core/build/resources/main/de/uka/ilkd/key/proof/rules/charListHeader.key:1#1 
248185     DEBUG Test worker     d.u.i.k.n.KeyIO           Load declarations of de.uka.ilkd.key.nparser.KeyAst$File:  file:/D:/a/key/key/key.core/build/resources/main/de/uka/ilkd/key/proof/rules/ldt.key:10#1 
248185     INFO  Test worker     d.u.i.k.n.KeyIO           MODE: declarations took 15 ms 
248185     DEBUG Test worker     d.u.i.k.n.KeyIO           MODE: 2nd degree decls took 0 
248185     INFO  Test worker     d.u.i.k.n.ExprTest        Term: gtDouble(DFP(4(0(9(7(8(3(7(2(4(8(1(0(6(8(6(1(1(6(4(#)))))))))))))))))))),DFP(8(0(4(7(1(0(0(0(8(8(1(4(2(8(1(7(0(6(4(#))))))))))))))))))))) 
248201     DEBUG Test worker     d.u.i.k.n.ParsingFacade   PARSING file:/D:/a/key/key/key.core/build/resources/main/de/uka/ilkd/key/proof/rules/ldt.key took 0 ms 
248201     DEBUG Test worker     d.u.i.k.n.ParsingFacade   PARSING file:/D:/a/key/key/key.core/build/resources/main/de/uka/ilkd/key/proof/rules/charListHeader.key took 0 ms 
248201     DEBUG Test worker     d.u.i.k.n.ParsingFacade   PARSING file:/D:/a/key/key/key.core/build/resources/main/de/uka/ilkd/key/proof/rules/wellfound.key took 0 ms 
248201     DEBUG Test worker     d.u.i.k.n.ParsingFacade   PARSING file:/D:/a/key/key/key.core/build/resources/main/de/uka/ilkd/key/proof/rules/freeADT.key took 0 ms 
248201     DEBUG Test worker     d.u.i.k.n.ParsingFacade   PARSING file:/D:/a/key/key/key.core/build/resources/main/de/uka/ilkd/key/proof/rules/map.key took 0 ms 
248201     DEBUG Test worker     d.u.i.k.n.ParsingFacade   PARSING file:/D:/a/key/key/key.core/build/resources/main/de/uka/ilkd/key/proof/rules/seq.key took 0 ms 
248217     DEBUG Test worker     d.u.i.k.n.ParsingFacade   PARSING file:/D:/a/key/key/key.core/build/resources/main/de/uka/ilkd/key/proof/rules/reach.key took 16 ms 
248217     DEBUG Test worker     d.u.i.k.n.ParsingFacade   PARSING file:/D:/a/key/key/key.core/build/resources/main/de/uka/ilkd/key/proof/rules/permission.key took 0 ms 
248217     DEBUG Test worker     d.u.i.k.n.ParsingFacade   PARSING file:/D:/a/key/key/key.core/build/resources/main/de/uka/ilkd/key/proof/rules/locSets.key took 0 ms 
248217     DEBUG Test worker     d.u.i.k.n.ParsingFacade   PARSING file:/D:/a/key/key/key.core/build/resources/main/de/uka/ilkd/key/proof/rules/heap.key took 0 ms 
248217     DEBUG Test worker     d.u.i.k.n.ParsingFacade   PARSING file:/D:/a/key/key/key.core/build/resources/main/de/uka/ilkd/key/proof/rules/floatHeader.key took 0 ms 
248217     DEBUG Test worker     d.u.i.k.n.ParsingFacade   PARSING file:/D:/a/key/key/key.core/build/resources/main/de/uka/ilkd/key/proof/rules/integerHeader.key took 0 ms 
248217     DEBUG Test worker     d.u.i.k.n.ParsingFacade   PARSING file:/D:/a/key/key/key.core/build/resources/main/de/uka/ilkd/key/proof/rules/ruleSetsDeclarations.key took 0 ms 
248217     DEBUG Test worker     d.u.i.k.n.ParsingFacade   PARSING file:/D:/a/key/key/key.core/build/resources/main/de/uka/ilkd/key/proof/rules/boolean.key took 0 ms 
248217     INFO  Test worker     d.u.i.k.n.KeyIO           Parsing took 16 ms 
248217     DEBUG Test worker     d.u.i.k.n.KeyIO           Load declarations of de.uka.ilkd.key.nparser.KeyAst$File:  file:/D:/a/key/key/key.core/build/resources/main/de/uka/ilkd/key/proof/rules/boolean.key:1#1 
248217     DEBUG Test worker     d.u.i.k.n.KeyIO           Load declarations of de.uka.ilkd.key.nparser.KeyAst$File:  file:/D:/a/key/key/key.core/build/resources/main/de/uka/ilkd/key/proof/rules/ruleSetsDeclarations.key:5#1 
248217     DEBUG Test worker     d.u.i.k.n.KeyIO           Load declarations of de.uka.ilkd.key.nparser.KeyAst$File:  file:/D:/a/key/key/key.core/build/resources/main/de/uka/ilkd/key/proof/rules/integerHeader.key:1#1 
248217     DEBUG Test worker     d.u.i.k.n.KeyIO           Load declarations of de.uka.ilkd.key.nparser.KeyAst$File:  file:/D:/a/key/key/key.core/build/resources/main/de/uka/ilkd/key/proof/rules/floatHeader.key:14#1 
248217     DEBUG Test worker     d.u.i.k.n.KeyIO           Load declarations of de.uka.ilkd.key.nparser.KeyAst$File:  file:/D:/a/key/key/key.core/build/resources/main/de/uka/ilkd/key/proof/rules/heap.key:4#1 
248217     DEBUG Test worker     d.u.i.k.n.KeyIO           Load declarations of de.uka.ilkd.key.nparser.KeyAst$File:  file:/D:/a/key/key/key.core/build/resources/main/de/uka/ilkd/key/proof/rules/locSets.key:4#1 
248217     DEBUG Test worker     d.u.i.k.n.KeyIO           Load declarations of de.uka.ilkd.key.nparser.KeyAst$File:  file:/D:/a/key/key/key.core/build/resources/main/de/uka/ilkd/key/proof/rules/permission.key:1#1 
248217     DEBUG Test worker     d.u.i.k.n.KeyIO           Load declarations of de.uka.ilkd.key.nparser.KeyAst$File:  file:/D:/a/key/key/key.core/build/resources/main/de/uka/ilkd/key/proof/rules/reach.key:3#1 
248217     DEBUG Test worker     d.u.i.k.n.KeyIO           Load declarations of de.uka.ilkd.key.nparser.KeyAst$File:  file:/D:/a/key/key/key.core/build/resources/main/de/uka/ilkd/key/proof/rules/seq.key:11#1 
248217     DEBUG Test worker     d.u.i.k.n.KeyIO           Load declarations of de.uka.ilkd.key.nparser.KeyAst$File:  file:/D:/a/key/key/key.core/build/resources/main/de/uka/ilkd/key/proof/rules/map.key:1#1 
248217     DEBUG Test worker     d.u.i.k.n.KeyIO           Load declarations of de.uka.ilkd.key.nparser.KeyAst$File:  file:/D:/a/key/key/key.core/build/resources/main/de/uka/ilkd/key/proof/rules/freeADT.key:17#1 
248217     DEBUG Test worker     d.u.i.k.n.KeyIO           Load declarations of de.uka.ilkd.key.nparser.KeyAst$File:  file:/D:/a/key/key/key.core/build/resources/main/de/uka/ilkd/key/proof/rules/wellfound.key:19#1 
248217     DEBUG Test worker     d.u.i.k.n.KeyIO           Load declarations of de.uka.ilkd.key.nparser.KeyAst$File:  file:/D:/a/key/key/key.core/build/resources/main/de/uka/ilkd/key/proof/rules/charListHeader.key:1#1 
248217     DEBUG Test worker     d.u.i.k.n.KeyIO           Load declarations of de.uka.ilkd.key.nparser.KeyAst$File:  file:/D:/a/key/key/key.core/build/resources/main/de/uka/ilkd/key/proof/rules/ldt.key:10#1 
248217     INFO  Test worker     d.u.i.k.n.KeyIO           MODE: declarations took 0 ms 
248232     DEBUG Test worker     d.u.i.k.n.KeyIO           MODE: 2nd degree decls took 15 
248232     INFO  Test worker     d.u.i.k.n.ExprTest        Term: seqConcat(seqEmpty,seqEmpty) 
]]></system-out>
  <system-err><![CDATA[]]></system-err>
</testsuite>
