<?xml version="1.0" encoding="UTF-8"?>
<testsuite name="de.uka.ilkd.key.proof.TestOneStepSimplifier" tests="1" skipped="0" failures="0" errors="0" timestamp="2023-04-24T21:16:20" hostname="fv-az1113-423" time="4.819">
  <properties/>
  <testcase name="loadWithRestriction()" classname="de.uka.ilkd.key.proof.TestOneStepSimplifier" time="4.819"/>
  <system-out><![CDATA[531294     INFO  Test worker     d.u.i.k.p.i.AbstractProblemLoader Loading environment from src\test\resources\testcase\ossRestriction.proof 
531294     DEBUG Test worker     d.u.i.k.p.i.AbstractProblemLoader Environment load took 132.3ns 
531309     INFO  Test worker     d.u.i.k.p.i.AbstractProblemLoader Creating init config 
531481     DEBUG Test worker     d.u.i.k.j.TypeConverter   No LDT found for Meta 
531497     DEBUG Test worker     d.u.i.k.j.TypeConverter   No LDT found for Meta 
531497     DEBUG Test worker     d.u.i.k.j.TypeConverter   No LDT found for Meta 
531497     DEBUG Test worker     d.u.i.k.j.TypeConverter   No LDT found for Meta 
532248     DEBUG Test worker     d.u.i.k.j.TypeConverter   No LDT found for JavaBigintExpression 
536079     DEBUG Test worker     d.u.i.k.p.i.AbstractProblemLoader Init config took 4.77s 
536111     INFO  Test worker     d.u.i.k.p.i.AbstractProblemLoader Replaying proof ossRestriction.proof 
536111     DEBUG Test worker     d.u.i.k.p.i.IntermediateProofReplayer Proof replay took 1.35ms 
]]></system-out>
  <system-err><![CDATA[]]></system-err>
</testsuite>
