<?xml version="1.0" encoding="UTF-8"?>
<testsuite name="de.uka.ilkd.key.taclettranslation.TestTacletTranslator" tests="5" skipped="0" failures="0" errors="0" timestamp="2023-04-24T21:24:09" hostname="fv-az1113-423" time="0.031">
  <properties/>
  <testcase name="testPropositional1()" classname="de.uka.ilkd.key.taclettranslation.TestTacletTranslator" time="0.013"/>
  <testcase name="testPropositional2()" classname="de.uka.ilkd.key.taclettranslation.TestTacletTranslator" time="0.005"/>
  <testcase name="testNegativePolarity()" classname="de.uka.ilkd.key.taclettranslation.TestTacletTranslator" time="0.004"/>
  <testcase name="testNoPolarity()" classname="de.uka.ilkd.key.taclettranslation.TestTacletTranslator" time="0.004"/>
  <testcase name="testPositivePolarity()" classname="de.uka.ilkd.key.taclettranslation.TestTacletTranslator" time="0.004"/>
  <system-out><![CDATA[1000614    INFO  Test worker     d.u.i.k.n.KeyIO           Parsing took 0 ms 
1000614    DEBUG Test worker     d.u.i.k.n.KeyIO           Load declarations of de.uka.ilkd.key.nparser.KeyAst$File:  <unknown>:1#1 
1000614    INFO  Test worker     d.u.i.k.n.KeyIO           MODE: declarations took 0 ms 
1000614    DEBUG Test worker     d.u.i.k.n.KeyIO           MODE: 2nd degree decls took 0 
1000614    DEBUG Test worker     d.u.i.k.n.KeyIO           MODE: taclets took 0ms 
1000630    INFO  Test worker     d.u.i.k.n.KeyIO           Parsing took 0 ms 
1000630    DEBUG Test worker     d.u.i.k.n.KeyIO           Load declarations of de.uka.ilkd.key.nparser.KeyAst$File:  <unknown>:1#1 
1000630    INFO  Test worker     d.u.i.k.n.KeyIO           MODE: declarations took 0 ms 
1000630    DEBUG Test worker     d.u.i.k.n.KeyIO           MODE: 2nd degree decls took 0 
1000630    DEBUG Test worker     d.u.i.k.n.KeyIO           MODE: taclets took 0ms 
1000630    INFO  Test worker     d.u.i.k.n.KeyIO           Parsing took 0 ms 
1000630    DEBUG Test worker     d.u.i.k.n.KeyIO           Load declarations of de.uka.ilkd.key.nparser.KeyAst$File:  <unknown>:1#1 
1000630    INFO  Test worker     d.u.i.k.n.KeyIO           MODE: declarations took 0 ms 
1000630    DEBUG Test worker     d.u.i.k.n.KeyIO           MODE: 2nd degree decls took 0 
1000630    DEBUG Test worker     d.u.i.k.n.KeyIO           MODE: taclets took 0ms 
1000630    INFO  Test worker     d.u.i.k.n.KeyIO           Parsing took 0 ms 
1000630    DEBUG Test worker     d.u.i.k.n.KeyIO           Load declarations of de.uka.ilkd.key.nparser.KeyAst$File:  <unknown>:1#1 
1000630    INFO  Test worker     d.u.i.k.n.KeyIO           MODE: declarations took 0 ms 
1000630    DEBUG Test worker     d.u.i.k.n.KeyIO           MODE: 2nd degree decls took 0 
1000630    DEBUG Test worker     d.u.i.k.n.KeyIO           MODE: taclets took 0ms 
1000645    INFO  Test worker     d.u.i.k.n.KeyIO           Parsing took 0 ms 
1000645    DEBUG Test worker     d.u.i.k.n.KeyIO           Load declarations of de.uka.ilkd.key.nparser.KeyAst$File:  <unknown>:1#1 
1000645    INFO  Test worker     d.u.i.k.n.KeyIO           MODE: declarations took 0 ms 
1000645    DEBUG Test worker     d.u.i.k.n.KeyIO           MODE: 2nd degree decls took 0 
1000645    DEBUG Test worker     d.u.i.k.n.KeyIO           MODE: taclets took 0ms 
]]></system-out>
  <system-err><![CDATA[]]></system-err>
</testsuite>
