<?xml version="1.0" encoding="UTF-8"?>
<testsuite name="de.uka.ilkd.key.logic.TestClashFreeSubst" tests="14" skipped="2" failures="0" errors="0" timestamp="2023-04-24T21:08:14" hostname="fv-az1113-423" time="59.532">
  <properties/>
  <testcase name="testMultiShareBound()" classname="de.uka.ilkd.key.logic.TestClashFreeSubst" time="1.218"/>
  <testcase name="testClash()" classname="de.uka.ilkd.key.logic.TestClashFreeSubst" time="1.136"/>
  <testcase name="testShare()" classname="de.uka.ilkd.key.logic.TestClashFreeSubst" time="1.141"/>
  <testcase name="testSubst()" classname="de.uka.ilkd.key.logic.TestClashFreeSubst" time="1.128"/>
  <testcase name="testWary0()" classname="de.uka.ilkd.key.logic.TestClashFreeSubst" time="1.118"/>
  <testcase name="testWary1()" classname="de.uka.ilkd.key.logic.TestClashFreeSubst" time="1.126"/>
  <testcase name="testWary2()" classname="de.uka.ilkd.key.logic.TestClashFreeSubst" time="1.13"/>
  <testcase name="testClashInSubstTerm()" classname="de.uka.ilkd.key.logic.TestClashFreeSubst" time="1.086"/>
  <testcase name="testShareWary()" classname="de.uka.ilkd.key.logic.TestClashFreeSubst" time="1.061"/>
  <testcase name="testMultiSubst()" classname="de.uka.ilkd.key.logic.TestClashFreeSubst" time="1.077"/>
  <testcase name="xtestMultiClash()" classname="de.uka.ilkd.key.logic.TestClashFreeSubst" time="0.0">
    <skipped/>
  </testcase>
  <testcase name="testSubstInSubstTerm()" classname="de.uka.ilkd.key.logic.TestClashFreeSubst" time="1.1"/>
  <testcase name="testSubstWary()" classname="de.uka.ilkd.key.logic.TestClashFreeSubst" time="1.075"/>
  <testcase name="xtestMultiClash1()" classname="de.uka.ilkd.key.logic.TestClashFreeSubst" time="0.001">
    <skipped/>
  </testcase>
  <system-out><![CDATA[45795      INFO  Test worker     d.u.i.k.n.KeyIO           Parsing took 0 ms 
45795      DEBUG Test worker     d.u.i.k.n.KeyIO           Load declarations of de.uka.ilkd.key.nparser.KeyAst$File:  <unknown>:1#1 
45795      INFO  Test worker     d.u.i.k.n.KeyIO           MODE: declarations took 0 ms 
45795      DEBUG Test worker     d.u.i.k.n.KeyIO           MODE: 2nd degree decls took 0 
46983      INFO  Test worker     d.u.i.k.n.KeyIO           Parsing took 0 ms 
46983      DEBUG Test worker     d.u.i.k.n.KeyIO           Load declarations of de.uka.ilkd.key.nparser.KeyAst$File:  <unknown>:1#1 
46983      INFO  Test worker     d.u.i.k.n.KeyIO           MODE: declarations took 0 ms 
46983      DEBUG Test worker     d.u.i.k.n.KeyIO           MODE: 2nd degree decls took 0 
50750      INFO  Test worker     d.u.i.k.n.KeyIO           Parsing took 0 ms 
50750      DEBUG Test worker     d.u.i.k.n.KeyIO           Load declarations of de.uka.ilkd.key.nparser.KeyAst$File:  <unknown>:1#1 
50750      INFO  Test worker     d.u.i.k.n.KeyIO           MODE: declarations took 0 ms 
50750      DEBUG Test worker     d.u.i.k.n.KeyIO           MODE: 2nd degree decls took 0 
51876      INFO  Test worker     d.u.i.k.n.KeyIO           Parsing took 0 ms 
51876      DEBUG Test worker     d.u.i.k.n.KeyIO           Load declarations of de.uka.ilkd.key.nparser.KeyAst$File:  <unknown>:1#1 
51876      INFO  Test worker     d.u.i.k.n.KeyIO           MODE: declarations took 0 ms 
51876      DEBUG Test worker     d.u.i.k.n.KeyIO           MODE: 2nd degree decls took 0 
55597      INFO  Test worker     d.u.i.k.n.KeyIO           Parsing took 0 ms 
55597      DEBUG Test worker     d.u.i.k.n.KeyIO           Load declarations of de.uka.ilkd.key.nparser.KeyAst$File:  <unknown>:1#1 
55597      INFO  Test worker     d.u.i.k.n.KeyIO           MODE: declarations took 0 ms 
55597      DEBUG Test worker     d.u.i.k.n.KeyIO           MODE: 2nd degree decls took 0 
56724      INFO  Test worker     d.u.i.k.n.KeyIO           Parsing took 0 ms 
56724      DEBUG Test worker     d.u.i.k.n.KeyIO           Load declarations of de.uka.ilkd.key.nparser.KeyAst$File:  <unknown>:1#1 
56724      INFO  Test worker     d.u.i.k.n.KeyIO           MODE: declarations took 0 ms 
56724      DEBUG Test worker     d.u.i.k.n.KeyIO           MODE: 2nd degree decls took 0 
60256      INFO  Test worker     d.u.i.k.n.KeyIO           Parsing took 0 ms 
60256      DEBUG Test worker     d.u.i.k.n.KeyIO           Load declarations of de.uka.ilkd.key.nparser.KeyAst$File:  <unknown>:1#1 
60256      INFO  Test worker     d.u.i.k.n.KeyIO           MODE: declarations took 0 ms 
60256      DEBUG Test worker     d.u.i.k.n.KeyIO           MODE: 2nd degree decls took 0 
61382      INFO  Test worker     d.u.i.k.n.KeyIO           Parsing took 0 ms 
61382      DEBUG Test worker     d.u.i.k.n.KeyIO           Load declarations of de.uka.ilkd.key.nparser.KeyAst$File:  <unknown>:1#1 
61382      INFO  Test worker     d.u.i.k.n.KeyIO           MODE: declarations took 0 ms 
61382      DEBUG Test worker     d.u.i.k.n.KeyIO           MODE: 2nd degree decls took 0 
64962      INFO  Test worker     d.u.i.k.n.KeyIO           Parsing took 0 ms 
64962      DEBUG Test worker     d.u.i.k.n.KeyIO           Load declarations of de.uka.ilkd.key.nparser.KeyAst$File:  <unknown>:1#1 
64962      INFO  Test worker     d.u.i.k.n.KeyIO           MODE: declarations took 0 ms 
64962      DEBUG Test worker     d.u.i.k.n.KeyIO           MODE: 2nd degree decls took 0 
66072      INFO  Test worker     d.u.i.k.n.KeyIO           Parsing took 0 ms 
66072      DEBUG Test worker     d.u.i.k.n.KeyIO           Load declarations of de.uka.ilkd.key.nparser.KeyAst$File:  <unknown>:1#1 
66072      INFO  Test worker     d.u.i.k.n.KeyIO           MODE: declarations took 0 ms 
66072      DEBUG Test worker     d.u.i.k.n.KeyIO           MODE: 2nd degree decls took 0 
69558      INFO  Test worker     d.u.i.k.n.KeyIO           Parsing took 0 ms 
69558      DEBUG Test worker     d.u.i.k.n.KeyIO           Load declarations of de.uka.ilkd.key.nparser.KeyAst$File:  <unknown>:1#1 
69558      INFO  Test worker     d.u.i.k.n.KeyIO           MODE: declarations took 0 ms 
69558      DEBUG Test worker     d.u.i.k.n.KeyIO           MODE: 2nd degree decls took 0 
70667      INFO  Test worker     d.u.i.k.n.KeyIO           Parsing took 0 ms 
70667      DEBUG Test worker     d.u.i.k.n.KeyIO           Load declarations of de.uka.ilkd.key.nparser.KeyAst$File:  <unknown>:1#1 
70667      INFO  Test worker     d.u.i.k.n.KeyIO           MODE: declarations took 0 ms 
70667      DEBUG Test worker     d.u.i.k.n.KeyIO           MODE: 2nd degree decls took 0 
74201      INFO  Test worker     d.u.i.k.n.KeyIO           Parsing took 0 ms 
74201      DEBUG Test worker     d.u.i.k.n.KeyIO           Load declarations of de.uka.ilkd.key.nparser.KeyAst$File:  <unknown>:1#1 
74201      INFO  Test worker     d.u.i.k.n.KeyIO           MODE: declarations took 0 ms 
74201      DEBUG Test worker     d.u.i.k.n.KeyIO           MODE: 2nd degree decls took 0 
75326      INFO  Test worker     d.u.i.k.n.KeyIO           Parsing took 0 ms 
75326      DEBUG Test worker     d.u.i.k.n.KeyIO           Load declarations of de.uka.ilkd.key.nparser.KeyAst$File:  <unknown>:1#1 
75326      INFO  Test worker     d.u.i.k.n.KeyIO           MODE: declarations took 0 ms 
75326      DEBUG Test worker     d.u.i.k.n.KeyIO           MODE: 2nd degree decls took 0 
78843      INFO  Test worker     d.u.i.k.n.KeyIO           Parsing took 0 ms 
78843      DEBUG Test worker     d.u.i.k.n.KeyIO           Load declarations of de.uka.ilkd.key.nparser.KeyAst$File:  <unknown>:1#1 
78843      INFO  Test worker     d.u.i.k.n.KeyIO           MODE: declarations took 0 ms 
78843      DEBUG Test worker     d.u.i.k.n.KeyIO           MODE: 2nd degree decls took 0 
79921      INFO  Test worker     d.u.i.k.n.KeyIO           Parsing took 0 ms 
79921      DEBUG Test worker     d.u.i.k.n.KeyIO           Load declarations of de.uka.ilkd.key.nparser.KeyAst$File:  <unknown>:1#1 
79921      INFO  Test worker     d.u.i.k.n.KeyIO           MODE: declarations took 0 ms 
79921      DEBUG Test worker     d.u.i.k.n.KeyIO           MODE: 2nd degree decls took 0 
83454      INFO  Test worker     d.u.i.k.n.KeyIO           Parsing took 0 ms 
83454      DEBUG Test worker     d.u.i.k.n.KeyIO           Load declarations of de.uka.ilkd.key.nparser.KeyAst$File:  <unknown>:1#1 
83454      INFO  Test worker     d.u.i.k.n.KeyIO           MODE: declarations took 0 ms 
83454      DEBUG Test worker     d.u.i.k.n.KeyIO           MODE: 2nd degree decls took 0 
84501      INFO  Test worker     d.u.i.k.n.KeyIO           Parsing took 0 ms 
84501      DEBUG Test worker     d.u.i.k.n.KeyIO           Load declarations of de.uka.ilkd.key.nparser.KeyAst$File:  <unknown>:1#1 
84501      INFO  Test worker     d.u.i.k.n.KeyIO           MODE: declarations took 0 ms 
84501      DEBUG Test worker     d.u.i.k.n.KeyIO           MODE: 2nd degree decls took 0 
88034      INFO  Test worker     d.u.i.k.n.KeyIO           Parsing took 0 ms 
88034      DEBUG Test worker     d.u.i.k.n.KeyIO           Load declarations of de.uka.ilkd.key.nparser.KeyAst$File:  <unknown>:1#1 
88034      INFO  Test worker     d.u.i.k.n.KeyIO           MODE: declarations took 0 ms 
88034      DEBUG Test worker     d.u.i.k.n.KeyIO           MODE: 2nd degree decls took 0 
89097      INFO  Test worker     d.u.i.k.n.KeyIO           Parsing took 0 ms 
89113      DEBUG Test worker     d.u.i.k.n.KeyIO           Load declarations of de.uka.ilkd.key.nparser.KeyAst$File:  <unknown>:1#1 
89113      INFO  Test worker     d.u.i.k.n.KeyIO           MODE: declarations took 0 ms 
89113      DEBUG Test worker     d.u.i.k.n.KeyIO           MODE: 2nd degree decls took 0 
96148      INFO  Test worker     d.u.i.k.n.KeyIO           Parsing took 0 ms 
96164      DEBUG Test worker     d.u.i.k.n.KeyIO           Load declarations of de.uka.ilkd.key.nparser.KeyAst$File:  <unknown>:1#1 
96164      INFO  Test worker     d.u.i.k.n.KeyIO           MODE: declarations took 0 ms 
96164      DEBUG Test worker     d.u.i.k.n.KeyIO           MODE: 2nd degree decls took 0 
97243      INFO  Test worker     d.u.i.k.n.KeyIO           Parsing took 0 ms 
97243      DEBUG Test worker     d.u.i.k.n.KeyIO           Load declarations of de.uka.ilkd.key.nparser.KeyAst$File:  <unknown>:1#1 
97243      INFO  Test worker     d.u.i.k.n.KeyIO           MODE: declarations took 0 ms 
97243      DEBUG Test worker     d.u.i.k.n.KeyIO           MODE: 2nd degree decls took 0 
100728     INFO  Test worker     d.u.i.k.n.KeyIO           Parsing took 0 ms 
100728     DEBUG Test worker     d.u.i.k.n.KeyIO           Load declarations of de.uka.ilkd.key.nparser.KeyAst$File:  <unknown>:1#1 
100728     INFO  Test worker     d.u.i.k.n.KeyIO           MODE: declarations took 0 ms 
100728     DEBUG Test worker     d.u.i.k.n.KeyIO           MODE: 2nd degree decls took 0 
101792     INFO  Test worker     d.u.i.k.n.KeyIO           Parsing took 0 ms 
101792     DEBUG Test worker     d.u.i.k.n.KeyIO           Load declarations of de.uka.ilkd.key.nparser.KeyAst$File:  <unknown>:1#1 
101792     INFO  Test worker     d.u.i.k.n.KeyIO           MODE: declarations took 0 ms 
101792     DEBUG Test worker     d.u.i.k.n.KeyIO           MODE: 2nd degree decls took 0 
]]></system-out>
  <system-err><![CDATA[]]></system-err>
</testsuite>
