<?xml version="1.0" encoding="UTF-8"?>
<testsuite name="de.uka.ilkd.key.symbolic_execution.testcase.TestSymbolicExecutionTreeBuilder" tests="186" skipped="1" failures="0" errors="0" timestamp="2023-02-02T21:30:01" hostname="fv-az256-867" time="892.188">
  <properties/>
  <testcase name="testAllNodeTypesTest_JavaProfile()" classname="de.uka.ilkd.key.symbolic_execution.testcase.TestSymbolicExecutionTreeBuilder" time="14.385"/>
  <testcase name="testAllNodeTypesTest_JavaProfile_NoOneStepSimplification()" classname="de.uka.ilkd.key.symbolic_execution.testcase.TestSymbolicExecutionTreeBuilder" time="13.943"/>
  <testcase name="testAllNodeTypesTest_SymbolicExecutionProfile()" classname="de.uka.ilkd.key.symbolic_execution.testcase.TestSymbolicExecutionTreeBuilder" time="3.419"/>
  <testcase name="testAnotherInstanceContractTest()" classname="de.uka.ilkd.key.symbolic_execution.testcase.TestSymbolicExecutionTreeBuilder" time="3.624"/>
  <testcase name="testAnotherStaticContractTest()" classname="de.uka.ilkd.key.symbolic_execution.testcase.TestSymbolicExecutionTreeBuilder" time="3.518"/>
  <testcase name="testArraySumWhileWithBreak()" classname="de.uka.ilkd.key.symbolic_execution.testcase.TestSymbolicExecutionTreeBuilder" time="4.162"/>
  <testcase name="testArraySumWhileWithContinue()" classname="de.uka.ilkd.key.symbolic_execution.testcase.TestSymbolicExecutionTreeBuilder" time="4.602"/>
  <testcase name="testArraySumWhileWithException()" classname="de.uka.ilkd.key.symbolic_execution.testcase.TestSymbolicExecutionTreeBuilder" time="4.285"/>
  <testcase name="testArraySumWhileWithReturn()" classname="de.uka.ilkd.key.symbolic_execution.testcase.TestSymbolicExecutionTreeBuilder" time="4.017"/>
  <testcase name="testAssumesUserInputTest()" classname="de.uka.ilkd.key.symbolic_execution.testcase.TestSymbolicExecutionTreeBuilder" time="3.819"/>
  <testcase name="testBlockContractAssignableEverything()" classname="de.uka.ilkd.key.symbolic_execution.testcase.TestSymbolicExecutionTreeBuilder" time="3.36"/>
  <testcase name="testBlockContractAssignableLocationNotRequested()" classname="de.uka.ilkd.key.symbolic_execution.testcase.TestSymbolicExecutionTreeBuilder" time="3.347"/>
  <testcase name="testBlockContractAssignableRequestedLocation()" classname="de.uka.ilkd.key.symbolic_execution.testcase.TestSymbolicExecutionTreeBuilder" time="3.215"/>
  <testcase name="testBlockContractParamRemaned()" classname="de.uka.ilkd.key.symbolic_execution.testcase.TestSymbolicExecutionTreeBuilder" time="3.378"/>
  <testcase name="testBlockContractPreconditionNotVerified()" classname="de.uka.ilkd.key.symbolic_execution.testcase.TestSymbolicExecutionTreeBuilder" time="3.389"/>
  <testcase name="testBlockContractThisTest()" classname="de.uka.ilkd.key.symbolic_execution.testcase.TestSymbolicExecutionTreeBuilder" time="3.675"/>
  <testcase name="testBlockContractVarRenamedLater()" classname="de.uka.ilkd.key.symbolic_execution.testcase.TestSymbolicExecutionTreeBuilder" time="3.597"/>
  <testcase name="testBlockContractWithException()" classname="de.uka.ilkd.key.symbolic_execution.testcase.TestSymbolicExecutionTreeBuilder" time="4.008"/>
  <testcase name="testBlockContractWithExceptionPostconditionNotVerified()" classname="de.uka.ilkd.key.symbolic_execution.testcase.TestSymbolicExecutionTreeBuilder" time="4.16"/>
  <testcase name="testBlockContractWithReturn()" classname="de.uka.ilkd.key.symbolic_execution.testcase.TestSymbolicExecutionTreeBuilder" time="3.734"/>
  <testcase name="testBlockContractWithReturnPostconditionNotVerified()" classname="de.uka.ilkd.key.symbolic_execution.testcase.TestSymbolicExecutionTreeBuilder" time="3.708"/>
  <testcase name="testBranchPruning()" classname="de.uka.ilkd.key.symbolic_execution.testcase.TestSymbolicExecutionTreeBuilder" time="3.887"/>
  <testcase name="testBranchStatementBlockTest_ifNoBlock()" classname="de.uka.ilkd.key.symbolic_execution.testcase.TestSymbolicExecutionTreeBuilder" time="3.852"/>
  <testcase name="testBranchStatementBlockTest_min()" classname="de.uka.ilkd.key.symbolic_execution.testcase.TestSymbolicExecutionTreeBuilder" time="3.805"/>
  <testcase name="testBranchStatementBlockTest_nestedIf()" classname="de.uka.ilkd.key.symbolic_execution.testcase.TestSymbolicExecutionTreeBuilder" time="4.165"/>
  <testcase name="testBranchStatementBlockTest_onlyElse()" classname="de.uka.ilkd.key.symbolic_execution.testcase.TestSymbolicExecutionTreeBuilder" time="3.6"/>
  <testcase name="testBranchStatementBlockTest_onlyEmptyThen()" classname="de.uka.ilkd.key.symbolic_execution.testcase.TestSymbolicExecutionTreeBuilder" time="3.436"/>
  <testcase name="testBranchStatementBlockTest_onlyThen()" classname="de.uka.ilkd.key.symbolic_execution.testcase.TestSymbolicExecutionTreeBuilder" time="3.546"/>
  <testcase name="testBranchStatementBlockTest_recursive()" classname="de.uka.ilkd.key.symbolic_execution.testcase.TestSymbolicExecutionTreeBuilder" time="3.764"/>
  <testcase name="testBranchStatementBlockTest_simpleBlock()" classname="de.uka.ilkd.key.symbolic_execution.testcase.TestSymbolicExecutionTreeBuilder" time="3.48"/>
  <testcase name="testBranchStatementBlockTest_switchTest()" classname="de.uka.ilkd.key.symbolic_execution.testcase.TestSymbolicExecutionTreeBuilder" time="4.446"/>
  <testcase name="testComplexConstructorTest()" classname="de.uka.ilkd.key.symbolic_execution.testcase.TestSymbolicExecutionTreeBuilder" time="0.0">
    <skipped/>
  </testcase>
  <testcase name="testComplexFlatSteps()" classname="de.uka.ilkd.key.symbolic_execution.testcase.TestSymbolicExecutionTreeBuilder" time="3.525"/>
  <testcase name="testComplexIf()" classname="de.uka.ilkd.key.symbolic_execution.testcase.TestSymbolicExecutionTreeBuilder" time="3.807"/>
  <testcase name="testComplexPruning()" classname="de.uka.ilkd.key.symbolic_execution.testcase.TestSymbolicExecutionTreeBuilder" time="3.553"/>
  <testcase name="testConstraintsAfterUsedLoopInvariant()" classname="de.uka.ilkd.key.symbolic_execution.testcase.TestSymbolicExecutionTreeBuilder" time="9.832"/>
  <testcase name="testConstraintsOfAppliedMethodContract()" classname="de.uka.ilkd.key.symbolic_execution.testcase.TestSymbolicExecutionTreeBuilder" time="9.453"/>
  <testcase name="testDoWhileFlaseTest()" classname="de.uka.ilkd.key.symbolic_execution.testcase.TestSymbolicExecutionTreeBuilder" time="3.348"/>
  <testcase name="testDoWhileTest()" classname="de.uka.ilkd.key.symbolic_execution.testcase.TestSymbolicExecutionTreeBuilder" time="3.624"/>
  <testcase name="testElseIfDifferentVariables()" classname="de.uka.ilkd.key.symbolic_execution.testcase.TestSymbolicExecutionTreeBuilder" time="3.81"/>
  <testcase name="testElseIfTest()" classname="de.uka.ilkd.key.symbolic_execution.testcase.TestSymbolicExecutionTreeBuilder" time="4.64"/>
  <testcase name="testElseIfTest_mergedBranchConditions()" classname="de.uka.ilkd.key.symbolic_execution.testcase.TestSymbolicExecutionTreeBuilder" time="4.726"/>
  <testcase name="testElseIfTest_variablesParameterAttributesChange()" classname="de.uka.ilkd.key.symbolic_execution.testcase.TestSymbolicExecutionTreeBuilder" time="5.504"/>
  <testcase name="testEmptyBlockTest()" classname="de.uka.ilkd.key.symbolic_execution.testcase.TestSymbolicExecutionTreeBuilder" time="3.409"/>
  <testcase name="testExceptionalMethodReturnTest()" classname="de.uka.ilkd.key.symbolic_execution.testcase.TestSymbolicExecutionTreeBuilder" time="3.866"/>
  <testcase name="testExceptionalMethodReturnTestWithLoop()" classname="de.uka.ilkd.key.symbolic_execution.testcase.TestSymbolicExecutionTreeBuilder" time="4.515"/>
  <testcase name="testFixedRecursiveMethodCallTest()" classname="de.uka.ilkd.key.symbolic_execution.testcase.TestSymbolicExecutionTreeBuilder" time="3.756"/>
  <testcase name="testForEachTest()" classname="de.uka.ilkd.key.symbolic_execution.testcase.TestSymbolicExecutionTreeBuilder" time="3.964"/>
  <testcase name="testForFalseTest()" classname="de.uka.ilkd.key.symbolic_execution.testcase.TestSymbolicExecutionTreeBuilder" time="3.445"/>
  <testcase name="testForTest()" classname="de.uka.ilkd.key.symbolic_execution.testcase.TestSymbolicExecutionTreeBuilder" time="3.548"/>
  <testcase name="testFunctionalDoWhileTest()" classname="de.uka.ilkd.key.symbolic_execution.testcase.TestSymbolicExecutionTreeBuilder" time="3.918"/>
  <testcase name="testFunctionalForTest()" classname="de.uka.ilkd.key.symbolic_execution.testcase.TestSymbolicExecutionTreeBuilder" time="3.889"/>
  <testcase name="testFunctionalIf()" classname="de.uka.ilkd.key.symbolic_execution.testcase.TestSymbolicExecutionTreeBuilder" time="3.66"/>
  <testcase name="testFunctionalWhileTest()" classname="de.uka.ilkd.key.symbolic_execution.testcase.TestSymbolicExecutionTreeBuilder" time="3.858"/>
  <testcase name="testIdenticalTermsDuringProof()" classname="de.uka.ilkd.key.symbolic_execution.testcase.TestSymbolicExecutionTreeBuilder" time="3.751"/>
  <testcase name="testInstanceContractTest_mainBooleanResultUnspecifiedUnused()" classname="de.uka.ilkd.key.symbolic_execution.testcase.TestSymbolicExecutionTreeBuilder" time="3.518"/>
  <testcase name="testInstanceContractTest_mainBooleanResultUnused()" classname="de.uka.ilkd.key.symbolic_execution.testcase.TestSymbolicExecutionTreeBuilder" time="3.517"/>
  <testcase name="testInstanceContractTest_mainConstructor()" classname="de.uka.ilkd.key.symbolic_execution.testcase.TestSymbolicExecutionTreeBuilder" time="3.486"/>
  <testcase name="testInstanceContractTest_mainExceptinal()" classname="de.uka.ilkd.key.symbolic_execution.testcase.TestSymbolicExecutionTreeBuilder" time="3.563"/>
  <testcase name="testInstanceContractTest_mainExceptinalUnused()" classname="de.uka.ilkd.key.symbolic_execution.testcase.TestSymbolicExecutionTreeBuilder" time="3.462"/>
  <testcase name="testInstanceContractTest_mainExceptinalVoid()" classname="de.uka.ilkd.key.symbolic_execution.testcase.TestSymbolicExecutionTreeBuilder" time="3.486"/>
  <testcase name="testInstanceContractTest_mainExceptionalConstructor()" classname="de.uka.ilkd.key.symbolic_execution.testcase.TestSymbolicExecutionTreeBuilder" time="3.346"/>
  <testcase name="testInstanceContractTest_mainNoArgs()" classname="de.uka.ilkd.key.symbolic_execution.testcase.TestSymbolicExecutionTreeBuilder" time="3.313"/>
  <testcase name="testInstanceContractTest_mainOnObject()" classname="de.uka.ilkd.key.symbolic_execution.testcase.TestSymbolicExecutionTreeBuilder" time="3.57"/>
  <testcase name="testInstanceContractTest_mainResult()" classname="de.uka.ilkd.key.symbolic_execution.testcase.TestSymbolicExecutionTreeBuilder" time="3.543"/>
  <testcase name="testInstanceContractTest_mainResultNotSpecified()" classname="de.uka.ilkd.key.symbolic_execution.testcase.TestSymbolicExecutionTreeBuilder" time="3.563"/>
  <testcase name="testInstanceContractTest_mainVoidMethod()" classname="de.uka.ilkd.key.symbolic_execution.testcase.TestSymbolicExecutionTreeBuilder" time="3.594"/>
  <testcase name="testInstanceOfNotInEndlessLoop()" classname="de.uka.ilkd.key.symbolic_execution.testcase.TestSymbolicExecutionTreeBuilder" time="4.126"/>
  <testcase name="testJoinTestAfterAssignment()" classname="de.uka.ilkd.key.symbolic_execution.testcase.TestSymbolicExecutionTreeBuilder" time="3.467"/>
  <testcase name="testJoinTestAfterBranchCondition()" classname="de.uka.ilkd.key.symbolic_execution.testcase.TestSymbolicExecutionTreeBuilder" time="3.472"/>
  <testcase name="testJoinTestAfterBranchConditionWithWeakeningGoal()" classname="de.uka.ilkd.key.symbolic_execution.testcase.TestSymbolicExecutionTreeBuilder" time="3.451"/>
  <testcase name="testJoinTestAfterBranchConditionWithWeakeningGoalAndSubgoals()" classname="de.uka.ilkd.key.symbolic_execution.testcase.TestSymbolicExecutionTreeBuilder" time="3.565"/>
  <testcase name="testJoinTestAfterBranchConditionWithWeakeningGoalNotVerified()" classname="de.uka.ilkd.key.symbolic_execution.testcase.TestSymbolicExecutionTreeBuilder" time="3.461"/>
  <testcase name="testLabelTest_doubled()" classname="de.uka.ilkd.key.symbolic_execution.testcase.TestSymbolicExecutionTreeBuilder" time="3.47"/>
  <testcase name="testLabelTest_lost()" classname="de.uka.ilkd.key.symbolic_execution.testcase.TestSymbolicExecutionTreeBuilder" time="3.493"/>
  <testcase name="testLoopBodyBranchClosed()" classname="de.uka.ilkd.key.symbolic_execution.testcase.TestSymbolicExecutionTreeBuilder" time="3.481"/>
  <testcase name="testLoopInvariantAndOperationContractStrictlyPure()" classname="de.uka.ilkd.key.symbolic_execution.testcase.TestSymbolicExecutionTreeBuilder" time="6.364"/>
  <testcase name="testLoopInvariantMethodReturnInDifferentModalities()" classname="de.uka.ilkd.key.symbolic_execution.testcase.TestSymbolicExecutionTreeBuilder" time="5.074"/>
  <testcase name="testLoopIteration_LoopStatementCopied()" classname="de.uka.ilkd.key.symbolic_execution.testcase.TestSymbolicExecutionTreeBuilder" time="3.584"/>
  <testcase name="testLoopIteration_LoopStatementReused()" classname="de.uka.ilkd.key.symbolic_execution.testcase.TestSymbolicExecutionTreeBuilder" time="3.465"/>
  <testcase name="testLoopIteration_LoopWithMethod()" classname="de.uka.ilkd.key.symbolic_execution.testcase.TestSymbolicExecutionTreeBuilder" time="4.281"/>
  <testcase name="testLoopStatementBlockTest_nestedLoop()" classname="de.uka.ilkd.key.symbolic_execution.testcase.TestSymbolicExecutionTreeBuilder" time="4.864"/>
  <testcase name="testLoopStatementBlockTest_simpleLoop()" classname="de.uka.ilkd.key.symbolic_execution.testcase.TestSymbolicExecutionTreeBuilder" time="3.603"/>
  <testcase name="testLoopUsageBranchClosed()" classname="de.uka.ilkd.key.symbolic_execution.testcase.TestSymbolicExecutionTreeBuilder" time="3.416"/>
  <testcase name="testMethodCallOnObject()" classname="de.uka.ilkd.key.symbolic_execution.testcase.TestSymbolicExecutionTreeBuilder" time="3.563"/>
  <testcase name="testMethodCallOnObjectWithException()" classname="de.uka.ilkd.key.symbolic_execution.testcase.TestSymbolicExecutionTreeBuilder" time="3.912"/>
  <testcase name="testMethodCallParallelTest()" classname="de.uka.ilkd.key.symbolic_execution.testcase.TestSymbolicExecutionTreeBuilder" time="4.024"/>
  <testcase name="testMethodCallReturnTests()" classname="de.uka.ilkd.key.symbolic_execution.testcase.TestSymbolicExecutionTreeBuilder" time="15.834"/>
  <testcase name="testMethodCallStack()" classname="de.uka.ilkd.key.symbolic_execution.testcase.TestSymbolicExecutionTreeBuilder" time="4.75"/>
  <testcase name="testMethodFormatTest()" classname="de.uka.ilkd.key.symbolic_execution.testcase.TestSymbolicExecutionTreeBuilder" time="3.868"/>
  <testcase name="testMethodHierarchyCallTest()" classname="de.uka.ilkd.key.symbolic_execution.testcase.TestSymbolicExecutionTreeBuilder" time="3.644"/>
  <testcase name="testMethodHierarchyCallWithExceptionTest()" classname="de.uka.ilkd.key.symbolic_execution.testcase.TestSymbolicExecutionTreeBuilder" time="3.632"/>
  <testcase name="testNestedDoWhileTest()" classname="de.uka.ilkd.key.symbolic_execution.testcase.TestSymbolicExecutionTreeBuilder" time="3.775"/>
  <testcase name="testNestedForTest()" classname="de.uka.ilkd.key.symbolic_execution.testcase.TestSymbolicExecutionTreeBuilder" time="3.915"/>
  <testcase name="testNestedLoopsWithContinue()" classname="de.uka.ilkd.key.symbolic_execution.testcase.TestSymbolicExecutionTreeBuilder" time="5.863"/>
  <testcase name="testNestedWhileTest()" classname="de.uka.ilkd.key.symbolic_execution.testcase.TestSymbolicExecutionTreeBuilder" time="3.932"/>
  <testcase name="testPrettyPrinting_Disabled()" classname="de.uka.ilkd.key.symbolic_execution.testcase.TestSymbolicExecutionTreeBuilder" time="7.235"/>
  <testcase name="testPrettyPrinting_Enabled()" classname="de.uka.ilkd.key.symbolic_execution.testcase.TestSymbolicExecutionTreeBuilder" time="7.139"/>
  <testcase name="testRecursiveFibonacci_LONG_RUNNING_TEST()" classname="de.uka.ilkd.key.symbolic_execution.testcase.TestSymbolicExecutionTreeBuilder" time="43.133"/>
  <testcase name="testSimpleConstructorTest()" classname="de.uka.ilkd.key.symbolic_execution.testcase.TestSymbolicExecutionTreeBuilder" time="3.402"/>
  <testcase name="testSimpleIf()" classname="de.uka.ilkd.key.symbolic_execution.testcase.TestSymbolicExecutionTreeBuilder" time="3.499"/>
  <testcase name="testSimpleIfNoConditionSimplification()" classname="de.uka.ilkd.key.symbolic_execution.testcase.TestSymbolicExecutionTreeBuilder" time="3.292"/>
  <testcase name="testSimpleMethodCallStack()" classname="de.uka.ilkd.key.symbolic_execution.testcase.TestSymbolicExecutionTreeBuilder" time="3.395"/>
  <testcase name="testSimpleNullPointerSplitTest()" classname="de.uka.ilkd.key.symbolic_execution.testcase.TestSymbolicExecutionTreeBuilder" time="3.652"/>
  <testcase name="testSimplePruning()" classname="de.uka.ilkd.key.symbolic_execution.testcase.TestSymbolicExecutionTreeBuilder" time="3.469"/>
  <testcase name="testSimpleStaticContractTest()" classname="de.uka.ilkd.key.symbolic_execution.testcase.TestSymbolicExecutionTreeBuilder" time="3.38"/>
  <testcase name="testStatementKindTest()" classname="de.uka.ilkd.key.symbolic_execution.testcase.TestSymbolicExecutionTreeBuilder" time="3.571"/>
  <testcase name="testStatements()" classname="de.uka.ilkd.key.symbolic_execution.testcase.TestSymbolicExecutionTreeBuilder" time="3.333"/>
  <testcase name="testStaticContractTest_mainBooleanResultUnspecifiedUnused()" classname="de.uka.ilkd.key.symbolic_execution.testcase.TestSymbolicExecutionTreeBuilder" time="3.346"/>
  <testcase name="testStaticContractTest_mainBooleanResultUnused()" classname="de.uka.ilkd.key.symbolic_execution.testcase.TestSymbolicExecutionTreeBuilder" time="3.411"/>
  <testcase name="testStaticContractTest_mainConstructor()" classname="de.uka.ilkd.key.symbolic_execution.testcase.TestSymbolicExecutionTreeBuilder" time="3.439"/>
  <testcase name="testStaticContractTest_mainExceptinal()" classname="de.uka.ilkd.key.symbolic_execution.testcase.TestSymbolicExecutionTreeBuilder" time="3.34"/>
  <testcase name="testStaticContractTest_mainExceptinalUnused()" classname="de.uka.ilkd.key.symbolic_execution.testcase.TestSymbolicExecutionTreeBuilder" time="3.304"/>
  <testcase name="testStaticContractTest_mainExceptinalVoid()" classname="de.uka.ilkd.key.symbolic_execution.testcase.TestSymbolicExecutionTreeBuilder" time="3.345"/>
  <testcase name="testStaticContractTest_mainExceptionalConstructor()" classname="de.uka.ilkd.key.symbolic_execution.testcase.TestSymbolicExecutionTreeBuilder" time="3.492"/>
  <testcase name="testStaticContractTest_mainNoArgs()" classname="de.uka.ilkd.key.symbolic_execution.testcase.TestSymbolicExecutionTreeBuilder" time="3.442"/>
  <testcase name="testStaticContractTest_mainOnObject()" classname="de.uka.ilkd.key.symbolic_execution.testcase.TestSymbolicExecutionTreeBuilder" time="3.385"/>
  <testcase name="testStaticContractTest_mainResult()" classname="de.uka.ilkd.key.symbolic_execution.testcase.TestSymbolicExecutionTreeBuilder" time="3.38"/>
  <testcase name="testStaticContractTest_mainResultNotSpecified()" classname="de.uka.ilkd.key.symbolic_execution.testcase.TestSymbolicExecutionTreeBuilder" time="3.385"/>
  <testcase name="testStaticContractTest_mainVoidMethod()" classname="de.uka.ilkd.key.symbolic_execution.testcase.TestSymbolicExecutionTreeBuilder" time="3.323"/>
  <testcase name="testStaticDefaultContractTest()" classname="de.uka.ilkd.key.symbolic_execution.testcase.TestSymbolicExecutionTreeBuilder" time="3.477"/>
  <testcase name="testStaticInstanceFieldChanged()" classname="de.uka.ilkd.key.symbolic_execution.testcase.TestSymbolicExecutionTreeBuilder" time="13.235"/>
  <testcase name="testStaticMethodCall()" classname="de.uka.ilkd.key.symbolic_execution.testcase.TestSymbolicExecutionTreeBuilder" time="3.494"/>
  <testcase name="testSwitchCaseTest()" classname="de.uka.ilkd.key.symbolic_execution.testcase.TestSymbolicExecutionTreeBuilder" time="4.301"/>
  <testcase name="testSwitchCaseTest_mergedBranchConditions()" classname="de.uka.ilkd.key.symbolic_execution.testcase.TestSymbolicExecutionTreeBuilder" time="4.566"/>
  <testcase name="testSymbolicExecutionCompletionsTest()" classname="de.uka.ilkd.key.symbolic_execution.testcase.TestSymbolicExecutionTreeBuilder" time="3.908"/>
  <testcase name="testThrowTest()" classname="de.uka.ilkd.key.symbolic_execution.testcase.TestSymbolicExecutionTreeBuilder" time="3.419"/>
  <testcase name="testThrowVariableTest()" classname="de.uka.ilkd.key.symbolic_execution.testcase.TestSymbolicExecutionTreeBuilder" time="3.436"/>
  <testcase name="testTryCatchFinally()" classname="de.uka.ilkd.key.symbolic_execution.testcase.TestSymbolicExecutionTreeBuilder" time="3.648"/>
  <testcase name="testUnicode_Disabled()" classname="de.uka.ilkd.key.symbolic_execution.testcase.TestSymbolicExecutionTreeBuilder" time="6.305"/>
  <testcase name="testUnicode_Enabled()" classname="de.uka.ilkd.key.symbolic_execution.testcase.TestSymbolicExecutionTreeBuilder" time="6.236"/>
  <testcase name="testUseLoopInvariantArrayAverage()" classname="de.uka.ilkd.key.symbolic_execution.testcase.TestSymbolicExecutionTreeBuilder" time="5.153"/>
  <testcase name="testUseLoopInvariantArraySizeDoWhile()" classname="de.uka.ilkd.key.symbolic_execution.testcase.TestSymbolicExecutionTreeBuilder" time="3.669"/>
  <testcase name="testUseLoopInvariantArraySizeWhile()" classname="de.uka.ilkd.key.symbolic_execution.testcase.TestSymbolicExecutionTreeBuilder" time="3.634"/>
  <testcase name="testUseLoopInvariantArraySumFor()" classname="de.uka.ilkd.key.symbolic_execution.testcase.TestSymbolicExecutionTreeBuilder" time="3.837"/>
  <testcase name="testUseLoopInvariantArraySumForEach()" classname="de.uka.ilkd.key.symbolic_execution.testcase.TestSymbolicExecutionTreeBuilder" time="3.814"/>
  <testcase name="testUseLoopInvariantArraySumWhile()" classname="de.uka.ilkd.key.symbolic_execution.testcase.TestSymbolicExecutionTreeBuilder" time="3.802"/>
  <testcase name="testUseLoopInvariantArraySumWhileInitiallyInvalid()" classname="de.uka.ilkd.key.symbolic_execution.testcase.TestSymbolicExecutionTreeBuilder" time="3.77"/>
  <testcase name="testUseLoopInvariantLoopSplittingCondition()" classname="de.uka.ilkd.key.symbolic_execution.testcase.TestSymbolicExecutionTreeBuilder" time="4.322"/>
  <testcase name="testUseLoopInvariantTwoLoops()" classname="de.uka.ilkd.key.symbolic_execution.testcase.TestSymbolicExecutionTreeBuilder" time="4.367"/>
  <testcase name="testUseLoopInvariantWithoutDecreasing()" classname="de.uka.ilkd.key.symbolic_execution.testcase.TestSymbolicExecutionTreeBuilder" time="4.108"/>
  <testcase name="testUseOperationContractAllBranchesOpenTest()" classname="de.uka.ilkd.key.symbolic_execution.testcase.TestSymbolicExecutionTreeBuilder" time="4.181"/>
  <testcase name="testUseOperationContractApplyContractTwice()" classname="de.uka.ilkd.key.symbolic_execution.testcase.TestSymbolicExecutionTreeBuilder" time="3.34"/>
  <testcase name="testUseOperationContractExceptionalNoPreconditionWithNullCheckTest()" classname="de.uka.ilkd.key.symbolic_execution.testcase.TestSymbolicExecutionTreeBuilder" time="3.376"/>
  <testcase name="testUseOperationContractFalsePreconditionTest()" classname="de.uka.ilkd.key.symbolic_execution.testcase.TestSymbolicExecutionTreeBuilder" time="3.495"/>
  <testcase name="testUseOperationContractFixedNormalPostTest()" classname="de.uka.ilkd.key.symbolic_execution.testcase.TestSymbolicExecutionTreeBuilder" time="3.394"/>
  <testcase name="testUseOperationContractInvalidPreconditionOnObjectTest()" classname="de.uka.ilkd.key.symbolic_execution.testcase.TestSymbolicExecutionTreeBuilder" time="3.417"/>
  <testcase name="testUseOperationContractInvalidPreconditionTest()" classname="de.uka.ilkd.key.symbolic_execution.testcase.TestSymbolicExecutionTreeBuilder" time="3.715"/>
  <testcase name="testUseOperationContractLightweightOperationContractTest()" classname="de.uka.ilkd.key.symbolic_execution.testcase.TestSymbolicExecutionTreeBuilder" time="3.348"/>
  <testcase name="testUseOperationContractNoExceptionTest()" classname="de.uka.ilkd.key.symbolic_execution.testcase.TestSymbolicExecutionTreeBuilder" time="3.342"/>
  <testcase name="testUseOperationContractNoPreconditionTest()" classname="de.uka.ilkd.key.symbolic_execution.testcase.TestSymbolicExecutionTreeBuilder" time="3.47"/>
  <testcase name="testUseOperationContractNoPreconditionWithNullCheckTest()" classname="de.uka.ilkd.key.symbolic_execution.testcase.TestSymbolicExecutionTreeBuilder" time="3.307"/>
  <testcase name="testUseOperationContractNormalAndExceptionalBranchTest()" classname="de.uka.ilkd.key.symbolic_execution.testcase.TestSymbolicExecutionTreeBuilder" time="3.719"/>
  <testcase name="testUseOperationContractNormalAndExceptionalTogetherTest()" classname="de.uka.ilkd.key.symbolic_execution.testcase.TestSymbolicExecutionTreeBuilder" time="3.29"/>
  <testcase name="testUseOperationContractQueryTest()" classname="de.uka.ilkd.key.symbolic_execution.testcase.TestSymbolicExecutionTreeBuilder" time="3.342"/>
  <testcase name="testUseOperationContractStatementsInImpliciteConstructor()" classname="de.uka.ilkd.key.symbolic_execution.testcase.TestSymbolicExecutionTreeBuilder" time="16.412"/>
  <testcase name="testUseOperationContractVariableNestedOperationContractUse()" classname="de.uka.ilkd.key.symbolic_execution.testcase.TestSymbolicExecutionTreeBuilder" time="3.262"/>
  <testcase name="testVariablesArrayAssignmentTest()" classname="de.uka.ilkd.key.symbolic_execution.testcase.TestSymbolicExecutionTreeBuilder" time="5.361"/>
  <testcase name="testVariablesArrayCreationInstanceTest()" classname="de.uka.ilkd.key.symbolic_execution.testcase.TestSymbolicExecutionTreeBuilder" time="6.805"/>
  <testcase name="testVariablesArrayCreationTest()" classname="de.uka.ilkd.key.symbolic_execution.testcase.TestSymbolicExecutionTreeBuilder" time="6.979"/>
  <testcase name="testVariablesArrayTest()" classname="de.uka.ilkd.key.symbolic_execution.testcase.TestSymbolicExecutionTreeBuilder" time="9.15"/>
  <testcase name="testVariablesEmptyArrayCreationTest()" classname="de.uka.ilkd.key.symbolic_execution.testcase.TestSymbolicExecutionTreeBuilder" time="4.298"/>
  <testcase name="testVariablesInstanceVariableTest()" classname="de.uka.ilkd.key.symbolic_execution.testcase.TestSymbolicExecutionTreeBuilder" time="23.111"/>
  <testcase name="testVariablesLocalTest()" classname="de.uka.ilkd.key.symbolic_execution.testcase.TestSymbolicExecutionTreeBuilder" time="5.108"/>
  <testcase name="testVariablesNonSimpleArrayAssignmentTest()" classname="de.uka.ilkd.key.symbolic_execution.testcase.TestSymbolicExecutionTreeBuilder" time="24.468"/>
  <testcase name="testVariablesNonSimpleArrayCreationTest()" classname="de.uka.ilkd.key.symbolic_execution.testcase.TestSymbolicExecutionTreeBuilder" time="8.205"/>
  <testcase name="testVariablesStaticTest()" classname="de.uka.ilkd.key.symbolic_execution.testcase.TestSymbolicExecutionTreeBuilder" time="4.888"/>
  <testcase name="testVariablesUnknownTest()" classname="de.uka.ilkd.key.symbolic_execution.testcase.TestSymbolicExecutionTreeBuilder" time="14.046"/>
  <testcase name="testVerifiedTest_loop()" classname="de.uka.ilkd.key.symbolic_execution.testcase.TestSymbolicExecutionTreeBuilder" time="4.253"/>
  <testcase name="testVerifiedTest_magic()" classname="de.uka.ilkd.key.symbolic_execution.testcase.TestSymbolicExecutionTreeBuilder" time="3.471"/>
  <testcase name="testVerifiedTest_magicException()" classname="de.uka.ilkd.key.symbolic_execution.testcase.TestSymbolicExecutionTreeBuilder" time="3.61"/>
  <testcase name="testVerifiedTest_notLoop()" classname="de.uka.ilkd.key.symbolic_execution.testcase.TestSymbolicExecutionTreeBuilder" time="3.823"/>
  <testcase name="testVerifiedTest_notMagic()" classname="de.uka.ilkd.key.symbolic_execution.testcase.TestSymbolicExecutionTreeBuilder" time="3.25"/>
  <testcase name="testVerifiedTest_notMagicException()" classname="de.uka.ilkd.key.symbolic_execution.testcase.TestSymbolicExecutionTreeBuilder" time="3.332"/>
  <testcase name="testVerifyMin()" classname="de.uka.ilkd.key.symbolic_execution.testcase.TestSymbolicExecutionTreeBuilder" time="5.814"/>
  <testcase name="testVerifyMinTrueBranch()" classname="de.uka.ilkd.key.symbolic_execution.testcase.TestSymbolicExecutionTreeBuilder" time="3.162"/>
  <testcase name="testVerifyNumberNormal()" classname="de.uka.ilkd.key.symbolic_execution.testcase.TestSymbolicExecutionTreeBuilder" time="3.559"/>
  <testcase name="testVoidWhileWithReturn()" classname="de.uka.ilkd.key.symbolic_execution.testcase.TestSymbolicExecutionTreeBuilder" time="4.247"/>
  <testcase name="testWhileFalseTest()" classname="de.uka.ilkd.key.symbolic_execution.testcase.TestSymbolicExecutionTreeBuilder" time="3.472"/>
  <testcase name="testWhileTest()" classname="de.uka.ilkd.key.symbolic_execution.testcase.TestSymbolicExecutionTreeBuilder" time="3.66"/>
  <testcase name="testWhileWithLoopInvariantInCondition()" classname="de.uka.ilkd.key.symbolic_execution.testcase.TestSymbolicExecutionTreeBuilder" time="4.058"/>
  <testcase name="testWhileWithMethodCallAsConditionOnObject()" classname="de.uka.ilkd.key.symbolic_execution.testcase.TestSymbolicExecutionTreeBuilder" time="9.282"/>
  <testcase name="testWhileWithMethodCallAsCondition_NoPreExpandMethods()" classname="de.uka.ilkd.key.symbolic_execution.testcase.TestSymbolicExecutionTreeBuilder" time="4.154"/>
  <testcase name="testWhileWithMethodCallAsCondition_NoPreMethodContract()" classname="de.uka.ilkd.key.symbolic_execution.testcase.TestSymbolicExecutionTreeBuilder" time="6.22"/>
  <testcase name="testWhileWithMethodCallAsCondition_preExpandMethods()" classname="de.uka.ilkd.key.symbolic_execution.testcase.TestSymbolicExecutionTreeBuilder" time="4.313"/>
  <testcase name="testWhileWithMethodCallAsCondition_preMethodContract()" classname="de.uka.ilkd.key.symbolic_execution.testcase.TestSymbolicExecutionTreeBuilder" time="3.986"/>
  <system-out><![CDATA[]]></system-out>
  <system-err><![CDATA[]]></system-err>
</testsuite>
