<?xml version="1.0" encoding="UTF-8"?>
<testsuite name="de.uka.ilkd.key.symbolic_execution.testcase.TestSymbolicLayoutWriterAndReader" tests="1" skipped="0" failures="0" errors="0" timestamp="2023-02-02T21:44:53" hostname="fv-az256-867" time="0.016">
  <properties/>
  <testcase name="testWritingAndReading()" classname="de.uka.ilkd.key.symbolic_execution.testcase.TestSymbolicLayoutWriterAndReader" time="0.016"/>
  <system-out><![CDATA[]]></system-out>
  <system-err><![CDATA[]]></system-err>
</testsuite>
