<?xml version="1.0" encoding="UTF-8"?>
<testsuite name="de.uka.ilkd.key.proof.runallproofs.RunAllProofsInfFlow" tests="30" skipped="0" failures="0" errors="0" timestamp="2023-04-05T13:29:24" hostname="fv-az419-217" time="2743.19">
  <properties/>
  <testcase name="ToyVoting" classname="de.uka.ilkd.key.proof.runallproofs.RunAllProofsInfFlow" time="25.229"/>
  <testcase name="ConditionalConfidential" classname="de.uka.ilkd.key.proof.runallproofs.RunAllProofsInfFlow" time="14.588"/>
  <testcase name="SumExample" classname="de.uka.ilkd.key.proof.runallproofs.RunAllProofsInfFlow" time="10.003"/>
  <testcase name="ToyBanking" classname="de.uka.ilkd.key.proof.runallproofs.RunAllProofsInfFlow" time="114.267"/>
  <testcase name="BlockContracts" classname="de.uka.ilkd.key.proof.runallproofs.RunAllProofsInfFlow" time="60.883"/>
  <testcase name="MethodContracts" classname="de.uka.ilkd.key.proof.runallproofs.RunAllProofsInfFlow" time="71.07"/>
  <testcase name="LoopInvariants" classname="de.uka.ilkd.key.proof.runallproofs.RunAllProofsInfFlow" time="69.528"/>
  <testcase name="MiniExamples" classname="de.uka.ilkd.key.proof.runallproofs.RunAllProofsInfFlow" time="92.052"/>
  <testcase name="NewObjects" classname="de.uka.ilkd.key.proof.runallproofs.RunAllProofsInfFlow" time="76.86"/>
  <testcase name="passwordfile.SecurePasswordFile(passwordfile.SecurePasswordFile___userIndex()).JML accessible clause.0.key" classname="de.uka.ilkd.key.proof.runallproofs.RunAllProofsInfFlow" time="9.208"/>
  <testcase name="SimpleEvoting" classname="de.uka.ilkd.key.proof.runallproofs.RunAllProofsInfFlow" time="160.675"/>
  <testcase name="ToyVoting_nomacro" classname="de.uka.ilkd.key.proof.runallproofs.RunAllProofsInfFlow" time="34.963"/>
  <testcase name="ConditionalConfidential_nomacro" classname="de.uka.ilkd.key.proof.runallproofs.RunAllProofsInfFlow" time="0.001"/>
  <testcase name="SumExample_nomacro" classname="de.uka.ilkd.key.proof.runallproofs.RunAllProofsInfFlow" time="11.61"/>
  <testcase name="ToyBanking_nomacro" classname="de.uka.ilkd.key.proof.runallproofs.RunAllProofsInfFlow" time="83.798"/>
  <testcase name="BlockContracts_nomacro" classname="de.uka.ilkd.key.proof.runallproofs.RunAllProofsInfFlow" time="77.241"/>
  <testcase name="MethodContracts_nomacro" classname="de.uka.ilkd.key.proof.runallproofs.RunAllProofsInfFlow" time="71.482"/>
  <testcase name="LoopInvariants_nomacro" classname="de.uka.ilkd.key.proof.runallproofs.RunAllProofsInfFlow" time="109.032"/>
  <testcase name="MiniExamples_nomacro" classname="de.uka.ilkd.key.proof.runallproofs.RunAllProofsInfFlow" time="96.424"/>
  <testcase name="NewObjects_nomacro" classname="de.uka.ilkd.key.proof.runallproofs.RunAllProofsInfFlow" time="132.907"/>
  <testcase name="SimpleEvoting_nomacro" classname="de.uka.ilkd.key.proof.runallproofs.RunAllProofsInfFlow" time="136.827"/>
  <testcase name="ToyVoting_fullmacro" classname="de.uka.ilkd.key.proof.runallproofs.RunAllProofsInfFlow" time="57.664"/>
  <testcase name="SumExample_fullmacro" classname="de.uka.ilkd.key.proof.runallproofs.RunAllProofsInfFlow" time="10.559"/>
  <testcase name="ToyBanking_fullmacro" classname="de.uka.ilkd.key.proof.runallproofs.RunAllProofsInfFlow" time="265.157"/>
  <testcase name="BlockContracts_fullmacro" classname="de.uka.ilkd.key.proof.runallproofs.RunAllProofsInfFlow" time="80.862"/>
  <testcase name="MethodContracts_fullmacro" classname="de.uka.ilkd.key.proof.runallproofs.RunAllProofsInfFlow" time="73.071"/>
  <testcase name="InformationFlow_fullmacro" classname="de.uka.ilkd.key.proof.runallproofs.RunAllProofsInfFlow" time="320.099"/>
  <testcase name="MiniExamples_fullmacro" classname="de.uka.ilkd.key.proof.runallproofs.RunAllProofsInfFlow" time="101.645"/>
  <testcase name="NewObjects_fullmacro" classname="de.uka.ilkd.key.proof.runallproofs.RunAllProofsInfFlow" time="194.456"/>
  <testcase name="SimpleEvoting_fullmacro" classname="de.uka.ilkd.key.proof.runallproofs.RunAllProofsInfFlow" time="181.009"/>
  <system-out><![CDATA[516        INFO  Test worker     d.u.i.k.p.r.RunAllProofsTestUnit Running test ToyVoting 
376        INFO  Timeout watchdog d.u.i.k.p.r.p.ForkedTestFileRunner Timeout watcher launched (1000 secs.) 
392        WARN  main            d.u.i.k.s.ProofSettings   No proof-settings could be loaded, using defaults java.io.FileNotFoundException: /home/runner/.key/proof-settings.props (No such file or directory)
	at java.base/java.io.FileInputStream.open0(Native Method)

398        INFO  main            d.u.i.k.p.r.p.TestFile    Now processing file /home/runner/work/key/key/key.core/../key.ui/examples/index/../InformationFlow/ToyVoting/Voter(Voter__insecure_voting()).JML normal_behavior operation contract.0.key 
9757       INFO  main            d.u.i.k.p.r.p.TestFile    ... finished proof: closed. 
9891       INFO  main            d.u.i.k.p.r.p.TestFile    Now processing file /home/runner/work/key/key/key.core/../key.ui/examples/index/../InformationFlow/ToyVoting/Voter(Voter__publishVoterParticipation()).JML normal_behavior operation contract.0.key 
12825      INFO  main            d.u.i.k.p.r.p.TestFile    ... finished proof: closed. 
12980      INFO  main            d.u.i.k.p.r.p.TestFile    Now processing file /home/runner/work/key/key/key.core/../key.ui/examples/index/../InformationFlow/ToyVoting/Voter(Voter__isValid(int)).JML normal_behavior operation contract.0.key 
15824      INFO  main            d.u.i.k.p.r.p.TestFile    ... finished proof: closed. 
15942      INFO  main            d.u.i.k.p.r.p.TestFile    Now processing file /home/runner/work/key/key/key.core/../key.ui/examples/index/../InformationFlow/ToyVoting/Voter(Voter__sendVote(int)).JML normal_behavior operation contract.0.key 
18633      INFO  main            d.u.i.k.p.r.p.TestFile    ... finished proof: closed. 
18759      INFO  main            d.u.i.k.p.r.p.TestFile    Now processing file /home/runner/work/key/key/key.core/../key.ui/examples/index/../InformationFlow/ToyVoting/Voter(Voter__inputVote()).JML normal_behavior operation contract.0.key 
21403      INFO  main            d.u.i.k.p.r.p.TestFile    ... finished proof: closed. 
21518      INFO  main            d.u.i.k.p.r.p.TestFile    Now processing file /home/runner/work/key/key/key.core/../key.ui/examples/index/../InformationFlow/ToyVoting/Voter(Voter__secure_voting()).JML normal_behavior operation contract.0.key 
24727      INFO  main            d.u.i.k.p.r.p.TestFile    ... finished proof: closed. 
25736      INFO  Test worker     d.u.i.k.p.r.RunAllProofsTestUnit Returning from test ToyVoting 
25748      INFO  Test worker     d.u.i.k.p.r.RunAllProofsTestUnit Running test ConditionalConfidential 
373        INFO  Timeout watchdog d.u.i.k.p.r.p.ForkedTestFileRunner Timeout watcher launched (1000 secs.) 
373        WARN  main            d.u.i.k.s.ProofSettings   The settings in /home/runner/.key/proof-settings.props are *not* read. 
380        INFO  main            d.u.i.k.p.r.p.TestFile    Now processing file /home/runner/work/key/key/key.core/../key.ui/examples/index/../InformationFlow/ConditionalConfidential/CCExample(CCExample__hasAccessRight(CCExample.User)).JML normal_behavior operation contract.0.key 
10418      INFO  main            d.u.i.k.p.r.p.TestFile    ... finished proof: closed. 
10578      INFO  main            d.u.i.k.p.r.p.TestFile    Now processing file /home/runner/work/key/key/key.core/../key.ui/examples/index/../InformationFlow/ConditionalConfidential/CCExample(CCExample__getConfidentialData(CCExample.User)).JML normal_behavior operation contract.0.key 
14165      INFO  main            d.u.i.k.p.r.p.TestFile    ... finished proof: closed. 
40335      INFO  Test worker     d.u.i.k.p.r.RunAllProofsTestUnit Returning from test ConditionalConfidential 
40336      INFO  Test worker     d.u.i.k.p.r.RunAllProofsTestUnit Running test SumExample 
404        INFO  Timeout watchdog d.u.i.k.p.r.p.ForkedTestFileRunner Timeout watcher launched (1000 secs.) 
417        WARN  main            d.u.i.k.s.ProofSettings   The settings in /home/runner/.key/proof-settings.props are *not* read. 
420        INFO  main            d.u.i.k.p.r.p.TestFile    Now processing file /home/runner/work/key/key/key.core/../key.ui/examples/index/../InformationFlow/Sum/SumExample(SumExample__getSum()).JML normal_behavior operation contract.0.key 
9716       INFO  main            d.u.i.k.p.r.p.TestFile    ... finished proof: closed. 
50337      INFO  Test worker     d.u.i.k.p.r.RunAllProofsTestUnit Returning from test SumExample 
50339      INFO  Test worker     d.u.i.k.p.r.RunAllProofsTestUnit Running test ToyBanking 
408        INFO  Timeout watchdog d.u.i.k.p.r.p.ForkedTestFileRunner Timeout watcher launched (1000 secs.) 
417        WARN  main            d.u.i.k.s.ProofSettings   The settings in /home/runner/.key/proof-settings.props are *not* read. 
421        INFO  main            d.u.i.k.p.r.p.TestFile    Now processing file /home/runner/work/key/key/key.core/../key.ui/examples/index/../InformationFlow/ToyBanking/banking_example.UserAccount(banking_example.UserAccount__getBankAccount(int)).JML normal_behavior operation contract.0.key 
10061      INFO  main            d.u.i.k.p.r.p.TestFile    ... finished proof: closed. 
10204      INFO  main            d.u.i.k.p.r.p.TestFile    Now processing file /home/runner/work/key/key/key.core/../key.ui/examples/index/../InformationFlow/ToyBanking/banking_example.UserAccount(banking_example.UserAccount__tryLogin(int,(C)).JML normal_behavior operation contract.0.key 
35884      INFO  main            d.u.i.k.p.r.p.TestFile    ... finished proof: closed. 
36199      INFO  main            d.u.i.k.p.r.p.TestFile    Now processing file /home/runner/work/key/key/key.core/../key.ui/examples/index/../InformationFlow/ToyBanking/banking_example.UserAccount(java.lang.Object___inv_()).JML accessible clause.0.key 
44617      INFO  main            d.u.i.k.p.r.p.TestFile    ... finished proof: closed. 
44800      INFO  main            d.u.i.k.p.r.p.TestFile    Now processing file /home/runner/work/key/key/key.core/../key.ui/examples/index/../InformationFlow/ToyBanking/banking_example.BankAccount(banking_example.BankAccount__depositMoney(int)).JML normal_behavior operation contract.0.key 
48175      INFO  main            d.u.i.k.p.r.p.TestFile    ... finished proof: closed. 
48320      INFO  main            d.u.i.k.p.r.p.TestFile    Now processing file /home/runner/work/key/key/key.core/../key.ui/examples/index/../InformationFlow/ToyBanking/banking_example.BankAccount(banking_example.BankAccount__getBalance()).JML normal_behavior operation contract.0.key 
51472      INFO  main            d.u.i.k.p.r.p.TestFile    ... finished proof: closed. 
51646      INFO  main            d.u.i.k.p.r.p.TestFile    Now processing file /home/runner/work/key/key/key.core/../key.ui/examples/index/../InformationFlow/ToyBanking/banking_example.BankAccount(banking_example.BankAccount__getId()).JML normal_behavior operation contract.0.key 
54796      INFO  main            d.u.i.k.p.r.p.TestFile    ... finished proof: closed. 
54949      INFO  main            d.u.i.k.p.r.p.TestFile    Now processing file /home/runner/work/key/key/key.core/../key.ui/examples/index/../InformationFlow/ToyBanking/banking_example.Bank(banking_example.Bank__login(int,(C)).JML normal_behavior operation contract.0.key 
63984      INFO  main            d.u.i.k.p.r.p.TestFile    ... finished proof: closed. 
64166      INFO  main            d.u.i.k.p.r.p.TestFile    Now processing file /home/runner/work/key/key/key.core/../key.ui/examples/index/../InformationFlow/ToyBanking/banking_example2.UserAccount(banking_example2.UserAccount__getBankAccount(int)).JML normal_behavior operation contract.0.key 
67521      INFO  main            d.u.i.k.p.r.p.TestFile    ... finished proof: closed. 
67673      INFO  main            d.u.i.k.p.r.p.TestFile    Now processing file /home/runner/work/key/key/key.core/../key.ui/examples/index/../InformationFlow/ToyBanking/banking_example2.UserAccount(banking_example2.UserAccount__tryLogin(int,(C)).JML normal_behavior operation contract.0.key 
90832      INFO  main            d.u.i.k.p.r.p.TestFile    ... finished proof: closed. 
91085      INFO  main            d.u.i.k.p.r.p.TestFile    Now processing file /home/runner/work/key/key/key.core/../key.ui/examples/index/../InformationFlow/ToyBanking/banking_example2.UserAccount(java.lang.Object___inv_()).JML accessible clause.0.key 
98298      INFO  main            d.u.i.k.p.r.p.TestFile    ... finished proof: open goal(s) 
98499      INFO  main            d.u.i.k.p.r.p.TestFile    Now processing file /home/runner/work/key/key/key.core/../key.ui/examples/index/../InformationFlow/ToyBanking/banking_example2.BankAccount(banking_example2.BankAccount__depositMoney(int)).JML normal_behavior operation contract.0.key 
101644     INFO  main            d.u.i.k.p.r.p.TestFile    ... finished proof: closed. 
101817     INFO  main            d.u.i.k.p.r.p.TestFile    Now processing file /home/runner/work/key/key/key.core/../key.ui/examples/index/../InformationFlow/ToyBanking/banking_example2.BankAccount(banking_example2.BankAccount__getBalance()).JML normal_behavior operation contract.0.key 
104824     INFO  main            d.u.i.k.p.r.p.TestFile    ... finished proof: closed. 
104976     INFO  main            d.u.i.k.p.r.p.TestFile    Now processing file /home/runner/work/key/key/key.core/../key.ui/examples/index/../InformationFlow/ToyBanking/banking_example2.BankAccount(banking_example2.BankAccount__getId()).JML normal_behavior operation contract.0.key 
107909     INFO  main            d.u.i.k.p.r.p.TestFile    ... finished proof: closed. 
108067     INFO  main            d.u.i.k.p.r.p.TestFile    Now processing file /home/runner/work/key/key/key.core/../key.ui/examples/index/../InformationFlow/ToyBanking/banking_example2.Bank(banking_example2.Bank__login(int,(C)).JML normal_behavior operation contract.0.key 
113878     INFO  main            d.u.i.k.p.r.p.TestFile    ... finished proof: closed. 
164604     INFO  Test worker     d.u.i.k.p.r.RunAllProofsTestUnit Returning from test ToyBanking 
164609     INFO  Test worker     d.u.i.k.p.r.RunAllProofsTestUnit Running test BlockContracts 
344        INFO  Timeout watchdog d.u.i.k.p.r.p.ForkedTestFileRunner Timeout watcher launched (1000 secs.) 
352        WARN  main            d.u.i.k.s.ProofSettings   The settings in /home/runner/.key/proof-settings.props are *not* read. 
356        INFO  main            d.u.i.k.p.r.p.TestFile    Now processing file /home/runner/work/key/key/key.core/../key.ui/examples/index/../InformationFlow/BlockContracts/contract.IFBlockExamples(contract.IFBlockExamples__secure_5()).JML operation contract.0.key 
9177       INFO  main            d.u.i.k.p.r.p.TestFile    ... finished proof: closed. 
9286       INFO  main            d.u.i.k.p.r.p.TestFile    Now processing file /home/runner/work/key/key/key.core/../key.ui/examples/index/../InformationFlow/BlockContracts/contract.IFBlockExamples(contract.IFBlockExamples__block_no_return_secure(int)).JML operation contract.0.key 
12497      INFO  main            d.u.i.k.p.r.p.TestFile    ... finished proof: closed. 
12619      INFO  main            d.u.i.k.p.r.p.TestFile    Now processing file /home/runner/work/key/key/key.core/../key.ui/examples/index/../InformationFlow/BlockContracts/contract.IFBlockExamples(contract.IFBlockExamples__while_block_insecure(int)).JML operation contract.0.key 
15815      INFO  main            d.u.i.k.p.r.p.TestFile    ... finished proof: closed. 
15979      INFO  main            d.u.i.k.p.r.p.TestFile    Now processing file /home/runner/work/key/key/key.core/../key.ui/examples/index/../InformationFlow/BlockContracts/contract.IFBlockExamples(contract.IFBlockExamples__while_block_secure(int)).JML operation contract.0.key 
19004      INFO  main            d.u.i.k.p.r.p.TestFile    ... finished proof: closed. 
19135      INFO  main            d.u.i.k.p.r.p.TestFile    Now processing file /home/runner/work/key/key/key.core/../key.ui/examples/index/../InformationFlow/BlockContracts/contract.IFBlockExamples(contract.IFBlockExamples__block_while_secure(int)).JML operation contract.0.key 
22167      INFO  main            d.u.i.k.p.r.p.TestFile    ... finished proof: closed. 
22303      INFO  main            d.u.i.k.p.r.p.TestFile    Now processing file /home/runner/work/key/key/key.core/../key.ui/examples/index/../InformationFlow/BlockContracts/contract.IFBlockExamples(contract.IFBlockExamples__insecure_4(int)).JML operation contract.0.key 
25467      INFO  main            d.u.i.k.p.r.p.TestFile    ... finished proof: closed. 
25676      INFO  main            d.u.i.k.p.r.p.TestFile    Now processing file /home/runner/work/key/key/key.core/../key.ui/examples/index/../InformationFlow/BlockContracts/contract.IFBlockExamples(contract.IFBlockExamples__insecure_3(int)).JML operation contract.0.key 
28772      INFO  main            d.u.i.k.p.r.p.TestFile    ... finished proof: closed. 
28995      INFO  main            d.u.i.k.p.r.p.TestFile    Now processing file /home/runner/work/key/key/key.core/../key.ui/examples/index/../InformationFlow/BlockContracts/contract.IFBlockExamples(contract.IFBlockExamples__secure_3(int)).JML operation contract.0.key 
32122      INFO  main            d.u.i.k.p.r.p.TestFile    ... finished proof: closed. 
32284      INFO  main            d.u.i.k.p.r.p.TestFile    Now processing file /home/runner/work/key/key/key.core/../key.ui/examples/index/../InformationFlow/BlockContracts/contract.IFBlockExamples(contract.IFBlockExamples__secure_2(int)).JML operation contract.0.key 
35412      INFO  main            d.u.i.k.p.r.p.TestFile    ... finished proof: closed. 
35575      INFO  main            d.u.i.k.p.r.p.TestFile    Now processing file /home/runner/work/key/key/key.core/../key.ui/examples/index/../InformationFlow/BlockContracts/contract.IFBlockExamples(contract.IFBlockExamples__secure_8(int)).JML operation contract.0.key 
38466      INFO  main            d.u.i.k.p.r.p.TestFile    ... finished proof: closed. 
38629      INFO  main            d.u.i.k.p.r.p.TestFile    Now processing file /home/runner/work/key/key/key.core/../key.ui/examples/index/../InformationFlow/BlockContracts/contract.IFBlockExamples(contract.IFBlockExamples__secure_7(int)).JML operation contract.0.key 
41527      INFO  main            d.u.i.k.p.r.p.TestFile    ... finished proof: closed. 
41688      INFO  main            d.u.i.k.p.r.p.TestFile    Now processing file /home/runner/work/key/key/key.core/../key.ui/examples/index/../InformationFlow/BlockContracts/contract.IFBlockExamples(contract.IFBlockExamples__secure_6(int)).JML operation contract.0.key 
44589      INFO  main            d.u.i.k.p.r.p.TestFile    ... finished proof: closed. 
44744      INFO  main            d.u.i.k.p.r.p.TestFile    Now processing file /home/runner/work/key/key/key.core/../key.ui/examples/index/../InformationFlow/BlockContracts/contract.IFBlockExamples(contract.IFBlockExamples__insecure_1(int)).JML operation contract.0.key 
47627      INFO  main            d.u.i.k.p.r.p.TestFile    ... finished proof: closed. 
47791      INFO  main            d.u.i.k.p.r.p.TestFile    Now processing file /home/runner/work/key/key/key.core/../key.ui/examples/index/../InformationFlow/BlockContracts/contract.IFBlockExamples(contract.IFBlockExamples__secure_4(int)).JML operation contract.0.key 
50660      INFO  main            d.u.i.k.p.r.p.TestFile    ... finished proof: closed. 
50818      INFO  main            d.u.i.k.p.r.p.TestFile    Now processing file /home/runner/work/key/key/key.core/../key.ui/examples/index/../InformationFlow/BlockContracts/contract.IFBlockExamples(contract.IFBlockExamples__secure_1(int)).JML operation contract.0.key 
53699      INFO  main            d.u.i.k.p.r.p.TestFile    ... finished proof: closed. 
53877      INFO  main            d.u.i.k.p.r.p.TestFile    Now processing file /home/runner/work/key/key/key.core/../key.ui/examples/index/../InformationFlow/BlockContracts/contract.IFEfficiencyExamples(contract.IFEfficiencyExamples__mWithoutBlockContract()).JML operation contract.0.key 
57227      INFO  main            d.u.i.k.p.r.p.TestFile    ... finished proof: closed. 
57407      INFO  main            d.u.i.k.p.r.p.TestFile    Now processing file /home/runner/work/key/key/key.core/../key.ui/examples/index/../InformationFlow/BlockContracts/contract.IFEfficiencyExamples(contract.IFEfficiencyExamples__mWithBlockContract()).JML operation contract.0.key 
60543      INFO  main            d.u.i.k.p.r.p.TestFile    ... finished proof: closed. 
225491     INFO  Test worker     d.u.i.k.p.r.RunAllProofsTestUnit Returning from test BlockContracts 
225503     INFO  Test worker     d.u.i.k.p.r.RunAllProofsTestUnit Running test MethodContracts 
354        INFO  Timeout watchdog d.u.i.k.p.r.p.ForkedTestFileRunner Timeout watcher launched (1000 secs.) 
382        WARN  main            d.u.i.k.s.ProofSettings   The settings in /home/runner/.key/proof-settings.props are *not* read. 
385        INFO  main            d.u.i.k.p.r.p.TestFile    Now processing file /home/runner/work/key/key/key.core/../key.ui/examples/index/../InformationFlow/MethodContracts/contract.IFMethodContract(contract.IFMethodContract__secure_recursion_2((I,int)).JML normal_behavior operation contract.0.key 
9176       INFO  main            d.u.i.k.p.r.p.TestFile    ... finished proof: closed. 
9291       INFO  main            d.u.i.k.p.r.p.TestFile    Now processing file /home/runner/work/key/key/key.core/../key.ui/examples/index/../InformationFlow/MethodContracts/contract.IFMethodContract(contract.IFMethodContract__secure_recursion(int)).JML normal_behavior operation contract.0.key 
12385      INFO  main            d.u.i.k.p.r.p.TestFile    ... finished proof: closed. 
12558      INFO  main            d.u.i.k.p.r.p.TestFile    Now processing file /home/runner/work/key/key/key.core/../key.ui/examples/index/../InformationFlow/MethodContracts/contract.IFMethodContract(contract.IFMethodContract__secure_catch_exception()).JML operation contract.0.key 
15635      INFO  main            d.u.i.k.p.r.p.TestFile    ... finished proof: closed. 
15756      INFO  main            d.u.i.k.p.r.p.TestFile    Now processing file /home/runner/work/key/key/key.core/../key.ui/examples/index/../InformationFlow/MethodContracts/contract.IFMethodContract(contract.IFMethodContract__n6()).JML normal_behavior operation contract.0.key 
18628      INFO  main            d.u.i.k.p.r.p.TestFile    ... finished proof: closed. 
18751      INFO  main            d.u.i.k.p.r.p.TestFile    Now processing file /home/runner/work/key/key/key.core/../key.ui/examples/index/../InformationFlow/MethodContracts/contract.IFMethodContract(contract.IFMethodContract__secure_n6()).JML operation contract.0.key 
21525      INFO  main            d.u.i.k.p.r.p.TestFile    ... finished proof: closed. 
21646      INFO  main            d.u.i.k.p.r.p.TestFile    Now processing file /home/runner/work/key/key/key.core/../key.ui/examples/index/../InformationFlow/MethodContracts/contract.IFMethodContract(contract.IFMethodContract__secure_array_param_helper()).JML normal_behavior operation contract.0.key 
24410      INFO  main            d.u.i.k.p.r.p.TestFile    ... finished proof: closed. 
24578      INFO  main            d.u.i.k.p.r.p.TestFile    Now processing file /home/runner/work/key/key/key.core/../key.ui/examples/index/../InformationFlow/MethodContracts/contract.IFMethodContract(contract.IFMethodContract__secure_array_param((I,int)).JML operation contract.0.key 
27437      INFO  main            d.u.i.k.p.r.p.TestFile    ... finished proof: closed. 
27590      INFO  main            d.u.i.k.p.r.p.TestFile    Now processing file /home/runner/work/key/key/key.core/../key.ui/examples/index/../InformationFlow/MethodContracts/contract.IFMethodContract(contract.IFMethodContract__n9()).JML normal_behavior operation contract.0.key 
30350      INFO  main            d.u.i.k.p.r.p.TestFile    ... finished proof: closed. 
30488      INFO  main            d.u.i.k.p.r.p.TestFile    Now processing file /home/runner/work/key/key/key.core/../key.ui/examples/index/../InformationFlow/MethodContracts/contract.IFMethodContract(contract.IFMethodContract__secure_assignment_0_n9()).JML operation contract.0.key 
33207      INFO  main            d.u.i.k.p.r.p.TestFile    ... finished proof: closed. 
33367      INFO  main            d.u.i.k.p.r.p.TestFile    Now processing file /home/runner/work/key/key/key.core/../key.ui/examples/index/../InformationFlow/MethodContracts/contract.IFMethodContract(contract.IFMethodContract__insecure_if_high_n5_n1()).JML operation contract.0.key 
36208      INFO  main            d.u.i.k.p.r.p.TestFile    ... finished proof: closed. 
36348      INFO  main            d.u.i.k.p.r.p.TestFile    Now processing file /home/runner/work/key/key/key.core/../key.ui/examples/index/../InformationFlow/MethodContracts/contract.IFMethodContract(contract.IFMethodContract__n5(int)).JML normal_behavior operation contract.0.key 
39053      INFO  main            d.u.i.k.p.r.p.TestFile    ... finished proof: closed. 
39194      INFO  main            d.u.i.k.p.r.p.TestFile    Now processing file /home/runner/work/key/key/key.core/../key.ui/examples/index/../InformationFlow/MethodContracts/contract.IFMethodContract(contract.IFMethodContract__secure_if_high_n5_n1()).JML operation contract.0.key 
42010      INFO  main            d.u.i.k.p.r.p.TestFile    ... finished proof: closed. 
42199      INFO  main            d.u.i.k.p.r.p.TestFile    Now processing file /home/runner/work/key/key/key.core/../key.ui/examples/index/../InformationFlow/MethodContracts/contract.IFMethodContract(contract.IFMethodContract__secure_if_high_n1()).JML operation contract.0.key 
45001      INFO  main            d.u.i.k.p.r.p.TestFile    ... finished proof: closed. 
45164      INFO  main            d.u.i.k.p.r.p.TestFile    Now processing file /home/runner/work/key/key/key.core/../key.ui/examples/index/../InformationFlow/MethodContracts/contract.IFMethodContract(contract.IFMethodContract__secure_n5()).JML operation contract.0.key 
47826      INFO  main            d.u.i.k.p.r.p.TestFile    ... finished proof: closed. 
47997      INFO  main            d.u.i.k.p.r.p.TestFile    Now processing file /home/runner/work/key/key/key.core/../key.ui/examples/index/../InformationFlow/MethodContracts/contract.IFMethodContract(contract.IFMethodContract__n4()).JML normal_behavior operation contract.0.key 
50706      INFO  main            d.u.i.k.p.r.p.TestFile    ... finished proof: closed. 
50863      INFO  main            d.u.i.k.p.r.p.TestFile    Now processing file /home/runner/work/key/key/key.core/../key.ui/examples/index/../InformationFlow/MethodContracts/contract.IFMethodContract(contract.IFMethodContract__n3()).JML normal_behavior operation contract.0.key 
53556      INFO  main            d.u.i.k.p.r.p.TestFile    ... finished proof: closed. 
53716      INFO  main            d.u.i.k.p.r.p.TestFile    Now processing file /home/runner/work/key/key/key.core/../key.ui/examples/index/../InformationFlow/MethodContracts/contract.IFMethodContract(contract.IFMethodContract__secure_sequential_n3_precond_n4()).JML operation contract.0.key 
56401      INFO  main            d.u.i.k.p.r.p.TestFile    ... finished proof: closed. 
56601      INFO  main            d.u.i.k.p.r.p.TestFile    Now processing file /home/runner/work/key/key/key.core/../key.ui/examples/index/../InformationFlow/MethodContracts/contract.IFMethodContract(contract.IFMethodContract__insecure_assignment_n2()).JML operation contract.0.key 
59246      INFO  main            d.u.i.k.p.r.p.TestFile    ... finished proof: closed. 
59498      INFO  main            d.u.i.k.p.r.p.TestFile    Now processing file /home/runner/work/key/key/key.core/../key.ui/examples/index/../InformationFlow/MethodContracts/contract.IFMethodContract(contract.IFMethodContract__secure_assignments_n2()).JML operation contract.0.key 
62146      INFO  main            d.u.i.k.p.r.p.TestFile    ... finished proof: closed. 
62313      INFO  main            d.u.i.k.p.r.p.TestFile    Now processing file /home/runner/work/key/key/key.core/../key.ui/examples/index/../InformationFlow/MethodContracts/contract.IFMethodContract(contract.IFMethodContract__n2()).JML normal_behavior operation contract.0.key 
64965      INFO  main            d.u.i.k.p.r.p.TestFile    ... finished proof: closed. 
65130      INFO  main            d.u.i.k.p.r.p.TestFile    Now processing file /home/runner/work/key/key/key.core/../key.ui/examples/index/../InformationFlow/MethodContracts/contract.IFMethodContract(contract.IFMethodContract__n1()).JML normal_behavior operation contract.0.key 
67812      INFO  main            d.u.i.k.p.r.p.TestFile    ... finished proof: closed. 
67985      INFO  main            d.u.i.k.p.r.p.TestFile    Now processing file /home/runner/work/key/key/key.core/../key.ui/examples/index/../InformationFlow/MethodContracts/contract.IFMethodContract(contract.IFMethodContract__secure_sequential_n1_n2()).JML operation contract.0.key 
70648      INFO  main            d.u.i.k.p.r.p.TestFile    ... finished proof: closed. 
296569     INFO  Test worker     d.u.i.k.p.r.RunAllProofsTestUnit Returning from test MethodContracts 
296570     INFO  Test worker     d.u.i.k.p.r.RunAllProofsTestUnit Running test LoopInvariants 
372        INFO  Timeout watchdog d.u.i.k.p.r.p.ForkedTestFileRunner Timeout watcher launched (1000 secs.) 
381        WARN  main            d.u.i.k.s.ProofSettings   The settings in /home/runner/.key/proof-settings.props are *not* read. 
384        INFO  main            d.u.i.k.p.r.p.TestFile    Now processing file /home/runner/work/key/key/key.core/../key.ui/examples/index/../InformationFlow/LoopInvariants/loop.IFLoopExamples(loop.IFLoopExamples__insecure_while_3(int)).JML operation contract.0.key 
10081      INFO  main            d.u.i.k.p.r.p.TestFile    ... finished proof: closed. 
10200      INFO  main            d.u.i.k.p.r.p.TestFile    Now processing file /home/runner/work/key/key/key.core/../key.ui/examples/index/../InformationFlow/LoopInvariants/loop.IFLoopExamples(loop.IFLoopExamples__secure_while_2(int)).JML operation contract.0.key 
14034      INFO  main            d.u.i.k.p.r.p.TestFile    ... finished proof: closed. 
14167      INFO  main            d.u.i.k.p.r.p.TestFile    Now processing file /home/runner/work/key/key/key.core/../key.ui/examples/index/../InformationFlow/LoopInvariants/loop.IFLoopExamples(loop.IFLoopExamples__secure_while_4(int)).JML operation contract.0.key 
17838      INFO  main            d.u.i.k.p.r.p.TestFile    ... finished proof: closed. 
17971      INFO  main            d.u.i.k.p.r.p.TestFile    Now processing file /home/runner/work/key/key/key.core/../key.ui/examples/index/../InformationFlow/LoopInvariants/loop.IFLoopExamples(loop.IFLoopExamples__insecure_doubleNestedWhile2(int)).JML operation contract.0.key 
22205      INFO  main            d.u.i.k.p.r.p.TestFile    ... finished proof: closed. 
22364      INFO  main            d.u.i.k.p.r.p.TestFile    Now processing file /home/runner/work/key/key/key.core/../key.ui/examples/index/../InformationFlow/LoopInvariants/loop.IFLoopExamples(loop.IFLoopExamples__insecure_doubleNestedWhile(int)).JML operation contract.0.key 
26377      INFO  main            d.u.i.k.p.r.p.TestFile    ... finished proof: closed. 
26519      INFO  main            d.u.i.k.p.r.p.TestFile    Now processing file /home/runner/work/key/key/key.core/../key.ui/examples/index/../InformationFlow/LoopInvariants/loop.IFLoopExamples(loop.IFLoopExamples__secure_doubleNestedWhile(int)).JML operation contract.0.key 
30499      INFO  main            d.u.i.k.p.r.p.TestFile    ... finished proof: closed. 
30651      INFO  main            d.u.i.k.p.r.p.TestFile    Now processing file /home/runner/work/key/key/key.core/../key.ui/examples/index/../InformationFlow/LoopInvariants/loop.IFLoopExamples(loop.IFLoopExamples__secure_nestedTwoWhile(int)).JML operation contract.0.key 
34495      INFO  main            d.u.i.k.p.r.p.TestFile    ... finished proof: closed. 
34675      INFO  main            d.u.i.k.p.r.p.TestFile    Now processing file /home/runner/work/key/key/key.core/../key.ui/examples/index/../InformationFlow/LoopInvariants/loop.IFLoopExamples(loop.IFLoopExamples__secure_nestedWhile(int)).JML operation contract.0.key 
38229      INFO  main            d.u.i.k.p.r.p.TestFile    ... finished proof: closed. 
38401      INFO  main            d.u.i.k.p.r.p.TestFile    Now processing file /home/runner/work/key/key/key.core/../key.ui/examples/index/../InformationFlow/LoopInvariants/loop.IFLoopExamples(loop.IFLoopExamples__notSecure_while(int)).JML operation contract.0.key 
41656      INFO  main            d.u.i.k.p.r.p.TestFile    ... finished proof: closed. 
41808      INFO  main            d.u.i.k.p.r.p.TestFile    Now processing file /home/runner/work/key/key/key.core/../key.ui/examples/index/../InformationFlow/LoopInvariants/loop.IFLoopExamples(loop.IFLoopExamples__notSecure_while_wrongInv(int)).JML operation contract.0.key 
45020      INFO  main            d.u.i.k.p.r.p.TestFile    ... finished proof: open goal(s) 
45173      INFO  main            d.u.i.k.p.r.p.TestFile    Now processing file /home/runner/work/key/key/key.core/../key.ui/examples/index/../InformationFlow/LoopInvariants/loop.IFLoopExamples(loop.IFLoopExamples__insecure_twoWhile(int)).JML operation contract.0.key 
48576      INFO  main            d.u.i.k.p.r.p.TestFile    ... finished proof: closed. 
48734      INFO  main            d.u.i.k.p.r.p.TestFile    Now processing file /home/runner/work/key/key/key.core/../key.ui/examples/index/../InformationFlow/LoopInvariants/loop.IFLoopExamples(loop.IFLoopExamples__insecure_twoWhile_2(int)).JML operation contract.0.key 
52116      INFO  main            d.u.i.k.p.r.p.TestFile    ... finished proof: closed. 
52286      INFO  main            d.u.i.k.p.r.p.TestFile    Now processing file /home/runner/work/key/key/key.core/../key.ui/examples/index/../InformationFlow/LoopInvariants/loop.IFLoopExamples(loop.IFLoopExamples__secure_twoWhile(int)).JML operation contract.0.key 
55696      INFO  main            d.u.i.k.p.r.p.TestFile    ... finished proof: closed. 
55864      INFO  main            d.u.i.k.p.r.p.TestFile    Now processing file /home/runner/work/key/key/key.core/../key.ui/examples/index/../InformationFlow/LoopInvariants/loop.IFLoopExamples(loop.IFLoopExamples__loc_secure_while(int)).JML operation contract.0.key 
59137      INFO  main            d.u.i.k.p.r.p.TestFile    ... finished proof: closed. 
59297      INFO  main            d.u.i.k.p.r.p.TestFile    Now processing file /home/runner/work/key/key/key.core/../key.ui/examples/index/../InformationFlow/LoopInvariants/loop.IFLoopExamples(loop.IFLoopExamples__secure_while(int)).JML operation contract.0.key 
62473      INFO  main            d.u.i.k.p.r.p.TestFile    ... finished proof: closed. 
62640      INFO  main            d.u.i.k.p.r.p.TestFile    Now processing file /home/runner/work/key/key/key.core/../key.ui/examples/index/../InformationFlow/LoopInvariants/loop.IFLoopExamples(loop.IFLoopExamples__print(int)).JML normal_behavior operation contract.0.key 
65668      INFO  main            d.u.i.k.p.r.p.TestFile    ... finished proof: closed. 
65832      INFO  main            d.u.i.k.p.r.p.TestFile    Now processing file /home/runner/work/key/key/key.core/../key.ui/examples/index/../InformationFlow/LoopInvariants/loop.IFLoopExamples(loop.IFLoopExamples__hammer(int)).JML normal_behavior operation contract.0.key 
69178      INFO  main            d.u.i.k.p.r.p.TestFile    ... finished proof: closed. 
366097     INFO  Test worker     d.u.i.k.p.r.RunAllProofsTestUnit Returning from test LoopInvariants 
366098     INFO  Test worker     d.u.i.k.p.r.RunAllProofsTestUnit Running test MiniExamples 
339        INFO  Timeout watchdog d.u.i.k.p.r.p.ForkedTestFileRunner Timeout watcher launched (1000 secs.) 
354        WARN  main            d.u.i.k.s.ProofSettings   The settings in /home/runner/.key/proof-settings.props are *not* read. 
368        INFO  main            d.u.i.k.p.r.p.TestFile    Now processing file /home/runner/work/key/key/key.core/../key.ui/examples/index/../InformationFlow/MiniExamples/mini.AliasingExamples(mini.AliasingExamples__insecure_1(mini.AliasingExamples,mini.AliasingExamples,int)).JML operation contract.0.key 
9240       INFO  main            d.u.i.k.p.r.p.TestFile    ... finished proof: closed. 
9352       INFO  main            d.u.i.k.p.r.p.TestFile    Now processing file /home/runner/work/key/key/key.core/../key.ui/examples/index/../InformationFlow/MiniExamples/mini.AliasingExamples(mini.AliasingExamples__secure_1(mini.AliasingExamples,mini.AliasingExamples,int)).JML operation contract.0.key 
12421      INFO  main            d.u.i.k.p.r.p.TestFile    ... finished proof: closed. 
12538      INFO  main            d.u.i.k.p.r.p.TestFile    Now processing file /home/runner/work/key/key/key.core/../key.ui/examples/index/../InformationFlow/MiniExamples/mini.MiniExamplesLecture(mini.MiniExamplesLecture__m_6()).JML normal_behavior operation contract.0.key 
15440      INFO  main            d.u.i.k.p.r.p.TestFile    ... finished proof: closed. 
15567      INFO  main            d.u.i.k.p.r.p.TestFile    Now processing file /home/runner/work/key/key/key.core/../key.ui/examples/index/../InformationFlow/MiniExamples/mini.MiniExamplesLecture(mini.MiniExamplesLecture__m_5()).JML normal_behavior operation contract.0.key 
18472      INFO  main            d.u.i.k.p.r.p.TestFile    ... finished proof: closed. 
18597      INFO  main            d.u.i.k.p.r.p.TestFile    Now processing file /home/runner/work/key/key/key.core/../key.ui/examples/index/../InformationFlow/MiniExamples/mini.MiniExamplesLecture(mini.MiniExamplesLecture__m_4()).JML normal_behavior operation contract.0.key 
21346      INFO  main            d.u.i.k.p.r.p.TestFile    ... finished proof: closed. 
21469      INFO  main            d.u.i.k.p.r.p.TestFile    Now processing file /home/runner/work/key/key/key.core/../key.ui/examples/index/../InformationFlow/MiniExamples/mini.MiniExamplesLecture(mini.MiniExamplesLecture__m_3()).JML normal_behavior operation contract.0.key 
24166      INFO  main            d.u.i.k.p.r.p.TestFile    ... finished proof: closed. 
24306      INFO  main            d.u.i.k.p.r.p.TestFile    Now processing file /home/runner/work/key/key/key.core/../key.ui/examples/index/../InformationFlow/MiniExamples/mini.MiniExamplesLecture(mini.MiniExamplesLecture__m_2()).JML normal_behavior operation contract.0.key 
27102      INFO  main            d.u.i.k.p.r.p.TestFile    ... finished proof: closed. 
27229      INFO  main            d.u.i.k.p.r.p.TestFile    Now processing file /home/runner/work/key/key/key.core/../key.ui/examples/index/../InformationFlow/MiniExamples/mini.MiniExamplesLecture(mini.MiniExamplesLecture__m_1()).JML normal_behavior operation contract.0.key 
29936      INFO  main            d.u.i.k.p.r.p.TestFile    ... finished proof: closed. 
30087      INFO  main            d.u.i.k.p.r.p.TestFile    Now processing file /home/runner/work/key/key/key.core/../key.ui/examples/index/../InformationFlow/MiniExamples/mini.DifferenceSeqLocset(mini.DifferenceSeqLocset__m()).JML normal_behavior operation contract.1.key 
32932      INFO  main            d.u.i.k.p.r.p.TestFile    ... finished proof: closed. 
33073      INFO  main            d.u.i.k.p.r.p.TestFile    Now processing file /home/runner/work/key/key/key.core/../key.ui/examples/index/../InformationFlow/MiniExamples/mini.DifferenceSeqLocset(mini.DifferenceSeqLocset__m()).JML normal_behavior operation contract.0.key 
35809      INFO  main            d.u.i.k.p.r.p.TestFile    ... finished proof: closed. 
35955      INFO  main            d.u.i.k.p.r.p.TestFile    Now processing file /home/runner/work/key/key/key.core/../key.ui/examples/index/../InformationFlow/MiniExamples/mini.MiniExamples(mini.MiniExamples__secure_p2_8()).JML normal_behavior operation contract.0.key 
38617      INFO  main            d.u.i.k.p.r.p.TestFile    ... finished proof: closed. 
38766      INFO  main            d.u.i.k.p.r.p.TestFile    Now processing file /home/runner/work/key/key/key.core/../key.ui/examples/index/../InformationFlow/MiniExamples/mini.MiniExamples(mini.MiniExamples__secure_parameter(int)).JML operation contract.0.key 
41437      INFO  main            d.u.i.k.p.r.p.TestFile    ... finished proof: closed. 
41599      INFO  main            d.u.i.k.p.r.p.TestFile    Now processing file /home/runner/work/key/key/key.core/../key.ui/examples/index/../InformationFlow/MiniExamples/mini.MiniExamples(mini.MiniExamples__secure_p2_7()).JML normal_behavior operation contract.0.key 
44239      INFO  main            d.u.i.k.p.r.p.TestFile    ... finished proof: closed. 
44391      INFO  main            d.u.i.k.p.r.p.TestFile    Now processing file /home/runner/work/key/key/key.core/../key.ui/examples/index/../InformationFlow/MiniExamples/mini.MiniExamples(mini.MiniExamples__insecure_p2_2()).JML normal_behavior operation contract.0.key 
47048      INFO  main            d.u.i.k.p.r.p.TestFile    ... finished proof: closed. 
47205      INFO  main            d.u.i.k.p.r.p.TestFile    Now processing file /home/runner/work/key/key/key.core/../key.ui/examples/index/../InformationFlow/MiniExamples/mini.MiniExamples(mini.MiniExamples__secure_p2_6()).JML normal_behavior operation contract.0.key 
49858      INFO  main            d.u.i.k.p.r.p.TestFile    ... finished proof: closed. 
50030      INFO  main            d.u.i.k.p.r.p.TestFile    Now processing file /home/runner/work/key/key/key.core/../key.ui/examples/index/../InformationFlow/MiniExamples/mini.MiniExamples(mini.MiniExamples__secure_p2_5()).JML normal_behavior operation contract.0.key 
52648      INFO  main            d.u.i.k.p.r.p.TestFile    ... finished proof: closed. 
52837      INFO  main            d.u.i.k.p.r.p.TestFile    Now processing file /home/runner/work/key/key/key.core/../key.ui/examples/index/../InformationFlow/MiniExamples/mini.MiniExamples(mini.MiniExamples__secure_p2_4()).JML normal_behavior operation contract.0.key 
55465      INFO  main            d.u.i.k.p.r.p.TestFile    ... finished proof: closed. 
55621      INFO  main            d.u.i.k.p.r.p.TestFile    Now processing file /home/runner/work/key/key/key.core/../key.ui/examples/index/../InformationFlow/MiniExamples/mini.MiniExamples(mini.MiniExamples__secure_p2_3()).JML normal_behavior operation contract.0.key 
58241      INFO  main            d.u.i.k.p.r.p.TestFile    ... finished proof: closed. 
58405      INFO  main            d.u.i.k.p.r.p.TestFile    Now processing file /home/runner/work/key/key/key.core/../key.ui/examples/index/../InformationFlow/MiniExamples/mini.MiniExamples(mini.MiniExamples__secure_p2_2()).JML normal_behavior operation contract.0.key 
60996      INFO  main            d.u.i.k.p.r.p.TestFile    ... finished proof: closed. 
61183      INFO  main            d.u.i.k.p.r.p.TestFile    Now processing file /home/runner/work/key/key/key.core/../key.ui/examples/index/../InformationFlow/MiniExamples/mini.MiniExamples(mini.MiniExamples__secure_p2_1()).JML normal_behavior operation contract.0.key 
63816      INFO  main            d.u.i.k.p.r.p.TestFile    ... finished proof: closed. 
63983      INFO  main            d.u.i.k.p.r.p.TestFile    Now processing file /home/runner/work/key/key/key.core/../key.ui/examples/index/../InformationFlow/MiniExamples/mini.MiniExamples(mini.MiniExamples__insecure_p2_1()).JML normal_behavior operation contract.0.key 
66572      INFO  main            d.u.i.k.p.r.p.TestFile    ... finished proof: closed. 
66748      INFO  main            d.u.i.k.p.r.p.TestFile    Now processing file /home/runner/work/key/key/key.core/../key.ui/examples/index/../InformationFlow/MiniExamples/mini.MiniExamples(mini.MiniExamples__secure_p1_6()).JML normal_behavior operation contract.0.key 
69352      INFO  main            d.u.i.k.p.r.p.TestFile    ... finished proof: closed. 
69529      INFO  main            d.u.i.k.p.r.p.TestFile    Now processing file /home/runner/work/key/key/key.core/../key.ui/examples/index/../InformationFlow/MiniExamples/mini.MiniExamples(mini.MiniExamples__secure_p1_5()).JML normal_behavior operation contract.0.key 
72180      INFO  main            d.u.i.k.p.r.p.TestFile    ... finished proof: closed. 
72363      INFO  main            d.u.i.k.p.r.p.TestFile    Now processing file /home/runner/work/key/key/key.core/../key.ui/examples/index/../InformationFlow/MiniExamples/mini.MiniExamples(mini.MiniExamples__secure_p1_4()).JML normal_behavior operation contract.0.key 
74969      INFO  main            d.u.i.k.p.r.p.TestFile    ... finished proof: closed. 
75152      INFO  main            d.u.i.k.p.r.p.TestFile    Now processing file /home/runner/work/key/key/key.core/../key.ui/examples/index/../InformationFlow/MiniExamples/mini.MiniExamples(mini.MiniExamples__secure_p1_3()).JML normal_behavior operation contract.0.key 
77726      INFO  main            d.u.i.k.p.r.p.TestFile    ... finished proof: closed. 
77914      INFO  main            d.u.i.k.p.r.p.TestFile    Now processing file /home/runner/work/key/key/key.core/../key.ui/examples/index/../InformationFlow/MiniExamples/mini.MiniExamples(mini.MiniExamples__secure_p1_2()).JML normal_behavior operation contract.0.key 
80512      INFO  main            d.u.i.k.p.r.p.TestFile    ... finished proof: closed. 
80718      INFO  main            d.u.i.k.p.r.p.TestFile    Now processing file /home/runner/work/key/key/key.core/../key.ui/examples/index/../InformationFlow/MiniExamples/mini.MiniExamples(mini.MiniExamples__secure_p1_1()).JML normal_behavior operation contract.1.key 
83285      INFO  main            d.u.i.k.p.r.p.TestFile    ... finished proof: closed. 
83475      INFO  main            d.u.i.k.p.r.p.TestFile    Now processing file /home/runner/work/key/key/key.core/../key.ui/examples/index/../InformationFlow/MiniExamples/mini.MiniExamples(mini.MiniExamples__secure_p1_1()).JML normal_behavior operation contract.0.key 
86048      INFO  main            d.u.i.k.p.r.p.TestFile    ... finished proof: closed. 
86271      INFO  main            d.u.i.k.p.r.p.TestFile    Now processing file /home/runner/work/key/key/key.core/../key.ui/examples/index/../InformationFlow/MiniExamples/mini.MiniExamples(mini.MiniExamples__insecure_p1_2()).JML normal_behavior operation contract.0.key 
88870      INFO  main            d.u.i.k.p.r.p.TestFile    ... finished proof: closed. 
89067      INFO  main            d.u.i.k.p.r.p.TestFile    Now processing file /home/runner/work/key/key/key.core/../key.ui/examples/index/../InformationFlow/MiniExamples/mini.MiniExamples(mini.MiniExamples__insecure_p1_1()).JML normal_behavior operation contract.0.key 
91663      INFO  main            d.u.i.k.p.r.p.TestFile    ... finished proof: closed. 
458146     INFO  Test worker     d.u.i.k.p.r.RunAllProofsTestUnit Returning from test MiniExamples 
458150     INFO  Test worker     d.u.i.k.p.r.RunAllProofsTestUnit Running test NewObjects 
398        INFO  Timeout watchdog d.u.i.k.p.r.p.ForkedTestFileRunner Timeout watcher launched (1000 secs.) 
424        WARN  main            d.u.i.k.s.ProofSettings   The settings in /home/runner/.key/proof-settings.props are *not* read. 
430        INFO  main            d.u.i.k.p.r.p.TestFile    Now processing file /home/runner/work/key/key/key.core/../key.ui/examples/index/../InformationFlow/NewObjects/object.AmtoftBanerjee3(object.AmtoftBanerjee3__m()).JML operation contract.0.key 
9248       INFO  main            d.u.i.k.p.r.p.TestFile    ... finished proof: closed. 
9364       INFO  main            d.u.i.k.p.r.p.TestFile    Now processing file /home/runner/work/key/key/key.core/../key.ui/examples/index/../InformationFlow/NewObjects/object.AmtoftBanerjee(object.AmtoftBanerjee__m_2()).JML normal_behavior operation contract.0.key 
13094      INFO  main            d.u.i.k.p.r.p.TestFile    ... finished proof: closed. 
13229      INFO  main            d.u.i.k.p.r.p.TestFile    Now processing file /home/runner/work/key/key/key.core/../key.ui/examples/index/../InformationFlow/NewObjects/object.AmtoftBanerjee(object.AmtoftBanerjee__m_1()).JML normal_behavior operation contract.1.key 
16392      INFO  main            d.u.i.k.p.r.p.TestFile    ... finished proof: closed. 
16514      INFO  main            d.u.i.k.p.r.p.TestFile    Now processing file /home/runner/work/key/key/key.core/../key.ui/examples/index/../InformationFlow/NewObjects/object.AmtoftBanerjee(object.AmtoftBanerjee__m_1()).JML normal_behavior operation contract.0.key 
19591      INFO  main            d.u.i.k.p.r.p.TestFile    ... finished proof: closed. 
19748      INFO  main            d.u.i.k.p.r.p.TestFile    Now processing file /home/runner/work/key/key/key.core/../key.ui/examples/index/../InformationFlow/NewObjects/object.AmtoftBanerjee(object.AmtoftBanerjee__getQ()).JML normal_behavior operation contract.0.key 
22729      INFO  main            d.u.i.k.p.r.p.TestFile    ... finished proof: closed. 
22871      INFO  main            d.u.i.k.p.r.p.TestFile    Now processing file /home/runner/work/key/key/key.core/../key.ui/examples/index/../InformationFlow/NewObjects/object.Naumann(object.Naumann__Pair_m(int,int)).JML operation contract.0.key 
27195      INFO  main            d.u.i.k.p.r.p.TestFile    ... finished proof: closed. 
27356      INFO  main            d.u.i.k.p.r.p.TestFile    Now processing file /home/runner/work/key/key/key.core/../key.ui/examples/index/../InformationFlow/NewObjects/object.ObjectOrientation(object.ObjectOrientation__secure_while_i((Ljava.lang.Object)).JML operation contract.0.key 
30813      INFO  main            d.u.i.k.p.r.p.TestFile    ... finished proof: closed. 
31006      INFO  main            d.u.i.k.p.r.p.TestFile    Now processing file /home/runner/work/key/key/key.core/../key.ui/examples/index/../InformationFlow/NewObjects/object.ObjectOrientation(object.ObjectOrientation__secure_method_call()).JML operation contract.0.key 
33882      INFO  main            d.u.i.k.p.r.p.TestFile    ... finished proof: closed. 
34036      INFO  main            d.u.i.k.p.r.p.TestFile    Now processing file /home/runner/work/key/key/key.core/../key.ui/examples/index/../InformationFlow/NewObjects/object.ObjectOrientation(object.ObjectOrientation__if_two_object_creation_next()).JML operation contract.1.key 
37670      INFO  main            d.u.i.k.p.r.p.TestFile    ... finished proof: closed. 
37853      INFO  main            d.u.i.k.p.r.p.TestFile    Now processing file /home/runner/work/key/key/key.core/../key.ui/examples/index/../InformationFlow/NewObjects/object.ObjectOrientation(object.ObjectOrientation__if_two_object_creation_next()).JML operation contract.0.key 
41606      INFO  main            d.u.i.k.p.r.p.TestFile    ... finished proof: closed. 
41771      INFO  main            d.u.i.k.p.r.p.TestFile    Now processing file /home/runner/work/key/key/key.core/../key.ui/examples/index/../InformationFlow/NewObjects/object.ObjectOrientation(object.ObjectOrientation__secure_if_two_object_creation()).JML operation contract.0.key 
45334      INFO  main            d.u.i.k.p.r.p.TestFile    ... finished proof: closed. 
45530      INFO  main            d.u.i.k.p.r.p.TestFile    Now processing file /home/runner/work/key/key/key.core/../key.ui/examples/index/../InformationFlow/NewObjects/object.ObjectOrientation(object.ObjectOrientation__insecure_two_object_creation()).JML operation contract.0.key 
48865      INFO  main            d.u.i.k.p.r.p.TestFile    ... finished proof: closed. 
49029      INFO  main            d.u.i.k.p.r.p.TestFile    Now processing file /home/runner/work/key/key/key.core/../key.ui/examples/index/../InformationFlow/NewObjects/object.ObjectOrientation(object.ObjectOrientation__secure_two_object_creation()).JML normal_behavior operation contract.0.key 
52127      INFO  main            d.u.i.k.p.r.p.TestFile    ... finished proof: closed. 
52292      INFO  main            d.u.i.k.p.r.p.TestFile    Now processing file /home/runner/work/key/key/key.core/../key.ui/examples/index/../InformationFlow/NewObjects/object.ObjectOrientation(object.ObjectOrientation__insecure_object_assignment()).JML operation contract.1.key 
55141      INFO  main            d.u.i.k.p.r.p.TestFile    ... finished proof: closed. 
55302      INFO  main            d.u.i.k.p.r.p.TestFile    Now processing file /home/runner/work/key/key/key.core/../key.ui/examples/index/../InformationFlow/NewObjects/object.ObjectOrientation(object.ObjectOrientation__insecure_object_assignment()).JML operation contract.0.key 
58071      INFO  main            d.u.i.k.p.r.p.TestFile    ... finished proof: closed. 
58251      INFO  main            d.u.i.k.p.r.p.TestFile    Now processing file /home/runner/work/key/key/key.core/../key.ui/examples/index/../InformationFlow/NewObjects/object.ObjectOrientation(object.ObjectOrientation__secure_object_creation_3()).JML operation contract.0.key 
61197      INFO  main            d.u.i.k.p.r.p.TestFile    ... finished proof: closed. 
61373      INFO  main            d.u.i.k.p.r.p.TestFile    Now processing file /home/runner/work/key/key/key.core/../key.ui/examples/index/../InformationFlow/NewObjects/object.ObjectOrientation(object.ObjectOrientation__secure_object_creation_2()).JML operation contract.0.key 
64253      INFO  main            d.u.i.k.p.r.p.TestFile    ... finished proof: closed. 
64432      INFO  main            d.u.i.k.p.r.p.TestFile    Now processing file /home/runner/work/key/key/key.core/../key.ui/examples/index/../InformationFlow/NewObjects/object.ObjectOrientation(object.ObjectOrientation__secure_object_creation()).JML operation contract.0.key 
67309      INFO  main            d.u.i.k.p.r.p.TestFile    ... finished proof: closed. 
67498      INFO  main            d.u.i.k.p.r.p.TestFile    Now processing file /home/runner/work/key/key/key.core/../key.ui/examples/index/../InformationFlow/NewObjects/object.AmtoftBanerjee2(object.AmtoftBanerjee2__expensive(int)).JML accessible clause.0.key 
70319      INFO  main            d.u.i.k.p.r.p.TestFile    ... finished proof: closed. 
70494      INFO  main            d.u.i.k.p.r.p.TestFile    Now processing file /home/runner/work/key/key/key.core/../key.ui/examples/index/../InformationFlow/NewObjects/object.AmtoftBanerjee2(object.AmtoftBanerjee2__expensive(int)).JML normal_behavior operation contract.0.key 
73305      INFO  main            d.u.i.k.p.r.p.TestFile    ... finished proof: closed. 
73492      INFO  main            d.u.i.k.p.r.p.TestFile    Now processing file /home/runner/work/key/key/key.core/../key.ui/examples/index/../InformationFlow/NewObjects/object.AmtoftBanerjee2(object.AmtoftBanerjee2__cexp(int)).JML normal_behavior operation contract.0.key 
76487      INFO  main            d.u.i.k.p.r.p.TestFile    ... finished proof: closed. 
535009     INFO  Test worker     d.u.i.k.p.r.RunAllProofsTestUnit Returning from test NewObjects 
535010     INFO  Test worker     d.u.i.k.p.r.RunAllProofsTestUnit Running test passwordfile.SecurePasswordFile(passwordfile.SecurePasswordFile___userIndex()).JML accessible clause.0.key 
380        INFO  Timeout watchdog d.u.i.k.p.r.p.ForkedTestFileRunner Timeout watcher launched (1000 secs.) 
393        WARN  main            d.u.i.k.s.ProofSettings   The settings in /home/runner/.key/proof-settings.props are *not* read. 
407        INFO  main            d.u.i.k.p.r.p.TestFile    Now processing file /home/runner/work/key/key/key.core/../key.ui/examples/index/../InformationFlow/PasswordFile/passwordfile.SecurePasswordFile(passwordfile.SecurePasswordFile___userIndex()).JML accessible clause.0.key 
8926       INFO  main            d.u.i.k.p.r.p.TestFile    ... finished proof: open goal(s) 
544216     INFO  Test worker     d.u.i.k.p.r.RunAllProofsTestUnit Returning from test passwordfile.SecurePasswordFile(passwordfile.SecurePasswordFile___userIndex()).JML accessible clause.0.key 
544218     INFO  Test worker     d.u.i.k.p.r.RunAllProofsTestUnit Running test SimpleEvoting 
346        INFO  Timeout watchdog d.u.i.k.p.r.p.ForkedTestFileRunner Timeout watcher launched (1000 secs.) 
352        WARN  main            d.u.i.k.s.ProofSettings   The settings in /home/runner/.key/proof-settings.props are *not* read. 
356        INFO  main            d.u.i.k.p.r.p.TestFile    Now processing file /home/runner/work/key/key/key.core/../key.ui/examples/index/../InformationFlow/SimpleEvoting/simple_evoting.Environment(simple_evoting.Environment__untrustedOutputMessage((B)).JML normal_behavior operation contract.0.key 
10896      INFO  main            d.u.i.k.p.r.p.TestFile    ... finished proof: closed. 
11104      INFO  main            d.u.i.k.p.r.p.TestFile    Now processing file /home/runner/work/key/key/key.core/../key.ui/examples/index/../InformationFlow/SimpleEvoting/simple_evoting.Environment(simple_evoting.Environment__untrustedInputMessage((B)).JML normal_behavior operation contract.0.key 
15449      INFO  main            d.u.i.k.p.r.p.TestFile    ... finished proof: closed. 
15680      INFO  main            d.u.i.k.p.r.p.TestFile    Now processing file /home/runner/work/key/key/key.core/../key.ui/examples/index/../InformationFlow/SimpleEvoting/simple_evoting.Environment(simple_evoting.Environment__untrustedInputMessage()).JML normal_behavior operation contract.0.key 
20494      INFO  main            d.u.i.k.p.r.p.TestFile    ... finished proof: closed. 
20670      INFO  main            d.u.i.k.p.r.p.TestFile    Now processing file /home/runner/work/key/key/key.core/../key.ui/examples/index/../InformationFlow/SimpleEvoting/simple_evoting.Environment(simple_evoting.Environment__untrustedOutput(int)).JML normal_behavior operation contract.0.key 
24047      INFO  main            d.u.i.k.p.r.p.TestFile    ... finished proof: closed. 
24228      INFO  main            d.u.i.k.p.r.p.TestFile    Now processing file /home/runner/work/key/key/key.core/../key.ui/examples/index/../InformationFlow/SimpleEvoting/simple_evoting.Environment(simple_evoting.Environment__untrustedInput(int)).JML normal_behavior operation contract.0.key 
27617      INFO  main            d.u.i.k.p.r.p.TestFile    ... finished proof: open goal(s) 
27751      INFO  main            d.u.i.k.p.r.p.TestFile    Now processing file /home/runner/work/key/key/key.core/../key.ui/examples/index/../InformationFlow/SimpleEvoting/simple_evoting.Environment(simple_evoting.Environment__untrustedInput()).JML normal_behavior operation contract.0.key 
31078      INFO  main            d.u.i.k.p.r.p.TestFile    ... finished proof: open goal(s) 
31213      INFO  main            d.u.i.k.p.r.p.TestFile    Now processing file /home/runner/work/key/key/key.core/../key.ui/examples/index/../InformationFlow/SimpleEvoting/simple_evoting.Environment(simple_evoting.Environment___rep()).JML accessible clause.0.key 
34591      INFO  main            d.u.i.k.p.r.p.TestFile    ... finished proof: closed. 
34746      INFO  main            d.u.i.k.p.r.p.TestFile    Now processing file /home/runner/work/key/key/key.core/../key.ui/examples/index/../InformationFlow/SimpleEvoting/simple_evoting.SMT(simple_evoting.SMT__send(simple_evoting.Message,int,simple_evoting.Server)).JML normal_behavior operation contract.1.key 
46703      INFO  main            d.u.i.k.p.r.p.TestFile    ... finished proof: closed. 
46908      INFO  main            d.u.i.k.p.r.p.TestFile    Now processing file /home/runner/work/key/key/key.core/../key.ui/examples/index/../InformationFlow/SimpleEvoting/simple_evoting.SMT(simple_evoting.SMT__send(simple_evoting.Message,int,simple_evoting.Server)).JML normal_behavior operation contract.0.key 
58007      INFO  main            d.u.i.k.p.r.p.TestFile    ... finished proof: closed. 
58247      INFO  main            d.u.i.k.p.r.p.TestFile    Now processing file /home/runner/work/key/key/key.core/../key.ui/examples/index/../InformationFlow/SimpleEvoting/simple_evoting.Message(java.lang.Object___inv_()).JML accessible clause.0.key 
61631      INFO  main            d.u.i.k.p.r.p.TestFile    ... finished proof: closed. 
61788      INFO  main            d.u.i.k.p.r.p.TestFile    Now processing file /home/runner/work/key/key/key.core/../key.ui/examples/index/../InformationFlow/SimpleEvoting/simple_evoting.Server(simple_evoting.Server__resultReady()).JML accessible clause.0.key 
66352      INFO  main            d.u.i.k.p.r.p.TestFile    ... finished proof: closed. 
66536      INFO  main            d.u.i.k.p.r.p.TestFile    Now processing file /home/runner/work/key/key/key.core/../key.ui/examples/index/../InformationFlow/SimpleEvoting/simple_evoting.Server(simple_evoting.Server__resultReady()).JML normal_behavior operation contract.0.key 
70251      INFO  main            d.u.i.k.p.r.p.TestFile    ... finished proof: closed. 
70436      INFO  main            d.u.i.k.p.r.p.TestFile    Now processing file /home/runner/work/key/key/key.core/../key.ui/examples/index/../InformationFlow/SimpleEvoting/simple_evoting.Server(simple_evoting.Server__onSendResult()).JML normal_behavior operation contract.0.key 
73743      INFO  main            d.u.i.k.p.r.p.TestFile    ... finished proof: closed. 
73909      INFO  main            d.u.i.k.p.r.p.TestFile    Now processing file /home/runner/work/key/key/key.core/../key.ui/examples/index/../InformationFlow/SimpleEvoting/simple_evoting.Server(simple_evoting.Server__onCollectBallot(simple_evoting.Message)).JML normal_behavior operation contract.1.key 
77223      INFO  main            d.u.i.k.p.r.p.TestFile    ... finished proof: closed. 
77396      INFO  main            d.u.i.k.p.r.p.TestFile    Now processing file /home/runner/work/key/key/key.core/../key.ui/examples/index/../InformationFlow/SimpleEvoting/simple_evoting.Server(simple_evoting.Server__onCollectBallot(simple_evoting.Message)).JML normal_behavior operation contract.0.key 
81066      INFO  main            d.u.i.k.p.r.p.TestFile    ... finished proof: closed. 
81301      INFO  main            d.u.i.k.p.r.p.TestFile    Now processing file /home/runner/work/key/key/key.core/../key.ui/examples/index/../InformationFlow/SimpleEvoting/simple_evoting.Server(java.lang.Object___inv_()).JML accessible clause.0.key 
84571      INFO  main            d.u.i.k.p.r.p.TestFile    ... finished proof: closed. 
84757      INFO  main            d.u.i.k.p.r.p.TestFile    Now processing file /home/runner/work/key/key/key.core/../key.ui/examples/index/../InformationFlow/SimpleEvoting/simple_evoting.SMTEnv(simple_evoting.SMTEnv__send(int,int,int,simple_evoting.Server,int)).JML normal_behavior operation contract.0.key 
88163      INFO  main            d.u.i.k.p.r.p.TestFile    ... finished proof: closed. 
88364      INFO  main            d.u.i.k.p.r.p.TestFile    Now processing file /home/runner/work/key/key/key.core/../key.ui/examples/index/../InformationFlow/SimpleEvoting/simple_evoting.NetworkClient(simple_evoting.NetworkClient__send((B,simple_evoting.Server,int)).JML normal_behavior operation contract.0.key 
91644      INFO  main            d.u.i.k.p.r.p.TestFile    ... finished proof: closed. 
91833      INFO  main            d.u.i.k.p.r.p.TestFile    Now processing file /home/runner/work/key/key/key.core/../key.ui/examples/index/../InformationFlow/SimpleEvoting/simple_evoting.Setup(simple_evoting.Setup__publishResult()).JML normal_behavior operation contract.0.key 
95514      INFO  main            d.u.i.k.p.r.p.TestFile    ... finished proof: closed. 
95704      INFO  main            d.u.i.k.p.r.p.TestFile    Now processing file /home/runner/work/key/key/key.core/../key.ui/examples/index/../InformationFlow/SimpleEvoting/simple_evoting.Setup(simple_evoting.Setup__main()).JML normal_behavior operation contract.0.key 
132143     INFO  main            d.u.i.k.p.r.p.TestFile    ... finished proof: open goal(s) 
132423     INFO  main            d.u.i.k.p.r.p.TestFile    Now processing file /home/runner/work/key/key/key.core/../key.ui/examples/index/../InformationFlow/SimpleEvoting/simple_evoting.Setup(java.lang.Object___inv_()).JML accessible clause.0.key 
139072     INFO  main            d.u.i.k.p.r.p.TestFile    ... finished proof: closed. 
139295     INFO  main            d.u.i.k.p.r.p.TestFile    Now processing file /home/runner/work/key/key/key.core/../key.ui/examples/index/../InformationFlow/SimpleEvoting/simple_evoting.Voter(simple_evoting.Voter__onSendBallot(simple_evoting.Server)).JML normal_behavior operation contract.1.key 
146509     INFO  main            d.u.i.k.p.r.p.TestFile    ... finished proof: closed. 
146747     INFO  main            d.u.i.k.p.r.p.TestFile    Now processing file /home/runner/work/key/key/key.core/../key.ui/examples/index/../InformationFlow/SimpleEvoting/simple_evoting.Voter(simple_evoting.Voter__onSendBallot(simple_evoting.Server)).JML normal_behavior operation contract.0.key 
156818     INFO  main            d.u.i.k.p.r.p.TestFile    ... finished proof: closed. 
157081     INFO  main            d.u.i.k.p.r.p.TestFile    Now processing file /home/runner/work/key/key/key.core/../key.ui/examples/index/../InformationFlow/SimpleEvoting/simple_evoting.Voter(java.lang.Object___inv_()).JML accessible clause.0.key 
160294     INFO  main            d.u.i.k.p.r.p.TestFile    ... finished proof: closed. 
704892     INFO  Test worker     d.u.i.k.p.r.RunAllProofsTestUnit Returning from test SimpleEvoting 
704893     INFO  Test worker     d.u.i.k.p.r.RunAllProofsTestUnit Running test ToyVoting_nomacro 
338        INFO  Timeout watchdog d.u.i.k.p.r.p.ForkedTestFileRunner Timeout watcher launched (1000 secs.) 
351        WARN  main            d.u.i.k.s.ProofSettings   The settings in /home/runner/.key/proof-settings.props are *not* read. 
358        INFO  main            d.u.i.k.p.r.p.TestFile    Now processing file /home/runner/work/key/key/key.core/../key.ui/examples/index/../InformationFlow/ToyVoting/Voter(Voter__insecure_voting()).Non-interference contract.0.key 
21403      INFO  main            d.u.i.k.p.r.p.TestFile    ... finished proof: open goal(s) 
21620      INFO  main            d.u.i.k.p.r.p.TestFile    Now processing file /home/runner/work/key/key/key.core/../key.ui/examples/index/../InformationFlow/ToyVoting/Voter(Voter__publishVoterParticipation()).Non-interference contract.0.key 
24974      INFO  main            d.u.i.k.p.r.p.TestFile    ... finished proof: closed. 
25097      INFO  main            d.u.i.k.p.r.p.TestFile    Now processing file /home/runner/work/key/key/key.core/../key.ui/examples/index/../InformationFlow/ToyVoting/Voter(Voter__isValid(int)).Non-interference contract.0.key 
28335      INFO  main            d.u.i.k.p.r.p.TestFile    ... finished proof: closed. 
28457      INFO  main            d.u.i.k.p.r.p.TestFile    Now processing file /home/runner/work/key/key/key.core/../key.ui/examples/index/../InformationFlow/ToyVoting/Voter(Voter__sendVote(int)).Non-interference contract.0.key 
31513      INFO  main            d.u.i.k.p.r.p.TestFile    ... finished proof: closed. 
31645      INFO  main            d.u.i.k.p.r.p.TestFile    Now processing file /home/runner/work/key/key/key.core/../key.ui/examples/index/../InformationFlow/ToyVoting/Voter(Voter__inputVote()).Non-interference contract.0.key 
34569      INFO  main            d.u.i.k.p.r.p.TestFile    ... finished proof: closed. 
739855     INFO  Test worker     d.u.i.k.p.r.RunAllProofsTestUnit Returning from test ToyVoting_nomacro 
739856     INFO  Test worker     d.u.i.k.p.r.RunAllProofsTestUnit Running test ConditionalConfidential_nomacro 
739856     INFO  Test worker     d.u.i.k.p.r.RunAllProofsTestUnit Returning from test ConditionalConfidential_nomacro 
739858     INFO  Test worker     d.u.i.k.p.r.RunAllProofsTestUnit Running test SumExample_nomacro 
359        INFO  Timeout watchdog d.u.i.k.p.r.p.ForkedTestFileRunner Timeout watcher launched (1000 secs.) 
362        WARN  main            d.u.i.k.s.ProofSettings   The settings in /home/runner/.key/proof-settings.props are *not* read. 
376        INFO  main            d.u.i.k.p.r.p.TestFile    Now processing file /home/runner/work/key/key/key.core/../key.ui/examples/index/../InformationFlow/Sum/SumExample(SumExample__getSum()).Non-interference contract.0.key 
11277      INFO  main            d.u.i.k.p.r.p.TestFile    ... finished proof: closed. 
751465     INFO  Test worker     d.u.i.k.p.r.RunAllProofsTestUnit Returning from test SumExample_nomacro 
751466     INFO  Test worker     d.u.i.k.p.r.RunAllProofsTestUnit Running test ToyBanking_nomacro 
374        INFO  Timeout watchdog d.u.i.k.p.r.p.ForkedTestFileRunner Timeout watcher launched (1000 secs.) 
392        WARN  main            d.u.i.k.s.ProofSettings   The settings in /home/runner/.key/proof-settings.props are *not* read. 
395        INFO  main            d.u.i.k.p.r.p.TestFile    Now processing file /home/runner/work/key/key/key.core/../key.ui/examples/index/../InformationFlow/ToyBanking/banking_example.UserAccount(banking_example.UserAccount__getBankAccount(int)).Non-interference contract.0.key 
12678      INFO  main            d.u.i.k.p.r.p.TestFile    ... finished proof: closed. 
12840      INFO  main            d.u.i.k.p.r.p.TestFile    Now processing file /home/runner/work/key/key/key.core/../key.ui/examples/index/../InformationFlow/ToyBanking/banking_example.BankAccount(banking_example.BankAccount__depositMoney(int)).Non-interference contract.0.key 
17478      INFO  main            d.u.i.k.p.r.p.TestFile    ... finished proof: closed. 
17612      INFO  main            d.u.i.k.p.r.p.TestFile    Now processing file /home/runner/work/key/key/key.core/../key.ui/examples/index/../InformationFlow/ToyBanking/banking_example.BankAccount(banking_example.BankAccount__getBalance()).Non-interference contract.0.key 
21103      INFO  main            d.u.i.k.p.r.p.TestFile    ... finished proof: closed. 
21243      INFO  main            d.u.i.k.p.r.p.TestFile    Now processing file /home/runner/work/key/key/key.core/../key.ui/examples/index/../InformationFlow/ToyBanking/banking_example.BankAccount(banking_example.BankAccount__getId()).Non-interference contract.0.key 
24518      INFO  main            d.u.i.k.p.r.p.TestFile    ... finished proof: closed. 
24665      INFO  main            d.u.i.k.p.r.p.TestFile    Now processing file /home/runner/work/key/key/key.core/../key.ui/examples/index/../InformationFlow/ToyBanking/banking_example.Bank(banking_example.Bank__login(int,(C)).Non-interference contract.0.key 
68168      INFO  main            d.u.i.k.p.r.p.TestFile    ... finished proof: open goal(s) 
68431      INFO  main            d.u.i.k.p.r.p.TestFile    Now processing file /home/runner/work/key/key/key.core/../key.ui/examples/index/../InformationFlow/ToyBanking/banking_example2.UserAccount(banking_example2.UserAccount__getBankAccount(int)).Non-interference contract.0.key 
73013      INFO  main            d.u.i.k.p.r.p.TestFile    ... finished proof: closed. 
73190      INFO  main            d.u.i.k.p.r.p.TestFile    Now processing file /home/runner/work/key/key/key.core/../key.ui/examples/index/../InformationFlow/ToyBanking/banking_example2.BankAccount(banking_example2.BankAccount__depositMoney(int)).Non-interference contract.0.key 
76847      INFO  main            d.u.i.k.p.r.p.TestFile    ... finished proof: closed. 
77009      INFO  main            d.u.i.k.p.r.p.TestFile    Now processing file /home/runner/work/key/key/key.core/../key.ui/examples/index/../InformationFlow/ToyBanking/banking_example2.BankAccount(banking_example2.BankAccount__getBalance()).Non-interference contract.0.key 
80157      INFO  main            d.u.i.k.p.r.p.TestFile    ... finished proof: closed. 
80316      INFO  main            d.u.i.k.p.r.p.TestFile    Now processing file /home/runner/work/key/key/key.core/../key.ui/examples/index/../InformationFlow/ToyBanking/banking_example2.BankAccount(banking_example2.BankAccount__getId()).Non-interference contract.0.key 
83473      INFO  main            d.u.i.k.p.r.p.TestFile    ... finished proof: closed. 
835264     INFO  Test worker     d.u.i.k.p.r.RunAllProofsTestUnit Returning from test ToyBanking_nomacro 
835265     INFO  Test worker     d.u.i.k.p.r.RunAllProofsTestUnit Running test BlockContracts_nomacro 
361        INFO  Timeout watchdog d.u.i.k.p.r.p.ForkedTestFileRunner Timeout watcher launched (1000 secs.) 
364        WARN  main            d.u.i.k.s.ProofSettings   The settings in /home/runner/.key/proof-settings.props are *not* read. 
371        INFO  main            d.u.i.k.p.r.p.TestFile    Now processing file /home/runner/work/key/key/key.core/../key.ui/examples/index/../InformationFlow/BlockContracts/contract.IFBlockExamples(contract.IFBlockExamples__secure_5()).Non-interference contract.0.key 
9844       INFO  main            d.u.i.k.p.r.p.TestFile    ... finished proof: closed. 
10034      INFO  main            d.u.i.k.p.r.p.TestFile    Now processing file /home/runner/work/key/key/key.core/../key.ui/examples/index/../InformationFlow/BlockContracts/contract.IFBlockExamples(contract.IFBlockExamples__block_no_return_secure(int)).Non-interference contract.0.key 
13652      INFO  main            d.u.i.k.p.r.p.TestFile    ... finished proof: closed. 
13812      INFO  main            d.u.i.k.p.r.p.TestFile    Now processing file /home/runner/work/key/key/key.core/../key.ui/examples/index/../InformationFlow/BlockContracts/contract.IFBlockExamples(contract.IFBlockExamples__while_block_insecure(int)).Non-interference contract.0.key 
18147      INFO  main            d.u.i.k.p.r.p.TestFile    ... finished proof: open goal(s) 
18312      INFO  main            d.u.i.k.p.r.p.TestFile    Now processing file /home/runner/work/key/key/key.core/../key.ui/examples/index/../InformationFlow/BlockContracts/contract.IFBlockExamples(contract.IFBlockExamples__while_block_secure(int)).Non-interference contract.0.key 
22349      INFO  main            d.u.i.k.p.r.p.TestFile    ... finished proof: closed. 
22538      INFO  main            d.u.i.k.p.r.p.TestFile    Now processing file /home/runner/work/key/key/key.core/../key.ui/examples/index/../InformationFlow/BlockContracts/contract.IFBlockExamples(contract.IFBlockExamples__block_while_secure(int)).Non-interference contract.0.key 
26621      INFO  main            d.u.i.k.p.r.p.TestFile    ... finished proof: closed. 
26816      INFO  main            d.u.i.k.p.r.p.TestFile    Now processing file /home/runner/work/key/key/key.core/../key.ui/examples/index/../InformationFlow/BlockContracts/contract.IFBlockExamples(contract.IFBlockExamples__insecure_4(int)).Non-interference contract.0.key 
31338      INFO  main            d.u.i.k.p.r.p.TestFile    ... finished proof: open goal(s) 
31645      INFO  main            d.u.i.k.p.r.p.TestFile    Now processing file /home/runner/work/key/key/key.core/../key.ui/examples/index/../InformationFlow/BlockContracts/contract.IFBlockExamples(contract.IFBlockExamples__insecure_3(int)).Non-interference contract.0.key 
36314      INFO  main            d.u.i.k.p.r.p.TestFile    ... finished proof: open goal(s) 
36533      INFO  main            d.u.i.k.p.r.p.TestFile    Now processing file /home/runner/work/key/key/key.core/../key.ui/examples/index/../InformationFlow/BlockContracts/contract.IFBlockExamples(contract.IFBlockExamples__secure_3(int)).Non-interference contract.0.key 
40982      INFO  main            d.u.i.k.p.r.p.TestFile    ... finished proof: closed. 
41231      INFO  main            d.u.i.k.p.r.p.TestFile    Now processing file /home/runner/work/key/key/key.core/../key.ui/examples/index/../InformationFlow/BlockContracts/contract.IFBlockExamples(contract.IFBlockExamples__secure_2(int)).Non-interference contract.0.key 
45950      INFO  main            d.u.i.k.p.r.p.TestFile    ... finished proof: closed. 
46194      INFO  main            d.u.i.k.p.r.p.TestFile    Now processing file /home/runner/work/key/key/key.core/../key.ui/examples/index/../InformationFlow/BlockContracts/contract.IFBlockExamples(contract.IFBlockExamples__secure_8(int)).Non-interference contract.0.key 
49378      INFO  main            d.u.i.k.p.r.p.TestFile    ... finished proof: closed. 
49665      INFO  main            d.u.i.k.p.r.p.TestFile    Now processing file /home/runner/work/key/key/key.core/../key.ui/examples/index/../InformationFlow/BlockContracts/contract.IFBlockExamples(contract.IFBlockExamples__secure_7(int)).Non-interference contract.0.key 
52672      INFO  main            d.u.i.k.p.r.p.TestFile    ... finished proof: closed. 
52902      INFO  main            d.u.i.k.p.r.p.TestFile    Now processing file /home/runner/work/key/key/key.core/../key.ui/examples/index/../InformationFlow/BlockContracts/contract.IFBlockExamples(contract.IFBlockExamples__secure_6(int)).Non-interference contract.0.key 
55899      INFO  main            d.u.i.k.p.r.p.TestFile    ... finished proof: closed. 
56079      INFO  main            d.u.i.k.p.r.p.TestFile    Now processing file /home/runner/work/key/key/key.core/../key.ui/examples/index/../InformationFlow/BlockContracts/contract.IFBlockExamples(contract.IFBlockExamples__insecure_1(int)).Non-interference contract.0.key 
59141      INFO  main            d.u.i.k.p.r.p.TestFile    ... finished proof: open goal(s) 
59369      INFO  main            d.u.i.k.p.r.p.TestFile    Now processing file /home/runner/work/key/key/key.core/../key.ui/examples/index/../InformationFlow/BlockContracts/contract.IFBlockExamples(contract.IFBlockExamples__secure_4(int)).Non-interference contract.0.key 
62591      INFO  main            d.u.i.k.p.r.p.TestFile    ... finished proof: closed. 
62773      INFO  main            d.u.i.k.p.r.p.TestFile    Now processing file /home/runner/work/key/key/key.core/../key.ui/examples/index/../InformationFlow/BlockContracts/contract.IFBlockExamples(contract.IFBlockExamples__secure_1(int)).Non-interference contract.0.key 
66054      INFO  main            d.u.i.k.p.r.p.TestFile    ... finished proof: closed. 
66266      INFO  main            d.u.i.k.p.r.p.TestFile    Now processing file /home/runner/work/key/key/key.core/../key.ui/examples/index/../InformationFlow/BlockContracts/contract.IFEfficiencyExamples(contract.IFEfficiencyExamples__mWithoutBlockContract()).Non-interference contract.0.key 
71682      INFO  main            d.u.i.k.p.r.p.TestFile    ... finished proof: closed. 
71913      INFO  main            d.u.i.k.p.r.p.TestFile    Now processing file /home/runner/work/key/key/key.core/../key.ui/examples/index/../InformationFlow/BlockContracts/contract.IFEfficiencyExamples(contract.IFEfficiencyExamples__mWithBlockContract()).Non-interference contract.0.key 
76838      INFO  main            d.u.i.k.p.r.p.TestFile    ... finished proof: closed. 
912505     INFO  Test worker     d.u.i.k.p.r.RunAllProofsTestUnit Returning from test BlockContracts_nomacro 
912506     INFO  Test worker     d.u.i.k.p.r.RunAllProofsTestUnit Running test MethodContracts_nomacro 
356        INFO  Timeout watchdog d.u.i.k.p.r.p.ForkedTestFileRunner Timeout watcher launched (1000 secs.) 
371        WARN  main            d.u.i.k.s.ProofSettings   The settings in /home/runner/.key/proof-settings.props are *not* read. 
374        INFO  main            d.u.i.k.p.r.p.TestFile    Now processing file /home/runner/work/key/key/key.core/../key.ui/examples/index/../InformationFlow/MethodContracts/contract.IFMethodContract(contract.IFMethodContract__secure_recursion_2((I,int)).Non-interference contract.0.key 
11756      INFO  main            d.u.i.k.p.r.p.TestFile    ... finished proof: closed. 
11914      INFO  main            d.u.i.k.p.r.p.TestFile    Now processing file /home/runner/work/key/key/key.core/../key.ui/examples/index/../InformationFlow/MethodContracts/contract.IFMethodContract(contract.IFMethodContract__secure_recursion(int)).Non-interference contract.0.key 
15221      INFO  main            d.u.i.k.p.r.p.TestFile    ... finished proof: closed. 
15341      INFO  main            d.u.i.k.p.r.p.TestFile    Now processing file /home/runner/work/key/key/key.core/../key.ui/examples/index/../InformationFlow/MethodContracts/contract.IFMethodContract(contract.IFMethodContract__secure_catch_exception()).Non-interference contract.0.key 
18526      INFO  main            d.u.i.k.p.r.p.TestFile    ... finished proof: closed. 
18659      INFO  main            d.u.i.k.p.r.p.TestFile    Now processing file /home/runner/work/key/key/key.core/../key.ui/examples/index/../InformationFlow/MethodContracts/contract.IFMethodContract(contract.IFMethodContract__n6()).Non-interference contract.0.key 
21526      INFO  main            d.u.i.k.p.r.p.TestFile    ... finished proof: closed. 
21652      INFO  main            d.u.i.k.p.r.p.TestFile    Now processing file /home/runner/work/key/key/key.core/../key.ui/examples/index/../InformationFlow/MethodContracts/contract.IFMethodContract(contract.IFMethodContract__secure_n6()).Non-interference contract.0.key 
24532      INFO  main            d.u.i.k.p.r.p.TestFile    ... finished proof: closed. 
24671      INFO  main            d.u.i.k.p.r.p.TestFile    Now processing file /home/runner/work/key/key/key.core/../key.ui/examples/index/../InformationFlow/MethodContracts/contract.IFMethodContract(contract.IFMethodContract__secure_array_param((I,int)).Non-interference contract.0.key 
28316      INFO  main            d.u.i.k.p.r.p.TestFile    ... finished proof: closed. 
28456      INFO  main            d.u.i.k.p.r.p.TestFile    Now processing file /home/runner/work/key/key/key.core/../key.ui/examples/index/../InformationFlow/MethodContracts/contract.IFMethodContract(contract.IFMethodContract__secure_assignment_0_n9()).Non-interference contract.0.key 
31306      INFO  main            d.u.i.k.p.r.p.TestFile    ... finished proof: closed. 
31449      INFO  main            d.u.i.k.p.r.p.TestFile    Now processing file /home/runner/work/key/key/key.core/../key.ui/examples/index/../InformationFlow/MethodContracts/contract.IFMethodContract(contract.IFMethodContract__insecure_if_high_n5_n1()).Non-interference contract.0.key 
34787      INFO  main            d.u.i.k.p.r.p.TestFile    ... finished proof: open goal(s) 
34959      INFO  main            d.u.i.k.p.r.p.TestFile    Now processing file /home/runner/work/key/key/key.core/../key.ui/examples/index/../InformationFlow/MethodContracts/contract.IFMethodContract(contract.IFMethodContract__n5(int)).Non-interference contract.0.key 
37663      INFO  main            d.u.i.k.p.r.p.TestFile    ... finished proof: closed. 
37810      INFO  main            d.u.i.k.p.r.p.TestFile    Now processing file /home/runner/work/key/key/key.core/../key.ui/examples/index/../InformationFlow/MethodContracts/contract.IFMethodContract(contract.IFMethodContract__secure_if_high_n5_n1()).Non-interference contract.0.key 
41453      INFO  main            d.u.i.k.p.r.p.TestFile    ... finished proof: closed. 
41686      INFO  main            d.u.i.k.p.r.p.TestFile    Now processing file /home/runner/work/key/key/key.core/../key.ui/examples/index/../InformationFlow/MethodContracts/contract.IFMethodContract(contract.IFMethodContract__secure_if_high_n1()).Non-interference contract.0.key 
44804      INFO  main            d.u.i.k.p.r.p.TestFile    ... finished proof: closed. 
44998      INFO  main            d.u.i.k.p.r.p.TestFile    Now processing file /home/runner/work/key/key/key.core/../key.ui/examples/index/../InformationFlow/MethodContracts/contract.IFMethodContract(contract.IFMethodContract__secure_n5()).Non-interference contract.0.key 
47782      INFO  main            d.u.i.k.p.r.p.TestFile    ... finished proof: closed. 
47945      INFO  main            d.u.i.k.p.r.p.TestFile    Now processing file /home/runner/work/key/key/key.core/../key.ui/examples/index/../InformationFlow/MethodContracts/contract.IFMethodContract(contract.IFMethodContract__n4()).Non-interference contract.0.key 
50758      INFO  main            d.u.i.k.p.r.p.TestFile    ... finished proof: closed. 
50932      INFO  main            d.u.i.k.p.r.p.TestFile    Now processing file /home/runner/work/key/key/key.core/../key.ui/examples/index/../InformationFlow/MethodContracts/contract.IFMethodContract(contract.IFMethodContract__n3()).Non-interference contract.0.key 
53587      INFO  main            d.u.i.k.p.r.p.TestFile    ... finished proof: closed. 
53751      INFO  main            d.u.i.k.p.r.p.TestFile    Now processing file /home/runner/work/key/key/key.core/../key.ui/examples/index/../InformationFlow/MethodContracts/contract.IFMethodContract(contract.IFMethodContract__secure_sequential_n3_precond_n4()).Non-interference contract.0.key 
56655      INFO  main            d.u.i.k.p.r.p.TestFile    ... finished proof: closed. 
56825      INFO  main            d.u.i.k.p.r.p.TestFile    Now processing file /home/runner/work/key/key/key.core/../key.ui/examples/index/../InformationFlow/MethodContracts/contract.IFMethodContract(contract.IFMethodContract__insecure_assignment_n2()).Non-interference contract.0.key 
59595      INFO  main            d.u.i.k.p.r.p.TestFile    ... finished proof: open goal(s) 
59792      INFO  main            d.u.i.k.p.r.p.TestFile    Now processing file /home/runner/work/key/key/key.core/../key.ui/examples/index/../InformationFlow/MethodContracts/contract.IFMethodContract(contract.IFMethodContract__secure_assignments_n2()).Non-interference contract.0.key 
62525      INFO  main            d.u.i.k.p.r.p.TestFile    ... finished proof: closed. 
62712      INFO  main            d.u.i.k.p.r.p.TestFile    Now processing file /home/runner/work/key/key/key.core/../key.ui/examples/index/../InformationFlow/MethodContracts/contract.IFMethodContract(contract.IFMethodContract__n2()).Non-interference contract.0.key 
65362      INFO  main            d.u.i.k.p.r.p.TestFile    ... finished proof: closed. 
65531      INFO  main            d.u.i.k.p.r.p.TestFile    Now processing file /home/runner/work/key/key/key.core/../key.ui/examples/index/../InformationFlow/MethodContracts/contract.IFMethodContract(contract.IFMethodContract__n1()).Non-interference contract.0.key 
68191      INFO  main            d.u.i.k.p.r.p.TestFile    ... finished proof: closed. 
68365      INFO  main            d.u.i.k.p.r.p.TestFile    Now processing file /home/runner/work/key/key/key.core/../key.ui/examples/index/../InformationFlow/MethodContracts/contract.IFMethodContract(contract.IFMethodContract__secure_sequential_n1_n2()).Non-interference contract.0.key 
71112      INFO  main            d.u.i.k.p.r.p.TestFile    ... finished proof: closed. 
983986     INFO  Test worker     d.u.i.k.p.r.RunAllProofsTestUnit Returning from test MethodContracts_nomacro 
983987     INFO  Test worker     d.u.i.k.p.r.RunAllProofsTestUnit Running test LoopInvariants_nomacro 
365        INFO  Timeout watchdog d.u.i.k.p.r.p.ForkedTestFileRunner Timeout watcher launched (1000 secs.) 
380        WARN  main            d.u.i.k.s.ProofSettings   The settings in /home/runner/.key/proof-settings.props are *not* read. 
400        INFO  main            d.u.i.k.p.r.p.TestFile    Now processing file /home/runner/work/key/key/key.core/../key.ui/examples/index/../InformationFlow/LoopInvariants/loop.IFLoopExamples(loop.IFLoopExamples__insecure_while_3(int)).Non-interference contract.0.key 
12003      INFO  main            d.u.i.k.p.r.p.TestFile    ... finished proof: open goal(s) 
12182      INFO  main            d.u.i.k.p.r.p.TestFile    Now processing file /home/runner/work/key/key/key.core/../key.ui/examples/index/../InformationFlow/LoopInvariants/loop.IFLoopExamples(loop.IFLoopExamples__secure_while_2(int)).Non-interference contract.0.key 
16922      INFO  main            d.u.i.k.p.r.p.TestFile    ... finished proof: closed. 
17086      INFO  main            d.u.i.k.p.r.p.TestFile    Now processing file /home/runner/work/key/key/key.core/../key.ui/examples/index/../InformationFlow/LoopInvariants/loop.IFLoopExamples(loop.IFLoopExamples__secure_while_4(int)).Non-interference contract.0.key 
21619      INFO  main            d.u.i.k.p.r.p.TestFile    ... finished proof: closed. 
21853      INFO  main            d.u.i.k.p.r.p.TestFile    Now processing file /home/runner/work/key/key/key.core/../key.ui/examples/index/../InformationFlow/LoopInvariants/loop.IFLoopExamples(loop.IFLoopExamples__insecure_doubleNestedWhile2(int)).Non-interference contract.0.key 
33450      INFO  main            d.u.i.k.p.r.p.TestFile    ... finished proof: open goal(s) 
33693      INFO  main            d.u.i.k.p.r.p.TestFile    Now processing file /home/runner/work/key/key/key.core/../key.ui/examples/index/../InformationFlow/LoopInvariants/loop.IFLoopExamples(loop.IFLoopExamples__insecure_doubleNestedWhile(int)).Non-interference contract.0.key 
44100      INFO  main            d.u.i.k.p.r.p.TestFile    ... finished proof: open goal(s) 
44329      INFO  main            d.u.i.k.p.r.p.TestFile    Now processing file /home/runner/work/key/key/key.core/../key.ui/examples/index/../InformationFlow/LoopInvariants/loop.IFLoopExamples(loop.IFLoopExamples__secure_doubleNestedWhile(int)).Non-interference contract.0.key 
54352      INFO  main            d.u.i.k.p.r.p.TestFile    ... finished proof: closed. 
54561      INFO  main            d.u.i.k.p.r.p.TestFile    Now processing file /home/runner/work/key/key/key.core/../key.ui/examples/index/../InformationFlow/LoopInvariants/loop.IFLoopExamples(loop.IFLoopExamples__secure_nestedTwoWhile(int)).Non-interference contract.0.key 
62579      INFO  main            d.u.i.k.p.r.p.TestFile    ... finished proof: closed. 
62791      INFO  main            d.u.i.k.p.r.p.TestFile    Now processing file /home/runner/work/key/key/key.core/../key.ui/examples/index/../InformationFlow/LoopInvariants/loop.IFLoopExamples(loop.IFLoopExamples__secure_nestedWhile(int)).Non-interference contract.0.key 
68755      INFO  main            d.u.i.k.p.r.p.TestFile    ... finished proof: closed. 
68952      INFO  main            d.u.i.k.p.r.p.TestFile    Now processing file /home/runner/work/key/key/key.core/../key.ui/examples/index/../InformationFlow/LoopInvariants/loop.IFLoopExamples(loop.IFLoopExamples__notSecure_while(int)).Non-interference contract.0.key 
73078      INFO  main            d.u.i.k.p.r.p.TestFile    ... finished proof: open goal(s) 
73262      INFO  main            d.u.i.k.p.r.p.TestFile    Now processing file /home/runner/work/key/key/key.core/../key.ui/examples/index/../InformationFlow/LoopInvariants/loop.IFLoopExamples(loop.IFLoopExamples__notSecure_while_wrongInv(int)).Non-interference contract.0.key 
76672      INFO  main            d.u.i.k.p.r.p.TestFile    ... finished proof: open goal(s) 
76836      INFO  main            d.u.i.k.p.r.p.TestFile    Now processing file /home/runner/work/key/key/key.core/../key.ui/examples/index/../InformationFlow/LoopInvariants/loop.IFLoopExamples(loop.IFLoopExamples__insecure_twoWhile(int)).Non-interference contract.0.key 
81678      INFO  main            d.u.i.k.p.r.p.TestFile    ... finished proof: open goal(s) 
81870      INFO  main            d.u.i.k.p.r.p.TestFile    Now processing file /home/runner/work/key/key/key.core/../key.ui/examples/index/../InformationFlow/LoopInvariants/loop.IFLoopExamples(loop.IFLoopExamples__insecure_twoWhile_2(int)).Non-interference contract.0.key 
87111      INFO  main            d.u.i.k.p.r.p.TestFile    ... finished proof: open goal(s) 
87308      INFO  main            d.u.i.k.p.r.p.TestFile    Now processing file /home/runner/work/key/key/key.core/../key.ui/examples/index/../InformationFlow/LoopInvariants/loop.IFLoopExamples(loop.IFLoopExamples__secure_twoWhile(int)).Non-interference contract.0.key 
92051      INFO  main            d.u.i.k.p.r.p.TestFile    ... finished proof: closed. 
92246      INFO  main            d.u.i.k.p.r.p.TestFile    Now processing file /home/runner/work/key/key/key.core/../key.ui/examples/index/../InformationFlow/LoopInvariants/loop.IFLoopExamples(loop.IFLoopExamples__loc_secure_while(int)).Non-interference contract.0.key 
96334      INFO  main            d.u.i.k.p.r.p.TestFile    ... finished proof: closed. 
96521      INFO  main            d.u.i.k.p.r.p.TestFile    Now processing file /home/runner/work/key/key/key.core/../key.ui/examples/index/../InformationFlow/LoopInvariants/loop.IFLoopExamples(loop.IFLoopExamples__secure_while(int)).Non-interference contract.0.key 
100377     INFO  main            d.u.i.k.p.r.p.TestFile    ... finished proof: closed. 
100604     INFO  main            d.u.i.k.p.r.p.TestFile    Now processing file /home/runner/work/key/key/key.core/../key.ui/examples/index/../InformationFlow/LoopInvariants/loop.IFLoopExamples(loop.IFLoopExamples__print(int)).Non-interference contract.0.key 
103620     INFO  main            d.u.i.k.p.r.p.TestFile    ... finished proof: closed. 
103784     INFO  main            d.u.i.k.p.r.p.TestFile    Now processing file /home/runner/work/key/key/key.core/../key.ui/examples/index/../InformationFlow/LoopInvariants/loop.IFLoopExamples(loop.IFLoopExamples__hammer(int)).Non-interference contract.0.key 
108652     INFO  main            d.u.i.k.p.r.p.TestFile    ... finished proof: closed. 
1093018    INFO  Test worker     d.u.i.k.p.r.RunAllProofsTestUnit Returning from test LoopInvariants_nomacro 
1093020    INFO  Test worker     d.u.i.k.p.r.RunAllProofsTestUnit Running test MiniExamples_nomacro 
360        INFO  Timeout watchdog d.u.i.k.p.r.p.ForkedTestFileRunner Timeout watcher launched (1000 secs.) 
363        WARN  main            d.u.i.k.s.ProofSettings   The settings in /home/runner/.key/proof-settings.props are *not* read. 
370        INFO  main            d.u.i.k.p.r.p.TestFile    Now processing file /home/runner/work/key/key/key.core/../key.ui/examples/index/../InformationFlow/MiniExamples/mini.AliasingExamples(mini.AliasingExamples__insecure_1(mini.AliasingExamples,mini.AliasingExamples,int)).Non-interference contract.0.key 
9022       INFO  main            d.u.i.k.p.r.p.TestFile    ... finished proof: open goal(s) 
9162       INFO  main            d.u.i.k.p.r.p.TestFile    Now processing file /home/runner/work/key/key/key.core/../key.ui/examples/index/../InformationFlow/MiniExamples/mini.AliasingExamples(mini.AliasingExamples__secure_1(mini.AliasingExamples,mini.AliasingExamples,int)).Non-interference contract.0.key 
12571      INFO  main            d.u.i.k.p.r.p.TestFile    ... finished proof: closed. 
12685      INFO  main            d.u.i.k.p.r.p.TestFile    Now processing file /home/runner/work/key/key/key.core/../key.ui/examples/index/../InformationFlow/MiniExamples/mini.MiniExamplesLecture(mini.MiniExamplesLecture__m_6()).Non-interference contract.0.key 
15621      INFO  main            d.u.i.k.p.r.p.TestFile    ... finished proof: closed. 
15741      INFO  main            d.u.i.k.p.r.p.TestFile    Now processing file /home/runner/work/key/key/key.core/../key.ui/examples/index/../InformationFlow/MiniExamples/mini.MiniExamplesLecture(mini.MiniExamplesLecture__m_5()).Non-interference contract.0.key 
18698      INFO  main            d.u.i.k.p.r.p.TestFile    ... finished proof: closed. 
18822      INFO  main            d.u.i.k.p.r.p.TestFile    Now processing file /home/runner/work/key/key/key.core/../key.ui/examples/index/../InformationFlow/MiniExamples/mini.MiniExamplesLecture(mini.MiniExamplesLecture__m_4()).Non-interference contract.0.key 
21744      INFO  main            d.u.i.k.p.r.p.TestFile    ... finished proof: closed. 
21874      INFO  main            d.u.i.k.p.r.p.TestFile    Now processing file /home/runner/work/key/key/key.core/../key.ui/examples/index/../InformationFlow/MiniExamples/mini.MiniExamplesLecture(mini.MiniExamplesLecture__m_3()).Non-interference contract.0.key 
24758      INFO  main            d.u.i.k.p.r.p.TestFile    ... finished proof: open goal(s) 
24893      INFO  main            d.u.i.k.p.r.p.TestFile    Now processing file /home/runner/work/key/key/key.core/../key.ui/examples/index/../InformationFlow/MiniExamples/mini.MiniExamplesLecture(mini.MiniExamplesLecture__m_2()).Non-interference contract.0.key 
27752      INFO  main            d.u.i.k.p.r.p.TestFile    ... finished proof: closed. 
27907      INFO  main            d.u.i.k.p.r.p.TestFile    Now processing file /home/runner/work/key/key/key.core/../key.ui/examples/index/../InformationFlow/MiniExamples/mini.MiniExamplesLecture(mini.MiniExamplesLecture__m_1()).Non-interference contract.0.key 
30574      INFO  main            d.u.i.k.p.r.p.TestFile    ... finished proof: open goal(s) 
30707      INFO  main            d.u.i.k.p.r.p.TestFile    Now processing file /home/runner/work/key/key/key.core/../key.ui/examples/index/../InformationFlow/MiniExamples/mini.DifferenceSeqLocset(mini.DifferenceSeqLocset__m()).Non-interference contract.1.key 
34084      INFO  main            d.u.i.k.p.r.p.TestFile    ... finished proof: open goal(s) 
34241      INFO  main            d.u.i.k.p.r.p.TestFile    Now processing file /home/runner/work/key/key/key.core/../key.ui/examples/index/../InformationFlow/MiniExamples/mini.DifferenceSeqLocset(mini.DifferenceSeqLocset__m()).Non-interference contract.0.key 
38779      INFO  main            d.u.i.k.p.r.p.TestFile    ... finished proof: open goal(s) 
38949      INFO  main            d.u.i.k.p.r.p.TestFile    Now processing file /home/runner/work/key/key/key.core/../key.ui/examples/index/../InformationFlow/MiniExamples/mini.MiniExamples(mini.MiniExamples__secure_p2_8()).Non-interference contract.0.key 
41776      INFO  main            d.u.i.k.p.r.p.TestFile    ... finished proof: closed. 
41935      INFO  main            d.u.i.k.p.r.p.TestFile    Now processing file /home/runner/work/key/key/key.core/../key.ui/examples/index/../InformationFlow/MiniExamples/mini.MiniExamples(mini.MiniExamples__secure_parameter(int)).Non-interference contract.0.key 
44575      INFO  main            d.u.i.k.p.r.p.TestFile    ... finished proof: closed. 
44728      INFO  main            d.u.i.k.p.r.p.TestFile    Now processing file /home/runner/work/key/key/key.core/../key.ui/examples/index/../InformationFlow/MiniExamples/mini.MiniExamples(mini.MiniExamples__secure_p2_7()).Non-interference contract.0.key 
47580      INFO  main            d.u.i.k.p.r.p.TestFile    ... finished proof: closed. 
47747      INFO  main            d.u.i.k.p.r.p.TestFile    Now processing file /home/runner/work/key/key/key.core/../key.ui/examples/index/../InformationFlow/MiniExamples/mini.MiniExamples(mini.MiniExamples__insecure_p2_2()).Non-interference contract.0.key 
50482      INFO  main            d.u.i.k.p.r.p.TestFile    ... finished proof: open goal(s) 
50653      INFO  main            d.u.i.k.p.r.p.TestFile    Now processing file /home/runner/work/key/key/key.core/../key.ui/examples/index/../InformationFlow/MiniExamples/mini.MiniExamples(mini.MiniExamples__secure_p2_6()).Non-interference contract.0.key 
53268      INFO  main            d.u.i.k.p.r.p.TestFile    ... finished proof: closed. 
53448      INFO  main            d.u.i.k.p.r.p.TestFile    Now processing file /home/runner/work/key/key/key.core/../key.ui/examples/index/../InformationFlow/MiniExamples/mini.MiniExamples(mini.MiniExamples__secure_p2_5()).Non-interference contract.0.key 
56174      INFO  main            d.u.i.k.p.r.p.TestFile    ... finished proof: closed. 
56342      INFO  main            d.u.i.k.p.r.p.TestFile    Now processing file /home/runner/work/key/key/key.core/../key.ui/examples/index/../InformationFlow/MiniExamples/mini.MiniExamples(mini.MiniExamples__secure_p2_4()).Non-interference contract.0.key 
59054      INFO  main            d.u.i.k.p.r.p.TestFile    ... finished proof: closed. 
59234      INFO  main            d.u.i.k.p.r.p.TestFile    Now processing file /home/runner/work/key/key/key.core/../key.ui/examples/index/../InformationFlow/MiniExamples/mini.MiniExamples(mini.MiniExamples__secure_p2_3()).Non-interference contract.0.key 
61892      INFO  main            d.u.i.k.p.r.p.TestFile    ... finished proof: closed. 
62063      INFO  main            d.u.i.k.p.r.p.TestFile    Now processing file /home/runner/work/key/key/key.core/../key.ui/examples/index/../InformationFlow/MiniExamples/mini.MiniExamples(mini.MiniExamples__secure_p2_2()).Non-interference contract.0.key 
64654      INFO  main            d.u.i.k.p.r.p.TestFile    ... finished proof: closed. 
64887      INFO  main            d.u.i.k.p.r.p.TestFile    Now processing file /home/runner/work/key/key/key.core/../key.ui/examples/index/../InformationFlow/MiniExamples/mini.MiniExamples(mini.MiniExamples__secure_p2_1()).Non-interference contract.0.key 
67466      INFO  main            d.u.i.k.p.r.p.TestFile    ... finished proof: closed. 
67729      INFO  main            d.u.i.k.p.r.p.TestFile    Now processing file /home/runner/work/key/key/key.core/../key.ui/examples/index/../InformationFlow/MiniExamples/mini.MiniExamples(mini.MiniExamples__insecure_p2_1()).Non-interference contract.0.key 
70300      INFO  main            d.u.i.k.p.r.p.TestFile    ... finished proof: open goal(s) 
70476      INFO  main            d.u.i.k.p.r.p.TestFile    Now processing file /home/runner/work/key/key/key.core/../key.ui/examples/index/../InformationFlow/MiniExamples/mini.MiniExamples(mini.MiniExamples__secure_p1_6()).Non-interference contract.0.key 
73050      INFO  main            d.u.i.k.p.r.p.TestFile    ... finished proof: closed. 
73237      INFO  main            d.u.i.k.p.r.p.TestFile    Now processing file /home/runner/work/key/key/key.core/../key.ui/examples/index/../InformationFlow/MiniExamples/mini.MiniExamples(mini.MiniExamples__secure_p1_5()).Non-interference contract.0.key 
75977      INFO  main            d.u.i.k.p.r.p.TestFile    ... finished proof: closed. 
76173      INFO  main            d.u.i.k.p.r.p.TestFile    Now processing file /home/runner/work/key/key/key.core/../key.ui/examples/index/../InformationFlow/MiniExamples/mini.MiniExamples(mini.MiniExamples__secure_p1_4()).Non-interference contract.0.key 
78922      INFO  main            d.u.i.k.p.r.p.TestFile    ... finished proof: closed. 
79114      INFO  main            d.u.i.k.p.r.p.TestFile    Now processing file /home/runner/work/key/key/key.core/../key.ui/examples/index/../InformationFlow/MiniExamples/mini.MiniExamples(mini.MiniExamples__secure_p1_3()).Non-interference contract.0.key 
81672      INFO  main            d.u.i.k.p.r.p.TestFile    ... finished proof: closed. 
81867      INFO  main            d.u.i.k.p.r.p.TestFile    Now processing file /home/runner/work/key/key/key.core/../key.ui/examples/index/../InformationFlow/MiniExamples/mini.MiniExamples(mini.MiniExamples__secure_p1_2()).Non-interference contract.0.key 
84606      INFO  main            d.u.i.k.p.r.p.TestFile    ... finished proof: closed. 
84877      INFO  main            d.u.i.k.p.r.p.TestFile    Now processing file /home/runner/work/key/key/key.core/../key.ui/examples/index/../InformationFlow/MiniExamples/mini.MiniExamples(mini.MiniExamples__secure_p1_1()).Non-interference contract.1.key 
87507      INFO  main            d.u.i.k.p.r.p.TestFile    ... finished proof: closed. 
87706      INFO  main            d.u.i.k.p.r.p.TestFile    Now processing file /home/runner/work/key/key/key.core/../key.ui/examples/index/../InformationFlow/MiniExamples/mini.MiniExamples(mini.MiniExamples__secure_p1_1()).Non-interference contract.0.key 
90353      INFO  main            d.u.i.k.p.r.p.TestFile    ... finished proof: closed. 
90557      INFO  main            d.u.i.k.p.r.p.TestFile    Now processing file /home/runner/work/key/key/key.core/../key.ui/examples/index/../InformationFlow/MiniExamples/mini.MiniExamples(mini.MiniExamples__insecure_p1_2()).Non-interference contract.0.key 
93341      INFO  main            d.u.i.k.p.r.p.TestFile    ... finished proof: open goal(s) 
93541      INFO  main            d.u.i.k.p.r.p.TestFile    Now processing file /home/runner/work/key/key/key.core/../key.ui/examples/index/../InformationFlow/MiniExamples/mini.MiniExamples(mini.MiniExamples__insecure_p1_1()).Non-interference contract.0.key 
96055      INFO  main            d.u.i.k.p.r.p.TestFile    ... finished proof: open goal(s) 
1189443    INFO  Test worker     d.u.i.k.p.r.RunAllProofsTestUnit Returning from test MiniExamples_nomacro 
1189444    INFO  Test worker     d.u.i.k.p.r.RunAllProofsTestUnit Running test NewObjects_nomacro 
336        INFO  Timeout watchdog d.u.i.k.p.r.p.ForkedTestFileRunner Timeout watcher launched (1000 secs.) 
336        WARN  main            d.u.i.k.s.ProofSettings   The settings in /home/runner/.key/proof-settings.props are *not* read. 
344        INFO  main            d.u.i.k.p.r.p.TestFile    Now processing file /home/runner/work/key/key/key.core/../key.ui/examples/index/../InformationFlow/NewObjects/object.AmtoftBanerjee3(object.AmtoftBanerjee3__m()).Non-interference contract.0.key 
9367       INFO  main            d.u.i.k.p.r.p.TestFile    ... finished proof: closed. 
9503       INFO  main            d.u.i.k.p.r.p.TestFile    Now processing file /home/runner/work/key/key/key.core/../key.ui/examples/index/../InformationFlow/NewObjects/object.AmtoftBanerjee(object.AmtoftBanerjee__m_2()).Non-interference contract.0.key 
13901      INFO  main            d.u.i.k.p.r.p.TestFile    ... finished proof: closed. 
14037      INFO  main            d.u.i.k.p.r.p.TestFile    Now processing file /home/runner/work/key/key/key.core/../key.ui/examples/index/../InformationFlow/NewObjects/object.AmtoftBanerjee(object.AmtoftBanerjee__m_1()).Non-interference contract.1.key 
17609      INFO  main            d.u.i.k.p.r.p.TestFile    ... finished proof: open goal(s) 
17788      INFO  main            d.u.i.k.p.r.p.TestFile    Now processing file /home/runner/work/key/key/key.core/../key.ui/examples/index/../InformationFlow/NewObjects/object.AmtoftBanerjee(object.AmtoftBanerjee__m_1()).Non-interference contract.0.key 
21129      INFO  main            d.u.i.k.p.r.p.TestFile    ... finished proof: closed. 
21338      INFO  main            d.u.i.k.p.r.p.TestFile    Now processing file /home/runner/work/key/key/key.core/../key.ui/examples/index/../InformationFlow/NewObjects/object.AmtoftBanerjee(object.AmtoftBanerjee__getQ()).Non-interference contract.0.key 
24333      INFO  main            d.u.i.k.p.r.p.TestFile    ... finished proof: closed. 
24464      INFO  main            d.u.i.k.p.r.p.TestFile    Now processing file /home/runner/work/key/key/key.core/../key.ui/examples/index/../InformationFlow/NewObjects/object.ObjectOrientation(object.ObjectOrientation__secure_while_i((Ljava.lang.Object)).Non-interference contract.0.key 
37839      INFO  main            d.u.i.k.p.r.p.TestFile    ... finished proof: closed. 
38044      INFO  main            d.u.i.k.p.r.p.TestFile    Now processing file /home/runner/work/key/key/key.core/../key.ui/examples/index/../InformationFlow/NewObjects/object.ObjectOrientation(object.ObjectOrientation__secure_method_call()).Non-interference contract.0.key 
41325      INFO  main            d.u.i.k.p.r.p.TestFile    ... finished proof: closed. 
41475      INFO  main            d.u.i.k.p.r.p.TestFile    Now processing file /home/runner/work/key/key/key.core/../key.ui/examples/index/../InformationFlow/NewObjects/object.ObjectOrientation(object.ObjectOrientation__if_two_object_creation_next()).Non-interference contract.1.key 
63063      INFO  main            d.u.i.k.p.r.p.TestFile    ... finished proof: open goal(s) 
63277      INFO  main            d.u.i.k.p.r.p.TestFile    Now processing file /home/runner/work/key/key/key.core/../key.ui/examples/index/../InformationFlow/NewObjects/object.ObjectOrientation(object.ObjectOrientation__insecure_two_object_creation()).Non-interference contract.0.key 
84421      INFO  main            d.u.i.k.p.r.p.TestFile    ... finished proof: open goal(s) 
84634      INFO  main            d.u.i.k.p.r.p.TestFile    Now processing file /home/runner/work/key/key/key.core/../key.ui/examples/index/../InformationFlow/NewObjects/object.ObjectOrientation(object.ObjectOrientation__secure_two_object_creation()).Non-interference contract.0.key 
100326     INFO  main            d.u.i.k.p.r.p.TestFile    ... finished proof: closed. 
100526     INFO  main            d.u.i.k.p.r.p.TestFile    Now processing file /home/runner/work/key/key/key.core/../key.ui/examples/index/../InformationFlow/NewObjects/object.ObjectOrientation(object.ObjectOrientation__insecure_object_assignment()).Non-interference contract.1.key 
111702     INFO  main            d.u.i.k.p.r.p.TestFile    ... finished proof: open goal(s) 
111902     INFO  main            d.u.i.k.p.r.p.TestFile    Now processing file /home/runner/work/key/key/key.core/../key.ui/examples/index/../InformationFlow/NewObjects/object.ObjectOrientation(object.ObjectOrientation__insecure_object_assignment()).Non-interference contract.0.key 
114806     INFO  main            d.u.i.k.p.r.p.TestFile    ... finished proof: open goal(s) 
114969     INFO  main            d.u.i.k.p.r.p.TestFile    Now processing file /home/runner/work/key/key/key.core/../key.ui/examples/index/../InformationFlow/NewObjects/object.ObjectOrientation(object.ObjectOrientation__secure_object_creation_3()).Non-interference contract.0.key 
118231     INFO  main            d.u.i.k.p.r.p.TestFile    ... finished proof: closed. 
118412     INFO  main            d.u.i.k.p.r.p.TestFile    Now processing file /home/runner/work/key/key/key.core/../key.ui/examples/index/../InformationFlow/NewObjects/object.ObjectOrientation(object.ObjectOrientation__secure_object_creation_2()).Non-interference contract.0.key 
121428     INFO  main            d.u.i.k.p.r.p.TestFile    ... finished proof: closed. 
121594     INFO  main            d.u.i.k.p.r.p.TestFile    Now processing file /home/runner/work/key/key/key.core/../key.ui/examples/index/../InformationFlow/NewObjects/object.ObjectOrientation(object.ObjectOrientation__secure_object_creation()).Non-interference contract.0.key 
125086     INFO  main            d.u.i.k.p.r.p.TestFile    ... finished proof: closed. 
125273     INFO  main            d.u.i.k.p.r.p.TestFile    Now processing file /home/runner/work/key/key/key.core/../key.ui/examples/index/../InformationFlow/NewObjects/object.AmtoftBanerjee2(object.AmtoftBanerjee2__expensive(int)).Non-interference contract.0.key 
128076     INFO  main            d.u.i.k.p.r.p.TestFile    ... finished proof: closed. 
128291     INFO  main            d.u.i.k.p.r.p.TestFile    Now processing file /home/runner/work/key/key/key.core/../key.ui/examples/index/../InformationFlow/NewObjects/object.AmtoftBanerjee2(object.AmtoftBanerjee2__cexp(int)).Non-interference contract.0.key 
132525     INFO  main            d.u.i.k.p.r.p.TestFile    ... finished proof: closed. 
1322350    INFO  Test worker     d.u.i.k.p.r.RunAllProofsTestUnit Returning from test NewObjects_nomacro 
1322352    INFO  Test worker     d.u.i.k.p.r.RunAllProofsTestUnit Running test SimpleEvoting_nomacro 
336        INFO  Timeout watchdog d.u.i.k.p.r.p.ForkedTestFileRunner Timeout watcher launched (1000 secs.) 
344        WARN  main            d.u.i.k.s.ProofSettings   The settings in /home/runner/.key/proof-settings.props are *not* read. 
353        INFO  main            d.u.i.k.p.r.p.TestFile    Now processing file /home/runner/work/key/key/key.core/../key.ui/examples/index/../InformationFlow/SimpleEvoting/simple_evoting.Environment(simple_evoting.Environment__untrustedOutputMessage((B)).Non-interference contract.0.key 
17768      INFO  main            d.u.i.k.p.r.p.TestFile    ... finished proof: closed. 
17969      INFO  main            d.u.i.k.p.r.p.TestFile    Now processing file /home/runner/work/key/key/key.core/../key.ui/examples/index/../InformationFlow/SimpleEvoting/simple_evoting.Environment(simple_evoting.Environment__untrustedOutput(int)).Non-interference contract.0.key 
21695      INFO  main            d.u.i.k.p.r.p.TestFile    ... finished proof: closed. 
21822      INFO  main            d.u.i.k.p.r.p.TestFile    Now processing file /home/runner/work/key/key/key.core/../key.ui/examples/index/../InformationFlow/SimpleEvoting/simple_evoting.Environment(simple_evoting.Environment__untrustedInput(int)).Non-interference contract.0.key 
25363      INFO  main            d.u.i.k.p.r.p.TestFile    ... finished proof: open goal(s) 
25495      INFO  main            d.u.i.k.p.r.p.TestFile    Now processing file /home/runner/work/key/key/key.core/../key.ui/examples/index/../InformationFlow/SimpleEvoting/simple_evoting.Environment(simple_evoting.Environment__untrustedInput()).Non-interference contract.0.key 
28967      INFO  main            d.u.i.k.p.r.p.TestFile    ... finished proof: open goal(s) 
29115      INFO  main            d.u.i.k.p.r.p.TestFile    Now processing file /home/runner/work/key/key/key.core/../key.ui/examples/index/../InformationFlow/SimpleEvoting/simple_evoting.SMT(simple_evoting.SMT__send(simple_evoting.Message,int,simple_evoting.Server)).Non-interference contract.1.key 
61414      INFO  main            d.u.i.k.p.r.p.TestFile    ... finished proof: closed. 
61649      INFO  main            d.u.i.k.p.r.p.TestFile    Now processing file /home/runner/work/key/key/key.core/../key.ui/examples/index/../InformationFlow/SimpleEvoting/simple_evoting.SMT(simple_evoting.SMT__send(simple_evoting.Message,int,simple_evoting.Server)).Non-interference contract.0.key 
99197      INFO  main            d.u.i.k.p.r.p.TestFile    ... finished proof: closed. 
99447      INFO  main            d.u.i.k.p.r.p.TestFile    Now processing file /home/runner/work/key/key/key.core/../key.ui/examples/index/../InformationFlow/SimpleEvoting/simple_evoting.NetworkClient(simple_evoting.NetworkClient__send((B,simple_evoting.Server,int)).Non-interference contract.0.key 
105628     INFO  main            d.u.i.k.p.r.p.TestFile    ... finished proof: closed. 
105813     INFO  main            d.u.i.k.p.r.p.TestFile    Now processing file /home/runner/work/key/key/key.core/../key.ui/examples/index/../InformationFlow/SimpleEvoting/simple_evoting.Voter(simple_evoting.Voter__onSendBallot(simple_evoting.Server)).Non-interference contract.1.key 
119694     INFO  main            d.u.i.k.p.r.p.TestFile    ... finished proof: closed. 
119910     INFO  main            d.u.i.k.p.r.p.TestFile    Now processing file /home/runner/work/key/key/key.core/../key.ui/examples/index/../InformationFlow/SimpleEvoting/simple_evoting.Voter(simple_evoting.Voter__onSendBallot(simple_evoting.Server)).Non-interference contract.0.key 
136444     INFO  main            d.u.i.k.p.r.p.TestFile    ... finished proof: closed. 
1459178    INFO  Test worker     d.u.i.k.p.r.RunAllProofsTestUnit Returning from test SimpleEvoting_nomacro 
1459179    INFO  Test worker     d.u.i.k.p.r.RunAllProofsTestUnit Running test ToyVoting_fullmacro 
368        INFO  Timeout watchdog d.u.i.k.p.r.p.ForkedTestFileRunner Timeout watcher launched (1000 secs.) 
384        WARN  main            d.u.i.k.s.ProofSettings   The settings in /home/runner/.key/proof-settings.props are *not* read. 
395        INFO  main            d.u.i.k.p.r.p.TestFile    Now processing file /home/runner/work/key/key/key.core/../key.ui/examples/index/../InformationFlow/ToyVoting/Voter(Voter__insecure_voting()).Non-interference contract.0.m.key 
8095       INFO  main            d.u.i.k.m.s.ProofScriptEngine 1: 'macro 'infflow-autopilot'' 
33529      INFO  main            d.u.i.k.p.r.p.TestFile    ... finished proof: open goal(s) 
33707      INFO  main            d.u.i.k.p.r.p.TestFile    Now processing file /home/runner/work/key/key/key.core/../key.ui/examples/index/../InformationFlow/ToyVoting/Voter(Voter__publishVoterParticipation()).Non-interference contract.0.m.key 
36556      INFO  main            d.u.i.k.m.s.ProofScriptEngine 1: 'macro 'infflow-autopilot'' 
36749      INFO  main            d.u.i.k.p.r.p.TestFile    ... finished proof: closed. 
36885      INFO  main            d.u.i.k.p.r.p.TestFile    Now processing file /home/runner/work/key/key/key.core/../key.ui/examples/index/../InformationFlow/ToyVoting/Voter(Voter__isValid(int)).Non-interference contract.0.m.key 
39730      INFO  main            d.u.i.k.m.s.ProofScriptEngine 1: 'macro 'infflow-autopilot'' 
40031      INFO  main            d.u.i.k.p.r.p.TestFile    ... finished proof: closed. 
40153      INFO  main            d.u.i.k.p.r.p.TestFile    Now processing file /home/runner/work/key/key/key.core/../key.ui/examples/index/../InformationFlow/ToyVoting/Voter(Voter__sendVote(int)).Non-interference contract.0.m.key 
42864      INFO  main            d.u.i.k.m.s.ProofScriptEngine 1: 'macro 'infflow-autopilot'' 
43090      INFO  main            d.u.i.k.p.r.p.TestFile    ... finished proof: closed. 
43222      INFO  main            d.u.i.k.p.r.p.TestFile    Now processing file /home/runner/work/key/key/key.core/../key.ui/examples/index/../InformationFlow/ToyVoting/Voter(Voter__inputVote()).Non-interference contract.0.m.key 
45880      INFO  main            d.u.i.k.m.s.ProofScriptEngine 1: 'macro 'infflow-autopilot'' 
46007      INFO  main            d.u.i.k.p.r.p.TestFile    ... finished proof: closed. 
46141      INFO  main            d.u.i.k.p.r.p.TestFile    Now processing file /home/runner/work/key/key/key.core/../key.ui/examples/index/../InformationFlow/ToyVoting/Voter(Voter__secure_voting()).Non-interference contract.0.m.key 
48759      INFO  main            d.u.i.k.m.s.ProofScriptEngine 1: 'macro 'infflow-autopilot'' 
57298      INFO  main            d.u.i.k.p.r.p.TestFile    ... finished proof: closed. 
1516842    INFO  Test worker     d.u.i.k.p.r.RunAllProofsTestUnit Returning from test ToyVoting_fullmacro 
1516844    INFO  Test worker     d.u.i.k.p.r.RunAllProofsTestUnit Running test SumExample_fullmacro 
359        INFO  Timeout watchdog d.u.i.k.p.r.p.ForkedTestFileRunner Timeout watcher launched (1000 secs.) 
372        WARN  main            d.u.i.k.s.ProofSettings   The settings in /home/runner/.key/proof-settings.props are *not* read. 
390        INFO  main            d.u.i.k.p.r.p.TestFile    Now processing file /home/runner/work/key/key/key.core/../key.ui/examples/index/../InformationFlow/Sum/SumExample(SumExample__getSum()).Non-interference contract.0.m.key 
8145       INFO  main            d.u.i.k.m.s.ProofScriptEngine 1: 'macro 'infflow-autopilot'' 
10273      INFO  main            d.u.i.k.p.r.p.TestFile    ... finished proof: closed. 
1527402    INFO  Test worker     d.u.i.k.p.r.RunAllProofsTestUnit Returning from test SumExample_fullmacro 
1527403    INFO  Test worker     d.u.i.k.p.r.RunAllProofsTestUnit Running test ToyBanking_fullmacro 
329        INFO  Timeout watchdog d.u.i.k.p.r.p.ForkedTestFileRunner Timeout watcher launched (1000 secs.) 
341        WARN  main            d.u.i.k.s.ProofSettings   The settings in /home/runner/.key/proof-settings.props are *not* read. 
349        INFO  main            d.u.i.k.p.r.p.TestFile    Now processing file /home/runner/work/key/key/key.core/../key.ui/examples/index/../InformationFlow/ToyBanking/banking_example.UserAccount(banking_example.UserAccount__getBankAccount(int)).Non-interference contract.0.m.key 
8459       INFO  main            d.u.i.k.m.s.ProofScriptEngine 1: 'macro 'infflow-autopilot'' 
12712      INFO  main            d.u.i.k.p.r.p.TestFile    ... finished proof: closed. 
12888      INFO  main            d.u.i.k.p.r.p.TestFile    Now processing file /home/runner/work/key/key/key.core/../key.ui/examples/index/../InformationFlow/ToyBanking/banking_example.UserAccount(banking_example.UserAccount__tryLogin(int,(C)).Non-interference contract.0.m.key 
16210      INFO  main            d.u.i.k.m.s.ProofScriptEngine 1: 'macro 'infflow-autopilot'' 
68907      INFO  main            d.u.i.k.p.r.p.TestFile    ... finished proof: closed. 
69154      INFO  main            d.u.i.k.p.r.p.TestFile    Now processing file /home/runner/work/key/key/key.core/../key.ui/examples/index/../InformationFlow/ToyBanking/banking_example.BankAccount(banking_example.BankAccount__depositMoney(int)).Non-interference contract.0.m.key 
72164      INFO  main            d.u.i.k.m.s.ProofScriptEngine 1: 'macro 'infflow-autopilot'' 
72746      INFO  main            d.u.i.k.p.r.p.TestFile    ... finished proof: closed. 
72891      INFO  main            d.u.i.k.p.r.p.TestFile    Now processing file /home/runner/work/key/key/key.core/../key.ui/examples/index/../InformationFlow/ToyBanking/banking_example.BankAccount(banking_example.BankAccount__getBalance()).Non-interference contract.0.m.key 
75806      INFO  main            d.u.i.k.m.s.ProofScriptEngine 1: 'macro 'infflow-autopilot'' 
75966      INFO  main            d.u.i.k.p.r.p.TestFile    ... finished proof: closed. 
76104      INFO  main            d.u.i.k.p.r.p.TestFile    Now processing file /home/runner/work/key/key/key.core/../key.ui/examples/index/../InformationFlow/ToyBanking/banking_example.BankAccount(banking_example.BankAccount__getId()).Non-interference contract.0.m.key 
79025      INFO  main            d.u.i.k.m.s.ProofScriptEngine 1: 'macro 'infflow-autopilot'' 
79163      INFO  main            d.u.i.k.p.r.p.TestFile    ... finished proof: closed. 
79307      INFO  main            d.u.i.k.p.r.p.TestFile    Now processing file /home/runner/work/key/key/key.core/../key.ui/examples/index/../InformationFlow/ToyBanking/banking_example.Bank(banking_example.Bank__login(int,(C)).Non-interference contract.0.m.key 
82230      INFO  main            d.u.i.k.m.s.ProofScriptEngine 1: 'macro 'infflow-autopilot'' 
234288     INFO  main            d.u.i.k.p.r.p.TestFile    ... finished proof: open goal(s) 
234582     INFO  main            d.u.i.k.p.r.p.TestFile    Now processing file /home/runner/work/key/key/key.core/../key.ui/examples/index/../InformationFlow/ToyBanking/banking_example2.UserAccount(banking_example2.UserAccount__getBankAccount(int)).Non-interference contract.0.m.key 
237305     INFO  main            d.u.i.k.m.s.ProofScriptEngine 1: 'macro 'infflow-autopilot'' 
239236     INFO  main            d.u.i.k.p.r.p.TestFile    ... finished proof: closed. 
239407     INFO  main            d.u.i.k.p.r.p.TestFile    Now processing file /home/runner/work/key/key/key.core/../key.ui/examples/index/../InformationFlow/ToyBanking/banking_example2.UserAccount(banking_example2.UserAccount__tryLogin(int,(C)).Non-interference contract.0.m.key 
242171     INFO  main            d.u.i.k.m.s.ProofScriptEngine 1: 'macro 'infflow-autopilot'' 
255242     INFO  main            d.u.i.k.p.r.p.TestFile    ... finished proof: closed. 
255457     INFO  main            d.u.i.k.p.r.p.TestFile    Now processing file /home/runner/work/key/key/key.core/../key.ui/examples/index/../InformationFlow/ToyBanking/banking_example2.BankAccount(banking_example2.BankAccount__depositMoney(int)).Non-interference contract.0.m.key 
258219     INFO  main            d.u.i.k.m.s.ProofScriptEngine 1: 'macro 'infflow-autopilot'' 
258740     INFO  main            d.u.i.k.p.r.p.TestFile    ... finished proof: closed. 
258913     INFO  main            d.u.i.k.p.r.p.TestFile    Now processing file /home/runner/work/key/key/key.core/../key.ui/examples/index/../InformationFlow/ToyBanking/banking_example2.BankAccount(banking_example2.BankAccount__getBalance()).Non-interference contract.0.m.key 
261638     INFO  main            d.u.i.k.m.s.ProofScriptEngine 1: 'macro 'infflow-autopilot'' 
261766     INFO  main            d.u.i.k.p.r.p.TestFile    ... finished proof: closed. 
261925     INFO  main            d.u.i.k.p.r.p.TestFile    Now processing file /home/runner/work/key/key/key.core/../key.ui/examples/index/../InformationFlow/ToyBanking/banking_example2.BankAccount(banking_example2.BankAccount__getId()).Non-interference contract.0.m.key 
264686     INFO  main            d.u.i.k.m.s.ProofScriptEngine 1: 'macro 'infflow-autopilot'' 
264812     INFO  main            d.u.i.k.p.r.p.TestFile    ... finished proof: closed. 
1792559    INFO  Test worker     d.u.i.k.p.r.RunAllProofsTestUnit Returning from test ToyBanking_fullmacro 
1792560    INFO  Test worker     d.u.i.k.p.r.RunAllProofsTestUnit Running test BlockContracts_fullmacro 
341        INFO  Timeout watchdog d.u.i.k.p.r.p.ForkedTestFileRunner Timeout watcher launched (1000 secs.) 
351        WARN  main            d.u.i.k.s.ProofSettings   The settings in /home/runner/.key/proof-settings.props are *not* read. 
358        INFO  main            d.u.i.k.p.r.p.TestFile    Now processing file /home/runner/work/key/key/key.core/../key.ui/examples/index/../InformationFlow/BlockContracts/contract.IFBlockExamples(contract.IFBlockExamples__secure_5()).Non-interference contract.0.m.key 
8715       INFO  main            d.u.i.k.m.s.ProofScriptEngine 1: 'macro 'infflow-autopilot'' 
9858       INFO  main            d.u.i.k.p.r.p.TestFile    ... finished proof: closed. 
9981       INFO  main            d.u.i.k.p.r.p.TestFile    Now processing file /home/runner/work/key/key/key.core/../key.ui/examples/index/../InformationFlow/BlockContracts/contract.IFBlockExamples(contract.IFBlockExamples__block_no_return_secure(int)).Non-interference contract.0.m.key 
13006      INFO  main            d.u.i.k.m.s.ProofScriptEngine 1: 'macro 'infflow-autopilot'' 
13668      INFO  main            d.u.i.k.p.r.p.TestFile    ... finished proof: closed. 
13804      INFO  main            d.u.i.k.p.r.p.TestFile    Now processing file /home/runner/work/key/key/key.core/../key.ui/examples/index/../InformationFlow/BlockContracts/contract.IFBlockExamples(contract.IFBlockExamples__while_block_insecure(int)).Non-interference contract.0.m.key 
16716      INFO  main            d.u.i.k.m.s.ProofScriptEngine 1: 'macro 'infflow-autopilot'' 
18047      INFO  main            d.u.i.k.p.r.p.TestFile    ... finished proof: open goal(s) 
18192      INFO  main            d.u.i.k.p.r.p.TestFile    Now processing file /home/runner/work/key/key/key.core/../key.ui/examples/index/../InformationFlow/BlockContracts/contract.IFBlockExamples(contract.IFBlockExamples__while_block_secure(int)).Non-interference contract.0.m.key 
20942      INFO  main            d.u.i.k.m.s.ProofScriptEngine 1: 'macro 'infflow-autopilot'' 
22028      INFO  main            d.u.i.k.p.r.p.TestFile    ... finished proof: closed. 
22192      INFO  main            d.u.i.k.p.r.p.TestFile    Now processing file /home/runner/work/key/key/key.core/../key.ui/examples/index/../InformationFlow/BlockContracts/contract.IFBlockExamples(contract.IFBlockExamples__block_while_secure(int)).Non-interference contract.0.m.key 
24981      INFO  main            d.u.i.k.m.s.ProofScriptEngine 1: 'macro 'infflow-autopilot'' 
26101      INFO  main            d.u.i.k.p.r.p.TestFile    ... finished proof: closed. 
26287      INFO  main            d.u.i.k.p.r.p.TestFile    Now processing file /home/runner/work/key/key/key.core/../key.ui/examples/index/../InformationFlow/BlockContracts/contract.IFBlockExamples(contract.IFBlockExamples__insecure_4(int)).Non-interference contract.0.m.key 
29058      INFO  main            d.u.i.k.m.s.ProofScriptEngine 1: 'macro 'infflow-autopilot'' 
30449      INFO  main            d.u.i.k.p.r.p.TestFile    ... finished proof: open goal(s) 
30643      INFO  main            d.u.i.k.p.r.p.TestFile    Now processing file /home/runner/work/key/key/key.core/../key.ui/examples/index/../InformationFlow/BlockContracts/contract.IFBlockExamples(contract.IFBlockExamples__insecure_3(int)).Non-interference contract.0.m.key 
33392      INFO  main            d.u.i.k.m.s.ProofScriptEngine 1: 'macro 'infflow-autopilot'' 
40606      INFO  main            d.u.i.k.p.r.p.TestFile    ... finished proof: open goal(s) 
40870      INFO  main            d.u.i.k.p.r.p.TestFile    Now processing file /home/runner/work/key/key/key.core/../key.ui/examples/index/../InformationFlow/BlockContracts/contract.IFBlockExamples(contract.IFBlockExamples__secure_3(int)).Non-interference contract.0.m.key 
43496      INFO  main            d.u.i.k.m.s.ProofScriptEngine 1: 'macro 'infflow-autopilot'' 
44635      INFO  main            d.u.i.k.p.r.p.TestFile    ... finished proof: closed. 
44871      INFO  main            d.u.i.k.p.r.p.TestFile    Now processing file /home/runner/work/key/key/key.core/../key.ui/examples/index/../InformationFlow/BlockContracts/contract.IFBlockExamples(contract.IFBlockExamples__secure_2(int)).Non-interference contract.0.m.key 
47592      INFO  main            d.u.i.k.m.s.ProofScriptEngine 1: 'macro 'infflow-autopilot'' 
48955      INFO  main            d.u.i.k.p.r.p.TestFile    ... finished proof: closed. 
49172      INFO  main            d.u.i.k.p.r.p.TestFile    Now processing file /home/runner/work/key/key/key.core/../key.ui/examples/index/../InformationFlow/BlockContracts/contract.IFBlockExamples(contract.IFBlockExamples__secure_8(int)).Non-interference contract.0.m.key 
51908      INFO  main            d.u.i.k.m.s.ProofScriptEngine 1: 'macro 'infflow-autopilot'' 
52358      INFO  main            d.u.i.k.p.r.p.TestFile    ... finished proof: closed. 
52594      INFO  main            d.u.i.k.p.r.p.TestFile    Now processing file /home/runner/work/key/key/key.core/../key.ui/examples/index/../InformationFlow/BlockContracts/contract.IFBlockExamples(contract.IFBlockExamples__secure_7(int)).Non-interference contract.0.m.key 
55215      INFO  main            d.u.i.k.m.s.ProofScriptEngine 1: 'macro 'infflow-autopilot'' 
55590      INFO  main            d.u.i.k.p.r.p.TestFile    ... finished proof: closed. 
55772      INFO  main            d.u.i.k.p.r.p.TestFile    Now processing file /home/runner/work/key/key/key.core/../key.ui/examples/index/../InformationFlow/BlockContracts/contract.IFBlockExamples(contract.IFBlockExamples__secure_6(int)).Non-interference contract.0.m.key 
58400      INFO  main            d.u.i.k.m.s.ProofScriptEngine 1: 'macro 'infflow-autopilot'' 
58743      INFO  main            d.u.i.k.p.r.p.TestFile    ... finished proof: closed. 
58928      INFO  main            d.u.i.k.p.r.p.TestFile    Now processing file /home/runner/work/key/key/key.core/../key.ui/examples/index/../InformationFlow/BlockContracts/contract.IFBlockExamples(contract.IFBlockExamples__insecure_1(int)).Non-interference contract.0.m.key 
61553      INFO  main            d.u.i.k.m.s.ProofScriptEngine 1: 'macro 'infflow-autopilot'' 
62121      INFO  main            d.u.i.k.p.r.p.TestFile    ... finished proof: open goal(s) 
62318      INFO  main            d.u.i.k.p.r.p.TestFile    Now processing file /home/runner/work/key/key/key.core/../key.ui/examples/index/../InformationFlow/BlockContracts/contract.IFBlockExamples(contract.IFBlockExamples__secure_4(int)).Non-interference contract.0.m.key 
64918      INFO  main            d.u.i.k.m.s.ProofScriptEngine 1: 'macro 'infflow-autopilot'' 
65366      INFO  main            d.u.i.k.p.r.p.TestFile    ... finished proof: closed. 
65559      INFO  main            d.u.i.k.p.r.p.TestFile    Now processing file /home/runner/work/key/key/key.core/../key.ui/examples/index/../InformationFlow/BlockContracts/contract.IFBlockExamples(contract.IFBlockExamples__secure_1(int)).Non-interference contract.0.m.key 
68167      INFO  main            d.u.i.k.m.s.ProofScriptEngine 1: 'macro 'infflow-autopilot'' 
68686      INFO  main            d.u.i.k.p.r.p.TestFile    ... finished proof: closed. 
68900      INFO  main            d.u.i.k.p.r.p.TestFile    Now processing file /home/runner/work/key/key/key.core/../key.ui/examples/index/../InformationFlow/BlockContracts/contract.IFEfficiencyExamples(contract.IFEfficiencyExamples__mWithoutBlockContract()).Non-interference contract.0.m.key 
71567      INFO  main            d.u.i.k.m.s.ProofScriptEngine 1: 'macro 'infflow-autopilot'' 
76179      INFO  main            d.u.i.k.p.r.p.TestFile    ... finished proof: closed. 
76423      INFO  main            d.u.i.k.p.r.p.TestFile    Now processing file /home/runner/work/key/key/key.core/../key.ui/examples/index/../InformationFlow/BlockContracts/contract.IFEfficiencyExamples(contract.IFEfficiencyExamples__mWithBlockContract()).Non-interference contract.0.m.key 
79042      INFO  main            d.u.i.k.m.s.ProofScriptEngine 1: 'macro 'infflow-autopilot'' 
80472      INFO  main            d.u.i.k.p.r.p.TestFile    ... finished proof: closed. 
1873421    INFO  Test worker     d.u.i.k.p.r.RunAllProofsTestUnit Returning from test BlockContracts_fullmacro 
1873423    INFO  Test worker     d.u.i.k.p.r.RunAllProofsTestUnit Running test MethodContracts_fullmacro 
361        INFO  Timeout watchdog d.u.i.k.p.r.p.ForkedTestFileRunner Timeout watcher launched (1000 secs.) 
368        WARN  main            d.u.i.k.s.ProofSettings   The settings in /home/runner/.key/proof-settings.props are *not* read. 
371        INFO  main            d.u.i.k.p.r.p.TestFile    Now processing file /home/runner/work/key/key/key.core/../key.ui/examples/index/../InformationFlow/MethodContracts/contract.IFMethodContract(contract.IFMethodContract__secure_recursion_2((I,int)).Non-interference contract.0.m.key 
8263       INFO  main            d.u.i.k.m.s.ProofScriptEngine 1: 'macro 'infflow-autopilot'' 
12144      INFO  main            d.u.i.k.p.r.p.TestFile    ... finished proof: closed. 
12293      INFO  main            d.u.i.k.p.r.p.TestFile    Now processing file /home/runner/work/key/key/key.core/../key.ui/examples/index/../InformationFlow/MethodContracts/contract.IFMethodContract(contract.IFMethodContract__secure_recursion(int)).Non-interference contract.0.m.key 
15230      INFO  main            d.u.i.k.m.s.ProofScriptEngine 1: 'macro 'infflow-autopilot'' 
15861      INFO  main            d.u.i.k.p.r.p.TestFile    ... finished proof: closed. 
15991      INFO  main            d.u.i.k.p.r.p.TestFile    Now processing file /home/runner/work/key/key/key.core/../key.ui/examples/index/../InformationFlow/MethodContracts/contract.IFMethodContract(contract.IFMethodContract__secure_catch_exception()).Non-interference contract.0.m.key 
18833      INFO  main            d.u.i.k.m.s.ProofScriptEngine 1: 'macro 'infflow-autopilot'' 
19192      INFO  main            d.u.i.k.p.r.p.TestFile    ... finished proof: closed. 
19340      INFO  main            d.u.i.k.p.r.p.TestFile    Now processing file /home/runner/work/key/key/key.core/../key.ui/examples/index/../InformationFlow/MethodContracts/contract.IFMethodContract(contract.IFMethodContract__n6()).Non-interference contract.0.m.key 
22050      INFO  main            d.u.i.k.m.s.ProofScriptEngine 1: 'macro 'infflow-autopilot'' 
22221      INFO  main            d.u.i.k.p.r.p.TestFile    ... finished proof: closed. 
22355      INFO  main            d.u.i.k.p.r.p.TestFile    Now processing file /home/runner/work/key/key/key.core/../key.ui/examples/index/../InformationFlow/MethodContracts/contract.IFMethodContract(contract.IFMethodContract__secure_n6()).Non-interference contract.0.m.key 
25073      INFO  main            d.u.i.k.m.s.ProofScriptEngine 1: 'macro 'infflow-autopilot'' 
25295      INFO  main            d.u.i.k.p.r.p.TestFile    ... finished proof: closed. 
25434      INFO  main            d.u.i.k.p.r.p.TestFile    Now processing file /home/runner/work/key/key/key.core/../key.ui/examples/index/../InformationFlow/MethodContracts/contract.IFMethodContract(contract.IFMethodContract__secure_array_param((I,int)).Non-interference contract.0.m.key 
28094      INFO  main            d.u.i.k.m.s.ProofScriptEngine 1: 'macro 'infflow-autopilot'' 
29807      INFO  main            d.u.i.k.p.r.p.TestFile    ... finished proof: closed. 
29955      INFO  main            d.u.i.k.p.r.p.TestFile    Now processing file /home/runner/work/key/key/key.core/../key.ui/examples/index/../InformationFlow/MethodContracts/contract.IFMethodContract(contract.IFMethodContract__secure_assignment_0_n9()).Non-interference contract.0.m.key 
32587      INFO  main            d.u.i.k.m.s.ProofScriptEngine 1: 'macro 'infflow-autopilot'' 
32816      INFO  main            d.u.i.k.p.r.p.TestFile    ... finished proof: closed. 
32969      INFO  main            d.u.i.k.p.r.p.TestFile    Now processing file /home/runner/work/key/key/key.core/../key.ui/examples/index/../InformationFlow/MethodContracts/contract.IFMethodContract(contract.IFMethodContract__insecure_if_high_n5_n1()).Non-interference contract.0.m.key 
35573      INFO  main            d.u.i.k.m.s.ProofScriptEngine 1: 'macro 'infflow-autopilot'' 
36342      INFO  main            d.u.i.k.p.r.p.TestFile    ... finished proof: open goal(s) 
36491      INFO  main            d.u.i.k.p.r.p.TestFile    Now processing file /home/runner/work/key/key/key.core/../key.ui/examples/index/../InformationFlow/MethodContracts/contract.IFMethodContract(contract.IFMethodContract__n5(int)).Non-interference contract.0.m.key 
39070      INFO  main            d.u.i.k.m.s.ProofScriptEngine 1: 'macro 'infflow-autopilot'' 
39211      INFO  main            d.u.i.k.p.r.p.TestFile    ... finished proof: closed. 
39355      INFO  main            d.u.i.k.p.r.p.TestFile    Now processing file /home/runner/work/key/key/key.core/../key.ui/examples/index/../InformationFlow/MethodContracts/contract.IFMethodContract(contract.IFMethodContract__secure_if_high_n5_n1()).Non-interference contract.0.m.key 
41945      INFO  main            d.u.i.k.m.s.ProofScriptEngine 1: 'macro 'infflow-autopilot'' 
42778      INFO  main            d.u.i.k.p.r.p.TestFile    ... finished proof: closed. 
42953      INFO  main            d.u.i.k.p.r.p.TestFile    Now processing file /home/runner/work/key/key/key.core/../key.ui/examples/index/../InformationFlow/MethodContracts/contract.IFMethodContract(contract.IFMethodContract__secure_if_high_n1()).Non-interference contract.0.m.key 
45549      INFO  main            d.u.i.k.m.s.ProofScriptEngine 1: 'macro 'infflow-autopilot'' 
46043      INFO  main            d.u.i.k.p.r.p.TestFile    ... finished proof: closed. 
46207      INFO  main            d.u.i.k.p.r.p.TestFile    Now processing file /home/runner/work/key/key/key.core/../key.ui/examples/index/../InformationFlow/MethodContracts/contract.IFMethodContract(contract.IFMethodContract__secure_n5()).Non-interference contract.0.m.key 
48761      INFO  main            d.u.i.k.m.s.ProofScriptEngine 1: 'macro 'infflow-autopilot'' 
48963      INFO  main            d.u.i.k.p.r.p.TestFile    ... finished proof: closed. 
49166      INFO  main            d.u.i.k.p.r.p.TestFile    Now processing file /home/runner/work/key/key/key.core/../key.ui/examples/index/../InformationFlow/MethodContracts/contract.IFMethodContract(contract.IFMethodContract__n4()).Non-interference contract.0.m.key 
51751      INFO  main            d.u.i.k.m.s.ProofScriptEngine 1: 'macro 'infflow-autopilot'' 
51934      INFO  main            d.u.i.k.p.r.p.TestFile    ... finished proof: closed. 
52122      INFO  main            d.u.i.k.p.r.p.TestFile    Now processing file /home/runner/work/key/key/key.core/../key.ui/examples/index/../InformationFlow/MethodContracts/contract.IFMethodContract(contract.IFMethodContract__n3()).Non-interference contract.0.m.key 
54694      INFO  main            d.u.i.k.m.s.ProofScriptEngine 1: 'macro 'infflow-autopilot'' 
54793      INFO  main            d.u.i.k.p.r.p.TestFile    ... finished proof: closed. 
54951      INFO  main            d.u.i.k.p.r.p.TestFile    Now processing file /home/runner/work/key/key/key.core/../key.ui/examples/index/../InformationFlow/MethodContracts/contract.IFMethodContract(contract.IFMethodContract__secure_sequential_n3_precond_n4()).Non-interference contract.0.m.key 
57547      INFO  main            d.u.i.k.m.s.ProofScriptEngine 1: 'macro 'infflow-autopilot'' 
57860      INFO  main            d.u.i.k.p.r.p.TestFile    ... finished proof: closed. 
58043      INFO  main            d.u.i.k.p.r.p.TestFile    Now processing file /home/runner/work/key/key/key.core/../key.ui/examples/index/../InformationFlow/MethodContracts/contract.IFMethodContract(contract.IFMethodContract__insecure_assignment_n2()).Non-interference contract.0.m.key 
60597      INFO  main            d.u.i.k.m.s.ProofScriptEngine 1: 'macro 'infflow-autopilot'' 
60902      INFO  main            d.u.i.k.p.r.p.TestFile    ... finished proof: open goal(s) 
61098      INFO  main            d.u.i.k.p.r.p.TestFile    Now processing file /home/runner/work/key/key/key.core/../key.ui/examples/index/../InformationFlow/MethodContracts/contract.IFMethodContract(contract.IFMethodContract__secure_assignments_n2()).Non-interference contract.0.m.key 
63633      INFO  main            d.u.i.k.m.s.ProofScriptEngine 1: 'macro 'infflow-autopilot'' 
63971      INFO  main            d.u.i.k.p.r.p.TestFile    ... finished proof: closed. 
64215      INFO  main            d.u.i.k.p.r.p.TestFile    Now processing file /home/runner/work/key/key/key.core/../key.ui/examples/index/../InformationFlow/MethodContracts/contract.IFMethodContract(contract.IFMethodContract__n2()).Non-interference contract.0.m.key 
66757      INFO  main            d.u.i.k.m.s.ProofScriptEngine 1: 'macro 'infflow-autopilot'' 
66875      INFO  main            d.u.i.k.p.r.p.TestFile    ... finished proof: closed. 
67051      INFO  main            d.u.i.k.p.r.p.TestFile    Now processing file /home/runner/work/key/key/key.core/../key.ui/examples/index/../InformationFlow/MethodContracts/contract.IFMethodContract(contract.IFMethodContract__n1()).Non-interference contract.0.m.key 
69570      INFO  main            d.u.i.k.m.s.ProofScriptEngine 1: 'macro 'infflow-autopilot'' 
69667      INFO  main            d.u.i.k.p.r.p.TestFile    ... finished proof: closed. 
69847      INFO  main            d.u.i.k.p.r.p.TestFile    Now processing file /home/runner/work/key/key/key.core/../key.ui/examples/index/../InformationFlow/MethodContracts/contract.IFMethodContract(contract.IFMethodContract__secure_sequential_n1_n2()).Non-interference contract.0.m.key 
72376      INFO  main            d.u.i.k.m.s.ProofScriptEngine 1: 'macro 'infflow-autopilot'' 
72608      INFO  main            d.u.i.k.p.r.p.TestFile    ... finished proof: closed. 
1946493    INFO  Test worker     d.u.i.k.p.r.RunAllProofsTestUnit Returning from test MethodContracts_fullmacro 
1946493    INFO  Test worker     d.u.i.k.p.r.RunAllProofsTestUnit Running test InformationFlow_fullmacro 
349        INFO  Timeout watchdog d.u.i.k.p.r.p.ForkedTestFileRunner Timeout watcher launched (1000 secs.) 
365        WARN  main            d.u.i.k.s.ProofSettings   The settings in /home/runner/.key/proof-settings.props are *not* read. 
369        INFO  main            d.u.i.k.p.r.p.TestFile    Now processing file /home/runner/work/key/key/key.core/../key.ui/examples/index/../InformationFlow/LoopInvariants/loop.IFLoopExamples(loop.IFLoopExamples__insecure_while_3(int)).Non-interference contract.0.m.key 
8944       INFO  main            d.u.i.k.m.s.ProofScriptEngine 1: 'macro 'infflow-autopilot'' 
14600      INFO  main            d.u.i.k.p.r.p.TestFile    ... finished proof: open goal(s) 
14777      INFO  main            d.u.i.k.p.r.p.TestFile    Now processing file /home/runner/work/key/key/key.core/../key.ui/examples/index/../InformationFlow/LoopInvariants/loop.IFLoopExamples(loop.IFLoopExamples__secure_while_2(int)).Non-interference contract.0.m.key 
18276      INFO  main            d.u.i.k.m.s.ProofScriptEngine 1: 'macro 'infflow-autopilot'' 
19671      INFO  main            d.u.i.k.p.r.p.TestFile    ... finished proof: closed. 
19799      INFO  main            d.u.i.k.p.r.p.TestFile    Now processing file /home/runner/work/key/key/key.core/../key.ui/examples/index/../InformationFlow/LoopInvariants/loop.IFLoopExamples(loop.IFLoopExamples__secure_while_4(int)).Non-interference contract.0.m.key 
23007      INFO  main            d.u.i.k.m.s.ProofScriptEngine 1: 'macro 'infflow-autopilot'' 
24215      INFO  main            d.u.i.k.p.r.p.TestFile    ... finished proof: closed. 
24348      INFO  main            d.u.i.k.p.r.p.TestFile    Now processing file /home/runner/work/key/key/key.core/../key.ui/examples/index/../InformationFlow/LoopInvariants/loop.IFLoopExamples(loop.IFLoopExamples__insecure_doubleNestedWhile2(int)).Non-interference contract.0.m.key 
27499      INFO  main            d.u.i.k.m.s.ProofScriptEngine 1: 'macro 'infflow-autopilot'' 
251122     INFO  main            d.u.i.k.p.r.p.TestFile    ... finished proof: open goal(s) 
251312     INFO  main            d.u.i.k.p.r.p.TestFile    Now processing file /home/runner/work/key/key/key.core/../key.ui/examples/index/../InformationFlow/LoopInvariants/loop.IFLoopExamples(loop.IFLoopExamples__insecure_doubleNestedWhile(int)).Non-interference contract.0.m.key 
254326     INFO  main            d.u.i.k.m.s.ProofScriptEngine 1: 'macro 'infflow-autopilot'' 
259109     INFO  main            d.u.i.k.p.r.p.TestFile    ... finished proof: open goal(s) 
259259     INFO  main            d.u.i.k.p.r.p.TestFile    Now processing file /home/runner/work/key/key/key.core/../key.ui/examples/index/../InformationFlow/LoopInvariants/loop.IFLoopExamples(loop.IFLoopExamples__secure_doubleNestedWhile(int)).Non-interference contract.0.m.key 
262358     INFO  main            d.u.i.k.m.s.ProofScriptEngine 1: 'macro 'infflow-autopilot'' 
266582     INFO  main            d.u.i.k.p.r.p.TestFile    ... finished proof: closed. 
266730     INFO  main            d.u.i.k.p.r.p.TestFile    Now processing file /home/runner/work/key/key/key.core/../key.ui/examples/index/../InformationFlow/LoopInvariants/loop.IFLoopExamples(loop.IFLoopExamples__secure_nestedTwoWhile(int)).Non-interference contract.0.m.key 
269713     INFO  main            d.u.i.k.m.s.ProofScriptEngine 1: 'macro 'infflow-autopilot'' 
273194     INFO  main            d.u.i.k.p.r.p.TestFile    ... finished proof: closed. 
273342     INFO  main            d.u.i.k.p.r.p.TestFile    Now processing file /home/runner/work/key/key/key.core/../key.ui/examples/index/../InformationFlow/LoopInvariants/loop.IFLoopExamples(loop.IFLoopExamples__secure_nestedWhile(int)).Non-interference contract.0.m.key 
276377     INFO  main            d.u.i.k.m.s.ProofScriptEngine 1: 'macro 'infflow-autopilot'' 
278788     INFO  main            d.u.i.k.p.r.p.TestFile    ... finished proof: closed. 
278947     INFO  main            d.u.i.k.p.r.p.TestFile    Now processing file /home/runner/work/key/key/key.core/../key.ui/examples/index/../InformationFlow/LoopInvariants/loop.IFLoopExamples(loop.IFLoopExamples__notSecure_while(int)).Non-interference contract.0.m.key 
281980     INFO  main            d.u.i.k.m.s.ProofScriptEngine 1: 'macro 'infflow-autopilot'' 
284561     INFO  main            d.u.i.k.p.r.p.TestFile    ... finished proof: open goal(s) 
284724     INFO  main            d.u.i.k.p.r.p.TestFile    Now processing file /home/runner/work/key/key/key.core/../key.ui/examples/index/../InformationFlow/LoopInvariants/loop.IFLoopExamples(loop.IFLoopExamples__notSecure_while_wrongInv(int)).Non-interference contract.0.m.key 
287730     INFO  main            d.u.i.k.m.s.ProofScriptEngine 1: 'macro 'infflow-autopilot'' 
289381     INFO  main            d.u.i.k.p.r.p.TestFile    ... finished proof: open goal(s) 
289543     INFO  main            d.u.i.k.p.r.p.TestFile    Now processing file /home/runner/work/key/key/key.core/../key.ui/examples/index/../InformationFlow/LoopInvariants/loop.IFLoopExamples(loop.IFLoopExamples__insecure_twoWhile(int)).Non-interference contract.0.m.key 
292551     INFO  main            d.u.i.k.m.s.ProofScriptEngine 1: 'macro 'infflow-autopilot'' 
294207     INFO  main            d.u.i.k.p.r.p.TestFile    ... finished proof: open goal(s) 
294372     INFO  main            d.u.i.k.p.r.p.TestFile    Now processing file /home/runner/work/key/key/key.core/../key.ui/examples/index/../InformationFlow/LoopInvariants/loop.IFLoopExamples(loop.IFLoopExamples__insecure_twoWhile_2(int)).Non-interference contract.0.m.key 
297371     INFO  main            d.u.i.k.m.s.ProofScriptEngine 1: 'macro 'infflow-autopilot'' 
299557     INFO  main            d.u.i.k.p.r.p.TestFile    ... finished proof: open goal(s) 
299731     INFO  main            d.u.i.k.p.r.p.TestFile    Now processing file /home/runner/work/key/key/key.core/../key.ui/examples/index/../InformationFlow/LoopInvariants/loop.IFLoopExamples(loop.IFLoopExamples__secure_twoWhile(int)).Non-interference contract.0.m.key 
302723     INFO  main            d.u.i.k.m.s.ProofScriptEngine 1: 'macro 'infflow-autopilot'' 
304167     INFO  main            d.u.i.k.p.r.p.TestFile    ... finished proof: closed. 
304333     INFO  main            d.u.i.k.p.r.p.TestFile    Now processing file /home/runner/work/key/key/key.core/../key.ui/examples/index/../InformationFlow/LoopInvariants/loop.IFLoopExamples(loop.IFLoopExamples__loc_secure_while(int)).Non-interference contract.0.m.key 
307342     INFO  main            d.u.i.k.m.s.ProofScriptEngine 1: 'macro 'infflow-autopilot'' 
308264     INFO  main            d.u.i.k.p.r.p.TestFile    ... finished proof: closed. 
308429     INFO  main            d.u.i.k.p.r.p.TestFile    Now processing file /home/runner/work/key/key/key.core/../key.ui/examples/index/../InformationFlow/LoopInvariants/loop.IFLoopExamples(loop.IFLoopExamples__secure_while(int)).Non-interference contract.0.m.key 
311404     INFO  main            d.u.i.k.m.s.ProofScriptEngine 1: 'macro 'infflow-autopilot'' 
312105     INFO  main            d.u.i.k.p.r.p.TestFile    ... finished proof: closed. 
312279     INFO  main            d.u.i.k.p.r.p.TestFile    Now processing file /home/runner/work/key/key/key.core/../key.ui/examples/index/../InformationFlow/LoopInvariants/loop.IFLoopExamples(loop.IFLoopExamples__print(int)).Non-interference contract.0.m.key 
315239     INFO  main            d.u.i.k.m.s.ProofScriptEngine 1: 'macro 'infflow-autopilot'' 
315326     INFO  main            d.u.i.k.p.r.p.TestFile    ... finished proof: closed. 
315493     INFO  main            d.u.i.k.p.r.p.TestFile    Now processing file /home/runner/work/key/key/key.core/../key.ui/examples/index/../InformationFlow/LoopInvariants/loop.IFLoopExamples(loop.IFLoopExamples__hammer(int)).Non-interference contract.0.m.key 
318478     INFO  main            d.u.i.k.m.s.ProofScriptEngine 1: 'macro 'infflow-autopilot'' 
319757     INFO  main            d.u.i.k.p.r.p.TestFile    ... finished proof: closed. 
2266592    INFO  Test worker     d.u.i.k.p.r.RunAllProofsTestUnit Returning from test InformationFlow_fullmacro 
2266592    INFO  Test worker     d.u.i.k.p.r.RunAllProofsTestUnit Running test MiniExamples_fullmacro 
351        INFO  Timeout watchdog d.u.i.k.p.r.p.ForkedTestFileRunner Timeout watcher launched (1000 secs.) 
363        WARN  main            d.u.i.k.s.ProofSettings   The settings in /home/runner/.key/proof-settings.props are *not* read. 
370        INFO  main            d.u.i.k.p.r.p.TestFile    Now processing file /home/runner/work/key/key/key.core/../key.ui/examples/index/../InformationFlow/MiniExamples/mini.AliasingExamples(mini.AliasingExamples__insecure_1(mini.AliasingExamples,mini.AliasingExamples,int)).Non-interference contract.0.m.key 
9566       INFO  main            d.u.i.k.m.s.ProofScriptEngine 1: 'macro 'infflow-autopilot'' 
10749      INFO  main            d.u.i.k.p.r.p.TestFile    ... finished proof: open goal(s) 
10865      INFO  main            d.u.i.k.p.r.p.TestFile    Now processing file /home/runner/work/key/key/key.core/../key.ui/examples/index/../InformationFlow/MiniExamples/mini.AliasingExamples(mini.AliasingExamples__secure_1(mini.AliasingExamples,mini.AliasingExamples,int)).Non-interference contract.0.m.key 
14115      INFO  main            d.u.i.k.m.s.ProofScriptEngine 1: 'macro 'infflow-autopilot'' 
14594      INFO  main            d.u.i.k.p.r.p.TestFile    ... finished proof: closed. 
14710      INFO  main            d.u.i.k.p.r.p.TestFile    Now processing file /home/runner/work/key/key/key.core/../key.ui/examples/index/../InformationFlow/MiniExamples/mini.MiniExamplesLecture(mini.MiniExamplesLecture__m_6()).Non-interference contract.0.m.key 
17567      INFO  main            d.u.i.k.m.s.ProofScriptEngine 1: 'macro 'infflow-autopilot'' 
17722      INFO  main            d.u.i.k.p.r.p.TestFile    ... finished proof: closed. 
17846      INFO  main            d.u.i.k.p.r.p.TestFile    Now processing file /home/runner/work/key/key/key.core/../key.ui/examples/index/../InformationFlow/MiniExamples/mini.MiniExamplesLecture(mini.MiniExamplesLecture__m_5()).Non-interference contract.0.m.key 
20703      INFO  main            d.u.i.k.m.s.ProofScriptEngine 1: 'macro 'infflow-autopilot'' 
20890      INFO  main            d.u.i.k.p.r.p.TestFile    ... finished proof: closed. 
21018      INFO  main            d.u.i.k.p.r.p.TestFile    Now processing file /home/runner/work/key/key/key.core/../key.ui/examples/index/../InformationFlow/MiniExamples/mini.MiniExamplesLecture(mini.MiniExamplesLecture__m_4()).Non-interference contract.0.m.key 
23858      INFO  main            d.u.i.k.m.s.ProofScriptEngine 1: 'macro 'infflow-autopilot'' 
24014      INFO  main            d.u.i.k.p.r.p.TestFile    ... finished proof: closed. 
24150      INFO  main            d.u.i.k.p.r.p.TestFile    Now processing file /home/runner/work/key/key/key.core/../key.ui/examples/index/../InformationFlow/MiniExamples/mini.MiniExamplesLecture(mini.MiniExamplesLecture__m_3()).Non-interference contract.0.m.key 
26902      INFO  main            d.u.i.k.m.s.ProofScriptEngine 1: 'macro 'infflow-autopilot'' 
27241      INFO  main            d.u.i.k.p.r.p.TestFile    ... finished proof: open goal(s) 
27378      INFO  main            d.u.i.k.p.r.p.TestFile    Now processing file /home/runner/work/key/key/key.core/../key.ui/examples/index/../InformationFlow/MiniExamples/mini.MiniExamplesLecture(mini.MiniExamplesLecture__m_2()).Non-interference contract.0.m.key 
30127      INFO  main            d.u.i.k.m.s.ProofScriptEngine 1: 'macro 'infflow-autopilot'' 
30347      INFO  main            d.u.i.k.p.r.p.TestFile    ... finished proof: closed. 
30557      INFO  main            d.u.i.k.p.r.p.TestFile    Now processing file /home/runner/work/key/key/key.core/../key.ui/examples/index/../InformationFlow/MiniExamples/mini.MiniExamplesLecture(mini.MiniExamplesLecture__m_1()).Non-interference contract.0.m.key 
33308      INFO  main            d.u.i.k.m.s.ProofScriptEngine 1: 'macro 'infflow-autopilot'' 
33462      INFO  main            d.u.i.k.p.r.p.TestFile    ... finished proof: open goal(s) 
33607      INFO  main            d.u.i.k.p.r.p.TestFile    Now processing file /home/runner/work/key/key/key.core/../key.ui/examples/index/../InformationFlow/MiniExamples/mini.DifferenceSeqLocset(mini.DifferenceSeqLocset__m()).Non-interference contract.1.m.key 
36332      INFO  main            d.u.i.k.m.s.ProofScriptEngine 1: 'macro 'infflow-autopilot'' 
36933      INFO  main            d.u.i.k.p.r.p.TestFile    ... finished proof: open goal(s) 
37094      INFO  main            d.u.i.k.p.r.p.TestFile    Now processing file /home/runner/work/key/key/key.core/../key.ui/examples/index/../InformationFlow/MiniExamples/mini.DifferenceSeqLocset(mini.DifferenceSeqLocset__m()).Non-interference contract.0.m.key 
39788      INFO  main            d.u.i.k.m.s.ProofScriptEngine 1: 'macro 'infflow-autopilot'' 
41405      INFO  main            d.u.i.k.p.r.p.TestFile    ... finished proof: open goal(s) 
41581      INFO  main            d.u.i.k.p.r.p.TestFile    Now processing file /home/runner/work/key/key/key.core/../key.ui/examples/index/../InformationFlow/MiniExamples/mini.MiniExamples(mini.MiniExamples__secure_p2_8()).Non-interference contract.0.m.key 
44268      INFO  main            d.u.i.k.m.s.ProofScriptEngine 1: 'macro 'infflow-autopilot'' 
44558      INFO  main            d.u.i.k.p.r.p.TestFile    ... finished proof: closed. 
44708      INFO  main            d.u.i.k.p.r.p.TestFile    Now processing file /home/runner/work/key/key/key.core/../key.ui/examples/index/../InformationFlow/MiniExamples/mini.MiniExamples(mini.MiniExamples__secure_parameter(int)).Non-interference contract.0.m.key 
47421      INFO  main            d.u.i.k.m.s.ProofScriptEngine 1: 'macro 'infflow-autopilot'' 
47547      INFO  main            d.u.i.k.p.r.p.TestFile    ... finished proof: closed. 
47701      INFO  main            d.u.i.k.p.r.p.TestFile    Now processing file /home/runner/work/key/key/key.core/../key.ui/examples/index/../InformationFlow/MiniExamples/mini.MiniExamples(mini.MiniExamples__secure_p2_7()).Non-interference contract.0.m.key 
50367      INFO  main            d.u.i.k.m.s.ProofScriptEngine 1: 'macro 'infflow-autopilot'' 
50606      INFO  main            d.u.i.k.p.r.p.TestFile    ... finished proof: closed. 
50762      INFO  main            d.u.i.k.p.r.p.TestFile    Now processing file /home/runner/work/key/key/key.core/../key.ui/examples/index/../InformationFlow/MiniExamples/mini.MiniExamples(mini.MiniExamples__insecure_p2_2()).Non-interference contract.0.m.key 
53400      INFO  main            d.u.i.k.m.s.ProofScriptEngine 1: 'macro 'infflow-autopilot'' 
53645      INFO  main            d.u.i.k.p.r.p.TestFile    ... finished proof: open goal(s) 
53806      INFO  main            d.u.i.k.p.r.p.TestFile    Now processing file /home/runner/work/key/key/key.core/../key.ui/examples/index/../InformationFlow/MiniExamples/mini.MiniExamples(mini.MiniExamples__secure_p2_6()).Non-interference contract.0.m.key 
56458      INFO  main            d.u.i.k.m.s.ProofScriptEngine 1: 'macro 'infflow-autopilot'' 
56536      INFO  main            d.u.i.k.p.r.p.TestFile    ... finished proof: closed. 
56746      INFO  main            d.u.i.k.p.r.p.TestFile    Now processing file /home/runner/work/key/key/key.core/../key.ui/examples/index/../InformationFlow/MiniExamples/mini.MiniExamples(mini.MiniExamples__secure_p2_5()).Non-interference contract.0.m.key 
59423      INFO  main            d.u.i.k.m.s.ProofScriptEngine 1: 'macro 'infflow-autopilot'' 
59548      INFO  main            d.u.i.k.p.r.p.TestFile    ... finished proof: closed. 
59719      INFO  main            d.u.i.k.p.r.p.TestFile    Now processing file /home/runner/work/key/key/key.core/../key.ui/examples/index/../InformationFlow/MiniExamples/mini.MiniExamples(mini.MiniExamples__secure_p2_4()).Non-interference contract.0.m.key 
62363      INFO  main            d.u.i.k.m.s.ProofScriptEngine 1: 'macro 'infflow-autopilot'' 
62478      INFO  main            d.u.i.k.p.r.p.TestFile    ... finished proof: closed. 
62671      INFO  main            d.u.i.k.p.r.p.TestFile    Now processing file /home/runner/work/key/key/key.core/../key.ui/examples/index/../InformationFlow/MiniExamples/mini.MiniExamples(mini.MiniExamples__secure_p2_3()).Non-interference contract.0.m.key 
65303      INFO  main            d.u.i.k.m.s.ProofScriptEngine 1: 'macro 'infflow-autopilot'' 
65409      INFO  main            d.u.i.k.p.r.p.TestFile    ... finished proof: closed. 
65584      INFO  main            d.u.i.k.p.r.p.TestFile    Now processing file /home/runner/work/key/key/key.core/../key.ui/examples/index/../InformationFlow/MiniExamples/mini.MiniExamples(mini.MiniExamples__secure_p2_2()).Non-interference contract.0.m.key 
68246      INFO  main            d.u.i.k.m.s.ProofScriptEngine 1: 'macro 'infflow-autopilot'' 
68335      INFO  main            d.u.i.k.p.r.p.TestFile    ... finished proof: closed. 
68510      INFO  main            d.u.i.k.p.r.p.TestFile    Now processing file /home/runner/work/key/key/key.core/../key.ui/examples/index/../InformationFlow/MiniExamples/mini.MiniExamples(mini.MiniExamples__secure_p2_1()).Non-interference contract.0.m.key 
71140      INFO  main            d.u.i.k.m.s.ProofScriptEngine 1: 'macro 'infflow-autopilot'' 
71222      INFO  main            d.u.i.k.p.r.p.TestFile    ... finished proof: closed. 
71414      INFO  main            d.u.i.k.p.r.p.TestFile    Now processing file /home/runner/work/key/key/key.core/../key.ui/examples/index/../InformationFlow/MiniExamples/mini.MiniExamples(mini.MiniExamples__insecure_p2_1()).Non-interference contract.0.m.key 
74039      INFO  main            d.u.i.k.m.s.ProofScriptEngine 1: 'macro 'infflow-autopilot'' 
74157      INFO  main            d.u.i.k.p.r.p.TestFile    ... finished proof: open goal(s) 
74337      INFO  main            d.u.i.k.p.r.p.TestFile    Now processing file /home/runner/work/key/key/key.core/../key.ui/examples/index/../InformationFlow/MiniExamples/mini.MiniExamples(mini.MiniExamples__secure_p1_6()).Non-interference contract.0.m.key 
76959      INFO  main            d.u.i.k.m.s.ProofScriptEngine 1: 'macro 'infflow-autopilot'' 
77091      INFO  main            d.u.i.k.p.r.p.TestFile    ... finished proof: closed. 
77269      INFO  main            d.u.i.k.p.r.p.TestFile    Now processing file /home/runner/work/key/key/key.core/../key.ui/examples/index/../InformationFlow/MiniExamples/mini.MiniExamples(mini.MiniExamples__secure_p1_5()).Non-interference contract.0.m.key 
79936      INFO  main            d.u.i.k.m.s.ProofScriptEngine 1: 'macro 'infflow-autopilot'' 
80194      INFO  main            d.u.i.k.p.r.p.TestFile    ... finished proof: closed. 
80391      INFO  main            d.u.i.k.p.r.p.TestFile    Now processing file /home/runner/work/key/key/key.core/../key.ui/examples/index/../InformationFlow/MiniExamples/mini.MiniExamples(mini.MiniExamples__secure_p1_4()).Non-interference contract.0.m.key 
83060      INFO  main            d.u.i.k.m.s.ProofScriptEngine 1: 'macro 'infflow-autopilot'' 
83260      INFO  main            d.u.i.k.p.r.p.TestFile    ... finished proof: closed. 
83454      INFO  main            d.u.i.k.p.r.p.TestFile    Now processing file /home/runner/work/key/key/key.core/../key.ui/examples/index/../InformationFlow/MiniExamples/mini.MiniExamples(mini.MiniExamples__secure_p1_3()).Non-interference contract.0.m.key 
86051      INFO  main            d.u.i.k.m.s.ProofScriptEngine 1: 'macro 'infflow-autopilot'' 
86197      INFO  main            d.u.i.k.p.r.p.TestFile    ... finished proof: closed. 
86398      INFO  main            d.u.i.k.p.r.p.TestFile    Now processing file /home/runner/work/key/key/key.core/../key.ui/examples/index/../InformationFlow/MiniExamples/mini.MiniExamples(mini.MiniExamples__secure_p1_2()).Non-interference contract.0.m.key 
88985      INFO  main            d.u.i.k.m.s.ProofScriptEngine 1: 'macro 'infflow-autopilot'' 
89218      INFO  main            d.u.i.k.p.r.p.TestFile    ... finished proof: closed. 
89422      INFO  main            d.u.i.k.p.r.p.TestFile    Now processing file /home/runner/work/key/key/key.core/../key.ui/examples/index/../InformationFlow/MiniExamples/mini.MiniExamples(mini.MiniExamples__secure_p1_1()).Non-interference contract.1.m.key 
92059      INFO  main            d.u.i.k.m.s.ProofScriptEngine 1: 'macro 'infflow-autopilot'' 
92235      INFO  main            d.u.i.k.p.r.p.TestFile    ... finished proof: closed. 
92443      INFO  main            d.u.i.k.p.r.p.TestFile    Now processing file /home/runner/work/key/key/key.core/../key.ui/examples/index/../InformationFlow/MiniExamples/mini.MiniExamples(mini.MiniExamples__secure_p1_1()).Non-interference contract.0.m.key 
95039      INFO  main            d.u.i.k.m.s.ProofScriptEngine 1: 'macro 'infflow-autopilot'' 
95203      INFO  main            d.u.i.k.p.r.p.TestFile    ... finished proof: closed. 
95456      INFO  main            d.u.i.k.p.r.p.TestFile    Now processing file /home/runner/work/key/key/key.core/../key.ui/examples/index/../InformationFlow/MiniExamples/mini.MiniExamples(mini.MiniExamples__insecure_p1_2()).Non-interference contract.0.m.key 
98104      INFO  main            d.u.i.k.m.s.ProofScriptEngine 1: 'macro 'infflow-autopilot'' 
98323      INFO  main            d.u.i.k.p.r.p.TestFile    ... finished proof: open goal(s) 
98572      INFO  main            d.u.i.k.p.r.p.TestFile    Now processing file /home/runner/work/key/key/key.core/../key.ui/examples/index/../InformationFlow/MiniExamples/mini.MiniExamples(mini.MiniExamples__insecure_p1_1()).Non-interference contract.0.m.key 
101145     INFO  main            d.u.i.k.m.s.ProofScriptEngine 1: 'macro 'infflow-autopilot'' 
101269     INFO  main            d.u.i.k.p.r.p.TestFile    ... finished proof: open goal(s) 
2368237    INFO  Test worker     d.u.i.k.p.r.RunAllProofsTestUnit Returning from test MiniExamples_fullmacro 
2368238    INFO  Test worker     d.u.i.k.p.r.RunAllProofsTestUnit Running test NewObjects_fullmacro 
352        INFO  Timeout watchdog d.u.i.k.p.r.p.ForkedTestFileRunner Timeout watcher launched (1000 secs.) 
366        WARN  main            d.u.i.k.s.ProofSettings   The settings in /home/runner/.key/proof-settings.props are *not* read. 
374        INFO  main            d.u.i.k.p.r.p.TestFile    Now processing file /home/runner/work/key/key/key.core/../key.ui/examples/index/../InformationFlow/NewObjects/object.AmtoftBanerjee3(object.AmtoftBanerjee3__m()).Non-interference contract.0.m.key 
9083       INFO  main            d.u.i.k.m.s.ProofScriptEngine 1: 'macro 'infflow-autopilot'' 
9947       INFO  main            d.u.i.k.p.r.p.TestFile    ... finished proof: closed. 
10059      INFO  main            d.u.i.k.p.r.p.TestFile    Now processing file /home/runner/work/key/key/key.core/../key.ui/examples/index/../InformationFlow/NewObjects/object.AmtoftBanerjee(object.AmtoftBanerjee__m_2()).Non-interference contract.0.m.key 
13331      INFO  main            d.u.i.k.m.s.ProofScriptEngine 1: 'macro 'infflow-autopilot'' 
14492      INFO  main            d.u.i.k.p.r.p.TestFile    ... finished proof: closed. 
14648      INFO  main            d.u.i.k.p.r.p.TestFile    Now processing file /home/runner/work/key/key/key.core/../key.ui/examples/index/../InformationFlow/NewObjects/object.AmtoftBanerjee(object.AmtoftBanerjee__m_1()).Non-interference contract.1.m.key 
17713      INFO  main            d.u.i.k.m.s.ProofScriptEngine 1: 'macro 'infflow-autopilot'' 
18258      INFO  main            d.u.i.k.p.r.p.TestFile    ... finished proof: open goal(s) 
18390      INFO  main            d.u.i.k.p.r.p.TestFile    Now processing file /home/runner/work/key/key/key.core/../key.ui/examples/index/../InformationFlow/NewObjects/object.AmtoftBanerjee(object.AmtoftBanerjee__m_1()).Non-interference contract.0.m.key 
21492      INFO  main            d.u.i.k.m.s.ProofScriptEngine 1: 'macro 'infflow-autopilot'' 
21942      INFO  main            d.u.i.k.p.r.p.TestFile    ... finished proof: closed. 
22082      INFO  main            d.u.i.k.p.r.p.TestFile    Now processing file /home/runner/work/key/key/key.core/../key.ui/examples/index/../InformationFlow/NewObjects/object.AmtoftBanerjee(object.AmtoftBanerjee__getQ()).Non-interference contract.0.m.key 
25028      INFO  main            d.u.i.k.m.s.ProofScriptEngine 1: 'macro 'infflow-autopilot'' 
25148      INFO  main            d.u.i.k.p.r.p.TestFile    ... finished proof: closed. 
25290      INFO  main            d.u.i.k.p.r.p.TestFile    Now processing file /home/runner/work/key/key/key.core/../key.ui/examples/index/../InformationFlow/NewObjects/object.Naumann(object.Naumann__Pair_m(int,int)).Non-interference contract.0.m.key 
28263      INFO  main            d.u.i.k.m.s.ProofScriptEngine 1: 'macro 'infflow-autopilot'' 
39649      INFO  main            d.u.i.k.p.r.p.TestFile    ... finished proof: closed. 
39842      INFO  main            d.u.i.k.p.r.p.TestFile    Now processing file /home/runner/work/key/key/key.core/../key.ui/examples/index/../InformationFlow/NewObjects/object.ObjectOrientation(object.ObjectOrientation__secure_while_i((Ljava.lang.Object)).Non-interference contract.0.m.key 
42757      INFO  main            d.u.i.k.m.s.ProofScriptEngine 1: 'macro 'infflow-autopilot'' 
49064      INFO  main            d.u.i.k.p.r.p.TestFile    ... finished proof: closed. 
49264      INFO  main            d.u.i.k.p.r.p.TestFile    Now processing file /home/runner/work/key/key/key.core/../key.ui/examples/index/../InformationFlow/NewObjects/object.ObjectOrientation(object.ObjectOrientation__secure_method_call()).Non-interference contract.0.m.key 
52149      INFO  main            d.u.i.k.m.s.ProofScriptEngine 1: 'macro 'infflow-autopilot'' 
52605      INFO  main            d.u.i.k.p.r.p.TestFile    ... finished proof: closed. 
52802      INFO  main            d.u.i.k.p.r.p.TestFile    Now processing file /home/runner/work/key/key/key.core/../key.ui/examples/index/../InformationFlow/NewObjects/object.ObjectOrientation(object.ObjectOrientation__if_two_object_creation_next()).Non-interference contract.1.m.key 
55666      INFO  main            d.u.i.k.m.s.ProofScriptEngine 1: 'macro 'infflow-autopilot'' 
85722      INFO  main            d.u.i.k.p.r.p.TestFile    ... finished proof: open goal(s) 
85924      INFO  main            d.u.i.k.p.r.p.TestFile    Now processing file /home/runner/work/key/key/key.core/../key.ui/examples/index/../InformationFlow/NewObjects/object.ObjectOrientation(object.ObjectOrientation__if_two_object_creation_next()).Non-interference contract.0.m.key 
88772      INFO  main            d.u.i.k.m.s.ProofScriptEngine 1: 'macro 'infflow-autopilot'' 
101097     INFO  main            d.u.i.k.p.r.p.TestFile    ... finished proof: closed. 
101317     INFO  main            d.u.i.k.p.r.p.TestFile    Now processing file /home/runner/work/key/key/key.core/../key.ui/examples/index/../InformationFlow/NewObjects/object.ObjectOrientation(object.ObjectOrientation__secure_if_two_object_creation()).Non-interference contract.0.m.key 
104188     INFO  main            d.u.i.k.m.s.ProofScriptEngine 1: 'macro 'infflow-autopilot'' 
116394     INFO  main            d.u.i.k.p.r.p.TestFile    ... finished proof: closed. 
116606     INFO  main            d.u.i.k.p.r.p.TestFile    Now processing file /home/runner/work/key/key/key.core/../key.ui/examples/index/../InformationFlow/NewObjects/object.ObjectOrientation(object.ObjectOrientation__insecure_two_object_creation()).Non-interference contract.0.m.key 
119479     INFO  main            d.u.i.k.m.s.ProofScriptEngine 1: 'macro 'infflow-autopilot'' 
148429     INFO  main            d.u.i.k.p.r.p.TestFile    ... finished proof: open goal(s) 
148647     INFO  main            d.u.i.k.p.r.p.TestFile    Now processing file /home/runner/work/key/key/key.core/../key.ui/examples/index/../InformationFlow/NewObjects/object.ObjectOrientation(object.ObjectOrientation__secure_two_object_creation()).Non-interference contract.0.m.key 
151443     INFO  main            d.u.i.k.m.s.ProofScriptEngine 1: 'macro 'infflow-autopilot'' 
161397     INFO  main            d.u.i.k.p.r.p.TestFile    ... finished proof: closed. 
161602     INFO  main            d.u.i.k.p.r.p.TestFile    Now processing file /home/runner/work/key/key/key.core/../key.ui/examples/index/../InformationFlow/NewObjects/object.ObjectOrientation(object.ObjectOrientation__insecure_object_assignment()).Non-interference contract.1.m.key 
164405     INFO  main            d.u.i.k.m.s.ProofScriptEngine 1: 'macro 'infflow-autopilot'' 
172953     INFO  main            d.u.i.k.p.r.p.TestFile    ... finished proof: open goal(s) 
173154     INFO  main            d.u.i.k.p.r.p.TestFile    Now processing file /home/runner/work/key/key/key.core/../key.ui/examples/index/../InformationFlow/NewObjects/object.ObjectOrientation(object.ObjectOrientation__insecure_object_assignment()).Non-interference contract.0.m.key 
176013     INFO  main            d.u.i.k.m.s.ProofScriptEngine 1: 'macro 'infflow-autopilot'' 
176227     INFO  main            d.u.i.k.p.r.p.TestFile    ... finished proof: open goal(s) 
176398     INFO  main            d.u.i.k.p.r.p.TestFile    Now processing file /home/runner/work/key/key/key.core/../key.ui/examples/index/../InformationFlow/NewObjects/object.ObjectOrientation(object.ObjectOrientation__secure_object_creation_3()).Non-interference contract.0.m.key 
179289     INFO  main            d.u.i.k.m.s.ProofScriptEngine 1: 'macro 'infflow-autopilot'' 
179700     INFO  main            d.u.i.k.p.r.p.TestFile    ... finished proof: closed. 
179884     INFO  main            d.u.i.k.p.r.p.TestFile    Now processing file /home/runner/work/key/key/key.core/../key.ui/examples/index/../InformationFlow/NewObjects/object.ObjectOrientation(object.ObjectOrientation__secure_object_creation_2()).Non-interference contract.0.m.key 
182770     INFO  main            d.u.i.k.m.s.ProofScriptEngine 1: 'macro 'infflow-autopilot'' 
183037     INFO  main            d.u.i.k.p.r.p.TestFile    ... finished proof: closed. 
183232     INFO  main            d.u.i.k.p.r.p.TestFile    Now processing file /home/runner/work/key/key/key.core/../key.ui/examples/index/../InformationFlow/NewObjects/object.ObjectOrientation(object.ObjectOrientation__secure_object_creation()).Non-interference contract.0.m.key 
186083     INFO  main            d.u.i.k.m.s.ProofScriptEngine 1: 'macro 'infflow-autopilot'' 
186436     INFO  main            d.u.i.k.p.r.p.TestFile    ... finished proof: closed. 
186630     INFO  main            d.u.i.k.p.r.p.TestFile    Now processing file /home/runner/work/key/key/key.core/../key.ui/examples/index/../InformationFlow/NewObjects/object.AmtoftBanerjee2(object.AmtoftBanerjee2__expensive(int)).Non-interference contract.0.m.key 
189447     INFO  main            d.u.i.k.m.s.ProofScriptEngine 1: 'macro 'infflow-autopilot'' 
189540     INFO  main            d.u.i.k.p.r.p.TestFile    ... finished proof: closed. 
189719     INFO  main            d.u.i.k.p.r.p.TestFile    Now processing file /home/runner/work/key/key/key.core/../key.ui/examples/index/../InformationFlow/NewObjects/object.AmtoftBanerjee2(object.AmtoftBanerjee2__cexp(int)).Non-interference contract.0.m.key 
192547     INFO  main            d.u.i.k.m.s.ProofScriptEngine 1: 'macro 'infflow-autopilot'' 
194057     INFO  main            d.u.i.k.p.r.p.TestFile    ... finished proof: closed. 
2562693    INFO  Test worker     d.u.i.k.p.r.RunAllProofsTestUnit Returning from test NewObjects_fullmacro 
2562694    INFO  Test worker     d.u.i.k.p.r.RunAllProofsTestUnit Running test SimpleEvoting_fullmacro 
347        INFO  Timeout watchdog d.u.i.k.p.r.p.ForkedTestFileRunner Timeout watcher launched (1000 secs.) 
347        WARN  main            d.u.i.k.s.ProofSettings   The settings in /home/runner/.key/proof-settings.props are *not* read. 
361        INFO  main            d.u.i.k.p.r.p.TestFile    Now processing file /home/runner/work/key/key/key.core/../key.ui/examples/index/../InformationFlow/SimpleEvoting/simple_evoting.Environment(simple_evoting.Environment__untrustedOutputMessage((B)).Non-interference contract.0.m.key 
9134       INFO  main            d.u.i.k.m.s.ProofScriptEngine 1: 'macro 'infflow-autopilot'' 
14360      INFO  main            d.u.i.k.p.r.p.TestFile    ... finished proof: closed. 
14495      INFO  main            d.u.i.k.p.r.p.TestFile    Now processing file /home/runner/work/key/key/key.core/../key.ui/examples/index/../InformationFlow/SimpleEvoting/simple_evoting.Environment(simple_evoting.Environment__untrustedInputMessage()).Non-interference contract.0.m.key 
18086      INFO  main            d.u.i.k.m.s.ProofScriptEngine 1: 'macro 'infflow-autopilot'' 
20643      INFO  main            d.u.i.k.p.r.p.TestFile    ... finished proof: closed. 
20820      INFO  main            d.u.i.k.p.r.p.TestFile    Now processing file /home/runner/work/key/key/key.core/../key.ui/examples/index/../InformationFlow/SimpleEvoting/simple_evoting.Environment(simple_evoting.Environment__untrustedOutput(int)).Non-interference contract.0.m.key 
24073      INFO  main            d.u.i.k.m.s.ProofScriptEngine 1: 'macro 'infflow-autopilot'' 
24165      INFO  main            d.u.i.k.p.r.p.TestFile    ... finished proof: closed. 
24332      INFO  main            d.u.i.k.p.r.p.TestFile    Now processing file /home/runner/work/key/key/key.core/../key.ui/examples/index/../InformationFlow/SimpleEvoting/simple_evoting.Environment(simple_evoting.Environment__untrustedInput(int)).Non-interference contract.0.m.key 
27544      INFO  main            d.u.i.k.m.s.ProofScriptEngine 1: 'macro 'infflow-autopilot'' 
27635      INFO  main            d.u.i.k.p.r.p.TestFile    ... finished proof: open goal(s) 
27772      INFO  main            d.u.i.k.p.r.p.TestFile    Now processing file /home/runner/work/key/key/key.core/../key.ui/examples/index/../InformationFlow/SimpleEvoting/simple_evoting.Environment(simple_evoting.Environment__untrustedInput()).Non-interference contract.0.m.key 
30941      INFO  main            d.u.i.k.m.s.ProofScriptEngine 1: 'macro 'infflow-autopilot'' 
31062      INFO  main            d.u.i.k.p.r.p.TestFile    ... finished proof: open goal(s) 
31208      INFO  main            d.u.i.k.p.r.p.TestFile    Now processing file /home/runner/work/key/key/key.core/../key.ui/examples/index/../InformationFlow/SimpleEvoting/simple_evoting.SMT(simple_evoting.SMT__send(simple_evoting.Message,int,simple_evoting.Server)).Non-interference contract.1.m.key 
34333      INFO  main            d.u.i.k.m.s.ProofScriptEngine 1: 'macro 'infflow-autopilot'' 
78322      INFO  main            d.u.i.k.p.r.p.TestFile    ... finished proof: closed. 
78581      INFO  main            d.u.i.k.p.r.p.TestFile    Now processing file /home/runner/work/key/key/key.core/../key.ui/examples/index/../InformationFlow/SimpleEvoting/simple_evoting.SMT(simple_evoting.SMT__send(simple_evoting.Message,int,simple_evoting.Server)).Non-interference contract.0.m.key 
81628      INFO  main            d.u.i.k.m.s.ProofScriptEngine 1: 'macro 'infflow-autopilot'' 
127826     INFO  main            d.u.i.k.p.r.p.TestFile    ... finished proof: closed. 
128063     INFO  main            d.u.i.k.p.r.p.TestFile    Now processing file /home/runner/work/key/key/key.core/../key.ui/examples/index/../InformationFlow/SimpleEvoting/simple_evoting.SMTEnv(simple_evoting.SMTEnv__send(int,int,int,simple_evoting.Server,int)).Non-interference contract.0.m.key 
131102     INFO  main            d.u.i.k.m.s.ProofScriptEngine 1: 'macro 'infflow-autopilot'' 
132535     INFO  main            d.u.i.k.p.r.p.TestFile    ... finished proof: closed. 
132718     INFO  main            d.u.i.k.p.r.p.TestFile    Now processing file /home/runner/work/key/key/key.core/../key.ui/examples/index/../InformationFlow/SimpleEvoting/simple_evoting.NetworkClient(simple_evoting.NetworkClient__send((B,simple_evoting.Server,int)).Non-interference contract.0.m.key 
135765     INFO  main            d.u.i.k.m.s.ProofScriptEngine 1: 'macro 'infflow-autopilot'' 
136851     INFO  main            d.u.i.k.p.r.p.TestFile    ... finished proof: closed. 
137044     INFO  main            d.u.i.k.p.r.p.TestFile    Now processing file /home/runner/work/key/key/key.core/../key.ui/examples/index/../InformationFlow/SimpleEvoting/simple_evoting.Voter(simple_evoting.Voter__onSendBallot(simple_evoting.Server)).Non-interference contract.1.m.key 
140106     INFO  main            d.u.i.k.m.s.ProofScriptEngine 1: 'macro 'infflow-autopilot'' 
157610     INFO  main            d.u.i.k.p.r.p.TestFile    ... finished proof: closed. 
157830     INFO  main            d.u.i.k.p.r.p.TestFile    Now processing file /home/runner/work/key/key/key.core/../key.ui/examples/index/../InformationFlow/SimpleEvoting/simple_evoting.Voter(simple_evoting.Voter__onSendBallot(simple_evoting.Server)).Non-interference contract.0.m.key 
160849     INFO  main            d.u.i.k.m.s.ProofScriptEngine 1: 'macro 'infflow-autopilot'' 
180626     INFO  main            d.u.i.k.p.r.p.TestFile    ... finished proof: closed. 
2743701    INFO  Test worker     d.u.i.k.p.r.RunAllProofsTestUnit Returning from test SimpleEvoting_fullmacro 
2743742    INFO  Test worker     d.u.i.k.p.r.p.StatisticsFile /home/runner/work/key/key/key.core/../key.ui/examples/index/../InformationFlow/../../key.core/build/reports/runallproofs/Total rule apps.sum.properties is written 
2743749    INFO  Test worker     d.u.i.k.p.r.p.StatisticsFile /home/runner/work/key/key/key.core/../key.ui/examples/index/../InformationFlow/../../key.core/build/reports/runallproofs/Total rule apps.avg.properties is written 
2743750    INFO  Test worker     d.u.i.k.p.r.p.StatisticsFile /home/runner/work/key/key/key.core/../key.ui/examples/index/../InformationFlow/../../key.core/build/reports/runallproofs/Nodes.sum.properties is written 
2743750    INFO  Test worker     d.u.i.k.p.r.p.StatisticsFile /home/runner/work/key/key/key.core/../key.ui/examples/index/../InformationFlow/../../key.core/build/reports/runallproofs/Nodes.avg.properties is written 
2743750    INFO  Test worker     d.u.i.k.p.r.p.StatisticsFile /home/runner/work/key/key/key.core/../key.ui/examples/index/../InformationFlow/../../key.core/build/reports/runallproofs/Branches.sum.properties is written 
2743750    INFO  Test worker     d.u.i.k.p.r.p.StatisticsFile /home/runner/work/key/key/key.core/../key.ui/examples/index/../InformationFlow/../../key.core/build/reports/runallproofs/Branches.avg.properties is written 
2743751    INFO  Test worker     d.u.i.k.p.r.p.StatisticsFile /home/runner/work/key/key/key.core/../key.ui/examples/index/../InformationFlow/../../key.core/build/reports/runallproofs/Overall time (ms).sum.properties is written 
2743751    INFO  Test worker     d.u.i.k.p.r.p.StatisticsFile /home/runner/work/key/key/key.core/../key.ui/examples/index/../InformationFlow/../../key.core/build/reports/runallproofs/Overall time (ms).avg.properties is written 
2743751    INFO  Test worker     d.u.i.k.p.r.p.StatisticsFile /home/runner/work/key/key/key.core/../key.ui/examples/index/../InformationFlow/../../key.core/build/reports/runallproofs/Automode time (ms).sum.properties is written 
2743751    INFO  Test worker     d.u.i.k.p.r.p.StatisticsFile /home/runner/work/key/key/key.core/../key.ui/examples/index/../InformationFlow/../../key.core/build/reports/runallproofs/Automode time (ms).avg.properties is written 
2743751    INFO  Test worker     d.u.i.k.p.r.p.StatisticsFile /home/runner/work/key/key/key.core/../key.ui/examples/index/../InformationFlow/../../key.core/build/reports/runallproofs/Closed.sum.properties is written 
2743752    INFO  Test worker     d.u.i.k.p.r.p.StatisticsFile /home/runner/work/key/key/key.core/../key.ui/examples/index/../InformationFlow/../../key.core/build/reports/runallproofs/Closed.avg.properties is written 
2743752    INFO  Test worker     d.u.i.k.p.r.p.StatisticsFile /home/runner/work/key/key/key.core/../key.ui/examples/index/../InformationFlow/../../key.core/build/reports/runallproofs/Time per step (ms).sum.properties is written 
2743752    INFO  Test worker     d.u.i.k.p.r.p.StatisticsFile /home/runner/work/key/key/key.core/../key.ui/examples/index/../InformationFlow/../../key.core/build/reports/runallproofs/Time per step (ms).avg.properties is written 
2743752    INFO  Test worker     d.u.i.k.p.r.p.StatisticsFile /home/runner/work/key/key/key.core/../key.ui/examples/index/../InformationFlow/../../key.core/build/reports/runallproofs/Total Runtime Memory (kB).sum.properties is written 
2743753    INFO  Test worker     d.u.i.k.p.r.p.StatisticsFile /home/runner/work/key/key/key.core/../key.ui/examples/index/../InformationFlow/../../key.core/build/reports/runallproofs/Total Runtime Memory (kB).avg.properties is written 
2743753    INFO  Test worker     d.u.i.k.p.r.p.StatisticsFile /home/runner/work/key/key/key.core/../key.ui/examples/index/../InformationFlow/../../key.core/build/reports/runallproofs/NumberTestFiles.properties is written 
]]></system-out>
  <system-err><![CDATA[]]></system-err>
</testsuite>
