<?xml version="1.0" encoding="UTF-8"?>
<testsuite name="de.uka.ilkd.key.nparser.ExprTest" tests="23" skipped="0" failures="0" errors="0" timestamp="2023-02-08T10:39:43" hostname="fv-az408-755" time="2.072">
  <properties/>
  <testcase name="[1] seqEmpty + seqEmpty" classname="de.uka.ilkd.key.nparser.ExprTest" time="0.022"/>
  <testcase name="[2] (bprod{int y;}(1, 2, y) = 0)" classname="de.uka.ilkd.key.nparser.ExprTest" time="0.011"/>
  <testcase name="[3] 1 = 1 -&gt; 2 = 2" classname="de.uka.ilkd.key.nparser.ExprTest" time="0.01"/>
  <testcase name="[4] \&lt; { int x = 1; } \&gt; x=1" classname="de.uka.ilkd.key.nparser.ExprTest" time="0.848"/>
  <testcase name="[5] \&lt;{ int x = 1; {int s = 2;} }\&gt; x=x" classname="de.uka.ilkd.key.nparser.ExprTest" time="0.852"/>
  <testcase name="[6] true" classname="de.uka.ilkd.key.nparser.ExprTest" time="0.011"/>
  <testcase name="[7] true &amp; false" classname="de.uka.ilkd.key.nparser.ExprTest" time="0.01"/>
  <testcase name="[8] 0" classname="de.uka.ilkd.key.nparser.ExprTest" time="0.01"/>
  <testcase name="[9] 1" classname="de.uka.ilkd.key.nparser.ExprTest" time="0.009"/>
  <testcase name="[10] 42" classname="de.uka.ilkd.key.nparser.ExprTest" time="0.009"/>
  <testcase name="[11] -5" classname="de.uka.ilkd.key.nparser.ExprTest" time="0.01"/>
  <testcase name="[12] 1 + 1 = 2" classname="de.uka.ilkd.key.nparser.ExprTest" time="0.01"/>
  <testcase name="[13] \if (3=4) \then (1) \else (2)" classname="de.uka.ilkd.key.nparser.ExprTest" time="0.011"/>
  <testcase name="[14] \if (3=4 &amp; 1=1) \then (\if (3=4) \then (1) \else (2)) \else (2)" classname="de.uka.ilkd.key.nparser.ExprTest" time="0.026"/>
  <testcase name="[15] aa + bb*cc" classname="de.uka.ilkd.key.nparser.ExprTest" time="0.015"/>
  <testcase name="[16] aa%bb*cc &lt; -123" classname="de.uka.ilkd.key.nparser.ExprTest" time="0.026"/>
  <testcase name="[17] \forall int x; true" classname="de.uka.ilkd.key.nparser.ExprTest" time="0.031"/>
  <testcase name="[18] \forall numbers x; x = x" classname="de.uka.ilkd.key.nparser.ExprTest" time="0.023"/>
  <testcase name="[19] (int)3+2" classname="de.uka.ilkd.key.nparser.ExprTest" time="0.028"/>
  <testcase name="[20] 1.f + 1f = 20e-1f * (2f-1f)" classname="de.uka.ilkd.key.nparser.ExprTest" time="0.02"/>
  <testcase name="[21] 1.d + 1d &lt;= 20e+1d * .01d" classname="de.uka.ilkd.key.nparser.ExprTest" time="0.028"/>
  <testcase name="[22] 1f &lt;= 2f" classname="de.uka.ilkd.key.nparser.ExprTest" time="0.015"/>
  <testcase name="[23] 2d &gt; 1d" classname="de.uka.ilkd.key.nparser.ExprTest" time="0.012"/>
  <system-out><![CDATA[172213     WARN  Test worker     d.u.i.k.n.ExprTest        Actual Term: seqConcat(seqEmpty, seqEmpty)
 
172226     WARN  Test worker     d.u.i.k.n.ExprTest        Actual Term: bprod{int y;}(1, 2, y) = 0
 
172237     WARN  Test worker     d.u.i.k.n.ExprTest        Actual Term: 1 = 1 -> 2 = 2
 
173085     WARN  Test worker     d.u.i.k.n.ExprTest        Actual Term: \<{
    int x = 1;
  }\> x = 1
 
173938     WARN  Test worker     d.u.i.k.n.ExprTest        Actual Term: \<{
    int x = 1; {
      int s = 2;
    }
  }\> x = x
 
173949     WARN  Test worker     d.u.i.k.n.ExprTest        Actual Term: true
 
173959     WARN  Test worker     d.u.i.k.n.ExprTest        Actual Term: true & false
 
173969     WARN  Test worker     d.u.i.k.n.ExprTest        Actual Term: 0
 
173979     WARN  Test worker     d.u.i.k.n.ExprTest        Actual Term: 1
 
173988     WARN  Test worker     d.u.i.k.n.ExprTest        Actual Term: 42
 
173998     WARN  Test worker     d.u.i.k.n.ExprTest        Actual Term: -5
 
174009     WARN  Test worker     d.u.i.k.n.ExprTest        Actual Term: 1 + 1 = 2
 
174019     WARN  Test worker     d.u.i.k.n.ExprTest        Actual Term: \if (3 = 4)  \then (1)  \else (2)
 
174044     WARN  Test worker     d.u.i.k.n.ExprTest        Actual Term: \if (3 = 4 & 1 = 1)
    \then (\if (3 = 4)  \then (1)  \else (2))
    \else (2)
 
174064     WARN  Test worker     d.u.i.k.n.ExprTest        Actual Term: aa + bb * cc
 
174099     WARN  Test worker     d.u.i.k.n.ExprTest        Actual Term: aa % bb * cc < -123
 
174131     WARN  Test worker     d.u.i.k.n.ExprTest        Actual Term: \forall int x; true
 
174147     WARN  Test worker     d.u.i.k.n.ExprTest        Actual Term: \forall numbers x; x = x
 
174175     WARN  Test worker     d.u.i.k.n.ExprTest        Actual Term: (int)(3) + 2
 
174204     WARN  Test worker     d.u.i.k.n.ExprTest        Actual Term: 1.0f + 1.0f = 2.0f * (2.0f - 1.0f)
 
174226     WARN  Test worker     d.u.i.k.n.ExprTest        Actual Term: 1.0d + 1.0d <= 200.0d * 0.01d
 
174246     WARN  Test worker     d.u.i.k.n.ExprTest        Actual Term: 1.0f <= 2.0f
 
174265     WARN  Test worker     d.u.i.k.n.ExprTest        Actual Term: 2.0d > 1.0d
 
]]></system-out>
  <system-err><![CDATA[]]></system-err>
</testsuite>
