<?xml version="1.0" encoding="UTF-8"?>
<testsuite name="de.uka.ilkd.key.testcase.smt.testgen.TestTestgen" tests="1" skipped="0" failures="0" errors="0" timestamp="2023-06-05T17:10:25" hostname="fv-az250-601" time="8.084">
  <properties/>
  <testcase name="testMiddle()" classname="de.uka.ilkd.key.testcase.smt.testgen.TestTestgen" time="8.084"/>
  <system-out><![CDATA[25921      WARN  Test worker     d.u.i.k.t.s.t.TestTestgen Warning: Z3_CE is not installed, tests skipped. 
25921      WARN  Test worker     d.u.i.k.t.s.t.TestTestgen Maybe use JVM system property "z3SolverPath" to define the path to the Z3 command. 
25937      INFO  Test worker     d.u.i.k.p.i.AbstractProblemLoader Loading environment from src\test\resources\testcase\smt\tg\middle.key 
25937      DEBUG Test worker     d.u.i.k.p.i.AbstractProblemLoader Environment load took 252.3ns 
25937      INFO  Test worker     d.u.i.k.p.i.AbstractProblemLoader Creating init config 
33035      DEBUG Test worker     d.u.i.k.p.i.AbstractProblemLoader Init config took 7.09s 
33192      INFO  Test worker     d.u.i.k.p.i.AbstractProblemLoader Replaying proof Middle[Middle::middle(int,int,int)].JML normal_behavior operation contract.0 
33207      DEBUG Test worker     d.u.i.k.p.i.IntermediateProofReplayer Proof replay took 20.6ns 
]]></system-out>
  <system-err><![CDATA[]]></system-err>
</testsuite>
