<?xml version="1.0" encoding="UTF-8"?>
<testsuite name="de.uka.ilkd.key.testcase.smt.testgen.TestTestgen" tests="1" skipped="0" failures="0" errors="0" timestamp="2023-04-20T11:03:35" hostname="fv-az479-470" time="4.812">
  <properties/>
  <testcase name="testMiddle()" classname="de.uka.ilkd.key.testcase.smt.testgen.TestTestgen" time="4.812"/>
  <system-out><![CDATA[16425      WARN  Test worker     d.u.i.k.t.s.t.TestTestgen Warning: Z3_CE is not installed, tests skipped. 
16425      WARN  Test worker     d.u.i.k.t.s.t.TestTestgen Maybe use JVM system property "z3SolverPath" to define the path to the Z3 command. 
16425      INFO  Test worker     d.u.i.k.p.i.AbstractProblemLoader Loading environment from src\test\resources\testcase\smt\tg\middle.key 
16425      DEBUG Test worker     d.u.i.k.p.i.AbstractProblemLoader Environment load took 299.4ns 
16425      INFO  Test worker     d.u.i.k.p.i.AbstractProblemLoader Creating init config 
20353      DEBUG Test worker     d.u.i.k.p.i.AbstractProblemLoader Init config took 3.92s 
20462      INFO  Test worker     d.u.i.k.p.i.AbstractProblemLoader Replaying proof Middle[Middle::middle(int,int,int)].JML normal_behavior operation contract.0 
20462      DEBUG Test worker     d.u.i.k.p.i.IntermediateProofReplayer Proof replay took 20ns 
]]></system-out>
  <system-err><![CDATA[]]></system-err>
</testsuite>
