<?xml version="1.0" encoding="UTF-8"?>
<testsuite name="de.uka.ilkd.key.testcase.smt.testgen.TestTestgen" tests="1" skipped="0" failures="0" errors="0" timestamp="2023-05-02T16:49:33" hostname="fv-az456-320" time="5.252">
  <properties/>
  <testcase name="testMiddle()" classname="de.uka.ilkd.key.testcase.smt.testgen.TestTestgen" time="5.252"/>
  <system-out><![CDATA[17666      WARN  Test worker     d.u.i.k.t.s.t.TestTestgen Warning: Z3_CE is not installed, tests skipped. 
17666      WARN  Test worker     d.u.i.k.t.s.t.TestTestgen Maybe use JVM system property "z3SolverPath" to define the path to the Z3 command. 
17666      INFO  Test worker     d.u.i.k.p.i.AbstractProblemLoader Loading environment from src\test\resources\testcase\smt\tg\middle.key 
17666      DEBUG Test worker     d.u.i.k.p.i.AbstractProblemLoader Environment load took 217.7ns 
17682      INFO  Test worker     d.u.i.k.p.i.AbstractProblemLoader Creating init config 
22137      DEBUG Test worker     d.u.i.k.p.i.AbstractProblemLoader Init config took 4.46s 
22277      INFO  Test worker     d.u.i.k.p.i.AbstractProblemLoader Replaying proof Middle[Middle::middle(int,int,int)].JML normal_behavior operation contract.0 
22293      DEBUG Test worker     d.u.i.k.p.i.IntermediateProofReplayer Proof replay took 18.1ns 
]]></system-out>
  <system-err><![CDATA[]]></system-err>
</testsuite>
