<?xml version="1.0" encoding="UTF-8"?>
<testsuite name="de.uka.ilkd.key.gui.plugins.javac.JavaCompilerCheckFacadeTest" tests="1" skipped="0" failures="0" errors="0" timestamp="2023-06-15T13:56:29" hostname="fv-az365-92" time="2.275">
  <properties/>
  <testcase name="compile1()" classname="de.uka.ilkd.key.gui.plugins.javac.JavaCompilerCheckFacadeTest" time="2.275"/>
  <system-out><![CDATA[D:\a\key\key\key.ui\examples\firstTouch\06-BinarySearch\src
343        INFO  Test worker     d.u.i.k.g.p.j.JavaCompilerCheckFacade Javac check is triggered. To disable use property -PKEY_JAVAC_DISABLE=true 
2226       INFO  Thread-4        d.u.i.k.g.p.j.JavaCompilerCheckFacade Javac check took 1617 ms. 
]]></system-out>
  <system-err><![CDATA[]]></system-err>
</testsuite>
