<?xml version="1.0" encoding="UTF-8"?>
<testsuite name="de.uka.ilkd.key.parser.TestTermParser" tests="47" skipped="4" failures="0" errors="0" timestamp="2023-03-09T16:11:17" hostname="fv-az563-955" time="3.473">
  <properties/>
  <testcase name="testNotEqual()" classname="de.uka.ilkd.key.parser.TestTermParser" time="0.002"/>
  <testcase name="testProgramVariables()" classname="de.uka.ilkd.key.parser.TestTermParser" time="0.052"/>
  <testcase name="testAttributeWithSpecifiedSortOnObject()" classname="de.uka.ilkd.key.parser.TestTermParser" time="0.004"/>
  <testcase name="testCast()" classname="de.uka.ilkd.key.parser.TestTermParser" time="0.001"/>
  <testcase name="testJavaQueryAndAttribute_all()" classname="de.uka.ilkd.key.parser.TestTermParser" time="0.001">
    <skipped/>
  </testcase>
  <testcase name="test10()" classname="de.uka.ilkd.key.parser.TestTermParser" time="0.003"/>
  <testcase name="test11()" classname="de.uka.ilkd.key.parser.TestTermParser" time="0.002"/>
  <testcase name="test12()" classname="de.uka.ilkd.key.parser.TestTermParser" time="0.0">
    <skipped/>
  </testcase>
  <testcase name="test13()" classname="de.uka.ilkd.key.parser.TestTermParser" time="0.006"/>
  <testcase name="test14()" classname="de.uka.ilkd.key.parser.TestTermParser" time="0.002"/>
  <testcase name="test1a()" classname="de.uka.ilkd.key.parser.TestTermParser" time="0.002"/>
  <testcase name="testJavaAttributeAccess_4()" classname="de.uka.ilkd.key.parser.TestTermParser" time="0.005"/>
  <testcase name="testAttributeOnObject()" classname="de.uka.ilkd.key.parser.TestTermParser" time="0.002"/>
  <testcase name="testNegativeLiteralParsing1()" classname="de.uka.ilkd.key.parser.TestTermParser" time="0.001"/>
  <testcase name="testNegativeLiteralParsing2()" classname="de.uka.ilkd.key.parser.TestTermParser" time="0.003"/>
  <testcase name="testNegativeLiteralParsing3()" classname="de.uka.ilkd.key.parser.TestTermParser" time="0.001"/>
  <testcase name="xtestParsingArrayWithSpaces()" classname="de.uka.ilkd.key.parser.TestTermParser" time="0.0">
    <skipped/>
  </testcase>
  <testcase name="testAmbigiousFuncVarPred()" classname="de.uka.ilkd.key.parser.TestTermParser" time="0.0"/>
  <testcase name="test1()" classname="de.uka.ilkd.key.parser.TestTermParser" time="0.003"/>
  <testcase name="test2()" classname="de.uka.ilkd.key.parser.TestTermParser" time="0.001"/>
  <testcase name="test3()" classname="de.uka.ilkd.key.parser.TestTermParser" time="0.002"/>
  <testcase name="test5()" classname="de.uka.ilkd.key.parser.TestTermParser" time="0.001"/>
  <testcase name="test6()" classname="de.uka.ilkd.key.parser.TestTermParser" time="0.002"/>
  <testcase name="test7()" classname="de.uka.ilkd.key.parser.TestTermParser" time="0.001"/>
  <testcase name="test8()" classname="de.uka.ilkd.key.parser.TestTermParser" time="0.001"/>
  <testcase name="test9()" classname="de.uka.ilkd.key.parser.TestTermParser" time="0.002"/>
  <testcase name="testBindingUpdateTerm()" classname="de.uka.ilkd.key.parser.TestTermParser" time="0.002"/>
  <testcase name="testJavaStaticQuery()" classname="de.uka.ilkd.key.parser.TestTermParser" time="0.003"/>
  <testcase name="testInfix1()" classname="de.uka.ilkd.key.parser.TestTermParser" time="0.001"/>
  <testcase name="testInfix2()" classname="de.uka.ilkd.key.parser.TestTermParser" time="0.001"/>
  <testcase name="testInfix3()" classname="de.uka.ilkd.key.parser.TestTermParser" time="0.002"/>
  <testcase name="testInfix4()" classname="de.uka.ilkd.key.parser.TestTermParser" time="0.002"/>
  <testcase name="testIfThenElse()" classname="de.uka.ilkd.key.parser.TestTermParser" time="0.002"/>
  <testcase name="testJavaAttributeAccessBoth_1()" classname="de.uka.ilkd.key.parser.TestTermParser" time="0.003"/>
  <testcase name="testJavaAttributeAccessBoth_2()" classname="de.uka.ilkd.key.parser.TestTermParser" time="0.003"/>
  <testcase name="testJavaAttributeAccessBoth_3()" classname="de.uka.ilkd.key.parser.TestTermParser" time="0.003"/>
  <testcase name="testBindingUpdateTerm_1()" classname="de.uka.ilkd.key.parser.TestTermParser" time="0.002"/>
  <testcase name="testBindingUpdateTerm_3()" classname="de.uka.ilkd.key.parser.TestTermParser" time="0.004"/>
  <testcase name="testBindingUpdateTerm_4()" classname="de.uka.ilkd.key.parser.TestTermParser" time="0.001"/>
  <testcase name="testBindingUpdateTerm_5()" classname="de.uka.ilkd.key.parser.TestTermParser" time="0.001"/>
  <testcase name="testBindingUpdateTerm_6()" classname="de.uka.ilkd.key.parser.TestTermParser" time="0.001"/>
  <testcase name="testBindingUpdateTerm_7()" classname="de.uka.ilkd.key.parser.TestTermParser" time="0.001"/>
  <testcase name="testBindingUpdateTerm_8()" classname="de.uka.ilkd.key.parser.TestTermParser" time="0.001"/>
  <testcase name="testParsingArray()" classname="de.uka.ilkd.key.parser.TestTermParser" time="0.003"/>
  <testcase name="xtestBindingUpdateTermOldBindingAlternative()" classname="de.uka.ilkd.key.parser.TestTermParser" time="0.0">
    <skipped/>
  </testcase>
  <testcase name="testJavaStaticQueryWithParameter()" classname="de.uka.ilkd.key.parser.TestTermParser" time="0.003"/>
  <testcase name="testParsingArrayCombination()" classname="de.uka.ilkd.key.parser.TestTermParser" time="0.003"/>
  <system-out><![CDATA[359704     WARN  Test worker     d.u.i.k.j.r.KeYCrossReferenceNameInfo Datatype T declared twice: Once in UNKNOWN:unknown and once in UNKNOWN:unknown, Keeping one from UNKNOWN:unknown 
359836     WARN  Test worker     d.u.i.k.j.r.KeYCrossReferenceNameInfo Datatype T declared twice: Once in UNKNOWN:unknown and once in UNKNOWN:unknown, Keeping one from UNKNOWN:unknown 
359919     WARN  Test worker     d.u.i.k.j.r.KeYCrossReferenceNameInfo Datatype T declared twice: Once in UNKNOWN:unknown and once in UNKNOWN:unknown, Keeping one from UNKNOWN:unknown 
359989     WARN  Test worker     d.u.i.k.j.r.KeYCrossReferenceNameInfo Datatype T declared twice: Once in UNKNOWN:unknown and once in UNKNOWN:unknown, Keeping one from UNKNOWN:unknown 
360058     WARN  Test worker     d.u.i.k.j.r.KeYCrossReferenceNameInfo Datatype T declared twice: Once in UNKNOWN:unknown and once in UNKNOWN:unknown, Keeping one from UNKNOWN:unknown 
360129     WARN  Test worker     d.u.i.k.j.r.KeYCrossReferenceNameInfo Datatype T declared twice: Once in UNKNOWN:unknown and once in UNKNOWN:unknown, Keeping one from UNKNOWN:unknown 
360203     WARN  Test worker     d.u.i.k.j.r.KeYCrossReferenceNameInfo Datatype T declared twice: Once in UNKNOWN:unknown and once in UNKNOWN:unknown, Keeping one from UNKNOWN:unknown 
360272     WARN  Test worker     d.u.i.k.j.r.KeYCrossReferenceNameInfo Datatype T declared twice: Once in UNKNOWN:unknown and once in UNKNOWN:unknown, Keeping one from UNKNOWN:unknown 
360348     WARN  Test worker     d.u.i.k.j.r.KeYCrossReferenceNameInfo Datatype T declared twice: Once in UNKNOWN:unknown and once in UNKNOWN:unknown, Keeping one from UNKNOWN:unknown 
360420     WARN  Test worker     d.u.i.k.j.r.KeYCrossReferenceNameInfo Datatype T declared twice: Once in UNKNOWN:unknown and once in UNKNOWN:unknown, Keeping one from UNKNOWN:unknown 
360494     WARN  Test worker     d.u.i.k.j.r.KeYCrossReferenceNameInfo Datatype T declared twice: Once in UNKNOWN:unknown and once in UNKNOWN:unknown, Keeping one from UNKNOWN:unknown 
360568     WARN  Test worker     d.u.i.k.j.r.KeYCrossReferenceNameInfo Datatype T declared twice: Once in UNKNOWN:unknown and once in UNKNOWN:unknown, Keeping one from UNKNOWN:unknown 
360640     WARN  Test worker     d.u.i.k.j.r.KeYCrossReferenceNameInfo Datatype T declared twice: Once in UNKNOWN:unknown and once in UNKNOWN:unknown, Keeping one from UNKNOWN:unknown 
360711     WARN  Test worker     d.u.i.k.j.r.KeYCrossReferenceNameInfo Datatype T declared twice: Once in UNKNOWN:unknown and once in UNKNOWN:unknown, Keeping one from UNKNOWN:unknown 
360791     WARN  Test worker     d.u.i.k.j.r.KeYCrossReferenceNameInfo Datatype T declared twice: Once in UNKNOWN:unknown and once in UNKNOWN:unknown, Keeping one from UNKNOWN:unknown 
360864     WARN  Test worker     d.u.i.k.j.r.KeYCrossReferenceNameInfo Datatype T declared twice: Once in UNKNOWN:unknown and once in UNKNOWN:unknown, Keeping one from UNKNOWN:unknown 
360935     WARN  Test worker     d.u.i.k.j.r.KeYCrossReferenceNameInfo Datatype T declared twice: Once in UNKNOWN:unknown and once in UNKNOWN:unknown, Keeping one from UNKNOWN:unknown 
361007     WARN  Test worker     d.u.i.k.j.r.KeYCrossReferenceNameInfo Datatype T declared twice: Once in UNKNOWN:unknown and once in UNKNOWN:unknown, Keeping one from UNKNOWN:unknown 
361076     WARN  Test worker     d.u.i.k.j.r.KeYCrossReferenceNameInfo Datatype T declared twice: Once in UNKNOWN:unknown and once in UNKNOWN:unknown, Keeping one from UNKNOWN:unknown 
361149     WARN  Test worker     d.u.i.k.j.r.KeYCrossReferenceNameInfo Datatype T declared twice: Once in UNKNOWN:unknown and once in UNKNOWN:unknown, Keeping one from UNKNOWN:unknown 
361228     WARN  Test worker     d.u.i.k.j.r.KeYCrossReferenceNameInfo Datatype T declared twice: Once in UNKNOWN:unknown and once in UNKNOWN:unknown, Keeping one from UNKNOWN:unknown 
361309     WARN  Test worker     d.u.i.k.j.r.KeYCrossReferenceNameInfo Datatype T declared twice: Once in UNKNOWN:unknown and once in UNKNOWN:unknown, Keeping one from UNKNOWN:unknown 
361385     WARN  Test worker     d.u.i.k.j.r.KeYCrossReferenceNameInfo Datatype T declared twice: Once in UNKNOWN:unknown and once in UNKNOWN:unknown, Keeping one from UNKNOWN:unknown 
361462     WARN  Test worker     d.u.i.k.j.r.KeYCrossReferenceNameInfo Datatype T declared twice: Once in UNKNOWN:unknown and once in UNKNOWN:unknown, Keeping one from UNKNOWN:unknown 
361538     WARN  Test worker     d.u.i.k.j.r.KeYCrossReferenceNameInfo Datatype T declared twice: Once in UNKNOWN:unknown and once in UNKNOWN:unknown, Keeping one from UNKNOWN:unknown 
361614     WARN  Test worker     d.u.i.k.j.r.KeYCrossReferenceNameInfo Datatype T declared twice: Once in UNKNOWN:unknown and once in UNKNOWN:unknown, Keeping one from UNKNOWN:unknown 
361694     WARN  Test worker     d.u.i.k.j.r.KeYCrossReferenceNameInfo Datatype T declared twice: Once in UNKNOWN:unknown and once in UNKNOWN:unknown, Keeping one from UNKNOWN:unknown 
361770     WARN  Test worker     d.u.i.k.j.r.KeYCrossReferenceNameInfo Datatype T declared twice: Once in UNKNOWN:unknown and once in UNKNOWN:unknown, Keeping one from UNKNOWN:unknown 
361844     WARN  Test worker     d.u.i.k.j.r.KeYCrossReferenceNameInfo Datatype T declared twice: Once in UNKNOWN:unknown and once in UNKNOWN:unknown, Keeping one from UNKNOWN:unknown 
361911     WARN  Test worker     d.u.i.k.j.r.KeYCrossReferenceNameInfo Datatype T declared twice: Once in UNKNOWN:unknown and once in UNKNOWN:unknown, Keeping one from UNKNOWN:unknown 
361979     WARN  Test worker     d.u.i.k.j.r.KeYCrossReferenceNameInfo Datatype T declared twice: Once in UNKNOWN:unknown and once in UNKNOWN:unknown, Keeping one from UNKNOWN:unknown 
362045     WARN  Test worker     d.u.i.k.j.r.KeYCrossReferenceNameInfo Datatype T declared twice: Once in UNKNOWN:unknown and once in UNKNOWN:unknown, Keeping one from UNKNOWN:unknown 
362112     WARN  Test worker     d.u.i.k.j.r.KeYCrossReferenceNameInfo Datatype T declared twice: Once in UNKNOWN:unknown and once in UNKNOWN:unknown, Keeping one from UNKNOWN:unknown 
362188     WARN  Test worker     d.u.i.k.j.r.KeYCrossReferenceNameInfo Datatype T declared twice: Once in UNKNOWN:unknown and once in UNKNOWN:unknown, Keeping one from UNKNOWN:unknown 
362264     WARN  Test worker     d.u.i.k.j.r.KeYCrossReferenceNameInfo Datatype T declared twice: Once in UNKNOWN:unknown and once in UNKNOWN:unknown, Keeping one from UNKNOWN:unknown 
362341     WARN  Test worker     d.u.i.k.j.r.KeYCrossReferenceNameInfo Datatype T declared twice: Once in UNKNOWN:unknown and once in UNKNOWN:unknown, Keeping one from UNKNOWN:unknown 
362415     WARN  Test worker     d.u.i.k.j.r.KeYCrossReferenceNameInfo Datatype T declared twice: Once in UNKNOWN:unknown and once in UNKNOWN:unknown, Keeping one from UNKNOWN:unknown 
362493     WARN  Test worker     d.u.i.k.j.r.KeYCrossReferenceNameInfo Datatype T declared twice: Once in UNKNOWN:unknown and once in UNKNOWN:unknown, Keeping one from UNKNOWN:unknown 
362563     WARN  Test worker     d.u.i.k.j.r.KeYCrossReferenceNameInfo Datatype T declared twice: Once in UNKNOWN:unknown and once in UNKNOWN:unknown, Keeping one from UNKNOWN:unknown 
362633     WARN  Test worker     d.u.i.k.j.r.KeYCrossReferenceNameInfo Datatype T declared twice: Once in UNKNOWN:unknown and once in UNKNOWN:unknown, Keeping one from UNKNOWN:unknown 
362705     WARN  Test worker     d.u.i.k.j.r.KeYCrossReferenceNameInfo Datatype T declared twice: Once in UNKNOWN:unknown and once in UNKNOWN:unknown, Keeping one from UNKNOWN:unknown 
362770     WARN  Test worker     d.u.i.k.j.r.KeYCrossReferenceNameInfo Datatype T declared twice: Once in UNKNOWN:unknown and once in UNKNOWN:unknown, Keeping one from UNKNOWN:unknown 
362840     WARN  Test worker     d.u.i.k.j.r.KeYCrossReferenceNameInfo Datatype T declared twice: Once in UNKNOWN:unknown and once in UNKNOWN:unknown, Keeping one from UNKNOWN:unknown 
362909     WARN  Test worker     d.u.i.k.j.r.KeYCrossReferenceNameInfo Datatype T declared twice: Once in UNKNOWN:unknown and once in UNKNOWN:unknown, Keeping one from UNKNOWN:unknown 
362977     WARN  Test worker     d.u.i.k.j.r.KeYCrossReferenceNameInfo Datatype T declared twice: Once in UNKNOWN:unknown and once in UNKNOWN:unknown, Keeping one from UNKNOWN:unknown 
363042     WARN  Test worker     d.u.i.k.j.r.KeYCrossReferenceNameInfo Datatype T declared twice: Once in UNKNOWN:unknown and once in UNKNOWN:unknown, Keeping one from UNKNOWN:unknown 
]]></system-out>
  <system-err><![CDATA[]]></system-err>
</testsuite>
