<?xml version="1.0" encoding="UTF-8"?>
<testsuite name="de.uka.ilkd.key.testcase.smt.testgen.TestTestgen" tests="1" skipped="0" failures="0" errors="0" timestamp="2023-06-08T15:22:02" hostname="fv-az319-839" time="7.63">
  <properties/>
  <testcase name="testMiddle()" classname="de.uka.ilkd.key.testcase.smt.testgen.TestTestgen" time="7.63"/>
  <system-out><![CDATA[26298      WARN  Test worker     d.u.i.k.t.s.t.TestTestgen Warning: Z3_CE is not installed, tests skipped. 
26298      WARN  Test worker     d.u.i.k.t.s.t.TestTestgen Maybe use JVM system property "z3SolverPath" to define the path to the Z3 command. 
26314      INFO  Test worker     d.u.i.k.p.i.AbstractProblemLoader Loading environment from src\test\resources\testcase\smt\tg\middle.key 
26314      DEBUG Test worker     d.u.i.k.p.i.AbstractProblemLoader Environment load took 290ns 
26329      INFO  Test worker     d.u.i.k.p.i.AbstractProblemLoader Creating init config 
32915      DEBUG Test worker     d.u.i.k.p.i.AbstractProblemLoader Init config took 6.6s 
33055      INFO  Test worker     d.u.i.k.p.i.AbstractProblemLoader Replaying proof Middle[Middle::middle(int,int,int)].JML normal_behavior operation contract.0 
33071      DEBUG Test worker     d.u.i.k.p.i.IntermediateProofReplayer Proof replay took 21.7ns 
]]></system-out>
  <system-err><![CDATA[]]></system-err>
</testsuite>
