<?xml version="1.0" encoding="UTF-8"?>
<testsuite name="de.uka.ilkd.key.smt.TestSMTFocusResults" tests="2" skipped="0" failures="0" errors="0" timestamp="2023-06-03T14:42:38" hostname="fv-az277-694" time="0.032">
  <properties/>
  <testcase name="parsesZ3Format()" classname="de.uka.ilkd.key.smt.TestSMTFocusResults" time="0.031"/>
  <testcase name="parsesCvc5Format()" classname="de.uka.ilkd.key.smt.TestSMTFocusResults" time="0.0"/>
  <system-out><![CDATA[]]></system-out>
  <system-err><![CDATA[]]></system-err>
</testsuite>
