<?xml version="1.0" encoding="UTF-8"?>
<testsuite name="de.uka.ilkd.key.logic.TestClashFreeSubst" tests="14" skipped="2" failures="0" errors="0" timestamp="2023-06-03T14:30:33" hostname="fv-az277-694" time="68.013">
  <properties/>
  <testcase name="testMultiShareBound()" classname="de.uka.ilkd.key.logic.TestClashFreeSubst" time="1.185"/>
  <testcase name="testClash()" classname="de.uka.ilkd.key.logic.TestClashFreeSubst" time="1.279"/>
  <testcase name="testShare()" classname="de.uka.ilkd.key.logic.TestClashFreeSubst" time="1.31"/>
  <testcase name="testSubst()" classname="de.uka.ilkd.key.logic.TestClashFreeSubst" time="1.171"/>
  <testcase name="testWary0()" classname="de.uka.ilkd.key.logic.TestClashFreeSubst" time="1.195"/>
  <testcase name="testWary1()" classname="de.uka.ilkd.key.logic.TestClashFreeSubst" time="1.226"/>
  <testcase name="testWary2()" classname="de.uka.ilkd.key.logic.TestClashFreeSubst" time="1.135"/>
  <testcase name="testClashInSubstTerm()" classname="de.uka.ilkd.key.logic.TestClashFreeSubst" time="1.289"/>
  <testcase name="testShareWary()" classname="de.uka.ilkd.key.logic.TestClashFreeSubst" time="1.251"/>
  <testcase name="testMultiSubst()" classname="de.uka.ilkd.key.logic.TestClashFreeSubst" time="1.396"/>
  <testcase name="xtestMultiClash()" classname="de.uka.ilkd.key.logic.TestClashFreeSubst" time="0.0">
    <skipped/>
  </testcase>
  <testcase name="testSubstInSubstTerm()" classname="de.uka.ilkd.key.logic.TestClashFreeSubst" time="1.262"/>
  <testcase name="testSubstWary()" classname="de.uka.ilkd.key.logic.TestClashFreeSubst" time="1.292"/>
  <testcase name="xtestMultiClash1()" classname="de.uka.ilkd.key.logic.TestClashFreeSubst" time="0.0">
    <skipped/>
  </testcase>
  <system-out><![CDATA[47298      INFO  Test worker     d.u.i.k.n.KeyIO           Parsing took 0 ms 
47298      DEBUG Test worker     d.u.i.k.n.KeyIO           Load declarations of de.uka.ilkd.key.nparser.KeyAst$File:  <unknown>:1#1 
47298      INFO  Test worker     d.u.i.k.n.KeyIO           MODE: declarations took 0 ms 
47298      DEBUG Test worker     d.u.i.k.n.KeyIO           MODE: 2nd degree decls took 0 
48471      INFO  Test worker     d.u.i.k.n.KeyIO           Parsing took 0 ms 
48471      DEBUG Test worker     d.u.i.k.n.KeyIO           Load declarations of de.uka.ilkd.key.nparser.KeyAst$File:  <unknown>:1#1 
48471      INFO  Test worker     d.u.i.k.n.KeyIO           MODE: declarations took 0 ms 
48471      DEBUG Test worker     d.u.i.k.n.KeyIO           MODE: 2nd degree decls took 0 
52521      INFO  Test worker     d.u.i.k.n.KeyIO           Parsing took 0 ms 
52521      DEBUG Test worker     d.u.i.k.n.KeyIO           Load declarations of de.uka.ilkd.key.nparser.KeyAst$File:  <unknown>:1#1 
52521      INFO  Test worker     d.u.i.k.n.KeyIO           MODE: declarations took 0 ms 
52521      DEBUG Test worker     d.u.i.k.n.KeyIO           MODE: 2nd degree decls took 0 
53803      INFO  Test worker     d.u.i.k.n.KeyIO           Parsing took 16 ms 
53803      DEBUG Test worker     d.u.i.k.n.KeyIO           Load declarations of de.uka.ilkd.key.nparser.KeyAst$File:  <unknown>:1#1 
53803      INFO  Test worker     d.u.i.k.n.KeyIO           MODE: declarations took 0 ms 
53803      DEBUG Test worker     d.u.i.k.n.KeyIO           MODE: 2nd degree decls took 0 
57900      INFO  Test worker     d.u.i.k.n.KeyIO           Parsing took 0 ms 
57900      DEBUG Test worker     d.u.i.k.n.KeyIO           Load declarations of de.uka.ilkd.key.nparser.KeyAst$File:  <unknown>:1#1 
57900      INFO  Test worker     d.u.i.k.n.KeyIO           MODE: declarations took 0 ms 
57900      DEBUG Test worker     d.u.i.k.n.KeyIO           MODE: 2nd degree decls took 0 
59197      INFO  Test worker     d.u.i.k.n.KeyIO           Parsing took 0 ms 
59197      DEBUG Test worker     d.u.i.k.n.KeyIO           Load declarations of de.uka.ilkd.key.nparser.KeyAst$File:  <unknown>:1#1 
59197      INFO  Test worker     d.u.i.k.n.KeyIO           MODE: declarations took 0 ms 
59197      DEBUG Test worker     d.u.i.k.n.KeyIO           MODE: 2nd degree decls took 0 
63215      INFO  Test worker     d.u.i.k.n.KeyIO           Parsing took 0 ms 
63215      DEBUG Test worker     d.u.i.k.n.KeyIO           Load declarations of de.uka.ilkd.key.nparser.KeyAst$File:  <unknown>:1#1 
63215      INFO  Test worker     d.u.i.k.n.KeyIO           MODE: declarations took 0 ms 
63215      DEBUG Test worker     d.u.i.k.n.KeyIO           MODE: 2nd degree decls took 0 
64372      INFO  Test worker     d.u.i.k.n.KeyIO           Parsing took 0 ms 
64372      DEBUG Test worker     d.u.i.k.n.KeyIO           Load declarations of de.uka.ilkd.key.nparser.KeyAst$File:  <unknown>:1#1 
64372      INFO  Test worker     d.u.i.k.n.KeyIO           MODE: declarations took 0 ms 
64388      DEBUG Test worker     d.u.i.k.n.KeyIO           MODE: 2nd degree decls took 16 
68265      INFO  Test worker     d.u.i.k.n.KeyIO           Parsing took 0 ms 
68265      DEBUG Test worker     d.u.i.k.n.KeyIO           Load declarations of de.uka.ilkd.key.nparser.KeyAst$File:  <unknown>:1#1 
68265      INFO  Test worker     d.u.i.k.n.KeyIO           MODE: declarations took 0 ms 
68265      DEBUG Test worker     d.u.i.k.n.KeyIO           MODE: 2nd degree decls took 0 
69453      INFO  Test worker     d.u.i.k.n.KeyIO           Parsing took 0 ms 
69453      DEBUG Test worker     d.u.i.k.n.KeyIO           Load declarations of de.uka.ilkd.key.nparser.KeyAst$File:  <unknown>:1#1 
69453      INFO  Test worker     d.u.i.k.n.KeyIO           MODE: declarations took 0 ms 
69453      DEBUG Test worker     d.u.i.k.n.KeyIO           MODE: 2nd degree decls took 0 
73377      INFO  Test worker     d.u.i.k.n.KeyIO           Parsing took 0 ms 
73377      DEBUG Test worker     d.u.i.k.n.KeyIO           Load declarations of de.uka.ilkd.key.nparser.KeyAst$File:  <unknown>:1#1 
73377      INFO  Test worker     d.u.i.k.n.KeyIO           MODE: declarations took 0 ms 
73377      DEBUG Test worker     d.u.i.k.n.KeyIO           MODE: 2nd degree decls took 0 
74597      INFO  Test worker     d.u.i.k.n.KeyIO           Parsing took 0 ms 
74597      DEBUG Test worker     d.u.i.k.n.KeyIO           Load declarations of de.uka.ilkd.key.nparser.KeyAst$File:  <unknown>:1#1 
74597      INFO  Test worker     d.u.i.k.n.KeyIO           MODE: declarations took 0 ms 
74597      DEBUG Test worker     d.u.i.k.n.KeyIO           MODE: 2nd degree decls took 0 
78585      INFO  Test worker     d.u.i.k.n.KeyIO           Parsing took 0 ms 
78585      DEBUG Test worker     d.u.i.k.n.KeyIO           Load declarations of de.uka.ilkd.key.nparser.KeyAst$File:  <unknown>:1#1 
78585      INFO  Test worker     d.u.i.k.n.KeyIO           MODE: declarations took 0 ms 
78585      DEBUG Test worker     d.u.i.k.n.KeyIO           MODE: 2nd degree decls took 0 
79711      INFO  Test worker     d.u.i.k.n.KeyIO           Parsing took 0 ms 
79711      DEBUG Test worker     d.u.i.k.n.KeyIO           Load declarations of de.uka.ilkd.key.nparser.KeyAst$File:  <unknown>:1#1 
79727      INFO  Test worker     d.u.i.k.n.KeyIO           MODE: declarations took 16 ms 
79727      DEBUG Test worker     d.u.i.k.n.KeyIO           MODE: 2nd degree decls took 0 
83573      INFO  Test worker     d.u.i.k.n.KeyIO           Parsing took 0 ms 
83573      DEBUG Test worker     d.u.i.k.n.KeyIO           Load declarations of de.uka.ilkd.key.nparser.KeyAst$File:  <unknown>:1#1 
83573      INFO  Test worker     d.u.i.k.n.KeyIO           MODE: declarations took 0 ms 
83573      DEBUG Test worker     d.u.i.k.n.KeyIO           MODE: 2nd degree decls took 0 
84854      INFO  Test worker     d.u.i.k.n.KeyIO           Parsing took 0 ms 
84854      DEBUG Test worker     d.u.i.k.n.KeyIO           Load declarations of de.uka.ilkd.key.nparser.KeyAst$File:  <unknown>:1#1 
84854      INFO  Test worker     d.u.i.k.n.KeyIO           MODE: declarations took 0 ms 
84854      DEBUG Test worker     d.u.i.k.n.KeyIO           MODE: 2nd degree decls took 0 
88887      INFO  Test worker     d.u.i.k.n.KeyIO           Parsing took 0 ms 
88887      DEBUG Test worker     d.u.i.k.n.KeyIO           Load declarations of de.uka.ilkd.key.nparser.KeyAst$File:  <unknown>:1#1 
88887      INFO  Test worker     d.u.i.k.n.KeyIO           MODE: declarations took 0 ms 
88887      DEBUG Test worker     d.u.i.k.n.KeyIO           MODE: 2nd degree decls took 0 
90123      INFO  Test worker     d.u.i.k.n.KeyIO           Parsing took 0 ms 
90123      DEBUG Test worker     d.u.i.k.n.KeyIO           Load declarations of de.uka.ilkd.key.nparser.KeyAst$File:  <unknown>:1#1 
90123      INFO  Test worker     d.u.i.k.n.KeyIO           MODE: declarations took 0 ms 
90123      DEBUG Test worker     d.u.i.k.n.KeyIO           MODE: 2nd degree decls took 0 
94344      INFO  Test worker     d.u.i.k.n.KeyIO           Parsing took 0 ms 
94344      DEBUG Test worker     d.u.i.k.n.KeyIO           Load declarations of de.uka.ilkd.key.nparser.KeyAst$File:  <unknown>:1#1 
94344      INFO  Test worker     d.u.i.k.n.KeyIO           MODE: declarations took 0 ms 
94344      DEBUG Test worker     d.u.i.k.n.KeyIO           MODE: 2nd degree decls took 0 
95737      INFO  Test worker     d.u.i.k.n.KeyIO           Parsing took 0 ms 
95737      DEBUG Test worker     d.u.i.k.n.KeyIO           Load declarations of de.uka.ilkd.key.nparser.KeyAst$File:  <unknown>:1#1 
95737      INFO  Test worker     d.u.i.k.n.KeyIO           MODE: declarations took 0 ms 
95737      DEBUG Test worker     d.u.i.k.n.KeyIO           MODE: 2nd degree decls took 0 
104211     INFO  Test worker     d.u.i.k.n.KeyIO           Parsing took 0 ms 
104211     DEBUG Test worker     d.u.i.k.n.KeyIO           Load declarations of de.uka.ilkd.key.nparser.KeyAst$File:  <unknown>:1#1 
104211     INFO  Test worker     d.u.i.k.n.KeyIO           MODE: declarations took 0 ms 
104211     DEBUG Test worker     d.u.i.k.n.KeyIO           MODE: 2nd degree decls took 0 
105462     INFO  Test worker     d.u.i.k.n.KeyIO           Parsing took 0 ms 
105462     DEBUG Test worker     d.u.i.k.n.KeyIO           Load declarations of de.uka.ilkd.key.nparser.KeyAst$File:  <unknown>:1#1 
105462     INFO  Test worker     d.u.i.k.n.KeyIO           MODE: declarations took 0 ms 
105462     DEBUG Test worker     d.u.i.k.n.KeyIO           MODE: 2nd degree decls took 0 
109809     INFO  Test worker     d.u.i.k.n.KeyIO           Parsing took 0 ms 
109809     DEBUG Test worker     d.u.i.k.n.KeyIO           Load declarations of de.uka.ilkd.key.nparser.KeyAst$File:  <unknown>:1#1 
109809     INFO  Test worker     d.u.i.k.n.KeyIO           MODE: declarations took 0 ms 
109809     DEBUG Test worker     d.u.i.k.n.KeyIO           MODE: 2nd degree decls took 0 
111090     INFO  Test worker     d.u.i.k.n.KeyIO           Parsing took 0 ms 
111090     DEBUG Test worker     d.u.i.k.n.KeyIO           Load declarations of de.uka.ilkd.key.nparser.KeyAst$File:  <unknown>:1#1 
111090     INFO  Test worker     d.u.i.k.n.KeyIO           MODE: declarations took 0 ms 
111090     DEBUG Test worker     d.u.i.k.n.KeyIO           MODE: 2nd degree decls took 0 
]]></system-out>
  <system-err><![CDATA[]]></system-err>
</testsuite>
