<?xml version="1.0" encoding="UTF-8"?>
<testsuite name="de.uka.ilkd.key.parser.TestDeclParser" tests="14" skipped="2" failures="0" errors="0" timestamp="2023-06-03T14:34:32" hostname="fv-az277-694" time="14.04">
  <properties/>
  <testcase name="testGenericSortDecl1()" classname="de.uka.ilkd.key.parser.TestDeclParser" time="1.254"/>
  <testcase name="testGenericSortDecl2()" classname="de.uka.ilkd.key.parser.TestDeclParser" time="1.231"/>
  <testcase name="testGenericSortDecl3()" classname="de.uka.ilkd.key.parser.TestDeclParser" time="1.187"/>
  <testcase name="testGenericSortDecl4()" classname="de.uka.ilkd.key.parser.TestDeclParser" time="1.185"/>
  <testcase name="testGenericSortDecl5()" classname="de.uka.ilkd.key.parser.TestDeclParser" time="0.0">
    <skipped/>
  </testcase>
  <testcase name="testGenericSortDecl6()" classname="de.uka.ilkd.key.parser.TestDeclParser" time="1.145"/>
  <testcase name="testSortDecl()" classname="de.uka.ilkd.key.parser.TestDeclParser" time="1.144"/>
  <testcase name="testProxySortDecl()" classname="de.uka.ilkd.key.parser.TestDeclParser" time="1.115"/>
  <testcase name="testArrayDecl()" classname="de.uka.ilkd.key.parser.TestDeclParser" time="1.134"/>
  <testcase name="testAmbiguousDecls()" classname="de.uka.ilkd.key.parser.TestDeclParser" time="0.0">
    <skipped/>
  </testcase>
  <testcase name="testHeurDecl()" classname="de.uka.ilkd.key.parser.TestDeclParser" time="1.144"/>
  <testcase name="testFunctionDecl()" classname="de.uka.ilkd.key.parser.TestDeclParser" time="1.187"/>
  <testcase name="testPredicateDecl()" classname="de.uka.ilkd.key.parser.TestDeclParser" time="1.14"/>
  <testcase name="testSVDecl()" classname="de.uka.ilkd.key.parser.TestDeclParser" time="1.171"/>
  <system-out><![CDATA[287122     INFO  Test worker     d.u.i.k.n.KeyIO           Parsing took 0 ms 
287122     DEBUG Test worker     d.u.i.k.n.KeyIO           Load declarations of de.uka.ilkd.key.nparser.KeyAst$File:  <unknown>:1#1 
287122     INFO  Test worker     d.u.i.k.n.KeyIO           MODE: declarations took 0 ms 
287122     DEBUG Test worker     d.u.i.k.n.KeyIO           MODE: 2nd degree decls took 0 
287122     DEBUG Test worker     d.u.i.k.n.KeyIO           MODE: taclets took 0ms 
288357     INFO  Test worker     d.u.i.k.n.KeyIO           Parsing took 0 ms 
288357     DEBUG Test worker     d.u.i.k.n.KeyIO           Load declarations of de.uka.ilkd.key.nparser.KeyAst$File:  <unknown>:1#1 
288357     INFO  Test worker     d.u.i.k.n.KeyIO           MODE: declarations took 0 ms 
288357     DEBUG Test worker     d.u.i.k.n.KeyIO           MODE: 2nd degree decls took 0 
288357     DEBUG Test worker     d.u.i.k.n.KeyIO           MODE: taclets took 0ms 
289546     INFO  Test worker     d.u.i.k.n.KeyIO           Parsing took 0 ms 
289546     DEBUG Test worker     d.u.i.k.n.KeyIO           Load declarations of de.uka.ilkd.key.nparser.KeyAst$File:  <unknown>:1#1 
289546     INFO  Test worker     d.u.i.k.n.KeyIO           MODE: declarations took 0 ms 
289546     DEBUG Test worker     d.u.i.k.n.KeyIO           MODE: 2nd degree decls took 0 
289546     DEBUG Test worker     d.u.i.k.n.KeyIO           MODE: taclets took 0ms 
290718     INFO  Test worker     d.u.i.k.n.KeyIO           Parsing took 0 ms 
290718     DEBUG Test worker     d.u.i.k.n.KeyIO           Load declarations of de.uka.ilkd.key.nparser.KeyAst$File:  <unknown>:1#1 
290718     INFO  Test worker     d.u.i.k.n.KeyIO           MODE: declarations took 0 ms 
290718     DEBUG Test worker     d.u.i.k.n.KeyIO           MODE: 2nd degree decls took 0 
290718     DEBUG Test worker     d.u.i.k.n.KeyIO           MODE: taclets took 0ms 
291875     INFO  Test worker     d.u.i.k.n.KeyIO           Parsing took 0 ms 
291875     DEBUG Test worker     d.u.i.k.n.KeyIO           Load declarations of de.uka.ilkd.key.nparser.KeyAst$File:  <unknown>:1#1 
291875     INFO  Test worker     d.u.i.k.n.KeyIO           MODE: declarations took 0 ms 
291875     DEBUG Test worker     d.u.i.k.n.KeyIO           MODE: 2nd degree decls took 0 
291875     DEBUG Test worker     d.u.i.k.n.KeyIO           MODE: taclets took 0ms 
293017     INFO  Test worker     d.u.i.k.n.KeyIO           Parsing took 0 ms 
293017     DEBUG Test worker     d.u.i.k.n.KeyIO           Load declarations of de.uka.ilkd.key.nparser.KeyAst$File:  <unknown>:1#1 
293017     INFO  Test worker     d.u.i.k.n.KeyIO           MODE: declarations took 0 ms 
293017     DEBUG Test worker     d.u.i.k.n.KeyIO           MODE: 2nd degree decls took 0 
293017     DEBUG Test worker     d.u.i.k.n.KeyIO           MODE: taclets took 0ms 
294127     INFO  Test worker     d.u.i.k.n.KeyIO           Parsing took 0 ms 
294127     DEBUG Test worker     d.u.i.k.n.KeyIO           Load declarations of de.uka.ilkd.key.nparser.KeyAst$File:  <unknown>:1#1 
294127     INFO  Test worker     d.u.i.k.n.KeyIO           MODE: declarations took 0 ms 
294127     DEBUG Test worker     d.u.i.k.n.KeyIO           MODE: 2nd degree decls took 0 
294127     DEBUG Test worker     d.u.i.k.n.KeyIO           MODE: taclets took 0ms 
295268     INFO  Test worker     d.u.i.k.n.KeyIO           Parsing took 0 ms 
295268     DEBUG Test worker     d.u.i.k.n.KeyIO           Load declarations of de.uka.ilkd.key.nparser.KeyAst$File:  <unknown>:1#1 
295268     INFO  Test worker     d.u.i.k.n.KeyIO           MODE: declarations took 0 ms 
295268     DEBUG Test worker     d.u.i.k.n.KeyIO           MODE: 2nd degree decls took 0 
295268     DEBUG Test worker     d.u.i.k.n.KeyIO           MODE: taclets took 0ms 
296410     INFO  Test worker     d.u.i.k.n.KeyIO           Parsing took 0 ms 
296410     DEBUG Test worker     d.u.i.k.n.KeyIO           Load declarations of de.uka.ilkd.key.nparser.KeyAst$File:  <unknown>:1#1 
296410     INFO  Test worker     d.u.i.k.n.KeyIO           MODE: declarations took 0 ms 
296410     DEBUG Test worker     d.u.i.k.n.KeyIO           MODE: 2nd degree decls took 0 
296410     DEBUG Test worker     d.u.i.k.n.KeyIO           MODE: taclets took 0ms 
297598     INFO  Test worker     d.u.i.k.n.KeyIO           Parsing took 0 ms 
297598     DEBUG Test worker     d.u.i.k.n.KeyIO           Load declarations of de.uka.ilkd.key.nparser.KeyAst$File:  <unknown>:1#1 
297598     INFO  Test worker     d.u.i.k.n.KeyIO           MODE: declarations took 0 ms 
297598     DEBUG Test worker     d.u.i.k.n.KeyIO           MODE: 2nd degree decls took 0 
297598     DEBUG Test worker     d.u.i.k.n.KeyIO           MODE: taclets took 0ms 
298740     INFO  Test worker     d.u.i.k.n.KeyIO           Parsing took 0 ms 
298740     DEBUG Test worker     d.u.i.k.n.KeyIO           Load declarations of de.uka.ilkd.key.nparser.KeyAst$File:  <unknown>:1#1 
298740     INFO  Test worker     d.u.i.k.n.KeyIO           MODE: declarations took 0 ms 
298740     DEBUG Test worker     d.u.i.k.n.KeyIO           MODE: 2nd degree decls took 0 
298740     DEBUG Test worker     d.u.i.k.n.KeyIO           MODE: taclets took 0ms 
299913     INFO  Test worker     d.u.i.k.n.KeyIO           Parsing took 0 ms 
299913     DEBUG Test worker     d.u.i.k.n.KeyIO           Load declarations of de.uka.ilkd.key.nparser.KeyAst$File:  <unknown>:1#1 
299913     INFO  Test worker     d.u.i.k.n.KeyIO           MODE: declarations took 0 ms 
299913     DEBUG Test worker     d.u.i.k.n.KeyIO           MODE: 2nd degree decls took 0 
299913     DEBUG Test worker     d.u.i.k.n.KeyIO           MODE: taclets took 0ms 
]]></system-out>
  <system-err><![CDATA[]]></system-err>
</testsuite>
