<?xml version="1.0" encoding="UTF-8"?>
<testsuite name="de.uka.ilkd.key.parser.TestTermParserHeap" tests="39" skipped="0" failures="0" errors="0" timestamp="2023-06-03T14:36:48" hostname="fv-az277-694" time="169.078">
  <properties/>
  <testcase name="testBracketHeapUpdate()" classname="de.uka.ilkd.key.parser.TestTermParserHeap" time="0.026"/>
  <testcase name="testStore()" classname="de.uka.ilkd.key.parser.TestTermParserHeap" time="0.011"/>
  <testcase name="testUnknownConstant()" classname="de.uka.ilkd.key.parser.TestTermParserHeap" time="0.004"/>
  <testcase name="testAllFieldsSelector()" classname="de.uka.ilkd.key.parser.TestTermParserHeap" time="0.002"/>
  <testcase name="testParsePrettyPrintedSelect()" classname="de.uka.ilkd.key.parser.TestTermParserHeap" time="0.006"/>
  <testcase name="testAccessStaticMembers()" classname="de.uka.ilkd.key.parser.TestTermParserHeap" time="0.009"/>
  <testcase name="testAtOperator_1()" classname="de.uka.ilkd.key.parser.TestTermParserHeap" time="0.004"/>
  <testcase name="testAtOperator_2()" classname="de.uka.ilkd.key.parser.TestTermParserHeap" time="0.003"/>
  <testcase name="testAtOperator_3()" classname="de.uka.ilkd.key.parser.TestTermParserHeap" time="0.004"/>
  <testcase name="testAtOperator_4()" classname="de.uka.ilkd.key.parser.TestTermParserHeap" time="0.008"/>
  <testcase name="testAtOperator_5()" classname="de.uka.ilkd.key.parser.TestTermParserHeap" time="0.004"/>
  <testcase name="testAtOperator_6()" classname="de.uka.ilkd.key.parser.TestTermParserHeap" time="0.005"/>
  <testcase name="testAtOperator_7()" classname="de.uka.ilkd.key.parser.TestTermParserHeap" time="0.004"/>
  <testcase name="testAtOperator_8()" classname="de.uka.ilkd.key.parser.TestTermParserHeap" time="0.015"/>
  <testcase name="testVerifyExceptionIfAtOperatorNotPreceededBySelectTerm()" classname="de.uka.ilkd.key.parser.TestTermParserHeap" time="0.006"/>
  <testcase name="testBugResettingCounter()" classname="de.uka.ilkd.key.parser.TestTermParserHeap" time="0.005"/>
  <testcase name="testLocationSets()" classname="de.uka.ilkd.key.parser.TestTermParserHeap" time="0.003"/>
  <testcase name="testQuantifiedSelect()" classname="de.uka.ilkd.key.parser.TestTermParserHeap" time="0.005"/>
  <testcase name="testGenericObjectProperties()" classname="de.uka.ilkd.key.parser.TestTermParserHeap" time="0.019"/>
  <testcase name="testQueryInheritance_1()" classname="de.uka.ilkd.key.parser.TestTermParserHeap" time="0.006"/>
  <testcase name="testQueryInheritance_2()" classname="de.uka.ilkd.key.parser.TestTermParserHeap" time="0.007"/>
  <testcase name="testQueryInheritance_3()" classname="de.uka.ilkd.key.parser.TestTermParserHeap" time="0.004"/>
  <testcase name="testQueryInheritance_4()" classname="de.uka.ilkd.key.parser.TestTermParserHeap" time="0.003"/>
  <testcase name="testQueryInheritance_5()" classname="de.uka.ilkd.key.parser.TestTermParserHeap" time="0.003"/>
  <testcase name="testQueryInheritance_6()" classname="de.uka.ilkd.key.parser.TestTermParserHeap" time="0.004"/>
  <testcase name="testQueryInheritance_7()" classname="de.uka.ilkd.key.parser.TestTermParserHeap" time="0.004"/>
  <testcase name="testQueryInheritance_8()" classname="de.uka.ilkd.key.parser.TestTermParserHeap" time="0.006"/>
  <testcase name="testQueryInheritance_9()" classname="de.uka.ilkd.key.parser.TestTermParserHeap" time="0.002"/>
  <testcase name="testQueryBasic_10()" classname="de.uka.ilkd.key.parser.TestTermParserHeap" time="0.003"/>
  <testcase name="testQueryBasic_11()" classname="de.uka.ilkd.key.parser.TestTermParserHeap" time="0.005"/>
  <testcase name="testQueryBasic_1()" classname="de.uka.ilkd.key.parser.TestTermParserHeap" time="0.002"/>
  <testcase name="testQueryBasic_2()" classname="de.uka.ilkd.key.parser.TestTermParserHeap" time="0.005"/>
  <testcase name="testQueryBasic_3()" classname="de.uka.ilkd.key.parser.TestTermParserHeap" time="0.008"/>
  <testcase name="testQueryBasic_4()" classname="de.uka.ilkd.key.parser.TestTermParserHeap" time="0.006"/>
  <testcase name="testQueryBasic_5()" classname="de.uka.ilkd.key.parser.TestTermParserHeap" time="0.005"/>
  <testcase name="testQueryBasic_6()" classname="de.uka.ilkd.key.parser.TestTermParserHeap" time="0.004"/>
  <testcase name="testQueryBasic_7()" classname="de.uka.ilkd.key.parser.TestTermParserHeap" time="0.005"/>
  <testcase name="testQueryBasic_8()" classname="de.uka.ilkd.key.parser.TestTermParserHeap" time="0.004"/>
  <testcase name="testQueryBasic_9()" classname="de.uka.ilkd.key.parser.TestTermParserHeap" time="0.003"/>
  <system-out><![CDATA[422745     INFO  Test worker     d.u.i.k.n.KeyIO           Parsing took 0 ms 
422745     DEBUG Test worker     d.u.i.k.n.KeyIO           Load declarations of de.uka.ilkd.key.nparser.KeyAst$File:  <unknown>:1#1 
422745     INFO  Test worker     d.u.i.k.n.KeyIO           MODE: declarations took 0 ms 
422745     DEBUG Test worker     d.u.i.k.n.KeyIO           MODE: 2nd degree decls took 0 
422745     INFO  Test worker     d.u.i.k.n.KeyIO           Parsing took 0 ms 
422745     DEBUG Test worker     d.u.i.k.n.KeyIO           Load declarations of de.uka.ilkd.key.nparser.KeyAst$File:  <unknown>:1#1 
422745     INFO  Test worker     d.u.i.k.n.KeyIO           MODE: declarations took 0 ms 
422745     DEBUG Test worker     d.u.i.k.n.KeyIO           MODE: 2nd degree decls took 0 
422745     INFO  Test worker     d.u.i.k.n.KeyIO           Parsing took 0 ms 
422745     DEBUG Test worker     d.u.i.k.n.KeyIO           Load declarations of de.uka.ilkd.key.nparser.KeyAst$File:  <unknown>:1#1 
422745     INFO  Test worker     d.u.i.k.n.KeyIO           MODE: declarations took 0 ms 
422745     DEBUG Test worker     d.u.i.k.n.KeyIO           MODE: 2nd degree decls took 0 
422745     INFO  Test worker     d.u.i.k.n.KeyIO           Parsing took 0 ms 
422745     DEBUG Test worker     d.u.i.k.n.KeyIO           Load declarations of de.uka.ilkd.key.nparser.KeyAst$File:  <unknown>:1#1 
422745     INFO  Test worker     d.u.i.k.n.KeyIO           MODE: declarations took 0 ms 
422745     DEBUG Test worker     d.u.i.k.n.KeyIO           MODE: 2nd degree decls took 0 
422745     INFO  Test worker     d.u.i.k.n.KeyIO           Parsing took 0 ms 
422745     DEBUG Test worker     d.u.i.k.n.KeyIO           Load declarations of de.uka.ilkd.key.nparser.KeyAst$File:  <unknown>:1#1 
422745     INFO  Test worker     d.u.i.k.n.KeyIO           MODE: declarations took 0 ms 
422745     DEBUG Test worker     d.u.i.k.n.KeyIO           MODE: 2nd degree decls took 0 
426843     INFO  Test worker     d.u.i.k.n.KeyIO           Parsing took 0 ms 
426843     DEBUG Test worker     d.u.i.k.n.KeyIO           Load declarations of de.uka.ilkd.key.nparser.KeyAst$File:  <unknown>:1#1 
426843     INFO  Test worker     d.u.i.k.n.KeyIO           MODE: declarations took 0 ms 
426843     DEBUG Test worker     d.u.i.k.n.KeyIO           MODE: 2nd degree decls took 0 
426843     INFO  Test worker     d.u.i.k.n.KeyIO           Parsing took 0 ms 
426843     DEBUG Test worker     d.u.i.k.n.KeyIO           Load declarations of de.uka.ilkd.key.nparser.KeyAst$File:  <unknown>:1#1 
426843     INFO  Test worker     d.u.i.k.n.KeyIO           MODE: declarations took 0 ms 
426843     DEBUG Test worker     d.u.i.k.n.KeyIO           MODE: 2nd degree decls took 0 
426843     INFO  Test worker     d.u.i.k.n.KeyIO           Parsing took 0 ms 
426843     DEBUG Test worker     d.u.i.k.n.KeyIO           Load declarations of de.uka.ilkd.key.nparser.KeyAst$File:  <unknown>:1#1 
426843     INFO  Test worker     d.u.i.k.n.KeyIO           MODE: declarations took 0 ms 
426843     DEBUG Test worker     d.u.i.k.n.KeyIO           MODE: 2nd degree decls took 0 
426843     INFO  Test worker     d.u.i.k.n.KeyIO           Parsing took 0 ms 
426843     DEBUG Test worker     d.u.i.k.n.KeyIO           Load declarations of de.uka.ilkd.key.nparser.KeyAst$File:  <unknown>:1#1 
426843     INFO  Test worker     d.u.i.k.n.KeyIO           MODE: declarations took 0 ms 
426843     DEBUG Test worker     d.u.i.k.n.KeyIO           MODE: 2nd degree decls took 0 
426843     INFO  Test worker     d.u.i.k.n.KeyIO           Parsing took 0 ms 
426843     DEBUG Test worker     d.u.i.k.n.KeyIO           Load declarations of de.uka.ilkd.key.nparser.KeyAst$File:  <unknown>:1#1 
426843     INFO  Test worker     d.u.i.k.n.KeyIO           MODE: declarations took 0 ms 
426843     DEBUG Test worker     d.u.i.k.n.KeyIO           MODE: 2nd degree decls took 0 
430954     INFO  Test worker     d.u.i.k.n.KeyIO           Parsing took 0 ms 
430954     DEBUG Test worker     d.u.i.k.n.KeyIO           Load declarations of de.uka.ilkd.key.nparser.KeyAst$File:  <unknown>:1#1 
430954     INFO  Test worker     d.u.i.k.n.KeyIO           MODE: declarations took 0 ms 
430954     DEBUG Test worker     d.u.i.k.n.KeyIO           MODE: 2nd degree decls took 0 
430954     INFO  Test worker     d.u.i.k.n.KeyIO           Parsing took 0 ms 
430954     DEBUG Test worker     d.u.i.k.n.KeyIO           Load declarations of de.uka.ilkd.key.nparser.KeyAst$File:  <unknown>:1#1 
430954     INFO  Test worker     d.u.i.k.n.KeyIO           MODE: declarations took 0 ms 
430954     DEBUG Test worker     d.u.i.k.n.KeyIO           MODE: 2nd degree decls took 0 
430954     INFO  Test worker     d.u.i.k.n.KeyIO           Parsing took 0 ms 
430954     DEBUG Test worker     d.u.i.k.n.KeyIO           Load declarations of de.uka.ilkd.key.nparser.KeyAst$File:  <unknown>:1#1 
430954     INFO  Test worker     d.u.i.k.n.KeyIO           MODE: declarations took 0 ms 
430954     DEBUG Test worker     d.u.i.k.n.KeyIO           MODE: 2nd degree decls took 0 
430954     INFO  Test worker     d.u.i.k.n.KeyIO           Parsing took 0 ms 
430954     DEBUG Test worker     d.u.i.k.n.KeyIO           Load declarations of de.uka.ilkd.key.nparser.KeyAst$File:  <unknown>:1#1 
430954     INFO  Test worker     d.u.i.k.n.KeyIO           MODE: declarations took 0 ms 
430954     DEBUG Test worker     d.u.i.k.n.KeyIO           MODE: 2nd degree decls took 0 
430954     INFO  Test worker     d.u.i.k.n.KeyIO           Parsing took 0 ms 
430954     DEBUG Test worker     d.u.i.k.n.KeyIO           Load declarations of de.uka.ilkd.key.nparser.KeyAst$File:  <unknown>:1#1 
430954     INFO  Test worker     d.u.i.k.n.KeyIO           MODE: declarations took 0 ms 
430954     DEBUG Test worker     d.u.i.k.n.KeyIO           MODE: 2nd degree decls took 0 
430954     INFO  Test worker     d.u.i.k.n.KeyIO           Parsing took 0 ms 
430954     DEBUG Test worker     d.u.i.k.n.KeyIO           Load declarations of de.uka.ilkd.key.nparser.KeyAst$File:  <unknown>:1#1 
430954     INFO  Test worker     d.u.i.k.n.KeyIO           MODE: declarations took 0 ms 
430954     DEBUG Test worker     d.u.i.k.n.KeyIO           MODE: 2nd degree decls took 0 
435364     INFO  Test worker     d.u.i.k.n.KeyIO           Parsing took 0 ms 
435364     DEBUG Test worker     d.u.i.k.n.KeyIO           Load declarations of de.uka.ilkd.key.nparser.KeyAst$File:  <unknown>:1#1 
435364     INFO  Test worker     d.u.i.k.n.KeyIO           MODE: declarations took 0 ms 
435364     DEBUG Test worker     d.u.i.k.n.KeyIO           MODE: 2nd degree decls took 0 
435364     INFO  Test worker     d.u.i.k.n.KeyIO           Parsing took 0 ms 
435364     DEBUG Test worker     d.u.i.k.n.KeyIO           Load declarations of de.uka.ilkd.key.nparser.KeyAst$File:  <unknown>:1#1 
435364     INFO  Test worker     d.u.i.k.n.KeyIO           MODE: declarations took 0 ms 
435364     DEBUG Test worker     d.u.i.k.n.KeyIO           MODE: 2nd degree decls took 0 
435364     INFO  Test worker     d.u.i.k.n.KeyIO           Parsing took 0 ms 
435364     DEBUG Test worker     d.u.i.k.n.KeyIO           Load declarations of de.uka.ilkd.key.nparser.KeyAst$File:  <unknown>:1#1 
435364     INFO  Test worker     d.u.i.k.n.KeyIO           MODE: declarations took 0 ms 
435364     DEBUG Test worker     d.u.i.k.n.KeyIO           MODE: 2nd degree decls took 0 
435364     INFO  Test worker     d.u.i.k.n.KeyIO           Parsing took 0 ms 
435364     DEBUG Test worker     d.u.i.k.n.KeyIO           Load declarations of de.uka.ilkd.key.nparser.KeyAst$File:  <unknown>:1#1 
435364     INFO  Test worker     d.u.i.k.n.KeyIO           MODE: declarations took 0 ms 
435364     DEBUG Test worker     d.u.i.k.n.KeyIO           MODE: 2nd degree decls took 0 
435364     INFO  Test worker     d.u.i.k.n.KeyIO           Parsing took 0 ms 
435364     DEBUG Test worker     d.u.i.k.n.KeyIO           Load declarations of de.uka.ilkd.key.nparser.KeyAst$File:  <unknown>:1#1 
435364     INFO  Test worker     d.u.i.k.n.KeyIO           MODE: declarations took 0 ms 
435364     DEBUG Test worker     d.u.i.k.n.KeyIO           MODE: 2nd degree decls took 0 
439913     INFO  Test worker     d.u.i.k.n.KeyIO           Parsing took 0 ms 
439913     DEBUG Test worker     d.u.i.k.n.KeyIO           Load declarations of de.uka.ilkd.key.nparser.KeyAst$File:  <unknown>:1#1 
439913     INFO  Test worker     d.u.i.k.n.KeyIO           MODE: declarations took 0 ms 
439913     DEBUG Test worker     d.u.i.k.n.KeyIO           MODE: 2nd degree decls took 0 
439913     INFO  Test worker     d.u.i.k.n.KeyIO           Parsing took 0 ms 
439913     DEBUG Test worker     d.u.i.k.n.KeyIO           Load declarations of de.uka.ilkd.key.nparser.KeyAst$File:  <unknown>:1#1 
439913     INFO  Test worker     d.u.i.k.n.KeyIO           MODE: declarations took 0 ms 
439913     DEBUG Test worker     d.u.i.k.n.KeyIO           MODE: 2nd degree decls took 0 
439913     INFO  Test worker     d.u.i.k.n.KeyIO           Parsing took 0 ms 
439913     DEBUG Test worker     d.u.i.k.n.KeyIO           Load declarations of de.uka.ilkd.key.nparser.KeyAst$File:  <unknown>:1#1 
439913     INFO  Test worker     d.u.i.k.n.KeyIO           MODE: declarations took 0 ms 
439913     DEBUG Test worker     d.u.i.k.n.KeyIO           MODE: 2nd degree decls took 0 
439913     INFO  Test worker     d.u.i.k.n.KeyIO           Parsing took 0 ms 
439913     DEBUG Test worker     d.u.i.k.n.KeyIO           Load declarations of de.uka.ilkd.key.nparser.KeyAst$File:  <unknown>:1#1 
439913     INFO  Test worker     d.u.i.k.n.KeyIO           MODE: declarations took 0 ms 
439913     DEBUG Test worker     d.u.i.k.n.KeyIO           MODE: 2nd degree decls took 0 
439913     INFO  Test worker     d.u.i.k.n.KeyIO           Parsing took 0 ms 
439913     DEBUG Test worker     d.u.i.k.n.KeyIO           Load declarations of de.uka.ilkd.key.nparser.KeyAst$File:  <unknown>:1#1 
439913     INFO  Test worker     d.u.i.k.n.KeyIO           MODE: declarations took 0 ms 
439913     DEBUG Test worker     d.u.i.k.n.KeyIO           MODE: 2nd degree decls took 0 
444415     INFO  Test worker     d.u.i.k.n.KeyIO           Parsing took 0 ms 
444415     DEBUG Test worker     d.u.i.k.n.KeyIO           Load declarations of de.uka.ilkd.key.nparser.KeyAst$File:  <unknown>:1#1 
444415     INFO  Test worker     d.u.i.k.n.KeyIO           MODE: declarations took 0 ms 
444415     DEBUG Test worker     d.u.i.k.n.KeyIO           MODE: 2nd degree decls took 0 
444415     INFO  Test worker     d.u.i.k.n.KeyIO           Parsing took 0 ms 
444415     DEBUG Test worker     d.u.i.k.n.KeyIO           Load declarations of de.uka.ilkd.key.nparser.KeyAst$File:  <unknown>:1#1 
444415     INFO  Test worker     d.u.i.k.n.KeyIO           MODE: declarations took 0 ms 
444415     DEBUG Test worker     d.u.i.k.n.KeyIO           MODE: 2nd degree decls took 0 
444415     INFO  Test worker     d.u.i.k.n.KeyIO           Parsing took 0 ms 
444415     DEBUG Test worker     d.u.i.k.n.KeyIO           Load declarations of de.uka.ilkd.key.nparser.KeyAst$File:  <unknown>:1#1 
444415     INFO  Test worker     d.u.i.k.n.KeyIO           MODE: declarations took 0 ms 
444415     DEBUG Test worker     d.u.i.k.n.KeyIO           MODE: 2nd degree decls took 0 
444415     INFO  Test worker     d.u.i.k.n.KeyIO           Parsing took 0 ms 
444415     DEBUG Test worker     d.u.i.k.n.KeyIO           Load declarations of de.uka.ilkd.key.nparser.KeyAst$File:  <unknown>:1#1 
444415     INFO  Test worker     d.u.i.k.n.KeyIO           MODE: declarations took 0 ms 
444415     DEBUG Test worker     d.u.i.k.n.KeyIO           MODE: 2nd degree decls took 0 
444415     INFO  Test worker     d.u.i.k.n.KeyIO           Parsing took 0 ms 
444415     DEBUG Test worker     d.u.i.k.n.KeyIO           Load declarations of de.uka.ilkd.key.nparser.KeyAst$File:  <unknown>:1#1 
444415     INFO  Test worker     d.u.i.k.n.KeyIO           MODE: declarations took 0 ms 
444415     DEBUG Test worker     d.u.i.k.n.KeyIO           MODE: 2nd degree decls took 0 
449058     INFO  Test worker     d.u.i.k.n.KeyIO           Parsing took 0 ms 
449058     DEBUG Test worker     d.u.i.k.n.KeyIO           Load declarations of de.uka.ilkd.key.nparser.KeyAst$File:  <unknown>:1#1 
449058     INFO  Test worker     d.u.i.k.n.KeyIO           MODE: declarations took 0 ms 
449058     DEBUG Test worker     d.u.i.k.n.KeyIO           MODE: 2nd degree decls took 0 
449058     INFO  Test worker     d.u.i.k.n.KeyIO           Parsing took 0 ms 
449058     DEBUG Test worker     d.u.i.k.n.KeyIO           Load declarations of de.uka.ilkd.key.nparser.KeyAst$File:  <unknown>:1#1 
449058     INFO  Test worker     d.u.i.k.n.KeyIO           MODE: declarations took 0 ms 
449058     DEBUG Test worker     d.u.i.k.n.KeyIO           MODE: 2nd degree decls took 0 
449058     INFO  Test worker     d.u.i.k.n.KeyIO           Parsing took 0 ms 
449058     DEBUG Test worker     d.u.i.k.n.KeyIO           Load declarations of de.uka.ilkd.key.nparser.KeyAst$File:  <unknown>:1#1 
449058     INFO  Test worker     d.u.i.k.n.KeyIO           MODE: declarations took 0 ms 
449058     DEBUG Test worker     d.u.i.k.n.KeyIO           MODE: 2nd degree decls took 0 
449058     INFO  Test worker     d.u.i.k.n.KeyIO           Parsing took 0 ms 
449058     DEBUG Test worker     d.u.i.k.n.KeyIO           Load declarations of de.uka.ilkd.key.nparser.KeyAst$File:  <unknown>:1#1 
449058     INFO  Test worker     d.u.i.k.n.KeyIO           MODE: declarations took 0 ms 
449058     DEBUG Test worker     d.u.i.k.n.KeyIO           MODE: 2nd degree decls took 0 
449058     INFO  Test worker     d.u.i.k.n.KeyIO           Parsing took 0 ms 
449058     DEBUG Test worker     d.u.i.k.n.KeyIO           Load declarations of de.uka.ilkd.key.nparser.KeyAst$File:  <unknown>:1#1 
449058     INFO  Test worker     d.u.i.k.n.KeyIO           MODE: declarations took 0 ms 
449058     DEBUG Test worker     d.u.i.k.n.KeyIO           MODE: 2nd degree decls took 0 
453467     INFO  Test worker     d.u.i.k.n.KeyIO           Parsing took 0 ms 
453467     DEBUG Test worker     d.u.i.k.n.KeyIO           Load declarations of de.uka.ilkd.key.nparser.KeyAst$File:  <unknown>:1#1 
453467     INFO  Test worker     d.u.i.k.n.KeyIO           MODE: declarations took 0 ms 
453467     DEBUG Test worker     d.u.i.k.n.KeyIO           MODE: 2nd degree decls took 0 
453467     INFO  Test worker     d.u.i.k.n.KeyIO           Parsing took 0 ms 
453467     DEBUG Test worker     d.u.i.k.n.KeyIO           Load declarations of de.uka.ilkd.key.nparser.KeyAst$File:  <unknown>:1#1 
453467     INFO  Test worker     d.u.i.k.n.KeyIO           MODE: declarations took 0 ms 
453467     DEBUG Test worker     d.u.i.k.n.KeyIO           MODE: 2nd degree decls took 0 
453467     INFO  Test worker     d.u.i.k.n.KeyIO           Parsing took 0 ms 
453467     DEBUG Test worker     d.u.i.k.n.KeyIO           Load declarations of de.uka.ilkd.key.nparser.KeyAst$File:  <unknown>:1#1 
453467     INFO  Test worker     d.u.i.k.n.KeyIO           MODE: declarations took 0 ms 
453467     DEBUG Test worker     d.u.i.k.n.KeyIO           MODE: 2nd degree decls took 0 
453467     INFO  Test worker     d.u.i.k.n.KeyIO           Parsing took 0 ms 
453467     DEBUG Test worker     d.u.i.k.n.KeyIO           Load declarations of de.uka.ilkd.key.nparser.KeyAst$File:  <unknown>:1#1 
453467     INFO  Test worker     d.u.i.k.n.KeyIO           MODE: declarations took 0 ms 
453467     DEBUG Test worker     d.u.i.k.n.KeyIO           MODE: 2nd degree decls took 0 
453467     INFO  Test worker     d.u.i.k.n.KeyIO           Parsing took 0 ms 
453467     DEBUG Test worker     d.u.i.k.n.KeyIO           Load declarations of de.uka.ilkd.key.nparser.KeyAst$File:  <unknown>:1#1 
453467     INFO  Test worker     d.u.i.k.n.KeyIO           MODE: declarations took 0 ms 
453467     DEBUG Test worker     d.u.i.k.n.KeyIO           MODE: 2nd degree decls took 0 
457876     INFO  Test worker     d.u.i.k.n.KeyIO           Parsing took 0 ms 
457876     DEBUG Test worker     d.u.i.k.n.KeyIO           Load declarations of de.uka.ilkd.key.nparser.KeyAst$File:  <unknown>:1#1 
457876     INFO  Test worker     d.u.i.k.n.KeyIO           MODE: declarations took 0 ms 
457876     DEBUG Test worker     d.u.i.k.n.KeyIO           MODE: 2nd degree decls took 0 
457876     INFO  Test worker     d.u.i.k.n.KeyIO           Parsing took 0 ms 
457876     DEBUG Test worker     d.u.i.k.n.KeyIO           Load declarations of de.uka.ilkd.key.nparser.KeyAst$File:  <unknown>:1#1 
457876     INFO  Test worker     d.u.i.k.n.KeyIO           MODE: declarations took 0 ms 
457876     DEBUG Test worker     d.u.i.k.n.KeyIO           MODE: 2nd degree decls took 0 
457876     INFO  Test worker     d.u.i.k.n.KeyIO           Parsing took 0 ms 
457876     DEBUG Test worker     d.u.i.k.n.KeyIO           Load declarations of de.uka.ilkd.key.nparser.KeyAst$File:  <unknown>:1#1 
457876     INFO  Test worker     d.u.i.k.n.KeyIO           MODE: declarations took 0 ms 
457876     DEBUG Test worker     d.u.i.k.n.KeyIO           MODE: 2nd degree decls took 0 
457876     INFO  Test worker     d.u.i.k.n.KeyIO           Parsing took 0 ms 
457876     DEBUG Test worker     d.u.i.k.n.KeyIO           Load declarations of de.uka.ilkd.key.nparser.KeyAst$File:  <unknown>:1#1 
457876     INFO  Test worker     d.u.i.k.n.KeyIO           MODE: declarations took 0 ms 
457876     DEBUG Test worker     d.u.i.k.n.KeyIO           MODE: 2nd degree decls took 0 
457876     INFO  Test worker     d.u.i.k.n.KeyIO           Parsing took 0 ms 
457876     DEBUG Test worker     d.u.i.k.n.KeyIO           Load declarations of de.uka.ilkd.key.nparser.KeyAst$File:  <unknown>:1#1 
457876     INFO  Test worker     d.u.i.k.n.KeyIO           MODE: declarations took 0 ms 
457876     DEBUG Test worker     d.u.i.k.n.KeyIO           MODE: 2nd degree decls took 0 
462237     INFO  Test worker     d.u.i.k.n.KeyIO           Parsing took 0 ms 
462237     DEBUG Test worker     d.u.i.k.n.KeyIO           Load declarations of de.uka.ilkd.key.nparser.KeyAst$File:  <unknown>:1#1 
462237     INFO  Test worker     d.u.i.k.n.KeyIO           MODE: declarations took 0 ms 
462237     DEBUG Test worker     d.u.i.k.n.KeyIO           MODE: 2nd degree decls took 0 
462237     INFO  Test worker     d.u.i.k.n.KeyIO           Parsing took 0 ms 
462237     DEBUG Test worker     d.u.i.k.n.KeyIO           Load declarations of de.uka.ilkd.key.nparser.KeyAst$File:  <unknown>:1#1 
462237     INFO  Test worker     d.u.i.k.n.KeyIO           MODE: declarations took 0 ms 
462237     DEBUG Test worker     d.u.i.k.n.KeyIO           MODE: 2nd degree decls took 0 
462237     INFO  Test worker     d.u.i.k.n.KeyIO           Parsing took 0 ms 
462237     DEBUG Test worker     d.u.i.k.n.KeyIO           Load declarations of de.uka.ilkd.key.nparser.KeyAst$File:  <unknown>:1#1 
462237     INFO  Test worker     d.u.i.k.n.KeyIO           MODE: declarations took 0 ms 
462237     DEBUG Test worker     d.u.i.k.n.KeyIO           MODE: 2nd degree decls took 0 
462237     INFO  Test worker     d.u.i.k.n.KeyIO           Parsing took 0 ms 
462237     DEBUG Test worker     d.u.i.k.n.KeyIO           Load declarations of de.uka.ilkd.key.nparser.KeyAst$File:  <unknown>:1#1 
462237     INFO  Test worker     d.u.i.k.n.KeyIO           MODE: declarations took 0 ms 
462237     DEBUG Test worker     d.u.i.k.n.KeyIO           MODE: 2nd degree decls took 0 
462237     INFO  Test worker     d.u.i.k.n.KeyIO           Parsing took 0 ms 
462237     DEBUG Test worker     d.u.i.k.n.KeyIO           Load declarations of de.uka.ilkd.key.nparser.KeyAst$File:  <unknown>:1#1 
462237     INFO  Test worker     d.u.i.k.n.KeyIO           MODE: declarations took 0 ms 
462237     DEBUG Test worker     d.u.i.k.n.KeyIO           MODE: 2nd degree decls took 0 
466602     INFO  Test worker     d.u.i.k.n.KeyIO           Parsing took 0 ms 
466602     DEBUG Test worker     d.u.i.k.n.KeyIO           Load declarations of de.uka.ilkd.key.nparser.KeyAst$File:  <unknown>:1#1 
466602     INFO  Test worker     d.u.i.k.n.KeyIO           MODE: declarations took 0 ms 
466602     DEBUG Test worker     d.u.i.k.n.KeyIO           MODE: 2nd degree decls took 0 
466602     INFO  Test worker     d.u.i.k.n.KeyIO           Parsing took 0 ms 
466602     DEBUG Test worker     d.u.i.k.n.KeyIO           Load declarations of de.uka.ilkd.key.nparser.KeyAst$File:  <unknown>:1#1 
466602     INFO  Test worker     d.u.i.k.n.KeyIO           MODE: declarations took 0 ms 
466602     DEBUG Test worker     d.u.i.k.n.KeyIO           MODE: 2nd degree decls took 0 
466602     INFO  Test worker     d.u.i.k.n.KeyIO           Parsing took 0 ms 
466602     DEBUG Test worker     d.u.i.k.n.KeyIO           Load declarations of de.uka.ilkd.key.nparser.KeyAst$File:  <unknown>:1#1 
466602     INFO  Test worker     d.u.i.k.n.KeyIO           MODE: declarations took 0 ms 
466602     DEBUG Test worker     d.u.i.k.n.KeyIO           MODE: 2nd degree decls took 0 
466602     INFO  Test worker     d.u.i.k.n.KeyIO           Parsing took 0 ms 
466602     DEBUG Test worker     d.u.i.k.n.KeyIO           Load declarations of de.uka.ilkd.key.nparser.KeyAst$File:  <unknown>:1#1 
466602     INFO  Test worker     d.u.i.k.n.KeyIO           MODE: declarations took 0 ms 
466602     DEBUG Test worker     d.u.i.k.n.KeyIO           MODE: 2nd degree decls took 0 
466602     INFO  Test worker     d.u.i.k.n.KeyIO           Parsing took 0 ms 
466602     DEBUG Test worker     d.u.i.k.n.KeyIO           Load declarations of de.uka.ilkd.key.nparser.KeyAst$File:  <unknown>:1#1 
466602     INFO  Test worker     d.u.i.k.n.KeyIO           MODE: declarations took 0 ms 
466602     DEBUG Test worker     d.u.i.k.n.KeyIO           MODE: 2nd degree decls took 0 
470948     INFO  Test worker     d.u.i.k.n.KeyIO           Parsing took 0 ms 
470948     DEBUG Test worker     d.u.i.k.n.KeyIO           Load declarations of de.uka.ilkd.key.nparser.KeyAst$File:  <unknown>:1#1 
470948     INFO  Test worker     d.u.i.k.n.KeyIO           MODE: declarations took 0 ms 
470948     DEBUG Test worker     d.u.i.k.n.KeyIO           MODE: 2nd degree decls took 0 
470948     INFO  Test worker     d.u.i.k.n.KeyIO           Parsing took 0 ms 
470948     DEBUG Test worker     d.u.i.k.n.KeyIO           Load declarations of de.uka.ilkd.key.nparser.KeyAst$File:  <unknown>:1#1 
470948     INFO  Test worker     d.u.i.k.n.KeyIO           MODE: declarations took 0 ms 
470948     DEBUG Test worker     d.u.i.k.n.KeyIO           MODE: 2nd degree decls took 0 
470948     INFO  Test worker     d.u.i.k.n.KeyIO           Parsing took 0 ms 
470948     DEBUG Test worker     d.u.i.k.n.KeyIO           Load declarations of de.uka.ilkd.key.nparser.KeyAst$File:  <unknown>:1#1 
470948     INFO  Test worker     d.u.i.k.n.KeyIO           MODE: declarations took 0 ms 
470948     DEBUG Test worker     d.u.i.k.n.KeyIO           MODE: 2nd degree decls took 0 
470948     INFO  Test worker     d.u.i.k.n.KeyIO           Parsing took 0 ms 
470948     DEBUG Test worker     d.u.i.k.n.KeyIO           Load declarations of de.uka.ilkd.key.nparser.KeyAst$File:  <unknown>:1#1 
470948     INFO  Test worker     d.u.i.k.n.KeyIO           MODE: declarations took 0 ms 
470948     DEBUG Test worker     d.u.i.k.n.KeyIO           MODE: 2nd degree decls took 0 
470948     INFO  Test worker     d.u.i.k.n.KeyIO           Parsing took 0 ms 
470948     DEBUG Test worker     d.u.i.k.n.KeyIO           Load declarations of de.uka.ilkd.key.nparser.KeyAst$File:  <unknown>:1#1 
470948     INFO  Test worker     d.u.i.k.n.KeyIO           MODE: declarations took 0 ms 
470948     DEBUG Test worker     d.u.i.k.n.KeyIO           MODE: 2nd degree decls took 0 
475326     INFO  Test worker     d.u.i.k.n.KeyIO           Parsing took 0 ms 
475326     DEBUG Test worker     d.u.i.k.n.KeyIO           Load declarations of de.uka.ilkd.key.nparser.KeyAst$File:  <unknown>:1#1 
475326     INFO  Test worker     d.u.i.k.n.KeyIO           MODE: declarations took 0 ms 
475326     DEBUG Test worker     d.u.i.k.n.KeyIO           MODE: 2nd degree decls took 0 
475326     INFO  Test worker     d.u.i.k.n.KeyIO           Parsing took 0 ms 
475326     DEBUG Test worker     d.u.i.k.n.KeyIO           Load declarations of de.uka.ilkd.key.nparser.KeyAst$File:  <unknown>:1#1 
475326     INFO  Test worker     d.u.i.k.n.KeyIO           MODE: declarations took 0 ms 
475326     DEBUG Test worker     d.u.i.k.n.KeyIO           MODE: 2nd degree decls took 0 
475326     INFO  Test worker     d.u.i.k.n.KeyIO           Parsing took 0 ms 
475326     DEBUG Test worker     d.u.i.k.n.KeyIO           Load declarations of de.uka.ilkd.key.nparser.KeyAst$File:  <unknown>:1#1 
475326     INFO  Test worker     d.u.i.k.n.KeyIO           MODE: declarations took 0 ms 
475326     DEBUG Test worker     d.u.i.k.n.KeyIO           MODE: 2nd degree decls took 0 
475326     INFO  Test worker     d.u.i.k.n.KeyIO           Parsing took 0 ms 
475326     DEBUG Test worker     d.u.i.k.n.KeyIO           Load declarations of de.uka.ilkd.key.nparser.KeyAst$File:  <unknown>:1#1 
475326     INFO  Test worker     d.u.i.k.n.KeyIO           MODE: declarations took 0 ms 
475326     DEBUG Test worker     d.u.i.k.n.KeyIO           MODE: 2nd degree decls took 0 
475326     INFO  Test worker     d.u.i.k.n.KeyIO           Parsing took 0 ms 
475326     DEBUG Test worker     d.u.i.k.n.KeyIO           Load declarations of de.uka.ilkd.key.nparser.KeyAst$File:  <unknown>:1#1 
475326     INFO  Test worker     d.u.i.k.n.KeyIO           MODE: declarations took 0 ms 
475326     DEBUG Test worker     d.u.i.k.n.KeyIO           MODE: 2nd degree decls took 0 
479893     INFO  Test worker     d.u.i.k.n.KeyIO           Parsing took 0 ms 
479893     DEBUG Test worker     d.u.i.k.n.KeyIO           Load declarations of de.uka.ilkd.key.nparser.KeyAst$File:  <unknown>:1#1 
479893     INFO  Test worker     d.u.i.k.n.KeyIO           MODE: declarations took 0 ms 
479893     DEBUG Test worker     d.u.i.k.n.KeyIO           MODE: 2nd degree decls took 0 
479893     INFO  Test worker     d.u.i.k.n.KeyIO           Parsing took 0 ms 
479893     DEBUG Test worker     d.u.i.k.n.KeyIO           Load declarations of de.uka.ilkd.key.nparser.KeyAst$File:  <unknown>:1#1 
479893     INFO  Test worker     d.u.i.k.n.KeyIO           MODE: declarations took 0 ms 
479893     DEBUG Test worker     d.u.i.k.n.KeyIO           MODE: 2nd degree decls took 0 
479893     INFO  Test worker     d.u.i.k.n.KeyIO           Parsing took 0 ms 
479893     DEBUG Test worker     d.u.i.k.n.KeyIO           Load declarations of de.uka.ilkd.key.nparser.KeyAst$File:  <unknown>:1#1 
479893     INFO  Test worker     d.u.i.k.n.KeyIO           MODE: declarations took 0 ms 
479893     DEBUG Test worker     d.u.i.k.n.KeyIO           MODE: 2nd degree decls took 0 
479893     INFO  Test worker     d.u.i.k.n.KeyIO           Parsing took 0 ms 
479893     DEBUG Test worker     d.u.i.k.n.KeyIO           Load declarations of de.uka.ilkd.key.nparser.KeyAst$File:  <unknown>:1#1 
479893     INFO  Test worker     d.u.i.k.n.KeyIO           MODE: declarations took 0 ms 
479893     DEBUG Test worker     d.u.i.k.n.KeyIO           MODE: 2nd degree decls took 0 
479909     INFO  Test worker     d.u.i.k.n.KeyIO           Parsing took 0 ms 
479909     DEBUG Test worker     d.u.i.k.n.KeyIO           Load declarations of de.uka.ilkd.key.nparser.KeyAst$File:  <unknown>:1#1 
479909     INFO  Test worker     d.u.i.k.n.KeyIO           MODE: declarations took 0 ms 
479909     DEBUG Test worker     d.u.i.k.n.KeyIO           MODE: 2nd degree decls took 0 
484332     INFO  Test worker     d.u.i.k.n.KeyIO           Parsing took 0 ms 
484332     DEBUG Test worker     d.u.i.k.n.KeyIO           Load declarations of de.uka.ilkd.key.nparser.KeyAst$File:  <unknown>:1#1 
484332     INFO  Test worker     d.u.i.k.n.KeyIO           MODE: declarations took 0 ms 
484332     DEBUG Test worker     d.u.i.k.n.KeyIO           MODE: 2nd degree decls took 0 
484332     INFO  Test worker     d.u.i.k.n.KeyIO           Parsing took 0 ms 
484332     DEBUG Test worker     d.u.i.k.n.KeyIO           Load declarations of de.uka.ilkd.key.nparser.KeyAst$File:  <unknown>:1#1 
484332     INFO  Test worker     d.u.i.k.n.KeyIO           MODE: declarations took 0 ms 
484332     DEBUG Test worker     d.u.i.k.n.KeyIO           MODE: 2nd degree decls took 0 
484332     INFO  Test worker     d.u.i.k.n.KeyIO           Parsing took 0 ms 
484332     DEBUG Test worker     d.u.i.k.n.KeyIO           Load declarations of de.uka.ilkd.key.nparser.KeyAst$File:  <unknown>:1#1 
484332     INFO  Test worker     d.u.i.k.n.KeyIO           MODE: declarations took 0 ms 
484332     DEBUG Test worker     d.u.i.k.n.KeyIO           MODE: 2nd degree decls took 0 
484332     INFO  Test worker     d.u.i.k.n.KeyIO           Parsing took 0 ms 
484332     DEBUG Test worker     d.u.i.k.n.KeyIO           Load declarations of de.uka.ilkd.key.nparser.KeyAst$File:  <unknown>:1#1 
484332     INFO  Test worker     d.u.i.k.n.KeyIO           MODE: declarations took 0 ms 
484332     DEBUG Test worker     d.u.i.k.n.KeyIO           MODE: 2nd degree decls took 0 
484332     INFO  Test worker     d.u.i.k.n.KeyIO           Parsing took 0 ms 
484332     DEBUG Test worker     d.u.i.k.n.KeyIO           Load declarations of de.uka.ilkd.key.nparser.KeyAst$File:  <unknown>:1#1 
484332     INFO  Test worker     d.u.i.k.n.KeyIO           MODE: declarations took 0 ms 
484332     DEBUG Test worker     d.u.i.k.n.KeyIO           MODE: 2nd degree decls took 0 
484332     WARN  Test worker     d.u.i.k.n.KeYParser       [syntax-error] <unknown>:1:11: mismatched input '@' expecting {'/', ':=', '.', '(', ')', '{', '[', '@', PARALLEL, OR, AND, IMP, '=', NOT_EQUALS, '%', '*', '-', '+', '>', GREATEREQUAL, '<', LESSEQUAL, LGUILLEMETS, EQV} [@11,11:11='@',<153>,1:11] (termEOF) 
488836     INFO  Test worker     d.u.i.k.n.KeyIO           Parsing took 0 ms 
488836     DEBUG Test worker     d.u.i.k.n.KeyIO           Load declarations of de.uka.ilkd.key.nparser.KeyAst$File:  <unknown>:1#1 
488836     INFO  Test worker     d.u.i.k.n.KeyIO           MODE: declarations took 0 ms 
488836     DEBUG Test worker     d.u.i.k.n.KeyIO           MODE: 2nd degree decls took 0 
488836     INFO  Test worker     d.u.i.k.n.KeyIO           Parsing took 0 ms 
488836     DEBUG Test worker     d.u.i.k.n.KeyIO           Load declarations of de.uka.ilkd.key.nparser.KeyAst$File:  <unknown>:1#1 
488836     INFO  Test worker     d.u.i.k.n.KeyIO           MODE: declarations took 0 ms 
488836     DEBUG Test worker     d.u.i.k.n.KeyIO           MODE: 2nd degree decls took 0 
488836     INFO  Test worker     d.u.i.k.n.KeyIO           Parsing took 0 ms 
488836     DEBUG Test worker     d.u.i.k.n.KeyIO           Load declarations of de.uka.ilkd.key.nparser.KeyAst$File:  <unknown>:1#1 
488836     INFO  Test worker     d.u.i.k.n.KeyIO           MODE: declarations took 0 ms 
488836     DEBUG Test worker     d.u.i.k.n.KeyIO           MODE: 2nd degree decls took 0 
488851     INFO  Test worker     d.u.i.k.n.KeyIO           Parsing took 0 ms 
488851     DEBUG Test worker     d.u.i.k.n.KeyIO           Load declarations of de.uka.ilkd.key.nparser.KeyAst$File:  <unknown>:1#1 
488851     INFO  Test worker     d.u.i.k.n.KeyIO           MODE: declarations took 0 ms 
488851     DEBUG Test worker     d.u.i.k.n.KeyIO           MODE: 2nd degree decls took 0 
488851     INFO  Test worker     d.u.i.k.n.KeyIO           Parsing took 0 ms 
488851     DEBUG Test worker     d.u.i.k.n.KeyIO           Load declarations of de.uka.ilkd.key.nparser.KeyAst$File:  <unknown>:1#1 
488851     INFO  Test worker     d.u.i.k.n.KeyIO           MODE: declarations took 0 ms 
488851     DEBUG Test worker     d.u.i.k.n.KeyIO           MODE: 2nd degree decls took 0 
493402     INFO  Test worker     d.u.i.k.n.KeyIO           Parsing took 0 ms 
493402     DEBUG Test worker     d.u.i.k.n.KeyIO           Load declarations of de.uka.ilkd.key.nparser.KeyAst$File:  <unknown>:1#1 
493402     INFO  Test worker     d.u.i.k.n.KeyIO           MODE: declarations took 0 ms 
493402     DEBUG Test worker     d.u.i.k.n.KeyIO           MODE: 2nd degree decls took 0 
493402     INFO  Test worker     d.u.i.k.n.KeyIO           Parsing took 0 ms 
493402     DEBUG Test worker     d.u.i.k.n.KeyIO           Load declarations of de.uka.ilkd.key.nparser.KeyAst$File:  <unknown>:1#1 
493402     INFO  Test worker     d.u.i.k.n.KeyIO           MODE: declarations took 0 ms 
493402     DEBUG Test worker     d.u.i.k.n.KeyIO           MODE: 2nd degree decls took 0 
493402     INFO  Test worker     d.u.i.k.n.KeyIO           Parsing took 0 ms 
493402     DEBUG Test worker     d.u.i.k.n.KeyIO           Load declarations of de.uka.ilkd.key.nparser.KeyAst$File:  <unknown>:1#1 
493402     INFO  Test worker     d.u.i.k.n.KeyIO           MODE: declarations took 0 ms 
493402     DEBUG Test worker     d.u.i.k.n.KeyIO           MODE: 2nd degree decls took 0 
493402     INFO  Test worker     d.u.i.k.n.KeyIO           Parsing took 0 ms 
493402     DEBUG Test worker     d.u.i.k.n.KeyIO           Load declarations of de.uka.ilkd.key.nparser.KeyAst$File:  <unknown>:1#1 
493402     INFO  Test worker     d.u.i.k.n.KeyIO           MODE: declarations took 0 ms 
493402     DEBUG Test worker     d.u.i.k.n.KeyIO           MODE: 2nd degree decls took 0 
493402     INFO  Test worker     d.u.i.k.n.KeyIO           Parsing took 0 ms 
493402     DEBUG Test worker     d.u.i.k.n.KeyIO           Load declarations of de.uka.ilkd.key.nparser.KeyAst$File:  <unknown>:1#1 
493402     INFO  Test worker     d.u.i.k.n.KeyIO           MODE: declarations took 0 ms 
493402     DEBUG Test worker     d.u.i.k.n.KeyIO           MODE: 2nd degree decls took 0 
497984     INFO  Test worker     d.u.i.k.n.KeyIO           Parsing took 0 ms 
497984     DEBUG Test worker     d.u.i.k.n.KeyIO           Load declarations of de.uka.ilkd.key.nparser.KeyAst$File:  <unknown>:1#1 
497984     INFO  Test worker     d.u.i.k.n.KeyIO           MODE: declarations took 0 ms 
497984     DEBUG Test worker     d.u.i.k.n.KeyIO           MODE: 2nd degree decls took 0 
497984     INFO  Test worker     d.u.i.k.n.KeyIO           Parsing took 0 ms 
497984     DEBUG Test worker     d.u.i.k.n.KeyIO           Load declarations of de.uka.ilkd.key.nparser.KeyAst$File:  <unknown>:1#1 
497984     INFO  Test worker     d.u.i.k.n.KeyIO           MODE: declarations took 0 ms 
497984     DEBUG Test worker     d.u.i.k.n.KeyIO           MODE: 2nd degree decls took 0 
497984     INFO  Test worker     d.u.i.k.n.KeyIO           Parsing took 0 ms 
497984     DEBUG Test worker     d.u.i.k.n.KeyIO           Load declarations of de.uka.ilkd.key.nparser.KeyAst$File:  <unknown>:1#1 
497984     INFO  Test worker     d.u.i.k.n.KeyIO           MODE: declarations took 0 ms 
497984     DEBUG Test worker     d.u.i.k.n.KeyIO           MODE: 2nd degree decls took 0 
497984     INFO  Test worker     d.u.i.k.n.KeyIO           Parsing took 0 ms 
497984     DEBUG Test worker     d.u.i.k.n.KeyIO           Load declarations of de.uka.ilkd.key.nparser.KeyAst$File:  <unknown>:1#1 
497984     INFO  Test worker     d.u.i.k.n.KeyIO           MODE: declarations took 0 ms 
497984     DEBUG Test worker     d.u.i.k.n.KeyIO           MODE: 2nd degree decls took 0 
497984     INFO  Test worker     d.u.i.k.n.KeyIO           Parsing took 0 ms 
497984     DEBUG Test worker     d.u.i.k.n.KeyIO           Load declarations of de.uka.ilkd.key.nparser.KeyAst$File:  <unknown>:1#1 
497984     INFO  Test worker     d.u.i.k.n.KeyIO           MODE: declarations took 0 ms 
497984     DEBUG Test worker     d.u.i.k.n.KeyIO           MODE: 2nd degree decls took 0 
502658     INFO  Test worker     d.u.i.k.n.KeyIO           Parsing took 0 ms 
502658     DEBUG Test worker     d.u.i.k.n.KeyIO           Load declarations of de.uka.ilkd.key.nparser.KeyAst$File:  <unknown>:1#1 
502658     INFO  Test worker     d.u.i.k.n.KeyIO           MODE: declarations took 0 ms 
502658     DEBUG Test worker     d.u.i.k.n.KeyIO           MODE: 2nd degree decls took 0 
502658     INFO  Test worker     d.u.i.k.n.KeyIO           Parsing took 0 ms 
502658     DEBUG Test worker     d.u.i.k.n.KeyIO           Load declarations of de.uka.ilkd.key.nparser.KeyAst$File:  <unknown>:1#1 
502658     INFO  Test worker     d.u.i.k.n.KeyIO           MODE: declarations took 0 ms 
502658     DEBUG Test worker     d.u.i.k.n.KeyIO           MODE: 2nd degree decls took 0 
502658     INFO  Test worker     d.u.i.k.n.KeyIO           Parsing took 0 ms 
502658     DEBUG Test worker     d.u.i.k.n.KeyIO           Load declarations of de.uka.ilkd.key.nparser.KeyAst$File:  <unknown>:1#1 
502658     INFO  Test worker     d.u.i.k.n.KeyIO           MODE: declarations took 0 ms 
502658     DEBUG Test worker     d.u.i.k.n.KeyIO           MODE: 2nd degree decls took 0 
502658     INFO  Test worker     d.u.i.k.n.KeyIO           Parsing took 0 ms 
502658     DEBUG Test worker     d.u.i.k.n.KeyIO           Load declarations of de.uka.ilkd.key.nparser.KeyAst$File:  <unknown>:1#1 
502658     INFO  Test worker     d.u.i.k.n.KeyIO           MODE: declarations took 0 ms 
502658     DEBUG Test worker     d.u.i.k.n.KeyIO           MODE: 2nd degree decls took 0 
502658     INFO  Test worker     d.u.i.k.n.KeyIO           Parsing took 0 ms 
502658     DEBUG Test worker     d.u.i.k.n.KeyIO           Load declarations of de.uka.ilkd.key.nparser.KeyAst$File:  <unknown>:1#1 
502658     INFO  Test worker     d.u.i.k.n.KeyIO           MODE: declarations took 0 ms 
502658     DEBUG Test worker     d.u.i.k.n.KeyIO           MODE: 2nd degree decls took 0 
507317     INFO  Test worker     d.u.i.k.n.KeyIO           Parsing took 0 ms 
507317     DEBUG Test worker     d.u.i.k.n.KeyIO           Load declarations of de.uka.ilkd.key.nparser.KeyAst$File:  <unknown>:1#1 
507317     INFO  Test worker     d.u.i.k.n.KeyIO           MODE: declarations took 0 ms 
507317     DEBUG Test worker     d.u.i.k.n.KeyIO           MODE: 2nd degree decls took 0 
507317     INFO  Test worker     d.u.i.k.n.KeyIO           Parsing took 0 ms 
507317     DEBUG Test worker     d.u.i.k.n.KeyIO           Load declarations of de.uka.ilkd.key.nparser.KeyAst$File:  <unknown>:1#1 
507317     INFO  Test worker     d.u.i.k.n.KeyIO           MODE: declarations took 0 ms 
507317     DEBUG Test worker     d.u.i.k.n.KeyIO           MODE: 2nd degree decls took 0 
507317     INFO  Test worker     d.u.i.k.n.KeyIO           Parsing took 0 ms 
507317     DEBUG Test worker     d.u.i.k.n.KeyIO           Load declarations of de.uka.ilkd.key.nparser.KeyAst$File:  <unknown>:1#1 
507317     INFO  Test worker     d.u.i.k.n.KeyIO           MODE: declarations took 0 ms 
507317     DEBUG Test worker     d.u.i.k.n.KeyIO           MODE: 2nd degree decls took 0 
507317     INFO  Test worker     d.u.i.k.n.KeyIO           Parsing took 0 ms 
507317     DEBUG Test worker     d.u.i.k.n.KeyIO           Load declarations of de.uka.ilkd.key.nparser.KeyAst$File:  <unknown>:1#1 
507317     INFO  Test worker     d.u.i.k.n.KeyIO           MODE: declarations took 0 ms 
507317     DEBUG Test worker     d.u.i.k.n.KeyIO           MODE: 2nd degree decls took 0 
507317     INFO  Test worker     d.u.i.k.n.KeyIO           Parsing took 0 ms 
507317     DEBUG Test worker     d.u.i.k.n.KeyIO           Load declarations of de.uka.ilkd.key.nparser.KeyAst$File:  <unknown>:1#1 
507317     INFO  Test worker     d.u.i.k.n.KeyIO           MODE: declarations took 0 ms 
507317     DEBUG Test worker     d.u.i.k.n.KeyIO           MODE: 2nd degree decls took 0 
511820     INFO  Test worker     d.u.i.k.n.KeyIO           Parsing took 0 ms 
511820     DEBUG Test worker     d.u.i.k.n.KeyIO           Load declarations of de.uka.ilkd.key.nparser.KeyAst$File:  <unknown>:1#1 
511820     INFO  Test worker     d.u.i.k.n.KeyIO           MODE: declarations took 0 ms 
511820     DEBUG Test worker     d.u.i.k.n.KeyIO           MODE: 2nd degree decls took 0 
511820     INFO  Test worker     d.u.i.k.n.KeyIO           Parsing took 0 ms 
511820     DEBUG Test worker     d.u.i.k.n.KeyIO           Load declarations of de.uka.ilkd.key.nparser.KeyAst$File:  <unknown>:1#1 
511820     INFO  Test worker     d.u.i.k.n.KeyIO           MODE: declarations took 0 ms 
511820     DEBUG Test worker     d.u.i.k.n.KeyIO           MODE: 2nd degree decls took 0 
511820     INFO  Test worker     d.u.i.k.n.KeyIO           Parsing took 0 ms 
511820     DEBUG Test worker     d.u.i.k.n.KeyIO           Load declarations of de.uka.ilkd.key.nparser.KeyAst$File:  <unknown>:1#1 
511820     INFO  Test worker     d.u.i.k.n.KeyIO           MODE: declarations took 0 ms 
511820     DEBUG Test worker     d.u.i.k.n.KeyIO           MODE: 2nd degree decls took 0 
511820     INFO  Test worker     d.u.i.k.n.KeyIO           Parsing took 0 ms 
511820     DEBUG Test worker     d.u.i.k.n.KeyIO           Load declarations of de.uka.ilkd.key.nparser.KeyAst$File:  <unknown>:1#1 
511820     INFO  Test worker     d.u.i.k.n.KeyIO           MODE: declarations took 0 ms 
511820     DEBUG Test worker     d.u.i.k.n.KeyIO           MODE: 2nd degree decls took 0 
511820     INFO  Test worker     d.u.i.k.n.KeyIO           Parsing took 0 ms 
511820     DEBUG Test worker     d.u.i.k.n.KeyIO           Load declarations of de.uka.ilkd.key.nparser.KeyAst$File:  <unknown>:1#1 
511820     INFO  Test worker     d.u.i.k.n.KeyIO           MODE: declarations took 0 ms 
511820     DEBUG Test worker     d.u.i.k.n.KeyIO           MODE: 2nd degree decls took 0 
516326     INFO  Test worker     d.u.i.k.n.KeyIO           Parsing took 0 ms 
516326     DEBUG Test worker     d.u.i.k.n.KeyIO           Load declarations of de.uka.ilkd.key.nparser.KeyAst$File:  <unknown>:1#1 
516326     INFO  Test worker     d.u.i.k.n.KeyIO           MODE: declarations took 0 ms 
516326     DEBUG Test worker     d.u.i.k.n.KeyIO           MODE: 2nd degree decls took 0 
516326     INFO  Test worker     d.u.i.k.n.KeyIO           Parsing took 0 ms 
516326     DEBUG Test worker     d.u.i.k.n.KeyIO           Load declarations of de.uka.ilkd.key.nparser.KeyAst$File:  <unknown>:1#1 
516326     INFO  Test worker     d.u.i.k.n.KeyIO           MODE: declarations took 0 ms 
516326     DEBUG Test worker     d.u.i.k.n.KeyIO           MODE: 2nd degree decls took 0 
516326     INFO  Test worker     d.u.i.k.n.KeyIO           Parsing took 0 ms 
516326     DEBUG Test worker     d.u.i.k.n.KeyIO           Load declarations of de.uka.ilkd.key.nparser.KeyAst$File:  <unknown>:1#1 
516326     INFO  Test worker     d.u.i.k.n.KeyIO           MODE: declarations took 0 ms 
516326     DEBUG Test worker     d.u.i.k.n.KeyIO           MODE: 2nd degree decls took 0 
516326     INFO  Test worker     d.u.i.k.n.KeyIO           Parsing took 0 ms 
516326     DEBUG Test worker     d.u.i.k.n.KeyIO           Load declarations of de.uka.ilkd.key.nparser.KeyAst$File:  <unknown>:1#1 
516326     INFO  Test worker     d.u.i.k.n.KeyIO           MODE: declarations took 0 ms 
516326     DEBUG Test worker     d.u.i.k.n.KeyIO           MODE: 2nd degree decls took 0 
516326     INFO  Test worker     d.u.i.k.n.KeyIO           Parsing took 0 ms 
516326     DEBUG Test worker     d.u.i.k.n.KeyIO           Load declarations of de.uka.ilkd.key.nparser.KeyAst$File:  <unknown>:1#1 
516326     INFO  Test worker     d.u.i.k.n.KeyIO           MODE: declarations took 0 ms 
516326     DEBUG Test worker     d.u.i.k.n.KeyIO           MODE: 2nd degree decls took 0 
520734     INFO  Test worker     d.u.i.k.n.KeyIO           Parsing took 0 ms 
520734     DEBUG Test worker     d.u.i.k.n.KeyIO           Load declarations of de.uka.ilkd.key.nparser.KeyAst$File:  <unknown>:1#1 
520734     INFO  Test worker     d.u.i.k.n.KeyIO           MODE: declarations took 0 ms 
520734     DEBUG Test worker     d.u.i.k.n.KeyIO           MODE: 2nd degree decls took 0 
520734     INFO  Test worker     d.u.i.k.n.KeyIO           Parsing took 0 ms 
520734     DEBUG Test worker     d.u.i.k.n.KeyIO           Load declarations of de.uka.ilkd.key.nparser.KeyAst$File:  <unknown>:1#1 
520734     INFO  Test worker     d.u.i.k.n.KeyIO           MODE: declarations took 0 ms 
520734     DEBUG Test worker     d.u.i.k.n.KeyIO           MODE: 2nd degree decls took 0 
520734     INFO  Test worker     d.u.i.k.n.KeyIO           Parsing took 0 ms 
520734     DEBUG Test worker     d.u.i.k.n.KeyIO           Load declarations of de.uka.ilkd.key.nparser.KeyAst$File:  <unknown>:1#1 
520734     INFO  Test worker     d.u.i.k.n.KeyIO           MODE: declarations took 0 ms 
520734     DEBUG Test worker     d.u.i.k.n.KeyIO           MODE: 2nd degree decls took 0 
520734     INFO  Test worker     d.u.i.k.n.KeyIO           Parsing took 0 ms 
520734     DEBUG Test worker     d.u.i.k.n.KeyIO           Load declarations of de.uka.ilkd.key.nparser.KeyAst$File:  <unknown>:1#1 
520734     INFO  Test worker     d.u.i.k.n.KeyIO           MODE: declarations took 0 ms 
520734     DEBUG Test worker     d.u.i.k.n.KeyIO           MODE: 2nd degree decls took 0 
520734     INFO  Test worker     d.u.i.k.n.KeyIO           Parsing took 0 ms 
520734     DEBUG Test worker     d.u.i.k.n.KeyIO           Load declarations of de.uka.ilkd.key.nparser.KeyAst$File:  <unknown>:1#1 
520734     INFO  Test worker     d.u.i.k.n.KeyIO           MODE: declarations took 0 ms 
520734     DEBUG Test worker     d.u.i.k.n.KeyIO           MODE: 2nd degree decls took 0 
525035     INFO  Test worker     d.u.i.k.n.KeyIO           Parsing took 0 ms 
525035     DEBUG Test worker     d.u.i.k.n.KeyIO           Load declarations of de.uka.ilkd.key.nparser.KeyAst$File:  <unknown>:1#1 
525035     INFO  Test worker     d.u.i.k.n.KeyIO           MODE: declarations took 0 ms 
525035     DEBUG Test worker     d.u.i.k.n.KeyIO           MODE: 2nd degree decls took 0 
525035     INFO  Test worker     d.u.i.k.n.KeyIO           Parsing took 0 ms 
525035     DEBUG Test worker     d.u.i.k.n.KeyIO           Load declarations of de.uka.ilkd.key.nparser.KeyAst$File:  <unknown>:1#1 
525035     INFO  Test worker     d.u.i.k.n.KeyIO           MODE: declarations took 0 ms 
525035     DEBUG Test worker     d.u.i.k.n.KeyIO           MODE: 2nd degree decls took 0 
525035     INFO  Test worker     d.u.i.k.n.KeyIO           Parsing took 0 ms 
525035     DEBUG Test worker     d.u.i.k.n.KeyIO           Load declarations of de.uka.ilkd.key.nparser.KeyAst$File:  <unknown>:1#1 
525035     INFO  Test worker     d.u.i.k.n.KeyIO           MODE: declarations took 0 ms 
525035     DEBUG Test worker     d.u.i.k.n.KeyIO           MODE: 2nd degree decls took 0 
525035     INFO  Test worker     d.u.i.k.n.KeyIO           Parsing took 0 ms 
525035     DEBUG Test worker     d.u.i.k.n.KeyIO           Load declarations of de.uka.ilkd.key.nparser.KeyAst$File:  <unknown>:1#1 
525035     INFO  Test worker     d.u.i.k.n.KeyIO           MODE: declarations took 0 ms 
525035     DEBUG Test worker     d.u.i.k.n.KeyIO           MODE: 2nd degree decls took 0 
525035     INFO  Test worker     d.u.i.k.n.KeyIO           Parsing took 0 ms 
525035     DEBUG Test worker     d.u.i.k.n.KeyIO           Load declarations of de.uka.ilkd.key.nparser.KeyAst$File:  <unknown>:1#1 
525035     INFO  Test worker     d.u.i.k.n.KeyIO           MODE: declarations took 0 ms 
525035     DEBUG Test worker     d.u.i.k.n.KeyIO           MODE: 2nd degree decls took 0 
529684     INFO  Test worker     d.u.i.k.n.KeyIO           Parsing took 0 ms 
529684     DEBUG Test worker     d.u.i.k.n.KeyIO           Load declarations of de.uka.ilkd.key.nparser.KeyAst$File:  <unknown>:1#1 
529684     INFO  Test worker     d.u.i.k.n.KeyIO           MODE: declarations took 0 ms 
529684     DEBUG Test worker     d.u.i.k.n.KeyIO           MODE: 2nd degree decls took 0 
529684     INFO  Test worker     d.u.i.k.n.KeyIO           Parsing took 0 ms 
529684     DEBUG Test worker     d.u.i.k.n.KeyIO           Load declarations of de.uka.ilkd.key.nparser.KeyAst$File:  <unknown>:1#1 
529684     INFO  Test worker     d.u.i.k.n.KeyIO           MODE: declarations took 0 ms 
529684     DEBUG Test worker     d.u.i.k.n.KeyIO           MODE: 2nd degree decls took 0 
529684     INFO  Test worker     d.u.i.k.n.KeyIO           Parsing took 0 ms 
529684     DEBUG Test worker     d.u.i.k.n.KeyIO           Load declarations of de.uka.ilkd.key.nparser.KeyAst$File:  <unknown>:1#1 
529684     INFO  Test worker     d.u.i.k.n.KeyIO           MODE: declarations took 0 ms 
529684     DEBUG Test worker     d.u.i.k.n.KeyIO           MODE: 2nd degree decls took 0 
529684     INFO  Test worker     d.u.i.k.n.KeyIO           Parsing took 0 ms 
529684     DEBUG Test worker     d.u.i.k.n.KeyIO           Load declarations of de.uka.ilkd.key.nparser.KeyAst$File:  <unknown>:1#1 
529684     INFO  Test worker     d.u.i.k.n.KeyIO           MODE: declarations took 0 ms 
529684     DEBUG Test worker     d.u.i.k.n.KeyIO           MODE: 2nd degree decls took 0 
529684     INFO  Test worker     d.u.i.k.n.KeyIO           Parsing took 0 ms 
529684     DEBUG Test worker     d.u.i.k.n.KeyIO           Load declarations of de.uka.ilkd.key.nparser.KeyAst$File:  <unknown>:1#1 
529684     INFO  Test worker     d.u.i.k.n.KeyIO           MODE: declarations took 0 ms 
529684     DEBUG Test worker     d.u.i.k.n.KeyIO           MODE: 2nd degree decls took 0 
534182     INFO  Test worker     d.u.i.k.n.KeyIO           Parsing took 0 ms 
534182     DEBUG Test worker     d.u.i.k.n.KeyIO           Load declarations of de.uka.ilkd.key.nparser.KeyAst$File:  <unknown>:1#1 
534182     INFO  Test worker     d.u.i.k.n.KeyIO           MODE: declarations took 0 ms 
534182     DEBUG Test worker     d.u.i.k.n.KeyIO           MODE: 2nd degree decls took 0 
534182     INFO  Test worker     d.u.i.k.n.KeyIO           Parsing took 0 ms 
534182     DEBUG Test worker     d.u.i.k.n.KeyIO           Load declarations of de.uka.ilkd.key.nparser.KeyAst$File:  <unknown>:1#1 
534182     INFO  Test worker     d.u.i.k.n.KeyIO           MODE: declarations took 0 ms 
534182     DEBUG Test worker     d.u.i.k.n.KeyIO           MODE: 2nd degree decls took 0 
534182     INFO  Test worker     d.u.i.k.n.KeyIO           Parsing took 0 ms 
534182     DEBUG Test worker     d.u.i.k.n.KeyIO           Load declarations of de.uka.ilkd.key.nparser.KeyAst$File:  <unknown>:1#1 
534182     INFO  Test worker     d.u.i.k.n.KeyIO           MODE: declarations took 0 ms 
534182     DEBUG Test worker     d.u.i.k.n.KeyIO           MODE: 2nd degree decls took 0 
534182     INFO  Test worker     d.u.i.k.n.KeyIO           Parsing took 0 ms 
534182     DEBUG Test worker     d.u.i.k.n.KeyIO           Load declarations of de.uka.ilkd.key.nparser.KeyAst$File:  <unknown>:1#1 
534182     INFO  Test worker     d.u.i.k.n.KeyIO           MODE: declarations took 0 ms 
534182     DEBUG Test worker     d.u.i.k.n.KeyIO           MODE: 2nd degree decls took 0 
534182     INFO  Test worker     d.u.i.k.n.KeyIO           Parsing took 0 ms 
534182     DEBUG Test worker     d.u.i.k.n.KeyIO           Load declarations of de.uka.ilkd.key.nparser.KeyAst$File:  <unknown>:1#1 
534182     INFO  Test worker     d.u.i.k.n.KeyIO           MODE: declarations took 0 ms 
534182     DEBUG Test worker     d.u.i.k.n.KeyIO           MODE: 2nd degree decls took 0 
538764     INFO  Test worker     d.u.i.k.n.KeyIO           Parsing took 0 ms 
538764     DEBUG Test worker     d.u.i.k.n.KeyIO           Load declarations of de.uka.ilkd.key.nparser.KeyAst$File:  <unknown>:1#1 
538764     INFO  Test worker     d.u.i.k.n.KeyIO           MODE: declarations took 0 ms 
538764     DEBUG Test worker     d.u.i.k.n.KeyIO           MODE: 2nd degree decls took 0 
538764     INFO  Test worker     d.u.i.k.n.KeyIO           Parsing took 0 ms 
538764     DEBUG Test worker     d.u.i.k.n.KeyIO           Load declarations of de.uka.ilkd.key.nparser.KeyAst$File:  <unknown>:1#1 
538764     INFO  Test worker     d.u.i.k.n.KeyIO           MODE: declarations took 0 ms 
538764     DEBUG Test worker     d.u.i.k.n.KeyIO           MODE: 2nd degree decls took 0 
538764     INFO  Test worker     d.u.i.k.n.KeyIO           Parsing took 0 ms 
538764     DEBUG Test worker     d.u.i.k.n.KeyIO           Load declarations of de.uka.ilkd.key.nparser.KeyAst$File:  <unknown>:1#1 
538764     INFO  Test worker     d.u.i.k.n.KeyIO           MODE: declarations took 0 ms 
538764     DEBUG Test worker     d.u.i.k.n.KeyIO           MODE: 2nd degree decls took 0 
538764     INFO  Test worker     d.u.i.k.n.KeyIO           Parsing took 0 ms 
538764     DEBUG Test worker     d.u.i.k.n.KeyIO           Load declarations of de.uka.ilkd.key.nparser.KeyAst$File:  <unknown>:1#1 
538764     INFO  Test worker     d.u.i.k.n.KeyIO           MODE: declarations took 0 ms 
538764     DEBUG Test worker     d.u.i.k.n.KeyIO           MODE: 2nd degree decls took 0 
538764     INFO  Test worker     d.u.i.k.n.KeyIO           Parsing took 0 ms 
538764     DEBUG Test worker     d.u.i.k.n.KeyIO           Load declarations of de.uka.ilkd.key.nparser.KeyAst$File:  <unknown>:1#1 
538764     INFO  Test worker     d.u.i.k.n.KeyIO           MODE: declarations took 0 ms 
538764     DEBUG Test worker     d.u.i.k.n.KeyIO           MODE: 2nd degree decls took 0 
543361     INFO  Test worker     d.u.i.k.n.KeyIO           Parsing took 0 ms 
543361     DEBUG Test worker     d.u.i.k.n.KeyIO           Load declarations of de.uka.ilkd.key.nparser.KeyAst$File:  <unknown>:1#1 
543361     INFO  Test worker     d.u.i.k.n.KeyIO           MODE: declarations took 0 ms 
543361     DEBUG Test worker     d.u.i.k.n.KeyIO           MODE: 2nd degree decls took 0 
543361     INFO  Test worker     d.u.i.k.n.KeyIO           Parsing took 0 ms 
543361     DEBUG Test worker     d.u.i.k.n.KeyIO           Load declarations of de.uka.ilkd.key.nparser.KeyAst$File:  <unknown>:1#1 
543361     INFO  Test worker     d.u.i.k.n.KeyIO           MODE: declarations took 0 ms 
543361     DEBUG Test worker     d.u.i.k.n.KeyIO           MODE: 2nd degree decls took 0 
543361     INFO  Test worker     d.u.i.k.n.KeyIO           Parsing took 0 ms 
543361     DEBUG Test worker     d.u.i.k.n.KeyIO           Load declarations of de.uka.ilkd.key.nparser.KeyAst$File:  <unknown>:1#1 
543361     INFO  Test worker     d.u.i.k.n.KeyIO           MODE: declarations took 0 ms 
543361     DEBUG Test worker     d.u.i.k.n.KeyIO           MODE: 2nd degree decls took 0 
543361     INFO  Test worker     d.u.i.k.n.KeyIO           Parsing took 0 ms 
543361     DEBUG Test worker     d.u.i.k.n.KeyIO           Load declarations of de.uka.ilkd.key.nparser.KeyAst$File:  <unknown>:1#1 
543361     INFO  Test worker     d.u.i.k.n.KeyIO           MODE: declarations took 0 ms 
543361     DEBUG Test worker     d.u.i.k.n.KeyIO           MODE: 2nd degree decls took 0 
543361     INFO  Test worker     d.u.i.k.n.KeyIO           Parsing took 0 ms 
543361     DEBUG Test worker     d.u.i.k.n.KeyIO           Load declarations of de.uka.ilkd.key.nparser.KeyAst$File:  <unknown>:1#1 
543361     INFO  Test worker     d.u.i.k.n.KeyIO           MODE: declarations took 0 ms 
543361     DEBUG Test worker     d.u.i.k.n.KeyIO           MODE: 2nd degree decls took 0 
547707     INFO  Test worker     d.u.i.k.n.KeyIO           Parsing took 0 ms 
547707     DEBUG Test worker     d.u.i.k.n.KeyIO           Load declarations of de.uka.ilkd.key.nparser.KeyAst$File:  <unknown>:1#1 
547707     INFO  Test worker     d.u.i.k.n.KeyIO           MODE: declarations took 0 ms 
547707     DEBUG Test worker     d.u.i.k.n.KeyIO           MODE: 2nd degree decls took 0 
547707     INFO  Test worker     d.u.i.k.n.KeyIO           Parsing took 0 ms 
547707     DEBUG Test worker     d.u.i.k.n.KeyIO           Load declarations of de.uka.ilkd.key.nparser.KeyAst$File:  <unknown>:1#1 
547707     INFO  Test worker     d.u.i.k.n.KeyIO           MODE: declarations took 0 ms 
547707     DEBUG Test worker     d.u.i.k.n.KeyIO           MODE: 2nd degree decls took 0 
547707     INFO  Test worker     d.u.i.k.n.KeyIO           Parsing took 0 ms 
547707     DEBUG Test worker     d.u.i.k.n.KeyIO           Load declarations of de.uka.ilkd.key.nparser.KeyAst$File:  <unknown>:1#1 
547707     INFO  Test worker     d.u.i.k.n.KeyIO           MODE: declarations took 0 ms 
547707     DEBUG Test worker     d.u.i.k.n.KeyIO           MODE: 2nd degree decls took 0 
547707     INFO  Test worker     d.u.i.k.n.KeyIO           Parsing took 0 ms 
547707     DEBUG Test worker     d.u.i.k.n.KeyIO           Load declarations of de.uka.ilkd.key.nparser.KeyAst$File:  <unknown>:1#1 
547707     INFO  Test worker     d.u.i.k.n.KeyIO           MODE: declarations took 0 ms 
547707     DEBUG Test worker     d.u.i.k.n.KeyIO           MODE: 2nd degree decls took 0 
547707     INFO  Test worker     d.u.i.k.n.KeyIO           Parsing took 0 ms 
547707     DEBUG Test worker     d.u.i.k.n.KeyIO           Load declarations of de.uka.ilkd.key.nparser.KeyAst$File:  <unknown>:1#1 
547707     INFO  Test worker     d.u.i.k.n.KeyIO           MODE: declarations took 0 ms 
547707     DEBUG Test worker     d.u.i.k.n.KeyIO           MODE: 2nd degree decls took 0 
552256     INFO  Test worker     d.u.i.k.n.KeyIO           Parsing took 0 ms 
552256     DEBUG Test worker     d.u.i.k.n.KeyIO           Load declarations of de.uka.ilkd.key.nparser.KeyAst$File:  <unknown>:1#1 
552256     INFO  Test worker     d.u.i.k.n.KeyIO           MODE: declarations took 0 ms 
552256     DEBUG Test worker     d.u.i.k.n.KeyIO           MODE: 2nd degree decls took 0 
552256     INFO  Test worker     d.u.i.k.n.KeyIO           Parsing took 0 ms 
552256     DEBUG Test worker     d.u.i.k.n.KeyIO           Load declarations of de.uka.ilkd.key.nparser.KeyAst$File:  <unknown>:1#1 
552256     INFO  Test worker     d.u.i.k.n.KeyIO           MODE: declarations took 0 ms 
552256     DEBUG Test worker     d.u.i.k.n.KeyIO           MODE: 2nd degree decls took 0 
552256     INFO  Test worker     d.u.i.k.n.KeyIO           Parsing took 0 ms 
552256     DEBUG Test worker     d.u.i.k.n.KeyIO           Load declarations of de.uka.ilkd.key.nparser.KeyAst$File:  <unknown>:1#1 
552256     INFO  Test worker     d.u.i.k.n.KeyIO           MODE: declarations took 0 ms 
552256     DEBUG Test worker     d.u.i.k.n.KeyIO           MODE: 2nd degree decls took 0 
552256     INFO  Test worker     d.u.i.k.n.KeyIO           Parsing took 0 ms 
552256     DEBUG Test worker     d.u.i.k.n.KeyIO           Load declarations of de.uka.ilkd.key.nparser.KeyAst$File:  <unknown>:1#1 
552256     INFO  Test worker     d.u.i.k.n.KeyIO           MODE: declarations took 0 ms 
552256     DEBUG Test worker     d.u.i.k.n.KeyIO           MODE: 2nd degree decls took 0 
552256     INFO  Test worker     d.u.i.k.n.KeyIO           Parsing took 0 ms 
552256     DEBUG Test worker     d.u.i.k.n.KeyIO           Load declarations of de.uka.ilkd.key.nparser.KeyAst$File:  <unknown>:1#1 
552256     INFO  Test worker     d.u.i.k.n.KeyIO           MODE: declarations took 0 ms 
552256     DEBUG Test worker     d.u.i.k.n.KeyIO           MODE: 2nd degree decls took 0 
556763     INFO  Test worker     d.u.i.k.n.KeyIO           Parsing took 0 ms 
556763     DEBUG Test worker     d.u.i.k.n.KeyIO           Load declarations of de.uka.ilkd.key.nparser.KeyAst$File:  <unknown>:1#1 
556763     INFO  Test worker     d.u.i.k.n.KeyIO           MODE: declarations took 0 ms 
556763     DEBUG Test worker     d.u.i.k.n.KeyIO           MODE: 2nd degree decls took 0 
556763     INFO  Test worker     d.u.i.k.n.KeyIO           Parsing took 0 ms 
556763     DEBUG Test worker     d.u.i.k.n.KeyIO           Load declarations of de.uka.ilkd.key.nparser.KeyAst$File:  <unknown>:1#1 
556763     INFO  Test worker     d.u.i.k.n.KeyIO           MODE: declarations took 0 ms 
556763     DEBUG Test worker     d.u.i.k.n.KeyIO           MODE: 2nd degree decls took 0 
556763     INFO  Test worker     d.u.i.k.n.KeyIO           Parsing took 0 ms 
556763     DEBUG Test worker     d.u.i.k.n.KeyIO           Load declarations of de.uka.ilkd.key.nparser.KeyAst$File:  <unknown>:1#1 
556763     INFO  Test worker     d.u.i.k.n.KeyIO           MODE: declarations took 0 ms 
556763     DEBUG Test worker     d.u.i.k.n.KeyIO           MODE: 2nd degree decls took 0 
556763     INFO  Test worker     d.u.i.k.n.KeyIO           Parsing took 0 ms 
556763     DEBUG Test worker     d.u.i.k.n.KeyIO           Load declarations of de.uka.ilkd.key.nparser.KeyAst$File:  <unknown>:1#1 
556763     INFO  Test worker     d.u.i.k.n.KeyIO           MODE: declarations took 0 ms 
556763     DEBUG Test worker     d.u.i.k.n.KeyIO           MODE: 2nd degree decls took 0 
556763     INFO  Test worker     d.u.i.k.n.KeyIO           Parsing took 0 ms 
556763     DEBUG Test worker     d.u.i.k.n.KeyIO           Load declarations of de.uka.ilkd.key.nparser.KeyAst$File:  <unknown>:1#1 
556763     INFO  Test worker     d.u.i.k.n.KeyIO           MODE: declarations took 0 ms 
556763     DEBUG Test worker     d.u.i.k.n.KeyIO           MODE: 2nd degree decls took 0 
561221     INFO  Test worker     d.u.i.k.n.KeyIO           Parsing took 0 ms 
561221     DEBUG Test worker     d.u.i.k.n.KeyIO           Load declarations of de.uka.ilkd.key.nparser.KeyAst$File:  <unknown>:1#1 
561221     INFO  Test worker     d.u.i.k.n.KeyIO           MODE: declarations took 0 ms 
561221     DEBUG Test worker     d.u.i.k.n.KeyIO           MODE: 2nd degree decls took 0 
561221     INFO  Test worker     d.u.i.k.n.KeyIO           Parsing took 0 ms 
561221     DEBUG Test worker     d.u.i.k.n.KeyIO           Load declarations of de.uka.ilkd.key.nparser.KeyAst$File:  <unknown>:1#1 
561221     INFO  Test worker     d.u.i.k.n.KeyIO           MODE: declarations took 0 ms 
561221     DEBUG Test worker     d.u.i.k.n.KeyIO           MODE: 2nd degree decls took 0 
561221     INFO  Test worker     d.u.i.k.n.KeyIO           Parsing took 0 ms 
561221     DEBUG Test worker     d.u.i.k.n.KeyIO           Load declarations of de.uka.ilkd.key.nparser.KeyAst$File:  <unknown>:1#1 
561221     INFO  Test worker     d.u.i.k.n.KeyIO           MODE: declarations took 0 ms 
561221     DEBUG Test worker     d.u.i.k.n.KeyIO           MODE: 2nd degree decls took 0 
561221     INFO  Test worker     d.u.i.k.n.KeyIO           Parsing took 0 ms 
561221     DEBUG Test worker     d.u.i.k.n.KeyIO           Load declarations of de.uka.ilkd.key.nparser.KeyAst$File:  <unknown>:1#1 
561221     INFO  Test worker     d.u.i.k.n.KeyIO           MODE: declarations took 0 ms 
561221     DEBUG Test worker     d.u.i.k.n.KeyIO           MODE: 2nd degree decls took 0 
561221     INFO  Test worker     d.u.i.k.n.KeyIO           Parsing took 0 ms 
561221     DEBUG Test worker     d.u.i.k.n.KeyIO           Load declarations of de.uka.ilkd.key.nparser.KeyAst$File:  <unknown>:1#1 
561221     INFO  Test worker     d.u.i.k.n.KeyIO           MODE: declarations took 0 ms 
561221     DEBUG Test worker     d.u.i.k.n.KeyIO           MODE: 2nd degree decls took 0 
565693     INFO  Test worker     d.u.i.k.n.KeyIO           Parsing took 0 ms 
565693     DEBUG Test worker     d.u.i.k.n.KeyIO           Load declarations of de.uka.ilkd.key.nparser.KeyAst$File:  <unknown>:1#1 
565693     INFO  Test worker     d.u.i.k.n.KeyIO           MODE: declarations took 0 ms 
565693     DEBUG Test worker     d.u.i.k.n.KeyIO           MODE: 2nd degree decls took 0 
565693     INFO  Test worker     d.u.i.k.n.KeyIO           Parsing took 0 ms 
565693     DEBUG Test worker     d.u.i.k.n.KeyIO           Load declarations of de.uka.ilkd.key.nparser.KeyAst$File:  <unknown>:1#1 
565693     INFO  Test worker     d.u.i.k.n.KeyIO           MODE: declarations took 0 ms 
565693     DEBUG Test worker     d.u.i.k.n.KeyIO           MODE: 2nd degree decls took 0 
565693     INFO  Test worker     d.u.i.k.n.KeyIO           Parsing took 0 ms 
565693     DEBUG Test worker     d.u.i.k.n.KeyIO           Load declarations of de.uka.ilkd.key.nparser.KeyAst$File:  <unknown>:1#1 
565693     INFO  Test worker     d.u.i.k.n.KeyIO           MODE: declarations took 0 ms 
565693     DEBUG Test worker     d.u.i.k.n.KeyIO           MODE: 2nd degree decls took 0 
565693     INFO  Test worker     d.u.i.k.n.KeyIO           Parsing took 0 ms 
565693     DEBUG Test worker     d.u.i.k.n.KeyIO           Load declarations of de.uka.ilkd.key.nparser.KeyAst$File:  <unknown>:1#1 
565693     INFO  Test worker     d.u.i.k.n.KeyIO           MODE: declarations took 0 ms 
565693     DEBUG Test worker     d.u.i.k.n.KeyIO           MODE: 2nd degree decls took 0 
565693     INFO  Test worker     d.u.i.k.n.KeyIO           Parsing took 0 ms 
565693     DEBUG Test worker     d.u.i.k.n.KeyIO           Load declarations of de.uka.ilkd.key.nparser.KeyAst$File:  <unknown>:1#1 
565693     INFO  Test worker     d.u.i.k.n.KeyIO           MODE: declarations took 0 ms 
565693     DEBUG Test worker     d.u.i.k.n.KeyIO           MODE: 2nd degree decls took 0 
570242     INFO  Test worker     d.u.i.k.n.KeyIO           Parsing took 0 ms 
570242     DEBUG Test worker     d.u.i.k.n.KeyIO           Load declarations of de.uka.ilkd.key.nparser.KeyAst$File:  <unknown>:1#1 
570242     INFO  Test worker     d.u.i.k.n.KeyIO           MODE: declarations took 0 ms 
570242     DEBUG Test worker     d.u.i.k.n.KeyIO           MODE: 2nd degree decls took 0 
570242     INFO  Test worker     d.u.i.k.n.KeyIO           Parsing took 0 ms 
570242     DEBUG Test worker     d.u.i.k.n.KeyIO           Load declarations of de.uka.ilkd.key.nparser.KeyAst$File:  <unknown>:1#1 
570242     INFO  Test worker     d.u.i.k.n.KeyIO           MODE: declarations took 0 ms 
570242     DEBUG Test worker     d.u.i.k.n.KeyIO           MODE: 2nd degree decls took 0 
570242     INFO  Test worker     d.u.i.k.n.KeyIO           Parsing took 0 ms 
570242     DEBUG Test worker     d.u.i.k.n.KeyIO           Load declarations of de.uka.ilkd.key.nparser.KeyAst$File:  <unknown>:1#1 
570258     INFO  Test worker     d.u.i.k.n.KeyIO           MODE: declarations took 16 ms 
570258     DEBUG Test worker     d.u.i.k.n.KeyIO           MODE: 2nd degree decls took 0 
570258     INFO  Test worker     d.u.i.k.n.KeyIO           Parsing took 0 ms 
570258     DEBUG Test worker     d.u.i.k.n.KeyIO           Load declarations of de.uka.ilkd.key.nparser.KeyAst$File:  <unknown>:1#1 
570258     INFO  Test worker     d.u.i.k.n.KeyIO           MODE: declarations took 0 ms 
570258     DEBUG Test worker     d.u.i.k.n.KeyIO           MODE: 2nd degree decls took 0 
570258     INFO  Test worker     d.u.i.k.n.KeyIO           Parsing took 0 ms 
570258     DEBUG Test worker     d.u.i.k.n.KeyIO           Load declarations of de.uka.ilkd.key.nparser.KeyAst$File:  <unknown>:1#1 
570258     INFO  Test worker     d.u.i.k.n.KeyIO           MODE: declarations took 0 ms 
570258     DEBUG Test worker     d.u.i.k.n.KeyIO           MODE: 2nd degree decls took 0 
574792     INFO  Test worker     d.u.i.k.n.KeyIO           Parsing took 0 ms 
574792     DEBUG Test worker     d.u.i.k.n.KeyIO           Load declarations of de.uka.ilkd.key.nparser.KeyAst$File:  <unknown>:1#1 
574792     INFO  Test worker     d.u.i.k.n.KeyIO           MODE: declarations took 0 ms 
574792     DEBUG Test worker     d.u.i.k.n.KeyIO           MODE: 2nd degree decls took 0 
574792     INFO  Test worker     d.u.i.k.n.KeyIO           Parsing took 0 ms 
574792     DEBUG Test worker     d.u.i.k.n.KeyIO           Load declarations of de.uka.ilkd.key.nparser.KeyAst$File:  <unknown>:1#1 
574792     INFO  Test worker     d.u.i.k.n.KeyIO           MODE: declarations took 0 ms 
574792     DEBUG Test worker     d.u.i.k.n.KeyIO           MODE: 2nd degree decls took 0 
574792     INFO  Test worker     d.u.i.k.n.KeyIO           Parsing took 0 ms 
574792     DEBUG Test worker     d.u.i.k.n.KeyIO           Load declarations of de.uka.ilkd.key.nparser.KeyAst$File:  <unknown>:1#1 
574792     INFO  Test worker     d.u.i.k.n.KeyIO           MODE: declarations took 0 ms 
574792     DEBUG Test worker     d.u.i.k.n.KeyIO           MODE: 2nd degree decls took 0 
574792     INFO  Test worker     d.u.i.k.n.KeyIO           Parsing took 0 ms 
574792     DEBUG Test worker     d.u.i.k.n.KeyIO           Load declarations of de.uka.ilkd.key.nparser.KeyAst$File:  <unknown>:1#1 
574792     INFO  Test worker     d.u.i.k.n.KeyIO           MODE: declarations took 0 ms 
574792     DEBUG Test worker     d.u.i.k.n.KeyIO           MODE: 2nd degree decls took 0 
574792     INFO  Test worker     d.u.i.k.n.KeyIO           Parsing took 0 ms 
574792     DEBUG Test worker     d.u.i.k.n.KeyIO           Load declarations of de.uka.ilkd.key.nparser.KeyAst$File:  <unknown>:1#1 
574792     INFO  Test worker     d.u.i.k.n.KeyIO           MODE: declarations took 0 ms 
574792     DEBUG Test worker     d.u.i.k.n.KeyIO           MODE: 2nd degree decls took 0 
579108     INFO  Test worker     d.u.i.k.n.KeyIO           Parsing took 0 ms 
579108     DEBUG Test worker     d.u.i.k.n.KeyIO           Load declarations of de.uka.ilkd.key.nparser.KeyAst$File:  <unknown>:1#1 
579108     INFO  Test worker     d.u.i.k.n.KeyIO           MODE: declarations took 0 ms 
579108     DEBUG Test worker     d.u.i.k.n.KeyIO           MODE: 2nd degree decls took 0 
579108     INFO  Test worker     d.u.i.k.n.KeyIO           Parsing took 0 ms 
579108     DEBUG Test worker     d.u.i.k.n.KeyIO           Load declarations of de.uka.ilkd.key.nparser.KeyAst$File:  <unknown>:1#1 
579108     INFO  Test worker     d.u.i.k.n.KeyIO           MODE: declarations took 0 ms 
579108     DEBUG Test worker     d.u.i.k.n.KeyIO           MODE: 2nd degree decls took 0 
579108     INFO  Test worker     d.u.i.k.n.KeyIO           Parsing took 0 ms 
579108     DEBUG Test worker     d.u.i.k.n.KeyIO           Load declarations of de.uka.ilkd.key.nparser.KeyAst$File:  <unknown>:1#1 
579108     INFO  Test worker     d.u.i.k.n.KeyIO           MODE: declarations took 0 ms 
579108     DEBUG Test worker     d.u.i.k.n.KeyIO           MODE: 2nd degree decls took 0 
579108     INFO  Test worker     d.u.i.k.n.KeyIO           Parsing took 0 ms 
579108     DEBUG Test worker     d.u.i.k.n.KeyIO           Load declarations of de.uka.ilkd.key.nparser.KeyAst$File:  <unknown>:1#1 
579108     INFO  Test worker     d.u.i.k.n.KeyIO           MODE: declarations took 0 ms 
579108     DEBUG Test worker     d.u.i.k.n.KeyIO           MODE: 2nd degree decls took 0 
579108     INFO  Test worker     d.u.i.k.n.KeyIO           Parsing took 0 ms 
579108     DEBUG Test worker     d.u.i.k.n.KeyIO           Load declarations of de.uka.ilkd.key.nparser.KeyAst$File:  <unknown>:1#1 
579108     INFO  Test worker     d.u.i.k.n.KeyIO           MODE: declarations took 0 ms 
579108     DEBUG Test worker     d.u.i.k.n.KeyIO           MODE: 2nd degree decls took 0 
583439     INFO  Test worker     d.u.i.k.n.KeyIO           Parsing took 0 ms 
583439     DEBUG Test worker     d.u.i.k.n.KeyIO           Load declarations of de.uka.ilkd.key.nparser.KeyAst$File:  <unknown>:1#1 
583439     INFO  Test worker     d.u.i.k.n.KeyIO           MODE: declarations took 0 ms 
583439     DEBUG Test worker     d.u.i.k.n.KeyIO           MODE: 2nd degree decls took 0 
583439     INFO  Test worker     d.u.i.k.n.KeyIO           Parsing took 0 ms 
583439     DEBUG Test worker     d.u.i.k.n.KeyIO           Load declarations of de.uka.ilkd.key.nparser.KeyAst$File:  <unknown>:1#1 
583439     INFO  Test worker     d.u.i.k.n.KeyIO           MODE: declarations took 0 ms 
583439     DEBUG Test worker     d.u.i.k.n.KeyIO           MODE: 2nd degree decls took 0 
583439     INFO  Test worker     d.u.i.k.n.KeyIO           Parsing took 0 ms 
583439     DEBUG Test worker     d.u.i.k.n.KeyIO           Load declarations of de.uka.ilkd.key.nparser.KeyAst$File:  <unknown>:1#1 
583439     INFO  Test worker     d.u.i.k.n.KeyIO           MODE: declarations took 0 ms 
583439     DEBUG Test worker     d.u.i.k.n.KeyIO           MODE: 2nd degree decls took 0 
583439     INFO  Test worker     d.u.i.k.n.KeyIO           Parsing took 0 ms 
583439     DEBUG Test worker     d.u.i.k.n.KeyIO           Load declarations of de.uka.ilkd.key.nparser.KeyAst$File:  <unknown>:1#1 
583439     INFO  Test worker     d.u.i.k.n.KeyIO           MODE: declarations took 0 ms 
583439     DEBUG Test worker     d.u.i.k.n.KeyIO           MODE: 2nd degree decls took 0 
583439     INFO  Test worker     d.u.i.k.n.KeyIO           Parsing took 0 ms 
583439     DEBUG Test worker     d.u.i.k.n.KeyIO           Load declarations of de.uka.ilkd.key.nparser.KeyAst$File:  <unknown>:1#1 
583439     INFO  Test worker     d.u.i.k.n.KeyIO           MODE: declarations took 0 ms 
583439     DEBUG Test worker     d.u.i.k.n.KeyIO           MODE: 2nd degree decls took 0 
587661     INFO  Test worker     d.u.i.k.n.KeyIO           Parsing took 0 ms 
587661     DEBUG Test worker     d.u.i.k.n.KeyIO           Load declarations of de.uka.ilkd.key.nparser.KeyAst$File:  <unknown>:1#1 
587661     INFO  Test worker     d.u.i.k.n.KeyIO           MODE: declarations took 0 ms 
587661     DEBUG Test worker     d.u.i.k.n.KeyIO           MODE: 2nd degree decls took 0 
587661     INFO  Test worker     d.u.i.k.n.KeyIO           Parsing took 0 ms 
587661     DEBUG Test worker     d.u.i.k.n.KeyIO           Load declarations of de.uka.ilkd.key.nparser.KeyAst$File:  <unknown>:1#1 
587661     INFO  Test worker     d.u.i.k.n.KeyIO           MODE: declarations took 0 ms 
587661     DEBUG Test worker     d.u.i.k.n.KeyIO           MODE: 2nd degree decls took 0 
587661     INFO  Test worker     d.u.i.k.n.KeyIO           Parsing took 0 ms 
587661     DEBUG Test worker     d.u.i.k.n.KeyIO           Load declarations of de.uka.ilkd.key.nparser.KeyAst$File:  <unknown>:1#1 
587661     INFO  Test worker     d.u.i.k.n.KeyIO           MODE: declarations took 0 ms 
587661     DEBUG Test worker     d.u.i.k.n.KeyIO           MODE: 2nd degree decls took 0 
587661     INFO  Test worker     d.u.i.k.n.KeyIO           Parsing took 0 ms 
587661     DEBUG Test worker     d.u.i.k.n.KeyIO           Load declarations of de.uka.ilkd.key.nparser.KeyAst$File:  <unknown>:1#1 
587661     INFO  Test worker     d.u.i.k.n.KeyIO           MODE: declarations took 0 ms 
587661     DEBUG Test worker     d.u.i.k.n.KeyIO           MODE: 2nd degree decls took 0 
587661     INFO  Test worker     d.u.i.k.n.KeyIO           Parsing took 0 ms 
587661     DEBUG Test worker     d.u.i.k.n.KeyIO           Load declarations of de.uka.ilkd.key.nparser.KeyAst$File:  <unknown>:1#1 
587661     INFO  Test worker     d.u.i.k.n.KeyIO           MODE: declarations took 0 ms 
587661     DEBUG Test worker     d.u.i.k.n.KeyIO           MODE: 2nd degree decls took 0 
591820     INFO  Test worker     d.u.i.k.n.KeyIO           Parsing took 0 ms 
591820     DEBUG Test worker     d.u.i.k.n.KeyIO           Load declarations of de.uka.ilkd.key.nparser.KeyAst$File:  <unknown>:1#1 
591820     INFO  Test worker     d.u.i.k.n.KeyIO           MODE: declarations took 0 ms 
591820     DEBUG Test worker     d.u.i.k.n.KeyIO           MODE: 2nd degree decls took 0 
591820     INFO  Test worker     d.u.i.k.n.KeyIO           Parsing took 0 ms 
591820     DEBUG Test worker     d.u.i.k.n.KeyIO           Load declarations of de.uka.ilkd.key.nparser.KeyAst$File:  <unknown>:1#1 
591820     INFO  Test worker     d.u.i.k.n.KeyIO           MODE: declarations took 0 ms 
591820     DEBUG Test worker     d.u.i.k.n.KeyIO           MODE: 2nd degree decls took 0 
591820     INFO  Test worker     d.u.i.k.n.KeyIO           Parsing took 0 ms 
591820     DEBUG Test worker     d.u.i.k.n.KeyIO           Load declarations of de.uka.ilkd.key.nparser.KeyAst$File:  <unknown>:1#1 
591820     INFO  Test worker     d.u.i.k.n.KeyIO           MODE: declarations took 0 ms 
591820     DEBUG Test worker     d.u.i.k.n.KeyIO           MODE: 2nd degree decls took 0 
591820     INFO  Test worker     d.u.i.k.n.KeyIO           Parsing took 0 ms 
591820     DEBUG Test worker     d.u.i.k.n.KeyIO           Load declarations of de.uka.ilkd.key.nparser.KeyAst$File:  <unknown>:1#1 
591820     INFO  Test worker     d.u.i.k.n.KeyIO           MODE: declarations took 0 ms 
591820     DEBUG Test worker     d.u.i.k.n.KeyIO           MODE: 2nd degree decls took 0 
591820     INFO  Test worker     d.u.i.k.n.KeyIO           Parsing took 0 ms 
591820     DEBUG Test worker     d.u.i.k.n.KeyIO           Load declarations of de.uka.ilkd.key.nparser.KeyAst$File:  <unknown>:1#1 
591820     INFO  Test worker     d.u.i.k.n.KeyIO           MODE: declarations took 0 ms 
591820     DEBUG Test worker     d.u.i.k.n.KeyIO           MODE: 2nd degree decls took 0 
]]></system-out>
  <system-err><![CDATA[]]></system-err>
</testsuite>
