<?xml version="1.0" encoding="UTF-8"?>
<testsuite name="de.uka.ilkd.key.proof.io.TestZipProofSaving" tests="1" skipped="0" failures="0" errors="0" timestamp="2023-06-03T14:39:54" hostname="fv-az277-694" time="11.708">
  <properties/>
  <testcase name="testZip()" classname="de.uka.ilkd.key.proof.io.TestZipProofSaving" time="11.708"/>
  <system-out><![CDATA[608487     INFO  Test worker     d.u.i.k.p.i.AbstractProblemLoader Loading environment from C:\Users\RUNNER~1\AppData\Local\Temp\keyZipTest15341981975390961723.key 
608487     DEBUG Test worker     d.u.i.k.p.i.AbstractProblemLoader Environment load took 496.3ns 
608487     INFO  Test worker     d.u.i.k.p.i.AbstractProblemLoader Creating init config 
608862     DEBUG Test worker     d.u.i.k.j.TypeConverter   No LDT found for Meta 
608862     DEBUG Test worker     d.u.i.k.j.TypeConverter   No LDT found for Meta 
608862     DEBUG Test worker     d.u.i.k.j.TypeConverter   No LDT found for Meta 
608862     DEBUG Test worker     d.u.i.k.j.TypeConverter   No LDT found for Meta 
610112     DEBUG Test worker     d.u.i.k.j.TypeConverter   No LDT found for JavaBigintExpression 
615633     DEBUG Test worker     d.u.i.k.p.i.AbstractProblemLoader Init config took 7.14s 
615649     INFO  Test worker     d.u.i.k.p.i.AbstractProblemLoader Replaying proof keyZipTest15341981975390961723.key 
615665     DEBUG Test worker     d.u.i.k.p.i.IntermediateProofReplayer Proof replay took 9.4ns 
615774     INFO  Test worker     d.u.i.k.p.i.AbstractProblemLoader Loading environment from C:\Users\RUNNER~1\AppData\Local\Temp\keyZipTest11224230323753311784.proof.gz 
615774     DEBUG Test worker     d.u.i.k.p.i.AbstractProblemLoader Environment load took 405.5ns 
615790     INFO  Test worker     d.u.i.k.p.i.AbstractProblemLoader Creating init config 
620057     DEBUG Test worker     d.u.i.k.p.i.AbstractProblemLoader Init config took 4.27s 
620073     INFO  Test worker     d.u.i.k.p.i.AbstractProblemLoader Replaying proof keyZipTest11224230323753311784.proof.gz 
620088     DEBUG Test worker     d.u.i.k.p.i.IntermediateProofReplayer Proof replay took 4.61ms 
]]></system-out>
  <system-err><![CDATA[]]></system-err>
</testsuite>
