<?xml version="1.0" encoding="UTF-8"?>
<testsuite name="de.uka.ilkd.key.rule.loop.LoopScopeInvRuleTests" tests="1" skipped="0" failures="0" errors="0" timestamp="2023-06-03T14:40:25" hostname="fv-az277-694" time="7.14">
  <properties/>
  <testcase name="testDoAutomaticProofOfBenchmarkWithLabeledBreaksAndContinues()" classname="de.uka.ilkd.key.rule.loop.LoopScopeInvRuleTests" time="7.14"/>
  <system-out><![CDATA[639022     INFO  Test worker     d.u.i.k.p.i.AbstractProblemLoader Loading environment from src\test\resources\testcase\loopScopeInvRule\Test.key 
639022     DEBUG Test worker     d.u.i.k.p.i.AbstractProblemLoader Environment load took 157.7ns 
639037     INFO  Test worker     d.u.i.k.p.i.AbstractProblemLoader Creating init config 
639287     DEBUG Test worker     d.u.i.k.j.TypeConverter   No LDT found for Meta 
639287     DEBUG Test worker     d.u.i.k.j.TypeConverter   No LDT found for Meta 
639287     DEBUG Test worker     d.u.i.k.j.TypeConverter   No LDT found for Meta 
639287     DEBUG Test worker     d.u.i.k.j.TypeConverter   No LDT found for Meta 
640381     DEBUG Test worker     d.u.i.k.j.TypeConverter   No LDT found for JavaBigintExpression 
645416     DEBUG Test worker     d.u.i.k.p.i.AbstractProblemLoader Init config took 6.39s 
645463     INFO  Test worker     d.u.i.k.p.i.AbstractProblemLoader Replaying proof Test[Test::loopScopeRuleBenchmark(int,boolean)].JML normal_behavior operation contract.0 
645463     DEBUG Test worker     d.u.i.k.p.i.IntermediateProofReplayer Proof replay took 20.1ns 
]]></system-out>
  <system-err><![CDATA[]]></system-err>
</testsuite>
