<?xml version="1.0" encoding="UTF-8"?>
<testsuite name="de.uka.ilkd.key.speclang.njml.JMLParserExceptionTest" tests="5" skipped="3" failures="0" errors="0" timestamp="2023-06-03T14:48:53" hostname="fv-az277-694" time="2.903">
  <properties/>
  <testcase name="case Bevhavioural.java" classname="de.uka.ilkd.key.speclang.njml.JMLParserExceptionTest" time="0.001">
    <skipped/>
  </testcase>
  <testcase name="case IllegalInv.java" classname="de.uka.ilkd.key.speclang.njml.JMLParserExceptionTest" time="0.001">
    <skipped/>
  </testcase>
  <testcase name="case TypeError.java" classname="de.uka.ilkd.key.speclang.njml.JMLParserExceptionTest" time="0.002">
    <skipped/>
  </testcase>
  <testcase name="case UnknownVar.java" classname="de.uka.ilkd.key.speclang.njml.JMLParserExceptionTest" time="1.372"/>
  <testcase name="case UnknownVarInJML.java" classname="de.uka.ilkd.key.speclang.njml.JMLParserExceptionTest" time="1.527"/>
  <system-out><![CDATA[1147587    INFO  Test worker     d.u.i.k.p.i.AbstractProblemLoader Loading environment from D:\a\key\key\key.core\build\resources\test\de\uka\ilkd\key\speclang\njml\exceptional\UnknownVar.java 
1147587    DEBUG Test worker     d.u.i.k.p.i.AbstractProblemLoader Environment load took 122.1ns 
1147587    INFO  Test worker     d.u.i.k.p.i.AbstractProblemLoader Creating init config 
1148947    INFO  Test worker     d.u.i.k.p.i.AbstractProblemLoader Loading environment from D:\a\key\key\key.core\build\resources\test\de\uka\ilkd\key\speclang\njml\exceptional\UnknownVarInJML.java 
1148947    DEBUG Test worker     d.u.i.k.p.i.AbstractProblemLoader Environment load took 122.8ns 
1148947    INFO  Test worker     d.u.i.k.p.i.AbstractProblemLoader Creating init config 
]]></system-out>
  <system-err><![CDATA[]]></system-err>
</testsuite>
