<?xml version="1.0" encoding="UTF-8"?>
<testsuite name="de.uka.ilkd.key.rule.merge.PredicateAbstractionLatticeTests" tests="3" skipped="0" failures="0" errors="0" timestamp="2023-06-03T14:42:22" hostname="fv-az277-694" time="9.397">
  <properties/>
  <testcase name="testToAndFromString()" classname="de.uka.ilkd.key.rule.merge.PredicateAbstractionLatticeTests" time="4.737"/>
  <testcase name="testCreateSignLatticeWithPredicates()" classname="de.uka.ilkd.key.rule.merge.PredicateAbstractionLatticeTests" time="4.66"/>
  <testcase name="testTrivialPredicatesLattice()" classname="de.uka.ilkd.key.rule.merge.PredicateAbstractionLatticeTests" time="0.0"/>
  <system-out><![CDATA[756124     INFO  Test worker     d.u.i.k.p.i.AbstractProblemLoader Loading environment from src\test\resources\testcase\merge\dummy.key 
756124     DEBUG Test worker     d.u.i.k.p.i.AbstractProblemLoader Environment load took 455.5ns 
756124     INFO  Test worker     d.u.i.k.p.i.AbstractProblemLoader Creating init config 
760832     DEBUG Test worker     d.u.i.k.p.i.AbstractProblemLoader Init config took 4.71s 
760847     INFO  Test worker     d.u.i.k.p.i.AbstractProblemLoader Replaying proof dummy.key 
760847     DEBUG Test worker     d.u.i.k.p.i.IntermediateProofReplayer Proof replay took 9.5ns 
760863     INFO  Test worker     d.u.i.k.p.i.AbstractProblemLoader Loading environment from src\test\resources\testcase\merge\dummy.key 
760863     DEBUG Test worker     d.u.i.k.p.i.AbstractProblemLoader Environment load took 132.3ns 
760863     INFO  Test worker     d.u.i.k.p.i.AbstractProblemLoader Creating init config 
765476     DEBUG Test worker     d.u.i.k.p.i.AbstractProblemLoader Init config took 4.62s 
765492     INFO  Test worker     d.u.i.k.p.i.AbstractProblemLoader Replaying proof dummy.key 
765492     DEBUG Test worker     d.u.i.k.p.i.IntermediateProofReplayer Proof replay took 8.3ns 
]]></system-out>
  <system-err><![CDATA[]]></system-err>
</testsuite>
