<?xml version="1.0" encoding="UTF-8"?>
<testsuite name="de.uka.ilkd.key.parser.TestTermParserSorts" tests="2" skipped="0" failures="0" errors="0" timestamp="2023-06-03T14:39:42" hostname="fv-az277-694" time="4.505">
  <properties/>
  <testcase name="testParseIntegerArgs()" classname="de.uka.ilkd.key.parser.TestTermParserSorts" time="0.024"/>
  <testcase name="testParseSequencePrettySyntax()" classname="de.uka.ilkd.key.parser.TestTermParserSorts" time="0.003"/>
  <system-out><![CDATA[596308     INFO  Test worker     d.u.i.k.n.KeyIO           Parsing took 0 ms 
596308     DEBUG Test worker     d.u.i.k.n.KeyIO           Load declarations of de.uka.ilkd.key.nparser.KeyAst$File:  <unknown>:1#1 
596308     INFO  Test worker     d.u.i.k.n.KeyIO           MODE: declarations took 0 ms 
596308     DEBUG Test worker     d.u.i.k.n.KeyIO           MODE: 2nd degree decls took 0 
596308     INFO  Test worker     d.u.i.k.n.KeyIO           Parsing took 0 ms 
596308     DEBUG Test worker     d.u.i.k.n.KeyIO           Load declarations of de.uka.ilkd.key.nparser.KeyAst$File:  <unknown>:1#1 
596308     INFO  Test worker     d.u.i.k.n.KeyIO           MODE: declarations took 0 ms 
596308     DEBUG Test worker     d.u.i.k.n.KeyIO           MODE: 2nd degree decls took 0 
596308     INFO  Test worker     d.u.i.k.n.KeyIO           Parsing took 0 ms 
596308     DEBUG Test worker     d.u.i.k.n.KeyIO           Load declarations of de.uka.ilkd.key.nparser.KeyAst$File:  <unknown>:1#1 
596308     INFO  Test worker     d.u.i.k.n.KeyIO           MODE: declarations took 0 ms 
596308     DEBUG Test worker     d.u.i.k.n.KeyIO           MODE: 2nd degree decls took 0 
600810     INFO  Test worker     d.u.i.k.n.KeyIO           Parsing took 0 ms 
600810     DEBUG Test worker     d.u.i.k.n.KeyIO           Load declarations of de.uka.ilkd.key.nparser.KeyAst$File:  <unknown>:1#1 
600810     INFO  Test worker     d.u.i.k.n.KeyIO           MODE: declarations took 0 ms 
600810     DEBUG Test worker     d.u.i.k.n.KeyIO           MODE: 2nd degree decls took 0 
600810     INFO  Test worker     d.u.i.k.n.KeyIO           Parsing took 0 ms 
600810     DEBUG Test worker     d.u.i.k.n.KeyIO           Load declarations of de.uka.ilkd.key.nparser.KeyAst$File:  <unknown>:1#1 
600810     INFO  Test worker     d.u.i.k.n.KeyIO           MODE: declarations took 0 ms 
600810     DEBUG Test worker     d.u.i.k.n.KeyIO           MODE: 2nd degree decls took 0 
600810     INFO  Test worker     d.u.i.k.n.KeyIO           Parsing took 0 ms 
600810     DEBUG Test worker     d.u.i.k.n.KeyIO           Load declarations of de.uka.ilkd.key.nparser.KeyAst$File:  <unknown>:1#1 
600810     INFO  Test worker     d.u.i.k.n.KeyIO           MODE: declarations took 0 ms 
600810     DEBUG Test worker     d.u.i.k.n.KeyIO           MODE: 2nd degree decls took 0 
]]></system-out>
  <system-err><![CDATA[]]></system-err>
</testsuite>
