<?xml version="1.0" encoding="UTF-8"?>
<testsuite name="de.uka.ilkd.key.util.TestSearchNodePreorderIterator" tests="4" skipped="0" failures="0" errors="0" timestamp="2023-06-03T14:50:40" hostname="fv-az277-694" time="0.015">
  <properties/>
  <testcase name="testNodesThreeLevel()" classname="de.uka.ilkd.key.util.TestSearchNodePreorderIterator" time="0.005"/>
  <testcase name="testEmptyRoot()" classname="de.uka.ilkd.key.util.TestSearchNodePreorderIterator" time="0.003"/>
  <testcase name="testNodesTwoLevel()" classname="de.uka.ilkd.key.util.TestSearchNodePreorderIterator" time="0.004"/>
  <testcase name="testNodesOneLevel()" classname="de.uka.ilkd.key.util.TestSearchNodePreorderIterator" time="0.003"/>
  <system-out><![CDATA[]]></system-out>
  <system-err><![CDATA[]]></system-err>
</testsuite>
