<?xml version="1.0" encoding="UTF-8"?>
<testsuite name="de.uka.ilkd.key.proof_references.testcase.analyst.TestMethodBodyExpandProofReferencesAnalyst" tests="1" skipped="0" failures="0" errors="0" timestamp="2023-02-02T11:58:05" hostname="fv-az471-177" time="3.388">
  <properties/>
  <testcase name="testMethodBodyExpand()" classname="de.uka.ilkd.key.proof_references.testcase.analyst.TestMethodBodyExpandProofReferencesAnalyst" time="3.388"/>
  <system-out><![CDATA[]]></system-out>
  <system-err><![CDATA[]]></system-err>
</testsuite>
