<?xml version="1.0" encoding="UTF-8"?>
<testsuite name="de.uka.ilkd.key.java.TestRecoder2KeY" tests="4" skipped="1" failures="0" errors="0" timestamp="2023-04-05T11:59:47" hostname="fv-az561-22" time="0.716">
  <properties/>
  <testcase name="xtestFileInput()" classname="de.uka.ilkd.key.java.TestRecoder2KeY" time="0.001">
    <skipped/>
  </testcase>
  <testcase name="testJClasses()" classname="de.uka.ilkd.key.java.TestRecoder2KeY" time="0.678"/>
  <testcase name="testReadBlockWithContext()" classname="de.uka.ilkd.key.java.TestRecoder2KeY" time="0.002"/>
  <testcase name="testJBlocks()" classname="de.uka.ilkd.key.java.TestRecoder2KeY" time="0.031"/>
  <system-out><![CDATA[]]></system-out>
  <system-err><![CDATA[]]></system-err>
</testsuite>
