<?xml version="1.0" encoding="UTF-8"?>
<testsuite name="de.uka.ilkd.key.logic.TestClashFreeSubst" tests="14" skipped="2" failures="0" errors="0" timestamp="2023-04-05T11:59:51" hostname="fv-az561-22" time="50.536">
  <properties/>
  <testcase name="testMultiShareBound()" classname="de.uka.ilkd.key.logic.TestClashFreeSubst" time="1.014"/>
  <testcase name="testClash()" classname="de.uka.ilkd.key.logic.TestClashFreeSubst" time="0.964"/>
  <testcase name="testShare()" classname="de.uka.ilkd.key.logic.TestClashFreeSubst" time="0.931"/>
  <testcase name="testSubst()" classname="de.uka.ilkd.key.logic.TestClashFreeSubst" time="0.929"/>
  <testcase name="testWary0()" classname="de.uka.ilkd.key.logic.TestClashFreeSubst" time="0.937"/>
  <testcase name="testWary1()" classname="de.uka.ilkd.key.logic.TestClashFreeSubst" time="0.92"/>
  <testcase name="testWary2()" classname="de.uka.ilkd.key.logic.TestClashFreeSubst" time="0.911"/>
  <testcase name="testClashInSubstTerm()" classname="de.uka.ilkd.key.logic.TestClashFreeSubst" time="0.926"/>
  <testcase name="testShareWary()" classname="de.uka.ilkd.key.logic.TestClashFreeSubst" time="0.935"/>
  <testcase name="testMultiSubst()" classname="de.uka.ilkd.key.logic.TestClashFreeSubst" time="0.921"/>
  <testcase name="xtestMultiClash()" classname="de.uka.ilkd.key.logic.TestClashFreeSubst" time="0.0">
    <skipped/>
  </testcase>
  <testcase name="testSubstInSubstTerm()" classname="de.uka.ilkd.key.logic.TestClashFreeSubst" time="0.923"/>
  <testcase name="testSubstWary()" classname="de.uka.ilkd.key.logic.TestClashFreeSubst" time="0.945"/>
  <testcase name="xtestMultiClash1()" classname="de.uka.ilkd.key.logic.TestClashFreeSubst" time="0.0">
    <skipped/>
  </testcase>
  <system-out><![CDATA[36571      INFO  Test worker     d.u.i.k.n.KeyIO           Parsing took 0 ms 
36577      INFO  Test worker     d.u.i.k.n.KeyIO           MODE: declarations took 0 ms 
37578      INFO  Test worker     d.u.i.k.n.KeyIO           Parsing took 0 ms 
37580      INFO  Test worker     d.u.i.k.n.KeyIO           MODE: declarations took 0 ms 
40621      INFO  Test worker     d.u.i.k.n.KeyIO           Parsing took 0 ms 
40622      INFO  Test worker     d.u.i.k.n.KeyIO           MODE: declarations took 0 ms 
41579      INFO  Test worker     d.u.i.k.n.KeyIO           Parsing took 0 ms 
41581      INFO  Test worker     d.u.i.k.n.KeyIO           MODE: declarations took 1 ms 
44719      INFO  Test worker     d.u.i.k.n.KeyIO           Parsing took 0 ms 
44719      INFO  Test worker     d.u.i.k.n.KeyIO           MODE: declarations took 0 ms 
45646      INFO  Test worker     d.u.i.k.n.KeyIO           Parsing took 0 ms 
45647      INFO  Test worker     d.u.i.k.n.KeyIO           MODE: declarations took 0 ms 
48665      INFO  Test worker     d.u.i.k.n.KeyIO           Parsing took 0 ms 
48666      INFO  Test worker     d.u.i.k.n.KeyIO           MODE: declarations took 0 ms 
49591      INFO  Test worker     d.u.i.k.n.KeyIO           Parsing took 0 ms 
49592      INFO  Test worker     d.u.i.k.n.KeyIO           MODE: declarations took 1 ms 
52545      INFO  Test worker     d.u.i.k.n.KeyIO           Parsing took 0 ms 
52545      INFO  Test worker     d.u.i.k.n.KeyIO           MODE: declarations took 0 ms 
53480      INFO  Test worker     d.u.i.k.n.KeyIO           Parsing took 0 ms 
53480      INFO  Test worker     d.u.i.k.n.KeyIO           MODE: declarations took 0 ms 
56526      INFO  Test worker     d.u.i.k.n.KeyIO           Parsing took 0 ms 
56528      INFO  Test worker     d.u.i.k.n.KeyIO           MODE: declarations took 0 ms 
57443      INFO  Test worker     d.u.i.k.n.KeyIO           Parsing took 0 ms 
57443      INFO  Test worker     d.u.i.k.n.KeyIO           MODE: declarations took 0 ms 
60390      INFO  Test worker     d.u.i.k.n.KeyIO           Parsing took 0 ms 
60391      INFO  Test worker     d.u.i.k.n.KeyIO           MODE: declarations took 0 ms 
61299      INFO  Test worker     d.u.i.k.n.KeyIO           Parsing took 1 ms 
61299      INFO  Test worker     d.u.i.k.n.KeyIO           MODE: declarations took 0 ms 
64286      INFO  Test worker     d.u.i.k.n.KeyIO           Parsing took 0 ms 
64288      INFO  Test worker     d.u.i.k.n.KeyIO           MODE: declarations took 1 ms 
65203      INFO  Test worker     d.u.i.k.n.KeyIO           Parsing took 0 ms 
65204      INFO  Test worker     d.u.i.k.n.KeyIO           MODE: declarations took 0 ms 
68175      INFO  Test worker     d.u.i.k.n.KeyIO           Parsing took 0 ms 
68175      INFO  Test worker     d.u.i.k.n.KeyIO           MODE: declarations took 0 ms 
69109      INFO  Test worker     d.u.i.k.n.KeyIO           Parsing took 1 ms 
69109      INFO  Test worker     d.u.i.k.n.KeyIO           MODE: declarations took 0 ms 
72110      INFO  Test worker     d.u.i.k.n.KeyIO           Parsing took 0 ms 
72111      INFO  Test worker     d.u.i.k.n.KeyIO           MODE: declarations took 1 ms 
73028      INFO  Test worker     d.u.i.k.n.KeyIO           Parsing took 0 ms 
73029      INFO  Test worker     d.u.i.k.n.KeyIO           MODE: declarations took 0 ms 
79198      INFO  Test worker     d.u.i.k.n.KeyIO           Parsing took 0 ms 
79199      INFO  Test worker     d.u.i.k.n.KeyIO           MODE: declarations took 0 ms 
80119      INFO  Test worker     d.u.i.k.n.KeyIO           Parsing took 0 ms 
80119      INFO  Test worker     d.u.i.k.n.KeyIO           MODE: declarations took 0 ms 
83109      INFO  Test worker     d.u.i.k.n.KeyIO           Parsing took 0 ms 
83110      INFO  Test worker     d.u.i.k.n.KeyIO           MODE: declarations took 0 ms 
84051      INFO  Test worker     d.u.i.k.n.KeyIO           Parsing took 0 ms 
84052      INFO  Test worker     d.u.i.k.n.KeyIO           MODE: declarations took 0 ms 
]]></system-out>
  <system-err><![CDATA[]]></system-err>
</testsuite>
