<?xml version="1.0" encoding="UTF-8"?>
<testsuite name="de.uka.ilkd.key.taclettranslation.TestTacletTranslator" tests="5" skipped="0" failures="0" errors="0" timestamp="2023-04-05T12:12:15" hostname="fv-az561-22" time="0.011">
  <properties/>
  <testcase name="testPropositional1()" classname="de.uka.ilkd.key.taclettranslation.TestTacletTranslator" time="0.003"/>
  <testcase name="testPropositional2()" classname="de.uka.ilkd.key.taclettranslation.TestTacletTranslator" time="0.003"/>
  <testcase name="testNegativePolarity()" classname="de.uka.ilkd.key.taclettranslation.TestTacletTranslator" time="0.001"/>
  <testcase name="testNoPolarity()" classname="de.uka.ilkd.key.taclettranslation.TestTacletTranslator" time="0.0"/>
  <testcase name="testPositivePolarity()" classname="de.uka.ilkd.key.taclettranslation.TestTacletTranslator" time="0.002"/>
  <system-out><![CDATA[780927     INFO  Test worker     d.u.i.k.n.KeyIO           Parsing took 0 ms 
780927     INFO  Test worker     d.u.i.k.n.KeyIO           MODE: declarations took 0 ms 
780930     INFO  Test worker     d.u.i.k.n.KeyIO           Parsing took 0 ms 
780930     INFO  Test worker     d.u.i.k.n.KeyIO           MODE: declarations took 0 ms 
780933     INFO  Test worker     d.u.i.k.n.KeyIO           Parsing took 0 ms 
780933     INFO  Test worker     d.u.i.k.n.KeyIO           MODE: declarations took 0 ms 
780934     INFO  Test worker     d.u.i.k.n.KeyIO           Parsing took 0 ms 
780935     INFO  Test worker     d.u.i.k.n.KeyIO           MODE: declarations took 0 ms 
780937     INFO  Test worker     d.u.i.k.n.KeyIO           Parsing took 0 ms 
780937     INFO  Test worker     d.u.i.k.n.KeyIO           MODE: declarations took 0 ms 
]]></system-out>
  <system-err><![CDATA[]]></system-err>
</testsuite>
