<?xml version="1.0" encoding="UTF-8"?>
<testsuite name="de.uka.ilkd.key.parser.TestTermParserSorts" tests="2" skipped="0" failures="0" errors="0" timestamp="2023-04-05T12:06:10" hostname="fv-az561-22" time="2.924">
  <properties/>
  <testcase name="testParseIntegerArgs()" classname="de.uka.ilkd.key.parser.TestTermParserSorts" time="0.023"/>
  <testcase name="testParseSequencePrettySyntax()" classname="de.uka.ilkd.key.parser.TestTermParserSorts" time="0.001"/>
  <system-out><![CDATA[415825     INFO  Test worker     d.u.i.k.n.KeyIO           Parsing took 0 ms 
415825     INFO  Test worker     d.u.i.k.n.KeyIO           MODE: declarations took 0 ms 
415825     INFO  Test worker     d.u.i.k.n.KeyIO           Parsing took 0 ms 
415825     INFO  Test worker     d.u.i.k.n.KeyIO           MODE: declarations took 0 ms 
415825     INFO  Test worker     d.u.i.k.n.KeyIO           Parsing took 0 ms 
415825     INFO  Test worker     d.u.i.k.n.KeyIO           MODE: declarations took 0 ms 
418747     INFO  Test worker     d.u.i.k.n.KeyIO           Parsing took 0 ms 
418747     INFO  Test worker     d.u.i.k.n.KeyIO           MODE: declarations took 0 ms 
418747     INFO  Test worker     d.u.i.k.n.KeyIO           Parsing took 0 ms 
418747     INFO  Test worker     d.u.i.k.n.KeyIO           MODE: declarations took 0 ms 
418747     INFO  Test worker     d.u.i.k.n.KeyIO           Parsing took 0 ms 
418747     INFO  Test worker     d.u.i.k.n.KeyIO           MODE: declarations took 0 ms 
]]></system-out>
  <system-err><![CDATA[]]></system-err>
</testsuite>
