<?xml version="1.0" encoding="UTF-8"?>
<testsuite name="de.uka.ilkd.key.nparser.ParseLDTsTests" tests="2" skipped="0" failures="0" errors="0" timestamp="2023-04-05T12:02:32" hostname="fv-az561-22" time="0.968">
  <properties/>
  <testcase name="testLDT()" classname="de.uka.ilkd.key.nparser.ParseLDTsTests" time="0.018"/>
  <testcase name="testSR()" classname="de.uka.ilkd.key.nparser.ParseLDTsTests" time="0.949"/>
  <system-out><![CDATA[197830     INFO  Test worker     d.u.i.k.n.KeyIO           Parsing took 10 ms 
197832     INFO  Test worker     d.u.i.k.n.KeyIO           MODE: declarations took 1 ms 
198304     INFO  Test worker     d.u.i.k.n.KeyIO           Parsing took 462 ms 
198306     INFO  Test worker     d.u.i.k.n.KeyIO           MODE: declarations took 2 ms 
]]></system-out>
  <system-err><![CDATA[]]></system-err>
</testsuite>
