<?xml version="1.0" encoding="UTF-8"?>
<testsuite name="de.uka.ilkd.key.parser.TestDeclParser" tests="14" skipped="2" failures="0" errors="0" timestamp="2023-04-05T12:02:43" hostname="fv-az561-22" time="10.829">
  <properties/>
  <testcase name="testGenericSortDecl1()" classname="de.uka.ilkd.key.parser.TestDeclParser" time="0.889"/>
  <testcase name="testGenericSortDecl2()" classname="de.uka.ilkd.key.parser.TestDeclParser" time="0.952"/>
  <testcase name="testGenericSortDecl3()" classname="de.uka.ilkd.key.parser.TestDeclParser" time="0.972"/>
  <testcase name="testGenericSortDecl4()" classname="de.uka.ilkd.key.parser.TestDeclParser" time="0.855"/>
  <testcase name="testGenericSortDecl5()" classname="de.uka.ilkd.key.parser.TestDeclParser" time="0.0">
    <skipped/>
  </testcase>
  <testcase name="testGenericSortDecl6()" classname="de.uka.ilkd.key.parser.TestDeclParser" time="0.921"/>
  <testcase name="testSortDecl()" classname="de.uka.ilkd.key.parser.TestDeclParser" time="0.853"/>
  <testcase name="testProxySortDecl()" classname="de.uka.ilkd.key.parser.TestDeclParser" time="0.921"/>
  <testcase name="testArrayDecl()" classname="de.uka.ilkd.key.parser.TestDeclParser" time="0.921"/>
  <testcase name="testAmbiguousDecls()" classname="de.uka.ilkd.key.parser.TestDeclParser" time="0.0">
    <skipped/>
  </testcase>
  <testcase name="testHeurDecl()" classname="de.uka.ilkd.key.parser.TestDeclParser" time="0.843"/>
  <testcase name="testFunctionDecl()" classname="de.uka.ilkd.key.parser.TestDeclParser" time="0.915"/>
  <testcase name="testPredicateDecl()" classname="de.uka.ilkd.key.parser.TestDeclParser" time="0.918"/>
  <testcase name="testSVDecl()" classname="de.uka.ilkd.key.parser.TestDeclParser" time="0.862"/>
  <system-out><![CDATA[209215     INFO  Test worker     d.u.i.k.n.KeyIO           Parsing took 0 ms 
209216     INFO  Test worker     d.u.i.k.n.KeyIO           MODE: declarations took 0 ms 
210167     INFO  Test worker     d.u.i.k.n.KeyIO           Parsing took 0 ms 
210168     INFO  Test worker     d.u.i.k.n.KeyIO           MODE: declarations took 0 ms 
211140     INFO  Test worker     d.u.i.k.n.KeyIO           Parsing took 0 ms 
211141     INFO  Test worker     d.u.i.k.n.KeyIO           MODE: declarations took 0 ms 
211999     INFO  Test worker     d.u.i.k.n.KeyIO           Parsing took 0 ms 
211999     INFO  Test worker     d.u.i.k.n.KeyIO           MODE: declarations took 0 ms 
212920     INFO  Test worker     d.u.i.k.n.KeyIO           Parsing took 0 ms 
212920     INFO  Test worker     d.u.i.k.n.KeyIO           MODE: declarations took 0 ms 
213773     INFO  Test worker     d.u.i.k.n.KeyIO           Parsing took 0 ms 
213774     INFO  Test worker     d.u.i.k.n.KeyIO           MODE: declarations took 0 ms 
214694     INFO  Test worker     d.u.i.k.n.KeyIO           Parsing took 0 ms 
214694     INFO  Test worker     d.u.i.k.n.KeyIO           MODE: declarations took 0 ms 
215613     INFO  Test worker     d.u.i.k.n.KeyIO           Parsing took 0 ms 
215613     INFO  Test worker     d.u.i.k.n.KeyIO           MODE: declarations took 0 ms 
216460     INFO  Test worker     d.u.i.k.n.KeyIO           Parsing took 1 ms 
216460     INFO  Test worker     d.u.i.k.n.KeyIO           MODE: declarations took 0 ms 
217374     INFO  Test worker     d.u.i.k.n.KeyIO           Parsing took 0 ms 
217375     INFO  Test worker     d.u.i.k.n.KeyIO           MODE: declarations took 0 ms 
218292     INFO  Test worker     d.u.i.k.n.KeyIO           Parsing took 0 ms 
218293     INFO  Test worker     d.u.i.k.n.KeyIO           MODE: declarations took 0 ms 
219156     INFO  Test worker     d.u.i.k.n.KeyIO           Parsing took 1 ms 
219156     INFO  Test worker     d.u.i.k.n.KeyIO           MODE: declarations took 0 ms 
]]></system-out>
  <system-err><![CDATA[]]></system-err>
</testsuite>
