<?xml version="1.0" encoding="UTF-8"?>
<testsuite name="de.uka.ilkd.key.parser.TestTermParserHeap" tests="39" skipped="0" failures="0" errors="0" timestamp="2023-04-05T12:04:19" hostname="fv-az561-22" time="108.61">
  <properties/>
  <testcase name="testBracketHeapUpdate()" classname="de.uka.ilkd.key.parser.TestTermParserHeap" time="0.015"/>
  <testcase name="testStore()" classname="de.uka.ilkd.key.parser.TestTermParserHeap" time="0.008"/>
  <testcase name="testUnknownConstant()" classname="de.uka.ilkd.key.parser.TestTermParserHeap" time="0.005"/>
  <testcase name="testAllFieldsSelector()" classname="de.uka.ilkd.key.parser.TestTermParserHeap" time="0.002"/>
  <testcase name="testParsePrettyPrintedSelect()" classname="de.uka.ilkd.key.parser.TestTermParserHeap" time="0.001"/>
  <testcase name="testAccessStaticMembers()" classname="de.uka.ilkd.key.parser.TestTermParserHeap" time="0.014"/>
  <testcase name="testAtOperator_1()" classname="de.uka.ilkd.key.parser.TestTermParserHeap" time="0.001"/>
  <testcase name="testAtOperator_2()" classname="de.uka.ilkd.key.parser.TestTermParserHeap" time="0.001"/>
  <testcase name="testAtOperator_3()" classname="de.uka.ilkd.key.parser.TestTermParserHeap" time="0.001"/>
  <testcase name="testAtOperator_4()" classname="de.uka.ilkd.key.parser.TestTermParserHeap" time="0.007"/>
  <testcase name="testAtOperator_5()" classname="de.uka.ilkd.key.parser.TestTermParserHeap" time="0.003"/>
  <testcase name="testAtOperator_6()" classname="de.uka.ilkd.key.parser.TestTermParserHeap" time="0.002"/>
  <testcase name="testAtOperator_7()" classname="de.uka.ilkd.key.parser.TestTermParserHeap" time="0.001"/>
  <testcase name="testAtOperator_8()" classname="de.uka.ilkd.key.parser.TestTermParserHeap" time="0.002"/>
  <testcase name="testVerifyExceptionIfAtOperatorNotPreceededBySelectTerm()" classname="de.uka.ilkd.key.parser.TestTermParserHeap" time="0.001"/>
  <testcase name="testBugResettingCounter()" classname="de.uka.ilkd.key.parser.TestTermParserHeap" time="0.003"/>
  <testcase name="testLocationSets()" classname="de.uka.ilkd.key.parser.TestTermParserHeap" time="0.002"/>
  <testcase name="testQuantifiedSelect()" classname="de.uka.ilkd.key.parser.TestTermParserHeap" time="0.004"/>
  <testcase name="testGenericObjectProperties()" classname="de.uka.ilkd.key.parser.TestTermParserHeap" time="0.027"/>
  <testcase name="testQueryInheritance_1()" classname="de.uka.ilkd.key.parser.TestTermParserHeap" time="0.001"/>
  <testcase name="testQueryInheritance_2()" classname="de.uka.ilkd.key.parser.TestTermParserHeap" time="0.005"/>
  <testcase name="testQueryInheritance_3()" classname="de.uka.ilkd.key.parser.TestTermParserHeap" time="0.002"/>
  <testcase name="testQueryInheritance_4()" classname="de.uka.ilkd.key.parser.TestTermParserHeap" time="0.001"/>
  <testcase name="testQueryInheritance_5()" classname="de.uka.ilkd.key.parser.TestTermParserHeap" time="0.001"/>
  <testcase name="testQueryInheritance_6()" classname="de.uka.ilkd.key.parser.TestTermParserHeap" time="0.001"/>
  <testcase name="testQueryInheritance_7()" classname="de.uka.ilkd.key.parser.TestTermParserHeap" time="0.001"/>
  <testcase name="testQueryInheritance_8()" classname="de.uka.ilkd.key.parser.TestTermParserHeap" time="0.002"/>
  <testcase name="testQueryInheritance_9()" classname="de.uka.ilkd.key.parser.TestTermParserHeap" time="0.002"/>
  <testcase name="testQueryBasic_10()" classname="de.uka.ilkd.key.parser.TestTermParserHeap" time="0.001"/>
  <testcase name="testQueryBasic_11()" classname="de.uka.ilkd.key.parser.TestTermParserHeap" time="0.002"/>
  <testcase name="testQueryBasic_1()" classname="de.uka.ilkd.key.parser.TestTermParserHeap" time="0.001"/>
  <testcase name="testQueryBasic_2()" classname="de.uka.ilkd.key.parser.TestTermParserHeap" time="0.002"/>
  <testcase name="testQueryBasic_3()" classname="de.uka.ilkd.key.parser.TestTermParserHeap" time="0.003"/>
  <testcase name="testQueryBasic_4()" classname="de.uka.ilkd.key.parser.TestTermParserHeap" time="0.002"/>
  <testcase name="testQueryBasic_5()" classname="de.uka.ilkd.key.parser.TestTermParserHeap" time="0.002"/>
  <testcase name="testQueryBasic_6()" classname="de.uka.ilkd.key.parser.TestTermParserHeap" time="0.002"/>
  <testcase name="testQueryBasic_7()" classname="de.uka.ilkd.key.parser.TestTermParserHeap" time="0.001"/>
  <testcase name="testQueryBasic_8()" classname="de.uka.ilkd.key.parser.TestTermParserHeap" time="0.007"/>
  <testcase name="testQueryBasic_9()" classname="de.uka.ilkd.key.parser.TestTermParserHeap" time="0.002"/>
  <system-out><![CDATA[304279     INFO  Test worker     d.u.i.k.n.KeyIO           Parsing took 0 ms 
304279     INFO  Test worker     d.u.i.k.n.KeyIO           MODE: declarations took 0 ms 
304280     INFO  Test worker     d.u.i.k.n.KeyIO           Parsing took 0 ms 
304280     INFO  Test worker     d.u.i.k.n.KeyIO           MODE: declarations took 0 ms 
304280     INFO  Test worker     d.u.i.k.n.KeyIO           Parsing took 0 ms 
304280     INFO  Test worker     d.u.i.k.n.KeyIO           MODE: declarations took 0 ms 
304280     INFO  Test worker     d.u.i.k.n.KeyIO           Parsing took 0 ms 
304280     INFO  Test worker     d.u.i.k.n.KeyIO           MODE: declarations took 0 ms 
304280     INFO  Test worker     d.u.i.k.n.KeyIO           Parsing took 0 ms 
304280     INFO  Test worker     d.u.i.k.n.KeyIO           MODE: declarations took 0 ms 
307207     INFO  Test worker     d.u.i.k.n.KeyIO           Parsing took 0 ms 
307207     INFO  Test worker     d.u.i.k.n.KeyIO           MODE: declarations took 0 ms 
307207     INFO  Test worker     d.u.i.k.n.KeyIO           Parsing took 0 ms 
307207     INFO  Test worker     d.u.i.k.n.KeyIO           MODE: declarations took 0 ms 
307207     INFO  Test worker     d.u.i.k.n.KeyIO           Parsing took 0 ms 
307207     INFO  Test worker     d.u.i.k.n.KeyIO           MODE: declarations took 0 ms 
307207     INFO  Test worker     d.u.i.k.n.KeyIO           Parsing took 0 ms 
307207     INFO  Test worker     d.u.i.k.n.KeyIO           MODE: declarations took 0 ms 
307207     INFO  Test worker     d.u.i.k.n.KeyIO           Parsing took 0 ms 
307207     INFO  Test worker     d.u.i.k.n.KeyIO           MODE: declarations took 0 ms 
310086     INFO  Test worker     d.u.i.k.n.KeyIO           Parsing took 0 ms 
310086     INFO  Test worker     d.u.i.k.n.KeyIO           MODE: declarations took 0 ms 
310086     INFO  Test worker     d.u.i.k.n.KeyIO           Parsing took 0 ms 
310087     INFO  Test worker     d.u.i.k.n.KeyIO           MODE: declarations took 0 ms 
310087     INFO  Test worker     d.u.i.k.n.KeyIO           Parsing took 0 ms 
310087     INFO  Test worker     d.u.i.k.n.KeyIO           MODE: declarations took 0 ms 
310087     INFO  Test worker     d.u.i.k.n.KeyIO           Parsing took 0 ms 
310088     INFO  Test worker     d.u.i.k.n.KeyIO           MODE: declarations took 0 ms 
310088     INFO  Test worker     d.u.i.k.n.KeyIO           Parsing took 0 ms 
310088     INFO  Test worker     d.u.i.k.n.KeyIO           MODE: declarations took 0 ms 
310089     INFO  Test worker     d.u.i.k.n.KeyIO           Parsing took 0 ms 
310089     INFO  Test worker     d.u.i.k.n.KeyIO           MODE: declarations took 0 ms 
312918     INFO  Test worker     d.u.i.k.n.KeyIO           Parsing took 0 ms 
312918     INFO  Test worker     d.u.i.k.n.KeyIO           MODE: declarations took 0 ms 
312918     INFO  Test worker     d.u.i.k.n.KeyIO           Parsing took 0 ms 
312918     INFO  Test worker     d.u.i.k.n.KeyIO           MODE: declarations took 0 ms 
312918     INFO  Test worker     d.u.i.k.n.KeyIO           Parsing took 0 ms 
312918     INFO  Test worker     d.u.i.k.n.KeyIO           MODE: declarations took 0 ms 
312918     INFO  Test worker     d.u.i.k.n.KeyIO           Parsing took 0 ms 
312918     INFO  Test worker     d.u.i.k.n.KeyIO           MODE: declarations took 0 ms 
312918     INFO  Test worker     d.u.i.k.n.KeyIO           Parsing took 0 ms 
312918     INFO  Test worker     d.u.i.k.n.KeyIO           MODE: declarations took 0 ms 
316041     INFO  Test worker     d.u.i.k.n.KeyIO           Parsing took 0 ms 
316041     INFO  Test worker     d.u.i.k.n.KeyIO           MODE: declarations took 0 ms 
316041     INFO  Test worker     d.u.i.k.n.KeyIO           Parsing took 0 ms 
316041     INFO  Test worker     d.u.i.k.n.KeyIO           MODE: declarations took 0 ms 
316041     INFO  Test worker     d.u.i.k.n.KeyIO           Parsing took 0 ms 
316041     INFO  Test worker     d.u.i.k.n.KeyIO           MODE: declarations took 0 ms 
316041     INFO  Test worker     d.u.i.k.n.KeyIO           Parsing took 0 ms 
316041     INFO  Test worker     d.u.i.k.n.KeyIO           MODE: declarations took 0 ms 
316041     INFO  Test worker     d.u.i.k.n.KeyIO           Parsing took 0 ms 
316041     INFO  Test worker     d.u.i.k.n.KeyIO           MODE: declarations took 0 ms 
318953     INFO  Test worker     d.u.i.k.n.KeyIO           Parsing took 0 ms 
318953     INFO  Test worker     d.u.i.k.n.KeyIO           MODE: declarations took 0 ms 
318953     INFO  Test worker     d.u.i.k.n.KeyIO           Parsing took 0 ms 
318954     INFO  Test worker     d.u.i.k.n.KeyIO           MODE: declarations took 0 ms 
318954     INFO  Test worker     d.u.i.k.n.KeyIO           Parsing took 0 ms 
318955     INFO  Test worker     d.u.i.k.n.KeyIO           MODE: declarations took 0 ms 
318955     INFO  Test worker     d.u.i.k.n.KeyIO           Parsing took 0 ms 
318962     INFO  Test worker     d.u.i.k.n.KeyIO           MODE: declarations took 0 ms 
318962     INFO  Test worker     d.u.i.k.n.KeyIO           Parsing took 0 ms 
318963     INFO  Test worker     d.u.i.k.n.KeyIO           MODE: declarations took 0 ms 
321764     INFO  Test worker     d.u.i.k.n.KeyIO           Parsing took 0 ms 
321764     INFO  Test worker     d.u.i.k.n.KeyIO           MODE: declarations took 0 ms 
321764     INFO  Test worker     d.u.i.k.n.KeyIO           Parsing took 0 ms 
321764     INFO  Test worker     d.u.i.k.n.KeyIO           MODE: declarations took 0 ms 
321764     INFO  Test worker     d.u.i.k.n.KeyIO           Parsing took 0 ms 
321764     INFO  Test worker     d.u.i.k.n.KeyIO           MODE: declarations took 0 ms 
321764     INFO  Test worker     d.u.i.k.n.KeyIO           Parsing took 0 ms 
321764     INFO  Test worker     d.u.i.k.n.KeyIO           MODE: declarations took 0 ms 
321764     INFO  Test worker     d.u.i.k.n.KeyIO           Parsing took 0 ms 
321764     INFO  Test worker     d.u.i.k.n.KeyIO           MODE: declarations took 0 ms 
324649     INFO  Test worker     d.u.i.k.n.KeyIO           Parsing took 0 ms 
324649     INFO  Test worker     d.u.i.k.n.KeyIO           MODE: declarations took 0 ms 
324649     INFO  Test worker     d.u.i.k.n.KeyIO           Parsing took 0 ms 
324649     INFO  Test worker     d.u.i.k.n.KeyIO           MODE: declarations took 0 ms 
324649     INFO  Test worker     d.u.i.k.n.KeyIO           Parsing took 0 ms 
324649     INFO  Test worker     d.u.i.k.n.KeyIO           MODE: declarations took 0 ms 
324649     INFO  Test worker     d.u.i.k.n.KeyIO           Parsing took 0 ms 
324649     INFO  Test worker     d.u.i.k.n.KeyIO           MODE: declarations took 0 ms 
324649     INFO  Test worker     d.u.i.k.n.KeyIO           Parsing took 0 ms 
324650     INFO  Test worker     d.u.i.k.n.KeyIO           MODE: declarations took 0 ms 
327444     INFO  Test worker     d.u.i.k.n.KeyIO           Parsing took 0 ms 
327444     INFO  Test worker     d.u.i.k.n.KeyIO           MODE: declarations took 0 ms 
327444     INFO  Test worker     d.u.i.k.n.KeyIO           Parsing took 0 ms 
327444     INFO  Test worker     d.u.i.k.n.KeyIO           MODE: declarations took 0 ms 
327444     INFO  Test worker     d.u.i.k.n.KeyIO           Parsing took 0 ms 
327444     INFO  Test worker     d.u.i.k.n.KeyIO           MODE: declarations took 0 ms 
327444     INFO  Test worker     d.u.i.k.n.KeyIO           Parsing took 0 ms 
327444     INFO  Test worker     d.u.i.k.n.KeyIO           MODE: declarations took 0 ms 
327444     INFO  Test worker     d.u.i.k.n.KeyIO           Parsing took 0 ms 
327445     INFO  Test worker     d.u.i.k.n.KeyIO           MODE: declarations took 0 ms 
330295     INFO  Test worker     d.u.i.k.n.KeyIO           Parsing took 0 ms 
330295     INFO  Test worker     d.u.i.k.n.KeyIO           MODE: declarations took 0 ms 
330296     INFO  Test worker     d.u.i.k.n.KeyIO           Parsing took 0 ms 
330296     INFO  Test worker     d.u.i.k.n.KeyIO           MODE: declarations took 0 ms 
330296     INFO  Test worker     d.u.i.k.n.KeyIO           Parsing took 0 ms 
330296     INFO  Test worker     d.u.i.k.n.KeyIO           MODE: declarations took 0 ms 
330297     INFO  Test worker     d.u.i.k.n.KeyIO           Parsing took 0 ms 
330297     INFO  Test worker     d.u.i.k.n.KeyIO           MODE: declarations took 0 ms 
330297     INFO  Test worker     d.u.i.k.n.KeyIO           Parsing took 0 ms 
330297     INFO  Test worker     d.u.i.k.n.KeyIO           MODE: declarations took 0 ms 
333167     INFO  Test worker     d.u.i.k.n.KeyIO           Parsing took 0 ms 
333167     INFO  Test worker     d.u.i.k.n.KeyIO           MODE: declarations took 0 ms 
333168     INFO  Test worker     d.u.i.k.n.KeyIO           Parsing took 0 ms 
333168     INFO  Test worker     d.u.i.k.n.KeyIO           MODE: declarations took 0 ms 
333168     INFO  Test worker     d.u.i.k.n.KeyIO           Parsing took 0 ms 
333168     INFO  Test worker     d.u.i.k.n.KeyIO           MODE: declarations took 0 ms 
333168     INFO  Test worker     d.u.i.k.n.KeyIO           Parsing took 0 ms 
333168     INFO  Test worker     d.u.i.k.n.KeyIO           MODE: declarations took 0 ms 
333169     INFO  Test worker     d.u.i.k.n.KeyIO           Parsing took 0 ms 
333169     INFO  Test worker     d.u.i.k.n.KeyIO           MODE: declarations took 0 ms 
336028     INFO  Test worker     d.u.i.k.n.KeyIO           Parsing took 0 ms 
336028     INFO  Test worker     d.u.i.k.n.KeyIO           MODE: declarations took 0 ms 
336028     INFO  Test worker     d.u.i.k.n.KeyIO           Parsing took 0 ms 
336028     INFO  Test worker     d.u.i.k.n.KeyIO           MODE: declarations took 0 ms 
336028     INFO  Test worker     d.u.i.k.n.KeyIO           Parsing took 0 ms 
336028     INFO  Test worker     d.u.i.k.n.KeyIO           MODE: declarations took 0 ms 
336028     INFO  Test worker     d.u.i.k.n.KeyIO           Parsing took 0 ms 
336028     INFO  Test worker     d.u.i.k.n.KeyIO           MODE: declarations took 0 ms 
336028     INFO  Test worker     d.u.i.k.n.KeyIO           Parsing took 0 ms 
336028     INFO  Test worker     d.u.i.k.n.KeyIO           MODE: declarations took 0 ms 
338878     INFO  Test worker     d.u.i.k.n.KeyIO           Parsing took 0 ms 
338878     INFO  Test worker     d.u.i.k.n.KeyIO           MODE: declarations took 0 ms 
338878     INFO  Test worker     d.u.i.k.n.KeyIO           Parsing took 0 ms 
338878     INFO  Test worker     d.u.i.k.n.KeyIO           MODE: declarations took 0 ms 
338878     INFO  Test worker     d.u.i.k.n.KeyIO           Parsing took 0 ms 
338878     INFO  Test worker     d.u.i.k.n.KeyIO           MODE: declarations took 0 ms 
338878     INFO  Test worker     d.u.i.k.n.KeyIO           Parsing took 0 ms 
338878     INFO  Test worker     d.u.i.k.n.KeyIO           MODE: declarations took 0 ms 
338878     INFO  Test worker     d.u.i.k.n.KeyIO           Parsing took 0 ms 
338878     INFO  Test worker     d.u.i.k.n.KeyIO           MODE: declarations took 0 ms 
341700     INFO  Test worker     d.u.i.k.n.KeyIO           Parsing took 0 ms 
341701     INFO  Test worker     d.u.i.k.n.KeyIO           MODE: declarations took 1 ms 
341701     INFO  Test worker     d.u.i.k.n.KeyIO           Parsing took 0 ms 
341701     INFO  Test worker     d.u.i.k.n.KeyIO           MODE: declarations took 0 ms 
341701     INFO  Test worker     d.u.i.k.n.KeyIO           Parsing took 0 ms 
341701     INFO  Test worker     d.u.i.k.n.KeyIO           MODE: declarations took 0 ms 
341701     INFO  Test worker     d.u.i.k.n.KeyIO           Parsing took 0 ms 
341701     INFO  Test worker     d.u.i.k.n.KeyIO           MODE: declarations took 0 ms 
341701     INFO  Test worker     d.u.i.k.n.KeyIO           Parsing took 0 ms 
341701     INFO  Test worker     d.u.i.k.n.KeyIO           MODE: declarations took 0 ms 
344549     INFO  Test worker     d.u.i.k.n.KeyIO           Parsing took 0 ms 
344549     INFO  Test worker     d.u.i.k.n.KeyIO           MODE: declarations took 0 ms 
344549     INFO  Test worker     d.u.i.k.n.KeyIO           Parsing took 0 ms 
344550     INFO  Test worker     d.u.i.k.n.KeyIO           MODE: declarations took 0 ms 
344550     INFO  Test worker     d.u.i.k.n.KeyIO           Parsing took 0 ms 
344550     INFO  Test worker     d.u.i.k.n.KeyIO           MODE: declarations took 0 ms 
344550     INFO  Test worker     d.u.i.k.n.KeyIO           Parsing took 0 ms 
344550     INFO  Test worker     d.u.i.k.n.KeyIO           MODE: declarations took 0 ms 
344550     INFO  Test worker     d.u.i.k.n.KeyIO           Parsing took 0 ms 
344550     INFO  Test worker     d.u.i.k.n.KeyIO           MODE: declarations took 0 ms 
344551     WARN  Test worker     d.u.i.k.n.KeYParser       [syntax-error] <unknown>:1:11: mismatched input '@' expecting {'/', ':=', '.', '(', ')', '{', '[', '@', PARALLEL, OR, AND, IMP, '=', NOT_EQUALS, '%', '*', '-', '+', '>', GREATEREQUAL, '<', LESSEQUAL, LGUILLEMETS, EQV} [@11,11:11='@',<153>,1:11] (termEOF) 
347424     INFO  Test worker     d.u.i.k.n.KeyIO           Parsing took 0 ms 
347424     INFO  Test worker     d.u.i.k.n.KeyIO           MODE: declarations took 0 ms 
347424     INFO  Test worker     d.u.i.k.n.KeyIO           Parsing took 0 ms 
347424     INFO  Test worker     d.u.i.k.n.KeyIO           MODE: declarations took 0 ms 
347424     INFO  Test worker     d.u.i.k.n.KeyIO           Parsing took 0 ms 
347424     INFO  Test worker     d.u.i.k.n.KeyIO           MODE: declarations took 0 ms 
347424     INFO  Test worker     d.u.i.k.n.KeyIO           Parsing took 0 ms 
347424     INFO  Test worker     d.u.i.k.n.KeyIO           MODE: declarations took 0 ms 
347424     INFO  Test worker     d.u.i.k.n.KeyIO           Parsing took 0 ms 
347424     INFO  Test worker     d.u.i.k.n.KeyIO           MODE: declarations took 0 ms 
350255     INFO  Test worker     d.u.i.k.n.KeyIO           Parsing took 0 ms 
350256     INFO  Test worker     d.u.i.k.n.KeyIO           MODE: declarations took 0 ms 
350256     INFO  Test worker     d.u.i.k.n.KeyIO           Parsing took 0 ms 
350256     INFO  Test worker     d.u.i.k.n.KeyIO           MODE: declarations took 0 ms 
350256     INFO  Test worker     d.u.i.k.n.KeyIO           Parsing took 0 ms 
350256     INFO  Test worker     d.u.i.k.n.KeyIO           MODE: declarations took 0 ms 
350256     INFO  Test worker     d.u.i.k.n.KeyIO           Parsing took 0 ms 
350256     INFO  Test worker     d.u.i.k.n.KeyIO           MODE: declarations took 0 ms 
350256     INFO  Test worker     d.u.i.k.n.KeyIO           Parsing took 0 ms 
350256     INFO  Test worker     d.u.i.k.n.KeyIO           MODE: declarations took 0 ms 
353133     INFO  Test worker     d.u.i.k.n.KeyIO           Parsing took 0 ms 
353133     INFO  Test worker     d.u.i.k.n.KeyIO           MODE: declarations took 0 ms 
353133     INFO  Test worker     d.u.i.k.n.KeyIO           Parsing took 0 ms 
353133     INFO  Test worker     d.u.i.k.n.KeyIO           MODE: declarations took 0 ms 
353133     INFO  Test worker     d.u.i.k.n.KeyIO           Parsing took 0 ms 
353133     INFO  Test worker     d.u.i.k.n.KeyIO           MODE: declarations took 0 ms 
353133     INFO  Test worker     d.u.i.k.n.KeyIO           Parsing took 0 ms 
353133     INFO  Test worker     d.u.i.k.n.KeyIO           MODE: declarations took 0 ms 
353133     INFO  Test worker     d.u.i.k.n.KeyIO           Parsing took 0 ms 
353134     INFO  Test worker     d.u.i.k.n.KeyIO           MODE: declarations took 0 ms 
355968     INFO  Test worker     d.u.i.k.n.KeyIO           Parsing took 0 ms 
355969     INFO  Test worker     d.u.i.k.n.KeyIO           MODE: declarations took 1 ms 
355969     INFO  Test worker     d.u.i.k.n.KeyIO           Parsing took 0 ms 
355969     INFO  Test worker     d.u.i.k.n.KeyIO           MODE: declarations took 0 ms 
355969     INFO  Test worker     d.u.i.k.n.KeyIO           Parsing took 0 ms 
355969     INFO  Test worker     d.u.i.k.n.KeyIO           MODE: declarations took 0 ms 
355969     INFO  Test worker     d.u.i.k.n.KeyIO           Parsing took 0 ms 
355969     INFO  Test worker     d.u.i.k.n.KeyIO           MODE: declarations took 0 ms 
355969     INFO  Test worker     d.u.i.k.n.KeyIO           Parsing took 0 ms 
355969     INFO  Test worker     d.u.i.k.n.KeyIO           MODE: declarations took 0 ms 
358807     INFO  Test worker     d.u.i.k.n.KeyIO           Parsing took 0 ms 
358807     INFO  Test worker     d.u.i.k.n.KeyIO           MODE: declarations took 0 ms 
358808     INFO  Test worker     d.u.i.k.n.KeyIO           Parsing took 1 ms 
358808     INFO  Test worker     d.u.i.k.n.KeyIO           MODE: declarations took 0 ms 
358808     INFO  Test worker     d.u.i.k.n.KeyIO           Parsing took 0 ms 
358808     INFO  Test worker     d.u.i.k.n.KeyIO           MODE: declarations took 0 ms 
358808     INFO  Test worker     d.u.i.k.n.KeyIO           Parsing took 0 ms 
358808     INFO  Test worker     d.u.i.k.n.KeyIO           MODE: declarations took 0 ms 
358808     INFO  Test worker     d.u.i.k.n.KeyIO           Parsing took 0 ms 
358808     INFO  Test worker     d.u.i.k.n.KeyIO           MODE: declarations took 0 ms 
361738     INFO  Test worker     d.u.i.k.n.KeyIO           Parsing took 0 ms 
361740     INFO  Test worker     d.u.i.k.n.KeyIO           MODE: declarations took 0 ms 
361740     INFO  Test worker     d.u.i.k.n.KeyIO           Parsing took 0 ms 
361741     INFO  Test worker     d.u.i.k.n.KeyIO           MODE: declarations took 0 ms 
361741     INFO  Test worker     d.u.i.k.n.KeyIO           Parsing took 0 ms 
361741     INFO  Test worker     d.u.i.k.n.KeyIO           MODE: declarations took 0 ms 
361741     INFO  Test worker     d.u.i.k.n.KeyIO           Parsing took 0 ms 
361742     INFO  Test worker     d.u.i.k.n.KeyIO           MODE: declarations took 1 ms 
361742     INFO  Test worker     d.u.i.k.n.KeyIO           Parsing took 0 ms 
361742     INFO  Test worker     d.u.i.k.n.KeyIO           MODE: declarations took 0 ms 
364630     INFO  Test worker     d.u.i.k.n.KeyIO           Parsing took 0 ms 
364630     INFO  Test worker     d.u.i.k.n.KeyIO           MODE: declarations took 0 ms 
364630     INFO  Test worker     d.u.i.k.n.KeyIO           Parsing took 0 ms 
364630     INFO  Test worker     d.u.i.k.n.KeyIO           MODE: declarations took 0 ms 
364630     INFO  Test worker     d.u.i.k.n.KeyIO           Parsing took 0 ms 
364630     INFO  Test worker     d.u.i.k.n.KeyIO           MODE: declarations took 0 ms 
364630     INFO  Test worker     d.u.i.k.n.KeyIO           Parsing took 0 ms 
364630     INFO  Test worker     d.u.i.k.n.KeyIO           MODE: declarations took 0 ms 
364630     INFO  Test worker     d.u.i.k.n.KeyIO           Parsing took 0 ms 
364630     INFO  Test worker     d.u.i.k.n.KeyIO           MODE: declarations took 0 ms 
367545     INFO  Test worker     d.u.i.k.n.KeyIO           Parsing took 0 ms 
367546     INFO  Test worker     d.u.i.k.n.KeyIO           MODE: declarations took 0 ms 
367546     INFO  Test worker     d.u.i.k.n.KeyIO           Parsing took 0 ms 
367546     INFO  Test worker     d.u.i.k.n.KeyIO           MODE: declarations took 0 ms 
367546     INFO  Test worker     d.u.i.k.n.KeyIO           Parsing took 0 ms 
367546     INFO  Test worker     d.u.i.k.n.KeyIO           MODE: declarations took 0 ms 
367546     INFO  Test worker     d.u.i.k.n.KeyIO           Parsing took 0 ms 
367546     INFO  Test worker     d.u.i.k.n.KeyIO           MODE: declarations took 0 ms 
367546     INFO  Test worker     d.u.i.k.n.KeyIO           Parsing took 0 ms 
367546     INFO  Test worker     d.u.i.k.n.KeyIO           MODE: declarations took 0 ms 
370365     INFO  Test worker     d.u.i.k.n.KeyIO           Parsing took 0 ms 
370365     INFO  Test worker     d.u.i.k.n.KeyIO           MODE: declarations took 0 ms 
370365     INFO  Test worker     d.u.i.k.n.KeyIO           Parsing took 0 ms 
370365     INFO  Test worker     d.u.i.k.n.KeyIO           MODE: declarations took 0 ms 
370365     INFO  Test worker     d.u.i.k.n.KeyIO           Parsing took 0 ms 
370365     INFO  Test worker     d.u.i.k.n.KeyIO           MODE: declarations took 0 ms 
370365     INFO  Test worker     d.u.i.k.n.KeyIO           Parsing took 0 ms 
370365     INFO  Test worker     d.u.i.k.n.KeyIO           MODE: declarations took 0 ms 
370365     INFO  Test worker     d.u.i.k.n.KeyIO           Parsing took 0 ms 
370365     INFO  Test worker     d.u.i.k.n.KeyIO           MODE: declarations took 0 ms 
373172     INFO  Test worker     d.u.i.k.n.KeyIO           Parsing took 0 ms 
373172     INFO  Test worker     d.u.i.k.n.KeyIO           MODE: declarations took 0 ms 
373172     INFO  Test worker     d.u.i.k.n.KeyIO           Parsing took 0 ms 
373172     INFO  Test worker     d.u.i.k.n.KeyIO           MODE: declarations took 0 ms 
373172     INFO  Test worker     d.u.i.k.n.KeyIO           Parsing took 0 ms 
373172     INFO  Test worker     d.u.i.k.n.KeyIO           MODE: declarations took 0 ms 
373173     INFO  Test worker     d.u.i.k.n.KeyIO           Parsing took 1 ms 
373173     INFO  Test worker     d.u.i.k.n.KeyIO           MODE: declarations took 0 ms 
373173     INFO  Test worker     d.u.i.k.n.KeyIO           Parsing took 0 ms 
373173     INFO  Test worker     d.u.i.k.n.KeyIO           MODE: declarations took 0 ms 
375969     INFO  Test worker     d.u.i.k.n.KeyIO           Parsing took 0 ms 
375970     INFO  Test worker     d.u.i.k.n.KeyIO           MODE: declarations took 1 ms 
375970     INFO  Test worker     d.u.i.k.n.KeyIO           Parsing took 0 ms 
375970     INFO  Test worker     d.u.i.k.n.KeyIO           MODE: declarations took 0 ms 
375970     INFO  Test worker     d.u.i.k.n.KeyIO           Parsing took 0 ms 
375970     INFO  Test worker     d.u.i.k.n.KeyIO           MODE: declarations took 0 ms 
375970     INFO  Test worker     d.u.i.k.n.KeyIO           Parsing took 0 ms 
375970     INFO  Test worker     d.u.i.k.n.KeyIO           MODE: declarations took 0 ms 
375970     INFO  Test worker     d.u.i.k.n.KeyIO           Parsing took 0 ms 
375970     INFO  Test worker     d.u.i.k.n.KeyIO           MODE: declarations took 0 ms 
378801     INFO  Test worker     d.u.i.k.n.KeyIO           Parsing took 0 ms 
378801     INFO  Test worker     d.u.i.k.n.KeyIO           MODE: declarations took 0 ms 
378802     INFO  Test worker     d.u.i.k.n.KeyIO           Parsing took 0 ms 
378802     INFO  Test worker     d.u.i.k.n.KeyIO           MODE: declarations took 0 ms 
378802     INFO  Test worker     d.u.i.k.n.KeyIO           Parsing took 0 ms 
378802     INFO  Test worker     d.u.i.k.n.KeyIO           MODE: declarations took 0 ms 
378802     INFO  Test worker     d.u.i.k.n.KeyIO           Parsing took 0 ms 
378802     INFO  Test worker     d.u.i.k.n.KeyIO           MODE: declarations took 0 ms 
378802     INFO  Test worker     d.u.i.k.n.KeyIO           Parsing took 0 ms 
378802     INFO  Test worker     d.u.i.k.n.KeyIO           MODE: declarations took 0 ms 
381624     INFO  Test worker     d.u.i.k.n.KeyIO           Parsing took 0 ms 
381624     INFO  Test worker     d.u.i.k.n.KeyIO           MODE: declarations took 0 ms 
381624     INFO  Test worker     d.u.i.k.n.KeyIO           Parsing took 0 ms 
381624     INFO  Test worker     d.u.i.k.n.KeyIO           MODE: declarations took 0 ms 
381624     INFO  Test worker     d.u.i.k.n.KeyIO           Parsing took 0 ms 
381624     INFO  Test worker     d.u.i.k.n.KeyIO           MODE: declarations took 0 ms 
381624     INFO  Test worker     d.u.i.k.n.KeyIO           Parsing took 0 ms 
381624     INFO  Test worker     d.u.i.k.n.KeyIO           MODE: declarations took 0 ms 
381624     INFO  Test worker     d.u.i.k.n.KeyIO           Parsing took 0 ms 
381624     INFO  Test worker     d.u.i.k.n.KeyIO           MODE: declarations took 0 ms 
384511     INFO  Test worker     d.u.i.k.n.KeyIO           Parsing took 0 ms 
384511     INFO  Test worker     d.u.i.k.n.KeyIO           MODE: declarations took 0 ms 
384511     INFO  Test worker     d.u.i.k.n.KeyIO           Parsing took 0 ms 
384511     INFO  Test worker     d.u.i.k.n.KeyIO           MODE: declarations took 0 ms 
384511     INFO  Test worker     d.u.i.k.n.KeyIO           Parsing took 0 ms 
384511     INFO  Test worker     d.u.i.k.n.KeyIO           MODE: declarations took 0 ms 
384511     INFO  Test worker     d.u.i.k.n.KeyIO           Parsing took 0 ms 
384511     INFO  Test worker     d.u.i.k.n.KeyIO           MODE: declarations took 0 ms 
384511     INFO  Test worker     d.u.i.k.n.KeyIO           Parsing took 0 ms 
384511     INFO  Test worker     d.u.i.k.n.KeyIO           MODE: declarations took 0 ms 
387402     INFO  Test worker     d.u.i.k.n.KeyIO           Parsing took 1 ms 
387402     INFO  Test worker     d.u.i.k.n.KeyIO           MODE: declarations took 0 ms 
387402     INFO  Test worker     d.u.i.k.n.KeyIO           Parsing took 0 ms 
387402     INFO  Test worker     d.u.i.k.n.KeyIO           MODE: declarations took 0 ms 
387402     INFO  Test worker     d.u.i.k.n.KeyIO           Parsing took 0 ms 
387402     INFO  Test worker     d.u.i.k.n.KeyIO           MODE: declarations took 0 ms 
387402     INFO  Test worker     d.u.i.k.n.KeyIO           Parsing took 0 ms 
387402     INFO  Test worker     d.u.i.k.n.KeyIO           MODE: declarations took 0 ms 
387402     INFO  Test worker     d.u.i.k.n.KeyIO           Parsing took 0 ms 
387402     INFO  Test worker     d.u.i.k.n.KeyIO           MODE: declarations took 0 ms 
390236     INFO  Test worker     d.u.i.k.n.KeyIO           Parsing took 0 ms 
390236     INFO  Test worker     d.u.i.k.n.KeyIO           MODE: declarations took 0 ms 
390237     INFO  Test worker     d.u.i.k.n.KeyIO           Parsing took 1 ms 
390237     INFO  Test worker     d.u.i.k.n.KeyIO           MODE: declarations took 0 ms 
390237     INFO  Test worker     d.u.i.k.n.KeyIO           Parsing took 0 ms 
390237     INFO  Test worker     d.u.i.k.n.KeyIO           MODE: declarations took 0 ms 
390237     INFO  Test worker     d.u.i.k.n.KeyIO           Parsing took 0 ms 
390237     INFO  Test worker     d.u.i.k.n.KeyIO           MODE: declarations took 0 ms 
390237     INFO  Test worker     d.u.i.k.n.KeyIO           Parsing took 0 ms 
390237     INFO  Test worker     d.u.i.k.n.KeyIO           MODE: declarations took 0 ms 
393040     INFO  Test worker     d.u.i.k.n.KeyIO           Parsing took 0 ms 
393040     INFO  Test worker     d.u.i.k.n.KeyIO           MODE: declarations took 0 ms 
393040     INFO  Test worker     d.u.i.k.n.KeyIO           Parsing took 0 ms 
393040     INFO  Test worker     d.u.i.k.n.KeyIO           MODE: declarations took 0 ms 
393040     INFO  Test worker     d.u.i.k.n.KeyIO           Parsing took 0 ms 
393040     INFO  Test worker     d.u.i.k.n.KeyIO           MODE: declarations took 0 ms 
393040     INFO  Test worker     d.u.i.k.n.KeyIO           Parsing took 0 ms 
393040     INFO  Test worker     d.u.i.k.n.KeyIO           MODE: declarations took 0 ms 
393040     INFO  Test worker     d.u.i.k.n.KeyIO           Parsing took 0 ms 
393040     INFO  Test worker     d.u.i.k.n.KeyIO           MODE: declarations took 0 ms 
395888     INFO  Test worker     d.u.i.k.n.KeyIO           Parsing took 0 ms 
395888     INFO  Test worker     d.u.i.k.n.KeyIO           MODE: declarations took 0 ms 
395888     INFO  Test worker     d.u.i.k.n.KeyIO           Parsing took 0 ms 
395889     INFO  Test worker     d.u.i.k.n.KeyIO           MODE: declarations took 1 ms 
395890     INFO  Test worker     d.u.i.k.n.KeyIO           Parsing took 0 ms 
395890     INFO  Test worker     d.u.i.k.n.KeyIO           MODE: declarations took 0 ms 
395890     INFO  Test worker     d.u.i.k.n.KeyIO           Parsing took 0 ms 
395890     INFO  Test worker     d.u.i.k.n.KeyIO           MODE: declarations took 0 ms 
395890     INFO  Test worker     d.u.i.k.n.KeyIO           Parsing took 0 ms 
395890     INFO  Test worker     d.u.i.k.n.KeyIO           MODE: declarations took 0 ms 
398680     INFO  Test worker     d.u.i.k.n.KeyIO           Parsing took 0 ms 
398681     INFO  Test worker     d.u.i.k.n.KeyIO           MODE: declarations took 0 ms 
398681     INFO  Test worker     d.u.i.k.n.KeyIO           Parsing took 0 ms 
398681     INFO  Test worker     d.u.i.k.n.KeyIO           MODE: declarations took 0 ms 
398681     INFO  Test worker     d.u.i.k.n.KeyIO           Parsing took 0 ms 
398681     INFO  Test worker     d.u.i.k.n.KeyIO           MODE: declarations took 0 ms 
398681     INFO  Test worker     d.u.i.k.n.KeyIO           Parsing took 0 ms 
398681     INFO  Test worker     d.u.i.k.n.KeyIO           MODE: declarations took 0 ms 
398681     INFO  Test worker     d.u.i.k.n.KeyIO           Parsing took 0 ms 
398681     INFO  Test worker     d.u.i.k.n.KeyIO           MODE: declarations took 0 ms 
401486     INFO  Test worker     d.u.i.k.n.KeyIO           Parsing took 0 ms 
401486     INFO  Test worker     d.u.i.k.n.KeyIO           MODE: declarations took 0 ms 
401486     INFO  Test worker     d.u.i.k.n.KeyIO           Parsing took 0 ms 
401486     INFO  Test worker     d.u.i.k.n.KeyIO           MODE: declarations took 0 ms 
401486     INFO  Test worker     d.u.i.k.n.KeyIO           Parsing took 0 ms 
401486     INFO  Test worker     d.u.i.k.n.KeyIO           MODE: declarations took 0 ms 
401486     INFO  Test worker     d.u.i.k.n.KeyIO           Parsing took 0 ms 
401486     INFO  Test worker     d.u.i.k.n.KeyIO           MODE: declarations took 0 ms 
401486     INFO  Test worker     d.u.i.k.n.KeyIO           Parsing took 0 ms 
401486     INFO  Test worker     d.u.i.k.n.KeyIO           MODE: declarations took 0 ms 
404287     INFO  Test worker     d.u.i.k.n.KeyIO           Parsing took 0 ms 
404288     INFO  Test worker     d.u.i.k.n.KeyIO           MODE: declarations took 0 ms 
404288     INFO  Test worker     d.u.i.k.n.KeyIO           Parsing took 0 ms 
404288     INFO  Test worker     d.u.i.k.n.KeyIO           MODE: declarations took 0 ms 
404288     INFO  Test worker     d.u.i.k.n.KeyIO           Parsing took 0 ms 
404288     INFO  Test worker     d.u.i.k.n.KeyIO           MODE: declarations took 0 ms 
404288     INFO  Test worker     d.u.i.k.n.KeyIO           Parsing took 0 ms 
404288     INFO  Test worker     d.u.i.k.n.KeyIO           MODE: declarations took 0 ms 
404288     INFO  Test worker     d.u.i.k.n.KeyIO           Parsing took 0 ms 
404288     INFO  Test worker     d.u.i.k.n.KeyIO           MODE: declarations took 0 ms 
407141     INFO  Test worker     d.u.i.k.n.KeyIO           Parsing took 0 ms 
407141     INFO  Test worker     d.u.i.k.n.KeyIO           MODE: declarations took 0 ms 
407141     INFO  Test worker     d.u.i.k.n.KeyIO           Parsing took 0 ms 
407141     INFO  Test worker     d.u.i.k.n.KeyIO           MODE: declarations took 0 ms 
407141     INFO  Test worker     d.u.i.k.n.KeyIO           Parsing took 0 ms 
407141     INFO  Test worker     d.u.i.k.n.KeyIO           MODE: declarations took 0 ms 
407141     INFO  Test worker     d.u.i.k.n.KeyIO           Parsing took 0 ms 
407141     INFO  Test worker     d.u.i.k.n.KeyIO           MODE: declarations took 0 ms 
407142     INFO  Test worker     d.u.i.k.n.KeyIO           Parsing took 0 ms 
407142     INFO  Test worker     d.u.i.k.n.KeyIO           MODE: declarations took 0 ms 
410002     INFO  Test worker     d.u.i.k.n.KeyIO           Parsing took 0 ms 
410003     INFO  Test worker     d.u.i.k.n.KeyIO           MODE: declarations took 1 ms 
410003     INFO  Test worker     d.u.i.k.n.KeyIO           Parsing took 0 ms 
410003     INFO  Test worker     d.u.i.k.n.KeyIO           MODE: declarations took 0 ms 
410004     INFO  Test worker     d.u.i.k.n.KeyIO           Parsing took 0 ms 
410004     INFO  Test worker     d.u.i.k.n.KeyIO           MODE: declarations took 0 ms 
410004     INFO  Test worker     d.u.i.k.n.KeyIO           Parsing took 0 ms 
410005     INFO  Test worker     d.u.i.k.n.KeyIO           MODE: declarations took 0 ms 
410005     INFO  Test worker     d.u.i.k.n.KeyIO           Parsing took 0 ms 
410007     INFO  Test worker     d.u.i.k.n.KeyIO           MODE: declarations took 0 ms 
412888     INFO  Test worker     d.u.i.k.n.KeyIO           Parsing took 0 ms 
412888     INFO  Test worker     d.u.i.k.n.KeyIO           MODE: declarations took 0 ms 
412888     INFO  Test worker     d.u.i.k.n.KeyIO           Parsing took 0 ms 
412888     INFO  Test worker     d.u.i.k.n.KeyIO           MODE: declarations took 0 ms 
412889     INFO  Test worker     d.u.i.k.n.KeyIO           Parsing took 0 ms 
412889     INFO  Test worker     d.u.i.k.n.KeyIO           MODE: declarations took 0 ms 
412889     INFO  Test worker     d.u.i.k.n.KeyIO           Parsing took 0 ms 
412889     INFO  Test worker     d.u.i.k.n.KeyIO           MODE: declarations took 0 ms 
412889     INFO  Test worker     d.u.i.k.n.KeyIO           Parsing took 0 ms 
412889     INFO  Test worker     d.u.i.k.n.KeyIO           MODE: declarations took 0 ms 
]]></system-out>
  <system-err><![CDATA[]]></system-err>
</testsuite>
