<?xml version="1.0" encoding="UTF-8"?>
<testsuite name="de.uka.ilkd.key.nparser.ExprTest" tests="23" skipped="0" failures="0" errors="0" timestamp="2023-04-05T12:02:30" hostname="fv-az561-22" time="2.288">
  <properties/>
  <testcase name="[1] (bprod{int y;}(1, 2, y) = 0)" classname="de.uka.ilkd.key.nparser.ExprTest" time="0.015"/>
  <testcase name="[2] 1 = 1 -&gt; 2 = 2" classname="de.uka.ilkd.key.nparser.ExprTest" time="0.013"/>
  <testcase name="[3] \&lt; { int x = 1; } \&gt; x=1" classname="de.uka.ilkd.key.nparser.ExprTest" time="0.957"/>
  <testcase name="[4] \&lt;{ int x = 1; {int s = 2;} }\&gt; x=x" classname="de.uka.ilkd.key.nparser.ExprTest" time="0.912"/>
  <testcase name="[5] true" classname="de.uka.ilkd.key.nparser.ExprTest" time="0.016"/>
  <testcase name="[6] true &amp; false" classname="de.uka.ilkd.key.nparser.ExprTest" time="0.024"/>
  <testcase name="[7] 0" classname="de.uka.ilkd.key.nparser.ExprTest" time="0.022"/>
  <testcase name="[8] 1" classname="de.uka.ilkd.key.nparser.ExprTest" time="0.016"/>
  <testcase name="[9] 42" classname="de.uka.ilkd.key.nparser.ExprTest" time="0.028"/>
  <testcase name="[10] -5" classname="de.uka.ilkd.key.nparser.ExprTest" time="0.027"/>
  <testcase name="[11] 1 + 1 = 2" classname="de.uka.ilkd.key.nparser.ExprTest" time="0.028"/>
  <testcase name="[12] \if (3=4) \then (1) \else (2)" classname="de.uka.ilkd.key.nparser.ExprTest" time="0.014"/>
  <testcase name="[13] \if (3=4 &amp; 1=1) \then (\if (3=4) \then (1) \else (2)) \else (2)" classname="de.uka.ilkd.key.nparser.ExprTest" time="0.012"/>
  <testcase name="[14] aa + bb*cc" classname="de.uka.ilkd.key.nparser.ExprTest" time="0.014"/>
  <testcase name="[15] aa%bb*cc &lt; -123" classname="de.uka.ilkd.key.nparser.ExprTest" time="0.011"/>
  <testcase name="[16] \forall int x; true" classname="de.uka.ilkd.key.nparser.ExprTest" time="0.011"/>
  <testcase name="[17] \forall numbers x; x = x" classname="de.uka.ilkd.key.nparser.ExprTest" time="0.011"/>
  <testcase name="[18] (int)3+2" classname="de.uka.ilkd.key.nparser.ExprTest" time="0.01"/>
  <testcase name="[19] 1.f + 1f = 20e-1f * (2f-1f)" classname="de.uka.ilkd.key.nparser.ExprTest" time="0.029"/>
  <testcase name="[20] 1.d + 1d &lt;= 20e+1d * .01d" classname="de.uka.ilkd.key.nparser.ExprTest" time="0.021"/>
  <testcase name="[21] 1f &lt;= 2f" classname="de.uka.ilkd.key.nparser.ExprTest" time="0.013"/>
  <testcase name="[22] 2d &gt; 1d" classname="de.uka.ilkd.key.nparser.ExprTest" time="0.019"/>
  <testcase name="[23] seqEmpty + seqEmpty" classname="de.uka.ilkd.key.nparser.ExprTest" time="0.019"/>
  <system-out><![CDATA[195526     INFO  Test worker     d.u.i.k.n.KeyIO           Parsing took 9 ms 
195527     INFO  Test worker     d.u.i.k.n.KeyIO           MODE: declarations took 1 ms 
195530     INFO  Test worker     d.u.i.k.n.ExprTest        Term: equals(bprod{y:int}(Z(1(#)),Z(2(#)),y),Z(0(#))) 
195539     INFO  Test worker     d.u.i.k.n.KeyIO           Parsing took 6 ms 
195540     INFO  Test worker     d.u.i.k.n.KeyIO           MODE: declarations took 1 ms 
195543     INFO  Test worker     d.u.i.k.n.ExprTest        Term: imp(equals(Z(1(#)),Z(1(#))),equals(Z(2(#)),Z(2(#)))) 
195553     INFO  Test worker     d.u.i.k.n.KeyIO           Parsing took 7 ms 
195555     INFO  Test worker     d.u.i.k.n.KeyIO           MODE: declarations took 1 ms 
196495     INFO  Test worker     d.u.i.k.n.ExprTest        Term: \<{
  int x = 1;
}\> (equals(x,Z(1(#)))) 
196521     INFO  Test worker     d.u.i.k.n.KeyIO           Parsing took 18 ms 
196526     INFO  Test worker     d.u.i.k.n.KeyIO           MODE: declarations took 4 ms 
197414     INFO  Test worker     d.u.i.k.n.ExprTest        Term: \<{
  int x = 1;
  {
    int s = 2;
  }
}\> (equals(x,x)) 
197437     INFO  Test worker     d.u.i.k.n.KeyIO           Parsing took 9 ms 
197438     INFO  Test worker     d.u.i.k.n.KeyIO           MODE: declarations took 1 ms 
197442     INFO  Test worker     d.u.i.k.n.ExprTest        Term: true 
197453     INFO  Test worker     d.u.i.k.n.KeyIO           Parsing took 7 ms 
197454     INFO  Test worker     d.u.i.k.n.KeyIO           MODE: declarations took 1 ms 
197468     INFO  Test worker     d.u.i.k.n.ExprTest        Term: and(true,false) 
197477     INFO  Test worker     d.u.i.k.n.KeyIO           Parsing took 7 ms 
197478     INFO  Test worker     d.u.i.k.n.KeyIO           MODE: declarations took 0 ms 
197491     INFO  Test worker     d.u.i.k.n.ExprTest        Term: Z(0(#)) 
197512     INFO  Test worker     d.u.i.k.n.KeyIO           Parsing took 11 ms 
197513     INFO  Test worker     d.u.i.k.n.KeyIO           MODE: declarations took 0 ms 
197516     INFO  Test worker     d.u.i.k.n.ExprTest        Term: Z(1(#)) 
197537     INFO  Test worker     d.u.i.k.n.KeyIO           Parsing took 19 ms 
197538     INFO  Test worker     d.u.i.k.n.KeyIO           MODE: declarations took 1 ms 
197545     INFO  Test worker     d.u.i.k.n.ExprTest        Term: Z(2(4(#))) 
197563     INFO  Test worker     d.u.i.k.n.KeyIO           Parsing took 16 ms 
197565     INFO  Test worker     d.u.i.k.n.KeyIO           MODE: declarations took 1 ms 
197567     INFO  Test worker     d.u.i.k.n.ExprTest        Term: Z(neglit(5(#))) 
197589     INFO  Test worker     d.u.i.k.n.KeyIO           Parsing took 6 ms 
197603     INFO  Test worker     d.u.i.k.n.KeyIO           MODE: declarations took 1 ms 
197606     INFO  Test worker     d.u.i.k.n.ExprTest        Term: equals(add(Z(1(#)),Z(1(#))),Z(2(#))) 
197619     INFO  Test worker     d.u.i.k.n.KeyIO           Parsing took 7 ms 
197620     INFO  Test worker     d.u.i.k.n.KeyIO           MODE: declarations took 1 ms 
197622     INFO  Test worker     d.u.i.k.n.ExprTest        Term: if-then-else(equals(Z(3(#)),Z(4(#))),Z(1(#)),Z(2(#))) 
197632     INFO  Test worker     d.u.i.k.n.KeyIO           Parsing took 8 ms 
197633     INFO  Test worker     d.u.i.k.n.KeyIO           MODE: declarations took 1 ms 
197635     INFO  Test worker     d.u.i.k.n.ExprTest        Term: if-then-else(and(equals(Z(3(#)),Z(4(#))),equals(Z(1(#)),Z(1(#)))),if-then-else(equals(Z(3(#)),Z(4(#))),Z(1(#)),Z(2(#))),Z(2(#))) 
197643     INFO  Test worker     d.u.i.k.n.KeyIO           Parsing took 6 ms 
197647     INFO  Test worker     d.u.i.k.n.KeyIO           MODE: declarations took 3 ms 
197649     INFO  Test worker     d.u.i.k.n.ExprTest        Term: add(aa,mul(bb,cc)) 
197658     INFO  Test worker     d.u.i.k.n.KeyIO           Parsing took 7 ms 
197658     INFO  Test worker     d.u.i.k.n.KeyIO           MODE: declarations took 0 ms 
197661     INFO  Test worker     d.u.i.k.n.ExprTest        Term: lt(mul(mod(aa,bb),cc),Z(neglit(3(2(1(#)))))) 
197670     INFO  Test worker     d.u.i.k.n.KeyIO           Parsing took 6 ms 
197671     INFO  Test worker     d.u.i.k.n.KeyIO           MODE: declarations took 1 ms 
197673     INFO  Test worker     d.u.i.k.n.ExprTest        Term: all{x:int}(true) 
197681     INFO  Test worker     d.u.i.k.n.KeyIO           Parsing took 6 ms 
197683     INFO  Test worker     d.u.i.k.n.KeyIO           MODE: declarations took 1 ms 
197685     INFO  Test worker     d.u.i.k.n.ExprTest        Term: all{x:numbers}(equals(x,x)) 
197693     INFO  Test worker     d.u.i.k.n.KeyIO           Parsing took 6 ms 
197694     INFO  Test worker     d.u.i.k.n.KeyIO           MODE: declarations took 1 ms 
197695     INFO  Test worker     d.u.i.k.n.ExprTest        Term: add(int::cast(Z(3(#))),Z(2(#))) 
197708     INFO  Test worker     d.u.i.k.n.KeyIO           Parsing took 11 ms 
197709     INFO  Test worker     d.u.i.k.n.KeyIO           MODE: declarations took 0 ms 
197712     INFO  Test worker     d.u.i.k.n.ExprTest        Term: equals(addFloat(FP(6(1(2(3(5(3(5(6(0(1(#))))))))))),FP(6(1(2(3(5(3(5(6(0(1(#)))))))))))),mulFloat(FP(4(2(8(1(4(7(3(7(0(1(#))))))))))),subFloat(FP(4(2(8(1(4(7(3(7(0(1(#))))))))))),FP(6(1(2(3(5(3(5(6(0(1(#)))))))))))))) 
197735     INFO  Test worker     d.u.i.k.n.KeyIO           Parsing took 6 ms 
197740     INFO  Test worker     d.u.i.k.n.KeyIO           MODE: declarations took 1 ms 
197746     INFO  Test worker     d.u.i.k.n.ExprTest        Term: leqDouble(addDouble(DFP(8(0(4(7(1(0(0(0(8(8(1(4(2(8(1(7(0(6(4(#)))))))))))))))))))),DFP(8(0(4(7(1(0(0(0(8(8(1(4(2(8(1(7(0(6(4(#))))))))))))))))))))),mulDouble(DFP(4(8(7(6(0(0(2(8(9(0(9(8(0(4(2(1(4(6(4(#)))))))))))))))))))),DFP(5(7(6(7(8(0(4(0(3(9(2(2(8(1(9(6(7(5(4(#)))))))))))))))))))))) 
197758     INFO  Test worker     d.u.i.k.n.KeyIO           Parsing took 6 ms 
197759     INFO  Test worker     d.u.i.k.n.KeyIO           MODE: declarations took 0 ms 
197763     INFO  Test worker     d.u.i.k.n.ExprTest        Term: leqFloat(FP(6(1(2(3(5(3(5(6(0(1(#))))))))))),FP(4(2(8(1(4(7(3(7(0(1(#)))))))))))) 
197776     INFO  Test worker     d.u.i.k.n.KeyIO           Parsing took 10 ms 
197777     INFO  Test worker     d.u.i.k.n.KeyIO           MODE: declarations took 1 ms 
197782     INFO  Test worker     d.u.i.k.n.ExprTest        Term: gtDouble(DFP(4(0(9(7(8(3(7(2(4(8(1(0(6(8(6(1(1(6(4(#)))))))))))))))))))),DFP(8(0(4(7(1(0(0(0(8(8(1(4(2(8(1(7(0(6(4(#))))))))))))))))))))) 
197794     INFO  Test worker     d.u.i.k.n.KeyIO           Parsing took 8 ms 
197798     INFO  Test worker     d.u.i.k.n.KeyIO           MODE: declarations took 3 ms 
197802     INFO  Test worker     d.u.i.k.n.ExprTest        Term: seqConcat(seqEmpty,seqEmpty) 
]]></system-out>
  <system-err><![CDATA[]]></system-err>
</testsuite>
