<?xml version="1.0" encoding="UTF-8"?>
<testsuite name="de.uka.ilkd.key.rule.TestSchemaModalOperators" tests="4" skipped="0" failures="0" errors="0" timestamp="2023-04-05T12:06:36" hostname="fv-az561-22" time="1.233">
  <properties/>
  <testcase name="testSchemaModalities1()" classname="de.uka.ilkd.key.rule.TestSchemaModalOperators" time="1.211"/>
  <testcase name="testSchemaModalities2()" classname="de.uka.ilkd.key.rule.TestSchemaModalOperators" time="0.007"/>
  <testcase name="testSchemaModalities3()" classname="de.uka.ilkd.key.rule.TestSchemaModalOperators" time="0.006"/>
  <testcase name="testSchemaModalities4()" classname="de.uka.ilkd.key.rule.TestSchemaModalOperators" time="0.009"/>
  <system-out><![CDATA[442974     INFO  Test worker     d.u.i.k.n.KeyIO           Parsing took 2 ms 
442974     INFO  Test worker     d.u.i.k.n.KeyIO           MODE: declarations took 0 ms 
]]></system-out>
  <system-err><![CDATA[]]></system-err>
</testsuite>
