<?xml version="1.0" encoding="UTF-8"?>
<testsuite name="org.key_project.slicing.EndToEndTests" tests="11" skipped="0" failures="0" errors="0" timestamp="2023-06-14T05:21:09" hostname="fv-az553-463" time="327.754">
  <properties/>
  <testcase name="sliceIfThenElseSplit()" classname="org.key_project.slicing.EndToEndTests" time="81.27"/>
  <testcase name="deduplicateChecksMergabilityCorrectly()" classname="org.key_project.slicing.EndToEndTests" time="11.71"/>
  <testcase name="sliceDuplicatesAway()" classname="org.key_project.slicing.EndToEndTests" time="46.011"/>
  <testcase name="sliceMultipleIterations()" classname="org.key_project.slicing.EndToEndTests" time="72.01"/>
  <testcase name="sliceDuplicatesAwayOpenGoals()" classname="org.key_project.slicing.EndToEndTests" time="45.772"/>
  <testcase name="sliceCutExample()" classname="org.key_project.slicing.EndToEndTests" time="11.364"/>
  <testcase name="sliceAgathaWithOpenGoal()" classname="org.key_project.slicing.EndToEndTests" time="11.395"/>
  <testcase name="sliceSimpleSMT()" classname="org.key_project.slicing.EndToEndTests" time="0.055"/>
  <testcase name="sliceWithOpenGoal()" classname="org.key_project.slicing.EndToEndTests" time="22.626"/>
  <testcase name="sliceAgatha()" classname="org.key_project.slicing.EndToEndTests" time="11.303"/>
  <testcase name="sliceJavaProof()" classname="org.key_project.slicing.EndToEndTests" time="14.226"/>
  <system-out><![CDATA[[05:21:09.176] ?[34mINFO ?[0;39m ?[36mEndToEndTests?[0;39m - Loading D:\a\key\key\keyext.slicing\src\test\resources\testcase\ifThenElseSplit.proof
[05:21:09.504] ?[31mWARN ?[0;39m ?[36mProofIndependentSettings?[0;39m - The settings in C:\Users\runneradmin\.key\proofIndependentSettings.props are *not* read due to flag 'key.disregardSettings'
[05:21:09.520] ?[34mINFO ?[0;39m ?[36mAbstractProblemLoader?[0;39m - Loading environment from src\test\resources\testcase\ifThenElseSplit.proof
[05:21:09.989] ?[34mINFO ?[0;39m ?[36mAbstractProblemLoader?[0;39m - Creating init config
[05:21:10.067] ?[31mWARN ?[0;39m ?[36mProofSettings?[0;39m - The settings in C:\Users\runneradmin\.key\proof-settings.props are *not* read.
[05:21:23.356] ?[34mINFO ?[0;39m ?[36mAbstractProblemLoader?[0;39m - Replaying proof ifThenElseSplit.proof
[05:21:32.507] ?[34mINFO ?[0;39m ?[36mKeyStrokeSettings?[0;39m - Save keyboard shortcuts to: C:\Users\runneradmin\.key\keystrokes.properties
[05:21:32.647] ?[34mINFO ?[0;39m ?[36mAbstractProblemLoader?[0;39m - Loading environment from C:\Users\RUNNER~1\AppData\Local\Temp\proof7989134284087140274.proof
[05:21:32.664] ?[34mINFO ?[0;39m ?[36mAbstractProblemLoader?[0;39m - Creating init config
[05:21:37.291] ?[34mINFO ?[0;39m ?[36mAbstractProblemLoader?[0;39m - Replaying proof proof7989134284087140274.proof
[05:21:37.323] ?[34mINFO ?[0;39m ?[36mAbstractProblemLoader?[0;39m - Loading environment from C:\Users\RUNNER~1\AppData\Local\Temp\KeYslice728330730006978187\ifThenElseSplit_slice1.proof
[05:21:37.323] ?[34mINFO ?[0;39m ?[36mAbstractProblemLoader?[0;39m - Creating init config
[05:21:41.700] ?[34mINFO ?[0;39m ?[36mAbstractProblemLoader?[0;39m - Replaying proof ifThenElseSplit_slice1.proof
[05:21:41.716] ?[34mINFO ?[0;39m ?[36mEndToEndTests?[0;39m - Loading D:\a\key\key\keyext.slicing\src\test\resources\testcase\ifThenElseSplit.proof
[05:21:41.716] ?[34mINFO ?[0;39m ?[36mAbstractProblemLoader?[0;39m - Loading environment from src\test\resources\testcase\ifThenElseSplit.proof
[05:21:41.731] ?[34mINFO ?[0;39m ?[36mAbstractProblemLoader?[0;39m - Creating init config
[05:21:45.891] ?[34mINFO ?[0;39m ?[36mAbstractProblemLoader?[0;39m - Replaying proof ifThenElseSplit.proof
[05:21:45.969] ?[34mINFO ?[0;39m ?[36mDependencyAnalyzer?[0;39m - merging 2 and 3
[05:21:45.985] ?[34mINFO ?[0;39m ?[36mAbstractProblemLoader?[0;39m - Loading environment from C:\Users\RUNNER~1\AppData\Local\Temp\proof12225565840659214397.proof
[05:21:45.985] ?[34mINFO ?[0;39m ?[36mAbstractProblemLoader?[0;39m - Creating init config
[05:21:50.144] ?[34mINFO ?[0;39m ?[36mAbstractProblemLoader?[0;39m - Replaying proof proof12225565840659214397.proof
[05:21:50.175] ?[34mINFO ?[0;39m ?[36mAbstractProblemLoader?[0;39m - Loading environment from C:\Users\RUNNER~1\AppData\Local\Temp\KeYslice4529607517208863293\ifThenElseSplit_slice1.proof
[05:21:50.175] ?[34mINFO ?[0;39m ?[36mAbstractProblemLoader?[0;39m - Creating init config
[05:21:54.272] ?[34mINFO ?[0;39m ?[36mAbstractProblemLoader?[0;39m - Replaying proof ifThenElseSplit_slice1.proof
[05:21:54.303] ?[34mINFO ?[0;39m ?[36mEndToEndTests?[0;39m - Loading C:\Users\RUNNER~1\AppData\Local\Temp\KeYslice4529607517208863293\ifThenElseSplit_slice1.proof
[05:21:54.303] ?[34mINFO ?[0;39m ?[36mAbstractProblemLoader?[0;39m - Loading environment from C:\Users\RUNNER~1\AppData\Local\Temp\KeYslice4529607517208863293\ifThenElseSplit_slice1.proof
[05:21:54.303] ?[34mINFO ?[0;39m ?[36mAbstractProblemLoader?[0;39m - Creating init config
[05:21:58.368] ?[34mINFO ?[0;39m ?[36mAbstractProblemLoader?[0;39m - Replaying proof ifThenElseSplit_slice1.proof
[05:21:58.383] ?[34mINFO ?[0;39m ?[36mDependencyAnalyzer?[0;39m - merging 3 and 4
[05:21:58.399] ?[34mINFO ?[0;39m ?[36mAbstractProblemLoader?[0;39m - Loading environment from C:\Users\RUNNER~1\AppData\Local\Temp\proof3816508162697583176.proof
[05:21:58.399] ?[34mINFO ?[0;39m ?[36mAbstractProblemLoader?[0;39m - Creating init config
[05:22:02.418] ?[34mINFO ?[0;39m ?[36mAbstractProblemLoader?[0;39m - Replaying proof proof3816508162697583176.proof
[05:22:02.434] ?[34mINFO ?[0;39m ?[36mAbstractProblemLoader?[0;39m - Loading environment from C:\Users\RUNNER~1\AppData\Local\Temp\KeYslice18217289572342857804\ifThenElseSplit_slice2.proof
[05:22:02.449] ?[34mINFO ?[0;39m ?[36mAbstractProblemLoader?[0;39m - Creating init config
[05:22:06.499] ?[34mINFO ?[0;39m ?[36mAbstractProblemLoader?[0;39m - Replaying proof ifThenElseSplit_slice2.proof
[05:22:06.515] ?[34mINFO ?[0;39m ?[36mEndToEndTests?[0;39m - Loading C:\Users\RUNNER~1\AppData\Local\Temp\KeYslice18217289572342857804\ifThenElseSplit_slice2.proof
[05:22:06.515] ?[34mINFO ?[0;39m ?[36mAbstractProblemLoader?[0;39m - Loading environment from C:\Users\RUNNER~1\AppData\Local\Temp\KeYslice18217289572342857804\ifThenElseSplit_slice2.proof
[05:22:06.515] ?[34mINFO ?[0;39m ?[36mAbstractProblemLoader?[0;39m - Creating init config
[05:22:10.563] ?[34mINFO ?[0;39m ?[36mAbstractProblemLoader?[0;39m - Replaying proof ifThenElseSplit_slice2.proof
[05:22:10.579] ?[34mINFO ?[0;39m ?[36mDependencyAnalyzer?[0;39m - merging 4 and 5
[05:22:10.594] ?[34mINFO ?[0;39m ?[36mAbstractProblemLoader?[0;39m - Loading environment from C:\Users\RUNNER~1\AppData\Local\Temp\proof4176971499762696844.proof
[05:22:10.594] ?[34mINFO ?[0;39m ?[36mAbstractProblemLoader?[0;39m - Creating init config
[05:22:14.582] ?[34mINFO ?[0;39m ?[36mAbstractProblemLoader?[0;39m - Replaying proof proof4176971499762696844.proof
[05:22:14.597] ?[34mINFO ?[0;39m ?[36mAbstractProblemLoader?[0;39m - Loading environment from C:\Users\RUNNER~1\AppData\Local\Temp\KeYslice16105353080504148835\ifThenElseSplit_slice3.proof
[05:22:14.597] ?[34mINFO ?[0;39m ?[36mAbstractProblemLoader?[0;39m - Creating init config
[05:22:18.568] ?[34mINFO ?[0;39m ?[36mAbstractProblemLoader?[0;39m - Replaying proof ifThenElseSplit_slice3.proof
[05:22:18.583] ?[34mINFO ?[0;39m ?[36mEndToEndTests?[0;39m - Loading C:\Users\RUNNER~1\AppData\Local\Temp\KeYslice16105353080504148835\ifThenElseSplit_slice3.proof
[05:22:18.583] ?[34mINFO ?[0;39m ?[36mAbstractProblemLoader?[0;39m - Loading environment from C:\Users\RUNNER~1\AppData\Local\Temp\KeYslice16105353080504148835\ifThenElseSplit_slice3.proof
[05:22:18.583] ?[34mINFO ?[0;39m ?[36mAbstractProblemLoader?[0;39m - Creating init config
[05:22:22.523] ?[34mINFO ?[0;39m ?[36mAbstractProblemLoader?[0;39m - Replaying proof ifThenElseSplit_slice3.proof
[05:22:22.539] ?[34mINFO ?[0;39m ?[36mDependencyAnalyzer?[0;39m - merging 5 and 6
[05:22:22.539] ?[34mINFO ?[0;39m ?[36mAbstractProblemLoader?[0;39m - Loading environment from C:\Users\RUNNER~1\AppData\Local\Temp\proof14642904666526468634.proof
[05:22:22.539] ?[34mINFO ?[0;39m ?[36mAbstractProblemLoader?[0;39m - Creating init config
[05:22:26.478] ?[34mINFO ?[0;39m ?[36mAbstractProblemLoader?[0;39m - Replaying proof proof14642904666526468634.proof
[05:22:26.509] ?[34mINFO ?[0;39m ?[36mAbstractProblemLoader?[0;39m - Loading environment from C:\Users\RUNNER~1\AppData\Local\Temp\KeYslice17873237682878772825\ifThenElseSplit_slice4.proof
[05:22:26.509] ?[34mINFO ?[0;39m ?[36mAbstractProblemLoader?[0;39m - Creating init config
[05:22:30.433] ?[34mINFO ?[0;39m ?[36mAbstractProblemLoader?[0;39m - Replaying proof ifThenElseSplit_slice4.proof
[05:22:30.433] ?[34mINFO ?[0;39m ?[36mEndToEndTests?[0;39m - Loading D:\a\key\key\keyext.slicing\src\test\resources\testcase\deduplicateCheck4.proof
[05:22:30.448] ?[34mINFO ?[0;39m ?[36mAbstractProblemLoader?[0;39m - Loading environment from src\test\resources\testcase\deduplicateCheck4.proof
[05:22:30.448] ?[34mINFO ?[0;39m ?[36mAbstractProblemLoader?[0;39m - Creating init config
[05:22:34.310] ?[34mINFO ?[0;39m ?[36mAbstractProblemLoader?[0;39m - Replaying proof deduplicateCheck4.proof
[05:22:34.326] ?[34mINFO ?[0;39m ?[36mAbstractProblemLoader?[0;39m - Loading environment from C:\Users\RUNNER~1\AppData\Local\Temp\proof8056782243431159282.proof
[05:22:34.341] ?[34mINFO ?[0;39m ?[36mAbstractProblemLoader?[0;39m - Creating init config
[05:22:38.220] ?[34mINFO ?[0;39m ?[36mAbstractProblemLoader?[0;39m - Replaying proof proof8056782243431159282.proof
[05:22:38.251] ?[34mINFO ?[0;39m ?[36mAbstractProblemLoader?[0;39m - Loading environment from C:\Users\RUNNER~1\AppData\Local\Temp\KeYslice6002048664317285115\deduplicateCheck4_slice1.proof
[05:22:38.251] ?[34mINFO ?[0;39m ?[36mAbstractProblemLoader?[0;39m - Creating init config
[05:22:42.128] ?[34mINFO ?[0;39m ?[36mAbstractProblemLoader?[0;39m - Replaying proof deduplicateCheck4_slice1.proof
[05:22:42.144] ?[34mINFO ?[0;39m ?[36mEndToEndTests?[0;39m - Loading D:\a\key\key\keyext.slicing\src\test\resources\testcase\exampleDuplicate.proof
[05:22:42.160] ?[34mINFO ?[0;39m ?[36mAbstractProblemLoader?[0;39m - Loading environment from src\test\resources\testcase\exampleDuplicate.proof
[05:22:42.160] ?[34mINFO ?[0;39m ?[36mAbstractProblemLoader?[0;39m - Creating init config
[05:22:45.973] ?[34mINFO ?[0;39m ?[36mAbstractProblemLoader?[0;39m - Replaying proof exampleDuplicate.proof
[05:22:46.005] ?[34mINFO ?[0;39m ?[36mDependencyAnalyzer?[0;39m - merging 2 and 3
[05:22:46.005] ?[34mINFO ?[0;39m ?[36mAbstractProblemLoader?[0;39m - Loading environment from C:\Users\RUNNER~1\AppData\Local\Temp\proof12027645184343272212.proof
[05:22:46.005] ?[34mINFO ?[0;39m ?[36mAbstractProblemLoader?[0;39m - Creating init config
[05:22:49.835] ?[34mINFO ?[0;39m ?[36mAbstractProblemLoader?[0;39m - Replaying proof proof12027645184343272212.proof
[05:22:49.851] ?[34mINFO ?[0;39m ?[36mAbstractProblemLoader?[0;39m - Loading environment from C:\Users\RUNNER~1\AppData\Local\Temp\KeYslice7934563402818491955\exampleDuplicate_slice1.proof
[05:22:49.866] ?[34mINFO ?[0;39m ?[36mAbstractProblemLoader?[0;39m - Creating init config
[05:22:53.681] ?[34mINFO ?[0;39m ?[36mAbstractProblemLoader?[0;39m - Replaying proof exampleDuplicate_slice1.proof
[05:22:53.697] ?[34mINFO ?[0;39m ?[36mEndToEndTests?[0;39m - Loading C:\Users\RUNNER~1\AppData\Local\Temp\KeYslice7934563402818491955\exampleDuplicate_slice1.proof
[05:22:53.697] ?[34mINFO ?[0;39m ?[36mAbstractProblemLoader?[0;39m - Loading environment from C:\Users\RUNNER~1\AppData\Local\Temp\KeYslice7934563402818491955\exampleDuplicate_slice1.proof
[05:22:53.712] ?[34mINFO ?[0;39m ?[36mAbstractProblemLoader?[0;39m - Creating init config
[05:22:57.528] ?[34mINFO ?[0;39m ?[36mAbstractProblemLoader?[0;39m - Replaying proof exampleDuplicate_slice1.proof
[05:22:57.559] ?[34mINFO ?[0;39m ?[36mDependencyAnalyzer?[0;39m - merging 3 and 4
[05:22:57.559] ?[34mINFO ?[0;39m ?[36mAbstractProblemLoader?[0;39m - Loading environment from C:\Users\RUNNER~1\AppData\Local\Temp\proof2019396865713273175.proof
[05:22:57.559] ?[34mINFO ?[0;39m ?[36mAbstractProblemLoader?[0;39m - Creating init config
[05:23:01.437] ?[34mINFO ?[0;39m ?[36mAbstractProblemLoader?[0;39m - Replaying proof proof2019396865713273175.proof
[05:23:01.453] ?[34mINFO ?[0;39m ?[36mAbstractProblemLoader?[0;39m - Loading environment from C:\Users\RUNNER~1\AppData\Local\Temp\KeYslice15524361249146416820\exampleDuplicate_slice2.proof
[05:23:01.453] ?[34mINFO ?[0;39m ?[36mAbstractProblemLoader?[0;39m - Creating init config
[05:23:05.252] ?[34mINFO ?[0;39m ?[36mAbstractProblemLoader?[0;39m - Replaying proof exampleDuplicate_slice2.proof
[05:23:05.268] ?[34mINFO ?[0;39m ?[36mEndToEndTests?[0;39m - Loading C:\Users\RUNNER~1\AppData\Local\Temp\KeYslice15524361249146416820\exampleDuplicate_slice2.proof
[05:23:05.268] ?[34mINFO ?[0;39m ?[36mAbstractProblemLoader?[0;39m - Loading environment from C:\Users\RUNNER~1\AppData\Local\Temp\KeYslice15524361249146416820\exampleDuplicate_slice2.proof
[05:23:05.268] ?[34mINFO ?[0;39m ?[36mAbstractProblemLoader?[0;39m - Creating init config
[05:23:09.051] ?[34mINFO ?[0;39m ?[36mAbstractProblemLoader?[0;39m - Replaying proof exampleDuplicate_slice2.proof
[05:23:09.082] ?[34mINFO ?[0;39m ?[36mDependencyAnalyzer?[0;39m - merging 4 and 5
[05:23:09.082] ?[34mINFO ?[0;39m ?[36mAbstractProblemLoader?[0;39m - Loading environment from C:\Users\RUNNER~1\AppData\Local\Temp\proof10848884347704300424.proof
[05:23:09.082] ?[34mINFO ?[0;39m ?[36mAbstractProblemLoader?[0;39m - Creating init config
[05:23:12.866] ?[34mINFO ?[0;39m ?[36mAbstractProblemLoader?[0;39m - Replaying proof proof10848884347704300424.proof
[05:23:12.882] ?[34mINFO ?[0;39m ?[36mAbstractProblemLoader?[0;39m - Loading environment from C:\Users\RUNNER~1\AppData\Local\Temp\KeYslice3259358698592805504\exampleDuplicate_slice3.proof
[05:23:12.882] ?[34mINFO ?[0;39m ?[36mAbstractProblemLoader?[0;39m - Creating init config
[05:23:16.634] ?[34mINFO ?[0;39m ?[36mAbstractProblemLoader?[0;39m - Replaying proof exampleDuplicate_slice3.proof
[05:23:16.649] ?[34mINFO ?[0;39m ?[36mEndToEndTests?[0;39m - Loading C:\Users\RUNNER~1\AppData\Local\Temp\KeYslice3259358698592805504\exampleDuplicate_slice3.proof
[05:23:16.649] ?[34mINFO ?[0;39m ?[36mAbstractProblemLoader?[0;39m - Loading environment from C:\Users\RUNNER~1\AppData\Local\Temp\KeYslice3259358698592805504\exampleDuplicate_slice3.proof
[05:23:16.665] ?[34mINFO ?[0;39m ?[36mAbstractProblemLoader?[0;39m - Creating init config
[05:23:20.416] ?[34mINFO ?[0;39m ?[36mAbstractProblemLoader?[0;39m - Replaying proof exampleDuplicate_slice3.proof
[05:23:20.448] ?[34mINFO ?[0;39m ?[36mAbstractProblemLoader?[0;39m - Loading environment from C:\Users\RUNNER~1\AppData\Local\Temp\proof1532400021475666737.proof
[05:23:20.448] ?[34mINFO ?[0;39m ?[36mAbstractProblemLoader?[0;39m - Creating init config
[05:23:24.263] ?[34mINFO ?[0;39m ?[36mAbstractProblemLoader?[0;39m - Replaying proof proof1532400021475666737.proof
[05:23:24.295] ?[34mINFO ?[0;39m ?[36mAbstractProblemLoader?[0;39m - Loading environment from C:\Users\RUNNER~1\AppData\Local\Temp\KeYslice6227565313185733491\exampleDuplicate_slice4.proof
[05:23:24.295] ?[34mINFO ?[0;39m ?[36mAbstractProblemLoader?[0;39m - Creating init config
[05:23:28.125] ?[34mINFO ?[0;39m ?[36mAbstractProblemLoader?[0;39m - Replaying proof exampleDuplicate_slice4.proof
[05:23:28.156] ?[34mINFO ?[0;39m ?[36mEndToEndTests?[0;39m - Loading D:\a\key\key\keyext.slicing\src\test\resources\testcase\..\..\..\..\..\key.ui\examples\firstTouch\05-ReverseArray\reverseArray.proof
[05:23:28.156] ?[34mINFO ?[0;39m ?[36mAbstractProblemLoader?[0;39m - Loading environment from src\test\resources\testcase\..\..\..\..\..\key.ui\examples\firstTouch\05-ReverseArray\reverseArray.proof
[05:23:28.156] ?[34mINFO ?[0;39m ?[36mAbstractProblemLoader?[0;39m - Creating init config
[05:23:32.424] ?[34mINFO ?[0;39m ?[36mAbstractProblemLoader?[0;39m - Replaying proof ReverseArray[ReverseArray::reverse()].JML normal_behavior operation contract.0
[05:23:34.388] ?[34mINFO ?[0;39m ?[36mDependencyAnalyzer?[0;39m - merging 1354 and 4678
[05:23:34.394] ?[34mINFO ?[0;39m ?[36mDependencyAnalyzer?[0;39m - merging 1010 and 4663
[05:23:34.410] ?[34mINFO ?[0;39m ?[36mDependencyAnalyzer?[0;39m - merging 3958 and 4306
[05:23:34.410] ?[34mINFO ?[0;39m ?[36mDependencyAnalyzer?[0;39m - merging 2591 and 3795
[05:23:34.457] ?[34mINFO ?[0;39m ?[36mAbstractProblemLoader?[0;39m - Loading environment from C:\Users\RUNNER~1\AppData\Local\Temp\proof9060446225045039265.proof
[05:23:34.473] ?[34mINFO ?[0;39m ?[36mAbstractProblemLoader?[0;39m - Creating init config
[05:23:38.757] ?[34mINFO ?[0;39m ?[36mAbstractProblemLoader?[0;39m - Replaying proof ReverseArray[ReverseArray::reverse()].JML normal_behavior operation contract.0
[05:23:39.773] ?[34mINFO ?[0;39m ?[36mAbstractProblemLoader?[0;39m - Loading environment from C:\Users\RUNNER~1\AppData\Local\Temp\KeYslice4557109342272508793\reverseArray_slice1.proof
[05:23:39.789] ?[34mINFO ?[0;39m ?[36mAbstractProblemLoader?[0;39m - Creating init config
[05:23:43.885] ?[34mINFO ?[0;39m ?[36mAbstractProblemLoader?[0;39m - Replaying proof ReverseArray[ReverseArray::reverse()].JML normal_behavior operation contract.0
[05:23:44.650] ?[34mINFO ?[0;39m ?[36mEndToEndTests?[0;39m - Loading C:\Users\RUNNER~1\AppData\Local\Temp\KeYslice4557109342272508793\reverseArray_slice1.proof
[05:23:44.666] ?[34mINFO ?[0;39m ?[36mAbstractProblemLoader?[0;39m - Loading environment from C:\Users\RUNNER~1\AppData\Local\Temp\KeYslice4557109342272508793\reverseArray_slice1.proof
[05:23:44.666] ?[34mINFO ?[0;39m ?[36mAbstractProblemLoader?[0;39m - Creating init config
[05:23:48.637] ?[34mINFO ?[0;39m ?[36mAbstractProblemLoader?[0;39m - Replaying proof ReverseArray[ReverseArray::reverse()].JML normal_behavior operation contract.0
[05:23:49.371] ?[34mINFO ?[0;39m ?[36mDependencyAnalyzer?[0;39m - merging 2219 and 2914
[05:23:49.371] ?[34mINFO ?[0;39m ?[36mDependencyAnalyzer?[0;39m - merging 880 and 3473
[05:23:49.387] ?[34mINFO ?[0;39m ?[36mDependencyAnalyzer?[0;39m - merging 2973 and 3148
[05:23:49.387] ?[34mINFO ?[0;39m ?[36mDependencyAnalyzer?[0;39m - merging 1281 and 3384
[05:23:49.402] ?[34mINFO ?[0;39m ?[36mDependencyAnalyzer?[0;39m - merging 879 and 3479
[05:23:49.402] ?[34mINFO ?[0;39m ?[36mDependencyAnalyzer?[0;39m - merging 943 and 3370
[05:23:49.418] ?[34mINFO ?[0;39m ?[36mDependencyAnalyzer?[0;39m - merging 947 and 3782
[05:23:49.434] ?[34mINFO ?[0;39m ?[36mAbstractProblemLoader?[0;39m - Loading environment from C:\Users\RUNNER~1\AppData\Local\Temp\proof6480993932932032607.proof
[05:23:49.434] ?[34mINFO ?[0;39m ?[36mAbstractProblemLoader?[0;39m - Creating init config
[05:23:53.624] ?[34mINFO ?[0;39m ?[36mAbstractProblemLoader?[0;39m - Replaying proof ReverseArray[ReverseArray::reverse()].JML normal_behavior operation contract.0
[05:23:54.218] ?[34mINFO ?[0;39m ?[36mAbstractProblemLoader?[0;39m - Loading environment from C:\Users\RUNNER~1\AppData\Local\Temp\KeYslice7308898449829126140\reverseArray_slice2.proof
[05:23:54.234] ?[34mINFO ?[0;39m ?[36mAbstractProblemLoader?[0;39m - Creating init config
[05:23:58.282] ?[34mINFO ?[0;39m ?[36mAbstractProblemLoader?[0;39m - Replaying proof ReverseArray[ReverseArray::reverse()].JML normal_behavior operation contract.0
[05:23:58.814] ?[34mINFO ?[0;39m ?[36mEndToEndTests?[0;39m - Loading C:\Users\RUNNER~1\AppData\Local\Temp\KeYslice7308898449829126140\reverseArray_slice2.proof
[05:23:58.830] ?[34mINFO ?[0;39m ?[36mAbstractProblemLoader?[0;39m - Loading environment from C:\Users\RUNNER~1\AppData\Local\Temp\KeYslice7308898449829126140\reverseArray_slice2.proof
[05:23:58.830] ?[34mINFO ?[0;39m ?[36mAbstractProblemLoader?[0;39m - Creating init config
[05:24:02.863] ?[34mINFO ?[0;39m ?[36mAbstractProblemLoader?[0;39m - Replaying proof ReverseArray[ReverseArray::reverse()].JML normal_behavior operation contract.0
[05:24:03.411] ?[34mINFO ?[0;39m ?[36mDependencyAnalyzer?[0;39m - merging 2220 and 2914
[05:24:03.411] ?[34mINFO ?[0;39m ?[36mDependencyAnalyzer?[0;39m - merging 949 and 3776
[05:24:03.411] ?[34mINFO ?[0;39m ?[36mDependencyAnalyzer?[0;39m - merging 1301 and 3381
[05:24:03.426] ?[34mINFO ?[0;39m ?[36mDependencyAnalyzer?[0;39m - merging 883 and 3469
[05:24:03.426] ?[34mINFO ?[0;39m ?[36mDependencyAnalyzer?[0;39m - merging 2973 and 3147
[05:24:03.426] ?[34mINFO ?[0;39m ?[36mDependencyAnalyzer?[0;39m - merging 782 and 3569
[05:24:03.443] ?[34mINFO ?[0;39m ?[36mDependencyAnalyzer?[0;39m - merging 946 and 3368
[05:24:03.443] ?[34mINFO ?[0;39m ?[36mDependencyAnalyzer?[0;39m - merging 781 and 3554
[05:24:03.458] ?[34mINFO ?[0;39m ?[36mDependencyAnalyzer?[0;39m - merging 882 and 3474
[05:24:03.473] ?[34mINFO ?[0;39m ?[36mAbstractProblemLoader?[0;39m - Loading environment from C:\Users\RUNNER~1\AppData\Local\Temp\proof16550249895198797836.proof
[05:24:03.473] ?[34mINFO ?[0;39m ?[36mAbstractProblemLoader?[0;39m - Creating init config
[05:24:07.586] ?[34mINFO ?[0;39m ?[36mAbstractProblemLoader?[0;39m - Replaying proof ReverseArray[ReverseArray::reverse()].JML normal_behavior operation contract.0
[05:24:08.117] ?[34mINFO ?[0;39m ?[36mAbstractProblemLoader?[0;39m - Loading environment from C:\Users\RUNNER~1\AppData\Local\Temp\KeYslice8753249725828152240\reverseArray_slice3.proof
[05:24:08.133] ?[34mINFO ?[0;39m ?[36mAbstractProblemLoader?[0;39m - Creating init config
[05:24:12.213] ?[34mINFO ?[0;39m ?[36mAbstractProblemLoader?[0;39m - Replaying proof ReverseArray[ReverseArray::reverse()].JML normal_behavior operation contract.0
[05:24:12.682] ?[34mINFO ?[0;39m ?[36mEndToEndTests?[0;39m - Loading C:\Users\RUNNER~1\AppData\Local\Temp\KeYslice8753249725828152240\reverseArray_slice3.proof
[05:24:12.682] ?[34mINFO ?[0;39m ?[36mAbstractProblemLoader?[0;39m - Loading environment from C:\Users\RUNNER~1\AppData\Local\Temp\KeYslice8753249725828152240\reverseArray_slice3.proof
[05:24:12.698] ?[34mINFO ?[0;39m ?[36mAbstractProblemLoader?[0;39m - Creating init config
[05:24:16.670] ?[34mINFO ?[0;39m ?[36mAbstractProblemLoader?[0;39m - Replaying proof ReverseArray[ReverseArray::reverse()].JML normal_behavior operation contract.0
[05:24:17.248] ?[34mINFO ?[0;39m ?[36mDependencyAnalyzer?[0;39m - merging 1285 and 3379
[05:24:17.248] ?[34mINFO ?[0;39m ?[36mDependencyAnalyzer?[0;39m - merging 1296 and 3803
[05:24:17.248] ?[34mINFO ?[0;39m ?[36mDependencyAnalyzer?[0;39m - merging 886 and 3465
[05:24:17.248] ?[34mINFO ?[0;39m ?[36mDependencyAnalyzer?[0;39m - merging 784 and 3548
[05:24:17.263] ?[34mINFO ?[0;39m ?[36mDependencyAnalyzer?[0;39m - merging 785 and 3562
[05:24:17.263] ?[34mINFO ?[0;39m ?[36mDependencyAnalyzer?[0;39m - merging 2221 and 2914
[05:24:17.263] ?[34mINFO ?[0;39m ?[36mDependencyAnalyzer?[0;39m - merging 756 and 3657
[05:24:17.279] ?[34mINFO ?[0;39m ?[36mDependencyAnalyzer?[0;39m - merging 1302 and 3378
[05:24:17.279] ?[34mINFO ?[0;39m ?[36mDependencyAnalyzer?[0;39m - merging 757 and 3651
[05:24:17.279] ?[34mINFO ?[0;39m ?[36mDependencyAnalyzer?[0;39m - merging 2973 and 3146
[05:24:17.279] ?[34mINFO ?[0;39m ?[36mDependencyAnalyzer?[0;39m - merging 885 and 3469
[05:24:17.295] ?[34mINFO ?[0;39m ?[36mAbstractProblemLoader?[0;39m - Loading environment from C:\Users\RUNNER~1\AppData\Local\Temp\proof8986917438268695406.proof
[05:24:17.295] ?[34mINFO ?[0;39m ?[36mAbstractProblemLoader?[0;39m - Creating init config
[05:24:21.406] ?[34mINFO ?[0;39m ?[36mAbstractProblemLoader?[0;39m - Replaying proof ReverseArray[ReverseArray::reverse()].JML normal_behavior operation contract.0
[05:24:21.891] ?[34mINFO ?[0;39m ?[36mAbstractProblemLoader?[0;39m - Loading environment from C:\Users\RUNNER~1\AppData\Local\Temp\KeYslice4872887011030624045\reverseArray_slice4.proof
[05:24:21.907] ?[34mINFO ?[0;39m ?[36mAbstractProblemLoader?[0;39m - Creating init config
[05:24:26.002] ?[34mINFO ?[0;39m ?[36mAbstractProblemLoader?[0;39m - Replaying proof ReverseArray[ReverseArray::reverse()].JML normal_behavior operation contract.0
[05:24:26.456] ?[34mINFO ?[0;39m ?[36mEndToEndTests?[0;39m - Loading C:\Users\RUNNER~1\AppData\Local\Temp\KeYslice4872887011030624045\reverseArray_slice4.proof
[05:24:26.456] ?[34mINFO ?[0;39m ?[36mAbstractProblemLoader?[0;39m - Loading environment from C:\Users\RUNNER~1\AppData\Local\Temp\KeYslice4872887011030624045\reverseArray_slice4.proof
[05:24:26.456] ?[34mINFO ?[0;39m ?[36mAbstractProblemLoader?[0;39m - Creating init config
[05:24:30.442] ?[34mINFO ?[0;39m ?[36mAbstractProblemLoader?[0;39m - Replaying proof ReverseArray[ReverseArray::reverse()].JML normal_behavior operation contract.0
[05:24:30.989] ?[34mINFO ?[0;39m ?[36mDependencyAnalyzer?[0;39m - merging 2222 and 2914
[05:24:30.989] ?[34mINFO ?[0;39m ?[36mDependencyAnalyzer?[0;39m - merging 889 and 3464
[05:24:30.989] ?[34mINFO ?[0;39m ?[36mDependencyAnalyzer?[0;39m - merging 1288 and 3376
[05:24:31.005] ?[34mINFO ?[0;39m ?[36mDependencyAnalyzer?[0;39m - merging 759 and 3643
[05:24:31.005] ?[34mINFO ?[0;39m ?[36mDependencyAnalyzer?[0;39m - merging 1298 and 3793
[05:24:31.005] ?[34mINFO ?[0;39m ?[36mDependencyAnalyzer?[0;39m - merging 1396 and 3388
[05:24:31.020] ?[34mINFO ?[0;39m ?[36mDependencyAnalyzer?[0;39m - merging 760 and 3648
[05:24:31.020] ?[34mINFO ?[0;39m ?[36mDependencyAnalyzer?[0;39m - merging 621 and 3786
[05:24:31.020] ?[34mINFO ?[0;39m ?[36mDependencyAnalyzer?[0;39m - merging 787 and 3542
[05:24:31.020] ?[34mINFO ?[0;39m ?[36mDependencyAnalyzer?[0;39m - merging 788 and 3555
[05:24:31.020] ?[34mINFO ?[0;39m ?[36mDependencyAnalyzer?[0;39m - merging 2973 and 3145
[05:24:31.036] ?[34mINFO ?[0;39m ?[36mDependencyAnalyzer?[0;39m - merging 888 and 3465
[05:24:31.036] ?[34mINFO ?[0;39m ?[36mAbstractProblemLoader?[0;39m - Loading environment from C:\Users\RUNNER~1\AppData\Local\Temp\proof17552575695424078225.proof
[05:24:31.052] ?[34mINFO ?[0;39m ?[36mAbstractProblemLoader?[0;39m - Creating init config
[05:24:35.101] ?[34mINFO ?[0;39m ?[36mAbstractProblemLoader?[0;39m - Replaying proof ReverseArray[ReverseArray::reverse()].JML normal_behavior operation contract.0
[05:24:35.555] ?[34mINFO ?[0;39m ?[36mAbstractProblemLoader?[0;39m - Loading environment from C:\Users\RUNNER~1\AppData\Local\Temp\KeYslice6911405309228643002\reverseArray_slice5.proof
[05:24:35.570] ?[34mINFO ?[0;39m ?[36mAbstractProblemLoader?[0;39m - Creating init config
[05:24:39.730] ?[34mINFO ?[0;39m ?[36mAbstractProblemLoader?[0;39m - Replaying proof ReverseArray[ReverseArray::reverse()].JML normal_behavior operation contract.0
[05:24:40.167] ?[34mINFO ?[0;39m ?[36mEndToEndTests?[0;39m - Loading D:\a\key\key\keyext.slicing\src\test\resources\testcase\exampleDuplicateOpen.proof
[05:24:40.167] ?[34mINFO ?[0;39m ?[36mAbstractProblemLoader?[0;39m - Loading environment from src\test\resources\testcase\exampleDuplicateOpen.proof
[05:24:40.167] ?[34mINFO ?[0;39m ?[36mAbstractProblemLoader?[0;39m - Creating init config
[05:24:43.966] ?[34mINFO ?[0;39m ?[36mAbstractProblemLoader?[0;39m - Replaying proof exampleDuplicateOpen.proof
[05:24:43.982] ?[34mINFO ?[0;39m ?[36mDependencyAnalyzer?[0;39m - merging 2 and 3
[05:24:43.998] ?[34mINFO ?[0;39m ?[36mAbstractProblemLoader?[0;39m - Loading environment from C:\Users\RUNNER~1\AppData\Local\Temp\proof15319623700903277502.proof
[05:24:43.998] ?[34mINFO ?[0;39m ?[36mAbstractProblemLoader?[0;39m - Creating init config
[05:24:47.812] ?[34mINFO ?[0;39m ?[36mAbstractProblemLoader?[0;39m - Replaying proof proof15319623700903277502.proof
[05:24:47.828] ?[34mINFO ?[0;39m ?[36mAbstractProblemLoader?[0;39m - Loading environment from C:\Users\RUNNER~1\AppData\Local\Temp\KeYslice12983475243104271973\exampleDuplicateOpen_slice1.proof
[05:24:47.828] ?[34mINFO ?[0;39m ?[36mAbstractProblemLoader?[0;39m - Creating init config
[05:24:51.611] ?[34mINFO ?[0;39m ?[36mAbstractProblemLoader?[0;39m - Replaying proof exampleDuplicateOpen_slice1.proof
[05:24:51.626] ?[34mINFO ?[0;39m ?[36mEndToEndTests?[0;39m - Loading C:\Users\RUNNER~1\AppData\Local\Temp\KeYslice12983475243104271973\exampleDuplicateOpen_slice1.proof
[05:24:51.626] ?[34mINFO ?[0;39m ?[36mAbstractProblemLoader?[0;39m - Loading environment from C:\Users\RUNNER~1\AppData\Local\Temp\KeYslice12983475243104271973\exampleDuplicateOpen_slice1.proof
[05:24:51.626] ?[34mINFO ?[0;39m ?[36mAbstractProblemLoader?[0;39m - Creating init config
[05:24:55.440] ?[34mINFO ?[0;39m ?[36mAbstractProblemLoader?[0;39m - Replaying proof exampleDuplicateOpen_slice1.proof
[05:24:55.456] ?[34mINFO ?[0;39m ?[36mDependencyAnalyzer?[0;39m - merging 3 and 4
[05:24:55.456] ?[34mINFO ?[0;39m ?[36mAbstractProblemLoader?[0;39m - Loading environment from C:\Users\RUNNER~1\AppData\Local\Temp\proof16170759324797958924.proof
[05:24:55.456] ?[34mINFO ?[0;39m ?[36mAbstractProblemLoader?[0;39m - Creating init config
[05:24:59.317] ?[34mINFO ?[0;39m ?[36mAbstractProblemLoader?[0;39m - Replaying proof proof16170759324797958924.proof
[05:24:59.332] ?[34mINFO ?[0;39m ?[36mAbstractProblemLoader?[0;39m - Loading environment from C:\Users\RUNNER~1\AppData\Local\Temp\KeYslice6006034372675629767\exampleDuplicateOpen_slice2.proof
[05:24:59.332] ?[34mINFO ?[0;39m ?[36mAbstractProblemLoader?[0;39m - Creating init config
[05:25:03.163] ?[34mINFO ?[0;39m ?[36mAbstractProblemLoader?[0;39m - Replaying proof exampleDuplicateOpen_slice2.proof
[05:25:03.179] ?[34mINFO ?[0;39m ?[36mEndToEndTests?[0;39m - Loading C:\Users\RUNNER~1\AppData\Local\Temp\KeYslice6006034372675629767\exampleDuplicateOpen_slice2.proof
[05:25:03.179] ?[34mINFO ?[0;39m ?[36mAbstractProblemLoader?[0;39m - Loading environment from C:\Users\RUNNER~1\AppData\Local\Temp\KeYslice6006034372675629767\exampleDuplicateOpen_slice2.proof
[05:25:03.179] ?[34mINFO ?[0;39m ?[36mAbstractProblemLoader?[0;39m - Creating init config
[05:25:06.979] ?[34mINFO ?[0;39m ?[36mAbstractProblemLoader?[0;39m - Replaying proof exampleDuplicateOpen_slice2.proof
[05:25:06.995] ?[34mINFO ?[0;39m ?[36mDependencyAnalyzer?[0;39m - merging 4 and 5
[05:25:06.995] ?[34mINFO ?[0;39m ?[36mAbstractProblemLoader?[0;39m - Loading environment from C:\Users\RUNNER~1\AppData\Local\Temp\proof8096609683113487353.proof
[05:25:06.995] ?[34mINFO ?[0;39m ?[36mAbstractProblemLoader?[0;39m - Creating init config
[05:25:10.762] ?[34mINFO ?[0;39m ?[36mAbstractProblemLoader?[0;39m - Replaying proof proof8096609683113487353.proof
[05:25:10.777] ?[34mINFO ?[0;39m ?[36mAbstractProblemLoader?[0;39m - Loading environment from C:\Users\RUNNER~1\AppData\Local\Temp\KeYslice1330406304827246038\exampleDuplicateOpen_slice3.proof
[05:25:10.777] ?[34mINFO ?[0;39m ?[36mAbstractProblemLoader?[0;39m - Creating init config
[05:25:14.530] ?[34mINFO ?[0;39m ?[36mAbstractProblemLoader?[0;39m - Replaying proof exampleDuplicateOpen_slice3.proof
[05:25:14.530] ?[34mINFO ?[0;39m ?[36mEndToEndTests?[0;39m - Loading C:\Users\RUNNER~1\AppData\Local\Temp\KeYslice1330406304827246038\exampleDuplicateOpen_slice3.proof
[05:25:14.530] ?[34mINFO ?[0;39m ?[36mAbstractProblemLoader?[0;39m - Loading environment from C:\Users\RUNNER~1\AppData\Local\Temp\KeYslice1330406304827246038\exampleDuplicateOpen_slice3.proof
[05:25:14.545] ?[34mINFO ?[0;39m ?[36mAbstractProblemLoader?[0;39m - Creating init config
[05:25:18.297] ?[34mINFO ?[0;39m ?[36mAbstractProblemLoader?[0;39m - Replaying proof exampleDuplicateOpen_slice3.proof
[05:25:18.313] ?[34mINFO ?[0;39m ?[36mAbstractProblemLoader?[0;39m - Loading environment from C:\Users\RUNNER~1\AppData\Local\Temp\proof11496531357788487853.proof
[05:25:18.313] ?[34mINFO ?[0;39m ?[36mAbstractProblemLoader?[0;39m - Creating init config
[05:25:22.127] ?[34mINFO ?[0;39m ?[36mAbstractProblemLoader?[0;39m - Replaying proof proof11496531357788487853.proof
[05:25:22.127] ?[34mINFO ?[0;39m ?[36mAbstractProblemLoader?[0;39m - Loading environment from C:\Users\RUNNER~1\AppData\Local\Temp\KeYslice15681747935108915394\exampleDuplicateOpen_slice4.proof
[05:25:22.143] ?[34mINFO ?[0;39m ?[36mAbstractProblemLoader?[0;39m - Creating init config
[05:25:25.926] ?[34mINFO ?[0;39m ?[36mAbstractProblemLoader?[0;39m - Replaying proof exampleDuplicateOpen_slice4.proof
[05:25:25.942] ?[34mINFO ?[0;39m ?[36mEndToEndTests?[0;39m - Loading D:\a\key\key\keyext.slicing\src\test\resources\testcase\cutExample.proof
[05:25:25.942] ?[34mINFO ?[0;39m ?[36mAbstractProblemLoader?[0;39m - Loading environment from src\test\resources\testcase\cutExample.proof
[05:25:25.942] ?[34mINFO ?[0;39m ?[36mAbstractProblemLoader?[0;39m - Creating init config
[05:25:29.740] ?[34mINFO ?[0;39m ?[36mAbstractProblemLoader?[0;39m - Replaying proof cutExample.proof
[05:25:29.771] ?[34mINFO ?[0;39m ?[36mAbstractProblemLoader?[0;39m - Loading environment from C:\Users\RUNNER~1\AppData\Local\Temp\proof2722775278226055422.proof
[05:25:29.771] ?[34mINFO ?[0;39m ?[36mAbstractProblemLoader?[0;39m - Creating init config
[05:25:33.523] ?[34mINFO ?[0;39m ?[36mAbstractProblemLoader?[0;39m - Replaying proof proof2722775278226055422.proof
[05:25:33.539] ?[34mINFO ?[0;39m ?[36mAbstractProblemLoader?[0;39m - Loading environment from C:\Users\RUNNER~1\AppData\Local\Temp\KeYslice5130546534815217713\cutExample_slice1.proof
[05:25:33.539] ?[34mINFO ?[0;39m ?[36mAbstractProblemLoader?[0;39m - Creating init config
[05:25:37.308] ?[34mINFO ?[0;39m ?[36mAbstractProblemLoader?[0;39m - Replaying proof cutExample_slice1.proof
[05:25:37.308] ?[34mINFO ?[0;39m ?[36mEndToEndTests?[0;39m - Loading D:\a\key\key\keyext.slicing\src\test\resources\testcase\agathaOpenGoal.proof
[05:25:37.308] ?[34mINFO ?[0;39m ?[36mAbstractProblemLoader?[0;39m - Loading environment from src\test\resources\testcase\agathaOpenGoal.proof
[05:25:37.308] ?[34mINFO ?[0;39m ?[36mAbstractProblemLoader?[0;39m - Creating init config
[05:25:41.090] ?[34mINFO ?[0;39m ?[36mAbstractProblemLoader?[0;39m - Replaying proof agathaOpenGoal.proof
[05:25:41.137] ?[34mINFO ?[0;39m ?[36mAbstractProblemLoader?[0;39m - Loading environment from C:\Users\RUNNER~1\AppData\Local\Temp\proof17888574798495674157.proof
[05:25:41.152] ?[34mINFO ?[0;39m ?[36mAbstractProblemLoader?[0;39m - Creating init config
[05:25:44.888] ?[34mINFO ?[0;39m ?[36mAbstractProblemLoader?[0;39m - Replaying proof proof17888574798495674157.proof
[05:25:44.920] ?[34mINFO ?[0;39m ?[36mAbstractProblemLoader?[0;39m - Loading environment from C:\Users\RUNNER~1\AppData\Local\Temp\KeYslice9500643262351402464\agathaOpenGoal_slice1.proof
[05:25:44.920] ?[34mINFO ?[0;39m ?[36mAbstractProblemLoader?[0;39m - Creating init config
[05:25:48.671] ?[34mINFO ?[0;39m ?[36mAbstractProblemLoader?[0;39m - Replaying proof agathaOpenGoal_slice1.proof
[05:25:48.765] ?[34mINFO ?[0;39m ?[36mEndToEndTests?[0;39m - Loading D:\a\key\key\keyext.slicing\src\test\resources\testcase\openGoal1.proof
[05:25:48.765] ?[34mINFO ?[0;39m ?[36mAbstractProblemLoader?[0;39m - Loading environment from src\test\resources\testcase\openGoal1.proof
[05:25:48.765] ?[34mINFO ?[0;39m ?[36mAbstractProblemLoader?[0;39m - Creating init config
[05:25:52.563] ?[34mINFO ?[0;39m ?[36mAbstractProblemLoader?[0;39m - Replaying proof openGoal1.proof
[05:25:52.579] ?[34mINFO ?[0;39m ?[36mAbstractProblemLoader?[0;39m - Loading environment from C:\Users\RUNNER~1\AppData\Local\Temp\proof12402951501895515004.proof
[05:25:52.579] ?[34mINFO ?[0;39m ?[36mAbstractProblemLoader?[0;39m - Creating init config
[05:25:56.315] ?[34mINFO ?[0;39m ?[36mAbstractProblemLoader?[0;39m - Replaying proof proof12402951501895515004.proof
[05:25:56.362] ?[34mINFO ?[0;39m ?[36mAbstractProblemLoader?[0;39m - Loading environment from C:\Users\RUNNER~1\AppData\Local\Temp\KeYslice11988132560256591433\openGoal1_slice1.proof
[05:25:56.362] ?[34mINFO ?[0;39m ?[36mAbstractProblemLoader?[0;39m - Creating init config
[05:26:00.097] ?[34mINFO ?[0;39m ?[36mAbstractProblemLoader?[0;39m - Replaying proof openGoal1_slice1.proof
[05:26:00.113] ?[34mINFO ?[0;39m ?[36mEndToEndTests?[0;39m - Loading D:\a\key\key\keyext.slicing\src\test\resources\testcase\openGoal2.proof
[05:26:00.113] ?[34mINFO ?[0;39m ?[36mAbstractProblemLoader?[0;39m - Loading environment from src\test\resources\testcase\openGoal2.proof
[05:26:00.113] ?[34mINFO ?[0;39m ?[36mAbstractProblemLoader?[0;39m - Creating init config
[05:26:03.834] ?[34mINFO ?[0;39m ?[36mAbstractProblemLoader?[0;39m - Replaying proof openGoal2.proof
[05:26:03.849] ?[34mINFO ?[0;39m ?[36mAbstractProblemLoader?[0;39m - Loading environment from C:\Users\RUNNER~1\AppData\Local\Temp\proof2691117233397971835.proof
[05:26:03.849] ?[34mINFO ?[0;39m ?[36mAbstractProblemLoader?[0;39m - Creating init config
[05:26:07.635] ?[34mINFO ?[0;39m ?[36mAbstractProblemLoader?[0;39m - Replaying proof proof2691117233397971835.proof
[05:26:07.635] ?[34mINFO ?[0;39m ?[36mAbstractProblemLoader?[0;39m - Loading environment from C:\Users\RUNNER~1\AppData\Local\Temp\KeYslice5406253256011426644\openGoal2_slice1.proof
[05:26:07.635] ?[34mINFO ?[0;39m ?[36mAbstractProblemLoader?[0;39m - Creating init config
[05:26:11.386] ?[34mINFO ?[0;39m ?[36mAbstractProblemLoader?[0;39m - Replaying proof openGoal2_slice1.proof
[05:26:11.386] ?[34mINFO ?[0;39m ?[36mEndToEndTests?[0;39m - Loading D:\a\key\key\keyext.slicing\src\test\resources\testcase\agatha.proof
[05:26:11.386] ?[34mINFO ?[0;39m ?[36mAbstractProblemLoader?[0;39m - Loading environment from src\test\resources\testcase\agatha.proof
[05:26:11.402] ?[34mINFO ?[0;39m ?[36mAbstractProblemLoader?[0;39m - Creating init config
[05:26:15.124] ?[34mINFO ?[0;39m ?[36mAbstractProblemLoader?[0;39m - Replaying proof agatha.proof
[05:26:15.202] ?[34mINFO ?[0;39m ?[36mAbstractProblemLoader?[0;39m - Loading environment from C:\Users\RUNNER~1\AppData\Local\Temp\proof15869331117166366947.proof
[05:26:15.202] ?[34mINFO ?[0;39m ?[36mAbstractProblemLoader?[0;39m - Creating init config
[05:26:18.922] ?[34mINFO ?[0;39m ?[36mAbstractProblemLoader?[0;39m - Replaying proof proof15869331117166366947.proof
[05:26:18.938] ?[34mINFO ?[0;39m ?[36mAbstractProblemLoader?[0;39m - Loading environment from C:\Users\RUNNER~1\AppData\Local\Temp\KeYslice8903552118495350122\agatha_slice1.proof
[05:26:18.938] ?[34mINFO ?[0;39m ?[36mAbstractProblemLoader?[0;39m - Creating init config
[05:26:22.674] ?[34mINFO ?[0;39m ?[36mAbstractProblemLoader?[0;39m - Replaying proof agatha_slice1.proof
[05:26:22.690] ?[34mINFO ?[0;39m ?[36mEndToEndTests?[0;39m - Loading D:\a\key\key\keyext.slicing\src\test\resources\testcase\..\..\..\..\..\key.ui\examples\heap\verifyThis15_2_ParallelGcd\parallelGcd.proof
[05:26:22.690] ?[34mINFO ?[0;39m ?[36mAbstractProblemLoader?[0;39m - Loading environment from src\test\resources\testcase\..\..\..\..\..\key.ui\examples\heap\verifyThis15_2_ParallelGcd\parallelGcd.proof
[05:26:22.690] ?[34mINFO ?[0;39m ?[36mAbstractProblemLoader?[0;39m - Creating init config
[05:26:26.786] ?[34mINFO ?[0;39m ?[36mAbstractProblemLoader?[0;39m - Replaying proof ParallelGcd[ParallelGcd::parallelGcd(int,int,[Z)].JML behavior operation contract.0
[05:26:27.662] ?[34mINFO ?[0;39m ?[36mAbstractProblemLoader?[0;39m - Loading environment from C:\Users\RUNNER~1\AppData\Local\Temp\proof1360192908288076008.proof
[05:26:27.662] ?[34mINFO ?[0;39m ?[36mAbstractProblemLoader?[0;39m - Creating init config
[05:26:31.757] ?[34mINFO ?[0;39m ?[36mAbstractProblemLoader?[0;39m - Replaying proof ParallelGcd[ParallelGcd::parallelGcd(int,int,[Z)].JML behavior operation contract.0
[05:26:32.367] ?[34mINFO ?[0;39m ?[36mAbstractProblemLoader?[0;39m - Loading environment from C:\Users\RUNNER~1\AppData\Local\Temp\KeYslice13638635264143997906\parallelGcd_slice1.proof
[05:26:32.367] ?[34mINFO ?[0;39m ?[36mAbstractProblemLoader?[0;39m - Creating init config
[05:26:36.448] ?[34mINFO ?[0;39m ?[36mAbstractProblemLoader?[0;39m - Replaying proof ParallelGcd[ParallelGcd::parallelGcd(int,int,[Z)].JML behavior operation contract.0
]]></system-out>
  <system-err><![CDATA[]]></system-err>
</testsuite>
