<?xml version="1.0" encoding="UTF-8"?>
<testsuite name="de.uka.ilkd.key.nparser.ParseLDTsTests" tests="2" skipped="0" failures="0" errors="0" timestamp="2023-03-21T15:35:15" hostname="fv-az402-223" time="0.931">
  <properties/>
  <testcase name="testLDT()" classname="de.uka.ilkd.key.nparser.ParseLDTsTests" time="0.021"/>
  <testcase name="testSR()" classname="de.uka.ilkd.key.nparser.ParseLDTsTests" time="0.909"/>
  <system-out><![CDATA[206839     INFO  Test worker     d.u.i.k.n.KeyIO           Parsing took 7 ms 
206843     INFO  Test worker     d.u.i.k.n.KeyIO           MODE: declarations took 4 ms 
207178     INFO  Test worker     d.u.i.k.n.KeyIO           Parsing took 322 ms 
207181     INFO  Test worker     d.u.i.k.n.KeyIO           MODE: declarations took 2 ms 
]]></system-out>
  <system-err><![CDATA[]]></system-err>
</testsuite>
