<?xml version="1.0" encoding="UTF-8"?>
<testsuite name="de.uka.ilkd.key.parser.TestTacletParser" tests="20" skipped="0" failures="0" errors="0" timestamp="2023-03-21T15:37:00" hostname="fv-az402-223" time="0.124">
  <properties/>
  <testcase name="testAllRight()" classname="de.uka.ilkd.key.parser.TestTacletParser" time="0.002"/>
  <testcase name="testSchemaJava0()" classname="de.uka.ilkd.key.parser.TestTacletParser" time="0.003"/>
  <testcase name="testSchemaJava1()" classname="de.uka.ilkd.key.parser.TestTacletParser" time="0.023"/>
  <testcase name="testSchemaJava2()" classname="de.uka.ilkd.key.parser.TestTacletParser" time="0.006"/>
  <testcase name="testSchemaJava4()" classname="de.uka.ilkd.key.parser.TestTacletParser" time="0.002"/>
  <testcase name="testSchemaJava6()" classname="de.uka.ilkd.key.parser.TestTacletParser" time="0.002"/>
  <testcase name="testSchemaJava8()" classname="de.uka.ilkd.key.parser.TestTacletParser" time="0.002"/>
  <testcase name="testCut()" classname="de.uka.ilkd.key.parser.TestTacletParser" time="0.014"/>
  <testcase name="testMakeInsertEq()" classname="de.uka.ilkd.key.parser.TestTacletParser" time="0.003"/>
  <testcase name="testAllLeft()" classname="de.uka.ilkd.key.parser.TestTacletParser" time="0.003"/>
  <testcase name="testClose()" classname="de.uka.ilkd.key.parser.TestTacletParser" time="0.002"/>
  <testcase name="testSchemaJava10()" classname="de.uka.ilkd.key.parser.TestTacletParser" time="0.001"/>
  <testcase name="testSchemaJava11()" classname="de.uka.ilkd.key.parser.TestTacletParser" time="0.005"/>
  <testcase name="testFIdempotent()" classname="de.uka.ilkd.key.parser.TestTacletParser" time="0.01"/>
  <testcase name="testImpRight()" classname="de.uka.ilkd.key.parser.TestTacletParser" time="0.003"/>
  <testcase name="testVarcondNew()" classname="de.uka.ilkd.key.parser.TestTacletParser" time="0.005"/>
  <testcase name="testFreeReplacewithVariables()" classname="de.uka.ilkd.key.parser.TestTacletParser" time="0.007"/>
  <testcase name="testImpLeft()" classname="de.uka.ilkd.key.parser.TestTacletParser" time="0.003"/>
  <testcase name="testContraposition()" classname="de.uka.ilkd.key.parser.TestTacletParser" time="0.005"/>
  <testcase name="testExConjSplit()" classname="de.uka.ilkd.key.parser.TestTacletParser" time="0.002"/>
  <system-out><![CDATA[312308     INFO  Test worker     d.u.i.k.n.KeyIO           Parsing took 0 ms 
312308     INFO  Test worker     d.u.i.k.n.KeyIO           MODE: declarations took 0 ms 
312310     INFO  Test worker     d.u.i.k.n.KeyIO           Parsing took 1 ms 
312310     INFO  Test worker     d.u.i.k.n.KeyIO           MODE: declarations took 0 ms 
312311     INFO  Test worker     d.u.i.k.n.KeyIO           Parsing took 1 ms 
312311     INFO  Test worker     d.u.i.k.n.KeyIO           MODE: declarations took 0 ms 
312311     INFO  Test worker     d.u.i.k.n.KeyIO           Parsing took 0 ms 
312312     INFO  Test worker     d.u.i.k.n.KeyIO           MODE: declarations took 0 ms 
312313     INFO  Test worker     d.u.i.k.n.KeyIO           Parsing took 0 ms 
312314     INFO  Test worker     d.u.i.k.n.KeyIO           MODE: declarations took 0 ms 
312315     WARN  Test worker     d.u.i.k.n.KeYParser       [syntax-error] <unknown>:2:21: extraneous input '<' expecting {MODALITY, FORALL, EXISTS, '\if', '\ifEx', 'true', 'false', '(', ')', '{', '@', NOT, '-', STRING_LITERAL, CHAR_LITERAL, BIN_LITERAL, HEX_LITERAL, IDENT, INT_LITERAL, FLOAT_LITERAL, DOUBLE_LITERAL, REAL_LITERAL} [@12,22:22='<',<173>,2:21] (argument_list, call, accessterm, primitive_term, primitive_labeled_term, bracket_term, atom_prefix, strong_arith_term_2, strong_arith_term_1, weak_arith_term, comparison_term, equality_term, term60, conjunction_term, disjunction_term, implication_term, equivalence_term, elementary_update_term, parallel_term, term, taclet, rulesOrAxioms, decls, file) 
312326     WARN  Test worker     d.u.i.k.n.KeYParser       [syntax-error] <unknown>:2:23: no viable alternative at input '{..' [@14,24:25='..',<144>,2:23] (atom_prefix, strong_arith_term_2, strong_arith_term_1, weak_arith_term, comparison_term, equality_term, term60, conjunction_term, disjunction_term, implication_term, equivalence_term, elementary_update_term, parallel_term, term, argument_list, call, accessterm, primitive_term, primitive_labeled_term, bracket_term, atom_prefix, strong_arith_term_2, strong_arith_term_1, weak_arith_term, comparison_term, equality_term, term60, conjunction_term, disjunction_term, implication_term, equivalence_term, elementary_update_term, parallel_term, term, taclet, rulesOrAxioms, decls, file) 
312329     WARN  Test worker     d.u.i.k.n.KeYParser       [syntax-error] <unknown>:2:33: mismatched input ';' expecting {',', ')'} [@21,34:34=';',<138>,2:33] (argument_list, call, accessterm, primitive_term, primitive_labeled_term, bracket_term, atom_prefix, strong_arith_term_2, strong_arith_term_1, weak_arith_term, comparison_term, equality_term, term60, conjunction_term, disjunction_term, implication_term, equivalence_term, elementary_update_term, parallel_term, term, taclet, rulesOrAxioms, decls, file) 
312331     WARN  Test worker     d.u.i.k.n.KeYParser       [syntax-error] <unknown>:2:41: no viable alternative at input '#i;' [@26,42:42=';',<138>,2:41] (option_list, taclet, rulesOrAxioms, decls, file) 
312332     WARN  Test worker     d.u.i.k.n.KeYParser       [syntax-error] <unknown>:2:43: mismatched input '<' expecting {'(', '{'} [@28,44:44='<',<173>,2:43] (taclet, rulesOrAxioms, decls, file) 
312332     WARN  Test worker     d.u.i.k.n.KeYParser       [syntax-error] <unknown>:2:47: mismatched input '+' expecting {'(', '{'} [@32,48:48='+',<167>,2:47] (taclet, rulesOrAxioms, decls, file) 
312332     WARN  Test worker     d.u.i.k.n.KeYParser       [syntax-error] <unknown>:2:52: extraneous input '..' expecting {'\lemma', '}', IDENT, '/*!'} [@37,53:54='..',<144>,2:52] (rulesOrAxioms, decls, file) 
312334     WARN  Test worker     d.u.i.k.n.KeYParser       [syntax-error] <unknown>:2:56: mismatched input '>' expecting {<EOF>, '\problem', '\chooseContract', '\proofObligation', '\proof'} [@40,57:57='>',<168>,2:56] (file) 
312340     INFO  Test worker     d.u.i.k.n.KeyIO           Parsing took 3 ms 
312341     INFO  Test worker     d.u.i.k.n.KeyIO           MODE: declarations took 1 ms 
312341     WARN  Test worker     d.u.i.k.n.KeYParser       [syntax-error] <unknown>:2:21: extraneous input '<' expecting {MODALITY, FORALL, EXISTS, '\if', '\ifEx', 'true', 'false', '(', ')', '{', '@', NOT, '-', STRING_LITERAL, CHAR_LITERAL, BIN_LITERAL, HEX_LITERAL, IDENT, INT_LITERAL, FLOAT_LITERAL, DOUBLE_LITERAL, REAL_LITERAL} [@12,22:22='<',<173>,2:21] (argument_list, call, accessterm, primitive_term, primitive_labeled_term, bracket_term, atom_prefix, strong_arith_term_2, strong_arith_term_1, weak_arith_term, comparison_term, equality_term, term60, conjunction_term, disjunction_term, implication_term, equivalence_term, elementary_update_term, parallel_term, term, taclet, rulesOrAxioms, decls, file) 
312342     WARN  Test worker     d.u.i.k.n.KeYParser       [syntax-error] <unknown>:2:23: no viable alternative at input '{..' [@14,24:25='..',<144>,2:23] (atom_prefix, strong_arith_term_2, strong_arith_term_1, weak_arith_term, comparison_term, equality_term, term60, conjunction_term, disjunction_term, implication_term, equivalence_term, elementary_update_term, parallel_term, term, argument_list, call, accessterm, primitive_term, primitive_labeled_term, bracket_term, atom_prefix, strong_arith_term_2, strong_arith_term_1, weak_arith_term, comparison_term, equality_term, term60, conjunction_term, disjunction_term, implication_term, equivalence_term, elementary_update_term, parallel_term, term, taclet, rulesOrAxioms, decls, file) 
312342     WARN  Test worker     d.u.i.k.n.KeYParser       [syntax-error] <unknown>:2:33: mismatched input ';' expecting {',', ')'} [@21,34:34=';',<138>,2:33] (argument_list, call, accessterm, primitive_term, primitive_labeled_term, bracket_term, atom_prefix, strong_arith_term_2, strong_arith_term_1, weak_arith_term, comparison_term, equality_term, term60, conjunction_term, disjunction_term, implication_term, equivalence_term, elementary_update_term, parallel_term, term, taclet, rulesOrAxioms, decls, file) 
312342     WARN  Test worker     d.u.i.k.n.KeYParser       [syntax-error] <unknown>:2:43: no viable alternative at input '#lab;' [@26,44:44=';',<138>,2:43] (option_list, taclet, rulesOrAxioms, decls, file) 
312342     WARN  Test worker     d.u.i.k.n.KeYParser       [syntax-error] <unknown>:2:45: mismatched input '<' expecting {'(', '{'} [@28,46:46='<',<173>,2:45] (taclet, rulesOrAxioms, decls, file) 
312342     WARN  Test worker     d.u.i.k.n.KeYParser       [syntax-error] <unknown>:2:50: mismatched input '+' expecting {'(', '{'} [@32,51:51='+',<167>,2:50] (taclet, rulesOrAxioms, decls, file) 
312342     WARN  Test worker     d.u.i.k.n.KeYParser       [syntax-error] <unknown>:2:56: extraneous input '..' expecting {'\lemma', '}', IDENT, '/*!'} [@38,57:58='..',<144>,2:56] (rulesOrAxioms, decls, file) 
312343     WARN  Test worker     d.u.i.k.n.KeYParser       [syntax-error] <unknown>:2:60: mismatched input '>' expecting {<EOF>, '\problem', '\chooseContract', '\proofObligation', '\proof'} [@41,61:61='>',<168>,2:60] (file) 
312343     INFO  Test worker     d.u.i.k.n.KeyIO           Parsing took 0 ms 
312343     INFO  Test worker     d.u.i.k.n.KeyIO           MODE: declarations took 0 ms 
312344     INFO  Test worker     d.u.i.k.n.KeyIO           Parsing took 0 ms 
312344     INFO  Test worker     d.u.i.k.n.KeyIO           MODE: declarations took 0 ms 
312346     INFO  Test worker     d.u.i.k.n.KeyIO           Parsing took 1 ms 
312346     INFO  Test worker     d.u.i.k.n.KeyIO           MODE: declarations took 0 ms 
312346     INFO  Test worker     d.u.i.k.n.KeyIO           Parsing took 0 ms 
312346     INFO  Test worker     d.u.i.k.n.KeyIO           MODE: declarations took 0 ms 
312347     INFO  Test worker     d.u.i.k.n.KeyIO           Parsing took 0 ms 
312348     INFO  Test worker     d.u.i.k.n.KeyIO           MODE: declarations took 0 ms 
312348     INFO  Test worker     d.u.i.k.n.KeyIO           Parsing took 0 ms 
312348     INFO  Test worker     d.u.i.k.n.KeyIO           MODE: declarations took 0 ms 
312349     INFO  Test worker     d.u.i.k.n.KeyIO           Parsing took 0 ms 
312349     INFO  Test worker     d.u.i.k.n.KeyIO           MODE: declarations took 0 ms 
312362     INFO  Test worker     d.u.i.k.n.KeyIO           Parsing took 0 ms 
312363     INFO  Test worker     d.u.i.k.n.KeyIO           MODE: declarations took 0 ms 
312364     INFO  Test worker     d.u.i.k.n.KeyIO           Parsing took 0 ms 
312365     INFO  Test worker     d.u.i.k.n.KeyIO           MODE: declarations took 0 ms 
312366     INFO  Test worker     d.u.i.k.n.KeyIO           Parsing took 0 ms 
312366     INFO  Test worker     d.u.i.k.n.KeyIO           MODE: declarations took 0 ms 
312368     INFO  Test worker     d.u.i.k.n.KeyIO           Parsing took 0 ms 
312368     INFO  Test worker     d.u.i.k.n.KeyIO           MODE: declarations took 0 ms 
312369     INFO  Test worker     d.u.i.k.n.KeyIO           Parsing took 0 ms 
312369     INFO  Test worker     d.u.i.k.n.KeyIO           MODE: declarations took 0 ms 
312370     INFO  Test worker     d.u.i.k.n.KeyIO           Parsing took 0 ms 
312370     INFO  Test worker     d.u.i.k.n.KeyIO           MODE: declarations took 0 ms 
312371     INFO  Test worker     d.u.i.k.n.KeyIO           Parsing took 0 ms 
312371     INFO  Test worker     d.u.i.k.n.KeyIO           MODE: declarations took 0 ms 
312382     INFO  Test worker     d.u.i.k.n.KeyIO           Parsing took 0 ms 
312382     INFO  Test worker     d.u.i.k.n.KeyIO           MODE: declarations took 0 ms 
312383     INFO  Test worker     d.u.i.k.n.KeyIO           Parsing took 0 ms 
312383     INFO  Test worker     d.u.i.k.n.KeyIO           MODE: declarations took 0 ms 
312386     INFO  Test worker     d.u.i.k.n.KeyIO           Parsing took 0 ms 
312386     INFO  Test worker     d.u.i.k.n.KeyIO           MODE: declarations took 0 ms 
312388     INFO  Test worker     d.u.i.k.n.KeyIO           Parsing took 2 ms 
312388     INFO  Test worker     d.u.i.k.n.KeyIO           MODE: declarations took 0 ms 
312394     INFO  Test worker     d.u.i.k.n.KeyIO           Parsing took 0 ms 
312394     INFO  Test worker     d.u.i.k.n.KeyIO           MODE: declarations took 0 ms 
312402     INFO  Test worker     d.u.i.k.n.KeyIO           Parsing took 0 ms 
312402     INFO  Test worker     d.u.i.k.n.KeyIO           MODE: declarations took 0 ms 
312404     INFO  Test worker     d.u.i.k.n.KeyIO           Parsing took 0 ms 
312404     INFO  Test worker     d.u.i.k.n.KeyIO           MODE: declarations took 0 ms 
312405     INFO  Test worker     d.u.i.k.n.KeyIO           Parsing took 0 ms 
312405     INFO  Test worker     d.u.i.k.n.KeyIO           MODE: declarations took 0 ms 
312407     INFO  Test worker     d.u.i.k.n.KeyIO           Parsing took 0 ms 
312408     INFO  Test worker     d.u.i.k.n.KeyIO           MODE: declarations took 0 ms 
312409     INFO  Test worker     d.u.i.k.n.KeyIO           Parsing took 0 ms 
312409     INFO  Test worker     d.u.i.k.n.KeyIO           MODE: declarations took 0 ms 
312410     INFO  Test worker     d.u.i.k.n.KeyIO           Parsing took 0 ms 
312410     INFO  Test worker     d.u.i.k.n.KeyIO           MODE: declarations took 0 ms 
312413     INFO  Test worker     d.u.i.k.n.KeyIO           Parsing took 1 ms 
312413     INFO  Test worker     d.u.i.k.n.KeyIO           MODE: declarations took 0 ms 
312414     INFO  Test worker     d.u.i.k.n.KeyIO           Parsing took 0 ms 
312418     INFO  Test worker     d.u.i.k.n.KeyIO           MODE: declarations took 0 ms 
312420     INFO  Test worker     d.u.i.k.n.KeyIO           Parsing took 0 ms 
312421     INFO  Test worker     d.u.i.k.n.KeyIO           MODE: declarations took 0 ms 
312422     INFO  Test worker     d.u.i.k.n.KeyIO           Parsing took 0 ms 
312422     INFO  Test worker     d.u.i.k.n.KeyIO           MODE: declarations took 0 ms 
312424     INFO  Test worker     d.u.i.k.n.KeyIO           Parsing took 1 ms 
312426     INFO  Test worker     d.u.i.k.n.KeyIO           MODE: declarations took 0 ms 
312427     INFO  Test worker     d.u.i.k.n.KeyIO           Parsing took 0 ms 
312427     INFO  Test worker     d.u.i.k.n.KeyIO           MODE: declarations took 0 ms 
312430     INFO  Test worker     d.u.i.k.n.KeyIO           Parsing took 0 ms 
312430     INFO  Test worker     d.u.i.k.n.KeyIO           MODE: declarations took 0 ms 
312431     INFO  Test worker     d.u.i.k.n.KeyIO           Parsing took 0 ms 
312431     INFO  Test worker     d.u.i.k.n.KeyIO           MODE: declarations took 0 ms 
]]></system-out>
  <system-err><![CDATA[]]></system-err>
</testsuite>
