<?xml version="1.0" encoding="UTF-8"?>
<testsuite name="de.uka.ilkd.key.parser.TestDeclParser" tests="14" skipped="2" failures="0" errors="0" timestamp="2023-03-21T15:35:26" hostname="fv-az402-223" time="11.591">
  <properties/>
  <testcase name="testGenericSortDecl1()" classname="de.uka.ilkd.key.parser.TestDeclParser" time="1.013"/>
  <testcase name="testGenericSortDecl2()" classname="de.uka.ilkd.key.parser.TestDeclParser" time="0.981"/>
  <testcase name="testGenericSortDecl3()" classname="de.uka.ilkd.key.parser.TestDeclParser" time="0.918"/>
  <testcase name="testGenericSortDecl4()" classname="de.uka.ilkd.key.parser.TestDeclParser" time="1.015"/>
  <testcase name="testGenericSortDecl5()" classname="de.uka.ilkd.key.parser.TestDeclParser" time="0.0">
    <skipped/>
  </testcase>
  <testcase name="testGenericSortDecl6()" classname="de.uka.ilkd.key.parser.TestDeclParser" time="0.943"/>
  <testcase name="testSortDecl()" classname="de.uka.ilkd.key.parser.TestDeclParser" time="0.967"/>
  <testcase name="testProxySortDecl()" classname="de.uka.ilkd.key.parser.TestDeclParser" time="0.957"/>
  <testcase name="testArrayDecl()" classname="de.uka.ilkd.key.parser.TestDeclParser" time="0.91"/>
  <testcase name="testAmbiguousDecls()" classname="de.uka.ilkd.key.parser.TestDeclParser" time="0.0">
    <skipped/>
  </testcase>
  <testcase name="testHeurDecl()" classname="de.uka.ilkd.key.parser.TestDeclParser" time="0.976"/>
  <testcase name="testFunctionDecl()" classname="de.uka.ilkd.key.parser.TestDeclParser" time="1.004"/>
  <testcase name="testPredicateDecl()" classname="de.uka.ilkd.key.parser.TestDeclParser" time="0.977"/>
  <testcase name="testSVDecl()" classname="de.uka.ilkd.key.parser.TestDeclParser" time="0.929"/>
  <system-out><![CDATA[218893     INFO  Test worker     d.u.i.k.n.KeyIO           Parsing took 0 ms 
218893     INFO  Test worker     d.u.i.k.n.KeyIO           MODE: declarations took 0 ms 
219874     INFO  Test worker     d.u.i.k.n.KeyIO           Parsing took 0 ms 
219874     INFO  Test worker     d.u.i.k.n.KeyIO           MODE: declarations took 0 ms 
220792     INFO  Test worker     d.u.i.k.n.KeyIO           Parsing took 0 ms 
220792     INFO  Test worker     d.u.i.k.n.KeyIO           MODE: declarations took 0 ms 
221807     INFO  Test worker     d.u.i.k.n.KeyIO           Parsing took 0 ms 
221807     INFO  Test worker     d.u.i.k.n.KeyIO           MODE: declarations took 0 ms 
222750     INFO  Test worker     d.u.i.k.n.KeyIO           Parsing took 0 ms 
222750     INFO  Test worker     d.u.i.k.n.KeyIO           MODE: declarations took 0 ms 
223717     INFO  Test worker     d.u.i.k.n.KeyIO           Parsing took 0 ms 
223717     INFO  Test worker     d.u.i.k.n.KeyIO           MODE: declarations took 0 ms 
224673     INFO  Test worker     d.u.i.k.n.KeyIO           Parsing took 0 ms 
224674     INFO  Test worker     d.u.i.k.n.KeyIO           MODE: declarations took 0 ms 
225584     INFO  Test worker     d.u.i.k.n.KeyIO           Parsing took 0 ms 
225584     INFO  Test worker     d.u.i.k.n.KeyIO           MODE: declarations took 0 ms 
226561     INFO  Test worker     d.u.i.k.n.KeyIO           Parsing took 0 ms 
226561     INFO  Test worker     d.u.i.k.n.KeyIO           MODE: declarations took 0 ms 
227564     INFO  Test worker     d.u.i.k.n.KeyIO           Parsing took 0 ms 
227564     INFO  Test worker     d.u.i.k.n.KeyIO           MODE: declarations took 0 ms 
228542     INFO  Test worker     d.u.i.k.n.KeyIO           Parsing took 0 ms 
228542     INFO  Test worker     d.u.i.k.n.KeyIO           MODE: declarations took 0 ms 
229470     INFO  Test worker     d.u.i.k.n.KeyIO           Parsing took 0 ms 
229471     INFO  Test worker     d.u.i.k.n.KeyIO           MODE: declarations took 0 ms 
]]></system-out>
  <system-err><![CDATA[]]></system-err>
</testsuite>
