<?xml version="1.0" encoding="UTF-8"?>
<testsuite name="de.uka.ilkd.key.parser.TestTermParser" tests="47" skipped="4" failures="0" errors="0" timestamp="2023-03-21T15:37:00" hostname="fv-az402-223" time="3.159">
  <properties/>
  <testcase name="testNotEqual()" classname="de.uka.ilkd.key.parser.TestTermParser" time="0.002"/>
  <testcase name="testProgramVariables()" classname="de.uka.ilkd.key.parser.TestTermParser" time="0.055"/>
  <testcase name="testAttributeWithSpecifiedSortOnObject()" classname="de.uka.ilkd.key.parser.TestTermParser" time="0.006"/>
  <testcase name="testCast()" classname="de.uka.ilkd.key.parser.TestTermParser" time="0.002"/>
  <testcase name="testJavaQueryAndAttribute_all()" classname="de.uka.ilkd.key.parser.TestTermParser" time="0.001">
    <skipped/>
  </testcase>
  <testcase name="test10()" classname="de.uka.ilkd.key.parser.TestTermParser" time="0.009"/>
  <testcase name="test11()" classname="de.uka.ilkd.key.parser.TestTermParser" time="0.002"/>
  <testcase name="test12()" classname="de.uka.ilkd.key.parser.TestTermParser" time="0.0">
    <skipped/>
  </testcase>
  <testcase name="test13()" classname="de.uka.ilkd.key.parser.TestTermParser" time="0.006"/>
  <testcase name="test14()" classname="de.uka.ilkd.key.parser.TestTermParser" time="0.003"/>
  <testcase name="test1a()" classname="de.uka.ilkd.key.parser.TestTermParser" time="0.002"/>
  <testcase name="testJavaAttributeAccess_4()" classname="de.uka.ilkd.key.parser.TestTermParser" time="0.004"/>
  <testcase name="testAttributeOnObject()" classname="de.uka.ilkd.key.parser.TestTermParser" time="0.004"/>
  <testcase name="testNegativeLiteralParsing1()" classname="de.uka.ilkd.key.parser.TestTermParser" time="0.001"/>
  <testcase name="testNegativeLiteralParsing2()" classname="de.uka.ilkd.key.parser.TestTermParser" time="0.002"/>
  <testcase name="testNegativeLiteralParsing3()" classname="de.uka.ilkd.key.parser.TestTermParser" time="0.002"/>
  <testcase name="xtestParsingArrayWithSpaces()" classname="de.uka.ilkd.key.parser.TestTermParser" time="0.0">
    <skipped/>
  </testcase>
  <testcase name="testAmbigiousFuncVarPred()" classname="de.uka.ilkd.key.parser.TestTermParser" time="0.001"/>
  <testcase name="test1()" classname="de.uka.ilkd.key.parser.TestTermParser" time="0.002"/>
  <testcase name="test2()" classname="de.uka.ilkd.key.parser.TestTermParser" time="0.002"/>
  <testcase name="test3()" classname="de.uka.ilkd.key.parser.TestTermParser" time="0.001"/>
  <testcase name="test5()" classname="de.uka.ilkd.key.parser.TestTermParser" time="0.002"/>
  <testcase name="test6()" classname="de.uka.ilkd.key.parser.TestTermParser" time="0.002"/>
  <testcase name="test7()" classname="de.uka.ilkd.key.parser.TestTermParser" time="0.001"/>
  <testcase name="test8()" classname="de.uka.ilkd.key.parser.TestTermParser" time="0.001"/>
  <testcase name="test9()" classname="de.uka.ilkd.key.parser.TestTermParser" time="0.002"/>
  <testcase name="testBindingUpdateTerm()" classname="de.uka.ilkd.key.parser.TestTermParser" time="0.002"/>
  <testcase name="testJavaStaticQuery()" classname="de.uka.ilkd.key.parser.TestTermParser" time="0.002"/>
  <testcase name="testInfix1()" classname="de.uka.ilkd.key.parser.TestTermParser" time="0.001"/>
  <testcase name="testInfix2()" classname="de.uka.ilkd.key.parser.TestTermParser" time="0.002"/>
  <testcase name="testInfix3()" classname="de.uka.ilkd.key.parser.TestTermParser" time="0.005"/>
  <testcase name="testInfix4()" classname="de.uka.ilkd.key.parser.TestTermParser" time="0.002"/>
  <testcase name="testIfThenElse()" classname="de.uka.ilkd.key.parser.TestTermParser" time="0.004"/>
  <testcase name="testJavaAttributeAccessBoth_1()" classname="de.uka.ilkd.key.parser.TestTermParser" time="0.006"/>
  <testcase name="testJavaAttributeAccessBoth_2()" classname="de.uka.ilkd.key.parser.TestTermParser" time="0.003"/>
  <testcase name="testJavaAttributeAccessBoth_3()" classname="de.uka.ilkd.key.parser.TestTermParser" time="0.002"/>
  <testcase name="testBindingUpdateTerm_1()" classname="de.uka.ilkd.key.parser.TestTermParser" time="0.002"/>
  <testcase name="testBindingUpdateTerm_3()" classname="de.uka.ilkd.key.parser.TestTermParser" time="0.012"/>
  <testcase name="testBindingUpdateTerm_4()" classname="de.uka.ilkd.key.parser.TestTermParser" time="0.002"/>
  <testcase name="testBindingUpdateTerm_5()" classname="de.uka.ilkd.key.parser.TestTermParser" time="0.002"/>
  <testcase name="testBindingUpdateTerm_6()" classname="de.uka.ilkd.key.parser.TestTermParser" time="0.001"/>
  <testcase name="testBindingUpdateTerm_7()" classname="de.uka.ilkd.key.parser.TestTermParser" time="0.002"/>
  <testcase name="testBindingUpdateTerm_8()" classname="de.uka.ilkd.key.parser.TestTermParser" time="0.002"/>
  <testcase name="testParsingArray()" classname="de.uka.ilkd.key.parser.TestTermParser" time="0.003"/>
  <testcase name="xtestBindingUpdateTermOldBindingAlternative()" classname="de.uka.ilkd.key.parser.TestTermParser" time="0.0">
    <skipped/>
  </testcase>
  <testcase name="testJavaStaticQueryWithParameter()" classname="de.uka.ilkd.key.parser.TestTermParser" time="0.004"/>
  <testcase name="testParsingArrayCombination()" classname="de.uka.ilkd.key.parser.TestTermParser" time="0.004"/>
  <system-out><![CDATA[312502     INFO  Test worker     d.u.i.k.n.KeyIO           Parsing took 0 ms 
312502     INFO  Test worker     d.u.i.k.n.KeyIO           MODE: declarations took 0 ms 
312503     WARN  Test worker     d.u.i.k.j.r.KeYCrossReferenceNameInfo Datatype T declared twice: Once in UNKNOWN:unknown and once in UNKNOWN:unknown, Keeping one from UNKNOWN:unknown 
312570     INFO  Test worker     d.u.i.k.n.KeyIO           Parsing took 1 ms 
312572     INFO  Test worker     d.u.i.k.n.KeyIO           MODE: declarations took 0 ms 
312626     WARN  Test worker     d.u.i.k.j.r.KeYCrossReferenceNameInfo Datatype T declared twice: Once in UNKNOWN:unknown and once in UNKNOWN:unknown, Keeping one from UNKNOWN:unknown 
312695     INFO  Test worker     d.u.i.k.n.KeyIO           Parsing took 1 ms 
312695     INFO  Test worker     d.u.i.k.n.KeyIO           MODE: declarations took 0 ms 
312700     WARN  Test worker     d.u.i.k.j.r.KeYCrossReferenceNameInfo Datatype T declared twice: Once in UNKNOWN:unknown and once in UNKNOWN:unknown, Keeping one from UNKNOWN:unknown 
312762     INFO  Test worker     d.u.i.k.n.KeyIO           Parsing took 1 ms 
312762     INFO  Test worker     d.u.i.k.n.KeyIO           MODE: declarations took 0 ms 
312764     WARN  Test worker     d.u.i.k.j.r.KeYCrossReferenceNameInfo Datatype T declared twice: Once in UNKNOWN:unknown and once in UNKNOWN:unknown, Keeping one from UNKNOWN:unknown 
312826     WARN  Test worker     d.u.i.k.j.r.KeYCrossReferenceNameInfo Datatype T declared twice: Once in UNKNOWN:unknown and once in UNKNOWN:unknown, Keeping one from UNKNOWN:unknown 
312886     INFO  Test worker     d.u.i.k.n.KeyIO           Parsing took 0 ms 
312887     INFO  Test worker     d.u.i.k.n.KeyIO           MODE: declarations took 0 ms 
312893     INFO  Test worker     d.u.i.k.p.TestTermParser  Out: \<{
  int x = 1;
  {
    int s = 2;
  }
}\> (equals(x,x)) 
312894     WARN  Test worker     d.u.i.k.j.r.KeYCrossReferenceNameInfo Datatype T declared twice: Once in UNKNOWN:unknown and once in UNKNOWN:unknown, Keeping one from UNKNOWN:unknown 
312956     INFO  Test worker     d.u.i.k.n.KeyIO           Parsing took 0 ms 
312956     INFO  Test worker     d.u.i.k.n.KeyIO           MODE: declarations took 0 ms 
312958     INFO  Test worker     d.u.i.k.p.TestTermParser  Out: \[{
  int x = 2;
  {
    String s = ""}";
  }
}\] (true) 
312958     WARN  Test worker     d.u.i.k.j.r.KeYCrossReferenceNameInfo Datatype T declared twice: Once in UNKNOWN:unknown and once in UNKNOWN:unknown, Keeping one from UNKNOWN:unknown 
313023     WARN  Test worker     d.u.i.k.j.r.KeYCrossReferenceNameInfo Datatype T declared twice: Once in UNKNOWN:unknown and once in UNKNOWN:unknown, Keeping one from UNKNOWN:unknown 
313087     INFO  Test worker     d.u.i.k.n.KeyIO           Parsing took 0 ms 
313088     INFO  Test worker     d.u.i.k.n.KeyIO           MODE: declarations took 1 ms 
313093     WARN  Test worker     d.u.i.k.j.r.KeYCrossReferenceNameInfo Datatype T declared twice: Once in UNKNOWN:unknown and once in UNKNOWN:unknown, Keeping one from UNKNOWN:unknown 
313156     INFO  Test worker     d.u.i.k.n.KeyIO           Parsing took 0 ms 
313156     INFO  Test worker     d.u.i.k.n.KeyIO           MODE: declarations took 0 ms 
313158     INFO  Test worker     d.u.i.k.p.TestTermParser  Out: \<{
  int[] i;
}\> (diamond(true)) 
313158     WARN  Test worker     d.u.i.k.j.r.KeYCrossReferenceNameInfo Datatype T declared twice: Once in UNKNOWN:unknown and once in UNKNOWN:unknown, Keeping one from UNKNOWN:unknown 
313222     INFO  Test worker     d.u.i.k.n.KeyIO           Parsing took 0 ms 
313223     INFO  Test worker     d.u.i.k.n.KeyIO           MODE: declarations took 1 ms 
313225     WARN  Test worker     d.u.i.k.j.r.KeYCrossReferenceNameInfo Datatype T declared twice: Once in UNKNOWN:unknown and once in UNKNOWN:unknown, Keeping one from UNKNOWN:unknown 
313290     INFO  Test worker     d.u.i.k.n.KeyIO           Parsing took 0 ms 
313290     INFO  Test worker     d.u.i.k.n.KeyIO           MODE: declarations took 0 ms 
313293     WARN  Test worker     d.u.i.k.j.r.KeYCrossReferenceNameInfo Datatype T declared twice: Once in UNKNOWN:unknown and once in UNKNOWN:unknown, Keeping one from UNKNOWN:unknown 
313357     INFO  Test worker     d.u.i.k.n.KeyIO           Parsing took 0 ms 
313357     INFO  Test worker     d.u.i.k.n.KeyIO           MODE: declarations took 0 ms 
313360     WARN  Test worker     d.u.i.k.j.r.KeYCrossReferenceNameInfo Datatype T declared twice: Once in UNKNOWN:unknown and once in UNKNOWN:unknown, Keeping one from UNKNOWN:unknown 
313424     INFO  Test worker     d.u.i.k.n.KeyIO           Parsing took 0 ms 
313424     INFO  Test worker     d.u.i.k.n.KeyIO           MODE: declarations took 0 ms 
313425     WARN  Test worker     d.u.i.k.j.r.KeYCrossReferenceNameInfo Datatype T declared twice: Once in UNKNOWN:unknown and once in UNKNOWN:unknown, Keeping one from UNKNOWN:unknown 
313491     INFO  Test worker     d.u.i.k.n.KeyIO           Parsing took 0 ms 
313491     INFO  Test worker     d.u.i.k.n.KeyIO           MODE: declarations took 0 ms 
313493     WARN  Test worker     d.u.i.k.j.r.KeYCrossReferenceNameInfo Datatype T declared twice: Once in UNKNOWN:unknown and once in UNKNOWN:unknown, Keeping one from UNKNOWN:unknown 
313557     INFO  Test worker     d.u.i.k.n.KeyIO           Parsing took 0 ms 
313557     INFO  Test worker     d.u.i.k.n.KeyIO           MODE: declarations took 0 ms 
313560     WARN  Test worker     d.u.i.k.j.r.KeYCrossReferenceNameInfo Datatype T declared twice: Once in UNKNOWN:unknown and once in UNKNOWN:unknown, Keeping one from UNKNOWN:unknown 
313623     WARN  Test worker     d.u.i.k.j.r.KeYCrossReferenceNameInfo Datatype T declared twice: Once in UNKNOWN:unknown and once in UNKNOWN:unknown, Keeping one from UNKNOWN:unknown 
313686     INFO  Test worker     d.u.i.k.n.KeyIO           Parsing took 0 ms 
313687     INFO  Test worker     d.u.i.k.n.KeyIO           MODE: declarations took 1 ms 
313688     WARN  Test worker     d.u.i.k.j.r.KeYCrossReferenceNameInfo Datatype T declared twice: Once in UNKNOWN:unknown and once in UNKNOWN:unknown, Keeping one from UNKNOWN:unknown 
313750     INFO  Test worker     d.u.i.k.n.KeyIO           Parsing took 0 ms 
313750     INFO  Test worker     d.u.i.k.n.KeyIO           MODE: declarations took 0 ms 
313752     WARN  Test worker     d.u.i.k.j.r.KeYCrossReferenceNameInfo Datatype T declared twice: Once in UNKNOWN:unknown and once in UNKNOWN:unknown, Keeping one from UNKNOWN:unknown 
313816     INFO  Test worker     d.u.i.k.n.KeyIO           Parsing took 0 ms 
313817     INFO  Test worker     d.u.i.k.n.KeyIO           MODE: declarations took 0 ms 
313821     WARN  Test worker     d.u.i.k.j.r.KeYCrossReferenceNameInfo Datatype T declared twice: Once in UNKNOWN:unknown and once in UNKNOWN:unknown, Keeping one from UNKNOWN:unknown 
313885     INFO  Test worker     d.u.i.k.n.KeyIO           Parsing took 0 ms 
313885     INFO  Test worker     d.u.i.k.n.KeyIO           MODE: declarations took 0 ms 
313887     WARN  Test worker     d.u.i.k.j.r.KeYCrossReferenceNameInfo Datatype T declared twice: Once in UNKNOWN:unknown and once in UNKNOWN:unknown, Keeping one from UNKNOWN:unknown 
313950     INFO  Test worker     d.u.i.k.n.KeyIO           Parsing took 0 ms 
313950     INFO  Test worker     d.u.i.k.n.KeyIO           MODE: declarations took 0 ms 
313952     WARN  Test worker     d.u.i.k.j.r.KeYCrossReferenceNameInfo Datatype T declared twice: Once in UNKNOWN:unknown and once in UNKNOWN:unknown, Keeping one from UNKNOWN:unknown 
314016     INFO  Test worker     d.u.i.k.n.KeyIO           Parsing took 0 ms 
314016     INFO  Test worker     d.u.i.k.n.KeyIO           MODE: declarations took 0 ms 
314018     WARN  Test worker     d.u.i.k.j.r.KeYCrossReferenceNameInfo Datatype T declared twice: Once in UNKNOWN:unknown and once in UNKNOWN:unknown, Keeping one from UNKNOWN:unknown 
314081     INFO  Test worker     d.u.i.k.n.KeyIO           Parsing took 0 ms 
314081     INFO  Test worker     d.u.i.k.n.KeyIO           MODE: declarations took 0 ms 
314083     WARN  Test worker     d.u.i.k.j.r.KeYCrossReferenceNameInfo Datatype T declared twice: Once in UNKNOWN:unknown and once in UNKNOWN:unknown, Keeping one from UNKNOWN:unknown 
314144     INFO  Test worker     d.u.i.k.n.KeyIO           Parsing took 0 ms 
314144     INFO  Test worker     d.u.i.k.n.KeyIO           MODE: declarations took 0 ms 
314146     WARN  Test worker     d.u.i.k.j.r.KeYCrossReferenceNameInfo Datatype T declared twice: Once in UNKNOWN:unknown and once in UNKNOWN:unknown, Keeping one from UNKNOWN:unknown 
314211     INFO  Test worker     d.u.i.k.n.KeyIO           Parsing took 0 ms 
314211     INFO  Test worker     d.u.i.k.n.KeyIO           MODE: declarations took 0 ms 
314212     WARN  Test worker     d.u.i.k.j.r.KeYCrossReferenceNameInfo Datatype T declared twice: Once in UNKNOWN:unknown and once in UNKNOWN:unknown, Keeping one from UNKNOWN:unknown 
314276     INFO  Test worker     d.u.i.k.n.KeyIO           Parsing took 0 ms 
314277     INFO  Test worker     d.u.i.k.n.KeyIO           MODE: declarations took 1 ms 
314278     WARN  Test worker     d.u.i.k.j.r.KeYCrossReferenceNameInfo Datatype T declared twice: Once in UNKNOWN:unknown and once in UNKNOWN:unknown, Keeping one from UNKNOWN:unknown 
314358     INFO  Test worker     d.u.i.k.n.KeyIO           Parsing took 0 ms 
314358     INFO  Test worker     d.u.i.k.n.KeyIO           MODE: declarations took 0 ms 
314361     WARN  Test worker     d.u.i.k.j.r.KeYCrossReferenceNameInfo Datatype T declared twice: Once in UNKNOWN:unknown and once in UNKNOWN:unknown, Keeping one from UNKNOWN:unknown 
314429     INFO  Test worker     d.u.i.k.n.KeyIO           Parsing took 0 ms 
314429     INFO  Test worker     d.u.i.k.n.KeyIO           MODE: declarations took 0 ms 
314431     WARN  Test worker     d.u.i.k.j.r.KeYCrossReferenceNameInfo Datatype T declared twice: Once in UNKNOWN:unknown and once in UNKNOWN:unknown, Keeping one from UNKNOWN:unknown 
314492     INFO  Test worker     d.u.i.k.n.KeyIO           Parsing took 1 ms 
314492     INFO  Test worker     d.u.i.k.n.KeyIO           MODE: declarations took 0 ms 
314494     WARN  Test worker     d.u.i.k.j.r.KeYCrossReferenceNameInfo Datatype T declared twice: Once in UNKNOWN:unknown and once in UNKNOWN:unknown, Keeping one from UNKNOWN:unknown 
314554     INFO  Test worker     d.u.i.k.n.KeyIO           Parsing took 0 ms 
314558     INFO  Test worker     d.u.i.k.n.KeyIO           MODE: declarations took 0 ms 
314560     WARN  Test worker     d.u.i.k.j.r.KeYCrossReferenceNameInfo Datatype T declared twice: Once in UNKNOWN:unknown and once in UNKNOWN:unknown, Keeping one from UNKNOWN:unknown 
314627     INFO  Test worker     d.u.i.k.n.KeyIO           Parsing took 0 ms 
314627     INFO  Test worker     d.u.i.k.n.KeyIO           MODE: declarations took 0 ms 
314629     WARN  Test worker     d.u.i.k.j.r.KeYCrossReferenceNameInfo Datatype T declared twice: Once in UNKNOWN:unknown and once in UNKNOWN:unknown, Keeping one from UNKNOWN:unknown 
314700     INFO  Test worker     d.u.i.k.n.KeyIO           Parsing took 0 ms 
314700     INFO  Test worker     d.u.i.k.n.KeyIO           MODE: declarations took 0 ms 
314705     WARN  Test worker     d.u.i.k.j.r.KeYCrossReferenceNameInfo Datatype T declared twice: Once in UNKNOWN:unknown and once in UNKNOWN:unknown, Keeping one from UNKNOWN:unknown 
314769     INFO  Test worker     d.u.i.k.n.KeyIO           Parsing took 0 ms 
314769     INFO  Test worker     d.u.i.k.n.KeyIO           MODE: declarations took 0 ms 
314774     WARN  Test worker     d.u.i.k.j.r.KeYCrossReferenceNameInfo Datatype T declared twice: Once in UNKNOWN:unknown and once in UNKNOWN:unknown, Keeping one from UNKNOWN:unknown 
314837     INFO  Test worker     d.u.i.k.n.KeyIO           Parsing took 1 ms 
314837     INFO  Test worker     d.u.i.k.n.KeyIO           MODE: declarations took 0 ms 
314839     WARN  Test worker     d.u.i.k.j.r.KeYCrossReferenceNameInfo Datatype T declared twice: Once in UNKNOWN:unknown and once in UNKNOWN:unknown, Keeping one from UNKNOWN:unknown 
314902     INFO  Test worker     d.u.i.k.n.KeyIO           Parsing took 0 ms 
314903     INFO  Test worker     d.u.i.k.n.KeyIO           MODE: declarations took 1 ms 
314905     WARN  Test worker     d.u.i.k.j.r.KeYCrossReferenceNameInfo Datatype T declared twice: Once in UNKNOWN:unknown and once in UNKNOWN:unknown, Keeping one from UNKNOWN:unknown 
314970     INFO  Test worker     d.u.i.k.n.KeyIO           Parsing took 0 ms 
314970     INFO  Test worker     d.u.i.k.n.KeyIO           MODE: declarations took 0 ms 
314973     WARN  Test worker     d.u.i.k.j.r.KeYCrossReferenceNameInfo Datatype T declared twice: Once in UNKNOWN:unknown and once in UNKNOWN:unknown, Keeping one from UNKNOWN:unknown 
315045     INFO  Test worker     d.u.i.k.n.KeyIO           Parsing took 0 ms 
315048     INFO  Test worker     d.u.i.k.n.KeyIO           MODE: declarations took 0 ms 
315054     WARN  Test worker     d.u.i.k.j.r.KeYCrossReferenceNameInfo Datatype T declared twice: Once in UNKNOWN:unknown and once in UNKNOWN:unknown, Keeping one from UNKNOWN:unknown 
315120     INFO  Test worker     d.u.i.k.n.KeyIO           Parsing took 1 ms 
315120     INFO  Test worker     d.u.i.k.n.KeyIO           MODE: declarations took 0 ms 
315122     WARN  Test worker     d.u.i.k.j.r.KeYCrossReferenceNameInfo Datatype T declared twice: Once in UNKNOWN:unknown and once in UNKNOWN:unknown, Keeping one from UNKNOWN:unknown 
315201     INFO  Test worker     d.u.i.k.n.KeyIO           Parsing took 0 ms 
315201     INFO  Test worker     d.u.i.k.n.KeyIO           MODE: declarations took 0 ms 
315203     WARN  Test worker     d.u.i.k.j.r.KeYCrossReferenceNameInfo Datatype T declared twice: Once in UNKNOWN:unknown and once in UNKNOWN:unknown, Keeping one from UNKNOWN:unknown 
315266     INFO  Test worker     d.u.i.k.n.KeyIO           Parsing took 0 ms 
315266     INFO  Test worker     d.u.i.k.n.KeyIO           MODE: declarations took 0 ms 
315268     WARN  Test worker     d.u.i.k.j.r.KeYCrossReferenceNameInfo Datatype T declared twice: Once in UNKNOWN:unknown and once in UNKNOWN:unknown, Keeping one from UNKNOWN:unknown 
315328     INFO  Test worker     d.u.i.k.n.KeyIO           Parsing took 0 ms 
315329     INFO  Test worker     d.u.i.k.n.KeyIO           MODE: declarations took 0 ms 
315330     WARN  Test worker     d.u.i.k.j.r.KeYCrossReferenceNameInfo Datatype T declared twice: Once in UNKNOWN:unknown and once in UNKNOWN:unknown, Keeping one from UNKNOWN:unknown 
315393     INFO  Test worker     d.u.i.k.n.KeyIO           Parsing took 0 ms 
315393     INFO  Test worker     d.u.i.k.n.KeyIO           MODE: declarations took 0 ms 
315395     WARN  Test worker     d.u.i.k.j.r.KeYCrossReferenceNameInfo Datatype T declared twice: Once in UNKNOWN:unknown and once in UNKNOWN:unknown, Keeping one from UNKNOWN:unknown 
315458     INFO  Test worker     d.u.i.k.n.KeyIO           Parsing took 0 ms 
315458     INFO  Test worker     d.u.i.k.n.KeyIO           MODE: declarations took 0 ms 
315462     WARN  Test worker     d.u.i.k.j.r.KeYCrossReferenceNameInfo Datatype T declared twice: Once in UNKNOWN:unknown and once in UNKNOWN:unknown, Keeping one from UNKNOWN:unknown 
315525     WARN  Test worker     d.u.i.k.j.r.KeYCrossReferenceNameInfo Datatype T declared twice: Once in UNKNOWN:unknown and once in UNKNOWN:unknown, Keeping one from UNKNOWN:unknown 
315587     INFO  Test worker     d.u.i.k.n.KeyIO           Parsing took 0 ms 
315587     INFO  Test worker     d.u.i.k.n.KeyIO           MODE: declarations took 0 ms 
315591     WARN  Test worker     d.u.i.k.j.r.KeYCrossReferenceNameInfo Datatype T declared twice: Once in UNKNOWN:unknown and once in UNKNOWN:unknown, Keeping one from UNKNOWN:unknown 
315657     INFO  Test worker     d.u.i.k.n.KeyIO           Parsing took 1 ms 
315657     INFO  Test worker     d.u.i.k.n.KeyIO           MODE: declarations took 0 ms 
]]></system-out>
  <system-err><![CDATA[]]></system-err>
</testsuite>
