<?xml version="1.0" encoding="UTF-8"?>
<testsuite name="de.uka.ilkd.key.parser.TestTermParserHeap" tests="39" skipped="0" failures="0" errors="0" timestamp="2023-03-21T15:37:07" hostname="fv-az402-223" time="115.164">
  <properties/>
  <testcase name="testBracketHeapUpdate()" classname="de.uka.ilkd.key.parser.TestTermParserHeap" time="0.017"/>
  <testcase name="testStore()" classname="de.uka.ilkd.key.parser.TestTermParserHeap" time="0.01"/>
  <testcase name="testUnknownConstant()" classname="de.uka.ilkd.key.parser.TestTermParserHeap" time="0.002"/>
  <testcase name="testAllFieldsSelector()" classname="de.uka.ilkd.key.parser.TestTermParserHeap" time="0.002"/>
  <testcase name="testParsePrettyPrintedSelect()" classname="de.uka.ilkd.key.parser.TestTermParserHeap" time="0.002"/>
  <testcase name="testAccessStaticMembers()" classname="de.uka.ilkd.key.parser.TestTermParserHeap" time="0.003"/>
  <testcase name="testAtOperator_1()" classname="de.uka.ilkd.key.parser.TestTermParserHeap" time="0.001"/>
  <testcase name="testAtOperator_2()" classname="de.uka.ilkd.key.parser.TestTermParserHeap" time="0.001"/>
  <testcase name="testAtOperator_3()" classname="de.uka.ilkd.key.parser.TestTermParserHeap" time="0.001"/>
  <testcase name="testAtOperator_4()" classname="de.uka.ilkd.key.parser.TestTermParserHeap" time="0.007"/>
  <testcase name="testAtOperator_5()" classname="de.uka.ilkd.key.parser.TestTermParserHeap" time="0.002"/>
  <testcase name="testAtOperator_6()" classname="de.uka.ilkd.key.parser.TestTermParserHeap" time="0.002"/>
  <testcase name="testAtOperator_7()" classname="de.uka.ilkd.key.parser.TestTermParserHeap" time="0.002"/>
  <testcase name="testAtOperator_8()" classname="de.uka.ilkd.key.parser.TestTermParserHeap" time="0.003"/>
  <testcase name="testVerifyExceptionIfAtOperatorNotPreceededBySelectTerm()" classname="de.uka.ilkd.key.parser.TestTermParserHeap" time="0.002"/>
  <testcase name="testBugResettingCounter()" classname="de.uka.ilkd.key.parser.TestTermParserHeap" time="0.002"/>
  <testcase name="testLocationSets()" classname="de.uka.ilkd.key.parser.TestTermParserHeap" time="0.002"/>
  <testcase name="testQuantifiedSelect()" classname="de.uka.ilkd.key.parser.TestTermParserHeap" time="0.003"/>
  <testcase name="testGenericObjectProperties()" classname="de.uka.ilkd.key.parser.TestTermParserHeap" time="0.002"/>
  <testcase name="testQueryInheritance_1()" classname="de.uka.ilkd.key.parser.TestTermParserHeap" time="0.001"/>
  <testcase name="testQueryInheritance_2()" classname="de.uka.ilkd.key.parser.TestTermParserHeap" time="0.003"/>
  <testcase name="testQueryInheritance_3()" classname="de.uka.ilkd.key.parser.TestTermParserHeap" time="0.001"/>
  <testcase name="testQueryInheritance_4()" classname="de.uka.ilkd.key.parser.TestTermParserHeap" time="0.001"/>
  <testcase name="testQueryInheritance_5()" classname="de.uka.ilkd.key.parser.TestTermParserHeap" time="0.001"/>
  <testcase name="testQueryInheritance_6()" classname="de.uka.ilkd.key.parser.TestTermParserHeap" time="0.002"/>
  <testcase name="testQueryInheritance_7()" classname="de.uka.ilkd.key.parser.TestTermParserHeap" time="0.002"/>
  <testcase name="testQueryInheritance_8()" classname="de.uka.ilkd.key.parser.TestTermParserHeap" time="0.002"/>
  <testcase name="testQueryInheritance_9()" classname="de.uka.ilkd.key.parser.TestTermParserHeap" time="0.005"/>
  <testcase name="testQueryBasic_10()" classname="de.uka.ilkd.key.parser.TestTermParserHeap" time="0.001"/>
  <testcase name="testQueryBasic_11()" classname="de.uka.ilkd.key.parser.TestTermParserHeap" time="0.003"/>
  <testcase name="testQueryBasic_1()" classname="de.uka.ilkd.key.parser.TestTermParserHeap" time="0.001"/>
  <testcase name="testQueryBasic_2()" classname="de.uka.ilkd.key.parser.TestTermParserHeap" time="0.001"/>
  <testcase name="testQueryBasic_3()" classname="de.uka.ilkd.key.parser.TestTermParserHeap" time="0.001"/>
  <testcase name="testQueryBasic_4()" classname="de.uka.ilkd.key.parser.TestTermParserHeap" time="0.002"/>
  <testcase name="testQueryBasic_5()" classname="de.uka.ilkd.key.parser.TestTermParserHeap" time="0.002"/>
  <testcase name="testQueryBasic_6()" classname="de.uka.ilkd.key.parser.TestTermParserHeap" time="0.004"/>
  <testcase name="testQueryBasic_7()" classname="de.uka.ilkd.key.parser.TestTermParserHeap" time="0.002"/>
  <testcase name="testQueryBasic_8()" classname="de.uka.ilkd.key.parser.TestTermParserHeap" time="0.003"/>
  <testcase name="testQueryBasic_9()" classname="de.uka.ilkd.key.parser.TestTermParserHeap" time="0.001"/>
  <system-out><![CDATA[318883     INFO  Test worker     d.u.i.k.n.KeyIO           Parsing took 0 ms 
318883     INFO  Test worker     d.u.i.k.n.KeyIO           MODE: declarations took 0 ms 
318883     INFO  Test worker     d.u.i.k.n.KeyIO           Parsing took 0 ms 
318884     INFO  Test worker     d.u.i.k.n.KeyIO           MODE: declarations took 0 ms 
318884     INFO  Test worker     d.u.i.k.n.KeyIO           Parsing took 0 ms 
318884     INFO  Test worker     d.u.i.k.n.KeyIO           MODE: declarations took 0 ms 
318884     INFO  Test worker     d.u.i.k.n.KeyIO           Parsing took 0 ms 
318885     INFO  Test worker     d.u.i.k.n.KeyIO           MODE: declarations took 0 ms 
318885     INFO  Test worker     d.u.i.k.n.KeyIO           Parsing took 0 ms 
318885     INFO  Test worker     d.u.i.k.n.KeyIO           MODE: declarations took 0 ms 
322014     INFO  Test worker     d.u.i.k.n.KeyIO           Parsing took 0 ms 
322014     INFO  Test worker     d.u.i.k.n.KeyIO           MODE: declarations took 0 ms 
322015     INFO  Test worker     d.u.i.k.n.KeyIO           Parsing took 0 ms 
322015     INFO  Test worker     d.u.i.k.n.KeyIO           MODE: declarations took 0 ms 
322015     INFO  Test worker     d.u.i.k.n.KeyIO           Parsing took 0 ms 
322015     INFO  Test worker     d.u.i.k.n.KeyIO           MODE: declarations took 0 ms 
322016     INFO  Test worker     d.u.i.k.n.KeyIO           Parsing took 0 ms 
322016     INFO  Test worker     d.u.i.k.n.KeyIO           MODE: declarations took 0 ms 
322016     INFO  Test worker     d.u.i.k.n.KeyIO           Parsing took 0 ms 
322017     INFO  Test worker     d.u.i.k.n.KeyIO           MODE: declarations took 0 ms 
325134     INFO  Test worker     d.u.i.k.n.KeyIO           Parsing took 0 ms 
325134     INFO  Test worker     d.u.i.k.n.KeyIO           MODE: declarations took 0 ms 
325134     INFO  Test worker     d.u.i.k.n.KeyIO           Parsing took 0 ms 
325134     INFO  Test worker     d.u.i.k.n.KeyIO           MODE: declarations took 0 ms 
325134     INFO  Test worker     d.u.i.k.n.KeyIO           Parsing took 0 ms 
325134     INFO  Test worker     d.u.i.k.n.KeyIO           MODE: declarations took 0 ms 
325134     INFO  Test worker     d.u.i.k.n.KeyIO           Parsing took 0 ms 
325134     INFO  Test worker     d.u.i.k.n.KeyIO           MODE: declarations took 0 ms 
325135     INFO  Test worker     d.u.i.k.n.KeyIO           Parsing took 1 ms 
325135     INFO  Test worker     d.u.i.k.n.KeyIO           MODE: declarations took 0 ms 
325135     INFO  Test worker     d.u.i.k.n.KeyIO           Parsing took 0 ms 
325135     INFO  Test worker     d.u.i.k.n.KeyIO           MODE: declarations took 0 ms 
328184     INFO  Test worker     d.u.i.k.n.KeyIO           Parsing took 0 ms 
328184     INFO  Test worker     d.u.i.k.n.KeyIO           MODE: declarations took 0 ms 
328184     INFO  Test worker     d.u.i.k.n.KeyIO           Parsing took 0 ms 
328184     INFO  Test worker     d.u.i.k.n.KeyIO           MODE: declarations took 0 ms 
328184     INFO  Test worker     d.u.i.k.n.KeyIO           Parsing took 0 ms 
328185     INFO  Test worker     d.u.i.k.n.KeyIO           MODE: declarations took 0 ms 
328185     INFO  Test worker     d.u.i.k.n.KeyIO           Parsing took 0 ms 
328185     INFO  Test worker     d.u.i.k.n.KeyIO           MODE: declarations took 0 ms 
328185     INFO  Test worker     d.u.i.k.n.KeyIO           Parsing took 0 ms 
328185     INFO  Test worker     d.u.i.k.n.KeyIO           MODE: declarations took 0 ms 
331210     INFO  Test worker     d.u.i.k.n.KeyIO           Parsing took 0 ms 
331210     INFO  Test worker     d.u.i.k.n.KeyIO           MODE: declarations took 0 ms 
331210     INFO  Test worker     d.u.i.k.n.KeyIO           Parsing took 0 ms 
331210     INFO  Test worker     d.u.i.k.n.KeyIO           MODE: declarations took 0 ms 
331210     INFO  Test worker     d.u.i.k.n.KeyIO           Parsing took 0 ms 
331210     INFO  Test worker     d.u.i.k.n.KeyIO           MODE: declarations took 0 ms 
331210     INFO  Test worker     d.u.i.k.n.KeyIO           Parsing took 0 ms 
331210     INFO  Test worker     d.u.i.k.n.KeyIO           MODE: declarations took 0 ms 
331210     INFO  Test worker     d.u.i.k.n.KeyIO           Parsing took 0 ms 
331210     INFO  Test worker     d.u.i.k.n.KeyIO           MODE: declarations took 0 ms 
334229     INFO  Test worker     d.u.i.k.n.KeyIO           Parsing took 0 ms 
334229     INFO  Test worker     d.u.i.k.n.KeyIO           MODE: declarations took 0 ms 
334229     INFO  Test worker     d.u.i.k.n.KeyIO           Parsing took 0 ms 
334229     INFO  Test worker     d.u.i.k.n.KeyIO           MODE: declarations took 0 ms 
334229     INFO  Test worker     d.u.i.k.n.KeyIO           Parsing took 0 ms 
334229     INFO  Test worker     d.u.i.k.n.KeyIO           MODE: declarations took 0 ms 
334229     INFO  Test worker     d.u.i.k.n.KeyIO           Parsing took 0 ms 
334230     INFO  Test worker     d.u.i.k.n.KeyIO           MODE: declarations took 1 ms 
334230     INFO  Test worker     d.u.i.k.n.KeyIO           Parsing took 0 ms 
334230     INFO  Test worker     d.u.i.k.n.KeyIO           MODE: declarations took 0 ms 
337282     INFO  Test worker     d.u.i.k.n.KeyIO           Parsing took 0 ms 
337282     INFO  Test worker     d.u.i.k.n.KeyIO           MODE: declarations took 0 ms 
337282     INFO  Test worker     d.u.i.k.n.KeyIO           Parsing took 0 ms 
337282     INFO  Test worker     d.u.i.k.n.KeyIO           MODE: declarations took 0 ms 
337282     INFO  Test worker     d.u.i.k.n.KeyIO           Parsing took 0 ms 
337282     INFO  Test worker     d.u.i.k.n.KeyIO           MODE: declarations took 0 ms 
337283     INFO  Test worker     d.u.i.k.n.KeyIO           Parsing took 0 ms 
337283     INFO  Test worker     d.u.i.k.n.KeyIO           MODE: declarations took 0 ms 
337283     INFO  Test worker     d.u.i.k.n.KeyIO           Parsing took 0 ms 
337283     INFO  Test worker     d.u.i.k.n.KeyIO           MODE: declarations took 0 ms 
340321     INFO  Test worker     d.u.i.k.n.KeyIO           Parsing took 0 ms 
340321     INFO  Test worker     d.u.i.k.n.KeyIO           MODE: declarations took 0 ms 
340321     INFO  Test worker     d.u.i.k.n.KeyIO           Parsing took 0 ms 
340321     INFO  Test worker     d.u.i.k.n.KeyIO           MODE: declarations took 0 ms 
340321     INFO  Test worker     d.u.i.k.n.KeyIO           Parsing took 0 ms 
340321     INFO  Test worker     d.u.i.k.n.KeyIO           MODE: declarations took 0 ms 
340321     INFO  Test worker     d.u.i.k.n.KeyIO           Parsing took 0 ms 
340321     INFO  Test worker     d.u.i.k.n.KeyIO           MODE: declarations took 0 ms 
340321     INFO  Test worker     d.u.i.k.n.KeyIO           Parsing took 0 ms 
340322     INFO  Test worker     d.u.i.k.n.KeyIO           MODE: declarations took 0 ms 
343380     INFO  Test worker     d.u.i.k.n.KeyIO           Parsing took 0 ms 
343380     INFO  Test worker     d.u.i.k.n.KeyIO           MODE: declarations took 0 ms 
343380     INFO  Test worker     d.u.i.k.n.KeyIO           Parsing took 0 ms 
343380     INFO  Test worker     d.u.i.k.n.KeyIO           MODE: declarations took 0 ms 
343380     INFO  Test worker     d.u.i.k.n.KeyIO           Parsing took 0 ms 
343380     INFO  Test worker     d.u.i.k.n.KeyIO           MODE: declarations took 0 ms 
343381     INFO  Test worker     d.u.i.k.n.KeyIO           Parsing took 0 ms 
343381     INFO  Test worker     d.u.i.k.n.KeyIO           MODE: declarations took 0 ms 
343381     INFO  Test worker     d.u.i.k.n.KeyIO           Parsing took 0 ms 
343381     INFO  Test worker     d.u.i.k.n.KeyIO           MODE: declarations took 0 ms 
346418     INFO  Test worker     d.u.i.k.n.KeyIO           Parsing took 0 ms 
346418     INFO  Test worker     d.u.i.k.n.KeyIO           MODE: declarations took 0 ms 
346418     INFO  Test worker     d.u.i.k.n.KeyIO           Parsing took 0 ms 
346419     INFO  Test worker     d.u.i.k.n.KeyIO           MODE: declarations took 0 ms 
346419     INFO  Test worker     d.u.i.k.n.KeyIO           Parsing took 0 ms 
346419     INFO  Test worker     d.u.i.k.n.KeyIO           MODE: declarations took 0 ms 
346419     INFO  Test worker     d.u.i.k.n.KeyIO           Parsing took 0 ms 
346420     INFO  Test worker     d.u.i.k.n.KeyIO           MODE: declarations took 0 ms 
346420     INFO  Test worker     d.u.i.k.n.KeyIO           Parsing took 0 ms 
346420     INFO  Test worker     d.u.i.k.n.KeyIO           MODE: declarations took 0 ms 
349480     INFO  Test worker     d.u.i.k.n.KeyIO           Parsing took 0 ms 
349480     INFO  Test worker     d.u.i.k.n.KeyIO           MODE: declarations took 0 ms 
349480     INFO  Test worker     d.u.i.k.n.KeyIO           Parsing took 0 ms 
349480     INFO  Test worker     d.u.i.k.n.KeyIO           MODE: declarations took 0 ms 
349480     INFO  Test worker     d.u.i.k.n.KeyIO           Parsing took 0 ms 
349480     INFO  Test worker     d.u.i.k.n.KeyIO           MODE: declarations took 0 ms 
349480     INFO  Test worker     d.u.i.k.n.KeyIO           Parsing took 0 ms 
349480     INFO  Test worker     d.u.i.k.n.KeyIO           MODE: declarations took 0 ms 
349480     INFO  Test worker     d.u.i.k.n.KeyIO           Parsing took 0 ms 
349480     INFO  Test worker     d.u.i.k.n.KeyIO           MODE: declarations took 0 ms 
352504     INFO  Test worker     d.u.i.k.n.KeyIO           Parsing took 0 ms 
352504     INFO  Test worker     d.u.i.k.n.KeyIO           MODE: declarations took 0 ms 
352504     INFO  Test worker     d.u.i.k.n.KeyIO           Parsing took 0 ms 
352504     INFO  Test worker     d.u.i.k.n.KeyIO           MODE: declarations took 0 ms 
352504     INFO  Test worker     d.u.i.k.n.KeyIO           Parsing took 0 ms 
352504     INFO  Test worker     d.u.i.k.n.KeyIO           MODE: declarations took 0 ms 
352504     INFO  Test worker     d.u.i.k.n.KeyIO           Parsing took 0 ms 
352504     INFO  Test worker     d.u.i.k.n.KeyIO           MODE: declarations took 0 ms 
352504     INFO  Test worker     d.u.i.k.n.KeyIO           Parsing took 0 ms 
352504     INFO  Test worker     d.u.i.k.n.KeyIO           MODE: declarations took 0 ms 
355597     INFO  Test worker     d.u.i.k.n.KeyIO           Parsing took 0 ms 
355597     INFO  Test worker     d.u.i.k.n.KeyIO           MODE: declarations took 0 ms 
355597     INFO  Test worker     d.u.i.k.n.KeyIO           Parsing took 0 ms 
355597     INFO  Test worker     d.u.i.k.n.KeyIO           MODE: declarations took 0 ms 
355598     INFO  Test worker     d.u.i.k.n.KeyIO           Parsing took 1 ms 
355598     INFO  Test worker     d.u.i.k.n.KeyIO           MODE: declarations took 0 ms 
355598     INFO  Test worker     d.u.i.k.n.KeyIO           Parsing took 0 ms 
355598     INFO  Test worker     d.u.i.k.n.KeyIO           MODE: declarations took 0 ms 
355598     INFO  Test worker     d.u.i.k.n.KeyIO           Parsing took 0 ms 
355598     INFO  Test worker     d.u.i.k.n.KeyIO           MODE: declarations took 0 ms 
358579     INFO  Test worker     d.u.i.k.n.KeyIO           Parsing took 0 ms 
358580     INFO  Test worker     d.u.i.k.n.KeyIO           MODE: declarations took 0 ms 
358580     INFO  Test worker     d.u.i.k.n.KeyIO           Parsing took 0 ms 
358580     INFO  Test worker     d.u.i.k.n.KeyIO           MODE: declarations took 0 ms 
358580     INFO  Test worker     d.u.i.k.n.KeyIO           Parsing took 0 ms 
358580     INFO  Test worker     d.u.i.k.n.KeyIO           MODE: declarations took 0 ms 
358580     INFO  Test worker     d.u.i.k.n.KeyIO           Parsing took 0 ms 
358580     INFO  Test worker     d.u.i.k.n.KeyIO           MODE: declarations took 0 ms 
358580     INFO  Test worker     d.u.i.k.n.KeyIO           Parsing took 0 ms 
358580     INFO  Test worker     d.u.i.k.n.KeyIO           MODE: declarations took 0 ms 
361614     INFO  Test worker     d.u.i.k.n.KeyIO           Parsing took 0 ms 
361614     INFO  Test worker     d.u.i.k.n.KeyIO           MODE: declarations took 0 ms 
361614     INFO  Test worker     d.u.i.k.n.KeyIO           Parsing took 0 ms 
361614     INFO  Test worker     d.u.i.k.n.KeyIO           MODE: declarations took 0 ms 
361614     INFO  Test worker     d.u.i.k.n.KeyIO           Parsing took 0 ms 
361614     INFO  Test worker     d.u.i.k.n.KeyIO           MODE: declarations took 0 ms 
361614     INFO  Test worker     d.u.i.k.n.KeyIO           Parsing took 0 ms 
361614     INFO  Test worker     d.u.i.k.n.KeyIO           MODE: declarations took 0 ms 
361614     INFO  Test worker     d.u.i.k.n.KeyIO           Parsing took 0 ms 
361614     INFO  Test worker     d.u.i.k.n.KeyIO           MODE: declarations took 0 ms 
361616     WARN  Test worker     d.u.i.k.n.KeYParser       [syntax-error] <unknown>:1:11: mismatched input '@' expecting {'/', ':=', '.', '(', ')', '{', '[', '@', PARALLEL, OR, AND, IMP, '=', NOT_EQUALS, '%', '*', '-', '+', '>', GREATEREQUAL, '<', LESSEQUAL, LGUILLEMETS, EQV} [@11,11:11='@',<153>,1:11] (termEOF) 
364583     INFO  Test worker     d.u.i.k.n.KeyIO           Parsing took 0 ms 
364583     INFO  Test worker     d.u.i.k.n.KeyIO           MODE: declarations took 0 ms 
364583     INFO  Test worker     d.u.i.k.n.KeyIO           Parsing took 0 ms 
364583     INFO  Test worker     d.u.i.k.n.KeyIO           MODE: declarations took 0 ms 
364583     INFO  Test worker     d.u.i.k.n.KeyIO           Parsing took 0 ms 
364583     INFO  Test worker     d.u.i.k.n.KeyIO           MODE: declarations took 0 ms 
364583     INFO  Test worker     d.u.i.k.n.KeyIO           Parsing took 0 ms 
364583     INFO  Test worker     d.u.i.k.n.KeyIO           MODE: declarations took 0 ms 
364583     INFO  Test worker     d.u.i.k.n.KeyIO           Parsing took 0 ms 
364583     INFO  Test worker     d.u.i.k.n.KeyIO           MODE: declarations took 0 ms 
367616     INFO  Test worker     d.u.i.k.n.KeyIO           Parsing took 0 ms 
367616     INFO  Test worker     d.u.i.k.n.KeyIO           MODE: declarations took 0 ms 
367617     INFO  Test worker     d.u.i.k.n.KeyIO           Parsing took 0 ms 
367617     INFO  Test worker     d.u.i.k.n.KeyIO           MODE: declarations took 0 ms 
367617     INFO  Test worker     d.u.i.k.n.KeyIO           Parsing took 0 ms 
367617     INFO  Test worker     d.u.i.k.n.KeyIO           MODE: declarations took 0 ms 
367617     INFO  Test worker     d.u.i.k.n.KeyIO           Parsing took 0 ms 
367617     INFO  Test worker     d.u.i.k.n.KeyIO           MODE: declarations took 0 ms 
367617     INFO  Test worker     d.u.i.k.n.KeyIO           Parsing took 0 ms 
367617     INFO  Test worker     d.u.i.k.n.KeyIO           MODE: declarations took 0 ms 
370574     INFO  Test worker     d.u.i.k.n.KeyIO           Parsing took 0 ms 
370574     INFO  Test worker     d.u.i.k.n.KeyIO           MODE: declarations took 0 ms 
370575     INFO  Test worker     d.u.i.k.n.KeyIO           Parsing took 0 ms 
370575     INFO  Test worker     d.u.i.k.n.KeyIO           MODE: declarations took 0 ms 
370575     INFO  Test worker     d.u.i.k.n.KeyIO           Parsing took 0 ms 
370575     INFO  Test worker     d.u.i.k.n.KeyIO           MODE: declarations took 0 ms 
370575     INFO  Test worker     d.u.i.k.n.KeyIO           Parsing took 0 ms 
370575     INFO  Test worker     d.u.i.k.n.KeyIO           MODE: declarations took 0 ms 
370575     INFO  Test worker     d.u.i.k.n.KeyIO           Parsing took 0 ms 
370575     INFO  Test worker     d.u.i.k.n.KeyIO           MODE: declarations took 0 ms 
373589     INFO  Test worker     d.u.i.k.n.KeyIO           Parsing took 0 ms 
373589     INFO  Test worker     d.u.i.k.n.KeyIO           MODE: declarations took 0 ms 
373589     INFO  Test worker     d.u.i.k.n.KeyIO           Parsing took 0 ms 
373589     INFO  Test worker     d.u.i.k.n.KeyIO           MODE: declarations took 0 ms 
373589     INFO  Test worker     d.u.i.k.n.KeyIO           Parsing took 0 ms 
373589     INFO  Test worker     d.u.i.k.n.KeyIO           MODE: declarations took 0 ms 
373589     INFO  Test worker     d.u.i.k.n.KeyIO           Parsing took 0 ms 
373589     INFO  Test worker     d.u.i.k.n.KeyIO           MODE: declarations took 0 ms 
373589     INFO  Test worker     d.u.i.k.n.KeyIO           Parsing took 0 ms 
373589     INFO  Test worker     d.u.i.k.n.KeyIO           MODE: declarations took 0 ms 
376673     INFO  Test worker     d.u.i.k.n.KeyIO           Parsing took 0 ms 
376673     INFO  Test worker     d.u.i.k.n.KeyIO           MODE: declarations took 0 ms 
376673     INFO  Test worker     d.u.i.k.n.KeyIO           Parsing took 0 ms 
376673     INFO  Test worker     d.u.i.k.n.KeyIO           MODE: declarations took 0 ms 
376673     INFO  Test worker     d.u.i.k.n.KeyIO           Parsing took 0 ms 
376674     INFO  Test worker     d.u.i.k.n.KeyIO           MODE: declarations took 1 ms 
376674     INFO  Test worker     d.u.i.k.n.KeyIO           Parsing took 0 ms 
376674     INFO  Test worker     d.u.i.k.n.KeyIO           MODE: declarations took 0 ms 
376674     INFO  Test worker     d.u.i.k.n.KeyIO           Parsing took 0 ms 
376674     INFO  Test worker     d.u.i.k.n.KeyIO           MODE: declarations took 0 ms 
379758     INFO  Test worker     d.u.i.k.n.KeyIO           Parsing took 0 ms 
379758     INFO  Test worker     d.u.i.k.n.KeyIO           MODE: declarations took 0 ms 
379758     INFO  Test worker     d.u.i.k.n.KeyIO           Parsing took 0 ms 
379758     INFO  Test worker     d.u.i.k.n.KeyIO           MODE: declarations took 0 ms 
379758     INFO  Test worker     d.u.i.k.n.KeyIO           Parsing took 0 ms 
379758     INFO  Test worker     d.u.i.k.n.KeyIO           MODE: declarations took 0 ms 
379758     INFO  Test worker     d.u.i.k.n.KeyIO           Parsing took 0 ms 
379758     INFO  Test worker     d.u.i.k.n.KeyIO           MODE: declarations took 0 ms 
379758     INFO  Test worker     d.u.i.k.n.KeyIO           Parsing took 0 ms 
379759     INFO  Test worker     d.u.i.k.n.KeyIO           MODE: declarations took 1 ms 
382752     INFO  Test worker     d.u.i.k.n.KeyIO           Parsing took 0 ms 
382752     INFO  Test worker     d.u.i.k.n.KeyIO           MODE: declarations took 0 ms 
382752     INFO  Test worker     d.u.i.k.n.KeyIO           Parsing took 0 ms 
382752     INFO  Test worker     d.u.i.k.n.KeyIO           MODE: declarations took 0 ms 
382752     INFO  Test worker     d.u.i.k.n.KeyIO           Parsing took 0 ms 
382752     INFO  Test worker     d.u.i.k.n.KeyIO           MODE: declarations took 0 ms 
382752     INFO  Test worker     d.u.i.k.n.KeyIO           Parsing took 0 ms 
382752     INFO  Test worker     d.u.i.k.n.KeyIO           MODE: declarations took 0 ms 
382752     INFO  Test worker     d.u.i.k.n.KeyIO           Parsing took 0 ms 
382752     INFO  Test worker     d.u.i.k.n.KeyIO           MODE: declarations took 0 ms 
385783     INFO  Test worker     d.u.i.k.n.KeyIO           Parsing took 0 ms 
385783     INFO  Test worker     d.u.i.k.n.KeyIO           MODE: declarations took 0 ms 
385783     INFO  Test worker     d.u.i.k.n.KeyIO           Parsing took 0 ms 
385783     INFO  Test worker     d.u.i.k.n.KeyIO           MODE: declarations took 0 ms 
385783     INFO  Test worker     d.u.i.k.n.KeyIO           Parsing took 0 ms 
385783     INFO  Test worker     d.u.i.k.n.KeyIO           MODE: declarations took 0 ms 
385783     INFO  Test worker     d.u.i.k.n.KeyIO           Parsing took 0 ms 
385783     INFO  Test worker     d.u.i.k.n.KeyIO           MODE: declarations took 0 ms 
385783     INFO  Test worker     d.u.i.k.n.KeyIO           Parsing took 0 ms 
385783     INFO  Test worker     d.u.i.k.n.KeyIO           MODE: declarations took 0 ms 
388831     INFO  Test worker     d.u.i.k.n.KeyIO           Parsing took 0 ms 
388831     INFO  Test worker     d.u.i.k.n.KeyIO           MODE: declarations took 0 ms 
388832     INFO  Test worker     d.u.i.k.n.KeyIO           Parsing took 0 ms 
388832     INFO  Test worker     d.u.i.k.n.KeyIO           MODE: declarations took 0 ms 
388832     INFO  Test worker     d.u.i.k.n.KeyIO           Parsing took 0 ms 
388832     INFO  Test worker     d.u.i.k.n.KeyIO           MODE: declarations took 0 ms 
388832     INFO  Test worker     d.u.i.k.n.KeyIO           Parsing took 0 ms 
388832     INFO  Test worker     d.u.i.k.n.KeyIO           MODE: declarations took 0 ms 
388832     INFO  Test worker     d.u.i.k.n.KeyIO           Parsing took 0 ms 
388832     INFO  Test worker     d.u.i.k.n.KeyIO           MODE: declarations took 0 ms 
391819     INFO  Test worker     d.u.i.k.n.KeyIO           Parsing took 0 ms 
391819     INFO  Test worker     d.u.i.k.n.KeyIO           MODE: declarations took 0 ms 
391819     INFO  Test worker     d.u.i.k.n.KeyIO           Parsing took 0 ms 
391819     INFO  Test worker     d.u.i.k.n.KeyIO           MODE: declarations took 0 ms 
391819     INFO  Test worker     d.u.i.k.n.KeyIO           Parsing took 0 ms 
391819     INFO  Test worker     d.u.i.k.n.KeyIO           MODE: declarations took 0 ms 
391819     INFO  Test worker     d.u.i.k.n.KeyIO           Parsing took 0 ms 
391819     INFO  Test worker     d.u.i.k.n.KeyIO           MODE: declarations took 0 ms 
391819     INFO  Test worker     d.u.i.k.n.KeyIO           Parsing took 0 ms 
391819     INFO  Test worker     d.u.i.k.n.KeyIO           MODE: declarations took 0 ms 
394849     INFO  Test worker     d.u.i.k.n.KeyIO           Parsing took 0 ms 
394849     INFO  Test worker     d.u.i.k.n.KeyIO           MODE: declarations took 0 ms 
394849     INFO  Test worker     d.u.i.k.n.KeyIO           Parsing took 0 ms 
394849     INFO  Test worker     d.u.i.k.n.KeyIO           MODE: declarations took 0 ms 
394849     INFO  Test worker     d.u.i.k.n.KeyIO           Parsing took 0 ms 
394849     INFO  Test worker     d.u.i.k.n.KeyIO           MODE: declarations took 0 ms 
394849     INFO  Test worker     d.u.i.k.n.KeyIO           Parsing took 0 ms 
394849     INFO  Test worker     d.u.i.k.n.KeyIO           MODE: declarations took 0 ms 
394849     INFO  Test worker     d.u.i.k.n.KeyIO           Parsing took 0 ms 
394849     INFO  Test worker     d.u.i.k.n.KeyIO           MODE: declarations took 0 ms 
397832     INFO  Test worker     d.u.i.k.n.KeyIO           Parsing took 0 ms 
397832     INFO  Test worker     d.u.i.k.n.KeyIO           MODE: declarations took 0 ms 
397832     INFO  Test worker     d.u.i.k.n.KeyIO           Parsing took 0 ms 
397832     INFO  Test worker     d.u.i.k.n.KeyIO           MODE: declarations took 0 ms 
397832     INFO  Test worker     d.u.i.k.n.KeyIO           Parsing took 0 ms 
397832     INFO  Test worker     d.u.i.k.n.KeyIO           MODE: declarations took 0 ms 
397833     INFO  Test worker     d.u.i.k.n.KeyIO           Parsing took 0 ms 
397833     INFO  Test worker     d.u.i.k.n.KeyIO           MODE: declarations took 0 ms 
397833     INFO  Test worker     d.u.i.k.n.KeyIO           Parsing took 0 ms 
397833     INFO  Test worker     d.u.i.k.n.KeyIO           MODE: declarations took 0 ms 
400878     INFO  Test worker     d.u.i.k.n.KeyIO           Parsing took 0 ms 
400878     INFO  Test worker     d.u.i.k.n.KeyIO           MODE: declarations took 0 ms 
400878     INFO  Test worker     d.u.i.k.n.KeyIO           Parsing took 0 ms 
400878     INFO  Test worker     d.u.i.k.n.KeyIO           MODE: declarations took 0 ms 
400878     INFO  Test worker     d.u.i.k.n.KeyIO           Parsing took 0 ms 
400878     INFO  Test worker     d.u.i.k.n.KeyIO           MODE: declarations took 0 ms 
400878     INFO  Test worker     d.u.i.k.n.KeyIO           Parsing took 0 ms 
400878     INFO  Test worker     d.u.i.k.n.KeyIO           MODE: declarations took 0 ms 
400878     INFO  Test worker     d.u.i.k.n.KeyIO           Parsing took 0 ms 
400878     INFO  Test worker     d.u.i.k.n.KeyIO           MODE: declarations took 0 ms 
403941     INFO  Test worker     d.u.i.k.n.KeyIO           Parsing took 0 ms 
403941     INFO  Test worker     d.u.i.k.n.KeyIO           MODE: declarations took 0 ms 
403941     INFO  Test worker     d.u.i.k.n.KeyIO           Parsing took 0 ms 
403941     INFO  Test worker     d.u.i.k.n.KeyIO           MODE: declarations took 0 ms 
403941     INFO  Test worker     d.u.i.k.n.KeyIO           Parsing took 0 ms 
403941     INFO  Test worker     d.u.i.k.n.KeyIO           MODE: declarations took 0 ms 
403941     INFO  Test worker     d.u.i.k.n.KeyIO           Parsing took 0 ms 
403941     INFO  Test worker     d.u.i.k.n.KeyIO           MODE: declarations took 0 ms 
403941     INFO  Test worker     d.u.i.k.n.KeyIO           Parsing took 0 ms 
403941     INFO  Test worker     d.u.i.k.n.KeyIO           MODE: declarations took 0 ms 
406964     INFO  Test worker     d.u.i.k.n.KeyIO           Parsing took 0 ms 
406964     INFO  Test worker     d.u.i.k.n.KeyIO           MODE: declarations took 0 ms 
406964     INFO  Test worker     d.u.i.k.n.KeyIO           Parsing took 0 ms 
406965     INFO  Test worker     d.u.i.k.n.KeyIO           MODE: declarations took 1 ms 
406966     INFO  Test worker     d.u.i.k.n.KeyIO           Parsing took 0 ms 
406966     INFO  Test worker     d.u.i.k.n.KeyIO           MODE: declarations took 0 ms 
406966     INFO  Test worker     d.u.i.k.n.KeyIO           Parsing took 0 ms 
406966     INFO  Test worker     d.u.i.k.n.KeyIO           MODE: declarations took 0 ms 
406966     INFO  Test worker     d.u.i.k.n.KeyIO           Parsing took 0 ms 
406966     INFO  Test worker     d.u.i.k.n.KeyIO           MODE: declarations took 0 ms 
410002     INFO  Test worker     d.u.i.k.n.KeyIO           Parsing took 0 ms 
410002     INFO  Test worker     d.u.i.k.n.KeyIO           MODE: declarations took 0 ms 
410002     INFO  Test worker     d.u.i.k.n.KeyIO           Parsing took 0 ms 
410002     INFO  Test worker     d.u.i.k.n.KeyIO           MODE: declarations took 0 ms 
410002     INFO  Test worker     d.u.i.k.n.KeyIO           Parsing took 0 ms 
410002     INFO  Test worker     d.u.i.k.n.KeyIO           MODE: declarations took 0 ms 
410002     INFO  Test worker     d.u.i.k.n.KeyIO           Parsing took 0 ms 
410002     INFO  Test worker     d.u.i.k.n.KeyIO           MODE: declarations took 0 ms 
410002     INFO  Test worker     d.u.i.k.n.KeyIO           Parsing took 0 ms 
410003     INFO  Test worker     d.u.i.k.n.KeyIO           MODE: declarations took 1 ms 
413064     INFO  Test worker     d.u.i.k.n.KeyIO           Parsing took 0 ms 
413064     INFO  Test worker     d.u.i.k.n.KeyIO           MODE: declarations took 0 ms 
413064     INFO  Test worker     d.u.i.k.n.KeyIO           Parsing took 0 ms 
413064     INFO  Test worker     d.u.i.k.n.KeyIO           MODE: declarations took 0 ms 
413064     INFO  Test worker     d.u.i.k.n.KeyIO           Parsing took 0 ms 
413064     INFO  Test worker     d.u.i.k.n.KeyIO           MODE: declarations took 0 ms 
413064     INFO  Test worker     d.u.i.k.n.KeyIO           Parsing took 0 ms 
413064     INFO  Test worker     d.u.i.k.n.KeyIO           MODE: declarations took 0 ms 
413064     INFO  Test worker     d.u.i.k.n.KeyIO           Parsing took 0 ms 
413064     INFO  Test worker     d.u.i.k.n.KeyIO           MODE: declarations took 0 ms 
416074     INFO  Test worker     d.u.i.k.n.KeyIO           Parsing took 0 ms 
416074     INFO  Test worker     d.u.i.k.n.KeyIO           MODE: declarations took 0 ms 
416074     INFO  Test worker     d.u.i.k.n.KeyIO           Parsing took 0 ms 
416074     INFO  Test worker     d.u.i.k.n.KeyIO           MODE: declarations took 0 ms 
416074     INFO  Test worker     d.u.i.k.n.KeyIO           Parsing took 0 ms 
416074     INFO  Test worker     d.u.i.k.n.KeyIO           MODE: declarations took 0 ms 
416074     INFO  Test worker     d.u.i.k.n.KeyIO           Parsing took 0 ms 
416074     INFO  Test worker     d.u.i.k.n.KeyIO           MODE: declarations took 0 ms 
416074     INFO  Test worker     d.u.i.k.n.KeyIO           Parsing took 0 ms 
416074     INFO  Test worker     d.u.i.k.n.KeyIO           MODE: declarations took 0 ms 
419076     INFO  Test worker     d.u.i.k.n.KeyIO           Parsing took 0 ms 
419076     INFO  Test worker     d.u.i.k.n.KeyIO           MODE: declarations took 0 ms 
419076     INFO  Test worker     d.u.i.k.n.KeyIO           Parsing took 0 ms 
419076     INFO  Test worker     d.u.i.k.n.KeyIO           MODE: declarations took 0 ms 
419077     INFO  Test worker     d.u.i.k.n.KeyIO           Parsing took 0 ms 
419077     INFO  Test worker     d.u.i.k.n.KeyIO           MODE: declarations took 0 ms 
419077     INFO  Test worker     d.u.i.k.n.KeyIO           Parsing took 0 ms 
419077     INFO  Test worker     d.u.i.k.n.KeyIO           MODE: declarations took 0 ms 
419077     INFO  Test worker     d.u.i.k.n.KeyIO           Parsing took 0 ms 
419077     INFO  Test worker     d.u.i.k.n.KeyIO           MODE: declarations took 0 ms 
422005     INFO  Test worker     d.u.i.k.n.KeyIO           Parsing took 0 ms 
422005     INFO  Test worker     d.u.i.k.n.KeyIO           MODE: declarations took 0 ms 
422005     INFO  Test worker     d.u.i.k.n.KeyIO           Parsing took 0 ms 
422005     INFO  Test worker     d.u.i.k.n.KeyIO           MODE: declarations took 0 ms 
422005     INFO  Test worker     d.u.i.k.n.KeyIO           Parsing took 0 ms 
422005     INFO  Test worker     d.u.i.k.n.KeyIO           MODE: declarations took 0 ms 
422005     INFO  Test worker     d.u.i.k.n.KeyIO           Parsing took 0 ms 
422005     INFO  Test worker     d.u.i.k.n.KeyIO           MODE: declarations took 0 ms 
422005     INFO  Test worker     d.u.i.k.n.KeyIO           Parsing took 0 ms 
422005     INFO  Test worker     d.u.i.k.n.KeyIO           MODE: declarations took 0 ms 
424973     INFO  Test worker     d.u.i.k.n.KeyIO           Parsing took 0 ms 
424973     INFO  Test worker     d.u.i.k.n.KeyIO           MODE: declarations took 0 ms 
424974     INFO  Test worker     d.u.i.k.n.KeyIO           Parsing took 1 ms 
424974     INFO  Test worker     d.u.i.k.n.KeyIO           MODE: declarations took 0 ms 
424975     INFO  Test worker     d.u.i.k.n.KeyIO           Parsing took 0 ms 
424975     INFO  Test worker     d.u.i.k.n.KeyIO           MODE: declarations took 0 ms 
424975     INFO  Test worker     d.u.i.k.n.KeyIO           Parsing took 0 ms 
424975     INFO  Test worker     d.u.i.k.n.KeyIO           MODE: declarations took 0 ms 
424976     INFO  Test worker     d.u.i.k.n.KeyIO           Parsing took 0 ms 
424976     INFO  Test worker     d.u.i.k.n.KeyIO           MODE: declarations took 0 ms 
428000     INFO  Test worker     d.u.i.k.n.KeyIO           Parsing took 0 ms 
428000     INFO  Test worker     d.u.i.k.n.KeyIO           MODE: declarations took 0 ms 
428000     INFO  Test worker     d.u.i.k.n.KeyIO           Parsing took 0 ms 
428000     INFO  Test worker     d.u.i.k.n.KeyIO           MODE: declarations took 0 ms 
428000     INFO  Test worker     d.u.i.k.n.KeyIO           Parsing took 0 ms 
428000     INFO  Test worker     d.u.i.k.n.KeyIO           MODE: declarations took 0 ms 
428000     INFO  Test worker     d.u.i.k.n.KeyIO           Parsing took 0 ms 
428000     INFO  Test worker     d.u.i.k.n.KeyIO           MODE: declarations took 0 ms 
428000     INFO  Test worker     d.u.i.k.n.KeyIO           Parsing took 0 ms 
428000     INFO  Test worker     d.u.i.k.n.KeyIO           MODE: declarations took 0 ms 
430999     INFO  Test worker     d.u.i.k.n.KeyIO           Parsing took 0 ms 
430999     INFO  Test worker     d.u.i.k.n.KeyIO           MODE: declarations took 0 ms 
430999     INFO  Test worker     d.u.i.k.n.KeyIO           Parsing took 0 ms 
430999     INFO  Test worker     d.u.i.k.n.KeyIO           MODE: declarations took 0 ms 
430999     INFO  Test worker     d.u.i.k.n.KeyIO           Parsing took 0 ms 
430999     INFO  Test worker     d.u.i.k.n.KeyIO           MODE: declarations took 0 ms 
430999     INFO  Test worker     d.u.i.k.n.KeyIO           Parsing took 0 ms 
430999     INFO  Test worker     d.u.i.k.n.KeyIO           MODE: declarations took 0 ms 
430999     INFO  Test worker     d.u.i.k.n.KeyIO           Parsing took 0 ms 
430999     INFO  Test worker     d.u.i.k.n.KeyIO           MODE: declarations took 0 ms 
434045     INFO  Test worker     d.u.i.k.n.KeyIO           Parsing took 0 ms 
434046     INFO  Test worker     d.u.i.k.n.KeyIO           MODE: declarations took 0 ms 
434046     INFO  Test worker     d.u.i.k.n.KeyIO           Parsing took 0 ms 
434046     INFO  Test worker     d.u.i.k.n.KeyIO           MODE: declarations took 0 ms 
434046     INFO  Test worker     d.u.i.k.n.KeyIO           Parsing took 0 ms 
434046     INFO  Test worker     d.u.i.k.n.KeyIO           MODE: declarations took 0 ms 
434046     INFO  Test worker     d.u.i.k.n.KeyIO           Parsing took 0 ms 
434046     INFO  Test worker     d.u.i.k.n.KeyIO           MODE: declarations took 0 ms 
434046     INFO  Test worker     d.u.i.k.n.KeyIO           Parsing took 0 ms 
434046     INFO  Test worker     d.u.i.k.n.KeyIO           MODE: declarations took 0 ms 
]]></system-out>
  <system-err><![CDATA[]]></system-err>
</testsuite>
