<?xml version="1.0" encoding="UTF-8"?>
<testsuite name="de.uka.ilkd.key.parser.TestTermParserSorts" tests="2" skipped="0" failures="0" errors="0" timestamp="2023-03-21T15:39:05" hostname="fv-az402-223" time="3.005">
  <properties/>
  <testcase name="testParseIntegerArgs()" classname="de.uka.ilkd.key.parser.TestTermParserSorts" time="0.018"/>
  <testcase name="testParseSequencePrettySyntax()" classname="de.uka.ilkd.key.parser.TestTermParserSorts" time="0.002"/>
  <system-out><![CDATA[437092     INFO  Test worker     d.u.i.k.n.KeyIO           Parsing took 0 ms 
437092     INFO  Test worker     d.u.i.k.n.KeyIO           MODE: declarations took 0 ms 
437092     INFO  Test worker     d.u.i.k.n.KeyIO           Parsing took 0 ms 
437092     INFO  Test worker     d.u.i.k.n.KeyIO           MODE: declarations took 0 ms 
437092     INFO  Test worker     d.u.i.k.n.KeyIO           Parsing took 0 ms 
437092     INFO  Test worker     d.u.i.k.n.KeyIO           MODE: declarations took 0 ms 
440095     INFO  Test worker     d.u.i.k.n.KeyIO           Parsing took 0 ms 
440095     INFO  Test worker     d.u.i.k.n.KeyIO           MODE: declarations took 0 ms 
440096     INFO  Test worker     d.u.i.k.n.KeyIO           Parsing took 0 ms 
440096     INFO  Test worker     d.u.i.k.n.KeyIO           MODE: declarations took 0 ms 
440096     INFO  Test worker     d.u.i.k.n.KeyIO           Parsing took 0 ms 
440096     INFO  Test worker     d.u.i.k.n.KeyIO           MODE: declarations took 0 ms 
]]></system-out>
  <system-err><![CDATA[]]></system-err>
</testsuite>
