<?xml version="1.0" encoding="UTF-8"?>
<testsuite name="de.uka.ilkd.key.nparser.ExprTest" tests="23" skipped="0" failures="0" errors="0" timestamp="2023-03-21T15:35:12" hostname="fv-az402-223" time="2.383">
  <properties/>
  <testcase name="[1] (bprod{int y;}(1, 2, y) = 0)" classname="de.uka.ilkd.key.nparser.ExprTest" time="0.022"/>
  <testcase name="[2] 1 = 1 -&gt; 2 = 2" classname="de.uka.ilkd.key.nparser.ExprTest" time="0.016"/>
  <testcase name="[3] \&lt; { int x = 1; } \&gt; x=1" classname="de.uka.ilkd.key.nparser.ExprTest" time="0.987"/>
  <testcase name="[4] \&lt;{ int x = 1; {int s = 2;} }\&gt; x=x" classname="de.uka.ilkd.key.nparser.ExprTest" time="0.957"/>
  <testcase name="[5] true" classname="de.uka.ilkd.key.nparser.ExprTest" time="0.012"/>
  <testcase name="[6] true &amp; false" classname="de.uka.ilkd.key.nparser.ExprTest" time="0.019"/>
  <testcase name="[7] 0" classname="de.uka.ilkd.key.nparser.ExprTest" time="0.019"/>
  <testcase name="[8] 1" classname="de.uka.ilkd.key.nparser.ExprTest" time="0.014"/>
  <testcase name="[9] 42" classname="de.uka.ilkd.key.nparser.ExprTest" time="0.014"/>
  <testcase name="[10] -5" classname="de.uka.ilkd.key.nparser.ExprTest" time="0.017"/>
  <testcase name="[11] 1 + 1 = 2" classname="de.uka.ilkd.key.nparser.ExprTest" time="0.02"/>
  <testcase name="[12] \if (3=4) \then (1) \else (2)" classname="de.uka.ilkd.key.nparser.ExprTest" time="0.033"/>
  <testcase name="[13] \if (3=4 &amp; 1=1) \then (\if (3=4) \then (1) \else (2)) \else (2)" classname="de.uka.ilkd.key.nparser.ExprTest" time="0.027"/>
  <testcase name="[14] aa + bb*cc" classname="de.uka.ilkd.key.nparser.ExprTest" time="0.027"/>
  <testcase name="[15] aa%bb*cc &lt; -123" classname="de.uka.ilkd.key.nparser.ExprTest" time="0.015"/>
  <testcase name="[16] \forall int x; true" classname="de.uka.ilkd.key.nparser.ExprTest" time="0.015"/>
  <testcase name="[17] \forall numbers x; x = x" classname="de.uka.ilkd.key.nparser.ExprTest" time="0.017"/>
  <testcase name="[18] (int)3+2" classname="de.uka.ilkd.key.nparser.ExprTest" time="0.014"/>
  <testcase name="[19] 1.f + 1f = 20e-1f * (2f-1f)" classname="de.uka.ilkd.key.nparser.ExprTest" time="0.022"/>
  <testcase name="[20] 1.d + 1d &lt;= 20e+1d * .01d" classname="de.uka.ilkd.key.nparser.ExprTest" time="0.02"/>
  <testcase name="[21] 1f &lt;= 2f" classname="de.uka.ilkd.key.nparser.ExprTest" time="0.013"/>
  <testcase name="[22] 2d &gt; 1d" classname="de.uka.ilkd.key.nparser.ExprTest" time="0.028"/>
  <testcase name="[23] seqEmpty + seqEmpty" classname="de.uka.ilkd.key.nparser.ExprTest" time="0.017"/>
  <system-out><![CDATA[204456     INFO  Test worker     d.u.i.k.n.KeyIO           Parsing took 9 ms 
204457     INFO  Test worker     d.u.i.k.n.KeyIO           MODE: declarations took 1 ms 
204465     INFO  Test worker     d.u.i.k.n.ExprTest        Term: equals(bprod{y:int}(Z(1(#)),Z(2(#)),y),Z(0(#))) 
204478     INFO  Test worker     d.u.i.k.n.KeyIO           Parsing took 9 ms 
204480     INFO  Test worker     d.u.i.k.n.KeyIO           MODE: declarations took 1 ms 
204483     INFO  Test worker     d.u.i.k.n.ExprTest        Term: imp(equals(Z(1(#)),Z(1(#))),equals(Z(2(#)),Z(2(#)))) 
204496     INFO  Test worker     d.u.i.k.n.KeyIO           Parsing took 10 ms 
204498     INFO  Test worker     d.u.i.k.n.KeyIO           MODE: declarations took 1 ms 
205470     INFO  Test worker     d.u.i.k.n.ExprTest        Term: \<{
  int x = 1;
}\> (equals(x,Z(1(#)))) 
205482     INFO  Test worker     d.u.i.k.n.KeyIO           Parsing took 8 ms 
205490     INFO  Test worker     d.u.i.k.n.KeyIO           MODE: declarations took 7 ms 
206430     INFO  Test worker     d.u.i.k.n.ExprTest        Term: \<{
  int x = 1;
  {
    int s = 2;
  }
}\> (equals(x,x)) 
206440     INFO  Test worker     d.u.i.k.n.KeyIO           Parsing took 8 ms 
206441     INFO  Test worker     d.u.i.k.n.KeyIO           MODE: declarations took 1 ms 
206443     INFO  Test worker     d.u.i.k.n.ExprTest        Term: true 
206459     INFO  Test worker     d.u.i.k.n.KeyIO           Parsing took 14 ms 
206460     INFO  Test worker     d.u.i.k.n.KeyIO           MODE: declarations took 0 ms 
206462     INFO  Test worker     d.u.i.k.n.ExprTest        Term: and(true,false) 
206479     INFO  Test worker     d.u.i.k.n.KeyIO           Parsing took 15 ms 
206479     INFO  Test worker     d.u.i.k.n.KeyIO           MODE: declarations took 0 ms 
206481     INFO  Test worker     d.u.i.k.n.ExprTest        Term: Z(0(#)) 
206495     INFO  Test worker     d.u.i.k.n.KeyIO           Parsing took 8 ms 
206497     INFO  Test worker     d.u.i.k.n.KeyIO           MODE: declarations took 1 ms 
206499     INFO  Test worker     d.u.i.k.n.ExprTest        Term: Z(1(#)) 
206509     INFO  Test worker     d.u.i.k.n.KeyIO           Parsing took 7 ms 
206510     INFO  Test worker     d.u.i.k.n.KeyIO           MODE: declarations took 0 ms 
206514     INFO  Test worker     d.u.i.k.n.ExprTest        Term: Z(2(4(#))) 
206528     INFO  Test worker     d.u.i.k.n.KeyIO           Parsing took 10 ms 
206531     INFO  Test worker     d.u.i.k.n.KeyIO           MODE: declarations took 2 ms 
206533     INFO  Test worker     d.u.i.k.n.ExprTest        Term: Z(neglit(5(#))) 
206548     INFO  Test worker     d.u.i.k.n.KeyIO           Parsing took 11 ms 
206549     INFO  Test worker     d.u.i.k.n.KeyIO           MODE: declarations took 0 ms 
206553     INFO  Test worker     d.u.i.k.n.ExprTest        Term: equals(add(Z(1(#)),Z(1(#))),Z(2(#))) 
206571     INFO  Test worker     d.u.i.k.n.KeyIO           Parsing took 11 ms 
206573     INFO  Test worker     d.u.i.k.n.KeyIO           MODE: declarations took 1 ms 
206577     INFO  Test worker     d.u.i.k.n.ExprTest        Term: if-then-else(equals(Z(3(#)),Z(4(#))),Z(1(#)),Z(2(#))) 
206606     INFO  Test worker     d.u.i.k.n.KeyIO           Parsing took 11 ms 
206611     INFO  Test worker     d.u.i.k.n.KeyIO           MODE: declarations took 1 ms 
206618     INFO  Test worker     d.u.i.k.n.ExprTest        Term: if-then-else(and(equals(Z(3(#)),Z(4(#))),equals(Z(1(#)),Z(1(#)))),if-then-else(equals(Z(3(#)),Z(4(#))),Z(1(#)),Z(2(#))),Z(2(#))) 
206637     INFO  Test worker     d.u.i.k.n.KeyIO           Parsing took 12 ms 
206641     INFO  Test worker     d.u.i.k.n.KeyIO           MODE: declarations took 1 ms 
206647     INFO  Test worker     d.u.i.k.n.ExprTest        Term: add(aa,mul(bb,cc)) 
206660     INFO  Test worker     d.u.i.k.n.KeyIO           Parsing took 9 ms 
206661     INFO  Test worker     d.u.i.k.n.KeyIO           MODE: declarations took 0 ms 
206664     INFO  Test worker     d.u.i.k.n.ExprTest        Term: lt(mul(mod(aa,bb),cc),Z(neglit(3(2(1(#)))))) 
206675     INFO  Test worker     d.u.i.k.n.KeyIO           Parsing took 7 ms 
206679     INFO  Test worker     d.u.i.k.n.KeyIO           MODE: declarations took 1 ms 
206681     INFO  Test worker     d.u.i.k.n.ExprTest        Term: all{x:int}(true) 
206695     INFO  Test worker     d.u.i.k.n.KeyIO           Parsing took 10 ms 
206696     INFO  Test worker     d.u.i.k.n.KeyIO           MODE: declarations took 1 ms 
206700     INFO  Test worker     d.u.i.k.n.ExprTest        Term: all{x:numbers}(equals(x,x)) 
206713     INFO  Test worker     d.u.i.k.n.KeyIO           Parsing took 8 ms 
206714     INFO  Test worker     d.u.i.k.n.KeyIO           MODE: declarations took 1 ms 
206717     INFO  Test worker     d.u.i.k.n.ExprTest        Term: add(int::cast(Z(3(#))),Z(2(#))) 
206729     INFO  Test worker     d.u.i.k.n.KeyIO           Parsing took 10 ms 
206730     INFO  Test worker     d.u.i.k.n.KeyIO           MODE: declarations took 1 ms 
206733     INFO  Test worker     d.u.i.k.n.ExprTest        Term: equals(addFloat(FP(6(1(2(3(5(3(5(6(0(1(#))))))))))),FP(6(1(2(3(5(3(5(6(0(1(#)))))))))))),mulFloat(FP(4(2(8(1(4(7(3(7(0(1(#))))))))))),subFloat(FP(4(2(8(1(4(7(3(7(0(1(#))))))))))),FP(6(1(2(3(5(3(5(6(0(1(#)))))))))))))) 
206756     INFO  Test worker     d.u.i.k.n.KeyIO           Parsing took 8 ms 
206758     INFO  Test worker     d.u.i.k.n.KeyIO           MODE: declarations took 1 ms 
206762     INFO  Test worker     d.u.i.k.n.ExprTest        Term: leqDouble(addDouble(DFP(8(0(4(7(1(0(0(0(8(8(1(4(2(8(1(7(0(6(4(#)))))))))))))))))))),DFP(8(0(4(7(1(0(0(0(8(8(1(4(2(8(1(7(0(6(4(#))))))))))))))))))))),mulDouble(DFP(4(8(7(6(0(0(2(8(9(0(9(8(0(4(2(1(4(6(4(#)))))))))))))))))))),DFP(5(7(6(7(8(0(4(0(3(9(2(2(8(1(9(6(7(5(4(#)))))))))))))))))))))) 
206772     INFO  Test worker     d.u.i.k.n.KeyIO           Parsing took 7 ms 
206774     INFO  Test worker     d.u.i.k.n.KeyIO           MODE: declarations took 1 ms 
206776     INFO  Test worker     d.u.i.k.n.ExprTest        Term: leqFloat(FP(6(1(2(3(5(3(5(6(0(1(#))))))))))),FP(4(2(8(1(4(7(3(7(0(1(#)))))))))))) 
206797     INFO  Test worker     d.u.i.k.n.KeyIO           Parsing took 11 ms 
206801     INFO  Test worker     d.u.i.k.n.KeyIO           MODE: declarations took 1 ms 
206805     INFO  Test worker     d.u.i.k.n.ExprTest        Term: gtDouble(DFP(4(0(9(7(8(3(7(2(4(8(1(0(6(8(6(1(1(6(4(#)))))))))))))))))))),DFP(8(0(4(7(1(0(0(0(8(8(1(4(2(8(1(7(0(6(4(#))))))))))))))))))))) 
206821     INFO  Test worker     d.u.i.k.n.KeyIO           Parsing took 9 ms 
206823     INFO  Test worker     d.u.i.k.n.KeyIO           MODE: declarations took 1 ms 
206827     INFO  Test worker     d.u.i.k.n.ExprTest        Term: seqConcat(seqEmpty,seqEmpty) 
]]></system-out>
  <system-err><![CDATA[]]></system-err>
</testsuite>
