<?xml version="1.0" encoding="UTF-8"?>
<testsuite name="de.uka.ilkd.key.taclettranslation.TestTacletTranslator" tests="5" skipped="0" failures="0" errors="0" timestamp="2023-03-21T15:45:37" hostname="fv-az402-223" time="0.009">
  <properties/>
  <testcase name="testPropositional1()" classname="de.uka.ilkd.key.taclettranslation.TestTacletTranslator" time="0.004"/>
  <testcase name="testPropositional2()" classname="de.uka.ilkd.key.taclettranslation.TestTacletTranslator" time="0.001"/>
  <testcase name="testNegativePolarity()" classname="de.uka.ilkd.key.taclettranslation.TestTacletTranslator" time="0.001"/>
  <testcase name="testNoPolarity()" classname="de.uka.ilkd.key.taclettranslation.TestTacletTranslator" time="0.002"/>
  <testcase name="testPositivePolarity()" classname="de.uka.ilkd.key.taclettranslation.TestTacletTranslator" time="0.001"/>
  <system-out><![CDATA[828690     INFO  Test worker     d.u.i.k.n.KeyIO           Parsing took 1 ms 
828690     INFO  Test worker     d.u.i.k.n.KeyIO           MODE: declarations took 0 ms 
828693     INFO  Test worker     d.u.i.k.n.KeyIO           Parsing took 1 ms 
828693     INFO  Test worker     d.u.i.k.n.KeyIO           MODE: declarations took 0 ms 
828694     INFO  Test worker     d.u.i.k.n.KeyIO           Parsing took 0 ms 
828694     INFO  Test worker     d.u.i.k.n.KeyIO           MODE: declarations took 0 ms 
828695     INFO  Test worker     d.u.i.k.n.KeyIO           Parsing took 0 ms 
828696     INFO  Test worker     d.u.i.k.n.KeyIO           MODE: declarations took 0 ms 
828696     INFO  Test worker     d.u.i.k.n.KeyIO           Parsing took 0 ms 
828697     INFO  Test worker     d.u.i.k.n.KeyIO           MODE: declarations took 0 ms 
]]></system-out>
  <system-err><![CDATA[]]></system-err>
</testsuite>
