<?xml version="1.0" encoding="UTF-8"?>
<testsuite name="de.uka.ilkd.key.logic.TestClashFreeSubst" tests="14" skipped="2" failures="0" errors="0" timestamp="2023-03-21T15:32:25" hostname="fv-az402-223" time="51.336">
  <properties/>
  <testcase name="testMultiShareBound()" classname="de.uka.ilkd.key.logic.TestClashFreeSubst" time="1.002"/>
  <testcase name="testClash()" classname="de.uka.ilkd.key.logic.TestClashFreeSubst" time="0.925"/>
  <testcase name="testShare()" classname="de.uka.ilkd.key.logic.TestClashFreeSubst" time="0.968"/>
  <testcase name="testSubst()" classname="de.uka.ilkd.key.logic.TestClashFreeSubst" time="0.947"/>
  <testcase name="testWary0()" classname="de.uka.ilkd.key.logic.TestClashFreeSubst" time="0.904"/>
  <testcase name="testWary1()" classname="de.uka.ilkd.key.logic.TestClashFreeSubst" time="0.945"/>
  <testcase name="testWary2()" classname="de.uka.ilkd.key.logic.TestClashFreeSubst" time="0.903"/>
  <testcase name="testClashInSubstTerm()" classname="de.uka.ilkd.key.logic.TestClashFreeSubst" time="0.927"/>
  <testcase name="testShareWary()" classname="de.uka.ilkd.key.logic.TestClashFreeSubst" time="0.926"/>
  <testcase name="testMultiSubst()" classname="de.uka.ilkd.key.logic.TestClashFreeSubst" time="0.948"/>
  <testcase name="xtestMultiClash()" classname="de.uka.ilkd.key.logic.TestClashFreeSubst" time="0.0">
    <skipped/>
  </testcase>
  <testcase name="testSubstInSubstTerm()" classname="de.uka.ilkd.key.logic.TestClashFreeSubst" time="0.918"/>
  <testcase name="testSubstWary()" classname="de.uka.ilkd.key.logic.TestClashFreeSubst" time="0.957"/>
  <testcase name="xtestMultiClash1()" classname="de.uka.ilkd.key.logic.TestClashFreeSubst" time="0.0">
    <skipped/>
  </testcase>
  <system-out><![CDATA[37532      INFO  Test worker     d.u.i.k.n.KeyIO           Parsing took 0 ms 
37533      INFO  Test worker     d.u.i.k.n.KeyIO           MODE: declarations took 0 ms 
38528      INFO  Test worker     d.u.i.k.n.KeyIO           Parsing took 1 ms 
38529      INFO  Test worker     d.u.i.k.n.KeyIO           MODE: declarations took 0 ms 
41728      INFO  Test worker     d.u.i.k.n.KeyIO           Parsing took 0 ms 
41728      INFO  Test worker     d.u.i.k.n.KeyIO           MODE: declarations took 0 ms 
42648      INFO  Test worker     d.u.i.k.n.KeyIO           Parsing took 0 ms 
42649      INFO  Test worker     d.u.i.k.n.KeyIO           MODE: declarations took 0 ms 
45840      INFO  Test worker     d.u.i.k.n.KeyIO           Parsing took 0 ms 
45841      INFO  Test worker     d.u.i.k.n.KeyIO           MODE: declarations took 0 ms 
46804      INFO  Test worker     d.u.i.k.n.KeyIO           Parsing took 0 ms 
46805      INFO  Test worker     d.u.i.k.n.KeyIO           MODE: declarations took 0 ms 
49916      INFO  Test worker     d.u.i.k.n.KeyIO           Parsing took 0 ms 
49916      INFO  Test worker     d.u.i.k.n.KeyIO           MODE: declarations took 0 ms 
50860      INFO  Test worker     d.u.i.k.n.KeyIO           Parsing took 0 ms 
50860      INFO  Test worker     d.u.i.k.n.KeyIO           MODE: declarations took 0 ms 
53909      INFO  Test worker     d.u.i.k.n.KeyIO           Parsing took 0 ms 
53910      INFO  Test worker     d.u.i.k.n.KeyIO           MODE: declarations took 0 ms 
54808      INFO  Test worker     d.u.i.k.n.KeyIO           Parsing took 0 ms 
54809      INFO  Test worker     d.u.i.k.n.KeyIO           MODE: declarations took 0 ms 
57891      INFO  Test worker     d.u.i.k.n.KeyIO           Parsing took 0 ms 
57892      INFO  Test worker     d.u.i.k.n.KeyIO           MODE: declarations took 0 ms 
58833      INFO  Test worker     d.u.i.k.n.KeyIO           Parsing took 0 ms 
58834      INFO  Test worker     d.u.i.k.n.KeyIO           MODE: declarations took 0 ms 
61900      INFO  Test worker     d.u.i.k.n.KeyIO           Parsing took 0 ms 
61900      INFO  Test worker     d.u.i.k.n.KeyIO           MODE: declarations took 0 ms 
62800      INFO  Test worker     d.u.i.k.n.KeyIO           Parsing took 0 ms 
62800      INFO  Test worker     d.u.i.k.n.KeyIO           MODE: declarations took 0 ms 
65891      INFO  Test worker     d.u.i.k.n.KeyIO           Parsing took 0 ms 
65891      INFO  Test worker     d.u.i.k.n.KeyIO           MODE: declarations took 0 ms 
66815      INFO  Test worker     d.u.i.k.n.KeyIO           Parsing took 0 ms 
66815      INFO  Test worker     d.u.i.k.n.KeyIO           MODE: declarations took 0 ms 
69893      INFO  Test worker     d.u.i.k.n.KeyIO           Parsing took 0 ms 
69893      INFO  Test worker     d.u.i.k.n.KeyIO           MODE: declarations took 0 ms 
70814      INFO  Test worker     d.u.i.k.n.KeyIO           Parsing took 0 ms 
70815      INFO  Test worker     d.u.i.k.n.KeyIO           MODE: declarations took 0 ms 
73876      INFO  Test worker     d.u.i.k.n.KeyIO           Parsing took 0 ms 
73877      INFO  Test worker     d.u.i.k.n.KeyIO           MODE: declarations took 0 ms 
74816      INFO  Test worker     d.u.i.k.n.KeyIO           Parsing took 0 ms 
74817      INFO  Test worker     d.u.i.k.n.KeyIO           MODE: declarations took 0 ms 
80883      INFO  Test worker     d.u.i.k.n.KeyIO           Parsing took 0 ms 
80884      INFO  Test worker     d.u.i.k.n.KeyIO           MODE: declarations took 0 ms 
81800      INFO  Test worker     d.u.i.k.n.KeyIO           Parsing took 1 ms 
81800      INFO  Test worker     d.u.i.k.n.KeyIO           MODE: declarations took 0 ms 
84843      INFO  Test worker     d.u.i.k.n.KeyIO           Parsing took 0 ms 
84843      INFO  Test worker     d.u.i.k.n.KeyIO           MODE: declarations took 0 ms 
85796      INFO  Test worker     d.u.i.k.n.KeyIO           Parsing took 0 ms 
85797      INFO  Test worker     d.u.i.k.n.KeyIO           MODE: declarations took 0 ms 
]]></system-out>
  <system-err><![CDATA[]]></system-err>
</testsuite>
