<?xml version="1.0" encoding="UTF-8"?>
<testsuite name="de.uka.ilkd.key.proof.io.TestZipProofSaving" tests="1" skipped="0" failures="0" errors="0" timestamp="2023-04-25T07:52:33" hostname="fv-az571-371" time="8.357">
  <properties/>
  <testcase name="testZip()" classname="de.uka.ilkd.key.proof.io.TestZipProofSaving" time="8.357"/>
  <system-out><![CDATA[485638     INFO  Test worker     d.u.i.k.p.i.AbstractProblemLoader Loading environment from /tmp/keyZipTest3508126666805847143.key 
485638     DEBUG Test worker     d.u.i.k.p.i.AbstractProblemLoader Environment load took 69.8ns 
485638     INFO  Test worker     d.u.i.k.p.i.AbstractProblemLoader Creating init config 
485770     DEBUG Test worker     d.u.i.k.j.TypeConverter   No LDT found for Meta 
485770     DEBUG Test worker     d.u.i.k.j.TypeConverter   No LDT found for Meta 
485771     DEBUG Test worker     d.u.i.k.j.TypeConverter   No LDT found for Meta 
485771     DEBUG Test worker     d.u.i.k.j.TypeConverter   No LDT found for Meta 
486326     DEBUG Test worker     d.u.i.k.j.TypeConverter   No LDT found for JavaBigintExpression 
490233     DEBUG Test worker     d.u.i.k.p.i.AbstractProblemLoader Init config took 4.59s 
490273     INFO  Test worker     d.u.i.k.p.i.AbstractProblemLoader Replaying proof keyZipTest3508126666805847143.key 
490278     DEBUG Test worker     d.u.i.k.p.i.IntermediateProofReplayer Proof replay took 10.2ns 
490502     INFO  Test worker     d.u.i.k.p.i.AbstractProblemLoader Loading environment from /tmp/keyZipTest11893998305019523473.proof.gz 
490503     DEBUG Test worker     d.u.i.k.p.i.AbstractProblemLoader Environment load took 716.21ns 
490505     INFO  Test worker     d.u.i.k.p.i.AbstractProblemLoader Creating init config 
493863     DEBUG Test worker     d.u.i.k.p.i.AbstractProblemLoader Init config took 3.36s 
493884     INFO  Test worker     d.u.i.k.p.i.AbstractProblemLoader Replaying proof keyZipTest11893998305019523473.proof.gz 
493892     DEBUG Test worker     d.u.i.k.p.i.IntermediateProofReplayer Proof replay took 4.91ms 
]]></system-out>
  <system-err><![CDATA[]]></system-err>
</testsuite>
