<?xml version="1.0" encoding="UTF-8"?>
<testsuite name="de.uka.ilkd.key.parser.TestTacletParser" tests="20" skipped="0" failures="0" errors="0" timestamp="2023-04-25T07:50:08" hostname="fv-az571-371" time="0.06">
  <properties/>
  <testcase name="testAllRight()" classname="de.uka.ilkd.key.parser.TestTacletParser" time="0.003"/>
  <testcase name="testSchemaJava0()" classname="de.uka.ilkd.key.parser.TestTacletParser" time="0.002"/>
  <testcase name="testSchemaJava1()" classname="de.uka.ilkd.key.parser.TestTacletParser" time="0.004"/>
  <testcase name="testSchemaJava2()" classname="de.uka.ilkd.key.parser.TestTacletParser" time="0.003"/>
  <testcase name="testSchemaJava4()" classname="de.uka.ilkd.key.parser.TestTacletParser" time="0.002"/>
  <testcase name="testSchemaJava6()" classname="de.uka.ilkd.key.parser.TestTacletParser" time="0.002"/>
  <testcase name="testSchemaJava8()" classname="de.uka.ilkd.key.parser.TestTacletParser" time="0.002"/>
  <testcase name="testCut()" classname="de.uka.ilkd.key.parser.TestTacletParser" time="0.002"/>
  <testcase name="testMakeInsertEq()" classname="de.uka.ilkd.key.parser.TestTacletParser" time="0.002"/>
  <testcase name="testAllLeft()" classname="de.uka.ilkd.key.parser.TestTacletParser" time="0.002"/>
  <testcase name="testClose()" classname="de.uka.ilkd.key.parser.TestTacletParser" time="0.002"/>
  <testcase name="testSchemaJava10()" classname="de.uka.ilkd.key.parser.TestTacletParser" time="0.002"/>
  <testcase name="testSchemaJava11()" classname="de.uka.ilkd.key.parser.TestTacletParser" time="0.004"/>
  <testcase name="testFIdempotent()" classname="de.uka.ilkd.key.parser.TestTacletParser" time="0.002"/>
  <testcase name="testImpRight()" classname="de.uka.ilkd.key.parser.TestTacletParser" time="0.001"/>
  <testcase name="testVarcondNew()" classname="de.uka.ilkd.key.parser.TestTacletParser" time="0.003"/>
  <testcase name="testFreeReplacewithVariables()" classname="de.uka.ilkd.key.parser.TestTacletParser" time="0.002"/>
  <testcase name="testImpLeft()" classname="de.uka.ilkd.key.parser.TestTacletParser" time="0.002"/>
  <testcase name="testContraposition()" classname="de.uka.ilkd.key.parser.TestTacletParser" time="0.002"/>
  <testcase name="testExConjSplit()" classname="de.uka.ilkd.key.parser.TestTacletParser" time="0.002"/>
  <system-out><![CDATA[340292     INFO  Test worker     d.u.i.k.n.KeyIO           Parsing took 1 ms 
340292     DEBUG Test worker     d.u.i.k.n.KeyIO           Load declarations of de.uka.ilkd.key.nparser.KeyAst$File:  <unknown>:1#1 
340292     INFO  Test worker     d.u.i.k.n.KeyIO           MODE: declarations took 0 ms 
340292     DEBUG Test worker     d.u.i.k.n.KeyIO           MODE: 2nd degree decls took 0 
340292     DEBUG Test worker     d.u.i.k.n.KeyIO           MODE: taclets took 0ms 
340293     INFO  Test worker     d.u.i.k.n.KeyIO           Parsing took 0 ms 
340293     DEBUG Test worker     d.u.i.k.n.KeyIO           Load declarations of de.uka.ilkd.key.nparser.KeyAst$File:  <unknown>:2#1 
340293     INFO  Test worker     d.u.i.k.n.KeyIO           MODE: declarations took 0 ms 
340293     DEBUG Test worker     d.u.i.k.n.KeyIO           MODE: 2nd degree decls took 0 
340294     DEBUG Test worker     d.u.i.k.n.KeyIO           MODE: taclets took 1ms 
340294     INFO  Test worker     d.u.i.k.n.KeyIO           Parsing took 0 ms 
340294     DEBUG Test worker     d.u.i.k.n.KeyIO           Load declarations of de.uka.ilkd.key.nparser.KeyAst$File:  <unknown>:1#1 
340294     INFO  Test worker     d.u.i.k.n.KeyIO           MODE: declarations took 0 ms 
340294     DEBUG Test worker     d.u.i.k.n.KeyIO           MODE: 2nd degree decls took 0 
340295     DEBUG Test worker     d.u.i.k.n.KeyIO           MODE: taclets took 1ms 
340295     INFO  Test worker     d.u.i.k.n.KeyIO           Parsing took 0 ms 
340295     DEBUG Test worker     d.u.i.k.n.KeyIO           Load declarations of de.uka.ilkd.key.nparser.KeyAst$File:  <unknown>:2#1 
340295     INFO  Test worker     d.u.i.k.n.KeyIO           MODE: declarations took 0 ms 
340295     DEBUG Test worker     d.u.i.k.n.KeyIO           MODE: 2nd degree decls took 0 
340296     DEBUG Test worker     d.u.i.k.n.KeyIO           MODE: taclets took 1ms 
340296     INFO  Test worker     d.u.i.k.n.KeyIO           Parsing took 0 ms 
340296     DEBUG Test worker     d.u.i.k.n.KeyIO           Load declarations of de.uka.ilkd.key.nparser.KeyAst$File:  <unknown>:1#1 
340296     INFO  Test worker     d.u.i.k.n.KeyIO           MODE: declarations took 0 ms 
340296     DEBUG Test worker     d.u.i.k.n.KeyIO           MODE: 2nd degree decls took 0 
340297     DEBUG Test worker     d.u.i.k.n.KeyIO           MODE: taclets took 0ms 
340297     WARN  Test worker     d.u.i.k.n.KeYParser       [syntax-error] <unknown>:2:21: extraneous input '<' expecting {MODALITY, FORALL, EXISTS, '\if', '\ifEx', 'true', 'false', '(', ')', '{', '@', NOT, '-', STRING_LITERAL, CHAR_LITERAL, BIN_LITERAL, HEX_LITERAL, IDENT, INT_LITERAL, FLOAT_LITERAL, DOUBLE_LITERAL, REAL_LITERAL} [@12,22:22='<',<173>,2:21] (argument_list, call, accessterm, primitive_term, primitive_labeled_term, bracket_term, atom_prefix, strong_arith_term_2, strong_arith_term_1, weak_arith_term, comparison_term, equality_term, term60, conjunction_term, disjunction_term, implication_term, equivalence_term, elementary_update_term, parallel_term, term, taclet, rulesOrAxioms, decls, file) 
340298     WARN  Test worker     d.u.i.k.n.KeYParser       [syntax-error] <unknown>:2:23: no viable alternative at input '{..' [@14,24:25='..',<144>,2:23] (atom_prefix, strong_arith_term_2, strong_arith_term_1, weak_arith_term, comparison_term, equality_term, term60, conjunction_term, disjunction_term, implication_term, equivalence_term, elementary_update_term, parallel_term, term, argument_list, call, accessterm, primitive_term, primitive_labeled_term, bracket_term, atom_prefix, strong_arith_term_2, strong_arith_term_1, weak_arith_term, comparison_term, equality_term, term60, conjunction_term, disjunction_term, implication_term, equivalence_term, elementary_update_term, parallel_term, term, taclet, rulesOrAxioms, decls, file) 
340299     WARN  Test worker     d.u.i.k.n.KeYParser       [syntax-error] <unknown>:2:33: mismatched input ';' expecting {',', ')'} [@21,34:34=';',<138>,2:33] (argument_list, call, accessterm, primitive_term, primitive_labeled_term, bracket_term, atom_prefix, strong_arith_term_2, strong_arith_term_1, weak_arith_term, comparison_term, equality_term, term60, conjunction_term, disjunction_term, implication_term, equivalence_term, elementary_update_term, parallel_term, term, taclet, rulesOrAxioms, decls, file) 
340299     WARN  Test worker     d.u.i.k.n.KeYParser       [syntax-error] <unknown>:2:41: no viable alternative at input '#i;' [@26,42:42=';',<138>,2:41] (option_list, taclet, rulesOrAxioms, decls, file) 
340299     WARN  Test worker     d.u.i.k.n.KeYParser       [syntax-error] <unknown>:2:43: mismatched input '<' expecting {'(', '{'} [@28,44:44='<',<173>,2:43] (taclet, rulesOrAxioms, decls, file) 
340299     WARN  Test worker     d.u.i.k.n.KeYParser       [syntax-error] <unknown>:2:47: mismatched input '+' expecting {'(', '{'} [@32,48:48='+',<167>,2:47] (taclet, rulesOrAxioms, decls, file) 
340300     WARN  Test worker     d.u.i.k.n.KeYParser       [syntax-error] <unknown>:2:52: extraneous input '..' expecting {'\lemma', '}', IDENT, '/*!'} [@37,53:54='..',<144>,2:52] (rulesOrAxioms, decls, file) 
340300     WARN  Test worker     d.u.i.k.n.KeYParser       [syntax-error] <unknown>:2:56: mismatched input '>' expecting {<EOF>, '\problem', '\chooseContract', '\proofObligation', '\proof'} [@40,57:57='>',<168>,2:56] (file) 
340301     INFO  Test worker     d.u.i.k.n.KeyIO           Parsing took 1 ms 
340301     DEBUG Test worker     d.u.i.k.n.KeyIO           Load declarations of de.uka.ilkd.key.nparser.KeyAst$File:  <unknown>:1#1 
340301     INFO  Test worker     d.u.i.k.n.KeyIO           MODE: declarations took 0 ms 
340301     DEBUG Test worker     d.u.i.k.n.KeyIO           MODE: 2nd degree decls took 0 
340301     DEBUG Test worker     d.u.i.k.n.KeyIO           MODE: taclets took 0ms 
340302     WARN  Test worker     d.u.i.k.n.KeYParser       [syntax-error] <unknown>:2:21: extraneous input '<' expecting {MODALITY, FORALL, EXISTS, '\if', '\ifEx', 'true', 'false', '(', ')', '{', '@', NOT, '-', STRING_LITERAL, CHAR_LITERAL, BIN_LITERAL, HEX_LITERAL, IDENT, INT_LITERAL, FLOAT_LITERAL, DOUBLE_LITERAL, REAL_LITERAL} [@12,22:22='<',<173>,2:21] (argument_list, call, accessterm, primitive_term, primitive_labeled_term, bracket_term, atom_prefix, strong_arith_term_2, strong_arith_term_1, weak_arith_term, comparison_term, equality_term, term60, conjunction_term, disjunction_term, implication_term, equivalence_term, elementary_update_term, parallel_term, term, taclet, rulesOrAxioms, decls, file) 
340302     WARN  Test worker     d.u.i.k.n.KeYParser       [syntax-error] <unknown>:2:23: no viable alternative at input '{..' [@14,24:25='..',<144>,2:23] (atom_prefix, strong_arith_term_2, strong_arith_term_1, weak_arith_term, comparison_term, equality_term, term60, conjunction_term, disjunction_term, implication_term, equivalence_term, elementary_update_term, parallel_term, term, argument_list, call, accessterm, primitive_term, primitive_labeled_term, bracket_term, atom_prefix, strong_arith_term_2, strong_arith_term_1, weak_arith_term, comparison_term, equality_term, term60, conjunction_term, disjunction_term, implication_term, equivalence_term, elementary_update_term, parallel_term, term, taclet, rulesOrAxioms, decls, file) 
340302     WARN  Test worker     d.u.i.k.n.KeYParser       [syntax-error] <unknown>:2:33: mismatched input ';' expecting {',', ')'} [@21,34:34=';',<138>,2:33] (argument_list, call, accessterm, primitive_term, primitive_labeled_term, bracket_term, atom_prefix, strong_arith_term_2, strong_arith_term_1, weak_arith_term, comparison_term, equality_term, term60, conjunction_term, disjunction_term, implication_term, equivalence_term, elementary_update_term, parallel_term, term, taclet, rulesOrAxioms, decls, file) 
340302     WARN  Test worker     d.u.i.k.n.KeYParser       [syntax-error] <unknown>:2:43: no viable alternative at input '#lab;' [@26,44:44=';',<138>,2:43] (option_list, taclet, rulesOrAxioms, decls, file) 
340303     WARN  Test worker     d.u.i.k.n.KeYParser       [syntax-error] <unknown>:2:45: mismatched input '<' expecting {'(', '{'} [@28,46:46='<',<173>,2:45] (taclet, rulesOrAxioms, decls, file) 
340303     WARN  Test worker     d.u.i.k.n.KeYParser       [syntax-error] <unknown>:2:50: mismatched input '+' expecting {'(', '{'} [@32,51:51='+',<167>,2:50] (taclet, rulesOrAxioms, decls, file) 
340303     WARN  Test worker     d.u.i.k.n.KeYParser       [syntax-error] <unknown>:2:56: extraneous input '..' expecting {'\lemma', '}', IDENT, '/*!'} [@38,57:58='..',<144>,2:56] (rulesOrAxioms, decls, file) 
340303     WARN  Test worker     d.u.i.k.n.KeYParser       [syntax-error] <unknown>:2:60: mismatched input '>' expecting {<EOF>, '\problem', '\chooseContract', '\proofObligation', '\proof'} [@41,61:61='>',<168>,2:60] (file) 
340304     INFO  Test worker     d.u.i.k.n.KeyIO           Parsing took 1 ms 
340304     DEBUG Test worker     d.u.i.k.n.KeyIO           Load declarations of de.uka.ilkd.key.nparser.KeyAst$File:  <unknown>:1#1 
340304     INFO  Test worker     d.u.i.k.n.KeyIO           MODE: declarations took 0 ms 
340304     DEBUG Test worker     d.u.i.k.n.KeyIO           MODE: 2nd degree decls took 0 
340304     DEBUG Test worker     d.u.i.k.n.KeyIO           MODE: taclets took 0ms 
340304     INFO  Test worker     d.u.i.k.n.KeyIO           Parsing took 0 ms 
340304     DEBUG Test worker     d.u.i.k.n.KeyIO           Load declarations of de.uka.ilkd.key.nparser.KeyAst$File:  <unknown>:2#1 
340304     INFO  Test worker     d.u.i.k.n.KeyIO           MODE: declarations took 0 ms 
340304     DEBUG Test worker     d.u.i.k.n.KeyIO           MODE: 2nd degree decls took 0 
340305     DEBUG Test worker     d.u.i.k.n.KeyIO           MODE: taclets took 0ms 
340306     INFO  Test worker     d.u.i.k.n.KeyIO           Parsing took 0 ms 
340306     DEBUG Test worker     d.u.i.k.n.KeyIO           Load declarations of de.uka.ilkd.key.nparser.KeyAst$File:  <unknown>:1#1 
340306     INFO  Test worker     d.u.i.k.n.KeyIO           MODE: declarations took 0 ms 
340306     DEBUG Test worker     d.u.i.k.n.KeyIO           MODE: 2nd degree decls took 0 
340306     DEBUG Test worker     d.u.i.k.n.KeyIO           MODE: taclets took 0ms 
340307     INFO  Test worker     d.u.i.k.n.KeyIO           Parsing took 0 ms 
340307     DEBUG Test worker     d.u.i.k.n.KeyIO           Load declarations of de.uka.ilkd.key.nparser.KeyAst$File:  <unknown>:2#1 
340307     INFO  Test worker     d.u.i.k.n.KeyIO           MODE: declarations took 0 ms 
340307     DEBUG Test worker     d.u.i.k.n.KeyIO           MODE: 2nd degree decls took 0 
340308     DEBUG Test worker     d.u.i.k.n.KeyIO           MODE: taclets took 1ms 
340309     INFO  Test worker     d.u.i.k.n.KeyIO           Parsing took 1 ms 
340309     DEBUG Test worker     d.u.i.k.n.KeyIO           Load declarations of de.uka.ilkd.key.nparser.KeyAst$File:  <unknown>:1#1 
340309     INFO  Test worker     d.u.i.k.n.KeyIO           MODE: declarations took 0 ms 
340309     DEBUG Test worker     d.u.i.k.n.KeyIO           MODE: 2nd degree decls took 0 
340309     DEBUG Test worker     d.u.i.k.n.KeyIO           MODE: taclets took 0ms 
340309     INFO  Test worker     d.u.i.k.n.KeyIO           Parsing took 0 ms 
340309     DEBUG Test worker     d.u.i.k.n.KeyIO           Load declarations of de.uka.ilkd.key.nparser.KeyAst$File:  <unknown>:2#1 
340309     INFO  Test worker     d.u.i.k.n.KeyIO           MODE: declarations took 0 ms 
340309     DEBUG Test worker     d.u.i.k.n.KeyIO           MODE: 2nd degree decls took 0 
340310     DEBUG Test worker     d.u.i.k.n.KeyIO           MODE: taclets took 1ms 
340310     INFO  Test worker     d.u.i.k.n.KeyIO           Parsing took 0 ms 
340310     DEBUG Test worker     d.u.i.k.n.KeyIO           Load declarations of de.uka.ilkd.key.nparser.KeyAst$File:  <unknown>:1#1 
340310     INFO  Test worker     d.u.i.k.n.KeyIO           MODE: declarations took 0 ms 
340311     DEBUG Test worker     d.u.i.k.n.KeyIO           MODE: 2nd degree decls took 1 
340311     DEBUG Test worker     d.u.i.k.n.KeyIO           MODE: taclets took 0ms 
340311     INFO  Test worker     d.u.i.k.n.KeyIO           Parsing took 0 ms 
340311     DEBUG Test worker     d.u.i.k.n.KeyIO           Load declarations of de.uka.ilkd.key.nparser.KeyAst$File:  <unknown>:2#1 
340311     INFO  Test worker     d.u.i.k.n.KeyIO           MODE: declarations took 0 ms 
340311     DEBUG Test worker     d.u.i.k.n.KeyIO           MODE: 2nd degree decls took 0 
340312     DEBUG Test worker     d.u.i.k.n.KeyIO           MODE: taclets took 0ms 
340312     INFO  Test worker     d.u.i.k.n.KeyIO           Parsing took 0 ms 
340313     DEBUG Test worker     d.u.i.k.n.KeyIO           Load declarations of de.uka.ilkd.key.nparser.KeyAst$File:  <unknown>:1#1 
340313     INFO  Test worker     d.u.i.k.n.KeyIO           MODE: declarations took 0 ms 
340313     DEBUG Test worker     d.u.i.k.n.KeyIO           MODE: 2nd degree decls took 0 
340313     DEBUG Test worker     d.u.i.k.n.KeyIO           MODE: taclets took 0ms 
340314     INFO  Test worker     d.u.i.k.n.KeyIO           Parsing took 1 ms 
340314     DEBUG Test worker     d.u.i.k.n.KeyIO           Load declarations of de.uka.ilkd.key.nparser.KeyAst$File:  <unknown>:2#1 
340314     INFO  Test worker     d.u.i.k.n.KeyIO           MODE: declarations took 0 ms 
340314     DEBUG Test worker     d.u.i.k.n.KeyIO           MODE: 2nd degree decls took 0 
340314     DEBUG Test worker     d.u.i.k.n.KeyIO           MODE: taclets took 0ms 
340315     INFO  Test worker     d.u.i.k.n.KeyIO           Parsing took 1 ms 
340315     DEBUG Test worker     d.u.i.k.n.KeyIO           Load declarations of de.uka.ilkd.key.nparser.KeyAst$File:  <unknown>:1#1 
340315     INFO  Test worker     d.u.i.k.n.KeyIO           MODE: declarations took 0 ms 
340315     DEBUG Test worker     d.u.i.k.n.KeyIO           MODE: 2nd degree decls took 0 
340315     DEBUG Test worker     d.u.i.k.n.KeyIO           MODE: taclets took 0ms 
340316     INFO  Test worker     d.u.i.k.n.KeyIO           Parsing took 0 ms 
340316     DEBUG Test worker     d.u.i.k.n.KeyIO           Load declarations of de.uka.ilkd.key.nparser.KeyAst$File:  <unknown>:2#1 
340316     INFO  Test worker     d.u.i.k.n.KeyIO           MODE: declarations took 0 ms 
340316     DEBUG Test worker     d.u.i.k.n.KeyIO           MODE: 2nd degree decls took 0 
340316     DEBUG Test worker     d.u.i.k.n.KeyIO           MODE: taclets took 0ms 
340317     INFO  Test worker     d.u.i.k.n.KeyIO           Parsing took 0 ms 
340317     DEBUG Test worker     d.u.i.k.n.KeyIO           Load declarations of de.uka.ilkd.key.nparser.KeyAst$File:  <unknown>:1#1 
340317     INFO  Test worker     d.u.i.k.n.KeyIO           MODE: declarations took 0 ms 
340317     DEBUG Test worker     d.u.i.k.n.KeyIO           MODE: 2nd degree decls took 0 
340318     DEBUG Test worker     d.u.i.k.n.KeyIO           MODE: taclets took 1ms 
340318     INFO  Test worker     d.u.i.k.n.KeyIO           Parsing took 0 ms 
340318     DEBUG Test worker     d.u.i.k.n.KeyIO           Load declarations of de.uka.ilkd.key.nparser.KeyAst$File:  <unknown>:2#1 
340318     INFO  Test worker     d.u.i.k.n.KeyIO           MODE: declarations took 0 ms 
340318     DEBUG Test worker     d.u.i.k.n.KeyIO           MODE: 2nd degree decls took 0 
340318     DEBUG Test worker     d.u.i.k.n.KeyIO           MODE: taclets took 0ms 
340319     INFO  Test worker     d.u.i.k.n.KeyIO           Parsing took 0 ms 
340319     DEBUG Test worker     d.u.i.k.n.KeyIO           Load declarations of de.uka.ilkd.key.nparser.KeyAst$File:  <unknown>:1#1 
340319     INFO  Test worker     d.u.i.k.n.KeyIO           MODE: declarations took 0 ms 
340319     DEBUG Test worker     d.u.i.k.n.KeyIO           MODE: 2nd degree decls took 0 
340320     DEBUG Test worker     d.u.i.k.n.KeyIO           MODE: taclets took 1ms 
340320     INFO  Test worker     d.u.i.k.n.KeyIO           Parsing took 0 ms 
340320     DEBUG Test worker     d.u.i.k.n.KeyIO           Load declarations of de.uka.ilkd.key.nparser.KeyAst$File:  <unknown>:2#1 
340320     INFO  Test worker     d.u.i.k.n.KeyIO           MODE: declarations took 0 ms 
340320     DEBUG Test worker     d.u.i.k.n.KeyIO           MODE: 2nd degree decls took 0 
340321     DEBUG Test worker     d.u.i.k.n.KeyIO           MODE: taclets took 1ms 
340321     INFO  Test worker     d.u.i.k.n.KeyIO           Parsing took 0 ms 
340321     DEBUG Test worker     d.u.i.k.n.KeyIO           Load declarations of de.uka.ilkd.key.nparser.KeyAst$File:  <unknown>:1#1 
340321     INFO  Test worker     d.u.i.k.n.KeyIO           MODE: declarations took 0 ms 
340321     DEBUG Test worker     d.u.i.k.n.KeyIO           MODE: 2nd degree decls took 0 
340322     DEBUG Test worker     d.u.i.k.n.KeyIO           MODE: taclets took 0ms 
340323     INFO  Test worker     d.u.i.k.n.KeyIO           Parsing took 1 ms 
340323     DEBUG Test worker     d.u.i.k.n.KeyIO           Load declarations of de.uka.ilkd.key.nparser.KeyAst$File:  <unknown>:2#1 
340323     INFO  Test worker     d.u.i.k.n.KeyIO           MODE: declarations took 0 ms 
340323     DEBUG Test worker     d.u.i.k.n.KeyIO           MODE: 2nd degree decls took 0 
340325     DEBUG Test worker     d.u.i.k.n.KeyIO           MODE: taclets took 2ms 
340325     INFO  Test worker     d.u.i.k.n.KeyIO           Parsing took 0 ms 
340326     DEBUG Test worker     d.u.i.k.n.KeyIO           Load declarations of de.uka.ilkd.key.nparser.KeyAst$File:  <unknown>:1#1 
340326     INFO  Test worker     d.u.i.k.n.KeyIO           MODE: declarations took 0 ms 
340326     DEBUG Test worker     d.u.i.k.n.KeyIO           MODE: 2nd degree decls took 0 
340326     DEBUG Test worker     d.u.i.k.n.KeyIO           MODE: taclets took 0ms 
340326     INFO  Test worker     d.u.i.k.n.KeyIO           Parsing took 0 ms 
340327     DEBUG Test worker     d.u.i.k.n.KeyIO           Load declarations of de.uka.ilkd.key.nparser.KeyAst$File:  <unknown>:2#1 
340327     INFO  Test worker     d.u.i.k.n.KeyIO           MODE: declarations took 0 ms 
340327     DEBUG Test worker     d.u.i.k.n.KeyIO           MODE: 2nd degree decls took 0 
340327     DEBUG Test worker     d.u.i.k.n.KeyIO           MODE: taclets took 0ms 
340336     INFO  Test worker     d.u.i.k.n.KeyIO           Parsing took 0 ms 
340336     DEBUG Test worker     d.u.i.k.n.KeyIO           Load declarations of de.uka.ilkd.key.nparser.KeyAst$File:  <unknown>:1#1 
340336     INFO  Test worker     d.u.i.k.n.KeyIO           MODE: declarations took 0 ms 
340336     DEBUG Test worker     d.u.i.k.n.KeyIO           MODE: 2nd degree decls took 0 
340336     DEBUG Test worker     d.u.i.k.n.KeyIO           MODE: taclets took 0ms 
340337     INFO  Test worker     d.u.i.k.n.KeyIO           Parsing took 0 ms 
340337     DEBUG Test worker     d.u.i.k.n.KeyIO           Load declarations of de.uka.ilkd.key.nparser.KeyAst$File:  <unknown>:2#1 
340337     INFO  Test worker     d.u.i.k.n.KeyIO           MODE: declarations took 0 ms 
340337     DEBUG Test worker     d.u.i.k.n.KeyIO           MODE: 2nd degree decls took 0 
340337     DEBUG Test worker     d.u.i.k.n.KeyIO           MODE: taclets took 0ms 
340339     INFO  Test worker     d.u.i.k.n.KeyIO           Parsing took 0 ms 
340339     DEBUG Test worker     d.u.i.k.n.KeyIO           Load declarations of de.uka.ilkd.key.nparser.KeyAst$File:  <unknown>:1#1 
340339     INFO  Test worker     d.u.i.k.n.KeyIO           MODE: declarations took 0 ms 
340339     DEBUG Test worker     d.u.i.k.n.KeyIO           MODE: 2nd degree decls took 0 
340339     DEBUG Test worker     d.u.i.k.n.KeyIO           MODE: taclets took 0ms 
340340     INFO  Test worker     d.u.i.k.n.KeyIO           Parsing took 0 ms 
340340     DEBUG Test worker     d.u.i.k.n.KeyIO           Load declarations of de.uka.ilkd.key.nparser.KeyAst$File:  <unknown>:2#1 
340340     INFO  Test worker     d.u.i.k.n.KeyIO           MODE: declarations took 0 ms 
340340     DEBUG Test worker     d.u.i.k.n.KeyIO           MODE: 2nd degree decls took 0 
340340     DEBUG Test worker     d.u.i.k.n.KeyIO           MODE: taclets took 0ms 
340341     INFO  Test worker     d.u.i.k.n.KeyIO           Parsing took 0 ms 
340341     DEBUG Test worker     d.u.i.k.n.KeyIO           Load declarations of de.uka.ilkd.key.nparser.KeyAst$File:  <unknown>:2#1 
340341     INFO  Test worker     d.u.i.k.n.KeyIO           MODE: declarations took 0 ms 
340341     DEBUG Test worker     d.u.i.k.n.KeyIO           MODE: 2nd degree decls took 0 
340341     DEBUG Test worker     d.u.i.k.n.KeyIO           MODE: taclets took 0ms 
340342     INFO  Test worker     d.u.i.k.n.KeyIO           Parsing took 0 ms 
340342     DEBUG Test worker     d.u.i.k.n.KeyIO           Load declarations of de.uka.ilkd.key.nparser.KeyAst$File:  <unknown>:1#1 
340342     INFO  Test worker     d.u.i.k.n.KeyIO           MODE: declarations took 0 ms 
340342     DEBUG Test worker     d.u.i.k.n.KeyIO           MODE: 2nd degree decls took 0 
340343     DEBUG Test worker     d.u.i.k.n.KeyIO           MODE: taclets took 0ms 
340343     INFO  Test worker     d.u.i.k.n.KeyIO           Parsing took 0 ms 
340343     DEBUG Test worker     d.u.i.k.n.KeyIO           Load declarations of de.uka.ilkd.key.nparser.KeyAst$File:  <unknown>:2#1 
340343     INFO  Test worker     d.u.i.k.n.KeyIO           MODE: declarations took 0 ms 
340343     DEBUG Test worker     d.u.i.k.n.KeyIO           MODE: 2nd degree decls took 0 
340345     INFO  Test worker     d.u.i.k.n.KeyIO           Parsing took 0 ms 
340345     DEBUG Test worker     d.u.i.k.n.KeyIO           Load declarations of de.uka.ilkd.key.nparser.KeyAst$File:  <unknown>:1#1 
340345     INFO  Test worker     d.u.i.k.n.KeyIO           MODE: declarations took 0 ms 
340345     DEBUG Test worker     d.u.i.k.n.KeyIO           MODE: 2nd degree decls took 0 
340346     DEBUG Test worker     d.u.i.k.n.KeyIO           MODE: taclets took 0ms 
340347     INFO  Test worker     d.u.i.k.n.KeyIO           Parsing took 1 ms 
340347     DEBUG Test worker     d.u.i.k.n.KeyIO           Load declarations of de.uka.ilkd.key.nparser.KeyAst$File:  <unknown>:2#1 
340347     INFO  Test worker     d.u.i.k.n.KeyIO           MODE: declarations took 0 ms 
340347     DEBUG Test worker     d.u.i.k.n.KeyIO           MODE: 2nd degree decls took 0 
340347     DEBUG Test worker     d.u.i.k.n.KeyIO           MODE: taclets took 0ms 
340348     INFO  Test worker     d.u.i.k.n.KeyIO           Parsing took 1 ms 
340348     DEBUG Test worker     d.u.i.k.n.KeyIO           Load declarations of de.uka.ilkd.key.nparser.KeyAst$File:  <unknown>:1#1 
340348     INFO  Test worker     d.u.i.k.n.KeyIO           MODE: declarations took 0 ms 
340348     DEBUG Test worker     d.u.i.k.n.KeyIO           MODE: 2nd degree decls took 0 
340348     DEBUG Test worker     d.u.i.k.n.KeyIO           MODE: taclets took 0ms 
340349     INFO  Test worker     d.u.i.k.n.KeyIO           Parsing took 1 ms 
340349     DEBUG Test worker     d.u.i.k.n.KeyIO           Load declarations of de.uka.ilkd.key.nparser.KeyAst$File:  <unknown>:2#1 
340349     INFO  Test worker     d.u.i.k.n.KeyIO           MODE: declarations took 0 ms 
340349     DEBUG Test worker     d.u.i.k.n.KeyIO           MODE: 2nd degree decls took 0 
340349     DEBUG Test worker     d.u.i.k.n.KeyIO           MODE: taclets took 0ms 
340350     INFO  Test worker     d.u.i.k.n.KeyIO           Parsing took 1 ms 
340350     DEBUG Test worker     d.u.i.k.n.KeyIO           Load declarations of de.uka.ilkd.key.nparser.KeyAst$File:  <unknown>:1#1 
340350     INFO  Test worker     d.u.i.k.n.KeyIO           MODE: declarations took 0 ms 
340350     DEBUG Test worker     d.u.i.k.n.KeyIO           MODE: 2nd degree decls took 0 
340350     DEBUG Test worker     d.u.i.k.n.KeyIO           MODE: taclets took 0ms 
340351     INFO  Test worker     d.u.i.k.n.KeyIO           Parsing took 1 ms 
340351     DEBUG Test worker     d.u.i.k.n.KeyIO           Load declarations of de.uka.ilkd.key.nparser.KeyAst$File:  <unknown>:2#1 
340351     INFO  Test worker     d.u.i.k.n.KeyIO           MODE: declarations took 0 ms 
340351     DEBUG Test worker     d.u.i.k.n.KeyIO           MODE: 2nd degree decls took 0 
340351     DEBUG Test worker     d.u.i.k.n.KeyIO           MODE: taclets took 0ms 
]]></system-out>
  <system-err><![CDATA[]]></system-err>
</testsuite>
