<?xml version="1.0" encoding="UTF-8"?>
<testsuite name="de.uka.ilkd.key.parser.TestDeclParser" tests="14" skipped="2" failures="0" errors="0" timestamp="2023-04-25T07:48:24" hostname="fv-az571-371" time="12.461">
  <properties/>
  <testcase name="testGenericSortDecl1()" classname="de.uka.ilkd.key.parser.TestDeclParser" time="1.116"/>
  <testcase name="testGenericSortDecl2()" classname="de.uka.ilkd.key.parser.TestDeclParser" time="1.108"/>
  <testcase name="testGenericSortDecl3()" classname="de.uka.ilkd.key.parser.TestDeclParser" time="1.117"/>
  <testcase name="testGenericSortDecl4()" classname="de.uka.ilkd.key.parser.TestDeclParser" time="0.966"/>
  <testcase name="testGenericSortDecl5()" classname="de.uka.ilkd.key.parser.TestDeclParser" time="0.0">
    <skipped/>
  </testcase>
  <testcase name="testGenericSortDecl6()" classname="de.uka.ilkd.key.parser.TestDeclParser" time="1.035"/>
  <testcase name="testSortDecl()" classname="de.uka.ilkd.key.parser.TestDeclParser" time="1.024"/>
  <testcase name="testProxySortDecl()" classname="de.uka.ilkd.key.parser.TestDeclParser" time="0.991"/>
  <testcase name="testArrayDecl()" classname="de.uka.ilkd.key.parser.TestDeclParser" time="1.035"/>
  <testcase name="testAmbiguousDecls()" classname="de.uka.ilkd.key.parser.TestDeclParser" time="0.0">
    <skipped/>
  </testcase>
  <testcase name="testHeurDecl()" classname="de.uka.ilkd.key.parser.TestDeclParser" time="1.037"/>
  <testcase name="testFunctionDecl()" classname="de.uka.ilkd.key.parser.TestDeclParser" time="1.001"/>
  <testcase name="testPredicateDecl()" classname="de.uka.ilkd.key.parser.TestDeclParser" time="0.962"/>
  <testcase name="testSVDecl()" classname="de.uka.ilkd.key.parser.TestDeclParser" time="1.068"/>
  <system-out><![CDATA[237311     INFO  Test worker     d.u.i.k.n.KeyIO           Parsing took 0 ms 
237311     DEBUG Test worker     d.u.i.k.n.KeyIO           Load declarations of de.uka.ilkd.key.nparser.KeyAst$File:  <unknown>:1#1 
237312     INFO  Test worker     d.u.i.k.n.KeyIO           MODE: declarations took 1 ms 
237312     DEBUG Test worker     d.u.i.k.n.KeyIO           MODE: 2nd degree decls took 0 
237312     DEBUG Test worker     d.u.i.k.n.KeyIO           MODE: taclets took 0ms 
238420     INFO  Test worker     d.u.i.k.n.KeyIO           Parsing took 0 ms 
238420     DEBUG Test worker     d.u.i.k.n.KeyIO           Load declarations of de.uka.ilkd.key.nparser.KeyAst$File:  <unknown>:1#1 
238420     INFO  Test worker     d.u.i.k.n.KeyIO           MODE: declarations took 0 ms 
238420     DEBUG Test worker     d.u.i.k.n.KeyIO           MODE: 2nd degree decls took 0 
238420     DEBUG Test worker     d.u.i.k.n.KeyIO           MODE: taclets took 0ms 
239536     INFO  Test worker     d.u.i.k.n.KeyIO           Parsing took 0 ms 
239537     DEBUG Test worker     d.u.i.k.n.KeyIO           Load declarations of de.uka.ilkd.key.nparser.KeyAst$File:  <unknown>:1#1 
239537     INFO  Test worker     d.u.i.k.n.KeyIO           MODE: declarations took 0 ms 
239537     DEBUG Test worker     d.u.i.k.n.KeyIO           MODE: 2nd degree decls took 0 
239537     DEBUG Test worker     d.u.i.k.n.KeyIO           MODE: taclets took 0ms 
240503     INFO  Test worker     d.u.i.k.n.KeyIO           Parsing took 0 ms 
240503     DEBUG Test worker     d.u.i.k.n.KeyIO           Load declarations of de.uka.ilkd.key.nparser.KeyAst$File:  <unknown>:1#1 
240503     INFO  Test worker     d.u.i.k.n.KeyIO           MODE: declarations took 0 ms 
240503     DEBUG Test worker     d.u.i.k.n.KeyIO           MODE: 2nd degree decls took 0 
240503     DEBUG Test worker     d.u.i.k.n.KeyIO           MODE: taclets took 0ms 
241539     INFO  Test worker     d.u.i.k.n.KeyIO           Parsing took 1 ms 
241539     DEBUG Test worker     d.u.i.k.n.KeyIO           Load declarations of de.uka.ilkd.key.nparser.KeyAst$File:  <unknown>:1#1 
241539     INFO  Test worker     d.u.i.k.n.KeyIO           MODE: declarations took 0 ms 
241539     DEBUG Test worker     d.u.i.k.n.KeyIO           MODE: 2nd degree decls took 0 
241539     DEBUG Test worker     d.u.i.k.n.KeyIO           MODE: taclets took 0ms 
242563     INFO  Test worker     d.u.i.k.n.KeyIO           Parsing took 0 ms 
242563     DEBUG Test worker     d.u.i.k.n.KeyIO           Load declarations of de.uka.ilkd.key.nparser.KeyAst$File:  <unknown>:1#1 
242563     INFO  Test worker     d.u.i.k.n.KeyIO           MODE: declarations took 0 ms 
242563     DEBUG Test worker     d.u.i.k.n.KeyIO           MODE: 2nd degree decls took 0 
242563     DEBUG Test worker     d.u.i.k.n.KeyIO           MODE: taclets took 0ms 
243554     INFO  Test worker     d.u.i.k.n.KeyIO           Parsing took 1 ms 
243554     DEBUG Test worker     d.u.i.k.n.KeyIO           Load declarations of de.uka.ilkd.key.nparser.KeyAst$File:  <unknown>:1#1 
243554     INFO  Test worker     d.u.i.k.n.KeyIO           MODE: declarations took 0 ms 
243554     DEBUG Test worker     d.u.i.k.n.KeyIO           MODE: 2nd degree decls took 0 
243554     DEBUG Test worker     d.u.i.k.n.KeyIO           MODE: taclets took 0ms 
244588     INFO  Test worker     d.u.i.k.n.KeyIO           Parsing took 0 ms 
244588     DEBUG Test worker     d.u.i.k.n.KeyIO           Load declarations of de.uka.ilkd.key.nparser.KeyAst$File:  <unknown>:1#1 
244588     INFO  Test worker     d.u.i.k.n.KeyIO           MODE: declarations took 0 ms 
244589     DEBUG Test worker     d.u.i.k.n.KeyIO           MODE: 2nd degree decls took 1 
244589     DEBUG Test worker     d.u.i.k.n.KeyIO           MODE: taclets took 0ms 
245625     INFO  Test worker     d.u.i.k.n.KeyIO           Parsing took 0 ms 
245625     DEBUG Test worker     d.u.i.k.n.KeyIO           Load declarations of de.uka.ilkd.key.nparser.KeyAst$File:  <unknown>:1#1 
245626     INFO  Test worker     d.u.i.k.n.KeyIO           MODE: declarations took 1 ms 
245626     DEBUG Test worker     d.u.i.k.n.KeyIO           MODE: 2nd degree decls took 0 
245626     DEBUG Test worker     d.u.i.k.n.KeyIO           MODE: taclets took 0ms 
246626     INFO  Test worker     d.u.i.k.n.KeyIO           Parsing took 0 ms 
246626     DEBUG Test worker     d.u.i.k.n.KeyIO           Load declarations of de.uka.ilkd.key.nparser.KeyAst$File:  <unknown>:1#1 
246626     INFO  Test worker     d.u.i.k.n.KeyIO           MODE: declarations took 0 ms 
246627     DEBUG Test worker     d.u.i.k.n.KeyIO           MODE: 2nd degree decls took 1 
246627     DEBUG Test worker     d.u.i.k.n.KeyIO           MODE: taclets took 0ms 
247589     INFO  Test worker     d.u.i.k.n.KeyIO           Parsing took 1 ms 
247589     DEBUG Test worker     d.u.i.k.n.KeyIO           Load declarations of de.uka.ilkd.key.nparser.KeyAst$File:  <unknown>:1#1 
247589     INFO  Test worker     d.u.i.k.n.KeyIO           MODE: declarations took 0 ms 
247589     DEBUG Test worker     d.u.i.k.n.KeyIO           MODE: 2nd degree decls took 0 
247589     DEBUG Test worker     d.u.i.k.n.KeyIO           MODE: taclets took 0ms 
248656     INFO  Test worker     d.u.i.k.n.KeyIO           Parsing took 0 ms 
248656     DEBUG Test worker     d.u.i.k.n.KeyIO           Load declarations of de.uka.ilkd.key.nparser.KeyAst$File:  <unknown>:1#1 
248656     INFO  Test worker     d.u.i.k.n.KeyIO           MODE: declarations took 0 ms 
248656     DEBUG Test worker     d.u.i.k.n.KeyIO           MODE: 2nd degree decls took 0 
248656     DEBUG Test worker     d.u.i.k.n.KeyIO           MODE: taclets took 0ms 
]]></system-out>
  <system-err><![CDATA[]]></system-err>
</testsuite>
