<?xml version="1.0" encoding="UTF-8"?>
<testsuite name="de.uka.ilkd.key.taclettranslation.TestTacletTranslator" tests="5" skipped="0" failures="0" errors="0" timestamp="2023-04-25T07:59:41" hostname="fv-az571-371" time="0.009">
  <properties/>
  <testcase name="testPropositional1()" classname="de.uka.ilkd.key.taclettranslation.TestTacletTranslator" time="0.003"/>
  <testcase name="testPropositional2()" classname="de.uka.ilkd.key.taclettranslation.TestTacletTranslator" time="0.002"/>
  <testcase name="testNegativePolarity()" classname="de.uka.ilkd.key.taclettranslation.TestTacletTranslator" time="0.001"/>
  <testcase name="testNoPolarity()" classname="de.uka.ilkd.key.taclettranslation.TestTacletTranslator" time="0.001"/>
  <testcase name="testPositivePolarity()" classname="de.uka.ilkd.key.taclettranslation.TestTacletTranslator" time="0.002"/>
  <system-out><![CDATA[912979     INFO  Test worker     d.u.i.k.n.KeyIO           Parsing took 0 ms 
912979     DEBUG Test worker     d.u.i.k.n.KeyIO           Load declarations of de.uka.ilkd.key.nparser.KeyAst$File:  <unknown>:1#1 
912979     INFO  Test worker     d.u.i.k.n.KeyIO           MODE: declarations took 0 ms 
912979     DEBUG Test worker     d.u.i.k.n.KeyIO           MODE: 2nd degree decls took 0 
912979     DEBUG Test worker     d.u.i.k.n.KeyIO           MODE: taclets took 0ms 
912982     INFO  Test worker     d.u.i.k.n.KeyIO           Parsing took 0 ms 
912983     DEBUG Test worker     d.u.i.k.n.KeyIO           Load declarations of de.uka.ilkd.key.nparser.KeyAst$File:  <unknown>:1#1 
912983     INFO  Test worker     d.u.i.k.n.KeyIO           MODE: declarations took 0 ms 
912983     DEBUG Test worker     d.u.i.k.n.KeyIO           MODE: 2nd degree decls took 0 
912983     DEBUG Test worker     d.u.i.k.n.KeyIO           MODE: taclets took 0ms 
912984     INFO  Test worker     d.u.i.k.n.KeyIO           Parsing took 0 ms 
912984     DEBUG Test worker     d.u.i.k.n.KeyIO           Load declarations of de.uka.ilkd.key.nparser.KeyAst$File:  <unknown>:1#1 
912984     INFO  Test worker     d.u.i.k.n.KeyIO           MODE: declarations took 0 ms 
912984     DEBUG Test worker     d.u.i.k.n.KeyIO           MODE: 2nd degree decls took 0 
912984     DEBUG Test worker     d.u.i.k.n.KeyIO           MODE: taclets took 0ms 
912985     INFO  Test worker     d.u.i.k.n.KeyIO           Parsing took 0 ms 
912985     DEBUG Test worker     d.u.i.k.n.KeyIO           Load declarations of de.uka.ilkd.key.nparser.KeyAst$File:  <unknown>:1#1 
912985     INFO  Test worker     d.u.i.k.n.KeyIO           MODE: declarations took 0 ms 
912985     DEBUG Test worker     d.u.i.k.n.KeyIO           MODE: 2nd degree decls took 0 
912985     DEBUG Test worker     d.u.i.k.n.KeyIO           MODE: taclets took 0ms 
912986     INFO  Test worker     d.u.i.k.n.KeyIO           Parsing took 0 ms 
912986     DEBUG Test worker     d.u.i.k.n.KeyIO           Load declarations of de.uka.ilkd.key.nparser.KeyAst$File:  <unknown>:1#1 
912986     INFO  Test worker     d.u.i.k.n.KeyIO           MODE: declarations took 0 ms 
912986     DEBUG Test worker     d.u.i.k.n.KeyIO           MODE: 2nd degree decls took 0 
912987     DEBUG Test worker     d.u.i.k.n.KeyIO           MODE: taclets took 0ms 
]]></system-out>
  <system-err><![CDATA[]]></system-err>
</testsuite>
