<?xml version="1.0" encoding="UTF-8"?>
<testsuite name="de.uka.ilkd.key.rule.loop.LoopScopeInvRuleTests" tests="1" skipped="0" failures="0" errors="0" timestamp="2023-04-25T07:52:56" hostname="fv-az571-371" time="5.256">
  <properties/>
  <testcase name="testDoAutomaticProofOfBenchmarkWithLabeledBreaksAndContinues()" classname="de.uka.ilkd.key.rule.loop.LoopScopeInvRuleTests" time="5.256"/>
  <system-out><![CDATA[508813     INFO  Test worker     d.u.i.k.p.i.AbstractProblemLoader Loading environment from src/test/resources/testcase/loopScopeInvRule/Test.key 
508814     DEBUG Test worker     d.u.i.k.p.i.AbstractProblemLoader Environment load took 555.9ns 
508815     INFO  Test worker     d.u.i.k.p.i.AbstractProblemLoader Creating init config 
508984     DEBUG Test worker     d.u.i.k.j.TypeConverter   No LDT found for Meta 
508985     DEBUG Test worker     d.u.i.k.j.TypeConverter   No LDT found for Meta 
508986     DEBUG Test worker     d.u.i.k.j.TypeConverter   No LDT found for Meta 
508986     DEBUG Test worker     d.u.i.k.j.TypeConverter   No LDT found for Meta 
509762     DEBUG Test worker     d.u.i.k.j.TypeConverter   No LDT found for JavaBigintExpression 
513362     DEBUG Test worker     d.u.i.k.p.i.AbstractProblemLoader Init config took 4.55s 
513407     INFO  Test worker     d.u.i.k.p.i.AbstractProblemLoader Replaying proof Test[Test::loopScopeRuleBenchmark(int,boolean)].JML normal_behavior operation contract.0 
513409     DEBUG Test worker     d.u.i.k.p.i.IntermediateProofReplayer Proof replay took 15.5ns 
]]></system-out>
  <system-err><![CDATA[]]></system-err>
</testsuite>
