<?xml version="1.0" encoding="UTF-8"?>
<testsuite name="de.uka.ilkd.key.proof.io.consistency.TestProofBundleIO" tests="3" skipped="0" failures="0" errors="0" timestamp="2023-04-25T07:52:42" hostname="fv-az571-371" time="8.201">
  <properties/>
  <testcase name="testSimpleFileRepo()" classname="de.uka.ilkd.key.proof.io.consistency.TestProofBundleIO" time="0.105"/>
  <testcase name="testComplexBundleGeneration()" classname="de.uka.ilkd.key.proof.io.consistency.TestProofBundleIO" time="1.284"/>
  <testcase name="testSimpleBundleGeneration()" classname="de.uka.ilkd.key.proof.io.consistency.TestProofBundleIO" time="6.811"/>
  <system-out><![CDATA[494105     INFO  Test worker     d.u.i.k.p.i.AbstractProblemLoader Loading environment from /home/runner/work/key/key/key.core/src/test/resources/testcase/proofBundle/complexBundleGeneration/test.key 
494114     DEBUG Test worker     d.u.i.k.p.i.AbstractProblemLoader Environment load took 8.81ms 
494116     INFO  Test worker     d.u.i.k.p.i.AbstractProblemLoader Creating init config 
494508     DEBUG Test worker     d.u.i.k.p.i.AbstractProblemLoader Init config took 392.26ms 
494543     INFO  Test worker     d.u.i.k.p.i.AbstractProblemLoader Replaying proof Test[Test::constant()].JML normal_behavior operation contract.0 
494545     DEBUG Test worker     d.u.i.k.p.i.IntermediateProofReplayer Proof replay took 7.9ns 
494954     INFO  Test worker     d.u.i.k.p.i.AbstractProblemLoader Loading environment from /home/runner/work/key/key/key.core/src/test/resources/testcase/proofBundle/complexBundleGeneration/test.zproof 
494973     DEBUG Test worker     d.u.i.k.p.i.AbstractProblemLoader Environment load took 19.23ms 
494979     INFO  Test worker     d.u.i.k.p.i.AbstractProblemLoader Creating init config 
495326     DEBUG Test worker     d.u.i.k.p.i.AbstractProblemLoader Init config took 346.22ms 
495360     INFO  Test worker     d.u.i.k.p.i.AbstractProblemLoader Replaying proof Test[Test::constant()].JML normal_behavior operation contract.0 
495386     DEBUG Test worker     d.u.i.k.p.i.IntermediateProofReplayer Proof replay took 23.46ms 
495389     INFO  Test worker     d.u.i.k.p.i.AbstractProblemLoader Loading environment from /home/runner/work/key/key/key.core/src/test/resources/testcase/proofBundle/simpleBundleGeneration/test.key 
495389     DEBUG Test worker     d.u.i.k.p.i.AbstractProblemLoader Environment load took 604.1ns 
495390     INFO  Test worker     d.u.i.k.p.i.AbstractProblemLoader Creating init config 
498696     DEBUG Test worker     d.u.i.k.p.i.AbstractProblemLoader Init config took 3.31s 
498744     INFO  Test worker     d.u.i.k.p.i.AbstractProblemLoader Replaying proof Test[Test::constant()].JML normal_behavior operation contract.0 
498745     DEBUG Test worker     d.u.i.k.p.i.IntermediateProofReplayer Proof replay took 7.2ns 
498862     INFO  Test worker     d.u.i.k.p.i.AbstractProblemLoader Loading environment from /home/runner/work/key/key/key.core/src/test/resources/testcase/proofBundle/simpleBundleGeneration/test.zproof 
498864     DEBUG Test worker     d.u.i.k.p.i.AbstractProblemLoader Environment load took 1.56ms 
498866     INFO  Test worker     d.u.i.k.p.i.AbstractProblemLoader Creating init config 
502137     DEBUG Test worker     d.u.i.k.p.i.AbstractProblemLoader Init config took 3.27s 
502185     INFO  Test worker     d.u.i.k.p.i.AbstractProblemLoader Replaying proof Test[Test::constant()].JML normal_behavior operation contract.0 
502196     DEBUG Test worker     d.u.i.k.p.i.IntermediateProofReplayer Proof replay took 9.25ms 
]]></system-out>
  <system-err><![CDATA[]]></system-err>
</testsuite>
