<?xml version="1.0" encoding="UTF-8"?>
<testsuite name="de.uka.ilkd.key.util.TestProofStarter" tests="2" skipped="0" failures="0" errors="0" timestamp="2023-04-25T07:59:41" hostname="fv-az571-371" time="65.388">
  <properties/>
  <testcase name="testDirectProofWithOneStepSimplification()" classname="de.uka.ilkd.key.util.TestProofStarter" time="34.521"/>
  <testcase name="testDirectProof()" classname="de.uka.ilkd.key.util.TestProofStarter" time="30.867"/>
  <system-out><![CDATA[913493     INFO  Test worker     d.u.i.k.p.i.AbstractProblemLoader Loading environment from src/test/resources/testcase/proofStarter/CC/project.key 
913493     DEBUG Test worker     d.u.i.k.p.i.AbstractProblemLoader Environment load took 130.3ns 
913494     INFO  Test worker     d.u.i.k.p.i.AbstractProblemLoader Creating init config 
913666     DEBUG Test worker     d.u.i.k.j.TypeConverter   No LDT found for Meta 
913667     DEBUG Test worker     d.u.i.k.j.TypeConverter   No LDT found for Meta 
913668     DEBUG Test worker     d.u.i.k.j.TypeConverter   No LDT found for Meta 
913668     DEBUG Test worker     d.u.i.k.j.TypeConverter   No LDT found for Meta 
914439     DEBUG Test worker     d.u.i.k.j.TypeConverter   No LDT found for JavaBigintExpression 
918194     DEBUG Test worker     d.u.i.k.p.i.AbstractProblemLoader Init config took 4.7s 
918262     INFO  Test worker     d.u.i.k.p.i.AbstractProblemLoader Replaying proof CC[CC::calcCoinIndex([I,[I)].JML normal_behavior operation contract.0 
918268     DEBUG Test worker     d.u.i.k.p.i.IntermediateProofReplayer Proof replay took 9ns 
947990     INFO  Test worker     d.u.i.k.p.i.AbstractProblemLoader Loading environment from src/test/resources/testcase/proofStarter/CC/project.key 
947991     DEBUG Test worker     d.u.i.k.p.i.AbstractProblemLoader Environment load took 125.9ns 
947991     INFO  Test worker     d.u.i.k.p.i.AbstractProblemLoader Creating init config 
951697     DEBUG Test worker     d.u.i.k.p.i.AbstractProblemLoader Init config took 3.71s 
951769     INFO  Test worker     d.u.i.k.p.i.AbstractProblemLoader Replaying proof CC[CC::calcCoinIndex([I,[I)].JML normal_behavior operation contract.0 
951771     DEBUG Test worker     d.u.i.k.p.i.IntermediateProofReplayer Proof replay took 8.1ns 
]]></system-out>
  <system-err><![CDATA[]]></system-err>
</testsuite>
