<?xml version="1.0" encoding="UTF-8"?>
<testsuite name="de.uka.ilkd.key.logic.TestClashFreeSubst" tests="14" skipped="2" failures="0" errors="0" timestamp="2023-04-25T07:45:09" hostname="fv-az571-371" time="55.623">
  <properties/>
  <testcase name="testMultiShareBound()" classname="de.uka.ilkd.key.logic.TestClashFreeSubst" time="1.054"/>
  <testcase name="testClash()" classname="de.uka.ilkd.key.logic.TestClashFreeSubst" time="1.021"/>
  <testcase name="testShare()" classname="de.uka.ilkd.key.logic.TestClashFreeSubst" time="1.115"/>
  <testcase name="testSubst()" classname="de.uka.ilkd.key.logic.TestClashFreeSubst" time="1.021"/>
  <testcase name="testWary0()" classname="de.uka.ilkd.key.logic.TestClashFreeSubst" time="1.077"/>
  <testcase name="testWary1()" classname="de.uka.ilkd.key.logic.TestClashFreeSubst" time="1.029"/>
  <testcase name="testWary2()" classname="de.uka.ilkd.key.logic.TestClashFreeSubst" time="1.019"/>
  <testcase name="testClashInSubstTerm()" classname="de.uka.ilkd.key.logic.TestClashFreeSubst" time="1.019"/>
  <testcase name="testShareWary()" classname="de.uka.ilkd.key.logic.TestClashFreeSubst" time="0.982"/>
  <testcase name="testMultiSubst()" classname="de.uka.ilkd.key.logic.TestClashFreeSubst" time="1.008"/>
  <testcase name="xtestMultiClash()" classname="de.uka.ilkd.key.logic.TestClashFreeSubst" time="0.0">
    <skipped/>
  </testcase>
  <testcase name="testSubstInSubstTerm()" classname="de.uka.ilkd.key.logic.TestClashFreeSubst" time="1.019"/>
  <testcase name="testSubstWary()" classname="de.uka.ilkd.key.logic.TestClashFreeSubst" time="1.029"/>
  <testcase name="xtestMultiClash1()" classname="de.uka.ilkd.key.logic.TestClashFreeSubst" time="0.0">
    <skipped/>
  </testcase>
  <system-out><![CDATA[41046      INFO  Test worker     d.u.i.k.n.KeyIO           Parsing took 0 ms 
41046      DEBUG Test worker     d.u.i.k.n.KeyIO           Load declarations of de.uka.ilkd.key.nparser.KeyAst$File:  <unknown>:1#1 
41047      INFO  Test worker     d.u.i.k.n.KeyIO           MODE: declarations took 1 ms 
41047      DEBUG Test worker     d.u.i.k.n.KeyIO           MODE: 2nd degree decls took 0 
42096      INFO  Test worker     d.u.i.k.n.KeyIO           Parsing took 0 ms 
42096      DEBUG Test worker     d.u.i.k.n.KeyIO           Load declarations of de.uka.ilkd.key.nparser.KeyAst$File:  <unknown>:1#1 
42096      INFO  Test worker     d.u.i.k.n.KeyIO           MODE: declarations took 0 ms 
42096      DEBUG Test worker     d.u.i.k.n.KeyIO           MODE: 2nd degree decls took 0 
45485      INFO  Test worker     d.u.i.k.n.KeyIO           Parsing took 0 ms 
45485      DEBUG Test worker     d.u.i.k.n.KeyIO           Load declarations of de.uka.ilkd.key.nparser.KeyAst$File:  <unknown>:1#1 
45486      INFO  Test worker     d.u.i.k.n.KeyIO           MODE: declarations took 1 ms 
45486      DEBUG Test worker     d.u.i.k.n.KeyIO           MODE: 2nd degree decls took 0 
46502      INFO  Test worker     d.u.i.k.n.KeyIO           Parsing took 1 ms 
46502      DEBUG Test worker     d.u.i.k.n.KeyIO           Load declarations of de.uka.ilkd.key.nparser.KeyAst$File:  <unknown>:1#1 
46502      INFO  Test worker     d.u.i.k.n.KeyIO           MODE: declarations took 0 ms 
46502      DEBUG Test worker     d.u.i.k.n.KeyIO           MODE: 2nd degree decls took 0 
49792      INFO  Test worker     d.u.i.k.n.KeyIO           Parsing took 0 ms 
49792      DEBUG Test worker     d.u.i.k.n.KeyIO           Load declarations of de.uka.ilkd.key.nparser.KeyAst$File:  <unknown>:1#1 
49793      INFO  Test worker     d.u.i.k.n.KeyIO           MODE: declarations took 1 ms 
49793      DEBUG Test worker     d.u.i.k.n.KeyIO           MODE: 2nd degree decls took 0 
50900      INFO  Test worker     d.u.i.k.n.KeyIO           Parsing took 0 ms 
50901      DEBUG Test worker     d.u.i.k.n.KeyIO           Load declarations of de.uka.ilkd.key.nparser.KeyAst$File:  <unknown>:1#1 
50902      INFO  Test worker     d.u.i.k.n.KeyIO           MODE: declarations took 1 ms 
50902      DEBUG Test worker     d.u.i.k.n.KeyIO           MODE: 2nd degree decls took 0 
54281      INFO  Test worker     d.u.i.k.n.KeyIO           Parsing took 0 ms 
54282      DEBUG Test worker     d.u.i.k.n.KeyIO           Load declarations of de.uka.ilkd.key.nparser.KeyAst$File:  <unknown>:1#1 
54282      INFO  Test worker     d.u.i.k.n.KeyIO           MODE: declarations took 0 ms 
54283      DEBUG Test worker     d.u.i.k.n.KeyIO           MODE: 2nd degree decls took 0 
55297      INFO  Test worker     d.u.i.k.n.KeyIO           Parsing took 1 ms 
55297      DEBUG Test worker     d.u.i.k.n.KeyIO           Load declarations of de.uka.ilkd.key.nparser.KeyAst$File:  <unknown>:1#1 
55298      INFO  Test worker     d.u.i.k.n.KeyIO           MODE: declarations took 1 ms 
55299      DEBUG Test worker     d.u.i.k.n.KeyIO           MODE: 2nd degree decls took 0 
58640      INFO  Test worker     d.u.i.k.n.KeyIO           Parsing took 0 ms 
58640      DEBUG Test worker     d.u.i.k.n.KeyIO           Load declarations of de.uka.ilkd.key.nparser.KeyAst$File:  <unknown>:1#1 
58645      INFO  Test worker     d.u.i.k.n.KeyIO           MODE: declarations took 5 ms 
58646      DEBUG Test worker     d.u.i.k.n.KeyIO           MODE: 2nd degree decls took 0 
59706      INFO  Test worker     d.u.i.k.n.KeyIO           Parsing took 0 ms 
59706      DEBUG Test worker     d.u.i.k.n.KeyIO           Load declarations of de.uka.ilkd.key.nparser.KeyAst$File:  <unknown>:1#1 
59706      INFO  Test worker     d.u.i.k.n.KeyIO           MODE: declarations took 0 ms 
59706      DEBUG Test worker     d.u.i.k.n.KeyIO           MODE: 2nd degree decls took 0 
62997      INFO  Test worker     d.u.i.k.n.KeyIO           Parsing took 1 ms 
62997      DEBUG Test worker     d.u.i.k.n.KeyIO           Load declarations of de.uka.ilkd.key.nparser.KeyAst$File:  <unknown>:1#1 
62998      INFO  Test worker     d.u.i.k.n.KeyIO           MODE: declarations took 1 ms 
62998      DEBUG Test worker     d.u.i.k.n.KeyIO           MODE: 2nd degree decls took 0 
64019      INFO  Test worker     d.u.i.k.n.KeyIO           Parsing took 0 ms 
64020      DEBUG Test worker     d.u.i.k.n.KeyIO           Load declarations of de.uka.ilkd.key.nparser.KeyAst$File:  <unknown>:1#1 
64021      INFO  Test worker     d.u.i.k.n.KeyIO           MODE: declarations took 1 ms 
64021      DEBUG Test worker     d.u.i.k.n.KeyIO           MODE: 2nd degree decls took 0 
67308      INFO  Test worker     d.u.i.k.n.KeyIO           Parsing took 0 ms 
67308      DEBUG Test worker     d.u.i.k.n.KeyIO           Load declarations of de.uka.ilkd.key.nparser.KeyAst$File:  <unknown>:1#1 
67308      INFO  Test worker     d.u.i.k.n.KeyIO           MODE: declarations took 0 ms 
67308      DEBUG Test worker     d.u.i.k.n.KeyIO           MODE: 2nd degree decls took 0 
68324      INFO  Test worker     d.u.i.k.n.KeyIO           Parsing took 0 ms 
68324      DEBUG Test worker     d.u.i.k.n.KeyIO           Load declarations of de.uka.ilkd.key.nparser.KeyAst$File:  <unknown>:1#1 
68324      INFO  Test worker     d.u.i.k.n.KeyIO           MODE: declarations took 0 ms 
68324      DEBUG Test worker     d.u.i.k.n.KeyIO           MODE: 2nd degree decls took 0 
71702      INFO  Test worker     d.u.i.k.n.KeyIO           Parsing took 0 ms 
71702      DEBUG Test worker     d.u.i.k.n.KeyIO           Load declarations of de.uka.ilkd.key.nparser.KeyAst$File:  <unknown>:1#1 
71702      INFO  Test worker     d.u.i.k.n.KeyIO           MODE: declarations took 0 ms 
71702      DEBUG Test worker     d.u.i.k.n.KeyIO           MODE: 2nd degree decls took 0 
72716      INFO  Test worker     d.u.i.k.n.KeyIO           Parsing took 0 ms 
72717      DEBUG Test worker     d.u.i.k.n.KeyIO           Load declarations of de.uka.ilkd.key.nparser.KeyAst$File:  <unknown>:1#1 
72718      INFO  Test worker     d.u.i.k.n.KeyIO           MODE: declarations took 1 ms 
72719      DEBUG Test worker     d.u.i.k.n.KeyIO           MODE: 2nd degree decls took 1 
76003      INFO  Test worker     d.u.i.k.n.KeyIO           Parsing took 0 ms 
76004      DEBUG Test worker     d.u.i.k.n.KeyIO           Load declarations of de.uka.ilkd.key.nparser.KeyAst$File:  <unknown>:1#1 
76004      INFO  Test worker     d.u.i.k.n.KeyIO           MODE: declarations took 0 ms 
76005      DEBUG Test worker     d.u.i.k.n.KeyIO           MODE: 2nd degree decls took 0 
76971      INFO  Test worker     d.u.i.k.n.KeyIO           Parsing took 0 ms 
76972      DEBUG Test worker     d.u.i.k.n.KeyIO           Load declarations of de.uka.ilkd.key.nparser.KeyAst$File:  <unknown>:1#1 
76973      INFO  Test worker     d.u.i.k.n.KeyIO           MODE: declarations took 1 ms 
76973      DEBUG Test worker     d.u.i.k.n.KeyIO           MODE: 2nd degree decls took 0 
80309      INFO  Test worker     d.u.i.k.n.KeyIO           Parsing took 0 ms 
80309      DEBUG Test worker     d.u.i.k.n.KeyIO           Load declarations of de.uka.ilkd.key.nparser.KeyAst$File:  <unknown>:1#1 
80310      INFO  Test worker     d.u.i.k.n.KeyIO           MODE: declarations took 1 ms 
80310      DEBUG Test worker     d.u.i.k.n.KeyIO           MODE: 2nd degree decls took 0 
81313      INFO  Test worker     d.u.i.k.n.KeyIO           Parsing took 0 ms 
81314      DEBUG Test worker     d.u.i.k.n.KeyIO           Load declarations of de.uka.ilkd.key.nparser.KeyAst$File:  <unknown>:1#1 
81314      INFO  Test worker     d.u.i.k.n.KeyIO           MODE: declarations took 0 ms 
81314      DEBUG Test worker     d.u.i.k.n.KeyIO           MODE: 2nd degree decls took 0 
87804      INFO  Test worker     d.u.i.k.n.KeyIO           Parsing took 1 ms 
87804      DEBUG Test worker     d.u.i.k.n.KeyIO           Load declarations of de.uka.ilkd.key.nparser.KeyAst$File:  <unknown>:1#1 
87804      INFO  Test worker     d.u.i.k.n.KeyIO           MODE: declarations took 0 ms 
87804      DEBUG Test worker     d.u.i.k.n.KeyIO           MODE: 2nd degree decls took 0 
88820      INFO  Test worker     d.u.i.k.n.KeyIO           Parsing took 0 ms 
88820      DEBUG Test worker     d.u.i.k.n.KeyIO           Load declarations of de.uka.ilkd.key.nparser.KeyAst$File:  <unknown>:1#1 
88821      INFO  Test worker     d.u.i.k.n.KeyIO           MODE: declarations took 1 ms 
88821      DEBUG Test worker     d.u.i.k.n.KeyIO           MODE: 2nd degree decls took 0 
92204      INFO  Test worker     d.u.i.k.n.KeyIO           Parsing took 0 ms 
92204      DEBUG Test worker     d.u.i.k.n.KeyIO           Load declarations of de.uka.ilkd.key.nparser.KeyAst$File:  <unknown>:1#1 
92205      INFO  Test worker     d.u.i.k.n.KeyIO           MODE: declarations took 1 ms 
92205      DEBUG Test worker     d.u.i.k.n.KeyIO           MODE: 2nd degree decls took 0 
93227      INFO  Test worker     d.u.i.k.n.KeyIO           Parsing took 0 ms 
93228      DEBUG Test worker     d.u.i.k.n.KeyIO           Load declarations of de.uka.ilkd.key.nparser.KeyAst$File:  <unknown>:1#1 
93229      INFO  Test worker     d.u.i.k.n.KeyIO           MODE: declarations took 1 ms 
93229      DEBUG Test worker     d.u.i.k.n.KeyIO           MODE: 2nd degree decls took 0 
]]></system-out>
  <system-err><![CDATA[]]></system-err>
</testsuite>
