<?xml version="1.0" encoding="UTF-8"?>
<testsuite name="de.uka.ilkd.key.parser.TestTermParserSorts" tests="2" skipped="0" failures="0" errors="0" timestamp="2023-04-25T07:52:24" hostname="fv-az571-371" time="3.31">
  <properties/>
  <testcase name="testParseIntegerArgs()" classname="de.uka.ilkd.key.parser.TestTermParserSorts" time="0.015"/>
  <testcase name="testParseSequencePrettySyntax()" classname="de.uka.ilkd.key.parser.TestTermParserSorts" time="0.001"/>
  <system-out><![CDATA[476697     INFO  Test worker     d.u.i.k.n.KeyIO           Parsing took 0 ms 
476697     DEBUG Test worker     d.u.i.k.n.KeyIO           Load declarations of de.uka.ilkd.key.nparser.KeyAst$File:  <unknown>:1#1 
476698     INFO  Test worker     d.u.i.k.n.KeyIO           MODE: declarations took 1 ms 
476698     DEBUG Test worker     d.u.i.k.n.KeyIO           MODE: 2nd degree decls took 0 
476698     INFO  Test worker     d.u.i.k.n.KeyIO           Parsing took 0 ms 
476698     DEBUG Test worker     d.u.i.k.n.KeyIO           Load declarations of de.uka.ilkd.key.nparser.KeyAst$File:  <unknown>:1#1 
476698     INFO  Test worker     d.u.i.k.n.KeyIO           MODE: declarations took 0 ms 
476698     DEBUG Test worker     d.u.i.k.n.KeyIO           MODE: 2nd degree decls took 0 
476698     INFO  Test worker     d.u.i.k.n.KeyIO           Parsing took 0 ms 
476698     DEBUG Test worker     d.u.i.k.n.KeyIO           Load declarations of de.uka.ilkd.key.nparser.KeyAst$File:  <unknown>:1#1 
476698     INFO  Test worker     d.u.i.k.n.KeyIO           MODE: declarations took 0 ms 
476698     DEBUG Test worker     d.u.i.k.n.KeyIO           MODE: 2nd degree decls took 0 
480006     INFO  Test worker     d.u.i.k.n.KeyIO           Parsing took 0 ms 
480006     DEBUG Test worker     d.u.i.k.n.KeyIO           Load declarations of de.uka.ilkd.key.nparser.KeyAst$File:  <unknown>:1#1 
480006     INFO  Test worker     d.u.i.k.n.KeyIO           MODE: declarations took 0 ms 
480006     DEBUG Test worker     d.u.i.k.n.KeyIO           MODE: 2nd degree decls took 0 
480006     INFO  Test worker     d.u.i.k.n.KeyIO           Parsing took 0 ms 
480006     DEBUG Test worker     d.u.i.k.n.KeyIO           Load declarations of de.uka.ilkd.key.nparser.KeyAst$File:  <unknown>:1#1 
480006     INFO  Test worker     d.u.i.k.n.KeyIO           MODE: declarations took 0 ms 
480006     DEBUG Test worker     d.u.i.k.n.KeyIO           MODE: 2nd degree decls took 0 
480006     INFO  Test worker     d.u.i.k.n.KeyIO           Parsing took 0 ms 
480006     DEBUG Test worker     d.u.i.k.n.KeyIO           Load declarations of de.uka.ilkd.key.nparser.KeyAst$File:  <unknown>:1#1 
480006     INFO  Test worker     d.u.i.k.n.KeyIO           MODE: declarations took 0 ms 
480006     DEBUG Test worker     d.u.i.k.n.KeyIO           MODE: 2nd degree decls took 0 
]]></system-out>
  <system-err><![CDATA[]]></system-err>
</testsuite>
