<?xml version="1.0" encoding="UTF-8"?>
<testsuite name="de.uka.ilkd.key.java.TestContextStatementBlock" tests="1" skipped="0" failures="0" errors="0" timestamp="2023-04-25T07:44:53" hostname="fv-az571-371" time="1.293">
  <properties/>
  <testcase name="testContextTermInstantiation()" classname="de.uka.ilkd.key.java.TestContextStatementBlock" time="1.293"/>
  <system-out><![CDATA[26212      INFO  Test worker     d.u.i.k.n.KeyIO           Parsing took 4 ms 
26213      DEBUG Test worker     d.u.i.k.n.KeyIO           Load declarations of de.uka.ilkd.key.nparser.KeyAst$File:  /home/runner/work/key/key/key.core/src/test/resources/testcase/testrules.key:9#1 
26214      INFO  Test worker     d.u.i.k.n.KeyIO           MODE: declarations took 2 ms 
26214      DEBUG Test worker     d.u.i.k.n.KeyIO           MODE: 2nd degree decls took 0 
26317      DEBUG Test worker     d.u.i.k.n.KeyIO           MODE: taclets took 102ms 
]]></system-out>
  <system-err><![CDATA[]]></system-err>
</testsuite>
