<?xml version="1.0" encoding="UTF-8"?>
<testsuite name="de.uka.ilkd.key.rule.merge.PredicateAbstractionLatticeTests" tests="3" skipped="0" failures="0" errors="0" timestamp="2023-04-25T07:54:36" hostname="fv-az571-371" time="6.564">
  <properties/>
  <testcase name="testToAndFromString()" classname="de.uka.ilkd.key.rule.merge.PredicateAbstractionLatticeTests" time="3.263"/>
  <testcase name="testCreateSignLatticeWithPredicates()" classname="de.uka.ilkd.key.rule.merge.PredicateAbstractionLatticeTests" time="3.301"/>
  <testcase name="testTrivialPredicatesLattice()" classname="de.uka.ilkd.key.rule.merge.PredicateAbstractionLatticeTests" time="0.0"/>
  <system-out><![CDATA[608471     INFO  Test worker     d.u.i.k.p.i.AbstractProblemLoader Loading environment from src/test/resources/testcase/merge/dummy.key 
608471     DEBUG Test worker     d.u.i.k.p.i.AbstractProblemLoader Environment load took 82.2ns 
608471     INFO  Test worker     d.u.i.k.p.i.AbstractProblemLoader Creating init config 
611713     DEBUG Test worker     d.u.i.k.p.i.AbstractProblemLoader Init config took 3.24s 
611730     INFO  Test worker     d.u.i.k.p.i.AbstractProblemLoader Replaying proof dummy.key 
611731     DEBUG Test worker     d.u.i.k.p.i.IntermediateProofReplayer Proof replay took 7.6ns 
611733     INFO  Test worker     d.u.i.k.p.i.AbstractProblemLoader Loading environment from src/test/resources/testcase/merge/dummy.key 
611733     DEBUG Test worker     d.u.i.k.p.i.AbstractProblemLoader Environment load took 94.5ns 
611734     INFO  Test worker     d.u.i.k.p.i.AbstractProblemLoader Creating init config 
615013     DEBUG Test worker     d.u.i.k.p.i.AbstractProblemLoader Init config took 3.28s 
615027     INFO  Test worker     d.u.i.k.p.i.AbstractProblemLoader Replaying proof dummy.key 
615028     DEBUG Test worker     d.u.i.k.p.i.IntermediateProofReplayer Proof replay took 6.6ns 
]]></system-out>
  <system-err><![CDATA[]]></system-err>
</testsuite>
