<?xml version="1.0" encoding="UTF-8"?>
<testsuite name="de.uka.ilkd.key.proof.TestOneStepSimplifier" tests="1" skipped="0" failures="0" errors="0" timestamp="2023-04-25T07:52:28" hostname="fv-az571-371" time="4.554">
  <properties/>
  <testcase name="loadWithRestriction()" classname="de.uka.ilkd.key.proof.TestOneStepSimplifier" time="4.554"/>
  <system-out><![CDATA[480035     INFO  Test worker     d.u.i.k.p.i.AbstractProblemLoader Loading environment from src/test/resources/testcase/ossRestriction.proof 
480036     DEBUG Test worker     d.u.i.k.p.i.AbstractProblemLoader Environment load took 355.9ns 
480037     INFO  Test worker     d.u.i.k.p.i.AbstractProblemLoader Creating init config 
480250     DEBUG Test worker     d.u.i.k.j.TypeConverter   No LDT found for Meta 
480250     DEBUG Test worker     d.u.i.k.j.TypeConverter   No LDT found for Meta 
480252     DEBUG Test worker     d.u.i.k.j.TypeConverter   No LDT found for Meta 
480252     DEBUG Test worker     d.u.i.k.j.TypeConverter   No LDT found for Meta 
480874     DEBUG Test worker     d.u.i.k.j.TypeConverter   No LDT found for JavaBigintExpression 
484560     DEBUG Test worker     d.u.i.k.p.i.AbstractProblemLoader Init config took 4.52s 
484585     INFO  Test worker     d.u.i.k.p.i.AbstractProblemLoader Replaying proof ossRestriction.proof 
484589     DEBUG Test worker     d.u.i.k.p.i.IntermediateProofReplayer Proof replay took 1.03ms 
]]></system-out>
  <system-err><![CDATA[]]></system-err>
</testsuite>
