<?xml version="1.0" encoding="UTF-8"?>
<testsuite name="de.uka.ilkd.key.gui.KeyboardTacletTest" tests="1" skipped="0" failures="0" errors="0" timestamp="2023-02-01T16:09:10" hostname="fv-az216-874" time="0.029">
  <properties/>
  <testcase name="prefixTest()" classname="de.uka.ilkd.key.gui.KeyboardTacletTest" time="0.029"/>
  <system-out><![CDATA[]]></system-out>
  <system-err><![CDATA[]]></system-err>
</testsuite>
