<?xml version="1.0" encoding="UTF-8"?>
<testsuite name="de.uka.ilkd.key.parser.TestTermParser" tests="47" skipped="4" failures="0" errors="0" timestamp="2023-04-03T10:56:13" hostname="fv-az578-974" time="4.122">
  <properties/>
  <testcase name="testNotEqual()" classname="de.uka.ilkd.key.parser.TestTermParser" time="0.004"/>
  <testcase name="testProgramVariables()" classname="de.uka.ilkd.key.parser.TestTermParser" time="0.067"/>
  <testcase name="testAttributeWithSpecifiedSortOnObject()" classname="de.uka.ilkd.key.parser.TestTermParser" time="0.004"/>
  <testcase name="testCast()" classname="de.uka.ilkd.key.parser.TestTermParser" time="0.001"/>
  <testcase name="testJavaQueryAndAttribute_all()" classname="de.uka.ilkd.key.parser.TestTermParser" time="0.001">
    <skipped/>
  </testcase>
  <testcase name="test10()" classname="de.uka.ilkd.key.parser.TestTermParser" time="0.004"/>
  <testcase name="test11()" classname="de.uka.ilkd.key.parser.TestTermParser" time="0.007"/>
  <testcase name="test12()" classname="de.uka.ilkd.key.parser.TestTermParser" time="0.0">
    <skipped/>
  </testcase>
  <testcase name="test13()" classname="de.uka.ilkd.key.parser.TestTermParser" time="0.004"/>
  <testcase name="test14()" classname="de.uka.ilkd.key.parser.TestTermParser" time="0.002"/>
  <testcase name="test1a()" classname="de.uka.ilkd.key.parser.TestTermParser" time="0.002"/>
  <testcase name="testJavaAttributeAccess_4()" classname="de.uka.ilkd.key.parser.TestTermParser" time="0.002"/>
  <testcase name="testAttributeOnObject()" classname="de.uka.ilkd.key.parser.TestTermParser" time="0.003"/>
  <testcase name="testNegativeLiteralParsing1()" classname="de.uka.ilkd.key.parser.TestTermParser" time="0.001"/>
  <testcase name="testNegativeLiteralParsing2()" classname="de.uka.ilkd.key.parser.TestTermParser" time="0.002"/>
  <testcase name="testNegativeLiteralParsing3()" classname="de.uka.ilkd.key.parser.TestTermParser" time="0.001"/>
  <testcase name="xtestParsingArrayWithSpaces()" classname="de.uka.ilkd.key.parser.TestTermParser" time="0.0">
    <skipped/>
  </testcase>
  <testcase name="testAmbigiousFuncVarPred()" classname="de.uka.ilkd.key.parser.TestTermParser" time="0.001"/>
  <testcase name="test1()" classname="de.uka.ilkd.key.parser.TestTermParser" time="0.001"/>
  <testcase name="test2()" classname="de.uka.ilkd.key.parser.TestTermParser" time="0.002"/>
  <testcase name="test3()" classname="de.uka.ilkd.key.parser.TestTermParser" time="0.002"/>
  <testcase name="test5()" classname="de.uka.ilkd.key.parser.TestTermParser" time="0.001"/>
  <testcase name="test6()" classname="de.uka.ilkd.key.parser.TestTermParser" time="0.002"/>
  <testcase name="test7()" classname="de.uka.ilkd.key.parser.TestTermParser" time="0.001"/>
  <testcase name="test8()" classname="de.uka.ilkd.key.parser.TestTermParser" time="0.002"/>
  <testcase name="test9()" classname="de.uka.ilkd.key.parser.TestTermParser" time="0.001"/>
  <testcase name="testBindingUpdateTerm()" classname="de.uka.ilkd.key.parser.TestTermParser" time="0.002"/>
  <testcase name="testJavaStaticQuery()" classname="de.uka.ilkd.key.parser.TestTermParser" time="0.003"/>
  <testcase name="testInfix1()" classname="de.uka.ilkd.key.parser.TestTermParser" time="0.001"/>
  <testcase name="testInfix2()" classname="de.uka.ilkd.key.parser.TestTermParser" time="0.002"/>
  <testcase name="testInfix3()" classname="de.uka.ilkd.key.parser.TestTermParser" time="0.002"/>
  <testcase name="testInfix4()" classname="de.uka.ilkd.key.parser.TestTermParser" time="0.002"/>
  <testcase name="testIfThenElse()" classname="de.uka.ilkd.key.parser.TestTermParser" time="0.001"/>
  <testcase name="testJavaAttributeAccessBoth_1()" classname="de.uka.ilkd.key.parser.TestTermParser" time="0.002"/>
  <testcase name="testJavaAttributeAccessBoth_2()" classname="de.uka.ilkd.key.parser.TestTermParser" time="0.003"/>
  <testcase name="testJavaAttributeAccessBoth_3()" classname="de.uka.ilkd.key.parser.TestTermParser" time="0.003"/>
  <testcase name="testBindingUpdateTerm_1()" classname="de.uka.ilkd.key.parser.TestTermParser" time="0.002"/>
  <testcase name="testBindingUpdateTerm_3()" classname="de.uka.ilkd.key.parser.TestTermParser" time="0.003"/>
  <testcase name="testBindingUpdateTerm_4()" classname="de.uka.ilkd.key.parser.TestTermParser" time="0.001"/>
  <testcase name="testBindingUpdateTerm_5()" classname="de.uka.ilkd.key.parser.TestTermParser" time="0.002"/>
  <testcase name="testBindingUpdateTerm_6()" classname="de.uka.ilkd.key.parser.TestTermParser" time="0.002"/>
  <testcase name="testBindingUpdateTerm_7()" classname="de.uka.ilkd.key.parser.TestTermParser" time="0.001"/>
  <testcase name="testBindingUpdateTerm_8()" classname="de.uka.ilkd.key.parser.TestTermParser" time="0.002"/>
  <testcase name="testParsingArray()" classname="de.uka.ilkd.key.parser.TestTermParser" time="0.003"/>
  <testcase name="xtestBindingUpdateTermOldBindingAlternative()" classname="de.uka.ilkd.key.parser.TestTermParser" time="0.0">
    <skipped/>
  </testcase>
  <testcase name="testJavaStaticQueryWithParameter()" classname="de.uka.ilkd.key.parser.TestTermParser" time="0.004"/>
  <testcase name="testParsingArrayCombination()" classname="de.uka.ilkd.key.parser.TestTermParser" time="0.002"/>
  <system-out><![CDATA[320534     INFO  Test worker     d.u.i.k.n.KeyIO           Parsing took 2 ms 
320534     INFO  Test worker     d.u.i.k.n.KeyIO           MODE: declarations took 0 ms 
320536     WARN  Test worker     d.u.i.k.j.r.KeYCrossReferenceNameInfo Datatype T declared twice: Once in UNKNOWN:unknown and once in UNKNOWN:unknown, Keeping one from UNKNOWN:unknown 
320625     INFO  Test worker     d.u.i.k.n.KeyIO           Parsing took 0 ms 
320625     INFO  Test worker     d.u.i.k.n.KeyIO           MODE: declarations took 0 ms 
320692     WARN  Test worker     d.u.i.k.j.r.KeYCrossReferenceNameInfo Datatype T declared twice: Once in UNKNOWN:unknown and once in UNKNOWN:unknown, Keeping one from UNKNOWN:unknown 
320783     INFO  Test worker     d.u.i.k.n.KeyIO           Parsing took 0 ms 
320784     INFO  Test worker     d.u.i.k.n.KeyIO           MODE: declarations took 0 ms 
320788     WARN  Test worker     d.u.i.k.j.r.KeYCrossReferenceNameInfo Datatype T declared twice: Once in UNKNOWN:unknown and once in UNKNOWN:unknown, Keeping one from UNKNOWN:unknown 
320876     INFO  Test worker     d.u.i.k.n.KeyIO           Parsing took 0 ms 
320876     INFO  Test worker     d.u.i.k.n.KeyIO           MODE: declarations took 0 ms 
320877     WARN  Test worker     d.u.i.k.j.r.KeYCrossReferenceNameInfo Datatype T declared twice: Once in UNKNOWN:unknown and once in UNKNOWN:unknown, Keeping one from UNKNOWN:unknown 
320962     WARN  Test worker     d.u.i.k.j.r.KeYCrossReferenceNameInfo Datatype T declared twice: Once in UNKNOWN:unknown and once in UNKNOWN:unknown, Keeping one from UNKNOWN:unknown 
321047     INFO  Test worker     d.u.i.k.n.KeyIO           Parsing took 0 ms 
321048     INFO  Test worker     d.u.i.k.n.KeyIO           MODE: declarations took 0 ms 
321050     INFO  Test worker     d.u.i.k.p.TestTermParser  Out: \<{
  int x = 1;
  {
    int s = 2;
  }
}\> (equals(x,x)) 
321051     WARN  Test worker     d.u.i.k.j.r.KeYCrossReferenceNameInfo Datatype T declared twice: Once in UNKNOWN:unknown and once in UNKNOWN:unknown, Keeping one from UNKNOWN:unknown 
321137     INFO  Test worker     d.u.i.k.n.KeyIO           Parsing took 0 ms 
321137     INFO  Test worker     d.u.i.k.n.KeyIO           MODE: declarations took 0 ms 
321138     INFO  Test worker     d.u.i.k.p.TestTermParser  Out: \[{
  int x = 2;
  {
    String s = ""}";
  }
}\] (true) 
321144     WARN  Test worker     d.u.i.k.j.r.KeYCrossReferenceNameInfo Datatype T declared twice: Once in UNKNOWN:unknown and once in UNKNOWN:unknown, Keeping one from UNKNOWN:unknown 
321229     WARN  Test worker     d.u.i.k.j.r.KeYCrossReferenceNameInfo Datatype T declared twice: Once in UNKNOWN:unknown and once in UNKNOWN:unknown, Keeping one from UNKNOWN:unknown 
321317     INFO  Test worker     d.u.i.k.n.KeyIO           Parsing took 1 ms 
321317     INFO  Test worker     d.u.i.k.n.KeyIO           MODE: declarations took 0 ms 
321321     WARN  Test worker     d.u.i.k.j.r.KeYCrossReferenceNameInfo Datatype T declared twice: Once in UNKNOWN:unknown and once in UNKNOWN:unknown, Keeping one from UNKNOWN:unknown 
321409     INFO  Test worker     d.u.i.k.n.KeyIO           Parsing took 0 ms 
321410     INFO  Test worker     d.u.i.k.n.KeyIO           MODE: declarations took 0 ms 
321411     INFO  Test worker     d.u.i.k.p.TestTermParser  Out: \<{
  int[] i;
}\> (diamond(true)) 
321412     WARN  Test worker     d.u.i.k.j.r.KeYCrossReferenceNameInfo Datatype T declared twice: Once in UNKNOWN:unknown and once in UNKNOWN:unknown, Keeping one from UNKNOWN:unknown 
321498     INFO  Test worker     d.u.i.k.n.KeyIO           Parsing took 0 ms 
321498     INFO  Test worker     d.u.i.k.n.KeyIO           MODE: declarations took 0 ms 
321500     WARN  Test worker     d.u.i.k.j.r.KeYCrossReferenceNameInfo Datatype T declared twice: Once in UNKNOWN:unknown and once in UNKNOWN:unknown, Keeping one from UNKNOWN:unknown 
321586     INFO  Test worker     d.u.i.k.n.KeyIO           Parsing took 0 ms 
321587     INFO  Test worker     d.u.i.k.n.KeyIO           MODE: declarations took 0 ms 
321589     WARN  Test worker     d.u.i.k.j.r.KeYCrossReferenceNameInfo Datatype T declared twice: Once in UNKNOWN:unknown and once in UNKNOWN:unknown, Keeping one from UNKNOWN:unknown 
321674     INFO  Test worker     d.u.i.k.n.KeyIO           Parsing took 0 ms 
321675     INFO  Test worker     d.u.i.k.n.KeyIO           MODE: declarations took 0 ms 
321678     WARN  Test worker     d.u.i.k.j.r.KeYCrossReferenceNameInfo Datatype T declared twice: Once in UNKNOWN:unknown and once in UNKNOWN:unknown, Keeping one from UNKNOWN:unknown 
321762     INFO  Test worker     d.u.i.k.n.KeyIO           Parsing took 0 ms 
321763     INFO  Test worker     d.u.i.k.n.KeyIO           MODE: declarations took 1 ms 
321763     WARN  Test worker     d.u.i.k.j.r.KeYCrossReferenceNameInfo Datatype T declared twice: Once in UNKNOWN:unknown and once in UNKNOWN:unknown, Keeping one from UNKNOWN:unknown 
321849     INFO  Test worker     d.u.i.k.n.KeyIO           Parsing took 0 ms 
321849     INFO  Test worker     d.u.i.k.n.KeyIO           MODE: declarations took 0 ms 
321851     WARN  Test worker     d.u.i.k.j.r.KeYCrossReferenceNameInfo Datatype T declared twice: Once in UNKNOWN:unknown and once in UNKNOWN:unknown, Keeping one from UNKNOWN:unknown 
321937     INFO  Test worker     d.u.i.k.n.KeyIO           Parsing took 0 ms 
321937     INFO  Test worker     d.u.i.k.n.KeyIO           MODE: declarations took 0 ms 
321938     WARN  Test worker     d.u.i.k.j.r.KeYCrossReferenceNameInfo Datatype T declared twice: Once in UNKNOWN:unknown and once in UNKNOWN:unknown, Keeping one from UNKNOWN:unknown 
322024     WARN  Test worker     d.u.i.k.j.r.KeYCrossReferenceNameInfo Datatype T declared twice: Once in UNKNOWN:unknown and once in UNKNOWN:unknown, Keeping one from UNKNOWN:unknown 
322109     INFO  Test worker     d.u.i.k.n.KeyIO           Parsing took 0 ms 
322110     INFO  Test worker     d.u.i.k.n.KeyIO           MODE: declarations took 1 ms 
322110     WARN  Test worker     d.u.i.k.j.r.KeYCrossReferenceNameInfo Datatype T declared twice: Once in UNKNOWN:unknown and once in UNKNOWN:unknown, Keeping one from UNKNOWN:unknown 
322196     INFO  Test worker     d.u.i.k.n.KeyIO           Parsing took 0 ms 
322196     INFO  Test worker     d.u.i.k.n.KeyIO           MODE: declarations took 0 ms 
322198     WARN  Test worker     d.u.i.k.j.r.KeYCrossReferenceNameInfo Datatype T declared twice: Once in UNKNOWN:unknown and once in UNKNOWN:unknown, Keeping one from UNKNOWN:unknown 
322283     INFO  Test worker     d.u.i.k.n.KeyIO           Parsing took 0 ms 
322284     INFO  Test worker     d.u.i.k.n.KeyIO           MODE: declarations took 0 ms 
322285     WARN  Test worker     d.u.i.k.j.r.KeYCrossReferenceNameInfo Datatype T declared twice: Once in UNKNOWN:unknown and once in UNKNOWN:unknown, Keeping one from UNKNOWN:unknown 
322370     INFO  Test worker     d.u.i.k.n.KeyIO           Parsing took 0 ms 
322371     INFO  Test worker     d.u.i.k.n.KeyIO           MODE: declarations took 0 ms 
322372     WARN  Test worker     d.u.i.k.j.r.KeYCrossReferenceNameInfo Datatype T declared twice: Once in UNKNOWN:unknown and once in UNKNOWN:unknown, Keeping one from UNKNOWN:unknown 
322457     INFO  Test worker     d.u.i.k.n.KeyIO           Parsing took 0 ms 
322458     INFO  Test worker     d.u.i.k.n.KeyIO           MODE: declarations took 1 ms 
322459     WARN  Test worker     d.u.i.k.j.r.KeYCrossReferenceNameInfo Datatype T declared twice: Once in UNKNOWN:unknown and once in UNKNOWN:unknown, Keeping one from UNKNOWN:unknown 
322545     INFO  Test worker     d.u.i.k.n.KeyIO           Parsing took 0 ms 
322545     INFO  Test worker     d.u.i.k.n.KeyIO           MODE: declarations took 0 ms 
322546     WARN  Test worker     d.u.i.k.j.r.KeYCrossReferenceNameInfo Datatype T declared twice: Once in UNKNOWN:unknown and once in UNKNOWN:unknown, Keeping one from UNKNOWN:unknown 
322632     INFO  Test worker     d.u.i.k.n.KeyIO           Parsing took 0 ms 
322632     INFO  Test worker     d.u.i.k.n.KeyIO           MODE: declarations took 0 ms 
322633     WARN  Test worker     d.u.i.k.j.r.KeYCrossReferenceNameInfo Datatype T declared twice: Once in UNKNOWN:unknown and once in UNKNOWN:unknown, Keeping one from UNKNOWN:unknown 
322719     INFO  Test worker     d.u.i.k.n.KeyIO           Parsing took 0 ms 
322719     INFO  Test worker     d.u.i.k.n.KeyIO           MODE: declarations took 0 ms 
322721     WARN  Test worker     d.u.i.k.j.r.KeYCrossReferenceNameInfo Datatype T declared twice: Once in UNKNOWN:unknown and once in UNKNOWN:unknown, Keeping one from UNKNOWN:unknown 
322807     INFO  Test worker     d.u.i.k.n.KeyIO           Parsing took 0 ms 
322807     INFO  Test worker     d.u.i.k.n.KeyIO           MODE: declarations took 0 ms 
322808     WARN  Test worker     d.u.i.k.j.r.KeYCrossReferenceNameInfo Datatype T declared twice: Once in UNKNOWN:unknown and once in UNKNOWN:unknown, Keeping one from UNKNOWN:unknown 
322894     INFO  Test worker     d.u.i.k.n.KeyIO           Parsing took 0 ms 
322894     INFO  Test worker     d.u.i.k.n.KeyIO           MODE: declarations took 0 ms 
322896     WARN  Test worker     d.u.i.k.j.r.KeYCrossReferenceNameInfo Datatype T declared twice: Once in UNKNOWN:unknown and once in UNKNOWN:unknown, Keeping one from UNKNOWN:unknown 
322981     INFO  Test worker     d.u.i.k.n.KeyIO           Parsing took 0 ms 
322981     INFO  Test worker     d.u.i.k.n.KeyIO           MODE: declarations took 0 ms 
322984     WARN  Test worker     d.u.i.k.j.r.KeYCrossReferenceNameInfo Datatype T declared twice: Once in UNKNOWN:unknown and once in UNKNOWN:unknown, Keeping one from UNKNOWN:unknown 
323070     INFO  Test worker     d.u.i.k.n.KeyIO           Parsing took 1 ms 
323070     INFO  Test worker     d.u.i.k.n.KeyIO           MODE: declarations took 0 ms 
323071     WARN  Test worker     d.u.i.k.j.r.KeYCrossReferenceNameInfo Datatype T declared twice: Once in UNKNOWN:unknown and once in UNKNOWN:unknown, Keeping one from UNKNOWN:unknown 
323157     INFO  Test worker     d.u.i.k.n.KeyIO           Parsing took 0 ms 
323157     INFO  Test worker     d.u.i.k.n.KeyIO           MODE: declarations took 0 ms 
323159     WARN  Test worker     d.u.i.k.j.r.KeYCrossReferenceNameInfo Datatype T declared twice: Once in UNKNOWN:unknown and once in UNKNOWN:unknown, Keeping one from UNKNOWN:unknown 
323244     INFO  Test worker     d.u.i.k.n.KeyIO           Parsing took 0 ms 
323244     INFO  Test worker     d.u.i.k.n.KeyIO           MODE: declarations took 0 ms 
323246     WARN  Test worker     d.u.i.k.j.r.KeYCrossReferenceNameInfo Datatype T declared twice: Once in UNKNOWN:unknown and once in UNKNOWN:unknown, Keeping one from UNKNOWN:unknown 
323332     INFO  Test worker     d.u.i.k.n.KeyIO           Parsing took 0 ms 
323332     INFO  Test worker     d.u.i.k.n.KeyIO           MODE: declarations took 0 ms 
323334     WARN  Test worker     d.u.i.k.j.r.KeYCrossReferenceNameInfo Datatype T declared twice: Once in UNKNOWN:unknown and once in UNKNOWN:unknown, Keeping one from UNKNOWN:unknown 
323419     INFO  Test worker     d.u.i.k.n.KeyIO           Parsing took 0 ms 
323420     INFO  Test worker     d.u.i.k.n.KeyIO           MODE: declarations took 1 ms 
323421     WARN  Test worker     d.u.i.k.j.r.KeYCrossReferenceNameInfo Datatype T declared twice: Once in UNKNOWN:unknown and once in UNKNOWN:unknown, Keeping one from UNKNOWN:unknown 
323506     INFO  Test worker     d.u.i.k.n.KeyIO           Parsing took 0 ms 
323507     INFO  Test worker     d.u.i.k.n.KeyIO           MODE: declarations took 1 ms 
323509     WARN  Test worker     d.u.i.k.j.r.KeYCrossReferenceNameInfo Datatype T declared twice: Once in UNKNOWN:unknown and once in UNKNOWN:unknown, Keeping one from UNKNOWN:unknown 
323595     INFO  Test worker     d.u.i.k.n.KeyIO           Parsing took 0 ms 
323595     INFO  Test worker     d.u.i.k.n.KeyIO           MODE: declarations took 0 ms 
323598     WARN  Test worker     d.u.i.k.j.r.KeYCrossReferenceNameInfo Datatype T declared twice: Once in UNKNOWN:unknown and once in UNKNOWN:unknown, Keeping one from UNKNOWN:unknown 
323683     INFO  Test worker     d.u.i.k.n.KeyIO           Parsing took 0 ms 
323683     INFO  Test worker     d.u.i.k.n.KeyIO           MODE: declarations took 0 ms 
323686     WARN  Test worker     d.u.i.k.j.r.KeYCrossReferenceNameInfo Datatype T declared twice: Once in UNKNOWN:unknown and once in UNKNOWN:unknown, Keeping one from UNKNOWN:unknown 
323771     INFO  Test worker     d.u.i.k.n.KeyIO           Parsing took 0 ms 
323771     INFO  Test worker     d.u.i.k.n.KeyIO           MODE: declarations took 0 ms 
323773     WARN  Test worker     d.u.i.k.j.r.KeYCrossReferenceNameInfo Datatype T declared twice: Once in UNKNOWN:unknown and once in UNKNOWN:unknown, Keeping one from UNKNOWN:unknown 
323859     INFO  Test worker     d.u.i.k.n.KeyIO           Parsing took 1 ms 
323859     INFO  Test worker     d.u.i.k.n.KeyIO           MODE: declarations took 0 ms 
323862     WARN  Test worker     d.u.i.k.j.r.KeYCrossReferenceNameInfo Datatype T declared twice: Once in UNKNOWN:unknown and once in UNKNOWN:unknown, Keeping one from UNKNOWN:unknown 
323948     INFO  Test worker     d.u.i.k.n.KeyIO           Parsing took 0 ms 
323949     INFO  Test worker     d.u.i.k.n.KeyIO           MODE: declarations took 1 ms 
323949     WARN  Test worker     d.u.i.k.j.r.KeYCrossReferenceNameInfo Datatype T declared twice: Once in UNKNOWN:unknown and once in UNKNOWN:unknown, Keeping one from UNKNOWN:unknown 
324036     INFO  Test worker     d.u.i.k.n.KeyIO           Parsing took 1 ms 
324036     INFO  Test worker     d.u.i.k.n.KeyIO           MODE: declarations took 0 ms 
324037     WARN  Test worker     d.u.i.k.j.r.KeYCrossReferenceNameInfo Datatype T declared twice: Once in UNKNOWN:unknown and once in UNKNOWN:unknown, Keeping one from UNKNOWN:unknown 
324124     INFO  Test worker     d.u.i.k.n.KeyIO           Parsing took 0 ms 
324124     INFO  Test worker     d.u.i.k.n.KeyIO           MODE: declarations took 0 ms 
324126     WARN  Test worker     d.u.i.k.j.r.KeYCrossReferenceNameInfo Datatype T declared twice: Once in UNKNOWN:unknown and once in UNKNOWN:unknown, Keeping one from UNKNOWN:unknown 
324212     INFO  Test worker     d.u.i.k.n.KeyIO           Parsing took 1 ms 
324212     INFO  Test worker     d.u.i.k.n.KeyIO           MODE: declarations took 0 ms 
324213     WARN  Test worker     d.u.i.k.j.r.KeYCrossReferenceNameInfo Datatype T declared twice: Once in UNKNOWN:unknown and once in UNKNOWN:unknown, Keeping one from UNKNOWN:unknown 
324299     INFO  Test worker     d.u.i.k.n.KeyIO           Parsing took 0 ms 
324299     INFO  Test worker     d.u.i.k.n.KeyIO           MODE: declarations took 0 ms 
324301     WARN  Test worker     d.u.i.k.j.r.KeYCrossReferenceNameInfo Datatype T declared twice: Once in UNKNOWN:unknown and once in UNKNOWN:unknown, Keeping one from UNKNOWN:unknown 
324387     INFO  Test worker     d.u.i.k.n.KeyIO           Parsing took 0 ms 
324387     INFO  Test worker     d.u.i.k.n.KeyIO           MODE: declarations took 0 ms 
324390     WARN  Test worker     d.u.i.k.j.r.KeYCrossReferenceNameInfo Datatype T declared twice: Once in UNKNOWN:unknown and once in UNKNOWN:unknown, Keeping one from UNKNOWN:unknown 
324476     WARN  Test worker     d.u.i.k.j.r.KeYCrossReferenceNameInfo Datatype T declared twice: Once in UNKNOWN:unknown and once in UNKNOWN:unknown, Keeping one from UNKNOWN:unknown 
324562     INFO  Test worker     d.u.i.k.n.KeyIO           Parsing took 0 ms 
324562     INFO  Test worker     d.u.i.k.n.KeyIO           MODE: declarations took 0 ms 
324566     WARN  Test worker     d.u.i.k.j.r.KeYCrossReferenceNameInfo Datatype T declared twice: Once in UNKNOWN:unknown and once in UNKNOWN:unknown, Keeping one from UNKNOWN:unknown 
324651     INFO  Test worker     d.u.i.k.n.KeyIO           Parsing took 0 ms 
324651     INFO  Test worker     d.u.i.k.n.KeyIO           MODE: declarations took 0 ms 
]]></system-out>
  <system-err><![CDATA[]]></system-err>
</testsuite>
