<?xml version="1.0" encoding="UTF-8"?>
<testsuite name="de.uka.ilkd.key.nparser.ExprTest" tests="23" skipped="0" failures="0" errors="0" timestamp="2023-04-03T10:54:22" hostname="fv-az578-974" time="2.517">
  <properties/>
  <testcase name="[1] (bprod{int y;}(1, 2, y) = 0)" classname="de.uka.ilkd.key.nparser.ExprTest" time="0.022"/>
  <testcase name="[2] 1 = 1 -&gt; 2 = 2" classname="de.uka.ilkd.key.nparser.ExprTest" time="0.014"/>
  <testcase name="[3] \&lt; { int x = 1; } \&gt; x=1" classname="de.uka.ilkd.key.nparser.ExprTest" time="1.066"/>
  <testcase name="[4] \&lt;{ int x = 1; {int s = 2;} }\&gt; x=x" classname="de.uka.ilkd.key.nparser.ExprTest" time="0.995"/>
  <testcase name="[5] true" classname="de.uka.ilkd.key.nparser.ExprTest" time="0.013"/>
  <testcase name="[6] true &amp; false" classname="de.uka.ilkd.key.nparser.ExprTest" time="0.011"/>
  <testcase name="[7] 0" classname="de.uka.ilkd.key.nparser.ExprTest" time="0.015"/>
  <testcase name="[8] 1" classname="de.uka.ilkd.key.nparser.ExprTest" time="0.013"/>
  <testcase name="[9] 42" classname="de.uka.ilkd.key.nparser.ExprTest" time="0.099"/>
  <testcase name="[10] -5" classname="de.uka.ilkd.key.nparser.ExprTest" time="0.013"/>
  <testcase name="[11] 1 + 1 = 2" classname="de.uka.ilkd.key.nparser.ExprTest" time="0.015"/>
  <testcase name="[12] \if (3=4) \then (1) \else (2)" classname="de.uka.ilkd.key.nparser.ExprTest" time="0.021"/>
  <testcase name="[13] \if (3=4 &amp; 1=1) \then (\if (3=4) \then (1) \else (2)) \else (2)" classname="de.uka.ilkd.key.nparser.ExprTest" time="0.016"/>
  <testcase name="[14] aa + bb*cc" classname="de.uka.ilkd.key.nparser.ExprTest" time="0.024"/>
  <testcase name="[15] aa%bb*cc &lt; -123" classname="de.uka.ilkd.key.nparser.ExprTest" time="0.014"/>
  <testcase name="[16] \forall int x; true" classname="de.uka.ilkd.key.nparser.ExprTest" time="0.014"/>
  <testcase name="[17] \forall numbers x; x = x" classname="de.uka.ilkd.key.nparser.ExprTest" time="0.017"/>
  <testcase name="[18] (int)3+2" classname="de.uka.ilkd.key.nparser.ExprTest" time="0.013"/>
  <testcase name="[19] 1.f + 1f = 20e-1f * (2f-1f)" classname="de.uka.ilkd.key.nparser.ExprTest" time="0.018"/>
  <testcase name="[20] 1.d + 1d &lt;= 20e+1d * .01d" classname="de.uka.ilkd.key.nparser.ExprTest" time="0.016"/>
  <testcase name="[21] 1f &lt;= 2f" classname="de.uka.ilkd.key.nparser.ExprTest" time="0.015"/>
  <testcase name="[22] 2d &gt; 1d" classname="de.uka.ilkd.key.nparser.ExprTest" time="0.019"/>
  <testcase name="[23] seqEmpty + seqEmpty" classname="de.uka.ilkd.key.nparser.ExprTest" time="0.016"/>
  <system-out><![CDATA[209602     INFO  Test worker     d.u.i.k.n.KeyIO           Parsing took 12 ms 
209605     INFO  Test worker     d.u.i.k.n.KeyIO           MODE: declarations took 3 ms 
209609     INFO  Test worker     d.u.i.k.n.ExprTest        Term: equals(bprod{y:int}(Z(1(#)),Z(2(#)),y),Z(0(#))) 
209621     INFO  Test worker     d.u.i.k.n.KeyIO           Parsing took 9 ms 
209622     INFO  Test worker     d.u.i.k.n.KeyIO           MODE: declarations took 1 ms 
209624     INFO  Test worker     d.u.i.k.n.ExprTest        Term: imp(equals(Z(1(#)),Z(1(#))),equals(Z(2(#)),Z(2(#)))) 
209639     INFO  Test worker     d.u.i.k.n.KeyIO           Parsing took 11 ms 
209640     INFO  Test worker     d.u.i.k.n.KeyIO           MODE: declarations took 1 ms 
210690     INFO  Test worker     d.u.i.k.n.ExprTest        Term: \<{
  int x = 1;
}\> (equals(x,Z(1(#)))) 
210715     INFO  Test worker     d.u.i.k.n.KeyIO           Parsing took 16 ms 
210721     INFO  Test worker     d.u.i.k.n.KeyIO           MODE: declarations took 5 ms 
211692     INFO  Test worker     d.u.i.k.n.ExprTest        Term: \<{
  int x = 1;
  {
    int s = 2;
  }
}\> (equals(x,x)) 
211703     INFO  Test worker     d.u.i.k.n.KeyIO           Parsing took 8 ms 
211704     INFO  Test worker     d.u.i.k.n.KeyIO           MODE: declarations took 1 ms 
211706     INFO  Test worker     d.u.i.k.n.ExprTest        Term: true 
211716     INFO  Test worker     d.u.i.k.n.KeyIO           Parsing took 8 ms 
211716     INFO  Test worker     d.u.i.k.n.KeyIO           MODE: declarations took 0 ms 
211718     INFO  Test worker     d.u.i.k.n.ExprTest        Term: and(true,false) 
211727     INFO  Test worker     d.u.i.k.n.KeyIO           Parsing took 7 ms 
211732     INFO  Test worker     d.u.i.k.n.KeyIO           MODE: declarations took 5 ms 
211734     INFO  Test worker     d.u.i.k.n.ExprTest        Term: Z(0(#)) 
211744     INFO  Test worker     d.u.i.k.n.KeyIO           Parsing took 8 ms 
211745     INFO  Test worker     d.u.i.k.n.KeyIO           MODE: declarations took 1 ms 
211747     INFO  Test worker     d.u.i.k.n.ExprTest        Term: Z(1(#)) 
211843     INFO  Test worker     d.u.i.k.n.KeyIO           Parsing took 94 ms 
211845     INFO  Test worker     d.u.i.k.n.KeyIO           MODE: declarations took 1 ms 
211847     INFO  Test worker     d.u.i.k.n.ExprTest        Term: Z(2(4(#))) 
211858     INFO  Test worker     d.u.i.k.n.KeyIO           Parsing took 8 ms 
211859     INFO  Test worker     d.u.i.k.n.KeyIO           MODE: declarations took 1 ms 
211861     INFO  Test worker     d.u.i.k.n.ExprTest        Term: Z(neglit(5(#))) 
211876     INFO  Test worker     d.u.i.k.n.KeyIO           Parsing took 8 ms 
211877     INFO  Test worker     d.u.i.k.n.KeyIO           MODE: declarations took 0 ms 
211880     INFO  Test worker     d.u.i.k.n.ExprTest        Term: equals(add(Z(1(#)),Z(1(#))),Z(2(#))) 
211895     INFO  Test worker     d.u.i.k.n.KeyIO           Parsing took 10 ms 
211898     INFO  Test worker     d.u.i.k.n.KeyIO           MODE: declarations took 1 ms 
211902     INFO  Test worker     d.u.i.k.n.ExprTest        Term: if-then-else(equals(Z(3(#)),Z(4(#))),Z(1(#)),Z(2(#))) 
211915     INFO  Test worker     d.u.i.k.n.KeyIO           Parsing took 9 ms 
211917     INFO  Test worker     d.u.i.k.n.KeyIO           MODE: declarations took 2 ms 
211919     INFO  Test worker     d.u.i.k.n.ExprTest        Term: if-then-else(and(equals(Z(3(#)),Z(4(#))),equals(Z(1(#)),Z(1(#)))),if-then-else(equals(Z(3(#)),Z(4(#))),Z(1(#)),Z(2(#))),Z(2(#))) 
211937     INFO  Test worker     d.u.i.k.n.KeyIO           Parsing took 13 ms 
211939     INFO  Test worker     d.u.i.k.n.KeyIO           MODE: declarations took 1 ms 
211943     INFO  Test worker     d.u.i.k.n.ExprTest        Term: add(aa,mul(bb,cc)) 
211955     INFO  Test worker     d.u.i.k.n.KeyIO           Parsing took 8 ms 
211956     INFO  Test worker     d.u.i.k.n.KeyIO           MODE: declarations took 0 ms 
211959     INFO  Test worker     d.u.i.k.n.ExprTest        Term: lt(mul(mod(aa,bb),cc),Z(neglit(3(2(1(#)))))) 
211971     INFO  Test worker     d.u.i.k.n.KeyIO           Parsing took 6 ms 
211974     INFO  Test worker     d.u.i.k.n.KeyIO           MODE: declarations took 1 ms 
211976     INFO  Test worker     d.u.i.k.n.ExprTest        Term: all{x:int}(true) 
211990     INFO  Test worker     d.u.i.k.n.KeyIO           Parsing took 10 ms 
211991     INFO  Test worker     d.u.i.k.n.KeyIO           MODE: declarations took 0 ms 
211995     INFO  Test worker     d.u.i.k.n.ExprTest        Term: all{x:numbers}(equals(x,x)) 
212007     INFO  Test worker     d.u.i.k.n.KeyIO           Parsing took 8 ms 
212008     INFO  Test worker     d.u.i.k.n.KeyIO           MODE: declarations took 1 ms 
212010     INFO  Test worker     d.u.i.k.n.ExprTest        Term: add(int::cast(Z(3(#))),Z(2(#))) 
212025     INFO  Test worker     d.u.i.k.n.KeyIO           Parsing took 8 ms 
212026     INFO  Test worker     d.u.i.k.n.KeyIO           MODE: declarations took 0 ms 
212029     INFO  Test worker     d.u.i.k.n.ExprTest        Term: equals(addFloat(FP(6(1(2(3(5(3(5(6(0(1(#))))))))))),FP(6(1(2(3(5(3(5(6(0(1(#)))))))))))),mulFloat(FP(4(2(8(1(4(7(3(7(0(1(#))))))))))),subFloat(FP(4(2(8(1(4(7(3(7(0(1(#))))))))))),FP(6(1(2(3(5(3(5(6(0(1(#)))))))))))))) 
212043     INFO  Test worker     d.u.i.k.n.KeyIO           Parsing took 8 ms 
212046     INFO  Test worker     d.u.i.k.n.KeyIO           MODE: declarations took 1 ms 
212048     INFO  Test worker     d.u.i.k.n.ExprTest        Term: leqDouble(addDouble(DFP(8(0(4(7(1(0(0(0(8(8(1(4(2(8(1(7(0(6(4(#)))))))))))))))))))),DFP(8(0(4(7(1(0(0(0(8(8(1(4(2(8(1(7(0(6(4(#))))))))))))))))))))),mulDouble(DFP(4(8(7(6(0(0(2(8(9(0(9(8(0(4(2(1(4(6(4(#)))))))))))))))))))),DFP(5(7(6(7(8(0(4(0(3(9(2(2(8(1(9(6(7(5(4(#)))))))))))))))))))))) 
212062     INFO  Test worker     d.u.i.k.n.KeyIO           Parsing took 7 ms 
212063     INFO  Test worker     d.u.i.k.n.KeyIO           MODE: declarations took 1 ms 
212066     INFO  Test worker     d.u.i.k.n.ExprTest        Term: leqFloat(FP(6(1(2(3(5(3(5(6(0(1(#))))))))))),FP(4(2(8(1(4(7(3(7(0(1(#)))))))))))) 
212078     INFO  Test worker     d.u.i.k.n.KeyIO           Parsing took 8 ms 
212081     INFO  Test worker     d.u.i.k.n.KeyIO           MODE: declarations took 1 ms 
212086     INFO  Test worker     d.u.i.k.n.ExprTest        Term: gtDouble(DFP(4(0(9(7(8(3(7(2(4(8(1(0(6(8(6(1(1(6(4(#)))))))))))))))))))),DFP(8(0(4(7(1(0(0(0(8(8(1(4(2(8(1(7(0(6(4(#))))))))))))))))))))) 
212099     INFO  Test worker     d.u.i.k.n.KeyIO           Parsing took 9 ms 
212100     INFO  Test worker     d.u.i.k.n.KeyIO           MODE: declarations took 1 ms 
212103     INFO  Test worker     d.u.i.k.n.ExprTest        Term: seqConcat(seqEmpty,seqEmpty) 
]]></system-out>
  <system-err><![CDATA[]]></system-err>
</testsuite>
