<?xml version="1.0" encoding="UTF-8"?>
<testsuite name="de.uka.ilkd.key.logic.TestClashFreeSubst" tests="14" skipped="2" failures="0" errors="0" timestamp="2023-04-03T10:51:30" hostname="fv-az578-974" time="53.545">
  <properties/>
  <testcase name="testMultiShareBound()" classname="de.uka.ilkd.key.logic.TestClashFreeSubst" time="1.02"/>
  <testcase name="testClash()" classname="de.uka.ilkd.key.logic.TestClashFreeSubst" time="1.015"/>
  <testcase name="testShare()" classname="de.uka.ilkd.key.logic.TestClashFreeSubst" time="0.994"/>
  <testcase name="testSubst()" classname="de.uka.ilkd.key.logic.TestClashFreeSubst" time="1.036"/>
  <testcase name="testWary0()" classname="de.uka.ilkd.key.logic.TestClashFreeSubst" time="0.968"/>
  <testcase name="testWary1()" classname="de.uka.ilkd.key.logic.TestClashFreeSubst" time="1.044"/>
  <testcase name="testWary2()" classname="de.uka.ilkd.key.logic.TestClashFreeSubst" time="0.967"/>
  <testcase name="testClashInSubstTerm()" classname="de.uka.ilkd.key.logic.TestClashFreeSubst" time="0.966"/>
  <testcase name="testShareWary()" classname="de.uka.ilkd.key.logic.TestClashFreeSubst" time="0.963"/>
  <testcase name="testMultiSubst()" classname="de.uka.ilkd.key.logic.TestClashFreeSubst" time="0.988"/>
  <testcase name="xtestMultiClash()" classname="de.uka.ilkd.key.logic.TestClashFreeSubst" time="0.0">
    <skipped/>
  </testcase>
  <testcase name="testSubstInSubstTerm()" classname="de.uka.ilkd.key.logic.TestClashFreeSubst" time="0.965"/>
  <testcase name="testSubstWary()" classname="de.uka.ilkd.key.logic.TestClashFreeSubst" time="0.966"/>
  <testcase name="xtestMultiClash1()" classname="de.uka.ilkd.key.logic.TestClashFreeSubst" time="0.0">
    <skipped/>
  </testcase>
  <system-out><![CDATA[37434      INFO  Test worker     d.u.i.k.n.KeyIO           Parsing took 0 ms 
37434      INFO  Test worker     d.u.i.k.n.KeyIO           MODE: declarations took 0 ms 
38448      INFO  Test worker     d.u.i.k.n.KeyIO           Parsing took 0 ms 
38449      INFO  Test worker     d.u.i.k.n.KeyIO           MODE: declarations took 0 ms 
41740      INFO  Test worker     d.u.i.k.n.KeyIO           Parsing took 0 ms 
41741      INFO  Test worker     d.u.i.k.n.KeyIO           MODE: declarations took 0 ms 
42746      INFO  Test worker     d.u.i.k.n.KeyIO           Parsing took 0 ms 
42747      INFO  Test worker     d.u.i.k.n.KeyIO           MODE: declarations took 0 ms 
46181      INFO  Test worker     d.u.i.k.n.KeyIO           Parsing took 1 ms 
46181      INFO  Test worker     d.u.i.k.n.KeyIO           MODE: declarations took 0 ms 
47172      INFO  Test worker     d.u.i.k.n.KeyIO           Parsing took 0 ms 
47172      INFO  Test worker     d.u.i.k.n.KeyIO           MODE: declarations took 0 ms 
50348      INFO  Test worker     d.u.i.k.n.KeyIO           Parsing took 0 ms 
50348      INFO  Test worker     d.u.i.k.n.KeyIO           MODE: declarations took 0 ms 
51381      INFO  Test worker     d.u.i.k.n.KeyIO           Parsing took 0 ms 
51381      INFO  Test worker     d.u.i.k.n.KeyIO           MODE: declarations took 0 ms 
54610      INFO  Test worker     d.u.i.k.n.KeyIO           Parsing took 1 ms 
54610      INFO  Test worker     d.u.i.k.n.KeyIO           MODE: declarations took 0 ms 
55575      INFO  Test worker     d.u.i.k.n.KeyIO           Parsing took 0 ms 
55575      INFO  Test worker     d.u.i.k.n.KeyIO           MODE: declarations took 0 ms 
58709      INFO  Test worker     d.u.i.k.n.KeyIO           Parsing took 0 ms 
58709      INFO  Test worker     d.u.i.k.n.KeyIO           MODE: declarations took 0 ms 
59750      INFO  Test worker     d.u.i.k.n.KeyIO           Parsing took 0 ms 
59750      INFO  Test worker     d.u.i.k.n.KeyIO           MODE: declarations took 0 ms 
62966      INFO  Test worker     d.u.i.k.n.KeyIO           Parsing took 0 ms 
62967      INFO  Test worker     d.u.i.k.n.KeyIO           MODE: declarations took 0 ms 
63931      INFO  Test worker     d.u.i.k.n.KeyIO           Parsing took 0 ms 
63931      INFO  Test worker     d.u.i.k.n.KeyIO           MODE: declarations took 0 ms 
67053      INFO  Test worker     d.u.i.k.n.KeyIO           Parsing took 0 ms 
67053      INFO  Test worker     d.u.i.k.n.KeyIO           MODE: declarations took 0 ms 
68016      INFO  Test worker     d.u.i.k.n.KeyIO           Parsing took 0 ms 
68016      INFO  Test worker     d.u.i.k.n.KeyIO           MODE: declarations took 0 ms 
71196      INFO  Test worker     d.u.i.k.n.KeyIO           Parsing took 0 ms 
71196      INFO  Test worker     d.u.i.k.n.KeyIO           MODE: declarations took 0 ms 
72156      INFO  Test worker     d.u.i.k.n.KeyIO           Parsing took 1 ms 
72156      INFO  Test worker     d.u.i.k.n.KeyIO           MODE: declarations took 0 ms 
75392      INFO  Test worker     d.u.i.k.n.KeyIO           Parsing took 0 ms 
75392      INFO  Test worker     d.u.i.k.n.KeyIO           MODE: declarations took 0 ms 
76376      INFO  Test worker     d.u.i.k.n.KeyIO           Parsing took 0 ms 
76377      INFO  Test worker     d.u.i.k.n.KeyIO           MODE: declarations took 0 ms 
82645      INFO  Test worker     d.u.i.k.n.KeyIO           Parsing took 0 ms 
82645      INFO  Test worker     d.u.i.k.n.KeyIO           MODE: declarations took 0 ms 
83607      INFO  Test worker     d.u.i.k.n.KeyIO           Parsing took 0 ms 
83608      INFO  Test worker     d.u.i.k.n.KeyIO           MODE: declarations took 0 ms 
86730      INFO  Test worker     d.u.i.k.n.KeyIO           Parsing took 1 ms 
86731      INFO  Test worker     d.u.i.k.n.KeyIO           MODE: declarations took 0 ms 
87688      INFO  Test worker     d.u.i.k.n.KeyIO           Parsing took 0 ms 
87689      INFO  Test worker     d.u.i.k.n.KeyIO           MODE: declarations took 1 ms 
]]></system-out>
  <system-err><![CDATA[]]></system-err>
</testsuite>
