<?xml version="1.0" encoding="UTF-8"?>
<testsuite name="de.uka.ilkd.key.parser.TestParser" tests="5" skipped="1" failures="0" errors="0" timestamp="2023-04-03T10:56:08" hostname="fv-az578-974" time="5.274">
  <properties/>
  <testcase name="testConstantEvaluationError()" classname="de.uka.ilkd.key.parser.TestParser" time="1.058"/>
  <testcase name="testGenericSort()" classname="de.uka.ilkd.key.parser.TestParser" time="0.002"/>
  <testcase name="testIssue1566()" classname="de.uka.ilkd.key.parser.TestParser" time="3.21"/>
  <testcase name="testIssue39()" classname="de.uka.ilkd.key.parser.TestParser" time="1.003"/>
  <testcase name="testRelativeInclude()" classname="de.uka.ilkd.key.parser.TestParser" time="0.001">
    <skipped/>
  </testcase>
  <system-out><![CDATA[316175     INFO  Test worker     d.u.i.k.n.KeyIO           Parsing took 0 ms 
316176     INFO  Test worker     d.u.i.k.n.KeyIO           MODE: declarations took 0 ms 
]]></system-out>
  <system-err><![CDATA[]]></system-err>
</testsuite>
