<?xml version="1.0" encoding="UTF-8"?>
<testsuite name="de.uka.ilkd.key.parser.TestTermParserHeap" tests="39" skipped="0" failures="0" errors="0" timestamp="2023-04-03T10:56:21" hostname="fv-az578-974" time="122.077">
  <properties/>
  <testcase name="testBracketHeapUpdate()" classname="de.uka.ilkd.key.parser.TestTermParserHeap" time="0.018"/>
  <testcase name="testStore()" classname="de.uka.ilkd.key.parser.TestTermParserHeap" time="0.007"/>
  <testcase name="testUnknownConstant()" classname="de.uka.ilkd.key.parser.TestTermParserHeap" time="0.001"/>
  <testcase name="testAllFieldsSelector()" classname="de.uka.ilkd.key.parser.TestTermParserHeap" time="0.001"/>
  <testcase name="testParsePrettyPrintedSelect()" classname="de.uka.ilkd.key.parser.TestTermParserHeap" time="0.003"/>
  <testcase name="testAccessStaticMembers()" classname="de.uka.ilkd.key.parser.TestTermParserHeap" time="0.003"/>
  <testcase name="testAtOperator_1()" classname="de.uka.ilkd.key.parser.TestTermParserHeap" time="0.001"/>
  <testcase name="testAtOperator_2()" classname="de.uka.ilkd.key.parser.TestTermParserHeap" time="0.001"/>
  <testcase name="testAtOperator_3()" classname="de.uka.ilkd.key.parser.TestTermParserHeap" time="0.001"/>
  <testcase name="testAtOperator_4()" classname="de.uka.ilkd.key.parser.TestTermParserHeap" time="0.004"/>
  <testcase name="testAtOperator_5()" classname="de.uka.ilkd.key.parser.TestTermParserHeap" time="0.001"/>
  <testcase name="testAtOperator_6()" classname="de.uka.ilkd.key.parser.TestTermParserHeap" time="0.002"/>
  <testcase name="testAtOperator_7()" classname="de.uka.ilkd.key.parser.TestTermParserHeap" time="0.002"/>
  <testcase name="testAtOperator_8()" classname="de.uka.ilkd.key.parser.TestTermParserHeap" time="0.005"/>
  <testcase name="testVerifyExceptionIfAtOperatorNotPreceededBySelectTerm()" classname="de.uka.ilkd.key.parser.TestTermParserHeap" time="0.009"/>
  <testcase name="testBugResettingCounter()" classname="de.uka.ilkd.key.parser.TestTermParserHeap" time="0.002"/>
  <testcase name="testLocationSets()" classname="de.uka.ilkd.key.parser.TestTermParserHeap" time="0.001"/>
  <testcase name="testQuantifiedSelect()" classname="de.uka.ilkd.key.parser.TestTermParserHeap" time="0.002"/>
  <testcase name="testGenericObjectProperties()" classname="de.uka.ilkd.key.parser.TestTermParserHeap" time="0.001"/>
  <testcase name="testQueryInheritance_1()" classname="de.uka.ilkd.key.parser.TestTermParserHeap" time="0.002"/>
  <testcase name="testQueryInheritance_2()" classname="de.uka.ilkd.key.parser.TestTermParserHeap" time="0.004"/>
  <testcase name="testQueryInheritance_3()" classname="de.uka.ilkd.key.parser.TestTermParserHeap" time="0.002"/>
  <testcase name="testQueryInheritance_4()" classname="de.uka.ilkd.key.parser.TestTermParserHeap" time="0.002"/>
  <testcase name="testQueryInheritance_5()" classname="de.uka.ilkd.key.parser.TestTermParserHeap" time="0.002"/>
  <testcase name="testQueryInheritance_6()" classname="de.uka.ilkd.key.parser.TestTermParserHeap" time="0.001"/>
  <testcase name="testQueryInheritance_7()" classname="de.uka.ilkd.key.parser.TestTermParserHeap" time="0.001"/>
  <testcase name="testQueryInheritance_8()" classname="de.uka.ilkd.key.parser.TestTermParserHeap" time="0.001"/>
  <testcase name="testQueryInheritance_9()" classname="de.uka.ilkd.key.parser.TestTermParserHeap" time="0.002"/>
  <testcase name="testQueryBasic_10()" classname="de.uka.ilkd.key.parser.TestTermParserHeap" time="0.001"/>
  <testcase name="testQueryBasic_11()" classname="de.uka.ilkd.key.parser.TestTermParserHeap" time="0.003"/>
  <testcase name="testQueryBasic_1()" classname="de.uka.ilkd.key.parser.TestTermParserHeap" time="0.001"/>
  <testcase name="testQueryBasic_2()" classname="de.uka.ilkd.key.parser.TestTermParserHeap" time="0.001"/>
  <testcase name="testQueryBasic_3()" classname="de.uka.ilkd.key.parser.TestTermParserHeap" time="0.001"/>
  <testcase name="testQueryBasic_4()" classname="de.uka.ilkd.key.parser.TestTermParserHeap" time="0.002"/>
  <testcase name="testQueryBasic_5()" classname="de.uka.ilkd.key.parser.TestTermParserHeap" time="0.002"/>
  <testcase name="testQueryBasic_6()" classname="de.uka.ilkd.key.parser.TestTermParserHeap" time="0.002"/>
  <testcase name="testQueryBasic_7()" classname="de.uka.ilkd.key.parser.TestTermParserHeap" time="0.002"/>
  <testcase name="testQueryBasic_8()" classname="de.uka.ilkd.key.parser.TestTermParserHeap" time="0.001"/>
  <testcase name="testQueryBasic_9()" classname="de.uka.ilkd.key.parser.TestTermParserHeap" time="0.001"/>
  <system-out><![CDATA[327934     INFO  Test worker     d.u.i.k.n.KeyIO           Parsing took 0 ms 
327934     INFO  Test worker     d.u.i.k.n.KeyIO           MODE: declarations took 0 ms 
327934     INFO  Test worker     d.u.i.k.n.KeyIO           Parsing took 0 ms 
327934     INFO  Test worker     d.u.i.k.n.KeyIO           MODE: declarations took 0 ms 
327934     INFO  Test worker     d.u.i.k.n.KeyIO           Parsing took 0 ms 
327934     INFO  Test worker     d.u.i.k.n.KeyIO           MODE: declarations took 0 ms 
327934     INFO  Test worker     d.u.i.k.n.KeyIO           Parsing took 0 ms 
327934     INFO  Test worker     d.u.i.k.n.KeyIO           MODE: declarations took 0 ms 
327934     INFO  Test worker     d.u.i.k.n.KeyIO           Parsing took 0 ms 
327935     INFO  Test worker     d.u.i.k.n.KeyIO           MODE: declarations took 0 ms 
331302     INFO  Test worker     d.u.i.k.n.KeyIO           Parsing took 0 ms 
331302     INFO  Test worker     d.u.i.k.n.KeyIO           MODE: declarations took 0 ms 
331302     INFO  Test worker     d.u.i.k.n.KeyIO           Parsing took 0 ms 
331302     INFO  Test worker     d.u.i.k.n.KeyIO           MODE: declarations took 0 ms 
331302     INFO  Test worker     d.u.i.k.n.KeyIO           Parsing took 0 ms 
331302     INFO  Test worker     d.u.i.k.n.KeyIO           MODE: declarations took 0 ms 
331302     INFO  Test worker     d.u.i.k.n.KeyIO           Parsing took 0 ms 
331303     INFO  Test worker     d.u.i.k.n.KeyIO           MODE: declarations took 1 ms 
331303     INFO  Test worker     d.u.i.k.n.KeyIO           Parsing took 0 ms 
331303     INFO  Test worker     d.u.i.k.n.KeyIO           MODE: declarations took 0 ms 
334475     INFO  Test worker     d.u.i.k.n.KeyIO           Parsing took 0 ms 
334476     INFO  Test worker     d.u.i.k.n.KeyIO           MODE: declarations took 0 ms 
334476     INFO  Test worker     d.u.i.k.n.KeyIO           Parsing took 0 ms 
334476     INFO  Test worker     d.u.i.k.n.KeyIO           MODE: declarations took 0 ms 
334476     INFO  Test worker     d.u.i.k.n.KeyIO           Parsing took 0 ms 
334476     INFO  Test worker     d.u.i.k.n.KeyIO           MODE: declarations took 0 ms 
334476     INFO  Test worker     d.u.i.k.n.KeyIO           Parsing took 0 ms 
334476     INFO  Test worker     d.u.i.k.n.KeyIO           MODE: declarations took 0 ms 
334476     INFO  Test worker     d.u.i.k.n.KeyIO           Parsing took 0 ms 
334476     INFO  Test worker     d.u.i.k.n.KeyIO           MODE: declarations took 0 ms 
334476     INFO  Test worker     d.u.i.k.n.KeyIO           Parsing took 0 ms 
334476     INFO  Test worker     d.u.i.k.n.KeyIO           MODE: declarations took 0 ms 
337849     INFO  Test worker     d.u.i.k.n.KeyIO           Parsing took 0 ms 
337850     INFO  Test worker     d.u.i.k.n.KeyIO           MODE: declarations took 1 ms 
337850     INFO  Test worker     d.u.i.k.n.KeyIO           Parsing took 0 ms 
337850     INFO  Test worker     d.u.i.k.n.KeyIO           MODE: declarations took 0 ms 
337850     INFO  Test worker     d.u.i.k.n.KeyIO           Parsing took 0 ms 
337850     INFO  Test worker     d.u.i.k.n.KeyIO           MODE: declarations took 0 ms 
337850     INFO  Test worker     d.u.i.k.n.KeyIO           Parsing took 0 ms 
337850     INFO  Test worker     d.u.i.k.n.KeyIO           MODE: declarations took 0 ms 
337850     INFO  Test worker     d.u.i.k.n.KeyIO           Parsing took 0 ms 
337850     INFO  Test worker     d.u.i.k.n.KeyIO           MODE: declarations took 0 ms 
341156     INFO  Test worker     d.u.i.k.n.KeyIO           Parsing took 0 ms 
341157     INFO  Test worker     d.u.i.k.n.KeyIO           MODE: declarations took 1 ms 
341157     INFO  Test worker     d.u.i.k.n.KeyIO           Parsing took 0 ms 
341157     INFO  Test worker     d.u.i.k.n.KeyIO           MODE: declarations took 0 ms 
341157     INFO  Test worker     d.u.i.k.n.KeyIO           Parsing took 0 ms 
341157     INFO  Test worker     d.u.i.k.n.KeyIO           MODE: declarations took 0 ms 
341157     INFO  Test worker     d.u.i.k.n.KeyIO           Parsing took 0 ms 
341157     INFO  Test worker     d.u.i.k.n.KeyIO           MODE: declarations took 0 ms 
341157     INFO  Test worker     d.u.i.k.n.KeyIO           Parsing took 0 ms 
341157     INFO  Test worker     d.u.i.k.n.KeyIO           MODE: declarations took 0 ms 
344520     INFO  Test worker     d.u.i.k.n.KeyIO           Parsing took 0 ms 
344520     INFO  Test worker     d.u.i.k.n.KeyIO           MODE: declarations took 0 ms 
344520     INFO  Test worker     d.u.i.k.n.KeyIO           Parsing took 0 ms 
344520     INFO  Test worker     d.u.i.k.n.KeyIO           MODE: declarations took 0 ms 
344520     INFO  Test worker     d.u.i.k.n.KeyIO           Parsing took 0 ms 
344520     INFO  Test worker     d.u.i.k.n.KeyIO           MODE: declarations took 0 ms 
344520     INFO  Test worker     d.u.i.k.n.KeyIO           Parsing took 0 ms 
344520     INFO  Test worker     d.u.i.k.n.KeyIO           MODE: declarations took 0 ms 
344520     INFO  Test worker     d.u.i.k.n.KeyIO           Parsing took 0 ms 
344520     INFO  Test worker     d.u.i.k.n.KeyIO           MODE: declarations took 0 ms 
347659     INFO  Test worker     d.u.i.k.n.KeyIO           Parsing took 1 ms 
347659     INFO  Test worker     d.u.i.k.n.KeyIO           MODE: declarations took 0 ms 
347659     INFO  Test worker     d.u.i.k.n.KeyIO           Parsing took 0 ms 
347659     INFO  Test worker     d.u.i.k.n.KeyIO           MODE: declarations took 0 ms 
347659     INFO  Test worker     d.u.i.k.n.KeyIO           Parsing took 0 ms 
347659     INFO  Test worker     d.u.i.k.n.KeyIO           MODE: declarations took 0 ms 
347659     INFO  Test worker     d.u.i.k.n.KeyIO           Parsing took 0 ms 
347659     INFO  Test worker     d.u.i.k.n.KeyIO           MODE: declarations took 0 ms 
347659     INFO  Test worker     d.u.i.k.n.KeyIO           Parsing took 0 ms 
347659     INFO  Test worker     d.u.i.k.n.KeyIO           MODE: declarations took 0 ms 
350886     INFO  Test worker     d.u.i.k.n.KeyIO           Parsing took 0 ms 
350886     INFO  Test worker     d.u.i.k.n.KeyIO           MODE: declarations took 0 ms 
350887     INFO  Test worker     d.u.i.k.n.KeyIO           Parsing took 0 ms 
350887     INFO  Test worker     d.u.i.k.n.KeyIO           MODE: declarations took 0 ms 
350887     INFO  Test worker     d.u.i.k.n.KeyIO           Parsing took 0 ms 
350887     INFO  Test worker     d.u.i.k.n.KeyIO           MODE: declarations took 0 ms 
350887     INFO  Test worker     d.u.i.k.n.KeyIO           Parsing took 0 ms 
350887     INFO  Test worker     d.u.i.k.n.KeyIO           MODE: declarations took 0 ms 
350887     INFO  Test worker     d.u.i.k.n.KeyIO           Parsing took 0 ms 
350887     INFO  Test worker     d.u.i.k.n.KeyIO           MODE: declarations took 0 ms 
354018     INFO  Test worker     d.u.i.k.n.KeyIO           Parsing took 0 ms 
354018     INFO  Test worker     d.u.i.k.n.KeyIO           MODE: declarations took 0 ms 
354018     INFO  Test worker     d.u.i.k.n.KeyIO           Parsing took 0 ms 
354018     INFO  Test worker     d.u.i.k.n.KeyIO           MODE: declarations took 0 ms 
354019     INFO  Test worker     d.u.i.k.n.KeyIO           Parsing took 1 ms 
354019     INFO  Test worker     d.u.i.k.n.KeyIO           MODE: declarations took 0 ms 
354019     INFO  Test worker     d.u.i.k.n.KeyIO           Parsing took 0 ms 
354019     INFO  Test worker     d.u.i.k.n.KeyIO           MODE: declarations took 0 ms 
354019     INFO  Test worker     d.u.i.k.n.KeyIO           Parsing took 0 ms 
354019     INFO  Test worker     d.u.i.k.n.KeyIO           MODE: declarations took 0 ms 
357240     INFO  Test worker     d.u.i.k.n.KeyIO           Parsing took 0 ms 
357240     INFO  Test worker     d.u.i.k.n.KeyIO           MODE: declarations took 0 ms 
357240     INFO  Test worker     d.u.i.k.n.KeyIO           Parsing took 0 ms 
357240     INFO  Test worker     d.u.i.k.n.KeyIO           MODE: declarations took 0 ms 
357240     INFO  Test worker     d.u.i.k.n.KeyIO           Parsing took 0 ms 
357241     INFO  Test worker     d.u.i.k.n.KeyIO           MODE: declarations took 0 ms 
357241     INFO  Test worker     d.u.i.k.n.KeyIO           Parsing took 0 ms 
357241     INFO  Test worker     d.u.i.k.n.KeyIO           MODE: declarations took 0 ms 
357241     INFO  Test worker     d.u.i.k.n.KeyIO           Parsing took 0 ms 
357241     INFO  Test worker     d.u.i.k.n.KeyIO           MODE: declarations took 0 ms 
360322     INFO  Test worker     d.u.i.k.n.KeyIO           Parsing took 0 ms 
360323     INFO  Test worker     d.u.i.k.n.KeyIO           MODE: declarations took 0 ms 
360323     INFO  Test worker     d.u.i.k.n.KeyIO           Parsing took 0 ms 
360323     INFO  Test worker     d.u.i.k.n.KeyIO           MODE: declarations took 0 ms 
360323     INFO  Test worker     d.u.i.k.n.KeyIO           Parsing took 0 ms 
360323     INFO  Test worker     d.u.i.k.n.KeyIO           MODE: declarations took 0 ms 
360323     INFO  Test worker     d.u.i.k.n.KeyIO           Parsing took 0 ms 
360323     INFO  Test worker     d.u.i.k.n.KeyIO           MODE: declarations took 0 ms 
360323     INFO  Test worker     d.u.i.k.n.KeyIO           Parsing took 0 ms 
360323     INFO  Test worker     d.u.i.k.n.KeyIO           MODE: declarations took 0 ms 
363562     INFO  Test worker     d.u.i.k.n.KeyIO           Parsing took 0 ms 
363562     INFO  Test worker     d.u.i.k.n.KeyIO           MODE: declarations took 0 ms 
363562     INFO  Test worker     d.u.i.k.n.KeyIO           Parsing took 0 ms 
363562     INFO  Test worker     d.u.i.k.n.KeyIO           MODE: declarations took 0 ms 
363562     INFO  Test worker     d.u.i.k.n.KeyIO           Parsing took 0 ms 
363562     INFO  Test worker     d.u.i.k.n.KeyIO           MODE: declarations took 0 ms 
363562     INFO  Test worker     d.u.i.k.n.KeyIO           Parsing took 0 ms 
363562     INFO  Test worker     d.u.i.k.n.KeyIO           MODE: declarations took 0 ms 
363563     INFO  Test worker     d.u.i.k.n.KeyIO           Parsing took 0 ms 
363563     INFO  Test worker     d.u.i.k.n.KeyIO           MODE: declarations took 0 ms 
366843     INFO  Test worker     d.u.i.k.n.KeyIO           Parsing took 0 ms 
366844     INFO  Test worker     d.u.i.k.n.KeyIO           MODE: declarations took 1 ms 
366844     INFO  Test worker     d.u.i.k.n.KeyIO           Parsing took 0 ms 
366844     INFO  Test worker     d.u.i.k.n.KeyIO           MODE: declarations took 0 ms 
366844     INFO  Test worker     d.u.i.k.n.KeyIO           Parsing took 0 ms 
366844     INFO  Test worker     d.u.i.k.n.KeyIO           MODE: declarations took 0 ms 
366844     INFO  Test worker     d.u.i.k.n.KeyIO           Parsing took 0 ms 
366844     INFO  Test worker     d.u.i.k.n.KeyIO           MODE: declarations took 0 ms 
366844     INFO  Test worker     d.u.i.k.n.KeyIO           Parsing took 0 ms 
366844     INFO  Test worker     d.u.i.k.n.KeyIO           MODE: declarations took 0 ms 
370080     INFO  Test worker     d.u.i.k.n.KeyIO           Parsing took 1 ms 
370080     INFO  Test worker     d.u.i.k.n.KeyIO           MODE: declarations took 0 ms 
370080     INFO  Test worker     d.u.i.k.n.KeyIO           Parsing took 0 ms 
370081     INFO  Test worker     d.u.i.k.n.KeyIO           MODE: declarations took 0 ms 
370081     INFO  Test worker     d.u.i.k.n.KeyIO           Parsing took 0 ms 
370081     INFO  Test worker     d.u.i.k.n.KeyIO           MODE: declarations took 0 ms 
370081     INFO  Test worker     d.u.i.k.n.KeyIO           Parsing took 0 ms 
370082     INFO  Test worker     d.u.i.k.n.KeyIO           MODE: declarations took 0 ms 
370082     INFO  Test worker     d.u.i.k.n.KeyIO           Parsing took 0 ms 
370082     INFO  Test worker     d.u.i.k.n.KeyIO           MODE: declarations took 0 ms 
373463     INFO  Test worker     d.u.i.k.n.KeyIO           Parsing took 0 ms 
373464     INFO  Test worker     d.u.i.k.n.KeyIO           MODE: declarations took 0 ms 
373464     INFO  Test worker     d.u.i.k.n.KeyIO           Parsing took 0 ms 
373464     INFO  Test worker     d.u.i.k.n.KeyIO           MODE: declarations took 0 ms 
373464     INFO  Test worker     d.u.i.k.n.KeyIO           Parsing took 0 ms 
373464     INFO  Test worker     d.u.i.k.n.KeyIO           MODE: declarations took 0 ms 
373464     INFO  Test worker     d.u.i.k.n.KeyIO           Parsing took 0 ms 
373464     INFO  Test worker     d.u.i.k.n.KeyIO           MODE: declarations took 0 ms 
373464     INFO  Test worker     d.u.i.k.n.KeyIO           Parsing took 0 ms 
373471     INFO  Test worker     d.u.i.k.n.KeyIO           MODE: declarations took 7 ms 
373473     WARN  Test worker     d.u.i.k.n.KeYParser       [syntax-error] <unknown>:1:11: mismatched input '@' expecting {'/', ':=', '.', '(', ')', '{', '[', '@', PARALLEL, OR, AND, IMP, '=', NOT_EQUALS, '%', '*', '-', '+', '>', GREATEREQUAL, '<', LESSEQUAL, LGUILLEMETS, EQV} [@11,11:11='@',<153>,1:11] (termEOF) 
376695     INFO  Test worker     d.u.i.k.n.KeyIO           Parsing took 0 ms 
376695     INFO  Test worker     d.u.i.k.n.KeyIO           MODE: declarations took 0 ms 
376695     INFO  Test worker     d.u.i.k.n.KeyIO           Parsing took 0 ms 
376695     INFO  Test worker     d.u.i.k.n.KeyIO           MODE: declarations took 0 ms 
376695     INFO  Test worker     d.u.i.k.n.KeyIO           Parsing took 0 ms 
376695     INFO  Test worker     d.u.i.k.n.KeyIO           MODE: declarations took 0 ms 
376695     INFO  Test worker     d.u.i.k.n.KeyIO           Parsing took 0 ms 
376695     INFO  Test worker     d.u.i.k.n.KeyIO           MODE: declarations took 0 ms 
376695     INFO  Test worker     d.u.i.k.n.KeyIO           Parsing took 0 ms 
376695     INFO  Test worker     d.u.i.k.n.KeyIO           MODE: declarations took 0 ms 
380023     INFO  Test worker     d.u.i.k.n.KeyIO           Parsing took 0 ms 
380023     INFO  Test worker     d.u.i.k.n.KeyIO           MODE: declarations took 0 ms 
380023     INFO  Test worker     d.u.i.k.n.KeyIO           Parsing took 0 ms 
380023     INFO  Test worker     d.u.i.k.n.KeyIO           MODE: declarations took 0 ms 
380023     INFO  Test worker     d.u.i.k.n.KeyIO           Parsing took 0 ms 
380023     INFO  Test worker     d.u.i.k.n.KeyIO           MODE: declarations took 0 ms 
380023     INFO  Test worker     d.u.i.k.n.KeyIO           Parsing took 0 ms 
380023     INFO  Test worker     d.u.i.k.n.KeyIO           MODE: declarations took 0 ms 
380023     INFO  Test worker     d.u.i.k.n.KeyIO           Parsing took 0 ms 
380023     INFO  Test worker     d.u.i.k.n.KeyIO           MODE: declarations took 0 ms 
383132     INFO  Test worker     d.u.i.k.n.KeyIO           Parsing took 0 ms 
383132     INFO  Test worker     d.u.i.k.n.KeyIO           MODE: declarations took 0 ms 
383132     INFO  Test worker     d.u.i.k.n.KeyIO           Parsing took 0 ms 
383132     INFO  Test worker     d.u.i.k.n.KeyIO           MODE: declarations took 0 ms 
383132     INFO  Test worker     d.u.i.k.n.KeyIO           Parsing took 0 ms 
383132     INFO  Test worker     d.u.i.k.n.KeyIO           MODE: declarations took 0 ms 
383132     INFO  Test worker     d.u.i.k.n.KeyIO           Parsing took 0 ms 
383132     INFO  Test worker     d.u.i.k.n.KeyIO           MODE: declarations took 0 ms 
383132     INFO  Test worker     d.u.i.k.n.KeyIO           Parsing took 0 ms 
383132     INFO  Test worker     d.u.i.k.n.KeyIO           MODE: declarations took 0 ms 
386234     INFO  Test worker     d.u.i.k.n.KeyIO           Parsing took 0 ms 
386234     INFO  Test worker     d.u.i.k.n.KeyIO           MODE: declarations took 0 ms 
386235     INFO  Test worker     d.u.i.k.n.KeyIO           Parsing took 1 ms 
386235     INFO  Test worker     d.u.i.k.n.KeyIO           MODE: declarations took 0 ms 
386235     INFO  Test worker     d.u.i.k.n.KeyIO           Parsing took 0 ms 
386235     INFO  Test worker     d.u.i.k.n.KeyIO           MODE: declarations took 0 ms 
386235     INFO  Test worker     d.u.i.k.n.KeyIO           Parsing took 0 ms 
386235     INFO  Test worker     d.u.i.k.n.KeyIO           MODE: declarations took 0 ms 
386235     INFO  Test worker     d.u.i.k.n.KeyIO           Parsing took 0 ms 
386235     INFO  Test worker     d.u.i.k.n.KeyIO           MODE: declarations took 0 ms 
389357     INFO  Test worker     d.u.i.k.n.KeyIO           Parsing took 0 ms 
389357     INFO  Test worker     d.u.i.k.n.KeyIO           MODE: declarations took 0 ms 
389358     INFO  Test worker     d.u.i.k.n.KeyIO           Parsing took 0 ms 
389358     INFO  Test worker     d.u.i.k.n.KeyIO           MODE: declarations took 0 ms 
389358     INFO  Test worker     d.u.i.k.n.KeyIO           Parsing took 0 ms 
389358     INFO  Test worker     d.u.i.k.n.KeyIO           MODE: declarations took 0 ms 
389358     INFO  Test worker     d.u.i.k.n.KeyIO           Parsing took 0 ms 
389358     INFO  Test worker     d.u.i.k.n.KeyIO           MODE: declarations took 0 ms 
389358     INFO  Test worker     d.u.i.k.n.KeyIO           Parsing took 0 ms 
389358     INFO  Test worker     d.u.i.k.n.KeyIO           MODE: declarations took 0 ms 
392542     INFO  Test worker     d.u.i.k.n.KeyIO           Parsing took 0 ms 
392542     INFO  Test worker     d.u.i.k.n.KeyIO           MODE: declarations took 0 ms 
392542     INFO  Test worker     d.u.i.k.n.KeyIO           Parsing took 0 ms 
392543     INFO  Test worker     d.u.i.k.n.KeyIO           MODE: declarations took 0 ms 
392543     INFO  Test worker     d.u.i.k.n.KeyIO           Parsing took 0 ms 
392543     INFO  Test worker     d.u.i.k.n.KeyIO           MODE: declarations took 0 ms 
392543     INFO  Test worker     d.u.i.k.n.KeyIO           Parsing took 0 ms 
392543     INFO  Test worker     d.u.i.k.n.KeyIO           MODE: declarations took 0 ms 
392544     INFO  Test worker     d.u.i.k.n.KeyIO           Parsing took 0 ms 
392544     INFO  Test worker     d.u.i.k.n.KeyIO           MODE: declarations took 0 ms 
395649     INFO  Test worker     d.u.i.k.n.KeyIO           Parsing took 0 ms 
395649     INFO  Test worker     d.u.i.k.n.KeyIO           MODE: declarations took 0 ms 
395649     INFO  Test worker     d.u.i.k.n.KeyIO           Parsing took 0 ms 
395649     INFO  Test worker     d.u.i.k.n.KeyIO           MODE: declarations took 0 ms 
395649     INFO  Test worker     d.u.i.k.n.KeyIO           Parsing took 0 ms 
395649     INFO  Test worker     d.u.i.k.n.KeyIO           MODE: declarations took 0 ms 
395650     INFO  Test worker     d.u.i.k.n.KeyIO           Parsing took 0 ms 
395650     INFO  Test worker     d.u.i.k.n.KeyIO           MODE: declarations took 0 ms 
395650     INFO  Test worker     d.u.i.k.n.KeyIO           Parsing took 0 ms 
395650     INFO  Test worker     d.u.i.k.n.KeyIO           MODE: declarations took 0 ms 
398747     INFO  Test worker     d.u.i.k.n.KeyIO           Parsing took 0 ms 
398747     INFO  Test worker     d.u.i.k.n.KeyIO           MODE: declarations took 0 ms 
398747     INFO  Test worker     d.u.i.k.n.KeyIO           Parsing took 0 ms 
398747     INFO  Test worker     d.u.i.k.n.KeyIO           MODE: declarations took 0 ms 
398748     INFO  Test worker     d.u.i.k.n.KeyIO           Parsing took 1 ms 
398748     INFO  Test worker     d.u.i.k.n.KeyIO           MODE: declarations took 0 ms 
398748     INFO  Test worker     d.u.i.k.n.KeyIO           Parsing took 0 ms 
398748     INFO  Test worker     d.u.i.k.n.KeyIO           MODE: declarations took 0 ms 
398748     INFO  Test worker     d.u.i.k.n.KeyIO           Parsing took 0 ms 
398748     INFO  Test worker     d.u.i.k.n.KeyIO           MODE: declarations took 0 ms 
401976     INFO  Test worker     d.u.i.k.n.KeyIO           Parsing took 0 ms 
401977     INFO  Test worker     d.u.i.k.n.KeyIO           MODE: declarations took 1 ms 
401977     INFO  Test worker     d.u.i.k.n.KeyIO           Parsing took 0 ms 
401977     INFO  Test worker     d.u.i.k.n.KeyIO           MODE: declarations took 0 ms 
401977     INFO  Test worker     d.u.i.k.n.KeyIO           Parsing took 0 ms 
401977     INFO  Test worker     d.u.i.k.n.KeyIO           MODE: declarations took 0 ms 
401977     INFO  Test worker     d.u.i.k.n.KeyIO           Parsing took 0 ms 
401977     INFO  Test worker     d.u.i.k.n.KeyIO           MODE: declarations took 0 ms 
401977     INFO  Test worker     d.u.i.k.n.KeyIO           Parsing took 0 ms 
401977     INFO  Test worker     d.u.i.k.n.KeyIO           MODE: declarations took 0 ms 
405063     INFO  Test worker     d.u.i.k.n.KeyIO           Parsing took 0 ms 
405063     INFO  Test worker     d.u.i.k.n.KeyIO           MODE: declarations took 0 ms 
405063     INFO  Test worker     d.u.i.k.n.KeyIO           Parsing took 0 ms 
405063     INFO  Test worker     d.u.i.k.n.KeyIO           MODE: declarations took 0 ms 
405063     INFO  Test worker     d.u.i.k.n.KeyIO           Parsing took 0 ms 
405063     INFO  Test worker     d.u.i.k.n.KeyIO           MODE: declarations took 0 ms 
405063     INFO  Test worker     d.u.i.k.n.KeyIO           Parsing took 0 ms 
405063     INFO  Test worker     d.u.i.k.n.KeyIO           MODE: declarations took 0 ms 
405063     INFO  Test worker     d.u.i.k.n.KeyIO           Parsing took 0 ms 
405063     INFO  Test worker     d.u.i.k.n.KeyIO           MODE: declarations took 0 ms 
408150     INFO  Test worker     d.u.i.k.n.KeyIO           Parsing took 0 ms 
408150     INFO  Test worker     d.u.i.k.n.KeyIO           MODE: declarations took 0 ms 
408150     INFO  Test worker     d.u.i.k.n.KeyIO           Parsing took 0 ms 
408150     INFO  Test worker     d.u.i.k.n.KeyIO           MODE: declarations took 0 ms 
408150     INFO  Test worker     d.u.i.k.n.KeyIO           Parsing took 0 ms 
408150     INFO  Test worker     d.u.i.k.n.KeyIO           MODE: declarations took 0 ms 
408150     INFO  Test worker     d.u.i.k.n.KeyIO           Parsing took 0 ms 
408150     INFO  Test worker     d.u.i.k.n.KeyIO           MODE: declarations took 0 ms 
408150     INFO  Test worker     d.u.i.k.n.KeyIO           Parsing took 0 ms 
408150     INFO  Test worker     d.u.i.k.n.KeyIO           MODE: declarations took 0 ms 
411371     INFO  Test worker     d.u.i.k.n.KeyIO           Parsing took 0 ms 
411371     INFO  Test worker     d.u.i.k.n.KeyIO           MODE: declarations took 0 ms 
411371     INFO  Test worker     d.u.i.k.n.KeyIO           Parsing took 0 ms 
411371     INFO  Test worker     d.u.i.k.n.KeyIO           MODE: declarations took 0 ms 
411371     INFO  Test worker     d.u.i.k.n.KeyIO           Parsing took 0 ms 
411371     INFO  Test worker     d.u.i.k.n.KeyIO           MODE: declarations took 0 ms 
411371     INFO  Test worker     d.u.i.k.n.KeyIO           Parsing took 0 ms 
411371     INFO  Test worker     d.u.i.k.n.KeyIO           MODE: declarations took 0 ms 
411371     INFO  Test worker     d.u.i.k.n.KeyIO           Parsing took 0 ms 
411371     INFO  Test worker     d.u.i.k.n.KeyIO           MODE: declarations took 0 ms 
414600     INFO  Test worker     d.u.i.k.n.KeyIO           Parsing took 0 ms 
414601     INFO  Test worker     d.u.i.k.n.KeyIO           MODE: declarations took 1 ms 
414601     INFO  Test worker     d.u.i.k.n.KeyIO           Parsing took 0 ms 
414601     INFO  Test worker     d.u.i.k.n.KeyIO           MODE: declarations took 0 ms 
414601     INFO  Test worker     d.u.i.k.n.KeyIO           Parsing took 0 ms 
414601     INFO  Test worker     d.u.i.k.n.KeyIO           MODE: declarations took 0 ms 
414601     INFO  Test worker     d.u.i.k.n.KeyIO           Parsing took 0 ms 
414601     INFO  Test worker     d.u.i.k.n.KeyIO           MODE: declarations took 0 ms 
414601     INFO  Test worker     d.u.i.k.n.KeyIO           Parsing took 0 ms 
414601     INFO  Test worker     d.u.i.k.n.KeyIO           MODE: declarations took 0 ms 
417938     INFO  Test worker     d.u.i.k.n.KeyIO           Parsing took 0 ms 
417938     INFO  Test worker     d.u.i.k.n.KeyIO           MODE: declarations took 0 ms 
417938     INFO  Test worker     d.u.i.k.n.KeyIO           Parsing took 0 ms 
417938     INFO  Test worker     d.u.i.k.n.KeyIO           MODE: declarations took 0 ms 
417938     INFO  Test worker     d.u.i.k.n.KeyIO           Parsing took 0 ms 
417938     INFO  Test worker     d.u.i.k.n.KeyIO           MODE: declarations took 0 ms 
417938     INFO  Test worker     d.u.i.k.n.KeyIO           Parsing took 0 ms 
417938     INFO  Test worker     d.u.i.k.n.KeyIO           MODE: declarations took 0 ms 
417938     INFO  Test worker     d.u.i.k.n.KeyIO           Parsing took 0 ms 
417938     INFO  Test worker     d.u.i.k.n.KeyIO           MODE: declarations took 0 ms 
421144     INFO  Test worker     d.u.i.k.n.KeyIO           Parsing took 0 ms 
421144     INFO  Test worker     d.u.i.k.n.KeyIO           MODE: declarations took 0 ms 
421144     INFO  Test worker     d.u.i.k.n.KeyIO           Parsing took 0 ms 
421146     INFO  Test worker     d.u.i.k.n.KeyIO           MODE: declarations took 2 ms 
421146     INFO  Test worker     d.u.i.k.n.KeyIO           Parsing took 0 ms 
421146     INFO  Test worker     d.u.i.k.n.KeyIO           MODE: declarations took 0 ms 
421146     INFO  Test worker     d.u.i.k.n.KeyIO           Parsing took 0 ms 
421146     INFO  Test worker     d.u.i.k.n.KeyIO           MODE: declarations took 0 ms 
421146     INFO  Test worker     d.u.i.k.n.KeyIO           Parsing took 0 ms 
421146     INFO  Test worker     d.u.i.k.n.KeyIO           MODE: declarations took 0 ms 
424283     INFO  Test worker     d.u.i.k.n.KeyIO           Parsing took 0 ms 
424283     INFO  Test worker     d.u.i.k.n.KeyIO           MODE: declarations took 0 ms 
424283     INFO  Test worker     d.u.i.k.n.KeyIO           Parsing took 0 ms 
424283     INFO  Test worker     d.u.i.k.n.KeyIO           MODE: declarations took 0 ms 
424283     INFO  Test worker     d.u.i.k.n.KeyIO           Parsing took 0 ms 
424283     INFO  Test worker     d.u.i.k.n.KeyIO           MODE: declarations took 0 ms 
424283     INFO  Test worker     d.u.i.k.n.KeyIO           Parsing took 0 ms 
424283     INFO  Test worker     d.u.i.k.n.KeyIO           MODE: declarations took 0 ms 
424283     INFO  Test worker     d.u.i.k.n.KeyIO           Parsing took 0 ms 
424283     INFO  Test worker     d.u.i.k.n.KeyIO           MODE: declarations took 0 ms 
427379     INFO  Test worker     d.u.i.k.n.KeyIO           Parsing took 0 ms 
427379     INFO  Test worker     d.u.i.k.n.KeyIO           MODE: declarations took 0 ms 
427379     INFO  Test worker     d.u.i.k.n.KeyIO           Parsing took 0 ms 
427379     INFO  Test worker     d.u.i.k.n.KeyIO           MODE: declarations took 0 ms 
427379     INFO  Test worker     d.u.i.k.n.KeyIO           Parsing took 0 ms 
427379     INFO  Test worker     d.u.i.k.n.KeyIO           MODE: declarations took 0 ms 
427379     INFO  Test worker     d.u.i.k.n.KeyIO           Parsing took 0 ms 
427379     INFO  Test worker     d.u.i.k.n.KeyIO           MODE: declarations took 0 ms 
427379     INFO  Test worker     d.u.i.k.n.KeyIO           Parsing took 0 ms 
427379     INFO  Test worker     d.u.i.k.n.KeyIO           MODE: declarations took 0 ms 
430475     INFO  Test worker     d.u.i.k.n.KeyIO           Parsing took 0 ms 
430475     INFO  Test worker     d.u.i.k.n.KeyIO           MODE: declarations took 0 ms 
430475     INFO  Test worker     d.u.i.k.n.KeyIO           Parsing took 0 ms 
430475     INFO  Test worker     d.u.i.k.n.KeyIO           MODE: declarations took 0 ms 
430475     INFO  Test worker     d.u.i.k.n.KeyIO           Parsing took 0 ms 
430475     INFO  Test worker     d.u.i.k.n.KeyIO           MODE: declarations took 0 ms 
430475     INFO  Test worker     d.u.i.k.n.KeyIO           Parsing took 0 ms 
430475     INFO  Test worker     d.u.i.k.n.KeyIO           MODE: declarations took 0 ms 
430475     INFO  Test worker     d.u.i.k.n.KeyIO           Parsing took 0 ms 
430475     INFO  Test worker     d.u.i.k.n.KeyIO           MODE: declarations took 0 ms 
433599     INFO  Test worker     d.u.i.k.n.KeyIO           Parsing took 0 ms 
433599     INFO  Test worker     d.u.i.k.n.KeyIO           MODE: declarations took 0 ms 
433599     INFO  Test worker     d.u.i.k.n.KeyIO           Parsing took 0 ms 
433599     INFO  Test worker     d.u.i.k.n.KeyIO           MODE: declarations took 0 ms 
433599     INFO  Test worker     d.u.i.k.n.KeyIO           Parsing took 0 ms 
433599     INFO  Test worker     d.u.i.k.n.KeyIO           MODE: declarations took 0 ms 
433599     INFO  Test worker     d.u.i.k.n.KeyIO           Parsing took 0 ms 
433599     INFO  Test worker     d.u.i.k.n.KeyIO           MODE: declarations took 0 ms 
433599     INFO  Test worker     d.u.i.k.n.KeyIO           Parsing took 0 ms 
433599     INFO  Test worker     d.u.i.k.n.KeyIO           MODE: declarations took 0 ms 
437021     INFO  Test worker     d.u.i.k.n.KeyIO           Parsing took 0 ms 
437021     INFO  Test worker     d.u.i.k.n.KeyIO           MODE: declarations took 0 ms 
437021     INFO  Test worker     d.u.i.k.n.KeyIO           Parsing took 0 ms 
437021     INFO  Test worker     d.u.i.k.n.KeyIO           MODE: declarations took 0 ms 
437021     INFO  Test worker     d.u.i.k.n.KeyIO           Parsing took 0 ms 
437021     INFO  Test worker     d.u.i.k.n.KeyIO           MODE: declarations took 0 ms 
437021     INFO  Test worker     d.u.i.k.n.KeyIO           Parsing took 0 ms 
437021     INFO  Test worker     d.u.i.k.n.KeyIO           MODE: declarations took 0 ms 
437021     INFO  Test worker     d.u.i.k.n.KeyIO           Parsing took 0 ms 
437021     INFO  Test worker     d.u.i.k.n.KeyIO           MODE: declarations took 0 ms 
440523     INFO  Test worker     d.u.i.k.n.KeyIO           Parsing took 0 ms 
440523     INFO  Test worker     d.u.i.k.n.KeyIO           MODE: declarations took 0 ms 
440523     INFO  Test worker     d.u.i.k.n.KeyIO           Parsing took 0 ms 
440523     INFO  Test worker     d.u.i.k.n.KeyIO           MODE: declarations took 0 ms 
440523     INFO  Test worker     d.u.i.k.n.KeyIO           Parsing took 0 ms 
440523     INFO  Test worker     d.u.i.k.n.KeyIO           MODE: declarations took 0 ms 
440523     INFO  Test worker     d.u.i.k.n.KeyIO           Parsing took 0 ms 
440523     INFO  Test worker     d.u.i.k.n.KeyIO           MODE: declarations took 0 ms 
440523     INFO  Test worker     d.u.i.k.n.KeyIO           Parsing took 0 ms 
440524     INFO  Test worker     d.u.i.k.n.KeyIO           MODE: declarations took 0 ms 
443773     INFO  Test worker     d.u.i.k.n.KeyIO           Parsing took 1 ms 
443773     INFO  Test worker     d.u.i.k.n.KeyIO           MODE: declarations took 0 ms 
443773     INFO  Test worker     d.u.i.k.n.KeyIO           Parsing took 0 ms 
443773     INFO  Test worker     d.u.i.k.n.KeyIO           MODE: declarations took 0 ms 
443773     INFO  Test worker     d.u.i.k.n.KeyIO           Parsing took 0 ms 
443773     INFO  Test worker     d.u.i.k.n.KeyIO           MODE: declarations took 0 ms 
443773     INFO  Test worker     d.u.i.k.n.KeyIO           Parsing took 0 ms 
443773     INFO  Test worker     d.u.i.k.n.KeyIO           MODE: declarations took 0 ms 
443773     INFO  Test worker     d.u.i.k.n.KeyIO           Parsing took 0 ms 
443773     INFO  Test worker     d.u.i.k.n.KeyIO           MODE: declarations took 0 ms 
446888     INFO  Test worker     d.u.i.k.n.KeyIO           Parsing took 0 ms 
446888     INFO  Test worker     d.u.i.k.n.KeyIO           MODE: declarations took 0 ms 
446889     INFO  Test worker     d.u.i.k.n.KeyIO           Parsing took 1 ms 
446889     INFO  Test worker     d.u.i.k.n.KeyIO           MODE: declarations took 0 ms 
446889     INFO  Test worker     d.u.i.k.n.KeyIO           Parsing took 0 ms 
446889     INFO  Test worker     d.u.i.k.n.KeyIO           MODE: declarations took 0 ms 
446889     INFO  Test worker     d.u.i.k.n.KeyIO           Parsing took 0 ms 
446889     INFO  Test worker     d.u.i.k.n.KeyIO           MODE: declarations took 0 ms 
446889     INFO  Test worker     d.u.i.k.n.KeyIO           Parsing took 0 ms 
446889     INFO  Test worker     d.u.i.k.n.KeyIO           MODE: declarations took 0 ms 
450011     INFO  Test worker     d.u.i.k.n.KeyIO           Parsing took 0 ms 
450011     INFO  Test worker     d.u.i.k.n.KeyIO           MODE: declarations took 0 ms 
450011     INFO  Test worker     d.u.i.k.n.KeyIO           Parsing took 0 ms 
450011     INFO  Test worker     d.u.i.k.n.KeyIO           MODE: declarations took 0 ms 
450011     INFO  Test worker     d.u.i.k.n.KeyIO           Parsing took 0 ms 
450011     INFO  Test worker     d.u.i.k.n.KeyIO           MODE: declarations took 0 ms 
450011     INFO  Test worker     d.u.i.k.n.KeyIO           Parsing took 0 ms 
450011     INFO  Test worker     d.u.i.k.n.KeyIO           MODE: declarations took 0 ms 
450011     INFO  Test worker     d.u.i.k.n.KeyIO           Parsing took 0 ms 
450011     INFO  Test worker     d.u.i.k.n.KeyIO           MODE: declarations took 0 ms 
]]></system-out>
  <system-err><![CDATA[]]></system-err>
</testsuite>
