<?xml version="1.0" encoding="UTF-8"?>
<testsuite name="de.uka.ilkd.key.nparser.ParseLDTsTests" tests="2" skipped="0" failures="0" errors="0" timestamp="2023-04-03T10:54:25" hostname="fv-az578-974" time="0.906">
  <properties/>
  <testcase name="testLDT()" classname="de.uka.ilkd.key.nparser.ParseLDTsTests" time="0.016"/>
  <testcase name="testSR()" classname="de.uka.ilkd.key.nparser.ParseLDTsTests" time="0.889"/>
  <system-out><![CDATA[212118     INFO  Test worker     d.u.i.k.n.KeyIO           Parsing took 8 ms 
212120     INFO  Test worker     d.u.i.k.n.KeyIO           MODE: declarations took 0 ms 
212476     INFO  Test worker     d.u.i.k.n.KeyIO           Parsing took 345 ms 
212479     INFO  Test worker     d.u.i.k.n.KeyIO           MODE: declarations took 2 ms 
]]></system-out>
  <system-err><![CDATA[]]></system-err>
</testsuite>
