<?xml version="1.0" encoding="UTF-8"?>
<testsuite name="de.uka.ilkd.key.parser.TestDeclParser" tests="14" skipped="2" failures="0" errors="0" timestamp="2023-04-03T10:54:35" hostname="fv-az578-974" time="12.543">
  <properties/>
  <testcase name="testGenericSortDecl1()" classname="de.uka.ilkd.key.parser.TestDeclParser" time="1.071"/>
  <testcase name="testGenericSortDecl2()" classname="de.uka.ilkd.key.parser.TestDeclParser" time="0.977"/>
  <testcase name="testGenericSortDecl3()" classname="de.uka.ilkd.key.parser.TestDeclParser" time="1.065"/>
  <testcase name="testGenericSortDecl4()" classname="de.uka.ilkd.key.parser.TestDeclParser" time="1.065"/>
  <testcase name="testGenericSortDecl5()" classname="de.uka.ilkd.key.parser.TestDeclParser" time="0.0">
    <skipped/>
  </testcase>
  <testcase name="testGenericSortDecl6()" classname="de.uka.ilkd.key.parser.TestDeclParser" time="0.991"/>
  <testcase name="testSortDecl()" classname="de.uka.ilkd.key.parser.TestDeclParser" time="1.078"/>
  <testcase name="testProxySortDecl()" classname="de.uka.ilkd.key.parser.TestDeclParser" time="1.069"/>
  <testcase name="testArrayDecl()" classname="de.uka.ilkd.key.parser.TestDeclParser" time="1.001"/>
  <testcase name="testAmbiguousDecls()" classname="de.uka.ilkd.key.parser.TestDeclParser" time="0.0">
    <skipped/>
  </testcase>
  <testcase name="testHeurDecl()" classname="de.uka.ilkd.key.parser.TestDeclParser" time="1.074"/>
  <testcase name="testFunctionDecl()" classname="de.uka.ilkd.key.parser.TestDeclParser" time="1.066"/>
  <testcase name="testPredicateDecl()" classname="de.uka.ilkd.key.parser.TestDeclParser" time="0.993"/>
  <testcase name="testSVDecl()" classname="de.uka.ilkd.key.parser.TestDeclParser" time="1.093"/>
  <system-out><![CDATA[223180     INFO  Test worker     d.u.i.k.n.KeyIO           Parsing took 0 ms 
223180     INFO  Test worker     d.u.i.k.n.KeyIO           MODE: declarations took 0 ms 
224156     INFO  Test worker     d.u.i.k.n.KeyIO           Parsing took 0 ms 
224157     INFO  Test worker     d.u.i.k.n.KeyIO           MODE: declarations took 0 ms 
225221     INFO  Test worker     d.u.i.k.n.KeyIO           Parsing took 0 ms 
225221     INFO  Test worker     d.u.i.k.n.KeyIO           MODE: declarations took 0 ms 
226286     INFO  Test worker     d.u.i.k.n.KeyIO           Parsing took 0 ms 
226287     INFO  Test worker     d.u.i.k.n.KeyIO           MODE: declarations took 1 ms 
227278     INFO  Test worker     d.u.i.k.n.KeyIO           Parsing took 1 ms 
227278     INFO  Test worker     d.u.i.k.n.KeyIO           MODE: declarations took 0 ms 
228356     INFO  Test worker     d.u.i.k.n.KeyIO           Parsing took 0 ms 
228356     INFO  Test worker     d.u.i.k.n.KeyIO           MODE: declarations took 0 ms 
229425     INFO  Test worker     d.u.i.k.n.KeyIO           Parsing took 0 ms 
229426     INFO  Test worker     d.u.i.k.n.KeyIO           MODE: declarations took 1 ms 
230425     INFO  Test worker     d.u.i.k.n.KeyIO           Parsing took 0 ms 
230426     INFO  Test worker     d.u.i.k.n.KeyIO           MODE: declarations took 1 ms 
231499     INFO  Test worker     d.u.i.k.n.KeyIO           Parsing took 0 ms 
231500     INFO  Test worker     d.u.i.k.n.KeyIO           MODE: declarations took 0 ms 
232566     INFO  Test worker     d.u.i.k.n.KeyIO           Parsing took 1 ms 
232566     INFO  Test worker     d.u.i.k.n.KeyIO           MODE: declarations took 0 ms 
233559     INFO  Test worker     d.u.i.k.n.KeyIO           Parsing took 0 ms 
233559     INFO  Test worker     d.u.i.k.n.KeyIO           MODE: declarations took 0 ms 
234651     INFO  Test worker     d.u.i.k.n.KeyIO           Parsing took 0 ms 
234651     INFO  Test worker     d.u.i.k.n.KeyIO           MODE: declarations took 0 ms 
]]></system-out>
  <system-err><![CDATA[]]></system-err>
</testsuite>
