<?xml version="1.0" encoding="UTF-8"?>
<testsuite name="de.uka.ilkd.key.macros.scripts.FocusCommandTest" tests="2" skipped="0" failures="0" errors="0" timestamp="2023-04-03T10:53:47" hostname="fv-az578-974" time="6.222">
  <properties/>
  <testcase name="testSelectionWithLabels()" classname="de.uka.ilkd.key.macros.scripts.FocusCommandTest" time="3.153"/>
  <testcase name="testSimpleSelection()" classname="de.uka.ilkd.key.macros.scripts.FocusCommandTest" time="3.068"/>
  <system-out><![CDATA[177667     INFO  Test worker     d.u.i.k.m.s.ProofScriptEngine 1: 'macro 'nosplit-prop'' 
177691     INFO  Test worker     d.u.i.k.m.s.ProofScriptEngine 2: 'focus 'i=1 ==> i = 3'' 
180758     INFO  Test worker     d.u.i.k.m.s.ProofScriptEngine 1: 'macro 'nosplit-prop'' 
180769     INFO  Test worker     d.u.i.k.m.s.ProofScriptEngine 2: 'focus 'i=1 ==> i = 4'' 
]]></system-out>
  <system-err><![CDATA[]]></system-err>
</testsuite>
