<?xml version="1.0" encoding="UTF-8"?>
<testsuite name="de.uka.ilkd.key.parser.TestDeclParser" tests="14" skipped="2" failures="0" errors="0" timestamp="2023-06-05T09:34:16" hostname="fv-az553-997" time="15.981">
  <properties/>
  <testcase name="testGenericSortDecl1()" classname="de.uka.ilkd.key.parser.TestDeclParser" time="1.364"/>
  <testcase name="testGenericSortDecl2()" classname="de.uka.ilkd.key.parser.TestDeclParser" time="1.309"/>
  <testcase name="testGenericSortDecl3()" classname="de.uka.ilkd.key.parser.TestDeclParser" time="1.331"/>
  <testcase name="testGenericSortDecl4()" classname="de.uka.ilkd.key.parser.TestDeclParser" time="1.347"/>
  <testcase name="testGenericSortDecl5()" classname="de.uka.ilkd.key.parser.TestDeclParser" time="0.0">
    <skipped/>
  </testcase>
  <testcase name="testGenericSortDecl6()" classname="de.uka.ilkd.key.parser.TestDeclParser" time="1.314"/>
  <testcase name="testSortDecl()" classname="de.uka.ilkd.key.parser.TestDeclParser" time="1.308"/>
  <testcase name="testProxySortDecl()" classname="de.uka.ilkd.key.parser.TestDeclParser" time="1.31"/>
  <testcase name="testArrayDecl()" classname="de.uka.ilkd.key.parser.TestDeclParser" time="1.305"/>
  <testcase name="testAmbiguousDecls()" classname="de.uka.ilkd.key.parser.TestDeclParser" time="0.0">
    <skipped/>
  </testcase>
  <testcase name="testHeurDecl()" classname="de.uka.ilkd.key.parser.TestDeclParser" time="1.411"/>
  <testcase name="testFunctionDecl()" classname="de.uka.ilkd.key.parser.TestDeclParser" time="1.329"/>
  <testcase name="testPredicateDecl()" classname="de.uka.ilkd.key.parser.TestDeclParser" time="1.338"/>
  <testcase name="testSVDecl()" classname="de.uka.ilkd.key.parser.TestDeclParser" time="1.313"/>
  <system-out><![CDATA[300148     INFO  Test worker     d.u.i.k.n.KeyIO           Parsing took 0 ms 
300148     DEBUG Test worker     d.u.i.k.n.KeyIO           Load declarations of de.uka.ilkd.key.nparser.KeyAst$File:  <unknown>:1#1 
300148     INFO  Test worker     d.u.i.k.n.KeyIO           MODE: declarations took 0 ms 
300148     DEBUG Test worker     d.u.i.k.n.KeyIO           MODE: 2nd degree decls took 0 
300148     DEBUG Test worker     d.u.i.k.n.KeyIO           MODE: taclets took 0ms 
301462     INFO  Test worker     d.u.i.k.n.KeyIO           Parsing took 0 ms 
301462     DEBUG Test worker     d.u.i.k.n.KeyIO           Load declarations of de.uka.ilkd.key.nparser.KeyAst$File:  <unknown>:1#1 
301462     INFO  Test worker     d.u.i.k.n.KeyIO           MODE: declarations took 0 ms 
301462     DEBUG Test worker     d.u.i.k.n.KeyIO           MODE: 2nd degree decls took 0 
301462     DEBUG Test worker     d.u.i.k.n.KeyIO           MODE: taclets took 0ms 
302795     INFO  Test worker     d.u.i.k.n.KeyIO           Parsing took 0 ms 
302795     DEBUG Test worker     d.u.i.k.n.KeyIO           Load declarations of de.uka.ilkd.key.nparser.KeyAst$File:  <unknown>:1#1 
302795     INFO  Test worker     d.u.i.k.n.KeyIO           MODE: declarations took 0 ms 
302795     DEBUG Test worker     d.u.i.k.n.KeyIO           MODE: 2nd degree decls took 0 
302795     DEBUG Test worker     d.u.i.k.n.KeyIO           MODE: taclets took 0ms 
304136     INFO  Test worker     d.u.i.k.n.KeyIO           Parsing took 0 ms 
304136     DEBUG Test worker     d.u.i.k.n.KeyIO           Load declarations of de.uka.ilkd.key.nparser.KeyAst$File:  <unknown>:1#1 
304136     INFO  Test worker     d.u.i.k.n.KeyIO           MODE: declarations took 0 ms 
304136     DEBUG Test worker     d.u.i.k.n.KeyIO           MODE: 2nd degree decls took 0 
304136     DEBUG Test worker     d.u.i.k.n.KeyIO           MODE: taclets took 0ms 
305455     INFO  Test worker     d.u.i.k.n.KeyIO           Parsing took 0 ms 
305455     DEBUG Test worker     d.u.i.k.n.KeyIO           Load declarations of de.uka.ilkd.key.nparser.KeyAst$File:  <unknown>:1#1 
305455     INFO  Test worker     d.u.i.k.n.KeyIO           MODE: declarations took 0 ms 
305455     DEBUG Test worker     d.u.i.k.n.KeyIO           MODE: 2nd degree decls took 0 
305455     DEBUG Test worker     d.u.i.k.n.KeyIO           MODE: taclets took 0ms 
306760     INFO  Test worker     d.u.i.k.n.KeyIO           Parsing took 0 ms 
306760     DEBUG Test worker     d.u.i.k.n.KeyIO           Load declarations of de.uka.ilkd.key.nparser.KeyAst$File:  <unknown>:1#1 
306760     INFO  Test worker     d.u.i.k.n.KeyIO           MODE: declarations took 0 ms 
306760     DEBUG Test worker     d.u.i.k.n.KeyIO           MODE: 2nd degree decls took 0 
306760     DEBUG Test worker     d.u.i.k.n.KeyIO           MODE: taclets took 0ms 
308066     INFO  Test worker     d.u.i.k.n.KeyIO           Parsing took 0 ms 
308066     DEBUG Test worker     d.u.i.k.n.KeyIO           Load declarations of de.uka.ilkd.key.nparser.KeyAst$File:  <unknown>:1#1 
308066     INFO  Test worker     d.u.i.k.n.KeyIO           MODE: declarations took 0 ms 
308066     DEBUG Test worker     d.u.i.k.n.KeyIO           MODE: 2nd degree decls took 0 
308066     DEBUG Test worker     d.u.i.k.n.KeyIO           MODE: taclets took 0ms 
309379     INFO  Test worker     d.u.i.k.n.KeyIO           Parsing took 0 ms 
309379     DEBUG Test worker     d.u.i.k.n.KeyIO           Load declarations of de.uka.ilkd.key.nparser.KeyAst$File:  <unknown>:1#1 
309379     INFO  Test worker     d.u.i.k.n.KeyIO           MODE: declarations took 0 ms 
309379     DEBUG Test worker     d.u.i.k.n.KeyIO           MODE: 2nd degree decls took 0 
309379     DEBUG Test worker     d.u.i.k.n.KeyIO           MODE: taclets took 0ms 
310797     INFO  Test worker     d.u.i.k.n.KeyIO           Parsing took 0 ms 
310797     DEBUG Test worker     d.u.i.k.n.KeyIO           Load declarations of de.uka.ilkd.key.nparser.KeyAst$File:  <unknown>:1#1 
310797     INFO  Test worker     d.u.i.k.n.KeyIO           MODE: declarations took 0 ms 
310797     DEBUG Test worker     d.u.i.k.n.KeyIO           MODE: 2nd degree decls took 0 
310797     DEBUG Test worker     d.u.i.k.n.KeyIO           MODE: taclets took 0ms 
312118     INFO  Test worker     d.u.i.k.n.KeyIO           Parsing took 0 ms 
312118     DEBUG Test worker     d.u.i.k.n.KeyIO           Load declarations of de.uka.ilkd.key.nparser.KeyAst$File:  <unknown>:1#1 
312118     INFO  Test worker     d.u.i.k.n.KeyIO           MODE: declarations took 0 ms 
312133     DEBUG Test worker     d.u.i.k.n.KeyIO           MODE: 2nd degree decls took 15 
312133     DEBUG Test worker     d.u.i.k.n.KeyIO           MODE: taclets took 0ms 
313457     INFO  Test worker     d.u.i.k.n.KeyIO           Parsing took 16 ms 
313457     DEBUG Test worker     d.u.i.k.n.KeyIO           Load declarations of de.uka.ilkd.key.nparser.KeyAst$File:  <unknown>:1#1 
313457     INFO  Test worker     d.u.i.k.n.KeyIO           MODE: declarations took 0 ms 
313457     DEBUG Test worker     d.u.i.k.n.KeyIO           MODE: 2nd degree decls took 0 
313457     DEBUG Test worker     d.u.i.k.n.KeyIO           MODE: taclets took 0ms 
314767     INFO  Test worker     d.u.i.k.n.KeyIO           Parsing took 0 ms 
314767     DEBUG Test worker     d.u.i.k.n.KeyIO           Load declarations of de.uka.ilkd.key.nparser.KeyAst$File:  <unknown>:1#1 
314767     INFO  Test worker     d.u.i.k.n.KeyIO           MODE: declarations took 0 ms 
314767     DEBUG Test worker     d.u.i.k.n.KeyIO           MODE: 2nd degree decls took 0 
314767     DEBUG Test worker     d.u.i.k.n.KeyIO           MODE: taclets took 0ms 
]]></system-out>
  <system-err><![CDATA[]]></system-err>
</testsuite>
