<?xml version="1.0" encoding="UTF-8"?>
<testsuite name="de.uka.ilkd.key.proof.TestOneStepSimplifier" tests="1" skipped="0" failures="0" errors="0" timestamp="2023-06-05T09:39:21" hostname="fv-az553-997" time="5.333">
  <properties/>
  <testcase name="loadWithRestriction()" classname="de.uka.ilkd.key.proof.TestOneStepSimplifier" time="5.333"/>
  <system-out><![CDATA[603662     INFO  Test worker     d.u.i.k.p.i.AbstractProblemLoader Loading environment from src\test\resources\testcase\ossRestriction.proof 
603662     DEBUG Test worker     d.u.i.k.p.i.AbstractProblemLoader Environment load took 172.1ns 
603664     INFO  Test worker     d.u.i.k.p.i.AbstractProblemLoader Creating init config 
603914     DEBUG Test worker     d.u.i.k.j.TypeConverter   No LDT found for Meta 
603914     DEBUG Test worker     d.u.i.k.j.TypeConverter   No LDT found for Meta 
603914     DEBUG Test worker     d.u.i.k.j.TypeConverter   No LDT found for Meta 
603914     DEBUG Test worker     d.u.i.k.j.TypeConverter   No LDT found for Meta 
604522     DEBUG Test worker     d.u.i.k.j.TypeConverter   No LDT found for JavaBigintExpression 
608952     DEBUG Test worker     d.u.i.k.p.i.AbstractProblemLoader Init config took 5.3s 
608983     INFO  Test worker     d.u.i.k.p.i.AbstractProblemLoader Replaying proof ossRestriction.proof 
608983     DEBUG Test worker     d.u.i.k.p.i.IntermediateProofReplayer Proof replay took 1.16ms 
]]></system-out>
  <system-err><![CDATA[]]></system-err>
</testsuite>
