<?xml version="1.0" encoding="UTF-8"?>
<testsuite name="de.uka.ilkd.key.logic.TestTermLabelManager" tests="21" skipped="0" failures="0" errors="0" timestamp="2023-06-05T09:31:54" hostname="fv-az553-997" time="80.41">
  <properties/>
  <testcase name="testInstantiateLabels_directChildPolicies_allRules()" classname="de.uka.ilkd.key.logic.TestTermLabelManager" time="5.764"/>
  <testcase name="testInstantiateLabels_childAndGrandchildPolicies_ruleSpecific()" classname="de.uka.ilkd.key.logic.TestTermLabelManager" time="4.199"/>
  <testcase name="testParseLabel()" classname="de.uka.ilkd.key.logic.TestTermLabelManager" time="4.177"/>
  <testcase name="testrefactorGoal_childrenAndGrandchildren_ruleSpecific()" classname="de.uka.ilkd.key.logic.TestTermLabelManager" time="4.214"/>
  <testcase name="testrefactorGoal_directChildren_allRules()" classname="de.uka.ilkd.key.logic.TestTermLabelManager" time="4.204"/>
  <testcase name="testInstantiateLabels_childAndGrandchildPolicies_allRules()" classname="de.uka.ilkd.key.logic.TestTermLabelManager" time="4.134"/>
  <testcase name="testInstantiateLabels_taclet()" classname="de.uka.ilkd.key.logic.TestTermLabelManager" time="4.106"/>
  <testcase name="testrefactorGoal_none_ruleSpecific()" classname="de.uka.ilkd.key.logic.TestTermLabelManager" time="4.145"/>
  <testcase name="testInstantiateLabels_updates_ruleSpecific()" classname="de.uka.ilkd.key.logic.TestTermLabelManager" time="4.114"/>
  <testcase name="testrefactorGoal_sequent_ruleSpecific()" classname="de.uka.ilkd.key.logic.TestTermLabelManager" time="4.134"/>
  <testcase name="testInstantiateLabels_updates_allRules()" classname="de.uka.ilkd.key.logic.TestTermLabelManager" time="4.117"/>
  <testcase name="testrefactorGoal_sequent_allRules()" classname="de.uka.ilkd.key.logic.TestTermLabelManager" time="4.116"/>
  <testcase name="testrefactorGoal_childrenAndGrandchildren_allRules()" classname="de.uka.ilkd.key.logic.TestTermLabelManager" time="4.16"/>
  <testcase name="testGetTermLabelManager()" classname="de.uka.ilkd.key.logic.TestTermLabelManager" time="0.003"/>
  <testcase name="testInstantiateLabels_applicationTermPolicies()" classname="de.uka.ilkd.key.logic.TestTermLabelManager" time="4.124"/>
  <testcase name="testInstantiateLabels_modalityTermPolicies()" classname="de.uka.ilkd.key.logic.TestTermLabelManager" time="4.115"/>
  <testcase name="testrefactorGoal_none_allRules()" classname="de.uka.ilkd.key.logic.TestTermLabelManager" time="4.134"/>
  <testcase name="testInstantiateLabels_null()" classname="de.uka.ilkd.key.logic.TestTermLabelManager" time="0.0"/>
  <testcase name="testrefactorGoal_directChildren_ruleSpecific()" classname="de.uka.ilkd.key.logic.TestTermLabelManager" time="4.158"/>
  <testcase name="testInstantiateLabels_directChildPolicies_ruleSpecific()" classname="de.uka.ilkd.key.logic.TestTermLabelManager" time="4.119"/>
  <testcase name="testGetSupportedTermLabelNames()" classname="de.uka.ilkd.key.logic.TestTermLabelManager" time="4.159"/>
  <system-out><![CDATA[156497     INFO  Test worker     d.u.i.k.p.i.AbstractProblemLoader Loading environment from src\test\resources\testcase\termLabels\flatSteps\FlatSteps.java 
156497     DEBUG Test worker     d.u.i.k.p.i.AbstractProblemLoader Environment load took 301.2ns 
156497     INFO  Test worker     d.u.i.k.p.i.AbstractProblemLoader Creating init config 
156747     DEBUG Test worker     d.u.i.k.j.TypeConverter   No LDT found for Meta 
156747     DEBUG Test worker     d.u.i.k.j.TypeConverter   No LDT found for Meta 
156747     DEBUG Test worker     d.u.i.k.j.TypeConverter   No LDT found for Meta 
156747     DEBUG Test worker     d.u.i.k.j.TypeConverter   No LDT found for Meta 
157680     DEBUG Test worker     d.u.i.k.j.TypeConverter   No LDT found for JavaBigintExpression 
162234     DEBUG Test worker     d.u.i.k.p.i.AbstractProblemLoader Init config took 5.73s 
162234     INFO  Test worker     d.u.i.k.p.i.AbstractProblemLoader Loading environment from src\test\resources\testcase\termLabels\flatSteps\FlatSteps.java 
162234     DEBUG Test worker     d.u.i.k.p.i.AbstractProblemLoader Environment load took 288.7ns 
162249     INFO  Test worker     d.u.i.k.p.i.AbstractProblemLoader Creating init config 
166433     DEBUG Test worker     d.u.i.k.p.i.AbstractProblemLoader Init config took 4.18s 
166433     INFO  Test worker     d.u.i.k.p.i.AbstractProblemLoader Loading environment from src\test\resources\testcase\termLabels\flatSteps\FlatSteps.java 
166433     DEBUG Test worker     d.u.i.k.p.i.AbstractProblemLoader Environment load took 578.7ns 
166433     INFO  Test worker     d.u.i.k.p.i.AbstractProblemLoader Creating init config 
170611     DEBUG Test worker     d.u.i.k.p.i.AbstractProblemLoader Init config took 4.18s 
170627     INFO  Test worker     d.u.i.k.p.i.AbstractProblemLoader Loading environment from src\test\resources\testcase\termLabels\flatSteps\FlatSteps.java 
170627     DEBUG Test worker     d.u.i.k.p.i.AbstractProblemLoader Environment load took 588.3ns 
170627     INFO  Test worker     d.u.i.k.p.i.AbstractProblemLoader Creating init config 
174810     DEBUG Test worker     d.u.i.k.p.i.AbstractProblemLoader Init config took 4.19s 
174826     INFO  Test worker     d.u.i.k.p.i.AbstractProblemLoader Loading environment from src\test\resources\testcase\termLabels\flatSteps\FlatSteps.java 
174826     DEBUG Test worker     d.u.i.k.p.i.AbstractProblemLoader Environment load took 233.4ns 
174841     INFO  Test worker     d.u.i.k.p.i.AbstractProblemLoader Creating init config 
179015     DEBUG Test worker     d.u.i.k.p.i.AbstractProblemLoader Init config took 4.18s 
179031     INFO  Test worker     d.u.i.k.p.i.AbstractProblemLoader Loading environment from src\test\resources\testcase\termLabels\flatSteps\FlatSteps.java 
179031     DEBUG Test worker     d.u.i.k.p.i.AbstractProblemLoader Environment load took 204ns 
179031     INFO  Test worker     d.u.i.k.p.i.AbstractProblemLoader Creating init config 
183165     DEBUG Test worker     d.u.i.k.p.i.AbstractProblemLoader Init config took 4.13s 
183165     INFO  Test worker     d.u.i.k.p.i.AbstractProblemLoader Loading environment from src\test\resources\testcase\termLabels\flatSteps\FlatSteps.java 
183165     DEBUG Test worker     d.u.i.k.p.i.AbstractProblemLoader Environment load took 578.4ns 
183165     INFO  Test worker     d.u.i.k.p.i.AbstractProblemLoader Creating init config 
187272     DEBUG Test worker     d.u.i.k.p.i.AbstractProblemLoader Init config took 4.1s 
187272     INFO  Test worker     d.u.i.k.p.i.AbstractProblemLoader Loading environment from src\test\resources\testcase\termLabels\flatSteps\FlatSteps.java 
187272     DEBUG Test worker     d.u.i.k.p.i.AbstractProblemLoader Environment load took 797.8ns 
187272     INFO  Test worker     d.u.i.k.p.i.AbstractProblemLoader Creating init config 
191402     DEBUG Test worker     d.u.i.k.p.i.AbstractProblemLoader Init config took 4.12s 
191418     INFO  Test worker     d.u.i.k.p.i.AbstractProblemLoader Loading environment from src\test\resources\testcase\termLabels\flatSteps\FlatSteps.java 
191418     DEBUG Test worker     d.u.i.k.p.i.AbstractProblemLoader Environment load took 480.3ns 
191418     INFO  Test worker     d.u.i.k.p.i.AbstractProblemLoader Creating init config 
195533     DEBUG Test worker     d.u.i.k.p.i.AbstractProblemLoader Init config took 4.11s 
195533     INFO  Test worker     d.u.i.k.p.i.AbstractProblemLoader Loading environment from src\test\resources\testcase\termLabels\flatSteps\FlatSteps.java 
195533     DEBUG Test worker     d.u.i.k.p.i.AbstractProblemLoader Environment load took 192.4ns 
195533     INFO  Test worker     d.u.i.k.p.i.AbstractProblemLoader Creating init config 
199652     DEBUG Test worker     d.u.i.k.p.i.AbstractProblemLoader Init config took 4.11s 
199668     INFO  Test worker     d.u.i.k.p.i.AbstractProblemLoader Loading environment from src\test\resources\testcase\termLabels\flatSteps\FlatSteps.java 
199668     DEBUG Test worker     d.u.i.k.p.i.AbstractProblemLoader Environment load took 592.3ns 
199668     INFO  Test worker     d.u.i.k.p.i.AbstractProblemLoader Creating init config 
203786     DEBUG Test worker     d.u.i.k.p.i.AbstractProblemLoader Init config took 4.11s 
203786     INFO  Test worker     d.u.i.k.p.i.AbstractProblemLoader Loading environment from src\test\resources\testcase\termLabels\flatSteps\FlatSteps.java 
203786     DEBUG Test worker     d.u.i.k.p.i.AbstractProblemLoader Environment load took 198.5ns 
203786     INFO  Test worker     d.u.i.k.p.i.AbstractProblemLoader Creating init config 
207887     DEBUG Test worker     d.u.i.k.p.i.AbstractProblemLoader Init config took 4.11s 
207903     INFO  Test worker     d.u.i.k.p.i.AbstractProblemLoader Loading environment from src\test\resources\testcase\termLabels\flatSteps\FlatSteps.java 
207903     DEBUG Test worker     d.u.i.k.p.i.AbstractProblemLoader Environment load took 209.1ns 
207903     INFO  Test worker     d.u.i.k.p.i.AbstractProblemLoader Creating init config 
212048     DEBUG Test worker     d.u.i.k.p.i.AbstractProblemLoader Init config took 4.14s 
212063     INFO  Test worker     d.u.i.k.p.i.AbstractProblemLoader Loading environment from src\test\resources\testcase\termLabels\flatSteps\FlatSteps.java 
212063     DEBUG Test worker     d.u.i.k.p.i.AbstractProblemLoader Environment load took 223.2ns 
212063     INFO  Test worker     d.u.i.k.p.i.AbstractProblemLoader Creating init config 
216191     DEBUG Test worker     d.u.i.k.p.i.AbstractProblemLoader Init config took 4.12s 
216191     INFO  Test worker     d.u.i.k.p.i.AbstractProblemLoader Loading environment from src\test\resources\testcase\termLabels\flatSteps\FlatSteps.java 
216191     DEBUG Test worker     d.u.i.k.p.i.AbstractProblemLoader Environment load took 267.3ns 
216191     INFO  Test worker     d.u.i.k.p.i.AbstractProblemLoader Creating init config 
220307     DEBUG Test worker     d.u.i.k.p.i.AbstractProblemLoader Init config took 4.11s 
220307     INFO  Test worker     d.u.i.k.p.i.AbstractProblemLoader Loading environment from src\test\resources\testcase\termLabels\flatSteps\FlatSteps.java 
220307     DEBUG Test worker     d.u.i.k.p.i.AbstractProblemLoader Environment load took 240.9ns 
220322     INFO  Test worker     d.u.i.k.p.i.AbstractProblemLoader Creating init config 
224425     DEBUG Test worker     d.u.i.k.p.i.AbstractProblemLoader Init config took 4.12s 
224441     INFO  Test worker     d.u.i.k.p.i.AbstractProblemLoader Loading environment from src\test\resources\testcase\termLabels\flatSteps\FlatSteps.java 
224441     DEBUG Test worker     d.u.i.k.p.i.AbstractProblemLoader Environment load took 564.1ns 
224456     INFO  Test worker     d.u.i.k.p.i.AbstractProblemLoader Creating init config 
228586     DEBUG Test worker     d.u.i.k.p.i.AbstractProblemLoader Init config took 4.14s 
228601     INFO  Test worker     d.u.i.k.p.i.AbstractProblemLoader Loading environment from src\test\resources\testcase\termLabels\flatSteps\FlatSteps.java 
228601     DEBUG Test worker     d.u.i.k.p.i.AbstractProblemLoader Environment load took 204.6ns 
228601     INFO  Test worker     d.u.i.k.p.i.AbstractProblemLoader Creating init config 
232721     DEBUG Test worker     d.u.i.k.p.i.AbstractProblemLoader Init config took 4.12s 
232721     INFO  Test worker     d.u.i.k.p.i.AbstractProblemLoader Loading environment from src\test\resources\testcase\termLabels\flatSteps\FlatSteps.java 
232721     DEBUG Test worker     d.u.i.k.p.i.AbstractProblemLoader Environment load took 522.8ns 
232721     INFO  Test worker     d.u.i.k.p.i.AbstractProblemLoader Creating init config 
236880     DEBUG Test worker     d.u.i.k.p.i.AbstractProblemLoader Init config took 4.15s 
]]></system-out>
  <system-err><![CDATA[]]></system-err>
</testsuite>
