<?xml version="1.0" encoding="UTF-8"?>
<testsuite name="de.uka.ilkd.key.rule.loop.LoopScopeInvRuleTests" tests="1" skipped="0" failures="0" errors="0" timestamp="2023-06-05T09:39:54" hostname="fv-az553-997" time="6.192">
  <properties/>
  <testcase name="testDoAutomaticProofOfBenchmarkWithLabeledBreaksAndContinues()" classname="de.uka.ilkd.key.rule.loop.LoopScopeInvRuleTests" time="6.192"/>
  <system-out><![CDATA[636943     INFO  Test worker     d.u.i.k.p.i.AbstractProblemLoader Loading environment from src\test\resources\testcase\loopScopeInvRule\Test.key 
636943     DEBUG Test worker     d.u.i.k.p.i.AbstractProblemLoader Environment load took 154.7ns 
636958     INFO  Test worker     d.u.i.k.p.i.AbstractProblemLoader Creating init config 
637177     DEBUG Test worker     d.u.i.k.j.TypeConverter   No LDT found for Meta 
637177     DEBUG Test worker     d.u.i.k.j.TypeConverter   No LDT found for Meta 
637177     DEBUG Test worker     d.u.i.k.j.TypeConverter   No LDT found for Meta 
637177     DEBUG Test worker     d.u.i.k.j.TypeConverter   No LDT found for Meta 
637780     DEBUG Test worker     d.u.i.k.j.TypeConverter   No LDT found for JavaBigintExpression 
642483     DEBUG Test worker     d.u.i.k.p.i.AbstractProblemLoader Init config took 5.53s 
642530     INFO  Test worker     d.u.i.k.p.i.AbstractProblemLoader Replaying proof Test[Test::loopScopeRuleBenchmark(int,boolean)].JML normal_behavior operation contract.0 
642530     DEBUG Test worker     d.u.i.k.p.i.IntermediateProofReplayer Proof replay took 87.7ns 
]]></system-out>
  <system-err><![CDATA[]]></system-err>
</testsuite>
