<?xml version="1.0" encoding="UTF-8"?>
<testsuite name="de.uka.ilkd.key.logic.TestClashFreeSubst" tests="14" skipped="2" failures="0" errors="0" timestamp="2023-06-05T09:30:11" hostname="fv-az553-997" time="70.353">
  <properties/>
  <testcase name="testMultiShareBound()" classname="de.uka.ilkd.key.logic.TestClashFreeSubst" time="1.328"/>
  <testcase name="testClash()" classname="de.uka.ilkd.key.logic.TestClashFreeSubst" time="1.31"/>
  <testcase name="testShare()" classname="de.uka.ilkd.key.logic.TestClashFreeSubst" time="1.331"/>
  <testcase name="testSubst()" classname="de.uka.ilkd.key.logic.TestClashFreeSubst" time="1.302"/>
  <testcase name="testWary0()" classname="de.uka.ilkd.key.logic.TestClashFreeSubst" time="1.283"/>
  <testcase name="testWary1()" classname="de.uka.ilkd.key.logic.TestClashFreeSubst" time="1.293"/>
  <testcase name="testWary2()" classname="de.uka.ilkd.key.logic.TestClashFreeSubst" time="1.28"/>
  <testcase name="testClashInSubstTerm()" classname="de.uka.ilkd.key.logic.TestClashFreeSubst" time="1.288"/>
  <testcase name="testShareWary()" classname="de.uka.ilkd.key.logic.TestClashFreeSubst" time="1.271"/>
  <testcase name="testMultiSubst()" classname="de.uka.ilkd.key.logic.TestClashFreeSubst" time="1.281"/>
  <testcase name="xtestMultiClash()" classname="de.uka.ilkd.key.logic.TestClashFreeSubst" time="0.0">
    <skipped/>
  </testcase>
  <testcase name="testSubstInSubstTerm()" classname="de.uka.ilkd.key.logic.TestClashFreeSubst" time="1.305"/>
  <testcase name="testSubstWary()" classname="de.uka.ilkd.key.logic.TestClashFreeSubst" time="1.395"/>
  <testcase name="xtestMultiClash1()" classname="de.uka.ilkd.key.logic.TestClashFreeSubst" time="0.0">
    <skipped/>
  </testcase>
  <system-out><![CDATA[53887      INFO  Test worker     d.u.i.k.n.KeyIO           Parsing took 0 ms 
53887      DEBUG Test worker     d.u.i.k.n.KeyIO           Load declarations of de.uka.ilkd.key.nparser.KeyAst$File:  <unknown>:1#1 
53887      INFO  Test worker     d.u.i.k.n.KeyIO           MODE: declarations took 0 ms 
53887      DEBUG Test worker     d.u.i.k.n.KeyIO           MODE: 2nd degree decls took 0 
55191      INFO  Test worker     d.u.i.k.n.KeyIO           Parsing took 0 ms 
55191      DEBUG Test worker     d.u.i.k.n.KeyIO           Load declarations of de.uka.ilkd.key.nparser.KeyAst$File:  <unknown>:1#1 
55207      INFO  Test worker     d.u.i.k.n.KeyIO           MODE: declarations took 16 ms 
55207      DEBUG Test worker     d.u.i.k.n.KeyIO           MODE: 2nd degree decls took 0 
59518      INFO  Test worker     d.u.i.k.n.KeyIO           Parsing took 0 ms 
59518      DEBUG Test worker     d.u.i.k.n.KeyIO           Load declarations of de.uka.ilkd.key.nparser.KeyAst$File:  <unknown>:1#1 
59518      INFO  Test worker     d.u.i.k.n.KeyIO           MODE: declarations took 0 ms 
59518      DEBUG Test worker     d.u.i.k.n.KeyIO           MODE: 2nd degree decls took 0 
60815      INFO  Test worker     d.u.i.k.n.KeyIO           Parsing took 0 ms 
60815      DEBUG Test worker     d.u.i.k.n.KeyIO           Load declarations of de.uka.ilkd.key.nparser.KeyAst$File:  <unknown>:1#1 
60815      INFO  Test worker     d.u.i.k.n.KeyIO           MODE: declarations took 0 ms 
60815      DEBUG Test worker     d.u.i.k.n.KeyIO           MODE: 2nd degree decls took 0 
65078      INFO  Test worker     d.u.i.k.n.KeyIO           Parsing took 0 ms 
65078      DEBUG Test worker     d.u.i.k.n.KeyIO           Load declarations of de.uka.ilkd.key.nparser.KeyAst$File:  <unknown>:1#1 
65078      INFO  Test worker     d.u.i.k.n.KeyIO           MODE: declarations took 0 ms 
65078      DEBUG Test worker     d.u.i.k.n.KeyIO           MODE: 2nd degree decls took 0 
66390      INFO  Test worker     d.u.i.k.n.KeyIO           Parsing took 0 ms 
66390      DEBUG Test worker     d.u.i.k.n.KeyIO           Load declarations of de.uka.ilkd.key.nparser.KeyAst$File:  <unknown>:1#1 
66406      INFO  Test worker     d.u.i.k.n.KeyIO           MODE: declarations took 16 ms 
66406      DEBUG Test worker     d.u.i.k.n.KeyIO           MODE: 2nd degree decls took 0 
70616      INFO  Test worker     d.u.i.k.n.KeyIO           Parsing took 0 ms 
70616      DEBUG Test worker     d.u.i.k.n.KeyIO           Load declarations of de.uka.ilkd.key.nparser.KeyAst$File:  <unknown>:1#1 
70616      INFO  Test worker     d.u.i.k.n.KeyIO           MODE: declarations took 0 ms 
70616      DEBUG Test worker     d.u.i.k.n.KeyIO           MODE: 2nd degree decls took 0 
71927      INFO  Test worker     d.u.i.k.n.KeyIO           Parsing took 0 ms 
71927      DEBUG Test worker     d.u.i.k.n.KeyIO           Load declarations of de.uka.ilkd.key.nparser.KeyAst$File:  <unknown>:1#1 
71927      INFO  Test worker     d.u.i.k.n.KeyIO           MODE: declarations took 0 ms 
71927      DEBUG Test worker     d.u.i.k.n.KeyIO           MODE: 2nd degree decls took 0 
76088      INFO  Test worker     d.u.i.k.n.KeyIO           Parsing took 0 ms 
76088      DEBUG Test worker     d.u.i.k.n.KeyIO           Load declarations of de.uka.ilkd.key.nparser.KeyAst$File:  <unknown>:1#1 
76088      INFO  Test worker     d.u.i.k.n.KeyIO           MODE: declarations took 0 ms 
76103      DEBUG Test worker     d.u.i.k.n.KeyIO           MODE: 2nd degree decls took 0 
77370      INFO  Test worker     d.u.i.k.n.KeyIO           Parsing took 0 ms 
77370      DEBUG Test worker     d.u.i.k.n.KeyIO           Load declarations of de.uka.ilkd.key.nparser.KeyAst$File:  <unknown>:1#1 
77370      INFO  Test worker     d.u.i.k.n.KeyIO           MODE: declarations took 0 ms 
77370      DEBUG Test worker     d.u.i.k.n.KeyIO           MODE: 2nd degree decls took 0 
81578      INFO  Test worker     d.u.i.k.n.KeyIO           Parsing took 0 ms 
81578      DEBUG Test worker     d.u.i.k.n.KeyIO           Load declarations of de.uka.ilkd.key.nparser.KeyAst$File:  <unknown>:1#1 
81578      INFO  Test worker     d.u.i.k.n.KeyIO           MODE: declarations took 0 ms 
81578      DEBUG Test worker     d.u.i.k.n.KeyIO           MODE: 2nd degree decls took 0 
82866      INFO  Test worker     d.u.i.k.n.KeyIO           Parsing took 0 ms 
82866      DEBUG Test worker     d.u.i.k.n.KeyIO           Load declarations of de.uka.ilkd.key.nparser.KeyAst$File:  <unknown>:1#1 
82866      INFO  Test worker     d.u.i.k.n.KeyIO           MODE: declarations took 0 ms 
82866      DEBUG Test worker     d.u.i.k.n.KeyIO           MODE: 2nd degree decls took 0 
87120      INFO  Test worker     d.u.i.k.n.KeyIO           Parsing took 0 ms 
87120      DEBUG Test worker     d.u.i.k.n.KeyIO           Load declarations of de.uka.ilkd.key.nparser.KeyAst$File:  <unknown>:1#1 
87120      INFO  Test worker     d.u.i.k.n.KeyIO           MODE: declarations took 0 ms 
87120      DEBUG Test worker     d.u.i.k.n.KeyIO           MODE: 2nd degree decls took 0 
88392      INFO  Test worker     d.u.i.k.n.KeyIO           Parsing took 0 ms 
88392      DEBUG Test worker     d.u.i.k.n.KeyIO           Load declarations of de.uka.ilkd.key.nparser.KeyAst$File:  <unknown>:1#1 
88392      INFO  Test worker     d.u.i.k.n.KeyIO           MODE: declarations took 0 ms 
88392      DEBUG Test worker     d.u.i.k.n.KeyIO           MODE: 2nd degree decls took 0 
92572      INFO  Test worker     d.u.i.k.n.KeyIO           Parsing took 0 ms 
92572      DEBUG Test worker     d.u.i.k.n.KeyIO           Load declarations of de.uka.ilkd.key.nparser.KeyAst$File:  <unknown>:1#1 
92572      INFO  Test worker     d.u.i.k.n.KeyIO           MODE: declarations took 0 ms 
92572      DEBUG Test worker     d.u.i.k.n.KeyIO           MODE: 2nd degree decls took 0 
93842      INFO  Test worker     d.u.i.k.n.KeyIO           Parsing took 0 ms 
93842      DEBUG Test worker     d.u.i.k.n.KeyIO           Load declarations of de.uka.ilkd.key.nparser.KeyAst$File:  <unknown>:1#1 
93842      INFO  Test worker     d.u.i.k.n.KeyIO           MODE: declarations took 0 ms 
93842      DEBUG Test worker     d.u.i.k.n.KeyIO           MODE: 2nd degree decls took 0 
98042      INFO  Test worker     d.u.i.k.n.KeyIO           Parsing took 0 ms 
98042      DEBUG Test worker     d.u.i.k.n.KeyIO           Load declarations of de.uka.ilkd.key.nparser.KeyAst$File:  <unknown>:1#1 
98042      INFO  Test worker     d.u.i.k.n.KeyIO           MODE: declarations took 0 ms 
98042      DEBUG Test worker     d.u.i.k.n.KeyIO           MODE: 2nd degree decls took 0 
99308      INFO  Test worker     d.u.i.k.n.KeyIO           Parsing took 0 ms 
99308      DEBUG Test worker     d.u.i.k.n.KeyIO           Load declarations of de.uka.ilkd.key.nparser.KeyAst$File:  <unknown>:1#1 
99308      INFO  Test worker     d.u.i.k.n.KeyIO           MODE: declarations took 0 ms 
99308      DEBUG Test worker     d.u.i.k.n.KeyIO           MODE: 2nd degree decls took 0 
103545     INFO  Test worker     d.u.i.k.n.KeyIO           Parsing took 0 ms 
103545     DEBUG Test worker     d.u.i.k.n.KeyIO           Load declarations of de.uka.ilkd.key.nparser.KeyAst$File:  <unknown>:1#1 
103545     INFO  Test worker     d.u.i.k.n.KeyIO           MODE: declarations took 0 ms 
103545     DEBUG Test worker     d.u.i.k.n.KeyIO           MODE: 2nd degree decls took 0 
104820     INFO  Test worker     d.u.i.k.n.KeyIO           Parsing took 0 ms 
104820     DEBUG Test worker     d.u.i.k.n.KeyIO           Load declarations of de.uka.ilkd.key.nparser.KeyAst$File:  <unknown>:1#1 
104820     INFO  Test worker     d.u.i.k.n.KeyIO           MODE: declarations took 0 ms 
104820     DEBUG Test worker     d.u.i.k.n.KeyIO           MODE: 2nd degree decls took 0 
113205     INFO  Test worker     d.u.i.k.n.KeyIO           Parsing took 0 ms 
113205     DEBUG Test worker     d.u.i.k.n.KeyIO           Load declarations of de.uka.ilkd.key.nparser.KeyAst$File:  <unknown>:1#1 
113205     INFO  Test worker     d.u.i.k.n.KeyIO           MODE: declarations took 0 ms 
113205     DEBUG Test worker     d.u.i.k.n.KeyIO           MODE: 2nd degree decls took 0 
114506     INFO  Test worker     d.u.i.k.n.KeyIO           Parsing took 0 ms 
114506     DEBUG Test worker     d.u.i.k.n.KeyIO           Load declarations of de.uka.ilkd.key.nparser.KeyAst$File:  <unknown>:1#1 
114506     INFO  Test worker     d.u.i.k.n.KeyIO           MODE: declarations took 0 ms 
114507     DEBUG Test worker     d.u.i.k.n.KeyIO           MODE: 2nd degree decls took 0 
118663     INFO  Test worker     d.u.i.k.n.KeyIO           Parsing took 0 ms 
118663     DEBUG Test worker     d.u.i.k.n.KeyIO           Load declarations of de.uka.ilkd.key.nparser.KeyAst$File:  <unknown>:1#1 
118663     INFO  Test worker     d.u.i.k.n.KeyIO           MODE: declarations took 0 ms 
118663     DEBUG Test worker     d.u.i.k.n.KeyIO           MODE: 2nd degree decls took 0 
120049     INFO  Test worker     d.u.i.k.n.KeyIO           Parsing took 0 ms 
120049     DEBUG Test worker     d.u.i.k.n.KeyIO           Load declarations of de.uka.ilkd.key.nparser.KeyAst$File:  <unknown>:1#1 
120049     INFO  Test worker     d.u.i.k.n.KeyIO           MODE: declarations took 0 ms 
120049     DEBUG Test worker     d.u.i.k.n.KeyIO           MODE: 2nd degree decls took 0 
]]></system-out>
  <system-err><![CDATA[]]></system-err>
</testsuite>
