<?xml version="1.0" encoding="UTF-8"?>
<testsuite name="de.uka.ilkd.key.util.TestProofStarter" tests="2" skipped="0" failures="0" errors="0" timestamp="2023-06-05T09:48:14" hostname="fv-az553-997" time="55.442">
  <properties/>
  <testcase name="testDirectProofWithOneStepSimplification()" classname="de.uka.ilkd.key.util.TestProofStarter" time="28.952"/>
  <testcase name="testDirectProof()" classname="de.uka.ilkd.key.util.TestProofStarter" time="26.49"/>
  <system-out><![CDATA[1136618    INFO  Test worker     d.u.i.k.p.i.AbstractProblemLoader Loading environment from src\test\resources\testcase\proofStarter\CC\project.key 
1136618    DEBUG Test worker     d.u.i.k.p.i.AbstractProblemLoader Environment load took 170.3ns 
1136618    INFO  Test worker     d.u.i.k.p.i.AbstractProblemLoader Creating init config 
1141058    DEBUG Test worker     d.u.i.k.p.i.AbstractProblemLoader Init config took 4.43s 
1141105    INFO  Test worker     d.u.i.k.p.i.AbstractProblemLoader Replaying proof CC[CC::calcCoinIndex([I,[I)].JML normal_behavior operation contract.0 
1141105    DEBUG Test worker     d.u.i.k.p.i.IntermediateProofReplayer Proof replay took 2.6ns 
1165546    INFO  Test worker     d.u.i.k.p.i.AbstractProblemLoader Loading environment from src\test\resources\testcase\proofStarter\CC\project.key 
1165546    DEBUG Test worker     d.u.i.k.p.i.AbstractProblemLoader Environment load took 295.5ns 
1165562    INFO  Test worker     d.u.i.k.p.i.AbstractProblemLoader Creating init config 
1169980    DEBUG Test worker     d.u.i.k.p.i.AbstractProblemLoader Init config took 4.42s 
1170027    INFO  Test worker     d.u.i.k.p.i.AbstractProblemLoader Replaying proof CC[CC::calcCoinIndex([I,[I)].JML normal_behavior operation contract.0 
1170027    DEBUG Test worker     d.u.i.k.p.i.IntermediateProofReplayer Proof replay took 2.9ns 
]]></system-out>
  <system-err><![CDATA[]]></system-err>
</testsuite>
