<?xml version="1.0" encoding="UTF-8"?>
<testsuite name="de.uka.ilkd.key.parser.TestTermParserSorts" tests="2" skipped="0" failures="0" errors="0" timestamp="2023-06-05T09:39:17" hostname="fv-az553-997" time="4.148">
  <properties/>
  <testcase name="testParseIntegerArgs()" classname="de.uka.ilkd.key.parser.TestTermParserSorts" time="0.016"/>
  <testcase name="testParseSequencePrettySyntax()" classname="de.uka.ilkd.key.parser.TestTermParserSorts" time="0.002"/>
  <system-out><![CDATA[599440     INFO  Test worker     d.u.i.k.n.KeyIO           Parsing took 0 ms 
599440     DEBUG Test worker     d.u.i.k.n.KeyIO           Load declarations of de.uka.ilkd.key.nparser.KeyAst$File:  <unknown>:1#1 
599440     INFO  Test worker     d.u.i.k.n.KeyIO           MODE: declarations took 0 ms 
599440     DEBUG Test worker     d.u.i.k.n.KeyIO           MODE: 2nd degree decls took 0 
599440     INFO  Test worker     d.u.i.k.n.KeyIO           Parsing took 0 ms 
599440     DEBUG Test worker     d.u.i.k.n.KeyIO           Load declarations of de.uka.ilkd.key.nparser.KeyAst$File:  <unknown>:1#1 
599440     INFO  Test worker     d.u.i.k.n.KeyIO           MODE: declarations took 0 ms 
599440     DEBUG Test worker     d.u.i.k.n.KeyIO           MODE: 2nd degree decls took 0 
599440     INFO  Test worker     d.u.i.k.n.KeyIO           Parsing took 0 ms 
599440     DEBUG Test worker     d.u.i.k.n.KeyIO           Load declarations of de.uka.ilkd.key.nparser.KeyAst$File:  <unknown>:1#1 
599440     INFO  Test worker     d.u.i.k.n.KeyIO           MODE: declarations took 0 ms 
599440     DEBUG Test worker     d.u.i.k.n.KeyIO           MODE: 2nd degree decls took 0 
603586     INFO  Test worker     d.u.i.k.n.KeyIO           Parsing took 0 ms 
603586     DEBUG Test worker     d.u.i.k.n.KeyIO           Load declarations of de.uka.ilkd.key.nparser.KeyAst$File:  <unknown>:1#1 
603586     INFO  Test worker     d.u.i.k.n.KeyIO           MODE: declarations took 0 ms 
603586     DEBUG Test worker     d.u.i.k.n.KeyIO           MODE: 2nd degree decls took 0 
603586     INFO  Test worker     d.u.i.k.n.KeyIO           Parsing took 0 ms 
603586     DEBUG Test worker     d.u.i.k.n.KeyIO           Load declarations of de.uka.ilkd.key.nparser.KeyAst$File:  <unknown>:1#1 
603586     INFO  Test worker     d.u.i.k.n.KeyIO           MODE: declarations took 0 ms 
603586     DEBUG Test worker     d.u.i.k.n.KeyIO           MODE: 2nd degree decls took 0 
603586     INFO  Test worker     d.u.i.k.n.KeyIO           Parsing took 0 ms 
603586     DEBUG Test worker     d.u.i.k.n.KeyIO           Load declarations of de.uka.ilkd.key.nparser.KeyAst$File:  <unknown>:1#1 
603586     INFO  Test worker     d.u.i.k.n.KeyIO           MODE: declarations took 0 ms 
603586     DEBUG Test worker     d.u.i.k.n.KeyIO           MODE: 2nd degree decls took 0 
]]></system-out>
  <system-err><![CDATA[]]></system-err>
</testsuite>
