<?xml version="1.0" encoding="UTF-8"?>
<testsuite name="de.uka.ilkd.key.parser.TestParser" tests="5" skipped="1" failures="0" errors="0" timestamp="2023-06-05T09:36:19" hostname="fv-az553-997" time="6.958">
  <properties/>
  <testcase name="testConstantEvaluationError()" classname="de.uka.ilkd.key.parser.TestParser" time="1.355"/>
  <testcase name="testGenericSort()" classname="de.uka.ilkd.key.parser.TestParser" time="0.002"/>
  <testcase name="testIssue1566()" classname="de.uka.ilkd.key.parser.TestParser" time="4.281"/>
  <testcase name="testIssue39()" classname="de.uka.ilkd.key.parser.TestParser" time="1.316"/>
  <testcase name="testRelativeInclude()" classname="de.uka.ilkd.key.parser.TestParser" time="0.003">
    <skipped/>
  </testcase>
  <system-out><![CDATA[421248     INFO  Test worker     d.u.i.k.p.i.AbstractProblemLoader Loading environment from src\test\resources\testcase\parserErrorTest\AssignToArray.java 
421248     DEBUG Test worker     d.u.i.k.p.i.AbstractProblemLoader Environment load took 123.4ns 
421264     INFO  Test worker     d.u.i.k.p.i.AbstractProblemLoader Creating init config 
422613     INFO  Test worker     d.u.i.k.n.KeyIO           Parsing took 0 ms 
422613     DEBUG Test worker     d.u.i.k.n.KeyIO           Load declarations of de.uka.ilkd.key.nparser.KeyAst$File:  <unknown>:1#1 
422613     INFO  Test worker     d.u.i.k.n.KeyIO           MODE: declarations took 0 ms 
422613     DEBUG Test worker     d.u.i.k.n.KeyIO           MODE: 2nd degree decls took 0 
422613     DEBUG Test worker     d.u.i.k.n.KeyIO           MODE: taclets took 0ms 
422613     INFO  Test worker     d.u.i.k.p.i.AbstractProblemLoader Loading environment from src\test\resources\testcase\issues\1566\a.key 
422613     DEBUG Test worker     d.u.i.k.p.i.AbstractProblemLoader Environment load took 144.9ns 
422613     INFO  Test worker     d.u.i.k.p.i.AbstractProblemLoader Creating init config 
426870     DEBUG Test worker     d.u.i.k.p.i.AbstractProblemLoader Init config took 4.25s 
426886     INFO  Test worker     d.u.i.k.p.i.AbstractProblemLoader Replaying proof a.key 
426886     DEBUG Test worker     d.u.i.k.p.i.IntermediateProofReplayer Proof replay took 10.6ns 
426886     INFO  Test worker     d.u.i.k.p.i.AbstractProblemLoader Loading environment from src\test\resources\testcase\issues\39\A.java 
426886     DEBUG Test worker     d.u.i.k.p.i.AbstractProblemLoader Environment load took 440.9ns 
426886     INFO  Test worker     d.u.i.k.p.i.AbstractProblemLoader Creating init config 
]]></system-out>
  <system-err><![CDATA[]]></system-err>
</testsuite>
