<?xml version="1.0" encoding="UTF-8"?>
<testsuite name="de.uka.ilkd.key.rule.merge.PredicateAbstractionLatticeTests" tests="3" skipped="0" failures="0" errors="0" timestamp="2023-06-05T09:41:35" hostname="fv-az553-997" time="8.572">
  <properties/>
  <testcase name="testToAndFromString()" classname="de.uka.ilkd.key.rule.merge.PredicateAbstractionLatticeTests" time="4.363"/>
  <testcase name="testCreateSignLatticeWithPredicates()" classname="de.uka.ilkd.key.rule.merge.PredicateAbstractionLatticeTests" time="4.209"/>
  <testcase name="testTrivialPredicatesLattice()" classname="de.uka.ilkd.key.rule.merge.PredicateAbstractionLatticeTests" time="0.0"/>
  <system-out><![CDATA[737881     INFO  Test worker     d.u.i.k.p.i.AbstractProblemLoader Loading environment from src\test\resources\testcase\merge\dummy.key 
737881     DEBUG Test worker     d.u.i.k.p.i.AbstractProblemLoader Environment load took 342.3ns 
737881     INFO  Test worker     d.u.i.k.p.i.AbstractProblemLoader Creating init config 
742230     DEBUG Test worker     d.u.i.k.p.i.AbstractProblemLoader Init config took 4.35s 
742245     INFO  Test worker     d.u.i.k.p.i.AbstractProblemLoader Replaying proof dummy.key 
742245     DEBUG Test worker     d.u.i.k.p.i.IntermediateProofReplayer Proof replay took 10.4ns 
742261     INFO  Test worker     d.u.i.k.p.i.AbstractProblemLoader Loading environment from src\test\resources\testcase\merge\dummy.key 
742261     DEBUG Test worker     d.u.i.k.p.i.AbstractProblemLoader Environment load took 195ns 
742261     INFO  Test worker     d.u.i.k.p.i.AbstractProblemLoader Creating init config 
746438     DEBUG Test worker     d.u.i.k.p.i.AbstractProblemLoader Init config took 4.18s 
746454     INFO  Test worker     d.u.i.k.p.i.AbstractProblemLoader Replaying proof dummy.key 
746454     DEBUG Test worker     d.u.i.k.p.i.IntermediateProofReplayer Proof replay took 11.2ns 
]]></system-out>
  <system-err><![CDATA[]]></system-err>
</testsuite>
