<?xml version="1.0" encoding="UTF-8"?>
<testsuite name="de.uka.ilkd.key.symbolic_execution.testcase.po.TestProgramMethodSubsetPO" tests="12" skipped="0" failures="0" errors="0" timestamp="2023-02-01T16:23:34" hostname="fv-az613-223" time="75.334">
  <properties/>
  <testcase name="testDoSomethingElseBranch()" classname="de.uka.ilkd.key.symbolic_execution.testcase.po.TestProgramMethodSubsetPO" time="6.325"/>
  <testcase name="testDoSomethingNoReturn()" classname="de.uka.ilkd.key.symbolic_execution.testcase.po.TestProgramMethodSubsetPO" time="6.282"/>
  <testcase name="testDoSomethingIfBranch()" classname="de.uka.ilkd.key.symbolic_execution.testcase.po.TestProgramMethodSubsetPO" time="6.293"/>
  <testcase name="testDoSomethingIfWithSurroundingStatements()" classname="de.uka.ilkd.key.symbolic_execution.testcase.po.TestProgramMethodSubsetPO" time="6.41"/>
  <testcase name="testVoidMethodWithReturn()" classname="de.uka.ilkd.key.symbolic_execution.testcase.po.TestProgramMethodSubsetPO" time="6.095"/>
  <testcase name="testVoidMethodNoReturn()" classname="de.uka.ilkd.key.symbolic_execution.testcase.po.TestProgramMethodSubsetPO" time="6.06"/>
  <testcase name="testDoSomethingIf()" classname="de.uka.ilkd.key.symbolic_execution.testcase.po.TestProgramMethodSubsetPO" time="6.418"/>
  <testcase name="testDoSomethingNoReturn_Precondition()" classname="de.uka.ilkd.key.symbolic_execution.testcase.po.TestProgramMethodSubsetPO" time="6.333"/>
  <testcase name="testVoidMethodNoReturn_Precondition()" classname="de.uka.ilkd.key.symbolic_execution.testcase.po.TestProgramMethodSubsetPO" time="6.2"/>
  <testcase name="testDoSomethingWithReturn()" classname="de.uka.ilkd.key.symbolic_execution.testcase.po.TestProgramMethodSubsetPO" time="6.37"/>
  <testcase name="testDoSomethingWithReturn_Precondition()" classname="de.uka.ilkd.key.symbolic_execution.testcase.po.TestProgramMethodSubsetPO" time="6.302"/>
  <testcase name="testVoidMethodWithReturn_Precondition()" classname="de.uka.ilkd.key.symbolic_execution.testcase.po.TestProgramMethodSubsetPO" time="6.244"/>
  <system-out><![CDATA[]]></system-out>
  <system-err><![CDATA[]]></system-err>
</testsuite>
