<?xml version="1.0" encoding="UTF-8"?>
<testsuite name="de.uka.ilkd.key.parser.TestJMLParserAssociativity" tests="1" skipped="0" failures="0" errors="0" timestamp="2023-03-13T09:35:07" hostname="fv-az444-612" time="27.37">
  <properties/>
  <testcase name="testLeftAssociativity()" classname="de.uka.ilkd.key.parser.TestJMLParserAssociativity" time="27.37"/>
  <system-out><![CDATA[]]></system-out>
  <system-err><![CDATA[]]></system-err>
</testsuite>
