<?xml version="1.0" encoding="UTF-8"?>
<testsuite name="de.uka.ilkd.key.symbolic_execution.testcase.strategy.TestKeYWatchpointMethodsOnSatisfiable" tests="1" skipped="0" failures="0" errors="0" timestamp="2023-02-02T15:27:45" hostname="fv-az357-935" time="3.848">
  <properties/>
  <testcase name="testBreakpointStopCondition()" classname="de.uka.ilkd.key.symbolic_execution.testcase.strategy.TestKeYWatchpointMethodsOnSatisfiable" time="3.848"/>
  <system-out><![CDATA[]]></system-out>
  <system-err><![CDATA[]]></system-err>
</testsuite>
