<?xml version="1.0" encoding="UTF-8"?>
<testsuite name="de.uka.ilkd.key.nparser.ParseLDTsTests" tests="2" skipped="0" failures="0" errors="0" timestamp="2023-04-18T13:41:07" hostname="fv-az1113-707" time="1.114">
  <properties/>
  <testcase name="testLDT()" classname="de.uka.ilkd.key.nparser.ParseLDTsTests" time="0.019"/>
  <testcase name="testSR()" classname="de.uka.ilkd.key.nparser.ParseLDTsTests" time="1.094"/>
  <system-out><![CDATA[244998     INFO  Test worker     d.u.i.k.n.KeyIO           Parsing took 0 ms 
244998     INFO  Test worker     d.u.i.k.n.KeyIO           MODE: declarations took 0 ms 
245423     INFO  Test worker     d.u.i.k.n.KeyIO           Parsing took 409 ms 
245423     INFO  Test worker     d.u.i.k.n.KeyIO           MODE: declarations took 0 ms 
]]></system-out>
  <system-err><![CDATA[]]></system-err>
</testsuite>
