<?xml version="1.0" encoding="UTF-8"?>
<testsuite name="de.uka.ilkd.key.parser.TestDeclParser" tests="14" skipped="2" failures="0" errors="0" timestamp="2023-04-18T13:41:21" hostname="fv-az1113-707" time="12.818">
  <properties/>
  <testcase name="testGenericSortDecl1()" classname="de.uka.ilkd.key.parser.TestDeclParser" time="1.247"/>
  <testcase name="testGenericSortDecl2()" classname="de.uka.ilkd.key.parser.TestDeclParser" time="1.112"/>
  <testcase name="testGenericSortDecl3()" classname="de.uka.ilkd.key.parser.TestDeclParser" time="1.076"/>
  <testcase name="testGenericSortDecl4()" classname="de.uka.ilkd.key.parser.TestDeclParser" time="0.995"/>
  <testcase name="testGenericSortDecl5()" classname="de.uka.ilkd.key.parser.TestDeclParser" time="0.0">
    <skipped/>
  </testcase>
  <testcase name="testGenericSortDecl6()" classname="de.uka.ilkd.key.parser.TestDeclParser" time="1.059"/>
  <testcase name="testSortDecl()" classname="de.uka.ilkd.key.parser.TestDeclParser" time="1.057"/>
  <testcase name="testProxySortDecl()" classname="de.uka.ilkd.key.parser.TestDeclParser" time="1.121"/>
  <testcase name="testArrayDecl()" classname="de.uka.ilkd.key.parser.TestDeclParser" time="0.998"/>
  <testcase name="testAmbiguousDecls()" classname="de.uka.ilkd.key.parser.TestDeclParser" time="0.0">
    <skipped/>
  </testcase>
  <testcase name="testHeurDecl()" classname="de.uka.ilkd.key.parser.TestDeclParser" time="1.052"/>
  <testcase name="testFunctionDecl()" classname="de.uka.ilkd.key.parser.TestDeclParser" time="1.046"/>
  <testcase name="testPredicateDecl()" classname="de.uka.ilkd.key.parser.TestDeclParser" time="1.006"/>
  <testcase name="testSVDecl()" classname="de.uka.ilkd.key.parser.TestDeclParser" time="1.045"/>
  <system-out><![CDATA[259681     INFO  Test worker     d.u.i.k.n.KeyIO           Parsing took 0 ms 
259681     INFO  Test worker     d.u.i.k.n.KeyIO           MODE: declarations took 0 ms 
260810     INFO  Test worker     d.u.i.k.n.KeyIO           Parsing took 0 ms 
260810     INFO  Test worker     d.u.i.k.n.KeyIO           MODE: declarations took 0 ms 
261884     INFO  Test worker     d.u.i.k.n.KeyIO           Parsing took 0 ms 
261884     INFO  Test worker     d.u.i.k.n.KeyIO           MODE: declarations took 0 ms 
262884     INFO  Test worker     d.u.i.k.n.KeyIO           Parsing took 0 ms 
262884     INFO  Test worker     d.u.i.k.n.KeyIO           MODE: declarations took 0 ms 
263941     INFO  Test worker     d.u.i.k.n.KeyIO           Parsing took 0 ms 
263941     INFO  Test worker     d.u.i.k.n.KeyIO           MODE: declarations took 0 ms 
265005     INFO  Test worker     d.u.i.k.n.KeyIO           Parsing took 0 ms 
265005     INFO  Test worker     d.u.i.k.n.KeyIO           MODE: declarations took 0 ms 
266116     INFO  Test worker     d.u.i.k.n.KeyIO           Parsing took 0 ms 
266116     INFO  Test worker     d.u.i.k.n.KeyIO           MODE: declarations took 0 ms 
267119     INFO  Test worker     d.u.i.k.n.KeyIO           Parsing took 0 ms 
267119     INFO  Test worker     d.u.i.k.n.KeyIO           MODE: declarations took 0 ms 
268176     INFO  Test worker     d.u.i.k.n.KeyIO           Parsing took 0 ms 
268176     INFO  Test worker     d.u.i.k.n.KeyIO           MODE: declarations took 0 ms 
269224     INFO  Test worker     d.u.i.k.n.KeyIO           Parsing took 0 ms 
269224     INFO  Test worker     d.u.i.k.n.KeyIO           MODE: declarations took 0 ms 
270224     INFO  Test worker     d.u.i.k.n.KeyIO           Parsing took 0 ms 
270224     INFO  Test worker     d.u.i.k.n.KeyIO           MODE: declarations took 0 ms 
271259     INFO  Test worker     d.u.i.k.n.KeyIO           Parsing took 0 ms 
271259     INFO  Test worker     d.u.i.k.n.KeyIO           MODE: declarations took 0 ms 
]]></system-out>
  <system-err><![CDATA[]]></system-err>
</testsuite>
