<?xml version="1.0" encoding="UTF-8"?>
<testsuite name="de.uka.ilkd.key.parser.TestTermParser" tests="47" skipped="4" failures="0" errors="0" timestamp="2023-04-18T13:43:01" hostname="fv-az1113-707" time="4.536">
  <properties/>
  <testcase name="testNotEqual()" classname="de.uka.ilkd.key.parser.TestTermParser" time="0.003"/>
  <testcase name="testProgramVariables()" classname="de.uka.ilkd.key.parser.TestTermParser" time="0.074"/>
  <testcase name="testAttributeWithSpecifiedSortOnObject()" classname="de.uka.ilkd.key.parser.TestTermParser" time="0.013"/>
  <testcase name="testCast()" classname="de.uka.ilkd.key.parser.TestTermParser" time="0.006"/>
  <testcase name="testJavaQueryAndAttribute_all()" classname="de.uka.ilkd.key.parser.TestTermParser" time="0.0">
    <skipped/>
  </testcase>
  <testcase name="test10()" classname="de.uka.ilkd.key.parser.TestTermParser" time="0.004"/>
  <testcase name="test11()" classname="de.uka.ilkd.key.parser.TestTermParser" time="0.004"/>
  <testcase name="test12()" classname="de.uka.ilkd.key.parser.TestTermParser" time="0.001">
    <skipped/>
  </testcase>
  <testcase name="test13()" classname="de.uka.ilkd.key.parser.TestTermParser" time="0.006"/>
  <testcase name="test14()" classname="de.uka.ilkd.key.parser.TestTermParser" time="0.004"/>
  <testcase name="test1a()" classname="de.uka.ilkd.key.parser.TestTermParser" time="0.003"/>
  <testcase name="testJavaAttributeAccess_4()" classname="de.uka.ilkd.key.parser.TestTermParser" time="0.003"/>
  <testcase name="testAttributeOnObject()" classname="de.uka.ilkd.key.parser.TestTermParser" time="0.003"/>
  <testcase name="testNegativeLiteralParsing1()" classname="de.uka.ilkd.key.parser.TestTermParser" time="0.002"/>
  <testcase name="testNegativeLiteralParsing2()" classname="de.uka.ilkd.key.parser.TestTermParser" time="0.003"/>
  <testcase name="testNegativeLiteralParsing3()" classname="de.uka.ilkd.key.parser.TestTermParser" time="0.001"/>
  <testcase name="xtestParsingArrayWithSpaces()" classname="de.uka.ilkd.key.parser.TestTermParser" time="0.0">
    <skipped/>
  </testcase>
  <testcase name="testAmbigiousFuncVarPred()" classname="de.uka.ilkd.key.parser.TestTermParser" time="0.001"/>
  <testcase name="test1()" classname="de.uka.ilkd.key.parser.TestTermParser" time="0.002"/>
  <testcase name="test2()" classname="de.uka.ilkd.key.parser.TestTermParser" time="0.002"/>
  <testcase name="test3()" classname="de.uka.ilkd.key.parser.TestTermParser" time="0.003"/>
  <testcase name="test5()" classname="de.uka.ilkd.key.parser.TestTermParser" time="0.003"/>
  <testcase name="test6()" classname="de.uka.ilkd.key.parser.TestTermParser" time="0.002"/>
  <testcase name="test7()" classname="de.uka.ilkd.key.parser.TestTermParser" time="0.002"/>
  <testcase name="test8()" classname="de.uka.ilkd.key.parser.TestTermParser" time="0.002"/>
  <testcase name="test9()" classname="de.uka.ilkd.key.parser.TestTermParser" time="0.002"/>
  <testcase name="testBindingUpdateTerm()" classname="de.uka.ilkd.key.parser.TestTermParser" time="0.003"/>
  <testcase name="testJavaStaticQuery()" classname="de.uka.ilkd.key.parser.TestTermParser" time="0.003"/>
  <testcase name="testInfix1()" classname="de.uka.ilkd.key.parser.TestTermParser" time="0.002"/>
  <testcase name="testInfix2()" classname="de.uka.ilkd.key.parser.TestTermParser" time="0.003"/>
  <testcase name="testInfix3()" classname="de.uka.ilkd.key.parser.TestTermParser" time="0.003"/>
  <testcase name="testInfix4()" classname="de.uka.ilkd.key.parser.TestTermParser" time="0.002"/>
  <testcase name="testIfThenElse()" classname="de.uka.ilkd.key.parser.TestTermParser" time="0.003"/>
  <testcase name="testJavaAttributeAccessBoth_1()" classname="de.uka.ilkd.key.parser.TestTermParser" time="0.004"/>
  <testcase name="testJavaAttributeAccessBoth_2()" classname="de.uka.ilkd.key.parser.TestTermParser" time="0.004"/>
  <testcase name="testJavaAttributeAccessBoth_3()" classname="de.uka.ilkd.key.parser.TestTermParser" time="0.003"/>
  <testcase name="testBindingUpdateTerm_1()" classname="de.uka.ilkd.key.parser.TestTermParser" time="0.003"/>
  <testcase name="testBindingUpdateTerm_3()" classname="de.uka.ilkd.key.parser.TestTermParser" time="0.007"/>
  <testcase name="testBindingUpdateTerm_4()" classname="de.uka.ilkd.key.parser.TestTermParser" time="0.002"/>
  <testcase name="testBindingUpdateTerm_5()" classname="de.uka.ilkd.key.parser.TestTermParser" time="0.003"/>
  <testcase name="testBindingUpdateTerm_6()" classname="de.uka.ilkd.key.parser.TestTermParser" time="0.004"/>
  <testcase name="testBindingUpdateTerm_7()" classname="de.uka.ilkd.key.parser.TestTermParser" time="0.003"/>
  <testcase name="testBindingUpdateTerm_8()" classname="de.uka.ilkd.key.parser.TestTermParser" time="0.003"/>
  <testcase name="testParsingArray()" classname="de.uka.ilkd.key.parser.TestTermParser" time="0.006"/>
  <testcase name="xtestBindingUpdateTermOldBindingAlternative()" classname="de.uka.ilkd.key.parser.TestTermParser" time="0.0">
    <skipped/>
  </testcase>
  <testcase name="testJavaStaticQueryWithParameter()" classname="de.uka.ilkd.key.parser.TestTermParser" time="0.048"/>
  <testcase name="testParsingArrayCombination()" classname="de.uka.ilkd.key.parser.TestTermParser" time="0.014"/>
  <system-out><![CDATA[358883     INFO  Test worker     d.u.i.k.n.KeyIO           Parsing took 0 ms 
358883     INFO  Test worker     d.u.i.k.n.KeyIO           MODE: declarations took 0 ms 
358883     WARN  Test worker     d.u.i.k.j.r.KeYCrossReferenceNameInfo Datatype T declared twice: Once in UNKNOWN:unknown and once in UNKNOWN:unknown, Keeping one from UNKNOWN:unknown 
358977     INFO  Test worker     d.u.i.k.n.KeyIO           Parsing took 0 ms 
358977     INFO  Test worker     d.u.i.k.n.KeyIO           MODE: declarations took 0 ms 
359055     WARN  Test worker     d.u.i.k.j.r.KeYCrossReferenceNameInfo Datatype T declared twice: Once in UNKNOWN:unknown and once in UNKNOWN:unknown, Keeping one from UNKNOWN:unknown 
359141     INFO  Test worker     d.u.i.k.n.KeyIO           Parsing took 0 ms 
359157     INFO  Test worker     d.u.i.k.n.KeyIO           MODE: declarations took 0 ms 
359157     WARN  Test worker     d.u.i.k.j.r.KeYCrossReferenceNameInfo Datatype T declared twice: Once in UNKNOWN:unknown and once in UNKNOWN:unknown, Keeping one from UNKNOWN:unknown 
359254     INFO  Test worker     d.u.i.k.n.KeyIO           Parsing took 0 ms 
359254     INFO  Test worker     d.u.i.k.n.KeyIO           MODE: declarations took 0 ms 
359254     WARN  Test worker     d.u.i.k.j.r.KeYCrossReferenceNameInfo Datatype T declared twice: Once in UNKNOWN:unknown and once in UNKNOWN:unknown, Keeping one from UNKNOWN:unknown 
359348     WARN  Test worker     d.u.i.k.j.r.KeYCrossReferenceNameInfo Datatype T declared twice: Once in UNKNOWN:unknown and once in UNKNOWN:unknown, Keeping one from UNKNOWN:unknown 
359442     INFO  Test worker     d.u.i.k.n.KeyIO           Parsing took 0 ms 
359442     INFO  Test worker     d.u.i.k.n.KeyIO           MODE: declarations took 0 ms 
359442     INFO  Test worker     d.u.i.k.p.TestTermParser  Out: \<{
  int x = 1;
  {
    int s = 2;
  }
}\> (equals(x,x)) 
359442     WARN  Test worker     d.u.i.k.j.r.KeYCrossReferenceNameInfo Datatype T declared twice: Once in UNKNOWN:unknown and once in UNKNOWN:unknown, Keeping one from UNKNOWN:unknown 
359520     INFO  Test worker     d.u.i.k.n.KeyIO           Parsing took 0 ms 
359520     INFO  Test worker     d.u.i.k.n.KeyIO           MODE: declarations took 0 ms 
359520     INFO  Test worker     d.u.i.k.p.TestTermParser  Out: \[{
  int x = 2;
  {
    String s = ""}";
  }
}\] (true) 
359536     WARN  Test worker     d.u.i.k.j.r.KeYCrossReferenceNameInfo Datatype T declared twice: Once in UNKNOWN:unknown and once in UNKNOWN:unknown, Keeping one from UNKNOWN:unknown 
359614     WARN  Test worker     d.u.i.k.j.r.KeYCrossReferenceNameInfo Datatype T declared twice: Once in UNKNOWN:unknown and once in UNKNOWN:unknown, Keeping one from UNKNOWN:unknown 
359702     INFO  Test worker     d.u.i.k.n.KeyIO           Parsing took 0 ms 
359702     INFO  Test worker     d.u.i.k.n.KeyIO           MODE: declarations took 0 ms 
359718     WARN  Test worker     d.u.i.k.j.r.KeYCrossReferenceNameInfo Datatype T declared twice: Once in UNKNOWN:unknown and once in UNKNOWN:unknown, Keeping one from UNKNOWN:unknown 
359807     INFO  Test worker     d.u.i.k.n.KeyIO           Parsing took 0 ms 
359807     INFO  Test worker     d.u.i.k.n.KeyIO           MODE: declarations took 0 ms 
359807     INFO  Test worker     d.u.i.k.p.TestTermParser  Out: \<{
  int[] i;
}\> (diamond(true)) 
359807     WARN  Test worker     d.u.i.k.j.r.KeYCrossReferenceNameInfo Datatype T declared twice: Once in UNKNOWN:unknown and once in UNKNOWN:unknown, Keeping one from UNKNOWN:unknown 
359900     INFO  Test worker     d.u.i.k.n.KeyIO           Parsing took 0 ms 
359900     INFO  Test worker     d.u.i.k.n.KeyIO           MODE: declarations took 0 ms 
359900     WARN  Test worker     d.u.i.k.j.r.KeYCrossReferenceNameInfo Datatype T declared twice: Once in UNKNOWN:unknown and once in UNKNOWN:unknown, Keeping one from UNKNOWN:unknown 
359994     INFO  Test worker     d.u.i.k.n.KeyIO           Parsing took 0 ms 
359994     INFO  Test worker     d.u.i.k.n.KeyIO           MODE: declarations took 0 ms 
359994     WARN  Test worker     d.u.i.k.j.r.KeYCrossReferenceNameInfo Datatype T declared twice: Once in UNKNOWN:unknown and once in UNKNOWN:unknown, Keeping one from UNKNOWN:unknown 
360088     INFO  Test worker     d.u.i.k.n.KeyIO           Parsing took 0 ms 
360088     INFO  Test worker     d.u.i.k.n.KeyIO           MODE: declarations took 0 ms 
360088     WARN  Test worker     d.u.i.k.j.r.KeYCrossReferenceNameInfo Datatype T declared twice: Once in UNKNOWN:unknown and once in UNKNOWN:unknown, Keeping one from UNKNOWN:unknown 
360186     INFO  Test worker     d.u.i.k.n.KeyIO           Parsing took 16 ms 
360186     INFO  Test worker     d.u.i.k.n.KeyIO           MODE: declarations took 0 ms 
360186     WARN  Test worker     d.u.i.k.j.r.KeYCrossReferenceNameInfo Datatype T declared twice: Once in UNKNOWN:unknown and once in UNKNOWN:unknown, Keeping one from UNKNOWN:unknown 
360264     INFO  Test worker     d.u.i.k.n.KeyIO           Parsing took 0 ms 
360280     INFO  Test worker     d.u.i.k.n.KeyIO           MODE: declarations took 16 ms 
360280     WARN  Test worker     d.u.i.k.j.r.KeYCrossReferenceNameInfo Datatype T declared twice: Once in UNKNOWN:unknown and once in UNKNOWN:unknown, Keeping one from UNKNOWN:unknown 
360436     INFO  Test worker     d.u.i.k.n.KeyIO           Parsing took 0 ms 
360436     INFO  Test worker     d.u.i.k.n.KeyIO           MODE: declarations took 0 ms 
360436     WARN  Test worker     d.u.i.k.j.r.KeYCrossReferenceNameInfo Datatype T declared twice: Once in UNKNOWN:unknown and once in UNKNOWN:unknown, Keeping one from UNKNOWN:unknown 
360530     WARN  Test worker     d.u.i.k.j.r.KeYCrossReferenceNameInfo Datatype T declared twice: Once in UNKNOWN:unknown and once in UNKNOWN:unknown, Keeping one from UNKNOWN:unknown 
360624     INFO  Test worker     d.u.i.k.n.KeyIO           Parsing took 0 ms 
360624     INFO  Test worker     d.u.i.k.n.KeyIO           MODE: declarations took 0 ms 
360624     WARN  Test worker     d.u.i.k.j.r.KeYCrossReferenceNameInfo Datatype T declared twice: Once in UNKNOWN:unknown and once in UNKNOWN:unknown, Keeping one from UNKNOWN:unknown 
360702     INFO  Test worker     d.u.i.k.n.KeyIO           Parsing took 0 ms 
360702     INFO  Test worker     d.u.i.k.n.KeyIO           MODE: declarations took 0 ms 
360702     WARN  Test worker     d.u.i.k.j.r.KeYCrossReferenceNameInfo Datatype T declared twice: Once in UNKNOWN:unknown and once in UNKNOWN:unknown, Keeping one from UNKNOWN:unknown 
360796     INFO  Test worker     d.u.i.k.n.KeyIO           Parsing took 0 ms 
360796     INFO  Test worker     d.u.i.k.n.KeyIO           MODE: declarations took 0 ms 
360796     WARN  Test worker     d.u.i.k.j.r.KeYCrossReferenceNameInfo Datatype T declared twice: Once in UNKNOWN:unknown and once in UNKNOWN:unknown, Keeping one from UNKNOWN:unknown 
360890     INFO  Test worker     d.u.i.k.n.KeyIO           Parsing took 0 ms 
360890     INFO  Test worker     d.u.i.k.n.KeyIO           MODE: declarations took 0 ms 
360890     WARN  Test worker     d.u.i.k.j.r.KeYCrossReferenceNameInfo Datatype T declared twice: Once in UNKNOWN:unknown and once in UNKNOWN:unknown, Keeping one from UNKNOWN:unknown 
360984     INFO  Test worker     d.u.i.k.n.KeyIO           Parsing took 0 ms 
360984     INFO  Test worker     d.u.i.k.n.KeyIO           MODE: declarations took 0 ms 
360984     WARN  Test worker     d.u.i.k.j.r.KeYCrossReferenceNameInfo Datatype T declared twice: Once in UNKNOWN:unknown and once in UNKNOWN:unknown, Keeping one from UNKNOWN:unknown 
361077     INFO  Test worker     d.u.i.k.n.KeyIO           Parsing took 0 ms 
361077     INFO  Test worker     d.u.i.k.n.KeyIO           MODE: declarations took 0 ms 
361077     WARN  Test worker     d.u.i.k.j.r.KeYCrossReferenceNameInfo Datatype T declared twice: Once in UNKNOWN:unknown and once in UNKNOWN:unknown, Keeping one from UNKNOWN:unknown 
361172     INFO  Test worker     d.u.i.k.n.KeyIO           Parsing took 0 ms 
361172     INFO  Test worker     d.u.i.k.n.KeyIO           MODE: declarations took 0 ms 
361172     WARN  Test worker     d.u.i.k.j.r.KeYCrossReferenceNameInfo Datatype T declared twice: Once in UNKNOWN:unknown and once in UNKNOWN:unknown, Keeping one from UNKNOWN:unknown 
361273     INFO  Test worker     d.u.i.k.n.KeyIO           Parsing took 0 ms 
361273     INFO  Test worker     d.u.i.k.n.KeyIO           MODE: declarations took 0 ms 
361273     WARN  Test worker     d.u.i.k.j.r.KeYCrossReferenceNameInfo Datatype T declared twice: Once in UNKNOWN:unknown and once in UNKNOWN:unknown, Keeping one from UNKNOWN:unknown 
361386     INFO  Test worker     d.u.i.k.n.KeyIO           Parsing took 0 ms 
361386     INFO  Test worker     d.u.i.k.n.KeyIO           MODE: declarations took 0 ms 
361386     WARN  Test worker     d.u.i.k.j.r.KeYCrossReferenceNameInfo Datatype T declared twice: Once in UNKNOWN:unknown and once in UNKNOWN:unknown, Keeping one from UNKNOWN:unknown 
361479     INFO  Test worker     d.u.i.k.n.KeyIO           Parsing took 0 ms 
361479     INFO  Test worker     d.u.i.k.n.KeyIO           MODE: declarations took 0 ms 
361479     WARN  Test worker     d.u.i.k.j.r.KeYCrossReferenceNameInfo Datatype T declared twice: Once in UNKNOWN:unknown and once in UNKNOWN:unknown, Keeping one from UNKNOWN:unknown 
361573     INFO  Test worker     d.u.i.k.n.KeyIO           Parsing took 0 ms 
361573     INFO  Test worker     d.u.i.k.n.KeyIO           MODE: declarations took 0 ms 
361573     WARN  Test worker     d.u.i.k.j.r.KeYCrossReferenceNameInfo Datatype T declared twice: Once in UNKNOWN:unknown and once in UNKNOWN:unknown, Keeping one from UNKNOWN:unknown 
361651     INFO  Test worker     d.u.i.k.n.KeyIO           Parsing took 0 ms 
361651     INFO  Test worker     d.u.i.k.n.KeyIO           MODE: declarations took 0 ms 
361667     WARN  Test worker     d.u.i.k.j.r.KeYCrossReferenceNameInfo Datatype T declared twice: Once in UNKNOWN:unknown and once in UNKNOWN:unknown, Keeping one from UNKNOWN:unknown 
361745     INFO  Test worker     d.u.i.k.n.KeyIO           Parsing took 0 ms 
361745     INFO  Test worker     d.u.i.k.n.KeyIO           MODE: declarations took 0 ms 
361745     WARN  Test worker     d.u.i.k.j.r.KeYCrossReferenceNameInfo Datatype T declared twice: Once in UNKNOWN:unknown and once in UNKNOWN:unknown, Keeping one from UNKNOWN:unknown 
361839     INFO  Test worker     d.u.i.k.n.KeyIO           Parsing took 0 ms 
361839     INFO  Test worker     d.u.i.k.n.KeyIO           MODE: declarations took 0 ms 
361839     WARN  Test worker     d.u.i.k.j.r.KeYCrossReferenceNameInfo Datatype T declared twice: Once in UNKNOWN:unknown and once in UNKNOWN:unknown, Keeping one from UNKNOWN:unknown 
361932     INFO  Test worker     d.u.i.k.n.KeyIO           Parsing took 0 ms 
361932     INFO  Test worker     d.u.i.k.n.KeyIO           MODE: declarations took 0 ms 
361932     WARN  Test worker     d.u.i.k.j.r.KeYCrossReferenceNameInfo Datatype T declared twice: Once in UNKNOWN:unknown and once in UNKNOWN:unknown, Keeping one from UNKNOWN:unknown 
362026     INFO  Test worker     d.u.i.k.n.KeyIO           Parsing took 0 ms 
362026     INFO  Test worker     d.u.i.k.n.KeyIO           MODE: declarations took 0 ms 
362026     WARN  Test worker     d.u.i.k.j.r.KeYCrossReferenceNameInfo Datatype T declared twice: Once in UNKNOWN:unknown and once in UNKNOWN:unknown, Keeping one from UNKNOWN:unknown 
362104     INFO  Test worker     d.u.i.k.n.KeyIO           Parsing took 0 ms 
362104     INFO  Test worker     d.u.i.k.n.KeyIO           MODE: declarations took 0 ms 
362120     WARN  Test worker     d.u.i.k.j.r.KeYCrossReferenceNameInfo Datatype T declared twice: Once in UNKNOWN:unknown and once in UNKNOWN:unknown, Keeping one from UNKNOWN:unknown 
362214     INFO  Test worker     d.u.i.k.n.KeyIO           Parsing took 0 ms 
362214     INFO  Test worker     d.u.i.k.n.KeyIO           MODE: declarations took 0 ms 
362214     WARN  Test worker     d.u.i.k.j.r.KeYCrossReferenceNameInfo Datatype T declared twice: Once in UNKNOWN:unknown and once in UNKNOWN:unknown, Keeping one from UNKNOWN:unknown 
362308     INFO  Test worker     d.u.i.k.n.KeyIO           Parsing took 0 ms 
362308     INFO  Test worker     d.u.i.k.n.KeyIO           MODE: declarations took 0 ms 
362308     WARN  Test worker     d.u.i.k.j.r.KeYCrossReferenceNameInfo Datatype T declared twice: Once in UNKNOWN:unknown and once in UNKNOWN:unknown, Keeping one from UNKNOWN:unknown 
362401     INFO  Test worker     d.u.i.k.n.KeyIO           Parsing took 0 ms 
362401     INFO  Test worker     d.u.i.k.n.KeyIO           MODE: declarations took 0 ms 
362401     WARN  Test worker     d.u.i.k.j.r.KeYCrossReferenceNameInfo Datatype T declared twice: Once in UNKNOWN:unknown and once in UNKNOWN:unknown, Keeping one from UNKNOWN:unknown 
362495     INFO  Test worker     d.u.i.k.n.KeyIO           Parsing took 0 ms 
362495     INFO  Test worker     d.u.i.k.n.KeyIO           MODE: declarations took 0 ms 
362495     WARN  Test worker     d.u.i.k.j.r.KeYCrossReferenceNameInfo Datatype T declared twice: Once in UNKNOWN:unknown and once in UNKNOWN:unknown, Keeping one from UNKNOWN:unknown 
362589     INFO  Test worker     d.u.i.k.n.KeyIO           Parsing took 0 ms 
362589     INFO  Test worker     d.u.i.k.n.KeyIO           MODE: declarations took 0 ms 
362589     WARN  Test worker     d.u.i.k.j.r.KeYCrossReferenceNameInfo Datatype T declared twice: Once in UNKNOWN:unknown and once in UNKNOWN:unknown, Keeping one from UNKNOWN:unknown 
362683     INFO  Test worker     d.u.i.k.n.KeyIO           Parsing took 0 ms 
362683     INFO  Test worker     d.u.i.k.n.KeyIO           MODE: declarations took 0 ms 
362683     WARN  Test worker     d.u.i.k.j.r.KeYCrossReferenceNameInfo Datatype T declared twice: Once in UNKNOWN:unknown and once in UNKNOWN:unknown, Keeping one from UNKNOWN:unknown 
362782     INFO  Test worker     d.u.i.k.n.KeyIO           Parsing took 0 ms 
362782     INFO  Test worker     d.u.i.k.n.KeyIO           MODE: declarations took 0 ms 
362782     WARN  Test worker     d.u.i.k.j.r.KeYCrossReferenceNameInfo Datatype T declared twice: Once in UNKNOWN:unknown and once in UNKNOWN:unknown, Keeping one from UNKNOWN:unknown 
362876     INFO  Test worker     d.u.i.k.n.KeyIO           Parsing took 0 ms 
362876     INFO  Test worker     d.u.i.k.n.KeyIO           MODE: declarations took 0 ms 
362876     WARN  Test worker     d.u.i.k.j.r.KeYCrossReferenceNameInfo Datatype T declared twice: Once in UNKNOWN:unknown and once in UNKNOWN:unknown, Keeping one from UNKNOWN:unknown 
362970     INFO  Test worker     d.u.i.k.n.KeyIO           Parsing took 0 ms 
362970     INFO  Test worker     d.u.i.k.n.KeyIO           MODE: declarations took 0 ms 
362970     WARN  Test worker     d.u.i.k.j.r.KeYCrossReferenceNameInfo Datatype T declared twice: Once in UNKNOWN:unknown and once in UNKNOWN:unknown, Keeping one from UNKNOWN:unknown 
363064     INFO  Test worker     d.u.i.k.n.KeyIO           Parsing took 0 ms 
363064     INFO  Test worker     d.u.i.k.n.KeyIO           MODE: declarations took 0 ms 
363079     WARN  Test worker     d.u.i.k.j.r.KeYCrossReferenceNameInfo Datatype T declared twice: Once in UNKNOWN:unknown and once in UNKNOWN:unknown, Keeping one from UNKNOWN:unknown 
363173     WARN  Test worker     d.u.i.k.j.r.KeYCrossReferenceNameInfo Datatype T declared twice: Once in UNKNOWN:unknown and once in UNKNOWN:unknown, Keeping one from UNKNOWN:unknown 
363267     INFO  Test worker     d.u.i.k.n.KeyIO           Parsing took 0 ms 
363267     INFO  Test worker     d.u.i.k.n.KeyIO           MODE: declarations took 0 ms 
363317     WARN  Test worker     d.u.i.k.j.r.KeYCrossReferenceNameInfo Datatype T declared twice: Once in UNKNOWN:unknown and once in UNKNOWN:unknown, Keeping one from UNKNOWN:unknown 
363395     INFO  Test worker     d.u.i.k.n.KeyIO           Parsing took 0 ms 
363410     INFO  Test worker     d.u.i.k.n.KeyIO           MODE: declarations took 0 ms 
]]></system-out>
  <system-err><![CDATA[]]></system-err>
</testsuite>
