<?xml version="1.0" encoding="UTF-8"?>
<testsuite name="de.uka.ilkd.key.proof.reference.TestReferenceSearcher" tests="1" skipped="0" failures="0" errors="0" timestamp="2023-04-18T13:45:41" hostname="fv-az1113-707" time="4.312">
  <properties/>
  <testcase name="testFindsReferenceInSameProof()" classname="de.uka.ilkd.key.proof.reference.TestReferenceSearcher" time="4.312"/>
  <system-out><![CDATA[]]></system-out>
  <system-err><![CDATA[]]></system-err>
</testsuite>
