<?xml version="1.0" encoding="UTF-8"?>
<testsuite name="de.uka.ilkd.key.parser.TestTermParserHeap" tests="39" skipped="0" failures="0" errors="0" timestamp="2023-04-18T13:43:09" hostname="fv-az1113-707" time="123.586">
  <properties/>
  <testcase name="testBracketHeapUpdate()" classname="de.uka.ilkd.key.parser.TestTermParserHeap" time="0.017"/>
  <testcase name="testStore()" classname="de.uka.ilkd.key.parser.TestTermParserHeap" time="0.008"/>
  <testcase name="testUnknownConstant()" classname="de.uka.ilkd.key.parser.TestTermParserHeap" time="0.007"/>
  <testcase name="testAllFieldsSelector()" classname="de.uka.ilkd.key.parser.TestTermParserHeap" time="0.002"/>
  <testcase name="testParsePrettyPrintedSelect()" classname="de.uka.ilkd.key.parser.TestTermParserHeap" time="0.002"/>
  <testcase name="testAccessStaticMembers()" classname="de.uka.ilkd.key.parser.TestTermParserHeap" time="0.011"/>
  <testcase name="testAtOperator_1()" classname="de.uka.ilkd.key.parser.TestTermParserHeap" time="0.002"/>
  <testcase name="testAtOperator_2()" classname="de.uka.ilkd.key.parser.TestTermParserHeap" time="0.102"/>
  <testcase name="testAtOperator_3()" classname="de.uka.ilkd.key.parser.TestTermParserHeap" time="0.002"/>
  <testcase name="testAtOperator_4()" classname="de.uka.ilkd.key.parser.TestTermParserHeap" time="0.013"/>
  <testcase name="testAtOperator_5()" classname="de.uka.ilkd.key.parser.TestTermParserHeap" time="0.003"/>
  <testcase name="testAtOperator_6()" classname="de.uka.ilkd.key.parser.TestTermParserHeap" time="0.002"/>
  <testcase name="testAtOperator_7()" classname="de.uka.ilkd.key.parser.TestTermParserHeap" time="0.005"/>
  <testcase name="testAtOperator_8()" classname="de.uka.ilkd.key.parser.TestTermParserHeap" time="0.005"/>
  <testcase name="testVerifyExceptionIfAtOperatorNotPreceededBySelectTerm()" classname="de.uka.ilkd.key.parser.TestTermParserHeap" time="0.005"/>
  <testcase name="testBugResettingCounter()" classname="de.uka.ilkd.key.parser.TestTermParserHeap" time="0.004"/>
  <testcase name="testLocationSets()" classname="de.uka.ilkd.key.parser.TestTermParserHeap" time="0.002"/>
  <testcase name="testQuantifiedSelect()" classname="de.uka.ilkd.key.parser.TestTermParserHeap" time="0.004"/>
  <testcase name="testGenericObjectProperties()" classname="de.uka.ilkd.key.parser.TestTermParserHeap" time="0.003"/>
  <testcase name="testQueryInheritance_1()" classname="de.uka.ilkd.key.parser.TestTermParserHeap" time="0.003"/>
  <testcase name="testQueryInheritance_2()" classname="de.uka.ilkd.key.parser.TestTermParserHeap" time="0.004"/>
  <testcase name="testQueryInheritance_3()" classname="de.uka.ilkd.key.parser.TestTermParserHeap" time="0.002"/>
  <testcase name="testQueryInheritance_4()" classname="de.uka.ilkd.key.parser.TestTermParserHeap" time="0.002"/>
  <testcase name="testQueryInheritance_5()" classname="de.uka.ilkd.key.parser.TestTermParserHeap" time="0.003"/>
  <testcase name="testQueryInheritance_6()" classname="de.uka.ilkd.key.parser.TestTermParserHeap" time="0.004"/>
  <testcase name="testQueryInheritance_7()" classname="de.uka.ilkd.key.parser.TestTermParserHeap" time="0.002"/>
  <testcase name="testQueryInheritance_8()" classname="de.uka.ilkd.key.parser.TestTermParserHeap" time="0.003"/>
  <testcase name="testQueryInheritance_9()" classname="de.uka.ilkd.key.parser.TestTermParserHeap" time="0.003"/>
  <testcase name="testQueryBasic_10()" classname="de.uka.ilkd.key.parser.TestTermParserHeap" time="0.002"/>
  <testcase name="testQueryBasic_11()" classname="de.uka.ilkd.key.parser.TestTermParserHeap" time="0.003"/>
  <testcase name="testQueryBasic_1()" classname="de.uka.ilkd.key.parser.TestTermParserHeap" time="0.003"/>
  <testcase name="testQueryBasic_2()" classname="de.uka.ilkd.key.parser.TestTermParserHeap" time="0.003"/>
  <testcase name="testQueryBasic_3()" classname="de.uka.ilkd.key.parser.TestTermParserHeap" time="0.001"/>
  <testcase name="testQueryBasic_4()" classname="de.uka.ilkd.key.parser.TestTermParserHeap" time="0.003"/>
  <testcase name="testQueryBasic_5()" classname="de.uka.ilkd.key.parser.TestTermParserHeap" time="0.003"/>
  <testcase name="testQueryBasic_6()" classname="de.uka.ilkd.key.parser.TestTermParserHeap" time="0.002"/>
  <testcase name="testQueryBasic_7()" classname="de.uka.ilkd.key.parser.TestTermParserHeap" time="0.003"/>
  <testcase name="testQueryBasic_8()" classname="de.uka.ilkd.key.parser.TestTermParserHeap" time="0.002"/>
  <testcase name="testQueryBasic_9()" classname="de.uka.ilkd.key.parser.TestTermParserHeap" time="0.001"/>
  <system-out><![CDATA[366855     INFO  Test worker     d.u.i.k.n.KeyIO           Parsing took 0 ms 
366855     INFO  Test worker     d.u.i.k.n.KeyIO           MODE: declarations took 0 ms 
366855     INFO  Test worker     d.u.i.k.n.KeyIO           Parsing took 0 ms 
366855     INFO  Test worker     d.u.i.k.n.KeyIO           MODE: declarations took 0 ms 
366855     INFO  Test worker     d.u.i.k.n.KeyIO           Parsing took 0 ms 
366855     INFO  Test worker     d.u.i.k.n.KeyIO           MODE: declarations took 0 ms 
366855     INFO  Test worker     d.u.i.k.n.KeyIO           Parsing took 0 ms 
366855     INFO  Test worker     d.u.i.k.n.KeyIO           MODE: declarations took 0 ms 
366855     INFO  Test worker     d.u.i.k.n.KeyIO           Parsing took 0 ms 
366855     INFO  Test worker     d.u.i.k.n.KeyIO           MODE: declarations took 0 ms 
370135     INFO  Test worker     d.u.i.k.n.KeyIO           Parsing took 0 ms 
370135     INFO  Test worker     d.u.i.k.n.KeyIO           MODE: declarations took 0 ms 
370135     INFO  Test worker     d.u.i.k.n.KeyIO           Parsing took 0 ms 
370135     INFO  Test worker     d.u.i.k.n.KeyIO           MODE: declarations took 0 ms 
370135     INFO  Test worker     d.u.i.k.n.KeyIO           Parsing took 0 ms 
370135     INFO  Test worker     d.u.i.k.n.KeyIO           MODE: declarations took 0 ms 
370135     INFO  Test worker     d.u.i.k.n.KeyIO           Parsing took 0 ms 
370135     INFO  Test worker     d.u.i.k.n.KeyIO           MODE: declarations took 0 ms 
370135     INFO  Test worker     d.u.i.k.n.KeyIO           Parsing took 0 ms 
370135     INFO  Test worker     d.u.i.k.n.KeyIO           MODE: declarations took 0 ms 
373452     INFO  Test worker     d.u.i.k.n.KeyIO           Parsing took 0 ms 
373452     INFO  Test worker     d.u.i.k.n.KeyIO           MODE: declarations took 0 ms 
373452     INFO  Test worker     d.u.i.k.n.KeyIO           Parsing took 0 ms 
373452     INFO  Test worker     d.u.i.k.n.KeyIO           MODE: declarations took 0 ms 
373452     INFO  Test worker     d.u.i.k.n.KeyIO           Parsing took 0 ms 
373452     INFO  Test worker     d.u.i.k.n.KeyIO           MODE: declarations took 0 ms 
373452     INFO  Test worker     d.u.i.k.n.KeyIO           Parsing took 0 ms 
373452     INFO  Test worker     d.u.i.k.n.KeyIO           MODE: declarations took 0 ms 
373452     INFO  Test worker     d.u.i.k.n.KeyIO           Parsing took 0 ms 
373452     INFO  Test worker     d.u.i.k.n.KeyIO           MODE: declarations took 0 ms 
373452     INFO  Test worker     d.u.i.k.n.KeyIO           Parsing took 0 ms 
373452     INFO  Test worker     d.u.i.k.n.KeyIO           MODE: declarations took 0 ms 
376794     INFO  Test worker     d.u.i.k.n.KeyIO           Parsing took 0 ms 
376794     INFO  Test worker     d.u.i.k.n.KeyIO           MODE: declarations took 0 ms 
376794     INFO  Test worker     d.u.i.k.n.KeyIO           Parsing took 0 ms 
376794     INFO  Test worker     d.u.i.k.n.KeyIO           MODE: declarations took 0 ms 
376794     INFO  Test worker     d.u.i.k.n.KeyIO           Parsing took 0 ms 
376794     INFO  Test worker     d.u.i.k.n.KeyIO           MODE: declarations took 0 ms 
376794     INFO  Test worker     d.u.i.k.n.KeyIO           Parsing took 0 ms 
376794     INFO  Test worker     d.u.i.k.n.KeyIO           MODE: declarations took 0 ms 
376794     INFO  Test worker     d.u.i.k.n.KeyIO           Parsing took 0 ms 
376794     INFO  Test worker     d.u.i.k.n.KeyIO           MODE: declarations took 0 ms 
380106     INFO  Test worker     d.u.i.k.n.KeyIO           Parsing took 0 ms 
380106     INFO  Test worker     d.u.i.k.n.KeyIO           MODE: declarations took 0 ms 
380106     INFO  Test worker     d.u.i.k.n.KeyIO           Parsing took 0 ms 
380106     INFO  Test worker     d.u.i.k.n.KeyIO           MODE: declarations took 0 ms 
380106     INFO  Test worker     d.u.i.k.n.KeyIO           Parsing took 0 ms 
380106     INFO  Test worker     d.u.i.k.n.KeyIO           MODE: declarations took 0 ms 
380106     INFO  Test worker     d.u.i.k.n.KeyIO           Parsing took 0 ms 
380106     INFO  Test worker     d.u.i.k.n.KeyIO           MODE: declarations took 0 ms 
380106     INFO  Test worker     d.u.i.k.n.KeyIO           Parsing took 0 ms 
380106     INFO  Test worker     d.u.i.k.n.KeyIO           MODE: declarations took 0 ms 
383326     INFO  Test worker     d.u.i.k.n.KeyIO           Parsing took 0 ms 
383326     INFO  Test worker     d.u.i.k.n.KeyIO           MODE: declarations took 0 ms 
383326     INFO  Test worker     d.u.i.k.n.KeyIO           Parsing took 0 ms 
383326     INFO  Test worker     d.u.i.k.n.KeyIO           MODE: declarations took 0 ms 
383326     INFO  Test worker     d.u.i.k.n.KeyIO           Parsing took 0 ms 
383326     INFO  Test worker     d.u.i.k.n.KeyIO           MODE: declarations took 0 ms 
383326     INFO  Test worker     d.u.i.k.n.KeyIO           Parsing took 0 ms 
383342     INFO  Test worker     d.u.i.k.n.KeyIO           MODE: declarations took 0 ms 
383342     INFO  Test worker     d.u.i.k.n.KeyIO           Parsing took 0 ms 
383342     INFO  Test worker     d.u.i.k.n.KeyIO           MODE: declarations took 0 ms 
386618     INFO  Test worker     d.u.i.k.n.KeyIO           Parsing took 0 ms 
386618     INFO  Test worker     d.u.i.k.n.KeyIO           MODE: declarations took 0 ms 
386618     INFO  Test worker     d.u.i.k.n.KeyIO           Parsing took 0 ms 
386618     INFO  Test worker     d.u.i.k.n.KeyIO           MODE: declarations took 0 ms 
386618     INFO  Test worker     d.u.i.k.n.KeyIO           Parsing took 0 ms 
386618     INFO  Test worker     d.u.i.k.n.KeyIO           MODE: declarations took 0 ms 
386618     INFO  Test worker     d.u.i.k.n.KeyIO           Parsing took 0 ms 
386618     INFO  Test worker     d.u.i.k.n.KeyIO           MODE: declarations took 0 ms 
386618     INFO  Test worker     d.u.i.k.n.KeyIO           Parsing took 0 ms 
386618     INFO  Test worker     d.u.i.k.n.KeyIO           MODE: declarations took 0 ms 
389895     INFO  Test worker     d.u.i.k.n.KeyIO           Parsing took 0 ms 
389895     INFO  Test worker     d.u.i.k.n.KeyIO           MODE: declarations took 0 ms 
389895     INFO  Test worker     d.u.i.k.n.KeyIO           Parsing took 0 ms 
389895     INFO  Test worker     d.u.i.k.n.KeyIO           MODE: declarations took 0 ms 
389895     INFO  Test worker     d.u.i.k.n.KeyIO           Parsing took 0 ms 
389895     INFO  Test worker     d.u.i.k.n.KeyIO           MODE: declarations took 0 ms 
389895     INFO  Test worker     d.u.i.k.n.KeyIO           Parsing took 0 ms 
389895     INFO  Test worker     d.u.i.k.n.KeyIO           MODE: declarations took 0 ms 
389895     INFO  Test worker     d.u.i.k.n.KeyIO           Parsing took 0 ms 
389957     INFO  Test worker     d.u.i.k.n.KeyIO           MODE: declarations took 0 ms 
393216     INFO  Test worker     d.u.i.k.n.KeyIO           Parsing took 0 ms 
393216     INFO  Test worker     d.u.i.k.n.KeyIO           MODE: declarations took 0 ms 
393216     INFO  Test worker     d.u.i.k.n.KeyIO           Parsing took 0 ms 
393216     INFO  Test worker     d.u.i.k.n.KeyIO           MODE: declarations took 0 ms 
393216     INFO  Test worker     d.u.i.k.n.KeyIO           Parsing took 0 ms 
393216     INFO  Test worker     d.u.i.k.n.KeyIO           MODE: declarations took 0 ms 
393216     INFO  Test worker     d.u.i.k.n.KeyIO           Parsing took 0 ms 
393216     INFO  Test worker     d.u.i.k.n.KeyIO           MODE: declarations took 0 ms 
393216     INFO  Test worker     d.u.i.k.n.KeyIO           Parsing took 0 ms 
393216     INFO  Test worker     d.u.i.k.n.KeyIO           MODE: declarations took 0 ms 
396471     INFO  Test worker     d.u.i.k.n.KeyIO           Parsing took 0 ms 
396471     INFO  Test worker     d.u.i.k.n.KeyIO           MODE: declarations took 0 ms 
396471     INFO  Test worker     d.u.i.k.n.KeyIO           Parsing took 0 ms 
396471     INFO  Test worker     d.u.i.k.n.KeyIO           MODE: declarations took 0 ms 
396471     INFO  Test worker     d.u.i.k.n.KeyIO           Parsing took 0 ms 
396471     INFO  Test worker     d.u.i.k.n.KeyIO           MODE: declarations took 0 ms 
396471     INFO  Test worker     d.u.i.k.n.KeyIO           Parsing took 0 ms 
396471     INFO  Test worker     d.u.i.k.n.KeyIO           MODE: declarations took 0 ms 
396471     INFO  Test worker     d.u.i.k.n.KeyIO           Parsing took 0 ms 
396471     INFO  Test worker     d.u.i.k.n.KeyIO           MODE: declarations took 0 ms 
399733     INFO  Test worker     d.u.i.k.n.KeyIO           Parsing took 0 ms 
399733     INFO  Test worker     d.u.i.k.n.KeyIO           MODE: declarations took 0 ms 
399733     INFO  Test worker     d.u.i.k.n.KeyIO           Parsing took 0 ms 
399733     INFO  Test worker     d.u.i.k.n.KeyIO           MODE: declarations took 0 ms 
399733     INFO  Test worker     d.u.i.k.n.KeyIO           Parsing took 0 ms 
399733     INFO  Test worker     d.u.i.k.n.KeyIO           MODE: declarations took 0 ms 
399733     INFO  Test worker     d.u.i.k.n.KeyIO           Parsing took 0 ms 
399733     INFO  Test worker     d.u.i.k.n.KeyIO           MODE: declarations took 0 ms 
399733     INFO  Test worker     d.u.i.k.n.KeyIO           Parsing took 0 ms 
399733     INFO  Test worker     d.u.i.k.n.KeyIO           MODE: declarations took 0 ms 
402966     INFO  Test worker     d.u.i.k.n.KeyIO           Parsing took 0 ms 
402966     INFO  Test worker     d.u.i.k.n.KeyIO           MODE: declarations took 0 ms 
402966     INFO  Test worker     d.u.i.k.n.KeyIO           Parsing took 0 ms 
402966     INFO  Test worker     d.u.i.k.n.KeyIO           MODE: declarations took 0 ms 
402966     INFO  Test worker     d.u.i.k.n.KeyIO           Parsing took 0 ms 
402966     INFO  Test worker     d.u.i.k.n.KeyIO           MODE: declarations took 0 ms 
402966     INFO  Test worker     d.u.i.k.n.KeyIO           Parsing took 0 ms 
402966     INFO  Test worker     d.u.i.k.n.KeyIO           MODE: declarations took 0 ms 
402966     INFO  Test worker     d.u.i.k.n.KeyIO           Parsing took 0 ms 
402966     INFO  Test worker     d.u.i.k.n.KeyIO           MODE: declarations took 0 ms 
406153     INFO  Test worker     d.u.i.k.n.KeyIO           Parsing took 0 ms 
406153     INFO  Test worker     d.u.i.k.n.KeyIO           MODE: declarations took 0 ms 
406153     INFO  Test worker     d.u.i.k.n.KeyIO           Parsing took 0 ms 
406153     INFO  Test worker     d.u.i.k.n.KeyIO           MODE: declarations took 0 ms 
406153     INFO  Test worker     d.u.i.k.n.KeyIO           Parsing took 0 ms 
406153     INFO  Test worker     d.u.i.k.n.KeyIO           MODE: declarations took 0 ms 
406153     INFO  Test worker     d.u.i.k.n.KeyIO           Parsing took 0 ms 
406153     INFO  Test worker     d.u.i.k.n.KeyIO           MODE: declarations took 0 ms 
406153     INFO  Test worker     d.u.i.k.n.KeyIO           Parsing took 0 ms 
406169     INFO  Test worker     d.u.i.k.n.KeyIO           MODE: declarations took 0 ms 
409387     INFO  Test worker     d.u.i.k.n.KeyIO           Parsing took 0 ms 
409387     INFO  Test worker     d.u.i.k.n.KeyIO           MODE: declarations took 0 ms 
409387     INFO  Test worker     d.u.i.k.n.KeyIO           Parsing took 0 ms 
409387     INFO  Test worker     d.u.i.k.n.KeyIO           MODE: declarations took 0 ms 
409387     INFO  Test worker     d.u.i.k.n.KeyIO           Parsing took 0 ms 
409387     INFO  Test worker     d.u.i.k.n.KeyIO           MODE: declarations took 0 ms 
409387     INFO  Test worker     d.u.i.k.n.KeyIO           Parsing took 0 ms 
409387     INFO  Test worker     d.u.i.k.n.KeyIO           MODE: declarations took 0 ms 
409387     INFO  Test worker     d.u.i.k.n.KeyIO           Parsing took 0 ms 
409387     INFO  Test worker     d.u.i.k.n.KeyIO           MODE: declarations took 0 ms 
412590     INFO  Test worker     d.u.i.k.n.KeyIO           Parsing took 0 ms 
412590     INFO  Test worker     d.u.i.k.n.KeyIO           MODE: declarations took 0 ms 
412605     INFO  Test worker     d.u.i.k.n.KeyIO           Parsing took 0 ms 
412605     INFO  Test worker     d.u.i.k.n.KeyIO           MODE: declarations took 0 ms 
412605     INFO  Test worker     d.u.i.k.n.KeyIO           Parsing took 0 ms 
412605     INFO  Test worker     d.u.i.k.n.KeyIO           MODE: declarations took 0 ms 
412605     INFO  Test worker     d.u.i.k.n.KeyIO           Parsing took 0 ms 
412605     INFO  Test worker     d.u.i.k.n.KeyIO           MODE: declarations took 0 ms 
412605     INFO  Test worker     d.u.i.k.n.KeyIO           Parsing took 0 ms 
412605     INFO  Test worker     d.u.i.k.n.KeyIO           MODE: declarations took 0 ms 
412605     WARN  Test worker     d.u.i.k.n.KeYParser       [syntax-error] <unknown>:1:11: mismatched input '@' expecting {'/', ':=', '.', '(', ')', '{', '[', '@', PARALLEL, OR, AND, IMP, '=', NOT_EQUALS, '%', '*', '-', '+', '>', GREATEREQUAL, '<', LESSEQUAL, LGUILLEMETS, EQV} [@11,11:11='@',<153>,1:11] (termEOF) 
415830     INFO  Test worker     d.u.i.k.n.KeyIO           Parsing took 0 ms 
415830     INFO  Test worker     d.u.i.k.n.KeyIO           MODE: declarations took 0 ms 
415830     INFO  Test worker     d.u.i.k.n.KeyIO           Parsing took 0 ms 
415830     INFO  Test worker     d.u.i.k.n.KeyIO           MODE: declarations took 0 ms 
415830     INFO  Test worker     d.u.i.k.n.KeyIO           Parsing took 0 ms 
415830     INFO  Test worker     d.u.i.k.n.KeyIO           MODE: declarations took 0 ms 
415830     INFO  Test worker     d.u.i.k.n.KeyIO           Parsing took 0 ms 
415830     INFO  Test worker     d.u.i.k.n.KeyIO           MODE: declarations took 0 ms 
415830     INFO  Test worker     d.u.i.k.n.KeyIO           Parsing took 0 ms 
415830     INFO  Test worker     d.u.i.k.n.KeyIO           MODE: declarations took 0 ms 
419066     INFO  Test worker     d.u.i.k.n.KeyIO           Parsing took 0 ms 
419066     INFO  Test worker     d.u.i.k.n.KeyIO           MODE: declarations took 0 ms 
419066     INFO  Test worker     d.u.i.k.n.KeyIO           Parsing took 0 ms 
419066     INFO  Test worker     d.u.i.k.n.KeyIO           MODE: declarations took 0 ms 
419066     INFO  Test worker     d.u.i.k.n.KeyIO           Parsing took 0 ms 
419066     INFO  Test worker     d.u.i.k.n.KeyIO           MODE: declarations took 0 ms 
419066     INFO  Test worker     d.u.i.k.n.KeyIO           Parsing took 0 ms 
419066     INFO  Test worker     d.u.i.k.n.KeyIO           MODE: declarations took 0 ms 
419066     INFO  Test worker     d.u.i.k.n.KeyIO           Parsing took 0 ms 
419066     INFO  Test worker     d.u.i.k.n.KeyIO           MODE: declarations took 0 ms 
422265     INFO  Test worker     d.u.i.k.n.KeyIO           Parsing took 0 ms 
422265     INFO  Test worker     d.u.i.k.n.KeyIO           MODE: declarations took 0 ms 
422265     INFO  Test worker     d.u.i.k.n.KeyIO           Parsing took 0 ms 
422265     INFO  Test worker     d.u.i.k.n.KeyIO           MODE: declarations took 0 ms 
422265     INFO  Test worker     d.u.i.k.n.KeyIO           Parsing took 0 ms 
422265     INFO  Test worker     d.u.i.k.n.KeyIO           MODE: declarations took 0 ms 
422265     INFO  Test worker     d.u.i.k.n.KeyIO           Parsing took 0 ms 
422265     INFO  Test worker     d.u.i.k.n.KeyIO           MODE: declarations took 0 ms 
422265     INFO  Test worker     d.u.i.k.n.KeyIO           Parsing took 0 ms 
422265     INFO  Test worker     d.u.i.k.n.KeyIO           MODE: declarations took 0 ms 
425537     INFO  Test worker     d.u.i.k.n.KeyIO           Parsing took 0 ms 
425537     INFO  Test worker     d.u.i.k.n.KeyIO           MODE: declarations took 0 ms 
425537     INFO  Test worker     d.u.i.k.n.KeyIO           Parsing took 0 ms 
425537     INFO  Test worker     d.u.i.k.n.KeyIO           MODE: declarations took 0 ms 
425537     INFO  Test worker     d.u.i.k.n.KeyIO           Parsing took 0 ms 
425537     INFO  Test worker     d.u.i.k.n.KeyIO           MODE: declarations took 0 ms 
425537     INFO  Test worker     d.u.i.k.n.KeyIO           Parsing took 0 ms 
425537     INFO  Test worker     d.u.i.k.n.KeyIO           MODE: declarations took 0 ms 
425537     INFO  Test worker     d.u.i.k.n.KeyIO           Parsing took 0 ms 
425537     INFO  Test worker     d.u.i.k.n.KeyIO           MODE: declarations took 0 ms 
428783     INFO  Test worker     d.u.i.k.n.KeyIO           Parsing took 0 ms 
428783     INFO  Test worker     d.u.i.k.n.KeyIO           MODE: declarations took 0 ms 
428783     INFO  Test worker     d.u.i.k.n.KeyIO           Parsing took 0 ms 
428783     INFO  Test worker     d.u.i.k.n.KeyIO           MODE: declarations took 0 ms 
428783     INFO  Test worker     d.u.i.k.n.KeyIO           Parsing took 0 ms 
428783     INFO  Test worker     d.u.i.k.n.KeyIO           MODE: declarations took 0 ms 
428783     INFO  Test worker     d.u.i.k.n.KeyIO           Parsing took 0 ms 
428783     INFO  Test worker     d.u.i.k.n.KeyIO           MODE: declarations took 0 ms 
428783     INFO  Test worker     d.u.i.k.n.KeyIO           Parsing took 0 ms 
428783     INFO  Test worker     d.u.i.k.n.KeyIO           MODE: declarations took 0 ms 
432034     INFO  Test worker     d.u.i.k.n.KeyIO           Parsing took 0 ms 
432034     INFO  Test worker     d.u.i.k.n.KeyIO           MODE: declarations took 0 ms 
432034     INFO  Test worker     d.u.i.k.n.KeyIO           Parsing took 0 ms 
432034     INFO  Test worker     d.u.i.k.n.KeyIO           MODE: declarations took 0 ms 
432034     INFO  Test worker     d.u.i.k.n.KeyIO           Parsing took 0 ms 
432034     INFO  Test worker     d.u.i.k.n.KeyIO           MODE: declarations took 0 ms 
432034     INFO  Test worker     d.u.i.k.n.KeyIO           Parsing took 0 ms 
432034     INFO  Test worker     d.u.i.k.n.KeyIO           MODE: declarations took 0 ms 
432034     INFO  Test worker     d.u.i.k.n.KeyIO           Parsing took 0 ms 
432034     INFO  Test worker     d.u.i.k.n.KeyIO           MODE: declarations took 0 ms 
435329     INFO  Test worker     d.u.i.k.n.KeyIO           Parsing took 0 ms 
435329     INFO  Test worker     d.u.i.k.n.KeyIO           MODE: declarations took 0 ms 
435329     INFO  Test worker     d.u.i.k.n.KeyIO           Parsing took 0 ms 
435329     INFO  Test worker     d.u.i.k.n.KeyIO           MODE: declarations took 0 ms 
435329     INFO  Test worker     d.u.i.k.n.KeyIO           Parsing took 0 ms 
435329     INFO  Test worker     d.u.i.k.n.KeyIO           MODE: declarations took 0 ms 
435329     INFO  Test worker     d.u.i.k.n.KeyIO           Parsing took 0 ms 
435329     INFO  Test worker     d.u.i.k.n.KeyIO           MODE: declarations took 0 ms 
435329     INFO  Test worker     d.u.i.k.n.KeyIO           Parsing took 0 ms 
435329     INFO  Test worker     d.u.i.k.n.KeyIO           MODE: declarations took 0 ms 
438949     INFO  Test worker     d.u.i.k.n.KeyIO           Parsing took 0 ms 
438949     INFO  Test worker     d.u.i.k.n.KeyIO           MODE: declarations took 0 ms 
438949     INFO  Test worker     d.u.i.k.n.KeyIO           Parsing took 0 ms 
438949     INFO  Test worker     d.u.i.k.n.KeyIO           MODE: declarations took 0 ms 
438949     INFO  Test worker     d.u.i.k.n.KeyIO           Parsing took 0 ms 
438949     INFO  Test worker     d.u.i.k.n.KeyIO           MODE: declarations took 0 ms 
438949     INFO  Test worker     d.u.i.k.n.KeyIO           Parsing took 0 ms 
438949     INFO  Test worker     d.u.i.k.n.KeyIO           MODE: declarations took 0 ms 
438949     INFO  Test worker     d.u.i.k.n.KeyIO           Parsing took 0 ms 
438949     INFO  Test worker     d.u.i.k.n.KeyIO           MODE: declarations took 0 ms 
442197     INFO  Test worker     d.u.i.k.n.KeyIO           Parsing took 0 ms 
442197     INFO  Test worker     d.u.i.k.n.KeyIO           MODE: declarations took 0 ms 
442197     INFO  Test worker     d.u.i.k.n.KeyIO           Parsing took 0 ms 
442197     INFO  Test worker     d.u.i.k.n.KeyIO           MODE: declarations took 0 ms 
442197     INFO  Test worker     d.u.i.k.n.KeyIO           Parsing took 0 ms 
442197     INFO  Test worker     d.u.i.k.n.KeyIO           MODE: declarations took 0 ms 
442197     INFO  Test worker     d.u.i.k.n.KeyIO           Parsing took 0 ms 
442197     INFO  Test worker     d.u.i.k.n.KeyIO           MODE: declarations took 0 ms 
442197     INFO  Test worker     d.u.i.k.n.KeyIO           Parsing took 0 ms 
442197     INFO  Test worker     d.u.i.k.n.KeyIO           MODE: declarations took 0 ms 
445384     INFO  Test worker     d.u.i.k.n.KeyIO           Parsing took 0 ms 
445399     INFO  Test worker     d.u.i.k.n.KeyIO           MODE: declarations took 0 ms 
445399     INFO  Test worker     d.u.i.k.n.KeyIO           Parsing took 0 ms 
445399     INFO  Test worker     d.u.i.k.n.KeyIO           MODE: declarations took 0 ms 
445399     INFO  Test worker     d.u.i.k.n.KeyIO           Parsing took 0 ms 
445399     INFO  Test worker     d.u.i.k.n.KeyIO           MODE: declarations took 0 ms 
445399     INFO  Test worker     d.u.i.k.n.KeyIO           Parsing took 0 ms 
445399     INFO  Test worker     d.u.i.k.n.KeyIO           MODE: declarations took 0 ms 
445399     INFO  Test worker     d.u.i.k.n.KeyIO           Parsing took 0 ms 
445399     INFO  Test worker     d.u.i.k.n.KeyIO           MODE: declarations took 0 ms 
448603     INFO  Test worker     d.u.i.k.n.KeyIO           Parsing took 0 ms 
448603     INFO  Test worker     d.u.i.k.n.KeyIO           MODE: declarations took 0 ms 
448603     INFO  Test worker     d.u.i.k.n.KeyIO           Parsing took 0 ms 
448603     INFO  Test worker     d.u.i.k.n.KeyIO           MODE: declarations took 0 ms 
448603     INFO  Test worker     d.u.i.k.n.KeyIO           Parsing took 0 ms 
448603     INFO  Test worker     d.u.i.k.n.KeyIO           MODE: declarations took 0 ms 
448603     INFO  Test worker     d.u.i.k.n.KeyIO           Parsing took 0 ms 
448603     INFO  Test worker     d.u.i.k.n.KeyIO           MODE: declarations took 0 ms 
448603     INFO  Test worker     d.u.i.k.n.KeyIO           Parsing took 0 ms 
448603     INFO  Test worker     d.u.i.k.n.KeyIO           MODE: declarations took 0 ms 
451773     INFO  Test worker     d.u.i.k.n.KeyIO           Parsing took 0 ms 
451773     INFO  Test worker     d.u.i.k.n.KeyIO           MODE: declarations took 0 ms 
451773     INFO  Test worker     d.u.i.k.n.KeyIO           Parsing took 0 ms 
451773     INFO  Test worker     d.u.i.k.n.KeyIO           MODE: declarations took 0 ms 
451773     INFO  Test worker     d.u.i.k.n.KeyIO           Parsing took 0 ms 
451773     INFO  Test worker     d.u.i.k.n.KeyIO           MODE: declarations took 0 ms 
451773     INFO  Test worker     d.u.i.k.n.KeyIO           Parsing took 0 ms 
451773     INFO  Test worker     d.u.i.k.n.KeyIO           MODE: declarations took 0 ms 
451773     INFO  Test worker     d.u.i.k.n.KeyIO           Parsing took 0 ms 
451773     INFO  Test worker     d.u.i.k.n.KeyIO           MODE: declarations took 0 ms 
454955     INFO  Test worker     d.u.i.k.n.KeyIO           Parsing took 0 ms 
454955     INFO  Test worker     d.u.i.k.n.KeyIO           MODE: declarations took 0 ms 
454955     INFO  Test worker     d.u.i.k.n.KeyIO           Parsing took 0 ms 
454955     INFO  Test worker     d.u.i.k.n.KeyIO           MODE: declarations took 0 ms 
454955     INFO  Test worker     d.u.i.k.n.KeyIO           Parsing took 0 ms 
454955     INFO  Test worker     d.u.i.k.n.KeyIO           MODE: declarations took 0 ms 
454955     INFO  Test worker     d.u.i.k.n.KeyIO           Parsing took 0 ms 
454955     INFO  Test worker     d.u.i.k.n.KeyIO           MODE: declarations took 0 ms 
454955     INFO  Test worker     d.u.i.k.n.KeyIO           Parsing took 0 ms 
454955     INFO  Test worker     d.u.i.k.n.KeyIO           MODE: declarations took 0 ms 
458168     INFO  Test worker     d.u.i.k.n.KeyIO           Parsing took 0 ms 
458168     INFO  Test worker     d.u.i.k.n.KeyIO           MODE: declarations took 0 ms 
458168     INFO  Test worker     d.u.i.k.n.KeyIO           Parsing took 0 ms 
458168     INFO  Test worker     d.u.i.k.n.KeyIO           MODE: declarations took 0 ms 
458168     INFO  Test worker     d.u.i.k.n.KeyIO           Parsing took 0 ms 
458168     INFO  Test worker     d.u.i.k.n.KeyIO           MODE: declarations took 0 ms 
458168     INFO  Test worker     d.u.i.k.n.KeyIO           Parsing took 0 ms 
458168     INFO  Test worker     d.u.i.k.n.KeyIO           MODE: declarations took 0 ms 
458168     INFO  Test worker     d.u.i.k.n.KeyIO           Parsing took 0 ms 
458168     INFO  Test worker     d.u.i.k.n.KeyIO           MODE: declarations took 0 ms 
461402     INFO  Test worker     d.u.i.k.n.KeyIO           Parsing took 0 ms 
461402     INFO  Test worker     d.u.i.k.n.KeyIO           MODE: declarations took 0 ms 
461402     INFO  Test worker     d.u.i.k.n.KeyIO           Parsing took 0 ms 
461402     INFO  Test worker     d.u.i.k.n.KeyIO           MODE: declarations took 0 ms 
461402     INFO  Test worker     d.u.i.k.n.KeyIO           Parsing took 0 ms 
461402     INFO  Test worker     d.u.i.k.n.KeyIO           MODE: declarations took 0 ms 
461402     INFO  Test worker     d.u.i.k.n.KeyIO           Parsing took 0 ms 
461402     INFO  Test worker     d.u.i.k.n.KeyIO           MODE: declarations took 0 ms 
461402     INFO  Test worker     d.u.i.k.n.KeyIO           Parsing took 0 ms 
461402     INFO  Test worker     d.u.i.k.n.KeyIO           MODE: declarations took 0 ms 
464607     INFO  Test worker     d.u.i.k.n.KeyIO           Parsing took 0 ms 
464607     INFO  Test worker     d.u.i.k.n.KeyIO           MODE: declarations took 0 ms 
464607     INFO  Test worker     d.u.i.k.n.KeyIO           Parsing took 0 ms 
464607     INFO  Test worker     d.u.i.k.n.KeyIO           MODE: declarations took 0 ms 
464607     INFO  Test worker     d.u.i.k.n.KeyIO           Parsing took 0 ms 
464607     INFO  Test worker     d.u.i.k.n.KeyIO           MODE: declarations took 0 ms 
464607     INFO  Test worker     d.u.i.k.n.KeyIO           Parsing took 0 ms 
464607     INFO  Test worker     d.u.i.k.n.KeyIO           MODE: declarations took 0 ms 
464607     INFO  Test worker     d.u.i.k.n.KeyIO           Parsing took 0 ms 
464607     INFO  Test worker     d.u.i.k.n.KeyIO           MODE: declarations took 0 ms 
467834     INFO  Test worker     d.u.i.k.n.KeyIO           Parsing took 0 ms 
467834     INFO  Test worker     d.u.i.k.n.KeyIO           MODE: declarations took 0 ms 
467834     INFO  Test worker     d.u.i.k.n.KeyIO           Parsing took 0 ms 
467834     INFO  Test worker     d.u.i.k.n.KeyIO           MODE: declarations took 0 ms 
467834     INFO  Test worker     d.u.i.k.n.KeyIO           Parsing took 0 ms 
467834     INFO  Test worker     d.u.i.k.n.KeyIO           MODE: declarations took 0 ms 
467834     INFO  Test worker     d.u.i.k.n.KeyIO           Parsing took 0 ms 
467834     INFO  Test worker     d.u.i.k.n.KeyIO           MODE: declarations took 0 ms 
467834     INFO  Test worker     d.u.i.k.n.KeyIO           Parsing took 0 ms 
467834     INFO  Test worker     d.u.i.k.n.KeyIO           MODE: declarations took 0 ms 
471010     INFO  Test worker     d.u.i.k.n.KeyIO           Parsing took 0 ms 
471010     INFO  Test worker     d.u.i.k.n.KeyIO           MODE: declarations took 0 ms 
471010     INFO  Test worker     d.u.i.k.n.KeyIO           Parsing took 0 ms 
471010     INFO  Test worker     d.u.i.k.n.KeyIO           MODE: declarations took 0 ms 
471010     INFO  Test worker     d.u.i.k.n.KeyIO           Parsing took 0 ms 
471010     INFO  Test worker     d.u.i.k.n.KeyIO           MODE: declarations took 0 ms 
471010     INFO  Test worker     d.u.i.k.n.KeyIO           Parsing took 0 ms 
471010     INFO  Test worker     d.u.i.k.n.KeyIO           MODE: declarations took 0 ms 
471010     INFO  Test worker     d.u.i.k.n.KeyIO           Parsing took 0 ms 
471010     INFO  Test worker     d.u.i.k.n.KeyIO           MODE: declarations took 0 ms 
474205     INFO  Test worker     d.u.i.k.n.KeyIO           Parsing took 0 ms 
474205     INFO  Test worker     d.u.i.k.n.KeyIO           MODE: declarations took 0 ms 
474205     INFO  Test worker     d.u.i.k.n.KeyIO           Parsing took 0 ms 
474205     INFO  Test worker     d.u.i.k.n.KeyIO           MODE: declarations took 0 ms 
474205     INFO  Test worker     d.u.i.k.n.KeyIO           Parsing took 0 ms 
474205     INFO  Test worker     d.u.i.k.n.KeyIO           MODE: declarations took 0 ms 
474205     INFO  Test worker     d.u.i.k.n.KeyIO           Parsing took 0 ms 
474205     INFO  Test worker     d.u.i.k.n.KeyIO           MODE: declarations took 0 ms 
474205     INFO  Test worker     d.u.i.k.n.KeyIO           Parsing took 0 ms 
474205     INFO  Test worker     d.u.i.k.n.KeyIO           MODE: declarations took 0 ms 
477495     INFO  Test worker     d.u.i.k.n.KeyIO           Parsing took 0 ms 
477495     INFO  Test worker     d.u.i.k.n.KeyIO           MODE: declarations took 0 ms 
477495     INFO  Test worker     d.u.i.k.n.KeyIO           Parsing took 0 ms 
477495     INFO  Test worker     d.u.i.k.n.KeyIO           MODE: declarations took 0 ms 
477495     INFO  Test worker     d.u.i.k.n.KeyIO           Parsing took 0 ms 
477495     INFO  Test worker     d.u.i.k.n.KeyIO           MODE: declarations took 0 ms 
477495     INFO  Test worker     d.u.i.k.n.KeyIO           Parsing took 0 ms 
477495     INFO  Test worker     d.u.i.k.n.KeyIO           MODE: declarations took 0 ms 
477495     INFO  Test worker     d.u.i.k.n.KeyIO           Parsing took 0 ms 
477495     INFO  Test worker     d.u.i.k.n.KeyIO           MODE: declarations took 0 ms 
480747     INFO  Test worker     d.u.i.k.n.KeyIO           Parsing took 0 ms 
480747     INFO  Test worker     d.u.i.k.n.KeyIO           MODE: declarations took 0 ms 
480747     INFO  Test worker     d.u.i.k.n.KeyIO           Parsing took 0 ms 
480747     INFO  Test worker     d.u.i.k.n.KeyIO           MODE: declarations took 0 ms 
480747     INFO  Test worker     d.u.i.k.n.KeyIO           Parsing took 0 ms 
480747     INFO  Test worker     d.u.i.k.n.KeyIO           MODE: declarations took 0 ms 
480747     INFO  Test worker     d.u.i.k.n.KeyIO           Parsing took 0 ms 
480747     INFO  Test worker     d.u.i.k.n.KeyIO           MODE: declarations took 0 ms 
480747     INFO  Test worker     d.u.i.k.n.KeyIO           Parsing took 0 ms 
480747     INFO  Test worker     d.u.i.k.n.KeyIO           MODE: declarations took 0 ms 
484002     INFO  Test worker     d.u.i.k.n.KeyIO           Parsing took 0 ms 
484002     INFO  Test worker     d.u.i.k.n.KeyIO           MODE: declarations took 0 ms 
484002     INFO  Test worker     d.u.i.k.n.KeyIO           Parsing took 0 ms 
484002     INFO  Test worker     d.u.i.k.n.KeyIO           MODE: declarations took 0 ms 
484002     INFO  Test worker     d.u.i.k.n.KeyIO           Parsing took 0 ms 
484002     INFO  Test worker     d.u.i.k.n.KeyIO           MODE: declarations took 0 ms 
484002     INFO  Test worker     d.u.i.k.n.KeyIO           Parsing took 0 ms 
484002     INFO  Test worker     d.u.i.k.n.KeyIO           MODE: declarations took 0 ms 
484002     INFO  Test worker     d.u.i.k.n.KeyIO           Parsing took 0 ms 
484002     INFO  Test worker     d.u.i.k.n.KeyIO           MODE: declarations took 0 ms 
487225     INFO  Test worker     d.u.i.k.n.KeyIO           Parsing took 0 ms 
487225     INFO  Test worker     d.u.i.k.n.KeyIO           MODE: declarations took 0 ms 
487225     INFO  Test worker     d.u.i.k.n.KeyIO           Parsing took 0 ms 
487225     INFO  Test worker     d.u.i.k.n.KeyIO           MODE: declarations took 0 ms 
487225     INFO  Test worker     d.u.i.k.n.KeyIO           Parsing took 0 ms 
487225     INFO  Test worker     d.u.i.k.n.KeyIO           MODE: declarations took 0 ms 
487225     INFO  Test worker     d.u.i.k.n.KeyIO           Parsing took 0 ms 
487225     INFO  Test worker     d.u.i.k.n.KeyIO           MODE: declarations took 0 ms 
487225     INFO  Test worker     d.u.i.k.n.KeyIO           Parsing took 0 ms 
487225     INFO  Test worker     d.u.i.k.n.KeyIO           MODE: declarations took 0 ms 
490440     INFO  Test worker     d.u.i.k.n.KeyIO           Parsing took 0 ms 
490440     INFO  Test worker     d.u.i.k.n.KeyIO           MODE: declarations took 0 ms 
490440     INFO  Test worker     d.u.i.k.n.KeyIO           Parsing took 0 ms 
490440     INFO  Test worker     d.u.i.k.n.KeyIO           MODE: declarations took 0 ms 
490440     INFO  Test worker     d.u.i.k.n.KeyIO           Parsing took 0 ms 
490440     INFO  Test worker     d.u.i.k.n.KeyIO           MODE: declarations took 0 ms 
490440     INFO  Test worker     d.u.i.k.n.KeyIO           Parsing took 0 ms 
490440     INFO  Test worker     d.u.i.k.n.KeyIO           MODE: declarations took 0 ms 
490440     INFO  Test worker     d.u.i.k.n.KeyIO           Parsing took 0 ms 
490440     INFO  Test worker     d.u.i.k.n.KeyIO           MODE: declarations took 0 ms 
]]></system-out>
  <system-err><![CDATA[]]></system-err>
</testsuite>
