<?xml version="1.0" encoding="UTF-8"?>
<testsuite name="de.uka.ilkd.key.logic.TestClashFreeSubst" tests="14" skipped="2" failures="0" errors="0" timestamp="2023-04-18T13:37:45" hostname="fv-az1113-707" time="62.937">
  <properties/>
  <testcase name="testMultiShareBound()" classname="de.uka.ilkd.key.logic.TestClashFreeSubst" time="2.086"/>
  <testcase name="testClash()" classname="de.uka.ilkd.key.logic.TestClashFreeSubst" time="1.063"/>
  <testcase name="testShare()" classname="de.uka.ilkd.key.logic.TestClashFreeSubst" time="1.051"/>
  <testcase name="testSubst()" classname="de.uka.ilkd.key.logic.TestClashFreeSubst" time="1.024"/>
  <testcase name="testWary0()" classname="de.uka.ilkd.key.logic.TestClashFreeSubst" time="1.017"/>
  <testcase name="testWary1()" classname="de.uka.ilkd.key.logic.TestClashFreeSubst" time="1.103"/>
  <testcase name="testWary2()" classname="de.uka.ilkd.key.logic.TestClashFreeSubst" time="1.043"/>
  <testcase name="testClashInSubstTerm()" classname="de.uka.ilkd.key.logic.TestClashFreeSubst" time="1.132"/>
  <testcase name="testShareWary()" classname="de.uka.ilkd.key.logic.TestClashFreeSubst" time="1.536"/>
  <testcase name="testMultiSubst()" classname="de.uka.ilkd.key.logic.TestClashFreeSubst" time="1.288"/>
  <testcase name="xtestMultiClash()" classname="de.uka.ilkd.key.logic.TestClashFreeSubst" time="0.0">
    <skipped/>
  </testcase>
  <testcase name="testSubstInSubstTerm()" classname="de.uka.ilkd.key.logic.TestClashFreeSubst" time="1.027"/>
  <testcase name="testSubstWary()" classname="de.uka.ilkd.key.logic.TestClashFreeSubst" time="1.07"/>
  <testcase name="xtestMultiClash1()" classname="de.uka.ilkd.key.logic.TestClashFreeSubst" time="0.0">
    <skipped/>
  </testcase>
  <system-out><![CDATA[42207      INFO  Test worker     d.u.i.k.n.KeyIO           Parsing took 0 ms 
42207      INFO  Test worker     d.u.i.k.n.KeyIO           MODE: declarations took 0 ms 
44291      INFO  Test worker     d.u.i.k.n.KeyIO           Parsing took 0 ms 
44291      INFO  Test worker     d.u.i.k.n.KeyIO           MODE: declarations took 0 ms 
48392      INFO  Test worker     d.u.i.k.n.KeyIO           Parsing took 0 ms 
48408      INFO  Test worker     d.u.i.k.n.KeyIO           MODE: declarations took 0 ms 
49446      INFO  Test worker     d.u.i.k.n.KeyIO           Parsing took 0 ms 
49461      INFO  Test worker     d.u.i.k.n.KeyIO           MODE: declarations took 0 ms 
53039      INFO  Test worker     d.u.i.k.n.KeyIO           Parsing took 0 ms 
53039      INFO  Test worker     d.u.i.k.n.KeyIO           MODE: declarations took 0 ms 
54091      INFO  Test worker     d.u.i.k.n.KeyIO           Parsing took 0 ms 
54091      INFO  Test worker     d.u.i.k.n.KeyIO           MODE: declarations took 0 ms 
57278      INFO  Test worker     d.u.i.k.n.KeyIO           Parsing took 0 ms 
57278      INFO  Test worker     d.u.i.k.n.KeyIO           MODE: declarations took 0 ms 
58287      INFO  Test worker     d.u.i.k.n.KeyIO           Parsing took 0 ms 
58287      INFO  Test worker     d.u.i.k.n.KeyIO           MODE: declarations took 0 ms 
61919      INFO  Test worker     d.u.i.k.n.KeyIO           Parsing took 0 ms 
61919      INFO  Test worker     d.u.i.k.n.KeyIO           MODE: declarations took 0 ms 
62918      INFO  Test worker     d.u.i.k.n.KeyIO           Parsing took 0 ms 
62918      INFO  Test worker     d.u.i.k.n.KeyIO           MODE: declarations took 0 ms 
66475      INFO  Test worker     d.u.i.k.n.KeyIO           Parsing took 0 ms 
66475      INFO  Test worker     d.u.i.k.n.KeyIO           MODE: declarations took 0 ms 
67577      INFO  Test worker     d.u.i.k.n.KeyIO           Parsing took 0 ms 
67577      INFO  Test worker     d.u.i.k.n.KeyIO           MODE: declarations took 0 ms 
70800      INFO  Test worker     d.u.i.k.n.KeyIO           Parsing took 0 ms 
70800      INFO  Test worker     d.u.i.k.n.KeyIO           MODE: declarations took 0 ms 
71842      INFO  Test worker     d.u.i.k.n.KeyIO           Parsing took 16 ms 
71842      INFO  Test worker     d.u.i.k.n.KeyIO           MODE: declarations took 0 ms 
75296      INFO  Test worker     d.u.i.k.n.KeyIO           Parsing took 0 ms 
75296      INFO  Test worker     d.u.i.k.n.KeyIO           MODE: declarations took 0 ms 
76409      INFO  Test worker     d.u.i.k.n.KeyIO           Parsing took 0 ms 
76409      INFO  Test worker     d.u.i.k.n.KeyIO           MODE: declarations took 0 ms 
80773      INFO  Test worker     d.u.i.k.n.KeyIO           Parsing took 0 ms 
80773      INFO  Test worker     d.u.i.k.n.KeyIO           MODE: declarations took 0 ms 
82305      INFO  Test worker     d.u.i.k.n.KeyIO           Parsing took 0 ms 
82305      INFO  Test worker     d.u.i.k.n.KeyIO           MODE: declarations took 0 ms 
86385      INFO  Test worker     d.u.i.k.n.KeyIO           Parsing took 0 ms 
86385      INFO  Test worker     d.u.i.k.n.KeyIO           MODE: declarations took 0 ms 
87652      INFO  Test worker     d.u.i.k.n.KeyIO           Parsing took 0 ms 
87652      INFO  Test worker     d.u.i.k.n.KeyIO           MODE: declarations took 0 ms 
95342      INFO  Test worker     d.u.i.k.n.KeyIO           Parsing took 0 ms 
95342      INFO  Test worker     d.u.i.k.n.KeyIO           MODE: declarations took 0 ms 
96358      INFO  Test worker     d.u.i.k.n.KeyIO           Parsing took 0 ms 
96373      INFO  Test worker     d.u.i.k.n.KeyIO           MODE: declarations took 0 ms 
100016     INFO  Test worker     d.u.i.k.n.KeyIO           Parsing took 0 ms 
100016     INFO  Test worker     d.u.i.k.n.KeyIO           MODE: declarations took 0 ms 
101079     INFO  Test worker     d.u.i.k.n.KeyIO           Parsing took 0 ms 
101079     INFO  Test worker     d.u.i.k.n.KeyIO           MODE: declarations took 0 ms 
]]></system-out>
  <system-err><![CDATA[]]></system-err>
</testsuite>
