<?xml version="1.0" encoding="UTF-8"?>
<testsuite name="de.uka.ilkd.key.parser.TestTermParserSorts" tests="2" skipped="0" failures="0" errors="0" timestamp="2023-04-18T13:45:16" hostname="fv-az1113-707" time="3.24">
  <properties/>
  <testcase name="testParseIntegerArgs()" classname="de.uka.ilkd.key.parser.TestTermParserSorts" time="0.015"/>
  <testcase name="testParseSequencePrettySyntax()" classname="de.uka.ilkd.key.parser.TestTermParserSorts" time="0.002"/>
  <system-out><![CDATA[493614     INFO  Test worker     d.u.i.k.n.KeyIO           Parsing took 0 ms 
493614     INFO  Test worker     d.u.i.k.n.KeyIO           MODE: declarations took 0 ms 
493614     INFO  Test worker     d.u.i.k.n.KeyIO           Parsing took 0 ms 
493614     INFO  Test worker     d.u.i.k.n.KeyIO           MODE: declarations took 0 ms 
493614     INFO  Test worker     d.u.i.k.n.KeyIO           Parsing took 0 ms 
493614     INFO  Test worker     d.u.i.k.n.KeyIO           MODE: declarations took 0 ms 
496852     INFO  Test worker     d.u.i.k.n.KeyIO           Parsing took 0 ms 
496852     INFO  Test worker     d.u.i.k.n.KeyIO           MODE: declarations took 0 ms 
496852     INFO  Test worker     d.u.i.k.n.KeyIO           Parsing took 0 ms 
496852     INFO  Test worker     d.u.i.k.n.KeyIO           MODE: declarations took 0 ms 
496852     INFO  Test worker     d.u.i.k.n.KeyIO           Parsing took 0 ms 
496852     INFO  Test worker     d.u.i.k.n.KeyIO           MODE: declarations took 0 ms 
]]></system-out>
  <system-err><![CDATA[]]></system-err>
</testsuite>
