<?xml version="1.0" encoding="UTF-8"?>
<testsuite name="de.uka.ilkd.key.speclang.ContractFactoryTest" tests="3" skipped="0" failures="0" errors="0" timestamp="2023-03-21T12:42:48" hostname="fv-az741-847" time="7.487">
  <properties/>
  <testcase name="testCombineDifferentAssignable()" classname="de.uka.ilkd.key.speclang.ContractFactoryTest" time="2.509"/>
  <testcase name="testCombineEmptyAssignable()" classname="de.uka.ilkd.key.speclang.ContractFactoryTest" time="2.491"/>
  <testcase name="testCombineEqualAssignable()" classname="de.uka.ilkd.key.speclang.ContractFactoryTest" time="2.487"/>
  <system-out><![CDATA[]]></system-out>
  <system-err><![CDATA[]]></system-err>
</testsuite>
