<?xml version="1.0" encoding="UTF-8"?>
<testsuite name="de.uka.ilkd.key.java.recoderext.TestEnumClassDeclaration" tests="3" skipped="0" failures="0" errors="0" timestamp="2023-03-21T12:32:31" hostname="fv-az741-847" time="0.017">
  <properties/>
  <testcase name="testTwo()" classname="de.uka.ilkd.key.java.recoderext.TestEnumClassDeclaration" time="0.01"/>
  <testcase name="test2Constr()" classname="de.uka.ilkd.key.java.recoderext.TestEnumClassDeclaration" time="0.001"/>
  <testcase name="testSimple()" classname="de.uka.ilkd.key.java.recoderext.TestEnumClassDeclaration" time="0.004"/>
  <system-out><![CDATA[]]></system-out>
  <system-err><![CDATA[]]></system-err>
</testsuite>
