<?xml version="1.0" encoding="UTF-8"?>
<testsuite name="de.uka.ilkd.key.util.removegenerics.TestClassDeclaration" tests="5" skipped="0" failures="0" errors="0" timestamp="2023-02-23T01:48:49" hostname="fv-az313-288" time="0.274">
  <properties/>
  <testcase name="testComparable()" classname="de.uka.ilkd.key.util.removegenerics.TestClassDeclaration" time="0.218"/>
  <testcase name="testClassDecl1()" classname="de.uka.ilkd.key.util.removegenerics.TestClassDeclaration" time="0.006"/>
  <testcase name="testOverriddenMethods()" classname="de.uka.ilkd.key.util.removegenerics.TestClassDeclaration" time="0.011"/>
  <testcase name="testInterfaceDecl1()" classname="de.uka.ilkd.key.util.removegenerics.TestClassDeclaration" time="0.003"/>
  <testcase name="testOveriddenMethods2()" classname="de.uka.ilkd.key.util.removegenerics.TestClassDeclaration" time="0.008"/>
  <system-out><![CDATA[01:48:49,358 |-INFO in ch.qos.logback.classic.LoggerContext[default] - Could NOT find resource [logback-test.xml]
01:48:49,358 |-INFO in ch.qos.logback.classic.LoggerContext[default] - Found resource [logback.xml] at [file:/home/runner/work/key/key/key.removegenerics/build/resources/test/logback.xml]
01:48:49,441 |-INFO in ch.qos.logback.classic.joran.action.ConfigurationAction - debug attribute not set
01:48:49,441 |-INFO in ch.qos.logback.core.joran.action.AppenderAction - About to instantiate appender of type [ch.qos.logback.core.ConsoleAppender]
01:48:49,446 |-INFO in ch.qos.logback.core.joran.action.AppenderAction - Naming appender as [STDOUT]
01:48:49,452 |-ERROR in ch.qos.logback.core.joran.spi.Interpreter@3:15 - no applicable action for [file], current ElementPath  is [[configuration][appender][file]]
01:48:49,452 |-ERROR in ch.qos.logback.core.joran.spi.Interpreter@4:17 - no applicable action for [append], current ElementPath  is [[configuration][appender][append]]
01:48:49,453 |-INFO in ch.qos.logback.core.joran.action.NestedComplexPropertyIA - Assuming default type [ch.qos.logback.classic.encoder.PatternLayoutEncoder] for [encoder] property
01:48:49,469 |-INFO in ch.qos.logback.classic.joran.action.RootLoggerAction - Setting level of ROOT logger to WARN
01:48:49,469 |-INFO in ch.qos.logback.core.joran.action.AppenderRefAction - Attaching appender named [STDOUT] to Logger[ROOT]
01:48:49,469 |-INFO in ch.qos.logback.classic.joran.action.ConfigurationAction - End of configuration.
01:48:49,470 |-INFO in ch.qos.logback.classic.joran.JoranConfigurator@23c388c2 - Registering current configuration as safe fallback point

]]></system-out>
  <system-err><![CDATA[]]></system-err>
</testsuite>
