<?xml version="1.0" encoding="UTF-8"?>
<testsuite name="de.uka.ilkd.key.parser.TestDeclParser" tests="14" skipped="2" failures="0" errors="0" timestamp="2023-05-02T18:06:25" hostname="fv-az797-682" time="12.245">
  <properties/>
  <testcase name="testGenericSortDecl1()" classname="de.uka.ilkd.key.parser.TestDeclParser" time="1.074"/>
  <testcase name="testGenericSortDecl2()" classname="de.uka.ilkd.key.parser.TestDeclParser" time="1.043"/>
  <testcase name="testGenericSortDecl3()" classname="de.uka.ilkd.key.parser.TestDeclParser" time="1.047"/>
  <testcase name="testGenericSortDecl4()" classname="de.uka.ilkd.key.parser.TestDeclParser" time="0.992"/>
  <testcase name="testGenericSortDecl5()" classname="de.uka.ilkd.key.parser.TestDeclParser" time="0.0">
    <skipped/>
  </testcase>
  <testcase name="testGenericSortDecl6()" classname="de.uka.ilkd.key.parser.TestDeclParser" time="1.061"/>
  <testcase name="testSortDecl()" classname="de.uka.ilkd.key.parser.TestDeclParser" time="1.048"/>
  <testcase name="testProxySortDecl()" classname="de.uka.ilkd.key.parser.TestDeclParser" time="1.025"/>
  <testcase name="testArrayDecl()" classname="de.uka.ilkd.key.parser.TestDeclParser" time="0.961"/>
  <testcase name="testAmbiguousDecls()" classname="de.uka.ilkd.key.parser.TestDeclParser" time="0.0">
    <skipped/>
  </testcase>
  <testcase name="testHeurDecl()" classname="de.uka.ilkd.key.parser.TestDeclParser" time="1.005"/>
  <testcase name="testFunctionDecl()" classname="de.uka.ilkd.key.parser.TestDeclParser" time="1.007"/>
  <testcase name="testPredicateDecl()" classname="de.uka.ilkd.key.parser.TestDeclParser" time="1.021"/>
  <testcase name="testSVDecl()" classname="de.uka.ilkd.key.parser.TestDeclParser" time="0.955"/>
  <system-out><![CDATA[240109     INFO  Test worker     d.u.i.k.n.KeyIO           Parsing took 1 ms 
240109     DEBUG Test worker     d.u.i.k.n.KeyIO           Load declarations of de.uka.ilkd.key.nparser.KeyAst$File:  <unknown>:1#1 
240110     INFO  Test worker     d.u.i.k.n.KeyIO           MODE: declarations took 1 ms 
240110     DEBUG Test worker     d.u.i.k.n.KeyIO           MODE: 2nd degree decls took 0 
240110     DEBUG Test worker     d.u.i.k.n.KeyIO           MODE: taclets took 0ms 
241153     INFO  Test worker     d.u.i.k.n.KeyIO           Parsing took 0 ms 
241154     DEBUG Test worker     d.u.i.k.n.KeyIO           Load declarations of de.uka.ilkd.key.nparser.KeyAst$File:  <unknown>:1#1 
241155     INFO  Test worker     d.u.i.k.n.KeyIO           MODE: declarations took 1 ms 
241155     DEBUG Test worker     d.u.i.k.n.KeyIO           MODE: 2nd degree decls took 0 
241155     DEBUG Test worker     d.u.i.k.n.KeyIO           MODE: taclets took 0ms 
242203     INFO  Test worker     d.u.i.k.n.KeyIO           Parsing took 0 ms 
242203     DEBUG Test worker     d.u.i.k.n.KeyIO           Load declarations of de.uka.ilkd.key.nparser.KeyAst$File:  <unknown>:1#1 
242203     INFO  Test worker     d.u.i.k.n.KeyIO           MODE: declarations took 0 ms 
242203     DEBUG Test worker     d.u.i.k.n.KeyIO           MODE: 2nd degree decls took 0 
242203     DEBUG Test worker     d.u.i.k.n.KeyIO           MODE: taclets took 0ms 
243195     INFO  Test worker     d.u.i.k.n.KeyIO           Parsing took 1 ms 
243195     DEBUG Test worker     d.u.i.k.n.KeyIO           Load declarations of de.uka.ilkd.key.nparser.KeyAst$File:  <unknown>:1#1 
243195     INFO  Test worker     d.u.i.k.n.KeyIO           MODE: declarations took 0 ms 
243195     DEBUG Test worker     d.u.i.k.n.KeyIO           MODE: 2nd degree decls took 0 
243195     DEBUG Test worker     d.u.i.k.n.KeyIO           MODE: taclets took 0ms 
244257     INFO  Test worker     d.u.i.k.n.KeyIO           Parsing took 0 ms 
244257     DEBUG Test worker     d.u.i.k.n.KeyIO           Load declarations of de.uka.ilkd.key.nparser.KeyAst$File:  <unknown>:1#1 
244257     INFO  Test worker     d.u.i.k.n.KeyIO           MODE: declarations took 0 ms 
244257     DEBUG Test worker     d.u.i.k.n.KeyIO           MODE: 2nd degree decls took 0 
244257     DEBUG Test worker     d.u.i.k.n.KeyIO           MODE: taclets took 0ms 
245305     INFO  Test worker     d.u.i.k.n.KeyIO           Parsing took 0 ms 
245305     DEBUG Test worker     d.u.i.k.n.KeyIO           Load declarations of de.uka.ilkd.key.nparser.KeyAst$File:  <unknown>:1#1 
245305     INFO  Test worker     d.u.i.k.n.KeyIO           MODE: declarations took 0 ms 
245305     DEBUG Test worker     d.u.i.k.n.KeyIO           MODE: 2nd degree decls took 0 
245305     DEBUG Test worker     d.u.i.k.n.KeyIO           MODE: taclets took 0ms 
246327     INFO  Test worker     d.u.i.k.n.KeyIO           Parsing took 0 ms 
246328     DEBUG Test worker     d.u.i.k.n.KeyIO           Load declarations of de.uka.ilkd.key.nparser.KeyAst$File:  <unknown>:1#1 
246330     INFO  Test worker     d.u.i.k.n.KeyIO           MODE: declarations took 2 ms 
246331     DEBUG Test worker     d.u.i.k.n.KeyIO           MODE: 2nd degree decls took 0 
246331     DEBUG Test worker     d.u.i.k.n.KeyIO           MODE: taclets took 0ms 
247291     INFO  Test worker     d.u.i.k.n.KeyIO           Parsing took 0 ms 
247291     DEBUG Test worker     d.u.i.k.n.KeyIO           Load declarations of de.uka.ilkd.key.nparser.KeyAst$File:  <unknown>:1#1 
247291     INFO  Test worker     d.u.i.k.n.KeyIO           MODE: declarations took 0 ms 
247292     DEBUG Test worker     d.u.i.k.n.KeyIO           MODE: 2nd degree decls took 1 
247292     DEBUG Test worker     d.u.i.k.n.KeyIO           MODE: taclets took 0ms 
248297     INFO  Test worker     d.u.i.k.n.KeyIO           Parsing took 0 ms 
248297     DEBUG Test worker     d.u.i.k.n.KeyIO           Load declarations of de.uka.ilkd.key.nparser.KeyAst$File:  <unknown>:1#1 
248298     INFO  Test worker     d.u.i.k.n.KeyIO           MODE: declarations took 1 ms 
248298     DEBUG Test worker     d.u.i.k.n.KeyIO           MODE: 2nd degree decls took 0 
248298     DEBUG Test worker     d.u.i.k.n.KeyIO           MODE: taclets took 0ms 
249304     INFO  Test worker     d.u.i.k.n.KeyIO           Parsing took 1 ms 
249304     DEBUG Test worker     d.u.i.k.n.KeyIO           Load declarations of de.uka.ilkd.key.nparser.KeyAst$File:  <unknown>:1#1 
249305     INFO  Test worker     d.u.i.k.n.KeyIO           MODE: declarations took 1 ms 
249305     DEBUG Test worker     d.u.i.k.n.KeyIO           MODE: 2nd degree decls took 0 
249306     DEBUG Test worker     d.u.i.k.n.KeyIO           MODE: taclets took 0ms 
250326     INFO  Test worker     d.u.i.k.n.KeyIO           Parsing took 0 ms 
250326     DEBUG Test worker     d.u.i.k.n.KeyIO           Load declarations of de.uka.ilkd.key.nparser.KeyAst$File:  <unknown>:1#1 
250326     INFO  Test worker     d.u.i.k.n.KeyIO           MODE: declarations took 0 ms 
250326     DEBUG Test worker     d.u.i.k.n.KeyIO           MODE: 2nd degree decls took 0 
250327     DEBUG Test worker     d.u.i.k.n.KeyIO           MODE: taclets took 0ms 
251281     INFO  Test worker     d.u.i.k.n.KeyIO           Parsing took 0 ms 
251281     DEBUG Test worker     d.u.i.k.n.KeyIO           Load declarations of de.uka.ilkd.key.nparser.KeyAst$File:  <unknown>:1#1 
251281     INFO  Test worker     d.u.i.k.n.KeyIO           MODE: declarations took 0 ms 
251281     DEBUG Test worker     d.u.i.k.n.KeyIO           MODE: 2nd degree decls took 0 
251281     DEBUG Test worker     d.u.i.k.n.KeyIO           MODE: taclets took 0ms 
]]></system-out>
  <system-err><![CDATA[]]></system-err>
</testsuite>
