<?xml version="1.0" encoding="UTF-8"?>
<testsuite name="de.uka.ilkd.key.parser.TestTermParserSorts" tests="2" skipped="0" failures="0" errors="0" timestamp="2023-05-02T18:10:19" hostname="fv-az797-682" time="3.249">
  <properties/>
  <testcase name="testParseIntegerArgs()" classname="de.uka.ilkd.key.parser.TestTermParserSorts" time="0.013"/>
  <testcase name="testParseSequencePrettySyntax()" classname="de.uka.ilkd.key.parser.TestTermParserSorts" time="0.002"/>
  <system-out><![CDATA[473000     INFO  Test worker     d.u.i.k.n.KeyIO           Parsing took 0 ms 
473001     DEBUG Test worker     d.u.i.k.n.KeyIO           Load declarations of de.uka.ilkd.key.nparser.KeyAst$File:  <unknown>:1#1 
473001     INFO  Test worker     d.u.i.k.n.KeyIO           MODE: declarations took 0 ms 
473001     DEBUG Test worker     d.u.i.k.n.KeyIO           MODE: 2nd degree decls took 0 
473001     INFO  Test worker     d.u.i.k.n.KeyIO           Parsing took 0 ms 
473001     DEBUG Test worker     d.u.i.k.n.KeyIO           Load declarations of de.uka.ilkd.key.nparser.KeyAst$File:  <unknown>:1#1 
473001     INFO  Test worker     d.u.i.k.n.KeyIO           MODE: declarations took 0 ms 
473001     DEBUG Test worker     d.u.i.k.n.KeyIO           MODE: 2nd degree decls took 0 
473001     INFO  Test worker     d.u.i.k.n.KeyIO           Parsing took 0 ms 
473001     DEBUG Test worker     d.u.i.k.n.KeyIO           Load declarations of de.uka.ilkd.key.nparser.KeyAst$File:  <unknown>:1#1 
473001     INFO  Test worker     d.u.i.k.n.KeyIO           MODE: declarations took 0 ms 
473001     DEBUG Test worker     d.u.i.k.n.KeyIO           MODE: 2nd degree decls took 0 
476248     INFO  Test worker     d.u.i.k.n.KeyIO           Parsing took 0 ms 
476248     DEBUG Test worker     d.u.i.k.n.KeyIO           Load declarations of de.uka.ilkd.key.nparser.KeyAst$File:  <unknown>:1#1 
476248     INFO  Test worker     d.u.i.k.n.KeyIO           MODE: declarations took 0 ms 
476248     DEBUG Test worker     d.u.i.k.n.KeyIO           MODE: 2nd degree decls took 0 
476248     INFO  Test worker     d.u.i.k.n.KeyIO           Parsing took 0 ms 
476248     DEBUG Test worker     d.u.i.k.n.KeyIO           Load declarations of de.uka.ilkd.key.nparser.KeyAst$File:  <unknown>:1#1 
476248     INFO  Test worker     d.u.i.k.n.KeyIO           MODE: declarations took 0 ms 
476248     DEBUG Test worker     d.u.i.k.n.KeyIO           MODE: 2nd degree decls took 0 
476248     INFO  Test worker     d.u.i.k.n.KeyIO           Parsing took 0 ms 
476248     DEBUG Test worker     d.u.i.k.n.KeyIO           Load declarations of de.uka.ilkd.key.nparser.KeyAst$File:  <unknown>:1#1 
476248     INFO  Test worker     d.u.i.k.n.KeyIO           MODE: declarations took 0 ms 
476248     DEBUG Test worker     d.u.i.k.n.KeyIO           MODE: 2nd degree decls took 0 
]]></system-out>
  <system-err><![CDATA[]]></system-err>
</testsuite>
